<?xml version="1.0" encoding="UTF-8"?>
<testsuite name="org.waldreg.schedule.ScheduleServiceTest" tests="25" skipped="0" failures="0" errors="0" timestamp="2023-06-27T14:36:59" hostname="xb-apple.local" time="0.091">
  <properties/>
  <testcase name="특정 일정 조회 성공 테스트" classname="org.waldreg.schedule.ScheduleServiceTest" time="0.016"/>
  <testcase name="일정 수정 실패 테스트 - 날짜가 잘못된 형식일 때" classname="org.waldreg.schedule.ScheduleServiceTest" time="0.005"/>
  <testcase name="일정 수정 실패 테스트 - schedule_content가 1000자를 넘을 때" classname="org.waldreg.schedule.ScheduleServiceTest" time="0.003"/>
  <testcase name="일정 조회 실패 테스트 - 잘못된 year, month" classname="org.waldreg.schedule.ScheduleServiceTest" time="0.002"/>
  <testcase name="일정 수정 실패 테스트 - schedule_title가 1000자를 넘을 때" classname="org.waldreg.schedule.ScheduleServiceTest" time="0.002"/>
  <testcase name="일정 삭제 실패 테스트 - 잘못된 id" classname="org.waldreg.schedule.ScheduleServiceTest" time="0.003"/>
  <testcase name="일정 조회 성공 테스트" classname="org.waldreg.schedule.ScheduleServiceTest" time="0.002"/>
  <testcase name="새로운 일정 생성 실패 테스트 - schedule_content가 1000자 초과" classname="org.waldreg.schedule.ScheduleServiceTest" time="0.004"/>
  <testcase name="일정 수정 실패 테스트 - 없는 schedule" classname="org.waldreg.schedule.ScheduleServiceTest" time="0.002"/>
  <testcase name="새로운 일정 생성 실패 테스트 - year가 2000보다 작을 때" classname="org.waldreg.schedule.ScheduleServiceTest" time="0.003"/>
  <testcase name="새로운 일정 생성 실패 테스트 - 잘못된 날짜 형식" classname="org.waldreg.schedule.ScheduleServiceTest" time="0.002"/>
  <testcase name="일정 수정 실패 테스트 - 잘못된 cycle" classname="org.waldreg.schedule.ScheduleServiceTest" time="0.002"/>
  <testcase name="새로운 일정 생성 실패 테스트 - 반복 종료 날짜가 일정의 종료일보다 빠른 경우" classname="org.waldreg.schedule.ScheduleServiceTest" time="0.002"/>
  <testcase name="일정 수정 성공 테스트" classname="org.waldreg.schedule.ScheduleServiceTest" time="0.002"/>
  <testcase name="일정 삭제 성공 테스트" classname="org.waldreg.schedule.ScheduleServiceTest" time="0.002"/>
  <testcase name="새로운 일정 생성 성공 테스트 - 반복 없을 때" classname="org.waldreg.schedule.ScheduleServiceTest" time="0.001"/>
  <testcase name="일정 수정 실패 테스트 - 년도가 2000 미만일 때" classname="org.waldreg.schedule.ScheduleServiceTest" time="0.002"/>
  <testcase name="일정 수정 실패 테스트 - 반복 종료 날짜가 일정 시작 날짜 혹은 끝 날짜보다 앞설 때" classname="org.waldreg.schedule.ScheduleServiceTest" time="0.003"/>
  <testcase name="일정 수정 실패 테스트 - 일정 종료 날짜가 시작 날짜를 앞설 때" classname="org.waldreg.schedule.ScheduleServiceTest" time="0.003"/>
  <testcase name="새로운 일정 생성 성공 테스트 - 반복 있을 때" classname="org.waldreg.schedule.ScheduleServiceTest" time="0.001"/>
  <testcase name="일정 수정 실패 테스트 - 반복 종료 날짜가 잘못된 형식일 때" classname="org.waldreg.schedule.ScheduleServiceTest" time="0.002"/>
  <testcase name="특정 일정 조회 실패 테스트 - 없는 schedule" classname="org.waldreg.schedule.ScheduleServiceTest" time="0.001"/>
  <testcase name="새로운 일정 생성 실패 테스트 - schedule_title가 1000자 초과" classname="org.waldreg.schedule.ScheduleServiceTest" time="0.001"/>
  <testcase name="새로운 일정 생성 실패 테스트 - 일정 끝 날짜가 일정 시작 날짜보다 앞섬" classname="org.waldreg.schedule.ScheduleServiceTest" time="0.002"/>
  <testcase name="새로운 일정 생성 실패 테스트 - 잘못된 cycle" classname="org.waldreg.schedule.ScheduleServiceTest" time="0.001"/>
  <system-out><![CDATA[23:36:58.753 [Test worker] DEBUG org.springframework.test.context.BootstrapUtils - Instantiating CacheAwareContextLoaderDelegate from class [org.springframework.test.context.cache.DefaultCacheAwareContextLoaderDelegate]
23:36:58.756 [Test worker] DEBUG org.springframework.test.context.BootstrapUtils - Instantiating BootstrapContext using constructor [public org.springframework.test.context.support.DefaultBootstrapContext(java.lang.Class,org.springframework.test.context.CacheAwareContextLoaderDelegate)]
23:36:58.764 [Test worker] DEBUG org.springframework.test.context.BootstrapUtils - Instantiating TestContextBootstrapper for test class [org.waldreg.schedule.ScheduleServiceTest] from class [org.springframework.test.context.support.DefaultTestContextBootstrapper]
23:36:58.770 [Test worker] DEBUG org.springframework.test.context.support.AbstractDelegatingSmartContextLoader - Delegating to AnnotationConfigContextLoader to process context configuration [ContextConfigurationAttributes@4416d64f declaringClass = 'org.waldreg.schedule.ScheduleServiceTest', classes = '{class org.waldreg.schedule.management.DefaultScheduleManager}', locations = '{}', inheritLocations = true, initializers = '{}', inheritInitializers = true, name = [null], contextLoaderClass = 'org.springframework.test.context.ContextLoader'].
23:36:58.785 [Test worker] DEBUG org.springframework.test.context.support.ActiveProfilesUtils - Could not find an 'annotation declaring class' for annotation type [org.springframework.test.context.ActiveProfiles] and class [org.waldreg.schedule.ScheduleServiceTest]
23:36:58.785 [Test worker] DEBUG org.springframework.test.context.support.DefaultTestContextBootstrapper - @TestExecutionListeners is not present for class [org.waldreg.schedule.ScheduleServiceTest]: using defaults.
23:36:58.785 [Test worker] INFO org.springframework.test.context.support.DefaultTestContextBootstrapper - Loaded default TestExecutionListener class names from location [META-INF/spring.factories]: [org.springframework.boot.test.autoconfigure.restdocs.RestDocsTestExecutionListener, org.springframework.boot.test.autoconfigure.web.client.MockRestServiceServerResetTestExecutionListener, org.springframework.boot.test.autoconfigure.web.servlet.MockMvcPrintOnlyOnFailureTestExecutionListener, org.springframework.boot.test.autoconfigure.web.servlet.WebDriverTestExecutionListener, org.springframework.boot.test.autoconfigure.webservices.client.MockWebServiceServerTestExecutionListener, org.springframework.boot.test.mock.mockito.MockitoTestExecutionListener, org.springframework.boot.test.mock.mockito.ResetMocksTestExecutionListener, org.springframework.test.context.web.ServletTestExecutionListener, org.springframework.test.context.support.DirtiesContextBeforeModesTestExecutionListener, org.springframework.test.context.event.ApplicationEventsTestExecutionListener, org.springframework.test.context.support.DependencyInjectionTestExecutionListener, org.springframework.test.context.support.DirtiesContextTestExecutionListener, org.springframework.test.context.transaction.TransactionalTestExecutionListener, org.springframework.test.context.jdbc.SqlScriptsTestExecutionListener, org.springframework.test.context.event.EventPublishingTestExecutionListener]
23:36:58.788 [Test worker] DEBUG org.springframework.test.context.support.DefaultTestContextBootstrapper - Skipping candidate TestExecutionListener [org.springframework.test.context.transaction.TransactionalTestExecutionListener] due to a missing dependency. Specify custom listener classes or make the default listener classes and their required dependencies available. Offending class: [org/springframework/transaction/interceptor/TransactionAttributeSource]
23:36:58.788 [Test worker] DEBUG org.springframework.test.context.support.DefaultTestContextBootstrapper - Skipping candidate TestExecutionListener [org.springframework.test.context.jdbc.SqlScriptsTestExecutionListener] due to a missing dependency. Specify custom listener classes or make the default listener classes and their required dependencies available. Offending class: [org/springframework/transaction/interceptor/TransactionAttribute]
23:36:58.788 [Test worker] INFO org.springframework.test.context.support.DefaultTestContextBootstrapper - Using TestExecutionListeners: [org.springframework.test.context.web.ServletTestExecutionListener@6b88ca8c, org.springframework.test.context.support.DirtiesContextBeforeModesTestExecutionListener@336f1079, org.springframework.test.context.event.ApplicationEventsTestExecutionListener@2f16c6b3, org.springframework.boot.test.mock.mockito.MockitoTestExecutionListener@34158c08, org.springframework.test.context.support.DependencyInjectionTestExecutionListener@19e4fcac, org.springframework.test.context.support.DirtiesContextTestExecutionListener@52c3cb31, org.springframework.test.context.event.EventPublishingTestExecutionListener@4b79ac84, org.springframework.boot.test.autoconfigure.restdocs.RestDocsTestExecutionListener@53941c2f, org.springframework.boot.test.autoconfigure.web.client.MockRestServiceServerResetTestExecutionListener@6dab9b6d, org.springframework.boot.test.autoconfigure.web.servlet.MockMvcPrintOnlyOnFailureTestExecutionListener@21fd5faa, org.springframework.boot.test.autoconfigure.web.servlet.WebDriverTestExecutionListener@2766ca9d, org.springframework.boot.test.autoconfigure.webservices.client.MockWebServiceServerTestExecutionListener@5460cf3a, org.springframework.boot.test.mock.mockito.ResetMocksTestExecutionListener@65a15628]
23:36:58.789 [Test worker] DEBUG org.springframework.test.context.support.AbstractDirtiesContextTestExecutionListener - Before test class: context [DefaultTestContext@1c481ff2 testClass = ScheduleServiceTest, testInstance = [null], testMethod = [null], testException = [null], mergedContextConfiguration = [MergedContextConfiguration@72437d8d testClass = ScheduleServiceTest, locations = '{}', classes = '{class org.waldreg.schedule.management.DefaultScheduleManager}', contextInitializerClasses = '[]', activeProfiles = '{}', propertySourceLocations = '{}', propertySourceProperties = '{}', contextCustomizers = set[org.springframework.boot.test.autoconfigure.actuate.metrics.MetricsExportContextCustomizerFactory$DisableMetricExportContextCustomizer@181e731e, org.springframework.boot.test.autoconfigure.properties.PropertyMappingContextCustomizer@0, org.springframework.boot.test.autoconfigure.web.servlet.WebDriverContextCustomizerFactory$Customizer@479460a6, org.springframework.boot.test.context.filter.ExcludeFilterContextCustomizer@68702e03, org.springframework.boot.test.json.DuplicateJsonObjectContextCustomizerFactory$DuplicateJsonObjectContextCustomizer@338c99c8, org.springframework.boot.test.mock.mockito.MockitoContextCustomizer@ad3122e0], contextLoader = 'org.springframework.test.context.support.DelegatingSmartContextLoader', parent = [null]], attributes = map[[empty]]], class annotated with @DirtiesContext [false] with mode [null].
23:36:58.793 [Test worker] DEBUG org.springframework.test.context.support.AbstractDelegatingSmartContextLoader - Delegating to AnnotationConfigContextLoader to load context from [MergedContextConfiguration@72437d8d testClass = ScheduleServiceTest, locations = '{}', classes = '{class org.waldreg.schedule.management.DefaultScheduleManager}', contextInitializerClasses = '[]', activeProfiles = '{}', propertySourceLocations = '{}', propertySourceProperties = '{}', contextCustomizers = set[org.springframework.boot.test.autoconfigure.actuate.metrics.MetricsExportContextCustomizerFactory$DisableMetricExportContextCustomizer@181e731e, org.springframework.boot.test.autoconfigure.properties.PropertyMappingContextCustomizer@0, org.springframework.boot.test.autoconfigure.web.servlet.WebDriverContextCustomizerFactory$Customizer@479460a6, org.springframework.boot.test.context.filter.ExcludeFilterContextCustomizer@68702e03, org.springframework.boot.test.json.DuplicateJsonObjectContextCustomizerFactory$DuplicateJsonObjectContextCustomizer@338c99c8, org.springframework.boot.test.mock.mockito.MockitoContextCustomizer@ad3122e0], contextLoader = 'org.springframework.test.context.support.DelegatingSmartContextLoader', parent = [null]].
23:36:58.793 [Test worker] DEBUG org.springframework.test.context.support.AbstractGenericContextLoader - Loading ApplicationContext for merged context configuration [[MergedContextConfiguration@72437d8d testClass = ScheduleServiceTest, locations = '{}', classes = '{class org.waldreg.schedule.management.DefaultScheduleManager}', contextInitializerClasses = '[]', activeProfiles = '{}', propertySourceLocations = '{}', propertySourceProperties = '{}', contextCustomizers = set[org.springframework.boot.test.autoconfigure.actuate.metrics.MetricsExportContextCustomizerFactory$DisableMetricExportContextCustomizer@181e731e, org.springframework.boot.test.autoconfigure.properties.PropertyMappingContextCustomizer@0, org.springframework.boot.test.autoconfigure.web.servlet.WebDriverContextCustomizerFactory$Customizer@479460a6, org.springframework.boot.test.context.filter.ExcludeFilterContextCustomizer@68702e03, org.springframework.boot.test.json.DuplicateJsonObjectContextCustomizerFactory$DuplicateJsonObjectContextCustomizer@338c99c8, org.springframework.boot.test.mock.mockito.MockitoContextCustomizer@ad3122e0], contextLoader = 'org.springframework.test.context.support.DelegatingSmartContextLoader', parent = [null]]].
23:36:58.803 [Test worker] DEBUG org.springframework.core.env.StandardEnvironment - Activating profiles []
23:36:58.803 [Test worker] DEBUG org.springframework.test.context.support.AnnotationConfigContextLoader - Registering component classes: {class org.waldreg.schedule.management.DefaultScheduleManager}
23:36:58.814 [Test worker] DEBUG org.springframework.context.support.GenericApplicationContext - Refreshing org.springframework.context.support.GenericApplicationContext@3a12c404
23:36:58.816 [Test worker] DEBUG org.springframework.beans.factory.support.DefaultListableBeanFactory - Creating shared instance of singleton bean 'org.springframework.context.annotation.internalConfigurationAnnotationProcessor'
23:36:58.825 [Test worker] DEBUG org.springframework.beans.factory.support.DefaultListableBeanFactory - Creating shared instance of singleton bean 'org.springframework.boot.test.mock.mockito.MockitoPostProcessor'
23:36:58.983 [Test worker] DEBUG org.springframework.beans.factory.support.DefaultListableBeanFactory - Creating shared instance of singleton bean 'org.springframework.context.event.internalEventListenerProcessor'
23:36:58.983 [Test worker] DEBUG org.springframework.beans.factory.support.DefaultListableBeanFactory - Creating shared instance of singleton bean 'org.springframework.context.event.internalEventListenerFactory'
23:36:58.984 [Test worker] DEBUG org.springframework.beans.factory.support.DefaultListableBeanFactory - Creating shared instance of singleton bean 'org.springframework.context.annotation.internalAutowiredAnnotationProcessor'
23:36:58.984 [Test worker] DEBUG org.springframework.beans.factory.support.DefaultListableBeanFactory - Creating shared instance of singleton bean 'org.springframework.context.annotation.internalCommonAnnotationProcessor'
23:36:58.986 [Test worker] DEBUG org.springframework.beans.factory.support.DefaultListableBeanFactory - Creating shared instance of singleton bean 'org.springframework.boot.test.mock.mockito.MockitoPostProcessor$SpyPostProcessor'
23:36:58.989 [Test worker] DEBUG org.springframework.beans.factory.support.DefaultListableBeanFactory - Creating shared instance of singleton bean 'defaultScheduleManager'
23:36:58.993 [Test worker] DEBUG org.springframework.beans.factory.support.DefaultListableBeanFactory - Autowiring by type from bean name 'defaultScheduleManager' via constructor to bean named 'org.waldreg.schedule.spi.ScheduleRepository#0'
23:36:59.001 [Test worker] DEBUG org.springframework.test.context.cache.DefaultCacheAwareContextLoaderDelegate - Storing ApplicationContext [974308356] in cache under key [[MergedContextConfiguration@72437d8d testClass = ScheduleServiceTest, locations = '{}', classes = '{class org.waldreg.schedule.management.DefaultScheduleManager}', contextInitializerClasses = '[]', activeProfiles = '{}', propertySourceLocations = '{}', propertySourceProperties = '{}', contextCustomizers = set[org.springframework.boot.test.autoconfigure.actuate.metrics.MetricsExportContextCustomizerFactory$DisableMetricExportContextCustomizer@181e731e, org.springframework.boot.test.autoconfigure.properties.PropertyMappingContextCustomizer@0, org.springframework.boot.test.autoconfigure.web.servlet.WebDriverContextCustomizerFactory$Customizer@479460a6, org.springframework.boot.test.context.filter.ExcludeFilterContextCustomizer@68702e03, org.springframework.boot.test.json.DuplicateJsonObjectContextCustomizerFactory$DuplicateJsonObjectContextCustomizer@338c99c8, org.springframework.boot.test.mock.mockito.MockitoContextCustomizer@ad3122e0], contextLoader = 'org.springframework.test.context.support.DelegatingSmartContextLoader', parent = [null]]]
23:36:59.001 [Test worker] DEBUG org.springframework.test.context.cache - Spring test ApplicationContext cache statistics: [DefaultContextCache@743c6ce4 size = 1, maxSize = 32, parentContextCount = 0, hitCount = 0, missCount = 1]
23:36:59.002 [Test worker] DEBUG org.springframework.test.context.support.DependencyInjectionTestExecutionListener - Performing dependency injection for test context [[DefaultTestContext@1c481ff2 testClass = ScheduleServiceTest, testInstance = org.waldreg.schedule.ScheduleServiceTest@15e0fe05, testMethod = [null], testException = [null], mergedContextConfiguration = [MergedContextConfiguration@72437d8d testClass = ScheduleServiceTest, locations = '{}', classes = '{class org.waldreg.schedule.management.DefaultScheduleManager}', contextInitializerClasses = '[]', activeProfiles = '{}', propertySourceLocations = '{}', propertySourceProperties = '{}', contextCustomizers = set[org.springframework.boot.test.autoconfigure.actuate.metrics.MetricsExportContextCustomizerFactory$DisableMetricExportContextCustomizer@181e731e, org.springframework.boot.test.autoconfigure.properties.PropertyMappingContextCustomizer@0, org.springframework.boot.test.autoconfigure.web.servlet.WebDriverContextCustomizerFactory$Customizer@479460a6, org.springframework.boot.test.context.filter.ExcludeFilterContextCustomizer@68702e03, org.springframework.boot.test.json.DuplicateJsonObjectContextCustomizerFactory$DuplicateJsonObjectContextCustomizer@338c99c8, org.springframework.boot.test.mock.mockito.MockitoContextCustomizer@ad3122e0], contextLoader = 'org.springframework.test.context.support.DelegatingSmartContextLoader', parent = [null]], attributes = map['org.springframework.test.context.event.ApplicationEventsTestExecutionListener.recordApplicationEvents' -> false]]].
23:36:59.002 [Test worker] DEBUG org.springframework.test.context.cache.DefaultCacheAwareContextLoaderDelegate - Retrieved ApplicationContext [974308356] from cache with key [[MergedContextConfiguration@72437d8d testClass = ScheduleServiceTest, locations = '{}', classes = '{class org.waldreg.schedule.management.DefaultScheduleManager}', contextInitializerClasses = '[]', activeProfiles = '{}', propertySourceLocations = '{}', propertySourceProperties = '{}', contextCustomizers = set[org.springframework.boot.test.autoconfigure.actuate.metrics.MetricsExportContextCustomizerFactory$DisableMetricExportContextCustomizer@181e731e, org.springframework.boot.test.autoconfigure.properties.PropertyMappingContextCustomizer@0, org.springframework.boot.test.autoconfigure.web.servlet.WebDriverContextCustomizerFactory$Customizer@479460a6, org.springframework.boot.test.context.filter.ExcludeFilterContextCustomizer@68702e03, org.springframework.boot.test.json.DuplicateJsonObjectContextCustomizerFactory$DuplicateJsonObjectContextCustomizer@338c99c8, org.springframework.boot.test.mock.mockito.MockitoContextCustomizer@ad3122e0], contextLoader = 'org.springframework.test.context.support.DelegatingSmartContextLoader', parent = [null]]]
23:36:59.002 [Test worker] DEBUG org.springframework.test.context.cache - Spring test ApplicationContext cache statistics: [DefaultContextCache@743c6ce4 size = 1, maxSize = 32, parentContextCount = 0, hitCount = 1, missCount = 1]
23:36:59.004 [Test worker] DEBUG org.springframework.test.context.cache.DefaultCacheAwareContextLoaderDelegate - Retrieved ApplicationContext [974308356] from cache with key [[MergedContextConfiguration@72437d8d testClass = ScheduleServiceTest, locations = '{}', classes = '{class org.waldreg.schedule.management.DefaultScheduleManager}', contextInitializerClasses = '[]', activeProfiles = '{}', propertySourceLocations = '{}', propertySourceProperties = '{}', contextCustomizers = set[org.springframework.boot.test.autoconfigure.actuate.metrics.MetricsExportContextCustomizerFactory$DisableMetricExportContextCustomizer@181e731e, org.springframework.boot.test.autoconfigure.properties.PropertyMappingContextCustomizer@0, org.springframework.boot.test.autoconfigure.web.servlet.WebDriverContextCustomizerFactory$Customizer@479460a6, org.springframework.boot.test.context.filter.ExcludeFilterContextCustomizer@68702e03, org.springframework.boot.test.json.DuplicateJsonObjectContextCustomizerFactory$DuplicateJsonObjectContextCustomizer@338c99c8, org.springframework.boot.test.mock.mockito.MockitoContextCustomizer@ad3122e0], contextLoader = 'org.springframework.test.context.support.DelegatingSmartContextLoader', parent = [null]]]
23:36:59.004 [Test worker] DEBUG org.springframework.test.context.cache - Spring test ApplicationContext cache statistics: [DefaultContextCache@743c6ce4 size = 1, maxSize = 32, parentContextCount = 0, hitCount = 2, missCount = 1]
23:36:59.006 [Test worker] DEBUG org.springframework.test.context.support.AbstractDirtiesContextTestExecutionListener - Before test method: context [DefaultTestContext@1c481ff2 testClass = ScheduleServiceTest, testInstance = org.waldreg.schedule.ScheduleServiceTest@15e0fe05, testMethod = READ_SPECIFIC_SCHEDULE_SUCCESS_TEST@ScheduleServiceTest, testException = [null], mergedContextConfiguration = [MergedContextConfiguration@72437d8d testClass = ScheduleServiceTest, locations = '{}', classes = '{class org.waldreg.schedule.management.DefaultScheduleManager}', contextInitializerClasses = '[]', activeProfiles = '{}', propertySourceLocations = '{}', propertySourceProperties = '{}', contextCustomizers = set[org.springframework.boot.test.autoconfigure.actuate.metrics.MetricsExportContextCustomizerFactory$DisableMetricExportContextCustomizer@181e731e, org.springframework.boot.test.autoconfigure.properties.PropertyMappingContextCustomizer@0, org.springframework.boot.test.autoconfigure.web.servlet.WebDriverContextCustomizerFactory$Customizer@479460a6, org.springframework.boot.test.context.filter.ExcludeFilterContextCustomizer@68702e03, org.springframework.boot.test.json.DuplicateJsonObjectContextCustomizerFactory$DuplicateJsonObjectContextCustomizer@338c99c8, org.springframework.boot.test.mock.mockito.MockitoContextCustomizer@ad3122e0], contextLoader = 'org.springframework.test.context.support.DelegatingSmartContextLoader', parent = [null]], attributes = map['org.springframework.test.context.event.ApplicationEventsTestExecutionListener.recordApplicationEvents' -> false]], class annotated with @DirtiesContext [false] with mode [null], method annotated with @DirtiesContext [false] with mode [null].
23:36:59.006 [Test worker] DEBUG org.springframework.test.context.cache.DefaultCacheAwareContextLoaderDelegate - Retrieved ApplicationContext [974308356] from cache with key [[MergedContextConfiguration@72437d8d testClass = ScheduleServiceTest, locations = '{}', classes = '{class org.waldreg.schedule.management.DefaultScheduleManager}', contextInitializerClasses = '[]', activeProfiles = '{}', propertySourceLocations = '{}', propertySourceProperties = '{}', contextCustomizers = set[org.springframework.boot.test.autoconfigure.actuate.metrics.MetricsExportContextCustomizerFactory$DisableMetricExportContextCustomizer@181e731e, org.springframework.boot.test.autoconfigure.properties.PropertyMappingContextCustomizer@0, org.springframework.boot.test.autoconfigure.web.servlet.WebDriverContextCustomizerFactory$Customizer@479460a6, org.springframework.boot.test.context.filter.ExcludeFilterContextCustomizer@68702e03, org.springframework.boot.test.json.DuplicateJsonObjectContextCustomizerFactory$DuplicateJsonObjectContextCustomizer@338c99c8, org.springframework.boot.test.mock.mockito.MockitoContextCustomizer@ad3122e0], contextLoader = 'org.springframework.test.context.support.DelegatingSmartContextLoader', parent = [null]]]
23:36:59.006 [Test worker] DEBUG org.springframework.test.context.cache - Spring test ApplicationContext cache statistics: [DefaultContextCache@743c6ce4 size = 1, maxSize = 32, parentContextCount = 0, hitCount = 3, missCount = 1]
23:36:59.006 [Test worker] DEBUG org.springframework.test.context.cache.DefaultCacheAwareContextLoaderDelegate - Retrieved ApplicationContext [974308356] from cache with key [[MergedContextConfiguration@72437d8d testClass = ScheduleServiceTest, locations = '{}', classes = '{class org.waldreg.schedule.management.DefaultScheduleManager}', contextInitializerClasses = '[]', activeProfiles = '{}', propertySourceLocations = '{}', propertySourceProperties = '{}', contextCustomizers = set[org.springframework.boot.test.autoconfigure.actuate.metrics.MetricsExportContextCustomizerFactory$DisableMetricExportContextCustomizer@181e731e, org.springframework.boot.test.autoconfigure.properties.PropertyMappingContextCustomizer@0, org.springframework.boot.test.autoconfigure.web.servlet.WebDriverContextCustomizerFactory$Customizer@479460a6, org.springframework.boot.test.context.filter.ExcludeFilterContextCustomizer@68702e03, org.springframework.boot.test.json.DuplicateJsonObjectContextCustomizerFactory$DuplicateJsonObjectContextCustomizer@338c99c8, org.springframework.boot.test.mock.mockito.MockitoContextCustomizer@ad3122e0], contextLoader = 'org.springframework.test.context.support.DelegatingSmartContextLoader', parent = [null]]]
23:36:59.006 [Test worker] DEBUG org.springframework.test.context.cache - Spring test ApplicationContext cache statistics: [DefaultContextCache@743c6ce4 size = 1, maxSize = 32, parentContextCount = 0, hitCount = 4, missCount = 1]
23:36:59.008 [Test worker] DEBUG org.springframework.test.context.cache.DefaultCacheAwareContextLoaderDelegate - Retrieved ApplicationContext [974308356] from cache with key [[MergedContextConfiguration@72437d8d testClass = ScheduleServiceTest, locations = '{}', classes = '{class org.waldreg.schedule.management.DefaultScheduleManager}', contextInitializerClasses = '[]', activeProfiles = '{}', propertySourceLocations = '{}', propertySourceProperties = '{}', contextCustomizers = set[org.springframework.boot.test.autoconfigure.actuate.metrics.MetricsExportContextCustomizerFactory$DisableMetricExportContextCustomizer@181e731e, org.springframework.boot.test.autoconfigure.properties.PropertyMappingContextCustomizer@0, org.springframework.boot.test.autoconfigure.web.servlet.WebDriverContextCustomizerFactory$Customizer@479460a6, org.springframework.boot.test.context.filter.ExcludeFilterContextCustomizer@68702e03, org.springframework.boot.test.json.DuplicateJsonObjectContextCustomizerFactory$DuplicateJsonObjectContextCustomizer@338c99c8, org.springframework.boot.test.mock.mockito.MockitoContextCustomizer@ad3122e0], contextLoader = 'org.springframework.test.context.support.DelegatingSmartContextLoader', parent = [null]]]
23:36:59.008 [Test worker] DEBUG org.springframework.test.context.cache - Spring test ApplicationContext cache statistics: [DefaultContextCache@743c6ce4 size = 1, maxSize = 32, parentContextCount = 0, hitCount = 5, missCount = 1]
23:36:59.017 [Test worker] DEBUG org.springframework.test.context.cache.DefaultCacheAwareContextLoaderDelegate - Retrieved ApplicationContext [974308356] from cache with key [[MergedContextConfiguration@72437d8d testClass = ScheduleServiceTest, locations = '{}', classes = '{class org.waldreg.schedule.management.DefaultScheduleManager}', contextInitializerClasses = '[]', activeProfiles = '{}', propertySourceLocations = '{}', propertySourceProperties = '{}', contextCustomizers = set[org.springframework.boot.test.autoconfigure.actuate.metrics.MetricsExportContextCustomizerFactory$DisableMetricExportContextCustomizer@181e731e, org.springframework.boot.test.autoconfigure.properties.PropertyMappingContextCustomizer@0, org.springframework.boot.test.autoconfigure.web.servlet.WebDriverContextCustomizerFactory$Customizer@479460a6, org.springframework.boot.test.context.filter.ExcludeFilterContextCustomizer@68702e03, org.springframework.boot.test.json.DuplicateJsonObjectContextCustomizerFactory$DuplicateJsonObjectContextCustomizer@338c99c8, org.springframework.boot.test.mock.mockito.MockitoContextCustomizer@ad3122e0], contextLoader = 'org.springframework.test.context.support.DelegatingSmartContextLoader', parent = [null]]]
23:36:59.017 [Test worker] DEBUG org.springframework.test.context.cache - Spring test ApplicationContext cache statistics: [DefaultContextCache@743c6ce4 size = 1, maxSize = 32, parentContextCount = 0, hitCount = 6, missCount = 1]
23:36:59.017 [Test worker] DEBUG org.springframework.test.context.cache.DefaultCacheAwareContextLoaderDelegate - Retrieved ApplicationContext [974308356] from cache with key [[MergedContextConfiguration@72437d8d testClass = ScheduleServiceTest, locations = '{}', classes = '{class org.waldreg.schedule.management.DefaultScheduleManager}', contextInitializerClasses = '[]', activeProfiles = '{}', propertySourceLocations = '{}', propertySourceProperties = '{}', contextCustomizers = set[org.springframework.boot.test.autoconfigure.actuate.metrics.MetricsExportContextCustomizerFactory$DisableMetricExportContextCustomizer@181e731e, org.springframework.boot.test.autoconfigure.properties.PropertyMappingContextCustomizer@0, org.springframework.boot.test.autoconfigure.web.servlet.WebDriverContextCustomizerFactory$Customizer@479460a6, org.springframework.boot.test.context.filter.ExcludeFilterContextCustomizer@68702e03, org.springframework.boot.test.json.DuplicateJsonObjectContextCustomizerFactory$DuplicateJsonObjectContextCustomizer@338c99c8, org.springframework.boot.test.mock.mockito.MockitoContextCustomizer@ad3122e0], contextLoader = 'org.springframework.test.context.support.DelegatingSmartContextLoader', parent = [null]]]
23:36:59.017 [Test worker] DEBUG org.springframework.test.context.cache - Spring test ApplicationContext cache statistics: [DefaultContextCache@743c6ce4 size = 1, maxSize = 32, parentContextCount = 0, hitCount = 7, missCount = 1]
23:36:59.018 [Test worker] DEBUG org.springframework.test.context.cache.DefaultCacheAwareContextLoaderDelegate - Retrieved ApplicationContext [974308356] from cache with key [[MergedContextConfiguration@72437d8d testClass = ScheduleServiceTest, locations = '{}', classes = '{class org.waldreg.schedule.management.DefaultScheduleManager}', contextInitializerClasses = '[]', activeProfiles = '{}', propertySourceLocations = '{}', propertySourceProperties = '{}', contextCustomizers = set[org.springframework.boot.test.autoconfigure.actuate.metrics.MetricsExportContextCustomizerFactory$DisableMetricExportContextCustomizer@181e731e, org.springframework.boot.test.autoconfigure.properties.PropertyMappingContextCustomizer@0, org.springframework.boot.test.autoconfigure.web.servlet.WebDriverContextCustomizerFactory$Customizer@479460a6, org.springframework.boot.test.context.filter.ExcludeFilterContextCustomizer@68702e03, org.springframework.boot.test.json.DuplicateJsonObjectContextCustomizerFactory$DuplicateJsonObjectContextCustomizer@338c99c8, org.springframework.boot.test.mock.mockito.MockitoContextCustomizer@ad3122e0], contextLoader = 'org.springframework.test.context.support.DelegatingSmartContextLoader', parent = [null]]]
23:36:59.018 [Test worker] DEBUG org.springframework.test.context.cache - Spring test ApplicationContext cache statistics: [DefaultContextCache@743c6ce4 size = 1, maxSize = 32, parentContextCount = 0, hitCount = 8, missCount = 1]
23:36:59.018 [Test worker] DEBUG org.springframework.test.context.cache.DefaultCacheAwareContextLoaderDelegate - Retrieved ApplicationContext [974308356] from cache with key [[MergedContextConfiguration@72437d8d testClass = ScheduleServiceTest, locations = '{}', classes = '{class org.waldreg.schedule.management.DefaultScheduleManager}', contextInitializerClasses = '[]', activeProfiles = '{}', propertySourceLocations = '{}', propertySourceProperties = '{}', contextCustomizers = set[org.springframework.boot.test.autoconfigure.actuate.metrics.MetricsExportContextCustomizerFactory$DisableMetricExportContextCustomizer@181e731e, org.springframework.boot.test.autoconfigure.properties.PropertyMappingContextCustomizer@0, org.springframework.boot.test.autoconfigure.web.servlet.WebDriverContextCustomizerFactory$Customizer@479460a6, org.springframework.boot.test.context.filter.ExcludeFilterContextCustomizer@68702e03, org.springframework.boot.test.json.DuplicateJsonObjectContextCustomizerFactory$DuplicateJsonObjectContextCustomizer@338c99c8, org.springframework.boot.test.mock.mockito.MockitoContextCustomizer@ad3122e0], contextLoader = 'org.springframework.test.context.support.DelegatingSmartContextLoader', parent = [null]]]
23:36:59.018 [Test worker] DEBUG org.springframework.test.context.cache - Spring test ApplicationContext cache statistics: [DefaultContextCache@743c6ce4 size = 1, maxSize = 32, parentContextCount = 0, hitCount = 9, missCount = 1]
23:36:59.018 [Test worker] DEBUG org.springframework.test.context.cache.DefaultCacheAwareContextLoaderDelegate - Retrieved ApplicationContext [974308356] from cache with key [[MergedContextConfiguration@72437d8d testClass = ScheduleServiceTest, locations = '{}', classes = '{class org.waldreg.schedule.management.DefaultScheduleManager}', contextInitializerClasses = '[]', activeProfiles = '{}', propertySourceLocations = '{}', propertySourceProperties = '{}', contextCustomizers = set[org.springframework.boot.test.autoconfigure.actuate.metrics.MetricsExportContextCustomizerFactory$DisableMetricExportContextCustomizer@181e731e, org.springframework.boot.test.autoconfigure.properties.PropertyMappingContextCustomizer@0, org.springframework.boot.test.autoconfigure.web.servlet.WebDriverContextCustomizerFactory$Customizer@479460a6, org.springframework.boot.test.context.filter.ExcludeFilterContextCustomizer@68702e03, org.springframework.boot.test.json.DuplicateJsonObjectContextCustomizerFactory$DuplicateJsonObjectContextCustomizer@338c99c8, org.springframework.boot.test.mock.mockito.MockitoContextCustomizer@ad3122e0], contextLoader = 'org.springframework.test.context.support.DelegatingSmartContextLoader', parent = [null]]]
23:36:59.018 [Test worker] DEBUG org.springframework.test.context.cache - Spring test ApplicationContext cache statistics: [DefaultContextCache@743c6ce4 size = 1, maxSize = 32, parentContextCount = 0, hitCount = 10, missCount = 1]
23:36:59.019 [Test worker] DEBUG org.springframework.test.context.cache.DefaultCacheAwareContextLoaderDelegate - Retrieved ApplicationContext [974308356] from cache with key [[MergedContextConfiguration@72437d8d testClass = ScheduleServiceTest, locations = '{}', classes = '{class org.waldreg.schedule.management.DefaultScheduleManager}', contextInitializerClasses = '[]', activeProfiles = '{}', propertySourceLocations = '{}', propertySourceProperties = '{}', contextCustomizers = set[org.springframework.boot.test.autoconfigure.actuate.metrics.MetricsExportContextCustomizerFactory$DisableMetricExportContextCustomizer@181e731e, org.springframework.boot.test.autoconfigure.properties.PropertyMappingContextCustomizer@0, org.springframework.boot.test.autoconfigure.web.servlet.WebDriverContextCustomizerFactory$Customizer@479460a6, org.springframework.boot.test.context.filter.ExcludeFilterContextCustomizer@68702e03, org.springframework.boot.test.json.DuplicateJsonObjectContextCustomizerFactory$DuplicateJsonObjectContextCustomizer@338c99c8, org.springframework.boot.test.mock.mockito.MockitoContextCustomizer@ad3122e0], contextLoader = 'org.springframework.test.context.support.DelegatingSmartContextLoader', parent = [null]]]
23:36:59.019 [Test worker] DEBUG org.springframework.test.context.cache - Spring test ApplicationContext cache statistics: [DefaultContextCache@743c6ce4 size = 1, maxSize = 32, parentContextCount = 0, hitCount = 11, missCount = 1]
23:36:59.019 [Test worker] DEBUG org.springframework.test.context.support.AbstractDirtiesContextTestExecutionListener - After test method: context [DefaultTestContext@1c481ff2 testClass = ScheduleServiceTest, testInstance = org.waldreg.schedule.ScheduleServiceTest@15e0fe05, testMethod = READ_SPECIFIC_SCHEDULE_SUCCESS_TEST@ScheduleServiceTest, testException = [null], mergedContextConfiguration = [MergedContextConfiguration@72437d8d testClass = ScheduleServiceTest, locations = '{}', classes = '{class org.waldreg.schedule.management.DefaultScheduleManager}', contextInitializerClasses = '[]', activeProfiles = '{}', propertySourceLocations = '{}', propertySourceProperties = '{}', contextCustomizers = set[org.springframework.boot.test.autoconfigure.actuate.metrics.MetricsExportContextCustomizerFactory$DisableMetricExportContextCustomizer@181e731e, org.springframework.boot.test.autoconfigure.properties.PropertyMappingContextCustomizer@0, org.springframework.boot.test.autoconfigure.web.servlet.WebDriverContextCustomizerFactory$Customizer@479460a6, org.springframework.boot.test.context.filter.ExcludeFilterContextCustomizer@68702e03, org.springframework.boot.test.json.DuplicateJsonObjectContextCustomizerFactory$DuplicateJsonObjectContextCustomizer@338c99c8, org.springframework.boot.test.mock.mockito.MockitoContextCustomizer@ad3122e0], contextLoader = 'org.springframework.test.context.support.DelegatingSmartContextLoader', parent = [null]], attributes = map['org.springframework.test.context.event.ApplicationEventsTestExecutionListener.recordApplicationEvents' -> false]], class annotated with @DirtiesContext [false] with mode [null], method annotated with @DirtiesContext [false] with mode [null].
23:36:59.022 [Test worker] DEBUG org.springframework.test.context.cache.DefaultCacheAwareContextLoaderDelegate - Retrieved ApplicationContext [974308356] from cache with key [[MergedContextConfiguration@72437d8d testClass = ScheduleServiceTest, locations = '{}', classes = '{class org.waldreg.schedule.management.DefaultScheduleManager}', contextInitializerClasses = '[]', activeProfiles = '{}', propertySourceLocations = '{}', propertySourceProperties = '{}', contextCustomizers = set[org.springframework.boot.test.autoconfigure.actuate.metrics.MetricsExportContextCustomizerFactory$DisableMetricExportContextCustomizer@181e731e, org.springframework.boot.test.autoconfigure.properties.PropertyMappingContextCustomizer@0, org.springframework.boot.test.autoconfigure.web.servlet.WebDriverContextCustomizerFactory$Customizer@479460a6, org.springframework.boot.test.context.filter.ExcludeFilterContextCustomizer@68702e03, org.springframework.boot.test.json.DuplicateJsonObjectContextCustomizerFactory$DuplicateJsonObjectContextCustomizer@338c99c8, org.springframework.boot.test.mock.mockito.MockitoContextCustomizer@ad3122e0], contextLoader = 'org.springframework.test.context.support.DelegatingSmartContextLoader', parent = [null]]]
23:36:59.022 [Test worker] DEBUG org.springframework.test.context.cache - Spring test ApplicationContext cache statistics: [DefaultContextCache@743c6ce4 size = 1, maxSize = 32, parentContextCount = 0, hitCount = 12, missCount = 1]
23:36:59.022 [Test worker] DEBUG org.springframework.test.context.support.DependencyInjectionTestExecutionListener - Performing dependency injection for test context [[DefaultTestContext@1c481ff2 testClass = ScheduleServiceTest, testInstance = org.waldreg.schedule.ScheduleServiceTest@b0e5507, testMethod = [null], testException = [null], mergedContextConfiguration = [MergedContextConfiguration@72437d8d testClass = ScheduleServiceTest, locations = '{}', classes = '{class org.waldreg.schedule.management.DefaultScheduleManager}', contextInitializerClasses = '[]', activeProfiles = '{}', propertySourceLocations = '{}', propertySourceProperties = '{}', contextCustomizers = set[org.springframework.boot.test.autoconfigure.actuate.metrics.MetricsExportContextCustomizerFactory$DisableMetricExportContextCustomizer@181e731e, org.springframework.boot.test.autoconfigure.properties.PropertyMappingContextCustomizer@0, org.springframework.boot.test.autoconfigure.web.servlet.WebDriverContextCustomizerFactory$Customizer@479460a6, org.springframework.boot.test.context.filter.ExcludeFilterContextCustomizer@68702e03, org.springframework.boot.test.json.DuplicateJsonObjectContextCustomizerFactory$DuplicateJsonObjectContextCustomizer@338c99c8, org.springframework.boot.test.mock.mockito.MockitoContextCustomizer@ad3122e0], contextLoader = 'org.springframework.test.context.support.DelegatingSmartContextLoader', parent = [null]], attributes = map['org.springframework.test.context.event.ApplicationEventsTestExecutionListener.recordApplicationEvents' -> false]]].
23:36:59.022 [Test worker] DEBUG org.springframework.test.context.cache.DefaultCacheAwareContextLoaderDelegate - Retrieved ApplicationContext [974308356] from cache with key [[MergedContextConfiguration@72437d8d testClass = ScheduleServiceTest, locations = '{}', classes = '{class org.waldreg.schedule.management.DefaultScheduleManager}', contextInitializerClasses = '[]', activeProfiles = '{}', propertySourceLocations = '{}', propertySourceProperties = '{}', contextCustomizers = set[org.springframework.boot.test.autoconfigure.actuate.metrics.MetricsExportContextCustomizerFactory$DisableMetricExportContextCustomizer@181e731e, org.springframework.boot.test.autoconfigure.properties.PropertyMappingContextCustomizer@0, org.springframework.boot.test.autoconfigure.web.servlet.WebDriverContextCustomizerFactory$Customizer@479460a6, org.springframework.boot.test.context.filter.ExcludeFilterContextCustomizer@68702e03, org.springframework.boot.test.json.DuplicateJsonObjectContextCustomizerFactory$DuplicateJsonObjectContextCustomizer@338c99c8, org.springframework.boot.test.mock.mockito.MockitoContextCustomizer@ad3122e0], contextLoader = 'org.springframework.test.context.support.DelegatingSmartContextLoader', parent = [null]]]
23:36:59.022 [Test worker] DEBUG org.springframework.test.context.cache - Spring test ApplicationContext cache statistics: [DefaultContextCache@743c6ce4 size = 1, maxSize = 32, parentContextCount = 0, hitCount = 13, missCount = 1]
23:36:59.023 [Test worker] DEBUG org.springframework.test.context.cache.DefaultCacheAwareContextLoaderDelegate - Retrieved ApplicationContext [974308356] from cache with key [[MergedContextConfiguration@72437d8d testClass = ScheduleServiceTest, locations = '{}', classes = '{class org.waldreg.schedule.management.DefaultScheduleManager}', contextInitializerClasses = '[]', activeProfiles = '{}', propertySourceLocations = '{}', propertySourceProperties = '{}', contextCustomizers = set[org.springframework.boot.test.autoconfigure.actuate.metrics.MetricsExportContextCustomizerFactory$DisableMetricExportContextCustomizer@181e731e, org.springframework.boot.test.autoconfigure.properties.PropertyMappingContextCustomizer@0, org.springframework.boot.test.autoconfigure.web.servlet.WebDriverContextCustomizerFactory$Customizer@479460a6, org.springframework.boot.test.context.filter.ExcludeFilterContextCustomizer@68702e03, org.springframework.boot.test.json.DuplicateJsonObjectContextCustomizerFactory$DuplicateJsonObjectContextCustomizer@338c99c8, org.springframework.boot.test.mock.mockito.MockitoContextCustomizer@ad3122e0], contextLoader = 'org.springframework.test.context.support.DelegatingSmartContextLoader', parent = [null]]]
23:36:59.023 [Test worker] DEBUG org.springframework.test.context.cache - Spring test ApplicationContext cache statistics: [DefaultContextCache@743c6ce4 size = 1, maxSize = 32, parentContextCount = 0, hitCount = 14, missCount = 1]
23:36:59.023 [Test worker] DEBUG org.springframework.test.context.support.AbstractDirtiesContextTestExecutionListener - Before test method: context [DefaultTestContext@1c481ff2 testClass = ScheduleServiceTest, testInstance = org.waldreg.schedule.ScheduleServiceTest@b0e5507, testMethod = UPDATE_SCHEDULE_FAIL_CAUSE_INVALID_DATE_FORMAT_TEST@ScheduleServiceTest, testException = [null], mergedContextConfiguration = [MergedContextConfiguration@72437d8d testClass = ScheduleServiceTest, locations = '{}', classes = '{class org.waldreg.schedule.management.DefaultScheduleManager}', contextInitializerClasses = '[]', activeProfiles = '{}', propertySourceLocations = '{}', propertySourceProperties = '{}', contextCustomizers = set[org.springframework.boot.test.autoconfigure.actuate.metrics.MetricsExportContextCustomizerFactory$DisableMetricExportContextCustomizer@181e731e, org.springframework.boot.test.autoconfigure.properties.PropertyMappingContextCustomizer@0, org.springframework.boot.test.autoconfigure.web.servlet.WebDriverContextCustomizerFactory$Customizer@479460a6, org.springframework.boot.test.context.filter.ExcludeFilterContextCustomizer@68702e03, org.springframework.boot.test.json.DuplicateJsonObjectContextCustomizerFactory$DuplicateJsonObjectContextCustomizer@338c99c8, org.springframework.boot.test.mock.mockito.MockitoContextCustomizer@ad3122e0], contextLoader = 'org.springframework.test.context.support.DelegatingSmartContextLoader', parent = [null]], attributes = map['org.springframework.test.context.event.ApplicationEventsTestExecutionListener.recordApplicationEvents' -> false]], class annotated with @DirtiesContext [false] with mode [null], method annotated with @DirtiesContext [false] with mode [null].
23:36:59.023 [Test worker] DEBUG org.springframework.test.context.cache.DefaultCacheAwareContextLoaderDelegate - Retrieved ApplicationContext [974308356] from cache with key [[MergedContextConfiguration@72437d8d testClass = ScheduleServiceTest, locations = '{}', classes = '{class org.waldreg.schedule.management.DefaultScheduleManager}', contextInitializerClasses = '[]', activeProfiles = '{}', propertySourceLocations = '{}', propertySourceProperties = '{}', contextCustomizers = set[org.springframework.boot.test.autoconfigure.actuate.metrics.MetricsExportContextCustomizerFactory$DisableMetricExportContextCustomizer@181e731e, org.springframework.boot.test.autoconfigure.properties.PropertyMappingContextCustomizer@0, org.springframework.boot.test.autoconfigure.web.servlet.WebDriverContextCustomizerFactory$Customizer@479460a6, org.springframework.boot.test.context.filter.ExcludeFilterContextCustomizer@68702e03, org.springframework.boot.test.json.DuplicateJsonObjectContextCustomizerFactory$DuplicateJsonObjectContextCustomizer@338c99c8, org.springframework.boot.test.mock.mockito.MockitoContextCustomizer@ad3122e0], contextLoader = 'org.springframework.test.context.support.DelegatingSmartContextLoader', parent = [null]]]
23:36:59.023 [Test worker] DEBUG org.springframework.test.context.cache - Spring test ApplicationContext cache statistics: [DefaultContextCache@743c6ce4 size = 1, maxSize = 32, parentContextCount = 0, hitCount = 15, missCount = 1]
23:36:59.023 [Test worker] DEBUG org.springframework.test.context.cache.DefaultCacheAwareContextLoaderDelegate - Retrieved ApplicationContext [974308356] from cache with key [[MergedContextConfiguration@72437d8d testClass = ScheduleServiceTest, locations = '{}', classes = '{class org.waldreg.schedule.management.DefaultScheduleManager}', contextInitializerClasses = '[]', activeProfiles = '{}', propertySourceLocations = '{}', propertySourceProperties = '{}', contextCustomizers = set[org.springframework.boot.test.autoconfigure.actuate.metrics.MetricsExportContextCustomizerFactory$DisableMetricExportContextCustomizer@181e731e, org.springframework.boot.test.autoconfigure.properties.PropertyMappingContextCustomizer@0, org.springframework.boot.test.autoconfigure.web.servlet.WebDriverContextCustomizerFactory$Customizer@479460a6, org.springframework.boot.test.context.filter.ExcludeFilterContextCustomizer@68702e03, org.springframework.boot.test.json.DuplicateJsonObjectContextCustomizerFactory$DuplicateJsonObjectContextCustomizer@338c99c8, org.springframework.boot.test.mock.mockito.MockitoContextCustomizer@ad3122e0], contextLoader = 'org.springframework.test.context.support.DelegatingSmartContextLoader', parent = [null]]]
23:36:59.023 [Test worker] DEBUG org.springframework.test.context.cache - Spring test ApplicationContext cache statistics: [DefaultContextCache@743c6ce4 size = 1, maxSize = 32, parentContextCount = 0, hitCount = 16, missCount = 1]
23:36:59.024 [Test worker] DEBUG org.springframework.test.context.cache.DefaultCacheAwareContextLoaderDelegate - Retrieved ApplicationContext [974308356] from cache with key [[MergedContextConfiguration@72437d8d testClass = ScheduleServiceTest, locations = '{}', classes = '{class org.waldreg.schedule.management.DefaultScheduleManager}', contextInitializerClasses = '[]', activeProfiles = '{}', propertySourceLocations = '{}', propertySourceProperties = '{}', contextCustomizers = set[org.springframework.boot.test.autoconfigure.actuate.metrics.MetricsExportContextCustomizerFactory$DisableMetricExportContextCustomizer@181e731e, org.springframework.boot.test.autoconfigure.properties.PropertyMappingContextCustomizer@0, org.springframework.boot.test.autoconfigure.web.servlet.WebDriverContextCustomizerFactory$Customizer@479460a6, org.springframework.boot.test.context.filter.ExcludeFilterContextCustomizer@68702e03, org.springframework.boot.test.json.DuplicateJsonObjectContextCustomizerFactory$DuplicateJsonObjectContextCustomizer@338c99c8, org.springframework.boot.test.mock.mockito.MockitoContextCustomizer@ad3122e0], contextLoader = 'org.springframework.test.context.support.DelegatingSmartContextLoader', parent = [null]]]
23:36:59.024 [Test worker] DEBUG org.springframework.test.context.cache - Spring test ApplicationContext cache statistics: [DefaultContextCache@743c6ce4 size = 1, maxSize = 32, parentContextCount = 0, hitCount = 17, missCount = 1]
23:36:59.026 [Test worker] DEBUG org.springframework.test.context.cache.DefaultCacheAwareContextLoaderDelegate - Retrieved ApplicationContext [974308356] from cache with key [[MergedContextConfiguration@72437d8d testClass = ScheduleServiceTest, locations = '{}', classes = '{class org.waldreg.schedule.management.DefaultScheduleManager}', contextInitializerClasses = '[]', activeProfiles = '{}', propertySourceLocations = '{}', propertySourceProperties = '{}', contextCustomizers = set[org.springframework.boot.test.autoconfigure.actuate.metrics.MetricsExportContextCustomizerFactory$DisableMetricExportContextCustomizer@181e731e, org.springframework.boot.test.autoconfigure.properties.PropertyMappingContextCustomizer@0, org.springframework.boot.test.autoconfigure.web.servlet.WebDriverContextCustomizerFactory$Customizer@479460a6, org.springframework.boot.test.context.filter.ExcludeFilterContextCustomizer@68702e03, org.springframework.boot.test.json.DuplicateJsonObjectContextCustomizerFactory$DuplicateJsonObjectContextCustomizer@338c99c8, org.springframework.boot.test.mock.mockito.MockitoContextCustomizer@ad3122e0], contextLoader = 'org.springframework.test.context.support.DelegatingSmartContextLoader', parent = [null]]]
23:36:59.026 [Test worker] DEBUG org.springframework.test.context.cache - Spring test ApplicationContext cache statistics: [DefaultContextCache@743c6ce4 size = 1, maxSize = 32, parentContextCount = 0, hitCount = 18, missCount = 1]
23:36:59.027 [Test worker] DEBUG org.springframework.test.context.cache.DefaultCacheAwareContextLoaderDelegate - Retrieved ApplicationContext [974308356] from cache with key [[MergedContextConfiguration@72437d8d testClass = ScheduleServiceTest, locations = '{}', classes = '{class org.waldreg.schedule.management.DefaultScheduleManager}', contextInitializerClasses = '[]', activeProfiles = '{}', propertySourceLocations = '{}', propertySourceProperties = '{}', contextCustomizers = set[org.springframework.boot.test.autoconfigure.actuate.metrics.MetricsExportContextCustomizerFactory$DisableMetricExportContextCustomizer@181e731e, org.springframework.boot.test.autoconfigure.properties.PropertyMappingContextCustomizer@0, org.springframework.boot.test.autoconfigure.web.servlet.WebDriverContextCustomizerFactory$Customizer@479460a6, org.springframework.boot.test.context.filter.ExcludeFilterContextCustomizer@68702e03, org.springframework.boot.test.json.DuplicateJsonObjectContextCustomizerFactory$DuplicateJsonObjectContextCustomizer@338c99c8, org.springframework.boot.test.mock.mockito.MockitoContextCustomizer@ad3122e0], contextLoader = 'org.springframework.test.context.support.DelegatingSmartContextLoader', parent = [null]]]
23:36:59.027 [Test worker] DEBUG org.springframework.test.context.cache - Spring test ApplicationContext cache statistics: [DefaultContextCache@743c6ce4 size = 1, maxSize = 32, parentContextCount = 0, hitCount = 19, missCount = 1]
23:36:59.027 [Test worker] DEBUG org.springframework.test.context.cache.DefaultCacheAwareContextLoaderDelegate - Retrieved ApplicationContext [974308356] from cache with key [[MergedContextConfiguration@72437d8d testClass = ScheduleServiceTest, locations = '{}', classes = '{class org.waldreg.schedule.management.DefaultScheduleManager}', contextInitializerClasses = '[]', activeProfiles = '{}', propertySourceLocations = '{}', propertySourceProperties = '{}', contextCustomizers = set[org.springframework.boot.test.autoconfigure.actuate.metrics.MetricsExportContextCustomizerFactory$DisableMetricExportContextCustomizer@181e731e, org.springframework.boot.test.autoconfigure.properties.PropertyMappingContextCustomizer@0, org.springframework.boot.test.autoconfigure.web.servlet.WebDriverContextCustomizerFactory$Customizer@479460a6, org.springframework.boot.test.context.filter.ExcludeFilterContextCustomizer@68702e03, org.springframework.boot.test.json.DuplicateJsonObjectContextCustomizerFactory$DuplicateJsonObjectContextCustomizer@338c99c8, org.springframework.boot.test.mock.mockito.MockitoContextCustomizer@ad3122e0], contextLoader = 'org.springframework.test.context.support.DelegatingSmartContextLoader', parent = [null]]]
23:36:59.027 [Test worker] DEBUG org.springframework.test.context.cache - Spring test ApplicationContext cache statistics: [DefaultContextCache@743c6ce4 size = 1, maxSize = 32, parentContextCount = 0, hitCount = 20, missCount = 1]
23:36:59.027 [Test worker] DEBUG org.springframework.test.context.cache.DefaultCacheAwareContextLoaderDelegate - Retrieved ApplicationContext [974308356] from cache with key [[MergedContextConfiguration@72437d8d testClass = ScheduleServiceTest, locations = '{}', classes = '{class org.waldreg.schedule.management.DefaultScheduleManager}', contextInitializerClasses = '[]', activeProfiles = '{}', propertySourceLocations = '{}', propertySourceProperties = '{}', contextCustomizers = set[org.springframework.boot.test.autoconfigure.actuate.metrics.MetricsExportContextCustomizerFactory$DisableMetricExportContextCustomizer@181e731e, org.springframework.boot.test.autoconfigure.properties.PropertyMappingContextCustomizer@0, org.springframework.boot.test.autoconfigure.web.servlet.WebDriverContextCustomizerFactory$Customizer@479460a6, org.springframework.boot.test.context.filter.ExcludeFilterContextCustomizer@68702e03, org.springframework.boot.test.json.DuplicateJsonObjectContextCustomizerFactory$DuplicateJsonObjectContextCustomizer@338c99c8, org.springframework.boot.test.mock.mockito.MockitoContextCustomizer@ad3122e0], contextLoader = 'org.springframework.test.context.support.DelegatingSmartContextLoader', parent = [null]]]
23:36:59.027 [Test worker] DEBUG org.springframework.test.context.cache - Spring test ApplicationContext cache statistics: [DefaultContextCache@743c6ce4 size = 1, maxSize = 32, parentContextCount = 0, hitCount = 21, missCount = 1]
23:36:59.027 [Test worker] DEBUG org.springframework.test.context.cache.DefaultCacheAwareContextLoaderDelegate - Retrieved ApplicationContext [974308356] from cache with key [[MergedContextConfiguration@72437d8d testClass = ScheduleServiceTest, locations = '{}', classes = '{class org.waldreg.schedule.management.DefaultScheduleManager}', contextInitializerClasses = '[]', activeProfiles = '{}', propertySourceLocations = '{}', propertySourceProperties = '{}', contextCustomizers = set[org.springframework.boot.test.autoconfigure.actuate.metrics.MetricsExportContextCustomizerFactory$DisableMetricExportContextCustomizer@181e731e, org.springframework.boot.test.autoconfigure.properties.PropertyMappingContextCustomizer@0, org.springframework.boot.test.autoconfigure.web.servlet.WebDriverContextCustomizerFactory$Customizer@479460a6, org.springframework.boot.test.context.filter.ExcludeFilterContextCustomizer@68702e03, org.springframework.boot.test.json.DuplicateJsonObjectContextCustomizerFactory$DuplicateJsonObjectContextCustomizer@338c99c8, org.springframework.boot.test.mock.mockito.MockitoContextCustomizer@ad3122e0], contextLoader = 'org.springframework.test.context.support.DelegatingSmartContextLoader', parent = [null]]]
23:36:59.027 [Test worker] DEBUG org.springframework.test.context.cache - Spring test ApplicationContext cache statistics: [DefaultContextCache@743c6ce4 size = 1, maxSize = 32, parentContextCount = 0, hitCount = 22, missCount = 1]
23:36:59.027 [Test worker] DEBUG org.springframework.test.context.cache.DefaultCacheAwareContextLoaderDelegate - Retrieved ApplicationContext [974308356] from cache with key [[MergedContextConfiguration@72437d8d testClass = ScheduleServiceTest, locations = '{}', classes = '{class org.waldreg.schedule.management.DefaultScheduleManager}', contextInitializerClasses = '[]', activeProfiles = '{}', propertySourceLocations = '{}', propertySourceProperties = '{}', contextCustomizers = set[org.springframework.boot.test.autoconfigure.actuate.metrics.MetricsExportContextCustomizerFactory$DisableMetricExportContextCustomizer@181e731e, org.springframework.boot.test.autoconfigure.properties.PropertyMappingContextCustomizer@0, org.springframework.boot.test.autoconfigure.web.servlet.WebDriverContextCustomizerFactory$Customizer@479460a6, org.springframework.boot.test.context.filter.ExcludeFilterContextCustomizer@68702e03, org.springframework.boot.test.json.DuplicateJsonObjectContextCustomizerFactory$DuplicateJsonObjectContextCustomizer@338c99c8, org.springframework.boot.test.mock.mockito.MockitoContextCustomizer@ad3122e0], contextLoader = 'org.springframework.test.context.support.DelegatingSmartContextLoader', parent = [null]]]
23:36:59.027 [Test worker] DEBUG org.springframework.test.context.cache - Spring test ApplicationContext cache statistics: [DefaultContextCache@743c6ce4 size = 1, maxSize = 32, parentContextCount = 0, hitCount = 23, missCount = 1]
23:36:59.027 [Test worker] DEBUG org.springframework.test.context.support.AbstractDirtiesContextTestExecutionListener - After test method: context [DefaultTestContext@1c481ff2 testClass = ScheduleServiceTest, testInstance = org.waldreg.schedule.ScheduleServiceTest@b0e5507, testMethod = UPDATE_SCHEDULE_FAIL_CAUSE_INVALID_DATE_FORMAT_TEST@ScheduleServiceTest, testException = [null], mergedContextConfiguration = [MergedContextConfiguration@72437d8d testClass = ScheduleServiceTest, locations = '{}', classes = '{class org.waldreg.schedule.management.DefaultScheduleManager}', contextInitializerClasses = '[]', activeProfiles = '{}', propertySourceLocations = '{}', propertySourceProperties = '{}', contextCustomizers = set[org.springframework.boot.test.autoconfigure.actuate.metrics.MetricsExportContextCustomizerFactory$DisableMetricExportContextCustomizer@181e731e, org.springframework.boot.test.autoconfigure.properties.PropertyMappingContextCustomizer@0, org.springframework.boot.test.autoconfigure.web.servlet.WebDriverContextCustomizerFactory$Customizer@479460a6, org.springframework.boot.test.context.filter.ExcludeFilterContextCustomizer@68702e03, org.springframework.boot.test.json.DuplicateJsonObjectContextCustomizerFactory$DuplicateJsonObjectContextCustomizer@338c99c8, org.springframework.boot.test.mock.mockito.MockitoContextCustomizer@ad3122e0], contextLoader = 'org.springframework.test.context.support.DelegatingSmartContextLoader', parent = [null]], attributes = map['org.springframework.test.context.event.ApplicationEventsTestExecutionListener.recordApplicationEvents' -> false]], class annotated with @DirtiesContext [false] with mode [null], method annotated with @DirtiesContext [false] with mode [null].
23:36:59.028 [Test worker] DEBUG org.springframework.test.context.cache.DefaultCacheAwareContextLoaderDelegate - Retrieved ApplicationContext [974308356] from cache with key [[MergedContextConfiguration@72437d8d testClass = ScheduleServiceTest, locations = '{}', classes = '{class org.waldreg.schedule.management.DefaultScheduleManager}', contextInitializerClasses = '[]', activeProfiles = '{}', propertySourceLocations = '{}', propertySourceProperties = '{}', contextCustomizers = set[org.springframework.boot.test.autoconfigure.actuate.metrics.MetricsExportContextCustomizerFactory$DisableMetricExportContextCustomizer@181e731e, org.springframework.boot.test.autoconfigure.properties.PropertyMappingContextCustomizer@0, org.springframework.boot.test.autoconfigure.web.servlet.WebDriverContextCustomizerFactory$Customizer@479460a6, org.springframework.boot.test.context.filter.ExcludeFilterContextCustomizer@68702e03, org.springframework.boot.test.json.DuplicateJsonObjectContextCustomizerFactory$DuplicateJsonObjectContextCustomizer@338c99c8, org.springframework.boot.test.mock.mockito.MockitoContextCustomizer@ad3122e0], contextLoader = 'org.springframework.test.context.support.DelegatingSmartContextLoader', parent = [null]]]
23:36:59.028 [Test worker] DEBUG org.springframework.test.context.cache - Spring test ApplicationContext cache statistics: [DefaultContextCache@743c6ce4 size = 1, maxSize = 32, parentContextCount = 0, hitCount = 24, missCount = 1]
23:36:59.028 [Test worker] DEBUG org.springframework.test.context.support.DependencyInjectionTestExecutionListener - Performing dependency injection for test context [[DefaultTestContext@1c481ff2 testClass = ScheduleServiceTest, testInstance = org.waldreg.schedule.ScheduleServiceTest@ca93621, testMethod = [null], testException = [null], mergedContextConfiguration = [MergedContextConfiguration@72437d8d testClass = ScheduleServiceTest, locations = '{}', classes = '{class org.waldreg.schedule.management.DefaultScheduleManager}', contextInitializerClasses = '[]', activeProfiles = '{}', propertySourceLocations = '{}', propertySourceProperties = '{}', contextCustomizers = set[org.springframework.boot.test.autoconfigure.actuate.metrics.MetricsExportContextCustomizerFactory$DisableMetricExportContextCustomizer@181e731e, org.springframework.boot.test.autoconfigure.properties.PropertyMappingContextCustomizer@0, org.springframework.boot.test.autoconfigure.web.servlet.WebDriverContextCustomizerFactory$Customizer@479460a6, org.springframework.boot.test.context.filter.ExcludeFilterContextCustomizer@68702e03, org.springframework.boot.test.json.DuplicateJsonObjectContextCustomizerFactory$DuplicateJsonObjectContextCustomizer@338c99c8, org.springframework.boot.test.mock.mockito.MockitoContextCustomizer@ad3122e0], contextLoader = 'org.springframework.test.context.support.DelegatingSmartContextLoader', parent = [null]], attributes = map['org.springframework.test.context.event.ApplicationEventsTestExecutionListener.recordApplicationEvents' -> false]]].
23:36:59.028 [Test worker] DEBUG org.springframework.test.context.cache.DefaultCacheAwareContextLoaderDelegate - Retrieved ApplicationContext [974308356] from cache with key [[MergedContextConfiguration@72437d8d testClass = ScheduleServiceTest, locations = '{}', classes = '{class org.waldreg.schedule.management.DefaultScheduleManager}', contextInitializerClasses = '[]', activeProfiles = '{}', propertySourceLocations = '{}', propertySourceProperties = '{}', contextCustomizers = set[org.springframework.boot.test.autoconfigure.actuate.metrics.MetricsExportContextCustomizerFactory$DisableMetricExportContextCustomizer@181e731e, org.springframework.boot.test.autoconfigure.properties.PropertyMappingContextCustomizer@0, org.springframework.boot.test.autoconfigure.web.servlet.WebDriverContextCustomizerFactory$Customizer@479460a6, org.springframework.boot.test.context.filter.ExcludeFilterContextCustomizer@68702e03, org.springframework.boot.test.json.DuplicateJsonObjectContextCustomizerFactory$DuplicateJsonObjectContextCustomizer@338c99c8, org.springframework.boot.test.mock.mockito.MockitoContextCustomizer@ad3122e0], contextLoader = 'org.springframework.test.context.support.DelegatingSmartContextLoader', parent = [null]]]
23:36:59.028 [Test worker] DEBUG org.springframework.test.context.cache - Spring test ApplicationContext cache statistics: [DefaultContextCache@743c6ce4 size = 1, maxSize = 32, parentContextCount = 0, hitCount = 25, missCount = 1]
23:36:59.029 [Test worker] DEBUG org.springframework.test.context.cache.DefaultCacheAwareContextLoaderDelegate - Retrieved ApplicationContext [974308356] from cache with key [[MergedContextConfiguration@72437d8d testClass = ScheduleServiceTest, locations = '{}', classes = '{class org.waldreg.schedule.management.DefaultScheduleManager}', contextInitializerClasses = '[]', activeProfiles = '{}', propertySourceLocations = '{}', propertySourceProperties = '{}', contextCustomizers = set[org.springframework.boot.test.autoconfigure.actuate.metrics.MetricsExportContextCustomizerFactory$DisableMetricExportContextCustomizer@181e731e, org.springframework.boot.test.autoconfigure.properties.PropertyMappingContextCustomizer@0, org.springframework.boot.test.autoconfigure.web.servlet.WebDriverContextCustomizerFactory$Customizer@479460a6, org.springframework.boot.test.context.filter.ExcludeFilterContextCustomizer@68702e03, org.springframework.boot.test.json.DuplicateJsonObjectContextCustomizerFactory$DuplicateJsonObjectContextCustomizer@338c99c8, org.springframework.boot.test.mock.mockito.MockitoContextCustomizer@ad3122e0], contextLoader = 'org.springframework.test.context.support.DelegatingSmartContextLoader', parent = [null]]]
23:36:59.029 [Test worker] DEBUG org.springframework.test.context.cache - Spring test ApplicationContext cache statistics: [DefaultContextCache@743c6ce4 size = 1, maxSize = 32, parentContextCount = 0, hitCount = 26, missCount = 1]
23:36:59.029 [Test worker] DEBUG org.springframework.test.context.support.AbstractDirtiesContextTestExecutionListener - Before test method: context [DefaultTestContext@1c481ff2 testClass = ScheduleServiceTest, testInstance = org.waldreg.schedule.ScheduleServiceTest@ca93621, testMethod = UPDATE_SCHEDULE_FAIL_CAUSE_CONTENT_OVERFLOW_TEST@ScheduleServiceTest, testException = [null], mergedContextConfiguration = [MergedContextConfiguration@72437d8d testClass = ScheduleServiceTest, locations = '{}', classes = '{class org.waldreg.schedule.management.DefaultScheduleManager}', contextInitializerClasses = '[]', activeProfiles = '{}', propertySourceLocations = '{}', propertySourceProperties = '{}', contextCustomizers = set[org.springframework.boot.test.autoconfigure.actuate.metrics.MetricsExportContextCustomizerFactory$DisableMetricExportContextCustomizer@181e731e, org.springframework.boot.test.autoconfigure.properties.PropertyMappingContextCustomizer@0, org.springframework.boot.test.autoconfigure.web.servlet.WebDriverContextCustomizerFactory$Customizer@479460a6, org.springframework.boot.test.context.filter.ExcludeFilterContextCustomizer@68702e03, org.springframework.boot.test.json.DuplicateJsonObjectContextCustomizerFactory$DuplicateJsonObjectContextCustomizer@338c99c8, org.springframework.boot.test.mock.mockito.MockitoContextCustomizer@ad3122e0], contextLoader = 'org.springframework.test.context.support.DelegatingSmartContextLoader', parent = [null]], attributes = map['org.springframework.test.context.event.ApplicationEventsTestExecutionListener.recordApplicationEvents' -> false]], class annotated with @DirtiesContext [false] with mode [null], method annotated with @DirtiesContext [false] with mode [null].
23:36:59.029 [Test worker] DEBUG org.springframework.test.context.cache.DefaultCacheAwareContextLoaderDelegate - Retrieved ApplicationContext [974308356] from cache with key [[MergedContextConfiguration@72437d8d testClass = ScheduleServiceTest, locations = '{}', classes = '{class org.waldreg.schedule.management.DefaultScheduleManager}', contextInitializerClasses = '[]', activeProfiles = '{}', propertySourceLocations = '{}', propertySourceProperties = '{}', contextCustomizers = set[org.springframework.boot.test.autoconfigure.actuate.metrics.MetricsExportContextCustomizerFactory$DisableMetricExportContextCustomizer@181e731e, org.springframework.boot.test.autoconfigure.properties.PropertyMappingContextCustomizer@0, org.springframework.boot.test.autoconfigure.web.servlet.WebDriverContextCustomizerFactory$Customizer@479460a6, org.springframework.boot.test.context.filter.ExcludeFilterContextCustomizer@68702e03, org.springframework.boot.test.json.DuplicateJsonObjectContextCustomizerFactory$DuplicateJsonObjectContextCustomizer@338c99c8, org.springframework.boot.test.mock.mockito.MockitoContextCustomizer@ad3122e0], contextLoader = 'org.springframework.test.context.support.DelegatingSmartContextLoader', parent = [null]]]
23:36:59.029 [Test worker] DEBUG org.springframework.test.context.cache - Spring test ApplicationContext cache statistics: [DefaultContextCache@743c6ce4 size = 1, maxSize = 32, parentContextCount = 0, hitCount = 27, missCount = 1]
23:36:59.029 [Test worker] DEBUG org.springframework.test.context.cache.DefaultCacheAwareContextLoaderDelegate - Retrieved ApplicationContext [974308356] from cache with key [[MergedContextConfiguration@72437d8d testClass = ScheduleServiceTest, locations = '{}', classes = '{class org.waldreg.schedule.management.DefaultScheduleManager}', contextInitializerClasses = '[]', activeProfiles = '{}', propertySourceLocations = '{}', propertySourceProperties = '{}', contextCustomizers = set[org.springframework.boot.test.autoconfigure.actuate.metrics.MetricsExportContextCustomizerFactory$DisableMetricExportContextCustomizer@181e731e, org.springframework.boot.test.autoconfigure.properties.PropertyMappingContextCustomizer@0, org.springframework.boot.test.autoconfigure.web.servlet.WebDriverContextCustomizerFactory$Customizer@479460a6, org.springframework.boot.test.context.filter.ExcludeFilterContextCustomizer@68702e03, org.springframework.boot.test.json.DuplicateJsonObjectContextCustomizerFactory$DuplicateJsonObjectContextCustomizer@338c99c8, org.springframework.boot.test.mock.mockito.MockitoContextCustomizer@ad3122e0], contextLoader = 'org.springframework.test.context.support.DelegatingSmartContextLoader', parent = [null]]]
23:36:59.029 [Test worker] DEBUG org.springframework.test.context.cache - Spring test ApplicationContext cache statistics: [DefaultContextCache@743c6ce4 size = 1, maxSize = 32, parentContextCount = 0, hitCount = 28, missCount = 1]
23:36:59.029 [Test worker] DEBUG org.springframework.test.context.cache.DefaultCacheAwareContextLoaderDelegate - Retrieved ApplicationContext [974308356] from cache with key [[MergedContextConfiguration@72437d8d testClass = ScheduleServiceTest, locations = '{}', classes = '{class org.waldreg.schedule.management.DefaultScheduleManager}', contextInitializerClasses = '[]', activeProfiles = '{}', propertySourceLocations = '{}', propertySourceProperties = '{}', contextCustomizers = set[org.springframework.boot.test.autoconfigure.actuate.metrics.MetricsExportContextCustomizerFactory$DisableMetricExportContextCustomizer@181e731e, org.springframework.boot.test.autoconfigure.properties.PropertyMappingContextCustomizer@0, org.springframework.boot.test.autoconfigure.web.servlet.WebDriverContextCustomizerFactory$Customizer@479460a6, org.springframework.boot.test.context.filter.ExcludeFilterContextCustomizer@68702e03, org.springframework.boot.test.json.DuplicateJsonObjectContextCustomizerFactory$DuplicateJsonObjectContextCustomizer@338c99c8, org.springframework.boot.test.mock.mockito.MockitoContextCustomizer@ad3122e0], contextLoader = 'org.springframework.test.context.support.DelegatingSmartContextLoader', parent = [null]]]
23:36:59.029 [Test worker] DEBUG org.springframework.test.context.cache - Spring test ApplicationContext cache statistics: [DefaultContextCache@743c6ce4 size = 1, maxSize = 32, parentContextCount = 0, hitCount = 29, missCount = 1]
23:36:59.031 [Test worker] DEBUG org.springframework.test.context.cache.DefaultCacheAwareContextLoaderDelegate - Retrieved ApplicationContext [974308356] from cache with key [[MergedContextConfiguration@72437d8d testClass = ScheduleServiceTest, locations = '{}', classes = '{class org.waldreg.schedule.management.DefaultScheduleManager}', contextInitializerClasses = '[]', activeProfiles = '{}', propertySourceLocations = '{}', propertySourceProperties = '{}', contextCustomizers = set[org.springframework.boot.test.autoconfigure.actuate.metrics.MetricsExportContextCustomizerFactory$DisableMetricExportContextCustomizer@181e731e, org.springframework.boot.test.autoconfigure.properties.PropertyMappingContextCustomizer@0, org.springframework.boot.test.autoconfigure.web.servlet.WebDriverContextCustomizerFactory$Customizer@479460a6, org.springframework.boot.test.context.filter.ExcludeFilterContextCustomizer@68702e03, org.springframework.boot.test.json.DuplicateJsonObjectContextCustomizerFactory$DuplicateJsonObjectContextCustomizer@338c99c8, org.springframework.boot.test.mock.mockito.MockitoContextCustomizer@ad3122e0], contextLoader = 'org.springframework.test.context.support.DelegatingSmartContextLoader', parent = [null]]]
23:36:59.031 [Test worker] DEBUG org.springframework.test.context.cache - Spring test ApplicationContext cache statistics: [DefaultContextCache@743c6ce4 size = 1, maxSize = 32, parentContextCount = 0, hitCount = 30, missCount = 1]
23:36:59.031 [Test worker] DEBUG org.springframework.test.context.cache.DefaultCacheAwareContextLoaderDelegate - Retrieved ApplicationContext [974308356] from cache with key [[MergedContextConfiguration@72437d8d testClass = ScheduleServiceTest, locations = '{}', classes = '{class org.waldreg.schedule.management.DefaultScheduleManager}', contextInitializerClasses = '[]', activeProfiles = '{}', propertySourceLocations = '{}', propertySourceProperties = '{}', contextCustomizers = set[org.springframework.boot.test.autoconfigure.actuate.metrics.MetricsExportContextCustomizerFactory$DisableMetricExportContextCustomizer@181e731e, org.springframework.boot.test.autoconfigure.properties.PropertyMappingContextCustomizer@0, org.springframework.boot.test.autoconfigure.web.servlet.WebDriverContextCustomizerFactory$Customizer@479460a6, org.springframework.boot.test.context.filter.ExcludeFilterContextCustomizer@68702e03, org.springframework.boot.test.json.DuplicateJsonObjectContextCustomizerFactory$DuplicateJsonObjectContextCustomizer@338c99c8, org.springframework.boot.test.mock.mockito.MockitoContextCustomizer@ad3122e0], contextLoader = 'org.springframework.test.context.support.DelegatingSmartContextLoader', parent = [null]]]
23:36:59.031 [Test worker] DEBUG org.springframework.test.context.cache - Spring test ApplicationContext cache statistics: [DefaultContextCache@743c6ce4 size = 1, maxSize = 32, parentContextCount = 0, hitCount = 31, missCount = 1]
23:36:59.031 [Test worker] DEBUG org.springframework.test.context.cache.DefaultCacheAwareContextLoaderDelegate - Retrieved ApplicationContext [974308356] from cache with key [[MergedContextConfiguration@72437d8d testClass = ScheduleServiceTest, locations = '{}', classes = '{class org.waldreg.schedule.management.DefaultScheduleManager}', contextInitializerClasses = '[]', activeProfiles = '{}', propertySourceLocations = '{}', propertySourceProperties = '{}', contextCustomizers = set[org.springframework.boot.test.autoconfigure.actuate.metrics.MetricsExportContextCustomizerFactory$DisableMetricExportContextCustomizer@181e731e, org.springframework.boot.test.autoconfigure.properties.PropertyMappingContextCustomizer@0, org.springframework.boot.test.autoconfigure.web.servlet.WebDriverContextCustomizerFactory$Customizer@479460a6, org.springframework.boot.test.context.filter.ExcludeFilterContextCustomizer@68702e03, org.springframework.boot.test.json.DuplicateJsonObjectContextCustomizerFactory$DuplicateJsonObjectContextCustomizer@338c99c8, org.springframework.boot.test.mock.mockito.MockitoContextCustomizer@ad3122e0], contextLoader = 'org.springframework.test.context.support.DelegatingSmartContextLoader', parent = [null]]]
23:36:59.031 [Test worker] DEBUG org.springframework.test.context.cache - Spring test ApplicationContext cache statistics: [DefaultContextCache@743c6ce4 size = 1, maxSize = 32, parentContextCount = 0, hitCount = 32, missCount = 1]
23:36:59.031 [Test worker] DEBUG org.springframework.test.context.cache.DefaultCacheAwareContextLoaderDelegate - Retrieved ApplicationContext [974308356] from cache with key [[MergedContextConfiguration@72437d8d testClass = ScheduleServiceTest, locations = '{}', classes = '{class org.waldreg.schedule.management.DefaultScheduleManager}', contextInitializerClasses = '[]', activeProfiles = '{}', propertySourceLocations = '{}', propertySourceProperties = '{}', contextCustomizers = set[org.springframework.boot.test.autoconfigure.actuate.metrics.MetricsExportContextCustomizerFactory$DisableMetricExportContextCustomizer@181e731e, org.springframework.boot.test.autoconfigure.properties.PropertyMappingContextCustomizer@0, org.springframework.boot.test.autoconfigure.web.servlet.WebDriverContextCustomizerFactory$Customizer@479460a6, org.springframework.boot.test.context.filter.ExcludeFilterContextCustomizer@68702e03, org.springframework.boot.test.json.DuplicateJsonObjectContextCustomizerFactory$DuplicateJsonObjectContextCustomizer@338c99c8, org.springframework.boot.test.mock.mockito.MockitoContextCustomizer@ad3122e0], contextLoader = 'org.springframework.test.context.support.DelegatingSmartContextLoader', parent = [null]]]
23:36:59.031 [Test worker] DEBUG org.springframework.test.context.cache - Spring test ApplicationContext cache statistics: [DefaultContextCache@743c6ce4 size = 1, maxSize = 32, parentContextCount = 0, hitCount = 33, missCount = 1]
23:36:59.031 [Test worker] DEBUG org.springframework.test.context.cache.DefaultCacheAwareContextLoaderDelegate - Retrieved ApplicationContext [974308356] from cache with key [[MergedContextConfiguration@72437d8d testClass = ScheduleServiceTest, locations = '{}', classes = '{class org.waldreg.schedule.management.DefaultScheduleManager}', contextInitializerClasses = '[]', activeProfiles = '{}', propertySourceLocations = '{}', propertySourceProperties = '{}', contextCustomizers = set[org.springframework.boot.test.autoconfigure.actuate.metrics.MetricsExportContextCustomizerFactory$DisableMetricExportContextCustomizer@181e731e, org.springframework.boot.test.autoconfigure.properties.PropertyMappingContextCustomizer@0, org.springframework.boot.test.autoconfigure.web.servlet.WebDriverContextCustomizerFactory$Customizer@479460a6, org.springframework.boot.test.context.filter.ExcludeFilterContextCustomizer@68702e03, org.springframework.boot.test.json.DuplicateJsonObjectContextCustomizerFactory$DuplicateJsonObjectContextCustomizer@338c99c8, org.springframework.boot.test.mock.mockito.MockitoContextCustomizer@ad3122e0], contextLoader = 'org.springframework.test.context.support.DelegatingSmartContextLoader', parent = [null]]]
23:36:59.031 [Test worker] DEBUG org.springframework.test.context.cache - Spring test ApplicationContext cache statistics: [DefaultContextCache@743c6ce4 size = 1, maxSize = 32, parentContextCount = 0, hitCount = 34, missCount = 1]
23:36:59.032 [Test worker] DEBUG org.springframework.test.context.cache.DefaultCacheAwareContextLoaderDelegate - Retrieved ApplicationContext [974308356] from cache with key [[MergedContextConfiguration@72437d8d testClass = ScheduleServiceTest, locations = '{}', classes = '{class org.waldreg.schedule.management.DefaultScheduleManager}', contextInitializerClasses = '[]', activeProfiles = '{}', propertySourceLocations = '{}', propertySourceProperties = '{}', contextCustomizers = set[org.springframework.boot.test.autoconfigure.actuate.metrics.MetricsExportContextCustomizerFactory$DisableMetricExportContextCustomizer@181e731e, org.springframework.boot.test.autoconfigure.properties.PropertyMappingContextCustomizer@0, org.springframework.boot.test.autoconfigure.web.servlet.WebDriverContextCustomizerFactory$Customizer@479460a6, org.springframework.boot.test.context.filter.ExcludeFilterContextCustomizer@68702e03, org.springframework.boot.test.json.DuplicateJsonObjectContextCustomizerFactory$DuplicateJsonObjectContextCustomizer@338c99c8, org.springframework.boot.test.mock.mockito.MockitoContextCustomizer@ad3122e0], contextLoader = 'org.springframework.test.context.support.DelegatingSmartContextLoader', parent = [null]]]
23:36:59.032 [Test worker] DEBUG org.springframework.test.context.cache - Spring test ApplicationContext cache statistics: [DefaultContextCache@743c6ce4 size = 1, maxSize = 32, parentContextCount = 0, hitCount = 35, missCount = 1]
23:36:59.032 [Test worker] DEBUG org.springframework.test.context.support.AbstractDirtiesContextTestExecutionListener - After test method: context [DefaultTestContext@1c481ff2 testClass = ScheduleServiceTest, testInstance = org.waldreg.schedule.ScheduleServiceTest@ca93621, testMethod = UPDATE_SCHEDULE_FAIL_CAUSE_CONTENT_OVERFLOW_TEST@ScheduleServiceTest, testException = [null], mergedContextConfiguration = [MergedContextConfiguration@72437d8d testClass = ScheduleServiceTest, locations = '{}', classes = '{class org.waldreg.schedule.management.DefaultScheduleManager}', contextInitializerClasses = '[]', activeProfiles = '{}', propertySourceLocations = '{}', propertySourceProperties = '{}', contextCustomizers = set[org.springframework.boot.test.autoconfigure.actuate.metrics.MetricsExportContextCustomizerFactory$DisableMetricExportContextCustomizer@181e731e, org.springframework.boot.test.autoconfigure.properties.PropertyMappingContextCustomizer@0, org.springframework.boot.test.autoconfigure.web.servlet.WebDriverContextCustomizerFactory$Customizer@479460a6, org.springframework.boot.test.context.filter.ExcludeFilterContextCustomizer@68702e03, org.springframework.boot.test.json.DuplicateJsonObjectContextCustomizerFactory$DuplicateJsonObjectContextCustomizer@338c99c8, org.springframework.boot.test.mock.mockito.MockitoContextCustomizer@ad3122e0], contextLoader = 'org.springframework.test.context.support.DelegatingSmartContextLoader', parent = [null]], attributes = map['org.springframework.test.context.event.ApplicationEventsTestExecutionListener.recordApplicationEvents' -> false]], class annotated with @DirtiesContext [false] with mode [null], method annotated with @DirtiesContext [false] with mode [null].
23:36:59.032 [Test worker] DEBUG org.springframework.test.context.cache.DefaultCacheAwareContextLoaderDelegate - Retrieved ApplicationContext [974308356] from cache with key [[MergedContextConfiguration@72437d8d testClass = ScheduleServiceTest, locations = '{}', classes = '{class org.waldreg.schedule.management.DefaultScheduleManager}', contextInitializerClasses = '[]', activeProfiles = '{}', propertySourceLocations = '{}', propertySourceProperties = '{}', contextCustomizers = set[org.springframework.boot.test.autoconfigure.actuate.metrics.MetricsExportContextCustomizerFactory$DisableMetricExportContextCustomizer@181e731e, org.springframework.boot.test.autoconfigure.properties.PropertyMappingContextCustomizer@0, org.springframework.boot.test.autoconfigure.web.servlet.WebDriverContextCustomizerFactory$Customizer@479460a6, org.springframework.boot.test.context.filter.ExcludeFilterContextCustomizer@68702e03, org.springframework.boot.test.json.DuplicateJsonObjectContextCustomizerFactory$DuplicateJsonObjectContextCustomizer@338c99c8, org.springframework.boot.test.mock.mockito.MockitoContextCustomizer@ad3122e0], contextLoader = 'org.springframework.test.context.support.DelegatingSmartContextLoader', parent = [null]]]
23:36:59.032 [Test worker] DEBUG org.springframework.test.context.cache - Spring test ApplicationContext cache statistics: [DefaultContextCache@743c6ce4 size = 1, maxSize = 32, parentContextCount = 0, hitCount = 36, missCount = 1]
23:36:59.032 [Test worker] DEBUG org.springframework.test.context.support.DependencyInjectionTestExecutionListener - Performing dependency injection for test context [[DefaultTestContext@1c481ff2 testClass = ScheduleServiceTest, testInstance = org.waldreg.schedule.ScheduleServiceTest@6dfcffb5, testMethod = [null], testException = [null], mergedContextConfiguration = [MergedContextConfiguration@72437d8d testClass = ScheduleServiceTest, locations = '{}', classes = '{class org.waldreg.schedule.management.DefaultScheduleManager}', contextInitializerClasses = '[]', activeProfiles = '{}', propertySourceLocations = '{}', propertySourceProperties = '{}', contextCustomizers = set[org.springframework.boot.test.autoconfigure.actuate.metrics.MetricsExportContextCustomizerFactory$DisableMetricExportContextCustomizer@181e731e, org.springframework.boot.test.autoconfigure.properties.PropertyMappingContextCustomizer@0, org.springframework.boot.test.autoconfigure.web.servlet.WebDriverContextCustomizerFactory$Customizer@479460a6, org.springframework.boot.test.context.filter.ExcludeFilterContextCustomizer@68702e03, org.springframework.boot.test.json.DuplicateJsonObjectContextCustomizerFactory$DuplicateJsonObjectContextCustomizer@338c99c8, org.springframework.boot.test.mock.mockito.MockitoContextCustomizer@ad3122e0], contextLoader = 'org.springframework.test.context.support.DelegatingSmartContextLoader', parent = [null]], attributes = map['org.springframework.test.context.event.ApplicationEventsTestExecutionListener.recordApplicationEvents' -> false]]].
23:36:59.032 [Test worker] DEBUG org.springframework.test.context.cache.DefaultCacheAwareContextLoaderDelegate - Retrieved ApplicationContext [974308356] from cache with key [[MergedContextConfiguration@72437d8d testClass = ScheduleServiceTest, locations = '{}', classes = '{class org.waldreg.schedule.management.DefaultScheduleManager}', contextInitializerClasses = '[]', activeProfiles = '{}', propertySourceLocations = '{}', propertySourceProperties = '{}', contextCustomizers = set[org.springframework.boot.test.autoconfigure.actuate.metrics.MetricsExportContextCustomizerFactory$DisableMetricExportContextCustomizer@181e731e, org.springframework.boot.test.autoconfigure.properties.PropertyMappingContextCustomizer@0, org.springframework.boot.test.autoconfigure.web.servlet.WebDriverContextCustomizerFactory$Customizer@479460a6, org.springframework.boot.test.context.filter.ExcludeFilterContextCustomizer@68702e03, org.springframework.boot.test.json.DuplicateJsonObjectContextCustomizerFactory$DuplicateJsonObjectContextCustomizer@338c99c8, org.springframework.boot.test.mock.mockito.MockitoContextCustomizer@ad3122e0], contextLoader = 'org.springframework.test.context.support.DelegatingSmartContextLoader', parent = [null]]]
23:36:59.032 [Test worker] DEBUG org.springframework.test.context.cache - Spring test ApplicationContext cache statistics: [DefaultContextCache@743c6ce4 size = 1, maxSize = 32, parentContextCount = 0, hitCount = 37, missCount = 1]
23:36:59.032 [Test worker] DEBUG org.springframework.test.context.cache.DefaultCacheAwareContextLoaderDelegate - Retrieved ApplicationContext [974308356] from cache with key [[MergedContextConfiguration@72437d8d testClass = ScheduleServiceTest, locations = '{}', classes = '{class org.waldreg.schedule.management.DefaultScheduleManager}', contextInitializerClasses = '[]', activeProfiles = '{}', propertySourceLocations = '{}', propertySourceProperties = '{}', contextCustomizers = set[org.springframework.boot.test.autoconfigure.actuate.metrics.MetricsExportContextCustomizerFactory$DisableMetricExportContextCustomizer@181e731e, org.springframework.boot.test.autoconfigure.properties.PropertyMappingContextCustomizer@0, org.springframework.boot.test.autoconfigure.web.servlet.WebDriverContextCustomizerFactory$Customizer@479460a6, org.springframework.boot.test.context.filter.ExcludeFilterContextCustomizer@68702e03, org.springframework.boot.test.json.DuplicateJsonObjectContextCustomizerFactory$DuplicateJsonObjectContextCustomizer@338c99c8, org.springframework.boot.test.mock.mockito.MockitoContextCustomizer@ad3122e0], contextLoader = 'org.springframework.test.context.support.DelegatingSmartContextLoader', parent = [null]]]
23:36:59.033 [Test worker] DEBUG org.springframework.test.context.cache - Spring test ApplicationContext cache statistics: [DefaultContextCache@743c6ce4 size = 1, maxSize = 32, parentContextCount = 0, hitCount = 38, missCount = 1]
23:36:59.033 [Test worker] DEBUG org.springframework.test.context.support.AbstractDirtiesContextTestExecutionListener - Before test method: context [DefaultTestContext@1c481ff2 testClass = ScheduleServiceTest, testInstance = org.waldreg.schedule.ScheduleServiceTest@6dfcffb5, testMethod = READ_SCHEDULE_BY_TERM_FAIL_CAUSE_INVALID_DATE_FORMAT_TEST@ScheduleServiceTest, testException = [null], mergedContextConfiguration = [MergedContextConfiguration@72437d8d testClass = ScheduleServiceTest, locations = '{}', classes = '{class org.waldreg.schedule.management.DefaultScheduleManager}', contextInitializerClasses = '[]', activeProfiles = '{}', propertySourceLocations = '{}', propertySourceProperties = '{}', contextCustomizers = set[org.springframework.boot.test.autoconfigure.actuate.metrics.MetricsExportContextCustomizerFactory$DisableMetricExportContextCustomizer@181e731e, org.springframework.boot.test.autoconfigure.properties.PropertyMappingContextCustomizer@0, org.springframework.boot.test.autoconfigure.web.servlet.WebDriverContextCustomizerFactory$Customizer@479460a6, org.springframework.boot.test.context.filter.ExcludeFilterContextCustomizer@68702e03, org.springframework.boot.test.json.DuplicateJsonObjectContextCustomizerFactory$DuplicateJsonObjectContextCustomizer@338c99c8, org.springframework.boot.test.mock.mockito.MockitoContextCustomizer@ad3122e0], contextLoader = 'org.springframework.test.context.support.DelegatingSmartContextLoader', parent = [null]], attributes = map['org.springframework.test.context.event.ApplicationEventsTestExecutionListener.recordApplicationEvents' -> false]], class annotated with @DirtiesContext [false] with mode [null], method annotated with @DirtiesContext [false] with mode [null].
23:36:59.033 [Test worker] DEBUG org.springframework.test.context.cache.DefaultCacheAwareContextLoaderDelegate - Retrieved ApplicationContext [974308356] from cache with key [[MergedContextConfiguration@72437d8d testClass = ScheduleServiceTest, locations = '{}', classes = '{class org.waldreg.schedule.management.DefaultScheduleManager}', contextInitializerClasses = '[]', activeProfiles = '{}', propertySourceLocations = '{}', propertySourceProperties = '{}', contextCustomizers = set[org.springframework.boot.test.autoconfigure.actuate.metrics.MetricsExportContextCustomizerFactory$DisableMetricExportContextCustomizer@181e731e, org.springframework.boot.test.autoconfigure.properties.PropertyMappingContextCustomizer@0, org.springframework.boot.test.autoconfigure.web.servlet.WebDriverContextCustomizerFactory$Customizer@479460a6, org.springframework.boot.test.context.filter.ExcludeFilterContextCustomizer@68702e03, org.springframework.boot.test.json.DuplicateJsonObjectContextCustomizerFactory$DuplicateJsonObjectContextCustomizer@338c99c8, org.springframework.boot.test.mock.mockito.MockitoContextCustomizer@ad3122e0], contextLoader = 'org.springframework.test.context.support.DelegatingSmartContextLoader', parent = [null]]]
23:36:59.033 [Test worker] DEBUG org.springframework.test.context.cache - Spring test ApplicationContext cache statistics: [DefaultContextCache@743c6ce4 size = 1, maxSize = 32, parentContextCount = 0, hitCount = 39, missCount = 1]
23:36:59.033 [Test worker] DEBUG org.springframework.test.context.cache.DefaultCacheAwareContextLoaderDelegate - Retrieved ApplicationContext [974308356] from cache with key [[MergedContextConfiguration@72437d8d testClass = ScheduleServiceTest, locations = '{}', classes = '{class org.waldreg.schedule.management.DefaultScheduleManager}', contextInitializerClasses = '[]', activeProfiles = '{}', propertySourceLocations = '{}', propertySourceProperties = '{}', contextCustomizers = set[org.springframework.boot.test.autoconfigure.actuate.metrics.MetricsExportContextCustomizerFactory$DisableMetricExportContextCustomizer@181e731e, org.springframework.boot.test.autoconfigure.properties.PropertyMappingContextCustomizer@0, org.springframework.boot.test.autoconfigure.web.servlet.WebDriverContextCustomizerFactory$Customizer@479460a6, org.springframework.boot.test.context.filter.ExcludeFilterContextCustomizer@68702e03, org.springframework.boot.test.json.DuplicateJsonObjectContextCustomizerFactory$DuplicateJsonObjectContextCustomizer@338c99c8, org.springframework.boot.test.mock.mockito.MockitoContextCustomizer@ad3122e0], contextLoader = 'org.springframework.test.context.support.DelegatingSmartContextLoader', parent = [null]]]
23:36:59.033 [Test worker] DEBUG org.springframework.test.context.cache - Spring test ApplicationContext cache statistics: [DefaultContextCache@743c6ce4 size = 1, maxSize = 32, parentContextCount = 0, hitCount = 40, missCount = 1]
23:36:59.033 [Test worker] DEBUG org.springframework.test.context.cache.DefaultCacheAwareContextLoaderDelegate - Retrieved ApplicationContext [974308356] from cache with key [[MergedContextConfiguration@72437d8d testClass = ScheduleServiceTest, locations = '{}', classes = '{class org.waldreg.schedule.management.DefaultScheduleManager}', contextInitializerClasses = '[]', activeProfiles = '{}', propertySourceLocations = '{}', propertySourceProperties = '{}', contextCustomizers = set[org.springframework.boot.test.autoconfigure.actuate.metrics.MetricsExportContextCustomizerFactory$DisableMetricExportContextCustomizer@181e731e, org.springframework.boot.test.autoconfigure.properties.PropertyMappingContextCustomizer@0, org.springframework.boot.test.autoconfigure.web.servlet.WebDriverContextCustomizerFactory$Customizer@479460a6, org.springframework.boot.test.context.filter.ExcludeFilterContextCustomizer@68702e03, org.springframework.boot.test.json.DuplicateJsonObjectContextCustomizerFactory$DuplicateJsonObjectContextCustomizer@338c99c8, org.springframework.boot.test.mock.mockito.MockitoContextCustomizer@ad3122e0], contextLoader = 'org.springframework.test.context.support.DelegatingSmartContextLoader', parent = [null]]]
23:36:59.033 [Test worker] DEBUG org.springframework.test.context.cache - Spring test ApplicationContext cache statistics: [DefaultContextCache@743c6ce4 size = 1, maxSize = 32, parentContextCount = 0, hitCount = 41, missCount = 1]
23:36:59.034 [Test worker] DEBUG org.springframework.test.context.cache.DefaultCacheAwareContextLoaderDelegate - Retrieved ApplicationContext [974308356] from cache with key [[MergedContextConfiguration@72437d8d testClass = ScheduleServiceTest, locations = '{}', classes = '{class org.waldreg.schedule.management.DefaultScheduleManager}', contextInitializerClasses = '[]', activeProfiles = '{}', propertySourceLocations = '{}', propertySourceProperties = '{}', contextCustomizers = set[org.springframework.boot.test.autoconfigure.actuate.metrics.MetricsExportContextCustomizerFactory$DisableMetricExportContextCustomizer@181e731e, org.springframework.boot.test.autoconfigure.properties.PropertyMappingContextCustomizer@0, org.springframework.boot.test.autoconfigure.web.servlet.WebDriverContextCustomizerFactory$Customizer@479460a6, org.springframework.boot.test.context.filter.ExcludeFilterContextCustomizer@68702e03, org.springframework.boot.test.json.DuplicateJsonObjectContextCustomizerFactory$DuplicateJsonObjectContextCustomizer@338c99c8, org.springframework.boot.test.mock.mockito.MockitoContextCustomizer@ad3122e0], contextLoader = 'org.springframework.test.context.support.DelegatingSmartContextLoader', parent = [null]]]
23:36:59.034 [Test worker] DEBUG org.springframework.test.context.cache - Spring test ApplicationContext cache statistics: [DefaultContextCache@743c6ce4 size = 1, maxSize = 32, parentContextCount = 0, hitCount = 42, missCount = 1]
23:36:59.034 [Test worker] DEBUG org.springframework.test.context.cache.DefaultCacheAwareContextLoaderDelegate - Retrieved ApplicationContext [974308356] from cache with key [[MergedContextConfiguration@72437d8d testClass = ScheduleServiceTest, locations = '{}', classes = '{class org.waldreg.schedule.management.DefaultScheduleManager}', contextInitializerClasses = '[]', activeProfiles = '{}', propertySourceLocations = '{}', propertySourceProperties = '{}', contextCustomizers = set[org.springframework.boot.test.autoconfigure.actuate.metrics.MetricsExportContextCustomizerFactory$DisableMetricExportContextCustomizer@181e731e, org.springframework.boot.test.autoconfigure.properties.PropertyMappingContextCustomizer@0, org.springframework.boot.test.autoconfigure.web.servlet.WebDriverContextCustomizerFactory$Customizer@479460a6, org.springframework.boot.test.context.filter.ExcludeFilterContextCustomizer@68702e03, org.springframework.boot.test.json.DuplicateJsonObjectContextCustomizerFactory$DuplicateJsonObjectContextCustomizer@338c99c8, org.springframework.boot.test.mock.mockito.MockitoContextCustomizer@ad3122e0], contextLoader = 'org.springframework.test.context.support.DelegatingSmartContextLoader', parent = [null]]]
23:36:59.034 [Test worker] DEBUG org.springframework.test.context.cache - Spring test ApplicationContext cache statistics: [DefaultContextCache@743c6ce4 size = 1, maxSize = 32, parentContextCount = 0, hitCount = 43, missCount = 1]
23:36:59.034 [Test worker] DEBUG org.springframework.test.context.cache.DefaultCacheAwareContextLoaderDelegate - Retrieved ApplicationContext [974308356] from cache with key [[MergedContextConfiguration@72437d8d testClass = ScheduleServiceTest, locations = '{}', classes = '{class org.waldreg.schedule.management.DefaultScheduleManager}', contextInitializerClasses = '[]', activeProfiles = '{}', propertySourceLocations = '{}', propertySourceProperties = '{}', contextCustomizers = set[org.springframework.boot.test.autoconfigure.actuate.metrics.MetricsExportContextCustomizerFactory$DisableMetricExportContextCustomizer@181e731e, org.springframework.boot.test.autoconfigure.properties.PropertyMappingContextCustomizer@0, org.springframework.boot.test.autoconfigure.web.servlet.WebDriverContextCustomizerFactory$Customizer@479460a6, org.springframework.boot.test.context.filter.ExcludeFilterContextCustomizer@68702e03, org.springframework.boot.test.json.DuplicateJsonObjectContextCustomizerFactory$DuplicateJsonObjectContextCustomizer@338c99c8, org.springframework.boot.test.mock.mockito.MockitoContextCustomizer@ad3122e0], contextLoader = 'org.springframework.test.context.support.DelegatingSmartContextLoader', parent = [null]]]
23:36:59.034 [Test worker] DEBUG org.springframework.test.context.cache - Spring test ApplicationContext cache statistics: [DefaultContextCache@743c6ce4 size = 1, maxSize = 32, parentContextCount = 0, hitCount = 44, missCount = 1]
23:36:59.034 [Test worker] DEBUG org.springframework.test.context.cache.DefaultCacheAwareContextLoaderDelegate - Retrieved ApplicationContext [974308356] from cache with key [[MergedContextConfiguration@72437d8d testClass = ScheduleServiceTest, locations = '{}', classes = '{class org.waldreg.schedule.management.DefaultScheduleManager}', contextInitializerClasses = '[]', activeProfiles = '{}', propertySourceLocations = '{}', propertySourceProperties = '{}', contextCustomizers = set[org.springframework.boot.test.autoconfigure.actuate.metrics.MetricsExportContextCustomizerFactory$DisableMetricExportContextCustomizer@181e731e, org.springframework.boot.test.autoconfigure.properties.PropertyMappingContextCustomizer@0, org.springframework.boot.test.autoconfigure.web.servlet.WebDriverContextCustomizerFactory$Customizer@479460a6, org.springframework.boot.test.context.filter.ExcludeFilterContextCustomizer@68702e03, org.springframework.boot.test.json.DuplicateJsonObjectContextCustomizerFactory$DuplicateJsonObjectContextCustomizer@338c99c8, org.springframework.boot.test.mock.mockito.MockitoContextCustomizer@ad3122e0], contextLoader = 'org.springframework.test.context.support.DelegatingSmartContextLoader', parent = [null]]]
23:36:59.034 [Test worker] DEBUG org.springframework.test.context.cache - Spring test ApplicationContext cache statistics: [DefaultContextCache@743c6ce4 size = 1, maxSize = 32, parentContextCount = 0, hitCount = 45, missCount = 1]
23:36:59.035 [Test worker] DEBUG org.springframework.test.context.cache.DefaultCacheAwareContextLoaderDelegate - Retrieved ApplicationContext [974308356] from cache with key [[MergedContextConfiguration@72437d8d testClass = ScheduleServiceTest, locations = '{}', classes = '{class org.waldreg.schedule.management.DefaultScheduleManager}', contextInitializerClasses = '[]', activeProfiles = '{}', propertySourceLocations = '{}', propertySourceProperties = '{}', contextCustomizers = set[org.springframework.boot.test.autoconfigure.actuate.metrics.MetricsExportContextCustomizerFactory$DisableMetricExportContextCustomizer@181e731e, org.springframework.boot.test.autoconfigure.properties.PropertyMappingContextCustomizer@0, org.springframework.boot.test.autoconfigure.web.servlet.WebDriverContextCustomizerFactory$Customizer@479460a6, org.springframework.boot.test.context.filter.ExcludeFilterContextCustomizer@68702e03, org.springframework.boot.test.json.DuplicateJsonObjectContextCustomizerFactory$DuplicateJsonObjectContextCustomizer@338c99c8, org.springframework.boot.test.mock.mockito.MockitoContextCustomizer@ad3122e0], contextLoader = 'org.springframework.test.context.support.DelegatingSmartContextLoader', parent = [null]]]
23:36:59.035 [Test worker] DEBUG org.springframework.test.context.cache - Spring test ApplicationContext cache statistics: [DefaultContextCache@743c6ce4 size = 1, maxSize = 32, parentContextCount = 0, hitCount = 46, missCount = 1]
23:36:59.035 [Test worker] DEBUG org.springframework.test.context.cache.DefaultCacheAwareContextLoaderDelegate - Retrieved ApplicationContext [974308356] from cache with key [[MergedContextConfiguration@72437d8d testClass = ScheduleServiceTest, locations = '{}', classes = '{class org.waldreg.schedule.management.DefaultScheduleManager}', contextInitializerClasses = '[]', activeProfiles = '{}', propertySourceLocations = '{}', propertySourceProperties = '{}', contextCustomizers = set[org.springframework.boot.test.autoconfigure.actuate.metrics.MetricsExportContextCustomizerFactory$DisableMetricExportContextCustomizer@181e731e, org.springframework.boot.test.autoconfigure.properties.PropertyMappingContextCustomizer@0, org.springframework.boot.test.autoconfigure.web.servlet.WebDriverContextCustomizerFactory$Customizer@479460a6, org.springframework.boot.test.context.filter.ExcludeFilterContextCustomizer@68702e03, org.springframework.boot.test.json.DuplicateJsonObjectContextCustomizerFactory$DuplicateJsonObjectContextCustomizer@338c99c8, org.springframework.boot.test.mock.mockito.MockitoContextCustomizer@ad3122e0], contextLoader = 'org.springframework.test.context.support.DelegatingSmartContextLoader', parent = [null]]]
23:36:59.035 [Test worker] DEBUG org.springframework.test.context.cache - Spring test ApplicationContext cache statistics: [DefaultContextCache@743c6ce4 size = 1, maxSize = 32, parentContextCount = 0, hitCount = 47, missCount = 1]
23:36:59.035 [Test worker] DEBUG org.springframework.test.context.support.AbstractDirtiesContextTestExecutionListener - After test method: context [DefaultTestContext@1c481ff2 testClass = ScheduleServiceTest, testInstance = org.waldreg.schedule.ScheduleServiceTest@6dfcffb5, testMethod = READ_SCHEDULE_BY_TERM_FAIL_CAUSE_INVALID_DATE_FORMAT_TEST@ScheduleServiceTest, testException = [null], mergedContextConfiguration = [MergedContextConfiguration@72437d8d testClass = ScheduleServiceTest, locations = '{}', classes = '{class org.waldreg.schedule.management.DefaultScheduleManager}', contextInitializerClasses = '[]', activeProfiles = '{}', propertySourceLocations = '{}', propertySourceProperties = '{}', contextCustomizers = set[org.springframework.boot.test.autoconfigure.actuate.metrics.MetricsExportContextCustomizerFactory$DisableMetricExportContextCustomizer@181e731e, org.springframework.boot.test.autoconfigure.properties.PropertyMappingContextCustomizer@0, org.springframework.boot.test.autoconfigure.web.servlet.WebDriverContextCustomizerFactory$Customizer@479460a6, org.springframework.boot.test.context.filter.ExcludeFilterContextCustomizer@68702e03, org.springframework.boot.test.json.DuplicateJsonObjectContextCustomizerFactory$DuplicateJsonObjectContextCustomizer@338c99c8, org.springframework.boot.test.mock.mockito.MockitoContextCustomizer@ad3122e0], contextLoader = 'org.springframework.test.context.support.DelegatingSmartContextLoader', parent = [null]], attributes = map['org.springframework.test.context.event.ApplicationEventsTestExecutionListener.recordApplicationEvents' -> false]], class annotated with @DirtiesContext [false] with mode [null], method annotated with @DirtiesContext [false] with mode [null].
23:36:59.035 [Test worker] DEBUG org.springframework.test.context.cache.DefaultCacheAwareContextLoaderDelegate - Retrieved ApplicationContext [974308356] from cache with key [[MergedContextConfiguration@72437d8d testClass = ScheduleServiceTest, locations = '{}', classes = '{class org.waldreg.schedule.management.DefaultScheduleManager}', contextInitializerClasses = '[]', activeProfiles = '{}', propertySourceLocations = '{}', propertySourceProperties = '{}', contextCustomizers = set[org.springframework.boot.test.autoconfigure.actuate.metrics.MetricsExportContextCustomizerFactory$DisableMetricExportContextCustomizer@181e731e, org.springframework.boot.test.autoconfigure.properties.PropertyMappingContextCustomizer@0, org.springframework.boot.test.autoconfigure.web.servlet.WebDriverContextCustomizerFactory$Customizer@479460a6, org.springframework.boot.test.context.filter.ExcludeFilterContextCustomizer@68702e03, org.springframework.boot.test.json.DuplicateJsonObjectContextCustomizerFactory$DuplicateJsonObjectContextCustomizer@338c99c8, org.springframework.boot.test.mock.mockito.MockitoContextCustomizer@ad3122e0], contextLoader = 'org.springframework.test.context.support.DelegatingSmartContextLoader', parent = [null]]]
23:36:59.035 [Test worker] DEBUG org.springframework.test.context.cache - Spring test ApplicationContext cache statistics: [DefaultContextCache@743c6ce4 size = 1, maxSize = 32, parentContextCount = 0, hitCount = 48, missCount = 1]
23:36:59.035 [Test worker] DEBUG org.springframework.test.context.support.DependencyInjectionTestExecutionListener - Performing dependency injection for test context [[DefaultTestContext@1c481ff2 testClass = ScheduleServiceTest, testInstance = org.waldreg.schedule.ScheduleServiceTest@1e530163, testMethod = [null], testException = [null], mergedContextConfiguration = [MergedContextConfiguration@72437d8d testClass = ScheduleServiceTest, locations = '{}', classes = '{class org.waldreg.schedule.management.DefaultScheduleManager}', contextInitializerClasses = '[]', activeProfiles = '{}', propertySourceLocations = '{}', propertySourceProperties = '{}', contextCustomizers = set[org.springframework.boot.test.autoconfigure.actuate.metrics.MetricsExportContextCustomizerFactory$DisableMetricExportContextCustomizer@181e731e, org.springframework.boot.test.autoconfigure.properties.PropertyMappingContextCustomizer@0, org.springframework.boot.test.autoconfigure.web.servlet.WebDriverContextCustomizerFactory$Customizer@479460a6, org.springframework.boot.test.context.filter.ExcludeFilterContextCustomizer@68702e03, org.springframework.boot.test.json.DuplicateJsonObjectContextCustomizerFactory$DuplicateJsonObjectContextCustomizer@338c99c8, org.springframework.boot.test.mock.mockito.MockitoContextCustomizer@ad3122e0], contextLoader = 'org.springframework.test.context.support.DelegatingSmartContextLoader', parent = [null]], attributes = map['org.springframework.test.context.event.ApplicationEventsTestExecutionListener.recordApplicationEvents' -> false]]].
23:36:59.035 [Test worker] DEBUG org.springframework.test.context.cache.DefaultCacheAwareContextLoaderDelegate - Retrieved ApplicationContext [974308356] from cache with key [[MergedContextConfiguration@72437d8d testClass = ScheduleServiceTest, locations = '{}', classes = '{class org.waldreg.schedule.management.DefaultScheduleManager}', contextInitializerClasses = '[]', activeProfiles = '{}', propertySourceLocations = '{}', propertySourceProperties = '{}', contextCustomizers = set[org.springframework.boot.test.autoconfigure.actuate.metrics.MetricsExportContextCustomizerFactory$DisableMetricExportContextCustomizer@181e731e, org.springframework.boot.test.autoconfigure.properties.PropertyMappingContextCustomizer@0, org.springframework.boot.test.autoconfigure.web.servlet.WebDriverContextCustomizerFactory$Customizer@479460a6, org.springframework.boot.test.context.filter.ExcludeFilterContextCustomizer@68702e03, org.springframework.boot.test.json.DuplicateJsonObjectContextCustomizerFactory$DuplicateJsonObjectContextCustomizer@338c99c8, org.springframework.boot.test.mock.mockito.MockitoContextCustomizer@ad3122e0], contextLoader = 'org.springframework.test.context.support.DelegatingSmartContextLoader', parent = [null]]]
23:36:59.036 [Test worker] DEBUG org.springframework.test.context.cache - Spring test ApplicationContext cache statistics: [DefaultContextCache@743c6ce4 size = 1, maxSize = 32, parentContextCount = 0, hitCount = 49, missCount = 1]
23:36:59.036 [Test worker] DEBUG org.springframework.test.context.cache.DefaultCacheAwareContextLoaderDelegate - Retrieved ApplicationContext [974308356] from cache with key [[MergedContextConfiguration@72437d8d testClass = ScheduleServiceTest, locations = '{}', classes = '{class org.waldreg.schedule.management.DefaultScheduleManager}', contextInitializerClasses = '[]', activeProfiles = '{}', propertySourceLocations = '{}', propertySourceProperties = '{}', contextCustomizers = set[org.springframework.boot.test.autoconfigure.actuate.metrics.MetricsExportContextCustomizerFactory$DisableMetricExportContextCustomizer@181e731e, org.springframework.boot.test.autoconfigure.properties.PropertyMappingContextCustomizer@0, org.springframework.boot.test.autoconfigure.web.servlet.WebDriverContextCustomizerFactory$Customizer@479460a6, org.springframework.boot.test.context.filter.ExcludeFilterContextCustomizer@68702e03, org.springframework.boot.test.json.DuplicateJsonObjectContextCustomizerFactory$DuplicateJsonObjectContextCustomizer@338c99c8, org.springframework.boot.test.mock.mockito.MockitoContextCustomizer@ad3122e0], contextLoader = 'org.springframework.test.context.support.DelegatingSmartContextLoader', parent = [null]]]
23:36:59.036 [Test worker] DEBUG org.springframework.test.context.cache - Spring test ApplicationContext cache statistics: [DefaultContextCache@743c6ce4 size = 1, maxSize = 32, parentContextCount = 0, hitCount = 50, missCount = 1]
23:36:59.036 [Test worker] DEBUG org.springframework.test.context.support.AbstractDirtiesContextTestExecutionListener - Before test method: context [DefaultTestContext@1c481ff2 testClass = ScheduleServiceTest, testInstance = org.waldreg.schedule.ScheduleServiceTest@1e530163, testMethod = UPDATE_SCHEDULE_FAIL_CAUSE_TITLE_OVERFLOW_TEST@ScheduleServiceTest, testException = [null], mergedContextConfiguration = [MergedContextConfiguration@72437d8d testClass = ScheduleServiceTest, locations = '{}', classes = '{class org.waldreg.schedule.management.DefaultScheduleManager}', contextInitializerClasses = '[]', activeProfiles = '{}', propertySourceLocations = '{}', propertySourceProperties = '{}', contextCustomizers = set[org.springframework.boot.test.autoconfigure.actuate.metrics.MetricsExportContextCustomizerFactory$DisableMetricExportContextCustomizer@181e731e, org.springframework.boot.test.autoconfigure.properties.PropertyMappingContextCustomizer@0, org.springframework.boot.test.autoconfigure.web.servlet.WebDriverContextCustomizerFactory$Customizer@479460a6, org.springframework.boot.test.context.filter.ExcludeFilterContextCustomizer@68702e03, org.springframework.boot.test.json.DuplicateJsonObjectContextCustomizerFactory$DuplicateJsonObjectContextCustomizer@338c99c8, org.springframework.boot.test.mock.mockito.MockitoContextCustomizer@ad3122e0], contextLoader = 'org.springframework.test.context.support.DelegatingSmartContextLoader', parent = [null]], attributes = map['org.springframework.test.context.event.ApplicationEventsTestExecutionListener.recordApplicationEvents' -> false]], class annotated with @DirtiesContext [false] with mode [null], method annotated with @DirtiesContext [false] with mode [null].
23:36:59.036 [Test worker] DEBUG org.springframework.test.context.cache.DefaultCacheAwareContextLoaderDelegate - Retrieved ApplicationContext [974308356] from cache with key [[MergedContextConfiguration@72437d8d testClass = ScheduleServiceTest, locations = '{}', classes = '{class org.waldreg.schedule.management.DefaultScheduleManager}', contextInitializerClasses = '[]', activeProfiles = '{}', propertySourceLocations = '{}', propertySourceProperties = '{}', contextCustomizers = set[org.springframework.boot.test.autoconfigure.actuate.metrics.MetricsExportContextCustomizerFactory$DisableMetricExportContextCustomizer@181e731e, org.springframework.boot.test.autoconfigure.properties.PropertyMappingContextCustomizer@0, org.springframework.boot.test.autoconfigure.web.servlet.WebDriverContextCustomizerFactory$Customizer@479460a6, org.springframework.boot.test.context.filter.ExcludeFilterContextCustomizer@68702e03, org.springframework.boot.test.json.DuplicateJsonObjectContextCustomizerFactory$DuplicateJsonObjectContextCustomizer@338c99c8, org.springframework.boot.test.mock.mockito.MockitoContextCustomizer@ad3122e0], contextLoader = 'org.springframework.test.context.support.DelegatingSmartContextLoader', parent = [null]]]
23:36:59.036 [Test worker] DEBUG org.springframework.test.context.cache - Spring test ApplicationContext cache statistics: [DefaultContextCache@743c6ce4 size = 1, maxSize = 32, parentContextCount = 0, hitCount = 51, missCount = 1]
23:36:59.036 [Test worker] DEBUG org.springframework.test.context.cache.DefaultCacheAwareContextLoaderDelegate - Retrieved ApplicationContext [974308356] from cache with key [[MergedContextConfiguration@72437d8d testClass = ScheduleServiceTest, locations = '{}', classes = '{class org.waldreg.schedule.management.DefaultScheduleManager}', contextInitializerClasses = '[]', activeProfiles = '{}', propertySourceLocations = '{}', propertySourceProperties = '{}', contextCustomizers = set[org.springframework.boot.test.autoconfigure.actuate.metrics.MetricsExportContextCustomizerFactory$DisableMetricExportContextCustomizer@181e731e, org.springframework.boot.test.autoconfigure.properties.PropertyMappingContextCustomizer@0, org.springframework.boot.test.autoconfigure.web.servlet.WebDriverContextCustomizerFactory$Customizer@479460a6, org.springframework.boot.test.context.filter.ExcludeFilterContextCustomizer@68702e03, org.springframework.boot.test.json.DuplicateJsonObjectContextCustomizerFactory$DuplicateJsonObjectContextCustomizer@338c99c8, org.springframework.boot.test.mock.mockito.MockitoContextCustomizer@ad3122e0], contextLoader = 'org.springframework.test.context.support.DelegatingSmartContextLoader', parent = [null]]]
23:36:59.036 [Test worker] DEBUG org.springframework.test.context.cache - Spring test ApplicationContext cache statistics: [DefaultContextCache@743c6ce4 size = 1, maxSize = 32, parentContextCount = 0, hitCount = 52, missCount = 1]
23:36:59.036 [Test worker] DEBUG org.springframework.test.context.cache.DefaultCacheAwareContextLoaderDelegate - Retrieved ApplicationContext [974308356] from cache with key [[MergedContextConfiguration@72437d8d testClass = ScheduleServiceTest, locations = '{}', classes = '{class org.waldreg.schedule.management.DefaultScheduleManager}', contextInitializerClasses = '[]', activeProfiles = '{}', propertySourceLocations = '{}', propertySourceProperties = '{}', contextCustomizers = set[org.springframework.boot.test.autoconfigure.actuate.metrics.MetricsExportContextCustomizerFactory$DisableMetricExportContextCustomizer@181e731e, org.springframework.boot.test.autoconfigure.properties.PropertyMappingContextCustomizer@0, org.springframework.boot.test.autoconfigure.web.servlet.WebDriverContextCustomizerFactory$Customizer@479460a6, org.springframework.boot.test.context.filter.ExcludeFilterContextCustomizer@68702e03, org.springframework.boot.test.json.DuplicateJsonObjectContextCustomizerFactory$DuplicateJsonObjectContextCustomizer@338c99c8, org.springframework.boot.test.mock.mockito.MockitoContextCustomizer@ad3122e0], contextLoader = 'org.springframework.test.context.support.DelegatingSmartContextLoader', parent = [null]]]
23:36:59.036 [Test worker] DEBUG org.springframework.test.context.cache - Spring test ApplicationContext cache statistics: [DefaultContextCache@743c6ce4 size = 1, maxSize = 32, parentContextCount = 0, hitCount = 53, missCount = 1]
23:36:59.037 [Test worker] DEBUG org.springframework.test.context.cache.DefaultCacheAwareContextLoaderDelegate - Retrieved ApplicationContext [974308356] from cache with key [[MergedContextConfiguration@72437d8d testClass = ScheduleServiceTest, locations = '{}', classes = '{class org.waldreg.schedule.management.DefaultScheduleManager}', contextInitializerClasses = '[]', activeProfiles = '{}', propertySourceLocations = '{}', propertySourceProperties = '{}', contextCustomizers = set[org.springframework.boot.test.autoconfigure.actuate.metrics.MetricsExportContextCustomizerFactory$DisableMetricExportContextCustomizer@181e731e, org.springframework.boot.test.autoconfigure.properties.PropertyMappingContextCustomizer@0, org.springframework.boot.test.autoconfigure.web.servlet.WebDriverContextCustomizerFactory$Customizer@479460a6, org.springframework.boot.test.context.filter.ExcludeFilterContextCustomizer@68702e03, org.springframework.boot.test.json.DuplicateJsonObjectContextCustomizerFactory$DuplicateJsonObjectContextCustomizer@338c99c8, org.springframework.boot.test.mock.mockito.MockitoContextCustomizer@ad3122e0], contextLoader = 'org.springframework.test.context.support.DelegatingSmartContextLoader', parent = [null]]]
23:36:59.037 [Test worker] DEBUG org.springframework.test.context.cache - Spring test ApplicationContext cache statistics: [DefaultContextCache@743c6ce4 size = 1, maxSize = 32, parentContextCount = 0, hitCount = 54, missCount = 1]
23:36:59.037 [Test worker] DEBUG org.springframework.test.context.cache.DefaultCacheAwareContextLoaderDelegate - Retrieved ApplicationContext [974308356] from cache with key [[MergedContextConfiguration@72437d8d testClass = ScheduleServiceTest, locations = '{}', classes = '{class org.waldreg.schedule.management.DefaultScheduleManager}', contextInitializerClasses = '[]', activeProfiles = '{}', propertySourceLocations = '{}', propertySourceProperties = '{}', contextCustomizers = set[org.springframework.boot.test.autoconfigure.actuate.metrics.MetricsExportContextCustomizerFactory$DisableMetricExportContextCustomizer@181e731e, org.springframework.boot.test.autoconfigure.properties.PropertyMappingContextCustomizer@0, org.springframework.boot.test.autoconfigure.web.servlet.WebDriverContextCustomizerFactory$Customizer@479460a6, org.springframework.boot.test.context.filter.ExcludeFilterContextCustomizer@68702e03, org.springframework.boot.test.json.DuplicateJsonObjectContextCustomizerFactory$DuplicateJsonObjectContextCustomizer@338c99c8, org.springframework.boot.test.mock.mockito.MockitoContextCustomizer@ad3122e0], contextLoader = 'org.springframework.test.context.support.DelegatingSmartContextLoader', parent = [null]]]
23:36:59.037 [Test worker] DEBUG org.springframework.test.context.cache - Spring test ApplicationContext cache statistics: [DefaultContextCache@743c6ce4 size = 1, maxSize = 32, parentContextCount = 0, hitCount = 55, missCount = 1]
23:36:59.038 [Test worker] DEBUG org.springframework.test.context.cache.DefaultCacheAwareContextLoaderDelegate - Retrieved ApplicationContext [974308356] from cache with key [[MergedContextConfiguration@72437d8d testClass = ScheduleServiceTest, locations = '{}', classes = '{class org.waldreg.schedule.management.DefaultScheduleManager}', contextInitializerClasses = '[]', activeProfiles = '{}', propertySourceLocations = '{}', propertySourceProperties = '{}', contextCustomizers = set[org.springframework.boot.test.autoconfigure.actuate.metrics.MetricsExportContextCustomizerFactory$DisableMetricExportContextCustomizer@181e731e, org.springframework.boot.test.autoconfigure.properties.PropertyMappingContextCustomizer@0, org.springframework.boot.test.autoconfigure.web.servlet.WebDriverContextCustomizerFactory$Customizer@479460a6, org.springframework.boot.test.context.filter.ExcludeFilterContextCustomizer@68702e03, org.springframework.boot.test.json.DuplicateJsonObjectContextCustomizerFactory$DuplicateJsonObjectContextCustomizer@338c99c8, org.springframework.boot.test.mock.mockito.MockitoContextCustomizer@ad3122e0], contextLoader = 'org.springframework.test.context.support.DelegatingSmartContextLoader', parent = [null]]]
23:36:59.038 [Test worker] DEBUG org.springframework.test.context.cache - Spring test ApplicationContext cache statistics: [DefaultContextCache@743c6ce4 size = 1, maxSize = 32, parentContextCount = 0, hitCount = 56, missCount = 1]
23:36:59.038 [Test worker] DEBUG org.springframework.test.context.cache.DefaultCacheAwareContextLoaderDelegate - Retrieved ApplicationContext [974308356] from cache with key [[MergedContextConfiguration@72437d8d testClass = ScheduleServiceTest, locations = '{}', classes = '{class org.waldreg.schedule.management.DefaultScheduleManager}', contextInitializerClasses = '[]', activeProfiles = '{}', propertySourceLocations = '{}', propertySourceProperties = '{}', contextCustomizers = set[org.springframework.boot.test.autoconfigure.actuate.metrics.MetricsExportContextCustomizerFactory$DisableMetricExportContextCustomizer@181e731e, org.springframework.boot.test.autoconfigure.properties.PropertyMappingContextCustomizer@0, org.springframework.boot.test.autoconfigure.web.servlet.WebDriverContextCustomizerFactory$Customizer@479460a6, org.springframework.boot.test.context.filter.ExcludeFilterContextCustomizer@68702e03, org.springframework.boot.test.json.DuplicateJsonObjectContextCustomizerFactory$DuplicateJsonObjectContextCustomizer@338c99c8, org.springframework.boot.test.mock.mockito.MockitoContextCustomizer@ad3122e0], contextLoader = 'org.springframework.test.context.support.DelegatingSmartContextLoader', parent = [null]]]
23:36:59.038 [Test worker] DEBUG org.springframework.test.context.cache - Spring test ApplicationContext cache statistics: [DefaultContextCache@743c6ce4 size = 1, maxSize = 32, parentContextCount = 0, hitCount = 57, missCount = 1]
23:36:59.038 [Test worker] DEBUG org.springframework.test.context.cache.DefaultCacheAwareContextLoaderDelegate - Retrieved ApplicationContext [974308356] from cache with key [[MergedContextConfiguration@72437d8d testClass = ScheduleServiceTest, locations = '{}', classes = '{class org.waldreg.schedule.management.DefaultScheduleManager}', contextInitializerClasses = '[]', activeProfiles = '{}', propertySourceLocations = '{}', propertySourceProperties = '{}', contextCustomizers = set[org.springframework.boot.test.autoconfigure.actuate.metrics.MetricsExportContextCustomizerFactory$DisableMetricExportContextCustomizer@181e731e, org.springframework.boot.test.autoconfigure.properties.PropertyMappingContextCustomizer@0, org.springframework.boot.test.autoconfigure.web.servlet.WebDriverContextCustomizerFactory$Customizer@479460a6, org.springframework.boot.test.context.filter.ExcludeFilterContextCustomizer@68702e03, org.springframework.boot.test.json.DuplicateJsonObjectContextCustomizerFactory$DuplicateJsonObjectContextCustomizer@338c99c8, org.springframework.boot.test.mock.mockito.MockitoContextCustomizer@ad3122e0], contextLoader = 'org.springframework.test.context.support.DelegatingSmartContextLoader', parent = [null]]]
23:36:59.038 [Test worker] DEBUG org.springframework.test.context.cache - Spring test ApplicationContext cache statistics: [DefaultContextCache@743c6ce4 size = 1, maxSize = 32, parentContextCount = 0, hitCount = 58, missCount = 1]
23:36:59.038 [Test worker] DEBUG org.springframework.test.context.cache.DefaultCacheAwareContextLoaderDelegate - Retrieved ApplicationContext [974308356] from cache with key [[MergedContextConfiguration@72437d8d testClass = ScheduleServiceTest, locations = '{}', classes = '{class org.waldreg.schedule.management.DefaultScheduleManager}', contextInitializerClasses = '[]', activeProfiles = '{}', propertySourceLocations = '{}', propertySourceProperties = '{}', contextCustomizers = set[org.springframework.boot.test.autoconfigure.actuate.metrics.MetricsExportContextCustomizerFactory$DisableMetricExportContextCustomizer@181e731e, org.springframework.boot.test.autoconfigure.properties.PropertyMappingContextCustomizer@0, org.springframework.boot.test.autoconfigure.web.servlet.WebDriverContextCustomizerFactory$Customizer@479460a6, org.springframework.boot.test.context.filter.ExcludeFilterContextCustomizer@68702e03, org.springframework.boot.test.json.DuplicateJsonObjectContextCustomizerFactory$DuplicateJsonObjectContextCustomizer@338c99c8, org.springframework.boot.test.mock.mockito.MockitoContextCustomizer@ad3122e0], contextLoader = 'org.springframework.test.context.support.DelegatingSmartContextLoader', parent = [null]]]
23:36:59.038 [Test worker] DEBUG org.springframework.test.context.cache - Spring test ApplicationContext cache statistics: [DefaultContextCache@743c6ce4 size = 1, maxSize = 32, parentContextCount = 0, hitCount = 59, missCount = 1]
23:36:59.038 [Test worker] DEBUG org.springframework.test.context.support.AbstractDirtiesContextTestExecutionListener - After test method: context [DefaultTestContext@1c481ff2 testClass = ScheduleServiceTest, testInstance = org.waldreg.schedule.ScheduleServiceTest@1e530163, testMethod = UPDATE_SCHEDULE_FAIL_CAUSE_TITLE_OVERFLOW_TEST@ScheduleServiceTest, testException = [null], mergedContextConfiguration = [MergedContextConfiguration@72437d8d testClass = ScheduleServiceTest, locations = '{}', classes = '{class org.waldreg.schedule.management.DefaultScheduleManager}', contextInitializerClasses = '[]', activeProfiles = '{}', propertySourceLocations = '{}', propertySourceProperties = '{}', contextCustomizers = set[org.springframework.boot.test.autoconfigure.actuate.metrics.MetricsExportContextCustomizerFactory$DisableMetricExportContextCustomizer@181e731e, org.springframework.boot.test.autoconfigure.properties.PropertyMappingContextCustomizer@0, org.springframework.boot.test.autoconfigure.web.servlet.WebDriverContextCustomizerFactory$Customizer@479460a6, org.springframework.boot.test.context.filter.ExcludeFilterContextCustomizer@68702e03, org.springframework.boot.test.json.DuplicateJsonObjectContextCustomizerFactory$DuplicateJsonObjectContextCustomizer@338c99c8, org.springframework.boot.test.mock.mockito.MockitoContextCustomizer@ad3122e0], contextLoader = 'org.springframework.test.context.support.DelegatingSmartContextLoader', parent = [null]], attributes = map['org.springframework.test.context.event.ApplicationEventsTestExecutionListener.recordApplicationEvents' -> false]], class annotated with @DirtiesContext [false] with mode [null], method annotated with @DirtiesContext [false] with mode [null].
23:36:59.038 [Test worker] DEBUG org.springframework.test.context.cache.DefaultCacheAwareContextLoaderDelegate - Retrieved ApplicationContext [974308356] from cache with key [[MergedContextConfiguration@72437d8d testClass = ScheduleServiceTest, locations = '{}', classes = '{class org.waldreg.schedule.management.DefaultScheduleManager}', contextInitializerClasses = '[]', activeProfiles = '{}', propertySourceLocations = '{}', propertySourceProperties = '{}', contextCustomizers = set[org.springframework.boot.test.autoconfigure.actuate.metrics.MetricsExportContextCustomizerFactory$DisableMetricExportContextCustomizer@181e731e, org.springframework.boot.test.autoconfigure.properties.PropertyMappingContextCustomizer@0, org.springframework.boot.test.autoconfigure.web.servlet.WebDriverContextCustomizerFactory$Customizer@479460a6, org.springframework.boot.test.context.filter.ExcludeFilterContextCustomizer@68702e03, org.springframework.boot.test.json.DuplicateJsonObjectContextCustomizerFactory$DuplicateJsonObjectContextCustomizer@338c99c8, org.springframework.boot.test.mock.mockito.MockitoContextCustomizer@ad3122e0], contextLoader = 'org.springframework.test.context.support.DelegatingSmartContextLoader', parent = [null]]]
23:36:59.039 [Test worker] DEBUG org.springframework.test.context.cache - Spring test ApplicationContext cache statistics: [DefaultContextCache@743c6ce4 size = 1, maxSize = 32, parentContextCount = 0, hitCount = 60, missCount = 1]
23:36:59.039 [Test worker] DEBUG org.springframework.test.context.support.DependencyInjectionTestExecutionListener - Performing dependency injection for test context [[DefaultTestContext@1c481ff2 testClass = ScheduleServiceTest, testInstance = org.waldreg.schedule.ScheduleServiceTest@71466383, testMethod = [null], testException = [null], mergedContextConfiguration = [MergedContextConfiguration@72437d8d testClass = ScheduleServiceTest, locations = '{}', classes = '{class org.waldreg.schedule.management.DefaultScheduleManager}', contextInitializerClasses = '[]', activeProfiles = '{}', propertySourceLocations = '{}', propertySourceProperties = '{}', contextCustomizers = set[org.springframework.boot.test.autoconfigure.actuate.metrics.MetricsExportContextCustomizerFactory$DisableMetricExportContextCustomizer@181e731e, org.springframework.boot.test.autoconfigure.properties.PropertyMappingContextCustomizer@0, org.springframework.boot.test.autoconfigure.web.servlet.WebDriverContextCustomizerFactory$Customizer@479460a6, org.springframework.boot.test.context.filter.ExcludeFilterContextCustomizer@68702e03, org.springframework.boot.test.json.DuplicateJsonObjectContextCustomizerFactory$DuplicateJsonObjectContextCustomizer@338c99c8, org.springframework.boot.test.mock.mockito.MockitoContextCustomizer@ad3122e0], contextLoader = 'org.springframework.test.context.support.DelegatingSmartContextLoader', parent = [null]], attributes = map['org.springframework.test.context.event.ApplicationEventsTestExecutionListener.recordApplicationEvents' -> false]]].
23:36:59.039 [Test worker] DEBUG org.springframework.test.context.cache.DefaultCacheAwareContextLoaderDelegate - Retrieved ApplicationContext [974308356] from cache with key [[MergedContextConfiguration@72437d8d testClass = ScheduleServiceTest, locations = '{}', classes = '{class org.waldreg.schedule.management.DefaultScheduleManager}', contextInitializerClasses = '[]', activeProfiles = '{}', propertySourceLocations = '{}', propertySourceProperties = '{}', contextCustomizers = set[org.springframework.boot.test.autoconfigure.actuate.metrics.MetricsExportContextCustomizerFactory$DisableMetricExportContextCustomizer@181e731e, org.springframework.boot.test.autoconfigure.properties.PropertyMappingContextCustomizer@0, org.springframework.boot.test.autoconfigure.web.servlet.WebDriverContextCustomizerFactory$Customizer@479460a6, org.springframework.boot.test.context.filter.ExcludeFilterContextCustomizer@68702e03, org.springframework.boot.test.json.DuplicateJsonObjectContextCustomizerFactory$DuplicateJsonObjectContextCustomizer@338c99c8, org.springframework.boot.test.mock.mockito.MockitoContextCustomizer@ad3122e0], contextLoader = 'org.springframework.test.context.support.DelegatingSmartContextLoader', parent = [null]]]
23:36:59.039 [Test worker] DEBUG org.springframework.test.context.cache - Spring test ApplicationContext cache statistics: [DefaultContextCache@743c6ce4 size = 1, maxSize = 32, parentContextCount = 0, hitCount = 61, missCount = 1]
23:36:59.039 [Test worker] DEBUG org.springframework.test.context.cache.DefaultCacheAwareContextLoaderDelegate - Retrieved ApplicationContext [974308356] from cache with key [[MergedContextConfiguration@72437d8d testClass = ScheduleServiceTest, locations = '{}', classes = '{class org.waldreg.schedule.management.DefaultScheduleManager}', contextInitializerClasses = '[]', activeProfiles = '{}', propertySourceLocations = '{}', propertySourceProperties = '{}', contextCustomizers = set[org.springframework.boot.test.autoconfigure.actuate.metrics.MetricsExportContextCustomizerFactory$DisableMetricExportContextCustomizer@181e731e, org.springframework.boot.test.autoconfigure.properties.PropertyMappingContextCustomizer@0, org.springframework.boot.test.autoconfigure.web.servlet.WebDriverContextCustomizerFactory$Customizer@479460a6, org.springframework.boot.test.context.filter.ExcludeFilterContextCustomizer@68702e03, org.springframework.boot.test.json.DuplicateJsonObjectContextCustomizerFactory$DuplicateJsonObjectContextCustomizer@338c99c8, org.springframework.boot.test.mock.mockito.MockitoContextCustomizer@ad3122e0], contextLoader = 'org.springframework.test.context.support.DelegatingSmartContextLoader', parent = [null]]]
23:36:59.039 [Test worker] DEBUG org.springframework.test.context.cache - Spring test ApplicationContext cache statistics: [DefaultContextCache@743c6ce4 size = 1, maxSize = 32, parentContextCount = 0, hitCount = 62, missCount = 1]
23:36:59.039 [Test worker] DEBUG org.springframework.test.context.support.AbstractDirtiesContextTestExecutionListener - Before test method: context [DefaultTestContext@1c481ff2 testClass = ScheduleServiceTest, testInstance = org.waldreg.schedule.ScheduleServiceTest@71466383, testMethod = DELETE_SCHEDULE_BY_ID_FAIL_CAUSE_UNKNOWN_SCHEDULE_TEST@ScheduleServiceTest, testException = [null], mergedContextConfiguration = [MergedContextConfiguration@72437d8d testClass = ScheduleServiceTest, locations = '{}', classes = '{class org.waldreg.schedule.management.DefaultScheduleManager}', contextInitializerClasses = '[]', activeProfiles = '{}', propertySourceLocations = '{}', propertySourceProperties = '{}', contextCustomizers = set[org.springframework.boot.test.autoconfigure.actuate.metrics.MetricsExportContextCustomizerFactory$DisableMetricExportContextCustomizer@181e731e, org.springframework.boot.test.autoconfigure.properties.PropertyMappingContextCustomizer@0, org.springframework.boot.test.autoconfigure.web.servlet.WebDriverContextCustomizerFactory$Customizer@479460a6, org.springframework.boot.test.context.filter.ExcludeFilterContextCustomizer@68702e03, org.springframework.boot.test.json.DuplicateJsonObjectContextCustomizerFactory$DuplicateJsonObjectContextCustomizer@338c99c8, org.springframework.boot.test.mock.mockito.MockitoContextCustomizer@ad3122e0], contextLoader = 'org.springframework.test.context.support.DelegatingSmartContextLoader', parent = [null]], attributes = map['org.springframework.test.context.event.ApplicationEventsTestExecutionListener.recordApplicationEvents' -> false]], class annotated with @DirtiesContext [false] with mode [null], method annotated with @DirtiesContext [false] with mode [null].
23:36:59.039 [Test worker] DEBUG org.springframework.test.context.cache.DefaultCacheAwareContextLoaderDelegate - Retrieved ApplicationContext [974308356] from cache with key [[MergedContextConfiguration@72437d8d testClass = ScheduleServiceTest, locations = '{}', classes = '{class org.waldreg.schedule.management.DefaultScheduleManager}', contextInitializerClasses = '[]', activeProfiles = '{}', propertySourceLocations = '{}', propertySourceProperties = '{}', contextCustomizers = set[org.springframework.boot.test.autoconfigure.actuate.metrics.MetricsExportContextCustomizerFactory$DisableMetricExportContextCustomizer@181e731e, org.springframework.boot.test.autoconfigure.properties.PropertyMappingContextCustomizer@0, org.springframework.boot.test.autoconfigure.web.servlet.WebDriverContextCustomizerFactory$Customizer@479460a6, org.springframework.boot.test.context.filter.ExcludeFilterContextCustomizer@68702e03, org.springframework.boot.test.json.DuplicateJsonObjectContextCustomizerFactory$DuplicateJsonObjectContextCustomizer@338c99c8, org.springframework.boot.test.mock.mockito.MockitoContextCustomizer@ad3122e0], contextLoader = 'org.springframework.test.context.support.DelegatingSmartContextLoader', parent = [null]]]
23:36:59.039 [Test worker] DEBUG org.springframework.test.context.cache - Spring test ApplicationContext cache statistics: [DefaultContextCache@743c6ce4 size = 1, maxSize = 32, parentContextCount = 0, hitCount = 63, missCount = 1]
23:36:59.039 [Test worker] DEBUG org.springframework.test.context.cache.DefaultCacheAwareContextLoaderDelegate - Retrieved ApplicationContext [974308356] from cache with key [[MergedContextConfiguration@72437d8d testClass = ScheduleServiceTest, locations = '{}', classes = '{class org.waldreg.schedule.management.DefaultScheduleManager}', contextInitializerClasses = '[]', activeProfiles = '{}', propertySourceLocations = '{}', propertySourceProperties = '{}', contextCustomizers = set[org.springframework.boot.test.autoconfigure.actuate.metrics.MetricsExportContextCustomizerFactory$DisableMetricExportContextCustomizer@181e731e, org.springframework.boot.test.autoconfigure.properties.PropertyMappingContextCustomizer@0, org.springframework.boot.test.autoconfigure.web.servlet.WebDriverContextCustomizerFactory$Customizer@479460a6, org.springframework.boot.test.context.filter.ExcludeFilterContextCustomizer@68702e03, org.springframework.boot.test.json.DuplicateJsonObjectContextCustomizerFactory$DuplicateJsonObjectContextCustomizer@338c99c8, org.springframework.boot.test.mock.mockito.MockitoContextCustomizer@ad3122e0], contextLoader = 'org.springframework.test.context.support.DelegatingSmartContextLoader', parent = [null]]]
23:36:59.040 [Test worker] DEBUG org.springframework.test.context.cache - Spring test ApplicationContext cache statistics: [DefaultContextCache@743c6ce4 size = 1, maxSize = 32, parentContextCount = 0, hitCount = 64, missCount = 1]
23:36:59.040 [Test worker] DEBUG org.springframework.test.context.cache.DefaultCacheAwareContextLoaderDelegate - Retrieved ApplicationContext [974308356] from cache with key [[MergedContextConfiguration@72437d8d testClass = ScheduleServiceTest, locations = '{}', classes = '{class org.waldreg.schedule.management.DefaultScheduleManager}', contextInitializerClasses = '[]', activeProfiles = '{}', propertySourceLocations = '{}', propertySourceProperties = '{}', contextCustomizers = set[org.springframework.boot.test.autoconfigure.actuate.metrics.MetricsExportContextCustomizerFactory$DisableMetricExportContextCustomizer@181e731e, org.springframework.boot.test.autoconfigure.properties.PropertyMappingContextCustomizer@0, org.springframework.boot.test.autoconfigure.web.servlet.WebDriverContextCustomizerFactory$Customizer@479460a6, org.springframework.boot.test.context.filter.ExcludeFilterContextCustomizer@68702e03, org.springframework.boot.test.json.DuplicateJsonObjectContextCustomizerFactory$DuplicateJsonObjectContextCustomizer@338c99c8, org.springframework.boot.test.mock.mockito.MockitoContextCustomizer@ad3122e0], contextLoader = 'org.springframework.test.context.support.DelegatingSmartContextLoader', parent = [null]]]
23:36:59.040 [Test worker] DEBUG org.springframework.test.context.cache - Spring test ApplicationContext cache statistics: [DefaultContextCache@743c6ce4 size = 1, maxSize = 32, parentContextCount = 0, hitCount = 65, missCount = 1]
23:36:59.041 [Test worker] DEBUG org.springframework.test.context.cache.DefaultCacheAwareContextLoaderDelegate - Retrieved ApplicationContext [974308356] from cache with key [[MergedContextConfiguration@72437d8d testClass = ScheduleServiceTest, locations = '{}', classes = '{class org.waldreg.schedule.management.DefaultScheduleManager}', contextInitializerClasses = '[]', activeProfiles = '{}', propertySourceLocations = '{}', propertySourceProperties = '{}', contextCustomizers = set[org.springframework.boot.test.autoconfigure.actuate.metrics.MetricsExportContextCustomizerFactory$DisableMetricExportContextCustomizer@181e731e, org.springframework.boot.test.autoconfigure.properties.PropertyMappingContextCustomizer@0, org.springframework.boot.test.autoconfigure.web.servlet.WebDriverContextCustomizerFactory$Customizer@479460a6, org.springframework.boot.test.context.filter.ExcludeFilterContextCustomizer@68702e03, org.springframework.boot.test.json.DuplicateJsonObjectContextCustomizerFactory$DuplicateJsonObjectContextCustomizer@338c99c8, org.springframework.boot.test.mock.mockito.MockitoContextCustomizer@ad3122e0], contextLoader = 'org.springframework.test.context.support.DelegatingSmartContextLoader', parent = [null]]]
23:36:59.041 [Test worker] DEBUG org.springframework.test.context.cache - Spring test ApplicationContext cache statistics: [DefaultContextCache@743c6ce4 size = 1, maxSize = 32, parentContextCount = 0, hitCount = 66, missCount = 1]
23:36:59.041 [Test worker] DEBUG org.springframework.test.context.cache.DefaultCacheAwareContextLoaderDelegate - Retrieved ApplicationContext [974308356] from cache with key [[MergedContextConfiguration@72437d8d testClass = ScheduleServiceTest, locations = '{}', classes = '{class org.waldreg.schedule.management.DefaultScheduleManager}', contextInitializerClasses = '[]', activeProfiles = '{}', propertySourceLocations = '{}', propertySourceProperties = '{}', contextCustomizers = set[org.springframework.boot.test.autoconfigure.actuate.metrics.MetricsExportContextCustomizerFactory$DisableMetricExportContextCustomizer@181e731e, org.springframework.boot.test.autoconfigure.properties.PropertyMappingContextCustomizer@0, org.springframework.boot.test.autoconfigure.web.servlet.WebDriverContextCustomizerFactory$Customizer@479460a6, org.springframework.boot.test.context.filter.ExcludeFilterContextCustomizer@68702e03, org.springframework.boot.test.json.DuplicateJsonObjectContextCustomizerFactory$DuplicateJsonObjectContextCustomizer@338c99c8, org.springframework.boot.test.mock.mockito.MockitoContextCustomizer@ad3122e0], contextLoader = 'org.springframework.test.context.support.DelegatingSmartContextLoader', parent = [null]]]
23:36:59.041 [Test worker] DEBUG org.springframework.test.context.cache - Spring test ApplicationContext cache statistics: [DefaultContextCache@743c6ce4 size = 1, maxSize = 32, parentContextCount = 0, hitCount = 67, missCount = 1]
23:36:59.041 [Test worker] DEBUG org.springframework.test.context.cache.DefaultCacheAwareContextLoaderDelegate - Retrieved ApplicationContext [974308356] from cache with key [[MergedContextConfiguration@72437d8d testClass = ScheduleServiceTest, locations = '{}', classes = '{class org.waldreg.schedule.management.DefaultScheduleManager}', contextInitializerClasses = '[]', activeProfiles = '{}', propertySourceLocations = '{}', propertySourceProperties = '{}', contextCustomizers = set[org.springframework.boot.test.autoconfigure.actuate.metrics.MetricsExportContextCustomizerFactory$DisableMetricExportContextCustomizer@181e731e, org.springframework.boot.test.autoconfigure.properties.PropertyMappingContextCustomizer@0, org.springframework.boot.test.autoconfigure.web.servlet.WebDriverContextCustomizerFactory$Customizer@479460a6, org.springframework.boot.test.context.filter.ExcludeFilterContextCustomizer@68702e03, org.springframework.boot.test.json.DuplicateJsonObjectContextCustomizerFactory$DuplicateJsonObjectContextCustomizer@338c99c8, org.springframework.boot.test.mock.mockito.MockitoContextCustomizer@ad3122e0], contextLoader = 'org.springframework.test.context.support.DelegatingSmartContextLoader', parent = [null]]]
23:36:59.041 [Test worker] DEBUG org.springframework.test.context.cache - Spring test ApplicationContext cache statistics: [DefaultContextCache@743c6ce4 size = 1, maxSize = 32, parentContextCount = 0, hitCount = 68, missCount = 1]
23:36:59.041 [Test worker] DEBUG org.springframework.test.context.cache.DefaultCacheAwareContextLoaderDelegate - Retrieved ApplicationContext [974308356] from cache with key [[MergedContextConfiguration@72437d8d testClass = ScheduleServiceTest, locations = '{}', classes = '{class org.waldreg.schedule.management.DefaultScheduleManager}', contextInitializerClasses = '[]', activeProfiles = '{}', propertySourceLocations = '{}', propertySourceProperties = '{}', contextCustomizers = set[org.springframework.boot.test.autoconfigure.actuate.metrics.MetricsExportContextCustomizerFactory$DisableMetricExportContextCustomizer@181e731e, org.springframework.boot.test.autoconfigure.properties.PropertyMappingContextCustomizer@0, org.springframework.boot.test.autoconfigure.web.servlet.WebDriverContextCustomizerFactory$Customizer@479460a6, org.springframework.boot.test.context.filter.ExcludeFilterContextCustomizer@68702e03, org.springframework.boot.test.json.DuplicateJsonObjectContextCustomizerFactory$DuplicateJsonObjectContextCustomizer@338c99c8, org.springframework.boot.test.mock.mockito.MockitoContextCustomizer@ad3122e0], contextLoader = 'org.springframework.test.context.support.DelegatingSmartContextLoader', parent = [null]]]
23:36:59.041 [Test worker] DEBUG org.springframework.test.context.cache - Spring test ApplicationContext cache statistics: [DefaultContextCache@743c6ce4 size = 1, maxSize = 32, parentContextCount = 0, hitCount = 69, missCount = 1]
23:36:59.041 [Test worker] DEBUG org.springframework.test.context.cache.DefaultCacheAwareContextLoaderDelegate - Retrieved ApplicationContext [974308356] from cache with key [[MergedContextConfiguration@72437d8d testClass = ScheduleServiceTest, locations = '{}', classes = '{class org.waldreg.schedule.management.DefaultScheduleManager}', contextInitializerClasses = '[]', activeProfiles = '{}', propertySourceLocations = '{}', propertySourceProperties = '{}', contextCustomizers = set[org.springframework.boot.test.autoconfigure.actuate.metrics.MetricsExportContextCustomizerFactory$DisableMetricExportContextCustomizer@181e731e, org.springframework.boot.test.autoconfigure.properties.PropertyMappingContextCustomizer@0, org.springframework.boot.test.autoconfigure.web.servlet.WebDriverContextCustomizerFactory$Customizer@479460a6, org.springframework.boot.test.context.filter.ExcludeFilterContextCustomizer@68702e03, org.springframework.boot.test.json.DuplicateJsonObjectContextCustomizerFactory$DuplicateJsonObjectContextCustomizer@338c99c8, org.springframework.boot.test.mock.mockito.MockitoContextCustomizer@ad3122e0], contextLoader = 'org.springframework.test.context.support.DelegatingSmartContextLoader', parent = [null]]]
23:36:59.041 [Test worker] DEBUG org.springframework.test.context.cache - Spring test ApplicationContext cache statistics: [DefaultContextCache@743c6ce4 size = 1, maxSize = 32, parentContextCount = 0, hitCount = 70, missCount = 1]
23:36:59.041 [Test worker] DEBUG org.springframework.test.context.cache.DefaultCacheAwareContextLoaderDelegate - Retrieved ApplicationContext [974308356] from cache with key [[MergedContextConfiguration@72437d8d testClass = ScheduleServiceTest, locations = '{}', classes = '{class org.waldreg.schedule.management.DefaultScheduleManager}', contextInitializerClasses = '[]', activeProfiles = '{}', propertySourceLocations = '{}', propertySourceProperties = '{}', contextCustomizers = set[org.springframework.boot.test.autoconfigure.actuate.metrics.MetricsExportContextCustomizerFactory$DisableMetricExportContextCustomizer@181e731e, org.springframework.boot.test.autoconfigure.properties.PropertyMappingContextCustomizer@0, org.springframework.boot.test.autoconfigure.web.servlet.WebDriverContextCustomizerFactory$Customizer@479460a6, org.springframework.boot.test.context.filter.ExcludeFilterContextCustomizer@68702e03, org.springframework.boot.test.json.DuplicateJsonObjectContextCustomizerFactory$DuplicateJsonObjectContextCustomizer@338c99c8, org.springframework.boot.test.mock.mockito.MockitoContextCustomizer@ad3122e0], contextLoader = 'org.springframework.test.context.support.DelegatingSmartContextLoader', parent = [null]]]
23:36:59.041 [Test worker] DEBUG org.springframework.test.context.cache - Spring test ApplicationContext cache statistics: [DefaultContextCache@743c6ce4 size = 1, maxSize = 32, parentContextCount = 0, hitCount = 71, missCount = 1]
23:36:59.042 [Test worker] DEBUG org.springframework.test.context.support.AbstractDirtiesContextTestExecutionListener - After test method: context [DefaultTestContext@1c481ff2 testClass = ScheduleServiceTest, testInstance = org.waldreg.schedule.ScheduleServiceTest@71466383, testMethod = DELETE_SCHEDULE_BY_ID_FAIL_CAUSE_UNKNOWN_SCHEDULE_TEST@ScheduleServiceTest, testException = [null], mergedContextConfiguration = [MergedContextConfiguration@72437d8d testClass = ScheduleServiceTest, locations = '{}', classes = '{class org.waldreg.schedule.management.DefaultScheduleManager}', contextInitializerClasses = '[]', activeProfiles = '{}', propertySourceLocations = '{}', propertySourceProperties = '{}', contextCustomizers = set[org.springframework.boot.test.autoconfigure.actuate.metrics.MetricsExportContextCustomizerFactory$DisableMetricExportContextCustomizer@181e731e, org.springframework.boot.test.autoconfigure.properties.PropertyMappingContextCustomizer@0, org.springframework.boot.test.autoconfigure.web.servlet.WebDriverContextCustomizerFactory$Customizer@479460a6, org.springframework.boot.test.context.filter.ExcludeFilterContextCustomizer@68702e03, org.springframework.boot.test.json.DuplicateJsonObjectContextCustomizerFactory$DuplicateJsonObjectContextCustomizer@338c99c8, org.springframework.boot.test.mock.mockito.MockitoContextCustomizer@ad3122e0], contextLoader = 'org.springframework.test.context.support.DelegatingSmartContextLoader', parent = [null]], attributes = map['org.springframework.test.context.event.ApplicationEventsTestExecutionListener.recordApplicationEvents' -> false]], class annotated with @DirtiesContext [false] with mode [null], method annotated with @DirtiesContext [false] with mode [null].
23:36:59.042 [Test worker] DEBUG org.springframework.test.context.cache.DefaultCacheAwareContextLoaderDelegate - Retrieved ApplicationContext [974308356] from cache with key [[MergedContextConfiguration@72437d8d testClass = ScheduleServiceTest, locations = '{}', classes = '{class org.waldreg.schedule.management.DefaultScheduleManager}', contextInitializerClasses = '[]', activeProfiles = '{}', propertySourceLocations = '{}', propertySourceProperties = '{}', contextCustomizers = set[org.springframework.boot.test.autoconfigure.actuate.metrics.MetricsExportContextCustomizerFactory$DisableMetricExportContextCustomizer@181e731e, org.springframework.boot.test.autoconfigure.properties.PropertyMappingContextCustomizer@0, org.springframework.boot.test.autoconfigure.web.servlet.WebDriverContextCustomizerFactory$Customizer@479460a6, org.springframework.boot.test.context.filter.ExcludeFilterContextCustomizer@68702e03, org.springframework.boot.test.json.DuplicateJsonObjectContextCustomizerFactory$DuplicateJsonObjectContextCustomizer@338c99c8, org.springframework.boot.test.mock.mockito.MockitoContextCustomizer@ad3122e0], contextLoader = 'org.springframework.test.context.support.DelegatingSmartContextLoader', parent = [null]]]
23:36:59.042 [Test worker] DEBUG org.springframework.test.context.cache - Spring test ApplicationContext cache statistics: [DefaultContextCache@743c6ce4 size = 1, maxSize = 32, parentContextCount = 0, hitCount = 72, missCount = 1]
23:36:59.042 [Test worker] DEBUG org.springframework.test.context.support.DependencyInjectionTestExecutionListener - Performing dependency injection for test context [[DefaultTestContext@1c481ff2 testClass = ScheduleServiceTest, testInstance = org.waldreg.schedule.ScheduleServiceTest@16a49a5d, testMethod = [null], testException = [null], mergedContextConfiguration = [MergedContextConfiguration@72437d8d testClass = ScheduleServiceTest, locations = '{}', classes = '{class org.waldreg.schedule.management.DefaultScheduleManager}', contextInitializerClasses = '[]', activeProfiles = '{}', propertySourceLocations = '{}', propertySourceProperties = '{}', contextCustomizers = set[org.springframework.boot.test.autoconfigure.actuate.metrics.MetricsExportContextCustomizerFactory$DisableMetricExportContextCustomizer@181e731e, org.springframework.boot.test.autoconfigure.properties.PropertyMappingContextCustomizer@0, org.springframework.boot.test.autoconfigure.web.servlet.WebDriverContextCustomizerFactory$Customizer@479460a6, org.springframework.boot.test.context.filter.ExcludeFilterContextCustomizer@68702e03, org.springframework.boot.test.json.DuplicateJsonObjectContextCustomizerFactory$DuplicateJsonObjectContextCustomizer@338c99c8, org.springframework.boot.test.mock.mockito.MockitoContextCustomizer@ad3122e0], contextLoader = 'org.springframework.test.context.support.DelegatingSmartContextLoader', parent = [null]], attributes = map['org.springframework.test.context.event.ApplicationEventsTestExecutionListener.recordApplicationEvents' -> false]]].
23:36:59.043 [Test worker] DEBUG org.springframework.test.context.cache.DefaultCacheAwareContextLoaderDelegate - Retrieved ApplicationContext [974308356] from cache with key [[MergedContextConfiguration@72437d8d testClass = ScheduleServiceTest, locations = '{}', classes = '{class org.waldreg.schedule.management.DefaultScheduleManager}', contextInitializerClasses = '[]', activeProfiles = '{}', propertySourceLocations = '{}', propertySourceProperties = '{}', contextCustomizers = set[org.springframework.boot.test.autoconfigure.actuate.metrics.MetricsExportContextCustomizerFactory$DisableMetricExportContextCustomizer@181e731e, org.springframework.boot.test.autoconfigure.properties.PropertyMappingContextCustomizer@0, org.springframework.boot.test.autoconfigure.web.servlet.WebDriverContextCustomizerFactory$Customizer@479460a6, org.springframework.boot.test.context.filter.ExcludeFilterContextCustomizer@68702e03, org.springframework.boot.test.json.DuplicateJsonObjectContextCustomizerFactory$DuplicateJsonObjectContextCustomizer@338c99c8, org.springframework.boot.test.mock.mockito.MockitoContextCustomizer@ad3122e0], contextLoader = 'org.springframework.test.context.support.DelegatingSmartContextLoader', parent = [null]]]
23:36:59.043 [Test worker] DEBUG org.springframework.test.context.cache - Spring test ApplicationContext cache statistics: [DefaultContextCache@743c6ce4 size = 1, maxSize = 32, parentContextCount = 0, hitCount = 73, missCount = 1]
23:36:59.043 [Test worker] DEBUG org.springframework.test.context.cache.DefaultCacheAwareContextLoaderDelegate - Retrieved ApplicationContext [974308356] from cache with key [[MergedContextConfiguration@72437d8d testClass = ScheduleServiceTest, locations = '{}', classes = '{class org.waldreg.schedule.management.DefaultScheduleManager}', contextInitializerClasses = '[]', activeProfiles = '{}', propertySourceLocations = '{}', propertySourceProperties = '{}', contextCustomizers = set[org.springframework.boot.test.autoconfigure.actuate.metrics.MetricsExportContextCustomizerFactory$DisableMetricExportContextCustomizer@181e731e, org.springframework.boot.test.autoconfigure.properties.PropertyMappingContextCustomizer@0, org.springframework.boot.test.autoconfigure.web.servlet.WebDriverContextCustomizerFactory$Customizer@479460a6, org.springframework.boot.test.context.filter.ExcludeFilterContextCustomizer@68702e03, org.springframework.boot.test.json.DuplicateJsonObjectContextCustomizerFactory$DuplicateJsonObjectContextCustomizer@338c99c8, org.springframework.boot.test.mock.mockito.MockitoContextCustomizer@ad3122e0], contextLoader = 'org.springframework.test.context.support.DelegatingSmartContextLoader', parent = [null]]]
23:36:59.043 [Test worker] DEBUG org.springframework.test.context.cache - Spring test ApplicationContext cache statistics: [DefaultContextCache@743c6ce4 size = 1, maxSize = 32, parentContextCount = 0, hitCount = 74, missCount = 1]
23:36:59.043 [Test worker] DEBUG org.springframework.test.context.support.AbstractDirtiesContextTestExecutionListener - Before test method: context [DefaultTestContext@1c481ff2 testClass = ScheduleServiceTest, testInstance = org.waldreg.schedule.ScheduleServiceTest@16a49a5d, testMethod = READ_SCHEDULE_BY_TERM_SUCCESS_TEST@ScheduleServiceTest, testException = [null], mergedContextConfiguration = [MergedContextConfiguration@72437d8d testClass = ScheduleServiceTest, locations = '{}', classes = '{class org.waldreg.schedule.management.DefaultScheduleManager}', contextInitializerClasses = '[]', activeProfiles = '{}', propertySourceLocations = '{}', propertySourceProperties = '{}', contextCustomizers = set[org.springframework.boot.test.autoconfigure.actuate.metrics.MetricsExportContextCustomizerFactory$DisableMetricExportContextCustomizer@181e731e, org.springframework.boot.test.autoconfigure.properties.PropertyMappingContextCustomizer@0, org.springframework.boot.test.autoconfigure.web.servlet.WebDriverContextCustomizerFactory$Customizer@479460a6, org.springframework.boot.test.context.filter.ExcludeFilterContextCustomizer@68702e03, org.springframework.boot.test.json.DuplicateJsonObjectContextCustomizerFactory$DuplicateJsonObjectContextCustomizer@338c99c8, org.springframework.boot.test.mock.mockito.MockitoContextCustomizer@ad3122e0], contextLoader = 'org.springframework.test.context.support.DelegatingSmartContextLoader', parent = [null]], attributes = map['org.springframework.test.context.event.ApplicationEventsTestExecutionListener.recordApplicationEvents' -> false]], class annotated with @DirtiesContext [false] with mode [null], method annotated with @DirtiesContext [false] with mode [null].
23:36:59.043 [Test worker] DEBUG org.springframework.test.context.cache.DefaultCacheAwareContextLoaderDelegate - Retrieved ApplicationContext [974308356] from cache with key [[MergedContextConfiguration@72437d8d testClass = ScheduleServiceTest, locations = '{}', classes = '{class org.waldreg.schedule.management.DefaultScheduleManager}', contextInitializerClasses = '[]', activeProfiles = '{}', propertySourceLocations = '{}', propertySourceProperties = '{}', contextCustomizers = set[org.springframework.boot.test.autoconfigure.actuate.metrics.MetricsExportContextCustomizerFactory$DisableMetricExportContextCustomizer@181e731e, org.springframework.boot.test.autoconfigure.properties.PropertyMappingContextCustomizer@0, org.springframework.boot.test.autoconfigure.web.servlet.WebDriverContextCustomizerFactory$Customizer@479460a6, org.springframework.boot.test.context.filter.ExcludeFilterContextCustomizer@68702e03, org.springframework.boot.test.json.DuplicateJsonObjectContextCustomizerFactory$DuplicateJsonObjectContextCustomizer@338c99c8, org.springframework.boot.test.mock.mockito.MockitoContextCustomizer@ad3122e0], contextLoader = 'org.springframework.test.context.support.DelegatingSmartContextLoader', parent = [null]]]
23:36:59.043 [Test worker] DEBUG org.springframework.test.context.cache - Spring test ApplicationContext cache statistics: [DefaultContextCache@743c6ce4 size = 1, maxSize = 32, parentContextCount = 0, hitCount = 75, missCount = 1]
23:36:59.043 [Test worker] DEBUG org.springframework.test.context.cache.DefaultCacheAwareContextLoaderDelegate - Retrieved ApplicationContext [974308356] from cache with key [[MergedContextConfiguration@72437d8d testClass = ScheduleServiceTest, locations = '{}', classes = '{class org.waldreg.schedule.management.DefaultScheduleManager}', contextInitializerClasses = '[]', activeProfiles = '{}', propertySourceLocations = '{}', propertySourceProperties = '{}', contextCustomizers = set[org.springframework.boot.test.autoconfigure.actuate.metrics.MetricsExportContextCustomizerFactory$DisableMetricExportContextCustomizer@181e731e, org.springframework.boot.test.autoconfigure.properties.PropertyMappingContextCustomizer@0, org.springframework.boot.test.autoconfigure.web.servlet.WebDriverContextCustomizerFactory$Customizer@479460a6, org.springframework.boot.test.context.filter.ExcludeFilterContextCustomizer@68702e03, org.springframework.boot.test.json.DuplicateJsonObjectContextCustomizerFactory$DuplicateJsonObjectContextCustomizer@338c99c8, org.springframework.boot.test.mock.mockito.MockitoContextCustomizer@ad3122e0], contextLoader = 'org.springframework.test.context.support.DelegatingSmartContextLoader', parent = [null]]]
23:36:59.043 [Test worker] DEBUG org.springframework.test.context.cache - Spring test ApplicationContext cache statistics: [DefaultContextCache@743c6ce4 size = 1, maxSize = 32, parentContextCount = 0, hitCount = 76, missCount = 1]
23:36:59.044 [Test worker] DEBUG org.springframework.test.context.cache.DefaultCacheAwareContextLoaderDelegate - Retrieved ApplicationContext [974308356] from cache with key [[MergedContextConfiguration@72437d8d testClass = ScheduleServiceTest, locations = '{}', classes = '{class org.waldreg.schedule.management.DefaultScheduleManager}', contextInitializerClasses = '[]', activeProfiles = '{}', propertySourceLocations = '{}', propertySourceProperties = '{}', contextCustomizers = set[org.springframework.boot.test.autoconfigure.actuate.metrics.MetricsExportContextCustomizerFactory$DisableMetricExportContextCustomizer@181e731e, org.springframework.boot.test.autoconfigure.properties.PropertyMappingContextCustomizer@0, org.springframework.boot.test.autoconfigure.web.servlet.WebDriverContextCustomizerFactory$Customizer@479460a6, org.springframework.boot.test.context.filter.ExcludeFilterContextCustomizer@68702e03, org.springframework.boot.test.json.DuplicateJsonObjectContextCustomizerFactory$DuplicateJsonObjectContextCustomizer@338c99c8, org.springframework.boot.test.mock.mockito.MockitoContextCustomizer@ad3122e0], contextLoader = 'org.springframework.test.context.support.DelegatingSmartContextLoader', parent = [null]]]
23:36:59.044 [Test worker] DEBUG org.springframework.test.context.cache - Spring test ApplicationContext cache statistics: [DefaultContextCache@743c6ce4 size = 1, maxSize = 32, parentContextCount = 0, hitCount = 77, missCount = 1]
23:36:59.045 [Test worker] DEBUG org.springframework.test.context.cache.DefaultCacheAwareContextLoaderDelegate - Retrieved ApplicationContext [974308356] from cache with key [[MergedContextConfiguration@72437d8d testClass = ScheduleServiceTest, locations = '{}', classes = '{class org.waldreg.schedule.management.DefaultScheduleManager}', contextInitializerClasses = '[]', activeProfiles = '{}', propertySourceLocations = '{}', propertySourceProperties = '{}', contextCustomizers = set[org.springframework.boot.test.autoconfigure.actuate.metrics.MetricsExportContextCustomizerFactory$DisableMetricExportContextCustomizer@181e731e, org.springframework.boot.test.autoconfigure.properties.PropertyMappingContextCustomizer@0, org.springframework.boot.test.autoconfigure.web.servlet.WebDriverContextCustomizerFactory$Customizer@479460a6, org.springframework.boot.test.context.filter.ExcludeFilterContextCustomizer@68702e03, org.springframework.boot.test.json.DuplicateJsonObjectContextCustomizerFactory$DuplicateJsonObjectContextCustomizer@338c99c8, org.springframework.boot.test.mock.mockito.MockitoContextCustomizer@ad3122e0], contextLoader = 'org.springframework.test.context.support.DelegatingSmartContextLoader', parent = [null]]]
23:36:59.045 [Test worker] DEBUG org.springframework.test.context.cache - Spring test ApplicationContext cache statistics: [DefaultContextCache@743c6ce4 size = 1, maxSize = 32, parentContextCount = 0, hitCount = 78, missCount = 1]
23:36:59.045 [Test worker] DEBUG org.springframework.test.context.cache.DefaultCacheAwareContextLoaderDelegate - Retrieved ApplicationContext [974308356] from cache with key [[MergedContextConfiguration@72437d8d testClass = ScheduleServiceTest, locations = '{}', classes = '{class org.waldreg.schedule.management.DefaultScheduleManager}', contextInitializerClasses = '[]', activeProfiles = '{}', propertySourceLocations = '{}', propertySourceProperties = '{}', contextCustomizers = set[org.springframework.boot.test.autoconfigure.actuate.metrics.MetricsExportContextCustomizerFactory$DisableMetricExportContextCustomizer@181e731e, org.springframework.boot.test.autoconfigure.properties.PropertyMappingContextCustomizer@0, org.springframework.boot.test.autoconfigure.web.servlet.WebDriverContextCustomizerFactory$Customizer@479460a6, org.springframework.boot.test.context.filter.ExcludeFilterContextCustomizer@68702e03, org.springframework.boot.test.json.DuplicateJsonObjectContextCustomizerFactory$DuplicateJsonObjectContextCustomizer@338c99c8, org.springframework.boot.test.mock.mockito.MockitoContextCustomizer@ad3122e0], contextLoader = 'org.springframework.test.context.support.DelegatingSmartContextLoader', parent = [null]]]
23:36:59.045 [Test worker] DEBUG org.springframework.test.context.cache - Spring test ApplicationContext cache statistics: [DefaultContextCache@743c6ce4 size = 1, maxSize = 32, parentContextCount = 0, hitCount = 79, missCount = 1]
23:36:59.045 [Test worker] DEBUG org.springframework.test.context.cache.DefaultCacheAwareContextLoaderDelegate - Retrieved ApplicationContext [974308356] from cache with key [[MergedContextConfiguration@72437d8d testClass = ScheduleServiceTest, locations = '{}', classes = '{class org.waldreg.schedule.management.DefaultScheduleManager}', contextInitializerClasses = '[]', activeProfiles = '{}', propertySourceLocations = '{}', propertySourceProperties = '{}', contextCustomizers = set[org.springframework.boot.test.autoconfigure.actuate.metrics.MetricsExportContextCustomizerFactory$DisableMetricExportContextCustomizer@181e731e, org.springframework.boot.test.autoconfigure.properties.PropertyMappingContextCustomizer@0, org.springframework.boot.test.autoconfigure.web.servlet.WebDriverContextCustomizerFactory$Customizer@479460a6, org.springframework.boot.test.context.filter.ExcludeFilterContextCustomizer@68702e03, org.springframework.boot.test.json.DuplicateJsonObjectContextCustomizerFactory$DuplicateJsonObjectContextCustomizer@338c99c8, org.springframework.boot.test.mock.mockito.MockitoContextCustomizer@ad3122e0], contextLoader = 'org.springframework.test.context.support.DelegatingSmartContextLoader', parent = [null]]]
23:36:59.045 [Test worker] DEBUG org.springframework.test.context.cache - Spring test ApplicationContext cache statistics: [DefaultContextCache@743c6ce4 size = 1, maxSize = 32, parentContextCount = 0, hitCount = 80, missCount = 1]
23:36:59.045 [Test worker] DEBUG org.springframework.test.context.cache.DefaultCacheAwareContextLoaderDelegate - Retrieved ApplicationContext [974308356] from cache with key [[MergedContextConfiguration@72437d8d testClass = ScheduleServiceTest, locations = '{}', classes = '{class org.waldreg.schedule.management.DefaultScheduleManager}', contextInitializerClasses = '[]', activeProfiles = '{}', propertySourceLocations = '{}', propertySourceProperties = '{}', contextCustomizers = set[org.springframework.boot.test.autoconfigure.actuate.metrics.MetricsExportContextCustomizerFactory$DisableMetricExportContextCustomizer@181e731e, org.springframework.boot.test.autoconfigure.properties.PropertyMappingContextCustomizer@0, org.springframework.boot.test.autoconfigure.web.servlet.WebDriverContextCustomizerFactory$Customizer@479460a6, org.springframework.boot.test.context.filter.ExcludeFilterContextCustomizer@68702e03, org.springframework.boot.test.json.DuplicateJsonObjectContextCustomizerFactory$DuplicateJsonObjectContextCustomizer@338c99c8, org.springframework.boot.test.mock.mockito.MockitoContextCustomizer@ad3122e0], contextLoader = 'org.springframework.test.context.support.DelegatingSmartContextLoader', parent = [null]]]
23:36:59.045 [Test worker] DEBUG org.springframework.test.context.cache - Spring test ApplicationContext cache statistics: [DefaultContextCache@743c6ce4 size = 1, maxSize = 32, parentContextCount = 0, hitCount = 81, missCount = 1]
23:36:59.045 [Test worker] DEBUG org.springframework.test.context.cache.DefaultCacheAwareContextLoaderDelegate - Retrieved ApplicationContext [974308356] from cache with key [[MergedContextConfiguration@72437d8d testClass = ScheduleServiceTest, locations = '{}', classes = '{class org.waldreg.schedule.management.DefaultScheduleManager}', contextInitializerClasses = '[]', activeProfiles = '{}', propertySourceLocations = '{}', propertySourceProperties = '{}', contextCustomizers = set[org.springframework.boot.test.autoconfigure.actuate.metrics.MetricsExportContextCustomizerFactory$DisableMetricExportContextCustomizer@181e731e, org.springframework.boot.test.autoconfigure.properties.PropertyMappingContextCustomizer@0, org.springframework.boot.test.autoconfigure.web.servlet.WebDriverContextCustomizerFactory$Customizer@479460a6, org.springframework.boot.test.context.filter.ExcludeFilterContextCustomizer@68702e03, org.springframework.boot.test.json.DuplicateJsonObjectContextCustomizerFactory$DuplicateJsonObjectContextCustomizer@338c99c8, org.springframework.boot.test.mock.mockito.MockitoContextCustomizer@ad3122e0], contextLoader = 'org.springframework.test.context.support.DelegatingSmartContextLoader', parent = [null]]]
23:36:59.045 [Test worker] DEBUG org.springframework.test.context.cache - Spring test ApplicationContext cache statistics: [DefaultContextCache@743c6ce4 size = 1, maxSize = 32, parentContextCount = 0, hitCount = 82, missCount = 1]
23:36:59.045 [Test worker] DEBUG org.springframework.test.context.cache.DefaultCacheAwareContextLoaderDelegate - Retrieved ApplicationContext [974308356] from cache with key [[MergedContextConfiguration@72437d8d testClass = ScheduleServiceTest, locations = '{}', classes = '{class org.waldreg.schedule.management.DefaultScheduleManager}', contextInitializerClasses = '[]', activeProfiles = '{}', propertySourceLocations = '{}', propertySourceProperties = '{}', contextCustomizers = set[org.springframework.boot.test.autoconfigure.actuate.metrics.MetricsExportContextCustomizerFactory$DisableMetricExportContextCustomizer@181e731e, org.springframework.boot.test.autoconfigure.properties.PropertyMappingContextCustomizer@0, org.springframework.boot.test.autoconfigure.web.servlet.WebDriverContextCustomizerFactory$Customizer@479460a6, org.springframework.boot.test.context.filter.ExcludeFilterContextCustomizer@68702e03, org.springframework.boot.test.json.DuplicateJsonObjectContextCustomizerFactory$DuplicateJsonObjectContextCustomizer@338c99c8, org.springframework.boot.test.mock.mockito.MockitoContextCustomizer@ad3122e0], contextLoader = 'org.springframework.test.context.support.DelegatingSmartContextLoader', parent = [null]]]
23:36:59.045 [Test worker] DEBUG org.springframework.test.context.cache - Spring test ApplicationContext cache statistics: [DefaultContextCache@743c6ce4 size = 1, maxSize = 32, parentContextCount = 0, hitCount = 83, missCount = 1]
23:36:59.045 [Test worker] DEBUG org.springframework.test.context.support.AbstractDirtiesContextTestExecutionListener - After test method: context [DefaultTestContext@1c481ff2 testClass = ScheduleServiceTest, testInstance = org.waldreg.schedule.ScheduleServiceTest@16a49a5d, testMethod = READ_SCHEDULE_BY_TERM_SUCCESS_TEST@ScheduleServiceTest, testException = [null], mergedContextConfiguration = [MergedContextConfiguration@72437d8d testClass = ScheduleServiceTest, locations = '{}', classes = '{class org.waldreg.schedule.management.DefaultScheduleManager}', contextInitializerClasses = '[]', activeProfiles = '{}', propertySourceLocations = '{}', propertySourceProperties = '{}', contextCustomizers = set[org.springframework.boot.test.autoconfigure.actuate.metrics.MetricsExportContextCustomizerFactory$DisableMetricExportContextCustomizer@181e731e, org.springframework.boot.test.autoconfigure.properties.PropertyMappingContextCustomizer@0, org.springframework.boot.test.autoconfigure.web.servlet.WebDriverContextCustomizerFactory$Customizer@479460a6, org.springframework.boot.test.context.filter.ExcludeFilterContextCustomizer@68702e03, org.springframework.boot.test.json.DuplicateJsonObjectContextCustomizerFactory$DuplicateJsonObjectContextCustomizer@338c99c8, org.springframework.boot.test.mock.mockito.MockitoContextCustomizer@ad3122e0], contextLoader = 'org.springframework.test.context.support.DelegatingSmartContextLoader', parent = [null]], attributes = map['org.springframework.test.context.event.ApplicationEventsTestExecutionListener.recordApplicationEvents' -> false]], class annotated with @DirtiesContext [false] with mode [null], method annotated with @DirtiesContext [false] with mode [null].
23:36:59.046 [Test worker] DEBUG org.springframework.test.context.cache.DefaultCacheAwareContextLoaderDelegate - Retrieved ApplicationContext [974308356] from cache with key [[MergedContextConfiguration@72437d8d testClass = ScheduleServiceTest, locations = '{}', classes = '{class org.waldreg.schedule.management.DefaultScheduleManager}', contextInitializerClasses = '[]', activeProfiles = '{}', propertySourceLocations = '{}', propertySourceProperties = '{}', contextCustomizers = set[org.springframework.boot.test.autoconfigure.actuate.metrics.MetricsExportContextCustomizerFactory$DisableMetricExportContextCustomizer@181e731e, org.springframework.boot.test.autoconfigure.properties.PropertyMappingContextCustomizer@0, org.springframework.boot.test.autoconfigure.web.servlet.WebDriverContextCustomizerFactory$Customizer@479460a6, org.springframework.boot.test.context.filter.ExcludeFilterContextCustomizer@68702e03, org.springframework.boot.test.json.DuplicateJsonObjectContextCustomizerFactory$DuplicateJsonObjectContextCustomizer@338c99c8, org.springframework.boot.test.mock.mockito.MockitoContextCustomizer@ad3122e0], contextLoader = 'org.springframework.test.context.support.DelegatingSmartContextLoader', parent = [null]]]
23:36:59.046 [Test worker] DEBUG org.springframework.test.context.cache - Spring test ApplicationContext cache statistics: [DefaultContextCache@743c6ce4 size = 1, maxSize = 32, parentContextCount = 0, hitCount = 84, missCount = 1]
23:36:59.046 [Test worker] DEBUG org.springframework.test.context.support.DependencyInjectionTestExecutionListener - Performing dependency injection for test context [[DefaultTestContext@1c481ff2 testClass = ScheduleServiceTest, testInstance = org.waldreg.schedule.ScheduleServiceTest@11b377c5, testMethod = [null], testException = [null], mergedContextConfiguration = [MergedContextConfiguration@72437d8d testClass = ScheduleServiceTest, locations = '{}', classes = '{class org.waldreg.schedule.management.DefaultScheduleManager}', contextInitializerClasses = '[]', activeProfiles = '{}', propertySourceLocations = '{}', propertySourceProperties = '{}', contextCustomizers = set[org.springframework.boot.test.autoconfigure.actuate.metrics.MetricsExportContextCustomizerFactory$DisableMetricExportContextCustomizer@181e731e, org.springframework.boot.test.autoconfigure.properties.PropertyMappingContextCustomizer@0, org.springframework.boot.test.autoconfigure.web.servlet.WebDriverContextCustomizerFactory$Customizer@479460a6, org.springframework.boot.test.context.filter.ExcludeFilterContextCustomizer@68702e03, org.springframework.boot.test.json.DuplicateJsonObjectContextCustomizerFactory$DuplicateJsonObjectContextCustomizer@338c99c8, org.springframework.boot.test.mock.mockito.MockitoContextCustomizer@ad3122e0], contextLoader = 'org.springframework.test.context.support.DelegatingSmartContextLoader', parent = [null]], attributes = map['org.springframework.test.context.event.ApplicationEventsTestExecutionListener.recordApplicationEvents' -> false]]].
23:36:59.046 [Test worker] DEBUG org.springframework.test.context.cache.DefaultCacheAwareContextLoaderDelegate - Retrieved ApplicationContext [974308356] from cache with key [[MergedContextConfiguration@72437d8d testClass = ScheduleServiceTest, locations = '{}', classes = '{class org.waldreg.schedule.management.DefaultScheduleManager}', contextInitializerClasses = '[]', activeProfiles = '{}', propertySourceLocations = '{}', propertySourceProperties = '{}', contextCustomizers = set[org.springframework.boot.test.autoconfigure.actuate.metrics.MetricsExportContextCustomizerFactory$DisableMetricExportContextCustomizer@181e731e, org.springframework.boot.test.autoconfigure.properties.PropertyMappingContextCustomizer@0, org.springframework.boot.test.autoconfigure.web.servlet.WebDriverContextCustomizerFactory$Customizer@479460a6, org.springframework.boot.test.context.filter.ExcludeFilterContextCustomizer@68702e03, org.springframework.boot.test.json.DuplicateJsonObjectContextCustomizerFactory$DuplicateJsonObjectContextCustomizer@338c99c8, org.springframework.boot.test.mock.mockito.MockitoContextCustomizer@ad3122e0], contextLoader = 'org.springframework.test.context.support.DelegatingSmartContextLoader', parent = [null]]]
23:36:59.046 [Test worker] DEBUG org.springframework.test.context.cache - Spring test ApplicationContext cache statistics: [DefaultContextCache@743c6ce4 size = 1, maxSize = 32, parentContextCount = 0, hitCount = 85, missCount = 1]
23:36:59.046 [Test worker] DEBUG org.springframework.test.context.cache.DefaultCacheAwareContextLoaderDelegate - Retrieved ApplicationContext [974308356] from cache with key [[MergedContextConfiguration@72437d8d testClass = ScheduleServiceTest, locations = '{}', classes = '{class org.waldreg.schedule.management.DefaultScheduleManager}', contextInitializerClasses = '[]', activeProfiles = '{}', propertySourceLocations = '{}', propertySourceProperties = '{}', contextCustomizers = set[org.springframework.boot.test.autoconfigure.actuate.metrics.MetricsExportContextCustomizerFactory$DisableMetricExportContextCustomizer@181e731e, org.springframework.boot.test.autoconfigure.properties.PropertyMappingContextCustomizer@0, org.springframework.boot.test.autoconfigure.web.servlet.WebDriverContextCustomizerFactory$Customizer@479460a6, org.springframework.boot.test.context.filter.ExcludeFilterContextCustomizer@68702e03, org.springframework.boot.test.json.DuplicateJsonObjectContextCustomizerFactory$DuplicateJsonObjectContextCustomizer@338c99c8, org.springframework.boot.test.mock.mockito.MockitoContextCustomizer@ad3122e0], contextLoader = 'org.springframework.test.context.support.DelegatingSmartContextLoader', parent = [null]]]
23:36:59.046 [Test worker] DEBUG org.springframework.test.context.cache - Spring test ApplicationContext cache statistics: [DefaultContextCache@743c6ce4 size = 1, maxSize = 32, parentContextCount = 0, hitCount = 86, missCount = 1]
23:36:59.047 [Test worker] DEBUG org.springframework.test.context.support.AbstractDirtiesContextTestExecutionListener - Before test method: context [DefaultTestContext@1c481ff2 testClass = ScheduleServiceTest, testInstance = org.waldreg.schedule.ScheduleServiceTest@11b377c5, testMethod = CREATE_NEW_SCHEDULE_WITH_REPEAT_FAIL_CAUSE_CONTENT_OVERFLOW_TEST@ScheduleServiceTest, testException = [null], mergedContextConfiguration = [MergedContextConfiguration@72437d8d testClass = ScheduleServiceTest, locations = '{}', classes = '{class org.waldreg.schedule.management.DefaultScheduleManager}', contextInitializerClasses = '[]', activeProfiles = '{}', propertySourceLocations = '{}', propertySourceProperties = '{}', contextCustomizers = set[org.springframework.boot.test.autoconfigure.actuate.metrics.MetricsExportContextCustomizerFactory$DisableMetricExportContextCustomizer@181e731e, org.springframework.boot.test.autoconfigure.properties.PropertyMappingContextCustomizer@0, org.springframework.boot.test.autoconfigure.web.servlet.WebDriverContextCustomizerFactory$Customizer@479460a6, org.springframework.boot.test.context.filter.ExcludeFilterContextCustomizer@68702e03, org.springframework.boot.test.json.DuplicateJsonObjectContextCustomizerFactory$DuplicateJsonObjectContextCustomizer@338c99c8, org.springframework.boot.test.mock.mockito.MockitoContextCustomizer@ad3122e0], contextLoader = 'org.springframework.test.context.support.DelegatingSmartContextLoader', parent = [null]], attributes = map['org.springframework.test.context.event.ApplicationEventsTestExecutionListener.recordApplicationEvents' -> false]], class annotated with @DirtiesContext [false] with mode [null], method annotated with @DirtiesContext [false] with mode [null].
23:36:59.047 [Test worker] DEBUG org.springframework.test.context.cache.DefaultCacheAwareContextLoaderDelegate - Retrieved ApplicationContext [974308356] from cache with key [[MergedContextConfiguration@72437d8d testClass = ScheduleServiceTest, locations = '{}', classes = '{class org.waldreg.schedule.management.DefaultScheduleManager}', contextInitializerClasses = '[]', activeProfiles = '{}', propertySourceLocations = '{}', propertySourceProperties = '{}', contextCustomizers = set[org.springframework.boot.test.autoconfigure.actuate.metrics.MetricsExportContextCustomizerFactory$DisableMetricExportContextCustomizer@181e731e, org.springframework.boot.test.autoconfigure.properties.PropertyMappingContextCustomizer@0, org.springframework.boot.test.autoconfigure.web.servlet.WebDriverContextCustomizerFactory$Customizer@479460a6, org.springframework.boot.test.context.filter.ExcludeFilterContextCustomizer@68702e03, org.springframework.boot.test.json.DuplicateJsonObjectContextCustomizerFactory$DuplicateJsonObjectContextCustomizer@338c99c8, org.springframework.boot.test.mock.mockito.MockitoContextCustomizer@ad3122e0], contextLoader = 'org.springframework.test.context.support.DelegatingSmartContextLoader', parent = [null]]]
23:36:59.047 [Test worker] DEBUG org.springframework.test.context.cache - Spring test ApplicationContext cache statistics: [DefaultContextCache@743c6ce4 size = 1, maxSize = 32, parentContextCount = 0, hitCount = 87, missCount = 1]
23:36:59.047 [Test worker] DEBUG org.springframework.test.context.cache.DefaultCacheAwareContextLoaderDelegate - Retrieved ApplicationContext [974308356] from cache with key [[MergedContextConfiguration@72437d8d testClass = ScheduleServiceTest, locations = '{}', classes = '{class org.waldreg.schedule.management.DefaultScheduleManager}', contextInitializerClasses = '[]', activeProfiles = '{}', propertySourceLocations = '{}', propertySourceProperties = '{}', contextCustomizers = set[org.springframework.boot.test.autoconfigure.actuate.metrics.MetricsExportContextCustomizerFactory$DisableMetricExportContextCustomizer@181e731e, org.springframework.boot.test.autoconfigure.properties.PropertyMappingContextCustomizer@0, org.springframework.boot.test.autoconfigure.web.servlet.WebDriverContextCustomizerFactory$Customizer@479460a6, org.springframework.boot.test.context.filter.ExcludeFilterContextCustomizer@68702e03, org.springframework.boot.test.json.DuplicateJsonObjectContextCustomizerFactory$DuplicateJsonObjectContextCustomizer@338c99c8, org.springframework.boot.test.mock.mockito.MockitoContextCustomizer@ad3122e0], contextLoader = 'org.springframework.test.context.support.DelegatingSmartContextLoader', parent = [null]]]
23:36:59.047 [Test worker] DEBUG org.springframework.test.context.cache - Spring test ApplicationContext cache statistics: [DefaultContextCache@743c6ce4 size = 1, maxSize = 32, parentContextCount = 0, hitCount = 88, missCount = 1]
23:36:59.047 [Test worker] DEBUG org.springframework.test.context.cache.DefaultCacheAwareContextLoaderDelegate - Retrieved ApplicationContext [974308356] from cache with key [[MergedContextConfiguration@72437d8d testClass = ScheduleServiceTest, locations = '{}', classes = '{class org.waldreg.schedule.management.DefaultScheduleManager}', contextInitializerClasses = '[]', activeProfiles = '{}', propertySourceLocations = '{}', propertySourceProperties = '{}', contextCustomizers = set[org.springframework.boot.test.autoconfigure.actuate.metrics.MetricsExportContextCustomizerFactory$DisableMetricExportContextCustomizer@181e731e, org.springframework.boot.test.autoconfigure.properties.PropertyMappingContextCustomizer@0, org.springframework.boot.test.autoconfigure.web.servlet.WebDriverContextCustomizerFactory$Customizer@479460a6, org.springframework.boot.test.context.filter.ExcludeFilterContextCustomizer@68702e03, org.springframework.boot.test.json.DuplicateJsonObjectContextCustomizerFactory$DuplicateJsonObjectContextCustomizer@338c99c8, org.springframework.boot.test.mock.mockito.MockitoContextCustomizer@ad3122e0], contextLoader = 'org.springframework.test.context.support.DelegatingSmartContextLoader', parent = [null]]]
23:36:59.047 [Test worker] DEBUG org.springframework.test.context.cache - Spring test ApplicationContext cache statistics: [DefaultContextCache@743c6ce4 size = 1, maxSize = 32, parentContextCount = 0, hitCount = 89, missCount = 1]
23:36:59.048 [Test worker] DEBUG org.springframework.test.context.cache.DefaultCacheAwareContextLoaderDelegate - Retrieved ApplicationContext [974308356] from cache with key [[MergedContextConfiguration@72437d8d testClass = ScheduleServiceTest, locations = '{}', classes = '{class org.waldreg.schedule.management.DefaultScheduleManager}', contextInitializerClasses = '[]', activeProfiles = '{}', propertySourceLocations = '{}', propertySourceProperties = '{}', contextCustomizers = set[org.springframework.boot.test.autoconfigure.actuate.metrics.MetricsExportContextCustomizerFactory$DisableMetricExportContextCustomizer@181e731e, org.springframework.boot.test.autoconfigure.properties.PropertyMappingContextCustomizer@0, org.springframework.boot.test.autoconfigure.web.servlet.WebDriverContextCustomizerFactory$Customizer@479460a6, org.springframework.boot.test.context.filter.ExcludeFilterContextCustomizer@68702e03, org.springframework.boot.test.json.DuplicateJsonObjectContextCustomizerFactory$DuplicateJsonObjectContextCustomizer@338c99c8, org.springframework.boot.test.mock.mockito.MockitoContextCustomizer@ad3122e0], contextLoader = 'org.springframework.test.context.support.DelegatingSmartContextLoader', parent = [null]]]
23:36:59.049 [Test worker] DEBUG org.springframework.test.context.cache - Spring test ApplicationContext cache statistics: [DefaultContextCache@743c6ce4 size = 1, maxSize = 32, parentContextCount = 0, hitCount = 90, missCount = 1]
23:36:59.049 [Test worker] DEBUG org.springframework.test.context.cache.DefaultCacheAwareContextLoaderDelegate - Retrieved ApplicationContext [974308356] from cache with key [[MergedContextConfiguration@72437d8d testClass = ScheduleServiceTest, locations = '{}', classes = '{class org.waldreg.schedule.management.DefaultScheduleManager}', contextInitializerClasses = '[]', activeProfiles = '{}', propertySourceLocations = '{}', propertySourceProperties = '{}', contextCustomizers = set[org.springframework.boot.test.autoconfigure.actuate.metrics.MetricsExportContextCustomizerFactory$DisableMetricExportContextCustomizer@181e731e, org.springframework.boot.test.autoconfigure.properties.PropertyMappingContextCustomizer@0, org.springframework.boot.test.autoconfigure.web.servlet.WebDriverContextCustomizerFactory$Customizer@479460a6, org.springframework.boot.test.context.filter.ExcludeFilterContextCustomizer@68702e03, org.springframework.boot.test.json.DuplicateJsonObjectContextCustomizerFactory$DuplicateJsonObjectContextCustomizer@338c99c8, org.springframework.boot.test.mock.mockito.MockitoContextCustomizer@ad3122e0], contextLoader = 'org.springframework.test.context.support.DelegatingSmartContextLoader', parent = [null]]]
23:36:59.049 [Test worker] DEBUG org.springframework.test.context.cache - Spring test ApplicationContext cache statistics: [DefaultContextCache@743c6ce4 size = 1, maxSize = 32, parentContextCount = 0, hitCount = 91, missCount = 1]
23:36:59.049 [Test worker] DEBUG org.springframework.test.context.cache.DefaultCacheAwareContextLoaderDelegate - Retrieved ApplicationContext [974308356] from cache with key [[MergedContextConfiguration@72437d8d testClass = ScheduleServiceTest, locations = '{}', classes = '{class org.waldreg.schedule.management.DefaultScheduleManager}', contextInitializerClasses = '[]', activeProfiles = '{}', propertySourceLocations = '{}', propertySourceProperties = '{}', contextCustomizers = set[org.springframework.boot.test.autoconfigure.actuate.metrics.MetricsExportContextCustomizerFactory$DisableMetricExportContextCustomizer@181e731e, org.springframework.boot.test.autoconfigure.properties.PropertyMappingContextCustomizer@0, org.springframework.boot.test.autoconfigure.web.servlet.WebDriverContextCustomizerFactory$Customizer@479460a6, org.springframework.boot.test.context.filter.ExcludeFilterContextCustomizer@68702e03, org.springframework.boot.test.json.DuplicateJsonObjectContextCustomizerFactory$DuplicateJsonObjectContextCustomizer@338c99c8, org.springframework.boot.test.mock.mockito.MockitoContextCustomizer@ad3122e0], contextLoader = 'org.springframework.test.context.support.DelegatingSmartContextLoader', parent = [null]]]
23:36:59.049 [Test worker] DEBUG org.springframework.test.context.cache - Spring test ApplicationContext cache statistics: [DefaultContextCache@743c6ce4 size = 1, maxSize = 32, parentContextCount = 0, hitCount = 92, missCount = 1]
23:36:59.049 [Test worker] DEBUG org.springframework.test.context.cache.DefaultCacheAwareContextLoaderDelegate - Retrieved ApplicationContext [974308356] from cache with key [[MergedContextConfiguration@72437d8d testClass = ScheduleServiceTest, locations = '{}', classes = '{class org.waldreg.schedule.management.DefaultScheduleManager}', contextInitializerClasses = '[]', activeProfiles = '{}', propertySourceLocations = '{}', propertySourceProperties = '{}', contextCustomizers = set[org.springframework.boot.test.autoconfigure.actuate.metrics.MetricsExportContextCustomizerFactory$DisableMetricExportContextCustomizer@181e731e, org.springframework.boot.test.autoconfigure.properties.PropertyMappingContextCustomizer@0, org.springframework.boot.test.autoconfigure.web.servlet.WebDriverContextCustomizerFactory$Customizer@479460a6, org.springframework.boot.test.context.filter.ExcludeFilterContextCustomizer@68702e03, org.springframework.boot.test.json.DuplicateJsonObjectContextCustomizerFactory$DuplicateJsonObjectContextCustomizer@338c99c8, org.springframework.boot.test.mock.mockito.MockitoContextCustomizer@ad3122e0], contextLoader = 'org.springframework.test.context.support.DelegatingSmartContextLoader', parent = [null]]]
23:36:59.049 [Test worker] DEBUG org.springframework.test.context.cache - Spring test ApplicationContext cache statistics: [DefaultContextCache@743c6ce4 size = 1, maxSize = 32, parentContextCount = 0, hitCount = 93, missCount = 1]
23:36:59.049 [Test worker] DEBUG org.springframework.test.context.cache.DefaultCacheAwareContextLoaderDelegate - Retrieved ApplicationContext [974308356] from cache with key [[MergedContextConfiguration@72437d8d testClass = ScheduleServiceTest, locations = '{}', classes = '{class org.waldreg.schedule.management.DefaultScheduleManager}', contextInitializerClasses = '[]', activeProfiles = '{}', propertySourceLocations = '{}', propertySourceProperties = '{}', contextCustomizers = set[org.springframework.boot.test.autoconfigure.actuate.metrics.MetricsExportContextCustomizerFactory$DisableMetricExportContextCustomizer@181e731e, org.springframework.boot.test.autoconfigure.properties.PropertyMappingContextCustomizer@0, org.springframework.boot.test.autoconfigure.web.servlet.WebDriverContextCustomizerFactory$Customizer@479460a6, org.springframework.boot.test.context.filter.ExcludeFilterContextCustomizer@68702e03, org.springframework.boot.test.json.DuplicateJsonObjectContextCustomizerFactory$DuplicateJsonObjectContextCustomizer@338c99c8, org.springframework.boot.test.mock.mockito.MockitoContextCustomizer@ad3122e0], contextLoader = 'org.springframework.test.context.support.DelegatingSmartContextLoader', parent = [null]]]
23:36:59.050 [Test worker] DEBUG org.springframework.test.context.cache - Spring test ApplicationContext cache statistics: [DefaultContextCache@743c6ce4 size = 1, maxSize = 32, parentContextCount = 0, hitCount = 94, missCount = 1]
23:36:59.050 [Test worker] DEBUG org.springframework.test.context.cache.DefaultCacheAwareContextLoaderDelegate - Retrieved ApplicationContext [974308356] from cache with key [[MergedContextConfiguration@72437d8d testClass = ScheduleServiceTest, locations = '{}', classes = '{class org.waldreg.schedule.management.DefaultScheduleManager}', contextInitializerClasses = '[]', activeProfiles = '{}', propertySourceLocations = '{}', propertySourceProperties = '{}', contextCustomizers = set[org.springframework.boot.test.autoconfigure.actuate.metrics.MetricsExportContextCustomizerFactory$DisableMetricExportContextCustomizer@181e731e, org.springframework.boot.test.autoconfigure.properties.PropertyMappingContextCustomizer@0, org.springframework.boot.test.autoconfigure.web.servlet.WebDriverContextCustomizerFactory$Customizer@479460a6, org.springframework.boot.test.context.filter.ExcludeFilterContextCustomizer@68702e03, org.springframework.boot.test.json.DuplicateJsonObjectContextCustomizerFactory$DuplicateJsonObjectContextCustomizer@338c99c8, org.springframework.boot.test.mock.mockito.MockitoContextCustomizer@ad3122e0], contextLoader = 'org.springframework.test.context.support.DelegatingSmartContextLoader', parent = [null]]]
23:36:59.050 [Test worker] DEBUG org.springframework.test.context.cache - Spring test ApplicationContext cache statistics: [DefaultContextCache@743c6ce4 size = 1, maxSize = 32, parentContextCount = 0, hitCount = 95, missCount = 1]
23:36:59.050 [Test worker] DEBUG org.springframework.test.context.support.AbstractDirtiesContextTestExecutionListener - After test method: context [DefaultTestContext@1c481ff2 testClass = ScheduleServiceTest, testInstance = org.waldreg.schedule.ScheduleServiceTest@11b377c5, testMethod = CREATE_NEW_SCHEDULE_WITH_REPEAT_FAIL_CAUSE_CONTENT_OVERFLOW_TEST@ScheduleServiceTest, testException = [null], mergedContextConfiguration = [MergedContextConfiguration@72437d8d testClass = ScheduleServiceTest, locations = '{}', classes = '{class org.waldreg.schedule.management.DefaultScheduleManager}', contextInitializerClasses = '[]', activeProfiles = '{}', propertySourceLocations = '{}', propertySourceProperties = '{}', contextCustomizers = set[org.springframework.boot.test.autoconfigure.actuate.metrics.MetricsExportContextCustomizerFactory$DisableMetricExportContextCustomizer@181e731e, org.springframework.boot.test.autoconfigure.properties.PropertyMappingContextCustomizer@0, org.springframework.boot.test.autoconfigure.web.servlet.WebDriverContextCustomizerFactory$Customizer@479460a6, org.springframework.boot.test.context.filter.ExcludeFilterContextCustomizer@68702e03, org.springframework.boot.test.json.DuplicateJsonObjectContextCustomizerFactory$DuplicateJsonObjectContextCustomizer@338c99c8, org.springframework.boot.test.mock.mockito.MockitoContextCustomizer@ad3122e0], contextLoader = 'org.springframework.test.context.support.DelegatingSmartContextLoader', parent = [null]], attributes = map['org.springframework.test.context.event.ApplicationEventsTestExecutionListener.recordApplicationEvents' -> false]], class annotated with @DirtiesContext [false] with mode [null], method annotated with @DirtiesContext [false] with mode [null].
23:36:59.051 [Test worker] DEBUG org.springframework.test.context.cache.DefaultCacheAwareContextLoaderDelegate - Retrieved ApplicationContext [974308356] from cache with key [[MergedContextConfiguration@72437d8d testClass = ScheduleServiceTest, locations = '{}', classes = '{class org.waldreg.schedule.management.DefaultScheduleManager}', contextInitializerClasses = '[]', activeProfiles = '{}', propertySourceLocations = '{}', propertySourceProperties = '{}', contextCustomizers = set[org.springframework.boot.test.autoconfigure.actuate.metrics.MetricsExportContextCustomizerFactory$DisableMetricExportContextCustomizer@181e731e, org.springframework.boot.test.autoconfigure.properties.PropertyMappingContextCustomizer@0, org.springframework.boot.test.autoconfigure.web.servlet.WebDriverContextCustomizerFactory$Customizer@479460a6, org.springframework.boot.test.context.filter.ExcludeFilterContextCustomizer@68702e03, org.springframework.boot.test.json.DuplicateJsonObjectContextCustomizerFactory$DuplicateJsonObjectContextCustomizer@338c99c8, org.springframework.boot.test.mock.mockito.MockitoContextCustomizer@ad3122e0], contextLoader = 'org.springframework.test.context.support.DelegatingSmartContextLoader', parent = [null]]]
23:36:59.051 [Test worker] DEBUG org.springframework.test.context.cache - Spring test ApplicationContext cache statistics: [DefaultContextCache@743c6ce4 size = 1, maxSize = 32, parentContextCount = 0, hitCount = 96, missCount = 1]
23:36:59.051 [Test worker] DEBUG org.springframework.test.context.support.DependencyInjectionTestExecutionListener - Performing dependency injection for test context [[DefaultTestContext@1c481ff2 testClass = ScheduleServiceTest, testInstance = org.waldreg.schedule.ScheduleServiceTest@5c60b0a0, testMethod = [null], testException = [null], mergedContextConfiguration = [MergedContextConfiguration@72437d8d testClass = ScheduleServiceTest, locations = '{}', classes = '{class org.waldreg.schedule.management.DefaultScheduleManager}', contextInitializerClasses = '[]', activeProfiles = '{}', propertySourceLocations = '{}', propertySourceProperties = '{}', contextCustomizers = set[org.springframework.boot.test.autoconfigure.actuate.metrics.MetricsExportContextCustomizerFactory$DisableMetricExportContextCustomizer@181e731e, org.springframework.boot.test.autoconfigure.properties.PropertyMappingContextCustomizer@0, org.springframework.boot.test.autoconfigure.web.servlet.WebDriverContextCustomizerFactory$Customizer@479460a6, org.springframework.boot.test.context.filter.ExcludeFilterContextCustomizer@68702e03, org.springframework.boot.test.json.DuplicateJsonObjectContextCustomizerFactory$DuplicateJsonObjectContextCustomizer@338c99c8, org.springframework.boot.test.mock.mockito.MockitoContextCustomizer@ad3122e0], contextLoader = 'org.springframework.test.context.support.DelegatingSmartContextLoader', parent = [null]], attributes = map['org.springframework.test.context.event.ApplicationEventsTestExecutionListener.recordApplicationEvents' -> false]]].
23:36:59.051 [Test worker] DEBUG org.springframework.test.context.cache.DefaultCacheAwareContextLoaderDelegate - Retrieved ApplicationContext [974308356] from cache with key [[MergedContextConfiguration@72437d8d testClass = ScheduleServiceTest, locations = '{}', classes = '{class org.waldreg.schedule.management.DefaultScheduleManager}', contextInitializerClasses = '[]', activeProfiles = '{}', propertySourceLocations = '{}', propertySourceProperties = '{}', contextCustomizers = set[org.springframework.boot.test.autoconfigure.actuate.metrics.MetricsExportContextCustomizerFactory$DisableMetricExportContextCustomizer@181e731e, org.springframework.boot.test.autoconfigure.properties.PropertyMappingContextCustomizer@0, org.springframework.boot.test.autoconfigure.web.servlet.WebDriverContextCustomizerFactory$Customizer@479460a6, org.springframework.boot.test.context.filter.ExcludeFilterContextCustomizer@68702e03, org.springframework.boot.test.json.DuplicateJsonObjectContextCustomizerFactory$DuplicateJsonObjectContextCustomizer@338c99c8, org.springframework.boot.test.mock.mockito.MockitoContextCustomizer@ad3122e0], contextLoader = 'org.springframework.test.context.support.DelegatingSmartContextLoader', parent = [null]]]
23:36:59.051 [Test worker] DEBUG org.springframework.test.context.cache - Spring test ApplicationContext cache statistics: [DefaultContextCache@743c6ce4 size = 1, maxSize = 32, parentContextCount = 0, hitCount = 97, missCount = 1]
23:36:59.051 [Test worker] DEBUG org.springframework.test.context.cache.DefaultCacheAwareContextLoaderDelegate - Retrieved ApplicationContext [974308356] from cache with key [[MergedContextConfiguration@72437d8d testClass = ScheduleServiceTest, locations = '{}', classes = '{class org.waldreg.schedule.management.DefaultScheduleManager}', contextInitializerClasses = '[]', activeProfiles = '{}', propertySourceLocations = '{}', propertySourceProperties = '{}', contextCustomizers = set[org.springframework.boot.test.autoconfigure.actuate.metrics.MetricsExportContextCustomizerFactory$DisableMetricExportContextCustomizer@181e731e, org.springframework.boot.test.autoconfigure.properties.PropertyMappingContextCustomizer@0, org.springframework.boot.test.autoconfigure.web.servlet.WebDriverContextCustomizerFactory$Customizer@479460a6, org.springframework.boot.test.context.filter.ExcludeFilterContextCustomizer@68702e03, org.springframework.boot.test.json.DuplicateJsonObjectContextCustomizerFactory$DuplicateJsonObjectContextCustomizer@338c99c8, org.springframework.boot.test.mock.mockito.MockitoContextCustomizer@ad3122e0], contextLoader = 'org.springframework.test.context.support.DelegatingSmartContextLoader', parent = [null]]]
23:36:59.051 [Test worker] DEBUG org.springframework.test.context.cache - Spring test ApplicationContext cache statistics: [DefaultContextCache@743c6ce4 size = 1, maxSize = 32, parentContextCount = 0, hitCount = 98, missCount = 1]
23:36:59.052 [Test worker] DEBUG org.springframework.test.context.support.AbstractDirtiesContextTestExecutionListener - Before test method: context [DefaultTestContext@1c481ff2 testClass = ScheduleServiceTest, testInstance = org.waldreg.schedule.ScheduleServiceTest@5c60b0a0, testMethod = UPDATE_SCHEDULE_FAIL_CAUSE_UNKNOWN_SCHEDULE_TEST@ScheduleServiceTest, testException = [null], mergedContextConfiguration = [MergedContextConfiguration@72437d8d testClass = ScheduleServiceTest, locations = '{}', classes = '{class org.waldreg.schedule.management.DefaultScheduleManager}', contextInitializerClasses = '[]', activeProfiles = '{}', propertySourceLocations = '{}', propertySourceProperties = '{}', contextCustomizers = set[org.springframework.boot.test.autoconfigure.actuate.metrics.MetricsExportContextCustomizerFactory$DisableMetricExportContextCustomizer@181e731e, org.springframework.boot.test.autoconfigure.properties.PropertyMappingContextCustomizer@0, org.springframework.boot.test.autoconfigure.web.servlet.WebDriverContextCustomizerFactory$Customizer@479460a6, org.springframework.boot.test.context.filter.ExcludeFilterContextCustomizer@68702e03, org.springframework.boot.test.json.DuplicateJsonObjectContextCustomizerFactory$DuplicateJsonObjectContextCustomizer@338c99c8, org.springframework.boot.test.mock.mockito.MockitoContextCustomizer@ad3122e0], contextLoader = 'org.springframework.test.context.support.DelegatingSmartContextLoader', parent = [null]], attributes = map['org.springframework.test.context.event.ApplicationEventsTestExecutionListener.recordApplicationEvents' -> false]], class annotated with @DirtiesContext [false] with mode [null], method annotated with @DirtiesContext [false] with mode [null].
23:36:59.052 [Test worker] DEBUG org.springframework.test.context.cache.DefaultCacheAwareContextLoaderDelegate - Retrieved ApplicationContext [974308356] from cache with key [[MergedContextConfiguration@72437d8d testClass = ScheduleServiceTest, locations = '{}', classes = '{class org.waldreg.schedule.management.DefaultScheduleManager}', contextInitializerClasses = '[]', activeProfiles = '{}', propertySourceLocations = '{}', propertySourceProperties = '{}', contextCustomizers = set[org.springframework.boot.test.autoconfigure.actuate.metrics.MetricsExportContextCustomizerFactory$DisableMetricExportContextCustomizer@181e731e, org.springframework.boot.test.autoconfigure.properties.PropertyMappingContextCustomizer@0, org.springframework.boot.test.autoconfigure.web.servlet.WebDriverContextCustomizerFactory$Customizer@479460a6, org.springframework.boot.test.context.filter.ExcludeFilterContextCustomizer@68702e03, org.springframework.boot.test.json.DuplicateJsonObjectContextCustomizerFactory$DuplicateJsonObjectContextCustomizer@338c99c8, org.springframework.boot.test.mock.mockito.MockitoContextCustomizer@ad3122e0], contextLoader = 'org.springframework.test.context.support.DelegatingSmartContextLoader', parent = [null]]]
23:36:59.052 [Test worker] DEBUG org.springframework.test.context.cache - Spring test ApplicationContext cache statistics: [DefaultContextCache@743c6ce4 size = 1, maxSize = 32, parentContextCount = 0, hitCount = 99, missCount = 1]
23:36:59.052 [Test worker] DEBUG org.springframework.test.context.cache.DefaultCacheAwareContextLoaderDelegate - Retrieved ApplicationContext [974308356] from cache with key [[MergedContextConfiguration@72437d8d testClass = ScheduleServiceTest, locations = '{}', classes = '{class org.waldreg.schedule.management.DefaultScheduleManager}', contextInitializerClasses = '[]', activeProfiles = '{}', propertySourceLocations = '{}', propertySourceProperties = '{}', contextCustomizers = set[org.springframework.boot.test.autoconfigure.actuate.metrics.MetricsExportContextCustomizerFactory$DisableMetricExportContextCustomizer@181e731e, org.springframework.boot.test.autoconfigure.properties.PropertyMappingContextCustomizer@0, org.springframework.boot.test.autoconfigure.web.servlet.WebDriverContextCustomizerFactory$Customizer@479460a6, org.springframework.boot.test.context.filter.ExcludeFilterContextCustomizer@68702e03, org.springframework.boot.test.json.DuplicateJsonObjectContextCustomizerFactory$DuplicateJsonObjectContextCustomizer@338c99c8, org.springframework.boot.test.mock.mockito.MockitoContextCustomizer@ad3122e0], contextLoader = 'org.springframework.test.context.support.DelegatingSmartContextLoader', parent = [null]]]
23:36:59.052 [Test worker] DEBUG org.springframework.test.context.cache - Spring test ApplicationContext cache statistics: [DefaultContextCache@743c6ce4 size = 1, maxSize = 32, parentContextCount = 0, hitCount = 100, missCount = 1]
23:36:59.052 [Test worker] DEBUG org.springframework.test.context.cache.DefaultCacheAwareContextLoaderDelegate - Retrieved ApplicationContext [974308356] from cache with key [[MergedContextConfiguration@72437d8d testClass = ScheduleServiceTest, locations = '{}', classes = '{class org.waldreg.schedule.management.DefaultScheduleManager}', contextInitializerClasses = '[]', activeProfiles = '{}', propertySourceLocations = '{}', propertySourceProperties = '{}', contextCustomizers = set[org.springframework.boot.test.autoconfigure.actuate.metrics.MetricsExportContextCustomizerFactory$DisableMetricExportContextCustomizer@181e731e, org.springframework.boot.test.autoconfigure.properties.PropertyMappingContextCustomizer@0, org.springframework.boot.test.autoconfigure.web.servlet.WebDriverContextCustomizerFactory$Customizer@479460a6, org.springframework.boot.test.context.filter.ExcludeFilterContextCustomizer@68702e03, org.springframework.boot.test.json.DuplicateJsonObjectContextCustomizerFactory$DuplicateJsonObjectContextCustomizer@338c99c8, org.springframework.boot.test.mock.mockito.MockitoContextCustomizer@ad3122e0], contextLoader = 'org.springframework.test.context.support.DelegatingSmartContextLoader', parent = [null]]]
23:36:59.052 [Test worker] DEBUG org.springframework.test.context.cache - Spring test ApplicationContext cache statistics: [DefaultContextCache@743c6ce4 size = 1, maxSize = 32, parentContextCount = 0, hitCount = 101, missCount = 1]
23:36:59.053 [Test worker] DEBUG org.springframework.test.context.cache.DefaultCacheAwareContextLoaderDelegate - Retrieved ApplicationContext [974308356] from cache with key [[MergedContextConfiguration@72437d8d testClass = ScheduleServiceTest, locations = '{}', classes = '{class org.waldreg.schedule.management.DefaultScheduleManager}', contextInitializerClasses = '[]', activeProfiles = '{}', propertySourceLocations = '{}', propertySourceProperties = '{}', contextCustomizers = set[org.springframework.boot.test.autoconfigure.actuate.metrics.MetricsExportContextCustomizerFactory$DisableMetricExportContextCustomizer@181e731e, org.springframework.boot.test.autoconfigure.properties.PropertyMappingContextCustomizer@0, org.springframework.boot.test.autoconfigure.web.servlet.WebDriverContextCustomizerFactory$Customizer@479460a6, org.springframework.boot.test.context.filter.ExcludeFilterContextCustomizer@68702e03, org.springframework.boot.test.json.DuplicateJsonObjectContextCustomizerFactory$DuplicateJsonObjectContextCustomizer@338c99c8, org.springframework.boot.test.mock.mockito.MockitoContextCustomizer@ad3122e0], contextLoader = 'org.springframework.test.context.support.DelegatingSmartContextLoader', parent = [null]]]
23:36:59.053 [Test worker] DEBUG org.springframework.test.context.cache - Spring test ApplicationContext cache statistics: [DefaultContextCache@743c6ce4 size = 1, maxSize = 32, parentContextCount = 0, hitCount = 102, missCount = 1]
23:36:59.053 [Test worker] DEBUG org.springframework.test.context.cache.DefaultCacheAwareContextLoaderDelegate - Retrieved ApplicationContext [974308356] from cache with key [[MergedContextConfiguration@72437d8d testClass = ScheduleServiceTest, locations = '{}', classes = '{class org.waldreg.schedule.management.DefaultScheduleManager}', contextInitializerClasses = '[]', activeProfiles = '{}', propertySourceLocations = '{}', propertySourceProperties = '{}', contextCustomizers = set[org.springframework.boot.test.autoconfigure.actuate.metrics.MetricsExportContextCustomizerFactory$DisableMetricExportContextCustomizer@181e731e, org.springframework.boot.test.autoconfigure.properties.PropertyMappingContextCustomizer@0, org.springframework.boot.test.autoconfigure.web.servlet.WebDriverContextCustomizerFactory$Customizer@479460a6, org.springframework.boot.test.context.filter.ExcludeFilterContextCustomizer@68702e03, org.springframework.boot.test.json.DuplicateJsonObjectContextCustomizerFactory$DuplicateJsonObjectContextCustomizer@338c99c8, org.springframework.boot.test.mock.mockito.MockitoContextCustomizer@ad3122e0], contextLoader = 'org.springframework.test.context.support.DelegatingSmartContextLoader', parent = [null]]]
23:36:59.053 [Test worker] DEBUG org.springframework.test.context.cache - Spring test ApplicationContext cache statistics: [DefaultContextCache@743c6ce4 size = 1, maxSize = 32, parentContextCount = 0, hitCount = 103, missCount = 1]
23:36:59.054 [Test worker] DEBUG org.springframework.test.context.cache.DefaultCacheAwareContextLoaderDelegate - Retrieved ApplicationContext [974308356] from cache with key [[MergedContextConfiguration@72437d8d testClass = ScheduleServiceTest, locations = '{}', classes = '{class org.waldreg.schedule.management.DefaultScheduleManager}', contextInitializerClasses = '[]', activeProfiles = '{}', propertySourceLocations = '{}', propertySourceProperties = '{}', contextCustomizers = set[org.springframework.boot.test.autoconfigure.actuate.metrics.MetricsExportContextCustomizerFactory$DisableMetricExportContextCustomizer@181e731e, org.springframework.boot.test.autoconfigure.properties.PropertyMappingContextCustomizer@0, org.springframework.boot.test.autoconfigure.web.servlet.WebDriverContextCustomizerFactory$Customizer@479460a6, org.springframework.boot.test.context.filter.ExcludeFilterContextCustomizer@68702e03, org.springframework.boot.test.json.DuplicateJsonObjectContextCustomizerFactory$DuplicateJsonObjectContextCustomizer@338c99c8, org.springframework.boot.test.mock.mockito.MockitoContextCustomizer@ad3122e0], contextLoader = 'org.springframework.test.context.support.DelegatingSmartContextLoader', parent = [null]]]
23:36:59.054 [Test worker] DEBUG org.springframework.test.context.cache - Spring test ApplicationContext cache statistics: [DefaultContextCache@743c6ce4 size = 1, maxSize = 32, parentContextCount = 0, hitCount = 104, missCount = 1]
23:36:59.054 [Test worker] DEBUG org.springframework.test.context.cache.DefaultCacheAwareContextLoaderDelegate - Retrieved ApplicationContext [974308356] from cache with key [[MergedContextConfiguration@72437d8d testClass = ScheduleServiceTest, locations = '{}', classes = '{class org.waldreg.schedule.management.DefaultScheduleManager}', contextInitializerClasses = '[]', activeProfiles = '{}', propertySourceLocations = '{}', propertySourceProperties = '{}', contextCustomizers = set[org.springframework.boot.test.autoconfigure.actuate.metrics.MetricsExportContextCustomizerFactory$DisableMetricExportContextCustomizer@181e731e, org.springframework.boot.test.autoconfigure.properties.PropertyMappingContextCustomizer@0, org.springframework.boot.test.autoconfigure.web.servlet.WebDriverContextCustomizerFactory$Customizer@479460a6, org.springframework.boot.test.context.filter.ExcludeFilterContextCustomizer@68702e03, org.springframework.boot.test.json.DuplicateJsonObjectContextCustomizerFactory$DuplicateJsonObjectContextCustomizer@338c99c8, org.springframework.boot.test.mock.mockito.MockitoContextCustomizer@ad3122e0], contextLoader = 'org.springframework.test.context.support.DelegatingSmartContextLoader', parent = [null]]]
23:36:59.054 [Test worker] DEBUG org.springframework.test.context.cache - Spring test ApplicationContext cache statistics: [DefaultContextCache@743c6ce4 size = 1, maxSize = 32, parentContextCount = 0, hitCount = 105, missCount = 1]
23:36:59.054 [Test worker] DEBUG org.springframework.test.context.cache.DefaultCacheAwareContextLoaderDelegate - Retrieved ApplicationContext [974308356] from cache with key [[MergedContextConfiguration@72437d8d testClass = ScheduleServiceTest, locations = '{}', classes = '{class org.waldreg.schedule.management.DefaultScheduleManager}', contextInitializerClasses = '[]', activeProfiles = '{}', propertySourceLocations = '{}', propertySourceProperties = '{}', contextCustomizers = set[org.springframework.boot.test.autoconfigure.actuate.metrics.MetricsExportContextCustomizerFactory$DisableMetricExportContextCustomizer@181e731e, org.springframework.boot.test.autoconfigure.properties.PropertyMappingContextCustomizer@0, org.springframework.boot.test.autoconfigure.web.servlet.WebDriverContextCustomizerFactory$Customizer@479460a6, org.springframework.boot.test.context.filter.ExcludeFilterContextCustomizer@68702e03, org.springframework.boot.test.json.DuplicateJsonObjectContextCustomizerFactory$DuplicateJsonObjectContextCustomizer@338c99c8, org.springframework.boot.test.mock.mockito.MockitoContextCustomizer@ad3122e0], contextLoader = 'org.springframework.test.context.support.DelegatingSmartContextLoader', parent = [null]]]
23:36:59.054 [Test worker] DEBUG org.springframework.test.context.cache - Spring test ApplicationContext cache statistics: [DefaultContextCache@743c6ce4 size = 1, maxSize = 32, parentContextCount = 0, hitCount = 106, missCount = 1]
23:36:59.054 [Test worker] DEBUG org.springframework.test.context.cache.DefaultCacheAwareContextLoaderDelegate - Retrieved ApplicationContext [974308356] from cache with key [[MergedContextConfiguration@72437d8d testClass = ScheduleServiceTest, locations = '{}', classes = '{class org.waldreg.schedule.management.DefaultScheduleManager}', contextInitializerClasses = '[]', activeProfiles = '{}', propertySourceLocations = '{}', propertySourceProperties = '{}', contextCustomizers = set[org.springframework.boot.test.autoconfigure.actuate.metrics.MetricsExportContextCustomizerFactory$DisableMetricExportContextCustomizer@181e731e, org.springframework.boot.test.autoconfigure.properties.PropertyMappingContextCustomizer@0, org.springframework.boot.test.autoconfigure.web.servlet.WebDriverContextCustomizerFactory$Customizer@479460a6, org.springframework.boot.test.context.filter.ExcludeFilterContextCustomizer@68702e03, org.springframework.boot.test.json.DuplicateJsonObjectContextCustomizerFactory$DuplicateJsonObjectContextCustomizer@338c99c8, org.springframework.boot.test.mock.mockito.MockitoContextCustomizer@ad3122e0], contextLoader = 'org.springframework.test.context.support.DelegatingSmartContextLoader', parent = [null]]]
23:36:59.054 [Test worker] DEBUG org.springframework.test.context.cache - Spring test ApplicationContext cache statistics: [DefaultContextCache@743c6ce4 size = 1, maxSize = 32, parentContextCount = 0, hitCount = 107, missCount = 1]
23:36:59.054 [Test worker] DEBUG org.springframework.test.context.support.AbstractDirtiesContextTestExecutionListener - After test method: context [DefaultTestContext@1c481ff2 testClass = ScheduleServiceTest, testInstance = org.waldreg.schedule.ScheduleServiceTest@5c60b0a0, testMethod = UPDATE_SCHEDULE_FAIL_CAUSE_UNKNOWN_SCHEDULE_TEST@ScheduleServiceTest, testException = [null], mergedContextConfiguration = [MergedContextConfiguration@72437d8d testClass = ScheduleServiceTest, locations = '{}', classes = '{class org.waldreg.schedule.management.DefaultScheduleManager}', contextInitializerClasses = '[]', activeProfiles = '{}', propertySourceLocations = '{}', propertySourceProperties = '{}', contextCustomizers = set[org.springframework.boot.test.autoconfigure.actuate.metrics.MetricsExportContextCustomizerFactory$DisableMetricExportContextCustomizer@181e731e, org.springframework.boot.test.autoconfigure.properties.PropertyMappingContextCustomizer@0, org.springframework.boot.test.autoconfigure.web.servlet.WebDriverContextCustomizerFactory$Customizer@479460a6, org.springframework.boot.test.context.filter.ExcludeFilterContextCustomizer@68702e03, org.springframework.boot.test.json.DuplicateJsonObjectContextCustomizerFactory$DuplicateJsonObjectContextCustomizer@338c99c8, org.springframework.boot.test.mock.mockito.MockitoContextCustomizer@ad3122e0], contextLoader = 'org.springframework.test.context.support.DelegatingSmartContextLoader', parent = [null]], attributes = map['org.springframework.test.context.event.ApplicationEventsTestExecutionListener.recordApplicationEvents' -> false]], class annotated with @DirtiesContext [false] with mode [null], method annotated with @DirtiesContext [false] with mode [null].
23:36:59.055 [Test worker] DEBUG org.springframework.test.context.cache.DefaultCacheAwareContextLoaderDelegate - Retrieved ApplicationContext [974308356] from cache with key [[MergedContextConfiguration@72437d8d testClass = ScheduleServiceTest, locations = '{}', classes = '{class org.waldreg.schedule.management.DefaultScheduleManager}', contextInitializerClasses = '[]', activeProfiles = '{}', propertySourceLocations = '{}', propertySourceProperties = '{}', contextCustomizers = set[org.springframework.boot.test.autoconfigure.actuate.metrics.MetricsExportContextCustomizerFactory$DisableMetricExportContextCustomizer@181e731e, org.springframework.boot.test.autoconfigure.properties.PropertyMappingContextCustomizer@0, org.springframework.boot.test.autoconfigure.web.servlet.WebDriverContextCustomizerFactory$Customizer@479460a6, org.springframework.boot.test.context.filter.ExcludeFilterContextCustomizer@68702e03, org.springframework.boot.test.json.DuplicateJsonObjectContextCustomizerFactory$DuplicateJsonObjectContextCustomizer@338c99c8, org.springframework.boot.test.mock.mockito.MockitoContextCustomizer@ad3122e0], contextLoader = 'org.springframework.test.context.support.DelegatingSmartContextLoader', parent = [null]]]
23:36:59.055 [Test worker] DEBUG org.springframework.test.context.cache - Spring test ApplicationContext cache statistics: [DefaultContextCache@743c6ce4 size = 1, maxSize = 32, parentContextCount = 0, hitCount = 108, missCount = 1]
23:36:59.055 [Test worker] DEBUG org.springframework.test.context.support.DependencyInjectionTestExecutionListener - Performing dependency injection for test context [[DefaultTestContext@1c481ff2 testClass = ScheduleServiceTest, testInstance = org.waldreg.schedule.ScheduleServiceTest@702c436b, testMethod = [null], testException = [null], mergedContextConfiguration = [MergedContextConfiguration@72437d8d testClass = ScheduleServiceTest, locations = '{}', classes = '{class org.waldreg.schedule.management.DefaultScheduleManager}', contextInitializerClasses = '[]', activeProfiles = '{}', propertySourceLocations = '{}', propertySourceProperties = '{}', contextCustomizers = set[org.springframework.boot.test.autoconfigure.actuate.metrics.MetricsExportContextCustomizerFactory$DisableMetricExportContextCustomizer@181e731e, org.springframework.boot.test.autoconfigure.properties.PropertyMappingContextCustomizer@0, org.springframework.boot.test.autoconfigure.web.servlet.WebDriverContextCustomizerFactory$Customizer@479460a6, org.springframework.boot.test.context.filter.ExcludeFilterContextCustomizer@68702e03, org.springframework.boot.test.json.DuplicateJsonObjectContextCustomizerFactory$DuplicateJsonObjectContextCustomizer@338c99c8, org.springframework.boot.test.mock.mockito.MockitoContextCustomizer@ad3122e0], contextLoader = 'org.springframework.test.context.support.DelegatingSmartContextLoader', parent = [null]], attributes = map['org.springframework.test.context.event.ApplicationEventsTestExecutionListener.recordApplicationEvents' -> false]]].
23:36:59.055 [Test worker] DEBUG org.springframework.test.context.cache.DefaultCacheAwareContextLoaderDelegate - Retrieved ApplicationContext [974308356] from cache with key [[MergedContextConfiguration@72437d8d testClass = ScheduleServiceTest, locations = '{}', classes = '{class org.waldreg.schedule.management.DefaultScheduleManager}', contextInitializerClasses = '[]', activeProfiles = '{}', propertySourceLocations = '{}', propertySourceProperties = '{}', contextCustomizers = set[org.springframework.boot.test.autoconfigure.actuate.metrics.MetricsExportContextCustomizerFactory$DisableMetricExportContextCustomizer@181e731e, org.springframework.boot.test.autoconfigure.properties.PropertyMappingContextCustomizer@0, org.springframework.boot.test.autoconfigure.web.servlet.WebDriverContextCustomizerFactory$Customizer@479460a6, org.springframework.boot.test.context.filter.ExcludeFilterContextCustomizer@68702e03, org.springframework.boot.test.json.DuplicateJsonObjectContextCustomizerFactory$DuplicateJsonObjectContextCustomizer@338c99c8, org.springframework.boot.test.mock.mockito.MockitoContextCustomizer@ad3122e0], contextLoader = 'org.springframework.test.context.support.DelegatingSmartContextLoader', parent = [null]]]
23:36:59.055 [Test worker] DEBUG org.springframework.test.context.cache - Spring test ApplicationContext cache statistics: [DefaultContextCache@743c6ce4 size = 1, maxSize = 32, parentContextCount = 0, hitCount = 109, missCount = 1]
23:36:59.055 [Test worker] DEBUG org.springframework.test.context.cache.DefaultCacheAwareContextLoaderDelegate - Retrieved ApplicationContext [974308356] from cache with key [[MergedContextConfiguration@72437d8d testClass = ScheduleServiceTest, locations = '{}', classes = '{class org.waldreg.schedule.management.DefaultScheduleManager}', contextInitializerClasses = '[]', activeProfiles = '{}', propertySourceLocations = '{}', propertySourceProperties = '{}', contextCustomizers = set[org.springframework.boot.test.autoconfigure.actuate.metrics.MetricsExportContextCustomizerFactory$DisableMetricExportContextCustomizer@181e731e, org.springframework.boot.test.autoconfigure.properties.PropertyMappingContextCustomizer@0, org.springframework.boot.test.autoconfigure.web.servlet.WebDriverContextCustomizerFactory$Customizer@479460a6, org.springframework.boot.test.context.filter.ExcludeFilterContextCustomizer@68702e03, org.springframework.boot.test.json.DuplicateJsonObjectContextCustomizerFactory$DuplicateJsonObjectContextCustomizer@338c99c8, org.springframework.boot.test.mock.mockito.MockitoContextCustomizer@ad3122e0], contextLoader = 'org.springframework.test.context.support.DelegatingSmartContextLoader', parent = [null]]]
23:36:59.055 [Test worker] DEBUG org.springframework.test.context.cache - Spring test ApplicationContext cache statistics: [DefaultContextCache@743c6ce4 size = 1, maxSize = 32, parentContextCount = 0, hitCount = 110, missCount = 1]
23:36:59.055 [Test worker] DEBUG org.springframework.test.context.support.AbstractDirtiesContextTestExecutionListener - Before test method: context [DefaultTestContext@1c481ff2 testClass = ScheduleServiceTest, testInstance = org.waldreg.schedule.ScheduleServiceTest@702c436b, testMethod = CREATE_NEW_SCHEDULE_FAIL_CAUSE_INVALID_YEAR_TEST@ScheduleServiceTest, testException = [null], mergedContextConfiguration = [MergedContextConfiguration@72437d8d testClass = ScheduleServiceTest, locations = '{}', classes = '{class org.waldreg.schedule.management.DefaultScheduleManager}', contextInitializerClasses = '[]', activeProfiles = '{}', propertySourceLocations = '{}', propertySourceProperties = '{}', contextCustomizers = set[org.springframework.boot.test.autoconfigure.actuate.metrics.MetricsExportContextCustomizerFactory$DisableMetricExportContextCustomizer@181e731e, org.springframework.boot.test.autoconfigure.properties.PropertyMappingContextCustomizer@0, org.springframework.boot.test.autoconfigure.web.servlet.WebDriverContextCustomizerFactory$Customizer@479460a6, org.springframework.boot.test.context.filter.ExcludeFilterContextCustomizer@68702e03, org.springframework.boot.test.json.DuplicateJsonObjectContextCustomizerFactory$DuplicateJsonObjectContextCustomizer@338c99c8, org.springframework.boot.test.mock.mockito.MockitoContextCustomizer@ad3122e0], contextLoader = 'org.springframework.test.context.support.DelegatingSmartContextLoader', parent = [null]], attributes = map['org.springframework.test.context.event.ApplicationEventsTestExecutionListener.recordApplicationEvents' -> false]], class annotated with @DirtiesContext [false] with mode [null], method annotated with @DirtiesContext [false] with mode [null].
23:36:59.055 [Test worker] DEBUG org.springframework.test.context.cache.DefaultCacheAwareContextLoaderDelegate - Retrieved ApplicationContext [974308356] from cache with key [[MergedContextConfiguration@72437d8d testClass = ScheduleServiceTest, locations = '{}', classes = '{class org.waldreg.schedule.management.DefaultScheduleManager}', contextInitializerClasses = '[]', activeProfiles = '{}', propertySourceLocations = '{}', propertySourceProperties = '{}', contextCustomizers = set[org.springframework.boot.test.autoconfigure.actuate.metrics.MetricsExportContextCustomizerFactory$DisableMetricExportContextCustomizer@181e731e, org.springframework.boot.test.autoconfigure.properties.PropertyMappingContextCustomizer@0, org.springframework.boot.test.autoconfigure.web.servlet.WebDriverContextCustomizerFactory$Customizer@479460a6, org.springframework.boot.test.context.filter.ExcludeFilterContextCustomizer@68702e03, org.springframework.boot.test.json.DuplicateJsonObjectContextCustomizerFactory$DuplicateJsonObjectContextCustomizer@338c99c8, org.springframework.boot.test.mock.mockito.MockitoContextCustomizer@ad3122e0], contextLoader = 'org.springframework.test.context.support.DelegatingSmartContextLoader', parent = [null]]]
23:36:59.055 [Test worker] DEBUG org.springframework.test.context.cache - Spring test ApplicationContext cache statistics: [DefaultContextCache@743c6ce4 size = 1, maxSize = 32, parentContextCount = 0, hitCount = 111, missCount = 1]
23:36:59.055 [Test worker] DEBUG org.springframework.test.context.cache.DefaultCacheAwareContextLoaderDelegate - Retrieved ApplicationContext [974308356] from cache with key [[MergedContextConfiguration@72437d8d testClass = ScheduleServiceTest, locations = '{}', classes = '{class org.waldreg.schedule.management.DefaultScheduleManager}', contextInitializerClasses = '[]', activeProfiles = '{}', propertySourceLocations = '{}', propertySourceProperties = '{}', contextCustomizers = set[org.springframework.boot.test.autoconfigure.actuate.metrics.MetricsExportContextCustomizerFactory$DisableMetricExportContextCustomizer@181e731e, org.springframework.boot.test.autoconfigure.properties.PropertyMappingContextCustomizer@0, org.springframework.boot.test.autoconfigure.web.servlet.WebDriverContextCustomizerFactory$Customizer@479460a6, org.springframework.boot.test.context.filter.ExcludeFilterContextCustomizer@68702e03, org.springframework.boot.test.json.DuplicateJsonObjectContextCustomizerFactory$DuplicateJsonObjectContextCustomizer@338c99c8, org.springframework.boot.test.mock.mockito.MockitoContextCustomizer@ad3122e0], contextLoader = 'org.springframework.test.context.support.DelegatingSmartContextLoader', parent = [null]]]
23:36:59.055 [Test worker] DEBUG org.springframework.test.context.cache - Spring test ApplicationContext cache statistics: [DefaultContextCache@743c6ce4 size = 1, maxSize = 32, parentContextCount = 0, hitCount = 112, missCount = 1]
23:36:59.056 [Test worker] DEBUG org.springframework.test.context.cache.DefaultCacheAwareContextLoaderDelegate - Retrieved ApplicationContext [974308356] from cache with key [[MergedContextConfiguration@72437d8d testClass = ScheduleServiceTest, locations = '{}', classes = '{class org.waldreg.schedule.management.DefaultScheduleManager}', contextInitializerClasses = '[]', activeProfiles = '{}', propertySourceLocations = '{}', propertySourceProperties = '{}', contextCustomizers = set[org.springframework.boot.test.autoconfigure.actuate.metrics.MetricsExportContextCustomizerFactory$DisableMetricExportContextCustomizer@181e731e, org.springframework.boot.test.autoconfigure.properties.PropertyMappingContextCustomizer@0, org.springframework.boot.test.autoconfigure.web.servlet.WebDriverContextCustomizerFactory$Customizer@479460a6, org.springframework.boot.test.context.filter.ExcludeFilterContextCustomizer@68702e03, org.springframework.boot.test.json.DuplicateJsonObjectContextCustomizerFactory$DuplicateJsonObjectContextCustomizer@338c99c8, org.springframework.boot.test.mock.mockito.MockitoContextCustomizer@ad3122e0], contextLoader = 'org.springframework.test.context.support.DelegatingSmartContextLoader', parent = [null]]]
23:36:59.056 [Test worker] DEBUG org.springframework.test.context.cache - Spring test ApplicationContext cache statistics: [DefaultContextCache@743c6ce4 size = 1, maxSize = 32, parentContextCount = 0, hitCount = 113, missCount = 1]
23:36:59.057 [Test worker] DEBUG org.springframework.test.context.cache.DefaultCacheAwareContextLoaderDelegate - Retrieved ApplicationContext [974308356] from cache with key [[MergedContextConfiguration@72437d8d testClass = ScheduleServiceTest, locations = '{}', classes = '{class org.waldreg.schedule.management.DefaultScheduleManager}', contextInitializerClasses = '[]', activeProfiles = '{}', propertySourceLocations = '{}', propertySourceProperties = '{}', contextCustomizers = set[org.springframework.boot.test.autoconfigure.actuate.metrics.MetricsExportContextCustomizerFactory$DisableMetricExportContextCustomizer@181e731e, org.springframework.boot.test.autoconfigure.properties.PropertyMappingContextCustomizer@0, org.springframework.boot.test.autoconfigure.web.servlet.WebDriverContextCustomizerFactory$Customizer@479460a6, org.springframework.boot.test.context.filter.ExcludeFilterContextCustomizer@68702e03, org.springframework.boot.test.json.DuplicateJsonObjectContextCustomizerFactory$DuplicateJsonObjectContextCustomizer@338c99c8, org.springframework.boot.test.mock.mockito.MockitoContextCustomizer@ad3122e0], contextLoader = 'org.springframework.test.context.support.DelegatingSmartContextLoader', parent = [null]]]
23:36:59.057 [Test worker] DEBUG org.springframework.test.context.cache - Spring test ApplicationContext cache statistics: [DefaultContextCache@743c6ce4 size = 1, maxSize = 32, parentContextCount = 0, hitCount = 114, missCount = 1]
23:36:59.057 [Test worker] DEBUG org.springframework.test.context.cache.DefaultCacheAwareContextLoaderDelegate - Retrieved ApplicationContext [974308356] from cache with key [[MergedContextConfiguration@72437d8d testClass = ScheduleServiceTest, locations = '{}', classes = '{class org.waldreg.schedule.management.DefaultScheduleManager}', contextInitializerClasses = '[]', activeProfiles = '{}', propertySourceLocations = '{}', propertySourceProperties = '{}', contextCustomizers = set[org.springframework.boot.test.autoconfigure.actuate.metrics.MetricsExportContextCustomizerFactory$DisableMetricExportContextCustomizer@181e731e, org.springframework.boot.test.autoconfigure.properties.PropertyMappingContextCustomizer@0, org.springframework.boot.test.autoconfigure.web.servlet.WebDriverContextCustomizerFactory$Customizer@479460a6, org.springframework.boot.test.context.filter.ExcludeFilterContextCustomizer@68702e03, org.springframework.boot.test.json.DuplicateJsonObjectContextCustomizerFactory$DuplicateJsonObjectContextCustomizer@338c99c8, org.springframework.boot.test.mock.mockito.MockitoContextCustomizer@ad3122e0], contextLoader = 'org.springframework.test.context.support.DelegatingSmartContextLoader', parent = [null]]]
23:36:59.057 [Test worker] DEBUG org.springframework.test.context.cache - Spring test ApplicationContext cache statistics: [DefaultContextCache@743c6ce4 size = 1, maxSize = 32, parentContextCount = 0, hitCount = 115, missCount = 1]
23:36:59.057 [Test worker] DEBUG org.springframework.test.context.cache.DefaultCacheAwareContextLoaderDelegate - Retrieved ApplicationContext [974308356] from cache with key [[MergedContextConfiguration@72437d8d testClass = ScheduleServiceTest, locations = '{}', classes = '{class org.waldreg.schedule.management.DefaultScheduleManager}', contextInitializerClasses = '[]', activeProfiles = '{}', propertySourceLocations = '{}', propertySourceProperties = '{}', contextCustomizers = set[org.springframework.boot.test.autoconfigure.actuate.metrics.MetricsExportContextCustomizerFactory$DisableMetricExportContextCustomizer@181e731e, org.springframework.boot.test.autoconfigure.properties.PropertyMappingContextCustomizer@0, org.springframework.boot.test.autoconfigure.web.servlet.WebDriverContextCustomizerFactory$Customizer@479460a6, org.springframework.boot.test.context.filter.ExcludeFilterContextCustomizer@68702e03, org.springframework.boot.test.json.DuplicateJsonObjectContextCustomizerFactory$DuplicateJsonObjectContextCustomizer@338c99c8, org.springframework.boot.test.mock.mockito.MockitoContextCustomizer@ad3122e0], contextLoader = 'org.springframework.test.context.support.DelegatingSmartContextLoader', parent = [null]]]
23:36:59.057 [Test worker] DEBUG org.springframework.test.context.cache - Spring test ApplicationContext cache statistics: [DefaultContextCache@743c6ce4 size = 1, maxSize = 32, parentContextCount = 0, hitCount = 116, missCount = 1]
23:36:59.057 [Test worker] DEBUG org.springframework.test.context.cache.DefaultCacheAwareContextLoaderDelegate - Retrieved ApplicationContext [974308356] from cache with key [[MergedContextConfiguration@72437d8d testClass = ScheduleServiceTest, locations = '{}', classes = '{class org.waldreg.schedule.management.DefaultScheduleManager}', contextInitializerClasses = '[]', activeProfiles = '{}', propertySourceLocations = '{}', propertySourceProperties = '{}', contextCustomizers = set[org.springframework.boot.test.autoconfigure.actuate.metrics.MetricsExportContextCustomizerFactory$DisableMetricExportContextCustomizer@181e731e, org.springframework.boot.test.autoconfigure.properties.PropertyMappingContextCustomizer@0, org.springframework.boot.test.autoconfigure.web.servlet.WebDriverContextCustomizerFactory$Customizer@479460a6, org.springframework.boot.test.context.filter.ExcludeFilterContextCustomizer@68702e03, org.springframework.boot.test.json.DuplicateJsonObjectContextCustomizerFactory$DuplicateJsonObjectContextCustomizer@338c99c8, org.springframework.boot.test.mock.mockito.MockitoContextCustomizer@ad3122e0], contextLoader = 'org.springframework.test.context.support.DelegatingSmartContextLoader', parent = [null]]]
23:36:59.057 [Test worker] DEBUG org.springframework.test.context.cache - Spring test ApplicationContext cache statistics: [DefaultContextCache@743c6ce4 size = 1, maxSize = 32, parentContextCount = 0, hitCount = 117, missCount = 1]
23:36:59.057 [Test worker] DEBUG org.springframework.test.context.cache.DefaultCacheAwareContextLoaderDelegate - Retrieved ApplicationContext [974308356] from cache with key [[MergedContextConfiguration@72437d8d testClass = ScheduleServiceTest, locations = '{}', classes = '{class org.waldreg.schedule.management.DefaultScheduleManager}', contextInitializerClasses = '[]', activeProfiles = '{}', propertySourceLocations = '{}', propertySourceProperties = '{}', contextCustomizers = set[org.springframework.boot.test.autoconfigure.actuate.metrics.MetricsExportContextCustomizerFactory$DisableMetricExportContextCustomizer@181e731e, org.springframework.boot.test.autoconfigure.properties.PropertyMappingContextCustomizer@0, org.springframework.boot.test.autoconfigure.web.servlet.WebDriverContextCustomizerFactory$Customizer@479460a6, org.springframework.boot.test.context.filter.ExcludeFilterContextCustomizer@68702e03, org.springframework.boot.test.json.DuplicateJsonObjectContextCustomizerFactory$DuplicateJsonObjectContextCustomizer@338c99c8, org.springframework.boot.test.mock.mockito.MockitoContextCustomizer@ad3122e0], contextLoader = 'org.springframework.test.context.support.DelegatingSmartContextLoader', parent = [null]]]
23:36:59.057 [Test worker] DEBUG org.springframework.test.context.cache - Spring test ApplicationContext cache statistics: [DefaultContextCache@743c6ce4 size = 1, maxSize = 32, parentContextCount = 0, hitCount = 118, missCount = 1]
23:36:59.057 [Test worker] DEBUG org.springframework.test.context.cache.DefaultCacheAwareContextLoaderDelegate - Retrieved ApplicationContext [974308356] from cache with key [[MergedContextConfiguration@72437d8d testClass = ScheduleServiceTest, locations = '{}', classes = '{class org.waldreg.schedule.management.DefaultScheduleManager}', contextInitializerClasses = '[]', activeProfiles = '{}', propertySourceLocations = '{}', propertySourceProperties = '{}', contextCustomizers = set[org.springframework.boot.test.autoconfigure.actuate.metrics.MetricsExportContextCustomizerFactory$DisableMetricExportContextCustomizer@181e731e, org.springframework.boot.test.autoconfigure.properties.PropertyMappingContextCustomizer@0, org.springframework.boot.test.autoconfigure.web.servlet.WebDriverContextCustomizerFactory$Customizer@479460a6, org.springframework.boot.test.context.filter.ExcludeFilterContextCustomizer@68702e03, org.springframework.boot.test.json.DuplicateJsonObjectContextCustomizerFactory$DuplicateJsonObjectContextCustomizer@338c99c8, org.springframework.boot.test.mock.mockito.MockitoContextCustomizer@ad3122e0], contextLoader = 'org.springframework.test.context.support.DelegatingSmartContextLoader', parent = [null]]]
23:36:59.057 [Test worker] DEBUG org.springframework.test.context.cache - Spring test ApplicationContext cache statistics: [DefaultContextCache@743c6ce4 size = 1, maxSize = 32, parentContextCount = 0, hitCount = 119, missCount = 1]
23:36:59.058 [Test worker] DEBUG org.springframework.test.context.support.AbstractDirtiesContextTestExecutionListener - After test method: context [DefaultTestContext@1c481ff2 testClass = ScheduleServiceTest, testInstance = org.waldreg.schedule.ScheduleServiceTest@702c436b, testMethod = CREATE_NEW_SCHEDULE_FAIL_CAUSE_INVALID_YEAR_TEST@ScheduleServiceTest, testException = [null], mergedContextConfiguration = [MergedContextConfiguration@72437d8d testClass = ScheduleServiceTest, locations = '{}', classes = '{class org.waldreg.schedule.management.DefaultScheduleManager}', contextInitializerClasses = '[]', activeProfiles = '{}', propertySourceLocations = '{}', propertySourceProperties = '{}', contextCustomizers = set[org.springframework.boot.test.autoconfigure.actuate.metrics.MetricsExportContextCustomizerFactory$DisableMetricExportContextCustomizer@181e731e, org.springframework.boot.test.autoconfigure.properties.PropertyMappingContextCustomizer@0, org.springframework.boot.test.autoconfigure.web.servlet.WebDriverContextCustomizerFactory$Customizer@479460a6, org.springframework.boot.test.context.filter.ExcludeFilterContextCustomizer@68702e03, org.springframework.boot.test.json.DuplicateJsonObjectContextCustomizerFactory$DuplicateJsonObjectContextCustomizer@338c99c8, org.springframework.boot.test.mock.mockito.MockitoContextCustomizer@ad3122e0], contextLoader = 'org.springframework.test.context.support.DelegatingSmartContextLoader', parent = [null]], attributes = map['org.springframework.test.context.event.ApplicationEventsTestExecutionListener.recordApplicationEvents' -> false]], class annotated with @DirtiesContext [false] with mode [null], method annotated with @DirtiesContext [false] with mode [null].
23:36:59.058 [Test worker] DEBUG org.springframework.test.context.cache.DefaultCacheAwareContextLoaderDelegate - Retrieved ApplicationContext [974308356] from cache with key [[MergedContextConfiguration@72437d8d testClass = ScheduleServiceTest, locations = '{}', classes = '{class org.waldreg.schedule.management.DefaultScheduleManager}', contextInitializerClasses = '[]', activeProfiles = '{}', propertySourceLocations = '{}', propertySourceProperties = '{}', contextCustomizers = set[org.springframework.boot.test.autoconfigure.actuate.metrics.MetricsExportContextCustomizerFactory$DisableMetricExportContextCustomizer@181e731e, org.springframework.boot.test.autoconfigure.properties.PropertyMappingContextCustomizer@0, org.springframework.boot.test.autoconfigure.web.servlet.WebDriverContextCustomizerFactory$Customizer@479460a6, org.springframework.boot.test.context.filter.ExcludeFilterContextCustomizer@68702e03, org.springframework.boot.test.json.DuplicateJsonObjectContextCustomizerFactory$DuplicateJsonObjectContextCustomizer@338c99c8, org.springframework.boot.test.mock.mockito.MockitoContextCustomizer@ad3122e0], contextLoader = 'org.springframework.test.context.support.DelegatingSmartContextLoader', parent = [null]]]
23:36:59.058 [Test worker] DEBUG org.springframework.test.context.cache - Spring test ApplicationContext cache statistics: [DefaultContextCache@743c6ce4 size = 1, maxSize = 32, parentContextCount = 0, hitCount = 120, missCount = 1]
23:36:59.058 [Test worker] DEBUG org.springframework.test.context.support.DependencyInjectionTestExecutionListener - Performing dependency injection for test context [[DefaultTestContext@1c481ff2 testClass = ScheduleServiceTest, testInstance = org.waldreg.schedule.ScheduleServiceTest@5c73f672, testMethod = [null], testException = [null], mergedContextConfiguration = [MergedContextConfiguration@72437d8d testClass = ScheduleServiceTest, locations = '{}', classes = '{class org.waldreg.schedule.management.DefaultScheduleManager}', contextInitializerClasses = '[]', activeProfiles = '{}', propertySourceLocations = '{}', propertySourceProperties = '{}', contextCustomizers = set[org.springframework.boot.test.autoconfigure.actuate.metrics.MetricsExportContextCustomizerFactory$DisableMetricExportContextCustomizer@181e731e, org.springframework.boot.test.autoconfigure.properties.PropertyMappingContextCustomizer@0, org.springframework.boot.test.autoconfigure.web.servlet.WebDriverContextCustomizerFactory$Customizer@479460a6, org.springframework.boot.test.context.filter.ExcludeFilterContextCustomizer@68702e03, org.springframework.boot.test.json.DuplicateJsonObjectContextCustomizerFactory$DuplicateJsonObjectContextCustomizer@338c99c8, org.springframework.boot.test.mock.mockito.MockitoContextCustomizer@ad3122e0], contextLoader = 'org.springframework.test.context.support.DelegatingSmartContextLoader', parent = [null]], attributes = map['org.springframework.test.context.event.ApplicationEventsTestExecutionListener.recordApplicationEvents' -> false]]].
23:36:59.058 [Test worker] DEBUG org.springframework.test.context.cache.DefaultCacheAwareContextLoaderDelegate - Retrieved ApplicationContext [974308356] from cache with key [[MergedContextConfiguration@72437d8d testClass = ScheduleServiceTest, locations = '{}', classes = '{class org.waldreg.schedule.management.DefaultScheduleManager}', contextInitializerClasses = '[]', activeProfiles = '{}', propertySourceLocations = '{}', propertySourceProperties = '{}', contextCustomizers = set[org.springframework.boot.test.autoconfigure.actuate.metrics.MetricsExportContextCustomizerFactory$DisableMetricExportContextCustomizer@181e731e, org.springframework.boot.test.autoconfigure.properties.PropertyMappingContextCustomizer@0, org.springframework.boot.test.autoconfigure.web.servlet.WebDriverContextCustomizerFactory$Customizer@479460a6, org.springframework.boot.test.context.filter.ExcludeFilterContextCustomizer@68702e03, org.springframework.boot.test.json.DuplicateJsonObjectContextCustomizerFactory$DuplicateJsonObjectContextCustomizer@338c99c8, org.springframework.boot.test.mock.mockito.MockitoContextCustomizer@ad3122e0], contextLoader = 'org.springframework.test.context.support.DelegatingSmartContextLoader', parent = [null]]]
23:36:59.058 [Test worker] DEBUG org.springframework.test.context.cache - Spring test ApplicationContext cache statistics: [DefaultContextCache@743c6ce4 size = 1, maxSize = 32, parentContextCount = 0, hitCount = 121, missCount = 1]
23:36:59.058 [Test worker] DEBUG org.springframework.test.context.cache.DefaultCacheAwareContextLoaderDelegate - Retrieved ApplicationContext [974308356] from cache with key [[MergedContextConfiguration@72437d8d testClass = ScheduleServiceTest, locations = '{}', classes = '{class org.waldreg.schedule.management.DefaultScheduleManager}', contextInitializerClasses = '[]', activeProfiles = '{}', propertySourceLocations = '{}', propertySourceProperties = '{}', contextCustomizers = set[org.springframework.boot.test.autoconfigure.actuate.metrics.MetricsExportContextCustomizerFactory$DisableMetricExportContextCustomizer@181e731e, org.springframework.boot.test.autoconfigure.properties.PropertyMappingContextCustomizer@0, org.springframework.boot.test.autoconfigure.web.servlet.WebDriverContextCustomizerFactory$Customizer@479460a6, org.springframework.boot.test.context.filter.ExcludeFilterContextCustomizer@68702e03, org.springframework.boot.test.json.DuplicateJsonObjectContextCustomizerFactory$DuplicateJsonObjectContextCustomizer@338c99c8, org.springframework.boot.test.mock.mockito.MockitoContextCustomizer@ad3122e0], contextLoader = 'org.springframework.test.context.support.DelegatingSmartContextLoader', parent = [null]]]
23:36:59.058 [Test worker] DEBUG org.springframework.test.context.cache - Spring test ApplicationContext cache statistics: [DefaultContextCache@743c6ce4 size = 1, maxSize = 32, parentContextCount = 0, hitCount = 122, missCount = 1]
23:36:59.059 [Test worker] DEBUG org.springframework.test.context.support.AbstractDirtiesContextTestExecutionListener - Before test method: context [DefaultTestContext@1c481ff2 testClass = ScheduleServiceTest, testInstance = org.waldreg.schedule.ScheduleServiceTest@5c73f672, testMethod = CREATE_NEW_SCHEDULE_FAIL_CAUSE_INVALID_DATE_FORMAT_TEST@ScheduleServiceTest, testException = [null], mergedContextConfiguration = [MergedContextConfiguration@72437d8d testClass = ScheduleServiceTest, locations = '{}', classes = '{class org.waldreg.schedule.management.DefaultScheduleManager}', contextInitializerClasses = '[]', activeProfiles = '{}', propertySourceLocations = '{}', propertySourceProperties = '{}', contextCustomizers = set[org.springframework.boot.test.autoconfigure.actuate.metrics.MetricsExportContextCustomizerFactory$DisableMetricExportContextCustomizer@181e731e, org.springframework.boot.test.autoconfigure.properties.PropertyMappingContextCustomizer@0, org.springframework.boot.test.autoconfigure.web.servlet.WebDriverContextCustomizerFactory$Customizer@479460a6, org.springframework.boot.test.context.filter.ExcludeFilterContextCustomizer@68702e03, org.springframework.boot.test.json.DuplicateJsonObjectContextCustomizerFactory$DuplicateJsonObjectContextCustomizer@338c99c8, org.springframework.boot.test.mock.mockito.MockitoContextCustomizer@ad3122e0], contextLoader = 'org.springframework.test.context.support.DelegatingSmartContextLoader', parent = [null]], attributes = map['org.springframework.test.context.event.ApplicationEventsTestExecutionListener.recordApplicationEvents' -> false]], class annotated with @DirtiesContext [false] with mode [null], method annotated with @DirtiesContext [false] with mode [null].
23:36:59.059 [Test worker] DEBUG org.springframework.test.context.cache.DefaultCacheAwareContextLoaderDelegate - Retrieved ApplicationContext [974308356] from cache with key [[MergedContextConfiguration@72437d8d testClass = ScheduleServiceTest, locations = '{}', classes = '{class org.waldreg.schedule.management.DefaultScheduleManager}', contextInitializerClasses = '[]', activeProfiles = '{}', propertySourceLocations = '{}', propertySourceProperties = '{}', contextCustomizers = set[org.springframework.boot.test.autoconfigure.actuate.metrics.MetricsExportContextCustomizerFactory$DisableMetricExportContextCustomizer@181e731e, org.springframework.boot.test.autoconfigure.properties.PropertyMappingContextCustomizer@0, org.springframework.boot.test.autoconfigure.web.servlet.WebDriverContextCustomizerFactory$Customizer@479460a6, org.springframework.boot.test.context.filter.ExcludeFilterContextCustomizer@68702e03, org.springframework.boot.test.json.DuplicateJsonObjectContextCustomizerFactory$DuplicateJsonObjectContextCustomizer@338c99c8, org.springframework.boot.test.mock.mockito.MockitoContextCustomizer@ad3122e0], contextLoader = 'org.springframework.test.context.support.DelegatingSmartContextLoader', parent = [null]]]
23:36:59.059 [Test worker] DEBUG org.springframework.test.context.cache - Spring test ApplicationContext cache statistics: [DefaultContextCache@743c6ce4 size = 1, maxSize = 32, parentContextCount = 0, hitCount = 123, missCount = 1]
23:36:59.059 [Test worker] DEBUG org.springframework.test.context.cache.DefaultCacheAwareContextLoaderDelegate - Retrieved ApplicationContext [974308356] from cache with key [[MergedContextConfiguration@72437d8d testClass = ScheduleServiceTest, locations = '{}', classes = '{class org.waldreg.schedule.management.DefaultScheduleManager}', contextInitializerClasses = '[]', activeProfiles = '{}', propertySourceLocations = '{}', propertySourceProperties = '{}', contextCustomizers = set[org.springframework.boot.test.autoconfigure.actuate.metrics.MetricsExportContextCustomizerFactory$DisableMetricExportContextCustomizer@181e731e, org.springframework.boot.test.autoconfigure.properties.PropertyMappingContextCustomizer@0, org.springframework.boot.test.autoconfigure.web.servlet.WebDriverContextCustomizerFactory$Customizer@479460a6, org.springframework.boot.test.context.filter.ExcludeFilterContextCustomizer@68702e03, org.springframework.boot.test.json.DuplicateJsonObjectContextCustomizerFactory$DuplicateJsonObjectContextCustomizer@338c99c8, org.springframework.boot.test.mock.mockito.MockitoContextCustomizer@ad3122e0], contextLoader = 'org.springframework.test.context.support.DelegatingSmartContextLoader', parent = [null]]]
23:36:59.059 [Test worker] DEBUG org.springframework.test.context.cache - Spring test ApplicationContext cache statistics: [DefaultContextCache@743c6ce4 size = 1, maxSize = 32, parentContextCount = 0, hitCount = 124, missCount = 1]
23:36:59.059 [Test worker] DEBUG org.springframework.test.context.cache.DefaultCacheAwareContextLoaderDelegate - Retrieved ApplicationContext [974308356] from cache with key [[MergedContextConfiguration@72437d8d testClass = ScheduleServiceTest, locations = '{}', classes = '{class org.waldreg.schedule.management.DefaultScheduleManager}', contextInitializerClasses = '[]', activeProfiles = '{}', propertySourceLocations = '{}', propertySourceProperties = '{}', contextCustomizers = set[org.springframework.boot.test.autoconfigure.actuate.metrics.MetricsExportContextCustomizerFactory$DisableMetricExportContextCustomizer@181e731e, org.springframework.boot.test.autoconfigure.properties.PropertyMappingContextCustomizer@0, org.springframework.boot.test.autoconfigure.web.servlet.WebDriverContextCustomizerFactory$Customizer@479460a6, org.springframework.boot.test.context.filter.ExcludeFilterContextCustomizer@68702e03, org.springframework.boot.test.json.DuplicateJsonObjectContextCustomizerFactory$DuplicateJsonObjectContextCustomizer@338c99c8, org.springframework.boot.test.mock.mockito.MockitoContextCustomizer@ad3122e0], contextLoader = 'org.springframework.test.context.support.DelegatingSmartContextLoader', parent = [null]]]
23:36:59.059 [Test worker] DEBUG org.springframework.test.context.cache - Spring test ApplicationContext cache statistics: [DefaultContextCache@743c6ce4 size = 1, maxSize = 32, parentContextCount = 0, hitCount = 125, missCount = 1]
23:36:59.059 [Test worker] DEBUG org.springframework.test.context.cache.DefaultCacheAwareContextLoaderDelegate - Retrieved ApplicationContext [974308356] from cache with key [[MergedContextConfiguration@72437d8d testClass = ScheduleServiceTest, locations = '{}', classes = '{class org.waldreg.schedule.management.DefaultScheduleManager}', contextInitializerClasses = '[]', activeProfiles = '{}', propertySourceLocations = '{}', propertySourceProperties = '{}', contextCustomizers = set[org.springframework.boot.test.autoconfigure.actuate.metrics.MetricsExportContextCustomizerFactory$DisableMetricExportContextCustomizer@181e731e, org.springframework.boot.test.autoconfigure.properties.PropertyMappingContextCustomizer@0, org.springframework.boot.test.autoconfigure.web.servlet.WebDriverContextCustomizerFactory$Customizer@479460a6, org.springframework.boot.test.context.filter.ExcludeFilterContextCustomizer@68702e03, org.springframework.boot.test.json.DuplicateJsonObjectContextCustomizerFactory$DuplicateJsonObjectContextCustomizer@338c99c8, org.springframework.boot.test.mock.mockito.MockitoContextCustomizer@ad3122e0], contextLoader = 'org.springframework.test.context.support.DelegatingSmartContextLoader', parent = [null]]]
23:36:59.059 [Test worker] DEBUG org.springframework.test.context.cache - Spring test ApplicationContext cache statistics: [DefaultContextCache@743c6ce4 size = 1, maxSize = 32, parentContextCount = 0, hitCount = 126, missCount = 1]
23:36:59.059 [Test worker] DEBUG org.springframework.test.context.cache.DefaultCacheAwareContextLoaderDelegate - Retrieved ApplicationContext [974308356] from cache with key [[MergedContextConfiguration@72437d8d testClass = ScheduleServiceTest, locations = '{}', classes = '{class org.waldreg.schedule.management.DefaultScheduleManager}', contextInitializerClasses = '[]', activeProfiles = '{}', propertySourceLocations = '{}', propertySourceProperties = '{}', contextCustomizers = set[org.springframework.boot.test.autoconfigure.actuate.metrics.MetricsExportContextCustomizerFactory$DisableMetricExportContextCustomizer@181e731e, org.springframework.boot.test.autoconfigure.properties.PropertyMappingContextCustomizer@0, org.springframework.boot.test.autoconfigure.web.servlet.WebDriverContextCustomizerFactory$Customizer@479460a6, org.springframework.boot.test.context.filter.ExcludeFilterContextCustomizer@68702e03, org.springframework.boot.test.json.DuplicateJsonObjectContextCustomizerFactory$DuplicateJsonObjectContextCustomizer@338c99c8, org.springframework.boot.test.mock.mockito.MockitoContextCustomizer@ad3122e0], contextLoader = 'org.springframework.test.context.support.DelegatingSmartContextLoader', parent = [null]]]
23:36:59.060 [Test worker] DEBUG org.springframework.test.context.cache - Spring test ApplicationContext cache statistics: [DefaultContextCache@743c6ce4 size = 1, maxSize = 32, parentContextCount = 0, hitCount = 127, missCount = 1]
23:36:59.060 [Test worker] DEBUG org.springframework.test.context.cache.DefaultCacheAwareContextLoaderDelegate - Retrieved ApplicationContext [974308356] from cache with key [[MergedContextConfiguration@72437d8d testClass = ScheduleServiceTest, locations = '{}', classes = '{class org.waldreg.schedule.management.DefaultScheduleManager}', contextInitializerClasses = '[]', activeProfiles = '{}', propertySourceLocations = '{}', propertySourceProperties = '{}', contextCustomizers = set[org.springframework.boot.test.autoconfigure.actuate.metrics.MetricsExportContextCustomizerFactory$DisableMetricExportContextCustomizer@181e731e, org.springframework.boot.test.autoconfigure.properties.PropertyMappingContextCustomizer@0, org.springframework.boot.test.autoconfigure.web.servlet.WebDriverContextCustomizerFactory$Customizer@479460a6, org.springframework.boot.test.context.filter.ExcludeFilterContextCustomizer@68702e03, org.springframework.boot.test.json.DuplicateJsonObjectContextCustomizerFactory$DuplicateJsonObjectContextCustomizer@338c99c8, org.springframework.boot.test.mock.mockito.MockitoContextCustomizer@ad3122e0], contextLoader = 'org.springframework.test.context.support.DelegatingSmartContextLoader', parent = [null]]]
23:36:59.060 [Test worker] DEBUG org.springframework.test.context.cache - Spring test ApplicationContext cache statistics: [DefaultContextCache@743c6ce4 size = 1, maxSize = 32, parentContextCount = 0, hitCount = 128, missCount = 1]
23:36:59.060 [Test worker] DEBUG org.springframework.test.context.cache.DefaultCacheAwareContextLoaderDelegate - Retrieved ApplicationContext [974308356] from cache with key [[MergedContextConfiguration@72437d8d testClass = ScheduleServiceTest, locations = '{}', classes = '{class org.waldreg.schedule.management.DefaultScheduleManager}', contextInitializerClasses = '[]', activeProfiles = '{}', propertySourceLocations = '{}', propertySourceProperties = '{}', contextCustomizers = set[org.springframework.boot.test.autoconfigure.actuate.metrics.MetricsExportContextCustomizerFactory$DisableMetricExportContextCustomizer@181e731e, org.springframework.boot.test.autoconfigure.properties.PropertyMappingContextCustomizer@0, org.springframework.boot.test.autoconfigure.web.servlet.WebDriverContextCustomizerFactory$Customizer@479460a6, org.springframework.boot.test.context.filter.ExcludeFilterContextCustomizer@68702e03, org.springframework.boot.test.json.DuplicateJsonObjectContextCustomizerFactory$DuplicateJsonObjectContextCustomizer@338c99c8, org.springframework.boot.test.mock.mockito.MockitoContextCustomizer@ad3122e0], contextLoader = 'org.springframework.test.context.support.DelegatingSmartContextLoader', parent = [null]]]
23:36:59.060 [Test worker] DEBUG org.springframework.test.context.cache - Spring test ApplicationContext cache statistics: [DefaultContextCache@743c6ce4 size = 1, maxSize = 32, parentContextCount = 0, hitCount = 129, missCount = 1]
23:36:59.060 [Test worker] DEBUG org.springframework.test.context.cache.DefaultCacheAwareContextLoaderDelegate - Retrieved ApplicationContext [974308356] from cache with key [[MergedContextConfiguration@72437d8d testClass = ScheduleServiceTest, locations = '{}', classes = '{class org.waldreg.schedule.management.DefaultScheduleManager}', contextInitializerClasses = '[]', activeProfiles = '{}', propertySourceLocations = '{}', propertySourceProperties = '{}', contextCustomizers = set[org.springframework.boot.test.autoconfigure.actuate.metrics.MetricsExportContextCustomizerFactory$DisableMetricExportContextCustomizer@181e731e, org.springframework.boot.test.autoconfigure.properties.PropertyMappingContextCustomizer@0, org.springframework.boot.test.autoconfigure.web.servlet.WebDriverContextCustomizerFactory$Customizer@479460a6, org.springframework.boot.test.context.filter.ExcludeFilterContextCustomizer@68702e03, org.springframework.boot.test.json.DuplicateJsonObjectContextCustomizerFactory$DuplicateJsonObjectContextCustomizer@338c99c8, org.springframework.boot.test.mock.mockito.MockitoContextCustomizer@ad3122e0], contextLoader = 'org.springframework.test.context.support.DelegatingSmartContextLoader', parent = [null]]]
23:36:59.060 [Test worker] DEBUG org.springframework.test.context.cache - Spring test ApplicationContext cache statistics: [DefaultContextCache@743c6ce4 size = 1, maxSize = 32, parentContextCount = 0, hitCount = 130, missCount = 1]
23:36:59.060 [Test worker] DEBUG org.springframework.test.context.cache.DefaultCacheAwareContextLoaderDelegate - Retrieved ApplicationContext [974308356] from cache with key [[MergedContextConfiguration@72437d8d testClass = ScheduleServiceTest, locations = '{}', classes = '{class org.waldreg.schedule.management.DefaultScheduleManager}', contextInitializerClasses = '[]', activeProfiles = '{}', propertySourceLocations = '{}', propertySourceProperties = '{}', contextCustomizers = set[org.springframework.boot.test.autoconfigure.actuate.metrics.MetricsExportContextCustomizerFactory$DisableMetricExportContextCustomizer@181e731e, org.springframework.boot.test.autoconfigure.properties.PropertyMappingContextCustomizer@0, org.springframework.boot.test.autoconfigure.web.servlet.WebDriverContextCustomizerFactory$Customizer@479460a6, org.springframework.boot.test.context.filter.ExcludeFilterContextCustomizer@68702e03, org.springframework.boot.test.json.DuplicateJsonObjectContextCustomizerFactory$DuplicateJsonObjectContextCustomizer@338c99c8, org.springframework.boot.test.mock.mockito.MockitoContextCustomizer@ad3122e0], contextLoader = 'org.springframework.test.context.support.DelegatingSmartContextLoader', parent = [null]]]
23:36:59.060 [Test worker] DEBUG org.springframework.test.context.cache - Spring test ApplicationContext cache statistics: [DefaultContextCache@743c6ce4 size = 1, maxSize = 32, parentContextCount = 0, hitCount = 131, missCount = 1]
23:36:59.060 [Test worker] DEBUG org.springframework.test.context.support.AbstractDirtiesContextTestExecutionListener - After test method: context [DefaultTestContext@1c481ff2 testClass = ScheduleServiceTest, testInstance = org.waldreg.schedule.ScheduleServiceTest@5c73f672, testMethod = CREATE_NEW_SCHEDULE_FAIL_CAUSE_INVALID_DATE_FORMAT_TEST@ScheduleServiceTest, testException = [null], mergedContextConfiguration = [MergedContextConfiguration@72437d8d testClass = ScheduleServiceTest, locations = '{}', classes = '{class org.waldreg.schedule.management.DefaultScheduleManager}', contextInitializerClasses = '[]', activeProfiles = '{}', propertySourceLocations = '{}', propertySourceProperties = '{}', contextCustomizers = set[org.springframework.boot.test.autoconfigure.actuate.metrics.MetricsExportContextCustomizerFactory$DisableMetricExportContextCustomizer@181e731e, org.springframework.boot.test.autoconfigure.properties.PropertyMappingContextCustomizer@0, org.springframework.boot.test.autoconfigure.web.servlet.WebDriverContextCustomizerFactory$Customizer@479460a6, org.springframework.boot.test.context.filter.ExcludeFilterContextCustomizer@68702e03, org.springframework.boot.test.json.DuplicateJsonObjectContextCustomizerFactory$DuplicateJsonObjectContextCustomizer@338c99c8, org.springframework.boot.test.mock.mockito.MockitoContextCustomizer@ad3122e0], contextLoader = 'org.springframework.test.context.support.DelegatingSmartContextLoader', parent = [null]], attributes = map['org.springframework.test.context.event.ApplicationEventsTestExecutionListener.recordApplicationEvents' -> false]], class annotated with @DirtiesContext [false] with mode [null], method annotated with @DirtiesContext [false] with mode [null].
23:36:59.060 [Test worker] DEBUG org.springframework.test.context.cache.DefaultCacheAwareContextLoaderDelegate - Retrieved ApplicationContext [974308356] from cache with key [[MergedContextConfiguration@72437d8d testClass = ScheduleServiceTest, locations = '{}', classes = '{class org.waldreg.schedule.management.DefaultScheduleManager}', contextInitializerClasses = '[]', activeProfiles = '{}', propertySourceLocations = '{}', propertySourceProperties = '{}', contextCustomizers = set[org.springframework.boot.test.autoconfigure.actuate.metrics.MetricsExportContextCustomizerFactory$DisableMetricExportContextCustomizer@181e731e, org.springframework.boot.test.autoconfigure.properties.PropertyMappingContextCustomizer@0, org.springframework.boot.test.autoconfigure.web.servlet.WebDriverContextCustomizerFactory$Customizer@479460a6, org.springframework.boot.test.context.filter.ExcludeFilterContextCustomizer@68702e03, org.springframework.boot.test.json.DuplicateJsonObjectContextCustomizerFactory$DuplicateJsonObjectContextCustomizer@338c99c8, org.springframework.boot.test.mock.mockito.MockitoContextCustomizer@ad3122e0], contextLoader = 'org.springframework.test.context.support.DelegatingSmartContextLoader', parent = [null]]]
23:36:59.060 [Test worker] DEBUG org.springframework.test.context.cache - Spring test ApplicationContext cache statistics: [DefaultContextCache@743c6ce4 size = 1, maxSize = 32, parentContextCount = 0, hitCount = 132, missCount = 1]
23:36:59.060 [Test worker] DEBUG org.springframework.test.context.support.DependencyInjectionTestExecutionListener - Performing dependency injection for test context [[DefaultTestContext@1c481ff2 testClass = ScheduleServiceTest, testInstance = org.waldreg.schedule.ScheduleServiceTest@2ab5afc7, testMethod = [null], testException = [null], mergedContextConfiguration = [MergedContextConfiguration@72437d8d testClass = ScheduleServiceTest, locations = '{}', classes = '{class org.waldreg.schedule.management.DefaultScheduleManager}', contextInitializerClasses = '[]', activeProfiles = '{}', propertySourceLocations = '{}', propertySourceProperties = '{}', contextCustomizers = set[org.springframework.boot.test.autoconfigure.actuate.metrics.MetricsExportContextCustomizerFactory$DisableMetricExportContextCustomizer@181e731e, org.springframework.boot.test.autoconfigure.properties.PropertyMappingContextCustomizer@0, org.springframework.boot.test.autoconfigure.web.servlet.WebDriverContextCustomizerFactory$Customizer@479460a6, org.springframework.boot.test.context.filter.ExcludeFilterContextCustomizer@68702e03, org.springframework.boot.test.json.DuplicateJsonObjectContextCustomizerFactory$DuplicateJsonObjectContextCustomizer@338c99c8, org.springframework.boot.test.mock.mockito.MockitoContextCustomizer@ad3122e0], contextLoader = 'org.springframework.test.context.support.DelegatingSmartContextLoader', parent = [null]], attributes = map['org.springframework.test.context.event.ApplicationEventsTestExecutionListener.recordApplicationEvents' -> false]]].
23:36:59.060 [Test worker] DEBUG org.springframework.test.context.cache.DefaultCacheAwareContextLoaderDelegate - Retrieved ApplicationContext [974308356] from cache with key [[MergedContextConfiguration@72437d8d testClass = ScheduleServiceTest, locations = '{}', classes = '{class org.waldreg.schedule.management.DefaultScheduleManager}', contextInitializerClasses = '[]', activeProfiles = '{}', propertySourceLocations = '{}', propertySourceProperties = '{}', contextCustomizers = set[org.springframework.boot.test.autoconfigure.actuate.metrics.MetricsExportContextCustomizerFactory$DisableMetricExportContextCustomizer@181e731e, org.springframework.boot.test.autoconfigure.properties.PropertyMappingContextCustomizer@0, org.springframework.boot.test.autoconfigure.web.servlet.WebDriverContextCustomizerFactory$Customizer@479460a6, org.springframework.boot.test.context.filter.ExcludeFilterContextCustomizer@68702e03, org.springframework.boot.test.json.DuplicateJsonObjectContextCustomizerFactory$DuplicateJsonObjectContextCustomizer@338c99c8, org.springframework.boot.test.mock.mockito.MockitoContextCustomizer@ad3122e0], contextLoader = 'org.springframework.test.context.support.DelegatingSmartContextLoader', parent = [null]]]
23:36:59.061 [Test worker] DEBUG org.springframework.test.context.cache - Spring test ApplicationContext cache statistics: [DefaultContextCache@743c6ce4 size = 1, maxSize = 32, parentContextCount = 0, hitCount = 133, missCount = 1]
23:36:59.061 [Test worker] DEBUG org.springframework.test.context.cache.DefaultCacheAwareContextLoaderDelegate - Retrieved ApplicationContext [974308356] from cache with key [[MergedContextConfiguration@72437d8d testClass = ScheduleServiceTest, locations = '{}', classes = '{class org.waldreg.schedule.management.DefaultScheduleManager}', contextInitializerClasses = '[]', activeProfiles = '{}', propertySourceLocations = '{}', propertySourceProperties = '{}', contextCustomizers = set[org.springframework.boot.test.autoconfigure.actuate.metrics.MetricsExportContextCustomizerFactory$DisableMetricExportContextCustomizer@181e731e, org.springframework.boot.test.autoconfigure.properties.PropertyMappingContextCustomizer@0, org.springframework.boot.test.autoconfigure.web.servlet.WebDriverContextCustomizerFactory$Customizer@479460a6, org.springframework.boot.test.context.filter.ExcludeFilterContextCustomizer@68702e03, org.springframework.boot.test.json.DuplicateJsonObjectContextCustomizerFactory$DuplicateJsonObjectContextCustomizer@338c99c8, org.springframework.boot.test.mock.mockito.MockitoContextCustomizer@ad3122e0], contextLoader = 'org.springframework.test.context.support.DelegatingSmartContextLoader', parent = [null]]]
23:36:59.061 [Test worker] DEBUG org.springframework.test.context.cache - Spring test ApplicationContext cache statistics: [DefaultContextCache@743c6ce4 size = 1, maxSize = 32, parentContextCount = 0, hitCount = 134, missCount = 1]
23:36:59.061 [Test worker] DEBUG org.springframework.test.context.support.AbstractDirtiesContextTestExecutionListener - Before test method: context [DefaultTestContext@1c481ff2 testClass = ScheduleServiceTest, testInstance = org.waldreg.schedule.ScheduleServiceTest@2ab5afc7, testMethod = UPDATE_SCHEDULE_FAIL_CAUSE_INVALID_CYCLE_TEST@ScheduleServiceTest, testException = [null], mergedContextConfiguration = [MergedContextConfiguration@72437d8d testClass = ScheduleServiceTest, locations = '{}', classes = '{class org.waldreg.schedule.management.DefaultScheduleManager}', contextInitializerClasses = '[]', activeProfiles = '{}', propertySourceLocations = '{}', propertySourceProperties = '{}', contextCustomizers = set[org.springframework.boot.test.autoconfigure.actuate.metrics.MetricsExportContextCustomizerFactory$DisableMetricExportContextCustomizer@181e731e, org.springframework.boot.test.autoconfigure.properties.PropertyMappingContextCustomizer@0, org.springframework.boot.test.autoconfigure.web.servlet.WebDriverContextCustomizerFactory$Customizer@479460a6, org.springframework.boot.test.context.filter.ExcludeFilterContextCustomizer@68702e03, org.springframework.boot.test.json.DuplicateJsonObjectContextCustomizerFactory$DuplicateJsonObjectContextCustomizer@338c99c8, org.springframework.boot.test.mock.mockito.MockitoContextCustomizer@ad3122e0], contextLoader = 'org.springframework.test.context.support.DelegatingSmartContextLoader', parent = [null]], attributes = map['org.springframework.test.context.event.ApplicationEventsTestExecutionListener.recordApplicationEvents' -> false]], class annotated with @DirtiesContext [false] with mode [null], method annotated with @DirtiesContext [false] with mode [null].
23:36:59.061 [Test worker] DEBUG org.springframework.test.context.cache.DefaultCacheAwareContextLoaderDelegate - Retrieved ApplicationContext [974308356] from cache with key [[MergedContextConfiguration@72437d8d testClass = ScheduleServiceTest, locations = '{}', classes = '{class org.waldreg.schedule.management.DefaultScheduleManager}', contextInitializerClasses = '[]', activeProfiles = '{}', propertySourceLocations = '{}', propertySourceProperties = '{}', contextCustomizers = set[org.springframework.boot.test.autoconfigure.actuate.metrics.MetricsExportContextCustomizerFactory$DisableMetricExportContextCustomizer@181e731e, org.springframework.boot.test.autoconfigure.properties.PropertyMappingContextCustomizer@0, org.springframework.boot.test.autoconfigure.web.servlet.WebDriverContextCustomizerFactory$Customizer@479460a6, org.springframework.boot.test.context.filter.ExcludeFilterContextCustomizer@68702e03, org.springframework.boot.test.json.DuplicateJsonObjectContextCustomizerFactory$DuplicateJsonObjectContextCustomizer@338c99c8, org.springframework.boot.test.mock.mockito.MockitoContextCustomizer@ad3122e0], contextLoader = 'org.springframework.test.context.support.DelegatingSmartContextLoader', parent = [null]]]
23:36:59.061 [Test worker] DEBUG org.springframework.test.context.cache - Spring test ApplicationContext cache statistics: [DefaultContextCache@743c6ce4 size = 1, maxSize = 32, parentContextCount = 0, hitCount = 135, missCount = 1]
23:36:59.061 [Test worker] DEBUG org.springframework.test.context.cache.DefaultCacheAwareContextLoaderDelegate - Retrieved ApplicationContext [974308356] from cache with key [[MergedContextConfiguration@72437d8d testClass = ScheduleServiceTest, locations = '{}', classes = '{class org.waldreg.schedule.management.DefaultScheduleManager}', contextInitializerClasses = '[]', activeProfiles = '{}', propertySourceLocations = '{}', propertySourceProperties = '{}', contextCustomizers = set[org.springframework.boot.test.autoconfigure.actuate.metrics.MetricsExportContextCustomizerFactory$DisableMetricExportContextCustomizer@181e731e, org.springframework.boot.test.autoconfigure.properties.PropertyMappingContextCustomizer@0, org.springframework.boot.test.autoconfigure.web.servlet.WebDriverContextCustomizerFactory$Customizer@479460a6, org.springframework.boot.test.context.filter.ExcludeFilterContextCustomizer@68702e03, org.springframework.boot.test.json.DuplicateJsonObjectContextCustomizerFactory$DuplicateJsonObjectContextCustomizer@338c99c8, org.springframework.boot.test.mock.mockito.MockitoContextCustomizer@ad3122e0], contextLoader = 'org.springframework.test.context.support.DelegatingSmartContextLoader', parent = [null]]]
23:36:59.061 [Test worker] DEBUG org.springframework.test.context.cache - Spring test ApplicationContext cache statistics: [DefaultContextCache@743c6ce4 size = 1, maxSize = 32, parentContextCount = 0, hitCount = 136, missCount = 1]
23:36:59.061 [Test worker] DEBUG org.springframework.test.context.cache.DefaultCacheAwareContextLoaderDelegate - Retrieved ApplicationContext [974308356] from cache with key [[MergedContextConfiguration@72437d8d testClass = ScheduleServiceTest, locations = '{}', classes = '{class org.waldreg.schedule.management.DefaultScheduleManager}', contextInitializerClasses = '[]', activeProfiles = '{}', propertySourceLocations = '{}', propertySourceProperties = '{}', contextCustomizers = set[org.springframework.boot.test.autoconfigure.actuate.metrics.MetricsExportContextCustomizerFactory$DisableMetricExportContextCustomizer@181e731e, org.springframework.boot.test.autoconfigure.properties.PropertyMappingContextCustomizer@0, org.springframework.boot.test.autoconfigure.web.servlet.WebDriverContextCustomizerFactory$Customizer@479460a6, org.springframework.boot.test.context.filter.ExcludeFilterContextCustomizer@68702e03, org.springframework.boot.test.json.DuplicateJsonObjectContextCustomizerFactory$DuplicateJsonObjectContextCustomizer@338c99c8, org.springframework.boot.test.mock.mockito.MockitoContextCustomizer@ad3122e0], contextLoader = 'org.springframework.test.context.support.DelegatingSmartContextLoader', parent = [null]]]
23:36:59.061 [Test worker] DEBUG org.springframework.test.context.cache - Spring test ApplicationContext cache statistics: [DefaultContextCache@743c6ce4 size = 1, maxSize = 32, parentContextCount = 0, hitCount = 137, missCount = 1]
23:36:59.062 [Test worker] DEBUG org.springframework.test.context.cache.DefaultCacheAwareContextLoaderDelegate - Retrieved ApplicationContext [974308356] from cache with key [[MergedContextConfiguration@72437d8d testClass = ScheduleServiceTest, locations = '{}', classes = '{class org.waldreg.schedule.management.DefaultScheduleManager}', contextInitializerClasses = '[]', activeProfiles = '{}', propertySourceLocations = '{}', propertySourceProperties = '{}', contextCustomizers = set[org.springframework.boot.test.autoconfigure.actuate.metrics.MetricsExportContextCustomizerFactory$DisableMetricExportContextCustomizer@181e731e, org.springframework.boot.test.autoconfigure.properties.PropertyMappingContextCustomizer@0, org.springframework.boot.test.autoconfigure.web.servlet.WebDriverContextCustomizerFactory$Customizer@479460a6, org.springframework.boot.test.context.filter.ExcludeFilterContextCustomizer@68702e03, org.springframework.boot.test.json.DuplicateJsonObjectContextCustomizerFactory$DuplicateJsonObjectContextCustomizer@338c99c8, org.springframework.boot.test.mock.mockito.MockitoContextCustomizer@ad3122e0], contextLoader = 'org.springframework.test.context.support.DelegatingSmartContextLoader', parent = [null]]]
23:36:59.062 [Test worker] DEBUG org.springframework.test.context.cache - Spring test ApplicationContext cache statistics: [DefaultContextCache@743c6ce4 size = 1, maxSize = 32, parentContextCount = 0, hitCount = 138, missCount = 1]
23:36:59.063 [Test worker] DEBUG org.springframework.test.context.cache.DefaultCacheAwareContextLoaderDelegate - Retrieved ApplicationContext [974308356] from cache with key [[MergedContextConfiguration@72437d8d testClass = ScheduleServiceTest, locations = '{}', classes = '{class org.waldreg.schedule.management.DefaultScheduleManager}', contextInitializerClasses = '[]', activeProfiles = '{}', propertySourceLocations = '{}', propertySourceProperties = '{}', contextCustomizers = set[org.springframework.boot.test.autoconfigure.actuate.metrics.MetricsExportContextCustomizerFactory$DisableMetricExportContextCustomizer@181e731e, org.springframework.boot.test.autoconfigure.properties.PropertyMappingContextCustomizer@0, org.springframework.boot.test.autoconfigure.web.servlet.WebDriverContextCustomizerFactory$Customizer@479460a6, org.springframework.boot.test.context.filter.ExcludeFilterContextCustomizer@68702e03, org.springframework.boot.test.json.DuplicateJsonObjectContextCustomizerFactory$DuplicateJsonObjectContextCustomizer@338c99c8, org.springframework.boot.test.mock.mockito.MockitoContextCustomizer@ad3122e0], contextLoader = 'org.springframework.test.context.support.DelegatingSmartContextLoader', parent = [null]]]
23:36:59.063 [Test worker] DEBUG org.springframework.test.context.cache - Spring test ApplicationContext cache statistics: [DefaultContextCache@743c6ce4 size = 1, maxSize = 32, parentContextCount = 0, hitCount = 139, missCount = 1]
23:36:59.063 [Test worker] DEBUG org.springframework.test.context.cache.DefaultCacheAwareContextLoaderDelegate - Retrieved ApplicationContext [974308356] from cache with key [[MergedContextConfiguration@72437d8d testClass = ScheduleServiceTest, locations = '{}', classes = '{class org.waldreg.schedule.management.DefaultScheduleManager}', contextInitializerClasses = '[]', activeProfiles = '{}', propertySourceLocations = '{}', propertySourceProperties = '{}', contextCustomizers = set[org.springframework.boot.test.autoconfigure.actuate.metrics.MetricsExportContextCustomizerFactory$DisableMetricExportContextCustomizer@181e731e, org.springframework.boot.test.autoconfigure.properties.PropertyMappingContextCustomizer@0, org.springframework.boot.test.autoconfigure.web.servlet.WebDriverContextCustomizerFactory$Customizer@479460a6, org.springframework.boot.test.context.filter.ExcludeFilterContextCustomizer@68702e03, org.springframework.boot.test.json.DuplicateJsonObjectContextCustomizerFactory$DuplicateJsonObjectContextCustomizer@338c99c8, org.springframework.boot.test.mock.mockito.MockitoContextCustomizer@ad3122e0], contextLoader = 'org.springframework.test.context.support.DelegatingSmartContextLoader', parent = [null]]]
23:36:59.063 [Test worker] DEBUG org.springframework.test.context.cache - Spring test ApplicationContext cache statistics: [DefaultContextCache@743c6ce4 size = 1, maxSize = 32, parentContextCount = 0, hitCount = 140, missCount = 1]
23:36:59.063 [Test worker] DEBUG org.springframework.test.context.cache.DefaultCacheAwareContextLoaderDelegate - Retrieved ApplicationContext [974308356] from cache with key [[MergedContextConfiguration@72437d8d testClass = ScheduleServiceTest, locations = '{}', classes = '{class org.waldreg.schedule.management.DefaultScheduleManager}', contextInitializerClasses = '[]', activeProfiles = '{}', propertySourceLocations = '{}', propertySourceProperties = '{}', contextCustomizers = set[org.springframework.boot.test.autoconfigure.actuate.metrics.MetricsExportContextCustomizerFactory$DisableMetricExportContextCustomizer@181e731e, org.springframework.boot.test.autoconfigure.properties.PropertyMappingContextCustomizer@0, org.springframework.boot.test.autoconfigure.web.servlet.WebDriverContextCustomizerFactory$Customizer@479460a6, org.springframework.boot.test.context.filter.ExcludeFilterContextCustomizer@68702e03, org.springframework.boot.test.json.DuplicateJsonObjectContextCustomizerFactory$DuplicateJsonObjectContextCustomizer@338c99c8, org.springframework.boot.test.mock.mockito.MockitoContextCustomizer@ad3122e0], contextLoader = 'org.springframework.test.context.support.DelegatingSmartContextLoader', parent = [null]]]
23:36:59.063 [Test worker] DEBUG org.springframework.test.context.cache - Spring test ApplicationContext cache statistics: [DefaultContextCache@743c6ce4 size = 1, maxSize = 32, parentContextCount = 0, hitCount = 141, missCount = 1]
23:36:59.063 [Test worker] DEBUG org.springframework.test.context.cache.DefaultCacheAwareContextLoaderDelegate - Retrieved ApplicationContext [974308356] from cache with key [[MergedContextConfiguration@72437d8d testClass = ScheduleServiceTest, locations = '{}', classes = '{class org.waldreg.schedule.management.DefaultScheduleManager}', contextInitializerClasses = '[]', activeProfiles = '{}', propertySourceLocations = '{}', propertySourceProperties = '{}', contextCustomizers = set[org.springframework.boot.test.autoconfigure.actuate.metrics.MetricsExportContextCustomizerFactory$DisableMetricExportContextCustomizer@181e731e, org.springframework.boot.test.autoconfigure.properties.PropertyMappingContextCustomizer@0, org.springframework.boot.test.autoconfigure.web.servlet.WebDriverContextCustomizerFactory$Customizer@479460a6, org.springframework.boot.test.context.filter.ExcludeFilterContextCustomizer@68702e03, org.springframework.boot.test.json.DuplicateJsonObjectContextCustomizerFactory$DuplicateJsonObjectContextCustomizer@338c99c8, org.springframework.boot.test.mock.mockito.MockitoContextCustomizer@ad3122e0], contextLoader = 'org.springframework.test.context.support.DelegatingSmartContextLoader', parent = [null]]]
23:36:59.063 [Test worker] DEBUG org.springframework.test.context.cache - Spring test ApplicationContext cache statistics: [DefaultContextCache@743c6ce4 size = 1, maxSize = 32, parentContextCount = 0, hitCount = 142, missCount = 1]
23:36:59.063 [Test worker] DEBUG org.springframework.test.context.cache.DefaultCacheAwareContextLoaderDelegate - Retrieved ApplicationContext [974308356] from cache with key [[MergedContextConfiguration@72437d8d testClass = ScheduleServiceTest, locations = '{}', classes = '{class org.waldreg.schedule.management.DefaultScheduleManager}', contextInitializerClasses = '[]', activeProfiles = '{}', propertySourceLocations = '{}', propertySourceProperties = '{}', contextCustomizers = set[org.springframework.boot.test.autoconfigure.actuate.metrics.MetricsExportContextCustomizerFactory$DisableMetricExportContextCustomizer@181e731e, org.springframework.boot.test.autoconfigure.properties.PropertyMappingContextCustomizer@0, org.springframework.boot.test.autoconfigure.web.servlet.WebDriverContextCustomizerFactory$Customizer@479460a6, org.springframework.boot.test.context.filter.ExcludeFilterContextCustomizer@68702e03, org.springframework.boot.test.json.DuplicateJsonObjectContextCustomizerFactory$DuplicateJsonObjectContextCustomizer@338c99c8, org.springframework.boot.test.mock.mockito.MockitoContextCustomizer@ad3122e0], contextLoader = 'org.springframework.test.context.support.DelegatingSmartContextLoader', parent = [null]]]
23:36:59.063 [Test worker] DEBUG org.springframework.test.context.cache - Spring test ApplicationContext cache statistics: [DefaultContextCache@743c6ce4 size = 1, maxSize = 32, parentContextCount = 0, hitCount = 143, missCount = 1]
23:36:59.063 [Test worker] DEBUG org.springframework.test.context.support.AbstractDirtiesContextTestExecutionListener - After test method: context [DefaultTestContext@1c481ff2 testClass = ScheduleServiceTest, testInstance = org.waldreg.schedule.ScheduleServiceTest@2ab5afc7, testMethod = UPDATE_SCHEDULE_FAIL_CAUSE_INVALID_CYCLE_TEST@ScheduleServiceTest, testException = [null], mergedContextConfiguration = [MergedContextConfiguration@72437d8d testClass = ScheduleServiceTest, locations = '{}', classes = '{class org.waldreg.schedule.management.DefaultScheduleManager}', contextInitializerClasses = '[]', activeProfiles = '{}', propertySourceLocations = '{}', propertySourceProperties = '{}', contextCustomizers = set[org.springframework.boot.test.autoconfigure.actuate.metrics.MetricsExportContextCustomizerFactory$DisableMetricExportContextCustomizer@181e731e, org.springframework.boot.test.autoconfigure.properties.PropertyMappingContextCustomizer@0, org.springframework.boot.test.autoconfigure.web.servlet.WebDriverContextCustomizerFactory$Customizer@479460a6, org.springframework.boot.test.context.filter.ExcludeFilterContextCustomizer@68702e03, org.springframework.boot.test.json.DuplicateJsonObjectContextCustomizerFactory$DuplicateJsonObjectContextCustomizer@338c99c8, org.springframework.boot.test.mock.mockito.MockitoContextCustomizer@ad3122e0], contextLoader = 'org.springframework.test.context.support.DelegatingSmartContextLoader', parent = [null]], attributes = map['org.springframework.test.context.event.ApplicationEventsTestExecutionListener.recordApplicationEvents' -> false]], class annotated with @DirtiesContext [false] with mode [null], method annotated with @DirtiesContext [false] with mode [null].
23:36:59.063 [Test worker] DEBUG org.springframework.test.context.cache.DefaultCacheAwareContextLoaderDelegate - Retrieved ApplicationContext [974308356] from cache with key [[MergedContextConfiguration@72437d8d testClass = ScheduleServiceTest, locations = '{}', classes = '{class org.waldreg.schedule.management.DefaultScheduleManager}', contextInitializerClasses = '[]', activeProfiles = '{}', propertySourceLocations = '{}', propertySourceProperties = '{}', contextCustomizers = set[org.springframework.boot.test.autoconfigure.actuate.metrics.MetricsExportContextCustomizerFactory$DisableMetricExportContextCustomizer@181e731e, org.springframework.boot.test.autoconfigure.properties.PropertyMappingContextCustomizer@0, org.springframework.boot.test.autoconfigure.web.servlet.WebDriverContextCustomizerFactory$Customizer@479460a6, org.springframework.boot.test.context.filter.ExcludeFilterContextCustomizer@68702e03, org.springframework.boot.test.json.DuplicateJsonObjectContextCustomizerFactory$DuplicateJsonObjectContextCustomizer@338c99c8, org.springframework.boot.test.mock.mockito.MockitoContextCustomizer@ad3122e0], contextLoader = 'org.springframework.test.context.support.DelegatingSmartContextLoader', parent = [null]]]
23:36:59.063 [Test worker] DEBUG org.springframework.test.context.cache - Spring test ApplicationContext cache statistics: [DefaultContextCache@743c6ce4 size = 1, maxSize = 32, parentContextCount = 0, hitCount = 144, missCount = 1]
23:36:59.063 [Test worker] DEBUG org.springframework.test.context.support.DependencyInjectionTestExecutionListener - Performing dependency injection for test context [[DefaultTestContext@1c481ff2 testClass = ScheduleServiceTest, testInstance = org.waldreg.schedule.ScheduleServiceTest@763cf5b9, testMethod = [null], testException = [null], mergedContextConfiguration = [MergedContextConfiguration@72437d8d testClass = ScheduleServiceTest, locations = '{}', classes = '{class org.waldreg.schedule.management.DefaultScheduleManager}', contextInitializerClasses = '[]', activeProfiles = '{}', propertySourceLocations = '{}', propertySourceProperties = '{}', contextCustomizers = set[org.springframework.boot.test.autoconfigure.actuate.metrics.MetricsExportContextCustomizerFactory$DisableMetricExportContextCustomizer@181e731e, org.springframework.boot.test.autoconfigure.properties.PropertyMappingContextCustomizer@0, org.springframework.boot.test.autoconfigure.web.servlet.WebDriverContextCustomizerFactory$Customizer@479460a6, org.springframework.boot.test.context.filter.ExcludeFilterContextCustomizer@68702e03, org.springframework.boot.test.json.DuplicateJsonObjectContextCustomizerFactory$DuplicateJsonObjectContextCustomizer@338c99c8, org.springframework.boot.test.mock.mockito.MockitoContextCustomizer@ad3122e0], contextLoader = 'org.springframework.test.context.support.DelegatingSmartContextLoader', parent = [null]], attributes = map['org.springframework.test.context.event.ApplicationEventsTestExecutionListener.recordApplicationEvents' -> false]]].
23:36:59.063 [Test worker] DEBUG org.springframework.test.context.cache.DefaultCacheAwareContextLoaderDelegate - Retrieved ApplicationContext [974308356] from cache with key [[MergedContextConfiguration@72437d8d testClass = ScheduleServiceTest, locations = '{}', classes = '{class org.waldreg.schedule.management.DefaultScheduleManager}', contextInitializerClasses = '[]', activeProfiles = '{}', propertySourceLocations = '{}', propertySourceProperties = '{}', contextCustomizers = set[org.springframework.boot.test.autoconfigure.actuate.metrics.MetricsExportContextCustomizerFactory$DisableMetricExportContextCustomizer@181e731e, org.springframework.boot.test.autoconfigure.properties.PropertyMappingContextCustomizer@0, org.springframework.boot.test.autoconfigure.web.servlet.WebDriverContextCustomizerFactory$Customizer@479460a6, org.springframework.boot.test.context.filter.ExcludeFilterContextCustomizer@68702e03, org.springframework.boot.test.json.DuplicateJsonObjectContextCustomizerFactory$DuplicateJsonObjectContextCustomizer@338c99c8, org.springframework.boot.test.mock.mockito.MockitoContextCustomizer@ad3122e0], contextLoader = 'org.springframework.test.context.support.DelegatingSmartContextLoader', parent = [null]]]
23:36:59.063 [Test worker] DEBUG org.springframework.test.context.cache - Spring test ApplicationContext cache statistics: [DefaultContextCache@743c6ce4 size = 1, maxSize = 32, parentContextCount = 0, hitCount = 145, missCount = 1]
23:36:59.064 [Test worker] DEBUG org.springframework.test.context.cache.DefaultCacheAwareContextLoaderDelegate - Retrieved ApplicationContext [974308356] from cache with key [[MergedContextConfiguration@72437d8d testClass = ScheduleServiceTest, locations = '{}', classes = '{class org.waldreg.schedule.management.DefaultScheduleManager}', contextInitializerClasses = '[]', activeProfiles = '{}', propertySourceLocations = '{}', propertySourceProperties = '{}', contextCustomizers = set[org.springframework.boot.test.autoconfigure.actuate.metrics.MetricsExportContextCustomizerFactory$DisableMetricExportContextCustomizer@181e731e, org.springframework.boot.test.autoconfigure.properties.PropertyMappingContextCustomizer@0, org.springframework.boot.test.autoconfigure.web.servlet.WebDriverContextCustomizerFactory$Customizer@479460a6, org.springframework.boot.test.context.filter.ExcludeFilterContextCustomizer@68702e03, org.springframework.boot.test.json.DuplicateJsonObjectContextCustomizerFactory$DuplicateJsonObjectContextCustomizer@338c99c8, org.springframework.boot.test.mock.mockito.MockitoContextCustomizer@ad3122e0], contextLoader = 'org.springframework.test.context.support.DelegatingSmartContextLoader', parent = [null]]]
23:36:59.064 [Test worker] DEBUG org.springframework.test.context.cache - Spring test ApplicationContext cache statistics: [DefaultContextCache@743c6ce4 size = 1, maxSize = 32, parentContextCount = 0, hitCount = 146, missCount = 1]
23:36:59.064 [Test worker] DEBUG org.springframework.test.context.support.AbstractDirtiesContextTestExecutionListener - Before test method: context [DefaultTestContext@1c481ff2 testClass = ScheduleServiceTest, testInstance = org.waldreg.schedule.ScheduleServiceTest@763cf5b9, testMethod = CREATE_NEW_SCHEDULE_FAIL_CAUSE_INVALID_INVALID_REPEAT_FINISH_DATE_TEST@ScheduleServiceTest, testException = [null], mergedContextConfiguration = [MergedContextConfiguration@72437d8d testClass = ScheduleServiceTest, locations = '{}', classes = '{class org.waldreg.schedule.management.DefaultScheduleManager}', contextInitializerClasses = '[]', activeProfiles = '{}', propertySourceLocations = '{}', propertySourceProperties = '{}', contextCustomizers = set[org.springframework.boot.test.autoconfigure.actuate.metrics.MetricsExportContextCustomizerFactory$DisableMetricExportContextCustomizer@181e731e, org.springframework.boot.test.autoconfigure.properties.PropertyMappingContextCustomizer@0, org.springframework.boot.test.autoconfigure.web.servlet.WebDriverContextCustomizerFactory$Customizer@479460a6, org.springframework.boot.test.context.filter.ExcludeFilterContextCustomizer@68702e03, org.springframework.boot.test.json.DuplicateJsonObjectContextCustomizerFactory$DuplicateJsonObjectContextCustomizer@338c99c8, org.springframework.boot.test.mock.mockito.MockitoContextCustomizer@ad3122e0], contextLoader = 'org.springframework.test.context.support.DelegatingSmartContextLoader', parent = [null]], attributes = map['org.springframework.test.context.event.ApplicationEventsTestExecutionListener.recordApplicationEvents' -> false]], class annotated with @DirtiesContext [false] with mode [null], method annotated with @DirtiesContext [false] with mode [null].
23:36:59.064 [Test worker] DEBUG org.springframework.test.context.cache.DefaultCacheAwareContextLoaderDelegate - Retrieved ApplicationContext [974308356] from cache with key [[MergedContextConfiguration@72437d8d testClass = ScheduleServiceTest, locations = '{}', classes = '{class org.waldreg.schedule.management.DefaultScheduleManager}', contextInitializerClasses = '[]', activeProfiles = '{}', propertySourceLocations = '{}', propertySourceProperties = '{}', contextCustomizers = set[org.springframework.boot.test.autoconfigure.actuate.metrics.MetricsExportContextCustomizerFactory$DisableMetricExportContextCustomizer@181e731e, org.springframework.boot.test.autoconfigure.properties.PropertyMappingContextCustomizer@0, org.springframework.boot.test.autoconfigure.web.servlet.WebDriverContextCustomizerFactory$Customizer@479460a6, org.springframework.boot.test.context.filter.ExcludeFilterContextCustomizer@68702e03, org.springframework.boot.test.json.DuplicateJsonObjectContextCustomizerFactory$DuplicateJsonObjectContextCustomizer@338c99c8, org.springframework.boot.test.mock.mockito.MockitoContextCustomizer@ad3122e0], contextLoader = 'org.springframework.test.context.support.DelegatingSmartContextLoader', parent = [null]]]
23:36:59.064 [Test worker] DEBUG org.springframework.test.context.cache - Spring test ApplicationContext cache statistics: [DefaultContextCache@743c6ce4 size = 1, maxSize = 32, parentContextCount = 0, hitCount = 147, missCount = 1]
23:36:59.064 [Test worker] DEBUG org.springframework.test.context.cache.DefaultCacheAwareContextLoaderDelegate - Retrieved ApplicationContext [974308356] from cache with key [[MergedContextConfiguration@72437d8d testClass = ScheduleServiceTest, locations = '{}', classes = '{class org.waldreg.schedule.management.DefaultScheduleManager}', contextInitializerClasses = '[]', activeProfiles = '{}', propertySourceLocations = '{}', propertySourceProperties = '{}', contextCustomizers = set[org.springframework.boot.test.autoconfigure.actuate.metrics.MetricsExportContextCustomizerFactory$DisableMetricExportContextCustomizer@181e731e, org.springframework.boot.test.autoconfigure.properties.PropertyMappingContextCustomizer@0, org.springframework.boot.test.autoconfigure.web.servlet.WebDriverContextCustomizerFactory$Customizer@479460a6, org.springframework.boot.test.context.filter.ExcludeFilterContextCustomizer@68702e03, org.springframework.boot.test.json.DuplicateJsonObjectContextCustomizerFactory$DuplicateJsonObjectContextCustomizer@338c99c8, org.springframework.boot.test.mock.mockito.MockitoContextCustomizer@ad3122e0], contextLoader = 'org.springframework.test.context.support.DelegatingSmartContextLoader', parent = [null]]]
23:36:59.064 [Test worker] DEBUG org.springframework.test.context.cache - Spring test ApplicationContext cache statistics: [DefaultContextCache@743c6ce4 size = 1, maxSize = 32, parentContextCount = 0, hitCount = 148, missCount = 1]
23:36:59.064 [Test worker] DEBUG org.springframework.test.context.cache.DefaultCacheAwareContextLoaderDelegate - Retrieved ApplicationContext [974308356] from cache with key [[MergedContextConfiguration@72437d8d testClass = ScheduleServiceTest, locations = '{}', classes = '{class org.waldreg.schedule.management.DefaultScheduleManager}', contextInitializerClasses = '[]', activeProfiles = '{}', propertySourceLocations = '{}', propertySourceProperties = '{}', contextCustomizers = set[org.springframework.boot.test.autoconfigure.actuate.metrics.MetricsExportContextCustomizerFactory$DisableMetricExportContextCustomizer@181e731e, org.springframework.boot.test.autoconfigure.properties.PropertyMappingContextCustomizer@0, org.springframework.boot.test.autoconfigure.web.servlet.WebDriverContextCustomizerFactory$Customizer@479460a6, org.springframework.boot.test.context.filter.ExcludeFilterContextCustomizer@68702e03, org.springframework.boot.test.json.DuplicateJsonObjectContextCustomizerFactory$DuplicateJsonObjectContextCustomizer@338c99c8, org.springframework.boot.test.mock.mockito.MockitoContextCustomizer@ad3122e0], contextLoader = 'org.springframework.test.context.support.DelegatingSmartContextLoader', parent = [null]]]
23:36:59.064 [Test worker] DEBUG org.springframework.test.context.cache - Spring test ApplicationContext cache statistics: [DefaultContextCache@743c6ce4 size = 1, maxSize = 32, parentContextCount = 0, hitCount = 149, missCount = 1]
23:36:59.065 [Test worker] DEBUG org.springframework.test.context.cache.DefaultCacheAwareContextLoaderDelegate - Retrieved ApplicationContext [974308356] from cache with key [[MergedContextConfiguration@72437d8d testClass = ScheduleServiceTest, locations = '{}', classes = '{class org.waldreg.schedule.management.DefaultScheduleManager}', contextInitializerClasses = '[]', activeProfiles = '{}', propertySourceLocations = '{}', propertySourceProperties = '{}', contextCustomizers = set[org.springframework.boot.test.autoconfigure.actuate.metrics.MetricsExportContextCustomizerFactory$DisableMetricExportContextCustomizer@181e731e, org.springframework.boot.test.autoconfigure.properties.PropertyMappingContextCustomizer@0, org.springframework.boot.test.autoconfigure.web.servlet.WebDriverContextCustomizerFactory$Customizer@479460a6, org.springframework.boot.test.context.filter.ExcludeFilterContextCustomizer@68702e03, org.springframework.boot.test.json.DuplicateJsonObjectContextCustomizerFactory$DuplicateJsonObjectContextCustomizer@338c99c8, org.springframework.boot.test.mock.mockito.MockitoContextCustomizer@ad3122e0], contextLoader = 'org.springframework.test.context.support.DelegatingSmartContextLoader', parent = [null]]]
23:36:59.065 [Test worker] DEBUG org.springframework.test.context.cache - Spring test ApplicationContext cache statistics: [DefaultContextCache@743c6ce4 size = 1, maxSize = 32, parentContextCount = 0, hitCount = 150, missCount = 1]
23:36:59.066 [Test worker] DEBUG org.springframework.test.context.cache.DefaultCacheAwareContextLoaderDelegate - Retrieved ApplicationContext [974308356] from cache with key [[MergedContextConfiguration@72437d8d testClass = ScheduleServiceTest, locations = '{}', classes = '{class org.waldreg.schedule.management.DefaultScheduleManager}', contextInitializerClasses = '[]', activeProfiles = '{}', propertySourceLocations = '{}', propertySourceProperties = '{}', contextCustomizers = set[org.springframework.boot.test.autoconfigure.actuate.metrics.MetricsExportContextCustomizerFactory$DisableMetricExportContextCustomizer@181e731e, org.springframework.boot.test.autoconfigure.properties.PropertyMappingContextCustomizer@0, org.springframework.boot.test.autoconfigure.web.servlet.WebDriverContextCustomizerFactory$Customizer@479460a6, org.springframework.boot.test.context.filter.ExcludeFilterContextCustomizer@68702e03, org.springframework.boot.test.json.DuplicateJsonObjectContextCustomizerFactory$DuplicateJsonObjectContextCustomizer@338c99c8, org.springframework.boot.test.mock.mockito.MockitoContextCustomizer@ad3122e0], contextLoader = 'org.springframework.test.context.support.DelegatingSmartContextLoader', parent = [null]]]
23:36:59.066 [Test worker] DEBUG org.springframework.test.context.cache - Spring test ApplicationContext cache statistics: [DefaultContextCache@743c6ce4 size = 1, maxSize = 32, parentContextCount = 0, hitCount = 151, missCount = 1]
23:36:59.066 [Test worker] DEBUG org.springframework.test.context.cache.DefaultCacheAwareContextLoaderDelegate - Retrieved ApplicationContext [974308356] from cache with key [[MergedContextConfiguration@72437d8d testClass = ScheduleServiceTest, locations = '{}', classes = '{class org.waldreg.schedule.management.DefaultScheduleManager}', contextInitializerClasses = '[]', activeProfiles = '{}', propertySourceLocations = '{}', propertySourceProperties = '{}', contextCustomizers = set[org.springframework.boot.test.autoconfigure.actuate.metrics.MetricsExportContextCustomizerFactory$DisableMetricExportContextCustomizer@181e731e, org.springframework.boot.test.autoconfigure.properties.PropertyMappingContextCustomizer@0, org.springframework.boot.test.autoconfigure.web.servlet.WebDriverContextCustomizerFactory$Customizer@479460a6, org.springframework.boot.test.context.filter.ExcludeFilterContextCustomizer@68702e03, org.springframework.boot.test.json.DuplicateJsonObjectContextCustomizerFactory$DuplicateJsonObjectContextCustomizer@338c99c8, org.springframework.boot.test.mock.mockito.MockitoContextCustomizer@ad3122e0], contextLoader = 'org.springframework.test.context.support.DelegatingSmartContextLoader', parent = [null]]]
23:36:59.066 [Test worker] DEBUG org.springframework.test.context.cache - Spring test ApplicationContext cache statistics: [DefaultContextCache@743c6ce4 size = 1, maxSize = 32, parentContextCount = 0, hitCount = 152, missCount = 1]
23:36:59.066 [Test worker] DEBUG org.springframework.test.context.cache.DefaultCacheAwareContextLoaderDelegate - Retrieved ApplicationContext [974308356] from cache with key [[MergedContextConfiguration@72437d8d testClass = ScheduleServiceTest, locations = '{}', classes = '{class org.waldreg.schedule.management.DefaultScheduleManager}', contextInitializerClasses = '[]', activeProfiles = '{}', propertySourceLocations = '{}', propertySourceProperties = '{}', contextCustomizers = set[org.springframework.boot.test.autoconfigure.actuate.metrics.MetricsExportContextCustomizerFactory$DisableMetricExportContextCustomizer@181e731e, org.springframework.boot.test.autoconfigure.properties.PropertyMappingContextCustomizer@0, org.springframework.boot.test.autoconfigure.web.servlet.WebDriverContextCustomizerFactory$Customizer@479460a6, org.springframework.boot.test.context.filter.ExcludeFilterContextCustomizer@68702e03, org.springframework.boot.test.json.DuplicateJsonObjectContextCustomizerFactory$DuplicateJsonObjectContextCustomizer@338c99c8, org.springframework.boot.test.mock.mockito.MockitoContextCustomizer@ad3122e0], contextLoader = 'org.springframework.test.context.support.DelegatingSmartContextLoader', parent = [null]]]
23:36:59.066 [Test worker] DEBUG org.springframework.test.context.cache - Spring test ApplicationContext cache statistics: [DefaultContextCache@743c6ce4 size = 1, maxSize = 32, parentContextCount = 0, hitCount = 153, missCount = 1]
23:36:59.066 [Test worker] DEBUG org.springframework.test.context.cache.DefaultCacheAwareContextLoaderDelegate - Retrieved ApplicationContext [974308356] from cache with key [[MergedContextConfiguration@72437d8d testClass = ScheduleServiceTest, locations = '{}', classes = '{class org.waldreg.schedule.management.DefaultScheduleManager}', contextInitializerClasses = '[]', activeProfiles = '{}', propertySourceLocations = '{}', propertySourceProperties = '{}', contextCustomizers = set[org.springframework.boot.test.autoconfigure.actuate.metrics.MetricsExportContextCustomizerFactory$DisableMetricExportContextCustomizer@181e731e, org.springframework.boot.test.autoconfigure.properties.PropertyMappingContextCustomizer@0, org.springframework.boot.test.autoconfigure.web.servlet.WebDriverContextCustomizerFactory$Customizer@479460a6, org.springframework.boot.test.context.filter.ExcludeFilterContextCustomizer@68702e03, org.springframework.boot.test.json.DuplicateJsonObjectContextCustomizerFactory$DuplicateJsonObjectContextCustomizer@338c99c8, org.springframework.boot.test.mock.mockito.MockitoContextCustomizer@ad3122e0], contextLoader = 'org.springframework.test.context.support.DelegatingSmartContextLoader', parent = [null]]]
23:36:59.066 [Test worker] DEBUG org.springframework.test.context.cache - Spring test ApplicationContext cache statistics: [DefaultContextCache@743c6ce4 size = 1, maxSize = 32, parentContextCount = 0, hitCount = 154, missCount = 1]
23:36:59.066 [Test worker] DEBUG org.springframework.test.context.cache.DefaultCacheAwareContextLoaderDelegate - Retrieved ApplicationContext [974308356] from cache with key [[MergedContextConfiguration@72437d8d testClass = ScheduleServiceTest, locations = '{}', classes = '{class org.waldreg.schedule.management.DefaultScheduleManager}', contextInitializerClasses = '[]', activeProfiles = '{}', propertySourceLocations = '{}', propertySourceProperties = '{}', contextCustomizers = set[org.springframework.boot.test.autoconfigure.actuate.metrics.MetricsExportContextCustomizerFactory$DisableMetricExportContextCustomizer@181e731e, org.springframework.boot.test.autoconfigure.properties.PropertyMappingContextCustomizer@0, org.springframework.boot.test.autoconfigure.web.servlet.WebDriverContextCustomizerFactory$Customizer@479460a6, org.springframework.boot.test.context.filter.ExcludeFilterContextCustomizer@68702e03, org.springframework.boot.test.json.DuplicateJsonObjectContextCustomizerFactory$DuplicateJsonObjectContextCustomizer@338c99c8, org.springframework.boot.test.mock.mockito.MockitoContextCustomizer@ad3122e0], contextLoader = 'org.springframework.test.context.support.DelegatingSmartContextLoader', parent = [null]]]
23:36:59.066 [Test worker] DEBUG org.springframework.test.context.cache - Spring test ApplicationContext cache statistics: [DefaultContextCache@743c6ce4 size = 1, maxSize = 32, parentContextCount = 0, hitCount = 155, missCount = 1]
23:36:59.066 [Test worker] DEBUG org.springframework.test.context.support.AbstractDirtiesContextTestExecutionListener - After test method: context [DefaultTestContext@1c481ff2 testClass = ScheduleServiceTest, testInstance = org.waldreg.schedule.ScheduleServiceTest@763cf5b9, testMethod = CREATE_NEW_SCHEDULE_FAIL_CAUSE_INVALID_INVALID_REPEAT_FINISH_DATE_TEST@ScheduleServiceTest, testException = [null], mergedContextConfiguration = [MergedContextConfiguration@72437d8d testClass = ScheduleServiceTest, locations = '{}', classes = '{class org.waldreg.schedule.management.DefaultScheduleManager}', contextInitializerClasses = '[]', activeProfiles = '{}', propertySourceLocations = '{}', propertySourceProperties = '{}', contextCustomizers = set[org.springframework.boot.test.autoconfigure.actuate.metrics.MetricsExportContextCustomizerFactory$DisableMetricExportContextCustomizer@181e731e, org.springframework.boot.test.autoconfigure.properties.PropertyMappingContextCustomizer@0, org.springframework.boot.test.autoconfigure.web.servlet.WebDriverContextCustomizerFactory$Customizer@479460a6, org.springframework.boot.test.context.filter.ExcludeFilterContextCustomizer@68702e03, org.springframework.boot.test.json.DuplicateJsonObjectContextCustomizerFactory$DuplicateJsonObjectContextCustomizer@338c99c8, org.springframework.boot.test.mock.mockito.MockitoContextCustomizer@ad3122e0], contextLoader = 'org.springframework.test.context.support.DelegatingSmartContextLoader', parent = [null]], attributes = map['org.springframework.test.context.event.ApplicationEventsTestExecutionListener.recordApplicationEvents' -> false]], class annotated with @DirtiesContext [false] with mode [null], method annotated with @DirtiesContext [false] with mode [null].
23:36:59.066 [Test worker] DEBUG org.springframework.test.context.cache.DefaultCacheAwareContextLoaderDelegate - Retrieved ApplicationContext [974308356] from cache with key [[MergedContextConfiguration@72437d8d testClass = ScheduleServiceTest, locations = '{}', classes = '{class org.waldreg.schedule.management.DefaultScheduleManager}', contextInitializerClasses = '[]', activeProfiles = '{}', propertySourceLocations = '{}', propertySourceProperties = '{}', contextCustomizers = set[org.springframework.boot.test.autoconfigure.actuate.metrics.MetricsExportContextCustomizerFactory$DisableMetricExportContextCustomizer@181e731e, org.springframework.boot.test.autoconfigure.properties.PropertyMappingContextCustomizer@0, org.springframework.boot.test.autoconfigure.web.servlet.WebDriverContextCustomizerFactory$Customizer@479460a6, org.springframework.boot.test.context.filter.ExcludeFilterContextCustomizer@68702e03, org.springframework.boot.test.json.DuplicateJsonObjectContextCustomizerFactory$DuplicateJsonObjectContextCustomizer@338c99c8, org.springframework.boot.test.mock.mockito.MockitoContextCustomizer@ad3122e0], contextLoader = 'org.springframework.test.context.support.DelegatingSmartContextLoader', parent = [null]]]
23:36:59.066 [Test worker] DEBUG org.springframework.test.context.cache - Spring test ApplicationContext cache statistics: [DefaultContextCache@743c6ce4 size = 1, maxSize = 32, parentContextCount = 0, hitCount = 156, missCount = 1]
23:36:59.066 [Test worker] DEBUG org.springframework.test.context.support.DependencyInjectionTestExecutionListener - Performing dependency injection for test context [[DefaultTestContext@1c481ff2 testClass = ScheduleServiceTest, testInstance = org.waldreg.schedule.ScheduleServiceTest@33d53216, testMethod = [null], testException = [null], mergedContextConfiguration = [MergedContextConfiguration@72437d8d testClass = ScheduleServiceTest, locations = '{}', classes = '{class org.waldreg.schedule.management.DefaultScheduleManager}', contextInitializerClasses = '[]', activeProfiles = '{}', propertySourceLocations = '{}', propertySourceProperties = '{}', contextCustomizers = set[org.springframework.boot.test.autoconfigure.actuate.metrics.MetricsExportContextCustomizerFactory$DisableMetricExportContextCustomizer@181e731e, org.springframework.boot.test.autoconfigure.properties.PropertyMappingContextCustomizer@0, org.springframework.boot.test.autoconfigure.web.servlet.WebDriverContextCustomizerFactory$Customizer@479460a6, org.springframework.boot.test.context.filter.ExcludeFilterContextCustomizer@68702e03, org.springframework.boot.test.json.DuplicateJsonObjectContextCustomizerFactory$DuplicateJsonObjectContextCustomizer@338c99c8, org.springframework.boot.test.mock.mockito.MockitoContextCustomizer@ad3122e0], contextLoader = 'org.springframework.test.context.support.DelegatingSmartContextLoader', parent = [null]], attributes = map['org.springframework.test.context.event.ApplicationEventsTestExecutionListener.recordApplicationEvents' -> false]]].
23:36:59.066 [Test worker] DEBUG org.springframework.test.context.cache.DefaultCacheAwareContextLoaderDelegate - Retrieved ApplicationContext [974308356] from cache with key [[MergedContextConfiguration@72437d8d testClass = ScheduleServiceTest, locations = '{}', classes = '{class org.waldreg.schedule.management.DefaultScheduleManager}', contextInitializerClasses = '[]', activeProfiles = '{}', propertySourceLocations = '{}', propertySourceProperties = '{}', contextCustomizers = set[org.springframework.boot.test.autoconfigure.actuate.metrics.MetricsExportContextCustomizerFactory$DisableMetricExportContextCustomizer@181e731e, org.springframework.boot.test.autoconfigure.properties.PropertyMappingContextCustomizer@0, org.springframework.boot.test.autoconfigure.web.servlet.WebDriverContextCustomizerFactory$Customizer@479460a6, org.springframework.boot.test.context.filter.ExcludeFilterContextCustomizer@68702e03, org.springframework.boot.test.json.DuplicateJsonObjectContextCustomizerFactory$DuplicateJsonObjectContextCustomizer@338c99c8, org.springframework.boot.test.mock.mockito.MockitoContextCustomizer@ad3122e0], contextLoader = 'org.springframework.test.context.support.DelegatingSmartContextLoader', parent = [null]]]
23:36:59.066 [Test worker] DEBUG org.springframework.test.context.cache - Spring test ApplicationContext cache statistics: [DefaultContextCache@743c6ce4 size = 1, maxSize = 32, parentContextCount = 0, hitCount = 157, missCount = 1]
23:36:59.067 [Test worker] DEBUG org.springframework.test.context.cache.DefaultCacheAwareContextLoaderDelegate - Retrieved ApplicationContext [974308356] from cache with key [[MergedContextConfiguration@72437d8d testClass = ScheduleServiceTest, locations = '{}', classes = '{class org.waldreg.schedule.management.DefaultScheduleManager}', contextInitializerClasses = '[]', activeProfiles = '{}', propertySourceLocations = '{}', propertySourceProperties = '{}', contextCustomizers = set[org.springframework.boot.test.autoconfigure.actuate.metrics.MetricsExportContextCustomizerFactory$DisableMetricExportContextCustomizer@181e731e, org.springframework.boot.test.autoconfigure.properties.PropertyMappingContextCustomizer@0, org.springframework.boot.test.autoconfigure.web.servlet.WebDriverContextCustomizerFactory$Customizer@479460a6, org.springframework.boot.test.context.filter.ExcludeFilterContextCustomizer@68702e03, org.springframework.boot.test.json.DuplicateJsonObjectContextCustomizerFactory$DuplicateJsonObjectContextCustomizer@338c99c8, org.springframework.boot.test.mock.mockito.MockitoContextCustomizer@ad3122e0], contextLoader = 'org.springframework.test.context.support.DelegatingSmartContextLoader', parent = [null]]]
23:36:59.067 [Test worker] DEBUG org.springframework.test.context.cache - Spring test ApplicationContext cache statistics: [DefaultContextCache@743c6ce4 size = 1, maxSize = 32, parentContextCount = 0, hitCount = 158, missCount = 1]
23:36:59.067 [Test worker] DEBUG org.springframework.test.context.support.AbstractDirtiesContextTestExecutionListener - Before test method: context [DefaultTestContext@1c481ff2 testClass = ScheduleServiceTest, testInstance = org.waldreg.schedule.ScheduleServiceTest@33d53216, testMethod = UPDATE_SCHEDULE_SUCCESS_TEST@ScheduleServiceTest, testException = [null], mergedContextConfiguration = [MergedContextConfiguration@72437d8d testClass = ScheduleServiceTest, locations = '{}', classes = '{class org.waldreg.schedule.management.DefaultScheduleManager}', contextInitializerClasses = '[]', activeProfiles = '{}', propertySourceLocations = '{}', propertySourceProperties = '{}', contextCustomizers = set[org.springframework.boot.test.autoconfigure.actuate.metrics.MetricsExportContextCustomizerFactory$DisableMetricExportContextCustomizer@181e731e, org.springframework.boot.test.autoconfigure.properties.PropertyMappingContextCustomizer@0, org.springframework.boot.test.autoconfigure.web.servlet.WebDriverContextCustomizerFactory$Customizer@479460a6, org.springframework.boot.test.context.filter.ExcludeFilterContextCustomizer@68702e03, org.springframework.boot.test.json.DuplicateJsonObjectContextCustomizerFactory$DuplicateJsonObjectContextCustomizer@338c99c8, org.springframework.boot.test.mock.mockito.MockitoContextCustomizer@ad3122e0], contextLoader = 'org.springframework.test.context.support.DelegatingSmartContextLoader', parent = [null]], attributes = map['org.springframework.test.context.event.ApplicationEventsTestExecutionListener.recordApplicationEvents' -> false]], class annotated with @DirtiesContext [false] with mode [null], method annotated with @DirtiesContext [false] with mode [null].
23:36:59.067 [Test worker] DEBUG org.springframework.test.context.cache.DefaultCacheAwareContextLoaderDelegate - Retrieved ApplicationContext [974308356] from cache with key [[MergedContextConfiguration@72437d8d testClass = ScheduleServiceTest, locations = '{}', classes = '{class org.waldreg.schedule.management.DefaultScheduleManager}', contextInitializerClasses = '[]', activeProfiles = '{}', propertySourceLocations = '{}', propertySourceProperties = '{}', contextCustomizers = set[org.springframework.boot.test.autoconfigure.actuate.metrics.MetricsExportContextCustomizerFactory$DisableMetricExportContextCustomizer@181e731e, org.springframework.boot.test.autoconfigure.properties.PropertyMappingContextCustomizer@0, org.springframework.boot.test.autoconfigure.web.servlet.WebDriverContextCustomizerFactory$Customizer@479460a6, org.springframework.boot.test.context.filter.ExcludeFilterContextCustomizer@68702e03, org.springframework.boot.test.json.DuplicateJsonObjectContextCustomizerFactory$DuplicateJsonObjectContextCustomizer@338c99c8, org.springframework.boot.test.mock.mockito.MockitoContextCustomizer@ad3122e0], contextLoader = 'org.springframework.test.context.support.DelegatingSmartContextLoader', parent = [null]]]
23:36:59.067 [Test worker] DEBUG org.springframework.test.context.cache - Spring test ApplicationContext cache statistics: [DefaultContextCache@743c6ce4 size = 1, maxSize = 32, parentContextCount = 0, hitCount = 159, missCount = 1]
23:36:59.067 [Test worker] DEBUG org.springframework.test.context.cache.DefaultCacheAwareContextLoaderDelegate - Retrieved ApplicationContext [974308356] from cache with key [[MergedContextConfiguration@72437d8d testClass = ScheduleServiceTest, locations = '{}', classes = '{class org.waldreg.schedule.management.DefaultScheduleManager}', contextInitializerClasses = '[]', activeProfiles = '{}', propertySourceLocations = '{}', propertySourceProperties = '{}', contextCustomizers = set[org.springframework.boot.test.autoconfigure.actuate.metrics.MetricsExportContextCustomizerFactory$DisableMetricExportContextCustomizer@181e731e, org.springframework.boot.test.autoconfigure.properties.PropertyMappingContextCustomizer@0, org.springframework.boot.test.autoconfigure.web.servlet.WebDriverContextCustomizerFactory$Customizer@479460a6, org.springframework.boot.test.context.filter.ExcludeFilterContextCustomizer@68702e03, org.springframework.boot.test.json.DuplicateJsonObjectContextCustomizerFactory$DuplicateJsonObjectContextCustomizer@338c99c8, org.springframework.boot.test.mock.mockito.MockitoContextCustomizer@ad3122e0], contextLoader = 'org.springframework.test.context.support.DelegatingSmartContextLoader', parent = [null]]]
23:36:59.067 [Test worker] DEBUG org.springframework.test.context.cache - Spring test ApplicationContext cache statistics: [DefaultContextCache@743c6ce4 size = 1, maxSize = 32, parentContextCount = 0, hitCount = 160, missCount = 1]
23:36:59.067 [Test worker] DEBUG org.springframework.test.context.cache.DefaultCacheAwareContextLoaderDelegate - Retrieved ApplicationContext [974308356] from cache with key [[MergedContextConfiguration@72437d8d testClass = ScheduleServiceTest, locations = '{}', classes = '{class org.waldreg.schedule.management.DefaultScheduleManager}', contextInitializerClasses = '[]', activeProfiles = '{}', propertySourceLocations = '{}', propertySourceProperties = '{}', contextCustomizers = set[org.springframework.boot.test.autoconfigure.actuate.metrics.MetricsExportContextCustomizerFactory$DisableMetricExportContextCustomizer@181e731e, org.springframework.boot.test.autoconfigure.properties.PropertyMappingContextCustomizer@0, org.springframework.boot.test.autoconfigure.web.servlet.WebDriverContextCustomizerFactory$Customizer@479460a6, org.springframework.boot.test.context.filter.ExcludeFilterContextCustomizer@68702e03, org.springframework.boot.test.json.DuplicateJsonObjectContextCustomizerFactory$DuplicateJsonObjectContextCustomizer@338c99c8, org.springframework.boot.test.mock.mockito.MockitoContextCustomizer@ad3122e0], contextLoader = 'org.springframework.test.context.support.DelegatingSmartContextLoader', parent = [null]]]
23:36:59.067 [Test worker] DEBUG org.springframework.test.context.cache - Spring test ApplicationContext cache statistics: [DefaultContextCache@743c6ce4 size = 1, maxSize = 32, parentContextCount = 0, hitCount = 161, missCount = 1]
23:36:59.068 [Test worker] DEBUG org.springframework.test.context.cache.DefaultCacheAwareContextLoaderDelegate - Retrieved ApplicationContext [974308356] from cache with key [[MergedContextConfiguration@72437d8d testClass = ScheduleServiceTest, locations = '{}', classes = '{class org.waldreg.schedule.management.DefaultScheduleManager}', contextInitializerClasses = '[]', activeProfiles = '{}', propertySourceLocations = '{}', propertySourceProperties = '{}', contextCustomizers = set[org.springframework.boot.test.autoconfigure.actuate.metrics.MetricsExportContextCustomizerFactory$DisableMetricExportContextCustomizer@181e731e, org.springframework.boot.test.autoconfigure.properties.PropertyMappingContextCustomizer@0, org.springframework.boot.test.autoconfigure.web.servlet.WebDriverContextCustomizerFactory$Customizer@479460a6, org.springframework.boot.test.context.filter.ExcludeFilterContextCustomizer@68702e03, org.springframework.boot.test.json.DuplicateJsonObjectContextCustomizerFactory$DuplicateJsonObjectContextCustomizer@338c99c8, org.springframework.boot.test.mock.mockito.MockitoContextCustomizer@ad3122e0], contextLoader = 'org.springframework.test.context.support.DelegatingSmartContextLoader', parent = [null]]]
23:36:59.068 [Test worker] DEBUG org.springframework.test.context.cache - Spring test ApplicationContext cache statistics: [DefaultContextCache@743c6ce4 size = 1, maxSize = 32, parentContextCount = 0, hitCount = 162, missCount = 1]
23:36:59.068 [Test worker] DEBUG org.springframework.test.context.cache.DefaultCacheAwareContextLoaderDelegate - Retrieved ApplicationContext [974308356] from cache with key [[MergedContextConfiguration@72437d8d testClass = ScheduleServiceTest, locations = '{}', classes = '{class org.waldreg.schedule.management.DefaultScheduleManager}', contextInitializerClasses = '[]', activeProfiles = '{}', propertySourceLocations = '{}', propertySourceProperties = '{}', contextCustomizers = set[org.springframework.boot.test.autoconfigure.actuate.metrics.MetricsExportContextCustomizerFactory$DisableMetricExportContextCustomizer@181e731e, org.springframework.boot.test.autoconfigure.properties.PropertyMappingContextCustomizer@0, org.springframework.boot.test.autoconfigure.web.servlet.WebDriverContextCustomizerFactory$Customizer@479460a6, org.springframework.boot.test.context.filter.ExcludeFilterContextCustomizer@68702e03, org.springframework.boot.test.json.DuplicateJsonObjectContextCustomizerFactory$DuplicateJsonObjectContextCustomizer@338c99c8, org.springframework.boot.test.mock.mockito.MockitoContextCustomizer@ad3122e0], contextLoader = 'org.springframework.test.context.support.DelegatingSmartContextLoader', parent = [null]]]
23:36:59.068 [Test worker] DEBUG org.springframework.test.context.cache - Spring test ApplicationContext cache statistics: [DefaultContextCache@743c6ce4 size = 1, maxSize = 32, parentContextCount = 0, hitCount = 163, missCount = 1]
23:36:59.068 [Test worker] DEBUG org.springframework.test.context.cache.DefaultCacheAwareContextLoaderDelegate - Retrieved ApplicationContext [974308356] from cache with key [[MergedContextConfiguration@72437d8d testClass = ScheduleServiceTest, locations = '{}', classes = '{class org.waldreg.schedule.management.DefaultScheduleManager}', contextInitializerClasses = '[]', activeProfiles = '{}', propertySourceLocations = '{}', propertySourceProperties = '{}', contextCustomizers = set[org.springframework.boot.test.autoconfigure.actuate.metrics.MetricsExportContextCustomizerFactory$DisableMetricExportContextCustomizer@181e731e, org.springframework.boot.test.autoconfigure.properties.PropertyMappingContextCustomizer@0, org.springframework.boot.test.autoconfigure.web.servlet.WebDriverContextCustomizerFactory$Customizer@479460a6, org.springframework.boot.test.context.filter.ExcludeFilterContextCustomizer@68702e03, org.springframework.boot.test.json.DuplicateJsonObjectContextCustomizerFactory$DuplicateJsonObjectContextCustomizer@338c99c8, org.springframework.boot.test.mock.mockito.MockitoContextCustomizer@ad3122e0], contextLoader = 'org.springframework.test.context.support.DelegatingSmartContextLoader', parent = [null]]]
23:36:59.068 [Test worker] DEBUG org.springframework.test.context.cache - Spring test ApplicationContext cache statistics: [DefaultContextCache@743c6ce4 size = 1, maxSize = 32, parentContextCount = 0, hitCount = 164, missCount = 1]
23:36:59.068 [Test worker] DEBUG org.springframework.test.context.cache.DefaultCacheAwareContextLoaderDelegate - Retrieved ApplicationContext [974308356] from cache with key [[MergedContextConfiguration@72437d8d testClass = ScheduleServiceTest, locations = '{}', classes = '{class org.waldreg.schedule.management.DefaultScheduleManager}', contextInitializerClasses = '[]', activeProfiles = '{}', propertySourceLocations = '{}', propertySourceProperties = '{}', contextCustomizers = set[org.springframework.boot.test.autoconfigure.actuate.metrics.MetricsExportContextCustomizerFactory$DisableMetricExportContextCustomizer@181e731e, org.springframework.boot.test.autoconfigure.properties.PropertyMappingContextCustomizer@0, org.springframework.boot.test.autoconfigure.web.servlet.WebDriverContextCustomizerFactory$Customizer@479460a6, org.springframework.boot.test.context.filter.ExcludeFilterContextCustomizer@68702e03, org.springframework.boot.test.json.DuplicateJsonObjectContextCustomizerFactory$DuplicateJsonObjectContextCustomizer@338c99c8, org.springframework.boot.test.mock.mockito.MockitoContextCustomizer@ad3122e0], contextLoader = 'org.springframework.test.context.support.DelegatingSmartContextLoader', parent = [null]]]
23:36:59.068 [Test worker] DEBUG org.springframework.test.context.cache - Spring test ApplicationContext cache statistics: [DefaultContextCache@743c6ce4 size = 1, maxSize = 32, parentContextCount = 0, hitCount = 165, missCount = 1]
23:36:59.068 [Test worker] DEBUG org.springframework.test.context.cache.DefaultCacheAwareContextLoaderDelegate - Retrieved ApplicationContext [974308356] from cache with key [[MergedContextConfiguration@72437d8d testClass = ScheduleServiceTest, locations = '{}', classes = '{class org.waldreg.schedule.management.DefaultScheduleManager}', contextInitializerClasses = '[]', activeProfiles = '{}', propertySourceLocations = '{}', propertySourceProperties = '{}', contextCustomizers = set[org.springframework.boot.test.autoconfigure.actuate.metrics.MetricsExportContextCustomizerFactory$DisableMetricExportContextCustomizer@181e731e, org.springframework.boot.test.autoconfigure.properties.PropertyMappingContextCustomizer@0, org.springframework.boot.test.autoconfigure.web.servlet.WebDriverContextCustomizerFactory$Customizer@479460a6, org.springframework.boot.test.context.filter.ExcludeFilterContextCustomizer@68702e03, org.springframework.boot.test.json.DuplicateJsonObjectContextCustomizerFactory$DuplicateJsonObjectContextCustomizer@338c99c8, org.springframework.boot.test.mock.mockito.MockitoContextCustomizer@ad3122e0], contextLoader = 'org.springframework.test.context.support.DelegatingSmartContextLoader', parent = [null]]]
23:36:59.068 [Test worker] DEBUG org.springframework.test.context.cache - Spring test ApplicationContext cache statistics: [DefaultContextCache@743c6ce4 size = 1, maxSize = 32, parentContextCount = 0, hitCount = 166, missCount = 1]
23:36:59.069 [Test worker] DEBUG org.springframework.test.context.cache.DefaultCacheAwareContextLoaderDelegate - Retrieved ApplicationContext [974308356] from cache with key [[MergedContextConfiguration@72437d8d testClass = ScheduleServiceTest, locations = '{}', classes = '{class org.waldreg.schedule.management.DefaultScheduleManager}', contextInitializerClasses = '[]', activeProfiles = '{}', propertySourceLocations = '{}', propertySourceProperties = '{}', contextCustomizers = set[org.springframework.boot.test.autoconfigure.actuate.metrics.MetricsExportContextCustomizerFactory$DisableMetricExportContextCustomizer@181e731e, org.springframework.boot.test.autoconfigure.properties.PropertyMappingContextCustomizer@0, org.springframework.boot.test.autoconfigure.web.servlet.WebDriverContextCustomizerFactory$Customizer@479460a6, org.springframework.boot.test.context.filter.ExcludeFilterContextCustomizer@68702e03, org.springframework.boot.test.json.DuplicateJsonObjectContextCustomizerFactory$DuplicateJsonObjectContextCustomizer@338c99c8, org.springframework.boot.test.mock.mockito.MockitoContextCustomizer@ad3122e0], contextLoader = 'org.springframework.test.context.support.DelegatingSmartContextLoader', parent = [null]]]
23:36:59.069 [Test worker] DEBUG org.springframework.test.context.cache - Spring test ApplicationContext cache statistics: [DefaultContextCache@743c6ce4 size = 1, maxSize = 32, parentContextCount = 0, hitCount = 167, missCount = 1]
23:36:59.069 [Test worker] DEBUG org.springframework.test.context.support.AbstractDirtiesContextTestExecutionListener - After test method: context [DefaultTestContext@1c481ff2 testClass = ScheduleServiceTest, testInstance = org.waldreg.schedule.ScheduleServiceTest@33d53216, testMethod = UPDATE_SCHEDULE_SUCCESS_TEST@ScheduleServiceTest, testException = [null], mergedContextConfiguration = [MergedContextConfiguration@72437d8d testClass = ScheduleServiceTest, locations = '{}', classes = '{class org.waldreg.schedule.management.DefaultScheduleManager}', contextInitializerClasses = '[]', activeProfiles = '{}', propertySourceLocations = '{}', propertySourceProperties = '{}', contextCustomizers = set[org.springframework.boot.test.autoconfigure.actuate.metrics.MetricsExportContextCustomizerFactory$DisableMetricExportContextCustomizer@181e731e, org.springframework.boot.test.autoconfigure.properties.PropertyMappingContextCustomizer@0, org.springframework.boot.test.autoconfigure.web.servlet.WebDriverContextCustomizerFactory$Customizer@479460a6, org.springframework.boot.test.context.filter.ExcludeFilterContextCustomizer@68702e03, org.springframework.boot.test.json.DuplicateJsonObjectContextCustomizerFactory$DuplicateJsonObjectContextCustomizer@338c99c8, org.springframework.boot.test.mock.mockito.MockitoContextCustomizer@ad3122e0], contextLoader = 'org.springframework.test.context.support.DelegatingSmartContextLoader', parent = [null]], attributes = map['org.springframework.test.context.event.ApplicationEventsTestExecutionListener.recordApplicationEvents' -> false]], class annotated with @DirtiesContext [false] with mode [null], method annotated with @DirtiesContext [false] with mode [null].
23:36:59.069 [Test worker] DEBUG org.springframework.test.context.cache.DefaultCacheAwareContextLoaderDelegate - Retrieved ApplicationContext [974308356] from cache with key [[MergedContextConfiguration@72437d8d testClass = ScheduleServiceTest, locations = '{}', classes = '{class org.waldreg.schedule.management.DefaultScheduleManager}', contextInitializerClasses = '[]', activeProfiles = '{}', propertySourceLocations = '{}', propertySourceProperties = '{}', contextCustomizers = set[org.springframework.boot.test.autoconfigure.actuate.metrics.MetricsExportContextCustomizerFactory$DisableMetricExportContextCustomizer@181e731e, org.springframework.boot.test.autoconfigure.properties.PropertyMappingContextCustomizer@0, org.springframework.boot.test.autoconfigure.web.servlet.WebDriverContextCustomizerFactory$Customizer@479460a6, org.springframework.boot.test.context.filter.ExcludeFilterContextCustomizer@68702e03, org.springframework.boot.test.json.DuplicateJsonObjectContextCustomizerFactory$DuplicateJsonObjectContextCustomizer@338c99c8, org.springframework.boot.test.mock.mockito.MockitoContextCustomizer@ad3122e0], contextLoader = 'org.springframework.test.context.support.DelegatingSmartContextLoader', parent = [null]]]
23:36:59.069 [Test worker] DEBUG org.springframework.test.context.cache - Spring test ApplicationContext cache statistics: [DefaultContextCache@743c6ce4 size = 1, maxSize = 32, parentContextCount = 0, hitCount = 168, missCount = 1]
23:36:59.069 [Test worker] DEBUG org.springframework.test.context.support.DependencyInjectionTestExecutionListener - Performing dependency injection for test context [[DefaultTestContext@1c481ff2 testClass = ScheduleServiceTest, testInstance = org.waldreg.schedule.ScheduleServiceTest@1d0a61c8, testMethod = [null], testException = [null], mergedContextConfiguration = [MergedContextConfiguration@72437d8d testClass = ScheduleServiceTest, locations = '{}', classes = '{class org.waldreg.schedule.management.DefaultScheduleManager}', contextInitializerClasses = '[]', activeProfiles = '{}', propertySourceLocations = '{}', propertySourceProperties = '{}', contextCustomizers = set[org.springframework.boot.test.autoconfigure.actuate.metrics.MetricsExportContextCustomizerFactory$DisableMetricExportContextCustomizer@181e731e, org.springframework.boot.test.autoconfigure.properties.PropertyMappingContextCustomizer@0, org.springframework.boot.test.autoconfigure.web.servlet.WebDriverContextCustomizerFactory$Customizer@479460a6, org.springframework.boot.test.context.filter.ExcludeFilterContextCustomizer@68702e03, org.springframework.boot.test.json.DuplicateJsonObjectContextCustomizerFactory$DuplicateJsonObjectContextCustomizer@338c99c8, org.springframework.boot.test.mock.mockito.MockitoContextCustomizer@ad3122e0], contextLoader = 'org.springframework.test.context.support.DelegatingSmartContextLoader', parent = [null]], attributes = map['org.springframework.test.context.event.ApplicationEventsTestExecutionListener.recordApplicationEvents' -> false]]].
23:36:59.069 [Test worker] DEBUG org.springframework.test.context.cache.DefaultCacheAwareContextLoaderDelegate - Retrieved ApplicationContext [974308356] from cache with key [[MergedContextConfiguration@72437d8d testClass = ScheduleServiceTest, locations = '{}', classes = '{class org.waldreg.schedule.management.DefaultScheduleManager}', contextInitializerClasses = '[]', activeProfiles = '{}', propertySourceLocations = '{}', propertySourceProperties = '{}', contextCustomizers = set[org.springframework.boot.test.autoconfigure.actuate.metrics.MetricsExportContextCustomizerFactory$DisableMetricExportContextCustomizer@181e731e, org.springframework.boot.test.autoconfigure.properties.PropertyMappingContextCustomizer@0, org.springframework.boot.test.autoconfigure.web.servlet.WebDriverContextCustomizerFactory$Customizer@479460a6, org.springframework.boot.test.context.filter.ExcludeFilterContextCustomizer@68702e03, org.springframework.boot.test.json.DuplicateJsonObjectContextCustomizerFactory$DuplicateJsonObjectContextCustomizer@338c99c8, org.springframework.boot.test.mock.mockito.MockitoContextCustomizer@ad3122e0], contextLoader = 'org.springframework.test.context.support.DelegatingSmartContextLoader', parent = [null]]]
23:36:59.069 [Test worker] DEBUG org.springframework.test.context.cache - Spring test ApplicationContext cache statistics: [DefaultContextCache@743c6ce4 size = 1, maxSize = 32, parentContextCount = 0, hitCount = 169, missCount = 1]
23:36:59.069 [Test worker] DEBUG org.springframework.test.context.cache.DefaultCacheAwareContextLoaderDelegate - Retrieved ApplicationContext [974308356] from cache with key [[MergedContextConfiguration@72437d8d testClass = ScheduleServiceTest, locations = '{}', classes = '{class org.waldreg.schedule.management.DefaultScheduleManager}', contextInitializerClasses = '[]', activeProfiles = '{}', propertySourceLocations = '{}', propertySourceProperties = '{}', contextCustomizers = set[org.springframework.boot.test.autoconfigure.actuate.metrics.MetricsExportContextCustomizerFactory$DisableMetricExportContextCustomizer@181e731e, org.springframework.boot.test.autoconfigure.properties.PropertyMappingContextCustomizer@0, org.springframework.boot.test.autoconfigure.web.servlet.WebDriverContextCustomizerFactory$Customizer@479460a6, org.springframework.boot.test.context.filter.ExcludeFilterContextCustomizer@68702e03, org.springframework.boot.test.json.DuplicateJsonObjectContextCustomizerFactory$DuplicateJsonObjectContextCustomizer@338c99c8, org.springframework.boot.test.mock.mockito.MockitoContextCustomizer@ad3122e0], contextLoader = 'org.springframework.test.context.support.DelegatingSmartContextLoader', parent = [null]]]
23:36:59.069 [Test worker] DEBUG org.springframework.test.context.cache - Spring test ApplicationContext cache statistics: [DefaultContextCache@743c6ce4 size = 1, maxSize = 32, parentContextCount = 0, hitCount = 170, missCount = 1]
23:36:59.070 [Test worker] DEBUG org.springframework.test.context.support.AbstractDirtiesContextTestExecutionListener - Before test method: context [DefaultTestContext@1c481ff2 testClass = ScheduleServiceTest, testInstance = org.waldreg.schedule.ScheduleServiceTest@1d0a61c8, testMethod = DELETE_SCHEDULE_BY_ID_SUCCESS_TEST@ScheduleServiceTest, testException = [null], mergedContextConfiguration = [MergedContextConfiguration@72437d8d testClass = ScheduleServiceTest, locations = '{}', classes = '{class org.waldreg.schedule.management.DefaultScheduleManager}', contextInitializerClasses = '[]', activeProfiles = '{}', propertySourceLocations = '{}', propertySourceProperties = '{}', contextCustomizers = set[org.springframework.boot.test.autoconfigure.actuate.metrics.MetricsExportContextCustomizerFactory$DisableMetricExportContextCustomizer@181e731e, org.springframework.boot.test.autoconfigure.properties.PropertyMappingContextCustomizer@0, org.springframework.boot.test.autoconfigure.web.servlet.WebDriverContextCustomizerFactory$Customizer@479460a6, org.springframework.boot.test.context.filter.ExcludeFilterContextCustomizer@68702e03, org.springframework.boot.test.json.DuplicateJsonObjectContextCustomizerFactory$DuplicateJsonObjectContextCustomizer@338c99c8, org.springframework.boot.test.mock.mockito.MockitoContextCustomizer@ad3122e0], contextLoader = 'org.springframework.test.context.support.DelegatingSmartContextLoader', parent = [null]], attributes = map['org.springframework.test.context.event.ApplicationEventsTestExecutionListener.recordApplicationEvents' -> false]], class annotated with @DirtiesContext [false] with mode [null], method annotated with @DirtiesContext [false] with mode [null].
23:36:59.070 [Test worker] DEBUG org.springframework.test.context.cache.DefaultCacheAwareContextLoaderDelegate - Retrieved ApplicationContext [974308356] from cache with key [[MergedContextConfiguration@72437d8d testClass = ScheduleServiceTest, locations = '{}', classes = '{class org.waldreg.schedule.management.DefaultScheduleManager}', contextInitializerClasses = '[]', activeProfiles = '{}', propertySourceLocations = '{}', propertySourceProperties = '{}', contextCustomizers = set[org.springframework.boot.test.autoconfigure.actuate.metrics.MetricsExportContextCustomizerFactory$DisableMetricExportContextCustomizer@181e731e, org.springframework.boot.test.autoconfigure.properties.PropertyMappingContextCustomizer@0, org.springframework.boot.test.autoconfigure.web.servlet.WebDriverContextCustomizerFactory$Customizer@479460a6, org.springframework.boot.test.context.filter.ExcludeFilterContextCustomizer@68702e03, org.springframework.boot.test.json.DuplicateJsonObjectContextCustomizerFactory$DuplicateJsonObjectContextCustomizer@338c99c8, org.springframework.boot.test.mock.mockito.MockitoContextCustomizer@ad3122e0], contextLoader = 'org.springframework.test.context.support.DelegatingSmartContextLoader', parent = [null]]]
23:36:59.070 [Test worker] DEBUG org.springframework.test.context.cache - Spring test ApplicationContext cache statistics: [DefaultContextCache@743c6ce4 size = 1, maxSize = 32, parentContextCount = 0, hitCount = 171, missCount = 1]
23:36:59.070 [Test worker] DEBUG org.springframework.test.context.cache.DefaultCacheAwareContextLoaderDelegate - Retrieved ApplicationContext [974308356] from cache with key [[MergedContextConfiguration@72437d8d testClass = ScheduleServiceTest, locations = '{}', classes = '{class org.waldreg.schedule.management.DefaultScheduleManager}', contextInitializerClasses = '[]', activeProfiles = '{}', propertySourceLocations = '{}', propertySourceProperties = '{}', contextCustomizers = set[org.springframework.boot.test.autoconfigure.actuate.metrics.MetricsExportContextCustomizerFactory$DisableMetricExportContextCustomizer@181e731e, org.springframework.boot.test.autoconfigure.properties.PropertyMappingContextCustomizer@0, org.springframework.boot.test.autoconfigure.web.servlet.WebDriverContextCustomizerFactory$Customizer@479460a6, org.springframework.boot.test.context.filter.ExcludeFilterContextCustomizer@68702e03, org.springframework.boot.test.json.DuplicateJsonObjectContextCustomizerFactory$DuplicateJsonObjectContextCustomizer@338c99c8, org.springframework.boot.test.mock.mockito.MockitoContextCustomizer@ad3122e0], contextLoader = 'org.springframework.test.context.support.DelegatingSmartContextLoader', parent = [null]]]
23:36:59.070 [Test worker] DEBUG org.springframework.test.context.cache - Spring test ApplicationContext cache statistics: [DefaultContextCache@743c6ce4 size = 1, maxSize = 32, parentContextCount = 0, hitCount = 172, missCount = 1]
23:36:59.070 [Test worker] DEBUG org.springframework.test.context.cache.DefaultCacheAwareContextLoaderDelegate - Retrieved ApplicationContext [974308356] from cache with key [[MergedContextConfiguration@72437d8d testClass = ScheduleServiceTest, locations = '{}', classes = '{class org.waldreg.schedule.management.DefaultScheduleManager}', contextInitializerClasses = '[]', activeProfiles = '{}', propertySourceLocations = '{}', propertySourceProperties = '{}', contextCustomizers = set[org.springframework.boot.test.autoconfigure.actuate.metrics.MetricsExportContextCustomizerFactory$DisableMetricExportContextCustomizer@181e731e, org.springframework.boot.test.autoconfigure.properties.PropertyMappingContextCustomizer@0, org.springframework.boot.test.autoconfigure.web.servlet.WebDriverContextCustomizerFactory$Customizer@479460a6, org.springframework.boot.test.context.filter.ExcludeFilterContextCustomizer@68702e03, org.springframework.boot.test.json.DuplicateJsonObjectContextCustomizerFactory$DuplicateJsonObjectContextCustomizer@338c99c8, org.springframework.boot.test.mock.mockito.MockitoContextCustomizer@ad3122e0], contextLoader = 'org.springframework.test.context.support.DelegatingSmartContextLoader', parent = [null]]]
23:36:59.070 [Test worker] DEBUG org.springframework.test.context.cache - Spring test ApplicationContext cache statistics: [DefaultContextCache@743c6ce4 size = 1, maxSize = 32, parentContextCount = 0, hitCount = 173, missCount = 1]
23:36:59.071 [Test worker] DEBUG org.springframework.test.context.cache.DefaultCacheAwareContextLoaderDelegate - Retrieved ApplicationContext [974308356] from cache with key [[MergedContextConfiguration@72437d8d testClass = ScheduleServiceTest, locations = '{}', classes = '{class org.waldreg.schedule.management.DefaultScheduleManager}', contextInitializerClasses = '[]', activeProfiles = '{}', propertySourceLocations = '{}', propertySourceProperties = '{}', contextCustomizers = set[org.springframework.boot.test.autoconfigure.actuate.metrics.MetricsExportContextCustomizerFactory$DisableMetricExportContextCustomizer@181e731e, org.springframework.boot.test.autoconfigure.properties.PropertyMappingContextCustomizer@0, org.springframework.boot.test.autoconfigure.web.servlet.WebDriverContextCustomizerFactory$Customizer@479460a6, org.springframework.boot.test.context.filter.ExcludeFilterContextCustomizer@68702e03, org.springframework.boot.test.json.DuplicateJsonObjectContextCustomizerFactory$DuplicateJsonObjectContextCustomizer@338c99c8, org.springframework.boot.test.mock.mockito.MockitoContextCustomizer@ad3122e0], contextLoader = 'org.springframework.test.context.support.DelegatingSmartContextLoader', parent = [null]]]
23:36:59.071 [Test worker] DEBUG org.springframework.test.context.cache - Spring test ApplicationContext cache statistics: [DefaultContextCache@743c6ce4 size = 1, maxSize = 32, parentContextCount = 0, hitCount = 174, missCount = 1]
23:36:59.071 [Test worker] DEBUG org.springframework.test.context.cache.DefaultCacheAwareContextLoaderDelegate - Retrieved ApplicationContext [974308356] from cache with key [[MergedContextConfiguration@72437d8d testClass = ScheduleServiceTest, locations = '{}', classes = '{class org.waldreg.schedule.management.DefaultScheduleManager}', contextInitializerClasses = '[]', activeProfiles = '{}', propertySourceLocations = '{}', propertySourceProperties = '{}', contextCustomizers = set[org.springframework.boot.test.autoconfigure.actuate.metrics.MetricsExportContextCustomizerFactory$DisableMetricExportContextCustomizer@181e731e, org.springframework.boot.test.autoconfigure.properties.PropertyMappingContextCustomizer@0, org.springframework.boot.test.autoconfigure.web.servlet.WebDriverContextCustomizerFactory$Customizer@479460a6, org.springframework.boot.test.context.filter.ExcludeFilterContextCustomizer@68702e03, org.springframework.boot.test.json.DuplicateJsonObjectContextCustomizerFactory$DuplicateJsonObjectContextCustomizer@338c99c8, org.springframework.boot.test.mock.mockito.MockitoContextCustomizer@ad3122e0], contextLoader = 'org.springframework.test.context.support.DelegatingSmartContextLoader', parent = [null]]]
23:36:59.071 [Test worker] DEBUG org.springframework.test.context.cache - Spring test ApplicationContext cache statistics: [DefaultContextCache@743c6ce4 size = 1, maxSize = 32, parentContextCount = 0, hitCount = 175, missCount = 1]
23:36:59.071 [Test worker] DEBUG org.springframework.test.context.cache.DefaultCacheAwareContextLoaderDelegate - Retrieved ApplicationContext [974308356] from cache with key [[MergedContextConfiguration@72437d8d testClass = ScheduleServiceTest, locations = '{}', classes = '{class org.waldreg.schedule.management.DefaultScheduleManager}', contextInitializerClasses = '[]', activeProfiles = '{}', propertySourceLocations = '{}', propertySourceProperties = '{}', contextCustomizers = set[org.springframework.boot.test.autoconfigure.actuate.metrics.MetricsExportContextCustomizerFactory$DisableMetricExportContextCustomizer@181e731e, org.springframework.boot.test.autoconfigure.properties.PropertyMappingContextCustomizer@0, org.springframework.boot.test.autoconfigure.web.servlet.WebDriverContextCustomizerFactory$Customizer@479460a6, org.springframework.boot.test.context.filter.ExcludeFilterContextCustomizer@68702e03, org.springframework.boot.test.json.DuplicateJsonObjectContextCustomizerFactory$DuplicateJsonObjectContextCustomizer@338c99c8, org.springframework.boot.test.mock.mockito.MockitoContextCustomizer@ad3122e0], contextLoader = 'org.springframework.test.context.support.DelegatingSmartContextLoader', parent = [null]]]
23:36:59.071 [Test worker] DEBUG org.springframework.test.context.cache - Spring test ApplicationContext cache statistics: [DefaultContextCache@743c6ce4 size = 1, maxSize = 32, parentContextCount = 0, hitCount = 176, missCount = 1]
23:36:59.071 [Test worker] DEBUG org.springframework.test.context.cache.DefaultCacheAwareContextLoaderDelegate - Retrieved ApplicationContext [974308356] from cache with key [[MergedContextConfiguration@72437d8d testClass = ScheduleServiceTest, locations = '{}', classes = '{class org.waldreg.schedule.management.DefaultScheduleManager}', contextInitializerClasses = '[]', activeProfiles = '{}', propertySourceLocations = '{}', propertySourceProperties = '{}', contextCustomizers = set[org.springframework.boot.test.autoconfigure.actuate.metrics.MetricsExportContextCustomizerFactory$DisableMetricExportContextCustomizer@181e731e, org.springframework.boot.test.autoconfigure.properties.PropertyMappingContextCustomizer@0, org.springframework.boot.test.autoconfigure.web.servlet.WebDriverContextCustomizerFactory$Customizer@479460a6, org.springframework.boot.test.context.filter.ExcludeFilterContextCustomizer@68702e03, org.springframework.boot.test.json.DuplicateJsonObjectContextCustomizerFactory$DuplicateJsonObjectContextCustomizer@338c99c8, org.springframework.boot.test.mock.mockito.MockitoContextCustomizer@ad3122e0], contextLoader = 'org.springframework.test.context.support.DelegatingSmartContextLoader', parent = [null]]]
23:36:59.071 [Test worker] DEBUG org.springframework.test.context.cache - Spring test ApplicationContext cache statistics: [DefaultContextCache@743c6ce4 size = 1, maxSize = 32, parentContextCount = 0, hitCount = 177, missCount = 1]
23:36:59.071 [Test worker] DEBUG org.springframework.test.context.cache.DefaultCacheAwareContextLoaderDelegate - Retrieved ApplicationContext [974308356] from cache with key [[MergedContextConfiguration@72437d8d testClass = ScheduleServiceTest, locations = '{}', classes = '{class org.waldreg.schedule.management.DefaultScheduleManager}', contextInitializerClasses = '[]', activeProfiles = '{}', propertySourceLocations = '{}', propertySourceProperties = '{}', contextCustomizers = set[org.springframework.boot.test.autoconfigure.actuate.metrics.MetricsExportContextCustomizerFactory$DisableMetricExportContextCustomizer@181e731e, org.springframework.boot.test.autoconfigure.properties.PropertyMappingContextCustomizer@0, org.springframework.boot.test.autoconfigure.web.servlet.WebDriverContextCustomizerFactory$Customizer@479460a6, org.springframework.boot.test.context.filter.ExcludeFilterContextCustomizer@68702e03, org.springframework.boot.test.json.DuplicateJsonObjectContextCustomizerFactory$DuplicateJsonObjectContextCustomizer@338c99c8, org.springframework.boot.test.mock.mockito.MockitoContextCustomizer@ad3122e0], contextLoader = 'org.springframework.test.context.support.DelegatingSmartContextLoader', parent = [null]]]
23:36:59.071 [Test worker] DEBUG org.springframework.test.context.cache - Spring test ApplicationContext cache statistics: [DefaultContextCache@743c6ce4 size = 1, maxSize = 32, parentContextCount = 0, hitCount = 178, missCount = 1]
23:36:59.071 [Test worker] DEBUG org.springframework.test.context.cache.DefaultCacheAwareContextLoaderDelegate - Retrieved ApplicationContext [974308356] from cache with key [[MergedContextConfiguration@72437d8d testClass = ScheduleServiceTest, locations = '{}', classes = '{class org.waldreg.schedule.management.DefaultScheduleManager}', contextInitializerClasses = '[]', activeProfiles = '{}', propertySourceLocations = '{}', propertySourceProperties = '{}', contextCustomizers = set[org.springframework.boot.test.autoconfigure.actuate.metrics.MetricsExportContextCustomizerFactory$DisableMetricExportContextCustomizer@181e731e, org.springframework.boot.test.autoconfigure.properties.PropertyMappingContextCustomizer@0, org.springframework.boot.test.autoconfigure.web.servlet.WebDriverContextCustomizerFactory$Customizer@479460a6, org.springframework.boot.test.context.filter.ExcludeFilterContextCustomizer@68702e03, org.springframework.boot.test.json.DuplicateJsonObjectContextCustomizerFactory$DuplicateJsonObjectContextCustomizer@338c99c8, org.springframework.boot.test.mock.mockito.MockitoContextCustomizer@ad3122e0], contextLoader = 'org.springframework.test.context.support.DelegatingSmartContextLoader', parent = [null]]]
23:36:59.071 [Test worker] DEBUG org.springframework.test.context.cache - Spring test ApplicationContext cache statistics: [DefaultContextCache@743c6ce4 size = 1, maxSize = 32, parentContextCount = 0, hitCount = 179, missCount = 1]
23:36:59.071 [Test worker] DEBUG org.springframework.test.context.support.AbstractDirtiesContextTestExecutionListener - After test method: context [DefaultTestContext@1c481ff2 testClass = ScheduleServiceTest, testInstance = org.waldreg.schedule.ScheduleServiceTest@1d0a61c8, testMethod = DELETE_SCHEDULE_BY_ID_SUCCESS_TEST@ScheduleServiceTest, testException = [null], mergedContextConfiguration = [MergedContextConfiguration@72437d8d testClass = ScheduleServiceTest, locations = '{}', classes = '{class org.waldreg.schedule.management.DefaultScheduleManager}', contextInitializerClasses = '[]', activeProfiles = '{}', propertySourceLocations = '{}', propertySourceProperties = '{}', contextCustomizers = set[org.springframework.boot.test.autoconfigure.actuate.metrics.MetricsExportContextCustomizerFactory$DisableMetricExportContextCustomizer@181e731e, org.springframework.boot.test.autoconfigure.properties.PropertyMappingContextCustomizer@0, org.springframework.boot.test.autoconfigure.web.servlet.WebDriverContextCustomizerFactory$Customizer@479460a6, org.springframework.boot.test.context.filter.ExcludeFilterContextCustomizer@68702e03, org.springframework.boot.test.json.DuplicateJsonObjectContextCustomizerFactory$DuplicateJsonObjectContextCustomizer@338c99c8, org.springframework.boot.test.mock.mockito.MockitoContextCustomizer@ad3122e0], contextLoader = 'org.springframework.test.context.support.DelegatingSmartContextLoader', parent = [null]], attributes = map['org.springframework.test.context.event.ApplicationEventsTestExecutionListener.recordApplicationEvents' -> false]], class annotated with @DirtiesContext [false] with mode [null], method annotated with @DirtiesContext [false] with mode [null].
23:36:59.072 [Test worker] DEBUG org.springframework.test.context.cache.DefaultCacheAwareContextLoaderDelegate - Retrieved ApplicationContext [974308356] from cache with key [[MergedContextConfiguration@72437d8d testClass = ScheduleServiceTest, locations = '{}', classes = '{class org.waldreg.schedule.management.DefaultScheduleManager}', contextInitializerClasses = '[]', activeProfiles = '{}', propertySourceLocations = '{}', propertySourceProperties = '{}', contextCustomizers = set[org.springframework.boot.test.autoconfigure.actuate.metrics.MetricsExportContextCustomizerFactory$DisableMetricExportContextCustomizer@181e731e, org.springframework.boot.test.autoconfigure.properties.PropertyMappingContextCustomizer@0, org.springframework.boot.test.autoconfigure.web.servlet.WebDriverContextCustomizerFactory$Customizer@479460a6, org.springframework.boot.test.context.filter.ExcludeFilterContextCustomizer@68702e03, org.springframework.boot.test.json.DuplicateJsonObjectContextCustomizerFactory$DuplicateJsonObjectContextCustomizer@338c99c8, org.springframework.boot.test.mock.mockito.MockitoContextCustomizer@ad3122e0], contextLoader = 'org.springframework.test.context.support.DelegatingSmartContextLoader', parent = [null]]]
23:36:59.072 [Test worker] DEBUG org.springframework.test.context.cache - Spring test ApplicationContext cache statistics: [DefaultContextCache@743c6ce4 size = 1, maxSize = 32, parentContextCount = 0, hitCount = 180, missCount = 1]
23:36:59.072 [Test worker] DEBUG org.springframework.test.context.support.DependencyInjectionTestExecutionListener - Performing dependency injection for test context [[DefaultTestContext@1c481ff2 testClass = ScheduleServiceTest, testInstance = org.waldreg.schedule.ScheduleServiceTest@2de50ee4, testMethod = [null], testException = [null], mergedContextConfiguration = [MergedContextConfiguration@72437d8d testClass = ScheduleServiceTest, locations = '{}', classes = '{class org.waldreg.schedule.management.DefaultScheduleManager}', contextInitializerClasses = '[]', activeProfiles = '{}', propertySourceLocations = '{}', propertySourceProperties = '{}', contextCustomizers = set[org.springframework.boot.test.autoconfigure.actuate.metrics.MetricsExportContextCustomizerFactory$DisableMetricExportContextCustomizer@181e731e, org.springframework.boot.test.autoconfigure.properties.PropertyMappingContextCustomizer@0, org.springframework.boot.test.autoconfigure.web.servlet.WebDriverContextCustomizerFactory$Customizer@479460a6, org.springframework.boot.test.context.filter.ExcludeFilterContextCustomizer@68702e03, org.springframework.boot.test.json.DuplicateJsonObjectContextCustomizerFactory$DuplicateJsonObjectContextCustomizer@338c99c8, org.springframework.boot.test.mock.mockito.MockitoContextCustomizer@ad3122e0], contextLoader = 'org.springframework.test.context.support.DelegatingSmartContextLoader', parent = [null]], attributes = map['org.springframework.test.context.event.ApplicationEventsTestExecutionListener.recordApplicationEvents' -> false]]].
23:36:59.072 [Test worker] DEBUG org.springframework.test.context.cache.DefaultCacheAwareContextLoaderDelegate - Retrieved ApplicationContext [974308356] from cache with key [[MergedContextConfiguration@72437d8d testClass = ScheduleServiceTest, locations = '{}', classes = '{class org.waldreg.schedule.management.DefaultScheduleManager}', contextInitializerClasses = '[]', activeProfiles = '{}', propertySourceLocations = '{}', propertySourceProperties = '{}', contextCustomizers = set[org.springframework.boot.test.autoconfigure.actuate.metrics.MetricsExportContextCustomizerFactory$DisableMetricExportContextCustomizer@181e731e, org.springframework.boot.test.autoconfigure.properties.PropertyMappingContextCustomizer@0, org.springframework.boot.test.autoconfigure.web.servlet.WebDriverContextCustomizerFactory$Customizer@479460a6, org.springframework.boot.test.context.filter.ExcludeFilterContextCustomizer@68702e03, org.springframework.boot.test.json.DuplicateJsonObjectContextCustomizerFactory$DuplicateJsonObjectContextCustomizer@338c99c8, org.springframework.boot.test.mock.mockito.MockitoContextCustomizer@ad3122e0], contextLoader = 'org.springframework.test.context.support.DelegatingSmartContextLoader', parent = [null]]]
23:36:59.072 [Test worker] DEBUG org.springframework.test.context.cache - Spring test ApplicationContext cache statistics: [DefaultContextCache@743c6ce4 size = 1, maxSize = 32, parentContextCount = 0, hitCount = 181, missCount = 1]
23:36:59.072 [Test worker] DEBUG org.springframework.test.context.cache.DefaultCacheAwareContextLoaderDelegate - Retrieved ApplicationContext [974308356] from cache with key [[MergedContextConfiguration@72437d8d testClass = ScheduleServiceTest, locations = '{}', classes = '{class org.waldreg.schedule.management.DefaultScheduleManager}', contextInitializerClasses = '[]', activeProfiles = '{}', propertySourceLocations = '{}', propertySourceProperties = '{}', contextCustomizers = set[org.springframework.boot.test.autoconfigure.actuate.metrics.MetricsExportContextCustomizerFactory$DisableMetricExportContextCustomizer@181e731e, org.springframework.boot.test.autoconfigure.properties.PropertyMappingContextCustomizer@0, org.springframework.boot.test.autoconfigure.web.servlet.WebDriverContextCustomizerFactory$Customizer@479460a6, org.springframework.boot.test.context.filter.ExcludeFilterContextCustomizer@68702e03, org.springframework.boot.test.json.DuplicateJsonObjectContextCustomizerFactory$DuplicateJsonObjectContextCustomizer@338c99c8, org.springframework.boot.test.mock.mockito.MockitoContextCustomizer@ad3122e0], contextLoader = 'org.springframework.test.context.support.DelegatingSmartContextLoader', parent = [null]]]
23:36:59.072 [Test worker] DEBUG org.springframework.test.context.cache - Spring test ApplicationContext cache statistics: [DefaultContextCache@743c6ce4 size = 1, maxSize = 32, parentContextCount = 0, hitCount = 182, missCount = 1]
23:36:59.072 [Test worker] DEBUG org.springframework.test.context.support.AbstractDirtiesContextTestExecutionListener - Before test method: context [DefaultTestContext@1c481ff2 testClass = ScheduleServiceTest, testInstance = org.waldreg.schedule.ScheduleServiceTest@2de50ee4, testMethod = CREATE_NEW_SCHEDULE_WITHOUT_REPEAT_SUCCESS_TEST@ScheduleServiceTest, testException = [null], mergedContextConfiguration = [MergedContextConfiguration@72437d8d testClass = ScheduleServiceTest, locations = '{}', classes = '{class org.waldreg.schedule.management.DefaultScheduleManager}', contextInitializerClasses = '[]', activeProfiles = '{}', propertySourceLocations = '{}', propertySourceProperties = '{}', contextCustomizers = set[org.springframework.boot.test.autoconfigure.actuate.metrics.MetricsExportContextCustomizerFactory$DisableMetricExportContextCustomizer@181e731e, org.springframework.boot.test.autoconfigure.properties.PropertyMappingContextCustomizer@0, org.springframework.boot.test.autoconfigure.web.servlet.WebDriverContextCustomizerFactory$Customizer@479460a6, org.springframework.boot.test.context.filter.ExcludeFilterContextCustomizer@68702e03, org.springframework.boot.test.json.DuplicateJsonObjectContextCustomizerFactory$DuplicateJsonObjectContextCustomizer@338c99c8, org.springframework.boot.test.mock.mockito.MockitoContextCustomizer@ad3122e0], contextLoader = 'org.springframework.test.context.support.DelegatingSmartContextLoader', parent = [null]], attributes = map['org.springframework.test.context.event.ApplicationEventsTestExecutionListener.recordApplicationEvents' -> false]], class annotated with @DirtiesContext [false] with mode [null], method annotated with @DirtiesContext [false] with mode [null].
23:36:59.072 [Test worker] DEBUG org.springframework.test.context.cache.DefaultCacheAwareContextLoaderDelegate - Retrieved ApplicationContext [974308356] from cache with key [[MergedContextConfiguration@72437d8d testClass = ScheduleServiceTest, locations = '{}', classes = '{class org.waldreg.schedule.management.DefaultScheduleManager}', contextInitializerClasses = '[]', activeProfiles = '{}', propertySourceLocations = '{}', propertySourceProperties = '{}', contextCustomizers = set[org.springframework.boot.test.autoconfigure.actuate.metrics.MetricsExportContextCustomizerFactory$DisableMetricExportContextCustomizer@181e731e, org.springframework.boot.test.autoconfigure.properties.PropertyMappingContextCustomizer@0, org.springframework.boot.test.autoconfigure.web.servlet.WebDriverContextCustomizerFactory$Customizer@479460a6, org.springframework.boot.test.context.filter.ExcludeFilterContextCustomizer@68702e03, org.springframework.boot.test.json.DuplicateJsonObjectContextCustomizerFactory$DuplicateJsonObjectContextCustomizer@338c99c8, org.springframework.boot.test.mock.mockito.MockitoContextCustomizer@ad3122e0], contextLoader = 'org.springframework.test.context.support.DelegatingSmartContextLoader', parent = [null]]]
23:36:59.072 [Test worker] DEBUG org.springframework.test.context.cache - Spring test ApplicationContext cache statistics: [DefaultContextCache@743c6ce4 size = 1, maxSize = 32, parentContextCount = 0, hitCount = 183, missCount = 1]
23:36:59.072 [Test worker] DEBUG org.springframework.test.context.cache.DefaultCacheAwareContextLoaderDelegate - Retrieved ApplicationContext [974308356] from cache with key [[MergedContextConfiguration@72437d8d testClass = ScheduleServiceTest, locations = '{}', classes = '{class org.waldreg.schedule.management.DefaultScheduleManager}', contextInitializerClasses = '[]', activeProfiles = '{}', propertySourceLocations = '{}', propertySourceProperties = '{}', contextCustomizers = set[org.springframework.boot.test.autoconfigure.actuate.metrics.MetricsExportContextCustomizerFactory$DisableMetricExportContextCustomizer@181e731e, org.springframework.boot.test.autoconfigure.properties.PropertyMappingContextCustomizer@0, org.springframework.boot.test.autoconfigure.web.servlet.WebDriverContextCustomizerFactory$Customizer@479460a6, org.springframework.boot.test.context.filter.ExcludeFilterContextCustomizer@68702e03, org.springframework.boot.test.json.DuplicateJsonObjectContextCustomizerFactory$DuplicateJsonObjectContextCustomizer@338c99c8, org.springframework.boot.test.mock.mockito.MockitoContextCustomizer@ad3122e0], contextLoader = 'org.springframework.test.context.support.DelegatingSmartContextLoader', parent = [null]]]
23:36:59.072 [Test worker] DEBUG org.springframework.test.context.cache - Spring test ApplicationContext cache statistics: [DefaultContextCache@743c6ce4 size = 1, maxSize = 32, parentContextCount = 0, hitCount = 184, missCount = 1]
23:36:59.072 [Test worker] DEBUG org.springframework.test.context.cache.DefaultCacheAwareContextLoaderDelegate - Retrieved ApplicationContext [974308356] from cache with key [[MergedContextConfiguration@72437d8d testClass = ScheduleServiceTest, locations = '{}', classes = '{class org.waldreg.schedule.management.DefaultScheduleManager}', contextInitializerClasses = '[]', activeProfiles = '{}', propertySourceLocations = '{}', propertySourceProperties = '{}', contextCustomizers = set[org.springframework.boot.test.autoconfigure.actuate.metrics.MetricsExportContextCustomizerFactory$DisableMetricExportContextCustomizer@181e731e, org.springframework.boot.test.autoconfigure.properties.PropertyMappingContextCustomizer@0, org.springframework.boot.test.autoconfigure.web.servlet.WebDriverContextCustomizerFactory$Customizer@479460a6, org.springframework.boot.test.context.filter.ExcludeFilterContextCustomizer@68702e03, org.springframework.boot.test.json.DuplicateJsonObjectContextCustomizerFactory$DuplicateJsonObjectContextCustomizer@338c99c8, org.springframework.boot.test.mock.mockito.MockitoContextCustomizer@ad3122e0], contextLoader = 'org.springframework.test.context.support.DelegatingSmartContextLoader', parent = [null]]]
23:36:59.072 [Test worker] DEBUG org.springframework.test.context.cache - Spring test ApplicationContext cache statistics: [DefaultContextCache@743c6ce4 size = 1, maxSize = 32, parentContextCount = 0, hitCount = 185, missCount = 1]
23:36:59.073 [Test worker] DEBUG org.springframework.test.context.cache.DefaultCacheAwareContextLoaderDelegate - Retrieved ApplicationContext [974308356] from cache with key [[MergedContextConfiguration@72437d8d testClass = ScheduleServiceTest, locations = '{}', classes = '{class org.waldreg.schedule.management.DefaultScheduleManager}', contextInitializerClasses = '[]', activeProfiles = '{}', propertySourceLocations = '{}', propertySourceProperties = '{}', contextCustomizers = set[org.springframework.boot.test.autoconfigure.actuate.metrics.MetricsExportContextCustomizerFactory$DisableMetricExportContextCustomizer@181e731e, org.springframework.boot.test.autoconfigure.properties.PropertyMappingContextCustomizer@0, org.springframework.boot.test.autoconfigure.web.servlet.WebDriverContextCustomizerFactory$Customizer@479460a6, org.springframework.boot.test.context.filter.ExcludeFilterContextCustomizer@68702e03, org.springframework.boot.test.json.DuplicateJsonObjectContextCustomizerFactory$DuplicateJsonObjectContextCustomizer@338c99c8, org.springframework.boot.test.mock.mockito.MockitoContextCustomizer@ad3122e0], contextLoader = 'org.springframework.test.context.support.DelegatingSmartContextLoader', parent = [null]]]
23:36:59.073 [Test worker] DEBUG org.springframework.test.context.cache - Spring test ApplicationContext cache statistics: [DefaultContextCache@743c6ce4 size = 1, maxSize = 32, parentContextCount = 0, hitCount = 186, missCount = 1]
23:36:59.073 [Test worker] DEBUG org.springframework.test.context.cache.DefaultCacheAwareContextLoaderDelegate - Retrieved ApplicationContext [974308356] from cache with key [[MergedContextConfiguration@72437d8d testClass = ScheduleServiceTest, locations = '{}', classes = '{class org.waldreg.schedule.management.DefaultScheduleManager}', contextInitializerClasses = '[]', activeProfiles = '{}', propertySourceLocations = '{}', propertySourceProperties = '{}', contextCustomizers = set[org.springframework.boot.test.autoconfigure.actuate.metrics.MetricsExportContextCustomizerFactory$DisableMetricExportContextCustomizer@181e731e, org.springframework.boot.test.autoconfigure.properties.PropertyMappingContextCustomizer@0, org.springframework.boot.test.autoconfigure.web.servlet.WebDriverContextCustomizerFactory$Customizer@479460a6, org.springframework.boot.test.context.filter.ExcludeFilterContextCustomizer@68702e03, org.springframework.boot.test.json.DuplicateJsonObjectContextCustomizerFactory$DuplicateJsonObjectContextCustomizer@338c99c8, org.springframework.boot.test.mock.mockito.MockitoContextCustomizer@ad3122e0], contextLoader = 'org.springframework.test.context.support.DelegatingSmartContextLoader', parent = [null]]]
23:36:59.073 [Test worker] DEBUG org.springframework.test.context.cache - Spring test ApplicationContext cache statistics: [DefaultContextCache@743c6ce4 size = 1, maxSize = 32, parentContextCount = 0, hitCount = 187, missCount = 1]
23:36:59.073 [Test worker] DEBUG org.springframework.test.context.cache.DefaultCacheAwareContextLoaderDelegate - Retrieved ApplicationContext [974308356] from cache with key [[MergedContextConfiguration@72437d8d testClass = ScheduleServiceTest, locations = '{}', classes = '{class org.waldreg.schedule.management.DefaultScheduleManager}', contextInitializerClasses = '[]', activeProfiles = '{}', propertySourceLocations = '{}', propertySourceProperties = '{}', contextCustomizers = set[org.springframework.boot.test.autoconfigure.actuate.metrics.MetricsExportContextCustomizerFactory$DisableMetricExportContextCustomizer@181e731e, org.springframework.boot.test.autoconfigure.properties.PropertyMappingContextCustomizer@0, org.springframework.boot.test.autoconfigure.web.servlet.WebDriverContextCustomizerFactory$Customizer@479460a6, org.springframework.boot.test.context.filter.ExcludeFilterContextCustomizer@68702e03, org.springframework.boot.test.json.DuplicateJsonObjectContextCustomizerFactory$DuplicateJsonObjectContextCustomizer@338c99c8, org.springframework.boot.test.mock.mockito.MockitoContextCustomizer@ad3122e0], contextLoader = 'org.springframework.test.context.support.DelegatingSmartContextLoader', parent = [null]]]
23:36:59.073 [Test worker] DEBUG org.springframework.test.context.cache - Spring test ApplicationContext cache statistics: [DefaultContextCache@743c6ce4 size = 1, maxSize = 32, parentContextCount = 0, hitCount = 188, missCount = 1]
23:36:59.073 [Test worker] DEBUG org.springframework.test.context.cache.DefaultCacheAwareContextLoaderDelegate - Retrieved ApplicationContext [974308356] from cache with key [[MergedContextConfiguration@72437d8d testClass = ScheduleServiceTest, locations = '{}', classes = '{class org.waldreg.schedule.management.DefaultScheduleManager}', contextInitializerClasses = '[]', activeProfiles = '{}', propertySourceLocations = '{}', propertySourceProperties = '{}', contextCustomizers = set[org.springframework.boot.test.autoconfigure.actuate.metrics.MetricsExportContextCustomizerFactory$DisableMetricExportContextCustomizer@181e731e, org.springframework.boot.test.autoconfigure.properties.PropertyMappingContextCustomizer@0, org.springframework.boot.test.autoconfigure.web.servlet.WebDriverContextCustomizerFactory$Customizer@479460a6, org.springframework.boot.test.context.filter.ExcludeFilterContextCustomizer@68702e03, org.springframework.boot.test.json.DuplicateJsonObjectContextCustomizerFactory$DuplicateJsonObjectContextCustomizer@338c99c8, org.springframework.boot.test.mock.mockito.MockitoContextCustomizer@ad3122e0], contextLoader = 'org.springframework.test.context.support.DelegatingSmartContextLoader', parent = [null]]]
23:36:59.073 [Test worker] DEBUG org.springframework.test.context.cache - Spring test ApplicationContext cache statistics: [DefaultContextCache@743c6ce4 size = 1, maxSize = 32, parentContextCount = 0, hitCount = 189, missCount = 1]
23:36:59.073 [Test worker] DEBUG org.springframework.test.context.cache.DefaultCacheAwareContextLoaderDelegate - Retrieved ApplicationContext [974308356] from cache with key [[MergedContextConfiguration@72437d8d testClass = ScheduleServiceTest, locations = '{}', classes = '{class org.waldreg.schedule.management.DefaultScheduleManager}', contextInitializerClasses = '[]', activeProfiles = '{}', propertySourceLocations = '{}', propertySourceProperties = '{}', contextCustomizers = set[org.springframework.boot.test.autoconfigure.actuate.metrics.MetricsExportContextCustomizerFactory$DisableMetricExportContextCustomizer@181e731e, org.springframework.boot.test.autoconfigure.properties.PropertyMappingContextCustomizer@0, org.springframework.boot.test.autoconfigure.web.servlet.WebDriverContextCustomizerFactory$Customizer@479460a6, org.springframework.boot.test.context.filter.ExcludeFilterContextCustomizer@68702e03, org.springframework.boot.test.json.DuplicateJsonObjectContextCustomizerFactory$DuplicateJsonObjectContextCustomizer@338c99c8, org.springframework.boot.test.mock.mockito.MockitoContextCustomizer@ad3122e0], contextLoader = 'org.springframework.test.context.support.DelegatingSmartContextLoader', parent = [null]]]
23:36:59.073 [Test worker] DEBUG org.springframework.test.context.cache - Spring test ApplicationContext cache statistics: [DefaultContextCache@743c6ce4 size = 1, maxSize = 32, parentContextCount = 0, hitCount = 190, missCount = 1]
23:36:59.073 [Test worker] DEBUG org.springframework.test.context.cache.DefaultCacheAwareContextLoaderDelegate - Retrieved ApplicationContext [974308356] from cache with key [[MergedContextConfiguration@72437d8d testClass = ScheduleServiceTest, locations = '{}', classes = '{class org.waldreg.schedule.management.DefaultScheduleManager}', contextInitializerClasses = '[]', activeProfiles = '{}', propertySourceLocations = '{}', propertySourceProperties = '{}', contextCustomizers = set[org.springframework.boot.test.autoconfigure.actuate.metrics.MetricsExportContextCustomizerFactory$DisableMetricExportContextCustomizer@181e731e, org.springframework.boot.test.autoconfigure.properties.PropertyMappingContextCustomizer@0, org.springframework.boot.test.autoconfigure.web.servlet.WebDriverContextCustomizerFactory$Customizer@479460a6, org.springframework.boot.test.context.filter.ExcludeFilterContextCustomizer@68702e03, org.springframework.boot.test.json.DuplicateJsonObjectContextCustomizerFactory$DuplicateJsonObjectContextCustomizer@338c99c8, org.springframework.boot.test.mock.mockito.MockitoContextCustomizer@ad3122e0], contextLoader = 'org.springframework.test.context.support.DelegatingSmartContextLoader', parent = [null]]]
23:36:59.073 [Test worker] DEBUG org.springframework.test.context.cache - Spring test ApplicationContext cache statistics: [DefaultContextCache@743c6ce4 size = 1, maxSize = 32, parentContextCount = 0, hitCount = 191, missCount = 1]
23:36:59.073 [Test worker] DEBUG org.springframework.test.context.support.AbstractDirtiesContextTestExecutionListener - After test method: context [DefaultTestContext@1c481ff2 testClass = ScheduleServiceTest, testInstance = org.waldreg.schedule.ScheduleServiceTest@2de50ee4, testMethod = CREATE_NEW_SCHEDULE_WITHOUT_REPEAT_SUCCESS_TEST@ScheduleServiceTest, testException = [null], mergedContextConfiguration = [MergedContextConfiguration@72437d8d testClass = ScheduleServiceTest, locations = '{}', classes = '{class org.waldreg.schedule.management.DefaultScheduleManager}', contextInitializerClasses = '[]', activeProfiles = '{}', propertySourceLocations = '{}', propertySourceProperties = '{}', contextCustomizers = set[org.springframework.boot.test.autoconfigure.actuate.metrics.MetricsExportContextCustomizerFactory$DisableMetricExportContextCustomizer@181e731e, org.springframework.boot.test.autoconfigure.properties.PropertyMappingContextCustomizer@0, org.springframework.boot.test.autoconfigure.web.servlet.WebDriverContextCustomizerFactory$Customizer@479460a6, org.springframework.boot.test.context.filter.ExcludeFilterContextCustomizer@68702e03, org.springframework.boot.test.json.DuplicateJsonObjectContextCustomizerFactory$DuplicateJsonObjectContextCustomizer@338c99c8, org.springframework.boot.test.mock.mockito.MockitoContextCustomizer@ad3122e0], contextLoader = 'org.springframework.test.context.support.DelegatingSmartContextLoader', parent = [null]], attributes = map['org.springframework.test.context.event.ApplicationEventsTestExecutionListener.recordApplicationEvents' -> false]], class annotated with @DirtiesContext [false] with mode [null], method annotated with @DirtiesContext [false] with mode [null].
23:36:59.074 [Test worker] DEBUG org.springframework.test.context.cache.DefaultCacheAwareContextLoaderDelegate - Retrieved ApplicationContext [974308356] from cache with key [[MergedContextConfiguration@72437d8d testClass = ScheduleServiceTest, locations = '{}', classes = '{class org.waldreg.schedule.management.DefaultScheduleManager}', contextInitializerClasses = '[]', activeProfiles = '{}', propertySourceLocations = '{}', propertySourceProperties = '{}', contextCustomizers = set[org.springframework.boot.test.autoconfigure.actuate.metrics.MetricsExportContextCustomizerFactory$DisableMetricExportContextCustomizer@181e731e, org.springframework.boot.test.autoconfigure.properties.PropertyMappingContextCustomizer@0, org.springframework.boot.test.autoconfigure.web.servlet.WebDriverContextCustomizerFactory$Customizer@479460a6, org.springframework.boot.test.context.filter.ExcludeFilterContextCustomizer@68702e03, org.springframework.boot.test.json.DuplicateJsonObjectContextCustomizerFactory$DuplicateJsonObjectContextCustomizer@338c99c8, org.springframework.boot.test.mock.mockito.MockitoContextCustomizer@ad3122e0], contextLoader = 'org.springframework.test.context.support.DelegatingSmartContextLoader', parent = [null]]]
23:36:59.074 [Test worker] DEBUG org.springframework.test.context.cache - Spring test ApplicationContext cache statistics: [DefaultContextCache@743c6ce4 size = 1, maxSize = 32, parentContextCount = 0, hitCount = 192, missCount = 1]
23:36:59.074 [Test worker] DEBUG org.springframework.test.context.support.DependencyInjectionTestExecutionListener - Performing dependency injection for test context [[DefaultTestContext@1c481ff2 testClass = ScheduleServiceTest, testInstance = org.waldreg.schedule.ScheduleServiceTest@47fbc56, testMethod = [null], testException = [null], mergedContextConfiguration = [MergedContextConfiguration@72437d8d testClass = ScheduleServiceTest, locations = '{}', classes = '{class org.waldreg.schedule.management.DefaultScheduleManager}', contextInitializerClasses = '[]', activeProfiles = '{}', propertySourceLocations = '{}', propertySourceProperties = '{}', contextCustomizers = set[org.springframework.boot.test.autoconfigure.actuate.metrics.MetricsExportContextCustomizerFactory$DisableMetricExportContextCustomizer@181e731e, org.springframework.boot.test.autoconfigure.properties.PropertyMappingContextCustomizer@0, org.springframework.boot.test.autoconfigure.web.servlet.WebDriverContextCustomizerFactory$Customizer@479460a6, org.springframework.boot.test.context.filter.ExcludeFilterContextCustomizer@68702e03, org.springframework.boot.test.json.DuplicateJsonObjectContextCustomizerFactory$DuplicateJsonObjectContextCustomizer@338c99c8, org.springframework.boot.test.mock.mockito.MockitoContextCustomizer@ad3122e0], contextLoader = 'org.springframework.test.context.support.DelegatingSmartContextLoader', parent = [null]], attributes = map['org.springframework.test.context.event.ApplicationEventsTestExecutionListener.recordApplicationEvents' -> false]]].
23:36:59.074 [Test worker] DEBUG org.springframework.test.context.cache.DefaultCacheAwareContextLoaderDelegate - Retrieved ApplicationContext [974308356] from cache with key [[MergedContextConfiguration@72437d8d testClass = ScheduleServiceTest, locations = '{}', classes = '{class org.waldreg.schedule.management.DefaultScheduleManager}', contextInitializerClasses = '[]', activeProfiles = '{}', propertySourceLocations = '{}', propertySourceProperties = '{}', contextCustomizers = set[org.springframework.boot.test.autoconfigure.actuate.metrics.MetricsExportContextCustomizerFactory$DisableMetricExportContextCustomizer@181e731e, org.springframework.boot.test.autoconfigure.properties.PropertyMappingContextCustomizer@0, org.springframework.boot.test.autoconfigure.web.servlet.WebDriverContextCustomizerFactory$Customizer@479460a6, org.springframework.boot.test.context.filter.ExcludeFilterContextCustomizer@68702e03, org.springframework.boot.test.json.DuplicateJsonObjectContextCustomizerFactory$DuplicateJsonObjectContextCustomizer@338c99c8, org.springframework.boot.test.mock.mockito.MockitoContextCustomizer@ad3122e0], contextLoader = 'org.springframework.test.context.support.DelegatingSmartContextLoader', parent = [null]]]
23:36:59.074 [Test worker] DEBUG org.springframework.test.context.cache - Spring test ApplicationContext cache statistics: [DefaultContextCache@743c6ce4 size = 1, maxSize = 32, parentContextCount = 0, hitCount = 193, missCount = 1]
23:36:59.074 [Test worker] DEBUG org.springframework.test.context.cache.DefaultCacheAwareContextLoaderDelegate - Retrieved ApplicationContext [974308356] from cache with key [[MergedContextConfiguration@72437d8d testClass = ScheduleServiceTest, locations = '{}', classes = '{class org.waldreg.schedule.management.DefaultScheduleManager}', contextInitializerClasses = '[]', activeProfiles = '{}', propertySourceLocations = '{}', propertySourceProperties = '{}', contextCustomizers = set[org.springframework.boot.test.autoconfigure.actuate.metrics.MetricsExportContextCustomizerFactory$DisableMetricExportContextCustomizer@181e731e, org.springframework.boot.test.autoconfigure.properties.PropertyMappingContextCustomizer@0, org.springframework.boot.test.autoconfigure.web.servlet.WebDriverContextCustomizerFactory$Customizer@479460a6, org.springframework.boot.test.context.filter.ExcludeFilterContextCustomizer@68702e03, org.springframework.boot.test.json.DuplicateJsonObjectContextCustomizerFactory$DuplicateJsonObjectContextCustomizer@338c99c8, org.springframework.boot.test.mock.mockito.MockitoContextCustomizer@ad3122e0], contextLoader = 'org.springframework.test.context.support.DelegatingSmartContextLoader', parent = [null]]]
23:36:59.074 [Test worker] DEBUG org.springframework.test.context.cache - Spring test ApplicationContext cache statistics: [DefaultContextCache@743c6ce4 size = 1, maxSize = 32, parentContextCount = 0, hitCount = 194, missCount = 1]
23:36:59.074 [Test worker] DEBUG org.springframework.test.context.support.AbstractDirtiesContextTestExecutionListener - Before test method: context [DefaultTestContext@1c481ff2 testClass = ScheduleServiceTest, testInstance = org.waldreg.schedule.ScheduleServiceTest@47fbc56, testMethod = UPDATE_SCHEDULE_FAIL_CAUSE_UNDER_YEAR_LIMIT_TEST@ScheduleServiceTest, testException = [null], mergedContextConfiguration = [MergedContextConfiguration@72437d8d testClass = ScheduleServiceTest, locations = '{}', classes = '{class org.waldreg.schedule.management.DefaultScheduleManager}', contextInitializerClasses = '[]', activeProfiles = '{}', propertySourceLocations = '{}', propertySourceProperties = '{}', contextCustomizers = set[org.springframework.boot.test.autoconfigure.actuate.metrics.MetricsExportContextCustomizerFactory$DisableMetricExportContextCustomizer@181e731e, org.springframework.boot.test.autoconfigure.properties.PropertyMappingContextCustomizer@0, org.springframework.boot.test.autoconfigure.web.servlet.WebDriverContextCustomizerFactory$Customizer@479460a6, org.springframework.boot.test.context.filter.ExcludeFilterContextCustomizer@68702e03, org.springframework.boot.test.json.DuplicateJsonObjectContextCustomizerFactory$DuplicateJsonObjectContextCustomizer@338c99c8, org.springframework.boot.test.mock.mockito.MockitoContextCustomizer@ad3122e0], contextLoader = 'org.springframework.test.context.support.DelegatingSmartContextLoader', parent = [null]], attributes = map['org.springframework.test.context.event.ApplicationEventsTestExecutionListener.recordApplicationEvents' -> false]], class annotated with @DirtiesContext [false] with mode [null], method annotated with @DirtiesContext [false] with mode [null].
23:36:59.074 [Test worker] DEBUG org.springframework.test.context.cache.DefaultCacheAwareContextLoaderDelegate - Retrieved ApplicationContext [974308356] from cache with key [[MergedContextConfiguration@72437d8d testClass = ScheduleServiceTest, locations = '{}', classes = '{class org.waldreg.schedule.management.DefaultScheduleManager}', contextInitializerClasses = '[]', activeProfiles = '{}', propertySourceLocations = '{}', propertySourceProperties = '{}', contextCustomizers = set[org.springframework.boot.test.autoconfigure.actuate.metrics.MetricsExportContextCustomizerFactory$DisableMetricExportContextCustomizer@181e731e, org.springframework.boot.test.autoconfigure.properties.PropertyMappingContextCustomizer@0, org.springframework.boot.test.autoconfigure.web.servlet.WebDriverContextCustomizerFactory$Customizer@479460a6, org.springframework.boot.test.context.filter.ExcludeFilterContextCustomizer@68702e03, org.springframework.boot.test.json.DuplicateJsonObjectContextCustomizerFactory$DuplicateJsonObjectContextCustomizer@338c99c8, org.springframework.boot.test.mock.mockito.MockitoContextCustomizer@ad3122e0], contextLoader = 'org.springframework.test.context.support.DelegatingSmartContextLoader', parent = [null]]]
23:36:59.074 [Test worker] DEBUG org.springframework.test.context.cache - Spring test ApplicationContext cache statistics: [DefaultContextCache@743c6ce4 size = 1, maxSize = 32, parentContextCount = 0, hitCount = 195, missCount = 1]
23:36:59.074 [Test worker] DEBUG org.springframework.test.context.cache.DefaultCacheAwareContextLoaderDelegate - Retrieved ApplicationContext [974308356] from cache with key [[MergedContextConfiguration@72437d8d testClass = ScheduleServiceTest, locations = '{}', classes = '{class org.waldreg.schedule.management.DefaultScheduleManager}', contextInitializerClasses = '[]', activeProfiles = '{}', propertySourceLocations = '{}', propertySourceProperties = '{}', contextCustomizers = set[org.springframework.boot.test.autoconfigure.actuate.metrics.MetricsExportContextCustomizerFactory$DisableMetricExportContextCustomizer@181e731e, org.springframework.boot.test.autoconfigure.properties.PropertyMappingContextCustomizer@0, org.springframework.boot.test.autoconfigure.web.servlet.WebDriverContextCustomizerFactory$Customizer@479460a6, org.springframework.boot.test.context.filter.ExcludeFilterContextCustomizer@68702e03, org.springframework.boot.test.json.DuplicateJsonObjectContextCustomizerFactory$DuplicateJsonObjectContextCustomizer@338c99c8, org.springframework.boot.test.mock.mockito.MockitoContextCustomizer@ad3122e0], contextLoader = 'org.springframework.test.context.support.DelegatingSmartContextLoader', parent = [null]]]
23:36:59.074 [Test worker] DEBUG org.springframework.test.context.cache - Spring test ApplicationContext cache statistics: [DefaultContextCache@743c6ce4 size = 1, maxSize = 32, parentContextCount = 0, hitCount = 196, missCount = 1]
23:36:59.074 [Test worker] DEBUG org.springframework.test.context.cache.DefaultCacheAwareContextLoaderDelegate - Retrieved ApplicationContext [974308356] from cache with key [[MergedContextConfiguration@72437d8d testClass = ScheduleServiceTest, locations = '{}', classes = '{class org.waldreg.schedule.management.DefaultScheduleManager}', contextInitializerClasses = '[]', activeProfiles = '{}', propertySourceLocations = '{}', propertySourceProperties = '{}', contextCustomizers = set[org.springframework.boot.test.autoconfigure.actuate.metrics.MetricsExportContextCustomizerFactory$DisableMetricExportContextCustomizer@181e731e, org.springframework.boot.test.autoconfigure.properties.PropertyMappingContextCustomizer@0, org.springframework.boot.test.autoconfigure.web.servlet.WebDriverContextCustomizerFactory$Customizer@479460a6, org.springframework.boot.test.context.filter.ExcludeFilterContextCustomizer@68702e03, org.springframework.boot.test.json.DuplicateJsonObjectContextCustomizerFactory$DuplicateJsonObjectContextCustomizer@338c99c8, org.springframework.boot.test.mock.mockito.MockitoContextCustomizer@ad3122e0], contextLoader = 'org.springframework.test.context.support.DelegatingSmartContextLoader', parent = [null]]]
23:36:59.074 [Test worker] DEBUG org.springframework.test.context.cache - Spring test ApplicationContext cache statistics: [DefaultContextCache@743c6ce4 size = 1, maxSize = 32, parentContextCount = 0, hitCount = 197, missCount = 1]
23:36:59.075 [Test worker] DEBUG org.springframework.test.context.cache.DefaultCacheAwareContextLoaderDelegate - Retrieved ApplicationContext [974308356] from cache with key [[MergedContextConfiguration@72437d8d testClass = ScheduleServiceTest, locations = '{}', classes = '{class org.waldreg.schedule.management.DefaultScheduleManager}', contextInitializerClasses = '[]', activeProfiles = '{}', propertySourceLocations = '{}', propertySourceProperties = '{}', contextCustomizers = set[org.springframework.boot.test.autoconfigure.actuate.metrics.MetricsExportContextCustomizerFactory$DisableMetricExportContextCustomizer@181e731e, org.springframework.boot.test.autoconfigure.properties.PropertyMappingContextCustomizer@0, org.springframework.boot.test.autoconfigure.web.servlet.WebDriverContextCustomizerFactory$Customizer@479460a6, org.springframework.boot.test.context.filter.ExcludeFilterContextCustomizer@68702e03, org.springframework.boot.test.json.DuplicateJsonObjectContextCustomizerFactory$DuplicateJsonObjectContextCustomizer@338c99c8, org.springframework.boot.test.mock.mockito.MockitoContextCustomizer@ad3122e0], contextLoader = 'org.springframework.test.context.support.DelegatingSmartContextLoader', parent = [null]]]
23:36:59.075 [Test worker] DEBUG org.springframework.test.context.cache - Spring test ApplicationContext cache statistics: [DefaultContextCache@743c6ce4 size = 1, maxSize = 32, parentContextCount = 0, hitCount = 198, missCount = 1]
23:36:59.075 [Test worker] DEBUG org.springframework.test.context.cache.DefaultCacheAwareContextLoaderDelegate - Retrieved ApplicationContext [974308356] from cache with key [[MergedContextConfiguration@72437d8d testClass = ScheduleServiceTest, locations = '{}', classes = '{class org.waldreg.schedule.management.DefaultScheduleManager}', contextInitializerClasses = '[]', activeProfiles = '{}', propertySourceLocations = '{}', propertySourceProperties = '{}', contextCustomizers = set[org.springframework.boot.test.autoconfigure.actuate.metrics.MetricsExportContextCustomizerFactory$DisableMetricExportContextCustomizer@181e731e, org.springframework.boot.test.autoconfigure.properties.PropertyMappingContextCustomizer@0, org.springframework.boot.test.autoconfigure.web.servlet.WebDriverContextCustomizerFactory$Customizer@479460a6, org.springframework.boot.test.context.filter.ExcludeFilterContextCustomizer@68702e03, org.springframework.boot.test.json.DuplicateJsonObjectContextCustomizerFactory$DuplicateJsonObjectContextCustomizer@338c99c8, org.springframework.boot.test.mock.mockito.MockitoContextCustomizer@ad3122e0], contextLoader = 'org.springframework.test.context.support.DelegatingSmartContextLoader', parent = [null]]]
23:36:59.075 [Test worker] DEBUG org.springframework.test.context.cache - Spring test ApplicationContext cache statistics: [DefaultContextCache@743c6ce4 size = 1, maxSize = 32, parentContextCount = 0, hitCount = 199, missCount = 1]
23:36:59.075 [Test worker] DEBUG org.springframework.test.context.cache.DefaultCacheAwareContextLoaderDelegate - Retrieved ApplicationContext [974308356] from cache with key [[MergedContextConfiguration@72437d8d testClass = ScheduleServiceTest, locations = '{}', classes = '{class org.waldreg.schedule.management.DefaultScheduleManager}', contextInitializerClasses = '[]', activeProfiles = '{}', propertySourceLocations = '{}', propertySourceProperties = '{}', contextCustomizers = set[org.springframework.boot.test.autoconfigure.actuate.metrics.MetricsExportContextCustomizerFactory$DisableMetricExportContextCustomizer@181e731e, org.springframework.boot.test.autoconfigure.properties.PropertyMappingContextCustomizer@0, org.springframework.boot.test.autoconfigure.web.servlet.WebDriverContextCustomizerFactory$Customizer@479460a6, org.springframework.boot.test.context.filter.ExcludeFilterContextCustomizer@68702e03, org.springframework.boot.test.json.DuplicateJsonObjectContextCustomizerFactory$DuplicateJsonObjectContextCustomizer@338c99c8, org.springframework.boot.test.mock.mockito.MockitoContextCustomizer@ad3122e0], contextLoader = 'org.springframework.test.context.support.DelegatingSmartContextLoader', parent = [null]]]
23:36:59.075 [Test worker] DEBUG org.springframework.test.context.cache - Spring test ApplicationContext cache statistics: [DefaultContextCache@743c6ce4 size = 1, maxSize = 32, parentContextCount = 0, hitCount = 200, missCount = 1]
23:36:59.075 [Test worker] DEBUG org.springframework.test.context.cache.DefaultCacheAwareContextLoaderDelegate - Retrieved ApplicationContext [974308356] from cache with key [[MergedContextConfiguration@72437d8d testClass = ScheduleServiceTest, locations = '{}', classes = '{class org.waldreg.schedule.management.DefaultScheduleManager}', contextInitializerClasses = '[]', activeProfiles = '{}', propertySourceLocations = '{}', propertySourceProperties = '{}', contextCustomizers = set[org.springframework.boot.test.autoconfigure.actuate.metrics.MetricsExportContextCustomizerFactory$DisableMetricExportContextCustomizer@181e731e, org.springframework.boot.test.autoconfigure.properties.PropertyMappingContextCustomizer@0, org.springframework.boot.test.autoconfigure.web.servlet.WebDriverContextCustomizerFactory$Customizer@479460a6, org.springframework.boot.test.context.filter.ExcludeFilterContextCustomizer@68702e03, org.springframework.boot.test.json.DuplicateJsonObjectContextCustomizerFactory$DuplicateJsonObjectContextCustomizer@338c99c8, org.springframework.boot.test.mock.mockito.MockitoContextCustomizer@ad3122e0], contextLoader = 'org.springframework.test.context.support.DelegatingSmartContextLoader', parent = [null]]]
23:36:59.075 [Test worker] DEBUG org.springframework.test.context.cache - Spring test ApplicationContext cache statistics: [DefaultContextCache@743c6ce4 size = 1, maxSize = 32, parentContextCount = 0, hitCount = 201, missCount = 1]
23:36:59.075 [Test worker] DEBUG org.springframework.test.context.cache.DefaultCacheAwareContextLoaderDelegate - Retrieved ApplicationContext [974308356] from cache with key [[MergedContextConfiguration@72437d8d testClass = ScheduleServiceTest, locations = '{}', classes = '{class org.waldreg.schedule.management.DefaultScheduleManager}', contextInitializerClasses = '[]', activeProfiles = '{}', propertySourceLocations = '{}', propertySourceProperties = '{}', contextCustomizers = set[org.springframework.boot.test.autoconfigure.actuate.metrics.MetricsExportContextCustomizerFactory$DisableMetricExportContextCustomizer@181e731e, org.springframework.boot.test.autoconfigure.properties.PropertyMappingContextCustomizer@0, org.springframework.boot.test.autoconfigure.web.servlet.WebDriverContextCustomizerFactory$Customizer@479460a6, org.springframework.boot.test.context.filter.ExcludeFilterContextCustomizer@68702e03, org.springframework.boot.test.json.DuplicateJsonObjectContextCustomizerFactory$DuplicateJsonObjectContextCustomizer@338c99c8, org.springframework.boot.test.mock.mockito.MockitoContextCustomizer@ad3122e0], contextLoader = 'org.springframework.test.context.support.DelegatingSmartContextLoader', parent = [null]]]
23:36:59.075 [Test worker] DEBUG org.springframework.test.context.cache - Spring test ApplicationContext cache statistics: [DefaultContextCache@743c6ce4 size = 1, maxSize = 32, parentContextCount = 0, hitCount = 202, missCount = 1]
23:36:59.075 [Test worker] DEBUG org.springframework.test.context.cache.DefaultCacheAwareContextLoaderDelegate - Retrieved ApplicationContext [974308356] from cache with key [[MergedContextConfiguration@72437d8d testClass = ScheduleServiceTest, locations = '{}', classes = '{class org.waldreg.schedule.management.DefaultScheduleManager}', contextInitializerClasses = '[]', activeProfiles = '{}', propertySourceLocations = '{}', propertySourceProperties = '{}', contextCustomizers = set[org.springframework.boot.test.autoconfigure.actuate.metrics.MetricsExportContextCustomizerFactory$DisableMetricExportContextCustomizer@181e731e, org.springframework.boot.test.autoconfigure.properties.PropertyMappingContextCustomizer@0, org.springframework.boot.test.autoconfigure.web.servlet.WebDriverContextCustomizerFactory$Customizer@479460a6, org.springframework.boot.test.context.filter.ExcludeFilterContextCustomizer@68702e03, org.springframework.boot.test.json.DuplicateJsonObjectContextCustomizerFactory$DuplicateJsonObjectContextCustomizer@338c99c8, org.springframework.boot.test.mock.mockito.MockitoContextCustomizer@ad3122e0], contextLoader = 'org.springframework.test.context.support.DelegatingSmartContextLoader', parent = [null]]]
23:36:59.075 [Test worker] DEBUG org.springframework.test.context.cache - Spring test ApplicationContext cache statistics: [DefaultContextCache@743c6ce4 size = 1, maxSize = 32, parentContextCount = 0, hitCount = 203, missCount = 1]
23:36:59.076 [Test worker] DEBUG org.springframework.test.context.support.AbstractDirtiesContextTestExecutionListener - After test method: context [DefaultTestContext@1c481ff2 testClass = ScheduleServiceTest, testInstance = org.waldreg.schedule.ScheduleServiceTest@47fbc56, testMethod = UPDATE_SCHEDULE_FAIL_CAUSE_UNDER_YEAR_LIMIT_TEST@ScheduleServiceTest, testException = [null], mergedContextConfiguration = [MergedContextConfiguration@72437d8d testClass = ScheduleServiceTest, locations = '{}', classes = '{class org.waldreg.schedule.management.DefaultScheduleManager}', contextInitializerClasses = '[]', activeProfiles = '{}', propertySourceLocations = '{}', propertySourceProperties = '{}', contextCustomizers = set[org.springframework.boot.test.autoconfigure.actuate.metrics.MetricsExportContextCustomizerFactory$DisableMetricExportContextCustomizer@181e731e, org.springframework.boot.test.autoconfigure.properties.PropertyMappingContextCustomizer@0, org.springframework.boot.test.autoconfigure.web.servlet.WebDriverContextCustomizerFactory$Customizer@479460a6, org.springframework.boot.test.context.filter.ExcludeFilterContextCustomizer@68702e03, org.springframework.boot.test.json.DuplicateJsonObjectContextCustomizerFactory$DuplicateJsonObjectContextCustomizer@338c99c8, org.springframework.boot.test.mock.mockito.MockitoContextCustomizer@ad3122e0], contextLoader = 'org.springframework.test.context.support.DelegatingSmartContextLoader', parent = [null]], attributes = map['org.springframework.test.context.event.ApplicationEventsTestExecutionListener.recordApplicationEvents' -> false]], class annotated with @DirtiesContext [false] with mode [null], method annotated with @DirtiesContext [false] with mode [null].
23:36:59.076 [Test worker] DEBUG org.springframework.test.context.cache.DefaultCacheAwareContextLoaderDelegate - Retrieved ApplicationContext [974308356] from cache with key [[MergedContextConfiguration@72437d8d testClass = ScheduleServiceTest, locations = '{}', classes = '{class org.waldreg.schedule.management.DefaultScheduleManager}', contextInitializerClasses = '[]', activeProfiles = '{}', propertySourceLocations = '{}', propertySourceProperties = '{}', contextCustomizers = set[org.springframework.boot.test.autoconfigure.actuate.metrics.MetricsExportContextCustomizerFactory$DisableMetricExportContextCustomizer@181e731e, org.springframework.boot.test.autoconfigure.properties.PropertyMappingContextCustomizer@0, org.springframework.boot.test.autoconfigure.web.servlet.WebDriverContextCustomizerFactory$Customizer@479460a6, org.springframework.boot.test.context.filter.ExcludeFilterContextCustomizer@68702e03, org.springframework.boot.test.json.DuplicateJsonObjectContextCustomizerFactory$DuplicateJsonObjectContextCustomizer@338c99c8, org.springframework.boot.test.mock.mockito.MockitoContextCustomizer@ad3122e0], contextLoader = 'org.springframework.test.context.support.DelegatingSmartContextLoader', parent = [null]]]
23:36:59.076 [Test worker] DEBUG org.springframework.test.context.cache - Spring test ApplicationContext cache statistics: [DefaultContextCache@743c6ce4 size = 1, maxSize = 32, parentContextCount = 0, hitCount = 204, missCount = 1]
23:36:59.076 [Test worker] DEBUG org.springframework.test.context.support.DependencyInjectionTestExecutionListener - Performing dependency injection for test context [[DefaultTestContext@1c481ff2 testClass = ScheduleServiceTest, testInstance = org.waldreg.schedule.ScheduleServiceTest@10895b16, testMethod = [null], testException = [null], mergedContextConfiguration = [MergedContextConfiguration@72437d8d testClass = ScheduleServiceTest, locations = '{}', classes = '{class org.waldreg.schedule.management.DefaultScheduleManager}', contextInitializerClasses = '[]', activeProfiles = '{}', propertySourceLocations = '{}', propertySourceProperties = '{}', contextCustomizers = set[org.springframework.boot.test.autoconfigure.actuate.metrics.MetricsExportContextCustomizerFactory$DisableMetricExportContextCustomizer@181e731e, org.springframework.boot.test.autoconfigure.properties.PropertyMappingContextCustomizer@0, org.springframework.boot.test.autoconfigure.web.servlet.WebDriverContextCustomizerFactory$Customizer@479460a6, org.springframework.boot.test.context.filter.ExcludeFilterContextCustomizer@68702e03, org.springframework.boot.test.json.DuplicateJsonObjectContextCustomizerFactory$DuplicateJsonObjectContextCustomizer@338c99c8, org.springframework.boot.test.mock.mockito.MockitoContextCustomizer@ad3122e0], contextLoader = 'org.springframework.test.context.support.DelegatingSmartContextLoader', parent = [null]], attributes = map['org.springframework.test.context.event.ApplicationEventsTestExecutionListener.recordApplicationEvents' -> false]]].
23:36:59.076 [Test worker] DEBUG org.springframework.test.context.cache.DefaultCacheAwareContextLoaderDelegate - Retrieved ApplicationContext [974308356] from cache with key [[MergedContextConfiguration@72437d8d testClass = ScheduleServiceTest, locations = '{}', classes = '{class org.waldreg.schedule.management.DefaultScheduleManager}', contextInitializerClasses = '[]', activeProfiles = '{}', propertySourceLocations = '{}', propertySourceProperties = '{}', contextCustomizers = set[org.springframework.boot.test.autoconfigure.actuate.metrics.MetricsExportContextCustomizerFactory$DisableMetricExportContextCustomizer@181e731e, org.springframework.boot.test.autoconfigure.properties.PropertyMappingContextCustomizer@0, org.springframework.boot.test.autoconfigure.web.servlet.WebDriverContextCustomizerFactory$Customizer@479460a6, org.springframework.boot.test.context.filter.ExcludeFilterContextCustomizer@68702e03, org.springframework.boot.test.json.DuplicateJsonObjectContextCustomizerFactory$DuplicateJsonObjectContextCustomizer@338c99c8, org.springframework.boot.test.mock.mockito.MockitoContextCustomizer@ad3122e0], contextLoader = 'org.springframework.test.context.support.DelegatingSmartContextLoader', parent = [null]]]
23:36:59.076 [Test worker] DEBUG org.springframework.test.context.cache - Spring test ApplicationContext cache statistics: [DefaultContextCache@743c6ce4 size = 1, maxSize = 32, parentContextCount = 0, hitCount = 205, missCount = 1]
23:36:59.076 [Test worker] DEBUG org.springframework.test.context.cache.DefaultCacheAwareContextLoaderDelegate - Retrieved ApplicationContext [974308356] from cache with key [[MergedContextConfiguration@72437d8d testClass = ScheduleServiceTest, locations = '{}', classes = '{class org.waldreg.schedule.management.DefaultScheduleManager}', contextInitializerClasses = '[]', activeProfiles = '{}', propertySourceLocations = '{}', propertySourceProperties = '{}', contextCustomizers = set[org.springframework.boot.test.autoconfigure.actuate.metrics.MetricsExportContextCustomizerFactory$DisableMetricExportContextCustomizer@181e731e, org.springframework.boot.test.autoconfigure.properties.PropertyMappingContextCustomizer@0, org.springframework.boot.test.autoconfigure.web.servlet.WebDriverContextCustomizerFactory$Customizer@479460a6, org.springframework.boot.test.context.filter.ExcludeFilterContextCustomizer@68702e03, org.springframework.boot.test.json.DuplicateJsonObjectContextCustomizerFactory$DuplicateJsonObjectContextCustomizer@338c99c8, org.springframework.boot.test.mock.mockito.MockitoContextCustomizer@ad3122e0], contextLoader = 'org.springframework.test.context.support.DelegatingSmartContextLoader', parent = [null]]]
23:36:59.076 [Test worker] DEBUG org.springframework.test.context.cache - Spring test ApplicationContext cache statistics: [DefaultContextCache@743c6ce4 size = 1, maxSize = 32, parentContextCount = 0, hitCount = 206, missCount = 1]
23:36:59.076 [Test worker] DEBUG org.springframework.test.context.support.AbstractDirtiesContextTestExecutionListener - Before test method: context [DefaultTestContext@1c481ff2 testClass = ScheduleServiceTest, testInstance = org.waldreg.schedule.ScheduleServiceTest@10895b16, testMethod = UPDATE_SCHEDULE_FAIL_CAUSE_REPEAT_FINISH_AT_PRECEDE_SCHEDULE_TERM_TEST@ScheduleServiceTest, testException = [null], mergedContextConfiguration = [MergedContextConfiguration@72437d8d testClass = ScheduleServiceTest, locations = '{}', classes = '{class org.waldreg.schedule.management.DefaultScheduleManager}', contextInitializerClasses = '[]', activeProfiles = '{}', propertySourceLocations = '{}', propertySourceProperties = '{}', contextCustomizers = set[org.springframework.boot.test.autoconfigure.actuate.metrics.MetricsExportContextCustomizerFactory$DisableMetricExportContextCustomizer@181e731e, org.springframework.boot.test.autoconfigure.properties.PropertyMappingContextCustomizer@0, org.springframework.boot.test.autoconfigure.web.servlet.WebDriverContextCustomizerFactory$Customizer@479460a6, org.springframework.boot.test.context.filter.ExcludeFilterContextCustomizer@68702e03, org.springframework.boot.test.json.DuplicateJsonObjectContextCustomizerFactory$DuplicateJsonObjectContextCustomizer@338c99c8, org.springframework.boot.test.mock.mockito.MockitoContextCustomizer@ad3122e0], contextLoader = 'org.springframework.test.context.support.DelegatingSmartContextLoader', parent = [null]], attributes = map['org.springframework.test.context.event.ApplicationEventsTestExecutionListener.recordApplicationEvents' -> false]], class annotated with @DirtiesContext [false] with mode [null], method annotated with @DirtiesContext [false] with mode [null].
23:36:59.077 [Test worker] DEBUG org.springframework.test.context.cache.DefaultCacheAwareContextLoaderDelegate - Retrieved ApplicationContext [974308356] from cache with key [[MergedContextConfiguration@72437d8d testClass = ScheduleServiceTest, locations = '{}', classes = '{class org.waldreg.schedule.management.DefaultScheduleManager}', contextInitializerClasses = '[]', activeProfiles = '{}', propertySourceLocations = '{}', propertySourceProperties = '{}', contextCustomizers = set[org.springframework.boot.test.autoconfigure.actuate.metrics.MetricsExportContextCustomizerFactory$DisableMetricExportContextCustomizer@181e731e, org.springframework.boot.test.autoconfigure.properties.PropertyMappingContextCustomizer@0, org.springframework.boot.test.autoconfigure.web.servlet.WebDriverContextCustomizerFactory$Customizer@479460a6, org.springframework.boot.test.context.filter.ExcludeFilterContextCustomizer@68702e03, org.springframework.boot.test.json.DuplicateJsonObjectContextCustomizerFactory$DuplicateJsonObjectContextCustomizer@338c99c8, org.springframework.boot.test.mock.mockito.MockitoContextCustomizer@ad3122e0], contextLoader = 'org.springframework.test.context.support.DelegatingSmartContextLoader', parent = [null]]]
23:36:59.077 [Test worker] DEBUG org.springframework.test.context.cache - Spring test ApplicationContext cache statistics: [DefaultContextCache@743c6ce4 size = 1, maxSize = 32, parentContextCount = 0, hitCount = 207, missCount = 1]
23:36:59.077 [Test worker] DEBUG org.springframework.test.context.cache.DefaultCacheAwareContextLoaderDelegate - Retrieved ApplicationContext [974308356] from cache with key [[MergedContextConfiguration@72437d8d testClass = ScheduleServiceTest, locations = '{}', classes = '{class org.waldreg.schedule.management.DefaultScheduleManager}', contextInitializerClasses = '[]', activeProfiles = '{}', propertySourceLocations = '{}', propertySourceProperties = '{}', contextCustomizers = set[org.springframework.boot.test.autoconfigure.actuate.metrics.MetricsExportContextCustomizerFactory$DisableMetricExportContextCustomizer@181e731e, org.springframework.boot.test.autoconfigure.properties.PropertyMappingContextCustomizer@0, org.springframework.boot.test.autoconfigure.web.servlet.WebDriverContextCustomizerFactory$Customizer@479460a6, org.springframework.boot.test.context.filter.ExcludeFilterContextCustomizer@68702e03, org.springframework.boot.test.json.DuplicateJsonObjectContextCustomizerFactory$DuplicateJsonObjectContextCustomizer@338c99c8, org.springframework.boot.test.mock.mockito.MockitoContextCustomizer@ad3122e0], contextLoader = 'org.springframework.test.context.support.DelegatingSmartContextLoader', parent = [null]]]
23:36:59.077 [Test worker] DEBUG org.springframework.test.context.cache - Spring test ApplicationContext cache statistics: [DefaultContextCache@743c6ce4 size = 1, maxSize = 32, parentContextCount = 0, hitCount = 208, missCount = 1]
23:36:59.077 [Test worker] DEBUG org.springframework.test.context.cache.DefaultCacheAwareContextLoaderDelegate - Retrieved ApplicationContext [974308356] from cache with key [[MergedContextConfiguration@72437d8d testClass = ScheduleServiceTest, locations = '{}', classes = '{class org.waldreg.schedule.management.DefaultScheduleManager}', contextInitializerClasses = '[]', activeProfiles = '{}', propertySourceLocations = '{}', propertySourceProperties = '{}', contextCustomizers = set[org.springframework.boot.test.autoconfigure.actuate.metrics.MetricsExportContextCustomizerFactory$DisableMetricExportContextCustomizer@181e731e, org.springframework.boot.test.autoconfigure.properties.PropertyMappingContextCustomizer@0, org.springframework.boot.test.autoconfigure.web.servlet.WebDriverContextCustomizerFactory$Customizer@479460a6, org.springframework.boot.test.context.filter.ExcludeFilterContextCustomizer@68702e03, org.springframework.boot.test.json.DuplicateJsonObjectContextCustomizerFactory$DuplicateJsonObjectContextCustomizer@338c99c8, org.springframework.boot.test.mock.mockito.MockitoContextCustomizer@ad3122e0], contextLoader = 'org.springframework.test.context.support.DelegatingSmartContextLoader', parent = [null]]]
23:36:59.077 [Test worker] DEBUG org.springframework.test.context.cache - Spring test ApplicationContext cache statistics: [DefaultContextCache@743c6ce4 size = 1, maxSize = 32, parentContextCount = 0, hitCount = 209, missCount = 1]
23:36:59.078 [Test worker] DEBUG org.springframework.test.context.cache.DefaultCacheAwareContextLoaderDelegate - Retrieved ApplicationContext [974308356] from cache with key [[MergedContextConfiguration@72437d8d testClass = ScheduleServiceTest, locations = '{}', classes = '{class org.waldreg.schedule.management.DefaultScheduleManager}', contextInitializerClasses = '[]', activeProfiles = '{}', propertySourceLocations = '{}', propertySourceProperties = '{}', contextCustomizers = set[org.springframework.boot.test.autoconfigure.actuate.metrics.MetricsExportContextCustomizerFactory$DisableMetricExportContextCustomizer@181e731e, org.springframework.boot.test.autoconfigure.properties.PropertyMappingContextCustomizer@0, org.springframework.boot.test.autoconfigure.web.servlet.WebDriverContextCustomizerFactory$Customizer@479460a6, org.springframework.boot.test.context.filter.ExcludeFilterContextCustomizer@68702e03, org.springframework.boot.test.json.DuplicateJsonObjectContextCustomizerFactory$DuplicateJsonObjectContextCustomizer@338c99c8, org.springframework.boot.test.mock.mockito.MockitoContextCustomizer@ad3122e0], contextLoader = 'org.springframework.test.context.support.DelegatingSmartContextLoader', parent = [null]]]
23:36:59.078 [Test worker] DEBUG org.springframework.test.context.cache - Spring test ApplicationContext cache statistics: [DefaultContextCache@743c6ce4 size = 1, maxSize = 32, parentContextCount = 0, hitCount = 210, missCount = 1]
23:36:59.078 [Test worker] DEBUG org.springframework.test.context.cache.DefaultCacheAwareContextLoaderDelegate - Retrieved ApplicationContext [974308356] from cache with key [[MergedContextConfiguration@72437d8d testClass = ScheduleServiceTest, locations = '{}', classes = '{class org.waldreg.schedule.management.DefaultScheduleManager}', contextInitializerClasses = '[]', activeProfiles = '{}', propertySourceLocations = '{}', propertySourceProperties = '{}', contextCustomizers = set[org.springframework.boot.test.autoconfigure.actuate.metrics.MetricsExportContextCustomizerFactory$DisableMetricExportContextCustomizer@181e731e, org.springframework.boot.test.autoconfigure.properties.PropertyMappingContextCustomizer@0, org.springframework.boot.test.autoconfigure.web.servlet.WebDriverContextCustomizerFactory$Customizer@479460a6, org.springframework.boot.test.context.filter.ExcludeFilterContextCustomizer@68702e03, org.springframework.boot.test.json.DuplicateJsonObjectContextCustomizerFactory$DuplicateJsonObjectContextCustomizer@338c99c8, org.springframework.boot.test.mock.mockito.MockitoContextCustomizer@ad3122e0], contextLoader = 'org.springframework.test.context.support.DelegatingSmartContextLoader', parent = [null]]]
23:36:59.078 [Test worker] DEBUG org.springframework.test.context.cache - Spring test ApplicationContext cache statistics: [DefaultContextCache@743c6ce4 size = 1, maxSize = 32, parentContextCount = 0, hitCount = 211, missCount = 1]
23:36:59.078 [Test worker] DEBUG org.springframework.test.context.cache.DefaultCacheAwareContextLoaderDelegate - Retrieved ApplicationContext [974308356] from cache with key [[MergedContextConfiguration@72437d8d testClass = ScheduleServiceTest, locations = '{}', classes = '{class org.waldreg.schedule.management.DefaultScheduleManager}', contextInitializerClasses = '[]', activeProfiles = '{}', propertySourceLocations = '{}', propertySourceProperties = '{}', contextCustomizers = set[org.springframework.boot.test.autoconfigure.actuate.metrics.MetricsExportContextCustomizerFactory$DisableMetricExportContextCustomizer@181e731e, org.springframework.boot.test.autoconfigure.properties.PropertyMappingContextCustomizer@0, org.springframework.boot.test.autoconfigure.web.servlet.WebDriverContextCustomizerFactory$Customizer@479460a6, org.springframework.boot.test.context.filter.ExcludeFilterContextCustomizer@68702e03, org.springframework.boot.test.json.DuplicateJsonObjectContextCustomizerFactory$DuplicateJsonObjectContextCustomizer@338c99c8, org.springframework.boot.test.mock.mockito.MockitoContextCustomizer@ad3122e0], contextLoader = 'org.springframework.test.context.support.DelegatingSmartContextLoader', parent = [null]]]
23:36:59.078 [Test worker] DEBUG org.springframework.test.context.cache - Spring test ApplicationContext cache statistics: [DefaultContextCache@743c6ce4 size = 1, maxSize = 32, parentContextCount = 0, hitCount = 212, missCount = 1]
23:36:59.078 [Test worker] DEBUG org.springframework.test.context.cache.DefaultCacheAwareContextLoaderDelegate - Retrieved ApplicationContext [974308356] from cache with key [[MergedContextConfiguration@72437d8d testClass = ScheduleServiceTest, locations = '{}', classes = '{class org.waldreg.schedule.management.DefaultScheduleManager}', contextInitializerClasses = '[]', activeProfiles = '{}', propertySourceLocations = '{}', propertySourceProperties = '{}', contextCustomizers = set[org.springframework.boot.test.autoconfigure.actuate.metrics.MetricsExportContextCustomizerFactory$DisableMetricExportContextCustomizer@181e731e, org.springframework.boot.test.autoconfigure.properties.PropertyMappingContextCustomizer@0, org.springframework.boot.test.autoconfigure.web.servlet.WebDriverContextCustomizerFactory$Customizer@479460a6, org.springframework.boot.test.context.filter.ExcludeFilterContextCustomizer@68702e03, org.springframework.boot.test.json.DuplicateJsonObjectContextCustomizerFactory$DuplicateJsonObjectContextCustomizer@338c99c8, org.springframework.boot.test.mock.mockito.MockitoContextCustomizer@ad3122e0], contextLoader = 'org.springframework.test.context.support.DelegatingSmartContextLoader', parent = [null]]]
23:36:59.078 [Test worker] DEBUG org.springframework.test.context.cache - Spring test ApplicationContext cache statistics: [DefaultContextCache@743c6ce4 size = 1, maxSize = 32, parentContextCount = 0, hitCount = 213, missCount = 1]
23:36:59.078 [Test worker] DEBUG org.springframework.test.context.cache.DefaultCacheAwareContextLoaderDelegate - Retrieved ApplicationContext [974308356] from cache with key [[MergedContextConfiguration@72437d8d testClass = ScheduleServiceTest, locations = '{}', classes = '{class org.waldreg.schedule.management.DefaultScheduleManager}', contextInitializerClasses = '[]', activeProfiles = '{}', propertySourceLocations = '{}', propertySourceProperties = '{}', contextCustomizers = set[org.springframework.boot.test.autoconfigure.actuate.metrics.MetricsExportContextCustomizerFactory$DisableMetricExportContextCustomizer@181e731e, org.springframework.boot.test.autoconfigure.properties.PropertyMappingContextCustomizer@0, org.springframework.boot.test.autoconfigure.web.servlet.WebDriverContextCustomizerFactory$Customizer@479460a6, org.springframework.boot.test.context.filter.ExcludeFilterContextCustomizer@68702e03, org.springframework.boot.test.json.DuplicateJsonObjectContextCustomizerFactory$DuplicateJsonObjectContextCustomizer@338c99c8, org.springframework.boot.test.mock.mockito.MockitoContextCustomizer@ad3122e0], contextLoader = 'org.springframework.test.context.support.DelegatingSmartContextLoader', parent = [null]]]
23:36:59.078 [Test worker] DEBUG org.springframework.test.context.cache - Spring test ApplicationContext cache statistics: [DefaultContextCache@743c6ce4 size = 1, maxSize = 32, parentContextCount = 0, hitCount = 214, missCount = 1]
23:36:59.078 [Test worker] DEBUG org.springframework.test.context.cache.DefaultCacheAwareContextLoaderDelegate - Retrieved ApplicationContext [974308356] from cache with key [[MergedContextConfiguration@72437d8d testClass = ScheduleServiceTest, locations = '{}', classes = '{class org.waldreg.schedule.management.DefaultScheduleManager}', contextInitializerClasses = '[]', activeProfiles = '{}', propertySourceLocations = '{}', propertySourceProperties = '{}', contextCustomizers = set[org.springframework.boot.test.autoconfigure.actuate.metrics.MetricsExportContextCustomizerFactory$DisableMetricExportContextCustomizer@181e731e, org.springframework.boot.test.autoconfigure.properties.PropertyMappingContextCustomizer@0, org.springframework.boot.test.autoconfigure.web.servlet.WebDriverContextCustomizerFactory$Customizer@479460a6, org.springframework.boot.test.context.filter.ExcludeFilterContextCustomizer@68702e03, org.springframework.boot.test.json.DuplicateJsonObjectContextCustomizerFactory$DuplicateJsonObjectContextCustomizer@338c99c8, org.springframework.boot.test.mock.mockito.MockitoContextCustomizer@ad3122e0], contextLoader = 'org.springframework.test.context.support.DelegatingSmartContextLoader', parent = [null]]]
23:36:59.078 [Test worker] DEBUG org.springframework.test.context.cache - Spring test ApplicationContext cache statistics: [DefaultContextCache@743c6ce4 size = 1, maxSize = 32, parentContextCount = 0, hitCount = 215, missCount = 1]
23:36:59.079 [Test worker] DEBUG org.springframework.test.context.support.AbstractDirtiesContextTestExecutionListener - After test method: context [DefaultTestContext@1c481ff2 testClass = ScheduleServiceTest, testInstance = org.waldreg.schedule.ScheduleServiceTest@10895b16, testMethod = UPDATE_SCHEDULE_FAIL_CAUSE_REPEAT_FINISH_AT_PRECEDE_SCHEDULE_TERM_TEST@ScheduleServiceTest, testException = [null], mergedContextConfiguration = [MergedContextConfiguration@72437d8d testClass = ScheduleServiceTest, locations = '{}', classes = '{class org.waldreg.schedule.management.DefaultScheduleManager}', contextInitializerClasses = '[]', activeProfiles = '{}', propertySourceLocations = '{}', propertySourceProperties = '{}', contextCustomizers = set[org.springframework.boot.test.autoconfigure.actuate.metrics.MetricsExportContextCustomizerFactory$DisableMetricExportContextCustomizer@181e731e, org.springframework.boot.test.autoconfigure.properties.PropertyMappingContextCustomizer@0, org.springframework.boot.test.autoconfigure.web.servlet.WebDriverContextCustomizerFactory$Customizer@479460a6, org.springframework.boot.test.context.filter.ExcludeFilterContextCustomizer@68702e03, org.springframework.boot.test.json.DuplicateJsonObjectContextCustomizerFactory$DuplicateJsonObjectContextCustomizer@338c99c8, org.springframework.boot.test.mock.mockito.MockitoContextCustomizer@ad3122e0], contextLoader = 'org.springframework.test.context.support.DelegatingSmartContextLoader', parent = [null]], attributes = map['org.springframework.test.context.event.ApplicationEventsTestExecutionListener.recordApplicationEvents' -> false]], class annotated with @DirtiesContext [false] with mode [null], method annotated with @DirtiesContext [false] with mode [null].
23:36:59.079 [Test worker] DEBUG org.springframework.test.context.cache.DefaultCacheAwareContextLoaderDelegate - Retrieved ApplicationContext [974308356] from cache with key [[MergedContextConfiguration@72437d8d testClass = ScheduleServiceTest, locations = '{}', classes = '{class org.waldreg.schedule.management.DefaultScheduleManager}', contextInitializerClasses = '[]', activeProfiles = '{}', propertySourceLocations = '{}', propertySourceProperties = '{}', contextCustomizers = set[org.springframework.boot.test.autoconfigure.actuate.metrics.MetricsExportContextCustomizerFactory$DisableMetricExportContextCustomizer@181e731e, org.springframework.boot.test.autoconfigure.properties.PropertyMappingContextCustomizer@0, org.springframework.boot.test.autoconfigure.web.servlet.WebDriverContextCustomizerFactory$Customizer@479460a6, org.springframework.boot.test.context.filter.ExcludeFilterContextCustomizer@68702e03, org.springframework.boot.test.json.DuplicateJsonObjectContextCustomizerFactory$DuplicateJsonObjectContextCustomizer@338c99c8, org.springframework.boot.test.mock.mockito.MockitoContextCustomizer@ad3122e0], contextLoader = 'org.springframework.test.context.support.DelegatingSmartContextLoader', parent = [null]]]
23:36:59.079 [Test worker] DEBUG org.springframework.test.context.cache - Spring test ApplicationContext cache statistics: [DefaultContextCache@743c6ce4 size = 1, maxSize = 32, parentContextCount = 0, hitCount = 216, missCount = 1]
23:36:59.079 [Test worker] DEBUG org.springframework.test.context.support.DependencyInjectionTestExecutionListener - Performing dependency injection for test context [[DefaultTestContext@1c481ff2 testClass = ScheduleServiceTest, testInstance = org.waldreg.schedule.ScheduleServiceTest@2cc03cd1, testMethod = [null], testException = [null], mergedContextConfiguration = [MergedContextConfiguration@72437d8d testClass = ScheduleServiceTest, locations = '{}', classes = '{class org.waldreg.schedule.management.DefaultScheduleManager}', contextInitializerClasses = '[]', activeProfiles = '{}', propertySourceLocations = '{}', propertySourceProperties = '{}', contextCustomizers = set[org.springframework.boot.test.autoconfigure.actuate.metrics.MetricsExportContextCustomizerFactory$DisableMetricExportContextCustomizer@181e731e, org.springframework.boot.test.autoconfigure.properties.PropertyMappingContextCustomizer@0, org.springframework.boot.test.autoconfigure.web.servlet.WebDriverContextCustomizerFactory$Customizer@479460a6, org.springframework.boot.test.context.filter.ExcludeFilterContextCustomizer@68702e03, org.springframework.boot.test.json.DuplicateJsonObjectContextCustomizerFactory$DuplicateJsonObjectContextCustomizer@338c99c8, org.springframework.boot.test.mock.mockito.MockitoContextCustomizer@ad3122e0], contextLoader = 'org.springframework.test.context.support.DelegatingSmartContextLoader', parent = [null]], attributes = map['org.springframework.test.context.event.ApplicationEventsTestExecutionListener.recordApplicationEvents' -> false]]].
23:36:59.079 [Test worker] DEBUG org.springframework.test.context.cache.DefaultCacheAwareContextLoaderDelegate - Retrieved ApplicationContext [974308356] from cache with key [[MergedContextConfiguration@72437d8d testClass = ScheduleServiceTest, locations = '{}', classes = '{class org.waldreg.schedule.management.DefaultScheduleManager}', contextInitializerClasses = '[]', activeProfiles = '{}', propertySourceLocations = '{}', propertySourceProperties = '{}', contextCustomizers = set[org.springframework.boot.test.autoconfigure.actuate.metrics.MetricsExportContextCustomizerFactory$DisableMetricExportContextCustomizer@181e731e, org.springframework.boot.test.autoconfigure.properties.PropertyMappingContextCustomizer@0, org.springframework.boot.test.autoconfigure.web.servlet.WebDriverContextCustomizerFactory$Customizer@479460a6, org.springframework.boot.test.context.filter.ExcludeFilterContextCustomizer@68702e03, org.springframework.boot.test.json.DuplicateJsonObjectContextCustomizerFactory$DuplicateJsonObjectContextCustomizer@338c99c8, org.springframework.boot.test.mock.mockito.MockitoContextCustomizer@ad3122e0], contextLoader = 'org.springframework.test.context.support.DelegatingSmartContextLoader', parent = [null]]]
23:36:59.079 [Test worker] DEBUG org.springframework.test.context.cache - Spring test ApplicationContext cache statistics: [DefaultContextCache@743c6ce4 size = 1, maxSize = 32, parentContextCount = 0, hitCount = 217, missCount = 1]
23:36:59.079 [Test worker] DEBUG org.springframework.test.context.cache.DefaultCacheAwareContextLoaderDelegate - Retrieved ApplicationContext [974308356] from cache with key [[MergedContextConfiguration@72437d8d testClass = ScheduleServiceTest, locations = '{}', classes = '{class org.waldreg.schedule.management.DefaultScheduleManager}', contextInitializerClasses = '[]', activeProfiles = '{}', propertySourceLocations = '{}', propertySourceProperties = '{}', contextCustomizers = set[org.springframework.boot.test.autoconfigure.actuate.metrics.MetricsExportContextCustomizerFactory$DisableMetricExportContextCustomizer@181e731e, org.springframework.boot.test.autoconfigure.properties.PropertyMappingContextCustomizer@0, org.springframework.boot.test.autoconfigure.web.servlet.WebDriverContextCustomizerFactory$Customizer@479460a6, org.springframework.boot.test.context.filter.ExcludeFilterContextCustomizer@68702e03, org.springframework.boot.test.json.DuplicateJsonObjectContextCustomizerFactory$DuplicateJsonObjectContextCustomizer@338c99c8, org.springframework.boot.test.mock.mockito.MockitoContextCustomizer@ad3122e0], contextLoader = 'org.springframework.test.context.support.DelegatingSmartContextLoader', parent = [null]]]
23:36:59.079 [Test worker] DEBUG org.springframework.test.context.cache - Spring test ApplicationContext cache statistics: [DefaultContextCache@743c6ce4 size = 1, maxSize = 32, parentContextCount = 0, hitCount = 218, missCount = 1]
23:36:59.080 [Test worker] DEBUG org.springframework.test.context.support.AbstractDirtiesContextTestExecutionListener - Before test method: context [DefaultTestContext@1c481ff2 testClass = ScheduleServiceTest, testInstance = org.waldreg.schedule.ScheduleServiceTest@2cc03cd1, testMethod = UPDATE_SCHEDULE_FAIL_CAUSE_INVALID_SCHEDULE_PERIOD_TEST@ScheduleServiceTest, testException = [null], mergedContextConfiguration = [MergedContextConfiguration@72437d8d testClass = ScheduleServiceTest, locations = '{}', classes = '{class org.waldreg.schedule.management.DefaultScheduleManager}', contextInitializerClasses = '[]', activeProfiles = '{}', propertySourceLocations = '{}', propertySourceProperties = '{}', contextCustomizers = set[org.springframework.boot.test.autoconfigure.actuate.metrics.MetricsExportContextCustomizerFactory$DisableMetricExportContextCustomizer@181e731e, org.springframework.boot.test.autoconfigure.properties.PropertyMappingContextCustomizer@0, org.springframework.boot.test.autoconfigure.web.servlet.WebDriverContextCustomizerFactory$Customizer@479460a6, org.springframework.boot.test.context.filter.ExcludeFilterContextCustomizer@68702e03, org.springframework.boot.test.json.DuplicateJsonObjectContextCustomizerFactory$DuplicateJsonObjectContextCustomizer@338c99c8, org.springframework.boot.test.mock.mockito.MockitoContextCustomizer@ad3122e0], contextLoader = 'org.springframework.test.context.support.DelegatingSmartContextLoader', parent = [null]], attributes = map['org.springframework.test.context.event.ApplicationEventsTestExecutionListener.recordApplicationEvents' -> false]], class annotated with @DirtiesContext [false] with mode [null], method annotated with @DirtiesContext [false] with mode [null].
23:36:59.080 [Test worker] DEBUG org.springframework.test.context.cache.DefaultCacheAwareContextLoaderDelegate - Retrieved ApplicationContext [974308356] from cache with key [[MergedContextConfiguration@72437d8d testClass = ScheduleServiceTest, locations = '{}', classes = '{class org.waldreg.schedule.management.DefaultScheduleManager}', contextInitializerClasses = '[]', activeProfiles = '{}', propertySourceLocations = '{}', propertySourceProperties = '{}', contextCustomizers = set[org.springframework.boot.test.autoconfigure.actuate.metrics.MetricsExportContextCustomizerFactory$DisableMetricExportContextCustomizer@181e731e, org.springframework.boot.test.autoconfigure.properties.PropertyMappingContextCustomizer@0, org.springframework.boot.test.autoconfigure.web.servlet.WebDriverContextCustomizerFactory$Customizer@479460a6, org.springframework.boot.test.context.filter.ExcludeFilterContextCustomizer@68702e03, org.springframework.boot.test.json.DuplicateJsonObjectContextCustomizerFactory$DuplicateJsonObjectContextCustomizer@338c99c8, org.springframework.boot.test.mock.mockito.MockitoContextCustomizer@ad3122e0], contextLoader = 'org.springframework.test.context.support.DelegatingSmartContextLoader', parent = [null]]]
23:36:59.080 [Test worker] DEBUG org.springframework.test.context.cache - Spring test ApplicationContext cache statistics: [DefaultContextCache@743c6ce4 size = 1, maxSize = 32, parentContextCount = 0, hitCount = 219, missCount = 1]
23:36:59.080 [Test worker] DEBUG org.springframework.test.context.cache.DefaultCacheAwareContextLoaderDelegate - Retrieved ApplicationContext [974308356] from cache with key [[MergedContextConfiguration@72437d8d testClass = ScheduleServiceTest, locations = '{}', classes = '{class org.waldreg.schedule.management.DefaultScheduleManager}', contextInitializerClasses = '[]', activeProfiles = '{}', propertySourceLocations = '{}', propertySourceProperties = '{}', contextCustomizers = set[org.springframework.boot.test.autoconfigure.actuate.metrics.MetricsExportContextCustomizerFactory$DisableMetricExportContextCustomizer@181e731e, org.springframework.boot.test.autoconfigure.properties.PropertyMappingContextCustomizer@0, org.springframework.boot.test.autoconfigure.web.servlet.WebDriverContextCustomizerFactory$Customizer@479460a6, org.springframework.boot.test.context.filter.ExcludeFilterContextCustomizer@68702e03, org.springframework.boot.test.json.DuplicateJsonObjectContextCustomizerFactory$DuplicateJsonObjectContextCustomizer@338c99c8, org.springframework.boot.test.mock.mockito.MockitoContextCustomizer@ad3122e0], contextLoader = 'org.springframework.test.context.support.DelegatingSmartContextLoader', parent = [null]]]
23:36:59.080 [Test worker] DEBUG org.springframework.test.context.cache - Spring test ApplicationContext cache statistics: [DefaultContextCache@743c6ce4 size = 1, maxSize = 32, parentContextCount = 0, hitCount = 220, missCount = 1]
23:36:59.081 [Test worker] DEBUG org.springframework.test.context.cache.DefaultCacheAwareContextLoaderDelegate - Retrieved ApplicationContext [974308356] from cache with key [[MergedContextConfiguration@72437d8d testClass = ScheduleServiceTest, locations = '{}', classes = '{class org.waldreg.schedule.management.DefaultScheduleManager}', contextInitializerClasses = '[]', activeProfiles = '{}', propertySourceLocations = '{}', propertySourceProperties = '{}', contextCustomizers = set[org.springframework.boot.test.autoconfigure.actuate.metrics.MetricsExportContextCustomizerFactory$DisableMetricExportContextCustomizer@181e731e, org.springframework.boot.test.autoconfigure.properties.PropertyMappingContextCustomizer@0, org.springframework.boot.test.autoconfigure.web.servlet.WebDriverContextCustomizerFactory$Customizer@479460a6, org.springframework.boot.test.context.filter.ExcludeFilterContextCustomizer@68702e03, org.springframework.boot.test.json.DuplicateJsonObjectContextCustomizerFactory$DuplicateJsonObjectContextCustomizer@338c99c8, org.springframework.boot.test.mock.mockito.MockitoContextCustomizer@ad3122e0], contextLoader = 'org.springframework.test.context.support.DelegatingSmartContextLoader', parent = [null]]]
23:36:59.081 [Test worker] DEBUG org.springframework.test.context.cache - Spring test ApplicationContext cache statistics: [DefaultContextCache@743c6ce4 size = 1, maxSize = 32, parentContextCount = 0, hitCount = 221, missCount = 1]
23:36:59.082 [Test worker] DEBUG org.springframework.test.context.cache.DefaultCacheAwareContextLoaderDelegate - Retrieved ApplicationContext [974308356] from cache with key [[MergedContextConfiguration@72437d8d testClass = ScheduleServiceTest, locations = '{}', classes = '{class org.waldreg.schedule.management.DefaultScheduleManager}', contextInitializerClasses = '[]', activeProfiles = '{}', propertySourceLocations = '{}', propertySourceProperties = '{}', contextCustomizers = set[org.springframework.boot.test.autoconfigure.actuate.metrics.MetricsExportContextCustomizerFactory$DisableMetricExportContextCustomizer@181e731e, org.springframework.boot.test.autoconfigure.properties.PropertyMappingContextCustomizer@0, org.springframework.boot.test.autoconfigure.web.servlet.WebDriverContextCustomizerFactory$Customizer@479460a6, org.springframework.boot.test.context.filter.ExcludeFilterContextCustomizer@68702e03, org.springframework.boot.test.json.DuplicateJsonObjectContextCustomizerFactory$DuplicateJsonObjectContextCustomizer@338c99c8, org.springframework.boot.test.mock.mockito.MockitoContextCustomizer@ad3122e0], contextLoader = 'org.springframework.test.context.support.DelegatingSmartContextLoader', parent = [null]]]
23:36:59.082 [Test worker] DEBUG org.springframework.test.context.cache - Spring test ApplicationContext cache statistics: [DefaultContextCache@743c6ce4 size = 1, maxSize = 32, parentContextCount = 0, hitCount = 222, missCount = 1]
23:36:59.082 [Test worker] DEBUG org.springframework.test.context.cache.DefaultCacheAwareContextLoaderDelegate - Retrieved ApplicationContext [974308356] from cache with key [[MergedContextConfiguration@72437d8d testClass = ScheduleServiceTest, locations = '{}', classes = '{class org.waldreg.schedule.management.DefaultScheduleManager}', contextInitializerClasses = '[]', activeProfiles = '{}', propertySourceLocations = '{}', propertySourceProperties = '{}', contextCustomizers = set[org.springframework.boot.test.autoconfigure.actuate.metrics.MetricsExportContextCustomizerFactory$DisableMetricExportContextCustomizer@181e731e, org.springframework.boot.test.autoconfigure.properties.PropertyMappingContextCustomizer@0, org.springframework.boot.test.autoconfigure.web.servlet.WebDriverContextCustomizerFactory$Customizer@479460a6, org.springframework.boot.test.context.filter.ExcludeFilterContextCustomizer@68702e03, org.springframework.boot.test.json.DuplicateJsonObjectContextCustomizerFactory$DuplicateJsonObjectContextCustomizer@338c99c8, org.springframework.boot.test.mock.mockito.MockitoContextCustomizer@ad3122e0], contextLoader = 'org.springframework.test.context.support.DelegatingSmartContextLoader', parent = [null]]]
23:36:59.082 [Test worker] DEBUG org.springframework.test.context.cache - Spring test ApplicationContext cache statistics: [DefaultContextCache@743c6ce4 size = 1, maxSize = 32, parentContextCount = 0, hitCount = 223, missCount = 1]
23:36:59.082 [Test worker] DEBUG org.springframework.test.context.cache.DefaultCacheAwareContextLoaderDelegate - Retrieved ApplicationContext [974308356] from cache with key [[MergedContextConfiguration@72437d8d testClass = ScheduleServiceTest, locations = '{}', classes = '{class org.waldreg.schedule.management.DefaultScheduleManager}', contextInitializerClasses = '[]', activeProfiles = '{}', propertySourceLocations = '{}', propertySourceProperties = '{}', contextCustomizers = set[org.springframework.boot.test.autoconfigure.actuate.metrics.MetricsExportContextCustomizerFactory$DisableMetricExportContextCustomizer@181e731e, org.springframework.boot.test.autoconfigure.properties.PropertyMappingContextCustomizer@0, org.springframework.boot.test.autoconfigure.web.servlet.WebDriverContextCustomizerFactory$Customizer@479460a6, org.springframework.boot.test.context.filter.ExcludeFilterContextCustomizer@68702e03, org.springframework.boot.test.json.DuplicateJsonObjectContextCustomizerFactory$DuplicateJsonObjectContextCustomizer@338c99c8, org.springframework.boot.test.mock.mockito.MockitoContextCustomizer@ad3122e0], contextLoader = 'org.springframework.test.context.support.DelegatingSmartContextLoader', parent = [null]]]
23:36:59.082 [Test worker] DEBUG org.springframework.test.context.cache - Spring test ApplicationContext cache statistics: [DefaultContextCache@743c6ce4 size = 1, maxSize = 32, parentContextCount = 0, hitCount = 224, missCount = 1]
23:36:59.082 [Test worker] DEBUG org.springframework.test.context.cache.DefaultCacheAwareContextLoaderDelegate - Retrieved ApplicationContext [974308356] from cache with key [[MergedContextConfiguration@72437d8d testClass = ScheduleServiceTest, locations = '{}', classes = '{class org.waldreg.schedule.management.DefaultScheduleManager}', contextInitializerClasses = '[]', activeProfiles = '{}', propertySourceLocations = '{}', propertySourceProperties = '{}', contextCustomizers = set[org.springframework.boot.test.autoconfigure.actuate.metrics.MetricsExportContextCustomizerFactory$DisableMetricExportContextCustomizer@181e731e, org.springframework.boot.test.autoconfigure.properties.PropertyMappingContextCustomizer@0, org.springframework.boot.test.autoconfigure.web.servlet.WebDriverContextCustomizerFactory$Customizer@479460a6, org.springframework.boot.test.context.filter.ExcludeFilterContextCustomizer@68702e03, org.springframework.boot.test.json.DuplicateJsonObjectContextCustomizerFactory$DuplicateJsonObjectContextCustomizer@338c99c8, org.springframework.boot.test.mock.mockito.MockitoContextCustomizer@ad3122e0], contextLoader = 'org.springframework.test.context.support.DelegatingSmartContextLoader', parent = [null]]]
23:36:59.082 [Test worker] DEBUG org.springframework.test.context.cache - Spring test ApplicationContext cache statistics: [DefaultContextCache@743c6ce4 size = 1, maxSize = 32, parentContextCount = 0, hitCount = 225, missCount = 1]
23:36:59.083 [Test worker] DEBUG org.springframework.test.context.cache.DefaultCacheAwareContextLoaderDelegate - Retrieved ApplicationContext [974308356] from cache with key [[MergedContextConfiguration@72437d8d testClass = ScheduleServiceTest, locations = '{}', classes = '{class org.waldreg.schedule.management.DefaultScheduleManager}', contextInitializerClasses = '[]', activeProfiles = '{}', propertySourceLocations = '{}', propertySourceProperties = '{}', contextCustomizers = set[org.springframework.boot.test.autoconfigure.actuate.metrics.MetricsExportContextCustomizerFactory$DisableMetricExportContextCustomizer@181e731e, org.springframework.boot.test.autoconfigure.properties.PropertyMappingContextCustomizer@0, org.springframework.boot.test.autoconfigure.web.servlet.WebDriverContextCustomizerFactory$Customizer@479460a6, org.springframework.boot.test.context.filter.ExcludeFilterContextCustomizer@68702e03, org.springframework.boot.test.json.DuplicateJsonObjectContextCustomizerFactory$DuplicateJsonObjectContextCustomizer@338c99c8, org.springframework.boot.test.mock.mockito.MockitoContextCustomizer@ad3122e0], contextLoader = 'org.springframework.test.context.support.DelegatingSmartContextLoader', parent = [null]]]
23:36:59.083 [Test worker] DEBUG org.springframework.test.context.cache - Spring test ApplicationContext cache statistics: [DefaultContextCache@743c6ce4 size = 1, maxSize = 32, parentContextCount = 0, hitCount = 226, missCount = 1]
23:36:59.083 [Test worker] DEBUG org.springframework.test.context.cache.DefaultCacheAwareContextLoaderDelegate - Retrieved ApplicationContext [974308356] from cache with key [[MergedContextConfiguration@72437d8d testClass = ScheduleServiceTest, locations = '{}', classes = '{class org.waldreg.schedule.management.DefaultScheduleManager}', contextInitializerClasses = '[]', activeProfiles = '{}', propertySourceLocations = '{}', propertySourceProperties = '{}', contextCustomizers = set[org.springframework.boot.test.autoconfigure.actuate.metrics.MetricsExportContextCustomizerFactory$DisableMetricExportContextCustomizer@181e731e, org.springframework.boot.test.autoconfigure.properties.PropertyMappingContextCustomizer@0, org.springframework.boot.test.autoconfigure.web.servlet.WebDriverContextCustomizerFactory$Customizer@479460a6, org.springframework.boot.test.context.filter.ExcludeFilterContextCustomizer@68702e03, org.springframework.boot.test.json.DuplicateJsonObjectContextCustomizerFactory$DuplicateJsonObjectContextCustomizer@338c99c8, org.springframework.boot.test.mock.mockito.MockitoContextCustomizer@ad3122e0], contextLoader = 'org.springframework.test.context.support.DelegatingSmartContextLoader', parent = [null]]]
23:36:59.083 [Test worker] DEBUG org.springframework.test.context.cache - Spring test ApplicationContext cache statistics: [DefaultContextCache@743c6ce4 size = 1, maxSize = 32, parentContextCount = 0, hitCount = 227, missCount = 1]
23:36:59.083 [Test worker] DEBUG org.springframework.test.context.support.AbstractDirtiesContextTestExecutionListener - After test method: context [DefaultTestContext@1c481ff2 testClass = ScheduleServiceTest, testInstance = org.waldreg.schedule.ScheduleServiceTest@2cc03cd1, testMethod = UPDATE_SCHEDULE_FAIL_CAUSE_INVALID_SCHEDULE_PERIOD_TEST@ScheduleServiceTest, testException = [null], mergedContextConfiguration = [MergedContextConfiguration@72437d8d testClass = ScheduleServiceTest, locations = '{}', classes = '{class org.waldreg.schedule.management.DefaultScheduleManager}', contextInitializerClasses = '[]', activeProfiles = '{}', propertySourceLocations = '{}', propertySourceProperties = '{}', contextCustomizers = set[org.springframework.boot.test.autoconfigure.actuate.metrics.MetricsExportContextCustomizerFactory$DisableMetricExportContextCustomizer@181e731e, org.springframework.boot.test.autoconfigure.properties.PropertyMappingContextCustomizer@0, org.springframework.boot.test.autoconfigure.web.servlet.WebDriverContextCustomizerFactory$Customizer@479460a6, org.springframework.boot.test.context.filter.ExcludeFilterContextCustomizer@68702e03, org.springframework.boot.test.json.DuplicateJsonObjectContextCustomizerFactory$DuplicateJsonObjectContextCustomizer@338c99c8, org.springframework.boot.test.mock.mockito.MockitoContextCustomizer@ad3122e0], contextLoader = 'org.springframework.test.context.support.DelegatingSmartContextLoader', parent = [null]], attributes = map['org.springframework.test.context.event.ApplicationEventsTestExecutionListener.recordApplicationEvents' -> false]], class annotated with @DirtiesContext [false] with mode [null], method annotated with @DirtiesContext [false] with mode [null].
23:36:59.083 [Test worker] DEBUG org.springframework.test.context.cache.DefaultCacheAwareContextLoaderDelegate - Retrieved ApplicationContext [974308356] from cache with key [[MergedContextConfiguration@72437d8d testClass = ScheduleServiceTest, locations = '{}', classes = '{class org.waldreg.schedule.management.DefaultScheduleManager}', contextInitializerClasses = '[]', activeProfiles = '{}', propertySourceLocations = '{}', propertySourceProperties = '{}', contextCustomizers = set[org.springframework.boot.test.autoconfigure.actuate.metrics.MetricsExportContextCustomizerFactory$DisableMetricExportContextCustomizer@181e731e, org.springframework.boot.test.autoconfigure.properties.PropertyMappingContextCustomizer@0, org.springframework.boot.test.autoconfigure.web.servlet.WebDriverContextCustomizerFactory$Customizer@479460a6, org.springframework.boot.test.context.filter.ExcludeFilterContextCustomizer@68702e03, org.springframework.boot.test.json.DuplicateJsonObjectContextCustomizerFactory$DuplicateJsonObjectContextCustomizer@338c99c8, org.springframework.boot.test.mock.mockito.MockitoContextCustomizer@ad3122e0], contextLoader = 'org.springframework.test.context.support.DelegatingSmartContextLoader', parent = [null]]]
23:36:59.083 [Test worker] DEBUG org.springframework.test.context.cache - Spring test ApplicationContext cache statistics: [DefaultContextCache@743c6ce4 size = 1, maxSize = 32, parentContextCount = 0, hitCount = 228, missCount = 1]
23:36:59.083 [Test worker] DEBUG org.springframework.test.context.support.DependencyInjectionTestExecutionListener - Performing dependency injection for test context [[DefaultTestContext@1c481ff2 testClass = ScheduleServiceTest, testInstance = org.waldreg.schedule.ScheduleServiceTest@64f16277, testMethod = [null], testException = [null], mergedContextConfiguration = [MergedContextConfiguration@72437d8d testClass = ScheduleServiceTest, locations = '{}', classes = '{class org.waldreg.schedule.management.DefaultScheduleManager}', contextInitializerClasses = '[]', activeProfiles = '{}', propertySourceLocations = '{}', propertySourceProperties = '{}', contextCustomizers = set[org.springframework.boot.test.autoconfigure.actuate.metrics.MetricsExportContextCustomizerFactory$DisableMetricExportContextCustomizer@181e731e, org.springframework.boot.test.autoconfigure.properties.PropertyMappingContextCustomizer@0, org.springframework.boot.test.autoconfigure.web.servlet.WebDriverContextCustomizerFactory$Customizer@479460a6, org.springframework.boot.test.context.filter.ExcludeFilterContextCustomizer@68702e03, org.springframework.boot.test.json.DuplicateJsonObjectContextCustomizerFactory$DuplicateJsonObjectContextCustomizer@338c99c8, org.springframework.boot.test.mock.mockito.MockitoContextCustomizer@ad3122e0], contextLoader = 'org.springframework.test.context.support.DelegatingSmartContextLoader', parent = [null]], attributes = map['org.springframework.test.context.event.ApplicationEventsTestExecutionListener.recordApplicationEvents' -> false]]].
23:36:59.084 [Test worker] DEBUG org.springframework.test.context.cache.DefaultCacheAwareContextLoaderDelegate - Retrieved ApplicationContext [974308356] from cache with key [[MergedContextConfiguration@72437d8d testClass = ScheduleServiceTest, locations = '{}', classes = '{class org.waldreg.schedule.management.DefaultScheduleManager}', contextInitializerClasses = '[]', activeProfiles = '{}', propertySourceLocations = '{}', propertySourceProperties = '{}', contextCustomizers = set[org.springframework.boot.test.autoconfigure.actuate.metrics.MetricsExportContextCustomizerFactory$DisableMetricExportContextCustomizer@181e731e, org.springframework.boot.test.autoconfigure.properties.PropertyMappingContextCustomizer@0, org.springframework.boot.test.autoconfigure.web.servlet.WebDriverContextCustomizerFactory$Customizer@479460a6, org.springframework.boot.test.context.filter.ExcludeFilterContextCustomizer@68702e03, org.springframework.boot.test.json.DuplicateJsonObjectContextCustomizerFactory$DuplicateJsonObjectContextCustomizer@338c99c8, org.springframework.boot.test.mock.mockito.MockitoContextCustomizer@ad3122e0], contextLoader = 'org.springframework.test.context.support.DelegatingSmartContextLoader', parent = [null]]]
23:36:59.084 [Test worker] DEBUG org.springframework.test.context.cache - Spring test ApplicationContext cache statistics: [DefaultContextCache@743c6ce4 size = 1, maxSize = 32, parentContextCount = 0, hitCount = 229, missCount = 1]
23:36:59.084 [Test worker] DEBUG org.springframework.test.context.cache.DefaultCacheAwareContextLoaderDelegate - Retrieved ApplicationContext [974308356] from cache with key [[MergedContextConfiguration@72437d8d testClass = ScheduleServiceTest, locations = '{}', classes = '{class org.waldreg.schedule.management.DefaultScheduleManager}', contextInitializerClasses = '[]', activeProfiles = '{}', propertySourceLocations = '{}', propertySourceProperties = '{}', contextCustomizers = set[org.springframework.boot.test.autoconfigure.actuate.metrics.MetricsExportContextCustomizerFactory$DisableMetricExportContextCustomizer@181e731e, org.springframework.boot.test.autoconfigure.properties.PropertyMappingContextCustomizer@0, org.springframework.boot.test.autoconfigure.web.servlet.WebDriverContextCustomizerFactory$Customizer@479460a6, org.springframework.boot.test.context.filter.ExcludeFilterContextCustomizer@68702e03, org.springframework.boot.test.json.DuplicateJsonObjectContextCustomizerFactory$DuplicateJsonObjectContextCustomizer@338c99c8, org.springframework.boot.test.mock.mockito.MockitoContextCustomizer@ad3122e0], contextLoader = 'org.springframework.test.context.support.DelegatingSmartContextLoader', parent = [null]]]
23:36:59.084 [Test worker] DEBUG org.springframework.test.context.cache - Spring test ApplicationContext cache statistics: [DefaultContextCache@743c6ce4 size = 1, maxSize = 32, parentContextCount = 0, hitCount = 230, missCount = 1]
23:36:59.085 [Test worker] DEBUG org.springframework.test.context.support.AbstractDirtiesContextTestExecutionListener - Before test method: context [DefaultTestContext@1c481ff2 testClass = ScheduleServiceTest, testInstance = org.waldreg.schedule.ScheduleServiceTest@64f16277, testMethod = CREATE_NEW_SCHEDULE_WITH_REPEAT_SUCCESS_TEST@ScheduleServiceTest, testException = [null], mergedContextConfiguration = [MergedContextConfiguration@72437d8d testClass = ScheduleServiceTest, locations = '{}', classes = '{class org.waldreg.schedule.management.DefaultScheduleManager}', contextInitializerClasses = '[]', activeProfiles = '{}', propertySourceLocations = '{}', propertySourceProperties = '{}', contextCustomizers = set[org.springframework.boot.test.autoconfigure.actuate.metrics.MetricsExportContextCustomizerFactory$DisableMetricExportContextCustomizer@181e731e, org.springframework.boot.test.autoconfigure.properties.PropertyMappingContextCustomizer@0, org.springframework.boot.test.autoconfigure.web.servlet.WebDriverContextCustomizerFactory$Customizer@479460a6, org.springframework.boot.test.context.filter.ExcludeFilterContextCustomizer@68702e03, org.springframework.boot.test.json.DuplicateJsonObjectContextCustomizerFactory$DuplicateJsonObjectContextCustomizer@338c99c8, org.springframework.boot.test.mock.mockito.MockitoContextCustomizer@ad3122e0], contextLoader = 'org.springframework.test.context.support.DelegatingSmartContextLoader', parent = [null]], attributes = map['org.springframework.test.context.event.ApplicationEventsTestExecutionListener.recordApplicationEvents' -> false]], class annotated with @DirtiesContext [false] with mode [null], method annotated with @DirtiesContext [false] with mode [null].
23:36:59.085 [Test worker] DEBUG org.springframework.test.context.cache.DefaultCacheAwareContextLoaderDelegate - Retrieved ApplicationContext [974308356] from cache with key [[MergedContextConfiguration@72437d8d testClass = ScheduleServiceTest, locations = '{}', classes = '{class org.waldreg.schedule.management.DefaultScheduleManager}', contextInitializerClasses = '[]', activeProfiles = '{}', propertySourceLocations = '{}', propertySourceProperties = '{}', contextCustomizers = set[org.springframework.boot.test.autoconfigure.actuate.metrics.MetricsExportContextCustomizerFactory$DisableMetricExportContextCustomizer@181e731e, org.springframework.boot.test.autoconfigure.properties.PropertyMappingContextCustomizer@0, org.springframework.boot.test.autoconfigure.web.servlet.WebDriverContextCustomizerFactory$Customizer@479460a6, org.springframework.boot.test.context.filter.ExcludeFilterContextCustomizer@68702e03, org.springframework.boot.test.json.DuplicateJsonObjectContextCustomizerFactory$DuplicateJsonObjectContextCustomizer@338c99c8, org.springframework.boot.test.mock.mockito.MockitoContextCustomizer@ad3122e0], contextLoader = 'org.springframework.test.context.support.DelegatingSmartContextLoader', parent = [null]]]
23:36:59.085 [Test worker] DEBUG org.springframework.test.context.cache - Spring test ApplicationContext cache statistics: [DefaultContextCache@743c6ce4 size = 1, maxSize = 32, parentContextCount = 0, hitCount = 231, missCount = 1]
23:36:59.085 [Test worker] DEBUG org.springframework.test.context.cache.DefaultCacheAwareContextLoaderDelegate - Retrieved ApplicationContext [974308356] from cache with key [[MergedContextConfiguration@72437d8d testClass = ScheduleServiceTest, locations = '{}', classes = '{class org.waldreg.schedule.management.DefaultScheduleManager}', contextInitializerClasses = '[]', activeProfiles = '{}', propertySourceLocations = '{}', propertySourceProperties = '{}', contextCustomizers = set[org.springframework.boot.test.autoconfigure.actuate.metrics.MetricsExportContextCustomizerFactory$DisableMetricExportContextCustomizer@181e731e, org.springframework.boot.test.autoconfigure.properties.PropertyMappingContextCustomizer@0, org.springframework.boot.test.autoconfigure.web.servlet.WebDriverContextCustomizerFactory$Customizer@479460a6, org.springframework.boot.test.context.filter.ExcludeFilterContextCustomizer@68702e03, org.springframework.boot.test.json.DuplicateJsonObjectContextCustomizerFactory$DuplicateJsonObjectContextCustomizer@338c99c8, org.springframework.boot.test.mock.mockito.MockitoContextCustomizer@ad3122e0], contextLoader = 'org.springframework.test.context.support.DelegatingSmartContextLoader', parent = [null]]]
23:36:59.085 [Test worker] DEBUG org.springframework.test.context.cache - Spring test ApplicationContext cache statistics: [DefaultContextCache@743c6ce4 size = 1, maxSize = 32, parentContextCount = 0, hitCount = 232, missCount = 1]
23:36:59.085 [Test worker] DEBUG org.springframework.test.context.cache.DefaultCacheAwareContextLoaderDelegate - Retrieved ApplicationContext [974308356] from cache with key [[MergedContextConfiguration@72437d8d testClass = ScheduleServiceTest, locations = '{}', classes = '{class org.waldreg.schedule.management.DefaultScheduleManager}', contextInitializerClasses = '[]', activeProfiles = '{}', propertySourceLocations = '{}', propertySourceProperties = '{}', contextCustomizers = set[org.springframework.boot.test.autoconfigure.actuate.metrics.MetricsExportContextCustomizerFactory$DisableMetricExportContextCustomizer@181e731e, org.springframework.boot.test.autoconfigure.properties.PropertyMappingContextCustomizer@0, org.springframework.boot.test.autoconfigure.web.servlet.WebDriverContextCustomizerFactory$Customizer@479460a6, org.springframework.boot.test.context.filter.ExcludeFilterContextCustomizer@68702e03, org.springframework.boot.test.json.DuplicateJsonObjectContextCustomizerFactory$DuplicateJsonObjectContextCustomizer@338c99c8, org.springframework.boot.test.mock.mockito.MockitoContextCustomizer@ad3122e0], contextLoader = 'org.springframework.test.context.support.DelegatingSmartContextLoader', parent = [null]]]
23:36:59.085 [Test worker] DEBUG org.springframework.test.context.cache - Spring test ApplicationContext cache statistics: [DefaultContextCache@743c6ce4 size = 1, maxSize = 32, parentContextCount = 0, hitCount = 233, missCount = 1]
23:36:59.086 [Test worker] DEBUG org.springframework.test.context.cache.DefaultCacheAwareContextLoaderDelegate - Retrieved ApplicationContext [974308356] from cache with key [[MergedContextConfiguration@72437d8d testClass = ScheduleServiceTest, locations = '{}', classes = '{class org.waldreg.schedule.management.DefaultScheduleManager}', contextInitializerClasses = '[]', activeProfiles = '{}', propertySourceLocations = '{}', propertySourceProperties = '{}', contextCustomizers = set[org.springframework.boot.test.autoconfigure.actuate.metrics.MetricsExportContextCustomizerFactory$DisableMetricExportContextCustomizer@181e731e, org.springframework.boot.test.autoconfigure.properties.PropertyMappingContextCustomizer@0, org.springframework.boot.test.autoconfigure.web.servlet.WebDriverContextCustomizerFactory$Customizer@479460a6, org.springframework.boot.test.context.filter.ExcludeFilterContextCustomizer@68702e03, org.springframework.boot.test.json.DuplicateJsonObjectContextCustomizerFactory$DuplicateJsonObjectContextCustomizer@338c99c8, org.springframework.boot.test.mock.mockito.MockitoContextCustomizer@ad3122e0], contextLoader = 'org.springframework.test.context.support.DelegatingSmartContextLoader', parent = [null]]]
23:36:59.086 [Test worker] DEBUG org.springframework.test.context.cache - Spring test ApplicationContext cache statistics: [DefaultContextCache@743c6ce4 size = 1, maxSize = 32, parentContextCount = 0, hitCount = 234, missCount = 1]
23:36:59.086 [Test worker] DEBUG org.springframework.test.context.cache.DefaultCacheAwareContextLoaderDelegate - Retrieved ApplicationContext [974308356] from cache with key [[MergedContextConfiguration@72437d8d testClass = ScheduleServiceTest, locations = '{}', classes = '{class org.waldreg.schedule.management.DefaultScheduleManager}', contextInitializerClasses = '[]', activeProfiles = '{}', propertySourceLocations = '{}', propertySourceProperties = '{}', contextCustomizers = set[org.springframework.boot.test.autoconfigure.actuate.metrics.MetricsExportContextCustomizerFactory$DisableMetricExportContextCustomizer@181e731e, org.springframework.boot.test.autoconfigure.properties.PropertyMappingContextCustomizer@0, org.springframework.boot.test.autoconfigure.web.servlet.WebDriverContextCustomizerFactory$Customizer@479460a6, org.springframework.boot.test.context.filter.ExcludeFilterContextCustomizer@68702e03, org.springframework.boot.test.json.DuplicateJsonObjectContextCustomizerFactory$DuplicateJsonObjectContextCustomizer@338c99c8, org.springframework.boot.test.mock.mockito.MockitoContextCustomizer@ad3122e0], contextLoader = 'org.springframework.test.context.support.DelegatingSmartContextLoader', parent = [null]]]
23:36:59.086 [Test worker] DEBUG org.springframework.test.context.cache - Spring test ApplicationContext cache statistics: [DefaultContextCache@743c6ce4 size = 1, maxSize = 32, parentContextCount = 0, hitCount = 235, missCount = 1]
23:36:59.086 [Test worker] DEBUG org.springframework.test.context.cache.DefaultCacheAwareContextLoaderDelegate - Retrieved ApplicationContext [974308356] from cache with key [[MergedContextConfiguration@72437d8d testClass = ScheduleServiceTest, locations = '{}', classes = '{class org.waldreg.schedule.management.DefaultScheduleManager}', contextInitializerClasses = '[]', activeProfiles = '{}', propertySourceLocations = '{}', propertySourceProperties = '{}', contextCustomizers = set[org.springframework.boot.test.autoconfigure.actuate.metrics.MetricsExportContextCustomizerFactory$DisableMetricExportContextCustomizer@181e731e, org.springframework.boot.test.autoconfigure.properties.PropertyMappingContextCustomizer@0, org.springframework.boot.test.autoconfigure.web.servlet.WebDriverContextCustomizerFactory$Customizer@479460a6, org.springframework.boot.test.context.filter.ExcludeFilterContextCustomizer@68702e03, org.springframework.boot.test.json.DuplicateJsonObjectContextCustomizerFactory$DuplicateJsonObjectContextCustomizer@338c99c8, org.springframework.boot.test.mock.mockito.MockitoContextCustomizer@ad3122e0], contextLoader = 'org.springframework.test.context.support.DelegatingSmartContextLoader', parent = [null]]]
23:36:59.086 [Test worker] DEBUG org.springframework.test.context.cache - Spring test ApplicationContext cache statistics: [DefaultContextCache@743c6ce4 size = 1, maxSize = 32, parentContextCount = 0, hitCount = 236, missCount = 1]
23:36:59.086 [Test worker] DEBUG org.springframework.test.context.cache.DefaultCacheAwareContextLoaderDelegate - Retrieved ApplicationContext [974308356] from cache with key [[MergedContextConfiguration@72437d8d testClass = ScheduleServiceTest, locations = '{}', classes = '{class org.waldreg.schedule.management.DefaultScheduleManager}', contextInitializerClasses = '[]', activeProfiles = '{}', propertySourceLocations = '{}', propertySourceProperties = '{}', contextCustomizers = set[org.springframework.boot.test.autoconfigure.actuate.metrics.MetricsExportContextCustomizerFactory$DisableMetricExportContextCustomizer@181e731e, org.springframework.boot.test.autoconfigure.properties.PropertyMappingContextCustomizer@0, org.springframework.boot.test.autoconfigure.web.servlet.WebDriverContextCustomizerFactory$Customizer@479460a6, org.springframework.boot.test.context.filter.ExcludeFilterContextCustomizer@68702e03, org.springframework.boot.test.json.DuplicateJsonObjectContextCustomizerFactory$DuplicateJsonObjectContextCustomizer@338c99c8, org.springframework.boot.test.mock.mockito.MockitoContextCustomizer@ad3122e0], contextLoader = 'org.springframework.test.context.support.DelegatingSmartContextLoader', parent = [null]]]
23:36:59.086 [Test worker] DEBUG org.springframework.test.context.cache - Spring test ApplicationContext cache statistics: [DefaultContextCache@743c6ce4 size = 1, maxSize = 32, parentContextCount = 0, hitCount = 237, missCount = 1]
23:36:59.086 [Test worker] DEBUG org.springframework.test.context.cache.DefaultCacheAwareContextLoaderDelegate - Retrieved ApplicationContext [974308356] from cache with key [[MergedContextConfiguration@72437d8d testClass = ScheduleServiceTest, locations = '{}', classes = '{class org.waldreg.schedule.management.DefaultScheduleManager}', contextInitializerClasses = '[]', activeProfiles = '{}', propertySourceLocations = '{}', propertySourceProperties = '{}', contextCustomizers = set[org.springframework.boot.test.autoconfigure.actuate.metrics.MetricsExportContextCustomizerFactory$DisableMetricExportContextCustomizer@181e731e, org.springframework.boot.test.autoconfigure.properties.PropertyMappingContextCustomizer@0, org.springframework.boot.test.autoconfigure.web.servlet.WebDriverContextCustomizerFactory$Customizer@479460a6, org.springframework.boot.test.context.filter.ExcludeFilterContextCustomizer@68702e03, org.springframework.boot.test.json.DuplicateJsonObjectContextCustomizerFactory$DuplicateJsonObjectContextCustomizer@338c99c8, org.springframework.boot.test.mock.mockito.MockitoContextCustomizer@ad3122e0], contextLoader = 'org.springframework.test.context.support.DelegatingSmartContextLoader', parent = [null]]]
23:36:59.086 [Test worker] DEBUG org.springframework.test.context.cache - Spring test ApplicationContext cache statistics: [DefaultContextCache@743c6ce4 size = 1, maxSize = 32, parentContextCount = 0, hitCount = 238, missCount = 1]
23:36:59.086 [Test worker] DEBUG org.springframework.test.context.cache.DefaultCacheAwareContextLoaderDelegate - Retrieved ApplicationContext [974308356] from cache with key [[MergedContextConfiguration@72437d8d testClass = ScheduleServiceTest, locations = '{}', classes = '{class org.waldreg.schedule.management.DefaultScheduleManager}', contextInitializerClasses = '[]', activeProfiles = '{}', propertySourceLocations = '{}', propertySourceProperties = '{}', contextCustomizers = set[org.springframework.boot.test.autoconfigure.actuate.metrics.MetricsExportContextCustomizerFactory$DisableMetricExportContextCustomizer@181e731e, org.springframework.boot.test.autoconfigure.properties.PropertyMappingContextCustomizer@0, org.springframework.boot.test.autoconfigure.web.servlet.WebDriverContextCustomizerFactory$Customizer@479460a6, org.springframework.boot.test.context.filter.ExcludeFilterContextCustomizer@68702e03, org.springframework.boot.test.json.DuplicateJsonObjectContextCustomizerFactory$DuplicateJsonObjectContextCustomizer@338c99c8, org.springframework.boot.test.mock.mockito.MockitoContextCustomizer@ad3122e0], contextLoader = 'org.springframework.test.context.support.DelegatingSmartContextLoader', parent = [null]]]
23:36:59.086 [Test worker] DEBUG org.springframework.test.context.cache - Spring test ApplicationContext cache statistics: [DefaultContextCache@743c6ce4 size = 1, maxSize = 32, parentContextCount = 0, hitCount = 239, missCount = 1]
23:36:59.086 [Test worker] DEBUG org.springframework.test.context.support.AbstractDirtiesContextTestExecutionListener - After test method: context [DefaultTestContext@1c481ff2 testClass = ScheduleServiceTest, testInstance = org.waldreg.schedule.ScheduleServiceTest@64f16277, testMethod = CREATE_NEW_SCHEDULE_WITH_REPEAT_SUCCESS_TEST@ScheduleServiceTest, testException = [null], mergedContextConfiguration = [MergedContextConfiguration@72437d8d testClass = ScheduleServiceTest, locations = '{}', classes = '{class org.waldreg.schedule.management.DefaultScheduleManager}', contextInitializerClasses = '[]', activeProfiles = '{}', propertySourceLocations = '{}', propertySourceProperties = '{}', contextCustomizers = set[org.springframework.boot.test.autoconfigure.actuate.metrics.MetricsExportContextCustomizerFactory$DisableMetricExportContextCustomizer@181e731e, org.springframework.boot.test.autoconfigure.properties.PropertyMappingContextCustomizer@0, org.springframework.boot.test.autoconfigure.web.servlet.WebDriverContextCustomizerFactory$Customizer@479460a6, org.springframework.boot.test.context.filter.ExcludeFilterContextCustomizer@68702e03, org.springframework.boot.test.json.DuplicateJsonObjectContextCustomizerFactory$DuplicateJsonObjectContextCustomizer@338c99c8, org.springframework.boot.test.mock.mockito.MockitoContextCustomizer@ad3122e0], contextLoader = 'org.springframework.test.context.support.DelegatingSmartContextLoader', parent = [null]], attributes = map['org.springframework.test.context.event.ApplicationEventsTestExecutionListener.recordApplicationEvents' -> false]], class annotated with @DirtiesContext [false] with mode [null], method annotated with @DirtiesContext [false] with mode [null].
23:36:59.087 [Test worker] DEBUG org.springframework.test.context.cache.DefaultCacheAwareContextLoaderDelegate - Retrieved ApplicationContext [974308356] from cache with key [[MergedContextConfiguration@72437d8d testClass = ScheduleServiceTest, locations = '{}', classes = '{class org.waldreg.schedule.management.DefaultScheduleManager}', contextInitializerClasses = '[]', activeProfiles = '{}', propertySourceLocations = '{}', propertySourceProperties = '{}', contextCustomizers = set[org.springframework.boot.test.autoconfigure.actuate.metrics.MetricsExportContextCustomizerFactory$DisableMetricExportContextCustomizer@181e731e, org.springframework.boot.test.autoconfigure.properties.PropertyMappingContextCustomizer@0, org.springframework.boot.test.autoconfigure.web.servlet.WebDriverContextCustomizerFactory$Customizer@479460a6, org.springframework.boot.test.context.filter.ExcludeFilterContextCustomizer@68702e03, org.springframework.boot.test.json.DuplicateJsonObjectContextCustomizerFactory$DuplicateJsonObjectContextCustomizer@338c99c8, org.springframework.boot.test.mock.mockito.MockitoContextCustomizer@ad3122e0], contextLoader = 'org.springframework.test.context.support.DelegatingSmartContextLoader', parent = [null]]]
23:36:59.087 [Test worker] DEBUG org.springframework.test.context.cache - Spring test ApplicationContext cache statistics: [DefaultContextCache@743c6ce4 size = 1, maxSize = 32, parentContextCount = 0, hitCount = 240, missCount = 1]
23:36:59.087 [Test worker] DEBUG org.springframework.test.context.support.DependencyInjectionTestExecutionListener - Performing dependency injection for test context [[DefaultTestContext@1c481ff2 testClass = ScheduleServiceTest, testInstance = org.waldreg.schedule.ScheduleServiceTest@3b9632d1, testMethod = [null], testException = [null], mergedContextConfiguration = [MergedContextConfiguration@72437d8d testClass = ScheduleServiceTest, locations = '{}', classes = '{class org.waldreg.schedule.management.DefaultScheduleManager}', contextInitializerClasses = '[]', activeProfiles = '{}', propertySourceLocations = '{}', propertySourceProperties = '{}', contextCustomizers = set[org.springframework.boot.test.autoconfigure.actuate.metrics.MetricsExportContextCustomizerFactory$DisableMetricExportContextCustomizer@181e731e, org.springframework.boot.test.autoconfigure.properties.PropertyMappingContextCustomizer@0, org.springframework.boot.test.autoconfigure.web.servlet.WebDriverContextCustomizerFactory$Customizer@479460a6, org.springframework.boot.test.context.filter.ExcludeFilterContextCustomizer@68702e03, org.springframework.boot.test.json.DuplicateJsonObjectContextCustomizerFactory$DuplicateJsonObjectContextCustomizer@338c99c8, org.springframework.boot.test.mock.mockito.MockitoContextCustomizer@ad3122e0], contextLoader = 'org.springframework.test.context.support.DelegatingSmartContextLoader', parent = [null]], attributes = map['org.springframework.test.context.event.ApplicationEventsTestExecutionListener.recordApplicationEvents' -> false]]].
23:36:59.087 [Test worker] DEBUG org.springframework.test.context.cache.DefaultCacheAwareContextLoaderDelegate - Retrieved ApplicationContext [974308356] from cache with key [[MergedContextConfiguration@72437d8d testClass = ScheduleServiceTest, locations = '{}', classes = '{class org.waldreg.schedule.management.DefaultScheduleManager}', contextInitializerClasses = '[]', activeProfiles = '{}', propertySourceLocations = '{}', propertySourceProperties = '{}', contextCustomizers = set[org.springframework.boot.test.autoconfigure.actuate.metrics.MetricsExportContextCustomizerFactory$DisableMetricExportContextCustomizer@181e731e, org.springframework.boot.test.autoconfigure.properties.PropertyMappingContextCustomizer@0, org.springframework.boot.test.autoconfigure.web.servlet.WebDriverContextCustomizerFactory$Customizer@479460a6, org.springframework.boot.test.context.filter.ExcludeFilterContextCustomizer@68702e03, org.springframework.boot.test.json.DuplicateJsonObjectContextCustomizerFactory$DuplicateJsonObjectContextCustomizer@338c99c8, org.springframework.boot.test.mock.mockito.MockitoContextCustomizer@ad3122e0], contextLoader = 'org.springframework.test.context.support.DelegatingSmartContextLoader', parent = [null]]]
23:36:59.087 [Test worker] DEBUG org.springframework.test.context.cache - Spring test ApplicationContext cache statistics: [DefaultContextCache@743c6ce4 size = 1, maxSize = 32, parentContextCount = 0, hitCount = 241, missCount = 1]
23:36:59.087 [Test worker] DEBUG org.springframework.test.context.cache.DefaultCacheAwareContextLoaderDelegate - Retrieved ApplicationContext [974308356] from cache with key [[MergedContextConfiguration@72437d8d testClass = ScheduleServiceTest, locations = '{}', classes = '{class org.waldreg.schedule.management.DefaultScheduleManager}', contextInitializerClasses = '[]', activeProfiles = '{}', propertySourceLocations = '{}', propertySourceProperties = '{}', contextCustomizers = set[org.springframework.boot.test.autoconfigure.actuate.metrics.MetricsExportContextCustomizerFactory$DisableMetricExportContextCustomizer@181e731e, org.springframework.boot.test.autoconfigure.properties.PropertyMappingContextCustomizer@0, org.springframework.boot.test.autoconfigure.web.servlet.WebDriverContextCustomizerFactory$Customizer@479460a6, org.springframework.boot.test.context.filter.ExcludeFilterContextCustomizer@68702e03, org.springframework.boot.test.json.DuplicateJsonObjectContextCustomizerFactory$DuplicateJsonObjectContextCustomizer@338c99c8, org.springframework.boot.test.mock.mockito.MockitoContextCustomizer@ad3122e0], contextLoader = 'org.springframework.test.context.support.DelegatingSmartContextLoader', parent = [null]]]
23:36:59.087 [Test worker] DEBUG org.springframework.test.context.cache - Spring test ApplicationContext cache statistics: [DefaultContextCache@743c6ce4 size = 1, maxSize = 32, parentContextCount = 0, hitCount = 242, missCount = 1]
23:36:59.087 [Test worker] DEBUG org.springframework.test.context.support.AbstractDirtiesContextTestExecutionListener - Before test method: context [DefaultTestContext@1c481ff2 testClass = ScheduleServiceTest, testInstance = org.waldreg.schedule.ScheduleServiceTest@3b9632d1, testMethod = UPDATE_SCHEDULE_FAIL_CAUSE_INVALID_REPEAT_FINISH_AT_TEST@ScheduleServiceTest, testException = [null], mergedContextConfiguration = [MergedContextConfiguration@72437d8d testClass = ScheduleServiceTest, locations = '{}', classes = '{class org.waldreg.schedule.management.DefaultScheduleManager}', contextInitializerClasses = '[]', activeProfiles = '{}', propertySourceLocations = '{}', propertySourceProperties = '{}', contextCustomizers = set[org.springframework.boot.test.autoconfigure.actuate.metrics.MetricsExportContextCustomizerFactory$DisableMetricExportContextCustomizer@181e731e, org.springframework.boot.test.autoconfigure.properties.PropertyMappingContextCustomizer@0, org.springframework.boot.test.autoconfigure.web.servlet.WebDriverContextCustomizerFactory$Customizer@479460a6, org.springframework.boot.test.context.filter.ExcludeFilterContextCustomizer@68702e03, org.springframework.boot.test.json.DuplicateJsonObjectContextCustomizerFactory$DuplicateJsonObjectContextCustomizer@338c99c8, org.springframework.boot.test.mock.mockito.MockitoContextCustomizer@ad3122e0], contextLoader = 'org.springframework.test.context.support.DelegatingSmartContextLoader', parent = [null]], attributes = map['org.springframework.test.context.event.ApplicationEventsTestExecutionListener.recordApplicationEvents' -> false]], class annotated with @DirtiesContext [false] with mode [null], method annotated with @DirtiesContext [false] with mode [null].
23:36:59.087 [Test worker] DEBUG org.springframework.test.context.cache.DefaultCacheAwareContextLoaderDelegate - Retrieved ApplicationContext [974308356] from cache with key [[MergedContextConfiguration@72437d8d testClass = ScheduleServiceTest, locations = '{}', classes = '{class org.waldreg.schedule.management.DefaultScheduleManager}', contextInitializerClasses = '[]', activeProfiles = '{}', propertySourceLocations = '{}', propertySourceProperties = '{}', contextCustomizers = set[org.springframework.boot.test.autoconfigure.actuate.metrics.MetricsExportContextCustomizerFactory$DisableMetricExportContextCustomizer@181e731e, org.springframework.boot.test.autoconfigure.properties.PropertyMappingContextCustomizer@0, org.springframework.boot.test.autoconfigure.web.servlet.WebDriverContextCustomizerFactory$Customizer@479460a6, org.springframework.boot.test.context.filter.ExcludeFilterContextCustomizer@68702e03, org.springframework.boot.test.json.DuplicateJsonObjectContextCustomizerFactory$DuplicateJsonObjectContextCustomizer@338c99c8, org.springframework.boot.test.mock.mockito.MockitoContextCustomizer@ad3122e0], contextLoader = 'org.springframework.test.context.support.DelegatingSmartContextLoader', parent = [null]]]
23:36:59.087 [Test worker] DEBUG org.springframework.test.context.cache - Spring test ApplicationContext cache statistics: [DefaultContextCache@743c6ce4 size = 1, maxSize = 32, parentContextCount = 0, hitCount = 243, missCount = 1]
23:36:59.087 [Test worker] DEBUG org.springframework.test.context.cache.DefaultCacheAwareContextLoaderDelegate - Retrieved ApplicationContext [974308356] from cache with key [[MergedContextConfiguration@72437d8d testClass = ScheduleServiceTest, locations = '{}', classes = '{class org.waldreg.schedule.management.DefaultScheduleManager}', contextInitializerClasses = '[]', activeProfiles = '{}', propertySourceLocations = '{}', propertySourceProperties = '{}', contextCustomizers = set[org.springframework.boot.test.autoconfigure.actuate.metrics.MetricsExportContextCustomizerFactory$DisableMetricExportContextCustomizer@181e731e, org.springframework.boot.test.autoconfigure.properties.PropertyMappingContextCustomizer@0, org.springframework.boot.test.autoconfigure.web.servlet.WebDriverContextCustomizerFactory$Customizer@479460a6, org.springframework.boot.test.context.filter.ExcludeFilterContextCustomizer@68702e03, org.springframework.boot.test.json.DuplicateJsonObjectContextCustomizerFactory$DuplicateJsonObjectContextCustomizer@338c99c8, org.springframework.boot.test.mock.mockito.MockitoContextCustomizer@ad3122e0], contextLoader = 'org.springframework.test.context.support.DelegatingSmartContextLoader', parent = [null]]]
23:36:59.087 [Test worker] DEBUG org.springframework.test.context.cache - Spring test ApplicationContext cache statistics: [DefaultContextCache@743c6ce4 size = 1, maxSize = 32, parentContextCount = 0, hitCount = 244, missCount = 1]
23:36:59.087 [Test worker] DEBUG org.springframework.test.context.cache.DefaultCacheAwareContextLoaderDelegate - Retrieved ApplicationContext [974308356] from cache with key [[MergedContextConfiguration@72437d8d testClass = ScheduleServiceTest, locations = '{}', classes = '{class org.waldreg.schedule.management.DefaultScheduleManager}', contextInitializerClasses = '[]', activeProfiles = '{}', propertySourceLocations = '{}', propertySourceProperties = '{}', contextCustomizers = set[org.springframework.boot.test.autoconfigure.actuate.metrics.MetricsExportContextCustomizerFactory$DisableMetricExportContextCustomizer@181e731e, org.springframework.boot.test.autoconfigure.properties.PropertyMappingContextCustomizer@0, org.springframework.boot.test.autoconfigure.web.servlet.WebDriverContextCustomizerFactory$Customizer@479460a6, org.springframework.boot.test.context.filter.ExcludeFilterContextCustomizer@68702e03, org.springframework.boot.test.json.DuplicateJsonObjectContextCustomizerFactory$DuplicateJsonObjectContextCustomizer@338c99c8, org.springframework.boot.test.mock.mockito.MockitoContextCustomizer@ad3122e0], contextLoader = 'org.springframework.test.context.support.DelegatingSmartContextLoader', parent = [null]]]
23:36:59.088 [Test worker] DEBUG org.springframework.test.context.cache - Spring test ApplicationContext cache statistics: [DefaultContextCache@743c6ce4 size = 1, maxSize = 32, parentContextCount = 0, hitCount = 245, missCount = 1]
23:36:59.089 [Test worker] DEBUG org.springframework.test.context.cache.DefaultCacheAwareContextLoaderDelegate - Retrieved ApplicationContext [974308356] from cache with key [[MergedContextConfiguration@72437d8d testClass = ScheduleServiceTest, locations = '{}', classes = '{class org.waldreg.schedule.management.DefaultScheduleManager}', contextInitializerClasses = '[]', activeProfiles = '{}', propertySourceLocations = '{}', propertySourceProperties = '{}', contextCustomizers = set[org.springframework.boot.test.autoconfigure.actuate.metrics.MetricsExportContextCustomizerFactory$DisableMetricExportContextCustomizer@181e731e, org.springframework.boot.test.autoconfigure.properties.PropertyMappingContextCustomizer@0, org.springframework.boot.test.autoconfigure.web.servlet.WebDriverContextCustomizerFactory$Customizer@479460a6, org.springframework.boot.test.context.filter.ExcludeFilterContextCustomizer@68702e03, org.springframework.boot.test.json.DuplicateJsonObjectContextCustomizerFactory$DuplicateJsonObjectContextCustomizer@338c99c8, org.springframework.boot.test.mock.mockito.MockitoContextCustomizer@ad3122e0], contextLoader = 'org.springframework.test.context.support.DelegatingSmartContextLoader', parent = [null]]]
23:36:59.089 [Test worker] DEBUG org.springframework.test.context.cache - Spring test ApplicationContext cache statistics: [DefaultContextCache@743c6ce4 size = 1, maxSize = 32, parentContextCount = 0, hitCount = 246, missCount = 1]
23:36:59.089 [Test worker] DEBUG org.springframework.test.context.cache.DefaultCacheAwareContextLoaderDelegate - Retrieved ApplicationContext [974308356] from cache with key [[MergedContextConfiguration@72437d8d testClass = ScheduleServiceTest, locations = '{}', classes = '{class org.waldreg.schedule.management.DefaultScheduleManager}', contextInitializerClasses = '[]', activeProfiles = '{}', propertySourceLocations = '{}', propertySourceProperties = '{}', contextCustomizers = set[org.springframework.boot.test.autoconfigure.actuate.metrics.MetricsExportContextCustomizerFactory$DisableMetricExportContextCustomizer@181e731e, org.springframework.boot.test.autoconfigure.properties.PropertyMappingContextCustomizer@0, org.springframework.boot.test.autoconfigure.web.servlet.WebDriverContextCustomizerFactory$Customizer@479460a6, org.springframework.boot.test.context.filter.ExcludeFilterContextCustomizer@68702e03, org.springframework.boot.test.json.DuplicateJsonObjectContextCustomizerFactory$DuplicateJsonObjectContextCustomizer@338c99c8, org.springframework.boot.test.mock.mockito.MockitoContextCustomizer@ad3122e0], contextLoader = 'org.springframework.test.context.support.DelegatingSmartContextLoader', parent = [null]]]
23:36:59.089 [Test worker] DEBUG org.springframework.test.context.cache - Spring test ApplicationContext cache statistics: [DefaultContextCache@743c6ce4 size = 1, maxSize = 32, parentContextCount = 0, hitCount = 247, missCount = 1]
23:36:59.089 [Test worker] DEBUG org.springframework.test.context.cache.DefaultCacheAwareContextLoaderDelegate - Retrieved ApplicationContext [974308356] from cache with key [[MergedContextConfiguration@72437d8d testClass = ScheduleServiceTest, locations = '{}', classes = '{class org.waldreg.schedule.management.DefaultScheduleManager}', contextInitializerClasses = '[]', activeProfiles = '{}', propertySourceLocations = '{}', propertySourceProperties = '{}', contextCustomizers = set[org.springframework.boot.test.autoconfigure.actuate.metrics.MetricsExportContextCustomizerFactory$DisableMetricExportContextCustomizer@181e731e, org.springframework.boot.test.autoconfigure.properties.PropertyMappingContextCustomizer@0, org.springframework.boot.test.autoconfigure.web.servlet.WebDriverContextCustomizerFactory$Customizer@479460a6, org.springframework.boot.test.context.filter.ExcludeFilterContextCustomizer@68702e03, org.springframework.boot.test.json.DuplicateJsonObjectContextCustomizerFactory$DuplicateJsonObjectContextCustomizer@338c99c8, org.springframework.boot.test.mock.mockito.MockitoContextCustomizer@ad3122e0], contextLoader = 'org.springframework.test.context.support.DelegatingSmartContextLoader', parent = [null]]]
23:36:59.089 [Test worker] DEBUG org.springframework.test.context.cache - Spring test ApplicationContext cache statistics: [DefaultContextCache@743c6ce4 size = 1, maxSize = 32, parentContextCount = 0, hitCount = 248, missCount = 1]
23:36:59.089 [Test worker] DEBUG org.springframework.test.context.cache.DefaultCacheAwareContextLoaderDelegate - Retrieved ApplicationContext [974308356] from cache with key [[MergedContextConfiguration@72437d8d testClass = ScheduleServiceTest, locations = '{}', classes = '{class org.waldreg.schedule.management.DefaultScheduleManager}', contextInitializerClasses = '[]', activeProfiles = '{}', propertySourceLocations = '{}', propertySourceProperties = '{}', contextCustomizers = set[org.springframework.boot.test.autoconfigure.actuate.metrics.MetricsExportContextCustomizerFactory$DisableMetricExportContextCustomizer@181e731e, org.springframework.boot.test.autoconfigure.properties.PropertyMappingContextCustomizer@0, org.springframework.boot.test.autoconfigure.web.servlet.WebDriverContextCustomizerFactory$Customizer@479460a6, org.springframework.boot.test.context.filter.ExcludeFilterContextCustomizer@68702e03, org.springframework.boot.test.json.DuplicateJsonObjectContextCustomizerFactory$DuplicateJsonObjectContextCustomizer@338c99c8, org.springframework.boot.test.mock.mockito.MockitoContextCustomizer@ad3122e0], contextLoader = 'org.springframework.test.context.support.DelegatingSmartContextLoader', parent = [null]]]
23:36:59.089 [Test worker] DEBUG org.springframework.test.context.cache - Spring test ApplicationContext cache statistics: [DefaultContextCache@743c6ce4 size = 1, maxSize = 32, parentContextCount = 0, hitCount = 249, missCount = 1]
23:36:59.089 [Test worker] DEBUG org.springframework.test.context.cache.DefaultCacheAwareContextLoaderDelegate - Retrieved ApplicationContext [974308356] from cache with key [[MergedContextConfiguration@72437d8d testClass = ScheduleServiceTest, locations = '{}', classes = '{class org.waldreg.schedule.management.DefaultScheduleManager}', contextInitializerClasses = '[]', activeProfiles = '{}', propertySourceLocations = '{}', propertySourceProperties = '{}', contextCustomizers = set[org.springframework.boot.test.autoconfigure.actuate.metrics.MetricsExportContextCustomizerFactory$DisableMetricExportContextCustomizer@181e731e, org.springframework.boot.test.autoconfigure.properties.PropertyMappingContextCustomizer@0, org.springframework.boot.test.autoconfigure.web.servlet.WebDriverContextCustomizerFactory$Customizer@479460a6, org.springframework.boot.test.context.filter.ExcludeFilterContextCustomizer@68702e03, org.springframework.boot.test.json.DuplicateJsonObjectContextCustomizerFactory$DuplicateJsonObjectContextCustomizer@338c99c8, org.springframework.boot.test.mock.mockito.MockitoContextCustomizer@ad3122e0], contextLoader = 'org.springframework.test.context.support.DelegatingSmartContextLoader', parent = [null]]]
23:36:59.089 [Test worker] DEBUG org.springframework.test.context.cache - Spring test ApplicationContext cache statistics: [DefaultContextCache@743c6ce4 size = 1, maxSize = 32, parentContextCount = 0, hitCount = 250, missCount = 1]
23:36:59.089 [Test worker] DEBUG org.springframework.test.context.cache.DefaultCacheAwareContextLoaderDelegate - Retrieved ApplicationContext [974308356] from cache with key [[MergedContextConfiguration@72437d8d testClass = ScheduleServiceTest, locations = '{}', classes = '{class org.waldreg.schedule.management.DefaultScheduleManager}', contextInitializerClasses = '[]', activeProfiles = '{}', propertySourceLocations = '{}', propertySourceProperties = '{}', contextCustomizers = set[org.springframework.boot.test.autoconfigure.actuate.metrics.MetricsExportContextCustomizerFactory$DisableMetricExportContextCustomizer@181e731e, org.springframework.boot.test.autoconfigure.properties.PropertyMappingContextCustomizer@0, org.springframework.boot.test.autoconfigure.web.servlet.WebDriverContextCustomizerFactory$Customizer@479460a6, org.springframework.boot.test.context.filter.ExcludeFilterContextCustomizer@68702e03, org.springframework.boot.test.json.DuplicateJsonObjectContextCustomizerFactory$DuplicateJsonObjectContextCustomizer@338c99c8, org.springframework.boot.test.mock.mockito.MockitoContextCustomizer@ad3122e0], contextLoader = 'org.springframework.test.context.support.DelegatingSmartContextLoader', parent = [null]]]
23:36:59.089 [Test worker] DEBUG org.springframework.test.context.cache - Spring test ApplicationContext cache statistics: [DefaultContextCache@743c6ce4 size = 1, maxSize = 32, parentContextCount = 0, hitCount = 251, missCount = 1]
23:36:59.089 [Test worker] DEBUG org.springframework.test.context.support.AbstractDirtiesContextTestExecutionListener - After test method: context [DefaultTestContext@1c481ff2 testClass = ScheduleServiceTest, testInstance = org.waldreg.schedule.ScheduleServiceTest@3b9632d1, testMethod = UPDATE_SCHEDULE_FAIL_CAUSE_INVALID_REPEAT_FINISH_AT_TEST@ScheduleServiceTest, testException = [null], mergedContextConfiguration = [MergedContextConfiguration@72437d8d testClass = ScheduleServiceTest, locations = '{}', classes = '{class org.waldreg.schedule.management.DefaultScheduleManager}', contextInitializerClasses = '[]', activeProfiles = '{}', propertySourceLocations = '{}', propertySourceProperties = '{}', contextCustomizers = set[org.springframework.boot.test.autoconfigure.actuate.metrics.MetricsExportContextCustomizerFactory$DisableMetricExportContextCustomizer@181e731e, org.springframework.boot.test.autoconfigure.properties.PropertyMappingContextCustomizer@0, org.springframework.boot.test.autoconfigure.web.servlet.WebDriverContextCustomizerFactory$Customizer@479460a6, org.springframework.boot.test.context.filter.ExcludeFilterContextCustomizer@68702e03, org.springframework.boot.test.json.DuplicateJsonObjectContextCustomizerFactory$DuplicateJsonObjectContextCustomizer@338c99c8, org.springframework.boot.test.mock.mockito.MockitoContextCustomizer@ad3122e0], contextLoader = 'org.springframework.test.context.support.DelegatingSmartContextLoader', parent = [null]], attributes = map['org.springframework.test.context.event.ApplicationEventsTestExecutionListener.recordApplicationEvents' -> false]], class annotated with @DirtiesContext [false] with mode [null], method annotated with @DirtiesContext [false] with mode [null].
23:36:59.089 [Test worker] DEBUG org.springframework.test.context.cache.DefaultCacheAwareContextLoaderDelegate - Retrieved ApplicationContext [974308356] from cache with key [[MergedContextConfiguration@72437d8d testClass = ScheduleServiceTest, locations = '{}', classes = '{class org.waldreg.schedule.management.DefaultScheduleManager}', contextInitializerClasses = '[]', activeProfiles = '{}', propertySourceLocations = '{}', propertySourceProperties = '{}', contextCustomizers = set[org.springframework.boot.test.autoconfigure.actuate.metrics.MetricsExportContextCustomizerFactory$DisableMetricExportContextCustomizer@181e731e, org.springframework.boot.test.autoconfigure.properties.PropertyMappingContextCustomizer@0, org.springframework.boot.test.autoconfigure.web.servlet.WebDriverContextCustomizerFactory$Customizer@479460a6, org.springframework.boot.test.context.filter.ExcludeFilterContextCustomizer@68702e03, org.springframework.boot.test.json.DuplicateJsonObjectContextCustomizerFactory$DuplicateJsonObjectContextCustomizer@338c99c8, org.springframework.boot.test.mock.mockito.MockitoContextCustomizer@ad3122e0], contextLoader = 'org.springframework.test.context.support.DelegatingSmartContextLoader', parent = [null]]]
23:36:59.089 [Test worker] DEBUG org.springframework.test.context.cache - Spring test ApplicationContext cache statistics: [DefaultContextCache@743c6ce4 size = 1, maxSize = 32, parentContextCount = 0, hitCount = 252, missCount = 1]
23:36:59.090 [Test worker] DEBUG org.springframework.test.context.support.DependencyInjectionTestExecutionListener - Performing dependency injection for test context [[DefaultTestContext@1c481ff2 testClass = ScheduleServiceTest, testInstance = org.waldreg.schedule.ScheduleServiceTest@6cd166b8, testMethod = [null], testException = [null], mergedContextConfiguration = [MergedContextConfiguration@72437d8d testClass = ScheduleServiceTest, locations = '{}', classes = '{class org.waldreg.schedule.management.DefaultScheduleManager}', contextInitializerClasses = '[]', activeProfiles = '{}', propertySourceLocations = '{}', propertySourceProperties = '{}', contextCustomizers = set[org.springframework.boot.test.autoconfigure.actuate.metrics.MetricsExportContextCustomizerFactory$DisableMetricExportContextCustomizer@181e731e, org.springframework.boot.test.autoconfigure.properties.PropertyMappingContextCustomizer@0, org.springframework.boot.test.autoconfigure.web.servlet.WebDriverContextCustomizerFactory$Customizer@479460a6, org.springframework.boot.test.context.filter.ExcludeFilterContextCustomizer@68702e03, org.springframework.boot.test.json.DuplicateJsonObjectContextCustomizerFactory$DuplicateJsonObjectContextCustomizer@338c99c8, org.springframework.boot.test.mock.mockito.MockitoContextCustomizer@ad3122e0], contextLoader = 'org.springframework.test.context.support.DelegatingSmartContextLoader', parent = [null]], attributes = map['org.springframework.test.context.event.ApplicationEventsTestExecutionListener.recordApplicationEvents' -> false]]].
23:36:59.090 [Test worker] DEBUG org.springframework.test.context.cache.DefaultCacheAwareContextLoaderDelegate - Retrieved ApplicationContext [974308356] from cache with key [[MergedContextConfiguration@72437d8d testClass = ScheduleServiceTest, locations = '{}', classes = '{class org.waldreg.schedule.management.DefaultScheduleManager}', contextInitializerClasses = '[]', activeProfiles = '{}', propertySourceLocations = '{}', propertySourceProperties = '{}', contextCustomizers = set[org.springframework.boot.test.autoconfigure.actuate.metrics.MetricsExportContextCustomizerFactory$DisableMetricExportContextCustomizer@181e731e, org.springframework.boot.test.autoconfigure.properties.PropertyMappingContextCustomizer@0, org.springframework.boot.test.autoconfigure.web.servlet.WebDriverContextCustomizerFactory$Customizer@479460a6, org.springframework.boot.test.context.filter.ExcludeFilterContextCustomizer@68702e03, org.springframework.boot.test.json.DuplicateJsonObjectContextCustomizerFactory$DuplicateJsonObjectContextCustomizer@338c99c8, org.springframework.boot.test.mock.mockito.MockitoContextCustomizer@ad3122e0], contextLoader = 'org.springframework.test.context.support.DelegatingSmartContextLoader', parent = [null]]]
23:36:59.090 [Test worker] DEBUG org.springframework.test.context.cache - Spring test ApplicationContext cache statistics: [DefaultContextCache@743c6ce4 size = 1, maxSize = 32, parentContextCount = 0, hitCount = 253, missCount = 1]
23:36:59.090 [Test worker] DEBUG org.springframework.test.context.cache.DefaultCacheAwareContextLoaderDelegate - Retrieved ApplicationContext [974308356] from cache with key [[MergedContextConfiguration@72437d8d testClass = ScheduleServiceTest, locations = '{}', classes = '{class org.waldreg.schedule.management.DefaultScheduleManager}', contextInitializerClasses = '[]', activeProfiles = '{}', propertySourceLocations = '{}', propertySourceProperties = '{}', contextCustomizers = set[org.springframework.boot.test.autoconfigure.actuate.metrics.MetricsExportContextCustomizerFactory$DisableMetricExportContextCustomizer@181e731e, org.springframework.boot.test.autoconfigure.properties.PropertyMappingContextCustomizer@0, org.springframework.boot.test.autoconfigure.web.servlet.WebDriverContextCustomizerFactory$Customizer@479460a6, org.springframework.boot.test.context.filter.ExcludeFilterContextCustomizer@68702e03, org.springframework.boot.test.json.DuplicateJsonObjectContextCustomizerFactory$DuplicateJsonObjectContextCustomizer@338c99c8, org.springframework.boot.test.mock.mockito.MockitoContextCustomizer@ad3122e0], contextLoader = 'org.springframework.test.context.support.DelegatingSmartContextLoader', parent = [null]]]
23:36:59.090 [Test worker] DEBUG org.springframework.test.context.cache - Spring test ApplicationContext cache statistics: [DefaultContextCache@743c6ce4 size = 1, maxSize = 32, parentContextCount = 0, hitCount = 254, missCount = 1]
23:36:59.090 [Test worker] DEBUG org.springframework.test.context.support.AbstractDirtiesContextTestExecutionListener - Before test method: context [DefaultTestContext@1c481ff2 testClass = ScheduleServiceTest, testInstance = org.waldreg.schedule.ScheduleServiceTest@6cd166b8, testMethod = READ_SPECIFIC_SCHEDULE_FAIL_CAUSE_UNKNOWN_SCHEDULE_TEST@ScheduleServiceTest, testException = [null], mergedContextConfiguration = [MergedContextConfiguration@72437d8d testClass = ScheduleServiceTest, locations = '{}', classes = '{class org.waldreg.schedule.management.DefaultScheduleManager}', contextInitializerClasses = '[]', activeProfiles = '{}', propertySourceLocations = '{}', propertySourceProperties = '{}', contextCustomizers = set[org.springframework.boot.test.autoconfigure.actuate.metrics.MetricsExportContextCustomizerFactory$DisableMetricExportContextCustomizer@181e731e, org.springframework.boot.test.autoconfigure.properties.PropertyMappingContextCustomizer@0, org.springframework.boot.test.autoconfigure.web.servlet.WebDriverContextCustomizerFactory$Customizer@479460a6, org.springframework.boot.test.context.filter.ExcludeFilterContextCustomizer@68702e03, org.springframework.boot.test.json.DuplicateJsonObjectContextCustomizerFactory$DuplicateJsonObjectContextCustomizer@338c99c8, org.springframework.boot.test.mock.mockito.MockitoContextCustomizer@ad3122e0], contextLoader = 'org.springframework.test.context.support.DelegatingSmartContextLoader', parent = [null]], attributes = map['org.springframework.test.context.event.ApplicationEventsTestExecutionListener.recordApplicationEvents' -> false]], class annotated with @DirtiesContext [false] with mode [null], method annotated with @DirtiesContext [false] with mode [null].
23:36:59.090 [Test worker] DEBUG org.springframework.test.context.cache.DefaultCacheAwareContextLoaderDelegate - Retrieved ApplicationContext [974308356] from cache with key [[MergedContextConfiguration@72437d8d testClass = ScheduleServiceTest, locations = '{}', classes = '{class org.waldreg.schedule.management.DefaultScheduleManager}', contextInitializerClasses = '[]', activeProfiles = '{}', propertySourceLocations = '{}', propertySourceProperties = '{}', contextCustomizers = set[org.springframework.boot.test.autoconfigure.actuate.metrics.MetricsExportContextCustomizerFactory$DisableMetricExportContextCustomizer@181e731e, org.springframework.boot.test.autoconfigure.properties.PropertyMappingContextCustomizer@0, org.springframework.boot.test.autoconfigure.web.servlet.WebDriverContextCustomizerFactory$Customizer@479460a6, org.springframework.boot.test.context.filter.ExcludeFilterContextCustomizer@68702e03, org.springframework.boot.test.json.DuplicateJsonObjectContextCustomizerFactory$DuplicateJsonObjectContextCustomizer@338c99c8, org.springframework.boot.test.mock.mockito.MockitoContextCustomizer@ad3122e0], contextLoader = 'org.springframework.test.context.support.DelegatingSmartContextLoader', parent = [null]]]
23:36:59.090 [Test worker] DEBUG org.springframework.test.context.cache - Spring test ApplicationContext cache statistics: [DefaultContextCache@743c6ce4 size = 1, maxSize = 32, parentContextCount = 0, hitCount = 255, missCount = 1]
23:36:59.090 [Test worker] DEBUG org.springframework.test.context.cache.DefaultCacheAwareContextLoaderDelegate - Retrieved ApplicationContext [974308356] from cache with key [[MergedContextConfiguration@72437d8d testClass = ScheduleServiceTest, locations = '{}', classes = '{class org.waldreg.schedule.management.DefaultScheduleManager}', contextInitializerClasses = '[]', activeProfiles = '{}', propertySourceLocations = '{}', propertySourceProperties = '{}', contextCustomizers = set[org.springframework.boot.test.autoconfigure.actuate.metrics.MetricsExportContextCustomizerFactory$DisableMetricExportContextCustomizer@181e731e, org.springframework.boot.test.autoconfigure.properties.PropertyMappingContextCustomizer@0, org.springframework.boot.test.autoconfigure.web.servlet.WebDriverContextCustomizerFactory$Customizer@479460a6, org.springframework.boot.test.context.filter.ExcludeFilterContextCustomizer@68702e03, org.springframework.boot.test.json.DuplicateJsonObjectContextCustomizerFactory$DuplicateJsonObjectContextCustomizer@338c99c8, org.springframework.boot.test.mock.mockito.MockitoContextCustomizer@ad3122e0], contextLoader = 'org.springframework.test.context.support.DelegatingSmartContextLoader', parent = [null]]]
23:36:59.090 [Test worker] DEBUG org.springframework.test.context.cache - Spring test ApplicationContext cache statistics: [DefaultContextCache@743c6ce4 size = 1, maxSize = 32, parentContextCount = 0, hitCount = 256, missCount = 1]
23:36:59.090 [Test worker] DEBUG org.springframework.test.context.cache.DefaultCacheAwareContextLoaderDelegate - Retrieved ApplicationContext [974308356] from cache with key [[MergedContextConfiguration@72437d8d testClass = ScheduleServiceTest, locations = '{}', classes = '{class org.waldreg.schedule.management.DefaultScheduleManager}', contextInitializerClasses = '[]', activeProfiles = '{}', propertySourceLocations = '{}', propertySourceProperties = '{}', contextCustomizers = set[org.springframework.boot.test.autoconfigure.actuate.metrics.MetricsExportContextCustomizerFactory$DisableMetricExportContextCustomizer@181e731e, org.springframework.boot.test.autoconfigure.properties.PropertyMappingContextCustomizer@0, org.springframework.boot.test.autoconfigure.web.servlet.WebDriverContextCustomizerFactory$Customizer@479460a6, org.springframework.boot.test.context.filter.ExcludeFilterContextCustomizer@68702e03, org.springframework.boot.test.json.DuplicateJsonObjectContextCustomizerFactory$DuplicateJsonObjectContextCustomizer@338c99c8, org.springframework.boot.test.mock.mockito.MockitoContextCustomizer@ad3122e0], contextLoader = 'org.springframework.test.context.support.DelegatingSmartContextLoader', parent = [null]]]
23:36:59.090 [Test worker] DEBUG org.springframework.test.context.cache - Spring test ApplicationContext cache statistics: [DefaultContextCache@743c6ce4 size = 1, maxSize = 32, parentContextCount = 0, hitCount = 257, missCount = 1]
23:36:59.091 [Test worker] DEBUG org.springframework.test.context.cache.DefaultCacheAwareContextLoaderDelegate - Retrieved ApplicationContext [974308356] from cache with key [[MergedContextConfiguration@72437d8d testClass = ScheduleServiceTest, locations = '{}', classes = '{class org.waldreg.schedule.management.DefaultScheduleManager}', contextInitializerClasses = '[]', activeProfiles = '{}', propertySourceLocations = '{}', propertySourceProperties = '{}', contextCustomizers = set[org.springframework.boot.test.autoconfigure.actuate.metrics.MetricsExportContextCustomizerFactory$DisableMetricExportContextCustomizer@181e731e, org.springframework.boot.test.autoconfigure.properties.PropertyMappingContextCustomizer@0, org.springframework.boot.test.autoconfigure.web.servlet.WebDriverContextCustomizerFactory$Customizer@479460a6, org.springframework.boot.test.context.filter.ExcludeFilterContextCustomizer@68702e03, org.springframework.boot.test.json.DuplicateJsonObjectContextCustomizerFactory$DuplicateJsonObjectContextCustomizer@338c99c8, org.springframework.boot.test.mock.mockito.MockitoContextCustomizer@ad3122e0], contextLoader = 'org.springframework.test.context.support.DelegatingSmartContextLoader', parent = [null]]]
23:36:59.091 [Test worker] DEBUG org.springframework.test.context.cache - Spring test ApplicationContext cache statistics: [DefaultContextCache@743c6ce4 size = 1, maxSize = 32, parentContextCount = 0, hitCount = 258, missCount = 1]
23:36:59.091 [Test worker] DEBUG org.springframework.test.context.cache.DefaultCacheAwareContextLoaderDelegate - Retrieved ApplicationContext [974308356] from cache with key [[MergedContextConfiguration@72437d8d testClass = ScheduleServiceTest, locations = '{}', classes = '{class org.waldreg.schedule.management.DefaultScheduleManager}', contextInitializerClasses = '[]', activeProfiles = '{}', propertySourceLocations = '{}', propertySourceProperties = '{}', contextCustomizers = set[org.springframework.boot.test.autoconfigure.actuate.metrics.MetricsExportContextCustomizerFactory$DisableMetricExportContextCustomizer@181e731e, org.springframework.boot.test.autoconfigure.properties.PropertyMappingContextCustomizer@0, org.springframework.boot.test.autoconfigure.web.servlet.WebDriverContextCustomizerFactory$Customizer@479460a6, org.springframework.boot.test.context.filter.ExcludeFilterContextCustomizer@68702e03, org.springframework.boot.test.json.DuplicateJsonObjectContextCustomizerFactory$DuplicateJsonObjectContextCustomizer@338c99c8, org.springframework.boot.test.mock.mockito.MockitoContextCustomizer@ad3122e0], contextLoader = 'org.springframework.test.context.support.DelegatingSmartContextLoader', parent = [null]]]
23:36:59.091 [Test worker] DEBUG org.springframework.test.context.cache - Spring test ApplicationContext cache statistics: [DefaultContextCache@743c6ce4 size = 1, maxSize = 32, parentContextCount = 0, hitCount = 259, missCount = 1]
23:36:59.091 [Test worker] DEBUG org.springframework.test.context.cache.DefaultCacheAwareContextLoaderDelegate - Retrieved ApplicationContext [974308356] from cache with key [[MergedContextConfiguration@72437d8d testClass = ScheduleServiceTest, locations = '{}', classes = '{class org.waldreg.schedule.management.DefaultScheduleManager}', contextInitializerClasses = '[]', activeProfiles = '{}', propertySourceLocations = '{}', propertySourceProperties = '{}', contextCustomizers = set[org.springframework.boot.test.autoconfigure.actuate.metrics.MetricsExportContextCustomizerFactory$DisableMetricExportContextCustomizer@181e731e, org.springframework.boot.test.autoconfigure.properties.PropertyMappingContextCustomizer@0, org.springframework.boot.test.autoconfigure.web.servlet.WebDriverContextCustomizerFactory$Customizer@479460a6, org.springframework.boot.test.context.filter.ExcludeFilterContextCustomizer@68702e03, org.springframework.boot.test.json.DuplicateJsonObjectContextCustomizerFactory$DuplicateJsonObjectContextCustomizer@338c99c8, org.springframework.boot.test.mock.mockito.MockitoContextCustomizer@ad3122e0], contextLoader = 'org.springframework.test.context.support.DelegatingSmartContextLoader', parent = [null]]]
23:36:59.091 [Test worker] DEBUG org.springframework.test.context.cache - Spring test ApplicationContext cache statistics: [DefaultContextCache@743c6ce4 size = 1, maxSize = 32, parentContextCount = 0, hitCount = 260, missCount = 1]
23:36:59.091 [Test worker] DEBUG org.springframework.test.context.cache.DefaultCacheAwareContextLoaderDelegate - Retrieved ApplicationContext [974308356] from cache with key [[MergedContextConfiguration@72437d8d testClass = ScheduleServiceTest, locations = '{}', classes = '{class org.waldreg.schedule.management.DefaultScheduleManager}', contextInitializerClasses = '[]', activeProfiles = '{}', propertySourceLocations = '{}', propertySourceProperties = '{}', contextCustomizers = set[org.springframework.boot.test.autoconfigure.actuate.metrics.MetricsExportContextCustomizerFactory$DisableMetricExportContextCustomizer@181e731e, org.springframework.boot.test.autoconfigure.properties.PropertyMappingContextCustomizer@0, org.springframework.boot.test.autoconfigure.web.servlet.WebDriverContextCustomizerFactory$Customizer@479460a6, org.springframework.boot.test.context.filter.ExcludeFilterContextCustomizer@68702e03, org.springframework.boot.test.json.DuplicateJsonObjectContextCustomizerFactory$DuplicateJsonObjectContextCustomizer@338c99c8, org.springframework.boot.test.mock.mockito.MockitoContextCustomizer@ad3122e0], contextLoader = 'org.springframework.test.context.support.DelegatingSmartContextLoader', parent = [null]]]
23:36:59.091 [Test worker] DEBUG org.springframework.test.context.cache - Spring test ApplicationContext cache statistics: [DefaultContextCache@743c6ce4 size = 1, maxSize = 32, parentContextCount = 0, hitCount = 261, missCount = 1]
23:36:59.091 [Test worker] DEBUG org.springframework.test.context.cache.DefaultCacheAwareContextLoaderDelegate - Retrieved ApplicationContext [974308356] from cache with key [[MergedContextConfiguration@72437d8d testClass = ScheduleServiceTest, locations = '{}', classes = '{class org.waldreg.schedule.management.DefaultScheduleManager}', contextInitializerClasses = '[]', activeProfiles = '{}', propertySourceLocations = '{}', propertySourceProperties = '{}', contextCustomizers = set[org.springframework.boot.test.autoconfigure.actuate.metrics.MetricsExportContextCustomizerFactory$DisableMetricExportContextCustomizer@181e731e, org.springframework.boot.test.autoconfigure.properties.PropertyMappingContextCustomizer@0, org.springframework.boot.test.autoconfigure.web.servlet.WebDriverContextCustomizerFactory$Customizer@479460a6, org.springframework.boot.test.context.filter.ExcludeFilterContextCustomizer@68702e03, org.springframework.boot.test.json.DuplicateJsonObjectContextCustomizerFactory$DuplicateJsonObjectContextCustomizer@338c99c8, org.springframework.boot.test.mock.mockito.MockitoContextCustomizer@ad3122e0], contextLoader = 'org.springframework.test.context.support.DelegatingSmartContextLoader', parent = [null]]]
23:36:59.091 [Test worker] DEBUG org.springframework.test.context.cache - Spring test ApplicationContext cache statistics: [DefaultContextCache@743c6ce4 size = 1, maxSize = 32, parentContextCount = 0, hitCount = 262, missCount = 1]
23:36:59.091 [Test worker] DEBUG org.springframework.test.context.cache.DefaultCacheAwareContextLoaderDelegate - Retrieved ApplicationContext [974308356] from cache with key [[MergedContextConfiguration@72437d8d testClass = ScheduleServiceTest, locations = '{}', classes = '{class org.waldreg.schedule.management.DefaultScheduleManager}', contextInitializerClasses = '[]', activeProfiles = '{}', propertySourceLocations = '{}', propertySourceProperties = '{}', contextCustomizers = set[org.springframework.boot.test.autoconfigure.actuate.metrics.MetricsExportContextCustomizerFactory$DisableMetricExportContextCustomizer@181e731e, org.springframework.boot.test.autoconfigure.properties.PropertyMappingContextCustomizer@0, org.springframework.boot.test.autoconfigure.web.servlet.WebDriverContextCustomizerFactory$Customizer@479460a6, org.springframework.boot.test.context.filter.ExcludeFilterContextCustomizer@68702e03, org.springframework.boot.test.json.DuplicateJsonObjectContextCustomizerFactory$DuplicateJsonObjectContextCustomizer@338c99c8, org.springframework.boot.test.mock.mockito.MockitoContextCustomizer@ad3122e0], contextLoader = 'org.springframework.test.context.support.DelegatingSmartContextLoader', parent = [null]]]
23:36:59.091 [Test worker] DEBUG org.springframework.test.context.cache - Spring test ApplicationContext cache statistics: [DefaultContextCache@743c6ce4 size = 1, maxSize = 32, parentContextCount = 0, hitCount = 263, missCount = 1]
23:36:59.091 [Test worker] DEBUG org.springframework.test.context.support.AbstractDirtiesContextTestExecutionListener - After test method: context [DefaultTestContext@1c481ff2 testClass = ScheduleServiceTest, testInstance = org.waldreg.schedule.ScheduleServiceTest@6cd166b8, testMethod = READ_SPECIFIC_SCHEDULE_FAIL_CAUSE_UNKNOWN_SCHEDULE_TEST@ScheduleServiceTest, testException = [null], mergedContextConfiguration = [MergedContextConfiguration@72437d8d testClass = ScheduleServiceTest, locations = '{}', classes = '{class org.waldreg.schedule.management.DefaultScheduleManager}', contextInitializerClasses = '[]', activeProfiles = '{}', propertySourceLocations = '{}', propertySourceProperties = '{}', contextCustomizers = set[org.springframework.boot.test.autoconfigure.actuate.metrics.MetricsExportContextCustomizerFactory$DisableMetricExportContextCustomizer@181e731e, org.springframework.boot.test.autoconfigure.properties.PropertyMappingContextCustomizer@0, org.springframework.boot.test.autoconfigure.web.servlet.WebDriverContextCustomizerFactory$Customizer@479460a6, org.springframework.boot.test.context.filter.ExcludeFilterContextCustomizer@68702e03, org.springframework.boot.test.json.DuplicateJsonObjectContextCustomizerFactory$DuplicateJsonObjectContextCustomizer@338c99c8, org.springframework.boot.test.mock.mockito.MockitoContextCustomizer@ad3122e0], contextLoader = 'org.springframework.test.context.support.DelegatingSmartContextLoader', parent = [null]], attributes = map['org.springframework.test.context.event.ApplicationEventsTestExecutionListener.recordApplicationEvents' -> false]], class annotated with @DirtiesContext [false] with mode [null], method annotated with @DirtiesContext [false] with mode [null].
23:36:59.091 [Test worker] DEBUG org.springframework.test.context.cache.DefaultCacheAwareContextLoaderDelegate - Retrieved ApplicationContext [974308356] from cache with key [[MergedContextConfiguration@72437d8d testClass = ScheduleServiceTest, locations = '{}', classes = '{class org.waldreg.schedule.management.DefaultScheduleManager}', contextInitializerClasses = '[]', activeProfiles = '{}', propertySourceLocations = '{}', propertySourceProperties = '{}', contextCustomizers = set[org.springframework.boot.test.autoconfigure.actuate.metrics.MetricsExportContextCustomizerFactory$DisableMetricExportContextCustomizer@181e731e, org.springframework.boot.test.autoconfigure.properties.PropertyMappingContextCustomizer@0, org.springframework.boot.test.autoconfigure.web.servlet.WebDriverContextCustomizerFactory$Customizer@479460a6, org.springframework.boot.test.context.filter.ExcludeFilterContextCustomizer@68702e03, org.springframework.boot.test.json.DuplicateJsonObjectContextCustomizerFactory$DuplicateJsonObjectContextCustomizer@338c99c8, org.springframework.boot.test.mock.mockito.MockitoContextCustomizer@ad3122e0], contextLoader = 'org.springframework.test.context.support.DelegatingSmartContextLoader', parent = [null]]]
23:36:59.091 [Test worker] DEBUG org.springframework.test.context.cache - Spring test ApplicationContext cache statistics: [DefaultContextCache@743c6ce4 size = 1, maxSize = 32, parentContextCount = 0, hitCount = 264, missCount = 1]
23:36:59.091 [Test worker] DEBUG org.springframework.test.context.support.DependencyInjectionTestExecutionListener - Performing dependency injection for test context [[DefaultTestContext@1c481ff2 testClass = ScheduleServiceTest, testInstance = org.waldreg.schedule.ScheduleServiceTest@75fc1992, testMethod = [null], testException = [null], mergedContextConfiguration = [MergedContextConfiguration@72437d8d testClass = ScheduleServiceTest, locations = '{}', classes = '{class org.waldreg.schedule.management.DefaultScheduleManager}', contextInitializerClasses = '[]', activeProfiles = '{}', propertySourceLocations = '{}', propertySourceProperties = '{}', contextCustomizers = set[org.springframework.boot.test.autoconfigure.actuate.metrics.MetricsExportContextCustomizerFactory$DisableMetricExportContextCustomizer@181e731e, org.springframework.boot.test.autoconfigure.properties.PropertyMappingContextCustomizer@0, org.springframework.boot.test.autoconfigure.web.servlet.WebDriverContextCustomizerFactory$Customizer@479460a6, org.springframework.boot.test.context.filter.ExcludeFilterContextCustomizer@68702e03, org.springframework.boot.test.json.DuplicateJsonObjectContextCustomizerFactory$DuplicateJsonObjectContextCustomizer@338c99c8, org.springframework.boot.test.mock.mockito.MockitoContextCustomizer@ad3122e0], contextLoader = 'org.springframework.test.context.support.DelegatingSmartContextLoader', parent = [null]], attributes = map['org.springframework.test.context.event.ApplicationEventsTestExecutionListener.recordApplicationEvents' -> false]]].
23:36:59.091 [Test worker] DEBUG org.springframework.test.context.cache.DefaultCacheAwareContextLoaderDelegate - Retrieved ApplicationContext [974308356] from cache with key [[MergedContextConfiguration@72437d8d testClass = ScheduleServiceTest, locations = '{}', classes = '{class org.waldreg.schedule.management.DefaultScheduleManager}', contextInitializerClasses = '[]', activeProfiles = '{}', propertySourceLocations = '{}', propertySourceProperties = '{}', contextCustomizers = set[org.springframework.boot.test.autoconfigure.actuate.metrics.MetricsExportContextCustomizerFactory$DisableMetricExportContextCustomizer@181e731e, org.springframework.boot.test.autoconfigure.properties.PropertyMappingContextCustomizer@0, org.springframework.boot.test.autoconfigure.web.servlet.WebDriverContextCustomizerFactory$Customizer@479460a6, org.springframework.boot.test.context.filter.ExcludeFilterContextCustomizer@68702e03, org.springframework.boot.test.json.DuplicateJsonObjectContextCustomizerFactory$DuplicateJsonObjectContextCustomizer@338c99c8, org.springframework.boot.test.mock.mockito.MockitoContextCustomizer@ad3122e0], contextLoader = 'org.springframework.test.context.support.DelegatingSmartContextLoader', parent = [null]]]
23:36:59.091 [Test worker] DEBUG org.springframework.test.context.cache - Spring test ApplicationContext cache statistics: [DefaultContextCache@743c6ce4 size = 1, maxSize = 32, parentContextCount = 0, hitCount = 265, missCount = 1]
23:36:59.091 [Test worker] DEBUG org.springframework.test.context.cache.DefaultCacheAwareContextLoaderDelegate - Retrieved ApplicationContext [974308356] from cache with key [[MergedContextConfiguration@72437d8d testClass = ScheduleServiceTest, locations = '{}', classes = '{class org.waldreg.schedule.management.DefaultScheduleManager}', contextInitializerClasses = '[]', activeProfiles = '{}', propertySourceLocations = '{}', propertySourceProperties = '{}', contextCustomizers = set[org.springframework.boot.test.autoconfigure.actuate.metrics.MetricsExportContextCustomizerFactory$DisableMetricExportContextCustomizer@181e731e, org.springframework.boot.test.autoconfigure.properties.PropertyMappingContextCustomizer@0, org.springframework.boot.test.autoconfigure.web.servlet.WebDriverContextCustomizerFactory$Customizer@479460a6, org.springframework.boot.test.context.filter.ExcludeFilterContextCustomizer@68702e03, org.springframework.boot.test.json.DuplicateJsonObjectContextCustomizerFactory$DuplicateJsonObjectContextCustomizer@338c99c8, org.springframework.boot.test.mock.mockito.MockitoContextCustomizer@ad3122e0], contextLoader = 'org.springframework.test.context.support.DelegatingSmartContextLoader', parent = [null]]]
23:36:59.091 [Test worker] DEBUG org.springframework.test.context.cache - Spring test ApplicationContext cache statistics: [DefaultContextCache@743c6ce4 size = 1, maxSize = 32, parentContextCount = 0, hitCount = 266, missCount = 1]
23:36:59.092 [Test worker] DEBUG org.springframework.test.context.support.AbstractDirtiesContextTestExecutionListener - Before test method: context [DefaultTestContext@1c481ff2 testClass = ScheduleServiceTest, testInstance = org.waldreg.schedule.ScheduleServiceTest@75fc1992, testMethod = CREATE_NEW_SCHEDULE_WITH_REPEAT_FAIL_CAUSE_TITLE_OVERFLOW_TEST@ScheduleServiceTest, testException = [null], mergedContextConfiguration = [MergedContextConfiguration@72437d8d testClass = ScheduleServiceTest, locations = '{}', classes = '{class org.waldreg.schedule.management.DefaultScheduleManager}', contextInitializerClasses = '[]', activeProfiles = '{}', propertySourceLocations = '{}', propertySourceProperties = '{}', contextCustomizers = set[org.springframework.boot.test.autoconfigure.actuate.metrics.MetricsExportContextCustomizerFactory$DisableMetricExportContextCustomizer@181e731e, org.springframework.boot.test.autoconfigure.properties.PropertyMappingContextCustomizer@0, org.springframework.boot.test.autoconfigure.web.servlet.WebDriverContextCustomizerFactory$Customizer@479460a6, org.springframework.boot.test.context.filter.ExcludeFilterContextCustomizer@68702e03, org.springframework.boot.test.json.DuplicateJsonObjectContextCustomizerFactory$DuplicateJsonObjectContextCustomizer@338c99c8, org.springframework.boot.test.mock.mockito.MockitoContextCustomizer@ad3122e0], contextLoader = 'org.springframework.test.context.support.DelegatingSmartContextLoader', parent = [null]], attributes = map['org.springframework.test.context.event.ApplicationEventsTestExecutionListener.recordApplicationEvents' -> false]], class annotated with @DirtiesContext [false] with mode [null], method annotated with @DirtiesContext [false] with mode [null].
23:36:59.092 [Test worker] DEBUG org.springframework.test.context.cache.DefaultCacheAwareContextLoaderDelegate - Retrieved ApplicationContext [974308356] from cache with key [[MergedContextConfiguration@72437d8d testClass = ScheduleServiceTest, locations = '{}', classes = '{class org.waldreg.schedule.management.DefaultScheduleManager}', contextInitializerClasses = '[]', activeProfiles = '{}', propertySourceLocations = '{}', propertySourceProperties = '{}', contextCustomizers = set[org.springframework.boot.test.autoconfigure.actuate.metrics.MetricsExportContextCustomizerFactory$DisableMetricExportContextCustomizer@181e731e, org.springframework.boot.test.autoconfigure.properties.PropertyMappingContextCustomizer@0, org.springframework.boot.test.autoconfigure.web.servlet.WebDriverContextCustomizerFactory$Customizer@479460a6, org.springframework.boot.test.context.filter.ExcludeFilterContextCustomizer@68702e03, org.springframework.boot.test.json.DuplicateJsonObjectContextCustomizerFactory$DuplicateJsonObjectContextCustomizer@338c99c8, org.springframework.boot.test.mock.mockito.MockitoContextCustomizer@ad3122e0], contextLoader = 'org.springframework.test.context.support.DelegatingSmartContextLoader', parent = [null]]]
23:36:59.092 [Test worker] DEBUG org.springframework.test.context.cache - Spring test ApplicationContext cache statistics: [DefaultContextCache@743c6ce4 size = 1, maxSize = 32, parentContextCount = 0, hitCount = 267, missCount = 1]
23:36:59.092 [Test worker] DEBUG org.springframework.test.context.cache.DefaultCacheAwareContextLoaderDelegate - Retrieved ApplicationContext [974308356] from cache with key [[MergedContextConfiguration@72437d8d testClass = ScheduleServiceTest, locations = '{}', classes = '{class org.waldreg.schedule.management.DefaultScheduleManager}', contextInitializerClasses = '[]', activeProfiles = '{}', propertySourceLocations = '{}', propertySourceProperties = '{}', contextCustomizers = set[org.springframework.boot.test.autoconfigure.actuate.metrics.MetricsExportContextCustomizerFactory$DisableMetricExportContextCustomizer@181e731e, org.springframework.boot.test.autoconfigure.properties.PropertyMappingContextCustomizer@0, org.springframework.boot.test.autoconfigure.web.servlet.WebDriverContextCustomizerFactory$Customizer@479460a6, org.springframework.boot.test.context.filter.ExcludeFilterContextCustomizer@68702e03, org.springframework.boot.test.json.DuplicateJsonObjectContextCustomizerFactory$DuplicateJsonObjectContextCustomizer@338c99c8, org.springframework.boot.test.mock.mockito.MockitoContextCustomizer@ad3122e0], contextLoader = 'org.springframework.test.context.support.DelegatingSmartContextLoader', parent = [null]]]
23:36:59.092 [Test worker] DEBUG org.springframework.test.context.cache - Spring test ApplicationContext cache statistics: [DefaultContextCache@743c6ce4 size = 1, maxSize = 32, parentContextCount = 0, hitCount = 268, missCount = 1]
23:36:59.092 [Test worker] DEBUG org.springframework.test.context.cache.DefaultCacheAwareContextLoaderDelegate - Retrieved ApplicationContext [974308356] from cache with key [[MergedContextConfiguration@72437d8d testClass = ScheduleServiceTest, locations = '{}', classes = '{class org.waldreg.schedule.management.DefaultScheduleManager}', contextInitializerClasses = '[]', activeProfiles = '{}', propertySourceLocations = '{}', propertySourceProperties = '{}', contextCustomizers = set[org.springframework.boot.test.autoconfigure.actuate.metrics.MetricsExportContextCustomizerFactory$DisableMetricExportContextCustomizer@181e731e, org.springframework.boot.test.autoconfigure.properties.PropertyMappingContextCustomizer@0, org.springframework.boot.test.autoconfigure.web.servlet.WebDriverContextCustomizerFactory$Customizer@479460a6, org.springframework.boot.test.context.filter.ExcludeFilterContextCustomizer@68702e03, org.springframework.boot.test.json.DuplicateJsonObjectContextCustomizerFactory$DuplicateJsonObjectContextCustomizer@338c99c8, org.springframework.boot.test.mock.mockito.MockitoContextCustomizer@ad3122e0], contextLoader = 'org.springframework.test.context.support.DelegatingSmartContextLoader', parent = [null]]]
23:36:59.092 [Test worker] DEBUG org.springframework.test.context.cache - Spring test ApplicationContext cache statistics: [DefaultContextCache@743c6ce4 size = 1, maxSize = 32, parentContextCount = 0, hitCount = 269, missCount = 1]
23:36:59.092 [Test worker] DEBUG org.springframework.test.context.cache.DefaultCacheAwareContextLoaderDelegate - Retrieved ApplicationContext [974308356] from cache with key [[MergedContextConfiguration@72437d8d testClass = ScheduleServiceTest, locations = '{}', classes = '{class org.waldreg.schedule.management.DefaultScheduleManager}', contextInitializerClasses = '[]', activeProfiles = '{}', propertySourceLocations = '{}', propertySourceProperties = '{}', contextCustomizers = set[org.springframework.boot.test.autoconfigure.actuate.metrics.MetricsExportContextCustomizerFactory$DisableMetricExportContextCustomizer@181e731e, org.springframework.boot.test.autoconfigure.properties.PropertyMappingContextCustomizer@0, org.springframework.boot.test.autoconfigure.web.servlet.WebDriverContextCustomizerFactory$Customizer@479460a6, org.springframework.boot.test.context.filter.ExcludeFilterContextCustomizer@68702e03, org.springframework.boot.test.json.DuplicateJsonObjectContextCustomizerFactory$DuplicateJsonObjectContextCustomizer@338c99c8, org.springframework.boot.test.mock.mockito.MockitoContextCustomizer@ad3122e0], contextLoader = 'org.springframework.test.context.support.DelegatingSmartContextLoader', parent = [null]]]
23:36:59.092 [Test worker] DEBUG org.springframework.test.context.cache - Spring test ApplicationContext cache statistics: [DefaultContextCache@743c6ce4 size = 1, maxSize = 32, parentContextCount = 0, hitCount = 270, missCount = 1]
23:36:59.092 [Test worker] DEBUG org.springframework.test.context.cache.DefaultCacheAwareContextLoaderDelegate - Retrieved ApplicationContext [974308356] from cache with key [[MergedContextConfiguration@72437d8d testClass = ScheduleServiceTest, locations = '{}', classes = '{class org.waldreg.schedule.management.DefaultScheduleManager}', contextInitializerClasses = '[]', activeProfiles = '{}', propertySourceLocations = '{}', propertySourceProperties = '{}', contextCustomizers = set[org.springframework.boot.test.autoconfigure.actuate.metrics.MetricsExportContextCustomizerFactory$DisableMetricExportContextCustomizer@181e731e, org.springframework.boot.test.autoconfigure.properties.PropertyMappingContextCustomizer@0, org.springframework.boot.test.autoconfigure.web.servlet.WebDriverContextCustomizerFactory$Customizer@479460a6, org.springframework.boot.test.context.filter.ExcludeFilterContextCustomizer@68702e03, org.springframework.boot.test.json.DuplicateJsonObjectContextCustomizerFactory$DuplicateJsonObjectContextCustomizer@338c99c8, org.springframework.boot.test.mock.mockito.MockitoContextCustomizer@ad3122e0], contextLoader = 'org.springframework.test.context.support.DelegatingSmartContextLoader', parent = [null]]]
23:36:59.092 [Test worker] DEBUG org.springframework.test.context.cache - Spring test ApplicationContext cache statistics: [DefaultContextCache@743c6ce4 size = 1, maxSize = 32, parentContextCount = 0, hitCount = 271, missCount = 1]
23:36:59.092 [Test worker] DEBUG org.springframework.test.context.cache.DefaultCacheAwareContextLoaderDelegate - Retrieved ApplicationContext [974308356] from cache with key [[MergedContextConfiguration@72437d8d testClass = ScheduleServiceTest, locations = '{}', classes = '{class org.waldreg.schedule.management.DefaultScheduleManager}', contextInitializerClasses = '[]', activeProfiles = '{}', propertySourceLocations = '{}', propertySourceProperties = '{}', contextCustomizers = set[org.springframework.boot.test.autoconfigure.actuate.metrics.MetricsExportContextCustomizerFactory$DisableMetricExportContextCustomizer@181e731e, org.springframework.boot.test.autoconfigure.properties.PropertyMappingContextCustomizer@0, org.springframework.boot.test.autoconfigure.web.servlet.WebDriverContextCustomizerFactory$Customizer@479460a6, org.springframework.boot.test.context.filter.ExcludeFilterContextCustomizer@68702e03, org.springframework.boot.test.json.DuplicateJsonObjectContextCustomizerFactory$DuplicateJsonObjectContextCustomizer@338c99c8, org.springframework.boot.test.mock.mockito.MockitoContextCustomizer@ad3122e0], contextLoader = 'org.springframework.test.context.support.DelegatingSmartContextLoader', parent = [null]]]
23:36:59.092 [Test worker] DEBUG org.springframework.test.context.cache - Spring test ApplicationContext cache statistics: [DefaultContextCache@743c6ce4 size = 1, maxSize = 32, parentContextCount = 0, hitCount = 272, missCount = 1]
23:36:59.093 [Test worker] DEBUG org.springframework.test.context.cache.DefaultCacheAwareContextLoaderDelegate - Retrieved ApplicationContext [974308356] from cache with key [[MergedContextConfiguration@72437d8d testClass = ScheduleServiceTest, locations = '{}', classes = '{class org.waldreg.schedule.management.DefaultScheduleManager}', contextInitializerClasses = '[]', activeProfiles = '{}', propertySourceLocations = '{}', propertySourceProperties = '{}', contextCustomizers = set[org.springframework.boot.test.autoconfigure.actuate.metrics.MetricsExportContextCustomizerFactory$DisableMetricExportContextCustomizer@181e731e, org.springframework.boot.test.autoconfigure.properties.PropertyMappingContextCustomizer@0, org.springframework.boot.test.autoconfigure.web.servlet.WebDriverContextCustomizerFactory$Customizer@479460a6, org.springframework.boot.test.context.filter.ExcludeFilterContextCustomizer@68702e03, org.springframework.boot.test.json.DuplicateJsonObjectContextCustomizerFactory$DuplicateJsonObjectContextCustomizer@338c99c8, org.springframework.boot.test.mock.mockito.MockitoContextCustomizer@ad3122e0], contextLoader = 'org.springframework.test.context.support.DelegatingSmartContextLoader', parent = [null]]]
23:36:59.093 [Test worker] DEBUG org.springframework.test.context.cache - Spring test ApplicationContext cache statistics: [DefaultContextCache@743c6ce4 size = 1, maxSize = 32, parentContextCount = 0, hitCount = 273, missCount = 1]
23:36:59.093 [Test worker] DEBUG org.springframework.test.context.cache.DefaultCacheAwareContextLoaderDelegate - Retrieved ApplicationContext [974308356] from cache with key [[MergedContextConfiguration@72437d8d testClass = ScheduleServiceTest, locations = '{}', classes = '{class org.waldreg.schedule.management.DefaultScheduleManager}', contextInitializerClasses = '[]', activeProfiles = '{}', propertySourceLocations = '{}', propertySourceProperties = '{}', contextCustomizers = set[org.springframework.boot.test.autoconfigure.actuate.metrics.MetricsExportContextCustomizerFactory$DisableMetricExportContextCustomizer@181e731e, org.springframework.boot.test.autoconfigure.properties.PropertyMappingContextCustomizer@0, org.springframework.boot.test.autoconfigure.web.servlet.WebDriverContextCustomizerFactory$Customizer@479460a6, org.springframework.boot.test.context.filter.ExcludeFilterContextCustomizer@68702e03, org.springframework.boot.test.json.DuplicateJsonObjectContextCustomizerFactory$DuplicateJsonObjectContextCustomizer@338c99c8, org.springframework.boot.test.mock.mockito.MockitoContextCustomizer@ad3122e0], contextLoader = 'org.springframework.test.context.support.DelegatingSmartContextLoader', parent = [null]]]
23:36:59.093 [Test worker] DEBUG org.springframework.test.context.cache - Spring test ApplicationContext cache statistics: [DefaultContextCache@743c6ce4 size = 1, maxSize = 32, parentContextCount = 0, hitCount = 274, missCount = 1]
23:36:59.093 [Test worker] DEBUG org.springframework.test.context.cache.DefaultCacheAwareContextLoaderDelegate - Retrieved ApplicationContext [974308356] from cache with key [[MergedContextConfiguration@72437d8d testClass = ScheduleServiceTest, locations = '{}', classes = '{class org.waldreg.schedule.management.DefaultScheduleManager}', contextInitializerClasses = '[]', activeProfiles = '{}', propertySourceLocations = '{}', propertySourceProperties = '{}', contextCustomizers = set[org.springframework.boot.test.autoconfigure.actuate.metrics.MetricsExportContextCustomizerFactory$DisableMetricExportContextCustomizer@181e731e, org.springframework.boot.test.autoconfigure.properties.PropertyMappingContextCustomizer@0, org.springframework.boot.test.autoconfigure.web.servlet.WebDriverContextCustomizerFactory$Customizer@479460a6, org.springframework.boot.test.context.filter.ExcludeFilterContextCustomizer@68702e03, org.springframework.boot.test.json.DuplicateJsonObjectContextCustomizerFactory$DuplicateJsonObjectContextCustomizer@338c99c8, org.springframework.boot.test.mock.mockito.MockitoContextCustomizer@ad3122e0], contextLoader = 'org.springframework.test.context.support.DelegatingSmartContextLoader', parent = [null]]]
23:36:59.093 [Test worker] DEBUG org.springframework.test.context.cache - Spring test ApplicationContext cache statistics: [DefaultContextCache@743c6ce4 size = 1, maxSize = 32, parentContextCount = 0, hitCount = 275, missCount = 1]
23:36:59.093 [Test worker] DEBUG org.springframework.test.context.support.AbstractDirtiesContextTestExecutionListener - After test method: context [DefaultTestContext@1c481ff2 testClass = ScheduleServiceTest, testInstance = org.waldreg.schedule.ScheduleServiceTest@75fc1992, testMethod = CREATE_NEW_SCHEDULE_WITH_REPEAT_FAIL_CAUSE_TITLE_OVERFLOW_TEST@ScheduleServiceTest, testException = [null], mergedContextConfiguration = [MergedContextConfiguration@72437d8d testClass = ScheduleServiceTest, locations = '{}', classes = '{class org.waldreg.schedule.management.DefaultScheduleManager}', contextInitializerClasses = '[]', activeProfiles = '{}', propertySourceLocations = '{}', propertySourceProperties = '{}', contextCustomizers = set[org.springframework.boot.test.autoconfigure.actuate.metrics.MetricsExportContextCustomizerFactory$DisableMetricExportContextCustomizer@181e731e, org.springframework.boot.test.autoconfigure.properties.PropertyMappingContextCustomizer@0, org.springframework.boot.test.autoconfigure.web.servlet.WebDriverContextCustomizerFactory$Customizer@479460a6, org.springframework.boot.test.context.filter.ExcludeFilterContextCustomizer@68702e03, org.springframework.boot.test.json.DuplicateJsonObjectContextCustomizerFactory$DuplicateJsonObjectContextCustomizer@338c99c8, org.springframework.boot.test.mock.mockito.MockitoContextCustomizer@ad3122e0], contextLoader = 'org.springframework.test.context.support.DelegatingSmartContextLoader', parent = [null]], attributes = map['org.springframework.test.context.event.ApplicationEventsTestExecutionListener.recordApplicationEvents' -> false]], class annotated with @DirtiesContext [false] with mode [null], method annotated with @DirtiesContext [false] with mode [null].
23:36:59.093 [Test worker] DEBUG org.springframework.test.context.cache.DefaultCacheAwareContextLoaderDelegate - Retrieved ApplicationContext [974308356] from cache with key [[MergedContextConfiguration@72437d8d testClass = ScheduleServiceTest, locations = '{}', classes = '{class org.waldreg.schedule.management.DefaultScheduleManager}', contextInitializerClasses = '[]', activeProfiles = '{}', propertySourceLocations = '{}', propertySourceProperties = '{}', contextCustomizers = set[org.springframework.boot.test.autoconfigure.actuate.metrics.MetricsExportContextCustomizerFactory$DisableMetricExportContextCustomizer@181e731e, org.springframework.boot.test.autoconfigure.properties.PropertyMappingContextCustomizer@0, org.springframework.boot.test.autoconfigure.web.servlet.WebDriverContextCustomizerFactory$Customizer@479460a6, org.springframework.boot.test.context.filter.ExcludeFilterContextCustomizer@68702e03, org.springframework.boot.test.json.DuplicateJsonObjectContextCustomizerFactory$DuplicateJsonObjectContextCustomizer@338c99c8, org.springframework.boot.test.mock.mockito.MockitoContextCustomizer@ad3122e0], contextLoader = 'org.springframework.test.context.support.DelegatingSmartContextLoader', parent = [null]]]
23:36:59.093 [Test worker] DEBUG org.springframework.test.context.cache - Spring test ApplicationContext cache statistics: [DefaultContextCache@743c6ce4 size = 1, maxSize = 32, parentContextCount = 0, hitCount = 276, missCount = 1]
23:36:59.093 [Test worker] DEBUG org.springframework.test.context.support.DependencyInjectionTestExecutionListener - Performing dependency injection for test context [[DefaultTestContext@1c481ff2 testClass = ScheduleServiceTest, testInstance = org.waldreg.schedule.ScheduleServiceTest@38af1bf6, testMethod = [null], testException = [null], mergedContextConfiguration = [MergedContextConfiguration@72437d8d testClass = ScheduleServiceTest, locations = '{}', classes = '{class org.waldreg.schedule.management.DefaultScheduleManager}', contextInitializerClasses = '[]', activeProfiles = '{}', propertySourceLocations = '{}', propertySourceProperties = '{}', contextCustomizers = set[org.springframework.boot.test.autoconfigure.actuate.metrics.MetricsExportContextCustomizerFactory$DisableMetricExportContextCustomizer@181e731e, org.springframework.boot.test.autoconfigure.properties.PropertyMappingContextCustomizer@0, org.springframework.boot.test.autoconfigure.web.servlet.WebDriverContextCustomizerFactory$Customizer@479460a6, org.springframework.boot.test.context.filter.ExcludeFilterContextCustomizer@68702e03, org.springframework.boot.test.json.DuplicateJsonObjectContextCustomizerFactory$DuplicateJsonObjectContextCustomizer@338c99c8, org.springframework.boot.test.mock.mockito.MockitoContextCustomizer@ad3122e0], contextLoader = 'org.springframework.test.context.support.DelegatingSmartContextLoader', parent = [null]], attributes = map['org.springframework.test.context.event.ApplicationEventsTestExecutionListener.recordApplicationEvents' -> false]]].
23:36:59.093 [Test worker] DEBUG org.springframework.test.context.cache.DefaultCacheAwareContextLoaderDelegate - Retrieved ApplicationContext [974308356] from cache with key [[MergedContextConfiguration@72437d8d testClass = ScheduleServiceTest, locations = '{}', classes = '{class org.waldreg.schedule.management.DefaultScheduleManager}', contextInitializerClasses = '[]', activeProfiles = '{}', propertySourceLocations = '{}', propertySourceProperties = '{}', contextCustomizers = set[org.springframework.boot.test.autoconfigure.actuate.metrics.MetricsExportContextCustomizerFactory$DisableMetricExportContextCustomizer@181e731e, org.springframework.boot.test.autoconfigure.properties.PropertyMappingContextCustomizer@0, org.springframework.boot.test.autoconfigure.web.servlet.WebDriverContextCustomizerFactory$Customizer@479460a6, org.springframework.boot.test.context.filter.ExcludeFilterContextCustomizer@68702e03, org.springframework.boot.test.json.DuplicateJsonObjectContextCustomizerFactory$DuplicateJsonObjectContextCustomizer@338c99c8, org.springframework.boot.test.mock.mockito.MockitoContextCustomizer@ad3122e0], contextLoader = 'org.springframework.test.context.support.DelegatingSmartContextLoader', parent = [null]]]
23:36:59.093 [Test worker] DEBUG org.springframework.test.context.cache - Spring test ApplicationContext cache statistics: [DefaultContextCache@743c6ce4 size = 1, maxSize = 32, parentContextCount = 0, hitCount = 277, missCount = 1]
23:36:59.093 [Test worker] DEBUG org.springframework.test.context.cache.DefaultCacheAwareContextLoaderDelegate - Retrieved ApplicationContext [974308356] from cache with key [[MergedContextConfiguration@72437d8d testClass = ScheduleServiceTest, locations = '{}', classes = '{class org.waldreg.schedule.management.DefaultScheduleManager}', contextInitializerClasses = '[]', activeProfiles = '{}', propertySourceLocations = '{}', propertySourceProperties = '{}', contextCustomizers = set[org.springframework.boot.test.autoconfigure.actuate.metrics.MetricsExportContextCustomizerFactory$DisableMetricExportContextCustomizer@181e731e, org.springframework.boot.test.autoconfigure.properties.PropertyMappingContextCustomizer@0, org.springframework.boot.test.autoconfigure.web.servlet.WebDriverContextCustomizerFactory$Customizer@479460a6, org.springframework.boot.test.context.filter.ExcludeFilterContextCustomizer@68702e03, org.springframework.boot.test.json.DuplicateJsonObjectContextCustomizerFactory$DuplicateJsonObjectContextCustomizer@338c99c8, org.springframework.boot.test.mock.mockito.MockitoContextCustomizer@ad3122e0], contextLoader = 'org.springframework.test.context.support.DelegatingSmartContextLoader', parent = [null]]]
23:36:59.093 [Test worker] DEBUG org.springframework.test.context.cache - Spring test ApplicationContext cache statistics: [DefaultContextCache@743c6ce4 size = 1, maxSize = 32, parentContextCount = 0, hitCount = 278, missCount = 1]
23:36:59.094 [Test worker] DEBUG org.springframework.test.context.support.AbstractDirtiesContextTestExecutionListener - Before test method: context [DefaultTestContext@1c481ff2 testClass = ScheduleServiceTest, testInstance = org.waldreg.schedule.ScheduleServiceTest@38af1bf6, testMethod = CREATE_NEW_SCHEDULE_FAIL_CAUSE_END_DATE_PRECEDE_START_DATE_TEST@ScheduleServiceTest, testException = [null], mergedContextConfiguration = [MergedContextConfiguration@72437d8d testClass = ScheduleServiceTest, locations = '{}', classes = '{class org.waldreg.schedule.management.DefaultScheduleManager}', contextInitializerClasses = '[]', activeProfiles = '{}', propertySourceLocations = '{}', propertySourceProperties = '{}', contextCustomizers = set[org.springframework.boot.test.autoconfigure.actuate.metrics.MetricsExportContextCustomizerFactory$DisableMetricExportContextCustomizer@181e731e, org.springframework.boot.test.autoconfigure.properties.PropertyMappingContextCustomizer@0, org.springframework.boot.test.autoconfigure.web.servlet.WebDriverContextCustomizerFactory$Customizer@479460a6, org.springframework.boot.test.context.filter.ExcludeFilterContextCustomizer@68702e03, org.springframework.boot.test.json.DuplicateJsonObjectContextCustomizerFactory$DuplicateJsonObjectContextCustomizer@338c99c8, org.springframework.boot.test.mock.mockito.MockitoContextCustomizer@ad3122e0], contextLoader = 'org.springframework.test.context.support.DelegatingSmartContextLoader', parent = [null]], attributes = map['org.springframework.test.context.event.ApplicationEventsTestExecutionListener.recordApplicationEvents' -> false]], class annotated with @DirtiesContext [false] with mode [null], method annotated with @DirtiesContext [false] with mode [null].
23:36:59.094 [Test worker] DEBUG org.springframework.test.context.cache.DefaultCacheAwareContextLoaderDelegate - Retrieved ApplicationContext [974308356] from cache with key [[MergedContextConfiguration@72437d8d testClass = ScheduleServiceTest, locations = '{}', classes = '{class org.waldreg.schedule.management.DefaultScheduleManager}', contextInitializerClasses = '[]', activeProfiles = '{}', propertySourceLocations = '{}', propertySourceProperties = '{}', contextCustomizers = set[org.springframework.boot.test.autoconfigure.actuate.metrics.MetricsExportContextCustomizerFactory$DisableMetricExportContextCustomizer@181e731e, org.springframework.boot.test.autoconfigure.properties.PropertyMappingContextCustomizer@0, org.springframework.boot.test.autoconfigure.web.servlet.WebDriverContextCustomizerFactory$Customizer@479460a6, org.springframework.boot.test.context.filter.ExcludeFilterContextCustomizer@68702e03, org.springframework.boot.test.json.DuplicateJsonObjectContextCustomizerFactory$DuplicateJsonObjectContextCustomizer@338c99c8, org.springframework.boot.test.mock.mockito.MockitoContextCustomizer@ad3122e0], contextLoader = 'org.springframework.test.context.support.DelegatingSmartContextLoader', parent = [null]]]
23:36:59.094 [Test worker] DEBUG org.springframework.test.context.cache - Spring test ApplicationContext cache statistics: [DefaultContextCache@743c6ce4 size = 1, maxSize = 32, parentContextCount = 0, hitCount = 279, missCount = 1]
23:36:59.094 [Test worker] DEBUG org.springframework.test.context.cache.DefaultCacheAwareContextLoaderDelegate - Retrieved ApplicationContext [974308356] from cache with key [[MergedContextConfiguration@72437d8d testClass = ScheduleServiceTest, locations = '{}', classes = '{class org.waldreg.schedule.management.DefaultScheduleManager}', contextInitializerClasses = '[]', activeProfiles = '{}', propertySourceLocations = '{}', propertySourceProperties = '{}', contextCustomizers = set[org.springframework.boot.test.autoconfigure.actuate.metrics.MetricsExportContextCustomizerFactory$DisableMetricExportContextCustomizer@181e731e, org.springframework.boot.test.autoconfigure.properties.PropertyMappingContextCustomizer@0, org.springframework.boot.test.autoconfigure.web.servlet.WebDriverContextCustomizerFactory$Customizer@479460a6, org.springframework.boot.test.context.filter.ExcludeFilterContextCustomizer@68702e03, org.springframework.boot.test.json.DuplicateJsonObjectContextCustomizerFactory$DuplicateJsonObjectContextCustomizer@338c99c8, org.springframework.boot.test.mock.mockito.MockitoContextCustomizer@ad3122e0], contextLoader = 'org.springframework.test.context.support.DelegatingSmartContextLoader', parent = [null]]]
23:36:59.094 [Test worker] DEBUG org.springframework.test.context.cache - Spring test ApplicationContext cache statistics: [DefaultContextCache@743c6ce4 size = 1, maxSize = 32, parentContextCount = 0, hitCount = 280, missCount = 1]
23:36:59.094 [Test worker] DEBUG org.springframework.test.context.cache.DefaultCacheAwareContextLoaderDelegate - Retrieved ApplicationContext [974308356] from cache with key [[MergedContextConfiguration@72437d8d testClass = ScheduleServiceTest, locations = '{}', classes = '{class org.waldreg.schedule.management.DefaultScheduleManager}', contextInitializerClasses = '[]', activeProfiles = '{}', propertySourceLocations = '{}', propertySourceProperties = '{}', contextCustomizers = set[org.springframework.boot.test.autoconfigure.actuate.metrics.MetricsExportContextCustomizerFactory$DisableMetricExportContextCustomizer@181e731e, org.springframework.boot.test.autoconfigure.properties.PropertyMappingContextCustomizer@0, org.springframework.boot.test.autoconfigure.web.servlet.WebDriverContextCustomizerFactory$Customizer@479460a6, org.springframework.boot.test.context.filter.ExcludeFilterContextCustomizer@68702e03, org.springframework.boot.test.json.DuplicateJsonObjectContextCustomizerFactory$DuplicateJsonObjectContextCustomizer@338c99c8, org.springframework.boot.test.mock.mockito.MockitoContextCustomizer@ad3122e0], contextLoader = 'org.springframework.test.context.support.DelegatingSmartContextLoader', parent = [null]]]
23:36:59.094 [Test worker] DEBUG org.springframework.test.context.cache - Spring test ApplicationContext cache statistics: [DefaultContextCache@743c6ce4 size = 1, maxSize = 32, parentContextCount = 0, hitCount = 281, missCount = 1]
23:36:59.094 [Test worker] DEBUG org.springframework.test.context.cache.DefaultCacheAwareContextLoaderDelegate - Retrieved ApplicationContext [974308356] from cache with key [[MergedContextConfiguration@72437d8d testClass = ScheduleServiceTest, locations = '{}', classes = '{class org.waldreg.schedule.management.DefaultScheduleManager}', contextInitializerClasses = '[]', activeProfiles = '{}', propertySourceLocations = '{}', propertySourceProperties = '{}', contextCustomizers = set[org.springframework.boot.test.autoconfigure.actuate.metrics.MetricsExportContextCustomizerFactory$DisableMetricExportContextCustomizer@181e731e, org.springframework.boot.test.autoconfigure.properties.PropertyMappingContextCustomizer@0, org.springframework.boot.test.autoconfigure.web.servlet.WebDriverContextCustomizerFactory$Customizer@479460a6, org.springframework.boot.test.context.filter.ExcludeFilterContextCustomizer@68702e03, org.springframework.boot.test.json.DuplicateJsonObjectContextCustomizerFactory$DuplicateJsonObjectContextCustomizer@338c99c8, org.springframework.boot.test.mock.mockito.MockitoContextCustomizer@ad3122e0], contextLoader = 'org.springframework.test.context.support.DelegatingSmartContextLoader', parent = [null]]]
23:36:59.094 [Test worker] DEBUG org.springframework.test.context.cache - Spring test ApplicationContext cache statistics: [DefaultContextCache@743c6ce4 size = 1, maxSize = 32, parentContextCount = 0, hitCount = 282, missCount = 1]
23:36:59.094 [Test worker] DEBUG org.springframework.test.context.cache.DefaultCacheAwareContextLoaderDelegate - Retrieved ApplicationContext [974308356] from cache with key [[MergedContextConfiguration@72437d8d testClass = ScheduleServiceTest, locations = '{}', classes = '{class org.waldreg.schedule.management.DefaultScheduleManager}', contextInitializerClasses = '[]', activeProfiles = '{}', propertySourceLocations = '{}', propertySourceProperties = '{}', contextCustomizers = set[org.springframework.boot.test.autoconfigure.actuate.metrics.MetricsExportContextCustomizerFactory$DisableMetricExportContextCustomizer@181e731e, org.springframework.boot.test.autoconfigure.properties.PropertyMappingContextCustomizer@0, org.springframework.boot.test.autoconfigure.web.servlet.WebDriverContextCustomizerFactory$Customizer@479460a6, org.springframework.boot.test.context.filter.ExcludeFilterContextCustomizer@68702e03, org.springframework.boot.test.json.DuplicateJsonObjectContextCustomizerFactory$DuplicateJsonObjectContextCustomizer@338c99c8, org.springframework.boot.test.mock.mockito.MockitoContextCustomizer@ad3122e0], contextLoader = 'org.springframework.test.context.support.DelegatingSmartContextLoader', parent = [null]]]
23:36:59.094 [Test worker] DEBUG org.springframework.test.context.cache - Spring test ApplicationContext cache statistics: [DefaultContextCache@743c6ce4 size = 1, maxSize = 32, parentContextCount = 0, hitCount = 283, missCount = 1]
23:36:59.094 [Test worker] DEBUG org.springframework.test.context.cache.DefaultCacheAwareContextLoaderDelegate - Retrieved ApplicationContext [974308356] from cache with key [[MergedContextConfiguration@72437d8d testClass = ScheduleServiceTest, locations = '{}', classes = '{class org.waldreg.schedule.management.DefaultScheduleManager}', contextInitializerClasses = '[]', activeProfiles = '{}', propertySourceLocations = '{}', propertySourceProperties = '{}', contextCustomizers = set[org.springframework.boot.test.autoconfigure.actuate.metrics.MetricsExportContextCustomizerFactory$DisableMetricExportContextCustomizer@181e731e, org.springframework.boot.test.autoconfigure.properties.PropertyMappingContextCustomizer@0, org.springframework.boot.test.autoconfigure.web.servlet.WebDriverContextCustomizerFactory$Customizer@479460a6, org.springframework.boot.test.context.filter.ExcludeFilterContextCustomizer@68702e03, org.springframework.boot.test.json.DuplicateJsonObjectContextCustomizerFactory$DuplicateJsonObjectContextCustomizer@338c99c8, org.springframework.boot.test.mock.mockito.MockitoContextCustomizer@ad3122e0], contextLoader = 'org.springframework.test.context.support.DelegatingSmartContextLoader', parent = [null]]]
23:36:59.094 [Test worker] DEBUG org.springframework.test.context.cache - Spring test ApplicationContext cache statistics: [DefaultContextCache@743c6ce4 size = 1, maxSize = 32, parentContextCount = 0, hitCount = 284, missCount = 1]
23:36:59.094 [Test worker] DEBUG org.springframework.test.context.cache.DefaultCacheAwareContextLoaderDelegate - Retrieved ApplicationContext [974308356] from cache with key [[MergedContextConfiguration@72437d8d testClass = ScheduleServiceTest, locations = '{}', classes = '{class org.waldreg.schedule.management.DefaultScheduleManager}', contextInitializerClasses = '[]', activeProfiles = '{}', propertySourceLocations = '{}', propertySourceProperties = '{}', contextCustomizers = set[org.springframework.boot.test.autoconfigure.actuate.metrics.MetricsExportContextCustomizerFactory$DisableMetricExportContextCustomizer@181e731e, org.springframework.boot.test.autoconfigure.properties.PropertyMappingContextCustomizer@0, org.springframework.boot.test.autoconfigure.web.servlet.WebDriverContextCustomizerFactory$Customizer@479460a6, org.springframework.boot.test.context.filter.ExcludeFilterContextCustomizer@68702e03, org.springframework.boot.test.json.DuplicateJsonObjectContextCustomizerFactory$DuplicateJsonObjectContextCustomizer@338c99c8, org.springframework.boot.test.mock.mockito.MockitoContextCustomizer@ad3122e0], contextLoader = 'org.springframework.test.context.support.DelegatingSmartContextLoader', parent = [null]]]
23:36:59.094 [Test worker] DEBUG org.springframework.test.context.cache - Spring test ApplicationContext cache statistics: [DefaultContextCache@743c6ce4 size = 1, maxSize = 32, parentContextCount = 0, hitCount = 285, missCount = 1]
23:36:59.094 [Test worker] DEBUG org.springframework.test.context.cache.DefaultCacheAwareContextLoaderDelegate - Retrieved ApplicationContext [974308356] from cache with key [[MergedContextConfiguration@72437d8d testClass = ScheduleServiceTest, locations = '{}', classes = '{class org.waldreg.schedule.management.DefaultScheduleManager}', contextInitializerClasses = '[]', activeProfiles = '{}', propertySourceLocations = '{}', propertySourceProperties = '{}', contextCustomizers = set[org.springframework.boot.test.autoconfigure.actuate.metrics.MetricsExportContextCustomizerFactory$DisableMetricExportContextCustomizer@181e731e, org.springframework.boot.test.autoconfigure.properties.PropertyMappingContextCustomizer@0, org.springframework.boot.test.autoconfigure.web.servlet.WebDriverContextCustomizerFactory$Customizer@479460a6, org.springframework.boot.test.context.filter.ExcludeFilterContextCustomizer@68702e03, org.springframework.boot.test.json.DuplicateJsonObjectContextCustomizerFactory$DuplicateJsonObjectContextCustomizer@338c99c8, org.springframework.boot.test.mock.mockito.MockitoContextCustomizer@ad3122e0], contextLoader = 'org.springframework.test.context.support.DelegatingSmartContextLoader', parent = [null]]]
23:36:59.095 [Test worker] DEBUG org.springframework.test.context.cache - Spring test ApplicationContext cache statistics: [DefaultContextCache@743c6ce4 size = 1, maxSize = 32, parentContextCount = 0, hitCount = 286, missCount = 1]
23:36:59.095 [Test worker] DEBUG org.springframework.test.context.cache.DefaultCacheAwareContextLoaderDelegate - Retrieved ApplicationContext [974308356] from cache with key [[MergedContextConfiguration@72437d8d testClass = ScheduleServiceTest, locations = '{}', classes = '{class org.waldreg.schedule.management.DefaultScheduleManager}', contextInitializerClasses = '[]', activeProfiles = '{}', propertySourceLocations = '{}', propertySourceProperties = '{}', contextCustomizers = set[org.springframework.boot.test.autoconfigure.actuate.metrics.MetricsExportContextCustomizerFactory$DisableMetricExportContextCustomizer@181e731e, org.springframework.boot.test.autoconfigure.properties.PropertyMappingContextCustomizer@0, org.springframework.boot.test.autoconfigure.web.servlet.WebDriverContextCustomizerFactory$Customizer@479460a6, org.springframework.boot.test.context.filter.ExcludeFilterContextCustomizer@68702e03, org.springframework.boot.test.json.DuplicateJsonObjectContextCustomizerFactory$DuplicateJsonObjectContextCustomizer@338c99c8, org.springframework.boot.test.mock.mockito.MockitoContextCustomizer@ad3122e0], contextLoader = 'org.springframework.test.context.support.DelegatingSmartContextLoader', parent = [null]]]
23:36:59.095 [Test worker] DEBUG org.springframework.test.context.cache - Spring test ApplicationContext cache statistics: [DefaultContextCache@743c6ce4 size = 1, maxSize = 32, parentContextCount = 0, hitCount = 287, missCount = 1]
23:36:59.095 [Test worker] DEBUG org.springframework.test.context.support.AbstractDirtiesContextTestExecutionListener - After test method: context [DefaultTestContext@1c481ff2 testClass = ScheduleServiceTest, testInstance = org.waldreg.schedule.ScheduleServiceTest@38af1bf6, testMethod = CREATE_NEW_SCHEDULE_FAIL_CAUSE_END_DATE_PRECEDE_START_DATE_TEST@ScheduleServiceTest, testException = [null], mergedContextConfiguration = [MergedContextConfiguration@72437d8d testClass = ScheduleServiceTest, locations = '{}', classes = '{class org.waldreg.schedule.management.DefaultScheduleManager}', contextInitializerClasses = '[]', activeProfiles = '{}', propertySourceLocations = '{}', propertySourceProperties = '{}', contextCustomizers = set[org.springframework.boot.test.autoconfigure.actuate.metrics.MetricsExportContextCustomizerFactory$DisableMetricExportContextCustomizer@181e731e, org.springframework.boot.test.autoconfigure.properties.PropertyMappingContextCustomizer@0, org.springframework.boot.test.autoconfigure.web.servlet.WebDriverContextCustomizerFactory$Customizer@479460a6, org.springframework.boot.test.context.filter.ExcludeFilterContextCustomizer@68702e03, org.springframework.boot.test.json.DuplicateJsonObjectContextCustomizerFactory$DuplicateJsonObjectContextCustomizer@338c99c8, org.springframework.boot.test.mock.mockito.MockitoContextCustomizer@ad3122e0], contextLoader = 'org.springframework.test.context.support.DelegatingSmartContextLoader', parent = [null]], attributes = map['org.springframework.test.context.event.ApplicationEventsTestExecutionListener.recordApplicationEvents' -> false]], class annotated with @DirtiesContext [false] with mode [null], method annotated with @DirtiesContext [false] with mode [null].
23:36:59.095 [Test worker] DEBUG org.springframework.test.context.cache.DefaultCacheAwareContextLoaderDelegate - Retrieved ApplicationContext [974308356] from cache with key [[MergedContextConfiguration@72437d8d testClass = ScheduleServiceTest, locations = '{}', classes = '{class org.waldreg.schedule.management.DefaultScheduleManager}', contextInitializerClasses = '[]', activeProfiles = '{}', propertySourceLocations = '{}', propertySourceProperties = '{}', contextCustomizers = set[org.springframework.boot.test.autoconfigure.actuate.metrics.MetricsExportContextCustomizerFactory$DisableMetricExportContextCustomizer@181e731e, org.springframework.boot.test.autoconfigure.properties.PropertyMappingContextCustomizer@0, org.springframework.boot.test.autoconfigure.web.servlet.WebDriverContextCustomizerFactory$Customizer@479460a6, org.springframework.boot.test.context.filter.ExcludeFilterContextCustomizer@68702e03, org.springframework.boot.test.json.DuplicateJsonObjectContextCustomizerFactory$DuplicateJsonObjectContextCustomizer@338c99c8, org.springframework.boot.test.mock.mockito.MockitoContextCustomizer@ad3122e0], contextLoader = 'org.springframework.test.context.support.DelegatingSmartContextLoader', parent = [null]]]
23:36:59.095 [Test worker] DEBUG org.springframework.test.context.cache - Spring test ApplicationContext cache statistics: [DefaultContextCache@743c6ce4 size = 1, maxSize = 32, parentContextCount = 0, hitCount = 288, missCount = 1]
23:36:59.095 [Test worker] DEBUG org.springframework.test.context.support.DependencyInjectionTestExecutionListener - Performing dependency injection for test context [[DefaultTestContext@1c481ff2 testClass = ScheduleServiceTest, testInstance = org.waldreg.schedule.ScheduleServiceTest@7be7e15, testMethod = [null], testException = [null], mergedContextConfiguration = [MergedContextConfiguration@72437d8d testClass = ScheduleServiceTest, locations = '{}', classes = '{class org.waldreg.schedule.management.DefaultScheduleManager}', contextInitializerClasses = '[]', activeProfiles = '{}', propertySourceLocations = '{}', propertySourceProperties = '{}', contextCustomizers = set[org.springframework.boot.test.autoconfigure.actuate.metrics.MetricsExportContextCustomizerFactory$DisableMetricExportContextCustomizer@181e731e, org.springframework.boot.test.autoconfigure.properties.PropertyMappingContextCustomizer@0, org.springframework.boot.test.autoconfigure.web.servlet.WebDriverContextCustomizerFactory$Customizer@479460a6, org.springframework.boot.test.context.filter.ExcludeFilterContextCustomizer@68702e03, org.springframework.boot.test.json.DuplicateJsonObjectContextCustomizerFactory$DuplicateJsonObjectContextCustomizer@338c99c8, org.springframework.boot.test.mock.mockito.MockitoContextCustomizer@ad3122e0], contextLoader = 'org.springframework.test.context.support.DelegatingSmartContextLoader', parent = [null]], attributes = map['org.springframework.test.context.event.ApplicationEventsTestExecutionListener.recordApplicationEvents' -> false]]].
23:36:59.095 [Test worker] DEBUG org.springframework.test.context.cache.DefaultCacheAwareContextLoaderDelegate - Retrieved ApplicationContext [974308356] from cache with key [[MergedContextConfiguration@72437d8d testClass = ScheduleServiceTest, locations = '{}', classes = '{class org.waldreg.schedule.management.DefaultScheduleManager}', contextInitializerClasses = '[]', activeProfiles = '{}', propertySourceLocations = '{}', propertySourceProperties = '{}', contextCustomizers = set[org.springframework.boot.test.autoconfigure.actuate.metrics.MetricsExportContextCustomizerFactory$DisableMetricExportContextCustomizer@181e731e, org.springframework.boot.test.autoconfigure.properties.PropertyMappingContextCustomizer@0, org.springframework.boot.test.autoconfigure.web.servlet.WebDriverContextCustomizerFactory$Customizer@479460a6, org.springframework.boot.test.context.filter.ExcludeFilterContextCustomizer@68702e03, org.springframework.boot.test.json.DuplicateJsonObjectContextCustomizerFactory$DuplicateJsonObjectContextCustomizer@338c99c8, org.springframework.boot.test.mock.mockito.MockitoContextCustomizer@ad3122e0], contextLoader = 'org.springframework.test.context.support.DelegatingSmartContextLoader', parent = [null]]]
23:36:59.095 [Test worker] DEBUG org.springframework.test.context.cache - Spring test ApplicationContext cache statistics: [DefaultContextCache@743c6ce4 size = 1, maxSize = 32, parentContextCount = 0, hitCount = 289, missCount = 1]
23:36:59.095 [Test worker] DEBUG org.springframework.test.context.cache.DefaultCacheAwareContextLoaderDelegate - Retrieved ApplicationContext [974308356] from cache with key [[MergedContextConfiguration@72437d8d testClass = ScheduleServiceTest, locations = '{}', classes = '{class org.waldreg.schedule.management.DefaultScheduleManager}', contextInitializerClasses = '[]', activeProfiles = '{}', propertySourceLocations = '{}', propertySourceProperties = '{}', contextCustomizers = set[org.springframework.boot.test.autoconfigure.actuate.metrics.MetricsExportContextCustomizerFactory$DisableMetricExportContextCustomizer@181e731e, org.springframework.boot.test.autoconfigure.properties.PropertyMappingContextCustomizer@0, org.springframework.boot.test.autoconfigure.web.servlet.WebDriverContextCustomizerFactory$Customizer@479460a6, org.springframework.boot.test.context.filter.ExcludeFilterContextCustomizer@68702e03, org.springframework.boot.test.json.DuplicateJsonObjectContextCustomizerFactory$DuplicateJsonObjectContextCustomizer@338c99c8, org.springframework.boot.test.mock.mockito.MockitoContextCustomizer@ad3122e0], contextLoader = 'org.springframework.test.context.support.DelegatingSmartContextLoader', parent = [null]]]
23:36:59.095 [Test worker] DEBUG org.springframework.test.context.cache - Spring test ApplicationContext cache statistics: [DefaultContextCache@743c6ce4 size = 1, maxSize = 32, parentContextCount = 0, hitCount = 290, missCount = 1]
23:36:59.095 [Test worker] DEBUG org.springframework.test.context.support.AbstractDirtiesContextTestExecutionListener - Before test method: context [DefaultTestContext@1c481ff2 testClass = ScheduleServiceTest, testInstance = org.waldreg.schedule.ScheduleServiceTest@7be7e15, testMethod = CREATE_NEW_SCHEDULE_FAIL_CAUSE_INVALID_CYCLE_TEST@ScheduleServiceTest, testException = [null], mergedContextConfiguration = [MergedContextConfiguration@72437d8d testClass = ScheduleServiceTest, locations = '{}', classes = '{class org.waldreg.schedule.management.DefaultScheduleManager}', contextInitializerClasses = '[]', activeProfiles = '{}', propertySourceLocations = '{}', propertySourceProperties = '{}', contextCustomizers = set[org.springframework.boot.test.autoconfigure.actuate.metrics.MetricsExportContextCustomizerFactory$DisableMetricExportContextCustomizer@181e731e, org.springframework.boot.test.autoconfigure.properties.PropertyMappingContextCustomizer@0, org.springframework.boot.test.autoconfigure.web.servlet.WebDriverContextCustomizerFactory$Customizer@479460a6, org.springframework.boot.test.context.filter.ExcludeFilterContextCustomizer@68702e03, org.springframework.boot.test.json.DuplicateJsonObjectContextCustomizerFactory$DuplicateJsonObjectContextCustomizer@338c99c8, org.springframework.boot.test.mock.mockito.MockitoContextCustomizer@ad3122e0], contextLoader = 'org.springframework.test.context.support.DelegatingSmartContextLoader', parent = [null]], attributes = map['org.springframework.test.context.event.ApplicationEventsTestExecutionListener.recordApplicationEvents' -> false]], class annotated with @DirtiesContext [false] with mode [null], method annotated with @DirtiesContext [false] with mode [null].
23:36:59.095 [Test worker] DEBUG org.springframework.test.context.cache.DefaultCacheAwareContextLoaderDelegate - Retrieved ApplicationContext [974308356] from cache with key [[MergedContextConfiguration@72437d8d testClass = ScheduleServiceTest, locations = '{}', classes = '{class org.waldreg.schedule.management.DefaultScheduleManager}', contextInitializerClasses = '[]', activeProfiles = '{}', propertySourceLocations = '{}', propertySourceProperties = '{}', contextCustomizers = set[org.springframework.boot.test.autoconfigure.actuate.metrics.MetricsExportContextCustomizerFactory$DisableMetricExportContextCustomizer@181e731e, org.springframework.boot.test.autoconfigure.properties.PropertyMappingContextCustomizer@0, org.springframework.boot.test.autoconfigure.web.servlet.WebDriverContextCustomizerFactory$Customizer@479460a6, org.springframework.boot.test.context.filter.ExcludeFilterContextCustomizer@68702e03, org.springframework.boot.test.json.DuplicateJsonObjectContextCustomizerFactory$DuplicateJsonObjectContextCustomizer@338c99c8, org.springframework.boot.test.mock.mockito.MockitoContextCustomizer@ad3122e0], contextLoader = 'org.springframework.test.context.support.DelegatingSmartContextLoader', parent = [null]]]
23:36:59.095 [Test worker] DEBUG org.springframework.test.context.cache - Spring test ApplicationContext cache statistics: [DefaultContextCache@743c6ce4 size = 1, maxSize = 32, parentContextCount = 0, hitCount = 291, missCount = 1]
23:36:59.096 [Test worker] DEBUG org.springframework.test.context.cache.DefaultCacheAwareContextLoaderDelegate - Retrieved ApplicationContext [974308356] from cache with key [[MergedContextConfiguration@72437d8d testClass = ScheduleServiceTest, locations = '{}', classes = '{class org.waldreg.schedule.management.DefaultScheduleManager}', contextInitializerClasses = '[]', activeProfiles = '{}', propertySourceLocations = '{}', propertySourceProperties = '{}', contextCustomizers = set[org.springframework.boot.test.autoconfigure.actuate.metrics.MetricsExportContextCustomizerFactory$DisableMetricExportContextCustomizer@181e731e, org.springframework.boot.test.autoconfigure.properties.PropertyMappingContextCustomizer@0, org.springframework.boot.test.autoconfigure.web.servlet.WebDriverContextCustomizerFactory$Customizer@479460a6, org.springframework.boot.test.context.filter.ExcludeFilterContextCustomizer@68702e03, org.springframework.boot.test.json.DuplicateJsonObjectContextCustomizerFactory$DuplicateJsonObjectContextCustomizer@338c99c8, org.springframework.boot.test.mock.mockito.MockitoContextCustomizer@ad3122e0], contextLoader = 'org.springframework.test.context.support.DelegatingSmartContextLoader', parent = [null]]]
23:36:59.096 [Test worker] DEBUG org.springframework.test.context.cache - Spring test ApplicationContext cache statistics: [DefaultContextCache@743c6ce4 size = 1, maxSize = 32, parentContextCount = 0, hitCount = 292, missCount = 1]
23:36:59.096 [Test worker] DEBUG org.springframework.test.context.cache.DefaultCacheAwareContextLoaderDelegate - Retrieved ApplicationContext [974308356] from cache with key [[MergedContextConfiguration@72437d8d testClass = ScheduleServiceTest, locations = '{}', classes = '{class org.waldreg.schedule.management.DefaultScheduleManager}', contextInitializerClasses = '[]', activeProfiles = '{}', propertySourceLocations = '{}', propertySourceProperties = '{}', contextCustomizers = set[org.springframework.boot.test.autoconfigure.actuate.metrics.MetricsExportContextCustomizerFactory$DisableMetricExportContextCustomizer@181e731e, org.springframework.boot.test.autoconfigure.properties.PropertyMappingContextCustomizer@0, org.springframework.boot.test.autoconfigure.web.servlet.WebDriverContextCustomizerFactory$Customizer@479460a6, org.springframework.boot.test.context.filter.ExcludeFilterContextCustomizer@68702e03, org.springframework.boot.test.json.DuplicateJsonObjectContextCustomizerFactory$DuplicateJsonObjectContextCustomizer@338c99c8, org.springframework.boot.test.mock.mockito.MockitoContextCustomizer@ad3122e0], contextLoader = 'org.springframework.test.context.support.DelegatingSmartContextLoader', parent = [null]]]
23:36:59.096 [Test worker] DEBUG org.springframework.test.context.cache - Spring test ApplicationContext cache statistics: [DefaultContextCache@743c6ce4 size = 1, maxSize = 32, parentContextCount = 0, hitCount = 293, missCount = 1]
23:36:59.096 [Test worker] DEBUG org.springframework.test.context.cache.DefaultCacheAwareContextLoaderDelegate - Retrieved ApplicationContext [974308356] from cache with key [[MergedContextConfiguration@72437d8d testClass = ScheduleServiceTest, locations = '{}', classes = '{class org.waldreg.schedule.management.DefaultScheduleManager}', contextInitializerClasses = '[]', activeProfiles = '{}', propertySourceLocations = '{}', propertySourceProperties = '{}', contextCustomizers = set[org.springframework.boot.test.autoconfigure.actuate.metrics.MetricsExportContextCustomizerFactory$DisableMetricExportContextCustomizer@181e731e, org.springframework.boot.test.autoconfigure.properties.PropertyMappingContextCustomizer@0, org.springframework.boot.test.autoconfigure.web.servlet.WebDriverContextCustomizerFactory$Customizer@479460a6, org.springframework.boot.test.context.filter.ExcludeFilterContextCustomizer@68702e03, org.springframework.boot.test.json.DuplicateJsonObjectContextCustomizerFactory$DuplicateJsonObjectContextCustomizer@338c99c8, org.springframework.boot.test.mock.mockito.MockitoContextCustomizer@ad3122e0], contextLoader = 'org.springframework.test.context.support.DelegatingSmartContextLoader', parent = [null]]]
23:36:59.096 [Test worker] DEBUG org.springframework.test.context.cache - Spring test ApplicationContext cache statistics: [DefaultContextCache@743c6ce4 size = 1, maxSize = 32, parentContextCount = 0, hitCount = 294, missCount = 1]
23:36:59.096 [Test worker] DEBUG org.springframework.test.context.cache.DefaultCacheAwareContextLoaderDelegate - Retrieved ApplicationContext [974308356] from cache with key [[MergedContextConfiguration@72437d8d testClass = ScheduleServiceTest, locations = '{}', classes = '{class org.waldreg.schedule.management.DefaultScheduleManager}', contextInitializerClasses = '[]', activeProfiles = '{}', propertySourceLocations = '{}', propertySourceProperties = '{}', contextCustomizers = set[org.springframework.boot.test.autoconfigure.actuate.metrics.MetricsExportContextCustomizerFactory$DisableMetricExportContextCustomizer@181e731e, org.springframework.boot.test.autoconfigure.properties.PropertyMappingContextCustomizer@0, org.springframework.boot.test.autoconfigure.web.servlet.WebDriverContextCustomizerFactory$Customizer@479460a6, org.springframework.boot.test.context.filter.ExcludeFilterContextCustomizer@68702e03, org.springframework.boot.test.json.DuplicateJsonObjectContextCustomizerFactory$DuplicateJsonObjectContextCustomizer@338c99c8, org.springframework.boot.test.mock.mockito.MockitoContextCustomizer@ad3122e0], contextLoader = 'org.springframework.test.context.support.DelegatingSmartContextLoader', parent = [null]]]
23:36:59.096 [Test worker] DEBUG org.springframework.test.context.cache - Spring test ApplicationContext cache statistics: [DefaultContextCache@743c6ce4 size = 1, maxSize = 32, parentContextCount = 0, hitCount = 295, missCount = 1]
23:36:59.096 [Test worker] DEBUG org.springframework.test.context.cache.DefaultCacheAwareContextLoaderDelegate - Retrieved ApplicationContext [974308356] from cache with key [[MergedContextConfiguration@72437d8d testClass = ScheduleServiceTest, locations = '{}', classes = '{class org.waldreg.schedule.management.DefaultScheduleManager}', contextInitializerClasses = '[]', activeProfiles = '{}', propertySourceLocations = '{}', propertySourceProperties = '{}', contextCustomizers = set[org.springframework.boot.test.autoconfigure.actuate.metrics.MetricsExportContextCustomizerFactory$DisableMetricExportContextCustomizer@181e731e, org.springframework.boot.test.autoconfigure.properties.PropertyMappingContextCustomizer@0, org.springframework.boot.test.autoconfigure.web.servlet.WebDriverContextCustomizerFactory$Customizer@479460a6, org.springframework.boot.test.context.filter.ExcludeFilterContextCustomizer@68702e03, org.springframework.boot.test.json.DuplicateJsonObjectContextCustomizerFactory$DuplicateJsonObjectContextCustomizer@338c99c8, org.springframework.boot.test.mock.mockito.MockitoContextCustomizer@ad3122e0], contextLoader = 'org.springframework.test.context.support.DelegatingSmartContextLoader', parent = [null]]]
23:36:59.096 [Test worker] DEBUG org.springframework.test.context.cache - Spring test ApplicationContext cache statistics: [DefaultContextCache@743c6ce4 size = 1, maxSize = 32, parentContextCount = 0, hitCount = 296, missCount = 1]
23:36:59.096 [Test worker] DEBUG org.springframework.test.context.cache.DefaultCacheAwareContextLoaderDelegate - Retrieved ApplicationContext [974308356] from cache with key [[MergedContextConfiguration@72437d8d testClass = ScheduleServiceTest, locations = '{}', classes = '{class org.waldreg.schedule.management.DefaultScheduleManager}', contextInitializerClasses = '[]', activeProfiles = '{}', propertySourceLocations = '{}', propertySourceProperties = '{}', contextCustomizers = set[org.springframework.boot.test.autoconfigure.actuate.metrics.MetricsExportContextCustomizerFactory$DisableMetricExportContextCustomizer@181e731e, org.springframework.boot.test.autoconfigure.properties.PropertyMappingContextCustomizer@0, org.springframework.boot.test.autoconfigure.web.servlet.WebDriverContextCustomizerFactory$Customizer@479460a6, org.springframework.boot.test.context.filter.ExcludeFilterContextCustomizer@68702e03, org.springframework.boot.test.json.DuplicateJsonObjectContextCustomizerFactory$DuplicateJsonObjectContextCustomizer@338c99c8, org.springframework.boot.test.mock.mockito.MockitoContextCustomizer@ad3122e0], contextLoader = 'org.springframework.test.context.support.DelegatingSmartContextLoader', parent = [null]]]
23:36:59.096 [Test worker] DEBUG org.springframework.test.context.cache - Spring test ApplicationContext cache statistics: [DefaultContextCache@743c6ce4 size = 1, maxSize = 32, parentContextCount = 0, hitCount = 297, missCount = 1]
23:36:59.096 [Test worker] DEBUG org.springframework.test.context.cache.DefaultCacheAwareContextLoaderDelegate - Retrieved ApplicationContext [974308356] from cache with key [[MergedContextConfiguration@72437d8d testClass = ScheduleServiceTest, locations = '{}', classes = '{class org.waldreg.schedule.management.DefaultScheduleManager}', contextInitializerClasses = '[]', activeProfiles = '{}', propertySourceLocations = '{}', propertySourceProperties = '{}', contextCustomizers = set[org.springframework.boot.test.autoconfigure.actuate.metrics.MetricsExportContextCustomizerFactory$DisableMetricExportContextCustomizer@181e731e, org.springframework.boot.test.autoconfigure.properties.PropertyMappingContextCustomizer@0, org.springframework.boot.test.autoconfigure.web.servlet.WebDriverContextCustomizerFactory$Customizer@479460a6, org.springframework.boot.test.context.filter.ExcludeFilterContextCustomizer@68702e03, org.springframework.boot.test.json.DuplicateJsonObjectContextCustomizerFactory$DuplicateJsonObjectContextCustomizer@338c99c8, org.springframework.boot.test.mock.mockito.MockitoContextCustomizer@ad3122e0], contextLoader = 'org.springframework.test.context.support.DelegatingSmartContextLoader', parent = [null]]]
23:36:59.096 [Test worker] DEBUG org.springframework.test.context.cache - Spring test ApplicationContext cache statistics: [DefaultContextCache@743c6ce4 size = 1, maxSize = 32, parentContextCount = 0, hitCount = 298, missCount = 1]
23:36:59.096 [Test worker] DEBUG org.springframework.test.context.cache.DefaultCacheAwareContextLoaderDelegate - Retrieved ApplicationContext [974308356] from cache with key [[MergedContextConfiguration@72437d8d testClass = ScheduleServiceTest, locations = '{}', classes = '{class org.waldreg.schedule.management.DefaultScheduleManager}', contextInitializerClasses = '[]', activeProfiles = '{}', propertySourceLocations = '{}', propertySourceProperties = '{}', contextCustomizers = set[org.springframework.boot.test.autoconfigure.actuate.metrics.MetricsExportContextCustomizerFactory$DisableMetricExportContextCustomizer@181e731e, org.springframework.boot.test.autoconfigure.properties.PropertyMappingContextCustomizer@0, org.springframework.boot.test.autoconfigure.web.servlet.WebDriverContextCustomizerFactory$Customizer@479460a6, org.springframework.boot.test.context.filter.ExcludeFilterContextCustomizer@68702e03, org.springframework.boot.test.json.DuplicateJsonObjectContextCustomizerFactory$DuplicateJsonObjectContextCustomizer@338c99c8, org.springframework.boot.test.mock.mockito.MockitoContextCustomizer@ad3122e0], contextLoader = 'org.springframework.test.context.support.DelegatingSmartContextLoader', parent = [null]]]
23:36:59.096 [Test worker] DEBUG org.springframework.test.context.cache - Spring test ApplicationContext cache statistics: [DefaultContextCache@743c6ce4 size = 1, maxSize = 32, parentContextCount = 0, hitCount = 299, missCount = 1]
23:36:59.096 [Test worker] DEBUG org.springframework.test.context.support.AbstractDirtiesContextTestExecutionListener - After test method: context [DefaultTestContext@1c481ff2 testClass = ScheduleServiceTest, testInstance = org.waldreg.schedule.ScheduleServiceTest@7be7e15, testMethod = CREATE_NEW_SCHEDULE_FAIL_CAUSE_INVALID_CYCLE_TEST@ScheduleServiceTest, testException = [null], mergedContextConfiguration = [MergedContextConfiguration@72437d8d testClass = ScheduleServiceTest, locations = '{}', classes = '{class org.waldreg.schedule.management.DefaultScheduleManager}', contextInitializerClasses = '[]', activeProfiles = '{}', propertySourceLocations = '{}', propertySourceProperties = '{}', contextCustomizers = set[org.springframework.boot.test.autoconfigure.actuate.metrics.MetricsExportContextCustomizerFactory$DisableMetricExportContextCustomizer@181e731e, org.springframework.boot.test.autoconfigure.properties.PropertyMappingContextCustomizer@0, org.springframework.boot.test.autoconfigure.web.servlet.WebDriverContextCustomizerFactory$Customizer@479460a6, org.springframework.boot.test.context.filter.ExcludeFilterContextCustomizer@68702e03, org.springframework.boot.test.json.DuplicateJsonObjectContextCustomizerFactory$DuplicateJsonObjectContextCustomizer@338c99c8, org.springframework.boot.test.mock.mockito.MockitoContextCustomizer@ad3122e0], contextLoader = 'org.springframework.test.context.support.DelegatingSmartContextLoader', parent = [null]], attributes = map['org.springframework.test.context.event.ApplicationEventsTestExecutionListener.recordApplicationEvents' -> false]], class annotated with @DirtiesContext [false] with mode [null], method annotated with @DirtiesContext [false] with mode [null].
23:36:59.097 [Test worker] DEBUG org.springframework.test.context.cache.DefaultCacheAwareContextLoaderDelegate - Retrieved ApplicationContext [974308356] from cache with key [[MergedContextConfiguration@72437d8d testClass = ScheduleServiceTest, locations = '{}', classes = '{class org.waldreg.schedule.management.DefaultScheduleManager}', contextInitializerClasses = '[]', activeProfiles = '{}', propertySourceLocations = '{}', propertySourceProperties = '{}', contextCustomizers = set[org.springframework.boot.test.autoconfigure.actuate.metrics.MetricsExportContextCustomizerFactory$DisableMetricExportContextCustomizer@181e731e, org.springframework.boot.test.autoconfigure.properties.PropertyMappingContextCustomizer@0, org.springframework.boot.test.autoconfigure.web.servlet.WebDriverContextCustomizerFactory$Customizer@479460a6, org.springframework.boot.test.context.filter.ExcludeFilterContextCustomizer@68702e03, org.springframework.boot.test.json.DuplicateJsonObjectContextCustomizerFactory$DuplicateJsonObjectContextCustomizer@338c99c8, org.springframework.boot.test.mock.mockito.MockitoContextCustomizer@ad3122e0], contextLoader = 'org.springframework.test.context.support.DelegatingSmartContextLoader', parent = [null]]]
23:36:59.097 [Test worker] DEBUG org.springframework.test.context.cache - Spring test ApplicationContext cache statistics: [DefaultContextCache@743c6ce4 size = 1, maxSize = 32, parentContextCount = 0, hitCount = 300, missCount = 1]
23:36:59.097 [Test worker] DEBUG org.springframework.test.context.support.AbstractDirtiesContextTestExecutionListener - After test class: context [DefaultTestContext@1c481ff2 testClass = ScheduleServiceTest, testInstance = [null], testMethod = [null], testException = [null], mergedContextConfiguration = [MergedContextConfiguration@72437d8d testClass = ScheduleServiceTest, locations = '{}', classes = '{class org.waldreg.schedule.management.DefaultScheduleManager}', contextInitializerClasses = '[]', activeProfiles = '{}', propertySourceLocations = '{}', propertySourceProperties = '{}', contextCustomizers = set[org.springframework.boot.test.autoconfigure.actuate.metrics.MetricsExportContextCustomizerFactory$DisableMetricExportContextCustomizer@181e731e, org.springframework.boot.test.autoconfigure.properties.PropertyMappingContextCustomizer@0, org.springframework.boot.test.autoconfigure.web.servlet.WebDriverContextCustomizerFactory$Customizer@479460a6, org.springframework.boot.test.context.filter.ExcludeFilterContextCustomizer@68702e03, org.springframework.boot.test.json.DuplicateJsonObjectContextCustomizerFactory$DuplicateJsonObjectContextCustomizer@338c99c8, org.springframework.boot.test.mock.mockito.MockitoContextCustomizer@ad3122e0], contextLoader = 'org.springframework.test.context.support.DelegatingSmartContextLoader', parent = [null]], attributes = map['org.springframework.test.context.event.ApplicationEventsTestExecutionListener.recordApplicationEvents' -> false]], class annotated with @DirtiesContext [false] with mode [null].
]]></system-out>
  <system-err><![CDATA[]]></system-err>
</testsuite>
