<?xml version="1.0" encoding="UTF-8"?>
<testsuite name="org.waldreg.user.management.UserServiceTest" tests="9" skipped="0" failures="0" errors="0" timestamp="2023-02-02T16:05:35" hostname="linirinilinrin" time="0.631">
  <properties/>
  <testcase name="유저 셀프 삭제 성공 테스트" classname="org.waldreg.user.management.UserServiceTest" time="0.289"/>
  <testcase name="전체 유저 조회 실패 테스트 - 잘못된 범위 지정" classname="org.waldreg.user.management.UserServiceTest" time="0.08"/>
  <testcase name="특정 유저 조회 성공 테스트" classname="org.waldreg.user.management.UserServiceTest" time="0.052"/>
  <testcase name="유저 생성 성공 테스트" classname="org.waldreg.user.management.UserServiceTest" time="0.025"/>
  <testcase name="토큰에 해당하는 유저 조회 성공 테스트" classname="org.waldreg.user.management.UserServiceTest" time="0.033"/>
  <testcase name="특정 유저 수정 성공 테스트" classname="org.waldreg.user.management.UserServiceTest" time="0.035"/>
  <testcase name="전체 유저 조회 성공 테스트" classname="org.waldreg.user.management.UserServiceTest" time="0.031"/>
  <testcase name="유저 강제 퇴장 성공 테스트" classname="org.waldreg.user.management.UserServiceTest" time="0.034"/>
  <testcase name="유저 역할 수정 성공 테스트" classname="org.waldreg.user.management.UserServiceTest" time="0.032"/>
  <system-out><![CDATA[01:05:30.172 [Test worker] DEBUG org.springframework.test.context.BootstrapUtils - Instantiating CacheAwareContextLoaderDelegate from class [org.springframework.test.context.cache.DefaultCacheAwareContextLoaderDelegate]
01:05:30.298 [Test worker] DEBUG org.springframework.test.context.BootstrapUtils - Instantiating BootstrapContext using constructor [public org.springframework.test.context.support.DefaultBootstrapContext(java.lang.Class,org.springframework.test.context.CacheAwareContextLoaderDelegate)]
01:05:30.521 [Test worker] DEBUG org.springframework.test.context.BootstrapUtils - Instantiating TestContextBootstrapper for test class [org.waldreg.user.management.UserServiceTest] from class [org.springframework.test.context.support.DefaultTestContextBootstrapper]
01:05:30.714 [Test worker] DEBUG org.springframework.test.context.support.AbstractDelegatingSmartContextLoader - Delegating to AnnotationConfigContextLoader to process context configuration [ContextConfigurationAttributes@48d61b48 declaringClass = 'org.waldreg.user.management.UserServiceTest', classes = '{class org.waldreg.user.management.DefaultUserManager}', locations = '{}', inheritLocations = true, initializers = '{}', inheritInitializers = true, name = [null], contextLoaderClass = 'org.springframework.test.context.ContextLoader'].
01:05:31.131 [Test worker] DEBUG org.springframework.test.context.support.ActiveProfilesUtils - Could not find an 'annotation declaring class' for annotation type [org.springframework.test.context.ActiveProfiles] and class [org.waldreg.user.management.UserServiceTest]
01:05:31.135 [Test worker] DEBUG org.springframework.test.context.support.DefaultTestContextBootstrapper - @TestExecutionListeners is not present for class [org.waldreg.user.management.UserServiceTest]: using defaults.
01:05:31.140 [Test worker] INFO org.springframework.test.context.support.DefaultTestContextBootstrapper - Loaded default TestExecutionListener class names from location [META-INF/spring.factories]: [org.springframework.boot.test.autoconfigure.restdocs.RestDocsTestExecutionListener, org.springframework.boot.test.autoconfigure.web.client.MockRestServiceServerResetTestExecutionListener, org.springframework.boot.test.autoconfigure.web.servlet.MockMvcPrintOnlyOnFailureTestExecutionListener, org.springframework.boot.test.autoconfigure.web.servlet.WebDriverTestExecutionListener, org.springframework.boot.test.autoconfigure.webservices.client.MockWebServiceServerTestExecutionListener, org.springframework.boot.test.mock.mockito.MockitoTestExecutionListener, org.springframework.boot.test.mock.mockito.ResetMocksTestExecutionListener, org.springframework.test.context.web.ServletTestExecutionListener, org.springframework.test.context.support.DirtiesContextBeforeModesTestExecutionListener, org.springframework.test.context.event.ApplicationEventsTestExecutionListener, org.springframework.test.context.support.DependencyInjectionTestExecutionListener, org.springframework.test.context.support.DirtiesContextTestExecutionListener, org.springframework.test.context.transaction.TransactionalTestExecutionListener, org.springframework.test.context.jdbc.SqlScriptsTestExecutionListener, org.springframework.test.context.event.EventPublishingTestExecutionListener]
01:05:31.253 [Test worker] DEBUG org.springframework.test.context.support.DefaultTestContextBootstrapper - Skipping candidate TestExecutionListener [org.springframework.test.context.transaction.TransactionalTestExecutionListener] due to a missing dependency. Specify custom listener classes or make the default listener classes and their required dependencies available. Offending class: [org/springframework/transaction/interceptor/TransactionAttributeSource]
01:05:31.258 [Test worker] DEBUG org.springframework.test.context.support.DefaultTestContextBootstrapper - Skipping candidate TestExecutionListener [org.springframework.test.context.jdbc.SqlScriptsTestExecutionListener] due to a missing dependency. Specify custom listener classes or make the default listener classes and their required dependencies available. Offending class: [org/springframework/transaction/interceptor/TransactionAttribute]
01:05:31.258 [Test worker] INFO org.springframework.test.context.support.DefaultTestContextBootstrapper - Using TestExecutionListeners: [org.springframework.test.context.web.ServletTestExecutionListener@12f9af83, org.springframework.test.context.support.DirtiesContextBeforeModesTestExecutionListener@19b93fa8, org.springframework.test.context.event.ApplicationEventsTestExecutionListener@7e6ef134, org.springframework.boot.test.mock.mockito.MockitoTestExecutionListener@1f010bf0, org.springframework.test.context.support.DependencyInjectionTestExecutionListener@40db2a24, org.springframework.test.context.support.DirtiesContextTestExecutionListener@10cf09e8, org.springframework.test.context.event.EventPublishingTestExecutionListener@1921ad94, org.springframework.boot.test.autoconfigure.restdocs.RestDocsTestExecutionListener@ee86bcb, org.springframework.boot.test.autoconfigure.web.client.MockRestServiceServerResetTestExecutionListener@177bea38, org.springframework.boot.test.autoconfigure.web.servlet.MockMvcPrintOnlyOnFailureTestExecutionListener@7f132176, org.springframework.boot.test.autoconfigure.web.servlet.WebDriverTestExecutionListener@6bca7e0d, org.springframework.boot.test.autoconfigure.webservices.client.MockWebServiceServerTestExecutionListener@2631f68c, org.springframework.boot.test.mock.mockito.ResetMocksTestExecutionListener@6ed3f258]
01:05:31.273 [Test worker] DEBUG org.springframework.test.context.support.AbstractDirtiesContextTestExecutionListener - Before test class: context [DefaultTestContext@33308786 testClass = UserServiceTest, testInstance = [null], testMethod = [null], testException = [null], mergedContextConfiguration = [MergedContextConfiguration@4f9a2c08 testClass = UserServiceTest, locations = '{}', classes = '{class org.waldreg.user.management.DefaultUserManager}', contextInitializerClasses = '[]', activeProfiles = '{}', propertySourceLocations = '{}', propertySourceProperties = '{}', contextCustomizers = set[org.springframework.boot.test.autoconfigure.actuate.metrics.MetricsExportContextCustomizerFactory$DisableMetricExportContextCustomizer@39ac0c0a, org.springframework.boot.test.autoconfigure.properties.PropertyMappingContextCustomizer@0, org.springframework.boot.test.autoconfigure.web.servlet.WebDriverContextCustomizerFactory$Customizer@7a67e3c6, org.springframework.boot.test.context.filter.ExcludeFilterContextCustomizer@600b90df, org.springframework.boot.test.json.DuplicateJsonObjectContextCustomizerFactory$DuplicateJsonObjectContextCustomizer@78d6692f, org.springframework.boot.test.mock.mockito.MockitoContextCustomizer@109c0f18], contextLoader = 'org.springframework.test.context.support.DelegatingSmartContextLoader', parent = [null]], attributes = map[[empty]]], class annotated with @DirtiesContext [false] with mode [null].
01:05:31.366 [Test worker] DEBUG org.springframework.test.context.support.AbstractDelegatingSmartContextLoader - Delegating to AnnotationConfigContextLoader to load context from [MergedContextConfiguration@4f9a2c08 testClass = UserServiceTest, locations = '{}', classes = '{class org.waldreg.user.management.DefaultUserManager}', contextInitializerClasses = '[]', activeProfiles = '{}', propertySourceLocations = '{}', propertySourceProperties = '{}', contextCustomizers = set[org.springframework.boot.test.autoconfigure.actuate.metrics.MetricsExportContextCustomizerFactory$DisableMetricExportContextCustomizer@39ac0c0a, org.springframework.boot.test.autoconfigure.properties.PropertyMappingContextCustomizer@0, org.springframework.boot.test.autoconfigure.web.servlet.WebDriverContextCustomizerFactory$Customizer@7a67e3c6, org.springframework.boot.test.context.filter.ExcludeFilterContextCustomizer@600b90df, org.springframework.boot.test.json.DuplicateJsonObjectContextCustomizerFactory$DuplicateJsonObjectContextCustomizer@78d6692f, org.springframework.boot.test.mock.mockito.MockitoContextCustomizer@109c0f18], contextLoader = 'org.springframework.test.context.support.DelegatingSmartContextLoader', parent = [null]].
01:05:31.367 [Test worker] DEBUG org.springframework.test.context.support.AbstractGenericContextLoader - Loading ApplicationContext for merged context configuration [[MergedContextConfiguration@4f9a2c08 testClass = UserServiceTest, locations = '{}', classes = '{class org.waldreg.user.management.DefaultUserManager}', contextInitializerClasses = '[]', activeProfiles = '{}', propertySourceLocations = '{}', propertySourceProperties = '{}', contextCustomizers = set[org.springframework.boot.test.autoconfigure.actuate.metrics.MetricsExportContextCustomizerFactory$DisableMetricExportContextCustomizer@39ac0c0a, org.springframework.boot.test.autoconfigure.properties.PropertyMappingContextCustomizer@0, org.springframework.boot.test.autoconfigure.web.servlet.WebDriverContextCustomizerFactory$Customizer@7a67e3c6, org.springframework.boot.test.context.filter.ExcludeFilterContextCustomizer@600b90df, org.springframework.boot.test.json.DuplicateJsonObjectContextCustomizerFactory$DuplicateJsonObjectContextCustomizer@78d6692f, org.springframework.boot.test.mock.mockito.MockitoContextCustomizer@109c0f18], contextLoader = 'org.springframework.test.context.support.DelegatingSmartContextLoader', parent = [null]]].
01:05:31.752 [Test worker] DEBUG org.springframework.core.env.StandardEnvironment - Activating profiles []
01:05:31.752 [Test worker] DEBUG org.springframework.test.context.support.AnnotationConfigContextLoader - Registering component classes: {class org.waldreg.user.management.DefaultUserManager}
01:05:32.027 [Test worker] DEBUG org.springframework.context.support.GenericApplicationContext - Refreshing org.springframework.context.support.GenericApplicationContext@2e2ff723
01:05:32.135 [Test worker] DEBUG org.springframework.beans.factory.support.DefaultListableBeanFactory - Creating shared instance of singleton bean 'org.springframework.context.annotation.internalConfigurationAnnotationProcessor'
01:05:32.396 [Test worker] DEBUG org.springframework.beans.factory.support.DefaultListableBeanFactory - Creating shared instance of singleton bean 'org.springframework.boot.test.mock.mockito.MockitoPostProcessor'
01:05:35.303 [Test worker] DEBUG org.springframework.beans.factory.support.DefaultListableBeanFactory - Creating shared instance of singleton bean 'org.springframework.context.event.internalEventListenerProcessor'
01:05:35.314 [Test worker] DEBUG org.springframework.beans.factory.support.DefaultListableBeanFactory - Creating shared instance of singleton bean 'org.springframework.context.event.internalEventListenerFactory'
01:05:35.318 [Test worker] DEBUG org.springframework.beans.factory.support.DefaultListableBeanFactory - Creating shared instance of singleton bean 'org.springframework.context.annotation.internalAutowiredAnnotationProcessor'
01:05:35.332 [Test worker] DEBUG org.springframework.beans.factory.support.DefaultListableBeanFactory - Creating shared instance of singleton bean 'org.springframework.context.annotation.internalCommonAnnotationProcessor'
01:05:35.391 [Test worker] DEBUG org.springframework.beans.factory.support.DefaultListableBeanFactory - Creating shared instance of singleton bean 'org.springframework.boot.test.mock.mockito.MockitoPostProcessor$SpyPostProcessor'
01:05:35.500 [Test worker] DEBUG org.springframework.beans.factory.support.DefaultListableBeanFactory - Creating shared instance of singleton bean 'defaultUserManager'
01:05:35.543 [Test worker] DEBUG org.springframework.beans.factory.support.DefaultListableBeanFactory - Autowiring by type from bean name 'defaultUserManager' via constructor to bean named 'org.waldreg.user.spi.UserRepository#0'
01:05:35.696 [Test worker] DEBUG org.springframework.test.context.cache.DefaultCacheAwareContextLoaderDelegate - Storing ApplicationContext [774895395] in cache under key [[MergedContextConfiguration@4f9a2c08 testClass = UserServiceTest, locations = '{}', classes = '{class org.waldreg.user.management.DefaultUserManager}', contextInitializerClasses = '[]', activeProfiles = '{}', propertySourceLocations = '{}', propertySourceProperties = '{}', contextCustomizers = set[org.springframework.boot.test.autoconfigure.actuate.metrics.MetricsExportContextCustomizerFactory$DisableMetricExportContextCustomizer@39ac0c0a, org.springframework.boot.test.autoconfigure.properties.PropertyMappingContextCustomizer@0, org.springframework.boot.test.autoconfigure.web.servlet.WebDriverContextCustomizerFactory$Customizer@7a67e3c6, org.springframework.boot.test.context.filter.ExcludeFilterContextCustomizer@600b90df, org.springframework.boot.test.json.DuplicateJsonObjectContextCustomizerFactory$DuplicateJsonObjectContextCustomizer@78d6692f, org.springframework.boot.test.mock.mockito.MockitoContextCustomizer@109c0f18], contextLoader = 'org.springframework.test.context.support.DelegatingSmartContextLoader', parent = [null]]]
01:05:35.697 [Test worker] DEBUG org.springframework.test.context.cache - Spring test ApplicationContext cache statistics: [DefaultContextCache@1ffcf674 size = 1, maxSize = 32, parentContextCount = 0, hitCount = 0, missCount = 1]
01:05:35.706 [Test worker] DEBUG org.springframework.test.context.support.DependencyInjectionTestExecutionListener - Performing dependency injection for test context [[DefaultTestContext@33308786 testClass = UserServiceTest, testInstance = org.waldreg.user.management.UserServiceTest@1431267b, testMethod = [null], testException = [null], mergedContextConfiguration = [MergedContextConfiguration@4f9a2c08 testClass = UserServiceTest, locations = '{}', classes = '{class org.waldreg.user.management.DefaultUserManager}', contextInitializerClasses = '[]', activeProfiles = '{}', propertySourceLocations = '{}', propertySourceProperties = '{}', contextCustomizers = set[org.springframework.boot.test.autoconfigure.actuate.metrics.MetricsExportContextCustomizerFactory$DisableMetricExportContextCustomizer@39ac0c0a, org.springframework.boot.test.autoconfigure.properties.PropertyMappingContextCustomizer@0, org.springframework.boot.test.autoconfigure.web.servlet.WebDriverContextCustomizerFactory$Customizer@7a67e3c6, org.springframework.boot.test.context.filter.ExcludeFilterContextCustomizer@600b90df, org.springframework.boot.test.json.DuplicateJsonObjectContextCustomizerFactory$DuplicateJsonObjectContextCustomizer@78d6692f, org.springframework.boot.test.mock.mockito.MockitoContextCustomizer@109c0f18], contextLoader = 'org.springframework.test.context.support.DelegatingSmartContextLoader', parent = [null]], attributes = map['org.springframework.test.context.event.ApplicationEventsTestExecutionListener.recordApplicationEvents' -> false]]].
01:05:35.707 [Test worker] DEBUG org.springframework.test.context.cache.DefaultCacheAwareContextLoaderDelegate - Retrieved ApplicationContext [774895395] from cache with key [[MergedContextConfiguration@4f9a2c08 testClass = UserServiceTest, locations = '{}', classes = '{class org.waldreg.user.management.DefaultUserManager}', contextInitializerClasses = '[]', activeProfiles = '{}', propertySourceLocations = '{}', propertySourceProperties = '{}', contextCustomizers = set[org.springframework.boot.test.autoconfigure.actuate.metrics.MetricsExportContextCustomizerFactory$DisableMetricExportContextCustomizer@39ac0c0a, org.springframework.boot.test.autoconfigure.properties.PropertyMappingContextCustomizer@0, org.springframework.boot.test.autoconfigure.web.servlet.WebDriverContextCustomizerFactory$Customizer@7a67e3c6, org.springframework.boot.test.context.filter.ExcludeFilterContextCustomizer@600b90df, org.springframework.boot.test.json.DuplicateJsonObjectContextCustomizerFactory$DuplicateJsonObjectContextCustomizer@78d6692f, org.springframework.boot.test.mock.mockito.MockitoContextCustomizer@109c0f18], contextLoader = 'org.springframework.test.context.support.DelegatingSmartContextLoader', parent = [null]]]
01:05:35.707 [Test worker] DEBUG org.springframework.test.context.cache - Spring test ApplicationContext cache statistics: [DefaultContextCache@1ffcf674 size = 1, maxSize = 32, parentContextCount = 0, hitCount = 1, missCount = 1]
01:05:35.742 [Test worker] DEBUG org.springframework.test.context.cache.DefaultCacheAwareContextLoaderDelegate - Retrieved ApplicationContext [774895395] from cache with key [[MergedContextConfiguration@4f9a2c08 testClass = UserServiceTest, locations = '{}', classes = '{class org.waldreg.user.management.DefaultUserManager}', contextInitializerClasses = '[]', activeProfiles = '{}', propertySourceLocations = '{}', propertySourceProperties = '{}', contextCustomizers = set[org.springframework.boot.test.autoconfigure.actuate.metrics.MetricsExportContextCustomizerFactory$DisableMetricExportContextCustomizer@39ac0c0a, org.springframework.boot.test.autoconfigure.properties.PropertyMappingContextCustomizer@0, org.springframework.boot.test.autoconfigure.web.servlet.WebDriverContextCustomizerFactory$Customizer@7a67e3c6, org.springframework.boot.test.context.filter.ExcludeFilterContextCustomizer@600b90df, org.springframework.boot.test.json.DuplicateJsonObjectContextCustomizerFactory$DuplicateJsonObjectContextCustomizer@78d6692f, org.springframework.boot.test.mock.mockito.MockitoContextCustomizer@109c0f18], contextLoader = 'org.springframework.test.context.support.DelegatingSmartContextLoader', parent = [null]]]
01:05:35.743 [Test worker] DEBUG org.springframework.test.context.cache - Spring test ApplicationContext cache statistics: [DefaultContextCache@1ffcf674 size = 1, maxSize = 32, parentContextCount = 0, hitCount = 2, missCount = 1]
01:05:35.765 [Test worker] DEBUG org.springframework.test.context.support.AbstractDirtiesContextTestExecutionListener - Before test method: context [DefaultTestContext@33308786 testClass = UserServiceTest, testInstance = org.waldreg.user.management.UserServiceTest@1431267b, testMethod = DELETE_USER_OWN_SUCCESS_TEST@UserServiceTest, testException = [null], mergedContextConfiguration = [MergedContextConfiguration@4f9a2c08 testClass = UserServiceTest, locations = '{}', classes = '{class org.waldreg.user.management.DefaultUserManager}', contextInitializerClasses = '[]', activeProfiles = '{}', propertySourceLocations = '{}', propertySourceProperties = '{}', contextCustomizers = set[org.springframework.boot.test.autoconfigure.actuate.metrics.MetricsExportContextCustomizerFactory$DisableMetricExportContextCustomizer@39ac0c0a, org.springframework.boot.test.autoconfigure.properties.PropertyMappingContextCustomizer@0, org.springframework.boot.test.autoconfigure.web.servlet.WebDriverContextCustomizerFactory$Customizer@7a67e3c6, org.springframework.boot.test.context.filter.ExcludeFilterContextCustomizer@600b90df, org.springframework.boot.test.json.DuplicateJsonObjectContextCustomizerFactory$DuplicateJsonObjectContextCustomizer@78d6692f, org.springframework.boot.test.mock.mockito.MockitoContextCustomizer@109c0f18], contextLoader = 'org.springframework.test.context.support.DelegatingSmartContextLoader', parent = [null]], attributes = map['org.springframework.test.context.event.ApplicationEventsTestExecutionListener.recordApplicationEvents' -> false]], class annotated with @DirtiesContext [false] with mode [null], method annotated with @DirtiesContext [false] with mode [null].
01:05:35.769 [Test worker] DEBUG org.springframework.test.context.cache.DefaultCacheAwareContextLoaderDelegate - Retrieved ApplicationContext [774895395] from cache with key [[MergedContextConfiguration@4f9a2c08 testClass = UserServiceTest, locations = '{}', classes = '{class org.waldreg.user.management.DefaultUserManager}', contextInitializerClasses = '[]', activeProfiles = '{}', propertySourceLocations = '{}', propertySourceProperties = '{}', contextCustomizers = set[org.springframework.boot.test.autoconfigure.actuate.metrics.MetricsExportContextCustomizerFactory$DisableMetricExportContextCustomizer@39ac0c0a, org.springframework.boot.test.autoconfigure.properties.PropertyMappingContextCustomizer@0, org.springframework.boot.test.autoconfigure.web.servlet.WebDriverContextCustomizerFactory$Customizer@7a67e3c6, org.springframework.boot.test.context.filter.ExcludeFilterContextCustomizer@600b90df, org.springframework.boot.test.json.DuplicateJsonObjectContextCustomizerFactory$DuplicateJsonObjectContextCustomizer@78d6692f, org.springframework.boot.test.mock.mockito.MockitoContextCustomizer@109c0f18], contextLoader = 'org.springframework.test.context.support.DelegatingSmartContextLoader', parent = [null]]]
01:05:35.769 [Test worker] DEBUG org.springframework.test.context.cache - Spring test ApplicationContext cache statistics: [DefaultContextCache@1ffcf674 size = 1, maxSize = 32, parentContextCount = 0, hitCount = 3, missCount = 1]
01:05:35.774 [Test worker] DEBUG org.springframework.test.context.cache.DefaultCacheAwareContextLoaderDelegate - Retrieved ApplicationContext [774895395] from cache with key [[MergedContextConfiguration@4f9a2c08 testClass = UserServiceTest, locations = '{}', classes = '{class org.waldreg.user.management.DefaultUserManager}', contextInitializerClasses = '[]', activeProfiles = '{}', propertySourceLocations = '{}', propertySourceProperties = '{}', contextCustomizers = set[org.springframework.boot.test.autoconfigure.actuate.metrics.MetricsExportContextCustomizerFactory$DisableMetricExportContextCustomizer@39ac0c0a, org.springframework.boot.test.autoconfigure.properties.PropertyMappingContextCustomizer@0, org.springframework.boot.test.autoconfigure.web.servlet.WebDriverContextCustomizerFactory$Customizer@7a67e3c6, org.springframework.boot.test.context.filter.ExcludeFilterContextCustomizer@600b90df, org.springframework.boot.test.json.DuplicateJsonObjectContextCustomizerFactory$DuplicateJsonObjectContextCustomizer@78d6692f, org.springframework.boot.test.mock.mockito.MockitoContextCustomizer@109c0f18], contextLoader = 'org.springframework.test.context.support.DelegatingSmartContextLoader', parent = [null]]]
01:05:35.775 [Test worker] DEBUG org.springframework.test.context.cache - Spring test ApplicationContext cache statistics: [DefaultContextCache@1ffcf674 size = 1, maxSize = 32, parentContextCount = 0, hitCount = 4, missCount = 1]
01:05:35.795 [Test worker] DEBUG org.springframework.test.context.cache.DefaultCacheAwareContextLoaderDelegate - Retrieved ApplicationContext [774895395] from cache with key [[MergedContextConfiguration@4f9a2c08 testClass = UserServiceTest, locations = '{}', classes = '{class org.waldreg.user.management.DefaultUserManager}', contextInitializerClasses = '[]', activeProfiles = '{}', propertySourceLocations = '{}', propertySourceProperties = '{}', contextCustomizers = set[org.springframework.boot.test.autoconfigure.actuate.metrics.MetricsExportContextCustomizerFactory$DisableMetricExportContextCustomizer@39ac0c0a, org.springframework.boot.test.autoconfigure.properties.PropertyMappingContextCustomizer@0, org.springframework.boot.test.autoconfigure.web.servlet.WebDriverContextCustomizerFactory$Customizer@7a67e3c6, org.springframework.boot.test.context.filter.ExcludeFilterContextCustomizer@600b90df, org.springframework.boot.test.json.DuplicateJsonObjectContextCustomizerFactory$DuplicateJsonObjectContextCustomizer@78d6692f, org.springframework.boot.test.mock.mockito.MockitoContextCustomizer@109c0f18], contextLoader = 'org.springframework.test.context.support.DelegatingSmartContextLoader', parent = [null]]]
01:05:35.795 [Test worker] DEBUG org.springframework.test.context.cache - Spring test ApplicationContext cache statistics: [DefaultContextCache@1ffcf674 size = 1, maxSize = 32, parentContextCount = 0, hitCount = 5, missCount = 1]
01:05:35.992 [Test worker] DEBUG org.springframework.test.context.cache.DefaultCacheAwareContextLoaderDelegate - Retrieved ApplicationContext [774895395] from cache with key [[MergedContextConfiguration@4f9a2c08 testClass = UserServiceTest, locations = '{}', classes = '{class org.waldreg.user.management.DefaultUserManager}', contextInitializerClasses = '[]', activeProfiles = '{}', propertySourceLocations = '{}', propertySourceProperties = '{}', contextCustomizers = set[org.springframework.boot.test.autoconfigure.actuate.metrics.MetricsExportContextCustomizerFactory$DisableMetricExportContextCustomizer@39ac0c0a, org.springframework.boot.test.autoconfigure.properties.PropertyMappingContextCustomizer@0, org.springframework.boot.test.autoconfigure.web.servlet.WebDriverContextCustomizerFactory$Customizer@7a67e3c6, org.springframework.boot.test.context.filter.ExcludeFilterContextCustomizer@600b90df, org.springframework.boot.test.json.DuplicateJsonObjectContextCustomizerFactory$DuplicateJsonObjectContextCustomizer@78d6692f, org.springframework.boot.test.mock.mockito.MockitoContextCustomizer@109c0f18], contextLoader = 'org.springframework.test.context.support.DelegatingSmartContextLoader', parent = [null]]]
01:05:35.992 [Test worker] DEBUG org.springframework.test.context.cache - Spring test ApplicationContext cache statistics: [DefaultContextCache@1ffcf674 size = 1, maxSize = 32, parentContextCount = 0, hitCount = 6, missCount = 1]
01:05:35.993 [Test worker] DEBUG org.springframework.test.context.cache.DefaultCacheAwareContextLoaderDelegate - Retrieved ApplicationContext [774895395] from cache with key [[MergedContextConfiguration@4f9a2c08 testClass = UserServiceTest, locations = '{}', classes = '{class org.waldreg.user.management.DefaultUserManager}', contextInitializerClasses = '[]', activeProfiles = '{}', propertySourceLocations = '{}', propertySourceProperties = '{}', contextCustomizers = set[org.springframework.boot.test.autoconfigure.actuate.metrics.MetricsExportContextCustomizerFactory$DisableMetricExportContextCustomizer@39ac0c0a, org.springframework.boot.test.autoconfigure.properties.PropertyMappingContextCustomizer@0, org.springframework.boot.test.autoconfigure.web.servlet.WebDriverContextCustomizerFactory$Customizer@7a67e3c6, org.springframework.boot.test.context.filter.ExcludeFilterContextCustomizer@600b90df, org.springframework.boot.test.json.DuplicateJsonObjectContextCustomizerFactory$DuplicateJsonObjectContextCustomizer@78d6692f, org.springframework.boot.test.mock.mockito.MockitoContextCustomizer@109c0f18], contextLoader = 'org.springframework.test.context.support.DelegatingSmartContextLoader', parent = [null]]]
01:05:35.993 [Test worker] DEBUG org.springframework.test.context.cache - Spring test ApplicationContext cache statistics: [DefaultContextCache@1ffcf674 size = 1, maxSize = 32, parentContextCount = 0, hitCount = 7, missCount = 1]
01:05:36.000 [Test worker] DEBUG org.springframework.test.context.cache.DefaultCacheAwareContextLoaderDelegate - Retrieved ApplicationContext [774895395] from cache with key [[MergedContextConfiguration@4f9a2c08 testClass = UserServiceTest, locations = '{}', classes = '{class org.waldreg.user.management.DefaultUserManager}', contextInitializerClasses = '[]', activeProfiles = '{}', propertySourceLocations = '{}', propertySourceProperties = '{}', contextCustomizers = set[org.springframework.boot.test.autoconfigure.actuate.metrics.MetricsExportContextCustomizerFactory$DisableMetricExportContextCustomizer@39ac0c0a, org.springframework.boot.test.autoconfigure.properties.PropertyMappingContextCustomizer@0, org.springframework.boot.test.autoconfigure.web.servlet.WebDriverContextCustomizerFactory$Customizer@7a67e3c6, org.springframework.boot.test.context.filter.ExcludeFilterContextCustomizer@600b90df, org.springframework.boot.test.json.DuplicateJsonObjectContextCustomizerFactory$DuplicateJsonObjectContextCustomizer@78d6692f, org.springframework.boot.test.mock.mockito.MockitoContextCustomizer@109c0f18], contextLoader = 'org.springframework.test.context.support.DelegatingSmartContextLoader', parent = [null]]]
01:05:36.001 [Test worker] DEBUG org.springframework.test.context.cache - Spring test ApplicationContext cache statistics: [DefaultContextCache@1ffcf674 size = 1, maxSize = 32, parentContextCount = 0, hitCount = 8, missCount = 1]
01:05:36.001 [Test worker] DEBUG org.springframework.test.context.cache.DefaultCacheAwareContextLoaderDelegate - Retrieved ApplicationContext [774895395] from cache with key [[MergedContextConfiguration@4f9a2c08 testClass = UserServiceTest, locations = '{}', classes = '{class org.waldreg.user.management.DefaultUserManager}', contextInitializerClasses = '[]', activeProfiles = '{}', propertySourceLocations = '{}', propertySourceProperties = '{}', contextCustomizers = set[org.springframework.boot.test.autoconfigure.actuate.metrics.MetricsExportContextCustomizerFactory$DisableMetricExportContextCustomizer@39ac0c0a, org.springframework.boot.test.autoconfigure.properties.PropertyMappingContextCustomizer@0, org.springframework.boot.test.autoconfigure.web.servlet.WebDriverContextCustomizerFactory$Customizer@7a67e3c6, org.springframework.boot.test.context.filter.ExcludeFilterContextCustomizer@600b90df, org.springframework.boot.test.json.DuplicateJsonObjectContextCustomizerFactory$DuplicateJsonObjectContextCustomizer@78d6692f, org.springframework.boot.test.mock.mockito.MockitoContextCustomizer@109c0f18], contextLoader = 'org.springframework.test.context.support.DelegatingSmartContextLoader', parent = [null]]]
01:05:36.001 [Test worker] DEBUG org.springframework.test.context.cache - Spring test ApplicationContext cache statistics: [DefaultContextCache@1ffcf674 size = 1, maxSize = 32, parentContextCount = 0, hitCount = 9, missCount = 1]
01:05:36.009 [Test worker] DEBUG org.springframework.test.context.cache.DefaultCacheAwareContextLoaderDelegate - Retrieved ApplicationContext [774895395] from cache with key [[MergedContextConfiguration@4f9a2c08 testClass = UserServiceTest, locations = '{}', classes = '{class org.waldreg.user.management.DefaultUserManager}', contextInitializerClasses = '[]', activeProfiles = '{}', propertySourceLocations = '{}', propertySourceProperties = '{}', contextCustomizers = set[org.springframework.boot.test.autoconfigure.actuate.metrics.MetricsExportContextCustomizerFactory$DisableMetricExportContextCustomizer@39ac0c0a, org.springframework.boot.test.autoconfigure.properties.PropertyMappingContextCustomizer@0, org.springframework.boot.test.autoconfigure.web.servlet.WebDriverContextCustomizerFactory$Customizer@7a67e3c6, org.springframework.boot.test.context.filter.ExcludeFilterContextCustomizer@600b90df, org.springframework.boot.test.json.DuplicateJsonObjectContextCustomizerFactory$DuplicateJsonObjectContextCustomizer@78d6692f, org.springframework.boot.test.mock.mockito.MockitoContextCustomizer@109c0f18], contextLoader = 'org.springframework.test.context.support.DelegatingSmartContextLoader', parent = [null]]]
01:05:36.009 [Test worker] DEBUG org.springframework.test.context.cache - Spring test ApplicationContext cache statistics: [DefaultContextCache@1ffcf674 size = 1, maxSize = 32, parentContextCount = 0, hitCount = 10, missCount = 1]
01:05:36.024 [Test worker] DEBUG org.springframework.test.context.cache.DefaultCacheAwareContextLoaderDelegate - Retrieved ApplicationContext [774895395] from cache with key [[MergedContextConfiguration@4f9a2c08 testClass = UserServiceTest, locations = '{}', classes = '{class org.waldreg.user.management.DefaultUserManager}', contextInitializerClasses = '[]', activeProfiles = '{}', propertySourceLocations = '{}', propertySourceProperties = '{}', contextCustomizers = set[org.springframework.boot.test.autoconfigure.actuate.metrics.MetricsExportContextCustomizerFactory$DisableMetricExportContextCustomizer@39ac0c0a, org.springframework.boot.test.autoconfigure.properties.PropertyMappingContextCustomizer@0, org.springframework.boot.test.autoconfigure.web.servlet.WebDriverContextCustomizerFactory$Customizer@7a67e3c6, org.springframework.boot.test.context.filter.ExcludeFilterContextCustomizer@600b90df, org.springframework.boot.test.json.DuplicateJsonObjectContextCustomizerFactory$DuplicateJsonObjectContextCustomizer@78d6692f, org.springframework.boot.test.mock.mockito.MockitoContextCustomizer@109c0f18], contextLoader = 'org.springframework.test.context.support.DelegatingSmartContextLoader', parent = [null]]]
01:05:36.024 [Test worker] DEBUG org.springframework.test.context.cache - Spring test ApplicationContext cache statistics: [DefaultContextCache@1ffcf674 size = 1, maxSize = 32, parentContextCount = 0, hitCount = 11, missCount = 1]
01:05:36.024 [Test worker] DEBUG org.springframework.test.context.support.AbstractDirtiesContextTestExecutionListener - After test method: context [DefaultTestContext@33308786 testClass = UserServiceTest, testInstance = org.waldreg.user.management.UserServiceTest@1431267b, testMethod = DELETE_USER_OWN_SUCCESS_TEST@UserServiceTest, testException = [null], mergedContextConfiguration = [MergedContextConfiguration@4f9a2c08 testClass = UserServiceTest, locations = '{}', classes = '{class org.waldreg.user.management.DefaultUserManager}', contextInitializerClasses = '[]', activeProfiles = '{}', propertySourceLocations = '{}', propertySourceProperties = '{}', contextCustomizers = set[org.springframework.boot.test.autoconfigure.actuate.metrics.MetricsExportContextCustomizerFactory$DisableMetricExportContextCustomizer@39ac0c0a, org.springframework.boot.test.autoconfigure.properties.PropertyMappingContextCustomizer@0, org.springframework.boot.test.autoconfigure.web.servlet.WebDriverContextCustomizerFactory$Customizer@7a67e3c6, org.springframework.boot.test.context.filter.ExcludeFilterContextCustomizer@600b90df, org.springframework.boot.test.json.DuplicateJsonObjectContextCustomizerFactory$DuplicateJsonObjectContextCustomizer@78d6692f, org.springframework.boot.test.mock.mockito.MockitoContextCustomizer@109c0f18], contextLoader = 'org.springframework.test.context.support.DelegatingSmartContextLoader', parent = [null]], attributes = map['org.springframework.test.context.event.ApplicationEventsTestExecutionListener.recordApplicationEvents' -> false]], class annotated with @DirtiesContext [false] with mode [null], method annotated with @DirtiesContext [false] with mode [null].
01:05:36.048 [Test worker] DEBUG org.springframework.test.context.cache.DefaultCacheAwareContextLoaderDelegate - Retrieved ApplicationContext [774895395] from cache with key [[MergedContextConfiguration@4f9a2c08 testClass = UserServiceTest, locations = '{}', classes = '{class org.waldreg.user.management.DefaultUserManager}', contextInitializerClasses = '[]', activeProfiles = '{}', propertySourceLocations = '{}', propertySourceProperties = '{}', contextCustomizers = set[org.springframework.boot.test.autoconfigure.actuate.metrics.MetricsExportContextCustomizerFactory$DisableMetricExportContextCustomizer@39ac0c0a, org.springframework.boot.test.autoconfigure.properties.PropertyMappingContextCustomizer@0, org.springframework.boot.test.autoconfigure.web.servlet.WebDriverContextCustomizerFactory$Customizer@7a67e3c6, org.springframework.boot.test.context.filter.ExcludeFilterContextCustomizer@600b90df, org.springframework.boot.test.json.DuplicateJsonObjectContextCustomizerFactory$DuplicateJsonObjectContextCustomizer@78d6692f, org.springframework.boot.test.mock.mockito.MockitoContextCustomizer@109c0f18], contextLoader = 'org.springframework.test.context.support.DelegatingSmartContextLoader', parent = [null]]]
01:05:36.048 [Test worker] DEBUG org.springframework.test.context.cache - Spring test ApplicationContext cache statistics: [DefaultContextCache@1ffcf674 size = 1, maxSize = 32, parentContextCount = 0, hitCount = 12, missCount = 1]
01:05:36.049 [Test worker] DEBUG org.springframework.test.context.support.DependencyInjectionTestExecutionListener - Performing dependency injection for test context [[DefaultTestContext@33308786 testClass = UserServiceTest, testInstance = org.waldreg.user.management.UserServiceTest@6ab4ba9f, testMethod = [null], testException = [null], mergedContextConfiguration = [MergedContextConfiguration@4f9a2c08 testClass = UserServiceTest, locations = '{}', classes = '{class org.waldreg.user.management.DefaultUserManager}', contextInitializerClasses = '[]', activeProfiles = '{}', propertySourceLocations = '{}', propertySourceProperties = '{}', contextCustomizers = set[org.springframework.boot.test.autoconfigure.actuate.metrics.MetricsExportContextCustomizerFactory$DisableMetricExportContextCustomizer@39ac0c0a, org.springframework.boot.test.autoconfigure.properties.PropertyMappingContextCustomizer@0, org.springframework.boot.test.autoconfigure.web.servlet.WebDriverContextCustomizerFactory$Customizer@7a67e3c6, org.springframework.boot.test.context.filter.ExcludeFilterContextCustomizer@600b90df, org.springframework.boot.test.json.DuplicateJsonObjectContextCustomizerFactory$DuplicateJsonObjectContextCustomizer@78d6692f, org.springframework.boot.test.mock.mockito.MockitoContextCustomizer@109c0f18], contextLoader = 'org.springframework.test.context.support.DelegatingSmartContextLoader', parent = [null]], attributes = map['org.springframework.test.context.event.ApplicationEventsTestExecutionListener.recordApplicationEvents' -> false]]].
01:05:36.049 [Test worker] DEBUG org.springframework.test.context.cache.DefaultCacheAwareContextLoaderDelegate - Retrieved ApplicationContext [774895395] from cache with key [[MergedContextConfiguration@4f9a2c08 testClass = UserServiceTest, locations = '{}', classes = '{class org.waldreg.user.management.DefaultUserManager}', contextInitializerClasses = '[]', activeProfiles = '{}', propertySourceLocations = '{}', propertySourceProperties = '{}', contextCustomizers = set[org.springframework.boot.test.autoconfigure.actuate.metrics.MetricsExportContextCustomizerFactory$DisableMetricExportContextCustomizer@39ac0c0a, org.springframework.boot.test.autoconfigure.properties.PropertyMappingContextCustomizer@0, org.springframework.boot.test.autoconfigure.web.servlet.WebDriverContextCustomizerFactory$Customizer@7a67e3c6, org.springframework.boot.test.context.filter.ExcludeFilterContextCustomizer@600b90df, org.springframework.boot.test.json.DuplicateJsonObjectContextCustomizerFactory$DuplicateJsonObjectContextCustomizer@78d6692f, org.springframework.boot.test.mock.mockito.MockitoContextCustomizer@109c0f18], contextLoader = 'org.springframework.test.context.support.DelegatingSmartContextLoader', parent = [null]]]
01:05:36.049 [Test worker] DEBUG org.springframework.test.context.cache - Spring test ApplicationContext cache statistics: [DefaultContextCache@1ffcf674 size = 1, maxSize = 32, parentContextCount = 0, hitCount = 13, missCount = 1]
01:05:36.049 [Test worker] DEBUG org.springframework.test.context.cache.DefaultCacheAwareContextLoaderDelegate - Retrieved ApplicationContext [774895395] from cache with key [[MergedContextConfiguration@4f9a2c08 testClass = UserServiceTest, locations = '{}', classes = '{class org.waldreg.user.management.DefaultUserManager}', contextInitializerClasses = '[]', activeProfiles = '{}', propertySourceLocations = '{}', propertySourceProperties = '{}', contextCustomizers = set[org.springframework.boot.test.autoconfigure.actuate.metrics.MetricsExportContextCustomizerFactory$DisableMetricExportContextCustomizer@39ac0c0a, org.springframework.boot.test.autoconfigure.properties.PropertyMappingContextCustomizer@0, org.springframework.boot.test.autoconfigure.web.servlet.WebDriverContextCustomizerFactory$Customizer@7a67e3c6, org.springframework.boot.test.context.filter.ExcludeFilterContextCustomizer@600b90df, org.springframework.boot.test.json.DuplicateJsonObjectContextCustomizerFactory$DuplicateJsonObjectContextCustomizer@78d6692f, org.springframework.boot.test.mock.mockito.MockitoContextCustomizer@109c0f18], contextLoader = 'org.springframework.test.context.support.DelegatingSmartContextLoader', parent = [null]]]
01:05:36.050 [Test worker] DEBUG org.springframework.test.context.cache - Spring test ApplicationContext cache statistics: [DefaultContextCache@1ffcf674 size = 1, maxSize = 32, parentContextCount = 0, hitCount = 14, missCount = 1]
01:05:36.051 [Test worker] DEBUG org.springframework.test.context.support.AbstractDirtiesContextTestExecutionListener - Before test method: context [DefaultTestContext@33308786 testClass = UserServiceTest, testInstance = org.waldreg.user.management.UserServiceTest@6ab4ba9f, testMethod = READ_ALL_USER_FAIL_CAUSE_INVALID_RANGE_TEST@UserServiceTest, testException = [null], mergedContextConfiguration = [MergedContextConfiguration@4f9a2c08 testClass = UserServiceTest, locations = '{}', classes = '{class org.waldreg.user.management.DefaultUserManager}', contextInitializerClasses = '[]', activeProfiles = '{}', propertySourceLocations = '{}', propertySourceProperties = '{}', contextCustomizers = set[org.springframework.boot.test.autoconfigure.actuate.metrics.MetricsExportContextCustomizerFactory$DisableMetricExportContextCustomizer@39ac0c0a, org.springframework.boot.test.autoconfigure.properties.PropertyMappingContextCustomizer@0, org.springframework.boot.test.autoconfigure.web.servlet.WebDriverContextCustomizerFactory$Customizer@7a67e3c6, org.springframework.boot.test.context.filter.ExcludeFilterContextCustomizer@600b90df, org.springframework.boot.test.json.DuplicateJsonObjectContextCustomizerFactory$DuplicateJsonObjectContextCustomizer@78d6692f, org.springframework.boot.test.mock.mockito.MockitoContextCustomizer@109c0f18], contextLoader = 'org.springframework.test.context.support.DelegatingSmartContextLoader', parent = [null]], attributes = map['org.springframework.test.context.event.ApplicationEventsTestExecutionListener.recordApplicationEvents' -> false]], class annotated with @DirtiesContext [false] with mode [null], method annotated with @DirtiesContext [false] with mode [null].
01:05:36.052 [Test worker] DEBUG org.springframework.test.context.cache.DefaultCacheAwareContextLoaderDelegate - Retrieved ApplicationContext [774895395] from cache with key [[MergedContextConfiguration@4f9a2c08 testClass = UserServiceTest, locations = '{}', classes = '{class org.waldreg.user.management.DefaultUserManager}', contextInitializerClasses = '[]', activeProfiles = '{}', propertySourceLocations = '{}', propertySourceProperties = '{}', contextCustomizers = set[org.springframework.boot.test.autoconfigure.actuate.metrics.MetricsExportContextCustomizerFactory$DisableMetricExportContextCustomizer@39ac0c0a, org.springframework.boot.test.autoconfigure.properties.PropertyMappingContextCustomizer@0, org.springframework.boot.test.autoconfigure.web.servlet.WebDriverContextCustomizerFactory$Customizer@7a67e3c6, org.springframework.boot.test.context.filter.ExcludeFilterContextCustomizer@600b90df, org.springframework.boot.test.json.DuplicateJsonObjectContextCustomizerFactory$DuplicateJsonObjectContextCustomizer@78d6692f, org.springframework.boot.test.mock.mockito.MockitoContextCustomizer@109c0f18], contextLoader = 'org.springframework.test.context.support.DelegatingSmartContextLoader', parent = [null]]]
01:05:36.052 [Test worker] DEBUG org.springframework.test.context.cache - Spring test ApplicationContext cache statistics: [DefaultContextCache@1ffcf674 size = 1, maxSize = 32, parentContextCount = 0, hitCount = 15, missCount = 1]
01:05:36.062 [Test worker] DEBUG org.springframework.test.context.cache.DefaultCacheAwareContextLoaderDelegate - Retrieved ApplicationContext [774895395] from cache with key [[MergedContextConfiguration@4f9a2c08 testClass = UserServiceTest, locations = '{}', classes = '{class org.waldreg.user.management.DefaultUserManager}', contextInitializerClasses = '[]', activeProfiles = '{}', propertySourceLocations = '{}', propertySourceProperties = '{}', contextCustomizers = set[org.springframework.boot.test.autoconfigure.actuate.metrics.MetricsExportContextCustomizerFactory$DisableMetricExportContextCustomizer@39ac0c0a, org.springframework.boot.test.autoconfigure.properties.PropertyMappingContextCustomizer@0, org.springframework.boot.test.autoconfigure.web.servlet.WebDriverContextCustomizerFactory$Customizer@7a67e3c6, org.springframework.boot.test.context.filter.ExcludeFilterContextCustomizer@600b90df, org.springframework.boot.test.json.DuplicateJsonObjectContextCustomizerFactory$DuplicateJsonObjectContextCustomizer@78d6692f, org.springframework.boot.test.mock.mockito.MockitoContextCustomizer@109c0f18], contextLoader = 'org.springframework.test.context.support.DelegatingSmartContextLoader', parent = [null]]]
01:05:36.062 [Test worker] DEBUG org.springframework.test.context.cache - Spring test ApplicationContext cache statistics: [DefaultContextCache@1ffcf674 size = 1, maxSize = 32, parentContextCount = 0, hitCount = 16, missCount = 1]
01:05:36.062 [Test worker] DEBUG org.springframework.test.context.cache.DefaultCacheAwareContextLoaderDelegate - Retrieved ApplicationContext [774895395] from cache with key [[MergedContextConfiguration@4f9a2c08 testClass = UserServiceTest, locations = '{}', classes = '{class org.waldreg.user.management.DefaultUserManager}', contextInitializerClasses = '[]', activeProfiles = '{}', propertySourceLocations = '{}', propertySourceProperties = '{}', contextCustomizers = set[org.springframework.boot.test.autoconfigure.actuate.metrics.MetricsExportContextCustomizerFactory$DisableMetricExportContextCustomizer@39ac0c0a, org.springframework.boot.test.autoconfigure.properties.PropertyMappingContextCustomizer@0, org.springframework.boot.test.autoconfigure.web.servlet.WebDriverContextCustomizerFactory$Customizer@7a67e3c6, org.springframework.boot.test.context.filter.ExcludeFilterContextCustomizer@600b90df, org.springframework.boot.test.json.DuplicateJsonObjectContextCustomizerFactory$DuplicateJsonObjectContextCustomizer@78d6692f, org.springframework.boot.test.mock.mockito.MockitoContextCustomizer@109c0f18], contextLoader = 'org.springframework.test.context.support.DelegatingSmartContextLoader', parent = [null]]]
01:05:36.062 [Test worker] DEBUG org.springframework.test.context.cache - Spring test ApplicationContext cache statistics: [DefaultContextCache@1ffcf674 size = 1, maxSize = 32, parentContextCount = 0, hitCount = 17, missCount = 1]
01:05:36.108 [Test worker] DEBUG org.springframework.test.context.cache.DefaultCacheAwareContextLoaderDelegate - Retrieved ApplicationContext [774895395] from cache with key [[MergedContextConfiguration@4f9a2c08 testClass = UserServiceTest, locations = '{}', classes = '{class org.waldreg.user.management.DefaultUserManager}', contextInitializerClasses = '[]', activeProfiles = '{}', propertySourceLocations = '{}', propertySourceProperties = '{}', contextCustomizers = set[org.springframework.boot.test.autoconfigure.actuate.metrics.MetricsExportContextCustomizerFactory$DisableMetricExportContextCustomizer@39ac0c0a, org.springframework.boot.test.autoconfigure.properties.PropertyMappingContextCustomizer@0, org.springframework.boot.test.autoconfigure.web.servlet.WebDriverContextCustomizerFactory$Customizer@7a67e3c6, org.springframework.boot.test.context.filter.ExcludeFilterContextCustomizer@600b90df, org.springframework.boot.test.json.DuplicateJsonObjectContextCustomizerFactory$DuplicateJsonObjectContextCustomizer@78d6692f, org.springframework.boot.test.mock.mockito.MockitoContextCustomizer@109c0f18], contextLoader = 'org.springframework.test.context.support.DelegatingSmartContextLoader', parent = [null]]]
01:05:36.108 [Test worker] DEBUG org.springframework.test.context.cache - Spring test ApplicationContext cache statistics: [DefaultContextCache@1ffcf674 size = 1, maxSize = 32, parentContextCount = 0, hitCount = 18, missCount = 1]
01:05:36.108 [Test worker] DEBUG org.springframework.test.context.cache.DefaultCacheAwareContextLoaderDelegate - Retrieved ApplicationContext [774895395] from cache with key [[MergedContextConfiguration@4f9a2c08 testClass = UserServiceTest, locations = '{}', classes = '{class org.waldreg.user.management.DefaultUserManager}', contextInitializerClasses = '[]', activeProfiles = '{}', propertySourceLocations = '{}', propertySourceProperties = '{}', contextCustomizers = set[org.springframework.boot.test.autoconfigure.actuate.metrics.MetricsExportContextCustomizerFactory$DisableMetricExportContextCustomizer@39ac0c0a, org.springframework.boot.test.autoconfigure.properties.PropertyMappingContextCustomizer@0, org.springframework.boot.test.autoconfigure.web.servlet.WebDriverContextCustomizerFactory$Customizer@7a67e3c6, org.springframework.boot.test.context.filter.ExcludeFilterContextCustomizer@600b90df, org.springframework.boot.test.json.DuplicateJsonObjectContextCustomizerFactory$DuplicateJsonObjectContextCustomizer@78d6692f, org.springframework.boot.test.mock.mockito.MockitoContextCustomizer@109c0f18], contextLoader = 'org.springframework.test.context.support.DelegatingSmartContextLoader', parent = [null]]]
01:05:36.108 [Test worker] DEBUG org.springframework.test.context.cache - Spring test ApplicationContext cache statistics: [DefaultContextCache@1ffcf674 size = 1, maxSize = 32, parentContextCount = 0, hitCount = 19, missCount = 1]
01:05:36.117 [Test worker] DEBUG org.springframework.test.context.cache.DefaultCacheAwareContextLoaderDelegate - Retrieved ApplicationContext [774895395] from cache with key [[MergedContextConfiguration@4f9a2c08 testClass = UserServiceTest, locations = '{}', classes = '{class org.waldreg.user.management.DefaultUserManager}', contextInitializerClasses = '[]', activeProfiles = '{}', propertySourceLocations = '{}', propertySourceProperties = '{}', contextCustomizers = set[org.springframework.boot.test.autoconfigure.actuate.metrics.MetricsExportContextCustomizerFactory$DisableMetricExportContextCustomizer@39ac0c0a, org.springframework.boot.test.autoconfigure.properties.PropertyMappingContextCustomizer@0, org.springframework.boot.test.autoconfigure.web.servlet.WebDriverContextCustomizerFactory$Customizer@7a67e3c6, org.springframework.boot.test.context.filter.ExcludeFilterContextCustomizer@600b90df, org.springframework.boot.test.json.DuplicateJsonObjectContextCustomizerFactory$DuplicateJsonObjectContextCustomizer@78d6692f, org.springframework.boot.test.mock.mockito.MockitoContextCustomizer@109c0f18], contextLoader = 'org.springframework.test.context.support.DelegatingSmartContextLoader', parent = [null]]]
01:05:36.117 [Test worker] DEBUG org.springframework.test.context.cache - Spring test ApplicationContext cache statistics: [DefaultContextCache@1ffcf674 size = 1, maxSize = 32, parentContextCount = 0, hitCount = 20, missCount = 1]
01:05:36.117 [Test worker] DEBUG org.springframework.test.context.cache.DefaultCacheAwareContextLoaderDelegate - Retrieved ApplicationContext [774895395] from cache with key [[MergedContextConfiguration@4f9a2c08 testClass = UserServiceTest, locations = '{}', classes = '{class org.waldreg.user.management.DefaultUserManager}', contextInitializerClasses = '[]', activeProfiles = '{}', propertySourceLocations = '{}', propertySourceProperties = '{}', contextCustomizers = set[org.springframework.boot.test.autoconfigure.actuate.metrics.MetricsExportContextCustomizerFactory$DisableMetricExportContextCustomizer@39ac0c0a, org.springframework.boot.test.autoconfigure.properties.PropertyMappingContextCustomizer@0, org.springframework.boot.test.autoconfigure.web.servlet.WebDriverContextCustomizerFactory$Customizer@7a67e3c6, org.springframework.boot.test.context.filter.ExcludeFilterContextCustomizer@600b90df, org.springframework.boot.test.json.DuplicateJsonObjectContextCustomizerFactory$DuplicateJsonObjectContextCustomizer@78d6692f, org.springframework.boot.test.mock.mockito.MockitoContextCustomizer@109c0f18], contextLoader = 'org.springframework.test.context.support.DelegatingSmartContextLoader', parent = [null]]]
01:05:36.118 [Test worker] DEBUG org.springframework.test.context.cache - Spring test ApplicationContext cache statistics: [DefaultContextCache@1ffcf674 size = 1, maxSize = 32, parentContextCount = 0, hitCount = 21, missCount = 1]
01:05:36.118 [Test worker] DEBUG org.springframework.test.context.cache.DefaultCacheAwareContextLoaderDelegate - Retrieved ApplicationContext [774895395] from cache with key [[MergedContextConfiguration@4f9a2c08 testClass = UserServiceTest, locations = '{}', classes = '{class org.waldreg.user.management.DefaultUserManager}', contextInitializerClasses = '[]', activeProfiles = '{}', propertySourceLocations = '{}', propertySourceProperties = '{}', contextCustomizers = set[org.springframework.boot.test.autoconfigure.actuate.metrics.MetricsExportContextCustomizerFactory$DisableMetricExportContextCustomizer@39ac0c0a, org.springframework.boot.test.autoconfigure.properties.PropertyMappingContextCustomizer@0, org.springframework.boot.test.autoconfigure.web.servlet.WebDriverContextCustomizerFactory$Customizer@7a67e3c6, org.springframework.boot.test.context.filter.ExcludeFilterContextCustomizer@600b90df, org.springframework.boot.test.json.DuplicateJsonObjectContextCustomizerFactory$DuplicateJsonObjectContextCustomizer@78d6692f, org.springframework.boot.test.mock.mockito.MockitoContextCustomizer@109c0f18], contextLoader = 'org.springframework.test.context.support.DelegatingSmartContextLoader', parent = [null]]]
01:05:36.118 [Test worker] DEBUG org.springframework.test.context.cache - Spring test ApplicationContext cache statistics: [DefaultContextCache@1ffcf674 size = 1, maxSize = 32, parentContextCount = 0, hitCount = 22, missCount = 1]
01:05:36.129 [Test worker] DEBUG org.springframework.test.context.cache.DefaultCacheAwareContextLoaderDelegate - Retrieved ApplicationContext [774895395] from cache with key [[MergedContextConfiguration@4f9a2c08 testClass = UserServiceTest, locations = '{}', classes = '{class org.waldreg.user.management.DefaultUserManager}', contextInitializerClasses = '[]', activeProfiles = '{}', propertySourceLocations = '{}', propertySourceProperties = '{}', contextCustomizers = set[org.springframework.boot.test.autoconfigure.actuate.metrics.MetricsExportContextCustomizerFactory$DisableMetricExportContextCustomizer@39ac0c0a, org.springframework.boot.test.autoconfigure.properties.PropertyMappingContextCustomizer@0, org.springframework.boot.test.autoconfigure.web.servlet.WebDriverContextCustomizerFactory$Customizer@7a67e3c6, org.springframework.boot.test.context.filter.ExcludeFilterContextCustomizer@600b90df, org.springframework.boot.test.json.DuplicateJsonObjectContextCustomizerFactory$DuplicateJsonObjectContextCustomizer@78d6692f, org.springframework.boot.test.mock.mockito.MockitoContextCustomizer@109c0f18], contextLoader = 'org.springframework.test.context.support.DelegatingSmartContextLoader', parent = [null]]]
01:05:36.130 [Test worker] DEBUG org.springframework.test.context.cache - Spring test ApplicationContext cache statistics: [DefaultContextCache@1ffcf674 size = 1, maxSize = 32, parentContextCount = 0, hitCount = 23, missCount = 1]
01:05:36.130 [Test worker] DEBUG org.springframework.test.context.support.AbstractDirtiesContextTestExecutionListener - After test method: context [DefaultTestContext@33308786 testClass = UserServiceTest, testInstance = org.waldreg.user.management.UserServiceTest@6ab4ba9f, testMethod = READ_ALL_USER_FAIL_CAUSE_INVALID_RANGE_TEST@UserServiceTest, testException = [null], mergedContextConfiguration = [MergedContextConfiguration@4f9a2c08 testClass = UserServiceTest, locations = '{}', classes = '{class org.waldreg.user.management.DefaultUserManager}', contextInitializerClasses = '[]', activeProfiles = '{}', propertySourceLocations = '{}', propertySourceProperties = '{}', contextCustomizers = set[org.springframework.boot.test.autoconfigure.actuate.metrics.MetricsExportContextCustomizerFactory$DisableMetricExportContextCustomizer@39ac0c0a, org.springframework.boot.test.autoconfigure.properties.PropertyMappingContextCustomizer@0, org.springframework.boot.test.autoconfigure.web.servlet.WebDriverContextCustomizerFactory$Customizer@7a67e3c6, org.springframework.boot.test.context.filter.ExcludeFilterContextCustomizer@600b90df, org.springframework.boot.test.json.DuplicateJsonObjectContextCustomizerFactory$DuplicateJsonObjectContextCustomizer@78d6692f, org.springframework.boot.test.mock.mockito.MockitoContextCustomizer@109c0f18], contextLoader = 'org.springframework.test.context.support.DelegatingSmartContextLoader', parent = [null]], attributes = map['org.springframework.test.context.event.ApplicationEventsTestExecutionListener.recordApplicationEvents' -> false]], class annotated with @DirtiesContext [false] with mode [null], method annotated with @DirtiesContext [false] with mode [null].
01:05:36.131 [Test worker] DEBUG org.springframework.test.context.cache.DefaultCacheAwareContextLoaderDelegate - Retrieved ApplicationContext [774895395] from cache with key [[MergedContextConfiguration@4f9a2c08 testClass = UserServiceTest, locations = '{}', classes = '{class org.waldreg.user.management.DefaultUserManager}', contextInitializerClasses = '[]', activeProfiles = '{}', propertySourceLocations = '{}', propertySourceProperties = '{}', contextCustomizers = set[org.springframework.boot.test.autoconfigure.actuate.metrics.MetricsExportContextCustomizerFactory$DisableMetricExportContextCustomizer@39ac0c0a, org.springframework.boot.test.autoconfigure.properties.PropertyMappingContextCustomizer@0, org.springframework.boot.test.autoconfigure.web.servlet.WebDriverContextCustomizerFactory$Customizer@7a67e3c6, org.springframework.boot.test.context.filter.ExcludeFilterContextCustomizer@600b90df, org.springframework.boot.test.json.DuplicateJsonObjectContextCustomizerFactory$DuplicateJsonObjectContextCustomizer@78d6692f, org.springframework.boot.test.mock.mockito.MockitoContextCustomizer@109c0f18], contextLoader = 'org.springframework.test.context.support.DelegatingSmartContextLoader', parent = [null]]]
01:05:36.131 [Test worker] DEBUG org.springframework.test.context.cache - Spring test ApplicationContext cache statistics: [DefaultContextCache@1ffcf674 size = 1, maxSize = 32, parentContextCount = 0, hitCount = 24, missCount = 1]
01:05:36.131 [Test worker] DEBUG org.springframework.test.context.support.DependencyInjectionTestExecutionListener - Performing dependency injection for test context [[DefaultTestContext@33308786 testClass = UserServiceTest, testInstance = org.waldreg.user.management.UserServiceTest@39e43310, testMethod = [null], testException = [null], mergedContextConfiguration = [MergedContextConfiguration@4f9a2c08 testClass = UserServiceTest, locations = '{}', classes = '{class org.waldreg.user.management.DefaultUserManager}', contextInitializerClasses = '[]', activeProfiles = '{}', propertySourceLocations = '{}', propertySourceProperties = '{}', contextCustomizers = set[org.springframework.boot.test.autoconfigure.actuate.metrics.MetricsExportContextCustomizerFactory$DisableMetricExportContextCustomizer@39ac0c0a, org.springframework.boot.test.autoconfigure.properties.PropertyMappingContextCustomizer@0, org.springframework.boot.test.autoconfigure.web.servlet.WebDriverContextCustomizerFactory$Customizer@7a67e3c6, org.springframework.boot.test.context.filter.ExcludeFilterContextCustomizer@600b90df, org.springframework.boot.test.json.DuplicateJsonObjectContextCustomizerFactory$DuplicateJsonObjectContextCustomizer@78d6692f, org.springframework.boot.test.mock.mockito.MockitoContextCustomizer@109c0f18], contextLoader = 'org.springframework.test.context.support.DelegatingSmartContextLoader', parent = [null]], attributes = map['org.springframework.test.context.event.ApplicationEventsTestExecutionListener.recordApplicationEvents' -> false]]].
01:05:36.131 [Test worker] DEBUG org.springframework.test.context.cache.DefaultCacheAwareContextLoaderDelegate - Retrieved ApplicationContext [774895395] from cache with key [[MergedContextConfiguration@4f9a2c08 testClass = UserServiceTest, locations = '{}', classes = '{class org.waldreg.user.management.DefaultUserManager}', contextInitializerClasses = '[]', activeProfiles = '{}', propertySourceLocations = '{}', propertySourceProperties = '{}', contextCustomizers = set[org.springframework.boot.test.autoconfigure.actuate.metrics.MetricsExportContextCustomizerFactory$DisableMetricExportContextCustomizer@39ac0c0a, org.springframework.boot.test.autoconfigure.properties.PropertyMappingContextCustomizer@0, org.springframework.boot.test.autoconfigure.web.servlet.WebDriverContextCustomizerFactory$Customizer@7a67e3c6, org.springframework.boot.test.context.filter.ExcludeFilterContextCustomizer@600b90df, org.springframework.boot.test.json.DuplicateJsonObjectContextCustomizerFactory$DuplicateJsonObjectContextCustomizer@78d6692f, org.springframework.boot.test.mock.mockito.MockitoContextCustomizer@109c0f18], contextLoader = 'org.springframework.test.context.support.DelegatingSmartContextLoader', parent = [null]]]
01:05:36.131 [Test worker] DEBUG org.springframework.test.context.cache - Spring test ApplicationContext cache statistics: [DefaultContextCache@1ffcf674 size = 1, maxSize = 32, parentContextCount = 0, hitCount = 25, missCount = 1]
01:05:36.132 [Test worker] DEBUG org.springframework.test.context.cache.DefaultCacheAwareContextLoaderDelegate - Retrieved ApplicationContext [774895395] from cache with key [[MergedContextConfiguration@4f9a2c08 testClass = UserServiceTest, locations = '{}', classes = '{class org.waldreg.user.management.DefaultUserManager}', contextInitializerClasses = '[]', activeProfiles = '{}', propertySourceLocations = '{}', propertySourceProperties = '{}', contextCustomizers = set[org.springframework.boot.test.autoconfigure.actuate.metrics.MetricsExportContextCustomizerFactory$DisableMetricExportContextCustomizer@39ac0c0a, org.springframework.boot.test.autoconfigure.properties.PropertyMappingContextCustomizer@0, org.springframework.boot.test.autoconfigure.web.servlet.WebDriverContextCustomizerFactory$Customizer@7a67e3c6, org.springframework.boot.test.context.filter.ExcludeFilterContextCustomizer@600b90df, org.springframework.boot.test.json.DuplicateJsonObjectContextCustomizerFactory$DuplicateJsonObjectContextCustomizer@78d6692f, org.springframework.boot.test.mock.mockito.MockitoContextCustomizer@109c0f18], contextLoader = 'org.springframework.test.context.support.DelegatingSmartContextLoader', parent = [null]]]
01:05:36.132 [Test worker] DEBUG org.springframework.test.context.cache - Spring test ApplicationContext cache statistics: [DefaultContextCache@1ffcf674 size = 1, maxSize = 32, parentContextCount = 0, hitCount = 26, missCount = 1]
01:05:36.133 [Test worker] DEBUG org.springframework.test.context.support.AbstractDirtiesContextTestExecutionListener - Before test method: context [DefaultTestContext@33308786 testClass = UserServiceTest, testInstance = org.waldreg.user.management.UserServiceTest@39e43310, testMethod = READ_SPECIFIC_USER_SUCCESS_TEST@UserServiceTest, testException = [null], mergedContextConfiguration = [MergedContextConfiguration@4f9a2c08 testClass = UserServiceTest, locations = '{}', classes = '{class org.waldreg.user.management.DefaultUserManager}', contextInitializerClasses = '[]', activeProfiles = '{}', propertySourceLocations = '{}', propertySourceProperties = '{}', contextCustomizers = set[org.springframework.boot.test.autoconfigure.actuate.metrics.MetricsExportContextCustomizerFactory$DisableMetricExportContextCustomizer@39ac0c0a, org.springframework.boot.test.autoconfigure.properties.PropertyMappingContextCustomizer@0, org.springframework.boot.test.autoconfigure.web.servlet.WebDriverContextCustomizerFactory$Customizer@7a67e3c6, org.springframework.boot.test.context.filter.ExcludeFilterContextCustomizer@600b90df, org.springframework.boot.test.json.DuplicateJsonObjectContextCustomizerFactory$DuplicateJsonObjectContextCustomizer@78d6692f, org.springframework.boot.test.mock.mockito.MockitoContextCustomizer@109c0f18], contextLoader = 'org.springframework.test.context.support.DelegatingSmartContextLoader', parent = [null]], attributes = map['org.springframework.test.context.event.ApplicationEventsTestExecutionListener.recordApplicationEvents' -> false]], class annotated with @DirtiesContext [false] with mode [null], method annotated with @DirtiesContext [false] with mode [null].
01:05:36.133 [Test worker] DEBUG org.springframework.test.context.cache.DefaultCacheAwareContextLoaderDelegate - Retrieved ApplicationContext [774895395] from cache with key [[MergedContextConfiguration@4f9a2c08 testClass = UserServiceTest, locations = '{}', classes = '{class org.waldreg.user.management.DefaultUserManager}', contextInitializerClasses = '[]', activeProfiles = '{}', propertySourceLocations = '{}', propertySourceProperties = '{}', contextCustomizers = set[org.springframework.boot.test.autoconfigure.actuate.metrics.MetricsExportContextCustomizerFactory$DisableMetricExportContextCustomizer@39ac0c0a, org.springframework.boot.test.autoconfigure.properties.PropertyMappingContextCustomizer@0, org.springframework.boot.test.autoconfigure.web.servlet.WebDriverContextCustomizerFactory$Customizer@7a67e3c6, org.springframework.boot.test.context.filter.ExcludeFilterContextCustomizer@600b90df, org.springframework.boot.test.json.DuplicateJsonObjectContextCustomizerFactory$DuplicateJsonObjectContextCustomizer@78d6692f, org.springframework.boot.test.mock.mockito.MockitoContextCustomizer@109c0f18], contextLoader = 'org.springframework.test.context.support.DelegatingSmartContextLoader', parent = [null]]]
01:05:36.133 [Test worker] DEBUG org.springframework.test.context.cache - Spring test ApplicationContext cache statistics: [DefaultContextCache@1ffcf674 size = 1, maxSize = 32, parentContextCount = 0, hitCount = 27, missCount = 1]
01:05:36.142 [Test worker] DEBUG org.springframework.test.context.cache.DefaultCacheAwareContextLoaderDelegate - Retrieved ApplicationContext [774895395] from cache with key [[MergedContextConfiguration@4f9a2c08 testClass = UserServiceTest, locations = '{}', classes = '{class org.waldreg.user.management.DefaultUserManager}', contextInitializerClasses = '[]', activeProfiles = '{}', propertySourceLocations = '{}', propertySourceProperties = '{}', contextCustomizers = set[org.springframework.boot.test.autoconfigure.actuate.metrics.MetricsExportContextCustomizerFactory$DisableMetricExportContextCustomizer@39ac0c0a, org.springframework.boot.test.autoconfigure.properties.PropertyMappingContextCustomizer@0, org.springframework.boot.test.autoconfigure.web.servlet.WebDriverContextCustomizerFactory$Customizer@7a67e3c6, org.springframework.boot.test.context.filter.ExcludeFilterContextCustomizer@600b90df, org.springframework.boot.test.json.DuplicateJsonObjectContextCustomizerFactory$DuplicateJsonObjectContextCustomizer@78d6692f, org.springframework.boot.test.mock.mockito.MockitoContextCustomizer@109c0f18], contextLoader = 'org.springframework.test.context.support.DelegatingSmartContextLoader', parent = [null]]]
01:05:36.142 [Test worker] DEBUG org.springframework.test.context.cache - Spring test ApplicationContext cache statistics: [DefaultContextCache@1ffcf674 size = 1, maxSize = 32, parentContextCount = 0, hitCount = 28, missCount = 1]
01:05:36.142 [Test worker] DEBUG org.springframework.test.context.cache.DefaultCacheAwareContextLoaderDelegate - Retrieved ApplicationContext [774895395] from cache with key [[MergedContextConfiguration@4f9a2c08 testClass = UserServiceTest, locations = '{}', classes = '{class org.waldreg.user.management.DefaultUserManager}', contextInitializerClasses = '[]', activeProfiles = '{}', propertySourceLocations = '{}', propertySourceProperties = '{}', contextCustomizers = set[org.springframework.boot.test.autoconfigure.actuate.metrics.MetricsExportContextCustomizerFactory$DisableMetricExportContextCustomizer@39ac0c0a, org.springframework.boot.test.autoconfigure.properties.PropertyMappingContextCustomizer@0, org.springframework.boot.test.autoconfigure.web.servlet.WebDriverContextCustomizerFactory$Customizer@7a67e3c6, org.springframework.boot.test.context.filter.ExcludeFilterContextCustomizer@600b90df, org.springframework.boot.test.json.DuplicateJsonObjectContextCustomizerFactory$DuplicateJsonObjectContextCustomizer@78d6692f, org.springframework.boot.test.mock.mockito.MockitoContextCustomizer@109c0f18], contextLoader = 'org.springframework.test.context.support.DelegatingSmartContextLoader', parent = [null]]]
01:05:36.142 [Test worker] DEBUG org.springframework.test.context.cache - Spring test ApplicationContext cache statistics: [DefaultContextCache@1ffcf674 size = 1, maxSize = 32, parentContextCount = 0, hitCount = 29, missCount = 1]
01:05:36.166 [Test worker] DEBUG org.springframework.test.context.cache.DefaultCacheAwareContextLoaderDelegate - Retrieved ApplicationContext [774895395] from cache with key [[MergedContextConfiguration@4f9a2c08 testClass = UserServiceTest, locations = '{}', classes = '{class org.waldreg.user.management.DefaultUserManager}', contextInitializerClasses = '[]', activeProfiles = '{}', propertySourceLocations = '{}', propertySourceProperties = '{}', contextCustomizers = set[org.springframework.boot.test.autoconfigure.actuate.metrics.MetricsExportContextCustomizerFactory$DisableMetricExportContextCustomizer@39ac0c0a, org.springframework.boot.test.autoconfigure.properties.PropertyMappingContextCustomizer@0, org.springframework.boot.test.autoconfigure.web.servlet.WebDriverContextCustomizerFactory$Customizer@7a67e3c6, org.springframework.boot.test.context.filter.ExcludeFilterContextCustomizer@600b90df, org.springframework.boot.test.json.DuplicateJsonObjectContextCustomizerFactory$DuplicateJsonObjectContextCustomizer@78d6692f, org.springframework.boot.test.mock.mockito.MockitoContextCustomizer@109c0f18], contextLoader = 'org.springframework.test.context.support.DelegatingSmartContextLoader', parent = [null]]]
01:05:36.167 [Test worker] DEBUG org.springframework.test.context.cache - Spring test ApplicationContext cache statistics: [DefaultContextCache@1ffcf674 size = 1, maxSize = 32, parentContextCount = 0, hitCount = 30, missCount = 1]
01:05:36.167 [Test worker] DEBUG org.springframework.test.context.cache.DefaultCacheAwareContextLoaderDelegate - Retrieved ApplicationContext [774895395] from cache with key [[MergedContextConfiguration@4f9a2c08 testClass = UserServiceTest, locations = '{}', classes = '{class org.waldreg.user.management.DefaultUserManager}', contextInitializerClasses = '[]', activeProfiles = '{}', propertySourceLocations = '{}', propertySourceProperties = '{}', contextCustomizers = set[org.springframework.boot.test.autoconfigure.actuate.metrics.MetricsExportContextCustomizerFactory$DisableMetricExportContextCustomizer@39ac0c0a, org.springframework.boot.test.autoconfigure.properties.PropertyMappingContextCustomizer@0, org.springframework.boot.test.autoconfigure.web.servlet.WebDriverContextCustomizerFactory$Customizer@7a67e3c6, org.springframework.boot.test.context.filter.ExcludeFilterContextCustomizer@600b90df, org.springframework.boot.test.json.DuplicateJsonObjectContextCustomizerFactory$DuplicateJsonObjectContextCustomizer@78d6692f, org.springframework.boot.test.mock.mockito.MockitoContextCustomizer@109c0f18], contextLoader = 'org.springframework.test.context.support.DelegatingSmartContextLoader', parent = [null]]]
01:05:36.167 [Test worker] DEBUG org.springframework.test.context.cache - Spring test ApplicationContext cache statistics: [DefaultContextCache@1ffcf674 size = 1, maxSize = 32, parentContextCount = 0, hitCount = 31, missCount = 1]
01:05:36.175 [Test worker] DEBUG org.springframework.test.context.cache.DefaultCacheAwareContextLoaderDelegate - Retrieved ApplicationContext [774895395] from cache with key [[MergedContextConfiguration@4f9a2c08 testClass = UserServiceTest, locations = '{}', classes = '{class org.waldreg.user.management.DefaultUserManager}', contextInitializerClasses = '[]', activeProfiles = '{}', propertySourceLocations = '{}', propertySourceProperties = '{}', contextCustomizers = set[org.springframework.boot.test.autoconfigure.actuate.metrics.MetricsExportContextCustomizerFactory$DisableMetricExportContextCustomizer@39ac0c0a, org.springframework.boot.test.autoconfigure.properties.PropertyMappingContextCustomizer@0, org.springframework.boot.test.autoconfigure.web.servlet.WebDriverContextCustomizerFactory$Customizer@7a67e3c6, org.springframework.boot.test.context.filter.ExcludeFilterContextCustomizer@600b90df, org.springframework.boot.test.json.DuplicateJsonObjectContextCustomizerFactory$DuplicateJsonObjectContextCustomizer@78d6692f, org.springframework.boot.test.mock.mockito.MockitoContextCustomizer@109c0f18], contextLoader = 'org.springframework.test.context.support.DelegatingSmartContextLoader', parent = [null]]]
01:05:36.176 [Test worker] DEBUG org.springframework.test.context.cache - Spring test ApplicationContext cache statistics: [DefaultContextCache@1ffcf674 size = 1, maxSize = 32, parentContextCount = 0, hitCount = 32, missCount = 1]
01:05:36.176 [Test worker] DEBUG org.springframework.test.context.cache.DefaultCacheAwareContextLoaderDelegate - Retrieved ApplicationContext [774895395] from cache with key [[MergedContextConfiguration@4f9a2c08 testClass = UserServiceTest, locations = '{}', classes = '{class org.waldreg.user.management.DefaultUserManager}', contextInitializerClasses = '[]', activeProfiles = '{}', propertySourceLocations = '{}', propertySourceProperties = '{}', contextCustomizers = set[org.springframework.boot.test.autoconfigure.actuate.metrics.MetricsExportContextCustomizerFactory$DisableMetricExportContextCustomizer@39ac0c0a, org.springframework.boot.test.autoconfigure.properties.PropertyMappingContextCustomizer@0, org.springframework.boot.test.autoconfigure.web.servlet.WebDriverContextCustomizerFactory$Customizer@7a67e3c6, org.springframework.boot.test.context.filter.ExcludeFilterContextCustomizer@600b90df, org.springframework.boot.test.json.DuplicateJsonObjectContextCustomizerFactory$DuplicateJsonObjectContextCustomizer@78d6692f, org.springframework.boot.test.mock.mockito.MockitoContextCustomizer@109c0f18], contextLoader = 'org.springframework.test.context.support.DelegatingSmartContextLoader', parent = [null]]]
01:05:36.176 [Test worker] DEBUG org.springframework.test.context.cache - Spring test ApplicationContext cache statistics: [DefaultContextCache@1ffcf674 size = 1, maxSize = 32, parentContextCount = 0, hitCount = 33, missCount = 1]
01:05:36.176 [Test worker] DEBUG org.springframework.test.context.cache.DefaultCacheAwareContextLoaderDelegate - Retrieved ApplicationContext [774895395] from cache with key [[MergedContextConfiguration@4f9a2c08 testClass = UserServiceTest, locations = '{}', classes = '{class org.waldreg.user.management.DefaultUserManager}', contextInitializerClasses = '[]', activeProfiles = '{}', propertySourceLocations = '{}', propertySourceProperties = '{}', contextCustomizers = set[org.springframework.boot.test.autoconfigure.actuate.metrics.MetricsExportContextCustomizerFactory$DisableMetricExportContextCustomizer@39ac0c0a, org.springframework.boot.test.autoconfigure.properties.PropertyMappingContextCustomizer@0, org.springframework.boot.test.autoconfigure.web.servlet.WebDriverContextCustomizerFactory$Customizer@7a67e3c6, org.springframework.boot.test.context.filter.ExcludeFilterContextCustomizer@600b90df, org.springframework.boot.test.json.DuplicateJsonObjectContextCustomizerFactory$DuplicateJsonObjectContextCustomizer@78d6692f, org.springframework.boot.test.mock.mockito.MockitoContextCustomizer@109c0f18], contextLoader = 'org.springframework.test.context.support.DelegatingSmartContextLoader', parent = [null]]]
01:05:36.176 [Test worker] DEBUG org.springframework.test.context.cache - Spring test ApplicationContext cache statistics: [DefaultContextCache@1ffcf674 size = 1, maxSize = 32, parentContextCount = 0, hitCount = 34, missCount = 1]
01:05:36.184 [Test worker] DEBUG org.springframework.test.context.cache.DefaultCacheAwareContextLoaderDelegate - Retrieved ApplicationContext [774895395] from cache with key [[MergedContextConfiguration@4f9a2c08 testClass = UserServiceTest, locations = '{}', classes = '{class org.waldreg.user.management.DefaultUserManager}', contextInitializerClasses = '[]', activeProfiles = '{}', propertySourceLocations = '{}', propertySourceProperties = '{}', contextCustomizers = set[org.springframework.boot.test.autoconfigure.actuate.metrics.MetricsExportContextCustomizerFactory$DisableMetricExportContextCustomizer@39ac0c0a, org.springframework.boot.test.autoconfigure.properties.PropertyMappingContextCustomizer@0, org.springframework.boot.test.autoconfigure.web.servlet.WebDriverContextCustomizerFactory$Customizer@7a67e3c6, org.springframework.boot.test.context.filter.ExcludeFilterContextCustomizer@600b90df, org.springframework.boot.test.json.DuplicateJsonObjectContextCustomizerFactory$DuplicateJsonObjectContextCustomizer@78d6692f, org.springframework.boot.test.mock.mockito.MockitoContextCustomizer@109c0f18], contextLoader = 'org.springframework.test.context.support.DelegatingSmartContextLoader', parent = [null]]]
01:05:36.184 [Test worker] DEBUG org.springframework.test.context.cache - Spring test ApplicationContext cache statistics: [DefaultContextCache@1ffcf674 size = 1, maxSize = 32, parentContextCount = 0, hitCount = 35, missCount = 1]
01:05:36.185 [Test worker] DEBUG org.springframework.test.context.support.AbstractDirtiesContextTestExecutionListener - After test method: context [DefaultTestContext@33308786 testClass = UserServiceTest, testInstance = org.waldreg.user.management.UserServiceTest@39e43310, testMethod = READ_SPECIFIC_USER_SUCCESS_TEST@UserServiceTest, testException = [null], mergedContextConfiguration = [MergedContextConfiguration@4f9a2c08 testClass = UserServiceTest, locations = '{}', classes = '{class org.waldreg.user.management.DefaultUserManager}', contextInitializerClasses = '[]', activeProfiles = '{}', propertySourceLocations = '{}', propertySourceProperties = '{}', contextCustomizers = set[org.springframework.boot.test.autoconfigure.actuate.metrics.MetricsExportContextCustomizerFactory$DisableMetricExportContextCustomizer@39ac0c0a, org.springframework.boot.test.autoconfigure.properties.PropertyMappingContextCustomizer@0, org.springframework.boot.test.autoconfigure.web.servlet.WebDriverContextCustomizerFactory$Customizer@7a67e3c6, org.springframework.boot.test.context.filter.ExcludeFilterContextCustomizer@600b90df, org.springframework.boot.test.json.DuplicateJsonObjectContextCustomizerFactory$DuplicateJsonObjectContextCustomizer@78d6692f, org.springframework.boot.test.mock.mockito.MockitoContextCustomizer@109c0f18], contextLoader = 'org.springframework.test.context.support.DelegatingSmartContextLoader', parent = [null]], attributes = map['org.springframework.test.context.event.ApplicationEventsTestExecutionListener.recordApplicationEvents' -> false]], class annotated with @DirtiesContext [false] with mode [null], method annotated with @DirtiesContext [false] with mode [null].
01:05:36.185 [Test worker] DEBUG org.springframework.test.context.cache.DefaultCacheAwareContextLoaderDelegate - Retrieved ApplicationContext [774895395] from cache with key [[MergedContextConfiguration@4f9a2c08 testClass = UserServiceTest, locations = '{}', classes = '{class org.waldreg.user.management.DefaultUserManager}', contextInitializerClasses = '[]', activeProfiles = '{}', propertySourceLocations = '{}', propertySourceProperties = '{}', contextCustomizers = set[org.springframework.boot.test.autoconfigure.actuate.metrics.MetricsExportContextCustomizerFactory$DisableMetricExportContextCustomizer@39ac0c0a, org.springframework.boot.test.autoconfigure.properties.PropertyMappingContextCustomizer@0, org.springframework.boot.test.autoconfigure.web.servlet.WebDriverContextCustomizerFactory$Customizer@7a67e3c6, org.springframework.boot.test.context.filter.ExcludeFilterContextCustomizer@600b90df, org.springframework.boot.test.json.DuplicateJsonObjectContextCustomizerFactory$DuplicateJsonObjectContextCustomizer@78d6692f, org.springframework.boot.test.mock.mockito.MockitoContextCustomizer@109c0f18], contextLoader = 'org.springframework.test.context.support.DelegatingSmartContextLoader', parent = [null]]]
01:05:36.185 [Test worker] DEBUG org.springframework.test.context.cache - Spring test ApplicationContext cache statistics: [DefaultContextCache@1ffcf674 size = 1, maxSize = 32, parentContextCount = 0, hitCount = 36, missCount = 1]
01:05:36.186 [Test worker] DEBUG org.springframework.test.context.support.DependencyInjectionTestExecutionListener - Performing dependency injection for test context [[DefaultTestContext@33308786 testClass = UserServiceTest, testInstance = org.waldreg.user.management.UserServiceTest@221dad51, testMethod = [null], testException = [null], mergedContextConfiguration = [MergedContextConfiguration@4f9a2c08 testClass = UserServiceTest, locations = '{}', classes = '{class org.waldreg.user.management.DefaultUserManager}', contextInitializerClasses = '[]', activeProfiles = '{}', propertySourceLocations = '{}', propertySourceProperties = '{}', contextCustomizers = set[org.springframework.boot.test.autoconfigure.actuate.metrics.MetricsExportContextCustomizerFactory$DisableMetricExportContextCustomizer@39ac0c0a, org.springframework.boot.test.autoconfigure.properties.PropertyMappingContextCustomizer@0, org.springframework.boot.test.autoconfigure.web.servlet.WebDriverContextCustomizerFactory$Customizer@7a67e3c6, org.springframework.boot.test.context.filter.ExcludeFilterContextCustomizer@600b90df, org.springframework.boot.test.json.DuplicateJsonObjectContextCustomizerFactory$DuplicateJsonObjectContextCustomizer@78d6692f, org.springframework.boot.test.mock.mockito.MockitoContextCustomizer@109c0f18], contextLoader = 'org.springframework.test.context.support.DelegatingSmartContextLoader', parent = [null]], attributes = map['org.springframework.test.context.event.ApplicationEventsTestExecutionListener.recordApplicationEvents' -> false]]].
01:05:36.186 [Test worker] DEBUG org.springframework.test.context.cache.DefaultCacheAwareContextLoaderDelegate - Retrieved ApplicationContext [774895395] from cache with key [[MergedContextConfiguration@4f9a2c08 testClass = UserServiceTest, locations = '{}', classes = '{class org.waldreg.user.management.DefaultUserManager}', contextInitializerClasses = '[]', activeProfiles = '{}', propertySourceLocations = '{}', propertySourceProperties = '{}', contextCustomizers = set[org.springframework.boot.test.autoconfigure.actuate.metrics.MetricsExportContextCustomizerFactory$DisableMetricExportContextCustomizer@39ac0c0a, org.springframework.boot.test.autoconfigure.properties.PropertyMappingContextCustomizer@0, org.springframework.boot.test.autoconfigure.web.servlet.WebDriverContextCustomizerFactory$Customizer@7a67e3c6, org.springframework.boot.test.context.filter.ExcludeFilterContextCustomizer@600b90df, org.springframework.boot.test.json.DuplicateJsonObjectContextCustomizerFactory$DuplicateJsonObjectContextCustomizer@78d6692f, org.springframework.boot.test.mock.mockito.MockitoContextCustomizer@109c0f18], contextLoader = 'org.springframework.test.context.support.DelegatingSmartContextLoader', parent = [null]]]
01:05:36.186 [Test worker] DEBUG org.springframework.test.context.cache - Spring test ApplicationContext cache statistics: [DefaultContextCache@1ffcf674 size = 1, maxSize = 32, parentContextCount = 0, hitCount = 37, missCount = 1]
01:05:36.186 [Test worker] DEBUG org.springframework.test.context.cache.DefaultCacheAwareContextLoaderDelegate - Retrieved ApplicationContext [774895395] from cache with key [[MergedContextConfiguration@4f9a2c08 testClass = UserServiceTest, locations = '{}', classes = '{class org.waldreg.user.management.DefaultUserManager}', contextInitializerClasses = '[]', activeProfiles = '{}', propertySourceLocations = '{}', propertySourceProperties = '{}', contextCustomizers = set[org.springframework.boot.test.autoconfigure.actuate.metrics.MetricsExportContextCustomizerFactory$DisableMetricExportContextCustomizer@39ac0c0a, org.springframework.boot.test.autoconfigure.properties.PropertyMappingContextCustomizer@0, org.springframework.boot.test.autoconfigure.web.servlet.WebDriverContextCustomizerFactory$Customizer@7a67e3c6, org.springframework.boot.test.context.filter.ExcludeFilterContextCustomizer@600b90df, org.springframework.boot.test.json.DuplicateJsonObjectContextCustomizerFactory$DuplicateJsonObjectContextCustomizer@78d6692f, org.springframework.boot.test.mock.mockito.MockitoContextCustomizer@109c0f18], contextLoader = 'org.springframework.test.context.support.DelegatingSmartContextLoader', parent = [null]]]
01:05:36.186 [Test worker] DEBUG org.springframework.test.context.cache - Spring test ApplicationContext cache statistics: [DefaultContextCache@1ffcf674 size = 1, maxSize = 32, parentContextCount = 0, hitCount = 38, missCount = 1]
01:05:36.187 [Test worker] DEBUG org.springframework.test.context.support.AbstractDirtiesContextTestExecutionListener - Before test method: context [DefaultTestContext@33308786 testClass = UserServiceTest, testInstance = org.waldreg.user.management.UserServiceTest@221dad51, testMethod = CREATE_USER_SUCCESS_TEST@UserServiceTest, testException = [null], mergedContextConfiguration = [MergedContextConfiguration@4f9a2c08 testClass = UserServiceTest, locations = '{}', classes = '{class org.waldreg.user.management.DefaultUserManager}', contextInitializerClasses = '[]', activeProfiles = '{}', propertySourceLocations = '{}', propertySourceProperties = '{}', contextCustomizers = set[org.springframework.boot.test.autoconfigure.actuate.metrics.MetricsExportContextCustomizerFactory$DisableMetricExportContextCustomizer@39ac0c0a, org.springframework.boot.test.autoconfigure.properties.PropertyMappingContextCustomizer@0, org.springframework.boot.test.autoconfigure.web.servlet.WebDriverContextCustomizerFactory$Customizer@7a67e3c6, org.springframework.boot.test.context.filter.ExcludeFilterContextCustomizer@600b90df, org.springframework.boot.test.json.DuplicateJsonObjectContextCustomizerFactory$DuplicateJsonObjectContextCustomizer@78d6692f, org.springframework.boot.test.mock.mockito.MockitoContextCustomizer@109c0f18], contextLoader = 'org.springframework.test.context.support.DelegatingSmartContextLoader', parent = [null]], attributes = map['org.springframework.test.context.event.ApplicationEventsTestExecutionListener.recordApplicationEvents' -> false]], class annotated with @DirtiesContext [false] with mode [null], method annotated with @DirtiesContext [false] with mode [null].
01:05:36.187 [Test worker] DEBUG org.springframework.test.context.cache.DefaultCacheAwareContextLoaderDelegate - Retrieved ApplicationContext [774895395] from cache with key [[MergedContextConfiguration@4f9a2c08 testClass = UserServiceTest, locations = '{}', classes = '{class org.waldreg.user.management.DefaultUserManager}', contextInitializerClasses = '[]', activeProfiles = '{}', propertySourceLocations = '{}', propertySourceProperties = '{}', contextCustomizers = set[org.springframework.boot.test.autoconfigure.actuate.metrics.MetricsExportContextCustomizerFactory$DisableMetricExportContextCustomizer@39ac0c0a, org.springframework.boot.test.autoconfigure.properties.PropertyMappingContextCustomizer@0, org.springframework.boot.test.autoconfigure.web.servlet.WebDriverContextCustomizerFactory$Customizer@7a67e3c6, org.springframework.boot.test.context.filter.ExcludeFilterContextCustomizer@600b90df, org.springframework.boot.test.json.DuplicateJsonObjectContextCustomizerFactory$DuplicateJsonObjectContextCustomizer@78d6692f, org.springframework.boot.test.mock.mockito.MockitoContextCustomizer@109c0f18], contextLoader = 'org.springframework.test.context.support.DelegatingSmartContextLoader', parent = [null]]]
01:05:36.187 [Test worker] DEBUG org.springframework.test.context.cache - Spring test ApplicationContext cache statistics: [DefaultContextCache@1ffcf674 size = 1, maxSize = 32, parentContextCount = 0, hitCount = 39, missCount = 1]
01:05:36.194 [Test worker] DEBUG org.springframework.test.context.cache.DefaultCacheAwareContextLoaderDelegate - Retrieved ApplicationContext [774895395] from cache with key [[MergedContextConfiguration@4f9a2c08 testClass = UserServiceTest, locations = '{}', classes = '{class org.waldreg.user.management.DefaultUserManager}', contextInitializerClasses = '[]', activeProfiles = '{}', propertySourceLocations = '{}', propertySourceProperties = '{}', contextCustomizers = set[org.springframework.boot.test.autoconfigure.actuate.metrics.MetricsExportContextCustomizerFactory$DisableMetricExportContextCustomizer@39ac0c0a, org.springframework.boot.test.autoconfigure.properties.PropertyMappingContextCustomizer@0, org.springframework.boot.test.autoconfigure.web.servlet.WebDriverContextCustomizerFactory$Customizer@7a67e3c6, org.springframework.boot.test.context.filter.ExcludeFilterContextCustomizer@600b90df, org.springframework.boot.test.json.DuplicateJsonObjectContextCustomizerFactory$DuplicateJsonObjectContextCustomizer@78d6692f, org.springframework.boot.test.mock.mockito.MockitoContextCustomizer@109c0f18], contextLoader = 'org.springframework.test.context.support.DelegatingSmartContextLoader', parent = [null]]]
01:05:36.195 [Test worker] DEBUG org.springframework.test.context.cache - Spring test ApplicationContext cache statistics: [DefaultContextCache@1ffcf674 size = 1, maxSize = 32, parentContextCount = 0, hitCount = 40, missCount = 1]
01:05:36.195 [Test worker] DEBUG org.springframework.test.context.cache.DefaultCacheAwareContextLoaderDelegate - Retrieved ApplicationContext [774895395] from cache with key [[MergedContextConfiguration@4f9a2c08 testClass = UserServiceTest, locations = '{}', classes = '{class org.waldreg.user.management.DefaultUserManager}', contextInitializerClasses = '[]', activeProfiles = '{}', propertySourceLocations = '{}', propertySourceProperties = '{}', contextCustomizers = set[org.springframework.boot.test.autoconfigure.actuate.metrics.MetricsExportContextCustomizerFactory$DisableMetricExportContextCustomizer@39ac0c0a, org.springframework.boot.test.autoconfigure.properties.PropertyMappingContextCustomizer@0, org.springframework.boot.test.autoconfigure.web.servlet.WebDriverContextCustomizerFactory$Customizer@7a67e3c6, org.springframework.boot.test.context.filter.ExcludeFilterContextCustomizer@600b90df, org.springframework.boot.test.json.DuplicateJsonObjectContextCustomizerFactory$DuplicateJsonObjectContextCustomizer@78d6692f, org.springframework.boot.test.mock.mockito.MockitoContextCustomizer@109c0f18], contextLoader = 'org.springframework.test.context.support.DelegatingSmartContextLoader', parent = [null]]]
01:05:36.195 [Test worker] DEBUG org.springframework.test.context.cache - Spring test ApplicationContext cache statistics: [DefaultContextCache@1ffcf674 size = 1, maxSize = 32, parentContextCount = 0, hitCount = 41, missCount = 1]
01:05:36.196 [Test worker] DEBUG org.springframework.test.context.cache.DefaultCacheAwareContextLoaderDelegate - Retrieved ApplicationContext [774895395] from cache with key [[MergedContextConfiguration@4f9a2c08 testClass = UserServiceTest, locations = '{}', classes = '{class org.waldreg.user.management.DefaultUserManager}', contextInitializerClasses = '[]', activeProfiles = '{}', propertySourceLocations = '{}', propertySourceProperties = '{}', contextCustomizers = set[org.springframework.boot.test.autoconfigure.actuate.metrics.MetricsExportContextCustomizerFactory$DisableMetricExportContextCustomizer@39ac0c0a, org.springframework.boot.test.autoconfigure.properties.PropertyMappingContextCustomizer@0, org.springframework.boot.test.autoconfigure.web.servlet.WebDriverContextCustomizerFactory$Customizer@7a67e3c6, org.springframework.boot.test.context.filter.ExcludeFilterContextCustomizer@600b90df, org.springframework.boot.test.json.DuplicateJsonObjectContextCustomizerFactory$DuplicateJsonObjectContextCustomizer@78d6692f, org.springframework.boot.test.mock.mockito.MockitoContextCustomizer@109c0f18], contextLoader = 'org.springframework.test.context.support.DelegatingSmartContextLoader', parent = [null]]]
01:05:36.196 [Test worker] DEBUG org.springframework.test.context.cache - Spring test ApplicationContext cache statistics: [DefaultContextCache@1ffcf674 size = 1, maxSize = 32, parentContextCount = 0, hitCount = 42, missCount = 1]
01:05:36.197 [Test worker] DEBUG org.springframework.test.context.cache.DefaultCacheAwareContextLoaderDelegate - Retrieved ApplicationContext [774895395] from cache with key [[MergedContextConfiguration@4f9a2c08 testClass = UserServiceTest, locations = '{}', classes = '{class org.waldreg.user.management.DefaultUserManager}', contextInitializerClasses = '[]', activeProfiles = '{}', propertySourceLocations = '{}', propertySourceProperties = '{}', contextCustomizers = set[org.springframework.boot.test.autoconfigure.actuate.metrics.MetricsExportContextCustomizerFactory$DisableMetricExportContextCustomizer@39ac0c0a, org.springframework.boot.test.autoconfigure.properties.PropertyMappingContextCustomizer@0, org.springframework.boot.test.autoconfigure.web.servlet.WebDriverContextCustomizerFactory$Customizer@7a67e3c6, org.springframework.boot.test.context.filter.ExcludeFilterContextCustomizer@600b90df, org.springframework.boot.test.json.DuplicateJsonObjectContextCustomizerFactory$DuplicateJsonObjectContextCustomizer@78d6692f, org.springframework.boot.test.mock.mockito.MockitoContextCustomizer@109c0f18], contextLoader = 'org.springframework.test.context.support.DelegatingSmartContextLoader', parent = [null]]]
01:05:36.197 [Test worker] DEBUG org.springframework.test.context.cache - Spring test ApplicationContext cache statistics: [DefaultContextCache@1ffcf674 size = 1, maxSize = 32, parentContextCount = 0, hitCount = 43, missCount = 1]
01:05:36.204 [Test worker] DEBUG org.springframework.test.context.cache.DefaultCacheAwareContextLoaderDelegate - Retrieved ApplicationContext [774895395] from cache with key [[MergedContextConfiguration@4f9a2c08 testClass = UserServiceTest, locations = '{}', classes = '{class org.waldreg.user.management.DefaultUserManager}', contextInitializerClasses = '[]', activeProfiles = '{}', propertySourceLocations = '{}', propertySourceProperties = '{}', contextCustomizers = set[org.springframework.boot.test.autoconfigure.actuate.metrics.MetricsExportContextCustomizerFactory$DisableMetricExportContextCustomizer@39ac0c0a, org.springframework.boot.test.autoconfigure.properties.PropertyMappingContextCustomizer@0, org.springframework.boot.test.autoconfigure.web.servlet.WebDriverContextCustomizerFactory$Customizer@7a67e3c6, org.springframework.boot.test.context.filter.ExcludeFilterContextCustomizer@600b90df, org.springframework.boot.test.json.DuplicateJsonObjectContextCustomizerFactory$DuplicateJsonObjectContextCustomizer@78d6692f, org.springframework.boot.test.mock.mockito.MockitoContextCustomizer@109c0f18], contextLoader = 'org.springframework.test.context.support.DelegatingSmartContextLoader', parent = [null]]]
01:05:36.204 [Test worker] DEBUG org.springframework.test.context.cache - Spring test ApplicationContext cache statistics: [DefaultContextCache@1ffcf674 size = 1, maxSize = 32, parentContextCount = 0, hitCount = 44, missCount = 1]
01:05:36.204 [Test worker] DEBUG org.springframework.test.context.cache.DefaultCacheAwareContextLoaderDelegate - Retrieved ApplicationContext [774895395] from cache with key [[MergedContextConfiguration@4f9a2c08 testClass = UserServiceTest, locations = '{}', classes = '{class org.waldreg.user.management.DefaultUserManager}', contextInitializerClasses = '[]', activeProfiles = '{}', propertySourceLocations = '{}', propertySourceProperties = '{}', contextCustomizers = set[org.springframework.boot.test.autoconfigure.actuate.metrics.MetricsExportContextCustomizerFactory$DisableMetricExportContextCustomizer@39ac0c0a, org.springframework.boot.test.autoconfigure.properties.PropertyMappingContextCustomizer@0, org.springframework.boot.test.autoconfigure.web.servlet.WebDriverContextCustomizerFactory$Customizer@7a67e3c6, org.springframework.boot.test.context.filter.ExcludeFilterContextCustomizer@600b90df, org.springframework.boot.test.json.DuplicateJsonObjectContextCustomizerFactory$DuplicateJsonObjectContextCustomizer@78d6692f, org.springframework.boot.test.mock.mockito.MockitoContextCustomizer@109c0f18], contextLoader = 'org.springframework.test.context.support.DelegatingSmartContextLoader', parent = [null]]]
01:05:36.204 [Test worker] DEBUG org.springframework.test.context.cache - Spring test ApplicationContext cache statistics: [DefaultContextCache@1ffcf674 size = 1, maxSize = 32, parentContextCount = 0, hitCount = 45, missCount = 1]
01:05:36.204 [Test worker] DEBUG org.springframework.test.context.cache.DefaultCacheAwareContextLoaderDelegate - Retrieved ApplicationContext [774895395] from cache with key [[MergedContextConfiguration@4f9a2c08 testClass = UserServiceTest, locations = '{}', classes = '{class org.waldreg.user.management.DefaultUserManager}', contextInitializerClasses = '[]', activeProfiles = '{}', propertySourceLocations = '{}', propertySourceProperties = '{}', contextCustomizers = set[org.springframework.boot.test.autoconfigure.actuate.metrics.MetricsExportContextCustomizerFactory$DisableMetricExportContextCustomizer@39ac0c0a, org.springframework.boot.test.autoconfigure.properties.PropertyMappingContextCustomizer@0, org.springframework.boot.test.autoconfigure.web.servlet.WebDriverContextCustomizerFactory$Customizer@7a67e3c6, org.springframework.boot.test.context.filter.ExcludeFilterContextCustomizer@600b90df, org.springframework.boot.test.json.DuplicateJsonObjectContextCustomizerFactory$DuplicateJsonObjectContextCustomizer@78d6692f, org.springframework.boot.test.mock.mockito.MockitoContextCustomizer@109c0f18], contextLoader = 'org.springframework.test.context.support.DelegatingSmartContextLoader', parent = [null]]]
01:05:36.205 [Test worker] DEBUG org.springframework.test.context.cache - Spring test ApplicationContext cache statistics: [DefaultContextCache@1ffcf674 size = 1, maxSize = 32, parentContextCount = 0, hitCount = 46, missCount = 1]
01:05:36.211 [Test worker] DEBUG org.springframework.test.context.cache.DefaultCacheAwareContextLoaderDelegate - Retrieved ApplicationContext [774895395] from cache with key [[MergedContextConfiguration@4f9a2c08 testClass = UserServiceTest, locations = '{}', classes = '{class org.waldreg.user.management.DefaultUserManager}', contextInitializerClasses = '[]', activeProfiles = '{}', propertySourceLocations = '{}', propertySourceProperties = '{}', contextCustomizers = set[org.springframework.boot.test.autoconfigure.actuate.metrics.MetricsExportContextCustomizerFactory$DisableMetricExportContextCustomizer@39ac0c0a, org.springframework.boot.test.autoconfigure.properties.PropertyMappingContextCustomizer@0, org.springframework.boot.test.autoconfigure.web.servlet.WebDriverContextCustomizerFactory$Customizer@7a67e3c6, org.springframework.boot.test.context.filter.ExcludeFilterContextCustomizer@600b90df, org.springframework.boot.test.json.DuplicateJsonObjectContextCustomizerFactory$DuplicateJsonObjectContextCustomizer@78d6692f, org.springframework.boot.test.mock.mockito.MockitoContextCustomizer@109c0f18], contextLoader = 'org.springframework.test.context.support.DelegatingSmartContextLoader', parent = [null]]]
01:05:36.211 [Test worker] DEBUG org.springframework.test.context.cache - Spring test ApplicationContext cache statistics: [DefaultContextCache@1ffcf674 size = 1, maxSize = 32, parentContextCount = 0, hitCount = 47, missCount = 1]
01:05:36.211 [Test worker] DEBUG org.springframework.test.context.support.AbstractDirtiesContextTestExecutionListener - After test method: context [DefaultTestContext@33308786 testClass = UserServiceTest, testInstance = org.waldreg.user.management.UserServiceTest@221dad51, testMethod = CREATE_USER_SUCCESS_TEST@UserServiceTest, testException = [null], mergedContextConfiguration = [MergedContextConfiguration@4f9a2c08 testClass = UserServiceTest, locations = '{}', classes = '{class org.waldreg.user.management.DefaultUserManager}', contextInitializerClasses = '[]', activeProfiles = '{}', propertySourceLocations = '{}', propertySourceProperties = '{}', contextCustomizers = set[org.springframework.boot.test.autoconfigure.actuate.metrics.MetricsExportContextCustomizerFactory$DisableMetricExportContextCustomizer@39ac0c0a, org.springframework.boot.test.autoconfigure.properties.PropertyMappingContextCustomizer@0, org.springframework.boot.test.autoconfigure.web.servlet.WebDriverContextCustomizerFactory$Customizer@7a67e3c6, org.springframework.boot.test.context.filter.ExcludeFilterContextCustomizer@600b90df, org.springframework.boot.test.json.DuplicateJsonObjectContextCustomizerFactory$DuplicateJsonObjectContextCustomizer@78d6692f, org.springframework.boot.test.mock.mockito.MockitoContextCustomizer@109c0f18], contextLoader = 'org.springframework.test.context.support.DelegatingSmartContextLoader', parent = [null]], attributes = map['org.springframework.test.context.event.ApplicationEventsTestExecutionListener.recordApplicationEvents' -> false]], class annotated with @DirtiesContext [false] with mode [null], method annotated with @DirtiesContext [false] with mode [null].
01:05:36.213 [Test worker] DEBUG org.springframework.test.context.cache.DefaultCacheAwareContextLoaderDelegate - Retrieved ApplicationContext [774895395] from cache with key [[MergedContextConfiguration@4f9a2c08 testClass = UserServiceTest, locations = '{}', classes = '{class org.waldreg.user.management.DefaultUserManager}', contextInitializerClasses = '[]', activeProfiles = '{}', propertySourceLocations = '{}', propertySourceProperties = '{}', contextCustomizers = set[org.springframework.boot.test.autoconfigure.actuate.metrics.MetricsExportContextCustomizerFactory$DisableMetricExportContextCustomizer@39ac0c0a, org.springframework.boot.test.autoconfigure.properties.PropertyMappingContextCustomizer@0, org.springframework.boot.test.autoconfigure.web.servlet.WebDriverContextCustomizerFactory$Customizer@7a67e3c6, org.springframework.boot.test.context.filter.ExcludeFilterContextCustomizer@600b90df, org.springframework.boot.test.json.DuplicateJsonObjectContextCustomizerFactory$DuplicateJsonObjectContextCustomizer@78d6692f, org.springframework.boot.test.mock.mockito.MockitoContextCustomizer@109c0f18], contextLoader = 'org.springframework.test.context.support.DelegatingSmartContextLoader', parent = [null]]]
01:05:36.213 [Test worker] DEBUG org.springframework.test.context.cache - Spring test ApplicationContext cache statistics: [DefaultContextCache@1ffcf674 size = 1, maxSize = 32, parentContextCount = 0, hitCount = 48, missCount = 1]
01:05:36.213 [Test worker] DEBUG org.springframework.test.context.support.DependencyInjectionTestExecutionListener - Performing dependency injection for test context [[DefaultTestContext@33308786 testClass = UserServiceTest, testInstance = org.waldreg.user.management.UserServiceTest@1c758545, testMethod = [null], testException = [null], mergedContextConfiguration = [MergedContextConfiguration@4f9a2c08 testClass = UserServiceTest, locations = '{}', classes = '{class org.waldreg.user.management.DefaultUserManager}', contextInitializerClasses = '[]', activeProfiles = '{}', propertySourceLocations = '{}', propertySourceProperties = '{}', contextCustomizers = set[org.springframework.boot.test.autoconfigure.actuate.metrics.MetricsExportContextCustomizerFactory$DisableMetricExportContextCustomizer@39ac0c0a, org.springframework.boot.test.autoconfigure.properties.PropertyMappingContextCustomizer@0, org.springframework.boot.test.autoconfigure.web.servlet.WebDriverContextCustomizerFactory$Customizer@7a67e3c6, org.springframework.boot.test.context.filter.ExcludeFilterContextCustomizer@600b90df, org.springframework.boot.test.json.DuplicateJsonObjectContextCustomizerFactory$DuplicateJsonObjectContextCustomizer@78d6692f, org.springframework.boot.test.mock.mockito.MockitoContextCustomizer@109c0f18], contextLoader = 'org.springframework.test.context.support.DelegatingSmartContextLoader', parent = [null]], attributes = map['org.springframework.test.context.event.ApplicationEventsTestExecutionListener.recordApplicationEvents' -> false]]].
01:05:36.213 [Test worker] DEBUG org.springframework.test.context.cache.DefaultCacheAwareContextLoaderDelegate - Retrieved ApplicationContext [774895395] from cache with key [[MergedContextConfiguration@4f9a2c08 testClass = UserServiceTest, locations = '{}', classes = '{class org.waldreg.user.management.DefaultUserManager}', contextInitializerClasses = '[]', activeProfiles = '{}', propertySourceLocations = '{}', propertySourceProperties = '{}', contextCustomizers = set[org.springframework.boot.test.autoconfigure.actuate.metrics.MetricsExportContextCustomizerFactory$DisableMetricExportContextCustomizer@39ac0c0a, org.springframework.boot.test.autoconfigure.properties.PropertyMappingContextCustomizer@0, org.springframework.boot.test.autoconfigure.web.servlet.WebDriverContextCustomizerFactory$Customizer@7a67e3c6, org.springframework.boot.test.context.filter.ExcludeFilterContextCustomizer@600b90df, org.springframework.boot.test.json.DuplicateJsonObjectContextCustomizerFactory$DuplicateJsonObjectContextCustomizer@78d6692f, org.springframework.boot.test.mock.mockito.MockitoContextCustomizer@109c0f18], contextLoader = 'org.springframework.test.context.support.DelegatingSmartContextLoader', parent = [null]]]
01:05:36.213 [Test worker] DEBUG org.springframework.test.context.cache - Spring test ApplicationContext cache statistics: [DefaultContextCache@1ffcf674 size = 1, maxSize = 32, parentContextCount = 0, hitCount = 49, missCount = 1]
01:05:36.214 [Test worker] DEBUG org.springframework.test.context.cache.DefaultCacheAwareContextLoaderDelegate - Retrieved ApplicationContext [774895395] from cache with key [[MergedContextConfiguration@4f9a2c08 testClass = UserServiceTest, locations = '{}', classes = '{class org.waldreg.user.management.DefaultUserManager}', contextInitializerClasses = '[]', activeProfiles = '{}', propertySourceLocations = '{}', propertySourceProperties = '{}', contextCustomizers = set[org.springframework.boot.test.autoconfigure.actuate.metrics.MetricsExportContextCustomizerFactory$DisableMetricExportContextCustomizer@39ac0c0a, org.springframework.boot.test.autoconfigure.properties.PropertyMappingContextCustomizer@0, org.springframework.boot.test.autoconfigure.web.servlet.WebDriverContextCustomizerFactory$Customizer@7a67e3c6, org.springframework.boot.test.context.filter.ExcludeFilterContextCustomizer@600b90df, org.springframework.boot.test.json.DuplicateJsonObjectContextCustomizerFactory$DuplicateJsonObjectContextCustomizer@78d6692f, org.springframework.boot.test.mock.mockito.MockitoContextCustomizer@109c0f18], contextLoader = 'org.springframework.test.context.support.DelegatingSmartContextLoader', parent = [null]]]
01:05:36.214 [Test worker] DEBUG org.springframework.test.context.cache - Spring test ApplicationContext cache statistics: [DefaultContextCache@1ffcf674 size = 1, maxSize = 32, parentContextCount = 0, hitCount = 50, missCount = 1]
01:05:36.216 [Test worker] DEBUG org.springframework.test.context.support.AbstractDirtiesContextTestExecutionListener - Before test method: context [DefaultTestContext@33308786 testClass = UserServiceTest, testInstance = org.waldreg.user.management.UserServiceTest@1c758545, testMethod = READ_USER_ONLINE_SUCCESS_TEST@UserServiceTest, testException = [null], mergedContextConfiguration = [MergedContextConfiguration@4f9a2c08 testClass = UserServiceTest, locations = '{}', classes = '{class org.waldreg.user.management.DefaultUserManager}', contextInitializerClasses = '[]', activeProfiles = '{}', propertySourceLocations = '{}', propertySourceProperties = '{}', contextCustomizers = set[org.springframework.boot.test.autoconfigure.actuate.metrics.MetricsExportContextCustomizerFactory$DisableMetricExportContextCustomizer@39ac0c0a, org.springframework.boot.test.autoconfigure.properties.PropertyMappingContextCustomizer@0, org.springframework.boot.test.autoconfigure.web.servlet.WebDriverContextCustomizerFactory$Customizer@7a67e3c6, org.springframework.boot.test.context.filter.ExcludeFilterContextCustomizer@600b90df, org.springframework.boot.test.json.DuplicateJsonObjectContextCustomizerFactory$DuplicateJsonObjectContextCustomizer@78d6692f, org.springframework.boot.test.mock.mockito.MockitoContextCustomizer@109c0f18], contextLoader = 'org.springframework.test.context.support.DelegatingSmartContextLoader', parent = [null]], attributes = map['org.springframework.test.context.event.ApplicationEventsTestExecutionListener.recordApplicationEvents' -> false]], class annotated with @DirtiesContext [false] with mode [null], method annotated with @DirtiesContext [false] with mode [null].
01:05:36.216 [Test worker] DEBUG org.springframework.test.context.cache.DefaultCacheAwareContextLoaderDelegate - Retrieved ApplicationContext [774895395] from cache with key [[MergedContextConfiguration@4f9a2c08 testClass = UserServiceTest, locations = '{}', classes = '{class org.waldreg.user.management.DefaultUserManager}', contextInitializerClasses = '[]', activeProfiles = '{}', propertySourceLocations = '{}', propertySourceProperties = '{}', contextCustomizers = set[org.springframework.boot.test.autoconfigure.actuate.metrics.MetricsExportContextCustomizerFactory$DisableMetricExportContextCustomizer@39ac0c0a, org.springframework.boot.test.autoconfigure.properties.PropertyMappingContextCustomizer@0, org.springframework.boot.test.autoconfigure.web.servlet.WebDriverContextCustomizerFactory$Customizer@7a67e3c6, org.springframework.boot.test.context.filter.ExcludeFilterContextCustomizer@600b90df, org.springframework.boot.test.json.DuplicateJsonObjectContextCustomizerFactory$DuplicateJsonObjectContextCustomizer@78d6692f, org.springframework.boot.test.mock.mockito.MockitoContextCustomizer@109c0f18], contextLoader = 'org.springframework.test.context.support.DelegatingSmartContextLoader', parent = [null]]]
01:05:36.216 [Test worker] DEBUG org.springframework.test.context.cache - Spring test ApplicationContext cache statistics: [DefaultContextCache@1ffcf674 size = 1, maxSize = 32, parentContextCount = 0, hitCount = 51, missCount = 1]
01:05:36.225 [Test worker] DEBUG org.springframework.test.context.cache.DefaultCacheAwareContextLoaderDelegate - Retrieved ApplicationContext [774895395] from cache with key [[MergedContextConfiguration@4f9a2c08 testClass = UserServiceTest, locations = '{}', classes = '{class org.waldreg.user.management.DefaultUserManager}', contextInitializerClasses = '[]', activeProfiles = '{}', propertySourceLocations = '{}', propertySourceProperties = '{}', contextCustomizers = set[org.springframework.boot.test.autoconfigure.actuate.metrics.MetricsExportContextCustomizerFactory$DisableMetricExportContextCustomizer@39ac0c0a, org.springframework.boot.test.autoconfigure.properties.PropertyMappingContextCustomizer@0, org.springframework.boot.test.autoconfigure.web.servlet.WebDriverContextCustomizerFactory$Customizer@7a67e3c6, org.springframework.boot.test.context.filter.ExcludeFilterContextCustomizer@600b90df, org.springframework.boot.test.json.DuplicateJsonObjectContextCustomizerFactory$DuplicateJsonObjectContextCustomizer@78d6692f, org.springframework.boot.test.mock.mockito.MockitoContextCustomizer@109c0f18], contextLoader = 'org.springframework.test.context.support.DelegatingSmartContextLoader', parent = [null]]]
01:05:36.225 [Test worker] DEBUG org.springframework.test.context.cache - Spring test ApplicationContext cache statistics: [DefaultContextCache@1ffcf674 size = 1, maxSize = 32, parentContextCount = 0, hitCount = 52, missCount = 1]
01:05:36.225 [Test worker] DEBUG org.springframework.test.context.cache.DefaultCacheAwareContextLoaderDelegate - Retrieved ApplicationContext [774895395] from cache with key [[MergedContextConfiguration@4f9a2c08 testClass = UserServiceTest, locations = '{}', classes = '{class org.waldreg.user.management.DefaultUserManager}', contextInitializerClasses = '[]', activeProfiles = '{}', propertySourceLocations = '{}', propertySourceProperties = '{}', contextCustomizers = set[org.springframework.boot.test.autoconfigure.actuate.metrics.MetricsExportContextCustomizerFactory$DisableMetricExportContextCustomizer@39ac0c0a, org.springframework.boot.test.autoconfigure.properties.PropertyMappingContextCustomizer@0, org.springframework.boot.test.autoconfigure.web.servlet.WebDriverContextCustomizerFactory$Customizer@7a67e3c6, org.springframework.boot.test.context.filter.ExcludeFilterContextCustomizer@600b90df, org.springframework.boot.test.json.DuplicateJsonObjectContextCustomizerFactory$DuplicateJsonObjectContextCustomizer@78d6692f, org.springframework.boot.test.mock.mockito.MockitoContextCustomizer@109c0f18], contextLoader = 'org.springframework.test.context.support.DelegatingSmartContextLoader', parent = [null]]]
01:05:36.225 [Test worker] DEBUG org.springframework.test.context.cache - Spring test ApplicationContext cache statistics: [DefaultContextCache@1ffcf674 size = 1, maxSize = 32, parentContextCount = 0, hitCount = 53, missCount = 1]
01:05:36.226 [Test worker] DEBUG org.springframework.test.context.cache.DefaultCacheAwareContextLoaderDelegate - Retrieved ApplicationContext [774895395] from cache with key [[MergedContextConfiguration@4f9a2c08 testClass = UserServiceTest, locations = '{}', classes = '{class org.waldreg.user.management.DefaultUserManager}', contextInitializerClasses = '[]', activeProfiles = '{}', propertySourceLocations = '{}', propertySourceProperties = '{}', contextCustomizers = set[org.springframework.boot.test.autoconfigure.actuate.metrics.MetricsExportContextCustomizerFactory$DisableMetricExportContextCustomizer@39ac0c0a, org.springframework.boot.test.autoconfigure.properties.PropertyMappingContextCustomizer@0, org.springframework.boot.test.autoconfigure.web.servlet.WebDriverContextCustomizerFactory$Customizer@7a67e3c6, org.springframework.boot.test.context.filter.ExcludeFilterContextCustomizer@600b90df, org.springframework.boot.test.json.DuplicateJsonObjectContextCustomizerFactory$DuplicateJsonObjectContextCustomizer@78d6692f, org.springframework.boot.test.mock.mockito.MockitoContextCustomizer@109c0f18], contextLoader = 'org.springframework.test.context.support.DelegatingSmartContextLoader', parent = [null]]]
01:05:36.227 [Test worker] DEBUG org.springframework.test.context.cache - Spring test ApplicationContext cache statistics: [DefaultContextCache@1ffcf674 size = 1, maxSize = 32, parentContextCount = 0, hitCount = 54, missCount = 1]
01:05:36.227 [Test worker] DEBUG org.springframework.test.context.cache.DefaultCacheAwareContextLoaderDelegate - Retrieved ApplicationContext [774895395] from cache with key [[MergedContextConfiguration@4f9a2c08 testClass = UserServiceTest, locations = '{}', classes = '{class org.waldreg.user.management.DefaultUserManager}', contextInitializerClasses = '[]', activeProfiles = '{}', propertySourceLocations = '{}', propertySourceProperties = '{}', contextCustomizers = set[org.springframework.boot.test.autoconfigure.actuate.metrics.MetricsExportContextCustomizerFactory$DisableMetricExportContextCustomizer@39ac0c0a, org.springframework.boot.test.autoconfigure.properties.PropertyMappingContextCustomizer@0, org.springframework.boot.test.autoconfigure.web.servlet.WebDriverContextCustomizerFactory$Customizer@7a67e3c6, org.springframework.boot.test.context.filter.ExcludeFilterContextCustomizer@600b90df, org.springframework.boot.test.json.DuplicateJsonObjectContextCustomizerFactory$DuplicateJsonObjectContextCustomizer@78d6692f, org.springframework.boot.test.mock.mockito.MockitoContextCustomizer@109c0f18], contextLoader = 'org.springframework.test.context.support.DelegatingSmartContextLoader', parent = [null]]]
01:05:36.227 [Test worker] DEBUG org.springframework.test.context.cache - Spring test ApplicationContext cache statistics: [DefaultContextCache@1ffcf674 size = 1, maxSize = 32, parentContextCount = 0, hitCount = 55, missCount = 1]
01:05:36.237 [Test worker] DEBUG org.springframework.test.context.cache.DefaultCacheAwareContextLoaderDelegate - Retrieved ApplicationContext [774895395] from cache with key [[MergedContextConfiguration@4f9a2c08 testClass = UserServiceTest, locations = '{}', classes = '{class org.waldreg.user.management.DefaultUserManager}', contextInitializerClasses = '[]', activeProfiles = '{}', propertySourceLocations = '{}', propertySourceProperties = '{}', contextCustomizers = set[org.springframework.boot.test.autoconfigure.actuate.metrics.MetricsExportContextCustomizerFactory$DisableMetricExportContextCustomizer@39ac0c0a, org.springframework.boot.test.autoconfigure.properties.PropertyMappingContextCustomizer@0, org.springframework.boot.test.autoconfigure.web.servlet.WebDriverContextCustomizerFactory$Customizer@7a67e3c6, org.springframework.boot.test.context.filter.ExcludeFilterContextCustomizer@600b90df, org.springframework.boot.test.json.DuplicateJsonObjectContextCustomizerFactory$DuplicateJsonObjectContextCustomizer@78d6692f, org.springframework.boot.test.mock.mockito.MockitoContextCustomizer@109c0f18], contextLoader = 'org.springframework.test.context.support.DelegatingSmartContextLoader', parent = [null]]]
01:05:36.237 [Test worker] DEBUG org.springframework.test.context.cache - Spring test ApplicationContext cache statistics: [DefaultContextCache@1ffcf674 size = 1, maxSize = 32, parentContextCount = 0, hitCount = 56, missCount = 1]
01:05:36.237 [Test worker] DEBUG org.springframework.test.context.cache.DefaultCacheAwareContextLoaderDelegate - Retrieved ApplicationContext [774895395] from cache with key [[MergedContextConfiguration@4f9a2c08 testClass = UserServiceTest, locations = '{}', classes = '{class org.waldreg.user.management.DefaultUserManager}', contextInitializerClasses = '[]', activeProfiles = '{}', propertySourceLocations = '{}', propertySourceProperties = '{}', contextCustomizers = set[org.springframework.boot.test.autoconfigure.actuate.metrics.MetricsExportContextCustomizerFactory$DisableMetricExportContextCustomizer@39ac0c0a, org.springframework.boot.test.autoconfigure.properties.PropertyMappingContextCustomizer@0, org.springframework.boot.test.autoconfigure.web.servlet.WebDriverContextCustomizerFactory$Customizer@7a67e3c6, org.springframework.boot.test.context.filter.ExcludeFilterContextCustomizer@600b90df, org.springframework.boot.test.json.DuplicateJsonObjectContextCustomizerFactory$DuplicateJsonObjectContextCustomizer@78d6692f, org.springframework.boot.test.mock.mockito.MockitoContextCustomizer@109c0f18], contextLoader = 'org.springframework.test.context.support.DelegatingSmartContextLoader', parent = [null]]]
01:05:36.237 [Test worker] DEBUG org.springframework.test.context.cache - Spring test ApplicationContext cache statistics: [DefaultContextCache@1ffcf674 size = 1, maxSize = 32, parentContextCount = 0, hitCount = 57, missCount = 1]
01:05:36.237 [Test worker] DEBUG org.springframework.test.context.cache.DefaultCacheAwareContextLoaderDelegate - Retrieved ApplicationContext [774895395] from cache with key [[MergedContextConfiguration@4f9a2c08 testClass = UserServiceTest, locations = '{}', classes = '{class org.waldreg.user.management.DefaultUserManager}', contextInitializerClasses = '[]', activeProfiles = '{}', propertySourceLocations = '{}', propertySourceProperties = '{}', contextCustomizers = set[org.springframework.boot.test.autoconfigure.actuate.metrics.MetricsExportContextCustomizerFactory$DisableMetricExportContextCustomizer@39ac0c0a, org.springframework.boot.test.autoconfigure.properties.PropertyMappingContextCustomizer@0, org.springframework.boot.test.autoconfigure.web.servlet.WebDriverContextCustomizerFactory$Customizer@7a67e3c6, org.springframework.boot.test.context.filter.ExcludeFilterContextCustomizer@600b90df, org.springframework.boot.test.json.DuplicateJsonObjectContextCustomizerFactory$DuplicateJsonObjectContextCustomizer@78d6692f, org.springframework.boot.test.mock.mockito.MockitoContextCustomizer@109c0f18], contextLoader = 'org.springframework.test.context.support.DelegatingSmartContextLoader', parent = [null]]]
01:05:36.237 [Test worker] DEBUG org.springframework.test.context.cache - Spring test ApplicationContext cache statistics: [DefaultContextCache@1ffcf674 size = 1, maxSize = 32, parentContextCount = 0, hitCount = 58, missCount = 1]
01:05:36.247 [Test worker] DEBUG org.springframework.test.context.cache.DefaultCacheAwareContextLoaderDelegate - Retrieved ApplicationContext [774895395] from cache with key [[MergedContextConfiguration@4f9a2c08 testClass = UserServiceTest, locations = '{}', classes = '{class org.waldreg.user.management.DefaultUserManager}', contextInitializerClasses = '[]', activeProfiles = '{}', propertySourceLocations = '{}', propertySourceProperties = '{}', contextCustomizers = set[org.springframework.boot.test.autoconfigure.actuate.metrics.MetricsExportContextCustomizerFactory$DisableMetricExportContextCustomizer@39ac0c0a, org.springframework.boot.test.autoconfigure.properties.PropertyMappingContextCustomizer@0, org.springframework.boot.test.autoconfigure.web.servlet.WebDriverContextCustomizerFactory$Customizer@7a67e3c6, org.springframework.boot.test.context.filter.ExcludeFilterContextCustomizer@600b90df, org.springframework.boot.test.json.DuplicateJsonObjectContextCustomizerFactory$DuplicateJsonObjectContextCustomizer@78d6692f, org.springframework.boot.test.mock.mockito.MockitoContextCustomizer@109c0f18], contextLoader = 'org.springframework.test.context.support.DelegatingSmartContextLoader', parent = [null]]]
01:05:36.247 [Test worker] DEBUG org.springframework.test.context.cache - Spring test ApplicationContext cache statistics: [DefaultContextCache@1ffcf674 size = 1, maxSize = 32, parentContextCount = 0, hitCount = 59, missCount = 1]
01:05:36.247 [Test worker] DEBUG org.springframework.test.context.support.AbstractDirtiesContextTestExecutionListener - After test method: context [DefaultTestContext@33308786 testClass = UserServiceTest, testInstance = org.waldreg.user.management.UserServiceTest@1c758545, testMethod = READ_USER_ONLINE_SUCCESS_TEST@UserServiceTest, testException = [null], mergedContextConfiguration = [MergedContextConfiguration@4f9a2c08 testClass = UserServiceTest, locations = '{}', classes = '{class org.waldreg.user.management.DefaultUserManager}', contextInitializerClasses = '[]', activeProfiles = '{}', propertySourceLocations = '{}', propertySourceProperties = '{}', contextCustomizers = set[org.springframework.boot.test.autoconfigure.actuate.metrics.MetricsExportContextCustomizerFactory$DisableMetricExportContextCustomizer@39ac0c0a, org.springframework.boot.test.autoconfigure.properties.PropertyMappingContextCustomizer@0, org.springframework.boot.test.autoconfigure.web.servlet.WebDriverContextCustomizerFactory$Customizer@7a67e3c6, org.springframework.boot.test.context.filter.ExcludeFilterContextCustomizer@600b90df, org.springframework.boot.test.json.DuplicateJsonObjectContextCustomizerFactory$DuplicateJsonObjectContextCustomizer@78d6692f, org.springframework.boot.test.mock.mockito.MockitoContextCustomizer@109c0f18], contextLoader = 'org.springframework.test.context.support.DelegatingSmartContextLoader', parent = [null]], attributes = map['org.springframework.test.context.event.ApplicationEventsTestExecutionListener.recordApplicationEvents' -> false]], class annotated with @DirtiesContext [false] with mode [null], method annotated with @DirtiesContext [false] with mode [null].
01:05:36.249 [Test worker] DEBUG org.springframework.test.context.cache.DefaultCacheAwareContextLoaderDelegate - Retrieved ApplicationContext [774895395] from cache with key [[MergedContextConfiguration@4f9a2c08 testClass = UserServiceTest, locations = '{}', classes = '{class org.waldreg.user.management.DefaultUserManager}', contextInitializerClasses = '[]', activeProfiles = '{}', propertySourceLocations = '{}', propertySourceProperties = '{}', contextCustomizers = set[org.springframework.boot.test.autoconfigure.actuate.metrics.MetricsExportContextCustomizerFactory$DisableMetricExportContextCustomizer@39ac0c0a, org.springframework.boot.test.autoconfigure.properties.PropertyMappingContextCustomizer@0, org.springframework.boot.test.autoconfigure.web.servlet.WebDriverContextCustomizerFactory$Customizer@7a67e3c6, org.springframework.boot.test.context.filter.ExcludeFilterContextCustomizer@600b90df, org.springframework.boot.test.json.DuplicateJsonObjectContextCustomizerFactory$DuplicateJsonObjectContextCustomizer@78d6692f, org.springframework.boot.test.mock.mockito.MockitoContextCustomizer@109c0f18], contextLoader = 'org.springframework.test.context.support.DelegatingSmartContextLoader', parent = [null]]]
01:05:36.249 [Test worker] DEBUG org.springframework.test.context.cache - Spring test ApplicationContext cache statistics: [DefaultContextCache@1ffcf674 size = 1, maxSize = 32, parentContextCount = 0, hitCount = 60, missCount = 1]
01:05:36.249 [Test worker] DEBUG org.springframework.test.context.support.DependencyInjectionTestExecutionListener - Performing dependency injection for test context [[DefaultTestContext@33308786 testClass = UserServiceTest, testInstance = org.waldreg.user.management.UserServiceTest@6e1b9411, testMethod = [null], testException = [null], mergedContextConfiguration = [MergedContextConfiguration@4f9a2c08 testClass = UserServiceTest, locations = '{}', classes = '{class org.waldreg.user.management.DefaultUserManager}', contextInitializerClasses = '[]', activeProfiles = '{}', propertySourceLocations = '{}', propertySourceProperties = '{}', contextCustomizers = set[org.springframework.boot.test.autoconfigure.actuate.metrics.MetricsExportContextCustomizerFactory$DisableMetricExportContextCustomizer@39ac0c0a, org.springframework.boot.test.autoconfigure.properties.PropertyMappingContextCustomizer@0, org.springframework.boot.test.autoconfigure.web.servlet.WebDriverContextCustomizerFactory$Customizer@7a67e3c6, org.springframework.boot.test.context.filter.ExcludeFilterContextCustomizer@600b90df, org.springframework.boot.test.json.DuplicateJsonObjectContextCustomizerFactory$DuplicateJsonObjectContextCustomizer@78d6692f, org.springframework.boot.test.mock.mockito.MockitoContextCustomizer@109c0f18], contextLoader = 'org.springframework.test.context.support.DelegatingSmartContextLoader', parent = [null]], attributes = map['org.springframework.test.context.event.ApplicationEventsTestExecutionListener.recordApplicationEvents' -> false]]].
01:05:36.249 [Test worker] DEBUG org.springframework.test.context.cache.DefaultCacheAwareContextLoaderDelegate - Retrieved ApplicationContext [774895395] from cache with key [[MergedContextConfiguration@4f9a2c08 testClass = UserServiceTest, locations = '{}', classes = '{class org.waldreg.user.management.DefaultUserManager}', contextInitializerClasses = '[]', activeProfiles = '{}', propertySourceLocations = '{}', propertySourceProperties = '{}', contextCustomizers = set[org.springframework.boot.test.autoconfigure.actuate.metrics.MetricsExportContextCustomizerFactory$DisableMetricExportContextCustomizer@39ac0c0a, org.springframework.boot.test.autoconfigure.properties.PropertyMappingContextCustomizer@0, org.springframework.boot.test.autoconfigure.web.servlet.WebDriverContextCustomizerFactory$Customizer@7a67e3c6, org.springframework.boot.test.context.filter.ExcludeFilterContextCustomizer@600b90df, org.springframework.boot.test.json.DuplicateJsonObjectContextCustomizerFactory$DuplicateJsonObjectContextCustomizer@78d6692f, org.springframework.boot.test.mock.mockito.MockitoContextCustomizer@109c0f18], contextLoader = 'org.springframework.test.context.support.DelegatingSmartContextLoader', parent = [null]]]
01:05:36.249 [Test worker] DEBUG org.springframework.test.context.cache - Spring test ApplicationContext cache statistics: [DefaultContextCache@1ffcf674 size = 1, maxSize = 32, parentContextCount = 0, hitCount = 61, missCount = 1]
01:05:36.249 [Test worker] DEBUG org.springframework.test.context.cache.DefaultCacheAwareContextLoaderDelegate - Retrieved ApplicationContext [774895395] from cache with key [[MergedContextConfiguration@4f9a2c08 testClass = UserServiceTest, locations = '{}', classes = '{class org.waldreg.user.management.DefaultUserManager}', contextInitializerClasses = '[]', activeProfiles = '{}', propertySourceLocations = '{}', propertySourceProperties = '{}', contextCustomizers = set[org.springframework.boot.test.autoconfigure.actuate.metrics.MetricsExportContextCustomizerFactory$DisableMetricExportContextCustomizer@39ac0c0a, org.springframework.boot.test.autoconfigure.properties.PropertyMappingContextCustomizer@0, org.springframework.boot.test.autoconfigure.web.servlet.WebDriverContextCustomizerFactory$Customizer@7a67e3c6, org.springframework.boot.test.context.filter.ExcludeFilterContextCustomizer@600b90df, org.springframework.boot.test.json.DuplicateJsonObjectContextCustomizerFactory$DuplicateJsonObjectContextCustomizer@78d6692f, org.springframework.boot.test.mock.mockito.MockitoContextCustomizer@109c0f18], contextLoader = 'org.springframework.test.context.support.DelegatingSmartContextLoader', parent = [null]]]
01:05:36.249 [Test worker] DEBUG org.springframework.test.context.cache - Spring test ApplicationContext cache statistics: [DefaultContextCache@1ffcf674 size = 1, maxSize = 32, parentContextCount = 0, hitCount = 62, missCount = 1]
01:05:36.250 [Test worker] DEBUG org.springframework.test.context.support.AbstractDirtiesContextTestExecutionListener - Before test method: context [DefaultTestContext@33308786 testClass = UserServiceTest, testInstance = org.waldreg.user.management.UserServiceTest@6e1b9411, testMethod = UPDATE_SPECIFIC_USER_SUCCESS_TEST@UserServiceTest, testException = [null], mergedContextConfiguration = [MergedContextConfiguration@4f9a2c08 testClass = UserServiceTest, locations = '{}', classes = '{class org.waldreg.user.management.DefaultUserManager}', contextInitializerClasses = '[]', activeProfiles = '{}', propertySourceLocations = '{}', propertySourceProperties = '{}', contextCustomizers = set[org.springframework.boot.test.autoconfigure.actuate.metrics.MetricsExportContextCustomizerFactory$DisableMetricExportContextCustomizer@39ac0c0a, org.springframework.boot.test.autoconfigure.properties.PropertyMappingContextCustomizer@0, org.springframework.boot.test.autoconfigure.web.servlet.WebDriverContextCustomizerFactory$Customizer@7a67e3c6, org.springframework.boot.test.context.filter.ExcludeFilterContextCustomizer@600b90df, org.springframework.boot.test.json.DuplicateJsonObjectContextCustomizerFactory$DuplicateJsonObjectContextCustomizer@78d6692f, org.springframework.boot.test.mock.mockito.MockitoContextCustomizer@109c0f18], contextLoader = 'org.springframework.test.context.support.DelegatingSmartContextLoader', parent = [null]], attributes = map['org.springframework.test.context.event.ApplicationEventsTestExecutionListener.recordApplicationEvents' -> false]], class annotated with @DirtiesContext [false] with mode [null], method annotated with @DirtiesContext [false] with mode [null].
01:05:36.250 [Test worker] DEBUG org.springframework.test.context.cache.DefaultCacheAwareContextLoaderDelegate - Retrieved ApplicationContext [774895395] from cache with key [[MergedContextConfiguration@4f9a2c08 testClass = UserServiceTest, locations = '{}', classes = '{class org.waldreg.user.management.DefaultUserManager}', contextInitializerClasses = '[]', activeProfiles = '{}', propertySourceLocations = '{}', propertySourceProperties = '{}', contextCustomizers = set[org.springframework.boot.test.autoconfigure.actuate.metrics.MetricsExportContextCustomizerFactory$DisableMetricExportContextCustomizer@39ac0c0a, org.springframework.boot.test.autoconfigure.properties.PropertyMappingContextCustomizer@0, org.springframework.boot.test.autoconfigure.web.servlet.WebDriverContextCustomizerFactory$Customizer@7a67e3c6, org.springframework.boot.test.context.filter.ExcludeFilterContextCustomizer@600b90df, org.springframework.boot.test.json.DuplicateJsonObjectContextCustomizerFactory$DuplicateJsonObjectContextCustomizer@78d6692f, org.springframework.boot.test.mock.mockito.MockitoContextCustomizer@109c0f18], contextLoader = 'org.springframework.test.context.support.DelegatingSmartContextLoader', parent = [null]]]
01:05:36.250 [Test worker] DEBUG org.springframework.test.context.cache - Spring test ApplicationContext cache statistics: [DefaultContextCache@1ffcf674 size = 1, maxSize = 32, parentContextCount = 0, hitCount = 63, missCount = 1]
01:05:36.260 [Test worker] DEBUG org.springframework.test.context.cache.DefaultCacheAwareContextLoaderDelegate - Retrieved ApplicationContext [774895395] from cache with key [[MergedContextConfiguration@4f9a2c08 testClass = UserServiceTest, locations = '{}', classes = '{class org.waldreg.user.management.DefaultUserManager}', contextInitializerClasses = '[]', activeProfiles = '{}', propertySourceLocations = '{}', propertySourceProperties = '{}', contextCustomizers = set[org.springframework.boot.test.autoconfigure.actuate.metrics.MetricsExportContextCustomizerFactory$DisableMetricExportContextCustomizer@39ac0c0a, org.springframework.boot.test.autoconfigure.properties.PropertyMappingContextCustomizer@0, org.springframework.boot.test.autoconfigure.web.servlet.WebDriverContextCustomizerFactory$Customizer@7a67e3c6, org.springframework.boot.test.context.filter.ExcludeFilterContextCustomizer@600b90df, org.springframework.boot.test.json.DuplicateJsonObjectContextCustomizerFactory$DuplicateJsonObjectContextCustomizer@78d6692f, org.springframework.boot.test.mock.mockito.MockitoContextCustomizer@109c0f18], contextLoader = 'org.springframework.test.context.support.DelegatingSmartContextLoader', parent = [null]]]
01:05:36.260 [Test worker] DEBUG org.springframework.test.context.cache - Spring test ApplicationContext cache statistics: [DefaultContextCache@1ffcf674 size = 1, maxSize = 32, parentContextCount = 0, hitCount = 64, missCount = 1]
01:05:36.260 [Test worker] DEBUG org.springframework.test.context.cache.DefaultCacheAwareContextLoaderDelegate - Retrieved ApplicationContext [774895395] from cache with key [[MergedContextConfiguration@4f9a2c08 testClass = UserServiceTest, locations = '{}', classes = '{class org.waldreg.user.management.DefaultUserManager}', contextInitializerClasses = '[]', activeProfiles = '{}', propertySourceLocations = '{}', propertySourceProperties = '{}', contextCustomizers = set[org.springframework.boot.test.autoconfigure.actuate.metrics.MetricsExportContextCustomizerFactory$DisableMetricExportContextCustomizer@39ac0c0a, org.springframework.boot.test.autoconfigure.properties.PropertyMappingContextCustomizer@0, org.springframework.boot.test.autoconfigure.web.servlet.WebDriverContextCustomizerFactory$Customizer@7a67e3c6, org.springframework.boot.test.context.filter.ExcludeFilterContextCustomizer@600b90df, org.springframework.boot.test.json.DuplicateJsonObjectContextCustomizerFactory$DuplicateJsonObjectContextCustomizer@78d6692f, org.springframework.boot.test.mock.mockito.MockitoContextCustomizer@109c0f18], contextLoader = 'org.springframework.test.context.support.DelegatingSmartContextLoader', parent = [null]]]
01:05:36.260 [Test worker] DEBUG org.springframework.test.context.cache - Spring test ApplicationContext cache statistics: [DefaultContextCache@1ffcf674 size = 1, maxSize = 32, parentContextCount = 0, hitCount = 65, missCount = 1]
01:05:36.262 [Test worker] DEBUG org.springframework.test.context.cache.DefaultCacheAwareContextLoaderDelegate - Retrieved ApplicationContext [774895395] from cache with key [[MergedContextConfiguration@4f9a2c08 testClass = UserServiceTest, locations = '{}', classes = '{class org.waldreg.user.management.DefaultUserManager}', contextInitializerClasses = '[]', activeProfiles = '{}', propertySourceLocations = '{}', propertySourceProperties = '{}', contextCustomizers = set[org.springframework.boot.test.autoconfigure.actuate.metrics.MetricsExportContextCustomizerFactory$DisableMetricExportContextCustomizer@39ac0c0a, org.springframework.boot.test.autoconfigure.properties.PropertyMappingContextCustomizer@0, org.springframework.boot.test.autoconfigure.web.servlet.WebDriverContextCustomizerFactory$Customizer@7a67e3c6, org.springframework.boot.test.context.filter.ExcludeFilterContextCustomizer@600b90df, org.springframework.boot.test.json.DuplicateJsonObjectContextCustomizerFactory$DuplicateJsonObjectContextCustomizer@78d6692f, org.springframework.boot.test.mock.mockito.MockitoContextCustomizer@109c0f18], contextLoader = 'org.springframework.test.context.support.DelegatingSmartContextLoader', parent = [null]]]
01:05:36.262 [Test worker] DEBUG org.springframework.test.context.cache - Spring test ApplicationContext cache statistics: [DefaultContextCache@1ffcf674 size = 1, maxSize = 32, parentContextCount = 0, hitCount = 66, missCount = 1]
01:05:36.262 [Test worker] DEBUG org.springframework.test.context.cache.DefaultCacheAwareContextLoaderDelegate - Retrieved ApplicationContext [774895395] from cache with key [[MergedContextConfiguration@4f9a2c08 testClass = UserServiceTest, locations = '{}', classes = '{class org.waldreg.user.management.DefaultUserManager}', contextInitializerClasses = '[]', activeProfiles = '{}', propertySourceLocations = '{}', propertySourceProperties = '{}', contextCustomizers = set[org.springframework.boot.test.autoconfigure.actuate.metrics.MetricsExportContextCustomizerFactory$DisableMetricExportContextCustomizer@39ac0c0a, org.springframework.boot.test.autoconfigure.properties.PropertyMappingContextCustomizer@0, org.springframework.boot.test.autoconfigure.web.servlet.WebDriverContextCustomizerFactory$Customizer@7a67e3c6, org.springframework.boot.test.context.filter.ExcludeFilterContextCustomizer@600b90df, org.springframework.boot.test.json.DuplicateJsonObjectContextCustomizerFactory$DuplicateJsonObjectContextCustomizer@78d6692f, org.springframework.boot.test.mock.mockito.MockitoContextCustomizer@109c0f18], contextLoader = 'org.springframework.test.context.support.DelegatingSmartContextLoader', parent = [null]]]
01:05:36.262 [Test worker] DEBUG org.springframework.test.context.cache - Spring test ApplicationContext cache statistics: [DefaultContextCache@1ffcf674 size = 1, maxSize = 32, parentContextCount = 0, hitCount = 67, missCount = 1]
01:05:36.273 [Test worker] DEBUG org.springframework.test.context.cache.DefaultCacheAwareContextLoaderDelegate - Retrieved ApplicationContext [774895395] from cache with key [[MergedContextConfiguration@4f9a2c08 testClass = UserServiceTest, locations = '{}', classes = '{class org.waldreg.user.management.DefaultUserManager}', contextInitializerClasses = '[]', activeProfiles = '{}', propertySourceLocations = '{}', propertySourceProperties = '{}', contextCustomizers = set[org.springframework.boot.test.autoconfigure.actuate.metrics.MetricsExportContextCustomizerFactory$DisableMetricExportContextCustomizer@39ac0c0a, org.springframework.boot.test.autoconfigure.properties.PropertyMappingContextCustomizer@0, org.springframework.boot.test.autoconfigure.web.servlet.WebDriverContextCustomizerFactory$Customizer@7a67e3c6, org.springframework.boot.test.context.filter.ExcludeFilterContextCustomizer@600b90df, org.springframework.boot.test.json.DuplicateJsonObjectContextCustomizerFactory$DuplicateJsonObjectContextCustomizer@78d6692f, org.springframework.boot.test.mock.mockito.MockitoContextCustomizer@109c0f18], contextLoader = 'org.springframework.test.context.support.DelegatingSmartContextLoader', parent = [null]]]
01:05:36.273 [Test worker] DEBUG org.springframework.test.context.cache - Spring test ApplicationContext cache statistics: [DefaultContextCache@1ffcf674 size = 1, maxSize = 32, parentContextCount = 0, hitCount = 68, missCount = 1]
01:05:36.273 [Test worker] DEBUG org.springframework.test.context.cache.DefaultCacheAwareContextLoaderDelegate - Retrieved ApplicationContext [774895395] from cache with key [[MergedContextConfiguration@4f9a2c08 testClass = UserServiceTest, locations = '{}', classes = '{class org.waldreg.user.management.DefaultUserManager}', contextInitializerClasses = '[]', activeProfiles = '{}', propertySourceLocations = '{}', propertySourceProperties = '{}', contextCustomizers = set[org.springframework.boot.test.autoconfigure.actuate.metrics.MetricsExportContextCustomizerFactory$DisableMetricExportContextCustomizer@39ac0c0a, org.springframework.boot.test.autoconfigure.properties.PropertyMappingContextCustomizer@0, org.springframework.boot.test.autoconfigure.web.servlet.WebDriverContextCustomizerFactory$Customizer@7a67e3c6, org.springframework.boot.test.context.filter.ExcludeFilterContextCustomizer@600b90df, org.springframework.boot.test.json.DuplicateJsonObjectContextCustomizerFactory$DuplicateJsonObjectContextCustomizer@78d6692f, org.springframework.boot.test.mock.mockito.MockitoContextCustomizer@109c0f18], contextLoader = 'org.springframework.test.context.support.DelegatingSmartContextLoader', parent = [null]]]
01:05:36.273 [Test worker] DEBUG org.springframework.test.context.cache - Spring test ApplicationContext cache statistics: [DefaultContextCache@1ffcf674 size = 1, maxSize = 32, parentContextCount = 0, hitCount = 69, missCount = 1]
01:05:36.274 [Test worker] DEBUG org.springframework.test.context.cache.DefaultCacheAwareContextLoaderDelegate - Retrieved ApplicationContext [774895395] from cache with key [[MergedContextConfiguration@4f9a2c08 testClass = UserServiceTest, locations = '{}', classes = '{class org.waldreg.user.management.DefaultUserManager}', contextInitializerClasses = '[]', activeProfiles = '{}', propertySourceLocations = '{}', propertySourceProperties = '{}', contextCustomizers = set[org.springframework.boot.test.autoconfigure.actuate.metrics.MetricsExportContextCustomizerFactory$DisableMetricExportContextCustomizer@39ac0c0a, org.springframework.boot.test.autoconfigure.properties.PropertyMappingContextCustomizer@0, org.springframework.boot.test.autoconfigure.web.servlet.WebDriverContextCustomizerFactory$Customizer@7a67e3c6, org.springframework.boot.test.context.filter.ExcludeFilterContextCustomizer@600b90df, org.springframework.boot.test.json.DuplicateJsonObjectContextCustomizerFactory$DuplicateJsonObjectContextCustomizer@78d6692f, org.springframework.boot.test.mock.mockito.MockitoContextCustomizer@109c0f18], contextLoader = 'org.springframework.test.context.support.DelegatingSmartContextLoader', parent = [null]]]
01:05:36.274 [Test worker] DEBUG org.springframework.test.context.cache - Spring test ApplicationContext cache statistics: [DefaultContextCache@1ffcf674 size = 1, maxSize = 32, parentContextCount = 0, hitCount = 70, missCount = 1]
01:05:36.284 [Test worker] DEBUG org.springframework.test.context.cache.DefaultCacheAwareContextLoaderDelegate - Retrieved ApplicationContext [774895395] from cache with key [[MergedContextConfiguration@4f9a2c08 testClass = UserServiceTest, locations = '{}', classes = '{class org.waldreg.user.management.DefaultUserManager}', contextInitializerClasses = '[]', activeProfiles = '{}', propertySourceLocations = '{}', propertySourceProperties = '{}', contextCustomizers = set[org.springframework.boot.test.autoconfigure.actuate.metrics.MetricsExportContextCustomizerFactory$DisableMetricExportContextCustomizer@39ac0c0a, org.springframework.boot.test.autoconfigure.properties.PropertyMappingContextCustomizer@0, org.springframework.boot.test.autoconfigure.web.servlet.WebDriverContextCustomizerFactory$Customizer@7a67e3c6, org.springframework.boot.test.context.filter.ExcludeFilterContextCustomizer@600b90df, org.springframework.boot.test.json.DuplicateJsonObjectContextCustomizerFactory$DuplicateJsonObjectContextCustomizer@78d6692f, org.springframework.boot.test.mock.mockito.MockitoContextCustomizer@109c0f18], contextLoader = 'org.springframework.test.context.support.DelegatingSmartContextLoader', parent = [null]]]
01:05:36.284 [Test worker] DEBUG org.springframework.test.context.cache - Spring test ApplicationContext cache statistics: [DefaultContextCache@1ffcf674 size = 1, maxSize = 32, parentContextCount = 0, hitCount = 71, missCount = 1]
01:05:36.284 [Test worker] DEBUG org.springframework.test.context.support.AbstractDirtiesContextTestExecutionListener - After test method: context [DefaultTestContext@33308786 testClass = UserServiceTest, testInstance = org.waldreg.user.management.UserServiceTest@6e1b9411, testMethod = UPDATE_SPECIFIC_USER_SUCCESS_TEST@UserServiceTest, testException = [null], mergedContextConfiguration = [MergedContextConfiguration@4f9a2c08 testClass = UserServiceTest, locations = '{}', classes = '{class org.waldreg.user.management.DefaultUserManager}', contextInitializerClasses = '[]', activeProfiles = '{}', propertySourceLocations = '{}', propertySourceProperties = '{}', contextCustomizers = set[org.springframework.boot.test.autoconfigure.actuate.metrics.MetricsExportContextCustomizerFactory$DisableMetricExportContextCustomizer@39ac0c0a, org.springframework.boot.test.autoconfigure.properties.PropertyMappingContextCustomizer@0, org.springframework.boot.test.autoconfigure.web.servlet.WebDriverContextCustomizerFactory$Customizer@7a67e3c6, org.springframework.boot.test.context.filter.ExcludeFilterContextCustomizer@600b90df, org.springframework.boot.test.json.DuplicateJsonObjectContextCustomizerFactory$DuplicateJsonObjectContextCustomizer@78d6692f, org.springframework.boot.test.mock.mockito.MockitoContextCustomizer@109c0f18], contextLoader = 'org.springframework.test.context.support.DelegatingSmartContextLoader', parent = [null]], attributes = map['org.springframework.test.context.event.ApplicationEventsTestExecutionListener.recordApplicationEvents' -> false]], class annotated with @DirtiesContext [false] with mode [null], method annotated with @DirtiesContext [false] with mode [null].
01:05:36.285 [Test worker] DEBUG org.springframework.test.context.cache.DefaultCacheAwareContextLoaderDelegate - Retrieved ApplicationContext [774895395] from cache with key [[MergedContextConfiguration@4f9a2c08 testClass = UserServiceTest, locations = '{}', classes = '{class org.waldreg.user.management.DefaultUserManager}', contextInitializerClasses = '[]', activeProfiles = '{}', propertySourceLocations = '{}', propertySourceProperties = '{}', contextCustomizers = set[org.springframework.boot.test.autoconfigure.actuate.metrics.MetricsExportContextCustomizerFactory$DisableMetricExportContextCustomizer@39ac0c0a, org.springframework.boot.test.autoconfigure.properties.PropertyMappingContextCustomizer@0, org.springframework.boot.test.autoconfigure.web.servlet.WebDriverContextCustomizerFactory$Customizer@7a67e3c6, org.springframework.boot.test.context.filter.ExcludeFilterContextCustomizer@600b90df, org.springframework.boot.test.json.DuplicateJsonObjectContextCustomizerFactory$DuplicateJsonObjectContextCustomizer@78d6692f, org.springframework.boot.test.mock.mockito.MockitoContextCustomizer@109c0f18], contextLoader = 'org.springframework.test.context.support.DelegatingSmartContextLoader', parent = [null]]]
01:05:36.286 [Test worker] DEBUG org.springframework.test.context.cache - Spring test ApplicationContext cache statistics: [DefaultContextCache@1ffcf674 size = 1, maxSize = 32, parentContextCount = 0, hitCount = 72, missCount = 1]
01:05:36.286 [Test worker] DEBUG org.springframework.test.context.support.DependencyInjectionTestExecutionListener - Performing dependency injection for test context [[DefaultTestContext@33308786 testClass = UserServiceTest, testInstance = org.waldreg.user.management.UserServiceTest@3b2f4a93, testMethod = [null], testException = [null], mergedContextConfiguration = [MergedContextConfiguration@4f9a2c08 testClass = UserServiceTest, locations = '{}', classes = '{class org.waldreg.user.management.DefaultUserManager}', contextInitializerClasses = '[]', activeProfiles = '{}', propertySourceLocations = '{}', propertySourceProperties = '{}', contextCustomizers = set[org.springframework.boot.test.autoconfigure.actuate.metrics.MetricsExportContextCustomizerFactory$DisableMetricExportContextCustomizer@39ac0c0a, org.springframework.boot.test.autoconfigure.properties.PropertyMappingContextCustomizer@0, org.springframework.boot.test.autoconfigure.web.servlet.WebDriverContextCustomizerFactory$Customizer@7a67e3c6, org.springframework.boot.test.context.filter.ExcludeFilterContextCustomizer@600b90df, org.springframework.boot.test.json.DuplicateJsonObjectContextCustomizerFactory$DuplicateJsonObjectContextCustomizer@78d6692f, org.springframework.boot.test.mock.mockito.MockitoContextCustomizer@109c0f18], contextLoader = 'org.springframework.test.context.support.DelegatingSmartContextLoader', parent = [null]], attributes = map['org.springframework.test.context.event.ApplicationEventsTestExecutionListener.recordApplicationEvents' -> false]]].
01:05:36.286 [Test worker] DEBUG org.springframework.test.context.cache.DefaultCacheAwareContextLoaderDelegate - Retrieved ApplicationContext [774895395] from cache with key [[MergedContextConfiguration@4f9a2c08 testClass = UserServiceTest, locations = '{}', classes = '{class org.waldreg.user.management.DefaultUserManager}', contextInitializerClasses = '[]', activeProfiles = '{}', propertySourceLocations = '{}', propertySourceProperties = '{}', contextCustomizers = set[org.springframework.boot.test.autoconfigure.actuate.metrics.MetricsExportContextCustomizerFactory$DisableMetricExportContextCustomizer@39ac0c0a, org.springframework.boot.test.autoconfigure.properties.PropertyMappingContextCustomizer@0, org.springframework.boot.test.autoconfigure.web.servlet.WebDriverContextCustomizerFactory$Customizer@7a67e3c6, org.springframework.boot.test.context.filter.ExcludeFilterContextCustomizer@600b90df, org.springframework.boot.test.json.DuplicateJsonObjectContextCustomizerFactory$DuplicateJsonObjectContextCustomizer@78d6692f, org.springframework.boot.test.mock.mockito.MockitoContextCustomizer@109c0f18], contextLoader = 'org.springframework.test.context.support.DelegatingSmartContextLoader', parent = [null]]]
01:05:36.286 [Test worker] DEBUG org.springframework.test.context.cache - Spring test ApplicationContext cache statistics: [DefaultContextCache@1ffcf674 size = 1, maxSize = 32, parentContextCount = 0, hitCount = 73, missCount = 1]
01:05:36.287 [Test worker] DEBUG org.springframework.test.context.cache.DefaultCacheAwareContextLoaderDelegate - Retrieved ApplicationContext [774895395] from cache with key [[MergedContextConfiguration@4f9a2c08 testClass = UserServiceTest, locations = '{}', classes = '{class org.waldreg.user.management.DefaultUserManager}', contextInitializerClasses = '[]', activeProfiles = '{}', propertySourceLocations = '{}', propertySourceProperties = '{}', contextCustomizers = set[org.springframework.boot.test.autoconfigure.actuate.metrics.MetricsExportContextCustomizerFactory$DisableMetricExportContextCustomizer@39ac0c0a, org.springframework.boot.test.autoconfigure.properties.PropertyMappingContextCustomizer@0, org.springframework.boot.test.autoconfigure.web.servlet.WebDriverContextCustomizerFactory$Customizer@7a67e3c6, org.springframework.boot.test.context.filter.ExcludeFilterContextCustomizer@600b90df, org.springframework.boot.test.json.DuplicateJsonObjectContextCustomizerFactory$DuplicateJsonObjectContextCustomizer@78d6692f, org.springframework.boot.test.mock.mockito.MockitoContextCustomizer@109c0f18], contextLoader = 'org.springframework.test.context.support.DelegatingSmartContextLoader', parent = [null]]]
01:05:36.287 [Test worker] DEBUG org.springframework.test.context.cache - Spring test ApplicationContext cache statistics: [DefaultContextCache@1ffcf674 size = 1, maxSize = 32, parentContextCount = 0, hitCount = 74, missCount = 1]
01:05:36.288 [Test worker] DEBUG org.springframework.test.context.support.AbstractDirtiesContextTestExecutionListener - Before test method: context [DefaultTestContext@33308786 testClass = UserServiceTest, testInstance = org.waldreg.user.management.UserServiceTest@3b2f4a93, testMethod = READ_ALL_USER_SUCCESS_TEST@UserServiceTest, testException = [null], mergedContextConfiguration = [MergedContextConfiguration@4f9a2c08 testClass = UserServiceTest, locations = '{}', classes = '{class org.waldreg.user.management.DefaultUserManager}', contextInitializerClasses = '[]', activeProfiles = '{}', propertySourceLocations = '{}', propertySourceProperties = '{}', contextCustomizers = set[org.springframework.boot.test.autoconfigure.actuate.metrics.MetricsExportContextCustomizerFactory$DisableMetricExportContextCustomizer@39ac0c0a, org.springframework.boot.test.autoconfigure.properties.PropertyMappingContextCustomizer@0, org.springframework.boot.test.autoconfigure.web.servlet.WebDriverContextCustomizerFactory$Customizer@7a67e3c6, org.springframework.boot.test.context.filter.ExcludeFilterContextCustomizer@600b90df, org.springframework.boot.test.json.DuplicateJsonObjectContextCustomizerFactory$DuplicateJsonObjectContextCustomizer@78d6692f, org.springframework.boot.test.mock.mockito.MockitoContextCustomizer@109c0f18], contextLoader = 'org.springframework.test.context.support.DelegatingSmartContextLoader', parent = [null]], attributes = map['org.springframework.test.context.event.ApplicationEventsTestExecutionListener.recordApplicationEvents' -> false]], class annotated with @DirtiesContext [false] with mode [null], method annotated with @DirtiesContext [false] with mode [null].
01:05:36.288 [Test worker] DEBUG org.springframework.test.context.cache.DefaultCacheAwareContextLoaderDelegate - Retrieved ApplicationContext [774895395] from cache with key [[MergedContextConfiguration@4f9a2c08 testClass = UserServiceTest, locations = '{}', classes = '{class org.waldreg.user.management.DefaultUserManager}', contextInitializerClasses = '[]', activeProfiles = '{}', propertySourceLocations = '{}', propertySourceProperties = '{}', contextCustomizers = set[org.springframework.boot.test.autoconfigure.actuate.metrics.MetricsExportContextCustomizerFactory$DisableMetricExportContextCustomizer@39ac0c0a, org.springframework.boot.test.autoconfigure.properties.PropertyMappingContextCustomizer@0, org.springframework.boot.test.autoconfigure.web.servlet.WebDriverContextCustomizerFactory$Customizer@7a67e3c6, org.springframework.boot.test.context.filter.ExcludeFilterContextCustomizer@600b90df, org.springframework.boot.test.json.DuplicateJsonObjectContextCustomizerFactory$DuplicateJsonObjectContextCustomizer@78d6692f, org.springframework.boot.test.mock.mockito.MockitoContextCustomizer@109c0f18], contextLoader = 'org.springframework.test.context.support.DelegatingSmartContextLoader', parent = [null]]]
01:05:36.288 [Test worker] DEBUG org.springframework.test.context.cache - Spring test ApplicationContext cache statistics: [DefaultContextCache@1ffcf674 size = 1, maxSize = 32, parentContextCount = 0, hitCount = 75, missCount = 1]
01:05:36.296 [Test worker] DEBUG org.springframework.test.context.cache.DefaultCacheAwareContextLoaderDelegate - Retrieved ApplicationContext [774895395] from cache with key [[MergedContextConfiguration@4f9a2c08 testClass = UserServiceTest, locations = '{}', classes = '{class org.waldreg.user.management.DefaultUserManager}', contextInitializerClasses = '[]', activeProfiles = '{}', propertySourceLocations = '{}', propertySourceProperties = '{}', contextCustomizers = set[org.springframework.boot.test.autoconfigure.actuate.metrics.MetricsExportContextCustomizerFactory$DisableMetricExportContextCustomizer@39ac0c0a, org.springframework.boot.test.autoconfigure.properties.PropertyMappingContextCustomizer@0, org.springframework.boot.test.autoconfigure.web.servlet.WebDriverContextCustomizerFactory$Customizer@7a67e3c6, org.springframework.boot.test.context.filter.ExcludeFilterContextCustomizer@600b90df, org.springframework.boot.test.json.DuplicateJsonObjectContextCustomizerFactory$DuplicateJsonObjectContextCustomizer@78d6692f, org.springframework.boot.test.mock.mockito.MockitoContextCustomizer@109c0f18], contextLoader = 'org.springframework.test.context.support.DelegatingSmartContextLoader', parent = [null]]]
01:05:36.296 [Test worker] DEBUG org.springframework.test.context.cache - Spring test ApplicationContext cache statistics: [DefaultContextCache@1ffcf674 size = 1, maxSize = 32, parentContextCount = 0, hitCount = 76, missCount = 1]
01:05:36.297 [Test worker] DEBUG org.springframework.test.context.cache.DefaultCacheAwareContextLoaderDelegate - Retrieved ApplicationContext [774895395] from cache with key [[MergedContextConfiguration@4f9a2c08 testClass = UserServiceTest, locations = '{}', classes = '{class org.waldreg.user.management.DefaultUserManager}', contextInitializerClasses = '[]', activeProfiles = '{}', propertySourceLocations = '{}', propertySourceProperties = '{}', contextCustomizers = set[org.springframework.boot.test.autoconfigure.actuate.metrics.MetricsExportContextCustomizerFactory$DisableMetricExportContextCustomizer@39ac0c0a, org.springframework.boot.test.autoconfigure.properties.PropertyMappingContextCustomizer@0, org.springframework.boot.test.autoconfigure.web.servlet.WebDriverContextCustomizerFactory$Customizer@7a67e3c6, org.springframework.boot.test.context.filter.ExcludeFilterContextCustomizer@600b90df, org.springframework.boot.test.json.DuplicateJsonObjectContextCustomizerFactory$DuplicateJsonObjectContextCustomizer@78d6692f, org.springframework.boot.test.mock.mockito.MockitoContextCustomizer@109c0f18], contextLoader = 'org.springframework.test.context.support.DelegatingSmartContextLoader', parent = [null]]]
01:05:36.297 [Test worker] DEBUG org.springframework.test.context.cache - Spring test ApplicationContext cache statistics: [DefaultContextCache@1ffcf674 size = 1, maxSize = 32, parentContextCount = 0, hitCount = 77, missCount = 1]
01:05:36.299 [Test worker] DEBUG org.springframework.test.context.cache.DefaultCacheAwareContextLoaderDelegate - Retrieved ApplicationContext [774895395] from cache with key [[MergedContextConfiguration@4f9a2c08 testClass = UserServiceTest, locations = '{}', classes = '{class org.waldreg.user.management.DefaultUserManager}', contextInitializerClasses = '[]', activeProfiles = '{}', propertySourceLocations = '{}', propertySourceProperties = '{}', contextCustomizers = set[org.springframework.boot.test.autoconfigure.actuate.metrics.MetricsExportContextCustomizerFactory$DisableMetricExportContextCustomizer@39ac0c0a, org.springframework.boot.test.autoconfigure.properties.PropertyMappingContextCustomizer@0, org.springframework.boot.test.autoconfigure.web.servlet.WebDriverContextCustomizerFactory$Customizer@7a67e3c6, org.springframework.boot.test.context.filter.ExcludeFilterContextCustomizer@600b90df, org.springframework.boot.test.json.DuplicateJsonObjectContextCustomizerFactory$DuplicateJsonObjectContextCustomizer@78d6692f, org.springframework.boot.test.mock.mockito.MockitoContextCustomizer@109c0f18], contextLoader = 'org.springframework.test.context.support.DelegatingSmartContextLoader', parent = [null]]]
01:05:36.299 [Test worker] DEBUG org.springframework.test.context.cache - Spring test ApplicationContext cache statistics: [DefaultContextCache@1ffcf674 size = 1, maxSize = 32, parentContextCount = 0, hitCount = 78, missCount = 1]
01:05:36.299 [Test worker] DEBUG org.springframework.test.context.cache.DefaultCacheAwareContextLoaderDelegate - Retrieved ApplicationContext [774895395] from cache with key [[MergedContextConfiguration@4f9a2c08 testClass = UserServiceTest, locations = '{}', classes = '{class org.waldreg.user.management.DefaultUserManager}', contextInitializerClasses = '[]', activeProfiles = '{}', propertySourceLocations = '{}', propertySourceProperties = '{}', contextCustomizers = set[org.springframework.boot.test.autoconfigure.actuate.metrics.MetricsExportContextCustomizerFactory$DisableMetricExportContextCustomizer@39ac0c0a, org.springframework.boot.test.autoconfigure.properties.PropertyMappingContextCustomizer@0, org.springframework.boot.test.autoconfigure.web.servlet.WebDriverContextCustomizerFactory$Customizer@7a67e3c6, org.springframework.boot.test.context.filter.ExcludeFilterContextCustomizer@600b90df, org.springframework.boot.test.json.DuplicateJsonObjectContextCustomizerFactory$DuplicateJsonObjectContextCustomizer@78d6692f, org.springframework.boot.test.mock.mockito.MockitoContextCustomizer@109c0f18], contextLoader = 'org.springframework.test.context.support.DelegatingSmartContextLoader', parent = [null]]]
01:05:36.299 [Test worker] DEBUG org.springframework.test.context.cache - Spring test ApplicationContext cache statistics: [DefaultContextCache@1ffcf674 size = 1, maxSize = 32, parentContextCount = 0, hitCount = 79, missCount = 1]
01:05:36.308 [Test worker] DEBUG org.springframework.test.context.cache.DefaultCacheAwareContextLoaderDelegate - Retrieved ApplicationContext [774895395] from cache with key [[MergedContextConfiguration@4f9a2c08 testClass = UserServiceTest, locations = '{}', classes = '{class org.waldreg.user.management.DefaultUserManager}', contextInitializerClasses = '[]', activeProfiles = '{}', propertySourceLocations = '{}', propertySourceProperties = '{}', contextCustomizers = set[org.springframework.boot.test.autoconfigure.actuate.metrics.MetricsExportContextCustomizerFactory$DisableMetricExportContextCustomizer@39ac0c0a, org.springframework.boot.test.autoconfigure.properties.PropertyMappingContextCustomizer@0, org.springframework.boot.test.autoconfigure.web.servlet.WebDriverContextCustomizerFactory$Customizer@7a67e3c6, org.springframework.boot.test.context.filter.ExcludeFilterContextCustomizer@600b90df, org.springframework.boot.test.json.DuplicateJsonObjectContextCustomizerFactory$DuplicateJsonObjectContextCustomizer@78d6692f, org.springframework.boot.test.mock.mockito.MockitoContextCustomizer@109c0f18], contextLoader = 'org.springframework.test.context.support.DelegatingSmartContextLoader', parent = [null]]]
01:05:36.308 [Test worker] DEBUG org.springframework.test.context.cache - Spring test ApplicationContext cache statistics: [DefaultContextCache@1ffcf674 size = 1, maxSize = 32, parentContextCount = 0, hitCount = 80, missCount = 1]
01:05:36.308 [Test worker] DEBUG org.springframework.test.context.cache.DefaultCacheAwareContextLoaderDelegate - Retrieved ApplicationContext [774895395] from cache with key [[MergedContextConfiguration@4f9a2c08 testClass = UserServiceTest, locations = '{}', classes = '{class org.waldreg.user.management.DefaultUserManager}', contextInitializerClasses = '[]', activeProfiles = '{}', propertySourceLocations = '{}', propertySourceProperties = '{}', contextCustomizers = set[org.springframework.boot.test.autoconfigure.actuate.metrics.MetricsExportContextCustomizerFactory$DisableMetricExportContextCustomizer@39ac0c0a, org.springframework.boot.test.autoconfigure.properties.PropertyMappingContextCustomizer@0, org.springframework.boot.test.autoconfigure.web.servlet.WebDriverContextCustomizerFactory$Customizer@7a67e3c6, org.springframework.boot.test.context.filter.ExcludeFilterContextCustomizer@600b90df, org.springframework.boot.test.json.DuplicateJsonObjectContextCustomizerFactory$DuplicateJsonObjectContextCustomizer@78d6692f, org.springframework.boot.test.mock.mockito.MockitoContextCustomizer@109c0f18], contextLoader = 'org.springframework.test.context.support.DelegatingSmartContextLoader', parent = [null]]]
01:05:36.308 [Test worker] DEBUG org.springframework.test.context.cache - Spring test ApplicationContext cache statistics: [DefaultContextCache@1ffcf674 size = 1, maxSize = 32, parentContextCount = 0, hitCount = 81, missCount = 1]
01:05:36.308 [Test worker] DEBUG org.springframework.test.context.cache.DefaultCacheAwareContextLoaderDelegate - Retrieved ApplicationContext [774895395] from cache with key [[MergedContextConfiguration@4f9a2c08 testClass = UserServiceTest, locations = '{}', classes = '{class org.waldreg.user.management.DefaultUserManager}', contextInitializerClasses = '[]', activeProfiles = '{}', propertySourceLocations = '{}', propertySourceProperties = '{}', contextCustomizers = set[org.springframework.boot.test.autoconfigure.actuate.metrics.MetricsExportContextCustomizerFactory$DisableMetricExportContextCustomizer@39ac0c0a, org.springframework.boot.test.autoconfigure.properties.PropertyMappingContextCustomizer@0, org.springframework.boot.test.autoconfigure.web.servlet.WebDriverContextCustomizerFactory$Customizer@7a67e3c6, org.springframework.boot.test.context.filter.ExcludeFilterContextCustomizer@600b90df, org.springframework.boot.test.json.DuplicateJsonObjectContextCustomizerFactory$DuplicateJsonObjectContextCustomizer@78d6692f, org.springframework.boot.test.mock.mockito.MockitoContextCustomizer@109c0f18], contextLoader = 'org.springframework.test.context.support.DelegatingSmartContextLoader', parent = [null]]]
01:05:36.308 [Test worker] DEBUG org.springframework.test.context.cache - Spring test ApplicationContext cache statistics: [DefaultContextCache@1ffcf674 size = 1, maxSize = 32, parentContextCount = 0, hitCount = 82, missCount = 1]
01:05:36.317 [Test worker] DEBUG org.springframework.test.context.cache.DefaultCacheAwareContextLoaderDelegate - Retrieved ApplicationContext [774895395] from cache with key [[MergedContextConfiguration@4f9a2c08 testClass = UserServiceTest, locations = '{}', classes = '{class org.waldreg.user.management.DefaultUserManager}', contextInitializerClasses = '[]', activeProfiles = '{}', propertySourceLocations = '{}', propertySourceProperties = '{}', contextCustomizers = set[org.springframework.boot.test.autoconfigure.actuate.metrics.MetricsExportContextCustomizerFactory$DisableMetricExportContextCustomizer@39ac0c0a, org.springframework.boot.test.autoconfigure.properties.PropertyMappingContextCustomizer@0, org.springframework.boot.test.autoconfigure.web.servlet.WebDriverContextCustomizerFactory$Customizer@7a67e3c6, org.springframework.boot.test.context.filter.ExcludeFilterContextCustomizer@600b90df, org.springframework.boot.test.json.DuplicateJsonObjectContextCustomizerFactory$DuplicateJsonObjectContextCustomizer@78d6692f, org.springframework.boot.test.mock.mockito.MockitoContextCustomizer@109c0f18], contextLoader = 'org.springframework.test.context.support.DelegatingSmartContextLoader', parent = [null]]]
01:05:36.318 [Test worker] DEBUG org.springframework.test.context.cache - Spring test ApplicationContext cache statistics: [DefaultContextCache@1ffcf674 size = 1, maxSize = 32, parentContextCount = 0, hitCount = 83, missCount = 1]
01:05:36.318 [Test worker] DEBUG org.springframework.test.context.support.AbstractDirtiesContextTestExecutionListener - After test method: context [DefaultTestContext@33308786 testClass = UserServiceTest, testInstance = org.waldreg.user.management.UserServiceTest@3b2f4a93, testMethod = READ_ALL_USER_SUCCESS_TEST@UserServiceTest, testException = [null], mergedContextConfiguration = [MergedContextConfiguration@4f9a2c08 testClass = UserServiceTest, locations = '{}', classes = '{class org.waldreg.user.management.DefaultUserManager}', contextInitializerClasses = '[]', activeProfiles = '{}', propertySourceLocations = '{}', propertySourceProperties = '{}', contextCustomizers = set[org.springframework.boot.test.autoconfigure.actuate.metrics.MetricsExportContextCustomizerFactory$DisableMetricExportContextCustomizer@39ac0c0a, org.springframework.boot.test.autoconfigure.properties.PropertyMappingContextCustomizer@0, org.springframework.boot.test.autoconfigure.web.servlet.WebDriverContextCustomizerFactory$Customizer@7a67e3c6, org.springframework.boot.test.context.filter.ExcludeFilterContextCustomizer@600b90df, org.springframework.boot.test.json.DuplicateJsonObjectContextCustomizerFactory$DuplicateJsonObjectContextCustomizer@78d6692f, org.springframework.boot.test.mock.mockito.MockitoContextCustomizer@109c0f18], contextLoader = 'org.springframework.test.context.support.DelegatingSmartContextLoader', parent = [null]], attributes = map['org.springframework.test.context.event.ApplicationEventsTestExecutionListener.recordApplicationEvents' -> false]], class annotated with @DirtiesContext [false] with mode [null], method annotated with @DirtiesContext [false] with mode [null].
01:05:36.320 [Test worker] DEBUG org.springframework.test.context.cache.DefaultCacheAwareContextLoaderDelegate - Retrieved ApplicationContext [774895395] from cache with key [[MergedContextConfiguration@4f9a2c08 testClass = UserServiceTest, locations = '{}', classes = '{class org.waldreg.user.management.DefaultUserManager}', contextInitializerClasses = '[]', activeProfiles = '{}', propertySourceLocations = '{}', propertySourceProperties = '{}', contextCustomizers = set[org.springframework.boot.test.autoconfigure.actuate.metrics.MetricsExportContextCustomizerFactory$DisableMetricExportContextCustomizer@39ac0c0a, org.springframework.boot.test.autoconfigure.properties.PropertyMappingContextCustomizer@0, org.springframework.boot.test.autoconfigure.web.servlet.WebDriverContextCustomizerFactory$Customizer@7a67e3c6, org.springframework.boot.test.context.filter.ExcludeFilterContextCustomizer@600b90df, org.springframework.boot.test.json.DuplicateJsonObjectContextCustomizerFactory$DuplicateJsonObjectContextCustomizer@78d6692f, org.springframework.boot.test.mock.mockito.MockitoContextCustomizer@109c0f18], contextLoader = 'org.springframework.test.context.support.DelegatingSmartContextLoader', parent = [null]]]
01:05:36.320 [Test worker] DEBUG org.springframework.test.context.cache - Spring test ApplicationContext cache statistics: [DefaultContextCache@1ffcf674 size = 1, maxSize = 32, parentContextCount = 0, hitCount = 84, missCount = 1]
01:05:36.320 [Test worker] DEBUG org.springframework.test.context.support.DependencyInjectionTestExecutionListener - Performing dependency injection for test context [[DefaultTestContext@33308786 testClass = UserServiceTest, testInstance = org.waldreg.user.management.UserServiceTest@7bebcd65, testMethod = [null], testException = [null], mergedContextConfiguration = [MergedContextConfiguration@4f9a2c08 testClass = UserServiceTest, locations = '{}', classes = '{class org.waldreg.user.management.DefaultUserManager}', contextInitializerClasses = '[]', activeProfiles = '{}', propertySourceLocations = '{}', propertySourceProperties = '{}', contextCustomizers = set[org.springframework.boot.test.autoconfigure.actuate.metrics.MetricsExportContextCustomizerFactory$DisableMetricExportContextCustomizer@39ac0c0a, org.springframework.boot.test.autoconfigure.properties.PropertyMappingContextCustomizer@0, org.springframework.boot.test.autoconfigure.web.servlet.WebDriverContextCustomizerFactory$Customizer@7a67e3c6, org.springframework.boot.test.context.filter.ExcludeFilterContextCustomizer@600b90df, org.springframework.boot.test.json.DuplicateJsonObjectContextCustomizerFactory$DuplicateJsonObjectContextCustomizer@78d6692f, org.springframework.boot.test.mock.mockito.MockitoContextCustomizer@109c0f18], contextLoader = 'org.springframework.test.context.support.DelegatingSmartContextLoader', parent = [null]], attributes = map['org.springframework.test.context.event.ApplicationEventsTestExecutionListener.recordApplicationEvents' -> false]]].
01:05:36.320 [Test worker] DEBUG org.springframework.test.context.cache.DefaultCacheAwareContextLoaderDelegate - Retrieved ApplicationContext [774895395] from cache with key [[MergedContextConfiguration@4f9a2c08 testClass = UserServiceTest, locations = '{}', classes = '{class org.waldreg.user.management.DefaultUserManager}', contextInitializerClasses = '[]', activeProfiles = '{}', propertySourceLocations = '{}', propertySourceProperties = '{}', contextCustomizers = set[org.springframework.boot.test.autoconfigure.actuate.metrics.MetricsExportContextCustomizerFactory$DisableMetricExportContextCustomizer@39ac0c0a, org.springframework.boot.test.autoconfigure.properties.PropertyMappingContextCustomizer@0, org.springframework.boot.test.autoconfigure.web.servlet.WebDriverContextCustomizerFactory$Customizer@7a67e3c6, org.springframework.boot.test.context.filter.ExcludeFilterContextCustomizer@600b90df, org.springframework.boot.test.json.DuplicateJsonObjectContextCustomizerFactory$DuplicateJsonObjectContextCustomizer@78d6692f, org.springframework.boot.test.mock.mockito.MockitoContextCustomizer@109c0f18], contextLoader = 'org.springframework.test.context.support.DelegatingSmartContextLoader', parent = [null]]]
01:05:36.320 [Test worker] DEBUG org.springframework.test.context.cache - Spring test ApplicationContext cache statistics: [DefaultContextCache@1ffcf674 size = 1, maxSize = 32, parentContextCount = 0, hitCount = 85, missCount = 1]
01:05:36.321 [Test worker] DEBUG org.springframework.test.context.cache.DefaultCacheAwareContextLoaderDelegate - Retrieved ApplicationContext [774895395] from cache with key [[MergedContextConfiguration@4f9a2c08 testClass = UserServiceTest, locations = '{}', classes = '{class org.waldreg.user.management.DefaultUserManager}', contextInitializerClasses = '[]', activeProfiles = '{}', propertySourceLocations = '{}', propertySourceProperties = '{}', contextCustomizers = set[org.springframework.boot.test.autoconfigure.actuate.metrics.MetricsExportContextCustomizerFactory$DisableMetricExportContextCustomizer@39ac0c0a, org.springframework.boot.test.autoconfigure.properties.PropertyMappingContextCustomizer@0, org.springframework.boot.test.autoconfigure.web.servlet.WebDriverContextCustomizerFactory$Customizer@7a67e3c6, org.springframework.boot.test.context.filter.ExcludeFilterContextCustomizer@600b90df, org.springframework.boot.test.json.DuplicateJsonObjectContextCustomizerFactory$DuplicateJsonObjectContextCustomizer@78d6692f, org.springframework.boot.test.mock.mockito.MockitoContextCustomizer@109c0f18], contextLoader = 'org.springframework.test.context.support.DelegatingSmartContextLoader', parent = [null]]]
01:05:36.321 [Test worker] DEBUG org.springframework.test.context.cache - Spring test ApplicationContext cache statistics: [DefaultContextCache@1ffcf674 size = 1, maxSize = 32, parentContextCount = 0, hitCount = 86, missCount = 1]
01:05:36.322 [Test worker] DEBUG org.springframework.test.context.support.AbstractDirtiesContextTestExecutionListener - Before test method: context [DefaultTestContext@33308786 testClass = UserServiceTest, testInstance = org.waldreg.user.management.UserServiceTest@7bebcd65, testMethod = DELETE_OTHER_USER_SUCCESS_TEST@UserServiceTest, testException = [null], mergedContextConfiguration = [MergedContextConfiguration@4f9a2c08 testClass = UserServiceTest, locations = '{}', classes = '{class org.waldreg.user.management.DefaultUserManager}', contextInitializerClasses = '[]', activeProfiles = '{}', propertySourceLocations = '{}', propertySourceProperties = '{}', contextCustomizers = set[org.springframework.boot.test.autoconfigure.actuate.metrics.MetricsExportContextCustomizerFactory$DisableMetricExportContextCustomizer@39ac0c0a, org.springframework.boot.test.autoconfigure.properties.PropertyMappingContextCustomizer@0, org.springframework.boot.test.autoconfigure.web.servlet.WebDriverContextCustomizerFactory$Customizer@7a67e3c6, org.springframework.boot.test.context.filter.ExcludeFilterContextCustomizer@600b90df, org.springframework.boot.test.json.DuplicateJsonObjectContextCustomizerFactory$DuplicateJsonObjectContextCustomizer@78d6692f, org.springframework.boot.test.mock.mockito.MockitoContextCustomizer@109c0f18], contextLoader = 'org.springframework.test.context.support.DelegatingSmartContextLoader', parent = [null]], attributes = map['org.springframework.test.context.event.ApplicationEventsTestExecutionListener.recordApplicationEvents' -> false]], class annotated with @DirtiesContext [false] with mode [null], method annotated with @DirtiesContext [false] with mode [null].
01:05:36.322 [Test worker] DEBUG org.springframework.test.context.cache.DefaultCacheAwareContextLoaderDelegate - Retrieved ApplicationContext [774895395] from cache with key [[MergedContextConfiguration@4f9a2c08 testClass = UserServiceTest, locations = '{}', classes = '{class org.waldreg.user.management.DefaultUserManager}', contextInitializerClasses = '[]', activeProfiles = '{}', propertySourceLocations = '{}', propertySourceProperties = '{}', contextCustomizers = set[org.springframework.boot.test.autoconfigure.actuate.metrics.MetricsExportContextCustomizerFactory$DisableMetricExportContextCustomizer@39ac0c0a, org.springframework.boot.test.autoconfigure.properties.PropertyMappingContextCustomizer@0, org.springframework.boot.test.autoconfigure.web.servlet.WebDriverContextCustomizerFactory$Customizer@7a67e3c6, org.springframework.boot.test.context.filter.ExcludeFilterContextCustomizer@600b90df, org.springframework.boot.test.json.DuplicateJsonObjectContextCustomizerFactory$DuplicateJsonObjectContextCustomizer@78d6692f, org.springframework.boot.test.mock.mockito.MockitoContextCustomizer@109c0f18], contextLoader = 'org.springframework.test.context.support.DelegatingSmartContextLoader', parent = [null]]]
01:05:36.322 [Test worker] DEBUG org.springframework.test.context.cache - Spring test ApplicationContext cache statistics: [DefaultContextCache@1ffcf674 size = 1, maxSize = 32, parentContextCount = 0, hitCount = 87, missCount = 1]
01:05:36.332 [Test worker] DEBUG org.springframework.test.context.cache.DefaultCacheAwareContextLoaderDelegate - Retrieved ApplicationContext [774895395] from cache with key [[MergedContextConfiguration@4f9a2c08 testClass = UserServiceTest, locations = '{}', classes = '{class org.waldreg.user.management.DefaultUserManager}', contextInitializerClasses = '[]', activeProfiles = '{}', propertySourceLocations = '{}', propertySourceProperties = '{}', contextCustomizers = set[org.springframework.boot.test.autoconfigure.actuate.metrics.MetricsExportContextCustomizerFactory$DisableMetricExportContextCustomizer@39ac0c0a, org.springframework.boot.test.autoconfigure.properties.PropertyMappingContextCustomizer@0, org.springframework.boot.test.autoconfigure.web.servlet.WebDriverContextCustomizerFactory$Customizer@7a67e3c6, org.springframework.boot.test.context.filter.ExcludeFilterContextCustomizer@600b90df, org.springframework.boot.test.json.DuplicateJsonObjectContextCustomizerFactory$DuplicateJsonObjectContextCustomizer@78d6692f, org.springframework.boot.test.mock.mockito.MockitoContextCustomizer@109c0f18], contextLoader = 'org.springframework.test.context.support.DelegatingSmartContextLoader', parent = [null]]]
01:05:36.332 [Test worker] DEBUG org.springframework.test.context.cache - Spring test ApplicationContext cache statistics: [DefaultContextCache@1ffcf674 size = 1, maxSize = 32, parentContextCount = 0, hitCount = 88, missCount = 1]
01:05:36.333 [Test worker] DEBUG org.springframework.test.context.cache.DefaultCacheAwareContextLoaderDelegate - Retrieved ApplicationContext [774895395] from cache with key [[MergedContextConfiguration@4f9a2c08 testClass = UserServiceTest, locations = '{}', classes = '{class org.waldreg.user.management.DefaultUserManager}', contextInitializerClasses = '[]', activeProfiles = '{}', propertySourceLocations = '{}', propertySourceProperties = '{}', contextCustomizers = set[org.springframework.boot.test.autoconfigure.actuate.metrics.MetricsExportContextCustomizerFactory$DisableMetricExportContextCustomizer@39ac0c0a, org.springframework.boot.test.autoconfigure.properties.PropertyMappingContextCustomizer@0, org.springframework.boot.test.autoconfigure.web.servlet.WebDriverContextCustomizerFactory$Customizer@7a67e3c6, org.springframework.boot.test.context.filter.ExcludeFilterContextCustomizer@600b90df, org.springframework.boot.test.json.DuplicateJsonObjectContextCustomizerFactory$DuplicateJsonObjectContextCustomizer@78d6692f, org.springframework.boot.test.mock.mockito.MockitoContextCustomizer@109c0f18], contextLoader = 'org.springframework.test.context.support.DelegatingSmartContextLoader', parent = [null]]]
01:05:36.333 [Test worker] DEBUG org.springframework.test.context.cache - Spring test ApplicationContext cache statistics: [DefaultContextCache@1ffcf674 size = 1, maxSize = 32, parentContextCount = 0, hitCount = 89, missCount = 1]
01:05:36.334 [Test worker] DEBUG org.springframework.test.context.cache.DefaultCacheAwareContextLoaderDelegate - Retrieved ApplicationContext [774895395] from cache with key [[MergedContextConfiguration@4f9a2c08 testClass = UserServiceTest, locations = '{}', classes = '{class org.waldreg.user.management.DefaultUserManager}', contextInitializerClasses = '[]', activeProfiles = '{}', propertySourceLocations = '{}', propertySourceProperties = '{}', contextCustomizers = set[org.springframework.boot.test.autoconfigure.actuate.metrics.MetricsExportContextCustomizerFactory$DisableMetricExportContextCustomizer@39ac0c0a, org.springframework.boot.test.autoconfigure.properties.PropertyMappingContextCustomizer@0, org.springframework.boot.test.autoconfigure.web.servlet.WebDriverContextCustomizerFactory$Customizer@7a67e3c6, org.springframework.boot.test.context.filter.ExcludeFilterContextCustomizer@600b90df, org.springframework.boot.test.json.DuplicateJsonObjectContextCustomizerFactory$DuplicateJsonObjectContextCustomizer@78d6692f, org.springframework.boot.test.mock.mockito.MockitoContextCustomizer@109c0f18], contextLoader = 'org.springframework.test.context.support.DelegatingSmartContextLoader', parent = [null]]]
01:05:36.334 [Test worker] DEBUG org.springframework.test.context.cache - Spring test ApplicationContext cache statistics: [DefaultContextCache@1ffcf674 size = 1, maxSize = 32, parentContextCount = 0, hitCount = 90, missCount = 1]
01:05:36.334 [Test worker] DEBUG org.springframework.test.context.cache.DefaultCacheAwareContextLoaderDelegate - Retrieved ApplicationContext [774895395] from cache with key [[MergedContextConfiguration@4f9a2c08 testClass = UserServiceTest, locations = '{}', classes = '{class org.waldreg.user.management.DefaultUserManager}', contextInitializerClasses = '[]', activeProfiles = '{}', propertySourceLocations = '{}', propertySourceProperties = '{}', contextCustomizers = set[org.springframework.boot.test.autoconfigure.actuate.metrics.MetricsExportContextCustomizerFactory$DisableMetricExportContextCustomizer@39ac0c0a, org.springframework.boot.test.autoconfigure.properties.PropertyMappingContextCustomizer@0, org.springframework.boot.test.autoconfigure.web.servlet.WebDriverContextCustomizerFactory$Customizer@7a67e3c6, org.springframework.boot.test.context.filter.ExcludeFilterContextCustomizer@600b90df, org.springframework.boot.test.json.DuplicateJsonObjectContextCustomizerFactory$DuplicateJsonObjectContextCustomizer@78d6692f, org.springframework.boot.test.mock.mockito.MockitoContextCustomizer@109c0f18], contextLoader = 'org.springframework.test.context.support.DelegatingSmartContextLoader', parent = [null]]]
01:05:36.334 [Test worker] DEBUG org.springframework.test.context.cache - Spring test ApplicationContext cache statistics: [DefaultContextCache@1ffcf674 size = 1, maxSize = 32, parentContextCount = 0, hitCount = 91, missCount = 1]
01:05:36.344 [Test worker] DEBUG org.springframework.test.context.cache.DefaultCacheAwareContextLoaderDelegate - Retrieved ApplicationContext [774895395] from cache with key [[MergedContextConfiguration@4f9a2c08 testClass = UserServiceTest, locations = '{}', classes = '{class org.waldreg.user.management.DefaultUserManager}', contextInitializerClasses = '[]', activeProfiles = '{}', propertySourceLocations = '{}', propertySourceProperties = '{}', contextCustomizers = set[org.springframework.boot.test.autoconfigure.actuate.metrics.MetricsExportContextCustomizerFactory$DisableMetricExportContextCustomizer@39ac0c0a, org.springframework.boot.test.autoconfigure.properties.PropertyMappingContextCustomizer@0, org.springframework.boot.test.autoconfigure.web.servlet.WebDriverContextCustomizerFactory$Customizer@7a67e3c6, org.springframework.boot.test.context.filter.ExcludeFilterContextCustomizer@600b90df, org.springframework.boot.test.json.DuplicateJsonObjectContextCustomizerFactory$DuplicateJsonObjectContextCustomizer@78d6692f, org.springframework.boot.test.mock.mockito.MockitoContextCustomizer@109c0f18], contextLoader = 'org.springframework.test.context.support.DelegatingSmartContextLoader', parent = [null]]]
01:05:36.344 [Test worker] DEBUG org.springframework.test.context.cache - Spring test ApplicationContext cache statistics: [DefaultContextCache@1ffcf674 size = 1, maxSize = 32, parentContextCount = 0, hitCount = 92, missCount = 1]
01:05:36.344 [Test worker] DEBUG org.springframework.test.context.cache.DefaultCacheAwareContextLoaderDelegate - Retrieved ApplicationContext [774895395] from cache with key [[MergedContextConfiguration@4f9a2c08 testClass = UserServiceTest, locations = '{}', classes = '{class org.waldreg.user.management.DefaultUserManager}', contextInitializerClasses = '[]', activeProfiles = '{}', propertySourceLocations = '{}', propertySourceProperties = '{}', contextCustomizers = set[org.springframework.boot.test.autoconfigure.actuate.metrics.MetricsExportContextCustomizerFactory$DisableMetricExportContextCustomizer@39ac0c0a, org.springframework.boot.test.autoconfigure.properties.PropertyMappingContextCustomizer@0, org.springframework.boot.test.autoconfigure.web.servlet.WebDriverContextCustomizerFactory$Customizer@7a67e3c6, org.springframework.boot.test.context.filter.ExcludeFilterContextCustomizer@600b90df, org.springframework.boot.test.json.DuplicateJsonObjectContextCustomizerFactory$DuplicateJsonObjectContextCustomizer@78d6692f, org.springframework.boot.test.mock.mockito.MockitoContextCustomizer@109c0f18], contextLoader = 'org.springframework.test.context.support.DelegatingSmartContextLoader', parent = [null]]]
01:05:36.344 [Test worker] DEBUG org.springframework.test.context.cache - Spring test ApplicationContext cache statistics: [DefaultContextCache@1ffcf674 size = 1, maxSize = 32, parentContextCount = 0, hitCount = 93, missCount = 1]
01:05:36.344 [Test worker] DEBUG org.springframework.test.context.cache.DefaultCacheAwareContextLoaderDelegate - Retrieved ApplicationContext [774895395] from cache with key [[MergedContextConfiguration@4f9a2c08 testClass = UserServiceTest, locations = '{}', classes = '{class org.waldreg.user.management.DefaultUserManager}', contextInitializerClasses = '[]', activeProfiles = '{}', propertySourceLocations = '{}', propertySourceProperties = '{}', contextCustomizers = set[org.springframework.boot.test.autoconfigure.actuate.metrics.MetricsExportContextCustomizerFactory$DisableMetricExportContextCustomizer@39ac0c0a, org.springframework.boot.test.autoconfigure.properties.PropertyMappingContextCustomizer@0, org.springframework.boot.test.autoconfigure.web.servlet.WebDriverContextCustomizerFactory$Customizer@7a67e3c6, org.springframework.boot.test.context.filter.ExcludeFilterContextCustomizer@600b90df, org.springframework.boot.test.json.DuplicateJsonObjectContextCustomizerFactory$DuplicateJsonObjectContextCustomizer@78d6692f, org.springframework.boot.test.mock.mockito.MockitoContextCustomizer@109c0f18], contextLoader = 'org.springframework.test.context.support.DelegatingSmartContextLoader', parent = [null]]]
01:05:36.344 [Test worker] DEBUG org.springframework.test.context.cache - Spring test ApplicationContext cache statistics: [DefaultContextCache@1ffcf674 size = 1, maxSize = 32, parentContextCount = 0, hitCount = 94, missCount = 1]
01:05:36.354 [Test worker] DEBUG org.springframework.test.context.cache.DefaultCacheAwareContextLoaderDelegate - Retrieved ApplicationContext [774895395] from cache with key [[MergedContextConfiguration@4f9a2c08 testClass = UserServiceTest, locations = '{}', classes = '{class org.waldreg.user.management.DefaultUserManager}', contextInitializerClasses = '[]', activeProfiles = '{}', propertySourceLocations = '{}', propertySourceProperties = '{}', contextCustomizers = set[org.springframework.boot.test.autoconfigure.actuate.metrics.MetricsExportContextCustomizerFactory$DisableMetricExportContextCustomizer@39ac0c0a, org.springframework.boot.test.autoconfigure.properties.PropertyMappingContextCustomizer@0, org.springframework.boot.test.autoconfigure.web.servlet.WebDriverContextCustomizerFactory$Customizer@7a67e3c6, org.springframework.boot.test.context.filter.ExcludeFilterContextCustomizer@600b90df, org.springframework.boot.test.json.DuplicateJsonObjectContextCustomizerFactory$DuplicateJsonObjectContextCustomizer@78d6692f, org.springframework.boot.test.mock.mockito.MockitoContextCustomizer@109c0f18], contextLoader = 'org.springframework.test.context.support.DelegatingSmartContextLoader', parent = [null]]]
01:05:36.354 [Test worker] DEBUG org.springframework.test.context.cache - Spring test ApplicationContext cache statistics: [DefaultContextCache@1ffcf674 size = 1, maxSize = 32, parentContextCount = 0, hitCount = 95, missCount = 1]
01:05:36.354 [Test worker] DEBUG org.springframework.test.context.support.AbstractDirtiesContextTestExecutionListener - After test method: context [DefaultTestContext@33308786 testClass = UserServiceTest, testInstance = org.waldreg.user.management.UserServiceTest@7bebcd65, testMethod = DELETE_OTHER_USER_SUCCESS_TEST@UserServiceTest, testException = [null], mergedContextConfiguration = [MergedContextConfiguration@4f9a2c08 testClass = UserServiceTest, locations = '{}', classes = '{class org.waldreg.user.management.DefaultUserManager}', contextInitializerClasses = '[]', activeProfiles = '{}', propertySourceLocations = '{}', propertySourceProperties = '{}', contextCustomizers = set[org.springframework.boot.test.autoconfigure.actuate.metrics.MetricsExportContextCustomizerFactory$DisableMetricExportContextCustomizer@39ac0c0a, org.springframework.boot.test.autoconfigure.properties.PropertyMappingContextCustomizer@0, org.springframework.boot.test.autoconfigure.web.servlet.WebDriverContextCustomizerFactory$Customizer@7a67e3c6, org.springframework.boot.test.context.filter.ExcludeFilterContextCustomizer@600b90df, org.springframework.boot.test.json.DuplicateJsonObjectContextCustomizerFactory$DuplicateJsonObjectContextCustomizer@78d6692f, org.springframework.boot.test.mock.mockito.MockitoContextCustomizer@109c0f18], contextLoader = 'org.springframework.test.context.support.DelegatingSmartContextLoader', parent = [null]], attributes = map['org.springframework.test.context.event.ApplicationEventsTestExecutionListener.recordApplicationEvents' -> false]], class annotated with @DirtiesContext [false] with mode [null], method annotated with @DirtiesContext [false] with mode [null].
01:05:36.355 [Test worker] DEBUG org.springframework.test.context.cache.DefaultCacheAwareContextLoaderDelegate - Retrieved ApplicationContext [774895395] from cache with key [[MergedContextConfiguration@4f9a2c08 testClass = UserServiceTest, locations = '{}', classes = '{class org.waldreg.user.management.DefaultUserManager}', contextInitializerClasses = '[]', activeProfiles = '{}', propertySourceLocations = '{}', propertySourceProperties = '{}', contextCustomizers = set[org.springframework.boot.test.autoconfigure.actuate.metrics.MetricsExportContextCustomizerFactory$DisableMetricExportContextCustomizer@39ac0c0a, org.springframework.boot.test.autoconfigure.properties.PropertyMappingContextCustomizer@0, org.springframework.boot.test.autoconfigure.web.servlet.WebDriverContextCustomizerFactory$Customizer@7a67e3c6, org.springframework.boot.test.context.filter.ExcludeFilterContextCustomizer@600b90df, org.springframework.boot.test.json.DuplicateJsonObjectContextCustomizerFactory$DuplicateJsonObjectContextCustomizer@78d6692f, org.springframework.boot.test.mock.mockito.MockitoContextCustomizer@109c0f18], contextLoader = 'org.springframework.test.context.support.DelegatingSmartContextLoader', parent = [null]]]
01:05:36.355 [Test worker] DEBUG org.springframework.test.context.cache - Spring test ApplicationContext cache statistics: [DefaultContextCache@1ffcf674 size = 1, maxSize = 32, parentContextCount = 0, hitCount = 96, missCount = 1]
01:05:36.355 [Test worker] DEBUG org.springframework.test.context.support.DependencyInjectionTestExecutionListener - Performing dependency injection for test context [[DefaultTestContext@33308786 testClass = UserServiceTest, testInstance = org.waldreg.user.management.UserServiceTest@7afb1741, testMethod = [null], testException = [null], mergedContextConfiguration = [MergedContextConfiguration@4f9a2c08 testClass = UserServiceTest, locations = '{}', classes = '{class org.waldreg.user.management.DefaultUserManager}', contextInitializerClasses = '[]', activeProfiles = '{}', propertySourceLocations = '{}', propertySourceProperties = '{}', contextCustomizers = set[org.springframework.boot.test.autoconfigure.actuate.metrics.MetricsExportContextCustomizerFactory$DisableMetricExportContextCustomizer@39ac0c0a, org.springframework.boot.test.autoconfigure.properties.PropertyMappingContextCustomizer@0, org.springframework.boot.test.autoconfigure.web.servlet.WebDriverContextCustomizerFactory$Customizer@7a67e3c6, org.springframework.boot.test.context.filter.ExcludeFilterContextCustomizer@600b90df, org.springframework.boot.test.json.DuplicateJsonObjectContextCustomizerFactory$DuplicateJsonObjectContextCustomizer@78d6692f, org.springframework.boot.test.mock.mockito.MockitoContextCustomizer@109c0f18], contextLoader = 'org.springframework.test.context.support.DelegatingSmartContextLoader', parent = [null]], attributes = map['org.springframework.test.context.event.ApplicationEventsTestExecutionListener.recordApplicationEvents' -> false]]].
01:05:36.355 [Test worker] DEBUG org.springframework.test.context.cache.DefaultCacheAwareContextLoaderDelegate - Retrieved ApplicationContext [774895395] from cache with key [[MergedContextConfiguration@4f9a2c08 testClass = UserServiceTest, locations = '{}', classes = '{class org.waldreg.user.management.DefaultUserManager}', contextInitializerClasses = '[]', activeProfiles = '{}', propertySourceLocations = '{}', propertySourceProperties = '{}', contextCustomizers = set[org.springframework.boot.test.autoconfigure.actuate.metrics.MetricsExportContextCustomizerFactory$DisableMetricExportContextCustomizer@39ac0c0a, org.springframework.boot.test.autoconfigure.properties.PropertyMappingContextCustomizer@0, org.springframework.boot.test.autoconfigure.web.servlet.WebDriverContextCustomizerFactory$Customizer@7a67e3c6, org.springframework.boot.test.context.filter.ExcludeFilterContextCustomizer@600b90df, org.springframework.boot.test.json.DuplicateJsonObjectContextCustomizerFactory$DuplicateJsonObjectContextCustomizer@78d6692f, org.springframework.boot.test.mock.mockito.MockitoContextCustomizer@109c0f18], contextLoader = 'org.springframework.test.context.support.DelegatingSmartContextLoader', parent = [null]]]
01:05:36.356 [Test worker] DEBUG org.springframework.test.context.cache - Spring test ApplicationContext cache statistics: [DefaultContextCache@1ffcf674 size = 1, maxSize = 32, parentContextCount = 0, hitCount = 97, missCount = 1]
01:05:36.356 [Test worker] DEBUG org.springframework.test.context.cache.DefaultCacheAwareContextLoaderDelegate - Retrieved ApplicationContext [774895395] from cache with key [[MergedContextConfiguration@4f9a2c08 testClass = UserServiceTest, locations = '{}', classes = '{class org.waldreg.user.management.DefaultUserManager}', contextInitializerClasses = '[]', activeProfiles = '{}', propertySourceLocations = '{}', propertySourceProperties = '{}', contextCustomizers = set[org.springframework.boot.test.autoconfigure.actuate.metrics.MetricsExportContextCustomizerFactory$DisableMetricExportContextCustomizer@39ac0c0a, org.springframework.boot.test.autoconfigure.properties.PropertyMappingContextCustomizer@0, org.springframework.boot.test.autoconfigure.web.servlet.WebDriverContextCustomizerFactory$Customizer@7a67e3c6, org.springframework.boot.test.context.filter.ExcludeFilterContextCustomizer@600b90df, org.springframework.boot.test.json.DuplicateJsonObjectContextCustomizerFactory$DuplicateJsonObjectContextCustomizer@78d6692f, org.springframework.boot.test.mock.mockito.MockitoContextCustomizer@109c0f18], contextLoader = 'org.springframework.test.context.support.DelegatingSmartContextLoader', parent = [null]]]
01:05:36.356 [Test worker] DEBUG org.springframework.test.context.cache - Spring test ApplicationContext cache statistics: [DefaultContextCache@1ffcf674 size = 1, maxSize = 32, parentContextCount = 0, hitCount = 98, missCount = 1]
01:05:36.357 [Test worker] DEBUG org.springframework.test.context.support.AbstractDirtiesContextTestExecutionListener - Before test method: context [DefaultTestContext@33308786 testClass = UserServiceTest, testInstance = org.waldreg.user.management.UserServiceTest@7afb1741, testMethod = UPDATE_USER_CHARACTER_SUCCESS_TEST@UserServiceTest, testException = [null], mergedContextConfiguration = [MergedContextConfiguration@4f9a2c08 testClass = UserServiceTest, locations = '{}', classes = '{class org.waldreg.user.management.DefaultUserManager}', contextInitializerClasses = '[]', activeProfiles = '{}', propertySourceLocations = '{}', propertySourceProperties = '{}', contextCustomizers = set[org.springframework.boot.test.autoconfigure.actuate.metrics.MetricsExportContextCustomizerFactory$DisableMetricExportContextCustomizer@39ac0c0a, org.springframework.boot.test.autoconfigure.properties.PropertyMappingContextCustomizer@0, org.springframework.boot.test.autoconfigure.web.servlet.WebDriverContextCustomizerFactory$Customizer@7a67e3c6, org.springframework.boot.test.context.filter.ExcludeFilterContextCustomizer@600b90df, org.springframework.boot.test.json.DuplicateJsonObjectContextCustomizerFactory$DuplicateJsonObjectContextCustomizer@78d6692f, org.springframework.boot.test.mock.mockito.MockitoContextCustomizer@109c0f18], contextLoader = 'org.springframework.test.context.support.DelegatingSmartContextLoader', parent = [null]], attributes = map['org.springframework.test.context.event.ApplicationEventsTestExecutionListener.recordApplicationEvents' -> false]], class annotated with @DirtiesContext [false] with mode [null], method annotated with @DirtiesContext [false] with mode [null].
01:05:36.357 [Test worker] DEBUG org.springframework.test.context.cache.DefaultCacheAwareContextLoaderDelegate - Retrieved ApplicationContext [774895395] from cache with key [[MergedContextConfiguration@4f9a2c08 testClass = UserServiceTest, locations = '{}', classes = '{class org.waldreg.user.management.DefaultUserManager}', contextInitializerClasses = '[]', activeProfiles = '{}', propertySourceLocations = '{}', propertySourceProperties = '{}', contextCustomizers = set[org.springframework.boot.test.autoconfigure.actuate.metrics.MetricsExportContextCustomizerFactory$DisableMetricExportContextCustomizer@39ac0c0a, org.springframework.boot.test.autoconfigure.properties.PropertyMappingContextCustomizer@0, org.springframework.boot.test.autoconfigure.web.servlet.WebDriverContextCustomizerFactory$Customizer@7a67e3c6, org.springframework.boot.test.context.filter.ExcludeFilterContextCustomizer@600b90df, org.springframework.boot.test.json.DuplicateJsonObjectContextCustomizerFactory$DuplicateJsonObjectContextCustomizer@78d6692f, org.springframework.boot.test.mock.mockito.MockitoContextCustomizer@109c0f18], contextLoader = 'org.springframework.test.context.support.DelegatingSmartContextLoader', parent = [null]]]
01:05:36.357 [Test worker] DEBUG org.springframework.test.context.cache - Spring test ApplicationContext cache statistics: [DefaultContextCache@1ffcf674 size = 1, maxSize = 32, parentContextCount = 0, hitCount = 99, missCount = 1]
01:05:36.366 [Test worker] DEBUG org.springframework.test.context.cache.DefaultCacheAwareContextLoaderDelegate - Retrieved ApplicationContext [774895395] from cache with key [[MergedContextConfiguration@4f9a2c08 testClass = UserServiceTest, locations = '{}', classes = '{class org.waldreg.user.management.DefaultUserManager}', contextInitializerClasses = '[]', activeProfiles = '{}', propertySourceLocations = '{}', propertySourceProperties = '{}', contextCustomizers = set[org.springframework.boot.test.autoconfigure.actuate.metrics.MetricsExportContextCustomizerFactory$DisableMetricExportContextCustomizer@39ac0c0a, org.springframework.boot.test.autoconfigure.properties.PropertyMappingContextCustomizer@0, org.springframework.boot.test.autoconfigure.web.servlet.WebDriverContextCustomizerFactory$Customizer@7a67e3c6, org.springframework.boot.test.context.filter.ExcludeFilterContextCustomizer@600b90df, org.springframework.boot.test.json.DuplicateJsonObjectContextCustomizerFactory$DuplicateJsonObjectContextCustomizer@78d6692f, org.springframework.boot.test.mock.mockito.MockitoContextCustomizer@109c0f18], contextLoader = 'org.springframework.test.context.support.DelegatingSmartContextLoader', parent = [null]]]
01:05:36.366 [Test worker] DEBUG org.springframework.test.context.cache - Spring test ApplicationContext cache statistics: [DefaultContextCache@1ffcf674 size = 1, maxSize = 32, parentContextCount = 0, hitCount = 100, missCount = 1]
01:05:36.366 [Test worker] DEBUG org.springframework.test.context.cache.DefaultCacheAwareContextLoaderDelegate - Retrieved ApplicationContext [774895395] from cache with key [[MergedContextConfiguration@4f9a2c08 testClass = UserServiceTest, locations = '{}', classes = '{class org.waldreg.user.management.DefaultUserManager}', contextInitializerClasses = '[]', activeProfiles = '{}', propertySourceLocations = '{}', propertySourceProperties = '{}', contextCustomizers = set[org.springframework.boot.test.autoconfigure.actuate.metrics.MetricsExportContextCustomizerFactory$DisableMetricExportContextCustomizer@39ac0c0a, org.springframework.boot.test.autoconfigure.properties.PropertyMappingContextCustomizer@0, org.springframework.boot.test.autoconfigure.web.servlet.WebDriverContextCustomizerFactory$Customizer@7a67e3c6, org.springframework.boot.test.context.filter.ExcludeFilterContextCustomizer@600b90df, org.springframework.boot.test.json.DuplicateJsonObjectContextCustomizerFactory$DuplicateJsonObjectContextCustomizer@78d6692f, org.springframework.boot.test.mock.mockito.MockitoContextCustomizer@109c0f18], contextLoader = 'org.springframework.test.context.support.DelegatingSmartContextLoader', parent = [null]]]
01:05:36.366 [Test worker] DEBUG org.springframework.test.context.cache - Spring test ApplicationContext cache statistics: [DefaultContextCache@1ffcf674 size = 1, maxSize = 32, parentContextCount = 0, hitCount = 101, missCount = 1]
01:05:36.367 [Test worker] DEBUG org.springframework.test.context.cache.DefaultCacheAwareContextLoaderDelegate - Retrieved ApplicationContext [774895395] from cache with key [[MergedContextConfiguration@4f9a2c08 testClass = UserServiceTest, locations = '{}', classes = '{class org.waldreg.user.management.DefaultUserManager}', contextInitializerClasses = '[]', activeProfiles = '{}', propertySourceLocations = '{}', propertySourceProperties = '{}', contextCustomizers = set[org.springframework.boot.test.autoconfigure.actuate.metrics.MetricsExportContextCustomizerFactory$DisableMetricExportContextCustomizer@39ac0c0a, org.springframework.boot.test.autoconfigure.properties.PropertyMappingContextCustomizer@0, org.springframework.boot.test.autoconfigure.web.servlet.WebDriverContextCustomizerFactory$Customizer@7a67e3c6, org.springframework.boot.test.context.filter.ExcludeFilterContextCustomizer@600b90df, org.springframework.boot.test.json.DuplicateJsonObjectContextCustomizerFactory$DuplicateJsonObjectContextCustomizer@78d6692f, org.springframework.boot.test.mock.mockito.MockitoContextCustomizer@109c0f18], contextLoader = 'org.springframework.test.context.support.DelegatingSmartContextLoader', parent = [null]]]
01:05:36.368 [Test worker] DEBUG org.springframework.test.context.cache - Spring test ApplicationContext cache statistics: [DefaultContextCache@1ffcf674 size = 1, maxSize = 32, parentContextCount = 0, hitCount = 102, missCount = 1]
01:05:36.368 [Test worker] DEBUG org.springframework.test.context.cache.DefaultCacheAwareContextLoaderDelegate - Retrieved ApplicationContext [774895395] from cache with key [[MergedContextConfiguration@4f9a2c08 testClass = UserServiceTest, locations = '{}', classes = '{class org.waldreg.user.management.DefaultUserManager}', contextInitializerClasses = '[]', activeProfiles = '{}', propertySourceLocations = '{}', propertySourceProperties = '{}', contextCustomizers = set[org.springframework.boot.test.autoconfigure.actuate.metrics.MetricsExportContextCustomizerFactory$DisableMetricExportContextCustomizer@39ac0c0a, org.springframework.boot.test.autoconfigure.properties.PropertyMappingContextCustomizer@0, org.springframework.boot.test.autoconfigure.web.servlet.WebDriverContextCustomizerFactory$Customizer@7a67e3c6, org.springframework.boot.test.context.filter.ExcludeFilterContextCustomizer@600b90df, org.springframework.boot.test.json.DuplicateJsonObjectContextCustomizerFactory$DuplicateJsonObjectContextCustomizer@78d6692f, org.springframework.boot.test.mock.mockito.MockitoContextCustomizer@109c0f18], contextLoader = 'org.springframework.test.context.support.DelegatingSmartContextLoader', parent = [null]]]
01:05:36.368 [Test worker] DEBUG org.springframework.test.context.cache - Spring test ApplicationContext cache statistics: [DefaultContextCache@1ffcf674 size = 1, maxSize = 32, parentContextCount = 0, hitCount = 103, missCount = 1]
01:05:36.378 [Test worker] DEBUG org.springframework.test.context.cache.DefaultCacheAwareContextLoaderDelegate - Retrieved ApplicationContext [774895395] from cache with key [[MergedContextConfiguration@4f9a2c08 testClass = UserServiceTest, locations = '{}', classes = '{class org.waldreg.user.management.DefaultUserManager}', contextInitializerClasses = '[]', activeProfiles = '{}', propertySourceLocations = '{}', propertySourceProperties = '{}', contextCustomizers = set[org.springframework.boot.test.autoconfigure.actuate.metrics.MetricsExportContextCustomizerFactory$DisableMetricExportContextCustomizer@39ac0c0a, org.springframework.boot.test.autoconfigure.properties.PropertyMappingContextCustomizer@0, org.springframework.boot.test.autoconfigure.web.servlet.WebDriverContextCustomizerFactory$Customizer@7a67e3c6, org.springframework.boot.test.context.filter.ExcludeFilterContextCustomizer@600b90df, org.springframework.boot.test.json.DuplicateJsonObjectContextCustomizerFactory$DuplicateJsonObjectContextCustomizer@78d6692f, org.springframework.boot.test.mock.mockito.MockitoContextCustomizer@109c0f18], contextLoader = 'org.springframework.test.context.support.DelegatingSmartContextLoader', parent = [null]]]
01:05:36.378 [Test worker] DEBUG org.springframework.test.context.cache - Spring test ApplicationContext cache statistics: [DefaultContextCache@1ffcf674 size = 1, maxSize = 32, parentContextCount = 0, hitCount = 104, missCount = 1]
01:05:36.378 [Test worker] DEBUG org.springframework.test.context.cache.DefaultCacheAwareContextLoaderDelegate - Retrieved ApplicationContext [774895395] from cache with key [[MergedContextConfiguration@4f9a2c08 testClass = UserServiceTest, locations = '{}', classes = '{class org.waldreg.user.management.DefaultUserManager}', contextInitializerClasses = '[]', activeProfiles = '{}', propertySourceLocations = '{}', propertySourceProperties = '{}', contextCustomizers = set[org.springframework.boot.test.autoconfigure.actuate.metrics.MetricsExportContextCustomizerFactory$DisableMetricExportContextCustomizer@39ac0c0a, org.springframework.boot.test.autoconfigure.properties.PropertyMappingContextCustomizer@0, org.springframework.boot.test.autoconfigure.web.servlet.WebDriverContextCustomizerFactory$Customizer@7a67e3c6, org.springframework.boot.test.context.filter.ExcludeFilterContextCustomizer@600b90df, org.springframework.boot.test.json.DuplicateJsonObjectContextCustomizerFactory$DuplicateJsonObjectContextCustomizer@78d6692f, org.springframework.boot.test.mock.mockito.MockitoContextCustomizer@109c0f18], contextLoader = 'org.springframework.test.context.support.DelegatingSmartContextLoader', parent = [null]]]
01:05:36.378 [Test worker] DEBUG org.springframework.test.context.cache - Spring test ApplicationContext cache statistics: [DefaultContextCache@1ffcf674 size = 1, maxSize = 32, parentContextCount = 0, hitCount = 105, missCount = 1]
01:05:36.378 [Test worker] DEBUG org.springframework.test.context.cache.DefaultCacheAwareContextLoaderDelegate - Retrieved ApplicationContext [774895395] from cache with key [[MergedContextConfiguration@4f9a2c08 testClass = UserServiceTest, locations = '{}', classes = '{class org.waldreg.user.management.DefaultUserManager}', contextInitializerClasses = '[]', activeProfiles = '{}', propertySourceLocations = '{}', propertySourceProperties = '{}', contextCustomizers = set[org.springframework.boot.test.autoconfigure.actuate.metrics.MetricsExportContextCustomizerFactory$DisableMetricExportContextCustomizer@39ac0c0a, org.springframework.boot.test.autoconfigure.properties.PropertyMappingContextCustomizer@0, org.springframework.boot.test.autoconfigure.web.servlet.WebDriverContextCustomizerFactory$Customizer@7a67e3c6, org.springframework.boot.test.context.filter.ExcludeFilterContextCustomizer@600b90df, org.springframework.boot.test.json.DuplicateJsonObjectContextCustomizerFactory$DuplicateJsonObjectContextCustomizer@78d6692f, org.springframework.boot.test.mock.mockito.MockitoContextCustomizer@109c0f18], contextLoader = 'org.springframework.test.context.support.DelegatingSmartContextLoader', parent = [null]]]
01:05:36.378 [Test worker] DEBUG org.springframework.test.context.cache - Spring test ApplicationContext cache statistics: [DefaultContextCache@1ffcf674 size = 1, maxSize = 32, parentContextCount = 0, hitCount = 106, missCount = 1]
01:05:36.389 [Test worker] DEBUG org.springframework.test.context.cache.DefaultCacheAwareContextLoaderDelegate - Retrieved ApplicationContext [774895395] from cache with key [[MergedContextConfiguration@4f9a2c08 testClass = UserServiceTest, locations = '{}', classes = '{class org.waldreg.user.management.DefaultUserManager}', contextInitializerClasses = '[]', activeProfiles = '{}', propertySourceLocations = '{}', propertySourceProperties = '{}', contextCustomizers = set[org.springframework.boot.test.autoconfigure.actuate.metrics.MetricsExportContextCustomizerFactory$DisableMetricExportContextCustomizer@39ac0c0a, org.springframework.boot.test.autoconfigure.properties.PropertyMappingContextCustomizer@0, org.springframework.boot.test.autoconfigure.web.servlet.WebDriverContextCustomizerFactory$Customizer@7a67e3c6, org.springframework.boot.test.context.filter.ExcludeFilterContextCustomizer@600b90df, org.springframework.boot.test.json.DuplicateJsonObjectContextCustomizerFactory$DuplicateJsonObjectContextCustomizer@78d6692f, org.springframework.boot.test.mock.mockito.MockitoContextCustomizer@109c0f18], contextLoader = 'org.springframework.test.context.support.DelegatingSmartContextLoader', parent = [null]]]
01:05:36.389 [Test worker] DEBUG org.springframework.test.context.cache - Spring test ApplicationContext cache statistics: [DefaultContextCache@1ffcf674 size = 1, maxSize = 32, parentContextCount = 0, hitCount = 107, missCount = 1]
01:05:36.389 [Test worker] DEBUG org.springframework.test.context.support.AbstractDirtiesContextTestExecutionListener - After test method: context [DefaultTestContext@33308786 testClass = UserServiceTest, testInstance = org.waldreg.user.management.UserServiceTest@7afb1741, testMethod = UPDATE_USER_CHARACTER_SUCCESS_TEST@UserServiceTest, testException = [null], mergedContextConfiguration = [MergedContextConfiguration@4f9a2c08 testClass = UserServiceTest, locations = '{}', classes = '{class org.waldreg.user.management.DefaultUserManager}', contextInitializerClasses = '[]', activeProfiles = '{}', propertySourceLocations = '{}', propertySourceProperties = '{}', contextCustomizers = set[org.springframework.boot.test.autoconfigure.actuate.metrics.MetricsExportContextCustomizerFactory$DisableMetricExportContextCustomizer@39ac0c0a, org.springframework.boot.test.autoconfigure.properties.PropertyMappingContextCustomizer@0, org.springframework.boot.test.autoconfigure.web.servlet.WebDriverContextCustomizerFactory$Customizer@7a67e3c6, org.springframework.boot.test.context.filter.ExcludeFilterContextCustomizer@600b90df, org.springframework.boot.test.json.DuplicateJsonObjectContextCustomizerFactory$DuplicateJsonObjectContextCustomizer@78d6692f, org.springframework.boot.test.mock.mockito.MockitoContextCustomizer@109c0f18], contextLoader = 'org.springframework.test.context.support.DelegatingSmartContextLoader', parent = [null]], attributes = map['org.springframework.test.context.event.ApplicationEventsTestExecutionListener.recordApplicationEvents' -> false]], class annotated with @DirtiesContext [false] with mode [null], method annotated with @DirtiesContext [false] with mode [null].
01:05:36.394 [Test worker] DEBUG org.springframework.test.context.cache.DefaultCacheAwareContextLoaderDelegate - Retrieved ApplicationContext [774895395] from cache with key [[MergedContextConfiguration@4f9a2c08 testClass = UserServiceTest, locations = '{}', classes = '{class org.waldreg.user.management.DefaultUserManager}', contextInitializerClasses = '[]', activeProfiles = '{}', propertySourceLocations = '{}', propertySourceProperties = '{}', contextCustomizers = set[org.springframework.boot.test.autoconfigure.actuate.metrics.MetricsExportContextCustomizerFactory$DisableMetricExportContextCustomizer@39ac0c0a, org.springframework.boot.test.autoconfigure.properties.PropertyMappingContextCustomizer@0, org.springframework.boot.test.autoconfigure.web.servlet.WebDriverContextCustomizerFactory$Customizer@7a67e3c6, org.springframework.boot.test.context.filter.ExcludeFilterContextCustomizer@600b90df, org.springframework.boot.test.json.DuplicateJsonObjectContextCustomizerFactory$DuplicateJsonObjectContextCustomizer@78d6692f, org.springframework.boot.test.mock.mockito.MockitoContextCustomizer@109c0f18], contextLoader = 'org.springframework.test.context.support.DelegatingSmartContextLoader', parent = [null]]]
01:05:36.394 [Test worker] DEBUG org.springframework.test.context.cache - Spring test ApplicationContext cache statistics: [DefaultContextCache@1ffcf674 size = 1, maxSize = 32, parentContextCount = 0, hitCount = 108, missCount = 1]
01:05:36.395 [Test worker] DEBUG org.springframework.test.context.support.AbstractDirtiesContextTestExecutionListener - After test class: context [DefaultTestContext@33308786 testClass = UserServiceTest, testInstance = [null], testMethod = [null], testException = [null], mergedContextConfiguration = [MergedContextConfiguration@4f9a2c08 testClass = UserServiceTest, locations = '{}', classes = '{class org.waldreg.user.management.DefaultUserManager}', contextInitializerClasses = '[]', activeProfiles = '{}', propertySourceLocations = '{}', propertySourceProperties = '{}', contextCustomizers = set[org.springframework.boot.test.autoconfigure.actuate.metrics.MetricsExportContextCustomizerFactory$DisableMetricExportContextCustomizer@39ac0c0a, org.springframework.boot.test.autoconfigure.properties.PropertyMappingContextCustomizer@0, org.springframework.boot.test.autoconfigure.web.servlet.WebDriverContextCustomizerFactory$Customizer@7a67e3c6, org.springframework.boot.test.context.filter.ExcludeFilterContextCustomizer@600b90df, org.springframework.boot.test.json.DuplicateJsonObjectContextCustomizerFactory$DuplicateJsonObjectContextCustomizer@78d6692f, org.springframework.boot.test.mock.mockito.MockitoContextCustomizer@109c0f18], contextLoader = 'org.springframework.test.context.support.DelegatingSmartContextLoader', parent = [null]], attributes = map['org.springframework.test.context.event.ApplicationEventsTestExecutionListener.recordApplicationEvents' -> false]], class annotated with @DirtiesContext [false] with mode [null].
]]></system-out>
  <system-err><![CDATA[]]></system-err>
</testsuite>
