<?xml version="1.0" encoding="UTF-8"?>
<testsuite name="org.waldreg.user.management.UserServiceTest" tests="9" skipped="0" failures="0" errors="0" timestamp="2023-01-18T09:48:04" hostname="xb-apple.local" time="0.04">
  <properties/>
  <testcase name="유저 셀프 삭제 성공 테스트" classname="org.waldreg.user.management.UserServiceTest" time="0.012"/>
  <testcase name="전체 유저 조회 실패 테스트 - 잘못된 범위 지정" classname="org.waldreg.user.management.UserServiceTest" time="0.004"/>
  <testcase name="특정 유저 조회 성공 테스트" classname="org.waldreg.user.management.UserServiceTest" time="0.003"/>
  <testcase name="유저 생성 성공 테스트" classname="org.waldreg.user.management.UserServiceTest" time="0.002"/>
  <testcase name="토큰에 해당하는 유저 조회 성공 테스트" classname="org.waldreg.user.management.UserServiceTest" time="0.002"/>
  <testcase name="특정 유저 수정 성공 테스트" classname="org.waldreg.user.management.UserServiceTest" time="0.002"/>
  <testcase name="전체 유저 조회 성공 테스트" classname="org.waldreg.user.management.UserServiceTest" time="0.003"/>
  <testcase name="유저 강제 퇴장 성공 테스트" classname="org.waldreg.user.management.UserServiceTest" time="0.001"/>
  <testcase name="유저 역할 수정 성공 테스트" classname="org.waldreg.user.management.UserServiceTest" time="0.001"/>
  <system-out><![CDATA[18:48:04.524 [Test worker] DEBUG org.springframework.test.context.BootstrapUtils - Instantiating CacheAwareContextLoaderDelegate from class [org.springframework.test.context.cache.DefaultCacheAwareContextLoaderDelegate]
18:48:04.529 [Test worker] DEBUG org.springframework.test.context.BootstrapUtils - Instantiating BootstrapContext using constructor [public org.springframework.test.context.support.DefaultBootstrapContext(java.lang.Class,org.springframework.test.context.CacheAwareContextLoaderDelegate)]
18:48:04.540 [Test worker] DEBUG org.springframework.test.context.BootstrapUtils - Instantiating TestContextBootstrapper for test class [org.waldreg.user.management.UserServiceTest] from class [org.springframework.test.context.support.DefaultTestContextBootstrapper]
18:48:04.548 [Test worker] DEBUG org.springframework.test.context.support.AbstractDelegatingSmartContextLoader - Delegating to AnnotationConfigContextLoader to process context configuration [ContextConfigurationAttributes@5965be2d declaringClass = 'org.waldreg.user.management.UserServiceTest', classes = '{class org.waldreg.user.management.DefaultUserManager}', locations = '{}', inheritLocations = true, initializers = '{}', inheritInitializers = true, name = [null], contextLoaderClass = 'org.springframework.test.context.ContextLoader'].
18:48:04.563 [Test worker] DEBUG org.springframework.test.context.support.ActiveProfilesUtils - Could not find an 'annotation declaring class' for annotation type [org.springframework.test.context.ActiveProfiles] and class [org.waldreg.user.management.UserServiceTest]
18:48:04.563 [Test worker] DEBUG org.springframework.test.context.support.DefaultTestContextBootstrapper - @TestExecutionListeners is not present for class [org.waldreg.user.management.UserServiceTest]: using defaults.
18:48:04.563 [Test worker] INFO org.springframework.test.context.support.DefaultTestContextBootstrapper - Loaded default TestExecutionListener class names from location [META-INF/spring.factories]: [org.springframework.boot.test.autoconfigure.restdocs.RestDocsTestExecutionListener, org.springframework.boot.test.autoconfigure.web.client.MockRestServiceServerResetTestExecutionListener, org.springframework.boot.test.autoconfigure.web.servlet.MockMvcPrintOnlyOnFailureTestExecutionListener, org.springframework.boot.test.autoconfigure.web.servlet.WebDriverTestExecutionListener, org.springframework.boot.test.autoconfigure.webservices.client.MockWebServiceServerTestExecutionListener, org.springframework.boot.test.mock.mockito.MockitoTestExecutionListener, org.springframework.boot.test.mock.mockito.ResetMocksTestExecutionListener, org.springframework.test.context.web.ServletTestExecutionListener, org.springframework.test.context.support.DirtiesContextBeforeModesTestExecutionListener, org.springframework.test.context.event.ApplicationEventsTestExecutionListener, org.springframework.test.context.support.DependencyInjectionTestExecutionListener, org.springframework.test.context.support.DirtiesContextTestExecutionListener, org.springframework.test.context.transaction.TransactionalTestExecutionListener, org.springframework.test.context.jdbc.SqlScriptsTestExecutionListener, org.springframework.test.context.event.EventPublishingTestExecutionListener]
18:48:04.566 [Test worker] DEBUG org.springframework.test.context.support.DefaultTestContextBootstrapper - Skipping candidate TestExecutionListener [org.springframework.test.context.transaction.TransactionalTestExecutionListener] due to a missing dependency. Specify custom listener classes or make the default listener classes and their required dependencies available. Offending class: [org/springframework/transaction/interceptor/TransactionAttributeSource]
18:48:04.567 [Test worker] DEBUG org.springframework.test.context.support.DefaultTestContextBootstrapper - Skipping candidate TestExecutionListener [org.springframework.test.context.jdbc.SqlScriptsTestExecutionListener] due to a missing dependency. Specify custom listener classes or make the default listener classes and their required dependencies available. Offending class: [org/springframework/transaction/interceptor/TransactionAttribute]
18:48:04.567 [Test worker] INFO org.springframework.test.context.support.DefaultTestContextBootstrapper - Using TestExecutionListeners: [org.springframework.test.context.web.ServletTestExecutionListener@3c9c0d96, org.springframework.test.context.support.DirtiesContextBeforeModesTestExecutionListener@3a4621bd, org.springframework.test.context.event.ApplicationEventsTestExecutionListener@31dadd46, org.springframework.boot.test.mock.mockito.MockitoTestExecutionListener@4ed5eb72, org.springframework.test.context.support.DependencyInjectionTestExecutionListener@12f9af83, org.springframework.test.context.support.DirtiesContextTestExecutionListener@19b93fa8, org.springframework.test.context.event.EventPublishingTestExecutionListener@7e6ef134, org.springframework.boot.test.autoconfigure.restdocs.RestDocsTestExecutionListener@1f010bf0, org.springframework.boot.test.autoconfigure.web.client.MockRestServiceServerResetTestExecutionListener@40db2a24, org.springframework.boot.test.autoconfigure.web.servlet.MockMvcPrintOnlyOnFailureTestExecutionListener@10cf09e8, org.springframework.boot.test.autoconfigure.web.servlet.WebDriverTestExecutionListener@1921ad94, org.springframework.boot.test.autoconfigure.webservices.client.MockWebServiceServerTestExecutionListener@ee86bcb, org.springframework.boot.test.mock.mockito.ResetMocksTestExecutionListener@177bea38]
18:48:04.567 [Test worker] DEBUG org.springframework.test.context.support.AbstractDirtiesContextTestExecutionListener - Before test class: context [DefaultTestContext@68b32e3e testClass = UserServiceTest, testInstance = [null], testMethod = [null], testException = [null], mergedContextConfiguration = [MergedContextConfiguration@bcef303 testClass = UserServiceTest, locations = '{}', classes = '{class org.waldreg.user.management.DefaultUserManager}', contextInitializerClasses = '[]', activeProfiles = '{}', propertySourceLocations = '{}', propertySourceProperties = '{}', contextCustomizers = set[org.springframework.boot.test.autoconfigure.actuate.metrics.MetricsExportContextCustomizerFactory$DisableMetricExportContextCustomizer@3bd323e9, org.springframework.boot.test.autoconfigure.properties.PropertyMappingContextCustomizer@0, org.springframework.boot.test.autoconfigure.web.servlet.WebDriverContextCustomizerFactory$Customizer@106cc338, org.springframework.boot.test.context.filter.ExcludeFilterContextCustomizer@26ceffa8, org.springframework.boot.test.json.DuplicateJsonObjectContextCustomizerFactory$DuplicateJsonObjectContextCustomizer@60129b9a, org.springframework.boot.test.mock.mockito.MockitoContextCustomizer@f203ce7a], contextLoader = 'org.springframework.test.context.support.DelegatingSmartContextLoader', parent = [null]], attributes = map[[empty]]], class annotated with @DirtiesContext [false] with mode [null].
18:48:04.571 [Test worker] DEBUG org.springframework.test.context.support.AbstractDelegatingSmartContextLoader - Delegating to AnnotationConfigContextLoader to load context from [MergedContextConfiguration@bcef303 testClass = UserServiceTest, locations = '{}', classes = '{class org.waldreg.user.management.DefaultUserManager}', contextInitializerClasses = '[]', activeProfiles = '{}', propertySourceLocations = '{}', propertySourceProperties = '{}', contextCustomizers = set[org.springframework.boot.test.autoconfigure.actuate.metrics.MetricsExportContextCustomizerFactory$DisableMetricExportContextCustomizer@3bd323e9, org.springframework.boot.test.autoconfigure.properties.PropertyMappingContextCustomizer@0, org.springframework.boot.test.autoconfigure.web.servlet.WebDriverContextCustomizerFactory$Customizer@106cc338, org.springframework.boot.test.context.filter.ExcludeFilterContextCustomizer@26ceffa8, org.springframework.boot.test.json.DuplicateJsonObjectContextCustomizerFactory$DuplicateJsonObjectContextCustomizer@60129b9a, org.springframework.boot.test.mock.mockito.MockitoContextCustomizer@f203ce7a], contextLoader = 'org.springframework.test.context.support.DelegatingSmartContextLoader', parent = [null]].
18:48:04.571 [Test worker] DEBUG org.springframework.test.context.support.AbstractGenericContextLoader - Loading ApplicationContext for merged context configuration [[MergedContextConfiguration@bcef303 testClass = UserServiceTest, locations = '{}', classes = '{class org.waldreg.user.management.DefaultUserManager}', contextInitializerClasses = '[]', activeProfiles = '{}', propertySourceLocations = '{}', propertySourceProperties = '{}', contextCustomizers = set[org.springframework.boot.test.autoconfigure.actuate.metrics.MetricsExportContextCustomizerFactory$DisableMetricExportContextCustomizer@3bd323e9, org.springframework.boot.test.autoconfigure.properties.PropertyMappingContextCustomizer@0, org.springframework.boot.test.autoconfigure.web.servlet.WebDriverContextCustomizerFactory$Customizer@106cc338, org.springframework.boot.test.context.filter.ExcludeFilterContextCustomizer@26ceffa8, org.springframework.boot.test.json.DuplicateJsonObjectContextCustomizerFactory$DuplicateJsonObjectContextCustomizer@60129b9a, org.springframework.boot.test.mock.mockito.MockitoContextCustomizer@f203ce7a], contextLoader = 'org.springframework.test.context.support.DelegatingSmartContextLoader', parent = [null]]].
18:48:04.582 [Test worker] DEBUG org.springframework.core.env.StandardEnvironment - Activating profiles []
18:48:04.582 [Test worker] DEBUG org.springframework.test.context.support.AnnotationConfigContextLoader - Registering component classes: {class org.waldreg.user.management.DefaultUserManager}
18:48:04.596 [Test worker] DEBUG org.springframework.context.support.GenericApplicationContext - Refreshing org.springframework.context.support.GenericApplicationContext@a22cb6a
18:48:04.600 [Test worker] DEBUG org.springframework.beans.factory.support.DefaultListableBeanFactory - Creating shared instance of singleton bean 'org.springframework.context.annotation.internalConfigurationAnnotationProcessor'
18:48:04.609 [Test worker] DEBUG org.springframework.beans.factory.support.DefaultListableBeanFactory - Creating shared instance of singleton bean 'org.springframework.boot.test.mock.mockito.MockitoPostProcessor'
18:48:04.785 [Test worker] DEBUG org.springframework.beans.factory.support.DefaultListableBeanFactory - Creating shared instance of singleton bean 'org.springframework.context.event.internalEventListenerProcessor'
18:48:04.786 [Test worker] DEBUG org.springframework.beans.factory.support.DefaultListableBeanFactory - Creating shared instance of singleton bean 'org.springframework.context.event.internalEventListenerFactory'
18:48:04.786 [Test worker] DEBUG org.springframework.beans.factory.support.DefaultListableBeanFactory - Creating shared instance of singleton bean 'org.springframework.context.annotation.internalAutowiredAnnotationProcessor'
18:48:04.787 [Test worker] DEBUG org.springframework.beans.factory.support.DefaultListableBeanFactory - Creating shared instance of singleton bean 'org.springframework.context.annotation.internalCommonAnnotationProcessor'
18:48:04.788 [Test worker] DEBUG org.springframework.beans.factory.support.DefaultListableBeanFactory - Creating shared instance of singleton bean 'org.springframework.boot.test.mock.mockito.MockitoPostProcessor$SpyPostProcessor'
18:48:04.791 [Test worker] DEBUG org.springframework.beans.factory.support.DefaultListableBeanFactory - Creating shared instance of singleton bean 'defaultUserManager'
18:48:04.792 [Test worker] DEBUG org.springframework.beans.factory.support.DefaultListableBeanFactory - Autowiring by type from bean name 'defaultUserManager' via constructor to bean named 'org.waldreg.user.spi.UserRepository#0'
18:48:04.800 [Test worker] DEBUG org.springframework.test.context.cache.DefaultCacheAwareContextLoaderDelegate - Storing ApplicationContext [170052458] in cache under key [[MergedContextConfiguration@bcef303 testClass = UserServiceTest, locations = '{}', classes = '{class org.waldreg.user.management.DefaultUserManager}', contextInitializerClasses = '[]', activeProfiles = '{}', propertySourceLocations = '{}', propertySourceProperties = '{}', contextCustomizers = set[org.springframework.boot.test.autoconfigure.actuate.metrics.MetricsExportContextCustomizerFactory$DisableMetricExportContextCustomizer@3bd323e9, org.springframework.boot.test.autoconfigure.properties.PropertyMappingContextCustomizer@0, org.springframework.boot.test.autoconfigure.web.servlet.WebDriverContextCustomizerFactory$Customizer@106cc338, org.springframework.boot.test.context.filter.ExcludeFilterContextCustomizer@26ceffa8, org.springframework.boot.test.json.DuplicateJsonObjectContextCustomizerFactory$DuplicateJsonObjectContextCustomizer@60129b9a, org.springframework.boot.test.mock.mockito.MockitoContextCustomizer@f203ce7a], contextLoader = 'org.springframework.test.context.support.DelegatingSmartContextLoader', parent = [null]]]
18:48:04.800 [Test worker] DEBUG org.springframework.test.context.cache - Spring test ApplicationContext cache statistics: [DefaultContextCache@41bf79da size = 1, maxSize = 32, parentContextCount = 0, hitCount = 0, missCount = 1]
18:48:04.801 [Test worker] DEBUG org.springframework.test.context.support.DependencyInjectionTestExecutionListener - Performing dependency injection for test context [[DefaultTestContext@68b32e3e testClass = UserServiceTest, testInstance = org.waldreg.user.management.UserServiceTest@7c447c76, testMethod = [null], testException = [null], mergedContextConfiguration = [MergedContextConfiguration@bcef303 testClass = UserServiceTest, locations = '{}', classes = '{class org.waldreg.user.management.DefaultUserManager}', contextInitializerClasses = '[]', activeProfiles = '{}', propertySourceLocations = '{}', propertySourceProperties = '{}', contextCustomizers = set[org.springframework.boot.test.autoconfigure.actuate.metrics.MetricsExportContextCustomizerFactory$DisableMetricExportContextCustomizer@3bd323e9, org.springframework.boot.test.autoconfigure.properties.PropertyMappingContextCustomizer@0, org.springframework.boot.test.autoconfigure.web.servlet.WebDriverContextCustomizerFactory$Customizer@106cc338, org.springframework.boot.test.context.filter.ExcludeFilterContextCustomizer@26ceffa8, org.springframework.boot.test.json.DuplicateJsonObjectContextCustomizerFactory$DuplicateJsonObjectContextCustomizer@60129b9a, org.springframework.boot.test.mock.mockito.MockitoContextCustomizer@f203ce7a], contextLoader = 'org.springframework.test.context.support.DelegatingSmartContextLoader', parent = [null]], attributes = map['org.springframework.test.context.event.ApplicationEventsTestExecutionListener.recordApplicationEvents' -> false]]].
18:48:04.801 [Test worker] DEBUG org.springframework.test.context.cache.DefaultCacheAwareContextLoaderDelegate - Retrieved ApplicationContext [170052458] from cache with key [[MergedContextConfiguration@bcef303 testClass = UserServiceTest, locations = '{}', classes = '{class org.waldreg.user.management.DefaultUserManager}', contextInitializerClasses = '[]', activeProfiles = '{}', propertySourceLocations = '{}', propertySourceProperties = '{}', contextCustomizers = set[org.springframework.boot.test.autoconfigure.actuate.metrics.MetricsExportContextCustomizerFactory$DisableMetricExportContextCustomizer@3bd323e9, org.springframework.boot.test.autoconfigure.properties.PropertyMappingContextCustomizer@0, org.springframework.boot.test.autoconfigure.web.servlet.WebDriverContextCustomizerFactory$Customizer@106cc338, org.springframework.boot.test.context.filter.ExcludeFilterContextCustomizer@26ceffa8, org.springframework.boot.test.json.DuplicateJsonObjectContextCustomizerFactory$DuplicateJsonObjectContextCustomizer@60129b9a, org.springframework.boot.test.mock.mockito.MockitoContextCustomizer@f203ce7a], contextLoader = 'org.springframework.test.context.support.DelegatingSmartContextLoader', parent = [null]]]
18:48:04.801 [Test worker] DEBUG org.springframework.test.context.cache - Spring test ApplicationContext cache statistics: [DefaultContextCache@41bf79da size = 1, maxSize = 32, parentContextCount = 0, hitCount = 1, missCount = 1]
18:48:04.803 [Test worker] DEBUG org.springframework.test.context.cache.DefaultCacheAwareContextLoaderDelegate - Retrieved ApplicationContext [170052458] from cache with key [[MergedContextConfiguration@bcef303 testClass = UserServiceTest, locations = '{}', classes = '{class org.waldreg.user.management.DefaultUserManager}', contextInitializerClasses = '[]', activeProfiles = '{}', propertySourceLocations = '{}', propertySourceProperties = '{}', contextCustomizers = set[org.springframework.boot.test.autoconfigure.actuate.metrics.MetricsExportContextCustomizerFactory$DisableMetricExportContextCustomizer@3bd323e9, org.springframework.boot.test.autoconfigure.properties.PropertyMappingContextCustomizer@0, org.springframework.boot.test.autoconfigure.web.servlet.WebDriverContextCustomizerFactory$Customizer@106cc338, org.springframework.boot.test.context.filter.ExcludeFilterContextCustomizer@26ceffa8, org.springframework.boot.test.json.DuplicateJsonObjectContextCustomizerFactory$DuplicateJsonObjectContextCustomizer@60129b9a, org.springframework.boot.test.mock.mockito.MockitoContextCustomizer@f203ce7a], contextLoader = 'org.springframework.test.context.support.DelegatingSmartContextLoader', parent = [null]]]
18:48:04.803 [Test worker] DEBUG org.springframework.test.context.cache - Spring test ApplicationContext cache statistics: [DefaultContextCache@41bf79da size = 1, maxSize = 32, parentContextCount = 0, hitCount = 2, missCount = 1]
18:48:04.805 [Test worker] DEBUG org.springframework.test.context.support.AbstractDirtiesContextTestExecutionListener - Before test method: context [DefaultTestContext@68b32e3e testClass = UserServiceTest, testInstance = org.waldreg.user.management.UserServiceTest@7c447c76, testMethod = DELETE_USER_OWN_SUCCESS_TEST@UserServiceTest, testException = [null], mergedContextConfiguration = [MergedContextConfiguration@bcef303 testClass = UserServiceTest, locations = '{}', classes = '{class org.waldreg.user.management.DefaultUserManager}', contextInitializerClasses = '[]', activeProfiles = '{}', propertySourceLocations = '{}', propertySourceProperties = '{}', contextCustomizers = set[org.springframework.boot.test.autoconfigure.actuate.metrics.MetricsExportContextCustomizerFactory$DisableMetricExportContextCustomizer@3bd323e9, org.springframework.boot.test.autoconfigure.properties.PropertyMappingContextCustomizer@0, org.springframework.boot.test.autoconfigure.web.servlet.WebDriverContextCustomizerFactory$Customizer@106cc338, org.springframework.boot.test.context.filter.ExcludeFilterContextCustomizer@26ceffa8, org.springframework.boot.test.json.DuplicateJsonObjectContextCustomizerFactory$DuplicateJsonObjectContextCustomizer@60129b9a, org.springframework.boot.test.mock.mockito.MockitoContextCustomizer@f203ce7a], contextLoader = 'org.springframework.test.context.support.DelegatingSmartContextLoader', parent = [null]], attributes = map['org.springframework.test.context.event.ApplicationEventsTestExecutionListener.recordApplicationEvents' -> false]], class annotated with @DirtiesContext [false] with mode [null], method annotated with @DirtiesContext [false] with mode [null].
18:48:04.805 [Test worker] DEBUG org.springframework.test.context.cache.DefaultCacheAwareContextLoaderDelegate - Retrieved ApplicationContext [170052458] from cache with key [[MergedContextConfiguration@bcef303 testClass = UserServiceTest, locations = '{}', classes = '{class org.waldreg.user.management.DefaultUserManager}', contextInitializerClasses = '[]', activeProfiles = '{}', propertySourceLocations = '{}', propertySourceProperties = '{}', contextCustomizers = set[org.springframework.boot.test.autoconfigure.actuate.metrics.MetricsExportContextCustomizerFactory$DisableMetricExportContextCustomizer@3bd323e9, org.springframework.boot.test.autoconfigure.properties.PropertyMappingContextCustomizer@0, org.springframework.boot.test.autoconfigure.web.servlet.WebDriverContextCustomizerFactory$Customizer@106cc338, org.springframework.boot.test.context.filter.ExcludeFilterContextCustomizer@26ceffa8, org.springframework.boot.test.json.DuplicateJsonObjectContextCustomizerFactory$DuplicateJsonObjectContextCustomizer@60129b9a, org.springframework.boot.test.mock.mockito.MockitoContextCustomizer@f203ce7a], contextLoader = 'org.springframework.test.context.support.DelegatingSmartContextLoader', parent = [null]]]
18:48:04.805 [Test worker] DEBUG org.springframework.test.context.cache - Spring test ApplicationContext cache statistics: [DefaultContextCache@41bf79da size = 1, maxSize = 32, parentContextCount = 0, hitCount = 3, missCount = 1]
18:48:04.805 [Test worker] DEBUG org.springframework.test.context.cache.DefaultCacheAwareContextLoaderDelegate - Retrieved ApplicationContext [170052458] from cache with key [[MergedContextConfiguration@bcef303 testClass = UserServiceTest, locations = '{}', classes = '{class org.waldreg.user.management.DefaultUserManager}', contextInitializerClasses = '[]', activeProfiles = '{}', propertySourceLocations = '{}', propertySourceProperties = '{}', contextCustomizers = set[org.springframework.boot.test.autoconfigure.actuate.metrics.MetricsExportContextCustomizerFactory$DisableMetricExportContextCustomizer@3bd323e9, org.springframework.boot.test.autoconfigure.properties.PropertyMappingContextCustomizer@0, org.springframework.boot.test.autoconfigure.web.servlet.WebDriverContextCustomizerFactory$Customizer@106cc338, org.springframework.boot.test.context.filter.ExcludeFilterContextCustomizer@26ceffa8, org.springframework.boot.test.json.DuplicateJsonObjectContextCustomizerFactory$DuplicateJsonObjectContextCustomizer@60129b9a, org.springframework.boot.test.mock.mockito.MockitoContextCustomizer@f203ce7a], contextLoader = 'org.springframework.test.context.support.DelegatingSmartContextLoader', parent = [null]]]
18:48:04.805 [Test worker] DEBUG org.springframework.test.context.cache - Spring test ApplicationContext cache statistics: [DefaultContextCache@41bf79da size = 1, maxSize = 32, parentContextCount = 0, hitCount = 4, missCount = 1]
18:48:04.806 [Test worker] DEBUG org.springframework.test.context.cache.DefaultCacheAwareContextLoaderDelegate - Retrieved ApplicationContext [170052458] from cache with key [[MergedContextConfiguration@bcef303 testClass = UserServiceTest, locations = '{}', classes = '{class org.waldreg.user.management.DefaultUserManager}', contextInitializerClasses = '[]', activeProfiles = '{}', propertySourceLocations = '{}', propertySourceProperties = '{}', contextCustomizers = set[org.springframework.boot.test.autoconfigure.actuate.metrics.MetricsExportContextCustomizerFactory$DisableMetricExportContextCustomizer@3bd323e9, org.springframework.boot.test.autoconfigure.properties.PropertyMappingContextCustomizer@0, org.springframework.boot.test.autoconfigure.web.servlet.WebDriverContextCustomizerFactory$Customizer@106cc338, org.springframework.boot.test.context.filter.ExcludeFilterContextCustomizer@26ceffa8, org.springframework.boot.test.json.DuplicateJsonObjectContextCustomizerFactory$DuplicateJsonObjectContextCustomizer@60129b9a, org.springframework.boot.test.mock.mockito.MockitoContextCustomizer@f203ce7a], contextLoader = 'org.springframework.test.context.support.DelegatingSmartContextLoader', parent = [null]]]
18:48:04.806 [Test worker] DEBUG org.springframework.test.context.cache - Spring test ApplicationContext cache statistics: [DefaultContextCache@41bf79da size = 1, maxSize = 32, parentContextCount = 0, hitCount = 5, missCount = 1]
18:48:04.813 [Test worker] DEBUG org.springframework.test.context.cache.DefaultCacheAwareContextLoaderDelegate - Retrieved ApplicationContext [170052458] from cache with key [[MergedContextConfiguration@bcef303 testClass = UserServiceTest, locations = '{}', classes = '{class org.waldreg.user.management.DefaultUserManager}', contextInitializerClasses = '[]', activeProfiles = '{}', propertySourceLocations = '{}', propertySourceProperties = '{}', contextCustomizers = set[org.springframework.boot.test.autoconfigure.actuate.metrics.MetricsExportContextCustomizerFactory$DisableMetricExportContextCustomizer@3bd323e9, org.springframework.boot.test.autoconfigure.properties.PropertyMappingContextCustomizer@0, org.springframework.boot.test.autoconfigure.web.servlet.WebDriverContextCustomizerFactory$Customizer@106cc338, org.springframework.boot.test.context.filter.ExcludeFilterContextCustomizer@26ceffa8, org.springframework.boot.test.json.DuplicateJsonObjectContextCustomizerFactory$DuplicateJsonObjectContextCustomizer@60129b9a, org.springframework.boot.test.mock.mockito.MockitoContextCustomizer@f203ce7a], contextLoader = 'org.springframework.test.context.support.DelegatingSmartContextLoader', parent = [null]]]
18:48:04.814 [Test worker] DEBUG org.springframework.test.context.cache - Spring test ApplicationContext cache statistics: [DefaultContextCache@41bf79da size = 1, maxSize = 32, parentContextCount = 0, hitCount = 6, missCount = 1]
18:48:04.814 [Test worker] DEBUG org.springframework.test.context.cache.DefaultCacheAwareContextLoaderDelegate - Retrieved ApplicationContext [170052458] from cache with key [[MergedContextConfiguration@bcef303 testClass = UserServiceTest, locations = '{}', classes = '{class org.waldreg.user.management.DefaultUserManager}', contextInitializerClasses = '[]', activeProfiles = '{}', propertySourceLocations = '{}', propertySourceProperties = '{}', contextCustomizers = set[org.springframework.boot.test.autoconfigure.actuate.metrics.MetricsExportContextCustomizerFactory$DisableMetricExportContextCustomizer@3bd323e9, org.springframework.boot.test.autoconfigure.properties.PropertyMappingContextCustomizer@0, org.springframework.boot.test.autoconfigure.web.servlet.WebDriverContextCustomizerFactory$Customizer@106cc338, org.springframework.boot.test.context.filter.ExcludeFilterContextCustomizer@26ceffa8, org.springframework.boot.test.json.DuplicateJsonObjectContextCustomizerFactory$DuplicateJsonObjectContextCustomizer@60129b9a, org.springframework.boot.test.mock.mockito.MockitoContextCustomizer@f203ce7a], contextLoader = 'org.springframework.test.context.support.DelegatingSmartContextLoader', parent = [null]]]
18:48:04.814 [Test worker] DEBUG org.springframework.test.context.cache - Spring test ApplicationContext cache statistics: [DefaultContextCache@41bf79da size = 1, maxSize = 32, parentContextCount = 0, hitCount = 7, missCount = 1]
18:48:04.814 [Test worker] DEBUG org.springframework.test.context.cache.DefaultCacheAwareContextLoaderDelegate - Retrieved ApplicationContext [170052458] from cache with key [[MergedContextConfiguration@bcef303 testClass = UserServiceTest, locations = '{}', classes = '{class org.waldreg.user.management.DefaultUserManager}', contextInitializerClasses = '[]', activeProfiles = '{}', propertySourceLocations = '{}', propertySourceProperties = '{}', contextCustomizers = set[org.springframework.boot.test.autoconfigure.actuate.metrics.MetricsExportContextCustomizerFactory$DisableMetricExportContextCustomizer@3bd323e9, org.springframework.boot.test.autoconfigure.properties.PropertyMappingContextCustomizer@0, org.springframework.boot.test.autoconfigure.web.servlet.WebDriverContextCustomizerFactory$Customizer@106cc338, org.springframework.boot.test.context.filter.ExcludeFilterContextCustomizer@26ceffa8, org.springframework.boot.test.json.DuplicateJsonObjectContextCustomizerFactory$DuplicateJsonObjectContextCustomizer@60129b9a, org.springframework.boot.test.mock.mockito.MockitoContextCustomizer@f203ce7a], contextLoader = 'org.springframework.test.context.support.DelegatingSmartContextLoader', parent = [null]]]
18:48:04.814 [Test worker] DEBUG org.springframework.test.context.cache - Spring test ApplicationContext cache statistics: [DefaultContextCache@41bf79da size = 1, maxSize = 32, parentContextCount = 0, hitCount = 8, missCount = 1]
18:48:04.814 [Test worker] DEBUG org.springframework.test.context.cache.DefaultCacheAwareContextLoaderDelegate - Retrieved ApplicationContext [170052458] from cache with key [[MergedContextConfiguration@bcef303 testClass = UserServiceTest, locations = '{}', classes = '{class org.waldreg.user.management.DefaultUserManager}', contextInitializerClasses = '[]', activeProfiles = '{}', propertySourceLocations = '{}', propertySourceProperties = '{}', contextCustomizers = set[org.springframework.boot.test.autoconfigure.actuate.metrics.MetricsExportContextCustomizerFactory$DisableMetricExportContextCustomizer@3bd323e9, org.springframework.boot.test.autoconfigure.properties.PropertyMappingContextCustomizer@0, org.springframework.boot.test.autoconfigure.web.servlet.WebDriverContextCustomizerFactory$Customizer@106cc338, org.springframework.boot.test.context.filter.ExcludeFilterContextCustomizer@26ceffa8, org.springframework.boot.test.json.DuplicateJsonObjectContextCustomizerFactory$DuplicateJsonObjectContextCustomizer@60129b9a, org.springframework.boot.test.mock.mockito.MockitoContextCustomizer@f203ce7a], contextLoader = 'org.springframework.test.context.support.DelegatingSmartContextLoader', parent = [null]]]
18:48:04.814 [Test worker] DEBUG org.springframework.test.context.cache - Spring test ApplicationContext cache statistics: [DefaultContextCache@41bf79da size = 1, maxSize = 32, parentContextCount = 0, hitCount = 9, missCount = 1]
18:48:04.815 [Test worker] DEBUG org.springframework.test.context.cache.DefaultCacheAwareContextLoaderDelegate - Retrieved ApplicationContext [170052458] from cache with key [[MergedContextConfiguration@bcef303 testClass = UserServiceTest, locations = '{}', classes = '{class org.waldreg.user.management.DefaultUserManager}', contextInitializerClasses = '[]', activeProfiles = '{}', propertySourceLocations = '{}', propertySourceProperties = '{}', contextCustomizers = set[org.springframework.boot.test.autoconfigure.actuate.metrics.MetricsExportContextCustomizerFactory$DisableMetricExportContextCustomizer@3bd323e9, org.springframework.boot.test.autoconfigure.properties.PropertyMappingContextCustomizer@0, org.springframework.boot.test.autoconfigure.web.servlet.WebDriverContextCustomizerFactory$Customizer@106cc338, org.springframework.boot.test.context.filter.ExcludeFilterContextCustomizer@26ceffa8, org.springframework.boot.test.json.DuplicateJsonObjectContextCustomizerFactory$DuplicateJsonObjectContextCustomizer@60129b9a, org.springframework.boot.test.mock.mockito.MockitoContextCustomizer@f203ce7a], contextLoader = 'org.springframework.test.context.support.DelegatingSmartContextLoader', parent = [null]]]
18:48:04.815 [Test worker] DEBUG org.springframework.test.context.cache - Spring test ApplicationContext cache statistics: [DefaultContextCache@41bf79da size = 1, maxSize = 32, parentContextCount = 0, hitCount = 10, missCount = 1]
18:48:04.815 [Test worker] DEBUG org.springframework.test.context.cache.DefaultCacheAwareContextLoaderDelegate - Retrieved ApplicationContext [170052458] from cache with key [[MergedContextConfiguration@bcef303 testClass = UserServiceTest, locations = '{}', classes = '{class org.waldreg.user.management.DefaultUserManager}', contextInitializerClasses = '[]', activeProfiles = '{}', propertySourceLocations = '{}', propertySourceProperties = '{}', contextCustomizers = set[org.springframework.boot.test.autoconfigure.actuate.metrics.MetricsExportContextCustomizerFactory$DisableMetricExportContextCustomizer@3bd323e9, org.springframework.boot.test.autoconfigure.properties.PropertyMappingContextCustomizer@0, org.springframework.boot.test.autoconfigure.web.servlet.WebDriverContextCustomizerFactory$Customizer@106cc338, org.springframework.boot.test.context.filter.ExcludeFilterContextCustomizer@26ceffa8, org.springframework.boot.test.json.DuplicateJsonObjectContextCustomizerFactory$DuplicateJsonObjectContextCustomizer@60129b9a, org.springframework.boot.test.mock.mockito.MockitoContextCustomizer@f203ce7a], contextLoader = 'org.springframework.test.context.support.DelegatingSmartContextLoader', parent = [null]]]
18:48:04.815 [Test worker] DEBUG org.springframework.test.context.cache - Spring test ApplicationContext cache statistics: [DefaultContextCache@41bf79da size = 1, maxSize = 32, parentContextCount = 0, hitCount = 11, missCount = 1]
18:48:04.815 [Test worker] DEBUG org.springframework.test.context.support.AbstractDirtiesContextTestExecutionListener - After test method: context [DefaultTestContext@68b32e3e testClass = UserServiceTest, testInstance = org.waldreg.user.management.UserServiceTest@7c447c76, testMethod = DELETE_USER_OWN_SUCCESS_TEST@UserServiceTest, testException = [null], mergedContextConfiguration = [MergedContextConfiguration@bcef303 testClass = UserServiceTest, locations = '{}', classes = '{class org.waldreg.user.management.DefaultUserManager}', contextInitializerClasses = '[]', activeProfiles = '{}', propertySourceLocations = '{}', propertySourceProperties = '{}', contextCustomizers = set[org.springframework.boot.test.autoconfigure.actuate.metrics.MetricsExportContextCustomizerFactory$DisableMetricExportContextCustomizer@3bd323e9, org.springframework.boot.test.autoconfigure.properties.PropertyMappingContextCustomizer@0, org.springframework.boot.test.autoconfigure.web.servlet.WebDriverContextCustomizerFactory$Customizer@106cc338, org.springframework.boot.test.context.filter.ExcludeFilterContextCustomizer@26ceffa8, org.springframework.boot.test.json.DuplicateJsonObjectContextCustomizerFactory$DuplicateJsonObjectContextCustomizer@60129b9a, org.springframework.boot.test.mock.mockito.MockitoContextCustomizer@f203ce7a], contextLoader = 'org.springframework.test.context.support.DelegatingSmartContextLoader', parent = [null]], attributes = map['org.springframework.test.context.event.ApplicationEventsTestExecutionListener.recordApplicationEvents' -> false]], class annotated with @DirtiesContext [false] with mode [null], method annotated with @DirtiesContext [false] with mode [null].
18:48:04.817 [Test worker] DEBUG org.springframework.test.context.cache.DefaultCacheAwareContextLoaderDelegate - Retrieved ApplicationContext [170052458] from cache with key [[MergedContextConfiguration@bcef303 testClass = UserServiceTest, locations = '{}', classes = '{class org.waldreg.user.management.DefaultUserManager}', contextInitializerClasses = '[]', activeProfiles = '{}', propertySourceLocations = '{}', propertySourceProperties = '{}', contextCustomizers = set[org.springframework.boot.test.autoconfigure.actuate.metrics.MetricsExportContextCustomizerFactory$DisableMetricExportContextCustomizer@3bd323e9, org.springframework.boot.test.autoconfigure.properties.PropertyMappingContextCustomizer@0, org.springframework.boot.test.autoconfigure.web.servlet.WebDriverContextCustomizerFactory$Customizer@106cc338, org.springframework.boot.test.context.filter.ExcludeFilterContextCustomizer@26ceffa8, org.springframework.boot.test.json.DuplicateJsonObjectContextCustomizerFactory$DuplicateJsonObjectContextCustomizer@60129b9a, org.springframework.boot.test.mock.mockito.MockitoContextCustomizer@f203ce7a], contextLoader = 'org.springframework.test.context.support.DelegatingSmartContextLoader', parent = [null]]]
18:48:04.817 [Test worker] DEBUG org.springframework.test.context.cache - Spring test ApplicationContext cache statistics: [DefaultContextCache@41bf79da size = 1, maxSize = 32, parentContextCount = 0, hitCount = 12, missCount = 1]
18:48:04.817 [Test worker] DEBUG org.springframework.test.context.support.DependencyInjectionTestExecutionListener - Performing dependency injection for test context [[DefaultTestContext@68b32e3e testClass = UserServiceTest, testInstance = org.waldreg.user.management.UserServiceTest@10fbbdb, testMethod = [null], testException = [null], mergedContextConfiguration = [MergedContextConfiguration@bcef303 testClass = UserServiceTest, locations = '{}', classes = '{class org.waldreg.user.management.DefaultUserManager}', contextInitializerClasses = '[]', activeProfiles = '{}', propertySourceLocations = '{}', propertySourceProperties = '{}', contextCustomizers = set[org.springframework.boot.test.autoconfigure.actuate.metrics.MetricsExportContextCustomizerFactory$DisableMetricExportContextCustomizer@3bd323e9, org.springframework.boot.test.autoconfigure.properties.PropertyMappingContextCustomizer@0, org.springframework.boot.test.autoconfigure.web.servlet.WebDriverContextCustomizerFactory$Customizer@106cc338, org.springframework.boot.test.context.filter.ExcludeFilterContextCustomizer@26ceffa8, org.springframework.boot.test.json.DuplicateJsonObjectContextCustomizerFactory$DuplicateJsonObjectContextCustomizer@60129b9a, org.springframework.boot.test.mock.mockito.MockitoContextCustomizer@f203ce7a], contextLoader = 'org.springframework.test.context.support.DelegatingSmartContextLoader', parent = [null]], attributes = map['org.springframework.test.context.event.ApplicationEventsTestExecutionListener.recordApplicationEvents' -> false]]].
18:48:04.817 [Test worker] DEBUG org.springframework.test.context.cache.DefaultCacheAwareContextLoaderDelegate - Retrieved ApplicationContext [170052458] from cache with key [[MergedContextConfiguration@bcef303 testClass = UserServiceTest, locations = '{}', classes = '{class org.waldreg.user.management.DefaultUserManager}', contextInitializerClasses = '[]', activeProfiles = '{}', propertySourceLocations = '{}', propertySourceProperties = '{}', contextCustomizers = set[org.springframework.boot.test.autoconfigure.actuate.metrics.MetricsExportContextCustomizerFactory$DisableMetricExportContextCustomizer@3bd323e9, org.springframework.boot.test.autoconfigure.properties.PropertyMappingContextCustomizer@0, org.springframework.boot.test.autoconfigure.web.servlet.WebDriverContextCustomizerFactory$Customizer@106cc338, org.springframework.boot.test.context.filter.ExcludeFilterContextCustomizer@26ceffa8, org.springframework.boot.test.json.DuplicateJsonObjectContextCustomizerFactory$DuplicateJsonObjectContextCustomizer@60129b9a, org.springframework.boot.test.mock.mockito.MockitoContextCustomizer@f203ce7a], contextLoader = 'org.springframework.test.context.support.DelegatingSmartContextLoader', parent = [null]]]
18:48:04.817 [Test worker] DEBUG org.springframework.test.context.cache - Spring test ApplicationContext cache statistics: [DefaultContextCache@41bf79da size = 1, maxSize = 32, parentContextCount = 0, hitCount = 13, missCount = 1]
18:48:04.818 [Test worker] DEBUG org.springframework.test.context.cache.DefaultCacheAwareContextLoaderDelegate - Retrieved ApplicationContext [170052458] from cache with key [[MergedContextConfiguration@bcef303 testClass = UserServiceTest, locations = '{}', classes = '{class org.waldreg.user.management.DefaultUserManager}', contextInitializerClasses = '[]', activeProfiles = '{}', propertySourceLocations = '{}', propertySourceProperties = '{}', contextCustomizers = set[org.springframework.boot.test.autoconfigure.actuate.metrics.MetricsExportContextCustomizerFactory$DisableMetricExportContextCustomizer@3bd323e9, org.springframework.boot.test.autoconfigure.properties.PropertyMappingContextCustomizer@0, org.springframework.boot.test.autoconfigure.web.servlet.WebDriverContextCustomizerFactory$Customizer@106cc338, org.springframework.boot.test.context.filter.ExcludeFilterContextCustomizer@26ceffa8, org.springframework.boot.test.json.DuplicateJsonObjectContextCustomizerFactory$DuplicateJsonObjectContextCustomizer@60129b9a, org.springframework.boot.test.mock.mockito.MockitoContextCustomizer@f203ce7a], contextLoader = 'org.springframework.test.context.support.DelegatingSmartContextLoader', parent = [null]]]
18:48:04.818 [Test worker] DEBUG org.springframework.test.context.cache - Spring test ApplicationContext cache statistics: [DefaultContextCache@41bf79da size = 1, maxSize = 32, parentContextCount = 0, hitCount = 14, missCount = 1]
18:48:04.818 [Test worker] DEBUG org.springframework.test.context.support.AbstractDirtiesContextTestExecutionListener - Before test method: context [DefaultTestContext@68b32e3e testClass = UserServiceTest, testInstance = org.waldreg.user.management.UserServiceTest@10fbbdb, testMethod = READ_ALL_USER_FAIL_CAUSE_INVALID_RANGE_TEST@UserServiceTest, testException = [null], mergedContextConfiguration = [MergedContextConfiguration@bcef303 testClass = UserServiceTest, locations = '{}', classes = '{class org.waldreg.user.management.DefaultUserManager}', contextInitializerClasses = '[]', activeProfiles = '{}', propertySourceLocations = '{}', propertySourceProperties = '{}', contextCustomizers = set[org.springframework.boot.test.autoconfigure.actuate.metrics.MetricsExportContextCustomizerFactory$DisableMetricExportContextCustomizer@3bd323e9, org.springframework.boot.test.autoconfigure.properties.PropertyMappingContextCustomizer@0, org.springframework.boot.test.autoconfigure.web.servlet.WebDriverContextCustomizerFactory$Customizer@106cc338, org.springframework.boot.test.context.filter.ExcludeFilterContextCustomizer@26ceffa8, org.springframework.boot.test.json.DuplicateJsonObjectContextCustomizerFactory$DuplicateJsonObjectContextCustomizer@60129b9a, org.springframework.boot.test.mock.mockito.MockitoContextCustomizer@f203ce7a], contextLoader = 'org.springframework.test.context.support.DelegatingSmartContextLoader', parent = [null]], attributes = map['org.springframework.test.context.event.ApplicationEventsTestExecutionListener.recordApplicationEvents' -> false]], class annotated with @DirtiesContext [false] with mode [null], method annotated with @DirtiesContext [false] with mode [null].
18:48:04.818 [Test worker] DEBUG org.springframework.test.context.cache.DefaultCacheAwareContextLoaderDelegate - Retrieved ApplicationContext [170052458] from cache with key [[MergedContextConfiguration@bcef303 testClass = UserServiceTest, locations = '{}', classes = '{class org.waldreg.user.management.DefaultUserManager}', contextInitializerClasses = '[]', activeProfiles = '{}', propertySourceLocations = '{}', propertySourceProperties = '{}', contextCustomizers = set[org.springframework.boot.test.autoconfigure.actuate.metrics.MetricsExportContextCustomizerFactory$DisableMetricExportContextCustomizer@3bd323e9, org.springframework.boot.test.autoconfigure.properties.PropertyMappingContextCustomizer@0, org.springframework.boot.test.autoconfigure.web.servlet.WebDriverContextCustomizerFactory$Customizer@106cc338, org.springframework.boot.test.context.filter.ExcludeFilterContextCustomizer@26ceffa8, org.springframework.boot.test.json.DuplicateJsonObjectContextCustomizerFactory$DuplicateJsonObjectContextCustomizer@60129b9a, org.springframework.boot.test.mock.mockito.MockitoContextCustomizer@f203ce7a], contextLoader = 'org.springframework.test.context.support.DelegatingSmartContextLoader', parent = [null]]]
18:48:04.818 [Test worker] DEBUG org.springframework.test.context.cache - Spring test ApplicationContext cache statistics: [DefaultContextCache@41bf79da size = 1, maxSize = 32, parentContextCount = 0, hitCount = 15, missCount = 1]
18:48:04.818 [Test worker] DEBUG org.springframework.test.context.cache.DefaultCacheAwareContextLoaderDelegate - Retrieved ApplicationContext [170052458] from cache with key [[MergedContextConfiguration@bcef303 testClass = UserServiceTest, locations = '{}', classes = '{class org.waldreg.user.management.DefaultUserManager}', contextInitializerClasses = '[]', activeProfiles = '{}', propertySourceLocations = '{}', propertySourceProperties = '{}', contextCustomizers = set[org.springframework.boot.test.autoconfigure.actuate.metrics.MetricsExportContextCustomizerFactory$DisableMetricExportContextCustomizer@3bd323e9, org.springframework.boot.test.autoconfigure.properties.PropertyMappingContextCustomizer@0, org.springframework.boot.test.autoconfigure.web.servlet.WebDriverContextCustomizerFactory$Customizer@106cc338, org.springframework.boot.test.context.filter.ExcludeFilterContextCustomizer@26ceffa8, org.springframework.boot.test.json.DuplicateJsonObjectContextCustomizerFactory$DuplicateJsonObjectContextCustomizer@60129b9a, org.springframework.boot.test.mock.mockito.MockitoContextCustomizer@f203ce7a], contextLoader = 'org.springframework.test.context.support.DelegatingSmartContextLoader', parent = [null]]]
18:48:04.818 [Test worker] DEBUG org.springframework.test.context.cache - Spring test ApplicationContext cache statistics: [DefaultContextCache@41bf79da size = 1, maxSize = 32, parentContextCount = 0, hitCount = 16, missCount = 1]
18:48:04.819 [Test worker] DEBUG org.springframework.test.context.cache.DefaultCacheAwareContextLoaderDelegate - Retrieved ApplicationContext [170052458] from cache with key [[MergedContextConfiguration@bcef303 testClass = UserServiceTest, locations = '{}', classes = '{class org.waldreg.user.management.DefaultUserManager}', contextInitializerClasses = '[]', activeProfiles = '{}', propertySourceLocations = '{}', propertySourceProperties = '{}', contextCustomizers = set[org.springframework.boot.test.autoconfigure.actuate.metrics.MetricsExportContextCustomizerFactory$DisableMetricExportContextCustomizer@3bd323e9, org.springframework.boot.test.autoconfigure.properties.PropertyMappingContextCustomizer@0, org.springframework.boot.test.autoconfigure.web.servlet.WebDriverContextCustomizerFactory$Customizer@106cc338, org.springframework.boot.test.context.filter.ExcludeFilterContextCustomizer@26ceffa8, org.springframework.boot.test.json.DuplicateJsonObjectContextCustomizerFactory$DuplicateJsonObjectContextCustomizer@60129b9a, org.springframework.boot.test.mock.mockito.MockitoContextCustomizer@f203ce7a], contextLoader = 'org.springframework.test.context.support.DelegatingSmartContextLoader', parent = [null]]]
18:48:04.819 [Test worker] DEBUG org.springframework.test.context.cache - Spring test ApplicationContext cache statistics: [DefaultContextCache@41bf79da size = 1, maxSize = 32, parentContextCount = 0, hitCount = 17, missCount = 1]
18:48:04.821 [Test worker] DEBUG org.springframework.test.context.cache.DefaultCacheAwareContextLoaderDelegate - Retrieved ApplicationContext [170052458] from cache with key [[MergedContextConfiguration@bcef303 testClass = UserServiceTest, locations = '{}', classes = '{class org.waldreg.user.management.DefaultUserManager}', contextInitializerClasses = '[]', activeProfiles = '{}', propertySourceLocations = '{}', propertySourceProperties = '{}', contextCustomizers = set[org.springframework.boot.test.autoconfigure.actuate.metrics.MetricsExportContextCustomizerFactory$DisableMetricExportContextCustomizer@3bd323e9, org.springframework.boot.test.autoconfigure.properties.PropertyMappingContextCustomizer@0, org.springframework.boot.test.autoconfigure.web.servlet.WebDriverContextCustomizerFactory$Customizer@106cc338, org.springframework.boot.test.context.filter.ExcludeFilterContextCustomizer@26ceffa8, org.springframework.boot.test.json.DuplicateJsonObjectContextCustomizerFactory$DuplicateJsonObjectContextCustomizer@60129b9a, org.springframework.boot.test.mock.mockito.MockitoContextCustomizer@f203ce7a], contextLoader = 'org.springframework.test.context.support.DelegatingSmartContextLoader', parent = [null]]]
18:48:04.821 [Test worker] DEBUG org.springframework.test.context.cache - Spring test ApplicationContext cache statistics: [DefaultContextCache@41bf79da size = 1, maxSize = 32, parentContextCount = 0, hitCount = 18, missCount = 1]
18:48:04.821 [Test worker] DEBUG org.springframework.test.context.cache.DefaultCacheAwareContextLoaderDelegate - Retrieved ApplicationContext [170052458] from cache with key [[MergedContextConfiguration@bcef303 testClass = UserServiceTest, locations = '{}', classes = '{class org.waldreg.user.management.DefaultUserManager}', contextInitializerClasses = '[]', activeProfiles = '{}', propertySourceLocations = '{}', propertySourceProperties = '{}', contextCustomizers = set[org.springframework.boot.test.autoconfigure.actuate.metrics.MetricsExportContextCustomizerFactory$DisableMetricExportContextCustomizer@3bd323e9, org.springframework.boot.test.autoconfigure.properties.PropertyMappingContextCustomizer@0, org.springframework.boot.test.autoconfigure.web.servlet.WebDriverContextCustomizerFactory$Customizer@106cc338, org.springframework.boot.test.context.filter.ExcludeFilterContextCustomizer@26ceffa8, org.springframework.boot.test.json.DuplicateJsonObjectContextCustomizerFactory$DuplicateJsonObjectContextCustomizer@60129b9a, org.springframework.boot.test.mock.mockito.MockitoContextCustomizer@f203ce7a], contextLoader = 'org.springframework.test.context.support.DelegatingSmartContextLoader', parent = [null]]]
18:48:04.821 [Test worker] DEBUG org.springframework.test.context.cache - Spring test ApplicationContext cache statistics: [DefaultContextCache@41bf79da size = 1, maxSize = 32, parentContextCount = 0, hitCount = 19, missCount = 1]
18:48:04.821 [Test worker] DEBUG org.springframework.test.context.cache.DefaultCacheAwareContextLoaderDelegate - Retrieved ApplicationContext [170052458] from cache with key [[MergedContextConfiguration@bcef303 testClass = UserServiceTest, locations = '{}', classes = '{class org.waldreg.user.management.DefaultUserManager}', contextInitializerClasses = '[]', activeProfiles = '{}', propertySourceLocations = '{}', propertySourceProperties = '{}', contextCustomizers = set[org.springframework.boot.test.autoconfigure.actuate.metrics.MetricsExportContextCustomizerFactory$DisableMetricExportContextCustomizer@3bd323e9, org.springframework.boot.test.autoconfigure.properties.PropertyMappingContextCustomizer@0, org.springframework.boot.test.autoconfigure.web.servlet.WebDriverContextCustomizerFactory$Customizer@106cc338, org.springframework.boot.test.context.filter.ExcludeFilterContextCustomizer@26ceffa8, org.springframework.boot.test.json.DuplicateJsonObjectContextCustomizerFactory$DuplicateJsonObjectContextCustomizer@60129b9a, org.springframework.boot.test.mock.mockito.MockitoContextCustomizer@f203ce7a], contextLoader = 'org.springframework.test.context.support.DelegatingSmartContextLoader', parent = [null]]]
18:48:04.821 [Test worker] DEBUG org.springframework.test.context.cache - Spring test ApplicationContext cache statistics: [DefaultContextCache@41bf79da size = 1, maxSize = 32, parentContextCount = 0, hitCount = 20, missCount = 1]
18:48:04.821 [Test worker] DEBUG org.springframework.test.context.cache.DefaultCacheAwareContextLoaderDelegate - Retrieved ApplicationContext [170052458] from cache with key [[MergedContextConfiguration@bcef303 testClass = UserServiceTest, locations = '{}', classes = '{class org.waldreg.user.management.DefaultUserManager}', contextInitializerClasses = '[]', activeProfiles = '{}', propertySourceLocations = '{}', propertySourceProperties = '{}', contextCustomizers = set[org.springframework.boot.test.autoconfigure.actuate.metrics.MetricsExportContextCustomizerFactory$DisableMetricExportContextCustomizer@3bd323e9, org.springframework.boot.test.autoconfigure.properties.PropertyMappingContextCustomizer@0, org.springframework.boot.test.autoconfigure.web.servlet.WebDriverContextCustomizerFactory$Customizer@106cc338, org.springframework.boot.test.context.filter.ExcludeFilterContextCustomizer@26ceffa8, org.springframework.boot.test.json.DuplicateJsonObjectContextCustomizerFactory$DuplicateJsonObjectContextCustomizer@60129b9a, org.springframework.boot.test.mock.mockito.MockitoContextCustomizer@f203ce7a], contextLoader = 'org.springframework.test.context.support.DelegatingSmartContextLoader', parent = [null]]]
18:48:04.822 [Test worker] DEBUG org.springframework.test.context.cache - Spring test ApplicationContext cache statistics: [DefaultContextCache@41bf79da size = 1, maxSize = 32, parentContextCount = 0, hitCount = 21, missCount = 1]
18:48:04.822 [Test worker] DEBUG org.springframework.test.context.cache.DefaultCacheAwareContextLoaderDelegate - Retrieved ApplicationContext [170052458] from cache with key [[MergedContextConfiguration@bcef303 testClass = UserServiceTest, locations = '{}', classes = '{class org.waldreg.user.management.DefaultUserManager}', contextInitializerClasses = '[]', activeProfiles = '{}', propertySourceLocations = '{}', propertySourceProperties = '{}', contextCustomizers = set[org.springframework.boot.test.autoconfigure.actuate.metrics.MetricsExportContextCustomizerFactory$DisableMetricExportContextCustomizer@3bd323e9, org.springframework.boot.test.autoconfigure.properties.PropertyMappingContextCustomizer@0, org.springframework.boot.test.autoconfigure.web.servlet.WebDriverContextCustomizerFactory$Customizer@106cc338, org.springframework.boot.test.context.filter.ExcludeFilterContextCustomizer@26ceffa8, org.springframework.boot.test.json.DuplicateJsonObjectContextCustomizerFactory$DuplicateJsonObjectContextCustomizer@60129b9a, org.springframework.boot.test.mock.mockito.MockitoContextCustomizer@f203ce7a], contextLoader = 'org.springframework.test.context.support.DelegatingSmartContextLoader', parent = [null]]]
18:48:04.822 [Test worker] DEBUG org.springframework.test.context.cache - Spring test ApplicationContext cache statistics: [DefaultContextCache@41bf79da size = 1, maxSize = 32, parentContextCount = 0, hitCount = 22, missCount = 1]
18:48:04.822 [Test worker] DEBUG org.springframework.test.context.cache.DefaultCacheAwareContextLoaderDelegate - Retrieved ApplicationContext [170052458] from cache with key [[MergedContextConfiguration@bcef303 testClass = UserServiceTest, locations = '{}', classes = '{class org.waldreg.user.management.DefaultUserManager}', contextInitializerClasses = '[]', activeProfiles = '{}', propertySourceLocations = '{}', propertySourceProperties = '{}', contextCustomizers = set[org.springframework.boot.test.autoconfigure.actuate.metrics.MetricsExportContextCustomizerFactory$DisableMetricExportContextCustomizer@3bd323e9, org.springframework.boot.test.autoconfigure.properties.PropertyMappingContextCustomizer@0, org.springframework.boot.test.autoconfigure.web.servlet.WebDriverContextCustomizerFactory$Customizer@106cc338, org.springframework.boot.test.context.filter.ExcludeFilterContextCustomizer@26ceffa8, org.springframework.boot.test.json.DuplicateJsonObjectContextCustomizerFactory$DuplicateJsonObjectContextCustomizer@60129b9a, org.springframework.boot.test.mock.mockito.MockitoContextCustomizer@f203ce7a], contextLoader = 'org.springframework.test.context.support.DelegatingSmartContextLoader', parent = [null]]]
18:48:04.822 [Test worker] DEBUG org.springframework.test.context.cache - Spring test ApplicationContext cache statistics: [DefaultContextCache@41bf79da size = 1, maxSize = 32, parentContextCount = 0, hitCount = 23, missCount = 1]
18:48:04.822 [Test worker] DEBUG org.springframework.test.context.support.AbstractDirtiesContextTestExecutionListener - After test method: context [DefaultTestContext@68b32e3e testClass = UserServiceTest, testInstance = org.waldreg.user.management.UserServiceTest@10fbbdb, testMethod = READ_ALL_USER_FAIL_CAUSE_INVALID_RANGE_TEST@UserServiceTest, testException = [null], mergedContextConfiguration = [MergedContextConfiguration@bcef303 testClass = UserServiceTest, locations = '{}', classes = '{class org.waldreg.user.management.DefaultUserManager}', contextInitializerClasses = '[]', activeProfiles = '{}', propertySourceLocations = '{}', propertySourceProperties = '{}', contextCustomizers = set[org.springframework.boot.test.autoconfigure.actuate.metrics.MetricsExportContextCustomizerFactory$DisableMetricExportContextCustomizer@3bd323e9, org.springframework.boot.test.autoconfigure.properties.PropertyMappingContextCustomizer@0, org.springframework.boot.test.autoconfigure.web.servlet.WebDriverContextCustomizerFactory$Customizer@106cc338, org.springframework.boot.test.context.filter.ExcludeFilterContextCustomizer@26ceffa8, org.springframework.boot.test.json.DuplicateJsonObjectContextCustomizerFactory$DuplicateJsonObjectContextCustomizer@60129b9a, org.springframework.boot.test.mock.mockito.MockitoContextCustomizer@f203ce7a], contextLoader = 'org.springframework.test.context.support.DelegatingSmartContextLoader', parent = [null]], attributes = map['org.springframework.test.context.event.ApplicationEventsTestExecutionListener.recordApplicationEvents' -> false]], class annotated with @DirtiesContext [false] with mode [null], method annotated with @DirtiesContext [false] with mode [null].
18:48:04.823 [Test worker] DEBUG org.springframework.test.context.cache.DefaultCacheAwareContextLoaderDelegate - Retrieved ApplicationContext [170052458] from cache with key [[MergedContextConfiguration@bcef303 testClass = UserServiceTest, locations = '{}', classes = '{class org.waldreg.user.management.DefaultUserManager}', contextInitializerClasses = '[]', activeProfiles = '{}', propertySourceLocations = '{}', propertySourceProperties = '{}', contextCustomizers = set[org.springframework.boot.test.autoconfigure.actuate.metrics.MetricsExportContextCustomizerFactory$DisableMetricExportContextCustomizer@3bd323e9, org.springframework.boot.test.autoconfigure.properties.PropertyMappingContextCustomizer@0, org.springframework.boot.test.autoconfigure.web.servlet.WebDriverContextCustomizerFactory$Customizer@106cc338, org.springframework.boot.test.context.filter.ExcludeFilterContextCustomizer@26ceffa8, org.springframework.boot.test.json.DuplicateJsonObjectContextCustomizerFactory$DuplicateJsonObjectContextCustomizer@60129b9a, org.springframework.boot.test.mock.mockito.MockitoContextCustomizer@f203ce7a], contextLoader = 'org.springframework.test.context.support.DelegatingSmartContextLoader', parent = [null]]]
18:48:04.823 [Test worker] DEBUG org.springframework.test.context.cache - Spring test ApplicationContext cache statistics: [DefaultContextCache@41bf79da size = 1, maxSize = 32, parentContextCount = 0, hitCount = 24, missCount = 1]
18:48:04.823 [Test worker] DEBUG org.springframework.test.context.support.DependencyInjectionTestExecutionListener - Performing dependency injection for test context [[DefaultTestContext@68b32e3e testClass = UserServiceTest, testInstance = org.waldreg.user.management.UserServiceTest@73fc518f, testMethod = [null], testException = [null], mergedContextConfiguration = [MergedContextConfiguration@bcef303 testClass = UserServiceTest, locations = '{}', classes = '{class org.waldreg.user.management.DefaultUserManager}', contextInitializerClasses = '[]', activeProfiles = '{}', propertySourceLocations = '{}', propertySourceProperties = '{}', contextCustomizers = set[org.springframework.boot.test.autoconfigure.actuate.metrics.MetricsExportContextCustomizerFactory$DisableMetricExportContextCustomizer@3bd323e9, org.springframework.boot.test.autoconfigure.properties.PropertyMappingContextCustomizer@0, org.springframework.boot.test.autoconfigure.web.servlet.WebDriverContextCustomizerFactory$Customizer@106cc338, org.springframework.boot.test.context.filter.ExcludeFilterContextCustomizer@26ceffa8, org.springframework.boot.test.json.DuplicateJsonObjectContextCustomizerFactory$DuplicateJsonObjectContextCustomizer@60129b9a, org.springframework.boot.test.mock.mockito.MockitoContextCustomizer@f203ce7a], contextLoader = 'org.springframework.test.context.support.DelegatingSmartContextLoader', parent = [null]], attributes = map['org.springframework.test.context.event.ApplicationEventsTestExecutionListener.recordApplicationEvents' -> false]]].
18:48:04.823 [Test worker] DEBUG org.springframework.test.context.cache.DefaultCacheAwareContextLoaderDelegate - Retrieved ApplicationContext [170052458] from cache with key [[MergedContextConfiguration@bcef303 testClass = UserServiceTest, locations = '{}', classes = '{class org.waldreg.user.management.DefaultUserManager}', contextInitializerClasses = '[]', activeProfiles = '{}', propertySourceLocations = '{}', propertySourceProperties = '{}', contextCustomizers = set[org.springframework.boot.test.autoconfigure.actuate.metrics.MetricsExportContextCustomizerFactory$DisableMetricExportContextCustomizer@3bd323e9, org.springframework.boot.test.autoconfigure.properties.PropertyMappingContextCustomizer@0, org.springframework.boot.test.autoconfigure.web.servlet.WebDriverContextCustomizerFactory$Customizer@106cc338, org.springframework.boot.test.context.filter.ExcludeFilterContextCustomizer@26ceffa8, org.springframework.boot.test.json.DuplicateJsonObjectContextCustomizerFactory$DuplicateJsonObjectContextCustomizer@60129b9a, org.springframework.boot.test.mock.mockito.MockitoContextCustomizer@f203ce7a], contextLoader = 'org.springframework.test.context.support.DelegatingSmartContextLoader', parent = [null]]]
18:48:04.823 [Test worker] DEBUG org.springframework.test.context.cache - Spring test ApplicationContext cache statistics: [DefaultContextCache@41bf79da size = 1, maxSize = 32, parentContextCount = 0, hitCount = 25, missCount = 1]
18:48:04.823 [Test worker] DEBUG org.springframework.test.context.cache.DefaultCacheAwareContextLoaderDelegate - Retrieved ApplicationContext [170052458] from cache with key [[MergedContextConfiguration@bcef303 testClass = UserServiceTest, locations = '{}', classes = '{class org.waldreg.user.management.DefaultUserManager}', contextInitializerClasses = '[]', activeProfiles = '{}', propertySourceLocations = '{}', propertySourceProperties = '{}', contextCustomizers = set[org.springframework.boot.test.autoconfigure.actuate.metrics.MetricsExportContextCustomizerFactory$DisableMetricExportContextCustomizer@3bd323e9, org.springframework.boot.test.autoconfigure.properties.PropertyMappingContextCustomizer@0, org.springframework.boot.test.autoconfigure.web.servlet.WebDriverContextCustomizerFactory$Customizer@106cc338, org.springframework.boot.test.context.filter.ExcludeFilterContextCustomizer@26ceffa8, org.springframework.boot.test.json.DuplicateJsonObjectContextCustomizerFactory$DuplicateJsonObjectContextCustomizer@60129b9a, org.springframework.boot.test.mock.mockito.MockitoContextCustomizer@f203ce7a], contextLoader = 'org.springframework.test.context.support.DelegatingSmartContextLoader', parent = [null]]]
18:48:04.823 [Test worker] DEBUG org.springframework.test.context.cache - Spring test ApplicationContext cache statistics: [DefaultContextCache@41bf79da size = 1, maxSize = 32, parentContextCount = 0, hitCount = 26, missCount = 1]
18:48:04.823 [Test worker] DEBUG org.springframework.test.context.support.AbstractDirtiesContextTestExecutionListener - Before test method: context [DefaultTestContext@68b32e3e testClass = UserServiceTest, testInstance = org.waldreg.user.management.UserServiceTest@73fc518f, testMethod = READ_SPECIFIC_USER_SUCCESS_TEST@UserServiceTest, testException = [null], mergedContextConfiguration = [MergedContextConfiguration@bcef303 testClass = UserServiceTest, locations = '{}', classes = '{class org.waldreg.user.management.DefaultUserManager}', contextInitializerClasses = '[]', activeProfiles = '{}', propertySourceLocations = '{}', propertySourceProperties = '{}', contextCustomizers = set[org.springframework.boot.test.autoconfigure.actuate.metrics.MetricsExportContextCustomizerFactory$DisableMetricExportContextCustomizer@3bd323e9, org.springframework.boot.test.autoconfigure.properties.PropertyMappingContextCustomizer@0, org.springframework.boot.test.autoconfigure.web.servlet.WebDriverContextCustomizerFactory$Customizer@106cc338, org.springframework.boot.test.context.filter.ExcludeFilterContextCustomizer@26ceffa8, org.springframework.boot.test.json.DuplicateJsonObjectContextCustomizerFactory$DuplicateJsonObjectContextCustomizer@60129b9a, org.springframework.boot.test.mock.mockito.MockitoContextCustomizer@f203ce7a], contextLoader = 'org.springframework.test.context.support.DelegatingSmartContextLoader', parent = [null]], attributes = map['org.springframework.test.context.event.ApplicationEventsTestExecutionListener.recordApplicationEvents' -> false]], class annotated with @DirtiesContext [false] with mode [null], method annotated with @DirtiesContext [false] with mode [null].
18:48:04.823 [Test worker] DEBUG org.springframework.test.context.cache.DefaultCacheAwareContextLoaderDelegate - Retrieved ApplicationContext [170052458] from cache with key [[MergedContextConfiguration@bcef303 testClass = UserServiceTest, locations = '{}', classes = '{class org.waldreg.user.management.DefaultUserManager}', contextInitializerClasses = '[]', activeProfiles = '{}', propertySourceLocations = '{}', propertySourceProperties = '{}', contextCustomizers = set[org.springframework.boot.test.autoconfigure.actuate.metrics.MetricsExportContextCustomizerFactory$DisableMetricExportContextCustomizer@3bd323e9, org.springframework.boot.test.autoconfigure.properties.PropertyMappingContextCustomizer@0, org.springframework.boot.test.autoconfigure.web.servlet.WebDriverContextCustomizerFactory$Customizer@106cc338, org.springframework.boot.test.context.filter.ExcludeFilterContextCustomizer@26ceffa8, org.springframework.boot.test.json.DuplicateJsonObjectContextCustomizerFactory$DuplicateJsonObjectContextCustomizer@60129b9a, org.springframework.boot.test.mock.mockito.MockitoContextCustomizer@f203ce7a], contextLoader = 'org.springframework.test.context.support.DelegatingSmartContextLoader', parent = [null]]]
18:48:04.824 [Test worker] DEBUG org.springframework.test.context.cache - Spring test ApplicationContext cache statistics: [DefaultContextCache@41bf79da size = 1, maxSize = 32, parentContextCount = 0, hitCount = 27, missCount = 1]
18:48:04.824 [Test worker] DEBUG org.springframework.test.context.cache.DefaultCacheAwareContextLoaderDelegate - Retrieved ApplicationContext [170052458] from cache with key [[MergedContextConfiguration@bcef303 testClass = UserServiceTest, locations = '{}', classes = '{class org.waldreg.user.management.DefaultUserManager}', contextInitializerClasses = '[]', activeProfiles = '{}', propertySourceLocations = '{}', propertySourceProperties = '{}', contextCustomizers = set[org.springframework.boot.test.autoconfigure.actuate.metrics.MetricsExportContextCustomizerFactory$DisableMetricExportContextCustomizer@3bd323e9, org.springframework.boot.test.autoconfigure.properties.PropertyMappingContextCustomizer@0, org.springframework.boot.test.autoconfigure.web.servlet.WebDriverContextCustomizerFactory$Customizer@106cc338, org.springframework.boot.test.context.filter.ExcludeFilterContextCustomizer@26ceffa8, org.springframework.boot.test.json.DuplicateJsonObjectContextCustomizerFactory$DuplicateJsonObjectContextCustomizer@60129b9a, org.springframework.boot.test.mock.mockito.MockitoContextCustomizer@f203ce7a], contextLoader = 'org.springframework.test.context.support.DelegatingSmartContextLoader', parent = [null]]]
18:48:04.824 [Test worker] DEBUG org.springframework.test.context.cache - Spring test ApplicationContext cache statistics: [DefaultContextCache@41bf79da size = 1, maxSize = 32, parentContextCount = 0, hitCount = 28, missCount = 1]
18:48:04.824 [Test worker] DEBUG org.springframework.test.context.cache.DefaultCacheAwareContextLoaderDelegate - Retrieved ApplicationContext [170052458] from cache with key [[MergedContextConfiguration@bcef303 testClass = UserServiceTest, locations = '{}', classes = '{class org.waldreg.user.management.DefaultUserManager}', contextInitializerClasses = '[]', activeProfiles = '{}', propertySourceLocations = '{}', propertySourceProperties = '{}', contextCustomizers = set[org.springframework.boot.test.autoconfigure.actuate.metrics.MetricsExportContextCustomizerFactory$DisableMetricExportContextCustomizer@3bd323e9, org.springframework.boot.test.autoconfigure.properties.PropertyMappingContextCustomizer@0, org.springframework.boot.test.autoconfigure.web.servlet.WebDriverContextCustomizerFactory$Customizer@106cc338, org.springframework.boot.test.context.filter.ExcludeFilterContextCustomizer@26ceffa8, org.springframework.boot.test.json.DuplicateJsonObjectContextCustomizerFactory$DuplicateJsonObjectContextCustomizer@60129b9a, org.springframework.boot.test.mock.mockito.MockitoContextCustomizer@f203ce7a], contextLoader = 'org.springframework.test.context.support.DelegatingSmartContextLoader', parent = [null]]]
18:48:04.824 [Test worker] DEBUG org.springframework.test.context.cache - Spring test ApplicationContext cache statistics: [DefaultContextCache@41bf79da size = 1, maxSize = 32, parentContextCount = 0, hitCount = 29, missCount = 1]
18:48:04.825 [Test worker] DEBUG org.springframework.test.context.cache.DefaultCacheAwareContextLoaderDelegate - Retrieved ApplicationContext [170052458] from cache with key [[MergedContextConfiguration@bcef303 testClass = UserServiceTest, locations = '{}', classes = '{class org.waldreg.user.management.DefaultUserManager}', contextInitializerClasses = '[]', activeProfiles = '{}', propertySourceLocations = '{}', propertySourceProperties = '{}', contextCustomizers = set[org.springframework.boot.test.autoconfigure.actuate.metrics.MetricsExportContextCustomizerFactory$DisableMetricExportContextCustomizer@3bd323e9, org.springframework.boot.test.autoconfigure.properties.PropertyMappingContextCustomizer@0, org.springframework.boot.test.autoconfigure.web.servlet.WebDriverContextCustomizerFactory$Customizer@106cc338, org.springframework.boot.test.context.filter.ExcludeFilterContextCustomizer@26ceffa8, org.springframework.boot.test.json.DuplicateJsonObjectContextCustomizerFactory$DuplicateJsonObjectContextCustomizer@60129b9a, org.springframework.boot.test.mock.mockito.MockitoContextCustomizer@f203ce7a], contextLoader = 'org.springframework.test.context.support.DelegatingSmartContextLoader', parent = [null]]]
18:48:04.825 [Test worker] DEBUG org.springframework.test.context.cache - Spring test ApplicationContext cache statistics: [DefaultContextCache@41bf79da size = 1, maxSize = 32, parentContextCount = 0, hitCount = 30, missCount = 1]
18:48:04.825 [Test worker] DEBUG org.springframework.test.context.cache.DefaultCacheAwareContextLoaderDelegate - Retrieved ApplicationContext [170052458] from cache with key [[MergedContextConfiguration@bcef303 testClass = UserServiceTest, locations = '{}', classes = '{class org.waldreg.user.management.DefaultUserManager}', contextInitializerClasses = '[]', activeProfiles = '{}', propertySourceLocations = '{}', propertySourceProperties = '{}', contextCustomizers = set[org.springframework.boot.test.autoconfigure.actuate.metrics.MetricsExportContextCustomizerFactory$DisableMetricExportContextCustomizer@3bd323e9, org.springframework.boot.test.autoconfigure.properties.PropertyMappingContextCustomizer@0, org.springframework.boot.test.autoconfigure.web.servlet.WebDriverContextCustomizerFactory$Customizer@106cc338, org.springframework.boot.test.context.filter.ExcludeFilterContextCustomizer@26ceffa8, org.springframework.boot.test.json.DuplicateJsonObjectContextCustomizerFactory$DuplicateJsonObjectContextCustomizer@60129b9a, org.springframework.boot.test.mock.mockito.MockitoContextCustomizer@f203ce7a], contextLoader = 'org.springframework.test.context.support.DelegatingSmartContextLoader', parent = [null]]]
18:48:04.825 [Test worker] DEBUG org.springframework.test.context.cache - Spring test ApplicationContext cache statistics: [DefaultContextCache@41bf79da size = 1, maxSize = 32, parentContextCount = 0, hitCount = 31, missCount = 1]
18:48:04.825 [Test worker] DEBUG org.springframework.test.context.cache.DefaultCacheAwareContextLoaderDelegate - Retrieved ApplicationContext [170052458] from cache with key [[MergedContextConfiguration@bcef303 testClass = UserServiceTest, locations = '{}', classes = '{class org.waldreg.user.management.DefaultUserManager}', contextInitializerClasses = '[]', activeProfiles = '{}', propertySourceLocations = '{}', propertySourceProperties = '{}', contextCustomizers = set[org.springframework.boot.test.autoconfigure.actuate.metrics.MetricsExportContextCustomizerFactory$DisableMetricExportContextCustomizer@3bd323e9, org.springframework.boot.test.autoconfigure.properties.PropertyMappingContextCustomizer@0, org.springframework.boot.test.autoconfigure.web.servlet.WebDriverContextCustomizerFactory$Customizer@106cc338, org.springframework.boot.test.context.filter.ExcludeFilterContextCustomizer@26ceffa8, org.springframework.boot.test.json.DuplicateJsonObjectContextCustomizerFactory$DuplicateJsonObjectContextCustomizer@60129b9a, org.springframework.boot.test.mock.mockito.MockitoContextCustomizer@f203ce7a], contextLoader = 'org.springframework.test.context.support.DelegatingSmartContextLoader', parent = [null]]]
18:48:04.826 [Test worker] DEBUG org.springframework.test.context.cache - Spring test ApplicationContext cache statistics: [DefaultContextCache@41bf79da size = 1, maxSize = 32, parentContextCount = 0, hitCount = 32, missCount = 1]
18:48:04.826 [Test worker] DEBUG org.springframework.test.context.cache.DefaultCacheAwareContextLoaderDelegate - Retrieved ApplicationContext [170052458] from cache with key [[MergedContextConfiguration@bcef303 testClass = UserServiceTest, locations = '{}', classes = '{class org.waldreg.user.management.DefaultUserManager}', contextInitializerClasses = '[]', activeProfiles = '{}', propertySourceLocations = '{}', propertySourceProperties = '{}', contextCustomizers = set[org.springframework.boot.test.autoconfigure.actuate.metrics.MetricsExportContextCustomizerFactory$DisableMetricExportContextCustomizer@3bd323e9, org.springframework.boot.test.autoconfigure.properties.PropertyMappingContextCustomizer@0, org.springframework.boot.test.autoconfigure.web.servlet.WebDriverContextCustomizerFactory$Customizer@106cc338, org.springframework.boot.test.context.filter.ExcludeFilterContextCustomizer@26ceffa8, org.springframework.boot.test.json.DuplicateJsonObjectContextCustomizerFactory$DuplicateJsonObjectContextCustomizer@60129b9a, org.springframework.boot.test.mock.mockito.MockitoContextCustomizer@f203ce7a], contextLoader = 'org.springframework.test.context.support.DelegatingSmartContextLoader', parent = [null]]]
18:48:04.826 [Test worker] DEBUG org.springframework.test.context.cache - Spring test ApplicationContext cache statistics: [DefaultContextCache@41bf79da size = 1, maxSize = 32, parentContextCount = 0, hitCount = 33, missCount = 1]
18:48:04.826 [Test worker] DEBUG org.springframework.test.context.cache.DefaultCacheAwareContextLoaderDelegate - Retrieved ApplicationContext [170052458] from cache with key [[MergedContextConfiguration@bcef303 testClass = UserServiceTest, locations = '{}', classes = '{class org.waldreg.user.management.DefaultUserManager}', contextInitializerClasses = '[]', activeProfiles = '{}', propertySourceLocations = '{}', propertySourceProperties = '{}', contextCustomizers = set[org.springframework.boot.test.autoconfigure.actuate.metrics.MetricsExportContextCustomizerFactory$DisableMetricExportContextCustomizer@3bd323e9, org.springframework.boot.test.autoconfigure.properties.PropertyMappingContextCustomizer@0, org.springframework.boot.test.autoconfigure.web.servlet.WebDriverContextCustomizerFactory$Customizer@106cc338, org.springframework.boot.test.context.filter.ExcludeFilterContextCustomizer@26ceffa8, org.springframework.boot.test.json.DuplicateJsonObjectContextCustomizerFactory$DuplicateJsonObjectContextCustomizer@60129b9a, org.springframework.boot.test.mock.mockito.MockitoContextCustomizer@f203ce7a], contextLoader = 'org.springframework.test.context.support.DelegatingSmartContextLoader', parent = [null]]]
18:48:04.826 [Test worker] DEBUG org.springframework.test.context.cache - Spring test ApplicationContext cache statistics: [DefaultContextCache@41bf79da size = 1, maxSize = 32, parentContextCount = 0, hitCount = 34, missCount = 1]
18:48:04.826 [Test worker] DEBUG org.springframework.test.context.cache.DefaultCacheAwareContextLoaderDelegate - Retrieved ApplicationContext [170052458] from cache with key [[MergedContextConfiguration@bcef303 testClass = UserServiceTest, locations = '{}', classes = '{class org.waldreg.user.management.DefaultUserManager}', contextInitializerClasses = '[]', activeProfiles = '{}', propertySourceLocations = '{}', propertySourceProperties = '{}', contextCustomizers = set[org.springframework.boot.test.autoconfigure.actuate.metrics.MetricsExportContextCustomizerFactory$DisableMetricExportContextCustomizer@3bd323e9, org.springframework.boot.test.autoconfigure.properties.PropertyMappingContextCustomizer@0, org.springframework.boot.test.autoconfigure.web.servlet.WebDriverContextCustomizerFactory$Customizer@106cc338, org.springframework.boot.test.context.filter.ExcludeFilterContextCustomizer@26ceffa8, org.springframework.boot.test.json.DuplicateJsonObjectContextCustomizerFactory$DuplicateJsonObjectContextCustomizer@60129b9a, org.springframework.boot.test.mock.mockito.MockitoContextCustomizer@f203ce7a], contextLoader = 'org.springframework.test.context.support.DelegatingSmartContextLoader', parent = [null]]]
18:48:04.826 [Test worker] DEBUG org.springframework.test.context.cache - Spring test ApplicationContext cache statistics: [DefaultContextCache@41bf79da size = 1, maxSize = 32, parentContextCount = 0, hitCount = 35, missCount = 1]
18:48:04.826 [Test worker] DEBUG org.springframework.test.context.support.AbstractDirtiesContextTestExecutionListener - After test method: context [DefaultTestContext@68b32e3e testClass = UserServiceTest, testInstance = org.waldreg.user.management.UserServiceTest@73fc518f, testMethod = READ_SPECIFIC_USER_SUCCESS_TEST@UserServiceTest, testException = [null], mergedContextConfiguration = [MergedContextConfiguration@bcef303 testClass = UserServiceTest, locations = '{}', classes = '{class org.waldreg.user.management.DefaultUserManager}', contextInitializerClasses = '[]', activeProfiles = '{}', propertySourceLocations = '{}', propertySourceProperties = '{}', contextCustomizers = set[org.springframework.boot.test.autoconfigure.actuate.metrics.MetricsExportContextCustomizerFactory$DisableMetricExportContextCustomizer@3bd323e9, org.springframework.boot.test.autoconfigure.properties.PropertyMappingContextCustomizer@0, org.springframework.boot.test.autoconfigure.web.servlet.WebDriverContextCustomizerFactory$Customizer@106cc338, org.springframework.boot.test.context.filter.ExcludeFilterContextCustomizer@26ceffa8, org.springframework.boot.test.json.DuplicateJsonObjectContextCustomizerFactory$DuplicateJsonObjectContextCustomizer@60129b9a, org.springframework.boot.test.mock.mockito.MockitoContextCustomizer@f203ce7a], contextLoader = 'org.springframework.test.context.support.DelegatingSmartContextLoader', parent = [null]], attributes = map['org.springframework.test.context.event.ApplicationEventsTestExecutionListener.recordApplicationEvents' -> false]], class annotated with @DirtiesContext [false] with mode [null], method annotated with @DirtiesContext [false] with mode [null].
18:48:04.826 [Test worker] DEBUG org.springframework.test.context.cache.DefaultCacheAwareContextLoaderDelegate - Retrieved ApplicationContext [170052458] from cache with key [[MergedContextConfiguration@bcef303 testClass = UserServiceTest, locations = '{}', classes = '{class org.waldreg.user.management.DefaultUserManager}', contextInitializerClasses = '[]', activeProfiles = '{}', propertySourceLocations = '{}', propertySourceProperties = '{}', contextCustomizers = set[org.springframework.boot.test.autoconfigure.actuate.metrics.MetricsExportContextCustomizerFactory$DisableMetricExportContextCustomizer@3bd323e9, org.springframework.boot.test.autoconfigure.properties.PropertyMappingContextCustomizer@0, org.springframework.boot.test.autoconfigure.web.servlet.WebDriverContextCustomizerFactory$Customizer@106cc338, org.springframework.boot.test.context.filter.ExcludeFilterContextCustomizer@26ceffa8, org.springframework.boot.test.json.DuplicateJsonObjectContextCustomizerFactory$DuplicateJsonObjectContextCustomizer@60129b9a, org.springframework.boot.test.mock.mockito.MockitoContextCustomizer@f203ce7a], contextLoader = 'org.springframework.test.context.support.DelegatingSmartContextLoader', parent = [null]]]
18:48:04.826 [Test worker] DEBUG org.springframework.test.context.cache - Spring test ApplicationContext cache statistics: [DefaultContextCache@41bf79da size = 1, maxSize = 32, parentContextCount = 0, hitCount = 36, missCount = 1]
18:48:04.827 [Test worker] DEBUG org.springframework.test.context.support.DependencyInjectionTestExecutionListener - Performing dependency injection for test context [[DefaultTestContext@68b32e3e testClass = UserServiceTest, testInstance = org.waldreg.user.management.UserServiceTest@6cd166b8, testMethod = [null], testException = [null], mergedContextConfiguration = [MergedContextConfiguration@bcef303 testClass = UserServiceTest, locations = '{}', classes = '{class org.waldreg.user.management.DefaultUserManager}', contextInitializerClasses = '[]', activeProfiles = '{}', propertySourceLocations = '{}', propertySourceProperties = '{}', contextCustomizers = set[org.springframework.boot.test.autoconfigure.actuate.metrics.MetricsExportContextCustomizerFactory$DisableMetricExportContextCustomizer@3bd323e9, org.springframework.boot.test.autoconfigure.properties.PropertyMappingContextCustomizer@0, org.springframework.boot.test.autoconfigure.web.servlet.WebDriverContextCustomizerFactory$Customizer@106cc338, org.springframework.boot.test.context.filter.ExcludeFilterContextCustomizer@26ceffa8, org.springframework.boot.test.json.DuplicateJsonObjectContextCustomizerFactory$DuplicateJsonObjectContextCustomizer@60129b9a, org.springframework.boot.test.mock.mockito.MockitoContextCustomizer@f203ce7a], contextLoader = 'org.springframework.test.context.support.DelegatingSmartContextLoader', parent = [null]], attributes = map['org.springframework.test.context.event.ApplicationEventsTestExecutionListener.recordApplicationEvents' -> false]]].
18:48:04.827 [Test worker] DEBUG org.springframework.test.context.cache.DefaultCacheAwareContextLoaderDelegate - Retrieved ApplicationContext [170052458] from cache with key [[MergedContextConfiguration@bcef303 testClass = UserServiceTest, locations = '{}', classes = '{class org.waldreg.user.management.DefaultUserManager}', contextInitializerClasses = '[]', activeProfiles = '{}', propertySourceLocations = '{}', propertySourceProperties = '{}', contextCustomizers = set[org.springframework.boot.test.autoconfigure.actuate.metrics.MetricsExportContextCustomizerFactory$DisableMetricExportContextCustomizer@3bd323e9, org.springframework.boot.test.autoconfigure.properties.PropertyMappingContextCustomizer@0, org.springframework.boot.test.autoconfigure.web.servlet.WebDriverContextCustomizerFactory$Customizer@106cc338, org.springframework.boot.test.context.filter.ExcludeFilterContextCustomizer@26ceffa8, org.springframework.boot.test.json.DuplicateJsonObjectContextCustomizerFactory$DuplicateJsonObjectContextCustomizer@60129b9a, org.springframework.boot.test.mock.mockito.MockitoContextCustomizer@f203ce7a], contextLoader = 'org.springframework.test.context.support.DelegatingSmartContextLoader', parent = [null]]]
18:48:04.827 [Test worker] DEBUG org.springframework.test.context.cache - Spring test ApplicationContext cache statistics: [DefaultContextCache@41bf79da size = 1, maxSize = 32, parentContextCount = 0, hitCount = 37, missCount = 1]
18:48:04.827 [Test worker] DEBUG org.springframework.test.context.cache.DefaultCacheAwareContextLoaderDelegate - Retrieved ApplicationContext [170052458] from cache with key [[MergedContextConfiguration@bcef303 testClass = UserServiceTest, locations = '{}', classes = '{class org.waldreg.user.management.DefaultUserManager}', contextInitializerClasses = '[]', activeProfiles = '{}', propertySourceLocations = '{}', propertySourceProperties = '{}', contextCustomizers = set[org.springframework.boot.test.autoconfigure.actuate.metrics.MetricsExportContextCustomizerFactory$DisableMetricExportContextCustomizer@3bd323e9, org.springframework.boot.test.autoconfigure.properties.PropertyMappingContextCustomizer@0, org.springframework.boot.test.autoconfigure.web.servlet.WebDriverContextCustomizerFactory$Customizer@106cc338, org.springframework.boot.test.context.filter.ExcludeFilterContextCustomizer@26ceffa8, org.springframework.boot.test.json.DuplicateJsonObjectContextCustomizerFactory$DuplicateJsonObjectContextCustomizer@60129b9a, org.springframework.boot.test.mock.mockito.MockitoContextCustomizer@f203ce7a], contextLoader = 'org.springframework.test.context.support.DelegatingSmartContextLoader', parent = [null]]]
18:48:04.827 [Test worker] DEBUG org.springframework.test.context.cache - Spring test ApplicationContext cache statistics: [DefaultContextCache@41bf79da size = 1, maxSize = 32, parentContextCount = 0, hitCount = 38, missCount = 1]
18:48:04.827 [Test worker] DEBUG org.springframework.test.context.support.AbstractDirtiesContextTestExecutionListener - Before test method: context [DefaultTestContext@68b32e3e testClass = UserServiceTest, testInstance = org.waldreg.user.management.UserServiceTest@6cd166b8, testMethod = CREATE_USER_SUCCESS_TEST@UserServiceTest, testException = [null], mergedContextConfiguration = [MergedContextConfiguration@bcef303 testClass = UserServiceTest, locations = '{}', classes = '{class org.waldreg.user.management.DefaultUserManager}', contextInitializerClasses = '[]', activeProfiles = '{}', propertySourceLocations = '{}', propertySourceProperties = '{}', contextCustomizers = set[org.springframework.boot.test.autoconfigure.actuate.metrics.MetricsExportContextCustomizerFactory$DisableMetricExportContextCustomizer@3bd323e9, org.springframework.boot.test.autoconfigure.properties.PropertyMappingContextCustomizer@0, org.springframework.boot.test.autoconfigure.web.servlet.WebDriverContextCustomizerFactory$Customizer@106cc338, org.springframework.boot.test.context.filter.ExcludeFilterContextCustomizer@26ceffa8, org.springframework.boot.test.json.DuplicateJsonObjectContextCustomizerFactory$DuplicateJsonObjectContextCustomizer@60129b9a, org.springframework.boot.test.mock.mockito.MockitoContextCustomizer@f203ce7a], contextLoader = 'org.springframework.test.context.support.DelegatingSmartContextLoader', parent = [null]], attributes = map['org.springframework.test.context.event.ApplicationEventsTestExecutionListener.recordApplicationEvents' -> false]], class annotated with @DirtiesContext [false] with mode [null], method annotated with @DirtiesContext [false] with mode [null].
18:48:04.827 [Test worker] DEBUG org.springframework.test.context.cache.DefaultCacheAwareContextLoaderDelegate - Retrieved ApplicationContext [170052458] from cache with key [[MergedContextConfiguration@bcef303 testClass = UserServiceTest, locations = '{}', classes = '{class org.waldreg.user.management.DefaultUserManager}', contextInitializerClasses = '[]', activeProfiles = '{}', propertySourceLocations = '{}', propertySourceProperties = '{}', contextCustomizers = set[org.springframework.boot.test.autoconfigure.actuate.metrics.MetricsExportContextCustomizerFactory$DisableMetricExportContextCustomizer@3bd323e9, org.springframework.boot.test.autoconfigure.properties.PropertyMappingContextCustomizer@0, org.springframework.boot.test.autoconfigure.web.servlet.WebDriverContextCustomizerFactory$Customizer@106cc338, org.springframework.boot.test.context.filter.ExcludeFilterContextCustomizer@26ceffa8, org.springframework.boot.test.json.DuplicateJsonObjectContextCustomizerFactory$DuplicateJsonObjectContextCustomizer@60129b9a, org.springframework.boot.test.mock.mockito.MockitoContextCustomizer@f203ce7a], contextLoader = 'org.springframework.test.context.support.DelegatingSmartContextLoader', parent = [null]]]
18:48:04.827 [Test worker] DEBUG org.springframework.test.context.cache - Spring test ApplicationContext cache statistics: [DefaultContextCache@41bf79da size = 1, maxSize = 32, parentContextCount = 0, hitCount = 39, missCount = 1]
18:48:04.827 [Test worker] DEBUG org.springframework.test.context.cache.DefaultCacheAwareContextLoaderDelegate - Retrieved ApplicationContext [170052458] from cache with key [[MergedContextConfiguration@bcef303 testClass = UserServiceTest, locations = '{}', classes = '{class org.waldreg.user.management.DefaultUserManager}', contextInitializerClasses = '[]', activeProfiles = '{}', propertySourceLocations = '{}', propertySourceProperties = '{}', contextCustomizers = set[org.springframework.boot.test.autoconfigure.actuate.metrics.MetricsExportContextCustomizerFactory$DisableMetricExportContextCustomizer@3bd323e9, org.springframework.boot.test.autoconfigure.properties.PropertyMappingContextCustomizer@0, org.springframework.boot.test.autoconfigure.web.servlet.WebDriverContextCustomizerFactory$Customizer@106cc338, org.springframework.boot.test.context.filter.ExcludeFilterContextCustomizer@26ceffa8, org.springframework.boot.test.json.DuplicateJsonObjectContextCustomizerFactory$DuplicateJsonObjectContextCustomizer@60129b9a, org.springframework.boot.test.mock.mockito.MockitoContextCustomizer@f203ce7a], contextLoader = 'org.springframework.test.context.support.DelegatingSmartContextLoader', parent = [null]]]
18:48:04.828 [Test worker] DEBUG org.springframework.test.context.cache - Spring test ApplicationContext cache statistics: [DefaultContextCache@41bf79da size = 1, maxSize = 32, parentContextCount = 0, hitCount = 40, missCount = 1]
18:48:04.828 [Test worker] DEBUG org.springframework.test.context.cache.DefaultCacheAwareContextLoaderDelegate - Retrieved ApplicationContext [170052458] from cache with key [[MergedContextConfiguration@bcef303 testClass = UserServiceTest, locations = '{}', classes = '{class org.waldreg.user.management.DefaultUserManager}', contextInitializerClasses = '[]', activeProfiles = '{}', propertySourceLocations = '{}', propertySourceProperties = '{}', contextCustomizers = set[org.springframework.boot.test.autoconfigure.actuate.metrics.MetricsExportContextCustomizerFactory$DisableMetricExportContextCustomizer@3bd323e9, org.springframework.boot.test.autoconfigure.properties.PropertyMappingContextCustomizer@0, org.springframework.boot.test.autoconfigure.web.servlet.WebDriverContextCustomizerFactory$Customizer@106cc338, org.springframework.boot.test.context.filter.ExcludeFilterContextCustomizer@26ceffa8, org.springframework.boot.test.json.DuplicateJsonObjectContextCustomizerFactory$DuplicateJsonObjectContextCustomizer@60129b9a, org.springframework.boot.test.mock.mockito.MockitoContextCustomizer@f203ce7a], contextLoader = 'org.springframework.test.context.support.DelegatingSmartContextLoader', parent = [null]]]
18:48:04.828 [Test worker] DEBUG org.springframework.test.context.cache - Spring test ApplicationContext cache statistics: [DefaultContextCache@41bf79da size = 1, maxSize = 32, parentContextCount = 0, hitCount = 41, missCount = 1]
18:48:04.828 [Test worker] DEBUG org.springframework.test.context.cache.DefaultCacheAwareContextLoaderDelegate - Retrieved ApplicationContext [170052458] from cache with key [[MergedContextConfiguration@bcef303 testClass = UserServiceTest, locations = '{}', classes = '{class org.waldreg.user.management.DefaultUserManager}', contextInitializerClasses = '[]', activeProfiles = '{}', propertySourceLocations = '{}', propertySourceProperties = '{}', contextCustomizers = set[org.springframework.boot.test.autoconfigure.actuate.metrics.MetricsExportContextCustomizerFactory$DisableMetricExportContextCustomizer@3bd323e9, org.springframework.boot.test.autoconfigure.properties.PropertyMappingContextCustomizer@0, org.springframework.boot.test.autoconfigure.web.servlet.WebDriverContextCustomizerFactory$Customizer@106cc338, org.springframework.boot.test.context.filter.ExcludeFilterContextCustomizer@26ceffa8, org.springframework.boot.test.json.DuplicateJsonObjectContextCustomizerFactory$DuplicateJsonObjectContextCustomizer@60129b9a, org.springframework.boot.test.mock.mockito.MockitoContextCustomizer@f203ce7a], contextLoader = 'org.springframework.test.context.support.DelegatingSmartContextLoader', parent = [null]]]
18:48:04.828 [Test worker] DEBUG org.springframework.test.context.cache - Spring test ApplicationContext cache statistics: [DefaultContextCache@41bf79da size = 1, maxSize = 32, parentContextCount = 0, hitCount = 42, missCount = 1]
18:48:04.828 [Test worker] DEBUG org.springframework.test.context.cache.DefaultCacheAwareContextLoaderDelegate - Retrieved ApplicationContext [170052458] from cache with key [[MergedContextConfiguration@bcef303 testClass = UserServiceTest, locations = '{}', classes = '{class org.waldreg.user.management.DefaultUserManager}', contextInitializerClasses = '[]', activeProfiles = '{}', propertySourceLocations = '{}', propertySourceProperties = '{}', contextCustomizers = set[org.springframework.boot.test.autoconfigure.actuate.metrics.MetricsExportContextCustomizerFactory$DisableMetricExportContextCustomizer@3bd323e9, org.springframework.boot.test.autoconfigure.properties.PropertyMappingContextCustomizer@0, org.springframework.boot.test.autoconfigure.web.servlet.WebDriverContextCustomizerFactory$Customizer@106cc338, org.springframework.boot.test.context.filter.ExcludeFilterContextCustomizer@26ceffa8, org.springframework.boot.test.json.DuplicateJsonObjectContextCustomizerFactory$DuplicateJsonObjectContextCustomizer@60129b9a, org.springframework.boot.test.mock.mockito.MockitoContextCustomizer@f203ce7a], contextLoader = 'org.springframework.test.context.support.DelegatingSmartContextLoader', parent = [null]]]
18:48:04.828 [Test worker] DEBUG org.springframework.test.context.cache - Spring test ApplicationContext cache statistics: [DefaultContextCache@41bf79da size = 1, maxSize = 32, parentContextCount = 0, hitCount = 43, missCount = 1]
18:48:04.828 [Test worker] DEBUG org.springframework.test.context.cache.DefaultCacheAwareContextLoaderDelegate - Retrieved ApplicationContext [170052458] from cache with key [[MergedContextConfiguration@bcef303 testClass = UserServiceTest, locations = '{}', classes = '{class org.waldreg.user.management.DefaultUserManager}', contextInitializerClasses = '[]', activeProfiles = '{}', propertySourceLocations = '{}', propertySourceProperties = '{}', contextCustomizers = set[org.springframework.boot.test.autoconfigure.actuate.metrics.MetricsExportContextCustomizerFactory$DisableMetricExportContextCustomizer@3bd323e9, org.springframework.boot.test.autoconfigure.properties.PropertyMappingContextCustomizer@0, org.springframework.boot.test.autoconfigure.web.servlet.WebDriverContextCustomizerFactory$Customizer@106cc338, org.springframework.boot.test.context.filter.ExcludeFilterContextCustomizer@26ceffa8, org.springframework.boot.test.json.DuplicateJsonObjectContextCustomizerFactory$DuplicateJsonObjectContextCustomizer@60129b9a, org.springframework.boot.test.mock.mockito.MockitoContextCustomizer@f203ce7a], contextLoader = 'org.springframework.test.context.support.DelegatingSmartContextLoader', parent = [null]]]
18:48:04.828 [Test worker] DEBUG org.springframework.test.context.cache - Spring test ApplicationContext cache statistics: [DefaultContextCache@41bf79da size = 1, maxSize = 32, parentContextCount = 0, hitCount = 44, missCount = 1]
18:48:04.828 [Test worker] DEBUG org.springframework.test.context.cache.DefaultCacheAwareContextLoaderDelegate - Retrieved ApplicationContext [170052458] from cache with key [[MergedContextConfiguration@bcef303 testClass = UserServiceTest, locations = '{}', classes = '{class org.waldreg.user.management.DefaultUserManager}', contextInitializerClasses = '[]', activeProfiles = '{}', propertySourceLocations = '{}', propertySourceProperties = '{}', contextCustomizers = set[org.springframework.boot.test.autoconfigure.actuate.metrics.MetricsExportContextCustomizerFactory$DisableMetricExportContextCustomizer@3bd323e9, org.springframework.boot.test.autoconfigure.properties.PropertyMappingContextCustomizer@0, org.springframework.boot.test.autoconfigure.web.servlet.WebDriverContextCustomizerFactory$Customizer@106cc338, org.springframework.boot.test.context.filter.ExcludeFilterContextCustomizer@26ceffa8, org.springframework.boot.test.json.DuplicateJsonObjectContextCustomizerFactory$DuplicateJsonObjectContextCustomizer@60129b9a, org.springframework.boot.test.mock.mockito.MockitoContextCustomizer@f203ce7a], contextLoader = 'org.springframework.test.context.support.DelegatingSmartContextLoader', parent = [null]]]
18:48:04.828 [Test worker] DEBUG org.springframework.test.context.cache - Spring test ApplicationContext cache statistics: [DefaultContextCache@41bf79da size = 1, maxSize = 32, parentContextCount = 0, hitCount = 45, missCount = 1]
18:48:04.829 [Test worker] DEBUG org.springframework.test.context.cache.DefaultCacheAwareContextLoaderDelegate - Retrieved ApplicationContext [170052458] from cache with key [[MergedContextConfiguration@bcef303 testClass = UserServiceTest, locations = '{}', classes = '{class org.waldreg.user.management.DefaultUserManager}', contextInitializerClasses = '[]', activeProfiles = '{}', propertySourceLocations = '{}', propertySourceProperties = '{}', contextCustomizers = set[org.springframework.boot.test.autoconfigure.actuate.metrics.MetricsExportContextCustomizerFactory$DisableMetricExportContextCustomizer@3bd323e9, org.springframework.boot.test.autoconfigure.properties.PropertyMappingContextCustomizer@0, org.springframework.boot.test.autoconfigure.web.servlet.WebDriverContextCustomizerFactory$Customizer@106cc338, org.springframework.boot.test.context.filter.ExcludeFilterContextCustomizer@26ceffa8, org.springframework.boot.test.json.DuplicateJsonObjectContextCustomizerFactory$DuplicateJsonObjectContextCustomizer@60129b9a, org.springframework.boot.test.mock.mockito.MockitoContextCustomizer@f203ce7a], contextLoader = 'org.springframework.test.context.support.DelegatingSmartContextLoader', parent = [null]]]
18:48:04.829 [Test worker] DEBUG org.springframework.test.context.cache - Spring test ApplicationContext cache statistics: [DefaultContextCache@41bf79da size = 1, maxSize = 32, parentContextCount = 0, hitCount = 46, missCount = 1]
18:48:04.829 [Test worker] DEBUG org.springframework.test.context.cache.DefaultCacheAwareContextLoaderDelegate - Retrieved ApplicationContext [170052458] from cache with key [[MergedContextConfiguration@bcef303 testClass = UserServiceTest, locations = '{}', classes = '{class org.waldreg.user.management.DefaultUserManager}', contextInitializerClasses = '[]', activeProfiles = '{}', propertySourceLocations = '{}', propertySourceProperties = '{}', contextCustomizers = set[org.springframework.boot.test.autoconfigure.actuate.metrics.MetricsExportContextCustomizerFactory$DisableMetricExportContextCustomizer@3bd323e9, org.springframework.boot.test.autoconfigure.properties.PropertyMappingContextCustomizer@0, org.springframework.boot.test.autoconfigure.web.servlet.WebDriverContextCustomizerFactory$Customizer@106cc338, org.springframework.boot.test.context.filter.ExcludeFilterContextCustomizer@26ceffa8, org.springframework.boot.test.json.DuplicateJsonObjectContextCustomizerFactory$DuplicateJsonObjectContextCustomizer@60129b9a, org.springframework.boot.test.mock.mockito.MockitoContextCustomizer@f203ce7a], contextLoader = 'org.springframework.test.context.support.DelegatingSmartContextLoader', parent = [null]]]
18:48:04.829 [Test worker] DEBUG org.springframework.test.context.cache - Spring test ApplicationContext cache statistics: [DefaultContextCache@41bf79da size = 1, maxSize = 32, parentContextCount = 0, hitCount = 47, missCount = 1]
18:48:04.829 [Test worker] DEBUG org.springframework.test.context.support.AbstractDirtiesContextTestExecutionListener - After test method: context [DefaultTestContext@68b32e3e testClass = UserServiceTest, testInstance = org.waldreg.user.management.UserServiceTest@6cd166b8, testMethod = CREATE_USER_SUCCESS_TEST@UserServiceTest, testException = [null], mergedContextConfiguration = [MergedContextConfiguration@bcef303 testClass = UserServiceTest, locations = '{}', classes = '{class org.waldreg.user.management.DefaultUserManager}', contextInitializerClasses = '[]', activeProfiles = '{}', propertySourceLocations = '{}', propertySourceProperties = '{}', contextCustomizers = set[org.springframework.boot.test.autoconfigure.actuate.metrics.MetricsExportContextCustomizerFactory$DisableMetricExportContextCustomizer@3bd323e9, org.springframework.boot.test.autoconfigure.properties.PropertyMappingContextCustomizer@0, org.springframework.boot.test.autoconfigure.web.servlet.WebDriverContextCustomizerFactory$Customizer@106cc338, org.springframework.boot.test.context.filter.ExcludeFilterContextCustomizer@26ceffa8, org.springframework.boot.test.json.DuplicateJsonObjectContextCustomizerFactory$DuplicateJsonObjectContextCustomizer@60129b9a, org.springframework.boot.test.mock.mockito.MockitoContextCustomizer@f203ce7a], contextLoader = 'org.springframework.test.context.support.DelegatingSmartContextLoader', parent = [null]], attributes = map['org.springframework.test.context.event.ApplicationEventsTestExecutionListener.recordApplicationEvents' -> false]], class annotated with @DirtiesContext [false] with mode [null], method annotated with @DirtiesContext [false] with mode [null].
18:48:04.829 [Test worker] DEBUG org.springframework.test.context.cache.DefaultCacheAwareContextLoaderDelegate - Retrieved ApplicationContext [170052458] from cache with key [[MergedContextConfiguration@bcef303 testClass = UserServiceTest, locations = '{}', classes = '{class org.waldreg.user.management.DefaultUserManager}', contextInitializerClasses = '[]', activeProfiles = '{}', propertySourceLocations = '{}', propertySourceProperties = '{}', contextCustomizers = set[org.springframework.boot.test.autoconfigure.actuate.metrics.MetricsExportContextCustomizerFactory$DisableMetricExportContextCustomizer@3bd323e9, org.springframework.boot.test.autoconfigure.properties.PropertyMappingContextCustomizer@0, org.springframework.boot.test.autoconfigure.web.servlet.WebDriverContextCustomizerFactory$Customizer@106cc338, org.springframework.boot.test.context.filter.ExcludeFilterContextCustomizer@26ceffa8, org.springframework.boot.test.json.DuplicateJsonObjectContextCustomizerFactory$DuplicateJsonObjectContextCustomizer@60129b9a, org.springframework.boot.test.mock.mockito.MockitoContextCustomizer@f203ce7a], contextLoader = 'org.springframework.test.context.support.DelegatingSmartContextLoader', parent = [null]]]
18:48:04.829 [Test worker] DEBUG org.springframework.test.context.cache - Spring test ApplicationContext cache statistics: [DefaultContextCache@41bf79da size = 1, maxSize = 32, parentContextCount = 0, hitCount = 48, missCount = 1]
18:48:04.829 [Test worker] DEBUG org.springframework.test.context.support.DependencyInjectionTestExecutionListener - Performing dependency injection for test context [[DefaultTestContext@68b32e3e testClass = UserServiceTest, testInstance = org.waldreg.user.management.UserServiceTest@75fc1992, testMethod = [null], testException = [null], mergedContextConfiguration = [MergedContextConfiguration@bcef303 testClass = UserServiceTest, locations = '{}', classes = '{class org.waldreg.user.management.DefaultUserManager}', contextInitializerClasses = '[]', activeProfiles = '{}', propertySourceLocations = '{}', propertySourceProperties = '{}', contextCustomizers = set[org.springframework.boot.test.autoconfigure.actuate.metrics.MetricsExportContextCustomizerFactory$DisableMetricExportContextCustomizer@3bd323e9, org.springframework.boot.test.autoconfigure.properties.PropertyMappingContextCustomizer@0, org.springframework.boot.test.autoconfigure.web.servlet.WebDriverContextCustomizerFactory$Customizer@106cc338, org.springframework.boot.test.context.filter.ExcludeFilterContextCustomizer@26ceffa8, org.springframework.boot.test.json.DuplicateJsonObjectContextCustomizerFactory$DuplicateJsonObjectContextCustomizer@60129b9a, org.springframework.boot.test.mock.mockito.MockitoContextCustomizer@f203ce7a], contextLoader = 'org.springframework.test.context.support.DelegatingSmartContextLoader', parent = [null]], attributes = map['org.springframework.test.context.event.ApplicationEventsTestExecutionListener.recordApplicationEvents' -> false]]].
18:48:04.829 [Test worker] DEBUG org.springframework.test.context.cache.DefaultCacheAwareContextLoaderDelegate - Retrieved ApplicationContext [170052458] from cache with key [[MergedContextConfiguration@bcef303 testClass = UserServiceTest, locations = '{}', classes = '{class org.waldreg.user.management.DefaultUserManager}', contextInitializerClasses = '[]', activeProfiles = '{}', propertySourceLocations = '{}', propertySourceProperties = '{}', contextCustomizers = set[org.springframework.boot.test.autoconfigure.actuate.metrics.MetricsExportContextCustomizerFactory$DisableMetricExportContextCustomizer@3bd323e9, org.springframework.boot.test.autoconfigure.properties.PropertyMappingContextCustomizer@0, org.springframework.boot.test.autoconfigure.web.servlet.WebDriverContextCustomizerFactory$Customizer@106cc338, org.springframework.boot.test.context.filter.ExcludeFilterContextCustomizer@26ceffa8, org.springframework.boot.test.json.DuplicateJsonObjectContextCustomizerFactory$DuplicateJsonObjectContextCustomizer@60129b9a, org.springframework.boot.test.mock.mockito.MockitoContextCustomizer@f203ce7a], contextLoader = 'org.springframework.test.context.support.DelegatingSmartContextLoader', parent = [null]]]
18:48:04.830 [Test worker] DEBUG org.springframework.test.context.cache - Spring test ApplicationContext cache statistics: [DefaultContextCache@41bf79da size = 1, maxSize = 32, parentContextCount = 0, hitCount = 49, missCount = 1]
18:48:04.830 [Test worker] DEBUG org.springframework.test.context.cache.DefaultCacheAwareContextLoaderDelegate - Retrieved ApplicationContext [170052458] from cache with key [[MergedContextConfiguration@bcef303 testClass = UserServiceTest, locations = '{}', classes = '{class org.waldreg.user.management.DefaultUserManager}', contextInitializerClasses = '[]', activeProfiles = '{}', propertySourceLocations = '{}', propertySourceProperties = '{}', contextCustomizers = set[org.springframework.boot.test.autoconfigure.actuate.metrics.MetricsExportContextCustomizerFactory$DisableMetricExportContextCustomizer@3bd323e9, org.springframework.boot.test.autoconfigure.properties.PropertyMappingContextCustomizer@0, org.springframework.boot.test.autoconfigure.web.servlet.WebDriverContextCustomizerFactory$Customizer@106cc338, org.springframework.boot.test.context.filter.ExcludeFilterContextCustomizer@26ceffa8, org.springframework.boot.test.json.DuplicateJsonObjectContextCustomizerFactory$DuplicateJsonObjectContextCustomizer@60129b9a, org.springframework.boot.test.mock.mockito.MockitoContextCustomizer@f203ce7a], contextLoader = 'org.springframework.test.context.support.DelegatingSmartContextLoader', parent = [null]]]
18:48:04.830 [Test worker] DEBUG org.springframework.test.context.cache - Spring test ApplicationContext cache statistics: [DefaultContextCache@41bf79da size = 1, maxSize = 32, parentContextCount = 0, hitCount = 50, missCount = 1]
18:48:04.830 [Test worker] DEBUG org.springframework.test.context.support.AbstractDirtiesContextTestExecutionListener - Before test method: context [DefaultTestContext@68b32e3e testClass = UserServiceTest, testInstance = org.waldreg.user.management.UserServiceTest@75fc1992, testMethod = READ_USER_ONLINE_SUCCESS_TEST@UserServiceTest, testException = [null], mergedContextConfiguration = [MergedContextConfiguration@bcef303 testClass = UserServiceTest, locations = '{}', classes = '{class org.waldreg.user.management.DefaultUserManager}', contextInitializerClasses = '[]', activeProfiles = '{}', propertySourceLocations = '{}', propertySourceProperties = '{}', contextCustomizers = set[org.springframework.boot.test.autoconfigure.actuate.metrics.MetricsExportContextCustomizerFactory$DisableMetricExportContextCustomizer@3bd323e9, org.springframework.boot.test.autoconfigure.properties.PropertyMappingContextCustomizer@0, org.springframework.boot.test.autoconfigure.web.servlet.WebDriverContextCustomizerFactory$Customizer@106cc338, org.springframework.boot.test.context.filter.ExcludeFilterContextCustomizer@26ceffa8, org.springframework.boot.test.json.DuplicateJsonObjectContextCustomizerFactory$DuplicateJsonObjectContextCustomizer@60129b9a, org.springframework.boot.test.mock.mockito.MockitoContextCustomizer@f203ce7a], contextLoader = 'org.springframework.test.context.support.DelegatingSmartContextLoader', parent = [null]], attributes = map['org.springframework.test.context.event.ApplicationEventsTestExecutionListener.recordApplicationEvents' -> false]], class annotated with @DirtiesContext [false] with mode [null], method annotated with @DirtiesContext [false] with mode [null].
18:48:04.830 [Test worker] DEBUG org.springframework.test.context.cache.DefaultCacheAwareContextLoaderDelegate - Retrieved ApplicationContext [170052458] from cache with key [[MergedContextConfiguration@bcef303 testClass = UserServiceTest, locations = '{}', classes = '{class org.waldreg.user.management.DefaultUserManager}', contextInitializerClasses = '[]', activeProfiles = '{}', propertySourceLocations = '{}', propertySourceProperties = '{}', contextCustomizers = set[org.springframework.boot.test.autoconfigure.actuate.metrics.MetricsExportContextCustomizerFactory$DisableMetricExportContextCustomizer@3bd323e9, org.springframework.boot.test.autoconfigure.properties.PropertyMappingContextCustomizer@0, org.springframework.boot.test.autoconfigure.web.servlet.WebDriverContextCustomizerFactory$Customizer@106cc338, org.springframework.boot.test.context.filter.ExcludeFilterContextCustomizer@26ceffa8, org.springframework.boot.test.json.DuplicateJsonObjectContextCustomizerFactory$DuplicateJsonObjectContextCustomizer@60129b9a, org.springframework.boot.test.mock.mockito.MockitoContextCustomizer@f203ce7a], contextLoader = 'org.springframework.test.context.support.DelegatingSmartContextLoader', parent = [null]]]
18:48:04.830 [Test worker] DEBUG org.springframework.test.context.cache - Spring test ApplicationContext cache statistics: [DefaultContextCache@41bf79da size = 1, maxSize = 32, parentContextCount = 0, hitCount = 51, missCount = 1]
18:48:04.830 [Test worker] DEBUG org.springframework.test.context.cache.DefaultCacheAwareContextLoaderDelegate - Retrieved ApplicationContext [170052458] from cache with key [[MergedContextConfiguration@bcef303 testClass = UserServiceTest, locations = '{}', classes = '{class org.waldreg.user.management.DefaultUserManager}', contextInitializerClasses = '[]', activeProfiles = '{}', propertySourceLocations = '{}', propertySourceProperties = '{}', contextCustomizers = set[org.springframework.boot.test.autoconfigure.actuate.metrics.MetricsExportContextCustomizerFactory$DisableMetricExportContextCustomizer@3bd323e9, org.springframework.boot.test.autoconfigure.properties.PropertyMappingContextCustomizer@0, org.springframework.boot.test.autoconfigure.web.servlet.WebDriverContextCustomizerFactory$Customizer@106cc338, org.springframework.boot.test.context.filter.ExcludeFilterContextCustomizer@26ceffa8, org.springframework.boot.test.json.DuplicateJsonObjectContextCustomizerFactory$DuplicateJsonObjectContextCustomizer@60129b9a, org.springframework.boot.test.mock.mockito.MockitoContextCustomizer@f203ce7a], contextLoader = 'org.springframework.test.context.support.DelegatingSmartContextLoader', parent = [null]]]
18:48:04.830 [Test worker] DEBUG org.springframework.test.context.cache - Spring test ApplicationContext cache statistics: [DefaultContextCache@41bf79da size = 1, maxSize = 32, parentContextCount = 0, hitCount = 52, missCount = 1]
18:48:04.830 [Test worker] DEBUG org.springframework.test.context.cache.DefaultCacheAwareContextLoaderDelegate - Retrieved ApplicationContext [170052458] from cache with key [[MergedContextConfiguration@bcef303 testClass = UserServiceTest, locations = '{}', classes = '{class org.waldreg.user.management.DefaultUserManager}', contextInitializerClasses = '[]', activeProfiles = '{}', propertySourceLocations = '{}', propertySourceProperties = '{}', contextCustomizers = set[org.springframework.boot.test.autoconfigure.actuate.metrics.MetricsExportContextCustomizerFactory$DisableMetricExportContextCustomizer@3bd323e9, org.springframework.boot.test.autoconfigure.properties.PropertyMappingContextCustomizer@0, org.springframework.boot.test.autoconfigure.web.servlet.WebDriverContextCustomizerFactory$Customizer@106cc338, org.springframework.boot.test.context.filter.ExcludeFilterContextCustomizer@26ceffa8, org.springframework.boot.test.json.DuplicateJsonObjectContextCustomizerFactory$DuplicateJsonObjectContextCustomizer@60129b9a, org.springframework.boot.test.mock.mockito.MockitoContextCustomizer@f203ce7a], contextLoader = 'org.springframework.test.context.support.DelegatingSmartContextLoader', parent = [null]]]
18:48:04.830 [Test worker] DEBUG org.springframework.test.context.cache - Spring test ApplicationContext cache statistics: [DefaultContextCache@41bf79da size = 1, maxSize = 32, parentContextCount = 0, hitCount = 53, missCount = 1]
18:48:04.831 [Test worker] DEBUG org.springframework.test.context.cache.DefaultCacheAwareContextLoaderDelegate - Retrieved ApplicationContext [170052458] from cache with key [[MergedContextConfiguration@bcef303 testClass = UserServiceTest, locations = '{}', classes = '{class org.waldreg.user.management.DefaultUserManager}', contextInitializerClasses = '[]', activeProfiles = '{}', propertySourceLocations = '{}', propertySourceProperties = '{}', contextCustomizers = set[org.springframework.boot.test.autoconfigure.actuate.metrics.MetricsExportContextCustomizerFactory$DisableMetricExportContextCustomizer@3bd323e9, org.springframework.boot.test.autoconfigure.properties.PropertyMappingContextCustomizer@0, org.springframework.boot.test.autoconfigure.web.servlet.WebDriverContextCustomizerFactory$Customizer@106cc338, org.springframework.boot.test.context.filter.ExcludeFilterContextCustomizer@26ceffa8, org.springframework.boot.test.json.DuplicateJsonObjectContextCustomizerFactory$DuplicateJsonObjectContextCustomizer@60129b9a, org.springframework.boot.test.mock.mockito.MockitoContextCustomizer@f203ce7a], contextLoader = 'org.springframework.test.context.support.DelegatingSmartContextLoader', parent = [null]]]
18:48:04.831 [Test worker] DEBUG org.springframework.test.context.cache - Spring test ApplicationContext cache statistics: [DefaultContextCache@41bf79da size = 1, maxSize = 32, parentContextCount = 0, hitCount = 54, missCount = 1]
18:48:04.831 [Test worker] DEBUG org.springframework.test.context.cache.DefaultCacheAwareContextLoaderDelegate - Retrieved ApplicationContext [170052458] from cache with key [[MergedContextConfiguration@bcef303 testClass = UserServiceTest, locations = '{}', classes = '{class org.waldreg.user.management.DefaultUserManager}', contextInitializerClasses = '[]', activeProfiles = '{}', propertySourceLocations = '{}', propertySourceProperties = '{}', contextCustomizers = set[org.springframework.boot.test.autoconfigure.actuate.metrics.MetricsExportContextCustomizerFactory$DisableMetricExportContextCustomizer@3bd323e9, org.springframework.boot.test.autoconfigure.properties.PropertyMappingContextCustomizer@0, org.springframework.boot.test.autoconfigure.web.servlet.WebDriverContextCustomizerFactory$Customizer@106cc338, org.springframework.boot.test.context.filter.ExcludeFilterContextCustomizer@26ceffa8, org.springframework.boot.test.json.DuplicateJsonObjectContextCustomizerFactory$DuplicateJsonObjectContextCustomizer@60129b9a, org.springframework.boot.test.mock.mockito.MockitoContextCustomizer@f203ce7a], contextLoader = 'org.springframework.test.context.support.DelegatingSmartContextLoader', parent = [null]]]
18:48:04.831 [Test worker] DEBUG org.springframework.test.context.cache - Spring test ApplicationContext cache statistics: [DefaultContextCache@41bf79da size = 1, maxSize = 32, parentContextCount = 0, hitCount = 55, missCount = 1]
18:48:04.831 [Test worker] DEBUG org.springframework.test.context.cache.DefaultCacheAwareContextLoaderDelegate - Retrieved ApplicationContext [170052458] from cache with key [[MergedContextConfiguration@bcef303 testClass = UserServiceTest, locations = '{}', classes = '{class org.waldreg.user.management.DefaultUserManager}', contextInitializerClasses = '[]', activeProfiles = '{}', propertySourceLocations = '{}', propertySourceProperties = '{}', contextCustomizers = set[org.springframework.boot.test.autoconfigure.actuate.metrics.MetricsExportContextCustomizerFactory$DisableMetricExportContextCustomizer@3bd323e9, org.springframework.boot.test.autoconfigure.properties.PropertyMappingContextCustomizer@0, org.springframework.boot.test.autoconfigure.web.servlet.WebDriverContextCustomizerFactory$Customizer@106cc338, org.springframework.boot.test.context.filter.ExcludeFilterContextCustomizer@26ceffa8, org.springframework.boot.test.json.DuplicateJsonObjectContextCustomizerFactory$DuplicateJsonObjectContextCustomizer@60129b9a, org.springframework.boot.test.mock.mockito.MockitoContextCustomizer@f203ce7a], contextLoader = 'org.springframework.test.context.support.DelegatingSmartContextLoader', parent = [null]]]
18:48:04.832 [Test worker] DEBUG org.springframework.test.context.cache - Spring test ApplicationContext cache statistics: [DefaultContextCache@41bf79da size = 1, maxSize = 32, parentContextCount = 0, hitCount = 56, missCount = 1]
18:48:04.832 [Test worker] DEBUG org.springframework.test.context.cache.DefaultCacheAwareContextLoaderDelegate - Retrieved ApplicationContext [170052458] from cache with key [[MergedContextConfiguration@bcef303 testClass = UserServiceTest, locations = '{}', classes = '{class org.waldreg.user.management.DefaultUserManager}', contextInitializerClasses = '[]', activeProfiles = '{}', propertySourceLocations = '{}', propertySourceProperties = '{}', contextCustomizers = set[org.springframework.boot.test.autoconfigure.actuate.metrics.MetricsExportContextCustomizerFactory$DisableMetricExportContextCustomizer@3bd323e9, org.springframework.boot.test.autoconfigure.properties.PropertyMappingContextCustomizer@0, org.springframework.boot.test.autoconfigure.web.servlet.WebDriverContextCustomizerFactory$Customizer@106cc338, org.springframework.boot.test.context.filter.ExcludeFilterContextCustomizer@26ceffa8, org.springframework.boot.test.json.DuplicateJsonObjectContextCustomizerFactory$DuplicateJsonObjectContextCustomizer@60129b9a, org.springframework.boot.test.mock.mockito.MockitoContextCustomizer@f203ce7a], contextLoader = 'org.springframework.test.context.support.DelegatingSmartContextLoader', parent = [null]]]
18:48:04.832 [Test worker] DEBUG org.springframework.test.context.cache - Spring test ApplicationContext cache statistics: [DefaultContextCache@41bf79da size = 1, maxSize = 32, parentContextCount = 0, hitCount = 57, missCount = 1]
18:48:04.832 [Test worker] DEBUG org.springframework.test.context.cache.DefaultCacheAwareContextLoaderDelegate - Retrieved ApplicationContext [170052458] from cache with key [[MergedContextConfiguration@bcef303 testClass = UserServiceTest, locations = '{}', classes = '{class org.waldreg.user.management.DefaultUserManager}', contextInitializerClasses = '[]', activeProfiles = '{}', propertySourceLocations = '{}', propertySourceProperties = '{}', contextCustomizers = set[org.springframework.boot.test.autoconfigure.actuate.metrics.MetricsExportContextCustomizerFactory$DisableMetricExportContextCustomizer@3bd323e9, org.springframework.boot.test.autoconfigure.properties.PropertyMappingContextCustomizer@0, org.springframework.boot.test.autoconfigure.web.servlet.WebDriverContextCustomizerFactory$Customizer@106cc338, org.springframework.boot.test.context.filter.ExcludeFilterContextCustomizer@26ceffa8, org.springframework.boot.test.json.DuplicateJsonObjectContextCustomizerFactory$DuplicateJsonObjectContextCustomizer@60129b9a, org.springframework.boot.test.mock.mockito.MockitoContextCustomizer@f203ce7a], contextLoader = 'org.springframework.test.context.support.DelegatingSmartContextLoader', parent = [null]]]
18:48:04.832 [Test worker] DEBUG org.springframework.test.context.cache - Spring test ApplicationContext cache statistics: [DefaultContextCache@41bf79da size = 1, maxSize = 32, parentContextCount = 0, hitCount = 58, missCount = 1]
18:48:04.832 [Test worker] DEBUG org.springframework.test.context.cache.DefaultCacheAwareContextLoaderDelegate - Retrieved ApplicationContext [170052458] from cache with key [[MergedContextConfiguration@bcef303 testClass = UserServiceTest, locations = '{}', classes = '{class org.waldreg.user.management.DefaultUserManager}', contextInitializerClasses = '[]', activeProfiles = '{}', propertySourceLocations = '{}', propertySourceProperties = '{}', contextCustomizers = set[org.springframework.boot.test.autoconfigure.actuate.metrics.MetricsExportContextCustomizerFactory$DisableMetricExportContextCustomizer@3bd323e9, org.springframework.boot.test.autoconfigure.properties.PropertyMappingContextCustomizer@0, org.springframework.boot.test.autoconfigure.web.servlet.WebDriverContextCustomizerFactory$Customizer@106cc338, org.springframework.boot.test.context.filter.ExcludeFilterContextCustomizer@26ceffa8, org.springframework.boot.test.json.DuplicateJsonObjectContextCustomizerFactory$DuplicateJsonObjectContextCustomizer@60129b9a, org.springframework.boot.test.mock.mockito.MockitoContextCustomizer@f203ce7a], contextLoader = 'org.springframework.test.context.support.DelegatingSmartContextLoader', parent = [null]]]
18:48:04.832 [Test worker] DEBUG org.springframework.test.context.cache - Spring test ApplicationContext cache statistics: [DefaultContextCache@41bf79da size = 1, maxSize = 32, parentContextCount = 0, hitCount = 59, missCount = 1]
18:48:04.832 [Test worker] DEBUG org.springframework.test.context.support.AbstractDirtiesContextTestExecutionListener - After test method: context [DefaultTestContext@68b32e3e testClass = UserServiceTest, testInstance = org.waldreg.user.management.UserServiceTest@75fc1992, testMethod = READ_USER_ONLINE_SUCCESS_TEST@UserServiceTest, testException = [null], mergedContextConfiguration = [MergedContextConfiguration@bcef303 testClass = UserServiceTest, locations = '{}', classes = '{class org.waldreg.user.management.DefaultUserManager}', contextInitializerClasses = '[]', activeProfiles = '{}', propertySourceLocations = '{}', propertySourceProperties = '{}', contextCustomizers = set[org.springframework.boot.test.autoconfigure.actuate.metrics.MetricsExportContextCustomizerFactory$DisableMetricExportContextCustomizer@3bd323e9, org.springframework.boot.test.autoconfigure.properties.PropertyMappingContextCustomizer@0, org.springframework.boot.test.autoconfigure.web.servlet.WebDriverContextCustomizerFactory$Customizer@106cc338, org.springframework.boot.test.context.filter.ExcludeFilterContextCustomizer@26ceffa8, org.springframework.boot.test.json.DuplicateJsonObjectContextCustomizerFactory$DuplicateJsonObjectContextCustomizer@60129b9a, org.springframework.boot.test.mock.mockito.MockitoContextCustomizer@f203ce7a], contextLoader = 'org.springframework.test.context.support.DelegatingSmartContextLoader', parent = [null]], attributes = map['org.springframework.test.context.event.ApplicationEventsTestExecutionListener.recordApplicationEvents' -> false]], class annotated with @DirtiesContext [false] with mode [null], method annotated with @DirtiesContext [false] with mode [null].
18:48:04.832 [Test worker] DEBUG org.springframework.test.context.cache.DefaultCacheAwareContextLoaderDelegate - Retrieved ApplicationContext [170052458] from cache with key [[MergedContextConfiguration@bcef303 testClass = UserServiceTest, locations = '{}', classes = '{class org.waldreg.user.management.DefaultUserManager}', contextInitializerClasses = '[]', activeProfiles = '{}', propertySourceLocations = '{}', propertySourceProperties = '{}', contextCustomizers = set[org.springframework.boot.test.autoconfigure.actuate.metrics.MetricsExportContextCustomizerFactory$DisableMetricExportContextCustomizer@3bd323e9, org.springframework.boot.test.autoconfigure.properties.PropertyMappingContextCustomizer@0, org.springframework.boot.test.autoconfigure.web.servlet.WebDriverContextCustomizerFactory$Customizer@106cc338, org.springframework.boot.test.context.filter.ExcludeFilterContextCustomizer@26ceffa8, org.springframework.boot.test.json.DuplicateJsonObjectContextCustomizerFactory$DuplicateJsonObjectContextCustomizer@60129b9a, org.springframework.boot.test.mock.mockito.MockitoContextCustomizer@f203ce7a], contextLoader = 'org.springframework.test.context.support.DelegatingSmartContextLoader', parent = [null]]]
18:48:04.833 [Test worker] DEBUG org.springframework.test.context.cache - Spring test ApplicationContext cache statistics: [DefaultContextCache@41bf79da size = 1, maxSize = 32, parentContextCount = 0, hitCount = 60, missCount = 1]
18:48:04.833 [Test worker] DEBUG org.springframework.test.context.support.DependencyInjectionTestExecutionListener - Performing dependency injection for test context [[DefaultTestContext@68b32e3e testClass = UserServiceTest, testInstance = org.waldreg.user.management.UserServiceTest@7be7e15, testMethod = [null], testException = [null], mergedContextConfiguration = [MergedContextConfiguration@bcef303 testClass = UserServiceTest, locations = '{}', classes = '{class org.waldreg.user.management.DefaultUserManager}', contextInitializerClasses = '[]', activeProfiles = '{}', propertySourceLocations = '{}', propertySourceProperties = '{}', contextCustomizers = set[org.springframework.boot.test.autoconfigure.actuate.metrics.MetricsExportContextCustomizerFactory$DisableMetricExportContextCustomizer@3bd323e9, org.springframework.boot.test.autoconfigure.properties.PropertyMappingContextCustomizer@0, org.springframework.boot.test.autoconfigure.web.servlet.WebDriverContextCustomizerFactory$Customizer@106cc338, org.springframework.boot.test.context.filter.ExcludeFilterContextCustomizer@26ceffa8, org.springframework.boot.test.json.DuplicateJsonObjectContextCustomizerFactory$DuplicateJsonObjectContextCustomizer@60129b9a, org.springframework.boot.test.mock.mockito.MockitoContextCustomizer@f203ce7a], contextLoader = 'org.springframework.test.context.support.DelegatingSmartContextLoader', parent = [null]], attributes = map['org.springframework.test.context.event.ApplicationEventsTestExecutionListener.recordApplicationEvents' -> false]]].
18:48:04.833 [Test worker] DEBUG org.springframework.test.context.cache.DefaultCacheAwareContextLoaderDelegate - Retrieved ApplicationContext [170052458] from cache with key [[MergedContextConfiguration@bcef303 testClass = UserServiceTest, locations = '{}', classes = '{class org.waldreg.user.management.DefaultUserManager}', contextInitializerClasses = '[]', activeProfiles = '{}', propertySourceLocations = '{}', propertySourceProperties = '{}', contextCustomizers = set[org.springframework.boot.test.autoconfigure.actuate.metrics.MetricsExportContextCustomizerFactory$DisableMetricExportContextCustomizer@3bd323e9, org.springframework.boot.test.autoconfigure.properties.PropertyMappingContextCustomizer@0, org.springframework.boot.test.autoconfigure.web.servlet.WebDriverContextCustomizerFactory$Customizer@106cc338, org.springframework.boot.test.context.filter.ExcludeFilterContextCustomizer@26ceffa8, org.springframework.boot.test.json.DuplicateJsonObjectContextCustomizerFactory$DuplicateJsonObjectContextCustomizer@60129b9a, org.springframework.boot.test.mock.mockito.MockitoContextCustomizer@f203ce7a], contextLoader = 'org.springframework.test.context.support.DelegatingSmartContextLoader', parent = [null]]]
18:48:04.833 [Test worker] DEBUG org.springframework.test.context.cache - Spring test ApplicationContext cache statistics: [DefaultContextCache@41bf79da size = 1, maxSize = 32, parentContextCount = 0, hitCount = 61, missCount = 1]
18:48:04.833 [Test worker] DEBUG org.springframework.test.context.cache.DefaultCacheAwareContextLoaderDelegate - Retrieved ApplicationContext [170052458] from cache with key [[MergedContextConfiguration@bcef303 testClass = UserServiceTest, locations = '{}', classes = '{class org.waldreg.user.management.DefaultUserManager}', contextInitializerClasses = '[]', activeProfiles = '{}', propertySourceLocations = '{}', propertySourceProperties = '{}', contextCustomizers = set[org.springframework.boot.test.autoconfigure.actuate.metrics.MetricsExportContextCustomizerFactory$DisableMetricExportContextCustomizer@3bd323e9, org.springframework.boot.test.autoconfigure.properties.PropertyMappingContextCustomizer@0, org.springframework.boot.test.autoconfigure.web.servlet.WebDriverContextCustomizerFactory$Customizer@106cc338, org.springframework.boot.test.context.filter.ExcludeFilterContextCustomizer@26ceffa8, org.springframework.boot.test.json.DuplicateJsonObjectContextCustomizerFactory$DuplicateJsonObjectContextCustomizer@60129b9a, org.springframework.boot.test.mock.mockito.MockitoContextCustomizer@f203ce7a], contextLoader = 'org.springframework.test.context.support.DelegatingSmartContextLoader', parent = [null]]]
18:48:04.833 [Test worker] DEBUG org.springframework.test.context.cache - Spring test ApplicationContext cache statistics: [DefaultContextCache@41bf79da size = 1, maxSize = 32, parentContextCount = 0, hitCount = 62, missCount = 1]
18:48:04.833 [Test worker] DEBUG org.springframework.test.context.support.AbstractDirtiesContextTestExecutionListener - Before test method: context [DefaultTestContext@68b32e3e testClass = UserServiceTest, testInstance = org.waldreg.user.management.UserServiceTest@7be7e15, testMethod = UPDATE_SPECIFIC_USER_SUCCESS_TEST@UserServiceTest, testException = [null], mergedContextConfiguration = [MergedContextConfiguration@bcef303 testClass = UserServiceTest, locations = '{}', classes = '{class org.waldreg.user.management.DefaultUserManager}', contextInitializerClasses = '[]', activeProfiles = '{}', propertySourceLocations = '{}', propertySourceProperties = '{}', contextCustomizers = set[org.springframework.boot.test.autoconfigure.actuate.metrics.MetricsExportContextCustomizerFactory$DisableMetricExportContextCustomizer@3bd323e9, org.springframework.boot.test.autoconfigure.properties.PropertyMappingContextCustomizer@0, org.springframework.boot.test.autoconfigure.web.servlet.WebDriverContextCustomizerFactory$Customizer@106cc338, org.springframework.boot.test.context.filter.ExcludeFilterContextCustomizer@26ceffa8, org.springframework.boot.test.json.DuplicateJsonObjectContextCustomizerFactory$DuplicateJsonObjectContextCustomizer@60129b9a, org.springframework.boot.test.mock.mockito.MockitoContextCustomizer@f203ce7a], contextLoader = 'org.springframework.test.context.support.DelegatingSmartContextLoader', parent = [null]], attributes = map['org.springframework.test.context.event.ApplicationEventsTestExecutionListener.recordApplicationEvents' -> false]], class annotated with @DirtiesContext [false] with mode [null], method annotated with @DirtiesContext [false] with mode [null].
18:48:04.833 [Test worker] DEBUG org.springframework.test.context.cache.DefaultCacheAwareContextLoaderDelegate - Retrieved ApplicationContext [170052458] from cache with key [[MergedContextConfiguration@bcef303 testClass = UserServiceTest, locations = '{}', classes = '{class org.waldreg.user.management.DefaultUserManager}', contextInitializerClasses = '[]', activeProfiles = '{}', propertySourceLocations = '{}', propertySourceProperties = '{}', contextCustomizers = set[org.springframework.boot.test.autoconfigure.actuate.metrics.MetricsExportContextCustomizerFactory$DisableMetricExportContextCustomizer@3bd323e9, org.springframework.boot.test.autoconfigure.properties.PropertyMappingContextCustomizer@0, org.springframework.boot.test.autoconfigure.web.servlet.WebDriverContextCustomizerFactory$Customizer@106cc338, org.springframework.boot.test.context.filter.ExcludeFilterContextCustomizer@26ceffa8, org.springframework.boot.test.json.DuplicateJsonObjectContextCustomizerFactory$DuplicateJsonObjectContextCustomizer@60129b9a, org.springframework.boot.test.mock.mockito.MockitoContextCustomizer@f203ce7a], contextLoader = 'org.springframework.test.context.support.DelegatingSmartContextLoader', parent = [null]]]
18:48:04.833 [Test worker] DEBUG org.springframework.test.context.cache - Spring test ApplicationContext cache statistics: [DefaultContextCache@41bf79da size = 1, maxSize = 32, parentContextCount = 0, hitCount = 63, missCount = 1]
18:48:04.833 [Test worker] DEBUG org.springframework.test.context.cache.DefaultCacheAwareContextLoaderDelegate - Retrieved ApplicationContext [170052458] from cache with key [[MergedContextConfiguration@bcef303 testClass = UserServiceTest, locations = '{}', classes = '{class org.waldreg.user.management.DefaultUserManager}', contextInitializerClasses = '[]', activeProfiles = '{}', propertySourceLocations = '{}', propertySourceProperties = '{}', contextCustomizers = set[org.springframework.boot.test.autoconfigure.actuate.metrics.MetricsExportContextCustomizerFactory$DisableMetricExportContextCustomizer@3bd323e9, org.springframework.boot.test.autoconfigure.properties.PropertyMappingContextCustomizer@0, org.springframework.boot.test.autoconfigure.web.servlet.WebDriverContextCustomizerFactory$Customizer@106cc338, org.springframework.boot.test.context.filter.ExcludeFilterContextCustomizer@26ceffa8, org.springframework.boot.test.json.DuplicateJsonObjectContextCustomizerFactory$DuplicateJsonObjectContextCustomizer@60129b9a, org.springframework.boot.test.mock.mockito.MockitoContextCustomizer@f203ce7a], contextLoader = 'org.springframework.test.context.support.DelegatingSmartContextLoader', parent = [null]]]
18:48:04.833 [Test worker] DEBUG org.springframework.test.context.cache - Spring test ApplicationContext cache statistics: [DefaultContextCache@41bf79da size = 1, maxSize = 32, parentContextCount = 0, hitCount = 64, missCount = 1]
18:48:04.834 [Test worker] DEBUG org.springframework.test.context.cache.DefaultCacheAwareContextLoaderDelegate - Retrieved ApplicationContext [170052458] from cache with key [[MergedContextConfiguration@bcef303 testClass = UserServiceTest, locations = '{}', classes = '{class org.waldreg.user.management.DefaultUserManager}', contextInitializerClasses = '[]', activeProfiles = '{}', propertySourceLocations = '{}', propertySourceProperties = '{}', contextCustomizers = set[org.springframework.boot.test.autoconfigure.actuate.metrics.MetricsExportContextCustomizerFactory$DisableMetricExportContextCustomizer@3bd323e9, org.springframework.boot.test.autoconfigure.properties.PropertyMappingContextCustomizer@0, org.springframework.boot.test.autoconfigure.web.servlet.WebDriverContextCustomizerFactory$Customizer@106cc338, org.springframework.boot.test.context.filter.ExcludeFilterContextCustomizer@26ceffa8, org.springframework.boot.test.json.DuplicateJsonObjectContextCustomizerFactory$DuplicateJsonObjectContextCustomizer@60129b9a, org.springframework.boot.test.mock.mockito.MockitoContextCustomizer@f203ce7a], contextLoader = 'org.springframework.test.context.support.DelegatingSmartContextLoader', parent = [null]]]
18:48:04.834 [Test worker] DEBUG org.springframework.test.context.cache - Spring test ApplicationContext cache statistics: [DefaultContextCache@41bf79da size = 1, maxSize = 32, parentContextCount = 0, hitCount = 65, missCount = 1]
18:48:04.834 [Test worker] DEBUG org.springframework.test.context.cache.DefaultCacheAwareContextLoaderDelegate - Retrieved ApplicationContext [170052458] from cache with key [[MergedContextConfiguration@bcef303 testClass = UserServiceTest, locations = '{}', classes = '{class org.waldreg.user.management.DefaultUserManager}', contextInitializerClasses = '[]', activeProfiles = '{}', propertySourceLocations = '{}', propertySourceProperties = '{}', contextCustomizers = set[org.springframework.boot.test.autoconfigure.actuate.metrics.MetricsExportContextCustomizerFactory$DisableMetricExportContextCustomizer@3bd323e9, org.springframework.boot.test.autoconfigure.properties.PropertyMappingContextCustomizer@0, org.springframework.boot.test.autoconfigure.web.servlet.WebDriverContextCustomizerFactory$Customizer@106cc338, org.springframework.boot.test.context.filter.ExcludeFilterContextCustomizer@26ceffa8, org.springframework.boot.test.json.DuplicateJsonObjectContextCustomizerFactory$DuplicateJsonObjectContextCustomizer@60129b9a, org.springframework.boot.test.mock.mockito.MockitoContextCustomizer@f203ce7a], contextLoader = 'org.springframework.test.context.support.DelegatingSmartContextLoader', parent = [null]]]
18:48:04.834 [Test worker] DEBUG org.springframework.test.context.cache - Spring test ApplicationContext cache statistics: [DefaultContextCache@41bf79da size = 1, maxSize = 32, parentContextCount = 0, hitCount = 66, missCount = 1]
18:48:04.834 [Test worker] DEBUG org.springframework.test.context.cache.DefaultCacheAwareContextLoaderDelegate - Retrieved ApplicationContext [170052458] from cache with key [[MergedContextConfiguration@bcef303 testClass = UserServiceTest, locations = '{}', classes = '{class org.waldreg.user.management.DefaultUserManager}', contextInitializerClasses = '[]', activeProfiles = '{}', propertySourceLocations = '{}', propertySourceProperties = '{}', contextCustomizers = set[org.springframework.boot.test.autoconfigure.actuate.metrics.MetricsExportContextCustomizerFactory$DisableMetricExportContextCustomizer@3bd323e9, org.springframework.boot.test.autoconfigure.properties.PropertyMappingContextCustomizer@0, org.springframework.boot.test.autoconfigure.web.servlet.WebDriverContextCustomizerFactory$Customizer@106cc338, org.springframework.boot.test.context.filter.ExcludeFilterContextCustomizer@26ceffa8, org.springframework.boot.test.json.DuplicateJsonObjectContextCustomizerFactory$DuplicateJsonObjectContextCustomizer@60129b9a, org.springframework.boot.test.mock.mockito.MockitoContextCustomizer@f203ce7a], contextLoader = 'org.springframework.test.context.support.DelegatingSmartContextLoader', parent = [null]]]
18:48:04.834 [Test worker] DEBUG org.springframework.test.context.cache - Spring test ApplicationContext cache statistics: [DefaultContextCache@41bf79da size = 1, maxSize = 32, parentContextCount = 0, hitCount = 67, missCount = 1]
18:48:04.835 [Test worker] DEBUG org.springframework.test.context.cache.DefaultCacheAwareContextLoaderDelegate - Retrieved ApplicationContext [170052458] from cache with key [[MergedContextConfiguration@bcef303 testClass = UserServiceTest, locations = '{}', classes = '{class org.waldreg.user.management.DefaultUserManager}', contextInitializerClasses = '[]', activeProfiles = '{}', propertySourceLocations = '{}', propertySourceProperties = '{}', contextCustomizers = set[org.springframework.boot.test.autoconfigure.actuate.metrics.MetricsExportContextCustomizerFactory$DisableMetricExportContextCustomizer@3bd323e9, org.springframework.boot.test.autoconfigure.properties.PropertyMappingContextCustomizer@0, org.springframework.boot.test.autoconfigure.web.servlet.WebDriverContextCustomizerFactory$Customizer@106cc338, org.springframework.boot.test.context.filter.ExcludeFilterContextCustomizer@26ceffa8, org.springframework.boot.test.json.DuplicateJsonObjectContextCustomizerFactory$DuplicateJsonObjectContextCustomizer@60129b9a, org.springframework.boot.test.mock.mockito.MockitoContextCustomizer@f203ce7a], contextLoader = 'org.springframework.test.context.support.DelegatingSmartContextLoader', parent = [null]]]
18:48:04.835 [Test worker] DEBUG org.springframework.test.context.cache - Spring test ApplicationContext cache statistics: [DefaultContextCache@41bf79da size = 1, maxSize = 32, parentContextCount = 0, hitCount = 68, missCount = 1]
18:48:04.835 [Test worker] DEBUG org.springframework.test.context.cache.DefaultCacheAwareContextLoaderDelegate - Retrieved ApplicationContext [170052458] from cache with key [[MergedContextConfiguration@bcef303 testClass = UserServiceTest, locations = '{}', classes = '{class org.waldreg.user.management.DefaultUserManager}', contextInitializerClasses = '[]', activeProfiles = '{}', propertySourceLocations = '{}', propertySourceProperties = '{}', contextCustomizers = set[org.springframework.boot.test.autoconfigure.actuate.metrics.MetricsExportContextCustomizerFactory$DisableMetricExportContextCustomizer@3bd323e9, org.springframework.boot.test.autoconfigure.properties.PropertyMappingContextCustomizer@0, org.springframework.boot.test.autoconfigure.web.servlet.WebDriverContextCustomizerFactory$Customizer@106cc338, org.springframework.boot.test.context.filter.ExcludeFilterContextCustomizer@26ceffa8, org.springframework.boot.test.json.DuplicateJsonObjectContextCustomizerFactory$DuplicateJsonObjectContextCustomizer@60129b9a, org.springframework.boot.test.mock.mockito.MockitoContextCustomizer@f203ce7a], contextLoader = 'org.springframework.test.context.support.DelegatingSmartContextLoader', parent = [null]]]
18:48:04.835 [Test worker] DEBUG org.springframework.test.context.cache - Spring test ApplicationContext cache statistics: [DefaultContextCache@41bf79da size = 1, maxSize = 32, parentContextCount = 0, hitCount = 69, missCount = 1]
18:48:04.835 [Test worker] DEBUG org.springframework.test.context.cache.DefaultCacheAwareContextLoaderDelegate - Retrieved ApplicationContext [170052458] from cache with key [[MergedContextConfiguration@bcef303 testClass = UserServiceTest, locations = '{}', classes = '{class org.waldreg.user.management.DefaultUserManager}', contextInitializerClasses = '[]', activeProfiles = '{}', propertySourceLocations = '{}', propertySourceProperties = '{}', contextCustomizers = set[org.springframework.boot.test.autoconfigure.actuate.metrics.MetricsExportContextCustomizerFactory$DisableMetricExportContextCustomizer@3bd323e9, org.springframework.boot.test.autoconfigure.properties.PropertyMappingContextCustomizer@0, org.springframework.boot.test.autoconfigure.web.servlet.WebDriverContextCustomizerFactory$Customizer@106cc338, org.springframework.boot.test.context.filter.ExcludeFilterContextCustomizer@26ceffa8, org.springframework.boot.test.json.DuplicateJsonObjectContextCustomizerFactory$DuplicateJsonObjectContextCustomizer@60129b9a, org.springframework.boot.test.mock.mockito.MockitoContextCustomizer@f203ce7a], contextLoader = 'org.springframework.test.context.support.DelegatingSmartContextLoader', parent = [null]]]
18:48:04.835 [Test worker] DEBUG org.springframework.test.context.cache - Spring test ApplicationContext cache statistics: [DefaultContextCache@41bf79da size = 1, maxSize = 32, parentContextCount = 0, hitCount = 70, missCount = 1]
18:48:04.835 [Test worker] DEBUG org.springframework.test.context.cache.DefaultCacheAwareContextLoaderDelegate - Retrieved ApplicationContext [170052458] from cache with key [[MergedContextConfiguration@bcef303 testClass = UserServiceTest, locations = '{}', classes = '{class org.waldreg.user.management.DefaultUserManager}', contextInitializerClasses = '[]', activeProfiles = '{}', propertySourceLocations = '{}', propertySourceProperties = '{}', contextCustomizers = set[org.springframework.boot.test.autoconfigure.actuate.metrics.MetricsExportContextCustomizerFactory$DisableMetricExportContextCustomizer@3bd323e9, org.springframework.boot.test.autoconfigure.properties.PropertyMappingContextCustomizer@0, org.springframework.boot.test.autoconfigure.web.servlet.WebDriverContextCustomizerFactory$Customizer@106cc338, org.springframework.boot.test.context.filter.ExcludeFilterContextCustomizer@26ceffa8, org.springframework.boot.test.json.DuplicateJsonObjectContextCustomizerFactory$DuplicateJsonObjectContextCustomizer@60129b9a, org.springframework.boot.test.mock.mockito.MockitoContextCustomizer@f203ce7a], contextLoader = 'org.springframework.test.context.support.DelegatingSmartContextLoader', parent = [null]]]
18:48:04.835 [Test worker] DEBUG org.springframework.test.context.cache - Spring test ApplicationContext cache statistics: [DefaultContextCache@41bf79da size = 1, maxSize = 32, parentContextCount = 0, hitCount = 71, missCount = 1]
18:48:04.835 [Test worker] DEBUG org.springframework.test.context.support.AbstractDirtiesContextTestExecutionListener - After test method: context [DefaultTestContext@68b32e3e testClass = UserServiceTest, testInstance = org.waldreg.user.management.UserServiceTest@7be7e15, testMethod = UPDATE_SPECIFIC_USER_SUCCESS_TEST@UserServiceTest, testException = [null], mergedContextConfiguration = [MergedContextConfiguration@bcef303 testClass = UserServiceTest, locations = '{}', classes = '{class org.waldreg.user.management.DefaultUserManager}', contextInitializerClasses = '[]', activeProfiles = '{}', propertySourceLocations = '{}', propertySourceProperties = '{}', contextCustomizers = set[org.springframework.boot.test.autoconfigure.actuate.metrics.MetricsExportContextCustomizerFactory$DisableMetricExportContextCustomizer@3bd323e9, org.springframework.boot.test.autoconfigure.properties.PropertyMappingContextCustomizer@0, org.springframework.boot.test.autoconfigure.web.servlet.WebDriverContextCustomizerFactory$Customizer@106cc338, org.springframework.boot.test.context.filter.ExcludeFilterContextCustomizer@26ceffa8, org.springframework.boot.test.json.DuplicateJsonObjectContextCustomizerFactory$DuplicateJsonObjectContextCustomizer@60129b9a, org.springframework.boot.test.mock.mockito.MockitoContextCustomizer@f203ce7a], contextLoader = 'org.springframework.test.context.support.DelegatingSmartContextLoader', parent = [null]], attributes = map['org.springframework.test.context.event.ApplicationEventsTestExecutionListener.recordApplicationEvents' -> false]], class annotated with @DirtiesContext [false] with mode [null], method annotated with @DirtiesContext [false] with mode [null].
18:48:04.835 [Test worker] DEBUG org.springframework.test.context.cache.DefaultCacheAwareContextLoaderDelegate - Retrieved ApplicationContext [170052458] from cache with key [[MergedContextConfiguration@bcef303 testClass = UserServiceTest, locations = '{}', classes = '{class org.waldreg.user.management.DefaultUserManager}', contextInitializerClasses = '[]', activeProfiles = '{}', propertySourceLocations = '{}', propertySourceProperties = '{}', contextCustomizers = set[org.springframework.boot.test.autoconfigure.actuate.metrics.MetricsExportContextCustomizerFactory$DisableMetricExportContextCustomizer@3bd323e9, org.springframework.boot.test.autoconfigure.properties.PropertyMappingContextCustomizer@0, org.springframework.boot.test.autoconfigure.web.servlet.WebDriverContextCustomizerFactory$Customizer@106cc338, org.springframework.boot.test.context.filter.ExcludeFilterContextCustomizer@26ceffa8, org.springframework.boot.test.json.DuplicateJsonObjectContextCustomizerFactory$DuplicateJsonObjectContextCustomizer@60129b9a, org.springframework.boot.test.mock.mockito.MockitoContextCustomizer@f203ce7a], contextLoader = 'org.springframework.test.context.support.DelegatingSmartContextLoader', parent = [null]]]
18:48:04.835 [Test worker] DEBUG org.springframework.test.context.cache - Spring test ApplicationContext cache statistics: [DefaultContextCache@41bf79da size = 1, maxSize = 32, parentContextCount = 0, hitCount = 72, missCount = 1]
18:48:04.836 [Test worker] DEBUG org.springframework.test.context.support.DependencyInjectionTestExecutionListener - Performing dependency injection for test context [[DefaultTestContext@68b32e3e testClass = UserServiceTest, testInstance = org.waldreg.user.management.UserServiceTest@4248b963, testMethod = [null], testException = [null], mergedContextConfiguration = [MergedContextConfiguration@bcef303 testClass = UserServiceTest, locations = '{}', classes = '{class org.waldreg.user.management.DefaultUserManager}', contextInitializerClasses = '[]', activeProfiles = '{}', propertySourceLocations = '{}', propertySourceProperties = '{}', contextCustomizers = set[org.springframework.boot.test.autoconfigure.actuate.metrics.MetricsExportContextCustomizerFactory$DisableMetricExportContextCustomizer@3bd323e9, org.springframework.boot.test.autoconfigure.properties.PropertyMappingContextCustomizer@0, org.springframework.boot.test.autoconfigure.web.servlet.WebDriverContextCustomizerFactory$Customizer@106cc338, org.springframework.boot.test.context.filter.ExcludeFilterContextCustomizer@26ceffa8, org.springframework.boot.test.json.DuplicateJsonObjectContextCustomizerFactory$DuplicateJsonObjectContextCustomizer@60129b9a, org.springframework.boot.test.mock.mockito.MockitoContextCustomizer@f203ce7a], contextLoader = 'org.springframework.test.context.support.DelegatingSmartContextLoader', parent = [null]], attributes = map['org.springframework.test.context.event.ApplicationEventsTestExecutionListener.recordApplicationEvents' -> false]]].
18:48:04.836 [Test worker] DEBUG org.springframework.test.context.cache.DefaultCacheAwareContextLoaderDelegate - Retrieved ApplicationContext [170052458] from cache with key [[MergedContextConfiguration@bcef303 testClass = UserServiceTest, locations = '{}', classes = '{class org.waldreg.user.management.DefaultUserManager}', contextInitializerClasses = '[]', activeProfiles = '{}', propertySourceLocations = '{}', propertySourceProperties = '{}', contextCustomizers = set[org.springframework.boot.test.autoconfigure.actuate.metrics.MetricsExportContextCustomizerFactory$DisableMetricExportContextCustomizer@3bd323e9, org.springframework.boot.test.autoconfigure.properties.PropertyMappingContextCustomizer@0, org.springframework.boot.test.autoconfigure.web.servlet.WebDriverContextCustomizerFactory$Customizer@106cc338, org.springframework.boot.test.context.filter.ExcludeFilterContextCustomizer@26ceffa8, org.springframework.boot.test.json.DuplicateJsonObjectContextCustomizerFactory$DuplicateJsonObjectContextCustomizer@60129b9a, org.springframework.boot.test.mock.mockito.MockitoContextCustomizer@f203ce7a], contextLoader = 'org.springframework.test.context.support.DelegatingSmartContextLoader', parent = [null]]]
18:48:04.836 [Test worker] DEBUG org.springframework.test.context.cache - Spring test ApplicationContext cache statistics: [DefaultContextCache@41bf79da size = 1, maxSize = 32, parentContextCount = 0, hitCount = 73, missCount = 1]
18:48:04.836 [Test worker] DEBUG org.springframework.test.context.cache.DefaultCacheAwareContextLoaderDelegate - Retrieved ApplicationContext [170052458] from cache with key [[MergedContextConfiguration@bcef303 testClass = UserServiceTest, locations = '{}', classes = '{class org.waldreg.user.management.DefaultUserManager}', contextInitializerClasses = '[]', activeProfiles = '{}', propertySourceLocations = '{}', propertySourceProperties = '{}', contextCustomizers = set[org.springframework.boot.test.autoconfigure.actuate.metrics.MetricsExportContextCustomizerFactory$DisableMetricExportContextCustomizer@3bd323e9, org.springframework.boot.test.autoconfigure.properties.PropertyMappingContextCustomizer@0, org.springframework.boot.test.autoconfigure.web.servlet.WebDriverContextCustomizerFactory$Customizer@106cc338, org.springframework.boot.test.context.filter.ExcludeFilterContextCustomizer@26ceffa8, org.springframework.boot.test.json.DuplicateJsonObjectContextCustomizerFactory$DuplicateJsonObjectContextCustomizer@60129b9a, org.springframework.boot.test.mock.mockito.MockitoContextCustomizer@f203ce7a], contextLoader = 'org.springframework.test.context.support.DelegatingSmartContextLoader', parent = [null]]]
18:48:04.836 [Test worker] DEBUG org.springframework.test.context.cache - Spring test ApplicationContext cache statistics: [DefaultContextCache@41bf79da size = 1, maxSize = 32, parentContextCount = 0, hitCount = 74, missCount = 1]
18:48:04.836 [Test worker] DEBUG org.springframework.test.context.support.AbstractDirtiesContextTestExecutionListener - Before test method: context [DefaultTestContext@68b32e3e testClass = UserServiceTest, testInstance = org.waldreg.user.management.UserServiceTest@4248b963, testMethod = READ_ALL_USER_SUCCESS_TEST@UserServiceTest, testException = [null], mergedContextConfiguration = [MergedContextConfiguration@bcef303 testClass = UserServiceTest, locations = '{}', classes = '{class org.waldreg.user.management.DefaultUserManager}', contextInitializerClasses = '[]', activeProfiles = '{}', propertySourceLocations = '{}', propertySourceProperties = '{}', contextCustomizers = set[org.springframework.boot.test.autoconfigure.actuate.metrics.MetricsExportContextCustomizerFactory$DisableMetricExportContextCustomizer@3bd323e9, org.springframework.boot.test.autoconfigure.properties.PropertyMappingContextCustomizer@0, org.springframework.boot.test.autoconfigure.web.servlet.WebDriverContextCustomizerFactory$Customizer@106cc338, org.springframework.boot.test.context.filter.ExcludeFilterContextCustomizer@26ceffa8, org.springframework.boot.test.json.DuplicateJsonObjectContextCustomizerFactory$DuplicateJsonObjectContextCustomizer@60129b9a, org.springframework.boot.test.mock.mockito.MockitoContextCustomizer@f203ce7a], contextLoader = 'org.springframework.test.context.support.DelegatingSmartContextLoader', parent = [null]], attributes = map['org.springframework.test.context.event.ApplicationEventsTestExecutionListener.recordApplicationEvents' -> false]], class annotated with @DirtiesContext [false] with mode [null], method annotated with @DirtiesContext [false] with mode [null].
18:48:04.836 [Test worker] DEBUG org.springframework.test.context.cache.DefaultCacheAwareContextLoaderDelegate - Retrieved ApplicationContext [170052458] from cache with key [[MergedContextConfiguration@bcef303 testClass = UserServiceTest, locations = '{}', classes = '{class org.waldreg.user.management.DefaultUserManager}', contextInitializerClasses = '[]', activeProfiles = '{}', propertySourceLocations = '{}', propertySourceProperties = '{}', contextCustomizers = set[org.springframework.boot.test.autoconfigure.actuate.metrics.MetricsExportContextCustomizerFactory$DisableMetricExportContextCustomizer@3bd323e9, org.springframework.boot.test.autoconfigure.properties.PropertyMappingContextCustomizer@0, org.springframework.boot.test.autoconfigure.web.servlet.WebDriverContextCustomizerFactory$Customizer@106cc338, org.springframework.boot.test.context.filter.ExcludeFilterContextCustomizer@26ceffa8, org.springframework.boot.test.json.DuplicateJsonObjectContextCustomizerFactory$DuplicateJsonObjectContextCustomizer@60129b9a, org.springframework.boot.test.mock.mockito.MockitoContextCustomizer@f203ce7a], contextLoader = 'org.springframework.test.context.support.DelegatingSmartContextLoader', parent = [null]]]
18:48:04.836 [Test worker] DEBUG org.springframework.test.context.cache - Spring test ApplicationContext cache statistics: [DefaultContextCache@41bf79da size = 1, maxSize = 32, parentContextCount = 0, hitCount = 75, missCount = 1]
18:48:04.836 [Test worker] DEBUG org.springframework.test.context.cache.DefaultCacheAwareContextLoaderDelegate - Retrieved ApplicationContext [170052458] from cache with key [[MergedContextConfiguration@bcef303 testClass = UserServiceTest, locations = '{}', classes = '{class org.waldreg.user.management.DefaultUserManager}', contextInitializerClasses = '[]', activeProfiles = '{}', propertySourceLocations = '{}', propertySourceProperties = '{}', contextCustomizers = set[org.springframework.boot.test.autoconfigure.actuate.metrics.MetricsExportContextCustomizerFactory$DisableMetricExportContextCustomizer@3bd323e9, org.springframework.boot.test.autoconfigure.properties.PropertyMappingContextCustomizer@0, org.springframework.boot.test.autoconfigure.web.servlet.WebDriverContextCustomizerFactory$Customizer@106cc338, org.springframework.boot.test.context.filter.ExcludeFilterContextCustomizer@26ceffa8, org.springframework.boot.test.json.DuplicateJsonObjectContextCustomizerFactory$DuplicateJsonObjectContextCustomizer@60129b9a, org.springframework.boot.test.mock.mockito.MockitoContextCustomizer@f203ce7a], contextLoader = 'org.springframework.test.context.support.DelegatingSmartContextLoader', parent = [null]]]
18:48:04.837 [Test worker] DEBUG org.springframework.test.context.cache - Spring test ApplicationContext cache statistics: [DefaultContextCache@41bf79da size = 1, maxSize = 32, parentContextCount = 0, hitCount = 76, missCount = 1]
18:48:04.837 [Test worker] DEBUG org.springframework.test.context.cache.DefaultCacheAwareContextLoaderDelegate - Retrieved ApplicationContext [170052458] from cache with key [[MergedContextConfiguration@bcef303 testClass = UserServiceTest, locations = '{}', classes = '{class org.waldreg.user.management.DefaultUserManager}', contextInitializerClasses = '[]', activeProfiles = '{}', propertySourceLocations = '{}', propertySourceProperties = '{}', contextCustomizers = set[org.springframework.boot.test.autoconfigure.actuate.metrics.MetricsExportContextCustomizerFactory$DisableMetricExportContextCustomizer@3bd323e9, org.springframework.boot.test.autoconfigure.properties.PropertyMappingContextCustomizer@0, org.springframework.boot.test.autoconfigure.web.servlet.WebDriverContextCustomizerFactory$Customizer@106cc338, org.springframework.boot.test.context.filter.ExcludeFilterContextCustomizer@26ceffa8, org.springframework.boot.test.json.DuplicateJsonObjectContextCustomizerFactory$DuplicateJsonObjectContextCustomizer@60129b9a, org.springframework.boot.test.mock.mockito.MockitoContextCustomizer@f203ce7a], contextLoader = 'org.springframework.test.context.support.DelegatingSmartContextLoader', parent = [null]]]
18:48:04.837 [Test worker] DEBUG org.springframework.test.context.cache - Spring test ApplicationContext cache statistics: [DefaultContextCache@41bf79da size = 1, maxSize = 32, parentContextCount = 0, hitCount = 77, missCount = 1]
18:48:04.838 [Test worker] DEBUG org.springframework.test.context.cache.DefaultCacheAwareContextLoaderDelegate - Retrieved ApplicationContext [170052458] from cache with key [[MergedContextConfiguration@bcef303 testClass = UserServiceTest, locations = '{}', classes = '{class org.waldreg.user.management.DefaultUserManager}', contextInitializerClasses = '[]', activeProfiles = '{}', propertySourceLocations = '{}', propertySourceProperties = '{}', contextCustomizers = set[org.springframework.boot.test.autoconfigure.actuate.metrics.MetricsExportContextCustomizerFactory$DisableMetricExportContextCustomizer@3bd323e9, org.springframework.boot.test.autoconfigure.properties.PropertyMappingContextCustomizer@0, org.springframework.boot.test.autoconfigure.web.servlet.WebDriverContextCustomizerFactory$Customizer@106cc338, org.springframework.boot.test.context.filter.ExcludeFilterContextCustomizer@26ceffa8, org.springframework.boot.test.json.DuplicateJsonObjectContextCustomizerFactory$DuplicateJsonObjectContextCustomizer@60129b9a, org.springframework.boot.test.mock.mockito.MockitoContextCustomizer@f203ce7a], contextLoader = 'org.springframework.test.context.support.DelegatingSmartContextLoader', parent = [null]]]
18:48:04.838 [Test worker] DEBUG org.springframework.test.context.cache - Spring test ApplicationContext cache statistics: [DefaultContextCache@41bf79da size = 1, maxSize = 32, parentContextCount = 0, hitCount = 78, missCount = 1]
18:48:04.838 [Test worker] DEBUG org.springframework.test.context.cache.DefaultCacheAwareContextLoaderDelegate - Retrieved ApplicationContext [170052458] from cache with key [[MergedContextConfiguration@bcef303 testClass = UserServiceTest, locations = '{}', classes = '{class org.waldreg.user.management.DefaultUserManager}', contextInitializerClasses = '[]', activeProfiles = '{}', propertySourceLocations = '{}', propertySourceProperties = '{}', contextCustomizers = set[org.springframework.boot.test.autoconfigure.actuate.metrics.MetricsExportContextCustomizerFactory$DisableMetricExportContextCustomizer@3bd323e9, org.springframework.boot.test.autoconfigure.properties.PropertyMappingContextCustomizer@0, org.springframework.boot.test.autoconfigure.web.servlet.WebDriverContextCustomizerFactory$Customizer@106cc338, org.springframework.boot.test.context.filter.ExcludeFilterContextCustomizer@26ceffa8, org.springframework.boot.test.json.DuplicateJsonObjectContextCustomizerFactory$DuplicateJsonObjectContextCustomizer@60129b9a, org.springframework.boot.test.mock.mockito.MockitoContextCustomizer@f203ce7a], contextLoader = 'org.springframework.test.context.support.DelegatingSmartContextLoader', parent = [null]]]
18:48:04.838 [Test worker] DEBUG org.springframework.test.context.cache - Spring test ApplicationContext cache statistics: [DefaultContextCache@41bf79da size = 1, maxSize = 32, parentContextCount = 0, hitCount = 79, missCount = 1]
18:48:04.838 [Test worker] DEBUG org.springframework.test.context.cache.DefaultCacheAwareContextLoaderDelegate - Retrieved ApplicationContext [170052458] from cache with key [[MergedContextConfiguration@bcef303 testClass = UserServiceTest, locations = '{}', classes = '{class org.waldreg.user.management.DefaultUserManager}', contextInitializerClasses = '[]', activeProfiles = '{}', propertySourceLocations = '{}', propertySourceProperties = '{}', contextCustomizers = set[org.springframework.boot.test.autoconfigure.actuate.metrics.MetricsExportContextCustomizerFactory$DisableMetricExportContextCustomizer@3bd323e9, org.springframework.boot.test.autoconfigure.properties.PropertyMappingContextCustomizer@0, org.springframework.boot.test.autoconfigure.web.servlet.WebDriverContextCustomizerFactory$Customizer@106cc338, org.springframework.boot.test.context.filter.ExcludeFilterContextCustomizer@26ceffa8, org.springframework.boot.test.json.DuplicateJsonObjectContextCustomizerFactory$DuplicateJsonObjectContextCustomizer@60129b9a, org.springframework.boot.test.mock.mockito.MockitoContextCustomizer@f203ce7a], contextLoader = 'org.springframework.test.context.support.DelegatingSmartContextLoader', parent = [null]]]
18:48:04.838 [Test worker] DEBUG org.springframework.test.context.cache - Spring test ApplicationContext cache statistics: [DefaultContextCache@41bf79da size = 1, maxSize = 32, parentContextCount = 0, hitCount = 80, missCount = 1]
18:48:04.838 [Test worker] DEBUG org.springframework.test.context.cache.DefaultCacheAwareContextLoaderDelegate - Retrieved ApplicationContext [170052458] from cache with key [[MergedContextConfiguration@bcef303 testClass = UserServiceTest, locations = '{}', classes = '{class org.waldreg.user.management.DefaultUserManager}', contextInitializerClasses = '[]', activeProfiles = '{}', propertySourceLocations = '{}', propertySourceProperties = '{}', contextCustomizers = set[org.springframework.boot.test.autoconfigure.actuate.metrics.MetricsExportContextCustomizerFactory$DisableMetricExportContextCustomizer@3bd323e9, org.springframework.boot.test.autoconfigure.properties.PropertyMappingContextCustomizer@0, org.springframework.boot.test.autoconfigure.web.servlet.WebDriverContextCustomizerFactory$Customizer@106cc338, org.springframework.boot.test.context.filter.ExcludeFilterContextCustomizer@26ceffa8, org.springframework.boot.test.json.DuplicateJsonObjectContextCustomizerFactory$DuplicateJsonObjectContextCustomizer@60129b9a, org.springframework.boot.test.mock.mockito.MockitoContextCustomizer@f203ce7a], contextLoader = 'org.springframework.test.context.support.DelegatingSmartContextLoader', parent = [null]]]
18:48:04.839 [Test worker] DEBUG org.springframework.test.context.cache - Spring test ApplicationContext cache statistics: [DefaultContextCache@41bf79da size = 1, maxSize = 32, parentContextCount = 0, hitCount = 81, missCount = 1]
18:48:04.839 [Test worker] DEBUG org.springframework.test.context.cache.DefaultCacheAwareContextLoaderDelegate - Retrieved ApplicationContext [170052458] from cache with key [[MergedContextConfiguration@bcef303 testClass = UserServiceTest, locations = '{}', classes = '{class org.waldreg.user.management.DefaultUserManager}', contextInitializerClasses = '[]', activeProfiles = '{}', propertySourceLocations = '{}', propertySourceProperties = '{}', contextCustomizers = set[org.springframework.boot.test.autoconfigure.actuate.metrics.MetricsExportContextCustomizerFactory$DisableMetricExportContextCustomizer@3bd323e9, org.springframework.boot.test.autoconfigure.properties.PropertyMappingContextCustomizer@0, org.springframework.boot.test.autoconfigure.web.servlet.WebDriverContextCustomizerFactory$Customizer@106cc338, org.springframework.boot.test.context.filter.ExcludeFilterContextCustomizer@26ceffa8, org.springframework.boot.test.json.DuplicateJsonObjectContextCustomizerFactory$DuplicateJsonObjectContextCustomizer@60129b9a, org.springframework.boot.test.mock.mockito.MockitoContextCustomizer@f203ce7a], contextLoader = 'org.springframework.test.context.support.DelegatingSmartContextLoader', parent = [null]]]
18:48:04.839 [Test worker] DEBUG org.springframework.test.context.cache - Spring test ApplicationContext cache statistics: [DefaultContextCache@41bf79da size = 1, maxSize = 32, parentContextCount = 0, hitCount = 82, missCount = 1]
18:48:04.839 [Test worker] DEBUG org.springframework.test.context.cache.DefaultCacheAwareContextLoaderDelegate - Retrieved ApplicationContext [170052458] from cache with key [[MergedContextConfiguration@bcef303 testClass = UserServiceTest, locations = '{}', classes = '{class org.waldreg.user.management.DefaultUserManager}', contextInitializerClasses = '[]', activeProfiles = '{}', propertySourceLocations = '{}', propertySourceProperties = '{}', contextCustomizers = set[org.springframework.boot.test.autoconfigure.actuate.metrics.MetricsExportContextCustomizerFactory$DisableMetricExportContextCustomizer@3bd323e9, org.springframework.boot.test.autoconfigure.properties.PropertyMappingContextCustomizer@0, org.springframework.boot.test.autoconfigure.web.servlet.WebDriverContextCustomizerFactory$Customizer@106cc338, org.springframework.boot.test.context.filter.ExcludeFilterContextCustomizer@26ceffa8, org.springframework.boot.test.json.DuplicateJsonObjectContextCustomizerFactory$DuplicateJsonObjectContextCustomizer@60129b9a, org.springframework.boot.test.mock.mockito.MockitoContextCustomizer@f203ce7a], contextLoader = 'org.springframework.test.context.support.DelegatingSmartContextLoader', parent = [null]]]
18:48:04.839 [Test worker] DEBUG org.springframework.test.context.cache - Spring test ApplicationContext cache statistics: [DefaultContextCache@41bf79da size = 1, maxSize = 32, parentContextCount = 0, hitCount = 83, missCount = 1]
18:48:04.839 [Test worker] DEBUG org.springframework.test.context.support.AbstractDirtiesContextTestExecutionListener - After test method: context [DefaultTestContext@68b32e3e testClass = UserServiceTest, testInstance = org.waldreg.user.management.UserServiceTest@4248b963, testMethod = READ_ALL_USER_SUCCESS_TEST@UserServiceTest, testException = [null], mergedContextConfiguration = [MergedContextConfiguration@bcef303 testClass = UserServiceTest, locations = '{}', classes = '{class org.waldreg.user.management.DefaultUserManager}', contextInitializerClasses = '[]', activeProfiles = '{}', propertySourceLocations = '{}', propertySourceProperties = '{}', contextCustomizers = set[org.springframework.boot.test.autoconfigure.actuate.metrics.MetricsExportContextCustomizerFactory$DisableMetricExportContextCustomizer@3bd323e9, org.springframework.boot.test.autoconfigure.properties.PropertyMappingContextCustomizer@0, org.springframework.boot.test.autoconfigure.web.servlet.WebDriverContextCustomizerFactory$Customizer@106cc338, org.springframework.boot.test.context.filter.ExcludeFilterContextCustomizer@26ceffa8, org.springframework.boot.test.json.DuplicateJsonObjectContextCustomizerFactory$DuplicateJsonObjectContextCustomizer@60129b9a, org.springframework.boot.test.mock.mockito.MockitoContextCustomizer@f203ce7a], contextLoader = 'org.springframework.test.context.support.DelegatingSmartContextLoader', parent = [null]], attributes = map['org.springframework.test.context.event.ApplicationEventsTestExecutionListener.recordApplicationEvents' -> false]], class annotated with @DirtiesContext [false] with mode [null], method annotated with @DirtiesContext [false] with mode [null].
18:48:04.839 [Test worker] DEBUG org.springframework.test.context.cache.DefaultCacheAwareContextLoaderDelegate - Retrieved ApplicationContext [170052458] from cache with key [[MergedContextConfiguration@bcef303 testClass = UserServiceTest, locations = '{}', classes = '{class org.waldreg.user.management.DefaultUserManager}', contextInitializerClasses = '[]', activeProfiles = '{}', propertySourceLocations = '{}', propertySourceProperties = '{}', contextCustomizers = set[org.springframework.boot.test.autoconfigure.actuate.metrics.MetricsExportContextCustomizerFactory$DisableMetricExportContextCustomizer@3bd323e9, org.springframework.boot.test.autoconfigure.properties.PropertyMappingContextCustomizer@0, org.springframework.boot.test.autoconfigure.web.servlet.WebDriverContextCustomizerFactory$Customizer@106cc338, org.springframework.boot.test.context.filter.ExcludeFilterContextCustomizer@26ceffa8, org.springframework.boot.test.json.DuplicateJsonObjectContextCustomizerFactory$DuplicateJsonObjectContextCustomizer@60129b9a, org.springframework.boot.test.mock.mockito.MockitoContextCustomizer@f203ce7a], contextLoader = 'org.springframework.test.context.support.DelegatingSmartContextLoader', parent = [null]]]
18:48:04.839 [Test worker] DEBUG org.springframework.test.context.cache - Spring test ApplicationContext cache statistics: [DefaultContextCache@41bf79da size = 1, maxSize = 32, parentContextCount = 0, hitCount = 84, missCount = 1]
18:48:04.839 [Test worker] DEBUG org.springframework.test.context.support.DependencyInjectionTestExecutionListener - Performing dependency injection for test context [[DefaultTestContext@68b32e3e testClass = UserServiceTest, testInstance = org.waldreg.user.management.UserServiceTest@72725ee1, testMethod = [null], testException = [null], mergedContextConfiguration = [MergedContextConfiguration@bcef303 testClass = UserServiceTest, locations = '{}', classes = '{class org.waldreg.user.management.DefaultUserManager}', contextInitializerClasses = '[]', activeProfiles = '{}', propertySourceLocations = '{}', propertySourceProperties = '{}', contextCustomizers = set[org.springframework.boot.test.autoconfigure.actuate.metrics.MetricsExportContextCustomizerFactory$DisableMetricExportContextCustomizer@3bd323e9, org.springframework.boot.test.autoconfigure.properties.PropertyMappingContextCustomizer@0, org.springframework.boot.test.autoconfigure.web.servlet.WebDriverContextCustomizerFactory$Customizer@106cc338, org.springframework.boot.test.context.filter.ExcludeFilterContextCustomizer@26ceffa8, org.springframework.boot.test.json.DuplicateJsonObjectContextCustomizerFactory$DuplicateJsonObjectContextCustomizer@60129b9a, org.springframework.boot.test.mock.mockito.MockitoContextCustomizer@f203ce7a], contextLoader = 'org.springframework.test.context.support.DelegatingSmartContextLoader', parent = [null]], attributes = map['org.springframework.test.context.event.ApplicationEventsTestExecutionListener.recordApplicationEvents' -> false]]].
18:48:04.839 [Test worker] DEBUG org.springframework.test.context.cache.DefaultCacheAwareContextLoaderDelegate - Retrieved ApplicationContext [170052458] from cache with key [[MergedContextConfiguration@bcef303 testClass = UserServiceTest, locations = '{}', classes = '{class org.waldreg.user.management.DefaultUserManager}', contextInitializerClasses = '[]', activeProfiles = '{}', propertySourceLocations = '{}', propertySourceProperties = '{}', contextCustomizers = set[org.springframework.boot.test.autoconfigure.actuate.metrics.MetricsExportContextCustomizerFactory$DisableMetricExportContextCustomizer@3bd323e9, org.springframework.boot.test.autoconfigure.properties.PropertyMappingContextCustomizer@0, org.springframework.boot.test.autoconfigure.web.servlet.WebDriverContextCustomizerFactory$Customizer@106cc338, org.springframework.boot.test.context.filter.ExcludeFilterContextCustomizer@26ceffa8, org.springframework.boot.test.json.DuplicateJsonObjectContextCustomizerFactory$DuplicateJsonObjectContextCustomizer@60129b9a, org.springframework.boot.test.mock.mockito.MockitoContextCustomizer@f203ce7a], contextLoader = 'org.springframework.test.context.support.DelegatingSmartContextLoader', parent = [null]]]
18:48:04.839 [Test worker] DEBUG org.springframework.test.context.cache - Spring test ApplicationContext cache statistics: [DefaultContextCache@41bf79da size = 1, maxSize = 32, parentContextCount = 0, hitCount = 85, missCount = 1]
18:48:04.840 [Test worker] DEBUG org.springframework.test.context.cache.DefaultCacheAwareContextLoaderDelegate - Retrieved ApplicationContext [170052458] from cache with key [[MergedContextConfiguration@bcef303 testClass = UserServiceTest, locations = '{}', classes = '{class org.waldreg.user.management.DefaultUserManager}', contextInitializerClasses = '[]', activeProfiles = '{}', propertySourceLocations = '{}', propertySourceProperties = '{}', contextCustomizers = set[org.springframework.boot.test.autoconfigure.actuate.metrics.MetricsExportContextCustomizerFactory$DisableMetricExportContextCustomizer@3bd323e9, org.springframework.boot.test.autoconfigure.properties.PropertyMappingContextCustomizer@0, org.springframework.boot.test.autoconfigure.web.servlet.WebDriverContextCustomizerFactory$Customizer@106cc338, org.springframework.boot.test.context.filter.ExcludeFilterContextCustomizer@26ceffa8, org.springframework.boot.test.json.DuplicateJsonObjectContextCustomizerFactory$DuplicateJsonObjectContextCustomizer@60129b9a, org.springframework.boot.test.mock.mockito.MockitoContextCustomizer@f203ce7a], contextLoader = 'org.springframework.test.context.support.DelegatingSmartContextLoader', parent = [null]]]
18:48:04.840 [Test worker] DEBUG org.springframework.test.context.cache - Spring test ApplicationContext cache statistics: [DefaultContextCache@41bf79da size = 1, maxSize = 32, parentContextCount = 0, hitCount = 86, missCount = 1]
18:48:04.840 [Test worker] DEBUG org.springframework.test.context.support.AbstractDirtiesContextTestExecutionListener - Before test method: context [DefaultTestContext@68b32e3e testClass = UserServiceTest, testInstance = org.waldreg.user.management.UserServiceTest@72725ee1, testMethod = DELETE_OTHER_USER_SUCCESS_TEST@UserServiceTest, testException = [null], mergedContextConfiguration = [MergedContextConfiguration@bcef303 testClass = UserServiceTest, locations = '{}', classes = '{class org.waldreg.user.management.DefaultUserManager}', contextInitializerClasses = '[]', activeProfiles = '{}', propertySourceLocations = '{}', propertySourceProperties = '{}', contextCustomizers = set[org.springframework.boot.test.autoconfigure.actuate.metrics.MetricsExportContextCustomizerFactory$DisableMetricExportContextCustomizer@3bd323e9, org.springframework.boot.test.autoconfigure.properties.PropertyMappingContextCustomizer@0, org.springframework.boot.test.autoconfigure.web.servlet.WebDriverContextCustomizerFactory$Customizer@106cc338, org.springframework.boot.test.context.filter.ExcludeFilterContextCustomizer@26ceffa8, org.springframework.boot.test.json.DuplicateJsonObjectContextCustomizerFactory$DuplicateJsonObjectContextCustomizer@60129b9a, org.springframework.boot.test.mock.mockito.MockitoContextCustomizer@f203ce7a], contextLoader = 'org.springframework.test.context.support.DelegatingSmartContextLoader', parent = [null]], attributes = map['org.springframework.test.context.event.ApplicationEventsTestExecutionListener.recordApplicationEvents' -> false]], class annotated with @DirtiesContext [false] with mode [null], method annotated with @DirtiesContext [false] with mode [null].
18:48:04.840 [Test worker] DEBUG org.springframework.test.context.cache.DefaultCacheAwareContextLoaderDelegate - Retrieved ApplicationContext [170052458] from cache with key [[MergedContextConfiguration@bcef303 testClass = UserServiceTest, locations = '{}', classes = '{class org.waldreg.user.management.DefaultUserManager}', contextInitializerClasses = '[]', activeProfiles = '{}', propertySourceLocations = '{}', propertySourceProperties = '{}', contextCustomizers = set[org.springframework.boot.test.autoconfigure.actuate.metrics.MetricsExportContextCustomizerFactory$DisableMetricExportContextCustomizer@3bd323e9, org.springframework.boot.test.autoconfigure.properties.PropertyMappingContextCustomizer@0, org.springframework.boot.test.autoconfigure.web.servlet.WebDriverContextCustomizerFactory$Customizer@106cc338, org.springframework.boot.test.context.filter.ExcludeFilterContextCustomizer@26ceffa8, org.springframework.boot.test.json.DuplicateJsonObjectContextCustomizerFactory$DuplicateJsonObjectContextCustomizer@60129b9a, org.springframework.boot.test.mock.mockito.MockitoContextCustomizer@f203ce7a], contextLoader = 'org.springframework.test.context.support.DelegatingSmartContextLoader', parent = [null]]]
18:48:04.840 [Test worker] DEBUG org.springframework.test.context.cache - Spring test ApplicationContext cache statistics: [DefaultContextCache@41bf79da size = 1, maxSize = 32, parentContextCount = 0, hitCount = 87, missCount = 1]
18:48:04.840 [Test worker] DEBUG org.springframework.test.context.cache.DefaultCacheAwareContextLoaderDelegate - Retrieved ApplicationContext [170052458] from cache with key [[MergedContextConfiguration@bcef303 testClass = UserServiceTest, locations = '{}', classes = '{class org.waldreg.user.management.DefaultUserManager}', contextInitializerClasses = '[]', activeProfiles = '{}', propertySourceLocations = '{}', propertySourceProperties = '{}', contextCustomizers = set[org.springframework.boot.test.autoconfigure.actuate.metrics.MetricsExportContextCustomizerFactory$DisableMetricExportContextCustomizer@3bd323e9, org.springframework.boot.test.autoconfigure.properties.PropertyMappingContextCustomizer@0, org.springframework.boot.test.autoconfigure.web.servlet.WebDriverContextCustomizerFactory$Customizer@106cc338, org.springframework.boot.test.context.filter.ExcludeFilterContextCustomizer@26ceffa8, org.springframework.boot.test.json.DuplicateJsonObjectContextCustomizerFactory$DuplicateJsonObjectContextCustomizer@60129b9a, org.springframework.boot.test.mock.mockito.MockitoContextCustomizer@f203ce7a], contextLoader = 'org.springframework.test.context.support.DelegatingSmartContextLoader', parent = [null]]]
18:48:04.840 [Test worker] DEBUG org.springframework.test.context.cache - Spring test ApplicationContext cache statistics: [DefaultContextCache@41bf79da size = 1, maxSize = 32, parentContextCount = 0, hitCount = 88, missCount = 1]
18:48:04.840 [Test worker] DEBUG org.springframework.test.context.cache.DefaultCacheAwareContextLoaderDelegate - Retrieved ApplicationContext [170052458] from cache with key [[MergedContextConfiguration@bcef303 testClass = UserServiceTest, locations = '{}', classes = '{class org.waldreg.user.management.DefaultUserManager}', contextInitializerClasses = '[]', activeProfiles = '{}', propertySourceLocations = '{}', propertySourceProperties = '{}', contextCustomizers = set[org.springframework.boot.test.autoconfigure.actuate.metrics.MetricsExportContextCustomizerFactory$DisableMetricExportContextCustomizer@3bd323e9, org.springframework.boot.test.autoconfigure.properties.PropertyMappingContextCustomizer@0, org.springframework.boot.test.autoconfigure.web.servlet.WebDriverContextCustomizerFactory$Customizer@106cc338, org.springframework.boot.test.context.filter.ExcludeFilterContextCustomizer@26ceffa8, org.springframework.boot.test.json.DuplicateJsonObjectContextCustomizerFactory$DuplicateJsonObjectContextCustomizer@60129b9a, org.springframework.boot.test.mock.mockito.MockitoContextCustomizer@f203ce7a], contextLoader = 'org.springframework.test.context.support.DelegatingSmartContextLoader', parent = [null]]]
18:48:04.840 [Test worker] DEBUG org.springframework.test.context.cache - Spring test ApplicationContext cache statistics: [DefaultContextCache@41bf79da size = 1, maxSize = 32, parentContextCount = 0, hitCount = 89, missCount = 1]
18:48:04.841 [Test worker] DEBUG org.springframework.test.context.cache.DefaultCacheAwareContextLoaderDelegate - Retrieved ApplicationContext [170052458] from cache with key [[MergedContextConfiguration@bcef303 testClass = UserServiceTest, locations = '{}', classes = '{class org.waldreg.user.management.DefaultUserManager}', contextInitializerClasses = '[]', activeProfiles = '{}', propertySourceLocations = '{}', propertySourceProperties = '{}', contextCustomizers = set[org.springframework.boot.test.autoconfigure.actuate.metrics.MetricsExportContextCustomizerFactory$DisableMetricExportContextCustomizer@3bd323e9, org.springframework.boot.test.autoconfigure.properties.PropertyMappingContextCustomizer@0, org.springframework.boot.test.autoconfigure.web.servlet.WebDriverContextCustomizerFactory$Customizer@106cc338, org.springframework.boot.test.context.filter.ExcludeFilterContextCustomizer@26ceffa8, org.springframework.boot.test.json.DuplicateJsonObjectContextCustomizerFactory$DuplicateJsonObjectContextCustomizer@60129b9a, org.springframework.boot.test.mock.mockito.MockitoContextCustomizer@f203ce7a], contextLoader = 'org.springframework.test.context.support.DelegatingSmartContextLoader', parent = [null]]]
18:48:04.841 [Test worker] DEBUG org.springframework.test.context.cache - Spring test ApplicationContext cache statistics: [DefaultContextCache@41bf79da size = 1, maxSize = 32, parentContextCount = 0, hitCount = 90, missCount = 1]
18:48:04.841 [Test worker] DEBUG org.springframework.test.context.cache.DefaultCacheAwareContextLoaderDelegate - Retrieved ApplicationContext [170052458] from cache with key [[MergedContextConfiguration@bcef303 testClass = UserServiceTest, locations = '{}', classes = '{class org.waldreg.user.management.DefaultUserManager}', contextInitializerClasses = '[]', activeProfiles = '{}', propertySourceLocations = '{}', propertySourceProperties = '{}', contextCustomizers = set[org.springframework.boot.test.autoconfigure.actuate.metrics.MetricsExportContextCustomizerFactory$DisableMetricExportContextCustomizer@3bd323e9, org.springframework.boot.test.autoconfigure.properties.PropertyMappingContextCustomizer@0, org.springframework.boot.test.autoconfigure.web.servlet.WebDriverContextCustomizerFactory$Customizer@106cc338, org.springframework.boot.test.context.filter.ExcludeFilterContextCustomizer@26ceffa8, org.springframework.boot.test.json.DuplicateJsonObjectContextCustomizerFactory$DuplicateJsonObjectContextCustomizer@60129b9a, org.springframework.boot.test.mock.mockito.MockitoContextCustomizer@f203ce7a], contextLoader = 'org.springframework.test.context.support.DelegatingSmartContextLoader', parent = [null]]]
18:48:04.841 [Test worker] DEBUG org.springframework.test.context.cache - Spring test ApplicationContext cache statistics: [DefaultContextCache@41bf79da size = 1, maxSize = 32, parentContextCount = 0, hitCount = 91, missCount = 1]
18:48:04.841 [Test worker] DEBUG org.springframework.test.context.cache.DefaultCacheAwareContextLoaderDelegate - Retrieved ApplicationContext [170052458] from cache with key [[MergedContextConfiguration@bcef303 testClass = UserServiceTest, locations = '{}', classes = '{class org.waldreg.user.management.DefaultUserManager}', contextInitializerClasses = '[]', activeProfiles = '{}', propertySourceLocations = '{}', propertySourceProperties = '{}', contextCustomizers = set[org.springframework.boot.test.autoconfigure.actuate.metrics.MetricsExportContextCustomizerFactory$DisableMetricExportContextCustomizer@3bd323e9, org.springframework.boot.test.autoconfigure.properties.PropertyMappingContextCustomizer@0, org.springframework.boot.test.autoconfigure.web.servlet.WebDriverContextCustomizerFactory$Customizer@106cc338, org.springframework.boot.test.context.filter.ExcludeFilterContextCustomizer@26ceffa8, org.springframework.boot.test.json.DuplicateJsonObjectContextCustomizerFactory$DuplicateJsonObjectContextCustomizer@60129b9a, org.springframework.boot.test.mock.mockito.MockitoContextCustomizer@f203ce7a], contextLoader = 'org.springframework.test.context.support.DelegatingSmartContextLoader', parent = [null]]]
18:48:04.841 [Test worker] DEBUG org.springframework.test.context.cache - Spring test ApplicationContext cache statistics: [DefaultContextCache@41bf79da size = 1, maxSize = 32, parentContextCount = 0, hitCount = 92, missCount = 1]
18:48:04.841 [Test worker] DEBUG org.springframework.test.context.cache.DefaultCacheAwareContextLoaderDelegate - Retrieved ApplicationContext [170052458] from cache with key [[MergedContextConfiguration@bcef303 testClass = UserServiceTest, locations = '{}', classes = '{class org.waldreg.user.management.DefaultUserManager}', contextInitializerClasses = '[]', activeProfiles = '{}', propertySourceLocations = '{}', propertySourceProperties = '{}', contextCustomizers = set[org.springframework.boot.test.autoconfigure.actuate.metrics.MetricsExportContextCustomizerFactory$DisableMetricExportContextCustomizer@3bd323e9, org.springframework.boot.test.autoconfigure.properties.PropertyMappingContextCustomizer@0, org.springframework.boot.test.autoconfigure.web.servlet.WebDriverContextCustomizerFactory$Customizer@106cc338, org.springframework.boot.test.context.filter.ExcludeFilterContextCustomizer@26ceffa8, org.springframework.boot.test.json.DuplicateJsonObjectContextCustomizerFactory$DuplicateJsonObjectContextCustomizer@60129b9a, org.springframework.boot.test.mock.mockito.MockitoContextCustomizer@f203ce7a], contextLoader = 'org.springframework.test.context.support.DelegatingSmartContextLoader', parent = [null]]]
18:48:04.841 [Test worker] DEBUG org.springframework.test.context.cache - Spring test ApplicationContext cache statistics: [DefaultContextCache@41bf79da size = 1, maxSize = 32, parentContextCount = 0, hitCount = 93, missCount = 1]
18:48:04.841 [Test worker] DEBUG org.springframework.test.context.cache.DefaultCacheAwareContextLoaderDelegate - Retrieved ApplicationContext [170052458] from cache with key [[MergedContextConfiguration@bcef303 testClass = UserServiceTest, locations = '{}', classes = '{class org.waldreg.user.management.DefaultUserManager}', contextInitializerClasses = '[]', activeProfiles = '{}', propertySourceLocations = '{}', propertySourceProperties = '{}', contextCustomizers = set[org.springframework.boot.test.autoconfigure.actuate.metrics.MetricsExportContextCustomizerFactory$DisableMetricExportContextCustomizer@3bd323e9, org.springframework.boot.test.autoconfigure.properties.PropertyMappingContextCustomizer@0, org.springframework.boot.test.autoconfigure.web.servlet.WebDriverContextCustomizerFactory$Customizer@106cc338, org.springframework.boot.test.context.filter.ExcludeFilterContextCustomizer@26ceffa8, org.springframework.boot.test.json.DuplicateJsonObjectContextCustomizerFactory$DuplicateJsonObjectContextCustomizer@60129b9a, org.springframework.boot.test.mock.mockito.MockitoContextCustomizer@f203ce7a], contextLoader = 'org.springframework.test.context.support.DelegatingSmartContextLoader', parent = [null]]]
18:48:04.841 [Test worker] DEBUG org.springframework.test.context.cache - Spring test ApplicationContext cache statistics: [DefaultContextCache@41bf79da size = 1, maxSize = 32, parentContextCount = 0, hitCount = 94, missCount = 1]
18:48:04.841 [Test worker] DEBUG org.springframework.test.context.cache.DefaultCacheAwareContextLoaderDelegate - Retrieved ApplicationContext [170052458] from cache with key [[MergedContextConfiguration@bcef303 testClass = UserServiceTest, locations = '{}', classes = '{class org.waldreg.user.management.DefaultUserManager}', contextInitializerClasses = '[]', activeProfiles = '{}', propertySourceLocations = '{}', propertySourceProperties = '{}', contextCustomizers = set[org.springframework.boot.test.autoconfigure.actuate.metrics.MetricsExportContextCustomizerFactory$DisableMetricExportContextCustomizer@3bd323e9, org.springframework.boot.test.autoconfigure.properties.PropertyMappingContextCustomizer@0, org.springframework.boot.test.autoconfigure.web.servlet.WebDriverContextCustomizerFactory$Customizer@106cc338, org.springframework.boot.test.context.filter.ExcludeFilterContextCustomizer@26ceffa8, org.springframework.boot.test.json.DuplicateJsonObjectContextCustomizerFactory$DuplicateJsonObjectContextCustomizer@60129b9a, org.springframework.boot.test.mock.mockito.MockitoContextCustomizer@f203ce7a], contextLoader = 'org.springframework.test.context.support.DelegatingSmartContextLoader', parent = [null]]]
18:48:04.841 [Test worker] DEBUG org.springframework.test.context.cache - Spring test ApplicationContext cache statistics: [DefaultContextCache@41bf79da size = 1, maxSize = 32, parentContextCount = 0, hitCount = 95, missCount = 1]
18:48:04.842 [Test worker] DEBUG org.springframework.test.context.support.AbstractDirtiesContextTestExecutionListener - After test method: context [DefaultTestContext@68b32e3e testClass = UserServiceTest, testInstance = org.waldreg.user.management.UserServiceTest@72725ee1, testMethod = DELETE_OTHER_USER_SUCCESS_TEST@UserServiceTest, testException = [null], mergedContextConfiguration = [MergedContextConfiguration@bcef303 testClass = UserServiceTest, locations = '{}', classes = '{class org.waldreg.user.management.DefaultUserManager}', contextInitializerClasses = '[]', activeProfiles = '{}', propertySourceLocations = '{}', propertySourceProperties = '{}', contextCustomizers = set[org.springframework.boot.test.autoconfigure.actuate.metrics.MetricsExportContextCustomizerFactory$DisableMetricExportContextCustomizer@3bd323e9, org.springframework.boot.test.autoconfigure.properties.PropertyMappingContextCustomizer@0, org.springframework.boot.test.autoconfigure.web.servlet.WebDriverContextCustomizerFactory$Customizer@106cc338, org.springframework.boot.test.context.filter.ExcludeFilterContextCustomizer@26ceffa8, org.springframework.boot.test.json.DuplicateJsonObjectContextCustomizerFactory$DuplicateJsonObjectContextCustomizer@60129b9a, org.springframework.boot.test.mock.mockito.MockitoContextCustomizer@f203ce7a], contextLoader = 'org.springframework.test.context.support.DelegatingSmartContextLoader', parent = [null]], attributes = map['org.springframework.test.context.event.ApplicationEventsTestExecutionListener.recordApplicationEvents' -> false]], class annotated with @DirtiesContext [false] with mode [null], method annotated with @DirtiesContext [false] with mode [null].
18:48:04.842 [Test worker] DEBUG org.springframework.test.context.cache.DefaultCacheAwareContextLoaderDelegate - Retrieved ApplicationContext [170052458] from cache with key [[MergedContextConfiguration@bcef303 testClass = UserServiceTest, locations = '{}', classes = '{class org.waldreg.user.management.DefaultUserManager}', contextInitializerClasses = '[]', activeProfiles = '{}', propertySourceLocations = '{}', propertySourceProperties = '{}', contextCustomizers = set[org.springframework.boot.test.autoconfigure.actuate.metrics.MetricsExportContextCustomizerFactory$DisableMetricExportContextCustomizer@3bd323e9, org.springframework.boot.test.autoconfigure.properties.PropertyMappingContextCustomizer@0, org.springframework.boot.test.autoconfigure.web.servlet.WebDriverContextCustomizerFactory$Customizer@106cc338, org.springframework.boot.test.context.filter.ExcludeFilterContextCustomizer@26ceffa8, org.springframework.boot.test.json.DuplicateJsonObjectContextCustomizerFactory$DuplicateJsonObjectContextCustomizer@60129b9a, org.springframework.boot.test.mock.mockito.MockitoContextCustomizer@f203ce7a], contextLoader = 'org.springframework.test.context.support.DelegatingSmartContextLoader', parent = [null]]]
18:48:04.842 [Test worker] DEBUG org.springframework.test.context.cache - Spring test ApplicationContext cache statistics: [DefaultContextCache@41bf79da size = 1, maxSize = 32, parentContextCount = 0, hitCount = 96, missCount = 1]
18:48:04.842 [Test worker] DEBUG org.springframework.test.context.support.DependencyInjectionTestExecutionListener - Performing dependency injection for test context [[DefaultTestContext@68b32e3e testClass = UserServiceTest, testInstance = org.waldreg.user.management.UserServiceTest@3f9270ed, testMethod = [null], testException = [null], mergedContextConfiguration = [MergedContextConfiguration@bcef303 testClass = UserServiceTest, locations = '{}', classes = '{class org.waldreg.user.management.DefaultUserManager}', contextInitializerClasses = '[]', activeProfiles = '{}', propertySourceLocations = '{}', propertySourceProperties = '{}', contextCustomizers = set[org.springframework.boot.test.autoconfigure.actuate.metrics.MetricsExportContextCustomizerFactory$DisableMetricExportContextCustomizer@3bd323e9, org.springframework.boot.test.autoconfigure.properties.PropertyMappingContextCustomizer@0, org.springframework.boot.test.autoconfigure.web.servlet.WebDriverContextCustomizerFactory$Customizer@106cc338, org.springframework.boot.test.context.filter.ExcludeFilterContextCustomizer@26ceffa8, org.springframework.boot.test.json.DuplicateJsonObjectContextCustomizerFactory$DuplicateJsonObjectContextCustomizer@60129b9a, org.springframework.boot.test.mock.mockito.MockitoContextCustomizer@f203ce7a], contextLoader = 'org.springframework.test.context.support.DelegatingSmartContextLoader', parent = [null]], attributes = map['org.springframework.test.context.event.ApplicationEventsTestExecutionListener.recordApplicationEvents' -> false]]].
18:48:04.842 [Test worker] DEBUG org.springframework.test.context.cache.DefaultCacheAwareContextLoaderDelegate - Retrieved ApplicationContext [170052458] from cache with key [[MergedContextConfiguration@bcef303 testClass = UserServiceTest, locations = '{}', classes = '{class org.waldreg.user.management.DefaultUserManager}', contextInitializerClasses = '[]', activeProfiles = '{}', propertySourceLocations = '{}', propertySourceProperties = '{}', contextCustomizers = set[org.springframework.boot.test.autoconfigure.actuate.metrics.MetricsExportContextCustomizerFactory$DisableMetricExportContextCustomizer@3bd323e9, org.springframework.boot.test.autoconfigure.properties.PropertyMappingContextCustomizer@0, org.springframework.boot.test.autoconfigure.web.servlet.WebDriverContextCustomizerFactory$Customizer@106cc338, org.springframework.boot.test.context.filter.ExcludeFilterContextCustomizer@26ceffa8, org.springframework.boot.test.json.DuplicateJsonObjectContextCustomizerFactory$DuplicateJsonObjectContextCustomizer@60129b9a, org.springframework.boot.test.mock.mockito.MockitoContextCustomizer@f203ce7a], contextLoader = 'org.springframework.test.context.support.DelegatingSmartContextLoader', parent = [null]]]
18:48:04.842 [Test worker] DEBUG org.springframework.test.context.cache - Spring test ApplicationContext cache statistics: [DefaultContextCache@41bf79da size = 1, maxSize = 32, parentContextCount = 0, hitCount = 97, missCount = 1]
18:48:04.843 [Test worker] DEBUG org.springframework.test.context.cache.DefaultCacheAwareContextLoaderDelegate - Retrieved ApplicationContext [170052458] from cache with key [[MergedContextConfiguration@bcef303 testClass = UserServiceTest, locations = '{}', classes = '{class org.waldreg.user.management.DefaultUserManager}', contextInitializerClasses = '[]', activeProfiles = '{}', propertySourceLocations = '{}', propertySourceProperties = '{}', contextCustomizers = set[org.springframework.boot.test.autoconfigure.actuate.metrics.MetricsExportContextCustomizerFactory$DisableMetricExportContextCustomizer@3bd323e9, org.springframework.boot.test.autoconfigure.properties.PropertyMappingContextCustomizer@0, org.springframework.boot.test.autoconfigure.web.servlet.WebDriverContextCustomizerFactory$Customizer@106cc338, org.springframework.boot.test.context.filter.ExcludeFilterContextCustomizer@26ceffa8, org.springframework.boot.test.json.DuplicateJsonObjectContextCustomizerFactory$DuplicateJsonObjectContextCustomizer@60129b9a, org.springframework.boot.test.mock.mockito.MockitoContextCustomizer@f203ce7a], contextLoader = 'org.springframework.test.context.support.DelegatingSmartContextLoader', parent = [null]]]
18:48:04.843 [Test worker] DEBUG org.springframework.test.context.cache - Spring test ApplicationContext cache statistics: [DefaultContextCache@41bf79da size = 1, maxSize = 32, parentContextCount = 0, hitCount = 98, missCount = 1]
18:48:04.843 [Test worker] DEBUG org.springframework.test.context.support.AbstractDirtiesContextTestExecutionListener - Before test method: context [DefaultTestContext@68b32e3e testClass = UserServiceTest, testInstance = org.waldreg.user.management.UserServiceTest@3f9270ed, testMethod = UPDATE_USER_CHARACTER_SUCCESS_TEST@UserServiceTest, testException = [null], mergedContextConfiguration = [MergedContextConfiguration@bcef303 testClass = UserServiceTest, locations = '{}', classes = '{class org.waldreg.user.management.DefaultUserManager}', contextInitializerClasses = '[]', activeProfiles = '{}', propertySourceLocations = '{}', propertySourceProperties = '{}', contextCustomizers = set[org.springframework.boot.test.autoconfigure.actuate.metrics.MetricsExportContextCustomizerFactory$DisableMetricExportContextCustomizer@3bd323e9, org.springframework.boot.test.autoconfigure.properties.PropertyMappingContextCustomizer@0, org.springframework.boot.test.autoconfigure.web.servlet.WebDriverContextCustomizerFactory$Customizer@106cc338, org.springframework.boot.test.context.filter.ExcludeFilterContextCustomizer@26ceffa8, org.springframework.boot.test.json.DuplicateJsonObjectContextCustomizerFactory$DuplicateJsonObjectContextCustomizer@60129b9a, org.springframework.boot.test.mock.mockito.MockitoContextCustomizer@f203ce7a], contextLoader = 'org.springframework.test.context.support.DelegatingSmartContextLoader', parent = [null]], attributes = map['org.springframework.test.context.event.ApplicationEventsTestExecutionListener.recordApplicationEvents' -> false]], class annotated with @DirtiesContext [false] with mode [null], method annotated with @DirtiesContext [false] with mode [null].
18:48:04.843 [Test worker] DEBUG org.springframework.test.context.cache.DefaultCacheAwareContextLoaderDelegate - Retrieved ApplicationContext [170052458] from cache with key [[MergedContextConfiguration@bcef303 testClass = UserServiceTest, locations = '{}', classes = '{class org.waldreg.user.management.DefaultUserManager}', contextInitializerClasses = '[]', activeProfiles = '{}', propertySourceLocations = '{}', propertySourceProperties = '{}', contextCustomizers = set[org.springframework.boot.test.autoconfigure.actuate.metrics.MetricsExportContextCustomizerFactory$DisableMetricExportContextCustomizer@3bd323e9, org.springframework.boot.test.autoconfigure.properties.PropertyMappingContextCustomizer@0, org.springframework.boot.test.autoconfigure.web.servlet.WebDriverContextCustomizerFactory$Customizer@106cc338, org.springframework.boot.test.context.filter.ExcludeFilterContextCustomizer@26ceffa8, org.springframework.boot.test.json.DuplicateJsonObjectContextCustomizerFactory$DuplicateJsonObjectContextCustomizer@60129b9a, org.springframework.boot.test.mock.mockito.MockitoContextCustomizer@f203ce7a], contextLoader = 'org.springframework.test.context.support.DelegatingSmartContextLoader', parent = [null]]]
18:48:04.843 [Test worker] DEBUG org.springframework.test.context.cache - Spring test ApplicationContext cache statistics: [DefaultContextCache@41bf79da size = 1, maxSize = 32, parentContextCount = 0, hitCount = 99, missCount = 1]
18:48:04.843 [Test worker] DEBUG org.springframework.test.context.cache.DefaultCacheAwareContextLoaderDelegate - Retrieved ApplicationContext [170052458] from cache with key [[MergedContextConfiguration@bcef303 testClass = UserServiceTest, locations = '{}', classes = '{class org.waldreg.user.management.DefaultUserManager}', contextInitializerClasses = '[]', activeProfiles = '{}', propertySourceLocations = '{}', propertySourceProperties = '{}', contextCustomizers = set[org.springframework.boot.test.autoconfigure.actuate.metrics.MetricsExportContextCustomizerFactory$DisableMetricExportContextCustomizer@3bd323e9, org.springframework.boot.test.autoconfigure.properties.PropertyMappingContextCustomizer@0, org.springframework.boot.test.autoconfigure.web.servlet.WebDriverContextCustomizerFactory$Customizer@106cc338, org.springframework.boot.test.context.filter.ExcludeFilterContextCustomizer@26ceffa8, org.springframework.boot.test.json.DuplicateJsonObjectContextCustomizerFactory$DuplicateJsonObjectContextCustomizer@60129b9a, org.springframework.boot.test.mock.mockito.MockitoContextCustomizer@f203ce7a], contextLoader = 'org.springframework.test.context.support.DelegatingSmartContextLoader', parent = [null]]]
18:48:04.843 [Test worker] DEBUG org.springframework.test.context.cache - Spring test ApplicationContext cache statistics: [DefaultContextCache@41bf79da size = 1, maxSize = 32, parentContextCount = 0, hitCount = 100, missCount = 1]
18:48:04.843 [Test worker] DEBUG org.springframework.test.context.cache.DefaultCacheAwareContextLoaderDelegate - Retrieved ApplicationContext [170052458] from cache with key [[MergedContextConfiguration@bcef303 testClass = UserServiceTest, locations = '{}', classes = '{class org.waldreg.user.management.DefaultUserManager}', contextInitializerClasses = '[]', activeProfiles = '{}', propertySourceLocations = '{}', propertySourceProperties = '{}', contextCustomizers = set[org.springframework.boot.test.autoconfigure.actuate.metrics.MetricsExportContextCustomizerFactory$DisableMetricExportContextCustomizer@3bd323e9, org.springframework.boot.test.autoconfigure.properties.PropertyMappingContextCustomizer@0, org.springframework.boot.test.autoconfigure.web.servlet.WebDriverContextCustomizerFactory$Customizer@106cc338, org.springframework.boot.test.context.filter.ExcludeFilterContextCustomizer@26ceffa8, org.springframework.boot.test.json.DuplicateJsonObjectContextCustomizerFactory$DuplicateJsonObjectContextCustomizer@60129b9a, org.springframework.boot.test.mock.mockito.MockitoContextCustomizer@f203ce7a], contextLoader = 'org.springframework.test.context.support.DelegatingSmartContextLoader', parent = [null]]]
18:48:04.843 [Test worker] DEBUG org.springframework.test.context.cache - Spring test ApplicationContext cache statistics: [DefaultContextCache@41bf79da size = 1, maxSize = 32, parentContextCount = 0, hitCount = 101, missCount = 1]
18:48:04.844 [Test worker] DEBUG org.springframework.test.context.cache.DefaultCacheAwareContextLoaderDelegate - Retrieved ApplicationContext [170052458] from cache with key [[MergedContextConfiguration@bcef303 testClass = UserServiceTest, locations = '{}', classes = '{class org.waldreg.user.management.DefaultUserManager}', contextInitializerClasses = '[]', activeProfiles = '{}', propertySourceLocations = '{}', propertySourceProperties = '{}', contextCustomizers = set[org.springframework.boot.test.autoconfigure.actuate.metrics.MetricsExportContextCustomizerFactory$DisableMetricExportContextCustomizer@3bd323e9, org.springframework.boot.test.autoconfigure.properties.PropertyMappingContextCustomizer@0, org.springframework.boot.test.autoconfigure.web.servlet.WebDriverContextCustomizerFactory$Customizer@106cc338, org.springframework.boot.test.context.filter.ExcludeFilterContextCustomizer@26ceffa8, org.springframework.boot.test.json.DuplicateJsonObjectContextCustomizerFactory$DuplicateJsonObjectContextCustomizer@60129b9a, org.springframework.boot.test.mock.mockito.MockitoContextCustomizer@f203ce7a], contextLoader = 'org.springframework.test.context.support.DelegatingSmartContextLoader', parent = [null]]]
18:48:04.844 [Test worker] DEBUG org.springframework.test.context.cache - Spring test ApplicationContext cache statistics: [DefaultContextCache@41bf79da size = 1, maxSize = 32, parentContextCount = 0, hitCount = 102, missCount = 1]
18:48:04.844 [Test worker] DEBUG org.springframework.test.context.cache.DefaultCacheAwareContextLoaderDelegate - Retrieved ApplicationContext [170052458] from cache with key [[MergedContextConfiguration@bcef303 testClass = UserServiceTest, locations = '{}', classes = '{class org.waldreg.user.management.DefaultUserManager}', contextInitializerClasses = '[]', activeProfiles = '{}', propertySourceLocations = '{}', propertySourceProperties = '{}', contextCustomizers = set[org.springframework.boot.test.autoconfigure.actuate.metrics.MetricsExportContextCustomizerFactory$DisableMetricExportContextCustomizer@3bd323e9, org.springframework.boot.test.autoconfigure.properties.PropertyMappingContextCustomizer@0, org.springframework.boot.test.autoconfigure.web.servlet.WebDriverContextCustomizerFactory$Customizer@106cc338, org.springframework.boot.test.context.filter.ExcludeFilterContextCustomizer@26ceffa8, org.springframework.boot.test.json.DuplicateJsonObjectContextCustomizerFactory$DuplicateJsonObjectContextCustomizer@60129b9a, org.springframework.boot.test.mock.mockito.MockitoContextCustomizer@f203ce7a], contextLoader = 'org.springframework.test.context.support.DelegatingSmartContextLoader', parent = [null]]]
18:48:04.844 [Test worker] DEBUG org.springframework.test.context.cache - Spring test ApplicationContext cache statistics: [DefaultContextCache@41bf79da size = 1, maxSize = 32, parentContextCount = 0, hitCount = 103, missCount = 1]
18:48:04.844 [Test worker] DEBUG org.springframework.test.context.cache.DefaultCacheAwareContextLoaderDelegate - Retrieved ApplicationContext [170052458] from cache with key [[MergedContextConfiguration@bcef303 testClass = UserServiceTest, locations = '{}', classes = '{class org.waldreg.user.management.DefaultUserManager}', contextInitializerClasses = '[]', activeProfiles = '{}', propertySourceLocations = '{}', propertySourceProperties = '{}', contextCustomizers = set[org.springframework.boot.test.autoconfigure.actuate.metrics.MetricsExportContextCustomizerFactory$DisableMetricExportContextCustomizer@3bd323e9, org.springframework.boot.test.autoconfigure.properties.PropertyMappingContextCustomizer@0, org.springframework.boot.test.autoconfigure.web.servlet.WebDriverContextCustomizerFactory$Customizer@106cc338, org.springframework.boot.test.context.filter.ExcludeFilterContextCustomizer@26ceffa8, org.springframework.boot.test.json.DuplicateJsonObjectContextCustomizerFactory$DuplicateJsonObjectContextCustomizer@60129b9a, org.springframework.boot.test.mock.mockito.MockitoContextCustomizer@f203ce7a], contextLoader = 'org.springframework.test.context.support.DelegatingSmartContextLoader', parent = [null]]]
18:48:04.844 [Test worker] DEBUG org.springframework.test.context.cache - Spring test ApplicationContext cache statistics: [DefaultContextCache@41bf79da size = 1, maxSize = 32, parentContextCount = 0, hitCount = 104, missCount = 1]
18:48:04.844 [Test worker] DEBUG org.springframework.test.context.cache.DefaultCacheAwareContextLoaderDelegate - Retrieved ApplicationContext [170052458] from cache with key [[MergedContextConfiguration@bcef303 testClass = UserServiceTest, locations = '{}', classes = '{class org.waldreg.user.management.DefaultUserManager}', contextInitializerClasses = '[]', activeProfiles = '{}', propertySourceLocations = '{}', propertySourceProperties = '{}', contextCustomizers = set[org.springframework.boot.test.autoconfigure.actuate.metrics.MetricsExportContextCustomizerFactory$DisableMetricExportContextCustomizer@3bd323e9, org.springframework.boot.test.autoconfigure.properties.PropertyMappingContextCustomizer@0, org.springframework.boot.test.autoconfigure.web.servlet.WebDriverContextCustomizerFactory$Customizer@106cc338, org.springframework.boot.test.context.filter.ExcludeFilterContextCustomizer@26ceffa8, org.springframework.boot.test.json.DuplicateJsonObjectContextCustomizerFactory$DuplicateJsonObjectContextCustomizer@60129b9a, org.springframework.boot.test.mock.mockito.MockitoContextCustomizer@f203ce7a], contextLoader = 'org.springframework.test.context.support.DelegatingSmartContextLoader', parent = [null]]]
18:48:04.844 [Test worker] DEBUG org.springframework.test.context.cache - Spring test ApplicationContext cache statistics: [DefaultContextCache@41bf79da size = 1, maxSize = 32, parentContextCount = 0, hitCount = 105, missCount = 1]
18:48:04.844 [Test worker] DEBUG org.springframework.test.context.cache.DefaultCacheAwareContextLoaderDelegate - Retrieved ApplicationContext [170052458] from cache with key [[MergedContextConfiguration@bcef303 testClass = UserServiceTest, locations = '{}', classes = '{class org.waldreg.user.management.DefaultUserManager}', contextInitializerClasses = '[]', activeProfiles = '{}', propertySourceLocations = '{}', propertySourceProperties = '{}', contextCustomizers = set[org.springframework.boot.test.autoconfigure.actuate.metrics.MetricsExportContextCustomizerFactory$DisableMetricExportContextCustomizer@3bd323e9, org.springframework.boot.test.autoconfigure.properties.PropertyMappingContextCustomizer@0, org.springframework.boot.test.autoconfigure.web.servlet.WebDriverContextCustomizerFactory$Customizer@106cc338, org.springframework.boot.test.context.filter.ExcludeFilterContextCustomizer@26ceffa8, org.springframework.boot.test.json.DuplicateJsonObjectContextCustomizerFactory$DuplicateJsonObjectContextCustomizer@60129b9a, org.springframework.boot.test.mock.mockito.MockitoContextCustomizer@f203ce7a], contextLoader = 'org.springframework.test.context.support.DelegatingSmartContextLoader', parent = [null]]]
18:48:04.844 [Test worker] DEBUG org.springframework.test.context.cache - Spring test ApplicationContext cache statistics: [DefaultContextCache@41bf79da size = 1, maxSize = 32, parentContextCount = 0, hitCount = 106, missCount = 1]
18:48:04.845 [Test worker] DEBUG org.springframework.test.context.cache.DefaultCacheAwareContextLoaderDelegate - Retrieved ApplicationContext [170052458] from cache with key [[MergedContextConfiguration@bcef303 testClass = UserServiceTest, locations = '{}', classes = '{class org.waldreg.user.management.DefaultUserManager}', contextInitializerClasses = '[]', activeProfiles = '{}', propertySourceLocations = '{}', propertySourceProperties = '{}', contextCustomizers = set[org.springframework.boot.test.autoconfigure.actuate.metrics.MetricsExportContextCustomizerFactory$DisableMetricExportContextCustomizer@3bd323e9, org.springframework.boot.test.autoconfigure.properties.PropertyMappingContextCustomizer@0, org.springframework.boot.test.autoconfigure.web.servlet.WebDriverContextCustomizerFactory$Customizer@106cc338, org.springframework.boot.test.context.filter.ExcludeFilterContextCustomizer@26ceffa8, org.springframework.boot.test.json.DuplicateJsonObjectContextCustomizerFactory$DuplicateJsonObjectContextCustomizer@60129b9a, org.springframework.boot.test.mock.mockito.MockitoContextCustomizer@f203ce7a], contextLoader = 'org.springframework.test.context.support.DelegatingSmartContextLoader', parent = [null]]]
18:48:04.845 [Test worker] DEBUG org.springframework.test.context.cache - Spring test ApplicationContext cache statistics: [DefaultContextCache@41bf79da size = 1, maxSize = 32, parentContextCount = 0, hitCount = 107, missCount = 1]
18:48:04.845 [Test worker] DEBUG org.springframework.test.context.support.AbstractDirtiesContextTestExecutionListener - After test method: context [DefaultTestContext@68b32e3e testClass = UserServiceTest, testInstance = org.waldreg.user.management.UserServiceTest@3f9270ed, testMethod = UPDATE_USER_CHARACTER_SUCCESS_TEST@UserServiceTest, testException = [null], mergedContextConfiguration = [MergedContextConfiguration@bcef303 testClass = UserServiceTest, locations = '{}', classes = '{class org.waldreg.user.management.DefaultUserManager}', contextInitializerClasses = '[]', activeProfiles = '{}', propertySourceLocations = '{}', propertySourceProperties = '{}', contextCustomizers = set[org.springframework.boot.test.autoconfigure.actuate.metrics.MetricsExportContextCustomizerFactory$DisableMetricExportContextCustomizer@3bd323e9, org.springframework.boot.test.autoconfigure.properties.PropertyMappingContextCustomizer@0, org.springframework.boot.test.autoconfigure.web.servlet.WebDriverContextCustomizerFactory$Customizer@106cc338, org.springframework.boot.test.context.filter.ExcludeFilterContextCustomizer@26ceffa8, org.springframework.boot.test.json.DuplicateJsonObjectContextCustomizerFactory$DuplicateJsonObjectContextCustomizer@60129b9a, org.springframework.boot.test.mock.mockito.MockitoContextCustomizer@f203ce7a], contextLoader = 'org.springframework.test.context.support.DelegatingSmartContextLoader', parent = [null]], attributes = map['org.springframework.test.context.event.ApplicationEventsTestExecutionListener.recordApplicationEvents' -> false]], class annotated with @DirtiesContext [false] with mode [null], method annotated with @DirtiesContext [false] with mode [null].
18:48:04.845 [Test worker] DEBUG org.springframework.test.context.cache.DefaultCacheAwareContextLoaderDelegate - Retrieved ApplicationContext [170052458] from cache with key [[MergedContextConfiguration@bcef303 testClass = UserServiceTest, locations = '{}', classes = '{class org.waldreg.user.management.DefaultUserManager}', contextInitializerClasses = '[]', activeProfiles = '{}', propertySourceLocations = '{}', propertySourceProperties = '{}', contextCustomizers = set[org.springframework.boot.test.autoconfigure.actuate.metrics.MetricsExportContextCustomizerFactory$DisableMetricExportContextCustomizer@3bd323e9, org.springframework.boot.test.autoconfigure.properties.PropertyMappingContextCustomizer@0, org.springframework.boot.test.autoconfigure.web.servlet.WebDriverContextCustomizerFactory$Customizer@106cc338, org.springframework.boot.test.context.filter.ExcludeFilterContextCustomizer@26ceffa8, org.springframework.boot.test.json.DuplicateJsonObjectContextCustomizerFactory$DuplicateJsonObjectContextCustomizer@60129b9a, org.springframework.boot.test.mock.mockito.MockitoContextCustomizer@f203ce7a], contextLoader = 'org.springframework.test.context.support.DelegatingSmartContextLoader', parent = [null]]]
18:48:04.845 [Test worker] DEBUG org.springframework.test.context.cache - Spring test ApplicationContext cache statistics: [DefaultContextCache@41bf79da size = 1, maxSize = 32, parentContextCount = 0, hitCount = 108, missCount = 1]
18:48:04.845 [Test worker] DEBUG org.springframework.test.context.support.AbstractDirtiesContextTestExecutionListener - After test class: context [DefaultTestContext@68b32e3e testClass = UserServiceTest, testInstance = [null], testMethod = [null], testException = [null], mergedContextConfiguration = [MergedContextConfiguration@bcef303 testClass = UserServiceTest, locations = '{}', classes = '{class org.waldreg.user.management.DefaultUserManager}', contextInitializerClasses = '[]', activeProfiles = '{}', propertySourceLocations = '{}', propertySourceProperties = '{}', contextCustomizers = set[org.springframework.boot.test.autoconfigure.actuate.metrics.MetricsExportContextCustomizerFactory$DisableMetricExportContextCustomizer@3bd323e9, org.springframework.boot.test.autoconfigure.properties.PropertyMappingContextCustomizer@0, org.springframework.boot.test.autoconfigure.web.servlet.WebDriverContextCustomizerFactory$Customizer@106cc338, org.springframework.boot.test.context.filter.ExcludeFilterContextCustomizer@26ceffa8, org.springframework.boot.test.json.DuplicateJsonObjectContextCustomizerFactory$DuplicateJsonObjectContextCustomizer@60129b9a, org.springframework.boot.test.mock.mockito.MockitoContextCustomizer@f203ce7a], contextLoader = 'org.springframework.test.context.support.DelegatingSmartContextLoader', parent = [null]], attributes = map['org.springframework.test.context.event.ApplicationEventsTestExecutionListener.recordApplicationEvents' -> false]], class annotated with @DirtiesContext [false] with mode [null].
]]></system-out>
  <system-err><![CDATA[]]></system-err>
</testsuite>
