<?xml version="1.0" encoding="UTF-8"?>
<testsuite name="org.waldreg.user.management.UserServiceTest" tests="26" skipped="0" failures="0" errors="0" timestamp="2023-03-23T13:37:51" hostname="LINIRINILINRIN" time="0.431">
  <properties/>
  <testcase name="특정 유저 수정 실패 테스트 - user_name이 50자 초과" classname="org.waldreg.user.management.UserServiceTest" time="0.054"/>
  <testcase name="가입 대기열 조회 성공 테스트" classname="org.waldreg.user.management.UserServiceTest" time="0.038"/>
  <testcase name="유저 셀프 삭제 성공 테스트" classname="org.waldreg.user.management.UserServiceTest" time="0.014"/>
  <testcase name="전체 유저 조회 실패 테스트 - 잘못된 범위 지정" classname="org.waldreg.user.management.UserServiceTest" time="0.018"/>
  <testcase name="유저 생성 실패 테스트 - 가입된 유저 목록에 중복 user id" classname="org.waldreg.user.management.UserServiceTest" time="0.013"/>
  <testcase name="특정 유저 조회 성공 테스트" classname="org.waldreg.user.management.UserServiceTest" time="0.012"/>
  <testcase name="유저 역할 수정 실패 테스트 - Admin 역할 수정 불가" classname="org.waldreg.user.management.UserServiceTest" time="0.014"/>
  <testcase name="유저 가입 승인 실패 - 없는 유저 아이디" classname="org.waldreg.user.management.UserServiceTest" time="0.013"/>
  <testcase name="유저 생성 성공 테스트" classname="org.waldreg.user.management.UserServiceTest" time="0.016"/>
  <testcase name="토큰에 해당하는 유저 조회 성공 테스트" classname="org.waldreg.user.management.UserServiceTest" time="0.012"/>
  <testcase name="특정 유저 수정 성공 테스트" classname="org.waldreg.user.management.UserServiceTest" time="0.014"/>
  <testcase name="유저 역할 수정 실패 테스트 - 없는 id" classname="org.waldreg.user.management.UserServiceTest" time="0.012"/>
  <testcase name="유저 생성 실패 테스트 - user_id 가 50자 초과" classname="org.waldreg.user.management.UserServiceTest" time="0.01"/>
  <testcase name="유저 가입 거절 실패 - 없는 유저 아이디" classname="org.waldreg.user.management.UserServiceTest" time="0.009"/>
  <testcase name="특정 유저 목록 조회 성공 테스트" classname="org.waldreg.user.management.UserServiceTest" time="0.012"/>
  <testcase name="유저 삭제 실패 테스트 - Admin 삭제 불가" classname="org.waldreg.user.management.UserServiceTest" time="0.006"/>
  <testcase name="유저 생성 실패 테스트 - 가입 대기열에 중복 user id" classname="org.waldreg.user.management.UserServiceTest" time="0.01"/>
  <testcase name="전체 유저 조회 성공 테스트" classname="org.waldreg.user.management.UserServiceTest" time="0.014"/>
  <testcase name="유저 강제 퇴장 성공 테스트" classname="org.waldreg.user.management.UserServiceTest" time="0.011"/>
  <testcase name="유저 역할 수정 성공 테스트" classname="org.waldreg.user.management.UserServiceTest" time="0.008"/>
  <testcase name="유저 가입 거절 성공 테스트" classname="org.waldreg.user.management.UserServiceTest" time="0.006"/>
  <testcase name="특정 유저 조회 실패 테스트 - 없는 user id" classname="org.waldreg.user.management.UserServiceTest" time="0.006"/>
  <testcase name="유저 가입 승인 테스트" classname="org.waldreg.user.management.UserServiceTest" time="0.004"/>
  <testcase name="가입 대기열 조회 실패 테스트 - 잘못된 범위" classname="org.waldreg.user.management.UserServiceTest" time="0.005"/>
  <testcase name="특정 유저 목록 조회 실패 테스트 - 없는 id" classname="org.waldreg.user.management.UserServiceTest" time="0.004"/>
  <testcase name="유저 생성 실패 테스트 - user_name이 50자 초과" classname="org.waldreg.user.management.UserServiceTest" time="0.004"/>
  <system-out><![CDATA[22:37:51.112 [Test worker] DEBUG org.springframework.test.context.BootstrapUtils - Instantiating CacheAwareContextLoaderDelegate from class [org.springframework.test.context.cache.DefaultCacheAwareContextLoaderDelegate]
22:37:51.120 [Test worker] DEBUG org.springframework.test.context.BootstrapUtils - Instantiating BootstrapContext using constructor [public org.springframework.test.context.support.DefaultBootstrapContext(java.lang.Class,org.springframework.test.context.CacheAwareContextLoaderDelegate)]
22:37:51.147 [Test worker] DEBUG org.springframework.test.context.BootstrapUtils - Instantiating TestContextBootstrapper for test class [org.waldreg.user.management.UserServiceTest] from class [org.springframework.test.context.support.DefaultTestContextBootstrapper]
22:37:51.168 [Test worker] DEBUG org.springframework.test.context.support.AbstractDelegatingSmartContextLoader - Delegating to AnnotationConfigContextLoader to process context configuration [ContextConfigurationAttributes@7c098bb3 declaringClass = 'org.waldreg.user.management.UserServiceTest', classes = '{class org.waldreg.user.management.user.DefaultUserManager, class org.waldreg.user.management.joiningpool.DefaultJoiningPoolManager}', locations = '{}', inheritLocations = true, initializers = '{}', inheritInitializers = true, name = [null], contextLoaderClass = 'org.springframework.test.context.ContextLoader'].
22:37:51.218 [Test worker] DEBUG org.springframework.test.context.support.ActiveProfilesUtils - Could not find an 'annotation declaring class' for annotation type [org.springframework.test.context.ActiveProfiles] and class [org.waldreg.user.management.UserServiceTest]
22:37:51.221 [Test worker] DEBUG org.springframework.test.context.support.DefaultTestContextBootstrapper - @TestExecutionListeners is not present for class [org.waldreg.user.management.UserServiceTest]: using defaults.
22:37:51.221 [Test worker] INFO org.springframework.test.context.support.DefaultTestContextBootstrapper - Loaded default TestExecutionListener class names from location [META-INF/spring.factories]: [org.springframework.boot.test.autoconfigure.restdocs.RestDocsTestExecutionListener, org.springframework.boot.test.autoconfigure.web.client.MockRestServiceServerResetTestExecutionListener, org.springframework.boot.test.autoconfigure.web.servlet.MockMvcPrintOnlyOnFailureTestExecutionListener, org.springframework.boot.test.autoconfigure.web.servlet.WebDriverTestExecutionListener, org.springframework.boot.test.autoconfigure.webservices.client.MockWebServiceServerTestExecutionListener, org.springframework.boot.test.mock.mockito.MockitoTestExecutionListener, org.springframework.boot.test.mock.mockito.ResetMocksTestExecutionListener, org.springframework.test.context.web.ServletTestExecutionListener, org.springframework.test.context.support.DirtiesContextBeforeModesTestExecutionListener, org.springframework.test.context.event.ApplicationEventsTestExecutionListener, org.springframework.test.context.support.DependencyInjectionTestExecutionListener, org.springframework.test.context.support.DirtiesContextTestExecutionListener, org.springframework.test.context.transaction.TransactionalTestExecutionListener, org.springframework.test.context.jdbc.SqlScriptsTestExecutionListener, org.springframework.test.context.event.EventPublishingTestExecutionListener]
22:37:51.229 [Test worker] DEBUG org.springframework.test.context.support.DefaultTestContextBootstrapper - Skipping candidate TestExecutionListener [org.springframework.test.context.transaction.TransactionalTestExecutionListener] due to a missing dependency. Specify custom listener classes or make the default listener classes and their required dependencies available. Offending class: [org/springframework/transaction/interceptor/TransactionAttributeSource]
22:37:51.229 [Test worker] DEBUG org.springframework.test.context.support.DefaultTestContextBootstrapper - Skipping candidate TestExecutionListener [org.springframework.test.context.jdbc.SqlScriptsTestExecutionListener] due to a missing dependency. Specify custom listener classes or make the default listener classes and their required dependencies available. Offending class: [org/springframework/transaction/interceptor/TransactionAttribute]
22:37:51.229 [Test worker] INFO org.springframework.test.context.support.DefaultTestContextBootstrapper - Using TestExecutionListeners: [org.springframework.test.context.web.ServletTestExecutionListener@275fe372, org.springframework.test.context.support.DirtiesContextBeforeModesTestExecutionListener@40e10ff8, org.springframework.test.context.event.ApplicationEventsTestExecutionListener@557a1e2d, org.springframework.boot.test.mock.mockito.MockitoTestExecutionListener@26a4842b, org.springframework.test.context.support.DependencyInjectionTestExecutionListener@7e38a7fe, org.springframework.test.context.support.DirtiesContextTestExecutionListener@366ef90e, org.springframework.test.context.event.EventPublishingTestExecutionListener@33e01298, org.springframework.boot.test.autoconfigure.restdocs.RestDocsTestExecutionListener@31e75d13, org.springframework.boot.test.autoconfigure.web.client.MockRestServiceServerResetTestExecutionListener@a5b0b86, org.springframework.boot.test.autoconfigure.web.servlet.MockMvcPrintOnlyOnFailureTestExecutionListener@4b3c354a, org.springframework.boot.test.autoconfigure.web.servlet.WebDriverTestExecutionListener@78fb9a67, org.springframework.boot.test.autoconfigure.webservices.client.MockWebServiceServerTestExecutionListener@73ff4fae, org.springframework.boot.test.mock.mockito.ResetMocksTestExecutionListener@21aa6d6c]
22:37:51.229 [Test worker] DEBUG org.springframework.test.context.support.AbstractDirtiesContextTestExecutionListener - Before test class: context [DefaultTestContext@7829b776 testClass = UserServiceTest, testInstance = [null], testMethod = [null], testException = [null], mergedContextConfiguration = [MergedContextConfiguration@5778826f testClass = UserServiceTest, locations = '{}', classes = '{class org.waldreg.user.management.user.DefaultUserManager, class org.waldreg.user.management.joiningpool.DefaultJoiningPoolManager}', contextInitializerClasses = '[]', activeProfiles = '{}', propertySourceLocations = '{}', propertySourceProperties = '{}', contextCustomizers = set[org.springframework.boot.test.autoconfigure.actuate.metrics.MetricsExportContextCustomizerFactory$DisableMetricExportContextCustomizer@1698fc68, org.springframework.boot.test.autoconfigure.properties.PropertyMappingContextCustomizer@0, org.springframework.boot.test.autoconfigure.web.servlet.WebDriverContextCustomizerFactory$Customizer@58359ebd, org.springframework.boot.test.context.filter.ExcludeFilterContextCustomizer@4ee37ca3, org.springframework.boot.test.json.DuplicateJsonObjectContextCustomizerFactory$DuplicateJsonObjectContextCustomizer@422c3c7a, org.springframework.boot.test.mock.mockito.MockitoContextCustomizer@98854dc], contextLoader = 'org.springframework.test.context.support.DelegatingSmartContextLoader', parent = [null]], attributes = map[[empty]]], class annotated with @DirtiesContext [false] with mode [null].
22:37:51.248 [Test worker] DEBUG org.springframework.test.context.support.AbstractDelegatingSmartContextLoader - Delegating to AnnotationConfigContextLoader to load context from [MergedContextConfiguration@5778826f testClass = UserServiceTest, locations = '{}', classes = '{class org.waldreg.user.management.user.DefaultUserManager, class org.waldreg.user.management.joiningpool.DefaultJoiningPoolManager}', contextInitializerClasses = '[]', activeProfiles = '{}', propertySourceLocations = '{}', propertySourceProperties = '{}', contextCustomizers = set[org.springframework.boot.test.autoconfigure.actuate.metrics.MetricsExportContextCustomizerFactory$DisableMetricExportContextCustomizer@1698fc68, org.springframework.boot.test.autoconfigure.properties.PropertyMappingContextCustomizer@0, org.springframework.boot.test.autoconfigure.web.servlet.WebDriverContextCustomizerFactory$Customizer@58359ebd, org.springframework.boot.test.context.filter.ExcludeFilterContextCustomizer@4ee37ca3, org.springframework.boot.test.json.DuplicateJsonObjectContextCustomizerFactory$DuplicateJsonObjectContextCustomizer@422c3c7a, org.springframework.boot.test.mock.mockito.MockitoContextCustomizer@98854dc], contextLoader = 'org.springframework.test.context.support.DelegatingSmartContextLoader', parent = [null]].
22:37:51.248 [Test worker] DEBUG org.springframework.test.context.support.AbstractGenericContextLoader - Loading ApplicationContext for merged context configuration [[MergedContextConfiguration@5778826f testClass = UserServiceTest, locations = '{}', classes = '{class org.waldreg.user.management.user.DefaultUserManager, class org.waldreg.user.management.joiningpool.DefaultJoiningPoolManager}', contextInitializerClasses = '[]', activeProfiles = '{}', propertySourceLocations = '{}', propertySourceProperties = '{}', contextCustomizers = set[org.springframework.boot.test.autoconfigure.actuate.metrics.MetricsExportContextCustomizerFactory$DisableMetricExportContextCustomizer@1698fc68, org.springframework.boot.test.autoconfigure.properties.PropertyMappingContextCustomizer@0, org.springframework.boot.test.autoconfigure.web.servlet.WebDriverContextCustomizerFactory$Customizer@58359ebd, org.springframework.boot.test.context.filter.ExcludeFilterContextCustomizer@4ee37ca3, org.springframework.boot.test.json.DuplicateJsonObjectContextCustomizerFactory$DuplicateJsonObjectContextCustomizer@422c3c7a, org.springframework.boot.test.mock.mockito.MockitoContextCustomizer@98854dc], contextLoader = 'org.springframework.test.context.support.DelegatingSmartContextLoader', parent = [null]]].
22:37:51.278 [Test worker] DEBUG org.springframework.core.env.StandardEnvironment - Activating profiles []
22:37:51.278 [Test worker] DEBUG org.springframework.test.context.support.AnnotationConfigContextLoader - Registering component classes: {class org.waldreg.user.management.user.DefaultUserManager, class org.waldreg.user.management.joiningpool.DefaultJoiningPoolManager}
22:37:51.311 [Test worker] DEBUG org.springframework.context.support.GenericApplicationContext - Refreshing org.springframework.context.support.GenericApplicationContext@18f20260
22:37:51.319 [Test worker] DEBUG org.springframework.beans.factory.support.DefaultListableBeanFactory - Creating shared instance of singleton bean 'org.springframework.context.annotation.internalConfigurationAnnotationProcessor'
22:37:51.357 [Test worker] DEBUG org.springframework.beans.factory.support.DefaultListableBeanFactory - Creating shared instance of singleton bean 'org.springframework.boot.test.mock.mockito.MockitoPostProcessor'
22:37:51.808 [Test worker] DEBUG org.springframework.beans.factory.support.DefaultListableBeanFactory - Creating shared instance of singleton bean 'org.springframework.context.event.internalEventListenerProcessor'
22:37:51.818 [Test worker] DEBUG org.springframework.beans.factory.support.DefaultListableBeanFactory - Creating shared instance of singleton bean 'org.springframework.context.event.internalEventListenerFactory'
22:37:51.820 [Test worker] DEBUG org.springframework.beans.factory.support.DefaultListableBeanFactory - Creating shared instance of singleton bean 'org.springframework.context.annotation.internalAutowiredAnnotationProcessor'
22:37:51.822 [Test worker] DEBUG org.springframework.beans.factory.support.DefaultListableBeanFactory - Creating shared instance of singleton bean 'org.springframework.context.annotation.internalCommonAnnotationProcessor'
22:37:51.825 [Test worker] DEBUG org.springframework.beans.factory.support.DefaultListableBeanFactory - Creating shared instance of singleton bean 'org.springframework.boot.test.mock.mockito.MockitoPostProcessor$SpyPostProcessor'
22:37:51.833 [Test worker] DEBUG org.springframework.beans.factory.support.DefaultListableBeanFactory - Creating shared instance of singleton bean 'defaultUserManager'
22:37:51.841 [Test worker] DEBUG org.springframework.beans.factory.support.DefaultListableBeanFactory - Autowiring by type from bean name 'defaultUserManager' via constructor to bean named 'org.waldreg.user.spi.UserRepository#0'
22:37:51.841 [Test worker] DEBUG org.springframework.beans.factory.support.DefaultListableBeanFactory - Autowiring by type from bean name 'defaultUserManager' via constructor to bean named 'org.waldreg.user.spi.JoiningPoolRepository#0'
22:37:51.841 [Test worker] DEBUG org.springframework.beans.factory.support.DefaultListableBeanFactory - Autowiring by type from bean name 'defaultUserManager' via constructor to bean named 'org.waldreg.user.spi.UsersCharacterRepository#0'
22:37:51.860 [Test worker] DEBUG org.springframework.beans.factory.support.DefaultListableBeanFactory - Creating shared instance of singleton bean 'defaultJoiningPoolManager'
22:37:51.867 [Test worker] DEBUG org.springframework.beans.factory.support.DefaultListableBeanFactory - Autowiring by type from bean name 'defaultJoiningPoolManager' via constructor to bean named 'org.waldreg.user.spi.JoiningPoolRepository#0'
22:37:51.867 [Test worker] DEBUG org.springframework.beans.factory.support.DefaultListableBeanFactory - Autowiring by type from bean name 'defaultJoiningPoolManager' via constructor to bean named 'org.waldreg.user.spi.UserRepository#0'
22:37:51.867 [Test worker] DEBUG org.springframework.beans.factory.support.DefaultListableBeanFactory - Autowiring by type from bean name 'defaultJoiningPoolManager' via constructor to bean named 'org.waldreg.user.spi.UsersCharacterRepository#0'
22:37:51.877 [Test worker] DEBUG org.springframework.test.context.cache.DefaultCacheAwareContextLoaderDelegate - Storing ApplicationContext [418513504] in cache under key [[MergedContextConfiguration@5778826f testClass = UserServiceTest, locations = '{}', classes = '{class org.waldreg.user.management.user.DefaultUserManager, class org.waldreg.user.management.joiningpool.DefaultJoiningPoolManager}', contextInitializerClasses = '[]', activeProfiles = '{}', propertySourceLocations = '{}', propertySourceProperties = '{}', contextCustomizers = set[org.springframework.boot.test.autoconfigure.actuate.metrics.MetricsExportContextCustomizerFactory$DisableMetricExportContextCustomizer@1698fc68, org.springframework.boot.test.autoconfigure.properties.PropertyMappingContextCustomizer@0, org.springframework.boot.test.autoconfigure.web.servlet.WebDriverContextCustomizerFactory$Customizer@58359ebd, org.springframework.boot.test.context.filter.ExcludeFilterContextCustomizer@4ee37ca3, org.springframework.boot.test.json.DuplicateJsonObjectContextCustomizerFactory$DuplicateJsonObjectContextCustomizer@422c3c7a, org.springframework.boot.test.mock.mockito.MockitoContextCustomizer@98854dc], contextLoader = 'org.springframework.test.context.support.DelegatingSmartContextLoader', parent = [null]]]
22:37:51.877 [Test worker] DEBUG org.springframework.test.context.cache - Spring test ApplicationContext cache statistics: [DefaultContextCache@476ee5b3 size = 1, maxSize = 32, parentContextCount = 0, hitCount = 0, missCount = 1]
22:37:51.882 [Test worker] DEBUG org.springframework.test.context.support.DependencyInjectionTestExecutionListener - Performing dependency injection for test context [[DefaultTestContext@7829b776 testClass = UserServiceTest, testInstance = org.waldreg.user.management.UserServiceTest@7d04529c, testMethod = [null], testException = [null], mergedContextConfiguration = [MergedContextConfiguration@5778826f testClass = UserServiceTest, locations = '{}', classes = '{class org.waldreg.user.management.user.DefaultUserManager, class org.waldreg.user.management.joiningpool.DefaultJoiningPoolManager}', contextInitializerClasses = '[]', activeProfiles = '{}', propertySourceLocations = '{}', propertySourceProperties = '{}', contextCustomizers = set[org.springframework.boot.test.autoconfigure.actuate.metrics.MetricsExportContextCustomizerFactory$DisableMetricExportContextCustomizer@1698fc68, org.springframework.boot.test.autoconfigure.properties.PropertyMappingContextCustomizer@0, org.springframework.boot.test.autoconfigure.web.servlet.WebDriverContextCustomizerFactory$Customizer@58359ebd, org.springframework.boot.test.context.filter.ExcludeFilterContextCustomizer@4ee37ca3, org.springframework.boot.test.json.DuplicateJsonObjectContextCustomizerFactory$DuplicateJsonObjectContextCustomizer@422c3c7a, org.springframework.boot.test.mock.mockito.MockitoContextCustomizer@98854dc], contextLoader = 'org.springframework.test.context.support.DelegatingSmartContextLoader', parent = [null]], attributes = map['org.springframework.test.context.event.ApplicationEventsTestExecutionListener.recordApplicationEvents' -> false]]].
22:37:51.882 [Test worker] DEBUG org.springframework.test.context.cache.DefaultCacheAwareContextLoaderDelegate - Retrieved ApplicationContext [418513504] from cache with key [[MergedContextConfiguration@5778826f testClass = UserServiceTest, locations = '{}', classes = '{class org.waldreg.user.management.user.DefaultUserManager, class org.waldreg.user.management.joiningpool.DefaultJoiningPoolManager}', contextInitializerClasses = '[]', activeProfiles = '{}', propertySourceLocations = '{}', propertySourceProperties = '{}', contextCustomizers = set[org.springframework.boot.test.autoconfigure.actuate.metrics.MetricsExportContextCustomizerFactory$DisableMetricExportContextCustomizer@1698fc68, org.springframework.boot.test.autoconfigure.properties.PropertyMappingContextCustomizer@0, org.springframework.boot.test.autoconfigure.web.servlet.WebDriverContextCustomizerFactory$Customizer@58359ebd, org.springframework.boot.test.context.filter.ExcludeFilterContextCustomizer@4ee37ca3, org.springframework.boot.test.json.DuplicateJsonObjectContextCustomizerFactory$DuplicateJsonObjectContextCustomizer@422c3c7a, org.springframework.boot.test.mock.mockito.MockitoContextCustomizer@98854dc], contextLoader = 'org.springframework.test.context.support.DelegatingSmartContextLoader', parent = [null]]]
22:37:51.882 [Test worker] DEBUG org.springframework.test.context.cache - Spring test ApplicationContext cache statistics: [DefaultContextCache@476ee5b3 size = 1, maxSize = 32, parentContextCount = 0, hitCount = 1, missCount = 1]
22:37:51.891 [Test worker] DEBUG org.springframework.test.context.cache.DefaultCacheAwareContextLoaderDelegate - Retrieved ApplicationContext [418513504] from cache with key [[MergedContextConfiguration@5778826f testClass = UserServiceTest, locations = '{}', classes = '{class org.waldreg.user.management.user.DefaultUserManager, class org.waldreg.user.management.joiningpool.DefaultJoiningPoolManager}', contextInitializerClasses = '[]', activeProfiles = '{}', propertySourceLocations = '{}', propertySourceProperties = '{}', contextCustomizers = set[org.springframework.boot.test.autoconfigure.actuate.metrics.MetricsExportContextCustomizerFactory$DisableMetricExportContextCustomizer@1698fc68, org.springframework.boot.test.autoconfigure.properties.PropertyMappingContextCustomizer@0, org.springframework.boot.test.autoconfigure.web.servlet.WebDriverContextCustomizerFactory$Customizer@58359ebd, org.springframework.boot.test.context.filter.ExcludeFilterContextCustomizer@4ee37ca3, org.springframework.boot.test.json.DuplicateJsonObjectContextCustomizerFactory$DuplicateJsonObjectContextCustomizer@422c3c7a, org.springframework.boot.test.mock.mockito.MockitoContextCustomizer@98854dc], contextLoader = 'org.springframework.test.context.support.DelegatingSmartContextLoader', parent = [null]]]
22:37:51.891 [Test worker] DEBUG org.springframework.test.context.cache - Spring test ApplicationContext cache statistics: [DefaultContextCache@476ee5b3 size = 1, maxSize = 32, parentContextCount = 0, hitCount = 2, missCount = 1]
22:37:51.899 [Test worker] DEBUG org.springframework.test.context.support.AbstractDirtiesContextTestExecutionListener - Before test method: context [DefaultTestContext@7829b776 testClass = UserServiceTest, testInstance = org.waldreg.user.management.UserServiceTest@7d04529c, testMethod = UPDATE_SPECIFIC_USER_FAIL_CAUSE_USER_NAME_OVERFLOW_TEST@UserServiceTest, testException = [null], mergedContextConfiguration = [MergedContextConfiguration@5778826f testClass = UserServiceTest, locations = '{}', classes = '{class org.waldreg.user.management.user.DefaultUserManager, class org.waldreg.user.management.joiningpool.DefaultJoiningPoolManager}', contextInitializerClasses = '[]', activeProfiles = '{}', propertySourceLocations = '{}', propertySourceProperties = '{}', contextCustomizers = set[org.springframework.boot.test.autoconfigure.actuate.metrics.MetricsExportContextCustomizerFactory$DisableMetricExportContextCustomizer@1698fc68, org.springframework.boot.test.autoconfigure.properties.PropertyMappingContextCustomizer@0, org.springframework.boot.test.autoconfigure.web.servlet.WebDriverContextCustomizerFactory$Customizer@58359ebd, org.springframework.boot.test.context.filter.ExcludeFilterContextCustomizer@4ee37ca3, org.springframework.boot.test.json.DuplicateJsonObjectContextCustomizerFactory$DuplicateJsonObjectContextCustomizer@422c3c7a, org.springframework.boot.test.mock.mockito.MockitoContextCustomizer@98854dc], contextLoader = 'org.springframework.test.context.support.DelegatingSmartContextLoader', parent = [null]], attributes = map['org.springframework.test.context.event.ApplicationEventsTestExecutionListener.recordApplicationEvents' -> false]], class annotated with @DirtiesContext [false] with mode [null], method annotated with @DirtiesContext [false] with mode [null].
22:37:51.899 [Test worker] DEBUG org.springframework.test.context.cache.DefaultCacheAwareContextLoaderDelegate - Retrieved ApplicationContext [418513504] from cache with key [[MergedContextConfiguration@5778826f testClass = UserServiceTest, locations = '{}', classes = '{class org.waldreg.user.management.user.DefaultUserManager, class org.waldreg.user.management.joiningpool.DefaultJoiningPoolManager}', contextInitializerClasses = '[]', activeProfiles = '{}', propertySourceLocations = '{}', propertySourceProperties = '{}', contextCustomizers = set[org.springframework.boot.test.autoconfigure.actuate.metrics.MetricsExportContextCustomizerFactory$DisableMetricExportContextCustomizer@1698fc68, org.springframework.boot.test.autoconfigure.properties.PropertyMappingContextCustomizer@0, org.springframework.boot.test.autoconfigure.web.servlet.WebDriverContextCustomizerFactory$Customizer@58359ebd, org.springframework.boot.test.context.filter.ExcludeFilterContextCustomizer@4ee37ca3, org.springframework.boot.test.json.DuplicateJsonObjectContextCustomizerFactory$DuplicateJsonObjectContextCustomizer@422c3c7a, org.springframework.boot.test.mock.mockito.MockitoContextCustomizer@98854dc], contextLoader = 'org.springframework.test.context.support.DelegatingSmartContextLoader', parent = [null]]]
22:37:51.899 [Test worker] DEBUG org.springframework.test.context.cache - Spring test ApplicationContext cache statistics: [DefaultContextCache@476ee5b3 size = 1, maxSize = 32, parentContextCount = 0, hitCount = 3, missCount = 1]
22:37:51.899 [Test worker] DEBUG org.springframework.test.context.cache.DefaultCacheAwareContextLoaderDelegate - Retrieved ApplicationContext [418513504] from cache with key [[MergedContextConfiguration@5778826f testClass = UserServiceTest, locations = '{}', classes = '{class org.waldreg.user.management.user.DefaultUserManager, class org.waldreg.user.management.joiningpool.DefaultJoiningPoolManager}', contextInitializerClasses = '[]', activeProfiles = '{}', propertySourceLocations = '{}', propertySourceProperties = '{}', contextCustomizers = set[org.springframework.boot.test.autoconfigure.actuate.metrics.MetricsExportContextCustomizerFactory$DisableMetricExportContextCustomizer@1698fc68, org.springframework.boot.test.autoconfigure.properties.PropertyMappingContextCustomizer@0, org.springframework.boot.test.autoconfigure.web.servlet.WebDriverContextCustomizerFactory$Customizer@58359ebd, org.springframework.boot.test.context.filter.ExcludeFilterContextCustomizer@4ee37ca3, org.springframework.boot.test.json.DuplicateJsonObjectContextCustomizerFactory$DuplicateJsonObjectContextCustomizer@422c3c7a, org.springframework.boot.test.mock.mockito.MockitoContextCustomizer@98854dc], contextLoader = 'org.springframework.test.context.support.DelegatingSmartContextLoader', parent = [null]]]
22:37:51.899 [Test worker] DEBUG org.springframework.test.context.cache - Spring test ApplicationContext cache statistics: [DefaultContextCache@476ee5b3 size = 1, maxSize = 32, parentContextCount = 0, hitCount = 4, missCount = 1]
22:37:51.899 [Test worker] DEBUG org.springframework.test.context.cache.DefaultCacheAwareContextLoaderDelegate - Retrieved ApplicationContext [418513504] from cache with key [[MergedContextConfiguration@5778826f testClass = UserServiceTest, locations = '{}', classes = '{class org.waldreg.user.management.user.DefaultUserManager, class org.waldreg.user.management.joiningpool.DefaultJoiningPoolManager}', contextInitializerClasses = '[]', activeProfiles = '{}', propertySourceLocations = '{}', propertySourceProperties = '{}', contextCustomizers = set[org.springframework.boot.test.autoconfigure.actuate.metrics.MetricsExportContextCustomizerFactory$DisableMetricExportContextCustomizer@1698fc68, org.springframework.boot.test.autoconfigure.properties.PropertyMappingContextCustomizer@0, org.springframework.boot.test.autoconfigure.web.servlet.WebDriverContextCustomizerFactory$Customizer@58359ebd, org.springframework.boot.test.context.filter.ExcludeFilterContextCustomizer@4ee37ca3, org.springframework.boot.test.json.DuplicateJsonObjectContextCustomizerFactory$DuplicateJsonObjectContextCustomizer@422c3c7a, org.springframework.boot.test.mock.mockito.MockitoContextCustomizer@98854dc], contextLoader = 'org.springframework.test.context.support.DelegatingSmartContextLoader', parent = [null]]]
22:37:51.899 [Test worker] DEBUG org.springframework.test.context.cache - Spring test ApplicationContext cache statistics: [DefaultContextCache@476ee5b3 size = 1, maxSize = 32, parentContextCount = 0, hitCount = 5, missCount = 1]
22:37:51.940 [Test worker] DEBUG org.springframework.test.context.cache.DefaultCacheAwareContextLoaderDelegate - Retrieved ApplicationContext [418513504] from cache with key [[MergedContextConfiguration@5778826f testClass = UserServiceTest, locations = '{}', classes = '{class org.waldreg.user.management.user.DefaultUserManager, class org.waldreg.user.management.joiningpool.DefaultJoiningPoolManager}', contextInitializerClasses = '[]', activeProfiles = '{}', propertySourceLocations = '{}', propertySourceProperties = '{}', contextCustomizers = set[org.springframework.boot.test.autoconfigure.actuate.metrics.MetricsExportContextCustomizerFactory$DisableMetricExportContextCustomizer@1698fc68, org.springframework.boot.test.autoconfigure.properties.PropertyMappingContextCustomizer@0, org.springframework.boot.test.autoconfigure.web.servlet.WebDriverContextCustomizerFactory$Customizer@58359ebd, org.springframework.boot.test.context.filter.ExcludeFilterContextCustomizer@4ee37ca3, org.springframework.boot.test.json.DuplicateJsonObjectContextCustomizerFactory$DuplicateJsonObjectContextCustomizer@422c3c7a, org.springframework.boot.test.mock.mockito.MockitoContextCustomizer@98854dc], contextLoader = 'org.springframework.test.context.support.DelegatingSmartContextLoader', parent = [null]]]
22:37:51.940 [Test worker] DEBUG org.springframework.test.context.cache - Spring test ApplicationContext cache statistics: [DefaultContextCache@476ee5b3 size = 1, maxSize = 32, parentContextCount = 0, hitCount = 6, missCount = 1]
22:37:51.940 [Test worker] DEBUG org.springframework.test.context.cache.DefaultCacheAwareContextLoaderDelegate - Retrieved ApplicationContext [418513504] from cache with key [[MergedContextConfiguration@5778826f testClass = UserServiceTest, locations = '{}', classes = '{class org.waldreg.user.management.user.DefaultUserManager, class org.waldreg.user.management.joiningpool.DefaultJoiningPoolManager}', contextInitializerClasses = '[]', activeProfiles = '{}', propertySourceLocations = '{}', propertySourceProperties = '{}', contextCustomizers = set[org.springframework.boot.test.autoconfigure.actuate.metrics.MetricsExportContextCustomizerFactory$DisableMetricExportContextCustomizer@1698fc68, org.springframework.boot.test.autoconfigure.properties.PropertyMappingContextCustomizer@0, org.springframework.boot.test.autoconfigure.web.servlet.WebDriverContextCustomizerFactory$Customizer@58359ebd, org.springframework.boot.test.context.filter.ExcludeFilterContextCustomizer@4ee37ca3, org.springframework.boot.test.json.DuplicateJsonObjectContextCustomizerFactory$DuplicateJsonObjectContextCustomizer@422c3c7a, org.springframework.boot.test.mock.mockito.MockitoContextCustomizer@98854dc], contextLoader = 'org.springframework.test.context.support.DelegatingSmartContextLoader', parent = [null]]]
22:37:51.940 [Test worker] DEBUG org.springframework.test.context.cache - Spring test ApplicationContext cache statistics: [DefaultContextCache@476ee5b3 size = 1, maxSize = 32, parentContextCount = 0, hitCount = 7, missCount = 1]
22:37:51.940 [Test worker] DEBUG org.springframework.test.context.cache.DefaultCacheAwareContextLoaderDelegate - Retrieved ApplicationContext [418513504] from cache with key [[MergedContextConfiguration@5778826f testClass = UserServiceTest, locations = '{}', classes = '{class org.waldreg.user.management.user.DefaultUserManager, class org.waldreg.user.management.joiningpool.DefaultJoiningPoolManager}', contextInitializerClasses = '[]', activeProfiles = '{}', propertySourceLocations = '{}', propertySourceProperties = '{}', contextCustomizers = set[org.springframework.boot.test.autoconfigure.actuate.metrics.MetricsExportContextCustomizerFactory$DisableMetricExportContextCustomizer@1698fc68, org.springframework.boot.test.autoconfigure.properties.PropertyMappingContextCustomizer@0, org.springframework.boot.test.autoconfigure.web.servlet.WebDriverContextCustomizerFactory$Customizer@58359ebd, org.springframework.boot.test.context.filter.ExcludeFilterContextCustomizer@4ee37ca3, org.springframework.boot.test.json.DuplicateJsonObjectContextCustomizerFactory$DuplicateJsonObjectContextCustomizer@422c3c7a, org.springframework.boot.test.mock.mockito.MockitoContextCustomizer@98854dc], contextLoader = 'org.springframework.test.context.support.DelegatingSmartContextLoader', parent = [null]]]
22:37:51.940 [Test worker] DEBUG org.springframework.test.context.cache - Spring test ApplicationContext cache statistics: [DefaultContextCache@476ee5b3 size = 1, maxSize = 32, parentContextCount = 0, hitCount = 8, missCount = 1]
22:37:51.940 [Test worker] DEBUG org.springframework.test.context.cache.DefaultCacheAwareContextLoaderDelegate - Retrieved ApplicationContext [418513504] from cache with key [[MergedContextConfiguration@5778826f testClass = UserServiceTest, locations = '{}', classes = '{class org.waldreg.user.management.user.DefaultUserManager, class org.waldreg.user.management.joiningpool.DefaultJoiningPoolManager}', contextInitializerClasses = '[]', activeProfiles = '{}', propertySourceLocations = '{}', propertySourceProperties = '{}', contextCustomizers = set[org.springframework.boot.test.autoconfigure.actuate.metrics.MetricsExportContextCustomizerFactory$DisableMetricExportContextCustomizer@1698fc68, org.springframework.boot.test.autoconfigure.properties.PropertyMappingContextCustomizer@0, org.springframework.boot.test.autoconfigure.web.servlet.WebDriverContextCustomizerFactory$Customizer@58359ebd, org.springframework.boot.test.context.filter.ExcludeFilterContextCustomizer@4ee37ca3, org.springframework.boot.test.json.DuplicateJsonObjectContextCustomizerFactory$DuplicateJsonObjectContextCustomizer@422c3c7a, org.springframework.boot.test.mock.mockito.MockitoContextCustomizer@98854dc], contextLoader = 'org.springframework.test.context.support.DelegatingSmartContextLoader', parent = [null]]]
22:37:51.940 [Test worker] DEBUG org.springframework.test.context.cache - Spring test ApplicationContext cache statistics: [DefaultContextCache@476ee5b3 size = 1, maxSize = 32, parentContextCount = 0, hitCount = 9, missCount = 1]
22:37:51.944 [Test worker] DEBUG org.springframework.test.context.cache.DefaultCacheAwareContextLoaderDelegate - Retrieved ApplicationContext [418513504] from cache with key [[MergedContextConfiguration@5778826f testClass = UserServiceTest, locations = '{}', classes = '{class org.waldreg.user.management.user.DefaultUserManager, class org.waldreg.user.management.joiningpool.DefaultJoiningPoolManager}', contextInitializerClasses = '[]', activeProfiles = '{}', propertySourceLocations = '{}', propertySourceProperties = '{}', contextCustomizers = set[org.springframework.boot.test.autoconfigure.actuate.metrics.MetricsExportContextCustomizerFactory$DisableMetricExportContextCustomizer@1698fc68, org.springframework.boot.test.autoconfigure.properties.PropertyMappingContextCustomizer@0, org.springframework.boot.test.autoconfigure.web.servlet.WebDriverContextCustomizerFactory$Customizer@58359ebd, org.springframework.boot.test.context.filter.ExcludeFilterContextCustomizer@4ee37ca3, org.springframework.boot.test.json.DuplicateJsonObjectContextCustomizerFactory$DuplicateJsonObjectContextCustomizer@422c3c7a, org.springframework.boot.test.mock.mockito.MockitoContextCustomizer@98854dc], contextLoader = 'org.springframework.test.context.support.DelegatingSmartContextLoader', parent = [null]]]
22:37:51.944 [Test worker] DEBUG org.springframework.test.context.cache - Spring test ApplicationContext cache statistics: [DefaultContextCache@476ee5b3 size = 1, maxSize = 32, parentContextCount = 0, hitCount = 10, missCount = 1]
22:37:51.945 [Test worker] DEBUG org.springframework.test.context.cache.DefaultCacheAwareContextLoaderDelegate - Retrieved ApplicationContext [418513504] from cache with key [[MergedContextConfiguration@5778826f testClass = UserServiceTest, locations = '{}', classes = '{class org.waldreg.user.management.user.DefaultUserManager, class org.waldreg.user.management.joiningpool.DefaultJoiningPoolManager}', contextInitializerClasses = '[]', activeProfiles = '{}', propertySourceLocations = '{}', propertySourceProperties = '{}', contextCustomizers = set[org.springframework.boot.test.autoconfigure.actuate.metrics.MetricsExportContextCustomizerFactory$DisableMetricExportContextCustomizer@1698fc68, org.springframework.boot.test.autoconfigure.properties.PropertyMappingContextCustomizer@0, org.springframework.boot.test.autoconfigure.web.servlet.WebDriverContextCustomizerFactory$Customizer@58359ebd, org.springframework.boot.test.context.filter.ExcludeFilterContextCustomizer@4ee37ca3, org.springframework.boot.test.json.DuplicateJsonObjectContextCustomizerFactory$DuplicateJsonObjectContextCustomizer@422c3c7a, org.springframework.boot.test.mock.mockito.MockitoContextCustomizer@98854dc], contextLoader = 'org.springframework.test.context.support.DelegatingSmartContextLoader', parent = [null]]]
22:37:51.945 [Test worker] DEBUG org.springframework.test.context.cache - Spring test ApplicationContext cache statistics: [DefaultContextCache@476ee5b3 size = 1, maxSize = 32, parentContextCount = 0, hitCount = 11, missCount = 1]
22:37:51.947 [Test worker] DEBUG org.springframework.test.context.support.AbstractDirtiesContextTestExecutionListener - After test method: context [DefaultTestContext@7829b776 testClass = UserServiceTest, testInstance = org.waldreg.user.management.UserServiceTest@7d04529c, testMethod = UPDATE_SPECIFIC_USER_FAIL_CAUSE_USER_NAME_OVERFLOW_TEST@UserServiceTest, testException = [null], mergedContextConfiguration = [MergedContextConfiguration@5778826f testClass = UserServiceTest, locations = '{}', classes = '{class org.waldreg.user.management.user.DefaultUserManager, class org.waldreg.user.management.joiningpool.DefaultJoiningPoolManager}', contextInitializerClasses = '[]', activeProfiles = '{}', propertySourceLocations = '{}', propertySourceProperties = '{}', contextCustomizers = set[org.springframework.boot.test.autoconfigure.actuate.metrics.MetricsExportContextCustomizerFactory$DisableMetricExportContextCustomizer@1698fc68, org.springframework.boot.test.autoconfigure.properties.PropertyMappingContextCustomizer@0, org.springframework.boot.test.autoconfigure.web.servlet.WebDriverContextCustomizerFactory$Customizer@58359ebd, org.springframework.boot.test.context.filter.ExcludeFilterContextCustomizer@4ee37ca3, org.springframework.boot.test.json.DuplicateJsonObjectContextCustomizerFactory$DuplicateJsonObjectContextCustomizer@422c3c7a, org.springframework.boot.test.mock.mockito.MockitoContextCustomizer@98854dc], contextLoader = 'org.springframework.test.context.support.DelegatingSmartContextLoader', parent = [null]], attributes = map['org.springframework.test.context.event.ApplicationEventsTestExecutionListener.recordApplicationEvents' -> false]], class annotated with @DirtiesContext [false] with mode [null], method annotated with @DirtiesContext [false] with mode [null].
22:37:51.950 [Test worker] DEBUG org.springframework.test.context.cache.DefaultCacheAwareContextLoaderDelegate - Retrieved ApplicationContext [418513504] from cache with key [[MergedContextConfiguration@5778826f testClass = UserServiceTest, locations = '{}', classes = '{class org.waldreg.user.management.user.DefaultUserManager, class org.waldreg.user.management.joiningpool.DefaultJoiningPoolManager}', contextInitializerClasses = '[]', activeProfiles = '{}', propertySourceLocations = '{}', propertySourceProperties = '{}', contextCustomizers = set[org.springframework.boot.test.autoconfigure.actuate.metrics.MetricsExportContextCustomizerFactory$DisableMetricExportContextCustomizer@1698fc68, org.springframework.boot.test.autoconfigure.properties.PropertyMappingContextCustomizer@0, org.springframework.boot.test.autoconfigure.web.servlet.WebDriverContextCustomizerFactory$Customizer@58359ebd, org.springframework.boot.test.context.filter.ExcludeFilterContextCustomizer@4ee37ca3, org.springframework.boot.test.json.DuplicateJsonObjectContextCustomizerFactory$DuplicateJsonObjectContextCustomizer@422c3c7a, org.springframework.boot.test.mock.mockito.MockitoContextCustomizer@98854dc], contextLoader = 'org.springframework.test.context.support.DelegatingSmartContextLoader', parent = [null]]]
22:37:51.950 [Test worker] DEBUG org.springframework.test.context.cache - Spring test ApplicationContext cache statistics: [DefaultContextCache@476ee5b3 size = 1, maxSize = 32, parentContextCount = 0, hitCount = 12, missCount = 1]
22:37:51.950 [Test worker] DEBUG org.springframework.test.context.support.DependencyInjectionTestExecutionListener - Performing dependency injection for test context [[DefaultTestContext@7829b776 testClass = UserServiceTest, testInstance = org.waldreg.user.management.UserServiceTest@a92be4f, testMethod = [null], testException = [null], mergedContextConfiguration = [MergedContextConfiguration@5778826f testClass = UserServiceTest, locations = '{}', classes = '{class org.waldreg.user.management.user.DefaultUserManager, class org.waldreg.user.management.joiningpool.DefaultJoiningPoolManager}', contextInitializerClasses = '[]', activeProfiles = '{}', propertySourceLocations = '{}', propertySourceProperties = '{}', contextCustomizers = set[org.springframework.boot.test.autoconfigure.actuate.metrics.MetricsExportContextCustomizerFactory$DisableMetricExportContextCustomizer@1698fc68, org.springframework.boot.test.autoconfigure.properties.PropertyMappingContextCustomizer@0, org.springframework.boot.test.autoconfigure.web.servlet.WebDriverContextCustomizerFactory$Customizer@58359ebd, org.springframework.boot.test.context.filter.ExcludeFilterContextCustomizer@4ee37ca3, org.springframework.boot.test.json.DuplicateJsonObjectContextCustomizerFactory$DuplicateJsonObjectContextCustomizer@422c3c7a, org.springframework.boot.test.mock.mockito.MockitoContextCustomizer@98854dc], contextLoader = 'org.springframework.test.context.support.DelegatingSmartContextLoader', parent = [null]], attributes = map['org.springframework.test.context.event.ApplicationEventsTestExecutionListener.recordApplicationEvents' -> false]]].
22:37:51.950 [Test worker] DEBUG org.springframework.test.context.cache.DefaultCacheAwareContextLoaderDelegate - Retrieved ApplicationContext [418513504] from cache with key [[MergedContextConfiguration@5778826f testClass = UserServiceTest, locations = '{}', classes = '{class org.waldreg.user.management.user.DefaultUserManager, class org.waldreg.user.management.joiningpool.DefaultJoiningPoolManager}', contextInitializerClasses = '[]', activeProfiles = '{}', propertySourceLocations = '{}', propertySourceProperties = '{}', contextCustomizers = set[org.springframework.boot.test.autoconfigure.actuate.metrics.MetricsExportContextCustomizerFactory$DisableMetricExportContextCustomizer@1698fc68, org.springframework.boot.test.autoconfigure.properties.PropertyMappingContextCustomizer@0, org.springframework.boot.test.autoconfigure.web.servlet.WebDriverContextCustomizerFactory$Customizer@58359ebd, org.springframework.boot.test.context.filter.ExcludeFilterContextCustomizer@4ee37ca3, org.springframework.boot.test.json.DuplicateJsonObjectContextCustomizerFactory$DuplicateJsonObjectContextCustomizer@422c3c7a, org.springframework.boot.test.mock.mockito.MockitoContextCustomizer@98854dc], contextLoader = 'org.springframework.test.context.support.DelegatingSmartContextLoader', parent = [null]]]
22:37:51.950 [Test worker] DEBUG org.springframework.test.context.cache - Spring test ApplicationContext cache statistics: [DefaultContextCache@476ee5b3 size = 1, maxSize = 32, parentContextCount = 0, hitCount = 13, missCount = 1]
22:37:51.950 [Test worker] DEBUG org.springframework.test.context.cache.DefaultCacheAwareContextLoaderDelegate - Retrieved ApplicationContext [418513504] from cache with key [[MergedContextConfiguration@5778826f testClass = UserServiceTest, locations = '{}', classes = '{class org.waldreg.user.management.user.DefaultUserManager, class org.waldreg.user.management.joiningpool.DefaultJoiningPoolManager}', contextInitializerClasses = '[]', activeProfiles = '{}', propertySourceLocations = '{}', propertySourceProperties = '{}', contextCustomizers = set[org.springframework.boot.test.autoconfigure.actuate.metrics.MetricsExportContextCustomizerFactory$DisableMetricExportContextCustomizer@1698fc68, org.springframework.boot.test.autoconfigure.properties.PropertyMappingContextCustomizer@0, org.springframework.boot.test.autoconfigure.web.servlet.WebDriverContextCustomizerFactory$Customizer@58359ebd, org.springframework.boot.test.context.filter.ExcludeFilterContextCustomizer@4ee37ca3, org.springframework.boot.test.json.DuplicateJsonObjectContextCustomizerFactory$DuplicateJsonObjectContextCustomizer@422c3c7a, org.springframework.boot.test.mock.mockito.MockitoContextCustomizer@98854dc], contextLoader = 'org.springframework.test.context.support.DelegatingSmartContextLoader', parent = [null]]]
22:37:51.950 [Test worker] DEBUG org.springframework.test.context.cache - Spring test ApplicationContext cache statistics: [DefaultContextCache@476ee5b3 size = 1, maxSize = 32, parentContextCount = 0, hitCount = 14, missCount = 1]
22:37:51.955 [Test worker] DEBUG org.springframework.test.context.support.AbstractDirtiesContextTestExecutionListener - Before test method: context [DefaultTestContext@7829b776 testClass = UserServiceTest, testInstance = org.waldreg.user.management.UserServiceTest@a92be4f, testMethod = READ_USER_JOINING_POOL_SUCCESS_TEST@UserServiceTest, testException = [null], mergedContextConfiguration = [MergedContextConfiguration@5778826f testClass = UserServiceTest, locations = '{}', classes = '{class org.waldreg.user.management.user.DefaultUserManager, class org.waldreg.user.management.joiningpool.DefaultJoiningPoolManager}', contextInitializerClasses = '[]', activeProfiles = '{}', propertySourceLocations = '{}', propertySourceProperties = '{}', contextCustomizers = set[org.springframework.boot.test.autoconfigure.actuate.metrics.MetricsExportContextCustomizerFactory$DisableMetricExportContextCustomizer@1698fc68, org.springframework.boot.test.autoconfigure.properties.PropertyMappingContextCustomizer@0, org.springframework.boot.test.autoconfigure.web.servlet.WebDriverContextCustomizerFactory$Customizer@58359ebd, org.springframework.boot.test.context.filter.ExcludeFilterContextCustomizer@4ee37ca3, org.springframework.boot.test.json.DuplicateJsonObjectContextCustomizerFactory$DuplicateJsonObjectContextCustomizer@422c3c7a, org.springframework.boot.test.mock.mockito.MockitoContextCustomizer@98854dc], contextLoader = 'org.springframework.test.context.support.DelegatingSmartContextLoader', parent = [null]], attributes = map['org.springframework.test.context.event.ApplicationEventsTestExecutionListener.recordApplicationEvents' -> false]], class annotated with @DirtiesContext [false] with mode [null], method annotated with @DirtiesContext [false] with mode [null].
22:37:51.956 [Test worker] DEBUG org.springframework.test.context.cache.DefaultCacheAwareContextLoaderDelegate - Retrieved ApplicationContext [418513504] from cache with key [[MergedContextConfiguration@5778826f testClass = UserServiceTest, locations = '{}', classes = '{class org.waldreg.user.management.user.DefaultUserManager, class org.waldreg.user.management.joiningpool.DefaultJoiningPoolManager}', contextInitializerClasses = '[]', activeProfiles = '{}', propertySourceLocations = '{}', propertySourceProperties = '{}', contextCustomizers = set[org.springframework.boot.test.autoconfigure.actuate.metrics.MetricsExportContextCustomizerFactory$DisableMetricExportContextCustomizer@1698fc68, org.springframework.boot.test.autoconfigure.properties.PropertyMappingContextCustomizer@0, org.springframework.boot.test.autoconfigure.web.servlet.WebDriverContextCustomizerFactory$Customizer@58359ebd, org.springframework.boot.test.context.filter.ExcludeFilterContextCustomizer@4ee37ca3, org.springframework.boot.test.json.DuplicateJsonObjectContextCustomizerFactory$DuplicateJsonObjectContextCustomizer@422c3c7a, org.springframework.boot.test.mock.mockito.MockitoContextCustomizer@98854dc], contextLoader = 'org.springframework.test.context.support.DelegatingSmartContextLoader', parent = [null]]]
22:37:51.956 [Test worker] DEBUG org.springframework.test.context.cache - Spring test ApplicationContext cache statistics: [DefaultContextCache@476ee5b3 size = 1, maxSize = 32, parentContextCount = 0, hitCount = 15, missCount = 1]
22:37:51.957 [Test worker] DEBUG org.springframework.test.context.cache.DefaultCacheAwareContextLoaderDelegate - Retrieved ApplicationContext [418513504] from cache with key [[MergedContextConfiguration@5778826f testClass = UserServiceTest, locations = '{}', classes = '{class org.waldreg.user.management.user.DefaultUserManager, class org.waldreg.user.management.joiningpool.DefaultJoiningPoolManager}', contextInitializerClasses = '[]', activeProfiles = '{}', propertySourceLocations = '{}', propertySourceProperties = '{}', contextCustomizers = set[org.springframework.boot.test.autoconfigure.actuate.metrics.MetricsExportContextCustomizerFactory$DisableMetricExportContextCustomizer@1698fc68, org.springframework.boot.test.autoconfigure.properties.PropertyMappingContextCustomizer@0, org.springframework.boot.test.autoconfigure.web.servlet.WebDriverContextCustomizerFactory$Customizer@58359ebd, org.springframework.boot.test.context.filter.ExcludeFilterContextCustomizer@4ee37ca3, org.springframework.boot.test.json.DuplicateJsonObjectContextCustomizerFactory$DuplicateJsonObjectContextCustomizer@422c3c7a, org.springframework.boot.test.mock.mockito.MockitoContextCustomizer@98854dc], contextLoader = 'org.springframework.test.context.support.DelegatingSmartContextLoader', parent = [null]]]
22:37:51.957 [Test worker] DEBUG org.springframework.test.context.cache - Spring test ApplicationContext cache statistics: [DefaultContextCache@476ee5b3 size = 1, maxSize = 32, parentContextCount = 0, hitCount = 16, missCount = 1]
22:37:51.957 [Test worker] DEBUG org.springframework.test.context.cache.DefaultCacheAwareContextLoaderDelegate - Retrieved ApplicationContext [418513504] from cache with key [[MergedContextConfiguration@5778826f testClass = UserServiceTest, locations = '{}', classes = '{class org.waldreg.user.management.user.DefaultUserManager, class org.waldreg.user.management.joiningpool.DefaultJoiningPoolManager}', contextInitializerClasses = '[]', activeProfiles = '{}', propertySourceLocations = '{}', propertySourceProperties = '{}', contextCustomizers = set[org.springframework.boot.test.autoconfigure.actuate.metrics.MetricsExportContextCustomizerFactory$DisableMetricExportContextCustomizer@1698fc68, org.springframework.boot.test.autoconfigure.properties.PropertyMappingContextCustomizer@0, org.springframework.boot.test.autoconfigure.web.servlet.WebDriverContextCustomizerFactory$Customizer@58359ebd, org.springframework.boot.test.context.filter.ExcludeFilterContextCustomizer@4ee37ca3, org.springframework.boot.test.json.DuplicateJsonObjectContextCustomizerFactory$DuplicateJsonObjectContextCustomizer@422c3c7a, org.springframework.boot.test.mock.mockito.MockitoContextCustomizer@98854dc], contextLoader = 'org.springframework.test.context.support.DelegatingSmartContextLoader', parent = [null]]]
22:37:51.957 [Test worker] DEBUG org.springframework.test.context.cache - Spring test ApplicationContext cache statistics: [DefaultContextCache@476ee5b3 size = 1, maxSize = 32, parentContextCount = 0, hitCount = 17, missCount = 1]
22:37:51.981 [Test worker] DEBUG org.springframework.test.context.cache.DefaultCacheAwareContextLoaderDelegate - Retrieved ApplicationContext [418513504] from cache with key [[MergedContextConfiguration@5778826f testClass = UserServiceTest, locations = '{}', classes = '{class org.waldreg.user.management.user.DefaultUserManager, class org.waldreg.user.management.joiningpool.DefaultJoiningPoolManager}', contextInitializerClasses = '[]', activeProfiles = '{}', propertySourceLocations = '{}', propertySourceProperties = '{}', contextCustomizers = set[org.springframework.boot.test.autoconfigure.actuate.metrics.MetricsExportContextCustomizerFactory$DisableMetricExportContextCustomizer@1698fc68, org.springframework.boot.test.autoconfigure.properties.PropertyMappingContextCustomizer@0, org.springframework.boot.test.autoconfigure.web.servlet.WebDriverContextCustomizerFactory$Customizer@58359ebd, org.springframework.boot.test.context.filter.ExcludeFilterContextCustomizer@4ee37ca3, org.springframework.boot.test.json.DuplicateJsonObjectContextCustomizerFactory$DuplicateJsonObjectContextCustomizer@422c3c7a, org.springframework.boot.test.mock.mockito.MockitoContextCustomizer@98854dc], contextLoader = 'org.springframework.test.context.support.DelegatingSmartContextLoader', parent = [null]]]
22:37:51.981 [Test worker] DEBUG org.springframework.test.context.cache - Spring test ApplicationContext cache statistics: [DefaultContextCache@476ee5b3 size = 1, maxSize = 32, parentContextCount = 0, hitCount = 18, missCount = 1]
22:37:51.987 [Test worker] DEBUG org.springframework.test.context.cache.DefaultCacheAwareContextLoaderDelegate - Retrieved ApplicationContext [418513504] from cache with key [[MergedContextConfiguration@5778826f testClass = UserServiceTest, locations = '{}', classes = '{class org.waldreg.user.management.user.DefaultUserManager, class org.waldreg.user.management.joiningpool.DefaultJoiningPoolManager}', contextInitializerClasses = '[]', activeProfiles = '{}', propertySourceLocations = '{}', propertySourceProperties = '{}', contextCustomizers = set[org.springframework.boot.test.autoconfigure.actuate.metrics.MetricsExportContextCustomizerFactory$DisableMetricExportContextCustomizer@1698fc68, org.springframework.boot.test.autoconfigure.properties.PropertyMappingContextCustomizer@0, org.springframework.boot.test.autoconfigure.web.servlet.WebDriverContextCustomizerFactory$Customizer@58359ebd, org.springframework.boot.test.context.filter.ExcludeFilterContextCustomizer@4ee37ca3, org.springframework.boot.test.json.DuplicateJsonObjectContextCustomizerFactory$DuplicateJsonObjectContextCustomizer@422c3c7a, org.springframework.boot.test.mock.mockito.MockitoContextCustomizer@98854dc], contextLoader = 'org.springframework.test.context.support.DelegatingSmartContextLoader', parent = [null]]]
22:37:51.987 [Test worker] DEBUG org.springframework.test.context.cache - Spring test ApplicationContext cache statistics: [DefaultContextCache@476ee5b3 size = 1, maxSize = 32, parentContextCount = 0, hitCount = 19, missCount = 1]
22:37:51.989 [Test worker] DEBUG org.springframework.test.context.cache.DefaultCacheAwareContextLoaderDelegate - Retrieved ApplicationContext [418513504] from cache with key [[MergedContextConfiguration@5778826f testClass = UserServiceTest, locations = '{}', classes = '{class org.waldreg.user.management.user.DefaultUserManager, class org.waldreg.user.management.joiningpool.DefaultJoiningPoolManager}', contextInitializerClasses = '[]', activeProfiles = '{}', propertySourceLocations = '{}', propertySourceProperties = '{}', contextCustomizers = set[org.springframework.boot.test.autoconfigure.actuate.metrics.MetricsExportContextCustomizerFactory$DisableMetricExportContextCustomizer@1698fc68, org.springframework.boot.test.autoconfigure.properties.PropertyMappingContextCustomizer@0, org.springframework.boot.test.autoconfigure.web.servlet.WebDriverContextCustomizerFactory$Customizer@58359ebd, org.springframework.boot.test.context.filter.ExcludeFilterContextCustomizer@4ee37ca3, org.springframework.boot.test.json.DuplicateJsonObjectContextCustomizerFactory$DuplicateJsonObjectContextCustomizer@422c3c7a, org.springframework.boot.test.mock.mockito.MockitoContextCustomizer@98854dc], contextLoader = 'org.springframework.test.context.support.DelegatingSmartContextLoader', parent = [null]]]
22:37:51.989 [Test worker] DEBUG org.springframework.test.context.cache - Spring test ApplicationContext cache statistics: [DefaultContextCache@476ee5b3 size = 1, maxSize = 32, parentContextCount = 0, hitCount = 20, missCount = 1]
22:37:51.989 [Test worker] DEBUG org.springframework.test.context.cache.DefaultCacheAwareContextLoaderDelegate - Retrieved ApplicationContext [418513504] from cache with key [[MergedContextConfiguration@5778826f testClass = UserServiceTest, locations = '{}', classes = '{class org.waldreg.user.management.user.DefaultUserManager, class org.waldreg.user.management.joiningpool.DefaultJoiningPoolManager}', contextInitializerClasses = '[]', activeProfiles = '{}', propertySourceLocations = '{}', propertySourceProperties = '{}', contextCustomizers = set[org.springframework.boot.test.autoconfigure.actuate.metrics.MetricsExportContextCustomizerFactory$DisableMetricExportContextCustomizer@1698fc68, org.springframework.boot.test.autoconfigure.properties.PropertyMappingContextCustomizer@0, org.springframework.boot.test.autoconfigure.web.servlet.WebDriverContextCustomizerFactory$Customizer@58359ebd, org.springframework.boot.test.context.filter.ExcludeFilterContextCustomizer@4ee37ca3, org.springframework.boot.test.json.DuplicateJsonObjectContextCustomizerFactory$DuplicateJsonObjectContextCustomizer@422c3c7a, org.springframework.boot.test.mock.mockito.MockitoContextCustomizer@98854dc], contextLoader = 'org.springframework.test.context.support.DelegatingSmartContextLoader', parent = [null]]]
22:37:51.989 [Test worker] DEBUG org.springframework.test.context.cache - Spring test ApplicationContext cache statistics: [DefaultContextCache@476ee5b3 size = 1, maxSize = 32, parentContextCount = 0, hitCount = 21, missCount = 1]
22:37:51.989 [Test worker] DEBUG org.springframework.test.context.cache.DefaultCacheAwareContextLoaderDelegate - Retrieved ApplicationContext [418513504] from cache with key [[MergedContextConfiguration@5778826f testClass = UserServiceTest, locations = '{}', classes = '{class org.waldreg.user.management.user.DefaultUserManager, class org.waldreg.user.management.joiningpool.DefaultJoiningPoolManager}', contextInitializerClasses = '[]', activeProfiles = '{}', propertySourceLocations = '{}', propertySourceProperties = '{}', contextCustomizers = set[org.springframework.boot.test.autoconfigure.actuate.metrics.MetricsExportContextCustomizerFactory$DisableMetricExportContextCustomizer@1698fc68, org.springframework.boot.test.autoconfigure.properties.PropertyMappingContextCustomizer@0, org.springframework.boot.test.autoconfigure.web.servlet.WebDriverContextCustomizerFactory$Customizer@58359ebd, org.springframework.boot.test.context.filter.ExcludeFilterContextCustomizer@4ee37ca3, org.springframework.boot.test.json.DuplicateJsonObjectContextCustomizerFactory$DuplicateJsonObjectContextCustomizer@422c3c7a, org.springframework.boot.test.mock.mockito.MockitoContextCustomizer@98854dc], contextLoader = 'org.springframework.test.context.support.DelegatingSmartContextLoader', parent = [null]]]
22:37:51.989 [Test worker] DEBUG org.springframework.test.context.cache - Spring test ApplicationContext cache statistics: [DefaultContextCache@476ee5b3 size = 1, maxSize = 32, parentContextCount = 0, hitCount = 22, missCount = 1]
22:37:51.989 [Test worker] DEBUG org.springframework.test.context.cache.DefaultCacheAwareContextLoaderDelegate - Retrieved ApplicationContext [418513504] from cache with key [[MergedContextConfiguration@5778826f testClass = UserServiceTest, locations = '{}', classes = '{class org.waldreg.user.management.user.DefaultUserManager, class org.waldreg.user.management.joiningpool.DefaultJoiningPoolManager}', contextInitializerClasses = '[]', activeProfiles = '{}', propertySourceLocations = '{}', propertySourceProperties = '{}', contextCustomizers = set[org.springframework.boot.test.autoconfigure.actuate.metrics.MetricsExportContextCustomizerFactory$DisableMetricExportContextCustomizer@1698fc68, org.springframework.boot.test.autoconfigure.properties.PropertyMappingContextCustomizer@0, org.springframework.boot.test.autoconfigure.web.servlet.WebDriverContextCustomizerFactory$Customizer@58359ebd, org.springframework.boot.test.context.filter.ExcludeFilterContextCustomizer@4ee37ca3, org.springframework.boot.test.json.DuplicateJsonObjectContextCustomizerFactory$DuplicateJsonObjectContextCustomizer@422c3c7a, org.springframework.boot.test.mock.mockito.MockitoContextCustomizer@98854dc], contextLoader = 'org.springframework.test.context.support.DelegatingSmartContextLoader', parent = [null]]]
22:37:51.989 [Test worker] DEBUG org.springframework.test.context.cache - Spring test ApplicationContext cache statistics: [DefaultContextCache@476ee5b3 size = 1, maxSize = 32, parentContextCount = 0, hitCount = 23, missCount = 1]
22:37:51.989 [Test worker] DEBUG org.springframework.test.context.support.AbstractDirtiesContextTestExecutionListener - After test method: context [DefaultTestContext@7829b776 testClass = UserServiceTest, testInstance = org.waldreg.user.management.UserServiceTest@a92be4f, testMethod = READ_USER_JOINING_POOL_SUCCESS_TEST@UserServiceTest, testException = [null], mergedContextConfiguration = [MergedContextConfiguration@5778826f testClass = UserServiceTest, locations = '{}', classes = '{class org.waldreg.user.management.user.DefaultUserManager, class org.waldreg.user.management.joiningpool.DefaultJoiningPoolManager}', contextInitializerClasses = '[]', activeProfiles = '{}', propertySourceLocations = '{}', propertySourceProperties = '{}', contextCustomizers = set[org.springframework.boot.test.autoconfigure.actuate.metrics.MetricsExportContextCustomizerFactory$DisableMetricExportContextCustomizer@1698fc68, org.springframework.boot.test.autoconfigure.properties.PropertyMappingContextCustomizer@0, org.springframework.boot.test.autoconfigure.web.servlet.WebDriverContextCustomizerFactory$Customizer@58359ebd, org.springframework.boot.test.context.filter.ExcludeFilterContextCustomizer@4ee37ca3, org.springframework.boot.test.json.DuplicateJsonObjectContextCustomizerFactory$DuplicateJsonObjectContextCustomizer@422c3c7a, org.springframework.boot.test.mock.mockito.MockitoContextCustomizer@98854dc], contextLoader = 'org.springframework.test.context.support.DelegatingSmartContextLoader', parent = [null]], attributes = map['org.springframework.test.context.event.ApplicationEventsTestExecutionListener.recordApplicationEvents' -> false]], class annotated with @DirtiesContext [false] with mode [null], method annotated with @DirtiesContext [false] with mode [null].
22:37:51.989 [Test worker] DEBUG org.springframework.test.context.cache.DefaultCacheAwareContextLoaderDelegate - Retrieved ApplicationContext [418513504] from cache with key [[MergedContextConfiguration@5778826f testClass = UserServiceTest, locations = '{}', classes = '{class org.waldreg.user.management.user.DefaultUserManager, class org.waldreg.user.management.joiningpool.DefaultJoiningPoolManager}', contextInitializerClasses = '[]', activeProfiles = '{}', propertySourceLocations = '{}', propertySourceProperties = '{}', contextCustomizers = set[org.springframework.boot.test.autoconfigure.actuate.metrics.MetricsExportContextCustomizerFactory$DisableMetricExportContextCustomizer@1698fc68, org.springframework.boot.test.autoconfigure.properties.PropertyMappingContextCustomizer@0, org.springframework.boot.test.autoconfigure.web.servlet.WebDriverContextCustomizerFactory$Customizer@58359ebd, org.springframework.boot.test.context.filter.ExcludeFilterContextCustomizer@4ee37ca3, org.springframework.boot.test.json.DuplicateJsonObjectContextCustomizerFactory$DuplicateJsonObjectContextCustomizer@422c3c7a, org.springframework.boot.test.mock.mockito.MockitoContextCustomizer@98854dc], contextLoader = 'org.springframework.test.context.support.DelegatingSmartContextLoader', parent = [null]]]
22:37:51.989 [Test worker] DEBUG org.springframework.test.context.cache - Spring test ApplicationContext cache statistics: [DefaultContextCache@476ee5b3 size = 1, maxSize = 32, parentContextCount = 0, hitCount = 24, missCount = 1]
22:37:51.989 [Test worker] DEBUG org.springframework.test.context.support.DependencyInjectionTestExecutionListener - Performing dependency injection for test context [[DefaultTestContext@7829b776 testClass = UserServiceTest, testInstance = org.waldreg.user.management.UserServiceTest@4052c8c2, testMethod = [null], testException = [null], mergedContextConfiguration = [MergedContextConfiguration@5778826f testClass = UserServiceTest, locations = '{}', classes = '{class org.waldreg.user.management.user.DefaultUserManager, class org.waldreg.user.management.joiningpool.DefaultJoiningPoolManager}', contextInitializerClasses = '[]', activeProfiles = '{}', propertySourceLocations = '{}', propertySourceProperties = '{}', contextCustomizers = set[org.springframework.boot.test.autoconfigure.actuate.metrics.MetricsExportContextCustomizerFactory$DisableMetricExportContextCustomizer@1698fc68, org.springframework.boot.test.autoconfigure.properties.PropertyMappingContextCustomizer@0, org.springframework.boot.test.autoconfigure.web.servlet.WebDriverContextCustomizerFactory$Customizer@58359ebd, org.springframework.boot.test.context.filter.ExcludeFilterContextCustomizer@4ee37ca3, org.springframework.boot.test.json.DuplicateJsonObjectContextCustomizerFactory$DuplicateJsonObjectContextCustomizer@422c3c7a, org.springframework.boot.test.mock.mockito.MockitoContextCustomizer@98854dc], contextLoader = 'org.springframework.test.context.support.DelegatingSmartContextLoader', parent = [null]], attributes = map['org.springframework.test.context.event.ApplicationEventsTestExecutionListener.recordApplicationEvents' -> false]]].
22:37:51.997 [Test worker] DEBUG org.springframework.test.context.cache.DefaultCacheAwareContextLoaderDelegate - Retrieved ApplicationContext [418513504] from cache with key [[MergedContextConfiguration@5778826f testClass = UserServiceTest, locations = '{}', classes = '{class org.waldreg.user.management.user.DefaultUserManager, class org.waldreg.user.management.joiningpool.DefaultJoiningPoolManager}', contextInitializerClasses = '[]', activeProfiles = '{}', propertySourceLocations = '{}', propertySourceProperties = '{}', contextCustomizers = set[org.springframework.boot.test.autoconfigure.actuate.metrics.MetricsExportContextCustomizerFactory$DisableMetricExportContextCustomizer@1698fc68, org.springframework.boot.test.autoconfigure.properties.PropertyMappingContextCustomizer@0, org.springframework.boot.test.autoconfigure.web.servlet.WebDriverContextCustomizerFactory$Customizer@58359ebd, org.springframework.boot.test.context.filter.ExcludeFilterContextCustomizer@4ee37ca3, org.springframework.boot.test.json.DuplicateJsonObjectContextCustomizerFactory$DuplicateJsonObjectContextCustomizer@422c3c7a, org.springframework.boot.test.mock.mockito.MockitoContextCustomizer@98854dc], contextLoader = 'org.springframework.test.context.support.DelegatingSmartContextLoader', parent = [null]]]
22:37:51.997 [Test worker] DEBUG org.springframework.test.context.cache - Spring test ApplicationContext cache statistics: [DefaultContextCache@476ee5b3 size = 1, maxSize = 32, parentContextCount = 0, hitCount = 25, missCount = 1]
22:37:51.997 [Test worker] DEBUG org.springframework.test.context.cache.DefaultCacheAwareContextLoaderDelegate - Retrieved ApplicationContext [418513504] from cache with key [[MergedContextConfiguration@5778826f testClass = UserServiceTest, locations = '{}', classes = '{class org.waldreg.user.management.user.DefaultUserManager, class org.waldreg.user.management.joiningpool.DefaultJoiningPoolManager}', contextInitializerClasses = '[]', activeProfiles = '{}', propertySourceLocations = '{}', propertySourceProperties = '{}', contextCustomizers = set[org.springframework.boot.test.autoconfigure.actuate.metrics.MetricsExportContextCustomizerFactory$DisableMetricExportContextCustomizer@1698fc68, org.springframework.boot.test.autoconfigure.properties.PropertyMappingContextCustomizer@0, org.springframework.boot.test.autoconfigure.web.servlet.WebDriverContextCustomizerFactory$Customizer@58359ebd, org.springframework.boot.test.context.filter.ExcludeFilterContextCustomizer@4ee37ca3, org.springframework.boot.test.json.DuplicateJsonObjectContextCustomizerFactory$DuplicateJsonObjectContextCustomizer@422c3c7a, org.springframework.boot.test.mock.mockito.MockitoContextCustomizer@98854dc], contextLoader = 'org.springframework.test.context.support.DelegatingSmartContextLoader', parent = [null]]]
22:37:51.997 [Test worker] DEBUG org.springframework.test.context.cache - Spring test ApplicationContext cache statistics: [DefaultContextCache@476ee5b3 size = 1, maxSize = 32, parentContextCount = 0, hitCount = 26, missCount = 1]
22:37:52.002 [Test worker] DEBUG org.springframework.test.context.support.AbstractDirtiesContextTestExecutionListener - Before test method: context [DefaultTestContext@7829b776 testClass = UserServiceTest, testInstance = org.waldreg.user.management.UserServiceTest@4052c8c2, testMethod = DELETE_USER_OWN_SUCCESS_TEST@UserServiceTest, testException = [null], mergedContextConfiguration = [MergedContextConfiguration@5778826f testClass = UserServiceTest, locations = '{}', classes = '{class org.waldreg.user.management.user.DefaultUserManager, class org.waldreg.user.management.joiningpool.DefaultJoiningPoolManager}', contextInitializerClasses = '[]', activeProfiles = '{}', propertySourceLocations = '{}', propertySourceProperties = '{}', contextCustomizers = set[org.springframework.boot.test.autoconfigure.actuate.metrics.MetricsExportContextCustomizerFactory$DisableMetricExportContextCustomizer@1698fc68, org.springframework.boot.test.autoconfigure.properties.PropertyMappingContextCustomizer@0, org.springframework.boot.test.autoconfigure.web.servlet.WebDriverContextCustomizerFactory$Customizer@58359ebd, org.springframework.boot.test.context.filter.ExcludeFilterContextCustomizer@4ee37ca3, org.springframework.boot.test.json.DuplicateJsonObjectContextCustomizerFactory$DuplicateJsonObjectContextCustomizer@422c3c7a, org.springframework.boot.test.mock.mockito.MockitoContextCustomizer@98854dc], contextLoader = 'org.springframework.test.context.support.DelegatingSmartContextLoader', parent = [null]], attributes = map['org.springframework.test.context.event.ApplicationEventsTestExecutionListener.recordApplicationEvents' -> false]], class annotated with @DirtiesContext [false] with mode [null], method annotated with @DirtiesContext [false] with mode [null].
22:37:52.002 [Test worker] DEBUG org.springframework.test.context.cache.DefaultCacheAwareContextLoaderDelegate - Retrieved ApplicationContext [418513504] from cache with key [[MergedContextConfiguration@5778826f testClass = UserServiceTest, locations = '{}', classes = '{class org.waldreg.user.management.user.DefaultUserManager, class org.waldreg.user.management.joiningpool.DefaultJoiningPoolManager}', contextInitializerClasses = '[]', activeProfiles = '{}', propertySourceLocations = '{}', propertySourceProperties = '{}', contextCustomizers = set[org.springframework.boot.test.autoconfigure.actuate.metrics.MetricsExportContextCustomizerFactory$DisableMetricExportContextCustomizer@1698fc68, org.springframework.boot.test.autoconfigure.properties.PropertyMappingContextCustomizer@0, org.springframework.boot.test.autoconfigure.web.servlet.WebDriverContextCustomizerFactory$Customizer@58359ebd, org.springframework.boot.test.context.filter.ExcludeFilterContextCustomizer@4ee37ca3, org.springframework.boot.test.json.DuplicateJsonObjectContextCustomizerFactory$DuplicateJsonObjectContextCustomizer@422c3c7a, org.springframework.boot.test.mock.mockito.MockitoContextCustomizer@98854dc], contextLoader = 'org.springframework.test.context.support.DelegatingSmartContextLoader', parent = [null]]]
22:37:52.002 [Test worker] DEBUG org.springframework.test.context.cache - Spring test ApplicationContext cache statistics: [DefaultContextCache@476ee5b3 size = 1, maxSize = 32, parentContextCount = 0, hitCount = 27, missCount = 1]
22:37:52.002 [Test worker] DEBUG org.springframework.test.context.cache.DefaultCacheAwareContextLoaderDelegate - Retrieved ApplicationContext [418513504] from cache with key [[MergedContextConfiguration@5778826f testClass = UserServiceTest, locations = '{}', classes = '{class org.waldreg.user.management.user.DefaultUserManager, class org.waldreg.user.management.joiningpool.DefaultJoiningPoolManager}', contextInitializerClasses = '[]', activeProfiles = '{}', propertySourceLocations = '{}', propertySourceProperties = '{}', contextCustomizers = set[org.springframework.boot.test.autoconfigure.actuate.metrics.MetricsExportContextCustomizerFactory$DisableMetricExportContextCustomizer@1698fc68, org.springframework.boot.test.autoconfigure.properties.PropertyMappingContextCustomizer@0, org.springframework.boot.test.autoconfigure.web.servlet.WebDriverContextCustomizerFactory$Customizer@58359ebd, org.springframework.boot.test.context.filter.ExcludeFilterContextCustomizer@4ee37ca3, org.springframework.boot.test.json.DuplicateJsonObjectContextCustomizerFactory$DuplicateJsonObjectContextCustomizer@422c3c7a, org.springframework.boot.test.mock.mockito.MockitoContextCustomizer@98854dc], contextLoader = 'org.springframework.test.context.support.DelegatingSmartContextLoader', parent = [null]]]
22:37:52.002 [Test worker] DEBUG org.springframework.test.context.cache - Spring test ApplicationContext cache statistics: [DefaultContextCache@476ee5b3 size = 1, maxSize = 32, parentContextCount = 0, hitCount = 28, missCount = 1]
22:37:52.005 [Test worker] DEBUG org.springframework.test.context.cache.DefaultCacheAwareContextLoaderDelegate - Retrieved ApplicationContext [418513504] from cache with key [[MergedContextConfiguration@5778826f testClass = UserServiceTest, locations = '{}', classes = '{class org.waldreg.user.management.user.DefaultUserManager, class org.waldreg.user.management.joiningpool.DefaultJoiningPoolManager}', contextInitializerClasses = '[]', activeProfiles = '{}', propertySourceLocations = '{}', propertySourceProperties = '{}', contextCustomizers = set[org.springframework.boot.test.autoconfigure.actuate.metrics.MetricsExportContextCustomizerFactory$DisableMetricExportContextCustomizer@1698fc68, org.springframework.boot.test.autoconfigure.properties.PropertyMappingContextCustomizer@0, org.springframework.boot.test.autoconfigure.web.servlet.WebDriverContextCustomizerFactory$Customizer@58359ebd, org.springframework.boot.test.context.filter.ExcludeFilterContextCustomizer@4ee37ca3, org.springframework.boot.test.json.DuplicateJsonObjectContextCustomizerFactory$DuplicateJsonObjectContextCustomizer@422c3c7a, org.springframework.boot.test.mock.mockito.MockitoContextCustomizer@98854dc], contextLoader = 'org.springframework.test.context.support.DelegatingSmartContextLoader', parent = [null]]]
22:37:52.005 [Test worker] DEBUG org.springframework.test.context.cache - Spring test ApplicationContext cache statistics: [DefaultContextCache@476ee5b3 size = 1, maxSize = 32, parentContextCount = 0, hitCount = 29, missCount = 1]
22:37:52.008 [Test worker] DEBUG org.springframework.test.context.cache.DefaultCacheAwareContextLoaderDelegate - Retrieved ApplicationContext [418513504] from cache with key [[MergedContextConfiguration@5778826f testClass = UserServiceTest, locations = '{}', classes = '{class org.waldreg.user.management.user.DefaultUserManager, class org.waldreg.user.management.joiningpool.DefaultJoiningPoolManager}', contextInitializerClasses = '[]', activeProfiles = '{}', propertySourceLocations = '{}', propertySourceProperties = '{}', contextCustomizers = set[org.springframework.boot.test.autoconfigure.actuate.metrics.MetricsExportContextCustomizerFactory$DisableMetricExportContextCustomizer@1698fc68, org.springframework.boot.test.autoconfigure.properties.PropertyMappingContextCustomizer@0, org.springframework.boot.test.autoconfigure.web.servlet.WebDriverContextCustomizerFactory$Customizer@58359ebd, org.springframework.boot.test.context.filter.ExcludeFilterContextCustomizer@4ee37ca3, org.springframework.boot.test.json.DuplicateJsonObjectContextCustomizerFactory$DuplicateJsonObjectContextCustomizer@422c3c7a, org.springframework.boot.test.mock.mockito.MockitoContextCustomizer@98854dc], contextLoader = 'org.springframework.test.context.support.DelegatingSmartContextLoader', parent = [null]]]
22:37:52.008 [Test worker] DEBUG org.springframework.test.context.cache - Spring test ApplicationContext cache statistics: [DefaultContextCache@476ee5b3 size = 1, maxSize = 32, parentContextCount = 0, hitCount = 30, missCount = 1]
22:37:52.008 [Test worker] DEBUG org.springframework.test.context.cache.DefaultCacheAwareContextLoaderDelegate - Retrieved ApplicationContext [418513504] from cache with key [[MergedContextConfiguration@5778826f testClass = UserServiceTest, locations = '{}', classes = '{class org.waldreg.user.management.user.DefaultUserManager, class org.waldreg.user.management.joiningpool.DefaultJoiningPoolManager}', contextInitializerClasses = '[]', activeProfiles = '{}', propertySourceLocations = '{}', propertySourceProperties = '{}', contextCustomizers = set[org.springframework.boot.test.autoconfigure.actuate.metrics.MetricsExportContextCustomizerFactory$DisableMetricExportContextCustomizer@1698fc68, org.springframework.boot.test.autoconfigure.properties.PropertyMappingContextCustomizer@0, org.springframework.boot.test.autoconfigure.web.servlet.WebDriverContextCustomizerFactory$Customizer@58359ebd, org.springframework.boot.test.context.filter.ExcludeFilterContextCustomizer@4ee37ca3, org.springframework.boot.test.json.DuplicateJsonObjectContextCustomizerFactory$DuplicateJsonObjectContextCustomizer@422c3c7a, org.springframework.boot.test.mock.mockito.MockitoContextCustomizer@98854dc], contextLoader = 'org.springframework.test.context.support.DelegatingSmartContextLoader', parent = [null]]]
22:37:52.008 [Test worker] DEBUG org.springframework.test.context.cache - Spring test ApplicationContext cache statistics: [DefaultContextCache@476ee5b3 size = 1, maxSize = 32, parentContextCount = 0, hitCount = 31, missCount = 1]
22:37:52.014 [Test worker] DEBUG org.springframework.test.context.cache.DefaultCacheAwareContextLoaderDelegate - Retrieved ApplicationContext [418513504] from cache with key [[MergedContextConfiguration@5778826f testClass = UserServiceTest, locations = '{}', classes = '{class org.waldreg.user.management.user.DefaultUserManager, class org.waldreg.user.management.joiningpool.DefaultJoiningPoolManager}', contextInitializerClasses = '[]', activeProfiles = '{}', propertySourceLocations = '{}', propertySourceProperties = '{}', contextCustomizers = set[org.springframework.boot.test.autoconfigure.actuate.metrics.MetricsExportContextCustomizerFactory$DisableMetricExportContextCustomizer@1698fc68, org.springframework.boot.test.autoconfigure.properties.PropertyMappingContextCustomizer@0, org.springframework.boot.test.autoconfigure.web.servlet.WebDriverContextCustomizerFactory$Customizer@58359ebd, org.springframework.boot.test.context.filter.ExcludeFilterContextCustomizer@4ee37ca3, org.springframework.boot.test.json.DuplicateJsonObjectContextCustomizerFactory$DuplicateJsonObjectContextCustomizer@422c3c7a, org.springframework.boot.test.mock.mockito.MockitoContextCustomizer@98854dc], contextLoader = 'org.springframework.test.context.support.DelegatingSmartContextLoader', parent = [null]]]
22:37:52.014 [Test worker] DEBUG org.springframework.test.context.cache - Spring test ApplicationContext cache statistics: [DefaultContextCache@476ee5b3 size = 1, maxSize = 32, parentContextCount = 0, hitCount = 32, missCount = 1]
22:37:52.014 [Test worker] DEBUG org.springframework.test.context.cache.DefaultCacheAwareContextLoaderDelegate - Retrieved ApplicationContext [418513504] from cache with key [[MergedContextConfiguration@5778826f testClass = UserServiceTest, locations = '{}', classes = '{class org.waldreg.user.management.user.DefaultUserManager, class org.waldreg.user.management.joiningpool.DefaultJoiningPoolManager}', contextInitializerClasses = '[]', activeProfiles = '{}', propertySourceLocations = '{}', propertySourceProperties = '{}', contextCustomizers = set[org.springframework.boot.test.autoconfigure.actuate.metrics.MetricsExportContextCustomizerFactory$DisableMetricExportContextCustomizer@1698fc68, org.springframework.boot.test.autoconfigure.properties.PropertyMappingContextCustomizer@0, org.springframework.boot.test.autoconfigure.web.servlet.WebDriverContextCustomizerFactory$Customizer@58359ebd, org.springframework.boot.test.context.filter.ExcludeFilterContextCustomizer@4ee37ca3, org.springframework.boot.test.json.DuplicateJsonObjectContextCustomizerFactory$DuplicateJsonObjectContextCustomizer@422c3c7a, org.springframework.boot.test.mock.mockito.MockitoContextCustomizer@98854dc], contextLoader = 'org.springframework.test.context.support.DelegatingSmartContextLoader', parent = [null]]]
22:37:52.014 [Test worker] DEBUG org.springframework.test.context.cache - Spring test ApplicationContext cache statistics: [DefaultContextCache@476ee5b3 size = 1, maxSize = 32, parentContextCount = 0, hitCount = 33, missCount = 1]
22:37:52.014 [Test worker] DEBUG org.springframework.test.context.cache.DefaultCacheAwareContextLoaderDelegate - Retrieved ApplicationContext [418513504] from cache with key [[MergedContextConfiguration@5778826f testClass = UserServiceTest, locations = '{}', classes = '{class org.waldreg.user.management.user.DefaultUserManager, class org.waldreg.user.management.joiningpool.DefaultJoiningPoolManager}', contextInitializerClasses = '[]', activeProfiles = '{}', propertySourceLocations = '{}', propertySourceProperties = '{}', contextCustomizers = set[org.springframework.boot.test.autoconfigure.actuate.metrics.MetricsExportContextCustomizerFactory$DisableMetricExportContextCustomizer@1698fc68, org.springframework.boot.test.autoconfigure.properties.PropertyMappingContextCustomizer@0, org.springframework.boot.test.autoconfigure.web.servlet.WebDriverContextCustomizerFactory$Customizer@58359ebd, org.springframework.boot.test.context.filter.ExcludeFilterContextCustomizer@4ee37ca3, org.springframework.boot.test.json.DuplicateJsonObjectContextCustomizerFactory$DuplicateJsonObjectContextCustomizer@422c3c7a, org.springframework.boot.test.mock.mockito.MockitoContextCustomizer@98854dc], contextLoader = 'org.springframework.test.context.support.DelegatingSmartContextLoader', parent = [null]]]
22:37:52.014 [Test worker] DEBUG org.springframework.test.context.cache - Spring test ApplicationContext cache statistics: [DefaultContextCache@476ee5b3 size = 1, maxSize = 32, parentContextCount = 0, hitCount = 34, missCount = 1]
22:37:52.014 [Test worker] DEBUG org.springframework.test.context.cache.DefaultCacheAwareContextLoaderDelegate - Retrieved ApplicationContext [418513504] from cache with key [[MergedContextConfiguration@5778826f testClass = UserServiceTest, locations = '{}', classes = '{class org.waldreg.user.management.user.DefaultUserManager, class org.waldreg.user.management.joiningpool.DefaultJoiningPoolManager}', contextInitializerClasses = '[]', activeProfiles = '{}', propertySourceLocations = '{}', propertySourceProperties = '{}', contextCustomizers = set[org.springframework.boot.test.autoconfigure.actuate.metrics.MetricsExportContextCustomizerFactory$DisableMetricExportContextCustomizer@1698fc68, org.springframework.boot.test.autoconfigure.properties.PropertyMappingContextCustomizer@0, org.springframework.boot.test.autoconfigure.web.servlet.WebDriverContextCustomizerFactory$Customizer@58359ebd, org.springframework.boot.test.context.filter.ExcludeFilterContextCustomizer@4ee37ca3, org.springframework.boot.test.json.DuplicateJsonObjectContextCustomizerFactory$DuplicateJsonObjectContextCustomizer@422c3c7a, org.springframework.boot.test.mock.mockito.MockitoContextCustomizer@98854dc], contextLoader = 'org.springframework.test.context.support.DelegatingSmartContextLoader', parent = [null]]]
22:37:52.014 [Test worker] DEBUG org.springframework.test.context.cache - Spring test ApplicationContext cache statistics: [DefaultContextCache@476ee5b3 size = 1, maxSize = 32, parentContextCount = 0, hitCount = 35, missCount = 1]
22:37:52.014 [Test worker] DEBUG org.springframework.test.context.support.AbstractDirtiesContextTestExecutionListener - After test method: context [DefaultTestContext@7829b776 testClass = UserServiceTest, testInstance = org.waldreg.user.management.UserServiceTest@4052c8c2, testMethod = DELETE_USER_OWN_SUCCESS_TEST@UserServiceTest, testException = [null], mergedContextConfiguration = [MergedContextConfiguration@5778826f testClass = UserServiceTest, locations = '{}', classes = '{class org.waldreg.user.management.user.DefaultUserManager, class org.waldreg.user.management.joiningpool.DefaultJoiningPoolManager}', contextInitializerClasses = '[]', activeProfiles = '{}', propertySourceLocations = '{}', propertySourceProperties = '{}', contextCustomizers = set[org.springframework.boot.test.autoconfigure.actuate.metrics.MetricsExportContextCustomizerFactory$DisableMetricExportContextCustomizer@1698fc68, org.springframework.boot.test.autoconfigure.properties.PropertyMappingContextCustomizer@0, org.springframework.boot.test.autoconfigure.web.servlet.WebDriverContextCustomizerFactory$Customizer@58359ebd, org.springframework.boot.test.context.filter.ExcludeFilterContextCustomizer@4ee37ca3, org.springframework.boot.test.json.DuplicateJsonObjectContextCustomizerFactory$DuplicateJsonObjectContextCustomizer@422c3c7a, org.springframework.boot.test.mock.mockito.MockitoContextCustomizer@98854dc], contextLoader = 'org.springframework.test.context.support.DelegatingSmartContextLoader', parent = [null]], attributes = map['org.springframework.test.context.event.ApplicationEventsTestExecutionListener.recordApplicationEvents' -> false]], class annotated with @DirtiesContext [false] with mode [null], method annotated with @DirtiesContext [false] with mode [null].
22:37:52.017 [Test worker] DEBUG org.springframework.test.context.cache.DefaultCacheAwareContextLoaderDelegate - Retrieved ApplicationContext [418513504] from cache with key [[MergedContextConfiguration@5778826f testClass = UserServiceTest, locations = '{}', classes = '{class org.waldreg.user.management.user.DefaultUserManager, class org.waldreg.user.management.joiningpool.DefaultJoiningPoolManager}', contextInitializerClasses = '[]', activeProfiles = '{}', propertySourceLocations = '{}', propertySourceProperties = '{}', contextCustomizers = set[org.springframework.boot.test.autoconfigure.actuate.metrics.MetricsExportContextCustomizerFactory$DisableMetricExportContextCustomizer@1698fc68, org.springframework.boot.test.autoconfigure.properties.PropertyMappingContextCustomizer@0, org.springframework.boot.test.autoconfigure.web.servlet.WebDriverContextCustomizerFactory$Customizer@58359ebd, org.springframework.boot.test.context.filter.ExcludeFilterContextCustomizer@4ee37ca3, org.springframework.boot.test.json.DuplicateJsonObjectContextCustomizerFactory$DuplicateJsonObjectContextCustomizer@422c3c7a, org.springframework.boot.test.mock.mockito.MockitoContextCustomizer@98854dc], contextLoader = 'org.springframework.test.context.support.DelegatingSmartContextLoader', parent = [null]]]
22:37:52.017 [Test worker] DEBUG org.springframework.test.context.cache - Spring test ApplicationContext cache statistics: [DefaultContextCache@476ee5b3 size = 1, maxSize = 32, parentContextCount = 0, hitCount = 36, missCount = 1]
22:37:52.017 [Test worker] DEBUG org.springframework.test.context.support.DependencyInjectionTestExecutionListener - Performing dependency injection for test context [[DefaultTestContext@7829b776 testClass = UserServiceTest, testInstance = org.waldreg.user.management.UserServiceTest@56dfab87, testMethod = [null], testException = [null], mergedContextConfiguration = [MergedContextConfiguration@5778826f testClass = UserServiceTest, locations = '{}', classes = '{class org.waldreg.user.management.user.DefaultUserManager, class org.waldreg.user.management.joiningpool.DefaultJoiningPoolManager}', contextInitializerClasses = '[]', activeProfiles = '{}', propertySourceLocations = '{}', propertySourceProperties = '{}', contextCustomizers = set[org.springframework.boot.test.autoconfigure.actuate.metrics.MetricsExportContextCustomizerFactory$DisableMetricExportContextCustomizer@1698fc68, org.springframework.boot.test.autoconfigure.properties.PropertyMappingContextCustomizer@0, org.springframework.boot.test.autoconfigure.web.servlet.WebDriverContextCustomizerFactory$Customizer@58359ebd, org.springframework.boot.test.context.filter.ExcludeFilterContextCustomizer@4ee37ca3, org.springframework.boot.test.json.DuplicateJsonObjectContextCustomizerFactory$DuplicateJsonObjectContextCustomizer@422c3c7a, org.springframework.boot.test.mock.mockito.MockitoContextCustomizer@98854dc], contextLoader = 'org.springframework.test.context.support.DelegatingSmartContextLoader', parent = [null]], attributes = map['org.springframework.test.context.event.ApplicationEventsTestExecutionListener.recordApplicationEvents' -> false]]].
22:37:52.017 [Test worker] DEBUG org.springframework.test.context.cache.DefaultCacheAwareContextLoaderDelegate - Retrieved ApplicationContext [418513504] from cache with key [[MergedContextConfiguration@5778826f testClass = UserServiceTest, locations = '{}', classes = '{class org.waldreg.user.management.user.DefaultUserManager, class org.waldreg.user.management.joiningpool.DefaultJoiningPoolManager}', contextInitializerClasses = '[]', activeProfiles = '{}', propertySourceLocations = '{}', propertySourceProperties = '{}', contextCustomizers = set[org.springframework.boot.test.autoconfigure.actuate.metrics.MetricsExportContextCustomizerFactory$DisableMetricExportContextCustomizer@1698fc68, org.springframework.boot.test.autoconfigure.properties.PropertyMappingContextCustomizer@0, org.springframework.boot.test.autoconfigure.web.servlet.WebDriverContextCustomizerFactory$Customizer@58359ebd, org.springframework.boot.test.context.filter.ExcludeFilterContextCustomizer@4ee37ca3, org.springframework.boot.test.json.DuplicateJsonObjectContextCustomizerFactory$DuplicateJsonObjectContextCustomizer@422c3c7a, org.springframework.boot.test.mock.mockito.MockitoContextCustomizer@98854dc], contextLoader = 'org.springframework.test.context.support.DelegatingSmartContextLoader', parent = [null]]]
22:37:52.017 [Test worker] DEBUG org.springframework.test.context.cache - Spring test ApplicationContext cache statistics: [DefaultContextCache@476ee5b3 size = 1, maxSize = 32, parentContextCount = 0, hitCount = 37, missCount = 1]
22:37:52.017 [Test worker] DEBUG org.springframework.test.context.cache.DefaultCacheAwareContextLoaderDelegate - Retrieved ApplicationContext [418513504] from cache with key [[MergedContextConfiguration@5778826f testClass = UserServiceTest, locations = '{}', classes = '{class org.waldreg.user.management.user.DefaultUserManager, class org.waldreg.user.management.joiningpool.DefaultJoiningPoolManager}', contextInitializerClasses = '[]', activeProfiles = '{}', propertySourceLocations = '{}', propertySourceProperties = '{}', contextCustomizers = set[org.springframework.boot.test.autoconfigure.actuate.metrics.MetricsExportContextCustomizerFactory$DisableMetricExportContextCustomizer@1698fc68, org.springframework.boot.test.autoconfigure.properties.PropertyMappingContextCustomizer@0, org.springframework.boot.test.autoconfigure.web.servlet.WebDriverContextCustomizerFactory$Customizer@58359ebd, org.springframework.boot.test.context.filter.ExcludeFilterContextCustomizer@4ee37ca3, org.springframework.boot.test.json.DuplicateJsonObjectContextCustomizerFactory$DuplicateJsonObjectContextCustomizer@422c3c7a, org.springframework.boot.test.mock.mockito.MockitoContextCustomizer@98854dc], contextLoader = 'org.springframework.test.context.support.DelegatingSmartContextLoader', parent = [null]]]
22:37:52.017 [Test worker] DEBUG org.springframework.test.context.cache - Spring test ApplicationContext cache statistics: [DefaultContextCache@476ee5b3 size = 1, maxSize = 32, parentContextCount = 0, hitCount = 38, missCount = 1]
22:37:52.017 [Test worker] DEBUG org.springframework.test.context.support.AbstractDirtiesContextTestExecutionListener - Before test method: context [DefaultTestContext@7829b776 testClass = UserServiceTest, testInstance = org.waldreg.user.management.UserServiceTest@56dfab87, testMethod = READ_ALL_USER_FAIL_CAUSE_INVALID_RANGE_TEST@UserServiceTest, testException = [null], mergedContextConfiguration = [MergedContextConfiguration@5778826f testClass = UserServiceTest, locations = '{}', classes = '{class org.waldreg.user.management.user.DefaultUserManager, class org.waldreg.user.management.joiningpool.DefaultJoiningPoolManager}', contextInitializerClasses = '[]', activeProfiles = '{}', propertySourceLocations = '{}', propertySourceProperties = '{}', contextCustomizers = set[org.springframework.boot.test.autoconfigure.actuate.metrics.MetricsExportContextCustomizerFactory$DisableMetricExportContextCustomizer@1698fc68, org.springframework.boot.test.autoconfigure.properties.PropertyMappingContextCustomizer@0, org.springframework.boot.test.autoconfigure.web.servlet.WebDriverContextCustomizerFactory$Customizer@58359ebd, org.springframework.boot.test.context.filter.ExcludeFilterContextCustomizer@4ee37ca3, org.springframework.boot.test.json.DuplicateJsonObjectContextCustomizerFactory$DuplicateJsonObjectContextCustomizer@422c3c7a, org.springframework.boot.test.mock.mockito.MockitoContextCustomizer@98854dc], contextLoader = 'org.springframework.test.context.support.DelegatingSmartContextLoader', parent = [null]], attributes = map['org.springframework.test.context.event.ApplicationEventsTestExecutionListener.recordApplicationEvents' -> false]], class annotated with @DirtiesContext [false] with mode [null], method annotated with @DirtiesContext [false] with mode [null].
22:37:52.017 [Test worker] DEBUG org.springframework.test.context.cache.DefaultCacheAwareContextLoaderDelegate - Retrieved ApplicationContext [418513504] from cache with key [[MergedContextConfiguration@5778826f testClass = UserServiceTest, locations = '{}', classes = '{class org.waldreg.user.management.user.DefaultUserManager, class org.waldreg.user.management.joiningpool.DefaultJoiningPoolManager}', contextInitializerClasses = '[]', activeProfiles = '{}', propertySourceLocations = '{}', propertySourceProperties = '{}', contextCustomizers = set[org.springframework.boot.test.autoconfigure.actuate.metrics.MetricsExportContextCustomizerFactory$DisableMetricExportContextCustomizer@1698fc68, org.springframework.boot.test.autoconfigure.properties.PropertyMappingContextCustomizer@0, org.springframework.boot.test.autoconfigure.web.servlet.WebDriverContextCustomizerFactory$Customizer@58359ebd, org.springframework.boot.test.context.filter.ExcludeFilterContextCustomizer@4ee37ca3, org.springframework.boot.test.json.DuplicateJsonObjectContextCustomizerFactory$DuplicateJsonObjectContextCustomizer@422c3c7a, org.springframework.boot.test.mock.mockito.MockitoContextCustomizer@98854dc], contextLoader = 'org.springframework.test.context.support.DelegatingSmartContextLoader', parent = [null]]]
22:37:52.017 [Test worker] DEBUG org.springframework.test.context.cache - Spring test ApplicationContext cache statistics: [DefaultContextCache@476ee5b3 size = 1, maxSize = 32, parentContextCount = 0, hitCount = 39, missCount = 1]
22:37:52.022 [Test worker] DEBUG org.springframework.test.context.cache.DefaultCacheAwareContextLoaderDelegate - Retrieved ApplicationContext [418513504] from cache with key [[MergedContextConfiguration@5778826f testClass = UserServiceTest, locations = '{}', classes = '{class org.waldreg.user.management.user.DefaultUserManager, class org.waldreg.user.management.joiningpool.DefaultJoiningPoolManager}', contextInitializerClasses = '[]', activeProfiles = '{}', propertySourceLocations = '{}', propertySourceProperties = '{}', contextCustomizers = set[org.springframework.boot.test.autoconfigure.actuate.metrics.MetricsExportContextCustomizerFactory$DisableMetricExportContextCustomizer@1698fc68, org.springframework.boot.test.autoconfigure.properties.PropertyMappingContextCustomizer@0, org.springframework.boot.test.autoconfigure.web.servlet.WebDriverContextCustomizerFactory$Customizer@58359ebd, org.springframework.boot.test.context.filter.ExcludeFilterContextCustomizer@4ee37ca3, org.springframework.boot.test.json.DuplicateJsonObjectContextCustomizerFactory$DuplicateJsonObjectContextCustomizer@422c3c7a, org.springframework.boot.test.mock.mockito.MockitoContextCustomizer@98854dc], contextLoader = 'org.springframework.test.context.support.DelegatingSmartContextLoader', parent = [null]]]
22:37:52.022 [Test worker] DEBUG org.springframework.test.context.cache - Spring test ApplicationContext cache statistics: [DefaultContextCache@476ee5b3 size = 1, maxSize = 32, parentContextCount = 0, hitCount = 40, missCount = 1]
22:37:52.022 [Test worker] DEBUG org.springframework.test.context.cache.DefaultCacheAwareContextLoaderDelegate - Retrieved ApplicationContext [418513504] from cache with key [[MergedContextConfiguration@5778826f testClass = UserServiceTest, locations = '{}', classes = '{class org.waldreg.user.management.user.DefaultUserManager, class org.waldreg.user.management.joiningpool.DefaultJoiningPoolManager}', contextInitializerClasses = '[]', activeProfiles = '{}', propertySourceLocations = '{}', propertySourceProperties = '{}', contextCustomizers = set[org.springframework.boot.test.autoconfigure.actuate.metrics.MetricsExportContextCustomizerFactory$DisableMetricExportContextCustomizer@1698fc68, org.springframework.boot.test.autoconfigure.properties.PropertyMappingContextCustomizer@0, org.springframework.boot.test.autoconfigure.web.servlet.WebDriverContextCustomizerFactory$Customizer@58359ebd, org.springframework.boot.test.context.filter.ExcludeFilterContextCustomizer@4ee37ca3, org.springframework.boot.test.json.DuplicateJsonObjectContextCustomizerFactory$DuplicateJsonObjectContextCustomizer@422c3c7a, org.springframework.boot.test.mock.mockito.MockitoContextCustomizer@98854dc], contextLoader = 'org.springframework.test.context.support.DelegatingSmartContextLoader', parent = [null]]]
22:37:52.022 [Test worker] DEBUG org.springframework.test.context.cache - Spring test ApplicationContext cache statistics: [DefaultContextCache@476ee5b3 size = 1, maxSize = 32, parentContextCount = 0, hitCount = 41, missCount = 1]
22:37:52.031 [Test worker] DEBUG org.springframework.test.context.cache.DefaultCacheAwareContextLoaderDelegate - Retrieved ApplicationContext [418513504] from cache with key [[MergedContextConfiguration@5778826f testClass = UserServiceTest, locations = '{}', classes = '{class org.waldreg.user.management.user.DefaultUserManager, class org.waldreg.user.management.joiningpool.DefaultJoiningPoolManager}', contextInitializerClasses = '[]', activeProfiles = '{}', propertySourceLocations = '{}', propertySourceProperties = '{}', contextCustomizers = set[org.springframework.boot.test.autoconfigure.actuate.metrics.MetricsExportContextCustomizerFactory$DisableMetricExportContextCustomizer@1698fc68, org.springframework.boot.test.autoconfigure.properties.PropertyMappingContextCustomizer@0, org.springframework.boot.test.autoconfigure.web.servlet.WebDriverContextCustomizerFactory$Customizer@58359ebd, org.springframework.boot.test.context.filter.ExcludeFilterContextCustomizer@4ee37ca3, org.springframework.boot.test.json.DuplicateJsonObjectContextCustomizerFactory$DuplicateJsonObjectContextCustomizer@422c3c7a, org.springframework.boot.test.mock.mockito.MockitoContextCustomizer@98854dc], contextLoader = 'org.springframework.test.context.support.DelegatingSmartContextLoader', parent = [null]]]
22:37:52.031 [Test worker] DEBUG org.springframework.test.context.cache - Spring test ApplicationContext cache statistics: [DefaultContextCache@476ee5b3 size = 1, maxSize = 32, parentContextCount = 0, hitCount = 42, missCount = 1]
22:37:52.031 [Test worker] DEBUG org.springframework.test.context.cache.DefaultCacheAwareContextLoaderDelegate - Retrieved ApplicationContext [418513504] from cache with key [[MergedContextConfiguration@5778826f testClass = UserServiceTest, locations = '{}', classes = '{class org.waldreg.user.management.user.DefaultUserManager, class org.waldreg.user.management.joiningpool.DefaultJoiningPoolManager}', contextInitializerClasses = '[]', activeProfiles = '{}', propertySourceLocations = '{}', propertySourceProperties = '{}', contextCustomizers = set[org.springframework.boot.test.autoconfigure.actuate.metrics.MetricsExportContextCustomizerFactory$DisableMetricExportContextCustomizer@1698fc68, org.springframework.boot.test.autoconfigure.properties.PropertyMappingContextCustomizer@0, org.springframework.boot.test.autoconfigure.web.servlet.WebDriverContextCustomizerFactory$Customizer@58359ebd, org.springframework.boot.test.context.filter.ExcludeFilterContextCustomizer@4ee37ca3, org.springframework.boot.test.json.DuplicateJsonObjectContextCustomizerFactory$DuplicateJsonObjectContextCustomizer@422c3c7a, org.springframework.boot.test.mock.mockito.MockitoContextCustomizer@98854dc], contextLoader = 'org.springframework.test.context.support.DelegatingSmartContextLoader', parent = [null]]]
22:37:52.031 [Test worker] DEBUG org.springframework.test.context.cache - Spring test ApplicationContext cache statistics: [DefaultContextCache@476ee5b3 size = 1, maxSize = 32, parentContextCount = 0, hitCount = 43, missCount = 1]
22:37:52.031 [Test worker] DEBUG org.springframework.test.context.cache.DefaultCacheAwareContextLoaderDelegate - Retrieved ApplicationContext [418513504] from cache with key [[MergedContextConfiguration@5778826f testClass = UserServiceTest, locations = '{}', classes = '{class org.waldreg.user.management.user.DefaultUserManager, class org.waldreg.user.management.joiningpool.DefaultJoiningPoolManager}', contextInitializerClasses = '[]', activeProfiles = '{}', propertySourceLocations = '{}', propertySourceProperties = '{}', contextCustomizers = set[org.springframework.boot.test.autoconfigure.actuate.metrics.MetricsExportContextCustomizerFactory$DisableMetricExportContextCustomizer@1698fc68, org.springframework.boot.test.autoconfigure.properties.PropertyMappingContextCustomizer@0, org.springframework.boot.test.autoconfigure.web.servlet.WebDriverContextCustomizerFactory$Customizer@58359ebd, org.springframework.boot.test.context.filter.ExcludeFilterContextCustomizer@4ee37ca3, org.springframework.boot.test.json.DuplicateJsonObjectContextCustomizerFactory$DuplicateJsonObjectContextCustomizer@422c3c7a, org.springframework.boot.test.mock.mockito.MockitoContextCustomizer@98854dc], contextLoader = 'org.springframework.test.context.support.DelegatingSmartContextLoader', parent = [null]]]
22:37:52.031 [Test worker] DEBUG org.springframework.test.context.cache - Spring test ApplicationContext cache statistics: [DefaultContextCache@476ee5b3 size = 1, maxSize = 32, parentContextCount = 0, hitCount = 44, missCount = 1]
22:37:52.031 [Test worker] DEBUG org.springframework.test.context.cache.DefaultCacheAwareContextLoaderDelegate - Retrieved ApplicationContext [418513504] from cache with key [[MergedContextConfiguration@5778826f testClass = UserServiceTest, locations = '{}', classes = '{class org.waldreg.user.management.user.DefaultUserManager, class org.waldreg.user.management.joiningpool.DefaultJoiningPoolManager}', contextInitializerClasses = '[]', activeProfiles = '{}', propertySourceLocations = '{}', propertySourceProperties = '{}', contextCustomizers = set[org.springframework.boot.test.autoconfigure.actuate.metrics.MetricsExportContextCustomizerFactory$DisableMetricExportContextCustomizer@1698fc68, org.springframework.boot.test.autoconfigure.properties.PropertyMappingContextCustomizer@0, org.springframework.boot.test.autoconfigure.web.servlet.WebDriverContextCustomizerFactory$Customizer@58359ebd, org.springframework.boot.test.context.filter.ExcludeFilterContextCustomizer@4ee37ca3, org.springframework.boot.test.json.DuplicateJsonObjectContextCustomizerFactory$DuplicateJsonObjectContextCustomizer@422c3c7a, org.springframework.boot.test.mock.mockito.MockitoContextCustomizer@98854dc], contextLoader = 'org.springframework.test.context.support.DelegatingSmartContextLoader', parent = [null]]]
22:37:52.031 [Test worker] DEBUG org.springframework.test.context.cache - Spring test ApplicationContext cache statistics: [DefaultContextCache@476ee5b3 size = 1, maxSize = 32, parentContextCount = 0, hitCount = 45, missCount = 1]
22:37:52.031 [Test worker] DEBUG org.springframework.test.context.cache.DefaultCacheAwareContextLoaderDelegate - Retrieved ApplicationContext [418513504] from cache with key [[MergedContextConfiguration@5778826f testClass = UserServiceTest, locations = '{}', classes = '{class org.waldreg.user.management.user.DefaultUserManager, class org.waldreg.user.management.joiningpool.DefaultJoiningPoolManager}', contextInitializerClasses = '[]', activeProfiles = '{}', propertySourceLocations = '{}', propertySourceProperties = '{}', contextCustomizers = set[org.springframework.boot.test.autoconfigure.actuate.metrics.MetricsExportContextCustomizerFactory$DisableMetricExportContextCustomizer@1698fc68, org.springframework.boot.test.autoconfigure.properties.PropertyMappingContextCustomizer@0, org.springframework.boot.test.autoconfigure.web.servlet.WebDriverContextCustomizerFactory$Customizer@58359ebd, org.springframework.boot.test.context.filter.ExcludeFilterContextCustomizer@4ee37ca3, org.springframework.boot.test.json.DuplicateJsonObjectContextCustomizerFactory$DuplicateJsonObjectContextCustomizer@422c3c7a, org.springframework.boot.test.mock.mockito.MockitoContextCustomizer@98854dc], contextLoader = 'org.springframework.test.context.support.DelegatingSmartContextLoader', parent = [null]]]
22:37:52.031 [Test worker] DEBUG org.springframework.test.context.cache - Spring test ApplicationContext cache statistics: [DefaultContextCache@476ee5b3 size = 1, maxSize = 32, parentContextCount = 0, hitCount = 46, missCount = 1]
22:37:52.038 [Test worker] DEBUG org.springframework.test.context.cache.DefaultCacheAwareContextLoaderDelegate - Retrieved ApplicationContext [418513504] from cache with key [[MergedContextConfiguration@5778826f testClass = UserServiceTest, locations = '{}', classes = '{class org.waldreg.user.management.user.DefaultUserManager, class org.waldreg.user.management.joiningpool.DefaultJoiningPoolManager}', contextInitializerClasses = '[]', activeProfiles = '{}', propertySourceLocations = '{}', propertySourceProperties = '{}', contextCustomizers = set[org.springframework.boot.test.autoconfigure.actuate.metrics.MetricsExportContextCustomizerFactory$DisableMetricExportContextCustomizer@1698fc68, org.springframework.boot.test.autoconfigure.properties.PropertyMappingContextCustomizer@0, org.springframework.boot.test.autoconfigure.web.servlet.WebDriverContextCustomizerFactory$Customizer@58359ebd, org.springframework.boot.test.context.filter.ExcludeFilterContextCustomizer@4ee37ca3, org.springframework.boot.test.json.DuplicateJsonObjectContextCustomizerFactory$DuplicateJsonObjectContextCustomizer@422c3c7a, org.springframework.boot.test.mock.mockito.MockitoContextCustomizer@98854dc], contextLoader = 'org.springframework.test.context.support.DelegatingSmartContextLoader', parent = [null]]]
22:37:52.038 [Test worker] DEBUG org.springframework.test.context.cache - Spring test ApplicationContext cache statistics: [DefaultContextCache@476ee5b3 size = 1, maxSize = 32, parentContextCount = 0, hitCount = 47, missCount = 1]
22:37:52.039 [Test worker] DEBUG org.springframework.test.context.support.AbstractDirtiesContextTestExecutionListener - After test method: context [DefaultTestContext@7829b776 testClass = UserServiceTest, testInstance = org.waldreg.user.management.UserServiceTest@56dfab87, testMethod = READ_ALL_USER_FAIL_CAUSE_INVALID_RANGE_TEST@UserServiceTest, testException = [null], mergedContextConfiguration = [MergedContextConfiguration@5778826f testClass = UserServiceTest, locations = '{}', classes = '{class org.waldreg.user.management.user.DefaultUserManager, class org.waldreg.user.management.joiningpool.DefaultJoiningPoolManager}', contextInitializerClasses = '[]', activeProfiles = '{}', propertySourceLocations = '{}', propertySourceProperties = '{}', contextCustomizers = set[org.springframework.boot.test.autoconfigure.actuate.metrics.MetricsExportContextCustomizerFactory$DisableMetricExportContextCustomizer@1698fc68, org.springframework.boot.test.autoconfigure.properties.PropertyMappingContextCustomizer@0, org.springframework.boot.test.autoconfigure.web.servlet.WebDriverContextCustomizerFactory$Customizer@58359ebd, org.springframework.boot.test.context.filter.ExcludeFilterContextCustomizer@4ee37ca3, org.springframework.boot.test.json.DuplicateJsonObjectContextCustomizerFactory$DuplicateJsonObjectContextCustomizer@422c3c7a, org.springframework.boot.test.mock.mockito.MockitoContextCustomizer@98854dc], contextLoader = 'org.springframework.test.context.support.DelegatingSmartContextLoader', parent = [null]], attributes = map['org.springframework.test.context.event.ApplicationEventsTestExecutionListener.recordApplicationEvents' -> false]], class annotated with @DirtiesContext [false] with mode [null], method annotated with @DirtiesContext [false] with mode [null].
22:37:52.039 [Test worker] DEBUG org.springframework.test.context.cache.DefaultCacheAwareContextLoaderDelegate - Retrieved ApplicationContext [418513504] from cache with key [[MergedContextConfiguration@5778826f testClass = UserServiceTest, locations = '{}', classes = '{class org.waldreg.user.management.user.DefaultUserManager, class org.waldreg.user.management.joiningpool.DefaultJoiningPoolManager}', contextInitializerClasses = '[]', activeProfiles = '{}', propertySourceLocations = '{}', propertySourceProperties = '{}', contextCustomizers = set[org.springframework.boot.test.autoconfigure.actuate.metrics.MetricsExportContextCustomizerFactory$DisableMetricExportContextCustomizer@1698fc68, org.springframework.boot.test.autoconfigure.properties.PropertyMappingContextCustomizer@0, org.springframework.boot.test.autoconfigure.web.servlet.WebDriverContextCustomizerFactory$Customizer@58359ebd, org.springframework.boot.test.context.filter.ExcludeFilterContextCustomizer@4ee37ca3, org.springframework.boot.test.json.DuplicateJsonObjectContextCustomizerFactory$DuplicateJsonObjectContextCustomizer@422c3c7a, org.springframework.boot.test.mock.mockito.MockitoContextCustomizer@98854dc], contextLoader = 'org.springframework.test.context.support.DelegatingSmartContextLoader', parent = [null]]]
22:37:52.039 [Test worker] DEBUG org.springframework.test.context.cache - Spring test ApplicationContext cache statistics: [DefaultContextCache@476ee5b3 size = 1, maxSize = 32, parentContextCount = 0, hitCount = 48, missCount = 1]
22:37:52.039 [Test worker] DEBUG org.springframework.test.context.support.DependencyInjectionTestExecutionListener - Performing dependency injection for test context [[DefaultTestContext@7829b776 testClass = UserServiceTest, testInstance = org.waldreg.user.management.UserServiceTest@333c8791, testMethod = [null], testException = [null], mergedContextConfiguration = [MergedContextConfiguration@5778826f testClass = UserServiceTest, locations = '{}', classes = '{class org.waldreg.user.management.user.DefaultUserManager, class org.waldreg.user.management.joiningpool.DefaultJoiningPoolManager}', contextInitializerClasses = '[]', activeProfiles = '{}', propertySourceLocations = '{}', propertySourceProperties = '{}', contextCustomizers = set[org.springframework.boot.test.autoconfigure.actuate.metrics.MetricsExportContextCustomizerFactory$DisableMetricExportContextCustomizer@1698fc68, org.springframework.boot.test.autoconfigure.properties.PropertyMappingContextCustomizer@0, org.springframework.boot.test.autoconfigure.web.servlet.WebDriverContextCustomizerFactory$Customizer@58359ebd, org.springframework.boot.test.context.filter.ExcludeFilterContextCustomizer@4ee37ca3, org.springframework.boot.test.json.DuplicateJsonObjectContextCustomizerFactory$DuplicateJsonObjectContextCustomizer@422c3c7a, org.springframework.boot.test.mock.mockito.MockitoContextCustomizer@98854dc], contextLoader = 'org.springframework.test.context.support.DelegatingSmartContextLoader', parent = [null]], attributes = map['org.springframework.test.context.event.ApplicationEventsTestExecutionListener.recordApplicationEvents' -> false]]].
22:37:52.039 [Test worker] DEBUG org.springframework.test.context.cache.DefaultCacheAwareContextLoaderDelegate - Retrieved ApplicationContext [418513504] from cache with key [[MergedContextConfiguration@5778826f testClass = UserServiceTest, locations = '{}', classes = '{class org.waldreg.user.management.user.DefaultUserManager, class org.waldreg.user.management.joiningpool.DefaultJoiningPoolManager}', contextInitializerClasses = '[]', activeProfiles = '{}', propertySourceLocations = '{}', propertySourceProperties = '{}', contextCustomizers = set[org.springframework.boot.test.autoconfigure.actuate.metrics.MetricsExportContextCustomizerFactory$DisableMetricExportContextCustomizer@1698fc68, org.springframework.boot.test.autoconfigure.properties.PropertyMappingContextCustomizer@0, org.springframework.boot.test.autoconfigure.web.servlet.WebDriverContextCustomizerFactory$Customizer@58359ebd, org.springframework.boot.test.context.filter.ExcludeFilterContextCustomizer@4ee37ca3, org.springframework.boot.test.json.DuplicateJsonObjectContextCustomizerFactory$DuplicateJsonObjectContextCustomizer@422c3c7a, org.springframework.boot.test.mock.mockito.MockitoContextCustomizer@98854dc], contextLoader = 'org.springframework.test.context.support.DelegatingSmartContextLoader', parent = [null]]]
22:37:52.039 [Test worker] DEBUG org.springframework.test.context.cache - Spring test ApplicationContext cache statistics: [DefaultContextCache@476ee5b3 size = 1, maxSize = 32, parentContextCount = 0, hitCount = 49, missCount = 1]
22:37:52.039 [Test worker] DEBUG org.springframework.test.context.cache.DefaultCacheAwareContextLoaderDelegate - Retrieved ApplicationContext [418513504] from cache with key [[MergedContextConfiguration@5778826f testClass = UserServiceTest, locations = '{}', classes = '{class org.waldreg.user.management.user.DefaultUserManager, class org.waldreg.user.management.joiningpool.DefaultJoiningPoolManager}', contextInitializerClasses = '[]', activeProfiles = '{}', propertySourceLocations = '{}', propertySourceProperties = '{}', contextCustomizers = set[org.springframework.boot.test.autoconfigure.actuate.metrics.MetricsExportContextCustomizerFactory$DisableMetricExportContextCustomizer@1698fc68, org.springframework.boot.test.autoconfigure.properties.PropertyMappingContextCustomizer@0, org.springframework.boot.test.autoconfigure.web.servlet.WebDriverContextCustomizerFactory$Customizer@58359ebd, org.springframework.boot.test.context.filter.ExcludeFilterContextCustomizer@4ee37ca3, org.springframework.boot.test.json.DuplicateJsonObjectContextCustomizerFactory$DuplicateJsonObjectContextCustomizer@422c3c7a, org.springframework.boot.test.mock.mockito.MockitoContextCustomizer@98854dc], contextLoader = 'org.springframework.test.context.support.DelegatingSmartContextLoader', parent = [null]]]
22:37:52.039 [Test worker] DEBUG org.springframework.test.context.cache - Spring test ApplicationContext cache statistics: [DefaultContextCache@476ee5b3 size = 1, maxSize = 32, parentContextCount = 0, hitCount = 50, missCount = 1]
22:37:52.039 [Test worker] DEBUG org.springframework.test.context.support.AbstractDirtiesContextTestExecutionListener - Before test method: context [DefaultTestContext@7829b776 testClass = UserServiceTest, testInstance = org.waldreg.user.management.UserServiceTest@333c8791, testMethod = CREATE_USER_FAIL_CAUSE_DUPLICATED_USER_ID_TEST@UserServiceTest, testException = [null], mergedContextConfiguration = [MergedContextConfiguration@5778826f testClass = UserServiceTest, locations = '{}', classes = '{class org.waldreg.user.management.user.DefaultUserManager, class org.waldreg.user.management.joiningpool.DefaultJoiningPoolManager}', contextInitializerClasses = '[]', activeProfiles = '{}', propertySourceLocations = '{}', propertySourceProperties = '{}', contextCustomizers = set[org.springframework.boot.test.autoconfigure.actuate.metrics.MetricsExportContextCustomizerFactory$DisableMetricExportContextCustomizer@1698fc68, org.springframework.boot.test.autoconfigure.properties.PropertyMappingContextCustomizer@0, org.springframework.boot.test.autoconfigure.web.servlet.WebDriverContextCustomizerFactory$Customizer@58359ebd, org.springframework.boot.test.context.filter.ExcludeFilterContextCustomizer@4ee37ca3, org.springframework.boot.test.json.DuplicateJsonObjectContextCustomizerFactory$DuplicateJsonObjectContextCustomizer@422c3c7a, org.springframework.boot.test.mock.mockito.MockitoContextCustomizer@98854dc], contextLoader = 'org.springframework.test.context.support.DelegatingSmartContextLoader', parent = [null]], attributes = map['org.springframework.test.context.event.ApplicationEventsTestExecutionListener.recordApplicationEvents' -> false]], class annotated with @DirtiesContext [false] with mode [null], method annotated with @DirtiesContext [false] with mode [null].
22:37:52.039 [Test worker] DEBUG org.springframework.test.context.cache.DefaultCacheAwareContextLoaderDelegate - Retrieved ApplicationContext [418513504] from cache with key [[MergedContextConfiguration@5778826f testClass = UserServiceTest, locations = '{}', classes = '{class org.waldreg.user.management.user.DefaultUserManager, class org.waldreg.user.management.joiningpool.DefaultJoiningPoolManager}', contextInitializerClasses = '[]', activeProfiles = '{}', propertySourceLocations = '{}', propertySourceProperties = '{}', contextCustomizers = set[org.springframework.boot.test.autoconfigure.actuate.metrics.MetricsExportContextCustomizerFactory$DisableMetricExportContextCustomizer@1698fc68, org.springframework.boot.test.autoconfigure.properties.PropertyMappingContextCustomizer@0, org.springframework.boot.test.autoconfigure.web.servlet.WebDriverContextCustomizerFactory$Customizer@58359ebd, org.springframework.boot.test.context.filter.ExcludeFilterContextCustomizer@4ee37ca3, org.springframework.boot.test.json.DuplicateJsonObjectContextCustomizerFactory$DuplicateJsonObjectContextCustomizer@422c3c7a, org.springframework.boot.test.mock.mockito.MockitoContextCustomizer@98854dc], contextLoader = 'org.springframework.test.context.support.DelegatingSmartContextLoader', parent = [null]]]
22:37:52.039 [Test worker] DEBUG org.springframework.test.context.cache - Spring test ApplicationContext cache statistics: [DefaultContextCache@476ee5b3 size = 1, maxSize = 32, parentContextCount = 0, hitCount = 51, missCount = 1]
22:37:52.039 [Test worker] DEBUG org.springframework.test.context.cache.DefaultCacheAwareContextLoaderDelegate - Retrieved ApplicationContext [418513504] from cache with key [[MergedContextConfiguration@5778826f testClass = UserServiceTest, locations = '{}', classes = '{class org.waldreg.user.management.user.DefaultUserManager, class org.waldreg.user.management.joiningpool.DefaultJoiningPoolManager}', contextInitializerClasses = '[]', activeProfiles = '{}', propertySourceLocations = '{}', propertySourceProperties = '{}', contextCustomizers = set[org.springframework.boot.test.autoconfigure.actuate.metrics.MetricsExportContextCustomizerFactory$DisableMetricExportContextCustomizer@1698fc68, org.springframework.boot.test.autoconfigure.properties.PropertyMappingContextCustomizer@0, org.springframework.boot.test.autoconfigure.web.servlet.WebDriverContextCustomizerFactory$Customizer@58359ebd, org.springframework.boot.test.context.filter.ExcludeFilterContextCustomizer@4ee37ca3, org.springframework.boot.test.json.DuplicateJsonObjectContextCustomizerFactory$DuplicateJsonObjectContextCustomizer@422c3c7a, org.springframework.boot.test.mock.mockito.MockitoContextCustomizer@98854dc], contextLoader = 'org.springframework.test.context.support.DelegatingSmartContextLoader', parent = [null]]]
22:37:52.039 [Test worker] DEBUG org.springframework.test.context.cache - Spring test ApplicationContext cache statistics: [DefaultContextCache@476ee5b3 size = 1, maxSize = 32, parentContextCount = 0, hitCount = 52, missCount = 1]
22:37:52.045 [Test worker] DEBUG org.springframework.test.context.cache.DefaultCacheAwareContextLoaderDelegate - Retrieved ApplicationContext [418513504] from cache with key [[MergedContextConfiguration@5778826f testClass = UserServiceTest, locations = '{}', classes = '{class org.waldreg.user.management.user.DefaultUserManager, class org.waldreg.user.management.joiningpool.DefaultJoiningPoolManager}', contextInitializerClasses = '[]', activeProfiles = '{}', propertySourceLocations = '{}', propertySourceProperties = '{}', contextCustomizers = set[org.springframework.boot.test.autoconfigure.actuate.metrics.MetricsExportContextCustomizerFactory$DisableMetricExportContextCustomizer@1698fc68, org.springframework.boot.test.autoconfigure.properties.PropertyMappingContextCustomizer@0, org.springframework.boot.test.autoconfigure.web.servlet.WebDriverContextCustomizerFactory$Customizer@58359ebd, org.springframework.boot.test.context.filter.ExcludeFilterContextCustomizer@4ee37ca3, org.springframework.boot.test.json.DuplicateJsonObjectContextCustomizerFactory$DuplicateJsonObjectContextCustomizer@422c3c7a, org.springframework.boot.test.mock.mockito.MockitoContextCustomizer@98854dc], contextLoader = 'org.springframework.test.context.support.DelegatingSmartContextLoader', parent = [null]]]
22:37:52.045 [Test worker] DEBUG org.springframework.test.context.cache - Spring test ApplicationContext cache statistics: [DefaultContextCache@476ee5b3 size = 1, maxSize = 32, parentContextCount = 0, hitCount = 53, missCount = 1]
22:37:52.048 [Test worker] DEBUG org.springframework.test.context.cache.DefaultCacheAwareContextLoaderDelegate - Retrieved ApplicationContext [418513504] from cache with key [[MergedContextConfiguration@5778826f testClass = UserServiceTest, locations = '{}', classes = '{class org.waldreg.user.management.user.DefaultUserManager, class org.waldreg.user.management.joiningpool.DefaultJoiningPoolManager}', contextInitializerClasses = '[]', activeProfiles = '{}', propertySourceLocations = '{}', propertySourceProperties = '{}', contextCustomizers = set[org.springframework.boot.test.autoconfigure.actuate.metrics.MetricsExportContextCustomizerFactory$DisableMetricExportContextCustomizer@1698fc68, org.springframework.boot.test.autoconfigure.properties.PropertyMappingContextCustomizer@0, org.springframework.boot.test.autoconfigure.web.servlet.WebDriverContextCustomizerFactory$Customizer@58359ebd, org.springframework.boot.test.context.filter.ExcludeFilterContextCustomizer@4ee37ca3, org.springframework.boot.test.json.DuplicateJsonObjectContextCustomizerFactory$DuplicateJsonObjectContextCustomizer@422c3c7a, org.springframework.boot.test.mock.mockito.MockitoContextCustomizer@98854dc], contextLoader = 'org.springframework.test.context.support.DelegatingSmartContextLoader', parent = [null]]]
22:37:52.048 [Test worker] DEBUG org.springframework.test.context.cache - Spring test ApplicationContext cache statistics: [DefaultContextCache@476ee5b3 size = 1, maxSize = 32, parentContextCount = 0, hitCount = 54, missCount = 1]
22:37:52.048 [Test worker] DEBUG org.springframework.test.context.cache.DefaultCacheAwareContextLoaderDelegate - Retrieved ApplicationContext [418513504] from cache with key [[MergedContextConfiguration@5778826f testClass = UserServiceTest, locations = '{}', classes = '{class org.waldreg.user.management.user.DefaultUserManager, class org.waldreg.user.management.joiningpool.DefaultJoiningPoolManager}', contextInitializerClasses = '[]', activeProfiles = '{}', propertySourceLocations = '{}', propertySourceProperties = '{}', contextCustomizers = set[org.springframework.boot.test.autoconfigure.actuate.metrics.MetricsExportContextCustomizerFactory$DisableMetricExportContextCustomizer@1698fc68, org.springframework.boot.test.autoconfigure.properties.PropertyMappingContextCustomizer@0, org.springframework.boot.test.autoconfigure.web.servlet.WebDriverContextCustomizerFactory$Customizer@58359ebd, org.springframework.boot.test.context.filter.ExcludeFilterContextCustomizer@4ee37ca3, org.springframework.boot.test.json.DuplicateJsonObjectContextCustomizerFactory$DuplicateJsonObjectContextCustomizer@422c3c7a, org.springframework.boot.test.mock.mockito.MockitoContextCustomizer@98854dc], contextLoader = 'org.springframework.test.context.support.DelegatingSmartContextLoader', parent = [null]]]
22:37:52.048 [Test worker] DEBUG org.springframework.test.context.cache - Spring test ApplicationContext cache statistics: [DefaultContextCache@476ee5b3 size = 1, maxSize = 32, parentContextCount = 0, hitCount = 55, missCount = 1]
22:37:52.048 [Test worker] DEBUG org.springframework.test.context.cache.DefaultCacheAwareContextLoaderDelegate - Retrieved ApplicationContext [418513504] from cache with key [[MergedContextConfiguration@5778826f testClass = UserServiceTest, locations = '{}', classes = '{class org.waldreg.user.management.user.DefaultUserManager, class org.waldreg.user.management.joiningpool.DefaultJoiningPoolManager}', contextInitializerClasses = '[]', activeProfiles = '{}', propertySourceLocations = '{}', propertySourceProperties = '{}', contextCustomizers = set[org.springframework.boot.test.autoconfigure.actuate.metrics.MetricsExportContextCustomizerFactory$DisableMetricExportContextCustomizer@1698fc68, org.springframework.boot.test.autoconfigure.properties.PropertyMappingContextCustomizer@0, org.springframework.boot.test.autoconfigure.web.servlet.WebDriverContextCustomizerFactory$Customizer@58359ebd, org.springframework.boot.test.context.filter.ExcludeFilterContextCustomizer@4ee37ca3, org.springframework.boot.test.json.DuplicateJsonObjectContextCustomizerFactory$DuplicateJsonObjectContextCustomizer@422c3c7a, org.springframework.boot.test.mock.mockito.MockitoContextCustomizer@98854dc], contextLoader = 'org.springframework.test.context.support.DelegatingSmartContextLoader', parent = [null]]]
22:37:52.048 [Test worker] DEBUG org.springframework.test.context.cache - Spring test ApplicationContext cache statistics: [DefaultContextCache@476ee5b3 size = 1, maxSize = 32, parentContextCount = 0, hitCount = 56, missCount = 1]
22:37:52.048 [Test worker] DEBUG org.springframework.test.context.cache.DefaultCacheAwareContextLoaderDelegate - Retrieved ApplicationContext [418513504] from cache with key [[MergedContextConfiguration@5778826f testClass = UserServiceTest, locations = '{}', classes = '{class org.waldreg.user.management.user.DefaultUserManager, class org.waldreg.user.management.joiningpool.DefaultJoiningPoolManager}', contextInitializerClasses = '[]', activeProfiles = '{}', propertySourceLocations = '{}', propertySourceProperties = '{}', contextCustomizers = set[org.springframework.boot.test.autoconfigure.actuate.metrics.MetricsExportContextCustomizerFactory$DisableMetricExportContextCustomizer@1698fc68, org.springframework.boot.test.autoconfigure.properties.PropertyMappingContextCustomizer@0, org.springframework.boot.test.autoconfigure.web.servlet.WebDriverContextCustomizerFactory$Customizer@58359ebd, org.springframework.boot.test.context.filter.ExcludeFilterContextCustomizer@4ee37ca3, org.springframework.boot.test.json.DuplicateJsonObjectContextCustomizerFactory$DuplicateJsonObjectContextCustomizer@422c3c7a, org.springframework.boot.test.mock.mockito.MockitoContextCustomizer@98854dc], contextLoader = 'org.springframework.test.context.support.DelegatingSmartContextLoader', parent = [null]]]
22:37:52.048 [Test worker] DEBUG org.springframework.test.context.cache - Spring test ApplicationContext cache statistics: [DefaultContextCache@476ee5b3 size = 1, maxSize = 32, parentContextCount = 0, hitCount = 57, missCount = 1]
22:37:52.048 [Test worker] DEBUG org.springframework.test.context.cache.DefaultCacheAwareContextLoaderDelegate - Retrieved ApplicationContext [418513504] from cache with key [[MergedContextConfiguration@5778826f testClass = UserServiceTest, locations = '{}', classes = '{class org.waldreg.user.management.user.DefaultUserManager, class org.waldreg.user.management.joiningpool.DefaultJoiningPoolManager}', contextInitializerClasses = '[]', activeProfiles = '{}', propertySourceLocations = '{}', propertySourceProperties = '{}', contextCustomizers = set[org.springframework.boot.test.autoconfigure.actuate.metrics.MetricsExportContextCustomizerFactory$DisableMetricExportContextCustomizer@1698fc68, org.springframework.boot.test.autoconfigure.properties.PropertyMappingContextCustomizer@0, org.springframework.boot.test.autoconfigure.web.servlet.WebDriverContextCustomizerFactory$Customizer@58359ebd, org.springframework.boot.test.context.filter.ExcludeFilterContextCustomizer@4ee37ca3, org.springframework.boot.test.json.DuplicateJsonObjectContextCustomizerFactory$DuplicateJsonObjectContextCustomizer@422c3c7a, org.springframework.boot.test.mock.mockito.MockitoContextCustomizer@98854dc], contextLoader = 'org.springframework.test.context.support.DelegatingSmartContextLoader', parent = [null]]]
22:37:52.048 [Test worker] DEBUG org.springframework.test.context.cache - Spring test ApplicationContext cache statistics: [DefaultContextCache@476ee5b3 size = 1, maxSize = 32, parentContextCount = 0, hitCount = 58, missCount = 1]
22:37:52.055 [Test worker] DEBUG org.springframework.test.context.cache.DefaultCacheAwareContextLoaderDelegate - Retrieved ApplicationContext [418513504] from cache with key [[MergedContextConfiguration@5778826f testClass = UserServiceTest, locations = '{}', classes = '{class org.waldreg.user.management.user.DefaultUserManager, class org.waldreg.user.management.joiningpool.DefaultJoiningPoolManager}', contextInitializerClasses = '[]', activeProfiles = '{}', propertySourceLocations = '{}', propertySourceProperties = '{}', contextCustomizers = set[org.springframework.boot.test.autoconfigure.actuate.metrics.MetricsExportContextCustomizerFactory$DisableMetricExportContextCustomizer@1698fc68, org.springframework.boot.test.autoconfigure.properties.PropertyMappingContextCustomizer@0, org.springframework.boot.test.autoconfigure.web.servlet.WebDriverContextCustomizerFactory$Customizer@58359ebd, org.springframework.boot.test.context.filter.ExcludeFilterContextCustomizer@4ee37ca3, org.springframework.boot.test.json.DuplicateJsonObjectContextCustomizerFactory$DuplicateJsonObjectContextCustomizer@422c3c7a, org.springframework.boot.test.mock.mockito.MockitoContextCustomizer@98854dc], contextLoader = 'org.springframework.test.context.support.DelegatingSmartContextLoader', parent = [null]]]
22:37:52.055 [Test worker] DEBUG org.springframework.test.context.cache - Spring test ApplicationContext cache statistics: [DefaultContextCache@476ee5b3 size = 1, maxSize = 32, parentContextCount = 0, hitCount = 59, missCount = 1]
22:37:52.055 [Test worker] DEBUG org.springframework.test.context.support.AbstractDirtiesContextTestExecutionListener - After test method: context [DefaultTestContext@7829b776 testClass = UserServiceTest, testInstance = org.waldreg.user.management.UserServiceTest@333c8791, testMethod = CREATE_USER_FAIL_CAUSE_DUPLICATED_USER_ID_TEST@UserServiceTest, testException = [null], mergedContextConfiguration = [MergedContextConfiguration@5778826f testClass = UserServiceTest, locations = '{}', classes = '{class org.waldreg.user.management.user.DefaultUserManager, class org.waldreg.user.management.joiningpool.DefaultJoiningPoolManager}', contextInitializerClasses = '[]', activeProfiles = '{}', propertySourceLocations = '{}', propertySourceProperties = '{}', contextCustomizers = set[org.springframework.boot.test.autoconfigure.actuate.metrics.MetricsExportContextCustomizerFactory$DisableMetricExportContextCustomizer@1698fc68, org.springframework.boot.test.autoconfigure.properties.PropertyMappingContextCustomizer@0, org.springframework.boot.test.autoconfigure.web.servlet.WebDriverContextCustomizerFactory$Customizer@58359ebd, org.springframework.boot.test.context.filter.ExcludeFilterContextCustomizer@4ee37ca3, org.springframework.boot.test.json.DuplicateJsonObjectContextCustomizerFactory$DuplicateJsonObjectContextCustomizer@422c3c7a, org.springframework.boot.test.mock.mockito.MockitoContextCustomizer@98854dc], contextLoader = 'org.springframework.test.context.support.DelegatingSmartContextLoader', parent = [null]], attributes = map['org.springframework.test.context.event.ApplicationEventsTestExecutionListener.recordApplicationEvents' -> false]], class annotated with @DirtiesContext [false] with mode [null], method annotated with @DirtiesContext [false] with mode [null].
22:37:52.058 [Test worker] DEBUG org.springframework.test.context.cache.DefaultCacheAwareContextLoaderDelegate - Retrieved ApplicationContext [418513504] from cache with key [[MergedContextConfiguration@5778826f testClass = UserServiceTest, locations = '{}', classes = '{class org.waldreg.user.management.user.DefaultUserManager, class org.waldreg.user.management.joiningpool.DefaultJoiningPoolManager}', contextInitializerClasses = '[]', activeProfiles = '{}', propertySourceLocations = '{}', propertySourceProperties = '{}', contextCustomizers = set[org.springframework.boot.test.autoconfigure.actuate.metrics.MetricsExportContextCustomizerFactory$DisableMetricExportContextCustomizer@1698fc68, org.springframework.boot.test.autoconfigure.properties.PropertyMappingContextCustomizer@0, org.springframework.boot.test.autoconfigure.web.servlet.WebDriverContextCustomizerFactory$Customizer@58359ebd, org.springframework.boot.test.context.filter.ExcludeFilterContextCustomizer@4ee37ca3, org.springframework.boot.test.json.DuplicateJsonObjectContextCustomizerFactory$DuplicateJsonObjectContextCustomizer@422c3c7a, org.springframework.boot.test.mock.mockito.MockitoContextCustomizer@98854dc], contextLoader = 'org.springframework.test.context.support.DelegatingSmartContextLoader', parent = [null]]]
22:37:52.058 [Test worker] DEBUG org.springframework.test.context.cache - Spring test ApplicationContext cache statistics: [DefaultContextCache@476ee5b3 size = 1, maxSize = 32, parentContextCount = 0, hitCount = 60, missCount = 1]
22:37:52.058 [Test worker] DEBUG org.springframework.test.context.support.DependencyInjectionTestExecutionListener - Performing dependency injection for test context [[DefaultTestContext@7829b776 testClass = UserServiceTest, testInstance = org.waldreg.user.management.UserServiceTest@671d1157, testMethod = [null], testException = [null], mergedContextConfiguration = [MergedContextConfiguration@5778826f testClass = UserServiceTest, locations = '{}', classes = '{class org.waldreg.user.management.user.DefaultUserManager, class org.waldreg.user.management.joiningpool.DefaultJoiningPoolManager}', contextInitializerClasses = '[]', activeProfiles = '{}', propertySourceLocations = '{}', propertySourceProperties = '{}', contextCustomizers = set[org.springframework.boot.test.autoconfigure.actuate.metrics.MetricsExportContextCustomizerFactory$DisableMetricExportContextCustomizer@1698fc68, org.springframework.boot.test.autoconfigure.properties.PropertyMappingContextCustomizer@0, org.springframework.boot.test.autoconfigure.web.servlet.WebDriverContextCustomizerFactory$Customizer@58359ebd, org.springframework.boot.test.context.filter.ExcludeFilterContextCustomizer@4ee37ca3, org.springframework.boot.test.json.DuplicateJsonObjectContextCustomizerFactory$DuplicateJsonObjectContextCustomizer@422c3c7a, org.springframework.boot.test.mock.mockito.MockitoContextCustomizer@98854dc], contextLoader = 'org.springframework.test.context.support.DelegatingSmartContextLoader', parent = [null]], attributes = map['org.springframework.test.context.event.ApplicationEventsTestExecutionListener.recordApplicationEvents' -> false]]].
22:37:52.059 [Test worker] DEBUG org.springframework.test.context.cache.DefaultCacheAwareContextLoaderDelegate - Retrieved ApplicationContext [418513504] from cache with key [[MergedContextConfiguration@5778826f testClass = UserServiceTest, locations = '{}', classes = '{class org.waldreg.user.management.user.DefaultUserManager, class org.waldreg.user.management.joiningpool.DefaultJoiningPoolManager}', contextInitializerClasses = '[]', activeProfiles = '{}', propertySourceLocations = '{}', propertySourceProperties = '{}', contextCustomizers = set[org.springframework.boot.test.autoconfigure.actuate.metrics.MetricsExportContextCustomizerFactory$DisableMetricExportContextCustomizer@1698fc68, org.springframework.boot.test.autoconfigure.properties.PropertyMappingContextCustomizer@0, org.springframework.boot.test.autoconfigure.web.servlet.WebDriverContextCustomizerFactory$Customizer@58359ebd, org.springframework.boot.test.context.filter.ExcludeFilterContextCustomizer@4ee37ca3, org.springframework.boot.test.json.DuplicateJsonObjectContextCustomizerFactory$DuplicateJsonObjectContextCustomizer@422c3c7a, org.springframework.boot.test.mock.mockito.MockitoContextCustomizer@98854dc], contextLoader = 'org.springframework.test.context.support.DelegatingSmartContextLoader', parent = [null]]]
22:37:52.059 [Test worker] DEBUG org.springframework.test.context.cache - Spring test ApplicationContext cache statistics: [DefaultContextCache@476ee5b3 size = 1, maxSize = 32, parentContextCount = 0, hitCount = 61, missCount = 1]
22:37:52.059 [Test worker] DEBUG org.springframework.test.context.cache.DefaultCacheAwareContextLoaderDelegate - Retrieved ApplicationContext [418513504] from cache with key [[MergedContextConfiguration@5778826f testClass = UserServiceTest, locations = '{}', classes = '{class org.waldreg.user.management.user.DefaultUserManager, class org.waldreg.user.management.joiningpool.DefaultJoiningPoolManager}', contextInitializerClasses = '[]', activeProfiles = '{}', propertySourceLocations = '{}', propertySourceProperties = '{}', contextCustomizers = set[org.springframework.boot.test.autoconfigure.actuate.metrics.MetricsExportContextCustomizerFactory$DisableMetricExportContextCustomizer@1698fc68, org.springframework.boot.test.autoconfigure.properties.PropertyMappingContextCustomizer@0, org.springframework.boot.test.autoconfigure.web.servlet.WebDriverContextCustomizerFactory$Customizer@58359ebd, org.springframework.boot.test.context.filter.ExcludeFilterContextCustomizer@4ee37ca3, org.springframework.boot.test.json.DuplicateJsonObjectContextCustomizerFactory$DuplicateJsonObjectContextCustomizer@422c3c7a, org.springframework.boot.test.mock.mockito.MockitoContextCustomizer@98854dc], contextLoader = 'org.springframework.test.context.support.DelegatingSmartContextLoader', parent = [null]]]
22:37:52.060 [Test worker] DEBUG org.springframework.test.context.cache - Spring test ApplicationContext cache statistics: [DefaultContextCache@476ee5b3 size = 1, maxSize = 32, parentContextCount = 0, hitCount = 62, missCount = 1]
22:37:52.060 [Test worker] DEBUG org.springframework.test.context.support.AbstractDirtiesContextTestExecutionListener - Before test method: context [DefaultTestContext@7829b776 testClass = UserServiceTest, testInstance = org.waldreg.user.management.UserServiceTest@671d1157, testMethod = READ_SPECIFIC_USER_SUCCESS_TEST@UserServiceTest, testException = [null], mergedContextConfiguration = [MergedContextConfiguration@5778826f testClass = UserServiceTest, locations = '{}', classes = '{class org.waldreg.user.management.user.DefaultUserManager, class org.waldreg.user.management.joiningpool.DefaultJoiningPoolManager}', contextInitializerClasses = '[]', activeProfiles = '{}', propertySourceLocations = '{}', propertySourceProperties = '{}', contextCustomizers = set[org.springframework.boot.test.autoconfigure.actuate.metrics.MetricsExportContextCustomizerFactory$DisableMetricExportContextCustomizer@1698fc68, org.springframework.boot.test.autoconfigure.properties.PropertyMappingContextCustomizer@0, org.springframework.boot.test.autoconfigure.web.servlet.WebDriverContextCustomizerFactory$Customizer@58359ebd, org.springframework.boot.test.context.filter.ExcludeFilterContextCustomizer@4ee37ca3, org.springframework.boot.test.json.DuplicateJsonObjectContextCustomizerFactory$DuplicateJsonObjectContextCustomizer@422c3c7a, org.springframework.boot.test.mock.mockito.MockitoContextCustomizer@98854dc], contextLoader = 'org.springframework.test.context.support.DelegatingSmartContextLoader', parent = [null]], attributes = map['org.springframework.test.context.event.ApplicationEventsTestExecutionListener.recordApplicationEvents' -> false]], class annotated with @DirtiesContext [false] with mode [null], method annotated with @DirtiesContext [false] with mode [null].
22:37:52.060 [Test worker] DEBUG org.springframework.test.context.cache.DefaultCacheAwareContextLoaderDelegate - Retrieved ApplicationContext [418513504] from cache with key [[MergedContextConfiguration@5778826f testClass = UserServiceTest, locations = '{}', classes = '{class org.waldreg.user.management.user.DefaultUserManager, class org.waldreg.user.management.joiningpool.DefaultJoiningPoolManager}', contextInitializerClasses = '[]', activeProfiles = '{}', propertySourceLocations = '{}', propertySourceProperties = '{}', contextCustomizers = set[org.springframework.boot.test.autoconfigure.actuate.metrics.MetricsExportContextCustomizerFactory$DisableMetricExportContextCustomizer@1698fc68, org.springframework.boot.test.autoconfigure.properties.PropertyMappingContextCustomizer@0, org.springframework.boot.test.autoconfigure.web.servlet.WebDriverContextCustomizerFactory$Customizer@58359ebd, org.springframework.boot.test.context.filter.ExcludeFilterContextCustomizer@4ee37ca3, org.springframework.boot.test.json.DuplicateJsonObjectContextCustomizerFactory$DuplicateJsonObjectContextCustomizer@422c3c7a, org.springframework.boot.test.mock.mockito.MockitoContextCustomizer@98854dc], contextLoader = 'org.springframework.test.context.support.DelegatingSmartContextLoader', parent = [null]]]
22:37:52.060 [Test worker] DEBUG org.springframework.test.context.cache - Spring test ApplicationContext cache statistics: [DefaultContextCache@476ee5b3 size = 1, maxSize = 32, parentContextCount = 0, hitCount = 63, missCount = 1]
22:37:52.062 [Test worker] DEBUG org.springframework.test.context.cache.DefaultCacheAwareContextLoaderDelegate - Retrieved ApplicationContext [418513504] from cache with key [[MergedContextConfiguration@5778826f testClass = UserServiceTest, locations = '{}', classes = '{class org.waldreg.user.management.user.DefaultUserManager, class org.waldreg.user.management.joiningpool.DefaultJoiningPoolManager}', contextInitializerClasses = '[]', activeProfiles = '{}', propertySourceLocations = '{}', propertySourceProperties = '{}', contextCustomizers = set[org.springframework.boot.test.autoconfigure.actuate.metrics.MetricsExportContextCustomizerFactory$DisableMetricExportContextCustomizer@1698fc68, org.springframework.boot.test.autoconfigure.properties.PropertyMappingContextCustomizer@0, org.springframework.boot.test.autoconfigure.web.servlet.WebDriverContextCustomizerFactory$Customizer@58359ebd, org.springframework.boot.test.context.filter.ExcludeFilterContextCustomizer@4ee37ca3, org.springframework.boot.test.json.DuplicateJsonObjectContextCustomizerFactory$DuplicateJsonObjectContextCustomizer@422c3c7a, org.springframework.boot.test.mock.mockito.MockitoContextCustomizer@98854dc], contextLoader = 'org.springframework.test.context.support.DelegatingSmartContextLoader', parent = [null]]]
22:37:52.062 [Test worker] DEBUG org.springframework.test.context.cache - Spring test ApplicationContext cache statistics: [DefaultContextCache@476ee5b3 size = 1, maxSize = 32, parentContextCount = 0, hitCount = 64, missCount = 1]
22:37:52.063 [Test worker] DEBUG org.springframework.test.context.cache.DefaultCacheAwareContextLoaderDelegate - Retrieved ApplicationContext [418513504] from cache with key [[MergedContextConfiguration@5778826f testClass = UserServiceTest, locations = '{}', classes = '{class org.waldreg.user.management.user.DefaultUserManager, class org.waldreg.user.management.joiningpool.DefaultJoiningPoolManager}', contextInitializerClasses = '[]', activeProfiles = '{}', propertySourceLocations = '{}', propertySourceProperties = '{}', contextCustomizers = set[org.springframework.boot.test.autoconfigure.actuate.metrics.MetricsExportContextCustomizerFactory$DisableMetricExportContextCustomizer@1698fc68, org.springframework.boot.test.autoconfigure.properties.PropertyMappingContextCustomizer@0, org.springframework.boot.test.autoconfigure.web.servlet.WebDriverContextCustomizerFactory$Customizer@58359ebd, org.springframework.boot.test.context.filter.ExcludeFilterContextCustomizer@4ee37ca3, org.springframework.boot.test.json.DuplicateJsonObjectContextCustomizerFactory$DuplicateJsonObjectContextCustomizer@422c3c7a, org.springframework.boot.test.mock.mockito.MockitoContextCustomizer@98854dc], contextLoader = 'org.springframework.test.context.support.DelegatingSmartContextLoader', parent = [null]]]
22:37:52.063 [Test worker] DEBUG org.springframework.test.context.cache - Spring test ApplicationContext cache statistics: [DefaultContextCache@476ee5b3 size = 1, maxSize = 32, parentContextCount = 0, hitCount = 65, missCount = 1]
22:37:52.067 [Test worker] DEBUG org.springframework.test.context.cache.DefaultCacheAwareContextLoaderDelegate - Retrieved ApplicationContext [418513504] from cache with key [[MergedContextConfiguration@5778826f testClass = UserServiceTest, locations = '{}', classes = '{class org.waldreg.user.management.user.DefaultUserManager, class org.waldreg.user.management.joiningpool.DefaultJoiningPoolManager}', contextInitializerClasses = '[]', activeProfiles = '{}', propertySourceLocations = '{}', propertySourceProperties = '{}', contextCustomizers = set[org.springframework.boot.test.autoconfigure.actuate.metrics.MetricsExportContextCustomizerFactory$DisableMetricExportContextCustomizer@1698fc68, org.springframework.boot.test.autoconfigure.properties.PropertyMappingContextCustomizer@0, org.springframework.boot.test.autoconfigure.web.servlet.WebDriverContextCustomizerFactory$Customizer@58359ebd, org.springframework.boot.test.context.filter.ExcludeFilterContextCustomizer@4ee37ca3, org.springframework.boot.test.json.DuplicateJsonObjectContextCustomizerFactory$DuplicateJsonObjectContextCustomizer@422c3c7a, org.springframework.boot.test.mock.mockito.MockitoContextCustomizer@98854dc], contextLoader = 'org.springframework.test.context.support.DelegatingSmartContextLoader', parent = [null]]]
22:37:52.067 [Test worker] DEBUG org.springframework.test.context.cache - Spring test ApplicationContext cache statistics: [DefaultContextCache@476ee5b3 size = 1, maxSize = 32, parentContextCount = 0, hitCount = 66, missCount = 1]
22:37:52.068 [Test worker] DEBUG org.springframework.test.context.cache.DefaultCacheAwareContextLoaderDelegate - Retrieved ApplicationContext [418513504] from cache with key [[MergedContextConfiguration@5778826f testClass = UserServiceTest, locations = '{}', classes = '{class org.waldreg.user.management.user.DefaultUserManager, class org.waldreg.user.management.joiningpool.DefaultJoiningPoolManager}', contextInitializerClasses = '[]', activeProfiles = '{}', propertySourceLocations = '{}', propertySourceProperties = '{}', contextCustomizers = set[org.springframework.boot.test.autoconfigure.actuate.metrics.MetricsExportContextCustomizerFactory$DisableMetricExportContextCustomizer@1698fc68, org.springframework.boot.test.autoconfigure.properties.PropertyMappingContextCustomizer@0, org.springframework.boot.test.autoconfigure.web.servlet.WebDriverContextCustomizerFactory$Customizer@58359ebd, org.springframework.boot.test.context.filter.ExcludeFilterContextCustomizer@4ee37ca3, org.springframework.boot.test.json.DuplicateJsonObjectContextCustomizerFactory$DuplicateJsonObjectContextCustomizer@422c3c7a, org.springframework.boot.test.mock.mockito.MockitoContextCustomizer@98854dc], contextLoader = 'org.springframework.test.context.support.DelegatingSmartContextLoader', parent = [null]]]
22:37:52.068 [Test worker] DEBUG org.springframework.test.context.cache - Spring test ApplicationContext cache statistics: [DefaultContextCache@476ee5b3 size = 1, maxSize = 32, parentContextCount = 0, hitCount = 67, missCount = 1]
22:37:52.069 [Test worker] DEBUG org.springframework.test.context.cache.DefaultCacheAwareContextLoaderDelegate - Retrieved ApplicationContext [418513504] from cache with key [[MergedContextConfiguration@5778826f testClass = UserServiceTest, locations = '{}', classes = '{class org.waldreg.user.management.user.DefaultUserManager, class org.waldreg.user.management.joiningpool.DefaultJoiningPoolManager}', contextInitializerClasses = '[]', activeProfiles = '{}', propertySourceLocations = '{}', propertySourceProperties = '{}', contextCustomizers = set[org.springframework.boot.test.autoconfigure.actuate.metrics.MetricsExportContextCustomizerFactory$DisableMetricExportContextCustomizer@1698fc68, org.springframework.boot.test.autoconfigure.properties.PropertyMappingContextCustomizer@0, org.springframework.boot.test.autoconfigure.web.servlet.WebDriverContextCustomizerFactory$Customizer@58359ebd, org.springframework.boot.test.context.filter.ExcludeFilterContextCustomizer@4ee37ca3, org.springframework.boot.test.json.DuplicateJsonObjectContextCustomizerFactory$DuplicateJsonObjectContextCustomizer@422c3c7a, org.springframework.boot.test.mock.mockito.MockitoContextCustomizer@98854dc], contextLoader = 'org.springframework.test.context.support.DelegatingSmartContextLoader', parent = [null]]]
22:37:52.069 [Test worker] DEBUG org.springframework.test.context.cache - Spring test ApplicationContext cache statistics: [DefaultContextCache@476ee5b3 size = 1, maxSize = 32, parentContextCount = 0, hitCount = 68, missCount = 1]
22:37:52.069 [Test worker] DEBUG org.springframework.test.context.cache.DefaultCacheAwareContextLoaderDelegate - Retrieved ApplicationContext [418513504] from cache with key [[MergedContextConfiguration@5778826f testClass = UserServiceTest, locations = '{}', classes = '{class org.waldreg.user.management.user.DefaultUserManager, class org.waldreg.user.management.joiningpool.DefaultJoiningPoolManager}', contextInitializerClasses = '[]', activeProfiles = '{}', propertySourceLocations = '{}', propertySourceProperties = '{}', contextCustomizers = set[org.springframework.boot.test.autoconfigure.actuate.metrics.MetricsExportContextCustomizerFactory$DisableMetricExportContextCustomizer@1698fc68, org.springframework.boot.test.autoconfigure.properties.PropertyMappingContextCustomizer@0, org.springframework.boot.test.autoconfigure.web.servlet.WebDriverContextCustomizerFactory$Customizer@58359ebd, org.springframework.boot.test.context.filter.ExcludeFilterContextCustomizer@4ee37ca3, org.springframework.boot.test.json.DuplicateJsonObjectContextCustomizerFactory$DuplicateJsonObjectContextCustomizer@422c3c7a, org.springframework.boot.test.mock.mockito.MockitoContextCustomizer@98854dc], contextLoader = 'org.springframework.test.context.support.DelegatingSmartContextLoader', parent = [null]]]
22:37:52.069 [Test worker] DEBUG org.springframework.test.context.cache - Spring test ApplicationContext cache statistics: [DefaultContextCache@476ee5b3 size = 1, maxSize = 32, parentContextCount = 0, hitCount = 69, missCount = 1]
22:37:52.070 [Test worker] DEBUG org.springframework.test.context.cache.DefaultCacheAwareContextLoaderDelegate - Retrieved ApplicationContext [418513504] from cache with key [[MergedContextConfiguration@5778826f testClass = UserServiceTest, locations = '{}', classes = '{class org.waldreg.user.management.user.DefaultUserManager, class org.waldreg.user.management.joiningpool.DefaultJoiningPoolManager}', contextInitializerClasses = '[]', activeProfiles = '{}', propertySourceLocations = '{}', propertySourceProperties = '{}', contextCustomizers = set[org.springframework.boot.test.autoconfigure.actuate.metrics.MetricsExportContextCustomizerFactory$DisableMetricExportContextCustomizer@1698fc68, org.springframework.boot.test.autoconfigure.properties.PropertyMappingContextCustomizer@0, org.springframework.boot.test.autoconfigure.web.servlet.WebDriverContextCustomizerFactory$Customizer@58359ebd, org.springframework.boot.test.context.filter.ExcludeFilterContextCustomizer@4ee37ca3, org.springframework.boot.test.json.DuplicateJsonObjectContextCustomizerFactory$DuplicateJsonObjectContextCustomizer@422c3c7a, org.springframework.boot.test.mock.mockito.MockitoContextCustomizer@98854dc], contextLoader = 'org.springframework.test.context.support.DelegatingSmartContextLoader', parent = [null]]]
22:37:52.070 [Test worker] DEBUG org.springframework.test.context.cache - Spring test ApplicationContext cache statistics: [DefaultContextCache@476ee5b3 size = 1, maxSize = 32, parentContextCount = 0, hitCount = 70, missCount = 1]
22:37:52.071 [Test worker] DEBUG org.springframework.test.context.cache.DefaultCacheAwareContextLoaderDelegate - Retrieved ApplicationContext [418513504] from cache with key [[MergedContextConfiguration@5778826f testClass = UserServiceTest, locations = '{}', classes = '{class org.waldreg.user.management.user.DefaultUserManager, class org.waldreg.user.management.joiningpool.DefaultJoiningPoolManager}', contextInitializerClasses = '[]', activeProfiles = '{}', propertySourceLocations = '{}', propertySourceProperties = '{}', contextCustomizers = set[org.springframework.boot.test.autoconfigure.actuate.metrics.MetricsExportContextCustomizerFactory$DisableMetricExportContextCustomizer@1698fc68, org.springframework.boot.test.autoconfigure.properties.PropertyMappingContextCustomizer@0, org.springframework.boot.test.autoconfigure.web.servlet.WebDriverContextCustomizerFactory$Customizer@58359ebd, org.springframework.boot.test.context.filter.ExcludeFilterContextCustomizer@4ee37ca3, org.springframework.boot.test.json.DuplicateJsonObjectContextCustomizerFactory$DuplicateJsonObjectContextCustomizer@422c3c7a, org.springframework.boot.test.mock.mockito.MockitoContextCustomizer@98854dc], contextLoader = 'org.springframework.test.context.support.DelegatingSmartContextLoader', parent = [null]]]
22:37:52.071 [Test worker] DEBUG org.springframework.test.context.cache - Spring test ApplicationContext cache statistics: [DefaultContextCache@476ee5b3 size = 1, maxSize = 32, parentContextCount = 0, hitCount = 71, missCount = 1]
22:37:52.072 [Test worker] DEBUG org.springframework.test.context.support.AbstractDirtiesContextTestExecutionListener - After test method: context [DefaultTestContext@7829b776 testClass = UserServiceTest, testInstance = org.waldreg.user.management.UserServiceTest@671d1157, testMethod = READ_SPECIFIC_USER_SUCCESS_TEST@UserServiceTest, testException = [null], mergedContextConfiguration = [MergedContextConfiguration@5778826f testClass = UserServiceTest, locations = '{}', classes = '{class org.waldreg.user.management.user.DefaultUserManager, class org.waldreg.user.management.joiningpool.DefaultJoiningPoolManager}', contextInitializerClasses = '[]', activeProfiles = '{}', propertySourceLocations = '{}', propertySourceProperties = '{}', contextCustomizers = set[org.springframework.boot.test.autoconfigure.actuate.metrics.MetricsExportContextCustomizerFactory$DisableMetricExportContextCustomizer@1698fc68, org.springframework.boot.test.autoconfigure.properties.PropertyMappingContextCustomizer@0, org.springframework.boot.test.autoconfigure.web.servlet.WebDriverContextCustomizerFactory$Customizer@58359ebd, org.springframework.boot.test.context.filter.ExcludeFilterContextCustomizer@4ee37ca3, org.springframework.boot.test.json.DuplicateJsonObjectContextCustomizerFactory$DuplicateJsonObjectContextCustomizer@422c3c7a, org.springframework.boot.test.mock.mockito.MockitoContextCustomizer@98854dc], contextLoader = 'org.springframework.test.context.support.DelegatingSmartContextLoader', parent = [null]], attributes = map['org.springframework.test.context.event.ApplicationEventsTestExecutionListener.recordApplicationEvents' -> false]], class annotated with @DirtiesContext [false] with mode [null], method annotated with @DirtiesContext [false] with mode [null].
22:37:52.074 [Test worker] DEBUG org.springframework.test.context.cache.DefaultCacheAwareContextLoaderDelegate - Retrieved ApplicationContext [418513504] from cache with key [[MergedContextConfiguration@5778826f testClass = UserServiceTest, locations = '{}', classes = '{class org.waldreg.user.management.user.DefaultUserManager, class org.waldreg.user.management.joiningpool.DefaultJoiningPoolManager}', contextInitializerClasses = '[]', activeProfiles = '{}', propertySourceLocations = '{}', propertySourceProperties = '{}', contextCustomizers = set[org.springframework.boot.test.autoconfigure.actuate.metrics.MetricsExportContextCustomizerFactory$DisableMetricExportContextCustomizer@1698fc68, org.springframework.boot.test.autoconfigure.properties.PropertyMappingContextCustomizer@0, org.springframework.boot.test.autoconfigure.web.servlet.WebDriverContextCustomizerFactory$Customizer@58359ebd, org.springframework.boot.test.context.filter.ExcludeFilterContextCustomizer@4ee37ca3, org.springframework.boot.test.json.DuplicateJsonObjectContextCustomizerFactory$DuplicateJsonObjectContextCustomizer@422c3c7a, org.springframework.boot.test.mock.mockito.MockitoContextCustomizer@98854dc], contextLoader = 'org.springframework.test.context.support.DelegatingSmartContextLoader', parent = [null]]]
22:37:52.074 [Test worker] DEBUG org.springframework.test.context.cache - Spring test ApplicationContext cache statistics: [DefaultContextCache@476ee5b3 size = 1, maxSize = 32, parentContextCount = 0, hitCount = 72, missCount = 1]
22:37:52.075 [Test worker] DEBUG org.springframework.test.context.support.DependencyInjectionTestExecutionListener - Performing dependency injection for test context [[DefaultTestContext@7829b776 testClass = UserServiceTest, testInstance = org.waldreg.user.management.UserServiceTest@25aeb5ac, testMethod = [null], testException = [null], mergedContextConfiguration = [MergedContextConfiguration@5778826f testClass = UserServiceTest, locations = '{}', classes = '{class org.waldreg.user.management.user.DefaultUserManager, class org.waldreg.user.management.joiningpool.DefaultJoiningPoolManager}', contextInitializerClasses = '[]', activeProfiles = '{}', propertySourceLocations = '{}', propertySourceProperties = '{}', contextCustomizers = set[org.springframework.boot.test.autoconfigure.actuate.metrics.MetricsExportContextCustomizerFactory$DisableMetricExportContextCustomizer@1698fc68, org.springframework.boot.test.autoconfigure.properties.PropertyMappingContextCustomizer@0, org.springframework.boot.test.autoconfigure.web.servlet.WebDriverContextCustomizerFactory$Customizer@58359ebd, org.springframework.boot.test.context.filter.ExcludeFilterContextCustomizer@4ee37ca3, org.springframework.boot.test.json.DuplicateJsonObjectContextCustomizerFactory$DuplicateJsonObjectContextCustomizer@422c3c7a, org.springframework.boot.test.mock.mockito.MockitoContextCustomizer@98854dc], contextLoader = 'org.springframework.test.context.support.DelegatingSmartContextLoader', parent = [null]], attributes = map['org.springframework.test.context.event.ApplicationEventsTestExecutionListener.recordApplicationEvents' -> false]]].
22:37:52.076 [Test worker] DEBUG org.springframework.test.context.cache.DefaultCacheAwareContextLoaderDelegate - Retrieved ApplicationContext [418513504] from cache with key [[MergedContextConfiguration@5778826f testClass = UserServiceTest, locations = '{}', classes = '{class org.waldreg.user.management.user.DefaultUserManager, class org.waldreg.user.management.joiningpool.DefaultJoiningPoolManager}', contextInitializerClasses = '[]', activeProfiles = '{}', propertySourceLocations = '{}', propertySourceProperties = '{}', contextCustomizers = set[org.springframework.boot.test.autoconfigure.actuate.metrics.MetricsExportContextCustomizerFactory$DisableMetricExportContextCustomizer@1698fc68, org.springframework.boot.test.autoconfigure.properties.PropertyMappingContextCustomizer@0, org.springframework.boot.test.autoconfigure.web.servlet.WebDriverContextCustomizerFactory$Customizer@58359ebd, org.springframework.boot.test.context.filter.ExcludeFilterContextCustomizer@4ee37ca3, org.springframework.boot.test.json.DuplicateJsonObjectContextCustomizerFactory$DuplicateJsonObjectContextCustomizer@422c3c7a, org.springframework.boot.test.mock.mockito.MockitoContextCustomizer@98854dc], contextLoader = 'org.springframework.test.context.support.DelegatingSmartContextLoader', parent = [null]]]
22:37:52.076 [Test worker] DEBUG org.springframework.test.context.cache - Spring test ApplicationContext cache statistics: [DefaultContextCache@476ee5b3 size = 1, maxSize = 32, parentContextCount = 0, hitCount = 73, missCount = 1]
22:37:52.076 [Test worker] DEBUG org.springframework.test.context.cache.DefaultCacheAwareContextLoaderDelegate - Retrieved ApplicationContext [418513504] from cache with key [[MergedContextConfiguration@5778826f testClass = UserServiceTest, locations = '{}', classes = '{class org.waldreg.user.management.user.DefaultUserManager, class org.waldreg.user.management.joiningpool.DefaultJoiningPoolManager}', contextInitializerClasses = '[]', activeProfiles = '{}', propertySourceLocations = '{}', propertySourceProperties = '{}', contextCustomizers = set[org.springframework.boot.test.autoconfigure.actuate.metrics.MetricsExportContextCustomizerFactory$DisableMetricExportContextCustomizer@1698fc68, org.springframework.boot.test.autoconfigure.properties.PropertyMappingContextCustomizer@0, org.springframework.boot.test.autoconfigure.web.servlet.WebDriverContextCustomizerFactory$Customizer@58359ebd, org.springframework.boot.test.context.filter.ExcludeFilterContextCustomizer@4ee37ca3, org.springframework.boot.test.json.DuplicateJsonObjectContextCustomizerFactory$DuplicateJsonObjectContextCustomizer@422c3c7a, org.springframework.boot.test.mock.mockito.MockitoContextCustomizer@98854dc], contextLoader = 'org.springframework.test.context.support.DelegatingSmartContextLoader', parent = [null]]]
22:37:52.076 [Test worker] DEBUG org.springframework.test.context.cache - Spring test ApplicationContext cache statistics: [DefaultContextCache@476ee5b3 size = 1, maxSize = 32, parentContextCount = 0, hitCount = 74, missCount = 1]
22:37:52.079 [Test worker] DEBUG org.springframework.test.context.support.AbstractDirtiesContextTestExecutionListener - Before test method: context [DefaultTestContext@7829b776 testClass = UserServiceTest, testInstance = org.waldreg.user.management.UserServiceTest@25aeb5ac, testMethod = UPDATE_USER_CHARACTER_FAIL_CAUSE_ADMIN_TEST@UserServiceTest, testException = [null], mergedContextConfiguration = [MergedContextConfiguration@5778826f testClass = UserServiceTest, locations = '{}', classes = '{class org.waldreg.user.management.user.DefaultUserManager, class org.waldreg.user.management.joiningpool.DefaultJoiningPoolManager}', contextInitializerClasses = '[]', activeProfiles = '{}', propertySourceLocations = '{}', propertySourceProperties = '{}', contextCustomizers = set[org.springframework.boot.test.autoconfigure.actuate.metrics.MetricsExportContextCustomizerFactory$DisableMetricExportContextCustomizer@1698fc68, org.springframework.boot.test.autoconfigure.properties.PropertyMappingContextCustomizer@0, org.springframework.boot.test.autoconfigure.web.servlet.WebDriverContextCustomizerFactory$Customizer@58359ebd, org.springframework.boot.test.context.filter.ExcludeFilterContextCustomizer@4ee37ca3, org.springframework.boot.test.json.DuplicateJsonObjectContextCustomizerFactory$DuplicateJsonObjectContextCustomizer@422c3c7a, org.springframework.boot.test.mock.mockito.MockitoContextCustomizer@98854dc], contextLoader = 'org.springframework.test.context.support.DelegatingSmartContextLoader', parent = [null]], attributes = map['org.springframework.test.context.event.ApplicationEventsTestExecutionListener.recordApplicationEvents' -> false]], class annotated with @DirtiesContext [false] with mode [null], method annotated with @DirtiesContext [false] with mode [null].
22:37:52.079 [Test worker] DEBUG org.springframework.test.context.cache.DefaultCacheAwareContextLoaderDelegate - Retrieved ApplicationContext [418513504] from cache with key [[MergedContextConfiguration@5778826f testClass = UserServiceTest, locations = '{}', classes = '{class org.waldreg.user.management.user.DefaultUserManager, class org.waldreg.user.management.joiningpool.DefaultJoiningPoolManager}', contextInitializerClasses = '[]', activeProfiles = '{}', propertySourceLocations = '{}', propertySourceProperties = '{}', contextCustomizers = set[org.springframework.boot.test.autoconfigure.actuate.metrics.MetricsExportContextCustomizerFactory$DisableMetricExportContextCustomizer@1698fc68, org.springframework.boot.test.autoconfigure.properties.PropertyMappingContextCustomizer@0, org.springframework.boot.test.autoconfigure.web.servlet.WebDriverContextCustomizerFactory$Customizer@58359ebd, org.springframework.boot.test.context.filter.ExcludeFilterContextCustomizer@4ee37ca3, org.springframework.boot.test.json.DuplicateJsonObjectContextCustomizerFactory$DuplicateJsonObjectContextCustomizer@422c3c7a, org.springframework.boot.test.mock.mockito.MockitoContextCustomizer@98854dc], contextLoader = 'org.springframework.test.context.support.DelegatingSmartContextLoader', parent = [null]]]
22:37:52.079 [Test worker] DEBUG org.springframework.test.context.cache - Spring test ApplicationContext cache statistics: [DefaultContextCache@476ee5b3 size = 1, maxSize = 32, parentContextCount = 0, hitCount = 75, missCount = 1]
22:37:52.079 [Test worker] DEBUG org.springframework.test.context.cache.DefaultCacheAwareContextLoaderDelegate - Retrieved ApplicationContext [418513504] from cache with key [[MergedContextConfiguration@5778826f testClass = UserServiceTest, locations = '{}', classes = '{class org.waldreg.user.management.user.DefaultUserManager, class org.waldreg.user.management.joiningpool.DefaultJoiningPoolManager}', contextInitializerClasses = '[]', activeProfiles = '{}', propertySourceLocations = '{}', propertySourceProperties = '{}', contextCustomizers = set[org.springframework.boot.test.autoconfigure.actuate.metrics.MetricsExportContextCustomizerFactory$DisableMetricExportContextCustomizer@1698fc68, org.springframework.boot.test.autoconfigure.properties.PropertyMappingContextCustomizer@0, org.springframework.boot.test.autoconfigure.web.servlet.WebDriverContextCustomizerFactory$Customizer@58359ebd, org.springframework.boot.test.context.filter.ExcludeFilterContextCustomizer@4ee37ca3, org.springframework.boot.test.json.DuplicateJsonObjectContextCustomizerFactory$DuplicateJsonObjectContextCustomizer@422c3c7a, org.springframework.boot.test.mock.mockito.MockitoContextCustomizer@98854dc], contextLoader = 'org.springframework.test.context.support.DelegatingSmartContextLoader', parent = [null]]]
22:37:52.079 [Test worker] DEBUG org.springframework.test.context.cache - Spring test ApplicationContext cache statistics: [DefaultContextCache@476ee5b3 size = 1, maxSize = 32, parentContextCount = 0, hitCount = 76, missCount = 1]
22:37:52.082 [Test worker] DEBUG org.springframework.test.context.cache.DefaultCacheAwareContextLoaderDelegate - Retrieved ApplicationContext [418513504] from cache with key [[MergedContextConfiguration@5778826f testClass = UserServiceTest, locations = '{}', classes = '{class org.waldreg.user.management.user.DefaultUserManager, class org.waldreg.user.management.joiningpool.DefaultJoiningPoolManager}', contextInitializerClasses = '[]', activeProfiles = '{}', propertySourceLocations = '{}', propertySourceProperties = '{}', contextCustomizers = set[org.springframework.boot.test.autoconfigure.actuate.metrics.MetricsExportContextCustomizerFactory$DisableMetricExportContextCustomizer@1698fc68, org.springframework.boot.test.autoconfigure.properties.PropertyMappingContextCustomizer@0, org.springframework.boot.test.autoconfigure.web.servlet.WebDriverContextCustomizerFactory$Customizer@58359ebd, org.springframework.boot.test.context.filter.ExcludeFilterContextCustomizer@4ee37ca3, org.springframework.boot.test.json.DuplicateJsonObjectContextCustomizerFactory$DuplicateJsonObjectContextCustomizer@422c3c7a, org.springframework.boot.test.mock.mockito.MockitoContextCustomizer@98854dc], contextLoader = 'org.springframework.test.context.support.DelegatingSmartContextLoader', parent = [null]]]
22:37:52.083 [Test worker] DEBUG org.springframework.test.context.cache - Spring test ApplicationContext cache statistics: [DefaultContextCache@476ee5b3 size = 1, maxSize = 32, parentContextCount = 0, hitCount = 77, missCount = 1]
22:37:52.083 [Test worker] DEBUG org.springframework.test.context.cache.DefaultCacheAwareContextLoaderDelegate - Retrieved ApplicationContext [418513504] from cache with key [[MergedContextConfiguration@5778826f testClass = UserServiceTest, locations = '{}', classes = '{class org.waldreg.user.management.user.DefaultUserManager, class org.waldreg.user.management.joiningpool.DefaultJoiningPoolManager}', contextInitializerClasses = '[]', activeProfiles = '{}', propertySourceLocations = '{}', propertySourceProperties = '{}', contextCustomizers = set[org.springframework.boot.test.autoconfigure.actuate.metrics.MetricsExportContextCustomizerFactory$DisableMetricExportContextCustomizer@1698fc68, org.springframework.boot.test.autoconfigure.properties.PropertyMappingContextCustomizer@0, org.springframework.boot.test.autoconfigure.web.servlet.WebDriverContextCustomizerFactory$Customizer@58359ebd, org.springframework.boot.test.context.filter.ExcludeFilterContextCustomizer@4ee37ca3, org.springframework.boot.test.json.DuplicateJsonObjectContextCustomizerFactory$DuplicateJsonObjectContextCustomizer@422c3c7a, org.springframework.boot.test.mock.mockito.MockitoContextCustomizer@98854dc], contextLoader = 'org.springframework.test.context.support.DelegatingSmartContextLoader', parent = [null]]]
22:37:52.083 [Test worker] DEBUG org.springframework.test.context.cache - Spring test ApplicationContext cache statistics: [DefaultContextCache@476ee5b3 size = 1, maxSize = 32, parentContextCount = 0, hitCount = 78, missCount = 1]
22:37:52.087 [Test worker] DEBUG org.springframework.test.context.cache.DefaultCacheAwareContextLoaderDelegate - Retrieved ApplicationContext [418513504] from cache with key [[MergedContextConfiguration@5778826f testClass = UserServiceTest, locations = '{}', classes = '{class org.waldreg.user.management.user.DefaultUserManager, class org.waldreg.user.management.joiningpool.DefaultJoiningPoolManager}', contextInitializerClasses = '[]', activeProfiles = '{}', propertySourceLocations = '{}', propertySourceProperties = '{}', contextCustomizers = set[org.springframework.boot.test.autoconfigure.actuate.metrics.MetricsExportContextCustomizerFactory$DisableMetricExportContextCustomizer@1698fc68, org.springframework.boot.test.autoconfigure.properties.PropertyMappingContextCustomizer@0, org.springframework.boot.test.autoconfigure.web.servlet.WebDriverContextCustomizerFactory$Customizer@58359ebd, org.springframework.boot.test.context.filter.ExcludeFilterContextCustomizer@4ee37ca3, org.springframework.boot.test.json.DuplicateJsonObjectContextCustomizerFactory$DuplicateJsonObjectContextCustomizer@422c3c7a, org.springframework.boot.test.mock.mockito.MockitoContextCustomizer@98854dc], contextLoader = 'org.springframework.test.context.support.DelegatingSmartContextLoader', parent = [null]]]
22:37:52.087 [Test worker] DEBUG org.springframework.test.context.cache - Spring test ApplicationContext cache statistics: [DefaultContextCache@476ee5b3 size = 1, maxSize = 32, parentContextCount = 0, hitCount = 79, missCount = 1]
22:37:52.087 [Test worker] DEBUG org.springframework.test.context.cache.DefaultCacheAwareContextLoaderDelegate - Retrieved ApplicationContext [418513504] from cache with key [[MergedContextConfiguration@5778826f testClass = UserServiceTest, locations = '{}', classes = '{class org.waldreg.user.management.user.DefaultUserManager, class org.waldreg.user.management.joiningpool.DefaultJoiningPoolManager}', contextInitializerClasses = '[]', activeProfiles = '{}', propertySourceLocations = '{}', propertySourceProperties = '{}', contextCustomizers = set[org.springframework.boot.test.autoconfigure.actuate.metrics.MetricsExportContextCustomizerFactory$DisableMetricExportContextCustomizer@1698fc68, org.springframework.boot.test.autoconfigure.properties.PropertyMappingContextCustomizer@0, org.springframework.boot.test.autoconfigure.web.servlet.WebDriverContextCustomizerFactory$Customizer@58359ebd, org.springframework.boot.test.context.filter.ExcludeFilterContextCustomizer@4ee37ca3, org.springframework.boot.test.json.DuplicateJsonObjectContextCustomizerFactory$DuplicateJsonObjectContextCustomizer@422c3c7a, org.springframework.boot.test.mock.mockito.MockitoContextCustomizer@98854dc], contextLoader = 'org.springframework.test.context.support.DelegatingSmartContextLoader', parent = [null]]]
22:37:52.087 [Test worker] DEBUG org.springframework.test.context.cache - Spring test ApplicationContext cache statistics: [DefaultContextCache@476ee5b3 size = 1, maxSize = 32, parentContextCount = 0, hitCount = 80, missCount = 1]
22:37:52.087 [Test worker] DEBUG org.springframework.test.context.cache.DefaultCacheAwareContextLoaderDelegate - Retrieved ApplicationContext [418513504] from cache with key [[MergedContextConfiguration@5778826f testClass = UserServiceTest, locations = '{}', classes = '{class org.waldreg.user.management.user.DefaultUserManager, class org.waldreg.user.management.joiningpool.DefaultJoiningPoolManager}', contextInitializerClasses = '[]', activeProfiles = '{}', propertySourceLocations = '{}', propertySourceProperties = '{}', contextCustomizers = set[org.springframework.boot.test.autoconfigure.actuate.metrics.MetricsExportContextCustomizerFactory$DisableMetricExportContextCustomizer@1698fc68, org.springframework.boot.test.autoconfigure.properties.PropertyMappingContextCustomizer@0, org.springframework.boot.test.autoconfigure.web.servlet.WebDriverContextCustomizerFactory$Customizer@58359ebd, org.springframework.boot.test.context.filter.ExcludeFilterContextCustomizer@4ee37ca3, org.springframework.boot.test.json.DuplicateJsonObjectContextCustomizerFactory$DuplicateJsonObjectContextCustomizer@422c3c7a, org.springframework.boot.test.mock.mockito.MockitoContextCustomizer@98854dc], contextLoader = 'org.springframework.test.context.support.DelegatingSmartContextLoader', parent = [null]]]
22:37:52.087 [Test worker] DEBUG org.springframework.test.context.cache - Spring test ApplicationContext cache statistics: [DefaultContextCache@476ee5b3 size = 1, maxSize = 32, parentContextCount = 0, hitCount = 81, missCount = 1]
22:37:52.087 [Test worker] DEBUG org.springframework.test.context.cache.DefaultCacheAwareContextLoaderDelegate - Retrieved ApplicationContext [418513504] from cache with key [[MergedContextConfiguration@5778826f testClass = UserServiceTest, locations = '{}', classes = '{class org.waldreg.user.management.user.DefaultUserManager, class org.waldreg.user.management.joiningpool.DefaultJoiningPoolManager}', contextInitializerClasses = '[]', activeProfiles = '{}', propertySourceLocations = '{}', propertySourceProperties = '{}', contextCustomizers = set[org.springframework.boot.test.autoconfigure.actuate.metrics.MetricsExportContextCustomizerFactory$DisableMetricExportContextCustomizer@1698fc68, org.springframework.boot.test.autoconfigure.properties.PropertyMappingContextCustomizer@0, org.springframework.boot.test.autoconfigure.web.servlet.WebDriverContextCustomizerFactory$Customizer@58359ebd, org.springframework.boot.test.context.filter.ExcludeFilterContextCustomizer@4ee37ca3, org.springframework.boot.test.json.DuplicateJsonObjectContextCustomizerFactory$DuplicateJsonObjectContextCustomizer@422c3c7a, org.springframework.boot.test.mock.mockito.MockitoContextCustomizer@98854dc], contextLoader = 'org.springframework.test.context.support.DelegatingSmartContextLoader', parent = [null]]]
22:37:52.087 [Test worker] DEBUG org.springframework.test.context.cache - Spring test ApplicationContext cache statistics: [DefaultContextCache@476ee5b3 size = 1, maxSize = 32, parentContextCount = 0, hitCount = 82, missCount = 1]
22:37:52.087 [Test worker] DEBUG org.springframework.test.context.cache.DefaultCacheAwareContextLoaderDelegate - Retrieved ApplicationContext [418513504] from cache with key [[MergedContextConfiguration@5778826f testClass = UserServiceTest, locations = '{}', classes = '{class org.waldreg.user.management.user.DefaultUserManager, class org.waldreg.user.management.joiningpool.DefaultJoiningPoolManager}', contextInitializerClasses = '[]', activeProfiles = '{}', propertySourceLocations = '{}', propertySourceProperties = '{}', contextCustomizers = set[org.springframework.boot.test.autoconfigure.actuate.metrics.MetricsExportContextCustomizerFactory$DisableMetricExportContextCustomizer@1698fc68, org.springframework.boot.test.autoconfigure.properties.PropertyMappingContextCustomizer@0, org.springframework.boot.test.autoconfigure.web.servlet.WebDriverContextCustomizerFactory$Customizer@58359ebd, org.springframework.boot.test.context.filter.ExcludeFilterContextCustomizer@4ee37ca3, org.springframework.boot.test.json.DuplicateJsonObjectContextCustomizerFactory$DuplicateJsonObjectContextCustomizer@422c3c7a, org.springframework.boot.test.mock.mockito.MockitoContextCustomizer@98854dc], contextLoader = 'org.springframework.test.context.support.DelegatingSmartContextLoader', parent = [null]]]
22:37:52.087 [Test worker] DEBUG org.springframework.test.context.cache - Spring test ApplicationContext cache statistics: [DefaultContextCache@476ee5b3 size = 1, maxSize = 32, parentContextCount = 0, hitCount = 83, missCount = 1]
22:37:52.087 [Test worker] DEBUG org.springframework.test.context.support.AbstractDirtiesContextTestExecutionListener - After test method: context [DefaultTestContext@7829b776 testClass = UserServiceTest, testInstance = org.waldreg.user.management.UserServiceTest@25aeb5ac, testMethod = UPDATE_USER_CHARACTER_FAIL_CAUSE_ADMIN_TEST@UserServiceTest, testException = [null], mergedContextConfiguration = [MergedContextConfiguration@5778826f testClass = UserServiceTest, locations = '{}', classes = '{class org.waldreg.user.management.user.DefaultUserManager, class org.waldreg.user.management.joiningpool.DefaultJoiningPoolManager}', contextInitializerClasses = '[]', activeProfiles = '{}', propertySourceLocations = '{}', propertySourceProperties = '{}', contextCustomizers = set[org.springframework.boot.test.autoconfigure.actuate.metrics.MetricsExportContextCustomizerFactory$DisableMetricExportContextCustomizer@1698fc68, org.springframework.boot.test.autoconfigure.properties.PropertyMappingContextCustomizer@0, org.springframework.boot.test.autoconfigure.web.servlet.WebDriverContextCustomizerFactory$Customizer@58359ebd, org.springframework.boot.test.context.filter.ExcludeFilterContextCustomizer@4ee37ca3, org.springframework.boot.test.json.DuplicateJsonObjectContextCustomizerFactory$DuplicateJsonObjectContextCustomizer@422c3c7a, org.springframework.boot.test.mock.mockito.MockitoContextCustomizer@98854dc], contextLoader = 'org.springframework.test.context.support.DelegatingSmartContextLoader', parent = [null]], attributes = map['org.springframework.test.context.event.ApplicationEventsTestExecutionListener.recordApplicationEvents' -> false]], class annotated with @DirtiesContext [false] with mode [null], method annotated with @DirtiesContext [false] with mode [null].
22:37:52.092 [Test worker] DEBUG org.springframework.test.context.cache.DefaultCacheAwareContextLoaderDelegate - Retrieved ApplicationContext [418513504] from cache with key [[MergedContextConfiguration@5778826f testClass = UserServiceTest, locations = '{}', classes = '{class org.waldreg.user.management.user.DefaultUserManager, class org.waldreg.user.management.joiningpool.DefaultJoiningPoolManager}', contextInitializerClasses = '[]', activeProfiles = '{}', propertySourceLocations = '{}', propertySourceProperties = '{}', contextCustomizers = set[org.springframework.boot.test.autoconfigure.actuate.metrics.MetricsExportContextCustomizerFactory$DisableMetricExportContextCustomizer@1698fc68, org.springframework.boot.test.autoconfigure.properties.PropertyMappingContextCustomizer@0, org.springframework.boot.test.autoconfigure.web.servlet.WebDriverContextCustomizerFactory$Customizer@58359ebd, org.springframework.boot.test.context.filter.ExcludeFilterContextCustomizer@4ee37ca3, org.springframework.boot.test.json.DuplicateJsonObjectContextCustomizerFactory$DuplicateJsonObjectContextCustomizer@422c3c7a, org.springframework.boot.test.mock.mockito.MockitoContextCustomizer@98854dc], contextLoader = 'org.springframework.test.context.support.DelegatingSmartContextLoader', parent = [null]]]
22:37:52.092 [Test worker] DEBUG org.springframework.test.context.cache - Spring test ApplicationContext cache statistics: [DefaultContextCache@476ee5b3 size = 1, maxSize = 32, parentContextCount = 0, hitCount = 84, missCount = 1]
22:37:52.092 [Test worker] DEBUG org.springframework.test.context.support.DependencyInjectionTestExecutionListener - Performing dependency injection for test context [[DefaultTestContext@7829b776 testClass = UserServiceTest, testInstance = org.waldreg.user.management.UserServiceTest@250a500b, testMethod = [null], testException = [null], mergedContextConfiguration = [MergedContextConfiguration@5778826f testClass = UserServiceTest, locations = '{}', classes = '{class org.waldreg.user.management.user.DefaultUserManager, class org.waldreg.user.management.joiningpool.DefaultJoiningPoolManager}', contextInitializerClasses = '[]', activeProfiles = '{}', propertySourceLocations = '{}', propertySourceProperties = '{}', contextCustomizers = set[org.springframework.boot.test.autoconfigure.actuate.metrics.MetricsExportContextCustomizerFactory$DisableMetricExportContextCustomizer@1698fc68, org.springframework.boot.test.autoconfigure.properties.PropertyMappingContextCustomizer@0, org.springframework.boot.test.autoconfigure.web.servlet.WebDriverContextCustomizerFactory$Customizer@58359ebd, org.springframework.boot.test.context.filter.ExcludeFilterContextCustomizer@4ee37ca3, org.springframework.boot.test.json.DuplicateJsonObjectContextCustomizerFactory$DuplicateJsonObjectContextCustomizer@422c3c7a, org.springframework.boot.test.mock.mockito.MockitoContextCustomizer@98854dc], contextLoader = 'org.springframework.test.context.support.DelegatingSmartContextLoader', parent = [null]], attributes = map['org.springframework.test.context.event.ApplicationEventsTestExecutionListener.recordApplicationEvents' -> false]]].
22:37:52.092 [Test worker] DEBUG org.springframework.test.context.cache.DefaultCacheAwareContextLoaderDelegate - Retrieved ApplicationContext [418513504] from cache with key [[MergedContextConfiguration@5778826f testClass = UserServiceTest, locations = '{}', classes = '{class org.waldreg.user.management.user.DefaultUserManager, class org.waldreg.user.management.joiningpool.DefaultJoiningPoolManager}', contextInitializerClasses = '[]', activeProfiles = '{}', propertySourceLocations = '{}', propertySourceProperties = '{}', contextCustomizers = set[org.springframework.boot.test.autoconfigure.actuate.metrics.MetricsExportContextCustomizerFactory$DisableMetricExportContextCustomizer@1698fc68, org.springframework.boot.test.autoconfigure.properties.PropertyMappingContextCustomizer@0, org.springframework.boot.test.autoconfigure.web.servlet.WebDriverContextCustomizerFactory$Customizer@58359ebd, org.springframework.boot.test.context.filter.ExcludeFilterContextCustomizer@4ee37ca3, org.springframework.boot.test.json.DuplicateJsonObjectContextCustomizerFactory$DuplicateJsonObjectContextCustomizer@422c3c7a, org.springframework.boot.test.mock.mockito.MockitoContextCustomizer@98854dc], contextLoader = 'org.springframework.test.context.support.DelegatingSmartContextLoader', parent = [null]]]
22:37:52.092 [Test worker] DEBUG org.springframework.test.context.cache - Spring test ApplicationContext cache statistics: [DefaultContextCache@476ee5b3 size = 1, maxSize = 32, parentContextCount = 0, hitCount = 85, missCount = 1]
22:37:52.092 [Test worker] DEBUG org.springframework.test.context.cache.DefaultCacheAwareContextLoaderDelegate - Retrieved ApplicationContext [418513504] from cache with key [[MergedContextConfiguration@5778826f testClass = UserServiceTest, locations = '{}', classes = '{class org.waldreg.user.management.user.DefaultUserManager, class org.waldreg.user.management.joiningpool.DefaultJoiningPoolManager}', contextInitializerClasses = '[]', activeProfiles = '{}', propertySourceLocations = '{}', propertySourceProperties = '{}', contextCustomizers = set[org.springframework.boot.test.autoconfigure.actuate.metrics.MetricsExportContextCustomizerFactory$DisableMetricExportContextCustomizer@1698fc68, org.springframework.boot.test.autoconfigure.properties.PropertyMappingContextCustomizer@0, org.springframework.boot.test.autoconfigure.web.servlet.WebDriverContextCustomizerFactory$Customizer@58359ebd, org.springframework.boot.test.context.filter.ExcludeFilterContextCustomizer@4ee37ca3, org.springframework.boot.test.json.DuplicateJsonObjectContextCustomizerFactory$DuplicateJsonObjectContextCustomizer@422c3c7a, org.springframework.boot.test.mock.mockito.MockitoContextCustomizer@98854dc], contextLoader = 'org.springframework.test.context.support.DelegatingSmartContextLoader', parent = [null]]]
22:37:52.092 [Test worker] DEBUG org.springframework.test.context.cache - Spring test ApplicationContext cache statistics: [DefaultContextCache@476ee5b3 size = 1, maxSize = 32, parentContextCount = 0, hitCount = 86, missCount = 1]
22:37:52.097 [Test worker] DEBUG org.springframework.test.context.support.AbstractDirtiesContextTestExecutionListener - Before test method: context [DefaultTestContext@7829b776 testClass = UserServiceTest, testInstance = org.waldreg.user.management.UserServiceTest@250a500b, testMethod = APPROVE_USER_JOIN_FAIL_UNKNOWN_USER_ID_TEST@UserServiceTest, testException = [null], mergedContextConfiguration = [MergedContextConfiguration@5778826f testClass = UserServiceTest, locations = '{}', classes = '{class org.waldreg.user.management.user.DefaultUserManager, class org.waldreg.user.management.joiningpool.DefaultJoiningPoolManager}', contextInitializerClasses = '[]', activeProfiles = '{}', propertySourceLocations = '{}', propertySourceProperties = '{}', contextCustomizers = set[org.springframework.boot.test.autoconfigure.actuate.metrics.MetricsExportContextCustomizerFactory$DisableMetricExportContextCustomizer@1698fc68, org.springframework.boot.test.autoconfigure.properties.PropertyMappingContextCustomizer@0, org.springframework.boot.test.autoconfigure.web.servlet.WebDriverContextCustomizerFactory$Customizer@58359ebd, org.springframework.boot.test.context.filter.ExcludeFilterContextCustomizer@4ee37ca3, org.springframework.boot.test.json.DuplicateJsonObjectContextCustomizerFactory$DuplicateJsonObjectContextCustomizer@422c3c7a, org.springframework.boot.test.mock.mockito.MockitoContextCustomizer@98854dc], contextLoader = 'org.springframework.test.context.support.DelegatingSmartContextLoader', parent = [null]], attributes = map['org.springframework.test.context.event.ApplicationEventsTestExecutionListener.recordApplicationEvents' -> false]], class annotated with @DirtiesContext [false] with mode [null], method annotated with @DirtiesContext [false] with mode [null].
22:37:52.097 [Test worker] DEBUG org.springframework.test.context.cache.DefaultCacheAwareContextLoaderDelegate - Retrieved ApplicationContext [418513504] from cache with key [[MergedContextConfiguration@5778826f testClass = UserServiceTest, locations = '{}', classes = '{class org.waldreg.user.management.user.DefaultUserManager, class org.waldreg.user.management.joiningpool.DefaultJoiningPoolManager}', contextInitializerClasses = '[]', activeProfiles = '{}', propertySourceLocations = '{}', propertySourceProperties = '{}', contextCustomizers = set[org.springframework.boot.test.autoconfigure.actuate.metrics.MetricsExportContextCustomizerFactory$DisableMetricExportContextCustomizer@1698fc68, org.springframework.boot.test.autoconfigure.properties.PropertyMappingContextCustomizer@0, org.springframework.boot.test.autoconfigure.web.servlet.WebDriverContextCustomizerFactory$Customizer@58359ebd, org.springframework.boot.test.context.filter.ExcludeFilterContextCustomizer@4ee37ca3, org.springframework.boot.test.json.DuplicateJsonObjectContextCustomizerFactory$DuplicateJsonObjectContextCustomizer@422c3c7a, org.springframework.boot.test.mock.mockito.MockitoContextCustomizer@98854dc], contextLoader = 'org.springframework.test.context.support.DelegatingSmartContextLoader', parent = [null]]]
22:37:52.097 [Test worker] DEBUG org.springframework.test.context.cache - Spring test ApplicationContext cache statistics: [DefaultContextCache@476ee5b3 size = 1, maxSize = 32, parentContextCount = 0, hitCount = 87, missCount = 1]
22:37:52.097 [Test worker] DEBUG org.springframework.test.context.cache.DefaultCacheAwareContextLoaderDelegate - Retrieved ApplicationContext [418513504] from cache with key [[MergedContextConfiguration@5778826f testClass = UserServiceTest, locations = '{}', classes = '{class org.waldreg.user.management.user.DefaultUserManager, class org.waldreg.user.management.joiningpool.DefaultJoiningPoolManager}', contextInitializerClasses = '[]', activeProfiles = '{}', propertySourceLocations = '{}', propertySourceProperties = '{}', contextCustomizers = set[org.springframework.boot.test.autoconfigure.actuate.metrics.MetricsExportContextCustomizerFactory$DisableMetricExportContextCustomizer@1698fc68, org.springframework.boot.test.autoconfigure.properties.PropertyMappingContextCustomizer@0, org.springframework.boot.test.autoconfigure.web.servlet.WebDriverContextCustomizerFactory$Customizer@58359ebd, org.springframework.boot.test.context.filter.ExcludeFilterContextCustomizer@4ee37ca3, org.springframework.boot.test.json.DuplicateJsonObjectContextCustomizerFactory$DuplicateJsonObjectContextCustomizer@422c3c7a, org.springframework.boot.test.mock.mockito.MockitoContextCustomizer@98854dc], contextLoader = 'org.springframework.test.context.support.DelegatingSmartContextLoader', parent = [null]]]
22:37:52.097 [Test worker] DEBUG org.springframework.test.context.cache - Spring test ApplicationContext cache statistics: [DefaultContextCache@476ee5b3 size = 1, maxSize = 32, parentContextCount = 0, hitCount = 88, missCount = 1]
22:37:52.097 [Test worker] DEBUG org.springframework.test.context.cache.DefaultCacheAwareContextLoaderDelegate - Retrieved ApplicationContext [418513504] from cache with key [[MergedContextConfiguration@5778826f testClass = UserServiceTest, locations = '{}', classes = '{class org.waldreg.user.management.user.DefaultUserManager, class org.waldreg.user.management.joiningpool.DefaultJoiningPoolManager}', contextInitializerClasses = '[]', activeProfiles = '{}', propertySourceLocations = '{}', propertySourceProperties = '{}', contextCustomizers = set[org.springframework.boot.test.autoconfigure.actuate.metrics.MetricsExportContextCustomizerFactory$DisableMetricExportContextCustomizer@1698fc68, org.springframework.boot.test.autoconfigure.properties.PropertyMappingContextCustomizer@0, org.springframework.boot.test.autoconfigure.web.servlet.WebDriverContextCustomizerFactory$Customizer@58359ebd, org.springframework.boot.test.context.filter.ExcludeFilterContextCustomizer@4ee37ca3, org.springframework.boot.test.json.DuplicateJsonObjectContextCustomizerFactory$DuplicateJsonObjectContextCustomizer@422c3c7a, org.springframework.boot.test.mock.mockito.MockitoContextCustomizer@98854dc], contextLoader = 'org.springframework.test.context.support.DelegatingSmartContextLoader', parent = [null]]]
22:37:52.097 [Test worker] DEBUG org.springframework.test.context.cache - Spring test ApplicationContext cache statistics: [DefaultContextCache@476ee5b3 size = 1, maxSize = 32, parentContextCount = 0, hitCount = 89, missCount = 1]
22:37:52.104 [Test worker] DEBUG org.springframework.test.context.cache.DefaultCacheAwareContextLoaderDelegate - Retrieved ApplicationContext [418513504] from cache with key [[MergedContextConfiguration@5778826f testClass = UserServiceTest, locations = '{}', classes = '{class org.waldreg.user.management.user.DefaultUserManager, class org.waldreg.user.management.joiningpool.DefaultJoiningPoolManager}', contextInitializerClasses = '[]', activeProfiles = '{}', propertySourceLocations = '{}', propertySourceProperties = '{}', contextCustomizers = set[org.springframework.boot.test.autoconfigure.actuate.metrics.MetricsExportContextCustomizerFactory$DisableMetricExportContextCustomizer@1698fc68, org.springframework.boot.test.autoconfigure.properties.PropertyMappingContextCustomizer@0, org.springframework.boot.test.autoconfigure.web.servlet.WebDriverContextCustomizerFactory$Customizer@58359ebd, org.springframework.boot.test.context.filter.ExcludeFilterContextCustomizer@4ee37ca3, org.springframework.boot.test.json.DuplicateJsonObjectContextCustomizerFactory$DuplicateJsonObjectContextCustomizer@422c3c7a, org.springframework.boot.test.mock.mockito.MockitoContextCustomizer@98854dc], contextLoader = 'org.springframework.test.context.support.DelegatingSmartContextLoader', parent = [null]]]
22:37:52.104 [Test worker] DEBUG org.springframework.test.context.cache - Spring test ApplicationContext cache statistics: [DefaultContextCache@476ee5b3 size = 1, maxSize = 32, parentContextCount = 0, hitCount = 90, missCount = 1]
22:37:52.104 [Test worker] DEBUG org.springframework.test.context.cache.DefaultCacheAwareContextLoaderDelegate - Retrieved ApplicationContext [418513504] from cache with key [[MergedContextConfiguration@5778826f testClass = UserServiceTest, locations = '{}', classes = '{class org.waldreg.user.management.user.DefaultUserManager, class org.waldreg.user.management.joiningpool.DefaultJoiningPoolManager}', contextInitializerClasses = '[]', activeProfiles = '{}', propertySourceLocations = '{}', propertySourceProperties = '{}', contextCustomizers = set[org.springframework.boot.test.autoconfigure.actuate.metrics.MetricsExportContextCustomizerFactory$DisableMetricExportContextCustomizer@1698fc68, org.springframework.boot.test.autoconfigure.properties.PropertyMappingContextCustomizer@0, org.springframework.boot.test.autoconfigure.web.servlet.WebDriverContextCustomizerFactory$Customizer@58359ebd, org.springframework.boot.test.context.filter.ExcludeFilterContextCustomizer@4ee37ca3, org.springframework.boot.test.json.DuplicateJsonObjectContextCustomizerFactory$DuplicateJsonObjectContextCustomizer@422c3c7a, org.springframework.boot.test.mock.mockito.MockitoContextCustomizer@98854dc], contextLoader = 'org.springframework.test.context.support.DelegatingSmartContextLoader', parent = [null]]]
22:37:52.104 [Test worker] DEBUG org.springframework.test.context.cache - Spring test ApplicationContext cache statistics: [DefaultContextCache@476ee5b3 size = 1, maxSize = 32, parentContextCount = 0, hitCount = 91, missCount = 1]
22:37:52.107 [Test worker] DEBUG org.springframework.test.context.cache.DefaultCacheAwareContextLoaderDelegate - Retrieved ApplicationContext [418513504] from cache with key [[MergedContextConfiguration@5778826f testClass = UserServiceTest, locations = '{}', classes = '{class org.waldreg.user.management.user.DefaultUserManager, class org.waldreg.user.management.joiningpool.DefaultJoiningPoolManager}', contextInitializerClasses = '[]', activeProfiles = '{}', propertySourceLocations = '{}', propertySourceProperties = '{}', contextCustomizers = set[org.springframework.boot.test.autoconfigure.actuate.metrics.MetricsExportContextCustomizerFactory$DisableMetricExportContextCustomizer@1698fc68, org.springframework.boot.test.autoconfigure.properties.PropertyMappingContextCustomizer@0, org.springframework.boot.test.autoconfigure.web.servlet.WebDriverContextCustomizerFactory$Customizer@58359ebd, org.springframework.boot.test.context.filter.ExcludeFilterContextCustomizer@4ee37ca3, org.springframework.boot.test.json.DuplicateJsonObjectContextCustomizerFactory$DuplicateJsonObjectContextCustomizer@422c3c7a, org.springframework.boot.test.mock.mockito.MockitoContextCustomizer@98854dc], contextLoader = 'org.springframework.test.context.support.DelegatingSmartContextLoader', parent = [null]]]
22:37:52.108 [Test worker] DEBUG org.springframework.test.context.cache - Spring test ApplicationContext cache statistics: [DefaultContextCache@476ee5b3 size = 1, maxSize = 32, parentContextCount = 0, hitCount = 92, missCount = 1]
22:37:52.108 [Test worker] DEBUG org.springframework.test.context.cache.DefaultCacheAwareContextLoaderDelegate - Retrieved ApplicationContext [418513504] from cache with key [[MergedContextConfiguration@5778826f testClass = UserServiceTest, locations = '{}', classes = '{class org.waldreg.user.management.user.DefaultUserManager, class org.waldreg.user.management.joiningpool.DefaultJoiningPoolManager}', contextInitializerClasses = '[]', activeProfiles = '{}', propertySourceLocations = '{}', propertySourceProperties = '{}', contextCustomizers = set[org.springframework.boot.test.autoconfigure.actuate.metrics.MetricsExportContextCustomizerFactory$DisableMetricExportContextCustomizer@1698fc68, org.springframework.boot.test.autoconfigure.properties.PropertyMappingContextCustomizer@0, org.springframework.boot.test.autoconfigure.web.servlet.WebDriverContextCustomizerFactory$Customizer@58359ebd, org.springframework.boot.test.context.filter.ExcludeFilterContextCustomizer@4ee37ca3, org.springframework.boot.test.json.DuplicateJsonObjectContextCustomizerFactory$DuplicateJsonObjectContextCustomizer@422c3c7a, org.springframework.boot.test.mock.mockito.MockitoContextCustomizer@98854dc], contextLoader = 'org.springframework.test.context.support.DelegatingSmartContextLoader', parent = [null]]]
22:37:52.108 [Test worker] DEBUG org.springframework.test.context.cache - Spring test ApplicationContext cache statistics: [DefaultContextCache@476ee5b3 size = 1, maxSize = 32, parentContextCount = 0, hitCount = 93, missCount = 1]
22:37:52.108 [Test worker] DEBUG org.springframework.test.context.cache.DefaultCacheAwareContextLoaderDelegate - Retrieved ApplicationContext [418513504] from cache with key [[MergedContextConfiguration@5778826f testClass = UserServiceTest, locations = '{}', classes = '{class org.waldreg.user.management.user.DefaultUserManager, class org.waldreg.user.management.joiningpool.DefaultJoiningPoolManager}', contextInitializerClasses = '[]', activeProfiles = '{}', propertySourceLocations = '{}', propertySourceProperties = '{}', contextCustomizers = set[org.springframework.boot.test.autoconfigure.actuate.metrics.MetricsExportContextCustomizerFactory$DisableMetricExportContextCustomizer@1698fc68, org.springframework.boot.test.autoconfigure.properties.PropertyMappingContextCustomizer@0, org.springframework.boot.test.autoconfigure.web.servlet.WebDriverContextCustomizerFactory$Customizer@58359ebd, org.springframework.boot.test.context.filter.ExcludeFilterContextCustomizer@4ee37ca3, org.springframework.boot.test.json.DuplicateJsonObjectContextCustomizerFactory$DuplicateJsonObjectContextCustomizer@422c3c7a, org.springframework.boot.test.mock.mockito.MockitoContextCustomizer@98854dc], contextLoader = 'org.springframework.test.context.support.DelegatingSmartContextLoader', parent = [null]]]
22:37:52.108 [Test worker] DEBUG org.springframework.test.context.cache - Spring test ApplicationContext cache statistics: [DefaultContextCache@476ee5b3 size = 1, maxSize = 32, parentContextCount = 0, hitCount = 94, missCount = 1]
22:37:52.108 [Test worker] DEBUG org.springframework.test.context.cache.DefaultCacheAwareContextLoaderDelegate - Retrieved ApplicationContext [418513504] from cache with key [[MergedContextConfiguration@5778826f testClass = UserServiceTest, locations = '{}', classes = '{class org.waldreg.user.management.user.DefaultUserManager, class org.waldreg.user.management.joiningpool.DefaultJoiningPoolManager}', contextInitializerClasses = '[]', activeProfiles = '{}', propertySourceLocations = '{}', propertySourceProperties = '{}', contextCustomizers = set[org.springframework.boot.test.autoconfigure.actuate.metrics.MetricsExportContextCustomizerFactory$DisableMetricExportContextCustomizer@1698fc68, org.springframework.boot.test.autoconfigure.properties.PropertyMappingContextCustomizer@0, org.springframework.boot.test.autoconfigure.web.servlet.WebDriverContextCustomizerFactory$Customizer@58359ebd, org.springframework.boot.test.context.filter.ExcludeFilterContextCustomizer@4ee37ca3, org.springframework.boot.test.json.DuplicateJsonObjectContextCustomizerFactory$DuplicateJsonObjectContextCustomizer@422c3c7a, org.springframework.boot.test.mock.mockito.MockitoContextCustomizer@98854dc], contextLoader = 'org.springframework.test.context.support.DelegatingSmartContextLoader', parent = [null]]]
22:37:52.108 [Test worker] DEBUG org.springframework.test.context.cache - Spring test ApplicationContext cache statistics: [DefaultContextCache@476ee5b3 size = 1, maxSize = 32, parentContextCount = 0, hitCount = 95, missCount = 1]
22:37:52.108 [Test worker] DEBUG org.springframework.test.context.support.AbstractDirtiesContextTestExecutionListener - After test method: context [DefaultTestContext@7829b776 testClass = UserServiceTest, testInstance = org.waldreg.user.management.UserServiceTest@250a500b, testMethod = APPROVE_USER_JOIN_FAIL_UNKNOWN_USER_ID_TEST@UserServiceTest, testException = [null], mergedContextConfiguration = [MergedContextConfiguration@5778826f testClass = UserServiceTest, locations = '{}', classes = '{class org.waldreg.user.management.user.DefaultUserManager, class org.waldreg.user.management.joiningpool.DefaultJoiningPoolManager}', contextInitializerClasses = '[]', activeProfiles = '{}', propertySourceLocations = '{}', propertySourceProperties = '{}', contextCustomizers = set[org.springframework.boot.test.autoconfigure.actuate.metrics.MetricsExportContextCustomizerFactory$DisableMetricExportContextCustomizer@1698fc68, org.springframework.boot.test.autoconfigure.properties.PropertyMappingContextCustomizer@0, org.springframework.boot.test.autoconfigure.web.servlet.WebDriverContextCustomizerFactory$Customizer@58359ebd, org.springframework.boot.test.context.filter.ExcludeFilterContextCustomizer@4ee37ca3, org.springframework.boot.test.json.DuplicateJsonObjectContextCustomizerFactory$DuplicateJsonObjectContextCustomizer@422c3c7a, org.springframework.boot.test.mock.mockito.MockitoContextCustomizer@98854dc], contextLoader = 'org.springframework.test.context.support.DelegatingSmartContextLoader', parent = [null]], attributes = map['org.springframework.test.context.event.ApplicationEventsTestExecutionListener.recordApplicationEvents' -> false]], class annotated with @DirtiesContext [false] with mode [null], method annotated with @DirtiesContext [false] with mode [null].
22:37:52.108 [Test worker] DEBUG org.springframework.test.context.cache.DefaultCacheAwareContextLoaderDelegate - Retrieved ApplicationContext [418513504] from cache with key [[MergedContextConfiguration@5778826f testClass = UserServiceTest, locations = '{}', classes = '{class org.waldreg.user.management.user.DefaultUserManager, class org.waldreg.user.management.joiningpool.DefaultJoiningPoolManager}', contextInitializerClasses = '[]', activeProfiles = '{}', propertySourceLocations = '{}', propertySourceProperties = '{}', contextCustomizers = set[org.springframework.boot.test.autoconfigure.actuate.metrics.MetricsExportContextCustomizerFactory$DisableMetricExportContextCustomizer@1698fc68, org.springframework.boot.test.autoconfigure.properties.PropertyMappingContextCustomizer@0, org.springframework.boot.test.autoconfigure.web.servlet.WebDriverContextCustomizerFactory$Customizer@58359ebd, org.springframework.boot.test.context.filter.ExcludeFilterContextCustomizer@4ee37ca3, org.springframework.boot.test.json.DuplicateJsonObjectContextCustomizerFactory$DuplicateJsonObjectContextCustomizer@422c3c7a, org.springframework.boot.test.mock.mockito.MockitoContextCustomizer@98854dc], contextLoader = 'org.springframework.test.context.support.DelegatingSmartContextLoader', parent = [null]]]
22:37:52.113 [Test worker] DEBUG org.springframework.test.context.cache - Spring test ApplicationContext cache statistics: [DefaultContextCache@476ee5b3 size = 1, maxSize = 32, parentContextCount = 0, hitCount = 96, missCount = 1]
22:37:52.113 [Test worker] DEBUG org.springframework.test.context.support.DependencyInjectionTestExecutionListener - Performing dependency injection for test context [[DefaultTestContext@7829b776 testClass = UserServiceTest, testInstance = org.waldreg.user.management.UserServiceTest@618ff5c2, testMethod = [null], testException = [null], mergedContextConfiguration = [MergedContextConfiguration@5778826f testClass = UserServiceTest, locations = '{}', classes = '{class org.waldreg.user.management.user.DefaultUserManager, class org.waldreg.user.management.joiningpool.DefaultJoiningPoolManager}', contextInitializerClasses = '[]', activeProfiles = '{}', propertySourceLocations = '{}', propertySourceProperties = '{}', contextCustomizers = set[org.springframework.boot.test.autoconfigure.actuate.metrics.MetricsExportContextCustomizerFactory$DisableMetricExportContextCustomizer@1698fc68, org.springframework.boot.test.autoconfigure.properties.PropertyMappingContextCustomizer@0, org.springframework.boot.test.autoconfigure.web.servlet.WebDriverContextCustomizerFactory$Customizer@58359ebd, org.springframework.boot.test.context.filter.ExcludeFilterContextCustomizer@4ee37ca3, org.springframework.boot.test.json.DuplicateJsonObjectContextCustomizerFactory$DuplicateJsonObjectContextCustomizer@422c3c7a, org.springframework.boot.test.mock.mockito.MockitoContextCustomizer@98854dc], contextLoader = 'org.springframework.test.context.support.DelegatingSmartContextLoader', parent = [null]], attributes = map['org.springframework.test.context.event.ApplicationEventsTestExecutionListener.recordApplicationEvents' -> false]]].
22:37:52.113 [Test worker] DEBUG org.springframework.test.context.cache.DefaultCacheAwareContextLoaderDelegate - Retrieved ApplicationContext [418513504] from cache with key [[MergedContextConfiguration@5778826f testClass = UserServiceTest, locations = '{}', classes = '{class org.waldreg.user.management.user.DefaultUserManager, class org.waldreg.user.management.joiningpool.DefaultJoiningPoolManager}', contextInitializerClasses = '[]', activeProfiles = '{}', propertySourceLocations = '{}', propertySourceProperties = '{}', contextCustomizers = set[org.springframework.boot.test.autoconfigure.actuate.metrics.MetricsExportContextCustomizerFactory$DisableMetricExportContextCustomizer@1698fc68, org.springframework.boot.test.autoconfigure.properties.PropertyMappingContextCustomizer@0, org.springframework.boot.test.autoconfigure.web.servlet.WebDriverContextCustomizerFactory$Customizer@58359ebd, org.springframework.boot.test.context.filter.ExcludeFilterContextCustomizer@4ee37ca3, org.springframework.boot.test.json.DuplicateJsonObjectContextCustomizerFactory$DuplicateJsonObjectContextCustomizer@422c3c7a, org.springframework.boot.test.mock.mockito.MockitoContextCustomizer@98854dc], contextLoader = 'org.springframework.test.context.support.DelegatingSmartContextLoader', parent = [null]]]
22:37:52.113 [Test worker] DEBUG org.springframework.test.context.cache - Spring test ApplicationContext cache statistics: [DefaultContextCache@476ee5b3 size = 1, maxSize = 32, parentContextCount = 0, hitCount = 97, missCount = 1]
22:37:52.114 [Test worker] DEBUG org.springframework.test.context.cache.DefaultCacheAwareContextLoaderDelegate - Retrieved ApplicationContext [418513504] from cache with key [[MergedContextConfiguration@5778826f testClass = UserServiceTest, locations = '{}', classes = '{class org.waldreg.user.management.user.DefaultUserManager, class org.waldreg.user.management.joiningpool.DefaultJoiningPoolManager}', contextInitializerClasses = '[]', activeProfiles = '{}', propertySourceLocations = '{}', propertySourceProperties = '{}', contextCustomizers = set[org.springframework.boot.test.autoconfigure.actuate.metrics.MetricsExportContextCustomizerFactory$DisableMetricExportContextCustomizer@1698fc68, org.springframework.boot.test.autoconfigure.properties.PropertyMappingContextCustomizer@0, org.springframework.boot.test.autoconfigure.web.servlet.WebDriverContextCustomizerFactory$Customizer@58359ebd, org.springframework.boot.test.context.filter.ExcludeFilterContextCustomizer@4ee37ca3, org.springframework.boot.test.json.DuplicateJsonObjectContextCustomizerFactory$DuplicateJsonObjectContextCustomizer@422c3c7a, org.springframework.boot.test.mock.mockito.MockitoContextCustomizer@98854dc], contextLoader = 'org.springframework.test.context.support.DelegatingSmartContextLoader', parent = [null]]]
22:37:52.114 [Test worker] DEBUG org.springframework.test.context.cache - Spring test ApplicationContext cache statistics: [DefaultContextCache@476ee5b3 size = 1, maxSize = 32, parentContextCount = 0, hitCount = 98, missCount = 1]
22:37:52.114 [Test worker] DEBUG org.springframework.test.context.support.AbstractDirtiesContextTestExecutionListener - Before test method: context [DefaultTestContext@7829b776 testClass = UserServiceTest, testInstance = org.waldreg.user.management.UserServiceTest@618ff5c2, testMethod = CREATE_USER_SUCCESS_TEST@UserServiceTest, testException = [null], mergedContextConfiguration = [MergedContextConfiguration@5778826f testClass = UserServiceTest, locations = '{}', classes = '{class org.waldreg.user.management.user.DefaultUserManager, class org.waldreg.user.management.joiningpool.DefaultJoiningPoolManager}', contextInitializerClasses = '[]', activeProfiles = '{}', propertySourceLocations = '{}', propertySourceProperties = '{}', contextCustomizers = set[org.springframework.boot.test.autoconfigure.actuate.metrics.MetricsExportContextCustomizerFactory$DisableMetricExportContextCustomizer@1698fc68, org.springframework.boot.test.autoconfigure.properties.PropertyMappingContextCustomizer@0, org.springframework.boot.test.autoconfigure.web.servlet.WebDriverContextCustomizerFactory$Customizer@58359ebd, org.springframework.boot.test.context.filter.ExcludeFilterContextCustomizer@4ee37ca3, org.springframework.boot.test.json.DuplicateJsonObjectContextCustomizerFactory$DuplicateJsonObjectContextCustomizer@422c3c7a, org.springframework.boot.test.mock.mockito.MockitoContextCustomizer@98854dc], contextLoader = 'org.springframework.test.context.support.DelegatingSmartContextLoader', parent = [null]], attributes = map['org.springframework.test.context.event.ApplicationEventsTestExecutionListener.recordApplicationEvents' -> false]], class annotated with @DirtiesContext [false] with mode [null], method annotated with @DirtiesContext [false] with mode [null].
22:37:52.114 [Test worker] DEBUG org.springframework.test.context.cache.DefaultCacheAwareContextLoaderDelegate - Retrieved ApplicationContext [418513504] from cache with key [[MergedContextConfiguration@5778826f testClass = UserServiceTest, locations = '{}', classes = '{class org.waldreg.user.management.user.DefaultUserManager, class org.waldreg.user.management.joiningpool.DefaultJoiningPoolManager}', contextInitializerClasses = '[]', activeProfiles = '{}', propertySourceLocations = '{}', propertySourceProperties = '{}', contextCustomizers = set[org.springframework.boot.test.autoconfigure.actuate.metrics.MetricsExportContextCustomizerFactory$DisableMetricExportContextCustomizer@1698fc68, org.springframework.boot.test.autoconfigure.properties.PropertyMappingContextCustomizer@0, org.springframework.boot.test.autoconfigure.web.servlet.WebDriverContextCustomizerFactory$Customizer@58359ebd, org.springframework.boot.test.context.filter.ExcludeFilterContextCustomizer@4ee37ca3, org.springframework.boot.test.json.DuplicateJsonObjectContextCustomizerFactory$DuplicateJsonObjectContextCustomizer@422c3c7a, org.springframework.boot.test.mock.mockito.MockitoContextCustomizer@98854dc], contextLoader = 'org.springframework.test.context.support.DelegatingSmartContextLoader', parent = [null]]]
22:37:52.117 [Test worker] DEBUG org.springframework.test.context.cache - Spring test ApplicationContext cache statistics: [DefaultContextCache@476ee5b3 size = 1, maxSize = 32, parentContextCount = 0, hitCount = 99, missCount = 1]
22:37:52.117 [Test worker] DEBUG org.springframework.test.context.cache.DefaultCacheAwareContextLoaderDelegate - Retrieved ApplicationContext [418513504] from cache with key [[MergedContextConfiguration@5778826f testClass = UserServiceTest, locations = '{}', classes = '{class org.waldreg.user.management.user.DefaultUserManager, class org.waldreg.user.management.joiningpool.DefaultJoiningPoolManager}', contextInitializerClasses = '[]', activeProfiles = '{}', propertySourceLocations = '{}', propertySourceProperties = '{}', contextCustomizers = set[org.springframework.boot.test.autoconfigure.actuate.metrics.MetricsExportContextCustomizerFactory$DisableMetricExportContextCustomizer@1698fc68, org.springframework.boot.test.autoconfigure.properties.PropertyMappingContextCustomizer@0, org.springframework.boot.test.autoconfigure.web.servlet.WebDriverContextCustomizerFactory$Customizer@58359ebd, org.springframework.boot.test.context.filter.ExcludeFilterContextCustomizer@4ee37ca3, org.springframework.boot.test.json.DuplicateJsonObjectContextCustomizerFactory$DuplicateJsonObjectContextCustomizer@422c3c7a, org.springframework.boot.test.mock.mockito.MockitoContextCustomizer@98854dc], contextLoader = 'org.springframework.test.context.support.DelegatingSmartContextLoader', parent = [null]]]
22:37:52.117 [Test worker] DEBUG org.springframework.test.context.cache - Spring test ApplicationContext cache statistics: [DefaultContextCache@476ee5b3 size = 1, maxSize = 32, parentContextCount = 0, hitCount = 100, missCount = 1]
22:37:52.117 [Test worker] DEBUG org.springframework.test.context.cache.DefaultCacheAwareContextLoaderDelegate - Retrieved ApplicationContext [418513504] from cache with key [[MergedContextConfiguration@5778826f testClass = UserServiceTest, locations = '{}', classes = '{class org.waldreg.user.management.user.DefaultUserManager, class org.waldreg.user.management.joiningpool.DefaultJoiningPoolManager}', contextInitializerClasses = '[]', activeProfiles = '{}', propertySourceLocations = '{}', propertySourceProperties = '{}', contextCustomizers = set[org.springframework.boot.test.autoconfigure.actuate.metrics.MetricsExportContextCustomizerFactory$DisableMetricExportContextCustomizer@1698fc68, org.springframework.boot.test.autoconfigure.properties.PropertyMappingContextCustomizer@0, org.springframework.boot.test.autoconfigure.web.servlet.WebDriverContextCustomizerFactory$Customizer@58359ebd, org.springframework.boot.test.context.filter.ExcludeFilterContextCustomizer@4ee37ca3, org.springframework.boot.test.json.DuplicateJsonObjectContextCustomizerFactory$DuplicateJsonObjectContextCustomizer@422c3c7a, org.springframework.boot.test.mock.mockito.MockitoContextCustomizer@98854dc], contextLoader = 'org.springframework.test.context.support.DelegatingSmartContextLoader', parent = [null]]]
22:37:52.117 [Test worker] DEBUG org.springframework.test.context.cache - Spring test ApplicationContext cache statistics: [DefaultContextCache@476ee5b3 size = 1, maxSize = 32, parentContextCount = 0, hitCount = 101, missCount = 1]
22:37:52.122 [Test worker] DEBUG org.springframework.test.context.cache.DefaultCacheAwareContextLoaderDelegate - Retrieved ApplicationContext [418513504] from cache with key [[MergedContextConfiguration@5778826f testClass = UserServiceTest, locations = '{}', classes = '{class org.waldreg.user.management.user.DefaultUserManager, class org.waldreg.user.management.joiningpool.DefaultJoiningPoolManager}', contextInitializerClasses = '[]', activeProfiles = '{}', propertySourceLocations = '{}', propertySourceProperties = '{}', contextCustomizers = set[org.springframework.boot.test.autoconfigure.actuate.metrics.MetricsExportContextCustomizerFactory$DisableMetricExportContextCustomizer@1698fc68, org.springframework.boot.test.autoconfigure.properties.PropertyMappingContextCustomizer@0, org.springframework.boot.test.autoconfigure.web.servlet.WebDriverContextCustomizerFactory$Customizer@58359ebd, org.springframework.boot.test.context.filter.ExcludeFilterContextCustomizer@4ee37ca3, org.springframework.boot.test.json.DuplicateJsonObjectContextCustomizerFactory$DuplicateJsonObjectContextCustomizer@422c3c7a, org.springframework.boot.test.mock.mockito.MockitoContextCustomizer@98854dc], contextLoader = 'org.springframework.test.context.support.DelegatingSmartContextLoader', parent = [null]]]
22:37:52.122 [Test worker] DEBUG org.springframework.test.context.cache - Spring test ApplicationContext cache statistics: [DefaultContextCache@476ee5b3 size = 1, maxSize = 32, parentContextCount = 0, hitCount = 102, missCount = 1]
22:37:52.122 [Test worker] DEBUG org.springframework.test.context.cache.DefaultCacheAwareContextLoaderDelegate - Retrieved ApplicationContext [418513504] from cache with key [[MergedContextConfiguration@5778826f testClass = UserServiceTest, locations = '{}', classes = '{class org.waldreg.user.management.user.DefaultUserManager, class org.waldreg.user.management.joiningpool.DefaultJoiningPoolManager}', contextInitializerClasses = '[]', activeProfiles = '{}', propertySourceLocations = '{}', propertySourceProperties = '{}', contextCustomizers = set[org.springframework.boot.test.autoconfigure.actuate.metrics.MetricsExportContextCustomizerFactory$DisableMetricExportContextCustomizer@1698fc68, org.springframework.boot.test.autoconfigure.properties.PropertyMappingContextCustomizer@0, org.springframework.boot.test.autoconfigure.web.servlet.WebDriverContextCustomizerFactory$Customizer@58359ebd, org.springframework.boot.test.context.filter.ExcludeFilterContextCustomizer@4ee37ca3, org.springframework.boot.test.json.DuplicateJsonObjectContextCustomizerFactory$DuplicateJsonObjectContextCustomizer@422c3c7a, org.springframework.boot.test.mock.mockito.MockitoContextCustomizer@98854dc], contextLoader = 'org.springframework.test.context.support.DelegatingSmartContextLoader', parent = [null]]]
22:37:52.122 [Test worker] DEBUG org.springframework.test.context.cache - Spring test ApplicationContext cache statistics: [DefaultContextCache@476ee5b3 size = 1, maxSize = 32, parentContextCount = 0, hitCount = 103, missCount = 1]
22:37:52.122 [Test worker] DEBUG org.springframework.test.context.cache.DefaultCacheAwareContextLoaderDelegate - Retrieved ApplicationContext [418513504] from cache with key [[MergedContextConfiguration@5778826f testClass = UserServiceTest, locations = '{}', classes = '{class org.waldreg.user.management.user.DefaultUserManager, class org.waldreg.user.management.joiningpool.DefaultJoiningPoolManager}', contextInitializerClasses = '[]', activeProfiles = '{}', propertySourceLocations = '{}', propertySourceProperties = '{}', contextCustomizers = set[org.springframework.boot.test.autoconfigure.actuate.metrics.MetricsExportContextCustomizerFactory$DisableMetricExportContextCustomizer@1698fc68, org.springframework.boot.test.autoconfigure.properties.PropertyMappingContextCustomizer@0, org.springframework.boot.test.autoconfigure.web.servlet.WebDriverContextCustomizerFactory$Customizer@58359ebd, org.springframework.boot.test.context.filter.ExcludeFilterContextCustomizer@4ee37ca3, org.springframework.boot.test.json.DuplicateJsonObjectContextCustomizerFactory$DuplicateJsonObjectContextCustomizer@422c3c7a, org.springframework.boot.test.mock.mockito.MockitoContextCustomizer@98854dc], contextLoader = 'org.springframework.test.context.support.DelegatingSmartContextLoader', parent = [null]]]
22:37:52.127 [Test worker] DEBUG org.springframework.test.context.cache - Spring test ApplicationContext cache statistics: [DefaultContextCache@476ee5b3 size = 1, maxSize = 32, parentContextCount = 0, hitCount = 104, missCount = 1]
22:37:52.127 [Test worker] DEBUG org.springframework.test.context.cache.DefaultCacheAwareContextLoaderDelegate - Retrieved ApplicationContext [418513504] from cache with key [[MergedContextConfiguration@5778826f testClass = UserServiceTest, locations = '{}', classes = '{class org.waldreg.user.management.user.DefaultUserManager, class org.waldreg.user.management.joiningpool.DefaultJoiningPoolManager}', contextInitializerClasses = '[]', activeProfiles = '{}', propertySourceLocations = '{}', propertySourceProperties = '{}', contextCustomizers = set[org.springframework.boot.test.autoconfigure.actuate.metrics.MetricsExportContextCustomizerFactory$DisableMetricExportContextCustomizer@1698fc68, org.springframework.boot.test.autoconfigure.properties.PropertyMappingContextCustomizer@0, org.springframework.boot.test.autoconfigure.web.servlet.WebDriverContextCustomizerFactory$Customizer@58359ebd, org.springframework.boot.test.context.filter.ExcludeFilterContextCustomizer@4ee37ca3, org.springframework.boot.test.json.DuplicateJsonObjectContextCustomizerFactory$DuplicateJsonObjectContextCustomizer@422c3c7a, org.springframework.boot.test.mock.mockito.MockitoContextCustomizer@98854dc], contextLoader = 'org.springframework.test.context.support.DelegatingSmartContextLoader', parent = [null]]]
22:37:52.127 [Test worker] DEBUG org.springframework.test.context.cache - Spring test ApplicationContext cache statistics: [DefaultContextCache@476ee5b3 size = 1, maxSize = 32, parentContextCount = 0, hitCount = 105, missCount = 1]
22:37:52.127 [Test worker] DEBUG org.springframework.test.context.cache.DefaultCacheAwareContextLoaderDelegate - Retrieved ApplicationContext [418513504] from cache with key [[MergedContextConfiguration@5778826f testClass = UserServiceTest, locations = '{}', classes = '{class org.waldreg.user.management.user.DefaultUserManager, class org.waldreg.user.management.joiningpool.DefaultJoiningPoolManager}', contextInitializerClasses = '[]', activeProfiles = '{}', propertySourceLocations = '{}', propertySourceProperties = '{}', contextCustomizers = set[org.springframework.boot.test.autoconfigure.actuate.metrics.MetricsExportContextCustomizerFactory$DisableMetricExportContextCustomizer@1698fc68, org.springframework.boot.test.autoconfigure.properties.PropertyMappingContextCustomizer@0, org.springframework.boot.test.autoconfigure.web.servlet.WebDriverContextCustomizerFactory$Customizer@58359ebd, org.springframework.boot.test.context.filter.ExcludeFilterContextCustomizer@4ee37ca3, org.springframework.boot.test.json.DuplicateJsonObjectContextCustomizerFactory$DuplicateJsonObjectContextCustomizer@422c3c7a, org.springframework.boot.test.mock.mockito.MockitoContextCustomizer@98854dc], contextLoader = 'org.springframework.test.context.support.DelegatingSmartContextLoader', parent = [null]]]
22:37:52.127 [Test worker] DEBUG org.springframework.test.context.cache - Spring test ApplicationContext cache statistics: [DefaultContextCache@476ee5b3 size = 1, maxSize = 32, parentContextCount = 0, hitCount = 106, missCount = 1]
22:37:52.130 [Test worker] DEBUG org.springframework.test.context.cache.DefaultCacheAwareContextLoaderDelegate - Retrieved ApplicationContext [418513504] from cache with key [[MergedContextConfiguration@5778826f testClass = UserServiceTest, locations = '{}', classes = '{class org.waldreg.user.management.user.DefaultUserManager, class org.waldreg.user.management.joiningpool.DefaultJoiningPoolManager}', contextInitializerClasses = '[]', activeProfiles = '{}', propertySourceLocations = '{}', propertySourceProperties = '{}', contextCustomizers = set[org.springframework.boot.test.autoconfigure.actuate.metrics.MetricsExportContextCustomizerFactory$DisableMetricExportContextCustomizer@1698fc68, org.springframework.boot.test.autoconfigure.properties.PropertyMappingContextCustomizer@0, org.springframework.boot.test.autoconfigure.web.servlet.WebDriverContextCustomizerFactory$Customizer@58359ebd, org.springframework.boot.test.context.filter.ExcludeFilterContextCustomizer@4ee37ca3, org.springframework.boot.test.json.DuplicateJsonObjectContextCustomizerFactory$DuplicateJsonObjectContextCustomizer@422c3c7a, org.springframework.boot.test.mock.mockito.MockitoContextCustomizer@98854dc], contextLoader = 'org.springframework.test.context.support.DelegatingSmartContextLoader', parent = [null]]]
22:37:52.130 [Test worker] DEBUG org.springframework.test.context.cache - Spring test ApplicationContext cache statistics: [DefaultContextCache@476ee5b3 size = 1, maxSize = 32, parentContextCount = 0, hitCount = 107, missCount = 1]
22:37:52.130 [Test worker] DEBUG org.springframework.test.context.support.AbstractDirtiesContextTestExecutionListener - After test method: context [DefaultTestContext@7829b776 testClass = UserServiceTest, testInstance = org.waldreg.user.management.UserServiceTest@618ff5c2, testMethod = CREATE_USER_SUCCESS_TEST@UserServiceTest, testException = [null], mergedContextConfiguration = [MergedContextConfiguration@5778826f testClass = UserServiceTest, locations = '{}', classes = '{class org.waldreg.user.management.user.DefaultUserManager, class org.waldreg.user.management.joiningpool.DefaultJoiningPoolManager}', contextInitializerClasses = '[]', activeProfiles = '{}', propertySourceLocations = '{}', propertySourceProperties = '{}', contextCustomizers = set[org.springframework.boot.test.autoconfigure.actuate.metrics.MetricsExportContextCustomizerFactory$DisableMetricExportContextCustomizer@1698fc68, org.springframework.boot.test.autoconfigure.properties.PropertyMappingContextCustomizer@0, org.springframework.boot.test.autoconfigure.web.servlet.WebDriverContextCustomizerFactory$Customizer@58359ebd, org.springframework.boot.test.context.filter.ExcludeFilterContextCustomizer@4ee37ca3, org.springframework.boot.test.json.DuplicateJsonObjectContextCustomizerFactory$DuplicateJsonObjectContextCustomizer@422c3c7a, org.springframework.boot.test.mock.mockito.MockitoContextCustomizer@98854dc], contextLoader = 'org.springframework.test.context.support.DelegatingSmartContextLoader', parent = [null]], attributes = map['org.springframework.test.context.event.ApplicationEventsTestExecutionListener.recordApplicationEvents' -> false]], class annotated with @DirtiesContext [false] with mode [null], method annotated with @DirtiesContext [false] with mode [null].
22:37:52.130 [Test worker] DEBUG org.springframework.test.context.cache.DefaultCacheAwareContextLoaderDelegate - Retrieved ApplicationContext [418513504] from cache with key [[MergedContextConfiguration@5778826f testClass = UserServiceTest, locations = '{}', classes = '{class org.waldreg.user.management.user.DefaultUserManager, class org.waldreg.user.management.joiningpool.DefaultJoiningPoolManager}', contextInitializerClasses = '[]', activeProfiles = '{}', propertySourceLocations = '{}', propertySourceProperties = '{}', contextCustomizers = set[org.springframework.boot.test.autoconfigure.actuate.metrics.MetricsExportContextCustomizerFactory$DisableMetricExportContextCustomizer@1698fc68, org.springframework.boot.test.autoconfigure.properties.PropertyMappingContextCustomizer@0, org.springframework.boot.test.autoconfigure.web.servlet.WebDriverContextCustomizerFactory$Customizer@58359ebd, org.springframework.boot.test.context.filter.ExcludeFilterContextCustomizer@4ee37ca3, org.springframework.boot.test.json.DuplicateJsonObjectContextCustomizerFactory$DuplicateJsonObjectContextCustomizer@422c3c7a, org.springframework.boot.test.mock.mockito.MockitoContextCustomizer@98854dc], contextLoader = 'org.springframework.test.context.support.DelegatingSmartContextLoader', parent = [null]]]
22:37:52.137 [Test worker] DEBUG org.springframework.test.context.cache - Spring test ApplicationContext cache statistics: [DefaultContextCache@476ee5b3 size = 1, maxSize = 32, parentContextCount = 0, hitCount = 108, missCount = 1]
22:37:52.137 [Test worker] DEBUG org.springframework.test.context.support.DependencyInjectionTestExecutionListener - Performing dependency injection for test context [[DefaultTestContext@7829b776 testClass = UserServiceTest, testInstance = org.waldreg.user.management.UserServiceTest@2f84acf7, testMethod = [null], testException = [null], mergedContextConfiguration = [MergedContextConfiguration@5778826f testClass = UserServiceTest, locations = '{}', classes = '{class org.waldreg.user.management.user.DefaultUserManager, class org.waldreg.user.management.joiningpool.DefaultJoiningPoolManager}', contextInitializerClasses = '[]', activeProfiles = '{}', propertySourceLocations = '{}', propertySourceProperties = '{}', contextCustomizers = set[org.springframework.boot.test.autoconfigure.actuate.metrics.MetricsExportContextCustomizerFactory$DisableMetricExportContextCustomizer@1698fc68, org.springframework.boot.test.autoconfigure.properties.PropertyMappingContextCustomizer@0, org.springframework.boot.test.autoconfigure.web.servlet.WebDriverContextCustomizerFactory$Customizer@58359ebd, org.springframework.boot.test.context.filter.ExcludeFilterContextCustomizer@4ee37ca3, org.springframework.boot.test.json.DuplicateJsonObjectContextCustomizerFactory$DuplicateJsonObjectContextCustomizer@422c3c7a, org.springframework.boot.test.mock.mockito.MockitoContextCustomizer@98854dc], contextLoader = 'org.springframework.test.context.support.DelegatingSmartContextLoader', parent = [null]], attributes = map['org.springframework.test.context.event.ApplicationEventsTestExecutionListener.recordApplicationEvents' -> false]]].
22:37:52.138 [Test worker] DEBUG org.springframework.test.context.cache.DefaultCacheAwareContextLoaderDelegate - Retrieved ApplicationContext [418513504] from cache with key [[MergedContextConfiguration@5778826f testClass = UserServiceTest, locations = '{}', classes = '{class org.waldreg.user.management.user.DefaultUserManager, class org.waldreg.user.management.joiningpool.DefaultJoiningPoolManager}', contextInitializerClasses = '[]', activeProfiles = '{}', propertySourceLocations = '{}', propertySourceProperties = '{}', contextCustomizers = set[org.springframework.boot.test.autoconfigure.actuate.metrics.MetricsExportContextCustomizerFactory$DisableMetricExportContextCustomizer@1698fc68, org.springframework.boot.test.autoconfigure.properties.PropertyMappingContextCustomizer@0, org.springframework.boot.test.autoconfigure.web.servlet.WebDriverContextCustomizerFactory$Customizer@58359ebd, org.springframework.boot.test.context.filter.ExcludeFilterContextCustomizer@4ee37ca3, org.springframework.boot.test.json.DuplicateJsonObjectContextCustomizerFactory$DuplicateJsonObjectContextCustomizer@422c3c7a, org.springframework.boot.test.mock.mockito.MockitoContextCustomizer@98854dc], contextLoader = 'org.springframework.test.context.support.DelegatingSmartContextLoader', parent = [null]]]
22:37:52.138 [Test worker] DEBUG org.springframework.test.context.cache - Spring test ApplicationContext cache statistics: [DefaultContextCache@476ee5b3 size = 1, maxSize = 32, parentContextCount = 0, hitCount = 109, missCount = 1]
22:37:52.138 [Test worker] DEBUG org.springframework.test.context.cache.DefaultCacheAwareContextLoaderDelegate - Retrieved ApplicationContext [418513504] from cache with key [[MergedContextConfiguration@5778826f testClass = UserServiceTest, locations = '{}', classes = '{class org.waldreg.user.management.user.DefaultUserManager, class org.waldreg.user.management.joiningpool.DefaultJoiningPoolManager}', contextInitializerClasses = '[]', activeProfiles = '{}', propertySourceLocations = '{}', propertySourceProperties = '{}', contextCustomizers = set[org.springframework.boot.test.autoconfigure.actuate.metrics.MetricsExportContextCustomizerFactory$DisableMetricExportContextCustomizer@1698fc68, org.springframework.boot.test.autoconfigure.properties.PropertyMappingContextCustomizer@0, org.springframework.boot.test.autoconfigure.web.servlet.WebDriverContextCustomizerFactory$Customizer@58359ebd, org.springframework.boot.test.context.filter.ExcludeFilterContextCustomizer@4ee37ca3, org.springframework.boot.test.json.DuplicateJsonObjectContextCustomizerFactory$DuplicateJsonObjectContextCustomizer@422c3c7a, org.springframework.boot.test.mock.mockito.MockitoContextCustomizer@98854dc], contextLoader = 'org.springframework.test.context.support.DelegatingSmartContextLoader', parent = [null]]]
22:37:52.138 [Test worker] DEBUG org.springframework.test.context.cache - Spring test ApplicationContext cache statistics: [DefaultContextCache@476ee5b3 size = 1, maxSize = 32, parentContextCount = 0, hitCount = 110, missCount = 1]
22:37:52.138 [Test worker] DEBUG org.springframework.test.context.support.AbstractDirtiesContextTestExecutionListener - Before test method: context [DefaultTestContext@7829b776 testClass = UserServiceTest, testInstance = org.waldreg.user.management.UserServiceTest@2f84acf7, testMethod = READ_USER_ONLINE_SUCCESS_TEST@UserServiceTest, testException = [null], mergedContextConfiguration = [MergedContextConfiguration@5778826f testClass = UserServiceTest, locations = '{}', classes = '{class org.waldreg.user.management.user.DefaultUserManager, class org.waldreg.user.management.joiningpool.DefaultJoiningPoolManager}', contextInitializerClasses = '[]', activeProfiles = '{}', propertySourceLocations = '{}', propertySourceProperties = '{}', contextCustomizers = set[org.springframework.boot.test.autoconfigure.actuate.metrics.MetricsExportContextCustomizerFactory$DisableMetricExportContextCustomizer@1698fc68, org.springframework.boot.test.autoconfigure.properties.PropertyMappingContextCustomizer@0, org.springframework.boot.test.autoconfigure.web.servlet.WebDriverContextCustomizerFactory$Customizer@58359ebd, org.springframework.boot.test.context.filter.ExcludeFilterContextCustomizer@4ee37ca3, org.springframework.boot.test.json.DuplicateJsonObjectContextCustomizerFactory$DuplicateJsonObjectContextCustomizer@422c3c7a, org.springframework.boot.test.mock.mockito.MockitoContextCustomizer@98854dc], contextLoader = 'org.springframework.test.context.support.DelegatingSmartContextLoader', parent = [null]], attributes = map['org.springframework.test.context.event.ApplicationEventsTestExecutionListener.recordApplicationEvents' -> false]], class annotated with @DirtiesContext [false] with mode [null], method annotated with @DirtiesContext [false] with mode [null].
22:37:52.138 [Test worker] DEBUG org.springframework.test.context.cache.DefaultCacheAwareContextLoaderDelegate - Retrieved ApplicationContext [418513504] from cache with key [[MergedContextConfiguration@5778826f testClass = UserServiceTest, locations = '{}', classes = '{class org.waldreg.user.management.user.DefaultUserManager, class org.waldreg.user.management.joiningpool.DefaultJoiningPoolManager}', contextInitializerClasses = '[]', activeProfiles = '{}', propertySourceLocations = '{}', propertySourceProperties = '{}', contextCustomizers = set[org.springframework.boot.test.autoconfigure.actuate.metrics.MetricsExportContextCustomizerFactory$DisableMetricExportContextCustomizer@1698fc68, org.springframework.boot.test.autoconfigure.properties.PropertyMappingContextCustomizer@0, org.springframework.boot.test.autoconfigure.web.servlet.WebDriverContextCustomizerFactory$Customizer@58359ebd, org.springframework.boot.test.context.filter.ExcludeFilterContextCustomizer@4ee37ca3, org.springframework.boot.test.json.DuplicateJsonObjectContextCustomizerFactory$DuplicateJsonObjectContextCustomizer@422c3c7a, org.springframework.boot.test.mock.mockito.MockitoContextCustomizer@98854dc], contextLoader = 'org.springframework.test.context.support.DelegatingSmartContextLoader', parent = [null]]]
22:37:52.138 [Test worker] DEBUG org.springframework.test.context.cache - Spring test ApplicationContext cache statistics: [DefaultContextCache@476ee5b3 size = 1, maxSize = 32, parentContextCount = 0, hitCount = 111, missCount = 1]
22:37:52.138 [Test worker] DEBUG org.springframework.test.context.cache.DefaultCacheAwareContextLoaderDelegate - Retrieved ApplicationContext [418513504] from cache with key [[MergedContextConfiguration@5778826f testClass = UserServiceTest, locations = '{}', classes = '{class org.waldreg.user.management.user.DefaultUserManager, class org.waldreg.user.management.joiningpool.DefaultJoiningPoolManager}', contextInitializerClasses = '[]', activeProfiles = '{}', propertySourceLocations = '{}', propertySourceProperties = '{}', contextCustomizers = set[org.springframework.boot.test.autoconfigure.actuate.metrics.MetricsExportContextCustomizerFactory$DisableMetricExportContextCustomizer@1698fc68, org.springframework.boot.test.autoconfigure.properties.PropertyMappingContextCustomizer@0, org.springframework.boot.test.autoconfigure.web.servlet.WebDriverContextCustomizerFactory$Customizer@58359ebd, org.springframework.boot.test.context.filter.ExcludeFilterContextCustomizer@4ee37ca3, org.springframework.boot.test.json.DuplicateJsonObjectContextCustomizerFactory$DuplicateJsonObjectContextCustomizer@422c3c7a, org.springframework.boot.test.mock.mockito.MockitoContextCustomizer@98854dc], contextLoader = 'org.springframework.test.context.support.DelegatingSmartContextLoader', parent = [null]]]
22:37:52.138 [Test worker] DEBUG org.springframework.test.context.cache - Spring test ApplicationContext cache statistics: [DefaultContextCache@476ee5b3 size = 1, maxSize = 32, parentContextCount = 0, hitCount = 112, missCount = 1]
22:37:52.143 [Test worker] DEBUG org.springframework.test.context.cache.DefaultCacheAwareContextLoaderDelegate - Retrieved ApplicationContext [418513504] from cache with key [[MergedContextConfiguration@5778826f testClass = UserServiceTest, locations = '{}', classes = '{class org.waldreg.user.management.user.DefaultUserManager, class org.waldreg.user.management.joiningpool.DefaultJoiningPoolManager}', contextInitializerClasses = '[]', activeProfiles = '{}', propertySourceLocations = '{}', propertySourceProperties = '{}', contextCustomizers = set[org.springframework.boot.test.autoconfigure.actuate.metrics.MetricsExportContextCustomizerFactory$DisableMetricExportContextCustomizer@1698fc68, org.springframework.boot.test.autoconfigure.properties.PropertyMappingContextCustomizer@0, org.springframework.boot.test.autoconfigure.web.servlet.WebDriverContextCustomizerFactory$Customizer@58359ebd, org.springframework.boot.test.context.filter.ExcludeFilterContextCustomizer@4ee37ca3, org.springframework.boot.test.json.DuplicateJsonObjectContextCustomizerFactory$DuplicateJsonObjectContextCustomizer@422c3c7a, org.springframework.boot.test.mock.mockito.MockitoContextCustomizer@98854dc], contextLoader = 'org.springframework.test.context.support.DelegatingSmartContextLoader', parent = [null]]]
22:37:52.143 [Test worker] DEBUG org.springframework.test.context.cache - Spring test ApplicationContext cache statistics: [DefaultContextCache@476ee5b3 size = 1, maxSize = 32, parentContextCount = 0, hitCount = 113, missCount = 1]
22:37:52.148 [Test worker] DEBUG org.springframework.test.context.cache.DefaultCacheAwareContextLoaderDelegate - Retrieved ApplicationContext [418513504] from cache with key [[MergedContextConfiguration@5778826f testClass = UserServiceTest, locations = '{}', classes = '{class org.waldreg.user.management.user.DefaultUserManager, class org.waldreg.user.management.joiningpool.DefaultJoiningPoolManager}', contextInitializerClasses = '[]', activeProfiles = '{}', propertySourceLocations = '{}', propertySourceProperties = '{}', contextCustomizers = set[org.springframework.boot.test.autoconfigure.actuate.metrics.MetricsExportContextCustomizerFactory$DisableMetricExportContextCustomizer@1698fc68, org.springframework.boot.test.autoconfigure.properties.PropertyMappingContextCustomizer@0, org.springframework.boot.test.autoconfigure.web.servlet.WebDriverContextCustomizerFactory$Customizer@58359ebd, org.springframework.boot.test.context.filter.ExcludeFilterContextCustomizer@4ee37ca3, org.springframework.boot.test.json.DuplicateJsonObjectContextCustomizerFactory$DuplicateJsonObjectContextCustomizer@422c3c7a, org.springframework.boot.test.mock.mockito.MockitoContextCustomizer@98854dc], contextLoader = 'org.springframework.test.context.support.DelegatingSmartContextLoader', parent = [null]]]
22:37:52.148 [Test worker] DEBUG org.springframework.test.context.cache - Spring test ApplicationContext cache statistics: [DefaultContextCache@476ee5b3 size = 1, maxSize = 32, parentContextCount = 0, hitCount = 114, missCount = 1]
22:37:52.148 [Test worker] DEBUG org.springframework.test.context.cache.DefaultCacheAwareContextLoaderDelegate - Retrieved ApplicationContext [418513504] from cache with key [[MergedContextConfiguration@5778826f testClass = UserServiceTest, locations = '{}', classes = '{class org.waldreg.user.management.user.DefaultUserManager, class org.waldreg.user.management.joiningpool.DefaultJoiningPoolManager}', contextInitializerClasses = '[]', activeProfiles = '{}', propertySourceLocations = '{}', propertySourceProperties = '{}', contextCustomizers = set[org.springframework.boot.test.autoconfigure.actuate.metrics.MetricsExportContextCustomizerFactory$DisableMetricExportContextCustomizer@1698fc68, org.springframework.boot.test.autoconfigure.properties.PropertyMappingContextCustomizer@0, org.springframework.boot.test.autoconfigure.web.servlet.WebDriverContextCustomizerFactory$Customizer@58359ebd, org.springframework.boot.test.context.filter.ExcludeFilterContextCustomizer@4ee37ca3, org.springframework.boot.test.json.DuplicateJsonObjectContextCustomizerFactory$DuplicateJsonObjectContextCustomizer@422c3c7a, org.springframework.boot.test.mock.mockito.MockitoContextCustomizer@98854dc], contextLoader = 'org.springframework.test.context.support.DelegatingSmartContextLoader', parent = [null]]]
22:37:52.148 [Test worker] DEBUG org.springframework.test.context.cache - Spring test ApplicationContext cache statistics: [DefaultContextCache@476ee5b3 size = 1, maxSize = 32, parentContextCount = 0, hitCount = 115, missCount = 1]
22:37:52.148 [Test worker] DEBUG org.springframework.test.context.cache.DefaultCacheAwareContextLoaderDelegate - Retrieved ApplicationContext [418513504] from cache with key [[MergedContextConfiguration@5778826f testClass = UserServiceTest, locations = '{}', classes = '{class org.waldreg.user.management.user.DefaultUserManager, class org.waldreg.user.management.joiningpool.DefaultJoiningPoolManager}', contextInitializerClasses = '[]', activeProfiles = '{}', propertySourceLocations = '{}', propertySourceProperties = '{}', contextCustomizers = set[org.springframework.boot.test.autoconfigure.actuate.metrics.MetricsExportContextCustomizerFactory$DisableMetricExportContextCustomizer@1698fc68, org.springframework.boot.test.autoconfigure.properties.PropertyMappingContextCustomizer@0, org.springframework.boot.test.autoconfigure.web.servlet.WebDriverContextCustomizerFactory$Customizer@58359ebd, org.springframework.boot.test.context.filter.ExcludeFilterContextCustomizer@4ee37ca3, org.springframework.boot.test.json.DuplicateJsonObjectContextCustomizerFactory$DuplicateJsonObjectContextCustomizer@422c3c7a, org.springframework.boot.test.mock.mockito.MockitoContextCustomizer@98854dc], contextLoader = 'org.springframework.test.context.support.DelegatingSmartContextLoader', parent = [null]]]
22:37:52.148 [Test worker] DEBUG org.springframework.test.context.cache - Spring test ApplicationContext cache statistics: [DefaultContextCache@476ee5b3 size = 1, maxSize = 32, parentContextCount = 0, hitCount = 116, missCount = 1]
22:37:52.148 [Test worker] DEBUG org.springframework.test.context.cache.DefaultCacheAwareContextLoaderDelegate - Retrieved ApplicationContext [418513504] from cache with key [[MergedContextConfiguration@5778826f testClass = UserServiceTest, locations = '{}', classes = '{class org.waldreg.user.management.user.DefaultUserManager, class org.waldreg.user.management.joiningpool.DefaultJoiningPoolManager}', contextInitializerClasses = '[]', activeProfiles = '{}', propertySourceLocations = '{}', propertySourceProperties = '{}', contextCustomizers = set[org.springframework.boot.test.autoconfigure.actuate.metrics.MetricsExportContextCustomizerFactory$DisableMetricExportContextCustomizer@1698fc68, org.springframework.boot.test.autoconfigure.properties.PropertyMappingContextCustomizer@0, org.springframework.boot.test.autoconfigure.web.servlet.WebDriverContextCustomizerFactory$Customizer@58359ebd, org.springframework.boot.test.context.filter.ExcludeFilterContextCustomizer@4ee37ca3, org.springframework.boot.test.json.DuplicateJsonObjectContextCustomizerFactory$DuplicateJsonObjectContextCustomizer@422c3c7a, org.springframework.boot.test.mock.mockito.MockitoContextCustomizer@98854dc], contextLoader = 'org.springframework.test.context.support.DelegatingSmartContextLoader', parent = [null]]]
22:37:52.148 [Test worker] DEBUG org.springframework.test.context.cache - Spring test ApplicationContext cache statistics: [DefaultContextCache@476ee5b3 size = 1, maxSize = 32, parentContextCount = 0, hitCount = 117, missCount = 1]
22:37:52.148 [Test worker] DEBUG org.springframework.test.context.cache.DefaultCacheAwareContextLoaderDelegate - Retrieved ApplicationContext [418513504] from cache with key [[MergedContextConfiguration@5778826f testClass = UserServiceTest, locations = '{}', classes = '{class org.waldreg.user.management.user.DefaultUserManager, class org.waldreg.user.management.joiningpool.DefaultJoiningPoolManager}', contextInitializerClasses = '[]', activeProfiles = '{}', propertySourceLocations = '{}', propertySourceProperties = '{}', contextCustomizers = set[org.springframework.boot.test.autoconfigure.actuate.metrics.MetricsExportContextCustomizerFactory$DisableMetricExportContextCustomizer@1698fc68, org.springframework.boot.test.autoconfigure.properties.PropertyMappingContextCustomizer@0, org.springframework.boot.test.autoconfigure.web.servlet.WebDriverContextCustomizerFactory$Customizer@58359ebd, org.springframework.boot.test.context.filter.ExcludeFilterContextCustomizer@4ee37ca3, org.springframework.boot.test.json.DuplicateJsonObjectContextCustomizerFactory$DuplicateJsonObjectContextCustomizer@422c3c7a, org.springframework.boot.test.mock.mockito.MockitoContextCustomizer@98854dc], contextLoader = 'org.springframework.test.context.support.DelegatingSmartContextLoader', parent = [null]]]
22:37:52.148 [Test worker] DEBUG org.springframework.test.context.cache - Spring test ApplicationContext cache statistics: [DefaultContextCache@476ee5b3 size = 1, maxSize = 32, parentContextCount = 0, hitCount = 118, missCount = 1]
22:37:52.148 [Test worker] DEBUG org.springframework.test.context.cache.DefaultCacheAwareContextLoaderDelegate - Retrieved ApplicationContext [418513504] from cache with key [[MergedContextConfiguration@5778826f testClass = UserServiceTest, locations = '{}', classes = '{class org.waldreg.user.management.user.DefaultUserManager, class org.waldreg.user.management.joiningpool.DefaultJoiningPoolManager}', contextInitializerClasses = '[]', activeProfiles = '{}', propertySourceLocations = '{}', propertySourceProperties = '{}', contextCustomizers = set[org.springframework.boot.test.autoconfigure.actuate.metrics.MetricsExportContextCustomizerFactory$DisableMetricExportContextCustomizer@1698fc68, org.springframework.boot.test.autoconfigure.properties.PropertyMappingContextCustomizer@0, org.springframework.boot.test.autoconfigure.web.servlet.WebDriverContextCustomizerFactory$Customizer@58359ebd, org.springframework.boot.test.context.filter.ExcludeFilterContextCustomizer@4ee37ca3, org.springframework.boot.test.json.DuplicateJsonObjectContextCustomizerFactory$DuplicateJsonObjectContextCustomizer@422c3c7a, org.springframework.boot.test.mock.mockito.MockitoContextCustomizer@98854dc], contextLoader = 'org.springframework.test.context.support.DelegatingSmartContextLoader', parent = [null]]]
22:37:52.148 [Test worker] DEBUG org.springframework.test.context.cache - Spring test ApplicationContext cache statistics: [DefaultContextCache@476ee5b3 size = 1, maxSize = 32, parentContextCount = 0, hitCount = 119, missCount = 1]
22:37:52.148 [Test worker] DEBUG org.springframework.test.context.support.AbstractDirtiesContextTestExecutionListener - After test method: context [DefaultTestContext@7829b776 testClass = UserServiceTest, testInstance = org.waldreg.user.management.UserServiceTest@2f84acf7, testMethod = READ_USER_ONLINE_SUCCESS_TEST@UserServiceTest, testException = [null], mergedContextConfiguration = [MergedContextConfiguration@5778826f testClass = UserServiceTest, locations = '{}', classes = '{class org.waldreg.user.management.user.DefaultUserManager, class org.waldreg.user.management.joiningpool.DefaultJoiningPoolManager}', contextInitializerClasses = '[]', activeProfiles = '{}', propertySourceLocations = '{}', propertySourceProperties = '{}', contextCustomizers = set[org.springframework.boot.test.autoconfigure.actuate.metrics.MetricsExportContextCustomizerFactory$DisableMetricExportContextCustomizer@1698fc68, org.springframework.boot.test.autoconfigure.properties.PropertyMappingContextCustomizer@0, org.springframework.boot.test.autoconfigure.web.servlet.WebDriverContextCustomizerFactory$Customizer@58359ebd, org.springframework.boot.test.context.filter.ExcludeFilterContextCustomizer@4ee37ca3, org.springframework.boot.test.json.DuplicateJsonObjectContextCustomizerFactory$DuplicateJsonObjectContextCustomizer@422c3c7a, org.springframework.boot.test.mock.mockito.MockitoContextCustomizer@98854dc], contextLoader = 'org.springframework.test.context.support.DelegatingSmartContextLoader', parent = [null]], attributes = map['org.springframework.test.context.event.ApplicationEventsTestExecutionListener.recordApplicationEvents' -> false]], class annotated with @DirtiesContext [false] with mode [null], method annotated with @DirtiesContext [false] with mode [null].
22:37:52.148 [Test worker] DEBUG org.springframework.test.context.cache.DefaultCacheAwareContextLoaderDelegate - Retrieved ApplicationContext [418513504] from cache with key [[MergedContextConfiguration@5778826f testClass = UserServiceTest, locations = '{}', classes = '{class org.waldreg.user.management.user.DefaultUserManager, class org.waldreg.user.management.joiningpool.DefaultJoiningPoolManager}', contextInitializerClasses = '[]', activeProfiles = '{}', propertySourceLocations = '{}', propertySourceProperties = '{}', contextCustomizers = set[org.springframework.boot.test.autoconfigure.actuate.metrics.MetricsExportContextCustomizerFactory$DisableMetricExportContextCustomizer@1698fc68, org.springframework.boot.test.autoconfigure.properties.PropertyMappingContextCustomizer@0, org.springframework.boot.test.autoconfigure.web.servlet.WebDriverContextCustomizerFactory$Customizer@58359ebd, org.springframework.boot.test.context.filter.ExcludeFilterContextCustomizer@4ee37ca3, org.springframework.boot.test.json.DuplicateJsonObjectContextCustomizerFactory$DuplicateJsonObjectContextCustomizer@422c3c7a, org.springframework.boot.test.mock.mockito.MockitoContextCustomizer@98854dc], contextLoader = 'org.springframework.test.context.support.DelegatingSmartContextLoader', parent = [null]]]
22:37:52.148 [Test worker] DEBUG org.springframework.test.context.cache - Spring test ApplicationContext cache statistics: [DefaultContextCache@476ee5b3 size = 1, maxSize = 32, parentContextCount = 0, hitCount = 120, missCount = 1]
22:37:52.148 [Test worker] DEBUG org.springframework.test.context.support.DependencyInjectionTestExecutionListener - Performing dependency injection for test context [[DefaultTestContext@7829b776 testClass = UserServiceTest, testInstance = org.waldreg.user.management.UserServiceTest@38ed139b, testMethod = [null], testException = [null], mergedContextConfiguration = [MergedContextConfiguration@5778826f testClass = UserServiceTest, locations = '{}', classes = '{class org.waldreg.user.management.user.DefaultUserManager, class org.waldreg.user.management.joiningpool.DefaultJoiningPoolManager}', contextInitializerClasses = '[]', activeProfiles = '{}', propertySourceLocations = '{}', propertySourceProperties = '{}', contextCustomizers = set[org.springframework.boot.test.autoconfigure.actuate.metrics.MetricsExportContextCustomizerFactory$DisableMetricExportContextCustomizer@1698fc68, org.springframework.boot.test.autoconfigure.properties.PropertyMappingContextCustomizer@0, org.springframework.boot.test.autoconfigure.web.servlet.WebDriverContextCustomizerFactory$Customizer@58359ebd, org.springframework.boot.test.context.filter.ExcludeFilterContextCustomizer@4ee37ca3, org.springframework.boot.test.json.DuplicateJsonObjectContextCustomizerFactory$DuplicateJsonObjectContextCustomizer@422c3c7a, org.springframework.boot.test.mock.mockito.MockitoContextCustomizer@98854dc], contextLoader = 'org.springframework.test.context.support.DelegatingSmartContextLoader', parent = [null]], attributes = map['org.springframework.test.context.event.ApplicationEventsTestExecutionListener.recordApplicationEvents' -> false]]].
22:37:52.155 [Test worker] DEBUG org.springframework.test.context.cache.DefaultCacheAwareContextLoaderDelegate - Retrieved ApplicationContext [418513504] from cache with key [[MergedContextConfiguration@5778826f testClass = UserServiceTest, locations = '{}', classes = '{class org.waldreg.user.management.user.DefaultUserManager, class org.waldreg.user.management.joiningpool.DefaultJoiningPoolManager}', contextInitializerClasses = '[]', activeProfiles = '{}', propertySourceLocations = '{}', propertySourceProperties = '{}', contextCustomizers = set[org.springframework.boot.test.autoconfigure.actuate.metrics.MetricsExportContextCustomizerFactory$DisableMetricExportContextCustomizer@1698fc68, org.springframework.boot.test.autoconfigure.properties.PropertyMappingContextCustomizer@0, org.springframework.boot.test.autoconfigure.web.servlet.WebDriverContextCustomizerFactory$Customizer@58359ebd, org.springframework.boot.test.context.filter.ExcludeFilterContextCustomizer@4ee37ca3, org.springframework.boot.test.json.DuplicateJsonObjectContextCustomizerFactory$DuplicateJsonObjectContextCustomizer@422c3c7a, org.springframework.boot.test.mock.mockito.MockitoContextCustomizer@98854dc], contextLoader = 'org.springframework.test.context.support.DelegatingSmartContextLoader', parent = [null]]]
22:37:52.155 [Test worker] DEBUG org.springframework.test.context.cache - Spring test ApplicationContext cache statistics: [DefaultContextCache@476ee5b3 size = 1, maxSize = 32, parentContextCount = 0, hitCount = 121, missCount = 1]
22:37:52.155 [Test worker] DEBUG org.springframework.test.context.cache.DefaultCacheAwareContextLoaderDelegate - Retrieved ApplicationContext [418513504] from cache with key [[MergedContextConfiguration@5778826f testClass = UserServiceTest, locations = '{}', classes = '{class org.waldreg.user.management.user.DefaultUserManager, class org.waldreg.user.management.joiningpool.DefaultJoiningPoolManager}', contextInitializerClasses = '[]', activeProfiles = '{}', propertySourceLocations = '{}', propertySourceProperties = '{}', contextCustomizers = set[org.springframework.boot.test.autoconfigure.actuate.metrics.MetricsExportContextCustomizerFactory$DisableMetricExportContextCustomizer@1698fc68, org.springframework.boot.test.autoconfigure.properties.PropertyMappingContextCustomizer@0, org.springframework.boot.test.autoconfigure.web.servlet.WebDriverContextCustomizerFactory$Customizer@58359ebd, org.springframework.boot.test.context.filter.ExcludeFilterContextCustomizer@4ee37ca3, org.springframework.boot.test.json.DuplicateJsonObjectContextCustomizerFactory$DuplicateJsonObjectContextCustomizer@422c3c7a, org.springframework.boot.test.mock.mockito.MockitoContextCustomizer@98854dc], contextLoader = 'org.springframework.test.context.support.DelegatingSmartContextLoader', parent = [null]]]
22:37:52.155 [Test worker] DEBUG org.springframework.test.context.cache - Spring test ApplicationContext cache statistics: [DefaultContextCache@476ee5b3 size = 1, maxSize = 32, parentContextCount = 0, hitCount = 122, missCount = 1]
22:37:52.155 [Test worker] DEBUG org.springframework.test.context.support.AbstractDirtiesContextTestExecutionListener - Before test method: context [DefaultTestContext@7829b776 testClass = UserServiceTest, testInstance = org.waldreg.user.management.UserServiceTest@38ed139b, testMethod = UPDATE_SPECIFIC_USER_SUCCESS_TEST@UserServiceTest, testException = [null], mergedContextConfiguration = [MergedContextConfiguration@5778826f testClass = UserServiceTest, locations = '{}', classes = '{class org.waldreg.user.management.user.DefaultUserManager, class org.waldreg.user.management.joiningpool.DefaultJoiningPoolManager}', contextInitializerClasses = '[]', activeProfiles = '{}', propertySourceLocations = '{}', propertySourceProperties = '{}', contextCustomizers = set[org.springframework.boot.test.autoconfigure.actuate.metrics.MetricsExportContextCustomizerFactory$DisableMetricExportContextCustomizer@1698fc68, org.springframework.boot.test.autoconfigure.properties.PropertyMappingContextCustomizer@0, org.springframework.boot.test.autoconfigure.web.servlet.WebDriverContextCustomizerFactory$Customizer@58359ebd, org.springframework.boot.test.context.filter.ExcludeFilterContextCustomizer@4ee37ca3, org.springframework.boot.test.json.DuplicateJsonObjectContextCustomizerFactory$DuplicateJsonObjectContextCustomizer@422c3c7a, org.springframework.boot.test.mock.mockito.MockitoContextCustomizer@98854dc], contextLoader = 'org.springframework.test.context.support.DelegatingSmartContextLoader', parent = [null]], attributes = map['org.springframework.test.context.event.ApplicationEventsTestExecutionListener.recordApplicationEvents' -> false]], class annotated with @DirtiesContext [false] with mode [null], method annotated with @DirtiesContext [false] with mode [null].
22:37:52.155 [Test worker] DEBUG org.springframework.test.context.cache.DefaultCacheAwareContextLoaderDelegate - Retrieved ApplicationContext [418513504] from cache with key [[MergedContextConfiguration@5778826f testClass = UserServiceTest, locations = '{}', classes = '{class org.waldreg.user.management.user.DefaultUserManager, class org.waldreg.user.management.joiningpool.DefaultJoiningPoolManager}', contextInitializerClasses = '[]', activeProfiles = '{}', propertySourceLocations = '{}', propertySourceProperties = '{}', contextCustomizers = set[org.springframework.boot.test.autoconfigure.actuate.metrics.MetricsExportContextCustomizerFactory$DisableMetricExportContextCustomizer@1698fc68, org.springframework.boot.test.autoconfigure.properties.PropertyMappingContextCustomizer@0, org.springframework.boot.test.autoconfigure.web.servlet.WebDriverContextCustomizerFactory$Customizer@58359ebd, org.springframework.boot.test.context.filter.ExcludeFilterContextCustomizer@4ee37ca3, org.springframework.boot.test.json.DuplicateJsonObjectContextCustomizerFactory$DuplicateJsonObjectContextCustomizer@422c3c7a, org.springframework.boot.test.mock.mockito.MockitoContextCustomizer@98854dc], contextLoader = 'org.springframework.test.context.support.DelegatingSmartContextLoader', parent = [null]]]
22:37:52.157 [Test worker] DEBUG org.springframework.test.context.cache - Spring test ApplicationContext cache statistics: [DefaultContextCache@476ee5b3 size = 1, maxSize = 32, parentContextCount = 0, hitCount = 123, missCount = 1]
22:37:52.158 [Test worker] DEBUG org.springframework.test.context.cache.DefaultCacheAwareContextLoaderDelegate - Retrieved ApplicationContext [418513504] from cache with key [[MergedContextConfiguration@5778826f testClass = UserServiceTest, locations = '{}', classes = '{class org.waldreg.user.management.user.DefaultUserManager, class org.waldreg.user.management.joiningpool.DefaultJoiningPoolManager}', contextInitializerClasses = '[]', activeProfiles = '{}', propertySourceLocations = '{}', propertySourceProperties = '{}', contextCustomizers = set[org.springframework.boot.test.autoconfigure.actuate.metrics.MetricsExportContextCustomizerFactory$DisableMetricExportContextCustomizer@1698fc68, org.springframework.boot.test.autoconfigure.properties.PropertyMappingContextCustomizer@0, org.springframework.boot.test.autoconfigure.web.servlet.WebDriverContextCustomizerFactory$Customizer@58359ebd, org.springframework.boot.test.context.filter.ExcludeFilterContextCustomizer@4ee37ca3, org.springframework.boot.test.json.DuplicateJsonObjectContextCustomizerFactory$DuplicateJsonObjectContextCustomizer@422c3c7a, org.springframework.boot.test.mock.mockito.MockitoContextCustomizer@98854dc], contextLoader = 'org.springframework.test.context.support.DelegatingSmartContextLoader', parent = [null]]]
22:37:52.158 [Test worker] DEBUG org.springframework.test.context.cache - Spring test ApplicationContext cache statistics: [DefaultContextCache@476ee5b3 size = 1, maxSize = 32, parentContextCount = 0, hitCount = 124, missCount = 1]
22:37:52.159 [Test worker] DEBUG org.springframework.test.context.cache.DefaultCacheAwareContextLoaderDelegate - Retrieved ApplicationContext [418513504] from cache with key [[MergedContextConfiguration@5778826f testClass = UserServiceTest, locations = '{}', classes = '{class org.waldreg.user.management.user.DefaultUserManager, class org.waldreg.user.management.joiningpool.DefaultJoiningPoolManager}', contextInitializerClasses = '[]', activeProfiles = '{}', propertySourceLocations = '{}', propertySourceProperties = '{}', contextCustomizers = set[org.springframework.boot.test.autoconfigure.actuate.metrics.MetricsExportContextCustomizerFactory$DisableMetricExportContextCustomizer@1698fc68, org.springframework.boot.test.autoconfigure.properties.PropertyMappingContextCustomizer@0, org.springframework.boot.test.autoconfigure.web.servlet.WebDriverContextCustomizerFactory$Customizer@58359ebd, org.springframework.boot.test.context.filter.ExcludeFilterContextCustomizer@4ee37ca3, org.springframework.boot.test.json.DuplicateJsonObjectContextCustomizerFactory$DuplicateJsonObjectContextCustomizer@422c3c7a, org.springframework.boot.test.mock.mockito.MockitoContextCustomizer@98854dc], contextLoader = 'org.springframework.test.context.support.DelegatingSmartContextLoader', parent = [null]]]
22:37:52.159 [Test worker] DEBUG org.springframework.test.context.cache - Spring test ApplicationContext cache statistics: [DefaultContextCache@476ee5b3 size = 1, maxSize = 32, parentContextCount = 0, hitCount = 125, missCount = 1]
22:37:52.159 [Test worker] DEBUG org.springframework.test.context.cache.DefaultCacheAwareContextLoaderDelegate - Retrieved ApplicationContext [418513504] from cache with key [[MergedContextConfiguration@5778826f testClass = UserServiceTest, locations = '{}', classes = '{class org.waldreg.user.management.user.DefaultUserManager, class org.waldreg.user.management.joiningpool.DefaultJoiningPoolManager}', contextInitializerClasses = '[]', activeProfiles = '{}', propertySourceLocations = '{}', propertySourceProperties = '{}', contextCustomizers = set[org.springframework.boot.test.autoconfigure.actuate.metrics.MetricsExportContextCustomizerFactory$DisableMetricExportContextCustomizer@1698fc68, org.springframework.boot.test.autoconfigure.properties.PropertyMappingContextCustomizer@0, org.springframework.boot.test.autoconfigure.web.servlet.WebDriverContextCustomizerFactory$Customizer@58359ebd, org.springframework.boot.test.context.filter.ExcludeFilterContextCustomizer@4ee37ca3, org.springframework.boot.test.json.DuplicateJsonObjectContextCustomizerFactory$DuplicateJsonObjectContextCustomizer@422c3c7a, org.springframework.boot.test.mock.mockito.MockitoContextCustomizer@98854dc], contextLoader = 'org.springframework.test.context.support.DelegatingSmartContextLoader', parent = [null]]]
22:37:52.159 [Test worker] DEBUG org.springframework.test.context.cache - Spring test ApplicationContext cache statistics: [DefaultContextCache@476ee5b3 size = 1, maxSize = 32, parentContextCount = 0, hitCount = 126, missCount = 1]
22:37:52.159 [Test worker] DEBUG org.springframework.test.context.cache.DefaultCacheAwareContextLoaderDelegate - Retrieved ApplicationContext [418513504] from cache with key [[MergedContextConfiguration@5778826f testClass = UserServiceTest, locations = '{}', classes = '{class org.waldreg.user.management.user.DefaultUserManager, class org.waldreg.user.management.joiningpool.DefaultJoiningPoolManager}', contextInitializerClasses = '[]', activeProfiles = '{}', propertySourceLocations = '{}', propertySourceProperties = '{}', contextCustomizers = set[org.springframework.boot.test.autoconfigure.actuate.metrics.MetricsExportContextCustomizerFactory$DisableMetricExportContextCustomizer@1698fc68, org.springframework.boot.test.autoconfigure.properties.PropertyMappingContextCustomizer@0, org.springframework.boot.test.autoconfigure.web.servlet.WebDriverContextCustomizerFactory$Customizer@58359ebd, org.springframework.boot.test.context.filter.ExcludeFilterContextCustomizer@4ee37ca3, org.springframework.boot.test.json.DuplicateJsonObjectContextCustomizerFactory$DuplicateJsonObjectContextCustomizer@422c3c7a, org.springframework.boot.test.mock.mockito.MockitoContextCustomizer@98854dc], contextLoader = 'org.springframework.test.context.support.DelegatingSmartContextLoader', parent = [null]]]
22:37:52.159 [Test worker] DEBUG org.springframework.test.context.cache - Spring test ApplicationContext cache statistics: [DefaultContextCache@476ee5b3 size = 1, maxSize = 32, parentContextCount = 0, hitCount = 127, missCount = 1]
22:37:52.166 [Test worker] DEBUG org.springframework.test.context.cache.DefaultCacheAwareContextLoaderDelegate - Retrieved ApplicationContext [418513504] from cache with key [[MergedContextConfiguration@5778826f testClass = UserServiceTest, locations = '{}', classes = '{class org.waldreg.user.management.user.DefaultUserManager, class org.waldreg.user.management.joiningpool.DefaultJoiningPoolManager}', contextInitializerClasses = '[]', activeProfiles = '{}', propertySourceLocations = '{}', propertySourceProperties = '{}', contextCustomizers = set[org.springframework.boot.test.autoconfigure.actuate.metrics.MetricsExportContextCustomizerFactory$DisableMetricExportContextCustomizer@1698fc68, org.springframework.boot.test.autoconfigure.properties.PropertyMappingContextCustomizer@0, org.springframework.boot.test.autoconfigure.web.servlet.WebDriverContextCustomizerFactory$Customizer@58359ebd, org.springframework.boot.test.context.filter.ExcludeFilterContextCustomizer@4ee37ca3, org.springframework.boot.test.json.DuplicateJsonObjectContextCustomizerFactory$DuplicateJsonObjectContextCustomizer@422c3c7a, org.springframework.boot.test.mock.mockito.MockitoContextCustomizer@98854dc], contextLoader = 'org.springframework.test.context.support.DelegatingSmartContextLoader', parent = [null]]]
22:37:52.166 [Test worker] DEBUG org.springframework.test.context.cache - Spring test ApplicationContext cache statistics: [DefaultContextCache@476ee5b3 size = 1, maxSize = 32, parentContextCount = 0, hitCount = 128, missCount = 1]
22:37:52.166 [Test worker] DEBUG org.springframework.test.context.cache.DefaultCacheAwareContextLoaderDelegate - Retrieved ApplicationContext [418513504] from cache with key [[MergedContextConfiguration@5778826f testClass = UserServiceTest, locations = '{}', classes = '{class org.waldreg.user.management.user.DefaultUserManager, class org.waldreg.user.management.joiningpool.DefaultJoiningPoolManager}', contextInitializerClasses = '[]', activeProfiles = '{}', propertySourceLocations = '{}', propertySourceProperties = '{}', contextCustomizers = set[org.springframework.boot.test.autoconfigure.actuate.metrics.MetricsExportContextCustomizerFactory$DisableMetricExportContextCustomizer@1698fc68, org.springframework.boot.test.autoconfigure.properties.PropertyMappingContextCustomizer@0, org.springframework.boot.test.autoconfigure.web.servlet.WebDriverContextCustomizerFactory$Customizer@58359ebd, org.springframework.boot.test.context.filter.ExcludeFilterContextCustomizer@4ee37ca3, org.springframework.boot.test.json.DuplicateJsonObjectContextCustomizerFactory$DuplicateJsonObjectContextCustomizer@422c3c7a, org.springframework.boot.test.mock.mockito.MockitoContextCustomizer@98854dc], contextLoader = 'org.springframework.test.context.support.DelegatingSmartContextLoader', parent = [null]]]
22:37:52.166 [Test worker] DEBUG org.springframework.test.context.cache - Spring test ApplicationContext cache statistics: [DefaultContextCache@476ee5b3 size = 1, maxSize = 32, parentContextCount = 0, hitCount = 129, missCount = 1]
22:37:52.167 [Test worker] DEBUG org.springframework.test.context.cache.DefaultCacheAwareContextLoaderDelegate - Retrieved ApplicationContext [418513504] from cache with key [[MergedContextConfiguration@5778826f testClass = UserServiceTest, locations = '{}', classes = '{class org.waldreg.user.management.user.DefaultUserManager, class org.waldreg.user.management.joiningpool.DefaultJoiningPoolManager}', contextInitializerClasses = '[]', activeProfiles = '{}', propertySourceLocations = '{}', propertySourceProperties = '{}', contextCustomizers = set[org.springframework.boot.test.autoconfigure.actuate.metrics.MetricsExportContextCustomizerFactory$DisableMetricExportContextCustomizer@1698fc68, org.springframework.boot.test.autoconfigure.properties.PropertyMappingContextCustomizer@0, org.springframework.boot.test.autoconfigure.web.servlet.WebDriverContextCustomizerFactory$Customizer@58359ebd, org.springframework.boot.test.context.filter.ExcludeFilterContextCustomizer@4ee37ca3, org.springframework.boot.test.json.DuplicateJsonObjectContextCustomizerFactory$DuplicateJsonObjectContextCustomizer@422c3c7a, org.springframework.boot.test.mock.mockito.MockitoContextCustomizer@98854dc], contextLoader = 'org.springframework.test.context.support.DelegatingSmartContextLoader', parent = [null]]]
22:37:52.167 [Test worker] DEBUG org.springframework.test.context.cache - Spring test ApplicationContext cache statistics: [DefaultContextCache@476ee5b3 size = 1, maxSize = 32, parentContextCount = 0, hitCount = 130, missCount = 1]
22:37:52.168 [Test worker] DEBUG org.springframework.test.context.cache.DefaultCacheAwareContextLoaderDelegate - Retrieved ApplicationContext [418513504] from cache with key [[MergedContextConfiguration@5778826f testClass = UserServiceTest, locations = '{}', classes = '{class org.waldreg.user.management.user.DefaultUserManager, class org.waldreg.user.management.joiningpool.DefaultJoiningPoolManager}', contextInitializerClasses = '[]', activeProfiles = '{}', propertySourceLocations = '{}', propertySourceProperties = '{}', contextCustomizers = set[org.springframework.boot.test.autoconfigure.actuate.metrics.MetricsExportContextCustomizerFactory$DisableMetricExportContextCustomizer@1698fc68, org.springframework.boot.test.autoconfigure.properties.PropertyMappingContextCustomizer@0, org.springframework.boot.test.autoconfigure.web.servlet.WebDriverContextCustomizerFactory$Customizer@58359ebd, org.springframework.boot.test.context.filter.ExcludeFilterContextCustomizer@4ee37ca3, org.springframework.boot.test.json.DuplicateJsonObjectContextCustomizerFactory$DuplicateJsonObjectContextCustomizer@422c3c7a, org.springframework.boot.test.mock.mockito.MockitoContextCustomizer@98854dc], contextLoader = 'org.springframework.test.context.support.DelegatingSmartContextLoader', parent = [null]]]
22:37:52.168 [Test worker] DEBUG org.springframework.test.context.cache - Spring test ApplicationContext cache statistics: [DefaultContextCache@476ee5b3 size = 1, maxSize = 32, parentContextCount = 0, hitCount = 131, missCount = 1]
22:37:52.168 [Test worker] DEBUG org.springframework.test.context.support.AbstractDirtiesContextTestExecutionListener - After test method: context [DefaultTestContext@7829b776 testClass = UserServiceTest, testInstance = org.waldreg.user.management.UserServiceTest@38ed139b, testMethod = UPDATE_SPECIFIC_USER_SUCCESS_TEST@UserServiceTest, testException = [null], mergedContextConfiguration = [MergedContextConfiguration@5778826f testClass = UserServiceTest, locations = '{}', classes = '{class org.waldreg.user.management.user.DefaultUserManager, class org.waldreg.user.management.joiningpool.DefaultJoiningPoolManager}', contextInitializerClasses = '[]', activeProfiles = '{}', propertySourceLocations = '{}', propertySourceProperties = '{}', contextCustomizers = set[org.springframework.boot.test.autoconfigure.actuate.metrics.MetricsExportContextCustomizerFactory$DisableMetricExportContextCustomizer@1698fc68, org.springframework.boot.test.autoconfigure.properties.PropertyMappingContextCustomizer@0, org.springframework.boot.test.autoconfigure.web.servlet.WebDriverContextCustomizerFactory$Customizer@58359ebd, org.springframework.boot.test.context.filter.ExcludeFilterContextCustomizer@4ee37ca3, org.springframework.boot.test.json.DuplicateJsonObjectContextCustomizerFactory$DuplicateJsonObjectContextCustomizer@422c3c7a, org.springframework.boot.test.mock.mockito.MockitoContextCustomizer@98854dc], contextLoader = 'org.springframework.test.context.support.DelegatingSmartContextLoader', parent = [null]], attributes = map['org.springframework.test.context.event.ApplicationEventsTestExecutionListener.recordApplicationEvents' -> false]], class annotated with @DirtiesContext [false] with mode [null], method annotated with @DirtiesContext [false] with mode [null].
22:37:52.168 [Test worker] DEBUG org.springframework.test.context.cache.DefaultCacheAwareContextLoaderDelegate - Retrieved ApplicationContext [418513504] from cache with key [[MergedContextConfiguration@5778826f testClass = UserServiceTest, locations = '{}', classes = '{class org.waldreg.user.management.user.DefaultUserManager, class org.waldreg.user.management.joiningpool.DefaultJoiningPoolManager}', contextInitializerClasses = '[]', activeProfiles = '{}', propertySourceLocations = '{}', propertySourceProperties = '{}', contextCustomizers = set[org.springframework.boot.test.autoconfigure.actuate.metrics.MetricsExportContextCustomizerFactory$DisableMetricExportContextCustomizer@1698fc68, org.springframework.boot.test.autoconfigure.properties.PropertyMappingContextCustomizer@0, org.springframework.boot.test.autoconfigure.web.servlet.WebDriverContextCustomizerFactory$Customizer@58359ebd, org.springframework.boot.test.context.filter.ExcludeFilterContextCustomizer@4ee37ca3, org.springframework.boot.test.json.DuplicateJsonObjectContextCustomizerFactory$DuplicateJsonObjectContextCustomizer@422c3c7a, org.springframework.boot.test.mock.mockito.MockitoContextCustomizer@98854dc], contextLoader = 'org.springframework.test.context.support.DelegatingSmartContextLoader', parent = [null]]]
22:37:52.168 [Test worker] DEBUG org.springframework.test.context.cache - Spring test ApplicationContext cache statistics: [DefaultContextCache@476ee5b3 size = 1, maxSize = 32, parentContextCount = 0, hitCount = 132, missCount = 1]
22:37:52.168 [Test worker] DEBUG org.springframework.test.context.support.DependencyInjectionTestExecutionListener - Performing dependency injection for test context [[DefaultTestContext@7829b776 testClass = UserServiceTest, testInstance = org.waldreg.user.management.UserServiceTest@1d9bd4da, testMethod = [null], testException = [null], mergedContextConfiguration = [MergedContextConfiguration@5778826f testClass = UserServiceTest, locations = '{}', classes = '{class org.waldreg.user.management.user.DefaultUserManager, class org.waldreg.user.management.joiningpool.DefaultJoiningPoolManager}', contextInitializerClasses = '[]', activeProfiles = '{}', propertySourceLocations = '{}', propertySourceProperties = '{}', contextCustomizers = set[org.springframework.boot.test.autoconfigure.actuate.metrics.MetricsExportContextCustomizerFactory$DisableMetricExportContextCustomizer@1698fc68, org.springframework.boot.test.autoconfigure.properties.PropertyMappingContextCustomizer@0, org.springframework.boot.test.autoconfigure.web.servlet.WebDriverContextCustomizerFactory$Customizer@58359ebd, org.springframework.boot.test.context.filter.ExcludeFilterContextCustomizer@4ee37ca3, org.springframework.boot.test.json.DuplicateJsonObjectContextCustomizerFactory$DuplicateJsonObjectContextCustomizer@422c3c7a, org.springframework.boot.test.mock.mockito.MockitoContextCustomizer@98854dc], contextLoader = 'org.springframework.test.context.support.DelegatingSmartContextLoader', parent = [null]], attributes = map['org.springframework.test.context.event.ApplicationEventsTestExecutionListener.recordApplicationEvents' -> false]]].
22:37:52.168 [Test worker] DEBUG org.springframework.test.context.cache.DefaultCacheAwareContextLoaderDelegate - Retrieved ApplicationContext [418513504] from cache with key [[MergedContextConfiguration@5778826f testClass = UserServiceTest, locations = '{}', classes = '{class org.waldreg.user.management.user.DefaultUserManager, class org.waldreg.user.management.joiningpool.DefaultJoiningPoolManager}', contextInitializerClasses = '[]', activeProfiles = '{}', propertySourceLocations = '{}', propertySourceProperties = '{}', contextCustomizers = set[org.springframework.boot.test.autoconfigure.actuate.metrics.MetricsExportContextCustomizerFactory$DisableMetricExportContextCustomizer@1698fc68, org.springframework.boot.test.autoconfigure.properties.PropertyMappingContextCustomizer@0, org.springframework.boot.test.autoconfigure.web.servlet.WebDriverContextCustomizerFactory$Customizer@58359ebd, org.springframework.boot.test.context.filter.ExcludeFilterContextCustomizer@4ee37ca3, org.springframework.boot.test.json.DuplicateJsonObjectContextCustomizerFactory$DuplicateJsonObjectContextCustomizer@422c3c7a, org.springframework.boot.test.mock.mockito.MockitoContextCustomizer@98854dc], contextLoader = 'org.springframework.test.context.support.DelegatingSmartContextLoader', parent = [null]]]
22:37:52.168 [Test worker] DEBUG org.springframework.test.context.cache - Spring test ApplicationContext cache statistics: [DefaultContextCache@476ee5b3 size = 1, maxSize = 32, parentContextCount = 0, hitCount = 133, missCount = 1]
22:37:52.168 [Test worker] DEBUG org.springframework.test.context.cache.DefaultCacheAwareContextLoaderDelegate - Retrieved ApplicationContext [418513504] from cache with key [[MergedContextConfiguration@5778826f testClass = UserServiceTest, locations = '{}', classes = '{class org.waldreg.user.management.user.DefaultUserManager, class org.waldreg.user.management.joiningpool.DefaultJoiningPoolManager}', contextInitializerClasses = '[]', activeProfiles = '{}', propertySourceLocations = '{}', propertySourceProperties = '{}', contextCustomizers = set[org.springframework.boot.test.autoconfigure.actuate.metrics.MetricsExportContextCustomizerFactory$DisableMetricExportContextCustomizer@1698fc68, org.springframework.boot.test.autoconfigure.properties.PropertyMappingContextCustomizer@0, org.springframework.boot.test.autoconfigure.web.servlet.WebDriverContextCustomizerFactory$Customizer@58359ebd, org.springframework.boot.test.context.filter.ExcludeFilterContextCustomizer@4ee37ca3, org.springframework.boot.test.json.DuplicateJsonObjectContextCustomizerFactory$DuplicateJsonObjectContextCustomizer@422c3c7a, org.springframework.boot.test.mock.mockito.MockitoContextCustomizer@98854dc], contextLoader = 'org.springframework.test.context.support.DelegatingSmartContextLoader', parent = [null]]]
22:37:52.168 [Test worker] DEBUG org.springframework.test.context.cache - Spring test ApplicationContext cache statistics: [DefaultContextCache@476ee5b3 size = 1, maxSize = 32, parentContextCount = 0, hitCount = 134, missCount = 1]
22:37:52.174 [Test worker] DEBUG org.springframework.test.context.support.AbstractDirtiesContextTestExecutionListener - Before test method: context [DefaultTestContext@7829b776 testClass = UserServiceTest, testInstance = org.waldreg.user.management.UserServiceTest@1d9bd4da, testMethod = UPDATE_USER_CHARACTER_FAIL_CAUSE_UNKNOWN_ID_TEST@UserServiceTest, testException = [null], mergedContextConfiguration = [MergedContextConfiguration@5778826f testClass = UserServiceTest, locations = '{}', classes = '{class org.waldreg.user.management.user.DefaultUserManager, class org.waldreg.user.management.joiningpool.DefaultJoiningPoolManager}', contextInitializerClasses = '[]', activeProfiles = '{}', propertySourceLocations = '{}', propertySourceProperties = '{}', contextCustomizers = set[org.springframework.boot.test.autoconfigure.actuate.metrics.MetricsExportContextCustomizerFactory$DisableMetricExportContextCustomizer@1698fc68, org.springframework.boot.test.autoconfigure.properties.PropertyMappingContextCustomizer@0, org.springframework.boot.test.autoconfigure.web.servlet.WebDriverContextCustomizerFactory$Customizer@58359ebd, org.springframework.boot.test.context.filter.ExcludeFilterContextCustomizer@4ee37ca3, org.springframework.boot.test.json.DuplicateJsonObjectContextCustomizerFactory$DuplicateJsonObjectContextCustomizer@422c3c7a, org.springframework.boot.test.mock.mockito.MockitoContextCustomizer@98854dc], contextLoader = 'org.springframework.test.context.support.DelegatingSmartContextLoader', parent = [null]], attributes = map['org.springframework.test.context.event.ApplicationEventsTestExecutionListener.recordApplicationEvents' -> false]], class annotated with @DirtiesContext [false] with mode [null], method annotated with @DirtiesContext [false] with mode [null].
22:37:52.174 [Test worker] DEBUG org.springframework.test.context.cache.DefaultCacheAwareContextLoaderDelegate - Retrieved ApplicationContext [418513504] from cache with key [[MergedContextConfiguration@5778826f testClass = UserServiceTest, locations = '{}', classes = '{class org.waldreg.user.management.user.DefaultUserManager, class org.waldreg.user.management.joiningpool.DefaultJoiningPoolManager}', contextInitializerClasses = '[]', activeProfiles = '{}', propertySourceLocations = '{}', propertySourceProperties = '{}', contextCustomizers = set[org.springframework.boot.test.autoconfigure.actuate.metrics.MetricsExportContextCustomizerFactory$DisableMetricExportContextCustomizer@1698fc68, org.springframework.boot.test.autoconfigure.properties.PropertyMappingContextCustomizer@0, org.springframework.boot.test.autoconfigure.web.servlet.WebDriverContextCustomizerFactory$Customizer@58359ebd, org.springframework.boot.test.context.filter.ExcludeFilterContextCustomizer@4ee37ca3, org.springframework.boot.test.json.DuplicateJsonObjectContextCustomizerFactory$DuplicateJsonObjectContextCustomizer@422c3c7a, org.springframework.boot.test.mock.mockito.MockitoContextCustomizer@98854dc], contextLoader = 'org.springframework.test.context.support.DelegatingSmartContextLoader', parent = [null]]]
22:37:52.174 [Test worker] DEBUG org.springframework.test.context.cache - Spring test ApplicationContext cache statistics: [DefaultContextCache@476ee5b3 size = 1, maxSize = 32, parentContextCount = 0, hitCount = 135, missCount = 1]
22:37:52.174 [Test worker] DEBUG org.springframework.test.context.cache.DefaultCacheAwareContextLoaderDelegate - Retrieved ApplicationContext [418513504] from cache with key [[MergedContextConfiguration@5778826f testClass = UserServiceTest, locations = '{}', classes = '{class org.waldreg.user.management.user.DefaultUserManager, class org.waldreg.user.management.joiningpool.DefaultJoiningPoolManager}', contextInitializerClasses = '[]', activeProfiles = '{}', propertySourceLocations = '{}', propertySourceProperties = '{}', contextCustomizers = set[org.springframework.boot.test.autoconfigure.actuate.metrics.MetricsExportContextCustomizerFactory$DisableMetricExportContextCustomizer@1698fc68, org.springframework.boot.test.autoconfigure.properties.PropertyMappingContextCustomizer@0, org.springframework.boot.test.autoconfigure.web.servlet.WebDriverContextCustomizerFactory$Customizer@58359ebd, org.springframework.boot.test.context.filter.ExcludeFilterContextCustomizer@4ee37ca3, org.springframework.boot.test.json.DuplicateJsonObjectContextCustomizerFactory$DuplicateJsonObjectContextCustomizer@422c3c7a, org.springframework.boot.test.mock.mockito.MockitoContextCustomizer@98854dc], contextLoader = 'org.springframework.test.context.support.DelegatingSmartContextLoader', parent = [null]]]
22:37:52.174 [Test worker] DEBUG org.springframework.test.context.cache - Spring test ApplicationContext cache statistics: [DefaultContextCache@476ee5b3 size = 1, maxSize = 32, parentContextCount = 0, hitCount = 136, missCount = 1]
22:37:52.174 [Test worker] DEBUG org.springframework.test.context.cache.DefaultCacheAwareContextLoaderDelegate - Retrieved ApplicationContext [418513504] from cache with key [[MergedContextConfiguration@5778826f testClass = UserServiceTest, locations = '{}', classes = '{class org.waldreg.user.management.user.DefaultUserManager, class org.waldreg.user.management.joiningpool.DefaultJoiningPoolManager}', contextInitializerClasses = '[]', activeProfiles = '{}', propertySourceLocations = '{}', propertySourceProperties = '{}', contextCustomizers = set[org.springframework.boot.test.autoconfigure.actuate.metrics.MetricsExportContextCustomizerFactory$DisableMetricExportContextCustomizer@1698fc68, org.springframework.boot.test.autoconfigure.properties.PropertyMappingContextCustomizer@0, org.springframework.boot.test.autoconfigure.web.servlet.WebDriverContextCustomizerFactory$Customizer@58359ebd, org.springframework.boot.test.context.filter.ExcludeFilterContextCustomizer@4ee37ca3, org.springframework.boot.test.json.DuplicateJsonObjectContextCustomizerFactory$DuplicateJsonObjectContextCustomizer@422c3c7a, org.springframework.boot.test.mock.mockito.MockitoContextCustomizer@98854dc], contextLoader = 'org.springframework.test.context.support.DelegatingSmartContextLoader', parent = [null]]]
22:37:52.174 [Test worker] DEBUG org.springframework.test.context.cache - Spring test ApplicationContext cache statistics: [DefaultContextCache@476ee5b3 size = 1, maxSize = 32, parentContextCount = 0, hitCount = 137, missCount = 1]
22:37:52.177 [Test worker] DEBUG org.springframework.test.context.cache.DefaultCacheAwareContextLoaderDelegate - Retrieved ApplicationContext [418513504] from cache with key [[MergedContextConfiguration@5778826f testClass = UserServiceTest, locations = '{}', classes = '{class org.waldreg.user.management.user.DefaultUserManager, class org.waldreg.user.management.joiningpool.DefaultJoiningPoolManager}', contextInitializerClasses = '[]', activeProfiles = '{}', propertySourceLocations = '{}', propertySourceProperties = '{}', contextCustomizers = set[org.springframework.boot.test.autoconfigure.actuate.metrics.MetricsExportContextCustomizerFactory$DisableMetricExportContextCustomizer@1698fc68, org.springframework.boot.test.autoconfigure.properties.PropertyMappingContextCustomizer@0, org.springframework.boot.test.autoconfigure.web.servlet.WebDriverContextCustomizerFactory$Customizer@58359ebd, org.springframework.boot.test.context.filter.ExcludeFilterContextCustomizer@4ee37ca3, org.springframework.boot.test.json.DuplicateJsonObjectContextCustomizerFactory$DuplicateJsonObjectContextCustomizer@422c3c7a, org.springframework.boot.test.mock.mockito.MockitoContextCustomizer@98854dc], contextLoader = 'org.springframework.test.context.support.DelegatingSmartContextLoader', parent = [null]]]
22:37:52.177 [Test worker] DEBUG org.springframework.test.context.cache - Spring test ApplicationContext cache statistics: [DefaultContextCache@476ee5b3 size = 1, maxSize = 32, parentContextCount = 0, hitCount = 138, missCount = 1]
22:37:52.177 [Test worker] DEBUG org.springframework.test.context.cache.DefaultCacheAwareContextLoaderDelegate - Retrieved ApplicationContext [418513504] from cache with key [[MergedContextConfiguration@5778826f testClass = UserServiceTest, locations = '{}', classes = '{class org.waldreg.user.management.user.DefaultUserManager, class org.waldreg.user.management.joiningpool.DefaultJoiningPoolManager}', contextInitializerClasses = '[]', activeProfiles = '{}', propertySourceLocations = '{}', propertySourceProperties = '{}', contextCustomizers = set[org.springframework.boot.test.autoconfigure.actuate.metrics.MetricsExportContextCustomizerFactory$DisableMetricExportContextCustomizer@1698fc68, org.springframework.boot.test.autoconfigure.properties.PropertyMappingContextCustomizer@0, org.springframework.boot.test.autoconfigure.web.servlet.WebDriverContextCustomizerFactory$Customizer@58359ebd, org.springframework.boot.test.context.filter.ExcludeFilterContextCustomizer@4ee37ca3, org.springframework.boot.test.json.DuplicateJsonObjectContextCustomizerFactory$DuplicateJsonObjectContextCustomizer@422c3c7a, org.springframework.boot.test.mock.mockito.MockitoContextCustomizer@98854dc], contextLoader = 'org.springframework.test.context.support.DelegatingSmartContextLoader', parent = [null]]]
22:37:52.177 [Test worker] DEBUG org.springframework.test.context.cache - Spring test ApplicationContext cache statistics: [DefaultContextCache@476ee5b3 size = 1, maxSize = 32, parentContextCount = 0, hitCount = 139, missCount = 1]
22:37:52.182 [Test worker] DEBUG org.springframework.test.context.cache.DefaultCacheAwareContextLoaderDelegate - Retrieved ApplicationContext [418513504] from cache with key [[MergedContextConfiguration@5778826f testClass = UserServiceTest, locations = '{}', classes = '{class org.waldreg.user.management.user.DefaultUserManager, class org.waldreg.user.management.joiningpool.DefaultJoiningPoolManager}', contextInitializerClasses = '[]', activeProfiles = '{}', propertySourceLocations = '{}', propertySourceProperties = '{}', contextCustomizers = set[org.springframework.boot.test.autoconfigure.actuate.metrics.MetricsExportContextCustomizerFactory$DisableMetricExportContextCustomizer@1698fc68, org.springframework.boot.test.autoconfigure.properties.PropertyMappingContextCustomizer@0, org.springframework.boot.test.autoconfigure.web.servlet.WebDriverContextCustomizerFactory$Customizer@58359ebd, org.springframework.boot.test.context.filter.ExcludeFilterContextCustomizer@4ee37ca3, org.springframework.boot.test.json.DuplicateJsonObjectContextCustomizerFactory$DuplicateJsonObjectContextCustomizer@422c3c7a, org.springframework.boot.test.mock.mockito.MockitoContextCustomizer@98854dc], contextLoader = 'org.springframework.test.context.support.DelegatingSmartContextLoader', parent = [null]]]
22:37:52.182 [Test worker] DEBUG org.springframework.test.context.cache - Spring test ApplicationContext cache statistics: [DefaultContextCache@476ee5b3 size = 1, maxSize = 32, parentContextCount = 0, hitCount = 140, missCount = 1]
22:37:52.182 [Test worker] DEBUG org.springframework.test.context.cache.DefaultCacheAwareContextLoaderDelegate - Retrieved ApplicationContext [418513504] from cache with key [[MergedContextConfiguration@5778826f testClass = UserServiceTest, locations = '{}', classes = '{class org.waldreg.user.management.user.DefaultUserManager, class org.waldreg.user.management.joiningpool.DefaultJoiningPoolManager}', contextInitializerClasses = '[]', activeProfiles = '{}', propertySourceLocations = '{}', propertySourceProperties = '{}', contextCustomizers = set[org.springframework.boot.test.autoconfigure.actuate.metrics.MetricsExportContextCustomizerFactory$DisableMetricExportContextCustomizer@1698fc68, org.springframework.boot.test.autoconfigure.properties.PropertyMappingContextCustomizer@0, org.springframework.boot.test.autoconfigure.web.servlet.WebDriverContextCustomizerFactory$Customizer@58359ebd, org.springframework.boot.test.context.filter.ExcludeFilterContextCustomizer@4ee37ca3, org.springframework.boot.test.json.DuplicateJsonObjectContextCustomizerFactory$DuplicateJsonObjectContextCustomizer@422c3c7a, org.springframework.boot.test.mock.mockito.MockitoContextCustomizer@98854dc], contextLoader = 'org.springframework.test.context.support.DelegatingSmartContextLoader', parent = [null]]]
22:37:52.182 [Test worker] DEBUG org.springframework.test.context.cache - Spring test ApplicationContext cache statistics: [DefaultContextCache@476ee5b3 size = 1, maxSize = 32, parentContextCount = 0, hitCount = 141, missCount = 1]
22:37:52.182 [Test worker] DEBUG org.springframework.test.context.cache.DefaultCacheAwareContextLoaderDelegate - Retrieved ApplicationContext [418513504] from cache with key [[MergedContextConfiguration@5778826f testClass = UserServiceTest, locations = '{}', classes = '{class org.waldreg.user.management.user.DefaultUserManager, class org.waldreg.user.management.joiningpool.DefaultJoiningPoolManager}', contextInitializerClasses = '[]', activeProfiles = '{}', propertySourceLocations = '{}', propertySourceProperties = '{}', contextCustomizers = set[org.springframework.boot.test.autoconfigure.actuate.metrics.MetricsExportContextCustomizerFactory$DisableMetricExportContextCustomizer@1698fc68, org.springframework.boot.test.autoconfigure.properties.PropertyMappingContextCustomizer@0, org.springframework.boot.test.autoconfigure.web.servlet.WebDriverContextCustomizerFactory$Customizer@58359ebd, org.springframework.boot.test.context.filter.ExcludeFilterContextCustomizer@4ee37ca3, org.springframework.boot.test.json.DuplicateJsonObjectContextCustomizerFactory$DuplicateJsonObjectContextCustomizer@422c3c7a, org.springframework.boot.test.mock.mockito.MockitoContextCustomizer@98854dc], contextLoader = 'org.springframework.test.context.support.DelegatingSmartContextLoader', parent = [null]]]
22:37:52.182 [Test worker] DEBUG org.springframework.test.context.cache - Spring test ApplicationContext cache statistics: [DefaultContextCache@476ee5b3 size = 1, maxSize = 32, parentContextCount = 0, hitCount = 142, missCount = 1]
22:37:52.182 [Test worker] DEBUG org.springframework.test.context.cache.DefaultCacheAwareContextLoaderDelegate - Retrieved ApplicationContext [418513504] from cache with key [[MergedContextConfiguration@5778826f testClass = UserServiceTest, locations = '{}', classes = '{class org.waldreg.user.management.user.DefaultUserManager, class org.waldreg.user.management.joiningpool.DefaultJoiningPoolManager}', contextInitializerClasses = '[]', activeProfiles = '{}', propertySourceLocations = '{}', propertySourceProperties = '{}', contextCustomizers = set[org.springframework.boot.test.autoconfigure.actuate.metrics.MetricsExportContextCustomizerFactory$DisableMetricExportContextCustomizer@1698fc68, org.springframework.boot.test.autoconfigure.properties.PropertyMappingContextCustomizer@0, org.springframework.boot.test.autoconfigure.web.servlet.WebDriverContextCustomizerFactory$Customizer@58359ebd, org.springframework.boot.test.context.filter.ExcludeFilterContextCustomizer@4ee37ca3, org.springframework.boot.test.json.DuplicateJsonObjectContextCustomizerFactory$DuplicateJsonObjectContextCustomizer@422c3c7a, org.springframework.boot.test.mock.mockito.MockitoContextCustomizer@98854dc], contextLoader = 'org.springframework.test.context.support.DelegatingSmartContextLoader', parent = [null]]]
22:37:52.182 [Test worker] DEBUG org.springframework.test.context.cache - Spring test ApplicationContext cache statistics: [DefaultContextCache@476ee5b3 size = 1, maxSize = 32, parentContextCount = 0, hitCount = 143, missCount = 1]
22:37:52.182 [Test worker] DEBUG org.springframework.test.context.support.AbstractDirtiesContextTestExecutionListener - After test method: context [DefaultTestContext@7829b776 testClass = UserServiceTest, testInstance = org.waldreg.user.management.UserServiceTest@1d9bd4da, testMethod = UPDATE_USER_CHARACTER_FAIL_CAUSE_UNKNOWN_ID_TEST@UserServiceTest, testException = [null], mergedContextConfiguration = [MergedContextConfiguration@5778826f testClass = UserServiceTest, locations = '{}', classes = '{class org.waldreg.user.management.user.DefaultUserManager, class org.waldreg.user.management.joiningpool.DefaultJoiningPoolManager}', contextInitializerClasses = '[]', activeProfiles = '{}', propertySourceLocations = '{}', propertySourceProperties = '{}', contextCustomizers = set[org.springframework.boot.test.autoconfigure.actuate.metrics.MetricsExportContextCustomizerFactory$DisableMetricExportContextCustomizer@1698fc68, org.springframework.boot.test.autoconfigure.properties.PropertyMappingContextCustomizer@0, org.springframework.boot.test.autoconfigure.web.servlet.WebDriverContextCustomizerFactory$Customizer@58359ebd, org.springframework.boot.test.context.filter.ExcludeFilterContextCustomizer@4ee37ca3, org.springframework.boot.test.json.DuplicateJsonObjectContextCustomizerFactory$DuplicateJsonObjectContextCustomizer@422c3c7a, org.springframework.boot.test.mock.mockito.MockitoContextCustomizer@98854dc], contextLoader = 'org.springframework.test.context.support.DelegatingSmartContextLoader', parent = [null]], attributes = map['org.springframework.test.context.event.ApplicationEventsTestExecutionListener.recordApplicationEvents' -> false]], class annotated with @DirtiesContext [false] with mode [null], method annotated with @DirtiesContext [false] with mode [null].
22:37:52.182 [Test worker] DEBUG org.springframework.test.context.cache.DefaultCacheAwareContextLoaderDelegate - Retrieved ApplicationContext [418513504] from cache with key [[MergedContextConfiguration@5778826f testClass = UserServiceTest, locations = '{}', classes = '{class org.waldreg.user.management.user.DefaultUserManager, class org.waldreg.user.management.joiningpool.DefaultJoiningPoolManager}', contextInitializerClasses = '[]', activeProfiles = '{}', propertySourceLocations = '{}', propertySourceProperties = '{}', contextCustomizers = set[org.springframework.boot.test.autoconfigure.actuate.metrics.MetricsExportContextCustomizerFactory$DisableMetricExportContextCustomizer@1698fc68, org.springframework.boot.test.autoconfigure.properties.PropertyMappingContextCustomizer@0, org.springframework.boot.test.autoconfigure.web.servlet.WebDriverContextCustomizerFactory$Customizer@58359ebd, org.springframework.boot.test.context.filter.ExcludeFilterContextCustomizer@4ee37ca3, org.springframework.boot.test.json.DuplicateJsonObjectContextCustomizerFactory$DuplicateJsonObjectContextCustomizer@422c3c7a, org.springframework.boot.test.mock.mockito.MockitoContextCustomizer@98854dc], contextLoader = 'org.springframework.test.context.support.DelegatingSmartContextLoader', parent = [null]]]
22:37:52.182 [Test worker] DEBUG org.springframework.test.context.cache - Spring test ApplicationContext cache statistics: [DefaultContextCache@476ee5b3 size = 1, maxSize = 32, parentContextCount = 0, hitCount = 144, missCount = 1]
22:37:52.182 [Test worker] DEBUG org.springframework.test.context.support.DependencyInjectionTestExecutionListener - Performing dependency injection for test context [[DefaultTestContext@7829b776 testClass = UserServiceTest, testInstance = org.waldreg.user.management.UserServiceTest@934b52f, testMethod = [null], testException = [null], mergedContextConfiguration = [MergedContextConfiguration@5778826f testClass = UserServiceTest, locations = '{}', classes = '{class org.waldreg.user.management.user.DefaultUserManager, class org.waldreg.user.management.joiningpool.DefaultJoiningPoolManager}', contextInitializerClasses = '[]', activeProfiles = '{}', propertySourceLocations = '{}', propertySourceProperties = '{}', contextCustomizers = set[org.springframework.boot.test.autoconfigure.actuate.metrics.MetricsExportContextCustomizerFactory$DisableMetricExportContextCustomizer@1698fc68, org.springframework.boot.test.autoconfigure.properties.PropertyMappingContextCustomizer@0, org.springframework.boot.test.autoconfigure.web.servlet.WebDriverContextCustomizerFactory$Customizer@58359ebd, org.springframework.boot.test.context.filter.ExcludeFilterContextCustomizer@4ee37ca3, org.springframework.boot.test.json.DuplicateJsonObjectContextCustomizerFactory$DuplicateJsonObjectContextCustomizer@422c3c7a, org.springframework.boot.test.mock.mockito.MockitoContextCustomizer@98854dc], contextLoader = 'org.springframework.test.context.support.DelegatingSmartContextLoader', parent = [null]], attributes = map['org.springframework.test.context.event.ApplicationEventsTestExecutionListener.recordApplicationEvents' -> false]]].
22:37:52.182 [Test worker] DEBUG org.springframework.test.context.cache.DefaultCacheAwareContextLoaderDelegate - Retrieved ApplicationContext [418513504] from cache with key [[MergedContextConfiguration@5778826f testClass = UserServiceTest, locations = '{}', classes = '{class org.waldreg.user.management.user.DefaultUserManager, class org.waldreg.user.management.joiningpool.DefaultJoiningPoolManager}', contextInitializerClasses = '[]', activeProfiles = '{}', propertySourceLocations = '{}', propertySourceProperties = '{}', contextCustomizers = set[org.springframework.boot.test.autoconfigure.actuate.metrics.MetricsExportContextCustomizerFactory$DisableMetricExportContextCustomizer@1698fc68, org.springframework.boot.test.autoconfigure.properties.PropertyMappingContextCustomizer@0, org.springframework.boot.test.autoconfigure.web.servlet.WebDriverContextCustomizerFactory$Customizer@58359ebd, org.springframework.boot.test.context.filter.ExcludeFilterContextCustomizer@4ee37ca3, org.springframework.boot.test.json.DuplicateJsonObjectContextCustomizerFactory$DuplicateJsonObjectContextCustomizer@422c3c7a, org.springframework.boot.test.mock.mockito.MockitoContextCustomizer@98854dc], contextLoader = 'org.springframework.test.context.support.DelegatingSmartContextLoader', parent = [null]]]
22:37:52.182 [Test worker] DEBUG org.springframework.test.context.cache - Spring test ApplicationContext cache statistics: [DefaultContextCache@476ee5b3 size = 1, maxSize = 32, parentContextCount = 0, hitCount = 145, missCount = 1]
22:37:52.182 [Test worker] DEBUG org.springframework.test.context.cache.DefaultCacheAwareContextLoaderDelegate - Retrieved ApplicationContext [418513504] from cache with key [[MergedContextConfiguration@5778826f testClass = UserServiceTest, locations = '{}', classes = '{class org.waldreg.user.management.user.DefaultUserManager, class org.waldreg.user.management.joiningpool.DefaultJoiningPoolManager}', contextInitializerClasses = '[]', activeProfiles = '{}', propertySourceLocations = '{}', propertySourceProperties = '{}', contextCustomizers = set[org.springframework.boot.test.autoconfigure.actuate.metrics.MetricsExportContextCustomizerFactory$DisableMetricExportContextCustomizer@1698fc68, org.springframework.boot.test.autoconfigure.properties.PropertyMappingContextCustomizer@0, org.springframework.boot.test.autoconfigure.web.servlet.WebDriverContextCustomizerFactory$Customizer@58359ebd, org.springframework.boot.test.context.filter.ExcludeFilterContextCustomizer@4ee37ca3, org.springframework.boot.test.json.DuplicateJsonObjectContextCustomizerFactory$DuplicateJsonObjectContextCustomizer@422c3c7a, org.springframework.boot.test.mock.mockito.MockitoContextCustomizer@98854dc], contextLoader = 'org.springframework.test.context.support.DelegatingSmartContextLoader', parent = [null]]]
22:37:52.187 [Test worker] DEBUG org.springframework.test.context.cache - Spring test ApplicationContext cache statistics: [DefaultContextCache@476ee5b3 size = 1, maxSize = 32, parentContextCount = 0, hitCount = 146, missCount = 1]
22:37:52.187 [Test worker] DEBUG org.springframework.test.context.support.AbstractDirtiesContextTestExecutionListener - Before test method: context [DefaultTestContext@7829b776 testClass = UserServiceTest, testInstance = org.waldreg.user.management.UserServiceTest@934b52f, testMethod = CREATE_USER_FAIL_CAUSE_USER_ID_OVERFLOW_TEST@UserServiceTest, testException = [null], mergedContextConfiguration = [MergedContextConfiguration@5778826f testClass = UserServiceTest, locations = '{}', classes = '{class org.waldreg.user.management.user.DefaultUserManager, class org.waldreg.user.management.joiningpool.DefaultJoiningPoolManager}', contextInitializerClasses = '[]', activeProfiles = '{}', propertySourceLocations = '{}', propertySourceProperties = '{}', contextCustomizers = set[org.springframework.boot.test.autoconfigure.actuate.metrics.MetricsExportContextCustomizerFactory$DisableMetricExportContextCustomizer@1698fc68, org.springframework.boot.test.autoconfigure.properties.PropertyMappingContextCustomizer@0, org.springframework.boot.test.autoconfigure.web.servlet.WebDriverContextCustomizerFactory$Customizer@58359ebd, org.springframework.boot.test.context.filter.ExcludeFilterContextCustomizer@4ee37ca3, org.springframework.boot.test.json.DuplicateJsonObjectContextCustomizerFactory$DuplicateJsonObjectContextCustomizer@422c3c7a, org.springframework.boot.test.mock.mockito.MockitoContextCustomizer@98854dc], contextLoader = 'org.springframework.test.context.support.DelegatingSmartContextLoader', parent = [null]], attributes = map['org.springframework.test.context.event.ApplicationEventsTestExecutionListener.recordApplicationEvents' -> false]], class annotated with @DirtiesContext [false] with mode [null], method annotated with @DirtiesContext [false] with mode [null].
22:37:52.187 [Test worker] DEBUG org.springframework.test.context.cache.DefaultCacheAwareContextLoaderDelegate - Retrieved ApplicationContext [418513504] from cache with key [[MergedContextConfiguration@5778826f testClass = UserServiceTest, locations = '{}', classes = '{class org.waldreg.user.management.user.DefaultUserManager, class org.waldreg.user.management.joiningpool.DefaultJoiningPoolManager}', contextInitializerClasses = '[]', activeProfiles = '{}', propertySourceLocations = '{}', propertySourceProperties = '{}', contextCustomizers = set[org.springframework.boot.test.autoconfigure.actuate.metrics.MetricsExportContextCustomizerFactory$DisableMetricExportContextCustomizer@1698fc68, org.springframework.boot.test.autoconfigure.properties.PropertyMappingContextCustomizer@0, org.springframework.boot.test.autoconfigure.web.servlet.WebDriverContextCustomizerFactory$Customizer@58359ebd, org.springframework.boot.test.context.filter.ExcludeFilterContextCustomizer@4ee37ca3, org.springframework.boot.test.json.DuplicateJsonObjectContextCustomizerFactory$DuplicateJsonObjectContextCustomizer@422c3c7a, org.springframework.boot.test.mock.mockito.MockitoContextCustomizer@98854dc], contextLoader = 'org.springframework.test.context.support.DelegatingSmartContextLoader', parent = [null]]]
22:37:52.187 [Test worker] DEBUG org.springframework.test.context.cache - Spring test ApplicationContext cache statistics: [DefaultContextCache@476ee5b3 size = 1, maxSize = 32, parentContextCount = 0, hitCount = 147, missCount = 1]
22:37:52.190 [Test worker] DEBUG org.springframework.test.context.cache.DefaultCacheAwareContextLoaderDelegate - Retrieved ApplicationContext [418513504] from cache with key [[MergedContextConfiguration@5778826f testClass = UserServiceTest, locations = '{}', classes = '{class org.waldreg.user.management.user.DefaultUserManager, class org.waldreg.user.management.joiningpool.DefaultJoiningPoolManager}', contextInitializerClasses = '[]', activeProfiles = '{}', propertySourceLocations = '{}', propertySourceProperties = '{}', contextCustomizers = set[org.springframework.boot.test.autoconfigure.actuate.metrics.MetricsExportContextCustomizerFactory$DisableMetricExportContextCustomizer@1698fc68, org.springframework.boot.test.autoconfigure.properties.PropertyMappingContextCustomizer@0, org.springframework.boot.test.autoconfigure.web.servlet.WebDriverContextCustomizerFactory$Customizer@58359ebd, org.springframework.boot.test.context.filter.ExcludeFilterContextCustomizer@4ee37ca3, org.springframework.boot.test.json.DuplicateJsonObjectContextCustomizerFactory$DuplicateJsonObjectContextCustomizer@422c3c7a, org.springframework.boot.test.mock.mockito.MockitoContextCustomizer@98854dc], contextLoader = 'org.springframework.test.context.support.DelegatingSmartContextLoader', parent = [null]]]
22:37:52.190 [Test worker] DEBUG org.springframework.test.context.cache - Spring test ApplicationContext cache statistics: [DefaultContextCache@476ee5b3 size = 1, maxSize = 32, parentContextCount = 0, hitCount = 148, missCount = 1]
22:37:52.190 [Test worker] DEBUG org.springframework.test.context.cache.DefaultCacheAwareContextLoaderDelegate - Retrieved ApplicationContext [418513504] from cache with key [[MergedContextConfiguration@5778826f testClass = UserServiceTest, locations = '{}', classes = '{class org.waldreg.user.management.user.DefaultUserManager, class org.waldreg.user.management.joiningpool.DefaultJoiningPoolManager}', contextInitializerClasses = '[]', activeProfiles = '{}', propertySourceLocations = '{}', propertySourceProperties = '{}', contextCustomizers = set[org.springframework.boot.test.autoconfigure.actuate.metrics.MetricsExportContextCustomizerFactory$DisableMetricExportContextCustomizer@1698fc68, org.springframework.boot.test.autoconfigure.properties.PropertyMappingContextCustomizer@0, org.springframework.boot.test.autoconfigure.web.servlet.WebDriverContextCustomizerFactory$Customizer@58359ebd, org.springframework.boot.test.context.filter.ExcludeFilterContextCustomizer@4ee37ca3, org.springframework.boot.test.json.DuplicateJsonObjectContextCustomizerFactory$DuplicateJsonObjectContextCustomizer@422c3c7a, org.springframework.boot.test.mock.mockito.MockitoContextCustomizer@98854dc], contextLoader = 'org.springframework.test.context.support.DelegatingSmartContextLoader', parent = [null]]]
22:37:52.190 [Test worker] DEBUG org.springframework.test.context.cache - Spring test ApplicationContext cache statistics: [DefaultContextCache@476ee5b3 size = 1, maxSize = 32, parentContextCount = 0, hitCount = 149, missCount = 1]
22:37:52.195 [Test worker] DEBUG org.springframework.test.context.cache.DefaultCacheAwareContextLoaderDelegate - Retrieved ApplicationContext [418513504] from cache with key [[MergedContextConfiguration@5778826f testClass = UserServiceTest, locations = '{}', classes = '{class org.waldreg.user.management.user.DefaultUserManager, class org.waldreg.user.management.joiningpool.DefaultJoiningPoolManager}', contextInitializerClasses = '[]', activeProfiles = '{}', propertySourceLocations = '{}', propertySourceProperties = '{}', contextCustomizers = set[org.springframework.boot.test.autoconfigure.actuate.metrics.MetricsExportContextCustomizerFactory$DisableMetricExportContextCustomizer@1698fc68, org.springframework.boot.test.autoconfigure.properties.PropertyMappingContextCustomizer@0, org.springframework.boot.test.autoconfigure.web.servlet.WebDriverContextCustomizerFactory$Customizer@58359ebd, org.springframework.boot.test.context.filter.ExcludeFilterContextCustomizer@4ee37ca3, org.springframework.boot.test.json.DuplicateJsonObjectContextCustomizerFactory$DuplicateJsonObjectContextCustomizer@422c3c7a, org.springframework.boot.test.mock.mockito.MockitoContextCustomizer@98854dc], contextLoader = 'org.springframework.test.context.support.DelegatingSmartContextLoader', parent = [null]]]
22:37:52.195 [Test worker] DEBUG org.springframework.test.context.cache - Spring test ApplicationContext cache statistics: [DefaultContextCache@476ee5b3 size = 1, maxSize = 32, parentContextCount = 0, hitCount = 150, missCount = 1]
22:37:52.195 [Test worker] DEBUG org.springframework.test.context.cache.DefaultCacheAwareContextLoaderDelegate - Retrieved ApplicationContext [418513504] from cache with key [[MergedContextConfiguration@5778826f testClass = UserServiceTest, locations = '{}', classes = '{class org.waldreg.user.management.user.DefaultUserManager, class org.waldreg.user.management.joiningpool.DefaultJoiningPoolManager}', contextInitializerClasses = '[]', activeProfiles = '{}', propertySourceLocations = '{}', propertySourceProperties = '{}', contextCustomizers = set[org.springframework.boot.test.autoconfigure.actuate.metrics.MetricsExportContextCustomizerFactory$DisableMetricExportContextCustomizer@1698fc68, org.springframework.boot.test.autoconfigure.properties.PropertyMappingContextCustomizer@0, org.springframework.boot.test.autoconfigure.web.servlet.WebDriverContextCustomizerFactory$Customizer@58359ebd, org.springframework.boot.test.context.filter.ExcludeFilterContextCustomizer@4ee37ca3, org.springframework.boot.test.json.DuplicateJsonObjectContextCustomizerFactory$DuplicateJsonObjectContextCustomizer@422c3c7a, org.springframework.boot.test.mock.mockito.MockitoContextCustomizer@98854dc], contextLoader = 'org.springframework.test.context.support.DelegatingSmartContextLoader', parent = [null]]]
22:37:52.195 [Test worker] DEBUG org.springframework.test.context.cache - Spring test ApplicationContext cache statistics: [DefaultContextCache@476ee5b3 size = 1, maxSize = 32, parentContextCount = 0, hitCount = 151, missCount = 1]
22:37:52.195 [Test worker] DEBUG org.springframework.test.context.cache.DefaultCacheAwareContextLoaderDelegate - Retrieved ApplicationContext [418513504] from cache with key [[MergedContextConfiguration@5778826f testClass = UserServiceTest, locations = '{}', classes = '{class org.waldreg.user.management.user.DefaultUserManager, class org.waldreg.user.management.joiningpool.DefaultJoiningPoolManager}', contextInitializerClasses = '[]', activeProfiles = '{}', propertySourceLocations = '{}', propertySourceProperties = '{}', contextCustomizers = set[org.springframework.boot.test.autoconfigure.actuate.metrics.MetricsExportContextCustomizerFactory$DisableMetricExportContextCustomizer@1698fc68, org.springframework.boot.test.autoconfigure.properties.PropertyMappingContextCustomizer@0, org.springframework.boot.test.autoconfigure.web.servlet.WebDriverContextCustomizerFactory$Customizer@58359ebd, org.springframework.boot.test.context.filter.ExcludeFilterContextCustomizer@4ee37ca3, org.springframework.boot.test.json.DuplicateJsonObjectContextCustomizerFactory$DuplicateJsonObjectContextCustomizer@422c3c7a, org.springframework.boot.test.mock.mockito.MockitoContextCustomizer@98854dc], contextLoader = 'org.springframework.test.context.support.DelegatingSmartContextLoader', parent = [null]]]
22:37:52.195 [Test worker] DEBUG org.springframework.test.context.cache - Spring test ApplicationContext cache statistics: [DefaultContextCache@476ee5b3 size = 1, maxSize = 32, parentContextCount = 0, hitCount = 152, missCount = 1]
22:37:52.195 [Test worker] DEBUG org.springframework.test.context.cache.DefaultCacheAwareContextLoaderDelegate - Retrieved ApplicationContext [418513504] from cache with key [[MergedContextConfiguration@5778826f testClass = UserServiceTest, locations = '{}', classes = '{class org.waldreg.user.management.user.DefaultUserManager, class org.waldreg.user.management.joiningpool.DefaultJoiningPoolManager}', contextInitializerClasses = '[]', activeProfiles = '{}', propertySourceLocations = '{}', propertySourceProperties = '{}', contextCustomizers = set[org.springframework.boot.test.autoconfigure.actuate.metrics.MetricsExportContextCustomizerFactory$DisableMetricExportContextCustomizer@1698fc68, org.springframework.boot.test.autoconfigure.properties.PropertyMappingContextCustomizer@0, org.springframework.boot.test.autoconfigure.web.servlet.WebDriverContextCustomizerFactory$Customizer@58359ebd, org.springframework.boot.test.context.filter.ExcludeFilterContextCustomizer@4ee37ca3, org.springframework.boot.test.json.DuplicateJsonObjectContextCustomizerFactory$DuplicateJsonObjectContextCustomizer@422c3c7a, org.springframework.boot.test.mock.mockito.MockitoContextCustomizer@98854dc], contextLoader = 'org.springframework.test.context.support.DelegatingSmartContextLoader', parent = [null]]]
22:37:52.195 [Test worker] DEBUG org.springframework.test.context.cache - Spring test ApplicationContext cache statistics: [DefaultContextCache@476ee5b3 size = 1, maxSize = 32, parentContextCount = 0, hitCount = 153, missCount = 1]
22:37:52.195 [Test worker] DEBUG org.springframework.test.context.cache.DefaultCacheAwareContextLoaderDelegate - Retrieved ApplicationContext [418513504] from cache with key [[MergedContextConfiguration@5778826f testClass = UserServiceTest, locations = '{}', classes = '{class org.waldreg.user.management.user.DefaultUserManager, class org.waldreg.user.management.joiningpool.DefaultJoiningPoolManager}', contextInitializerClasses = '[]', activeProfiles = '{}', propertySourceLocations = '{}', propertySourceProperties = '{}', contextCustomizers = set[org.springframework.boot.test.autoconfigure.actuate.metrics.MetricsExportContextCustomizerFactory$DisableMetricExportContextCustomizer@1698fc68, org.springframework.boot.test.autoconfigure.properties.PropertyMappingContextCustomizer@0, org.springframework.boot.test.autoconfigure.web.servlet.WebDriverContextCustomizerFactory$Customizer@58359ebd, org.springframework.boot.test.context.filter.ExcludeFilterContextCustomizer@4ee37ca3, org.springframework.boot.test.json.DuplicateJsonObjectContextCustomizerFactory$DuplicateJsonObjectContextCustomizer@422c3c7a, org.springframework.boot.test.mock.mockito.MockitoContextCustomizer@98854dc], contextLoader = 'org.springframework.test.context.support.DelegatingSmartContextLoader', parent = [null]]]
22:37:52.195 [Test worker] DEBUG org.springframework.test.context.cache - Spring test ApplicationContext cache statistics: [DefaultContextCache@476ee5b3 size = 1, maxSize = 32, parentContextCount = 0, hitCount = 154, missCount = 1]
22:37:52.197 [Test worker] DEBUG org.springframework.test.context.cache.DefaultCacheAwareContextLoaderDelegate - Retrieved ApplicationContext [418513504] from cache with key [[MergedContextConfiguration@5778826f testClass = UserServiceTest, locations = '{}', classes = '{class org.waldreg.user.management.user.DefaultUserManager, class org.waldreg.user.management.joiningpool.DefaultJoiningPoolManager}', contextInitializerClasses = '[]', activeProfiles = '{}', propertySourceLocations = '{}', propertySourceProperties = '{}', contextCustomizers = set[org.springframework.boot.test.autoconfigure.actuate.metrics.MetricsExportContextCustomizerFactory$DisableMetricExportContextCustomizer@1698fc68, org.springframework.boot.test.autoconfigure.properties.PropertyMappingContextCustomizer@0, org.springframework.boot.test.autoconfigure.web.servlet.WebDriverContextCustomizerFactory$Customizer@58359ebd, org.springframework.boot.test.context.filter.ExcludeFilterContextCustomizer@4ee37ca3, org.springframework.boot.test.json.DuplicateJsonObjectContextCustomizerFactory$DuplicateJsonObjectContextCustomizer@422c3c7a, org.springframework.boot.test.mock.mockito.MockitoContextCustomizer@98854dc], contextLoader = 'org.springframework.test.context.support.DelegatingSmartContextLoader', parent = [null]]]
22:37:52.197 [Test worker] DEBUG org.springframework.test.context.cache - Spring test ApplicationContext cache statistics: [DefaultContextCache@476ee5b3 size = 1, maxSize = 32, parentContextCount = 0, hitCount = 155, missCount = 1]
22:37:52.197 [Test worker] DEBUG org.springframework.test.context.support.AbstractDirtiesContextTestExecutionListener - After test method: context [DefaultTestContext@7829b776 testClass = UserServiceTest, testInstance = org.waldreg.user.management.UserServiceTest@934b52f, testMethod = CREATE_USER_FAIL_CAUSE_USER_ID_OVERFLOW_TEST@UserServiceTest, testException = [null], mergedContextConfiguration = [MergedContextConfiguration@5778826f testClass = UserServiceTest, locations = '{}', classes = '{class org.waldreg.user.management.user.DefaultUserManager, class org.waldreg.user.management.joiningpool.DefaultJoiningPoolManager}', contextInitializerClasses = '[]', activeProfiles = '{}', propertySourceLocations = '{}', propertySourceProperties = '{}', contextCustomizers = set[org.springframework.boot.test.autoconfigure.actuate.metrics.MetricsExportContextCustomizerFactory$DisableMetricExportContextCustomizer@1698fc68, org.springframework.boot.test.autoconfigure.properties.PropertyMappingContextCustomizer@0, org.springframework.boot.test.autoconfigure.web.servlet.WebDriverContextCustomizerFactory$Customizer@58359ebd, org.springframework.boot.test.context.filter.ExcludeFilterContextCustomizer@4ee37ca3, org.springframework.boot.test.json.DuplicateJsonObjectContextCustomizerFactory$DuplicateJsonObjectContextCustomizer@422c3c7a, org.springframework.boot.test.mock.mockito.MockitoContextCustomizer@98854dc], contextLoader = 'org.springframework.test.context.support.DelegatingSmartContextLoader', parent = [null]], attributes = map['org.springframework.test.context.event.ApplicationEventsTestExecutionListener.recordApplicationEvents' -> false]], class annotated with @DirtiesContext [false] with mode [null], method annotated with @DirtiesContext [false] with mode [null].
22:37:52.197 [Test worker] DEBUG org.springframework.test.context.cache.DefaultCacheAwareContextLoaderDelegate - Retrieved ApplicationContext [418513504] from cache with key [[MergedContextConfiguration@5778826f testClass = UserServiceTest, locations = '{}', classes = '{class org.waldreg.user.management.user.DefaultUserManager, class org.waldreg.user.management.joiningpool.DefaultJoiningPoolManager}', contextInitializerClasses = '[]', activeProfiles = '{}', propertySourceLocations = '{}', propertySourceProperties = '{}', contextCustomizers = set[org.springframework.boot.test.autoconfigure.actuate.metrics.MetricsExportContextCustomizerFactory$DisableMetricExportContextCustomizer@1698fc68, org.springframework.boot.test.autoconfigure.properties.PropertyMappingContextCustomizer@0, org.springframework.boot.test.autoconfigure.web.servlet.WebDriverContextCustomizerFactory$Customizer@58359ebd, org.springframework.boot.test.context.filter.ExcludeFilterContextCustomizer@4ee37ca3, org.springframework.boot.test.json.DuplicateJsonObjectContextCustomizerFactory$DuplicateJsonObjectContextCustomizer@422c3c7a, org.springframework.boot.test.mock.mockito.MockitoContextCustomizer@98854dc], contextLoader = 'org.springframework.test.context.support.DelegatingSmartContextLoader', parent = [null]]]
22:37:52.197 [Test worker] DEBUG org.springframework.test.context.cache - Spring test ApplicationContext cache statistics: [DefaultContextCache@476ee5b3 size = 1, maxSize = 32, parentContextCount = 0, hitCount = 156, missCount = 1]
22:37:52.197 [Test worker] DEBUG org.springframework.test.context.support.DependencyInjectionTestExecutionListener - Performing dependency injection for test context [[DefaultTestContext@7829b776 testClass = UserServiceTest, testInstance = org.waldreg.user.management.UserServiceTest@5ea4300e, testMethod = [null], testException = [null], mergedContextConfiguration = [MergedContextConfiguration@5778826f testClass = UserServiceTest, locations = '{}', classes = '{class org.waldreg.user.management.user.DefaultUserManager, class org.waldreg.user.management.joiningpool.DefaultJoiningPoolManager}', contextInitializerClasses = '[]', activeProfiles = '{}', propertySourceLocations = '{}', propertySourceProperties = '{}', contextCustomizers = set[org.springframework.boot.test.autoconfigure.actuate.metrics.MetricsExportContextCustomizerFactory$DisableMetricExportContextCustomizer@1698fc68, org.springframework.boot.test.autoconfigure.properties.PropertyMappingContextCustomizer@0, org.springframework.boot.test.autoconfigure.web.servlet.WebDriverContextCustomizerFactory$Customizer@58359ebd, org.springframework.boot.test.context.filter.ExcludeFilterContextCustomizer@4ee37ca3, org.springframework.boot.test.json.DuplicateJsonObjectContextCustomizerFactory$DuplicateJsonObjectContextCustomizer@422c3c7a, org.springframework.boot.test.mock.mockito.MockitoContextCustomizer@98854dc], contextLoader = 'org.springframework.test.context.support.DelegatingSmartContextLoader', parent = [null]], attributes = map['org.springframework.test.context.event.ApplicationEventsTestExecutionListener.recordApplicationEvents' -> false]]].
22:37:52.197 [Test worker] DEBUG org.springframework.test.context.cache.DefaultCacheAwareContextLoaderDelegate - Retrieved ApplicationContext [418513504] from cache with key [[MergedContextConfiguration@5778826f testClass = UserServiceTest, locations = '{}', classes = '{class org.waldreg.user.management.user.DefaultUserManager, class org.waldreg.user.management.joiningpool.DefaultJoiningPoolManager}', contextInitializerClasses = '[]', activeProfiles = '{}', propertySourceLocations = '{}', propertySourceProperties = '{}', contextCustomizers = set[org.springframework.boot.test.autoconfigure.actuate.metrics.MetricsExportContextCustomizerFactory$DisableMetricExportContextCustomizer@1698fc68, org.springframework.boot.test.autoconfigure.properties.PropertyMappingContextCustomizer@0, org.springframework.boot.test.autoconfigure.web.servlet.WebDriverContextCustomizerFactory$Customizer@58359ebd, org.springframework.boot.test.context.filter.ExcludeFilterContextCustomizer@4ee37ca3, org.springframework.boot.test.json.DuplicateJsonObjectContextCustomizerFactory$DuplicateJsonObjectContextCustomizer@422c3c7a, org.springframework.boot.test.mock.mockito.MockitoContextCustomizer@98854dc], contextLoader = 'org.springframework.test.context.support.DelegatingSmartContextLoader', parent = [null]]]
22:37:52.197 [Test worker] DEBUG org.springframework.test.context.cache - Spring test ApplicationContext cache statistics: [DefaultContextCache@476ee5b3 size = 1, maxSize = 32, parentContextCount = 0, hitCount = 157, missCount = 1]
22:37:52.197 [Test worker] DEBUG org.springframework.test.context.cache.DefaultCacheAwareContextLoaderDelegate - Retrieved ApplicationContext [418513504] from cache with key [[MergedContextConfiguration@5778826f testClass = UserServiceTest, locations = '{}', classes = '{class org.waldreg.user.management.user.DefaultUserManager, class org.waldreg.user.management.joiningpool.DefaultJoiningPoolManager}', contextInitializerClasses = '[]', activeProfiles = '{}', propertySourceLocations = '{}', propertySourceProperties = '{}', contextCustomizers = set[org.springframework.boot.test.autoconfigure.actuate.metrics.MetricsExportContextCustomizerFactory$DisableMetricExportContextCustomizer@1698fc68, org.springframework.boot.test.autoconfigure.properties.PropertyMappingContextCustomizer@0, org.springframework.boot.test.autoconfigure.web.servlet.WebDriverContextCustomizerFactory$Customizer@58359ebd, org.springframework.boot.test.context.filter.ExcludeFilterContextCustomizer@4ee37ca3, org.springframework.boot.test.json.DuplicateJsonObjectContextCustomizerFactory$DuplicateJsonObjectContextCustomizer@422c3c7a, org.springframework.boot.test.mock.mockito.MockitoContextCustomizer@98854dc], contextLoader = 'org.springframework.test.context.support.DelegatingSmartContextLoader', parent = [null]]]
22:37:52.197 [Test worker] DEBUG org.springframework.test.context.cache - Spring test ApplicationContext cache statistics: [DefaultContextCache@476ee5b3 size = 1, maxSize = 32, parentContextCount = 0, hitCount = 158, missCount = 1]
22:37:52.197 [Test worker] DEBUG org.springframework.test.context.support.AbstractDirtiesContextTestExecutionListener - Before test method: context [DefaultTestContext@7829b776 testClass = UserServiceTest, testInstance = org.waldreg.user.management.UserServiceTest@5ea4300e, testMethod = REJECT_USER_JOIN_FAIL_UNKNOWN_USER_ID_TEST@UserServiceTest, testException = [null], mergedContextConfiguration = [MergedContextConfiguration@5778826f testClass = UserServiceTest, locations = '{}', classes = '{class org.waldreg.user.management.user.DefaultUserManager, class org.waldreg.user.management.joiningpool.DefaultJoiningPoolManager}', contextInitializerClasses = '[]', activeProfiles = '{}', propertySourceLocations = '{}', propertySourceProperties = '{}', contextCustomizers = set[org.springframework.boot.test.autoconfigure.actuate.metrics.MetricsExportContextCustomizerFactory$DisableMetricExportContextCustomizer@1698fc68, org.springframework.boot.test.autoconfigure.properties.PropertyMappingContextCustomizer@0, org.springframework.boot.test.autoconfigure.web.servlet.WebDriverContextCustomizerFactory$Customizer@58359ebd, org.springframework.boot.test.context.filter.ExcludeFilterContextCustomizer@4ee37ca3, org.springframework.boot.test.json.DuplicateJsonObjectContextCustomizerFactory$DuplicateJsonObjectContextCustomizer@422c3c7a, org.springframework.boot.test.mock.mockito.MockitoContextCustomizer@98854dc], contextLoader = 'org.springframework.test.context.support.DelegatingSmartContextLoader', parent = [null]], attributes = map['org.springframework.test.context.event.ApplicationEventsTestExecutionListener.recordApplicationEvents' -> false]], class annotated with @DirtiesContext [false] with mode [null], method annotated with @DirtiesContext [false] with mode [null].
22:37:52.203 [Test worker] DEBUG org.springframework.test.context.cache.DefaultCacheAwareContextLoaderDelegate - Retrieved ApplicationContext [418513504] from cache with key [[MergedContextConfiguration@5778826f testClass = UserServiceTest, locations = '{}', classes = '{class org.waldreg.user.management.user.DefaultUserManager, class org.waldreg.user.management.joiningpool.DefaultJoiningPoolManager}', contextInitializerClasses = '[]', activeProfiles = '{}', propertySourceLocations = '{}', propertySourceProperties = '{}', contextCustomizers = set[org.springframework.boot.test.autoconfigure.actuate.metrics.MetricsExportContextCustomizerFactory$DisableMetricExportContextCustomizer@1698fc68, org.springframework.boot.test.autoconfigure.properties.PropertyMappingContextCustomizer@0, org.springframework.boot.test.autoconfigure.web.servlet.WebDriverContextCustomizerFactory$Customizer@58359ebd, org.springframework.boot.test.context.filter.ExcludeFilterContextCustomizer@4ee37ca3, org.springframework.boot.test.json.DuplicateJsonObjectContextCustomizerFactory$DuplicateJsonObjectContextCustomizer@422c3c7a, org.springframework.boot.test.mock.mockito.MockitoContextCustomizer@98854dc], contextLoader = 'org.springframework.test.context.support.DelegatingSmartContextLoader', parent = [null]]]
22:37:52.203 [Test worker] DEBUG org.springframework.test.context.cache - Spring test ApplicationContext cache statistics: [DefaultContextCache@476ee5b3 size = 1, maxSize = 32, parentContextCount = 0, hitCount = 159, missCount = 1]
22:37:52.203 [Test worker] DEBUG org.springframework.test.context.cache.DefaultCacheAwareContextLoaderDelegate - Retrieved ApplicationContext [418513504] from cache with key [[MergedContextConfiguration@5778826f testClass = UserServiceTest, locations = '{}', classes = '{class org.waldreg.user.management.user.DefaultUserManager, class org.waldreg.user.management.joiningpool.DefaultJoiningPoolManager}', contextInitializerClasses = '[]', activeProfiles = '{}', propertySourceLocations = '{}', propertySourceProperties = '{}', contextCustomizers = set[org.springframework.boot.test.autoconfigure.actuate.metrics.MetricsExportContextCustomizerFactory$DisableMetricExportContextCustomizer@1698fc68, org.springframework.boot.test.autoconfigure.properties.PropertyMappingContextCustomizer@0, org.springframework.boot.test.autoconfigure.web.servlet.WebDriverContextCustomizerFactory$Customizer@58359ebd, org.springframework.boot.test.context.filter.ExcludeFilterContextCustomizer@4ee37ca3, org.springframework.boot.test.json.DuplicateJsonObjectContextCustomizerFactory$DuplicateJsonObjectContextCustomizer@422c3c7a, org.springframework.boot.test.mock.mockito.MockitoContextCustomizer@98854dc], contextLoader = 'org.springframework.test.context.support.DelegatingSmartContextLoader', parent = [null]]]
22:37:52.203 [Test worker] DEBUG org.springframework.test.context.cache - Spring test ApplicationContext cache statistics: [DefaultContextCache@476ee5b3 size = 1, maxSize = 32, parentContextCount = 0, hitCount = 160, missCount = 1]
22:37:52.203 [Test worker] DEBUG org.springframework.test.context.cache.DefaultCacheAwareContextLoaderDelegate - Retrieved ApplicationContext [418513504] from cache with key [[MergedContextConfiguration@5778826f testClass = UserServiceTest, locations = '{}', classes = '{class org.waldreg.user.management.user.DefaultUserManager, class org.waldreg.user.management.joiningpool.DefaultJoiningPoolManager}', contextInitializerClasses = '[]', activeProfiles = '{}', propertySourceLocations = '{}', propertySourceProperties = '{}', contextCustomizers = set[org.springframework.boot.test.autoconfigure.actuate.metrics.MetricsExportContextCustomizerFactory$DisableMetricExportContextCustomizer@1698fc68, org.springframework.boot.test.autoconfigure.properties.PropertyMappingContextCustomizer@0, org.springframework.boot.test.autoconfigure.web.servlet.WebDriverContextCustomizerFactory$Customizer@58359ebd, org.springframework.boot.test.context.filter.ExcludeFilterContextCustomizer@4ee37ca3, org.springframework.boot.test.json.DuplicateJsonObjectContextCustomizerFactory$DuplicateJsonObjectContextCustomizer@422c3c7a, org.springframework.boot.test.mock.mockito.MockitoContextCustomizer@98854dc], contextLoader = 'org.springframework.test.context.support.DelegatingSmartContextLoader', parent = [null]]]
22:37:52.203 [Test worker] DEBUG org.springframework.test.context.cache - Spring test ApplicationContext cache statistics: [DefaultContextCache@476ee5b3 size = 1, maxSize = 32, parentContextCount = 0, hitCount = 161, missCount = 1]
22:37:52.203 [Test worker] DEBUG org.springframework.test.context.cache.DefaultCacheAwareContextLoaderDelegate - Retrieved ApplicationContext [418513504] from cache with key [[MergedContextConfiguration@5778826f testClass = UserServiceTest, locations = '{}', classes = '{class org.waldreg.user.management.user.DefaultUserManager, class org.waldreg.user.management.joiningpool.DefaultJoiningPoolManager}', contextInitializerClasses = '[]', activeProfiles = '{}', propertySourceLocations = '{}', propertySourceProperties = '{}', contextCustomizers = set[org.springframework.boot.test.autoconfigure.actuate.metrics.MetricsExportContextCustomizerFactory$DisableMetricExportContextCustomizer@1698fc68, org.springframework.boot.test.autoconfigure.properties.PropertyMappingContextCustomizer@0, org.springframework.boot.test.autoconfigure.web.servlet.WebDriverContextCustomizerFactory$Customizer@58359ebd, org.springframework.boot.test.context.filter.ExcludeFilterContextCustomizer@4ee37ca3, org.springframework.boot.test.json.DuplicateJsonObjectContextCustomizerFactory$DuplicateJsonObjectContextCustomizer@422c3c7a, org.springframework.boot.test.mock.mockito.MockitoContextCustomizer@98854dc], contextLoader = 'org.springframework.test.context.support.DelegatingSmartContextLoader', parent = [null]]]
22:37:52.203 [Test worker] DEBUG org.springframework.test.context.cache - Spring test ApplicationContext cache statistics: [DefaultContextCache@476ee5b3 size = 1, maxSize = 32, parentContextCount = 0, hitCount = 162, missCount = 1]
22:37:52.208 [Test worker] DEBUG org.springframework.test.context.cache.DefaultCacheAwareContextLoaderDelegate - Retrieved ApplicationContext [418513504] from cache with key [[MergedContextConfiguration@5778826f testClass = UserServiceTest, locations = '{}', classes = '{class org.waldreg.user.management.user.DefaultUserManager, class org.waldreg.user.management.joiningpool.DefaultJoiningPoolManager}', contextInitializerClasses = '[]', activeProfiles = '{}', propertySourceLocations = '{}', propertySourceProperties = '{}', contextCustomizers = set[org.springframework.boot.test.autoconfigure.actuate.metrics.MetricsExportContextCustomizerFactory$DisableMetricExportContextCustomizer@1698fc68, org.springframework.boot.test.autoconfigure.properties.PropertyMappingContextCustomizer@0, org.springframework.boot.test.autoconfigure.web.servlet.WebDriverContextCustomizerFactory$Customizer@58359ebd, org.springframework.boot.test.context.filter.ExcludeFilterContextCustomizer@4ee37ca3, org.springframework.boot.test.json.DuplicateJsonObjectContextCustomizerFactory$DuplicateJsonObjectContextCustomizer@422c3c7a, org.springframework.boot.test.mock.mockito.MockitoContextCustomizer@98854dc], contextLoader = 'org.springframework.test.context.support.DelegatingSmartContextLoader', parent = [null]]]
22:37:52.208 [Test worker] DEBUG org.springframework.test.context.cache - Spring test ApplicationContext cache statistics: [DefaultContextCache@476ee5b3 size = 1, maxSize = 32, parentContextCount = 0, hitCount = 163, missCount = 1]
22:37:52.208 [Test worker] DEBUG org.springframework.test.context.cache.DefaultCacheAwareContextLoaderDelegate - Retrieved ApplicationContext [418513504] from cache with key [[MergedContextConfiguration@5778826f testClass = UserServiceTest, locations = '{}', classes = '{class org.waldreg.user.management.user.DefaultUserManager, class org.waldreg.user.management.joiningpool.DefaultJoiningPoolManager}', contextInitializerClasses = '[]', activeProfiles = '{}', propertySourceLocations = '{}', propertySourceProperties = '{}', contextCustomizers = set[org.springframework.boot.test.autoconfigure.actuate.metrics.MetricsExportContextCustomizerFactory$DisableMetricExportContextCustomizer@1698fc68, org.springframework.boot.test.autoconfigure.properties.PropertyMappingContextCustomizer@0, org.springframework.boot.test.autoconfigure.web.servlet.WebDriverContextCustomizerFactory$Customizer@58359ebd, org.springframework.boot.test.context.filter.ExcludeFilterContextCustomizer@4ee37ca3, org.springframework.boot.test.json.DuplicateJsonObjectContextCustomizerFactory$DuplicateJsonObjectContextCustomizer@422c3c7a, org.springframework.boot.test.mock.mockito.MockitoContextCustomizer@98854dc], contextLoader = 'org.springframework.test.context.support.DelegatingSmartContextLoader', parent = [null]]]
22:37:52.208 [Test worker] DEBUG org.springframework.test.context.cache - Spring test ApplicationContext cache statistics: [DefaultContextCache@476ee5b3 size = 1, maxSize = 32, parentContextCount = 0, hitCount = 164, missCount = 1]
22:37:52.208 [Test worker] DEBUG org.springframework.test.context.cache.DefaultCacheAwareContextLoaderDelegate - Retrieved ApplicationContext [418513504] from cache with key [[MergedContextConfiguration@5778826f testClass = UserServiceTest, locations = '{}', classes = '{class org.waldreg.user.management.user.DefaultUserManager, class org.waldreg.user.management.joiningpool.DefaultJoiningPoolManager}', contextInitializerClasses = '[]', activeProfiles = '{}', propertySourceLocations = '{}', propertySourceProperties = '{}', contextCustomizers = set[org.springframework.boot.test.autoconfigure.actuate.metrics.MetricsExportContextCustomizerFactory$DisableMetricExportContextCustomizer@1698fc68, org.springframework.boot.test.autoconfigure.properties.PropertyMappingContextCustomizer@0, org.springframework.boot.test.autoconfigure.web.servlet.WebDriverContextCustomizerFactory$Customizer@58359ebd, org.springframework.boot.test.context.filter.ExcludeFilterContextCustomizer@4ee37ca3, org.springframework.boot.test.json.DuplicateJsonObjectContextCustomizerFactory$DuplicateJsonObjectContextCustomizer@422c3c7a, org.springframework.boot.test.mock.mockito.MockitoContextCustomizer@98854dc], contextLoader = 'org.springframework.test.context.support.DelegatingSmartContextLoader', parent = [null]]]
22:37:52.208 [Test worker] DEBUG org.springframework.test.context.cache - Spring test ApplicationContext cache statistics: [DefaultContextCache@476ee5b3 size = 1, maxSize = 32, parentContextCount = 0, hitCount = 165, missCount = 1]
22:37:52.208 [Test worker] DEBUG org.springframework.test.context.cache.DefaultCacheAwareContextLoaderDelegate - Retrieved ApplicationContext [418513504] from cache with key [[MergedContextConfiguration@5778826f testClass = UserServiceTest, locations = '{}', classes = '{class org.waldreg.user.management.user.DefaultUserManager, class org.waldreg.user.management.joiningpool.DefaultJoiningPoolManager}', contextInitializerClasses = '[]', activeProfiles = '{}', propertySourceLocations = '{}', propertySourceProperties = '{}', contextCustomizers = set[org.springframework.boot.test.autoconfigure.actuate.metrics.MetricsExportContextCustomizerFactory$DisableMetricExportContextCustomizer@1698fc68, org.springframework.boot.test.autoconfigure.properties.PropertyMappingContextCustomizer@0, org.springframework.boot.test.autoconfigure.web.servlet.WebDriverContextCustomizerFactory$Customizer@58359ebd, org.springframework.boot.test.context.filter.ExcludeFilterContextCustomizer@4ee37ca3, org.springframework.boot.test.json.DuplicateJsonObjectContextCustomizerFactory$DuplicateJsonObjectContextCustomizer@422c3c7a, org.springframework.boot.test.mock.mockito.MockitoContextCustomizer@98854dc], contextLoader = 'org.springframework.test.context.support.DelegatingSmartContextLoader', parent = [null]]]
22:37:52.208 [Test worker] DEBUG org.springframework.test.context.cache - Spring test ApplicationContext cache statistics: [DefaultContextCache@476ee5b3 size = 1, maxSize = 32, parentContextCount = 0, hitCount = 166, missCount = 1]
22:37:52.208 [Test worker] DEBUG org.springframework.test.context.cache.DefaultCacheAwareContextLoaderDelegate - Retrieved ApplicationContext [418513504] from cache with key [[MergedContextConfiguration@5778826f testClass = UserServiceTest, locations = '{}', classes = '{class org.waldreg.user.management.user.DefaultUserManager, class org.waldreg.user.management.joiningpool.DefaultJoiningPoolManager}', contextInitializerClasses = '[]', activeProfiles = '{}', propertySourceLocations = '{}', propertySourceProperties = '{}', contextCustomizers = set[org.springframework.boot.test.autoconfigure.actuate.metrics.MetricsExportContextCustomizerFactory$DisableMetricExportContextCustomizer@1698fc68, org.springframework.boot.test.autoconfigure.properties.PropertyMappingContextCustomizer@0, org.springframework.boot.test.autoconfigure.web.servlet.WebDriverContextCustomizerFactory$Customizer@58359ebd, org.springframework.boot.test.context.filter.ExcludeFilterContextCustomizer@4ee37ca3, org.springframework.boot.test.json.DuplicateJsonObjectContextCustomizerFactory$DuplicateJsonObjectContextCustomizer@422c3c7a, org.springframework.boot.test.mock.mockito.MockitoContextCustomizer@98854dc], contextLoader = 'org.springframework.test.context.support.DelegatingSmartContextLoader', parent = [null]]]
22:37:52.208 [Test worker] DEBUG org.springframework.test.context.cache - Spring test ApplicationContext cache statistics: [DefaultContextCache@476ee5b3 size = 1, maxSize = 32, parentContextCount = 0, hitCount = 167, missCount = 1]
22:37:52.211 [Test worker] DEBUG org.springframework.test.context.support.AbstractDirtiesContextTestExecutionListener - After test method: context [DefaultTestContext@7829b776 testClass = UserServiceTest, testInstance = org.waldreg.user.management.UserServiceTest@5ea4300e, testMethod = REJECT_USER_JOIN_FAIL_UNKNOWN_USER_ID_TEST@UserServiceTest, testException = [null], mergedContextConfiguration = [MergedContextConfiguration@5778826f testClass = UserServiceTest, locations = '{}', classes = '{class org.waldreg.user.management.user.DefaultUserManager, class org.waldreg.user.management.joiningpool.DefaultJoiningPoolManager}', contextInitializerClasses = '[]', activeProfiles = '{}', propertySourceLocations = '{}', propertySourceProperties = '{}', contextCustomizers = set[org.springframework.boot.test.autoconfigure.actuate.metrics.MetricsExportContextCustomizerFactory$DisableMetricExportContextCustomizer@1698fc68, org.springframework.boot.test.autoconfigure.properties.PropertyMappingContextCustomizer@0, org.springframework.boot.test.autoconfigure.web.servlet.WebDriverContextCustomizerFactory$Customizer@58359ebd, org.springframework.boot.test.context.filter.ExcludeFilterContextCustomizer@4ee37ca3, org.springframework.boot.test.json.DuplicateJsonObjectContextCustomizerFactory$DuplicateJsonObjectContextCustomizer@422c3c7a, org.springframework.boot.test.mock.mockito.MockitoContextCustomizer@98854dc], contextLoader = 'org.springframework.test.context.support.DelegatingSmartContextLoader', parent = [null]], attributes = map['org.springframework.test.context.event.ApplicationEventsTestExecutionListener.recordApplicationEvents' -> false]], class annotated with @DirtiesContext [false] with mode [null], method annotated with @DirtiesContext [false] with mode [null].
22:37:52.211 [Test worker] DEBUG org.springframework.test.context.cache.DefaultCacheAwareContextLoaderDelegate - Retrieved ApplicationContext [418513504] from cache with key [[MergedContextConfiguration@5778826f testClass = UserServiceTest, locations = '{}', classes = '{class org.waldreg.user.management.user.DefaultUserManager, class org.waldreg.user.management.joiningpool.DefaultJoiningPoolManager}', contextInitializerClasses = '[]', activeProfiles = '{}', propertySourceLocations = '{}', propertySourceProperties = '{}', contextCustomizers = set[org.springframework.boot.test.autoconfigure.actuate.metrics.MetricsExportContextCustomizerFactory$DisableMetricExportContextCustomizer@1698fc68, org.springframework.boot.test.autoconfigure.properties.PropertyMappingContextCustomizer@0, org.springframework.boot.test.autoconfigure.web.servlet.WebDriverContextCustomizerFactory$Customizer@58359ebd, org.springframework.boot.test.context.filter.ExcludeFilterContextCustomizer@4ee37ca3, org.springframework.boot.test.json.DuplicateJsonObjectContextCustomizerFactory$DuplicateJsonObjectContextCustomizer@422c3c7a, org.springframework.boot.test.mock.mockito.MockitoContextCustomizer@98854dc], contextLoader = 'org.springframework.test.context.support.DelegatingSmartContextLoader', parent = [null]]]
22:37:52.211 [Test worker] DEBUG org.springframework.test.context.cache - Spring test ApplicationContext cache statistics: [DefaultContextCache@476ee5b3 size = 1, maxSize = 32, parentContextCount = 0, hitCount = 168, missCount = 1]
22:37:52.211 [Test worker] DEBUG org.springframework.test.context.support.DependencyInjectionTestExecutionListener - Performing dependency injection for test context [[DefaultTestContext@7829b776 testClass = UserServiceTest, testInstance = org.waldreg.user.management.UserServiceTest@76ad6715, testMethod = [null], testException = [null], mergedContextConfiguration = [MergedContextConfiguration@5778826f testClass = UserServiceTest, locations = '{}', classes = '{class org.waldreg.user.management.user.DefaultUserManager, class org.waldreg.user.management.joiningpool.DefaultJoiningPoolManager}', contextInitializerClasses = '[]', activeProfiles = '{}', propertySourceLocations = '{}', propertySourceProperties = '{}', contextCustomizers = set[org.springframework.boot.test.autoconfigure.actuate.metrics.MetricsExportContextCustomizerFactory$DisableMetricExportContextCustomizer@1698fc68, org.springframework.boot.test.autoconfigure.properties.PropertyMappingContextCustomizer@0, org.springframework.boot.test.autoconfigure.web.servlet.WebDriverContextCustomizerFactory$Customizer@58359ebd, org.springframework.boot.test.context.filter.ExcludeFilterContextCustomizer@4ee37ca3, org.springframework.boot.test.json.DuplicateJsonObjectContextCustomizerFactory$DuplicateJsonObjectContextCustomizer@422c3c7a, org.springframework.boot.test.mock.mockito.MockitoContextCustomizer@98854dc], contextLoader = 'org.springframework.test.context.support.DelegatingSmartContextLoader', parent = [null]], attributes = map['org.springframework.test.context.event.ApplicationEventsTestExecutionListener.recordApplicationEvents' -> false]]].
22:37:52.211 [Test worker] DEBUG org.springframework.test.context.cache.DefaultCacheAwareContextLoaderDelegate - Retrieved ApplicationContext [418513504] from cache with key [[MergedContextConfiguration@5778826f testClass = UserServiceTest, locations = '{}', classes = '{class org.waldreg.user.management.user.DefaultUserManager, class org.waldreg.user.management.joiningpool.DefaultJoiningPoolManager}', contextInitializerClasses = '[]', activeProfiles = '{}', propertySourceLocations = '{}', propertySourceProperties = '{}', contextCustomizers = set[org.springframework.boot.test.autoconfigure.actuate.metrics.MetricsExportContextCustomizerFactory$DisableMetricExportContextCustomizer@1698fc68, org.springframework.boot.test.autoconfigure.properties.PropertyMappingContextCustomizer@0, org.springframework.boot.test.autoconfigure.web.servlet.WebDriverContextCustomizerFactory$Customizer@58359ebd, org.springframework.boot.test.context.filter.ExcludeFilterContextCustomizer@4ee37ca3, org.springframework.boot.test.json.DuplicateJsonObjectContextCustomizerFactory$DuplicateJsonObjectContextCustomizer@422c3c7a, org.springframework.boot.test.mock.mockito.MockitoContextCustomizer@98854dc], contextLoader = 'org.springframework.test.context.support.DelegatingSmartContextLoader', parent = [null]]]
22:37:52.211 [Test worker] DEBUG org.springframework.test.context.cache - Spring test ApplicationContext cache statistics: [DefaultContextCache@476ee5b3 size = 1, maxSize = 32, parentContextCount = 0, hitCount = 169, missCount = 1]
22:37:52.211 [Test worker] DEBUG org.springframework.test.context.cache.DefaultCacheAwareContextLoaderDelegate - Retrieved ApplicationContext [418513504] from cache with key [[MergedContextConfiguration@5778826f testClass = UserServiceTest, locations = '{}', classes = '{class org.waldreg.user.management.user.DefaultUserManager, class org.waldreg.user.management.joiningpool.DefaultJoiningPoolManager}', contextInitializerClasses = '[]', activeProfiles = '{}', propertySourceLocations = '{}', propertySourceProperties = '{}', contextCustomizers = set[org.springframework.boot.test.autoconfigure.actuate.metrics.MetricsExportContextCustomizerFactory$DisableMetricExportContextCustomizer@1698fc68, org.springframework.boot.test.autoconfigure.properties.PropertyMappingContextCustomizer@0, org.springframework.boot.test.autoconfigure.web.servlet.WebDriverContextCustomizerFactory$Customizer@58359ebd, org.springframework.boot.test.context.filter.ExcludeFilterContextCustomizer@4ee37ca3, org.springframework.boot.test.json.DuplicateJsonObjectContextCustomizerFactory$DuplicateJsonObjectContextCustomizer@422c3c7a, org.springframework.boot.test.mock.mockito.MockitoContextCustomizer@98854dc], contextLoader = 'org.springframework.test.context.support.DelegatingSmartContextLoader', parent = [null]]]
22:37:52.211 [Test worker] DEBUG org.springframework.test.context.cache - Spring test ApplicationContext cache statistics: [DefaultContextCache@476ee5b3 size = 1, maxSize = 32, parentContextCount = 0, hitCount = 170, missCount = 1]
22:37:52.211 [Test worker] DEBUG org.springframework.test.context.support.AbstractDirtiesContextTestExecutionListener - Before test method: context [DefaultTestContext@7829b776 testClass = UserServiceTest, testInstance = org.waldreg.user.management.UserServiceTest@76ad6715, testMethod = READ_SPECIFIC_USERS_SUCCESS_TEST@UserServiceTest, testException = [null], mergedContextConfiguration = [MergedContextConfiguration@5778826f testClass = UserServiceTest, locations = '{}', classes = '{class org.waldreg.user.management.user.DefaultUserManager, class org.waldreg.user.management.joiningpool.DefaultJoiningPoolManager}', contextInitializerClasses = '[]', activeProfiles = '{}', propertySourceLocations = '{}', propertySourceProperties = '{}', contextCustomizers = set[org.springframework.boot.test.autoconfigure.actuate.metrics.MetricsExportContextCustomizerFactory$DisableMetricExportContextCustomizer@1698fc68, org.springframework.boot.test.autoconfigure.properties.PropertyMappingContextCustomizer@0, org.springframework.boot.test.autoconfigure.web.servlet.WebDriverContextCustomizerFactory$Customizer@58359ebd, org.springframework.boot.test.context.filter.ExcludeFilterContextCustomizer@4ee37ca3, org.springframework.boot.test.json.DuplicateJsonObjectContextCustomizerFactory$DuplicateJsonObjectContextCustomizer@422c3c7a, org.springframework.boot.test.mock.mockito.MockitoContextCustomizer@98854dc], contextLoader = 'org.springframework.test.context.support.DelegatingSmartContextLoader', parent = [null]], attributes = map['org.springframework.test.context.event.ApplicationEventsTestExecutionListener.recordApplicationEvents' -> false]], class annotated with @DirtiesContext [false] with mode [null], method annotated with @DirtiesContext [false] with mode [null].
22:37:52.211 [Test worker] DEBUG org.springframework.test.context.cache.DefaultCacheAwareContextLoaderDelegate - Retrieved ApplicationContext [418513504] from cache with key [[MergedContextConfiguration@5778826f testClass = UserServiceTest, locations = '{}', classes = '{class org.waldreg.user.management.user.DefaultUserManager, class org.waldreg.user.management.joiningpool.DefaultJoiningPoolManager}', contextInitializerClasses = '[]', activeProfiles = '{}', propertySourceLocations = '{}', propertySourceProperties = '{}', contextCustomizers = set[org.springframework.boot.test.autoconfigure.actuate.metrics.MetricsExportContextCustomizerFactory$DisableMetricExportContextCustomizer@1698fc68, org.springframework.boot.test.autoconfigure.properties.PropertyMappingContextCustomizer@0, org.springframework.boot.test.autoconfigure.web.servlet.WebDriverContextCustomizerFactory$Customizer@58359ebd, org.springframework.boot.test.context.filter.ExcludeFilterContextCustomizer@4ee37ca3, org.springframework.boot.test.json.DuplicateJsonObjectContextCustomizerFactory$DuplicateJsonObjectContextCustomizer@422c3c7a, org.springframework.boot.test.mock.mockito.MockitoContextCustomizer@98854dc], contextLoader = 'org.springframework.test.context.support.DelegatingSmartContextLoader', parent = [null]]]
22:37:52.211 [Test worker] DEBUG org.springframework.test.context.cache - Spring test ApplicationContext cache statistics: [DefaultContextCache@476ee5b3 size = 1, maxSize = 32, parentContextCount = 0, hitCount = 171, missCount = 1]
22:37:52.211 [Test worker] DEBUG org.springframework.test.context.cache.DefaultCacheAwareContextLoaderDelegate - Retrieved ApplicationContext [418513504] from cache with key [[MergedContextConfiguration@5778826f testClass = UserServiceTest, locations = '{}', classes = '{class org.waldreg.user.management.user.DefaultUserManager, class org.waldreg.user.management.joiningpool.DefaultJoiningPoolManager}', contextInitializerClasses = '[]', activeProfiles = '{}', propertySourceLocations = '{}', propertySourceProperties = '{}', contextCustomizers = set[org.springframework.boot.test.autoconfigure.actuate.metrics.MetricsExportContextCustomizerFactory$DisableMetricExportContextCustomizer@1698fc68, org.springframework.boot.test.autoconfigure.properties.PropertyMappingContextCustomizer@0, org.springframework.boot.test.autoconfigure.web.servlet.WebDriverContextCustomizerFactory$Customizer@58359ebd, org.springframework.boot.test.context.filter.ExcludeFilterContextCustomizer@4ee37ca3, org.springframework.boot.test.json.DuplicateJsonObjectContextCustomizerFactory$DuplicateJsonObjectContextCustomizer@422c3c7a, org.springframework.boot.test.mock.mockito.MockitoContextCustomizer@98854dc], contextLoader = 'org.springframework.test.context.support.DelegatingSmartContextLoader', parent = [null]]]
22:37:52.211 [Test worker] DEBUG org.springframework.test.context.cache - Spring test ApplicationContext cache statistics: [DefaultContextCache@476ee5b3 size = 1, maxSize = 32, parentContextCount = 0, hitCount = 172, missCount = 1]
22:37:52.211 [Test worker] DEBUG org.springframework.test.context.cache.DefaultCacheAwareContextLoaderDelegate - Retrieved ApplicationContext [418513504] from cache with key [[MergedContextConfiguration@5778826f testClass = UserServiceTest, locations = '{}', classes = '{class org.waldreg.user.management.user.DefaultUserManager, class org.waldreg.user.management.joiningpool.DefaultJoiningPoolManager}', contextInitializerClasses = '[]', activeProfiles = '{}', propertySourceLocations = '{}', propertySourceProperties = '{}', contextCustomizers = set[org.springframework.boot.test.autoconfigure.actuate.metrics.MetricsExportContextCustomizerFactory$DisableMetricExportContextCustomizer@1698fc68, org.springframework.boot.test.autoconfigure.properties.PropertyMappingContextCustomizer@0, org.springframework.boot.test.autoconfigure.web.servlet.WebDriverContextCustomizerFactory$Customizer@58359ebd, org.springframework.boot.test.context.filter.ExcludeFilterContextCustomizer@4ee37ca3, org.springframework.boot.test.json.DuplicateJsonObjectContextCustomizerFactory$DuplicateJsonObjectContextCustomizer@422c3c7a, org.springframework.boot.test.mock.mockito.MockitoContextCustomizer@98854dc], contextLoader = 'org.springframework.test.context.support.DelegatingSmartContextLoader', parent = [null]]]
22:37:52.211 [Test worker] DEBUG org.springframework.test.context.cache - Spring test ApplicationContext cache statistics: [DefaultContextCache@476ee5b3 size = 1, maxSize = 32, parentContextCount = 0, hitCount = 173, missCount = 1]
22:37:52.219 [Test worker] DEBUG org.springframework.test.context.cache.DefaultCacheAwareContextLoaderDelegate - Retrieved ApplicationContext [418513504] from cache with key [[MergedContextConfiguration@5778826f testClass = UserServiceTest, locations = '{}', classes = '{class org.waldreg.user.management.user.DefaultUserManager, class org.waldreg.user.management.joiningpool.DefaultJoiningPoolManager}', contextInitializerClasses = '[]', activeProfiles = '{}', propertySourceLocations = '{}', propertySourceProperties = '{}', contextCustomizers = set[org.springframework.boot.test.autoconfigure.actuate.metrics.MetricsExportContextCustomizerFactory$DisableMetricExportContextCustomizer@1698fc68, org.springframework.boot.test.autoconfigure.properties.PropertyMappingContextCustomizer@0, org.springframework.boot.test.autoconfigure.web.servlet.WebDriverContextCustomizerFactory$Customizer@58359ebd, org.springframework.boot.test.context.filter.ExcludeFilterContextCustomizer@4ee37ca3, org.springframework.boot.test.json.DuplicateJsonObjectContextCustomizerFactory$DuplicateJsonObjectContextCustomizer@422c3c7a, org.springframework.boot.test.mock.mockito.MockitoContextCustomizer@98854dc], contextLoader = 'org.springframework.test.context.support.DelegatingSmartContextLoader', parent = [null]]]
22:37:52.219 [Test worker] DEBUG org.springframework.test.context.cache - Spring test ApplicationContext cache statistics: [DefaultContextCache@476ee5b3 size = 1, maxSize = 32, parentContextCount = 0, hitCount = 174, missCount = 1]
22:37:52.219 [Test worker] DEBUG org.springframework.test.context.cache.DefaultCacheAwareContextLoaderDelegate - Retrieved ApplicationContext [418513504] from cache with key [[MergedContextConfiguration@5778826f testClass = UserServiceTest, locations = '{}', classes = '{class org.waldreg.user.management.user.DefaultUserManager, class org.waldreg.user.management.joiningpool.DefaultJoiningPoolManager}', contextInitializerClasses = '[]', activeProfiles = '{}', propertySourceLocations = '{}', propertySourceProperties = '{}', contextCustomizers = set[org.springframework.boot.test.autoconfigure.actuate.metrics.MetricsExportContextCustomizerFactory$DisableMetricExportContextCustomizer@1698fc68, org.springframework.boot.test.autoconfigure.properties.PropertyMappingContextCustomizer@0, org.springframework.boot.test.autoconfigure.web.servlet.WebDriverContextCustomizerFactory$Customizer@58359ebd, org.springframework.boot.test.context.filter.ExcludeFilterContextCustomizer@4ee37ca3, org.springframework.boot.test.json.DuplicateJsonObjectContextCustomizerFactory$DuplicateJsonObjectContextCustomizer@422c3c7a, org.springframework.boot.test.mock.mockito.MockitoContextCustomizer@98854dc], contextLoader = 'org.springframework.test.context.support.DelegatingSmartContextLoader', parent = [null]]]
22:37:52.219 [Test worker] DEBUG org.springframework.test.context.cache - Spring test ApplicationContext cache statistics: [DefaultContextCache@476ee5b3 size = 1, maxSize = 32, parentContextCount = 0, hitCount = 175, missCount = 1]
22:37:52.219 [Test worker] DEBUG org.springframework.test.context.cache.DefaultCacheAwareContextLoaderDelegate - Retrieved ApplicationContext [418513504] from cache with key [[MergedContextConfiguration@5778826f testClass = UserServiceTest, locations = '{}', classes = '{class org.waldreg.user.management.user.DefaultUserManager, class org.waldreg.user.management.joiningpool.DefaultJoiningPoolManager}', contextInitializerClasses = '[]', activeProfiles = '{}', propertySourceLocations = '{}', propertySourceProperties = '{}', contextCustomizers = set[org.springframework.boot.test.autoconfigure.actuate.metrics.MetricsExportContextCustomizerFactory$DisableMetricExportContextCustomizer@1698fc68, org.springframework.boot.test.autoconfigure.properties.PropertyMappingContextCustomizer@0, org.springframework.boot.test.autoconfigure.web.servlet.WebDriverContextCustomizerFactory$Customizer@58359ebd, org.springframework.boot.test.context.filter.ExcludeFilterContextCustomizer@4ee37ca3, org.springframework.boot.test.json.DuplicateJsonObjectContextCustomizerFactory$DuplicateJsonObjectContextCustomizer@422c3c7a, org.springframework.boot.test.mock.mockito.MockitoContextCustomizer@98854dc], contextLoader = 'org.springframework.test.context.support.DelegatingSmartContextLoader', parent = [null]]]
22:37:52.219 [Test worker] DEBUG org.springframework.test.context.cache - Spring test ApplicationContext cache statistics: [DefaultContextCache@476ee5b3 size = 1, maxSize = 32, parentContextCount = 0, hitCount = 176, missCount = 1]
22:37:52.219 [Test worker] DEBUG org.springframework.test.context.cache.DefaultCacheAwareContextLoaderDelegate - Retrieved ApplicationContext [418513504] from cache with key [[MergedContextConfiguration@5778826f testClass = UserServiceTest, locations = '{}', classes = '{class org.waldreg.user.management.user.DefaultUserManager, class org.waldreg.user.management.joiningpool.DefaultJoiningPoolManager}', contextInitializerClasses = '[]', activeProfiles = '{}', propertySourceLocations = '{}', propertySourceProperties = '{}', contextCustomizers = set[org.springframework.boot.test.autoconfigure.actuate.metrics.MetricsExportContextCustomizerFactory$DisableMetricExportContextCustomizer@1698fc68, org.springframework.boot.test.autoconfigure.properties.PropertyMappingContextCustomizer@0, org.springframework.boot.test.autoconfigure.web.servlet.WebDriverContextCustomizerFactory$Customizer@58359ebd, org.springframework.boot.test.context.filter.ExcludeFilterContextCustomizer@4ee37ca3, org.springframework.boot.test.json.DuplicateJsonObjectContextCustomizerFactory$DuplicateJsonObjectContextCustomizer@422c3c7a, org.springframework.boot.test.mock.mockito.MockitoContextCustomizer@98854dc], contextLoader = 'org.springframework.test.context.support.DelegatingSmartContextLoader', parent = [null]]]
22:37:52.219 [Test worker] DEBUG org.springframework.test.context.cache - Spring test ApplicationContext cache statistics: [DefaultContextCache@476ee5b3 size = 1, maxSize = 32, parentContextCount = 0, hitCount = 177, missCount = 1]
22:37:52.219 [Test worker] DEBUG org.springframework.test.context.cache.DefaultCacheAwareContextLoaderDelegate - Retrieved ApplicationContext [418513504] from cache with key [[MergedContextConfiguration@5778826f testClass = UserServiceTest, locations = '{}', classes = '{class org.waldreg.user.management.user.DefaultUserManager, class org.waldreg.user.management.joiningpool.DefaultJoiningPoolManager}', contextInitializerClasses = '[]', activeProfiles = '{}', propertySourceLocations = '{}', propertySourceProperties = '{}', contextCustomizers = set[org.springframework.boot.test.autoconfigure.actuate.metrics.MetricsExportContextCustomizerFactory$DisableMetricExportContextCustomizer@1698fc68, org.springframework.boot.test.autoconfigure.properties.PropertyMappingContextCustomizer@0, org.springframework.boot.test.autoconfigure.web.servlet.WebDriverContextCustomizerFactory$Customizer@58359ebd, org.springframework.boot.test.context.filter.ExcludeFilterContextCustomizer@4ee37ca3, org.springframework.boot.test.json.DuplicateJsonObjectContextCustomizerFactory$DuplicateJsonObjectContextCustomizer@422c3c7a, org.springframework.boot.test.mock.mockito.MockitoContextCustomizer@98854dc], contextLoader = 'org.springframework.test.context.support.DelegatingSmartContextLoader', parent = [null]]]
22:37:52.219 [Test worker] DEBUG org.springframework.test.context.cache - Spring test ApplicationContext cache statistics: [DefaultContextCache@476ee5b3 size = 1, maxSize = 32, parentContextCount = 0, hitCount = 178, missCount = 1]
22:37:52.219 [Test worker] DEBUG org.springframework.test.context.cache.DefaultCacheAwareContextLoaderDelegate - Retrieved ApplicationContext [418513504] from cache with key [[MergedContextConfiguration@5778826f testClass = UserServiceTest, locations = '{}', classes = '{class org.waldreg.user.management.user.DefaultUserManager, class org.waldreg.user.management.joiningpool.DefaultJoiningPoolManager}', contextInitializerClasses = '[]', activeProfiles = '{}', propertySourceLocations = '{}', propertySourceProperties = '{}', contextCustomizers = set[org.springframework.boot.test.autoconfigure.actuate.metrics.MetricsExportContextCustomizerFactory$DisableMetricExportContextCustomizer@1698fc68, org.springframework.boot.test.autoconfigure.properties.PropertyMappingContextCustomizer@0, org.springframework.boot.test.autoconfigure.web.servlet.WebDriverContextCustomizerFactory$Customizer@58359ebd, org.springframework.boot.test.context.filter.ExcludeFilterContextCustomizer@4ee37ca3, org.springframework.boot.test.json.DuplicateJsonObjectContextCustomizerFactory$DuplicateJsonObjectContextCustomizer@422c3c7a, org.springframework.boot.test.mock.mockito.MockitoContextCustomizer@98854dc], contextLoader = 'org.springframework.test.context.support.DelegatingSmartContextLoader', parent = [null]]]
22:37:52.219 [Test worker] DEBUG org.springframework.test.context.cache - Spring test ApplicationContext cache statistics: [DefaultContextCache@476ee5b3 size = 1, maxSize = 32, parentContextCount = 0, hitCount = 179, missCount = 1]
22:37:52.219 [Test worker] DEBUG org.springframework.test.context.support.AbstractDirtiesContextTestExecutionListener - After test method: context [DefaultTestContext@7829b776 testClass = UserServiceTest, testInstance = org.waldreg.user.management.UserServiceTest@76ad6715, testMethod = READ_SPECIFIC_USERS_SUCCESS_TEST@UserServiceTest, testException = [null], mergedContextConfiguration = [MergedContextConfiguration@5778826f testClass = UserServiceTest, locations = '{}', classes = '{class org.waldreg.user.management.user.DefaultUserManager, class org.waldreg.user.management.joiningpool.DefaultJoiningPoolManager}', contextInitializerClasses = '[]', activeProfiles = '{}', propertySourceLocations = '{}', propertySourceProperties = '{}', contextCustomizers = set[org.springframework.boot.test.autoconfigure.actuate.metrics.MetricsExportContextCustomizerFactory$DisableMetricExportContextCustomizer@1698fc68, org.springframework.boot.test.autoconfigure.properties.PropertyMappingContextCustomizer@0, org.springframework.boot.test.autoconfigure.web.servlet.WebDriverContextCustomizerFactory$Customizer@58359ebd, org.springframework.boot.test.context.filter.ExcludeFilterContextCustomizer@4ee37ca3, org.springframework.boot.test.json.DuplicateJsonObjectContextCustomizerFactory$DuplicateJsonObjectContextCustomizer@422c3c7a, org.springframework.boot.test.mock.mockito.MockitoContextCustomizer@98854dc], contextLoader = 'org.springframework.test.context.support.DelegatingSmartContextLoader', parent = [null]], attributes = map['org.springframework.test.context.event.ApplicationEventsTestExecutionListener.recordApplicationEvents' -> false]], class annotated with @DirtiesContext [false] with mode [null], method annotated with @DirtiesContext [false] with mode [null].
22:37:52.227 [Test worker] DEBUG org.springframework.test.context.cache.DefaultCacheAwareContextLoaderDelegate - Retrieved ApplicationContext [418513504] from cache with key [[MergedContextConfiguration@5778826f testClass = UserServiceTest, locations = '{}', classes = '{class org.waldreg.user.management.user.DefaultUserManager, class org.waldreg.user.management.joiningpool.DefaultJoiningPoolManager}', contextInitializerClasses = '[]', activeProfiles = '{}', propertySourceLocations = '{}', propertySourceProperties = '{}', contextCustomizers = set[org.springframework.boot.test.autoconfigure.actuate.metrics.MetricsExportContextCustomizerFactory$DisableMetricExportContextCustomizer@1698fc68, org.springframework.boot.test.autoconfigure.properties.PropertyMappingContextCustomizer@0, org.springframework.boot.test.autoconfigure.web.servlet.WebDriverContextCustomizerFactory$Customizer@58359ebd, org.springframework.boot.test.context.filter.ExcludeFilterContextCustomizer@4ee37ca3, org.springframework.boot.test.json.DuplicateJsonObjectContextCustomizerFactory$DuplicateJsonObjectContextCustomizer@422c3c7a, org.springframework.boot.test.mock.mockito.MockitoContextCustomizer@98854dc], contextLoader = 'org.springframework.test.context.support.DelegatingSmartContextLoader', parent = [null]]]
22:37:52.227 [Test worker] DEBUG org.springframework.test.context.cache - Spring test ApplicationContext cache statistics: [DefaultContextCache@476ee5b3 size = 1, maxSize = 32, parentContextCount = 0, hitCount = 180, missCount = 1]
22:37:52.227 [Test worker] DEBUG org.springframework.test.context.support.DependencyInjectionTestExecutionListener - Performing dependency injection for test context [[DefaultTestContext@7829b776 testClass = UserServiceTest, testInstance = org.waldreg.user.management.UserServiceTest@75d4a80f, testMethod = [null], testException = [null], mergedContextConfiguration = [MergedContextConfiguration@5778826f testClass = UserServiceTest, locations = '{}', classes = '{class org.waldreg.user.management.user.DefaultUserManager, class org.waldreg.user.management.joiningpool.DefaultJoiningPoolManager}', contextInitializerClasses = '[]', activeProfiles = '{}', propertySourceLocations = '{}', propertySourceProperties = '{}', contextCustomizers = set[org.springframework.boot.test.autoconfigure.actuate.metrics.MetricsExportContextCustomizerFactory$DisableMetricExportContextCustomizer@1698fc68, org.springframework.boot.test.autoconfigure.properties.PropertyMappingContextCustomizer@0, org.springframework.boot.test.autoconfigure.web.servlet.WebDriverContextCustomizerFactory$Customizer@58359ebd, org.springframework.boot.test.context.filter.ExcludeFilterContextCustomizer@4ee37ca3, org.springframework.boot.test.json.DuplicateJsonObjectContextCustomizerFactory$DuplicateJsonObjectContextCustomizer@422c3c7a, org.springframework.boot.test.mock.mockito.MockitoContextCustomizer@98854dc], contextLoader = 'org.springframework.test.context.support.DelegatingSmartContextLoader', parent = [null]], attributes = map['org.springframework.test.context.event.ApplicationEventsTestExecutionListener.recordApplicationEvents' -> false]]].
22:37:52.227 [Test worker] DEBUG org.springframework.test.context.cache.DefaultCacheAwareContextLoaderDelegate - Retrieved ApplicationContext [418513504] from cache with key [[MergedContextConfiguration@5778826f testClass = UserServiceTest, locations = '{}', classes = '{class org.waldreg.user.management.user.DefaultUserManager, class org.waldreg.user.management.joiningpool.DefaultJoiningPoolManager}', contextInitializerClasses = '[]', activeProfiles = '{}', propertySourceLocations = '{}', propertySourceProperties = '{}', contextCustomizers = set[org.springframework.boot.test.autoconfigure.actuate.metrics.MetricsExportContextCustomizerFactory$DisableMetricExportContextCustomizer@1698fc68, org.springframework.boot.test.autoconfigure.properties.PropertyMappingContextCustomizer@0, org.springframework.boot.test.autoconfigure.web.servlet.WebDriverContextCustomizerFactory$Customizer@58359ebd, org.springframework.boot.test.context.filter.ExcludeFilterContextCustomizer@4ee37ca3, org.springframework.boot.test.json.DuplicateJsonObjectContextCustomizerFactory$DuplicateJsonObjectContextCustomizer@422c3c7a, org.springframework.boot.test.mock.mockito.MockitoContextCustomizer@98854dc], contextLoader = 'org.springframework.test.context.support.DelegatingSmartContextLoader', parent = [null]]]
22:37:52.227 [Test worker] DEBUG org.springframework.test.context.cache - Spring test ApplicationContext cache statistics: [DefaultContextCache@476ee5b3 size = 1, maxSize = 32, parentContextCount = 0, hitCount = 181, missCount = 1]
22:37:52.227 [Test worker] DEBUG org.springframework.test.context.cache.DefaultCacheAwareContextLoaderDelegate - Retrieved ApplicationContext [418513504] from cache with key [[MergedContextConfiguration@5778826f testClass = UserServiceTest, locations = '{}', classes = '{class org.waldreg.user.management.user.DefaultUserManager, class org.waldreg.user.management.joiningpool.DefaultJoiningPoolManager}', contextInitializerClasses = '[]', activeProfiles = '{}', propertySourceLocations = '{}', propertySourceProperties = '{}', contextCustomizers = set[org.springframework.boot.test.autoconfigure.actuate.metrics.MetricsExportContextCustomizerFactory$DisableMetricExportContextCustomizer@1698fc68, org.springframework.boot.test.autoconfigure.properties.PropertyMappingContextCustomizer@0, org.springframework.boot.test.autoconfigure.web.servlet.WebDriverContextCustomizerFactory$Customizer@58359ebd, org.springframework.boot.test.context.filter.ExcludeFilterContextCustomizer@4ee37ca3, org.springframework.boot.test.json.DuplicateJsonObjectContextCustomizerFactory$DuplicateJsonObjectContextCustomizer@422c3c7a, org.springframework.boot.test.mock.mockito.MockitoContextCustomizer@98854dc], contextLoader = 'org.springframework.test.context.support.DelegatingSmartContextLoader', parent = [null]]]
22:37:52.227 [Test worker] DEBUG org.springframework.test.context.cache - Spring test ApplicationContext cache statistics: [DefaultContextCache@476ee5b3 size = 1, maxSize = 32, parentContextCount = 0, hitCount = 182, missCount = 1]
22:37:52.227 [Test worker] DEBUG org.springframework.test.context.support.AbstractDirtiesContextTestExecutionListener - Before test method: context [DefaultTestContext@7829b776 testClass = UserServiceTest, testInstance = org.waldreg.user.management.UserServiceTest@75d4a80f, testMethod = DELETE_USER_CHARACTER_FAIL_CAUSE_ADMIN_TEST@UserServiceTest, testException = [null], mergedContextConfiguration = [MergedContextConfiguration@5778826f testClass = UserServiceTest, locations = '{}', classes = '{class org.waldreg.user.management.user.DefaultUserManager, class org.waldreg.user.management.joiningpool.DefaultJoiningPoolManager}', contextInitializerClasses = '[]', activeProfiles = '{}', propertySourceLocations = '{}', propertySourceProperties = '{}', contextCustomizers = set[org.springframework.boot.test.autoconfigure.actuate.metrics.MetricsExportContextCustomizerFactory$DisableMetricExportContextCustomizer@1698fc68, org.springframework.boot.test.autoconfigure.properties.PropertyMappingContextCustomizer@0, org.springframework.boot.test.autoconfigure.web.servlet.WebDriverContextCustomizerFactory$Customizer@58359ebd, org.springframework.boot.test.context.filter.ExcludeFilterContextCustomizer@4ee37ca3, org.springframework.boot.test.json.DuplicateJsonObjectContextCustomizerFactory$DuplicateJsonObjectContextCustomizer@422c3c7a, org.springframework.boot.test.mock.mockito.MockitoContextCustomizer@98854dc], contextLoader = 'org.springframework.test.context.support.DelegatingSmartContextLoader', parent = [null]], attributes = map['org.springframework.test.context.event.ApplicationEventsTestExecutionListener.recordApplicationEvents' -> false]], class annotated with @DirtiesContext [false] with mode [null], method annotated with @DirtiesContext [false] with mode [null].
22:37:52.227 [Test worker] DEBUG org.springframework.test.context.cache.DefaultCacheAwareContextLoaderDelegate - Retrieved ApplicationContext [418513504] from cache with key [[MergedContextConfiguration@5778826f testClass = UserServiceTest, locations = '{}', classes = '{class org.waldreg.user.management.user.DefaultUserManager, class org.waldreg.user.management.joiningpool.DefaultJoiningPoolManager}', contextInitializerClasses = '[]', activeProfiles = '{}', propertySourceLocations = '{}', propertySourceProperties = '{}', contextCustomizers = set[org.springframework.boot.test.autoconfigure.actuate.metrics.MetricsExportContextCustomizerFactory$DisableMetricExportContextCustomizer@1698fc68, org.springframework.boot.test.autoconfigure.properties.PropertyMappingContextCustomizer@0, org.springframework.boot.test.autoconfigure.web.servlet.WebDriverContextCustomizerFactory$Customizer@58359ebd, org.springframework.boot.test.context.filter.ExcludeFilterContextCustomizer@4ee37ca3, org.springframework.boot.test.json.DuplicateJsonObjectContextCustomizerFactory$DuplicateJsonObjectContextCustomizer@422c3c7a, org.springframework.boot.test.mock.mockito.MockitoContextCustomizer@98854dc], contextLoader = 'org.springframework.test.context.support.DelegatingSmartContextLoader', parent = [null]]]
22:37:52.227 [Test worker] DEBUG org.springframework.test.context.cache - Spring test ApplicationContext cache statistics: [DefaultContextCache@476ee5b3 size = 1, maxSize = 32, parentContextCount = 0, hitCount = 183, missCount = 1]
22:37:52.227 [Test worker] DEBUG org.springframework.test.context.cache.DefaultCacheAwareContextLoaderDelegate - Retrieved ApplicationContext [418513504] from cache with key [[MergedContextConfiguration@5778826f testClass = UserServiceTest, locations = '{}', classes = '{class org.waldreg.user.management.user.DefaultUserManager, class org.waldreg.user.management.joiningpool.DefaultJoiningPoolManager}', contextInitializerClasses = '[]', activeProfiles = '{}', propertySourceLocations = '{}', propertySourceProperties = '{}', contextCustomizers = set[org.springframework.boot.test.autoconfigure.actuate.metrics.MetricsExportContextCustomizerFactory$DisableMetricExportContextCustomizer@1698fc68, org.springframework.boot.test.autoconfigure.properties.PropertyMappingContextCustomizer@0, org.springframework.boot.test.autoconfigure.web.servlet.WebDriverContextCustomizerFactory$Customizer@58359ebd, org.springframework.boot.test.context.filter.ExcludeFilterContextCustomizer@4ee37ca3, org.springframework.boot.test.json.DuplicateJsonObjectContextCustomizerFactory$DuplicateJsonObjectContextCustomizer@422c3c7a, org.springframework.boot.test.mock.mockito.MockitoContextCustomizer@98854dc], contextLoader = 'org.springframework.test.context.support.DelegatingSmartContextLoader', parent = [null]]]
22:37:52.227 [Test worker] DEBUG org.springframework.test.context.cache - Spring test ApplicationContext cache statistics: [DefaultContextCache@476ee5b3 size = 1, maxSize = 32, parentContextCount = 0, hitCount = 184, missCount = 1]
22:37:52.227 [Test worker] DEBUG org.springframework.test.context.cache.DefaultCacheAwareContextLoaderDelegate - Retrieved ApplicationContext [418513504] from cache with key [[MergedContextConfiguration@5778826f testClass = UserServiceTest, locations = '{}', classes = '{class org.waldreg.user.management.user.DefaultUserManager, class org.waldreg.user.management.joiningpool.DefaultJoiningPoolManager}', contextInitializerClasses = '[]', activeProfiles = '{}', propertySourceLocations = '{}', propertySourceProperties = '{}', contextCustomizers = set[org.springframework.boot.test.autoconfigure.actuate.metrics.MetricsExportContextCustomizerFactory$DisableMetricExportContextCustomizer@1698fc68, org.springframework.boot.test.autoconfigure.properties.PropertyMappingContextCustomizer@0, org.springframework.boot.test.autoconfigure.web.servlet.WebDriverContextCustomizerFactory$Customizer@58359ebd, org.springframework.boot.test.context.filter.ExcludeFilterContextCustomizer@4ee37ca3, org.springframework.boot.test.json.DuplicateJsonObjectContextCustomizerFactory$DuplicateJsonObjectContextCustomizer@422c3c7a, org.springframework.boot.test.mock.mockito.MockitoContextCustomizer@98854dc], contextLoader = 'org.springframework.test.context.support.DelegatingSmartContextLoader', parent = [null]]]
22:37:52.227 [Test worker] DEBUG org.springframework.test.context.cache - Spring test ApplicationContext cache statistics: [DefaultContextCache@476ee5b3 size = 1, maxSize = 32, parentContextCount = 0, hitCount = 185, missCount = 1]
22:37:52.227 [Test worker] DEBUG org.springframework.test.context.cache.DefaultCacheAwareContextLoaderDelegate - Retrieved ApplicationContext [418513504] from cache with key [[MergedContextConfiguration@5778826f testClass = UserServiceTest, locations = '{}', classes = '{class org.waldreg.user.management.user.DefaultUserManager, class org.waldreg.user.management.joiningpool.DefaultJoiningPoolManager}', contextInitializerClasses = '[]', activeProfiles = '{}', propertySourceLocations = '{}', propertySourceProperties = '{}', contextCustomizers = set[org.springframework.boot.test.autoconfigure.actuate.metrics.MetricsExportContextCustomizerFactory$DisableMetricExportContextCustomizer@1698fc68, org.springframework.boot.test.autoconfigure.properties.PropertyMappingContextCustomizer@0, org.springframework.boot.test.autoconfigure.web.servlet.WebDriverContextCustomizerFactory$Customizer@58359ebd, org.springframework.boot.test.context.filter.ExcludeFilterContextCustomizer@4ee37ca3, org.springframework.boot.test.json.DuplicateJsonObjectContextCustomizerFactory$DuplicateJsonObjectContextCustomizer@422c3c7a, org.springframework.boot.test.mock.mockito.MockitoContextCustomizer@98854dc], contextLoader = 'org.springframework.test.context.support.DelegatingSmartContextLoader', parent = [null]]]
22:37:52.227 [Test worker] DEBUG org.springframework.test.context.cache - Spring test ApplicationContext cache statistics: [DefaultContextCache@476ee5b3 size = 1, maxSize = 32, parentContextCount = 0, hitCount = 186, missCount = 1]
22:37:52.227 [Test worker] DEBUG org.springframework.test.context.cache.DefaultCacheAwareContextLoaderDelegate - Retrieved ApplicationContext [418513504] from cache with key [[MergedContextConfiguration@5778826f testClass = UserServiceTest, locations = '{}', classes = '{class org.waldreg.user.management.user.DefaultUserManager, class org.waldreg.user.management.joiningpool.DefaultJoiningPoolManager}', contextInitializerClasses = '[]', activeProfiles = '{}', propertySourceLocations = '{}', propertySourceProperties = '{}', contextCustomizers = set[org.springframework.boot.test.autoconfigure.actuate.metrics.MetricsExportContextCustomizerFactory$DisableMetricExportContextCustomizer@1698fc68, org.springframework.boot.test.autoconfigure.properties.PropertyMappingContextCustomizer@0, org.springframework.boot.test.autoconfigure.web.servlet.WebDriverContextCustomizerFactory$Customizer@58359ebd, org.springframework.boot.test.context.filter.ExcludeFilterContextCustomizer@4ee37ca3, org.springframework.boot.test.json.DuplicateJsonObjectContextCustomizerFactory$DuplicateJsonObjectContextCustomizer@422c3c7a, org.springframework.boot.test.mock.mockito.MockitoContextCustomizer@98854dc], contextLoader = 'org.springframework.test.context.support.DelegatingSmartContextLoader', parent = [null]]]
22:37:52.227 [Test worker] DEBUG org.springframework.test.context.cache - Spring test ApplicationContext cache statistics: [DefaultContextCache@476ee5b3 size = 1, maxSize = 32, parentContextCount = 0, hitCount = 187, missCount = 1]
22:37:52.227 [Test worker] DEBUG org.springframework.test.context.cache.DefaultCacheAwareContextLoaderDelegate - Retrieved ApplicationContext [418513504] from cache with key [[MergedContextConfiguration@5778826f testClass = UserServiceTest, locations = '{}', classes = '{class org.waldreg.user.management.user.DefaultUserManager, class org.waldreg.user.management.joiningpool.DefaultJoiningPoolManager}', contextInitializerClasses = '[]', activeProfiles = '{}', propertySourceLocations = '{}', propertySourceProperties = '{}', contextCustomizers = set[org.springframework.boot.test.autoconfigure.actuate.metrics.MetricsExportContextCustomizerFactory$DisableMetricExportContextCustomizer@1698fc68, org.springframework.boot.test.autoconfigure.properties.PropertyMappingContextCustomizer@0, org.springframework.boot.test.autoconfigure.web.servlet.WebDriverContextCustomizerFactory$Customizer@58359ebd, org.springframework.boot.test.context.filter.ExcludeFilterContextCustomizer@4ee37ca3, org.springframework.boot.test.json.DuplicateJsonObjectContextCustomizerFactory$DuplicateJsonObjectContextCustomizer@422c3c7a, org.springframework.boot.test.mock.mockito.MockitoContextCustomizer@98854dc], contextLoader = 'org.springframework.test.context.support.DelegatingSmartContextLoader', parent = [null]]]
22:37:52.227 [Test worker] DEBUG org.springframework.test.context.cache - Spring test ApplicationContext cache statistics: [DefaultContextCache@476ee5b3 size = 1, maxSize = 32, parentContextCount = 0, hitCount = 188, missCount = 1]
22:37:52.227 [Test worker] DEBUG org.springframework.test.context.cache.DefaultCacheAwareContextLoaderDelegate - Retrieved ApplicationContext [418513504] from cache with key [[MergedContextConfiguration@5778826f testClass = UserServiceTest, locations = '{}', classes = '{class org.waldreg.user.management.user.DefaultUserManager, class org.waldreg.user.management.joiningpool.DefaultJoiningPoolManager}', contextInitializerClasses = '[]', activeProfiles = '{}', propertySourceLocations = '{}', propertySourceProperties = '{}', contextCustomizers = set[org.springframework.boot.test.autoconfigure.actuate.metrics.MetricsExportContextCustomizerFactory$DisableMetricExportContextCustomizer@1698fc68, org.springframework.boot.test.autoconfigure.properties.PropertyMappingContextCustomizer@0, org.springframework.boot.test.autoconfigure.web.servlet.WebDriverContextCustomizerFactory$Customizer@58359ebd, org.springframework.boot.test.context.filter.ExcludeFilterContextCustomizer@4ee37ca3, org.springframework.boot.test.json.DuplicateJsonObjectContextCustomizerFactory$DuplicateJsonObjectContextCustomizer@422c3c7a, org.springframework.boot.test.mock.mockito.MockitoContextCustomizer@98854dc], contextLoader = 'org.springframework.test.context.support.DelegatingSmartContextLoader', parent = [null]]]
22:37:52.227 [Test worker] DEBUG org.springframework.test.context.cache - Spring test ApplicationContext cache statistics: [DefaultContextCache@476ee5b3 size = 1, maxSize = 32, parentContextCount = 0, hitCount = 189, missCount = 1]
22:37:52.227 [Test worker] DEBUG org.springframework.test.context.cache.DefaultCacheAwareContextLoaderDelegate - Retrieved ApplicationContext [418513504] from cache with key [[MergedContextConfiguration@5778826f testClass = UserServiceTest, locations = '{}', classes = '{class org.waldreg.user.management.user.DefaultUserManager, class org.waldreg.user.management.joiningpool.DefaultJoiningPoolManager}', contextInitializerClasses = '[]', activeProfiles = '{}', propertySourceLocations = '{}', propertySourceProperties = '{}', contextCustomizers = set[org.springframework.boot.test.autoconfigure.actuate.metrics.MetricsExportContextCustomizerFactory$DisableMetricExportContextCustomizer@1698fc68, org.springframework.boot.test.autoconfigure.properties.PropertyMappingContextCustomizer@0, org.springframework.boot.test.autoconfigure.web.servlet.WebDriverContextCustomizerFactory$Customizer@58359ebd, org.springframework.boot.test.context.filter.ExcludeFilterContextCustomizer@4ee37ca3, org.springframework.boot.test.json.DuplicateJsonObjectContextCustomizerFactory$DuplicateJsonObjectContextCustomizer@422c3c7a, org.springframework.boot.test.mock.mockito.MockitoContextCustomizer@98854dc], contextLoader = 'org.springframework.test.context.support.DelegatingSmartContextLoader', parent = [null]]]
22:37:52.227 [Test worker] DEBUG org.springframework.test.context.cache - Spring test ApplicationContext cache statistics: [DefaultContextCache@476ee5b3 size = 1, maxSize = 32, parentContextCount = 0, hitCount = 190, missCount = 1]
22:37:52.227 [Test worker] DEBUG org.springframework.test.context.cache.DefaultCacheAwareContextLoaderDelegate - Retrieved ApplicationContext [418513504] from cache with key [[MergedContextConfiguration@5778826f testClass = UserServiceTest, locations = '{}', classes = '{class org.waldreg.user.management.user.DefaultUserManager, class org.waldreg.user.management.joiningpool.DefaultJoiningPoolManager}', contextInitializerClasses = '[]', activeProfiles = '{}', propertySourceLocations = '{}', propertySourceProperties = '{}', contextCustomizers = set[org.springframework.boot.test.autoconfigure.actuate.metrics.MetricsExportContextCustomizerFactory$DisableMetricExportContextCustomizer@1698fc68, org.springframework.boot.test.autoconfigure.properties.PropertyMappingContextCustomizer@0, org.springframework.boot.test.autoconfigure.web.servlet.WebDriverContextCustomizerFactory$Customizer@58359ebd, org.springframework.boot.test.context.filter.ExcludeFilterContextCustomizer@4ee37ca3, org.springframework.boot.test.json.DuplicateJsonObjectContextCustomizerFactory$DuplicateJsonObjectContextCustomizer@422c3c7a, org.springframework.boot.test.mock.mockito.MockitoContextCustomizer@98854dc], contextLoader = 'org.springframework.test.context.support.DelegatingSmartContextLoader', parent = [null]]]
22:37:52.227 [Test worker] DEBUG org.springframework.test.context.cache - Spring test ApplicationContext cache statistics: [DefaultContextCache@476ee5b3 size = 1, maxSize = 32, parentContextCount = 0, hitCount = 191, missCount = 1]
22:37:52.227 [Test worker] DEBUG org.springframework.test.context.support.AbstractDirtiesContextTestExecutionListener - After test method: context [DefaultTestContext@7829b776 testClass = UserServiceTest, testInstance = org.waldreg.user.management.UserServiceTest@75d4a80f, testMethod = DELETE_USER_CHARACTER_FAIL_CAUSE_ADMIN_TEST@UserServiceTest, testException = [null], mergedContextConfiguration = [MergedContextConfiguration@5778826f testClass = UserServiceTest, locations = '{}', classes = '{class org.waldreg.user.management.user.DefaultUserManager, class org.waldreg.user.management.joiningpool.DefaultJoiningPoolManager}', contextInitializerClasses = '[]', activeProfiles = '{}', propertySourceLocations = '{}', propertySourceProperties = '{}', contextCustomizers = set[org.springframework.boot.test.autoconfigure.actuate.metrics.MetricsExportContextCustomizerFactory$DisableMetricExportContextCustomizer@1698fc68, org.springframework.boot.test.autoconfigure.properties.PropertyMappingContextCustomizer@0, org.springframework.boot.test.autoconfigure.web.servlet.WebDriverContextCustomizerFactory$Customizer@58359ebd, org.springframework.boot.test.context.filter.ExcludeFilterContextCustomizer@4ee37ca3, org.springframework.boot.test.json.DuplicateJsonObjectContextCustomizerFactory$DuplicateJsonObjectContextCustomizer@422c3c7a, org.springframework.boot.test.mock.mockito.MockitoContextCustomizer@98854dc], contextLoader = 'org.springframework.test.context.support.DelegatingSmartContextLoader', parent = [null]], attributes = map['org.springframework.test.context.event.ApplicationEventsTestExecutionListener.recordApplicationEvents' -> false]], class annotated with @DirtiesContext [false] with mode [null], method annotated with @DirtiesContext [false] with mode [null].
22:37:52.237 [Test worker] DEBUG org.springframework.test.context.cache.DefaultCacheAwareContextLoaderDelegate - Retrieved ApplicationContext [418513504] from cache with key [[MergedContextConfiguration@5778826f testClass = UserServiceTest, locations = '{}', classes = '{class org.waldreg.user.management.user.DefaultUserManager, class org.waldreg.user.management.joiningpool.DefaultJoiningPoolManager}', contextInitializerClasses = '[]', activeProfiles = '{}', propertySourceLocations = '{}', propertySourceProperties = '{}', contextCustomizers = set[org.springframework.boot.test.autoconfigure.actuate.metrics.MetricsExportContextCustomizerFactory$DisableMetricExportContextCustomizer@1698fc68, org.springframework.boot.test.autoconfigure.properties.PropertyMappingContextCustomizer@0, org.springframework.boot.test.autoconfigure.web.servlet.WebDriverContextCustomizerFactory$Customizer@58359ebd, org.springframework.boot.test.context.filter.ExcludeFilterContextCustomizer@4ee37ca3, org.springframework.boot.test.json.DuplicateJsonObjectContextCustomizerFactory$DuplicateJsonObjectContextCustomizer@422c3c7a, org.springframework.boot.test.mock.mockito.MockitoContextCustomizer@98854dc], contextLoader = 'org.springframework.test.context.support.DelegatingSmartContextLoader', parent = [null]]]
22:37:52.237 [Test worker] DEBUG org.springframework.test.context.cache - Spring test ApplicationContext cache statistics: [DefaultContextCache@476ee5b3 size = 1, maxSize = 32, parentContextCount = 0, hitCount = 192, missCount = 1]
22:37:52.237 [Test worker] DEBUG org.springframework.test.context.support.DependencyInjectionTestExecutionListener - Performing dependency injection for test context [[DefaultTestContext@7829b776 testClass = UserServiceTest, testInstance = org.waldreg.user.management.UserServiceTest@51d387d3, testMethod = [null], testException = [null], mergedContextConfiguration = [MergedContextConfiguration@5778826f testClass = UserServiceTest, locations = '{}', classes = '{class org.waldreg.user.management.user.DefaultUserManager, class org.waldreg.user.management.joiningpool.DefaultJoiningPoolManager}', contextInitializerClasses = '[]', activeProfiles = '{}', propertySourceLocations = '{}', propertySourceProperties = '{}', contextCustomizers = set[org.springframework.boot.test.autoconfigure.actuate.metrics.MetricsExportContextCustomizerFactory$DisableMetricExportContextCustomizer@1698fc68, org.springframework.boot.test.autoconfigure.properties.PropertyMappingContextCustomizer@0, org.springframework.boot.test.autoconfigure.web.servlet.WebDriverContextCustomizerFactory$Customizer@58359ebd, org.springframework.boot.test.context.filter.ExcludeFilterContextCustomizer@4ee37ca3, org.springframework.boot.test.json.DuplicateJsonObjectContextCustomizerFactory$DuplicateJsonObjectContextCustomizer@422c3c7a, org.springframework.boot.test.mock.mockito.MockitoContextCustomizer@98854dc], contextLoader = 'org.springframework.test.context.support.DelegatingSmartContextLoader', parent = [null]], attributes = map['org.springframework.test.context.event.ApplicationEventsTestExecutionListener.recordApplicationEvents' -> false]]].
22:37:52.237 [Test worker] DEBUG org.springframework.test.context.cache.DefaultCacheAwareContextLoaderDelegate - Retrieved ApplicationContext [418513504] from cache with key [[MergedContextConfiguration@5778826f testClass = UserServiceTest, locations = '{}', classes = '{class org.waldreg.user.management.user.DefaultUserManager, class org.waldreg.user.management.joiningpool.DefaultJoiningPoolManager}', contextInitializerClasses = '[]', activeProfiles = '{}', propertySourceLocations = '{}', propertySourceProperties = '{}', contextCustomizers = set[org.springframework.boot.test.autoconfigure.actuate.metrics.MetricsExportContextCustomizerFactory$DisableMetricExportContextCustomizer@1698fc68, org.springframework.boot.test.autoconfigure.properties.PropertyMappingContextCustomizer@0, org.springframework.boot.test.autoconfigure.web.servlet.WebDriverContextCustomizerFactory$Customizer@58359ebd, org.springframework.boot.test.context.filter.ExcludeFilterContextCustomizer@4ee37ca3, org.springframework.boot.test.json.DuplicateJsonObjectContextCustomizerFactory$DuplicateJsonObjectContextCustomizer@422c3c7a, org.springframework.boot.test.mock.mockito.MockitoContextCustomizer@98854dc], contextLoader = 'org.springframework.test.context.support.DelegatingSmartContextLoader', parent = [null]]]
22:37:52.237 [Test worker] DEBUG org.springframework.test.context.cache - Spring test ApplicationContext cache statistics: [DefaultContextCache@476ee5b3 size = 1, maxSize = 32, parentContextCount = 0, hitCount = 193, missCount = 1]
22:37:52.237 [Test worker] DEBUG org.springframework.test.context.cache.DefaultCacheAwareContextLoaderDelegate - Retrieved ApplicationContext [418513504] from cache with key [[MergedContextConfiguration@5778826f testClass = UserServiceTest, locations = '{}', classes = '{class org.waldreg.user.management.user.DefaultUserManager, class org.waldreg.user.management.joiningpool.DefaultJoiningPoolManager}', contextInitializerClasses = '[]', activeProfiles = '{}', propertySourceLocations = '{}', propertySourceProperties = '{}', contextCustomizers = set[org.springframework.boot.test.autoconfigure.actuate.metrics.MetricsExportContextCustomizerFactory$DisableMetricExportContextCustomizer@1698fc68, org.springframework.boot.test.autoconfigure.properties.PropertyMappingContextCustomizer@0, org.springframework.boot.test.autoconfigure.web.servlet.WebDriverContextCustomizerFactory$Customizer@58359ebd, org.springframework.boot.test.context.filter.ExcludeFilterContextCustomizer@4ee37ca3, org.springframework.boot.test.json.DuplicateJsonObjectContextCustomizerFactory$DuplicateJsonObjectContextCustomizer@422c3c7a, org.springframework.boot.test.mock.mockito.MockitoContextCustomizer@98854dc], contextLoader = 'org.springframework.test.context.support.DelegatingSmartContextLoader', parent = [null]]]
22:37:52.237 [Test worker] DEBUG org.springframework.test.context.cache - Spring test ApplicationContext cache statistics: [DefaultContextCache@476ee5b3 size = 1, maxSize = 32, parentContextCount = 0, hitCount = 194, missCount = 1]
22:37:52.237 [Test worker] DEBUG org.springframework.test.context.support.AbstractDirtiesContextTestExecutionListener - Before test method: context [DefaultTestContext@7829b776 testClass = UserServiceTest, testInstance = org.waldreg.user.management.UserServiceTest@51d387d3, testMethod = CREATE_USER_FAIL_CAUSE_DUPLICATED_USER_ID_INJOINING_POOL_TEST@UserServiceTest, testException = [null], mergedContextConfiguration = [MergedContextConfiguration@5778826f testClass = UserServiceTest, locations = '{}', classes = '{class org.waldreg.user.management.user.DefaultUserManager, class org.waldreg.user.management.joiningpool.DefaultJoiningPoolManager}', contextInitializerClasses = '[]', activeProfiles = '{}', propertySourceLocations = '{}', propertySourceProperties = '{}', contextCustomizers = set[org.springframework.boot.test.autoconfigure.actuate.metrics.MetricsExportContextCustomizerFactory$DisableMetricExportContextCustomizer@1698fc68, org.springframework.boot.test.autoconfigure.properties.PropertyMappingContextCustomizer@0, org.springframework.boot.test.autoconfigure.web.servlet.WebDriverContextCustomizerFactory$Customizer@58359ebd, org.springframework.boot.test.context.filter.ExcludeFilterContextCustomizer@4ee37ca3, org.springframework.boot.test.json.DuplicateJsonObjectContextCustomizerFactory$DuplicateJsonObjectContextCustomizer@422c3c7a, org.springframework.boot.test.mock.mockito.MockitoContextCustomizer@98854dc], contextLoader = 'org.springframework.test.context.support.DelegatingSmartContextLoader', parent = [null]], attributes = map['org.springframework.test.context.event.ApplicationEventsTestExecutionListener.recordApplicationEvents' -> false]], class annotated with @DirtiesContext [false] with mode [null], method annotated with @DirtiesContext [false] with mode [null].
22:37:52.237 [Test worker] DEBUG org.springframework.test.context.cache.DefaultCacheAwareContextLoaderDelegate - Retrieved ApplicationContext [418513504] from cache with key [[MergedContextConfiguration@5778826f testClass = UserServiceTest, locations = '{}', classes = '{class org.waldreg.user.management.user.DefaultUserManager, class org.waldreg.user.management.joiningpool.DefaultJoiningPoolManager}', contextInitializerClasses = '[]', activeProfiles = '{}', propertySourceLocations = '{}', propertySourceProperties = '{}', contextCustomizers = set[org.springframework.boot.test.autoconfigure.actuate.metrics.MetricsExportContextCustomizerFactory$DisableMetricExportContextCustomizer@1698fc68, org.springframework.boot.test.autoconfigure.properties.PropertyMappingContextCustomizer@0, org.springframework.boot.test.autoconfigure.web.servlet.WebDriverContextCustomizerFactory$Customizer@58359ebd, org.springframework.boot.test.context.filter.ExcludeFilterContextCustomizer@4ee37ca3, org.springframework.boot.test.json.DuplicateJsonObjectContextCustomizerFactory$DuplicateJsonObjectContextCustomizer@422c3c7a, org.springframework.boot.test.mock.mockito.MockitoContextCustomizer@98854dc], contextLoader = 'org.springframework.test.context.support.DelegatingSmartContextLoader', parent = [null]]]
22:37:52.237 [Test worker] DEBUG org.springframework.test.context.cache - Spring test ApplicationContext cache statistics: [DefaultContextCache@476ee5b3 size = 1, maxSize = 32, parentContextCount = 0, hitCount = 195, missCount = 1]
22:37:52.237 [Test worker] DEBUG org.springframework.test.context.cache.DefaultCacheAwareContextLoaderDelegate - Retrieved ApplicationContext [418513504] from cache with key [[MergedContextConfiguration@5778826f testClass = UserServiceTest, locations = '{}', classes = '{class org.waldreg.user.management.user.DefaultUserManager, class org.waldreg.user.management.joiningpool.DefaultJoiningPoolManager}', contextInitializerClasses = '[]', activeProfiles = '{}', propertySourceLocations = '{}', propertySourceProperties = '{}', contextCustomizers = set[org.springframework.boot.test.autoconfigure.actuate.metrics.MetricsExportContextCustomizerFactory$DisableMetricExportContextCustomizer@1698fc68, org.springframework.boot.test.autoconfigure.properties.PropertyMappingContextCustomizer@0, org.springframework.boot.test.autoconfigure.web.servlet.WebDriverContextCustomizerFactory$Customizer@58359ebd, org.springframework.boot.test.context.filter.ExcludeFilterContextCustomizer@4ee37ca3, org.springframework.boot.test.json.DuplicateJsonObjectContextCustomizerFactory$DuplicateJsonObjectContextCustomizer@422c3c7a, org.springframework.boot.test.mock.mockito.MockitoContextCustomizer@98854dc], contextLoader = 'org.springframework.test.context.support.DelegatingSmartContextLoader', parent = [null]]]
22:37:52.237 [Test worker] DEBUG org.springframework.test.context.cache - Spring test ApplicationContext cache statistics: [DefaultContextCache@476ee5b3 size = 1, maxSize = 32, parentContextCount = 0, hitCount = 196, missCount = 1]
22:37:52.237 [Test worker] DEBUG org.springframework.test.context.cache.DefaultCacheAwareContextLoaderDelegate - Retrieved ApplicationContext [418513504] from cache with key [[MergedContextConfiguration@5778826f testClass = UserServiceTest, locations = '{}', classes = '{class org.waldreg.user.management.user.DefaultUserManager, class org.waldreg.user.management.joiningpool.DefaultJoiningPoolManager}', contextInitializerClasses = '[]', activeProfiles = '{}', propertySourceLocations = '{}', propertySourceProperties = '{}', contextCustomizers = set[org.springframework.boot.test.autoconfigure.actuate.metrics.MetricsExportContextCustomizerFactory$DisableMetricExportContextCustomizer@1698fc68, org.springframework.boot.test.autoconfigure.properties.PropertyMappingContextCustomizer@0, org.springframework.boot.test.autoconfigure.web.servlet.WebDriverContextCustomizerFactory$Customizer@58359ebd, org.springframework.boot.test.context.filter.ExcludeFilterContextCustomizer@4ee37ca3, org.springframework.boot.test.json.DuplicateJsonObjectContextCustomizerFactory$DuplicateJsonObjectContextCustomizer@422c3c7a, org.springframework.boot.test.mock.mockito.MockitoContextCustomizer@98854dc], contextLoader = 'org.springframework.test.context.support.DelegatingSmartContextLoader', parent = [null]]]
22:37:52.237 [Test worker] DEBUG org.springframework.test.context.cache - Spring test ApplicationContext cache statistics: [DefaultContextCache@476ee5b3 size = 1, maxSize = 32, parentContextCount = 0, hitCount = 197, missCount = 1]
22:37:52.246 [Test worker] DEBUG org.springframework.test.context.cache.DefaultCacheAwareContextLoaderDelegate - Retrieved ApplicationContext [418513504] from cache with key [[MergedContextConfiguration@5778826f testClass = UserServiceTest, locations = '{}', classes = '{class org.waldreg.user.management.user.DefaultUserManager, class org.waldreg.user.management.joiningpool.DefaultJoiningPoolManager}', contextInitializerClasses = '[]', activeProfiles = '{}', propertySourceLocations = '{}', propertySourceProperties = '{}', contextCustomizers = set[org.springframework.boot.test.autoconfigure.actuate.metrics.MetricsExportContextCustomizerFactory$DisableMetricExportContextCustomizer@1698fc68, org.springframework.boot.test.autoconfigure.properties.PropertyMappingContextCustomizer@0, org.springframework.boot.test.autoconfigure.web.servlet.WebDriverContextCustomizerFactory$Customizer@58359ebd, org.springframework.boot.test.context.filter.ExcludeFilterContextCustomizer@4ee37ca3, org.springframework.boot.test.json.DuplicateJsonObjectContextCustomizerFactory$DuplicateJsonObjectContextCustomizer@422c3c7a, org.springframework.boot.test.mock.mockito.MockitoContextCustomizer@98854dc], contextLoader = 'org.springframework.test.context.support.DelegatingSmartContextLoader', parent = [null]]]
22:37:52.246 [Test worker] DEBUG org.springframework.test.context.cache - Spring test ApplicationContext cache statistics: [DefaultContextCache@476ee5b3 size = 1, maxSize = 32, parentContextCount = 0, hitCount = 198, missCount = 1]
22:37:52.246 [Test worker] DEBUG org.springframework.test.context.cache.DefaultCacheAwareContextLoaderDelegate - Retrieved ApplicationContext [418513504] from cache with key [[MergedContextConfiguration@5778826f testClass = UserServiceTest, locations = '{}', classes = '{class org.waldreg.user.management.user.DefaultUserManager, class org.waldreg.user.management.joiningpool.DefaultJoiningPoolManager}', contextInitializerClasses = '[]', activeProfiles = '{}', propertySourceLocations = '{}', propertySourceProperties = '{}', contextCustomizers = set[org.springframework.boot.test.autoconfigure.actuate.metrics.MetricsExportContextCustomizerFactory$DisableMetricExportContextCustomizer@1698fc68, org.springframework.boot.test.autoconfigure.properties.PropertyMappingContextCustomizer@0, org.springframework.boot.test.autoconfigure.web.servlet.WebDriverContextCustomizerFactory$Customizer@58359ebd, org.springframework.boot.test.context.filter.ExcludeFilterContextCustomizer@4ee37ca3, org.springframework.boot.test.json.DuplicateJsonObjectContextCustomizerFactory$DuplicateJsonObjectContextCustomizer@422c3c7a, org.springframework.boot.test.mock.mockito.MockitoContextCustomizer@98854dc], contextLoader = 'org.springframework.test.context.support.DelegatingSmartContextLoader', parent = [null]]]
22:37:52.246 [Test worker] DEBUG org.springframework.test.context.cache - Spring test ApplicationContext cache statistics: [DefaultContextCache@476ee5b3 size = 1, maxSize = 32, parentContextCount = 0, hitCount = 199, missCount = 1]
22:37:52.248 [Test worker] DEBUG org.springframework.test.context.cache.DefaultCacheAwareContextLoaderDelegate - Retrieved ApplicationContext [418513504] from cache with key [[MergedContextConfiguration@5778826f testClass = UserServiceTest, locations = '{}', classes = '{class org.waldreg.user.management.user.DefaultUserManager, class org.waldreg.user.management.joiningpool.DefaultJoiningPoolManager}', contextInitializerClasses = '[]', activeProfiles = '{}', propertySourceLocations = '{}', propertySourceProperties = '{}', contextCustomizers = set[org.springframework.boot.test.autoconfigure.actuate.metrics.MetricsExportContextCustomizerFactory$DisableMetricExportContextCustomizer@1698fc68, org.springframework.boot.test.autoconfigure.properties.PropertyMappingContextCustomizer@0, org.springframework.boot.test.autoconfigure.web.servlet.WebDriverContextCustomizerFactory$Customizer@58359ebd, org.springframework.boot.test.context.filter.ExcludeFilterContextCustomizer@4ee37ca3, org.springframework.boot.test.json.DuplicateJsonObjectContextCustomizerFactory$DuplicateJsonObjectContextCustomizer@422c3c7a, org.springframework.boot.test.mock.mockito.MockitoContextCustomizer@98854dc], contextLoader = 'org.springframework.test.context.support.DelegatingSmartContextLoader', parent = [null]]]
22:37:52.248 [Test worker] DEBUG org.springframework.test.context.cache - Spring test ApplicationContext cache statistics: [DefaultContextCache@476ee5b3 size = 1, maxSize = 32, parentContextCount = 0, hitCount = 200, missCount = 1]
22:37:52.248 [Test worker] DEBUG org.springframework.test.context.cache.DefaultCacheAwareContextLoaderDelegate - Retrieved ApplicationContext [418513504] from cache with key [[MergedContextConfiguration@5778826f testClass = UserServiceTest, locations = '{}', classes = '{class org.waldreg.user.management.user.DefaultUserManager, class org.waldreg.user.management.joiningpool.DefaultJoiningPoolManager}', contextInitializerClasses = '[]', activeProfiles = '{}', propertySourceLocations = '{}', propertySourceProperties = '{}', contextCustomizers = set[org.springframework.boot.test.autoconfigure.actuate.metrics.MetricsExportContextCustomizerFactory$DisableMetricExportContextCustomizer@1698fc68, org.springframework.boot.test.autoconfigure.properties.PropertyMappingContextCustomizer@0, org.springframework.boot.test.autoconfigure.web.servlet.WebDriverContextCustomizerFactory$Customizer@58359ebd, org.springframework.boot.test.context.filter.ExcludeFilterContextCustomizer@4ee37ca3, org.springframework.boot.test.json.DuplicateJsonObjectContextCustomizerFactory$DuplicateJsonObjectContextCustomizer@422c3c7a, org.springframework.boot.test.mock.mockito.MockitoContextCustomizer@98854dc], contextLoader = 'org.springframework.test.context.support.DelegatingSmartContextLoader', parent = [null]]]
22:37:52.248 [Test worker] DEBUG org.springframework.test.context.cache - Spring test ApplicationContext cache statistics: [DefaultContextCache@476ee5b3 size = 1, maxSize = 32, parentContextCount = 0, hitCount = 201, missCount = 1]
22:37:52.248 [Test worker] DEBUG org.springframework.test.context.cache.DefaultCacheAwareContextLoaderDelegate - Retrieved ApplicationContext [418513504] from cache with key [[MergedContextConfiguration@5778826f testClass = UserServiceTest, locations = '{}', classes = '{class org.waldreg.user.management.user.DefaultUserManager, class org.waldreg.user.management.joiningpool.DefaultJoiningPoolManager}', contextInitializerClasses = '[]', activeProfiles = '{}', propertySourceLocations = '{}', propertySourceProperties = '{}', contextCustomizers = set[org.springframework.boot.test.autoconfigure.actuate.metrics.MetricsExportContextCustomizerFactory$DisableMetricExportContextCustomizer@1698fc68, org.springframework.boot.test.autoconfigure.properties.PropertyMappingContextCustomizer@0, org.springframework.boot.test.autoconfigure.web.servlet.WebDriverContextCustomizerFactory$Customizer@58359ebd, org.springframework.boot.test.context.filter.ExcludeFilterContextCustomizer@4ee37ca3, org.springframework.boot.test.json.DuplicateJsonObjectContextCustomizerFactory$DuplicateJsonObjectContextCustomizer@422c3c7a, org.springframework.boot.test.mock.mockito.MockitoContextCustomizer@98854dc], contextLoader = 'org.springframework.test.context.support.DelegatingSmartContextLoader', parent = [null]]]
22:37:52.248 [Test worker] DEBUG org.springframework.test.context.cache - Spring test ApplicationContext cache statistics: [DefaultContextCache@476ee5b3 size = 1, maxSize = 32, parentContextCount = 0, hitCount = 202, missCount = 1]
22:37:52.248 [Test worker] DEBUG org.springframework.test.context.cache.DefaultCacheAwareContextLoaderDelegate - Retrieved ApplicationContext [418513504] from cache with key [[MergedContextConfiguration@5778826f testClass = UserServiceTest, locations = '{}', classes = '{class org.waldreg.user.management.user.DefaultUserManager, class org.waldreg.user.management.joiningpool.DefaultJoiningPoolManager}', contextInitializerClasses = '[]', activeProfiles = '{}', propertySourceLocations = '{}', propertySourceProperties = '{}', contextCustomizers = set[org.springframework.boot.test.autoconfigure.actuate.metrics.MetricsExportContextCustomizerFactory$DisableMetricExportContextCustomizer@1698fc68, org.springframework.boot.test.autoconfigure.properties.PropertyMappingContextCustomizer@0, org.springframework.boot.test.autoconfigure.web.servlet.WebDriverContextCustomizerFactory$Customizer@58359ebd, org.springframework.boot.test.context.filter.ExcludeFilterContextCustomizer@4ee37ca3, org.springframework.boot.test.json.DuplicateJsonObjectContextCustomizerFactory$DuplicateJsonObjectContextCustomizer@422c3c7a, org.springframework.boot.test.mock.mockito.MockitoContextCustomizer@98854dc], contextLoader = 'org.springframework.test.context.support.DelegatingSmartContextLoader', parent = [null]]]
22:37:52.248 [Test worker] DEBUG org.springframework.test.context.cache - Spring test ApplicationContext cache statistics: [DefaultContextCache@476ee5b3 size = 1, maxSize = 32, parentContextCount = 0, hitCount = 203, missCount = 1]
22:37:52.248 [Test worker] DEBUG org.springframework.test.context.support.AbstractDirtiesContextTestExecutionListener - After test method: context [DefaultTestContext@7829b776 testClass = UserServiceTest, testInstance = org.waldreg.user.management.UserServiceTest@51d387d3, testMethod = CREATE_USER_FAIL_CAUSE_DUPLICATED_USER_ID_INJOINING_POOL_TEST@UserServiceTest, testException = [null], mergedContextConfiguration = [MergedContextConfiguration@5778826f testClass = UserServiceTest, locations = '{}', classes = '{class org.waldreg.user.management.user.DefaultUserManager, class org.waldreg.user.management.joiningpool.DefaultJoiningPoolManager}', contextInitializerClasses = '[]', activeProfiles = '{}', propertySourceLocations = '{}', propertySourceProperties = '{}', contextCustomizers = set[org.springframework.boot.test.autoconfigure.actuate.metrics.MetricsExportContextCustomizerFactory$DisableMetricExportContextCustomizer@1698fc68, org.springframework.boot.test.autoconfigure.properties.PropertyMappingContextCustomizer@0, org.springframework.boot.test.autoconfigure.web.servlet.WebDriverContextCustomizerFactory$Customizer@58359ebd, org.springframework.boot.test.context.filter.ExcludeFilterContextCustomizer@4ee37ca3, org.springframework.boot.test.json.DuplicateJsonObjectContextCustomizerFactory$DuplicateJsonObjectContextCustomizer@422c3c7a, org.springframework.boot.test.mock.mockito.MockitoContextCustomizer@98854dc], contextLoader = 'org.springframework.test.context.support.DelegatingSmartContextLoader', parent = [null]], attributes = map['org.springframework.test.context.event.ApplicationEventsTestExecutionListener.recordApplicationEvents' -> false]], class annotated with @DirtiesContext [false] with mode [null], method annotated with @DirtiesContext [false] with mode [null].
22:37:52.252 [Test worker] DEBUG org.springframework.test.context.cache.DefaultCacheAwareContextLoaderDelegate - Retrieved ApplicationContext [418513504] from cache with key [[MergedContextConfiguration@5778826f testClass = UserServiceTest, locations = '{}', classes = '{class org.waldreg.user.management.user.DefaultUserManager, class org.waldreg.user.management.joiningpool.DefaultJoiningPoolManager}', contextInitializerClasses = '[]', activeProfiles = '{}', propertySourceLocations = '{}', propertySourceProperties = '{}', contextCustomizers = set[org.springframework.boot.test.autoconfigure.actuate.metrics.MetricsExportContextCustomizerFactory$DisableMetricExportContextCustomizer@1698fc68, org.springframework.boot.test.autoconfigure.properties.PropertyMappingContextCustomizer@0, org.springframework.boot.test.autoconfigure.web.servlet.WebDriverContextCustomizerFactory$Customizer@58359ebd, org.springframework.boot.test.context.filter.ExcludeFilterContextCustomizer@4ee37ca3, org.springframework.boot.test.json.DuplicateJsonObjectContextCustomizerFactory$DuplicateJsonObjectContextCustomizer@422c3c7a, org.springframework.boot.test.mock.mockito.MockitoContextCustomizer@98854dc], contextLoader = 'org.springframework.test.context.support.DelegatingSmartContextLoader', parent = [null]]]
22:37:52.252 [Test worker] DEBUG org.springframework.test.context.cache - Spring test ApplicationContext cache statistics: [DefaultContextCache@476ee5b3 size = 1, maxSize = 32, parentContextCount = 0, hitCount = 204, missCount = 1]
22:37:52.252 [Test worker] DEBUG org.springframework.test.context.support.DependencyInjectionTestExecutionListener - Performing dependency injection for test context [[DefaultTestContext@7829b776 testClass = UserServiceTest, testInstance = org.waldreg.user.management.UserServiceTest@534180a2, testMethod = [null], testException = [null], mergedContextConfiguration = [MergedContextConfiguration@5778826f testClass = UserServiceTest, locations = '{}', classes = '{class org.waldreg.user.management.user.DefaultUserManager, class org.waldreg.user.management.joiningpool.DefaultJoiningPoolManager}', contextInitializerClasses = '[]', activeProfiles = '{}', propertySourceLocations = '{}', propertySourceProperties = '{}', contextCustomizers = set[org.springframework.boot.test.autoconfigure.actuate.metrics.MetricsExportContextCustomizerFactory$DisableMetricExportContextCustomizer@1698fc68, org.springframework.boot.test.autoconfigure.properties.PropertyMappingContextCustomizer@0, org.springframework.boot.test.autoconfigure.web.servlet.WebDriverContextCustomizerFactory$Customizer@58359ebd, org.springframework.boot.test.context.filter.ExcludeFilterContextCustomizer@4ee37ca3, org.springframework.boot.test.json.DuplicateJsonObjectContextCustomizerFactory$DuplicateJsonObjectContextCustomizer@422c3c7a, org.springframework.boot.test.mock.mockito.MockitoContextCustomizer@98854dc], contextLoader = 'org.springframework.test.context.support.DelegatingSmartContextLoader', parent = [null]], attributes = map['org.springframework.test.context.event.ApplicationEventsTestExecutionListener.recordApplicationEvents' -> false]]].
22:37:52.252 [Test worker] DEBUG org.springframework.test.context.cache.DefaultCacheAwareContextLoaderDelegate - Retrieved ApplicationContext [418513504] from cache with key [[MergedContextConfiguration@5778826f testClass = UserServiceTest, locations = '{}', classes = '{class org.waldreg.user.management.user.DefaultUserManager, class org.waldreg.user.management.joiningpool.DefaultJoiningPoolManager}', contextInitializerClasses = '[]', activeProfiles = '{}', propertySourceLocations = '{}', propertySourceProperties = '{}', contextCustomizers = set[org.springframework.boot.test.autoconfigure.actuate.metrics.MetricsExportContextCustomizerFactory$DisableMetricExportContextCustomizer@1698fc68, org.springframework.boot.test.autoconfigure.properties.PropertyMappingContextCustomizer@0, org.springframework.boot.test.autoconfigure.web.servlet.WebDriverContextCustomizerFactory$Customizer@58359ebd, org.springframework.boot.test.context.filter.ExcludeFilterContextCustomizer@4ee37ca3, org.springframework.boot.test.json.DuplicateJsonObjectContextCustomizerFactory$DuplicateJsonObjectContextCustomizer@422c3c7a, org.springframework.boot.test.mock.mockito.MockitoContextCustomizer@98854dc], contextLoader = 'org.springframework.test.context.support.DelegatingSmartContextLoader', parent = [null]]]
22:37:52.252 [Test worker] DEBUG org.springframework.test.context.cache - Spring test ApplicationContext cache statistics: [DefaultContextCache@476ee5b3 size = 1, maxSize = 32, parentContextCount = 0, hitCount = 205, missCount = 1]
22:37:52.252 [Test worker] DEBUG org.springframework.test.context.cache.DefaultCacheAwareContextLoaderDelegate - Retrieved ApplicationContext [418513504] from cache with key [[MergedContextConfiguration@5778826f testClass = UserServiceTest, locations = '{}', classes = '{class org.waldreg.user.management.user.DefaultUserManager, class org.waldreg.user.management.joiningpool.DefaultJoiningPoolManager}', contextInitializerClasses = '[]', activeProfiles = '{}', propertySourceLocations = '{}', propertySourceProperties = '{}', contextCustomizers = set[org.springframework.boot.test.autoconfigure.actuate.metrics.MetricsExportContextCustomizerFactory$DisableMetricExportContextCustomizer@1698fc68, org.springframework.boot.test.autoconfigure.properties.PropertyMappingContextCustomizer@0, org.springframework.boot.test.autoconfigure.web.servlet.WebDriverContextCustomizerFactory$Customizer@58359ebd, org.springframework.boot.test.context.filter.ExcludeFilterContextCustomizer@4ee37ca3, org.springframework.boot.test.json.DuplicateJsonObjectContextCustomizerFactory$DuplicateJsonObjectContextCustomizer@422c3c7a, org.springframework.boot.test.mock.mockito.MockitoContextCustomizer@98854dc], contextLoader = 'org.springframework.test.context.support.DelegatingSmartContextLoader', parent = [null]]]
22:37:52.252 [Test worker] DEBUG org.springframework.test.context.cache - Spring test ApplicationContext cache statistics: [DefaultContextCache@476ee5b3 size = 1, maxSize = 32, parentContextCount = 0, hitCount = 206, missCount = 1]
22:37:52.252 [Test worker] DEBUG org.springframework.test.context.support.AbstractDirtiesContextTestExecutionListener - Before test method: context [DefaultTestContext@7829b776 testClass = UserServiceTest, testInstance = org.waldreg.user.management.UserServiceTest@534180a2, testMethod = READ_ALL_USER_SUCCESS_TEST@UserServiceTest, testException = [null], mergedContextConfiguration = [MergedContextConfiguration@5778826f testClass = UserServiceTest, locations = '{}', classes = '{class org.waldreg.user.management.user.DefaultUserManager, class org.waldreg.user.management.joiningpool.DefaultJoiningPoolManager}', contextInitializerClasses = '[]', activeProfiles = '{}', propertySourceLocations = '{}', propertySourceProperties = '{}', contextCustomizers = set[org.springframework.boot.test.autoconfigure.actuate.metrics.MetricsExportContextCustomizerFactory$DisableMetricExportContextCustomizer@1698fc68, org.springframework.boot.test.autoconfigure.properties.PropertyMappingContextCustomizer@0, org.springframework.boot.test.autoconfigure.web.servlet.WebDriverContextCustomizerFactory$Customizer@58359ebd, org.springframework.boot.test.context.filter.ExcludeFilterContextCustomizer@4ee37ca3, org.springframework.boot.test.json.DuplicateJsonObjectContextCustomizerFactory$DuplicateJsonObjectContextCustomizer@422c3c7a, org.springframework.boot.test.mock.mockito.MockitoContextCustomizer@98854dc], contextLoader = 'org.springframework.test.context.support.DelegatingSmartContextLoader', parent = [null]], attributes = map['org.springframework.test.context.event.ApplicationEventsTestExecutionListener.recordApplicationEvents' -> false]], class annotated with @DirtiesContext [false] with mode [null], method annotated with @DirtiesContext [false] with mode [null].
22:37:52.252 [Test worker] DEBUG org.springframework.test.context.cache.DefaultCacheAwareContextLoaderDelegate - Retrieved ApplicationContext [418513504] from cache with key [[MergedContextConfiguration@5778826f testClass = UserServiceTest, locations = '{}', classes = '{class org.waldreg.user.management.user.DefaultUserManager, class org.waldreg.user.management.joiningpool.DefaultJoiningPoolManager}', contextInitializerClasses = '[]', activeProfiles = '{}', propertySourceLocations = '{}', propertySourceProperties = '{}', contextCustomizers = set[org.springframework.boot.test.autoconfigure.actuate.metrics.MetricsExportContextCustomizerFactory$DisableMetricExportContextCustomizer@1698fc68, org.springframework.boot.test.autoconfigure.properties.PropertyMappingContextCustomizer@0, org.springframework.boot.test.autoconfigure.web.servlet.WebDriverContextCustomizerFactory$Customizer@58359ebd, org.springframework.boot.test.context.filter.ExcludeFilterContextCustomizer@4ee37ca3, org.springframework.boot.test.json.DuplicateJsonObjectContextCustomizerFactory$DuplicateJsonObjectContextCustomizer@422c3c7a, org.springframework.boot.test.mock.mockito.MockitoContextCustomizer@98854dc], contextLoader = 'org.springframework.test.context.support.DelegatingSmartContextLoader', parent = [null]]]
22:37:52.252 [Test worker] DEBUG org.springframework.test.context.cache - Spring test ApplicationContext cache statistics: [DefaultContextCache@476ee5b3 size = 1, maxSize = 32, parentContextCount = 0, hitCount = 207, missCount = 1]
22:37:52.252 [Test worker] DEBUG org.springframework.test.context.cache.DefaultCacheAwareContextLoaderDelegate - Retrieved ApplicationContext [418513504] from cache with key [[MergedContextConfiguration@5778826f testClass = UserServiceTest, locations = '{}', classes = '{class org.waldreg.user.management.user.DefaultUserManager, class org.waldreg.user.management.joiningpool.DefaultJoiningPoolManager}', contextInitializerClasses = '[]', activeProfiles = '{}', propertySourceLocations = '{}', propertySourceProperties = '{}', contextCustomizers = set[org.springframework.boot.test.autoconfigure.actuate.metrics.MetricsExportContextCustomizerFactory$DisableMetricExportContextCustomizer@1698fc68, org.springframework.boot.test.autoconfigure.properties.PropertyMappingContextCustomizer@0, org.springframework.boot.test.autoconfigure.web.servlet.WebDriverContextCustomizerFactory$Customizer@58359ebd, org.springframework.boot.test.context.filter.ExcludeFilterContextCustomizer@4ee37ca3, org.springframework.boot.test.json.DuplicateJsonObjectContextCustomizerFactory$DuplicateJsonObjectContextCustomizer@422c3c7a, org.springframework.boot.test.mock.mockito.MockitoContextCustomizer@98854dc], contextLoader = 'org.springframework.test.context.support.DelegatingSmartContextLoader', parent = [null]]]
22:37:52.252 [Test worker] DEBUG org.springframework.test.context.cache - Spring test ApplicationContext cache statistics: [DefaultContextCache@476ee5b3 size = 1, maxSize = 32, parentContextCount = 0, hitCount = 208, missCount = 1]
22:37:52.257 [Test worker] DEBUG org.springframework.test.context.cache.DefaultCacheAwareContextLoaderDelegate - Retrieved ApplicationContext [418513504] from cache with key [[MergedContextConfiguration@5778826f testClass = UserServiceTest, locations = '{}', classes = '{class org.waldreg.user.management.user.DefaultUserManager, class org.waldreg.user.management.joiningpool.DefaultJoiningPoolManager}', contextInitializerClasses = '[]', activeProfiles = '{}', propertySourceLocations = '{}', propertySourceProperties = '{}', contextCustomizers = set[org.springframework.boot.test.autoconfigure.actuate.metrics.MetricsExportContextCustomizerFactory$DisableMetricExportContextCustomizer@1698fc68, org.springframework.boot.test.autoconfigure.properties.PropertyMappingContextCustomizer@0, org.springframework.boot.test.autoconfigure.web.servlet.WebDriverContextCustomizerFactory$Customizer@58359ebd, org.springframework.boot.test.context.filter.ExcludeFilterContextCustomizer@4ee37ca3, org.springframework.boot.test.json.DuplicateJsonObjectContextCustomizerFactory$DuplicateJsonObjectContextCustomizer@422c3c7a, org.springframework.boot.test.mock.mockito.MockitoContextCustomizer@98854dc], contextLoader = 'org.springframework.test.context.support.DelegatingSmartContextLoader', parent = [null]]]
22:37:52.257 [Test worker] DEBUG org.springframework.test.context.cache - Spring test ApplicationContext cache statistics: [DefaultContextCache@476ee5b3 size = 1, maxSize = 32, parentContextCount = 0, hitCount = 209, missCount = 1]
22:37:52.260 [Test worker] DEBUG org.springframework.test.context.cache.DefaultCacheAwareContextLoaderDelegate - Retrieved ApplicationContext [418513504] from cache with key [[MergedContextConfiguration@5778826f testClass = UserServiceTest, locations = '{}', classes = '{class org.waldreg.user.management.user.DefaultUserManager, class org.waldreg.user.management.joiningpool.DefaultJoiningPoolManager}', contextInitializerClasses = '[]', activeProfiles = '{}', propertySourceLocations = '{}', propertySourceProperties = '{}', contextCustomizers = set[org.springframework.boot.test.autoconfigure.actuate.metrics.MetricsExportContextCustomizerFactory$DisableMetricExportContextCustomizer@1698fc68, org.springframework.boot.test.autoconfigure.properties.PropertyMappingContextCustomizer@0, org.springframework.boot.test.autoconfigure.web.servlet.WebDriverContextCustomizerFactory$Customizer@58359ebd, org.springframework.boot.test.context.filter.ExcludeFilterContextCustomizer@4ee37ca3, org.springframework.boot.test.json.DuplicateJsonObjectContextCustomizerFactory$DuplicateJsonObjectContextCustomizer@422c3c7a, org.springframework.boot.test.mock.mockito.MockitoContextCustomizer@98854dc], contextLoader = 'org.springframework.test.context.support.DelegatingSmartContextLoader', parent = [null]]]
22:37:52.260 [Test worker] DEBUG org.springframework.test.context.cache - Spring test ApplicationContext cache statistics: [DefaultContextCache@476ee5b3 size = 1, maxSize = 32, parentContextCount = 0, hitCount = 210, missCount = 1]
22:37:52.260 [Test worker] DEBUG org.springframework.test.context.cache.DefaultCacheAwareContextLoaderDelegate - Retrieved ApplicationContext [418513504] from cache with key [[MergedContextConfiguration@5778826f testClass = UserServiceTest, locations = '{}', classes = '{class org.waldreg.user.management.user.DefaultUserManager, class org.waldreg.user.management.joiningpool.DefaultJoiningPoolManager}', contextInitializerClasses = '[]', activeProfiles = '{}', propertySourceLocations = '{}', propertySourceProperties = '{}', contextCustomizers = set[org.springframework.boot.test.autoconfigure.actuate.metrics.MetricsExportContextCustomizerFactory$DisableMetricExportContextCustomizer@1698fc68, org.springframework.boot.test.autoconfigure.properties.PropertyMappingContextCustomizer@0, org.springframework.boot.test.autoconfigure.web.servlet.WebDriverContextCustomizerFactory$Customizer@58359ebd, org.springframework.boot.test.context.filter.ExcludeFilterContextCustomizer@4ee37ca3, org.springframework.boot.test.json.DuplicateJsonObjectContextCustomizerFactory$DuplicateJsonObjectContextCustomizer@422c3c7a, org.springframework.boot.test.mock.mockito.MockitoContextCustomizer@98854dc], contextLoader = 'org.springframework.test.context.support.DelegatingSmartContextLoader', parent = [null]]]
22:37:52.260 [Test worker] DEBUG org.springframework.test.context.cache - Spring test ApplicationContext cache statistics: [DefaultContextCache@476ee5b3 size = 1, maxSize = 32, parentContextCount = 0, hitCount = 211, missCount = 1]
22:37:52.260 [Test worker] DEBUG org.springframework.test.context.cache.DefaultCacheAwareContextLoaderDelegate - Retrieved ApplicationContext [418513504] from cache with key [[MergedContextConfiguration@5778826f testClass = UserServiceTest, locations = '{}', classes = '{class org.waldreg.user.management.user.DefaultUserManager, class org.waldreg.user.management.joiningpool.DefaultJoiningPoolManager}', contextInitializerClasses = '[]', activeProfiles = '{}', propertySourceLocations = '{}', propertySourceProperties = '{}', contextCustomizers = set[org.springframework.boot.test.autoconfigure.actuate.metrics.MetricsExportContextCustomizerFactory$DisableMetricExportContextCustomizer@1698fc68, org.springframework.boot.test.autoconfigure.properties.PropertyMappingContextCustomizer@0, org.springframework.boot.test.autoconfigure.web.servlet.WebDriverContextCustomizerFactory$Customizer@58359ebd, org.springframework.boot.test.context.filter.ExcludeFilterContextCustomizer@4ee37ca3, org.springframework.boot.test.json.DuplicateJsonObjectContextCustomizerFactory$DuplicateJsonObjectContextCustomizer@422c3c7a, org.springframework.boot.test.mock.mockito.MockitoContextCustomizer@98854dc], contextLoader = 'org.springframework.test.context.support.DelegatingSmartContextLoader', parent = [null]]]
22:37:52.260 [Test worker] DEBUG org.springframework.test.context.cache - Spring test ApplicationContext cache statistics: [DefaultContextCache@476ee5b3 size = 1, maxSize = 32, parentContextCount = 0, hitCount = 212, missCount = 1]
22:37:52.260 [Test worker] DEBUG org.springframework.test.context.cache.DefaultCacheAwareContextLoaderDelegate - Retrieved ApplicationContext [418513504] from cache with key [[MergedContextConfiguration@5778826f testClass = UserServiceTest, locations = '{}', classes = '{class org.waldreg.user.management.user.DefaultUserManager, class org.waldreg.user.management.joiningpool.DefaultJoiningPoolManager}', contextInitializerClasses = '[]', activeProfiles = '{}', propertySourceLocations = '{}', propertySourceProperties = '{}', contextCustomizers = set[org.springframework.boot.test.autoconfigure.actuate.metrics.MetricsExportContextCustomizerFactory$DisableMetricExportContextCustomizer@1698fc68, org.springframework.boot.test.autoconfigure.properties.PropertyMappingContextCustomizer@0, org.springframework.boot.test.autoconfigure.web.servlet.WebDriverContextCustomizerFactory$Customizer@58359ebd, org.springframework.boot.test.context.filter.ExcludeFilterContextCustomizer@4ee37ca3, org.springframework.boot.test.json.DuplicateJsonObjectContextCustomizerFactory$DuplicateJsonObjectContextCustomizer@422c3c7a, org.springframework.boot.test.mock.mockito.MockitoContextCustomizer@98854dc], contextLoader = 'org.springframework.test.context.support.DelegatingSmartContextLoader', parent = [null]]]
22:37:52.260 [Test worker] DEBUG org.springframework.test.context.cache - Spring test ApplicationContext cache statistics: [DefaultContextCache@476ee5b3 size = 1, maxSize = 32, parentContextCount = 0, hitCount = 213, missCount = 1]
22:37:52.260 [Test worker] DEBUG org.springframework.test.context.cache.DefaultCacheAwareContextLoaderDelegate - Retrieved ApplicationContext [418513504] from cache with key [[MergedContextConfiguration@5778826f testClass = UserServiceTest, locations = '{}', classes = '{class org.waldreg.user.management.user.DefaultUserManager, class org.waldreg.user.management.joiningpool.DefaultJoiningPoolManager}', contextInitializerClasses = '[]', activeProfiles = '{}', propertySourceLocations = '{}', propertySourceProperties = '{}', contextCustomizers = set[org.springframework.boot.test.autoconfigure.actuate.metrics.MetricsExportContextCustomizerFactory$DisableMetricExportContextCustomizer@1698fc68, org.springframework.boot.test.autoconfigure.properties.PropertyMappingContextCustomizer@0, org.springframework.boot.test.autoconfigure.web.servlet.WebDriverContextCustomizerFactory$Customizer@58359ebd, org.springframework.boot.test.context.filter.ExcludeFilterContextCustomizer@4ee37ca3, org.springframework.boot.test.json.DuplicateJsonObjectContextCustomizerFactory$DuplicateJsonObjectContextCustomizer@422c3c7a, org.springframework.boot.test.mock.mockito.MockitoContextCustomizer@98854dc], contextLoader = 'org.springframework.test.context.support.DelegatingSmartContextLoader', parent = [null]]]
22:37:52.260 [Test worker] DEBUG org.springframework.test.context.cache - Spring test ApplicationContext cache statistics: [DefaultContextCache@476ee5b3 size = 1, maxSize = 32, parentContextCount = 0, hitCount = 214, missCount = 1]
22:37:52.267 [Test worker] DEBUG org.springframework.test.context.cache.DefaultCacheAwareContextLoaderDelegate - Retrieved ApplicationContext [418513504] from cache with key [[MergedContextConfiguration@5778826f testClass = UserServiceTest, locations = '{}', classes = '{class org.waldreg.user.management.user.DefaultUserManager, class org.waldreg.user.management.joiningpool.DefaultJoiningPoolManager}', contextInitializerClasses = '[]', activeProfiles = '{}', propertySourceLocations = '{}', propertySourceProperties = '{}', contextCustomizers = set[org.springframework.boot.test.autoconfigure.actuate.metrics.MetricsExportContextCustomizerFactory$DisableMetricExportContextCustomizer@1698fc68, org.springframework.boot.test.autoconfigure.properties.PropertyMappingContextCustomizer@0, org.springframework.boot.test.autoconfigure.web.servlet.WebDriverContextCustomizerFactory$Customizer@58359ebd, org.springframework.boot.test.context.filter.ExcludeFilterContextCustomizer@4ee37ca3, org.springframework.boot.test.json.DuplicateJsonObjectContextCustomizerFactory$DuplicateJsonObjectContextCustomizer@422c3c7a, org.springframework.boot.test.mock.mockito.MockitoContextCustomizer@98854dc], contextLoader = 'org.springframework.test.context.support.DelegatingSmartContextLoader', parent = [null]]]
22:37:52.267 [Test worker] DEBUG org.springframework.test.context.cache - Spring test ApplicationContext cache statistics: [DefaultContextCache@476ee5b3 size = 1, maxSize = 32, parentContextCount = 0, hitCount = 215, missCount = 1]
22:37:52.268 [Test worker] DEBUG org.springframework.test.context.support.AbstractDirtiesContextTestExecutionListener - After test method: context [DefaultTestContext@7829b776 testClass = UserServiceTest, testInstance = org.waldreg.user.management.UserServiceTest@534180a2, testMethod = READ_ALL_USER_SUCCESS_TEST@UserServiceTest, testException = [null], mergedContextConfiguration = [MergedContextConfiguration@5778826f testClass = UserServiceTest, locations = '{}', classes = '{class org.waldreg.user.management.user.DefaultUserManager, class org.waldreg.user.management.joiningpool.DefaultJoiningPoolManager}', contextInitializerClasses = '[]', activeProfiles = '{}', propertySourceLocations = '{}', propertySourceProperties = '{}', contextCustomizers = set[org.springframework.boot.test.autoconfigure.actuate.metrics.MetricsExportContextCustomizerFactory$DisableMetricExportContextCustomizer@1698fc68, org.springframework.boot.test.autoconfigure.properties.PropertyMappingContextCustomizer@0, org.springframework.boot.test.autoconfigure.web.servlet.WebDriverContextCustomizerFactory$Customizer@58359ebd, org.springframework.boot.test.context.filter.ExcludeFilterContextCustomizer@4ee37ca3, org.springframework.boot.test.json.DuplicateJsonObjectContextCustomizerFactory$DuplicateJsonObjectContextCustomizer@422c3c7a, org.springframework.boot.test.mock.mockito.MockitoContextCustomizer@98854dc], contextLoader = 'org.springframework.test.context.support.DelegatingSmartContextLoader', parent = [null]], attributes = map['org.springframework.test.context.event.ApplicationEventsTestExecutionListener.recordApplicationEvents' -> false]], class annotated with @DirtiesContext [false] with mode [null], method annotated with @DirtiesContext [false] with mode [null].
22:37:52.269 [Test worker] DEBUG org.springframework.test.context.cache.DefaultCacheAwareContextLoaderDelegate - Retrieved ApplicationContext [418513504] from cache with key [[MergedContextConfiguration@5778826f testClass = UserServiceTest, locations = '{}', classes = '{class org.waldreg.user.management.user.DefaultUserManager, class org.waldreg.user.management.joiningpool.DefaultJoiningPoolManager}', contextInitializerClasses = '[]', activeProfiles = '{}', propertySourceLocations = '{}', propertySourceProperties = '{}', contextCustomizers = set[org.springframework.boot.test.autoconfigure.actuate.metrics.MetricsExportContextCustomizerFactory$DisableMetricExportContextCustomizer@1698fc68, org.springframework.boot.test.autoconfigure.properties.PropertyMappingContextCustomizer@0, org.springframework.boot.test.autoconfigure.web.servlet.WebDriverContextCustomizerFactory$Customizer@58359ebd, org.springframework.boot.test.context.filter.ExcludeFilterContextCustomizer@4ee37ca3, org.springframework.boot.test.json.DuplicateJsonObjectContextCustomizerFactory$DuplicateJsonObjectContextCustomizer@422c3c7a, org.springframework.boot.test.mock.mockito.MockitoContextCustomizer@98854dc], contextLoader = 'org.springframework.test.context.support.DelegatingSmartContextLoader', parent = [null]]]
22:37:52.269 [Test worker] DEBUG org.springframework.test.context.cache - Spring test ApplicationContext cache statistics: [DefaultContextCache@476ee5b3 size = 1, maxSize = 32, parentContextCount = 0, hitCount = 216, missCount = 1]
22:37:52.269 [Test worker] DEBUG org.springframework.test.context.support.DependencyInjectionTestExecutionListener - Performing dependency injection for test context [[DefaultTestContext@7829b776 testClass = UserServiceTest, testInstance = org.waldreg.user.management.UserServiceTest@31ddb930, testMethod = [null], testException = [null], mergedContextConfiguration = [MergedContextConfiguration@5778826f testClass = UserServiceTest, locations = '{}', classes = '{class org.waldreg.user.management.user.DefaultUserManager, class org.waldreg.user.management.joiningpool.DefaultJoiningPoolManager}', contextInitializerClasses = '[]', activeProfiles = '{}', propertySourceLocations = '{}', propertySourceProperties = '{}', contextCustomizers = set[org.springframework.boot.test.autoconfigure.actuate.metrics.MetricsExportContextCustomizerFactory$DisableMetricExportContextCustomizer@1698fc68, org.springframework.boot.test.autoconfigure.properties.PropertyMappingContextCustomizer@0, org.springframework.boot.test.autoconfigure.web.servlet.WebDriverContextCustomizerFactory$Customizer@58359ebd, org.springframework.boot.test.context.filter.ExcludeFilterContextCustomizer@4ee37ca3, org.springframework.boot.test.json.DuplicateJsonObjectContextCustomizerFactory$DuplicateJsonObjectContextCustomizer@422c3c7a, org.springframework.boot.test.mock.mockito.MockitoContextCustomizer@98854dc], contextLoader = 'org.springframework.test.context.support.DelegatingSmartContextLoader', parent = [null]], attributes = map['org.springframework.test.context.event.ApplicationEventsTestExecutionListener.recordApplicationEvents' -> false]]].
22:37:52.269 [Test worker] DEBUG org.springframework.test.context.cache.DefaultCacheAwareContextLoaderDelegate - Retrieved ApplicationContext [418513504] from cache with key [[MergedContextConfiguration@5778826f testClass = UserServiceTest, locations = '{}', classes = '{class org.waldreg.user.management.user.DefaultUserManager, class org.waldreg.user.management.joiningpool.DefaultJoiningPoolManager}', contextInitializerClasses = '[]', activeProfiles = '{}', propertySourceLocations = '{}', propertySourceProperties = '{}', contextCustomizers = set[org.springframework.boot.test.autoconfigure.actuate.metrics.MetricsExportContextCustomizerFactory$DisableMetricExportContextCustomizer@1698fc68, org.springframework.boot.test.autoconfigure.properties.PropertyMappingContextCustomizer@0, org.springframework.boot.test.autoconfigure.web.servlet.WebDriverContextCustomizerFactory$Customizer@58359ebd, org.springframework.boot.test.context.filter.ExcludeFilterContextCustomizer@4ee37ca3, org.springframework.boot.test.json.DuplicateJsonObjectContextCustomizerFactory$DuplicateJsonObjectContextCustomizer@422c3c7a, org.springframework.boot.test.mock.mockito.MockitoContextCustomizer@98854dc], contextLoader = 'org.springframework.test.context.support.DelegatingSmartContextLoader', parent = [null]]]
22:37:52.269 [Test worker] DEBUG org.springframework.test.context.cache - Spring test ApplicationContext cache statistics: [DefaultContextCache@476ee5b3 size = 1, maxSize = 32, parentContextCount = 0, hitCount = 217, missCount = 1]
22:37:52.269 [Test worker] DEBUG org.springframework.test.context.cache.DefaultCacheAwareContextLoaderDelegate - Retrieved ApplicationContext [418513504] from cache with key [[MergedContextConfiguration@5778826f testClass = UserServiceTest, locations = '{}', classes = '{class org.waldreg.user.management.user.DefaultUserManager, class org.waldreg.user.management.joiningpool.DefaultJoiningPoolManager}', contextInitializerClasses = '[]', activeProfiles = '{}', propertySourceLocations = '{}', propertySourceProperties = '{}', contextCustomizers = set[org.springframework.boot.test.autoconfigure.actuate.metrics.MetricsExportContextCustomizerFactory$DisableMetricExportContextCustomizer@1698fc68, org.springframework.boot.test.autoconfigure.properties.PropertyMappingContextCustomizer@0, org.springframework.boot.test.autoconfigure.web.servlet.WebDriverContextCustomizerFactory$Customizer@58359ebd, org.springframework.boot.test.context.filter.ExcludeFilterContextCustomizer@4ee37ca3, org.springframework.boot.test.json.DuplicateJsonObjectContextCustomizerFactory$DuplicateJsonObjectContextCustomizer@422c3c7a, org.springframework.boot.test.mock.mockito.MockitoContextCustomizer@98854dc], contextLoader = 'org.springframework.test.context.support.DelegatingSmartContextLoader', parent = [null]]]
22:37:52.269 [Test worker] DEBUG org.springframework.test.context.cache - Spring test ApplicationContext cache statistics: [DefaultContextCache@476ee5b3 size = 1, maxSize = 32, parentContextCount = 0, hitCount = 218, missCount = 1]
22:37:52.270 [Test worker] DEBUG org.springframework.test.context.support.AbstractDirtiesContextTestExecutionListener - Before test method: context [DefaultTestContext@7829b776 testClass = UserServiceTest, testInstance = org.waldreg.user.management.UserServiceTest@31ddb930, testMethod = DELETE_OTHER_USER_SUCCESS_TEST@UserServiceTest, testException = [null], mergedContextConfiguration = [MergedContextConfiguration@5778826f testClass = UserServiceTest, locations = '{}', classes = '{class org.waldreg.user.management.user.DefaultUserManager, class org.waldreg.user.management.joiningpool.DefaultJoiningPoolManager}', contextInitializerClasses = '[]', activeProfiles = '{}', propertySourceLocations = '{}', propertySourceProperties = '{}', contextCustomizers = set[org.springframework.boot.test.autoconfigure.actuate.metrics.MetricsExportContextCustomizerFactory$DisableMetricExportContextCustomizer@1698fc68, org.springframework.boot.test.autoconfigure.properties.PropertyMappingContextCustomizer@0, org.springframework.boot.test.autoconfigure.web.servlet.WebDriverContextCustomizerFactory$Customizer@58359ebd, org.springframework.boot.test.context.filter.ExcludeFilterContextCustomizer@4ee37ca3, org.springframework.boot.test.json.DuplicateJsonObjectContextCustomizerFactory$DuplicateJsonObjectContextCustomizer@422c3c7a, org.springframework.boot.test.mock.mockito.MockitoContextCustomizer@98854dc], contextLoader = 'org.springframework.test.context.support.DelegatingSmartContextLoader', parent = [null]], attributes = map['org.springframework.test.context.event.ApplicationEventsTestExecutionListener.recordApplicationEvents' -> false]], class annotated with @DirtiesContext [false] with mode [null], method annotated with @DirtiesContext [false] with mode [null].
22:37:52.270 [Test worker] DEBUG org.springframework.test.context.cache.DefaultCacheAwareContextLoaderDelegate - Retrieved ApplicationContext [418513504] from cache with key [[MergedContextConfiguration@5778826f testClass = UserServiceTest, locations = '{}', classes = '{class org.waldreg.user.management.user.DefaultUserManager, class org.waldreg.user.management.joiningpool.DefaultJoiningPoolManager}', contextInitializerClasses = '[]', activeProfiles = '{}', propertySourceLocations = '{}', propertySourceProperties = '{}', contextCustomizers = set[org.springframework.boot.test.autoconfigure.actuate.metrics.MetricsExportContextCustomizerFactory$DisableMetricExportContextCustomizer@1698fc68, org.springframework.boot.test.autoconfigure.properties.PropertyMappingContextCustomizer@0, org.springframework.boot.test.autoconfigure.web.servlet.WebDriverContextCustomizerFactory$Customizer@58359ebd, org.springframework.boot.test.context.filter.ExcludeFilterContextCustomizer@4ee37ca3, org.springframework.boot.test.json.DuplicateJsonObjectContextCustomizerFactory$DuplicateJsonObjectContextCustomizer@422c3c7a, org.springframework.boot.test.mock.mockito.MockitoContextCustomizer@98854dc], contextLoader = 'org.springframework.test.context.support.DelegatingSmartContextLoader', parent = [null]]]
22:37:52.270 [Test worker] DEBUG org.springframework.test.context.cache - Spring test ApplicationContext cache statistics: [DefaultContextCache@476ee5b3 size = 1, maxSize = 32, parentContextCount = 0, hitCount = 219, missCount = 1]
22:37:52.270 [Test worker] DEBUG org.springframework.test.context.cache.DefaultCacheAwareContextLoaderDelegate - Retrieved ApplicationContext [418513504] from cache with key [[MergedContextConfiguration@5778826f testClass = UserServiceTest, locations = '{}', classes = '{class org.waldreg.user.management.user.DefaultUserManager, class org.waldreg.user.management.joiningpool.DefaultJoiningPoolManager}', contextInitializerClasses = '[]', activeProfiles = '{}', propertySourceLocations = '{}', propertySourceProperties = '{}', contextCustomizers = set[org.springframework.boot.test.autoconfigure.actuate.metrics.MetricsExportContextCustomizerFactory$DisableMetricExportContextCustomizer@1698fc68, org.springframework.boot.test.autoconfigure.properties.PropertyMappingContextCustomizer@0, org.springframework.boot.test.autoconfigure.web.servlet.WebDriverContextCustomizerFactory$Customizer@58359ebd, org.springframework.boot.test.context.filter.ExcludeFilterContextCustomizer@4ee37ca3, org.springframework.boot.test.json.DuplicateJsonObjectContextCustomizerFactory$DuplicateJsonObjectContextCustomizer@422c3c7a, org.springframework.boot.test.mock.mockito.MockitoContextCustomizer@98854dc], contextLoader = 'org.springframework.test.context.support.DelegatingSmartContextLoader', parent = [null]]]
22:37:52.270 [Test worker] DEBUG org.springframework.test.context.cache - Spring test ApplicationContext cache statistics: [DefaultContextCache@476ee5b3 size = 1, maxSize = 32, parentContextCount = 0, hitCount = 220, missCount = 1]
22:37:52.271 [Test worker] DEBUG org.springframework.test.context.cache.DefaultCacheAwareContextLoaderDelegate - Retrieved ApplicationContext [418513504] from cache with key [[MergedContextConfiguration@5778826f testClass = UserServiceTest, locations = '{}', classes = '{class org.waldreg.user.management.user.DefaultUserManager, class org.waldreg.user.management.joiningpool.DefaultJoiningPoolManager}', contextInitializerClasses = '[]', activeProfiles = '{}', propertySourceLocations = '{}', propertySourceProperties = '{}', contextCustomizers = set[org.springframework.boot.test.autoconfigure.actuate.metrics.MetricsExportContextCustomizerFactory$DisableMetricExportContextCustomizer@1698fc68, org.springframework.boot.test.autoconfigure.properties.PropertyMappingContextCustomizer@0, org.springframework.boot.test.autoconfigure.web.servlet.WebDriverContextCustomizerFactory$Customizer@58359ebd, org.springframework.boot.test.context.filter.ExcludeFilterContextCustomizer@4ee37ca3, org.springframework.boot.test.json.DuplicateJsonObjectContextCustomizerFactory$DuplicateJsonObjectContextCustomizer@422c3c7a, org.springframework.boot.test.mock.mockito.MockitoContextCustomizer@98854dc], contextLoader = 'org.springframework.test.context.support.DelegatingSmartContextLoader', parent = [null]]]
22:37:52.271 [Test worker] DEBUG org.springframework.test.context.cache - Spring test ApplicationContext cache statistics: [DefaultContextCache@476ee5b3 size = 1, maxSize = 32, parentContextCount = 0, hitCount = 221, missCount = 1]
22:37:52.278 [Test worker] DEBUG org.springframework.test.context.cache.DefaultCacheAwareContextLoaderDelegate - Retrieved ApplicationContext [418513504] from cache with key [[MergedContextConfiguration@5778826f testClass = UserServiceTest, locations = '{}', classes = '{class org.waldreg.user.management.user.DefaultUserManager, class org.waldreg.user.management.joiningpool.DefaultJoiningPoolManager}', contextInitializerClasses = '[]', activeProfiles = '{}', propertySourceLocations = '{}', propertySourceProperties = '{}', contextCustomizers = set[org.springframework.boot.test.autoconfigure.actuate.metrics.MetricsExportContextCustomizerFactory$DisableMetricExportContextCustomizer@1698fc68, org.springframework.boot.test.autoconfigure.properties.PropertyMappingContextCustomizer@0, org.springframework.boot.test.autoconfigure.web.servlet.WebDriverContextCustomizerFactory$Customizer@58359ebd, org.springframework.boot.test.context.filter.ExcludeFilterContextCustomizer@4ee37ca3, org.springframework.boot.test.json.DuplicateJsonObjectContextCustomizerFactory$DuplicateJsonObjectContextCustomizer@422c3c7a, org.springframework.boot.test.mock.mockito.MockitoContextCustomizer@98854dc], contextLoader = 'org.springframework.test.context.support.DelegatingSmartContextLoader', parent = [null]]]
22:37:52.278 [Test worker] DEBUG org.springframework.test.context.cache - Spring test ApplicationContext cache statistics: [DefaultContextCache@476ee5b3 size = 1, maxSize = 32, parentContextCount = 0, hitCount = 222, missCount = 1]
22:37:52.278 [Test worker] DEBUG org.springframework.test.context.cache.DefaultCacheAwareContextLoaderDelegate - Retrieved ApplicationContext [418513504] from cache with key [[MergedContextConfiguration@5778826f testClass = UserServiceTest, locations = '{}', classes = '{class org.waldreg.user.management.user.DefaultUserManager, class org.waldreg.user.management.joiningpool.DefaultJoiningPoolManager}', contextInitializerClasses = '[]', activeProfiles = '{}', propertySourceLocations = '{}', propertySourceProperties = '{}', contextCustomizers = set[org.springframework.boot.test.autoconfigure.actuate.metrics.MetricsExportContextCustomizerFactory$DisableMetricExportContextCustomizer@1698fc68, org.springframework.boot.test.autoconfigure.properties.PropertyMappingContextCustomizer@0, org.springframework.boot.test.autoconfigure.web.servlet.WebDriverContextCustomizerFactory$Customizer@58359ebd, org.springframework.boot.test.context.filter.ExcludeFilterContextCustomizer@4ee37ca3, org.springframework.boot.test.json.DuplicateJsonObjectContextCustomizerFactory$DuplicateJsonObjectContextCustomizer@422c3c7a, org.springframework.boot.test.mock.mockito.MockitoContextCustomizer@98854dc], contextLoader = 'org.springframework.test.context.support.DelegatingSmartContextLoader', parent = [null]]]
22:37:52.278 [Test worker] DEBUG org.springframework.test.context.cache - Spring test ApplicationContext cache statistics: [DefaultContextCache@476ee5b3 size = 1, maxSize = 32, parentContextCount = 0, hitCount = 223, missCount = 1]
22:37:52.278 [Test worker] DEBUG org.springframework.test.context.cache.DefaultCacheAwareContextLoaderDelegate - Retrieved ApplicationContext [418513504] from cache with key [[MergedContextConfiguration@5778826f testClass = UserServiceTest, locations = '{}', classes = '{class org.waldreg.user.management.user.DefaultUserManager, class org.waldreg.user.management.joiningpool.DefaultJoiningPoolManager}', contextInitializerClasses = '[]', activeProfiles = '{}', propertySourceLocations = '{}', propertySourceProperties = '{}', contextCustomizers = set[org.springframework.boot.test.autoconfigure.actuate.metrics.MetricsExportContextCustomizerFactory$DisableMetricExportContextCustomizer@1698fc68, org.springframework.boot.test.autoconfigure.properties.PropertyMappingContextCustomizer@0, org.springframework.boot.test.autoconfigure.web.servlet.WebDriverContextCustomizerFactory$Customizer@58359ebd, org.springframework.boot.test.context.filter.ExcludeFilterContextCustomizer@4ee37ca3, org.springframework.boot.test.json.DuplicateJsonObjectContextCustomizerFactory$DuplicateJsonObjectContextCustomizer@422c3c7a, org.springframework.boot.test.mock.mockito.MockitoContextCustomizer@98854dc], contextLoader = 'org.springframework.test.context.support.DelegatingSmartContextLoader', parent = [null]]]
22:37:52.278 [Test worker] DEBUG org.springframework.test.context.cache - Spring test ApplicationContext cache statistics: [DefaultContextCache@476ee5b3 size = 1, maxSize = 32, parentContextCount = 0, hitCount = 224, missCount = 1]
22:37:52.278 [Test worker] DEBUG org.springframework.test.context.cache.DefaultCacheAwareContextLoaderDelegate - Retrieved ApplicationContext [418513504] from cache with key [[MergedContextConfiguration@5778826f testClass = UserServiceTest, locations = '{}', classes = '{class org.waldreg.user.management.user.DefaultUserManager, class org.waldreg.user.management.joiningpool.DefaultJoiningPoolManager}', contextInitializerClasses = '[]', activeProfiles = '{}', propertySourceLocations = '{}', propertySourceProperties = '{}', contextCustomizers = set[org.springframework.boot.test.autoconfigure.actuate.metrics.MetricsExportContextCustomizerFactory$DisableMetricExportContextCustomizer@1698fc68, org.springframework.boot.test.autoconfigure.properties.PropertyMappingContextCustomizer@0, org.springframework.boot.test.autoconfigure.web.servlet.WebDriverContextCustomizerFactory$Customizer@58359ebd, org.springframework.boot.test.context.filter.ExcludeFilterContextCustomizer@4ee37ca3, org.springframework.boot.test.json.DuplicateJsonObjectContextCustomizerFactory$DuplicateJsonObjectContextCustomizer@422c3c7a, org.springframework.boot.test.mock.mockito.MockitoContextCustomizer@98854dc], contextLoader = 'org.springframework.test.context.support.DelegatingSmartContextLoader', parent = [null]]]
22:37:52.278 [Test worker] DEBUG org.springframework.test.context.cache - Spring test ApplicationContext cache statistics: [DefaultContextCache@476ee5b3 size = 1, maxSize = 32, parentContextCount = 0, hitCount = 225, missCount = 1]
22:37:52.278 [Test worker] DEBUG org.springframework.test.context.cache.DefaultCacheAwareContextLoaderDelegate - Retrieved ApplicationContext [418513504] from cache with key [[MergedContextConfiguration@5778826f testClass = UserServiceTest, locations = '{}', classes = '{class org.waldreg.user.management.user.DefaultUserManager, class org.waldreg.user.management.joiningpool.DefaultJoiningPoolManager}', contextInitializerClasses = '[]', activeProfiles = '{}', propertySourceLocations = '{}', propertySourceProperties = '{}', contextCustomizers = set[org.springframework.boot.test.autoconfigure.actuate.metrics.MetricsExportContextCustomizerFactory$DisableMetricExportContextCustomizer@1698fc68, org.springframework.boot.test.autoconfigure.properties.PropertyMappingContextCustomizer@0, org.springframework.boot.test.autoconfigure.web.servlet.WebDriverContextCustomizerFactory$Customizer@58359ebd, org.springframework.boot.test.context.filter.ExcludeFilterContextCustomizer@4ee37ca3, org.springframework.boot.test.json.DuplicateJsonObjectContextCustomizerFactory$DuplicateJsonObjectContextCustomizer@422c3c7a, org.springframework.boot.test.mock.mockito.MockitoContextCustomizer@98854dc], contextLoader = 'org.springframework.test.context.support.DelegatingSmartContextLoader', parent = [null]]]
22:37:52.278 [Test worker] DEBUG org.springframework.test.context.cache - Spring test ApplicationContext cache statistics: [DefaultContextCache@476ee5b3 size = 1, maxSize = 32, parentContextCount = 0, hitCount = 226, missCount = 1]
22:37:52.278 [Test worker] DEBUG org.springframework.test.context.cache.DefaultCacheAwareContextLoaderDelegate - Retrieved ApplicationContext [418513504] from cache with key [[MergedContextConfiguration@5778826f testClass = UserServiceTest, locations = '{}', classes = '{class org.waldreg.user.management.user.DefaultUserManager, class org.waldreg.user.management.joiningpool.DefaultJoiningPoolManager}', contextInitializerClasses = '[]', activeProfiles = '{}', propertySourceLocations = '{}', propertySourceProperties = '{}', contextCustomizers = set[org.springframework.boot.test.autoconfigure.actuate.metrics.MetricsExportContextCustomizerFactory$DisableMetricExportContextCustomizer@1698fc68, org.springframework.boot.test.autoconfigure.properties.PropertyMappingContextCustomizer@0, org.springframework.boot.test.autoconfigure.web.servlet.WebDriverContextCustomizerFactory$Customizer@58359ebd, org.springframework.boot.test.context.filter.ExcludeFilterContextCustomizer@4ee37ca3, org.springframework.boot.test.json.DuplicateJsonObjectContextCustomizerFactory$DuplicateJsonObjectContextCustomizer@422c3c7a, org.springframework.boot.test.mock.mockito.MockitoContextCustomizer@98854dc], contextLoader = 'org.springframework.test.context.support.DelegatingSmartContextLoader', parent = [null]]]
22:37:52.278 [Test worker] DEBUG org.springframework.test.context.cache - Spring test ApplicationContext cache statistics: [DefaultContextCache@476ee5b3 size = 1, maxSize = 32, parentContextCount = 0, hitCount = 227, missCount = 1]
22:37:52.278 [Test worker] DEBUG org.springframework.test.context.support.AbstractDirtiesContextTestExecutionListener - After test method: context [DefaultTestContext@7829b776 testClass = UserServiceTest, testInstance = org.waldreg.user.management.UserServiceTest@31ddb930, testMethod = DELETE_OTHER_USER_SUCCESS_TEST@UserServiceTest, testException = [null], mergedContextConfiguration = [MergedContextConfiguration@5778826f testClass = UserServiceTest, locations = '{}', classes = '{class org.waldreg.user.management.user.DefaultUserManager, class org.waldreg.user.management.joiningpool.DefaultJoiningPoolManager}', contextInitializerClasses = '[]', activeProfiles = '{}', propertySourceLocations = '{}', propertySourceProperties = '{}', contextCustomizers = set[org.springframework.boot.test.autoconfigure.actuate.metrics.MetricsExportContextCustomizerFactory$DisableMetricExportContextCustomizer@1698fc68, org.springframework.boot.test.autoconfigure.properties.PropertyMappingContextCustomizer@0, org.springframework.boot.test.autoconfigure.web.servlet.WebDriverContextCustomizerFactory$Customizer@58359ebd, org.springframework.boot.test.context.filter.ExcludeFilterContextCustomizer@4ee37ca3, org.springframework.boot.test.json.DuplicateJsonObjectContextCustomizerFactory$DuplicateJsonObjectContextCustomizer@422c3c7a, org.springframework.boot.test.mock.mockito.MockitoContextCustomizer@98854dc], contextLoader = 'org.springframework.test.context.support.DelegatingSmartContextLoader', parent = [null]], attributes = map['org.springframework.test.context.event.ApplicationEventsTestExecutionListener.recordApplicationEvents' -> false]], class annotated with @DirtiesContext [false] with mode [null], method annotated with @DirtiesContext [false] with mode [null].
22:37:52.278 [Test worker] DEBUG org.springframework.test.context.cache.DefaultCacheAwareContextLoaderDelegate - Retrieved ApplicationContext [418513504] from cache with key [[MergedContextConfiguration@5778826f testClass = UserServiceTest, locations = '{}', classes = '{class org.waldreg.user.management.user.DefaultUserManager, class org.waldreg.user.management.joiningpool.DefaultJoiningPoolManager}', contextInitializerClasses = '[]', activeProfiles = '{}', propertySourceLocations = '{}', propertySourceProperties = '{}', contextCustomizers = set[org.springframework.boot.test.autoconfigure.actuate.metrics.MetricsExportContextCustomizerFactory$DisableMetricExportContextCustomizer@1698fc68, org.springframework.boot.test.autoconfigure.properties.PropertyMappingContextCustomizer@0, org.springframework.boot.test.autoconfigure.web.servlet.WebDriverContextCustomizerFactory$Customizer@58359ebd, org.springframework.boot.test.context.filter.ExcludeFilterContextCustomizer@4ee37ca3, org.springframework.boot.test.json.DuplicateJsonObjectContextCustomizerFactory$DuplicateJsonObjectContextCustomizer@422c3c7a, org.springframework.boot.test.mock.mockito.MockitoContextCustomizer@98854dc], contextLoader = 'org.springframework.test.context.support.DelegatingSmartContextLoader', parent = [null]]]
22:37:52.278 [Test worker] DEBUG org.springframework.test.context.cache - Spring test ApplicationContext cache statistics: [DefaultContextCache@476ee5b3 size = 1, maxSize = 32, parentContextCount = 0, hitCount = 228, missCount = 1]
22:37:52.278 [Test worker] DEBUG org.springframework.test.context.support.DependencyInjectionTestExecutionListener - Performing dependency injection for test context [[DefaultTestContext@7829b776 testClass = UserServiceTest, testInstance = org.waldreg.user.management.UserServiceTest@2b6fcb9f, testMethod = [null], testException = [null], mergedContextConfiguration = [MergedContextConfiguration@5778826f testClass = UserServiceTest, locations = '{}', classes = '{class org.waldreg.user.management.user.DefaultUserManager, class org.waldreg.user.management.joiningpool.DefaultJoiningPoolManager}', contextInitializerClasses = '[]', activeProfiles = '{}', propertySourceLocations = '{}', propertySourceProperties = '{}', contextCustomizers = set[org.springframework.boot.test.autoconfigure.actuate.metrics.MetricsExportContextCustomizerFactory$DisableMetricExportContextCustomizer@1698fc68, org.springframework.boot.test.autoconfigure.properties.PropertyMappingContextCustomizer@0, org.springframework.boot.test.autoconfigure.web.servlet.WebDriverContextCustomizerFactory$Customizer@58359ebd, org.springframework.boot.test.context.filter.ExcludeFilterContextCustomizer@4ee37ca3, org.springframework.boot.test.json.DuplicateJsonObjectContextCustomizerFactory$DuplicateJsonObjectContextCustomizer@422c3c7a, org.springframework.boot.test.mock.mockito.MockitoContextCustomizer@98854dc], contextLoader = 'org.springframework.test.context.support.DelegatingSmartContextLoader', parent = [null]], attributes = map['org.springframework.test.context.event.ApplicationEventsTestExecutionListener.recordApplicationEvents' -> false]]].
22:37:52.278 [Test worker] DEBUG org.springframework.test.context.cache.DefaultCacheAwareContextLoaderDelegate - Retrieved ApplicationContext [418513504] from cache with key [[MergedContextConfiguration@5778826f testClass = UserServiceTest, locations = '{}', classes = '{class org.waldreg.user.management.user.DefaultUserManager, class org.waldreg.user.management.joiningpool.DefaultJoiningPoolManager}', contextInitializerClasses = '[]', activeProfiles = '{}', propertySourceLocations = '{}', propertySourceProperties = '{}', contextCustomizers = set[org.springframework.boot.test.autoconfigure.actuate.metrics.MetricsExportContextCustomizerFactory$DisableMetricExportContextCustomizer@1698fc68, org.springframework.boot.test.autoconfigure.properties.PropertyMappingContextCustomizer@0, org.springframework.boot.test.autoconfigure.web.servlet.WebDriverContextCustomizerFactory$Customizer@58359ebd, org.springframework.boot.test.context.filter.ExcludeFilterContextCustomizer@4ee37ca3, org.springframework.boot.test.json.DuplicateJsonObjectContextCustomizerFactory$DuplicateJsonObjectContextCustomizer@422c3c7a, org.springframework.boot.test.mock.mockito.MockitoContextCustomizer@98854dc], contextLoader = 'org.springframework.test.context.support.DelegatingSmartContextLoader', parent = [null]]]
22:37:52.278 [Test worker] DEBUG org.springframework.test.context.cache - Spring test ApplicationContext cache statistics: [DefaultContextCache@476ee5b3 size = 1, maxSize = 32, parentContextCount = 0, hitCount = 229, missCount = 1]
22:37:52.278 [Test worker] DEBUG org.springframework.test.context.cache.DefaultCacheAwareContextLoaderDelegate - Retrieved ApplicationContext [418513504] from cache with key [[MergedContextConfiguration@5778826f testClass = UserServiceTest, locations = '{}', classes = '{class org.waldreg.user.management.user.DefaultUserManager, class org.waldreg.user.management.joiningpool.DefaultJoiningPoolManager}', contextInitializerClasses = '[]', activeProfiles = '{}', propertySourceLocations = '{}', propertySourceProperties = '{}', contextCustomizers = set[org.springframework.boot.test.autoconfigure.actuate.metrics.MetricsExportContextCustomizerFactory$DisableMetricExportContextCustomizer@1698fc68, org.springframework.boot.test.autoconfigure.properties.PropertyMappingContextCustomizer@0, org.springframework.boot.test.autoconfigure.web.servlet.WebDriverContextCustomizerFactory$Customizer@58359ebd, org.springframework.boot.test.context.filter.ExcludeFilterContextCustomizer@4ee37ca3, org.springframework.boot.test.json.DuplicateJsonObjectContextCustomizerFactory$DuplicateJsonObjectContextCustomizer@422c3c7a, org.springframework.boot.test.mock.mockito.MockitoContextCustomizer@98854dc], contextLoader = 'org.springframework.test.context.support.DelegatingSmartContextLoader', parent = [null]]]
22:37:52.278 [Test worker] DEBUG org.springframework.test.context.cache - Spring test ApplicationContext cache statistics: [DefaultContextCache@476ee5b3 size = 1, maxSize = 32, parentContextCount = 0, hitCount = 230, missCount = 1]
22:37:52.278 [Test worker] DEBUG org.springframework.test.context.support.AbstractDirtiesContextTestExecutionListener - Before test method: context [DefaultTestContext@7829b776 testClass = UserServiceTest, testInstance = org.waldreg.user.management.UserServiceTest@2b6fcb9f, testMethod = UPDATE_USER_CHARACTER_SUCCESS_TEST@UserServiceTest, testException = [null], mergedContextConfiguration = [MergedContextConfiguration@5778826f testClass = UserServiceTest, locations = '{}', classes = '{class org.waldreg.user.management.user.DefaultUserManager, class org.waldreg.user.management.joiningpool.DefaultJoiningPoolManager}', contextInitializerClasses = '[]', activeProfiles = '{}', propertySourceLocations = '{}', propertySourceProperties = '{}', contextCustomizers = set[org.springframework.boot.test.autoconfigure.actuate.metrics.MetricsExportContextCustomizerFactory$DisableMetricExportContextCustomizer@1698fc68, org.springframework.boot.test.autoconfigure.properties.PropertyMappingContextCustomizer@0, org.springframework.boot.test.autoconfigure.web.servlet.WebDriverContextCustomizerFactory$Customizer@58359ebd, org.springframework.boot.test.context.filter.ExcludeFilterContextCustomizer@4ee37ca3, org.springframework.boot.test.json.DuplicateJsonObjectContextCustomizerFactory$DuplicateJsonObjectContextCustomizer@422c3c7a, org.springframework.boot.test.mock.mockito.MockitoContextCustomizer@98854dc], contextLoader = 'org.springframework.test.context.support.DelegatingSmartContextLoader', parent = [null]], attributes = map['org.springframework.test.context.event.ApplicationEventsTestExecutionListener.recordApplicationEvents' -> false]], class annotated with @DirtiesContext [false] with mode [null], method annotated with @DirtiesContext [false] with mode [null].
22:37:52.278 [Test worker] DEBUG org.springframework.test.context.cache.DefaultCacheAwareContextLoaderDelegate - Retrieved ApplicationContext [418513504] from cache with key [[MergedContextConfiguration@5778826f testClass = UserServiceTest, locations = '{}', classes = '{class org.waldreg.user.management.user.DefaultUserManager, class org.waldreg.user.management.joiningpool.DefaultJoiningPoolManager}', contextInitializerClasses = '[]', activeProfiles = '{}', propertySourceLocations = '{}', propertySourceProperties = '{}', contextCustomizers = set[org.springframework.boot.test.autoconfigure.actuate.metrics.MetricsExportContextCustomizerFactory$DisableMetricExportContextCustomizer@1698fc68, org.springframework.boot.test.autoconfigure.properties.PropertyMappingContextCustomizer@0, org.springframework.boot.test.autoconfigure.web.servlet.WebDriverContextCustomizerFactory$Customizer@58359ebd, org.springframework.boot.test.context.filter.ExcludeFilterContextCustomizer@4ee37ca3, org.springframework.boot.test.json.DuplicateJsonObjectContextCustomizerFactory$DuplicateJsonObjectContextCustomizer@422c3c7a, org.springframework.boot.test.mock.mockito.MockitoContextCustomizer@98854dc], contextLoader = 'org.springframework.test.context.support.DelegatingSmartContextLoader', parent = [null]]]
22:37:52.278 [Test worker] DEBUG org.springframework.test.context.cache - Spring test ApplicationContext cache statistics: [DefaultContextCache@476ee5b3 size = 1, maxSize = 32, parentContextCount = 0, hitCount = 231, missCount = 1]
22:37:52.278 [Test worker] DEBUG org.springframework.test.context.cache.DefaultCacheAwareContextLoaderDelegate - Retrieved ApplicationContext [418513504] from cache with key [[MergedContextConfiguration@5778826f testClass = UserServiceTest, locations = '{}', classes = '{class org.waldreg.user.management.user.DefaultUserManager, class org.waldreg.user.management.joiningpool.DefaultJoiningPoolManager}', contextInitializerClasses = '[]', activeProfiles = '{}', propertySourceLocations = '{}', propertySourceProperties = '{}', contextCustomizers = set[org.springframework.boot.test.autoconfigure.actuate.metrics.MetricsExportContextCustomizerFactory$DisableMetricExportContextCustomizer@1698fc68, org.springframework.boot.test.autoconfigure.properties.PropertyMappingContextCustomizer@0, org.springframework.boot.test.autoconfigure.web.servlet.WebDriverContextCustomizerFactory$Customizer@58359ebd, org.springframework.boot.test.context.filter.ExcludeFilterContextCustomizer@4ee37ca3, org.springframework.boot.test.json.DuplicateJsonObjectContextCustomizerFactory$DuplicateJsonObjectContextCustomizer@422c3c7a, org.springframework.boot.test.mock.mockito.MockitoContextCustomizer@98854dc], contextLoader = 'org.springframework.test.context.support.DelegatingSmartContextLoader', parent = [null]]]
22:37:52.278 [Test worker] DEBUG org.springframework.test.context.cache - Spring test ApplicationContext cache statistics: [DefaultContextCache@476ee5b3 size = 1, maxSize = 32, parentContextCount = 0, hitCount = 232, missCount = 1]
22:37:52.278 [Test worker] DEBUG org.springframework.test.context.cache.DefaultCacheAwareContextLoaderDelegate - Retrieved ApplicationContext [418513504] from cache with key [[MergedContextConfiguration@5778826f testClass = UserServiceTest, locations = '{}', classes = '{class org.waldreg.user.management.user.DefaultUserManager, class org.waldreg.user.management.joiningpool.DefaultJoiningPoolManager}', contextInitializerClasses = '[]', activeProfiles = '{}', propertySourceLocations = '{}', propertySourceProperties = '{}', contextCustomizers = set[org.springframework.boot.test.autoconfigure.actuate.metrics.MetricsExportContextCustomizerFactory$DisableMetricExportContextCustomizer@1698fc68, org.springframework.boot.test.autoconfigure.properties.PropertyMappingContextCustomizer@0, org.springframework.boot.test.autoconfigure.web.servlet.WebDriverContextCustomizerFactory$Customizer@58359ebd, org.springframework.boot.test.context.filter.ExcludeFilterContextCustomizer@4ee37ca3, org.springframework.boot.test.json.DuplicateJsonObjectContextCustomizerFactory$DuplicateJsonObjectContextCustomizer@422c3c7a, org.springframework.boot.test.mock.mockito.MockitoContextCustomizer@98854dc], contextLoader = 'org.springframework.test.context.support.DelegatingSmartContextLoader', parent = [null]]]
22:37:52.278 [Test worker] DEBUG org.springframework.test.context.cache - Spring test ApplicationContext cache statistics: [DefaultContextCache@476ee5b3 size = 1, maxSize = 32, parentContextCount = 0, hitCount = 233, missCount = 1]
22:37:52.288 [Test worker] DEBUG org.springframework.test.context.cache.DefaultCacheAwareContextLoaderDelegate - Retrieved ApplicationContext [418513504] from cache with key [[MergedContextConfiguration@5778826f testClass = UserServiceTest, locations = '{}', classes = '{class org.waldreg.user.management.user.DefaultUserManager, class org.waldreg.user.management.joiningpool.DefaultJoiningPoolManager}', contextInitializerClasses = '[]', activeProfiles = '{}', propertySourceLocations = '{}', propertySourceProperties = '{}', contextCustomizers = set[org.springframework.boot.test.autoconfigure.actuate.metrics.MetricsExportContextCustomizerFactory$DisableMetricExportContextCustomizer@1698fc68, org.springframework.boot.test.autoconfigure.properties.PropertyMappingContextCustomizer@0, org.springframework.boot.test.autoconfigure.web.servlet.WebDriverContextCustomizerFactory$Customizer@58359ebd, org.springframework.boot.test.context.filter.ExcludeFilterContextCustomizer@4ee37ca3, org.springframework.boot.test.json.DuplicateJsonObjectContextCustomizerFactory$DuplicateJsonObjectContextCustomizer@422c3c7a, org.springframework.boot.test.mock.mockito.MockitoContextCustomizer@98854dc], contextLoader = 'org.springframework.test.context.support.DelegatingSmartContextLoader', parent = [null]]]
22:37:52.288 [Test worker] DEBUG org.springframework.test.context.cache - Spring test ApplicationContext cache statistics: [DefaultContextCache@476ee5b3 size = 1, maxSize = 32, parentContextCount = 0, hitCount = 234, missCount = 1]
22:37:52.288 [Test worker] DEBUG org.springframework.test.context.cache.DefaultCacheAwareContextLoaderDelegate - Retrieved ApplicationContext [418513504] from cache with key [[MergedContextConfiguration@5778826f testClass = UserServiceTest, locations = '{}', classes = '{class org.waldreg.user.management.user.DefaultUserManager, class org.waldreg.user.management.joiningpool.DefaultJoiningPoolManager}', contextInitializerClasses = '[]', activeProfiles = '{}', propertySourceLocations = '{}', propertySourceProperties = '{}', contextCustomizers = set[org.springframework.boot.test.autoconfigure.actuate.metrics.MetricsExportContextCustomizerFactory$DisableMetricExportContextCustomizer@1698fc68, org.springframework.boot.test.autoconfigure.properties.PropertyMappingContextCustomizer@0, org.springframework.boot.test.autoconfigure.web.servlet.WebDriverContextCustomizerFactory$Customizer@58359ebd, org.springframework.boot.test.context.filter.ExcludeFilterContextCustomizer@4ee37ca3, org.springframework.boot.test.json.DuplicateJsonObjectContextCustomizerFactory$DuplicateJsonObjectContextCustomizer@422c3c7a, org.springframework.boot.test.mock.mockito.MockitoContextCustomizer@98854dc], contextLoader = 'org.springframework.test.context.support.DelegatingSmartContextLoader', parent = [null]]]
22:37:52.288 [Test worker] DEBUG org.springframework.test.context.cache - Spring test ApplicationContext cache statistics: [DefaultContextCache@476ee5b3 size = 1, maxSize = 32, parentContextCount = 0, hitCount = 235, missCount = 1]
22:37:52.288 [Test worker] DEBUG org.springframework.test.context.cache.DefaultCacheAwareContextLoaderDelegate - Retrieved ApplicationContext [418513504] from cache with key [[MergedContextConfiguration@5778826f testClass = UserServiceTest, locations = '{}', classes = '{class org.waldreg.user.management.user.DefaultUserManager, class org.waldreg.user.management.joiningpool.DefaultJoiningPoolManager}', contextInitializerClasses = '[]', activeProfiles = '{}', propertySourceLocations = '{}', propertySourceProperties = '{}', contextCustomizers = set[org.springframework.boot.test.autoconfigure.actuate.metrics.MetricsExportContextCustomizerFactory$DisableMetricExportContextCustomizer@1698fc68, org.springframework.boot.test.autoconfigure.properties.PropertyMappingContextCustomizer@0, org.springframework.boot.test.autoconfigure.web.servlet.WebDriverContextCustomizerFactory$Customizer@58359ebd, org.springframework.boot.test.context.filter.ExcludeFilterContextCustomizer@4ee37ca3, org.springframework.boot.test.json.DuplicateJsonObjectContextCustomizerFactory$DuplicateJsonObjectContextCustomizer@422c3c7a, org.springframework.boot.test.mock.mockito.MockitoContextCustomizer@98854dc], contextLoader = 'org.springframework.test.context.support.DelegatingSmartContextLoader', parent = [null]]]
22:37:52.288 [Test worker] DEBUG org.springframework.test.context.cache - Spring test ApplicationContext cache statistics: [DefaultContextCache@476ee5b3 size = 1, maxSize = 32, parentContextCount = 0, hitCount = 236, missCount = 1]
22:37:52.288 [Test worker] DEBUG org.springframework.test.context.cache.DefaultCacheAwareContextLoaderDelegate - Retrieved ApplicationContext [418513504] from cache with key [[MergedContextConfiguration@5778826f testClass = UserServiceTest, locations = '{}', classes = '{class org.waldreg.user.management.user.DefaultUserManager, class org.waldreg.user.management.joiningpool.DefaultJoiningPoolManager}', contextInitializerClasses = '[]', activeProfiles = '{}', propertySourceLocations = '{}', propertySourceProperties = '{}', contextCustomizers = set[org.springframework.boot.test.autoconfigure.actuate.metrics.MetricsExportContextCustomizerFactory$DisableMetricExportContextCustomizer@1698fc68, org.springframework.boot.test.autoconfigure.properties.PropertyMappingContextCustomizer@0, org.springframework.boot.test.autoconfigure.web.servlet.WebDriverContextCustomizerFactory$Customizer@58359ebd, org.springframework.boot.test.context.filter.ExcludeFilterContextCustomizer@4ee37ca3, org.springframework.boot.test.json.DuplicateJsonObjectContextCustomizerFactory$DuplicateJsonObjectContextCustomizer@422c3c7a, org.springframework.boot.test.mock.mockito.MockitoContextCustomizer@98854dc], contextLoader = 'org.springframework.test.context.support.DelegatingSmartContextLoader', parent = [null]]]
22:37:52.288 [Test worker] DEBUG org.springframework.test.context.cache - Spring test ApplicationContext cache statistics: [DefaultContextCache@476ee5b3 size = 1, maxSize = 32, parentContextCount = 0, hitCount = 237, missCount = 1]
22:37:52.288 [Test worker] DEBUG org.springframework.test.context.cache.DefaultCacheAwareContextLoaderDelegate - Retrieved ApplicationContext [418513504] from cache with key [[MergedContextConfiguration@5778826f testClass = UserServiceTest, locations = '{}', classes = '{class org.waldreg.user.management.user.DefaultUserManager, class org.waldreg.user.management.joiningpool.DefaultJoiningPoolManager}', contextInitializerClasses = '[]', activeProfiles = '{}', propertySourceLocations = '{}', propertySourceProperties = '{}', contextCustomizers = set[org.springframework.boot.test.autoconfigure.actuate.metrics.MetricsExportContextCustomizerFactory$DisableMetricExportContextCustomizer@1698fc68, org.springframework.boot.test.autoconfigure.properties.PropertyMappingContextCustomizer@0, org.springframework.boot.test.autoconfigure.web.servlet.WebDriverContextCustomizerFactory$Customizer@58359ebd, org.springframework.boot.test.context.filter.ExcludeFilterContextCustomizer@4ee37ca3, org.springframework.boot.test.json.DuplicateJsonObjectContextCustomizerFactory$DuplicateJsonObjectContextCustomizer@422c3c7a, org.springframework.boot.test.mock.mockito.MockitoContextCustomizer@98854dc], contextLoader = 'org.springframework.test.context.support.DelegatingSmartContextLoader', parent = [null]]]
22:37:52.288 [Test worker] DEBUG org.springframework.test.context.cache - Spring test ApplicationContext cache statistics: [DefaultContextCache@476ee5b3 size = 1, maxSize = 32, parentContextCount = 0, hitCount = 238, missCount = 1]
22:37:52.288 [Test worker] DEBUG org.springframework.test.context.cache.DefaultCacheAwareContextLoaderDelegate - Retrieved ApplicationContext [418513504] from cache with key [[MergedContextConfiguration@5778826f testClass = UserServiceTest, locations = '{}', classes = '{class org.waldreg.user.management.user.DefaultUserManager, class org.waldreg.user.management.joiningpool.DefaultJoiningPoolManager}', contextInitializerClasses = '[]', activeProfiles = '{}', propertySourceLocations = '{}', propertySourceProperties = '{}', contextCustomizers = set[org.springframework.boot.test.autoconfigure.actuate.metrics.MetricsExportContextCustomizerFactory$DisableMetricExportContextCustomizer@1698fc68, org.springframework.boot.test.autoconfigure.properties.PropertyMappingContextCustomizer@0, org.springframework.boot.test.autoconfigure.web.servlet.WebDriverContextCustomizerFactory$Customizer@58359ebd, org.springframework.boot.test.context.filter.ExcludeFilterContextCustomizer@4ee37ca3, org.springframework.boot.test.json.DuplicateJsonObjectContextCustomizerFactory$DuplicateJsonObjectContextCustomizer@422c3c7a, org.springframework.boot.test.mock.mockito.MockitoContextCustomizer@98854dc], contextLoader = 'org.springframework.test.context.support.DelegatingSmartContextLoader', parent = [null]]]
22:37:52.288 [Test worker] DEBUG org.springframework.test.context.cache - Spring test ApplicationContext cache statistics: [DefaultContextCache@476ee5b3 size = 1, maxSize = 32, parentContextCount = 0, hitCount = 239, missCount = 1]
22:37:52.288 [Test worker] DEBUG org.springframework.test.context.support.AbstractDirtiesContextTestExecutionListener - After test method: context [DefaultTestContext@7829b776 testClass = UserServiceTest, testInstance = org.waldreg.user.management.UserServiceTest@2b6fcb9f, testMethod = UPDATE_USER_CHARACTER_SUCCESS_TEST@UserServiceTest, testException = [null], mergedContextConfiguration = [MergedContextConfiguration@5778826f testClass = UserServiceTest, locations = '{}', classes = '{class org.waldreg.user.management.user.DefaultUserManager, class org.waldreg.user.management.joiningpool.DefaultJoiningPoolManager}', contextInitializerClasses = '[]', activeProfiles = '{}', propertySourceLocations = '{}', propertySourceProperties = '{}', contextCustomizers = set[org.springframework.boot.test.autoconfigure.actuate.metrics.MetricsExportContextCustomizerFactory$DisableMetricExportContextCustomizer@1698fc68, org.springframework.boot.test.autoconfigure.properties.PropertyMappingContextCustomizer@0, org.springframework.boot.test.autoconfigure.web.servlet.WebDriverContextCustomizerFactory$Customizer@58359ebd, org.springframework.boot.test.context.filter.ExcludeFilterContextCustomizer@4ee37ca3, org.springframework.boot.test.json.DuplicateJsonObjectContextCustomizerFactory$DuplicateJsonObjectContextCustomizer@422c3c7a, org.springframework.boot.test.mock.mockito.MockitoContextCustomizer@98854dc], contextLoader = 'org.springframework.test.context.support.DelegatingSmartContextLoader', parent = [null]], attributes = map['org.springframework.test.context.event.ApplicationEventsTestExecutionListener.recordApplicationEvents' -> false]], class annotated with @DirtiesContext [false] with mode [null], method annotated with @DirtiesContext [false] with mode [null].
22:37:52.288 [Test worker] DEBUG org.springframework.test.context.cache.DefaultCacheAwareContextLoaderDelegate - Retrieved ApplicationContext [418513504] from cache with key [[MergedContextConfiguration@5778826f testClass = UserServiceTest, locations = '{}', classes = '{class org.waldreg.user.management.user.DefaultUserManager, class org.waldreg.user.management.joiningpool.DefaultJoiningPoolManager}', contextInitializerClasses = '[]', activeProfiles = '{}', propertySourceLocations = '{}', propertySourceProperties = '{}', contextCustomizers = set[org.springframework.boot.test.autoconfigure.actuate.metrics.MetricsExportContextCustomizerFactory$DisableMetricExportContextCustomizer@1698fc68, org.springframework.boot.test.autoconfigure.properties.PropertyMappingContextCustomizer@0, org.springframework.boot.test.autoconfigure.web.servlet.WebDriverContextCustomizerFactory$Customizer@58359ebd, org.springframework.boot.test.context.filter.ExcludeFilterContextCustomizer@4ee37ca3, org.springframework.boot.test.json.DuplicateJsonObjectContextCustomizerFactory$DuplicateJsonObjectContextCustomizer@422c3c7a, org.springframework.boot.test.mock.mockito.MockitoContextCustomizer@98854dc], contextLoader = 'org.springframework.test.context.support.DelegatingSmartContextLoader', parent = [null]]]
22:37:52.288 [Test worker] DEBUG org.springframework.test.context.cache - Spring test ApplicationContext cache statistics: [DefaultContextCache@476ee5b3 size = 1, maxSize = 32, parentContextCount = 0, hitCount = 240, missCount = 1]
22:37:52.288 [Test worker] DEBUG org.springframework.test.context.support.DependencyInjectionTestExecutionListener - Performing dependency injection for test context [[DefaultTestContext@7829b776 testClass = UserServiceTest, testInstance = org.waldreg.user.management.UserServiceTest@75de6341, testMethod = [null], testException = [null], mergedContextConfiguration = [MergedContextConfiguration@5778826f testClass = UserServiceTest, locations = '{}', classes = '{class org.waldreg.user.management.user.DefaultUserManager, class org.waldreg.user.management.joiningpool.DefaultJoiningPoolManager}', contextInitializerClasses = '[]', activeProfiles = '{}', propertySourceLocations = '{}', propertySourceProperties = '{}', contextCustomizers = set[org.springframework.boot.test.autoconfigure.actuate.metrics.MetricsExportContextCustomizerFactory$DisableMetricExportContextCustomizer@1698fc68, org.springframework.boot.test.autoconfigure.properties.PropertyMappingContextCustomizer@0, org.springframework.boot.test.autoconfigure.web.servlet.WebDriverContextCustomizerFactory$Customizer@58359ebd, org.springframework.boot.test.context.filter.ExcludeFilterContextCustomizer@4ee37ca3, org.springframework.boot.test.json.DuplicateJsonObjectContextCustomizerFactory$DuplicateJsonObjectContextCustomizer@422c3c7a, org.springframework.boot.test.mock.mockito.MockitoContextCustomizer@98854dc], contextLoader = 'org.springframework.test.context.support.DelegatingSmartContextLoader', parent = [null]], attributes = map['org.springframework.test.context.event.ApplicationEventsTestExecutionListener.recordApplicationEvents' -> false]]].
22:37:52.288 [Test worker] DEBUG org.springframework.test.context.cache.DefaultCacheAwareContextLoaderDelegate - Retrieved ApplicationContext [418513504] from cache with key [[MergedContextConfiguration@5778826f testClass = UserServiceTest, locations = '{}', classes = '{class org.waldreg.user.management.user.DefaultUserManager, class org.waldreg.user.management.joiningpool.DefaultJoiningPoolManager}', contextInitializerClasses = '[]', activeProfiles = '{}', propertySourceLocations = '{}', propertySourceProperties = '{}', contextCustomizers = set[org.springframework.boot.test.autoconfigure.actuate.metrics.MetricsExportContextCustomizerFactory$DisableMetricExportContextCustomizer@1698fc68, org.springframework.boot.test.autoconfigure.properties.PropertyMappingContextCustomizer@0, org.springframework.boot.test.autoconfigure.web.servlet.WebDriverContextCustomizerFactory$Customizer@58359ebd, org.springframework.boot.test.context.filter.ExcludeFilterContextCustomizer@4ee37ca3, org.springframework.boot.test.json.DuplicateJsonObjectContextCustomizerFactory$DuplicateJsonObjectContextCustomizer@422c3c7a, org.springframework.boot.test.mock.mockito.MockitoContextCustomizer@98854dc], contextLoader = 'org.springframework.test.context.support.DelegatingSmartContextLoader', parent = [null]]]
22:37:52.288 [Test worker] DEBUG org.springframework.test.context.cache - Spring test ApplicationContext cache statistics: [DefaultContextCache@476ee5b3 size = 1, maxSize = 32, parentContextCount = 0, hitCount = 241, missCount = 1]
22:37:52.288 [Test worker] DEBUG org.springframework.test.context.cache.DefaultCacheAwareContextLoaderDelegate - Retrieved ApplicationContext [418513504] from cache with key [[MergedContextConfiguration@5778826f testClass = UserServiceTest, locations = '{}', classes = '{class org.waldreg.user.management.user.DefaultUserManager, class org.waldreg.user.management.joiningpool.DefaultJoiningPoolManager}', contextInitializerClasses = '[]', activeProfiles = '{}', propertySourceLocations = '{}', propertySourceProperties = '{}', contextCustomizers = set[org.springframework.boot.test.autoconfigure.actuate.metrics.MetricsExportContextCustomizerFactory$DisableMetricExportContextCustomizer@1698fc68, org.springframework.boot.test.autoconfigure.properties.PropertyMappingContextCustomizer@0, org.springframework.boot.test.autoconfigure.web.servlet.WebDriverContextCustomizerFactory$Customizer@58359ebd, org.springframework.boot.test.context.filter.ExcludeFilterContextCustomizer@4ee37ca3, org.springframework.boot.test.json.DuplicateJsonObjectContextCustomizerFactory$DuplicateJsonObjectContextCustomizer@422c3c7a, org.springframework.boot.test.mock.mockito.MockitoContextCustomizer@98854dc], contextLoader = 'org.springframework.test.context.support.DelegatingSmartContextLoader', parent = [null]]]
22:37:52.288 [Test worker] DEBUG org.springframework.test.context.cache - Spring test ApplicationContext cache statistics: [DefaultContextCache@476ee5b3 size = 1, maxSize = 32, parentContextCount = 0, hitCount = 242, missCount = 1]
22:37:52.288 [Test worker] DEBUG org.springframework.test.context.support.AbstractDirtiesContextTestExecutionListener - Before test method: context [DefaultTestContext@7829b776 testClass = UserServiceTest, testInstance = org.waldreg.user.management.UserServiceTest@75de6341, testMethod = REJECT_USER_JOIN_SUCCESS_TEST@UserServiceTest, testException = [null], mergedContextConfiguration = [MergedContextConfiguration@5778826f testClass = UserServiceTest, locations = '{}', classes = '{class org.waldreg.user.management.user.DefaultUserManager, class org.waldreg.user.management.joiningpool.DefaultJoiningPoolManager}', contextInitializerClasses = '[]', activeProfiles = '{}', propertySourceLocations = '{}', propertySourceProperties = '{}', contextCustomizers = set[org.springframework.boot.test.autoconfigure.actuate.metrics.MetricsExportContextCustomizerFactory$DisableMetricExportContextCustomizer@1698fc68, org.springframework.boot.test.autoconfigure.properties.PropertyMappingContextCustomizer@0, org.springframework.boot.test.autoconfigure.web.servlet.WebDriverContextCustomizerFactory$Customizer@58359ebd, org.springframework.boot.test.context.filter.ExcludeFilterContextCustomizer@4ee37ca3, org.springframework.boot.test.json.DuplicateJsonObjectContextCustomizerFactory$DuplicateJsonObjectContextCustomizer@422c3c7a, org.springframework.boot.test.mock.mockito.MockitoContextCustomizer@98854dc], contextLoader = 'org.springframework.test.context.support.DelegatingSmartContextLoader', parent = [null]], attributes = map['org.springframework.test.context.event.ApplicationEventsTestExecutionListener.recordApplicationEvents' -> false]], class annotated with @DirtiesContext [false] with mode [null], method annotated with @DirtiesContext [false] with mode [null].
22:37:52.288 [Test worker] DEBUG org.springframework.test.context.cache.DefaultCacheAwareContextLoaderDelegate - Retrieved ApplicationContext [418513504] from cache with key [[MergedContextConfiguration@5778826f testClass = UserServiceTest, locations = '{}', classes = '{class org.waldreg.user.management.user.DefaultUserManager, class org.waldreg.user.management.joiningpool.DefaultJoiningPoolManager}', contextInitializerClasses = '[]', activeProfiles = '{}', propertySourceLocations = '{}', propertySourceProperties = '{}', contextCustomizers = set[org.springframework.boot.test.autoconfigure.actuate.metrics.MetricsExportContextCustomizerFactory$DisableMetricExportContextCustomizer@1698fc68, org.springframework.boot.test.autoconfigure.properties.PropertyMappingContextCustomizer@0, org.springframework.boot.test.autoconfigure.web.servlet.WebDriverContextCustomizerFactory$Customizer@58359ebd, org.springframework.boot.test.context.filter.ExcludeFilterContextCustomizer@4ee37ca3, org.springframework.boot.test.json.DuplicateJsonObjectContextCustomizerFactory$DuplicateJsonObjectContextCustomizer@422c3c7a, org.springframework.boot.test.mock.mockito.MockitoContextCustomizer@98854dc], contextLoader = 'org.springframework.test.context.support.DelegatingSmartContextLoader', parent = [null]]]
22:37:52.288 [Test worker] DEBUG org.springframework.test.context.cache - Spring test ApplicationContext cache statistics: [DefaultContextCache@476ee5b3 size = 1, maxSize = 32, parentContextCount = 0, hitCount = 243, missCount = 1]
22:37:52.288 [Test worker] DEBUG org.springframework.test.context.cache.DefaultCacheAwareContextLoaderDelegate - Retrieved ApplicationContext [418513504] from cache with key [[MergedContextConfiguration@5778826f testClass = UserServiceTest, locations = '{}', classes = '{class org.waldreg.user.management.user.DefaultUserManager, class org.waldreg.user.management.joiningpool.DefaultJoiningPoolManager}', contextInitializerClasses = '[]', activeProfiles = '{}', propertySourceLocations = '{}', propertySourceProperties = '{}', contextCustomizers = set[org.springframework.boot.test.autoconfigure.actuate.metrics.MetricsExportContextCustomizerFactory$DisableMetricExportContextCustomizer@1698fc68, org.springframework.boot.test.autoconfigure.properties.PropertyMappingContextCustomizer@0, org.springframework.boot.test.autoconfigure.web.servlet.WebDriverContextCustomizerFactory$Customizer@58359ebd, org.springframework.boot.test.context.filter.ExcludeFilterContextCustomizer@4ee37ca3, org.springframework.boot.test.json.DuplicateJsonObjectContextCustomizerFactory$DuplicateJsonObjectContextCustomizer@422c3c7a, org.springframework.boot.test.mock.mockito.MockitoContextCustomizer@98854dc], contextLoader = 'org.springframework.test.context.support.DelegatingSmartContextLoader', parent = [null]]]
22:37:52.288 [Test worker] DEBUG org.springframework.test.context.cache - Spring test ApplicationContext cache statistics: [DefaultContextCache@476ee5b3 size = 1, maxSize = 32, parentContextCount = 0, hitCount = 244, missCount = 1]
22:37:52.288 [Test worker] DEBUG org.springframework.test.context.cache.DefaultCacheAwareContextLoaderDelegate - Retrieved ApplicationContext [418513504] from cache with key [[MergedContextConfiguration@5778826f testClass = UserServiceTest, locations = '{}', classes = '{class org.waldreg.user.management.user.DefaultUserManager, class org.waldreg.user.management.joiningpool.DefaultJoiningPoolManager}', contextInitializerClasses = '[]', activeProfiles = '{}', propertySourceLocations = '{}', propertySourceProperties = '{}', contextCustomizers = set[org.springframework.boot.test.autoconfigure.actuate.metrics.MetricsExportContextCustomizerFactory$DisableMetricExportContextCustomizer@1698fc68, org.springframework.boot.test.autoconfigure.properties.PropertyMappingContextCustomizer@0, org.springframework.boot.test.autoconfigure.web.servlet.WebDriverContextCustomizerFactory$Customizer@58359ebd, org.springframework.boot.test.context.filter.ExcludeFilterContextCustomizer@4ee37ca3, org.springframework.boot.test.json.DuplicateJsonObjectContextCustomizerFactory$DuplicateJsonObjectContextCustomizer@422c3c7a, org.springframework.boot.test.mock.mockito.MockitoContextCustomizer@98854dc], contextLoader = 'org.springframework.test.context.support.DelegatingSmartContextLoader', parent = [null]]]
22:37:52.288 [Test worker] DEBUG org.springframework.test.context.cache - Spring test ApplicationContext cache statistics: [DefaultContextCache@476ee5b3 size = 1, maxSize = 32, parentContextCount = 0, hitCount = 245, missCount = 1]
22:37:52.292 [Test worker] DEBUG org.springframework.test.context.cache.DefaultCacheAwareContextLoaderDelegate - Retrieved ApplicationContext [418513504] from cache with key [[MergedContextConfiguration@5778826f testClass = UserServiceTest, locations = '{}', classes = '{class org.waldreg.user.management.user.DefaultUserManager, class org.waldreg.user.management.joiningpool.DefaultJoiningPoolManager}', contextInitializerClasses = '[]', activeProfiles = '{}', propertySourceLocations = '{}', propertySourceProperties = '{}', contextCustomizers = set[org.springframework.boot.test.autoconfigure.actuate.metrics.MetricsExportContextCustomizerFactory$DisableMetricExportContextCustomizer@1698fc68, org.springframework.boot.test.autoconfigure.properties.PropertyMappingContextCustomizer@0, org.springframework.boot.test.autoconfigure.web.servlet.WebDriverContextCustomizerFactory$Customizer@58359ebd, org.springframework.boot.test.context.filter.ExcludeFilterContextCustomizer@4ee37ca3, org.springframework.boot.test.json.DuplicateJsonObjectContextCustomizerFactory$DuplicateJsonObjectContextCustomizer@422c3c7a, org.springframework.boot.test.mock.mockito.MockitoContextCustomizer@98854dc], contextLoader = 'org.springframework.test.context.support.DelegatingSmartContextLoader', parent = [null]]]
22:37:52.292 [Test worker] DEBUG org.springframework.test.context.cache - Spring test ApplicationContext cache statistics: [DefaultContextCache@476ee5b3 size = 1, maxSize = 32, parentContextCount = 0, hitCount = 246, missCount = 1]
22:37:52.292 [Test worker] DEBUG org.springframework.test.context.cache.DefaultCacheAwareContextLoaderDelegate - Retrieved ApplicationContext [418513504] from cache with key [[MergedContextConfiguration@5778826f testClass = UserServiceTest, locations = '{}', classes = '{class org.waldreg.user.management.user.DefaultUserManager, class org.waldreg.user.management.joiningpool.DefaultJoiningPoolManager}', contextInitializerClasses = '[]', activeProfiles = '{}', propertySourceLocations = '{}', propertySourceProperties = '{}', contextCustomizers = set[org.springframework.boot.test.autoconfigure.actuate.metrics.MetricsExportContextCustomizerFactory$DisableMetricExportContextCustomizer@1698fc68, org.springframework.boot.test.autoconfigure.properties.PropertyMappingContextCustomizer@0, org.springframework.boot.test.autoconfigure.web.servlet.WebDriverContextCustomizerFactory$Customizer@58359ebd, org.springframework.boot.test.context.filter.ExcludeFilterContextCustomizer@4ee37ca3, org.springframework.boot.test.json.DuplicateJsonObjectContextCustomizerFactory$DuplicateJsonObjectContextCustomizer@422c3c7a, org.springframework.boot.test.mock.mockito.MockitoContextCustomizer@98854dc], contextLoader = 'org.springframework.test.context.support.DelegatingSmartContextLoader', parent = [null]]]
22:37:52.292 [Test worker] DEBUG org.springframework.test.context.cache - Spring test ApplicationContext cache statistics: [DefaultContextCache@476ee5b3 size = 1, maxSize = 32, parentContextCount = 0, hitCount = 247, missCount = 1]
22:37:52.292 [Test worker] DEBUG org.springframework.test.context.cache.DefaultCacheAwareContextLoaderDelegate - Retrieved ApplicationContext [418513504] from cache with key [[MergedContextConfiguration@5778826f testClass = UserServiceTest, locations = '{}', classes = '{class org.waldreg.user.management.user.DefaultUserManager, class org.waldreg.user.management.joiningpool.DefaultJoiningPoolManager}', contextInitializerClasses = '[]', activeProfiles = '{}', propertySourceLocations = '{}', propertySourceProperties = '{}', contextCustomizers = set[org.springframework.boot.test.autoconfigure.actuate.metrics.MetricsExportContextCustomizerFactory$DisableMetricExportContextCustomizer@1698fc68, org.springframework.boot.test.autoconfigure.properties.PropertyMappingContextCustomizer@0, org.springframework.boot.test.autoconfigure.web.servlet.WebDriverContextCustomizerFactory$Customizer@58359ebd, org.springframework.boot.test.context.filter.ExcludeFilterContextCustomizer@4ee37ca3, org.springframework.boot.test.json.DuplicateJsonObjectContextCustomizerFactory$DuplicateJsonObjectContextCustomizer@422c3c7a, org.springframework.boot.test.mock.mockito.MockitoContextCustomizer@98854dc], contextLoader = 'org.springframework.test.context.support.DelegatingSmartContextLoader', parent = [null]]]
22:37:52.292 [Test worker] DEBUG org.springframework.test.context.cache - Spring test ApplicationContext cache statistics: [DefaultContextCache@476ee5b3 size = 1, maxSize = 32, parentContextCount = 0, hitCount = 248, missCount = 1]
22:37:52.292 [Test worker] DEBUG org.springframework.test.context.cache.DefaultCacheAwareContextLoaderDelegate - Retrieved ApplicationContext [418513504] from cache with key [[MergedContextConfiguration@5778826f testClass = UserServiceTest, locations = '{}', classes = '{class org.waldreg.user.management.user.DefaultUserManager, class org.waldreg.user.management.joiningpool.DefaultJoiningPoolManager}', contextInitializerClasses = '[]', activeProfiles = '{}', propertySourceLocations = '{}', propertySourceProperties = '{}', contextCustomizers = set[org.springframework.boot.test.autoconfigure.actuate.metrics.MetricsExportContextCustomizerFactory$DisableMetricExportContextCustomizer@1698fc68, org.springframework.boot.test.autoconfigure.properties.PropertyMappingContextCustomizer@0, org.springframework.boot.test.autoconfigure.web.servlet.WebDriverContextCustomizerFactory$Customizer@58359ebd, org.springframework.boot.test.context.filter.ExcludeFilterContextCustomizer@4ee37ca3, org.springframework.boot.test.json.DuplicateJsonObjectContextCustomizerFactory$DuplicateJsonObjectContextCustomizer@422c3c7a, org.springframework.boot.test.mock.mockito.MockitoContextCustomizer@98854dc], contextLoader = 'org.springframework.test.context.support.DelegatingSmartContextLoader', parent = [null]]]
22:37:52.292 [Test worker] DEBUG org.springframework.test.context.cache - Spring test ApplicationContext cache statistics: [DefaultContextCache@476ee5b3 size = 1, maxSize = 32, parentContextCount = 0, hitCount = 249, missCount = 1]
22:37:52.292 [Test worker] DEBUG org.springframework.test.context.cache.DefaultCacheAwareContextLoaderDelegate - Retrieved ApplicationContext [418513504] from cache with key [[MergedContextConfiguration@5778826f testClass = UserServiceTest, locations = '{}', classes = '{class org.waldreg.user.management.user.DefaultUserManager, class org.waldreg.user.management.joiningpool.DefaultJoiningPoolManager}', contextInitializerClasses = '[]', activeProfiles = '{}', propertySourceLocations = '{}', propertySourceProperties = '{}', contextCustomizers = set[org.springframework.boot.test.autoconfigure.actuate.metrics.MetricsExportContextCustomizerFactory$DisableMetricExportContextCustomizer@1698fc68, org.springframework.boot.test.autoconfigure.properties.PropertyMappingContextCustomizer@0, org.springframework.boot.test.autoconfigure.web.servlet.WebDriverContextCustomizerFactory$Customizer@58359ebd, org.springframework.boot.test.context.filter.ExcludeFilterContextCustomizer@4ee37ca3, org.springframework.boot.test.json.DuplicateJsonObjectContextCustomizerFactory$DuplicateJsonObjectContextCustomizer@422c3c7a, org.springframework.boot.test.mock.mockito.MockitoContextCustomizer@98854dc], contextLoader = 'org.springframework.test.context.support.DelegatingSmartContextLoader', parent = [null]]]
22:37:52.292 [Test worker] DEBUG org.springframework.test.context.cache - Spring test ApplicationContext cache statistics: [DefaultContextCache@476ee5b3 size = 1, maxSize = 32, parentContextCount = 0, hitCount = 250, missCount = 1]
22:37:52.292 [Test worker] DEBUG org.springframework.test.context.cache.DefaultCacheAwareContextLoaderDelegate - Retrieved ApplicationContext [418513504] from cache with key [[MergedContextConfiguration@5778826f testClass = UserServiceTest, locations = '{}', classes = '{class org.waldreg.user.management.user.DefaultUserManager, class org.waldreg.user.management.joiningpool.DefaultJoiningPoolManager}', contextInitializerClasses = '[]', activeProfiles = '{}', propertySourceLocations = '{}', propertySourceProperties = '{}', contextCustomizers = set[org.springframework.boot.test.autoconfigure.actuate.metrics.MetricsExportContextCustomizerFactory$DisableMetricExportContextCustomizer@1698fc68, org.springframework.boot.test.autoconfigure.properties.PropertyMappingContextCustomizer@0, org.springframework.boot.test.autoconfigure.web.servlet.WebDriverContextCustomizerFactory$Customizer@58359ebd, org.springframework.boot.test.context.filter.ExcludeFilterContextCustomizer@4ee37ca3, org.springframework.boot.test.json.DuplicateJsonObjectContextCustomizerFactory$DuplicateJsonObjectContextCustomizer@422c3c7a, org.springframework.boot.test.mock.mockito.MockitoContextCustomizer@98854dc], contextLoader = 'org.springframework.test.context.support.DelegatingSmartContextLoader', parent = [null]]]
22:37:52.292 [Test worker] DEBUG org.springframework.test.context.cache - Spring test ApplicationContext cache statistics: [DefaultContextCache@476ee5b3 size = 1, maxSize = 32, parentContextCount = 0, hitCount = 251, missCount = 1]
22:37:52.292 [Test worker] DEBUG org.springframework.test.context.support.AbstractDirtiesContextTestExecutionListener - After test method: context [DefaultTestContext@7829b776 testClass = UserServiceTest, testInstance = org.waldreg.user.management.UserServiceTest@75de6341, testMethod = REJECT_USER_JOIN_SUCCESS_TEST@UserServiceTest, testException = [null], mergedContextConfiguration = [MergedContextConfiguration@5778826f testClass = UserServiceTest, locations = '{}', classes = '{class org.waldreg.user.management.user.DefaultUserManager, class org.waldreg.user.management.joiningpool.DefaultJoiningPoolManager}', contextInitializerClasses = '[]', activeProfiles = '{}', propertySourceLocations = '{}', propertySourceProperties = '{}', contextCustomizers = set[org.springframework.boot.test.autoconfigure.actuate.metrics.MetricsExportContextCustomizerFactory$DisableMetricExportContextCustomizer@1698fc68, org.springframework.boot.test.autoconfigure.properties.PropertyMappingContextCustomizer@0, org.springframework.boot.test.autoconfigure.web.servlet.WebDriverContextCustomizerFactory$Customizer@58359ebd, org.springframework.boot.test.context.filter.ExcludeFilterContextCustomizer@4ee37ca3, org.springframework.boot.test.json.DuplicateJsonObjectContextCustomizerFactory$DuplicateJsonObjectContextCustomizer@422c3c7a, org.springframework.boot.test.mock.mockito.MockitoContextCustomizer@98854dc], contextLoader = 'org.springframework.test.context.support.DelegatingSmartContextLoader', parent = [null]], attributes = map['org.springframework.test.context.event.ApplicationEventsTestExecutionListener.recordApplicationEvents' -> false]], class annotated with @DirtiesContext [false] with mode [null], method annotated with @DirtiesContext [false] with mode [null].
22:37:52.292 [Test worker] DEBUG org.springframework.test.context.cache.DefaultCacheAwareContextLoaderDelegate - Retrieved ApplicationContext [418513504] from cache with key [[MergedContextConfiguration@5778826f testClass = UserServiceTest, locations = '{}', classes = '{class org.waldreg.user.management.user.DefaultUserManager, class org.waldreg.user.management.joiningpool.DefaultJoiningPoolManager}', contextInitializerClasses = '[]', activeProfiles = '{}', propertySourceLocations = '{}', propertySourceProperties = '{}', contextCustomizers = set[org.springframework.boot.test.autoconfigure.actuate.metrics.MetricsExportContextCustomizerFactory$DisableMetricExportContextCustomizer@1698fc68, org.springframework.boot.test.autoconfigure.properties.PropertyMappingContextCustomizer@0, org.springframework.boot.test.autoconfigure.web.servlet.WebDriverContextCustomizerFactory$Customizer@58359ebd, org.springframework.boot.test.context.filter.ExcludeFilterContextCustomizer@4ee37ca3, org.springframework.boot.test.json.DuplicateJsonObjectContextCustomizerFactory$DuplicateJsonObjectContextCustomizer@422c3c7a, org.springframework.boot.test.mock.mockito.MockitoContextCustomizer@98854dc], contextLoader = 'org.springframework.test.context.support.DelegatingSmartContextLoader', parent = [null]]]
22:37:52.292 [Test worker] DEBUG org.springframework.test.context.cache - Spring test ApplicationContext cache statistics: [DefaultContextCache@476ee5b3 size = 1, maxSize = 32, parentContextCount = 0, hitCount = 252, missCount = 1]
22:37:52.292 [Test worker] DEBUG org.springframework.test.context.support.DependencyInjectionTestExecutionListener - Performing dependency injection for test context [[DefaultTestContext@7829b776 testClass = UserServiceTest, testInstance = org.waldreg.user.management.UserServiceTest@68f0f72c, testMethod = [null], testException = [null], mergedContextConfiguration = [MergedContextConfiguration@5778826f testClass = UserServiceTest, locations = '{}', classes = '{class org.waldreg.user.management.user.DefaultUserManager, class org.waldreg.user.management.joiningpool.DefaultJoiningPoolManager}', contextInitializerClasses = '[]', activeProfiles = '{}', propertySourceLocations = '{}', propertySourceProperties = '{}', contextCustomizers = set[org.springframework.boot.test.autoconfigure.actuate.metrics.MetricsExportContextCustomizerFactory$DisableMetricExportContextCustomizer@1698fc68, org.springframework.boot.test.autoconfigure.properties.PropertyMappingContextCustomizer@0, org.springframework.boot.test.autoconfigure.web.servlet.WebDriverContextCustomizerFactory$Customizer@58359ebd, org.springframework.boot.test.context.filter.ExcludeFilterContextCustomizer@4ee37ca3, org.springframework.boot.test.json.DuplicateJsonObjectContextCustomizerFactory$DuplicateJsonObjectContextCustomizer@422c3c7a, org.springframework.boot.test.mock.mockito.MockitoContextCustomizer@98854dc], contextLoader = 'org.springframework.test.context.support.DelegatingSmartContextLoader', parent = [null]], attributes = map['org.springframework.test.context.event.ApplicationEventsTestExecutionListener.recordApplicationEvents' -> false]]].
22:37:52.292 [Test worker] DEBUG org.springframework.test.context.cache.DefaultCacheAwareContextLoaderDelegate - Retrieved ApplicationContext [418513504] from cache with key [[MergedContextConfiguration@5778826f testClass = UserServiceTest, locations = '{}', classes = '{class org.waldreg.user.management.user.DefaultUserManager, class org.waldreg.user.management.joiningpool.DefaultJoiningPoolManager}', contextInitializerClasses = '[]', activeProfiles = '{}', propertySourceLocations = '{}', propertySourceProperties = '{}', contextCustomizers = set[org.springframework.boot.test.autoconfigure.actuate.metrics.MetricsExportContextCustomizerFactory$DisableMetricExportContextCustomizer@1698fc68, org.springframework.boot.test.autoconfigure.properties.PropertyMappingContextCustomizer@0, org.springframework.boot.test.autoconfigure.web.servlet.WebDriverContextCustomizerFactory$Customizer@58359ebd, org.springframework.boot.test.context.filter.ExcludeFilterContextCustomizer@4ee37ca3, org.springframework.boot.test.json.DuplicateJsonObjectContextCustomizerFactory$DuplicateJsonObjectContextCustomizer@422c3c7a, org.springframework.boot.test.mock.mockito.MockitoContextCustomizer@98854dc], contextLoader = 'org.springframework.test.context.support.DelegatingSmartContextLoader', parent = [null]]]
22:37:52.292 [Test worker] DEBUG org.springframework.test.context.cache - Spring test ApplicationContext cache statistics: [DefaultContextCache@476ee5b3 size = 1, maxSize = 32, parentContextCount = 0, hitCount = 253, missCount = 1]
22:37:52.297 [Test worker] DEBUG org.springframework.test.context.cache.DefaultCacheAwareContextLoaderDelegate - Retrieved ApplicationContext [418513504] from cache with key [[MergedContextConfiguration@5778826f testClass = UserServiceTest, locations = '{}', classes = '{class org.waldreg.user.management.user.DefaultUserManager, class org.waldreg.user.management.joiningpool.DefaultJoiningPoolManager}', contextInitializerClasses = '[]', activeProfiles = '{}', propertySourceLocations = '{}', propertySourceProperties = '{}', contextCustomizers = set[org.springframework.boot.test.autoconfigure.actuate.metrics.MetricsExportContextCustomizerFactory$DisableMetricExportContextCustomizer@1698fc68, org.springframework.boot.test.autoconfigure.properties.PropertyMappingContextCustomizer@0, org.springframework.boot.test.autoconfigure.web.servlet.WebDriverContextCustomizerFactory$Customizer@58359ebd, org.springframework.boot.test.context.filter.ExcludeFilterContextCustomizer@4ee37ca3, org.springframework.boot.test.json.DuplicateJsonObjectContextCustomizerFactory$DuplicateJsonObjectContextCustomizer@422c3c7a, org.springframework.boot.test.mock.mockito.MockitoContextCustomizer@98854dc], contextLoader = 'org.springframework.test.context.support.DelegatingSmartContextLoader', parent = [null]]]
22:37:52.297 [Test worker] DEBUG org.springframework.test.context.cache - Spring test ApplicationContext cache statistics: [DefaultContextCache@476ee5b3 size = 1, maxSize = 32, parentContextCount = 0, hitCount = 254, missCount = 1]
22:37:52.297 [Test worker] DEBUG org.springframework.test.context.support.AbstractDirtiesContextTestExecutionListener - Before test method: context [DefaultTestContext@7829b776 testClass = UserServiceTest, testInstance = org.waldreg.user.management.UserServiceTest@68f0f72c, testMethod = READ_SPECIFIC_USER_FAIL_UNKNOWN_USER_ID_TEST@UserServiceTest, testException = [null], mergedContextConfiguration = [MergedContextConfiguration@5778826f testClass = UserServiceTest, locations = '{}', classes = '{class org.waldreg.user.management.user.DefaultUserManager, class org.waldreg.user.management.joiningpool.DefaultJoiningPoolManager}', contextInitializerClasses = '[]', activeProfiles = '{}', propertySourceLocations = '{}', propertySourceProperties = '{}', contextCustomizers = set[org.springframework.boot.test.autoconfigure.actuate.metrics.MetricsExportContextCustomizerFactory$DisableMetricExportContextCustomizer@1698fc68, org.springframework.boot.test.autoconfigure.properties.PropertyMappingContextCustomizer@0, org.springframework.boot.test.autoconfigure.web.servlet.WebDriverContextCustomizerFactory$Customizer@58359ebd, org.springframework.boot.test.context.filter.ExcludeFilterContextCustomizer@4ee37ca3, org.springframework.boot.test.json.DuplicateJsonObjectContextCustomizerFactory$DuplicateJsonObjectContextCustomizer@422c3c7a, org.springframework.boot.test.mock.mockito.MockitoContextCustomizer@98854dc], contextLoader = 'org.springframework.test.context.support.DelegatingSmartContextLoader', parent = [null]], attributes = map['org.springframework.test.context.event.ApplicationEventsTestExecutionListener.recordApplicationEvents' -> false]], class annotated with @DirtiesContext [false] with mode [null], method annotated with @DirtiesContext [false] with mode [null].
22:37:52.297 [Test worker] DEBUG org.springframework.test.context.cache.DefaultCacheAwareContextLoaderDelegate - Retrieved ApplicationContext [418513504] from cache with key [[MergedContextConfiguration@5778826f testClass = UserServiceTest, locations = '{}', classes = '{class org.waldreg.user.management.user.DefaultUserManager, class org.waldreg.user.management.joiningpool.DefaultJoiningPoolManager}', contextInitializerClasses = '[]', activeProfiles = '{}', propertySourceLocations = '{}', propertySourceProperties = '{}', contextCustomizers = set[org.springframework.boot.test.autoconfigure.actuate.metrics.MetricsExportContextCustomizerFactory$DisableMetricExportContextCustomizer@1698fc68, org.springframework.boot.test.autoconfigure.properties.PropertyMappingContextCustomizer@0, org.springframework.boot.test.autoconfigure.web.servlet.WebDriverContextCustomizerFactory$Customizer@58359ebd, org.springframework.boot.test.context.filter.ExcludeFilterContextCustomizer@4ee37ca3, org.springframework.boot.test.json.DuplicateJsonObjectContextCustomizerFactory$DuplicateJsonObjectContextCustomizer@422c3c7a, org.springframework.boot.test.mock.mockito.MockitoContextCustomizer@98854dc], contextLoader = 'org.springframework.test.context.support.DelegatingSmartContextLoader', parent = [null]]]
22:37:52.297 [Test worker] DEBUG org.springframework.test.context.cache - Spring test ApplicationContext cache statistics: [DefaultContextCache@476ee5b3 size = 1, maxSize = 32, parentContextCount = 0, hitCount = 255, missCount = 1]
22:37:52.297 [Test worker] DEBUG org.springframework.test.context.cache.DefaultCacheAwareContextLoaderDelegate - Retrieved ApplicationContext [418513504] from cache with key [[MergedContextConfiguration@5778826f testClass = UserServiceTest, locations = '{}', classes = '{class org.waldreg.user.management.user.DefaultUserManager, class org.waldreg.user.management.joiningpool.DefaultJoiningPoolManager}', contextInitializerClasses = '[]', activeProfiles = '{}', propertySourceLocations = '{}', propertySourceProperties = '{}', contextCustomizers = set[org.springframework.boot.test.autoconfigure.actuate.metrics.MetricsExportContextCustomizerFactory$DisableMetricExportContextCustomizer@1698fc68, org.springframework.boot.test.autoconfigure.properties.PropertyMappingContextCustomizer@0, org.springframework.boot.test.autoconfigure.web.servlet.WebDriverContextCustomizerFactory$Customizer@58359ebd, org.springframework.boot.test.context.filter.ExcludeFilterContextCustomizer@4ee37ca3, org.springframework.boot.test.json.DuplicateJsonObjectContextCustomizerFactory$DuplicateJsonObjectContextCustomizer@422c3c7a, org.springframework.boot.test.mock.mockito.MockitoContextCustomizer@98854dc], contextLoader = 'org.springframework.test.context.support.DelegatingSmartContextLoader', parent = [null]]]
22:37:52.297 [Test worker] DEBUG org.springframework.test.context.cache - Spring test ApplicationContext cache statistics: [DefaultContextCache@476ee5b3 size = 1, maxSize = 32, parentContextCount = 0, hitCount = 256, missCount = 1]
22:37:52.297 [Test worker] DEBUG org.springframework.test.context.cache.DefaultCacheAwareContextLoaderDelegate - Retrieved ApplicationContext [418513504] from cache with key [[MergedContextConfiguration@5778826f testClass = UserServiceTest, locations = '{}', classes = '{class org.waldreg.user.management.user.DefaultUserManager, class org.waldreg.user.management.joiningpool.DefaultJoiningPoolManager}', contextInitializerClasses = '[]', activeProfiles = '{}', propertySourceLocations = '{}', propertySourceProperties = '{}', contextCustomizers = set[org.springframework.boot.test.autoconfigure.actuate.metrics.MetricsExportContextCustomizerFactory$DisableMetricExportContextCustomizer@1698fc68, org.springframework.boot.test.autoconfigure.properties.PropertyMappingContextCustomizer@0, org.springframework.boot.test.autoconfigure.web.servlet.WebDriverContextCustomizerFactory$Customizer@58359ebd, org.springframework.boot.test.context.filter.ExcludeFilterContextCustomizer@4ee37ca3, org.springframework.boot.test.json.DuplicateJsonObjectContextCustomizerFactory$DuplicateJsonObjectContextCustomizer@422c3c7a, org.springframework.boot.test.mock.mockito.MockitoContextCustomizer@98854dc], contextLoader = 'org.springframework.test.context.support.DelegatingSmartContextLoader', parent = [null]]]
22:37:52.300 [Test worker] DEBUG org.springframework.test.context.cache - Spring test ApplicationContext cache statistics: [DefaultContextCache@476ee5b3 size = 1, maxSize = 32, parentContextCount = 0, hitCount = 257, missCount = 1]
22:37:52.301 [Test worker] DEBUG org.springframework.test.context.cache.DefaultCacheAwareContextLoaderDelegate - Retrieved ApplicationContext [418513504] from cache with key [[MergedContextConfiguration@5778826f testClass = UserServiceTest, locations = '{}', classes = '{class org.waldreg.user.management.user.DefaultUserManager, class org.waldreg.user.management.joiningpool.DefaultJoiningPoolManager}', contextInitializerClasses = '[]', activeProfiles = '{}', propertySourceLocations = '{}', propertySourceProperties = '{}', contextCustomizers = set[org.springframework.boot.test.autoconfigure.actuate.metrics.MetricsExportContextCustomizerFactory$DisableMetricExportContextCustomizer@1698fc68, org.springframework.boot.test.autoconfigure.properties.PropertyMappingContextCustomizer@0, org.springframework.boot.test.autoconfigure.web.servlet.WebDriverContextCustomizerFactory$Customizer@58359ebd, org.springframework.boot.test.context.filter.ExcludeFilterContextCustomizer@4ee37ca3, org.springframework.boot.test.json.DuplicateJsonObjectContextCustomizerFactory$DuplicateJsonObjectContextCustomizer@422c3c7a, org.springframework.boot.test.mock.mockito.MockitoContextCustomizer@98854dc], contextLoader = 'org.springframework.test.context.support.DelegatingSmartContextLoader', parent = [null]]]
22:37:52.301 [Test worker] DEBUG org.springframework.test.context.cache - Spring test ApplicationContext cache statistics: [DefaultContextCache@476ee5b3 size = 1, maxSize = 32, parentContextCount = 0, hitCount = 258, missCount = 1]
22:37:52.301 [Test worker] DEBUG org.springframework.test.context.cache.DefaultCacheAwareContextLoaderDelegate - Retrieved ApplicationContext [418513504] from cache with key [[MergedContextConfiguration@5778826f testClass = UserServiceTest, locations = '{}', classes = '{class org.waldreg.user.management.user.DefaultUserManager, class org.waldreg.user.management.joiningpool.DefaultJoiningPoolManager}', contextInitializerClasses = '[]', activeProfiles = '{}', propertySourceLocations = '{}', propertySourceProperties = '{}', contextCustomizers = set[org.springframework.boot.test.autoconfigure.actuate.metrics.MetricsExportContextCustomizerFactory$DisableMetricExportContextCustomizer@1698fc68, org.springframework.boot.test.autoconfigure.properties.PropertyMappingContextCustomizer@0, org.springframework.boot.test.autoconfigure.web.servlet.WebDriverContextCustomizerFactory$Customizer@58359ebd, org.springframework.boot.test.context.filter.ExcludeFilterContextCustomizer@4ee37ca3, org.springframework.boot.test.json.DuplicateJsonObjectContextCustomizerFactory$DuplicateJsonObjectContextCustomizer@422c3c7a, org.springframework.boot.test.mock.mockito.MockitoContextCustomizer@98854dc], contextLoader = 'org.springframework.test.context.support.DelegatingSmartContextLoader', parent = [null]]]
22:37:52.301 [Test worker] DEBUG org.springframework.test.context.cache - Spring test ApplicationContext cache statistics: [DefaultContextCache@476ee5b3 size = 1, maxSize = 32, parentContextCount = 0, hitCount = 259, missCount = 1]
22:37:52.301 [Test worker] DEBUG org.springframework.test.context.cache.DefaultCacheAwareContextLoaderDelegate - Retrieved ApplicationContext [418513504] from cache with key [[MergedContextConfiguration@5778826f testClass = UserServiceTest, locations = '{}', classes = '{class org.waldreg.user.management.user.DefaultUserManager, class org.waldreg.user.management.joiningpool.DefaultJoiningPoolManager}', contextInitializerClasses = '[]', activeProfiles = '{}', propertySourceLocations = '{}', propertySourceProperties = '{}', contextCustomizers = set[org.springframework.boot.test.autoconfigure.actuate.metrics.MetricsExportContextCustomizerFactory$DisableMetricExportContextCustomizer@1698fc68, org.springframework.boot.test.autoconfigure.properties.PropertyMappingContextCustomizer@0, org.springframework.boot.test.autoconfigure.web.servlet.WebDriverContextCustomizerFactory$Customizer@58359ebd, org.springframework.boot.test.context.filter.ExcludeFilterContextCustomizer@4ee37ca3, org.springframework.boot.test.json.DuplicateJsonObjectContextCustomizerFactory$DuplicateJsonObjectContextCustomizer@422c3c7a, org.springframework.boot.test.mock.mockito.MockitoContextCustomizer@98854dc], contextLoader = 'org.springframework.test.context.support.DelegatingSmartContextLoader', parent = [null]]]
22:37:52.301 [Test worker] DEBUG org.springframework.test.context.cache - Spring test ApplicationContext cache statistics: [DefaultContextCache@476ee5b3 size = 1, maxSize = 32, parentContextCount = 0, hitCount = 260, missCount = 1]
22:37:52.301 [Test worker] DEBUG org.springframework.test.context.cache.DefaultCacheAwareContextLoaderDelegate - Retrieved ApplicationContext [418513504] from cache with key [[MergedContextConfiguration@5778826f testClass = UserServiceTest, locations = '{}', classes = '{class org.waldreg.user.management.user.DefaultUserManager, class org.waldreg.user.management.joiningpool.DefaultJoiningPoolManager}', contextInitializerClasses = '[]', activeProfiles = '{}', propertySourceLocations = '{}', propertySourceProperties = '{}', contextCustomizers = set[org.springframework.boot.test.autoconfigure.actuate.metrics.MetricsExportContextCustomizerFactory$DisableMetricExportContextCustomizer@1698fc68, org.springframework.boot.test.autoconfigure.properties.PropertyMappingContextCustomizer@0, org.springframework.boot.test.autoconfigure.web.servlet.WebDriverContextCustomizerFactory$Customizer@58359ebd, org.springframework.boot.test.context.filter.ExcludeFilterContextCustomizer@4ee37ca3, org.springframework.boot.test.json.DuplicateJsonObjectContextCustomizerFactory$DuplicateJsonObjectContextCustomizer@422c3c7a, org.springframework.boot.test.mock.mockito.MockitoContextCustomizer@98854dc], contextLoader = 'org.springframework.test.context.support.DelegatingSmartContextLoader', parent = [null]]]
22:37:52.301 [Test worker] DEBUG org.springframework.test.context.cache - Spring test ApplicationContext cache statistics: [DefaultContextCache@476ee5b3 size = 1, maxSize = 32, parentContextCount = 0, hitCount = 261, missCount = 1]
22:37:52.301 [Test worker] DEBUG org.springframework.test.context.cache.DefaultCacheAwareContextLoaderDelegate - Retrieved ApplicationContext [418513504] from cache with key [[MergedContextConfiguration@5778826f testClass = UserServiceTest, locations = '{}', classes = '{class org.waldreg.user.management.user.DefaultUserManager, class org.waldreg.user.management.joiningpool.DefaultJoiningPoolManager}', contextInitializerClasses = '[]', activeProfiles = '{}', propertySourceLocations = '{}', propertySourceProperties = '{}', contextCustomizers = set[org.springframework.boot.test.autoconfigure.actuate.metrics.MetricsExportContextCustomizerFactory$DisableMetricExportContextCustomizer@1698fc68, org.springframework.boot.test.autoconfigure.properties.PropertyMappingContextCustomizer@0, org.springframework.boot.test.autoconfigure.web.servlet.WebDriverContextCustomizerFactory$Customizer@58359ebd, org.springframework.boot.test.context.filter.ExcludeFilterContextCustomizer@4ee37ca3, org.springframework.boot.test.json.DuplicateJsonObjectContextCustomizerFactory$DuplicateJsonObjectContextCustomizer@422c3c7a, org.springframework.boot.test.mock.mockito.MockitoContextCustomizer@98854dc], contextLoader = 'org.springframework.test.context.support.DelegatingSmartContextLoader', parent = [null]]]
22:37:52.301 [Test worker] DEBUG org.springframework.test.context.cache - Spring test ApplicationContext cache statistics: [DefaultContextCache@476ee5b3 size = 1, maxSize = 32, parentContextCount = 0, hitCount = 262, missCount = 1]
22:37:52.301 [Test worker] DEBUG org.springframework.test.context.cache.DefaultCacheAwareContextLoaderDelegate - Retrieved ApplicationContext [418513504] from cache with key [[MergedContextConfiguration@5778826f testClass = UserServiceTest, locations = '{}', classes = '{class org.waldreg.user.management.user.DefaultUserManager, class org.waldreg.user.management.joiningpool.DefaultJoiningPoolManager}', contextInitializerClasses = '[]', activeProfiles = '{}', propertySourceLocations = '{}', propertySourceProperties = '{}', contextCustomizers = set[org.springframework.boot.test.autoconfigure.actuate.metrics.MetricsExportContextCustomizerFactory$DisableMetricExportContextCustomizer@1698fc68, org.springframework.boot.test.autoconfigure.properties.PropertyMappingContextCustomizer@0, org.springframework.boot.test.autoconfigure.web.servlet.WebDriverContextCustomizerFactory$Customizer@58359ebd, org.springframework.boot.test.context.filter.ExcludeFilterContextCustomizer@4ee37ca3, org.springframework.boot.test.json.DuplicateJsonObjectContextCustomizerFactory$DuplicateJsonObjectContextCustomizer@422c3c7a, org.springframework.boot.test.mock.mockito.MockitoContextCustomizer@98854dc], contextLoader = 'org.springframework.test.context.support.DelegatingSmartContextLoader', parent = [null]]]
22:37:52.301 [Test worker] DEBUG org.springframework.test.context.cache - Spring test ApplicationContext cache statistics: [DefaultContextCache@476ee5b3 size = 1, maxSize = 32, parentContextCount = 0, hitCount = 263, missCount = 1]
22:37:52.301 [Test worker] DEBUG org.springframework.test.context.support.AbstractDirtiesContextTestExecutionListener - After test method: context [DefaultTestContext@7829b776 testClass = UserServiceTest, testInstance = org.waldreg.user.management.UserServiceTest@68f0f72c, testMethod = READ_SPECIFIC_USER_FAIL_UNKNOWN_USER_ID_TEST@UserServiceTest, testException = [null], mergedContextConfiguration = [MergedContextConfiguration@5778826f testClass = UserServiceTest, locations = '{}', classes = '{class org.waldreg.user.management.user.DefaultUserManager, class org.waldreg.user.management.joiningpool.DefaultJoiningPoolManager}', contextInitializerClasses = '[]', activeProfiles = '{}', propertySourceLocations = '{}', propertySourceProperties = '{}', contextCustomizers = set[org.springframework.boot.test.autoconfigure.actuate.metrics.MetricsExportContextCustomizerFactory$DisableMetricExportContextCustomizer@1698fc68, org.springframework.boot.test.autoconfigure.properties.PropertyMappingContextCustomizer@0, org.springframework.boot.test.autoconfigure.web.servlet.WebDriverContextCustomizerFactory$Customizer@58359ebd, org.springframework.boot.test.context.filter.ExcludeFilterContextCustomizer@4ee37ca3, org.springframework.boot.test.json.DuplicateJsonObjectContextCustomizerFactory$DuplicateJsonObjectContextCustomizer@422c3c7a, org.springframework.boot.test.mock.mockito.MockitoContextCustomizer@98854dc], contextLoader = 'org.springframework.test.context.support.DelegatingSmartContextLoader', parent = [null]], attributes = map['org.springframework.test.context.event.ApplicationEventsTestExecutionListener.recordApplicationEvents' -> false]], class annotated with @DirtiesContext [false] with mode [null], method annotated with @DirtiesContext [false] with mode [null].
22:37:52.301 [Test worker] DEBUG org.springframework.test.context.cache.DefaultCacheAwareContextLoaderDelegate - Retrieved ApplicationContext [418513504] from cache with key [[MergedContextConfiguration@5778826f testClass = UserServiceTest, locations = '{}', classes = '{class org.waldreg.user.management.user.DefaultUserManager, class org.waldreg.user.management.joiningpool.DefaultJoiningPoolManager}', contextInitializerClasses = '[]', activeProfiles = '{}', propertySourceLocations = '{}', propertySourceProperties = '{}', contextCustomizers = set[org.springframework.boot.test.autoconfigure.actuate.metrics.MetricsExportContextCustomizerFactory$DisableMetricExportContextCustomizer@1698fc68, org.springframework.boot.test.autoconfigure.properties.PropertyMappingContextCustomizer@0, org.springframework.boot.test.autoconfigure.web.servlet.WebDriverContextCustomizerFactory$Customizer@58359ebd, org.springframework.boot.test.context.filter.ExcludeFilterContextCustomizer@4ee37ca3, org.springframework.boot.test.json.DuplicateJsonObjectContextCustomizerFactory$DuplicateJsonObjectContextCustomizer@422c3c7a, org.springframework.boot.test.mock.mockito.MockitoContextCustomizer@98854dc], contextLoader = 'org.springframework.test.context.support.DelegatingSmartContextLoader', parent = [null]]]
22:37:52.301 [Test worker] DEBUG org.springframework.test.context.cache - Spring test ApplicationContext cache statistics: [DefaultContextCache@476ee5b3 size = 1, maxSize = 32, parentContextCount = 0, hitCount = 264, missCount = 1]
22:37:52.301 [Test worker] DEBUG org.springframework.test.context.support.DependencyInjectionTestExecutionListener - Performing dependency injection for test context [[DefaultTestContext@7829b776 testClass = UserServiceTest, testInstance = org.waldreg.user.management.UserServiceTest@3b545206, testMethod = [null], testException = [null], mergedContextConfiguration = [MergedContextConfiguration@5778826f testClass = UserServiceTest, locations = '{}', classes = '{class org.waldreg.user.management.user.DefaultUserManager, class org.waldreg.user.management.joiningpool.DefaultJoiningPoolManager}', contextInitializerClasses = '[]', activeProfiles = '{}', propertySourceLocations = '{}', propertySourceProperties = '{}', contextCustomizers = set[org.springframework.boot.test.autoconfigure.actuate.metrics.MetricsExportContextCustomizerFactory$DisableMetricExportContextCustomizer@1698fc68, org.springframework.boot.test.autoconfigure.properties.PropertyMappingContextCustomizer@0, org.springframework.boot.test.autoconfigure.web.servlet.WebDriverContextCustomizerFactory$Customizer@58359ebd, org.springframework.boot.test.context.filter.ExcludeFilterContextCustomizer@4ee37ca3, org.springframework.boot.test.json.DuplicateJsonObjectContextCustomizerFactory$DuplicateJsonObjectContextCustomizer@422c3c7a, org.springframework.boot.test.mock.mockito.MockitoContextCustomizer@98854dc], contextLoader = 'org.springframework.test.context.support.DelegatingSmartContextLoader', parent = [null]], attributes = map['org.springframework.test.context.event.ApplicationEventsTestExecutionListener.recordApplicationEvents' -> false]]].
22:37:52.301 [Test worker] DEBUG org.springframework.test.context.cache.DefaultCacheAwareContextLoaderDelegate - Retrieved ApplicationContext [418513504] from cache with key [[MergedContextConfiguration@5778826f testClass = UserServiceTest, locations = '{}', classes = '{class org.waldreg.user.management.user.DefaultUserManager, class org.waldreg.user.management.joiningpool.DefaultJoiningPoolManager}', contextInitializerClasses = '[]', activeProfiles = '{}', propertySourceLocations = '{}', propertySourceProperties = '{}', contextCustomizers = set[org.springframework.boot.test.autoconfigure.actuate.metrics.MetricsExportContextCustomizerFactory$DisableMetricExportContextCustomizer@1698fc68, org.springframework.boot.test.autoconfigure.properties.PropertyMappingContextCustomizer@0, org.springframework.boot.test.autoconfigure.web.servlet.WebDriverContextCustomizerFactory$Customizer@58359ebd, org.springframework.boot.test.context.filter.ExcludeFilterContextCustomizer@4ee37ca3, org.springframework.boot.test.json.DuplicateJsonObjectContextCustomizerFactory$DuplicateJsonObjectContextCustomizer@422c3c7a, org.springframework.boot.test.mock.mockito.MockitoContextCustomizer@98854dc], contextLoader = 'org.springframework.test.context.support.DelegatingSmartContextLoader', parent = [null]]]
22:37:52.301 [Test worker] DEBUG org.springframework.test.context.cache - Spring test ApplicationContext cache statistics: [DefaultContextCache@476ee5b3 size = 1, maxSize = 32, parentContextCount = 0, hitCount = 265, missCount = 1]
22:37:52.301 [Test worker] DEBUG org.springframework.test.context.cache.DefaultCacheAwareContextLoaderDelegate - Retrieved ApplicationContext [418513504] from cache with key [[MergedContextConfiguration@5778826f testClass = UserServiceTest, locations = '{}', classes = '{class org.waldreg.user.management.user.DefaultUserManager, class org.waldreg.user.management.joiningpool.DefaultJoiningPoolManager}', contextInitializerClasses = '[]', activeProfiles = '{}', propertySourceLocations = '{}', propertySourceProperties = '{}', contextCustomizers = set[org.springframework.boot.test.autoconfigure.actuate.metrics.MetricsExportContextCustomizerFactory$DisableMetricExportContextCustomizer@1698fc68, org.springframework.boot.test.autoconfigure.properties.PropertyMappingContextCustomizer@0, org.springframework.boot.test.autoconfigure.web.servlet.WebDriverContextCustomizerFactory$Customizer@58359ebd, org.springframework.boot.test.context.filter.ExcludeFilterContextCustomizer@4ee37ca3, org.springframework.boot.test.json.DuplicateJsonObjectContextCustomizerFactory$DuplicateJsonObjectContextCustomizer@422c3c7a, org.springframework.boot.test.mock.mockito.MockitoContextCustomizer@98854dc], contextLoader = 'org.springframework.test.context.support.DelegatingSmartContextLoader', parent = [null]]]
22:37:52.301 [Test worker] DEBUG org.springframework.test.context.cache - Spring test ApplicationContext cache statistics: [DefaultContextCache@476ee5b3 size = 1, maxSize = 32, parentContextCount = 0, hitCount = 266, missCount = 1]
22:37:52.301 [Test worker] DEBUG org.springframework.test.context.support.AbstractDirtiesContextTestExecutionListener - Before test method: context [DefaultTestContext@7829b776 testClass = UserServiceTest, testInstance = org.waldreg.user.management.UserServiceTest@3b545206, testMethod = APPROVE_USER_JOIN_SUCCESS_TEST@UserServiceTest, testException = [null], mergedContextConfiguration = [MergedContextConfiguration@5778826f testClass = UserServiceTest, locations = '{}', classes = '{class org.waldreg.user.management.user.DefaultUserManager, class org.waldreg.user.management.joiningpool.DefaultJoiningPoolManager}', contextInitializerClasses = '[]', activeProfiles = '{}', propertySourceLocations = '{}', propertySourceProperties = '{}', contextCustomizers = set[org.springframework.boot.test.autoconfigure.actuate.metrics.MetricsExportContextCustomizerFactory$DisableMetricExportContextCustomizer@1698fc68, org.springframework.boot.test.autoconfigure.properties.PropertyMappingContextCustomizer@0, org.springframework.boot.test.autoconfigure.web.servlet.WebDriverContextCustomizerFactory$Customizer@58359ebd, org.springframework.boot.test.context.filter.ExcludeFilterContextCustomizer@4ee37ca3, org.springframework.boot.test.json.DuplicateJsonObjectContextCustomizerFactory$DuplicateJsonObjectContextCustomizer@422c3c7a, org.springframework.boot.test.mock.mockito.MockitoContextCustomizer@98854dc], contextLoader = 'org.springframework.test.context.support.DelegatingSmartContextLoader', parent = [null]], attributes = map['org.springframework.test.context.event.ApplicationEventsTestExecutionListener.recordApplicationEvents' -> false]], class annotated with @DirtiesContext [false] with mode [null], method annotated with @DirtiesContext [false] with mode [null].
22:37:52.301 [Test worker] DEBUG org.springframework.test.context.cache.DefaultCacheAwareContextLoaderDelegate - Retrieved ApplicationContext [418513504] from cache with key [[MergedContextConfiguration@5778826f testClass = UserServiceTest, locations = '{}', classes = '{class org.waldreg.user.management.user.DefaultUserManager, class org.waldreg.user.management.joiningpool.DefaultJoiningPoolManager}', contextInitializerClasses = '[]', activeProfiles = '{}', propertySourceLocations = '{}', propertySourceProperties = '{}', contextCustomizers = set[org.springframework.boot.test.autoconfigure.actuate.metrics.MetricsExportContextCustomizerFactory$DisableMetricExportContextCustomizer@1698fc68, org.springframework.boot.test.autoconfigure.properties.PropertyMappingContextCustomizer@0, org.springframework.boot.test.autoconfigure.web.servlet.WebDriverContextCustomizerFactory$Customizer@58359ebd, org.springframework.boot.test.context.filter.ExcludeFilterContextCustomizer@4ee37ca3, org.springframework.boot.test.json.DuplicateJsonObjectContextCustomizerFactory$DuplicateJsonObjectContextCustomizer@422c3c7a, org.springframework.boot.test.mock.mockito.MockitoContextCustomizer@98854dc], contextLoader = 'org.springframework.test.context.support.DelegatingSmartContextLoader', parent = [null]]]
22:37:52.301 [Test worker] DEBUG org.springframework.test.context.cache - Spring test ApplicationContext cache statistics: [DefaultContextCache@476ee5b3 size = 1, maxSize = 32, parentContextCount = 0, hitCount = 267, missCount = 1]
22:37:52.301 [Test worker] DEBUG org.springframework.test.context.cache.DefaultCacheAwareContextLoaderDelegate - Retrieved ApplicationContext [418513504] from cache with key [[MergedContextConfiguration@5778826f testClass = UserServiceTest, locations = '{}', classes = '{class org.waldreg.user.management.user.DefaultUserManager, class org.waldreg.user.management.joiningpool.DefaultJoiningPoolManager}', contextInitializerClasses = '[]', activeProfiles = '{}', propertySourceLocations = '{}', propertySourceProperties = '{}', contextCustomizers = set[org.springframework.boot.test.autoconfigure.actuate.metrics.MetricsExportContextCustomizerFactory$DisableMetricExportContextCustomizer@1698fc68, org.springframework.boot.test.autoconfigure.properties.PropertyMappingContextCustomizer@0, org.springframework.boot.test.autoconfigure.web.servlet.WebDriverContextCustomizerFactory$Customizer@58359ebd, org.springframework.boot.test.context.filter.ExcludeFilterContextCustomizer@4ee37ca3, org.springframework.boot.test.json.DuplicateJsonObjectContextCustomizerFactory$DuplicateJsonObjectContextCustomizer@422c3c7a, org.springframework.boot.test.mock.mockito.MockitoContextCustomizer@98854dc], contextLoader = 'org.springframework.test.context.support.DelegatingSmartContextLoader', parent = [null]]]
22:37:52.301 [Test worker] DEBUG org.springframework.test.context.cache - Spring test ApplicationContext cache statistics: [DefaultContextCache@476ee5b3 size = 1, maxSize = 32, parentContextCount = 0, hitCount = 268, missCount = 1]
22:37:52.301 [Test worker] DEBUG org.springframework.test.context.cache.DefaultCacheAwareContextLoaderDelegate - Retrieved ApplicationContext [418513504] from cache with key [[MergedContextConfiguration@5778826f testClass = UserServiceTest, locations = '{}', classes = '{class org.waldreg.user.management.user.DefaultUserManager, class org.waldreg.user.management.joiningpool.DefaultJoiningPoolManager}', contextInitializerClasses = '[]', activeProfiles = '{}', propertySourceLocations = '{}', propertySourceProperties = '{}', contextCustomizers = set[org.springframework.boot.test.autoconfigure.actuate.metrics.MetricsExportContextCustomizerFactory$DisableMetricExportContextCustomizer@1698fc68, org.springframework.boot.test.autoconfigure.properties.PropertyMappingContextCustomizer@0, org.springframework.boot.test.autoconfigure.web.servlet.WebDriverContextCustomizerFactory$Customizer@58359ebd, org.springframework.boot.test.context.filter.ExcludeFilterContextCustomizer@4ee37ca3, org.springframework.boot.test.json.DuplicateJsonObjectContextCustomizerFactory$DuplicateJsonObjectContextCustomizer@422c3c7a, org.springframework.boot.test.mock.mockito.MockitoContextCustomizer@98854dc], contextLoader = 'org.springframework.test.context.support.DelegatingSmartContextLoader', parent = [null]]]
22:37:52.301 [Test worker] DEBUG org.springframework.test.context.cache - Spring test ApplicationContext cache statistics: [DefaultContextCache@476ee5b3 size = 1, maxSize = 32, parentContextCount = 0, hitCount = 269, missCount = 1]
22:37:52.307 [Test worker] DEBUG org.springframework.test.context.cache.DefaultCacheAwareContextLoaderDelegate - Retrieved ApplicationContext [418513504] from cache with key [[MergedContextConfiguration@5778826f testClass = UserServiceTest, locations = '{}', classes = '{class org.waldreg.user.management.user.DefaultUserManager, class org.waldreg.user.management.joiningpool.DefaultJoiningPoolManager}', contextInitializerClasses = '[]', activeProfiles = '{}', propertySourceLocations = '{}', propertySourceProperties = '{}', contextCustomizers = set[org.springframework.boot.test.autoconfigure.actuate.metrics.MetricsExportContextCustomizerFactory$DisableMetricExportContextCustomizer@1698fc68, org.springframework.boot.test.autoconfigure.properties.PropertyMappingContextCustomizer@0, org.springframework.boot.test.autoconfigure.web.servlet.WebDriverContextCustomizerFactory$Customizer@58359ebd, org.springframework.boot.test.context.filter.ExcludeFilterContextCustomizer@4ee37ca3, org.springframework.boot.test.json.DuplicateJsonObjectContextCustomizerFactory$DuplicateJsonObjectContextCustomizer@422c3c7a, org.springframework.boot.test.mock.mockito.MockitoContextCustomizer@98854dc], contextLoader = 'org.springframework.test.context.support.DelegatingSmartContextLoader', parent = [null]]]
22:37:52.307 [Test worker] DEBUG org.springframework.test.context.cache - Spring test ApplicationContext cache statistics: [DefaultContextCache@476ee5b3 size = 1, maxSize = 32, parentContextCount = 0, hitCount = 270, missCount = 1]
22:37:52.307 [Test worker] DEBUG org.springframework.test.context.cache.DefaultCacheAwareContextLoaderDelegate - Retrieved ApplicationContext [418513504] from cache with key [[MergedContextConfiguration@5778826f testClass = UserServiceTest, locations = '{}', classes = '{class org.waldreg.user.management.user.DefaultUserManager, class org.waldreg.user.management.joiningpool.DefaultJoiningPoolManager}', contextInitializerClasses = '[]', activeProfiles = '{}', propertySourceLocations = '{}', propertySourceProperties = '{}', contextCustomizers = set[org.springframework.boot.test.autoconfigure.actuate.metrics.MetricsExportContextCustomizerFactory$DisableMetricExportContextCustomizer@1698fc68, org.springframework.boot.test.autoconfigure.properties.PropertyMappingContextCustomizer@0, org.springframework.boot.test.autoconfigure.web.servlet.WebDriverContextCustomizerFactory$Customizer@58359ebd, org.springframework.boot.test.context.filter.ExcludeFilterContextCustomizer@4ee37ca3, org.springframework.boot.test.json.DuplicateJsonObjectContextCustomizerFactory$DuplicateJsonObjectContextCustomizer@422c3c7a, org.springframework.boot.test.mock.mockito.MockitoContextCustomizer@98854dc], contextLoader = 'org.springframework.test.context.support.DelegatingSmartContextLoader', parent = [null]]]
22:37:52.307 [Test worker] DEBUG org.springframework.test.context.cache - Spring test ApplicationContext cache statistics: [DefaultContextCache@476ee5b3 size = 1, maxSize = 32, parentContextCount = 0, hitCount = 271, missCount = 1]
22:37:52.307 [Test worker] DEBUG org.springframework.test.context.cache.DefaultCacheAwareContextLoaderDelegate - Retrieved ApplicationContext [418513504] from cache with key [[MergedContextConfiguration@5778826f testClass = UserServiceTest, locations = '{}', classes = '{class org.waldreg.user.management.user.DefaultUserManager, class org.waldreg.user.management.joiningpool.DefaultJoiningPoolManager}', contextInitializerClasses = '[]', activeProfiles = '{}', propertySourceLocations = '{}', propertySourceProperties = '{}', contextCustomizers = set[org.springframework.boot.test.autoconfigure.actuate.metrics.MetricsExportContextCustomizerFactory$DisableMetricExportContextCustomizer@1698fc68, org.springframework.boot.test.autoconfigure.properties.PropertyMappingContextCustomizer@0, org.springframework.boot.test.autoconfigure.web.servlet.WebDriverContextCustomizerFactory$Customizer@58359ebd, org.springframework.boot.test.context.filter.ExcludeFilterContextCustomizer@4ee37ca3, org.springframework.boot.test.json.DuplicateJsonObjectContextCustomizerFactory$DuplicateJsonObjectContextCustomizer@422c3c7a, org.springframework.boot.test.mock.mockito.MockitoContextCustomizer@98854dc], contextLoader = 'org.springframework.test.context.support.DelegatingSmartContextLoader', parent = [null]]]
22:37:52.307 [Test worker] DEBUG org.springframework.test.context.cache - Spring test ApplicationContext cache statistics: [DefaultContextCache@476ee5b3 size = 1, maxSize = 32, parentContextCount = 0, hitCount = 272, missCount = 1]
22:37:52.307 [Test worker] DEBUG org.springframework.test.context.cache.DefaultCacheAwareContextLoaderDelegate - Retrieved ApplicationContext [418513504] from cache with key [[MergedContextConfiguration@5778826f testClass = UserServiceTest, locations = '{}', classes = '{class org.waldreg.user.management.user.DefaultUserManager, class org.waldreg.user.management.joiningpool.DefaultJoiningPoolManager}', contextInitializerClasses = '[]', activeProfiles = '{}', propertySourceLocations = '{}', propertySourceProperties = '{}', contextCustomizers = set[org.springframework.boot.test.autoconfigure.actuate.metrics.MetricsExportContextCustomizerFactory$DisableMetricExportContextCustomizer@1698fc68, org.springframework.boot.test.autoconfigure.properties.PropertyMappingContextCustomizer@0, org.springframework.boot.test.autoconfigure.web.servlet.WebDriverContextCustomizerFactory$Customizer@58359ebd, org.springframework.boot.test.context.filter.ExcludeFilterContextCustomizer@4ee37ca3, org.springframework.boot.test.json.DuplicateJsonObjectContextCustomizerFactory$DuplicateJsonObjectContextCustomizer@422c3c7a, org.springframework.boot.test.mock.mockito.MockitoContextCustomizer@98854dc], contextLoader = 'org.springframework.test.context.support.DelegatingSmartContextLoader', parent = [null]]]
22:37:52.307 [Test worker] DEBUG org.springframework.test.context.cache - Spring test ApplicationContext cache statistics: [DefaultContextCache@476ee5b3 size = 1, maxSize = 32, parentContextCount = 0, hitCount = 273, missCount = 1]
22:37:52.307 [Test worker] DEBUG org.springframework.test.context.cache.DefaultCacheAwareContextLoaderDelegate - Retrieved ApplicationContext [418513504] from cache with key [[MergedContextConfiguration@5778826f testClass = UserServiceTest, locations = '{}', classes = '{class org.waldreg.user.management.user.DefaultUserManager, class org.waldreg.user.management.joiningpool.DefaultJoiningPoolManager}', contextInitializerClasses = '[]', activeProfiles = '{}', propertySourceLocations = '{}', propertySourceProperties = '{}', contextCustomizers = set[org.springframework.boot.test.autoconfigure.actuate.metrics.MetricsExportContextCustomizerFactory$DisableMetricExportContextCustomizer@1698fc68, org.springframework.boot.test.autoconfigure.properties.PropertyMappingContextCustomizer@0, org.springframework.boot.test.autoconfigure.web.servlet.WebDriverContextCustomizerFactory$Customizer@58359ebd, org.springframework.boot.test.context.filter.ExcludeFilterContextCustomizer@4ee37ca3, org.springframework.boot.test.json.DuplicateJsonObjectContextCustomizerFactory$DuplicateJsonObjectContextCustomizer@422c3c7a, org.springframework.boot.test.mock.mockito.MockitoContextCustomizer@98854dc], contextLoader = 'org.springframework.test.context.support.DelegatingSmartContextLoader', parent = [null]]]
22:37:52.307 [Test worker] DEBUG org.springframework.test.context.cache - Spring test ApplicationContext cache statistics: [DefaultContextCache@476ee5b3 size = 1, maxSize = 32, parentContextCount = 0, hitCount = 274, missCount = 1]
22:37:52.309 [Test worker] DEBUG org.springframework.test.context.cache.DefaultCacheAwareContextLoaderDelegate - Retrieved ApplicationContext [418513504] from cache with key [[MergedContextConfiguration@5778826f testClass = UserServiceTest, locations = '{}', classes = '{class org.waldreg.user.management.user.DefaultUserManager, class org.waldreg.user.management.joiningpool.DefaultJoiningPoolManager}', contextInitializerClasses = '[]', activeProfiles = '{}', propertySourceLocations = '{}', propertySourceProperties = '{}', contextCustomizers = set[org.springframework.boot.test.autoconfigure.actuate.metrics.MetricsExportContextCustomizerFactory$DisableMetricExportContextCustomizer@1698fc68, org.springframework.boot.test.autoconfigure.properties.PropertyMappingContextCustomizer@0, org.springframework.boot.test.autoconfigure.web.servlet.WebDriverContextCustomizerFactory$Customizer@58359ebd, org.springframework.boot.test.context.filter.ExcludeFilterContextCustomizer@4ee37ca3, org.springframework.boot.test.json.DuplicateJsonObjectContextCustomizerFactory$DuplicateJsonObjectContextCustomizer@422c3c7a, org.springframework.boot.test.mock.mockito.MockitoContextCustomizer@98854dc], contextLoader = 'org.springframework.test.context.support.DelegatingSmartContextLoader', parent = [null]]]
22:37:52.309 [Test worker] DEBUG org.springframework.test.context.cache - Spring test ApplicationContext cache statistics: [DefaultContextCache@476ee5b3 size = 1, maxSize = 32, parentContextCount = 0, hitCount = 275, missCount = 1]
22:37:52.309 [Test worker] DEBUG org.springframework.test.context.support.AbstractDirtiesContextTestExecutionListener - After test method: context [DefaultTestContext@7829b776 testClass = UserServiceTest, testInstance = org.waldreg.user.management.UserServiceTest@3b545206, testMethod = APPROVE_USER_JOIN_SUCCESS_TEST@UserServiceTest, testException = [null], mergedContextConfiguration = [MergedContextConfiguration@5778826f testClass = UserServiceTest, locations = '{}', classes = '{class org.waldreg.user.management.user.DefaultUserManager, class org.waldreg.user.management.joiningpool.DefaultJoiningPoolManager}', contextInitializerClasses = '[]', activeProfiles = '{}', propertySourceLocations = '{}', propertySourceProperties = '{}', contextCustomizers = set[org.springframework.boot.test.autoconfigure.actuate.metrics.MetricsExportContextCustomizerFactory$DisableMetricExportContextCustomizer@1698fc68, org.springframework.boot.test.autoconfigure.properties.PropertyMappingContextCustomizer@0, org.springframework.boot.test.autoconfigure.web.servlet.WebDriverContextCustomizerFactory$Customizer@58359ebd, org.springframework.boot.test.context.filter.ExcludeFilterContextCustomizer@4ee37ca3, org.springframework.boot.test.json.DuplicateJsonObjectContextCustomizerFactory$DuplicateJsonObjectContextCustomizer@422c3c7a, org.springframework.boot.test.mock.mockito.MockitoContextCustomizer@98854dc], contextLoader = 'org.springframework.test.context.support.DelegatingSmartContextLoader', parent = [null]], attributes = map['org.springframework.test.context.event.ApplicationEventsTestExecutionListener.recordApplicationEvents' -> false]], class annotated with @DirtiesContext [false] with mode [null], method annotated with @DirtiesContext [false] with mode [null].
22:37:52.309 [Test worker] DEBUG org.springframework.test.context.cache.DefaultCacheAwareContextLoaderDelegate - Retrieved ApplicationContext [418513504] from cache with key [[MergedContextConfiguration@5778826f testClass = UserServiceTest, locations = '{}', classes = '{class org.waldreg.user.management.user.DefaultUserManager, class org.waldreg.user.management.joiningpool.DefaultJoiningPoolManager}', contextInitializerClasses = '[]', activeProfiles = '{}', propertySourceLocations = '{}', propertySourceProperties = '{}', contextCustomizers = set[org.springframework.boot.test.autoconfigure.actuate.metrics.MetricsExportContextCustomizerFactory$DisableMetricExportContextCustomizer@1698fc68, org.springframework.boot.test.autoconfigure.properties.PropertyMappingContextCustomizer@0, org.springframework.boot.test.autoconfigure.web.servlet.WebDriverContextCustomizerFactory$Customizer@58359ebd, org.springframework.boot.test.context.filter.ExcludeFilterContextCustomizer@4ee37ca3, org.springframework.boot.test.json.DuplicateJsonObjectContextCustomizerFactory$DuplicateJsonObjectContextCustomizer@422c3c7a, org.springframework.boot.test.mock.mockito.MockitoContextCustomizer@98854dc], contextLoader = 'org.springframework.test.context.support.DelegatingSmartContextLoader', parent = [null]]]
22:37:52.309 [Test worker] DEBUG org.springframework.test.context.cache - Spring test ApplicationContext cache statistics: [DefaultContextCache@476ee5b3 size = 1, maxSize = 32, parentContextCount = 0, hitCount = 276, missCount = 1]
22:37:52.309 [Test worker] DEBUG org.springframework.test.context.support.DependencyInjectionTestExecutionListener - Performing dependency injection for test context [[DefaultTestContext@7829b776 testClass = UserServiceTest, testInstance = org.waldreg.user.management.UserServiceTest@181d8899, testMethod = [null], testException = [null], mergedContextConfiguration = [MergedContextConfiguration@5778826f testClass = UserServiceTest, locations = '{}', classes = '{class org.waldreg.user.management.user.DefaultUserManager, class org.waldreg.user.management.joiningpool.DefaultJoiningPoolManager}', contextInitializerClasses = '[]', activeProfiles = '{}', propertySourceLocations = '{}', propertySourceProperties = '{}', contextCustomizers = set[org.springframework.boot.test.autoconfigure.actuate.metrics.MetricsExportContextCustomizerFactory$DisableMetricExportContextCustomizer@1698fc68, org.springframework.boot.test.autoconfigure.properties.PropertyMappingContextCustomizer@0, org.springframework.boot.test.autoconfigure.web.servlet.WebDriverContextCustomizerFactory$Customizer@58359ebd, org.springframework.boot.test.context.filter.ExcludeFilterContextCustomizer@4ee37ca3, org.springframework.boot.test.json.DuplicateJsonObjectContextCustomizerFactory$DuplicateJsonObjectContextCustomizer@422c3c7a, org.springframework.boot.test.mock.mockito.MockitoContextCustomizer@98854dc], contextLoader = 'org.springframework.test.context.support.DelegatingSmartContextLoader', parent = [null]], attributes = map['org.springframework.test.context.event.ApplicationEventsTestExecutionListener.recordApplicationEvents' -> false]]].
22:37:52.309 [Test worker] DEBUG org.springframework.test.context.cache.DefaultCacheAwareContextLoaderDelegate - Retrieved ApplicationContext [418513504] from cache with key [[MergedContextConfiguration@5778826f testClass = UserServiceTest, locations = '{}', classes = '{class org.waldreg.user.management.user.DefaultUserManager, class org.waldreg.user.management.joiningpool.DefaultJoiningPoolManager}', contextInitializerClasses = '[]', activeProfiles = '{}', propertySourceLocations = '{}', propertySourceProperties = '{}', contextCustomizers = set[org.springframework.boot.test.autoconfigure.actuate.metrics.MetricsExportContextCustomizerFactory$DisableMetricExportContextCustomizer@1698fc68, org.springframework.boot.test.autoconfigure.properties.PropertyMappingContextCustomizer@0, org.springframework.boot.test.autoconfigure.web.servlet.WebDriverContextCustomizerFactory$Customizer@58359ebd, org.springframework.boot.test.context.filter.ExcludeFilterContextCustomizer@4ee37ca3, org.springframework.boot.test.json.DuplicateJsonObjectContextCustomizerFactory$DuplicateJsonObjectContextCustomizer@422c3c7a, org.springframework.boot.test.mock.mockito.MockitoContextCustomizer@98854dc], contextLoader = 'org.springframework.test.context.support.DelegatingSmartContextLoader', parent = [null]]]
22:37:52.309 [Test worker] DEBUG org.springframework.test.context.cache - Spring test ApplicationContext cache statistics: [DefaultContextCache@476ee5b3 size = 1, maxSize = 32, parentContextCount = 0, hitCount = 277, missCount = 1]
22:37:52.309 [Test worker] DEBUG org.springframework.test.context.cache.DefaultCacheAwareContextLoaderDelegate - Retrieved ApplicationContext [418513504] from cache with key [[MergedContextConfiguration@5778826f testClass = UserServiceTest, locations = '{}', classes = '{class org.waldreg.user.management.user.DefaultUserManager, class org.waldreg.user.management.joiningpool.DefaultJoiningPoolManager}', contextInitializerClasses = '[]', activeProfiles = '{}', propertySourceLocations = '{}', propertySourceProperties = '{}', contextCustomizers = set[org.springframework.boot.test.autoconfigure.actuate.metrics.MetricsExportContextCustomizerFactory$DisableMetricExportContextCustomizer@1698fc68, org.springframework.boot.test.autoconfigure.properties.PropertyMappingContextCustomizer@0, org.springframework.boot.test.autoconfigure.web.servlet.WebDriverContextCustomizerFactory$Customizer@58359ebd, org.springframework.boot.test.context.filter.ExcludeFilterContextCustomizer@4ee37ca3, org.springframework.boot.test.json.DuplicateJsonObjectContextCustomizerFactory$DuplicateJsonObjectContextCustomizer@422c3c7a, org.springframework.boot.test.mock.mockito.MockitoContextCustomizer@98854dc], contextLoader = 'org.springframework.test.context.support.DelegatingSmartContextLoader', parent = [null]]]
22:37:52.309 [Test worker] DEBUG org.springframework.test.context.cache - Spring test ApplicationContext cache statistics: [DefaultContextCache@476ee5b3 size = 1, maxSize = 32, parentContextCount = 0, hitCount = 278, missCount = 1]
22:37:52.309 [Test worker] DEBUG org.springframework.test.context.support.AbstractDirtiesContextTestExecutionListener - Before test method: context [DefaultTestContext@7829b776 testClass = UserServiceTest, testInstance = org.waldreg.user.management.UserServiceTest@181d8899, testMethod = READ_USER_JOINING_POOL_INVALID_RANGE_TEST@UserServiceTest, testException = [null], mergedContextConfiguration = [MergedContextConfiguration@5778826f testClass = UserServiceTest, locations = '{}', classes = '{class org.waldreg.user.management.user.DefaultUserManager, class org.waldreg.user.management.joiningpool.DefaultJoiningPoolManager}', contextInitializerClasses = '[]', activeProfiles = '{}', propertySourceLocations = '{}', propertySourceProperties = '{}', contextCustomizers = set[org.springframework.boot.test.autoconfigure.actuate.metrics.MetricsExportContextCustomizerFactory$DisableMetricExportContextCustomizer@1698fc68, org.springframework.boot.test.autoconfigure.properties.PropertyMappingContextCustomizer@0, org.springframework.boot.test.autoconfigure.web.servlet.WebDriverContextCustomizerFactory$Customizer@58359ebd, org.springframework.boot.test.context.filter.ExcludeFilterContextCustomizer@4ee37ca3, org.springframework.boot.test.json.DuplicateJsonObjectContextCustomizerFactory$DuplicateJsonObjectContextCustomizer@422c3c7a, org.springframework.boot.test.mock.mockito.MockitoContextCustomizer@98854dc], contextLoader = 'org.springframework.test.context.support.DelegatingSmartContextLoader', parent = [null]], attributes = map['org.springframework.test.context.event.ApplicationEventsTestExecutionListener.recordApplicationEvents' -> false]], class annotated with @DirtiesContext [false] with mode [null], method annotated with @DirtiesContext [false] with mode [null].
22:37:52.309 [Test worker] DEBUG org.springframework.test.context.cache.DefaultCacheAwareContextLoaderDelegate - Retrieved ApplicationContext [418513504] from cache with key [[MergedContextConfiguration@5778826f testClass = UserServiceTest, locations = '{}', classes = '{class org.waldreg.user.management.user.DefaultUserManager, class org.waldreg.user.management.joiningpool.DefaultJoiningPoolManager}', contextInitializerClasses = '[]', activeProfiles = '{}', propertySourceLocations = '{}', propertySourceProperties = '{}', contextCustomizers = set[org.springframework.boot.test.autoconfigure.actuate.metrics.MetricsExportContextCustomizerFactory$DisableMetricExportContextCustomizer@1698fc68, org.springframework.boot.test.autoconfigure.properties.PropertyMappingContextCustomizer@0, org.springframework.boot.test.autoconfigure.web.servlet.WebDriverContextCustomizerFactory$Customizer@58359ebd, org.springframework.boot.test.context.filter.ExcludeFilterContextCustomizer@4ee37ca3, org.springframework.boot.test.json.DuplicateJsonObjectContextCustomizerFactory$DuplicateJsonObjectContextCustomizer@422c3c7a, org.springframework.boot.test.mock.mockito.MockitoContextCustomizer@98854dc], contextLoader = 'org.springframework.test.context.support.DelegatingSmartContextLoader', parent = [null]]]
22:37:52.309 [Test worker] DEBUG org.springframework.test.context.cache - Spring test ApplicationContext cache statistics: [DefaultContextCache@476ee5b3 size = 1, maxSize = 32, parentContextCount = 0, hitCount = 279, missCount = 1]
22:37:52.309 [Test worker] DEBUG org.springframework.test.context.cache.DefaultCacheAwareContextLoaderDelegate - Retrieved ApplicationContext [418513504] from cache with key [[MergedContextConfiguration@5778826f testClass = UserServiceTest, locations = '{}', classes = '{class org.waldreg.user.management.user.DefaultUserManager, class org.waldreg.user.management.joiningpool.DefaultJoiningPoolManager}', contextInitializerClasses = '[]', activeProfiles = '{}', propertySourceLocations = '{}', propertySourceProperties = '{}', contextCustomizers = set[org.springframework.boot.test.autoconfigure.actuate.metrics.MetricsExportContextCustomizerFactory$DisableMetricExportContextCustomizer@1698fc68, org.springframework.boot.test.autoconfigure.properties.PropertyMappingContextCustomizer@0, org.springframework.boot.test.autoconfigure.web.servlet.WebDriverContextCustomizerFactory$Customizer@58359ebd, org.springframework.boot.test.context.filter.ExcludeFilterContextCustomizer@4ee37ca3, org.springframework.boot.test.json.DuplicateJsonObjectContextCustomizerFactory$DuplicateJsonObjectContextCustomizer@422c3c7a, org.springframework.boot.test.mock.mockito.MockitoContextCustomizer@98854dc], contextLoader = 'org.springframework.test.context.support.DelegatingSmartContextLoader', parent = [null]]]
22:37:52.309 [Test worker] DEBUG org.springframework.test.context.cache - Spring test ApplicationContext cache statistics: [DefaultContextCache@476ee5b3 size = 1, maxSize = 32, parentContextCount = 0, hitCount = 280, missCount = 1]
22:37:52.309 [Test worker] DEBUG org.springframework.test.context.cache.DefaultCacheAwareContextLoaderDelegate - Retrieved ApplicationContext [418513504] from cache with key [[MergedContextConfiguration@5778826f testClass = UserServiceTest, locations = '{}', classes = '{class org.waldreg.user.management.user.DefaultUserManager, class org.waldreg.user.management.joiningpool.DefaultJoiningPoolManager}', contextInitializerClasses = '[]', activeProfiles = '{}', propertySourceLocations = '{}', propertySourceProperties = '{}', contextCustomizers = set[org.springframework.boot.test.autoconfigure.actuate.metrics.MetricsExportContextCustomizerFactory$DisableMetricExportContextCustomizer@1698fc68, org.springframework.boot.test.autoconfigure.properties.PropertyMappingContextCustomizer@0, org.springframework.boot.test.autoconfigure.web.servlet.WebDriverContextCustomizerFactory$Customizer@58359ebd, org.springframework.boot.test.context.filter.ExcludeFilterContextCustomizer@4ee37ca3, org.springframework.boot.test.json.DuplicateJsonObjectContextCustomizerFactory$DuplicateJsonObjectContextCustomizer@422c3c7a, org.springframework.boot.test.mock.mockito.MockitoContextCustomizer@98854dc], contextLoader = 'org.springframework.test.context.support.DelegatingSmartContextLoader', parent = [null]]]
22:37:52.309 [Test worker] DEBUG org.springframework.test.context.cache - Spring test ApplicationContext cache statistics: [DefaultContextCache@476ee5b3 size = 1, maxSize = 32, parentContextCount = 0, hitCount = 281, missCount = 1]
22:37:52.309 [Test worker] DEBUG org.springframework.test.context.cache.DefaultCacheAwareContextLoaderDelegate - Retrieved ApplicationContext [418513504] from cache with key [[MergedContextConfiguration@5778826f testClass = UserServiceTest, locations = '{}', classes = '{class org.waldreg.user.management.user.DefaultUserManager, class org.waldreg.user.management.joiningpool.DefaultJoiningPoolManager}', contextInitializerClasses = '[]', activeProfiles = '{}', propertySourceLocations = '{}', propertySourceProperties = '{}', contextCustomizers = set[org.springframework.boot.test.autoconfigure.actuate.metrics.MetricsExportContextCustomizerFactory$DisableMetricExportContextCustomizer@1698fc68, org.springframework.boot.test.autoconfigure.properties.PropertyMappingContextCustomizer@0, org.springframework.boot.test.autoconfigure.web.servlet.WebDriverContextCustomizerFactory$Customizer@58359ebd, org.springframework.boot.test.context.filter.ExcludeFilterContextCustomizer@4ee37ca3, org.springframework.boot.test.json.DuplicateJsonObjectContextCustomizerFactory$DuplicateJsonObjectContextCustomizer@422c3c7a, org.springframework.boot.test.mock.mockito.MockitoContextCustomizer@98854dc], contextLoader = 'org.springframework.test.context.support.DelegatingSmartContextLoader', parent = [null]]]
22:37:52.309 [Test worker] DEBUG org.springframework.test.context.cache - Spring test ApplicationContext cache statistics: [DefaultContextCache@476ee5b3 size = 1, maxSize = 32, parentContextCount = 0, hitCount = 282, missCount = 1]
22:37:52.309 [Test worker] DEBUG org.springframework.test.context.cache.DefaultCacheAwareContextLoaderDelegate - Retrieved ApplicationContext [418513504] from cache with key [[MergedContextConfiguration@5778826f testClass = UserServiceTest, locations = '{}', classes = '{class org.waldreg.user.management.user.DefaultUserManager, class org.waldreg.user.management.joiningpool.DefaultJoiningPoolManager}', contextInitializerClasses = '[]', activeProfiles = '{}', propertySourceLocations = '{}', propertySourceProperties = '{}', contextCustomizers = set[org.springframework.boot.test.autoconfigure.actuate.metrics.MetricsExportContextCustomizerFactory$DisableMetricExportContextCustomizer@1698fc68, org.springframework.boot.test.autoconfigure.properties.PropertyMappingContextCustomizer@0, org.springframework.boot.test.autoconfigure.web.servlet.WebDriverContextCustomizerFactory$Customizer@58359ebd, org.springframework.boot.test.context.filter.ExcludeFilterContextCustomizer@4ee37ca3, org.springframework.boot.test.json.DuplicateJsonObjectContextCustomizerFactory$DuplicateJsonObjectContextCustomizer@422c3c7a, org.springframework.boot.test.mock.mockito.MockitoContextCustomizer@98854dc], contextLoader = 'org.springframework.test.context.support.DelegatingSmartContextLoader', parent = [null]]]
22:37:52.309 [Test worker] DEBUG org.springframework.test.context.cache - Spring test ApplicationContext cache statistics: [DefaultContextCache@476ee5b3 size = 1, maxSize = 32, parentContextCount = 0, hitCount = 283, missCount = 1]
22:37:52.309 [Test worker] DEBUG org.springframework.test.context.cache.DefaultCacheAwareContextLoaderDelegate - Retrieved ApplicationContext [418513504] from cache with key [[MergedContextConfiguration@5778826f testClass = UserServiceTest, locations = '{}', classes = '{class org.waldreg.user.management.user.DefaultUserManager, class org.waldreg.user.management.joiningpool.DefaultJoiningPoolManager}', contextInitializerClasses = '[]', activeProfiles = '{}', propertySourceLocations = '{}', propertySourceProperties = '{}', contextCustomizers = set[org.springframework.boot.test.autoconfigure.actuate.metrics.MetricsExportContextCustomizerFactory$DisableMetricExportContextCustomizer@1698fc68, org.springframework.boot.test.autoconfigure.properties.PropertyMappingContextCustomizer@0, org.springframework.boot.test.autoconfigure.web.servlet.WebDriverContextCustomizerFactory$Customizer@58359ebd, org.springframework.boot.test.context.filter.ExcludeFilterContextCustomizer@4ee37ca3, org.springframework.boot.test.json.DuplicateJsonObjectContextCustomizerFactory$DuplicateJsonObjectContextCustomizer@422c3c7a, org.springframework.boot.test.mock.mockito.MockitoContextCustomizer@98854dc], contextLoader = 'org.springframework.test.context.support.DelegatingSmartContextLoader', parent = [null]]]
22:37:52.309 [Test worker] DEBUG org.springframework.test.context.cache - Spring test ApplicationContext cache statistics: [DefaultContextCache@476ee5b3 size = 1, maxSize = 32, parentContextCount = 0, hitCount = 284, missCount = 1]
22:37:52.309 [Test worker] DEBUG org.springframework.test.context.cache.DefaultCacheAwareContextLoaderDelegate - Retrieved ApplicationContext [418513504] from cache with key [[MergedContextConfiguration@5778826f testClass = UserServiceTest, locations = '{}', classes = '{class org.waldreg.user.management.user.DefaultUserManager, class org.waldreg.user.management.joiningpool.DefaultJoiningPoolManager}', contextInitializerClasses = '[]', activeProfiles = '{}', propertySourceLocations = '{}', propertySourceProperties = '{}', contextCustomizers = set[org.springframework.boot.test.autoconfigure.actuate.metrics.MetricsExportContextCustomizerFactory$DisableMetricExportContextCustomizer@1698fc68, org.springframework.boot.test.autoconfigure.properties.PropertyMappingContextCustomizer@0, org.springframework.boot.test.autoconfigure.web.servlet.WebDriverContextCustomizerFactory$Customizer@58359ebd, org.springframework.boot.test.context.filter.ExcludeFilterContextCustomizer@4ee37ca3, org.springframework.boot.test.json.DuplicateJsonObjectContextCustomizerFactory$DuplicateJsonObjectContextCustomizer@422c3c7a, org.springframework.boot.test.mock.mockito.MockitoContextCustomizer@98854dc], contextLoader = 'org.springframework.test.context.support.DelegatingSmartContextLoader', parent = [null]]]
22:37:52.309 [Test worker] DEBUG org.springframework.test.context.cache - Spring test ApplicationContext cache statistics: [DefaultContextCache@476ee5b3 size = 1, maxSize = 32, parentContextCount = 0, hitCount = 285, missCount = 1]
22:37:52.309 [Test worker] DEBUG org.springframework.test.context.cache.DefaultCacheAwareContextLoaderDelegate - Retrieved ApplicationContext [418513504] from cache with key [[MergedContextConfiguration@5778826f testClass = UserServiceTest, locations = '{}', classes = '{class org.waldreg.user.management.user.DefaultUserManager, class org.waldreg.user.management.joiningpool.DefaultJoiningPoolManager}', contextInitializerClasses = '[]', activeProfiles = '{}', propertySourceLocations = '{}', propertySourceProperties = '{}', contextCustomizers = set[org.springframework.boot.test.autoconfigure.actuate.metrics.MetricsExportContextCustomizerFactory$DisableMetricExportContextCustomizer@1698fc68, org.springframework.boot.test.autoconfigure.properties.PropertyMappingContextCustomizer@0, org.springframework.boot.test.autoconfigure.web.servlet.WebDriverContextCustomizerFactory$Customizer@58359ebd, org.springframework.boot.test.context.filter.ExcludeFilterContextCustomizer@4ee37ca3, org.springframework.boot.test.json.DuplicateJsonObjectContextCustomizerFactory$DuplicateJsonObjectContextCustomizer@422c3c7a, org.springframework.boot.test.mock.mockito.MockitoContextCustomizer@98854dc], contextLoader = 'org.springframework.test.context.support.DelegatingSmartContextLoader', parent = [null]]]
22:37:52.309 [Test worker] DEBUG org.springframework.test.context.cache - Spring test ApplicationContext cache statistics: [DefaultContextCache@476ee5b3 size = 1, maxSize = 32, parentContextCount = 0, hitCount = 286, missCount = 1]
22:37:52.309 [Test worker] DEBUG org.springframework.test.context.cache.DefaultCacheAwareContextLoaderDelegate - Retrieved ApplicationContext [418513504] from cache with key [[MergedContextConfiguration@5778826f testClass = UserServiceTest, locations = '{}', classes = '{class org.waldreg.user.management.user.DefaultUserManager, class org.waldreg.user.management.joiningpool.DefaultJoiningPoolManager}', contextInitializerClasses = '[]', activeProfiles = '{}', propertySourceLocations = '{}', propertySourceProperties = '{}', contextCustomizers = set[org.springframework.boot.test.autoconfigure.actuate.metrics.MetricsExportContextCustomizerFactory$DisableMetricExportContextCustomizer@1698fc68, org.springframework.boot.test.autoconfigure.properties.PropertyMappingContextCustomizer@0, org.springframework.boot.test.autoconfigure.web.servlet.WebDriverContextCustomizerFactory$Customizer@58359ebd, org.springframework.boot.test.context.filter.ExcludeFilterContextCustomizer@4ee37ca3, org.springframework.boot.test.json.DuplicateJsonObjectContextCustomizerFactory$DuplicateJsonObjectContextCustomizer@422c3c7a, org.springframework.boot.test.mock.mockito.MockitoContextCustomizer@98854dc], contextLoader = 'org.springframework.test.context.support.DelegatingSmartContextLoader', parent = [null]]]
22:37:52.309 [Test worker] DEBUG org.springframework.test.context.cache - Spring test ApplicationContext cache statistics: [DefaultContextCache@476ee5b3 size = 1, maxSize = 32, parentContextCount = 0, hitCount = 287, missCount = 1]
22:37:52.309 [Test worker] DEBUG org.springframework.test.context.support.AbstractDirtiesContextTestExecutionListener - After test method: context [DefaultTestContext@7829b776 testClass = UserServiceTest, testInstance = org.waldreg.user.management.UserServiceTest@181d8899, testMethod = READ_USER_JOINING_POOL_INVALID_RANGE_TEST@UserServiceTest, testException = [null], mergedContextConfiguration = [MergedContextConfiguration@5778826f testClass = UserServiceTest, locations = '{}', classes = '{class org.waldreg.user.management.user.DefaultUserManager, class org.waldreg.user.management.joiningpool.DefaultJoiningPoolManager}', contextInitializerClasses = '[]', activeProfiles = '{}', propertySourceLocations = '{}', propertySourceProperties = '{}', contextCustomizers = set[org.springframework.boot.test.autoconfigure.actuate.metrics.MetricsExportContextCustomizerFactory$DisableMetricExportContextCustomizer@1698fc68, org.springframework.boot.test.autoconfigure.properties.PropertyMappingContextCustomizer@0, org.springframework.boot.test.autoconfigure.web.servlet.WebDriverContextCustomizerFactory$Customizer@58359ebd, org.springframework.boot.test.context.filter.ExcludeFilterContextCustomizer@4ee37ca3, org.springframework.boot.test.json.DuplicateJsonObjectContextCustomizerFactory$DuplicateJsonObjectContextCustomizer@422c3c7a, org.springframework.boot.test.mock.mockito.MockitoContextCustomizer@98854dc], contextLoader = 'org.springframework.test.context.support.DelegatingSmartContextLoader', parent = [null]], attributes = map['org.springframework.test.context.event.ApplicationEventsTestExecutionListener.recordApplicationEvents' -> false]], class annotated with @DirtiesContext [false] with mode [null], method annotated with @DirtiesContext [false] with mode [null].
22:37:52.317 [Test worker] DEBUG org.springframework.test.context.cache.DefaultCacheAwareContextLoaderDelegate - Retrieved ApplicationContext [418513504] from cache with key [[MergedContextConfiguration@5778826f testClass = UserServiceTest, locations = '{}', classes = '{class org.waldreg.user.management.user.DefaultUserManager, class org.waldreg.user.management.joiningpool.DefaultJoiningPoolManager}', contextInitializerClasses = '[]', activeProfiles = '{}', propertySourceLocations = '{}', propertySourceProperties = '{}', contextCustomizers = set[org.springframework.boot.test.autoconfigure.actuate.metrics.MetricsExportContextCustomizerFactory$DisableMetricExportContextCustomizer@1698fc68, org.springframework.boot.test.autoconfigure.properties.PropertyMappingContextCustomizer@0, org.springframework.boot.test.autoconfigure.web.servlet.WebDriverContextCustomizerFactory$Customizer@58359ebd, org.springframework.boot.test.context.filter.ExcludeFilterContextCustomizer@4ee37ca3, org.springframework.boot.test.json.DuplicateJsonObjectContextCustomizerFactory$DuplicateJsonObjectContextCustomizer@422c3c7a, org.springframework.boot.test.mock.mockito.MockitoContextCustomizer@98854dc], contextLoader = 'org.springframework.test.context.support.DelegatingSmartContextLoader', parent = [null]]]
22:37:52.317 [Test worker] DEBUG org.springframework.test.context.cache - Spring test ApplicationContext cache statistics: [DefaultContextCache@476ee5b3 size = 1, maxSize = 32, parentContextCount = 0, hitCount = 288, missCount = 1]
22:37:52.317 [Test worker] DEBUG org.springframework.test.context.support.DependencyInjectionTestExecutionListener - Performing dependency injection for test context [[DefaultTestContext@7829b776 testClass = UserServiceTest, testInstance = org.waldreg.user.management.UserServiceTest@b887730, testMethod = [null], testException = [null], mergedContextConfiguration = [MergedContextConfiguration@5778826f testClass = UserServiceTest, locations = '{}', classes = '{class org.waldreg.user.management.user.DefaultUserManager, class org.waldreg.user.management.joiningpool.DefaultJoiningPoolManager}', contextInitializerClasses = '[]', activeProfiles = '{}', propertySourceLocations = '{}', propertySourceProperties = '{}', contextCustomizers = set[org.springframework.boot.test.autoconfigure.actuate.metrics.MetricsExportContextCustomizerFactory$DisableMetricExportContextCustomizer@1698fc68, org.springframework.boot.test.autoconfigure.properties.PropertyMappingContextCustomizer@0, org.springframework.boot.test.autoconfigure.web.servlet.WebDriverContextCustomizerFactory$Customizer@58359ebd, org.springframework.boot.test.context.filter.ExcludeFilterContextCustomizer@4ee37ca3, org.springframework.boot.test.json.DuplicateJsonObjectContextCustomizerFactory$DuplicateJsonObjectContextCustomizer@422c3c7a, org.springframework.boot.test.mock.mockito.MockitoContextCustomizer@98854dc], contextLoader = 'org.springframework.test.context.support.DelegatingSmartContextLoader', parent = [null]], attributes = map['org.springframework.test.context.event.ApplicationEventsTestExecutionListener.recordApplicationEvents' -> false]]].
22:37:52.317 [Test worker] DEBUG org.springframework.test.context.cache.DefaultCacheAwareContextLoaderDelegate - Retrieved ApplicationContext [418513504] from cache with key [[MergedContextConfiguration@5778826f testClass = UserServiceTest, locations = '{}', classes = '{class org.waldreg.user.management.user.DefaultUserManager, class org.waldreg.user.management.joiningpool.DefaultJoiningPoolManager}', contextInitializerClasses = '[]', activeProfiles = '{}', propertySourceLocations = '{}', propertySourceProperties = '{}', contextCustomizers = set[org.springframework.boot.test.autoconfigure.actuate.metrics.MetricsExportContextCustomizerFactory$DisableMetricExportContextCustomizer@1698fc68, org.springframework.boot.test.autoconfigure.properties.PropertyMappingContextCustomizer@0, org.springframework.boot.test.autoconfigure.web.servlet.WebDriverContextCustomizerFactory$Customizer@58359ebd, org.springframework.boot.test.context.filter.ExcludeFilterContextCustomizer@4ee37ca3, org.springframework.boot.test.json.DuplicateJsonObjectContextCustomizerFactory$DuplicateJsonObjectContextCustomizer@422c3c7a, org.springframework.boot.test.mock.mockito.MockitoContextCustomizer@98854dc], contextLoader = 'org.springframework.test.context.support.DelegatingSmartContextLoader', parent = [null]]]
22:37:52.317 [Test worker] DEBUG org.springframework.test.context.cache - Spring test ApplicationContext cache statistics: [DefaultContextCache@476ee5b3 size = 1, maxSize = 32, parentContextCount = 0, hitCount = 289, missCount = 1]
22:37:52.317 [Test worker] DEBUG org.springframework.test.context.cache.DefaultCacheAwareContextLoaderDelegate - Retrieved ApplicationContext [418513504] from cache with key [[MergedContextConfiguration@5778826f testClass = UserServiceTest, locations = '{}', classes = '{class org.waldreg.user.management.user.DefaultUserManager, class org.waldreg.user.management.joiningpool.DefaultJoiningPoolManager}', contextInitializerClasses = '[]', activeProfiles = '{}', propertySourceLocations = '{}', propertySourceProperties = '{}', contextCustomizers = set[org.springframework.boot.test.autoconfigure.actuate.metrics.MetricsExportContextCustomizerFactory$DisableMetricExportContextCustomizer@1698fc68, org.springframework.boot.test.autoconfigure.properties.PropertyMappingContextCustomizer@0, org.springframework.boot.test.autoconfigure.web.servlet.WebDriverContextCustomizerFactory$Customizer@58359ebd, org.springframework.boot.test.context.filter.ExcludeFilterContextCustomizer@4ee37ca3, org.springframework.boot.test.json.DuplicateJsonObjectContextCustomizerFactory$DuplicateJsonObjectContextCustomizer@422c3c7a, org.springframework.boot.test.mock.mockito.MockitoContextCustomizer@98854dc], contextLoader = 'org.springframework.test.context.support.DelegatingSmartContextLoader', parent = [null]]]
22:37:52.317 [Test worker] DEBUG org.springframework.test.context.cache - Spring test ApplicationContext cache statistics: [DefaultContextCache@476ee5b3 size = 1, maxSize = 32, parentContextCount = 0, hitCount = 290, missCount = 1]
22:37:52.317 [Test worker] DEBUG org.springframework.test.context.support.AbstractDirtiesContextTestExecutionListener - Before test method: context [DefaultTestContext@7829b776 testClass = UserServiceTest, testInstance = org.waldreg.user.management.UserServiceTest@b887730, testMethod = READ_SPECIFIC_USERS_FAIL_CAUSE_UNKNOWN_ID_TEST@UserServiceTest, testException = [null], mergedContextConfiguration = [MergedContextConfiguration@5778826f testClass = UserServiceTest, locations = '{}', classes = '{class org.waldreg.user.management.user.DefaultUserManager, class org.waldreg.user.management.joiningpool.DefaultJoiningPoolManager}', contextInitializerClasses = '[]', activeProfiles = '{}', propertySourceLocations = '{}', propertySourceProperties = '{}', contextCustomizers = set[org.springframework.boot.test.autoconfigure.actuate.metrics.MetricsExportContextCustomizerFactory$DisableMetricExportContextCustomizer@1698fc68, org.springframework.boot.test.autoconfigure.properties.PropertyMappingContextCustomizer@0, org.springframework.boot.test.autoconfigure.web.servlet.WebDriverContextCustomizerFactory$Customizer@58359ebd, org.springframework.boot.test.context.filter.ExcludeFilterContextCustomizer@4ee37ca3, org.springframework.boot.test.json.DuplicateJsonObjectContextCustomizerFactory$DuplicateJsonObjectContextCustomizer@422c3c7a, org.springframework.boot.test.mock.mockito.MockitoContextCustomizer@98854dc], contextLoader = 'org.springframework.test.context.support.DelegatingSmartContextLoader', parent = [null]], attributes = map['org.springframework.test.context.event.ApplicationEventsTestExecutionListener.recordApplicationEvents' -> false]], class annotated with @DirtiesContext [false] with mode [null], method annotated with @DirtiesContext [false] with mode [null].
22:37:52.317 [Test worker] DEBUG org.springframework.test.context.cache.DefaultCacheAwareContextLoaderDelegate - Retrieved ApplicationContext [418513504] from cache with key [[MergedContextConfiguration@5778826f testClass = UserServiceTest, locations = '{}', classes = '{class org.waldreg.user.management.user.DefaultUserManager, class org.waldreg.user.management.joiningpool.DefaultJoiningPoolManager}', contextInitializerClasses = '[]', activeProfiles = '{}', propertySourceLocations = '{}', propertySourceProperties = '{}', contextCustomizers = set[org.springframework.boot.test.autoconfigure.actuate.metrics.MetricsExportContextCustomizerFactory$DisableMetricExportContextCustomizer@1698fc68, org.springframework.boot.test.autoconfigure.properties.PropertyMappingContextCustomizer@0, org.springframework.boot.test.autoconfigure.web.servlet.WebDriverContextCustomizerFactory$Customizer@58359ebd, org.springframework.boot.test.context.filter.ExcludeFilterContextCustomizer@4ee37ca3, org.springframework.boot.test.json.DuplicateJsonObjectContextCustomizerFactory$DuplicateJsonObjectContextCustomizer@422c3c7a, org.springframework.boot.test.mock.mockito.MockitoContextCustomizer@98854dc], contextLoader = 'org.springframework.test.context.support.DelegatingSmartContextLoader', parent = [null]]]
22:37:52.317 [Test worker] DEBUG org.springframework.test.context.cache - Spring test ApplicationContext cache statistics: [DefaultContextCache@476ee5b3 size = 1, maxSize = 32, parentContextCount = 0, hitCount = 291, missCount = 1]
22:37:52.317 [Test worker] DEBUG org.springframework.test.context.cache.DefaultCacheAwareContextLoaderDelegate - Retrieved ApplicationContext [418513504] from cache with key [[MergedContextConfiguration@5778826f testClass = UserServiceTest, locations = '{}', classes = '{class org.waldreg.user.management.user.DefaultUserManager, class org.waldreg.user.management.joiningpool.DefaultJoiningPoolManager}', contextInitializerClasses = '[]', activeProfiles = '{}', propertySourceLocations = '{}', propertySourceProperties = '{}', contextCustomizers = set[org.springframework.boot.test.autoconfigure.actuate.metrics.MetricsExportContextCustomizerFactory$DisableMetricExportContextCustomizer@1698fc68, org.springframework.boot.test.autoconfigure.properties.PropertyMappingContextCustomizer@0, org.springframework.boot.test.autoconfigure.web.servlet.WebDriverContextCustomizerFactory$Customizer@58359ebd, org.springframework.boot.test.context.filter.ExcludeFilterContextCustomizer@4ee37ca3, org.springframework.boot.test.json.DuplicateJsonObjectContextCustomizerFactory$DuplicateJsonObjectContextCustomizer@422c3c7a, org.springframework.boot.test.mock.mockito.MockitoContextCustomizer@98854dc], contextLoader = 'org.springframework.test.context.support.DelegatingSmartContextLoader', parent = [null]]]
22:37:52.317 [Test worker] DEBUG org.springframework.test.context.cache - Spring test ApplicationContext cache statistics: [DefaultContextCache@476ee5b3 size = 1, maxSize = 32, parentContextCount = 0, hitCount = 292, missCount = 1]
22:37:52.317 [Test worker] DEBUG org.springframework.test.context.cache.DefaultCacheAwareContextLoaderDelegate - Retrieved ApplicationContext [418513504] from cache with key [[MergedContextConfiguration@5778826f testClass = UserServiceTest, locations = '{}', classes = '{class org.waldreg.user.management.user.DefaultUserManager, class org.waldreg.user.management.joiningpool.DefaultJoiningPoolManager}', contextInitializerClasses = '[]', activeProfiles = '{}', propertySourceLocations = '{}', propertySourceProperties = '{}', contextCustomizers = set[org.springframework.boot.test.autoconfigure.actuate.metrics.MetricsExportContextCustomizerFactory$DisableMetricExportContextCustomizer@1698fc68, org.springframework.boot.test.autoconfigure.properties.PropertyMappingContextCustomizer@0, org.springframework.boot.test.autoconfigure.web.servlet.WebDriverContextCustomizerFactory$Customizer@58359ebd, org.springframework.boot.test.context.filter.ExcludeFilterContextCustomizer@4ee37ca3, org.springframework.boot.test.json.DuplicateJsonObjectContextCustomizerFactory$DuplicateJsonObjectContextCustomizer@422c3c7a, org.springframework.boot.test.mock.mockito.MockitoContextCustomizer@98854dc], contextLoader = 'org.springframework.test.context.support.DelegatingSmartContextLoader', parent = [null]]]
22:37:52.317 [Test worker] DEBUG org.springframework.test.context.cache - Spring test ApplicationContext cache statistics: [DefaultContextCache@476ee5b3 size = 1, maxSize = 32, parentContextCount = 0, hitCount = 293, missCount = 1]
22:37:52.317 [Test worker] DEBUG org.springframework.test.context.cache.DefaultCacheAwareContextLoaderDelegate - Retrieved ApplicationContext [418513504] from cache with key [[MergedContextConfiguration@5778826f testClass = UserServiceTest, locations = '{}', classes = '{class org.waldreg.user.management.user.DefaultUserManager, class org.waldreg.user.management.joiningpool.DefaultJoiningPoolManager}', contextInitializerClasses = '[]', activeProfiles = '{}', propertySourceLocations = '{}', propertySourceProperties = '{}', contextCustomizers = set[org.springframework.boot.test.autoconfigure.actuate.metrics.MetricsExportContextCustomizerFactory$DisableMetricExportContextCustomizer@1698fc68, org.springframework.boot.test.autoconfigure.properties.PropertyMappingContextCustomizer@0, org.springframework.boot.test.autoconfigure.web.servlet.WebDriverContextCustomizerFactory$Customizer@58359ebd, org.springframework.boot.test.context.filter.ExcludeFilterContextCustomizer@4ee37ca3, org.springframework.boot.test.json.DuplicateJsonObjectContextCustomizerFactory$DuplicateJsonObjectContextCustomizer@422c3c7a, org.springframework.boot.test.mock.mockito.MockitoContextCustomizer@98854dc], contextLoader = 'org.springframework.test.context.support.DelegatingSmartContextLoader', parent = [null]]]
22:37:52.317 [Test worker] DEBUG org.springframework.test.context.cache - Spring test ApplicationContext cache statistics: [DefaultContextCache@476ee5b3 size = 1, maxSize = 32, parentContextCount = 0, hitCount = 294, missCount = 1]
22:37:52.317 [Test worker] DEBUG org.springframework.test.context.cache.DefaultCacheAwareContextLoaderDelegate - Retrieved ApplicationContext [418513504] from cache with key [[MergedContextConfiguration@5778826f testClass = UserServiceTest, locations = '{}', classes = '{class org.waldreg.user.management.user.DefaultUserManager, class org.waldreg.user.management.joiningpool.DefaultJoiningPoolManager}', contextInitializerClasses = '[]', activeProfiles = '{}', propertySourceLocations = '{}', propertySourceProperties = '{}', contextCustomizers = set[org.springframework.boot.test.autoconfigure.actuate.metrics.MetricsExportContextCustomizerFactory$DisableMetricExportContextCustomizer@1698fc68, org.springframework.boot.test.autoconfigure.properties.PropertyMappingContextCustomizer@0, org.springframework.boot.test.autoconfigure.web.servlet.WebDriverContextCustomizerFactory$Customizer@58359ebd, org.springframework.boot.test.context.filter.ExcludeFilterContextCustomizer@4ee37ca3, org.springframework.boot.test.json.DuplicateJsonObjectContextCustomizerFactory$DuplicateJsonObjectContextCustomizer@422c3c7a, org.springframework.boot.test.mock.mockito.MockitoContextCustomizer@98854dc], contextLoader = 'org.springframework.test.context.support.DelegatingSmartContextLoader', parent = [null]]]
22:37:52.317 [Test worker] DEBUG org.springframework.test.context.cache - Spring test ApplicationContext cache statistics: [DefaultContextCache@476ee5b3 size = 1, maxSize = 32, parentContextCount = 0, hitCount = 295, missCount = 1]
22:37:52.317 [Test worker] DEBUG org.springframework.test.context.cache.DefaultCacheAwareContextLoaderDelegate - Retrieved ApplicationContext [418513504] from cache with key [[MergedContextConfiguration@5778826f testClass = UserServiceTest, locations = '{}', classes = '{class org.waldreg.user.management.user.DefaultUserManager, class org.waldreg.user.management.joiningpool.DefaultJoiningPoolManager}', contextInitializerClasses = '[]', activeProfiles = '{}', propertySourceLocations = '{}', propertySourceProperties = '{}', contextCustomizers = set[org.springframework.boot.test.autoconfigure.actuate.metrics.MetricsExportContextCustomizerFactory$DisableMetricExportContextCustomizer@1698fc68, org.springframework.boot.test.autoconfigure.properties.PropertyMappingContextCustomizer@0, org.springframework.boot.test.autoconfigure.web.servlet.WebDriverContextCustomizerFactory$Customizer@58359ebd, org.springframework.boot.test.context.filter.ExcludeFilterContextCustomizer@4ee37ca3, org.springframework.boot.test.json.DuplicateJsonObjectContextCustomizerFactory$DuplicateJsonObjectContextCustomizer@422c3c7a, org.springframework.boot.test.mock.mockito.MockitoContextCustomizer@98854dc], contextLoader = 'org.springframework.test.context.support.DelegatingSmartContextLoader', parent = [null]]]
22:37:52.317 [Test worker] DEBUG org.springframework.test.context.cache - Spring test ApplicationContext cache statistics: [DefaultContextCache@476ee5b3 size = 1, maxSize = 32, parentContextCount = 0, hitCount = 296, missCount = 1]
22:37:52.317 [Test worker] DEBUG org.springframework.test.context.cache.DefaultCacheAwareContextLoaderDelegate - Retrieved ApplicationContext [418513504] from cache with key [[MergedContextConfiguration@5778826f testClass = UserServiceTest, locations = '{}', classes = '{class org.waldreg.user.management.user.DefaultUserManager, class org.waldreg.user.management.joiningpool.DefaultJoiningPoolManager}', contextInitializerClasses = '[]', activeProfiles = '{}', propertySourceLocations = '{}', propertySourceProperties = '{}', contextCustomizers = set[org.springframework.boot.test.autoconfigure.actuate.metrics.MetricsExportContextCustomizerFactory$DisableMetricExportContextCustomizer@1698fc68, org.springframework.boot.test.autoconfigure.properties.PropertyMappingContextCustomizer@0, org.springframework.boot.test.autoconfigure.web.servlet.WebDriverContextCustomizerFactory$Customizer@58359ebd, org.springframework.boot.test.context.filter.ExcludeFilterContextCustomizer@4ee37ca3, org.springframework.boot.test.json.DuplicateJsonObjectContextCustomizerFactory$DuplicateJsonObjectContextCustomizer@422c3c7a, org.springframework.boot.test.mock.mockito.MockitoContextCustomizer@98854dc], contextLoader = 'org.springframework.test.context.support.DelegatingSmartContextLoader', parent = [null]]]
22:37:52.317 [Test worker] DEBUG org.springframework.test.context.cache - Spring test ApplicationContext cache statistics: [DefaultContextCache@476ee5b3 size = 1, maxSize = 32, parentContextCount = 0, hitCount = 297, missCount = 1]
22:37:52.317 [Test worker] DEBUG org.springframework.test.context.cache.DefaultCacheAwareContextLoaderDelegate - Retrieved ApplicationContext [418513504] from cache with key [[MergedContextConfiguration@5778826f testClass = UserServiceTest, locations = '{}', classes = '{class org.waldreg.user.management.user.DefaultUserManager, class org.waldreg.user.management.joiningpool.DefaultJoiningPoolManager}', contextInitializerClasses = '[]', activeProfiles = '{}', propertySourceLocations = '{}', propertySourceProperties = '{}', contextCustomizers = set[org.springframework.boot.test.autoconfigure.actuate.metrics.MetricsExportContextCustomizerFactory$DisableMetricExportContextCustomizer@1698fc68, org.springframework.boot.test.autoconfigure.properties.PropertyMappingContextCustomizer@0, org.springframework.boot.test.autoconfigure.web.servlet.WebDriverContextCustomizerFactory$Customizer@58359ebd, org.springframework.boot.test.context.filter.ExcludeFilterContextCustomizer@4ee37ca3, org.springframework.boot.test.json.DuplicateJsonObjectContextCustomizerFactory$DuplicateJsonObjectContextCustomizer@422c3c7a, org.springframework.boot.test.mock.mockito.MockitoContextCustomizer@98854dc], contextLoader = 'org.springframework.test.context.support.DelegatingSmartContextLoader', parent = [null]]]
22:37:52.317 [Test worker] DEBUG org.springframework.test.context.cache - Spring test ApplicationContext cache statistics: [DefaultContextCache@476ee5b3 size = 1, maxSize = 32, parentContextCount = 0, hitCount = 298, missCount = 1]
22:37:52.317 [Test worker] DEBUG org.springframework.test.context.cache.DefaultCacheAwareContextLoaderDelegate - Retrieved ApplicationContext [418513504] from cache with key [[MergedContextConfiguration@5778826f testClass = UserServiceTest, locations = '{}', classes = '{class org.waldreg.user.management.user.DefaultUserManager, class org.waldreg.user.management.joiningpool.DefaultJoiningPoolManager}', contextInitializerClasses = '[]', activeProfiles = '{}', propertySourceLocations = '{}', propertySourceProperties = '{}', contextCustomizers = set[org.springframework.boot.test.autoconfigure.actuate.metrics.MetricsExportContextCustomizerFactory$DisableMetricExportContextCustomizer@1698fc68, org.springframework.boot.test.autoconfigure.properties.PropertyMappingContextCustomizer@0, org.springframework.boot.test.autoconfigure.web.servlet.WebDriverContextCustomizerFactory$Customizer@58359ebd, org.springframework.boot.test.context.filter.ExcludeFilterContextCustomizer@4ee37ca3, org.springframework.boot.test.json.DuplicateJsonObjectContextCustomizerFactory$DuplicateJsonObjectContextCustomizer@422c3c7a, org.springframework.boot.test.mock.mockito.MockitoContextCustomizer@98854dc], contextLoader = 'org.springframework.test.context.support.DelegatingSmartContextLoader', parent = [null]]]
22:37:52.317 [Test worker] DEBUG org.springframework.test.context.cache - Spring test ApplicationContext cache statistics: [DefaultContextCache@476ee5b3 size = 1, maxSize = 32, parentContextCount = 0, hitCount = 299, missCount = 1]
22:37:52.317 [Test worker] DEBUG org.springframework.test.context.support.AbstractDirtiesContextTestExecutionListener - After test method: context [DefaultTestContext@7829b776 testClass = UserServiceTest, testInstance = org.waldreg.user.management.UserServiceTest@b887730, testMethod = READ_SPECIFIC_USERS_FAIL_CAUSE_UNKNOWN_ID_TEST@UserServiceTest, testException = [null], mergedContextConfiguration = [MergedContextConfiguration@5778826f testClass = UserServiceTest, locations = '{}', classes = '{class org.waldreg.user.management.user.DefaultUserManager, class org.waldreg.user.management.joiningpool.DefaultJoiningPoolManager}', contextInitializerClasses = '[]', activeProfiles = '{}', propertySourceLocations = '{}', propertySourceProperties = '{}', contextCustomizers = set[org.springframework.boot.test.autoconfigure.actuate.metrics.MetricsExportContextCustomizerFactory$DisableMetricExportContextCustomizer@1698fc68, org.springframework.boot.test.autoconfigure.properties.PropertyMappingContextCustomizer@0, org.springframework.boot.test.autoconfigure.web.servlet.WebDriverContextCustomizerFactory$Customizer@58359ebd, org.springframework.boot.test.context.filter.ExcludeFilterContextCustomizer@4ee37ca3, org.springframework.boot.test.json.DuplicateJsonObjectContextCustomizerFactory$DuplicateJsonObjectContextCustomizer@422c3c7a, org.springframework.boot.test.mock.mockito.MockitoContextCustomizer@98854dc], contextLoader = 'org.springframework.test.context.support.DelegatingSmartContextLoader', parent = [null]], attributes = map['org.springframework.test.context.event.ApplicationEventsTestExecutionListener.recordApplicationEvents' -> false]], class annotated with @DirtiesContext [false] with mode [null], method annotated with @DirtiesContext [false] with mode [null].
22:37:52.317 [Test worker] DEBUG org.springframework.test.context.cache.DefaultCacheAwareContextLoaderDelegate - Retrieved ApplicationContext [418513504] from cache with key [[MergedContextConfiguration@5778826f testClass = UserServiceTest, locations = '{}', classes = '{class org.waldreg.user.management.user.DefaultUserManager, class org.waldreg.user.management.joiningpool.DefaultJoiningPoolManager}', contextInitializerClasses = '[]', activeProfiles = '{}', propertySourceLocations = '{}', propertySourceProperties = '{}', contextCustomizers = set[org.springframework.boot.test.autoconfigure.actuate.metrics.MetricsExportContextCustomizerFactory$DisableMetricExportContextCustomizer@1698fc68, org.springframework.boot.test.autoconfigure.properties.PropertyMappingContextCustomizer@0, org.springframework.boot.test.autoconfigure.web.servlet.WebDriverContextCustomizerFactory$Customizer@58359ebd, org.springframework.boot.test.context.filter.ExcludeFilterContextCustomizer@4ee37ca3, org.springframework.boot.test.json.DuplicateJsonObjectContextCustomizerFactory$DuplicateJsonObjectContextCustomizer@422c3c7a, org.springframework.boot.test.mock.mockito.MockitoContextCustomizer@98854dc], contextLoader = 'org.springframework.test.context.support.DelegatingSmartContextLoader', parent = [null]]]
22:37:52.317 [Test worker] DEBUG org.springframework.test.context.cache - Spring test ApplicationContext cache statistics: [DefaultContextCache@476ee5b3 size = 1, maxSize = 32, parentContextCount = 0, hitCount = 300, missCount = 1]
22:37:52.317 [Test worker] DEBUG org.springframework.test.context.support.DependencyInjectionTestExecutionListener - Performing dependency injection for test context [[DefaultTestContext@7829b776 testClass = UserServiceTest, testInstance = org.waldreg.user.management.UserServiceTest@3c83468e, testMethod = [null], testException = [null], mergedContextConfiguration = [MergedContextConfiguration@5778826f testClass = UserServiceTest, locations = '{}', classes = '{class org.waldreg.user.management.user.DefaultUserManager, class org.waldreg.user.management.joiningpool.DefaultJoiningPoolManager}', contextInitializerClasses = '[]', activeProfiles = '{}', propertySourceLocations = '{}', propertySourceProperties = '{}', contextCustomizers = set[org.springframework.boot.test.autoconfigure.actuate.metrics.MetricsExportContextCustomizerFactory$DisableMetricExportContextCustomizer@1698fc68, org.springframework.boot.test.autoconfigure.properties.PropertyMappingContextCustomizer@0, org.springframework.boot.test.autoconfigure.web.servlet.WebDriverContextCustomizerFactory$Customizer@58359ebd, org.springframework.boot.test.context.filter.ExcludeFilterContextCustomizer@4ee37ca3, org.springframework.boot.test.json.DuplicateJsonObjectContextCustomizerFactory$DuplicateJsonObjectContextCustomizer@422c3c7a, org.springframework.boot.test.mock.mockito.MockitoContextCustomizer@98854dc], contextLoader = 'org.springframework.test.context.support.DelegatingSmartContextLoader', parent = [null]], attributes = map['org.springframework.test.context.event.ApplicationEventsTestExecutionListener.recordApplicationEvents' -> false]]].
22:37:52.317 [Test worker] DEBUG org.springframework.test.context.cache.DefaultCacheAwareContextLoaderDelegate - Retrieved ApplicationContext [418513504] from cache with key [[MergedContextConfiguration@5778826f testClass = UserServiceTest, locations = '{}', classes = '{class org.waldreg.user.management.user.DefaultUserManager, class org.waldreg.user.management.joiningpool.DefaultJoiningPoolManager}', contextInitializerClasses = '[]', activeProfiles = '{}', propertySourceLocations = '{}', propertySourceProperties = '{}', contextCustomizers = set[org.springframework.boot.test.autoconfigure.actuate.metrics.MetricsExportContextCustomizerFactory$DisableMetricExportContextCustomizer@1698fc68, org.springframework.boot.test.autoconfigure.properties.PropertyMappingContextCustomizer@0, org.springframework.boot.test.autoconfigure.web.servlet.WebDriverContextCustomizerFactory$Customizer@58359ebd, org.springframework.boot.test.context.filter.ExcludeFilterContextCustomizer@4ee37ca3, org.springframework.boot.test.json.DuplicateJsonObjectContextCustomizerFactory$DuplicateJsonObjectContextCustomizer@422c3c7a, org.springframework.boot.test.mock.mockito.MockitoContextCustomizer@98854dc], contextLoader = 'org.springframework.test.context.support.DelegatingSmartContextLoader', parent = [null]]]
22:37:52.317 [Test worker] DEBUG org.springframework.test.context.cache - Spring test ApplicationContext cache statistics: [DefaultContextCache@476ee5b3 size = 1, maxSize = 32, parentContextCount = 0, hitCount = 301, missCount = 1]
22:37:52.317 [Test worker] DEBUG org.springframework.test.context.cache.DefaultCacheAwareContextLoaderDelegate - Retrieved ApplicationContext [418513504] from cache with key [[MergedContextConfiguration@5778826f testClass = UserServiceTest, locations = '{}', classes = '{class org.waldreg.user.management.user.DefaultUserManager, class org.waldreg.user.management.joiningpool.DefaultJoiningPoolManager}', contextInitializerClasses = '[]', activeProfiles = '{}', propertySourceLocations = '{}', propertySourceProperties = '{}', contextCustomizers = set[org.springframework.boot.test.autoconfigure.actuate.metrics.MetricsExportContextCustomizerFactory$DisableMetricExportContextCustomizer@1698fc68, org.springframework.boot.test.autoconfigure.properties.PropertyMappingContextCustomizer@0, org.springframework.boot.test.autoconfigure.web.servlet.WebDriverContextCustomizerFactory$Customizer@58359ebd, org.springframework.boot.test.context.filter.ExcludeFilterContextCustomizer@4ee37ca3, org.springframework.boot.test.json.DuplicateJsonObjectContextCustomizerFactory$DuplicateJsonObjectContextCustomizer@422c3c7a, org.springframework.boot.test.mock.mockito.MockitoContextCustomizer@98854dc], contextLoader = 'org.springframework.test.context.support.DelegatingSmartContextLoader', parent = [null]]]
22:37:52.317 [Test worker] DEBUG org.springframework.test.context.cache - Spring test ApplicationContext cache statistics: [DefaultContextCache@476ee5b3 size = 1, maxSize = 32, parentContextCount = 0, hitCount = 302, missCount = 1]
22:37:52.317 [Test worker] DEBUG org.springframework.test.context.support.AbstractDirtiesContextTestExecutionListener - Before test method: context [DefaultTestContext@7829b776 testClass = UserServiceTest, testInstance = org.waldreg.user.management.UserServiceTest@3c83468e, testMethod = CREATE_USER_FAIL_CAUSE_USER_NAME_OVERFLOW_TEST@UserServiceTest, testException = [null], mergedContextConfiguration = [MergedContextConfiguration@5778826f testClass = UserServiceTest, locations = '{}', classes = '{class org.waldreg.user.management.user.DefaultUserManager, class org.waldreg.user.management.joiningpool.DefaultJoiningPoolManager}', contextInitializerClasses = '[]', activeProfiles = '{}', propertySourceLocations = '{}', propertySourceProperties = '{}', contextCustomizers = set[org.springframework.boot.test.autoconfigure.actuate.metrics.MetricsExportContextCustomizerFactory$DisableMetricExportContextCustomizer@1698fc68, org.springframework.boot.test.autoconfigure.properties.PropertyMappingContextCustomizer@0, org.springframework.boot.test.autoconfigure.web.servlet.WebDriverContextCustomizerFactory$Customizer@58359ebd, org.springframework.boot.test.context.filter.ExcludeFilterContextCustomizer@4ee37ca3, org.springframework.boot.test.json.DuplicateJsonObjectContextCustomizerFactory$DuplicateJsonObjectContextCustomizer@422c3c7a, org.springframework.boot.test.mock.mockito.MockitoContextCustomizer@98854dc], contextLoader = 'org.springframework.test.context.support.DelegatingSmartContextLoader', parent = [null]], attributes = map['org.springframework.test.context.event.ApplicationEventsTestExecutionListener.recordApplicationEvents' -> false]], class annotated with @DirtiesContext [false] with mode [null], method annotated with @DirtiesContext [false] with mode [null].
22:37:52.317 [Test worker] DEBUG org.springframework.test.context.cache.DefaultCacheAwareContextLoaderDelegate - Retrieved ApplicationContext [418513504] from cache with key [[MergedContextConfiguration@5778826f testClass = UserServiceTest, locations = '{}', classes = '{class org.waldreg.user.management.user.DefaultUserManager, class org.waldreg.user.management.joiningpool.DefaultJoiningPoolManager}', contextInitializerClasses = '[]', activeProfiles = '{}', propertySourceLocations = '{}', propertySourceProperties = '{}', contextCustomizers = set[org.springframework.boot.test.autoconfigure.actuate.metrics.MetricsExportContextCustomizerFactory$DisableMetricExportContextCustomizer@1698fc68, org.springframework.boot.test.autoconfigure.properties.PropertyMappingContextCustomizer@0, org.springframework.boot.test.autoconfigure.web.servlet.WebDriverContextCustomizerFactory$Customizer@58359ebd, org.springframework.boot.test.context.filter.ExcludeFilterContextCustomizer@4ee37ca3, org.springframework.boot.test.json.DuplicateJsonObjectContextCustomizerFactory$DuplicateJsonObjectContextCustomizer@422c3c7a, org.springframework.boot.test.mock.mockito.MockitoContextCustomizer@98854dc], contextLoader = 'org.springframework.test.context.support.DelegatingSmartContextLoader', parent = [null]]]
22:37:52.317 [Test worker] DEBUG org.springframework.test.context.cache - Spring test ApplicationContext cache statistics: [DefaultContextCache@476ee5b3 size = 1, maxSize = 32, parentContextCount = 0, hitCount = 303, missCount = 1]
22:37:52.317 [Test worker] DEBUG org.springframework.test.context.cache.DefaultCacheAwareContextLoaderDelegate - Retrieved ApplicationContext [418513504] from cache with key [[MergedContextConfiguration@5778826f testClass = UserServiceTest, locations = '{}', classes = '{class org.waldreg.user.management.user.DefaultUserManager, class org.waldreg.user.management.joiningpool.DefaultJoiningPoolManager}', contextInitializerClasses = '[]', activeProfiles = '{}', propertySourceLocations = '{}', propertySourceProperties = '{}', contextCustomizers = set[org.springframework.boot.test.autoconfigure.actuate.metrics.MetricsExportContextCustomizerFactory$DisableMetricExportContextCustomizer@1698fc68, org.springframework.boot.test.autoconfigure.properties.PropertyMappingContextCustomizer@0, org.springframework.boot.test.autoconfigure.web.servlet.WebDriverContextCustomizerFactory$Customizer@58359ebd, org.springframework.boot.test.context.filter.ExcludeFilterContextCustomizer@4ee37ca3, org.springframework.boot.test.json.DuplicateJsonObjectContextCustomizerFactory$DuplicateJsonObjectContextCustomizer@422c3c7a, org.springframework.boot.test.mock.mockito.MockitoContextCustomizer@98854dc], contextLoader = 'org.springframework.test.context.support.DelegatingSmartContextLoader', parent = [null]]]
22:37:52.317 [Test worker] DEBUG org.springframework.test.context.cache - Spring test ApplicationContext cache statistics: [DefaultContextCache@476ee5b3 size = 1, maxSize = 32, parentContextCount = 0, hitCount = 304, missCount = 1]
22:37:52.317 [Test worker] DEBUG org.springframework.test.context.cache.DefaultCacheAwareContextLoaderDelegate - Retrieved ApplicationContext [418513504] from cache with key [[MergedContextConfiguration@5778826f testClass = UserServiceTest, locations = '{}', classes = '{class org.waldreg.user.management.user.DefaultUserManager, class org.waldreg.user.management.joiningpool.DefaultJoiningPoolManager}', contextInitializerClasses = '[]', activeProfiles = '{}', propertySourceLocations = '{}', propertySourceProperties = '{}', contextCustomizers = set[org.springframework.boot.test.autoconfigure.actuate.metrics.MetricsExportContextCustomizerFactory$DisableMetricExportContextCustomizer@1698fc68, org.springframework.boot.test.autoconfigure.properties.PropertyMappingContextCustomizer@0, org.springframework.boot.test.autoconfigure.web.servlet.WebDriverContextCustomizerFactory$Customizer@58359ebd, org.springframework.boot.test.context.filter.ExcludeFilterContextCustomizer@4ee37ca3, org.springframework.boot.test.json.DuplicateJsonObjectContextCustomizerFactory$DuplicateJsonObjectContextCustomizer@422c3c7a, org.springframework.boot.test.mock.mockito.MockitoContextCustomizer@98854dc], contextLoader = 'org.springframework.test.context.support.DelegatingSmartContextLoader', parent = [null]]]
22:37:52.317 [Test worker] DEBUG org.springframework.test.context.cache - Spring test ApplicationContext cache statistics: [DefaultContextCache@476ee5b3 size = 1, maxSize = 32, parentContextCount = 0, hitCount = 305, missCount = 1]
22:37:52.325 [Test worker] DEBUG org.springframework.test.context.cache.DefaultCacheAwareContextLoaderDelegate - Retrieved ApplicationContext [418513504] from cache with key [[MergedContextConfiguration@5778826f testClass = UserServiceTest, locations = '{}', classes = '{class org.waldreg.user.management.user.DefaultUserManager, class org.waldreg.user.management.joiningpool.DefaultJoiningPoolManager}', contextInitializerClasses = '[]', activeProfiles = '{}', propertySourceLocations = '{}', propertySourceProperties = '{}', contextCustomizers = set[org.springframework.boot.test.autoconfigure.actuate.metrics.MetricsExportContextCustomizerFactory$DisableMetricExportContextCustomizer@1698fc68, org.springframework.boot.test.autoconfigure.properties.PropertyMappingContextCustomizer@0, org.springframework.boot.test.autoconfigure.web.servlet.WebDriverContextCustomizerFactory$Customizer@58359ebd, org.springframework.boot.test.context.filter.ExcludeFilterContextCustomizer@4ee37ca3, org.springframework.boot.test.json.DuplicateJsonObjectContextCustomizerFactory$DuplicateJsonObjectContextCustomizer@422c3c7a, org.springframework.boot.test.mock.mockito.MockitoContextCustomizer@98854dc], contextLoader = 'org.springframework.test.context.support.DelegatingSmartContextLoader', parent = [null]]]
22:37:52.325 [Test worker] DEBUG org.springframework.test.context.cache - Spring test ApplicationContext cache statistics: [DefaultContextCache@476ee5b3 size = 1, maxSize = 32, parentContextCount = 0, hitCount = 306, missCount = 1]
22:37:52.325 [Test worker] DEBUG org.springframework.test.context.cache.DefaultCacheAwareContextLoaderDelegate - Retrieved ApplicationContext [418513504] from cache with key [[MergedContextConfiguration@5778826f testClass = UserServiceTest, locations = '{}', classes = '{class org.waldreg.user.management.user.DefaultUserManager, class org.waldreg.user.management.joiningpool.DefaultJoiningPoolManager}', contextInitializerClasses = '[]', activeProfiles = '{}', propertySourceLocations = '{}', propertySourceProperties = '{}', contextCustomizers = set[org.springframework.boot.test.autoconfigure.actuate.metrics.MetricsExportContextCustomizerFactory$DisableMetricExportContextCustomizer@1698fc68, org.springframework.boot.test.autoconfigure.properties.PropertyMappingContextCustomizer@0, org.springframework.boot.test.autoconfigure.web.servlet.WebDriverContextCustomizerFactory$Customizer@58359ebd, org.springframework.boot.test.context.filter.ExcludeFilterContextCustomizer@4ee37ca3, org.springframework.boot.test.json.DuplicateJsonObjectContextCustomizerFactory$DuplicateJsonObjectContextCustomizer@422c3c7a, org.springframework.boot.test.mock.mockito.MockitoContextCustomizer@98854dc], contextLoader = 'org.springframework.test.context.support.DelegatingSmartContextLoader', parent = [null]]]
22:37:52.325 [Test worker] DEBUG org.springframework.test.context.cache - Spring test ApplicationContext cache statistics: [DefaultContextCache@476ee5b3 size = 1, maxSize = 32, parentContextCount = 0, hitCount = 307, missCount = 1]
22:37:52.325 [Test worker] DEBUG org.springframework.test.context.cache.DefaultCacheAwareContextLoaderDelegate - Retrieved ApplicationContext [418513504] from cache with key [[MergedContextConfiguration@5778826f testClass = UserServiceTest, locations = '{}', classes = '{class org.waldreg.user.management.user.DefaultUserManager, class org.waldreg.user.management.joiningpool.DefaultJoiningPoolManager}', contextInitializerClasses = '[]', activeProfiles = '{}', propertySourceLocations = '{}', propertySourceProperties = '{}', contextCustomizers = set[org.springframework.boot.test.autoconfigure.actuate.metrics.MetricsExportContextCustomizerFactory$DisableMetricExportContextCustomizer@1698fc68, org.springframework.boot.test.autoconfigure.properties.PropertyMappingContextCustomizer@0, org.springframework.boot.test.autoconfigure.web.servlet.WebDriverContextCustomizerFactory$Customizer@58359ebd, org.springframework.boot.test.context.filter.ExcludeFilterContextCustomizer@4ee37ca3, org.springframework.boot.test.json.DuplicateJsonObjectContextCustomizerFactory$DuplicateJsonObjectContextCustomizer@422c3c7a, org.springframework.boot.test.mock.mockito.MockitoContextCustomizer@98854dc], contextLoader = 'org.springframework.test.context.support.DelegatingSmartContextLoader', parent = [null]]]
22:37:52.325 [Test worker] DEBUG org.springframework.test.context.cache - Spring test ApplicationContext cache statistics: [DefaultContextCache@476ee5b3 size = 1, maxSize = 32, parentContextCount = 0, hitCount = 308, missCount = 1]
22:37:52.325 [Test worker] DEBUG org.springframework.test.context.cache.DefaultCacheAwareContextLoaderDelegate - Retrieved ApplicationContext [418513504] from cache with key [[MergedContextConfiguration@5778826f testClass = UserServiceTest, locations = '{}', classes = '{class org.waldreg.user.management.user.DefaultUserManager, class org.waldreg.user.management.joiningpool.DefaultJoiningPoolManager}', contextInitializerClasses = '[]', activeProfiles = '{}', propertySourceLocations = '{}', propertySourceProperties = '{}', contextCustomizers = set[org.springframework.boot.test.autoconfigure.actuate.metrics.MetricsExportContextCustomizerFactory$DisableMetricExportContextCustomizer@1698fc68, org.springframework.boot.test.autoconfigure.properties.PropertyMappingContextCustomizer@0, org.springframework.boot.test.autoconfigure.web.servlet.WebDriverContextCustomizerFactory$Customizer@58359ebd, org.springframework.boot.test.context.filter.ExcludeFilterContextCustomizer@4ee37ca3, org.springframework.boot.test.json.DuplicateJsonObjectContextCustomizerFactory$DuplicateJsonObjectContextCustomizer@422c3c7a, org.springframework.boot.test.mock.mockito.MockitoContextCustomizer@98854dc], contextLoader = 'org.springframework.test.context.support.DelegatingSmartContextLoader', parent = [null]]]
22:37:52.325 [Test worker] DEBUG org.springframework.test.context.cache - Spring test ApplicationContext cache statistics: [DefaultContextCache@476ee5b3 size = 1, maxSize = 32, parentContextCount = 0, hitCount = 309, missCount = 1]
22:37:52.327 [Test worker] DEBUG org.springframework.test.context.cache.DefaultCacheAwareContextLoaderDelegate - Retrieved ApplicationContext [418513504] from cache with key [[MergedContextConfiguration@5778826f testClass = UserServiceTest, locations = '{}', classes = '{class org.waldreg.user.management.user.DefaultUserManager, class org.waldreg.user.management.joiningpool.DefaultJoiningPoolManager}', contextInitializerClasses = '[]', activeProfiles = '{}', propertySourceLocations = '{}', propertySourceProperties = '{}', contextCustomizers = set[org.springframework.boot.test.autoconfigure.actuate.metrics.MetricsExportContextCustomizerFactory$DisableMetricExportContextCustomizer@1698fc68, org.springframework.boot.test.autoconfigure.properties.PropertyMappingContextCustomizer@0, org.springframework.boot.test.autoconfigure.web.servlet.WebDriverContextCustomizerFactory$Customizer@58359ebd, org.springframework.boot.test.context.filter.ExcludeFilterContextCustomizer@4ee37ca3, org.springframework.boot.test.json.DuplicateJsonObjectContextCustomizerFactory$DuplicateJsonObjectContextCustomizer@422c3c7a, org.springframework.boot.test.mock.mockito.MockitoContextCustomizer@98854dc], contextLoader = 'org.springframework.test.context.support.DelegatingSmartContextLoader', parent = [null]]]
22:37:52.328 [Test worker] DEBUG org.springframework.test.context.cache - Spring test ApplicationContext cache statistics: [DefaultContextCache@476ee5b3 size = 1, maxSize = 32, parentContextCount = 0, hitCount = 310, missCount = 1]
22:37:52.328 [Test worker] DEBUG org.springframework.test.context.cache.DefaultCacheAwareContextLoaderDelegate - Retrieved ApplicationContext [418513504] from cache with key [[MergedContextConfiguration@5778826f testClass = UserServiceTest, locations = '{}', classes = '{class org.waldreg.user.management.user.DefaultUserManager, class org.waldreg.user.management.joiningpool.DefaultJoiningPoolManager}', contextInitializerClasses = '[]', activeProfiles = '{}', propertySourceLocations = '{}', propertySourceProperties = '{}', contextCustomizers = set[org.springframework.boot.test.autoconfigure.actuate.metrics.MetricsExportContextCustomizerFactory$DisableMetricExportContextCustomizer@1698fc68, org.springframework.boot.test.autoconfigure.properties.PropertyMappingContextCustomizer@0, org.springframework.boot.test.autoconfigure.web.servlet.WebDriverContextCustomizerFactory$Customizer@58359ebd, org.springframework.boot.test.context.filter.ExcludeFilterContextCustomizer@4ee37ca3, org.springframework.boot.test.json.DuplicateJsonObjectContextCustomizerFactory$DuplicateJsonObjectContextCustomizer@422c3c7a, org.springframework.boot.test.mock.mockito.MockitoContextCustomizer@98854dc], contextLoader = 'org.springframework.test.context.support.DelegatingSmartContextLoader', parent = [null]]]
22:37:52.328 [Test worker] DEBUG org.springframework.test.context.cache - Spring test ApplicationContext cache statistics: [DefaultContextCache@476ee5b3 size = 1, maxSize = 32, parentContextCount = 0, hitCount = 311, missCount = 1]
22:37:52.328 [Test worker] DEBUG org.springframework.test.context.support.AbstractDirtiesContextTestExecutionListener - After test method: context [DefaultTestContext@7829b776 testClass = UserServiceTest, testInstance = org.waldreg.user.management.UserServiceTest@3c83468e, testMethod = CREATE_USER_FAIL_CAUSE_USER_NAME_OVERFLOW_TEST@UserServiceTest, testException = [null], mergedContextConfiguration = [MergedContextConfiguration@5778826f testClass = UserServiceTest, locations = '{}', classes = '{class org.waldreg.user.management.user.DefaultUserManager, class org.waldreg.user.management.joiningpool.DefaultJoiningPoolManager}', contextInitializerClasses = '[]', activeProfiles = '{}', propertySourceLocations = '{}', propertySourceProperties = '{}', contextCustomizers = set[org.springframework.boot.test.autoconfigure.actuate.metrics.MetricsExportContextCustomizerFactory$DisableMetricExportContextCustomizer@1698fc68, org.springframework.boot.test.autoconfigure.properties.PropertyMappingContextCustomizer@0, org.springframework.boot.test.autoconfigure.web.servlet.WebDriverContextCustomizerFactory$Customizer@58359ebd, org.springframework.boot.test.context.filter.ExcludeFilterContextCustomizer@4ee37ca3, org.springframework.boot.test.json.DuplicateJsonObjectContextCustomizerFactory$DuplicateJsonObjectContextCustomizer@422c3c7a, org.springframework.boot.test.mock.mockito.MockitoContextCustomizer@98854dc], contextLoader = 'org.springframework.test.context.support.DelegatingSmartContextLoader', parent = [null]], attributes = map['org.springframework.test.context.event.ApplicationEventsTestExecutionListener.recordApplicationEvents' -> false]], class annotated with @DirtiesContext [false] with mode [null], method annotated with @DirtiesContext [false] with mode [null].
22:37:52.328 [Test worker] DEBUG org.springframework.test.context.cache.DefaultCacheAwareContextLoaderDelegate - Retrieved ApplicationContext [418513504] from cache with key [[MergedContextConfiguration@5778826f testClass = UserServiceTest, locations = '{}', classes = '{class org.waldreg.user.management.user.DefaultUserManager, class org.waldreg.user.management.joiningpool.DefaultJoiningPoolManager}', contextInitializerClasses = '[]', activeProfiles = '{}', propertySourceLocations = '{}', propertySourceProperties = '{}', contextCustomizers = set[org.springframework.boot.test.autoconfigure.actuate.metrics.MetricsExportContextCustomizerFactory$DisableMetricExportContextCustomizer@1698fc68, org.springframework.boot.test.autoconfigure.properties.PropertyMappingContextCustomizer@0, org.springframework.boot.test.autoconfigure.web.servlet.WebDriverContextCustomizerFactory$Customizer@58359ebd, org.springframework.boot.test.context.filter.ExcludeFilterContextCustomizer@4ee37ca3, org.springframework.boot.test.json.DuplicateJsonObjectContextCustomizerFactory$DuplicateJsonObjectContextCustomizer@422c3c7a, org.springframework.boot.test.mock.mockito.MockitoContextCustomizer@98854dc], contextLoader = 'org.springframework.test.context.support.DelegatingSmartContextLoader', parent = [null]]]
22:37:52.328 [Test worker] DEBUG org.springframework.test.context.cache - Spring test ApplicationContext cache statistics: [DefaultContextCache@476ee5b3 size = 1, maxSize = 32, parentContextCount = 0, hitCount = 312, missCount = 1]
22:37:52.328 [Test worker] DEBUG org.springframework.test.context.support.AbstractDirtiesContextTestExecutionListener - After test class: context [DefaultTestContext@7829b776 testClass = UserServiceTest, testInstance = [null], testMethod = [null], testException = [null], mergedContextConfiguration = [MergedContextConfiguration@5778826f testClass = UserServiceTest, locations = '{}', classes = '{class org.waldreg.user.management.user.DefaultUserManager, class org.waldreg.user.management.joiningpool.DefaultJoiningPoolManager}', contextInitializerClasses = '[]', activeProfiles = '{}', propertySourceLocations = '{}', propertySourceProperties = '{}', contextCustomizers = set[org.springframework.boot.test.autoconfigure.actuate.metrics.MetricsExportContextCustomizerFactory$DisableMetricExportContextCustomizer@1698fc68, org.springframework.boot.test.autoconfigure.properties.PropertyMappingContextCustomizer@0, org.springframework.boot.test.autoconfigure.web.servlet.WebDriverContextCustomizerFactory$Customizer@58359ebd, org.springframework.boot.test.context.filter.ExcludeFilterContextCustomizer@4ee37ca3, org.springframework.boot.test.json.DuplicateJsonObjectContextCustomizerFactory$DuplicateJsonObjectContextCustomizer@422c3c7a, org.springframework.boot.test.mock.mockito.MockitoContextCustomizer@98854dc], contextLoader = 'org.springframework.test.context.support.DelegatingSmartContextLoader', parent = [null]], attributes = map['org.springframework.test.context.event.ApplicationEventsTestExecutionListener.recordApplicationEvents' -> false]], class annotated with @DirtiesContext [false] with mode [null].
]]></system-out>
  <system-err><![CDATA[3월 23, 2023 10:37:51 오후 org.waldreg.user.management.joiningpool.DefaultJoiningPoolManager readUserJoiningPool
INFO: adjust endIdx "3" to "3" maxIdx is "3"
]]></system-err>
</testsuite>
