<?xml version="1.0" encoding="UTF-8"?>
<testsuite name="org.waldreg.repository.character.CharacterRepositoryTest" tests="6" skipped="0" failures="0" errors="0" timestamp="2023-06-27T14:51:26" hostname="xb-apple.local" time="0.146">
  <properties/>
  <testcase name="새로운 Character 생성 테스트" classname="org.waldreg.repository.character.CharacterRepositoryTest" time="0.087"/>
  <testcase name="모든 CHARACTER 조회 테스트" classname="org.waldreg.repository.character.CharacterRepositoryTest" time="0.011"/>
  <testcase name="CHARACTER 삭제 테스트" classname="org.waldreg.repository.character.CharacterRepositoryTest" time="0.021"/>
  <testcase name="CHARACTER 조회 테스트" classname="org.waldreg.repository.character.CharacterRepositoryTest" time="0.004"/>
  <testcase name="유저의 아이디로 CHARACTER 조회 테스트" classname="org.waldreg.repository.character.CharacterRepositoryTest" time="0.013"/>
  <testcase name="CHARACTER UPDATE 테스트" classname="org.waldreg.repository.character.CharacterRepositoryTest" time="0.008"/>
  <system-out><![CDATA[23:51:25.171 [Test worker] DEBUG org.springframework.test.context.BootstrapUtils - Instantiating CacheAwareContextLoaderDelegate from class [org.springframework.test.context.cache.DefaultCacheAwareContextLoaderDelegate]
23:51:25.175 [Test worker] DEBUG org.springframework.test.context.BootstrapUtils - Instantiating BootstrapContext using constructor [public org.springframework.test.context.support.DefaultBootstrapContext(java.lang.Class,org.springframework.test.context.CacheAwareContextLoaderDelegate)]
23:51:25.188 [Test worker] DEBUG org.springframework.test.context.BootstrapUtils - Instantiating TestContextBootstrapper for test class [org.waldreg.repository.character.CharacterRepositoryTest] from class [org.springframework.boot.test.autoconfigure.orm.jpa.DataJpaTestContextBootstrapper]
23:51:25.194 [Test worker] DEBUG org.springframework.test.context.support.AbstractContextLoader - Did not detect default resource location for test class [org.waldreg.repository.character.CharacterRepositoryTest]: class path resource [org/waldreg/repository/character/CharacterRepositoryTest-context.xml] does not exist
23:51:25.195 [Test worker] DEBUG org.springframework.test.context.support.AbstractContextLoader - Did not detect default resource location for test class [org.waldreg.repository.character.CharacterRepositoryTest]: class path resource [org/waldreg/repository/character/CharacterRepositoryTestContext.groovy] does not exist
23:51:25.195 [Test worker] INFO org.springframework.test.context.support.AbstractContextLoader - Could not detect default resource locations for test class [org.waldreg.repository.character.CharacterRepositoryTest]: no resource found for suffixes {-context.xml, Context.groovy}.
23:51:25.216 [Test worker] DEBUG org.springframework.test.context.support.ActiveProfilesUtils - Could not find an 'annotation declaring class' for annotation type [org.springframework.test.context.ActiveProfiles] and class [org.waldreg.repository.character.CharacterRepositoryTest]
23:51:25.219 [Test worker] DEBUG org.springframework.boot.test.autoconfigure.orm.jpa.DataJpaTestContextBootstrapper - @TestExecutionListeners is not present for class [org.waldreg.repository.character.CharacterRepositoryTest]: using defaults.
23:51:25.220 [Test worker] INFO org.springframework.boot.test.autoconfigure.orm.jpa.DataJpaTestContextBootstrapper - Loaded default TestExecutionListener class names from location [META-INF/spring.factories]: [org.springframework.boot.test.autoconfigure.restdocs.RestDocsTestExecutionListener, org.springframework.boot.test.autoconfigure.web.client.MockRestServiceServerResetTestExecutionListener, org.springframework.boot.test.autoconfigure.web.servlet.MockMvcPrintOnlyOnFailureTestExecutionListener, org.springframework.boot.test.autoconfigure.web.servlet.WebDriverTestExecutionListener, org.springframework.boot.test.autoconfigure.webservices.client.MockWebServiceServerTestExecutionListener, org.springframework.boot.test.mock.mockito.MockitoTestExecutionListener, org.springframework.boot.test.mock.mockito.ResetMocksTestExecutionListener, org.springframework.test.context.web.ServletTestExecutionListener, org.springframework.test.context.support.DirtiesContextBeforeModesTestExecutionListener, org.springframework.test.context.event.ApplicationEventsTestExecutionListener, org.springframework.test.context.support.DependencyInjectionTestExecutionListener, org.springframework.test.context.support.DirtiesContextTestExecutionListener, org.springframework.test.context.transaction.TransactionalTestExecutionListener, org.springframework.test.context.jdbc.SqlScriptsTestExecutionListener, org.springframework.test.context.event.EventPublishingTestExecutionListener]
23:51:25.226 [Test worker] INFO org.springframework.boot.test.autoconfigure.orm.jpa.DataJpaTestContextBootstrapper - Using TestExecutionListeners: [org.springframework.test.context.web.ServletTestExecutionListener@c5dc4a2, org.springframework.test.context.support.DirtiesContextBeforeModesTestExecutionListener@4a194c39, org.springframework.test.context.event.ApplicationEventsTestExecutionListener@52066604, org.springframework.boot.test.mock.mockito.MockitoTestExecutionListener@340b9973, org.springframework.boot.test.autoconfigure.SpringBootDependencyInjectionTestExecutionListener@56113384, org.springframework.test.context.support.DirtiesContextTestExecutionListener@5669c5fb, org.springframework.test.context.transaction.TransactionalTestExecutionListener@373ebf74, org.springframework.test.context.jdbc.SqlScriptsTestExecutionListener@5f9678e1, org.springframework.test.context.event.EventPublishingTestExecutionListener@c4ed84, org.springframework.boot.test.autoconfigure.restdocs.RestDocsTestExecutionListener@189aa67a, org.springframework.boot.test.autoconfigure.web.client.MockRestServiceServerResetTestExecutionListener@5a9d6f02, org.springframework.boot.test.autoconfigure.web.servlet.MockMvcPrintOnlyOnFailureTestExecutionListener@362045c0, org.springframework.boot.test.autoconfigure.web.servlet.WebDriverTestExecutionListener@112f364d, org.springframework.boot.test.autoconfigure.webservices.client.MockWebServiceServerTestExecutionListener@5ccbeb64, org.springframework.boot.test.mock.mockito.ResetMocksTestExecutionListener@6d9f7a80]
23:51:25.227 [Test worker] DEBUG org.springframework.test.context.support.AbstractDirtiesContextTestExecutionListener - Before test class: context [DefaultTestContext@178213b testClass = CharacterRepositoryTest, testInstance = [null], testMethod = [null], testException = [null], mergedContextConfiguration = [MergedContextConfiguration@7103cb56 testClass = CharacterRepositoryTest, locations = '{}', classes = '{class org.waldreg.repository.character.CharacterRepositoryServiceProvider, class org.waldreg.repository.character.mapper.CharacterRepositoryMapper, class org.waldreg.repository.character.JpaCharacterTestInitializer}', contextInitializerClasses = '[]', activeProfiles = '{}', propertySourceLocations = '{classpath:h2-application.properties}', propertySourceProperties = '{org.springframework.boot.test.autoconfigure.orm.jpa.DataJpaTestContextBootstrapper=true}', contextCustomizers = set[org.springframework.boot.test.autoconfigure.OverrideAutoConfigurationContextCustomizerFactory$DisableAutoConfigurationContextCustomizer@466276d8, org.springframework.boot.test.autoconfigure.actuate.metrics.MetricsExportContextCustomizerFactory$DisableMetricExportContextCustomizer@2b76ff4e, org.springframework.boot.test.autoconfigure.filter.TypeExcludeFiltersContextCustomizer@351584c0, org.springframework.boot.test.autoconfigure.properties.PropertyMappingContextCustomizer@8fa674d0, org.springframework.boot.test.autoconfigure.web.servlet.WebDriverContextCustomizerFactory$Customizer@7e6ef134, [ImportsContextCustomizer@1b765a2c key = [org.springframework.boot.autoconfigure.cache.CacheAutoConfiguration, org.springframework.boot.autoconfigure.data.jpa.JpaRepositoriesAutoConfiguration, org.springframework.boot.autoconfigure.flyway.FlywayAutoConfiguration, org.springframework.boot.autoconfigure.jdbc.DataSourceAutoConfiguration, org.springframework.boot.autoconfigure.jdbc.DataSourceTransactionManagerAutoConfiguration, org.springframework.boot.autoconfigure.jdbc.JdbcTemplateAutoConfiguration, org.springframework.boot.autoconfigure.liquibase.LiquibaseAutoConfiguration, org.springframework.boot.autoconfigure.orm.jpa.HibernateJpaAutoConfiguration, org.springframework.boot.autoconfigure.sql.init.SqlInitializationAutoConfiguration, org.springframework.boot.autoconfigure.transaction.TransactionAutoConfiguration, org.springframework.boot.test.autoconfigure.jdbc.TestDatabaseAutoConfiguration, org.springframework.boot.test.autoconfigure.orm.jpa.TestEntityManagerAutoConfiguration]], org.springframework.boot.test.context.filter.ExcludeFilterContextCustomizer@176b3f44, org.springframework.boot.test.json.DuplicateJsonObjectContextCustomizerFactory$DuplicateJsonObjectContextCustomizer@5d12a356, org.springframework.boot.test.mock.mockito.MockitoContextCustomizer@0, org.springframework.boot.test.context.SpringBootTestArgs@1, org.springframework.boot.test.context.SpringBootTestWebEnvironment@0], contextLoader = 'org.springframework.boot.test.context.SpringBootContextLoader', parent = [null]], attributes = map[[empty]]], class annotated with @DirtiesContext [false] with mode [null].
23:51:25.231 [Test worker] DEBUG org.springframework.test.context.support.DependencyInjectionTestExecutionListener - Performing dependency injection for test context [[DefaultTestContext@178213b testClass = CharacterRepositoryTest, testInstance = org.waldreg.repository.character.CharacterRepositoryTest@13518f37, testMethod = [null], testException = [null], mergedContextConfiguration = [MergedContextConfiguration@7103cb56 testClass = CharacterRepositoryTest, locations = '{}', classes = '{class org.waldreg.repository.character.CharacterRepositoryServiceProvider, class org.waldreg.repository.character.mapper.CharacterRepositoryMapper, class org.waldreg.repository.character.JpaCharacterTestInitializer}', contextInitializerClasses = '[]', activeProfiles = '{}', propertySourceLocations = '{classpath:h2-application.properties}', propertySourceProperties = '{org.springframework.boot.test.autoconfigure.orm.jpa.DataJpaTestContextBootstrapper=true}', contextCustomizers = set[org.springframework.boot.test.autoconfigure.OverrideAutoConfigurationContextCustomizerFactory$DisableAutoConfigurationContextCustomizer@466276d8, org.springframework.boot.test.autoconfigure.actuate.metrics.MetricsExportContextCustomizerFactory$DisableMetricExportContextCustomizer@2b76ff4e, org.springframework.boot.test.autoconfigure.filter.TypeExcludeFiltersContextCustomizer@351584c0, org.springframework.boot.test.autoconfigure.properties.PropertyMappingContextCustomizer@8fa674d0, org.springframework.boot.test.autoconfigure.web.servlet.WebDriverContextCustomizerFactory$Customizer@7e6ef134, [ImportsContextCustomizer@1b765a2c key = [org.springframework.boot.autoconfigure.cache.CacheAutoConfiguration, org.springframework.boot.autoconfigure.data.jpa.JpaRepositoriesAutoConfiguration, org.springframework.boot.autoconfigure.flyway.FlywayAutoConfiguration, org.springframework.boot.autoconfigure.jdbc.DataSourceAutoConfiguration, org.springframework.boot.autoconfigure.jdbc.DataSourceTransactionManagerAutoConfiguration, org.springframework.boot.autoconfigure.jdbc.JdbcTemplateAutoConfiguration, org.springframework.boot.autoconfigure.liquibase.LiquibaseAutoConfiguration, org.springframework.boot.autoconfigure.orm.jpa.HibernateJpaAutoConfiguration, org.springframework.boot.autoconfigure.sql.init.SqlInitializationAutoConfiguration, org.springframework.boot.autoconfigure.transaction.TransactionAutoConfiguration, org.springframework.boot.test.autoconfigure.jdbc.TestDatabaseAutoConfiguration, org.springframework.boot.test.autoconfigure.orm.jpa.TestEntityManagerAutoConfiguration]], org.springframework.boot.test.context.filter.ExcludeFilterContextCustomizer@176b3f44, org.springframework.boot.test.json.DuplicateJsonObjectContextCustomizerFactory$DuplicateJsonObjectContextCustomizer@5d12a356, org.springframework.boot.test.mock.mockito.MockitoContextCustomizer@0, org.springframework.boot.test.context.SpringBootTestArgs@1, org.springframework.boot.test.context.SpringBootTestWebEnvironment@0], contextLoader = 'org.springframework.boot.test.context.SpringBootContextLoader', parent = [null]], attributes = map['org.springframework.test.context.event.ApplicationEventsTestExecutionListener.recordApplicationEvents' -> false]]].

  .   ____          _            __ _ _
 /\\ / ___'_ __ _ _(_)_ __  __ _ \ \ \ \
( ( )\___ | '_ | '_| | '_ \/ _` | \ \ \ \
 \\/  ___)| |_)| | | | | || (_| |  ) ) ) )
  '  |____| .__|_| |_|_| |_\__, | / / / /
 =========|_|==============|___/=/_/_/_/
 :: Spring Boot ::                (v2.7.1)

2023-06-27 23:51:25.353  INFO 92784 --- [    Test worker] o.w.r.character.CharacterRepositoryTest  : Starting CharacterRepositoryTest using Java 19.0.2 on xb-apple.local with PID 92784 (started by devxb in /Users/devxb/develop/waldreg-api/waldreg/repository-layer/character-jpa)
2023-06-27 23:51:25.354  INFO 92784 --- [    Test worker] o.w.r.character.CharacterRepositoryTest  : No active profile set, falling back to 1 default profile: "default"
2023-06-27 23:51:25.486  INFO 92784 --- [    Test worker] .s.d.r.c.RepositoryConfigurationDelegate : Bootstrapping Spring Data JPA repositories in DEFAULT mode.
2023-06-27 23:51:25.502  INFO 92784 --- [    Test worker] .s.d.r.c.RepositoryConfigurationDelegate : Finished Spring Data repository scanning in 13 ms. Found 3 JPA repository interfaces.
2023-06-27 23:51:25.520  INFO 92784 --- [    Test worker] beddedDataSourceBeanFactoryPostProcessor : Replacing 'dataSource' DataSource bean with embedded version
2023-06-27 23:51:25.580  INFO 92784 --- [    Test worker] o.s.j.d.e.EmbeddedDatabaseFactory        : Starting embedded database: url='jdbc:h2:mem:c19878e4-1fb4-4bc9-8ea0-8f1929087c4b;DB_CLOSE_DELAY=-1;DB_CLOSE_ON_EXIT=false', username='sa'
2023-06-27 23:51:25.694  INFO 92784 --- [    Test worker] o.hibernate.jpa.internal.util.LogHelper  : HHH000204: Processing PersistenceUnitInfo [name: default]
2023-06-27 23:51:25.710  INFO 92784 --- [    Test worker] org.hibernate.Version                    : HHH000412: Hibernate ORM core version 5.6.9.Final
2023-06-27 23:51:25.763  INFO 92784 --- [    Test worker] o.hibernate.annotations.common.Version   : HCANN000001: Hibernate Commons Annotations {5.1.2.Final}
2023-06-27 23:51:25.796  INFO 92784 --- [    Test worker] org.hibernate.dialect.Dialect            : HHH000400: Using dialect: org.hibernate.dialect.H2Dialect
Hibernate: drop table if exists application_color CASCADE 
Hibernate: drop table if exists attendance CASCADE 
Hibernate: drop table if exists attendance_type_reward CASCADE 
Hibernate: drop table if exists attendance_user CASCADE 
Hibernate: drop table if exists board CASCADE 
Hibernate: drop table if exists category CASCADE 
Hibernate: drop table if exists characters CASCADE 
Hibernate: drop table if exists comment CASCADE 
Hibernate: drop table if exists file_path_list CASCADE 
Hibernate: drop table if exists filename CASCADE 
Hibernate: drop table if exists home_content CASCADE 
Hibernate: drop table if exists image_path_list CASCADE 
Hibernate: drop table if exists permission CASCADE 
Hibernate: drop table if exists reaction CASCADE 
Hibernate: drop table if exists reaction_user CASCADE 
Hibernate: drop table if exists reward_tag CASCADE 
Hibernate: drop table if exists reward_tag_wrapper CASCADE 
Hibernate: drop table if exists schedule CASCADE 
Hibernate: drop table if exists team CASCADE 
Hibernate: drop table if exists team_building CASCADE 
Hibernate: drop table if exists team_user CASCADE 
Hibernate: drop table if exists user CASCADE 
Hibernate: drop table if exists user_joining_pool CASCADE 
Hibernate: drop table if exists waiver CASCADE 
Hibernate: drop sequence if exists hibernate_sequence
Hibernate: create sequence hibernate_sequence start with 1 increment by 1
Hibernate: create table application_color (application_color_id integer not null, application_background_color varchar(255), application_primary_color varchar(255), primary key (application_color_id))
Hibernate: create table attendance (attendance_attendance_id integer generated by default as identity, attendance_attendance_date date not null, attendance_type_reward_id integer not null, attendance_user_attendance_user_id integer not null, primary key (attendance_attendance_id))
Hibernate: create table attendance_type_reward (attendance_type_reward_id integer generated by default as identity, attendance_type_name varchar(255) not null, reward_tag_reward_tag_id integer, primary key (attendance_type_reward_id))
Hibernate: create table attendance_user (attendance_user_attendance_user_id integer generated by default as identity, user_id integer not null, primary key (attendance_user_attendance_user_id))
Hibernate: create table board (board_id integer generated by default as identity, board_content clob, board_created_at TIMESTAMP not null, board_last_modified_at TIMESTAMP not null, board_title varchar(250) not null, board_views integer not null, category_id integer not null, user_id integer not null, primary key (board_id))
Hibernate: create table category (category_id integer generated by default as identity, category_name varchar(50) not null, primary key (category_id))
Hibernate: create table characters (character_id integer generated by default as identity, character_character_name varchar(25) not null, primary key (character_id))
Hibernate: create table comment (comment_id integer generated by default as identity, comment_content varchar(1000) not null, comment_created_at TIMESTAMP not null, comment_last_modified_at TIMESTAMP not null, board_id integer not null, user_id integer not null, primary key (comment_id))
Hibernate: create table file_path_list (board_board_id integer not null, board_file_path_list varchar(255))
Hibernate: create table filename (filename_id integer generated by default as identity, filename_origin varchar(255) not null, filename_uuid varchar(255) not null, primary key (filename_id))
Hibernate: create table home_content (home_content_id integer not null, home_content_content varchar(10000), primary key (home_content_id))
Hibernate: create table image_path_list (board_board_id integer not null, board_image_path_list varchar(255))
Hibernate: create table permission (permission_id integer generated by default as identity, permission_name varchar(255) not null, permission_permission_unit_id integer not null, permission_service varchar(255) not null, permission_status varchar(255) not null, character_id integer, primary key (permission_id))
Hibernate: create table reaction (reaction_id integer generated by default as identity, reaction_type varchar(255), board_id integer not null, primary key (reaction_id))
Hibernate: create table reaction_user (reaction_user_id integer generated by default as identity, reaction_id integer not null, user_id integer not null, primary key (reaction_user_id))
Hibernate: create table reward_tag (reward_tag_reward_tag_id integer generated by default as identity, reward_tag_reward_point integer not null, reward_tag_reward_tag_title varchar(105) not null, primary key (reward_tag_reward_tag_id))
Hibernate: create table reward_tag_wrapper (reward_tag_wrapper_reward_id integer not null, reward_tag_wrapper_reward_presented_at TIMESTAMP not null, reward_tag_reward_tag_id integer not null, user_id integer not null, primary key (reward_tag_wrapper_reward_id))
Hibernate: create table schedule (schedule_id integer generated by default as identity, schedule_finish_at TIMESTAMP not null, schedule_content varchar(1000), schedule_repeat_cycle integer, schedule_repeat_repeat_finish_at TIMESTAMP, schedule_title varchar(1000) not null, schedule_started_at TIMESTAMP not null, primary key (schedule_id))
Hibernate: create table team (team_team_id integer generated by default as identity, team_last_modified_at TIMESTAMP not null, team_team_name varchar(1005) not null, team_building_team_building_id integer, primary key (team_team_id))
Hibernate: create table team_building (team_building_team_building_id integer generated by default as identity, team_building_created_at TIMESTAMP not null, team_building_last_modified_at TIMESTAMP not null, team_building_team_building_title varchar(1000) not null, primary key (team_building_team_building_id))
Hibernate: create table team_user (team_user_id integer generated by default as identity, team_team_id integer not null, user_id integer not null, primary key (team_user_id))
Hibernate: create table user (user_id integer generated by default as identity, user_created_at DATE not null, user_name varchar(50) not null, user_phone_number varchar(15) not null, user_user_id varchar(50) not null, user_user_password varchar(20) not null, character_id integer not null, primary key (user_id))
Hibernate: create table user_joining_pool (user_joining_pool_id integer generated by default as identity, user_created_at DATE not null, user_name varchar(50) not null, user_phone_number varchar(15) not null, user_user_id varchar(50) not null, user_user_password varchar(20) not null, primary key (user_joining_pool_id))
Hibernate: create table waiver (waiver_waiver_id integer generated by default as identity, waiver_waiver_date DATE not null, waiver_waiver_reason varchar(1000), user_id integer not null, primary key (waiver_waiver_id))
Hibernate: alter table attendance_type_reward add constraint UK_ot60popbtj9yd51ftjok579e6 unique (attendance_type_name)
Hibernate: alter table attendance_user add constraint UK_8hkvnicn7gwsd8lu2mf01omh4 unique (user_id)
Hibernate: alter table characters add constraint UK_vkhyyfgjtdfdpcak6gupn3wf unique (character_character_name)
Hibernate: alter table user add constraint UK_odiq9iu3tbt4efu91ck20xj6h unique (user_user_id)
Hibernate: alter table user_joining_pool add constraint UK_r7rj76d04tf5pcb2qsnixmwt1 unique (user_user_id)
Hibernate: alter table attendance add constraint FK1a611daqcqyoby9owj9rusxv6 foreign key (attendance_type_reward_id) references attendance_type_reward
Hibernate: alter table attendance add constraint FKmhofud6amjvnyaqyn2mlw2cb4 foreign key (attendance_user_attendance_user_id) references attendance_user
Hibernate: alter table attendance_type_reward add constraint FKltx6rc45cl7gnd3a0qo039jsy foreign key (reward_tag_reward_tag_id) references reward_tag
Hibernate: alter table attendance_user add constraint FKmq1kc386m1rj5pc3i2k5krww3 foreign key (user_id) references user
Hibernate: alter table board add constraint FK60jn05fpinj6cjhqcmtkacu2g foreign key (category_id) references category
Hibernate: alter table board add constraint FKfyf1fchnby6hndhlfaidier1r foreign key (user_id) references user
Hibernate: alter table comment add constraint FKlij9oor1nav89jeat35s6kbp1 foreign key (board_id) references board
Hibernate: alter table comment add constraint FK8kcum44fvpupyw6f5baccx25c foreign key (user_id) references user
Hibernate: alter table file_path_list add constraint FKo4j76f5w6rpxvgofpcui2j91j foreign key (board_board_id) references board
Hibernate: alter table image_path_list add constraint FK4walshmg08iumfxy6xtnsv1b8 foreign key (board_board_id) references board
Hibernate: alter table permission add constraint FK1eom1bcct35ll27kupa5pp98q foreign key (character_id) references characters
Hibernate: alter table reaction add constraint FK7bug6mxn1l3mq8wj67f9jxfv8 foreign key (board_id) references board
Hibernate: alter table reaction_user add constraint FKbo9v7y0tqv81llet3jsmsberf foreign key (reaction_id) references reaction
Hibernate: alter table reaction_user add constraint FKkv06rilr3svg5vxnwfa6cqxju foreign key (user_id) references user
Hibernate: alter table reward_tag_wrapper add constraint FKqj881uefl0r7x7wl38xumuvvs foreign key (reward_tag_reward_tag_id) references reward_tag
Hibernate: alter table reward_tag_wrapper add constraint FK59enq230i9cgjo7ver57s8jw7 foreign key (user_id) references user
Hibernate: alter table team add constraint FKcm2navqut5nfr2tsv8thmppce foreign key (team_building_team_building_id) references team_building
Hibernate: alter table team_user add constraint FK8n95chmkolnsw08hkvi10v8c1 foreign key (team_team_id) references team
Hibernate: alter table team_user add constraint FK6w6lkqjk13n0nmf4jbnb3d376 foreign key (user_id) references user
Hibernate: alter table user add constraint FKtcxuw2ohvvy9dj6206qieq3qm foreign key (character_id) references characters
Hibernate: alter table waiver add constraint FK1pe6nj4xw8hby9w6siqct9vqv foreign key (user_id) references user
2023-06-27 23:51:26.040  INFO 92784 --- [    Test worker] o.h.e.t.j.p.i.JtaPlatformInitiator       : HHH000490: Using JtaPlatform implementation: [org.hibernate.engine.transaction.jta.platform.internal.NoJtaPlatform]
2023-06-27 23:51:26.043  INFO 92784 --- [    Test worker] j.LocalContainerEntityManagerFactoryBean : Initialized JPA EntityManagerFactory for persistence unit 'default'
2023-06-27 23:51:26.250  INFO 92784 --- [    Test worker] o.w.r.character.CharacterRepositoryTest  : Started CharacterRepositoryTest in 1.009 seconds (JVM running for 1.348)
2023-06-27 23:51:26.257  INFO 92784 --- [    Test worker] o.s.t.c.transaction.TransactionContext   : Began transaction (1) for test context [DefaultTestContext@178213b testClass = CharacterRepositoryTest, testInstance = org.waldreg.repository.character.CharacterRepositoryTest@13518f37, testMethod = CREATE_NEW_CHARACTER_TEST@CharacterRepositoryTest, testException = [null], mergedContextConfiguration = [MergedContextConfiguration@7103cb56 testClass = CharacterRepositoryTest, locations = '{}', classes = '{class org.waldreg.repository.character.CharacterRepositoryServiceProvider, class org.waldreg.repository.character.mapper.CharacterRepositoryMapper, class org.waldreg.repository.character.JpaCharacterTestInitializer}', contextInitializerClasses = '[]', activeProfiles = '{}', propertySourceLocations = '{classpath:h2-application.properties}', propertySourceProperties = '{org.springframework.boot.test.autoconfigure.orm.jpa.DataJpaTestContextBootstrapper=true}', contextCustomizers = set[org.springframework.boot.test.autoconfigure.OverrideAutoConfigurationContextCustomizerFactory$DisableAutoConfigurationContextCustomizer@466276d8, org.springframework.boot.test.autoconfigure.actuate.metrics.MetricsExportContextCustomizerFactory$DisableMetricExportContextCustomizer@2b76ff4e, org.springframework.boot.test.autoconfigure.filter.TypeExcludeFiltersContextCustomizer@351584c0, org.springframework.boot.test.autoconfigure.properties.PropertyMappingContextCustomizer@8fa674d0, org.springframework.boot.test.autoconfigure.web.servlet.WebDriverContextCustomizerFactory$Customizer@7e6ef134, [ImportsContextCustomizer@1b765a2c key = [org.springframework.boot.autoconfigure.cache.CacheAutoConfiguration, org.springframework.boot.autoconfigure.data.jpa.JpaRepositoriesAutoConfiguration, org.springframework.boot.autoconfigure.flyway.FlywayAutoConfiguration, org.springframework.boot.autoconfigure.jdbc.DataSourceAutoConfiguration, org.springframework.boot.autoconfigure.jdbc.DataSourceTransactionManagerAutoConfiguration, org.springframework.boot.autoconfigure.jdbc.JdbcTemplateAutoConfiguration, org.springframework.boot.autoconfigure.liquibase.LiquibaseAutoConfiguration, org.springframework.boot.autoconfigure.orm.jpa.HibernateJpaAutoConfiguration, org.springframework.boot.autoconfigure.sql.init.SqlInitializationAutoConfiguration, org.springframework.boot.autoconfigure.transaction.TransactionAutoConfiguration, org.springframework.boot.test.autoconfigure.jdbc.TestDatabaseAutoConfiguration, org.springframework.boot.test.autoconfigure.orm.jpa.TestEntityManagerAutoConfiguration]], org.springframework.boot.test.context.filter.ExcludeFilterContextCustomizer@176b3f44, org.springframework.boot.test.json.DuplicateJsonObjectContextCustomizerFactory$DuplicateJsonObjectContextCustomizer@5d12a356, org.springframework.boot.test.mock.mockito.MockitoContextCustomizer@0, org.springframework.boot.test.context.SpringBootTestArgs@1, org.springframework.boot.test.context.SpringBootTestWebEnvironment@0], contextLoader = 'org.springframework.boot.test.context.SpringBootContextLoader', parent = [null]], attributes = map['org.springframework.test.context.event.ApplicationEventsTestExecutionListener.recordApplicationEvents' -> false]]; transaction manager [org.springframework.orm.jpa.JpaTransactionManager@3b046e64]; rollback [true]
Hibernate: insert into characters (character_id, character_character_name) values (default, ?)
Hibernate: insert into permission (permission_id, character_id, permission_name, permission_permission_unit_id, permission_service, permission_status) values (default, ?, ?, ?, ?, ?)
Hibernate: insert into characters (character_id, character_character_name) values (default, ?)
Hibernate: insert into permission (permission_id, character_id, permission_name, permission_permission_unit_id, permission_service, permission_status) values (default, ?, ?, ?, ?, ?)
2023-06-27 23:51:26.339  INFO 92784 --- [    Test worker] o.s.t.c.transaction.TransactionContext   : Rolled back transaction for test: [DefaultTestContext@178213b testClass = CharacterRepositoryTest, testInstance = org.waldreg.repository.character.CharacterRepositoryTest@13518f37, testMethod = CREATE_NEW_CHARACTER_TEST@CharacterRepositoryTest, testException = [null], mergedContextConfiguration = [MergedContextConfiguration@7103cb56 testClass = CharacterRepositoryTest, locations = '{}', classes = '{class org.waldreg.repository.character.CharacterRepositoryServiceProvider, class org.waldreg.repository.character.mapper.CharacterRepositoryMapper, class org.waldreg.repository.character.JpaCharacterTestInitializer}', contextInitializerClasses = '[]', activeProfiles = '{}', propertySourceLocations = '{classpath:h2-application.properties}', propertySourceProperties = '{org.springframework.boot.test.autoconfigure.orm.jpa.DataJpaTestContextBootstrapper=true}', contextCustomizers = set[org.springframework.boot.test.autoconfigure.OverrideAutoConfigurationContextCustomizerFactory$DisableAutoConfigurationContextCustomizer@466276d8, org.springframework.boot.test.autoconfigure.actuate.metrics.MetricsExportContextCustomizerFactory$DisableMetricExportContextCustomizer@2b76ff4e, org.springframework.boot.test.autoconfigure.filter.TypeExcludeFiltersContextCustomizer@351584c0, org.springframework.boot.test.autoconfigure.properties.PropertyMappingContextCustomizer@8fa674d0, org.springframework.boot.test.autoconfigure.web.servlet.WebDriverContextCustomizerFactory$Customizer@7e6ef134, [ImportsContextCustomizer@1b765a2c key = [org.springframework.boot.autoconfigure.cache.CacheAutoConfiguration, org.springframework.boot.autoconfigure.data.jpa.JpaRepositoriesAutoConfiguration, org.springframework.boot.autoconfigure.flyway.FlywayAutoConfiguration, org.springframework.boot.autoconfigure.jdbc.DataSourceAutoConfiguration, org.springframework.boot.autoconfigure.jdbc.DataSourceTransactionManagerAutoConfiguration, org.springframework.boot.autoconfigure.jdbc.JdbcTemplateAutoConfiguration, org.springframework.boot.autoconfigure.liquibase.LiquibaseAutoConfiguration, org.springframework.boot.autoconfigure.orm.jpa.HibernateJpaAutoConfiguration, org.springframework.boot.autoconfigure.sql.init.SqlInitializationAutoConfiguration, org.springframework.boot.autoconfigure.transaction.TransactionAutoConfiguration, org.springframework.boot.test.autoconfigure.jdbc.TestDatabaseAutoConfiguration, org.springframework.boot.test.autoconfigure.orm.jpa.TestEntityManagerAutoConfiguration]], org.springframework.boot.test.context.filter.ExcludeFilterContextCustomizer@176b3f44, org.springframework.boot.test.json.DuplicateJsonObjectContextCustomizerFactory$DuplicateJsonObjectContextCustomizer@5d12a356, org.springframework.boot.test.mock.mockito.MockitoContextCustomizer@0, org.springframework.boot.test.context.SpringBootTestArgs@1, org.springframework.boot.test.context.SpringBootTestWebEnvironment@0], contextLoader = 'org.springframework.boot.test.context.SpringBootContextLoader', parent = [null]], attributes = map['org.springframework.test.context.event.ApplicationEventsTestExecutionListener.recordApplicationEvents' -> false]]
2023-06-27 23:51:26.341  INFO 92784 --- [    Test worker] o.s.t.c.transaction.TransactionContext   : Began transaction (1) for test context [DefaultTestContext@178213b testClass = CharacterRepositoryTest, testInstance = org.waldreg.repository.character.CharacterRepositoryTest@470a446f, testMethod = READ_ALL_CHARACTER_TEST@CharacterRepositoryTest, testException = [null], mergedContextConfiguration = [MergedContextConfiguration@7103cb56 testClass = CharacterRepositoryTest, locations = '{}', classes = '{class org.waldreg.repository.character.CharacterRepositoryServiceProvider, class org.waldreg.repository.character.mapper.CharacterRepositoryMapper, class org.waldreg.repository.character.JpaCharacterTestInitializer}', contextInitializerClasses = '[]', activeProfiles = '{}', propertySourceLocations = '{classpath:h2-application.properties}', propertySourceProperties = '{org.springframework.boot.test.autoconfigure.orm.jpa.DataJpaTestContextBootstrapper=true}', contextCustomizers = set[org.springframework.boot.test.autoconfigure.OverrideAutoConfigurationContextCustomizerFactory$DisableAutoConfigurationContextCustomizer@466276d8, org.springframework.boot.test.autoconfigure.actuate.metrics.MetricsExportContextCustomizerFactory$DisableMetricExportContextCustomizer@2b76ff4e, org.springframework.boot.test.autoconfigure.filter.TypeExcludeFiltersContextCustomizer@351584c0, org.springframework.boot.test.autoconfigure.properties.PropertyMappingContextCustomizer@8fa674d0, org.springframework.boot.test.autoconfigure.web.servlet.WebDriverContextCustomizerFactory$Customizer@7e6ef134, [ImportsContextCustomizer@1b765a2c key = [org.springframework.boot.autoconfigure.cache.CacheAutoConfiguration, org.springframework.boot.autoconfigure.data.jpa.JpaRepositoriesAutoConfiguration, org.springframework.boot.autoconfigure.flyway.FlywayAutoConfiguration, org.springframework.boot.autoconfigure.jdbc.DataSourceAutoConfiguration, org.springframework.boot.autoconfigure.jdbc.DataSourceTransactionManagerAutoConfiguration, org.springframework.boot.autoconfigure.jdbc.JdbcTemplateAutoConfiguration, org.springframework.boot.autoconfigure.liquibase.LiquibaseAutoConfiguration, org.springframework.boot.autoconfigure.orm.jpa.HibernateJpaAutoConfiguration, org.springframework.boot.autoconfigure.sql.init.SqlInitializationAutoConfiguration, org.springframework.boot.autoconfigure.transaction.TransactionAutoConfiguration, org.springframework.boot.test.autoconfigure.jdbc.TestDatabaseAutoConfiguration, org.springframework.boot.test.autoconfigure.orm.jpa.TestEntityManagerAutoConfiguration]], org.springframework.boot.test.context.filter.ExcludeFilterContextCustomizer@176b3f44, org.springframework.boot.test.json.DuplicateJsonObjectContextCustomizerFactory$DuplicateJsonObjectContextCustomizer@5d12a356, org.springframework.boot.test.mock.mockito.MockitoContextCustomizer@0, org.springframework.boot.test.context.SpringBootTestArgs@1, org.springframework.boot.test.context.SpringBootTestWebEnvironment@0], contextLoader = 'org.springframework.boot.test.context.SpringBootContextLoader', parent = [null]], attributes = map['org.springframework.test.context.event.ApplicationEventsTestExecutionListener.recordApplicationEvents' -> false]]; transaction manager [org.springframework.orm.jpa.JpaTransactionManager@3b046e64]; rollback [true]
Hibernate: insert into characters (character_id, character_character_name) values (default, ?)
Hibernate: insert into permission (permission_id, character_id, permission_name, permission_permission_unit_id, permission_service, permission_status) values (default, ?, ?, ?, ?, ?)
Hibernate: insert into characters (character_id, character_character_name) values (default, ?)
Hibernate: insert into permission (permission_id, character_id, permission_name, permission_permission_unit_id, permission_service, permission_status) values (default, ?, ?, ?, ?, ?)
Hibernate: insert into characters (character_id, character_character_name) values (default, ?)
Hibernate: insert into permission (permission_id, character_id, permission_name, permission_permission_unit_id, permission_service, permission_status) values (default, ?, ?, ?, ?, ?)
Hibernate: insert into characters (character_id, character_character_name) values (default, ?)
Hibernate: insert into permission (permission_id, character_id, permission_name, permission_permission_unit_id, permission_service, permission_status) values (default, ?, ?, ?, ?, ?)
Hibernate: select character0_.character_id as characte1_6_, character0_.character_character_name as characte2_6_ from characters character0_
2023-06-27 23:51:26.352  INFO 92784 --- [    Test worker] o.s.t.c.transaction.TransactionContext   : Rolled back transaction for test: [DefaultTestContext@178213b testClass = CharacterRepositoryTest, testInstance = org.waldreg.repository.character.CharacterRepositoryTest@470a446f, testMethod = READ_ALL_CHARACTER_TEST@CharacterRepositoryTest, testException = [null], mergedContextConfiguration = [MergedContextConfiguration@7103cb56 testClass = CharacterRepositoryTest, locations = '{}', classes = '{class org.waldreg.repository.character.CharacterRepositoryServiceProvider, class org.waldreg.repository.character.mapper.CharacterRepositoryMapper, class org.waldreg.repository.character.JpaCharacterTestInitializer}', contextInitializerClasses = '[]', activeProfiles = '{}', propertySourceLocations = '{classpath:h2-application.properties}', propertySourceProperties = '{org.springframework.boot.test.autoconfigure.orm.jpa.DataJpaTestContextBootstrapper=true}', contextCustomizers = set[org.springframework.boot.test.autoconfigure.OverrideAutoConfigurationContextCustomizerFactory$DisableAutoConfigurationContextCustomizer@466276d8, org.springframework.boot.test.autoconfigure.actuate.metrics.MetricsExportContextCustomizerFactory$DisableMetricExportContextCustomizer@2b76ff4e, org.springframework.boot.test.autoconfigure.filter.TypeExcludeFiltersContextCustomizer@351584c0, org.springframework.boot.test.autoconfigure.properties.PropertyMappingContextCustomizer@8fa674d0, org.springframework.boot.test.autoconfigure.web.servlet.WebDriverContextCustomizerFactory$Customizer@7e6ef134, [ImportsContextCustomizer@1b765a2c key = [org.springframework.boot.autoconfigure.cache.CacheAutoConfiguration, org.springframework.boot.autoconfigure.data.jpa.JpaRepositoriesAutoConfiguration, org.springframework.boot.autoconfigure.flyway.FlywayAutoConfiguration, org.springframework.boot.autoconfigure.jdbc.DataSourceAutoConfiguration, org.springframework.boot.autoconfigure.jdbc.DataSourceTransactionManagerAutoConfiguration, org.springframework.boot.autoconfigure.jdbc.JdbcTemplateAutoConfiguration, org.springframework.boot.autoconfigure.liquibase.LiquibaseAutoConfiguration, org.springframework.boot.autoconfigure.orm.jpa.HibernateJpaAutoConfiguration, org.springframework.boot.autoconfigure.sql.init.SqlInitializationAutoConfiguration, org.springframework.boot.autoconfigure.transaction.TransactionAutoConfiguration, org.springframework.boot.test.autoconfigure.jdbc.TestDatabaseAutoConfiguration, org.springframework.boot.test.autoconfigure.orm.jpa.TestEntityManagerAutoConfiguration]], org.springframework.boot.test.context.filter.ExcludeFilterContextCustomizer@176b3f44, org.springframework.boot.test.json.DuplicateJsonObjectContextCustomizerFactory$DuplicateJsonObjectContextCustomizer@5d12a356, org.springframework.boot.test.mock.mockito.MockitoContextCustomizer@0, org.springframework.boot.test.context.SpringBootTestArgs@1, org.springframework.boot.test.context.SpringBootTestWebEnvironment@0], contextLoader = 'org.springframework.boot.test.context.SpringBootContextLoader', parent = [null]], attributes = map['org.springframework.test.context.event.ApplicationEventsTestExecutionListener.recordApplicationEvents' -> false]]
2023-06-27 23:51:26.353  INFO 92784 --- [    Test worker] o.s.t.c.transaction.TransactionContext   : Began transaction (1) for test context [DefaultTestContext@178213b testClass = CharacterRepositoryTest, testInstance = org.waldreg.repository.character.CharacterRepositoryTest@720c0996, testMethod = DELETE_CHARACTER_TEST@CharacterRepositoryTest, testException = [null], mergedContextConfiguration = [MergedContextConfiguration@7103cb56 testClass = CharacterRepositoryTest, locations = '{}', classes = '{class org.waldreg.repository.character.CharacterRepositoryServiceProvider, class org.waldreg.repository.character.mapper.CharacterRepositoryMapper, class org.waldreg.repository.character.JpaCharacterTestInitializer}', contextInitializerClasses = '[]', activeProfiles = '{}', propertySourceLocations = '{classpath:h2-application.properties}', propertySourceProperties = '{org.springframework.boot.test.autoconfigure.orm.jpa.DataJpaTestContextBootstrapper=true}', contextCustomizers = set[org.springframework.boot.test.autoconfigure.OverrideAutoConfigurationContextCustomizerFactory$DisableAutoConfigurationContextCustomizer@466276d8, org.springframework.boot.test.autoconfigure.actuate.metrics.MetricsExportContextCustomizerFactory$DisableMetricExportContextCustomizer@2b76ff4e, org.springframework.boot.test.autoconfigure.filter.TypeExcludeFiltersContextCustomizer@351584c0, org.springframework.boot.test.autoconfigure.properties.PropertyMappingContextCustomizer@8fa674d0, org.springframework.boot.test.autoconfigure.web.servlet.WebDriverContextCustomizerFactory$Customizer@7e6ef134, [ImportsContextCustomizer@1b765a2c key = [org.springframework.boot.autoconfigure.cache.CacheAutoConfiguration, org.springframework.boot.autoconfigure.data.jpa.JpaRepositoriesAutoConfiguration, org.springframework.boot.autoconfigure.flyway.FlywayAutoConfiguration, org.springframework.boot.autoconfigure.jdbc.DataSourceAutoConfiguration, org.springframework.boot.autoconfigure.jdbc.DataSourceTransactionManagerAutoConfiguration, org.springframework.boot.autoconfigure.jdbc.JdbcTemplateAutoConfiguration, org.springframework.boot.autoconfigure.liquibase.LiquibaseAutoConfiguration, org.springframework.boot.autoconfigure.orm.jpa.HibernateJpaAutoConfiguration, org.springframework.boot.autoconfigure.sql.init.SqlInitializationAutoConfiguration, org.springframework.boot.autoconfigure.transaction.TransactionAutoConfiguration, org.springframework.boot.test.autoconfigure.jdbc.TestDatabaseAutoConfiguration, org.springframework.boot.test.autoconfigure.orm.jpa.TestEntityManagerAutoConfiguration]], org.springframework.boot.test.context.filter.ExcludeFilterContextCustomizer@176b3f44, org.springframework.boot.test.json.DuplicateJsonObjectContextCustomizerFactory$DuplicateJsonObjectContextCustomizer@5d12a356, org.springframework.boot.test.mock.mockito.MockitoContextCustomizer@0, org.springframework.boot.test.context.SpringBootTestArgs@1, org.springframework.boot.test.context.SpringBootTestWebEnvironment@0], contextLoader = 'org.springframework.boot.test.context.SpringBootContextLoader', parent = [null]], attributes = map['org.springframework.test.context.event.ApplicationEventsTestExecutionListener.recordApplicationEvents' -> false]]; transaction manager [org.springframework.orm.jpa.JpaTransactionManager@3b046e64]; rollback [true]
Hibernate: insert into characters (character_id, character_character_name) values (default, ?)
Hibernate: insert into permission (permission_id, character_id, permission_name, permission_permission_unit_id, permission_service, permission_status) values (default, ?, ?, ?, ?, ?)
Hibernate: insert into characters (character_id, character_character_name) values (default, ?)
Hibernate: insert into permission (permission_id, character_id, permission_name, permission_permission_unit_id, permission_service, permission_status) values (default, ?, ?, ?, ?, ?)
Hibernate: select character0_.character_id as characte1_6_0_, permission1_.permission_id as permissi1_12_1_, character0_.character_character_name as characte2_6_0_, permission1_.character_id as characte6_12_1_, permission1_.permission_name as permissi2_12_1_, permission1_.permission_permission_unit_id as permissi3_12_1_, permission1_.permission_service as permissi4_12_1_, permission1_.permission_status as permissi5_12_1_, permission1_.character_id as characte6_12_0__, permission1_.permission_id as permissi1_12_0__ from characters character0_ inner join permission permission1_ on character0_.character_id=permission1_.character_id where character0_.character_character_name=?
Hibernate: select character0_.character_id as characte1_6_0_, permission1_.permission_id as permissi1_12_1_, character0_.character_character_name as characte2_6_0_, permission1_.character_id as characte6_12_1_, permission1_.permission_name as permissi2_12_1_, permission1_.permission_permission_unit_id as permissi3_12_1_, permission1_.permission_service as permissi4_12_1_, permission1_.permission_status as permissi5_12_1_, permission1_.character_id as characte6_12_0__, permission1_.permission_id as permissi1_12_0__ from characters character0_ inner join permission permission1_ on character0_.character_id=permission1_.character_id where character0_.character_character_name=?
Hibernate: select user0_.user_id as user_id1_21_, user0_.character_id as characte7_21_, user0_.user_created_at as user_cre2_21_, user0_.user_name as user_nam3_21_, user0_.user_phone_number as user_pho4_21_, user0_.user_user_id as user_use5_21_, user0_.user_user_password as user_use6_21_ from user user0_ where user0_.character_id=?
Hibernate: DELETE FROM PERMISSION WHERE CHARACTER_ID = ?
Hibernate: delete from characters where character_id=?
Hibernate: select character0_.character_id as characte1_6_0_, permission1_.permission_id as permissi1_12_1_, character0_.character_character_name as characte2_6_0_, permission1_.character_id as characte6_12_1_, permission1_.permission_name as permissi2_12_1_, permission1_.permission_permission_unit_id as permissi3_12_1_, permission1_.permission_service as permissi4_12_1_, permission1_.permission_status as permissi5_12_1_, permission1_.character_id as characte6_12_0__, permission1_.permission_id as permissi1_12_0__ from characters character0_ inner join permission permission1_ on character0_.character_id=permission1_.character_id where character0_.character_character_name=?
2023-06-27 23:51:26.373  INFO 92784 --- [    Test worker] o.s.t.c.transaction.TransactionContext   : Rolled back transaction for test: [DefaultTestContext@178213b testClass = CharacterRepositoryTest, testInstance = org.waldreg.repository.character.CharacterRepositoryTest@720c0996, testMethod = DELETE_CHARACTER_TEST@CharacterRepositoryTest, testException = [null], mergedContextConfiguration = [MergedContextConfiguration@7103cb56 testClass = CharacterRepositoryTest, locations = '{}', classes = '{class org.waldreg.repository.character.CharacterRepositoryServiceProvider, class org.waldreg.repository.character.mapper.CharacterRepositoryMapper, class org.waldreg.repository.character.JpaCharacterTestInitializer}', contextInitializerClasses = '[]', activeProfiles = '{}', propertySourceLocations = '{classpath:h2-application.properties}', propertySourceProperties = '{org.springframework.boot.test.autoconfigure.orm.jpa.DataJpaTestContextBootstrapper=true}', contextCustomizers = set[org.springframework.boot.test.autoconfigure.OverrideAutoConfigurationContextCustomizerFactory$DisableAutoConfigurationContextCustomizer@466276d8, org.springframework.boot.test.autoconfigure.actuate.metrics.MetricsExportContextCustomizerFactory$DisableMetricExportContextCustomizer@2b76ff4e, org.springframework.boot.test.autoconfigure.filter.TypeExcludeFiltersContextCustomizer@351584c0, org.springframework.boot.test.autoconfigure.properties.PropertyMappingContextCustomizer@8fa674d0, org.springframework.boot.test.autoconfigure.web.servlet.WebDriverContextCustomizerFactory$Customizer@7e6ef134, [ImportsContextCustomizer@1b765a2c key = [org.springframework.boot.autoconfigure.cache.CacheAutoConfiguration, org.springframework.boot.autoconfigure.data.jpa.JpaRepositoriesAutoConfiguration, org.springframework.boot.autoconfigure.flyway.FlywayAutoConfiguration, org.springframework.boot.autoconfigure.jdbc.DataSourceAutoConfiguration, org.springframework.boot.autoconfigure.jdbc.DataSourceTransactionManagerAutoConfiguration, org.springframework.boot.autoconfigure.jdbc.JdbcTemplateAutoConfiguration, org.springframework.boot.autoconfigure.liquibase.LiquibaseAutoConfiguration, org.springframework.boot.autoconfigure.orm.jpa.HibernateJpaAutoConfiguration, org.springframework.boot.autoconfigure.sql.init.SqlInitializationAutoConfiguration, org.springframework.boot.autoconfigure.transaction.TransactionAutoConfiguration, org.springframework.boot.test.autoconfigure.jdbc.TestDatabaseAutoConfiguration, org.springframework.boot.test.autoconfigure.orm.jpa.TestEntityManagerAutoConfiguration]], org.springframework.boot.test.context.filter.ExcludeFilterContextCustomizer@176b3f44, org.springframework.boot.test.json.DuplicateJsonObjectContextCustomizerFactory$DuplicateJsonObjectContextCustomizer@5d12a356, org.springframework.boot.test.mock.mockito.MockitoContextCustomizer@0, org.springframework.boot.test.context.SpringBootTestArgs@1, org.springframework.boot.test.context.SpringBootTestWebEnvironment@0], contextLoader = 'org.springframework.boot.test.context.SpringBootContextLoader', parent = [null]], attributes = map['org.springframework.test.context.event.ApplicationEventsTestExecutionListener.recordApplicationEvents' -> false]]
2023-06-27 23:51:26.374  INFO 92784 --- [    Test worker] o.s.t.c.transaction.TransactionContext   : Began transaction (1) for test context [DefaultTestContext@178213b testClass = CharacterRepositoryTest, testInstance = org.waldreg.repository.character.CharacterRepositoryTest@1cda75be, testMethod = READ_CHARACTER_TEST@CharacterRepositoryTest, testException = [null], mergedContextConfiguration = [MergedContextConfiguration@7103cb56 testClass = CharacterRepositoryTest, locations = '{}', classes = '{class org.waldreg.repository.character.CharacterRepositoryServiceProvider, class org.waldreg.repository.character.mapper.CharacterRepositoryMapper, class org.waldreg.repository.character.JpaCharacterTestInitializer}', contextInitializerClasses = '[]', activeProfiles = '{}', propertySourceLocations = '{classpath:h2-application.properties}', propertySourceProperties = '{org.springframework.boot.test.autoconfigure.orm.jpa.DataJpaTestContextBootstrapper=true}', contextCustomizers = set[org.springframework.boot.test.autoconfigure.OverrideAutoConfigurationContextCustomizerFactory$DisableAutoConfigurationContextCustomizer@466276d8, org.springframework.boot.test.autoconfigure.actuate.metrics.MetricsExportContextCustomizerFactory$DisableMetricExportContextCustomizer@2b76ff4e, org.springframework.boot.test.autoconfigure.filter.TypeExcludeFiltersContextCustomizer@351584c0, org.springframework.boot.test.autoconfigure.properties.PropertyMappingContextCustomizer@8fa674d0, org.springframework.boot.test.autoconfigure.web.servlet.WebDriverContextCustomizerFactory$Customizer@7e6ef134, [ImportsContextCustomizer@1b765a2c key = [org.springframework.boot.autoconfigure.cache.CacheAutoConfiguration, org.springframework.boot.autoconfigure.data.jpa.JpaRepositoriesAutoConfiguration, org.springframework.boot.autoconfigure.flyway.FlywayAutoConfiguration, org.springframework.boot.autoconfigure.jdbc.DataSourceAutoConfiguration, org.springframework.boot.autoconfigure.jdbc.DataSourceTransactionManagerAutoConfiguration, org.springframework.boot.autoconfigure.jdbc.JdbcTemplateAutoConfiguration, org.springframework.boot.autoconfigure.liquibase.LiquibaseAutoConfiguration, org.springframework.boot.autoconfigure.orm.jpa.HibernateJpaAutoConfiguration, org.springframework.boot.autoconfigure.sql.init.SqlInitializationAutoConfiguration, org.springframework.boot.autoconfigure.transaction.TransactionAutoConfiguration, org.springframework.boot.test.autoconfigure.jdbc.TestDatabaseAutoConfiguration, org.springframework.boot.test.autoconfigure.orm.jpa.TestEntityManagerAutoConfiguration]], org.springframework.boot.test.context.filter.ExcludeFilterContextCustomizer@176b3f44, org.springframework.boot.test.json.DuplicateJsonObjectContextCustomizerFactory$DuplicateJsonObjectContextCustomizer@5d12a356, org.springframework.boot.test.mock.mockito.MockitoContextCustomizer@0, org.springframework.boot.test.context.SpringBootTestArgs@1, org.springframework.boot.test.context.SpringBootTestWebEnvironment@0], contextLoader = 'org.springframework.boot.test.context.SpringBootContextLoader', parent = [null]], attributes = map['org.springframework.test.context.event.ApplicationEventsTestExecutionListener.recordApplicationEvents' -> false]]; transaction manager [org.springframework.orm.jpa.JpaTransactionManager@3b046e64]; rollback [true]
Hibernate: insert into characters (character_id, character_character_name) values (default, ?)
Hibernate: insert into permission (permission_id, character_id, permission_name, permission_permission_unit_id, permission_service, permission_status) values (default, ?, ?, ?, ?, ?)
Hibernate: insert into characters (character_id, character_character_name) values (default, ?)
Hibernate: insert into permission (permission_id, character_id, permission_name, permission_permission_unit_id, permission_service, permission_status) values (default, ?, ?, ?, ?, ?)
Hibernate: select character0_.character_id as characte1_6_0_, permission1_.permission_id as permissi1_12_1_, character0_.character_character_name as characte2_6_0_, permission1_.character_id as characte6_12_1_, permission1_.permission_name as permissi2_12_1_, permission1_.permission_permission_unit_id as permissi3_12_1_, permission1_.permission_service as permissi4_12_1_, permission1_.permission_status as permissi5_12_1_, permission1_.character_id as characte6_12_0__, permission1_.permission_id as permissi1_12_0__ from characters character0_ inner join permission permission1_ on character0_.character_id=permission1_.character_id where character0_.character_character_name=?
2023-06-27 23:51:26.377  INFO 92784 --- [    Test worker] o.s.t.c.transaction.TransactionContext   : Rolled back transaction for test: [DefaultTestContext@178213b testClass = CharacterRepositoryTest, testInstance = org.waldreg.repository.character.CharacterRepositoryTest@1cda75be, testMethod = READ_CHARACTER_TEST@CharacterRepositoryTest, testException = [null], mergedContextConfiguration = [MergedContextConfiguration@7103cb56 testClass = CharacterRepositoryTest, locations = '{}', classes = '{class org.waldreg.repository.character.CharacterRepositoryServiceProvider, class org.waldreg.repository.character.mapper.CharacterRepositoryMapper, class org.waldreg.repository.character.JpaCharacterTestInitializer}', contextInitializerClasses = '[]', activeProfiles = '{}', propertySourceLocations = '{classpath:h2-application.properties}', propertySourceProperties = '{org.springframework.boot.test.autoconfigure.orm.jpa.DataJpaTestContextBootstrapper=true}', contextCustomizers = set[org.springframework.boot.test.autoconfigure.OverrideAutoConfigurationContextCustomizerFactory$DisableAutoConfigurationContextCustomizer@466276d8, org.springframework.boot.test.autoconfigure.actuate.metrics.MetricsExportContextCustomizerFactory$DisableMetricExportContextCustomizer@2b76ff4e, org.springframework.boot.test.autoconfigure.filter.TypeExcludeFiltersContextCustomizer@351584c0, org.springframework.boot.test.autoconfigure.properties.PropertyMappingContextCustomizer@8fa674d0, org.springframework.boot.test.autoconfigure.web.servlet.WebDriverContextCustomizerFactory$Customizer@7e6ef134, [ImportsContextCustomizer@1b765a2c key = [org.springframework.boot.autoconfigure.cache.CacheAutoConfiguration, org.springframework.boot.autoconfigure.data.jpa.JpaRepositoriesAutoConfiguration, org.springframework.boot.autoconfigure.flyway.FlywayAutoConfiguration, org.springframework.boot.autoconfigure.jdbc.DataSourceAutoConfiguration, org.springframework.boot.autoconfigure.jdbc.DataSourceTransactionManagerAutoConfiguration, org.springframework.boot.autoconfigure.jdbc.JdbcTemplateAutoConfiguration, org.springframework.boot.autoconfigure.liquibase.LiquibaseAutoConfiguration, org.springframework.boot.autoconfigure.orm.jpa.HibernateJpaAutoConfiguration, org.springframework.boot.autoconfigure.sql.init.SqlInitializationAutoConfiguration, org.springframework.boot.autoconfigure.transaction.TransactionAutoConfiguration, org.springframework.boot.test.autoconfigure.jdbc.TestDatabaseAutoConfiguration, org.springframework.boot.test.autoconfigure.orm.jpa.TestEntityManagerAutoConfiguration]], org.springframework.boot.test.context.filter.ExcludeFilterContextCustomizer@176b3f44, org.springframework.boot.test.json.DuplicateJsonObjectContextCustomizerFactory$DuplicateJsonObjectContextCustomizer@5d12a356, org.springframework.boot.test.mock.mockito.MockitoContextCustomizer@0, org.springframework.boot.test.context.SpringBootTestArgs@1, org.springframework.boot.test.context.SpringBootTestWebEnvironment@0], contextLoader = 'org.springframework.boot.test.context.SpringBootContextLoader', parent = [null]], attributes = map['org.springframework.test.context.event.ApplicationEventsTestExecutionListener.recordApplicationEvents' -> false]]
2023-06-27 23:51:26.379  INFO 92784 --- [    Test worker] o.s.t.c.transaction.TransactionContext   : Began transaction (1) for test context [DefaultTestContext@178213b testClass = CharacterRepositoryTest, testInstance = org.waldreg.repository.character.CharacterRepositoryTest@28d16af8, testMethod = READ_CHARACTER_BY_USERS_ID_TEST@CharacterRepositoryTest, testException = [null], mergedContextConfiguration = [MergedContextConfiguration@7103cb56 testClass = CharacterRepositoryTest, locations = '{}', classes = '{class org.waldreg.repository.character.CharacterRepositoryServiceProvider, class org.waldreg.repository.character.mapper.CharacterRepositoryMapper, class org.waldreg.repository.character.JpaCharacterTestInitializer}', contextInitializerClasses = '[]', activeProfiles = '{}', propertySourceLocations = '{classpath:h2-application.properties}', propertySourceProperties = '{org.springframework.boot.test.autoconfigure.orm.jpa.DataJpaTestContextBootstrapper=true}', contextCustomizers = set[org.springframework.boot.test.autoconfigure.OverrideAutoConfigurationContextCustomizerFactory$DisableAutoConfigurationContextCustomizer@466276d8, org.springframework.boot.test.autoconfigure.actuate.metrics.MetricsExportContextCustomizerFactory$DisableMetricExportContextCustomizer@2b76ff4e, org.springframework.boot.test.autoconfigure.filter.TypeExcludeFiltersContextCustomizer@351584c0, org.springframework.boot.test.autoconfigure.properties.PropertyMappingContextCustomizer@8fa674d0, org.springframework.boot.test.autoconfigure.web.servlet.WebDriverContextCustomizerFactory$Customizer@7e6ef134, [ImportsContextCustomizer@1b765a2c key = [org.springframework.boot.autoconfigure.cache.CacheAutoConfiguration, org.springframework.boot.autoconfigure.data.jpa.JpaRepositoriesAutoConfiguration, org.springframework.boot.autoconfigure.flyway.FlywayAutoConfiguration, org.springframework.boot.autoconfigure.jdbc.DataSourceAutoConfiguration, org.springframework.boot.autoconfigure.jdbc.DataSourceTransactionManagerAutoConfiguration, org.springframework.boot.autoconfigure.jdbc.JdbcTemplateAutoConfiguration, org.springframework.boot.autoconfigure.liquibase.LiquibaseAutoConfiguration, org.springframework.boot.autoconfigure.orm.jpa.HibernateJpaAutoConfiguration, org.springframework.boot.autoconfigure.sql.init.SqlInitializationAutoConfiguration, org.springframework.boot.autoconfigure.transaction.TransactionAutoConfiguration, org.springframework.boot.test.autoconfigure.jdbc.TestDatabaseAutoConfiguration, org.springframework.boot.test.autoconfigure.orm.jpa.TestEntityManagerAutoConfiguration]], org.springframework.boot.test.context.filter.ExcludeFilterContextCustomizer@176b3f44, org.springframework.boot.test.json.DuplicateJsonObjectContextCustomizerFactory$DuplicateJsonObjectContextCustomizer@5d12a356, org.springframework.boot.test.mock.mockito.MockitoContextCustomizer@0, org.springframework.boot.test.context.SpringBootTestArgs@1, org.springframework.boot.test.context.SpringBootTestWebEnvironment@0], contextLoader = 'org.springframework.boot.test.context.SpringBootContextLoader', parent = [null]], attributes = map['org.springframework.test.context.event.ApplicationEventsTestExecutionListener.recordApplicationEvents' -> false]]; transaction manager [org.springframework.orm.jpa.JpaTransactionManager@3b046e64]; rollback [true]
Hibernate: insert into characters (character_id, character_character_name) values (default, ?)
Hibernate: insert into permission (permission_id, character_id, permission_name, permission_permission_unit_id, permission_service, permission_status) values (default, ?, ?, ?, ?, ?)
Hibernate: insert into characters (character_id, character_character_name) values (default, ?)
Hibernate: insert into permission (permission_id, character_id, permission_name, permission_permission_unit_id, permission_service, permission_status) values (default, ?, ?, ?, ?, ?)
Hibernate: insert into user (user_id, character_id, user_created_at, user_name, user_phone_number, user_user_id, user_user_password) values (default, ?, ?, ?, ?, ?, ?)
Hibernate: select character1_.character_id as characte1_6_, character1_.character_character_name as characte2_6_ from user user0_ inner join characters character1_ on user0_.character_id=character1_.character_id where user0_.user_id=?
2023-06-27 23:51:26.391  INFO 92784 --- [    Test worker] o.s.t.c.transaction.TransactionContext   : Rolled back transaction for test: [DefaultTestContext@178213b testClass = CharacterRepositoryTest, testInstance = org.waldreg.repository.character.CharacterRepositoryTest@28d16af8, testMethod = READ_CHARACTER_BY_USERS_ID_TEST@CharacterRepositoryTest, testException = [null], mergedContextConfiguration = [MergedContextConfiguration@7103cb56 testClass = CharacterRepositoryTest, locations = '{}', classes = '{class org.waldreg.repository.character.CharacterRepositoryServiceProvider, class org.waldreg.repository.character.mapper.CharacterRepositoryMapper, class org.waldreg.repository.character.JpaCharacterTestInitializer}', contextInitializerClasses = '[]', activeProfiles = '{}', propertySourceLocations = '{classpath:h2-application.properties}', propertySourceProperties = '{org.springframework.boot.test.autoconfigure.orm.jpa.DataJpaTestContextBootstrapper=true}', contextCustomizers = set[org.springframework.boot.test.autoconfigure.OverrideAutoConfigurationContextCustomizerFactory$DisableAutoConfigurationContextCustomizer@466276d8, org.springframework.boot.test.autoconfigure.actuate.metrics.MetricsExportContextCustomizerFactory$DisableMetricExportContextCustomizer@2b76ff4e, org.springframework.boot.test.autoconfigure.filter.TypeExcludeFiltersContextCustomizer@351584c0, org.springframework.boot.test.autoconfigure.properties.PropertyMappingContextCustomizer@8fa674d0, org.springframework.boot.test.autoconfigure.web.servlet.WebDriverContextCustomizerFactory$Customizer@7e6ef134, [ImportsContextCustomizer@1b765a2c key = [org.springframework.boot.autoconfigure.cache.CacheAutoConfiguration, org.springframework.boot.autoconfigure.data.jpa.JpaRepositoriesAutoConfiguration, org.springframework.boot.autoconfigure.flyway.FlywayAutoConfiguration, org.springframework.boot.autoconfigure.jdbc.DataSourceAutoConfiguration, org.springframework.boot.autoconfigure.jdbc.DataSourceTransactionManagerAutoConfiguration, org.springframework.boot.autoconfigure.jdbc.JdbcTemplateAutoConfiguration, org.springframework.boot.autoconfigure.liquibase.LiquibaseAutoConfiguration, org.springframework.boot.autoconfigure.orm.jpa.HibernateJpaAutoConfiguration, org.springframework.boot.autoconfigure.sql.init.SqlInitializationAutoConfiguration, org.springframework.boot.autoconfigure.transaction.TransactionAutoConfiguration, org.springframework.boot.test.autoconfigure.jdbc.TestDatabaseAutoConfiguration, org.springframework.boot.test.autoconfigure.orm.jpa.TestEntityManagerAutoConfiguration]], org.springframework.boot.test.context.filter.ExcludeFilterContextCustomizer@176b3f44, org.springframework.boot.test.json.DuplicateJsonObjectContextCustomizerFactory$DuplicateJsonObjectContextCustomizer@5d12a356, org.springframework.boot.test.mock.mockito.MockitoContextCustomizer@0, org.springframework.boot.test.context.SpringBootTestArgs@1, org.springframework.boot.test.context.SpringBootTestWebEnvironment@0], contextLoader = 'org.springframework.boot.test.context.SpringBootContextLoader', parent = [null]], attributes = map['org.springframework.test.context.event.ApplicationEventsTestExecutionListener.recordApplicationEvents' -> false]]
2023-06-27 23:51:26.392  INFO 92784 --- [    Test worker] o.s.t.c.transaction.TransactionContext   : Began transaction (1) for test context [DefaultTestContext@178213b testClass = CharacterRepositoryTest, testInstance = org.waldreg.repository.character.CharacterRepositoryTest@219db855, testMethod = UPDATE_CHARACTER_TEST@CharacterRepositoryTest, testException = [null], mergedContextConfiguration = [MergedContextConfiguration@7103cb56 testClass = CharacterRepositoryTest, locations = '{}', classes = '{class org.waldreg.repository.character.CharacterRepositoryServiceProvider, class org.waldreg.repository.character.mapper.CharacterRepositoryMapper, class org.waldreg.repository.character.JpaCharacterTestInitializer}', contextInitializerClasses = '[]', activeProfiles = '{}', propertySourceLocations = '{classpath:h2-application.properties}', propertySourceProperties = '{org.springframework.boot.test.autoconfigure.orm.jpa.DataJpaTestContextBootstrapper=true}', contextCustomizers = set[org.springframework.boot.test.autoconfigure.OverrideAutoConfigurationContextCustomizerFactory$DisableAutoConfigurationContextCustomizer@466276d8, org.springframework.boot.test.autoconfigure.actuate.metrics.MetricsExportContextCustomizerFactory$DisableMetricExportContextCustomizer@2b76ff4e, org.springframework.boot.test.autoconfigure.filter.TypeExcludeFiltersContextCustomizer@351584c0, org.springframework.boot.test.autoconfigure.properties.PropertyMappingContextCustomizer@8fa674d0, org.springframework.boot.test.autoconfigure.web.servlet.WebDriverContextCustomizerFactory$Customizer@7e6ef134, [ImportsContextCustomizer@1b765a2c key = [org.springframework.boot.autoconfigure.cache.CacheAutoConfiguration, org.springframework.boot.autoconfigure.data.jpa.JpaRepositoriesAutoConfiguration, org.springframework.boot.autoconfigure.flyway.FlywayAutoConfiguration, org.springframework.boot.autoconfigure.jdbc.DataSourceAutoConfiguration, org.springframework.boot.autoconfigure.jdbc.DataSourceTransactionManagerAutoConfiguration, org.springframework.boot.autoconfigure.jdbc.JdbcTemplateAutoConfiguration, org.springframework.boot.autoconfigure.liquibase.LiquibaseAutoConfiguration, org.springframework.boot.autoconfigure.orm.jpa.HibernateJpaAutoConfiguration, org.springframework.boot.autoconfigure.sql.init.SqlInitializationAutoConfiguration, org.springframework.boot.autoconfigure.transaction.TransactionAutoConfiguration, org.springframework.boot.test.autoconfigure.jdbc.TestDatabaseAutoConfiguration, org.springframework.boot.test.autoconfigure.orm.jpa.TestEntityManagerAutoConfiguration]], org.springframework.boot.test.context.filter.ExcludeFilterContextCustomizer@176b3f44, org.springframework.boot.test.json.DuplicateJsonObjectContextCustomizerFactory$DuplicateJsonObjectContextCustomizer@5d12a356, org.springframework.boot.test.mock.mockito.MockitoContextCustomizer@0, org.springframework.boot.test.context.SpringBootTestArgs@1, org.springframework.boot.test.context.SpringBootTestWebEnvironment@0], contextLoader = 'org.springframework.boot.test.context.SpringBootContextLoader', parent = [null]], attributes = map['org.springframework.test.context.event.ApplicationEventsTestExecutionListener.recordApplicationEvents' -> false]]; transaction manager [org.springframework.orm.jpa.JpaTransactionManager@3b046e64]; rollback [true]
Hibernate: insert into characters (character_id, character_character_name) values (default, ?)
Hibernate: insert into permission (permission_id, character_id, permission_name, permission_permission_unit_id, permission_service, permission_status) values (default, ?, ?, ?, ?, ?)
Hibernate: insert into characters (character_id, character_character_name) values (default, ?)
Hibernate: insert into permission (permission_id, character_id, permission_name, permission_permission_unit_id, permission_service, permission_status) values (default, ?, ?, ?, ?, ?)
Hibernate: select character0_.character_id as characte1_6_0_, permission1_.permission_id as permissi1_12_1_, character0_.character_character_name as characte2_6_0_, permission1_.character_id as characte6_12_1_, permission1_.permission_name as permissi2_12_1_, permission1_.permission_permission_unit_id as permissi3_12_1_, permission1_.permission_service as permissi4_12_1_, permission1_.permission_status as permissi5_12_1_, permission1_.character_id as characte6_12_0__, permission1_.permission_id as permissi1_12_0__ from characters character0_ inner join permission permission1_ on character0_.character_id=permission1_.character_id where character0_.character_character_name=?
Hibernate: update characters set character_character_name=? where character_id=?
Hibernate: update permission set character_id=?, permission_name=?, permission_permission_unit_id=?, permission_service=?, permission_status=? where permission_id=?
Hibernate: select character0_.character_id as characte1_6_0_, permission1_.permission_id as permissi1_12_1_, character0_.character_character_name as characte2_6_0_, permission1_.character_id as characte6_12_1_, permission1_.permission_name as permissi2_12_1_, permission1_.permission_permission_unit_id as permissi3_12_1_, permission1_.permission_service as permissi4_12_1_, permission1_.permission_status as permissi5_12_1_, permission1_.character_id as characte6_12_0__, permission1_.permission_id as permissi1_12_0__ from characters character0_ inner join permission permission1_ on character0_.character_id=permission1_.character_id where character0_.character_character_name=?
2023-06-27 23:51:26.399  INFO 92784 --- [    Test worker] o.s.t.c.transaction.TransactionContext   : Rolled back transaction for test: [DefaultTestContext@178213b testClass = CharacterRepositoryTest, testInstance = org.waldreg.repository.character.CharacterRepositoryTest@219db855, testMethod = UPDATE_CHARACTER_TEST@CharacterRepositoryTest, testException = [null], mergedContextConfiguration = [MergedContextConfiguration@7103cb56 testClass = CharacterRepositoryTest, locations = '{}', classes = '{class org.waldreg.repository.character.CharacterRepositoryServiceProvider, class org.waldreg.repository.character.mapper.CharacterRepositoryMapper, class org.waldreg.repository.character.JpaCharacterTestInitializer}', contextInitializerClasses = '[]', activeProfiles = '{}', propertySourceLocations = '{classpath:h2-application.properties}', propertySourceProperties = '{org.springframework.boot.test.autoconfigure.orm.jpa.DataJpaTestContextBootstrapper=true}', contextCustomizers = set[org.springframework.boot.test.autoconfigure.OverrideAutoConfigurationContextCustomizerFactory$DisableAutoConfigurationContextCustomizer@466276d8, org.springframework.boot.test.autoconfigure.actuate.metrics.MetricsExportContextCustomizerFactory$DisableMetricExportContextCustomizer@2b76ff4e, org.springframework.boot.test.autoconfigure.filter.TypeExcludeFiltersContextCustomizer@351584c0, org.springframework.boot.test.autoconfigure.properties.PropertyMappingContextCustomizer@8fa674d0, org.springframework.boot.test.autoconfigure.web.servlet.WebDriverContextCustomizerFactory$Customizer@7e6ef134, [ImportsContextCustomizer@1b765a2c key = [org.springframework.boot.autoconfigure.cache.CacheAutoConfiguration, org.springframework.boot.autoconfigure.data.jpa.JpaRepositoriesAutoConfiguration, org.springframework.boot.autoconfigure.flyway.FlywayAutoConfiguration, org.springframework.boot.autoconfigure.jdbc.DataSourceAutoConfiguration, org.springframework.boot.autoconfigure.jdbc.DataSourceTransactionManagerAutoConfiguration, org.springframework.boot.autoconfigure.jdbc.JdbcTemplateAutoConfiguration, org.springframework.boot.autoconfigure.liquibase.LiquibaseAutoConfiguration, org.springframework.boot.autoconfigure.orm.jpa.HibernateJpaAutoConfiguration, org.springframework.boot.autoconfigure.sql.init.SqlInitializationAutoConfiguration, org.springframework.boot.autoconfigure.transaction.TransactionAutoConfiguration, org.springframework.boot.test.autoconfigure.jdbc.TestDatabaseAutoConfiguration, org.springframework.boot.test.autoconfigure.orm.jpa.TestEntityManagerAutoConfiguration]], org.springframework.boot.test.context.filter.ExcludeFilterContextCustomizer@176b3f44, org.springframework.boot.test.json.DuplicateJsonObjectContextCustomizerFactory$DuplicateJsonObjectContextCustomizer@5d12a356, org.springframework.boot.test.mock.mockito.MockitoContextCustomizer@0, org.springframework.boot.test.context.SpringBootTestArgs@1, org.springframework.boot.test.context.SpringBootTestWebEnvironment@0], contextLoader = 'org.springframework.boot.test.context.SpringBootContextLoader', parent = [null]], attributes = map['org.springframework.test.context.event.ApplicationEventsTestExecutionListener.recordApplicationEvents' -> false]]
]]></system-out>
  <system-err><![CDATA[]]></system-err>
</testsuite>
