<?xml version="1.0" encoding="UTF-8"?>
<testsuite name="org.waldreg.repository.board.BoardRepositoryTest" tests="15" skipped="0" failures="0" errors="0" timestamp="2023-06-27T14:51:23" hostname="xb-apple.local" time="0.31">
  <properties/>
  <testcase name="전체 게시글 조회 성공 테스트" classname="org.waldreg.repository.board.BoardRepositoryTest" time="0.127"/>
  <testcase name="게시글 개수 조회 테스트 - 제목" classname="org.waldreg.repository.board.BoardRepositoryTest" time="0.021"/>
  <testcase name="새로운 게시글 생성 테스트" classname="org.waldreg.repository.board.BoardRepositoryTest" time="0.023"/>
  <testcase name="게시글 개수 조회 테스트 - 유저 아이디" classname="org.waldreg.repository.board.BoardRepositoryTest" time="0.014"/>
  <testcase name="글쓴이의 아이디로 게시글 목록 조회 성공 테스트" classname="org.waldreg.repository.board.BoardRepositoryTest" time="0.016"/>
  <testcase name="내용으로 게시글 목록 조회 성공 테스트" classname="org.waldreg.repository.board.BoardRepositoryTest" time="0.014"/>
  <testcase name="카테고리로 게시글 목록 조회 성공 테스트" classname="org.waldreg.repository.board.BoardRepositoryTest" time="0.013"/>
  <testcase name="제목으로 게시글 목록 조회 성공 테스트" classname="org.waldreg.repository.board.BoardRepositoryTest" time="0.012"/>
  <testcase name="게시글 개수 조회 테스트 - 카테고리 아이디" classname="org.waldreg.repository.board.BoardRepositoryTest" time="0.013"/>
  <testcase name="아이디로 게시글 조회 성공 테스트" classname="org.waldreg.repository.board.BoardRepositoryTest" time="0.007"/>
  <testcase name="게시글 삭제 성공 테스트" classname="org.waldreg.repository.board.BoardRepositoryTest" time="0.011"/>
  <testcase name="게시글 개수 조회 테스트 - 내용" classname="org.waldreg.repository.board.BoardRepositoryTest" time="0.009"/>
  <testcase name="게시글 존재 여부 확인 테스트" classname="org.waldreg.repository.board.BoardRepositoryTest" time="0.006"/>
  <testcase name="전체 게시글 개수 테스트" classname="org.waldreg.repository.board.BoardRepositoryTest" time="0.009"/>
  <testcase name="게시글 수정 성공 테스트" classname="org.waldreg.repository.board.BoardRepositoryTest" time="0.007"/>
  <system-out><![CDATA[23:51:21.975 [Test worker] DEBUG org.springframework.test.context.BootstrapUtils - Instantiating CacheAwareContextLoaderDelegate from class [org.springframework.test.context.cache.DefaultCacheAwareContextLoaderDelegate]
23:51:21.979 [Test worker] DEBUG org.springframework.test.context.BootstrapUtils - Instantiating BootstrapContext using constructor [public org.springframework.test.context.support.DefaultBootstrapContext(java.lang.Class,org.springframework.test.context.CacheAwareContextLoaderDelegate)]
23:51:21.995 [Test worker] DEBUG org.springframework.test.context.BootstrapUtils - Instantiating TestContextBootstrapper for test class [org.waldreg.repository.board.BoardRepositoryTest] from class [org.springframework.boot.test.autoconfigure.orm.jpa.DataJpaTestContextBootstrapper]
23:51:22.001 [Test worker] DEBUG org.springframework.test.context.support.AbstractContextLoader - Did not detect default resource location for test class [org.waldreg.repository.board.BoardRepositoryTest]: class path resource [org/waldreg/repository/board/BoardRepositoryTest-context.xml] does not exist
23:51:22.001 [Test worker] DEBUG org.springframework.test.context.support.AbstractContextLoader - Did not detect default resource location for test class [org.waldreg.repository.board.BoardRepositoryTest]: class path resource [org/waldreg/repository/board/BoardRepositoryTestContext.groovy] does not exist
23:51:22.001 [Test worker] INFO org.springframework.test.context.support.AbstractContextLoader - Could not detect default resource locations for test class [org.waldreg.repository.board.BoardRepositoryTest]: no resource found for suffixes {-context.xml, Context.groovy}.
23:51:22.023 [Test worker] DEBUG org.springframework.test.context.support.ActiveProfilesUtils - Could not find an 'annotation declaring class' for annotation type [org.springframework.test.context.ActiveProfiles] and class [org.waldreg.repository.board.BoardRepositoryTest]
23:51:22.027 [Test worker] DEBUG org.springframework.boot.test.autoconfigure.orm.jpa.DataJpaTestContextBootstrapper - @TestExecutionListeners is not present for class [org.waldreg.repository.board.BoardRepositoryTest]: using defaults.
23:51:22.027 [Test worker] INFO org.springframework.boot.test.autoconfigure.orm.jpa.DataJpaTestContextBootstrapper - Loaded default TestExecutionListener class names from location [META-INF/spring.factories]: [org.springframework.boot.test.autoconfigure.restdocs.RestDocsTestExecutionListener, org.springframework.boot.test.autoconfigure.web.client.MockRestServiceServerResetTestExecutionListener, org.springframework.boot.test.autoconfigure.web.servlet.MockMvcPrintOnlyOnFailureTestExecutionListener, org.springframework.boot.test.autoconfigure.web.servlet.WebDriverTestExecutionListener, org.springframework.boot.test.autoconfigure.webservices.client.MockWebServiceServerTestExecutionListener, org.springframework.boot.test.mock.mockito.MockitoTestExecutionListener, org.springframework.boot.test.mock.mockito.ResetMocksTestExecutionListener, org.springframework.test.context.web.ServletTestExecutionListener, org.springframework.test.context.support.DirtiesContextBeforeModesTestExecutionListener, org.springframework.test.context.event.ApplicationEventsTestExecutionListener, org.springframework.test.context.support.DependencyInjectionTestExecutionListener, org.springframework.test.context.support.DirtiesContextTestExecutionListener, org.springframework.test.context.transaction.TransactionalTestExecutionListener, org.springframework.test.context.jdbc.SqlScriptsTestExecutionListener, org.springframework.test.context.event.EventPublishingTestExecutionListener]
23:51:22.033 [Test worker] INFO org.springframework.boot.test.autoconfigure.orm.jpa.DataJpaTestContextBootstrapper - Using TestExecutionListeners: [org.springframework.test.context.web.ServletTestExecutionListener@2320fa6f, org.springframework.test.context.support.DirtiesContextBeforeModesTestExecutionListener@7a560583, org.springframework.test.context.event.ApplicationEventsTestExecutionListener@4d722ac9, org.springframework.boot.test.mock.mockito.MockitoTestExecutionListener@53f0a4cb, org.springframework.boot.test.autoconfigure.SpringBootDependencyInjectionTestExecutionListener@77a7cf58, org.springframework.test.context.support.DirtiesContextTestExecutionListener@3d97a632, org.springframework.test.context.transaction.TransactionalTestExecutionListener@616fe72b, org.springframework.test.context.jdbc.SqlScriptsTestExecutionListener@37efd131, org.springframework.test.context.event.EventPublishingTestExecutionListener@7e7b159b, org.springframework.boot.test.autoconfigure.restdocs.RestDocsTestExecutionListener@7e5d9a50, org.springframework.boot.test.autoconfigure.web.client.MockRestServiceServerResetTestExecutionListener@60957c0f, org.springframework.boot.test.autoconfigure.web.servlet.MockMvcPrintOnlyOnFailureTestExecutionListener@293a5f75, org.springframework.boot.test.autoconfigure.web.servlet.WebDriverTestExecutionListener@fcb4004, org.springframework.boot.test.autoconfigure.webservices.client.MockWebServiceServerTestExecutionListener@1dd6d4b7, org.springframework.boot.test.mock.mockito.ResetMocksTestExecutionListener@56e8b606]
23:51:22.034 [Test worker] DEBUG org.springframework.test.context.support.AbstractDirtiesContextTestExecutionListener - Before test class: context [DefaultTestContext@c35172e testClass = BoardRepositoryTest, testInstance = [null], testMethod = [null], testException = [null], mergedContextConfiguration = [MergedContextConfiguration@c2db68f testClass = BoardRepositoryTest, locations = '{}', classes = '{class org.waldreg.repository.board.BoardRepositoryServiceProvider, class org.waldreg.repository.board.CategoryRepositoryServiceProvider, class org.waldreg.repository.board.CommentRepositoryServiceProvider, class org.waldreg.repository.board.ReactionRepositoryServiceProvider, class org.waldreg.repository.board.mapper.BoardRepositoryMapper, class org.waldreg.repository.board.mapper.CategoryRepositoryMapper, class org.waldreg.repository.board.mapper.ReactionRepositoryMapper, class org.waldreg.repository.board.mapper.CommentRepositoryMapper, interface org.waldreg.repository.board.repository.JpaCharacterRepository, interface org.waldreg.repository.board.repository.JpaCategoryRepository, interface org.waldreg.repository.board.repository.JpaUserRepository, interface org.waldreg.repository.board.repository.JpaReactionRepository, interface org.waldreg.repository.board.repository.JpaReactionUserRepository, class org.waldreg.repository.board.BoardCommander, class org.waldreg.repository.board.CommentCommander, class org.waldreg.repository.board.FileNameCommander, class org.waldreg.repository.board.JpaBoardTestInitializer}', contextInitializerClasses = '[]', activeProfiles = '{}', propertySourceLocations = '{classpath:h2-application.properties}', propertySourceProperties = '{org.springframework.boot.test.autoconfigure.orm.jpa.DataJpaTestContextBootstrapper=true}', contextCustomizers = set[org.springframework.boot.test.autoconfigure.OverrideAutoConfigurationContextCustomizerFactory$DisableAutoConfigurationContextCustomizer@7776ab, org.springframework.boot.test.autoconfigure.actuate.metrics.MetricsExportContextCustomizerFactory$DisableMetricExportContextCustomizer@2f1de2d6, org.springframework.boot.test.autoconfigure.filter.TypeExcludeFiltersContextCustomizer@351584c0, org.springframework.boot.test.autoconfigure.properties.PropertyMappingContextCustomizer@cee9ad48, org.springframework.boot.test.autoconfigure.web.servlet.WebDriverContextCustomizerFactory$Customizer@691939c9, [ImportsContextCustomizer@3cc41abc key = [org.springframework.boot.autoconfigure.cache.CacheAutoConfiguration, org.springframework.boot.autoconfigure.data.jpa.JpaRepositoriesAutoConfiguration, org.springframework.boot.autoconfigure.flyway.FlywayAutoConfiguration, org.springframework.boot.autoconfigure.jdbc.DataSourceAutoConfiguration, org.springframework.boot.autoconfigure.jdbc.DataSourceTransactionManagerAutoConfiguration, org.springframework.boot.autoconfigure.jdbc.JdbcTemplateAutoConfiguration, org.springframework.boot.autoconfigure.liquibase.LiquibaseAutoConfiguration, org.springframework.boot.autoconfigure.orm.jpa.HibernateJpaAutoConfiguration, org.springframework.boot.autoconfigure.sql.init.SqlInitializationAutoConfiguration, org.springframework.boot.autoconfigure.transaction.TransactionAutoConfiguration, org.springframework.boot.test.autoconfigure.jdbc.TestDatabaseAutoConfiguration, org.springframework.boot.test.autoconfigure.orm.jpa.TestEntityManagerAutoConfiguration]], org.springframework.boot.test.context.filter.ExcludeFilterContextCustomizer@3d2ee678, org.springframework.boot.test.json.DuplicateJsonObjectContextCustomizerFactory$DuplicateJsonObjectContextCustomizer@2d6764b2, org.springframework.boot.test.mock.mockito.MockitoContextCustomizer@0, org.springframework.boot.test.context.SpringBootTestArgs@1, org.springframework.boot.test.context.SpringBootTestWebEnvironment@0], contextLoader = 'org.springframework.boot.test.context.SpringBootContextLoader', parent = [null]], attributes = map[[empty]]], class annotated with @DirtiesContext [false] with mode [null].
23:51:22.037 [Test worker] DEBUG org.springframework.test.context.support.DependencyInjectionTestExecutionListener - Performing dependency injection for test context [[DefaultTestContext@c35172e testClass = BoardRepositoryTest, testInstance = org.waldreg.repository.board.BoardRepositoryTest@6955cb39, testMethod = [null], testException = [null], mergedContextConfiguration = [MergedContextConfiguration@c2db68f testClass = BoardRepositoryTest, locations = '{}', classes = '{class org.waldreg.repository.board.BoardRepositoryServiceProvider, class org.waldreg.repository.board.CategoryRepositoryServiceProvider, class org.waldreg.repository.board.CommentRepositoryServiceProvider, class org.waldreg.repository.board.ReactionRepositoryServiceProvider, class org.waldreg.repository.board.mapper.BoardRepositoryMapper, class org.waldreg.repository.board.mapper.CategoryRepositoryMapper, class org.waldreg.repository.board.mapper.ReactionRepositoryMapper, class org.waldreg.repository.board.mapper.CommentRepositoryMapper, interface org.waldreg.repository.board.repository.JpaCharacterRepository, interface org.waldreg.repository.board.repository.JpaCategoryRepository, interface org.waldreg.repository.board.repository.JpaUserRepository, interface org.waldreg.repository.board.repository.JpaReactionRepository, interface org.waldreg.repository.board.repository.JpaReactionUserRepository, class org.waldreg.repository.board.BoardCommander, class org.waldreg.repository.board.CommentCommander, class org.waldreg.repository.board.FileNameCommander, class org.waldreg.repository.board.JpaBoardTestInitializer}', contextInitializerClasses = '[]', activeProfiles = '{}', propertySourceLocations = '{classpath:h2-application.properties}', propertySourceProperties = '{org.springframework.boot.test.autoconfigure.orm.jpa.DataJpaTestContextBootstrapper=true}', contextCustomizers = set[org.springframework.boot.test.autoconfigure.OverrideAutoConfigurationContextCustomizerFactory$DisableAutoConfigurationContextCustomizer@7776ab, org.springframework.boot.test.autoconfigure.actuate.metrics.MetricsExportContextCustomizerFactory$DisableMetricExportContextCustomizer@2f1de2d6, org.springframework.boot.test.autoconfigure.filter.TypeExcludeFiltersContextCustomizer@351584c0, org.springframework.boot.test.autoconfigure.properties.PropertyMappingContextCustomizer@cee9ad48, org.springframework.boot.test.autoconfigure.web.servlet.WebDriverContextCustomizerFactory$Customizer@691939c9, [ImportsContextCustomizer@3cc41abc key = [org.springframework.boot.autoconfigure.cache.CacheAutoConfiguration, org.springframework.boot.autoconfigure.data.jpa.JpaRepositoriesAutoConfiguration, org.springframework.boot.autoconfigure.flyway.FlywayAutoConfiguration, org.springframework.boot.autoconfigure.jdbc.DataSourceAutoConfiguration, org.springframework.boot.autoconfigure.jdbc.DataSourceTransactionManagerAutoConfiguration, org.springframework.boot.autoconfigure.jdbc.JdbcTemplateAutoConfiguration, org.springframework.boot.autoconfigure.liquibase.LiquibaseAutoConfiguration, org.springframework.boot.autoconfigure.orm.jpa.HibernateJpaAutoConfiguration, org.springframework.boot.autoconfigure.sql.init.SqlInitializationAutoConfiguration, org.springframework.boot.autoconfigure.transaction.TransactionAutoConfiguration, org.springframework.boot.test.autoconfigure.jdbc.TestDatabaseAutoConfiguration, org.springframework.boot.test.autoconfigure.orm.jpa.TestEntityManagerAutoConfiguration]], org.springframework.boot.test.context.filter.ExcludeFilterContextCustomizer@3d2ee678, org.springframework.boot.test.json.DuplicateJsonObjectContextCustomizerFactory$DuplicateJsonObjectContextCustomizer@2d6764b2, org.springframework.boot.test.mock.mockito.MockitoContextCustomizer@0, org.springframework.boot.test.context.SpringBootTestArgs@1, org.springframework.boot.test.context.SpringBootTestWebEnvironment@0], contextLoader = 'org.springframework.boot.test.context.SpringBootContextLoader', parent = [null]], attributes = map['org.springframework.test.context.event.ApplicationEventsTestExecutionListener.recordApplicationEvents' -> false]]].

  .   ____          _            __ _ _
 /\\ / ___'_ __ _ _(_)_ __  __ _ \ \ \ \
( ( )\___ | '_ | '_| | '_ \/ _` | \ \ \ \
 \\/  ___)| |_)| | | | | || (_| |  ) ) ) )
  '  |____| .__|_| |_|_| |_\__, | / / / /
 =========|_|==============|___/=/_/_/_/
 :: Spring Boot ::                (v2.7.1)

2023-06-27 23:51:22.164  INFO 92765 --- [    Test worker] o.w.r.board.BoardRepositoryTest          : Starting BoardRepositoryTest using Java 19.0.2 on xb-apple.local with PID 92765 (started by devxb in /Users/devxb/develop/waldreg-api/waldreg/repository-layer/board-jpa)
2023-06-27 23:51:22.164  INFO 92765 --- [    Test worker] o.w.r.board.BoardRepositoryTest          : No active profile set, falling back to 1 default profile: "default"
2023-06-27 23:51:22.296  INFO 92765 --- [    Test worker] .s.d.r.c.RepositoryConfigurationDelegate : Bootstrapping Spring Data JPA repositories in DEFAULT mode.
2023-06-27 23:51:22.318  INFO 92765 --- [    Test worker] .s.d.r.c.RepositoryConfigurationDelegate : Finished Spring Data repository scanning in 20 ms. Found 8 JPA repository interfaces.
2023-06-27 23:51:22.338  INFO 92765 --- [    Test worker] beddedDataSourceBeanFactoryPostProcessor : Replacing 'dataSource' DataSource bean with embedded version
2023-06-27 23:51:22.400  INFO 92765 --- [    Test worker] o.s.j.d.e.EmbeddedDatabaseFactory        : Starting embedded database: url='jdbc:h2:mem:3cc6fc41-b598-418c-ab26-4b7b4a742ae8;DB_CLOSE_DELAY=-1;DB_CLOSE_ON_EXIT=false', username='sa'
2023-06-27 23:51:22.519  INFO 92765 --- [    Test worker] o.hibernate.jpa.internal.util.LogHelper  : HHH000204: Processing PersistenceUnitInfo [name: default]
2023-06-27 23:51:22.534  INFO 92765 --- [    Test worker] org.hibernate.Version                    : HHH000412: Hibernate ORM core version 5.6.9.Final
2023-06-27 23:51:22.582  INFO 92765 --- [    Test worker] o.hibernate.annotations.common.Version   : HCANN000001: Hibernate Commons Annotations {5.1.2.Final}
2023-06-27 23:51:22.613  INFO 92765 --- [    Test worker] org.hibernate.dialect.Dialect            : HHH000400: Using dialect: org.hibernate.dialect.H2Dialect
Hibernate: drop table if exists application_color CASCADE 
Hibernate: drop table if exists attendance CASCADE 
Hibernate: drop table if exists attendance_type_reward CASCADE 
Hibernate: drop table if exists attendance_user CASCADE 
Hibernate: drop table if exists board CASCADE 
Hibernate: drop table if exists category CASCADE 
Hibernate: drop table if exists characters CASCADE 
Hibernate: drop table if exists comment CASCADE 
Hibernate: drop table if exists file_path_list CASCADE 
Hibernate: drop table if exists filename CASCADE 
Hibernate: drop table if exists home_content CASCADE 
Hibernate: drop table if exists image_path_list CASCADE 
Hibernate: drop table if exists permission CASCADE 
Hibernate: drop table if exists reaction CASCADE 
Hibernate: drop table if exists reaction_user CASCADE 
Hibernate: drop table if exists reward_tag CASCADE 
Hibernate: drop table if exists reward_tag_wrapper CASCADE 
Hibernate: drop table if exists schedule CASCADE 
Hibernate: drop table if exists team CASCADE 
Hibernate: drop table if exists team_building CASCADE 
Hibernate: drop table if exists team_user CASCADE 
Hibernate: drop table if exists user CASCADE 
Hibernate: drop table if exists user_joining_pool CASCADE 
Hibernate: drop table if exists waiver CASCADE 
Hibernate: drop sequence if exists hibernate_sequence
Hibernate: create sequence hibernate_sequence start with 1 increment by 1
Hibernate: create table application_color (application_color_id integer not null, application_background_color varchar(255), application_primary_color varchar(255), primary key (application_color_id))
Hibernate: create table attendance (attendance_attendance_id integer generated by default as identity, attendance_attendance_date date not null, attendance_type_reward_id integer not null, attendance_user_attendance_user_id integer not null, primary key (attendance_attendance_id))
Hibernate: create table attendance_type_reward (attendance_type_reward_id integer generated by default as identity, attendance_type_name varchar(255) not null, reward_tag_reward_tag_id integer, primary key (attendance_type_reward_id))
Hibernate: create table attendance_user (attendance_user_attendance_user_id integer generated by default as identity, user_id integer not null, primary key (attendance_user_attendance_user_id))
Hibernate: create table board (board_id integer generated by default as identity, board_content clob, board_created_at TIMESTAMP not null, board_last_modified_at TIMESTAMP not null, board_title varchar(250) not null, board_views integer not null, category_id integer not null, user_id integer not null, primary key (board_id))
Hibernate: create table category (category_id integer generated by default as identity, category_name varchar(50) not null, primary key (category_id))
Hibernate: create table characters (character_id integer generated by default as identity, character_character_name varchar(25) not null, primary key (character_id))
Hibernate: create table comment (comment_id integer generated by default as identity, comment_content varchar(1000) not null, comment_created_at TIMESTAMP not null, comment_last_modified_at TIMESTAMP not null, board_id integer not null, user_id integer not null, primary key (comment_id))
Hibernate: create table file_path_list (board_board_id integer not null, board_file_path_list varchar(255))
Hibernate: create table filename (filename_id integer generated by default as identity, filename_origin varchar(255) not null, filename_uuid varchar(255) not null, primary key (filename_id))
Hibernate: create table home_content (home_content_id integer not null, home_content_content varchar(10000), primary key (home_content_id))
Hibernate: create table image_path_list (board_board_id integer not null, board_image_path_list varchar(255))
Hibernate: create table permission (permission_id integer generated by default as identity, permission_name varchar(255) not null, permission_permission_unit_id integer not null, permission_service varchar(255) not null, permission_status varchar(255) not null, character_id integer, primary key (permission_id))
Hibernate: create table reaction (reaction_id integer generated by default as identity, reaction_type varchar(255), board_id integer not null, primary key (reaction_id))
Hibernate: create table reaction_user (reaction_user_id integer generated by default as identity, reaction_id integer not null, user_id integer not null, primary key (reaction_user_id))
Hibernate: create table reward_tag (reward_tag_reward_tag_id integer generated by default as identity, reward_tag_reward_point integer not null, reward_tag_reward_tag_title varchar(105) not null, primary key (reward_tag_reward_tag_id))
Hibernate: create table reward_tag_wrapper (reward_tag_wrapper_reward_id integer not null, reward_tag_wrapper_reward_presented_at TIMESTAMP not null, reward_tag_reward_tag_id integer not null, user_id integer not null, primary key (reward_tag_wrapper_reward_id))
Hibernate: create table schedule (schedule_id integer generated by default as identity, schedule_finish_at TIMESTAMP not null, schedule_content varchar(1000), schedule_repeat_cycle integer, schedule_repeat_repeat_finish_at TIMESTAMP, schedule_title varchar(1000) not null, schedule_started_at TIMESTAMP not null, primary key (schedule_id))
Hibernate: create table team (team_team_id integer generated by default as identity, team_last_modified_at TIMESTAMP not null, team_team_name varchar(1005) not null, team_building_team_building_id integer, primary key (team_team_id))
Hibernate: create table team_building (team_building_team_building_id integer generated by default as identity, team_building_created_at TIMESTAMP not null, team_building_last_modified_at TIMESTAMP not null, team_building_team_building_title varchar(1000) not null, primary key (team_building_team_building_id))
Hibernate: create table team_user (team_user_id integer generated by default as identity, team_team_id integer not null, user_id integer not null, primary key (team_user_id))
Hibernate: create table user (user_id integer generated by default as identity, user_created_at DATE not null, user_name varchar(50) not null, user_phone_number varchar(15) not null, user_user_id varchar(50) not null, user_user_password varchar(20) not null, character_id integer not null, primary key (user_id))
Hibernate: create table user_joining_pool (user_joining_pool_id integer generated by default as identity, user_created_at DATE not null, user_name varchar(50) not null, user_phone_number varchar(15) not null, user_user_id varchar(50) not null, user_user_password varchar(20) not null, primary key (user_joining_pool_id))
Hibernate: create table waiver (waiver_waiver_id integer generated by default as identity, waiver_waiver_date DATE not null, waiver_waiver_reason varchar(1000), user_id integer not null, primary key (waiver_waiver_id))
Hibernate: alter table attendance_type_reward add constraint UK_ot60popbtj9yd51ftjok579e6 unique (attendance_type_name)
Hibernate: alter table attendance_user add constraint UK_8hkvnicn7gwsd8lu2mf01omh4 unique (user_id)
Hibernate: alter table characters add constraint UK_vkhyyfgjtdfdpcak6gupn3wf unique (character_character_name)
Hibernate: alter table user add constraint UK_odiq9iu3tbt4efu91ck20xj6h unique (user_user_id)
Hibernate: alter table user_joining_pool add constraint UK_r7rj76d04tf5pcb2qsnixmwt1 unique (user_user_id)
Hibernate: alter table attendance add constraint FK1a611daqcqyoby9owj9rusxv6 foreign key (attendance_type_reward_id) references attendance_type_reward
Hibernate: alter table attendance add constraint FKmhofud6amjvnyaqyn2mlw2cb4 foreign key (attendance_user_attendance_user_id) references attendance_user
Hibernate: alter table attendance_type_reward add constraint FKltx6rc45cl7gnd3a0qo039jsy foreign key (reward_tag_reward_tag_id) references reward_tag
Hibernate: alter table attendance_user add constraint FKmq1kc386m1rj5pc3i2k5krww3 foreign key (user_id) references user
Hibernate: alter table board add constraint FK60jn05fpinj6cjhqcmtkacu2g foreign key (category_id) references category
Hibernate: alter table board add constraint FKfyf1fchnby6hndhlfaidier1r foreign key (user_id) references user
Hibernate: alter table comment add constraint FKlij9oor1nav89jeat35s6kbp1 foreign key (board_id) references board
Hibernate: alter table comment add constraint FK8kcum44fvpupyw6f5baccx25c foreign key (user_id) references user
Hibernate: alter table file_path_list add constraint FKo4j76f5w6rpxvgofpcui2j91j foreign key (board_board_id) references board
Hibernate: alter table image_path_list add constraint FK4walshmg08iumfxy6xtnsv1b8 foreign key (board_board_id) references board
Hibernate: alter table permission add constraint FK1eom1bcct35ll27kupa5pp98q foreign key (character_id) references characters
Hibernate: alter table reaction add constraint FK7bug6mxn1l3mq8wj67f9jxfv8 foreign key (board_id) references board
Hibernate: alter table reaction_user add constraint FKbo9v7y0tqv81llet3jsmsberf foreign key (reaction_id) references reaction
Hibernate: alter table reaction_user add constraint FKkv06rilr3svg5vxnwfa6cqxju foreign key (user_id) references user
Hibernate: alter table reward_tag_wrapper add constraint FKqj881uefl0r7x7wl38xumuvvs foreign key (reward_tag_reward_tag_id) references reward_tag
Hibernate: alter table reward_tag_wrapper add constraint FK59enq230i9cgjo7ver57s8jw7 foreign key (user_id) references user
Hibernate: alter table team add constraint FKcm2navqut5nfr2tsv8thmppce foreign key (team_building_team_building_id) references team_building
Hibernate: alter table team_user add constraint FK8n95chmkolnsw08hkvi10v8c1 foreign key (team_team_id) references team
Hibernate: alter table team_user add constraint FK6w6lkqjk13n0nmf4jbnb3d376 foreign key (user_id) references user
Hibernate: alter table user add constraint FKtcxuw2ohvvy9dj6206qieq3qm foreign key (character_id) references characters
Hibernate: alter table waiver add constraint FK1pe6nj4xw8hby9w6siqct9vqv foreign key (user_id) references user
2023-06-27 23:51:22.860  INFO 92765 --- [    Test worker] o.h.e.t.j.p.i.JtaPlatformInitiator       : HHH000490: Using JtaPlatform implementation: [org.hibernate.engine.transaction.jta.platform.internal.NoJtaPlatform]
2023-06-27 23:51:22.863  INFO 92765 --- [    Test worker] j.LocalContainerEntityManagerFactoryBean : Initialized JPA EntityManagerFactory for persistence unit 'default'
2023-06-27 23:51:23.145  INFO 92765 --- [    Test worker] o.w.r.board.BoardRepositoryTest          : Started BoardRepositoryTest in 1.099 seconds (JVM running for 1.469)
2023-06-27 23:51:23.154  INFO 92765 --- [    Test worker] o.s.t.c.transaction.TransactionContext   : Began transaction (1) for test context [DefaultTestContext@c35172e testClass = BoardRepositoryTest, testInstance = org.waldreg.repository.board.BoardRepositoryTest@6955cb39, testMethod = INQUIRY_ALL_BOARD_BY_FROM_TO_TEST@BoardRepositoryTest, testException = [null], mergedContextConfiguration = [MergedContextConfiguration@c2db68f testClass = BoardRepositoryTest, locations = '{}', classes = '{class org.waldreg.repository.board.BoardRepositoryServiceProvider, class org.waldreg.repository.board.CategoryRepositoryServiceProvider, class org.waldreg.repository.board.CommentRepositoryServiceProvider, class org.waldreg.repository.board.ReactionRepositoryServiceProvider, class org.waldreg.repository.board.mapper.BoardRepositoryMapper, class org.waldreg.repository.board.mapper.CategoryRepositoryMapper, class org.waldreg.repository.board.mapper.ReactionRepositoryMapper, class org.waldreg.repository.board.mapper.CommentRepositoryMapper, interface org.waldreg.repository.board.repository.JpaCharacterRepository, interface org.waldreg.repository.board.repository.JpaCategoryRepository, interface org.waldreg.repository.board.repository.JpaUserRepository, interface org.waldreg.repository.board.repository.JpaReactionRepository, interface org.waldreg.repository.board.repository.JpaReactionUserRepository, class org.waldreg.repository.board.BoardCommander, class org.waldreg.repository.board.CommentCommander, class org.waldreg.repository.board.FileNameCommander, class org.waldreg.repository.board.JpaBoardTestInitializer}', contextInitializerClasses = '[]', activeProfiles = '{}', propertySourceLocations = '{classpath:h2-application.properties}', propertySourceProperties = '{org.springframework.boot.test.autoconfigure.orm.jpa.DataJpaTestContextBootstrapper=true}', contextCustomizers = set[org.springframework.boot.test.autoconfigure.OverrideAutoConfigurationContextCustomizerFactory$DisableAutoConfigurationContextCustomizer@7776ab, org.springframework.boot.test.autoconfigure.actuate.metrics.MetricsExportContextCustomizerFactory$DisableMetricExportContextCustomizer@2f1de2d6, org.springframework.boot.test.autoconfigure.filter.TypeExcludeFiltersContextCustomizer@351584c0, org.springframework.boot.test.autoconfigure.properties.PropertyMappingContextCustomizer@cee9ad48, org.springframework.boot.test.autoconfigure.web.servlet.WebDriverContextCustomizerFactory$Customizer@691939c9, [ImportsContextCustomizer@3cc41abc key = [org.springframework.boot.autoconfigure.cache.CacheAutoConfiguration, org.springframework.boot.autoconfigure.data.jpa.JpaRepositoriesAutoConfiguration, org.springframework.boot.autoconfigure.flyway.FlywayAutoConfiguration, org.springframework.boot.autoconfigure.jdbc.DataSourceAutoConfiguration, org.springframework.boot.autoconfigure.jdbc.DataSourceTransactionManagerAutoConfiguration, org.springframework.boot.autoconfigure.jdbc.JdbcTemplateAutoConfiguration, org.springframework.boot.autoconfigure.liquibase.LiquibaseAutoConfiguration, org.springframework.boot.autoconfigure.orm.jpa.HibernateJpaAutoConfiguration, org.springframework.boot.autoconfigure.sql.init.SqlInitializationAutoConfiguration, org.springframework.boot.autoconfigure.transaction.TransactionAutoConfiguration, org.springframework.boot.test.autoconfigure.jdbc.TestDatabaseAutoConfiguration, org.springframework.boot.test.autoconfigure.orm.jpa.TestEntityManagerAutoConfiguration]], org.springframework.boot.test.context.filter.ExcludeFilterContextCustomizer@3d2ee678, org.springframework.boot.test.json.DuplicateJsonObjectContextCustomizerFactory$DuplicateJsonObjectContextCustomizer@2d6764b2, org.springframework.boot.test.mock.mockito.MockitoContextCustomizer@0, org.springframework.boot.test.context.SpringBootTestArgs@1, org.springframework.boot.test.context.SpringBootTestWebEnvironment@0], contextLoader = 'org.springframework.boot.test.context.SpringBootContextLoader', parent = [null]], attributes = map['org.springframework.test.context.event.ApplicationEventsTestExecutionListener.recordApplicationEvents' -> false]]; transaction manager [org.springframework.orm.jpa.JpaTransactionManager@47f39279]; rollback [true]
Hibernate: select board0_.board_id as board_id1_4_, board0_.category_id as category7_4_, board0_.board_content as board_co2_4_, board0_.board_created_at as board_cr3_4_, board0_.board_last_modified_at as board_la4_4_, board0_.board_title as board_ti5_4_, board0_.user_id as user_id8_4_, board0_.board_views as board_vi6_4_ from board board0_
Hibernate: select user0_.user_id as user_id1_21_, user0_.character_id as characte7_21_, user0_.user_created_at as user_cre2_21_, user0_.user_name as user_nam3_21_, user0_.user_phone_number as user_pho4_21_, user0_.user_user_id as user_use5_21_, user0_.user_user_password as user_use6_21_ from user user0_
Hibernate: select category0_.category_id as category1_5_, category0_.category_name as category2_5_ from category category0_
Hibernate: select character0_.character_id as characte1_6_, character0_.character_character_name as characte2_6_ from characters character0_
Hibernate: insert into characters (character_id, character_character_name) values (default, ?)
Hibernate: insert into user (user_id, character_id, user_created_at, user_name, user_phone_number, user_user_id, user_user_password) values (default, ?, ?, ?, ?, ?, ?)
Hibernate: insert into user (user_id, character_id, user_created_at, user_name, user_phone_number, user_user_id, user_user_password) values (default, ?, ?, ?, ?, ?, ?)
Hibernate: insert into category (category_id, category_name) values (default, ?)
Hibernate: insert into category (category_id, category_name) values (default, ?)
Hibernate: insert into board (board_id, category_id, board_content, board_created_at, board_last_modified_at, board_title, user_id, board_views) values (default, ?, ?, ?, ?, ?, ?, ?)
Hibernate: insert into board (board_id, category_id, board_content, board_created_at, board_last_modified_at, board_title, user_id, board_views) values (default, ?, ?, ?, ?, ?, ?, ?)
Hibernate: insert into board (board_id, category_id, board_content, board_created_at, board_last_modified_at, board_title, user_id, board_views) values (default, ?, ?, ?, ?, ?, ?, ?)
Hibernate: insert into board (board_id, category_id, board_content, board_created_at, board_last_modified_at, board_title, user_id, board_views) values (default, ?, ?, ?, ?, ?, ?, ?)
Hibernate: insert into board (board_id, category_id, board_content, board_created_at, board_last_modified_at, board_title, user_id, board_views) values (default, ?, ?, ?, ?, ?, ?, ?)
Hibernate: insert into file_path_list (board_board_id, board_file_path_list) values (?, ?)
Hibernate: insert into image_path_list (board_board_id, board_image_path_list) values (?, ?)
Hibernate: insert into file_path_list (board_board_id, board_file_path_list) values (?, ?)
Hibernate: insert into image_path_list (board_board_id, board_image_path_list) values (?, ?)
Hibernate: insert into file_path_list (board_board_id, board_file_path_list) values (?, ?)
Hibernate: insert into image_path_list (board_board_id, board_image_path_list) values (?, ?)
Hibernate: insert into file_path_list (board_board_id, board_file_path_list) values (?, ?)
Hibernate: insert into image_path_list (board_board_id, board_image_path_list) values (?, ?)
Hibernate: insert into file_path_list (board_board_id, board_file_path_list) values (?, ?)
Hibernate: insert into image_path_list (board_board_id, board_image_path_list) values (?, ?)
Hibernate: select board0_.board_id as board_id1_4_, board0_.category_id as category7_4_, board0_.board_content as board_co2_4_, board0_.board_created_at as board_cr3_4_, board0_.board_last_modified_at as board_la4_4_, board0_.board_title as board_ti5_4_, board0_.user_id as user_id8_4_, board0_.board_views as board_vi6_4_ from board board0_ limit ?
Hibernate: select category0_.category_id as category1_5_0_, category0_.category_name as category2_5_0_ from category category0_ where category0_.category_id=?
Hibernate: select user0_.user_id as user_id1_21_0_, user0_.character_id as characte7_21_0_, user0_.user_created_at as user_cre2_21_0_, user0_.user_name as user_nam3_21_0_, user0_.user_phone_number as user_pho4_21_0_, user0_.user_user_id as user_use5_21_0_, user0_.user_user_password as user_use6_21_0_ from user user0_ where user0_.user_id=?
Hibernate: select character0_.character_id as characte1_6_0_, character0_.character_character_name as characte2_6_0_ from characters character0_ where character0_.character_id=?
Hibernate: select category0_.category_id as category1_5_0_, category0_.category_name as category2_5_0_ from category category0_ where category0_.category_id=?
Hibernate: select user0_.user_id as user_id1_21_0_, user0_.character_id as characte7_21_0_, user0_.user_created_at as user_cre2_21_0_, user0_.user_name as user_nam3_21_0_, user0_.user_phone_number as user_pho4_21_0_, user0_.user_user_id as user_use5_21_0_, user0_.user_user_password as user_use6_21_0_ from user user0_ where user0_.user_id=?
Hibernate: select reactionli0_.board_id as board_id3_13_0_, reactionli0_.reaction_id as reaction1_13_0_, reactionli0_.reaction_id as reaction1_13_1_, reactionli0_.board_id as board_id3_13_1_, reactionli0_.reaction_type as reaction2_13_1_ from reaction reactionli0_ where reactionli0_.board_id=?
Hibernate: select commentlis0_.board_id as board_id5_7_0_, commentlis0_.comment_id as comment_1_7_0_, commentlis0_.comment_id as comment_1_7_1_, commentlis0_.board_id as board_id5_7_1_, commentlis0_.comment_content as comment_2_7_1_, commentlis0_.comment_created_at as comment_3_7_1_, commentlis0_.comment_last_modified_at as comment_4_7_1_, commentlis0_.user_id as user_id6_7_1_ from comment commentlis0_ where commentlis0_.board_id=?
Hibernate: select reactionli0_.board_id as board_id3_13_0_, reactionli0_.reaction_id as reaction1_13_0_, reactionli0_.reaction_id as reaction1_13_1_, reactionli0_.board_id as board_id3_13_1_, reactionli0_.reaction_type as reaction2_13_1_ from reaction reactionli0_ where reactionli0_.board_id=?
Hibernate: select commentlis0_.board_id as board_id5_7_0_, commentlis0_.comment_id as comment_1_7_0_, commentlis0_.comment_id as comment_1_7_1_, commentlis0_.board_id as board_id5_7_1_, commentlis0_.comment_content as comment_2_7_1_, commentlis0_.comment_created_at as comment_3_7_1_, commentlis0_.comment_last_modified_at as comment_4_7_1_, commentlis0_.user_id as user_id6_7_1_ from comment commentlis0_ where commentlis0_.board_id=?
Hibernate: select reactionli0_.board_id as board_id3_13_0_, reactionli0_.reaction_id as reaction1_13_0_, reactionli0_.reaction_id as reaction1_13_1_, reactionli0_.board_id as board_id3_13_1_, reactionli0_.reaction_type as reaction2_13_1_ from reaction reactionli0_ where reactionli0_.board_id=?
Hibernate: select commentlis0_.board_id as board_id5_7_0_, commentlis0_.comment_id as comment_1_7_0_, commentlis0_.comment_id as comment_1_7_1_, commentlis0_.board_id as board_id5_7_1_, commentlis0_.comment_content as comment_2_7_1_, commentlis0_.comment_created_at as comment_3_7_1_, commentlis0_.comment_last_modified_at as comment_4_7_1_, commentlis0_.user_id as user_id6_7_1_ from comment commentlis0_ where commentlis0_.board_id=?
Hibernate: select reactionli0_.board_id as board_id3_13_0_, reactionli0_.reaction_id as reaction1_13_0_, reactionli0_.reaction_id as reaction1_13_1_, reactionli0_.board_id as board_id3_13_1_, reactionli0_.reaction_type as reaction2_13_1_ from reaction reactionli0_ where reactionli0_.board_id=?
Hibernate: select commentlis0_.board_id as board_id5_7_0_, commentlis0_.comment_id as comment_1_7_0_, commentlis0_.comment_id as comment_1_7_1_, commentlis0_.board_id as board_id5_7_1_, commentlis0_.comment_content as comment_2_7_1_, commentlis0_.comment_created_at as comment_3_7_1_, commentlis0_.comment_last_modified_at as comment_4_7_1_, commentlis0_.user_id as user_id6_7_1_ from comment commentlis0_ where commentlis0_.board_id=?
Hibernate: select reactionli0_.board_id as board_id3_13_0_, reactionli0_.reaction_id as reaction1_13_0_, reactionli0_.reaction_id as reaction1_13_1_, reactionli0_.board_id as board_id3_13_1_, reactionli0_.reaction_type as reaction2_13_1_ from reaction reactionli0_ where reactionli0_.board_id=?
Hibernate: select commentlis0_.board_id as board_id5_7_0_, commentlis0_.comment_id as comment_1_7_0_, commentlis0_.comment_id as comment_1_7_1_, commentlis0_.board_id as board_id5_7_1_, commentlis0_.comment_content as comment_2_7_1_, commentlis0_.comment_created_at as comment_3_7_1_, commentlis0_.comment_last_modified_at as comment_4_7_1_, commentlis0_.user_id as user_id6_7_1_ from comment commentlis0_ where commentlis0_.board_id=?
Hibernate: select board0_.board_id as board_id1_4_, board0_.category_id as category7_4_, board0_.board_content as board_co2_4_, board0_.board_created_at as board_cr3_4_, board0_.board_last_modified_at as board_la4_4_, board0_.board_title as board_ti5_4_, board0_.user_id as user_id8_4_, board0_.board_views as board_vi6_4_ from board board0_
Hibernate: select user0_.user_id as user_id1_21_, user0_.character_id as characte7_21_, user0_.user_created_at as user_cre2_21_, user0_.user_name as user_nam3_21_, user0_.user_phone_number as user_pho4_21_, user0_.user_user_id as user_use5_21_, user0_.user_user_password as user_use6_21_ from user user0_
Hibernate: select rewardtagw0_.user_id as user_id4_16_0_, rewardtagw0_.reward_tag_wrapper_reward_id as reward_t1_16_0_, rewardtagw0_.reward_tag_wrapper_reward_id as reward_t1_16_1_, rewardtagw0_.reward_tag_wrapper_reward_presented_at as reward_t2_16_1_, rewardtagw0_.reward_tag_reward_tag_id as reward_t3_16_1_, rewardtagw0_.user_id as user_id4_16_1_ from reward_tag_wrapper rewardtagw0_ where rewardtagw0_.user_id=?
Hibernate: select rewardtagw0_.user_id as user_id4_16_0_, rewardtagw0_.reward_tag_wrapper_reward_id as reward_t1_16_0_, rewardtagw0_.reward_tag_wrapper_reward_id as reward_t1_16_1_, rewardtagw0_.reward_tag_wrapper_reward_presented_at as reward_t2_16_1_, rewardtagw0_.reward_tag_reward_tag_id as reward_t3_16_1_, rewardtagw0_.user_id as user_id4_16_1_ from reward_tag_wrapper rewardtagw0_ where rewardtagw0_.user_id=?
Hibernate: select category0_.category_id as category1_5_, category0_.category_name as category2_5_ from category category0_
Hibernate: select boardlist0_.category_id as category7_4_0_, boardlist0_.board_id as board_id1_4_0_, boardlist0_.board_id as board_id1_4_1_, boardlist0_.category_id as category7_4_1_, boardlist0_.board_content as board_co2_4_1_, boardlist0_.board_created_at as board_cr3_4_1_, boardlist0_.board_last_modified_at as board_la4_4_1_, boardlist0_.board_title as board_ti5_4_1_, boardlist0_.user_id as user_id8_4_1_, boardlist0_.board_views as board_vi6_4_1_ from board boardlist0_ where boardlist0_.category_id=?
Hibernate: select boardlist0_.category_id as category7_4_0_, boardlist0_.board_id as board_id1_4_0_, boardlist0_.board_id as board_id1_4_1_, boardlist0_.category_id as category7_4_1_, boardlist0_.board_content as board_co2_4_1_, boardlist0_.board_created_at as board_cr3_4_1_, boardlist0_.board_last_modified_at as board_la4_4_1_, boardlist0_.board_title as board_ti5_4_1_, boardlist0_.user_id as user_id8_4_1_, boardlist0_.board_views as board_vi6_4_1_ from board boardlist0_ where boardlist0_.category_id=?
Hibernate: select character0_.character_id as characte1_6_, character0_.character_character_name as characte2_6_ from characters character0_
2023-06-27 23:51:23.275  INFO 92765 --- [    Test worker] o.s.t.c.transaction.TransactionContext   : Rolled back transaction for test: [DefaultTestContext@c35172e testClass = BoardRepositoryTest, testInstance = org.waldreg.repository.board.BoardRepositoryTest@6955cb39, testMethod = INQUIRY_ALL_BOARD_BY_FROM_TO_TEST@BoardRepositoryTest, testException = [null], mergedContextConfiguration = [MergedContextConfiguration@c2db68f testClass = BoardRepositoryTest, locations = '{}', classes = '{class org.waldreg.repository.board.BoardRepositoryServiceProvider, class org.waldreg.repository.board.CategoryRepositoryServiceProvider, class org.waldreg.repository.board.CommentRepositoryServiceProvider, class org.waldreg.repository.board.ReactionRepositoryServiceProvider, class org.waldreg.repository.board.mapper.BoardRepositoryMapper, class org.waldreg.repository.board.mapper.CategoryRepositoryMapper, class org.waldreg.repository.board.mapper.ReactionRepositoryMapper, class org.waldreg.repository.board.mapper.CommentRepositoryMapper, interface org.waldreg.repository.board.repository.JpaCharacterRepository, interface org.waldreg.repository.board.repository.JpaCategoryRepository, interface org.waldreg.repository.board.repository.JpaUserRepository, interface org.waldreg.repository.board.repository.JpaReactionRepository, interface org.waldreg.repository.board.repository.JpaReactionUserRepository, class org.waldreg.repository.board.BoardCommander, class org.waldreg.repository.board.CommentCommander, class org.waldreg.repository.board.FileNameCommander, class org.waldreg.repository.board.JpaBoardTestInitializer}', contextInitializerClasses = '[]', activeProfiles = '{}', propertySourceLocations = '{classpath:h2-application.properties}', propertySourceProperties = '{org.springframework.boot.test.autoconfigure.orm.jpa.DataJpaTestContextBootstrapper=true}', contextCustomizers = set[org.springframework.boot.test.autoconfigure.OverrideAutoConfigurationContextCustomizerFactory$DisableAutoConfigurationContextCustomizer@7776ab, org.springframework.boot.test.autoconfigure.actuate.metrics.MetricsExportContextCustomizerFactory$DisableMetricExportContextCustomizer@2f1de2d6, org.springframework.boot.test.autoconfigure.filter.TypeExcludeFiltersContextCustomizer@351584c0, org.springframework.boot.test.autoconfigure.properties.PropertyMappingContextCustomizer@cee9ad48, org.springframework.boot.test.autoconfigure.web.servlet.WebDriverContextCustomizerFactory$Customizer@691939c9, [ImportsContextCustomizer@3cc41abc key = [org.springframework.boot.autoconfigure.cache.CacheAutoConfiguration, org.springframework.boot.autoconfigure.data.jpa.JpaRepositoriesAutoConfiguration, org.springframework.boot.autoconfigure.flyway.FlywayAutoConfiguration, org.springframework.boot.autoconfigure.jdbc.DataSourceAutoConfiguration, org.springframework.boot.autoconfigure.jdbc.DataSourceTransactionManagerAutoConfiguration, org.springframework.boot.autoconfigure.jdbc.JdbcTemplateAutoConfiguration, org.springframework.boot.autoconfigure.liquibase.LiquibaseAutoConfiguration, org.springframework.boot.autoconfigure.orm.jpa.HibernateJpaAutoConfiguration, org.springframework.boot.autoconfigure.sql.init.SqlInitializationAutoConfiguration, org.springframework.boot.autoconfigure.transaction.TransactionAutoConfiguration, org.springframework.boot.test.autoconfigure.jdbc.TestDatabaseAutoConfiguration, org.springframework.boot.test.autoconfigure.orm.jpa.TestEntityManagerAutoConfiguration]], org.springframework.boot.test.context.filter.ExcludeFilterContextCustomizer@3d2ee678, org.springframework.boot.test.json.DuplicateJsonObjectContextCustomizerFactory$DuplicateJsonObjectContextCustomizer@2d6764b2, org.springframework.boot.test.mock.mockito.MockitoContextCustomizer@0, org.springframework.boot.test.context.SpringBootTestArgs@1, org.springframework.boot.test.context.SpringBootTestWebEnvironment@0], contextLoader = 'org.springframework.boot.test.context.SpringBootContextLoader', parent = [null]], attributes = map['org.springframework.test.context.event.ApplicationEventsTestExecutionListener.recordApplicationEvents' -> false]]
2023-06-27 23:51:23.277  INFO 92765 --- [    Test worker] o.s.t.c.transaction.TransactionContext   : Began transaction (1) for test context [DefaultTestContext@c35172e testClass = BoardRepositoryTest, testInstance = org.waldreg.repository.board.BoardRepositoryTest@6aa18912, testMethod = GET_MAX_INDEX_BY_TITLE_TEST@BoardRepositoryTest, testException = [null], mergedContextConfiguration = [MergedContextConfiguration@c2db68f testClass = BoardRepositoryTest, locations = '{}', classes = '{class org.waldreg.repository.board.BoardRepositoryServiceProvider, class org.waldreg.repository.board.CategoryRepositoryServiceProvider, class org.waldreg.repository.board.CommentRepositoryServiceProvider, class org.waldreg.repository.board.ReactionRepositoryServiceProvider, class org.waldreg.repository.board.mapper.BoardRepositoryMapper, class org.waldreg.repository.board.mapper.CategoryRepositoryMapper, class org.waldreg.repository.board.mapper.ReactionRepositoryMapper, class org.waldreg.repository.board.mapper.CommentRepositoryMapper, interface org.waldreg.repository.board.repository.JpaCharacterRepository, interface org.waldreg.repository.board.repository.JpaCategoryRepository, interface org.waldreg.repository.board.repository.JpaUserRepository, interface org.waldreg.repository.board.repository.JpaReactionRepository, interface org.waldreg.repository.board.repository.JpaReactionUserRepository, class org.waldreg.repository.board.BoardCommander, class org.waldreg.repository.board.CommentCommander, class org.waldreg.repository.board.FileNameCommander, class org.waldreg.repository.board.JpaBoardTestInitializer}', contextInitializerClasses = '[]', activeProfiles = '{}', propertySourceLocations = '{classpath:h2-application.properties}', propertySourceProperties = '{org.springframework.boot.test.autoconfigure.orm.jpa.DataJpaTestContextBootstrapper=true}', contextCustomizers = set[org.springframework.boot.test.autoconfigure.OverrideAutoConfigurationContextCustomizerFactory$DisableAutoConfigurationContextCustomizer@7776ab, org.springframework.boot.test.autoconfigure.actuate.metrics.MetricsExportContextCustomizerFactory$DisableMetricExportContextCustomizer@2f1de2d6, org.springframework.boot.test.autoconfigure.filter.TypeExcludeFiltersContextCustomizer@351584c0, org.springframework.boot.test.autoconfigure.properties.PropertyMappingContextCustomizer@cee9ad48, org.springframework.boot.test.autoconfigure.web.servlet.WebDriverContextCustomizerFactory$Customizer@691939c9, [ImportsContextCustomizer@3cc41abc key = [org.springframework.boot.autoconfigure.cache.CacheAutoConfiguration, org.springframework.boot.autoconfigure.data.jpa.JpaRepositoriesAutoConfiguration, org.springframework.boot.autoconfigure.flyway.FlywayAutoConfiguration, org.springframework.boot.autoconfigure.jdbc.DataSourceAutoConfiguration, org.springframework.boot.autoconfigure.jdbc.DataSourceTransactionManagerAutoConfiguration, org.springframework.boot.autoconfigure.jdbc.JdbcTemplateAutoConfiguration, org.springframework.boot.autoconfigure.liquibase.LiquibaseAutoConfiguration, org.springframework.boot.autoconfigure.orm.jpa.HibernateJpaAutoConfiguration, org.springframework.boot.autoconfigure.sql.init.SqlInitializationAutoConfiguration, org.springframework.boot.autoconfigure.transaction.TransactionAutoConfiguration, org.springframework.boot.test.autoconfigure.jdbc.TestDatabaseAutoConfiguration, org.springframework.boot.test.autoconfigure.orm.jpa.TestEntityManagerAutoConfiguration]], org.springframework.boot.test.context.filter.ExcludeFilterContextCustomizer@3d2ee678, org.springframework.boot.test.json.DuplicateJsonObjectContextCustomizerFactory$DuplicateJsonObjectContextCustomizer@2d6764b2, org.springframework.boot.test.mock.mockito.MockitoContextCustomizer@0, org.springframework.boot.test.context.SpringBootTestArgs@1, org.springframework.boot.test.context.SpringBootTestWebEnvironment@0], contextLoader = 'org.springframework.boot.test.context.SpringBootContextLoader', parent = [null]], attributes = map['org.springframework.test.context.event.ApplicationEventsTestExecutionListener.recordApplicationEvents' -> false]]; transaction manager [org.springframework.orm.jpa.JpaTransactionManager@47f39279]; rollback [true]
Hibernate: select board0_.board_id as board_id1_4_, board0_.category_id as category7_4_, board0_.board_content as board_co2_4_, board0_.board_created_at as board_cr3_4_, board0_.board_last_modified_at as board_la4_4_, board0_.board_title as board_ti5_4_, board0_.user_id as user_id8_4_, board0_.board_views as board_vi6_4_ from board board0_
Hibernate: select user0_.user_id as user_id1_21_, user0_.character_id as characte7_21_, user0_.user_created_at as user_cre2_21_, user0_.user_name as user_nam3_21_, user0_.user_phone_number as user_pho4_21_, user0_.user_user_id as user_use5_21_, user0_.user_user_password as user_use6_21_ from user user0_
Hibernate: select category0_.category_id as category1_5_, category0_.category_name as category2_5_ from category category0_
Hibernate: select character0_.character_id as characte1_6_, character0_.character_character_name as characte2_6_ from characters character0_
Hibernate: insert into characters (character_id, character_character_name) values (default, ?)
Hibernate: insert into user (user_id, character_id, user_created_at, user_name, user_phone_number, user_user_id, user_user_password) values (default, ?, ?, ?, ?, ?, ?)
Hibernate: insert into user (user_id, character_id, user_created_at, user_name, user_phone_number, user_user_id, user_user_password) values (default, ?, ?, ?, ?, ?, ?)
Hibernate: insert into category (category_id, category_name) values (default, ?)
Hibernate: insert into category (category_id, category_name) values (default, ?)
Hibernate: insert into board (board_id, category_id, board_content, board_created_at, board_last_modified_at, board_title, user_id, board_views) values (default, ?, ?, ?, ?, ?, ?, ?)
Hibernate: insert into board (board_id, category_id, board_content, board_created_at, board_last_modified_at, board_title, user_id, board_views) values (default, ?, ?, ?, ?, ?, ?, ?)
Hibernate: insert into board (board_id, category_id, board_content, board_created_at, board_last_modified_at, board_title, user_id, board_views) values (default, ?, ?, ?, ?, ?, ?, ?)
Hibernate: insert into board (board_id, category_id, board_content, board_created_at, board_last_modified_at, board_title, user_id, board_views) values (default, ?, ?, ?, ?, ?, ?, ?)
Hibernate: insert into board (board_id, category_id, board_content, board_created_at, board_last_modified_at, board_title, user_id, board_views) values (default, ?, ?, ?, ?, ?, ?, ?)
Hibernate: insert into file_path_list (board_board_id, board_file_path_list) values (?, ?)
Hibernate: insert into image_path_list (board_board_id, board_image_path_list) values (?, ?)
Hibernate: insert into file_path_list (board_board_id, board_file_path_list) values (?, ?)
Hibernate: insert into image_path_list (board_board_id, board_image_path_list) values (?, ?)
Hibernate: insert into file_path_list (board_board_id, board_file_path_list) values (?, ?)
Hibernate: insert into image_path_list (board_board_id, board_image_path_list) values (?, ?)
Hibernate: insert into file_path_list (board_board_id, board_file_path_list) values (?, ?)
Hibernate: insert into image_path_list (board_board_id, board_image_path_list) values (?, ?)
Hibernate: insert into file_path_list (board_board_id, board_file_path_list) values (?, ?)
Hibernate: insert into image_path_list (board_board_id, board_image_path_list) values (?, ?)
Hibernate: select count(board0_.board_id) as col_0_0_ from board board0_ where board0_.board_title like ?
Hibernate: select board0_.board_id as board_id1_4_, board0_.category_id as category7_4_, board0_.board_content as board_co2_4_, board0_.board_created_at as board_cr3_4_, board0_.board_last_modified_at as board_la4_4_, board0_.board_title as board_ti5_4_, board0_.user_id as user_id8_4_, board0_.board_views as board_vi6_4_ from board board0_
Hibernate: select category0_.category_id as category1_5_0_, category0_.category_name as category2_5_0_ from category category0_ where category0_.category_id=?
Hibernate: select user0_.user_id as user_id1_21_0_, user0_.character_id as characte7_21_0_, user0_.user_created_at as user_cre2_21_0_, user0_.user_name as user_nam3_21_0_, user0_.user_phone_number as user_pho4_21_0_, user0_.user_user_id as user_use5_21_0_, user0_.user_user_password as user_use6_21_0_ from user user0_ where user0_.user_id=?
Hibernate: select character0_.character_id as characte1_6_0_, character0_.character_character_name as characte2_6_0_ from characters character0_ where character0_.character_id=?
Hibernate: select category0_.category_id as category1_5_0_, category0_.category_name as category2_5_0_ from category category0_ where category0_.category_id=?
Hibernate: select user0_.user_id as user_id1_21_0_, user0_.character_id as characte7_21_0_, user0_.user_created_at as user_cre2_21_0_, user0_.user_name as user_nam3_21_0_, user0_.user_phone_number as user_pho4_21_0_, user0_.user_user_id as user_use5_21_0_, user0_.user_user_password as user_use6_21_0_ from user user0_ where user0_.user_id=?
Hibernate: select commentlis0_.board_id as board_id5_7_0_, commentlis0_.comment_id as comment_1_7_0_, commentlis0_.comment_id as comment_1_7_1_, commentlis0_.board_id as board_id5_7_1_, commentlis0_.comment_content as comment_2_7_1_, commentlis0_.comment_created_at as comment_3_7_1_, commentlis0_.comment_last_modified_at as comment_4_7_1_, commentlis0_.user_id as user_id6_7_1_ from comment commentlis0_ where commentlis0_.board_id=?
Hibernate: select reactionli0_.board_id as board_id3_13_0_, reactionli0_.reaction_id as reaction1_13_0_, reactionli0_.reaction_id as reaction1_13_1_, reactionli0_.board_id as board_id3_13_1_, reactionli0_.reaction_type as reaction2_13_1_ from reaction reactionli0_ where reactionli0_.board_id=?
Hibernate: select commentlis0_.board_id as board_id5_7_0_, commentlis0_.comment_id as comment_1_7_0_, commentlis0_.comment_id as comment_1_7_1_, commentlis0_.board_id as board_id5_7_1_, commentlis0_.comment_content as comment_2_7_1_, commentlis0_.comment_created_at as comment_3_7_1_, commentlis0_.comment_last_modified_at as comment_4_7_1_, commentlis0_.user_id as user_id6_7_1_ from comment commentlis0_ where commentlis0_.board_id=?
Hibernate: select reactionli0_.board_id as board_id3_13_0_, reactionli0_.reaction_id as reaction1_13_0_, reactionli0_.reaction_id as reaction1_13_1_, reactionli0_.board_id as board_id3_13_1_, reactionli0_.reaction_type as reaction2_13_1_ from reaction reactionli0_ where reactionli0_.board_id=?
Hibernate: select commentlis0_.board_id as board_id5_7_0_, commentlis0_.comment_id as comment_1_7_0_, commentlis0_.comment_id as comment_1_7_1_, commentlis0_.board_id as board_id5_7_1_, commentlis0_.comment_content as comment_2_7_1_, commentlis0_.comment_created_at as comment_3_7_1_, commentlis0_.comment_last_modified_at as comment_4_7_1_, commentlis0_.user_id as user_id6_7_1_ from comment commentlis0_ where commentlis0_.board_id=?
Hibernate: select reactionli0_.board_id as board_id3_13_0_, reactionli0_.reaction_id as reaction1_13_0_, reactionli0_.reaction_id as reaction1_13_1_, reactionli0_.board_id as board_id3_13_1_, reactionli0_.reaction_type as reaction2_13_1_ from reaction reactionli0_ where reactionli0_.board_id=?
Hibernate: select commentlis0_.board_id as board_id5_7_0_, commentlis0_.comment_id as comment_1_7_0_, commentlis0_.comment_id as comment_1_7_1_, commentlis0_.board_id as board_id5_7_1_, commentlis0_.comment_content as comment_2_7_1_, commentlis0_.comment_created_at as comment_3_7_1_, commentlis0_.comment_last_modified_at as comment_4_7_1_, commentlis0_.user_id as user_id6_7_1_ from comment commentlis0_ where commentlis0_.board_id=?
Hibernate: select reactionli0_.board_id as board_id3_13_0_, reactionli0_.reaction_id as reaction1_13_0_, reactionli0_.reaction_id as reaction1_13_1_, reactionli0_.board_id as board_id3_13_1_, reactionli0_.reaction_type as reaction2_13_1_ from reaction reactionli0_ where reactionli0_.board_id=?
Hibernate: select commentlis0_.board_id as board_id5_7_0_, commentlis0_.comment_id as comment_1_7_0_, commentlis0_.comment_id as comment_1_7_1_, commentlis0_.board_id as board_id5_7_1_, commentlis0_.comment_content as comment_2_7_1_, commentlis0_.comment_created_at as comment_3_7_1_, commentlis0_.comment_last_modified_at as comment_4_7_1_, commentlis0_.user_id as user_id6_7_1_ from comment commentlis0_ where commentlis0_.board_id=?
Hibernate: select reactionli0_.board_id as board_id3_13_0_, reactionli0_.reaction_id as reaction1_13_0_, reactionli0_.reaction_id as reaction1_13_1_, reactionli0_.board_id as board_id3_13_1_, reactionli0_.reaction_type as reaction2_13_1_ from reaction reactionli0_ where reactionli0_.board_id=?
Hibernate: select user0_.user_id as user_id1_21_, user0_.character_id as characte7_21_, user0_.user_created_at as user_cre2_21_, user0_.user_name as user_nam3_21_, user0_.user_phone_number as user_pho4_21_, user0_.user_user_id as user_use5_21_, user0_.user_user_password as user_use6_21_ from user user0_
Hibernate: select rewardtagw0_.user_id as user_id4_16_0_, rewardtagw0_.reward_tag_wrapper_reward_id as reward_t1_16_0_, rewardtagw0_.reward_tag_wrapper_reward_id as reward_t1_16_1_, rewardtagw0_.reward_tag_wrapper_reward_presented_at as reward_t2_16_1_, rewardtagw0_.reward_tag_reward_tag_id as reward_t3_16_1_, rewardtagw0_.user_id as user_id4_16_1_ from reward_tag_wrapper rewardtagw0_ where rewardtagw0_.user_id=?
Hibernate: select rewardtagw0_.user_id as user_id4_16_0_, rewardtagw0_.reward_tag_wrapper_reward_id as reward_t1_16_0_, rewardtagw0_.reward_tag_wrapper_reward_id as reward_t1_16_1_, rewardtagw0_.reward_tag_wrapper_reward_presented_at as reward_t2_16_1_, rewardtagw0_.reward_tag_reward_tag_id as reward_t3_16_1_, rewardtagw0_.user_id as user_id4_16_1_ from reward_tag_wrapper rewardtagw0_ where rewardtagw0_.user_id=?
Hibernate: select category0_.category_id as category1_5_, category0_.category_name as category2_5_ from category category0_
Hibernate: select boardlist0_.category_id as category7_4_0_, boardlist0_.board_id as board_id1_4_0_, boardlist0_.board_id as board_id1_4_1_, boardlist0_.category_id as category7_4_1_, boardlist0_.board_content as board_co2_4_1_, boardlist0_.board_created_at as board_cr3_4_1_, boardlist0_.board_last_modified_at as board_la4_4_1_, boardlist0_.board_title as board_ti5_4_1_, boardlist0_.user_id as user_id8_4_1_, boardlist0_.board_views as board_vi6_4_1_ from board boardlist0_ where boardlist0_.category_id=?
Hibernate: select boardlist0_.category_id as category7_4_0_, boardlist0_.board_id as board_id1_4_0_, boardlist0_.board_id as board_id1_4_1_, boardlist0_.category_id as category7_4_1_, boardlist0_.board_content as board_co2_4_1_, boardlist0_.board_created_at as board_cr3_4_1_, boardlist0_.board_last_modified_at as board_la4_4_1_, boardlist0_.board_title as board_ti5_4_1_, boardlist0_.user_id as user_id8_4_1_, boardlist0_.board_views as board_vi6_4_1_ from board boardlist0_ where boardlist0_.category_id=?
Hibernate: select character0_.character_id as characte1_6_, character0_.character_character_name as characte2_6_ from characters character0_
2023-06-27 23:51:23.298  INFO 92765 --- [    Test worker] o.s.t.c.transaction.TransactionContext   : Rolled back transaction for test: [DefaultTestContext@c35172e testClass = BoardRepositoryTest, testInstance = org.waldreg.repository.board.BoardRepositoryTest@6aa18912, testMethod = GET_MAX_INDEX_BY_TITLE_TEST@BoardRepositoryTest, testException = [null], mergedContextConfiguration = [MergedContextConfiguration@c2db68f testClass = BoardRepositoryTest, locations = '{}', classes = '{class org.waldreg.repository.board.BoardRepositoryServiceProvider, class org.waldreg.repository.board.CategoryRepositoryServiceProvider, class org.waldreg.repository.board.CommentRepositoryServiceProvider, class org.waldreg.repository.board.ReactionRepositoryServiceProvider, class org.waldreg.repository.board.mapper.BoardRepositoryMapper, class org.waldreg.repository.board.mapper.CategoryRepositoryMapper, class org.waldreg.repository.board.mapper.ReactionRepositoryMapper, class org.waldreg.repository.board.mapper.CommentRepositoryMapper, interface org.waldreg.repository.board.repository.JpaCharacterRepository, interface org.waldreg.repository.board.repository.JpaCategoryRepository, interface org.waldreg.repository.board.repository.JpaUserRepository, interface org.waldreg.repository.board.repository.JpaReactionRepository, interface org.waldreg.repository.board.repository.JpaReactionUserRepository, class org.waldreg.repository.board.BoardCommander, class org.waldreg.repository.board.CommentCommander, class org.waldreg.repository.board.FileNameCommander, class org.waldreg.repository.board.JpaBoardTestInitializer}', contextInitializerClasses = '[]', activeProfiles = '{}', propertySourceLocations = '{classpath:h2-application.properties}', propertySourceProperties = '{org.springframework.boot.test.autoconfigure.orm.jpa.DataJpaTestContextBootstrapper=true}', contextCustomizers = set[org.springframework.boot.test.autoconfigure.OverrideAutoConfigurationContextCustomizerFactory$DisableAutoConfigurationContextCustomizer@7776ab, org.springframework.boot.test.autoconfigure.actuate.metrics.MetricsExportContextCustomizerFactory$DisableMetricExportContextCustomizer@2f1de2d6, org.springframework.boot.test.autoconfigure.filter.TypeExcludeFiltersContextCustomizer@351584c0, org.springframework.boot.test.autoconfigure.properties.PropertyMappingContextCustomizer@cee9ad48, org.springframework.boot.test.autoconfigure.web.servlet.WebDriverContextCustomizerFactory$Customizer@691939c9, [ImportsContextCustomizer@3cc41abc key = [org.springframework.boot.autoconfigure.cache.CacheAutoConfiguration, org.springframework.boot.autoconfigure.data.jpa.JpaRepositoriesAutoConfiguration, org.springframework.boot.autoconfigure.flyway.FlywayAutoConfiguration, org.springframework.boot.autoconfigure.jdbc.DataSourceAutoConfiguration, org.springframework.boot.autoconfigure.jdbc.DataSourceTransactionManagerAutoConfiguration, org.springframework.boot.autoconfigure.jdbc.JdbcTemplateAutoConfiguration, org.springframework.boot.autoconfigure.liquibase.LiquibaseAutoConfiguration, org.springframework.boot.autoconfigure.orm.jpa.HibernateJpaAutoConfiguration, org.springframework.boot.autoconfigure.sql.init.SqlInitializationAutoConfiguration, org.springframework.boot.autoconfigure.transaction.TransactionAutoConfiguration, org.springframework.boot.test.autoconfigure.jdbc.TestDatabaseAutoConfiguration, org.springframework.boot.test.autoconfigure.orm.jpa.TestEntityManagerAutoConfiguration]], org.springframework.boot.test.context.filter.ExcludeFilterContextCustomizer@3d2ee678, org.springframework.boot.test.json.DuplicateJsonObjectContextCustomizerFactory$DuplicateJsonObjectContextCustomizer@2d6764b2, org.springframework.boot.test.mock.mockito.MockitoContextCustomizer@0, org.springframework.boot.test.context.SpringBootTestArgs@1, org.springframework.boot.test.context.SpringBootTestWebEnvironment@0], contextLoader = 'org.springframework.boot.test.context.SpringBootContextLoader', parent = [null]], attributes = map['org.springframework.test.context.event.ApplicationEventsTestExecutionListener.recordApplicationEvents' -> false]]
2023-06-27 23:51:23.300  INFO 92765 --- [    Test worker] o.s.t.c.transaction.TransactionContext   : Began transaction (1) for test context [DefaultTestContext@c35172e testClass = BoardRepositoryTest, testInstance = org.waldreg.repository.board.BoardRepositoryTest@3662c887, testMethod = CREATE_NEW_BOARD_SUCCESS_TEST@BoardRepositoryTest, testException = [null], mergedContextConfiguration = [MergedContextConfiguration@c2db68f testClass = BoardRepositoryTest, locations = '{}', classes = '{class org.waldreg.repository.board.BoardRepositoryServiceProvider, class org.waldreg.repository.board.CategoryRepositoryServiceProvider, class org.waldreg.repository.board.CommentRepositoryServiceProvider, class org.waldreg.repository.board.ReactionRepositoryServiceProvider, class org.waldreg.repository.board.mapper.BoardRepositoryMapper, class org.waldreg.repository.board.mapper.CategoryRepositoryMapper, class org.waldreg.repository.board.mapper.ReactionRepositoryMapper, class org.waldreg.repository.board.mapper.CommentRepositoryMapper, interface org.waldreg.repository.board.repository.JpaCharacterRepository, interface org.waldreg.repository.board.repository.JpaCategoryRepository, interface org.waldreg.repository.board.repository.JpaUserRepository, interface org.waldreg.repository.board.repository.JpaReactionRepository, interface org.waldreg.repository.board.repository.JpaReactionUserRepository, class org.waldreg.repository.board.BoardCommander, class org.waldreg.repository.board.CommentCommander, class org.waldreg.repository.board.FileNameCommander, class org.waldreg.repository.board.JpaBoardTestInitializer}', contextInitializerClasses = '[]', activeProfiles = '{}', propertySourceLocations = '{classpath:h2-application.properties}', propertySourceProperties = '{org.springframework.boot.test.autoconfigure.orm.jpa.DataJpaTestContextBootstrapper=true}', contextCustomizers = set[org.springframework.boot.test.autoconfigure.OverrideAutoConfigurationContextCustomizerFactory$DisableAutoConfigurationContextCustomizer@7776ab, org.springframework.boot.test.autoconfigure.actuate.metrics.MetricsExportContextCustomizerFactory$DisableMetricExportContextCustomizer@2f1de2d6, org.springframework.boot.test.autoconfigure.filter.TypeExcludeFiltersContextCustomizer@351584c0, org.springframework.boot.test.autoconfigure.properties.PropertyMappingContextCustomizer@cee9ad48, org.springframework.boot.test.autoconfigure.web.servlet.WebDriverContextCustomizerFactory$Customizer@691939c9, [ImportsContextCustomizer@3cc41abc key = [org.springframework.boot.autoconfigure.cache.CacheAutoConfiguration, org.springframework.boot.autoconfigure.data.jpa.JpaRepositoriesAutoConfiguration, org.springframework.boot.autoconfigure.flyway.FlywayAutoConfiguration, org.springframework.boot.autoconfigure.jdbc.DataSourceAutoConfiguration, org.springframework.boot.autoconfigure.jdbc.DataSourceTransactionManagerAutoConfiguration, org.springframework.boot.autoconfigure.jdbc.JdbcTemplateAutoConfiguration, org.springframework.boot.autoconfigure.liquibase.LiquibaseAutoConfiguration, org.springframework.boot.autoconfigure.orm.jpa.HibernateJpaAutoConfiguration, org.springframework.boot.autoconfigure.sql.init.SqlInitializationAutoConfiguration, org.springframework.boot.autoconfigure.transaction.TransactionAutoConfiguration, org.springframework.boot.test.autoconfigure.jdbc.TestDatabaseAutoConfiguration, org.springframework.boot.test.autoconfigure.orm.jpa.TestEntityManagerAutoConfiguration]], org.springframework.boot.test.context.filter.ExcludeFilterContextCustomizer@3d2ee678, org.springframework.boot.test.json.DuplicateJsonObjectContextCustomizerFactory$DuplicateJsonObjectContextCustomizer@2d6764b2, org.springframework.boot.test.mock.mockito.MockitoContextCustomizer@0, org.springframework.boot.test.context.SpringBootTestArgs@1, org.springframework.boot.test.context.SpringBootTestWebEnvironment@0], contextLoader = 'org.springframework.boot.test.context.SpringBootContextLoader', parent = [null]], attributes = map['org.springframework.test.context.event.ApplicationEventsTestExecutionListener.recordApplicationEvents' -> false]]; transaction manager [org.springframework.orm.jpa.JpaTransactionManager@47f39279]; rollback [true]
Hibernate: select board0_.board_id as board_id1_4_, board0_.category_id as category7_4_, board0_.board_content as board_co2_4_, board0_.board_created_at as board_cr3_4_, board0_.board_last_modified_at as board_la4_4_, board0_.board_title as board_ti5_4_, board0_.user_id as user_id8_4_, board0_.board_views as board_vi6_4_ from board board0_
Hibernate: select user0_.user_id as user_id1_21_, user0_.character_id as characte7_21_, user0_.user_created_at as user_cre2_21_, user0_.user_name as user_nam3_21_, user0_.user_phone_number as user_pho4_21_, user0_.user_user_id as user_use5_21_, user0_.user_user_password as user_use6_21_ from user user0_
Hibernate: select category0_.category_id as category1_5_, category0_.category_name as category2_5_ from category category0_
Hibernate: select character0_.character_id as characte1_6_, character0_.character_character_name as characte2_6_ from characters character0_
Hibernate: insert into characters (character_id, character_character_name) values (default, ?)
Hibernate: insert into user (user_id, character_id, user_created_at, user_name, user_phone_number, user_user_id, user_user_password) values (default, ?, ?, ?, ?, ?, ?)
Hibernate: insert into category (category_id, category_name) values (default, ?)
Hibernate: select category0_.category_id as category1_5_, category0_.category_name as category2_5_ from category category0_
Hibernate: insert into board (board_id, category_id, board_content, board_created_at, board_last_modified_at, board_title, user_id, board_views) values (default, ?, ?, ?, ?, ?, ?, ?)
Hibernate: insert into reaction (reaction_id, board_id, reaction_type) values (default, ?, ?)
Hibernate: insert into reaction (reaction_id, board_id, reaction_type) values (default, ?, ?)
Hibernate: insert into reaction (reaction_id, board_id, reaction_type) values (default, ?, ?)
Hibernate: insert into reaction (reaction_id, board_id, reaction_type) values (default, ?, ?)
Hibernate: insert into reaction (reaction_id, board_id, reaction_type) values (default, ?, ?)
Hibernate: insert into reaction (reaction_id, board_id, reaction_type) values (default, ?, ?)
Hibernate: insert into file_path_list (board_board_id, board_file_path_list) values (?, ?)
Hibernate: insert into image_path_list (board_board_id, board_image_path_list) values (?, ?)
Hibernate: select board0_.board_id as board_id1_4_, board0_.category_id as category7_4_, board0_.board_content as board_co2_4_, board0_.board_created_at as board_cr3_4_, board0_.board_last_modified_at as board_la4_4_, board0_.board_title as board_ti5_4_, board0_.user_id as user_id8_4_, board0_.board_views as board_vi6_4_ from board board0_
Hibernate: select user0_.user_id as user_id1_21_, user0_.character_id as characte7_21_, user0_.user_created_at as user_cre2_21_, user0_.user_name as user_nam3_21_, user0_.user_phone_number as user_pho4_21_, user0_.user_user_id as user_use5_21_, user0_.user_user_password as user_use6_21_ from user user0_
Hibernate: select category0_.category_id as category1_5_, category0_.category_name as category2_5_ from category category0_
Hibernate: select character0_.character_id as characte1_6_, character0_.character_character_name as characte2_6_ from characters character0_
2023-06-27 23:51:23.322  INFO 92765 --- [    Test worker] o.s.t.c.transaction.TransactionContext   : Rolled back transaction for test: [DefaultTestContext@c35172e testClass = BoardRepositoryTest, testInstance = org.waldreg.repository.board.BoardRepositoryTest@3662c887, testMethod = CREATE_NEW_BOARD_SUCCESS_TEST@BoardRepositoryTest, testException = [null], mergedContextConfiguration = [MergedContextConfiguration@c2db68f testClass = BoardRepositoryTest, locations = '{}', classes = '{class org.waldreg.repository.board.BoardRepositoryServiceProvider, class org.waldreg.repository.board.CategoryRepositoryServiceProvider, class org.waldreg.repository.board.CommentRepositoryServiceProvider, class org.waldreg.repository.board.ReactionRepositoryServiceProvider, class org.waldreg.repository.board.mapper.BoardRepositoryMapper, class org.waldreg.repository.board.mapper.CategoryRepositoryMapper, class org.waldreg.repository.board.mapper.ReactionRepositoryMapper, class org.waldreg.repository.board.mapper.CommentRepositoryMapper, interface org.waldreg.repository.board.repository.JpaCharacterRepository, interface org.waldreg.repository.board.repository.JpaCategoryRepository, interface org.waldreg.repository.board.repository.JpaUserRepository, interface org.waldreg.repository.board.repository.JpaReactionRepository, interface org.waldreg.repository.board.repository.JpaReactionUserRepository, class org.waldreg.repository.board.BoardCommander, class org.waldreg.repository.board.CommentCommander, class org.waldreg.repository.board.FileNameCommander, class org.waldreg.repository.board.JpaBoardTestInitializer}', contextInitializerClasses = '[]', activeProfiles = '{}', propertySourceLocations = '{classpath:h2-application.properties}', propertySourceProperties = '{org.springframework.boot.test.autoconfigure.orm.jpa.DataJpaTestContextBootstrapper=true}', contextCustomizers = set[org.springframework.boot.test.autoconfigure.OverrideAutoConfigurationContextCustomizerFactory$DisableAutoConfigurationContextCustomizer@7776ab, org.springframework.boot.test.autoconfigure.actuate.metrics.MetricsExportContextCustomizerFactory$DisableMetricExportContextCustomizer@2f1de2d6, org.springframework.boot.test.autoconfigure.filter.TypeExcludeFiltersContextCustomizer@351584c0, org.springframework.boot.test.autoconfigure.properties.PropertyMappingContextCustomizer@cee9ad48, org.springframework.boot.test.autoconfigure.web.servlet.WebDriverContextCustomizerFactory$Customizer@691939c9, [ImportsContextCustomizer@3cc41abc key = [org.springframework.boot.autoconfigure.cache.CacheAutoConfiguration, org.springframework.boot.autoconfigure.data.jpa.JpaRepositoriesAutoConfiguration, org.springframework.boot.autoconfigure.flyway.FlywayAutoConfiguration, org.springframework.boot.autoconfigure.jdbc.DataSourceAutoConfiguration, org.springframework.boot.autoconfigure.jdbc.DataSourceTransactionManagerAutoConfiguration, org.springframework.boot.autoconfigure.jdbc.JdbcTemplateAutoConfiguration, org.springframework.boot.autoconfigure.liquibase.LiquibaseAutoConfiguration, org.springframework.boot.autoconfigure.orm.jpa.HibernateJpaAutoConfiguration, org.springframework.boot.autoconfigure.sql.init.SqlInitializationAutoConfiguration, org.springframework.boot.autoconfigure.transaction.TransactionAutoConfiguration, org.springframework.boot.test.autoconfigure.jdbc.TestDatabaseAutoConfiguration, org.springframework.boot.test.autoconfigure.orm.jpa.TestEntityManagerAutoConfiguration]], org.springframework.boot.test.context.filter.ExcludeFilterContextCustomizer@3d2ee678, org.springframework.boot.test.json.DuplicateJsonObjectContextCustomizerFactory$DuplicateJsonObjectContextCustomizer@2d6764b2, org.springframework.boot.test.mock.mockito.MockitoContextCustomizer@0, org.springframework.boot.test.context.SpringBootTestArgs@1, org.springframework.boot.test.context.SpringBootTestWebEnvironment@0], contextLoader = 'org.springframework.boot.test.context.SpringBootContextLoader', parent = [null]], attributes = map['org.springframework.test.context.event.ApplicationEventsTestExecutionListener.recordApplicationEvents' -> false]]
2023-06-27 23:51:23.323  INFO 92765 --- [    Test worker] o.s.t.c.transaction.TransactionContext   : Began transaction (1) for test context [DefaultTestContext@c35172e testClass = BoardRepositoryTest, testInstance = org.waldreg.repository.board.BoardRepositoryTest@14b4d90b, testMethod = GET_MAX_INDEX_BY_USER_ID_TEST@BoardRepositoryTest, testException = [null], mergedContextConfiguration = [MergedContextConfiguration@c2db68f testClass = BoardRepositoryTest, locations = '{}', classes = '{class org.waldreg.repository.board.BoardRepositoryServiceProvider, class org.waldreg.repository.board.CategoryRepositoryServiceProvider, class org.waldreg.repository.board.CommentRepositoryServiceProvider, class org.waldreg.repository.board.ReactionRepositoryServiceProvider, class org.waldreg.repository.board.mapper.BoardRepositoryMapper, class org.waldreg.repository.board.mapper.CategoryRepositoryMapper, class org.waldreg.repository.board.mapper.ReactionRepositoryMapper, class org.waldreg.repository.board.mapper.CommentRepositoryMapper, interface org.waldreg.repository.board.repository.JpaCharacterRepository, interface org.waldreg.repository.board.repository.JpaCategoryRepository, interface org.waldreg.repository.board.repository.JpaUserRepository, interface org.waldreg.repository.board.repository.JpaReactionRepository, interface org.waldreg.repository.board.repository.JpaReactionUserRepository, class org.waldreg.repository.board.BoardCommander, class org.waldreg.repository.board.CommentCommander, class org.waldreg.repository.board.FileNameCommander, class org.waldreg.repository.board.JpaBoardTestInitializer}', contextInitializerClasses = '[]', activeProfiles = '{}', propertySourceLocations = '{classpath:h2-application.properties}', propertySourceProperties = '{org.springframework.boot.test.autoconfigure.orm.jpa.DataJpaTestContextBootstrapper=true}', contextCustomizers = set[org.springframework.boot.test.autoconfigure.OverrideAutoConfigurationContextCustomizerFactory$DisableAutoConfigurationContextCustomizer@7776ab, org.springframework.boot.test.autoconfigure.actuate.metrics.MetricsExportContextCustomizerFactory$DisableMetricExportContextCustomizer@2f1de2d6, org.springframework.boot.test.autoconfigure.filter.TypeExcludeFiltersContextCustomizer@351584c0, org.springframework.boot.test.autoconfigure.properties.PropertyMappingContextCustomizer@cee9ad48, org.springframework.boot.test.autoconfigure.web.servlet.WebDriverContextCustomizerFactory$Customizer@691939c9, [ImportsContextCustomizer@3cc41abc key = [org.springframework.boot.autoconfigure.cache.CacheAutoConfiguration, org.springframework.boot.autoconfigure.data.jpa.JpaRepositoriesAutoConfiguration, org.springframework.boot.autoconfigure.flyway.FlywayAutoConfiguration, org.springframework.boot.autoconfigure.jdbc.DataSourceAutoConfiguration, org.springframework.boot.autoconfigure.jdbc.DataSourceTransactionManagerAutoConfiguration, org.springframework.boot.autoconfigure.jdbc.JdbcTemplateAutoConfiguration, org.springframework.boot.autoconfigure.liquibase.LiquibaseAutoConfiguration, org.springframework.boot.autoconfigure.orm.jpa.HibernateJpaAutoConfiguration, org.springframework.boot.autoconfigure.sql.init.SqlInitializationAutoConfiguration, org.springframework.boot.autoconfigure.transaction.TransactionAutoConfiguration, org.springframework.boot.test.autoconfigure.jdbc.TestDatabaseAutoConfiguration, org.springframework.boot.test.autoconfigure.orm.jpa.TestEntityManagerAutoConfiguration]], org.springframework.boot.test.context.filter.ExcludeFilterContextCustomizer@3d2ee678, org.springframework.boot.test.json.DuplicateJsonObjectContextCustomizerFactory$DuplicateJsonObjectContextCustomizer@2d6764b2, org.springframework.boot.test.mock.mockito.MockitoContextCustomizer@0, org.springframework.boot.test.context.SpringBootTestArgs@1, org.springframework.boot.test.context.SpringBootTestWebEnvironment@0], contextLoader = 'org.springframework.boot.test.context.SpringBootContextLoader', parent = [null]], attributes = map['org.springframework.test.context.event.ApplicationEventsTestExecutionListener.recordApplicationEvents' -> false]]; transaction manager [org.springframework.orm.jpa.JpaTransactionManager@47f39279]; rollback [true]
Hibernate: select board0_.board_id as board_id1_4_, board0_.category_id as category7_4_, board0_.board_content as board_co2_4_, board0_.board_created_at as board_cr3_4_, board0_.board_last_modified_at as board_la4_4_, board0_.board_title as board_ti5_4_, board0_.user_id as user_id8_4_, board0_.board_views as board_vi6_4_ from board board0_
Hibernate: select user0_.user_id as user_id1_21_, user0_.character_id as characte7_21_, user0_.user_created_at as user_cre2_21_, user0_.user_name as user_nam3_21_, user0_.user_phone_number as user_pho4_21_, user0_.user_user_id as user_use5_21_, user0_.user_user_password as user_use6_21_ from user user0_
Hibernate: select category0_.category_id as category1_5_, category0_.category_name as category2_5_ from category category0_
Hibernate: select character0_.character_id as characte1_6_, character0_.character_character_name as characte2_6_ from characters character0_
Hibernate: insert into characters (character_id, character_character_name) values (default, ?)
Hibernate: insert into user (user_id, character_id, user_created_at, user_name, user_phone_number, user_user_id, user_user_password) values (default, ?, ?, ?, ?, ?, ?)
Hibernate: insert into user (user_id, character_id, user_created_at, user_name, user_phone_number, user_user_id, user_user_password) values (default, ?, ?, ?, ?, ?, ?)
Hibernate: insert into category (category_id, category_name) values (default, ?)
Hibernate: insert into category (category_id, category_name) values (default, ?)
Hibernate: insert into board (board_id, category_id, board_content, board_created_at, board_last_modified_at, board_title, user_id, board_views) values (default, ?, ?, ?, ?, ?, ?, ?)
Hibernate: insert into board (board_id, category_id, board_content, board_created_at, board_last_modified_at, board_title, user_id, board_views) values (default, ?, ?, ?, ?, ?, ?, ?)
Hibernate: insert into board (board_id, category_id, board_content, board_created_at, board_last_modified_at, board_title, user_id, board_views) values (default, ?, ?, ?, ?, ?, ?, ?)
Hibernate: insert into board (board_id, category_id, board_content, board_created_at, board_last_modified_at, board_title, user_id, board_views) values (default, ?, ?, ?, ?, ?, ?, ?)
Hibernate: insert into board (board_id, category_id, board_content, board_created_at, board_last_modified_at, board_title, user_id, board_views) values (default, ?, ?, ?, ?, ?, ?, ?)
Hibernate: insert into file_path_list (board_board_id, board_file_path_list) values (?, ?)
Hibernate: insert into image_path_list (board_board_id, board_image_path_list) values (?, ?)
Hibernate: insert into file_path_list (board_board_id, board_file_path_list) values (?, ?)
Hibernate: insert into image_path_list (board_board_id, board_image_path_list) values (?, ?)
Hibernate: insert into file_path_list (board_board_id, board_file_path_list) values (?, ?)
Hibernate: insert into image_path_list (board_board_id, board_image_path_list) values (?, ?)
Hibernate: insert into file_path_list (board_board_id, board_file_path_list) values (?, ?)
Hibernate: insert into image_path_list (board_board_id, board_image_path_list) values (?, ?)
Hibernate: insert into file_path_list (board_board_id, board_file_path_list) values (?, ?)
Hibernate: insert into image_path_list (board_board_id, board_image_path_list) values (?, ?)
Hibernate: select count(board0_.board_id) as col_0_0_ from board board0_ cross join user user1_ where board0_.user_id=user1_.user_id and (user1_.user_user_id like ?)
Hibernate: select board0_.board_id as board_id1_4_, board0_.category_id as category7_4_, board0_.board_content as board_co2_4_, board0_.board_created_at as board_cr3_4_, board0_.board_last_modified_at as board_la4_4_, board0_.board_title as board_ti5_4_, board0_.user_id as user_id8_4_, board0_.board_views as board_vi6_4_ from board board0_
Hibernate: select category0_.category_id as category1_5_0_, category0_.category_name as category2_5_0_ from category category0_ where category0_.category_id=?
Hibernate: select user0_.user_id as user_id1_21_0_, user0_.character_id as characte7_21_0_, user0_.user_created_at as user_cre2_21_0_, user0_.user_name as user_nam3_21_0_, user0_.user_phone_number as user_pho4_21_0_, user0_.user_user_id as user_use5_21_0_, user0_.user_user_password as user_use6_21_0_ from user user0_ where user0_.user_id=?
Hibernate: select character0_.character_id as characte1_6_0_, character0_.character_character_name as characte2_6_0_ from characters character0_ where character0_.character_id=?
Hibernate: select category0_.category_id as category1_5_0_, category0_.category_name as category2_5_0_ from category category0_ where category0_.category_id=?
Hibernate: select user0_.user_id as user_id1_21_0_, user0_.character_id as characte7_21_0_, user0_.user_created_at as user_cre2_21_0_, user0_.user_name as user_nam3_21_0_, user0_.user_phone_number as user_pho4_21_0_, user0_.user_user_id as user_use5_21_0_, user0_.user_user_password as user_use6_21_0_ from user user0_ where user0_.user_id=?
Hibernate: select commentlis0_.board_id as board_id5_7_0_, commentlis0_.comment_id as comment_1_7_0_, commentlis0_.comment_id as comment_1_7_1_, commentlis0_.board_id as board_id5_7_1_, commentlis0_.comment_content as comment_2_7_1_, commentlis0_.comment_created_at as comment_3_7_1_, commentlis0_.comment_last_modified_at as comment_4_7_1_, commentlis0_.user_id as user_id6_7_1_ from comment commentlis0_ where commentlis0_.board_id=?
Hibernate: select reactionli0_.board_id as board_id3_13_0_, reactionli0_.reaction_id as reaction1_13_0_, reactionli0_.reaction_id as reaction1_13_1_, reactionli0_.board_id as board_id3_13_1_, reactionli0_.reaction_type as reaction2_13_1_ from reaction reactionli0_ where reactionli0_.board_id=?
Hibernate: select commentlis0_.board_id as board_id5_7_0_, commentlis0_.comment_id as comment_1_7_0_, commentlis0_.comment_id as comment_1_7_1_, commentlis0_.board_id as board_id5_7_1_, commentlis0_.comment_content as comment_2_7_1_, commentlis0_.comment_created_at as comment_3_7_1_, commentlis0_.comment_last_modified_at as comment_4_7_1_, commentlis0_.user_id as user_id6_7_1_ from comment commentlis0_ where commentlis0_.board_id=?
Hibernate: select reactionli0_.board_id as board_id3_13_0_, reactionli0_.reaction_id as reaction1_13_0_, reactionli0_.reaction_id as reaction1_13_1_, reactionli0_.board_id as board_id3_13_1_, reactionli0_.reaction_type as reaction2_13_1_ from reaction reactionli0_ where reactionli0_.board_id=?
Hibernate: select commentlis0_.board_id as board_id5_7_0_, commentlis0_.comment_id as comment_1_7_0_, commentlis0_.comment_id as comment_1_7_1_, commentlis0_.board_id as board_id5_7_1_, commentlis0_.comment_content as comment_2_7_1_, commentlis0_.comment_created_at as comment_3_7_1_, commentlis0_.comment_last_modified_at as comment_4_7_1_, commentlis0_.user_id as user_id6_7_1_ from comment commentlis0_ where commentlis0_.board_id=?
Hibernate: select reactionli0_.board_id as board_id3_13_0_, reactionli0_.reaction_id as reaction1_13_0_, reactionli0_.reaction_id as reaction1_13_1_, reactionli0_.board_id as board_id3_13_1_, reactionli0_.reaction_type as reaction2_13_1_ from reaction reactionli0_ where reactionli0_.board_id=?
Hibernate: select commentlis0_.board_id as board_id5_7_0_, commentlis0_.comment_id as comment_1_7_0_, commentlis0_.comment_id as comment_1_7_1_, commentlis0_.board_id as board_id5_7_1_, commentlis0_.comment_content as comment_2_7_1_, commentlis0_.comment_created_at as comment_3_7_1_, commentlis0_.comment_last_modified_at as comment_4_7_1_, commentlis0_.user_id as user_id6_7_1_ from comment commentlis0_ where commentlis0_.board_id=?
Hibernate: select reactionli0_.board_id as board_id3_13_0_, reactionli0_.reaction_id as reaction1_13_0_, reactionli0_.reaction_id as reaction1_13_1_, reactionli0_.board_id as board_id3_13_1_, reactionli0_.reaction_type as reaction2_13_1_ from reaction reactionli0_ where reactionli0_.board_id=?
Hibernate: select commentlis0_.board_id as board_id5_7_0_, commentlis0_.comment_id as comment_1_7_0_, commentlis0_.comment_id as comment_1_7_1_, commentlis0_.board_id as board_id5_7_1_, commentlis0_.comment_content as comment_2_7_1_, commentlis0_.comment_created_at as comment_3_7_1_, commentlis0_.comment_last_modified_at as comment_4_7_1_, commentlis0_.user_id as user_id6_7_1_ from comment commentlis0_ where commentlis0_.board_id=?
Hibernate: select reactionli0_.board_id as board_id3_13_0_, reactionli0_.reaction_id as reaction1_13_0_, reactionli0_.reaction_id as reaction1_13_1_, reactionli0_.board_id as board_id3_13_1_, reactionli0_.reaction_type as reaction2_13_1_ from reaction reactionli0_ where reactionli0_.board_id=?
Hibernate: select user0_.user_id as user_id1_21_, user0_.character_id as characte7_21_, user0_.user_created_at as user_cre2_21_, user0_.user_name as user_nam3_21_, user0_.user_phone_number as user_pho4_21_, user0_.user_user_id as user_use5_21_, user0_.user_user_password as user_use6_21_ from user user0_
Hibernate: select rewardtagw0_.user_id as user_id4_16_0_, rewardtagw0_.reward_tag_wrapper_reward_id as reward_t1_16_0_, rewardtagw0_.reward_tag_wrapper_reward_id as reward_t1_16_1_, rewardtagw0_.reward_tag_wrapper_reward_presented_at as reward_t2_16_1_, rewardtagw0_.reward_tag_reward_tag_id as reward_t3_16_1_, rewardtagw0_.user_id as user_id4_16_1_ from reward_tag_wrapper rewardtagw0_ where rewardtagw0_.user_id=?
Hibernate: select rewardtagw0_.user_id as user_id4_16_0_, rewardtagw0_.reward_tag_wrapper_reward_id as reward_t1_16_0_, rewardtagw0_.reward_tag_wrapper_reward_id as reward_t1_16_1_, rewardtagw0_.reward_tag_wrapper_reward_presented_at as reward_t2_16_1_, rewardtagw0_.reward_tag_reward_tag_id as reward_t3_16_1_, rewardtagw0_.user_id as user_id4_16_1_ from reward_tag_wrapper rewardtagw0_ where rewardtagw0_.user_id=?
Hibernate: select category0_.category_id as category1_5_, category0_.category_name as category2_5_ from category category0_
Hibernate: select boardlist0_.category_id as category7_4_0_, boardlist0_.board_id as board_id1_4_0_, boardlist0_.board_id as board_id1_4_1_, boardlist0_.category_id as category7_4_1_, boardlist0_.board_content as board_co2_4_1_, boardlist0_.board_created_at as board_cr3_4_1_, boardlist0_.board_last_modified_at as board_la4_4_1_, boardlist0_.board_title as board_ti5_4_1_, boardlist0_.user_id as user_id8_4_1_, boardlist0_.board_views as board_vi6_4_1_ from board boardlist0_ where boardlist0_.category_id=?
Hibernate: select boardlist0_.category_id as category7_4_0_, boardlist0_.board_id as board_id1_4_0_, boardlist0_.board_id as board_id1_4_1_, boardlist0_.category_id as category7_4_1_, boardlist0_.board_content as board_co2_4_1_, boardlist0_.board_created_at as board_cr3_4_1_, boardlist0_.board_last_modified_at as board_la4_4_1_, boardlist0_.board_title as board_ti5_4_1_, boardlist0_.user_id as user_id8_4_1_, boardlist0_.board_views as board_vi6_4_1_ from board boardlist0_ where boardlist0_.category_id=?
Hibernate: select character0_.character_id as characte1_6_, character0_.character_character_name as characte2_6_ from characters character0_
2023-06-27 23:51:23.337  INFO 92765 --- [    Test worker] o.s.t.c.transaction.TransactionContext   : Rolled back transaction for test: [DefaultTestContext@c35172e testClass = BoardRepositoryTest, testInstance = org.waldreg.repository.board.BoardRepositoryTest@14b4d90b, testMethod = GET_MAX_INDEX_BY_USER_ID_TEST@BoardRepositoryTest, testException = [null], mergedContextConfiguration = [MergedContextConfiguration@c2db68f testClass = BoardRepositoryTest, locations = '{}', classes = '{class org.waldreg.repository.board.BoardRepositoryServiceProvider, class org.waldreg.repository.board.CategoryRepositoryServiceProvider, class org.waldreg.repository.board.CommentRepositoryServiceProvider, class org.waldreg.repository.board.ReactionRepositoryServiceProvider, class org.waldreg.repository.board.mapper.BoardRepositoryMapper, class org.waldreg.repository.board.mapper.CategoryRepositoryMapper, class org.waldreg.repository.board.mapper.ReactionRepositoryMapper, class org.waldreg.repository.board.mapper.CommentRepositoryMapper, interface org.waldreg.repository.board.repository.JpaCharacterRepository, interface org.waldreg.repository.board.repository.JpaCategoryRepository, interface org.waldreg.repository.board.repository.JpaUserRepository, interface org.waldreg.repository.board.repository.JpaReactionRepository, interface org.waldreg.repository.board.repository.JpaReactionUserRepository, class org.waldreg.repository.board.BoardCommander, class org.waldreg.repository.board.CommentCommander, class org.waldreg.repository.board.FileNameCommander, class org.waldreg.repository.board.JpaBoardTestInitializer}', contextInitializerClasses = '[]', activeProfiles = '{}', propertySourceLocations = '{classpath:h2-application.properties}', propertySourceProperties = '{org.springframework.boot.test.autoconfigure.orm.jpa.DataJpaTestContextBootstrapper=true}', contextCustomizers = set[org.springframework.boot.test.autoconfigure.OverrideAutoConfigurationContextCustomizerFactory$DisableAutoConfigurationContextCustomizer@7776ab, org.springframework.boot.test.autoconfigure.actuate.metrics.MetricsExportContextCustomizerFactory$DisableMetricExportContextCustomizer@2f1de2d6, org.springframework.boot.test.autoconfigure.filter.TypeExcludeFiltersContextCustomizer@351584c0, org.springframework.boot.test.autoconfigure.properties.PropertyMappingContextCustomizer@cee9ad48, org.springframework.boot.test.autoconfigure.web.servlet.WebDriverContextCustomizerFactory$Customizer@691939c9, [ImportsContextCustomizer@3cc41abc key = [org.springframework.boot.autoconfigure.cache.CacheAutoConfiguration, org.springframework.boot.autoconfigure.data.jpa.JpaRepositoriesAutoConfiguration, org.springframework.boot.autoconfigure.flyway.FlywayAutoConfiguration, org.springframework.boot.autoconfigure.jdbc.DataSourceAutoConfiguration, org.springframework.boot.autoconfigure.jdbc.DataSourceTransactionManagerAutoConfiguration, org.springframework.boot.autoconfigure.jdbc.JdbcTemplateAutoConfiguration, org.springframework.boot.autoconfigure.liquibase.LiquibaseAutoConfiguration, org.springframework.boot.autoconfigure.orm.jpa.HibernateJpaAutoConfiguration, org.springframework.boot.autoconfigure.sql.init.SqlInitializationAutoConfiguration, org.springframework.boot.autoconfigure.transaction.TransactionAutoConfiguration, org.springframework.boot.test.autoconfigure.jdbc.TestDatabaseAutoConfiguration, org.springframework.boot.test.autoconfigure.orm.jpa.TestEntityManagerAutoConfiguration]], org.springframework.boot.test.context.filter.ExcludeFilterContextCustomizer@3d2ee678, org.springframework.boot.test.json.DuplicateJsonObjectContextCustomizerFactory$DuplicateJsonObjectContextCustomizer@2d6764b2, org.springframework.boot.test.mock.mockito.MockitoContextCustomizer@0, org.springframework.boot.test.context.SpringBootTestArgs@1, org.springframework.boot.test.context.SpringBootTestWebEnvironment@0], contextLoader = 'org.springframework.boot.test.context.SpringBootContextLoader', parent = [null]], attributes = map['org.springframework.test.context.event.ApplicationEventsTestExecutionListener.recordApplicationEvents' -> false]]
2023-06-27 23:51:23.338  INFO 92765 --- [    Test worker] o.s.t.c.transaction.TransactionContext   : Began transaction (1) for test context [DefaultTestContext@c35172e testClass = BoardRepositoryTest, testInstance = org.waldreg.repository.board.BoardRepositoryTest@3d1c8f35, testMethod = INQUIRY_BOARD_LIST_BY_USER_ID_SUCCESS_TEST@BoardRepositoryTest, testException = [null], mergedContextConfiguration = [MergedContextConfiguration@c2db68f testClass = BoardRepositoryTest, locations = '{}', classes = '{class org.waldreg.repository.board.BoardRepositoryServiceProvider, class org.waldreg.repository.board.CategoryRepositoryServiceProvider, class org.waldreg.repository.board.CommentRepositoryServiceProvider, class org.waldreg.repository.board.ReactionRepositoryServiceProvider, class org.waldreg.repository.board.mapper.BoardRepositoryMapper, class org.waldreg.repository.board.mapper.CategoryRepositoryMapper, class org.waldreg.repository.board.mapper.ReactionRepositoryMapper, class org.waldreg.repository.board.mapper.CommentRepositoryMapper, interface org.waldreg.repository.board.repository.JpaCharacterRepository, interface org.waldreg.repository.board.repository.JpaCategoryRepository, interface org.waldreg.repository.board.repository.JpaUserRepository, interface org.waldreg.repository.board.repository.JpaReactionRepository, interface org.waldreg.repository.board.repository.JpaReactionUserRepository, class org.waldreg.repository.board.BoardCommander, class org.waldreg.repository.board.CommentCommander, class org.waldreg.repository.board.FileNameCommander, class org.waldreg.repository.board.JpaBoardTestInitializer}', contextInitializerClasses = '[]', activeProfiles = '{}', propertySourceLocations = '{classpath:h2-application.properties}', propertySourceProperties = '{org.springframework.boot.test.autoconfigure.orm.jpa.DataJpaTestContextBootstrapper=true}', contextCustomizers = set[org.springframework.boot.test.autoconfigure.OverrideAutoConfigurationContextCustomizerFactory$DisableAutoConfigurationContextCustomizer@7776ab, org.springframework.boot.test.autoconfigure.actuate.metrics.MetricsExportContextCustomizerFactory$DisableMetricExportContextCustomizer@2f1de2d6, org.springframework.boot.test.autoconfigure.filter.TypeExcludeFiltersContextCustomizer@351584c0, org.springframework.boot.test.autoconfigure.properties.PropertyMappingContextCustomizer@cee9ad48, org.springframework.boot.test.autoconfigure.web.servlet.WebDriverContextCustomizerFactory$Customizer@691939c9, [ImportsContextCustomizer@3cc41abc key = [org.springframework.boot.autoconfigure.cache.CacheAutoConfiguration, org.springframework.boot.autoconfigure.data.jpa.JpaRepositoriesAutoConfiguration, org.springframework.boot.autoconfigure.flyway.FlywayAutoConfiguration, org.springframework.boot.autoconfigure.jdbc.DataSourceAutoConfiguration, org.springframework.boot.autoconfigure.jdbc.DataSourceTransactionManagerAutoConfiguration, org.springframework.boot.autoconfigure.jdbc.JdbcTemplateAutoConfiguration, org.springframework.boot.autoconfigure.liquibase.LiquibaseAutoConfiguration, org.springframework.boot.autoconfigure.orm.jpa.HibernateJpaAutoConfiguration, org.springframework.boot.autoconfigure.sql.init.SqlInitializationAutoConfiguration, org.springframework.boot.autoconfigure.transaction.TransactionAutoConfiguration, org.springframework.boot.test.autoconfigure.jdbc.TestDatabaseAutoConfiguration, org.springframework.boot.test.autoconfigure.orm.jpa.TestEntityManagerAutoConfiguration]], org.springframework.boot.test.context.filter.ExcludeFilterContextCustomizer@3d2ee678, org.springframework.boot.test.json.DuplicateJsonObjectContextCustomizerFactory$DuplicateJsonObjectContextCustomizer@2d6764b2, org.springframework.boot.test.mock.mockito.MockitoContextCustomizer@0, org.springframework.boot.test.context.SpringBootTestArgs@1, org.springframework.boot.test.context.SpringBootTestWebEnvironment@0], contextLoader = 'org.springframework.boot.test.context.SpringBootContextLoader', parent = [null]], attributes = map['org.springframework.test.context.event.ApplicationEventsTestExecutionListener.recordApplicationEvents' -> false]]; transaction manager [org.springframework.orm.jpa.JpaTransactionManager@47f39279]; rollback [true]
Hibernate: select board0_.board_id as board_id1_4_, board0_.category_id as category7_4_, board0_.board_content as board_co2_4_, board0_.board_created_at as board_cr3_4_, board0_.board_last_modified_at as board_la4_4_, board0_.board_title as board_ti5_4_, board0_.user_id as user_id8_4_, board0_.board_views as board_vi6_4_ from board board0_
Hibernate: select user0_.user_id as user_id1_21_, user0_.character_id as characte7_21_, user0_.user_created_at as user_cre2_21_, user0_.user_name as user_nam3_21_, user0_.user_phone_number as user_pho4_21_, user0_.user_user_id as user_use5_21_, user0_.user_user_password as user_use6_21_ from user user0_
Hibernate: select category0_.category_id as category1_5_, category0_.category_name as category2_5_ from category category0_
Hibernate: select character0_.character_id as characte1_6_, character0_.character_character_name as characte2_6_ from characters character0_
Hibernate: insert into characters (character_id, character_character_name) values (default, ?)
Hibernate: insert into user (user_id, character_id, user_created_at, user_name, user_phone_number, user_user_id, user_user_password) values (default, ?, ?, ?, ?, ?, ?)
Hibernate: insert into user (user_id, character_id, user_created_at, user_name, user_phone_number, user_user_id, user_user_password) values (default, ?, ?, ?, ?, ?, ?)
Hibernate: insert into category (category_id, category_name) values (default, ?)
Hibernate: insert into category (category_id, category_name) values (default, ?)
Hibernate: insert into board (board_id, category_id, board_content, board_created_at, board_last_modified_at, board_title, user_id, board_views) values (default, ?, ?, ?, ?, ?, ?, ?)
Hibernate: insert into board (board_id, category_id, board_content, board_created_at, board_last_modified_at, board_title, user_id, board_views) values (default, ?, ?, ?, ?, ?, ?, ?)
Hibernate: insert into board (board_id, category_id, board_content, board_created_at, board_last_modified_at, board_title, user_id, board_views) values (default, ?, ?, ?, ?, ?, ?, ?)
Hibernate: insert into board (board_id, category_id, board_content, board_created_at, board_last_modified_at, board_title, user_id, board_views) values (default, ?, ?, ?, ?, ?, ?, ?)
Hibernate: insert into board (board_id, category_id, board_content, board_created_at, board_last_modified_at, board_title, user_id, board_views) values (default, ?, ?, ?, ?, ?, ?, ?)
Hibernate: insert into file_path_list (board_board_id, board_file_path_list) values (?, ?)
Hibernate: insert into image_path_list (board_board_id, board_image_path_list) values (?, ?)
Hibernate: insert into file_path_list (board_board_id, board_file_path_list) values (?, ?)
Hibernate: insert into image_path_list (board_board_id, board_image_path_list) values (?, ?)
Hibernate: insert into file_path_list (board_board_id, board_file_path_list) values (?, ?)
Hibernate: insert into image_path_list (board_board_id, board_image_path_list) values (?, ?)
Hibernate: insert into file_path_list (board_board_id, board_file_path_list) values (?, ?)
Hibernate: insert into image_path_list (board_board_id, board_image_path_list) values (?, ?)
Hibernate: insert into file_path_list (board_board_id, board_file_path_list) values (?, ?)
Hibernate: insert into image_path_list (board_board_id, board_image_path_list) values (?, ?)
Hibernate: select board0_.board_id as board_id1_4_, board0_.category_id as category7_4_, board0_.board_content as board_co2_4_, board0_.board_created_at as board_cr3_4_, board0_.board_last_modified_at as board_la4_4_, board0_.board_title as board_ti5_4_, board0_.user_id as user_id8_4_, board0_.board_views as board_vi6_4_ from board board0_ cross join user user1_ where board0_.user_id=user1_.user_id and (user1_.user_user_id like ('%'||?||'%')) limit ?
Hibernate: select category0_.category_id as category1_5_0_, category0_.category_name as category2_5_0_ from category category0_ where category0_.category_id=?
Hibernate: select user0_.user_id as user_id1_21_0_, user0_.character_id as characte7_21_0_, user0_.user_created_at as user_cre2_21_0_, user0_.user_name as user_nam3_21_0_, user0_.user_phone_number as user_pho4_21_0_, user0_.user_user_id as user_use5_21_0_, user0_.user_user_password as user_use6_21_0_ from user user0_ where user0_.user_id=?
Hibernate: select character0_.character_id as characte1_6_0_, character0_.character_character_name as characte2_6_0_ from characters character0_ where character0_.character_id=?
Hibernate: select category0_.category_id as category1_5_0_, category0_.category_name as category2_5_0_ from category category0_ where category0_.category_id=?
Hibernate: select reactionli0_.board_id as board_id3_13_0_, reactionli0_.reaction_id as reaction1_13_0_, reactionli0_.reaction_id as reaction1_13_1_, reactionli0_.board_id as board_id3_13_1_, reactionli0_.reaction_type as reaction2_13_1_ from reaction reactionli0_ where reactionli0_.board_id=?
Hibernate: select commentlis0_.board_id as board_id5_7_0_, commentlis0_.comment_id as comment_1_7_0_, commentlis0_.comment_id as comment_1_7_1_, commentlis0_.board_id as board_id5_7_1_, commentlis0_.comment_content as comment_2_7_1_, commentlis0_.comment_created_at as comment_3_7_1_, commentlis0_.comment_last_modified_at as comment_4_7_1_, commentlis0_.user_id as user_id6_7_1_ from comment commentlis0_ where commentlis0_.board_id=?
Hibernate: select reactionli0_.board_id as board_id3_13_0_, reactionli0_.reaction_id as reaction1_13_0_, reactionli0_.reaction_id as reaction1_13_1_, reactionli0_.board_id as board_id3_13_1_, reactionli0_.reaction_type as reaction2_13_1_ from reaction reactionli0_ where reactionli0_.board_id=?
Hibernate: select commentlis0_.board_id as board_id5_7_0_, commentlis0_.comment_id as comment_1_7_0_, commentlis0_.comment_id as comment_1_7_1_, commentlis0_.board_id as board_id5_7_1_, commentlis0_.comment_content as comment_2_7_1_, commentlis0_.comment_created_at as comment_3_7_1_, commentlis0_.comment_last_modified_at as comment_4_7_1_, commentlis0_.user_id as user_id6_7_1_ from comment commentlis0_ where commentlis0_.board_id=?
Hibernate: select reactionli0_.board_id as board_id3_13_0_, reactionli0_.reaction_id as reaction1_13_0_, reactionli0_.reaction_id as reaction1_13_1_, reactionli0_.board_id as board_id3_13_1_, reactionli0_.reaction_type as reaction2_13_1_ from reaction reactionli0_ where reactionli0_.board_id=?
Hibernate: select commentlis0_.board_id as board_id5_7_0_, commentlis0_.comment_id as comment_1_7_0_, commentlis0_.comment_id as comment_1_7_1_, commentlis0_.board_id as board_id5_7_1_, commentlis0_.comment_content as comment_2_7_1_, commentlis0_.comment_created_at as comment_3_7_1_, commentlis0_.comment_last_modified_at as comment_4_7_1_, commentlis0_.user_id as user_id6_7_1_ from comment commentlis0_ where commentlis0_.board_id=?
Hibernate: select board0_.board_id as board_id1_4_, board0_.category_id as category7_4_, board0_.board_content as board_co2_4_, board0_.board_created_at as board_cr3_4_, board0_.board_last_modified_at as board_la4_4_, board0_.board_title as board_ti5_4_, board0_.user_id as user_id8_4_, board0_.board_views as board_vi6_4_ from board board0_
Hibernate: select user0_.user_id as user_id1_21_0_, user0_.character_id as characte7_21_0_, user0_.user_created_at as user_cre2_21_0_, user0_.user_name as user_nam3_21_0_, user0_.user_phone_number as user_pho4_21_0_, user0_.user_user_id as user_use5_21_0_, user0_.user_user_password as user_use6_21_0_ from user user0_ where user0_.user_id=?
Hibernate: select commentlis0_.board_id as board_id5_7_0_, commentlis0_.comment_id as comment_1_7_0_, commentlis0_.comment_id as comment_1_7_1_, commentlis0_.board_id as board_id5_7_1_, commentlis0_.comment_content as comment_2_7_1_, commentlis0_.comment_created_at as comment_3_7_1_, commentlis0_.comment_last_modified_at as comment_4_7_1_, commentlis0_.user_id as user_id6_7_1_ from comment commentlis0_ where commentlis0_.board_id=?
Hibernate: select reactionli0_.board_id as board_id3_13_0_, reactionli0_.reaction_id as reaction1_13_0_, reactionli0_.reaction_id as reaction1_13_1_, reactionli0_.board_id as board_id3_13_1_, reactionli0_.reaction_type as reaction2_13_1_ from reaction reactionli0_ where reactionli0_.board_id=?
Hibernate: select commentlis0_.board_id as board_id5_7_0_, commentlis0_.comment_id as comment_1_7_0_, commentlis0_.comment_id as comment_1_7_1_, commentlis0_.board_id as board_id5_7_1_, commentlis0_.comment_content as comment_2_7_1_, commentlis0_.comment_created_at as comment_3_7_1_, commentlis0_.comment_last_modified_at as comment_4_7_1_, commentlis0_.user_id as user_id6_7_1_ from comment commentlis0_ where commentlis0_.board_id=?
Hibernate: select reactionli0_.board_id as board_id3_13_0_, reactionli0_.reaction_id as reaction1_13_0_, reactionli0_.reaction_id as reaction1_13_1_, reactionli0_.board_id as board_id3_13_1_, reactionli0_.reaction_type as reaction2_13_1_ from reaction reactionli0_ where reactionli0_.board_id=?
Hibernate: select user0_.user_id as user_id1_21_, user0_.character_id as characte7_21_, user0_.user_created_at as user_cre2_21_, user0_.user_name as user_nam3_21_, user0_.user_phone_number as user_pho4_21_, user0_.user_user_id as user_use5_21_, user0_.user_user_password as user_use6_21_ from user user0_
Hibernate: select rewardtagw0_.user_id as user_id4_16_0_, rewardtagw0_.reward_tag_wrapper_reward_id as reward_t1_16_0_, rewardtagw0_.reward_tag_wrapper_reward_id as reward_t1_16_1_, rewardtagw0_.reward_tag_wrapper_reward_presented_at as reward_t2_16_1_, rewardtagw0_.reward_tag_reward_tag_id as reward_t3_16_1_, rewardtagw0_.user_id as user_id4_16_1_ from reward_tag_wrapper rewardtagw0_ where rewardtagw0_.user_id=?
Hibernate: select rewardtagw0_.user_id as user_id4_16_0_, rewardtagw0_.reward_tag_wrapper_reward_id as reward_t1_16_0_, rewardtagw0_.reward_tag_wrapper_reward_id as reward_t1_16_1_, rewardtagw0_.reward_tag_wrapper_reward_presented_at as reward_t2_16_1_, rewardtagw0_.reward_tag_reward_tag_id as reward_t3_16_1_, rewardtagw0_.user_id as user_id4_16_1_ from reward_tag_wrapper rewardtagw0_ where rewardtagw0_.user_id=?
Hibernate: select category0_.category_id as category1_5_, category0_.category_name as category2_5_ from category category0_
Hibernate: select boardlist0_.category_id as category7_4_0_, boardlist0_.board_id as board_id1_4_0_, boardlist0_.board_id as board_id1_4_1_, boardlist0_.category_id as category7_4_1_, boardlist0_.board_content as board_co2_4_1_, boardlist0_.board_created_at as board_cr3_4_1_, boardlist0_.board_last_modified_at as board_la4_4_1_, boardlist0_.board_title as board_ti5_4_1_, boardlist0_.user_id as user_id8_4_1_, boardlist0_.board_views as board_vi6_4_1_ from board boardlist0_ where boardlist0_.category_id=?
Hibernate: select boardlist0_.category_id as category7_4_0_, boardlist0_.board_id as board_id1_4_0_, boardlist0_.board_id as board_id1_4_1_, boardlist0_.category_id as category7_4_1_, boardlist0_.board_content as board_co2_4_1_, boardlist0_.board_created_at as board_cr3_4_1_, boardlist0_.board_last_modified_at as board_la4_4_1_, boardlist0_.board_title as board_ti5_4_1_, boardlist0_.user_id as user_id8_4_1_, boardlist0_.board_views as board_vi6_4_1_ from board boardlist0_ where boardlist0_.category_id=?
Hibernate: select character0_.character_id as characte1_6_, character0_.character_character_name as characte2_6_ from characters character0_
2023-06-27 23:51:23.353  INFO 92765 --- [    Test worker] o.s.t.c.transaction.TransactionContext   : Rolled back transaction for test: [DefaultTestContext@c35172e testClass = BoardRepositoryTest, testInstance = org.waldreg.repository.board.BoardRepositoryTest@3d1c8f35, testMethod = INQUIRY_BOARD_LIST_BY_USER_ID_SUCCESS_TEST@BoardRepositoryTest, testException = [null], mergedContextConfiguration = [MergedContextConfiguration@c2db68f testClass = BoardRepositoryTest, locations = '{}', classes = '{class org.waldreg.repository.board.BoardRepositoryServiceProvider, class org.waldreg.repository.board.CategoryRepositoryServiceProvider, class org.waldreg.repository.board.CommentRepositoryServiceProvider, class org.waldreg.repository.board.ReactionRepositoryServiceProvider, class org.waldreg.repository.board.mapper.BoardRepositoryMapper, class org.waldreg.repository.board.mapper.CategoryRepositoryMapper, class org.waldreg.repository.board.mapper.ReactionRepositoryMapper, class org.waldreg.repository.board.mapper.CommentRepositoryMapper, interface org.waldreg.repository.board.repository.JpaCharacterRepository, interface org.waldreg.repository.board.repository.JpaCategoryRepository, interface org.waldreg.repository.board.repository.JpaUserRepository, interface org.waldreg.repository.board.repository.JpaReactionRepository, interface org.waldreg.repository.board.repository.JpaReactionUserRepository, class org.waldreg.repository.board.BoardCommander, class org.waldreg.repository.board.CommentCommander, class org.waldreg.repository.board.FileNameCommander, class org.waldreg.repository.board.JpaBoardTestInitializer}', contextInitializerClasses = '[]', activeProfiles = '{}', propertySourceLocations = '{classpath:h2-application.properties}', propertySourceProperties = '{org.springframework.boot.test.autoconfigure.orm.jpa.DataJpaTestContextBootstrapper=true}', contextCustomizers = set[org.springframework.boot.test.autoconfigure.OverrideAutoConfigurationContextCustomizerFactory$DisableAutoConfigurationContextCustomizer@7776ab, org.springframework.boot.test.autoconfigure.actuate.metrics.MetricsExportContextCustomizerFactory$DisableMetricExportContextCustomizer@2f1de2d6, org.springframework.boot.test.autoconfigure.filter.TypeExcludeFiltersContextCustomizer@351584c0, org.springframework.boot.test.autoconfigure.properties.PropertyMappingContextCustomizer@cee9ad48, org.springframework.boot.test.autoconfigure.web.servlet.WebDriverContextCustomizerFactory$Customizer@691939c9, [ImportsContextCustomizer@3cc41abc key = [org.springframework.boot.autoconfigure.cache.CacheAutoConfiguration, org.springframework.boot.autoconfigure.data.jpa.JpaRepositoriesAutoConfiguration, org.springframework.boot.autoconfigure.flyway.FlywayAutoConfiguration, org.springframework.boot.autoconfigure.jdbc.DataSourceAutoConfiguration, org.springframework.boot.autoconfigure.jdbc.DataSourceTransactionManagerAutoConfiguration, org.springframework.boot.autoconfigure.jdbc.JdbcTemplateAutoConfiguration, org.springframework.boot.autoconfigure.liquibase.LiquibaseAutoConfiguration, org.springframework.boot.autoconfigure.orm.jpa.HibernateJpaAutoConfiguration, org.springframework.boot.autoconfigure.sql.init.SqlInitializationAutoConfiguration, org.springframework.boot.autoconfigure.transaction.TransactionAutoConfiguration, org.springframework.boot.test.autoconfigure.jdbc.TestDatabaseAutoConfiguration, org.springframework.boot.test.autoconfigure.orm.jpa.TestEntityManagerAutoConfiguration]], org.springframework.boot.test.context.filter.ExcludeFilterContextCustomizer@3d2ee678, org.springframework.boot.test.json.DuplicateJsonObjectContextCustomizerFactory$DuplicateJsonObjectContextCustomizer@2d6764b2, org.springframework.boot.test.mock.mockito.MockitoContextCustomizer@0, org.springframework.boot.test.context.SpringBootTestArgs@1, org.springframework.boot.test.context.SpringBootTestWebEnvironment@0], contextLoader = 'org.springframework.boot.test.context.SpringBootContextLoader', parent = [null]], attributes = map['org.springframework.test.context.event.ApplicationEventsTestExecutionListener.recordApplicationEvents' -> false]]
2023-06-27 23:51:23.355  INFO 92765 --- [    Test worker] o.s.t.c.transaction.TransactionContext   : Began transaction (1) for test context [DefaultTestContext@c35172e testClass = BoardRepositoryTest, testInstance = org.waldreg.repository.board.BoardRepositoryTest@5a8835c6, testMethod = INQUIRY_BOARD_LIST_BY_CONTENT_SUCCESS_TEST@BoardRepositoryTest, testException = [null], mergedContextConfiguration = [MergedContextConfiguration@c2db68f testClass = BoardRepositoryTest, locations = '{}', classes = '{class org.waldreg.repository.board.BoardRepositoryServiceProvider, class org.waldreg.repository.board.CategoryRepositoryServiceProvider, class org.waldreg.repository.board.CommentRepositoryServiceProvider, class org.waldreg.repository.board.ReactionRepositoryServiceProvider, class org.waldreg.repository.board.mapper.BoardRepositoryMapper, class org.waldreg.repository.board.mapper.CategoryRepositoryMapper, class org.waldreg.repository.board.mapper.ReactionRepositoryMapper, class org.waldreg.repository.board.mapper.CommentRepositoryMapper, interface org.waldreg.repository.board.repository.JpaCharacterRepository, interface org.waldreg.repository.board.repository.JpaCategoryRepository, interface org.waldreg.repository.board.repository.JpaUserRepository, interface org.waldreg.repository.board.repository.JpaReactionRepository, interface org.waldreg.repository.board.repository.JpaReactionUserRepository, class org.waldreg.repository.board.BoardCommander, class org.waldreg.repository.board.CommentCommander, class org.waldreg.repository.board.FileNameCommander, class org.waldreg.repository.board.JpaBoardTestInitializer}', contextInitializerClasses = '[]', activeProfiles = '{}', propertySourceLocations = '{classpath:h2-application.properties}', propertySourceProperties = '{org.springframework.boot.test.autoconfigure.orm.jpa.DataJpaTestContextBootstrapper=true}', contextCustomizers = set[org.springframework.boot.test.autoconfigure.OverrideAutoConfigurationContextCustomizerFactory$DisableAutoConfigurationContextCustomizer@7776ab, org.springframework.boot.test.autoconfigure.actuate.metrics.MetricsExportContextCustomizerFactory$DisableMetricExportContextCustomizer@2f1de2d6, org.springframework.boot.test.autoconfigure.filter.TypeExcludeFiltersContextCustomizer@351584c0, org.springframework.boot.test.autoconfigure.properties.PropertyMappingContextCustomizer@cee9ad48, org.springframework.boot.test.autoconfigure.web.servlet.WebDriverContextCustomizerFactory$Customizer@691939c9, [ImportsContextCustomizer@3cc41abc key = [org.springframework.boot.autoconfigure.cache.CacheAutoConfiguration, org.springframework.boot.autoconfigure.data.jpa.JpaRepositoriesAutoConfiguration, org.springframework.boot.autoconfigure.flyway.FlywayAutoConfiguration, org.springframework.boot.autoconfigure.jdbc.DataSourceAutoConfiguration, org.springframework.boot.autoconfigure.jdbc.DataSourceTransactionManagerAutoConfiguration, org.springframework.boot.autoconfigure.jdbc.JdbcTemplateAutoConfiguration, org.springframework.boot.autoconfigure.liquibase.LiquibaseAutoConfiguration, org.springframework.boot.autoconfigure.orm.jpa.HibernateJpaAutoConfiguration, org.springframework.boot.autoconfigure.sql.init.SqlInitializationAutoConfiguration, org.springframework.boot.autoconfigure.transaction.TransactionAutoConfiguration, org.springframework.boot.test.autoconfigure.jdbc.TestDatabaseAutoConfiguration, org.springframework.boot.test.autoconfigure.orm.jpa.TestEntityManagerAutoConfiguration]], org.springframework.boot.test.context.filter.ExcludeFilterContextCustomizer@3d2ee678, org.springframework.boot.test.json.DuplicateJsonObjectContextCustomizerFactory$DuplicateJsonObjectContextCustomizer@2d6764b2, org.springframework.boot.test.mock.mockito.MockitoContextCustomizer@0, org.springframework.boot.test.context.SpringBootTestArgs@1, org.springframework.boot.test.context.SpringBootTestWebEnvironment@0], contextLoader = 'org.springframework.boot.test.context.SpringBootContextLoader', parent = [null]], attributes = map['org.springframework.test.context.event.ApplicationEventsTestExecutionListener.recordApplicationEvents' -> false]]; transaction manager [org.springframework.orm.jpa.JpaTransactionManager@47f39279]; rollback [true]
Hibernate: select board0_.board_id as board_id1_4_, board0_.category_id as category7_4_, board0_.board_content as board_co2_4_, board0_.board_created_at as board_cr3_4_, board0_.board_last_modified_at as board_la4_4_, board0_.board_title as board_ti5_4_, board0_.user_id as user_id8_4_, board0_.board_views as board_vi6_4_ from board board0_
Hibernate: select user0_.user_id as user_id1_21_, user0_.character_id as characte7_21_, user0_.user_created_at as user_cre2_21_, user0_.user_name as user_nam3_21_, user0_.user_phone_number as user_pho4_21_, user0_.user_user_id as user_use5_21_, user0_.user_user_password as user_use6_21_ from user user0_
Hibernate: select category0_.category_id as category1_5_, category0_.category_name as category2_5_ from category category0_
Hibernate: select character0_.character_id as characte1_6_, character0_.character_character_name as characte2_6_ from characters character0_
Hibernate: insert into characters (character_id, character_character_name) values (default, ?)
Hibernate: insert into user (user_id, character_id, user_created_at, user_name, user_phone_number, user_user_id, user_user_password) values (default, ?, ?, ?, ?, ?, ?)
Hibernate: insert into user (user_id, character_id, user_created_at, user_name, user_phone_number, user_user_id, user_user_password) values (default, ?, ?, ?, ?, ?, ?)
Hibernate: insert into category (category_id, category_name) values (default, ?)
Hibernate: insert into category (category_id, category_name) values (default, ?)
Hibernate: insert into board (board_id, category_id, board_content, board_created_at, board_last_modified_at, board_title, user_id, board_views) values (default, ?, ?, ?, ?, ?, ?, ?)
Hibernate: insert into board (board_id, category_id, board_content, board_created_at, board_last_modified_at, board_title, user_id, board_views) values (default, ?, ?, ?, ?, ?, ?, ?)
Hibernate: insert into board (board_id, category_id, board_content, board_created_at, board_last_modified_at, board_title, user_id, board_views) values (default, ?, ?, ?, ?, ?, ?, ?)
Hibernate: insert into board (board_id, category_id, board_content, board_created_at, board_last_modified_at, board_title, user_id, board_views) values (default, ?, ?, ?, ?, ?, ?, ?)
Hibernate: insert into board (board_id, category_id, board_content, board_created_at, board_last_modified_at, board_title, user_id, board_views) values (default, ?, ?, ?, ?, ?, ?, ?)
Hibernate: insert into file_path_list (board_board_id, board_file_path_list) values (?, ?)
Hibernate: insert into image_path_list (board_board_id, board_image_path_list) values (?, ?)
Hibernate: insert into file_path_list (board_board_id, board_file_path_list) values (?, ?)
Hibernate: insert into image_path_list (board_board_id, board_image_path_list) values (?, ?)
Hibernate: insert into file_path_list (board_board_id, board_file_path_list) values (?, ?)
Hibernate: insert into image_path_list (board_board_id, board_image_path_list) values (?, ?)
Hibernate: insert into file_path_list (board_board_id, board_file_path_list) values (?, ?)
Hibernate: insert into image_path_list (board_board_id, board_image_path_list) values (?, ?)
Hibernate: insert into file_path_list (board_board_id, board_file_path_list) values (?, ?)
Hibernate: insert into image_path_list (board_board_id, board_image_path_list) values (?, ?)
Hibernate: select board0_.board_id as board_id1_4_, board0_.category_id as category7_4_, board0_.board_content as board_co2_4_, board0_.board_created_at as board_cr3_4_, board0_.board_last_modified_at as board_la4_4_, board0_.board_title as board_ti5_4_, board0_.user_id as user_id8_4_, board0_.board_views as board_vi6_4_ from board board0_ where board0_.board_content like ('%'||?||'%') limit ?
Hibernate: select category0_.category_id as category1_5_0_, category0_.category_name as category2_5_0_ from category category0_ where category0_.category_id=?
Hibernate: select user0_.user_id as user_id1_21_0_, user0_.character_id as characte7_21_0_, user0_.user_created_at as user_cre2_21_0_, user0_.user_name as user_nam3_21_0_, user0_.user_phone_number as user_pho4_21_0_, user0_.user_user_id as user_use5_21_0_, user0_.user_user_password as user_use6_21_0_ from user user0_ where user0_.user_id=?
Hibernate: select character0_.character_id as characte1_6_0_, character0_.character_character_name as characte2_6_0_ from characters character0_ where character0_.character_id=?
Hibernate: select category0_.category_id as category1_5_0_, category0_.category_name as category2_5_0_ from category category0_ where category0_.category_id=?
Hibernate: select user0_.user_id as user_id1_21_0_, user0_.character_id as characte7_21_0_, user0_.user_created_at as user_cre2_21_0_, user0_.user_name as user_nam3_21_0_, user0_.user_phone_number as user_pho4_21_0_, user0_.user_user_id as user_use5_21_0_, user0_.user_user_password as user_use6_21_0_ from user user0_ where user0_.user_id=?
Hibernate: select reactionli0_.board_id as board_id3_13_0_, reactionli0_.reaction_id as reaction1_13_0_, reactionli0_.reaction_id as reaction1_13_1_, reactionli0_.board_id as board_id3_13_1_, reactionli0_.reaction_type as reaction2_13_1_ from reaction reactionli0_ where reactionli0_.board_id=?
Hibernate: select commentlis0_.board_id as board_id5_7_0_, commentlis0_.comment_id as comment_1_7_0_, commentlis0_.comment_id as comment_1_7_1_, commentlis0_.board_id as board_id5_7_1_, commentlis0_.comment_content as comment_2_7_1_, commentlis0_.comment_created_at as comment_3_7_1_, commentlis0_.comment_last_modified_at as comment_4_7_1_, commentlis0_.user_id as user_id6_7_1_ from comment commentlis0_ where commentlis0_.board_id=?
Hibernate: select reactionli0_.board_id as board_id3_13_0_, reactionli0_.reaction_id as reaction1_13_0_, reactionli0_.reaction_id as reaction1_13_1_, reactionli0_.board_id as board_id3_13_1_, reactionli0_.reaction_type as reaction2_13_1_ from reaction reactionli0_ where reactionli0_.board_id=?
Hibernate: select commentlis0_.board_id as board_id5_7_0_, commentlis0_.comment_id as comment_1_7_0_, commentlis0_.comment_id as comment_1_7_1_, commentlis0_.board_id as board_id5_7_1_, commentlis0_.comment_content as comment_2_7_1_, commentlis0_.comment_created_at as comment_3_7_1_, commentlis0_.comment_last_modified_at as comment_4_7_1_, commentlis0_.user_id as user_id6_7_1_ from comment commentlis0_ where commentlis0_.board_id=?
Hibernate: select reactionli0_.board_id as board_id3_13_0_, reactionli0_.reaction_id as reaction1_13_0_, reactionli0_.reaction_id as reaction1_13_1_, reactionli0_.board_id as board_id3_13_1_, reactionli0_.reaction_type as reaction2_13_1_ from reaction reactionli0_ where reactionli0_.board_id=?
Hibernate: select commentlis0_.board_id as board_id5_7_0_, commentlis0_.comment_id as comment_1_7_0_, commentlis0_.comment_id as comment_1_7_1_, commentlis0_.board_id as board_id5_7_1_, commentlis0_.comment_content as comment_2_7_1_, commentlis0_.comment_created_at as comment_3_7_1_, commentlis0_.comment_last_modified_at as comment_4_7_1_, commentlis0_.user_id as user_id6_7_1_ from comment commentlis0_ where commentlis0_.board_id=?
Hibernate: select reactionli0_.board_id as board_id3_13_0_, reactionli0_.reaction_id as reaction1_13_0_, reactionli0_.reaction_id as reaction1_13_1_, reactionli0_.board_id as board_id3_13_1_, reactionli0_.reaction_type as reaction2_13_1_ from reaction reactionli0_ where reactionli0_.board_id=?
Hibernate: select commentlis0_.board_id as board_id5_7_0_, commentlis0_.comment_id as comment_1_7_0_, commentlis0_.comment_id as comment_1_7_1_, commentlis0_.board_id as board_id5_7_1_, commentlis0_.comment_content as comment_2_7_1_, commentlis0_.comment_created_at as comment_3_7_1_, commentlis0_.comment_last_modified_at as comment_4_7_1_, commentlis0_.user_id as user_id6_7_1_ from comment commentlis0_ where commentlis0_.board_id=?
Hibernate: select reactionli0_.board_id as board_id3_13_0_, reactionli0_.reaction_id as reaction1_13_0_, reactionli0_.reaction_id as reaction1_13_1_, reactionli0_.board_id as board_id3_13_1_, reactionli0_.reaction_type as reaction2_13_1_ from reaction reactionli0_ where reactionli0_.board_id=?
Hibernate: select commentlis0_.board_id as board_id5_7_0_, commentlis0_.comment_id as comment_1_7_0_, commentlis0_.comment_id as comment_1_7_1_, commentlis0_.board_id as board_id5_7_1_, commentlis0_.comment_content as comment_2_7_1_, commentlis0_.comment_created_at as comment_3_7_1_, commentlis0_.comment_last_modified_at as comment_4_7_1_, commentlis0_.user_id as user_id6_7_1_ from comment commentlis0_ where commentlis0_.board_id=?
Hibernate: select board0_.board_id as board_id1_4_, board0_.category_id as category7_4_, board0_.board_content as board_co2_4_, board0_.board_created_at as board_cr3_4_, board0_.board_last_modified_at as board_la4_4_, board0_.board_title as board_ti5_4_, board0_.user_id as user_id8_4_, board0_.board_views as board_vi6_4_ from board board0_
Hibernate: select user0_.user_id as user_id1_21_, user0_.character_id as characte7_21_, user0_.user_created_at as user_cre2_21_, user0_.user_name as user_nam3_21_, user0_.user_phone_number as user_pho4_21_, user0_.user_user_id as user_use5_21_, user0_.user_user_password as user_use6_21_ from user user0_
Hibernate: select rewardtagw0_.user_id as user_id4_16_0_, rewardtagw0_.reward_tag_wrapper_reward_id as reward_t1_16_0_, rewardtagw0_.reward_tag_wrapper_reward_id as reward_t1_16_1_, rewardtagw0_.reward_tag_wrapper_reward_presented_at as reward_t2_16_1_, rewardtagw0_.reward_tag_reward_tag_id as reward_t3_16_1_, rewardtagw0_.user_id as user_id4_16_1_ from reward_tag_wrapper rewardtagw0_ where rewardtagw0_.user_id=?
Hibernate: select rewardtagw0_.user_id as user_id4_16_0_, rewardtagw0_.reward_tag_wrapper_reward_id as reward_t1_16_0_, rewardtagw0_.reward_tag_wrapper_reward_id as reward_t1_16_1_, rewardtagw0_.reward_tag_wrapper_reward_presented_at as reward_t2_16_1_, rewardtagw0_.reward_tag_reward_tag_id as reward_t3_16_1_, rewardtagw0_.user_id as user_id4_16_1_ from reward_tag_wrapper rewardtagw0_ where rewardtagw0_.user_id=?
Hibernate: select category0_.category_id as category1_5_, category0_.category_name as category2_5_ from category category0_
Hibernate: select boardlist0_.category_id as category7_4_0_, boardlist0_.board_id as board_id1_4_0_, boardlist0_.board_id as board_id1_4_1_, boardlist0_.category_id as category7_4_1_, boardlist0_.board_content as board_co2_4_1_, boardlist0_.board_created_at as board_cr3_4_1_, boardlist0_.board_last_modified_at as board_la4_4_1_, boardlist0_.board_title as board_ti5_4_1_, boardlist0_.user_id as user_id8_4_1_, boardlist0_.board_views as board_vi6_4_1_ from board boardlist0_ where boardlist0_.category_id=?
Hibernate: select boardlist0_.category_id as category7_4_0_, boardlist0_.board_id as board_id1_4_0_, boardlist0_.board_id as board_id1_4_1_, boardlist0_.category_id as category7_4_1_, boardlist0_.board_content as board_co2_4_1_, boardlist0_.board_created_at as board_cr3_4_1_, boardlist0_.board_last_modified_at as board_la4_4_1_, boardlist0_.board_title as board_ti5_4_1_, boardlist0_.user_id as user_id8_4_1_, boardlist0_.board_views as board_vi6_4_1_ from board boardlist0_ where boardlist0_.category_id=?
Hibernate: select character0_.character_id as characte1_6_, character0_.character_character_name as characte2_6_ from characters character0_
2023-06-27 23:51:23.368  INFO 92765 --- [    Test worker] o.s.t.c.transaction.TransactionContext   : Rolled back transaction for test: [DefaultTestContext@c35172e testClass = BoardRepositoryTest, testInstance = org.waldreg.repository.board.BoardRepositoryTest@5a8835c6, testMethod = INQUIRY_BOARD_LIST_BY_CONTENT_SUCCESS_TEST@BoardRepositoryTest, testException = [null], mergedContextConfiguration = [MergedContextConfiguration@c2db68f testClass = BoardRepositoryTest, locations = '{}', classes = '{class org.waldreg.repository.board.BoardRepositoryServiceProvider, class org.waldreg.repository.board.CategoryRepositoryServiceProvider, class org.waldreg.repository.board.CommentRepositoryServiceProvider, class org.waldreg.repository.board.ReactionRepositoryServiceProvider, class org.waldreg.repository.board.mapper.BoardRepositoryMapper, class org.waldreg.repository.board.mapper.CategoryRepositoryMapper, class org.waldreg.repository.board.mapper.ReactionRepositoryMapper, class org.waldreg.repository.board.mapper.CommentRepositoryMapper, interface org.waldreg.repository.board.repository.JpaCharacterRepository, interface org.waldreg.repository.board.repository.JpaCategoryRepository, interface org.waldreg.repository.board.repository.JpaUserRepository, interface org.waldreg.repository.board.repository.JpaReactionRepository, interface org.waldreg.repository.board.repository.JpaReactionUserRepository, class org.waldreg.repository.board.BoardCommander, class org.waldreg.repository.board.CommentCommander, class org.waldreg.repository.board.FileNameCommander, class org.waldreg.repository.board.JpaBoardTestInitializer}', contextInitializerClasses = '[]', activeProfiles = '{}', propertySourceLocations = '{classpath:h2-application.properties}', propertySourceProperties = '{org.springframework.boot.test.autoconfigure.orm.jpa.DataJpaTestContextBootstrapper=true}', contextCustomizers = set[org.springframework.boot.test.autoconfigure.OverrideAutoConfigurationContextCustomizerFactory$DisableAutoConfigurationContextCustomizer@7776ab, org.springframework.boot.test.autoconfigure.actuate.metrics.MetricsExportContextCustomizerFactory$DisableMetricExportContextCustomizer@2f1de2d6, org.springframework.boot.test.autoconfigure.filter.TypeExcludeFiltersContextCustomizer@351584c0, org.springframework.boot.test.autoconfigure.properties.PropertyMappingContextCustomizer@cee9ad48, org.springframework.boot.test.autoconfigure.web.servlet.WebDriverContextCustomizerFactory$Customizer@691939c9, [ImportsContextCustomizer@3cc41abc key = [org.springframework.boot.autoconfigure.cache.CacheAutoConfiguration, org.springframework.boot.autoconfigure.data.jpa.JpaRepositoriesAutoConfiguration, org.springframework.boot.autoconfigure.flyway.FlywayAutoConfiguration, org.springframework.boot.autoconfigure.jdbc.DataSourceAutoConfiguration, org.springframework.boot.autoconfigure.jdbc.DataSourceTransactionManagerAutoConfiguration, org.springframework.boot.autoconfigure.jdbc.JdbcTemplateAutoConfiguration, org.springframework.boot.autoconfigure.liquibase.LiquibaseAutoConfiguration, org.springframework.boot.autoconfigure.orm.jpa.HibernateJpaAutoConfiguration, org.springframework.boot.autoconfigure.sql.init.SqlInitializationAutoConfiguration, org.springframework.boot.autoconfigure.transaction.TransactionAutoConfiguration, org.springframework.boot.test.autoconfigure.jdbc.TestDatabaseAutoConfiguration, org.springframework.boot.test.autoconfigure.orm.jpa.TestEntityManagerAutoConfiguration]], org.springframework.boot.test.context.filter.ExcludeFilterContextCustomizer@3d2ee678, org.springframework.boot.test.json.DuplicateJsonObjectContextCustomizerFactory$DuplicateJsonObjectContextCustomizer@2d6764b2, org.springframework.boot.test.mock.mockito.MockitoContextCustomizer@0, org.springframework.boot.test.context.SpringBootTestArgs@1, org.springframework.boot.test.context.SpringBootTestWebEnvironment@0], contextLoader = 'org.springframework.boot.test.context.SpringBootContextLoader', parent = [null]], attributes = map['org.springframework.test.context.event.ApplicationEventsTestExecutionListener.recordApplicationEvents' -> false]]
2023-06-27 23:51:23.369  INFO 92765 --- [    Test worker] o.s.t.c.transaction.TransactionContext   : Began transaction (1) for test context [DefaultTestContext@c35172e testClass = BoardRepositoryTest, testInstance = org.waldreg.repository.board.BoardRepositoryTest@3bac86a3, testMethod = INQUIRY_ALL_BOARD_LIST_BY_CATEGORY_SUCCESS_TEST@BoardRepositoryTest, testException = [null], mergedContextConfiguration = [MergedContextConfiguration@c2db68f testClass = BoardRepositoryTest, locations = '{}', classes = '{class org.waldreg.repository.board.BoardRepositoryServiceProvider, class org.waldreg.repository.board.CategoryRepositoryServiceProvider, class org.waldreg.repository.board.CommentRepositoryServiceProvider, class org.waldreg.repository.board.ReactionRepositoryServiceProvider, class org.waldreg.repository.board.mapper.BoardRepositoryMapper, class org.waldreg.repository.board.mapper.CategoryRepositoryMapper, class org.waldreg.repository.board.mapper.ReactionRepositoryMapper, class org.waldreg.repository.board.mapper.CommentRepositoryMapper, interface org.waldreg.repository.board.repository.JpaCharacterRepository, interface org.waldreg.repository.board.repository.JpaCategoryRepository, interface org.waldreg.repository.board.repository.JpaUserRepository, interface org.waldreg.repository.board.repository.JpaReactionRepository, interface org.waldreg.repository.board.repository.JpaReactionUserRepository, class org.waldreg.repository.board.BoardCommander, class org.waldreg.repository.board.CommentCommander, class org.waldreg.repository.board.FileNameCommander, class org.waldreg.repository.board.JpaBoardTestInitializer}', contextInitializerClasses = '[]', activeProfiles = '{}', propertySourceLocations = '{classpath:h2-application.properties}', propertySourceProperties = '{org.springframework.boot.test.autoconfigure.orm.jpa.DataJpaTestContextBootstrapper=true}', contextCustomizers = set[org.springframework.boot.test.autoconfigure.OverrideAutoConfigurationContextCustomizerFactory$DisableAutoConfigurationContextCustomizer@7776ab, org.springframework.boot.test.autoconfigure.actuate.metrics.MetricsExportContextCustomizerFactory$DisableMetricExportContextCustomizer@2f1de2d6, org.springframework.boot.test.autoconfigure.filter.TypeExcludeFiltersContextCustomizer@351584c0, org.springframework.boot.test.autoconfigure.properties.PropertyMappingContextCustomizer@cee9ad48, org.springframework.boot.test.autoconfigure.web.servlet.WebDriverContextCustomizerFactory$Customizer@691939c9, [ImportsContextCustomizer@3cc41abc key = [org.springframework.boot.autoconfigure.cache.CacheAutoConfiguration, org.springframework.boot.autoconfigure.data.jpa.JpaRepositoriesAutoConfiguration, org.springframework.boot.autoconfigure.flyway.FlywayAutoConfiguration, org.springframework.boot.autoconfigure.jdbc.DataSourceAutoConfiguration, org.springframework.boot.autoconfigure.jdbc.DataSourceTransactionManagerAutoConfiguration, org.springframework.boot.autoconfigure.jdbc.JdbcTemplateAutoConfiguration, org.springframework.boot.autoconfigure.liquibase.LiquibaseAutoConfiguration, org.springframework.boot.autoconfigure.orm.jpa.HibernateJpaAutoConfiguration, org.springframework.boot.autoconfigure.sql.init.SqlInitializationAutoConfiguration, org.springframework.boot.autoconfigure.transaction.TransactionAutoConfiguration, org.springframework.boot.test.autoconfigure.jdbc.TestDatabaseAutoConfiguration, org.springframework.boot.test.autoconfigure.orm.jpa.TestEntityManagerAutoConfiguration]], org.springframework.boot.test.context.filter.ExcludeFilterContextCustomizer@3d2ee678, org.springframework.boot.test.json.DuplicateJsonObjectContextCustomizerFactory$DuplicateJsonObjectContextCustomizer@2d6764b2, org.springframework.boot.test.mock.mockito.MockitoContextCustomizer@0, org.springframework.boot.test.context.SpringBootTestArgs@1, org.springframework.boot.test.context.SpringBootTestWebEnvironment@0], contextLoader = 'org.springframework.boot.test.context.SpringBootContextLoader', parent = [null]], attributes = map['org.springframework.test.context.event.ApplicationEventsTestExecutionListener.recordApplicationEvents' -> false]]; transaction manager [org.springframework.orm.jpa.JpaTransactionManager@47f39279]; rollback [true]
Hibernate: select board0_.board_id as board_id1_4_, board0_.category_id as category7_4_, board0_.board_content as board_co2_4_, board0_.board_created_at as board_cr3_4_, board0_.board_last_modified_at as board_la4_4_, board0_.board_title as board_ti5_4_, board0_.user_id as user_id8_4_, board0_.board_views as board_vi6_4_ from board board0_
Hibernate: select user0_.user_id as user_id1_21_, user0_.character_id as characte7_21_, user0_.user_created_at as user_cre2_21_, user0_.user_name as user_nam3_21_, user0_.user_phone_number as user_pho4_21_, user0_.user_user_id as user_use5_21_, user0_.user_user_password as user_use6_21_ from user user0_
Hibernate: select category0_.category_id as category1_5_, category0_.category_name as category2_5_ from category category0_
Hibernate: select character0_.character_id as characte1_6_, character0_.character_character_name as characte2_6_ from characters character0_
Hibernate: insert into characters (character_id, character_character_name) values (default, ?)
Hibernate: insert into user (user_id, character_id, user_created_at, user_name, user_phone_number, user_user_id, user_user_password) values (default, ?, ?, ?, ?, ?, ?)
Hibernate: insert into user (user_id, character_id, user_created_at, user_name, user_phone_number, user_user_id, user_user_password) values (default, ?, ?, ?, ?, ?, ?)
Hibernate: insert into category (category_id, category_name) values (default, ?)
Hibernate: insert into category (category_id, category_name) values (default, ?)
Hibernate: insert into board (board_id, category_id, board_content, board_created_at, board_last_modified_at, board_title, user_id, board_views) values (default, ?, ?, ?, ?, ?, ?, ?)
Hibernate: insert into board (board_id, category_id, board_content, board_created_at, board_last_modified_at, board_title, user_id, board_views) values (default, ?, ?, ?, ?, ?, ?, ?)
Hibernate: insert into board (board_id, category_id, board_content, board_created_at, board_last_modified_at, board_title, user_id, board_views) values (default, ?, ?, ?, ?, ?, ?, ?)
Hibernate: insert into board (board_id, category_id, board_content, board_created_at, board_last_modified_at, board_title, user_id, board_views) values (default, ?, ?, ?, ?, ?, ?, ?)
Hibernate: insert into board (board_id, category_id, board_content, board_created_at, board_last_modified_at, board_title, user_id, board_views) values (default, ?, ?, ?, ?, ?, ?, ?)
Hibernate: insert into file_path_list (board_board_id, board_file_path_list) values (?, ?)
Hibernate: insert into image_path_list (board_board_id, board_image_path_list) values (?, ?)
Hibernate: insert into file_path_list (board_board_id, board_file_path_list) values (?, ?)
Hibernate: insert into image_path_list (board_board_id, board_image_path_list) values (?, ?)
Hibernate: insert into file_path_list (board_board_id, board_file_path_list) values (?, ?)
Hibernate: insert into image_path_list (board_board_id, board_image_path_list) values (?, ?)
Hibernate: insert into file_path_list (board_board_id, board_file_path_list) values (?, ?)
Hibernate: insert into image_path_list (board_board_id, board_image_path_list) values (?, ?)
Hibernate: insert into file_path_list (board_board_id, board_file_path_list) values (?, ?)
Hibernate: insert into image_path_list (board_board_id, board_image_path_list) values (?, ?)
Hibernate: select board0_.board_id as board_id1_4_, board0_.category_id as category7_4_, board0_.board_content as board_co2_4_, board0_.board_created_at as board_cr3_4_, board0_.board_last_modified_at as board_la4_4_, board0_.board_title as board_ti5_4_, board0_.user_id as user_id8_4_, board0_.board_views as board_vi6_4_ from board board0_ limit ?
Hibernate: select category0_.category_id as category1_5_0_, category0_.category_name as category2_5_0_ from category category0_ where category0_.category_id=?
Hibernate: select user0_.user_id as user_id1_21_0_, user0_.character_id as characte7_21_0_, user0_.user_created_at as user_cre2_21_0_, user0_.user_name as user_nam3_21_0_, user0_.user_phone_number as user_pho4_21_0_, user0_.user_user_id as user_use5_21_0_, user0_.user_user_password as user_use6_21_0_ from user user0_ where user0_.user_id=?
Hibernate: select character0_.character_id as characte1_6_0_, character0_.character_character_name as characte2_6_0_ from characters character0_ where character0_.character_id=?
Hibernate: select category0_.category_id as category1_5_0_, category0_.category_name as category2_5_0_ from category category0_ where category0_.category_id=?
Hibernate: select user0_.user_id as user_id1_21_0_, user0_.character_id as characte7_21_0_, user0_.user_created_at as user_cre2_21_0_, user0_.user_name as user_nam3_21_0_, user0_.user_phone_number as user_pho4_21_0_, user0_.user_user_id as user_use5_21_0_, user0_.user_user_password as user_use6_21_0_ from user user0_ where user0_.user_id=?
Hibernate: select reactionli0_.board_id as board_id3_13_0_, reactionli0_.reaction_id as reaction1_13_0_, reactionli0_.reaction_id as reaction1_13_1_, reactionli0_.board_id as board_id3_13_1_, reactionli0_.reaction_type as reaction2_13_1_ from reaction reactionli0_ where reactionli0_.board_id=?
Hibernate: select commentlis0_.board_id as board_id5_7_0_, commentlis0_.comment_id as comment_1_7_0_, commentlis0_.comment_id as comment_1_7_1_, commentlis0_.board_id as board_id5_7_1_, commentlis0_.comment_content as comment_2_7_1_, commentlis0_.comment_created_at as comment_3_7_1_, commentlis0_.comment_last_modified_at as comment_4_7_1_, commentlis0_.user_id as user_id6_7_1_ from comment commentlis0_ where commentlis0_.board_id=?
Hibernate: select reactionli0_.board_id as board_id3_13_0_, reactionli0_.reaction_id as reaction1_13_0_, reactionli0_.reaction_id as reaction1_13_1_, reactionli0_.board_id as board_id3_13_1_, reactionli0_.reaction_type as reaction2_13_1_ from reaction reactionli0_ where reactionli0_.board_id=?
Hibernate: select commentlis0_.board_id as board_id5_7_0_, commentlis0_.comment_id as comment_1_7_0_, commentlis0_.comment_id as comment_1_7_1_, commentlis0_.board_id as board_id5_7_1_, commentlis0_.comment_content as comment_2_7_1_, commentlis0_.comment_created_at as comment_3_7_1_, commentlis0_.comment_last_modified_at as comment_4_7_1_, commentlis0_.user_id as user_id6_7_1_ from comment commentlis0_ where commentlis0_.board_id=?
Hibernate: select reactionli0_.board_id as board_id3_13_0_, reactionli0_.reaction_id as reaction1_13_0_, reactionli0_.reaction_id as reaction1_13_1_, reactionli0_.board_id as board_id3_13_1_, reactionli0_.reaction_type as reaction2_13_1_ from reaction reactionli0_ where reactionli0_.board_id=?
Hibernate: select commentlis0_.board_id as board_id5_7_0_, commentlis0_.comment_id as comment_1_7_0_, commentlis0_.comment_id as comment_1_7_1_, commentlis0_.board_id as board_id5_7_1_, commentlis0_.comment_content as comment_2_7_1_, commentlis0_.comment_created_at as comment_3_7_1_, commentlis0_.comment_last_modified_at as comment_4_7_1_, commentlis0_.user_id as user_id6_7_1_ from comment commentlis0_ where commentlis0_.board_id=?
Hibernate: select reactionli0_.board_id as board_id3_13_0_, reactionli0_.reaction_id as reaction1_13_0_, reactionli0_.reaction_id as reaction1_13_1_, reactionli0_.board_id as board_id3_13_1_, reactionli0_.reaction_type as reaction2_13_1_ from reaction reactionli0_ where reactionli0_.board_id=?
Hibernate: select commentlis0_.board_id as board_id5_7_0_, commentlis0_.comment_id as comment_1_7_0_, commentlis0_.comment_id as comment_1_7_1_, commentlis0_.board_id as board_id5_7_1_, commentlis0_.comment_content as comment_2_7_1_, commentlis0_.comment_created_at as comment_3_7_1_, commentlis0_.comment_last_modified_at as comment_4_7_1_, commentlis0_.user_id as user_id6_7_1_ from comment commentlis0_ where commentlis0_.board_id=?
Hibernate: select reactionli0_.board_id as board_id3_13_0_, reactionli0_.reaction_id as reaction1_13_0_, reactionli0_.reaction_id as reaction1_13_1_, reactionli0_.board_id as board_id3_13_1_, reactionli0_.reaction_type as reaction2_13_1_ from reaction reactionli0_ where reactionli0_.board_id=?
Hibernate: select commentlis0_.board_id as board_id5_7_0_, commentlis0_.comment_id as comment_1_7_0_, commentlis0_.comment_id as comment_1_7_1_, commentlis0_.board_id as board_id5_7_1_, commentlis0_.comment_content as comment_2_7_1_, commentlis0_.comment_created_at as comment_3_7_1_, commentlis0_.comment_last_modified_at as comment_4_7_1_, commentlis0_.user_id as user_id6_7_1_ from comment commentlis0_ where commentlis0_.board_id=?
Hibernate: select board0_.board_id as board_id1_4_, board0_.category_id as category7_4_, board0_.board_content as board_co2_4_, board0_.board_created_at as board_cr3_4_, board0_.board_last_modified_at as board_la4_4_, board0_.board_title as board_ti5_4_, board0_.user_id as user_id8_4_, board0_.board_views as board_vi6_4_ from board board0_ where board0_.category_id=? limit ?
Hibernate: select board0_.board_id as board_id1_4_, board0_.category_id as category7_4_, board0_.board_content as board_co2_4_, board0_.board_created_at as board_cr3_4_, board0_.board_last_modified_at as board_la4_4_, board0_.board_title as board_ti5_4_, board0_.user_id as user_id8_4_, board0_.board_views as board_vi6_4_ from board board0_
Hibernate: select user0_.user_id as user_id1_21_, user0_.character_id as characte7_21_, user0_.user_created_at as user_cre2_21_, user0_.user_name as user_nam3_21_, user0_.user_phone_number as user_pho4_21_, user0_.user_user_id as user_use5_21_, user0_.user_user_password as user_use6_21_ from user user0_
Hibernate: select rewardtagw0_.user_id as user_id4_16_0_, rewardtagw0_.reward_tag_wrapper_reward_id as reward_t1_16_0_, rewardtagw0_.reward_tag_wrapper_reward_id as reward_t1_16_1_, rewardtagw0_.reward_tag_wrapper_reward_presented_at as reward_t2_16_1_, rewardtagw0_.reward_tag_reward_tag_id as reward_t3_16_1_, rewardtagw0_.user_id as user_id4_16_1_ from reward_tag_wrapper rewardtagw0_ where rewardtagw0_.user_id=?
Hibernate: select rewardtagw0_.user_id as user_id4_16_0_, rewardtagw0_.reward_tag_wrapper_reward_id as reward_t1_16_0_, rewardtagw0_.reward_tag_wrapper_reward_id as reward_t1_16_1_, rewardtagw0_.reward_tag_wrapper_reward_presented_at as reward_t2_16_1_, rewardtagw0_.reward_tag_reward_tag_id as reward_t3_16_1_, rewardtagw0_.user_id as user_id4_16_1_ from reward_tag_wrapper rewardtagw0_ where rewardtagw0_.user_id=?
Hibernate: select category0_.category_id as category1_5_, category0_.category_name as category2_5_ from category category0_
Hibernate: select boardlist0_.category_id as category7_4_0_, boardlist0_.board_id as board_id1_4_0_, boardlist0_.board_id as board_id1_4_1_, boardlist0_.category_id as category7_4_1_, boardlist0_.board_content as board_co2_4_1_, boardlist0_.board_created_at as board_cr3_4_1_, boardlist0_.board_last_modified_at as board_la4_4_1_, boardlist0_.board_title as board_ti5_4_1_, boardlist0_.user_id as user_id8_4_1_, boardlist0_.board_views as board_vi6_4_1_ from board boardlist0_ where boardlist0_.category_id=?
Hibernate: select boardlist0_.category_id as category7_4_0_, boardlist0_.board_id as board_id1_4_0_, boardlist0_.board_id as board_id1_4_1_, boardlist0_.category_id as category7_4_1_, boardlist0_.board_content as board_co2_4_1_, boardlist0_.board_created_at as board_cr3_4_1_, boardlist0_.board_last_modified_at as board_la4_4_1_, boardlist0_.board_title as board_ti5_4_1_, boardlist0_.user_id as user_id8_4_1_, boardlist0_.board_views as board_vi6_4_1_ from board boardlist0_ where boardlist0_.category_id=?
Hibernate: select character0_.character_id as characte1_6_, character0_.character_character_name as characte2_6_ from characters character0_
2023-06-27 23:51:23.381  INFO 92765 --- [    Test worker] o.s.t.c.transaction.TransactionContext   : Rolled back transaction for test: [DefaultTestContext@c35172e testClass = BoardRepositoryTest, testInstance = org.waldreg.repository.board.BoardRepositoryTest@3bac86a3, testMethod = INQUIRY_ALL_BOARD_LIST_BY_CATEGORY_SUCCESS_TEST@BoardRepositoryTest, testException = [null], mergedContextConfiguration = [MergedContextConfiguration@c2db68f testClass = BoardRepositoryTest, locations = '{}', classes = '{class org.waldreg.repository.board.BoardRepositoryServiceProvider, class org.waldreg.repository.board.CategoryRepositoryServiceProvider, class org.waldreg.repository.board.CommentRepositoryServiceProvider, class org.waldreg.repository.board.ReactionRepositoryServiceProvider, class org.waldreg.repository.board.mapper.BoardRepositoryMapper, class org.waldreg.repository.board.mapper.CategoryRepositoryMapper, class org.waldreg.repository.board.mapper.ReactionRepositoryMapper, class org.waldreg.repository.board.mapper.CommentRepositoryMapper, interface org.waldreg.repository.board.repository.JpaCharacterRepository, interface org.waldreg.repository.board.repository.JpaCategoryRepository, interface org.waldreg.repository.board.repository.JpaUserRepository, interface org.waldreg.repository.board.repository.JpaReactionRepository, interface org.waldreg.repository.board.repository.JpaReactionUserRepository, class org.waldreg.repository.board.BoardCommander, class org.waldreg.repository.board.CommentCommander, class org.waldreg.repository.board.FileNameCommander, class org.waldreg.repository.board.JpaBoardTestInitializer}', contextInitializerClasses = '[]', activeProfiles = '{}', propertySourceLocations = '{classpath:h2-application.properties}', propertySourceProperties = '{org.springframework.boot.test.autoconfigure.orm.jpa.DataJpaTestContextBootstrapper=true}', contextCustomizers = set[org.springframework.boot.test.autoconfigure.OverrideAutoConfigurationContextCustomizerFactory$DisableAutoConfigurationContextCustomizer@7776ab, org.springframework.boot.test.autoconfigure.actuate.metrics.MetricsExportContextCustomizerFactory$DisableMetricExportContextCustomizer@2f1de2d6, org.springframework.boot.test.autoconfigure.filter.TypeExcludeFiltersContextCustomizer@351584c0, org.springframework.boot.test.autoconfigure.properties.PropertyMappingContextCustomizer@cee9ad48, org.springframework.boot.test.autoconfigure.web.servlet.WebDriverContextCustomizerFactory$Customizer@691939c9, [ImportsContextCustomizer@3cc41abc key = [org.springframework.boot.autoconfigure.cache.CacheAutoConfiguration, org.springframework.boot.autoconfigure.data.jpa.JpaRepositoriesAutoConfiguration, org.springframework.boot.autoconfigure.flyway.FlywayAutoConfiguration, org.springframework.boot.autoconfigure.jdbc.DataSourceAutoConfiguration, org.springframework.boot.autoconfigure.jdbc.DataSourceTransactionManagerAutoConfiguration, org.springframework.boot.autoconfigure.jdbc.JdbcTemplateAutoConfiguration, org.springframework.boot.autoconfigure.liquibase.LiquibaseAutoConfiguration, org.springframework.boot.autoconfigure.orm.jpa.HibernateJpaAutoConfiguration, org.springframework.boot.autoconfigure.sql.init.SqlInitializationAutoConfiguration, org.springframework.boot.autoconfigure.transaction.TransactionAutoConfiguration, org.springframework.boot.test.autoconfigure.jdbc.TestDatabaseAutoConfiguration, org.springframework.boot.test.autoconfigure.orm.jpa.TestEntityManagerAutoConfiguration]], org.springframework.boot.test.context.filter.ExcludeFilterContextCustomizer@3d2ee678, org.springframework.boot.test.json.DuplicateJsonObjectContextCustomizerFactory$DuplicateJsonObjectContextCustomizer@2d6764b2, org.springframework.boot.test.mock.mockito.MockitoContextCustomizer@0, org.springframework.boot.test.context.SpringBootTestArgs@1, org.springframework.boot.test.context.SpringBootTestWebEnvironment@0], contextLoader = 'org.springframework.boot.test.context.SpringBootContextLoader', parent = [null]], attributes = map['org.springframework.test.context.event.ApplicationEventsTestExecutionListener.recordApplicationEvents' -> false]]
2023-06-27 23:51:23.382  INFO 92765 --- [    Test worker] o.s.t.c.transaction.TransactionContext   : Began transaction (1) for test context [DefaultTestContext@c35172e testClass = BoardRepositoryTest, testInstance = org.waldreg.repository.board.BoardRepositoryTest@642d971f, testMethod = INQUIRY_BOARD_LIST_BY_TITLE_SUCCESS_TEST@BoardRepositoryTest, testException = [null], mergedContextConfiguration = [MergedContextConfiguration@c2db68f testClass = BoardRepositoryTest, locations = '{}', classes = '{class org.waldreg.repository.board.BoardRepositoryServiceProvider, class org.waldreg.repository.board.CategoryRepositoryServiceProvider, class org.waldreg.repository.board.CommentRepositoryServiceProvider, class org.waldreg.repository.board.ReactionRepositoryServiceProvider, class org.waldreg.repository.board.mapper.BoardRepositoryMapper, class org.waldreg.repository.board.mapper.CategoryRepositoryMapper, class org.waldreg.repository.board.mapper.ReactionRepositoryMapper, class org.waldreg.repository.board.mapper.CommentRepositoryMapper, interface org.waldreg.repository.board.repository.JpaCharacterRepository, interface org.waldreg.repository.board.repository.JpaCategoryRepository, interface org.waldreg.repository.board.repository.JpaUserRepository, interface org.waldreg.repository.board.repository.JpaReactionRepository, interface org.waldreg.repository.board.repository.JpaReactionUserRepository, class org.waldreg.repository.board.BoardCommander, class org.waldreg.repository.board.CommentCommander, class org.waldreg.repository.board.FileNameCommander, class org.waldreg.repository.board.JpaBoardTestInitializer}', contextInitializerClasses = '[]', activeProfiles = '{}', propertySourceLocations = '{classpath:h2-application.properties}', propertySourceProperties = '{org.springframework.boot.test.autoconfigure.orm.jpa.DataJpaTestContextBootstrapper=true}', contextCustomizers = set[org.springframework.boot.test.autoconfigure.OverrideAutoConfigurationContextCustomizerFactory$DisableAutoConfigurationContextCustomizer@7776ab, org.springframework.boot.test.autoconfigure.actuate.metrics.MetricsExportContextCustomizerFactory$DisableMetricExportContextCustomizer@2f1de2d6, org.springframework.boot.test.autoconfigure.filter.TypeExcludeFiltersContextCustomizer@351584c0, org.springframework.boot.test.autoconfigure.properties.PropertyMappingContextCustomizer@cee9ad48, org.springframework.boot.test.autoconfigure.web.servlet.WebDriverContextCustomizerFactory$Customizer@691939c9, [ImportsContextCustomizer@3cc41abc key = [org.springframework.boot.autoconfigure.cache.CacheAutoConfiguration, org.springframework.boot.autoconfigure.data.jpa.JpaRepositoriesAutoConfiguration, org.springframework.boot.autoconfigure.flyway.FlywayAutoConfiguration, org.springframework.boot.autoconfigure.jdbc.DataSourceAutoConfiguration, org.springframework.boot.autoconfigure.jdbc.DataSourceTransactionManagerAutoConfiguration, org.springframework.boot.autoconfigure.jdbc.JdbcTemplateAutoConfiguration, org.springframework.boot.autoconfigure.liquibase.LiquibaseAutoConfiguration, org.springframework.boot.autoconfigure.orm.jpa.HibernateJpaAutoConfiguration, org.springframework.boot.autoconfigure.sql.init.SqlInitializationAutoConfiguration, org.springframework.boot.autoconfigure.transaction.TransactionAutoConfiguration, org.springframework.boot.test.autoconfigure.jdbc.TestDatabaseAutoConfiguration, org.springframework.boot.test.autoconfigure.orm.jpa.TestEntityManagerAutoConfiguration]], org.springframework.boot.test.context.filter.ExcludeFilterContextCustomizer@3d2ee678, org.springframework.boot.test.json.DuplicateJsonObjectContextCustomizerFactory$DuplicateJsonObjectContextCustomizer@2d6764b2, org.springframework.boot.test.mock.mockito.MockitoContextCustomizer@0, org.springframework.boot.test.context.SpringBootTestArgs@1, org.springframework.boot.test.context.SpringBootTestWebEnvironment@0], contextLoader = 'org.springframework.boot.test.context.SpringBootContextLoader', parent = [null]], attributes = map['org.springframework.test.context.event.ApplicationEventsTestExecutionListener.recordApplicationEvents' -> false]]; transaction manager [org.springframework.orm.jpa.JpaTransactionManager@47f39279]; rollback [true]
Hibernate: select board0_.board_id as board_id1_4_, board0_.category_id as category7_4_, board0_.board_content as board_co2_4_, board0_.board_created_at as board_cr3_4_, board0_.board_last_modified_at as board_la4_4_, board0_.board_title as board_ti5_4_, board0_.user_id as user_id8_4_, board0_.board_views as board_vi6_4_ from board board0_
Hibernate: select user0_.user_id as user_id1_21_, user0_.character_id as characte7_21_, user0_.user_created_at as user_cre2_21_, user0_.user_name as user_nam3_21_, user0_.user_phone_number as user_pho4_21_, user0_.user_user_id as user_use5_21_, user0_.user_user_password as user_use6_21_ from user user0_
Hibernate: select category0_.category_id as category1_5_, category0_.category_name as category2_5_ from category category0_
Hibernate: select character0_.character_id as characte1_6_, character0_.character_character_name as characte2_6_ from characters character0_
Hibernate: insert into characters (character_id, character_character_name) values (default, ?)
Hibernate: insert into user (user_id, character_id, user_created_at, user_name, user_phone_number, user_user_id, user_user_password) values (default, ?, ?, ?, ?, ?, ?)
Hibernate: insert into user (user_id, character_id, user_created_at, user_name, user_phone_number, user_user_id, user_user_password) values (default, ?, ?, ?, ?, ?, ?)
Hibernate: insert into category (category_id, category_name) values (default, ?)
Hibernate: insert into category (category_id, category_name) values (default, ?)
Hibernate: insert into board (board_id, category_id, board_content, board_created_at, board_last_modified_at, board_title, user_id, board_views) values (default, ?, ?, ?, ?, ?, ?, ?)
Hibernate: insert into board (board_id, category_id, board_content, board_created_at, board_last_modified_at, board_title, user_id, board_views) values (default, ?, ?, ?, ?, ?, ?, ?)
Hibernate: insert into board (board_id, category_id, board_content, board_created_at, board_last_modified_at, board_title, user_id, board_views) values (default, ?, ?, ?, ?, ?, ?, ?)
Hibernate: insert into board (board_id, category_id, board_content, board_created_at, board_last_modified_at, board_title, user_id, board_views) values (default, ?, ?, ?, ?, ?, ?, ?)
Hibernate: insert into board (board_id, category_id, board_content, board_created_at, board_last_modified_at, board_title, user_id, board_views) values (default, ?, ?, ?, ?, ?, ?, ?)
Hibernate: insert into file_path_list (board_board_id, board_file_path_list) values (?, ?)
Hibernate: insert into image_path_list (board_board_id, board_image_path_list) values (?, ?)
Hibernate: insert into file_path_list (board_board_id, board_file_path_list) values (?, ?)
Hibernate: insert into image_path_list (board_board_id, board_image_path_list) values (?, ?)
Hibernate: insert into file_path_list (board_board_id, board_file_path_list) values (?, ?)
Hibernate: insert into image_path_list (board_board_id, board_image_path_list) values (?, ?)
Hibernate: insert into file_path_list (board_board_id, board_file_path_list) values (?, ?)
Hibernate: insert into image_path_list (board_board_id, board_image_path_list) values (?, ?)
Hibernate: insert into file_path_list (board_board_id, board_file_path_list) values (?, ?)
Hibernate: insert into image_path_list (board_board_id, board_image_path_list) values (?, ?)
Hibernate: select board0_.board_id as board_id1_4_, board0_.category_id as category7_4_, board0_.board_content as board_co2_4_, board0_.board_created_at as board_cr3_4_, board0_.board_last_modified_at as board_la4_4_, board0_.board_title as board_ti5_4_, board0_.user_id as user_id8_4_, board0_.board_views as board_vi6_4_ from board board0_ where board0_.board_title like ('%'||?||'%') limit ?
Hibernate: select category0_.category_id as category1_5_0_, category0_.category_name as category2_5_0_ from category category0_ where category0_.category_id=?
Hibernate: select user0_.user_id as user_id1_21_0_, user0_.character_id as characte7_21_0_, user0_.user_created_at as user_cre2_21_0_, user0_.user_name as user_nam3_21_0_, user0_.user_phone_number as user_pho4_21_0_, user0_.user_user_id as user_use5_21_0_, user0_.user_user_password as user_use6_21_0_ from user user0_ where user0_.user_id=?
Hibernate: select character0_.character_id as characte1_6_0_, character0_.character_character_name as characte2_6_0_ from characters character0_ where character0_.character_id=?
Hibernate: select category0_.category_id as category1_5_0_, category0_.category_name as category2_5_0_ from category category0_ where category0_.category_id=?
Hibernate: select user0_.user_id as user_id1_21_0_, user0_.character_id as characte7_21_0_, user0_.user_created_at as user_cre2_21_0_, user0_.user_name as user_nam3_21_0_, user0_.user_phone_number as user_pho4_21_0_, user0_.user_user_id as user_use5_21_0_, user0_.user_user_password as user_use6_21_0_ from user user0_ where user0_.user_id=?
Hibernate: select reactionli0_.board_id as board_id3_13_0_, reactionli0_.reaction_id as reaction1_13_0_, reactionli0_.reaction_id as reaction1_13_1_, reactionli0_.board_id as board_id3_13_1_, reactionli0_.reaction_type as reaction2_13_1_ from reaction reactionli0_ where reactionli0_.board_id=?
Hibernate: select commentlis0_.board_id as board_id5_7_0_, commentlis0_.comment_id as comment_1_7_0_, commentlis0_.comment_id as comment_1_7_1_, commentlis0_.board_id as board_id5_7_1_, commentlis0_.comment_content as comment_2_7_1_, commentlis0_.comment_created_at as comment_3_7_1_, commentlis0_.comment_last_modified_at as comment_4_7_1_, commentlis0_.user_id as user_id6_7_1_ from comment commentlis0_ where commentlis0_.board_id=?
Hibernate: select reactionli0_.board_id as board_id3_13_0_, reactionli0_.reaction_id as reaction1_13_0_, reactionli0_.reaction_id as reaction1_13_1_, reactionli0_.board_id as board_id3_13_1_, reactionli0_.reaction_type as reaction2_13_1_ from reaction reactionli0_ where reactionli0_.board_id=?
Hibernate: select commentlis0_.board_id as board_id5_7_0_, commentlis0_.comment_id as comment_1_7_0_, commentlis0_.comment_id as comment_1_7_1_, commentlis0_.board_id as board_id5_7_1_, commentlis0_.comment_content as comment_2_7_1_, commentlis0_.comment_created_at as comment_3_7_1_, commentlis0_.comment_last_modified_at as comment_4_7_1_, commentlis0_.user_id as user_id6_7_1_ from comment commentlis0_ where commentlis0_.board_id=?
Hibernate: select reactionli0_.board_id as board_id3_13_0_, reactionli0_.reaction_id as reaction1_13_0_, reactionli0_.reaction_id as reaction1_13_1_, reactionli0_.board_id as board_id3_13_1_, reactionli0_.reaction_type as reaction2_13_1_ from reaction reactionli0_ where reactionli0_.board_id=?
Hibernate: select commentlis0_.board_id as board_id5_7_0_, commentlis0_.comment_id as comment_1_7_0_, commentlis0_.comment_id as comment_1_7_1_, commentlis0_.board_id as board_id5_7_1_, commentlis0_.comment_content as comment_2_7_1_, commentlis0_.comment_created_at as comment_3_7_1_, commentlis0_.comment_last_modified_at as comment_4_7_1_, commentlis0_.user_id as user_id6_7_1_ from comment commentlis0_ where commentlis0_.board_id=?
Hibernate: select reactionli0_.board_id as board_id3_13_0_, reactionli0_.reaction_id as reaction1_13_0_, reactionli0_.reaction_id as reaction1_13_1_, reactionli0_.board_id as board_id3_13_1_, reactionli0_.reaction_type as reaction2_13_1_ from reaction reactionli0_ where reactionli0_.board_id=?
Hibernate: select commentlis0_.board_id as board_id5_7_0_, commentlis0_.comment_id as comment_1_7_0_, commentlis0_.comment_id as comment_1_7_1_, commentlis0_.board_id as board_id5_7_1_, commentlis0_.comment_content as comment_2_7_1_, commentlis0_.comment_created_at as comment_3_7_1_, commentlis0_.comment_last_modified_at as comment_4_7_1_, commentlis0_.user_id as user_id6_7_1_ from comment commentlis0_ where commentlis0_.board_id=?
Hibernate: select reactionli0_.board_id as board_id3_13_0_, reactionli0_.reaction_id as reaction1_13_0_, reactionli0_.reaction_id as reaction1_13_1_, reactionli0_.board_id as board_id3_13_1_, reactionli0_.reaction_type as reaction2_13_1_ from reaction reactionli0_ where reactionli0_.board_id=?
Hibernate: select commentlis0_.board_id as board_id5_7_0_, commentlis0_.comment_id as comment_1_7_0_, commentlis0_.comment_id as comment_1_7_1_, commentlis0_.board_id as board_id5_7_1_, commentlis0_.comment_content as comment_2_7_1_, commentlis0_.comment_created_at as comment_3_7_1_, commentlis0_.comment_last_modified_at as comment_4_7_1_, commentlis0_.user_id as user_id6_7_1_ from comment commentlis0_ where commentlis0_.board_id=?
Hibernate: select board0_.board_id as board_id1_4_, board0_.category_id as category7_4_, board0_.board_content as board_co2_4_, board0_.board_created_at as board_cr3_4_, board0_.board_last_modified_at as board_la4_4_, board0_.board_title as board_ti5_4_, board0_.user_id as user_id8_4_, board0_.board_views as board_vi6_4_ from board board0_
Hibernate: select user0_.user_id as user_id1_21_, user0_.character_id as characte7_21_, user0_.user_created_at as user_cre2_21_, user0_.user_name as user_nam3_21_, user0_.user_phone_number as user_pho4_21_, user0_.user_user_id as user_use5_21_, user0_.user_user_password as user_use6_21_ from user user0_
Hibernate: select rewardtagw0_.user_id as user_id4_16_0_, rewardtagw0_.reward_tag_wrapper_reward_id as reward_t1_16_0_, rewardtagw0_.reward_tag_wrapper_reward_id as reward_t1_16_1_, rewardtagw0_.reward_tag_wrapper_reward_presented_at as reward_t2_16_1_, rewardtagw0_.reward_tag_reward_tag_id as reward_t3_16_1_, rewardtagw0_.user_id as user_id4_16_1_ from reward_tag_wrapper rewardtagw0_ where rewardtagw0_.user_id=?
Hibernate: select rewardtagw0_.user_id as user_id4_16_0_, rewardtagw0_.reward_tag_wrapper_reward_id as reward_t1_16_0_, rewardtagw0_.reward_tag_wrapper_reward_id as reward_t1_16_1_, rewardtagw0_.reward_tag_wrapper_reward_presented_at as reward_t2_16_1_, rewardtagw0_.reward_tag_reward_tag_id as reward_t3_16_1_, rewardtagw0_.user_id as user_id4_16_1_ from reward_tag_wrapper rewardtagw0_ where rewardtagw0_.user_id=?
Hibernate: select category0_.category_id as category1_5_, category0_.category_name as category2_5_ from category category0_
Hibernate: select boardlist0_.category_id as category7_4_0_, boardlist0_.board_id as board_id1_4_0_, boardlist0_.board_id as board_id1_4_1_, boardlist0_.category_id as category7_4_1_, boardlist0_.board_content as board_co2_4_1_, boardlist0_.board_created_at as board_cr3_4_1_, boardlist0_.board_last_modified_at as board_la4_4_1_, boardlist0_.board_title as board_ti5_4_1_, boardlist0_.user_id as user_id8_4_1_, boardlist0_.board_views as board_vi6_4_1_ from board boardlist0_ where boardlist0_.category_id=?
Hibernate: select boardlist0_.category_id as category7_4_0_, boardlist0_.board_id as board_id1_4_0_, boardlist0_.board_id as board_id1_4_1_, boardlist0_.category_id as category7_4_1_, boardlist0_.board_content as board_co2_4_1_, boardlist0_.board_created_at as board_cr3_4_1_, boardlist0_.board_last_modified_at as board_la4_4_1_, boardlist0_.board_title as board_ti5_4_1_, boardlist0_.user_id as user_id8_4_1_, boardlist0_.board_views as board_vi6_4_1_ from board boardlist0_ where boardlist0_.category_id=?
Hibernate: select character0_.character_id as characte1_6_, character0_.character_character_name as characte2_6_ from characters character0_
2023-06-27 23:51:23.393  INFO 92765 --- [    Test worker] o.s.t.c.transaction.TransactionContext   : Rolled back transaction for test: [DefaultTestContext@c35172e testClass = BoardRepositoryTest, testInstance = org.waldreg.repository.board.BoardRepositoryTest@642d971f, testMethod = INQUIRY_BOARD_LIST_BY_TITLE_SUCCESS_TEST@BoardRepositoryTest, testException = [null], mergedContextConfiguration = [MergedContextConfiguration@c2db68f testClass = BoardRepositoryTest, locations = '{}', classes = '{class org.waldreg.repository.board.BoardRepositoryServiceProvider, class org.waldreg.repository.board.CategoryRepositoryServiceProvider, class org.waldreg.repository.board.CommentRepositoryServiceProvider, class org.waldreg.repository.board.ReactionRepositoryServiceProvider, class org.waldreg.repository.board.mapper.BoardRepositoryMapper, class org.waldreg.repository.board.mapper.CategoryRepositoryMapper, class org.waldreg.repository.board.mapper.ReactionRepositoryMapper, class org.waldreg.repository.board.mapper.CommentRepositoryMapper, interface org.waldreg.repository.board.repository.JpaCharacterRepository, interface org.waldreg.repository.board.repository.JpaCategoryRepository, interface org.waldreg.repository.board.repository.JpaUserRepository, interface org.waldreg.repository.board.repository.JpaReactionRepository, interface org.waldreg.repository.board.repository.JpaReactionUserRepository, class org.waldreg.repository.board.BoardCommander, class org.waldreg.repository.board.CommentCommander, class org.waldreg.repository.board.FileNameCommander, class org.waldreg.repository.board.JpaBoardTestInitializer}', contextInitializerClasses = '[]', activeProfiles = '{}', propertySourceLocations = '{classpath:h2-application.properties}', propertySourceProperties = '{org.springframework.boot.test.autoconfigure.orm.jpa.DataJpaTestContextBootstrapper=true}', contextCustomizers = set[org.springframework.boot.test.autoconfigure.OverrideAutoConfigurationContextCustomizerFactory$DisableAutoConfigurationContextCustomizer@7776ab, org.springframework.boot.test.autoconfigure.actuate.metrics.MetricsExportContextCustomizerFactory$DisableMetricExportContextCustomizer@2f1de2d6, org.springframework.boot.test.autoconfigure.filter.TypeExcludeFiltersContextCustomizer@351584c0, org.springframework.boot.test.autoconfigure.properties.PropertyMappingContextCustomizer@cee9ad48, org.springframework.boot.test.autoconfigure.web.servlet.WebDriverContextCustomizerFactory$Customizer@691939c9, [ImportsContextCustomizer@3cc41abc key = [org.springframework.boot.autoconfigure.cache.CacheAutoConfiguration, org.springframework.boot.autoconfigure.data.jpa.JpaRepositoriesAutoConfiguration, org.springframework.boot.autoconfigure.flyway.FlywayAutoConfiguration, org.springframework.boot.autoconfigure.jdbc.DataSourceAutoConfiguration, org.springframework.boot.autoconfigure.jdbc.DataSourceTransactionManagerAutoConfiguration, org.springframework.boot.autoconfigure.jdbc.JdbcTemplateAutoConfiguration, org.springframework.boot.autoconfigure.liquibase.LiquibaseAutoConfiguration, org.springframework.boot.autoconfigure.orm.jpa.HibernateJpaAutoConfiguration, org.springframework.boot.autoconfigure.sql.init.SqlInitializationAutoConfiguration, org.springframework.boot.autoconfigure.transaction.TransactionAutoConfiguration, org.springframework.boot.test.autoconfigure.jdbc.TestDatabaseAutoConfiguration, org.springframework.boot.test.autoconfigure.orm.jpa.TestEntityManagerAutoConfiguration]], org.springframework.boot.test.context.filter.ExcludeFilterContextCustomizer@3d2ee678, org.springframework.boot.test.json.DuplicateJsonObjectContextCustomizerFactory$DuplicateJsonObjectContextCustomizer@2d6764b2, org.springframework.boot.test.mock.mockito.MockitoContextCustomizer@0, org.springframework.boot.test.context.SpringBootTestArgs@1, org.springframework.boot.test.context.SpringBootTestWebEnvironment@0], contextLoader = 'org.springframework.boot.test.context.SpringBootContextLoader', parent = [null]], attributes = map['org.springframework.test.context.event.ApplicationEventsTestExecutionListener.recordApplicationEvents' -> false]]
2023-06-27 23:51:23.395  INFO 92765 --- [    Test worker] o.s.t.c.transaction.TransactionContext   : Began transaction (1) for test context [DefaultTestContext@c35172e testClass = BoardRepositoryTest, testInstance = org.waldreg.repository.board.BoardRepositoryTest@52a0bc48, testMethod = GET_MAX_INDEX_BY_CATEGORY_ID_TEST@BoardRepositoryTest, testException = [null], mergedContextConfiguration = [MergedContextConfiguration@c2db68f testClass = BoardRepositoryTest, locations = '{}', classes = '{class org.waldreg.repository.board.BoardRepositoryServiceProvider, class org.waldreg.repository.board.CategoryRepositoryServiceProvider, class org.waldreg.repository.board.CommentRepositoryServiceProvider, class org.waldreg.repository.board.ReactionRepositoryServiceProvider, class org.waldreg.repository.board.mapper.BoardRepositoryMapper, class org.waldreg.repository.board.mapper.CategoryRepositoryMapper, class org.waldreg.repository.board.mapper.ReactionRepositoryMapper, class org.waldreg.repository.board.mapper.CommentRepositoryMapper, interface org.waldreg.repository.board.repository.JpaCharacterRepository, interface org.waldreg.repository.board.repository.JpaCategoryRepository, interface org.waldreg.repository.board.repository.JpaUserRepository, interface org.waldreg.repository.board.repository.JpaReactionRepository, interface org.waldreg.repository.board.repository.JpaReactionUserRepository, class org.waldreg.repository.board.BoardCommander, class org.waldreg.repository.board.CommentCommander, class org.waldreg.repository.board.FileNameCommander, class org.waldreg.repository.board.JpaBoardTestInitializer}', contextInitializerClasses = '[]', activeProfiles = '{}', propertySourceLocations = '{classpath:h2-application.properties}', propertySourceProperties = '{org.springframework.boot.test.autoconfigure.orm.jpa.DataJpaTestContextBootstrapper=true}', contextCustomizers = set[org.springframework.boot.test.autoconfigure.OverrideAutoConfigurationContextCustomizerFactory$DisableAutoConfigurationContextCustomizer@7776ab, org.springframework.boot.test.autoconfigure.actuate.metrics.MetricsExportContextCustomizerFactory$DisableMetricExportContextCustomizer@2f1de2d6, org.springframework.boot.test.autoconfigure.filter.TypeExcludeFiltersContextCustomizer@351584c0, org.springframework.boot.test.autoconfigure.properties.PropertyMappingContextCustomizer@cee9ad48, org.springframework.boot.test.autoconfigure.web.servlet.WebDriverContextCustomizerFactory$Customizer@691939c9, [ImportsContextCustomizer@3cc41abc key = [org.springframework.boot.autoconfigure.cache.CacheAutoConfiguration, org.springframework.boot.autoconfigure.data.jpa.JpaRepositoriesAutoConfiguration, org.springframework.boot.autoconfigure.flyway.FlywayAutoConfiguration, org.springframework.boot.autoconfigure.jdbc.DataSourceAutoConfiguration, org.springframework.boot.autoconfigure.jdbc.DataSourceTransactionManagerAutoConfiguration, org.springframework.boot.autoconfigure.jdbc.JdbcTemplateAutoConfiguration, org.springframework.boot.autoconfigure.liquibase.LiquibaseAutoConfiguration, org.springframework.boot.autoconfigure.orm.jpa.HibernateJpaAutoConfiguration, org.springframework.boot.autoconfigure.sql.init.SqlInitializationAutoConfiguration, org.springframework.boot.autoconfigure.transaction.TransactionAutoConfiguration, org.springframework.boot.test.autoconfigure.jdbc.TestDatabaseAutoConfiguration, org.springframework.boot.test.autoconfigure.orm.jpa.TestEntityManagerAutoConfiguration]], org.springframework.boot.test.context.filter.ExcludeFilterContextCustomizer@3d2ee678, org.springframework.boot.test.json.DuplicateJsonObjectContextCustomizerFactory$DuplicateJsonObjectContextCustomizer@2d6764b2, org.springframework.boot.test.mock.mockito.MockitoContextCustomizer@0, org.springframework.boot.test.context.SpringBootTestArgs@1, org.springframework.boot.test.context.SpringBootTestWebEnvironment@0], contextLoader = 'org.springframework.boot.test.context.SpringBootContextLoader', parent = [null]], attributes = map['org.springframework.test.context.event.ApplicationEventsTestExecutionListener.recordApplicationEvents' -> false]]; transaction manager [org.springframework.orm.jpa.JpaTransactionManager@47f39279]; rollback [true]
Hibernate: select board0_.board_id as board_id1_4_, board0_.category_id as category7_4_, board0_.board_content as board_co2_4_, board0_.board_created_at as board_cr3_4_, board0_.board_last_modified_at as board_la4_4_, board0_.board_title as board_ti5_4_, board0_.user_id as user_id8_4_, board0_.board_views as board_vi6_4_ from board board0_
Hibernate: select user0_.user_id as user_id1_21_, user0_.character_id as characte7_21_, user0_.user_created_at as user_cre2_21_, user0_.user_name as user_nam3_21_, user0_.user_phone_number as user_pho4_21_, user0_.user_user_id as user_use5_21_, user0_.user_user_password as user_use6_21_ from user user0_
Hibernate: select category0_.category_id as category1_5_, category0_.category_name as category2_5_ from category category0_
Hibernate: select character0_.character_id as characte1_6_, character0_.character_character_name as characte2_6_ from characters character0_
Hibernate: insert into characters (character_id, character_character_name) values (default, ?)
Hibernate: insert into user (user_id, character_id, user_created_at, user_name, user_phone_number, user_user_id, user_user_password) values (default, ?, ?, ?, ?, ?, ?)
Hibernate: insert into user (user_id, character_id, user_created_at, user_name, user_phone_number, user_user_id, user_user_password) values (default, ?, ?, ?, ?, ?, ?)
Hibernate: insert into category (category_id, category_name) values (default, ?)
Hibernate: insert into category (category_id, category_name) values (default, ?)
Hibernate: insert into board (board_id, category_id, board_content, board_created_at, board_last_modified_at, board_title, user_id, board_views) values (default, ?, ?, ?, ?, ?, ?, ?)
Hibernate: insert into board (board_id, category_id, board_content, board_created_at, board_last_modified_at, board_title, user_id, board_views) values (default, ?, ?, ?, ?, ?, ?, ?)
Hibernate: insert into board (board_id, category_id, board_content, board_created_at, board_last_modified_at, board_title, user_id, board_views) values (default, ?, ?, ?, ?, ?, ?, ?)
Hibernate: insert into board (board_id, category_id, board_content, board_created_at, board_last_modified_at, board_title, user_id, board_views) values (default, ?, ?, ?, ?, ?, ?, ?)
Hibernate: insert into board (board_id, category_id, board_content, board_created_at, board_last_modified_at, board_title, user_id, board_views) values (default, ?, ?, ?, ?, ?, ?, ?)
Hibernate: insert into file_path_list (board_board_id, board_file_path_list) values (?, ?)
Hibernate: insert into image_path_list (board_board_id, board_image_path_list) values (?, ?)
Hibernate: insert into file_path_list (board_board_id, board_file_path_list) values (?, ?)
Hibernate: insert into image_path_list (board_board_id, board_image_path_list) values (?, ?)
Hibernate: insert into file_path_list (board_board_id, board_file_path_list) values (?, ?)
Hibernate: insert into image_path_list (board_board_id, board_image_path_list) values (?, ?)
Hibernate: insert into file_path_list (board_board_id, board_file_path_list) values (?, ?)
Hibernate: insert into image_path_list (board_board_id, board_image_path_list) values (?, ?)
Hibernate: insert into file_path_list (board_board_id, board_file_path_list) values (?, ?)
Hibernate: insert into image_path_list (board_board_id, board_image_path_list) values (?, ?)
Hibernate: select board0_.board_id as board_id1_4_, board0_.category_id as category7_4_, board0_.board_content as board_co2_4_, board0_.board_created_at as board_cr3_4_, board0_.board_last_modified_at as board_la4_4_, board0_.board_title as board_ti5_4_, board0_.user_id as user_id8_4_, board0_.board_views as board_vi6_4_ from board board0_
Hibernate: select category0_.category_id as category1_5_0_, category0_.category_name as category2_5_0_ from category category0_ where category0_.category_id=?
Hibernate: select user0_.user_id as user_id1_21_0_, user0_.character_id as characte7_21_0_, user0_.user_created_at as user_cre2_21_0_, user0_.user_name as user_nam3_21_0_, user0_.user_phone_number as user_pho4_21_0_, user0_.user_user_id as user_use5_21_0_, user0_.user_user_password as user_use6_21_0_ from user user0_ where user0_.user_id=?
Hibernate: select character0_.character_id as characte1_6_0_, character0_.character_character_name as characte2_6_0_ from characters character0_ where character0_.character_id=?
Hibernate: select category0_.category_id as category1_5_0_, category0_.category_name as category2_5_0_ from category category0_ where category0_.category_id=?
Hibernate: select user0_.user_id as user_id1_21_0_, user0_.character_id as characte7_21_0_, user0_.user_created_at as user_cre2_21_0_, user0_.user_name as user_nam3_21_0_, user0_.user_phone_number as user_pho4_21_0_, user0_.user_user_id as user_use5_21_0_, user0_.user_user_password as user_use6_21_0_ from user user0_ where user0_.user_id=?
Hibernate: select count(board0_.board_id) as col_0_0_ from board board0_ where board0_.category_id=?
Hibernate: select board0_.board_id as board_id1_4_, board0_.category_id as category7_4_, board0_.board_content as board_co2_4_, board0_.board_created_at as board_cr3_4_, board0_.board_last_modified_at as board_la4_4_, board0_.board_title as board_ti5_4_, board0_.user_id as user_id8_4_, board0_.board_views as board_vi6_4_ from board board0_
Hibernate: select commentlis0_.board_id as board_id5_7_0_, commentlis0_.comment_id as comment_1_7_0_, commentlis0_.comment_id as comment_1_7_1_, commentlis0_.board_id as board_id5_7_1_, commentlis0_.comment_content as comment_2_7_1_, commentlis0_.comment_created_at as comment_3_7_1_, commentlis0_.comment_last_modified_at as comment_4_7_1_, commentlis0_.user_id as user_id6_7_1_ from comment commentlis0_ where commentlis0_.board_id=?
Hibernate: select reactionli0_.board_id as board_id3_13_0_, reactionli0_.reaction_id as reaction1_13_0_, reactionli0_.reaction_id as reaction1_13_1_, reactionli0_.board_id as board_id3_13_1_, reactionli0_.reaction_type as reaction2_13_1_ from reaction reactionli0_ where reactionli0_.board_id=?
Hibernate: select commentlis0_.board_id as board_id5_7_0_, commentlis0_.comment_id as comment_1_7_0_, commentlis0_.comment_id as comment_1_7_1_, commentlis0_.board_id as board_id5_7_1_, commentlis0_.comment_content as comment_2_7_1_, commentlis0_.comment_created_at as comment_3_7_1_, commentlis0_.comment_last_modified_at as comment_4_7_1_, commentlis0_.user_id as user_id6_7_1_ from comment commentlis0_ where commentlis0_.board_id=?
Hibernate: select reactionli0_.board_id as board_id3_13_0_, reactionli0_.reaction_id as reaction1_13_0_, reactionli0_.reaction_id as reaction1_13_1_, reactionli0_.board_id as board_id3_13_1_, reactionli0_.reaction_type as reaction2_13_1_ from reaction reactionli0_ where reactionli0_.board_id=?
Hibernate: select commentlis0_.board_id as board_id5_7_0_, commentlis0_.comment_id as comment_1_7_0_, commentlis0_.comment_id as comment_1_7_1_, commentlis0_.board_id as board_id5_7_1_, commentlis0_.comment_content as comment_2_7_1_, commentlis0_.comment_created_at as comment_3_7_1_, commentlis0_.comment_last_modified_at as comment_4_7_1_, commentlis0_.user_id as user_id6_7_1_ from comment commentlis0_ where commentlis0_.board_id=?
Hibernate: select reactionli0_.board_id as board_id3_13_0_, reactionli0_.reaction_id as reaction1_13_0_, reactionli0_.reaction_id as reaction1_13_1_, reactionli0_.board_id as board_id3_13_1_, reactionli0_.reaction_type as reaction2_13_1_ from reaction reactionli0_ where reactionli0_.board_id=?
Hibernate: select commentlis0_.board_id as board_id5_7_0_, commentlis0_.comment_id as comment_1_7_0_, commentlis0_.comment_id as comment_1_7_1_, commentlis0_.board_id as board_id5_7_1_, commentlis0_.comment_content as comment_2_7_1_, commentlis0_.comment_created_at as comment_3_7_1_, commentlis0_.comment_last_modified_at as comment_4_7_1_, commentlis0_.user_id as user_id6_7_1_ from comment commentlis0_ where commentlis0_.board_id=?
Hibernate: select reactionli0_.board_id as board_id3_13_0_, reactionli0_.reaction_id as reaction1_13_0_, reactionli0_.reaction_id as reaction1_13_1_, reactionli0_.board_id as board_id3_13_1_, reactionli0_.reaction_type as reaction2_13_1_ from reaction reactionli0_ where reactionli0_.board_id=?
Hibernate: select commentlis0_.board_id as board_id5_7_0_, commentlis0_.comment_id as comment_1_7_0_, commentlis0_.comment_id as comment_1_7_1_, commentlis0_.board_id as board_id5_7_1_, commentlis0_.comment_content as comment_2_7_1_, commentlis0_.comment_created_at as comment_3_7_1_, commentlis0_.comment_last_modified_at as comment_4_7_1_, commentlis0_.user_id as user_id6_7_1_ from comment commentlis0_ where commentlis0_.board_id=?
Hibernate: select reactionli0_.board_id as board_id3_13_0_, reactionli0_.reaction_id as reaction1_13_0_, reactionli0_.reaction_id as reaction1_13_1_, reactionli0_.board_id as board_id3_13_1_, reactionli0_.reaction_type as reaction2_13_1_ from reaction reactionli0_ where reactionli0_.board_id=?
Hibernate: select user0_.user_id as user_id1_21_, user0_.character_id as characte7_21_, user0_.user_created_at as user_cre2_21_, user0_.user_name as user_nam3_21_, user0_.user_phone_number as user_pho4_21_, user0_.user_user_id as user_use5_21_, user0_.user_user_password as user_use6_21_ from user user0_
Hibernate: select rewardtagw0_.user_id as user_id4_16_0_, rewardtagw0_.reward_tag_wrapper_reward_id as reward_t1_16_0_, rewardtagw0_.reward_tag_wrapper_reward_id as reward_t1_16_1_, rewardtagw0_.reward_tag_wrapper_reward_presented_at as reward_t2_16_1_, rewardtagw0_.reward_tag_reward_tag_id as reward_t3_16_1_, rewardtagw0_.user_id as user_id4_16_1_ from reward_tag_wrapper rewardtagw0_ where rewardtagw0_.user_id=?
Hibernate: select rewardtagw0_.user_id as user_id4_16_0_, rewardtagw0_.reward_tag_wrapper_reward_id as reward_t1_16_0_, rewardtagw0_.reward_tag_wrapper_reward_id as reward_t1_16_1_, rewardtagw0_.reward_tag_wrapper_reward_presented_at as reward_t2_16_1_, rewardtagw0_.reward_tag_reward_tag_id as reward_t3_16_1_, rewardtagw0_.user_id as user_id4_16_1_ from reward_tag_wrapper rewardtagw0_ where rewardtagw0_.user_id=?
Hibernate: select category0_.category_id as category1_5_, category0_.category_name as category2_5_ from category category0_
Hibernate: select boardlist0_.category_id as category7_4_0_, boardlist0_.board_id as board_id1_4_0_, boardlist0_.board_id as board_id1_4_1_, boardlist0_.category_id as category7_4_1_, boardlist0_.board_content as board_co2_4_1_, boardlist0_.board_created_at as board_cr3_4_1_, boardlist0_.board_last_modified_at as board_la4_4_1_, boardlist0_.board_title as board_ti5_4_1_, boardlist0_.user_id as user_id8_4_1_, boardlist0_.board_views as board_vi6_4_1_ from board boardlist0_ where boardlist0_.category_id=?
Hibernate: select boardlist0_.category_id as category7_4_0_, boardlist0_.board_id as board_id1_4_0_, boardlist0_.board_id as board_id1_4_1_, boardlist0_.category_id as category7_4_1_, boardlist0_.board_content as board_co2_4_1_, boardlist0_.board_created_at as board_cr3_4_1_, boardlist0_.board_last_modified_at as board_la4_4_1_, boardlist0_.board_title as board_ti5_4_1_, boardlist0_.user_id as user_id8_4_1_, boardlist0_.board_views as board_vi6_4_1_ from board boardlist0_ where boardlist0_.category_id=?
Hibernate: select character0_.character_id as characte1_6_, character0_.character_character_name as characte2_6_ from characters character0_
2023-06-27 23:51:23.407  INFO 92765 --- [    Test worker] o.s.t.c.transaction.TransactionContext   : Rolled back transaction for test: [DefaultTestContext@c35172e testClass = BoardRepositoryTest, testInstance = org.waldreg.repository.board.BoardRepositoryTest@52a0bc48, testMethod = GET_MAX_INDEX_BY_CATEGORY_ID_TEST@BoardRepositoryTest, testException = [null], mergedContextConfiguration = [MergedContextConfiguration@c2db68f testClass = BoardRepositoryTest, locations = '{}', classes = '{class org.waldreg.repository.board.BoardRepositoryServiceProvider, class org.waldreg.repository.board.CategoryRepositoryServiceProvider, class org.waldreg.repository.board.CommentRepositoryServiceProvider, class org.waldreg.repository.board.ReactionRepositoryServiceProvider, class org.waldreg.repository.board.mapper.BoardRepositoryMapper, class org.waldreg.repository.board.mapper.CategoryRepositoryMapper, class org.waldreg.repository.board.mapper.ReactionRepositoryMapper, class org.waldreg.repository.board.mapper.CommentRepositoryMapper, interface org.waldreg.repository.board.repository.JpaCharacterRepository, interface org.waldreg.repository.board.repository.JpaCategoryRepository, interface org.waldreg.repository.board.repository.JpaUserRepository, interface org.waldreg.repository.board.repository.JpaReactionRepository, interface org.waldreg.repository.board.repository.JpaReactionUserRepository, class org.waldreg.repository.board.BoardCommander, class org.waldreg.repository.board.CommentCommander, class org.waldreg.repository.board.FileNameCommander, class org.waldreg.repository.board.JpaBoardTestInitializer}', contextInitializerClasses = '[]', activeProfiles = '{}', propertySourceLocations = '{classpath:h2-application.properties}', propertySourceProperties = '{org.springframework.boot.test.autoconfigure.orm.jpa.DataJpaTestContextBootstrapper=true}', contextCustomizers = set[org.springframework.boot.test.autoconfigure.OverrideAutoConfigurationContextCustomizerFactory$DisableAutoConfigurationContextCustomizer@7776ab, org.springframework.boot.test.autoconfigure.actuate.metrics.MetricsExportContextCustomizerFactory$DisableMetricExportContextCustomizer@2f1de2d6, org.springframework.boot.test.autoconfigure.filter.TypeExcludeFiltersContextCustomizer@351584c0, org.springframework.boot.test.autoconfigure.properties.PropertyMappingContextCustomizer@cee9ad48, org.springframework.boot.test.autoconfigure.web.servlet.WebDriverContextCustomizerFactory$Customizer@691939c9, [ImportsContextCustomizer@3cc41abc key = [org.springframework.boot.autoconfigure.cache.CacheAutoConfiguration, org.springframework.boot.autoconfigure.data.jpa.JpaRepositoriesAutoConfiguration, org.springframework.boot.autoconfigure.flyway.FlywayAutoConfiguration, org.springframework.boot.autoconfigure.jdbc.DataSourceAutoConfiguration, org.springframework.boot.autoconfigure.jdbc.DataSourceTransactionManagerAutoConfiguration, org.springframework.boot.autoconfigure.jdbc.JdbcTemplateAutoConfiguration, org.springframework.boot.autoconfigure.liquibase.LiquibaseAutoConfiguration, org.springframework.boot.autoconfigure.orm.jpa.HibernateJpaAutoConfiguration, org.springframework.boot.autoconfigure.sql.init.SqlInitializationAutoConfiguration, org.springframework.boot.autoconfigure.transaction.TransactionAutoConfiguration, org.springframework.boot.test.autoconfigure.jdbc.TestDatabaseAutoConfiguration, org.springframework.boot.test.autoconfigure.orm.jpa.TestEntityManagerAutoConfiguration]], org.springframework.boot.test.context.filter.ExcludeFilterContextCustomizer@3d2ee678, org.springframework.boot.test.json.DuplicateJsonObjectContextCustomizerFactory$DuplicateJsonObjectContextCustomizer@2d6764b2, org.springframework.boot.test.mock.mockito.MockitoContextCustomizer@0, org.springframework.boot.test.context.SpringBootTestArgs@1, org.springframework.boot.test.context.SpringBootTestWebEnvironment@0], contextLoader = 'org.springframework.boot.test.context.SpringBootContextLoader', parent = [null]], attributes = map['org.springframework.test.context.event.ApplicationEventsTestExecutionListener.recordApplicationEvents' -> false]]
2023-06-27 23:51:23.408  INFO 92765 --- [    Test worker] o.s.t.c.transaction.TransactionContext   : Began transaction (1) for test context [DefaultTestContext@c35172e testClass = BoardRepositoryTest, testInstance = org.waldreg.repository.board.BoardRepositoryTest@37c762aa, testMethod = INQUIRY_BOARD_BY_ID_TEST@BoardRepositoryTest, testException = [null], mergedContextConfiguration = [MergedContextConfiguration@c2db68f testClass = BoardRepositoryTest, locations = '{}', classes = '{class org.waldreg.repository.board.BoardRepositoryServiceProvider, class org.waldreg.repository.board.CategoryRepositoryServiceProvider, class org.waldreg.repository.board.CommentRepositoryServiceProvider, class org.waldreg.repository.board.ReactionRepositoryServiceProvider, class org.waldreg.repository.board.mapper.BoardRepositoryMapper, class org.waldreg.repository.board.mapper.CategoryRepositoryMapper, class org.waldreg.repository.board.mapper.ReactionRepositoryMapper, class org.waldreg.repository.board.mapper.CommentRepositoryMapper, interface org.waldreg.repository.board.repository.JpaCharacterRepository, interface org.waldreg.repository.board.repository.JpaCategoryRepository, interface org.waldreg.repository.board.repository.JpaUserRepository, interface org.waldreg.repository.board.repository.JpaReactionRepository, interface org.waldreg.repository.board.repository.JpaReactionUserRepository, class org.waldreg.repository.board.BoardCommander, class org.waldreg.repository.board.CommentCommander, class org.waldreg.repository.board.FileNameCommander, class org.waldreg.repository.board.JpaBoardTestInitializer}', contextInitializerClasses = '[]', activeProfiles = '{}', propertySourceLocations = '{classpath:h2-application.properties}', propertySourceProperties = '{org.springframework.boot.test.autoconfigure.orm.jpa.DataJpaTestContextBootstrapper=true}', contextCustomizers = set[org.springframework.boot.test.autoconfigure.OverrideAutoConfigurationContextCustomizerFactory$DisableAutoConfigurationContextCustomizer@7776ab, org.springframework.boot.test.autoconfigure.actuate.metrics.MetricsExportContextCustomizerFactory$DisableMetricExportContextCustomizer@2f1de2d6, org.springframework.boot.test.autoconfigure.filter.TypeExcludeFiltersContextCustomizer@351584c0, org.springframework.boot.test.autoconfigure.properties.PropertyMappingContextCustomizer@cee9ad48, org.springframework.boot.test.autoconfigure.web.servlet.WebDriverContextCustomizerFactory$Customizer@691939c9, [ImportsContextCustomizer@3cc41abc key = [org.springframework.boot.autoconfigure.cache.CacheAutoConfiguration, org.springframework.boot.autoconfigure.data.jpa.JpaRepositoriesAutoConfiguration, org.springframework.boot.autoconfigure.flyway.FlywayAutoConfiguration, org.springframework.boot.autoconfigure.jdbc.DataSourceAutoConfiguration, org.springframework.boot.autoconfigure.jdbc.DataSourceTransactionManagerAutoConfiguration, org.springframework.boot.autoconfigure.jdbc.JdbcTemplateAutoConfiguration, org.springframework.boot.autoconfigure.liquibase.LiquibaseAutoConfiguration, org.springframework.boot.autoconfigure.orm.jpa.HibernateJpaAutoConfiguration, org.springframework.boot.autoconfigure.sql.init.SqlInitializationAutoConfiguration, org.springframework.boot.autoconfigure.transaction.TransactionAutoConfiguration, org.springframework.boot.test.autoconfigure.jdbc.TestDatabaseAutoConfiguration, org.springframework.boot.test.autoconfigure.orm.jpa.TestEntityManagerAutoConfiguration]], org.springframework.boot.test.context.filter.ExcludeFilterContextCustomizer@3d2ee678, org.springframework.boot.test.json.DuplicateJsonObjectContextCustomizerFactory$DuplicateJsonObjectContextCustomizer@2d6764b2, org.springframework.boot.test.mock.mockito.MockitoContextCustomizer@0, org.springframework.boot.test.context.SpringBootTestArgs@1, org.springframework.boot.test.context.SpringBootTestWebEnvironment@0], contextLoader = 'org.springframework.boot.test.context.SpringBootContextLoader', parent = [null]], attributes = map['org.springframework.test.context.event.ApplicationEventsTestExecutionListener.recordApplicationEvents' -> false]]; transaction manager [org.springframework.orm.jpa.JpaTransactionManager@47f39279]; rollback [true]
Hibernate: select board0_.board_id as board_id1_4_, board0_.category_id as category7_4_, board0_.board_content as board_co2_4_, board0_.board_created_at as board_cr3_4_, board0_.board_last_modified_at as board_la4_4_, board0_.board_title as board_ti5_4_, board0_.user_id as user_id8_4_, board0_.board_views as board_vi6_4_ from board board0_
Hibernate: select user0_.user_id as user_id1_21_, user0_.character_id as characte7_21_, user0_.user_created_at as user_cre2_21_, user0_.user_name as user_nam3_21_, user0_.user_phone_number as user_pho4_21_, user0_.user_user_id as user_use5_21_, user0_.user_user_password as user_use6_21_ from user user0_
Hibernate: select category0_.category_id as category1_5_, category0_.category_name as category2_5_ from category category0_
Hibernate: select character0_.character_id as characte1_6_, character0_.character_character_name as characte2_6_ from characters character0_
Hibernate: insert into characters (character_id, character_character_name) values (default, ?)
Hibernate: insert into user (user_id, character_id, user_created_at, user_name, user_phone_number, user_user_id, user_user_password) values (default, ?, ?, ?, ?, ?, ?)
Hibernate: insert into category (category_id, category_name) values (default, ?)
Hibernate: select category0_.category_id as category1_5_, category0_.category_name as category2_5_ from category category0_
Hibernate: insert into board (board_id, category_id, board_content, board_created_at, board_last_modified_at, board_title, user_id, board_views) values (default, ?, ?, ?, ?, ?, ?, ?)
Hibernate: insert into reaction (reaction_id, board_id, reaction_type) values (default, ?, ?)
Hibernate: insert into reaction (reaction_id, board_id, reaction_type) values (default, ?, ?)
Hibernate: insert into reaction (reaction_id, board_id, reaction_type) values (default, ?, ?)
Hibernate: insert into reaction (reaction_id, board_id, reaction_type) values (default, ?, ?)
Hibernate: insert into reaction (reaction_id, board_id, reaction_type) values (default, ?, ?)
Hibernate: insert into reaction (reaction_id, board_id, reaction_type) values (default, ?, ?)
Hibernate: insert into file_path_list (board_board_id, board_file_path_list) values (?, ?)
Hibernate: insert into image_path_list (board_board_id, board_image_path_list) values (?, ?)
Hibernate: select board0_.board_id as board_id1_4_, board0_.category_id as category7_4_, board0_.board_content as board_co2_4_, board0_.board_created_at as board_cr3_4_, board0_.board_last_modified_at as board_la4_4_, board0_.board_title as board_ti5_4_, board0_.user_id as user_id8_4_, board0_.board_views as board_vi6_4_ from board board0_
Hibernate: select user0_.user_id as user_id1_21_, user0_.character_id as characte7_21_, user0_.user_created_at as user_cre2_21_, user0_.user_name as user_nam3_21_, user0_.user_phone_number as user_pho4_21_, user0_.user_user_id as user_use5_21_, user0_.user_user_password as user_use6_21_ from user user0_
Hibernate: select category0_.category_id as category1_5_, category0_.category_name as category2_5_ from category category0_
Hibernate: select character0_.character_id as characte1_6_, character0_.character_character_name as characte2_6_ from characters character0_
2023-06-27 23:51:23.414  INFO 92765 --- [    Test worker] o.s.t.c.transaction.TransactionContext   : Rolled back transaction for test: [DefaultTestContext@c35172e testClass = BoardRepositoryTest, testInstance = org.waldreg.repository.board.BoardRepositoryTest@37c762aa, testMethod = INQUIRY_BOARD_BY_ID_TEST@BoardRepositoryTest, testException = [null], mergedContextConfiguration = [MergedContextConfiguration@c2db68f testClass = BoardRepositoryTest, locations = '{}', classes = '{class org.waldreg.repository.board.BoardRepositoryServiceProvider, class org.waldreg.repository.board.CategoryRepositoryServiceProvider, class org.waldreg.repository.board.CommentRepositoryServiceProvider, class org.waldreg.repository.board.ReactionRepositoryServiceProvider, class org.waldreg.repository.board.mapper.BoardRepositoryMapper, class org.waldreg.repository.board.mapper.CategoryRepositoryMapper, class org.waldreg.repository.board.mapper.ReactionRepositoryMapper, class org.waldreg.repository.board.mapper.CommentRepositoryMapper, interface org.waldreg.repository.board.repository.JpaCharacterRepository, interface org.waldreg.repository.board.repository.JpaCategoryRepository, interface org.waldreg.repository.board.repository.JpaUserRepository, interface org.waldreg.repository.board.repository.JpaReactionRepository, interface org.waldreg.repository.board.repository.JpaReactionUserRepository, class org.waldreg.repository.board.BoardCommander, class org.waldreg.repository.board.CommentCommander, class org.waldreg.repository.board.FileNameCommander, class org.waldreg.repository.board.JpaBoardTestInitializer}', contextInitializerClasses = '[]', activeProfiles = '{}', propertySourceLocations = '{classpath:h2-application.properties}', propertySourceProperties = '{org.springframework.boot.test.autoconfigure.orm.jpa.DataJpaTestContextBootstrapper=true}', contextCustomizers = set[org.springframework.boot.test.autoconfigure.OverrideAutoConfigurationContextCustomizerFactory$DisableAutoConfigurationContextCustomizer@7776ab, org.springframework.boot.test.autoconfigure.actuate.metrics.MetricsExportContextCustomizerFactory$DisableMetricExportContextCustomizer@2f1de2d6, org.springframework.boot.test.autoconfigure.filter.TypeExcludeFiltersContextCustomizer@351584c0, org.springframework.boot.test.autoconfigure.properties.PropertyMappingContextCustomizer@cee9ad48, org.springframework.boot.test.autoconfigure.web.servlet.WebDriverContextCustomizerFactory$Customizer@691939c9, [ImportsContextCustomizer@3cc41abc key = [org.springframework.boot.autoconfigure.cache.CacheAutoConfiguration, org.springframework.boot.autoconfigure.data.jpa.JpaRepositoriesAutoConfiguration, org.springframework.boot.autoconfigure.flyway.FlywayAutoConfiguration, org.springframework.boot.autoconfigure.jdbc.DataSourceAutoConfiguration, org.springframework.boot.autoconfigure.jdbc.DataSourceTransactionManagerAutoConfiguration, org.springframework.boot.autoconfigure.jdbc.JdbcTemplateAutoConfiguration, org.springframework.boot.autoconfigure.liquibase.LiquibaseAutoConfiguration, org.springframework.boot.autoconfigure.orm.jpa.HibernateJpaAutoConfiguration, org.springframework.boot.autoconfigure.sql.init.SqlInitializationAutoConfiguration, org.springframework.boot.autoconfigure.transaction.TransactionAutoConfiguration, org.springframework.boot.test.autoconfigure.jdbc.TestDatabaseAutoConfiguration, org.springframework.boot.test.autoconfigure.orm.jpa.TestEntityManagerAutoConfiguration]], org.springframework.boot.test.context.filter.ExcludeFilterContextCustomizer@3d2ee678, org.springframework.boot.test.json.DuplicateJsonObjectContextCustomizerFactory$DuplicateJsonObjectContextCustomizer@2d6764b2, org.springframework.boot.test.mock.mockito.MockitoContextCustomizer@0, org.springframework.boot.test.context.SpringBootTestArgs@1, org.springframework.boot.test.context.SpringBootTestWebEnvironment@0], contextLoader = 'org.springframework.boot.test.context.SpringBootContextLoader', parent = [null]], attributes = map['org.springframework.test.context.event.ApplicationEventsTestExecutionListener.recordApplicationEvents' -> false]]
2023-06-27 23:51:23.415  INFO 92765 --- [    Test worker] o.s.t.c.transaction.TransactionContext   : Began transaction (1) for test context [DefaultTestContext@c35172e testClass = BoardRepositoryTest, testInstance = org.waldreg.repository.board.BoardRepositoryTest@5315210d, testMethod = DELETE_BOARD_BY_ID_SUCCESS_TEST@BoardRepositoryTest, testException = [null], mergedContextConfiguration = [MergedContextConfiguration@c2db68f testClass = BoardRepositoryTest, locations = '{}', classes = '{class org.waldreg.repository.board.BoardRepositoryServiceProvider, class org.waldreg.repository.board.CategoryRepositoryServiceProvider, class org.waldreg.repository.board.CommentRepositoryServiceProvider, class org.waldreg.repository.board.ReactionRepositoryServiceProvider, class org.waldreg.repository.board.mapper.BoardRepositoryMapper, class org.waldreg.repository.board.mapper.CategoryRepositoryMapper, class org.waldreg.repository.board.mapper.ReactionRepositoryMapper, class org.waldreg.repository.board.mapper.CommentRepositoryMapper, interface org.waldreg.repository.board.repository.JpaCharacterRepository, interface org.waldreg.repository.board.repository.JpaCategoryRepository, interface org.waldreg.repository.board.repository.JpaUserRepository, interface org.waldreg.repository.board.repository.JpaReactionRepository, interface org.waldreg.repository.board.repository.JpaReactionUserRepository, class org.waldreg.repository.board.BoardCommander, class org.waldreg.repository.board.CommentCommander, class org.waldreg.repository.board.FileNameCommander, class org.waldreg.repository.board.JpaBoardTestInitializer}', contextInitializerClasses = '[]', activeProfiles = '{}', propertySourceLocations = '{classpath:h2-application.properties}', propertySourceProperties = '{org.springframework.boot.test.autoconfigure.orm.jpa.DataJpaTestContextBootstrapper=true}', contextCustomizers = set[org.springframework.boot.test.autoconfigure.OverrideAutoConfigurationContextCustomizerFactory$DisableAutoConfigurationContextCustomizer@7776ab, org.springframework.boot.test.autoconfigure.actuate.metrics.MetricsExportContextCustomizerFactory$DisableMetricExportContextCustomizer@2f1de2d6, org.springframework.boot.test.autoconfigure.filter.TypeExcludeFiltersContextCustomizer@351584c0, org.springframework.boot.test.autoconfigure.properties.PropertyMappingContextCustomizer@cee9ad48, org.springframework.boot.test.autoconfigure.web.servlet.WebDriverContextCustomizerFactory$Customizer@691939c9, [ImportsContextCustomizer@3cc41abc key = [org.springframework.boot.autoconfigure.cache.CacheAutoConfiguration, org.springframework.boot.autoconfigure.data.jpa.JpaRepositoriesAutoConfiguration, org.springframework.boot.autoconfigure.flyway.FlywayAutoConfiguration, org.springframework.boot.autoconfigure.jdbc.DataSourceAutoConfiguration, org.springframework.boot.autoconfigure.jdbc.DataSourceTransactionManagerAutoConfiguration, org.springframework.boot.autoconfigure.jdbc.JdbcTemplateAutoConfiguration, org.springframework.boot.autoconfigure.liquibase.LiquibaseAutoConfiguration, org.springframework.boot.autoconfigure.orm.jpa.HibernateJpaAutoConfiguration, org.springframework.boot.autoconfigure.sql.init.SqlInitializationAutoConfiguration, org.springframework.boot.autoconfigure.transaction.TransactionAutoConfiguration, org.springframework.boot.test.autoconfigure.jdbc.TestDatabaseAutoConfiguration, org.springframework.boot.test.autoconfigure.orm.jpa.TestEntityManagerAutoConfiguration]], org.springframework.boot.test.context.filter.ExcludeFilterContextCustomizer@3d2ee678, org.springframework.boot.test.json.DuplicateJsonObjectContextCustomizerFactory$DuplicateJsonObjectContextCustomizer@2d6764b2, org.springframework.boot.test.mock.mockito.MockitoContextCustomizer@0, org.springframework.boot.test.context.SpringBootTestArgs@1, org.springframework.boot.test.context.SpringBootTestWebEnvironment@0], contextLoader = 'org.springframework.boot.test.context.SpringBootContextLoader', parent = [null]], attributes = map['org.springframework.test.context.event.ApplicationEventsTestExecutionListener.recordApplicationEvents' -> false]]; transaction manager [org.springframework.orm.jpa.JpaTransactionManager@47f39279]; rollback [true]
Hibernate: select board0_.board_id as board_id1_4_, board0_.category_id as category7_4_, board0_.board_content as board_co2_4_, board0_.board_created_at as board_cr3_4_, board0_.board_last_modified_at as board_la4_4_, board0_.board_title as board_ti5_4_, board0_.user_id as user_id8_4_, board0_.board_views as board_vi6_4_ from board board0_
Hibernate: select user0_.user_id as user_id1_21_, user0_.character_id as characte7_21_, user0_.user_created_at as user_cre2_21_, user0_.user_name as user_nam3_21_, user0_.user_phone_number as user_pho4_21_, user0_.user_user_id as user_use5_21_, user0_.user_user_password as user_use6_21_ from user user0_
Hibernate: select category0_.category_id as category1_5_, category0_.category_name as category2_5_ from category category0_
Hibernate: select character0_.character_id as characte1_6_, character0_.character_character_name as characte2_6_ from characters character0_
Hibernate: insert into characters (character_id, character_character_name) values (default, ?)
Hibernate: insert into user (user_id, character_id, user_created_at, user_name, user_phone_number, user_user_id, user_user_password) values (default, ?, ?, ?, ?, ?, ?)
Hibernate: insert into category (category_id, category_name) values (default, ?)
Hibernate: select category0_.category_id as category1_5_, category0_.category_name as category2_5_ from category category0_
Hibernate: insert into board (board_id, category_id, board_content, board_created_at, board_last_modified_at, board_title, user_id, board_views) values (default, ?, ?, ?, ?, ?, ?, ?)
Hibernate: insert into reaction (reaction_id, board_id, reaction_type) values (default, ?, ?)
Hibernate: insert into reaction (reaction_id, board_id, reaction_type) values (default, ?, ?)
Hibernate: insert into reaction (reaction_id, board_id, reaction_type) values (default, ?, ?)
Hibernate: insert into reaction (reaction_id, board_id, reaction_type) values (default, ?, ?)
Hibernate: insert into reaction (reaction_id, board_id, reaction_type) values (default, ?, ?)
Hibernate: insert into reaction (reaction_id, board_id, reaction_type) values (default, ?, ?)
Hibernate: delete from reaction where reaction_id=?
Hibernate: delete from reaction where reaction_id=?
Hibernate: delete from reaction where reaction_id=?
Hibernate: delete from reaction where reaction_id=?
Hibernate: delete from reaction where reaction_id=?
Hibernate: delete from reaction where reaction_id=?
Hibernate: delete from board where board_id=?
Hibernate: select count(*) as col_0_0_ from board board0_ where board0_.board_id=?
Hibernate: select count(*) as col_0_0_ from user user0_ where user0_.user_id=?
Hibernate: select count(*) as col_0_0_ from category category0_ where category0_.category_id=?
Hibernate: select board0_.board_id as board_id1_4_, board0_.category_id as category7_4_, board0_.board_content as board_co2_4_, board0_.board_created_at as board_cr3_4_, board0_.board_last_modified_at as board_la4_4_, board0_.board_title as board_ti5_4_, board0_.user_id as user_id8_4_, board0_.board_views as board_vi6_4_ from board board0_
Hibernate: select user0_.user_id as user_id1_21_, user0_.character_id as characte7_21_, user0_.user_created_at as user_cre2_21_, user0_.user_name as user_nam3_21_, user0_.user_phone_number as user_pho4_21_, user0_.user_user_id as user_use5_21_, user0_.user_user_password as user_use6_21_ from user user0_
Hibernate: select category0_.category_id as category1_5_, category0_.category_name as category2_5_ from category category0_
Hibernate: select character0_.character_id as characte1_6_, character0_.character_character_name as characte2_6_ from characters character0_
2023-06-27 23:51:23.426  INFO 92765 --- [    Test worker] o.s.t.c.transaction.TransactionContext   : Rolled back transaction for test: [DefaultTestContext@c35172e testClass = BoardRepositoryTest, testInstance = org.waldreg.repository.board.BoardRepositoryTest@5315210d, testMethod = DELETE_BOARD_BY_ID_SUCCESS_TEST@BoardRepositoryTest, testException = [null], mergedContextConfiguration = [MergedContextConfiguration@c2db68f testClass = BoardRepositoryTest, locations = '{}', classes = '{class org.waldreg.repository.board.BoardRepositoryServiceProvider, class org.waldreg.repository.board.CategoryRepositoryServiceProvider, class org.waldreg.repository.board.CommentRepositoryServiceProvider, class org.waldreg.repository.board.ReactionRepositoryServiceProvider, class org.waldreg.repository.board.mapper.BoardRepositoryMapper, class org.waldreg.repository.board.mapper.CategoryRepositoryMapper, class org.waldreg.repository.board.mapper.ReactionRepositoryMapper, class org.waldreg.repository.board.mapper.CommentRepositoryMapper, interface org.waldreg.repository.board.repository.JpaCharacterRepository, interface org.waldreg.repository.board.repository.JpaCategoryRepository, interface org.waldreg.repository.board.repository.JpaUserRepository, interface org.waldreg.repository.board.repository.JpaReactionRepository, interface org.waldreg.repository.board.repository.JpaReactionUserRepository, class org.waldreg.repository.board.BoardCommander, class org.waldreg.repository.board.CommentCommander, class org.waldreg.repository.board.FileNameCommander, class org.waldreg.repository.board.JpaBoardTestInitializer}', contextInitializerClasses = '[]', activeProfiles = '{}', propertySourceLocations = '{classpath:h2-application.properties}', propertySourceProperties = '{org.springframework.boot.test.autoconfigure.orm.jpa.DataJpaTestContextBootstrapper=true}', contextCustomizers = set[org.springframework.boot.test.autoconfigure.OverrideAutoConfigurationContextCustomizerFactory$DisableAutoConfigurationContextCustomizer@7776ab, org.springframework.boot.test.autoconfigure.actuate.metrics.MetricsExportContextCustomizerFactory$DisableMetricExportContextCustomizer@2f1de2d6, org.springframework.boot.test.autoconfigure.filter.TypeExcludeFiltersContextCustomizer@351584c0, org.springframework.boot.test.autoconfigure.properties.PropertyMappingContextCustomizer@cee9ad48, org.springframework.boot.test.autoconfigure.web.servlet.WebDriverContextCustomizerFactory$Customizer@691939c9, [ImportsContextCustomizer@3cc41abc key = [org.springframework.boot.autoconfigure.cache.CacheAutoConfiguration, org.springframework.boot.autoconfigure.data.jpa.JpaRepositoriesAutoConfiguration, org.springframework.boot.autoconfigure.flyway.FlywayAutoConfiguration, org.springframework.boot.autoconfigure.jdbc.DataSourceAutoConfiguration, org.springframework.boot.autoconfigure.jdbc.DataSourceTransactionManagerAutoConfiguration, org.springframework.boot.autoconfigure.jdbc.JdbcTemplateAutoConfiguration, org.springframework.boot.autoconfigure.liquibase.LiquibaseAutoConfiguration, org.springframework.boot.autoconfigure.orm.jpa.HibernateJpaAutoConfiguration, org.springframework.boot.autoconfigure.sql.init.SqlInitializationAutoConfiguration, org.springframework.boot.autoconfigure.transaction.TransactionAutoConfiguration, org.springframework.boot.test.autoconfigure.jdbc.TestDatabaseAutoConfiguration, org.springframework.boot.test.autoconfigure.orm.jpa.TestEntityManagerAutoConfiguration]], org.springframework.boot.test.context.filter.ExcludeFilterContextCustomizer@3d2ee678, org.springframework.boot.test.json.DuplicateJsonObjectContextCustomizerFactory$DuplicateJsonObjectContextCustomizer@2d6764b2, org.springframework.boot.test.mock.mockito.MockitoContextCustomizer@0, org.springframework.boot.test.context.SpringBootTestArgs@1, org.springframework.boot.test.context.SpringBootTestWebEnvironment@0], contextLoader = 'org.springframework.boot.test.context.SpringBootContextLoader', parent = [null]], attributes = map['org.springframework.test.context.event.ApplicationEventsTestExecutionListener.recordApplicationEvents' -> false]]
2023-06-27 23:51:23.427  INFO 92765 --- [    Test worker] o.s.t.c.transaction.TransactionContext   : Began transaction (1) for test context [DefaultTestContext@c35172e testClass = BoardRepositoryTest, testInstance = org.waldreg.repository.board.BoardRepositoryTest@53654b2d, testMethod = GET_MAX_INDEX_BY_CONTENT_TEST@BoardRepositoryTest, testException = [null], mergedContextConfiguration = [MergedContextConfiguration@c2db68f testClass = BoardRepositoryTest, locations = '{}', classes = '{class org.waldreg.repository.board.BoardRepositoryServiceProvider, class org.waldreg.repository.board.CategoryRepositoryServiceProvider, class org.waldreg.repository.board.CommentRepositoryServiceProvider, class org.waldreg.repository.board.ReactionRepositoryServiceProvider, class org.waldreg.repository.board.mapper.BoardRepositoryMapper, class org.waldreg.repository.board.mapper.CategoryRepositoryMapper, class org.waldreg.repository.board.mapper.ReactionRepositoryMapper, class org.waldreg.repository.board.mapper.CommentRepositoryMapper, interface org.waldreg.repository.board.repository.JpaCharacterRepository, interface org.waldreg.repository.board.repository.JpaCategoryRepository, interface org.waldreg.repository.board.repository.JpaUserRepository, interface org.waldreg.repository.board.repository.JpaReactionRepository, interface org.waldreg.repository.board.repository.JpaReactionUserRepository, class org.waldreg.repository.board.BoardCommander, class org.waldreg.repository.board.CommentCommander, class org.waldreg.repository.board.FileNameCommander, class org.waldreg.repository.board.JpaBoardTestInitializer}', contextInitializerClasses = '[]', activeProfiles = '{}', propertySourceLocations = '{classpath:h2-application.properties}', propertySourceProperties = '{org.springframework.boot.test.autoconfigure.orm.jpa.DataJpaTestContextBootstrapper=true}', contextCustomizers = set[org.springframework.boot.test.autoconfigure.OverrideAutoConfigurationContextCustomizerFactory$DisableAutoConfigurationContextCustomizer@7776ab, org.springframework.boot.test.autoconfigure.actuate.metrics.MetricsExportContextCustomizerFactory$DisableMetricExportContextCustomizer@2f1de2d6, org.springframework.boot.test.autoconfigure.filter.TypeExcludeFiltersContextCustomizer@351584c0, org.springframework.boot.test.autoconfigure.properties.PropertyMappingContextCustomizer@cee9ad48, org.springframework.boot.test.autoconfigure.web.servlet.WebDriverContextCustomizerFactory$Customizer@691939c9, [ImportsContextCustomizer@3cc41abc key = [org.springframework.boot.autoconfigure.cache.CacheAutoConfiguration, org.springframework.boot.autoconfigure.data.jpa.JpaRepositoriesAutoConfiguration, org.springframework.boot.autoconfigure.flyway.FlywayAutoConfiguration, org.springframework.boot.autoconfigure.jdbc.DataSourceAutoConfiguration, org.springframework.boot.autoconfigure.jdbc.DataSourceTransactionManagerAutoConfiguration, org.springframework.boot.autoconfigure.jdbc.JdbcTemplateAutoConfiguration, org.springframework.boot.autoconfigure.liquibase.LiquibaseAutoConfiguration, org.springframework.boot.autoconfigure.orm.jpa.HibernateJpaAutoConfiguration, org.springframework.boot.autoconfigure.sql.init.SqlInitializationAutoConfiguration, org.springframework.boot.autoconfigure.transaction.TransactionAutoConfiguration, org.springframework.boot.test.autoconfigure.jdbc.TestDatabaseAutoConfiguration, org.springframework.boot.test.autoconfigure.orm.jpa.TestEntityManagerAutoConfiguration]], org.springframework.boot.test.context.filter.ExcludeFilterContextCustomizer@3d2ee678, org.springframework.boot.test.json.DuplicateJsonObjectContextCustomizerFactory$DuplicateJsonObjectContextCustomizer@2d6764b2, org.springframework.boot.test.mock.mockito.MockitoContextCustomizer@0, org.springframework.boot.test.context.SpringBootTestArgs@1, org.springframework.boot.test.context.SpringBootTestWebEnvironment@0], contextLoader = 'org.springframework.boot.test.context.SpringBootContextLoader', parent = [null]], attributes = map['org.springframework.test.context.event.ApplicationEventsTestExecutionListener.recordApplicationEvents' -> false]]; transaction manager [org.springframework.orm.jpa.JpaTransactionManager@47f39279]; rollback [true]
Hibernate: select board0_.board_id as board_id1_4_, board0_.category_id as category7_4_, board0_.board_content as board_co2_4_, board0_.board_created_at as board_cr3_4_, board0_.board_last_modified_at as board_la4_4_, board0_.board_title as board_ti5_4_, board0_.user_id as user_id8_4_, board0_.board_views as board_vi6_4_ from board board0_
Hibernate: select user0_.user_id as user_id1_21_, user0_.character_id as characte7_21_, user0_.user_created_at as user_cre2_21_, user0_.user_name as user_nam3_21_, user0_.user_phone_number as user_pho4_21_, user0_.user_user_id as user_use5_21_, user0_.user_user_password as user_use6_21_ from user user0_
Hibernate: select category0_.category_id as category1_5_, category0_.category_name as category2_5_ from category category0_
Hibernate: select character0_.character_id as characte1_6_, character0_.character_character_name as characte2_6_ from characters character0_
Hibernate: insert into characters (character_id, character_character_name) values (default, ?)
Hibernate: insert into user (user_id, character_id, user_created_at, user_name, user_phone_number, user_user_id, user_user_password) values (default, ?, ?, ?, ?, ?, ?)
Hibernate: insert into user (user_id, character_id, user_created_at, user_name, user_phone_number, user_user_id, user_user_password) values (default, ?, ?, ?, ?, ?, ?)
Hibernate: insert into category (category_id, category_name) values (default, ?)
Hibernate: insert into category (category_id, category_name) values (default, ?)
Hibernate: insert into board (board_id, category_id, board_content, board_created_at, board_last_modified_at, board_title, user_id, board_views) values (default, ?, ?, ?, ?, ?, ?, ?)
Hibernate: insert into board (board_id, category_id, board_content, board_created_at, board_last_modified_at, board_title, user_id, board_views) values (default, ?, ?, ?, ?, ?, ?, ?)
Hibernate: insert into board (board_id, category_id, board_content, board_created_at, board_last_modified_at, board_title, user_id, board_views) values (default, ?, ?, ?, ?, ?, ?, ?)
Hibernate: insert into board (board_id, category_id, board_content, board_created_at, board_last_modified_at, board_title, user_id, board_views) values (default, ?, ?, ?, ?, ?, ?, ?)
Hibernate: insert into board (board_id, category_id, board_content, board_created_at, board_last_modified_at, board_title, user_id, board_views) values (default, ?, ?, ?, ?, ?, ?, ?)
Hibernate: insert into file_path_list (board_board_id, board_file_path_list) values (?, ?)
Hibernate: insert into image_path_list (board_board_id, board_image_path_list) values (?, ?)
Hibernate: insert into file_path_list (board_board_id, board_file_path_list) values (?, ?)
Hibernate: insert into image_path_list (board_board_id, board_image_path_list) values (?, ?)
Hibernate: insert into file_path_list (board_board_id, board_file_path_list) values (?, ?)
Hibernate: insert into image_path_list (board_board_id, board_image_path_list) values (?, ?)
Hibernate: insert into file_path_list (board_board_id, board_file_path_list) values (?, ?)
Hibernate: insert into image_path_list (board_board_id, board_image_path_list) values (?, ?)
Hibernate: insert into file_path_list (board_board_id, board_file_path_list) values (?, ?)
Hibernate: insert into image_path_list (board_board_id, board_image_path_list) values (?, ?)
Hibernate: select count(board0_.board_id) as col_0_0_ from board board0_ where board0_.board_content like ?
Hibernate: select board0_.board_id as board_id1_4_, board0_.category_id as category7_4_, board0_.board_content as board_co2_4_, board0_.board_created_at as board_cr3_4_, board0_.board_last_modified_at as board_la4_4_, board0_.board_title as board_ti5_4_, board0_.user_id as user_id8_4_, board0_.board_views as board_vi6_4_ from board board0_
Hibernate: select category0_.category_id as category1_5_0_, category0_.category_name as category2_5_0_ from category category0_ where category0_.category_id=?
Hibernate: select user0_.user_id as user_id1_21_0_, user0_.character_id as characte7_21_0_, user0_.user_created_at as user_cre2_21_0_, user0_.user_name as user_nam3_21_0_, user0_.user_phone_number as user_pho4_21_0_, user0_.user_user_id as user_use5_21_0_, user0_.user_user_password as user_use6_21_0_ from user user0_ where user0_.user_id=?
Hibernate: select character0_.character_id as characte1_6_0_, character0_.character_character_name as characte2_6_0_ from characters character0_ where character0_.character_id=?
Hibernate: select category0_.category_id as category1_5_0_, category0_.category_name as category2_5_0_ from category category0_ where category0_.category_id=?
Hibernate: select user0_.user_id as user_id1_21_0_, user0_.character_id as characte7_21_0_, user0_.user_created_at as user_cre2_21_0_, user0_.user_name as user_nam3_21_0_, user0_.user_phone_number as user_pho4_21_0_, user0_.user_user_id as user_use5_21_0_, user0_.user_user_password as user_use6_21_0_ from user user0_ where user0_.user_id=?
Hibernate: select commentlis0_.board_id as board_id5_7_0_, commentlis0_.comment_id as comment_1_7_0_, commentlis0_.comment_id as comment_1_7_1_, commentlis0_.board_id as board_id5_7_1_, commentlis0_.comment_content as comment_2_7_1_, commentlis0_.comment_created_at as comment_3_7_1_, commentlis0_.comment_last_modified_at as comment_4_7_1_, commentlis0_.user_id as user_id6_7_1_ from comment commentlis0_ where commentlis0_.board_id=?
Hibernate: select reactionli0_.board_id as board_id3_13_0_, reactionli0_.reaction_id as reaction1_13_0_, reactionli0_.reaction_id as reaction1_13_1_, reactionli0_.board_id as board_id3_13_1_, reactionli0_.reaction_type as reaction2_13_1_ from reaction reactionli0_ where reactionli0_.board_id=?
Hibernate: select commentlis0_.board_id as board_id5_7_0_, commentlis0_.comment_id as comment_1_7_0_, commentlis0_.comment_id as comment_1_7_1_, commentlis0_.board_id as board_id5_7_1_, commentlis0_.comment_content as comment_2_7_1_, commentlis0_.comment_created_at as comment_3_7_1_, commentlis0_.comment_last_modified_at as comment_4_7_1_, commentlis0_.user_id as user_id6_7_1_ from comment commentlis0_ where commentlis0_.board_id=?
Hibernate: select reactionli0_.board_id as board_id3_13_0_, reactionli0_.reaction_id as reaction1_13_0_, reactionli0_.reaction_id as reaction1_13_1_, reactionli0_.board_id as board_id3_13_1_, reactionli0_.reaction_type as reaction2_13_1_ from reaction reactionli0_ where reactionli0_.board_id=?
Hibernate: select commentlis0_.board_id as board_id5_7_0_, commentlis0_.comment_id as comment_1_7_0_, commentlis0_.comment_id as comment_1_7_1_, commentlis0_.board_id as board_id5_7_1_, commentlis0_.comment_content as comment_2_7_1_, commentlis0_.comment_created_at as comment_3_7_1_, commentlis0_.comment_last_modified_at as comment_4_7_1_, commentlis0_.user_id as user_id6_7_1_ from comment commentlis0_ where commentlis0_.board_id=?
Hibernate: select reactionli0_.board_id as board_id3_13_0_, reactionli0_.reaction_id as reaction1_13_0_, reactionli0_.reaction_id as reaction1_13_1_, reactionli0_.board_id as board_id3_13_1_, reactionli0_.reaction_type as reaction2_13_1_ from reaction reactionli0_ where reactionli0_.board_id=?
Hibernate: select commentlis0_.board_id as board_id5_7_0_, commentlis0_.comment_id as comment_1_7_0_, commentlis0_.comment_id as comment_1_7_1_, commentlis0_.board_id as board_id5_7_1_, commentlis0_.comment_content as comment_2_7_1_, commentlis0_.comment_created_at as comment_3_7_1_, commentlis0_.comment_last_modified_at as comment_4_7_1_, commentlis0_.user_id as user_id6_7_1_ from comment commentlis0_ where commentlis0_.board_id=?
Hibernate: select reactionli0_.board_id as board_id3_13_0_, reactionli0_.reaction_id as reaction1_13_0_, reactionli0_.reaction_id as reaction1_13_1_, reactionli0_.board_id as board_id3_13_1_, reactionli0_.reaction_type as reaction2_13_1_ from reaction reactionli0_ where reactionli0_.board_id=?
Hibernate: select commentlis0_.board_id as board_id5_7_0_, commentlis0_.comment_id as comment_1_7_0_, commentlis0_.comment_id as comment_1_7_1_, commentlis0_.board_id as board_id5_7_1_, commentlis0_.comment_content as comment_2_7_1_, commentlis0_.comment_created_at as comment_3_7_1_, commentlis0_.comment_last_modified_at as comment_4_7_1_, commentlis0_.user_id as user_id6_7_1_ from comment commentlis0_ where commentlis0_.board_id=?
Hibernate: select reactionli0_.board_id as board_id3_13_0_, reactionli0_.reaction_id as reaction1_13_0_, reactionli0_.reaction_id as reaction1_13_1_, reactionli0_.board_id as board_id3_13_1_, reactionli0_.reaction_type as reaction2_13_1_ from reaction reactionli0_ where reactionli0_.board_id=?
Hibernate: select user0_.user_id as user_id1_21_, user0_.character_id as characte7_21_, user0_.user_created_at as user_cre2_21_, user0_.user_name as user_nam3_21_, user0_.user_phone_number as user_pho4_21_, user0_.user_user_id as user_use5_21_, user0_.user_user_password as user_use6_21_ from user user0_
Hibernate: select rewardtagw0_.user_id as user_id4_16_0_, rewardtagw0_.reward_tag_wrapper_reward_id as reward_t1_16_0_, rewardtagw0_.reward_tag_wrapper_reward_id as reward_t1_16_1_, rewardtagw0_.reward_tag_wrapper_reward_presented_at as reward_t2_16_1_, rewardtagw0_.reward_tag_reward_tag_id as reward_t3_16_1_, rewardtagw0_.user_id as user_id4_16_1_ from reward_tag_wrapper rewardtagw0_ where rewardtagw0_.user_id=?
Hibernate: select rewardtagw0_.user_id as user_id4_16_0_, rewardtagw0_.reward_tag_wrapper_reward_id as reward_t1_16_0_, rewardtagw0_.reward_tag_wrapper_reward_id as reward_t1_16_1_, rewardtagw0_.reward_tag_wrapper_reward_presented_at as reward_t2_16_1_, rewardtagw0_.reward_tag_reward_tag_id as reward_t3_16_1_, rewardtagw0_.user_id as user_id4_16_1_ from reward_tag_wrapper rewardtagw0_ where rewardtagw0_.user_id=?
Hibernate: select category0_.category_id as category1_5_, category0_.category_name as category2_5_ from category category0_
Hibernate: select boardlist0_.category_id as category7_4_0_, boardlist0_.board_id as board_id1_4_0_, boardlist0_.board_id as board_id1_4_1_, boardlist0_.category_id as category7_4_1_, boardlist0_.board_content as board_co2_4_1_, boardlist0_.board_created_at as board_cr3_4_1_, boardlist0_.board_last_modified_at as board_la4_4_1_, boardlist0_.board_title as board_ti5_4_1_, boardlist0_.user_id as user_id8_4_1_, boardlist0_.board_views as board_vi6_4_1_ from board boardlist0_ where boardlist0_.category_id=?
Hibernate: select boardlist0_.category_id as category7_4_0_, boardlist0_.board_id as board_id1_4_0_, boardlist0_.board_id as board_id1_4_1_, boardlist0_.category_id as category7_4_1_, boardlist0_.board_content as board_co2_4_1_, boardlist0_.board_created_at as board_cr3_4_1_, boardlist0_.board_last_modified_at as board_la4_4_1_, boardlist0_.board_title as board_ti5_4_1_, boardlist0_.user_id as user_id8_4_1_, boardlist0_.board_views as board_vi6_4_1_ from board boardlist0_ where boardlist0_.category_id=?
Hibernate: select character0_.character_id as characte1_6_, character0_.character_character_name as characte2_6_ from characters character0_
2023-06-27 23:51:23.436  INFO 92765 --- [    Test worker] o.s.t.c.transaction.TransactionContext   : Rolled back transaction for test: [DefaultTestContext@c35172e testClass = BoardRepositoryTest, testInstance = org.waldreg.repository.board.BoardRepositoryTest@53654b2d, testMethod = GET_MAX_INDEX_BY_CONTENT_TEST@BoardRepositoryTest, testException = [null], mergedContextConfiguration = [MergedContextConfiguration@c2db68f testClass = BoardRepositoryTest, locations = '{}', classes = '{class org.waldreg.repository.board.BoardRepositoryServiceProvider, class org.waldreg.repository.board.CategoryRepositoryServiceProvider, class org.waldreg.repository.board.CommentRepositoryServiceProvider, class org.waldreg.repository.board.ReactionRepositoryServiceProvider, class org.waldreg.repository.board.mapper.BoardRepositoryMapper, class org.waldreg.repository.board.mapper.CategoryRepositoryMapper, class org.waldreg.repository.board.mapper.ReactionRepositoryMapper, class org.waldreg.repository.board.mapper.CommentRepositoryMapper, interface org.waldreg.repository.board.repository.JpaCharacterRepository, interface org.waldreg.repository.board.repository.JpaCategoryRepository, interface org.waldreg.repository.board.repository.JpaUserRepository, interface org.waldreg.repository.board.repository.JpaReactionRepository, interface org.waldreg.repository.board.repository.JpaReactionUserRepository, class org.waldreg.repository.board.BoardCommander, class org.waldreg.repository.board.CommentCommander, class org.waldreg.repository.board.FileNameCommander, class org.waldreg.repository.board.JpaBoardTestInitializer}', contextInitializerClasses = '[]', activeProfiles = '{}', propertySourceLocations = '{classpath:h2-application.properties}', propertySourceProperties = '{org.springframework.boot.test.autoconfigure.orm.jpa.DataJpaTestContextBootstrapper=true}', contextCustomizers = set[org.springframework.boot.test.autoconfigure.OverrideAutoConfigurationContextCustomizerFactory$DisableAutoConfigurationContextCustomizer@7776ab, org.springframework.boot.test.autoconfigure.actuate.metrics.MetricsExportContextCustomizerFactory$DisableMetricExportContextCustomizer@2f1de2d6, org.springframework.boot.test.autoconfigure.filter.TypeExcludeFiltersContextCustomizer@351584c0, org.springframework.boot.test.autoconfigure.properties.PropertyMappingContextCustomizer@cee9ad48, org.springframework.boot.test.autoconfigure.web.servlet.WebDriverContextCustomizerFactory$Customizer@691939c9, [ImportsContextCustomizer@3cc41abc key = [org.springframework.boot.autoconfigure.cache.CacheAutoConfiguration, org.springframework.boot.autoconfigure.data.jpa.JpaRepositoriesAutoConfiguration, org.springframework.boot.autoconfigure.flyway.FlywayAutoConfiguration, org.springframework.boot.autoconfigure.jdbc.DataSourceAutoConfiguration, org.springframework.boot.autoconfigure.jdbc.DataSourceTransactionManagerAutoConfiguration, org.springframework.boot.autoconfigure.jdbc.JdbcTemplateAutoConfiguration, org.springframework.boot.autoconfigure.liquibase.LiquibaseAutoConfiguration, org.springframework.boot.autoconfigure.orm.jpa.HibernateJpaAutoConfiguration, org.springframework.boot.autoconfigure.sql.init.SqlInitializationAutoConfiguration, org.springframework.boot.autoconfigure.transaction.TransactionAutoConfiguration, org.springframework.boot.test.autoconfigure.jdbc.TestDatabaseAutoConfiguration, org.springframework.boot.test.autoconfigure.orm.jpa.TestEntityManagerAutoConfiguration]], org.springframework.boot.test.context.filter.ExcludeFilterContextCustomizer@3d2ee678, org.springframework.boot.test.json.DuplicateJsonObjectContextCustomizerFactory$DuplicateJsonObjectContextCustomizer@2d6764b2, org.springframework.boot.test.mock.mockito.MockitoContextCustomizer@0, org.springframework.boot.test.context.SpringBootTestArgs@1, org.springframework.boot.test.context.SpringBootTestWebEnvironment@0], contextLoader = 'org.springframework.boot.test.context.SpringBootContextLoader', parent = [null]], attributes = map['org.springframework.test.context.event.ApplicationEventsTestExecutionListener.recordApplicationEvents' -> false]]
2023-06-27 23:51:23.437  INFO 92765 --- [    Test worker] o.s.t.c.transaction.TransactionContext   : Began transaction (1) for test context [DefaultTestContext@c35172e testClass = BoardRepositoryTest, testInstance = org.waldreg.repository.board.BoardRepositoryTest@1d884a19, testMethod = IS_EXIST_SUCCESS_TEST@BoardRepositoryTest, testException = [null], mergedContextConfiguration = [MergedContextConfiguration@c2db68f testClass = BoardRepositoryTest, locations = '{}', classes = '{class org.waldreg.repository.board.BoardRepositoryServiceProvider, class org.waldreg.repository.board.CategoryRepositoryServiceProvider, class org.waldreg.repository.board.CommentRepositoryServiceProvider, class org.waldreg.repository.board.ReactionRepositoryServiceProvider, class org.waldreg.repository.board.mapper.BoardRepositoryMapper, class org.waldreg.repository.board.mapper.CategoryRepositoryMapper, class org.waldreg.repository.board.mapper.ReactionRepositoryMapper, class org.waldreg.repository.board.mapper.CommentRepositoryMapper, interface org.waldreg.repository.board.repository.JpaCharacterRepository, interface org.waldreg.repository.board.repository.JpaCategoryRepository, interface org.waldreg.repository.board.repository.JpaUserRepository, interface org.waldreg.repository.board.repository.JpaReactionRepository, interface org.waldreg.repository.board.repository.JpaReactionUserRepository, class org.waldreg.repository.board.BoardCommander, class org.waldreg.repository.board.CommentCommander, class org.waldreg.repository.board.FileNameCommander, class org.waldreg.repository.board.JpaBoardTestInitializer}', contextInitializerClasses = '[]', activeProfiles = '{}', propertySourceLocations = '{classpath:h2-application.properties}', propertySourceProperties = '{org.springframework.boot.test.autoconfigure.orm.jpa.DataJpaTestContextBootstrapper=true}', contextCustomizers = set[org.springframework.boot.test.autoconfigure.OverrideAutoConfigurationContextCustomizerFactory$DisableAutoConfigurationContextCustomizer@7776ab, org.springframework.boot.test.autoconfigure.actuate.metrics.MetricsExportContextCustomizerFactory$DisableMetricExportContextCustomizer@2f1de2d6, org.springframework.boot.test.autoconfigure.filter.TypeExcludeFiltersContextCustomizer@351584c0, org.springframework.boot.test.autoconfigure.properties.PropertyMappingContextCustomizer@cee9ad48, org.springframework.boot.test.autoconfigure.web.servlet.WebDriverContextCustomizerFactory$Customizer@691939c9, [ImportsContextCustomizer@3cc41abc key = [org.springframework.boot.autoconfigure.cache.CacheAutoConfiguration, org.springframework.boot.autoconfigure.data.jpa.JpaRepositoriesAutoConfiguration, org.springframework.boot.autoconfigure.flyway.FlywayAutoConfiguration, org.springframework.boot.autoconfigure.jdbc.DataSourceAutoConfiguration, org.springframework.boot.autoconfigure.jdbc.DataSourceTransactionManagerAutoConfiguration, org.springframework.boot.autoconfigure.jdbc.JdbcTemplateAutoConfiguration, org.springframework.boot.autoconfigure.liquibase.LiquibaseAutoConfiguration, org.springframework.boot.autoconfigure.orm.jpa.HibernateJpaAutoConfiguration, org.springframework.boot.autoconfigure.sql.init.SqlInitializationAutoConfiguration, org.springframework.boot.autoconfigure.transaction.TransactionAutoConfiguration, org.springframework.boot.test.autoconfigure.jdbc.TestDatabaseAutoConfiguration, org.springframework.boot.test.autoconfigure.orm.jpa.TestEntityManagerAutoConfiguration]], org.springframework.boot.test.context.filter.ExcludeFilterContextCustomizer@3d2ee678, org.springframework.boot.test.json.DuplicateJsonObjectContextCustomizerFactory$DuplicateJsonObjectContextCustomizer@2d6764b2, org.springframework.boot.test.mock.mockito.MockitoContextCustomizer@0, org.springframework.boot.test.context.SpringBootTestArgs@1, org.springframework.boot.test.context.SpringBootTestWebEnvironment@0], contextLoader = 'org.springframework.boot.test.context.SpringBootContextLoader', parent = [null]], attributes = map['org.springframework.test.context.event.ApplicationEventsTestExecutionListener.recordApplicationEvents' -> false]]; transaction manager [org.springframework.orm.jpa.JpaTransactionManager@47f39279]; rollback [true]
Hibernate: select board0_.board_id as board_id1_4_, board0_.category_id as category7_4_, board0_.board_content as board_co2_4_, board0_.board_created_at as board_cr3_4_, board0_.board_last_modified_at as board_la4_4_, board0_.board_title as board_ti5_4_, board0_.user_id as user_id8_4_, board0_.board_views as board_vi6_4_ from board board0_
Hibernate: select user0_.user_id as user_id1_21_, user0_.character_id as characte7_21_, user0_.user_created_at as user_cre2_21_, user0_.user_name as user_nam3_21_, user0_.user_phone_number as user_pho4_21_, user0_.user_user_id as user_use5_21_, user0_.user_user_password as user_use6_21_ from user user0_
Hibernate: select category0_.category_id as category1_5_, category0_.category_name as category2_5_ from category category0_
Hibernate: select character0_.character_id as characte1_6_, character0_.character_character_name as characte2_6_ from characters character0_
Hibernate: insert into characters (character_id, character_character_name) values (default, ?)
Hibernate: insert into user (user_id, character_id, user_created_at, user_name, user_phone_number, user_user_id, user_user_password) values (default, ?, ?, ?, ?, ?, ?)
Hibernate: insert into category (category_id, category_name) values (default, ?)
Hibernate: select category0_.category_id as category1_5_, category0_.category_name as category2_5_ from category category0_
Hibernate: insert into board (board_id, category_id, board_content, board_created_at, board_last_modified_at, board_title, user_id, board_views) values (default, ?, ?, ?, ?, ?, ?, ?)
Hibernate: insert into reaction (reaction_id, board_id, reaction_type) values (default, ?, ?)
Hibernate: insert into reaction (reaction_id, board_id, reaction_type) values (default, ?, ?)
Hibernate: insert into reaction (reaction_id, board_id, reaction_type) values (default, ?, ?)
Hibernate: insert into reaction (reaction_id, board_id, reaction_type) values (default, ?, ?)
Hibernate: insert into reaction (reaction_id, board_id, reaction_type) values (default, ?, ?)
Hibernate: insert into reaction (reaction_id, board_id, reaction_type) values (default, ?, ?)
Hibernate: insert into file_path_list (board_board_id, board_file_path_list) values (?, ?)
Hibernate: insert into image_path_list (board_board_id, board_image_path_list) values (?, ?)
Hibernate: select count(*) as col_0_0_ from board board0_ where board0_.board_id=?
Hibernate: select board0_.board_id as board_id1_4_, board0_.category_id as category7_4_, board0_.board_content as board_co2_4_, board0_.board_created_at as board_cr3_4_, board0_.board_last_modified_at as board_la4_4_, board0_.board_title as board_ti5_4_, board0_.user_id as user_id8_4_, board0_.board_views as board_vi6_4_ from board board0_
Hibernate: select user0_.user_id as user_id1_21_, user0_.character_id as characte7_21_, user0_.user_created_at as user_cre2_21_, user0_.user_name as user_nam3_21_, user0_.user_phone_number as user_pho4_21_, user0_.user_user_id as user_use5_21_, user0_.user_user_password as user_use6_21_ from user user0_
Hibernate: select category0_.category_id as category1_5_, category0_.category_name as category2_5_ from category category0_
Hibernate: select character0_.character_id as characte1_6_, character0_.character_character_name as characte2_6_ from characters character0_
2023-06-27 23:51:23.443  INFO 92765 --- [    Test worker] o.s.t.c.transaction.TransactionContext   : Rolled back transaction for test: [DefaultTestContext@c35172e testClass = BoardRepositoryTest, testInstance = org.waldreg.repository.board.BoardRepositoryTest@1d884a19, testMethod = IS_EXIST_SUCCESS_TEST@BoardRepositoryTest, testException = [null], mergedContextConfiguration = [MergedContextConfiguration@c2db68f testClass = BoardRepositoryTest, locations = '{}', classes = '{class org.waldreg.repository.board.BoardRepositoryServiceProvider, class org.waldreg.repository.board.CategoryRepositoryServiceProvider, class org.waldreg.repository.board.CommentRepositoryServiceProvider, class org.waldreg.repository.board.ReactionRepositoryServiceProvider, class org.waldreg.repository.board.mapper.BoardRepositoryMapper, class org.waldreg.repository.board.mapper.CategoryRepositoryMapper, class org.waldreg.repository.board.mapper.ReactionRepositoryMapper, class org.waldreg.repository.board.mapper.CommentRepositoryMapper, interface org.waldreg.repository.board.repository.JpaCharacterRepository, interface org.waldreg.repository.board.repository.JpaCategoryRepository, interface org.waldreg.repository.board.repository.JpaUserRepository, interface org.waldreg.repository.board.repository.JpaReactionRepository, interface org.waldreg.repository.board.repository.JpaReactionUserRepository, class org.waldreg.repository.board.BoardCommander, class org.waldreg.repository.board.CommentCommander, class org.waldreg.repository.board.FileNameCommander, class org.waldreg.repository.board.JpaBoardTestInitializer}', contextInitializerClasses = '[]', activeProfiles = '{}', propertySourceLocations = '{classpath:h2-application.properties}', propertySourceProperties = '{org.springframework.boot.test.autoconfigure.orm.jpa.DataJpaTestContextBootstrapper=true}', contextCustomizers = set[org.springframework.boot.test.autoconfigure.OverrideAutoConfigurationContextCustomizerFactory$DisableAutoConfigurationContextCustomizer@7776ab, org.springframework.boot.test.autoconfigure.actuate.metrics.MetricsExportContextCustomizerFactory$DisableMetricExportContextCustomizer@2f1de2d6, org.springframework.boot.test.autoconfigure.filter.TypeExcludeFiltersContextCustomizer@351584c0, org.springframework.boot.test.autoconfigure.properties.PropertyMappingContextCustomizer@cee9ad48, org.springframework.boot.test.autoconfigure.web.servlet.WebDriverContextCustomizerFactory$Customizer@691939c9, [ImportsContextCustomizer@3cc41abc key = [org.springframework.boot.autoconfigure.cache.CacheAutoConfiguration, org.springframework.boot.autoconfigure.data.jpa.JpaRepositoriesAutoConfiguration, org.springframework.boot.autoconfigure.flyway.FlywayAutoConfiguration, org.springframework.boot.autoconfigure.jdbc.DataSourceAutoConfiguration, org.springframework.boot.autoconfigure.jdbc.DataSourceTransactionManagerAutoConfiguration, org.springframework.boot.autoconfigure.jdbc.JdbcTemplateAutoConfiguration, org.springframework.boot.autoconfigure.liquibase.LiquibaseAutoConfiguration, org.springframework.boot.autoconfigure.orm.jpa.HibernateJpaAutoConfiguration, org.springframework.boot.autoconfigure.sql.init.SqlInitializationAutoConfiguration, org.springframework.boot.autoconfigure.transaction.TransactionAutoConfiguration, org.springframework.boot.test.autoconfigure.jdbc.TestDatabaseAutoConfiguration, org.springframework.boot.test.autoconfigure.orm.jpa.TestEntityManagerAutoConfiguration]], org.springframework.boot.test.context.filter.ExcludeFilterContextCustomizer@3d2ee678, org.springframework.boot.test.json.DuplicateJsonObjectContextCustomizerFactory$DuplicateJsonObjectContextCustomizer@2d6764b2, org.springframework.boot.test.mock.mockito.MockitoContextCustomizer@0, org.springframework.boot.test.context.SpringBootTestArgs@1, org.springframework.boot.test.context.SpringBootTestWebEnvironment@0], contextLoader = 'org.springframework.boot.test.context.SpringBootContextLoader', parent = [null]], attributes = map['org.springframework.test.context.event.ApplicationEventsTestExecutionListener.recordApplicationEvents' -> false]]
2023-06-27 23:51:23.444  INFO 92765 --- [    Test worker] o.s.t.c.transaction.TransactionContext   : Began transaction (1) for test context [DefaultTestContext@c35172e testClass = BoardRepositoryTest, testInstance = org.waldreg.repository.board.BoardRepositoryTest@7c919e1e, testMethod = GET_MAX_INDEX_TEST@BoardRepositoryTest, testException = [null], mergedContextConfiguration = [MergedContextConfiguration@c2db68f testClass = BoardRepositoryTest, locations = '{}', classes = '{class org.waldreg.repository.board.BoardRepositoryServiceProvider, class org.waldreg.repository.board.CategoryRepositoryServiceProvider, class org.waldreg.repository.board.CommentRepositoryServiceProvider, class org.waldreg.repository.board.ReactionRepositoryServiceProvider, class org.waldreg.repository.board.mapper.BoardRepositoryMapper, class org.waldreg.repository.board.mapper.CategoryRepositoryMapper, class org.waldreg.repository.board.mapper.ReactionRepositoryMapper, class org.waldreg.repository.board.mapper.CommentRepositoryMapper, interface org.waldreg.repository.board.repository.JpaCharacterRepository, interface org.waldreg.repository.board.repository.JpaCategoryRepository, interface org.waldreg.repository.board.repository.JpaUserRepository, interface org.waldreg.repository.board.repository.JpaReactionRepository, interface org.waldreg.repository.board.repository.JpaReactionUserRepository, class org.waldreg.repository.board.BoardCommander, class org.waldreg.repository.board.CommentCommander, class org.waldreg.repository.board.FileNameCommander, class org.waldreg.repository.board.JpaBoardTestInitializer}', contextInitializerClasses = '[]', activeProfiles = '{}', propertySourceLocations = '{classpath:h2-application.properties}', propertySourceProperties = '{org.springframework.boot.test.autoconfigure.orm.jpa.DataJpaTestContextBootstrapper=true}', contextCustomizers = set[org.springframework.boot.test.autoconfigure.OverrideAutoConfigurationContextCustomizerFactory$DisableAutoConfigurationContextCustomizer@7776ab, org.springframework.boot.test.autoconfigure.actuate.metrics.MetricsExportContextCustomizerFactory$DisableMetricExportContextCustomizer@2f1de2d6, org.springframework.boot.test.autoconfigure.filter.TypeExcludeFiltersContextCustomizer@351584c0, org.springframework.boot.test.autoconfigure.properties.PropertyMappingContextCustomizer@cee9ad48, org.springframework.boot.test.autoconfigure.web.servlet.WebDriverContextCustomizerFactory$Customizer@691939c9, [ImportsContextCustomizer@3cc41abc key = [org.springframework.boot.autoconfigure.cache.CacheAutoConfiguration, org.springframework.boot.autoconfigure.data.jpa.JpaRepositoriesAutoConfiguration, org.springframework.boot.autoconfigure.flyway.FlywayAutoConfiguration, org.springframework.boot.autoconfigure.jdbc.DataSourceAutoConfiguration, org.springframework.boot.autoconfigure.jdbc.DataSourceTransactionManagerAutoConfiguration, org.springframework.boot.autoconfigure.jdbc.JdbcTemplateAutoConfiguration, org.springframework.boot.autoconfigure.liquibase.LiquibaseAutoConfiguration, org.springframework.boot.autoconfigure.orm.jpa.HibernateJpaAutoConfiguration, org.springframework.boot.autoconfigure.sql.init.SqlInitializationAutoConfiguration, org.springframework.boot.autoconfigure.transaction.TransactionAutoConfiguration, org.springframework.boot.test.autoconfigure.jdbc.TestDatabaseAutoConfiguration, org.springframework.boot.test.autoconfigure.orm.jpa.TestEntityManagerAutoConfiguration]], org.springframework.boot.test.context.filter.ExcludeFilterContextCustomizer@3d2ee678, org.springframework.boot.test.json.DuplicateJsonObjectContextCustomizerFactory$DuplicateJsonObjectContextCustomizer@2d6764b2, org.springframework.boot.test.mock.mockito.MockitoContextCustomizer@0, org.springframework.boot.test.context.SpringBootTestArgs@1, org.springframework.boot.test.context.SpringBootTestWebEnvironment@0], contextLoader = 'org.springframework.boot.test.context.SpringBootContextLoader', parent = [null]], attributes = map['org.springframework.test.context.event.ApplicationEventsTestExecutionListener.recordApplicationEvents' -> false]]; transaction manager [org.springframework.orm.jpa.JpaTransactionManager@47f39279]; rollback [true]
Hibernate: select board0_.board_id as board_id1_4_, board0_.category_id as category7_4_, board0_.board_content as board_co2_4_, board0_.board_created_at as board_cr3_4_, board0_.board_last_modified_at as board_la4_4_, board0_.board_title as board_ti5_4_, board0_.user_id as user_id8_4_, board0_.board_views as board_vi6_4_ from board board0_
Hibernate: select user0_.user_id as user_id1_21_, user0_.character_id as characte7_21_, user0_.user_created_at as user_cre2_21_, user0_.user_name as user_nam3_21_, user0_.user_phone_number as user_pho4_21_, user0_.user_user_id as user_use5_21_, user0_.user_user_password as user_use6_21_ from user user0_
Hibernate: select category0_.category_id as category1_5_, category0_.category_name as category2_5_ from category category0_
Hibernate: select character0_.character_id as characte1_6_, character0_.character_character_name as characte2_6_ from characters character0_
Hibernate: insert into characters (character_id, character_character_name) values (default, ?)
Hibernate: insert into user (user_id, character_id, user_created_at, user_name, user_phone_number, user_user_id, user_user_password) values (default, ?, ?, ?, ?, ?, ?)
Hibernate: insert into user (user_id, character_id, user_created_at, user_name, user_phone_number, user_user_id, user_user_password) values (default, ?, ?, ?, ?, ?, ?)
Hibernate: insert into category (category_id, category_name) values (default, ?)
Hibernate: insert into category (category_id, category_name) values (default, ?)
Hibernate: insert into board (board_id, category_id, board_content, board_created_at, board_last_modified_at, board_title, user_id, board_views) values (default, ?, ?, ?, ?, ?, ?, ?)
Hibernate: insert into board (board_id, category_id, board_content, board_created_at, board_last_modified_at, board_title, user_id, board_views) values (default, ?, ?, ?, ?, ?, ?, ?)
Hibernate: insert into board (board_id, category_id, board_content, board_created_at, board_last_modified_at, board_title, user_id, board_views) values (default, ?, ?, ?, ?, ?, ?, ?)
Hibernate: insert into board (board_id, category_id, board_content, board_created_at, board_last_modified_at, board_title, user_id, board_views) values (default, ?, ?, ?, ?, ?, ?, ?)
Hibernate: insert into board (board_id, category_id, board_content, board_created_at, board_last_modified_at, board_title, user_id, board_views) values (default, ?, ?, ?, ?, ?, ?, ?)
Hibernate: insert into file_path_list (board_board_id, board_file_path_list) values (?, ?)
Hibernate: insert into image_path_list (board_board_id, board_image_path_list) values (?, ?)
Hibernate: insert into file_path_list (board_board_id, board_file_path_list) values (?, ?)
Hibernate: insert into image_path_list (board_board_id, board_image_path_list) values (?, ?)
Hibernate: insert into file_path_list (board_board_id, board_file_path_list) values (?, ?)
Hibernate: insert into image_path_list (board_board_id, board_image_path_list) values (?, ?)
Hibernate: insert into file_path_list (board_board_id, board_file_path_list) values (?, ?)
Hibernate: insert into image_path_list (board_board_id, board_image_path_list) values (?, ?)
Hibernate: insert into file_path_list (board_board_id, board_file_path_list) values (?, ?)
Hibernate: insert into image_path_list (board_board_id, board_image_path_list) values (?, ?)
Hibernate: select count(*) as col_0_0_ from board board0_
Hibernate: select board0_.board_id as board_id1_4_, board0_.category_id as category7_4_, board0_.board_content as board_co2_4_, board0_.board_created_at as board_cr3_4_, board0_.board_last_modified_at as board_la4_4_, board0_.board_title as board_ti5_4_, board0_.user_id as user_id8_4_, board0_.board_views as board_vi6_4_ from board board0_
Hibernate: select category0_.category_id as category1_5_0_, category0_.category_name as category2_5_0_ from category category0_ where category0_.category_id=?
Hibernate: select user0_.user_id as user_id1_21_0_, user0_.character_id as characte7_21_0_, user0_.user_created_at as user_cre2_21_0_, user0_.user_name as user_nam3_21_0_, user0_.user_phone_number as user_pho4_21_0_, user0_.user_user_id as user_use5_21_0_, user0_.user_user_password as user_use6_21_0_ from user user0_ where user0_.user_id=?
Hibernate: select character0_.character_id as characte1_6_0_, character0_.character_character_name as characte2_6_0_ from characters character0_ where character0_.character_id=?
Hibernate: select category0_.category_id as category1_5_0_, category0_.category_name as category2_5_0_ from category category0_ where category0_.category_id=?
Hibernate: select user0_.user_id as user_id1_21_0_, user0_.character_id as characte7_21_0_, user0_.user_created_at as user_cre2_21_0_, user0_.user_name as user_nam3_21_0_, user0_.user_phone_number as user_pho4_21_0_, user0_.user_user_id as user_use5_21_0_, user0_.user_user_password as user_use6_21_0_ from user user0_ where user0_.user_id=?
Hibernate: select commentlis0_.board_id as board_id5_7_0_, commentlis0_.comment_id as comment_1_7_0_, commentlis0_.comment_id as comment_1_7_1_, commentlis0_.board_id as board_id5_7_1_, commentlis0_.comment_content as comment_2_7_1_, commentlis0_.comment_created_at as comment_3_7_1_, commentlis0_.comment_last_modified_at as comment_4_7_1_, commentlis0_.user_id as user_id6_7_1_ from comment commentlis0_ where commentlis0_.board_id=?
Hibernate: select reactionli0_.board_id as board_id3_13_0_, reactionli0_.reaction_id as reaction1_13_0_, reactionli0_.reaction_id as reaction1_13_1_, reactionli0_.board_id as board_id3_13_1_, reactionli0_.reaction_type as reaction2_13_1_ from reaction reactionli0_ where reactionli0_.board_id=?
Hibernate: select commentlis0_.board_id as board_id5_7_0_, commentlis0_.comment_id as comment_1_7_0_, commentlis0_.comment_id as comment_1_7_1_, commentlis0_.board_id as board_id5_7_1_, commentlis0_.comment_content as comment_2_7_1_, commentlis0_.comment_created_at as comment_3_7_1_, commentlis0_.comment_last_modified_at as comment_4_7_1_, commentlis0_.user_id as user_id6_7_1_ from comment commentlis0_ where commentlis0_.board_id=?
Hibernate: select reactionli0_.board_id as board_id3_13_0_, reactionli0_.reaction_id as reaction1_13_0_, reactionli0_.reaction_id as reaction1_13_1_, reactionli0_.board_id as board_id3_13_1_, reactionli0_.reaction_type as reaction2_13_1_ from reaction reactionli0_ where reactionli0_.board_id=?
Hibernate: select commentlis0_.board_id as board_id5_7_0_, commentlis0_.comment_id as comment_1_7_0_, commentlis0_.comment_id as comment_1_7_1_, commentlis0_.board_id as board_id5_7_1_, commentlis0_.comment_content as comment_2_7_1_, commentlis0_.comment_created_at as comment_3_7_1_, commentlis0_.comment_last_modified_at as comment_4_7_1_, commentlis0_.user_id as user_id6_7_1_ from comment commentlis0_ where commentlis0_.board_id=?
Hibernate: select reactionli0_.board_id as board_id3_13_0_, reactionli0_.reaction_id as reaction1_13_0_, reactionli0_.reaction_id as reaction1_13_1_, reactionli0_.board_id as board_id3_13_1_, reactionli0_.reaction_type as reaction2_13_1_ from reaction reactionli0_ where reactionli0_.board_id=?
Hibernate: select commentlis0_.board_id as board_id5_7_0_, commentlis0_.comment_id as comment_1_7_0_, commentlis0_.comment_id as comment_1_7_1_, commentlis0_.board_id as board_id5_7_1_, commentlis0_.comment_content as comment_2_7_1_, commentlis0_.comment_created_at as comment_3_7_1_, commentlis0_.comment_last_modified_at as comment_4_7_1_, commentlis0_.user_id as user_id6_7_1_ from comment commentlis0_ where commentlis0_.board_id=?
Hibernate: select reactionli0_.board_id as board_id3_13_0_, reactionli0_.reaction_id as reaction1_13_0_, reactionli0_.reaction_id as reaction1_13_1_, reactionli0_.board_id as board_id3_13_1_, reactionli0_.reaction_type as reaction2_13_1_ from reaction reactionli0_ where reactionli0_.board_id=?
Hibernate: select commentlis0_.board_id as board_id5_7_0_, commentlis0_.comment_id as comment_1_7_0_, commentlis0_.comment_id as comment_1_7_1_, commentlis0_.board_id as board_id5_7_1_, commentlis0_.comment_content as comment_2_7_1_, commentlis0_.comment_created_at as comment_3_7_1_, commentlis0_.comment_last_modified_at as comment_4_7_1_, commentlis0_.user_id as user_id6_7_1_ from comment commentlis0_ where commentlis0_.board_id=?
Hibernate: select reactionli0_.board_id as board_id3_13_0_, reactionli0_.reaction_id as reaction1_13_0_, reactionli0_.reaction_id as reaction1_13_1_, reactionli0_.board_id as board_id3_13_1_, reactionli0_.reaction_type as reaction2_13_1_ from reaction reactionli0_ where reactionli0_.board_id=?
Hibernate: select user0_.user_id as user_id1_21_, user0_.character_id as characte7_21_, user0_.user_created_at as user_cre2_21_, user0_.user_name as user_nam3_21_, user0_.user_phone_number as user_pho4_21_, user0_.user_user_id as user_use5_21_, user0_.user_user_password as user_use6_21_ from user user0_
Hibernate: select rewardtagw0_.user_id as user_id4_16_0_, rewardtagw0_.reward_tag_wrapper_reward_id as reward_t1_16_0_, rewardtagw0_.reward_tag_wrapper_reward_id as reward_t1_16_1_, rewardtagw0_.reward_tag_wrapper_reward_presented_at as reward_t2_16_1_, rewardtagw0_.reward_tag_reward_tag_id as reward_t3_16_1_, rewardtagw0_.user_id as user_id4_16_1_ from reward_tag_wrapper rewardtagw0_ where rewardtagw0_.user_id=?
Hibernate: select rewardtagw0_.user_id as user_id4_16_0_, rewardtagw0_.reward_tag_wrapper_reward_id as reward_t1_16_0_, rewardtagw0_.reward_tag_wrapper_reward_id as reward_t1_16_1_, rewardtagw0_.reward_tag_wrapper_reward_presented_at as reward_t2_16_1_, rewardtagw0_.reward_tag_reward_tag_id as reward_t3_16_1_, rewardtagw0_.user_id as user_id4_16_1_ from reward_tag_wrapper rewardtagw0_ where rewardtagw0_.user_id=?
Hibernate: select category0_.category_id as category1_5_, category0_.category_name as category2_5_ from category category0_
Hibernate: select boardlist0_.category_id as category7_4_0_, boardlist0_.board_id as board_id1_4_0_, boardlist0_.board_id as board_id1_4_1_, boardlist0_.category_id as category7_4_1_, boardlist0_.board_content as board_co2_4_1_, boardlist0_.board_created_at as board_cr3_4_1_, boardlist0_.board_last_modified_at as board_la4_4_1_, boardlist0_.board_title as board_ti5_4_1_, boardlist0_.user_id as user_id8_4_1_, boardlist0_.board_views as board_vi6_4_1_ from board boardlist0_ where boardlist0_.category_id=?
Hibernate: select boardlist0_.category_id as category7_4_0_, boardlist0_.board_id as board_id1_4_0_, boardlist0_.board_id as board_id1_4_1_, boardlist0_.category_id as category7_4_1_, boardlist0_.board_content as board_co2_4_1_, boardlist0_.board_created_at as board_cr3_4_1_, boardlist0_.board_last_modified_at as board_la4_4_1_, boardlist0_.board_title as board_ti5_4_1_, boardlist0_.user_id as user_id8_4_1_, boardlist0_.board_views as board_vi6_4_1_ from board boardlist0_ where boardlist0_.category_id=?
Hibernate: select character0_.character_id as characte1_6_, character0_.character_character_name as characte2_6_ from characters character0_
2023-06-27 23:51:23.452  INFO 92765 --- [    Test worker] o.s.t.c.transaction.TransactionContext   : Rolled back transaction for test: [DefaultTestContext@c35172e testClass = BoardRepositoryTest, testInstance = org.waldreg.repository.board.BoardRepositoryTest@7c919e1e, testMethod = GET_MAX_INDEX_TEST@BoardRepositoryTest, testException = [null], mergedContextConfiguration = [MergedContextConfiguration@c2db68f testClass = BoardRepositoryTest, locations = '{}', classes = '{class org.waldreg.repository.board.BoardRepositoryServiceProvider, class org.waldreg.repository.board.CategoryRepositoryServiceProvider, class org.waldreg.repository.board.CommentRepositoryServiceProvider, class org.waldreg.repository.board.ReactionRepositoryServiceProvider, class org.waldreg.repository.board.mapper.BoardRepositoryMapper, class org.waldreg.repository.board.mapper.CategoryRepositoryMapper, class org.waldreg.repository.board.mapper.ReactionRepositoryMapper, class org.waldreg.repository.board.mapper.CommentRepositoryMapper, interface org.waldreg.repository.board.repository.JpaCharacterRepository, interface org.waldreg.repository.board.repository.JpaCategoryRepository, interface org.waldreg.repository.board.repository.JpaUserRepository, interface org.waldreg.repository.board.repository.JpaReactionRepository, interface org.waldreg.repository.board.repository.JpaReactionUserRepository, class org.waldreg.repository.board.BoardCommander, class org.waldreg.repository.board.CommentCommander, class org.waldreg.repository.board.FileNameCommander, class org.waldreg.repository.board.JpaBoardTestInitializer}', contextInitializerClasses = '[]', activeProfiles = '{}', propertySourceLocations = '{classpath:h2-application.properties}', propertySourceProperties = '{org.springframework.boot.test.autoconfigure.orm.jpa.DataJpaTestContextBootstrapper=true}', contextCustomizers = set[org.springframework.boot.test.autoconfigure.OverrideAutoConfigurationContextCustomizerFactory$DisableAutoConfigurationContextCustomizer@7776ab, org.springframework.boot.test.autoconfigure.actuate.metrics.MetricsExportContextCustomizerFactory$DisableMetricExportContextCustomizer@2f1de2d6, org.springframework.boot.test.autoconfigure.filter.TypeExcludeFiltersContextCustomizer@351584c0, org.springframework.boot.test.autoconfigure.properties.PropertyMappingContextCustomizer@cee9ad48, org.springframework.boot.test.autoconfigure.web.servlet.WebDriverContextCustomizerFactory$Customizer@691939c9, [ImportsContextCustomizer@3cc41abc key = [org.springframework.boot.autoconfigure.cache.CacheAutoConfiguration, org.springframework.boot.autoconfigure.data.jpa.JpaRepositoriesAutoConfiguration, org.springframework.boot.autoconfigure.flyway.FlywayAutoConfiguration, org.springframework.boot.autoconfigure.jdbc.DataSourceAutoConfiguration, org.springframework.boot.autoconfigure.jdbc.DataSourceTransactionManagerAutoConfiguration, org.springframework.boot.autoconfigure.jdbc.JdbcTemplateAutoConfiguration, org.springframework.boot.autoconfigure.liquibase.LiquibaseAutoConfiguration, org.springframework.boot.autoconfigure.orm.jpa.HibernateJpaAutoConfiguration, org.springframework.boot.autoconfigure.sql.init.SqlInitializationAutoConfiguration, org.springframework.boot.autoconfigure.transaction.TransactionAutoConfiguration, org.springframework.boot.test.autoconfigure.jdbc.TestDatabaseAutoConfiguration, org.springframework.boot.test.autoconfigure.orm.jpa.TestEntityManagerAutoConfiguration]], org.springframework.boot.test.context.filter.ExcludeFilterContextCustomizer@3d2ee678, org.springframework.boot.test.json.DuplicateJsonObjectContextCustomizerFactory$DuplicateJsonObjectContextCustomizer@2d6764b2, org.springframework.boot.test.mock.mockito.MockitoContextCustomizer@0, org.springframework.boot.test.context.SpringBootTestArgs@1, org.springframework.boot.test.context.SpringBootTestWebEnvironment@0], contextLoader = 'org.springframework.boot.test.context.SpringBootContextLoader', parent = [null]], attributes = map['org.springframework.test.context.event.ApplicationEventsTestExecutionListener.recordApplicationEvents' -> false]]
2023-06-27 23:51:23.453  INFO 92765 --- [    Test worker] o.s.t.c.transaction.TransactionContext   : Began transaction (1) for test context [DefaultTestContext@c35172e testClass = BoardRepositoryTest, testInstance = org.waldreg.repository.board.BoardRepositoryTest@4425b6ed, testMethod = MODIFY_BOARD_SUCCESS_TEST@BoardRepositoryTest, testException = [null], mergedContextConfiguration = [MergedContextConfiguration@c2db68f testClass = BoardRepositoryTest, locations = '{}', classes = '{class org.waldreg.repository.board.BoardRepositoryServiceProvider, class org.waldreg.repository.board.CategoryRepositoryServiceProvider, class org.waldreg.repository.board.CommentRepositoryServiceProvider, class org.waldreg.repository.board.ReactionRepositoryServiceProvider, class org.waldreg.repository.board.mapper.BoardRepositoryMapper, class org.waldreg.repository.board.mapper.CategoryRepositoryMapper, class org.waldreg.repository.board.mapper.ReactionRepositoryMapper, class org.waldreg.repository.board.mapper.CommentRepositoryMapper, interface org.waldreg.repository.board.repository.JpaCharacterRepository, interface org.waldreg.repository.board.repository.JpaCategoryRepository, interface org.waldreg.repository.board.repository.JpaUserRepository, interface org.waldreg.repository.board.repository.JpaReactionRepository, interface org.waldreg.repository.board.repository.JpaReactionUserRepository, class org.waldreg.repository.board.BoardCommander, class org.waldreg.repository.board.CommentCommander, class org.waldreg.repository.board.FileNameCommander, class org.waldreg.repository.board.JpaBoardTestInitializer}', contextInitializerClasses = '[]', activeProfiles = '{}', propertySourceLocations = '{classpath:h2-application.properties}', propertySourceProperties = '{org.springframework.boot.test.autoconfigure.orm.jpa.DataJpaTestContextBootstrapper=true}', contextCustomizers = set[org.springframework.boot.test.autoconfigure.OverrideAutoConfigurationContextCustomizerFactory$DisableAutoConfigurationContextCustomizer@7776ab, org.springframework.boot.test.autoconfigure.actuate.metrics.MetricsExportContextCustomizerFactory$DisableMetricExportContextCustomizer@2f1de2d6, org.springframework.boot.test.autoconfigure.filter.TypeExcludeFiltersContextCustomizer@351584c0, org.springframework.boot.test.autoconfigure.properties.PropertyMappingContextCustomizer@cee9ad48, org.springframework.boot.test.autoconfigure.web.servlet.WebDriverContextCustomizerFactory$Customizer@691939c9, [ImportsContextCustomizer@3cc41abc key = [org.springframework.boot.autoconfigure.cache.CacheAutoConfiguration, org.springframework.boot.autoconfigure.data.jpa.JpaRepositoriesAutoConfiguration, org.springframework.boot.autoconfigure.flyway.FlywayAutoConfiguration, org.springframework.boot.autoconfigure.jdbc.DataSourceAutoConfiguration, org.springframework.boot.autoconfigure.jdbc.DataSourceTransactionManagerAutoConfiguration, org.springframework.boot.autoconfigure.jdbc.JdbcTemplateAutoConfiguration, org.springframework.boot.autoconfigure.liquibase.LiquibaseAutoConfiguration, org.springframework.boot.autoconfigure.orm.jpa.HibernateJpaAutoConfiguration, org.springframework.boot.autoconfigure.sql.init.SqlInitializationAutoConfiguration, org.springframework.boot.autoconfigure.transaction.TransactionAutoConfiguration, org.springframework.boot.test.autoconfigure.jdbc.TestDatabaseAutoConfiguration, org.springframework.boot.test.autoconfigure.orm.jpa.TestEntityManagerAutoConfiguration]], org.springframework.boot.test.context.filter.ExcludeFilterContextCustomizer@3d2ee678, org.springframework.boot.test.json.DuplicateJsonObjectContextCustomizerFactory$DuplicateJsonObjectContextCustomizer@2d6764b2, org.springframework.boot.test.mock.mockito.MockitoContextCustomizer@0, org.springframework.boot.test.context.SpringBootTestArgs@1, org.springframework.boot.test.context.SpringBootTestWebEnvironment@0], contextLoader = 'org.springframework.boot.test.context.SpringBootContextLoader', parent = [null]], attributes = map['org.springframework.test.context.event.ApplicationEventsTestExecutionListener.recordApplicationEvents' -> false]]; transaction manager [org.springframework.orm.jpa.JpaTransactionManager@47f39279]; rollback [true]
Hibernate: select board0_.board_id as board_id1_4_, board0_.category_id as category7_4_, board0_.board_content as board_co2_4_, board0_.board_created_at as board_cr3_4_, board0_.board_last_modified_at as board_la4_4_, board0_.board_title as board_ti5_4_, board0_.user_id as user_id8_4_, board0_.board_views as board_vi6_4_ from board board0_
Hibernate: select user0_.user_id as user_id1_21_, user0_.character_id as characte7_21_, user0_.user_created_at as user_cre2_21_, user0_.user_name as user_nam3_21_, user0_.user_phone_number as user_pho4_21_, user0_.user_user_id as user_use5_21_, user0_.user_user_password as user_use6_21_ from user user0_
Hibernate: select category0_.category_id as category1_5_, category0_.category_name as category2_5_ from category category0_
Hibernate: select character0_.character_id as characte1_6_, character0_.character_character_name as characte2_6_ from characters character0_
Hibernate: insert into characters (character_id, character_character_name) values (default, ?)
Hibernate: insert into user (user_id, character_id, user_created_at, user_name, user_phone_number, user_user_id, user_user_password) values (default, ?, ?, ?, ?, ?, ?)
Hibernate: insert into category (category_id, category_name) values (default, ?)
Hibernate: select category0_.category_id as category1_5_, category0_.category_name as category2_5_ from category category0_
Hibernate: insert into board (board_id, category_id, board_content, board_created_at, board_last_modified_at, board_title, user_id, board_views) values (default, ?, ?, ?, ?, ?, ?, ?)
Hibernate: insert into reaction (reaction_id, board_id, reaction_type) values (default, ?, ?)
Hibernate: insert into reaction (reaction_id, board_id, reaction_type) values (default, ?, ?)
Hibernate: insert into reaction (reaction_id, board_id, reaction_type) values (default, ?, ?)
Hibernate: insert into reaction (reaction_id, board_id, reaction_type) values (default, ?, ?)
Hibernate: insert into reaction (reaction_id, board_id, reaction_type) values (default, ?, ?)
Hibernate: insert into reaction (reaction_id, board_id, reaction_type) values (default, ?, ?)
Hibernate: insert into category (category_id, category_name) values (default, ?)
Hibernate: insert into file_path_list (board_board_id, board_file_path_list) values (?, ?)
Hibernate: insert into image_path_list (board_board_id, board_image_path_list) values (?, ?)
Hibernate: update board set category_id=?, board_content=?, board_created_at=?, board_last_modified_at=?, board_title=?, user_id=?, board_views=? where board_id=?
Hibernate: select board0_.board_id as board_id1_4_, board0_.category_id as category7_4_, board0_.board_content as board_co2_4_, board0_.board_created_at as board_cr3_4_, board0_.board_last_modified_at as board_la4_4_, board0_.board_title as board_ti5_4_, board0_.user_id as user_id8_4_, board0_.board_views as board_vi6_4_ from board board0_
Hibernate: select user0_.user_id as user_id1_21_, user0_.character_id as characte7_21_, user0_.user_created_at as user_cre2_21_, user0_.user_name as user_nam3_21_, user0_.user_phone_number as user_pho4_21_, user0_.user_user_id as user_use5_21_, user0_.user_user_password as user_use6_21_ from user user0_
Hibernate: select category0_.category_id as category1_5_, category0_.category_name as category2_5_ from category category0_
Hibernate: select character0_.character_id as characte1_6_, character0_.character_character_name as characte2_6_ from characters character0_
2023-06-27 23:51:23.459  INFO 92765 --- [    Test worker] o.s.t.c.transaction.TransactionContext   : Rolled back transaction for test: [DefaultTestContext@c35172e testClass = BoardRepositoryTest, testInstance = org.waldreg.repository.board.BoardRepositoryTest@4425b6ed, testMethod = MODIFY_BOARD_SUCCESS_TEST@BoardRepositoryTest, testException = [null], mergedContextConfiguration = [MergedContextConfiguration@c2db68f testClass = BoardRepositoryTest, locations = '{}', classes = '{class org.waldreg.repository.board.BoardRepositoryServiceProvider, class org.waldreg.repository.board.CategoryRepositoryServiceProvider, class org.waldreg.repository.board.CommentRepositoryServiceProvider, class org.waldreg.repository.board.ReactionRepositoryServiceProvider, class org.waldreg.repository.board.mapper.BoardRepositoryMapper, class org.waldreg.repository.board.mapper.CategoryRepositoryMapper, class org.waldreg.repository.board.mapper.ReactionRepositoryMapper, class org.waldreg.repository.board.mapper.CommentRepositoryMapper, interface org.waldreg.repository.board.repository.JpaCharacterRepository, interface org.waldreg.repository.board.repository.JpaCategoryRepository, interface org.waldreg.repository.board.repository.JpaUserRepository, interface org.waldreg.repository.board.repository.JpaReactionRepository, interface org.waldreg.repository.board.repository.JpaReactionUserRepository, class org.waldreg.repository.board.BoardCommander, class org.waldreg.repository.board.CommentCommander, class org.waldreg.repository.board.FileNameCommander, class org.waldreg.repository.board.JpaBoardTestInitializer}', contextInitializerClasses = '[]', activeProfiles = '{}', propertySourceLocations = '{classpath:h2-application.properties}', propertySourceProperties = '{org.springframework.boot.test.autoconfigure.orm.jpa.DataJpaTestContextBootstrapper=true}', contextCustomizers = set[org.springframework.boot.test.autoconfigure.OverrideAutoConfigurationContextCustomizerFactory$DisableAutoConfigurationContextCustomizer@7776ab, org.springframework.boot.test.autoconfigure.actuate.metrics.MetricsExportContextCustomizerFactory$DisableMetricExportContextCustomizer@2f1de2d6, org.springframework.boot.test.autoconfigure.filter.TypeExcludeFiltersContextCustomizer@351584c0, org.springframework.boot.test.autoconfigure.properties.PropertyMappingContextCustomizer@cee9ad48, org.springframework.boot.test.autoconfigure.web.servlet.WebDriverContextCustomizerFactory$Customizer@691939c9, [ImportsContextCustomizer@3cc41abc key = [org.springframework.boot.autoconfigure.cache.CacheAutoConfiguration, org.springframework.boot.autoconfigure.data.jpa.JpaRepositoriesAutoConfiguration, org.springframework.boot.autoconfigure.flyway.FlywayAutoConfiguration, org.springframework.boot.autoconfigure.jdbc.DataSourceAutoConfiguration, org.springframework.boot.autoconfigure.jdbc.DataSourceTransactionManagerAutoConfiguration, org.springframework.boot.autoconfigure.jdbc.JdbcTemplateAutoConfiguration, org.springframework.boot.autoconfigure.liquibase.LiquibaseAutoConfiguration, org.springframework.boot.autoconfigure.orm.jpa.HibernateJpaAutoConfiguration, org.springframework.boot.autoconfigure.sql.init.SqlInitializationAutoConfiguration, org.springframework.boot.autoconfigure.transaction.TransactionAutoConfiguration, org.springframework.boot.test.autoconfigure.jdbc.TestDatabaseAutoConfiguration, org.springframework.boot.test.autoconfigure.orm.jpa.TestEntityManagerAutoConfiguration]], org.springframework.boot.test.context.filter.ExcludeFilterContextCustomizer@3d2ee678, org.springframework.boot.test.json.DuplicateJsonObjectContextCustomizerFactory$DuplicateJsonObjectContextCustomizer@2d6764b2, org.springframework.boot.test.mock.mockito.MockitoContextCustomizer@0, org.springframework.boot.test.context.SpringBootTestArgs@1, org.springframework.boot.test.context.SpringBootTestWebEnvironment@0], contextLoader = 'org.springframework.boot.test.context.SpringBootContextLoader', parent = [null]], attributes = map['org.springframework.test.context.event.ApplicationEventsTestExecutionListener.recordApplicationEvents' -> false]]
]]></system-out>
  <system-err><![CDATA[]]></system-err>
</testsuite>
