<?xml version="1.0" encoding="UTF-8"?>
<testsuite name="org.waldreg.repository.board.repository.JpaReactionRepositoryTest" tests="4" skipped="0" failures="0" errors="0" timestamp="2023-06-27T14:36:36" hostname="xb-apple.local" time="0.029">
  <properties/>
  <testcase name="reaction 삭제 성공 - reaction id" classname="org.waldreg.repository.board.repository.JpaReactionRepositoryTest" time="0.009"/>
  <testcase name="리액션 조회 - boardId로 조회" classname="org.waldreg.repository.board.repository.JpaReactionRepositoryTest" time="0.006"/>
  <testcase name="리액션 수정 성공" classname="org.waldreg.repository.board.repository.JpaReactionRepositoryTest" time="0.01"/>
  <testcase name="리액션 생성 성공" classname="org.waldreg.repository.board.repository.JpaReactionRepositoryTest" time="0.004"/>
  <system-out><![CDATA[2023-06-27 23:36:36.050  INFO 90348 --- [    Test worker] b.t.a.o.j.DataJpaTestContextBootstrapper : Neither @ContextConfiguration nor @ContextHierarchy found for test class [org.waldreg.repository.board.repository.JpaReactionRepositoryTest], using SpringBootContextLoader
2023-06-27 23:36:36.050  INFO 90348 --- [    Test worker] o.s.t.c.support.AbstractContextLoader    : Could not detect default resource locations for test class [org.waldreg.repository.board.repository.JpaReactionRepositoryTest]: no resource found for suffixes {-context.xml, Context.groovy}.
2023-06-27 23:36:36.050  INFO 90348 --- [    Test worker] t.c.s.AnnotationConfigContextLoaderUtils : Could not detect default configuration classes for test class [org.waldreg.repository.board.repository.JpaReactionRepositoryTest]: JpaReactionRepositoryTest does not declare any static, non-private, non-final, nested classes annotated with @Configuration.
2023-06-27 23:36:36.051  INFO 90348 --- [    Test worker] .b.t.c.SpringBootTestContextBootstrapper : Found @SpringBootConfiguration org.waldreg.repository.board.JpaBoardTestInitializer for test class org.waldreg.repository.board.repository.JpaReactionRepositoryTest
2023-06-27 23:36:36.051  INFO 90348 --- [    Test worker] b.t.a.o.j.DataJpaTestContextBootstrapper : Loaded default TestExecutionListener class names from location [META-INF/spring.factories]: [org.springframework.boot.test.autoconfigure.restdocs.RestDocsTestExecutionListener, org.springframework.boot.test.autoconfigure.web.client.MockRestServiceServerResetTestExecutionListener, org.springframework.boot.test.autoconfigure.web.servlet.MockMvcPrintOnlyOnFailureTestExecutionListener, org.springframework.boot.test.autoconfigure.web.servlet.WebDriverTestExecutionListener, org.springframework.boot.test.autoconfigure.webservices.client.MockWebServiceServerTestExecutionListener, org.springframework.boot.test.mock.mockito.MockitoTestExecutionListener, org.springframework.boot.test.mock.mockito.ResetMocksTestExecutionListener, org.springframework.test.context.web.ServletTestExecutionListener, org.springframework.test.context.support.DirtiesContextBeforeModesTestExecutionListener, org.springframework.test.context.event.ApplicationEventsTestExecutionListener, org.springframework.test.context.support.DependencyInjectionTestExecutionListener, org.springframework.test.context.support.DirtiesContextTestExecutionListener, org.springframework.test.context.transaction.TransactionalTestExecutionListener, org.springframework.test.context.jdbc.SqlScriptsTestExecutionListener, org.springframework.test.context.event.EventPublishingTestExecutionListener]
2023-06-27 23:36:36.051  INFO 90348 --- [    Test worker] b.t.a.o.j.DataJpaTestContextBootstrapper : Using TestExecutionListeners: [org.springframework.test.context.web.ServletTestExecutionListener@11261fc9, org.springframework.test.context.support.DirtiesContextBeforeModesTestExecutionListener@273cb729, org.springframework.test.context.event.ApplicationEventsTestExecutionListener@76603c44, org.springframework.boot.test.mock.mockito.MockitoTestExecutionListener@398f6622, org.springframework.boot.test.autoconfigure.SpringBootDependencyInjectionTestExecutionListener@18f6ee8d, org.springframework.test.context.support.DirtiesContextTestExecutionListener@5a318745, org.springframework.test.context.transaction.TransactionalTestExecutionListener@2d44025b, org.springframework.test.context.jdbc.SqlScriptsTestExecutionListener@6fb8cfa7, org.springframework.test.context.event.EventPublishingTestExecutionListener@4015c65b, org.springframework.boot.test.autoconfigure.restdocs.RestDocsTestExecutionListener@16486ab3, org.springframework.boot.test.autoconfigure.web.client.MockRestServiceServerResetTestExecutionListener@1b13e4fb, org.springframework.boot.test.autoconfigure.web.servlet.MockMvcPrintOnlyOnFailureTestExecutionListener@327fd5c9, org.springframework.boot.test.autoconfigure.web.servlet.WebDriverTestExecutionListener@5cb6fac3, org.springframework.boot.test.autoconfigure.webservices.client.MockWebServiceServerTestExecutionListener@9fe1e14, org.springframework.boot.test.mock.mockito.ResetMocksTestExecutionListener@d4e17ec]
2023-06-27 23:36:36.053  INFO 90348 --- [    Test worker] o.s.t.c.transaction.TransactionContext   : Began transaction (1) for test context [DefaultTestContext@2806c788 testClass = JpaReactionRepositoryTest, testInstance = org.waldreg.repository.board.repository.JpaReactionRepositoryTest@4ef6177c, testMethod = DELETE_REACTION_BY_REACTION_ID_SUCCESS_TEST@JpaReactionRepositoryTest, testException = [null], mergedContextConfiguration = [MergedContextConfiguration@45b4d2ff testClass = JpaReactionRepositoryTest, locations = '{}', classes = '{class org.waldreg.repository.board.JpaBoardTestInitializer}', contextInitializerClasses = '[]', activeProfiles = '{}', propertySourceLocations = '{classpath:h2-application.properties}', propertySourceProperties = '{org.springframework.boot.test.autoconfigure.orm.jpa.DataJpaTestContextBootstrapper=true}', contextCustomizers = set[org.springframework.boot.test.autoconfigure.OverrideAutoConfigurationContextCustomizerFactory$DisableAutoConfigurationContextCustomizer@6f3c660a, org.springframework.boot.test.autoconfigure.actuate.metrics.MetricsExportContextCustomizerFactory$DisableMetricExportContextCustomizer@40238dd0, org.springframework.boot.test.autoconfigure.filter.TypeExcludeFiltersContextCustomizer@351584c0, org.springframework.boot.test.autoconfigure.properties.PropertyMappingContextCustomizer@e66cdf09, org.springframework.boot.test.autoconfigure.web.servlet.WebDriverContextCustomizerFactory$Customizer@22d7b4f8, [ImportsContextCustomizer@2aafd790 key = [org.springframework.boot.autoconfigure.cache.CacheAutoConfiguration, org.springframework.boot.autoconfigure.data.jpa.JpaRepositoriesAutoConfiguration, org.springframework.boot.autoconfigure.flyway.FlywayAutoConfiguration, org.springframework.boot.autoconfigure.jdbc.DataSourceAutoConfiguration, org.springframework.boot.autoconfigure.jdbc.DataSourceTransactionManagerAutoConfiguration, org.springframework.boot.autoconfigure.jdbc.JdbcTemplateAutoConfiguration, org.springframework.boot.autoconfigure.liquibase.LiquibaseAutoConfiguration, org.springframework.boot.autoconfigure.orm.jpa.HibernateJpaAutoConfiguration, org.springframework.boot.autoconfigure.sql.init.SqlInitializationAutoConfiguration, org.springframework.boot.autoconfigure.transaction.TransactionAutoConfiguration, org.springframework.boot.test.autoconfigure.jdbc.TestDatabaseAutoConfiguration, org.springframework.boot.test.autoconfigure.orm.jpa.TestEntityManagerAutoConfiguration]], org.springframework.boot.test.context.filter.ExcludeFilterContextCustomizer@eda25e5, org.springframework.boot.test.json.DuplicateJsonObjectContextCustomizerFactory$DuplicateJsonObjectContextCustomizer@39fcbef6, org.springframework.boot.test.mock.mockito.MockitoContextCustomizer@0, org.springframework.boot.test.context.SpringBootTestArgs@1, org.springframework.boot.test.context.SpringBootTestWebEnvironment@0], contextLoader = 'org.springframework.boot.test.context.SpringBootContextLoader', parent = [null]], attributes = map['org.springframework.test.context.event.ApplicationEventsTestExecutionListener.recordApplicationEvents' -> false]]; transaction manager [org.springframework.orm.jpa.JpaTransactionManager@40949bb0]; rollback [true]
Hibernate: select reactionus0_.reaction_user_id as reaction1_13_, reactionus0_.reaction_id as reaction2_13_, reactionus0_.user_id as user_id3_13_ from reaction_user reactionus0_
Hibernate: select reaction0_.reaction_id as reaction1_12_, reaction0_.board_id as board_id3_12_, reaction0_.reaction_type as reaction2_12_ from reaction reaction0_
Hibernate: select board0_.board_id as board_id1_4_, board0_.category_id as category7_4_, board0_.board_content as board_co2_4_, board0_.board_created_at as board_cr3_4_, board0_.board_last_modified_at as board_la4_4_, board0_.board_title as board_ti5_4_, board0_.user_id as user_id8_4_, board0_.board_views as board_vi6_4_ from board board0_
Hibernate: select user0_.user_id as user_id1_20_, user0_.character_id as characte7_20_, user0_.user_created_at as user_cre2_20_, user0_.user_name as user_nam3_20_, user0_.user_phone_number as user_pho4_20_, user0_.user_user_id as user_use5_20_, user0_.user_user_password as user_use6_20_ from user user0_
Hibernate: select category0_.category_id as category1_5_, category0_.category_name as category2_5_ from category category0_
Hibernate: select character0_.character_id as characte1_6_, character0_.character_character_name as characte2_6_ from characters character0_
Hibernate: insert into characters (character_id, character_character_name) values (default, ?)
Hibernate: insert into user (user_id, character_id, user_created_at, user_name, user_phone_number, user_user_id, user_user_password) values (default, ?, ?, ?, ?, ?, ?)
Hibernate: insert into category (category_id, category_name) values (default, ?)
Hibernate: insert into board (board_id, category_id, board_content, board_created_at, board_last_modified_at, board_title, user_id, board_views) values (default, ?, ?, ?, ?, ?, ?, ?)
Hibernate: insert into file_path_list (board_board_id, board_file_path_list) values (?, ?)
Hibernate: insert into image_path_list (board_board_id, board_image_path_list) values (?, ?)
Hibernate: select character0_.character_id as characte1_6_, character0_.character_character_name as characte2_6_ from characters character0_
Hibernate: insert into user (user_id, character_id, user_created_at, user_name, user_phone_number, user_user_id, user_user_password) values (default, ?, ?, ?, ?, ?, ?)
Hibernate: insert into reaction (reaction_id, board_id, reaction_type) values (default, ?, ?)
Hibernate: select reaction0_.reaction_id as reaction1_12_, reaction0_.board_id as board_id3_12_, reaction0_.reaction_type as reaction2_12_ from reaction reaction0_
Hibernate: select board0_.board_id as board_id1_4_0_, board0_.category_id as category7_4_0_, board0_.board_content as board_co2_4_0_, board0_.board_created_at as board_cr3_4_0_, board0_.board_last_modified_at as board_la4_4_0_, board0_.board_title as board_ti5_4_0_, board0_.user_id as user_id8_4_0_, board0_.board_views as board_vi6_4_0_ from board board0_ where board0_.board_id=?
Hibernate: select category0_.category_id as category1_5_0_, category0_.category_name as category2_5_0_ from category category0_ where category0_.category_id=?
Hibernate: select user0_.user_id as user_id1_20_0_, user0_.character_id as characte7_20_0_, user0_.user_created_at as user_cre2_20_0_, user0_.user_name as user_nam3_20_0_, user0_.user_phone_number as user_pho4_20_0_, user0_.user_user_id as user_use5_20_0_, user0_.user_user_password as user_use6_20_0_ from user user0_ where user0_.user_id=?
Hibernate: select character0_.character_id as characte1_6_0_, character0_.character_character_name as characte2_6_0_ from characters character0_ where character0_.character_id=?
Hibernate: insert into reaction_user (reaction_user_id, reaction_id, user_id) values (default, ?, ?)
Hibernate: select reactionus0_.reaction_id as reaction2_13_0_, reactionus0_.reaction_user_id as reaction1_13_0_, reactionus0_.reaction_user_id as reaction1_13_1_, reactionus0_.reaction_id as reaction2_13_1_, reactionus0_.user_id as user_id3_13_1_ from reaction_user reactionus0_ where reactionus0_.reaction_id=?
Hibernate: delete from reaction_user where reaction_user_id=?
Hibernate: delete from reaction where reaction_id=?
Hibernate: select count(*) as col_0_0_ from reaction reaction0_ where reaction0_.reaction_id=?
Hibernate: select count(*) as col_0_0_ from user user0_ where user0_.user_id=?
Hibernate: select count(*) as col_0_0_ from reaction_user reactionus0_ where reactionus0_.reaction_user_id=?
Hibernate: select reactionus0_.reaction_user_id as reaction1_13_, reactionus0_.reaction_id as reaction2_13_, reactionus0_.user_id as user_id3_13_ from reaction_user reactionus0_
Hibernate: select reaction0_.reaction_id as reaction1_12_, reaction0_.board_id as board_id3_12_, reaction0_.reaction_type as reaction2_12_ from reaction reaction0_
Hibernate: select board0_.board_id as board_id1_4_, board0_.category_id as category7_4_, board0_.board_content as board_co2_4_, board0_.board_created_at as board_cr3_4_, board0_.board_last_modified_at as board_la4_4_, board0_.board_title as board_ti5_4_, board0_.user_id as user_id8_4_, board0_.board_views as board_vi6_4_ from board board0_
Hibernate: select category0_.category_id as category1_5_0_, category0_.category_name as category2_5_0_ from category category0_ where category0_.category_id=?
Hibernate: select user0_.user_id as user_id1_20_0_, user0_.character_id as characte7_20_0_, user0_.user_created_at as user_cre2_20_0_, user0_.user_name as user_nam3_20_0_, user0_.user_phone_number as user_pho4_20_0_, user0_.user_user_id as user_use5_20_0_, user0_.user_user_password as user_use6_20_0_ from user user0_ where user0_.user_id=?
Hibernate: select character0_.character_id as characte1_6_0_, character0_.character_character_name as characte2_6_0_ from characters character0_ where character0_.character_id=?
Hibernate: select commentlis0_.board_id as board_id5_7_0_, commentlis0_.comment_id as comment_1_7_0_, commentlis0_.comment_id as comment_1_7_1_, commentlis0_.board_id as board_id5_7_1_, commentlis0_.comment_content as comment_2_7_1_, commentlis0_.comment_created_at as comment_3_7_1_, commentlis0_.comment_last_modified_at as comment_4_7_1_, commentlis0_.user_id as user_id6_7_1_ from comment commentlis0_ where commentlis0_.board_id=?
Hibernate: select reactionli0_.board_id as board_id3_12_0_, reactionli0_.reaction_id as reaction1_12_0_, reactionli0_.reaction_id as reaction1_12_1_, reactionli0_.board_id as board_id3_12_1_, reactionli0_.reaction_type as reaction2_12_1_ from reaction reactionli0_ where reactionli0_.board_id=?
Hibernate: select user0_.user_id as user_id1_20_, user0_.character_id as characte7_20_, user0_.user_created_at as user_cre2_20_, user0_.user_name as user_nam3_20_, user0_.user_phone_number as user_pho4_20_, user0_.user_user_id as user_use5_20_, user0_.user_user_password as user_use6_20_ from user user0_
Hibernate: select rewardtagw0_.user_id as user_id4_15_0_, rewardtagw0_.reward_tag_wrapper_reward_id as reward_t1_15_0_, rewardtagw0_.reward_tag_wrapper_reward_id as reward_t1_15_1_, rewardtagw0_.reward_tag_wrapper_reward_presented_at as reward_t2_15_1_, rewardtagw0_.reward_tag_reward_tag_id as reward_t3_15_1_, rewardtagw0_.user_id as user_id4_15_1_ from reward_tag_wrapper rewardtagw0_ where rewardtagw0_.user_id=?
Hibernate: select rewardtagw0_.user_id as user_id4_15_0_, rewardtagw0_.reward_tag_wrapper_reward_id as reward_t1_15_0_, rewardtagw0_.reward_tag_wrapper_reward_id as reward_t1_15_1_, rewardtagw0_.reward_tag_wrapper_reward_presented_at as reward_t2_15_1_, rewardtagw0_.reward_tag_reward_tag_id as reward_t3_15_1_, rewardtagw0_.user_id as user_id4_15_1_ from reward_tag_wrapper rewardtagw0_ where rewardtagw0_.user_id=?
Hibernate: select category0_.category_id as category1_5_, category0_.category_name as category2_5_ from category category0_
Hibernate: select boardlist0_.category_id as category7_4_0_, boardlist0_.board_id as board_id1_4_0_, boardlist0_.board_id as board_id1_4_1_, boardlist0_.category_id as category7_4_1_, boardlist0_.board_content as board_co2_4_1_, boardlist0_.board_created_at as board_cr3_4_1_, boardlist0_.board_last_modified_at as board_la4_4_1_, boardlist0_.board_title as board_ti5_4_1_, boardlist0_.user_id as user_id8_4_1_, boardlist0_.board_views as board_vi6_4_1_ from board boardlist0_ where boardlist0_.category_id=?
Hibernate: select character0_.character_id as characte1_6_, character0_.character_character_name as characte2_6_ from characters character0_
2023-06-27 23:36:36.061  INFO 90348 --- [    Test worker] o.s.t.c.transaction.TransactionContext   : Rolled back transaction for test: [DefaultTestContext@2806c788 testClass = JpaReactionRepositoryTest, testInstance = org.waldreg.repository.board.repository.JpaReactionRepositoryTest@4ef6177c, testMethod = DELETE_REACTION_BY_REACTION_ID_SUCCESS_TEST@JpaReactionRepositoryTest, testException = [null], mergedContextConfiguration = [MergedContextConfiguration@45b4d2ff testClass = JpaReactionRepositoryTest, locations = '{}', classes = '{class org.waldreg.repository.board.JpaBoardTestInitializer}', contextInitializerClasses = '[]', activeProfiles = '{}', propertySourceLocations = '{classpath:h2-application.properties}', propertySourceProperties = '{org.springframework.boot.test.autoconfigure.orm.jpa.DataJpaTestContextBootstrapper=true}', contextCustomizers = set[org.springframework.boot.test.autoconfigure.OverrideAutoConfigurationContextCustomizerFactory$DisableAutoConfigurationContextCustomizer@6f3c660a, org.springframework.boot.test.autoconfigure.actuate.metrics.MetricsExportContextCustomizerFactory$DisableMetricExportContextCustomizer@40238dd0, org.springframework.boot.test.autoconfigure.filter.TypeExcludeFiltersContextCustomizer@351584c0, org.springframework.boot.test.autoconfigure.properties.PropertyMappingContextCustomizer@e66cdf09, org.springframework.boot.test.autoconfigure.web.servlet.WebDriverContextCustomizerFactory$Customizer@22d7b4f8, [ImportsContextCustomizer@2aafd790 key = [org.springframework.boot.autoconfigure.cache.CacheAutoConfiguration, org.springframework.boot.autoconfigure.data.jpa.JpaRepositoriesAutoConfiguration, org.springframework.boot.autoconfigure.flyway.FlywayAutoConfiguration, org.springframework.boot.autoconfigure.jdbc.DataSourceAutoConfiguration, org.springframework.boot.autoconfigure.jdbc.DataSourceTransactionManagerAutoConfiguration, org.springframework.boot.autoconfigure.jdbc.JdbcTemplateAutoConfiguration, org.springframework.boot.autoconfigure.liquibase.LiquibaseAutoConfiguration, org.springframework.boot.autoconfigure.orm.jpa.HibernateJpaAutoConfiguration, org.springframework.boot.autoconfigure.sql.init.SqlInitializationAutoConfiguration, org.springframework.boot.autoconfigure.transaction.TransactionAutoConfiguration, org.springframework.boot.test.autoconfigure.jdbc.TestDatabaseAutoConfiguration, org.springframework.boot.test.autoconfigure.orm.jpa.TestEntityManagerAutoConfiguration]], org.springframework.boot.test.context.filter.ExcludeFilterContextCustomizer@eda25e5, org.springframework.boot.test.json.DuplicateJsonObjectContextCustomizerFactory$DuplicateJsonObjectContextCustomizer@39fcbef6, org.springframework.boot.test.mock.mockito.MockitoContextCustomizer@0, org.springframework.boot.test.context.SpringBootTestArgs@1, org.springframework.boot.test.context.SpringBootTestWebEnvironment@0], contextLoader = 'org.springframework.boot.test.context.SpringBootContextLoader', parent = [null]], attributes = map['org.springframework.test.context.event.ApplicationEventsTestExecutionListener.recordApplicationEvents' -> false]]
2023-06-27 23:36:36.062  INFO 90348 --- [    Test worker] o.s.t.c.transaction.TransactionContext   : Began transaction (1) for test context [DefaultTestContext@2806c788 testClass = JpaReactionRepositoryTest, testInstance = org.waldreg.repository.board.repository.JpaReactionRepositoryTest@5e9355a6, testMethod = INQUIRY_REACTION_LIST_BY_BOARD_ID_TEST@JpaReactionRepositoryTest, testException = [null], mergedContextConfiguration = [MergedContextConfiguration@45b4d2ff testClass = JpaReactionRepositoryTest, locations = '{}', classes = '{class org.waldreg.repository.board.JpaBoardTestInitializer}', contextInitializerClasses = '[]', activeProfiles = '{}', propertySourceLocations = '{classpath:h2-application.properties}', propertySourceProperties = '{org.springframework.boot.test.autoconfigure.orm.jpa.DataJpaTestContextBootstrapper=true}', contextCustomizers = set[org.springframework.boot.test.autoconfigure.OverrideAutoConfigurationContextCustomizerFactory$DisableAutoConfigurationContextCustomizer@6f3c660a, org.springframework.boot.test.autoconfigure.actuate.metrics.MetricsExportContextCustomizerFactory$DisableMetricExportContextCustomizer@40238dd0, org.springframework.boot.test.autoconfigure.filter.TypeExcludeFiltersContextCustomizer@351584c0, org.springframework.boot.test.autoconfigure.properties.PropertyMappingContextCustomizer@e66cdf09, org.springframework.boot.test.autoconfigure.web.servlet.WebDriverContextCustomizerFactory$Customizer@22d7b4f8, [ImportsContextCustomizer@2aafd790 key = [org.springframework.boot.autoconfigure.cache.CacheAutoConfiguration, org.springframework.boot.autoconfigure.data.jpa.JpaRepositoriesAutoConfiguration, org.springframework.boot.autoconfigure.flyway.FlywayAutoConfiguration, org.springframework.boot.autoconfigure.jdbc.DataSourceAutoConfiguration, org.springframework.boot.autoconfigure.jdbc.DataSourceTransactionManagerAutoConfiguration, org.springframework.boot.autoconfigure.jdbc.JdbcTemplateAutoConfiguration, org.springframework.boot.autoconfigure.liquibase.LiquibaseAutoConfiguration, org.springframework.boot.autoconfigure.orm.jpa.HibernateJpaAutoConfiguration, org.springframework.boot.autoconfigure.sql.init.SqlInitializationAutoConfiguration, org.springframework.boot.autoconfigure.transaction.TransactionAutoConfiguration, org.springframework.boot.test.autoconfigure.jdbc.TestDatabaseAutoConfiguration, org.springframework.boot.test.autoconfigure.orm.jpa.TestEntityManagerAutoConfiguration]], org.springframework.boot.test.context.filter.ExcludeFilterContextCustomizer@eda25e5, org.springframework.boot.test.json.DuplicateJsonObjectContextCustomizerFactory$DuplicateJsonObjectContextCustomizer@39fcbef6, org.springframework.boot.test.mock.mockito.MockitoContextCustomizer@0, org.springframework.boot.test.context.SpringBootTestArgs@1, org.springframework.boot.test.context.SpringBootTestWebEnvironment@0], contextLoader = 'org.springframework.boot.test.context.SpringBootContextLoader', parent = [null]], attributes = map['org.springframework.test.context.event.ApplicationEventsTestExecutionListener.recordApplicationEvents' -> false]]; transaction manager [org.springframework.orm.jpa.JpaTransactionManager@40949bb0]; rollback [true]
Hibernate: select reactionus0_.reaction_user_id as reaction1_13_, reactionus0_.reaction_id as reaction2_13_, reactionus0_.user_id as user_id3_13_ from reaction_user reactionus0_
Hibernate: select reaction0_.reaction_id as reaction1_12_, reaction0_.board_id as board_id3_12_, reaction0_.reaction_type as reaction2_12_ from reaction reaction0_
Hibernate: select board0_.board_id as board_id1_4_, board0_.category_id as category7_4_, board0_.board_content as board_co2_4_, board0_.board_created_at as board_cr3_4_, board0_.board_last_modified_at as board_la4_4_, board0_.board_title as board_ti5_4_, board0_.user_id as user_id8_4_, board0_.board_views as board_vi6_4_ from board board0_
Hibernate: select user0_.user_id as user_id1_20_, user0_.character_id as characte7_20_, user0_.user_created_at as user_cre2_20_, user0_.user_name as user_nam3_20_, user0_.user_phone_number as user_pho4_20_, user0_.user_user_id as user_use5_20_, user0_.user_user_password as user_use6_20_ from user user0_
Hibernate: select category0_.category_id as category1_5_, category0_.category_name as category2_5_ from category category0_
Hibernate: select character0_.character_id as characte1_6_, character0_.character_character_name as characte2_6_ from characters character0_
Hibernate: insert into characters (character_id, character_character_name) values (default, ?)
Hibernate: insert into user (user_id, character_id, user_created_at, user_name, user_phone_number, user_user_id, user_user_password) values (default, ?, ?, ?, ?, ?, ?)
Hibernate: insert into category (category_id, category_name) values (default, ?)
Hibernate: insert into board (board_id, category_id, board_content, board_created_at, board_last_modified_at, board_title, user_id, board_views) values (default, ?, ?, ?, ?, ?, ?, ?)
Hibernate: insert into file_path_list (board_board_id, board_file_path_list) values (?, ?)
Hibernate: insert into image_path_list (board_board_id, board_image_path_list) values (?, ?)
Hibernate: select character0_.character_id as characte1_6_, character0_.character_character_name as characte2_6_ from characters character0_
Hibernate: insert into user (user_id, character_id, user_created_at, user_name, user_phone_number, user_user_id, user_user_password) values (default, ?, ?, ?, ?, ?, ?)
Hibernate: insert into board (board_id, category_id, board_content, board_created_at, board_last_modified_at, board_title, user_id, board_views) values (default, ?, ?, ?, ?, ?, ?, ?)
Hibernate: insert into reaction (reaction_id, board_id, reaction_type) values (default, ?, ?)
Hibernate: insert into reaction (reaction_id, board_id, reaction_type) values (default, ?, ?)
Hibernate: insert into reaction (reaction_id, board_id, reaction_type) values (default, ?, ?)
Hibernate: select R.* from REACTION R where R.BOARD_ID = ?
Hibernate: select board0_.board_id as board_id1_4_0_, board0_.category_id as category7_4_0_, board0_.board_content as board_co2_4_0_, board0_.board_created_at as board_cr3_4_0_, board0_.board_last_modified_at as board_la4_4_0_, board0_.board_title as board_ti5_4_0_, board0_.user_id as user_id8_4_0_, board0_.board_views as board_vi6_4_0_ from board board0_ where board0_.board_id=?
Hibernate: select category0_.category_id as category1_5_0_, category0_.category_name as category2_5_0_ from category category0_ where category0_.category_id=?
Hibernate: select user0_.user_id as user_id1_20_0_, user0_.character_id as characte7_20_0_, user0_.user_created_at as user_cre2_20_0_, user0_.user_name as user_nam3_20_0_, user0_.user_phone_number as user_pho4_20_0_, user0_.user_user_id as user_use5_20_0_, user0_.user_user_password as user_use6_20_0_ from user user0_ where user0_.user_id=?
Hibernate: select character0_.character_id as characte1_6_0_, character0_.character_character_name as characte2_6_0_ from characters character0_ where character0_.character_id=?
Hibernate: select reactionus0_.reaction_user_id as reaction1_13_, reactionus0_.reaction_id as reaction2_13_, reactionus0_.user_id as user_id3_13_ from reaction_user reactionus0_
Hibernate: select reaction0_.reaction_id as reaction1_12_, reaction0_.board_id as board_id3_12_, reaction0_.reaction_type as reaction2_12_ from reaction reaction0_
Hibernate: select board0_.board_id as board_id1_4_0_, board0_.category_id as category7_4_0_, board0_.board_content as board_co2_4_0_, board0_.board_created_at as board_cr3_4_0_, board0_.board_last_modified_at as board_la4_4_0_, board0_.board_title as board_ti5_4_0_, board0_.user_id as user_id8_4_0_, board0_.board_views as board_vi6_4_0_ from board board0_ where board0_.board_id=?
Hibernate: select user0_.user_id as user_id1_20_0_, user0_.character_id as characte7_20_0_, user0_.user_created_at as user_cre2_20_0_, user0_.user_name as user_nam3_20_0_, user0_.user_phone_number as user_pho4_20_0_, user0_.user_user_id as user_use5_20_0_, user0_.user_user_password as user_use6_20_0_ from user user0_ where user0_.user_id=?
Hibernate: select reactionus0_.reaction_id as reaction2_13_0_, reactionus0_.reaction_user_id as reaction1_13_0_, reactionus0_.reaction_user_id as reaction1_13_1_, reactionus0_.reaction_id as reaction2_13_1_, reactionus0_.user_id as user_id3_13_1_ from reaction_user reactionus0_ where reactionus0_.reaction_id=?
Hibernate: select reactionus0_.reaction_id as reaction2_13_0_, reactionus0_.reaction_user_id as reaction1_13_0_, reactionus0_.reaction_user_id as reaction1_13_1_, reactionus0_.reaction_id as reaction2_13_1_, reactionus0_.user_id as user_id3_13_1_ from reaction_user reactionus0_ where reactionus0_.reaction_id=?
Hibernate: select reactionus0_.reaction_id as reaction2_13_0_, reactionus0_.reaction_user_id as reaction1_13_0_, reactionus0_.reaction_user_id as reaction1_13_1_, reactionus0_.reaction_id as reaction2_13_1_, reactionus0_.user_id as user_id3_13_1_ from reaction_user reactionus0_ where reactionus0_.reaction_id=?
Hibernate: select board0_.board_id as board_id1_4_, board0_.category_id as category7_4_, board0_.board_content as board_co2_4_, board0_.board_created_at as board_cr3_4_, board0_.board_last_modified_at as board_la4_4_, board0_.board_title as board_ti5_4_, board0_.user_id as user_id8_4_, board0_.board_views as board_vi6_4_ from board board0_
Hibernate: select commentlis0_.board_id as board_id5_7_0_, commentlis0_.comment_id as comment_1_7_0_, commentlis0_.comment_id as comment_1_7_1_, commentlis0_.board_id as board_id5_7_1_, commentlis0_.comment_content as comment_2_7_1_, commentlis0_.comment_created_at as comment_3_7_1_, commentlis0_.comment_last_modified_at as comment_4_7_1_, commentlis0_.user_id as user_id6_7_1_ from comment commentlis0_ where commentlis0_.board_id=?
Hibernate: select reactionli0_.board_id as board_id3_12_0_, reactionli0_.reaction_id as reaction1_12_0_, reactionli0_.reaction_id as reaction1_12_1_, reactionli0_.board_id as board_id3_12_1_, reactionli0_.reaction_type as reaction2_12_1_ from reaction reactionli0_ where reactionli0_.board_id=?
Hibernate: select commentlis0_.board_id as board_id5_7_0_, commentlis0_.comment_id as comment_1_7_0_, commentlis0_.comment_id as comment_1_7_1_, commentlis0_.board_id as board_id5_7_1_, commentlis0_.comment_content as comment_2_7_1_, commentlis0_.comment_created_at as comment_3_7_1_, commentlis0_.comment_last_modified_at as comment_4_7_1_, commentlis0_.user_id as user_id6_7_1_ from comment commentlis0_ where commentlis0_.board_id=?
Hibernate: select reactionli0_.board_id as board_id3_12_0_, reactionli0_.reaction_id as reaction1_12_0_, reactionli0_.reaction_id as reaction1_12_1_, reactionli0_.board_id as board_id3_12_1_, reactionli0_.reaction_type as reaction2_12_1_ from reaction reactionli0_ where reactionli0_.board_id=?
Hibernate: select user0_.user_id as user_id1_20_, user0_.character_id as characte7_20_, user0_.user_created_at as user_cre2_20_, user0_.user_name as user_nam3_20_, user0_.user_phone_number as user_pho4_20_, user0_.user_user_id as user_use5_20_, user0_.user_user_password as user_use6_20_ from user user0_
Hibernate: select rewardtagw0_.user_id as user_id4_15_0_, rewardtagw0_.reward_tag_wrapper_reward_id as reward_t1_15_0_, rewardtagw0_.reward_tag_wrapper_reward_id as reward_t1_15_1_, rewardtagw0_.reward_tag_wrapper_reward_presented_at as reward_t2_15_1_, rewardtagw0_.reward_tag_reward_tag_id as reward_t3_15_1_, rewardtagw0_.user_id as user_id4_15_1_ from reward_tag_wrapper rewardtagw0_ where rewardtagw0_.user_id=?
Hibernate: select rewardtagw0_.user_id as user_id4_15_0_, rewardtagw0_.reward_tag_wrapper_reward_id as reward_t1_15_0_, rewardtagw0_.reward_tag_wrapper_reward_id as reward_t1_15_1_, rewardtagw0_.reward_tag_wrapper_reward_presented_at as reward_t2_15_1_, rewardtagw0_.reward_tag_reward_tag_id as reward_t3_15_1_, rewardtagw0_.user_id as user_id4_15_1_ from reward_tag_wrapper rewardtagw0_ where rewardtagw0_.user_id=?
Hibernate: select category0_.category_id as category1_5_, category0_.category_name as category2_5_ from category category0_
Hibernate: select boardlist0_.category_id as category7_4_0_, boardlist0_.board_id as board_id1_4_0_, boardlist0_.board_id as board_id1_4_1_, boardlist0_.category_id as category7_4_1_, boardlist0_.board_content as board_co2_4_1_, boardlist0_.board_created_at as board_cr3_4_1_, boardlist0_.board_last_modified_at as board_la4_4_1_, boardlist0_.board_title as board_ti5_4_1_, boardlist0_.user_id as user_id8_4_1_, boardlist0_.board_views as board_vi6_4_1_ from board boardlist0_ where boardlist0_.category_id=?
Hibernate: select character0_.character_id as characte1_6_, character0_.character_character_name as characte2_6_ from characters character0_
2023-06-27 23:36:36.068  INFO 90348 --- [    Test worker] o.s.t.c.transaction.TransactionContext   : Rolled back transaction for test: [DefaultTestContext@2806c788 testClass = JpaReactionRepositoryTest, testInstance = org.waldreg.repository.board.repository.JpaReactionRepositoryTest@5e9355a6, testMethod = INQUIRY_REACTION_LIST_BY_BOARD_ID_TEST@JpaReactionRepositoryTest, testException = [null], mergedContextConfiguration = [MergedContextConfiguration@45b4d2ff testClass = JpaReactionRepositoryTest, locations = '{}', classes = '{class org.waldreg.repository.board.JpaBoardTestInitializer}', contextInitializerClasses = '[]', activeProfiles = '{}', propertySourceLocations = '{classpath:h2-application.properties}', propertySourceProperties = '{org.springframework.boot.test.autoconfigure.orm.jpa.DataJpaTestContextBootstrapper=true}', contextCustomizers = set[org.springframework.boot.test.autoconfigure.OverrideAutoConfigurationContextCustomizerFactory$DisableAutoConfigurationContextCustomizer@6f3c660a, org.springframework.boot.test.autoconfigure.actuate.metrics.MetricsExportContextCustomizerFactory$DisableMetricExportContextCustomizer@40238dd0, org.springframework.boot.test.autoconfigure.filter.TypeExcludeFiltersContextCustomizer@351584c0, org.springframework.boot.test.autoconfigure.properties.PropertyMappingContextCustomizer@e66cdf09, org.springframework.boot.test.autoconfigure.web.servlet.WebDriverContextCustomizerFactory$Customizer@22d7b4f8, [ImportsContextCustomizer@2aafd790 key = [org.springframework.boot.autoconfigure.cache.CacheAutoConfiguration, org.springframework.boot.autoconfigure.data.jpa.JpaRepositoriesAutoConfiguration, org.springframework.boot.autoconfigure.flyway.FlywayAutoConfiguration, org.springframework.boot.autoconfigure.jdbc.DataSourceAutoConfiguration, org.springframework.boot.autoconfigure.jdbc.DataSourceTransactionManagerAutoConfiguration, org.springframework.boot.autoconfigure.jdbc.JdbcTemplateAutoConfiguration, org.springframework.boot.autoconfigure.liquibase.LiquibaseAutoConfiguration, org.springframework.boot.autoconfigure.orm.jpa.HibernateJpaAutoConfiguration, org.springframework.boot.autoconfigure.sql.init.SqlInitializationAutoConfiguration, org.springframework.boot.autoconfigure.transaction.TransactionAutoConfiguration, org.springframework.boot.test.autoconfigure.jdbc.TestDatabaseAutoConfiguration, org.springframework.boot.test.autoconfigure.orm.jpa.TestEntityManagerAutoConfiguration]], org.springframework.boot.test.context.filter.ExcludeFilterContextCustomizer@eda25e5, org.springframework.boot.test.json.DuplicateJsonObjectContextCustomizerFactory$DuplicateJsonObjectContextCustomizer@39fcbef6, org.springframework.boot.test.mock.mockito.MockitoContextCustomizer@0, org.springframework.boot.test.context.SpringBootTestArgs@1, org.springframework.boot.test.context.SpringBootTestWebEnvironment@0], contextLoader = 'org.springframework.boot.test.context.SpringBootContextLoader', parent = [null]], attributes = map['org.springframework.test.context.event.ApplicationEventsTestExecutionListener.recordApplicationEvents' -> false]]
2023-06-27 23:36:36.069  INFO 90348 --- [    Test worker] o.s.t.c.transaction.TransactionContext   : Began transaction (1) for test context [DefaultTestContext@2806c788 testClass = JpaReactionRepositoryTest, testInstance = org.waldreg.repository.board.repository.JpaReactionRepositoryTest@106a6420, testMethod = MODIFY_REACTION_SUCCESS_TEST@JpaReactionRepositoryTest, testException = [null], mergedContextConfiguration = [MergedContextConfiguration@45b4d2ff testClass = JpaReactionRepositoryTest, locations = '{}', classes = '{class org.waldreg.repository.board.JpaBoardTestInitializer}', contextInitializerClasses = '[]', activeProfiles = '{}', propertySourceLocations = '{classpath:h2-application.properties}', propertySourceProperties = '{org.springframework.boot.test.autoconfigure.orm.jpa.DataJpaTestContextBootstrapper=true}', contextCustomizers = set[org.springframework.boot.test.autoconfigure.OverrideAutoConfigurationContextCustomizerFactory$DisableAutoConfigurationContextCustomizer@6f3c660a, org.springframework.boot.test.autoconfigure.actuate.metrics.MetricsExportContextCustomizerFactory$DisableMetricExportContextCustomizer@40238dd0, org.springframework.boot.test.autoconfigure.filter.TypeExcludeFiltersContextCustomizer@351584c0, org.springframework.boot.test.autoconfigure.properties.PropertyMappingContextCustomizer@e66cdf09, org.springframework.boot.test.autoconfigure.web.servlet.WebDriverContextCustomizerFactory$Customizer@22d7b4f8, [ImportsContextCustomizer@2aafd790 key = [org.springframework.boot.autoconfigure.cache.CacheAutoConfiguration, org.springframework.boot.autoconfigure.data.jpa.JpaRepositoriesAutoConfiguration, org.springframework.boot.autoconfigure.flyway.FlywayAutoConfiguration, org.springframework.boot.autoconfigure.jdbc.DataSourceAutoConfiguration, org.springframework.boot.autoconfigure.jdbc.DataSourceTransactionManagerAutoConfiguration, org.springframework.boot.autoconfigure.jdbc.JdbcTemplateAutoConfiguration, org.springframework.boot.autoconfigure.liquibase.LiquibaseAutoConfiguration, org.springframework.boot.autoconfigure.orm.jpa.HibernateJpaAutoConfiguration, org.springframework.boot.autoconfigure.sql.init.SqlInitializationAutoConfiguration, org.springframework.boot.autoconfigure.transaction.TransactionAutoConfiguration, org.springframework.boot.test.autoconfigure.jdbc.TestDatabaseAutoConfiguration, org.springframework.boot.test.autoconfigure.orm.jpa.TestEntityManagerAutoConfiguration]], org.springframework.boot.test.context.filter.ExcludeFilterContextCustomizer@eda25e5, org.springframework.boot.test.json.DuplicateJsonObjectContextCustomizerFactory$DuplicateJsonObjectContextCustomizer@39fcbef6, org.springframework.boot.test.mock.mockito.MockitoContextCustomizer@0, org.springframework.boot.test.context.SpringBootTestArgs@1, org.springframework.boot.test.context.SpringBootTestWebEnvironment@0], contextLoader = 'org.springframework.boot.test.context.SpringBootContextLoader', parent = [null]], attributes = map['org.springframework.test.context.event.ApplicationEventsTestExecutionListener.recordApplicationEvents' -> false]]; transaction manager [org.springframework.orm.jpa.JpaTransactionManager@40949bb0]; rollback [true]
Hibernate: select reactionus0_.reaction_user_id as reaction1_13_, reactionus0_.reaction_id as reaction2_13_, reactionus0_.user_id as user_id3_13_ from reaction_user reactionus0_
Hibernate: select reaction0_.reaction_id as reaction1_12_, reaction0_.board_id as board_id3_12_, reaction0_.reaction_type as reaction2_12_ from reaction reaction0_
Hibernate: select board0_.board_id as board_id1_4_, board0_.category_id as category7_4_, board0_.board_content as board_co2_4_, board0_.board_created_at as board_cr3_4_, board0_.board_last_modified_at as board_la4_4_, board0_.board_title as board_ti5_4_, board0_.user_id as user_id8_4_, board0_.board_views as board_vi6_4_ from board board0_
Hibernate: select user0_.user_id as user_id1_20_, user0_.character_id as characte7_20_, user0_.user_created_at as user_cre2_20_, user0_.user_name as user_nam3_20_, user0_.user_phone_number as user_pho4_20_, user0_.user_user_id as user_use5_20_, user0_.user_user_password as user_use6_20_ from user user0_
Hibernate: select category0_.category_id as category1_5_, category0_.category_name as category2_5_ from category category0_
Hibernate: select character0_.character_id as characte1_6_, character0_.character_character_name as characte2_6_ from characters character0_
Hibernate: insert into characters (character_id, character_character_name) values (default, ?)
Hibernate: insert into user (user_id, character_id, user_created_at, user_name, user_phone_number, user_user_id, user_user_password) values (default, ?, ?, ?, ?, ?, ?)
Hibernate: insert into category (category_id, category_name) values (default, ?)
Hibernate: insert into board (board_id, category_id, board_content, board_created_at, board_last_modified_at, board_title, user_id, board_views) values (default, ?, ?, ?, ?, ?, ?, ?)
Hibernate: insert into file_path_list (board_board_id, board_file_path_list) values (?, ?)
Hibernate: insert into image_path_list (board_board_id, board_image_path_list) values (?, ?)
Hibernate: select character0_.character_id as characte1_6_, character0_.character_character_name as characte2_6_ from characters character0_
Hibernate: insert into user (user_id, character_id, user_created_at, user_name, user_phone_number, user_user_id, user_user_password) values (default, ?, ?, ?, ?, ?, ?)
Hibernate: insert into reaction (reaction_id, board_id, reaction_type) values (default, ?, ?)
Hibernate: select reaction0_.reaction_id as reaction1_12_, reaction0_.board_id as board_id3_12_, reaction0_.reaction_type as reaction2_12_ from reaction reaction0_
Hibernate: select board0_.board_id as board_id1_4_0_, board0_.category_id as category7_4_0_, board0_.board_content as board_co2_4_0_, board0_.board_created_at as board_cr3_4_0_, board0_.board_last_modified_at as board_la4_4_0_, board0_.board_title as board_ti5_4_0_, board0_.user_id as user_id8_4_0_, board0_.board_views as board_vi6_4_0_ from board board0_ where board0_.board_id=?
Hibernate: select category0_.category_id as category1_5_0_, category0_.category_name as category2_5_0_ from category category0_ where category0_.category_id=?
Hibernate: select user0_.user_id as user_id1_20_0_, user0_.character_id as characte7_20_0_, user0_.user_created_at as user_cre2_20_0_, user0_.user_name as user_nam3_20_0_, user0_.user_phone_number as user_pho4_20_0_, user0_.user_user_id as user_use5_20_0_, user0_.user_user_password as user_use6_20_0_ from user user0_ where user0_.user_id=?
Hibernate: select character0_.character_id as characte1_6_0_, character0_.character_character_name as characte2_6_0_ from characters character0_ where character0_.character_id=?
Hibernate: insert into reaction_user (reaction_user_id, reaction_id, user_id) values (default, ?, ?)
Hibernate: select reactionus0_.reaction_id as reaction2_13_0_, reactionus0_.reaction_user_id as reaction1_13_0_, reactionus0_.reaction_user_id as reaction1_13_1_, reactionus0_.reaction_id as reaction2_13_1_, reactionus0_.user_id as user_id3_13_1_ from reaction_user reactionus0_ where reactionus0_.reaction_id=?
Hibernate: select reaction0_.reaction_id as reaction1_12_0_, reaction0_.board_id as board_id3_12_0_, reaction0_.reaction_type as reaction2_12_0_ from reaction reaction0_ where reaction0_.reaction_id=?
Hibernate: select board0_.board_id as board_id1_4_0_, board0_.category_id as category7_4_0_, board0_.board_content as board_co2_4_0_, board0_.board_created_at as board_cr3_4_0_, board0_.board_last_modified_at as board_la4_4_0_, board0_.board_title as board_ti5_4_0_, board0_.user_id as user_id8_4_0_, board0_.board_views as board_vi6_4_0_ from board board0_ where board0_.board_id=?
Hibernate: select category0_.category_id as category1_5_0_, category0_.category_name as category2_5_0_ from category category0_ where category0_.category_id=?
Hibernate: select user0_.user_id as user_id1_20_0_, user0_.character_id as characte7_20_0_, user0_.user_created_at as user_cre2_20_0_, user0_.user_name as user_nam3_20_0_, user0_.user_phone_number as user_pho4_20_0_, user0_.user_user_id as user_use5_20_0_, user0_.user_user_password as user_use6_20_0_ from user user0_ where user0_.user_id=?
Hibernate: select character0_.character_id as characte1_6_0_, character0_.character_character_name as characte2_6_0_ from characters character0_ where character0_.character_id=?
Hibernate: select reactionus0_.reaction_id as reaction2_13_0_, reactionus0_.reaction_user_id as reaction1_13_0_, reactionus0_.reaction_user_id as reaction1_13_1_, reactionus0_.reaction_id as reaction2_13_1_, reactionus0_.user_id as user_id3_13_1_ from reaction_user reactionus0_ where reactionus0_.reaction_id=?
Hibernate: select user0_.user_id as user_id1_20_0_, user0_.character_id as characte7_20_0_, user0_.user_created_at as user_cre2_20_0_, user0_.user_name as user_nam3_20_0_, user0_.user_phone_number as user_pho4_20_0_, user0_.user_user_id as user_use5_20_0_, user0_.user_user_password as user_use6_20_0_ from user user0_ where user0_.user_id=?
Hibernate: select reactionus0_.reaction_user_id as reaction1_13_, reactionus0_.reaction_id as reaction2_13_, reactionus0_.user_id as user_id3_13_ from reaction_user reactionus0_
Hibernate: select reaction0_.reaction_id as reaction1_12_, reaction0_.board_id as board_id3_12_, reaction0_.reaction_type as reaction2_12_ from reaction reaction0_
Hibernate: select board0_.board_id as board_id1_4_, board0_.category_id as category7_4_, board0_.board_content as board_co2_4_, board0_.board_created_at as board_cr3_4_, board0_.board_last_modified_at as board_la4_4_, board0_.board_title as board_ti5_4_, board0_.user_id as user_id8_4_, board0_.board_views as board_vi6_4_ from board board0_
Hibernate: select commentlis0_.board_id as board_id5_7_0_, commentlis0_.comment_id as comment_1_7_0_, commentlis0_.comment_id as comment_1_7_1_, commentlis0_.board_id as board_id5_7_1_, commentlis0_.comment_content as comment_2_7_1_, commentlis0_.comment_created_at as comment_3_7_1_, commentlis0_.comment_last_modified_at as comment_4_7_1_, commentlis0_.user_id as user_id6_7_1_ from comment commentlis0_ where commentlis0_.board_id=?
Hibernate: select reactionli0_.board_id as board_id3_12_0_, reactionli0_.reaction_id as reaction1_12_0_, reactionli0_.reaction_id as reaction1_12_1_, reactionli0_.board_id as board_id3_12_1_, reactionli0_.reaction_type as reaction2_12_1_ from reaction reactionli0_ where reactionli0_.board_id=?
Hibernate: select user0_.user_id as user_id1_20_, user0_.character_id as characte7_20_, user0_.user_created_at as user_cre2_20_, user0_.user_name as user_nam3_20_, user0_.user_phone_number as user_pho4_20_, user0_.user_user_id as user_use5_20_, user0_.user_user_password as user_use6_20_ from user user0_
Hibernate: select rewardtagw0_.user_id as user_id4_15_0_, rewardtagw0_.reward_tag_wrapper_reward_id as reward_t1_15_0_, rewardtagw0_.reward_tag_wrapper_reward_id as reward_t1_15_1_, rewardtagw0_.reward_tag_wrapper_reward_presented_at as reward_t2_15_1_, rewardtagw0_.reward_tag_reward_tag_id as reward_t3_15_1_, rewardtagw0_.user_id as user_id4_15_1_ from reward_tag_wrapper rewardtagw0_ where rewardtagw0_.user_id=?
Hibernate: select rewardtagw0_.user_id as user_id4_15_0_, rewardtagw0_.reward_tag_wrapper_reward_id as reward_t1_15_0_, rewardtagw0_.reward_tag_wrapper_reward_id as reward_t1_15_1_, rewardtagw0_.reward_tag_wrapper_reward_presented_at as reward_t2_15_1_, rewardtagw0_.reward_tag_reward_tag_id as reward_t3_15_1_, rewardtagw0_.user_id as user_id4_15_1_ from reward_tag_wrapper rewardtagw0_ where rewardtagw0_.user_id=?
Hibernate: select category0_.category_id as category1_5_, category0_.category_name as category2_5_ from category category0_
Hibernate: select boardlist0_.category_id as category7_4_0_, boardlist0_.board_id as board_id1_4_0_, boardlist0_.board_id as board_id1_4_1_, boardlist0_.category_id as category7_4_1_, boardlist0_.board_content as board_co2_4_1_, boardlist0_.board_created_at as board_cr3_4_1_, boardlist0_.board_last_modified_at as board_la4_4_1_, boardlist0_.board_title as board_ti5_4_1_, boardlist0_.user_id as user_id8_4_1_, boardlist0_.board_views as board_vi6_4_1_ from board boardlist0_ where boardlist0_.category_id=?
Hibernate: select character0_.character_id as characte1_6_, character0_.character_character_name as characte2_6_ from characters character0_
2023-06-27 23:36:36.078  INFO 90348 --- [    Test worker] o.s.t.c.transaction.TransactionContext   : Rolled back transaction for test: [DefaultTestContext@2806c788 testClass = JpaReactionRepositoryTest, testInstance = org.waldreg.repository.board.repository.JpaReactionRepositoryTest@106a6420, testMethod = MODIFY_REACTION_SUCCESS_TEST@JpaReactionRepositoryTest, testException = [null], mergedContextConfiguration = [MergedContextConfiguration@45b4d2ff testClass = JpaReactionRepositoryTest, locations = '{}', classes = '{class org.waldreg.repository.board.JpaBoardTestInitializer}', contextInitializerClasses = '[]', activeProfiles = '{}', propertySourceLocations = '{classpath:h2-application.properties}', propertySourceProperties = '{org.springframework.boot.test.autoconfigure.orm.jpa.DataJpaTestContextBootstrapper=true}', contextCustomizers = set[org.springframework.boot.test.autoconfigure.OverrideAutoConfigurationContextCustomizerFactory$DisableAutoConfigurationContextCustomizer@6f3c660a, org.springframework.boot.test.autoconfigure.actuate.metrics.MetricsExportContextCustomizerFactory$DisableMetricExportContextCustomizer@40238dd0, org.springframework.boot.test.autoconfigure.filter.TypeExcludeFiltersContextCustomizer@351584c0, org.springframework.boot.test.autoconfigure.properties.PropertyMappingContextCustomizer@e66cdf09, org.springframework.boot.test.autoconfigure.web.servlet.WebDriverContextCustomizerFactory$Customizer@22d7b4f8, [ImportsContextCustomizer@2aafd790 key = [org.springframework.boot.autoconfigure.cache.CacheAutoConfiguration, org.springframework.boot.autoconfigure.data.jpa.JpaRepositoriesAutoConfiguration, org.springframework.boot.autoconfigure.flyway.FlywayAutoConfiguration, org.springframework.boot.autoconfigure.jdbc.DataSourceAutoConfiguration, org.springframework.boot.autoconfigure.jdbc.DataSourceTransactionManagerAutoConfiguration, org.springframework.boot.autoconfigure.jdbc.JdbcTemplateAutoConfiguration, org.springframework.boot.autoconfigure.liquibase.LiquibaseAutoConfiguration, org.springframework.boot.autoconfigure.orm.jpa.HibernateJpaAutoConfiguration, org.springframework.boot.autoconfigure.sql.init.SqlInitializationAutoConfiguration, org.springframework.boot.autoconfigure.transaction.TransactionAutoConfiguration, org.springframework.boot.test.autoconfigure.jdbc.TestDatabaseAutoConfiguration, org.springframework.boot.test.autoconfigure.orm.jpa.TestEntityManagerAutoConfiguration]], org.springframework.boot.test.context.filter.ExcludeFilterContextCustomizer@eda25e5, org.springframework.boot.test.json.DuplicateJsonObjectContextCustomizerFactory$DuplicateJsonObjectContextCustomizer@39fcbef6, org.springframework.boot.test.mock.mockito.MockitoContextCustomizer@0, org.springframework.boot.test.context.SpringBootTestArgs@1, org.springframework.boot.test.context.SpringBootTestWebEnvironment@0], contextLoader = 'org.springframework.boot.test.context.SpringBootContextLoader', parent = [null]], attributes = map['org.springframework.test.context.event.ApplicationEventsTestExecutionListener.recordApplicationEvents' -> false]]
2023-06-27 23:36:36.079  INFO 90348 --- [    Test worker] o.s.t.c.transaction.TransactionContext   : Began transaction (1) for test context [DefaultTestContext@2806c788 testClass = JpaReactionRepositoryTest, testInstance = org.waldreg.repository.board.repository.JpaReactionRepositoryTest@30a34f07, testMethod = CREATE_REACTION_SUCCESS_TEST@JpaReactionRepositoryTest, testException = [null], mergedContextConfiguration = [MergedContextConfiguration@45b4d2ff testClass = JpaReactionRepositoryTest, locations = '{}', classes = '{class org.waldreg.repository.board.JpaBoardTestInitializer}', contextInitializerClasses = '[]', activeProfiles = '{}', propertySourceLocations = '{classpath:h2-application.properties}', propertySourceProperties = '{org.springframework.boot.test.autoconfigure.orm.jpa.DataJpaTestContextBootstrapper=true}', contextCustomizers = set[org.springframework.boot.test.autoconfigure.OverrideAutoConfigurationContextCustomizerFactory$DisableAutoConfigurationContextCustomizer@6f3c660a, org.springframework.boot.test.autoconfigure.actuate.metrics.MetricsExportContextCustomizerFactory$DisableMetricExportContextCustomizer@40238dd0, org.springframework.boot.test.autoconfigure.filter.TypeExcludeFiltersContextCustomizer@351584c0, org.springframework.boot.test.autoconfigure.properties.PropertyMappingContextCustomizer@e66cdf09, org.springframework.boot.test.autoconfigure.web.servlet.WebDriverContextCustomizerFactory$Customizer@22d7b4f8, [ImportsContextCustomizer@2aafd790 key = [org.springframework.boot.autoconfigure.cache.CacheAutoConfiguration, org.springframework.boot.autoconfigure.data.jpa.JpaRepositoriesAutoConfiguration, org.springframework.boot.autoconfigure.flyway.FlywayAutoConfiguration, org.springframework.boot.autoconfigure.jdbc.DataSourceAutoConfiguration, org.springframework.boot.autoconfigure.jdbc.DataSourceTransactionManagerAutoConfiguration, org.springframework.boot.autoconfigure.jdbc.JdbcTemplateAutoConfiguration, org.springframework.boot.autoconfigure.liquibase.LiquibaseAutoConfiguration, org.springframework.boot.autoconfigure.orm.jpa.HibernateJpaAutoConfiguration, org.springframework.boot.autoconfigure.sql.init.SqlInitializationAutoConfiguration, org.springframework.boot.autoconfigure.transaction.TransactionAutoConfiguration, org.springframework.boot.test.autoconfigure.jdbc.TestDatabaseAutoConfiguration, org.springframework.boot.test.autoconfigure.orm.jpa.TestEntityManagerAutoConfiguration]], org.springframework.boot.test.context.filter.ExcludeFilterContextCustomizer@eda25e5, org.springframework.boot.test.json.DuplicateJsonObjectContextCustomizerFactory$DuplicateJsonObjectContextCustomizer@39fcbef6, org.springframework.boot.test.mock.mockito.MockitoContextCustomizer@0, org.springframework.boot.test.context.SpringBootTestArgs@1, org.springframework.boot.test.context.SpringBootTestWebEnvironment@0], contextLoader = 'org.springframework.boot.test.context.SpringBootContextLoader', parent = [null]], attributes = map['org.springframework.test.context.event.ApplicationEventsTestExecutionListener.recordApplicationEvents' -> false]]; transaction manager [org.springframework.orm.jpa.JpaTransactionManager@40949bb0]; rollback [true]
Hibernate: select reactionus0_.reaction_user_id as reaction1_13_, reactionus0_.reaction_id as reaction2_13_, reactionus0_.user_id as user_id3_13_ from reaction_user reactionus0_
Hibernate: select reaction0_.reaction_id as reaction1_12_, reaction0_.board_id as board_id3_12_, reaction0_.reaction_type as reaction2_12_ from reaction reaction0_
Hibernate: select board0_.board_id as board_id1_4_, board0_.category_id as category7_4_, board0_.board_content as board_co2_4_, board0_.board_created_at as board_cr3_4_, board0_.board_last_modified_at as board_la4_4_, board0_.board_title as board_ti5_4_, board0_.user_id as user_id8_4_, board0_.board_views as board_vi6_4_ from board board0_
Hibernate: select user0_.user_id as user_id1_20_, user0_.character_id as characte7_20_, user0_.user_created_at as user_cre2_20_, user0_.user_name as user_nam3_20_, user0_.user_phone_number as user_pho4_20_, user0_.user_user_id as user_use5_20_, user0_.user_user_password as user_use6_20_ from user user0_
Hibernate: select category0_.category_id as category1_5_, category0_.category_name as category2_5_ from category category0_
Hibernate: select character0_.character_id as characte1_6_, character0_.character_character_name as characte2_6_ from characters character0_
Hibernate: insert into characters (character_id, character_character_name) values (default, ?)
Hibernate: insert into user (user_id, character_id, user_created_at, user_name, user_phone_number, user_user_id, user_user_password) values (default, ?, ?, ?, ?, ?, ?)
Hibernate: insert into category (category_id, category_name) values (default, ?)
Hibernate: insert into board (board_id, category_id, board_content, board_created_at, board_last_modified_at, board_title, user_id, board_views) values (default, ?, ?, ?, ?, ?, ?, ?)
Hibernate: insert into file_path_list (board_board_id, board_file_path_list) values (?, ?)
Hibernate: insert into image_path_list (board_board_id, board_image_path_list) values (?, ?)
Hibernate: select character0_.character_id as characte1_6_, character0_.character_character_name as characte2_6_ from characters character0_
Hibernate: insert into reaction (reaction_id, board_id, reaction_type) values (default, ?, ?)
Hibernate: select reactionus0_.reaction_user_id as reaction1_13_, reactionus0_.reaction_id as reaction2_13_, reactionus0_.user_id as user_id3_13_ from reaction_user reactionus0_
Hibernate: select reaction0_.reaction_id as reaction1_12_, reaction0_.board_id as board_id3_12_, reaction0_.reaction_type as reaction2_12_ from reaction reaction0_
Hibernate: select board0_.board_id as board_id1_4_, board0_.category_id as category7_4_, board0_.board_content as board_co2_4_, board0_.board_created_at as board_cr3_4_, board0_.board_last_modified_at as board_la4_4_, board0_.board_title as board_ti5_4_, board0_.user_id as user_id8_4_, board0_.board_views as board_vi6_4_ from board board0_
Hibernate: select category0_.category_id as category1_5_0_, category0_.category_name as category2_5_0_ from category category0_ where category0_.category_id=?
Hibernate: select user0_.user_id as user_id1_20_0_, user0_.character_id as characte7_20_0_, user0_.user_created_at as user_cre2_20_0_, user0_.user_name as user_nam3_20_0_, user0_.user_phone_number as user_pho4_20_0_, user0_.user_user_id as user_use5_20_0_, user0_.user_user_password as user_use6_20_0_ from user user0_ where user0_.user_id=?
Hibernate: select commentlis0_.board_id as board_id5_7_0_, commentlis0_.comment_id as comment_1_7_0_, commentlis0_.comment_id as comment_1_7_1_, commentlis0_.board_id as board_id5_7_1_, commentlis0_.comment_content as comment_2_7_1_, commentlis0_.comment_created_at as comment_3_7_1_, commentlis0_.comment_last_modified_at as comment_4_7_1_, commentlis0_.user_id as user_id6_7_1_ from comment commentlis0_ where commentlis0_.board_id=?
Hibernate: select reactionli0_.board_id as board_id3_12_0_, reactionli0_.reaction_id as reaction1_12_0_, reactionli0_.reaction_id as reaction1_12_1_, reactionli0_.board_id as board_id3_12_1_, reactionli0_.reaction_type as reaction2_12_1_ from reaction reactionli0_ where reactionli0_.board_id=?
Hibernate: select user0_.user_id as user_id1_20_, user0_.character_id as characte7_20_, user0_.user_created_at as user_cre2_20_, user0_.user_name as user_nam3_20_, user0_.user_phone_number as user_pho4_20_, user0_.user_user_id as user_use5_20_, user0_.user_user_password as user_use6_20_ from user user0_
Hibernate: select rewardtagw0_.user_id as user_id4_15_0_, rewardtagw0_.reward_tag_wrapper_reward_id as reward_t1_15_0_, rewardtagw0_.reward_tag_wrapper_reward_id as reward_t1_15_1_, rewardtagw0_.reward_tag_wrapper_reward_presented_at as reward_t2_15_1_, rewardtagw0_.reward_tag_reward_tag_id as reward_t3_15_1_, rewardtagw0_.user_id as user_id4_15_1_ from reward_tag_wrapper rewardtagw0_ where rewardtagw0_.user_id=?
Hibernate: select category0_.category_id as category1_5_, category0_.category_name as category2_5_ from category category0_
Hibernate: select boardlist0_.category_id as category7_4_0_, boardlist0_.board_id as board_id1_4_0_, boardlist0_.board_id as board_id1_4_1_, boardlist0_.category_id as category7_4_1_, boardlist0_.board_content as board_co2_4_1_, boardlist0_.board_created_at as board_cr3_4_1_, boardlist0_.board_last_modified_at as board_la4_4_1_, boardlist0_.board_title as board_ti5_4_1_, boardlist0_.user_id as user_id8_4_1_, boardlist0_.board_views as board_vi6_4_1_ from board boardlist0_ where boardlist0_.category_id=?
Hibernate: select character0_.character_id as characte1_6_, character0_.character_character_name as characte2_6_ from characters character0_
2023-06-27 23:36:36.082  INFO 90348 --- [    Test worker] o.s.t.c.transaction.TransactionContext   : Rolled back transaction for test: [DefaultTestContext@2806c788 testClass = JpaReactionRepositoryTest, testInstance = org.waldreg.repository.board.repository.JpaReactionRepositoryTest@30a34f07, testMethod = CREATE_REACTION_SUCCESS_TEST@JpaReactionRepositoryTest, testException = [null], mergedContextConfiguration = [MergedContextConfiguration@45b4d2ff testClass = JpaReactionRepositoryTest, locations = '{}', classes = '{class org.waldreg.repository.board.JpaBoardTestInitializer}', contextInitializerClasses = '[]', activeProfiles = '{}', propertySourceLocations = '{classpath:h2-application.properties}', propertySourceProperties = '{org.springframework.boot.test.autoconfigure.orm.jpa.DataJpaTestContextBootstrapper=true}', contextCustomizers = set[org.springframework.boot.test.autoconfigure.OverrideAutoConfigurationContextCustomizerFactory$DisableAutoConfigurationContextCustomizer@6f3c660a, org.springframework.boot.test.autoconfigure.actuate.metrics.MetricsExportContextCustomizerFactory$DisableMetricExportContextCustomizer@40238dd0, org.springframework.boot.test.autoconfigure.filter.TypeExcludeFiltersContextCustomizer@351584c0, org.springframework.boot.test.autoconfigure.properties.PropertyMappingContextCustomizer@e66cdf09, org.springframework.boot.test.autoconfigure.web.servlet.WebDriverContextCustomizerFactory$Customizer@22d7b4f8, [ImportsContextCustomizer@2aafd790 key = [org.springframework.boot.autoconfigure.cache.CacheAutoConfiguration, org.springframework.boot.autoconfigure.data.jpa.JpaRepositoriesAutoConfiguration, org.springframework.boot.autoconfigure.flyway.FlywayAutoConfiguration, org.springframework.boot.autoconfigure.jdbc.DataSourceAutoConfiguration, org.springframework.boot.autoconfigure.jdbc.DataSourceTransactionManagerAutoConfiguration, org.springframework.boot.autoconfigure.jdbc.JdbcTemplateAutoConfiguration, org.springframework.boot.autoconfigure.liquibase.LiquibaseAutoConfiguration, org.springframework.boot.autoconfigure.orm.jpa.HibernateJpaAutoConfiguration, org.springframework.boot.autoconfigure.sql.init.SqlInitializationAutoConfiguration, org.springframework.boot.autoconfigure.transaction.TransactionAutoConfiguration, org.springframework.boot.test.autoconfigure.jdbc.TestDatabaseAutoConfiguration, org.springframework.boot.test.autoconfigure.orm.jpa.TestEntityManagerAutoConfiguration]], org.springframework.boot.test.context.filter.ExcludeFilterContextCustomizer@eda25e5, org.springframework.boot.test.json.DuplicateJsonObjectContextCustomizerFactory$DuplicateJsonObjectContextCustomizer@39fcbef6, org.springframework.boot.test.mock.mockito.MockitoContextCustomizer@0, org.springframework.boot.test.context.SpringBootTestArgs@1, org.springframework.boot.test.context.SpringBootTestWebEnvironment@0], contextLoader = 'org.springframework.boot.test.context.SpringBootContextLoader', parent = [null]], attributes = map['org.springframework.test.context.event.ApplicationEventsTestExecutionListener.recordApplicationEvents' -> false]]
]]></system-out>
  <system-err><![CDATA[]]></system-err>
</testsuite>
