<?xml version="1.0" encoding="UTF-8"?>
<testsuite name="org.waldreg.repository.board.repository.JpaReactionUserRepositoryTest" tests="4" skipped="0" failures="0" errors="0" timestamp="2023-06-27T14:51:24" hostname="xb-apple.local" time="0.026">
  <properties/>
  <testcase name="리액션 유저 조회 - userId 와 reactionId 이용" classname="org.waldreg.repository.board.repository.JpaReactionUserRepositoryTest" time="0.005"/>
  <testcase name="리액션 유저가 존재하는지 확인 - userId 와 reactionId 이용" classname="org.waldreg.repository.board.repository.JpaReactionUserRepositoryTest" time="0.009"/>
  <testcase name="리액션 취소 성공" classname="org.waldreg.repository.board.repository.JpaReactionUserRepositoryTest" time="0.005"/>
  <testcase name="리액션 삭제시 전체 리액션 유저 삭제 성공" classname="org.waldreg.repository.board.repository.JpaReactionUserRepositoryTest" time="0.007"/>
  <system-out><![CDATA[2023-06-27 23:51:24.676  INFO 92765 --- [    Test worker] b.t.a.o.j.DataJpaTestContextBootstrapper : Neither @ContextConfiguration nor @ContextHierarchy found for test class [org.waldreg.repository.board.repository.JpaReactionUserRepositoryTest], using SpringBootContextLoader
2023-06-27 23:51:24.676  INFO 92765 --- [    Test worker] o.s.t.c.support.AbstractContextLoader    : Could not detect default resource locations for test class [org.waldreg.repository.board.repository.JpaReactionUserRepositoryTest]: no resource found for suffixes {-context.xml, Context.groovy}.
2023-06-27 23:51:24.676  INFO 92765 --- [    Test worker] t.c.s.AnnotationConfigContextLoaderUtils : Could not detect default configuration classes for test class [org.waldreg.repository.board.repository.JpaReactionUserRepositoryTest]: JpaReactionUserRepositoryTest does not declare any static, non-private, non-final, nested classes annotated with @Configuration.
2023-06-27 23:51:24.677  INFO 92765 --- [    Test worker] .b.t.c.SpringBootTestContextBootstrapper : Found @SpringBootConfiguration org.waldreg.repository.board.JpaBoardTestInitializer for test class org.waldreg.repository.board.repository.JpaReactionUserRepositoryTest
2023-06-27 23:51:24.677  INFO 92765 --- [    Test worker] b.t.a.o.j.DataJpaTestContextBootstrapper : Loaded default TestExecutionListener class names from location [META-INF/spring.factories]: [org.springframework.boot.test.autoconfigure.restdocs.RestDocsTestExecutionListener, org.springframework.boot.test.autoconfigure.web.client.MockRestServiceServerResetTestExecutionListener, org.springframework.boot.test.autoconfigure.web.servlet.MockMvcPrintOnlyOnFailureTestExecutionListener, org.springframework.boot.test.autoconfigure.web.servlet.WebDriverTestExecutionListener, org.springframework.boot.test.autoconfigure.webservices.client.MockWebServiceServerTestExecutionListener, org.springframework.boot.test.mock.mockito.MockitoTestExecutionListener, org.springframework.boot.test.mock.mockito.ResetMocksTestExecutionListener, org.springframework.test.context.web.ServletTestExecutionListener, org.springframework.test.context.support.DirtiesContextBeforeModesTestExecutionListener, org.springframework.test.context.event.ApplicationEventsTestExecutionListener, org.springframework.test.context.support.DependencyInjectionTestExecutionListener, org.springframework.test.context.support.DirtiesContextTestExecutionListener, org.springframework.test.context.transaction.TransactionalTestExecutionListener, org.springframework.test.context.jdbc.SqlScriptsTestExecutionListener, org.springframework.test.context.event.EventPublishingTestExecutionListener]
2023-06-27 23:51:24.677  INFO 92765 --- [    Test worker] b.t.a.o.j.DataJpaTestContextBootstrapper : Using TestExecutionListeners: [org.springframework.test.context.web.ServletTestExecutionListener@37ecff9, org.springframework.test.context.support.DirtiesContextBeforeModesTestExecutionListener@5901757, org.springframework.test.context.event.ApplicationEventsTestExecutionListener@ab98032, org.springframework.boot.test.mock.mockito.MockitoTestExecutionListener@78fd9a11, org.springframework.boot.test.autoconfigure.SpringBootDependencyInjectionTestExecutionListener@d0993f0, org.springframework.test.context.support.DirtiesContextTestExecutionListener@8a607a9, org.springframework.test.context.transaction.TransactionalTestExecutionListener@4ed8ae9f, org.springframework.test.context.jdbc.SqlScriptsTestExecutionListener@5a618847, org.springframework.test.context.event.EventPublishingTestExecutionListener@1b3606e8, org.springframework.boot.test.autoconfigure.restdocs.RestDocsTestExecutionListener@2395c168, org.springframework.boot.test.autoconfigure.web.client.MockRestServiceServerResetTestExecutionListener@28322fd3, org.springframework.boot.test.autoconfigure.web.servlet.MockMvcPrintOnlyOnFailureTestExecutionListener@7e47a922, org.springframework.boot.test.autoconfigure.web.servlet.WebDriverTestExecutionListener@556df144, org.springframework.boot.test.autoconfigure.webservices.client.MockWebServiceServerTestExecutionListener@58fef400, org.springframework.boot.test.mock.mockito.ResetMocksTestExecutionListener@618b147b]
2023-06-27 23:51:24.678  INFO 92765 --- [    Test worker] o.s.t.c.transaction.TransactionContext   : Began transaction (1) for test context [DefaultTestContext@50fd7d94 testClass = JpaReactionUserRepositoryTest, testInstance = org.waldreg.repository.board.repository.JpaReactionUserRepositoryTest@1377e395, testMethod = INQUIRY_REACTION_USER_BY_USER_USER_ID_AND_REACTION_ID@JpaReactionUserRepositoryTest, testException = [null], mergedContextConfiguration = [MergedContextConfiguration@6f3cf9ac testClass = JpaReactionUserRepositoryTest, locations = '{}', classes = '{class org.waldreg.repository.board.JpaBoardTestInitializer}', contextInitializerClasses = '[]', activeProfiles = '{}', propertySourceLocations = '{classpath:h2-application.properties}', propertySourceProperties = '{org.springframework.boot.test.autoconfigure.orm.jpa.DataJpaTestContextBootstrapper=true}', contextCustomizers = set[org.springframework.boot.test.autoconfigure.OverrideAutoConfigurationContextCustomizerFactory$DisableAutoConfigurationContextCustomizer@7776ab, org.springframework.boot.test.autoconfigure.actuate.metrics.MetricsExportContextCustomizerFactory$DisableMetricExportContextCustomizer@2f1de2d6, org.springframework.boot.test.autoconfigure.filter.TypeExcludeFiltersContextCustomizer@351584c0, org.springframework.boot.test.autoconfigure.properties.PropertyMappingContextCustomizer@cee9ad48, org.springframework.boot.test.autoconfigure.web.servlet.WebDriverContextCustomizerFactory$Customizer@691939c9, [ImportsContextCustomizer@33f17d3d key = [org.springframework.boot.autoconfigure.cache.CacheAutoConfiguration, org.springframework.boot.autoconfigure.data.jpa.JpaRepositoriesAutoConfiguration, org.springframework.boot.autoconfigure.flyway.FlywayAutoConfiguration, org.springframework.boot.autoconfigure.jdbc.DataSourceAutoConfiguration, org.springframework.boot.autoconfigure.jdbc.DataSourceTransactionManagerAutoConfiguration, org.springframework.boot.autoconfigure.jdbc.JdbcTemplateAutoConfiguration, org.springframework.boot.autoconfigure.liquibase.LiquibaseAutoConfiguration, org.springframework.boot.autoconfigure.orm.jpa.HibernateJpaAutoConfiguration, org.springframework.boot.autoconfigure.sql.init.SqlInitializationAutoConfiguration, org.springframework.boot.autoconfigure.transaction.TransactionAutoConfiguration, org.springframework.boot.test.autoconfigure.jdbc.TestDatabaseAutoConfiguration, org.springframework.boot.test.autoconfigure.orm.jpa.TestEntityManagerAutoConfiguration]], org.springframework.boot.test.context.filter.ExcludeFilterContextCustomizer@3d2ee678, org.springframework.boot.test.json.DuplicateJsonObjectContextCustomizerFactory$DuplicateJsonObjectContextCustomizer@2d6764b2, org.springframework.boot.test.mock.mockito.MockitoContextCustomizer@0, org.springframework.boot.test.context.SpringBootTestArgs@1, org.springframework.boot.test.context.SpringBootTestWebEnvironment@0], contextLoader = 'org.springframework.boot.test.context.SpringBootContextLoader', parent = [null]], attributes = map['org.springframework.test.context.event.ApplicationEventsTestExecutionListener.recordApplicationEvents' -> false]]; transaction manager [org.springframework.orm.jpa.JpaTransactionManager@5d52a17b]; rollback [true]
Hibernate: select reactionus0_.reaction_user_id as reaction1_14_, reactionus0_.reaction_id as reaction2_14_, reactionus0_.user_id as user_id3_14_ from reaction_user reactionus0_
Hibernate: select reaction0_.reaction_id as reaction1_13_, reaction0_.board_id as board_id3_13_, reaction0_.reaction_type as reaction2_13_ from reaction reaction0_
Hibernate: select board0_.board_id as board_id1_4_, board0_.category_id as category7_4_, board0_.board_content as board_co2_4_, board0_.board_created_at as board_cr3_4_, board0_.board_last_modified_at as board_la4_4_, board0_.board_title as board_ti5_4_, board0_.user_id as user_id8_4_, board0_.board_views as board_vi6_4_ from board board0_
Hibernate: select user0_.user_id as user_id1_21_, user0_.character_id as characte7_21_, user0_.user_created_at as user_cre2_21_, user0_.user_name as user_nam3_21_, user0_.user_phone_number as user_pho4_21_, user0_.user_user_id as user_use5_21_, user0_.user_user_password as user_use6_21_ from user user0_
Hibernate: select category0_.category_id as category1_5_, category0_.category_name as category2_5_ from category category0_
Hibernate: select character0_.character_id as characte1_6_, character0_.character_character_name as characte2_6_ from characters character0_
Hibernate: insert into characters (character_id, character_character_name) values (default, ?)
Hibernate: insert into user (user_id, character_id, user_created_at, user_name, user_phone_number, user_user_id, user_user_password) values (default, ?, ?, ?, ?, ?, ?)
Hibernate: insert into category (category_id, category_name) values (default, ?)
Hibernate: insert into board (board_id, category_id, board_content, board_created_at, board_last_modified_at, board_title, user_id, board_views) values (default, ?, ?, ?, ?, ?, ?, ?)
Hibernate: insert into file_path_list (board_board_id, board_file_path_list) values (?, ?)
Hibernate: insert into image_path_list (board_board_id, board_image_path_list) values (?, ?)
Hibernate: select character0_.character_id as characte1_6_, character0_.character_character_name as characte2_6_ from characters character0_
Hibernate: insert into user (user_id, character_id, user_created_at, user_name, user_phone_number, user_user_id, user_user_password) values (default, ?, ?, ?, ?, ?, ?)
Hibernate: insert into reaction (reaction_id, board_id, reaction_type) values (default, ?, ?)
Hibernate: insert into reaction_user (reaction_user_id, reaction_id, user_id) values (default, ?, ?)
Hibernate: select RU.* from REACTION_USER RU join User U, REACTION R where RU.USER_ID = U.USER_ID and R.REACTION_ID = RU.REACTION_ID and U.USER_USER_ID = ? and R.REACTION_ID = ?
Hibernate: select reaction0_.reaction_id as reaction1_13_0_, reaction0_.board_id as board_id3_13_0_, reaction0_.reaction_type as reaction2_13_0_ from reaction reaction0_ where reaction0_.reaction_id=?
Hibernate: select board0_.board_id as board_id1_4_0_, board0_.category_id as category7_4_0_, board0_.board_content as board_co2_4_0_, board0_.board_created_at as board_cr3_4_0_, board0_.board_last_modified_at as board_la4_4_0_, board0_.board_title as board_ti5_4_0_, board0_.user_id as user_id8_4_0_, board0_.board_views as board_vi6_4_0_ from board board0_ where board0_.board_id=?
Hibernate: select category0_.category_id as category1_5_0_, category0_.category_name as category2_5_0_ from category category0_ where category0_.category_id=?
Hibernate: select user0_.user_id as user_id1_21_0_, user0_.character_id as characte7_21_0_, user0_.user_created_at as user_cre2_21_0_, user0_.user_name as user_nam3_21_0_, user0_.user_phone_number as user_pho4_21_0_, user0_.user_user_id as user_use5_21_0_, user0_.user_user_password as user_use6_21_0_ from user user0_ where user0_.user_id=?
Hibernate: select character0_.character_id as characte1_6_0_, character0_.character_character_name as characte2_6_0_ from characters character0_ where character0_.character_id=?
Hibernate: select user0_.user_id as user_id1_21_0_, user0_.character_id as characte7_21_0_, user0_.user_created_at as user_cre2_21_0_, user0_.user_name as user_nam3_21_0_, user0_.user_phone_number as user_pho4_21_0_, user0_.user_user_id as user_use5_21_0_, user0_.user_user_password as user_use6_21_0_ from user user0_ where user0_.user_id=?
Hibernate: select reactionus0_.reaction_user_id as reaction1_14_, reactionus0_.reaction_id as reaction2_14_, reactionus0_.user_id as user_id3_14_ from reaction_user reactionus0_
Hibernate: select reaction0_.reaction_id as reaction1_13_, reaction0_.board_id as board_id3_13_, reaction0_.reaction_type as reaction2_13_ from reaction reaction0_
Hibernate: select reactionus0_.reaction_id as reaction2_14_0_, reactionus0_.reaction_user_id as reaction1_14_0_, reactionus0_.reaction_user_id as reaction1_14_1_, reactionus0_.reaction_id as reaction2_14_1_, reactionus0_.user_id as user_id3_14_1_ from reaction_user reactionus0_ where reactionus0_.reaction_id=?
Hibernate: select board0_.board_id as board_id1_4_, board0_.category_id as category7_4_, board0_.board_content as board_co2_4_, board0_.board_created_at as board_cr3_4_, board0_.board_last_modified_at as board_la4_4_, board0_.board_title as board_ti5_4_, board0_.user_id as user_id8_4_, board0_.board_views as board_vi6_4_ from board board0_
Hibernate: select commentlis0_.board_id as board_id5_7_0_, commentlis0_.comment_id as comment_1_7_0_, commentlis0_.comment_id as comment_1_7_1_, commentlis0_.board_id as board_id5_7_1_, commentlis0_.comment_content as comment_2_7_1_, commentlis0_.comment_created_at as comment_3_7_1_, commentlis0_.comment_last_modified_at as comment_4_7_1_, commentlis0_.user_id as user_id6_7_1_ from comment commentlis0_ where commentlis0_.board_id=?
Hibernate: select reactionli0_.board_id as board_id3_13_0_, reactionli0_.reaction_id as reaction1_13_0_, reactionli0_.reaction_id as reaction1_13_1_, reactionli0_.board_id as board_id3_13_1_, reactionli0_.reaction_type as reaction2_13_1_ from reaction reactionli0_ where reactionli0_.board_id=?
Hibernate: select user0_.user_id as user_id1_21_, user0_.character_id as characte7_21_, user0_.user_created_at as user_cre2_21_, user0_.user_name as user_nam3_21_, user0_.user_phone_number as user_pho4_21_, user0_.user_user_id as user_use5_21_, user0_.user_user_password as user_use6_21_ from user user0_
Hibernate: select rewardtagw0_.user_id as user_id4_16_0_, rewardtagw0_.reward_tag_wrapper_reward_id as reward_t1_16_0_, rewardtagw0_.reward_tag_wrapper_reward_id as reward_t1_16_1_, rewardtagw0_.reward_tag_wrapper_reward_presented_at as reward_t2_16_1_, rewardtagw0_.reward_tag_reward_tag_id as reward_t3_16_1_, rewardtagw0_.user_id as user_id4_16_1_ from reward_tag_wrapper rewardtagw0_ where rewardtagw0_.user_id=?
Hibernate: select rewardtagw0_.user_id as user_id4_16_0_, rewardtagw0_.reward_tag_wrapper_reward_id as reward_t1_16_0_, rewardtagw0_.reward_tag_wrapper_reward_id as reward_t1_16_1_, rewardtagw0_.reward_tag_wrapper_reward_presented_at as reward_t2_16_1_, rewardtagw0_.reward_tag_reward_tag_id as reward_t3_16_1_, rewardtagw0_.user_id as user_id4_16_1_ from reward_tag_wrapper rewardtagw0_ where rewardtagw0_.user_id=?
Hibernate: select category0_.category_id as category1_5_, category0_.category_name as category2_5_ from category category0_
Hibernate: select boardlist0_.category_id as category7_4_0_, boardlist0_.board_id as board_id1_4_0_, boardlist0_.board_id as board_id1_4_1_, boardlist0_.category_id as category7_4_1_, boardlist0_.board_content as board_co2_4_1_, boardlist0_.board_created_at as board_cr3_4_1_, boardlist0_.board_last_modified_at as board_la4_4_1_, boardlist0_.board_title as board_ti5_4_1_, boardlist0_.user_id as user_id8_4_1_, boardlist0_.board_views as board_vi6_4_1_ from board boardlist0_ where boardlist0_.category_id=?
Hibernate: select character0_.character_id as characte1_6_, character0_.character_character_name as characte2_6_ from characters character0_
2023-06-27 23:51:24.683  INFO 92765 --- [    Test worker] o.s.t.c.transaction.TransactionContext   : Rolled back transaction for test: [DefaultTestContext@50fd7d94 testClass = JpaReactionUserRepositoryTest, testInstance = org.waldreg.repository.board.repository.JpaReactionUserRepositoryTest@1377e395, testMethod = INQUIRY_REACTION_USER_BY_USER_USER_ID_AND_REACTION_ID@JpaReactionUserRepositoryTest, testException = [null], mergedContextConfiguration = [MergedContextConfiguration@6f3cf9ac testClass = JpaReactionUserRepositoryTest, locations = '{}', classes = '{class org.waldreg.repository.board.JpaBoardTestInitializer}', contextInitializerClasses = '[]', activeProfiles = '{}', propertySourceLocations = '{classpath:h2-application.properties}', propertySourceProperties = '{org.springframework.boot.test.autoconfigure.orm.jpa.DataJpaTestContextBootstrapper=true}', contextCustomizers = set[org.springframework.boot.test.autoconfigure.OverrideAutoConfigurationContextCustomizerFactory$DisableAutoConfigurationContextCustomizer@7776ab, org.springframework.boot.test.autoconfigure.actuate.metrics.MetricsExportContextCustomizerFactory$DisableMetricExportContextCustomizer@2f1de2d6, org.springframework.boot.test.autoconfigure.filter.TypeExcludeFiltersContextCustomizer@351584c0, org.springframework.boot.test.autoconfigure.properties.PropertyMappingContextCustomizer@cee9ad48, org.springframework.boot.test.autoconfigure.web.servlet.WebDriverContextCustomizerFactory$Customizer@691939c9, [ImportsContextCustomizer@33f17d3d key = [org.springframework.boot.autoconfigure.cache.CacheAutoConfiguration, org.springframework.boot.autoconfigure.data.jpa.JpaRepositoriesAutoConfiguration, org.springframework.boot.autoconfigure.flyway.FlywayAutoConfiguration, org.springframework.boot.autoconfigure.jdbc.DataSourceAutoConfiguration, org.springframework.boot.autoconfigure.jdbc.DataSourceTransactionManagerAutoConfiguration, org.springframework.boot.autoconfigure.jdbc.JdbcTemplateAutoConfiguration, org.springframework.boot.autoconfigure.liquibase.LiquibaseAutoConfiguration, org.springframework.boot.autoconfigure.orm.jpa.HibernateJpaAutoConfiguration, org.springframework.boot.autoconfigure.sql.init.SqlInitializationAutoConfiguration, org.springframework.boot.autoconfigure.transaction.TransactionAutoConfiguration, org.springframework.boot.test.autoconfigure.jdbc.TestDatabaseAutoConfiguration, org.springframework.boot.test.autoconfigure.orm.jpa.TestEntityManagerAutoConfiguration]], org.springframework.boot.test.context.filter.ExcludeFilterContextCustomizer@3d2ee678, org.springframework.boot.test.json.DuplicateJsonObjectContextCustomizerFactory$DuplicateJsonObjectContextCustomizer@2d6764b2, org.springframework.boot.test.mock.mockito.MockitoContextCustomizer@0, org.springframework.boot.test.context.SpringBootTestArgs@1, org.springframework.boot.test.context.SpringBootTestWebEnvironment@0], contextLoader = 'org.springframework.boot.test.context.SpringBootContextLoader', parent = [null]], attributes = map['org.springframework.test.context.event.ApplicationEventsTestExecutionListener.recordApplicationEvents' -> false]]
2023-06-27 23:51:24.684  INFO 92765 --- [    Test worker] o.s.t.c.transaction.TransactionContext   : Began transaction (1) for test context [DefaultTestContext@50fd7d94 testClass = JpaReactionUserRepositoryTest, testInstance = org.waldreg.repository.board.repository.JpaReactionUserRepositoryTest@3a07afe6, testMethod = IS_EXIST_REACTION_USER_TEST@JpaReactionUserRepositoryTest, testException = [null], mergedContextConfiguration = [MergedContextConfiguration@6f3cf9ac testClass = JpaReactionUserRepositoryTest, locations = '{}', classes = '{class org.waldreg.repository.board.JpaBoardTestInitializer}', contextInitializerClasses = '[]', activeProfiles = '{}', propertySourceLocations = '{classpath:h2-application.properties}', propertySourceProperties = '{org.springframework.boot.test.autoconfigure.orm.jpa.DataJpaTestContextBootstrapper=true}', contextCustomizers = set[org.springframework.boot.test.autoconfigure.OverrideAutoConfigurationContextCustomizerFactory$DisableAutoConfigurationContextCustomizer@7776ab, org.springframework.boot.test.autoconfigure.actuate.metrics.MetricsExportContextCustomizerFactory$DisableMetricExportContextCustomizer@2f1de2d6, org.springframework.boot.test.autoconfigure.filter.TypeExcludeFiltersContextCustomizer@351584c0, org.springframework.boot.test.autoconfigure.properties.PropertyMappingContextCustomizer@cee9ad48, org.springframework.boot.test.autoconfigure.web.servlet.WebDriverContextCustomizerFactory$Customizer@691939c9, [ImportsContextCustomizer@33f17d3d key = [org.springframework.boot.autoconfigure.cache.CacheAutoConfiguration, org.springframework.boot.autoconfigure.data.jpa.JpaRepositoriesAutoConfiguration, org.springframework.boot.autoconfigure.flyway.FlywayAutoConfiguration, org.springframework.boot.autoconfigure.jdbc.DataSourceAutoConfiguration, org.springframework.boot.autoconfigure.jdbc.DataSourceTransactionManagerAutoConfiguration, org.springframework.boot.autoconfigure.jdbc.JdbcTemplateAutoConfiguration, org.springframework.boot.autoconfigure.liquibase.LiquibaseAutoConfiguration, org.springframework.boot.autoconfigure.orm.jpa.HibernateJpaAutoConfiguration, org.springframework.boot.autoconfigure.sql.init.SqlInitializationAutoConfiguration, org.springframework.boot.autoconfigure.transaction.TransactionAutoConfiguration, org.springframework.boot.test.autoconfigure.jdbc.TestDatabaseAutoConfiguration, org.springframework.boot.test.autoconfigure.orm.jpa.TestEntityManagerAutoConfiguration]], org.springframework.boot.test.context.filter.ExcludeFilterContextCustomizer@3d2ee678, org.springframework.boot.test.json.DuplicateJsonObjectContextCustomizerFactory$DuplicateJsonObjectContextCustomizer@2d6764b2, org.springframework.boot.test.mock.mockito.MockitoContextCustomizer@0, org.springframework.boot.test.context.SpringBootTestArgs@1, org.springframework.boot.test.context.SpringBootTestWebEnvironment@0], contextLoader = 'org.springframework.boot.test.context.SpringBootContextLoader', parent = [null]], attributes = map['org.springframework.test.context.event.ApplicationEventsTestExecutionListener.recordApplicationEvents' -> false]]; transaction manager [org.springframework.orm.jpa.JpaTransactionManager@5d52a17b]; rollback [true]
Hibernate: select reactionus0_.reaction_user_id as reaction1_14_, reactionus0_.reaction_id as reaction2_14_, reactionus0_.user_id as user_id3_14_ from reaction_user reactionus0_
Hibernate: select reaction0_.reaction_id as reaction1_13_, reaction0_.board_id as board_id3_13_, reaction0_.reaction_type as reaction2_13_ from reaction reaction0_
Hibernate: select board0_.board_id as board_id1_4_, board0_.category_id as category7_4_, board0_.board_content as board_co2_4_, board0_.board_created_at as board_cr3_4_, board0_.board_last_modified_at as board_la4_4_, board0_.board_title as board_ti5_4_, board0_.user_id as user_id8_4_, board0_.board_views as board_vi6_4_ from board board0_
Hibernate: select user0_.user_id as user_id1_21_, user0_.character_id as characte7_21_, user0_.user_created_at as user_cre2_21_, user0_.user_name as user_nam3_21_, user0_.user_phone_number as user_pho4_21_, user0_.user_user_id as user_use5_21_, user0_.user_user_password as user_use6_21_ from user user0_
Hibernate: select category0_.category_id as category1_5_, category0_.category_name as category2_5_ from category category0_
Hibernate: select character0_.character_id as characte1_6_, character0_.character_character_name as characte2_6_ from characters character0_
Hibernate: insert into characters (character_id, character_character_name) values (default, ?)
Hibernate: insert into user (user_id, character_id, user_created_at, user_name, user_phone_number, user_user_id, user_user_password) values (default, ?, ?, ?, ?, ?, ?)
Hibernate: insert into category (category_id, category_name) values (default, ?)
Hibernate: insert into board (board_id, category_id, board_content, board_created_at, board_last_modified_at, board_title, user_id, board_views) values (default, ?, ?, ?, ?, ?, ?, ?)
Hibernate: insert into file_path_list (board_board_id, board_file_path_list) values (?, ?)
Hibernate: insert into image_path_list (board_board_id, board_image_path_list) values (?, ?)
Hibernate: select character0_.character_id as characte1_6_, character0_.character_character_name as characte2_6_ from characters character0_
Hibernate: insert into user (user_id, character_id, user_created_at, user_name, user_phone_number, user_user_id, user_user_password) values (default, ?, ?, ?, ?, ?, ?)
Hibernate: insert into reaction (reaction_id, board_id, reaction_type) values (default, ?, ?)
Hibernate: insert into reaction_user (reaction_user_id, reaction_id, user_id) values (default, ?, ?)
Hibernate: select reactionus0_.reaction_user_id as col_0_0_ from reaction_user reactionus0_ inner join user user1_ on reactionus0_.user_id=user1_.user_id inner join reaction reaction2_ on reactionus0_.reaction_id=reaction2_.reaction_id where user1_.user_user_id=? and reaction2_.reaction_id=? limit ?
Hibernate: select reactionus0_.reaction_user_id as reaction1_14_, reactionus0_.reaction_id as reaction2_14_, reactionus0_.user_id as user_id3_14_ from reaction_user reactionus0_
Hibernate: select reaction0_.reaction_id as reaction1_13_0_, reaction0_.board_id as board_id3_13_0_, reaction0_.reaction_type as reaction2_13_0_ from reaction reaction0_ where reaction0_.reaction_id=?
Hibernate: select board0_.board_id as board_id1_4_0_, board0_.category_id as category7_4_0_, board0_.board_content as board_co2_4_0_, board0_.board_created_at as board_cr3_4_0_, board0_.board_last_modified_at as board_la4_4_0_, board0_.board_title as board_ti5_4_0_, board0_.user_id as user_id8_4_0_, board0_.board_views as board_vi6_4_0_ from board board0_ where board0_.board_id=?
Hibernate: select category0_.category_id as category1_5_0_, category0_.category_name as category2_5_0_ from category category0_ where category0_.category_id=?
Hibernate: select user0_.user_id as user_id1_21_0_, user0_.character_id as characte7_21_0_, user0_.user_created_at as user_cre2_21_0_, user0_.user_name as user_nam3_21_0_, user0_.user_phone_number as user_pho4_21_0_, user0_.user_user_id as user_use5_21_0_, user0_.user_user_password as user_use6_21_0_ from user user0_ where user0_.user_id=?
Hibernate: select character0_.character_id as characte1_6_0_, character0_.character_character_name as characte2_6_0_ from characters character0_ where character0_.character_id=?
Hibernate: select user0_.user_id as user_id1_21_0_, user0_.character_id as characte7_21_0_, user0_.user_created_at as user_cre2_21_0_, user0_.user_name as user_nam3_21_0_, user0_.user_phone_number as user_pho4_21_0_, user0_.user_user_id as user_use5_21_0_, user0_.user_user_password as user_use6_21_0_ from user user0_ where user0_.user_id=?
Hibernate: select reaction0_.reaction_id as reaction1_13_, reaction0_.board_id as board_id3_13_, reaction0_.reaction_type as reaction2_13_ from reaction reaction0_
Hibernate: select reactionus0_.reaction_id as reaction2_14_0_, reactionus0_.reaction_user_id as reaction1_14_0_, reactionus0_.reaction_user_id as reaction1_14_1_, reactionus0_.reaction_id as reaction2_14_1_, reactionus0_.user_id as user_id3_14_1_ from reaction_user reactionus0_ where reactionus0_.reaction_id=?
Hibernate: select board0_.board_id as board_id1_4_, board0_.category_id as category7_4_, board0_.board_content as board_co2_4_, board0_.board_created_at as board_cr3_4_, board0_.board_last_modified_at as board_la4_4_, board0_.board_title as board_ti5_4_, board0_.user_id as user_id8_4_, board0_.board_views as board_vi6_4_ from board board0_
Hibernate: select commentlis0_.board_id as board_id5_7_0_, commentlis0_.comment_id as comment_1_7_0_, commentlis0_.comment_id as comment_1_7_1_, commentlis0_.board_id as board_id5_7_1_, commentlis0_.comment_content as comment_2_7_1_, commentlis0_.comment_created_at as comment_3_7_1_, commentlis0_.comment_last_modified_at as comment_4_7_1_, commentlis0_.user_id as user_id6_7_1_ from comment commentlis0_ where commentlis0_.board_id=?
Hibernate: select reactionli0_.board_id as board_id3_13_0_, reactionli0_.reaction_id as reaction1_13_0_, reactionli0_.reaction_id as reaction1_13_1_, reactionli0_.board_id as board_id3_13_1_, reactionli0_.reaction_type as reaction2_13_1_ from reaction reactionli0_ where reactionli0_.board_id=?
Hibernate: select user0_.user_id as user_id1_21_, user0_.character_id as characte7_21_, user0_.user_created_at as user_cre2_21_, user0_.user_name as user_nam3_21_, user0_.user_phone_number as user_pho4_21_, user0_.user_user_id as user_use5_21_, user0_.user_user_password as user_use6_21_ from user user0_
Hibernate: select rewardtagw0_.user_id as user_id4_16_0_, rewardtagw0_.reward_tag_wrapper_reward_id as reward_t1_16_0_, rewardtagw0_.reward_tag_wrapper_reward_id as reward_t1_16_1_, rewardtagw0_.reward_tag_wrapper_reward_presented_at as reward_t2_16_1_, rewardtagw0_.reward_tag_reward_tag_id as reward_t3_16_1_, rewardtagw0_.user_id as user_id4_16_1_ from reward_tag_wrapper rewardtagw0_ where rewardtagw0_.user_id=?
Hibernate: select rewardtagw0_.user_id as user_id4_16_0_, rewardtagw0_.reward_tag_wrapper_reward_id as reward_t1_16_0_, rewardtagw0_.reward_tag_wrapper_reward_id as reward_t1_16_1_, rewardtagw0_.reward_tag_wrapper_reward_presented_at as reward_t2_16_1_, rewardtagw0_.reward_tag_reward_tag_id as reward_t3_16_1_, rewardtagw0_.user_id as user_id4_16_1_ from reward_tag_wrapper rewardtagw0_ where rewardtagw0_.user_id=?
Hibernate: select category0_.category_id as category1_5_, category0_.category_name as category2_5_ from category category0_
Hibernate: select boardlist0_.category_id as category7_4_0_, boardlist0_.board_id as board_id1_4_0_, boardlist0_.board_id as board_id1_4_1_, boardlist0_.category_id as category7_4_1_, boardlist0_.board_content as board_co2_4_1_, boardlist0_.board_created_at as board_cr3_4_1_, boardlist0_.board_last_modified_at as board_la4_4_1_, boardlist0_.board_title as board_ti5_4_1_, boardlist0_.user_id as user_id8_4_1_, boardlist0_.board_views as board_vi6_4_1_ from board boardlist0_ where boardlist0_.category_id=?
Hibernate: select character0_.character_id as characte1_6_, character0_.character_character_name as characte2_6_ from characters character0_
2023-06-27 23:51:24.692  INFO 92765 --- [    Test worker] o.s.t.c.transaction.TransactionContext   : Rolled back transaction for test: [DefaultTestContext@50fd7d94 testClass = JpaReactionUserRepositoryTest, testInstance = org.waldreg.repository.board.repository.JpaReactionUserRepositoryTest@3a07afe6, testMethod = IS_EXIST_REACTION_USER_TEST@JpaReactionUserRepositoryTest, testException = [null], mergedContextConfiguration = [MergedContextConfiguration@6f3cf9ac testClass = JpaReactionUserRepositoryTest, locations = '{}', classes = '{class org.waldreg.repository.board.JpaBoardTestInitializer}', contextInitializerClasses = '[]', activeProfiles = '{}', propertySourceLocations = '{classpath:h2-application.properties}', propertySourceProperties = '{org.springframework.boot.test.autoconfigure.orm.jpa.DataJpaTestContextBootstrapper=true}', contextCustomizers = set[org.springframework.boot.test.autoconfigure.OverrideAutoConfigurationContextCustomizerFactory$DisableAutoConfigurationContextCustomizer@7776ab, org.springframework.boot.test.autoconfigure.actuate.metrics.MetricsExportContextCustomizerFactory$DisableMetricExportContextCustomizer@2f1de2d6, org.springframework.boot.test.autoconfigure.filter.TypeExcludeFiltersContextCustomizer@351584c0, org.springframework.boot.test.autoconfigure.properties.PropertyMappingContextCustomizer@cee9ad48, org.springframework.boot.test.autoconfigure.web.servlet.WebDriverContextCustomizerFactory$Customizer@691939c9, [ImportsContextCustomizer@33f17d3d key = [org.springframework.boot.autoconfigure.cache.CacheAutoConfiguration, org.springframework.boot.autoconfigure.data.jpa.JpaRepositoriesAutoConfiguration, org.springframework.boot.autoconfigure.flyway.FlywayAutoConfiguration, org.springframework.boot.autoconfigure.jdbc.DataSourceAutoConfiguration, org.springframework.boot.autoconfigure.jdbc.DataSourceTransactionManagerAutoConfiguration, org.springframework.boot.autoconfigure.jdbc.JdbcTemplateAutoConfiguration, org.springframework.boot.autoconfigure.liquibase.LiquibaseAutoConfiguration, org.springframework.boot.autoconfigure.orm.jpa.HibernateJpaAutoConfiguration, org.springframework.boot.autoconfigure.sql.init.SqlInitializationAutoConfiguration, org.springframework.boot.autoconfigure.transaction.TransactionAutoConfiguration, org.springframework.boot.test.autoconfigure.jdbc.TestDatabaseAutoConfiguration, org.springframework.boot.test.autoconfigure.orm.jpa.TestEntityManagerAutoConfiguration]], org.springframework.boot.test.context.filter.ExcludeFilterContextCustomizer@3d2ee678, org.springframework.boot.test.json.DuplicateJsonObjectContextCustomizerFactory$DuplicateJsonObjectContextCustomizer@2d6764b2, org.springframework.boot.test.mock.mockito.MockitoContextCustomizer@0, org.springframework.boot.test.context.SpringBootTestArgs@1, org.springframework.boot.test.context.SpringBootTestWebEnvironment@0], contextLoader = 'org.springframework.boot.test.context.SpringBootContextLoader', parent = [null]], attributes = map['org.springframework.test.context.event.ApplicationEventsTestExecutionListener.recordApplicationEvents' -> false]]
2023-06-27 23:51:24.692  INFO 92765 --- [    Test worker] o.s.t.c.transaction.TransactionContext   : Began transaction (1) for test context [DefaultTestContext@50fd7d94 testClass = JpaReactionUserRepositoryTest, testInstance = org.waldreg.repository.board.repository.JpaReactionUserRepositoryTest@7df5358, testMethod = DELETE_REACTION_USER_SUCCESS_TEST@JpaReactionUserRepositoryTest, testException = [null], mergedContextConfiguration = [MergedContextConfiguration@6f3cf9ac testClass = JpaReactionUserRepositoryTest, locations = '{}', classes = '{class org.waldreg.repository.board.JpaBoardTestInitializer}', contextInitializerClasses = '[]', activeProfiles = '{}', propertySourceLocations = '{classpath:h2-application.properties}', propertySourceProperties = '{org.springframework.boot.test.autoconfigure.orm.jpa.DataJpaTestContextBootstrapper=true}', contextCustomizers = set[org.springframework.boot.test.autoconfigure.OverrideAutoConfigurationContextCustomizerFactory$DisableAutoConfigurationContextCustomizer@7776ab, org.springframework.boot.test.autoconfigure.actuate.metrics.MetricsExportContextCustomizerFactory$DisableMetricExportContextCustomizer@2f1de2d6, org.springframework.boot.test.autoconfigure.filter.TypeExcludeFiltersContextCustomizer@351584c0, org.springframework.boot.test.autoconfigure.properties.PropertyMappingContextCustomizer@cee9ad48, org.springframework.boot.test.autoconfigure.web.servlet.WebDriverContextCustomizerFactory$Customizer@691939c9, [ImportsContextCustomizer@33f17d3d key = [org.springframework.boot.autoconfigure.cache.CacheAutoConfiguration, org.springframework.boot.autoconfigure.data.jpa.JpaRepositoriesAutoConfiguration, org.springframework.boot.autoconfigure.flyway.FlywayAutoConfiguration, org.springframework.boot.autoconfigure.jdbc.DataSourceAutoConfiguration, org.springframework.boot.autoconfigure.jdbc.DataSourceTransactionManagerAutoConfiguration, org.springframework.boot.autoconfigure.jdbc.JdbcTemplateAutoConfiguration, org.springframework.boot.autoconfigure.liquibase.LiquibaseAutoConfiguration, org.springframework.boot.autoconfigure.orm.jpa.HibernateJpaAutoConfiguration, org.springframework.boot.autoconfigure.sql.init.SqlInitializationAutoConfiguration, org.springframework.boot.autoconfigure.transaction.TransactionAutoConfiguration, org.springframework.boot.test.autoconfigure.jdbc.TestDatabaseAutoConfiguration, org.springframework.boot.test.autoconfigure.orm.jpa.TestEntityManagerAutoConfiguration]], org.springframework.boot.test.context.filter.ExcludeFilterContextCustomizer@3d2ee678, org.springframework.boot.test.json.DuplicateJsonObjectContextCustomizerFactory$DuplicateJsonObjectContextCustomizer@2d6764b2, org.springframework.boot.test.mock.mockito.MockitoContextCustomizer@0, org.springframework.boot.test.context.SpringBootTestArgs@1, org.springframework.boot.test.context.SpringBootTestWebEnvironment@0], contextLoader = 'org.springframework.boot.test.context.SpringBootContextLoader', parent = [null]], attributes = map['org.springframework.test.context.event.ApplicationEventsTestExecutionListener.recordApplicationEvents' -> false]]; transaction manager [org.springframework.orm.jpa.JpaTransactionManager@5d52a17b]; rollback [true]
Hibernate: select reactionus0_.reaction_user_id as reaction1_14_, reactionus0_.reaction_id as reaction2_14_, reactionus0_.user_id as user_id3_14_ from reaction_user reactionus0_
Hibernate: select reaction0_.reaction_id as reaction1_13_, reaction0_.board_id as board_id3_13_, reaction0_.reaction_type as reaction2_13_ from reaction reaction0_
Hibernate: select board0_.board_id as board_id1_4_, board0_.category_id as category7_4_, board0_.board_content as board_co2_4_, board0_.board_created_at as board_cr3_4_, board0_.board_last_modified_at as board_la4_4_, board0_.board_title as board_ti5_4_, board0_.user_id as user_id8_4_, board0_.board_views as board_vi6_4_ from board board0_
Hibernate: select user0_.user_id as user_id1_21_, user0_.character_id as characte7_21_, user0_.user_created_at as user_cre2_21_, user0_.user_name as user_nam3_21_, user0_.user_phone_number as user_pho4_21_, user0_.user_user_id as user_use5_21_, user0_.user_user_password as user_use6_21_ from user user0_
Hibernate: select category0_.category_id as category1_5_, category0_.category_name as category2_5_ from category category0_
Hibernate: select character0_.character_id as characte1_6_, character0_.character_character_name as characte2_6_ from characters character0_
Hibernate: insert into characters (character_id, character_character_name) values (default, ?)
Hibernate: insert into user (user_id, character_id, user_created_at, user_name, user_phone_number, user_user_id, user_user_password) values (default, ?, ?, ?, ?, ?, ?)
Hibernate: insert into category (category_id, category_name) values (default, ?)
Hibernate: insert into board (board_id, category_id, board_content, board_created_at, board_last_modified_at, board_title, user_id, board_views) values (default, ?, ?, ?, ?, ?, ?, ?)
Hibernate: insert into file_path_list (board_board_id, board_file_path_list) values (?, ?)
Hibernate: insert into image_path_list (board_board_id, board_image_path_list) values (?, ?)
Hibernate: select character0_.character_id as characte1_6_, character0_.character_character_name as characte2_6_ from characters character0_
Hibernate: insert into user (user_id, character_id, user_created_at, user_name, user_phone_number, user_user_id, user_user_password) values (default, ?, ?, ?, ?, ?, ?)
Hibernate: insert into reaction (reaction_id, board_id, reaction_type) values (default, ?, ?)
Hibernate: select reaction0_.reaction_id as reaction1_13_, reaction0_.board_id as board_id3_13_, reaction0_.reaction_type as reaction2_13_ from reaction reaction0_
Hibernate: select board0_.board_id as board_id1_4_0_, board0_.category_id as category7_4_0_, board0_.board_content as board_co2_4_0_, board0_.board_created_at as board_cr3_4_0_, board0_.board_last_modified_at as board_la4_4_0_, board0_.board_title as board_ti5_4_0_, board0_.user_id as user_id8_4_0_, board0_.board_views as board_vi6_4_0_ from board board0_ where board0_.board_id=?
Hibernate: select category0_.category_id as category1_5_0_, category0_.category_name as category2_5_0_ from category category0_ where category0_.category_id=?
Hibernate: select user0_.user_id as user_id1_21_0_, user0_.character_id as characte7_21_0_, user0_.user_created_at as user_cre2_21_0_, user0_.user_name as user_nam3_21_0_, user0_.user_phone_number as user_pho4_21_0_, user0_.user_user_id as user_use5_21_0_, user0_.user_user_password as user_use6_21_0_ from user user0_ where user0_.user_id=?
Hibernate: select character0_.character_id as characte1_6_0_, character0_.character_character_name as characte2_6_0_ from characters character0_ where character0_.character_id=?
Hibernate: insert into reaction_user (reaction_user_id, reaction_id, user_id) values (default, ?, ?)
Hibernate: select reactionus0_.reaction_id as reaction2_14_0_, reactionus0_.reaction_user_id as reaction1_14_0_, reactionus0_.reaction_user_id as reaction1_14_1_, reactionus0_.reaction_id as reaction2_14_1_, reactionus0_.user_id as user_id3_14_1_ from reaction_user reactionus0_ where reactionus0_.reaction_id=?
Hibernate: select reaction0_.reaction_id as reaction1_13_0_, reaction0_.board_id as board_id3_13_0_, reaction0_.reaction_type as reaction2_13_0_ from reaction reaction0_ where reaction0_.reaction_id=?
Hibernate: select board0_.board_id as board_id1_4_0_, board0_.category_id as category7_4_0_, board0_.board_content as board_co2_4_0_, board0_.board_created_at as board_cr3_4_0_, board0_.board_last_modified_at as board_la4_4_0_, board0_.board_title as board_ti5_4_0_, board0_.user_id as user_id8_4_0_, board0_.board_views as board_vi6_4_0_ from board board0_ where board0_.board_id=?
Hibernate: select category0_.category_id as category1_5_0_, category0_.category_name as category2_5_0_ from category category0_ where category0_.category_id=?
Hibernate: select user0_.user_id as user_id1_21_0_, user0_.character_id as characte7_21_0_, user0_.user_created_at as user_cre2_21_0_, user0_.user_name as user_nam3_21_0_, user0_.user_phone_number as user_pho4_21_0_, user0_.user_user_id as user_use5_21_0_, user0_.user_user_password as user_use6_21_0_ from user user0_ where user0_.user_id=?
Hibernate: select character0_.character_id as characte1_6_0_, character0_.character_character_name as characte2_6_0_ from characters character0_ where character0_.character_id=?
Hibernate: select reactionus0_.reaction_user_id as reaction1_14_, reactionus0_.reaction_id as reaction2_14_, reactionus0_.user_id as user_id3_14_ from reaction_user reactionus0_
Hibernate: select user0_.user_id as user_id1_21_0_, user0_.character_id as characte7_21_0_, user0_.user_created_at as user_cre2_21_0_, user0_.user_name as user_nam3_21_0_, user0_.user_phone_number as user_pho4_21_0_, user0_.user_user_id as user_use5_21_0_, user0_.user_user_password as user_use6_21_0_ from user user0_ where user0_.user_id=?
Hibernate: select reactionus0_.reaction_id as reaction2_14_0_, reactionus0_.reaction_user_id as reaction1_14_0_, reactionus0_.reaction_user_id as reaction1_14_1_, reactionus0_.reaction_id as reaction2_14_1_, reactionus0_.user_id as user_id3_14_1_ from reaction_user reactionus0_ where reactionus0_.reaction_id=?
Hibernate: select reactionus0_.reaction_user_id as reaction1_14_, reactionus0_.reaction_id as reaction2_14_, reactionus0_.user_id as user_id3_14_ from reaction_user reactionus0_
Hibernate: select reaction0_.reaction_id as reaction1_13_, reaction0_.board_id as board_id3_13_, reaction0_.reaction_type as reaction2_13_ from reaction reaction0_
Hibernate: select board0_.board_id as board_id1_4_, board0_.category_id as category7_4_, board0_.board_content as board_co2_4_, board0_.board_created_at as board_cr3_4_, board0_.board_last_modified_at as board_la4_4_, board0_.board_title as board_ti5_4_, board0_.user_id as user_id8_4_, board0_.board_views as board_vi6_4_ from board board0_
Hibernate: select commentlis0_.board_id as board_id5_7_0_, commentlis0_.comment_id as comment_1_7_0_, commentlis0_.comment_id as comment_1_7_1_, commentlis0_.board_id as board_id5_7_1_, commentlis0_.comment_content as comment_2_7_1_, commentlis0_.comment_created_at as comment_3_7_1_, commentlis0_.comment_last_modified_at as comment_4_7_1_, commentlis0_.user_id as user_id6_7_1_ from comment commentlis0_ where commentlis0_.board_id=?
Hibernate: select reactionli0_.board_id as board_id3_13_0_, reactionli0_.reaction_id as reaction1_13_0_, reactionli0_.reaction_id as reaction1_13_1_, reactionli0_.board_id as board_id3_13_1_, reactionli0_.reaction_type as reaction2_13_1_ from reaction reactionli0_ where reactionli0_.board_id=?
Hibernate: select user0_.user_id as user_id1_21_, user0_.character_id as characte7_21_, user0_.user_created_at as user_cre2_21_, user0_.user_name as user_nam3_21_, user0_.user_phone_number as user_pho4_21_, user0_.user_user_id as user_use5_21_, user0_.user_user_password as user_use6_21_ from user user0_
Hibernate: select rewardtagw0_.user_id as user_id4_16_0_, rewardtagw0_.reward_tag_wrapper_reward_id as reward_t1_16_0_, rewardtagw0_.reward_tag_wrapper_reward_id as reward_t1_16_1_, rewardtagw0_.reward_tag_wrapper_reward_presented_at as reward_t2_16_1_, rewardtagw0_.reward_tag_reward_tag_id as reward_t3_16_1_, rewardtagw0_.user_id as user_id4_16_1_ from reward_tag_wrapper rewardtagw0_ where rewardtagw0_.user_id=?
Hibernate: select rewardtagw0_.user_id as user_id4_16_0_, rewardtagw0_.reward_tag_wrapper_reward_id as reward_t1_16_0_, rewardtagw0_.reward_tag_wrapper_reward_id as reward_t1_16_1_, rewardtagw0_.reward_tag_wrapper_reward_presented_at as reward_t2_16_1_, rewardtagw0_.reward_tag_reward_tag_id as reward_t3_16_1_, rewardtagw0_.user_id as user_id4_16_1_ from reward_tag_wrapper rewardtagw0_ where rewardtagw0_.user_id=?
Hibernate: select category0_.category_id as category1_5_, category0_.category_name as category2_5_ from category category0_
Hibernate: select boardlist0_.category_id as category7_4_0_, boardlist0_.board_id as board_id1_4_0_, boardlist0_.board_id as board_id1_4_1_, boardlist0_.category_id as category7_4_1_, boardlist0_.board_content as board_co2_4_1_, boardlist0_.board_created_at as board_cr3_4_1_, boardlist0_.board_last_modified_at as board_la4_4_1_, boardlist0_.board_title as board_ti5_4_1_, boardlist0_.user_id as user_id8_4_1_, boardlist0_.board_views as board_vi6_4_1_ from board boardlist0_ where boardlist0_.category_id=?
Hibernate: select character0_.character_id as characte1_6_, character0_.character_character_name as characte2_6_ from characters character0_
2023-06-27 23:51:24.697  INFO 92765 --- [    Test worker] o.s.t.c.transaction.TransactionContext   : Rolled back transaction for test: [DefaultTestContext@50fd7d94 testClass = JpaReactionUserRepositoryTest, testInstance = org.waldreg.repository.board.repository.JpaReactionUserRepositoryTest@7df5358, testMethod = DELETE_REACTION_USER_SUCCESS_TEST@JpaReactionUserRepositoryTest, testException = [null], mergedContextConfiguration = [MergedContextConfiguration@6f3cf9ac testClass = JpaReactionUserRepositoryTest, locations = '{}', classes = '{class org.waldreg.repository.board.JpaBoardTestInitializer}', contextInitializerClasses = '[]', activeProfiles = '{}', propertySourceLocations = '{classpath:h2-application.properties}', propertySourceProperties = '{org.springframework.boot.test.autoconfigure.orm.jpa.DataJpaTestContextBootstrapper=true}', contextCustomizers = set[org.springframework.boot.test.autoconfigure.OverrideAutoConfigurationContextCustomizerFactory$DisableAutoConfigurationContextCustomizer@7776ab, org.springframework.boot.test.autoconfigure.actuate.metrics.MetricsExportContextCustomizerFactory$DisableMetricExportContextCustomizer@2f1de2d6, org.springframework.boot.test.autoconfigure.filter.TypeExcludeFiltersContextCustomizer@351584c0, org.springframework.boot.test.autoconfigure.properties.PropertyMappingContextCustomizer@cee9ad48, org.springframework.boot.test.autoconfigure.web.servlet.WebDriverContextCustomizerFactory$Customizer@691939c9, [ImportsContextCustomizer@33f17d3d key = [org.springframework.boot.autoconfigure.cache.CacheAutoConfiguration, org.springframework.boot.autoconfigure.data.jpa.JpaRepositoriesAutoConfiguration, org.springframework.boot.autoconfigure.flyway.FlywayAutoConfiguration, org.springframework.boot.autoconfigure.jdbc.DataSourceAutoConfiguration, org.springframework.boot.autoconfigure.jdbc.DataSourceTransactionManagerAutoConfiguration, org.springframework.boot.autoconfigure.jdbc.JdbcTemplateAutoConfiguration, org.springframework.boot.autoconfigure.liquibase.LiquibaseAutoConfiguration, org.springframework.boot.autoconfigure.orm.jpa.HibernateJpaAutoConfiguration, org.springframework.boot.autoconfigure.sql.init.SqlInitializationAutoConfiguration, org.springframework.boot.autoconfigure.transaction.TransactionAutoConfiguration, org.springframework.boot.test.autoconfigure.jdbc.TestDatabaseAutoConfiguration, org.springframework.boot.test.autoconfigure.orm.jpa.TestEntityManagerAutoConfiguration]], org.springframework.boot.test.context.filter.ExcludeFilterContextCustomizer@3d2ee678, org.springframework.boot.test.json.DuplicateJsonObjectContextCustomizerFactory$DuplicateJsonObjectContextCustomizer@2d6764b2, org.springframework.boot.test.mock.mockito.MockitoContextCustomizer@0, org.springframework.boot.test.context.SpringBootTestArgs@1, org.springframework.boot.test.context.SpringBootTestWebEnvironment@0], contextLoader = 'org.springframework.boot.test.context.SpringBootContextLoader', parent = [null]], attributes = map['org.springframework.test.context.event.ApplicationEventsTestExecutionListener.recordApplicationEvents' -> false]]
2023-06-27 23:51:24.698  INFO 92765 --- [    Test worker] o.s.t.c.transaction.TransactionContext   : Began transaction (1) for test context [DefaultTestContext@50fd7d94 testClass = JpaReactionUserRepositoryTest, testInstance = org.waldreg.repository.board.repository.JpaReactionUserRepositoryTest@39dfadd7, testMethod = DELETE_REACTION_USER_BY_DELETE_REACTION_SUCCESS_TEST@JpaReactionUserRepositoryTest, testException = [null], mergedContextConfiguration = [MergedContextConfiguration@6f3cf9ac testClass = JpaReactionUserRepositoryTest, locations = '{}', classes = '{class org.waldreg.repository.board.JpaBoardTestInitializer}', contextInitializerClasses = '[]', activeProfiles = '{}', propertySourceLocations = '{classpath:h2-application.properties}', propertySourceProperties = '{org.springframework.boot.test.autoconfigure.orm.jpa.DataJpaTestContextBootstrapper=true}', contextCustomizers = set[org.springframework.boot.test.autoconfigure.OverrideAutoConfigurationContextCustomizerFactory$DisableAutoConfigurationContextCustomizer@7776ab, org.springframework.boot.test.autoconfigure.actuate.metrics.MetricsExportContextCustomizerFactory$DisableMetricExportContextCustomizer@2f1de2d6, org.springframework.boot.test.autoconfigure.filter.TypeExcludeFiltersContextCustomizer@351584c0, org.springframework.boot.test.autoconfigure.properties.PropertyMappingContextCustomizer@cee9ad48, org.springframework.boot.test.autoconfigure.web.servlet.WebDriverContextCustomizerFactory$Customizer@691939c9, [ImportsContextCustomizer@33f17d3d key = [org.springframework.boot.autoconfigure.cache.CacheAutoConfiguration, org.springframework.boot.autoconfigure.data.jpa.JpaRepositoriesAutoConfiguration, org.springframework.boot.autoconfigure.flyway.FlywayAutoConfiguration, org.springframework.boot.autoconfigure.jdbc.DataSourceAutoConfiguration, org.springframework.boot.autoconfigure.jdbc.DataSourceTransactionManagerAutoConfiguration, org.springframework.boot.autoconfigure.jdbc.JdbcTemplateAutoConfiguration, org.springframework.boot.autoconfigure.liquibase.LiquibaseAutoConfiguration, org.springframework.boot.autoconfigure.orm.jpa.HibernateJpaAutoConfiguration, org.springframework.boot.autoconfigure.sql.init.SqlInitializationAutoConfiguration, org.springframework.boot.autoconfigure.transaction.TransactionAutoConfiguration, org.springframework.boot.test.autoconfigure.jdbc.TestDatabaseAutoConfiguration, org.springframework.boot.test.autoconfigure.orm.jpa.TestEntityManagerAutoConfiguration]], org.springframework.boot.test.context.filter.ExcludeFilterContextCustomizer@3d2ee678, org.springframework.boot.test.json.DuplicateJsonObjectContextCustomizerFactory$DuplicateJsonObjectContextCustomizer@2d6764b2, org.springframework.boot.test.mock.mockito.MockitoContextCustomizer@0, org.springframework.boot.test.context.SpringBootTestArgs@1, org.springframework.boot.test.context.SpringBootTestWebEnvironment@0], contextLoader = 'org.springframework.boot.test.context.SpringBootContextLoader', parent = [null]], attributes = map['org.springframework.test.context.event.ApplicationEventsTestExecutionListener.recordApplicationEvents' -> false]]; transaction manager [org.springframework.orm.jpa.JpaTransactionManager@5d52a17b]; rollback [true]
Hibernate: select reactionus0_.reaction_user_id as reaction1_14_, reactionus0_.reaction_id as reaction2_14_, reactionus0_.user_id as user_id3_14_ from reaction_user reactionus0_
Hibernate: select reaction0_.reaction_id as reaction1_13_, reaction0_.board_id as board_id3_13_, reaction0_.reaction_type as reaction2_13_ from reaction reaction0_
Hibernate: select board0_.board_id as board_id1_4_, board0_.category_id as category7_4_, board0_.board_content as board_co2_4_, board0_.board_created_at as board_cr3_4_, board0_.board_last_modified_at as board_la4_4_, board0_.board_title as board_ti5_4_, board0_.user_id as user_id8_4_, board0_.board_views as board_vi6_4_ from board board0_
Hibernate: select user0_.user_id as user_id1_21_, user0_.character_id as characte7_21_, user0_.user_created_at as user_cre2_21_, user0_.user_name as user_nam3_21_, user0_.user_phone_number as user_pho4_21_, user0_.user_user_id as user_use5_21_, user0_.user_user_password as user_use6_21_ from user user0_
Hibernate: select category0_.category_id as category1_5_, category0_.category_name as category2_5_ from category category0_
Hibernate: select character0_.character_id as characte1_6_, character0_.character_character_name as characte2_6_ from characters character0_
Hibernate: insert into characters (character_id, character_character_name) values (default, ?)
Hibernate: insert into user (user_id, character_id, user_created_at, user_name, user_phone_number, user_user_id, user_user_password) values (default, ?, ?, ?, ?, ?, ?)
Hibernate: insert into category (category_id, category_name) values (default, ?)
Hibernate: insert into board (board_id, category_id, board_content, board_created_at, board_last_modified_at, board_title, user_id, board_views) values (default, ?, ?, ?, ?, ?, ?, ?)
Hibernate: insert into file_path_list (board_board_id, board_file_path_list) values (?, ?)
Hibernate: insert into image_path_list (board_board_id, board_image_path_list) values (?, ?)
Hibernate: select character0_.character_id as characte1_6_, character0_.character_character_name as characte2_6_ from characters character0_
Hibernate: insert into user (user_id, character_id, user_created_at, user_name, user_phone_number, user_user_id, user_user_password) values (default, ?, ?, ?, ?, ?, ?)
Hibernate: insert into user (user_id, character_id, user_created_at, user_name, user_phone_number, user_user_id, user_user_password) values (default, ?, ?, ?, ?, ?, ?)
Hibernate: insert into reaction (reaction_id, board_id, reaction_type) values (default, ?, ?)
Hibernate: select reaction0_.reaction_id as reaction1_13_, reaction0_.board_id as board_id3_13_, reaction0_.reaction_type as reaction2_13_ from reaction reaction0_
Hibernate: select board0_.board_id as board_id1_4_0_, board0_.category_id as category7_4_0_, board0_.board_content as board_co2_4_0_, board0_.board_created_at as board_cr3_4_0_, board0_.board_last_modified_at as board_la4_4_0_, board0_.board_title as board_ti5_4_0_, board0_.user_id as user_id8_4_0_, board0_.board_views as board_vi6_4_0_ from board board0_ where board0_.board_id=?
Hibernate: select category0_.category_id as category1_5_0_, category0_.category_name as category2_5_0_ from category category0_ where category0_.category_id=?
Hibernate: select user0_.user_id as user_id1_21_0_, user0_.character_id as characte7_21_0_, user0_.user_created_at as user_cre2_21_0_, user0_.user_name as user_nam3_21_0_, user0_.user_phone_number as user_pho4_21_0_, user0_.user_user_id as user_use5_21_0_, user0_.user_user_password as user_use6_21_0_ from user user0_ where user0_.user_id=?
Hibernate: select character0_.character_id as characte1_6_0_, character0_.character_character_name as characte2_6_0_ from characters character0_ where character0_.character_id=?
Hibernate: insert into reaction_user (reaction_user_id, reaction_id, user_id) values (default, ?, ?)
Hibernate: insert into reaction_user (reaction_user_id, reaction_id, user_id) values (default, ?, ?)
Hibernate: select reactionus0_.reaction_id as reaction2_14_0_, reactionus0_.reaction_user_id as reaction1_14_0_, reactionus0_.reaction_user_id as reaction1_14_1_, reactionus0_.reaction_id as reaction2_14_1_, reactionus0_.user_id as user_id3_14_1_ from reaction_user reactionus0_ where reactionus0_.reaction_id=?
Hibernate: select reaction0_.reaction_id as reaction1_13_0_, reaction0_.board_id as board_id3_13_0_, reaction0_.reaction_type as reaction2_13_0_ from reaction reaction0_ where reaction0_.reaction_id=?
Hibernate: select board0_.board_id as board_id1_4_0_, board0_.category_id as category7_4_0_, board0_.board_content as board_co2_4_0_, board0_.board_created_at as board_cr3_4_0_, board0_.board_last_modified_at as board_la4_4_0_, board0_.board_title as board_ti5_4_0_, board0_.user_id as user_id8_4_0_, board0_.board_views as board_vi6_4_0_ from board board0_ where board0_.board_id=?
Hibernate: select category0_.category_id as category1_5_0_, category0_.category_name as category2_5_0_ from category category0_ where category0_.category_id=?
Hibernate: select user0_.user_id as user_id1_21_0_, user0_.character_id as characte7_21_0_, user0_.user_created_at as user_cre2_21_0_, user0_.user_name as user_nam3_21_0_, user0_.user_phone_number as user_pho4_21_0_, user0_.user_user_id as user_use5_21_0_, user0_.user_user_password as user_use6_21_0_ from user user0_ where user0_.user_id=?
Hibernate: select character0_.character_id as characte1_6_0_, character0_.character_character_name as characte2_6_0_ from characters character0_ where character0_.character_id=?
Hibernate: delete from REACTION_USER where REACTION_ID = ?
Hibernate: select count(*) as col_0_0_ from user user0_ where user0_.user_id=?
Hibernate: select count(*) as col_0_0_ from user user0_ where user0_.user_id=?
Hibernate: select count(*) as col_0_0_ from reaction_user reactionus0_ where reactionus0_.reaction_user_id=?
Hibernate: select count(*) as col_0_0_ from reaction_user reactionus0_ where reactionus0_.reaction_user_id=?
Hibernate: select reactionus0_.reaction_user_id as reaction1_14_, reactionus0_.reaction_id as reaction2_14_, reactionus0_.user_id as user_id3_14_ from reaction_user reactionus0_
Hibernate: select reaction0_.reaction_id as reaction1_13_, reaction0_.board_id as board_id3_13_, reaction0_.reaction_type as reaction2_13_ from reaction reaction0_
Hibernate: select reactionus0_.reaction_id as reaction2_14_0_, reactionus0_.reaction_user_id as reaction1_14_0_, reactionus0_.reaction_user_id as reaction1_14_1_, reactionus0_.reaction_id as reaction2_14_1_, reactionus0_.user_id as user_id3_14_1_ from reaction_user reactionus0_ where reactionus0_.reaction_id=?
Hibernate: select board0_.board_id as board_id1_4_, board0_.category_id as category7_4_, board0_.board_content as board_co2_4_, board0_.board_created_at as board_cr3_4_, board0_.board_last_modified_at as board_la4_4_, board0_.board_title as board_ti5_4_, board0_.user_id as user_id8_4_, board0_.board_views as board_vi6_4_ from board board0_
Hibernate: select commentlis0_.board_id as board_id5_7_0_, commentlis0_.comment_id as comment_1_7_0_, commentlis0_.comment_id as comment_1_7_1_, commentlis0_.board_id as board_id5_7_1_, commentlis0_.comment_content as comment_2_7_1_, commentlis0_.comment_created_at as comment_3_7_1_, commentlis0_.comment_last_modified_at as comment_4_7_1_, commentlis0_.user_id as user_id6_7_1_ from comment commentlis0_ where commentlis0_.board_id=?
Hibernate: select reactionli0_.board_id as board_id3_13_0_, reactionli0_.reaction_id as reaction1_13_0_, reactionli0_.reaction_id as reaction1_13_1_, reactionli0_.board_id as board_id3_13_1_, reactionli0_.reaction_type as reaction2_13_1_ from reaction reactionli0_ where reactionli0_.board_id=?
Hibernate: select user0_.user_id as user_id1_21_, user0_.character_id as characte7_21_, user0_.user_created_at as user_cre2_21_, user0_.user_name as user_nam3_21_, user0_.user_phone_number as user_pho4_21_, user0_.user_user_id as user_use5_21_, user0_.user_user_password as user_use6_21_ from user user0_
Hibernate: select rewardtagw0_.user_id as user_id4_16_0_, rewardtagw0_.reward_tag_wrapper_reward_id as reward_t1_16_0_, rewardtagw0_.reward_tag_wrapper_reward_id as reward_t1_16_1_, rewardtagw0_.reward_tag_wrapper_reward_presented_at as reward_t2_16_1_, rewardtagw0_.reward_tag_reward_tag_id as reward_t3_16_1_, rewardtagw0_.user_id as user_id4_16_1_ from reward_tag_wrapper rewardtagw0_ where rewardtagw0_.user_id=?
Hibernate: select rewardtagw0_.user_id as user_id4_16_0_, rewardtagw0_.reward_tag_wrapper_reward_id as reward_t1_16_0_, rewardtagw0_.reward_tag_wrapper_reward_id as reward_t1_16_1_, rewardtagw0_.reward_tag_wrapper_reward_presented_at as reward_t2_16_1_, rewardtagw0_.reward_tag_reward_tag_id as reward_t3_16_1_, rewardtagw0_.user_id as user_id4_16_1_ from reward_tag_wrapper rewardtagw0_ where rewardtagw0_.user_id=?
Hibernate: select rewardtagw0_.user_id as user_id4_16_0_, rewardtagw0_.reward_tag_wrapper_reward_id as reward_t1_16_0_, rewardtagw0_.reward_tag_wrapper_reward_id as reward_t1_16_1_, rewardtagw0_.reward_tag_wrapper_reward_presented_at as reward_t2_16_1_, rewardtagw0_.reward_tag_reward_tag_id as reward_t3_16_1_, rewardtagw0_.user_id as user_id4_16_1_ from reward_tag_wrapper rewardtagw0_ where rewardtagw0_.user_id=?
Hibernate: select category0_.category_id as category1_5_, category0_.category_name as category2_5_ from category category0_
Hibernate: select boardlist0_.category_id as category7_4_0_, boardlist0_.board_id as board_id1_4_0_, boardlist0_.board_id as board_id1_4_1_, boardlist0_.category_id as category7_4_1_, boardlist0_.board_content as board_co2_4_1_, boardlist0_.board_created_at as board_cr3_4_1_, boardlist0_.board_last_modified_at as board_la4_4_1_, boardlist0_.board_title as board_ti5_4_1_, boardlist0_.user_id as user_id8_4_1_, boardlist0_.board_views as board_vi6_4_1_ from board boardlist0_ where boardlist0_.category_id=?
Hibernate: select character0_.character_id as characte1_6_, character0_.character_character_name as characte2_6_ from characters character0_
2023-06-27 23:51:24.704  INFO 92765 --- [    Test worker] o.s.t.c.transaction.TransactionContext   : Rolled back transaction for test: [DefaultTestContext@50fd7d94 testClass = JpaReactionUserRepositoryTest, testInstance = org.waldreg.repository.board.repository.JpaReactionUserRepositoryTest@39dfadd7, testMethod = DELETE_REACTION_USER_BY_DELETE_REACTION_SUCCESS_TEST@JpaReactionUserRepositoryTest, testException = [null], mergedContextConfiguration = [MergedContextConfiguration@6f3cf9ac testClass = JpaReactionUserRepositoryTest, locations = '{}', classes = '{class org.waldreg.repository.board.JpaBoardTestInitializer}', contextInitializerClasses = '[]', activeProfiles = '{}', propertySourceLocations = '{classpath:h2-application.properties}', propertySourceProperties = '{org.springframework.boot.test.autoconfigure.orm.jpa.DataJpaTestContextBootstrapper=true}', contextCustomizers = set[org.springframework.boot.test.autoconfigure.OverrideAutoConfigurationContextCustomizerFactory$DisableAutoConfigurationContextCustomizer@7776ab, org.springframework.boot.test.autoconfigure.actuate.metrics.MetricsExportContextCustomizerFactory$DisableMetricExportContextCustomizer@2f1de2d6, org.springframework.boot.test.autoconfigure.filter.TypeExcludeFiltersContextCustomizer@351584c0, org.springframework.boot.test.autoconfigure.properties.PropertyMappingContextCustomizer@cee9ad48, org.springframework.boot.test.autoconfigure.web.servlet.WebDriverContextCustomizerFactory$Customizer@691939c9, [ImportsContextCustomizer@33f17d3d key = [org.springframework.boot.autoconfigure.cache.CacheAutoConfiguration, org.springframework.boot.autoconfigure.data.jpa.JpaRepositoriesAutoConfiguration, org.springframework.boot.autoconfigure.flyway.FlywayAutoConfiguration, org.springframework.boot.autoconfigure.jdbc.DataSourceAutoConfiguration, org.springframework.boot.autoconfigure.jdbc.DataSourceTransactionManagerAutoConfiguration, org.springframework.boot.autoconfigure.jdbc.JdbcTemplateAutoConfiguration, org.springframework.boot.autoconfigure.liquibase.LiquibaseAutoConfiguration, org.springframework.boot.autoconfigure.orm.jpa.HibernateJpaAutoConfiguration, org.springframework.boot.autoconfigure.sql.init.SqlInitializationAutoConfiguration, org.springframework.boot.autoconfigure.transaction.TransactionAutoConfiguration, org.springframework.boot.test.autoconfigure.jdbc.TestDatabaseAutoConfiguration, org.springframework.boot.test.autoconfigure.orm.jpa.TestEntityManagerAutoConfiguration]], org.springframework.boot.test.context.filter.ExcludeFilterContextCustomizer@3d2ee678, org.springframework.boot.test.json.DuplicateJsonObjectContextCustomizerFactory$DuplicateJsonObjectContextCustomizer@2d6764b2, org.springframework.boot.test.mock.mockito.MockitoContextCustomizer@0, org.springframework.boot.test.context.SpringBootTestArgs@1, org.springframework.boot.test.context.SpringBootTestWebEnvironment@0], contextLoader = 'org.springframework.boot.test.context.SpringBootContextLoader', parent = [null]], attributes = map['org.springframework.test.context.event.ApplicationEventsTestExecutionListener.recordApplicationEvents' -> false]]
]]></system-out>
  <system-err><![CDATA[]]></system-err>
</testsuite>
