<?xml version="1.0" encoding="UTF-8"?>
<testsuite name="org.waldreg.reward.users.UsersRewardManagerTest" tests="9" skipped="0" failures="0" errors="0" timestamp="2023-02-02T16:05:16" hostname="linirinilinrin" time="0.333">
  <properties/>
  <testcase name="특정 유저에게 부여된 상 벌점 삭제 실패 테스트 - 상점을 삭제할 대상 유저를 찾을 수 없음" classname="org.waldreg.reward.users.UsersRewardManagerTest" time="0.027"/>
  <testcase name="모든 유저의 상점 초기화 성공 테스트" classname="org.waldreg.reward.users.UsersRewardManagerTest" time="0.027"/>
  <testcase name="특정 유저의 상점 목록 조회 성공 테스트" classname="org.waldreg.reward.users.UsersRewardManagerTest" time="0.078"/>
  <testcase name="특정 유저에게 부여된 상 벌점 삭제 실패 테스트 - 유저가 reward id에 해당하는 상점을 갖고있지 않음" classname="org.waldreg.reward.users.UsersRewardManagerTest" time="0.03"/>
  <testcase name="특정 유저에게 상점 부여 실패 테스트 - reward tag id를 찾을 수 없음" classname="org.waldreg.reward.users.UsersRewardManagerTest" time="0.026"/>
  <testcase name="특정 유저의 상점 목록 조회 실패 테스트 - 유저를 찾을 수 없음" classname="org.waldreg.reward.users.UsersRewardManagerTest" time="0.024"/>
  <testcase name="특정 유저에게 상점 부여 성공 테스트" classname="org.waldreg.reward.users.UsersRewardManagerTest" time="0.043"/>
  <testcase name="특정 유저에게 부여된 상 벌점 삭제 성공 테스트" classname="org.waldreg.reward.users.UsersRewardManagerTest" time="0.034"/>
  <testcase name="특정 유저에게 상점 부여 실패 테스트 - id에 해당하는 유저를 찾을 수 없음" classname="org.waldreg.reward.users.UsersRewardManagerTest" time="0.032"/>
  <system-out><![CDATA[01:05:16.308 [Test worker] DEBUG org.springframework.test.context.BootstrapUtils - Instantiating CacheAwareContextLoaderDelegate from class [org.springframework.test.context.cache.DefaultCacheAwareContextLoaderDelegate]
01:05:16.308 [Test worker] DEBUG org.springframework.test.context.BootstrapUtils - Instantiating BootstrapContext using constructor [public org.springframework.test.context.support.DefaultBootstrapContext(java.lang.Class,org.springframework.test.context.CacheAwareContextLoaderDelegate)]
01:05:16.308 [Test worker] DEBUG org.springframework.test.context.BootstrapUtils - Instantiating TestContextBootstrapper for test class [org.waldreg.reward.users.UsersRewardManagerTest] from class [org.springframework.test.context.support.DefaultTestContextBootstrapper]
01:05:16.308 [Test worker] DEBUG org.springframework.test.context.support.AbstractDelegatingSmartContextLoader - Delegating to AnnotationConfigContextLoader to process context configuration [ContextConfigurationAttributes@7cb8437d declaringClass = 'org.waldreg.reward.users.UsersRewardManagerTest', classes = '{class org.waldreg.reward.users.DefaultUsersRewardManager}', locations = '{}', inheritLocations = true, initializers = '{}', inheritInitializers = true, name = [null], contextLoaderClass = 'org.springframework.test.context.ContextLoader'].
01:05:16.310 [Test worker] DEBUG org.springframework.test.context.support.ActiveProfilesUtils - Could not find an 'annotation declaring class' for annotation type [org.springframework.test.context.ActiveProfiles] and class [org.waldreg.reward.users.UsersRewardManagerTest]
01:05:16.310 [Test worker] DEBUG org.springframework.test.context.support.DefaultTestContextBootstrapper - @TestExecutionListeners is not present for class [org.waldreg.reward.users.UsersRewardManagerTest]: using defaults.
01:05:16.310 [Test worker] INFO org.springframework.test.context.support.DefaultTestContextBootstrapper - Loaded default TestExecutionListener class names from location [META-INF/spring.factories]: [org.springframework.boot.test.autoconfigure.restdocs.RestDocsTestExecutionListener, org.springframework.boot.test.autoconfigure.web.client.MockRestServiceServerResetTestExecutionListener, org.springframework.boot.test.autoconfigure.web.servlet.MockMvcPrintOnlyOnFailureTestExecutionListener, org.springframework.boot.test.autoconfigure.web.servlet.WebDriverTestExecutionListener, org.springframework.boot.test.autoconfigure.webservices.client.MockWebServiceServerTestExecutionListener, org.springframework.boot.test.mock.mockito.MockitoTestExecutionListener, org.springframework.boot.test.mock.mockito.ResetMocksTestExecutionListener, org.springframework.test.context.web.ServletTestExecutionListener, org.springframework.test.context.support.DirtiesContextBeforeModesTestExecutionListener, org.springframework.test.context.event.ApplicationEventsTestExecutionListener, org.springframework.test.context.support.DependencyInjectionTestExecutionListener, org.springframework.test.context.support.DirtiesContextTestExecutionListener, org.springframework.test.context.transaction.TransactionalTestExecutionListener, org.springframework.test.context.jdbc.SqlScriptsTestExecutionListener, org.springframework.test.context.event.EventPublishingTestExecutionListener]
01:05:16.315 [Test worker] DEBUG org.springframework.test.context.support.DefaultTestContextBootstrapper - Skipping candidate TestExecutionListener [org.springframework.test.context.transaction.TransactionalTestExecutionListener] due to a missing dependency. Specify custom listener classes or make the default listener classes and their required dependencies available. Offending class: [org/springframework/transaction/interceptor/TransactionAttributeSource]
01:05:16.319 [Test worker] DEBUG org.springframework.test.context.support.DefaultTestContextBootstrapper - Skipping candidate TestExecutionListener [org.springframework.test.context.jdbc.SqlScriptsTestExecutionListener] due to a missing dependency. Specify custom listener classes or make the default listener classes and their required dependencies available. Offending class: [org/springframework/transaction/interceptor/TransactionAttribute]
01:05:16.319 [Test worker] INFO org.springframework.test.context.support.DefaultTestContextBootstrapper - Using TestExecutionListeners: [org.springframework.test.context.web.ServletTestExecutionListener@3ae0b770, org.springframework.test.context.support.DirtiesContextBeforeModesTestExecutionListener@55e3d6c3, org.springframework.test.context.event.ApplicationEventsTestExecutionListener@30e6a763, org.springframework.boot.test.mock.mockito.MockitoTestExecutionListener@4c48fe92, org.springframework.test.context.support.DependencyInjectionTestExecutionListener@732c9b5c, org.springframework.test.context.support.DirtiesContextTestExecutionListener@38320e34, org.springframework.test.context.event.EventPublishingTestExecutionListener@3d6a6bee, org.springframework.boot.test.autoconfigure.restdocs.RestDocsTestExecutionListener@36ddaebf, org.springframework.boot.test.autoconfigure.web.client.MockRestServiceServerResetTestExecutionListener@213c3543, org.springframework.boot.test.autoconfigure.web.servlet.MockMvcPrintOnlyOnFailureTestExecutionListener@9d7ccfe, org.springframework.boot.test.autoconfigure.web.servlet.WebDriverTestExecutionListener@670ce331, org.springframework.boot.test.autoconfigure.webservices.client.MockWebServiceServerTestExecutionListener@3cff0139, org.springframework.boot.test.mock.mockito.ResetMocksTestExecutionListener@7c29adc8]
01:05:16.320 [Test worker] DEBUG org.springframework.test.context.support.AbstractDirtiesContextTestExecutionListener - Before test class: context [DefaultTestContext@4b2e3e8f testClass = UsersRewardManagerTest, testInstance = [null], testMethod = [null], testException = [null], mergedContextConfiguration = [MergedContextConfiguration@4bbb49b0 testClass = UsersRewardManagerTest, locations = '{}', classes = '{class org.waldreg.reward.users.DefaultUsersRewardManager}', contextInitializerClasses = '[]', activeProfiles = '{}', propertySourceLocations = '{}', propertySourceProperties = '{}', contextCustomizers = set[org.springframework.boot.test.autoconfigure.actuate.metrics.MetricsExportContextCustomizerFactory$DisableMetricExportContextCustomizer@4f3bbf68, org.springframework.boot.test.autoconfigure.properties.PropertyMappingContextCustomizer@0, org.springframework.boot.test.autoconfigure.web.servlet.WebDriverContextCustomizerFactory$Customizer@3daf7722, org.springframework.boot.test.context.filter.ExcludeFilterContextCustomizer@1fc32e4f, org.springframework.boot.test.json.DuplicateJsonObjectContextCustomizerFactory$DuplicateJsonObjectContextCustomizer@7efaad5a, org.springframework.boot.test.mock.mockito.MockitoContextCustomizer@ea924d7], contextLoader = 'org.springframework.test.context.support.DelegatingSmartContextLoader', parent = [null]], attributes = map[[empty]]], class annotated with @DirtiesContext [false] with mode [null].
01:05:16.320 [Test worker] DEBUG org.springframework.test.context.support.AbstractDelegatingSmartContextLoader - Delegating to AnnotationConfigContextLoader to load context from [MergedContextConfiguration@4bbb49b0 testClass = UsersRewardManagerTest, locations = '{}', classes = '{class org.waldreg.reward.users.DefaultUsersRewardManager}', contextInitializerClasses = '[]', activeProfiles = '{}', propertySourceLocations = '{}', propertySourceProperties = '{}', contextCustomizers = set[org.springframework.boot.test.autoconfigure.actuate.metrics.MetricsExportContextCustomizerFactory$DisableMetricExportContextCustomizer@4f3bbf68, org.springframework.boot.test.autoconfigure.properties.PropertyMappingContextCustomizer@0, org.springframework.boot.test.autoconfigure.web.servlet.WebDriverContextCustomizerFactory$Customizer@3daf7722, org.springframework.boot.test.context.filter.ExcludeFilterContextCustomizer@1fc32e4f, org.springframework.boot.test.json.DuplicateJsonObjectContextCustomizerFactory$DuplicateJsonObjectContextCustomizer@7efaad5a, org.springframework.boot.test.mock.mockito.MockitoContextCustomizer@ea924d7], contextLoader = 'org.springframework.test.context.support.DelegatingSmartContextLoader', parent = [null]].
01:05:16.321 [Test worker] DEBUG org.springframework.test.context.support.AbstractGenericContextLoader - Loading ApplicationContext for merged context configuration [[MergedContextConfiguration@4bbb49b0 testClass = UsersRewardManagerTest, locations = '{}', classes = '{class org.waldreg.reward.users.DefaultUsersRewardManager}', contextInitializerClasses = '[]', activeProfiles = '{}', propertySourceLocations = '{}', propertySourceProperties = '{}', contextCustomizers = set[org.springframework.boot.test.autoconfigure.actuate.metrics.MetricsExportContextCustomizerFactory$DisableMetricExportContextCustomizer@4f3bbf68, org.springframework.boot.test.autoconfigure.properties.PropertyMappingContextCustomizer@0, org.springframework.boot.test.autoconfigure.web.servlet.WebDriverContextCustomizerFactory$Customizer@3daf7722, org.springframework.boot.test.context.filter.ExcludeFilterContextCustomizer@1fc32e4f, org.springframework.boot.test.json.DuplicateJsonObjectContextCustomizerFactory$DuplicateJsonObjectContextCustomizer@7efaad5a, org.springframework.boot.test.mock.mockito.MockitoContextCustomizer@ea924d7], contextLoader = 'org.springframework.test.context.support.DelegatingSmartContextLoader', parent = [null]]].
01:05:16.321 [Test worker] DEBUG org.springframework.core.env.StandardEnvironment - Activating profiles []
01:05:16.321 [Test worker] DEBUG org.springframework.test.context.support.AnnotationConfigContextLoader - Registering component classes: {class org.waldreg.reward.users.DefaultUsersRewardManager}
01:05:16.340 [Test worker] DEBUG org.springframework.context.support.GenericApplicationContext - Refreshing org.springframework.context.support.GenericApplicationContext@f096f37
01:05:16.340 [Test worker] DEBUG org.springframework.beans.factory.support.DefaultListableBeanFactory - Creating shared instance of singleton bean 'org.springframework.context.annotation.internalConfigurationAnnotationProcessor'
01:05:16.377 [Test worker] DEBUG org.springframework.beans.factory.support.DefaultListableBeanFactory - Creating shared instance of singleton bean 'org.springframework.boot.test.mock.mockito.MockitoPostProcessor'
01:05:16.400 [Test worker] DEBUG org.springframework.beans.factory.support.DefaultListableBeanFactory - Creating shared instance of singleton bean 'org.springframework.context.event.internalEventListenerProcessor'
01:05:16.400 [Test worker] DEBUG org.springframework.beans.factory.support.DefaultListableBeanFactory - Creating shared instance of singleton bean 'org.springframework.context.event.internalEventListenerFactory'
01:05:16.401 [Test worker] DEBUG org.springframework.beans.factory.support.DefaultListableBeanFactory - Creating shared instance of singleton bean 'org.springframework.context.annotation.internalAutowiredAnnotationProcessor'
01:05:16.408 [Test worker] DEBUG org.springframework.beans.factory.support.DefaultListableBeanFactory - Creating shared instance of singleton bean 'org.springframework.context.annotation.internalCommonAnnotationProcessor'
01:05:16.408 [Test worker] DEBUG org.springframework.beans.factory.support.DefaultListableBeanFactory - Creating shared instance of singleton bean 'org.springframework.boot.test.mock.mockito.MockitoPostProcessor$SpyPostProcessor'
01:05:16.408 [Test worker] DEBUG org.springframework.beans.factory.support.DefaultListableBeanFactory - Creating shared instance of singleton bean 'defaultUsersRewardManager'
01:05:16.426 [Test worker] DEBUG org.springframework.beans.factory.support.DefaultListableBeanFactory - Autowiring by type from bean name 'defaultUsersRewardManager' via constructor to bean named 'org.waldreg.reward.users.spi.repository.UsersRewardRepository#0'
01:05:16.426 [Test worker] DEBUG org.springframework.beans.factory.support.DefaultListableBeanFactory - Autowiring by type from bean name 'defaultUsersRewardManager' via constructor to bean named 'org.waldreg.reward.users.spi.tag.RewardTagExistChecker#0'
01:05:16.426 [Test worker] DEBUG org.springframework.beans.factory.support.DefaultListableBeanFactory - Autowiring by type from bean name 'defaultUsersRewardManager' via constructor to bean named 'org.waldreg.reward.users.spi.repository.UserExistChecker#0'
01:05:16.474 [Test worker] DEBUG org.springframework.test.context.cache.DefaultCacheAwareContextLoaderDelegate - Storing ApplicationContext [252276535] in cache under key [[MergedContextConfiguration@4bbb49b0 testClass = UsersRewardManagerTest, locations = '{}', classes = '{class org.waldreg.reward.users.DefaultUsersRewardManager}', contextInitializerClasses = '[]', activeProfiles = '{}', propertySourceLocations = '{}', propertySourceProperties = '{}', contextCustomizers = set[org.springframework.boot.test.autoconfigure.actuate.metrics.MetricsExportContextCustomizerFactory$DisableMetricExportContextCustomizer@4f3bbf68, org.springframework.boot.test.autoconfigure.properties.PropertyMappingContextCustomizer@0, org.springframework.boot.test.autoconfigure.web.servlet.WebDriverContextCustomizerFactory$Customizer@3daf7722, org.springframework.boot.test.context.filter.ExcludeFilterContextCustomizer@1fc32e4f, org.springframework.boot.test.json.DuplicateJsonObjectContextCustomizerFactory$DuplicateJsonObjectContextCustomizer@7efaad5a, org.springframework.boot.test.mock.mockito.MockitoContextCustomizer@ea924d7], contextLoader = 'org.springframework.test.context.support.DelegatingSmartContextLoader', parent = [null]]]
01:05:16.474 [Test worker] DEBUG org.springframework.test.context.cache - Spring test ApplicationContext cache statistics: [DefaultContextCache@5782d777 size = 3, maxSize = 32, parentContextCount = 0, hitCount = 118, missCount = 3]
01:05:16.474 [Test worker] DEBUG org.springframework.test.context.support.DependencyInjectionTestExecutionListener - Performing dependency injection for test context [[DefaultTestContext@4b2e3e8f testClass = UsersRewardManagerTest, testInstance = org.waldreg.reward.users.UsersRewardManagerTest@e322ec9, testMethod = [null], testException = [null], mergedContextConfiguration = [MergedContextConfiguration@4bbb49b0 testClass = UsersRewardManagerTest, locations = '{}', classes = '{class org.waldreg.reward.users.DefaultUsersRewardManager}', contextInitializerClasses = '[]', activeProfiles = '{}', propertySourceLocations = '{}', propertySourceProperties = '{}', contextCustomizers = set[org.springframework.boot.test.autoconfigure.actuate.metrics.MetricsExportContextCustomizerFactory$DisableMetricExportContextCustomizer@4f3bbf68, org.springframework.boot.test.autoconfigure.properties.PropertyMappingContextCustomizer@0, org.springframework.boot.test.autoconfigure.web.servlet.WebDriverContextCustomizerFactory$Customizer@3daf7722, org.springframework.boot.test.context.filter.ExcludeFilterContextCustomizer@1fc32e4f, org.springframework.boot.test.json.DuplicateJsonObjectContextCustomizerFactory$DuplicateJsonObjectContextCustomizer@7efaad5a, org.springframework.boot.test.mock.mockito.MockitoContextCustomizer@ea924d7], contextLoader = 'org.springframework.test.context.support.DelegatingSmartContextLoader', parent = [null]], attributes = map['org.springframework.test.context.event.ApplicationEventsTestExecutionListener.recordApplicationEvents' -> false]]].
01:05:16.474 [Test worker] DEBUG org.springframework.test.context.cache.DefaultCacheAwareContextLoaderDelegate - Retrieved ApplicationContext [252276535] from cache with key [[MergedContextConfiguration@4bbb49b0 testClass = UsersRewardManagerTest, locations = '{}', classes = '{class org.waldreg.reward.users.DefaultUsersRewardManager}', contextInitializerClasses = '[]', activeProfiles = '{}', propertySourceLocations = '{}', propertySourceProperties = '{}', contextCustomizers = set[org.springframework.boot.test.autoconfigure.actuate.metrics.MetricsExportContextCustomizerFactory$DisableMetricExportContextCustomizer@4f3bbf68, org.springframework.boot.test.autoconfigure.properties.PropertyMappingContextCustomizer@0, org.springframework.boot.test.autoconfigure.web.servlet.WebDriverContextCustomizerFactory$Customizer@3daf7722, org.springframework.boot.test.context.filter.ExcludeFilterContextCustomizer@1fc32e4f, org.springframework.boot.test.json.DuplicateJsonObjectContextCustomizerFactory$DuplicateJsonObjectContextCustomizer@7efaad5a, org.springframework.boot.test.mock.mockito.MockitoContextCustomizer@ea924d7], contextLoader = 'org.springframework.test.context.support.DelegatingSmartContextLoader', parent = [null]]]
01:05:16.474 [Test worker] DEBUG org.springframework.test.context.cache - Spring test ApplicationContext cache statistics: [DefaultContextCache@5782d777 size = 3, maxSize = 32, parentContextCount = 0, hitCount = 119, missCount = 3]
01:05:16.496 [Test worker] DEBUG org.springframework.test.context.cache.DefaultCacheAwareContextLoaderDelegate - Retrieved ApplicationContext [252276535] from cache with key [[MergedContextConfiguration@4bbb49b0 testClass = UsersRewardManagerTest, locations = '{}', classes = '{class org.waldreg.reward.users.DefaultUsersRewardManager}', contextInitializerClasses = '[]', activeProfiles = '{}', propertySourceLocations = '{}', propertySourceProperties = '{}', contextCustomizers = set[org.springframework.boot.test.autoconfigure.actuate.metrics.MetricsExportContextCustomizerFactory$DisableMetricExportContextCustomizer@4f3bbf68, org.springframework.boot.test.autoconfigure.properties.PropertyMappingContextCustomizer@0, org.springframework.boot.test.autoconfigure.web.servlet.WebDriverContextCustomizerFactory$Customizer@3daf7722, org.springframework.boot.test.context.filter.ExcludeFilterContextCustomizer@1fc32e4f, org.springframework.boot.test.json.DuplicateJsonObjectContextCustomizerFactory$DuplicateJsonObjectContextCustomizer@7efaad5a, org.springframework.boot.test.mock.mockito.MockitoContextCustomizer@ea924d7], contextLoader = 'org.springframework.test.context.support.DelegatingSmartContextLoader', parent = [null]]]
01:05:16.496 [Test worker] DEBUG org.springframework.test.context.cache - Spring test ApplicationContext cache statistics: [DefaultContextCache@5782d777 size = 3, maxSize = 32, parentContextCount = 0, hitCount = 120, missCount = 3]
01:05:16.497 [Test worker] DEBUG org.springframework.test.context.support.AbstractDirtiesContextTestExecutionListener - Before test method: context [DefaultTestContext@4b2e3e8f testClass = UsersRewardManagerTest, testInstance = org.waldreg.reward.users.UsersRewardManagerTest@e322ec9, testMethod = DELETE_REWARD_TAG_ASSIGNED_TO_SPECIFY_USERS_FAIL_CANNOT_FIND_USER_TEST@UsersRewardManagerTest, testException = [null], mergedContextConfiguration = [MergedContextConfiguration@4bbb49b0 testClass = UsersRewardManagerTest, locations = '{}', classes = '{class org.waldreg.reward.users.DefaultUsersRewardManager}', contextInitializerClasses = '[]', activeProfiles = '{}', propertySourceLocations = '{}', propertySourceProperties = '{}', contextCustomizers = set[org.springframework.boot.test.autoconfigure.actuate.metrics.MetricsExportContextCustomizerFactory$DisableMetricExportContextCustomizer@4f3bbf68, org.springframework.boot.test.autoconfigure.properties.PropertyMappingContextCustomizer@0, org.springframework.boot.test.autoconfigure.web.servlet.WebDriverContextCustomizerFactory$Customizer@3daf7722, org.springframework.boot.test.context.filter.ExcludeFilterContextCustomizer@1fc32e4f, org.springframework.boot.test.json.DuplicateJsonObjectContextCustomizerFactory$DuplicateJsonObjectContextCustomizer@7efaad5a, org.springframework.boot.test.mock.mockito.MockitoContextCustomizer@ea924d7], contextLoader = 'org.springframework.test.context.support.DelegatingSmartContextLoader', parent = [null]], attributes = map['org.springframework.test.context.event.ApplicationEventsTestExecutionListener.recordApplicationEvents' -> false]], class annotated with @DirtiesContext [false] with mode [null], method annotated with @DirtiesContext [false] with mode [null].
01:05:16.497 [Test worker] DEBUG org.springframework.test.context.cache.DefaultCacheAwareContextLoaderDelegate - Retrieved ApplicationContext [252276535] from cache with key [[MergedContextConfiguration@4bbb49b0 testClass = UsersRewardManagerTest, locations = '{}', classes = '{class org.waldreg.reward.users.DefaultUsersRewardManager}', contextInitializerClasses = '[]', activeProfiles = '{}', propertySourceLocations = '{}', propertySourceProperties = '{}', contextCustomizers = set[org.springframework.boot.test.autoconfigure.actuate.metrics.MetricsExportContextCustomizerFactory$DisableMetricExportContextCustomizer@4f3bbf68, org.springframework.boot.test.autoconfigure.properties.PropertyMappingContextCustomizer@0, org.springframework.boot.test.autoconfigure.web.servlet.WebDriverContextCustomizerFactory$Customizer@3daf7722, org.springframework.boot.test.context.filter.ExcludeFilterContextCustomizer@1fc32e4f, org.springframework.boot.test.json.DuplicateJsonObjectContextCustomizerFactory$DuplicateJsonObjectContextCustomizer@7efaad5a, org.springframework.boot.test.mock.mockito.MockitoContextCustomizer@ea924d7], contextLoader = 'org.springframework.test.context.support.DelegatingSmartContextLoader', parent = [null]]]
01:05:16.497 [Test worker] DEBUG org.springframework.test.context.cache - Spring test ApplicationContext cache statistics: [DefaultContextCache@5782d777 size = 3, maxSize = 32, parentContextCount = 0, hitCount = 121, missCount = 3]
01:05:16.505 [Test worker] DEBUG org.springframework.test.context.cache.DefaultCacheAwareContextLoaderDelegate - Retrieved ApplicationContext [252276535] from cache with key [[MergedContextConfiguration@4bbb49b0 testClass = UsersRewardManagerTest, locations = '{}', classes = '{class org.waldreg.reward.users.DefaultUsersRewardManager}', contextInitializerClasses = '[]', activeProfiles = '{}', propertySourceLocations = '{}', propertySourceProperties = '{}', contextCustomizers = set[org.springframework.boot.test.autoconfigure.actuate.metrics.MetricsExportContextCustomizerFactory$DisableMetricExportContextCustomizer@4f3bbf68, org.springframework.boot.test.autoconfigure.properties.PropertyMappingContextCustomizer@0, org.springframework.boot.test.autoconfigure.web.servlet.WebDriverContextCustomizerFactory$Customizer@3daf7722, org.springframework.boot.test.context.filter.ExcludeFilterContextCustomizer@1fc32e4f, org.springframework.boot.test.json.DuplicateJsonObjectContextCustomizerFactory$DuplicateJsonObjectContextCustomizer@7efaad5a, org.springframework.boot.test.mock.mockito.MockitoContextCustomizer@ea924d7], contextLoader = 'org.springframework.test.context.support.DelegatingSmartContextLoader', parent = [null]]]
01:05:16.506 [Test worker] DEBUG org.springframework.test.context.cache - Spring test ApplicationContext cache statistics: [DefaultContextCache@5782d777 size = 3, maxSize = 32, parentContextCount = 0, hitCount = 122, missCount = 3]
01:05:16.506 [Test worker] DEBUG org.springframework.test.context.cache.DefaultCacheAwareContextLoaderDelegate - Retrieved ApplicationContext [252276535] from cache with key [[MergedContextConfiguration@4bbb49b0 testClass = UsersRewardManagerTest, locations = '{}', classes = '{class org.waldreg.reward.users.DefaultUsersRewardManager}', contextInitializerClasses = '[]', activeProfiles = '{}', propertySourceLocations = '{}', propertySourceProperties = '{}', contextCustomizers = set[org.springframework.boot.test.autoconfigure.actuate.metrics.MetricsExportContextCustomizerFactory$DisableMetricExportContextCustomizer@4f3bbf68, org.springframework.boot.test.autoconfigure.properties.PropertyMappingContextCustomizer@0, org.springframework.boot.test.autoconfigure.web.servlet.WebDriverContextCustomizerFactory$Customizer@3daf7722, org.springframework.boot.test.context.filter.ExcludeFilterContextCustomizer@1fc32e4f, org.springframework.boot.test.json.DuplicateJsonObjectContextCustomizerFactory$DuplicateJsonObjectContextCustomizer@7efaad5a, org.springframework.boot.test.mock.mockito.MockitoContextCustomizer@ea924d7], contextLoader = 'org.springframework.test.context.support.DelegatingSmartContextLoader', parent = [null]]]
01:05:16.506 [Test worker] DEBUG org.springframework.test.context.cache - Spring test ApplicationContext cache statistics: [DefaultContextCache@5782d777 size = 3, maxSize = 32, parentContextCount = 0, hitCount = 123, missCount = 3]
01:05:16.507 [Test worker] DEBUG org.springframework.test.context.cache.DefaultCacheAwareContextLoaderDelegate - Retrieved ApplicationContext [252276535] from cache with key [[MergedContextConfiguration@4bbb49b0 testClass = UsersRewardManagerTest, locations = '{}', classes = '{class org.waldreg.reward.users.DefaultUsersRewardManager}', contextInitializerClasses = '[]', activeProfiles = '{}', propertySourceLocations = '{}', propertySourceProperties = '{}', contextCustomizers = set[org.springframework.boot.test.autoconfigure.actuate.metrics.MetricsExportContextCustomizerFactory$DisableMetricExportContextCustomizer@4f3bbf68, org.springframework.boot.test.autoconfigure.properties.PropertyMappingContextCustomizer@0, org.springframework.boot.test.autoconfigure.web.servlet.WebDriverContextCustomizerFactory$Customizer@3daf7722, org.springframework.boot.test.context.filter.ExcludeFilterContextCustomizer@1fc32e4f, org.springframework.boot.test.json.DuplicateJsonObjectContextCustomizerFactory$DuplicateJsonObjectContextCustomizer@7efaad5a, org.springframework.boot.test.mock.mockito.MockitoContextCustomizer@ea924d7], contextLoader = 'org.springframework.test.context.support.DelegatingSmartContextLoader', parent = [null]]]
01:05:16.507 [Test worker] DEBUG org.springframework.test.context.cache - Spring test ApplicationContext cache statistics: [DefaultContextCache@5782d777 size = 3, maxSize = 32, parentContextCount = 0, hitCount = 124, missCount = 3]
01:05:16.507 [Test worker] DEBUG org.springframework.test.context.cache.DefaultCacheAwareContextLoaderDelegate - Retrieved ApplicationContext [252276535] from cache with key [[MergedContextConfiguration@4bbb49b0 testClass = UsersRewardManagerTest, locations = '{}', classes = '{class org.waldreg.reward.users.DefaultUsersRewardManager}', contextInitializerClasses = '[]', activeProfiles = '{}', propertySourceLocations = '{}', propertySourceProperties = '{}', contextCustomizers = set[org.springframework.boot.test.autoconfigure.actuate.metrics.MetricsExportContextCustomizerFactory$DisableMetricExportContextCustomizer@4f3bbf68, org.springframework.boot.test.autoconfigure.properties.PropertyMappingContextCustomizer@0, org.springframework.boot.test.autoconfigure.web.servlet.WebDriverContextCustomizerFactory$Customizer@3daf7722, org.springframework.boot.test.context.filter.ExcludeFilterContextCustomizer@1fc32e4f, org.springframework.boot.test.json.DuplicateJsonObjectContextCustomizerFactory$DuplicateJsonObjectContextCustomizer@7efaad5a, org.springframework.boot.test.mock.mockito.MockitoContextCustomizer@ea924d7], contextLoader = 'org.springframework.test.context.support.DelegatingSmartContextLoader', parent = [null]]]
01:05:16.508 [Test worker] DEBUG org.springframework.test.context.cache - Spring test ApplicationContext cache statistics: [DefaultContextCache@5782d777 size = 3, maxSize = 32, parentContextCount = 0, hitCount = 125, missCount = 3]
01:05:16.516 [Test worker] DEBUG org.springframework.test.context.cache.DefaultCacheAwareContextLoaderDelegate - Retrieved ApplicationContext [252276535] from cache with key [[MergedContextConfiguration@4bbb49b0 testClass = UsersRewardManagerTest, locations = '{}', classes = '{class org.waldreg.reward.users.DefaultUsersRewardManager}', contextInitializerClasses = '[]', activeProfiles = '{}', propertySourceLocations = '{}', propertySourceProperties = '{}', contextCustomizers = set[org.springframework.boot.test.autoconfigure.actuate.metrics.MetricsExportContextCustomizerFactory$DisableMetricExportContextCustomizer@4f3bbf68, org.springframework.boot.test.autoconfigure.properties.PropertyMappingContextCustomizer@0, org.springframework.boot.test.autoconfigure.web.servlet.WebDriverContextCustomizerFactory$Customizer@3daf7722, org.springframework.boot.test.context.filter.ExcludeFilterContextCustomizer@1fc32e4f, org.springframework.boot.test.json.DuplicateJsonObjectContextCustomizerFactory$DuplicateJsonObjectContextCustomizer@7efaad5a, org.springframework.boot.test.mock.mockito.MockitoContextCustomizer@ea924d7], contextLoader = 'org.springframework.test.context.support.DelegatingSmartContextLoader', parent = [null]]]
01:05:16.516 [Test worker] DEBUG org.springframework.test.context.cache - Spring test ApplicationContext cache statistics: [DefaultContextCache@5782d777 size = 3, maxSize = 32, parentContextCount = 0, hitCount = 126, missCount = 3]
01:05:16.516 [Test worker] DEBUG org.springframework.test.context.cache.DefaultCacheAwareContextLoaderDelegate - Retrieved ApplicationContext [252276535] from cache with key [[MergedContextConfiguration@4bbb49b0 testClass = UsersRewardManagerTest, locations = '{}', classes = '{class org.waldreg.reward.users.DefaultUsersRewardManager}', contextInitializerClasses = '[]', activeProfiles = '{}', propertySourceLocations = '{}', propertySourceProperties = '{}', contextCustomizers = set[org.springframework.boot.test.autoconfigure.actuate.metrics.MetricsExportContextCustomizerFactory$DisableMetricExportContextCustomizer@4f3bbf68, org.springframework.boot.test.autoconfigure.properties.PropertyMappingContextCustomizer@0, org.springframework.boot.test.autoconfigure.web.servlet.WebDriverContextCustomizerFactory$Customizer@3daf7722, org.springframework.boot.test.context.filter.ExcludeFilterContextCustomizer@1fc32e4f, org.springframework.boot.test.json.DuplicateJsonObjectContextCustomizerFactory$DuplicateJsonObjectContextCustomizer@7efaad5a, org.springframework.boot.test.mock.mockito.MockitoContextCustomizer@ea924d7], contextLoader = 'org.springframework.test.context.support.DelegatingSmartContextLoader', parent = [null]]]
01:05:16.516 [Test worker] DEBUG org.springframework.test.context.cache - Spring test ApplicationContext cache statistics: [DefaultContextCache@5782d777 size = 3, maxSize = 32, parentContextCount = 0, hitCount = 127, missCount = 3]
01:05:16.516 [Test worker] DEBUG org.springframework.test.context.cache.DefaultCacheAwareContextLoaderDelegate - Retrieved ApplicationContext [252276535] from cache with key [[MergedContextConfiguration@4bbb49b0 testClass = UsersRewardManagerTest, locations = '{}', classes = '{class org.waldreg.reward.users.DefaultUsersRewardManager}', contextInitializerClasses = '[]', activeProfiles = '{}', propertySourceLocations = '{}', propertySourceProperties = '{}', contextCustomizers = set[org.springframework.boot.test.autoconfigure.actuate.metrics.MetricsExportContextCustomizerFactory$DisableMetricExportContextCustomizer@4f3bbf68, org.springframework.boot.test.autoconfigure.properties.PropertyMappingContextCustomizer@0, org.springframework.boot.test.autoconfigure.web.servlet.WebDriverContextCustomizerFactory$Customizer@3daf7722, org.springframework.boot.test.context.filter.ExcludeFilterContextCustomizer@1fc32e4f, org.springframework.boot.test.json.DuplicateJsonObjectContextCustomizerFactory$DuplicateJsonObjectContextCustomizer@7efaad5a, org.springframework.boot.test.mock.mockito.MockitoContextCustomizer@ea924d7], contextLoader = 'org.springframework.test.context.support.DelegatingSmartContextLoader', parent = [null]]]
01:05:16.516 [Test worker] DEBUG org.springframework.test.context.cache - Spring test ApplicationContext cache statistics: [DefaultContextCache@5782d777 size = 3, maxSize = 32, parentContextCount = 0, hitCount = 128, missCount = 3]
01:05:16.523 [Test worker] DEBUG org.springframework.test.context.cache.DefaultCacheAwareContextLoaderDelegate - Retrieved ApplicationContext [252276535] from cache with key [[MergedContextConfiguration@4bbb49b0 testClass = UsersRewardManagerTest, locations = '{}', classes = '{class org.waldreg.reward.users.DefaultUsersRewardManager}', contextInitializerClasses = '[]', activeProfiles = '{}', propertySourceLocations = '{}', propertySourceProperties = '{}', contextCustomizers = set[org.springframework.boot.test.autoconfigure.actuate.metrics.MetricsExportContextCustomizerFactory$DisableMetricExportContextCustomizer@4f3bbf68, org.springframework.boot.test.autoconfigure.properties.PropertyMappingContextCustomizer@0, org.springframework.boot.test.autoconfigure.web.servlet.WebDriverContextCustomizerFactory$Customizer@3daf7722, org.springframework.boot.test.context.filter.ExcludeFilterContextCustomizer@1fc32e4f, org.springframework.boot.test.json.DuplicateJsonObjectContextCustomizerFactory$DuplicateJsonObjectContextCustomizer@7efaad5a, org.springframework.boot.test.mock.mockito.MockitoContextCustomizer@ea924d7], contextLoader = 'org.springframework.test.context.support.DelegatingSmartContextLoader', parent = [null]]]
01:05:16.523 [Test worker] DEBUG org.springframework.test.context.cache - Spring test ApplicationContext cache statistics: [DefaultContextCache@5782d777 size = 3, maxSize = 32, parentContextCount = 0, hitCount = 129, missCount = 3]
01:05:16.523 [Test worker] DEBUG org.springframework.test.context.support.AbstractDirtiesContextTestExecutionListener - After test method: context [DefaultTestContext@4b2e3e8f testClass = UsersRewardManagerTest, testInstance = org.waldreg.reward.users.UsersRewardManagerTest@e322ec9, testMethod = DELETE_REWARD_TAG_ASSIGNED_TO_SPECIFY_USERS_FAIL_CANNOT_FIND_USER_TEST@UsersRewardManagerTest, testException = [null], mergedContextConfiguration = [MergedContextConfiguration@4bbb49b0 testClass = UsersRewardManagerTest, locations = '{}', classes = '{class org.waldreg.reward.users.DefaultUsersRewardManager}', contextInitializerClasses = '[]', activeProfiles = '{}', propertySourceLocations = '{}', propertySourceProperties = '{}', contextCustomizers = set[org.springframework.boot.test.autoconfigure.actuate.metrics.MetricsExportContextCustomizerFactory$DisableMetricExportContextCustomizer@4f3bbf68, org.springframework.boot.test.autoconfigure.properties.PropertyMappingContextCustomizer@0, org.springframework.boot.test.autoconfigure.web.servlet.WebDriverContextCustomizerFactory$Customizer@3daf7722, org.springframework.boot.test.context.filter.ExcludeFilterContextCustomizer@1fc32e4f, org.springframework.boot.test.json.DuplicateJsonObjectContextCustomizerFactory$DuplicateJsonObjectContextCustomizer@7efaad5a, org.springframework.boot.test.mock.mockito.MockitoContextCustomizer@ea924d7], contextLoader = 'org.springframework.test.context.support.DelegatingSmartContextLoader', parent = [null]], attributes = map['org.springframework.test.context.event.ApplicationEventsTestExecutionListener.recordApplicationEvents' -> false]], class annotated with @DirtiesContext [false] with mode [null], method annotated with @DirtiesContext [false] with mode [null].
01:05:16.524 [Test worker] DEBUG org.springframework.test.context.cache.DefaultCacheAwareContextLoaderDelegate - Retrieved ApplicationContext [252276535] from cache with key [[MergedContextConfiguration@4bbb49b0 testClass = UsersRewardManagerTest, locations = '{}', classes = '{class org.waldreg.reward.users.DefaultUsersRewardManager}', contextInitializerClasses = '[]', activeProfiles = '{}', propertySourceLocations = '{}', propertySourceProperties = '{}', contextCustomizers = set[org.springframework.boot.test.autoconfigure.actuate.metrics.MetricsExportContextCustomizerFactory$DisableMetricExportContextCustomizer@4f3bbf68, org.springframework.boot.test.autoconfigure.properties.PropertyMappingContextCustomizer@0, org.springframework.boot.test.autoconfigure.web.servlet.WebDriverContextCustomizerFactory$Customizer@3daf7722, org.springframework.boot.test.context.filter.ExcludeFilterContextCustomizer@1fc32e4f, org.springframework.boot.test.json.DuplicateJsonObjectContextCustomizerFactory$DuplicateJsonObjectContextCustomizer@7efaad5a, org.springframework.boot.test.mock.mockito.MockitoContextCustomizer@ea924d7], contextLoader = 'org.springframework.test.context.support.DelegatingSmartContextLoader', parent = [null]]]
01:05:16.524 [Test worker] DEBUG org.springframework.test.context.cache - Spring test ApplicationContext cache statistics: [DefaultContextCache@5782d777 size = 3, maxSize = 32, parentContextCount = 0, hitCount = 130, missCount = 3]
01:05:16.524 [Test worker] DEBUG org.springframework.test.context.support.DependencyInjectionTestExecutionListener - Performing dependency injection for test context [[DefaultTestContext@4b2e3e8f testClass = UsersRewardManagerTest, testInstance = org.waldreg.reward.users.UsersRewardManagerTest@7f5eae0f, testMethod = [null], testException = [null], mergedContextConfiguration = [MergedContextConfiguration@4bbb49b0 testClass = UsersRewardManagerTest, locations = '{}', classes = '{class org.waldreg.reward.users.DefaultUsersRewardManager}', contextInitializerClasses = '[]', activeProfiles = '{}', propertySourceLocations = '{}', propertySourceProperties = '{}', contextCustomizers = set[org.springframework.boot.test.autoconfigure.actuate.metrics.MetricsExportContextCustomizerFactory$DisableMetricExportContextCustomizer@4f3bbf68, org.springframework.boot.test.autoconfigure.properties.PropertyMappingContextCustomizer@0, org.springframework.boot.test.autoconfigure.web.servlet.WebDriverContextCustomizerFactory$Customizer@3daf7722, org.springframework.boot.test.context.filter.ExcludeFilterContextCustomizer@1fc32e4f, org.springframework.boot.test.json.DuplicateJsonObjectContextCustomizerFactory$DuplicateJsonObjectContextCustomizer@7efaad5a, org.springframework.boot.test.mock.mockito.MockitoContextCustomizer@ea924d7], contextLoader = 'org.springframework.test.context.support.DelegatingSmartContextLoader', parent = [null]], attributes = map['org.springframework.test.context.event.ApplicationEventsTestExecutionListener.recordApplicationEvents' -> false]]].
01:05:16.524 [Test worker] DEBUG org.springframework.test.context.cache.DefaultCacheAwareContextLoaderDelegate - Retrieved ApplicationContext [252276535] from cache with key [[MergedContextConfiguration@4bbb49b0 testClass = UsersRewardManagerTest, locations = '{}', classes = '{class org.waldreg.reward.users.DefaultUsersRewardManager}', contextInitializerClasses = '[]', activeProfiles = '{}', propertySourceLocations = '{}', propertySourceProperties = '{}', contextCustomizers = set[org.springframework.boot.test.autoconfigure.actuate.metrics.MetricsExportContextCustomizerFactory$DisableMetricExportContextCustomizer@4f3bbf68, org.springframework.boot.test.autoconfigure.properties.PropertyMappingContextCustomizer@0, org.springframework.boot.test.autoconfigure.web.servlet.WebDriverContextCustomizerFactory$Customizer@3daf7722, org.springframework.boot.test.context.filter.ExcludeFilterContextCustomizer@1fc32e4f, org.springframework.boot.test.json.DuplicateJsonObjectContextCustomizerFactory$DuplicateJsonObjectContextCustomizer@7efaad5a, org.springframework.boot.test.mock.mockito.MockitoContextCustomizer@ea924d7], contextLoader = 'org.springframework.test.context.support.DelegatingSmartContextLoader', parent = [null]]]
01:05:16.524 [Test worker] DEBUG org.springframework.test.context.cache - Spring test ApplicationContext cache statistics: [DefaultContextCache@5782d777 size = 3, maxSize = 32, parentContextCount = 0, hitCount = 131, missCount = 3]
01:05:16.525 [Test worker] DEBUG org.springframework.test.context.cache.DefaultCacheAwareContextLoaderDelegate - Retrieved ApplicationContext [252276535] from cache with key [[MergedContextConfiguration@4bbb49b0 testClass = UsersRewardManagerTest, locations = '{}', classes = '{class org.waldreg.reward.users.DefaultUsersRewardManager}', contextInitializerClasses = '[]', activeProfiles = '{}', propertySourceLocations = '{}', propertySourceProperties = '{}', contextCustomizers = set[org.springframework.boot.test.autoconfigure.actuate.metrics.MetricsExportContextCustomizerFactory$DisableMetricExportContextCustomizer@4f3bbf68, org.springframework.boot.test.autoconfigure.properties.PropertyMappingContextCustomizer@0, org.springframework.boot.test.autoconfigure.web.servlet.WebDriverContextCustomizerFactory$Customizer@3daf7722, org.springframework.boot.test.context.filter.ExcludeFilterContextCustomizer@1fc32e4f, org.springframework.boot.test.json.DuplicateJsonObjectContextCustomizerFactory$DuplicateJsonObjectContextCustomizer@7efaad5a, org.springframework.boot.test.mock.mockito.MockitoContextCustomizer@ea924d7], contextLoader = 'org.springframework.test.context.support.DelegatingSmartContextLoader', parent = [null]]]
01:05:16.525 [Test worker] DEBUG org.springframework.test.context.cache - Spring test ApplicationContext cache statistics: [DefaultContextCache@5782d777 size = 3, maxSize = 32, parentContextCount = 0, hitCount = 132, missCount = 3]
01:05:16.525 [Test worker] DEBUG org.springframework.test.context.support.AbstractDirtiesContextTestExecutionListener - Before test method: context [DefaultTestContext@4b2e3e8f testClass = UsersRewardManagerTest, testInstance = org.waldreg.reward.users.UsersRewardManagerTest@7f5eae0f, testMethod = RESET_ALL_USERS_REWARD_SUCCESS_TEST@UsersRewardManagerTest, testException = [null], mergedContextConfiguration = [MergedContextConfiguration@4bbb49b0 testClass = UsersRewardManagerTest, locations = '{}', classes = '{class org.waldreg.reward.users.DefaultUsersRewardManager}', contextInitializerClasses = '[]', activeProfiles = '{}', propertySourceLocations = '{}', propertySourceProperties = '{}', contextCustomizers = set[org.springframework.boot.test.autoconfigure.actuate.metrics.MetricsExportContextCustomizerFactory$DisableMetricExportContextCustomizer@4f3bbf68, org.springframework.boot.test.autoconfigure.properties.PropertyMappingContextCustomizer@0, org.springframework.boot.test.autoconfigure.web.servlet.WebDriverContextCustomizerFactory$Customizer@3daf7722, org.springframework.boot.test.context.filter.ExcludeFilterContextCustomizer@1fc32e4f, org.springframework.boot.test.json.DuplicateJsonObjectContextCustomizerFactory$DuplicateJsonObjectContextCustomizer@7efaad5a, org.springframework.boot.test.mock.mockito.MockitoContextCustomizer@ea924d7], contextLoader = 'org.springframework.test.context.support.DelegatingSmartContextLoader', parent = [null]], attributes = map['org.springframework.test.context.event.ApplicationEventsTestExecutionListener.recordApplicationEvents' -> false]], class annotated with @DirtiesContext [false] with mode [null], method annotated with @DirtiesContext [false] with mode [null].
01:05:16.525 [Test worker] DEBUG org.springframework.test.context.cache.DefaultCacheAwareContextLoaderDelegate - Retrieved ApplicationContext [252276535] from cache with key [[MergedContextConfiguration@4bbb49b0 testClass = UsersRewardManagerTest, locations = '{}', classes = '{class org.waldreg.reward.users.DefaultUsersRewardManager}', contextInitializerClasses = '[]', activeProfiles = '{}', propertySourceLocations = '{}', propertySourceProperties = '{}', contextCustomizers = set[org.springframework.boot.test.autoconfigure.actuate.metrics.MetricsExportContextCustomizerFactory$DisableMetricExportContextCustomizer@4f3bbf68, org.springframework.boot.test.autoconfigure.properties.PropertyMappingContextCustomizer@0, org.springframework.boot.test.autoconfigure.web.servlet.WebDriverContextCustomizerFactory$Customizer@3daf7722, org.springframework.boot.test.context.filter.ExcludeFilterContextCustomizer@1fc32e4f, org.springframework.boot.test.json.DuplicateJsonObjectContextCustomizerFactory$DuplicateJsonObjectContextCustomizer@7efaad5a, org.springframework.boot.test.mock.mockito.MockitoContextCustomizer@ea924d7], contextLoader = 'org.springframework.test.context.support.DelegatingSmartContextLoader', parent = [null]]]
01:05:16.525 [Test worker] DEBUG org.springframework.test.context.cache - Spring test ApplicationContext cache statistics: [DefaultContextCache@5782d777 size = 3, maxSize = 32, parentContextCount = 0, hitCount = 133, missCount = 3]
01:05:16.534 [Test worker] DEBUG org.springframework.test.context.cache.DefaultCacheAwareContextLoaderDelegate - Retrieved ApplicationContext [252276535] from cache with key [[MergedContextConfiguration@4bbb49b0 testClass = UsersRewardManagerTest, locations = '{}', classes = '{class org.waldreg.reward.users.DefaultUsersRewardManager}', contextInitializerClasses = '[]', activeProfiles = '{}', propertySourceLocations = '{}', propertySourceProperties = '{}', contextCustomizers = set[org.springframework.boot.test.autoconfigure.actuate.metrics.MetricsExportContextCustomizerFactory$DisableMetricExportContextCustomizer@4f3bbf68, org.springframework.boot.test.autoconfigure.properties.PropertyMappingContextCustomizer@0, org.springframework.boot.test.autoconfigure.web.servlet.WebDriverContextCustomizerFactory$Customizer@3daf7722, org.springframework.boot.test.context.filter.ExcludeFilterContextCustomizer@1fc32e4f, org.springframework.boot.test.json.DuplicateJsonObjectContextCustomizerFactory$DuplicateJsonObjectContextCustomizer@7efaad5a, org.springframework.boot.test.mock.mockito.MockitoContextCustomizer@ea924d7], contextLoader = 'org.springframework.test.context.support.DelegatingSmartContextLoader', parent = [null]]]
01:05:16.534 [Test worker] DEBUG org.springframework.test.context.cache - Spring test ApplicationContext cache statistics: [DefaultContextCache@5782d777 size = 3, maxSize = 32, parentContextCount = 0, hitCount = 134, missCount = 3]
01:05:16.534 [Test worker] DEBUG org.springframework.test.context.cache.DefaultCacheAwareContextLoaderDelegate - Retrieved ApplicationContext [252276535] from cache with key [[MergedContextConfiguration@4bbb49b0 testClass = UsersRewardManagerTest, locations = '{}', classes = '{class org.waldreg.reward.users.DefaultUsersRewardManager}', contextInitializerClasses = '[]', activeProfiles = '{}', propertySourceLocations = '{}', propertySourceProperties = '{}', contextCustomizers = set[org.springframework.boot.test.autoconfigure.actuate.metrics.MetricsExportContextCustomizerFactory$DisableMetricExportContextCustomizer@4f3bbf68, org.springframework.boot.test.autoconfigure.properties.PropertyMappingContextCustomizer@0, org.springframework.boot.test.autoconfigure.web.servlet.WebDriverContextCustomizerFactory$Customizer@3daf7722, org.springframework.boot.test.context.filter.ExcludeFilterContextCustomizer@1fc32e4f, org.springframework.boot.test.json.DuplicateJsonObjectContextCustomizerFactory$DuplicateJsonObjectContextCustomizer@7efaad5a, org.springframework.boot.test.mock.mockito.MockitoContextCustomizer@ea924d7], contextLoader = 'org.springframework.test.context.support.DelegatingSmartContextLoader', parent = [null]]]
01:05:16.534 [Test worker] DEBUG org.springframework.test.context.cache - Spring test ApplicationContext cache statistics: [DefaultContextCache@5782d777 size = 3, maxSize = 32, parentContextCount = 0, hitCount = 135, missCount = 3]
01:05:16.535 [Test worker] DEBUG org.springframework.test.context.cache.DefaultCacheAwareContextLoaderDelegate - Retrieved ApplicationContext [252276535] from cache with key [[MergedContextConfiguration@4bbb49b0 testClass = UsersRewardManagerTest, locations = '{}', classes = '{class org.waldreg.reward.users.DefaultUsersRewardManager}', contextInitializerClasses = '[]', activeProfiles = '{}', propertySourceLocations = '{}', propertySourceProperties = '{}', contextCustomizers = set[org.springframework.boot.test.autoconfigure.actuate.metrics.MetricsExportContextCustomizerFactory$DisableMetricExportContextCustomizer@4f3bbf68, org.springframework.boot.test.autoconfigure.properties.PropertyMappingContextCustomizer@0, org.springframework.boot.test.autoconfigure.web.servlet.WebDriverContextCustomizerFactory$Customizer@3daf7722, org.springframework.boot.test.context.filter.ExcludeFilterContextCustomizer@1fc32e4f, org.springframework.boot.test.json.DuplicateJsonObjectContextCustomizerFactory$DuplicateJsonObjectContextCustomizer@7efaad5a, org.springframework.boot.test.mock.mockito.MockitoContextCustomizer@ea924d7], contextLoader = 'org.springframework.test.context.support.DelegatingSmartContextLoader', parent = [null]]]
01:05:16.535 [Test worker] DEBUG org.springframework.test.context.cache - Spring test ApplicationContext cache statistics: [DefaultContextCache@5782d777 size = 3, maxSize = 32, parentContextCount = 0, hitCount = 136, missCount = 3]
01:05:16.535 [Test worker] DEBUG org.springframework.test.context.cache.DefaultCacheAwareContextLoaderDelegate - Retrieved ApplicationContext [252276535] from cache with key [[MergedContextConfiguration@4bbb49b0 testClass = UsersRewardManagerTest, locations = '{}', classes = '{class org.waldreg.reward.users.DefaultUsersRewardManager}', contextInitializerClasses = '[]', activeProfiles = '{}', propertySourceLocations = '{}', propertySourceProperties = '{}', contextCustomizers = set[org.springframework.boot.test.autoconfigure.actuate.metrics.MetricsExportContextCustomizerFactory$DisableMetricExportContextCustomizer@4f3bbf68, org.springframework.boot.test.autoconfigure.properties.PropertyMappingContextCustomizer@0, org.springframework.boot.test.autoconfigure.web.servlet.WebDriverContextCustomizerFactory$Customizer@3daf7722, org.springframework.boot.test.context.filter.ExcludeFilterContextCustomizer@1fc32e4f, org.springframework.boot.test.json.DuplicateJsonObjectContextCustomizerFactory$DuplicateJsonObjectContextCustomizer@7efaad5a, org.springframework.boot.test.mock.mockito.MockitoContextCustomizer@ea924d7], contextLoader = 'org.springframework.test.context.support.DelegatingSmartContextLoader', parent = [null]]]
01:05:16.535 [Test worker] DEBUG org.springframework.test.context.cache - Spring test ApplicationContext cache statistics: [DefaultContextCache@5782d777 size = 3, maxSize = 32, parentContextCount = 0, hitCount = 137, missCount = 3]
01:05:16.543 [Test worker] DEBUG org.springframework.test.context.cache.DefaultCacheAwareContextLoaderDelegate - Retrieved ApplicationContext [252276535] from cache with key [[MergedContextConfiguration@4bbb49b0 testClass = UsersRewardManagerTest, locations = '{}', classes = '{class org.waldreg.reward.users.DefaultUsersRewardManager}', contextInitializerClasses = '[]', activeProfiles = '{}', propertySourceLocations = '{}', propertySourceProperties = '{}', contextCustomizers = set[org.springframework.boot.test.autoconfigure.actuate.metrics.MetricsExportContextCustomizerFactory$DisableMetricExportContextCustomizer@4f3bbf68, org.springframework.boot.test.autoconfigure.properties.PropertyMappingContextCustomizer@0, org.springframework.boot.test.autoconfigure.web.servlet.WebDriverContextCustomizerFactory$Customizer@3daf7722, org.springframework.boot.test.context.filter.ExcludeFilterContextCustomizer@1fc32e4f, org.springframework.boot.test.json.DuplicateJsonObjectContextCustomizerFactory$DuplicateJsonObjectContextCustomizer@7efaad5a, org.springframework.boot.test.mock.mockito.MockitoContextCustomizer@ea924d7], contextLoader = 'org.springframework.test.context.support.DelegatingSmartContextLoader', parent = [null]]]
01:05:16.543 [Test worker] DEBUG org.springframework.test.context.cache - Spring test ApplicationContext cache statistics: [DefaultContextCache@5782d777 size = 3, maxSize = 32, parentContextCount = 0, hitCount = 138, missCount = 3]
01:05:16.543 [Test worker] DEBUG org.springframework.test.context.cache.DefaultCacheAwareContextLoaderDelegate - Retrieved ApplicationContext [252276535] from cache with key [[MergedContextConfiguration@4bbb49b0 testClass = UsersRewardManagerTest, locations = '{}', classes = '{class org.waldreg.reward.users.DefaultUsersRewardManager}', contextInitializerClasses = '[]', activeProfiles = '{}', propertySourceLocations = '{}', propertySourceProperties = '{}', contextCustomizers = set[org.springframework.boot.test.autoconfigure.actuate.metrics.MetricsExportContextCustomizerFactory$DisableMetricExportContextCustomizer@4f3bbf68, org.springframework.boot.test.autoconfigure.properties.PropertyMappingContextCustomizer@0, org.springframework.boot.test.autoconfigure.web.servlet.WebDriverContextCustomizerFactory$Customizer@3daf7722, org.springframework.boot.test.context.filter.ExcludeFilterContextCustomizer@1fc32e4f, org.springframework.boot.test.json.DuplicateJsonObjectContextCustomizerFactory$DuplicateJsonObjectContextCustomizer@7efaad5a, org.springframework.boot.test.mock.mockito.MockitoContextCustomizer@ea924d7], contextLoader = 'org.springframework.test.context.support.DelegatingSmartContextLoader', parent = [null]]]
01:05:16.543 [Test worker] DEBUG org.springframework.test.context.cache - Spring test ApplicationContext cache statistics: [DefaultContextCache@5782d777 size = 3, maxSize = 32, parentContextCount = 0, hitCount = 139, missCount = 3]
01:05:16.544 [Test worker] DEBUG org.springframework.test.context.cache.DefaultCacheAwareContextLoaderDelegate - Retrieved ApplicationContext [252276535] from cache with key [[MergedContextConfiguration@4bbb49b0 testClass = UsersRewardManagerTest, locations = '{}', classes = '{class org.waldreg.reward.users.DefaultUsersRewardManager}', contextInitializerClasses = '[]', activeProfiles = '{}', propertySourceLocations = '{}', propertySourceProperties = '{}', contextCustomizers = set[org.springframework.boot.test.autoconfigure.actuate.metrics.MetricsExportContextCustomizerFactory$DisableMetricExportContextCustomizer@4f3bbf68, org.springframework.boot.test.autoconfigure.properties.PropertyMappingContextCustomizer@0, org.springframework.boot.test.autoconfigure.web.servlet.WebDriverContextCustomizerFactory$Customizer@3daf7722, org.springframework.boot.test.context.filter.ExcludeFilterContextCustomizer@1fc32e4f, org.springframework.boot.test.json.DuplicateJsonObjectContextCustomizerFactory$DuplicateJsonObjectContextCustomizer@7efaad5a, org.springframework.boot.test.mock.mockito.MockitoContextCustomizer@ea924d7], contextLoader = 'org.springframework.test.context.support.DelegatingSmartContextLoader', parent = [null]]]
01:05:16.544 [Test worker] DEBUG org.springframework.test.context.cache - Spring test ApplicationContext cache statistics: [DefaultContextCache@5782d777 size = 3, maxSize = 32, parentContextCount = 0, hitCount = 140, missCount = 3]
01:05:16.551 [Test worker] DEBUG org.springframework.test.context.cache.DefaultCacheAwareContextLoaderDelegate - Retrieved ApplicationContext [252276535] from cache with key [[MergedContextConfiguration@4bbb49b0 testClass = UsersRewardManagerTest, locations = '{}', classes = '{class org.waldreg.reward.users.DefaultUsersRewardManager}', contextInitializerClasses = '[]', activeProfiles = '{}', propertySourceLocations = '{}', propertySourceProperties = '{}', contextCustomizers = set[org.springframework.boot.test.autoconfigure.actuate.metrics.MetricsExportContextCustomizerFactory$DisableMetricExportContextCustomizer@4f3bbf68, org.springframework.boot.test.autoconfigure.properties.PropertyMappingContextCustomizer@0, org.springframework.boot.test.autoconfigure.web.servlet.WebDriverContextCustomizerFactory$Customizer@3daf7722, org.springframework.boot.test.context.filter.ExcludeFilterContextCustomizer@1fc32e4f, org.springframework.boot.test.json.DuplicateJsonObjectContextCustomizerFactory$DuplicateJsonObjectContextCustomizer@7efaad5a, org.springframework.boot.test.mock.mockito.MockitoContextCustomizer@ea924d7], contextLoader = 'org.springframework.test.context.support.DelegatingSmartContextLoader', parent = [null]]]
01:05:16.551 [Test worker] DEBUG org.springframework.test.context.cache - Spring test ApplicationContext cache statistics: [DefaultContextCache@5782d777 size = 3, maxSize = 32, parentContextCount = 0, hitCount = 141, missCount = 3]
01:05:16.551 [Test worker] DEBUG org.springframework.test.context.support.AbstractDirtiesContextTestExecutionListener - After test method: context [DefaultTestContext@4b2e3e8f testClass = UsersRewardManagerTest, testInstance = org.waldreg.reward.users.UsersRewardManagerTest@7f5eae0f, testMethod = RESET_ALL_USERS_REWARD_SUCCESS_TEST@UsersRewardManagerTest, testException = [null], mergedContextConfiguration = [MergedContextConfiguration@4bbb49b0 testClass = UsersRewardManagerTest, locations = '{}', classes = '{class org.waldreg.reward.users.DefaultUsersRewardManager}', contextInitializerClasses = '[]', activeProfiles = '{}', propertySourceLocations = '{}', propertySourceProperties = '{}', contextCustomizers = set[org.springframework.boot.test.autoconfigure.actuate.metrics.MetricsExportContextCustomizerFactory$DisableMetricExportContextCustomizer@4f3bbf68, org.springframework.boot.test.autoconfigure.properties.PropertyMappingContextCustomizer@0, org.springframework.boot.test.autoconfigure.web.servlet.WebDriverContextCustomizerFactory$Customizer@3daf7722, org.springframework.boot.test.context.filter.ExcludeFilterContextCustomizer@1fc32e4f, org.springframework.boot.test.json.DuplicateJsonObjectContextCustomizerFactory$DuplicateJsonObjectContextCustomizer@7efaad5a, org.springframework.boot.test.mock.mockito.MockitoContextCustomizer@ea924d7], contextLoader = 'org.springframework.test.context.support.DelegatingSmartContextLoader', parent = [null]], attributes = map['org.springframework.test.context.event.ApplicationEventsTestExecutionListener.recordApplicationEvents' -> false]], class annotated with @DirtiesContext [false] with mode [null], method annotated with @DirtiesContext [false] with mode [null].
01:05:16.552 [Test worker] DEBUG org.springframework.test.context.cache.DefaultCacheAwareContextLoaderDelegate - Retrieved ApplicationContext [252276535] from cache with key [[MergedContextConfiguration@4bbb49b0 testClass = UsersRewardManagerTest, locations = '{}', classes = '{class org.waldreg.reward.users.DefaultUsersRewardManager}', contextInitializerClasses = '[]', activeProfiles = '{}', propertySourceLocations = '{}', propertySourceProperties = '{}', contextCustomizers = set[org.springframework.boot.test.autoconfigure.actuate.metrics.MetricsExportContextCustomizerFactory$DisableMetricExportContextCustomizer@4f3bbf68, org.springframework.boot.test.autoconfigure.properties.PropertyMappingContextCustomizer@0, org.springframework.boot.test.autoconfigure.web.servlet.WebDriverContextCustomizerFactory$Customizer@3daf7722, org.springframework.boot.test.context.filter.ExcludeFilterContextCustomizer@1fc32e4f, org.springframework.boot.test.json.DuplicateJsonObjectContextCustomizerFactory$DuplicateJsonObjectContextCustomizer@7efaad5a, org.springframework.boot.test.mock.mockito.MockitoContextCustomizer@ea924d7], contextLoader = 'org.springframework.test.context.support.DelegatingSmartContextLoader', parent = [null]]]
01:05:16.552 [Test worker] DEBUG org.springframework.test.context.cache - Spring test ApplicationContext cache statistics: [DefaultContextCache@5782d777 size = 3, maxSize = 32, parentContextCount = 0, hitCount = 142, missCount = 3]
01:05:16.552 [Test worker] DEBUG org.springframework.test.context.support.DependencyInjectionTestExecutionListener - Performing dependency injection for test context [[DefaultTestContext@4b2e3e8f testClass = UsersRewardManagerTest, testInstance = org.waldreg.reward.users.UsersRewardManagerTest@255e5e2e, testMethod = [null], testException = [null], mergedContextConfiguration = [MergedContextConfiguration@4bbb49b0 testClass = UsersRewardManagerTest, locations = '{}', classes = '{class org.waldreg.reward.users.DefaultUsersRewardManager}', contextInitializerClasses = '[]', activeProfiles = '{}', propertySourceLocations = '{}', propertySourceProperties = '{}', contextCustomizers = set[org.springframework.boot.test.autoconfigure.actuate.metrics.MetricsExportContextCustomizerFactory$DisableMetricExportContextCustomizer@4f3bbf68, org.springframework.boot.test.autoconfigure.properties.PropertyMappingContextCustomizer@0, org.springframework.boot.test.autoconfigure.web.servlet.WebDriverContextCustomizerFactory$Customizer@3daf7722, org.springframework.boot.test.context.filter.ExcludeFilterContextCustomizer@1fc32e4f, org.springframework.boot.test.json.DuplicateJsonObjectContextCustomizerFactory$DuplicateJsonObjectContextCustomizer@7efaad5a, org.springframework.boot.test.mock.mockito.MockitoContextCustomizer@ea924d7], contextLoader = 'org.springframework.test.context.support.DelegatingSmartContextLoader', parent = [null]], attributes = map['org.springframework.test.context.event.ApplicationEventsTestExecutionListener.recordApplicationEvents' -> false]]].
01:05:16.552 [Test worker] DEBUG org.springframework.test.context.cache.DefaultCacheAwareContextLoaderDelegate - Retrieved ApplicationContext [252276535] from cache with key [[MergedContextConfiguration@4bbb49b0 testClass = UsersRewardManagerTest, locations = '{}', classes = '{class org.waldreg.reward.users.DefaultUsersRewardManager}', contextInitializerClasses = '[]', activeProfiles = '{}', propertySourceLocations = '{}', propertySourceProperties = '{}', contextCustomizers = set[org.springframework.boot.test.autoconfigure.actuate.metrics.MetricsExportContextCustomizerFactory$DisableMetricExportContextCustomizer@4f3bbf68, org.springframework.boot.test.autoconfigure.properties.PropertyMappingContextCustomizer@0, org.springframework.boot.test.autoconfigure.web.servlet.WebDriverContextCustomizerFactory$Customizer@3daf7722, org.springframework.boot.test.context.filter.ExcludeFilterContextCustomizer@1fc32e4f, org.springframework.boot.test.json.DuplicateJsonObjectContextCustomizerFactory$DuplicateJsonObjectContextCustomizer@7efaad5a, org.springframework.boot.test.mock.mockito.MockitoContextCustomizer@ea924d7], contextLoader = 'org.springframework.test.context.support.DelegatingSmartContextLoader', parent = [null]]]
01:05:16.552 [Test worker] DEBUG org.springframework.test.context.cache - Spring test ApplicationContext cache statistics: [DefaultContextCache@5782d777 size = 3, maxSize = 32, parentContextCount = 0, hitCount = 143, missCount = 3]
01:05:16.552 [Test worker] DEBUG org.springframework.test.context.cache.DefaultCacheAwareContextLoaderDelegate - Retrieved ApplicationContext [252276535] from cache with key [[MergedContextConfiguration@4bbb49b0 testClass = UsersRewardManagerTest, locations = '{}', classes = '{class org.waldreg.reward.users.DefaultUsersRewardManager}', contextInitializerClasses = '[]', activeProfiles = '{}', propertySourceLocations = '{}', propertySourceProperties = '{}', contextCustomizers = set[org.springframework.boot.test.autoconfigure.actuate.metrics.MetricsExportContextCustomizerFactory$DisableMetricExportContextCustomizer@4f3bbf68, org.springframework.boot.test.autoconfigure.properties.PropertyMappingContextCustomizer@0, org.springframework.boot.test.autoconfigure.web.servlet.WebDriverContextCustomizerFactory$Customizer@3daf7722, org.springframework.boot.test.context.filter.ExcludeFilterContextCustomizer@1fc32e4f, org.springframework.boot.test.json.DuplicateJsonObjectContextCustomizerFactory$DuplicateJsonObjectContextCustomizer@7efaad5a, org.springframework.boot.test.mock.mockito.MockitoContextCustomizer@ea924d7], contextLoader = 'org.springframework.test.context.support.DelegatingSmartContextLoader', parent = [null]]]
01:05:16.552 [Test worker] DEBUG org.springframework.test.context.cache - Spring test ApplicationContext cache statistics: [DefaultContextCache@5782d777 size = 3, maxSize = 32, parentContextCount = 0, hitCount = 144, missCount = 3]
01:05:16.553 [Test worker] DEBUG org.springframework.test.context.support.AbstractDirtiesContextTestExecutionListener - Before test method: context [DefaultTestContext@4b2e3e8f testClass = UsersRewardManagerTest, testInstance = org.waldreg.reward.users.UsersRewardManagerTest@255e5e2e, testMethod = READ_SPECIFY_USERS_REWARD_TAG_SUCCESS_TEST@UsersRewardManagerTest, testException = [null], mergedContextConfiguration = [MergedContextConfiguration@4bbb49b0 testClass = UsersRewardManagerTest, locations = '{}', classes = '{class org.waldreg.reward.users.DefaultUsersRewardManager}', contextInitializerClasses = '[]', activeProfiles = '{}', propertySourceLocations = '{}', propertySourceProperties = '{}', contextCustomizers = set[org.springframework.boot.test.autoconfigure.actuate.metrics.MetricsExportContextCustomizerFactory$DisableMetricExportContextCustomizer@4f3bbf68, org.springframework.boot.test.autoconfigure.properties.PropertyMappingContextCustomizer@0, org.springframework.boot.test.autoconfigure.web.servlet.WebDriverContextCustomizerFactory$Customizer@3daf7722, org.springframework.boot.test.context.filter.ExcludeFilterContextCustomizer@1fc32e4f, org.springframework.boot.test.json.DuplicateJsonObjectContextCustomizerFactory$DuplicateJsonObjectContextCustomizer@7efaad5a, org.springframework.boot.test.mock.mockito.MockitoContextCustomizer@ea924d7], contextLoader = 'org.springframework.test.context.support.DelegatingSmartContextLoader', parent = [null]], attributes = map['org.springframework.test.context.event.ApplicationEventsTestExecutionListener.recordApplicationEvents' -> false]], class annotated with @DirtiesContext [false] with mode [null], method annotated with @DirtiesContext [false] with mode [null].
01:05:16.553 [Test worker] DEBUG org.springframework.test.context.cache.DefaultCacheAwareContextLoaderDelegate - Retrieved ApplicationContext [252276535] from cache with key [[MergedContextConfiguration@4bbb49b0 testClass = UsersRewardManagerTest, locations = '{}', classes = '{class org.waldreg.reward.users.DefaultUsersRewardManager}', contextInitializerClasses = '[]', activeProfiles = '{}', propertySourceLocations = '{}', propertySourceProperties = '{}', contextCustomizers = set[org.springframework.boot.test.autoconfigure.actuate.metrics.MetricsExportContextCustomizerFactory$DisableMetricExportContextCustomizer@4f3bbf68, org.springframework.boot.test.autoconfigure.properties.PropertyMappingContextCustomizer@0, org.springframework.boot.test.autoconfigure.web.servlet.WebDriverContextCustomizerFactory$Customizer@3daf7722, org.springframework.boot.test.context.filter.ExcludeFilterContextCustomizer@1fc32e4f, org.springframework.boot.test.json.DuplicateJsonObjectContextCustomizerFactory$DuplicateJsonObjectContextCustomizer@7efaad5a, org.springframework.boot.test.mock.mockito.MockitoContextCustomizer@ea924d7], contextLoader = 'org.springframework.test.context.support.DelegatingSmartContextLoader', parent = [null]]]
01:05:16.553 [Test worker] DEBUG org.springframework.test.context.cache - Spring test ApplicationContext cache statistics: [DefaultContextCache@5782d777 size = 3, maxSize = 32, parentContextCount = 0, hitCount = 145, missCount = 3]
01:05:16.561 [Test worker] DEBUG org.springframework.test.context.cache.DefaultCacheAwareContextLoaderDelegate - Retrieved ApplicationContext [252276535] from cache with key [[MergedContextConfiguration@4bbb49b0 testClass = UsersRewardManagerTest, locations = '{}', classes = '{class org.waldreg.reward.users.DefaultUsersRewardManager}', contextInitializerClasses = '[]', activeProfiles = '{}', propertySourceLocations = '{}', propertySourceProperties = '{}', contextCustomizers = set[org.springframework.boot.test.autoconfigure.actuate.metrics.MetricsExportContextCustomizerFactory$DisableMetricExportContextCustomizer@4f3bbf68, org.springframework.boot.test.autoconfigure.properties.PropertyMappingContextCustomizer@0, org.springframework.boot.test.autoconfigure.web.servlet.WebDriverContextCustomizerFactory$Customizer@3daf7722, org.springframework.boot.test.context.filter.ExcludeFilterContextCustomizer@1fc32e4f, org.springframework.boot.test.json.DuplicateJsonObjectContextCustomizerFactory$DuplicateJsonObjectContextCustomizer@7efaad5a, org.springframework.boot.test.mock.mockito.MockitoContextCustomizer@ea924d7], contextLoader = 'org.springframework.test.context.support.DelegatingSmartContextLoader', parent = [null]]]
01:05:16.561 [Test worker] DEBUG org.springframework.test.context.cache - Spring test ApplicationContext cache statistics: [DefaultContextCache@5782d777 size = 3, maxSize = 32, parentContextCount = 0, hitCount = 146, missCount = 3]
01:05:16.561 [Test worker] DEBUG org.springframework.test.context.cache.DefaultCacheAwareContextLoaderDelegate - Retrieved ApplicationContext [252276535] from cache with key [[MergedContextConfiguration@4bbb49b0 testClass = UsersRewardManagerTest, locations = '{}', classes = '{class org.waldreg.reward.users.DefaultUsersRewardManager}', contextInitializerClasses = '[]', activeProfiles = '{}', propertySourceLocations = '{}', propertySourceProperties = '{}', contextCustomizers = set[org.springframework.boot.test.autoconfigure.actuate.metrics.MetricsExportContextCustomizerFactory$DisableMetricExportContextCustomizer@4f3bbf68, org.springframework.boot.test.autoconfigure.properties.PropertyMappingContextCustomizer@0, org.springframework.boot.test.autoconfigure.web.servlet.WebDriverContextCustomizerFactory$Customizer@3daf7722, org.springframework.boot.test.context.filter.ExcludeFilterContextCustomizer@1fc32e4f, org.springframework.boot.test.json.DuplicateJsonObjectContextCustomizerFactory$DuplicateJsonObjectContextCustomizer@7efaad5a, org.springframework.boot.test.mock.mockito.MockitoContextCustomizer@ea924d7], contextLoader = 'org.springframework.test.context.support.DelegatingSmartContextLoader', parent = [null]]]
01:05:16.561 [Test worker] DEBUG org.springframework.test.context.cache - Spring test ApplicationContext cache statistics: [DefaultContextCache@5782d777 size = 3, maxSize = 32, parentContextCount = 0, hitCount = 147, missCount = 3]
01:05:16.611 [Test worker] DEBUG org.springframework.test.context.cache.DefaultCacheAwareContextLoaderDelegate - Retrieved ApplicationContext [252276535] from cache with key [[MergedContextConfiguration@4bbb49b0 testClass = UsersRewardManagerTest, locations = '{}', classes = '{class org.waldreg.reward.users.DefaultUsersRewardManager}', contextInitializerClasses = '[]', activeProfiles = '{}', propertySourceLocations = '{}', propertySourceProperties = '{}', contextCustomizers = set[org.springframework.boot.test.autoconfigure.actuate.metrics.MetricsExportContextCustomizerFactory$DisableMetricExportContextCustomizer@4f3bbf68, org.springframework.boot.test.autoconfigure.properties.PropertyMappingContextCustomizer@0, org.springframework.boot.test.autoconfigure.web.servlet.WebDriverContextCustomizerFactory$Customizer@3daf7722, org.springframework.boot.test.context.filter.ExcludeFilterContextCustomizer@1fc32e4f, org.springframework.boot.test.json.DuplicateJsonObjectContextCustomizerFactory$DuplicateJsonObjectContextCustomizer@7efaad5a, org.springframework.boot.test.mock.mockito.MockitoContextCustomizer@ea924d7], contextLoader = 'org.springframework.test.context.support.DelegatingSmartContextLoader', parent = [null]]]
01:05:16.611 [Test worker] DEBUG org.springframework.test.context.cache - Spring test ApplicationContext cache statistics: [DefaultContextCache@5782d777 size = 3, maxSize = 32, parentContextCount = 0, hitCount = 148, missCount = 3]
01:05:16.611 [Test worker] DEBUG org.springframework.test.context.cache.DefaultCacheAwareContextLoaderDelegate - Retrieved ApplicationContext [252276535] from cache with key [[MergedContextConfiguration@4bbb49b0 testClass = UsersRewardManagerTest, locations = '{}', classes = '{class org.waldreg.reward.users.DefaultUsersRewardManager}', contextInitializerClasses = '[]', activeProfiles = '{}', propertySourceLocations = '{}', propertySourceProperties = '{}', contextCustomizers = set[org.springframework.boot.test.autoconfigure.actuate.metrics.MetricsExportContextCustomizerFactory$DisableMetricExportContextCustomizer@4f3bbf68, org.springframework.boot.test.autoconfigure.properties.PropertyMappingContextCustomizer@0, org.springframework.boot.test.autoconfigure.web.servlet.WebDriverContextCustomizerFactory$Customizer@3daf7722, org.springframework.boot.test.context.filter.ExcludeFilterContextCustomizer@1fc32e4f, org.springframework.boot.test.json.DuplicateJsonObjectContextCustomizerFactory$DuplicateJsonObjectContextCustomizer@7efaad5a, org.springframework.boot.test.mock.mockito.MockitoContextCustomizer@ea924d7], contextLoader = 'org.springframework.test.context.support.DelegatingSmartContextLoader', parent = [null]]]
01:05:16.611 [Test worker] DEBUG org.springframework.test.context.cache - Spring test ApplicationContext cache statistics: [DefaultContextCache@5782d777 size = 3, maxSize = 32, parentContextCount = 0, hitCount = 149, missCount = 3]
01:05:16.621 [Test worker] DEBUG org.springframework.test.context.cache.DefaultCacheAwareContextLoaderDelegate - Retrieved ApplicationContext [252276535] from cache with key [[MergedContextConfiguration@4bbb49b0 testClass = UsersRewardManagerTest, locations = '{}', classes = '{class org.waldreg.reward.users.DefaultUsersRewardManager}', contextInitializerClasses = '[]', activeProfiles = '{}', propertySourceLocations = '{}', propertySourceProperties = '{}', contextCustomizers = set[org.springframework.boot.test.autoconfigure.actuate.metrics.MetricsExportContextCustomizerFactory$DisableMetricExportContextCustomizer@4f3bbf68, org.springframework.boot.test.autoconfigure.properties.PropertyMappingContextCustomizer@0, org.springframework.boot.test.autoconfigure.web.servlet.WebDriverContextCustomizerFactory$Customizer@3daf7722, org.springframework.boot.test.context.filter.ExcludeFilterContextCustomizer@1fc32e4f, org.springframework.boot.test.json.DuplicateJsonObjectContextCustomizerFactory$DuplicateJsonObjectContextCustomizer@7efaad5a, org.springframework.boot.test.mock.mockito.MockitoContextCustomizer@ea924d7], contextLoader = 'org.springframework.test.context.support.DelegatingSmartContextLoader', parent = [null]]]
01:05:16.621 [Test worker] DEBUG org.springframework.test.context.cache - Spring test ApplicationContext cache statistics: [DefaultContextCache@5782d777 size = 3, maxSize = 32, parentContextCount = 0, hitCount = 150, missCount = 3]
01:05:16.622 [Test worker] DEBUG org.springframework.test.context.cache.DefaultCacheAwareContextLoaderDelegate - Retrieved ApplicationContext [252276535] from cache with key [[MergedContextConfiguration@4bbb49b0 testClass = UsersRewardManagerTest, locations = '{}', classes = '{class org.waldreg.reward.users.DefaultUsersRewardManager}', contextInitializerClasses = '[]', activeProfiles = '{}', propertySourceLocations = '{}', propertySourceProperties = '{}', contextCustomizers = set[org.springframework.boot.test.autoconfigure.actuate.metrics.MetricsExportContextCustomizerFactory$DisableMetricExportContextCustomizer@4f3bbf68, org.springframework.boot.test.autoconfigure.properties.PropertyMappingContextCustomizer@0, org.springframework.boot.test.autoconfigure.web.servlet.WebDriverContextCustomizerFactory$Customizer@3daf7722, org.springframework.boot.test.context.filter.ExcludeFilterContextCustomizer@1fc32e4f, org.springframework.boot.test.json.DuplicateJsonObjectContextCustomizerFactory$DuplicateJsonObjectContextCustomizer@7efaad5a, org.springframework.boot.test.mock.mockito.MockitoContextCustomizer@ea924d7], contextLoader = 'org.springframework.test.context.support.DelegatingSmartContextLoader', parent = [null]]]
01:05:16.622 [Test worker] DEBUG org.springframework.test.context.cache - Spring test ApplicationContext cache statistics: [DefaultContextCache@5782d777 size = 3, maxSize = 32, parentContextCount = 0, hitCount = 151, missCount = 3]
01:05:16.622 [Test worker] DEBUG org.springframework.test.context.cache.DefaultCacheAwareContextLoaderDelegate - Retrieved ApplicationContext [252276535] from cache with key [[MergedContextConfiguration@4bbb49b0 testClass = UsersRewardManagerTest, locations = '{}', classes = '{class org.waldreg.reward.users.DefaultUsersRewardManager}', contextInitializerClasses = '[]', activeProfiles = '{}', propertySourceLocations = '{}', propertySourceProperties = '{}', contextCustomizers = set[org.springframework.boot.test.autoconfigure.actuate.metrics.MetricsExportContextCustomizerFactory$DisableMetricExportContextCustomizer@4f3bbf68, org.springframework.boot.test.autoconfigure.properties.PropertyMappingContextCustomizer@0, org.springframework.boot.test.autoconfigure.web.servlet.WebDriverContextCustomizerFactory$Customizer@3daf7722, org.springframework.boot.test.context.filter.ExcludeFilterContextCustomizer@1fc32e4f, org.springframework.boot.test.json.DuplicateJsonObjectContextCustomizerFactory$DuplicateJsonObjectContextCustomizer@7efaad5a, org.springframework.boot.test.mock.mockito.MockitoContextCustomizer@ea924d7], contextLoader = 'org.springframework.test.context.support.DelegatingSmartContextLoader', parent = [null]]]
01:05:16.622 [Test worker] DEBUG org.springframework.test.context.cache - Spring test ApplicationContext cache statistics: [DefaultContextCache@5782d777 size = 3, maxSize = 32, parentContextCount = 0, hitCount = 152, missCount = 3]
01:05:16.631 [Test worker] DEBUG org.springframework.test.context.cache.DefaultCacheAwareContextLoaderDelegate - Retrieved ApplicationContext [252276535] from cache with key [[MergedContextConfiguration@4bbb49b0 testClass = UsersRewardManagerTest, locations = '{}', classes = '{class org.waldreg.reward.users.DefaultUsersRewardManager}', contextInitializerClasses = '[]', activeProfiles = '{}', propertySourceLocations = '{}', propertySourceProperties = '{}', contextCustomizers = set[org.springframework.boot.test.autoconfigure.actuate.metrics.MetricsExportContextCustomizerFactory$DisableMetricExportContextCustomizer@4f3bbf68, org.springframework.boot.test.autoconfigure.properties.PropertyMappingContextCustomizer@0, org.springframework.boot.test.autoconfigure.web.servlet.WebDriverContextCustomizerFactory$Customizer@3daf7722, org.springframework.boot.test.context.filter.ExcludeFilterContextCustomizer@1fc32e4f, org.springframework.boot.test.json.DuplicateJsonObjectContextCustomizerFactory$DuplicateJsonObjectContextCustomizer@7efaad5a, org.springframework.boot.test.mock.mockito.MockitoContextCustomizer@ea924d7], contextLoader = 'org.springframework.test.context.support.DelegatingSmartContextLoader', parent = [null]]]
01:05:16.631 [Test worker] DEBUG org.springframework.test.context.cache - Spring test ApplicationContext cache statistics: [DefaultContextCache@5782d777 size = 3, maxSize = 32, parentContextCount = 0, hitCount = 153, missCount = 3]
01:05:16.631 [Test worker] DEBUG org.springframework.test.context.support.AbstractDirtiesContextTestExecutionListener - After test method: context [DefaultTestContext@4b2e3e8f testClass = UsersRewardManagerTest, testInstance = org.waldreg.reward.users.UsersRewardManagerTest@255e5e2e, testMethod = READ_SPECIFY_USERS_REWARD_TAG_SUCCESS_TEST@UsersRewardManagerTest, testException = [null], mergedContextConfiguration = [MergedContextConfiguration@4bbb49b0 testClass = UsersRewardManagerTest, locations = '{}', classes = '{class org.waldreg.reward.users.DefaultUsersRewardManager}', contextInitializerClasses = '[]', activeProfiles = '{}', propertySourceLocations = '{}', propertySourceProperties = '{}', contextCustomizers = set[org.springframework.boot.test.autoconfigure.actuate.metrics.MetricsExportContextCustomizerFactory$DisableMetricExportContextCustomizer@4f3bbf68, org.springframework.boot.test.autoconfigure.properties.PropertyMappingContextCustomizer@0, org.springframework.boot.test.autoconfigure.web.servlet.WebDriverContextCustomizerFactory$Customizer@3daf7722, org.springframework.boot.test.context.filter.ExcludeFilterContextCustomizer@1fc32e4f, org.springframework.boot.test.json.DuplicateJsonObjectContextCustomizerFactory$DuplicateJsonObjectContextCustomizer@7efaad5a, org.springframework.boot.test.mock.mockito.MockitoContextCustomizer@ea924d7], contextLoader = 'org.springframework.test.context.support.DelegatingSmartContextLoader', parent = [null]], attributes = map['org.springframework.test.context.event.ApplicationEventsTestExecutionListener.recordApplicationEvents' -> false]], class annotated with @DirtiesContext [false] with mode [null], method annotated with @DirtiesContext [false] with mode [null].
01:05:16.632 [Test worker] DEBUG org.springframework.test.context.cache.DefaultCacheAwareContextLoaderDelegate - Retrieved ApplicationContext [252276535] from cache with key [[MergedContextConfiguration@4bbb49b0 testClass = UsersRewardManagerTest, locations = '{}', classes = '{class org.waldreg.reward.users.DefaultUsersRewardManager}', contextInitializerClasses = '[]', activeProfiles = '{}', propertySourceLocations = '{}', propertySourceProperties = '{}', contextCustomizers = set[org.springframework.boot.test.autoconfigure.actuate.metrics.MetricsExportContextCustomizerFactory$DisableMetricExportContextCustomizer@4f3bbf68, org.springframework.boot.test.autoconfigure.properties.PropertyMappingContextCustomizer@0, org.springframework.boot.test.autoconfigure.web.servlet.WebDriverContextCustomizerFactory$Customizer@3daf7722, org.springframework.boot.test.context.filter.ExcludeFilterContextCustomizer@1fc32e4f, org.springframework.boot.test.json.DuplicateJsonObjectContextCustomizerFactory$DuplicateJsonObjectContextCustomizer@7efaad5a, org.springframework.boot.test.mock.mockito.MockitoContextCustomizer@ea924d7], contextLoader = 'org.springframework.test.context.support.DelegatingSmartContextLoader', parent = [null]]]
01:05:16.632 [Test worker] DEBUG org.springframework.test.context.cache - Spring test ApplicationContext cache statistics: [DefaultContextCache@5782d777 size = 3, maxSize = 32, parentContextCount = 0, hitCount = 154, missCount = 3]
01:05:16.632 [Test worker] DEBUG org.springframework.test.context.support.DependencyInjectionTestExecutionListener - Performing dependency injection for test context [[DefaultTestContext@4b2e3e8f testClass = UsersRewardManagerTest, testInstance = org.waldreg.reward.users.UsersRewardManagerTest@43f0c2d1, testMethod = [null], testException = [null], mergedContextConfiguration = [MergedContextConfiguration@4bbb49b0 testClass = UsersRewardManagerTest, locations = '{}', classes = '{class org.waldreg.reward.users.DefaultUsersRewardManager}', contextInitializerClasses = '[]', activeProfiles = '{}', propertySourceLocations = '{}', propertySourceProperties = '{}', contextCustomizers = set[org.springframework.boot.test.autoconfigure.actuate.metrics.MetricsExportContextCustomizerFactory$DisableMetricExportContextCustomizer@4f3bbf68, org.springframework.boot.test.autoconfigure.properties.PropertyMappingContextCustomizer@0, org.springframework.boot.test.autoconfigure.web.servlet.WebDriverContextCustomizerFactory$Customizer@3daf7722, org.springframework.boot.test.context.filter.ExcludeFilterContextCustomizer@1fc32e4f, org.springframework.boot.test.json.DuplicateJsonObjectContextCustomizerFactory$DuplicateJsonObjectContextCustomizer@7efaad5a, org.springframework.boot.test.mock.mockito.MockitoContextCustomizer@ea924d7], contextLoader = 'org.springframework.test.context.support.DelegatingSmartContextLoader', parent = [null]], attributes = map['org.springframework.test.context.event.ApplicationEventsTestExecutionListener.recordApplicationEvents' -> false]]].
01:05:16.632 [Test worker] DEBUG org.springframework.test.context.cache.DefaultCacheAwareContextLoaderDelegate - Retrieved ApplicationContext [252276535] from cache with key [[MergedContextConfiguration@4bbb49b0 testClass = UsersRewardManagerTest, locations = '{}', classes = '{class org.waldreg.reward.users.DefaultUsersRewardManager}', contextInitializerClasses = '[]', activeProfiles = '{}', propertySourceLocations = '{}', propertySourceProperties = '{}', contextCustomizers = set[org.springframework.boot.test.autoconfigure.actuate.metrics.MetricsExportContextCustomizerFactory$DisableMetricExportContextCustomizer@4f3bbf68, org.springframework.boot.test.autoconfigure.properties.PropertyMappingContextCustomizer@0, org.springframework.boot.test.autoconfigure.web.servlet.WebDriverContextCustomizerFactory$Customizer@3daf7722, org.springframework.boot.test.context.filter.ExcludeFilterContextCustomizer@1fc32e4f, org.springframework.boot.test.json.DuplicateJsonObjectContextCustomizerFactory$DuplicateJsonObjectContextCustomizer@7efaad5a, org.springframework.boot.test.mock.mockito.MockitoContextCustomizer@ea924d7], contextLoader = 'org.springframework.test.context.support.DelegatingSmartContextLoader', parent = [null]]]
01:05:16.632 [Test worker] DEBUG org.springframework.test.context.cache - Spring test ApplicationContext cache statistics: [DefaultContextCache@5782d777 size = 3, maxSize = 32, parentContextCount = 0, hitCount = 155, missCount = 3]
01:05:16.632 [Test worker] DEBUG org.springframework.test.context.cache.DefaultCacheAwareContextLoaderDelegate - Retrieved ApplicationContext [252276535] from cache with key [[MergedContextConfiguration@4bbb49b0 testClass = UsersRewardManagerTest, locations = '{}', classes = '{class org.waldreg.reward.users.DefaultUsersRewardManager}', contextInitializerClasses = '[]', activeProfiles = '{}', propertySourceLocations = '{}', propertySourceProperties = '{}', contextCustomizers = set[org.springframework.boot.test.autoconfigure.actuate.metrics.MetricsExportContextCustomizerFactory$DisableMetricExportContextCustomizer@4f3bbf68, org.springframework.boot.test.autoconfigure.properties.PropertyMappingContextCustomizer@0, org.springframework.boot.test.autoconfigure.web.servlet.WebDriverContextCustomizerFactory$Customizer@3daf7722, org.springframework.boot.test.context.filter.ExcludeFilterContextCustomizer@1fc32e4f, org.springframework.boot.test.json.DuplicateJsonObjectContextCustomizerFactory$DuplicateJsonObjectContextCustomizer@7efaad5a, org.springframework.boot.test.mock.mockito.MockitoContextCustomizer@ea924d7], contextLoader = 'org.springframework.test.context.support.DelegatingSmartContextLoader', parent = [null]]]
01:05:16.632 [Test worker] DEBUG org.springframework.test.context.cache - Spring test ApplicationContext cache statistics: [DefaultContextCache@5782d777 size = 3, maxSize = 32, parentContextCount = 0, hitCount = 156, missCount = 3]
01:05:16.633 [Test worker] DEBUG org.springframework.test.context.support.AbstractDirtiesContextTestExecutionListener - Before test method: context [DefaultTestContext@4b2e3e8f testClass = UsersRewardManagerTest, testInstance = org.waldreg.reward.users.UsersRewardManagerTest@43f0c2d1, testMethod = DELETE_REWARD_TAG_ASSIGNED_TO_SPECIFY_USERS_FAIL_CANNOT_NOT_FINA_REWARD_TEST@UsersRewardManagerTest, testException = [null], mergedContextConfiguration = [MergedContextConfiguration@4bbb49b0 testClass = UsersRewardManagerTest, locations = '{}', classes = '{class org.waldreg.reward.users.DefaultUsersRewardManager}', contextInitializerClasses = '[]', activeProfiles = '{}', propertySourceLocations = '{}', propertySourceProperties = '{}', contextCustomizers = set[org.springframework.boot.test.autoconfigure.actuate.metrics.MetricsExportContextCustomizerFactory$DisableMetricExportContextCustomizer@4f3bbf68, org.springframework.boot.test.autoconfigure.properties.PropertyMappingContextCustomizer@0, org.springframework.boot.test.autoconfigure.web.servlet.WebDriverContextCustomizerFactory$Customizer@3daf7722, org.springframework.boot.test.context.filter.ExcludeFilterContextCustomizer@1fc32e4f, org.springframework.boot.test.json.DuplicateJsonObjectContextCustomizerFactory$DuplicateJsonObjectContextCustomizer@7efaad5a, org.springframework.boot.test.mock.mockito.MockitoContextCustomizer@ea924d7], contextLoader = 'org.springframework.test.context.support.DelegatingSmartContextLoader', parent = [null]], attributes = map['org.springframework.test.context.event.ApplicationEventsTestExecutionListener.recordApplicationEvents' -> false]], class annotated with @DirtiesContext [false] with mode [null], method annotated with @DirtiesContext [false] with mode [null].
01:05:16.633 [Test worker] DEBUG org.springframework.test.context.cache.DefaultCacheAwareContextLoaderDelegate - Retrieved ApplicationContext [252276535] from cache with key [[MergedContextConfiguration@4bbb49b0 testClass = UsersRewardManagerTest, locations = '{}', classes = '{class org.waldreg.reward.users.DefaultUsersRewardManager}', contextInitializerClasses = '[]', activeProfiles = '{}', propertySourceLocations = '{}', propertySourceProperties = '{}', contextCustomizers = set[org.springframework.boot.test.autoconfigure.actuate.metrics.MetricsExportContextCustomizerFactory$DisableMetricExportContextCustomizer@4f3bbf68, org.springframework.boot.test.autoconfigure.properties.PropertyMappingContextCustomizer@0, org.springframework.boot.test.autoconfigure.web.servlet.WebDriverContextCustomizerFactory$Customizer@3daf7722, org.springframework.boot.test.context.filter.ExcludeFilterContextCustomizer@1fc32e4f, org.springframework.boot.test.json.DuplicateJsonObjectContextCustomizerFactory$DuplicateJsonObjectContextCustomizer@7efaad5a, org.springframework.boot.test.mock.mockito.MockitoContextCustomizer@ea924d7], contextLoader = 'org.springframework.test.context.support.DelegatingSmartContextLoader', parent = [null]]]
01:05:16.633 [Test worker] DEBUG org.springframework.test.context.cache - Spring test ApplicationContext cache statistics: [DefaultContextCache@5782d777 size = 3, maxSize = 32, parentContextCount = 0, hitCount = 157, missCount = 3]
01:05:16.642 [Test worker] DEBUG org.springframework.test.context.cache.DefaultCacheAwareContextLoaderDelegate - Retrieved ApplicationContext [252276535] from cache with key [[MergedContextConfiguration@4bbb49b0 testClass = UsersRewardManagerTest, locations = '{}', classes = '{class org.waldreg.reward.users.DefaultUsersRewardManager}', contextInitializerClasses = '[]', activeProfiles = '{}', propertySourceLocations = '{}', propertySourceProperties = '{}', contextCustomizers = set[org.springframework.boot.test.autoconfigure.actuate.metrics.MetricsExportContextCustomizerFactory$DisableMetricExportContextCustomizer@4f3bbf68, org.springframework.boot.test.autoconfigure.properties.PropertyMappingContextCustomizer@0, org.springframework.boot.test.autoconfigure.web.servlet.WebDriverContextCustomizerFactory$Customizer@3daf7722, org.springframework.boot.test.context.filter.ExcludeFilterContextCustomizer@1fc32e4f, org.springframework.boot.test.json.DuplicateJsonObjectContextCustomizerFactory$DuplicateJsonObjectContextCustomizer@7efaad5a, org.springframework.boot.test.mock.mockito.MockitoContextCustomizer@ea924d7], contextLoader = 'org.springframework.test.context.support.DelegatingSmartContextLoader', parent = [null]]]
01:05:16.642 [Test worker] DEBUG org.springframework.test.context.cache - Spring test ApplicationContext cache statistics: [DefaultContextCache@5782d777 size = 3, maxSize = 32, parentContextCount = 0, hitCount = 158, missCount = 3]
01:05:16.642 [Test worker] DEBUG org.springframework.test.context.cache.DefaultCacheAwareContextLoaderDelegate - Retrieved ApplicationContext [252276535] from cache with key [[MergedContextConfiguration@4bbb49b0 testClass = UsersRewardManagerTest, locations = '{}', classes = '{class org.waldreg.reward.users.DefaultUsersRewardManager}', contextInitializerClasses = '[]', activeProfiles = '{}', propertySourceLocations = '{}', propertySourceProperties = '{}', contextCustomizers = set[org.springframework.boot.test.autoconfigure.actuate.metrics.MetricsExportContextCustomizerFactory$DisableMetricExportContextCustomizer@4f3bbf68, org.springframework.boot.test.autoconfigure.properties.PropertyMappingContextCustomizer@0, org.springframework.boot.test.autoconfigure.web.servlet.WebDriverContextCustomizerFactory$Customizer@3daf7722, org.springframework.boot.test.context.filter.ExcludeFilterContextCustomizer@1fc32e4f, org.springframework.boot.test.json.DuplicateJsonObjectContextCustomizerFactory$DuplicateJsonObjectContextCustomizer@7efaad5a, org.springframework.boot.test.mock.mockito.MockitoContextCustomizer@ea924d7], contextLoader = 'org.springframework.test.context.support.DelegatingSmartContextLoader', parent = [null]]]
01:05:16.642 [Test worker] DEBUG org.springframework.test.context.cache - Spring test ApplicationContext cache statistics: [DefaultContextCache@5782d777 size = 3, maxSize = 32, parentContextCount = 0, hitCount = 159, missCount = 3]
01:05:16.644 [Test worker] DEBUG org.springframework.test.context.cache.DefaultCacheAwareContextLoaderDelegate - Retrieved ApplicationContext [252276535] from cache with key [[MergedContextConfiguration@4bbb49b0 testClass = UsersRewardManagerTest, locations = '{}', classes = '{class org.waldreg.reward.users.DefaultUsersRewardManager}', contextInitializerClasses = '[]', activeProfiles = '{}', propertySourceLocations = '{}', propertySourceProperties = '{}', contextCustomizers = set[org.springframework.boot.test.autoconfigure.actuate.metrics.MetricsExportContextCustomizerFactory$DisableMetricExportContextCustomizer@4f3bbf68, org.springframework.boot.test.autoconfigure.properties.PropertyMappingContextCustomizer@0, org.springframework.boot.test.autoconfigure.web.servlet.WebDriverContextCustomizerFactory$Customizer@3daf7722, org.springframework.boot.test.context.filter.ExcludeFilterContextCustomizer@1fc32e4f, org.springframework.boot.test.json.DuplicateJsonObjectContextCustomizerFactory$DuplicateJsonObjectContextCustomizer@7efaad5a, org.springframework.boot.test.mock.mockito.MockitoContextCustomizer@ea924d7], contextLoader = 'org.springframework.test.context.support.DelegatingSmartContextLoader', parent = [null]]]
01:05:16.644 [Test worker] DEBUG org.springframework.test.context.cache - Spring test ApplicationContext cache statistics: [DefaultContextCache@5782d777 size = 3, maxSize = 32, parentContextCount = 0, hitCount = 160, missCount = 3]
01:05:16.644 [Test worker] DEBUG org.springframework.test.context.cache.DefaultCacheAwareContextLoaderDelegate - Retrieved ApplicationContext [252276535] from cache with key [[MergedContextConfiguration@4bbb49b0 testClass = UsersRewardManagerTest, locations = '{}', classes = '{class org.waldreg.reward.users.DefaultUsersRewardManager}', contextInitializerClasses = '[]', activeProfiles = '{}', propertySourceLocations = '{}', propertySourceProperties = '{}', contextCustomizers = set[org.springframework.boot.test.autoconfigure.actuate.metrics.MetricsExportContextCustomizerFactory$DisableMetricExportContextCustomizer@4f3bbf68, org.springframework.boot.test.autoconfigure.properties.PropertyMappingContextCustomizer@0, org.springframework.boot.test.autoconfigure.web.servlet.WebDriverContextCustomizerFactory$Customizer@3daf7722, org.springframework.boot.test.context.filter.ExcludeFilterContextCustomizer@1fc32e4f, org.springframework.boot.test.json.DuplicateJsonObjectContextCustomizerFactory$DuplicateJsonObjectContextCustomizer@7efaad5a, org.springframework.boot.test.mock.mockito.MockitoContextCustomizer@ea924d7], contextLoader = 'org.springframework.test.context.support.DelegatingSmartContextLoader', parent = [null]]]
01:05:16.644 [Test worker] DEBUG org.springframework.test.context.cache - Spring test ApplicationContext cache statistics: [DefaultContextCache@5782d777 size = 3, maxSize = 32, parentContextCount = 0, hitCount = 161, missCount = 3]
01:05:16.653 [Test worker] DEBUG org.springframework.test.context.cache.DefaultCacheAwareContextLoaderDelegate - Retrieved ApplicationContext [252276535] from cache with key [[MergedContextConfiguration@4bbb49b0 testClass = UsersRewardManagerTest, locations = '{}', classes = '{class org.waldreg.reward.users.DefaultUsersRewardManager}', contextInitializerClasses = '[]', activeProfiles = '{}', propertySourceLocations = '{}', propertySourceProperties = '{}', contextCustomizers = set[org.springframework.boot.test.autoconfigure.actuate.metrics.MetricsExportContextCustomizerFactory$DisableMetricExportContextCustomizer@4f3bbf68, org.springframework.boot.test.autoconfigure.properties.PropertyMappingContextCustomizer@0, org.springframework.boot.test.autoconfigure.web.servlet.WebDriverContextCustomizerFactory$Customizer@3daf7722, org.springframework.boot.test.context.filter.ExcludeFilterContextCustomizer@1fc32e4f, org.springframework.boot.test.json.DuplicateJsonObjectContextCustomizerFactory$DuplicateJsonObjectContextCustomizer@7efaad5a, org.springframework.boot.test.mock.mockito.MockitoContextCustomizer@ea924d7], contextLoader = 'org.springframework.test.context.support.DelegatingSmartContextLoader', parent = [null]]]
01:05:16.653 [Test worker] DEBUG org.springframework.test.context.cache - Spring test ApplicationContext cache statistics: [DefaultContextCache@5782d777 size = 3, maxSize = 32, parentContextCount = 0, hitCount = 162, missCount = 3]
01:05:16.653 [Test worker] DEBUG org.springframework.test.context.cache.DefaultCacheAwareContextLoaderDelegate - Retrieved ApplicationContext [252276535] from cache with key [[MergedContextConfiguration@4bbb49b0 testClass = UsersRewardManagerTest, locations = '{}', classes = '{class org.waldreg.reward.users.DefaultUsersRewardManager}', contextInitializerClasses = '[]', activeProfiles = '{}', propertySourceLocations = '{}', propertySourceProperties = '{}', contextCustomizers = set[org.springframework.boot.test.autoconfigure.actuate.metrics.MetricsExportContextCustomizerFactory$DisableMetricExportContextCustomizer@4f3bbf68, org.springframework.boot.test.autoconfigure.properties.PropertyMappingContextCustomizer@0, org.springframework.boot.test.autoconfigure.web.servlet.WebDriverContextCustomizerFactory$Customizer@3daf7722, org.springframework.boot.test.context.filter.ExcludeFilterContextCustomizer@1fc32e4f, org.springframework.boot.test.json.DuplicateJsonObjectContextCustomizerFactory$DuplicateJsonObjectContextCustomizer@7efaad5a, org.springframework.boot.test.mock.mockito.MockitoContextCustomizer@ea924d7], contextLoader = 'org.springframework.test.context.support.DelegatingSmartContextLoader', parent = [null]]]
01:05:16.653 [Test worker] DEBUG org.springframework.test.context.cache - Spring test ApplicationContext cache statistics: [DefaultContextCache@5782d777 size = 3, maxSize = 32, parentContextCount = 0, hitCount = 163, missCount = 3]
01:05:16.653 [Test worker] DEBUG org.springframework.test.context.cache.DefaultCacheAwareContextLoaderDelegate - Retrieved ApplicationContext [252276535] from cache with key [[MergedContextConfiguration@4bbb49b0 testClass = UsersRewardManagerTest, locations = '{}', classes = '{class org.waldreg.reward.users.DefaultUsersRewardManager}', contextInitializerClasses = '[]', activeProfiles = '{}', propertySourceLocations = '{}', propertySourceProperties = '{}', contextCustomizers = set[org.springframework.boot.test.autoconfigure.actuate.metrics.MetricsExportContextCustomizerFactory$DisableMetricExportContextCustomizer@4f3bbf68, org.springframework.boot.test.autoconfigure.properties.PropertyMappingContextCustomizer@0, org.springframework.boot.test.autoconfigure.web.servlet.WebDriverContextCustomizerFactory$Customizer@3daf7722, org.springframework.boot.test.context.filter.ExcludeFilterContextCustomizer@1fc32e4f, org.springframework.boot.test.json.DuplicateJsonObjectContextCustomizerFactory$DuplicateJsonObjectContextCustomizer@7efaad5a, org.springframework.boot.test.mock.mockito.MockitoContextCustomizer@ea924d7], contextLoader = 'org.springframework.test.context.support.DelegatingSmartContextLoader', parent = [null]]]
01:05:16.653 [Test worker] DEBUG org.springframework.test.context.cache - Spring test ApplicationContext cache statistics: [DefaultContextCache@5782d777 size = 3, maxSize = 32, parentContextCount = 0, hitCount = 164, missCount = 3]
01:05:16.662 [Test worker] DEBUG org.springframework.test.context.cache.DefaultCacheAwareContextLoaderDelegate - Retrieved ApplicationContext [252276535] from cache with key [[MergedContextConfiguration@4bbb49b0 testClass = UsersRewardManagerTest, locations = '{}', classes = '{class org.waldreg.reward.users.DefaultUsersRewardManager}', contextInitializerClasses = '[]', activeProfiles = '{}', propertySourceLocations = '{}', propertySourceProperties = '{}', contextCustomizers = set[org.springframework.boot.test.autoconfigure.actuate.metrics.MetricsExportContextCustomizerFactory$DisableMetricExportContextCustomizer@4f3bbf68, org.springframework.boot.test.autoconfigure.properties.PropertyMappingContextCustomizer@0, org.springframework.boot.test.autoconfigure.web.servlet.WebDriverContextCustomizerFactory$Customizer@3daf7722, org.springframework.boot.test.context.filter.ExcludeFilterContextCustomizer@1fc32e4f, org.springframework.boot.test.json.DuplicateJsonObjectContextCustomizerFactory$DuplicateJsonObjectContextCustomizer@7efaad5a, org.springframework.boot.test.mock.mockito.MockitoContextCustomizer@ea924d7], contextLoader = 'org.springframework.test.context.support.DelegatingSmartContextLoader', parent = [null]]]
01:05:16.662 [Test worker] DEBUG org.springframework.test.context.cache - Spring test ApplicationContext cache statistics: [DefaultContextCache@5782d777 size = 3, maxSize = 32, parentContextCount = 0, hitCount = 165, missCount = 3]
01:05:16.662 [Test worker] DEBUG org.springframework.test.context.support.AbstractDirtiesContextTestExecutionListener - After test method: context [DefaultTestContext@4b2e3e8f testClass = UsersRewardManagerTest, testInstance = org.waldreg.reward.users.UsersRewardManagerTest@43f0c2d1, testMethod = DELETE_REWARD_TAG_ASSIGNED_TO_SPECIFY_USERS_FAIL_CANNOT_NOT_FINA_REWARD_TEST@UsersRewardManagerTest, testException = [null], mergedContextConfiguration = [MergedContextConfiguration@4bbb49b0 testClass = UsersRewardManagerTest, locations = '{}', classes = '{class org.waldreg.reward.users.DefaultUsersRewardManager}', contextInitializerClasses = '[]', activeProfiles = '{}', propertySourceLocations = '{}', propertySourceProperties = '{}', contextCustomizers = set[org.springframework.boot.test.autoconfigure.actuate.metrics.MetricsExportContextCustomizerFactory$DisableMetricExportContextCustomizer@4f3bbf68, org.springframework.boot.test.autoconfigure.properties.PropertyMappingContextCustomizer@0, org.springframework.boot.test.autoconfigure.web.servlet.WebDriverContextCustomizerFactory$Customizer@3daf7722, org.springframework.boot.test.context.filter.ExcludeFilterContextCustomizer@1fc32e4f, org.springframework.boot.test.json.DuplicateJsonObjectContextCustomizerFactory$DuplicateJsonObjectContextCustomizer@7efaad5a, org.springframework.boot.test.mock.mockito.MockitoContextCustomizer@ea924d7], contextLoader = 'org.springframework.test.context.support.DelegatingSmartContextLoader', parent = [null]], attributes = map['org.springframework.test.context.event.ApplicationEventsTestExecutionListener.recordApplicationEvents' -> false]], class annotated with @DirtiesContext [false] with mode [null], method annotated with @DirtiesContext [false] with mode [null].
01:05:16.663 [Test worker] DEBUG org.springframework.test.context.cache.DefaultCacheAwareContextLoaderDelegate - Retrieved ApplicationContext [252276535] from cache with key [[MergedContextConfiguration@4bbb49b0 testClass = UsersRewardManagerTest, locations = '{}', classes = '{class org.waldreg.reward.users.DefaultUsersRewardManager}', contextInitializerClasses = '[]', activeProfiles = '{}', propertySourceLocations = '{}', propertySourceProperties = '{}', contextCustomizers = set[org.springframework.boot.test.autoconfigure.actuate.metrics.MetricsExportContextCustomizerFactory$DisableMetricExportContextCustomizer@4f3bbf68, org.springframework.boot.test.autoconfigure.properties.PropertyMappingContextCustomizer@0, org.springframework.boot.test.autoconfigure.web.servlet.WebDriverContextCustomizerFactory$Customizer@3daf7722, org.springframework.boot.test.context.filter.ExcludeFilterContextCustomizer@1fc32e4f, org.springframework.boot.test.json.DuplicateJsonObjectContextCustomizerFactory$DuplicateJsonObjectContextCustomizer@7efaad5a, org.springframework.boot.test.mock.mockito.MockitoContextCustomizer@ea924d7], contextLoader = 'org.springframework.test.context.support.DelegatingSmartContextLoader', parent = [null]]]
01:05:16.663 [Test worker] DEBUG org.springframework.test.context.cache - Spring test ApplicationContext cache statistics: [DefaultContextCache@5782d777 size = 3, maxSize = 32, parentContextCount = 0, hitCount = 166, missCount = 3]
01:05:16.663 [Test worker] DEBUG org.springframework.test.context.support.DependencyInjectionTestExecutionListener - Performing dependency injection for test context [[DefaultTestContext@4b2e3e8f testClass = UsersRewardManagerTest, testInstance = org.waldreg.reward.users.UsersRewardManagerTest@1744a475, testMethod = [null], testException = [null], mergedContextConfiguration = [MergedContextConfiguration@4bbb49b0 testClass = UsersRewardManagerTest, locations = '{}', classes = '{class org.waldreg.reward.users.DefaultUsersRewardManager}', contextInitializerClasses = '[]', activeProfiles = '{}', propertySourceLocations = '{}', propertySourceProperties = '{}', contextCustomizers = set[org.springframework.boot.test.autoconfigure.actuate.metrics.MetricsExportContextCustomizerFactory$DisableMetricExportContextCustomizer@4f3bbf68, org.springframework.boot.test.autoconfigure.properties.PropertyMappingContextCustomizer@0, org.springframework.boot.test.autoconfigure.web.servlet.WebDriverContextCustomizerFactory$Customizer@3daf7722, org.springframework.boot.test.context.filter.ExcludeFilterContextCustomizer@1fc32e4f, org.springframework.boot.test.json.DuplicateJsonObjectContextCustomizerFactory$DuplicateJsonObjectContextCustomizer@7efaad5a, org.springframework.boot.test.mock.mockito.MockitoContextCustomizer@ea924d7], contextLoader = 'org.springframework.test.context.support.DelegatingSmartContextLoader', parent = [null]], attributes = map['org.springframework.test.context.event.ApplicationEventsTestExecutionListener.recordApplicationEvents' -> false]]].
01:05:16.664 [Test worker] DEBUG org.springframework.test.context.cache.DefaultCacheAwareContextLoaderDelegate - Retrieved ApplicationContext [252276535] from cache with key [[MergedContextConfiguration@4bbb49b0 testClass = UsersRewardManagerTest, locations = '{}', classes = '{class org.waldreg.reward.users.DefaultUsersRewardManager}', contextInitializerClasses = '[]', activeProfiles = '{}', propertySourceLocations = '{}', propertySourceProperties = '{}', contextCustomizers = set[org.springframework.boot.test.autoconfigure.actuate.metrics.MetricsExportContextCustomizerFactory$DisableMetricExportContextCustomizer@4f3bbf68, org.springframework.boot.test.autoconfigure.properties.PropertyMappingContextCustomizer@0, org.springframework.boot.test.autoconfigure.web.servlet.WebDriverContextCustomizerFactory$Customizer@3daf7722, org.springframework.boot.test.context.filter.ExcludeFilterContextCustomizer@1fc32e4f, org.springframework.boot.test.json.DuplicateJsonObjectContextCustomizerFactory$DuplicateJsonObjectContextCustomizer@7efaad5a, org.springframework.boot.test.mock.mockito.MockitoContextCustomizer@ea924d7], contextLoader = 'org.springframework.test.context.support.DelegatingSmartContextLoader', parent = [null]]]
01:05:16.664 [Test worker] DEBUG org.springframework.test.context.cache - Spring test ApplicationContext cache statistics: [DefaultContextCache@5782d777 size = 3, maxSize = 32, parentContextCount = 0, hitCount = 167, missCount = 3]
01:05:16.664 [Test worker] DEBUG org.springframework.test.context.cache.DefaultCacheAwareContextLoaderDelegate - Retrieved ApplicationContext [252276535] from cache with key [[MergedContextConfiguration@4bbb49b0 testClass = UsersRewardManagerTest, locations = '{}', classes = '{class org.waldreg.reward.users.DefaultUsersRewardManager}', contextInitializerClasses = '[]', activeProfiles = '{}', propertySourceLocations = '{}', propertySourceProperties = '{}', contextCustomizers = set[org.springframework.boot.test.autoconfigure.actuate.metrics.MetricsExportContextCustomizerFactory$DisableMetricExportContextCustomizer@4f3bbf68, org.springframework.boot.test.autoconfigure.properties.PropertyMappingContextCustomizer@0, org.springframework.boot.test.autoconfigure.web.servlet.WebDriverContextCustomizerFactory$Customizer@3daf7722, org.springframework.boot.test.context.filter.ExcludeFilterContextCustomizer@1fc32e4f, org.springframework.boot.test.json.DuplicateJsonObjectContextCustomizerFactory$DuplicateJsonObjectContextCustomizer@7efaad5a, org.springframework.boot.test.mock.mockito.MockitoContextCustomizer@ea924d7], contextLoader = 'org.springframework.test.context.support.DelegatingSmartContextLoader', parent = [null]]]
01:05:16.664 [Test worker] DEBUG org.springframework.test.context.cache - Spring test ApplicationContext cache statistics: [DefaultContextCache@5782d777 size = 3, maxSize = 32, parentContextCount = 0, hitCount = 168, missCount = 3]
01:05:16.665 [Test worker] DEBUG org.springframework.test.context.support.AbstractDirtiesContextTestExecutionListener - Before test method: context [DefaultTestContext@4b2e3e8f testClass = UsersRewardManagerTest, testInstance = org.waldreg.reward.users.UsersRewardManagerTest@1744a475, testMethod = ASSIGN_REWARD_TO_USER_FAIL_CANNOT_FIND_REWARD_TAG_ID_TEST@UsersRewardManagerTest, testException = [null], mergedContextConfiguration = [MergedContextConfiguration@4bbb49b0 testClass = UsersRewardManagerTest, locations = '{}', classes = '{class org.waldreg.reward.users.DefaultUsersRewardManager}', contextInitializerClasses = '[]', activeProfiles = '{}', propertySourceLocations = '{}', propertySourceProperties = '{}', contextCustomizers = set[org.springframework.boot.test.autoconfigure.actuate.metrics.MetricsExportContextCustomizerFactory$DisableMetricExportContextCustomizer@4f3bbf68, org.springframework.boot.test.autoconfigure.properties.PropertyMappingContextCustomizer@0, org.springframework.boot.test.autoconfigure.web.servlet.WebDriverContextCustomizerFactory$Customizer@3daf7722, org.springframework.boot.test.context.filter.ExcludeFilterContextCustomizer@1fc32e4f, org.springframework.boot.test.json.DuplicateJsonObjectContextCustomizerFactory$DuplicateJsonObjectContextCustomizer@7efaad5a, org.springframework.boot.test.mock.mockito.MockitoContextCustomizer@ea924d7], contextLoader = 'org.springframework.test.context.support.DelegatingSmartContextLoader', parent = [null]], attributes = map['org.springframework.test.context.event.ApplicationEventsTestExecutionListener.recordApplicationEvents' -> false]], class annotated with @DirtiesContext [false] with mode [null], method annotated with @DirtiesContext [false] with mode [null].
01:05:16.665 [Test worker] DEBUG org.springframework.test.context.cache.DefaultCacheAwareContextLoaderDelegate - Retrieved ApplicationContext [252276535] from cache with key [[MergedContextConfiguration@4bbb49b0 testClass = UsersRewardManagerTest, locations = '{}', classes = '{class org.waldreg.reward.users.DefaultUsersRewardManager}', contextInitializerClasses = '[]', activeProfiles = '{}', propertySourceLocations = '{}', propertySourceProperties = '{}', contextCustomizers = set[org.springframework.boot.test.autoconfigure.actuate.metrics.MetricsExportContextCustomizerFactory$DisableMetricExportContextCustomizer@4f3bbf68, org.springframework.boot.test.autoconfigure.properties.PropertyMappingContextCustomizer@0, org.springframework.boot.test.autoconfigure.web.servlet.WebDriverContextCustomizerFactory$Customizer@3daf7722, org.springframework.boot.test.context.filter.ExcludeFilterContextCustomizer@1fc32e4f, org.springframework.boot.test.json.DuplicateJsonObjectContextCustomizerFactory$DuplicateJsonObjectContextCustomizer@7efaad5a, org.springframework.boot.test.mock.mockito.MockitoContextCustomizer@ea924d7], contextLoader = 'org.springframework.test.context.support.DelegatingSmartContextLoader', parent = [null]]]
01:05:16.665 [Test worker] DEBUG org.springframework.test.context.cache - Spring test ApplicationContext cache statistics: [DefaultContextCache@5782d777 size = 3, maxSize = 32, parentContextCount = 0, hitCount = 169, missCount = 3]
01:05:16.673 [Test worker] DEBUG org.springframework.test.context.cache.DefaultCacheAwareContextLoaderDelegate - Retrieved ApplicationContext [252276535] from cache with key [[MergedContextConfiguration@4bbb49b0 testClass = UsersRewardManagerTest, locations = '{}', classes = '{class org.waldreg.reward.users.DefaultUsersRewardManager}', contextInitializerClasses = '[]', activeProfiles = '{}', propertySourceLocations = '{}', propertySourceProperties = '{}', contextCustomizers = set[org.springframework.boot.test.autoconfigure.actuate.metrics.MetricsExportContextCustomizerFactory$DisableMetricExportContextCustomizer@4f3bbf68, org.springframework.boot.test.autoconfigure.properties.PropertyMappingContextCustomizer@0, org.springframework.boot.test.autoconfigure.web.servlet.WebDriverContextCustomizerFactory$Customizer@3daf7722, org.springframework.boot.test.context.filter.ExcludeFilterContextCustomizer@1fc32e4f, org.springframework.boot.test.json.DuplicateJsonObjectContextCustomizerFactory$DuplicateJsonObjectContextCustomizer@7efaad5a, org.springframework.boot.test.mock.mockito.MockitoContextCustomizer@ea924d7], contextLoader = 'org.springframework.test.context.support.DelegatingSmartContextLoader', parent = [null]]]
01:05:16.673 [Test worker] DEBUG org.springframework.test.context.cache - Spring test ApplicationContext cache statistics: [DefaultContextCache@5782d777 size = 3, maxSize = 32, parentContextCount = 0, hitCount = 170, missCount = 3]
01:05:16.673 [Test worker] DEBUG org.springframework.test.context.cache.DefaultCacheAwareContextLoaderDelegate - Retrieved ApplicationContext [252276535] from cache with key [[MergedContextConfiguration@4bbb49b0 testClass = UsersRewardManagerTest, locations = '{}', classes = '{class org.waldreg.reward.users.DefaultUsersRewardManager}', contextInitializerClasses = '[]', activeProfiles = '{}', propertySourceLocations = '{}', propertySourceProperties = '{}', contextCustomizers = set[org.springframework.boot.test.autoconfigure.actuate.metrics.MetricsExportContextCustomizerFactory$DisableMetricExportContextCustomizer@4f3bbf68, org.springframework.boot.test.autoconfigure.properties.PropertyMappingContextCustomizer@0, org.springframework.boot.test.autoconfigure.web.servlet.WebDriverContextCustomizerFactory$Customizer@3daf7722, org.springframework.boot.test.context.filter.ExcludeFilterContextCustomizer@1fc32e4f, org.springframework.boot.test.json.DuplicateJsonObjectContextCustomizerFactory$DuplicateJsonObjectContextCustomizer@7efaad5a, org.springframework.boot.test.mock.mockito.MockitoContextCustomizer@ea924d7], contextLoader = 'org.springframework.test.context.support.DelegatingSmartContextLoader', parent = [null]]]
01:05:16.673 [Test worker] DEBUG org.springframework.test.context.cache - Spring test ApplicationContext cache statistics: [DefaultContextCache@5782d777 size = 3, maxSize = 32, parentContextCount = 0, hitCount = 171, missCount = 3]
01:05:16.674 [Test worker] DEBUG org.springframework.test.context.cache.DefaultCacheAwareContextLoaderDelegate - Retrieved ApplicationContext [252276535] from cache with key [[MergedContextConfiguration@4bbb49b0 testClass = UsersRewardManagerTest, locations = '{}', classes = '{class org.waldreg.reward.users.DefaultUsersRewardManager}', contextInitializerClasses = '[]', activeProfiles = '{}', propertySourceLocations = '{}', propertySourceProperties = '{}', contextCustomizers = set[org.springframework.boot.test.autoconfigure.actuate.metrics.MetricsExportContextCustomizerFactory$DisableMetricExportContextCustomizer@4f3bbf68, org.springframework.boot.test.autoconfigure.properties.PropertyMappingContextCustomizer@0, org.springframework.boot.test.autoconfigure.web.servlet.WebDriverContextCustomizerFactory$Customizer@3daf7722, org.springframework.boot.test.context.filter.ExcludeFilterContextCustomizer@1fc32e4f, org.springframework.boot.test.json.DuplicateJsonObjectContextCustomizerFactory$DuplicateJsonObjectContextCustomizer@7efaad5a, org.springframework.boot.test.mock.mockito.MockitoContextCustomizer@ea924d7], contextLoader = 'org.springframework.test.context.support.DelegatingSmartContextLoader', parent = [null]]]
01:05:16.674 [Test worker] DEBUG org.springframework.test.context.cache - Spring test ApplicationContext cache statistics: [DefaultContextCache@5782d777 size = 3, maxSize = 32, parentContextCount = 0, hitCount = 172, missCount = 3]
01:05:16.674 [Test worker] DEBUG org.springframework.test.context.cache.DefaultCacheAwareContextLoaderDelegate - Retrieved ApplicationContext [252276535] from cache with key [[MergedContextConfiguration@4bbb49b0 testClass = UsersRewardManagerTest, locations = '{}', classes = '{class org.waldreg.reward.users.DefaultUsersRewardManager}', contextInitializerClasses = '[]', activeProfiles = '{}', propertySourceLocations = '{}', propertySourceProperties = '{}', contextCustomizers = set[org.springframework.boot.test.autoconfigure.actuate.metrics.MetricsExportContextCustomizerFactory$DisableMetricExportContextCustomizer@4f3bbf68, org.springframework.boot.test.autoconfigure.properties.PropertyMappingContextCustomizer@0, org.springframework.boot.test.autoconfigure.web.servlet.WebDriverContextCustomizerFactory$Customizer@3daf7722, org.springframework.boot.test.context.filter.ExcludeFilterContextCustomizer@1fc32e4f, org.springframework.boot.test.json.DuplicateJsonObjectContextCustomizerFactory$DuplicateJsonObjectContextCustomizer@7efaad5a, org.springframework.boot.test.mock.mockito.MockitoContextCustomizer@ea924d7], contextLoader = 'org.springframework.test.context.support.DelegatingSmartContextLoader', parent = [null]]]
01:05:16.674 [Test worker] DEBUG org.springframework.test.context.cache - Spring test ApplicationContext cache statistics: [DefaultContextCache@5782d777 size = 3, maxSize = 32, parentContextCount = 0, hitCount = 173, missCount = 3]
01:05:16.683 [Test worker] DEBUG org.springframework.test.context.cache.DefaultCacheAwareContextLoaderDelegate - Retrieved ApplicationContext [252276535] from cache with key [[MergedContextConfiguration@4bbb49b0 testClass = UsersRewardManagerTest, locations = '{}', classes = '{class org.waldreg.reward.users.DefaultUsersRewardManager}', contextInitializerClasses = '[]', activeProfiles = '{}', propertySourceLocations = '{}', propertySourceProperties = '{}', contextCustomizers = set[org.springframework.boot.test.autoconfigure.actuate.metrics.MetricsExportContextCustomizerFactory$DisableMetricExportContextCustomizer@4f3bbf68, org.springframework.boot.test.autoconfigure.properties.PropertyMappingContextCustomizer@0, org.springframework.boot.test.autoconfigure.web.servlet.WebDriverContextCustomizerFactory$Customizer@3daf7722, org.springframework.boot.test.context.filter.ExcludeFilterContextCustomizer@1fc32e4f, org.springframework.boot.test.json.DuplicateJsonObjectContextCustomizerFactory$DuplicateJsonObjectContextCustomizer@7efaad5a, org.springframework.boot.test.mock.mockito.MockitoContextCustomizer@ea924d7], contextLoader = 'org.springframework.test.context.support.DelegatingSmartContextLoader', parent = [null]]]
01:05:16.683 [Test worker] DEBUG org.springframework.test.context.cache - Spring test ApplicationContext cache statistics: [DefaultContextCache@5782d777 size = 3, maxSize = 32, parentContextCount = 0, hitCount = 174, missCount = 3]
01:05:16.683 [Test worker] DEBUG org.springframework.test.context.cache.DefaultCacheAwareContextLoaderDelegate - Retrieved ApplicationContext [252276535] from cache with key [[MergedContextConfiguration@4bbb49b0 testClass = UsersRewardManagerTest, locations = '{}', classes = '{class org.waldreg.reward.users.DefaultUsersRewardManager}', contextInitializerClasses = '[]', activeProfiles = '{}', propertySourceLocations = '{}', propertySourceProperties = '{}', contextCustomizers = set[org.springframework.boot.test.autoconfigure.actuate.metrics.MetricsExportContextCustomizerFactory$DisableMetricExportContextCustomizer@4f3bbf68, org.springframework.boot.test.autoconfigure.properties.PropertyMappingContextCustomizer@0, org.springframework.boot.test.autoconfigure.web.servlet.WebDriverContextCustomizerFactory$Customizer@3daf7722, org.springframework.boot.test.context.filter.ExcludeFilterContextCustomizer@1fc32e4f, org.springframework.boot.test.json.DuplicateJsonObjectContextCustomizerFactory$DuplicateJsonObjectContextCustomizer@7efaad5a, org.springframework.boot.test.mock.mockito.MockitoContextCustomizer@ea924d7], contextLoader = 'org.springframework.test.context.support.DelegatingSmartContextLoader', parent = [null]]]
01:05:16.683 [Test worker] DEBUG org.springframework.test.context.cache - Spring test ApplicationContext cache statistics: [DefaultContextCache@5782d777 size = 3, maxSize = 32, parentContextCount = 0, hitCount = 175, missCount = 3]
01:05:16.683 [Test worker] DEBUG org.springframework.test.context.cache.DefaultCacheAwareContextLoaderDelegate - Retrieved ApplicationContext [252276535] from cache with key [[MergedContextConfiguration@4bbb49b0 testClass = UsersRewardManagerTest, locations = '{}', classes = '{class org.waldreg.reward.users.DefaultUsersRewardManager}', contextInitializerClasses = '[]', activeProfiles = '{}', propertySourceLocations = '{}', propertySourceProperties = '{}', contextCustomizers = set[org.springframework.boot.test.autoconfigure.actuate.metrics.MetricsExportContextCustomizerFactory$DisableMetricExportContextCustomizer@4f3bbf68, org.springframework.boot.test.autoconfigure.properties.PropertyMappingContextCustomizer@0, org.springframework.boot.test.autoconfigure.web.servlet.WebDriverContextCustomizerFactory$Customizer@3daf7722, org.springframework.boot.test.context.filter.ExcludeFilterContextCustomizer@1fc32e4f, org.springframework.boot.test.json.DuplicateJsonObjectContextCustomizerFactory$DuplicateJsonObjectContextCustomizer@7efaad5a, org.springframework.boot.test.mock.mockito.MockitoContextCustomizer@ea924d7], contextLoader = 'org.springframework.test.context.support.DelegatingSmartContextLoader', parent = [null]]]
01:05:16.683 [Test worker] DEBUG org.springframework.test.context.cache - Spring test ApplicationContext cache statistics: [DefaultContextCache@5782d777 size = 3, maxSize = 32, parentContextCount = 0, hitCount = 176, missCount = 3]
01:05:16.690 [Test worker] DEBUG org.springframework.test.context.cache.DefaultCacheAwareContextLoaderDelegate - Retrieved ApplicationContext [252276535] from cache with key [[MergedContextConfiguration@4bbb49b0 testClass = UsersRewardManagerTest, locations = '{}', classes = '{class org.waldreg.reward.users.DefaultUsersRewardManager}', contextInitializerClasses = '[]', activeProfiles = '{}', propertySourceLocations = '{}', propertySourceProperties = '{}', contextCustomizers = set[org.springframework.boot.test.autoconfigure.actuate.metrics.MetricsExportContextCustomizerFactory$DisableMetricExportContextCustomizer@4f3bbf68, org.springframework.boot.test.autoconfigure.properties.PropertyMappingContextCustomizer@0, org.springframework.boot.test.autoconfigure.web.servlet.WebDriverContextCustomizerFactory$Customizer@3daf7722, org.springframework.boot.test.context.filter.ExcludeFilterContextCustomizer@1fc32e4f, org.springframework.boot.test.json.DuplicateJsonObjectContextCustomizerFactory$DuplicateJsonObjectContextCustomizer@7efaad5a, org.springframework.boot.test.mock.mockito.MockitoContextCustomizer@ea924d7], contextLoader = 'org.springframework.test.context.support.DelegatingSmartContextLoader', parent = [null]]]
01:05:16.690 [Test worker] DEBUG org.springframework.test.context.cache - Spring test ApplicationContext cache statistics: [DefaultContextCache@5782d777 size = 3, maxSize = 32, parentContextCount = 0, hitCount = 177, missCount = 3]
01:05:16.690 [Test worker] DEBUG org.springframework.test.context.support.AbstractDirtiesContextTestExecutionListener - After test method: context [DefaultTestContext@4b2e3e8f testClass = UsersRewardManagerTest, testInstance = org.waldreg.reward.users.UsersRewardManagerTest@1744a475, testMethod = ASSIGN_REWARD_TO_USER_FAIL_CANNOT_FIND_REWARD_TAG_ID_TEST@UsersRewardManagerTest, testException = [null], mergedContextConfiguration = [MergedContextConfiguration@4bbb49b0 testClass = UsersRewardManagerTest, locations = '{}', classes = '{class org.waldreg.reward.users.DefaultUsersRewardManager}', contextInitializerClasses = '[]', activeProfiles = '{}', propertySourceLocations = '{}', propertySourceProperties = '{}', contextCustomizers = set[org.springframework.boot.test.autoconfigure.actuate.metrics.MetricsExportContextCustomizerFactory$DisableMetricExportContextCustomizer@4f3bbf68, org.springframework.boot.test.autoconfigure.properties.PropertyMappingContextCustomizer@0, org.springframework.boot.test.autoconfigure.web.servlet.WebDriverContextCustomizerFactory$Customizer@3daf7722, org.springframework.boot.test.context.filter.ExcludeFilterContextCustomizer@1fc32e4f, org.springframework.boot.test.json.DuplicateJsonObjectContextCustomizerFactory$DuplicateJsonObjectContextCustomizer@7efaad5a, org.springframework.boot.test.mock.mockito.MockitoContextCustomizer@ea924d7], contextLoader = 'org.springframework.test.context.support.DelegatingSmartContextLoader', parent = [null]], attributes = map['org.springframework.test.context.event.ApplicationEventsTestExecutionListener.recordApplicationEvents' -> false]], class annotated with @DirtiesContext [false] with mode [null], method annotated with @DirtiesContext [false] with mode [null].
01:05:16.691 [Test worker] DEBUG org.springframework.test.context.cache.DefaultCacheAwareContextLoaderDelegate - Retrieved ApplicationContext [252276535] from cache with key [[MergedContextConfiguration@4bbb49b0 testClass = UsersRewardManagerTest, locations = '{}', classes = '{class org.waldreg.reward.users.DefaultUsersRewardManager}', contextInitializerClasses = '[]', activeProfiles = '{}', propertySourceLocations = '{}', propertySourceProperties = '{}', contextCustomizers = set[org.springframework.boot.test.autoconfigure.actuate.metrics.MetricsExportContextCustomizerFactory$DisableMetricExportContextCustomizer@4f3bbf68, org.springframework.boot.test.autoconfigure.properties.PropertyMappingContextCustomizer@0, org.springframework.boot.test.autoconfigure.web.servlet.WebDriverContextCustomizerFactory$Customizer@3daf7722, org.springframework.boot.test.context.filter.ExcludeFilterContextCustomizer@1fc32e4f, org.springframework.boot.test.json.DuplicateJsonObjectContextCustomizerFactory$DuplicateJsonObjectContextCustomizer@7efaad5a, org.springframework.boot.test.mock.mockito.MockitoContextCustomizer@ea924d7], contextLoader = 'org.springframework.test.context.support.DelegatingSmartContextLoader', parent = [null]]]
01:05:16.691 [Test worker] DEBUG org.springframework.test.context.cache - Spring test ApplicationContext cache statistics: [DefaultContextCache@5782d777 size = 3, maxSize = 32, parentContextCount = 0, hitCount = 178, missCount = 3]
01:05:16.691 [Test worker] DEBUG org.springframework.test.context.support.DependencyInjectionTestExecutionListener - Performing dependency injection for test context [[DefaultTestContext@4b2e3e8f testClass = UsersRewardManagerTest, testInstance = org.waldreg.reward.users.UsersRewardManagerTest@1c5c616f, testMethod = [null], testException = [null], mergedContextConfiguration = [MergedContextConfiguration@4bbb49b0 testClass = UsersRewardManagerTest, locations = '{}', classes = '{class org.waldreg.reward.users.DefaultUsersRewardManager}', contextInitializerClasses = '[]', activeProfiles = '{}', propertySourceLocations = '{}', propertySourceProperties = '{}', contextCustomizers = set[org.springframework.boot.test.autoconfigure.actuate.metrics.MetricsExportContextCustomizerFactory$DisableMetricExportContextCustomizer@4f3bbf68, org.springframework.boot.test.autoconfigure.properties.PropertyMappingContextCustomizer@0, org.springframework.boot.test.autoconfigure.web.servlet.WebDriverContextCustomizerFactory$Customizer@3daf7722, org.springframework.boot.test.context.filter.ExcludeFilterContextCustomizer@1fc32e4f, org.springframework.boot.test.json.DuplicateJsonObjectContextCustomizerFactory$DuplicateJsonObjectContextCustomizer@7efaad5a, org.springframework.boot.test.mock.mockito.MockitoContextCustomizer@ea924d7], contextLoader = 'org.springframework.test.context.support.DelegatingSmartContextLoader', parent = [null]], attributes = map['org.springframework.test.context.event.ApplicationEventsTestExecutionListener.recordApplicationEvents' -> false]]].
01:05:16.691 [Test worker] DEBUG org.springframework.test.context.cache.DefaultCacheAwareContextLoaderDelegate - Retrieved ApplicationContext [252276535] from cache with key [[MergedContextConfiguration@4bbb49b0 testClass = UsersRewardManagerTest, locations = '{}', classes = '{class org.waldreg.reward.users.DefaultUsersRewardManager}', contextInitializerClasses = '[]', activeProfiles = '{}', propertySourceLocations = '{}', propertySourceProperties = '{}', contextCustomizers = set[org.springframework.boot.test.autoconfigure.actuate.metrics.MetricsExportContextCustomizerFactory$DisableMetricExportContextCustomizer@4f3bbf68, org.springframework.boot.test.autoconfigure.properties.PropertyMappingContextCustomizer@0, org.springframework.boot.test.autoconfigure.web.servlet.WebDriverContextCustomizerFactory$Customizer@3daf7722, org.springframework.boot.test.context.filter.ExcludeFilterContextCustomizer@1fc32e4f, org.springframework.boot.test.json.DuplicateJsonObjectContextCustomizerFactory$DuplicateJsonObjectContextCustomizer@7efaad5a, org.springframework.boot.test.mock.mockito.MockitoContextCustomizer@ea924d7], contextLoader = 'org.springframework.test.context.support.DelegatingSmartContextLoader', parent = [null]]]
01:05:16.691 [Test worker] DEBUG org.springframework.test.context.cache - Spring test ApplicationContext cache statistics: [DefaultContextCache@5782d777 size = 3, maxSize = 32, parentContextCount = 0, hitCount = 179, missCount = 3]
01:05:16.691 [Test worker] DEBUG org.springframework.test.context.cache.DefaultCacheAwareContextLoaderDelegate - Retrieved ApplicationContext [252276535] from cache with key [[MergedContextConfiguration@4bbb49b0 testClass = UsersRewardManagerTest, locations = '{}', classes = '{class org.waldreg.reward.users.DefaultUsersRewardManager}', contextInitializerClasses = '[]', activeProfiles = '{}', propertySourceLocations = '{}', propertySourceProperties = '{}', contextCustomizers = set[org.springframework.boot.test.autoconfigure.actuate.metrics.MetricsExportContextCustomizerFactory$DisableMetricExportContextCustomizer@4f3bbf68, org.springframework.boot.test.autoconfigure.properties.PropertyMappingContextCustomizer@0, org.springframework.boot.test.autoconfigure.web.servlet.WebDriverContextCustomizerFactory$Customizer@3daf7722, org.springframework.boot.test.context.filter.ExcludeFilterContextCustomizer@1fc32e4f, org.springframework.boot.test.json.DuplicateJsonObjectContextCustomizerFactory$DuplicateJsonObjectContextCustomizer@7efaad5a, org.springframework.boot.test.mock.mockito.MockitoContextCustomizer@ea924d7], contextLoader = 'org.springframework.test.context.support.DelegatingSmartContextLoader', parent = [null]]]
01:05:16.691 [Test worker] DEBUG org.springframework.test.context.cache - Spring test ApplicationContext cache statistics: [DefaultContextCache@5782d777 size = 3, maxSize = 32, parentContextCount = 0, hitCount = 180, missCount = 3]
01:05:16.692 [Test worker] DEBUG org.springframework.test.context.support.AbstractDirtiesContextTestExecutionListener - Before test method: context [DefaultTestContext@4b2e3e8f testClass = UsersRewardManagerTest, testInstance = org.waldreg.reward.users.UsersRewardManagerTest@1c5c616f, testMethod = READ_SPECIFY_USERS_REWARD_TAG_FAIL_CANNOT_FIND_USER_TEST@UsersRewardManagerTest, testException = [null], mergedContextConfiguration = [MergedContextConfiguration@4bbb49b0 testClass = UsersRewardManagerTest, locations = '{}', classes = '{class org.waldreg.reward.users.DefaultUsersRewardManager}', contextInitializerClasses = '[]', activeProfiles = '{}', propertySourceLocations = '{}', propertySourceProperties = '{}', contextCustomizers = set[org.springframework.boot.test.autoconfigure.actuate.metrics.MetricsExportContextCustomizerFactory$DisableMetricExportContextCustomizer@4f3bbf68, org.springframework.boot.test.autoconfigure.properties.PropertyMappingContextCustomizer@0, org.springframework.boot.test.autoconfigure.web.servlet.WebDriverContextCustomizerFactory$Customizer@3daf7722, org.springframework.boot.test.context.filter.ExcludeFilterContextCustomizer@1fc32e4f, org.springframework.boot.test.json.DuplicateJsonObjectContextCustomizerFactory$DuplicateJsonObjectContextCustomizer@7efaad5a, org.springframework.boot.test.mock.mockito.MockitoContextCustomizer@ea924d7], contextLoader = 'org.springframework.test.context.support.DelegatingSmartContextLoader', parent = [null]], attributes = map['org.springframework.test.context.event.ApplicationEventsTestExecutionListener.recordApplicationEvents' -> false]], class annotated with @DirtiesContext [false] with mode [null], method annotated with @DirtiesContext [false] with mode [null].
01:05:16.692 [Test worker] DEBUG org.springframework.test.context.cache.DefaultCacheAwareContextLoaderDelegate - Retrieved ApplicationContext [252276535] from cache with key [[MergedContextConfiguration@4bbb49b0 testClass = UsersRewardManagerTest, locations = '{}', classes = '{class org.waldreg.reward.users.DefaultUsersRewardManager}', contextInitializerClasses = '[]', activeProfiles = '{}', propertySourceLocations = '{}', propertySourceProperties = '{}', contextCustomizers = set[org.springframework.boot.test.autoconfigure.actuate.metrics.MetricsExportContextCustomizerFactory$DisableMetricExportContextCustomizer@4f3bbf68, org.springframework.boot.test.autoconfigure.properties.PropertyMappingContextCustomizer@0, org.springframework.boot.test.autoconfigure.web.servlet.WebDriverContextCustomizerFactory$Customizer@3daf7722, org.springframework.boot.test.context.filter.ExcludeFilterContextCustomizer@1fc32e4f, org.springframework.boot.test.json.DuplicateJsonObjectContextCustomizerFactory$DuplicateJsonObjectContextCustomizer@7efaad5a, org.springframework.boot.test.mock.mockito.MockitoContextCustomizer@ea924d7], contextLoader = 'org.springframework.test.context.support.DelegatingSmartContextLoader', parent = [null]]]
01:05:16.692 [Test worker] DEBUG org.springframework.test.context.cache - Spring test ApplicationContext cache statistics: [DefaultContextCache@5782d777 size = 3, maxSize = 32, parentContextCount = 0, hitCount = 181, missCount = 3]
01:05:16.699 [Test worker] DEBUG org.springframework.test.context.cache.DefaultCacheAwareContextLoaderDelegate - Retrieved ApplicationContext [252276535] from cache with key [[MergedContextConfiguration@4bbb49b0 testClass = UsersRewardManagerTest, locations = '{}', classes = '{class org.waldreg.reward.users.DefaultUsersRewardManager}', contextInitializerClasses = '[]', activeProfiles = '{}', propertySourceLocations = '{}', propertySourceProperties = '{}', contextCustomizers = set[org.springframework.boot.test.autoconfigure.actuate.metrics.MetricsExportContextCustomizerFactory$DisableMetricExportContextCustomizer@4f3bbf68, org.springframework.boot.test.autoconfigure.properties.PropertyMappingContextCustomizer@0, org.springframework.boot.test.autoconfigure.web.servlet.WebDriverContextCustomizerFactory$Customizer@3daf7722, org.springframework.boot.test.context.filter.ExcludeFilterContextCustomizer@1fc32e4f, org.springframework.boot.test.json.DuplicateJsonObjectContextCustomizerFactory$DuplicateJsonObjectContextCustomizer@7efaad5a, org.springframework.boot.test.mock.mockito.MockitoContextCustomizer@ea924d7], contextLoader = 'org.springframework.test.context.support.DelegatingSmartContextLoader', parent = [null]]]
01:05:16.699 [Test worker] DEBUG org.springframework.test.context.cache - Spring test ApplicationContext cache statistics: [DefaultContextCache@5782d777 size = 3, maxSize = 32, parentContextCount = 0, hitCount = 182, missCount = 3]
01:05:16.699 [Test worker] DEBUG org.springframework.test.context.cache.DefaultCacheAwareContextLoaderDelegate - Retrieved ApplicationContext [252276535] from cache with key [[MergedContextConfiguration@4bbb49b0 testClass = UsersRewardManagerTest, locations = '{}', classes = '{class org.waldreg.reward.users.DefaultUsersRewardManager}', contextInitializerClasses = '[]', activeProfiles = '{}', propertySourceLocations = '{}', propertySourceProperties = '{}', contextCustomizers = set[org.springframework.boot.test.autoconfigure.actuate.metrics.MetricsExportContextCustomizerFactory$DisableMetricExportContextCustomizer@4f3bbf68, org.springframework.boot.test.autoconfigure.properties.PropertyMappingContextCustomizer@0, org.springframework.boot.test.autoconfigure.web.servlet.WebDriverContextCustomizerFactory$Customizer@3daf7722, org.springframework.boot.test.context.filter.ExcludeFilterContextCustomizer@1fc32e4f, org.springframework.boot.test.json.DuplicateJsonObjectContextCustomizerFactory$DuplicateJsonObjectContextCustomizer@7efaad5a, org.springframework.boot.test.mock.mockito.MockitoContextCustomizer@ea924d7], contextLoader = 'org.springframework.test.context.support.DelegatingSmartContextLoader', parent = [null]]]
01:05:16.700 [Test worker] DEBUG org.springframework.test.context.cache - Spring test ApplicationContext cache statistics: [DefaultContextCache@5782d777 size = 3, maxSize = 32, parentContextCount = 0, hitCount = 183, missCount = 3]
01:05:16.700 [Test worker] DEBUG org.springframework.test.context.cache.DefaultCacheAwareContextLoaderDelegate - Retrieved ApplicationContext [252276535] from cache with key [[MergedContextConfiguration@4bbb49b0 testClass = UsersRewardManagerTest, locations = '{}', classes = '{class org.waldreg.reward.users.DefaultUsersRewardManager}', contextInitializerClasses = '[]', activeProfiles = '{}', propertySourceLocations = '{}', propertySourceProperties = '{}', contextCustomizers = set[org.springframework.boot.test.autoconfigure.actuate.metrics.MetricsExportContextCustomizerFactory$DisableMetricExportContextCustomizer@4f3bbf68, org.springframework.boot.test.autoconfigure.properties.PropertyMappingContextCustomizer@0, org.springframework.boot.test.autoconfigure.web.servlet.WebDriverContextCustomizerFactory$Customizer@3daf7722, org.springframework.boot.test.context.filter.ExcludeFilterContextCustomizer@1fc32e4f, org.springframework.boot.test.json.DuplicateJsonObjectContextCustomizerFactory$DuplicateJsonObjectContextCustomizer@7efaad5a, org.springframework.boot.test.mock.mockito.MockitoContextCustomizer@ea924d7], contextLoader = 'org.springframework.test.context.support.DelegatingSmartContextLoader', parent = [null]]]
01:05:16.701 [Test worker] DEBUG org.springframework.test.context.cache - Spring test ApplicationContext cache statistics: [DefaultContextCache@5782d777 size = 3, maxSize = 32, parentContextCount = 0, hitCount = 184, missCount = 3]
01:05:16.701 [Test worker] DEBUG org.springframework.test.context.cache.DefaultCacheAwareContextLoaderDelegate - Retrieved ApplicationContext [252276535] from cache with key [[MergedContextConfiguration@4bbb49b0 testClass = UsersRewardManagerTest, locations = '{}', classes = '{class org.waldreg.reward.users.DefaultUsersRewardManager}', contextInitializerClasses = '[]', activeProfiles = '{}', propertySourceLocations = '{}', propertySourceProperties = '{}', contextCustomizers = set[org.springframework.boot.test.autoconfigure.actuate.metrics.MetricsExportContextCustomizerFactory$DisableMetricExportContextCustomizer@4f3bbf68, org.springframework.boot.test.autoconfigure.properties.PropertyMappingContextCustomizer@0, org.springframework.boot.test.autoconfigure.web.servlet.WebDriverContextCustomizerFactory$Customizer@3daf7722, org.springframework.boot.test.context.filter.ExcludeFilterContextCustomizer@1fc32e4f, org.springframework.boot.test.json.DuplicateJsonObjectContextCustomizerFactory$DuplicateJsonObjectContextCustomizer@7efaad5a, org.springframework.boot.test.mock.mockito.MockitoContextCustomizer@ea924d7], contextLoader = 'org.springframework.test.context.support.DelegatingSmartContextLoader', parent = [null]]]
01:05:16.701 [Test worker] DEBUG org.springframework.test.context.cache - Spring test ApplicationContext cache statistics: [DefaultContextCache@5782d777 size = 3, maxSize = 32, parentContextCount = 0, hitCount = 185, missCount = 3]
01:05:16.707 [Test worker] DEBUG org.springframework.test.context.cache.DefaultCacheAwareContextLoaderDelegate - Retrieved ApplicationContext [252276535] from cache with key [[MergedContextConfiguration@4bbb49b0 testClass = UsersRewardManagerTest, locations = '{}', classes = '{class org.waldreg.reward.users.DefaultUsersRewardManager}', contextInitializerClasses = '[]', activeProfiles = '{}', propertySourceLocations = '{}', propertySourceProperties = '{}', contextCustomizers = set[org.springframework.boot.test.autoconfigure.actuate.metrics.MetricsExportContextCustomizerFactory$DisableMetricExportContextCustomizer@4f3bbf68, org.springframework.boot.test.autoconfigure.properties.PropertyMappingContextCustomizer@0, org.springframework.boot.test.autoconfigure.web.servlet.WebDriverContextCustomizerFactory$Customizer@3daf7722, org.springframework.boot.test.context.filter.ExcludeFilterContextCustomizer@1fc32e4f, org.springframework.boot.test.json.DuplicateJsonObjectContextCustomizerFactory$DuplicateJsonObjectContextCustomizer@7efaad5a, org.springframework.boot.test.mock.mockito.MockitoContextCustomizer@ea924d7], contextLoader = 'org.springframework.test.context.support.DelegatingSmartContextLoader', parent = [null]]]
01:05:16.707 [Test worker] DEBUG org.springframework.test.context.cache - Spring test ApplicationContext cache statistics: [DefaultContextCache@5782d777 size = 3, maxSize = 32, parentContextCount = 0, hitCount = 186, missCount = 3]
01:05:16.707 [Test worker] DEBUG org.springframework.test.context.cache.DefaultCacheAwareContextLoaderDelegate - Retrieved ApplicationContext [252276535] from cache with key [[MergedContextConfiguration@4bbb49b0 testClass = UsersRewardManagerTest, locations = '{}', classes = '{class org.waldreg.reward.users.DefaultUsersRewardManager}', contextInitializerClasses = '[]', activeProfiles = '{}', propertySourceLocations = '{}', propertySourceProperties = '{}', contextCustomizers = set[org.springframework.boot.test.autoconfigure.actuate.metrics.MetricsExportContextCustomizerFactory$DisableMetricExportContextCustomizer@4f3bbf68, org.springframework.boot.test.autoconfigure.properties.PropertyMappingContextCustomizer@0, org.springframework.boot.test.autoconfigure.web.servlet.WebDriverContextCustomizerFactory$Customizer@3daf7722, org.springframework.boot.test.context.filter.ExcludeFilterContextCustomizer@1fc32e4f, org.springframework.boot.test.json.DuplicateJsonObjectContextCustomizerFactory$DuplicateJsonObjectContextCustomizer@7efaad5a, org.springframework.boot.test.mock.mockito.MockitoContextCustomizer@ea924d7], contextLoader = 'org.springframework.test.context.support.DelegatingSmartContextLoader', parent = [null]]]
01:05:16.707 [Test worker] DEBUG org.springframework.test.context.cache - Spring test ApplicationContext cache statistics: [DefaultContextCache@5782d777 size = 3, maxSize = 32, parentContextCount = 0, hitCount = 187, missCount = 3]
01:05:16.707 [Test worker] DEBUG org.springframework.test.context.cache.DefaultCacheAwareContextLoaderDelegate - Retrieved ApplicationContext [252276535] from cache with key [[MergedContextConfiguration@4bbb49b0 testClass = UsersRewardManagerTest, locations = '{}', classes = '{class org.waldreg.reward.users.DefaultUsersRewardManager}', contextInitializerClasses = '[]', activeProfiles = '{}', propertySourceLocations = '{}', propertySourceProperties = '{}', contextCustomizers = set[org.springframework.boot.test.autoconfigure.actuate.metrics.MetricsExportContextCustomizerFactory$DisableMetricExportContextCustomizer@4f3bbf68, org.springframework.boot.test.autoconfigure.properties.PropertyMappingContextCustomizer@0, org.springframework.boot.test.autoconfigure.web.servlet.WebDriverContextCustomizerFactory$Customizer@3daf7722, org.springframework.boot.test.context.filter.ExcludeFilterContextCustomizer@1fc32e4f, org.springframework.boot.test.json.DuplicateJsonObjectContextCustomizerFactory$DuplicateJsonObjectContextCustomizer@7efaad5a, org.springframework.boot.test.mock.mockito.MockitoContextCustomizer@ea924d7], contextLoader = 'org.springframework.test.context.support.DelegatingSmartContextLoader', parent = [null]]]
01:05:16.707 [Test worker] DEBUG org.springframework.test.context.cache - Spring test ApplicationContext cache statistics: [DefaultContextCache@5782d777 size = 3, maxSize = 32, parentContextCount = 0, hitCount = 188, missCount = 3]
01:05:16.715 [Test worker] DEBUG org.springframework.test.context.cache.DefaultCacheAwareContextLoaderDelegate - Retrieved ApplicationContext [252276535] from cache with key [[MergedContextConfiguration@4bbb49b0 testClass = UsersRewardManagerTest, locations = '{}', classes = '{class org.waldreg.reward.users.DefaultUsersRewardManager}', contextInitializerClasses = '[]', activeProfiles = '{}', propertySourceLocations = '{}', propertySourceProperties = '{}', contextCustomizers = set[org.springframework.boot.test.autoconfigure.actuate.metrics.MetricsExportContextCustomizerFactory$DisableMetricExportContextCustomizer@4f3bbf68, org.springframework.boot.test.autoconfigure.properties.PropertyMappingContextCustomizer@0, org.springframework.boot.test.autoconfigure.web.servlet.WebDriverContextCustomizerFactory$Customizer@3daf7722, org.springframework.boot.test.context.filter.ExcludeFilterContextCustomizer@1fc32e4f, org.springframework.boot.test.json.DuplicateJsonObjectContextCustomizerFactory$DuplicateJsonObjectContextCustomizer@7efaad5a, org.springframework.boot.test.mock.mockito.MockitoContextCustomizer@ea924d7], contextLoader = 'org.springframework.test.context.support.DelegatingSmartContextLoader', parent = [null]]]
01:05:16.715 [Test worker] DEBUG org.springframework.test.context.cache - Spring test ApplicationContext cache statistics: [DefaultContextCache@5782d777 size = 3, maxSize = 32, parentContextCount = 0, hitCount = 189, missCount = 3]
01:05:16.715 [Test worker] DEBUG org.springframework.test.context.support.AbstractDirtiesContextTestExecutionListener - After test method: context [DefaultTestContext@4b2e3e8f testClass = UsersRewardManagerTest, testInstance = org.waldreg.reward.users.UsersRewardManagerTest@1c5c616f, testMethod = READ_SPECIFY_USERS_REWARD_TAG_FAIL_CANNOT_FIND_USER_TEST@UsersRewardManagerTest, testException = [null], mergedContextConfiguration = [MergedContextConfiguration@4bbb49b0 testClass = UsersRewardManagerTest, locations = '{}', classes = '{class org.waldreg.reward.users.DefaultUsersRewardManager}', contextInitializerClasses = '[]', activeProfiles = '{}', propertySourceLocations = '{}', propertySourceProperties = '{}', contextCustomizers = set[org.springframework.boot.test.autoconfigure.actuate.metrics.MetricsExportContextCustomizerFactory$DisableMetricExportContextCustomizer@4f3bbf68, org.springframework.boot.test.autoconfigure.properties.PropertyMappingContextCustomizer@0, org.springframework.boot.test.autoconfigure.web.servlet.WebDriverContextCustomizerFactory$Customizer@3daf7722, org.springframework.boot.test.context.filter.ExcludeFilterContextCustomizer@1fc32e4f, org.springframework.boot.test.json.DuplicateJsonObjectContextCustomizerFactory$DuplicateJsonObjectContextCustomizer@7efaad5a, org.springframework.boot.test.mock.mockito.MockitoContextCustomizer@ea924d7], contextLoader = 'org.springframework.test.context.support.DelegatingSmartContextLoader', parent = [null]], attributes = map['org.springframework.test.context.event.ApplicationEventsTestExecutionListener.recordApplicationEvents' -> false]], class annotated with @DirtiesContext [false] with mode [null], method annotated with @DirtiesContext [false] with mode [null].
01:05:16.717 [Test worker] DEBUG org.springframework.test.context.cache.DefaultCacheAwareContextLoaderDelegate - Retrieved ApplicationContext [252276535] from cache with key [[MergedContextConfiguration@4bbb49b0 testClass = UsersRewardManagerTest, locations = '{}', classes = '{class org.waldreg.reward.users.DefaultUsersRewardManager}', contextInitializerClasses = '[]', activeProfiles = '{}', propertySourceLocations = '{}', propertySourceProperties = '{}', contextCustomizers = set[org.springframework.boot.test.autoconfigure.actuate.metrics.MetricsExportContextCustomizerFactory$DisableMetricExportContextCustomizer@4f3bbf68, org.springframework.boot.test.autoconfigure.properties.PropertyMappingContextCustomizer@0, org.springframework.boot.test.autoconfigure.web.servlet.WebDriverContextCustomizerFactory$Customizer@3daf7722, org.springframework.boot.test.context.filter.ExcludeFilterContextCustomizer@1fc32e4f, org.springframework.boot.test.json.DuplicateJsonObjectContextCustomizerFactory$DuplicateJsonObjectContextCustomizer@7efaad5a, org.springframework.boot.test.mock.mockito.MockitoContextCustomizer@ea924d7], contextLoader = 'org.springframework.test.context.support.DelegatingSmartContextLoader', parent = [null]]]
01:05:16.717 [Test worker] DEBUG org.springframework.test.context.cache - Spring test ApplicationContext cache statistics: [DefaultContextCache@5782d777 size = 3, maxSize = 32, parentContextCount = 0, hitCount = 190, missCount = 3]
01:05:16.717 [Test worker] DEBUG org.springframework.test.context.support.DependencyInjectionTestExecutionListener - Performing dependency injection for test context [[DefaultTestContext@4b2e3e8f testClass = UsersRewardManagerTest, testInstance = org.waldreg.reward.users.UsersRewardManagerTest@2eb917d0, testMethod = [null], testException = [null], mergedContextConfiguration = [MergedContextConfiguration@4bbb49b0 testClass = UsersRewardManagerTest, locations = '{}', classes = '{class org.waldreg.reward.users.DefaultUsersRewardManager}', contextInitializerClasses = '[]', activeProfiles = '{}', propertySourceLocations = '{}', propertySourceProperties = '{}', contextCustomizers = set[org.springframework.boot.test.autoconfigure.actuate.metrics.MetricsExportContextCustomizerFactory$DisableMetricExportContextCustomizer@4f3bbf68, org.springframework.boot.test.autoconfigure.properties.PropertyMappingContextCustomizer@0, org.springframework.boot.test.autoconfigure.web.servlet.WebDriverContextCustomizerFactory$Customizer@3daf7722, org.springframework.boot.test.context.filter.ExcludeFilterContextCustomizer@1fc32e4f, org.springframework.boot.test.json.DuplicateJsonObjectContextCustomizerFactory$DuplicateJsonObjectContextCustomizer@7efaad5a, org.springframework.boot.test.mock.mockito.MockitoContextCustomizer@ea924d7], contextLoader = 'org.springframework.test.context.support.DelegatingSmartContextLoader', parent = [null]], attributes = map['org.springframework.test.context.event.ApplicationEventsTestExecutionListener.recordApplicationEvents' -> false]]].
01:05:16.717 [Test worker] DEBUG org.springframework.test.context.cache.DefaultCacheAwareContextLoaderDelegate - Retrieved ApplicationContext [252276535] from cache with key [[MergedContextConfiguration@4bbb49b0 testClass = UsersRewardManagerTest, locations = '{}', classes = '{class org.waldreg.reward.users.DefaultUsersRewardManager}', contextInitializerClasses = '[]', activeProfiles = '{}', propertySourceLocations = '{}', propertySourceProperties = '{}', contextCustomizers = set[org.springframework.boot.test.autoconfigure.actuate.metrics.MetricsExportContextCustomizerFactory$DisableMetricExportContextCustomizer@4f3bbf68, org.springframework.boot.test.autoconfigure.properties.PropertyMappingContextCustomizer@0, org.springframework.boot.test.autoconfigure.web.servlet.WebDriverContextCustomizerFactory$Customizer@3daf7722, org.springframework.boot.test.context.filter.ExcludeFilterContextCustomizer@1fc32e4f, org.springframework.boot.test.json.DuplicateJsonObjectContextCustomizerFactory$DuplicateJsonObjectContextCustomizer@7efaad5a, org.springframework.boot.test.mock.mockito.MockitoContextCustomizer@ea924d7], contextLoader = 'org.springframework.test.context.support.DelegatingSmartContextLoader', parent = [null]]]
01:05:16.717 [Test worker] DEBUG org.springframework.test.context.cache - Spring test ApplicationContext cache statistics: [DefaultContextCache@5782d777 size = 3, maxSize = 32, parentContextCount = 0, hitCount = 191, missCount = 3]
01:05:16.717 [Test worker] DEBUG org.springframework.test.context.cache.DefaultCacheAwareContextLoaderDelegate - Retrieved ApplicationContext [252276535] from cache with key [[MergedContextConfiguration@4bbb49b0 testClass = UsersRewardManagerTest, locations = '{}', classes = '{class org.waldreg.reward.users.DefaultUsersRewardManager}', contextInitializerClasses = '[]', activeProfiles = '{}', propertySourceLocations = '{}', propertySourceProperties = '{}', contextCustomizers = set[org.springframework.boot.test.autoconfigure.actuate.metrics.MetricsExportContextCustomizerFactory$DisableMetricExportContextCustomizer@4f3bbf68, org.springframework.boot.test.autoconfigure.properties.PropertyMappingContextCustomizer@0, org.springframework.boot.test.autoconfigure.web.servlet.WebDriverContextCustomizerFactory$Customizer@3daf7722, org.springframework.boot.test.context.filter.ExcludeFilterContextCustomizer@1fc32e4f, org.springframework.boot.test.json.DuplicateJsonObjectContextCustomizerFactory$DuplicateJsonObjectContextCustomizer@7efaad5a, org.springframework.boot.test.mock.mockito.MockitoContextCustomizer@ea924d7], contextLoader = 'org.springframework.test.context.support.DelegatingSmartContextLoader', parent = [null]]]
01:05:16.717 [Test worker] DEBUG org.springframework.test.context.cache - Spring test ApplicationContext cache statistics: [DefaultContextCache@5782d777 size = 3, maxSize = 32, parentContextCount = 0, hitCount = 192, missCount = 3]
01:05:16.719 [Test worker] DEBUG org.springframework.test.context.support.AbstractDirtiesContextTestExecutionListener - Before test method: context [DefaultTestContext@4b2e3e8f testClass = UsersRewardManagerTest, testInstance = org.waldreg.reward.users.UsersRewardManagerTest@2eb917d0, testMethod = ASSIGN_REWARD_TO_USER_TEST@UsersRewardManagerTest, testException = [null], mergedContextConfiguration = [MergedContextConfiguration@4bbb49b0 testClass = UsersRewardManagerTest, locations = '{}', classes = '{class org.waldreg.reward.users.DefaultUsersRewardManager}', contextInitializerClasses = '[]', activeProfiles = '{}', propertySourceLocations = '{}', propertySourceProperties = '{}', contextCustomizers = set[org.springframework.boot.test.autoconfigure.actuate.metrics.MetricsExportContextCustomizerFactory$DisableMetricExportContextCustomizer@4f3bbf68, org.springframework.boot.test.autoconfigure.properties.PropertyMappingContextCustomizer@0, org.springframework.boot.test.autoconfigure.web.servlet.WebDriverContextCustomizerFactory$Customizer@3daf7722, org.springframework.boot.test.context.filter.ExcludeFilterContextCustomizer@1fc32e4f, org.springframework.boot.test.json.DuplicateJsonObjectContextCustomizerFactory$DuplicateJsonObjectContextCustomizer@7efaad5a, org.springframework.boot.test.mock.mockito.MockitoContextCustomizer@ea924d7], contextLoader = 'org.springframework.test.context.support.DelegatingSmartContextLoader', parent = [null]], attributes = map['org.springframework.test.context.event.ApplicationEventsTestExecutionListener.recordApplicationEvents' -> false]], class annotated with @DirtiesContext [false] with mode [null], method annotated with @DirtiesContext [false] with mode [null].
01:05:16.719 [Test worker] DEBUG org.springframework.test.context.cache.DefaultCacheAwareContextLoaderDelegate - Retrieved ApplicationContext [252276535] from cache with key [[MergedContextConfiguration@4bbb49b0 testClass = UsersRewardManagerTest, locations = '{}', classes = '{class org.waldreg.reward.users.DefaultUsersRewardManager}', contextInitializerClasses = '[]', activeProfiles = '{}', propertySourceLocations = '{}', propertySourceProperties = '{}', contextCustomizers = set[org.springframework.boot.test.autoconfigure.actuate.metrics.MetricsExportContextCustomizerFactory$DisableMetricExportContextCustomizer@4f3bbf68, org.springframework.boot.test.autoconfigure.properties.PropertyMappingContextCustomizer@0, org.springframework.boot.test.autoconfigure.web.servlet.WebDriverContextCustomizerFactory$Customizer@3daf7722, org.springframework.boot.test.context.filter.ExcludeFilterContextCustomizer@1fc32e4f, org.springframework.boot.test.json.DuplicateJsonObjectContextCustomizerFactory$DuplicateJsonObjectContextCustomizer@7efaad5a, org.springframework.boot.test.mock.mockito.MockitoContextCustomizer@ea924d7], contextLoader = 'org.springframework.test.context.support.DelegatingSmartContextLoader', parent = [null]]]
01:05:16.719 [Test worker] DEBUG org.springframework.test.context.cache - Spring test ApplicationContext cache statistics: [DefaultContextCache@5782d777 size = 3, maxSize = 32, parentContextCount = 0, hitCount = 193, missCount = 3]
01:05:16.728 [Test worker] DEBUG org.springframework.test.context.cache.DefaultCacheAwareContextLoaderDelegate - Retrieved ApplicationContext [252276535] from cache with key [[MergedContextConfiguration@4bbb49b0 testClass = UsersRewardManagerTest, locations = '{}', classes = '{class org.waldreg.reward.users.DefaultUsersRewardManager}', contextInitializerClasses = '[]', activeProfiles = '{}', propertySourceLocations = '{}', propertySourceProperties = '{}', contextCustomizers = set[org.springframework.boot.test.autoconfigure.actuate.metrics.MetricsExportContextCustomizerFactory$DisableMetricExportContextCustomizer@4f3bbf68, org.springframework.boot.test.autoconfigure.properties.PropertyMappingContextCustomizer@0, org.springframework.boot.test.autoconfigure.web.servlet.WebDriverContextCustomizerFactory$Customizer@3daf7722, org.springframework.boot.test.context.filter.ExcludeFilterContextCustomizer@1fc32e4f, org.springframework.boot.test.json.DuplicateJsonObjectContextCustomizerFactory$DuplicateJsonObjectContextCustomizer@7efaad5a, org.springframework.boot.test.mock.mockito.MockitoContextCustomizer@ea924d7], contextLoader = 'org.springframework.test.context.support.DelegatingSmartContextLoader', parent = [null]]]
01:05:16.729 [Test worker] DEBUG org.springframework.test.context.cache - Spring test ApplicationContext cache statistics: [DefaultContextCache@5782d777 size = 3, maxSize = 32, parentContextCount = 0, hitCount = 194, missCount = 3]
01:05:16.729 [Test worker] DEBUG org.springframework.test.context.cache.DefaultCacheAwareContextLoaderDelegate - Retrieved ApplicationContext [252276535] from cache with key [[MergedContextConfiguration@4bbb49b0 testClass = UsersRewardManagerTest, locations = '{}', classes = '{class org.waldreg.reward.users.DefaultUsersRewardManager}', contextInitializerClasses = '[]', activeProfiles = '{}', propertySourceLocations = '{}', propertySourceProperties = '{}', contextCustomizers = set[org.springframework.boot.test.autoconfigure.actuate.metrics.MetricsExportContextCustomizerFactory$DisableMetricExportContextCustomizer@4f3bbf68, org.springframework.boot.test.autoconfigure.properties.PropertyMappingContextCustomizer@0, org.springframework.boot.test.autoconfigure.web.servlet.WebDriverContextCustomizerFactory$Customizer@3daf7722, org.springframework.boot.test.context.filter.ExcludeFilterContextCustomizer@1fc32e4f, org.springframework.boot.test.json.DuplicateJsonObjectContextCustomizerFactory$DuplicateJsonObjectContextCustomizer@7efaad5a, org.springframework.boot.test.mock.mockito.MockitoContextCustomizer@ea924d7], contextLoader = 'org.springframework.test.context.support.DelegatingSmartContextLoader', parent = [null]]]
01:05:16.729 [Test worker] DEBUG org.springframework.test.context.cache - Spring test ApplicationContext cache statistics: [DefaultContextCache@5782d777 size = 3, maxSize = 32, parentContextCount = 0, hitCount = 195, missCount = 3]
01:05:16.730 [Test worker] DEBUG org.springframework.test.context.cache.DefaultCacheAwareContextLoaderDelegate - Retrieved ApplicationContext [252276535] from cache with key [[MergedContextConfiguration@4bbb49b0 testClass = UsersRewardManagerTest, locations = '{}', classes = '{class org.waldreg.reward.users.DefaultUsersRewardManager}', contextInitializerClasses = '[]', activeProfiles = '{}', propertySourceLocations = '{}', propertySourceProperties = '{}', contextCustomizers = set[org.springframework.boot.test.autoconfigure.actuate.metrics.MetricsExportContextCustomizerFactory$DisableMetricExportContextCustomizer@4f3bbf68, org.springframework.boot.test.autoconfigure.properties.PropertyMappingContextCustomizer@0, org.springframework.boot.test.autoconfigure.web.servlet.WebDriverContextCustomizerFactory$Customizer@3daf7722, org.springframework.boot.test.context.filter.ExcludeFilterContextCustomizer@1fc32e4f, org.springframework.boot.test.json.DuplicateJsonObjectContextCustomizerFactory$DuplicateJsonObjectContextCustomizer@7efaad5a, org.springframework.boot.test.mock.mockito.MockitoContextCustomizer@ea924d7], contextLoader = 'org.springframework.test.context.support.DelegatingSmartContextLoader', parent = [null]]]
01:05:16.730 [Test worker] DEBUG org.springframework.test.context.cache - Spring test ApplicationContext cache statistics: [DefaultContextCache@5782d777 size = 3, maxSize = 32, parentContextCount = 0, hitCount = 196, missCount = 3]
01:05:16.731 [Test worker] DEBUG org.springframework.test.context.cache.DefaultCacheAwareContextLoaderDelegate - Retrieved ApplicationContext [252276535] from cache with key [[MergedContextConfiguration@4bbb49b0 testClass = UsersRewardManagerTest, locations = '{}', classes = '{class org.waldreg.reward.users.DefaultUsersRewardManager}', contextInitializerClasses = '[]', activeProfiles = '{}', propertySourceLocations = '{}', propertySourceProperties = '{}', contextCustomizers = set[org.springframework.boot.test.autoconfigure.actuate.metrics.MetricsExportContextCustomizerFactory$DisableMetricExportContextCustomizer@4f3bbf68, org.springframework.boot.test.autoconfigure.properties.PropertyMappingContextCustomizer@0, org.springframework.boot.test.autoconfigure.web.servlet.WebDriverContextCustomizerFactory$Customizer@3daf7722, org.springframework.boot.test.context.filter.ExcludeFilterContextCustomizer@1fc32e4f, org.springframework.boot.test.json.DuplicateJsonObjectContextCustomizerFactory$DuplicateJsonObjectContextCustomizer@7efaad5a, org.springframework.boot.test.mock.mockito.MockitoContextCustomizer@ea924d7], contextLoader = 'org.springframework.test.context.support.DelegatingSmartContextLoader', parent = [null]]]
01:05:16.731 [Test worker] DEBUG org.springframework.test.context.cache - Spring test ApplicationContext cache statistics: [DefaultContextCache@5782d777 size = 3, maxSize = 32, parentContextCount = 0, hitCount = 197, missCount = 3]
01:05:16.748 [Test worker] DEBUG org.springframework.test.context.cache.DefaultCacheAwareContextLoaderDelegate - Retrieved ApplicationContext [252276535] from cache with key [[MergedContextConfiguration@4bbb49b0 testClass = UsersRewardManagerTest, locations = '{}', classes = '{class org.waldreg.reward.users.DefaultUsersRewardManager}', contextInitializerClasses = '[]', activeProfiles = '{}', propertySourceLocations = '{}', propertySourceProperties = '{}', contextCustomizers = set[org.springframework.boot.test.autoconfigure.actuate.metrics.MetricsExportContextCustomizerFactory$DisableMetricExportContextCustomizer@4f3bbf68, org.springframework.boot.test.autoconfigure.properties.PropertyMappingContextCustomizer@0, org.springframework.boot.test.autoconfigure.web.servlet.WebDriverContextCustomizerFactory$Customizer@3daf7722, org.springframework.boot.test.context.filter.ExcludeFilterContextCustomizer@1fc32e4f, org.springframework.boot.test.json.DuplicateJsonObjectContextCustomizerFactory$DuplicateJsonObjectContextCustomizer@7efaad5a, org.springframework.boot.test.mock.mockito.MockitoContextCustomizer@ea924d7], contextLoader = 'org.springframework.test.context.support.DelegatingSmartContextLoader', parent = [null]]]
01:05:16.748 [Test worker] DEBUG org.springframework.test.context.cache - Spring test ApplicationContext cache statistics: [DefaultContextCache@5782d777 size = 3, maxSize = 32, parentContextCount = 0, hitCount = 198, missCount = 3]
01:05:16.748 [Test worker] DEBUG org.springframework.test.context.cache.DefaultCacheAwareContextLoaderDelegate - Retrieved ApplicationContext [252276535] from cache with key [[MergedContextConfiguration@4bbb49b0 testClass = UsersRewardManagerTest, locations = '{}', classes = '{class org.waldreg.reward.users.DefaultUsersRewardManager}', contextInitializerClasses = '[]', activeProfiles = '{}', propertySourceLocations = '{}', propertySourceProperties = '{}', contextCustomizers = set[org.springframework.boot.test.autoconfigure.actuate.metrics.MetricsExportContextCustomizerFactory$DisableMetricExportContextCustomizer@4f3bbf68, org.springframework.boot.test.autoconfigure.properties.PropertyMappingContextCustomizer@0, org.springframework.boot.test.autoconfigure.web.servlet.WebDriverContextCustomizerFactory$Customizer@3daf7722, org.springframework.boot.test.context.filter.ExcludeFilterContextCustomizer@1fc32e4f, org.springframework.boot.test.json.DuplicateJsonObjectContextCustomizerFactory$DuplicateJsonObjectContextCustomizer@7efaad5a, org.springframework.boot.test.mock.mockito.MockitoContextCustomizer@ea924d7], contextLoader = 'org.springframework.test.context.support.DelegatingSmartContextLoader', parent = [null]]]
01:05:16.748 [Test worker] DEBUG org.springframework.test.context.cache - Spring test ApplicationContext cache statistics: [DefaultContextCache@5782d777 size = 3, maxSize = 32, parentContextCount = 0, hitCount = 199, missCount = 3]
01:05:16.749 [Test worker] DEBUG org.springframework.test.context.cache.DefaultCacheAwareContextLoaderDelegate - Retrieved ApplicationContext [252276535] from cache with key [[MergedContextConfiguration@4bbb49b0 testClass = UsersRewardManagerTest, locations = '{}', classes = '{class org.waldreg.reward.users.DefaultUsersRewardManager}', contextInitializerClasses = '[]', activeProfiles = '{}', propertySourceLocations = '{}', propertySourceProperties = '{}', contextCustomizers = set[org.springframework.boot.test.autoconfigure.actuate.metrics.MetricsExportContextCustomizerFactory$DisableMetricExportContextCustomizer@4f3bbf68, org.springframework.boot.test.autoconfigure.properties.PropertyMappingContextCustomizer@0, org.springframework.boot.test.autoconfigure.web.servlet.WebDriverContextCustomizerFactory$Customizer@3daf7722, org.springframework.boot.test.context.filter.ExcludeFilterContextCustomizer@1fc32e4f, org.springframework.boot.test.json.DuplicateJsonObjectContextCustomizerFactory$DuplicateJsonObjectContextCustomizer@7efaad5a, org.springframework.boot.test.mock.mockito.MockitoContextCustomizer@ea924d7], contextLoader = 'org.springframework.test.context.support.DelegatingSmartContextLoader', parent = [null]]]
01:05:16.749 [Test worker] DEBUG org.springframework.test.context.cache - Spring test ApplicationContext cache statistics: [DefaultContextCache@5782d777 size = 3, maxSize = 32, parentContextCount = 0, hitCount = 200, missCount = 3]
01:05:16.761 [Test worker] DEBUG org.springframework.test.context.cache.DefaultCacheAwareContextLoaderDelegate - Retrieved ApplicationContext [252276535] from cache with key [[MergedContextConfiguration@4bbb49b0 testClass = UsersRewardManagerTest, locations = '{}', classes = '{class org.waldreg.reward.users.DefaultUsersRewardManager}', contextInitializerClasses = '[]', activeProfiles = '{}', propertySourceLocations = '{}', propertySourceProperties = '{}', contextCustomizers = set[org.springframework.boot.test.autoconfigure.actuate.metrics.MetricsExportContextCustomizerFactory$DisableMetricExportContextCustomizer@4f3bbf68, org.springframework.boot.test.autoconfigure.properties.PropertyMappingContextCustomizer@0, org.springframework.boot.test.autoconfigure.web.servlet.WebDriverContextCustomizerFactory$Customizer@3daf7722, org.springframework.boot.test.context.filter.ExcludeFilterContextCustomizer@1fc32e4f, org.springframework.boot.test.json.DuplicateJsonObjectContextCustomizerFactory$DuplicateJsonObjectContextCustomizer@7efaad5a, org.springframework.boot.test.mock.mockito.MockitoContextCustomizer@ea924d7], contextLoader = 'org.springframework.test.context.support.DelegatingSmartContextLoader', parent = [null]]]
01:05:16.761 [Test worker] DEBUG org.springframework.test.context.cache - Spring test ApplicationContext cache statistics: [DefaultContextCache@5782d777 size = 3, maxSize = 32, parentContextCount = 0, hitCount = 201, missCount = 3]
01:05:16.761 [Test worker] DEBUG org.springframework.test.context.support.AbstractDirtiesContextTestExecutionListener - After test method: context [DefaultTestContext@4b2e3e8f testClass = UsersRewardManagerTest, testInstance = org.waldreg.reward.users.UsersRewardManagerTest@2eb917d0, testMethod = ASSIGN_REWARD_TO_USER_TEST@UsersRewardManagerTest, testException = [null], mergedContextConfiguration = [MergedContextConfiguration@4bbb49b0 testClass = UsersRewardManagerTest, locations = '{}', classes = '{class org.waldreg.reward.users.DefaultUsersRewardManager}', contextInitializerClasses = '[]', activeProfiles = '{}', propertySourceLocations = '{}', propertySourceProperties = '{}', contextCustomizers = set[org.springframework.boot.test.autoconfigure.actuate.metrics.MetricsExportContextCustomizerFactory$DisableMetricExportContextCustomizer@4f3bbf68, org.springframework.boot.test.autoconfigure.properties.PropertyMappingContextCustomizer@0, org.springframework.boot.test.autoconfigure.web.servlet.WebDriverContextCustomizerFactory$Customizer@3daf7722, org.springframework.boot.test.context.filter.ExcludeFilterContextCustomizer@1fc32e4f, org.springframework.boot.test.json.DuplicateJsonObjectContextCustomizerFactory$DuplicateJsonObjectContextCustomizer@7efaad5a, org.springframework.boot.test.mock.mockito.MockitoContextCustomizer@ea924d7], contextLoader = 'org.springframework.test.context.support.DelegatingSmartContextLoader', parent = [null]], attributes = map['org.springframework.test.context.event.ApplicationEventsTestExecutionListener.recordApplicationEvents' -> false]], class annotated with @DirtiesContext [false] with mode [null], method annotated with @DirtiesContext [false] with mode [null].
01:05:16.762 [Test worker] DEBUG org.springframework.test.context.cache.DefaultCacheAwareContextLoaderDelegate - Retrieved ApplicationContext [252276535] from cache with key [[MergedContextConfiguration@4bbb49b0 testClass = UsersRewardManagerTest, locations = '{}', classes = '{class org.waldreg.reward.users.DefaultUsersRewardManager}', contextInitializerClasses = '[]', activeProfiles = '{}', propertySourceLocations = '{}', propertySourceProperties = '{}', contextCustomizers = set[org.springframework.boot.test.autoconfigure.actuate.metrics.MetricsExportContextCustomizerFactory$DisableMetricExportContextCustomizer@4f3bbf68, org.springframework.boot.test.autoconfigure.properties.PropertyMappingContextCustomizer@0, org.springframework.boot.test.autoconfigure.web.servlet.WebDriverContextCustomizerFactory$Customizer@3daf7722, org.springframework.boot.test.context.filter.ExcludeFilterContextCustomizer@1fc32e4f, org.springframework.boot.test.json.DuplicateJsonObjectContextCustomizerFactory$DuplicateJsonObjectContextCustomizer@7efaad5a, org.springframework.boot.test.mock.mockito.MockitoContextCustomizer@ea924d7], contextLoader = 'org.springframework.test.context.support.DelegatingSmartContextLoader', parent = [null]]]
01:05:16.762 [Test worker] DEBUG org.springframework.test.context.cache - Spring test ApplicationContext cache statistics: [DefaultContextCache@5782d777 size = 3, maxSize = 32, parentContextCount = 0, hitCount = 202, missCount = 3]
01:05:16.762 [Test worker] DEBUG org.springframework.test.context.support.DependencyInjectionTestExecutionListener - Performing dependency injection for test context [[DefaultTestContext@4b2e3e8f testClass = UsersRewardManagerTest, testInstance = org.waldreg.reward.users.UsersRewardManagerTest@73437222, testMethod = [null], testException = [null], mergedContextConfiguration = [MergedContextConfiguration@4bbb49b0 testClass = UsersRewardManagerTest, locations = '{}', classes = '{class org.waldreg.reward.users.DefaultUsersRewardManager}', contextInitializerClasses = '[]', activeProfiles = '{}', propertySourceLocations = '{}', propertySourceProperties = '{}', contextCustomizers = set[org.springframework.boot.test.autoconfigure.actuate.metrics.MetricsExportContextCustomizerFactory$DisableMetricExportContextCustomizer@4f3bbf68, org.springframework.boot.test.autoconfigure.properties.PropertyMappingContextCustomizer@0, org.springframework.boot.test.autoconfigure.web.servlet.WebDriverContextCustomizerFactory$Customizer@3daf7722, org.springframework.boot.test.context.filter.ExcludeFilterContextCustomizer@1fc32e4f, org.springframework.boot.test.json.DuplicateJsonObjectContextCustomizerFactory$DuplicateJsonObjectContextCustomizer@7efaad5a, org.springframework.boot.test.mock.mockito.MockitoContextCustomizer@ea924d7], contextLoader = 'org.springframework.test.context.support.DelegatingSmartContextLoader', parent = [null]], attributes = map['org.springframework.test.context.event.ApplicationEventsTestExecutionListener.recordApplicationEvents' -> false]]].
01:05:16.762 [Test worker] DEBUG org.springframework.test.context.cache.DefaultCacheAwareContextLoaderDelegate - Retrieved ApplicationContext [252276535] from cache with key [[MergedContextConfiguration@4bbb49b0 testClass = UsersRewardManagerTest, locations = '{}', classes = '{class org.waldreg.reward.users.DefaultUsersRewardManager}', contextInitializerClasses = '[]', activeProfiles = '{}', propertySourceLocations = '{}', propertySourceProperties = '{}', contextCustomizers = set[org.springframework.boot.test.autoconfigure.actuate.metrics.MetricsExportContextCustomizerFactory$DisableMetricExportContextCustomizer@4f3bbf68, org.springframework.boot.test.autoconfigure.properties.PropertyMappingContextCustomizer@0, org.springframework.boot.test.autoconfigure.web.servlet.WebDriverContextCustomizerFactory$Customizer@3daf7722, org.springframework.boot.test.context.filter.ExcludeFilterContextCustomizer@1fc32e4f, org.springframework.boot.test.json.DuplicateJsonObjectContextCustomizerFactory$DuplicateJsonObjectContextCustomizer@7efaad5a, org.springframework.boot.test.mock.mockito.MockitoContextCustomizer@ea924d7], contextLoader = 'org.springframework.test.context.support.DelegatingSmartContextLoader', parent = [null]]]
01:05:16.762 [Test worker] DEBUG org.springframework.test.context.cache - Spring test ApplicationContext cache statistics: [DefaultContextCache@5782d777 size = 3, maxSize = 32, parentContextCount = 0, hitCount = 203, missCount = 3]
01:05:16.762 [Test worker] DEBUG org.springframework.test.context.cache.DefaultCacheAwareContextLoaderDelegate - Retrieved ApplicationContext [252276535] from cache with key [[MergedContextConfiguration@4bbb49b0 testClass = UsersRewardManagerTest, locations = '{}', classes = '{class org.waldreg.reward.users.DefaultUsersRewardManager}', contextInitializerClasses = '[]', activeProfiles = '{}', propertySourceLocations = '{}', propertySourceProperties = '{}', contextCustomizers = set[org.springframework.boot.test.autoconfigure.actuate.metrics.MetricsExportContextCustomizerFactory$DisableMetricExportContextCustomizer@4f3bbf68, org.springframework.boot.test.autoconfigure.properties.PropertyMappingContextCustomizer@0, org.springframework.boot.test.autoconfigure.web.servlet.WebDriverContextCustomizerFactory$Customizer@3daf7722, org.springframework.boot.test.context.filter.ExcludeFilterContextCustomizer@1fc32e4f, org.springframework.boot.test.json.DuplicateJsonObjectContextCustomizerFactory$DuplicateJsonObjectContextCustomizer@7efaad5a, org.springframework.boot.test.mock.mockito.MockitoContextCustomizer@ea924d7], contextLoader = 'org.springframework.test.context.support.DelegatingSmartContextLoader', parent = [null]]]
01:05:16.762 [Test worker] DEBUG org.springframework.test.context.cache - Spring test ApplicationContext cache statistics: [DefaultContextCache@5782d777 size = 3, maxSize = 32, parentContextCount = 0, hitCount = 204, missCount = 3]
01:05:16.763 [Test worker] DEBUG org.springframework.test.context.support.AbstractDirtiesContextTestExecutionListener - Before test method: context [DefaultTestContext@4b2e3e8f testClass = UsersRewardManagerTest, testInstance = org.waldreg.reward.users.UsersRewardManagerTest@73437222, testMethod = DELETE_REWARD_TAG_ASSIGNED_TO_SPECIFY_USERS_SUCCESS_TEST@UsersRewardManagerTest, testException = [null], mergedContextConfiguration = [MergedContextConfiguration@4bbb49b0 testClass = UsersRewardManagerTest, locations = '{}', classes = '{class org.waldreg.reward.users.DefaultUsersRewardManager}', contextInitializerClasses = '[]', activeProfiles = '{}', propertySourceLocations = '{}', propertySourceProperties = '{}', contextCustomizers = set[org.springframework.boot.test.autoconfigure.actuate.metrics.MetricsExportContextCustomizerFactory$DisableMetricExportContextCustomizer@4f3bbf68, org.springframework.boot.test.autoconfigure.properties.PropertyMappingContextCustomizer@0, org.springframework.boot.test.autoconfigure.web.servlet.WebDriverContextCustomizerFactory$Customizer@3daf7722, org.springframework.boot.test.context.filter.ExcludeFilterContextCustomizer@1fc32e4f, org.springframework.boot.test.json.DuplicateJsonObjectContextCustomizerFactory$DuplicateJsonObjectContextCustomizer@7efaad5a, org.springframework.boot.test.mock.mockito.MockitoContextCustomizer@ea924d7], contextLoader = 'org.springframework.test.context.support.DelegatingSmartContextLoader', parent = [null]], attributes = map['org.springframework.test.context.event.ApplicationEventsTestExecutionListener.recordApplicationEvents' -> false]], class annotated with @DirtiesContext [false] with mode [null], method annotated with @DirtiesContext [false] with mode [null].
01:05:16.763 [Test worker] DEBUG org.springframework.test.context.cache.DefaultCacheAwareContextLoaderDelegate - Retrieved ApplicationContext [252276535] from cache with key [[MergedContextConfiguration@4bbb49b0 testClass = UsersRewardManagerTest, locations = '{}', classes = '{class org.waldreg.reward.users.DefaultUsersRewardManager}', contextInitializerClasses = '[]', activeProfiles = '{}', propertySourceLocations = '{}', propertySourceProperties = '{}', contextCustomizers = set[org.springframework.boot.test.autoconfigure.actuate.metrics.MetricsExportContextCustomizerFactory$DisableMetricExportContextCustomizer@4f3bbf68, org.springframework.boot.test.autoconfigure.properties.PropertyMappingContextCustomizer@0, org.springframework.boot.test.autoconfigure.web.servlet.WebDriverContextCustomizerFactory$Customizer@3daf7722, org.springframework.boot.test.context.filter.ExcludeFilterContextCustomizer@1fc32e4f, org.springframework.boot.test.json.DuplicateJsonObjectContextCustomizerFactory$DuplicateJsonObjectContextCustomizer@7efaad5a, org.springframework.boot.test.mock.mockito.MockitoContextCustomizer@ea924d7], contextLoader = 'org.springframework.test.context.support.DelegatingSmartContextLoader', parent = [null]]]
01:05:16.763 [Test worker] DEBUG org.springframework.test.context.cache - Spring test ApplicationContext cache statistics: [DefaultContextCache@5782d777 size = 3, maxSize = 32, parentContextCount = 0, hitCount = 205, missCount = 3]
01:05:16.777 [Test worker] DEBUG org.springframework.test.context.cache.DefaultCacheAwareContextLoaderDelegate - Retrieved ApplicationContext [252276535] from cache with key [[MergedContextConfiguration@4bbb49b0 testClass = UsersRewardManagerTest, locations = '{}', classes = '{class org.waldreg.reward.users.DefaultUsersRewardManager}', contextInitializerClasses = '[]', activeProfiles = '{}', propertySourceLocations = '{}', propertySourceProperties = '{}', contextCustomizers = set[org.springframework.boot.test.autoconfigure.actuate.metrics.MetricsExportContextCustomizerFactory$DisableMetricExportContextCustomizer@4f3bbf68, org.springframework.boot.test.autoconfigure.properties.PropertyMappingContextCustomizer@0, org.springframework.boot.test.autoconfigure.web.servlet.WebDriverContextCustomizerFactory$Customizer@3daf7722, org.springframework.boot.test.context.filter.ExcludeFilterContextCustomizer@1fc32e4f, org.springframework.boot.test.json.DuplicateJsonObjectContextCustomizerFactory$DuplicateJsonObjectContextCustomizer@7efaad5a, org.springframework.boot.test.mock.mockito.MockitoContextCustomizer@ea924d7], contextLoader = 'org.springframework.test.context.support.DelegatingSmartContextLoader', parent = [null]]]
01:05:16.777 [Test worker] DEBUG org.springframework.test.context.cache - Spring test ApplicationContext cache statistics: [DefaultContextCache@5782d777 size = 3, maxSize = 32, parentContextCount = 0, hitCount = 206, missCount = 3]
01:05:16.777 [Test worker] DEBUG org.springframework.test.context.cache.DefaultCacheAwareContextLoaderDelegate - Retrieved ApplicationContext [252276535] from cache with key [[MergedContextConfiguration@4bbb49b0 testClass = UsersRewardManagerTest, locations = '{}', classes = '{class org.waldreg.reward.users.DefaultUsersRewardManager}', contextInitializerClasses = '[]', activeProfiles = '{}', propertySourceLocations = '{}', propertySourceProperties = '{}', contextCustomizers = set[org.springframework.boot.test.autoconfigure.actuate.metrics.MetricsExportContextCustomizerFactory$DisableMetricExportContextCustomizer@4f3bbf68, org.springframework.boot.test.autoconfigure.properties.PropertyMappingContextCustomizer@0, org.springframework.boot.test.autoconfigure.web.servlet.WebDriverContextCustomizerFactory$Customizer@3daf7722, org.springframework.boot.test.context.filter.ExcludeFilterContextCustomizer@1fc32e4f, org.springframework.boot.test.json.DuplicateJsonObjectContextCustomizerFactory$DuplicateJsonObjectContextCustomizer@7efaad5a, org.springframework.boot.test.mock.mockito.MockitoContextCustomizer@ea924d7], contextLoader = 'org.springframework.test.context.support.DelegatingSmartContextLoader', parent = [null]]]
01:05:16.777 [Test worker] DEBUG org.springframework.test.context.cache - Spring test ApplicationContext cache statistics: [DefaultContextCache@5782d777 size = 3, maxSize = 32, parentContextCount = 0, hitCount = 207, missCount = 3]
01:05:16.778 [Test worker] DEBUG org.springframework.test.context.cache.DefaultCacheAwareContextLoaderDelegate - Retrieved ApplicationContext [252276535] from cache with key [[MergedContextConfiguration@4bbb49b0 testClass = UsersRewardManagerTest, locations = '{}', classes = '{class org.waldreg.reward.users.DefaultUsersRewardManager}', contextInitializerClasses = '[]', activeProfiles = '{}', propertySourceLocations = '{}', propertySourceProperties = '{}', contextCustomizers = set[org.springframework.boot.test.autoconfigure.actuate.metrics.MetricsExportContextCustomizerFactory$DisableMetricExportContextCustomizer@4f3bbf68, org.springframework.boot.test.autoconfigure.properties.PropertyMappingContextCustomizer@0, org.springframework.boot.test.autoconfigure.web.servlet.WebDriverContextCustomizerFactory$Customizer@3daf7722, org.springframework.boot.test.context.filter.ExcludeFilterContextCustomizer@1fc32e4f, org.springframework.boot.test.json.DuplicateJsonObjectContextCustomizerFactory$DuplicateJsonObjectContextCustomizer@7efaad5a, org.springframework.boot.test.mock.mockito.MockitoContextCustomizer@ea924d7], contextLoader = 'org.springframework.test.context.support.DelegatingSmartContextLoader', parent = [null]]]
01:05:16.778 [Test worker] DEBUG org.springframework.test.context.cache - Spring test ApplicationContext cache statistics: [DefaultContextCache@5782d777 size = 3, maxSize = 32, parentContextCount = 0, hitCount = 208, missCount = 3]
01:05:16.778 [Test worker] DEBUG org.springframework.test.context.cache.DefaultCacheAwareContextLoaderDelegate - Retrieved ApplicationContext [252276535] from cache with key [[MergedContextConfiguration@4bbb49b0 testClass = UsersRewardManagerTest, locations = '{}', classes = '{class org.waldreg.reward.users.DefaultUsersRewardManager}', contextInitializerClasses = '[]', activeProfiles = '{}', propertySourceLocations = '{}', propertySourceProperties = '{}', contextCustomizers = set[org.springframework.boot.test.autoconfigure.actuate.metrics.MetricsExportContextCustomizerFactory$DisableMetricExportContextCustomizer@4f3bbf68, org.springframework.boot.test.autoconfigure.properties.PropertyMappingContextCustomizer@0, org.springframework.boot.test.autoconfigure.web.servlet.WebDriverContextCustomizerFactory$Customizer@3daf7722, org.springframework.boot.test.context.filter.ExcludeFilterContextCustomizer@1fc32e4f, org.springframework.boot.test.json.DuplicateJsonObjectContextCustomizerFactory$DuplicateJsonObjectContextCustomizer@7efaad5a, org.springframework.boot.test.mock.mockito.MockitoContextCustomizer@ea924d7], contextLoader = 'org.springframework.test.context.support.DelegatingSmartContextLoader', parent = [null]]]
01:05:16.778 [Test worker] DEBUG org.springframework.test.context.cache - Spring test ApplicationContext cache statistics: [DefaultContextCache@5782d777 size = 3, maxSize = 32, parentContextCount = 0, hitCount = 209, missCount = 3]
01:05:16.788 [Test worker] DEBUG org.springframework.test.context.cache.DefaultCacheAwareContextLoaderDelegate - Retrieved ApplicationContext [252276535] from cache with key [[MergedContextConfiguration@4bbb49b0 testClass = UsersRewardManagerTest, locations = '{}', classes = '{class org.waldreg.reward.users.DefaultUsersRewardManager}', contextInitializerClasses = '[]', activeProfiles = '{}', propertySourceLocations = '{}', propertySourceProperties = '{}', contextCustomizers = set[org.springframework.boot.test.autoconfigure.actuate.metrics.MetricsExportContextCustomizerFactory$DisableMetricExportContextCustomizer@4f3bbf68, org.springframework.boot.test.autoconfigure.properties.PropertyMappingContextCustomizer@0, org.springframework.boot.test.autoconfigure.web.servlet.WebDriverContextCustomizerFactory$Customizer@3daf7722, org.springframework.boot.test.context.filter.ExcludeFilterContextCustomizer@1fc32e4f, org.springframework.boot.test.json.DuplicateJsonObjectContextCustomizerFactory$DuplicateJsonObjectContextCustomizer@7efaad5a, org.springframework.boot.test.mock.mockito.MockitoContextCustomizer@ea924d7], contextLoader = 'org.springframework.test.context.support.DelegatingSmartContextLoader', parent = [null]]]
01:05:16.788 [Test worker] DEBUG org.springframework.test.context.cache - Spring test ApplicationContext cache statistics: [DefaultContextCache@5782d777 size = 3, maxSize = 32, parentContextCount = 0, hitCount = 210, missCount = 3]
01:05:16.788 [Test worker] DEBUG org.springframework.test.context.cache.DefaultCacheAwareContextLoaderDelegate - Retrieved ApplicationContext [252276535] from cache with key [[MergedContextConfiguration@4bbb49b0 testClass = UsersRewardManagerTest, locations = '{}', classes = '{class org.waldreg.reward.users.DefaultUsersRewardManager}', contextInitializerClasses = '[]', activeProfiles = '{}', propertySourceLocations = '{}', propertySourceProperties = '{}', contextCustomizers = set[org.springframework.boot.test.autoconfigure.actuate.metrics.MetricsExportContextCustomizerFactory$DisableMetricExportContextCustomizer@4f3bbf68, org.springframework.boot.test.autoconfigure.properties.PropertyMappingContextCustomizer@0, org.springframework.boot.test.autoconfigure.web.servlet.WebDriverContextCustomizerFactory$Customizer@3daf7722, org.springframework.boot.test.context.filter.ExcludeFilterContextCustomizer@1fc32e4f, org.springframework.boot.test.json.DuplicateJsonObjectContextCustomizerFactory$DuplicateJsonObjectContextCustomizer@7efaad5a, org.springframework.boot.test.mock.mockito.MockitoContextCustomizer@ea924d7], contextLoader = 'org.springframework.test.context.support.DelegatingSmartContextLoader', parent = [null]]]
01:05:16.788 [Test worker] DEBUG org.springframework.test.context.cache - Spring test ApplicationContext cache statistics: [DefaultContextCache@5782d777 size = 3, maxSize = 32, parentContextCount = 0, hitCount = 211, missCount = 3]
01:05:16.788 [Test worker] DEBUG org.springframework.test.context.cache.DefaultCacheAwareContextLoaderDelegate - Retrieved ApplicationContext [252276535] from cache with key [[MergedContextConfiguration@4bbb49b0 testClass = UsersRewardManagerTest, locations = '{}', classes = '{class org.waldreg.reward.users.DefaultUsersRewardManager}', contextInitializerClasses = '[]', activeProfiles = '{}', propertySourceLocations = '{}', propertySourceProperties = '{}', contextCustomizers = set[org.springframework.boot.test.autoconfigure.actuate.metrics.MetricsExportContextCustomizerFactory$DisableMetricExportContextCustomizer@4f3bbf68, org.springframework.boot.test.autoconfigure.properties.PropertyMappingContextCustomizer@0, org.springframework.boot.test.autoconfigure.web.servlet.WebDriverContextCustomizerFactory$Customizer@3daf7722, org.springframework.boot.test.context.filter.ExcludeFilterContextCustomizer@1fc32e4f, org.springframework.boot.test.json.DuplicateJsonObjectContextCustomizerFactory$DuplicateJsonObjectContextCustomizer@7efaad5a, org.springframework.boot.test.mock.mockito.MockitoContextCustomizer@ea924d7], contextLoader = 'org.springframework.test.context.support.DelegatingSmartContextLoader', parent = [null]]]
01:05:16.788 [Test worker] DEBUG org.springframework.test.context.cache - Spring test ApplicationContext cache statistics: [DefaultContextCache@5782d777 size = 3, maxSize = 32, parentContextCount = 0, hitCount = 212, missCount = 3]
01:05:16.796 [Test worker] DEBUG org.springframework.test.context.cache.DefaultCacheAwareContextLoaderDelegate - Retrieved ApplicationContext [252276535] from cache with key [[MergedContextConfiguration@4bbb49b0 testClass = UsersRewardManagerTest, locations = '{}', classes = '{class org.waldreg.reward.users.DefaultUsersRewardManager}', contextInitializerClasses = '[]', activeProfiles = '{}', propertySourceLocations = '{}', propertySourceProperties = '{}', contextCustomizers = set[org.springframework.boot.test.autoconfigure.actuate.metrics.MetricsExportContextCustomizerFactory$DisableMetricExportContextCustomizer@4f3bbf68, org.springframework.boot.test.autoconfigure.properties.PropertyMappingContextCustomizer@0, org.springframework.boot.test.autoconfigure.web.servlet.WebDriverContextCustomizerFactory$Customizer@3daf7722, org.springframework.boot.test.context.filter.ExcludeFilterContextCustomizer@1fc32e4f, org.springframework.boot.test.json.DuplicateJsonObjectContextCustomizerFactory$DuplicateJsonObjectContextCustomizer@7efaad5a, org.springframework.boot.test.mock.mockito.MockitoContextCustomizer@ea924d7], contextLoader = 'org.springframework.test.context.support.DelegatingSmartContextLoader', parent = [null]]]
01:05:16.796 [Test worker] DEBUG org.springframework.test.context.cache - Spring test ApplicationContext cache statistics: [DefaultContextCache@5782d777 size = 3, maxSize = 32, parentContextCount = 0, hitCount = 213, missCount = 3]
01:05:16.796 [Test worker] DEBUG org.springframework.test.context.support.AbstractDirtiesContextTestExecutionListener - After test method: context [DefaultTestContext@4b2e3e8f testClass = UsersRewardManagerTest, testInstance = org.waldreg.reward.users.UsersRewardManagerTest@73437222, testMethod = DELETE_REWARD_TAG_ASSIGNED_TO_SPECIFY_USERS_SUCCESS_TEST@UsersRewardManagerTest, testException = [null], mergedContextConfiguration = [MergedContextConfiguration@4bbb49b0 testClass = UsersRewardManagerTest, locations = '{}', classes = '{class org.waldreg.reward.users.DefaultUsersRewardManager}', contextInitializerClasses = '[]', activeProfiles = '{}', propertySourceLocations = '{}', propertySourceProperties = '{}', contextCustomizers = set[org.springframework.boot.test.autoconfigure.actuate.metrics.MetricsExportContextCustomizerFactory$DisableMetricExportContextCustomizer@4f3bbf68, org.springframework.boot.test.autoconfigure.properties.PropertyMappingContextCustomizer@0, org.springframework.boot.test.autoconfigure.web.servlet.WebDriverContextCustomizerFactory$Customizer@3daf7722, org.springframework.boot.test.context.filter.ExcludeFilterContextCustomizer@1fc32e4f, org.springframework.boot.test.json.DuplicateJsonObjectContextCustomizerFactory$DuplicateJsonObjectContextCustomizer@7efaad5a, org.springframework.boot.test.mock.mockito.MockitoContextCustomizer@ea924d7], contextLoader = 'org.springframework.test.context.support.DelegatingSmartContextLoader', parent = [null]], attributes = map['org.springframework.test.context.event.ApplicationEventsTestExecutionListener.recordApplicationEvents' -> false]], class annotated with @DirtiesContext [false] with mode [null], method annotated with @DirtiesContext [false] with mode [null].
01:05:16.797 [Test worker] DEBUG org.springframework.test.context.cache.DefaultCacheAwareContextLoaderDelegate - Retrieved ApplicationContext [252276535] from cache with key [[MergedContextConfiguration@4bbb49b0 testClass = UsersRewardManagerTest, locations = '{}', classes = '{class org.waldreg.reward.users.DefaultUsersRewardManager}', contextInitializerClasses = '[]', activeProfiles = '{}', propertySourceLocations = '{}', propertySourceProperties = '{}', contextCustomizers = set[org.springframework.boot.test.autoconfigure.actuate.metrics.MetricsExportContextCustomizerFactory$DisableMetricExportContextCustomizer@4f3bbf68, org.springframework.boot.test.autoconfigure.properties.PropertyMappingContextCustomizer@0, org.springframework.boot.test.autoconfigure.web.servlet.WebDriverContextCustomizerFactory$Customizer@3daf7722, org.springframework.boot.test.context.filter.ExcludeFilterContextCustomizer@1fc32e4f, org.springframework.boot.test.json.DuplicateJsonObjectContextCustomizerFactory$DuplicateJsonObjectContextCustomizer@7efaad5a, org.springframework.boot.test.mock.mockito.MockitoContextCustomizer@ea924d7], contextLoader = 'org.springframework.test.context.support.DelegatingSmartContextLoader', parent = [null]]]
01:05:16.797 [Test worker] DEBUG org.springframework.test.context.cache - Spring test ApplicationContext cache statistics: [DefaultContextCache@5782d777 size = 3, maxSize = 32, parentContextCount = 0, hitCount = 214, missCount = 3]
01:05:16.797 [Test worker] DEBUG org.springframework.test.context.support.DependencyInjectionTestExecutionListener - Performing dependency injection for test context [[DefaultTestContext@4b2e3e8f testClass = UsersRewardManagerTest, testInstance = org.waldreg.reward.users.UsersRewardManagerTest@6a48a7f3, testMethod = [null], testException = [null], mergedContextConfiguration = [MergedContextConfiguration@4bbb49b0 testClass = UsersRewardManagerTest, locations = '{}', classes = '{class org.waldreg.reward.users.DefaultUsersRewardManager}', contextInitializerClasses = '[]', activeProfiles = '{}', propertySourceLocations = '{}', propertySourceProperties = '{}', contextCustomizers = set[org.springframework.boot.test.autoconfigure.actuate.metrics.MetricsExportContextCustomizerFactory$DisableMetricExportContextCustomizer@4f3bbf68, org.springframework.boot.test.autoconfigure.properties.PropertyMappingContextCustomizer@0, org.springframework.boot.test.autoconfigure.web.servlet.WebDriverContextCustomizerFactory$Customizer@3daf7722, org.springframework.boot.test.context.filter.ExcludeFilterContextCustomizer@1fc32e4f, org.springframework.boot.test.json.DuplicateJsonObjectContextCustomizerFactory$DuplicateJsonObjectContextCustomizer@7efaad5a, org.springframework.boot.test.mock.mockito.MockitoContextCustomizer@ea924d7], contextLoader = 'org.springframework.test.context.support.DelegatingSmartContextLoader', parent = [null]], attributes = map['org.springframework.test.context.event.ApplicationEventsTestExecutionListener.recordApplicationEvents' -> false]]].
01:05:16.797 [Test worker] DEBUG org.springframework.test.context.cache.DefaultCacheAwareContextLoaderDelegate - Retrieved ApplicationContext [252276535] from cache with key [[MergedContextConfiguration@4bbb49b0 testClass = UsersRewardManagerTest, locations = '{}', classes = '{class org.waldreg.reward.users.DefaultUsersRewardManager}', contextInitializerClasses = '[]', activeProfiles = '{}', propertySourceLocations = '{}', propertySourceProperties = '{}', contextCustomizers = set[org.springframework.boot.test.autoconfigure.actuate.metrics.MetricsExportContextCustomizerFactory$DisableMetricExportContextCustomizer@4f3bbf68, org.springframework.boot.test.autoconfigure.properties.PropertyMappingContextCustomizer@0, org.springframework.boot.test.autoconfigure.web.servlet.WebDriverContextCustomizerFactory$Customizer@3daf7722, org.springframework.boot.test.context.filter.ExcludeFilterContextCustomizer@1fc32e4f, org.springframework.boot.test.json.DuplicateJsonObjectContextCustomizerFactory$DuplicateJsonObjectContextCustomizer@7efaad5a, org.springframework.boot.test.mock.mockito.MockitoContextCustomizer@ea924d7], contextLoader = 'org.springframework.test.context.support.DelegatingSmartContextLoader', parent = [null]]]
01:05:16.797 [Test worker] DEBUG org.springframework.test.context.cache - Spring test ApplicationContext cache statistics: [DefaultContextCache@5782d777 size = 3, maxSize = 32, parentContextCount = 0, hitCount = 215, missCount = 3]
01:05:16.797 [Test worker] DEBUG org.springframework.test.context.cache.DefaultCacheAwareContextLoaderDelegate - Retrieved ApplicationContext [252276535] from cache with key [[MergedContextConfiguration@4bbb49b0 testClass = UsersRewardManagerTest, locations = '{}', classes = '{class org.waldreg.reward.users.DefaultUsersRewardManager}', contextInitializerClasses = '[]', activeProfiles = '{}', propertySourceLocations = '{}', propertySourceProperties = '{}', contextCustomizers = set[org.springframework.boot.test.autoconfigure.actuate.metrics.MetricsExportContextCustomizerFactory$DisableMetricExportContextCustomizer@4f3bbf68, org.springframework.boot.test.autoconfigure.properties.PropertyMappingContextCustomizer@0, org.springframework.boot.test.autoconfigure.web.servlet.WebDriverContextCustomizerFactory$Customizer@3daf7722, org.springframework.boot.test.context.filter.ExcludeFilterContextCustomizer@1fc32e4f, org.springframework.boot.test.json.DuplicateJsonObjectContextCustomizerFactory$DuplicateJsonObjectContextCustomizer@7efaad5a, org.springframework.boot.test.mock.mockito.MockitoContextCustomizer@ea924d7], contextLoader = 'org.springframework.test.context.support.DelegatingSmartContextLoader', parent = [null]]]
01:05:16.797 [Test worker] DEBUG org.springframework.test.context.cache - Spring test ApplicationContext cache statistics: [DefaultContextCache@5782d777 size = 3, maxSize = 32, parentContextCount = 0, hitCount = 216, missCount = 3]
01:05:16.798 [Test worker] DEBUG org.springframework.test.context.support.AbstractDirtiesContextTestExecutionListener - Before test method: context [DefaultTestContext@4b2e3e8f testClass = UsersRewardManagerTest, testInstance = org.waldreg.reward.users.UsersRewardManagerTest@6a48a7f3, testMethod = ASSIGN_REWARD_TO_USER_FAIL_CANNOT_FIND_USER_BY_ID_TEST@UsersRewardManagerTest, testException = [null], mergedContextConfiguration = [MergedContextConfiguration@4bbb49b0 testClass = UsersRewardManagerTest, locations = '{}', classes = '{class org.waldreg.reward.users.DefaultUsersRewardManager}', contextInitializerClasses = '[]', activeProfiles = '{}', propertySourceLocations = '{}', propertySourceProperties = '{}', contextCustomizers = set[org.springframework.boot.test.autoconfigure.actuate.metrics.MetricsExportContextCustomizerFactory$DisableMetricExportContextCustomizer@4f3bbf68, org.springframework.boot.test.autoconfigure.properties.PropertyMappingContextCustomizer@0, org.springframework.boot.test.autoconfigure.web.servlet.WebDriverContextCustomizerFactory$Customizer@3daf7722, org.springframework.boot.test.context.filter.ExcludeFilterContextCustomizer@1fc32e4f, org.springframework.boot.test.json.DuplicateJsonObjectContextCustomizerFactory$DuplicateJsonObjectContextCustomizer@7efaad5a, org.springframework.boot.test.mock.mockito.MockitoContextCustomizer@ea924d7], contextLoader = 'org.springframework.test.context.support.DelegatingSmartContextLoader', parent = [null]], attributes = map['org.springframework.test.context.event.ApplicationEventsTestExecutionListener.recordApplicationEvents' -> false]], class annotated with @DirtiesContext [false] with mode [null], method annotated with @DirtiesContext [false] with mode [null].
01:05:16.798 [Test worker] DEBUG org.springframework.test.context.cache.DefaultCacheAwareContextLoaderDelegate - Retrieved ApplicationContext [252276535] from cache with key [[MergedContextConfiguration@4bbb49b0 testClass = UsersRewardManagerTest, locations = '{}', classes = '{class org.waldreg.reward.users.DefaultUsersRewardManager}', contextInitializerClasses = '[]', activeProfiles = '{}', propertySourceLocations = '{}', propertySourceProperties = '{}', contextCustomizers = set[org.springframework.boot.test.autoconfigure.actuate.metrics.MetricsExportContextCustomizerFactory$DisableMetricExportContextCustomizer@4f3bbf68, org.springframework.boot.test.autoconfigure.properties.PropertyMappingContextCustomizer@0, org.springframework.boot.test.autoconfigure.web.servlet.WebDriverContextCustomizerFactory$Customizer@3daf7722, org.springframework.boot.test.context.filter.ExcludeFilterContextCustomizer@1fc32e4f, org.springframework.boot.test.json.DuplicateJsonObjectContextCustomizerFactory$DuplicateJsonObjectContextCustomizer@7efaad5a, org.springframework.boot.test.mock.mockito.MockitoContextCustomizer@ea924d7], contextLoader = 'org.springframework.test.context.support.DelegatingSmartContextLoader', parent = [null]]]
01:05:16.798 [Test worker] DEBUG org.springframework.test.context.cache - Spring test ApplicationContext cache statistics: [DefaultContextCache@5782d777 size = 3, maxSize = 32, parentContextCount = 0, hitCount = 217, missCount = 3]
01:05:16.806 [Test worker] DEBUG org.springframework.test.context.cache.DefaultCacheAwareContextLoaderDelegate - Retrieved ApplicationContext [252276535] from cache with key [[MergedContextConfiguration@4bbb49b0 testClass = UsersRewardManagerTest, locations = '{}', classes = '{class org.waldreg.reward.users.DefaultUsersRewardManager}', contextInitializerClasses = '[]', activeProfiles = '{}', propertySourceLocations = '{}', propertySourceProperties = '{}', contextCustomizers = set[org.springframework.boot.test.autoconfigure.actuate.metrics.MetricsExportContextCustomizerFactory$DisableMetricExportContextCustomizer@4f3bbf68, org.springframework.boot.test.autoconfigure.properties.PropertyMappingContextCustomizer@0, org.springframework.boot.test.autoconfigure.web.servlet.WebDriverContextCustomizerFactory$Customizer@3daf7722, org.springframework.boot.test.context.filter.ExcludeFilterContextCustomizer@1fc32e4f, org.springframework.boot.test.json.DuplicateJsonObjectContextCustomizerFactory$DuplicateJsonObjectContextCustomizer@7efaad5a, org.springframework.boot.test.mock.mockito.MockitoContextCustomizer@ea924d7], contextLoader = 'org.springframework.test.context.support.DelegatingSmartContextLoader', parent = [null]]]
01:05:16.806 [Test worker] DEBUG org.springframework.test.context.cache - Spring test ApplicationContext cache statistics: [DefaultContextCache@5782d777 size = 3, maxSize = 32, parentContextCount = 0, hitCount = 218, missCount = 3]
01:05:16.806 [Test worker] DEBUG org.springframework.test.context.cache.DefaultCacheAwareContextLoaderDelegate - Retrieved ApplicationContext [252276535] from cache with key [[MergedContextConfiguration@4bbb49b0 testClass = UsersRewardManagerTest, locations = '{}', classes = '{class org.waldreg.reward.users.DefaultUsersRewardManager}', contextInitializerClasses = '[]', activeProfiles = '{}', propertySourceLocations = '{}', propertySourceProperties = '{}', contextCustomizers = set[org.springframework.boot.test.autoconfigure.actuate.metrics.MetricsExportContextCustomizerFactory$DisableMetricExportContextCustomizer@4f3bbf68, org.springframework.boot.test.autoconfigure.properties.PropertyMappingContextCustomizer@0, org.springframework.boot.test.autoconfigure.web.servlet.WebDriverContextCustomizerFactory$Customizer@3daf7722, org.springframework.boot.test.context.filter.ExcludeFilterContextCustomizer@1fc32e4f, org.springframework.boot.test.json.DuplicateJsonObjectContextCustomizerFactory$DuplicateJsonObjectContextCustomizer@7efaad5a, org.springframework.boot.test.mock.mockito.MockitoContextCustomizer@ea924d7], contextLoader = 'org.springframework.test.context.support.DelegatingSmartContextLoader', parent = [null]]]
01:05:16.806 [Test worker] DEBUG org.springframework.test.context.cache - Spring test ApplicationContext cache statistics: [DefaultContextCache@5782d777 size = 3, maxSize = 32, parentContextCount = 0, hitCount = 219, missCount = 3]
01:05:16.807 [Test worker] DEBUG org.springframework.test.context.cache.DefaultCacheAwareContextLoaderDelegate - Retrieved ApplicationContext [252276535] from cache with key [[MergedContextConfiguration@4bbb49b0 testClass = UsersRewardManagerTest, locations = '{}', classes = '{class org.waldreg.reward.users.DefaultUsersRewardManager}', contextInitializerClasses = '[]', activeProfiles = '{}', propertySourceLocations = '{}', propertySourceProperties = '{}', contextCustomizers = set[org.springframework.boot.test.autoconfigure.actuate.metrics.MetricsExportContextCustomizerFactory$DisableMetricExportContextCustomizer@4f3bbf68, org.springframework.boot.test.autoconfigure.properties.PropertyMappingContextCustomizer@0, org.springframework.boot.test.autoconfigure.web.servlet.WebDriverContextCustomizerFactory$Customizer@3daf7722, org.springframework.boot.test.context.filter.ExcludeFilterContextCustomizer@1fc32e4f, org.springframework.boot.test.json.DuplicateJsonObjectContextCustomizerFactory$DuplicateJsonObjectContextCustomizer@7efaad5a, org.springframework.boot.test.mock.mockito.MockitoContextCustomizer@ea924d7], contextLoader = 'org.springframework.test.context.support.DelegatingSmartContextLoader', parent = [null]]]
01:05:16.807 [Test worker] DEBUG org.springframework.test.context.cache - Spring test ApplicationContext cache statistics: [DefaultContextCache@5782d777 size = 3, maxSize = 32, parentContextCount = 0, hitCount = 220, missCount = 3]
01:05:16.807 [Test worker] DEBUG org.springframework.test.context.cache.DefaultCacheAwareContextLoaderDelegate - Retrieved ApplicationContext [252276535] from cache with key [[MergedContextConfiguration@4bbb49b0 testClass = UsersRewardManagerTest, locations = '{}', classes = '{class org.waldreg.reward.users.DefaultUsersRewardManager}', contextInitializerClasses = '[]', activeProfiles = '{}', propertySourceLocations = '{}', propertySourceProperties = '{}', contextCustomizers = set[org.springframework.boot.test.autoconfigure.actuate.metrics.MetricsExportContextCustomizerFactory$DisableMetricExportContextCustomizer@4f3bbf68, org.springframework.boot.test.autoconfigure.properties.PropertyMappingContextCustomizer@0, org.springframework.boot.test.autoconfigure.web.servlet.WebDriverContextCustomizerFactory$Customizer@3daf7722, org.springframework.boot.test.context.filter.ExcludeFilterContextCustomizer@1fc32e4f, org.springframework.boot.test.json.DuplicateJsonObjectContextCustomizerFactory$DuplicateJsonObjectContextCustomizer@7efaad5a, org.springframework.boot.test.mock.mockito.MockitoContextCustomizer@ea924d7], contextLoader = 'org.springframework.test.context.support.DelegatingSmartContextLoader', parent = [null]]]
01:05:16.807 [Test worker] DEBUG org.springframework.test.context.cache - Spring test ApplicationContext cache statistics: [DefaultContextCache@5782d777 size = 3, maxSize = 32, parentContextCount = 0, hitCount = 221, missCount = 3]
01:05:16.818 [Test worker] DEBUG org.springframework.test.context.cache.DefaultCacheAwareContextLoaderDelegate - Retrieved ApplicationContext [252276535] from cache with key [[MergedContextConfiguration@4bbb49b0 testClass = UsersRewardManagerTest, locations = '{}', classes = '{class org.waldreg.reward.users.DefaultUsersRewardManager}', contextInitializerClasses = '[]', activeProfiles = '{}', propertySourceLocations = '{}', propertySourceProperties = '{}', contextCustomizers = set[org.springframework.boot.test.autoconfigure.actuate.metrics.MetricsExportContextCustomizerFactory$DisableMetricExportContextCustomizer@4f3bbf68, org.springframework.boot.test.autoconfigure.properties.PropertyMappingContextCustomizer@0, org.springframework.boot.test.autoconfigure.web.servlet.WebDriverContextCustomizerFactory$Customizer@3daf7722, org.springframework.boot.test.context.filter.ExcludeFilterContextCustomizer@1fc32e4f, org.springframework.boot.test.json.DuplicateJsonObjectContextCustomizerFactory$DuplicateJsonObjectContextCustomizer@7efaad5a, org.springframework.boot.test.mock.mockito.MockitoContextCustomizer@ea924d7], contextLoader = 'org.springframework.test.context.support.DelegatingSmartContextLoader', parent = [null]]]
01:05:16.819 [Test worker] DEBUG org.springframework.test.context.cache - Spring test ApplicationContext cache statistics: [DefaultContextCache@5782d777 size = 3, maxSize = 32, parentContextCount = 0, hitCount = 222, missCount = 3]
01:05:16.819 [Test worker] DEBUG org.springframework.test.context.cache.DefaultCacheAwareContextLoaderDelegate - Retrieved ApplicationContext [252276535] from cache with key [[MergedContextConfiguration@4bbb49b0 testClass = UsersRewardManagerTest, locations = '{}', classes = '{class org.waldreg.reward.users.DefaultUsersRewardManager}', contextInitializerClasses = '[]', activeProfiles = '{}', propertySourceLocations = '{}', propertySourceProperties = '{}', contextCustomizers = set[org.springframework.boot.test.autoconfigure.actuate.metrics.MetricsExportContextCustomizerFactory$DisableMetricExportContextCustomizer@4f3bbf68, org.springframework.boot.test.autoconfigure.properties.PropertyMappingContextCustomizer@0, org.springframework.boot.test.autoconfigure.web.servlet.WebDriverContextCustomizerFactory$Customizer@3daf7722, org.springframework.boot.test.context.filter.ExcludeFilterContextCustomizer@1fc32e4f, org.springframework.boot.test.json.DuplicateJsonObjectContextCustomizerFactory$DuplicateJsonObjectContextCustomizer@7efaad5a, org.springframework.boot.test.mock.mockito.MockitoContextCustomizer@ea924d7], contextLoader = 'org.springframework.test.context.support.DelegatingSmartContextLoader', parent = [null]]]
01:05:16.819 [Test worker] DEBUG org.springframework.test.context.cache - Spring test ApplicationContext cache statistics: [DefaultContextCache@5782d777 size = 3, maxSize = 32, parentContextCount = 0, hitCount = 223, missCount = 3]
01:05:16.819 [Test worker] DEBUG org.springframework.test.context.cache.DefaultCacheAwareContextLoaderDelegate - Retrieved ApplicationContext [252276535] from cache with key [[MergedContextConfiguration@4bbb49b0 testClass = UsersRewardManagerTest, locations = '{}', classes = '{class org.waldreg.reward.users.DefaultUsersRewardManager}', contextInitializerClasses = '[]', activeProfiles = '{}', propertySourceLocations = '{}', propertySourceProperties = '{}', contextCustomizers = set[org.springframework.boot.test.autoconfigure.actuate.metrics.MetricsExportContextCustomizerFactory$DisableMetricExportContextCustomizer@4f3bbf68, org.springframework.boot.test.autoconfigure.properties.PropertyMappingContextCustomizer@0, org.springframework.boot.test.autoconfigure.web.servlet.WebDriverContextCustomizerFactory$Customizer@3daf7722, org.springframework.boot.test.context.filter.ExcludeFilterContextCustomizer@1fc32e4f, org.springframework.boot.test.json.DuplicateJsonObjectContextCustomizerFactory$DuplicateJsonObjectContextCustomizer@7efaad5a, org.springframework.boot.test.mock.mockito.MockitoContextCustomizer@ea924d7], contextLoader = 'org.springframework.test.context.support.DelegatingSmartContextLoader', parent = [null]]]
01:05:16.819 [Test worker] DEBUG org.springframework.test.context.cache - Spring test ApplicationContext cache statistics: [DefaultContextCache@5782d777 size = 3, maxSize = 32, parentContextCount = 0, hitCount = 224, missCount = 3]
01:05:16.829 [Test worker] DEBUG org.springframework.test.context.cache.DefaultCacheAwareContextLoaderDelegate - Retrieved ApplicationContext [252276535] from cache with key [[MergedContextConfiguration@4bbb49b0 testClass = UsersRewardManagerTest, locations = '{}', classes = '{class org.waldreg.reward.users.DefaultUsersRewardManager}', contextInitializerClasses = '[]', activeProfiles = '{}', propertySourceLocations = '{}', propertySourceProperties = '{}', contextCustomizers = set[org.springframework.boot.test.autoconfigure.actuate.metrics.MetricsExportContextCustomizerFactory$DisableMetricExportContextCustomizer@4f3bbf68, org.springframework.boot.test.autoconfigure.properties.PropertyMappingContextCustomizer@0, org.springframework.boot.test.autoconfigure.web.servlet.WebDriverContextCustomizerFactory$Customizer@3daf7722, org.springframework.boot.test.context.filter.ExcludeFilterContextCustomizer@1fc32e4f, org.springframework.boot.test.json.DuplicateJsonObjectContextCustomizerFactory$DuplicateJsonObjectContextCustomizer@7efaad5a, org.springframework.boot.test.mock.mockito.MockitoContextCustomizer@ea924d7], contextLoader = 'org.springframework.test.context.support.DelegatingSmartContextLoader', parent = [null]]]
01:05:16.829 [Test worker] DEBUG org.springframework.test.context.cache - Spring test ApplicationContext cache statistics: [DefaultContextCache@5782d777 size = 3, maxSize = 32, parentContextCount = 0, hitCount = 225, missCount = 3]
01:05:16.830 [Test worker] DEBUG org.springframework.test.context.support.AbstractDirtiesContextTestExecutionListener - After test method: context [DefaultTestContext@4b2e3e8f testClass = UsersRewardManagerTest, testInstance = org.waldreg.reward.users.UsersRewardManagerTest@6a48a7f3, testMethod = ASSIGN_REWARD_TO_USER_FAIL_CANNOT_FIND_USER_BY_ID_TEST@UsersRewardManagerTest, testException = [null], mergedContextConfiguration = [MergedContextConfiguration@4bbb49b0 testClass = UsersRewardManagerTest, locations = '{}', classes = '{class org.waldreg.reward.users.DefaultUsersRewardManager}', contextInitializerClasses = '[]', activeProfiles = '{}', propertySourceLocations = '{}', propertySourceProperties = '{}', contextCustomizers = set[org.springframework.boot.test.autoconfigure.actuate.metrics.MetricsExportContextCustomizerFactory$DisableMetricExportContextCustomizer@4f3bbf68, org.springframework.boot.test.autoconfigure.properties.PropertyMappingContextCustomizer@0, org.springframework.boot.test.autoconfigure.web.servlet.WebDriverContextCustomizerFactory$Customizer@3daf7722, org.springframework.boot.test.context.filter.ExcludeFilterContextCustomizer@1fc32e4f, org.springframework.boot.test.json.DuplicateJsonObjectContextCustomizerFactory$DuplicateJsonObjectContextCustomizer@7efaad5a, org.springframework.boot.test.mock.mockito.MockitoContextCustomizer@ea924d7], contextLoader = 'org.springframework.test.context.support.DelegatingSmartContextLoader', parent = [null]], attributes = map['org.springframework.test.context.event.ApplicationEventsTestExecutionListener.recordApplicationEvents' -> false]], class annotated with @DirtiesContext [false] with mode [null], method annotated with @DirtiesContext [false] with mode [null].
01:05:16.830 [Test worker] DEBUG org.springframework.test.context.cache.DefaultCacheAwareContextLoaderDelegate - Retrieved ApplicationContext [252276535] from cache with key [[MergedContextConfiguration@4bbb49b0 testClass = UsersRewardManagerTest, locations = '{}', classes = '{class org.waldreg.reward.users.DefaultUsersRewardManager}', contextInitializerClasses = '[]', activeProfiles = '{}', propertySourceLocations = '{}', propertySourceProperties = '{}', contextCustomizers = set[org.springframework.boot.test.autoconfigure.actuate.metrics.MetricsExportContextCustomizerFactory$DisableMetricExportContextCustomizer@4f3bbf68, org.springframework.boot.test.autoconfigure.properties.PropertyMappingContextCustomizer@0, org.springframework.boot.test.autoconfigure.web.servlet.WebDriverContextCustomizerFactory$Customizer@3daf7722, org.springframework.boot.test.context.filter.ExcludeFilterContextCustomizer@1fc32e4f, org.springframework.boot.test.json.DuplicateJsonObjectContextCustomizerFactory$DuplicateJsonObjectContextCustomizer@7efaad5a, org.springframework.boot.test.mock.mockito.MockitoContextCustomizer@ea924d7], contextLoader = 'org.springframework.test.context.support.DelegatingSmartContextLoader', parent = [null]]]
01:05:16.830 [Test worker] DEBUG org.springframework.test.context.cache - Spring test ApplicationContext cache statistics: [DefaultContextCache@5782d777 size = 3, maxSize = 32, parentContextCount = 0, hitCount = 226, missCount = 3]
01:05:16.830 [Test worker] DEBUG org.springframework.test.context.support.AbstractDirtiesContextTestExecutionListener - After test class: context [DefaultTestContext@4b2e3e8f testClass = UsersRewardManagerTest, testInstance = [null], testMethod = [null], testException = [null], mergedContextConfiguration = [MergedContextConfiguration@4bbb49b0 testClass = UsersRewardManagerTest, locations = '{}', classes = '{class org.waldreg.reward.users.DefaultUsersRewardManager}', contextInitializerClasses = '[]', activeProfiles = '{}', propertySourceLocations = '{}', propertySourceProperties = '{}', contextCustomizers = set[org.springframework.boot.test.autoconfigure.actuate.metrics.MetricsExportContextCustomizerFactory$DisableMetricExportContextCustomizer@4f3bbf68, org.springframework.boot.test.autoconfigure.properties.PropertyMappingContextCustomizer@0, org.springframework.boot.test.autoconfigure.web.servlet.WebDriverContextCustomizerFactory$Customizer@3daf7722, org.springframework.boot.test.context.filter.ExcludeFilterContextCustomizer@1fc32e4f, org.springframework.boot.test.json.DuplicateJsonObjectContextCustomizerFactory$DuplicateJsonObjectContextCustomizer@7efaad5a, org.springframework.boot.test.mock.mockito.MockitoContextCustomizer@ea924d7], contextLoader = 'org.springframework.test.context.support.DelegatingSmartContextLoader', parent = [null]], attributes = map['org.springframework.test.context.event.ApplicationEventsTestExecutionListener.recordApplicationEvents' -> false]], class annotated with @DirtiesContext [false] with mode [null].
]]></system-out>
  <system-err><![CDATA[]]></system-err>
</testsuite>
