<?xml version="1.0" encoding="UTF-8"?>
<testsuite name="org.waldreg.reward.tag.RewardTagManagerTest" tests="8" skipped="0" failures="0" errors="0" timestamp="2023-06-27T14:51:43" hostname="xb-apple.local" time="0.034">
  <properties/>
  <testcase name="새로운 RewardTag 생성 성공 테스트 - 경계 강제 조정" classname="org.waldreg.reward.tag.RewardTagManagerTest" time="0.01"/>
  <testcase name="RewardTag 삭제 삭제 성공 테스트" classname="org.waldreg.reward.tag.RewardTagManagerTest" time="0.006"/>
  <testcase name="RewardTag 삭제 실패 테스트 - rewardTagId에 해당하는 rewardTag를 찾을 수 없음" classname="org.waldreg.reward.tag.RewardTagManagerTest" time="0.002"/>
  <testcase name="RewardTag 업데이트 성공 테스트" classname="org.waldreg.reward.tag.RewardTagManagerTest" time="0.002"/>
  <testcase name="새로운 RewardTag 생성 성공 테스트" classname="org.waldreg.reward.tag.RewardTagManagerTest" time="0.002"/>
  <testcase name="RewardTag 업데이트 실패 테스트 - reward tag id에 해당하는 reward tag를 찾을 수 없음" classname="org.waldreg.reward.tag.RewardTagManagerTest" time="0.001"/>
  <testcase name="RewardTag 조회 성공 테스트" classname="org.waldreg.reward.tag.RewardTagManagerTest" time="0.002"/>
  <testcase name="RewardTag 업데이트 성공 테스트 - 경계 강제 조정" classname="org.waldreg.reward.tag.RewardTagManagerTest" time="0.002"/>
  <system-out><![CDATA[23:51:43.090 [Test worker] DEBUG org.springframework.test.context.BootstrapUtils - Instantiating CacheAwareContextLoaderDelegate from class [org.springframework.test.context.cache.DefaultCacheAwareContextLoaderDelegate]
23:51:43.093 [Test worker] DEBUG org.springframework.test.context.BootstrapUtils - Instantiating BootstrapContext using constructor [public org.springframework.test.context.support.DefaultBootstrapContext(java.lang.Class,org.springframework.test.context.CacheAwareContextLoaderDelegate)]
23:51:43.101 [Test worker] DEBUG org.springframework.test.context.BootstrapUtils - Instantiating TestContextBootstrapper for test class [org.waldreg.reward.tag.RewardTagManagerTest] from class [org.springframework.test.context.support.DefaultTestContextBootstrapper]
23:51:43.107 [Test worker] DEBUG org.springframework.test.context.support.AbstractDelegatingSmartContextLoader - Delegating to AnnotationConfigContextLoader to process context configuration [ContextConfigurationAttributes@39d9314d declaringClass = 'org.waldreg.reward.tag.RewardTagManagerTest', classes = '{class org.waldreg.reward.tag.DefaultRewardTagManager, class org.waldreg.reward.tag.lib.TagExceedClipper}', locations = '{}', inheritLocations = true, initializers = '{}', inheritInitializers = true, name = [null], contextLoaderClass = 'org.springframework.test.context.ContextLoader'].
23:51:43.122 [Test worker] DEBUG org.springframework.test.context.support.ActiveProfilesUtils - Could not find an 'annotation declaring class' for annotation type [org.springframework.test.context.ActiveProfiles] and class [org.waldreg.reward.tag.RewardTagManagerTest]
23:51:43.123 [Test worker] DEBUG org.springframework.test.context.support.DefaultTestContextBootstrapper - @TestExecutionListeners is not present for class [org.waldreg.reward.tag.RewardTagManagerTest]: using defaults.
23:51:43.123 [Test worker] INFO org.springframework.test.context.support.DefaultTestContextBootstrapper - Loaded default TestExecutionListener class names from location [META-INF/spring.factories]: [org.springframework.boot.test.autoconfigure.restdocs.RestDocsTestExecutionListener, org.springframework.boot.test.autoconfigure.web.client.MockRestServiceServerResetTestExecutionListener, org.springframework.boot.test.autoconfigure.web.servlet.MockMvcPrintOnlyOnFailureTestExecutionListener, org.springframework.boot.test.autoconfigure.web.servlet.WebDriverTestExecutionListener, org.springframework.boot.test.autoconfigure.webservices.client.MockWebServiceServerTestExecutionListener, org.springframework.boot.test.mock.mockito.MockitoTestExecutionListener, org.springframework.boot.test.mock.mockito.ResetMocksTestExecutionListener, org.springframework.test.context.web.ServletTestExecutionListener, org.springframework.test.context.support.DirtiesContextBeforeModesTestExecutionListener, org.springframework.test.context.event.ApplicationEventsTestExecutionListener, org.springframework.test.context.support.DependencyInjectionTestExecutionListener, org.springframework.test.context.support.DirtiesContextTestExecutionListener, org.springframework.test.context.transaction.TransactionalTestExecutionListener, org.springframework.test.context.jdbc.SqlScriptsTestExecutionListener, org.springframework.test.context.event.EventPublishingTestExecutionListener]
23:51:43.125 [Test worker] DEBUG org.springframework.test.context.support.DefaultTestContextBootstrapper - Skipping candidate TestExecutionListener [org.springframework.test.context.transaction.TransactionalTestExecutionListener] due to a missing dependency. Specify custom listener classes or make the default listener classes and their required dependencies available. Offending class: [org/springframework/transaction/interceptor/TransactionAttributeSource]
23:51:43.126 [Test worker] DEBUG org.springframework.test.context.support.DefaultTestContextBootstrapper - Skipping candidate TestExecutionListener [org.springframework.test.context.jdbc.SqlScriptsTestExecutionListener] due to a missing dependency. Specify custom listener classes or make the default listener classes and their required dependencies available. Offending class: [org/springframework/transaction/interceptor/TransactionAttribute]
23:51:43.126 [Test worker] INFO org.springframework.test.context.support.DefaultTestContextBootstrapper - Using TestExecutionListeners: [org.springframework.test.context.web.ServletTestExecutionListener@539d019, org.springframework.test.context.support.DirtiesContextBeforeModesTestExecutionListener@39a2bb97, org.springframework.test.context.event.ApplicationEventsTestExecutionListener@3ad2e17, org.springframework.boot.test.mock.mockito.MockitoTestExecutionListener@8c3619e, org.springframework.test.context.support.DependencyInjectionTestExecutionListener@4331d187, org.springframework.test.context.support.DirtiesContextTestExecutionListener@6f63b475, org.springframework.test.context.event.EventPublishingTestExecutionListener@554e218, org.springframework.boot.test.autoconfigure.restdocs.RestDocsTestExecutionListener@1608bcbd, org.springframework.boot.test.autoconfigure.web.client.MockRestServiceServerResetTestExecutionListener@5bf8fa12, org.springframework.boot.test.autoconfigure.web.servlet.MockMvcPrintOnlyOnFailureTestExecutionListener@29ca3d04, org.springframework.boot.test.autoconfigure.web.servlet.WebDriverTestExecutionListener@b2c5e07, org.springframework.boot.test.autoconfigure.webservices.client.MockWebServiceServerTestExecutionListener@5812f68b, org.springframework.boot.test.mock.mockito.ResetMocksTestExecutionListener@4426bff1]
23:51:43.126 [Test worker] DEBUG org.springframework.test.context.support.AbstractDirtiesContextTestExecutionListener - Before test class: context [DefaultTestContext@19e4fcac testClass = RewardTagManagerTest, testInstance = [null], testMethod = [null], testException = [null], mergedContextConfiguration = [MergedContextConfiguration@52c3cb31 testClass = RewardTagManagerTest, locations = '{}', classes = '{class org.waldreg.reward.tag.DefaultRewardTagManager, class org.waldreg.reward.tag.lib.TagExceedClipper}', contextInitializerClasses = '[]', activeProfiles = '{}', propertySourceLocations = '{}', propertySourceProperties = '{}', contextCustomizers = set[org.springframework.boot.test.autoconfigure.actuate.metrics.MetricsExportContextCustomizerFactory$DisableMetricExportContextCustomizer@3688eb5b, org.springframework.boot.test.autoconfigure.properties.PropertyMappingContextCustomizer@0, org.springframework.boot.test.autoconfigure.web.servlet.WebDriverContextCustomizerFactory$Customizer@6d167f58, org.springframework.boot.test.context.filter.ExcludeFilterContextCustomizer@19c65cdc, org.springframework.boot.test.json.DuplicateJsonObjectContextCustomizerFactory$DuplicateJsonObjectContextCustomizer@1fb669c3, org.springframework.boot.test.mock.mockito.MockitoContextCustomizer@a93cb12e], contextLoader = 'org.springframework.test.context.support.DelegatingSmartContextLoader', parent = [null]], attributes = map[[empty]]], class annotated with @DirtiesContext [false] with mode [null].
23:51:43.130 [Test worker] DEBUG org.springframework.test.context.support.AbstractDelegatingSmartContextLoader - Delegating to AnnotationConfigContextLoader to load context from [MergedContextConfiguration@52c3cb31 testClass = RewardTagManagerTest, locations = '{}', classes = '{class org.waldreg.reward.tag.DefaultRewardTagManager, class org.waldreg.reward.tag.lib.TagExceedClipper}', contextInitializerClasses = '[]', activeProfiles = '{}', propertySourceLocations = '{}', propertySourceProperties = '{}', contextCustomizers = set[org.springframework.boot.test.autoconfigure.actuate.metrics.MetricsExportContextCustomizerFactory$DisableMetricExportContextCustomizer@3688eb5b, org.springframework.boot.test.autoconfigure.properties.PropertyMappingContextCustomizer@0, org.springframework.boot.test.autoconfigure.web.servlet.WebDriverContextCustomizerFactory$Customizer@6d167f58, org.springframework.boot.test.context.filter.ExcludeFilterContextCustomizer@19c65cdc, org.springframework.boot.test.json.DuplicateJsonObjectContextCustomizerFactory$DuplicateJsonObjectContextCustomizer@1fb669c3, org.springframework.boot.test.mock.mockito.MockitoContextCustomizer@a93cb12e], contextLoader = 'org.springframework.test.context.support.DelegatingSmartContextLoader', parent = [null]].
23:51:43.130 [Test worker] DEBUG org.springframework.test.context.support.AbstractGenericContextLoader - Loading ApplicationContext for merged context configuration [[MergedContextConfiguration@52c3cb31 testClass = RewardTagManagerTest, locations = '{}', classes = '{class org.waldreg.reward.tag.DefaultRewardTagManager, class org.waldreg.reward.tag.lib.TagExceedClipper}', contextInitializerClasses = '[]', activeProfiles = '{}', propertySourceLocations = '{}', propertySourceProperties = '{}', contextCustomizers = set[org.springframework.boot.test.autoconfigure.actuate.metrics.MetricsExportContextCustomizerFactory$DisableMetricExportContextCustomizer@3688eb5b, org.springframework.boot.test.autoconfigure.properties.PropertyMappingContextCustomizer@0, org.springframework.boot.test.autoconfigure.web.servlet.WebDriverContextCustomizerFactory$Customizer@6d167f58, org.springframework.boot.test.context.filter.ExcludeFilterContextCustomizer@19c65cdc, org.springframework.boot.test.json.DuplicateJsonObjectContextCustomizerFactory$DuplicateJsonObjectContextCustomizer@1fb669c3, org.springframework.boot.test.mock.mockito.MockitoContextCustomizer@a93cb12e], contextLoader = 'org.springframework.test.context.support.DelegatingSmartContextLoader', parent = [null]]].
23:51:43.140 [Test worker] DEBUG org.springframework.core.env.StandardEnvironment - Activating profiles []
23:51:43.141 [Test worker] DEBUG org.springframework.test.context.support.AnnotationConfigContextLoader - Registering component classes: {class org.waldreg.reward.tag.DefaultRewardTagManager, class org.waldreg.reward.tag.lib.TagExceedClipper}
23:51:43.152 [Test worker] DEBUG org.springframework.context.support.GenericApplicationContext - Refreshing org.springframework.context.support.GenericApplicationContext@1a6c1270
23:51:43.155 [Test worker] DEBUG org.springframework.beans.factory.support.DefaultListableBeanFactory - Creating shared instance of singleton bean 'org.springframework.context.annotation.internalConfigurationAnnotationProcessor'
23:51:43.163 [Test worker] DEBUG org.springframework.beans.factory.support.DefaultListableBeanFactory - Creating shared instance of singleton bean 'org.springframework.boot.test.mock.mockito.MockitoPostProcessor'
23:51:43.315 [Test worker] DEBUG org.springframework.beans.factory.support.DefaultListableBeanFactory - Creating shared instance of singleton bean 'org.springframework.context.event.internalEventListenerProcessor'
23:51:43.315 [Test worker] DEBUG org.springframework.beans.factory.support.DefaultListableBeanFactory - Creating shared instance of singleton bean 'org.springframework.context.event.internalEventListenerFactory'
23:51:43.316 [Test worker] DEBUG org.springframework.beans.factory.support.DefaultListableBeanFactory - Creating shared instance of singleton bean 'org.springframework.context.annotation.internalAutowiredAnnotationProcessor'
23:51:43.316 [Test worker] DEBUG org.springframework.beans.factory.support.DefaultListableBeanFactory - Creating shared instance of singleton bean 'org.springframework.context.annotation.internalCommonAnnotationProcessor'
23:51:43.317 [Test worker] DEBUG org.springframework.beans.factory.support.DefaultListableBeanFactory - Creating shared instance of singleton bean 'org.springframework.boot.test.mock.mockito.MockitoPostProcessor$SpyPostProcessor'
23:51:43.321 [Test worker] DEBUG org.springframework.beans.factory.support.DefaultListableBeanFactory - Creating shared instance of singleton bean 'defaultRewardTagManager'
23:51:43.324 [Test worker] DEBUG org.springframework.beans.factory.support.DefaultListableBeanFactory - Creating shared instance of singleton bean 'tagExceedClipper'
23:51:43.328 [Test worker] DEBUG org.springframework.beans.factory.support.DefaultListableBeanFactory - Autowiring by type from bean name 'defaultRewardTagManager' via constructor to bean named 'org.waldreg.reward.tag.spi.RewardTagRepository#0'
23:51:43.328 [Test worker] DEBUG org.springframework.beans.factory.support.DefaultListableBeanFactory - Autowiring by type from bean name 'defaultRewardTagManager' via constructor to bean named 'tagExceedClipper'
23:51:43.332 [Test worker] DEBUG org.springframework.test.context.cache.DefaultCacheAwareContextLoaderDelegate - Storing ApplicationContext [443290224] in cache under key [[MergedContextConfiguration@52c3cb31 testClass = RewardTagManagerTest, locations = '{}', classes = '{class org.waldreg.reward.tag.DefaultRewardTagManager, class org.waldreg.reward.tag.lib.TagExceedClipper}', contextInitializerClasses = '[]', activeProfiles = '{}', propertySourceLocations = '{}', propertySourceProperties = '{}', contextCustomizers = set[org.springframework.boot.test.autoconfigure.actuate.metrics.MetricsExportContextCustomizerFactory$DisableMetricExportContextCustomizer@3688eb5b, org.springframework.boot.test.autoconfigure.properties.PropertyMappingContextCustomizer@0, org.springframework.boot.test.autoconfigure.web.servlet.WebDriverContextCustomizerFactory$Customizer@6d167f58, org.springframework.boot.test.context.filter.ExcludeFilterContextCustomizer@19c65cdc, org.springframework.boot.test.json.DuplicateJsonObjectContextCustomizerFactory$DuplicateJsonObjectContextCustomizer@1fb669c3, org.springframework.boot.test.mock.mockito.MockitoContextCustomizer@a93cb12e], contextLoader = 'org.springframework.test.context.support.DelegatingSmartContextLoader', parent = [null]]]
23:51:43.332 [Test worker] DEBUG org.springframework.test.context.cache - Spring test ApplicationContext cache statistics: [DefaultContextCache@23b3aa8c size = 1, maxSize = 32, parentContextCount = 0, hitCount = 0, missCount = 1]
23:51:43.333 [Test worker] DEBUG org.springframework.test.context.support.DependencyInjectionTestExecutionListener - Performing dependency injection for test context [[DefaultTestContext@19e4fcac testClass = RewardTagManagerTest, testInstance = org.waldreg.reward.tag.RewardTagManagerTest@77a2aa4a, testMethod = [null], testException = [null], mergedContextConfiguration = [MergedContextConfiguration@52c3cb31 testClass = RewardTagManagerTest, locations = '{}', classes = '{class org.waldreg.reward.tag.DefaultRewardTagManager, class org.waldreg.reward.tag.lib.TagExceedClipper}', contextInitializerClasses = '[]', activeProfiles = '{}', propertySourceLocations = '{}', propertySourceProperties = '{}', contextCustomizers = set[org.springframework.boot.test.autoconfigure.actuate.metrics.MetricsExportContextCustomizerFactory$DisableMetricExportContextCustomizer@3688eb5b, org.springframework.boot.test.autoconfigure.properties.PropertyMappingContextCustomizer@0, org.springframework.boot.test.autoconfigure.web.servlet.WebDriverContextCustomizerFactory$Customizer@6d167f58, org.springframework.boot.test.context.filter.ExcludeFilterContextCustomizer@19c65cdc, org.springframework.boot.test.json.DuplicateJsonObjectContextCustomizerFactory$DuplicateJsonObjectContextCustomizer@1fb669c3, org.springframework.boot.test.mock.mockito.MockitoContextCustomizer@a93cb12e], contextLoader = 'org.springframework.test.context.support.DelegatingSmartContextLoader', parent = [null]], attributes = map['org.springframework.test.context.event.ApplicationEventsTestExecutionListener.recordApplicationEvents' -> false]]].
23:51:43.333 [Test worker] DEBUG org.springframework.test.context.cache.DefaultCacheAwareContextLoaderDelegate - Retrieved ApplicationContext [443290224] from cache with key [[MergedContextConfiguration@52c3cb31 testClass = RewardTagManagerTest, locations = '{}', classes = '{class org.waldreg.reward.tag.DefaultRewardTagManager, class org.waldreg.reward.tag.lib.TagExceedClipper}', contextInitializerClasses = '[]', activeProfiles = '{}', propertySourceLocations = '{}', propertySourceProperties = '{}', contextCustomizers = set[org.springframework.boot.test.autoconfigure.actuate.metrics.MetricsExportContextCustomizerFactory$DisableMetricExportContextCustomizer@3688eb5b, org.springframework.boot.test.autoconfigure.properties.PropertyMappingContextCustomizer@0, org.springframework.boot.test.autoconfigure.web.servlet.WebDriverContextCustomizerFactory$Customizer@6d167f58, org.springframework.boot.test.context.filter.ExcludeFilterContextCustomizer@19c65cdc, org.springframework.boot.test.json.DuplicateJsonObjectContextCustomizerFactory$DuplicateJsonObjectContextCustomizer@1fb669c3, org.springframework.boot.test.mock.mockito.MockitoContextCustomizer@a93cb12e], contextLoader = 'org.springframework.test.context.support.DelegatingSmartContextLoader', parent = [null]]]
23:51:43.333 [Test worker] DEBUG org.springframework.test.context.cache - Spring test ApplicationContext cache statistics: [DefaultContextCache@23b3aa8c size = 1, maxSize = 32, parentContextCount = 0, hitCount = 1, missCount = 1]
23:51:43.335 [Test worker] DEBUG org.springframework.test.context.cache.DefaultCacheAwareContextLoaderDelegate - Retrieved ApplicationContext [443290224] from cache with key [[MergedContextConfiguration@52c3cb31 testClass = RewardTagManagerTest, locations = '{}', classes = '{class org.waldreg.reward.tag.DefaultRewardTagManager, class org.waldreg.reward.tag.lib.TagExceedClipper}', contextInitializerClasses = '[]', activeProfiles = '{}', propertySourceLocations = '{}', propertySourceProperties = '{}', contextCustomizers = set[org.springframework.boot.test.autoconfigure.actuate.metrics.MetricsExportContextCustomizerFactory$DisableMetricExportContextCustomizer@3688eb5b, org.springframework.boot.test.autoconfigure.properties.PropertyMappingContextCustomizer@0, org.springframework.boot.test.autoconfigure.web.servlet.WebDriverContextCustomizerFactory$Customizer@6d167f58, org.springframework.boot.test.context.filter.ExcludeFilterContextCustomizer@19c65cdc, org.springframework.boot.test.json.DuplicateJsonObjectContextCustomizerFactory$DuplicateJsonObjectContextCustomizer@1fb669c3, org.springframework.boot.test.mock.mockito.MockitoContextCustomizer@a93cb12e], contextLoader = 'org.springframework.test.context.support.DelegatingSmartContextLoader', parent = [null]]]
23:51:43.335 [Test worker] DEBUG org.springframework.test.context.cache - Spring test ApplicationContext cache statistics: [DefaultContextCache@23b3aa8c size = 1, maxSize = 32, parentContextCount = 0, hitCount = 2, missCount = 1]
23:51:43.337 [Test worker] DEBUG org.springframework.test.context.support.AbstractDirtiesContextTestExecutionListener - Before test method: context [DefaultTestContext@19e4fcac testClass = RewardTagManagerTest, testInstance = org.waldreg.reward.tag.RewardTagManagerTest@77a2aa4a, testMethod = CREATE_NEW_REWARD_TAG_SUCCESS_MODIFY_EXCEED_BORDER_TEST@RewardTagManagerTest, testException = [null], mergedContextConfiguration = [MergedContextConfiguration@52c3cb31 testClass = RewardTagManagerTest, locations = '{}', classes = '{class org.waldreg.reward.tag.DefaultRewardTagManager, class org.waldreg.reward.tag.lib.TagExceedClipper}', contextInitializerClasses = '[]', activeProfiles = '{}', propertySourceLocations = '{}', propertySourceProperties = '{}', contextCustomizers = set[org.springframework.boot.test.autoconfigure.actuate.metrics.MetricsExportContextCustomizerFactory$DisableMetricExportContextCustomizer@3688eb5b, org.springframework.boot.test.autoconfigure.properties.PropertyMappingContextCustomizer@0, org.springframework.boot.test.autoconfigure.web.servlet.WebDriverContextCustomizerFactory$Customizer@6d167f58, org.springframework.boot.test.context.filter.ExcludeFilterContextCustomizer@19c65cdc, org.springframework.boot.test.json.DuplicateJsonObjectContextCustomizerFactory$DuplicateJsonObjectContextCustomizer@1fb669c3, org.springframework.boot.test.mock.mockito.MockitoContextCustomizer@a93cb12e], contextLoader = 'org.springframework.test.context.support.DelegatingSmartContextLoader', parent = [null]], attributes = map['org.springframework.test.context.event.ApplicationEventsTestExecutionListener.recordApplicationEvents' -> false]], class annotated with @DirtiesContext [false] with mode [null], method annotated with @DirtiesContext [false] with mode [null].
23:51:43.337 [Test worker] DEBUG org.springframework.test.context.cache.DefaultCacheAwareContextLoaderDelegate - Retrieved ApplicationContext [443290224] from cache with key [[MergedContextConfiguration@52c3cb31 testClass = RewardTagManagerTest, locations = '{}', classes = '{class org.waldreg.reward.tag.DefaultRewardTagManager, class org.waldreg.reward.tag.lib.TagExceedClipper}', contextInitializerClasses = '[]', activeProfiles = '{}', propertySourceLocations = '{}', propertySourceProperties = '{}', contextCustomizers = set[org.springframework.boot.test.autoconfigure.actuate.metrics.MetricsExportContextCustomizerFactory$DisableMetricExportContextCustomizer@3688eb5b, org.springframework.boot.test.autoconfigure.properties.PropertyMappingContextCustomizer@0, org.springframework.boot.test.autoconfigure.web.servlet.WebDriverContextCustomizerFactory$Customizer@6d167f58, org.springframework.boot.test.context.filter.ExcludeFilterContextCustomizer@19c65cdc, org.springframework.boot.test.json.DuplicateJsonObjectContextCustomizerFactory$DuplicateJsonObjectContextCustomizer@1fb669c3, org.springframework.boot.test.mock.mockito.MockitoContextCustomizer@a93cb12e], contextLoader = 'org.springframework.test.context.support.DelegatingSmartContextLoader', parent = [null]]]
23:51:43.337 [Test worker] DEBUG org.springframework.test.context.cache - Spring test ApplicationContext cache statistics: [DefaultContextCache@23b3aa8c size = 1, maxSize = 32, parentContextCount = 0, hitCount = 3, missCount = 1]
23:51:43.337 [Test worker] DEBUG org.springframework.test.context.cache.DefaultCacheAwareContextLoaderDelegate - Retrieved ApplicationContext [443290224] from cache with key [[MergedContextConfiguration@52c3cb31 testClass = RewardTagManagerTest, locations = '{}', classes = '{class org.waldreg.reward.tag.DefaultRewardTagManager, class org.waldreg.reward.tag.lib.TagExceedClipper}', contextInitializerClasses = '[]', activeProfiles = '{}', propertySourceLocations = '{}', propertySourceProperties = '{}', contextCustomizers = set[org.springframework.boot.test.autoconfigure.actuate.metrics.MetricsExportContextCustomizerFactory$DisableMetricExportContextCustomizer@3688eb5b, org.springframework.boot.test.autoconfigure.properties.PropertyMappingContextCustomizer@0, org.springframework.boot.test.autoconfigure.web.servlet.WebDriverContextCustomizerFactory$Customizer@6d167f58, org.springframework.boot.test.context.filter.ExcludeFilterContextCustomizer@19c65cdc, org.springframework.boot.test.json.DuplicateJsonObjectContextCustomizerFactory$DuplicateJsonObjectContextCustomizer@1fb669c3, org.springframework.boot.test.mock.mockito.MockitoContextCustomizer@a93cb12e], contextLoader = 'org.springframework.test.context.support.DelegatingSmartContextLoader', parent = [null]]]
23:51:43.337 [Test worker] DEBUG org.springframework.test.context.cache - Spring test ApplicationContext cache statistics: [DefaultContextCache@23b3aa8c size = 1, maxSize = 32, parentContextCount = 0, hitCount = 4, missCount = 1]
23:51:43.338 [Test worker] DEBUG org.springframework.test.context.cache.DefaultCacheAwareContextLoaderDelegate - Retrieved ApplicationContext [443290224] from cache with key [[MergedContextConfiguration@52c3cb31 testClass = RewardTagManagerTest, locations = '{}', classes = '{class org.waldreg.reward.tag.DefaultRewardTagManager, class org.waldreg.reward.tag.lib.TagExceedClipper}', contextInitializerClasses = '[]', activeProfiles = '{}', propertySourceLocations = '{}', propertySourceProperties = '{}', contextCustomizers = set[org.springframework.boot.test.autoconfigure.actuate.metrics.MetricsExportContextCustomizerFactory$DisableMetricExportContextCustomizer@3688eb5b, org.springframework.boot.test.autoconfigure.properties.PropertyMappingContextCustomizer@0, org.springframework.boot.test.autoconfigure.web.servlet.WebDriverContextCustomizerFactory$Customizer@6d167f58, org.springframework.boot.test.context.filter.ExcludeFilterContextCustomizer@19c65cdc, org.springframework.boot.test.json.DuplicateJsonObjectContextCustomizerFactory$DuplicateJsonObjectContextCustomizer@1fb669c3, org.springframework.boot.test.mock.mockito.MockitoContextCustomizer@a93cb12e], contextLoader = 'org.springframework.test.context.support.DelegatingSmartContextLoader', parent = [null]]]
23:51:43.338 [Test worker] DEBUG org.springframework.test.context.cache - Spring test ApplicationContext cache statistics: [DefaultContextCache@23b3aa8c size = 1, maxSize = 32, parentContextCount = 0, hitCount = 5, missCount = 1]
23:51:43.342 [Test worker] DEBUG org.springframework.test.context.cache.DefaultCacheAwareContextLoaderDelegate - Retrieved ApplicationContext [443290224] from cache with key [[MergedContextConfiguration@52c3cb31 testClass = RewardTagManagerTest, locations = '{}', classes = '{class org.waldreg.reward.tag.DefaultRewardTagManager, class org.waldreg.reward.tag.lib.TagExceedClipper}', contextInitializerClasses = '[]', activeProfiles = '{}', propertySourceLocations = '{}', propertySourceProperties = '{}', contextCustomizers = set[org.springframework.boot.test.autoconfigure.actuate.metrics.MetricsExportContextCustomizerFactory$DisableMetricExportContextCustomizer@3688eb5b, org.springframework.boot.test.autoconfigure.properties.PropertyMappingContextCustomizer@0, org.springframework.boot.test.autoconfigure.web.servlet.WebDriverContextCustomizerFactory$Customizer@6d167f58, org.springframework.boot.test.context.filter.ExcludeFilterContextCustomizer@19c65cdc, org.springframework.boot.test.json.DuplicateJsonObjectContextCustomizerFactory$DuplicateJsonObjectContextCustomizer@1fb669c3, org.springframework.boot.test.mock.mockito.MockitoContextCustomizer@a93cb12e], contextLoader = 'org.springframework.test.context.support.DelegatingSmartContextLoader', parent = [null]]]
23:51:43.343 [Test worker] DEBUG org.springframework.test.context.cache - Spring test ApplicationContext cache statistics: [DefaultContextCache@23b3aa8c size = 1, maxSize = 32, parentContextCount = 0, hitCount = 6, missCount = 1]
23:51:43.343 [Test worker] DEBUG org.springframework.test.context.cache.DefaultCacheAwareContextLoaderDelegate - Retrieved ApplicationContext [443290224] from cache with key [[MergedContextConfiguration@52c3cb31 testClass = RewardTagManagerTest, locations = '{}', classes = '{class org.waldreg.reward.tag.DefaultRewardTagManager, class org.waldreg.reward.tag.lib.TagExceedClipper}', contextInitializerClasses = '[]', activeProfiles = '{}', propertySourceLocations = '{}', propertySourceProperties = '{}', contextCustomizers = set[org.springframework.boot.test.autoconfigure.actuate.metrics.MetricsExportContextCustomizerFactory$DisableMetricExportContextCustomizer@3688eb5b, org.springframework.boot.test.autoconfigure.properties.PropertyMappingContextCustomizer@0, org.springframework.boot.test.autoconfigure.web.servlet.WebDriverContextCustomizerFactory$Customizer@6d167f58, org.springframework.boot.test.context.filter.ExcludeFilterContextCustomizer@19c65cdc, org.springframework.boot.test.json.DuplicateJsonObjectContextCustomizerFactory$DuplicateJsonObjectContextCustomizer@1fb669c3, org.springframework.boot.test.mock.mockito.MockitoContextCustomizer@a93cb12e], contextLoader = 'org.springframework.test.context.support.DelegatingSmartContextLoader', parent = [null]]]
23:51:43.343 [Test worker] DEBUG org.springframework.test.context.cache - Spring test ApplicationContext cache statistics: [DefaultContextCache@23b3aa8c size = 1, maxSize = 32, parentContextCount = 0, hitCount = 7, missCount = 1]
23:51:43.343 [Test worker] DEBUG org.springframework.test.context.cache.DefaultCacheAwareContextLoaderDelegate - Retrieved ApplicationContext [443290224] from cache with key [[MergedContextConfiguration@52c3cb31 testClass = RewardTagManagerTest, locations = '{}', classes = '{class org.waldreg.reward.tag.DefaultRewardTagManager, class org.waldreg.reward.tag.lib.TagExceedClipper}', contextInitializerClasses = '[]', activeProfiles = '{}', propertySourceLocations = '{}', propertySourceProperties = '{}', contextCustomizers = set[org.springframework.boot.test.autoconfigure.actuate.metrics.MetricsExportContextCustomizerFactory$DisableMetricExportContextCustomizer@3688eb5b, org.springframework.boot.test.autoconfigure.properties.PropertyMappingContextCustomizer@0, org.springframework.boot.test.autoconfigure.web.servlet.WebDriverContextCustomizerFactory$Customizer@6d167f58, org.springframework.boot.test.context.filter.ExcludeFilterContextCustomizer@19c65cdc, org.springframework.boot.test.json.DuplicateJsonObjectContextCustomizerFactory$DuplicateJsonObjectContextCustomizer@1fb669c3, org.springframework.boot.test.mock.mockito.MockitoContextCustomizer@a93cb12e], contextLoader = 'org.springframework.test.context.support.DelegatingSmartContextLoader', parent = [null]]]
23:51:43.343 [Test worker] DEBUG org.springframework.test.context.cache - Spring test ApplicationContext cache statistics: [DefaultContextCache@23b3aa8c size = 1, maxSize = 32, parentContextCount = 0, hitCount = 8, missCount = 1]
23:51:43.343 [Test worker] DEBUG org.springframework.test.context.cache.DefaultCacheAwareContextLoaderDelegate - Retrieved ApplicationContext [443290224] from cache with key [[MergedContextConfiguration@52c3cb31 testClass = RewardTagManagerTest, locations = '{}', classes = '{class org.waldreg.reward.tag.DefaultRewardTagManager, class org.waldreg.reward.tag.lib.TagExceedClipper}', contextInitializerClasses = '[]', activeProfiles = '{}', propertySourceLocations = '{}', propertySourceProperties = '{}', contextCustomizers = set[org.springframework.boot.test.autoconfigure.actuate.metrics.MetricsExportContextCustomizerFactory$DisableMetricExportContextCustomizer@3688eb5b, org.springframework.boot.test.autoconfigure.properties.PropertyMappingContextCustomizer@0, org.springframework.boot.test.autoconfigure.web.servlet.WebDriverContextCustomizerFactory$Customizer@6d167f58, org.springframework.boot.test.context.filter.ExcludeFilterContextCustomizer@19c65cdc, org.springframework.boot.test.json.DuplicateJsonObjectContextCustomizerFactory$DuplicateJsonObjectContextCustomizer@1fb669c3, org.springframework.boot.test.mock.mockito.MockitoContextCustomizer@a93cb12e], contextLoader = 'org.springframework.test.context.support.DelegatingSmartContextLoader', parent = [null]]]
23:51:43.343 [Test worker] DEBUG org.springframework.test.context.cache - Spring test ApplicationContext cache statistics: [DefaultContextCache@23b3aa8c size = 1, maxSize = 32, parentContextCount = 0, hitCount = 9, missCount = 1]
23:51:43.344 [Test worker] DEBUG org.springframework.test.context.cache.DefaultCacheAwareContextLoaderDelegate - Retrieved ApplicationContext [443290224] from cache with key [[MergedContextConfiguration@52c3cb31 testClass = RewardTagManagerTest, locations = '{}', classes = '{class org.waldreg.reward.tag.DefaultRewardTagManager, class org.waldreg.reward.tag.lib.TagExceedClipper}', contextInitializerClasses = '[]', activeProfiles = '{}', propertySourceLocations = '{}', propertySourceProperties = '{}', contextCustomizers = set[org.springframework.boot.test.autoconfigure.actuate.metrics.MetricsExportContextCustomizerFactory$DisableMetricExportContextCustomizer@3688eb5b, org.springframework.boot.test.autoconfigure.properties.PropertyMappingContextCustomizer@0, org.springframework.boot.test.autoconfigure.web.servlet.WebDriverContextCustomizerFactory$Customizer@6d167f58, org.springframework.boot.test.context.filter.ExcludeFilterContextCustomizer@19c65cdc, org.springframework.boot.test.json.DuplicateJsonObjectContextCustomizerFactory$DuplicateJsonObjectContextCustomizer@1fb669c3, org.springframework.boot.test.mock.mockito.MockitoContextCustomizer@a93cb12e], contextLoader = 'org.springframework.test.context.support.DelegatingSmartContextLoader', parent = [null]]]
23:51:43.344 [Test worker] DEBUG org.springframework.test.context.cache - Spring test ApplicationContext cache statistics: [DefaultContextCache@23b3aa8c size = 1, maxSize = 32, parentContextCount = 0, hitCount = 10, missCount = 1]
23:51:43.344 [Test worker] DEBUG org.springframework.test.context.cache.DefaultCacheAwareContextLoaderDelegate - Retrieved ApplicationContext [443290224] from cache with key [[MergedContextConfiguration@52c3cb31 testClass = RewardTagManagerTest, locations = '{}', classes = '{class org.waldreg.reward.tag.DefaultRewardTagManager, class org.waldreg.reward.tag.lib.TagExceedClipper}', contextInitializerClasses = '[]', activeProfiles = '{}', propertySourceLocations = '{}', propertySourceProperties = '{}', contextCustomizers = set[org.springframework.boot.test.autoconfigure.actuate.metrics.MetricsExportContextCustomizerFactory$DisableMetricExportContextCustomizer@3688eb5b, org.springframework.boot.test.autoconfigure.properties.PropertyMappingContextCustomizer@0, org.springframework.boot.test.autoconfigure.web.servlet.WebDriverContextCustomizerFactory$Customizer@6d167f58, org.springframework.boot.test.context.filter.ExcludeFilterContextCustomizer@19c65cdc, org.springframework.boot.test.json.DuplicateJsonObjectContextCustomizerFactory$DuplicateJsonObjectContextCustomizer@1fb669c3, org.springframework.boot.test.mock.mockito.MockitoContextCustomizer@a93cb12e], contextLoader = 'org.springframework.test.context.support.DelegatingSmartContextLoader', parent = [null]]]
23:51:43.344 [Test worker] DEBUG org.springframework.test.context.cache - Spring test ApplicationContext cache statistics: [DefaultContextCache@23b3aa8c size = 1, maxSize = 32, parentContextCount = 0, hitCount = 11, missCount = 1]
23:51:43.344 [Test worker] DEBUG org.springframework.test.context.support.AbstractDirtiesContextTestExecutionListener - After test method: context [DefaultTestContext@19e4fcac testClass = RewardTagManagerTest, testInstance = org.waldreg.reward.tag.RewardTagManagerTest@77a2aa4a, testMethod = CREATE_NEW_REWARD_TAG_SUCCESS_MODIFY_EXCEED_BORDER_TEST@RewardTagManagerTest, testException = [null], mergedContextConfiguration = [MergedContextConfiguration@52c3cb31 testClass = RewardTagManagerTest, locations = '{}', classes = '{class org.waldreg.reward.tag.DefaultRewardTagManager, class org.waldreg.reward.tag.lib.TagExceedClipper}', contextInitializerClasses = '[]', activeProfiles = '{}', propertySourceLocations = '{}', propertySourceProperties = '{}', contextCustomizers = set[org.springframework.boot.test.autoconfigure.actuate.metrics.MetricsExportContextCustomizerFactory$DisableMetricExportContextCustomizer@3688eb5b, org.springframework.boot.test.autoconfigure.properties.PropertyMappingContextCustomizer@0, org.springframework.boot.test.autoconfigure.web.servlet.WebDriverContextCustomizerFactory$Customizer@6d167f58, org.springframework.boot.test.context.filter.ExcludeFilterContextCustomizer@19c65cdc, org.springframework.boot.test.json.DuplicateJsonObjectContextCustomizerFactory$DuplicateJsonObjectContextCustomizer@1fb669c3, org.springframework.boot.test.mock.mockito.MockitoContextCustomizer@a93cb12e], contextLoader = 'org.springframework.test.context.support.DelegatingSmartContextLoader', parent = [null]], attributes = map['org.springframework.test.context.event.ApplicationEventsTestExecutionListener.recordApplicationEvents' -> false]], class annotated with @DirtiesContext [false] with mode [null], method annotated with @DirtiesContext [false] with mode [null].
23:51:43.346 [Test worker] DEBUG org.springframework.test.context.cache.DefaultCacheAwareContextLoaderDelegate - Retrieved ApplicationContext [443290224] from cache with key [[MergedContextConfiguration@52c3cb31 testClass = RewardTagManagerTest, locations = '{}', classes = '{class org.waldreg.reward.tag.DefaultRewardTagManager, class org.waldreg.reward.tag.lib.TagExceedClipper}', contextInitializerClasses = '[]', activeProfiles = '{}', propertySourceLocations = '{}', propertySourceProperties = '{}', contextCustomizers = set[org.springframework.boot.test.autoconfigure.actuate.metrics.MetricsExportContextCustomizerFactory$DisableMetricExportContextCustomizer@3688eb5b, org.springframework.boot.test.autoconfigure.properties.PropertyMappingContextCustomizer@0, org.springframework.boot.test.autoconfigure.web.servlet.WebDriverContextCustomizerFactory$Customizer@6d167f58, org.springframework.boot.test.context.filter.ExcludeFilterContextCustomizer@19c65cdc, org.springframework.boot.test.json.DuplicateJsonObjectContextCustomizerFactory$DuplicateJsonObjectContextCustomizer@1fb669c3, org.springframework.boot.test.mock.mockito.MockitoContextCustomizer@a93cb12e], contextLoader = 'org.springframework.test.context.support.DelegatingSmartContextLoader', parent = [null]]]
23:51:43.346 [Test worker] DEBUG org.springframework.test.context.cache - Spring test ApplicationContext cache statistics: [DefaultContextCache@23b3aa8c size = 1, maxSize = 32, parentContextCount = 0, hitCount = 12, missCount = 1]
23:51:43.346 [Test worker] DEBUG org.springframework.test.context.support.DependencyInjectionTestExecutionListener - Performing dependency injection for test context [[DefaultTestContext@19e4fcac testClass = RewardTagManagerTest, testInstance = org.waldreg.reward.tag.RewardTagManagerTest@6ec65b5e, testMethod = [null], testException = [null], mergedContextConfiguration = [MergedContextConfiguration@52c3cb31 testClass = RewardTagManagerTest, locations = '{}', classes = '{class org.waldreg.reward.tag.DefaultRewardTagManager, class org.waldreg.reward.tag.lib.TagExceedClipper}', contextInitializerClasses = '[]', activeProfiles = '{}', propertySourceLocations = '{}', propertySourceProperties = '{}', contextCustomizers = set[org.springframework.boot.test.autoconfigure.actuate.metrics.MetricsExportContextCustomizerFactory$DisableMetricExportContextCustomizer@3688eb5b, org.springframework.boot.test.autoconfigure.properties.PropertyMappingContextCustomizer@0, org.springframework.boot.test.autoconfigure.web.servlet.WebDriverContextCustomizerFactory$Customizer@6d167f58, org.springframework.boot.test.context.filter.ExcludeFilterContextCustomizer@19c65cdc, org.springframework.boot.test.json.DuplicateJsonObjectContextCustomizerFactory$DuplicateJsonObjectContextCustomizer@1fb669c3, org.springframework.boot.test.mock.mockito.MockitoContextCustomizer@a93cb12e], contextLoader = 'org.springframework.test.context.support.DelegatingSmartContextLoader', parent = [null]], attributes = map['org.springframework.test.context.event.ApplicationEventsTestExecutionListener.recordApplicationEvents' -> false]]].
23:51:43.346 [Test worker] DEBUG org.springframework.test.context.cache.DefaultCacheAwareContextLoaderDelegate - Retrieved ApplicationContext [443290224] from cache with key [[MergedContextConfiguration@52c3cb31 testClass = RewardTagManagerTest, locations = '{}', classes = '{class org.waldreg.reward.tag.DefaultRewardTagManager, class org.waldreg.reward.tag.lib.TagExceedClipper}', contextInitializerClasses = '[]', activeProfiles = '{}', propertySourceLocations = '{}', propertySourceProperties = '{}', contextCustomizers = set[org.springframework.boot.test.autoconfigure.actuate.metrics.MetricsExportContextCustomizerFactory$DisableMetricExportContextCustomizer@3688eb5b, org.springframework.boot.test.autoconfigure.properties.PropertyMappingContextCustomizer@0, org.springframework.boot.test.autoconfigure.web.servlet.WebDriverContextCustomizerFactory$Customizer@6d167f58, org.springframework.boot.test.context.filter.ExcludeFilterContextCustomizer@19c65cdc, org.springframework.boot.test.json.DuplicateJsonObjectContextCustomizerFactory$DuplicateJsonObjectContextCustomizer@1fb669c3, org.springframework.boot.test.mock.mockito.MockitoContextCustomizer@a93cb12e], contextLoader = 'org.springframework.test.context.support.DelegatingSmartContextLoader', parent = [null]]]
23:51:43.346 [Test worker] DEBUG org.springframework.test.context.cache - Spring test ApplicationContext cache statistics: [DefaultContextCache@23b3aa8c size = 1, maxSize = 32, parentContextCount = 0, hitCount = 13, missCount = 1]
23:51:43.347 [Test worker] DEBUG org.springframework.test.context.cache.DefaultCacheAwareContextLoaderDelegate - Retrieved ApplicationContext [443290224] from cache with key [[MergedContextConfiguration@52c3cb31 testClass = RewardTagManagerTest, locations = '{}', classes = '{class org.waldreg.reward.tag.DefaultRewardTagManager, class org.waldreg.reward.tag.lib.TagExceedClipper}', contextInitializerClasses = '[]', activeProfiles = '{}', propertySourceLocations = '{}', propertySourceProperties = '{}', contextCustomizers = set[org.springframework.boot.test.autoconfigure.actuate.metrics.MetricsExportContextCustomizerFactory$DisableMetricExportContextCustomizer@3688eb5b, org.springframework.boot.test.autoconfigure.properties.PropertyMappingContextCustomizer@0, org.springframework.boot.test.autoconfigure.web.servlet.WebDriverContextCustomizerFactory$Customizer@6d167f58, org.springframework.boot.test.context.filter.ExcludeFilterContextCustomizer@19c65cdc, org.springframework.boot.test.json.DuplicateJsonObjectContextCustomizerFactory$DuplicateJsonObjectContextCustomizer@1fb669c3, org.springframework.boot.test.mock.mockito.MockitoContextCustomizer@a93cb12e], contextLoader = 'org.springframework.test.context.support.DelegatingSmartContextLoader', parent = [null]]]
23:51:43.347 [Test worker] DEBUG org.springframework.test.context.cache - Spring test ApplicationContext cache statistics: [DefaultContextCache@23b3aa8c size = 1, maxSize = 32, parentContextCount = 0, hitCount = 14, missCount = 1]
23:51:43.347 [Test worker] DEBUG org.springframework.test.context.support.AbstractDirtiesContextTestExecutionListener - Before test method: context [DefaultTestContext@19e4fcac testClass = RewardTagManagerTest, testInstance = org.waldreg.reward.tag.RewardTagManagerTest@6ec65b5e, testMethod = DELETE_REWARD_TAG_SUCCESS_TEST@RewardTagManagerTest, testException = [null], mergedContextConfiguration = [MergedContextConfiguration@52c3cb31 testClass = RewardTagManagerTest, locations = '{}', classes = '{class org.waldreg.reward.tag.DefaultRewardTagManager, class org.waldreg.reward.tag.lib.TagExceedClipper}', contextInitializerClasses = '[]', activeProfiles = '{}', propertySourceLocations = '{}', propertySourceProperties = '{}', contextCustomizers = set[org.springframework.boot.test.autoconfigure.actuate.metrics.MetricsExportContextCustomizerFactory$DisableMetricExportContextCustomizer@3688eb5b, org.springframework.boot.test.autoconfigure.properties.PropertyMappingContextCustomizer@0, org.springframework.boot.test.autoconfigure.web.servlet.WebDriverContextCustomizerFactory$Customizer@6d167f58, org.springframework.boot.test.context.filter.ExcludeFilterContextCustomizer@19c65cdc, org.springframework.boot.test.json.DuplicateJsonObjectContextCustomizerFactory$DuplicateJsonObjectContextCustomizer@1fb669c3, org.springframework.boot.test.mock.mockito.MockitoContextCustomizer@a93cb12e], contextLoader = 'org.springframework.test.context.support.DelegatingSmartContextLoader', parent = [null]], attributes = map['org.springframework.test.context.event.ApplicationEventsTestExecutionListener.recordApplicationEvents' -> false]], class annotated with @DirtiesContext [false] with mode [null], method annotated with @DirtiesContext [false] with mode [null].
23:51:43.347 [Test worker] DEBUG org.springframework.test.context.cache.DefaultCacheAwareContextLoaderDelegate - Retrieved ApplicationContext [443290224] from cache with key [[MergedContextConfiguration@52c3cb31 testClass = RewardTagManagerTest, locations = '{}', classes = '{class org.waldreg.reward.tag.DefaultRewardTagManager, class org.waldreg.reward.tag.lib.TagExceedClipper}', contextInitializerClasses = '[]', activeProfiles = '{}', propertySourceLocations = '{}', propertySourceProperties = '{}', contextCustomizers = set[org.springframework.boot.test.autoconfigure.actuate.metrics.MetricsExportContextCustomizerFactory$DisableMetricExportContextCustomizer@3688eb5b, org.springframework.boot.test.autoconfigure.properties.PropertyMappingContextCustomizer@0, org.springframework.boot.test.autoconfigure.web.servlet.WebDriverContextCustomizerFactory$Customizer@6d167f58, org.springframework.boot.test.context.filter.ExcludeFilterContextCustomizer@19c65cdc, org.springframework.boot.test.json.DuplicateJsonObjectContextCustomizerFactory$DuplicateJsonObjectContextCustomizer@1fb669c3, org.springframework.boot.test.mock.mockito.MockitoContextCustomizer@a93cb12e], contextLoader = 'org.springframework.test.context.support.DelegatingSmartContextLoader', parent = [null]]]
23:51:43.347 [Test worker] DEBUG org.springframework.test.context.cache - Spring test ApplicationContext cache statistics: [DefaultContextCache@23b3aa8c size = 1, maxSize = 32, parentContextCount = 0, hitCount = 15, missCount = 1]
23:51:43.348 [Test worker] DEBUG org.springframework.test.context.cache.DefaultCacheAwareContextLoaderDelegate - Retrieved ApplicationContext [443290224] from cache with key [[MergedContextConfiguration@52c3cb31 testClass = RewardTagManagerTest, locations = '{}', classes = '{class org.waldreg.reward.tag.DefaultRewardTagManager, class org.waldreg.reward.tag.lib.TagExceedClipper}', contextInitializerClasses = '[]', activeProfiles = '{}', propertySourceLocations = '{}', propertySourceProperties = '{}', contextCustomizers = set[org.springframework.boot.test.autoconfigure.actuate.metrics.MetricsExportContextCustomizerFactory$DisableMetricExportContextCustomizer@3688eb5b, org.springframework.boot.test.autoconfigure.properties.PropertyMappingContextCustomizer@0, org.springframework.boot.test.autoconfigure.web.servlet.WebDriverContextCustomizerFactory$Customizer@6d167f58, org.springframework.boot.test.context.filter.ExcludeFilterContextCustomizer@19c65cdc, org.springframework.boot.test.json.DuplicateJsonObjectContextCustomizerFactory$DuplicateJsonObjectContextCustomizer@1fb669c3, org.springframework.boot.test.mock.mockito.MockitoContextCustomizer@a93cb12e], contextLoader = 'org.springframework.test.context.support.DelegatingSmartContextLoader', parent = [null]]]
23:51:43.349 [Test worker] DEBUG org.springframework.test.context.cache - Spring test ApplicationContext cache statistics: [DefaultContextCache@23b3aa8c size = 1, maxSize = 32, parentContextCount = 0, hitCount = 16, missCount = 1]
23:51:43.349 [Test worker] DEBUG org.springframework.test.context.cache.DefaultCacheAwareContextLoaderDelegate - Retrieved ApplicationContext [443290224] from cache with key [[MergedContextConfiguration@52c3cb31 testClass = RewardTagManagerTest, locations = '{}', classes = '{class org.waldreg.reward.tag.DefaultRewardTagManager, class org.waldreg.reward.tag.lib.TagExceedClipper}', contextInitializerClasses = '[]', activeProfiles = '{}', propertySourceLocations = '{}', propertySourceProperties = '{}', contextCustomizers = set[org.springframework.boot.test.autoconfigure.actuate.metrics.MetricsExportContextCustomizerFactory$DisableMetricExportContextCustomizer@3688eb5b, org.springframework.boot.test.autoconfigure.properties.PropertyMappingContextCustomizer@0, org.springframework.boot.test.autoconfigure.web.servlet.WebDriverContextCustomizerFactory$Customizer@6d167f58, org.springframework.boot.test.context.filter.ExcludeFilterContextCustomizer@19c65cdc, org.springframework.boot.test.json.DuplicateJsonObjectContextCustomizerFactory$DuplicateJsonObjectContextCustomizer@1fb669c3, org.springframework.boot.test.mock.mockito.MockitoContextCustomizer@a93cb12e], contextLoader = 'org.springframework.test.context.support.DelegatingSmartContextLoader', parent = [null]]]
23:51:43.349 [Test worker] DEBUG org.springframework.test.context.cache - Spring test ApplicationContext cache statistics: [DefaultContextCache@23b3aa8c size = 1, maxSize = 32, parentContextCount = 0, hitCount = 17, missCount = 1]
23:51:43.351 [Test worker] DEBUG org.springframework.test.context.cache.DefaultCacheAwareContextLoaderDelegate - Retrieved ApplicationContext [443290224] from cache with key [[MergedContextConfiguration@52c3cb31 testClass = RewardTagManagerTest, locations = '{}', classes = '{class org.waldreg.reward.tag.DefaultRewardTagManager, class org.waldreg.reward.tag.lib.TagExceedClipper}', contextInitializerClasses = '[]', activeProfiles = '{}', propertySourceLocations = '{}', propertySourceProperties = '{}', contextCustomizers = set[org.springframework.boot.test.autoconfigure.actuate.metrics.MetricsExportContextCustomizerFactory$DisableMetricExportContextCustomizer@3688eb5b, org.springframework.boot.test.autoconfigure.properties.PropertyMappingContextCustomizer@0, org.springframework.boot.test.autoconfigure.web.servlet.WebDriverContextCustomizerFactory$Customizer@6d167f58, org.springframework.boot.test.context.filter.ExcludeFilterContextCustomizer@19c65cdc, org.springframework.boot.test.json.DuplicateJsonObjectContextCustomizerFactory$DuplicateJsonObjectContextCustomizer@1fb669c3, org.springframework.boot.test.mock.mockito.MockitoContextCustomizer@a93cb12e], contextLoader = 'org.springframework.test.context.support.DelegatingSmartContextLoader', parent = [null]]]
23:51:43.351 [Test worker] DEBUG org.springframework.test.context.cache - Spring test ApplicationContext cache statistics: [DefaultContextCache@23b3aa8c size = 1, maxSize = 32, parentContextCount = 0, hitCount = 18, missCount = 1]
23:51:43.351 [Test worker] DEBUG org.springframework.test.context.cache.DefaultCacheAwareContextLoaderDelegate - Retrieved ApplicationContext [443290224] from cache with key [[MergedContextConfiguration@52c3cb31 testClass = RewardTagManagerTest, locations = '{}', classes = '{class org.waldreg.reward.tag.DefaultRewardTagManager, class org.waldreg.reward.tag.lib.TagExceedClipper}', contextInitializerClasses = '[]', activeProfiles = '{}', propertySourceLocations = '{}', propertySourceProperties = '{}', contextCustomizers = set[org.springframework.boot.test.autoconfigure.actuate.metrics.MetricsExportContextCustomizerFactory$DisableMetricExportContextCustomizer@3688eb5b, org.springframework.boot.test.autoconfigure.properties.PropertyMappingContextCustomizer@0, org.springframework.boot.test.autoconfigure.web.servlet.WebDriverContextCustomizerFactory$Customizer@6d167f58, org.springframework.boot.test.context.filter.ExcludeFilterContextCustomizer@19c65cdc, org.springframework.boot.test.json.DuplicateJsonObjectContextCustomizerFactory$DuplicateJsonObjectContextCustomizer@1fb669c3, org.springframework.boot.test.mock.mockito.MockitoContextCustomizer@a93cb12e], contextLoader = 'org.springframework.test.context.support.DelegatingSmartContextLoader', parent = [null]]]
23:51:43.351 [Test worker] DEBUG org.springframework.test.context.cache - Spring test ApplicationContext cache statistics: [DefaultContextCache@23b3aa8c size = 1, maxSize = 32, parentContextCount = 0, hitCount = 19, missCount = 1]
23:51:43.352 [Test worker] DEBUG org.springframework.test.context.cache.DefaultCacheAwareContextLoaderDelegate - Retrieved ApplicationContext [443290224] from cache with key [[MergedContextConfiguration@52c3cb31 testClass = RewardTagManagerTest, locations = '{}', classes = '{class org.waldreg.reward.tag.DefaultRewardTagManager, class org.waldreg.reward.tag.lib.TagExceedClipper}', contextInitializerClasses = '[]', activeProfiles = '{}', propertySourceLocations = '{}', propertySourceProperties = '{}', contextCustomizers = set[org.springframework.boot.test.autoconfigure.actuate.metrics.MetricsExportContextCustomizerFactory$DisableMetricExportContextCustomizer@3688eb5b, org.springframework.boot.test.autoconfigure.properties.PropertyMappingContextCustomizer@0, org.springframework.boot.test.autoconfigure.web.servlet.WebDriverContextCustomizerFactory$Customizer@6d167f58, org.springframework.boot.test.context.filter.ExcludeFilterContextCustomizer@19c65cdc, org.springframework.boot.test.json.DuplicateJsonObjectContextCustomizerFactory$DuplicateJsonObjectContextCustomizer@1fb669c3, org.springframework.boot.test.mock.mockito.MockitoContextCustomizer@a93cb12e], contextLoader = 'org.springframework.test.context.support.DelegatingSmartContextLoader', parent = [null]]]
23:51:43.352 [Test worker] DEBUG org.springframework.test.context.cache - Spring test ApplicationContext cache statistics: [DefaultContextCache@23b3aa8c size = 1, maxSize = 32, parentContextCount = 0, hitCount = 20, missCount = 1]
23:51:43.352 [Test worker] DEBUG org.springframework.test.context.cache.DefaultCacheAwareContextLoaderDelegate - Retrieved ApplicationContext [443290224] from cache with key [[MergedContextConfiguration@52c3cb31 testClass = RewardTagManagerTest, locations = '{}', classes = '{class org.waldreg.reward.tag.DefaultRewardTagManager, class org.waldreg.reward.tag.lib.TagExceedClipper}', contextInitializerClasses = '[]', activeProfiles = '{}', propertySourceLocations = '{}', propertySourceProperties = '{}', contextCustomizers = set[org.springframework.boot.test.autoconfigure.actuate.metrics.MetricsExportContextCustomizerFactory$DisableMetricExportContextCustomizer@3688eb5b, org.springframework.boot.test.autoconfigure.properties.PropertyMappingContextCustomizer@0, org.springframework.boot.test.autoconfigure.web.servlet.WebDriverContextCustomizerFactory$Customizer@6d167f58, org.springframework.boot.test.context.filter.ExcludeFilterContextCustomizer@19c65cdc, org.springframework.boot.test.json.DuplicateJsonObjectContextCustomizerFactory$DuplicateJsonObjectContextCustomizer@1fb669c3, org.springframework.boot.test.mock.mockito.MockitoContextCustomizer@a93cb12e], contextLoader = 'org.springframework.test.context.support.DelegatingSmartContextLoader', parent = [null]]]
23:51:43.352 [Test worker] DEBUG org.springframework.test.context.cache - Spring test ApplicationContext cache statistics: [DefaultContextCache@23b3aa8c size = 1, maxSize = 32, parentContextCount = 0, hitCount = 21, missCount = 1]
23:51:43.352 [Test worker] DEBUG org.springframework.test.context.cache.DefaultCacheAwareContextLoaderDelegate - Retrieved ApplicationContext [443290224] from cache with key [[MergedContextConfiguration@52c3cb31 testClass = RewardTagManagerTest, locations = '{}', classes = '{class org.waldreg.reward.tag.DefaultRewardTagManager, class org.waldreg.reward.tag.lib.TagExceedClipper}', contextInitializerClasses = '[]', activeProfiles = '{}', propertySourceLocations = '{}', propertySourceProperties = '{}', contextCustomizers = set[org.springframework.boot.test.autoconfigure.actuate.metrics.MetricsExportContextCustomizerFactory$DisableMetricExportContextCustomizer@3688eb5b, org.springframework.boot.test.autoconfigure.properties.PropertyMappingContextCustomizer@0, org.springframework.boot.test.autoconfigure.web.servlet.WebDriverContextCustomizerFactory$Customizer@6d167f58, org.springframework.boot.test.context.filter.ExcludeFilterContextCustomizer@19c65cdc, org.springframework.boot.test.json.DuplicateJsonObjectContextCustomizerFactory$DuplicateJsonObjectContextCustomizer@1fb669c3, org.springframework.boot.test.mock.mockito.MockitoContextCustomizer@a93cb12e], contextLoader = 'org.springframework.test.context.support.DelegatingSmartContextLoader', parent = [null]]]
23:51:43.352 [Test worker] DEBUG org.springframework.test.context.cache - Spring test ApplicationContext cache statistics: [DefaultContextCache@23b3aa8c size = 1, maxSize = 32, parentContextCount = 0, hitCount = 22, missCount = 1]
23:51:43.352 [Test worker] DEBUG org.springframework.test.context.cache.DefaultCacheAwareContextLoaderDelegate - Retrieved ApplicationContext [443290224] from cache with key [[MergedContextConfiguration@52c3cb31 testClass = RewardTagManagerTest, locations = '{}', classes = '{class org.waldreg.reward.tag.DefaultRewardTagManager, class org.waldreg.reward.tag.lib.TagExceedClipper}', contextInitializerClasses = '[]', activeProfiles = '{}', propertySourceLocations = '{}', propertySourceProperties = '{}', contextCustomizers = set[org.springframework.boot.test.autoconfigure.actuate.metrics.MetricsExportContextCustomizerFactory$DisableMetricExportContextCustomizer@3688eb5b, org.springframework.boot.test.autoconfigure.properties.PropertyMappingContextCustomizer@0, org.springframework.boot.test.autoconfigure.web.servlet.WebDriverContextCustomizerFactory$Customizer@6d167f58, org.springframework.boot.test.context.filter.ExcludeFilterContextCustomizer@19c65cdc, org.springframework.boot.test.json.DuplicateJsonObjectContextCustomizerFactory$DuplicateJsonObjectContextCustomizer@1fb669c3, org.springframework.boot.test.mock.mockito.MockitoContextCustomizer@a93cb12e], contextLoader = 'org.springframework.test.context.support.DelegatingSmartContextLoader', parent = [null]]]
23:51:43.352 [Test worker] DEBUG org.springframework.test.context.cache - Spring test ApplicationContext cache statistics: [DefaultContextCache@23b3aa8c size = 1, maxSize = 32, parentContextCount = 0, hitCount = 23, missCount = 1]
23:51:43.352 [Test worker] DEBUG org.springframework.test.context.support.AbstractDirtiesContextTestExecutionListener - After test method: context [DefaultTestContext@19e4fcac testClass = RewardTagManagerTest, testInstance = org.waldreg.reward.tag.RewardTagManagerTest@6ec65b5e, testMethod = DELETE_REWARD_TAG_SUCCESS_TEST@RewardTagManagerTest, testException = [null], mergedContextConfiguration = [MergedContextConfiguration@52c3cb31 testClass = RewardTagManagerTest, locations = '{}', classes = '{class org.waldreg.reward.tag.DefaultRewardTagManager, class org.waldreg.reward.tag.lib.TagExceedClipper}', contextInitializerClasses = '[]', activeProfiles = '{}', propertySourceLocations = '{}', propertySourceProperties = '{}', contextCustomizers = set[org.springframework.boot.test.autoconfigure.actuate.metrics.MetricsExportContextCustomizerFactory$DisableMetricExportContextCustomizer@3688eb5b, org.springframework.boot.test.autoconfigure.properties.PropertyMappingContextCustomizer@0, org.springframework.boot.test.autoconfigure.web.servlet.WebDriverContextCustomizerFactory$Customizer@6d167f58, org.springframework.boot.test.context.filter.ExcludeFilterContextCustomizer@19c65cdc, org.springframework.boot.test.json.DuplicateJsonObjectContextCustomizerFactory$DuplicateJsonObjectContextCustomizer@1fb669c3, org.springframework.boot.test.mock.mockito.MockitoContextCustomizer@a93cb12e], contextLoader = 'org.springframework.test.context.support.DelegatingSmartContextLoader', parent = [null]], attributes = map['org.springframework.test.context.event.ApplicationEventsTestExecutionListener.recordApplicationEvents' -> false]], class annotated with @DirtiesContext [false] with mode [null], method annotated with @DirtiesContext [false] with mode [null].
23:51:43.353 [Test worker] DEBUG org.springframework.test.context.cache.DefaultCacheAwareContextLoaderDelegate - Retrieved ApplicationContext [443290224] from cache with key [[MergedContextConfiguration@52c3cb31 testClass = RewardTagManagerTest, locations = '{}', classes = '{class org.waldreg.reward.tag.DefaultRewardTagManager, class org.waldreg.reward.tag.lib.TagExceedClipper}', contextInitializerClasses = '[]', activeProfiles = '{}', propertySourceLocations = '{}', propertySourceProperties = '{}', contextCustomizers = set[org.springframework.boot.test.autoconfigure.actuate.metrics.MetricsExportContextCustomizerFactory$DisableMetricExportContextCustomizer@3688eb5b, org.springframework.boot.test.autoconfigure.properties.PropertyMappingContextCustomizer@0, org.springframework.boot.test.autoconfigure.web.servlet.WebDriverContextCustomizerFactory$Customizer@6d167f58, org.springframework.boot.test.context.filter.ExcludeFilterContextCustomizer@19c65cdc, org.springframework.boot.test.json.DuplicateJsonObjectContextCustomizerFactory$DuplicateJsonObjectContextCustomizer@1fb669c3, org.springframework.boot.test.mock.mockito.MockitoContextCustomizer@a93cb12e], contextLoader = 'org.springframework.test.context.support.DelegatingSmartContextLoader', parent = [null]]]
23:51:43.353 [Test worker] DEBUG org.springframework.test.context.cache - Spring test ApplicationContext cache statistics: [DefaultContextCache@23b3aa8c size = 1, maxSize = 32, parentContextCount = 0, hitCount = 24, missCount = 1]
23:51:43.353 [Test worker] DEBUG org.springframework.test.context.support.DependencyInjectionTestExecutionListener - Performing dependency injection for test context [[DefaultTestContext@19e4fcac testClass = RewardTagManagerTest, testInstance = org.waldreg.reward.tag.RewardTagManagerTest@28e19366, testMethod = [null], testException = [null], mergedContextConfiguration = [MergedContextConfiguration@52c3cb31 testClass = RewardTagManagerTest, locations = '{}', classes = '{class org.waldreg.reward.tag.DefaultRewardTagManager, class org.waldreg.reward.tag.lib.TagExceedClipper}', contextInitializerClasses = '[]', activeProfiles = '{}', propertySourceLocations = '{}', propertySourceProperties = '{}', contextCustomizers = set[org.springframework.boot.test.autoconfigure.actuate.metrics.MetricsExportContextCustomizerFactory$DisableMetricExportContextCustomizer@3688eb5b, org.springframework.boot.test.autoconfigure.properties.PropertyMappingContextCustomizer@0, org.springframework.boot.test.autoconfigure.web.servlet.WebDriverContextCustomizerFactory$Customizer@6d167f58, org.springframework.boot.test.context.filter.ExcludeFilterContextCustomizer@19c65cdc, org.springframework.boot.test.json.DuplicateJsonObjectContextCustomizerFactory$DuplicateJsonObjectContextCustomizer@1fb669c3, org.springframework.boot.test.mock.mockito.MockitoContextCustomizer@a93cb12e], contextLoader = 'org.springframework.test.context.support.DelegatingSmartContextLoader', parent = [null]], attributes = map['org.springframework.test.context.event.ApplicationEventsTestExecutionListener.recordApplicationEvents' -> false]]].
23:51:43.353 [Test worker] DEBUG org.springframework.test.context.cache.DefaultCacheAwareContextLoaderDelegate - Retrieved ApplicationContext [443290224] from cache with key [[MergedContextConfiguration@52c3cb31 testClass = RewardTagManagerTest, locations = '{}', classes = '{class org.waldreg.reward.tag.DefaultRewardTagManager, class org.waldreg.reward.tag.lib.TagExceedClipper}', contextInitializerClasses = '[]', activeProfiles = '{}', propertySourceLocations = '{}', propertySourceProperties = '{}', contextCustomizers = set[org.springframework.boot.test.autoconfigure.actuate.metrics.MetricsExportContextCustomizerFactory$DisableMetricExportContextCustomizer@3688eb5b, org.springframework.boot.test.autoconfigure.properties.PropertyMappingContextCustomizer@0, org.springframework.boot.test.autoconfigure.web.servlet.WebDriverContextCustomizerFactory$Customizer@6d167f58, org.springframework.boot.test.context.filter.ExcludeFilterContextCustomizer@19c65cdc, org.springframework.boot.test.json.DuplicateJsonObjectContextCustomizerFactory$DuplicateJsonObjectContextCustomizer@1fb669c3, org.springframework.boot.test.mock.mockito.MockitoContextCustomizer@a93cb12e], contextLoader = 'org.springframework.test.context.support.DelegatingSmartContextLoader', parent = [null]]]
23:51:43.353 [Test worker] DEBUG org.springframework.test.context.cache - Spring test ApplicationContext cache statistics: [DefaultContextCache@23b3aa8c size = 1, maxSize = 32, parentContextCount = 0, hitCount = 25, missCount = 1]
23:51:43.353 [Test worker] DEBUG org.springframework.test.context.cache.DefaultCacheAwareContextLoaderDelegate - Retrieved ApplicationContext [443290224] from cache with key [[MergedContextConfiguration@52c3cb31 testClass = RewardTagManagerTest, locations = '{}', classes = '{class org.waldreg.reward.tag.DefaultRewardTagManager, class org.waldreg.reward.tag.lib.TagExceedClipper}', contextInitializerClasses = '[]', activeProfiles = '{}', propertySourceLocations = '{}', propertySourceProperties = '{}', contextCustomizers = set[org.springframework.boot.test.autoconfigure.actuate.metrics.MetricsExportContextCustomizerFactory$DisableMetricExportContextCustomizer@3688eb5b, org.springframework.boot.test.autoconfigure.properties.PropertyMappingContextCustomizer@0, org.springframework.boot.test.autoconfigure.web.servlet.WebDriverContextCustomizerFactory$Customizer@6d167f58, org.springframework.boot.test.context.filter.ExcludeFilterContextCustomizer@19c65cdc, org.springframework.boot.test.json.DuplicateJsonObjectContextCustomizerFactory$DuplicateJsonObjectContextCustomizer@1fb669c3, org.springframework.boot.test.mock.mockito.MockitoContextCustomizer@a93cb12e], contextLoader = 'org.springframework.test.context.support.DelegatingSmartContextLoader', parent = [null]]]
23:51:43.353 [Test worker] DEBUG org.springframework.test.context.cache - Spring test ApplicationContext cache statistics: [DefaultContextCache@23b3aa8c size = 1, maxSize = 32, parentContextCount = 0, hitCount = 26, missCount = 1]
23:51:43.354 [Test worker] DEBUG org.springframework.test.context.support.AbstractDirtiesContextTestExecutionListener - Before test method: context [DefaultTestContext@19e4fcac testClass = RewardTagManagerTest, testInstance = org.waldreg.reward.tag.RewardTagManagerTest@28e19366, testMethod = DELETE_REWARD_TAG_FAIL_UNKNOWN_REWARD_TAG_TEST@RewardTagManagerTest, testException = [null], mergedContextConfiguration = [MergedContextConfiguration@52c3cb31 testClass = RewardTagManagerTest, locations = '{}', classes = '{class org.waldreg.reward.tag.DefaultRewardTagManager, class org.waldreg.reward.tag.lib.TagExceedClipper}', contextInitializerClasses = '[]', activeProfiles = '{}', propertySourceLocations = '{}', propertySourceProperties = '{}', contextCustomizers = set[org.springframework.boot.test.autoconfigure.actuate.metrics.MetricsExportContextCustomizerFactory$DisableMetricExportContextCustomizer@3688eb5b, org.springframework.boot.test.autoconfigure.properties.PropertyMappingContextCustomizer@0, org.springframework.boot.test.autoconfigure.web.servlet.WebDriverContextCustomizerFactory$Customizer@6d167f58, org.springframework.boot.test.context.filter.ExcludeFilterContextCustomizer@19c65cdc, org.springframework.boot.test.json.DuplicateJsonObjectContextCustomizerFactory$DuplicateJsonObjectContextCustomizer@1fb669c3, org.springframework.boot.test.mock.mockito.MockitoContextCustomizer@a93cb12e], contextLoader = 'org.springframework.test.context.support.DelegatingSmartContextLoader', parent = [null]], attributes = map['org.springframework.test.context.event.ApplicationEventsTestExecutionListener.recordApplicationEvents' -> false]], class annotated with @DirtiesContext [false] with mode [null], method annotated with @DirtiesContext [false] with mode [null].
23:51:43.354 [Test worker] DEBUG org.springframework.test.context.cache.DefaultCacheAwareContextLoaderDelegate - Retrieved ApplicationContext [443290224] from cache with key [[MergedContextConfiguration@52c3cb31 testClass = RewardTagManagerTest, locations = '{}', classes = '{class org.waldreg.reward.tag.DefaultRewardTagManager, class org.waldreg.reward.tag.lib.TagExceedClipper}', contextInitializerClasses = '[]', activeProfiles = '{}', propertySourceLocations = '{}', propertySourceProperties = '{}', contextCustomizers = set[org.springframework.boot.test.autoconfigure.actuate.metrics.MetricsExportContextCustomizerFactory$DisableMetricExportContextCustomizer@3688eb5b, org.springframework.boot.test.autoconfigure.properties.PropertyMappingContextCustomizer@0, org.springframework.boot.test.autoconfigure.web.servlet.WebDriverContextCustomizerFactory$Customizer@6d167f58, org.springframework.boot.test.context.filter.ExcludeFilterContextCustomizer@19c65cdc, org.springframework.boot.test.json.DuplicateJsonObjectContextCustomizerFactory$DuplicateJsonObjectContextCustomizer@1fb669c3, org.springframework.boot.test.mock.mockito.MockitoContextCustomizer@a93cb12e], contextLoader = 'org.springframework.test.context.support.DelegatingSmartContextLoader', parent = [null]]]
23:51:43.354 [Test worker] DEBUG org.springframework.test.context.cache - Spring test ApplicationContext cache statistics: [DefaultContextCache@23b3aa8c size = 1, maxSize = 32, parentContextCount = 0, hitCount = 27, missCount = 1]
23:51:43.354 [Test worker] DEBUG org.springframework.test.context.cache.DefaultCacheAwareContextLoaderDelegate - Retrieved ApplicationContext [443290224] from cache with key [[MergedContextConfiguration@52c3cb31 testClass = RewardTagManagerTest, locations = '{}', classes = '{class org.waldreg.reward.tag.DefaultRewardTagManager, class org.waldreg.reward.tag.lib.TagExceedClipper}', contextInitializerClasses = '[]', activeProfiles = '{}', propertySourceLocations = '{}', propertySourceProperties = '{}', contextCustomizers = set[org.springframework.boot.test.autoconfigure.actuate.metrics.MetricsExportContextCustomizerFactory$DisableMetricExportContextCustomizer@3688eb5b, org.springframework.boot.test.autoconfigure.properties.PropertyMappingContextCustomizer@0, org.springframework.boot.test.autoconfigure.web.servlet.WebDriverContextCustomizerFactory$Customizer@6d167f58, org.springframework.boot.test.context.filter.ExcludeFilterContextCustomizer@19c65cdc, org.springframework.boot.test.json.DuplicateJsonObjectContextCustomizerFactory$DuplicateJsonObjectContextCustomizer@1fb669c3, org.springframework.boot.test.mock.mockito.MockitoContextCustomizer@a93cb12e], contextLoader = 'org.springframework.test.context.support.DelegatingSmartContextLoader', parent = [null]]]
23:51:43.354 [Test worker] DEBUG org.springframework.test.context.cache - Spring test ApplicationContext cache statistics: [DefaultContextCache@23b3aa8c size = 1, maxSize = 32, parentContextCount = 0, hitCount = 28, missCount = 1]
23:51:43.354 [Test worker] DEBUG org.springframework.test.context.cache.DefaultCacheAwareContextLoaderDelegate - Retrieved ApplicationContext [443290224] from cache with key [[MergedContextConfiguration@52c3cb31 testClass = RewardTagManagerTest, locations = '{}', classes = '{class org.waldreg.reward.tag.DefaultRewardTagManager, class org.waldreg.reward.tag.lib.TagExceedClipper}', contextInitializerClasses = '[]', activeProfiles = '{}', propertySourceLocations = '{}', propertySourceProperties = '{}', contextCustomizers = set[org.springframework.boot.test.autoconfigure.actuate.metrics.MetricsExportContextCustomizerFactory$DisableMetricExportContextCustomizer@3688eb5b, org.springframework.boot.test.autoconfigure.properties.PropertyMappingContextCustomizer@0, org.springframework.boot.test.autoconfigure.web.servlet.WebDriverContextCustomizerFactory$Customizer@6d167f58, org.springframework.boot.test.context.filter.ExcludeFilterContextCustomizer@19c65cdc, org.springframework.boot.test.json.DuplicateJsonObjectContextCustomizerFactory$DuplicateJsonObjectContextCustomizer@1fb669c3, org.springframework.boot.test.mock.mockito.MockitoContextCustomizer@a93cb12e], contextLoader = 'org.springframework.test.context.support.DelegatingSmartContextLoader', parent = [null]]]
23:51:43.354 [Test worker] DEBUG org.springframework.test.context.cache - Spring test ApplicationContext cache statistics: [DefaultContextCache@23b3aa8c size = 1, maxSize = 32, parentContextCount = 0, hitCount = 29, missCount = 1]
23:51:43.355 [Test worker] DEBUG org.springframework.test.context.cache.DefaultCacheAwareContextLoaderDelegate - Retrieved ApplicationContext [443290224] from cache with key [[MergedContextConfiguration@52c3cb31 testClass = RewardTagManagerTest, locations = '{}', classes = '{class org.waldreg.reward.tag.DefaultRewardTagManager, class org.waldreg.reward.tag.lib.TagExceedClipper}', contextInitializerClasses = '[]', activeProfiles = '{}', propertySourceLocations = '{}', propertySourceProperties = '{}', contextCustomizers = set[org.springframework.boot.test.autoconfigure.actuate.metrics.MetricsExportContextCustomizerFactory$DisableMetricExportContextCustomizer@3688eb5b, org.springframework.boot.test.autoconfigure.properties.PropertyMappingContextCustomizer@0, org.springframework.boot.test.autoconfigure.web.servlet.WebDriverContextCustomizerFactory$Customizer@6d167f58, org.springframework.boot.test.context.filter.ExcludeFilterContextCustomizer@19c65cdc, org.springframework.boot.test.json.DuplicateJsonObjectContextCustomizerFactory$DuplicateJsonObjectContextCustomizer@1fb669c3, org.springframework.boot.test.mock.mockito.MockitoContextCustomizer@a93cb12e], contextLoader = 'org.springframework.test.context.support.DelegatingSmartContextLoader', parent = [null]]]
23:51:43.355 [Test worker] DEBUG org.springframework.test.context.cache - Spring test ApplicationContext cache statistics: [DefaultContextCache@23b3aa8c size = 1, maxSize = 32, parentContextCount = 0, hitCount = 30, missCount = 1]
23:51:43.356 [Test worker] DEBUG org.springframework.test.context.cache.DefaultCacheAwareContextLoaderDelegate - Retrieved ApplicationContext [443290224] from cache with key [[MergedContextConfiguration@52c3cb31 testClass = RewardTagManagerTest, locations = '{}', classes = '{class org.waldreg.reward.tag.DefaultRewardTagManager, class org.waldreg.reward.tag.lib.TagExceedClipper}', contextInitializerClasses = '[]', activeProfiles = '{}', propertySourceLocations = '{}', propertySourceProperties = '{}', contextCustomizers = set[org.springframework.boot.test.autoconfigure.actuate.metrics.MetricsExportContextCustomizerFactory$DisableMetricExportContextCustomizer@3688eb5b, org.springframework.boot.test.autoconfigure.properties.PropertyMappingContextCustomizer@0, org.springframework.boot.test.autoconfigure.web.servlet.WebDriverContextCustomizerFactory$Customizer@6d167f58, org.springframework.boot.test.context.filter.ExcludeFilterContextCustomizer@19c65cdc, org.springframework.boot.test.json.DuplicateJsonObjectContextCustomizerFactory$DuplicateJsonObjectContextCustomizer@1fb669c3, org.springframework.boot.test.mock.mockito.MockitoContextCustomizer@a93cb12e], contextLoader = 'org.springframework.test.context.support.DelegatingSmartContextLoader', parent = [null]]]
23:51:43.356 [Test worker] DEBUG org.springframework.test.context.cache - Spring test ApplicationContext cache statistics: [DefaultContextCache@23b3aa8c size = 1, maxSize = 32, parentContextCount = 0, hitCount = 31, missCount = 1]
23:51:43.356 [Test worker] DEBUG org.springframework.test.context.cache.DefaultCacheAwareContextLoaderDelegate - Retrieved ApplicationContext [443290224] from cache with key [[MergedContextConfiguration@52c3cb31 testClass = RewardTagManagerTest, locations = '{}', classes = '{class org.waldreg.reward.tag.DefaultRewardTagManager, class org.waldreg.reward.tag.lib.TagExceedClipper}', contextInitializerClasses = '[]', activeProfiles = '{}', propertySourceLocations = '{}', propertySourceProperties = '{}', contextCustomizers = set[org.springframework.boot.test.autoconfigure.actuate.metrics.MetricsExportContextCustomizerFactory$DisableMetricExportContextCustomizer@3688eb5b, org.springframework.boot.test.autoconfigure.properties.PropertyMappingContextCustomizer@0, org.springframework.boot.test.autoconfigure.web.servlet.WebDriverContextCustomizerFactory$Customizer@6d167f58, org.springframework.boot.test.context.filter.ExcludeFilterContextCustomizer@19c65cdc, org.springframework.boot.test.json.DuplicateJsonObjectContextCustomizerFactory$DuplicateJsonObjectContextCustomizer@1fb669c3, org.springframework.boot.test.mock.mockito.MockitoContextCustomizer@a93cb12e], contextLoader = 'org.springframework.test.context.support.DelegatingSmartContextLoader', parent = [null]]]
23:51:43.356 [Test worker] DEBUG org.springframework.test.context.cache - Spring test ApplicationContext cache statistics: [DefaultContextCache@23b3aa8c size = 1, maxSize = 32, parentContextCount = 0, hitCount = 32, missCount = 1]
23:51:43.356 [Test worker] DEBUG org.springframework.test.context.cache.DefaultCacheAwareContextLoaderDelegate - Retrieved ApplicationContext [443290224] from cache with key [[MergedContextConfiguration@52c3cb31 testClass = RewardTagManagerTest, locations = '{}', classes = '{class org.waldreg.reward.tag.DefaultRewardTagManager, class org.waldreg.reward.tag.lib.TagExceedClipper}', contextInitializerClasses = '[]', activeProfiles = '{}', propertySourceLocations = '{}', propertySourceProperties = '{}', contextCustomizers = set[org.springframework.boot.test.autoconfigure.actuate.metrics.MetricsExportContextCustomizerFactory$DisableMetricExportContextCustomizer@3688eb5b, org.springframework.boot.test.autoconfigure.properties.PropertyMappingContextCustomizer@0, org.springframework.boot.test.autoconfigure.web.servlet.WebDriverContextCustomizerFactory$Customizer@6d167f58, org.springframework.boot.test.context.filter.ExcludeFilterContextCustomizer@19c65cdc, org.springframework.boot.test.json.DuplicateJsonObjectContextCustomizerFactory$DuplicateJsonObjectContextCustomizer@1fb669c3, org.springframework.boot.test.mock.mockito.MockitoContextCustomizer@a93cb12e], contextLoader = 'org.springframework.test.context.support.DelegatingSmartContextLoader', parent = [null]]]
23:51:43.356 [Test worker] DEBUG org.springframework.test.context.cache - Spring test ApplicationContext cache statistics: [DefaultContextCache@23b3aa8c size = 1, maxSize = 32, parentContextCount = 0, hitCount = 33, missCount = 1]
23:51:43.356 [Test worker] DEBUG org.springframework.test.context.cache.DefaultCacheAwareContextLoaderDelegate - Retrieved ApplicationContext [443290224] from cache with key [[MergedContextConfiguration@52c3cb31 testClass = RewardTagManagerTest, locations = '{}', classes = '{class org.waldreg.reward.tag.DefaultRewardTagManager, class org.waldreg.reward.tag.lib.TagExceedClipper}', contextInitializerClasses = '[]', activeProfiles = '{}', propertySourceLocations = '{}', propertySourceProperties = '{}', contextCustomizers = set[org.springframework.boot.test.autoconfigure.actuate.metrics.MetricsExportContextCustomizerFactory$DisableMetricExportContextCustomizer@3688eb5b, org.springframework.boot.test.autoconfigure.properties.PropertyMappingContextCustomizer@0, org.springframework.boot.test.autoconfigure.web.servlet.WebDriverContextCustomizerFactory$Customizer@6d167f58, org.springframework.boot.test.context.filter.ExcludeFilterContextCustomizer@19c65cdc, org.springframework.boot.test.json.DuplicateJsonObjectContextCustomizerFactory$DuplicateJsonObjectContextCustomizer@1fb669c3, org.springframework.boot.test.mock.mockito.MockitoContextCustomizer@a93cb12e], contextLoader = 'org.springframework.test.context.support.DelegatingSmartContextLoader', parent = [null]]]
23:51:43.356 [Test worker] DEBUG org.springframework.test.context.cache - Spring test ApplicationContext cache statistics: [DefaultContextCache@23b3aa8c size = 1, maxSize = 32, parentContextCount = 0, hitCount = 34, missCount = 1]
23:51:43.356 [Test worker] DEBUG org.springframework.test.context.cache.DefaultCacheAwareContextLoaderDelegate - Retrieved ApplicationContext [443290224] from cache with key [[MergedContextConfiguration@52c3cb31 testClass = RewardTagManagerTest, locations = '{}', classes = '{class org.waldreg.reward.tag.DefaultRewardTagManager, class org.waldreg.reward.tag.lib.TagExceedClipper}', contextInitializerClasses = '[]', activeProfiles = '{}', propertySourceLocations = '{}', propertySourceProperties = '{}', contextCustomizers = set[org.springframework.boot.test.autoconfigure.actuate.metrics.MetricsExportContextCustomizerFactory$DisableMetricExportContextCustomizer@3688eb5b, org.springframework.boot.test.autoconfigure.properties.PropertyMappingContextCustomizer@0, org.springframework.boot.test.autoconfigure.web.servlet.WebDriverContextCustomizerFactory$Customizer@6d167f58, org.springframework.boot.test.context.filter.ExcludeFilterContextCustomizer@19c65cdc, org.springframework.boot.test.json.DuplicateJsonObjectContextCustomizerFactory$DuplicateJsonObjectContextCustomizer@1fb669c3, org.springframework.boot.test.mock.mockito.MockitoContextCustomizer@a93cb12e], contextLoader = 'org.springframework.test.context.support.DelegatingSmartContextLoader', parent = [null]]]
23:51:43.356 [Test worker] DEBUG org.springframework.test.context.cache - Spring test ApplicationContext cache statistics: [DefaultContextCache@23b3aa8c size = 1, maxSize = 32, parentContextCount = 0, hitCount = 35, missCount = 1]
23:51:43.356 [Test worker] DEBUG org.springframework.test.context.support.AbstractDirtiesContextTestExecutionListener - After test method: context [DefaultTestContext@19e4fcac testClass = RewardTagManagerTest, testInstance = org.waldreg.reward.tag.RewardTagManagerTest@28e19366, testMethod = DELETE_REWARD_TAG_FAIL_UNKNOWN_REWARD_TAG_TEST@RewardTagManagerTest, testException = [null], mergedContextConfiguration = [MergedContextConfiguration@52c3cb31 testClass = RewardTagManagerTest, locations = '{}', classes = '{class org.waldreg.reward.tag.DefaultRewardTagManager, class org.waldreg.reward.tag.lib.TagExceedClipper}', contextInitializerClasses = '[]', activeProfiles = '{}', propertySourceLocations = '{}', propertySourceProperties = '{}', contextCustomizers = set[org.springframework.boot.test.autoconfigure.actuate.metrics.MetricsExportContextCustomizerFactory$DisableMetricExportContextCustomizer@3688eb5b, org.springframework.boot.test.autoconfigure.properties.PropertyMappingContextCustomizer@0, org.springframework.boot.test.autoconfigure.web.servlet.WebDriverContextCustomizerFactory$Customizer@6d167f58, org.springframework.boot.test.context.filter.ExcludeFilterContextCustomizer@19c65cdc, org.springframework.boot.test.json.DuplicateJsonObjectContextCustomizerFactory$DuplicateJsonObjectContextCustomizer@1fb669c3, org.springframework.boot.test.mock.mockito.MockitoContextCustomizer@a93cb12e], contextLoader = 'org.springframework.test.context.support.DelegatingSmartContextLoader', parent = [null]], attributes = map['org.springframework.test.context.event.ApplicationEventsTestExecutionListener.recordApplicationEvents' -> false]], class annotated with @DirtiesContext [false] with mode [null], method annotated with @DirtiesContext [false] with mode [null].
23:51:43.357 [Test worker] DEBUG org.springframework.test.context.cache.DefaultCacheAwareContextLoaderDelegate - Retrieved ApplicationContext [443290224] from cache with key [[MergedContextConfiguration@52c3cb31 testClass = RewardTagManagerTest, locations = '{}', classes = '{class org.waldreg.reward.tag.DefaultRewardTagManager, class org.waldreg.reward.tag.lib.TagExceedClipper}', contextInitializerClasses = '[]', activeProfiles = '{}', propertySourceLocations = '{}', propertySourceProperties = '{}', contextCustomizers = set[org.springframework.boot.test.autoconfigure.actuate.metrics.MetricsExportContextCustomizerFactory$DisableMetricExportContextCustomizer@3688eb5b, org.springframework.boot.test.autoconfigure.properties.PropertyMappingContextCustomizer@0, org.springframework.boot.test.autoconfigure.web.servlet.WebDriverContextCustomizerFactory$Customizer@6d167f58, org.springframework.boot.test.context.filter.ExcludeFilterContextCustomizer@19c65cdc, org.springframework.boot.test.json.DuplicateJsonObjectContextCustomizerFactory$DuplicateJsonObjectContextCustomizer@1fb669c3, org.springframework.boot.test.mock.mockito.MockitoContextCustomizer@a93cb12e], contextLoader = 'org.springframework.test.context.support.DelegatingSmartContextLoader', parent = [null]]]
23:51:43.357 [Test worker] DEBUG org.springframework.test.context.cache - Spring test ApplicationContext cache statistics: [DefaultContextCache@23b3aa8c size = 1, maxSize = 32, parentContextCount = 0, hitCount = 36, missCount = 1]
23:51:43.357 [Test worker] DEBUG org.springframework.test.context.support.DependencyInjectionTestExecutionListener - Performing dependency injection for test context [[DefaultTestContext@19e4fcac testClass = RewardTagManagerTest, testInstance = org.waldreg.reward.tag.RewardTagManagerTest@6c575325, testMethod = [null], testException = [null], mergedContextConfiguration = [MergedContextConfiguration@52c3cb31 testClass = RewardTagManagerTest, locations = '{}', classes = '{class org.waldreg.reward.tag.DefaultRewardTagManager, class org.waldreg.reward.tag.lib.TagExceedClipper}', contextInitializerClasses = '[]', activeProfiles = '{}', propertySourceLocations = '{}', propertySourceProperties = '{}', contextCustomizers = set[org.springframework.boot.test.autoconfigure.actuate.metrics.MetricsExportContextCustomizerFactory$DisableMetricExportContextCustomizer@3688eb5b, org.springframework.boot.test.autoconfigure.properties.PropertyMappingContextCustomizer@0, org.springframework.boot.test.autoconfigure.web.servlet.WebDriverContextCustomizerFactory$Customizer@6d167f58, org.springframework.boot.test.context.filter.ExcludeFilterContextCustomizer@19c65cdc, org.springframework.boot.test.json.DuplicateJsonObjectContextCustomizerFactory$DuplicateJsonObjectContextCustomizer@1fb669c3, org.springframework.boot.test.mock.mockito.MockitoContextCustomizer@a93cb12e], contextLoader = 'org.springframework.test.context.support.DelegatingSmartContextLoader', parent = [null]], attributes = map['org.springframework.test.context.event.ApplicationEventsTestExecutionListener.recordApplicationEvents' -> false]]].
23:51:43.357 [Test worker] DEBUG org.springframework.test.context.cache.DefaultCacheAwareContextLoaderDelegate - Retrieved ApplicationContext [443290224] from cache with key [[MergedContextConfiguration@52c3cb31 testClass = RewardTagManagerTest, locations = '{}', classes = '{class org.waldreg.reward.tag.DefaultRewardTagManager, class org.waldreg.reward.tag.lib.TagExceedClipper}', contextInitializerClasses = '[]', activeProfiles = '{}', propertySourceLocations = '{}', propertySourceProperties = '{}', contextCustomizers = set[org.springframework.boot.test.autoconfigure.actuate.metrics.MetricsExportContextCustomizerFactory$DisableMetricExportContextCustomizer@3688eb5b, org.springframework.boot.test.autoconfigure.properties.PropertyMappingContextCustomizer@0, org.springframework.boot.test.autoconfigure.web.servlet.WebDriverContextCustomizerFactory$Customizer@6d167f58, org.springframework.boot.test.context.filter.ExcludeFilterContextCustomizer@19c65cdc, org.springframework.boot.test.json.DuplicateJsonObjectContextCustomizerFactory$DuplicateJsonObjectContextCustomizer@1fb669c3, org.springframework.boot.test.mock.mockito.MockitoContextCustomizer@a93cb12e], contextLoader = 'org.springframework.test.context.support.DelegatingSmartContextLoader', parent = [null]]]
23:51:43.357 [Test worker] DEBUG org.springframework.test.context.cache - Spring test ApplicationContext cache statistics: [DefaultContextCache@23b3aa8c size = 1, maxSize = 32, parentContextCount = 0, hitCount = 37, missCount = 1]
23:51:43.357 [Test worker] DEBUG org.springframework.test.context.cache.DefaultCacheAwareContextLoaderDelegate - Retrieved ApplicationContext [443290224] from cache with key [[MergedContextConfiguration@52c3cb31 testClass = RewardTagManagerTest, locations = '{}', classes = '{class org.waldreg.reward.tag.DefaultRewardTagManager, class org.waldreg.reward.tag.lib.TagExceedClipper}', contextInitializerClasses = '[]', activeProfiles = '{}', propertySourceLocations = '{}', propertySourceProperties = '{}', contextCustomizers = set[org.springframework.boot.test.autoconfigure.actuate.metrics.MetricsExportContextCustomizerFactory$DisableMetricExportContextCustomizer@3688eb5b, org.springframework.boot.test.autoconfigure.properties.PropertyMappingContextCustomizer@0, org.springframework.boot.test.autoconfigure.web.servlet.WebDriverContextCustomizerFactory$Customizer@6d167f58, org.springframework.boot.test.context.filter.ExcludeFilterContextCustomizer@19c65cdc, org.springframework.boot.test.json.DuplicateJsonObjectContextCustomizerFactory$DuplicateJsonObjectContextCustomizer@1fb669c3, org.springframework.boot.test.mock.mockito.MockitoContextCustomizer@a93cb12e], contextLoader = 'org.springframework.test.context.support.DelegatingSmartContextLoader', parent = [null]]]
23:51:43.357 [Test worker] DEBUG org.springframework.test.context.cache - Spring test ApplicationContext cache statistics: [DefaultContextCache@23b3aa8c size = 1, maxSize = 32, parentContextCount = 0, hitCount = 38, missCount = 1]
23:51:43.357 [Test worker] DEBUG org.springframework.test.context.support.AbstractDirtiesContextTestExecutionListener - Before test method: context [DefaultTestContext@19e4fcac testClass = RewardTagManagerTest, testInstance = org.waldreg.reward.tag.RewardTagManagerTest@6c575325, testMethod = UPDATE_REWARD_TAG_SUCCESS_TEST@RewardTagManagerTest, testException = [null], mergedContextConfiguration = [MergedContextConfiguration@52c3cb31 testClass = RewardTagManagerTest, locations = '{}', classes = '{class org.waldreg.reward.tag.DefaultRewardTagManager, class org.waldreg.reward.tag.lib.TagExceedClipper}', contextInitializerClasses = '[]', activeProfiles = '{}', propertySourceLocations = '{}', propertySourceProperties = '{}', contextCustomizers = set[org.springframework.boot.test.autoconfigure.actuate.metrics.MetricsExportContextCustomizerFactory$DisableMetricExportContextCustomizer@3688eb5b, org.springframework.boot.test.autoconfigure.properties.PropertyMappingContextCustomizer@0, org.springframework.boot.test.autoconfigure.web.servlet.WebDriverContextCustomizerFactory$Customizer@6d167f58, org.springframework.boot.test.context.filter.ExcludeFilterContextCustomizer@19c65cdc, org.springframework.boot.test.json.DuplicateJsonObjectContextCustomizerFactory$DuplicateJsonObjectContextCustomizer@1fb669c3, org.springframework.boot.test.mock.mockito.MockitoContextCustomizer@a93cb12e], contextLoader = 'org.springframework.test.context.support.DelegatingSmartContextLoader', parent = [null]], attributes = map['org.springframework.test.context.event.ApplicationEventsTestExecutionListener.recordApplicationEvents' -> false]], class annotated with @DirtiesContext [false] with mode [null], method annotated with @DirtiesContext [false] with mode [null].
23:51:43.357 [Test worker] DEBUG org.springframework.test.context.cache.DefaultCacheAwareContextLoaderDelegate - Retrieved ApplicationContext [443290224] from cache with key [[MergedContextConfiguration@52c3cb31 testClass = RewardTagManagerTest, locations = '{}', classes = '{class org.waldreg.reward.tag.DefaultRewardTagManager, class org.waldreg.reward.tag.lib.TagExceedClipper}', contextInitializerClasses = '[]', activeProfiles = '{}', propertySourceLocations = '{}', propertySourceProperties = '{}', contextCustomizers = set[org.springframework.boot.test.autoconfigure.actuate.metrics.MetricsExportContextCustomizerFactory$DisableMetricExportContextCustomizer@3688eb5b, org.springframework.boot.test.autoconfigure.properties.PropertyMappingContextCustomizer@0, org.springframework.boot.test.autoconfigure.web.servlet.WebDriverContextCustomizerFactory$Customizer@6d167f58, org.springframework.boot.test.context.filter.ExcludeFilterContextCustomizer@19c65cdc, org.springframework.boot.test.json.DuplicateJsonObjectContextCustomizerFactory$DuplicateJsonObjectContextCustomizer@1fb669c3, org.springframework.boot.test.mock.mockito.MockitoContextCustomizer@a93cb12e], contextLoader = 'org.springframework.test.context.support.DelegatingSmartContextLoader', parent = [null]]]
23:51:43.357 [Test worker] DEBUG org.springframework.test.context.cache - Spring test ApplicationContext cache statistics: [DefaultContextCache@23b3aa8c size = 1, maxSize = 32, parentContextCount = 0, hitCount = 39, missCount = 1]
23:51:43.358 [Test worker] DEBUG org.springframework.test.context.cache.DefaultCacheAwareContextLoaderDelegate - Retrieved ApplicationContext [443290224] from cache with key [[MergedContextConfiguration@52c3cb31 testClass = RewardTagManagerTest, locations = '{}', classes = '{class org.waldreg.reward.tag.DefaultRewardTagManager, class org.waldreg.reward.tag.lib.TagExceedClipper}', contextInitializerClasses = '[]', activeProfiles = '{}', propertySourceLocations = '{}', propertySourceProperties = '{}', contextCustomizers = set[org.springframework.boot.test.autoconfigure.actuate.metrics.MetricsExportContextCustomizerFactory$DisableMetricExportContextCustomizer@3688eb5b, org.springframework.boot.test.autoconfigure.properties.PropertyMappingContextCustomizer@0, org.springframework.boot.test.autoconfigure.web.servlet.WebDriverContextCustomizerFactory$Customizer@6d167f58, org.springframework.boot.test.context.filter.ExcludeFilterContextCustomizer@19c65cdc, org.springframework.boot.test.json.DuplicateJsonObjectContextCustomizerFactory$DuplicateJsonObjectContextCustomizer@1fb669c3, org.springframework.boot.test.mock.mockito.MockitoContextCustomizer@a93cb12e], contextLoader = 'org.springframework.test.context.support.DelegatingSmartContextLoader', parent = [null]]]
23:51:43.358 [Test worker] DEBUG org.springframework.test.context.cache - Spring test ApplicationContext cache statistics: [DefaultContextCache@23b3aa8c size = 1, maxSize = 32, parentContextCount = 0, hitCount = 40, missCount = 1]
23:51:43.358 [Test worker] DEBUG org.springframework.test.context.cache.DefaultCacheAwareContextLoaderDelegate - Retrieved ApplicationContext [443290224] from cache with key [[MergedContextConfiguration@52c3cb31 testClass = RewardTagManagerTest, locations = '{}', classes = '{class org.waldreg.reward.tag.DefaultRewardTagManager, class org.waldreg.reward.tag.lib.TagExceedClipper}', contextInitializerClasses = '[]', activeProfiles = '{}', propertySourceLocations = '{}', propertySourceProperties = '{}', contextCustomizers = set[org.springframework.boot.test.autoconfigure.actuate.metrics.MetricsExportContextCustomizerFactory$DisableMetricExportContextCustomizer@3688eb5b, org.springframework.boot.test.autoconfigure.properties.PropertyMappingContextCustomizer@0, org.springframework.boot.test.autoconfigure.web.servlet.WebDriverContextCustomizerFactory$Customizer@6d167f58, org.springframework.boot.test.context.filter.ExcludeFilterContextCustomizer@19c65cdc, org.springframework.boot.test.json.DuplicateJsonObjectContextCustomizerFactory$DuplicateJsonObjectContextCustomizer@1fb669c3, org.springframework.boot.test.mock.mockito.MockitoContextCustomizer@a93cb12e], contextLoader = 'org.springframework.test.context.support.DelegatingSmartContextLoader', parent = [null]]]
23:51:43.358 [Test worker] DEBUG org.springframework.test.context.cache - Spring test ApplicationContext cache statistics: [DefaultContextCache@23b3aa8c size = 1, maxSize = 32, parentContextCount = 0, hitCount = 41, missCount = 1]
23:51:43.358 [Test worker] DEBUG org.springframework.test.context.cache.DefaultCacheAwareContextLoaderDelegate - Retrieved ApplicationContext [443290224] from cache with key [[MergedContextConfiguration@52c3cb31 testClass = RewardTagManagerTest, locations = '{}', classes = '{class org.waldreg.reward.tag.DefaultRewardTagManager, class org.waldreg.reward.tag.lib.TagExceedClipper}', contextInitializerClasses = '[]', activeProfiles = '{}', propertySourceLocations = '{}', propertySourceProperties = '{}', contextCustomizers = set[org.springframework.boot.test.autoconfigure.actuate.metrics.MetricsExportContextCustomizerFactory$DisableMetricExportContextCustomizer@3688eb5b, org.springframework.boot.test.autoconfigure.properties.PropertyMappingContextCustomizer@0, org.springframework.boot.test.autoconfigure.web.servlet.WebDriverContextCustomizerFactory$Customizer@6d167f58, org.springframework.boot.test.context.filter.ExcludeFilterContextCustomizer@19c65cdc, org.springframework.boot.test.json.DuplicateJsonObjectContextCustomizerFactory$DuplicateJsonObjectContextCustomizer@1fb669c3, org.springframework.boot.test.mock.mockito.MockitoContextCustomizer@a93cb12e], contextLoader = 'org.springframework.test.context.support.DelegatingSmartContextLoader', parent = [null]]]
23:51:43.358 [Test worker] DEBUG org.springframework.test.context.cache - Spring test ApplicationContext cache statistics: [DefaultContextCache@23b3aa8c size = 1, maxSize = 32, parentContextCount = 0, hitCount = 42, missCount = 1]
23:51:43.358 [Test worker] DEBUG org.springframework.test.context.cache.DefaultCacheAwareContextLoaderDelegate - Retrieved ApplicationContext [443290224] from cache with key [[MergedContextConfiguration@52c3cb31 testClass = RewardTagManagerTest, locations = '{}', classes = '{class org.waldreg.reward.tag.DefaultRewardTagManager, class org.waldreg.reward.tag.lib.TagExceedClipper}', contextInitializerClasses = '[]', activeProfiles = '{}', propertySourceLocations = '{}', propertySourceProperties = '{}', contextCustomizers = set[org.springframework.boot.test.autoconfigure.actuate.metrics.MetricsExportContextCustomizerFactory$DisableMetricExportContextCustomizer@3688eb5b, org.springframework.boot.test.autoconfigure.properties.PropertyMappingContextCustomizer@0, org.springframework.boot.test.autoconfigure.web.servlet.WebDriverContextCustomizerFactory$Customizer@6d167f58, org.springframework.boot.test.context.filter.ExcludeFilterContextCustomizer@19c65cdc, org.springframework.boot.test.json.DuplicateJsonObjectContextCustomizerFactory$DuplicateJsonObjectContextCustomizer@1fb669c3, org.springframework.boot.test.mock.mockito.MockitoContextCustomizer@a93cb12e], contextLoader = 'org.springframework.test.context.support.DelegatingSmartContextLoader', parent = [null]]]
23:51:43.358 [Test worker] DEBUG org.springframework.test.context.cache - Spring test ApplicationContext cache statistics: [DefaultContextCache@23b3aa8c size = 1, maxSize = 32, parentContextCount = 0, hitCount = 43, missCount = 1]
23:51:43.358 [Test worker] DEBUG org.springframework.test.context.cache.DefaultCacheAwareContextLoaderDelegate - Retrieved ApplicationContext [443290224] from cache with key [[MergedContextConfiguration@52c3cb31 testClass = RewardTagManagerTest, locations = '{}', classes = '{class org.waldreg.reward.tag.DefaultRewardTagManager, class org.waldreg.reward.tag.lib.TagExceedClipper}', contextInitializerClasses = '[]', activeProfiles = '{}', propertySourceLocations = '{}', propertySourceProperties = '{}', contextCustomizers = set[org.springframework.boot.test.autoconfigure.actuate.metrics.MetricsExportContextCustomizerFactory$DisableMetricExportContextCustomizer@3688eb5b, org.springframework.boot.test.autoconfigure.properties.PropertyMappingContextCustomizer@0, org.springframework.boot.test.autoconfigure.web.servlet.WebDriverContextCustomizerFactory$Customizer@6d167f58, org.springframework.boot.test.context.filter.ExcludeFilterContextCustomizer@19c65cdc, org.springframework.boot.test.json.DuplicateJsonObjectContextCustomizerFactory$DuplicateJsonObjectContextCustomizer@1fb669c3, org.springframework.boot.test.mock.mockito.MockitoContextCustomizer@a93cb12e], contextLoader = 'org.springframework.test.context.support.DelegatingSmartContextLoader', parent = [null]]]
23:51:43.359 [Test worker] DEBUG org.springframework.test.context.cache - Spring test ApplicationContext cache statistics: [DefaultContextCache@23b3aa8c size = 1, maxSize = 32, parentContextCount = 0, hitCount = 44, missCount = 1]
23:51:43.359 [Test worker] DEBUG org.springframework.test.context.cache.DefaultCacheAwareContextLoaderDelegate - Retrieved ApplicationContext [443290224] from cache with key [[MergedContextConfiguration@52c3cb31 testClass = RewardTagManagerTest, locations = '{}', classes = '{class org.waldreg.reward.tag.DefaultRewardTagManager, class org.waldreg.reward.tag.lib.TagExceedClipper}', contextInitializerClasses = '[]', activeProfiles = '{}', propertySourceLocations = '{}', propertySourceProperties = '{}', contextCustomizers = set[org.springframework.boot.test.autoconfigure.actuate.metrics.MetricsExportContextCustomizerFactory$DisableMetricExportContextCustomizer@3688eb5b, org.springframework.boot.test.autoconfigure.properties.PropertyMappingContextCustomizer@0, org.springframework.boot.test.autoconfigure.web.servlet.WebDriverContextCustomizerFactory$Customizer@6d167f58, org.springframework.boot.test.context.filter.ExcludeFilterContextCustomizer@19c65cdc, org.springframework.boot.test.json.DuplicateJsonObjectContextCustomizerFactory$DuplicateJsonObjectContextCustomizer@1fb669c3, org.springframework.boot.test.mock.mockito.MockitoContextCustomizer@a93cb12e], contextLoader = 'org.springframework.test.context.support.DelegatingSmartContextLoader', parent = [null]]]
23:51:43.359 [Test worker] DEBUG org.springframework.test.context.cache - Spring test ApplicationContext cache statistics: [DefaultContextCache@23b3aa8c size = 1, maxSize = 32, parentContextCount = 0, hitCount = 45, missCount = 1]
23:51:43.359 [Test worker] DEBUG org.springframework.test.context.cache.DefaultCacheAwareContextLoaderDelegate - Retrieved ApplicationContext [443290224] from cache with key [[MergedContextConfiguration@52c3cb31 testClass = RewardTagManagerTest, locations = '{}', classes = '{class org.waldreg.reward.tag.DefaultRewardTagManager, class org.waldreg.reward.tag.lib.TagExceedClipper}', contextInitializerClasses = '[]', activeProfiles = '{}', propertySourceLocations = '{}', propertySourceProperties = '{}', contextCustomizers = set[org.springframework.boot.test.autoconfigure.actuate.metrics.MetricsExportContextCustomizerFactory$DisableMetricExportContextCustomizer@3688eb5b, org.springframework.boot.test.autoconfigure.properties.PropertyMappingContextCustomizer@0, org.springframework.boot.test.autoconfigure.web.servlet.WebDriverContextCustomizerFactory$Customizer@6d167f58, org.springframework.boot.test.context.filter.ExcludeFilterContextCustomizer@19c65cdc, org.springframework.boot.test.json.DuplicateJsonObjectContextCustomizerFactory$DuplicateJsonObjectContextCustomizer@1fb669c3, org.springframework.boot.test.mock.mockito.MockitoContextCustomizer@a93cb12e], contextLoader = 'org.springframework.test.context.support.DelegatingSmartContextLoader', parent = [null]]]
23:51:43.359 [Test worker] DEBUG org.springframework.test.context.cache - Spring test ApplicationContext cache statistics: [DefaultContextCache@23b3aa8c size = 1, maxSize = 32, parentContextCount = 0, hitCount = 46, missCount = 1]
23:51:43.359 [Test worker] DEBUG org.springframework.test.context.cache.DefaultCacheAwareContextLoaderDelegate - Retrieved ApplicationContext [443290224] from cache with key [[MergedContextConfiguration@52c3cb31 testClass = RewardTagManagerTest, locations = '{}', classes = '{class org.waldreg.reward.tag.DefaultRewardTagManager, class org.waldreg.reward.tag.lib.TagExceedClipper}', contextInitializerClasses = '[]', activeProfiles = '{}', propertySourceLocations = '{}', propertySourceProperties = '{}', contextCustomizers = set[org.springframework.boot.test.autoconfigure.actuate.metrics.MetricsExportContextCustomizerFactory$DisableMetricExportContextCustomizer@3688eb5b, org.springframework.boot.test.autoconfigure.properties.PropertyMappingContextCustomizer@0, org.springframework.boot.test.autoconfigure.web.servlet.WebDriverContextCustomizerFactory$Customizer@6d167f58, org.springframework.boot.test.context.filter.ExcludeFilterContextCustomizer@19c65cdc, org.springframework.boot.test.json.DuplicateJsonObjectContextCustomizerFactory$DuplicateJsonObjectContextCustomizer@1fb669c3, org.springframework.boot.test.mock.mockito.MockitoContextCustomizer@a93cb12e], contextLoader = 'org.springframework.test.context.support.DelegatingSmartContextLoader', parent = [null]]]
23:51:43.359 [Test worker] DEBUG org.springframework.test.context.cache - Spring test ApplicationContext cache statistics: [DefaultContextCache@23b3aa8c size = 1, maxSize = 32, parentContextCount = 0, hitCount = 47, missCount = 1]
23:51:43.359 [Test worker] DEBUG org.springframework.test.context.support.AbstractDirtiesContextTestExecutionListener - After test method: context [DefaultTestContext@19e4fcac testClass = RewardTagManagerTest, testInstance = org.waldreg.reward.tag.RewardTagManagerTest@6c575325, testMethod = UPDATE_REWARD_TAG_SUCCESS_TEST@RewardTagManagerTest, testException = [null], mergedContextConfiguration = [MergedContextConfiguration@52c3cb31 testClass = RewardTagManagerTest, locations = '{}', classes = '{class org.waldreg.reward.tag.DefaultRewardTagManager, class org.waldreg.reward.tag.lib.TagExceedClipper}', contextInitializerClasses = '[]', activeProfiles = '{}', propertySourceLocations = '{}', propertySourceProperties = '{}', contextCustomizers = set[org.springframework.boot.test.autoconfigure.actuate.metrics.MetricsExportContextCustomizerFactory$DisableMetricExportContextCustomizer@3688eb5b, org.springframework.boot.test.autoconfigure.properties.PropertyMappingContextCustomizer@0, org.springframework.boot.test.autoconfigure.web.servlet.WebDriverContextCustomizerFactory$Customizer@6d167f58, org.springframework.boot.test.context.filter.ExcludeFilterContextCustomizer@19c65cdc, org.springframework.boot.test.json.DuplicateJsonObjectContextCustomizerFactory$DuplicateJsonObjectContextCustomizer@1fb669c3, org.springframework.boot.test.mock.mockito.MockitoContextCustomizer@a93cb12e], contextLoader = 'org.springframework.test.context.support.DelegatingSmartContextLoader', parent = [null]], attributes = map['org.springframework.test.context.event.ApplicationEventsTestExecutionListener.recordApplicationEvents' -> false]], class annotated with @DirtiesContext [false] with mode [null], method annotated with @DirtiesContext [false] with mode [null].
23:51:43.359 [Test worker] DEBUG org.springframework.test.context.cache.DefaultCacheAwareContextLoaderDelegate - Retrieved ApplicationContext [443290224] from cache with key [[MergedContextConfiguration@52c3cb31 testClass = RewardTagManagerTest, locations = '{}', classes = '{class org.waldreg.reward.tag.DefaultRewardTagManager, class org.waldreg.reward.tag.lib.TagExceedClipper}', contextInitializerClasses = '[]', activeProfiles = '{}', propertySourceLocations = '{}', propertySourceProperties = '{}', contextCustomizers = set[org.springframework.boot.test.autoconfigure.actuate.metrics.MetricsExportContextCustomizerFactory$DisableMetricExportContextCustomizer@3688eb5b, org.springframework.boot.test.autoconfigure.properties.PropertyMappingContextCustomizer@0, org.springframework.boot.test.autoconfigure.web.servlet.WebDriverContextCustomizerFactory$Customizer@6d167f58, org.springframework.boot.test.context.filter.ExcludeFilterContextCustomizer@19c65cdc, org.springframework.boot.test.json.DuplicateJsonObjectContextCustomizerFactory$DuplicateJsonObjectContextCustomizer@1fb669c3, org.springframework.boot.test.mock.mockito.MockitoContextCustomizer@a93cb12e], contextLoader = 'org.springframework.test.context.support.DelegatingSmartContextLoader', parent = [null]]]
23:51:43.359 [Test worker] DEBUG org.springframework.test.context.cache - Spring test ApplicationContext cache statistics: [DefaultContextCache@23b3aa8c size = 1, maxSize = 32, parentContextCount = 0, hitCount = 48, missCount = 1]
23:51:43.359 [Test worker] DEBUG org.springframework.test.context.support.DependencyInjectionTestExecutionListener - Performing dependency injection for test context [[DefaultTestContext@19e4fcac testClass = RewardTagManagerTest, testInstance = org.waldreg.reward.tag.RewardTagManagerTest@736309a9, testMethod = [null], testException = [null], mergedContextConfiguration = [MergedContextConfiguration@52c3cb31 testClass = RewardTagManagerTest, locations = '{}', classes = '{class org.waldreg.reward.tag.DefaultRewardTagManager, class org.waldreg.reward.tag.lib.TagExceedClipper}', contextInitializerClasses = '[]', activeProfiles = '{}', propertySourceLocations = '{}', propertySourceProperties = '{}', contextCustomizers = set[org.springframework.boot.test.autoconfigure.actuate.metrics.MetricsExportContextCustomizerFactory$DisableMetricExportContextCustomizer@3688eb5b, org.springframework.boot.test.autoconfigure.properties.PropertyMappingContextCustomizer@0, org.springframework.boot.test.autoconfigure.web.servlet.WebDriverContextCustomizerFactory$Customizer@6d167f58, org.springframework.boot.test.context.filter.ExcludeFilterContextCustomizer@19c65cdc, org.springframework.boot.test.json.DuplicateJsonObjectContextCustomizerFactory$DuplicateJsonObjectContextCustomizer@1fb669c3, org.springframework.boot.test.mock.mockito.MockitoContextCustomizer@a93cb12e], contextLoader = 'org.springframework.test.context.support.DelegatingSmartContextLoader', parent = [null]], attributes = map['org.springframework.test.context.event.ApplicationEventsTestExecutionListener.recordApplicationEvents' -> false]]].
23:51:43.359 [Test worker] DEBUG org.springframework.test.context.cache.DefaultCacheAwareContextLoaderDelegate - Retrieved ApplicationContext [443290224] from cache with key [[MergedContextConfiguration@52c3cb31 testClass = RewardTagManagerTest, locations = '{}', classes = '{class org.waldreg.reward.tag.DefaultRewardTagManager, class org.waldreg.reward.tag.lib.TagExceedClipper}', contextInitializerClasses = '[]', activeProfiles = '{}', propertySourceLocations = '{}', propertySourceProperties = '{}', contextCustomizers = set[org.springframework.boot.test.autoconfigure.actuate.metrics.MetricsExportContextCustomizerFactory$DisableMetricExportContextCustomizer@3688eb5b, org.springframework.boot.test.autoconfigure.properties.PropertyMappingContextCustomizer@0, org.springframework.boot.test.autoconfigure.web.servlet.WebDriverContextCustomizerFactory$Customizer@6d167f58, org.springframework.boot.test.context.filter.ExcludeFilterContextCustomizer@19c65cdc, org.springframework.boot.test.json.DuplicateJsonObjectContextCustomizerFactory$DuplicateJsonObjectContextCustomizer@1fb669c3, org.springframework.boot.test.mock.mockito.MockitoContextCustomizer@a93cb12e], contextLoader = 'org.springframework.test.context.support.DelegatingSmartContextLoader', parent = [null]]]
23:51:43.359 [Test worker] DEBUG org.springframework.test.context.cache - Spring test ApplicationContext cache statistics: [DefaultContextCache@23b3aa8c size = 1, maxSize = 32, parentContextCount = 0, hitCount = 49, missCount = 1]
23:51:43.360 [Test worker] DEBUG org.springframework.test.context.cache.DefaultCacheAwareContextLoaderDelegate - Retrieved ApplicationContext [443290224] from cache with key [[MergedContextConfiguration@52c3cb31 testClass = RewardTagManagerTest, locations = '{}', classes = '{class org.waldreg.reward.tag.DefaultRewardTagManager, class org.waldreg.reward.tag.lib.TagExceedClipper}', contextInitializerClasses = '[]', activeProfiles = '{}', propertySourceLocations = '{}', propertySourceProperties = '{}', contextCustomizers = set[org.springframework.boot.test.autoconfigure.actuate.metrics.MetricsExportContextCustomizerFactory$DisableMetricExportContextCustomizer@3688eb5b, org.springframework.boot.test.autoconfigure.properties.PropertyMappingContextCustomizer@0, org.springframework.boot.test.autoconfigure.web.servlet.WebDriverContextCustomizerFactory$Customizer@6d167f58, org.springframework.boot.test.context.filter.ExcludeFilterContextCustomizer@19c65cdc, org.springframework.boot.test.json.DuplicateJsonObjectContextCustomizerFactory$DuplicateJsonObjectContextCustomizer@1fb669c3, org.springframework.boot.test.mock.mockito.MockitoContextCustomizer@a93cb12e], contextLoader = 'org.springframework.test.context.support.DelegatingSmartContextLoader', parent = [null]]]
23:51:43.360 [Test worker] DEBUG org.springframework.test.context.cache - Spring test ApplicationContext cache statistics: [DefaultContextCache@23b3aa8c size = 1, maxSize = 32, parentContextCount = 0, hitCount = 50, missCount = 1]
23:51:43.360 [Test worker] DEBUG org.springframework.test.context.support.AbstractDirtiesContextTestExecutionListener - Before test method: context [DefaultTestContext@19e4fcac testClass = RewardTagManagerTest, testInstance = org.waldreg.reward.tag.RewardTagManagerTest@736309a9, testMethod = CREATE_NEW_REWARD_TAG_SUCCESS_TEST@RewardTagManagerTest, testException = [null], mergedContextConfiguration = [MergedContextConfiguration@52c3cb31 testClass = RewardTagManagerTest, locations = '{}', classes = '{class org.waldreg.reward.tag.DefaultRewardTagManager, class org.waldreg.reward.tag.lib.TagExceedClipper}', contextInitializerClasses = '[]', activeProfiles = '{}', propertySourceLocations = '{}', propertySourceProperties = '{}', contextCustomizers = set[org.springframework.boot.test.autoconfigure.actuate.metrics.MetricsExportContextCustomizerFactory$DisableMetricExportContextCustomizer@3688eb5b, org.springframework.boot.test.autoconfigure.properties.PropertyMappingContextCustomizer@0, org.springframework.boot.test.autoconfigure.web.servlet.WebDriverContextCustomizerFactory$Customizer@6d167f58, org.springframework.boot.test.context.filter.ExcludeFilterContextCustomizer@19c65cdc, org.springframework.boot.test.json.DuplicateJsonObjectContextCustomizerFactory$DuplicateJsonObjectContextCustomizer@1fb669c3, org.springframework.boot.test.mock.mockito.MockitoContextCustomizer@a93cb12e], contextLoader = 'org.springframework.test.context.support.DelegatingSmartContextLoader', parent = [null]], attributes = map['org.springframework.test.context.event.ApplicationEventsTestExecutionListener.recordApplicationEvents' -> false]], class annotated with @DirtiesContext [false] with mode [null], method annotated with @DirtiesContext [false] with mode [null].
23:51:43.360 [Test worker] DEBUG org.springframework.test.context.cache.DefaultCacheAwareContextLoaderDelegate - Retrieved ApplicationContext [443290224] from cache with key [[MergedContextConfiguration@52c3cb31 testClass = RewardTagManagerTest, locations = '{}', classes = '{class org.waldreg.reward.tag.DefaultRewardTagManager, class org.waldreg.reward.tag.lib.TagExceedClipper}', contextInitializerClasses = '[]', activeProfiles = '{}', propertySourceLocations = '{}', propertySourceProperties = '{}', contextCustomizers = set[org.springframework.boot.test.autoconfigure.actuate.metrics.MetricsExportContextCustomizerFactory$DisableMetricExportContextCustomizer@3688eb5b, org.springframework.boot.test.autoconfigure.properties.PropertyMappingContextCustomizer@0, org.springframework.boot.test.autoconfigure.web.servlet.WebDriverContextCustomizerFactory$Customizer@6d167f58, org.springframework.boot.test.context.filter.ExcludeFilterContextCustomizer@19c65cdc, org.springframework.boot.test.json.DuplicateJsonObjectContextCustomizerFactory$DuplicateJsonObjectContextCustomizer@1fb669c3, org.springframework.boot.test.mock.mockito.MockitoContextCustomizer@a93cb12e], contextLoader = 'org.springframework.test.context.support.DelegatingSmartContextLoader', parent = [null]]]
23:51:43.360 [Test worker] DEBUG org.springframework.test.context.cache - Spring test ApplicationContext cache statistics: [DefaultContextCache@23b3aa8c size = 1, maxSize = 32, parentContextCount = 0, hitCount = 51, missCount = 1]
23:51:43.360 [Test worker] DEBUG org.springframework.test.context.cache.DefaultCacheAwareContextLoaderDelegate - Retrieved ApplicationContext [443290224] from cache with key [[MergedContextConfiguration@52c3cb31 testClass = RewardTagManagerTest, locations = '{}', classes = '{class org.waldreg.reward.tag.DefaultRewardTagManager, class org.waldreg.reward.tag.lib.TagExceedClipper}', contextInitializerClasses = '[]', activeProfiles = '{}', propertySourceLocations = '{}', propertySourceProperties = '{}', contextCustomizers = set[org.springframework.boot.test.autoconfigure.actuate.metrics.MetricsExportContextCustomizerFactory$DisableMetricExportContextCustomizer@3688eb5b, org.springframework.boot.test.autoconfigure.properties.PropertyMappingContextCustomizer@0, org.springframework.boot.test.autoconfigure.web.servlet.WebDriverContextCustomizerFactory$Customizer@6d167f58, org.springframework.boot.test.context.filter.ExcludeFilterContextCustomizer@19c65cdc, org.springframework.boot.test.json.DuplicateJsonObjectContextCustomizerFactory$DuplicateJsonObjectContextCustomizer@1fb669c3, org.springframework.boot.test.mock.mockito.MockitoContextCustomizer@a93cb12e], contextLoader = 'org.springframework.test.context.support.DelegatingSmartContextLoader', parent = [null]]]
23:51:43.360 [Test worker] DEBUG org.springframework.test.context.cache - Spring test ApplicationContext cache statistics: [DefaultContextCache@23b3aa8c size = 1, maxSize = 32, parentContextCount = 0, hitCount = 52, missCount = 1]
23:51:43.360 [Test worker] DEBUG org.springframework.test.context.cache.DefaultCacheAwareContextLoaderDelegate - Retrieved ApplicationContext [443290224] from cache with key [[MergedContextConfiguration@52c3cb31 testClass = RewardTagManagerTest, locations = '{}', classes = '{class org.waldreg.reward.tag.DefaultRewardTagManager, class org.waldreg.reward.tag.lib.TagExceedClipper}', contextInitializerClasses = '[]', activeProfiles = '{}', propertySourceLocations = '{}', propertySourceProperties = '{}', contextCustomizers = set[org.springframework.boot.test.autoconfigure.actuate.metrics.MetricsExportContextCustomizerFactory$DisableMetricExportContextCustomizer@3688eb5b, org.springframework.boot.test.autoconfigure.properties.PropertyMappingContextCustomizer@0, org.springframework.boot.test.autoconfigure.web.servlet.WebDriverContextCustomizerFactory$Customizer@6d167f58, org.springframework.boot.test.context.filter.ExcludeFilterContextCustomizer@19c65cdc, org.springframework.boot.test.json.DuplicateJsonObjectContextCustomizerFactory$DuplicateJsonObjectContextCustomizer@1fb669c3, org.springframework.boot.test.mock.mockito.MockitoContextCustomizer@a93cb12e], contextLoader = 'org.springframework.test.context.support.DelegatingSmartContextLoader', parent = [null]]]
23:51:43.360 [Test worker] DEBUG org.springframework.test.context.cache - Spring test ApplicationContext cache statistics: [DefaultContextCache@23b3aa8c size = 1, maxSize = 32, parentContextCount = 0, hitCount = 53, missCount = 1]
23:51:43.361 [Test worker] DEBUG org.springframework.test.context.cache.DefaultCacheAwareContextLoaderDelegate - Retrieved ApplicationContext [443290224] from cache with key [[MergedContextConfiguration@52c3cb31 testClass = RewardTagManagerTest, locations = '{}', classes = '{class org.waldreg.reward.tag.DefaultRewardTagManager, class org.waldreg.reward.tag.lib.TagExceedClipper}', contextInitializerClasses = '[]', activeProfiles = '{}', propertySourceLocations = '{}', propertySourceProperties = '{}', contextCustomizers = set[org.springframework.boot.test.autoconfigure.actuate.metrics.MetricsExportContextCustomizerFactory$DisableMetricExportContextCustomizer@3688eb5b, org.springframework.boot.test.autoconfigure.properties.PropertyMappingContextCustomizer@0, org.springframework.boot.test.autoconfigure.web.servlet.WebDriverContextCustomizerFactory$Customizer@6d167f58, org.springframework.boot.test.context.filter.ExcludeFilterContextCustomizer@19c65cdc, org.springframework.boot.test.json.DuplicateJsonObjectContextCustomizerFactory$DuplicateJsonObjectContextCustomizer@1fb669c3, org.springframework.boot.test.mock.mockito.MockitoContextCustomizer@a93cb12e], contextLoader = 'org.springframework.test.context.support.DelegatingSmartContextLoader', parent = [null]]]
23:51:43.361 [Test worker] DEBUG org.springframework.test.context.cache - Spring test ApplicationContext cache statistics: [DefaultContextCache@23b3aa8c size = 1, maxSize = 32, parentContextCount = 0, hitCount = 54, missCount = 1]
23:51:43.361 [Test worker] DEBUG org.springframework.test.context.cache.DefaultCacheAwareContextLoaderDelegate - Retrieved ApplicationContext [443290224] from cache with key [[MergedContextConfiguration@52c3cb31 testClass = RewardTagManagerTest, locations = '{}', classes = '{class org.waldreg.reward.tag.DefaultRewardTagManager, class org.waldreg.reward.tag.lib.TagExceedClipper}', contextInitializerClasses = '[]', activeProfiles = '{}', propertySourceLocations = '{}', propertySourceProperties = '{}', contextCustomizers = set[org.springframework.boot.test.autoconfigure.actuate.metrics.MetricsExportContextCustomizerFactory$DisableMetricExportContextCustomizer@3688eb5b, org.springframework.boot.test.autoconfigure.properties.PropertyMappingContextCustomizer@0, org.springframework.boot.test.autoconfigure.web.servlet.WebDriverContextCustomizerFactory$Customizer@6d167f58, org.springframework.boot.test.context.filter.ExcludeFilterContextCustomizer@19c65cdc, org.springframework.boot.test.json.DuplicateJsonObjectContextCustomizerFactory$DuplicateJsonObjectContextCustomizer@1fb669c3, org.springframework.boot.test.mock.mockito.MockitoContextCustomizer@a93cb12e], contextLoader = 'org.springframework.test.context.support.DelegatingSmartContextLoader', parent = [null]]]
23:51:43.361 [Test worker] DEBUG org.springframework.test.context.cache - Spring test ApplicationContext cache statistics: [DefaultContextCache@23b3aa8c size = 1, maxSize = 32, parentContextCount = 0, hitCount = 55, missCount = 1]
23:51:43.361 [Test worker] DEBUG org.springframework.test.context.cache.DefaultCacheAwareContextLoaderDelegate - Retrieved ApplicationContext [443290224] from cache with key [[MergedContextConfiguration@52c3cb31 testClass = RewardTagManagerTest, locations = '{}', classes = '{class org.waldreg.reward.tag.DefaultRewardTagManager, class org.waldreg.reward.tag.lib.TagExceedClipper}', contextInitializerClasses = '[]', activeProfiles = '{}', propertySourceLocations = '{}', propertySourceProperties = '{}', contextCustomizers = set[org.springframework.boot.test.autoconfigure.actuate.metrics.MetricsExportContextCustomizerFactory$DisableMetricExportContextCustomizer@3688eb5b, org.springframework.boot.test.autoconfigure.properties.PropertyMappingContextCustomizer@0, org.springframework.boot.test.autoconfigure.web.servlet.WebDriverContextCustomizerFactory$Customizer@6d167f58, org.springframework.boot.test.context.filter.ExcludeFilterContextCustomizer@19c65cdc, org.springframework.boot.test.json.DuplicateJsonObjectContextCustomizerFactory$DuplicateJsonObjectContextCustomizer@1fb669c3, org.springframework.boot.test.mock.mockito.MockitoContextCustomizer@a93cb12e], contextLoader = 'org.springframework.test.context.support.DelegatingSmartContextLoader', parent = [null]]]
23:51:43.361 [Test worker] DEBUG org.springframework.test.context.cache - Spring test ApplicationContext cache statistics: [DefaultContextCache@23b3aa8c size = 1, maxSize = 32, parentContextCount = 0, hitCount = 56, missCount = 1]
23:51:43.361 [Test worker] DEBUG org.springframework.test.context.cache.DefaultCacheAwareContextLoaderDelegate - Retrieved ApplicationContext [443290224] from cache with key [[MergedContextConfiguration@52c3cb31 testClass = RewardTagManagerTest, locations = '{}', classes = '{class org.waldreg.reward.tag.DefaultRewardTagManager, class org.waldreg.reward.tag.lib.TagExceedClipper}', contextInitializerClasses = '[]', activeProfiles = '{}', propertySourceLocations = '{}', propertySourceProperties = '{}', contextCustomizers = set[org.springframework.boot.test.autoconfigure.actuate.metrics.MetricsExportContextCustomizerFactory$DisableMetricExportContextCustomizer@3688eb5b, org.springframework.boot.test.autoconfigure.properties.PropertyMappingContextCustomizer@0, org.springframework.boot.test.autoconfigure.web.servlet.WebDriverContextCustomizerFactory$Customizer@6d167f58, org.springframework.boot.test.context.filter.ExcludeFilterContextCustomizer@19c65cdc, org.springframework.boot.test.json.DuplicateJsonObjectContextCustomizerFactory$DuplicateJsonObjectContextCustomizer@1fb669c3, org.springframework.boot.test.mock.mockito.MockitoContextCustomizer@a93cb12e], contextLoader = 'org.springframework.test.context.support.DelegatingSmartContextLoader', parent = [null]]]
23:51:43.361 [Test worker] DEBUG org.springframework.test.context.cache - Spring test ApplicationContext cache statistics: [DefaultContextCache@23b3aa8c size = 1, maxSize = 32, parentContextCount = 0, hitCount = 57, missCount = 1]
23:51:43.361 [Test worker] DEBUG org.springframework.test.context.cache.DefaultCacheAwareContextLoaderDelegate - Retrieved ApplicationContext [443290224] from cache with key [[MergedContextConfiguration@52c3cb31 testClass = RewardTagManagerTest, locations = '{}', classes = '{class org.waldreg.reward.tag.DefaultRewardTagManager, class org.waldreg.reward.tag.lib.TagExceedClipper}', contextInitializerClasses = '[]', activeProfiles = '{}', propertySourceLocations = '{}', propertySourceProperties = '{}', contextCustomizers = set[org.springframework.boot.test.autoconfigure.actuate.metrics.MetricsExportContextCustomizerFactory$DisableMetricExportContextCustomizer@3688eb5b, org.springframework.boot.test.autoconfigure.properties.PropertyMappingContextCustomizer@0, org.springframework.boot.test.autoconfigure.web.servlet.WebDriverContextCustomizerFactory$Customizer@6d167f58, org.springframework.boot.test.context.filter.ExcludeFilterContextCustomizer@19c65cdc, org.springframework.boot.test.json.DuplicateJsonObjectContextCustomizerFactory$DuplicateJsonObjectContextCustomizer@1fb669c3, org.springframework.boot.test.mock.mockito.MockitoContextCustomizer@a93cb12e], contextLoader = 'org.springframework.test.context.support.DelegatingSmartContextLoader', parent = [null]]]
23:51:43.361 [Test worker] DEBUG org.springframework.test.context.cache - Spring test ApplicationContext cache statistics: [DefaultContextCache@23b3aa8c size = 1, maxSize = 32, parentContextCount = 0, hitCount = 58, missCount = 1]
23:51:43.361 [Test worker] DEBUG org.springframework.test.context.cache.DefaultCacheAwareContextLoaderDelegate - Retrieved ApplicationContext [443290224] from cache with key [[MergedContextConfiguration@52c3cb31 testClass = RewardTagManagerTest, locations = '{}', classes = '{class org.waldreg.reward.tag.DefaultRewardTagManager, class org.waldreg.reward.tag.lib.TagExceedClipper}', contextInitializerClasses = '[]', activeProfiles = '{}', propertySourceLocations = '{}', propertySourceProperties = '{}', contextCustomizers = set[org.springframework.boot.test.autoconfigure.actuate.metrics.MetricsExportContextCustomizerFactory$DisableMetricExportContextCustomizer@3688eb5b, org.springframework.boot.test.autoconfigure.properties.PropertyMappingContextCustomizer@0, org.springframework.boot.test.autoconfigure.web.servlet.WebDriverContextCustomizerFactory$Customizer@6d167f58, org.springframework.boot.test.context.filter.ExcludeFilterContextCustomizer@19c65cdc, org.springframework.boot.test.json.DuplicateJsonObjectContextCustomizerFactory$DuplicateJsonObjectContextCustomizer@1fb669c3, org.springframework.boot.test.mock.mockito.MockitoContextCustomizer@a93cb12e], contextLoader = 'org.springframework.test.context.support.DelegatingSmartContextLoader', parent = [null]]]
23:51:43.361 [Test worker] DEBUG org.springframework.test.context.cache - Spring test ApplicationContext cache statistics: [DefaultContextCache@23b3aa8c size = 1, maxSize = 32, parentContextCount = 0, hitCount = 59, missCount = 1]
23:51:43.361 [Test worker] DEBUG org.springframework.test.context.support.AbstractDirtiesContextTestExecutionListener - After test method: context [DefaultTestContext@19e4fcac testClass = RewardTagManagerTest, testInstance = org.waldreg.reward.tag.RewardTagManagerTest@736309a9, testMethod = CREATE_NEW_REWARD_TAG_SUCCESS_TEST@RewardTagManagerTest, testException = [null], mergedContextConfiguration = [MergedContextConfiguration@52c3cb31 testClass = RewardTagManagerTest, locations = '{}', classes = '{class org.waldreg.reward.tag.DefaultRewardTagManager, class org.waldreg.reward.tag.lib.TagExceedClipper}', contextInitializerClasses = '[]', activeProfiles = '{}', propertySourceLocations = '{}', propertySourceProperties = '{}', contextCustomizers = set[org.springframework.boot.test.autoconfigure.actuate.metrics.MetricsExportContextCustomizerFactory$DisableMetricExportContextCustomizer@3688eb5b, org.springframework.boot.test.autoconfigure.properties.PropertyMappingContextCustomizer@0, org.springframework.boot.test.autoconfigure.web.servlet.WebDriverContextCustomizerFactory$Customizer@6d167f58, org.springframework.boot.test.context.filter.ExcludeFilterContextCustomizer@19c65cdc, org.springframework.boot.test.json.DuplicateJsonObjectContextCustomizerFactory$DuplicateJsonObjectContextCustomizer@1fb669c3, org.springframework.boot.test.mock.mockito.MockitoContextCustomizer@a93cb12e], contextLoader = 'org.springframework.test.context.support.DelegatingSmartContextLoader', parent = [null]], attributes = map['org.springframework.test.context.event.ApplicationEventsTestExecutionListener.recordApplicationEvents' -> false]], class annotated with @DirtiesContext [false] with mode [null], method annotated with @DirtiesContext [false] with mode [null].
23:51:43.362 [Test worker] DEBUG org.springframework.test.context.cache.DefaultCacheAwareContextLoaderDelegate - Retrieved ApplicationContext [443290224] from cache with key [[MergedContextConfiguration@52c3cb31 testClass = RewardTagManagerTest, locations = '{}', classes = '{class org.waldreg.reward.tag.DefaultRewardTagManager, class org.waldreg.reward.tag.lib.TagExceedClipper}', contextInitializerClasses = '[]', activeProfiles = '{}', propertySourceLocations = '{}', propertySourceProperties = '{}', contextCustomizers = set[org.springframework.boot.test.autoconfigure.actuate.metrics.MetricsExportContextCustomizerFactory$DisableMetricExportContextCustomizer@3688eb5b, org.springframework.boot.test.autoconfigure.properties.PropertyMappingContextCustomizer@0, org.springframework.boot.test.autoconfigure.web.servlet.WebDriverContextCustomizerFactory$Customizer@6d167f58, org.springframework.boot.test.context.filter.ExcludeFilterContextCustomizer@19c65cdc, org.springframework.boot.test.json.DuplicateJsonObjectContextCustomizerFactory$DuplicateJsonObjectContextCustomizer@1fb669c3, org.springframework.boot.test.mock.mockito.MockitoContextCustomizer@a93cb12e], contextLoader = 'org.springframework.test.context.support.DelegatingSmartContextLoader', parent = [null]]]
23:51:43.362 [Test worker] DEBUG org.springframework.test.context.cache - Spring test ApplicationContext cache statistics: [DefaultContextCache@23b3aa8c size = 1, maxSize = 32, parentContextCount = 0, hitCount = 60, missCount = 1]
23:51:43.362 [Test worker] DEBUG org.springframework.test.context.support.DependencyInjectionTestExecutionListener - Performing dependency injection for test context [[DefaultTestContext@19e4fcac testClass = RewardTagManagerTest, testInstance = org.waldreg.reward.tag.RewardTagManagerTest@188b6035, testMethod = [null], testException = [null], mergedContextConfiguration = [MergedContextConfiguration@52c3cb31 testClass = RewardTagManagerTest, locations = '{}', classes = '{class org.waldreg.reward.tag.DefaultRewardTagManager, class org.waldreg.reward.tag.lib.TagExceedClipper}', contextInitializerClasses = '[]', activeProfiles = '{}', propertySourceLocations = '{}', propertySourceProperties = '{}', contextCustomizers = set[org.springframework.boot.test.autoconfigure.actuate.metrics.MetricsExportContextCustomizerFactory$DisableMetricExportContextCustomizer@3688eb5b, org.springframework.boot.test.autoconfigure.properties.PropertyMappingContextCustomizer@0, org.springframework.boot.test.autoconfigure.web.servlet.WebDriverContextCustomizerFactory$Customizer@6d167f58, org.springframework.boot.test.context.filter.ExcludeFilterContextCustomizer@19c65cdc, org.springframework.boot.test.json.DuplicateJsonObjectContextCustomizerFactory$DuplicateJsonObjectContextCustomizer@1fb669c3, org.springframework.boot.test.mock.mockito.MockitoContextCustomizer@a93cb12e], contextLoader = 'org.springframework.test.context.support.DelegatingSmartContextLoader', parent = [null]], attributes = map['org.springframework.test.context.event.ApplicationEventsTestExecutionListener.recordApplicationEvents' -> false]]].
23:51:43.362 [Test worker] DEBUG org.springframework.test.context.cache.DefaultCacheAwareContextLoaderDelegate - Retrieved ApplicationContext [443290224] from cache with key [[MergedContextConfiguration@52c3cb31 testClass = RewardTagManagerTest, locations = '{}', classes = '{class org.waldreg.reward.tag.DefaultRewardTagManager, class org.waldreg.reward.tag.lib.TagExceedClipper}', contextInitializerClasses = '[]', activeProfiles = '{}', propertySourceLocations = '{}', propertySourceProperties = '{}', contextCustomizers = set[org.springframework.boot.test.autoconfigure.actuate.metrics.MetricsExportContextCustomizerFactory$DisableMetricExportContextCustomizer@3688eb5b, org.springframework.boot.test.autoconfigure.properties.PropertyMappingContextCustomizer@0, org.springframework.boot.test.autoconfigure.web.servlet.WebDriverContextCustomizerFactory$Customizer@6d167f58, org.springframework.boot.test.context.filter.ExcludeFilterContextCustomizer@19c65cdc, org.springframework.boot.test.json.DuplicateJsonObjectContextCustomizerFactory$DuplicateJsonObjectContextCustomizer@1fb669c3, org.springframework.boot.test.mock.mockito.MockitoContextCustomizer@a93cb12e], contextLoader = 'org.springframework.test.context.support.DelegatingSmartContextLoader', parent = [null]]]
23:51:43.362 [Test worker] DEBUG org.springframework.test.context.cache - Spring test ApplicationContext cache statistics: [DefaultContextCache@23b3aa8c size = 1, maxSize = 32, parentContextCount = 0, hitCount = 61, missCount = 1]
23:51:43.362 [Test worker] DEBUG org.springframework.test.context.cache.DefaultCacheAwareContextLoaderDelegate - Retrieved ApplicationContext [443290224] from cache with key [[MergedContextConfiguration@52c3cb31 testClass = RewardTagManagerTest, locations = '{}', classes = '{class org.waldreg.reward.tag.DefaultRewardTagManager, class org.waldreg.reward.tag.lib.TagExceedClipper}', contextInitializerClasses = '[]', activeProfiles = '{}', propertySourceLocations = '{}', propertySourceProperties = '{}', contextCustomizers = set[org.springframework.boot.test.autoconfigure.actuate.metrics.MetricsExportContextCustomizerFactory$DisableMetricExportContextCustomizer@3688eb5b, org.springframework.boot.test.autoconfigure.properties.PropertyMappingContextCustomizer@0, org.springframework.boot.test.autoconfigure.web.servlet.WebDriverContextCustomizerFactory$Customizer@6d167f58, org.springframework.boot.test.context.filter.ExcludeFilterContextCustomizer@19c65cdc, org.springframework.boot.test.json.DuplicateJsonObjectContextCustomizerFactory$DuplicateJsonObjectContextCustomizer@1fb669c3, org.springframework.boot.test.mock.mockito.MockitoContextCustomizer@a93cb12e], contextLoader = 'org.springframework.test.context.support.DelegatingSmartContextLoader', parent = [null]]]
23:51:43.362 [Test worker] DEBUG org.springframework.test.context.cache - Spring test ApplicationContext cache statistics: [DefaultContextCache@23b3aa8c size = 1, maxSize = 32, parentContextCount = 0, hitCount = 62, missCount = 1]
23:51:43.363 [Test worker] DEBUG org.springframework.test.context.support.AbstractDirtiesContextTestExecutionListener - Before test method: context [DefaultTestContext@19e4fcac testClass = RewardTagManagerTest, testInstance = org.waldreg.reward.tag.RewardTagManagerTest@188b6035, testMethod = UPDATE_REWARD_TAG_FAIL_UNKNOWN_REWARD_TAG_ID_TEST@RewardTagManagerTest, testException = [null], mergedContextConfiguration = [MergedContextConfiguration@52c3cb31 testClass = RewardTagManagerTest, locations = '{}', classes = '{class org.waldreg.reward.tag.DefaultRewardTagManager, class org.waldreg.reward.tag.lib.TagExceedClipper}', contextInitializerClasses = '[]', activeProfiles = '{}', propertySourceLocations = '{}', propertySourceProperties = '{}', contextCustomizers = set[org.springframework.boot.test.autoconfigure.actuate.metrics.MetricsExportContextCustomizerFactory$DisableMetricExportContextCustomizer@3688eb5b, org.springframework.boot.test.autoconfigure.properties.PropertyMappingContextCustomizer@0, org.springframework.boot.test.autoconfigure.web.servlet.WebDriverContextCustomizerFactory$Customizer@6d167f58, org.springframework.boot.test.context.filter.ExcludeFilterContextCustomizer@19c65cdc, org.springframework.boot.test.json.DuplicateJsonObjectContextCustomizerFactory$DuplicateJsonObjectContextCustomizer@1fb669c3, org.springframework.boot.test.mock.mockito.MockitoContextCustomizer@a93cb12e], contextLoader = 'org.springframework.test.context.support.DelegatingSmartContextLoader', parent = [null]], attributes = map['org.springframework.test.context.event.ApplicationEventsTestExecutionListener.recordApplicationEvents' -> false]], class annotated with @DirtiesContext [false] with mode [null], method annotated with @DirtiesContext [false] with mode [null].
23:51:43.363 [Test worker] DEBUG org.springframework.test.context.cache.DefaultCacheAwareContextLoaderDelegate - Retrieved ApplicationContext [443290224] from cache with key [[MergedContextConfiguration@52c3cb31 testClass = RewardTagManagerTest, locations = '{}', classes = '{class org.waldreg.reward.tag.DefaultRewardTagManager, class org.waldreg.reward.tag.lib.TagExceedClipper}', contextInitializerClasses = '[]', activeProfiles = '{}', propertySourceLocations = '{}', propertySourceProperties = '{}', contextCustomizers = set[org.springframework.boot.test.autoconfigure.actuate.metrics.MetricsExportContextCustomizerFactory$DisableMetricExportContextCustomizer@3688eb5b, org.springframework.boot.test.autoconfigure.properties.PropertyMappingContextCustomizer@0, org.springframework.boot.test.autoconfigure.web.servlet.WebDriverContextCustomizerFactory$Customizer@6d167f58, org.springframework.boot.test.context.filter.ExcludeFilterContextCustomizer@19c65cdc, org.springframework.boot.test.json.DuplicateJsonObjectContextCustomizerFactory$DuplicateJsonObjectContextCustomizer@1fb669c3, org.springframework.boot.test.mock.mockito.MockitoContextCustomizer@a93cb12e], contextLoader = 'org.springframework.test.context.support.DelegatingSmartContextLoader', parent = [null]]]
23:51:43.363 [Test worker] DEBUG org.springframework.test.context.cache - Spring test ApplicationContext cache statistics: [DefaultContextCache@23b3aa8c size = 1, maxSize = 32, parentContextCount = 0, hitCount = 63, missCount = 1]
23:51:43.363 [Test worker] DEBUG org.springframework.test.context.cache.DefaultCacheAwareContextLoaderDelegate - Retrieved ApplicationContext [443290224] from cache with key [[MergedContextConfiguration@52c3cb31 testClass = RewardTagManagerTest, locations = '{}', classes = '{class org.waldreg.reward.tag.DefaultRewardTagManager, class org.waldreg.reward.tag.lib.TagExceedClipper}', contextInitializerClasses = '[]', activeProfiles = '{}', propertySourceLocations = '{}', propertySourceProperties = '{}', contextCustomizers = set[org.springframework.boot.test.autoconfigure.actuate.metrics.MetricsExportContextCustomizerFactory$DisableMetricExportContextCustomizer@3688eb5b, org.springframework.boot.test.autoconfigure.properties.PropertyMappingContextCustomizer@0, org.springframework.boot.test.autoconfigure.web.servlet.WebDriverContextCustomizerFactory$Customizer@6d167f58, org.springframework.boot.test.context.filter.ExcludeFilterContextCustomizer@19c65cdc, org.springframework.boot.test.json.DuplicateJsonObjectContextCustomizerFactory$DuplicateJsonObjectContextCustomizer@1fb669c3, org.springframework.boot.test.mock.mockito.MockitoContextCustomizer@a93cb12e], contextLoader = 'org.springframework.test.context.support.DelegatingSmartContextLoader', parent = [null]]]
23:51:43.363 [Test worker] DEBUG org.springframework.test.context.cache - Spring test ApplicationContext cache statistics: [DefaultContextCache@23b3aa8c size = 1, maxSize = 32, parentContextCount = 0, hitCount = 64, missCount = 1]
23:51:43.363 [Test worker] DEBUG org.springframework.test.context.cache.DefaultCacheAwareContextLoaderDelegate - Retrieved ApplicationContext [443290224] from cache with key [[MergedContextConfiguration@52c3cb31 testClass = RewardTagManagerTest, locations = '{}', classes = '{class org.waldreg.reward.tag.DefaultRewardTagManager, class org.waldreg.reward.tag.lib.TagExceedClipper}', contextInitializerClasses = '[]', activeProfiles = '{}', propertySourceLocations = '{}', propertySourceProperties = '{}', contextCustomizers = set[org.springframework.boot.test.autoconfigure.actuate.metrics.MetricsExportContextCustomizerFactory$DisableMetricExportContextCustomizer@3688eb5b, org.springframework.boot.test.autoconfigure.properties.PropertyMappingContextCustomizer@0, org.springframework.boot.test.autoconfigure.web.servlet.WebDriverContextCustomizerFactory$Customizer@6d167f58, org.springframework.boot.test.context.filter.ExcludeFilterContextCustomizer@19c65cdc, org.springframework.boot.test.json.DuplicateJsonObjectContextCustomizerFactory$DuplicateJsonObjectContextCustomizer@1fb669c3, org.springframework.boot.test.mock.mockito.MockitoContextCustomizer@a93cb12e], contextLoader = 'org.springframework.test.context.support.DelegatingSmartContextLoader', parent = [null]]]
23:51:43.363 [Test worker] DEBUG org.springframework.test.context.cache - Spring test ApplicationContext cache statistics: [DefaultContextCache@23b3aa8c size = 1, maxSize = 32, parentContextCount = 0, hitCount = 65, missCount = 1]
23:51:43.363 [Test worker] DEBUG org.springframework.test.context.cache.DefaultCacheAwareContextLoaderDelegate - Retrieved ApplicationContext [443290224] from cache with key [[MergedContextConfiguration@52c3cb31 testClass = RewardTagManagerTest, locations = '{}', classes = '{class org.waldreg.reward.tag.DefaultRewardTagManager, class org.waldreg.reward.tag.lib.TagExceedClipper}', contextInitializerClasses = '[]', activeProfiles = '{}', propertySourceLocations = '{}', propertySourceProperties = '{}', contextCustomizers = set[org.springframework.boot.test.autoconfigure.actuate.metrics.MetricsExportContextCustomizerFactory$DisableMetricExportContextCustomizer@3688eb5b, org.springframework.boot.test.autoconfigure.properties.PropertyMappingContextCustomizer@0, org.springframework.boot.test.autoconfigure.web.servlet.WebDriverContextCustomizerFactory$Customizer@6d167f58, org.springframework.boot.test.context.filter.ExcludeFilterContextCustomizer@19c65cdc, org.springframework.boot.test.json.DuplicateJsonObjectContextCustomizerFactory$DuplicateJsonObjectContextCustomizer@1fb669c3, org.springframework.boot.test.mock.mockito.MockitoContextCustomizer@a93cb12e], contextLoader = 'org.springframework.test.context.support.DelegatingSmartContextLoader', parent = [null]]]
23:51:43.363 [Test worker] DEBUG org.springframework.test.context.cache - Spring test ApplicationContext cache statistics: [DefaultContextCache@23b3aa8c size = 1, maxSize = 32, parentContextCount = 0, hitCount = 66, missCount = 1]
23:51:43.363 [Test worker] DEBUG org.springframework.test.context.cache.DefaultCacheAwareContextLoaderDelegate - Retrieved ApplicationContext [443290224] from cache with key [[MergedContextConfiguration@52c3cb31 testClass = RewardTagManagerTest, locations = '{}', classes = '{class org.waldreg.reward.tag.DefaultRewardTagManager, class org.waldreg.reward.tag.lib.TagExceedClipper}', contextInitializerClasses = '[]', activeProfiles = '{}', propertySourceLocations = '{}', propertySourceProperties = '{}', contextCustomizers = set[org.springframework.boot.test.autoconfigure.actuate.metrics.MetricsExportContextCustomizerFactory$DisableMetricExportContextCustomizer@3688eb5b, org.springframework.boot.test.autoconfigure.properties.PropertyMappingContextCustomizer@0, org.springframework.boot.test.autoconfigure.web.servlet.WebDriverContextCustomizerFactory$Customizer@6d167f58, org.springframework.boot.test.context.filter.ExcludeFilterContextCustomizer@19c65cdc, org.springframework.boot.test.json.DuplicateJsonObjectContextCustomizerFactory$DuplicateJsonObjectContextCustomizer@1fb669c3, org.springframework.boot.test.mock.mockito.MockitoContextCustomizer@a93cb12e], contextLoader = 'org.springframework.test.context.support.DelegatingSmartContextLoader', parent = [null]]]
23:51:43.364 [Test worker] DEBUG org.springframework.test.context.cache - Spring test ApplicationContext cache statistics: [DefaultContextCache@23b3aa8c size = 1, maxSize = 32, parentContextCount = 0, hitCount = 67, missCount = 1]
23:51:43.364 [Test worker] DEBUG org.springframework.test.context.cache.DefaultCacheAwareContextLoaderDelegate - Retrieved ApplicationContext [443290224] from cache with key [[MergedContextConfiguration@52c3cb31 testClass = RewardTagManagerTest, locations = '{}', classes = '{class org.waldreg.reward.tag.DefaultRewardTagManager, class org.waldreg.reward.tag.lib.TagExceedClipper}', contextInitializerClasses = '[]', activeProfiles = '{}', propertySourceLocations = '{}', propertySourceProperties = '{}', contextCustomizers = set[org.springframework.boot.test.autoconfigure.actuate.metrics.MetricsExportContextCustomizerFactory$DisableMetricExportContextCustomizer@3688eb5b, org.springframework.boot.test.autoconfigure.properties.PropertyMappingContextCustomizer@0, org.springframework.boot.test.autoconfigure.web.servlet.WebDriverContextCustomizerFactory$Customizer@6d167f58, org.springframework.boot.test.context.filter.ExcludeFilterContextCustomizer@19c65cdc, org.springframework.boot.test.json.DuplicateJsonObjectContextCustomizerFactory$DuplicateJsonObjectContextCustomizer@1fb669c3, org.springframework.boot.test.mock.mockito.MockitoContextCustomizer@a93cb12e], contextLoader = 'org.springframework.test.context.support.DelegatingSmartContextLoader', parent = [null]]]
23:51:43.364 [Test worker] DEBUG org.springframework.test.context.cache - Spring test ApplicationContext cache statistics: [DefaultContextCache@23b3aa8c size = 1, maxSize = 32, parentContextCount = 0, hitCount = 68, missCount = 1]
23:51:43.364 [Test worker] DEBUG org.springframework.test.context.cache.DefaultCacheAwareContextLoaderDelegate - Retrieved ApplicationContext [443290224] from cache with key [[MergedContextConfiguration@52c3cb31 testClass = RewardTagManagerTest, locations = '{}', classes = '{class org.waldreg.reward.tag.DefaultRewardTagManager, class org.waldreg.reward.tag.lib.TagExceedClipper}', contextInitializerClasses = '[]', activeProfiles = '{}', propertySourceLocations = '{}', propertySourceProperties = '{}', contextCustomizers = set[org.springframework.boot.test.autoconfigure.actuate.metrics.MetricsExportContextCustomizerFactory$DisableMetricExportContextCustomizer@3688eb5b, org.springframework.boot.test.autoconfigure.properties.PropertyMappingContextCustomizer@0, org.springframework.boot.test.autoconfigure.web.servlet.WebDriverContextCustomizerFactory$Customizer@6d167f58, org.springframework.boot.test.context.filter.ExcludeFilterContextCustomizer@19c65cdc, org.springframework.boot.test.json.DuplicateJsonObjectContextCustomizerFactory$DuplicateJsonObjectContextCustomizer@1fb669c3, org.springframework.boot.test.mock.mockito.MockitoContextCustomizer@a93cb12e], contextLoader = 'org.springframework.test.context.support.DelegatingSmartContextLoader', parent = [null]]]
23:51:43.364 [Test worker] DEBUG org.springframework.test.context.cache - Spring test ApplicationContext cache statistics: [DefaultContextCache@23b3aa8c size = 1, maxSize = 32, parentContextCount = 0, hitCount = 69, missCount = 1]
23:51:43.364 [Test worker] DEBUG org.springframework.test.context.cache.DefaultCacheAwareContextLoaderDelegate - Retrieved ApplicationContext [443290224] from cache with key [[MergedContextConfiguration@52c3cb31 testClass = RewardTagManagerTest, locations = '{}', classes = '{class org.waldreg.reward.tag.DefaultRewardTagManager, class org.waldreg.reward.tag.lib.TagExceedClipper}', contextInitializerClasses = '[]', activeProfiles = '{}', propertySourceLocations = '{}', propertySourceProperties = '{}', contextCustomizers = set[org.springframework.boot.test.autoconfigure.actuate.metrics.MetricsExportContextCustomizerFactory$DisableMetricExportContextCustomizer@3688eb5b, org.springframework.boot.test.autoconfigure.properties.PropertyMappingContextCustomizer@0, org.springframework.boot.test.autoconfigure.web.servlet.WebDriverContextCustomizerFactory$Customizer@6d167f58, org.springframework.boot.test.context.filter.ExcludeFilterContextCustomizer@19c65cdc, org.springframework.boot.test.json.DuplicateJsonObjectContextCustomizerFactory$DuplicateJsonObjectContextCustomizer@1fb669c3, org.springframework.boot.test.mock.mockito.MockitoContextCustomizer@a93cb12e], contextLoader = 'org.springframework.test.context.support.DelegatingSmartContextLoader', parent = [null]]]
23:51:43.364 [Test worker] DEBUG org.springframework.test.context.cache - Spring test ApplicationContext cache statistics: [DefaultContextCache@23b3aa8c size = 1, maxSize = 32, parentContextCount = 0, hitCount = 70, missCount = 1]
23:51:43.364 [Test worker] DEBUG org.springframework.test.context.cache.DefaultCacheAwareContextLoaderDelegate - Retrieved ApplicationContext [443290224] from cache with key [[MergedContextConfiguration@52c3cb31 testClass = RewardTagManagerTest, locations = '{}', classes = '{class org.waldreg.reward.tag.DefaultRewardTagManager, class org.waldreg.reward.tag.lib.TagExceedClipper}', contextInitializerClasses = '[]', activeProfiles = '{}', propertySourceLocations = '{}', propertySourceProperties = '{}', contextCustomizers = set[org.springframework.boot.test.autoconfigure.actuate.metrics.MetricsExportContextCustomizerFactory$DisableMetricExportContextCustomizer@3688eb5b, org.springframework.boot.test.autoconfigure.properties.PropertyMappingContextCustomizer@0, org.springframework.boot.test.autoconfigure.web.servlet.WebDriverContextCustomizerFactory$Customizer@6d167f58, org.springframework.boot.test.context.filter.ExcludeFilterContextCustomizer@19c65cdc, org.springframework.boot.test.json.DuplicateJsonObjectContextCustomizerFactory$DuplicateJsonObjectContextCustomizer@1fb669c3, org.springframework.boot.test.mock.mockito.MockitoContextCustomizer@a93cb12e], contextLoader = 'org.springframework.test.context.support.DelegatingSmartContextLoader', parent = [null]]]
23:51:43.364 [Test worker] DEBUG org.springframework.test.context.cache - Spring test ApplicationContext cache statistics: [DefaultContextCache@23b3aa8c size = 1, maxSize = 32, parentContextCount = 0, hitCount = 71, missCount = 1]
23:51:43.364 [Test worker] DEBUG org.springframework.test.context.support.AbstractDirtiesContextTestExecutionListener - After test method: context [DefaultTestContext@19e4fcac testClass = RewardTagManagerTest, testInstance = org.waldreg.reward.tag.RewardTagManagerTest@188b6035, testMethod = UPDATE_REWARD_TAG_FAIL_UNKNOWN_REWARD_TAG_ID_TEST@RewardTagManagerTest, testException = [null], mergedContextConfiguration = [MergedContextConfiguration@52c3cb31 testClass = RewardTagManagerTest, locations = '{}', classes = '{class org.waldreg.reward.tag.DefaultRewardTagManager, class org.waldreg.reward.tag.lib.TagExceedClipper}', contextInitializerClasses = '[]', activeProfiles = '{}', propertySourceLocations = '{}', propertySourceProperties = '{}', contextCustomizers = set[org.springframework.boot.test.autoconfigure.actuate.metrics.MetricsExportContextCustomizerFactory$DisableMetricExportContextCustomizer@3688eb5b, org.springframework.boot.test.autoconfigure.properties.PropertyMappingContextCustomizer@0, org.springframework.boot.test.autoconfigure.web.servlet.WebDriverContextCustomizerFactory$Customizer@6d167f58, org.springframework.boot.test.context.filter.ExcludeFilterContextCustomizer@19c65cdc, org.springframework.boot.test.json.DuplicateJsonObjectContextCustomizerFactory$DuplicateJsonObjectContextCustomizer@1fb669c3, org.springframework.boot.test.mock.mockito.MockitoContextCustomizer@a93cb12e], contextLoader = 'org.springframework.test.context.support.DelegatingSmartContextLoader', parent = [null]], attributes = map['org.springframework.test.context.event.ApplicationEventsTestExecutionListener.recordApplicationEvents' -> false]], class annotated with @DirtiesContext [false] with mode [null], method annotated with @DirtiesContext [false] with mode [null].
23:51:43.364 [Test worker] DEBUG org.springframework.test.context.cache.DefaultCacheAwareContextLoaderDelegate - Retrieved ApplicationContext [443290224] from cache with key [[MergedContextConfiguration@52c3cb31 testClass = RewardTagManagerTest, locations = '{}', classes = '{class org.waldreg.reward.tag.DefaultRewardTagManager, class org.waldreg.reward.tag.lib.TagExceedClipper}', contextInitializerClasses = '[]', activeProfiles = '{}', propertySourceLocations = '{}', propertySourceProperties = '{}', contextCustomizers = set[org.springframework.boot.test.autoconfigure.actuate.metrics.MetricsExportContextCustomizerFactory$DisableMetricExportContextCustomizer@3688eb5b, org.springframework.boot.test.autoconfigure.properties.PropertyMappingContextCustomizer@0, org.springframework.boot.test.autoconfigure.web.servlet.WebDriverContextCustomizerFactory$Customizer@6d167f58, org.springframework.boot.test.context.filter.ExcludeFilterContextCustomizer@19c65cdc, org.springframework.boot.test.json.DuplicateJsonObjectContextCustomizerFactory$DuplicateJsonObjectContextCustomizer@1fb669c3, org.springframework.boot.test.mock.mockito.MockitoContextCustomizer@a93cb12e], contextLoader = 'org.springframework.test.context.support.DelegatingSmartContextLoader', parent = [null]]]
23:51:43.364 [Test worker] DEBUG org.springframework.test.context.cache - Spring test ApplicationContext cache statistics: [DefaultContextCache@23b3aa8c size = 1, maxSize = 32, parentContextCount = 0, hitCount = 72, missCount = 1]
23:51:43.364 [Test worker] DEBUG org.springframework.test.context.support.DependencyInjectionTestExecutionListener - Performing dependency injection for test context [[DefaultTestContext@19e4fcac testClass = RewardTagManagerTest, testInstance = org.waldreg.reward.tag.RewardTagManagerTest@6f6621e3, testMethod = [null], testException = [null], mergedContextConfiguration = [MergedContextConfiguration@52c3cb31 testClass = RewardTagManagerTest, locations = '{}', classes = '{class org.waldreg.reward.tag.DefaultRewardTagManager, class org.waldreg.reward.tag.lib.TagExceedClipper}', contextInitializerClasses = '[]', activeProfiles = '{}', propertySourceLocations = '{}', propertySourceProperties = '{}', contextCustomizers = set[org.springframework.boot.test.autoconfigure.actuate.metrics.MetricsExportContextCustomizerFactory$DisableMetricExportContextCustomizer@3688eb5b, org.springframework.boot.test.autoconfigure.properties.PropertyMappingContextCustomizer@0, org.springframework.boot.test.autoconfigure.web.servlet.WebDriverContextCustomizerFactory$Customizer@6d167f58, org.springframework.boot.test.context.filter.ExcludeFilterContextCustomizer@19c65cdc, org.springframework.boot.test.json.DuplicateJsonObjectContextCustomizerFactory$DuplicateJsonObjectContextCustomizer@1fb669c3, org.springframework.boot.test.mock.mockito.MockitoContextCustomizer@a93cb12e], contextLoader = 'org.springframework.test.context.support.DelegatingSmartContextLoader', parent = [null]], attributes = map['org.springframework.test.context.event.ApplicationEventsTestExecutionListener.recordApplicationEvents' -> false]]].
23:51:43.365 [Test worker] DEBUG org.springframework.test.context.cache.DefaultCacheAwareContextLoaderDelegate - Retrieved ApplicationContext [443290224] from cache with key [[MergedContextConfiguration@52c3cb31 testClass = RewardTagManagerTest, locations = '{}', classes = '{class org.waldreg.reward.tag.DefaultRewardTagManager, class org.waldreg.reward.tag.lib.TagExceedClipper}', contextInitializerClasses = '[]', activeProfiles = '{}', propertySourceLocations = '{}', propertySourceProperties = '{}', contextCustomizers = set[org.springframework.boot.test.autoconfigure.actuate.metrics.MetricsExportContextCustomizerFactory$DisableMetricExportContextCustomizer@3688eb5b, org.springframework.boot.test.autoconfigure.properties.PropertyMappingContextCustomizer@0, org.springframework.boot.test.autoconfigure.web.servlet.WebDriverContextCustomizerFactory$Customizer@6d167f58, org.springframework.boot.test.context.filter.ExcludeFilterContextCustomizer@19c65cdc, org.springframework.boot.test.json.DuplicateJsonObjectContextCustomizerFactory$DuplicateJsonObjectContextCustomizer@1fb669c3, org.springframework.boot.test.mock.mockito.MockitoContextCustomizer@a93cb12e], contextLoader = 'org.springframework.test.context.support.DelegatingSmartContextLoader', parent = [null]]]
23:51:43.365 [Test worker] DEBUG org.springframework.test.context.cache - Spring test ApplicationContext cache statistics: [DefaultContextCache@23b3aa8c size = 1, maxSize = 32, parentContextCount = 0, hitCount = 73, missCount = 1]
23:51:43.365 [Test worker] DEBUG org.springframework.test.context.cache.DefaultCacheAwareContextLoaderDelegate - Retrieved ApplicationContext [443290224] from cache with key [[MergedContextConfiguration@52c3cb31 testClass = RewardTagManagerTest, locations = '{}', classes = '{class org.waldreg.reward.tag.DefaultRewardTagManager, class org.waldreg.reward.tag.lib.TagExceedClipper}', contextInitializerClasses = '[]', activeProfiles = '{}', propertySourceLocations = '{}', propertySourceProperties = '{}', contextCustomizers = set[org.springframework.boot.test.autoconfigure.actuate.metrics.MetricsExportContextCustomizerFactory$DisableMetricExportContextCustomizer@3688eb5b, org.springframework.boot.test.autoconfigure.properties.PropertyMappingContextCustomizer@0, org.springframework.boot.test.autoconfigure.web.servlet.WebDriverContextCustomizerFactory$Customizer@6d167f58, org.springframework.boot.test.context.filter.ExcludeFilterContextCustomizer@19c65cdc, org.springframework.boot.test.json.DuplicateJsonObjectContextCustomizerFactory$DuplicateJsonObjectContextCustomizer@1fb669c3, org.springframework.boot.test.mock.mockito.MockitoContextCustomizer@a93cb12e], contextLoader = 'org.springframework.test.context.support.DelegatingSmartContextLoader', parent = [null]]]
23:51:43.365 [Test worker] DEBUG org.springframework.test.context.cache - Spring test ApplicationContext cache statistics: [DefaultContextCache@23b3aa8c size = 1, maxSize = 32, parentContextCount = 0, hitCount = 74, missCount = 1]
23:51:43.365 [Test worker] DEBUG org.springframework.test.context.support.AbstractDirtiesContextTestExecutionListener - Before test method: context [DefaultTestContext@19e4fcac testClass = RewardTagManagerTest, testInstance = org.waldreg.reward.tag.RewardTagManagerTest@6f6621e3, testMethod = READ_REWARD_TAG_SUCCESS_TEST@RewardTagManagerTest, testException = [null], mergedContextConfiguration = [MergedContextConfiguration@52c3cb31 testClass = RewardTagManagerTest, locations = '{}', classes = '{class org.waldreg.reward.tag.DefaultRewardTagManager, class org.waldreg.reward.tag.lib.TagExceedClipper}', contextInitializerClasses = '[]', activeProfiles = '{}', propertySourceLocations = '{}', propertySourceProperties = '{}', contextCustomizers = set[org.springframework.boot.test.autoconfigure.actuate.metrics.MetricsExportContextCustomizerFactory$DisableMetricExportContextCustomizer@3688eb5b, org.springframework.boot.test.autoconfigure.properties.PropertyMappingContextCustomizer@0, org.springframework.boot.test.autoconfigure.web.servlet.WebDriverContextCustomizerFactory$Customizer@6d167f58, org.springframework.boot.test.context.filter.ExcludeFilterContextCustomizer@19c65cdc, org.springframework.boot.test.json.DuplicateJsonObjectContextCustomizerFactory$DuplicateJsonObjectContextCustomizer@1fb669c3, org.springframework.boot.test.mock.mockito.MockitoContextCustomizer@a93cb12e], contextLoader = 'org.springframework.test.context.support.DelegatingSmartContextLoader', parent = [null]], attributes = map['org.springframework.test.context.event.ApplicationEventsTestExecutionListener.recordApplicationEvents' -> false]], class annotated with @DirtiesContext [false] with mode [null], method annotated with @DirtiesContext [false] with mode [null].
23:51:43.365 [Test worker] DEBUG org.springframework.test.context.cache.DefaultCacheAwareContextLoaderDelegate - Retrieved ApplicationContext [443290224] from cache with key [[MergedContextConfiguration@52c3cb31 testClass = RewardTagManagerTest, locations = '{}', classes = '{class org.waldreg.reward.tag.DefaultRewardTagManager, class org.waldreg.reward.tag.lib.TagExceedClipper}', contextInitializerClasses = '[]', activeProfiles = '{}', propertySourceLocations = '{}', propertySourceProperties = '{}', contextCustomizers = set[org.springframework.boot.test.autoconfigure.actuate.metrics.MetricsExportContextCustomizerFactory$DisableMetricExportContextCustomizer@3688eb5b, org.springframework.boot.test.autoconfigure.properties.PropertyMappingContextCustomizer@0, org.springframework.boot.test.autoconfigure.web.servlet.WebDriverContextCustomizerFactory$Customizer@6d167f58, org.springframework.boot.test.context.filter.ExcludeFilterContextCustomizer@19c65cdc, org.springframework.boot.test.json.DuplicateJsonObjectContextCustomizerFactory$DuplicateJsonObjectContextCustomizer@1fb669c3, org.springframework.boot.test.mock.mockito.MockitoContextCustomizer@a93cb12e], contextLoader = 'org.springframework.test.context.support.DelegatingSmartContextLoader', parent = [null]]]
23:51:43.365 [Test worker] DEBUG org.springframework.test.context.cache - Spring test ApplicationContext cache statistics: [DefaultContextCache@23b3aa8c size = 1, maxSize = 32, parentContextCount = 0, hitCount = 75, missCount = 1]
23:51:43.365 [Test worker] DEBUG org.springframework.test.context.cache.DefaultCacheAwareContextLoaderDelegate - Retrieved ApplicationContext [443290224] from cache with key [[MergedContextConfiguration@52c3cb31 testClass = RewardTagManagerTest, locations = '{}', classes = '{class org.waldreg.reward.tag.DefaultRewardTagManager, class org.waldreg.reward.tag.lib.TagExceedClipper}', contextInitializerClasses = '[]', activeProfiles = '{}', propertySourceLocations = '{}', propertySourceProperties = '{}', contextCustomizers = set[org.springframework.boot.test.autoconfigure.actuate.metrics.MetricsExportContextCustomizerFactory$DisableMetricExportContextCustomizer@3688eb5b, org.springframework.boot.test.autoconfigure.properties.PropertyMappingContextCustomizer@0, org.springframework.boot.test.autoconfigure.web.servlet.WebDriverContextCustomizerFactory$Customizer@6d167f58, org.springframework.boot.test.context.filter.ExcludeFilterContextCustomizer@19c65cdc, org.springframework.boot.test.json.DuplicateJsonObjectContextCustomizerFactory$DuplicateJsonObjectContextCustomizer@1fb669c3, org.springframework.boot.test.mock.mockito.MockitoContextCustomizer@a93cb12e], contextLoader = 'org.springframework.test.context.support.DelegatingSmartContextLoader', parent = [null]]]
23:51:43.365 [Test worker] DEBUG org.springframework.test.context.cache - Spring test ApplicationContext cache statistics: [DefaultContextCache@23b3aa8c size = 1, maxSize = 32, parentContextCount = 0, hitCount = 76, missCount = 1]
23:51:43.365 [Test worker] DEBUG org.springframework.test.context.cache.DefaultCacheAwareContextLoaderDelegate - Retrieved ApplicationContext [443290224] from cache with key [[MergedContextConfiguration@52c3cb31 testClass = RewardTagManagerTest, locations = '{}', classes = '{class org.waldreg.reward.tag.DefaultRewardTagManager, class org.waldreg.reward.tag.lib.TagExceedClipper}', contextInitializerClasses = '[]', activeProfiles = '{}', propertySourceLocations = '{}', propertySourceProperties = '{}', contextCustomizers = set[org.springframework.boot.test.autoconfigure.actuate.metrics.MetricsExportContextCustomizerFactory$DisableMetricExportContextCustomizer@3688eb5b, org.springframework.boot.test.autoconfigure.properties.PropertyMappingContextCustomizer@0, org.springframework.boot.test.autoconfigure.web.servlet.WebDriverContextCustomizerFactory$Customizer@6d167f58, org.springframework.boot.test.context.filter.ExcludeFilterContextCustomizer@19c65cdc, org.springframework.boot.test.json.DuplicateJsonObjectContextCustomizerFactory$DuplicateJsonObjectContextCustomizer@1fb669c3, org.springframework.boot.test.mock.mockito.MockitoContextCustomizer@a93cb12e], contextLoader = 'org.springframework.test.context.support.DelegatingSmartContextLoader', parent = [null]]]
23:51:43.365 [Test worker] DEBUG org.springframework.test.context.cache - Spring test ApplicationContext cache statistics: [DefaultContextCache@23b3aa8c size = 1, maxSize = 32, parentContextCount = 0, hitCount = 77, missCount = 1]
23:51:43.366 [Test worker] DEBUG org.springframework.test.context.cache.DefaultCacheAwareContextLoaderDelegate - Retrieved ApplicationContext [443290224] from cache with key [[MergedContextConfiguration@52c3cb31 testClass = RewardTagManagerTest, locations = '{}', classes = '{class org.waldreg.reward.tag.DefaultRewardTagManager, class org.waldreg.reward.tag.lib.TagExceedClipper}', contextInitializerClasses = '[]', activeProfiles = '{}', propertySourceLocations = '{}', propertySourceProperties = '{}', contextCustomizers = set[org.springframework.boot.test.autoconfigure.actuate.metrics.MetricsExportContextCustomizerFactory$DisableMetricExportContextCustomizer@3688eb5b, org.springframework.boot.test.autoconfigure.properties.PropertyMappingContextCustomizer@0, org.springframework.boot.test.autoconfigure.web.servlet.WebDriverContextCustomizerFactory$Customizer@6d167f58, org.springframework.boot.test.context.filter.ExcludeFilterContextCustomizer@19c65cdc, org.springframework.boot.test.json.DuplicateJsonObjectContextCustomizerFactory$DuplicateJsonObjectContextCustomizer@1fb669c3, org.springframework.boot.test.mock.mockito.MockitoContextCustomizer@a93cb12e], contextLoader = 'org.springframework.test.context.support.DelegatingSmartContextLoader', parent = [null]]]
23:51:43.367 [Test worker] DEBUG org.springframework.test.context.cache - Spring test ApplicationContext cache statistics: [DefaultContextCache@23b3aa8c size = 1, maxSize = 32, parentContextCount = 0, hitCount = 78, missCount = 1]
23:51:43.367 [Test worker] DEBUG org.springframework.test.context.cache.DefaultCacheAwareContextLoaderDelegate - Retrieved ApplicationContext [443290224] from cache with key [[MergedContextConfiguration@52c3cb31 testClass = RewardTagManagerTest, locations = '{}', classes = '{class org.waldreg.reward.tag.DefaultRewardTagManager, class org.waldreg.reward.tag.lib.TagExceedClipper}', contextInitializerClasses = '[]', activeProfiles = '{}', propertySourceLocations = '{}', propertySourceProperties = '{}', contextCustomizers = set[org.springframework.boot.test.autoconfigure.actuate.metrics.MetricsExportContextCustomizerFactory$DisableMetricExportContextCustomizer@3688eb5b, org.springframework.boot.test.autoconfigure.properties.PropertyMappingContextCustomizer@0, org.springframework.boot.test.autoconfigure.web.servlet.WebDriverContextCustomizerFactory$Customizer@6d167f58, org.springframework.boot.test.context.filter.ExcludeFilterContextCustomizer@19c65cdc, org.springframework.boot.test.json.DuplicateJsonObjectContextCustomizerFactory$DuplicateJsonObjectContextCustomizer@1fb669c3, org.springframework.boot.test.mock.mockito.MockitoContextCustomizer@a93cb12e], contextLoader = 'org.springframework.test.context.support.DelegatingSmartContextLoader', parent = [null]]]
23:51:43.367 [Test worker] DEBUG org.springframework.test.context.cache - Spring test ApplicationContext cache statistics: [DefaultContextCache@23b3aa8c size = 1, maxSize = 32, parentContextCount = 0, hitCount = 79, missCount = 1]
23:51:43.367 [Test worker] DEBUG org.springframework.test.context.cache.DefaultCacheAwareContextLoaderDelegate - Retrieved ApplicationContext [443290224] from cache with key [[MergedContextConfiguration@52c3cb31 testClass = RewardTagManagerTest, locations = '{}', classes = '{class org.waldreg.reward.tag.DefaultRewardTagManager, class org.waldreg.reward.tag.lib.TagExceedClipper}', contextInitializerClasses = '[]', activeProfiles = '{}', propertySourceLocations = '{}', propertySourceProperties = '{}', contextCustomizers = set[org.springframework.boot.test.autoconfigure.actuate.metrics.MetricsExportContextCustomizerFactory$DisableMetricExportContextCustomizer@3688eb5b, org.springframework.boot.test.autoconfigure.properties.PropertyMappingContextCustomizer@0, org.springframework.boot.test.autoconfigure.web.servlet.WebDriverContextCustomizerFactory$Customizer@6d167f58, org.springframework.boot.test.context.filter.ExcludeFilterContextCustomizer@19c65cdc, org.springframework.boot.test.json.DuplicateJsonObjectContextCustomizerFactory$DuplicateJsonObjectContextCustomizer@1fb669c3, org.springframework.boot.test.mock.mockito.MockitoContextCustomizer@a93cb12e], contextLoader = 'org.springframework.test.context.support.DelegatingSmartContextLoader', parent = [null]]]
23:51:43.367 [Test worker] DEBUG org.springframework.test.context.cache - Spring test ApplicationContext cache statistics: [DefaultContextCache@23b3aa8c size = 1, maxSize = 32, parentContextCount = 0, hitCount = 80, missCount = 1]
23:51:43.367 [Test worker] DEBUG org.springframework.test.context.cache.DefaultCacheAwareContextLoaderDelegate - Retrieved ApplicationContext [443290224] from cache with key [[MergedContextConfiguration@52c3cb31 testClass = RewardTagManagerTest, locations = '{}', classes = '{class org.waldreg.reward.tag.DefaultRewardTagManager, class org.waldreg.reward.tag.lib.TagExceedClipper}', contextInitializerClasses = '[]', activeProfiles = '{}', propertySourceLocations = '{}', propertySourceProperties = '{}', contextCustomizers = set[org.springframework.boot.test.autoconfigure.actuate.metrics.MetricsExportContextCustomizerFactory$DisableMetricExportContextCustomizer@3688eb5b, org.springframework.boot.test.autoconfigure.properties.PropertyMappingContextCustomizer@0, org.springframework.boot.test.autoconfigure.web.servlet.WebDriverContextCustomizerFactory$Customizer@6d167f58, org.springframework.boot.test.context.filter.ExcludeFilterContextCustomizer@19c65cdc, org.springframework.boot.test.json.DuplicateJsonObjectContextCustomizerFactory$DuplicateJsonObjectContextCustomizer@1fb669c3, org.springframework.boot.test.mock.mockito.MockitoContextCustomizer@a93cb12e], contextLoader = 'org.springframework.test.context.support.DelegatingSmartContextLoader', parent = [null]]]
23:51:43.367 [Test worker] DEBUG org.springframework.test.context.cache - Spring test ApplicationContext cache statistics: [DefaultContextCache@23b3aa8c size = 1, maxSize = 32, parentContextCount = 0, hitCount = 81, missCount = 1]
23:51:43.367 [Test worker] DEBUG org.springframework.test.context.cache.DefaultCacheAwareContextLoaderDelegate - Retrieved ApplicationContext [443290224] from cache with key [[MergedContextConfiguration@52c3cb31 testClass = RewardTagManagerTest, locations = '{}', classes = '{class org.waldreg.reward.tag.DefaultRewardTagManager, class org.waldreg.reward.tag.lib.TagExceedClipper}', contextInitializerClasses = '[]', activeProfiles = '{}', propertySourceLocations = '{}', propertySourceProperties = '{}', contextCustomizers = set[org.springframework.boot.test.autoconfigure.actuate.metrics.MetricsExportContextCustomizerFactory$DisableMetricExportContextCustomizer@3688eb5b, org.springframework.boot.test.autoconfigure.properties.PropertyMappingContextCustomizer@0, org.springframework.boot.test.autoconfigure.web.servlet.WebDriverContextCustomizerFactory$Customizer@6d167f58, org.springframework.boot.test.context.filter.ExcludeFilterContextCustomizer@19c65cdc, org.springframework.boot.test.json.DuplicateJsonObjectContextCustomizerFactory$DuplicateJsonObjectContextCustomizer@1fb669c3, org.springframework.boot.test.mock.mockito.MockitoContextCustomizer@a93cb12e], contextLoader = 'org.springframework.test.context.support.DelegatingSmartContextLoader', parent = [null]]]
23:51:43.367 [Test worker] DEBUG org.springframework.test.context.cache - Spring test ApplicationContext cache statistics: [DefaultContextCache@23b3aa8c size = 1, maxSize = 32, parentContextCount = 0, hitCount = 82, missCount = 1]
23:51:43.367 [Test worker] DEBUG org.springframework.test.context.cache.DefaultCacheAwareContextLoaderDelegate - Retrieved ApplicationContext [443290224] from cache with key [[MergedContextConfiguration@52c3cb31 testClass = RewardTagManagerTest, locations = '{}', classes = '{class org.waldreg.reward.tag.DefaultRewardTagManager, class org.waldreg.reward.tag.lib.TagExceedClipper}', contextInitializerClasses = '[]', activeProfiles = '{}', propertySourceLocations = '{}', propertySourceProperties = '{}', contextCustomizers = set[org.springframework.boot.test.autoconfigure.actuate.metrics.MetricsExportContextCustomizerFactory$DisableMetricExportContextCustomizer@3688eb5b, org.springframework.boot.test.autoconfigure.properties.PropertyMappingContextCustomizer@0, org.springframework.boot.test.autoconfigure.web.servlet.WebDriverContextCustomizerFactory$Customizer@6d167f58, org.springframework.boot.test.context.filter.ExcludeFilterContextCustomizer@19c65cdc, org.springframework.boot.test.json.DuplicateJsonObjectContextCustomizerFactory$DuplicateJsonObjectContextCustomizer@1fb669c3, org.springframework.boot.test.mock.mockito.MockitoContextCustomizer@a93cb12e], contextLoader = 'org.springframework.test.context.support.DelegatingSmartContextLoader', parent = [null]]]
23:51:43.367 [Test worker] DEBUG org.springframework.test.context.cache - Spring test ApplicationContext cache statistics: [DefaultContextCache@23b3aa8c size = 1, maxSize = 32, parentContextCount = 0, hitCount = 83, missCount = 1]
23:51:43.367 [Test worker] DEBUG org.springframework.test.context.support.AbstractDirtiesContextTestExecutionListener - After test method: context [DefaultTestContext@19e4fcac testClass = RewardTagManagerTest, testInstance = org.waldreg.reward.tag.RewardTagManagerTest@6f6621e3, testMethod = READ_REWARD_TAG_SUCCESS_TEST@RewardTagManagerTest, testException = [null], mergedContextConfiguration = [MergedContextConfiguration@52c3cb31 testClass = RewardTagManagerTest, locations = '{}', classes = '{class org.waldreg.reward.tag.DefaultRewardTagManager, class org.waldreg.reward.tag.lib.TagExceedClipper}', contextInitializerClasses = '[]', activeProfiles = '{}', propertySourceLocations = '{}', propertySourceProperties = '{}', contextCustomizers = set[org.springframework.boot.test.autoconfigure.actuate.metrics.MetricsExportContextCustomizerFactory$DisableMetricExportContextCustomizer@3688eb5b, org.springframework.boot.test.autoconfigure.properties.PropertyMappingContextCustomizer@0, org.springframework.boot.test.autoconfigure.web.servlet.WebDriverContextCustomizerFactory$Customizer@6d167f58, org.springframework.boot.test.context.filter.ExcludeFilterContextCustomizer@19c65cdc, org.springframework.boot.test.json.DuplicateJsonObjectContextCustomizerFactory$DuplicateJsonObjectContextCustomizer@1fb669c3, org.springframework.boot.test.mock.mockito.MockitoContextCustomizer@a93cb12e], contextLoader = 'org.springframework.test.context.support.DelegatingSmartContextLoader', parent = [null]], attributes = map['org.springframework.test.context.event.ApplicationEventsTestExecutionListener.recordApplicationEvents' -> false]], class annotated with @DirtiesContext [false] with mode [null], method annotated with @DirtiesContext [false] with mode [null].
23:51:43.368 [Test worker] DEBUG org.springframework.test.context.cache.DefaultCacheAwareContextLoaderDelegate - Retrieved ApplicationContext [443290224] from cache with key [[MergedContextConfiguration@52c3cb31 testClass = RewardTagManagerTest, locations = '{}', classes = '{class org.waldreg.reward.tag.DefaultRewardTagManager, class org.waldreg.reward.tag.lib.TagExceedClipper}', contextInitializerClasses = '[]', activeProfiles = '{}', propertySourceLocations = '{}', propertySourceProperties = '{}', contextCustomizers = set[org.springframework.boot.test.autoconfigure.actuate.metrics.MetricsExportContextCustomizerFactory$DisableMetricExportContextCustomizer@3688eb5b, org.springframework.boot.test.autoconfigure.properties.PropertyMappingContextCustomizer@0, org.springframework.boot.test.autoconfigure.web.servlet.WebDriverContextCustomizerFactory$Customizer@6d167f58, org.springframework.boot.test.context.filter.ExcludeFilterContextCustomizer@19c65cdc, org.springframework.boot.test.json.DuplicateJsonObjectContextCustomizerFactory$DuplicateJsonObjectContextCustomizer@1fb669c3, org.springframework.boot.test.mock.mockito.MockitoContextCustomizer@a93cb12e], contextLoader = 'org.springframework.test.context.support.DelegatingSmartContextLoader', parent = [null]]]
23:51:43.368 [Test worker] DEBUG org.springframework.test.context.cache - Spring test ApplicationContext cache statistics: [DefaultContextCache@23b3aa8c size = 1, maxSize = 32, parentContextCount = 0, hitCount = 84, missCount = 1]
23:51:43.368 [Test worker] DEBUG org.springframework.test.context.support.DependencyInjectionTestExecutionListener - Performing dependency injection for test context [[DefaultTestContext@19e4fcac testClass = RewardTagManagerTest, testInstance = org.waldreg.reward.tag.RewardTagManagerTest@61d34b4, testMethod = [null], testException = [null], mergedContextConfiguration = [MergedContextConfiguration@52c3cb31 testClass = RewardTagManagerTest, locations = '{}', classes = '{class org.waldreg.reward.tag.DefaultRewardTagManager, class org.waldreg.reward.tag.lib.TagExceedClipper}', contextInitializerClasses = '[]', activeProfiles = '{}', propertySourceLocations = '{}', propertySourceProperties = '{}', contextCustomizers = set[org.springframework.boot.test.autoconfigure.actuate.metrics.MetricsExportContextCustomizerFactory$DisableMetricExportContextCustomizer@3688eb5b, org.springframework.boot.test.autoconfigure.properties.PropertyMappingContextCustomizer@0, org.springframework.boot.test.autoconfigure.web.servlet.WebDriverContextCustomizerFactory$Customizer@6d167f58, org.springframework.boot.test.context.filter.ExcludeFilterContextCustomizer@19c65cdc, org.springframework.boot.test.json.DuplicateJsonObjectContextCustomizerFactory$DuplicateJsonObjectContextCustomizer@1fb669c3, org.springframework.boot.test.mock.mockito.MockitoContextCustomizer@a93cb12e], contextLoader = 'org.springframework.test.context.support.DelegatingSmartContextLoader', parent = [null]], attributes = map['org.springframework.test.context.event.ApplicationEventsTestExecutionListener.recordApplicationEvents' -> false]]].
23:51:43.368 [Test worker] DEBUG org.springframework.test.context.cache.DefaultCacheAwareContextLoaderDelegate - Retrieved ApplicationContext [443290224] from cache with key [[MergedContextConfiguration@52c3cb31 testClass = RewardTagManagerTest, locations = '{}', classes = '{class org.waldreg.reward.tag.DefaultRewardTagManager, class org.waldreg.reward.tag.lib.TagExceedClipper}', contextInitializerClasses = '[]', activeProfiles = '{}', propertySourceLocations = '{}', propertySourceProperties = '{}', contextCustomizers = set[org.springframework.boot.test.autoconfigure.actuate.metrics.MetricsExportContextCustomizerFactory$DisableMetricExportContextCustomizer@3688eb5b, org.springframework.boot.test.autoconfigure.properties.PropertyMappingContextCustomizer@0, org.springframework.boot.test.autoconfigure.web.servlet.WebDriverContextCustomizerFactory$Customizer@6d167f58, org.springframework.boot.test.context.filter.ExcludeFilterContextCustomizer@19c65cdc, org.springframework.boot.test.json.DuplicateJsonObjectContextCustomizerFactory$DuplicateJsonObjectContextCustomizer@1fb669c3, org.springframework.boot.test.mock.mockito.MockitoContextCustomizer@a93cb12e], contextLoader = 'org.springframework.test.context.support.DelegatingSmartContextLoader', parent = [null]]]
23:51:43.368 [Test worker] DEBUG org.springframework.test.context.cache - Spring test ApplicationContext cache statistics: [DefaultContextCache@23b3aa8c size = 1, maxSize = 32, parentContextCount = 0, hitCount = 85, missCount = 1]
23:51:43.368 [Test worker] DEBUG org.springframework.test.context.cache.DefaultCacheAwareContextLoaderDelegate - Retrieved ApplicationContext [443290224] from cache with key [[MergedContextConfiguration@52c3cb31 testClass = RewardTagManagerTest, locations = '{}', classes = '{class org.waldreg.reward.tag.DefaultRewardTagManager, class org.waldreg.reward.tag.lib.TagExceedClipper}', contextInitializerClasses = '[]', activeProfiles = '{}', propertySourceLocations = '{}', propertySourceProperties = '{}', contextCustomizers = set[org.springframework.boot.test.autoconfigure.actuate.metrics.MetricsExportContextCustomizerFactory$DisableMetricExportContextCustomizer@3688eb5b, org.springframework.boot.test.autoconfigure.properties.PropertyMappingContextCustomizer@0, org.springframework.boot.test.autoconfigure.web.servlet.WebDriverContextCustomizerFactory$Customizer@6d167f58, org.springframework.boot.test.context.filter.ExcludeFilterContextCustomizer@19c65cdc, org.springframework.boot.test.json.DuplicateJsonObjectContextCustomizerFactory$DuplicateJsonObjectContextCustomizer@1fb669c3, org.springframework.boot.test.mock.mockito.MockitoContextCustomizer@a93cb12e], contextLoader = 'org.springframework.test.context.support.DelegatingSmartContextLoader', parent = [null]]]
23:51:43.368 [Test worker] DEBUG org.springframework.test.context.cache - Spring test ApplicationContext cache statistics: [DefaultContextCache@23b3aa8c size = 1, maxSize = 32, parentContextCount = 0, hitCount = 86, missCount = 1]
23:51:43.368 [Test worker] DEBUG org.springframework.test.context.support.AbstractDirtiesContextTestExecutionListener - Before test method: context [DefaultTestContext@19e4fcac testClass = RewardTagManagerTest, testInstance = org.waldreg.reward.tag.RewardTagManagerTest@61d34b4, testMethod = UPDATE_REWARD_TAG_SUCCESS_MODIFY_EXCEED_BORDER_TEST@RewardTagManagerTest, testException = [null], mergedContextConfiguration = [MergedContextConfiguration@52c3cb31 testClass = RewardTagManagerTest, locations = '{}', classes = '{class org.waldreg.reward.tag.DefaultRewardTagManager, class org.waldreg.reward.tag.lib.TagExceedClipper}', contextInitializerClasses = '[]', activeProfiles = '{}', propertySourceLocations = '{}', propertySourceProperties = '{}', contextCustomizers = set[org.springframework.boot.test.autoconfigure.actuate.metrics.MetricsExportContextCustomizerFactory$DisableMetricExportContextCustomizer@3688eb5b, org.springframework.boot.test.autoconfigure.properties.PropertyMappingContextCustomizer@0, org.springframework.boot.test.autoconfigure.web.servlet.WebDriverContextCustomizerFactory$Customizer@6d167f58, org.springframework.boot.test.context.filter.ExcludeFilterContextCustomizer@19c65cdc, org.springframework.boot.test.json.DuplicateJsonObjectContextCustomizerFactory$DuplicateJsonObjectContextCustomizer@1fb669c3, org.springframework.boot.test.mock.mockito.MockitoContextCustomizer@a93cb12e], contextLoader = 'org.springframework.test.context.support.DelegatingSmartContextLoader', parent = [null]], attributes = map['org.springframework.test.context.event.ApplicationEventsTestExecutionListener.recordApplicationEvents' -> false]], class annotated with @DirtiesContext [false] with mode [null], method annotated with @DirtiesContext [false] with mode [null].
23:51:43.368 [Test worker] DEBUG org.springframework.test.context.cache.DefaultCacheAwareContextLoaderDelegate - Retrieved ApplicationContext [443290224] from cache with key [[MergedContextConfiguration@52c3cb31 testClass = RewardTagManagerTest, locations = '{}', classes = '{class org.waldreg.reward.tag.DefaultRewardTagManager, class org.waldreg.reward.tag.lib.TagExceedClipper}', contextInitializerClasses = '[]', activeProfiles = '{}', propertySourceLocations = '{}', propertySourceProperties = '{}', contextCustomizers = set[org.springframework.boot.test.autoconfigure.actuate.metrics.MetricsExportContextCustomizerFactory$DisableMetricExportContextCustomizer@3688eb5b, org.springframework.boot.test.autoconfigure.properties.PropertyMappingContextCustomizer@0, org.springframework.boot.test.autoconfigure.web.servlet.WebDriverContextCustomizerFactory$Customizer@6d167f58, org.springframework.boot.test.context.filter.ExcludeFilterContextCustomizer@19c65cdc, org.springframework.boot.test.json.DuplicateJsonObjectContextCustomizerFactory$DuplicateJsonObjectContextCustomizer@1fb669c3, org.springframework.boot.test.mock.mockito.MockitoContextCustomizer@a93cb12e], contextLoader = 'org.springframework.test.context.support.DelegatingSmartContextLoader', parent = [null]]]
23:51:43.368 [Test worker] DEBUG org.springframework.test.context.cache - Spring test ApplicationContext cache statistics: [DefaultContextCache@23b3aa8c size = 1, maxSize = 32, parentContextCount = 0, hitCount = 87, missCount = 1]
23:51:43.368 [Test worker] DEBUG org.springframework.test.context.cache.DefaultCacheAwareContextLoaderDelegate - Retrieved ApplicationContext [443290224] from cache with key [[MergedContextConfiguration@52c3cb31 testClass = RewardTagManagerTest, locations = '{}', classes = '{class org.waldreg.reward.tag.DefaultRewardTagManager, class org.waldreg.reward.tag.lib.TagExceedClipper}', contextInitializerClasses = '[]', activeProfiles = '{}', propertySourceLocations = '{}', propertySourceProperties = '{}', contextCustomizers = set[org.springframework.boot.test.autoconfigure.actuate.metrics.MetricsExportContextCustomizerFactory$DisableMetricExportContextCustomizer@3688eb5b, org.springframework.boot.test.autoconfigure.properties.PropertyMappingContextCustomizer@0, org.springframework.boot.test.autoconfigure.web.servlet.WebDriverContextCustomizerFactory$Customizer@6d167f58, org.springframework.boot.test.context.filter.ExcludeFilterContextCustomizer@19c65cdc, org.springframework.boot.test.json.DuplicateJsonObjectContextCustomizerFactory$DuplicateJsonObjectContextCustomizer@1fb669c3, org.springframework.boot.test.mock.mockito.MockitoContextCustomizer@a93cb12e], contextLoader = 'org.springframework.test.context.support.DelegatingSmartContextLoader', parent = [null]]]
23:51:43.368 [Test worker] DEBUG org.springframework.test.context.cache - Spring test ApplicationContext cache statistics: [DefaultContextCache@23b3aa8c size = 1, maxSize = 32, parentContextCount = 0, hitCount = 88, missCount = 1]
23:51:43.369 [Test worker] DEBUG org.springframework.test.context.cache.DefaultCacheAwareContextLoaderDelegate - Retrieved ApplicationContext [443290224] from cache with key [[MergedContextConfiguration@52c3cb31 testClass = RewardTagManagerTest, locations = '{}', classes = '{class org.waldreg.reward.tag.DefaultRewardTagManager, class org.waldreg.reward.tag.lib.TagExceedClipper}', contextInitializerClasses = '[]', activeProfiles = '{}', propertySourceLocations = '{}', propertySourceProperties = '{}', contextCustomizers = set[org.springframework.boot.test.autoconfigure.actuate.metrics.MetricsExportContextCustomizerFactory$DisableMetricExportContextCustomizer@3688eb5b, org.springframework.boot.test.autoconfigure.properties.PropertyMappingContextCustomizer@0, org.springframework.boot.test.autoconfigure.web.servlet.WebDriverContextCustomizerFactory$Customizer@6d167f58, org.springframework.boot.test.context.filter.ExcludeFilterContextCustomizer@19c65cdc, org.springframework.boot.test.json.DuplicateJsonObjectContextCustomizerFactory$DuplicateJsonObjectContextCustomizer@1fb669c3, org.springframework.boot.test.mock.mockito.MockitoContextCustomizer@a93cb12e], contextLoader = 'org.springframework.test.context.support.DelegatingSmartContextLoader', parent = [null]]]
23:51:43.369 [Test worker] DEBUG org.springframework.test.context.cache - Spring test ApplicationContext cache statistics: [DefaultContextCache@23b3aa8c size = 1, maxSize = 32, parentContextCount = 0, hitCount = 89, missCount = 1]
23:51:43.369 [Test worker] DEBUG org.springframework.test.context.cache.DefaultCacheAwareContextLoaderDelegate - Retrieved ApplicationContext [443290224] from cache with key [[MergedContextConfiguration@52c3cb31 testClass = RewardTagManagerTest, locations = '{}', classes = '{class org.waldreg.reward.tag.DefaultRewardTagManager, class org.waldreg.reward.tag.lib.TagExceedClipper}', contextInitializerClasses = '[]', activeProfiles = '{}', propertySourceLocations = '{}', propertySourceProperties = '{}', contextCustomizers = set[org.springframework.boot.test.autoconfigure.actuate.metrics.MetricsExportContextCustomizerFactory$DisableMetricExportContextCustomizer@3688eb5b, org.springframework.boot.test.autoconfigure.properties.PropertyMappingContextCustomizer@0, org.springframework.boot.test.autoconfigure.web.servlet.WebDriverContextCustomizerFactory$Customizer@6d167f58, org.springframework.boot.test.context.filter.ExcludeFilterContextCustomizer@19c65cdc, org.springframework.boot.test.json.DuplicateJsonObjectContextCustomizerFactory$DuplicateJsonObjectContextCustomizer@1fb669c3, org.springframework.boot.test.mock.mockito.MockitoContextCustomizer@a93cb12e], contextLoader = 'org.springframework.test.context.support.DelegatingSmartContextLoader', parent = [null]]]
23:51:43.369 [Test worker] DEBUG org.springframework.test.context.cache - Spring test ApplicationContext cache statistics: [DefaultContextCache@23b3aa8c size = 1, maxSize = 32, parentContextCount = 0, hitCount = 90, missCount = 1]
23:51:43.369 [Test worker] DEBUG org.springframework.test.context.cache.DefaultCacheAwareContextLoaderDelegate - Retrieved ApplicationContext [443290224] from cache with key [[MergedContextConfiguration@52c3cb31 testClass = RewardTagManagerTest, locations = '{}', classes = '{class org.waldreg.reward.tag.DefaultRewardTagManager, class org.waldreg.reward.tag.lib.TagExceedClipper}', contextInitializerClasses = '[]', activeProfiles = '{}', propertySourceLocations = '{}', propertySourceProperties = '{}', contextCustomizers = set[org.springframework.boot.test.autoconfigure.actuate.metrics.MetricsExportContextCustomizerFactory$DisableMetricExportContextCustomizer@3688eb5b, org.springframework.boot.test.autoconfigure.properties.PropertyMappingContextCustomizer@0, org.springframework.boot.test.autoconfigure.web.servlet.WebDriverContextCustomizerFactory$Customizer@6d167f58, org.springframework.boot.test.context.filter.ExcludeFilterContextCustomizer@19c65cdc, org.springframework.boot.test.json.DuplicateJsonObjectContextCustomizerFactory$DuplicateJsonObjectContextCustomizer@1fb669c3, org.springframework.boot.test.mock.mockito.MockitoContextCustomizer@a93cb12e], contextLoader = 'org.springframework.test.context.support.DelegatingSmartContextLoader', parent = [null]]]
23:51:43.369 [Test worker] DEBUG org.springframework.test.context.cache - Spring test ApplicationContext cache statistics: [DefaultContextCache@23b3aa8c size = 1, maxSize = 32, parentContextCount = 0, hitCount = 91, missCount = 1]
23:51:43.369 [Test worker] DEBUG org.springframework.test.context.cache.DefaultCacheAwareContextLoaderDelegate - Retrieved ApplicationContext [443290224] from cache with key [[MergedContextConfiguration@52c3cb31 testClass = RewardTagManagerTest, locations = '{}', classes = '{class org.waldreg.reward.tag.DefaultRewardTagManager, class org.waldreg.reward.tag.lib.TagExceedClipper}', contextInitializerClasses = '[]', activeProfiles = '{}', propertySourceLocations = '{}', propertySourceProperties = '{}', contextCustomizers = set[org.springframework.boot.test.autoconfigure.actuate.metrics.MetricsExportContextCustomizerFactory$DisableMetricExportContextCustomizer@3688eb5b, org.springframework.boot.test.autoconfigure.properties.PropertyMappingContextCustomizer@0, org.springframework.boot.test.autoconfigure.web.servlet.WebDriverContextCustomizerFactory$Customizer@6d167f58, org.springframework.boot.test.context.filter.ExcludeFilterContextCustomizer@19c65cdc, org.springframework.boot.test.json.DuplicateJsonObjectContextCustomizerFactory$DuplicateJsonObjectContextCustomizer@1fb669c3, org.springframework.boot.test.mock.mockito.MockitoContextCustomizer@a93cb12e], contextLoader = 'org.springframework.test.context.support.DelegatingSmartContextLoader', parent = [null]]]
23:51:43.369 [Test worker] DEBUG org.springframework.test.context.cache - Spring test ApplicationContext cache statistics: [DefaultContextCache@23b3aa8c size = 1, maxSize = 32, parentContextCount = 0, hitCount = 92, missCount = 1]
23:51:43.369 [Test worker] DEBUG org.springframework.test.context.cache.DefaultCacheAwareContextLoaderDelegate - Retrieved ApplicationContext [443290224] from cache with key [[MergedContextConfiguration@52c3cb31 testClass = RewardTagManagerTest, locations = '{}', classes = '{class org.waldreg.reward.tag.DefaultRewardTagManager, class org.waldreg.reward.tag.lib.TagExceedClipper}', contextInitializerClasses = '[]', activeProfiles = '{}', propertySourceLocations = '{}', propertySourceProperties = '{}', contextCustomizers = set[org.springframework.boot.test.autoconfigure.actuate.metrics.MetricsExportContextCustomizerFactory$DisableMetricExportContextCustomizer@3688eb5b, org.springframework.boot.test.autoconfigure.properties.PropertyMappingContextCustomizer@0, org.springframework.boot.test.autoconfigure.web.servlet.WebDriverContextCustomizerFactory$Customizer@6d167f58, org.springframework.boot.test.context.filter.ExcludeFilterContextCustomizer@19c65cdc, org.springframework.boot.test.json.DuplicateJsonObjectContextCustomizerFactory$DuplicateJsonObjectContextCustomizer@1fb669c3, org.springframework.boot.test.mock.mockito.MockitoContextCustomizer@a93cb12e], contextLoader = 'org.springframework.test.context.support.DelegatingSmartContextLoader', parent = [null]]]
23:51:43.369 [Test worker] DEBUG org.springframework.test.context.cache - Spring test ApplicationContext cache statistics: [DefaultContextCache@23b3aa8c size = 1, maxSize = 32, parentContextCount = 0, hitCount = 93, missCount = 1]
23:51:43.369 [Test worker] DEBUG org.springframework.test.context.cache.DefaultCacheAwareContextLoaderDelegate - Retrieved ApplicationContext [443290224] from cache with key [[MergedContextConfiguration@52c3cb31 testClass = RewardTagManagerTest, locations = '{}', classes = '{class org.waldreg.reward.tag.DefaultRewardTagManager, class org.waldreg.reward.tag.lib.TagExceedClipper}', contextInitializerClasses = '[]', activeProfiles = '{}', propertySourceLocations = '{}', propertySourceProperties = '{}', contextCustomizers = set[org.springframework.boot.test.autoconfigure.actuate.metrics.MetricsExportContextCustomizerFactory$DisableMetricExportContextCustomizer@3688eb5b, org.springframework.boot.test.autoconfigure.properties.PropertyMappingContextCustomizer@0, org.springframework.boot.test.autoconfigure.web.servlet.WebDriverContextCustomizerFactory$Customizer@6d167f58, org.springframework.boot.test.context.filter.ExcludeFilterContextCustomizer@19c65cdc, org.springframework.boot.test.json.DuplicateJsonObjectContextCustomizerFactory$DuplicateJsonObjectContextCustomizer@1fb669c3, org.springframework.boot.test.mock.mockito.MockitoContextCustomizer@a93cb12e], contextLoader = 'org.springframework.test.context.support.DelegatingSmartContextLoader', parent = [null]]]
23:51:43.369 [Test worker] DEBUG org.springframework.test.context.cache - Spring test ApplicationContext cache statistics: [DefaultContextCache@23b3aa8c size = 1, maxSize = 32, parentContextCount = 0, hitCount = 94, missCount = 1]
23:51:43.370 [Test worker] DEBUG org.springframework.test.context.cache.DefaultCacheAwareContextLoaderDelegate - Retrieved ApplicationContext [443290224] from cache with key [[MergedContextConfiguration@52c3cb31 testClass = RewardTagManagerTest, locations = '{}', classes = '{class org.waldreg.reward.tag.DefaultRewardTagManager, class org.waldreg.reward.tag.lib.TagExceedClipper}', contextInitializerClasses = '[]', activeProfiles = '{}', propertySourceLocations = '{}', propertySourceProperties = '{}', contextCustomizers = set[org.springframework.boot.test.autoconfigure.actuate.metrics.MetricsExportContextCustomizerFactory$DisableMetricExportContextCustomizer@3688eb5b, org.springframework.boot.test.autoconfigure.properties.PropertyMappingContextCustomizer@0, org.springframework.boot.test.autoconfigure.web.servlet.WebDriverContextCustomizerFactory$Customizer@6d167f58, org.springframework.boot.test.context.filter.ExcludeFilterContextCustomizer@19c65cdc, org.springframework.boot.test.json.DuplicateJsonObjectContextCustomizerFactory$DuplicateJsonObjectContextCustomizer@1fb669c3, org.springframework.boot.test.mock.mockito.MockitoContextCustomizer@a93cb12e], contextLoader = 'org.springframework.test.context.support.DelegatingSmartContextLoader', parent = [null]]]
23:51:43.370 [Test worker] DEBUG org.springframework.test.context.cache - Spring test ApplicationContext cache statistics: [DefaultContextCache@23b3aa8c size = 1, maxSize = 32, parentContextCount = 0, hitCount = 95, missCount = 1]
23:51:43.370 [Test worker] DEBUG org.springframework.test.context.support.AbstractDirtiesContextTestExecutionListener - After test method: context [DefaultTestContext@19e4fcac testClass = RewardTagManagerTest, testInstance = org.waldreg.reward.tag.RewardTagManagerTest@61d34b4, testMethod = UPDATE_REWARD_TAG_SUCCESS_MODIFY_EXCEED_BORDER_TEST@RewardTagManagerTest, testException = [null], mergedContextConfiguration = [MergedContextConfiguration@52c3cb31 testClass = RewardTagManagerTest, locations = '{}', classes = '{class org.waldreg.reward.tag.DefaultRewardTagManager, class org.waldreg.reward.tag.lib.TagExceedClipper}', contextInitializerClasses = '[]', activeProfiles = '{}', propertySourceLocations = '{}', propertySourceProperties = '{}', contextCustomizers = set[org.springframework.boot.test.autoconfigure.actuate.metrics.MetricsExportContextCustomizerFactory$DisableMetricExportContextCustomizer@3688eb5b, org.springframework.boot.test.autoconfigure.properties.PropertyMappingContextCustomizer@0, org.springframework.boot.test.autoconfigure.web.servlet.WebDriverContextCustomizerFactory$Customizer@6d167f58, org.springframework.boot.test.context.filter.ExcludeFilterContextCustomizer@19c65cdc, org.springframework.boot.test.json.DuplicateJsonObjectContextCustomizerFactory$DuplicateJsonObjectContextCustomizer@1fb669c3, org.springframework.boot.test.mock.mockito.MockitoContextCustomizer@a93cb12e], contextLoader = 'org.springframework.test.context.support.DelegatingSmartContextLoader', parent = [null]], attributes = map['org.springframework.test.context.event.ApplicationEventsTestExecutionListener.recordApplicationEvents' -> false]], class annotated with @DirtiesContext [false] with mode [null], method annotated with @DirtiesContext [false] with mode [null].
23:51:43.370 [Test worker] DEBUG org.springframework.test.context.cache.DefaultCacheAwareContextLoaderDelegate - Retrieved ApplicationContext [443290224] from cache with key [[MergedContextConfiguration@52c3cb31 testClass = RewardTagManagerTest, locations = '{}', classes = '{class org.waldreg.reward.tag.DefaultRewardTagManager, class org.waldreg.reward.tag.lib.TagExceedClipper}', contextInitializerClasses = '[]', activeProfiles = '{}', propertySourceLocations = '{}', propertySourceProperties = '{}', contextCustomizers = set[org.springframework.boot.test.autoconfigure.actuate.metrics.MetricsExportContextCustomizerFactory$DisableMetricExportContextCustomizer@3688eb5b, org.springframework.boot.test.autoconfigure.properties.PropertyMappingContextCustomizer@0, org.springframework.boot.test.autoconfigure.web.servlet.WebDriverContextCustomizerFactory$Customizer@6d167f58, org.springframework.boot.test.context.filter.ExcludeFilterContextCustomizer@19c65cdc, org.springframework.boot.test.json.DuplicateJsonObjectContextCustomizerFactory$DuplicateJsonObjectContextCustomizer@1fb669c3, org.springframework.boot.test.mock.mockito.MockitoContextCustomizer@a93cb12e], contextLoader = 'org.springframework.test.context.support.DelegatingSmartContextLoader', parent = [null]]]
23:51:43.370 [Test worker] DEBUG org.springframework.test.context.cache - Spring test ApplicationContext cache statistics: [DefaultContextCache@23b3aa8c size = 1, maxSize = 32, parentContextCount = 0, hitCount = 96, missCount = 1]
23:51:43.370 [Test worker] DEBUG org.springframework.test.context.support.AbstractDirtiesContextTestExecutionListener - After test class: context [DefaultTestContext@19e4fcac testClass = RewardTagManagerTest, testInstance = [null], testMethod = [null], testException = [null], mergedContextConfiguration = [MergedContextConfiguration@52c3cb31 testClass = RewardTagManagerTest, locations = '{}', classes = '{class org.waldreg.reward.tag.DefaultRewardTagManager, class org.waldreg.reward.tag.lib.TagExceedClipper}', contextInitializerClasses = '[]', activeProfiles = '{}', propertySourceLocations = '{}', propertySourceProperties = '{}', contextCustomizers = set[org.springframework.boot.test.autoconfigure.actuate.metrics.MetricsExportContextCustomizerFactory$DisableMetricExportContextCustomizer@3688eb5b, org.springframework.boot.test.autoconfigure.properties.PropertyMappingContextCustomizer@0, org.springframework.boot.test.autoconfigure.web.servlet.WebDriverContextCustomizerFactory$Customizer@6d167f58, org.springframework.boot.test.context.filter.ExcludeFilterContextCustomizer@19c65cdc, org.springframework.boot.test.json.DuplicateJsonObjectContextCustomizerFactory$DuplicateJsonObjectContextCustomizer@1fb669c3, org.springframework.boot.test.mock.mockito.MockitoContextCustomizer@a93cb12e], contextLoader = 'org.springframework.test.context.support.DelegatingSmartContextLoader', parent = [null]], attributes = map['org.springframework.test.context.event.ApplicationEventsTestExecutionListener.recordApplicationEvents' -> false]], class annotated with @DirtiesContext [false] with mode [null].
]]></system-out>
  <system-err><![CDATA[]]></system-err>
</testsuite>
