<?xml version="1.0" encoding="UTF-8"?>
<testsuite name="org.waldreg.reward.users.UsersRewardManagerTest" tests="10" skipped="0" failures="0" errors="0" timestamp="2023-06-27T14:51:43" hostname="xb-apple.local" time="0.024">
  <properties/>
  <testcase name="특정 유저에게 부여된 상 벌점 삭제 실패 테스트 - 상점을 삭제할 대상 유저를 찾을 수 없음" classname="org.waldreg.reward.users.UsersRewardManagerTest" time="0.003"/>
  <testcase name="모든 유저의 상점 초기화 성공 테스트" classname="org.waldreg.reward.users.UsersRewardManagerTest" time="0.001"/>
  <testcase name="특정 유저의 상점 목록 조회 성공 테스트" classname="org.waldreg.reward.users.UsersRewardManagerTest" time="0.002"/>
  <testcase name="특정 유저에게 부여된 상 벌점 삭제 실패 테스트 - 유저가 reward id에 해당하는 상점을 갖고있지 않음" classname="org.waldreg.reward.users.UsersRewardManagerTest" time="0.002"/>
  <testcase name="특정 유저에게 상점 부여 실패 테스트 - reward tag id를 찾을 수 없음" classname="org.waldreg.reward.users.UsersRewardManagerTest" time="0.001"/>
  <testcase name="특정 유저의 상점 목록 조회 실패 테스트 - 유저를 찾을 수 없음" classname="org.waldreg.reward.users.UsersRewardManagerTest" time="0.002"/>
  <testcase name="특정 유저에게 상점 부여 성공 테스트" classname="org.waldreg.reward.users.UsersRewardManagerTest" time="0.001"/>
  <testcase name="특정 유저에게 부여된 상 벌점 삭제 성공 테스트" classname="org.waldreg.reward.users.UsersRewardManagerTest" time="0.001"/>
  <testcase name="특정 유저에게 상점 부여 실패 테스트 - id에 해당하는 유저를 찾을 수 없음" classname="org.waldreg.reward.users.UsersRewardManagerTest" time="0.001"/>
  <testcase name="상 벌점을 한번이라도 받은 유저 조회 성공 테스트" classname="org.waldreg.reward.users.UsersRewardManagerTest" time="0.001"/>
  <system-out><![CDATA[23:51:43.380 [Test worker] DEBUG org.springframework.test.context.BootstrapUtils - Instantiating CacheAwareContextLoaderDelegate from class [org.springframework.test.context.cache.DefaultCacheAwareContextLoaderDelegate]
23:51:43.380 [Test worker] DEBUG org.springframework.test.context.BootstrapUtils - Instantiating BootstrapContext using constructor [public org.springframework.test.context.support.DefaultBootstrapContext(java.lang.Class,org.springframework.test.context.CacheAwareContextLoaderDelegate)]
23:51:43.380 [Test worker] DEBUG org.springframework.test.context.BootstrapUtils - Instantiating TestContextBootstrapper for test class [org.waldreg.reward.users.UsersRewardManagerTest] from class [org.springframework.test.context.support.DefaultTestContextBootstrapper]
23:51:43.380 [Test worker] DEBUG org.springframework.test.context.support.AbstractDelegatingSmartContextLoader - Delegating to AnnotationConfigContextLoader to process context configuration [ContextConfigurationAttributes@73437222 declaringClass = 'org.waldreg.reward.users.UsersRewardManagerTest', classes = '{class org.waldreg.reward.users.DefaultUsersRewardManager}', locations = '{}', inheritLocations = true, initializers = '{}', inheritInitializers = true, name = [null], contextLoaderClass = 'org.springframework.test.context.ContextLoader'].
23:51:43.381 [Test worker] DEBUG org.springframework.test.context.support.ActiveProfilesUtils - Could not find an 'annotation declaring class' for annotation type [org.springframework.test.context.ActiveProfiles] and class [org.waldreg.reward.users.UsersRewardManagerTest]
23:51:43.381 [Test worker] DEBUG org.springframework.test.context.support.DefaultTestContextBootstrapper - @TestExecutionListeners is not present for class [org.waldreg.reward.users.UsersRewardManagerTest]: using defaults.
23:51:43.381 [Test worker] INFO org.springframework.test.context.support.DefaultTestContextBootstrapper - Loaded default TestExecutionListener class names from location [META-INF/spring.factories]: [org.springframework.boot.test.autoconfigure.restdocs.RestDocsTestExecutionListener, org.springframework.boot.test.autoconfigure.web.client.MockRestServiceServerResetTestExecutionListener, org.springframework.boot.test.autoconfigure.web.servlet.MockMvcPrintOnlyOnFailureTestExecutionListener, org.springframework.boot.test.autoconfigure.web.servlet.WebDriverTestExecutionListener, org.springframework.boot.test.autoconfigure.webservices.client.MockWebServiceServerTestExecutionListener, org.springframework.boot.test.mock.mockito.MockitoTestExecutionListener, org.springframework.boot.test.mock.mockito.ResetMocksTestExecutionListener, org.springframework.test.context.web.ServletTestExecutionListener, org.springframework.test.context.support.DirtiesContextBeforeModesTestExecutionListener, org.springframework.test.context.event.ApplicationEventsTestExecutionListener, org.springframework.test.context.support.DependencyInjectionTestExecutionListener, org.springframework.test.context.support.DirtiesContextTestExecutionListener, org.springframework.test.context.transaction.TransactionalTestExecutionListener, org.springframework.test.context.jdbc.SqlScriptsTestExecutionListener, org.springframework.test.context.event.EventPublishingTestExecutionListener]
23:51:43.381 [Test worker] DEBUG org.springframework.test.context.support.DefaultTestContextBootstrapper - Skipping candidate TestExecutionListener [org.springframework.test.context.transaction.TransactionalTestExecutionListener] due to a missing dependency. Specify custom listener classes or make the default listener classes and their required dependencies available. Offending class: [org/springframework/transaction/interceptor/TransactionAttributeSource]
23:51:43.381 [Test worker] DEBUG org.springframework.test.context.support.DefaultTestContextBootstrapper - Skipping candidate TestExecutionListener [org.springframework.test.context.jdbc.SqlScriptsTestExecutionListener] due to a missing dependency. Specify custom listener classes or make the default listener classes and their required dependencies available. Offending class: [org/springframework/transaction/interceptor/TransactionAttribute]
23:51:43.381 [Test worker] INFO org.springframework.test.context.support.DefaultTestContextBootstrapper - Using TestExecutionListeners: [org.springframework.test.context.web.ServletTestExecutionListener@4096aa05, org.springframework.test.context.support.DirtiesContextBeforeModesTestExecutionListener@9d3c67, org.springframework.test.context.event.ApplicationEventsTestExecutionListener@6c806c8b, org.springframework.boot.test.mock.mockito.MockitoTestExecutionListener@6dfcffb5, org.springframework.test.context.support.DependencyInjectionTestExecutionListener@184fb68d, org.springframework.test.context.support.DirtiesContextTestExecutionListener@71d8cfe7, org.springframework.test.context.event.EventPublishingTestExecutionListener@1e530163, org.springframework.boot.test.autoconfigure.restdocs.RestDocsTestExecutionListener@14d8444b, org.springframework.boot.test.autoconfigure.web.client.MockRestServiceServerResetTestExecutionListener@71466383, org.springframework.boot.test.autoconfigure.web.servlet.MockMvcPrintOnlyOnFailureTestExecutionListener@46d63dbb, org.springframework.boot.test.autoconfigure.web.servlet.WebDriverTestExecutionListener@4088741b, org.springframework.boot.test.autoconfigure.webservices.client.MockWebServiceServerTestExecutionListener@16a49a5d, org.springframework.boot.test.mock.mockito.ResetMocksTestExecutionListener@54bca971]
23:51:43.382 [Test worker] DEBUG org.springframework.test.context.support.AbstractDirtiesContextTestExecutionListener - Before test class: context [DefaultTestContext@23706db8 testClass = UsersRewardManagerTest, testInstance = [null], testMethod = [null], testException = [null], mergedContextConfiguration = [MergedContextConfiguration@205bed61 testClass = UsersRewardManagerTest, locations = '{}', classes = '{class org.waldreg.reward.users.DefaultUsersRewardManager}', contextInitializerClasses = '[]', activeProfiles = '{}', propertySourceLocations = '{}', propertySourceProperties = '{}', contextCustomizers = set[org.springframework.boot.test.autoconfigure.actuate.metrics.MetricsExportContextCustomizerFactory$DisableMetricExportContextCustomizer@3688eb5b, org.springframework.boot.test.autoconfigure.properties.PropertyMappingContextCustomizer@0, org.springframework.boot.test.autoconfigure.web.servlet.WebDriverContextCustomizerFactory$Customizer@6d167f58, org.springframework.boot.test.context.filter.ExcludeFilterContextCustomizer@19c65cdc, org.springframework.boot.test.json.DuplicateJsonObjectContextCustomizerFactory$DuplicateJsonObjectContextCustomizer@1fb669c3, org.springframework.boot.test.mock.mockito.MockitoContextCustomizer@fd1c9f0a], contextLoader = 'org.springframework.test.context.support.DelegatingSmartContextLoader', parent = [null]], attributes = map[[empty]]], class annotated with @DirtiesContext [false] with mode [null].
23:51:43.382 [Test worker] DEBUG org.springframework.test.context.support.AbstractDelegatingSmartContextLoader - Delegating to AnnotationConfigContextLoader to load context from [MergedContextConfiguration@205bed61 testClass = UsersRewardManagerTest, locations = '{}', classes = '{class org.waldreg.reward.users.DefaultUsersRewardManager}', contextInitializerClasses = '[]', activeProfiles = '{}', propertySourceLocations = '{}', propertySourceProperties = '{}', contextCustomizers = set[org.springframework.boot.test.autoconfigure.actuate.metrics.MetricsExportContextCustomizerFactory$DisableMetricExportContextCustomizer@3688eb5b, org.springframework.boot.test.autoconfigure.properties.PropertyMappingContextCustomizer@0, org.springframework.boot.test.autoconfigure.web.servlet.WebDriverContextCustomizerFactory$Customizer@6d167f58, org.springframework.boot.test.context.filter.ExcludeFilterContextCustomizer@19c65cdc, org.springframework.boot.test.json.DuplicateJsonObjectContextCustomizerFactory$DuplicateJsonObjectContextCustomizer@1fb669c3, org.springframework.boot.test.mock.mockito.MockitoContextCustomizer@fd1c9f0a], contextLoader = 'org.springframework.test.context.support.DelegatingSmartContextLoader', parent = [null]].
23:51:43.382 [Test worker] DEBUG org.springframework.test.context.support.AbstractGenericContextLoader - Loading ApplicationContext for merged context configuration [[MergedContextConfiguration@205bed61 testClass = UsersRewardManagerTest, locations = '{}', classes = '{class org.waldreg.reward.users.DefaultUsersRewardManager}', contextInitializerClasses = '[]', activeProfiles = '{}', propertySourceLocations = '{}', propertySourceProperties = '{}', contextCustomizers = set[org.springframework.boot.test.autoconfigure.actuate.metrics.MetricsExportContextCustomizerFactory$DisableMetricExportContextCustomizer@3688eb5b, org.springframework.boot.test.autoconfigure.properties.PropertyMappingContextCustomizer@0, org.springframework.boot.test.autoconfigure.web.servlet.WebDriverContextCustomizerFactory$Customizer@6d167f58, org.springframework.boot.test.context.filter.ExcludeFilterContextCustomizer@19c65cdc, org.springframework.boot.test.json.DuplicateJsonObjectContextCustomizerFactory$DuplicateJsonObjectContextCustomizer@1fb669c3, org.springframework.boot.test.mock.mockito.MockitoContextCustomizer@fd1c9f0a], contextLoader = 'org.springframework.test.context.support.DelegatingSmartContextLoader', parent = [null]]].
23:51:43.382 [Test worker] DEBUG org.springframework.core.env.StandardEnvironment - Activating profiles []
23:51:43.382 [Test worker] DEBUG org.springframework.test.context.support.AnnotationConfigContextLoader - Registering component classes: {class org.waldreg.reward.users.DefaultUsersRewardManager}
23:51:43.383 [Test worker] DEBUG org.springframework.context.support.GenericApplicationContext - Refreshing org.springframework.context.support.GenericApplicationContext@129fed45
23:51:43.383 [Test worker] DEBUG org.springframework.beans.factory.support.DefaultListableBeanFactory - Creating shared instance of singleton bean 'org.springframework.context.annotation.internalConfigurationAnnotationProcessor'
23:51:43.383 [Test worker] DEBUG org.springframework.beans.factory.support.DefaultListableBeanFactory - Creating shared instance of singleton bean 'org.springframework.boot.test.mock.mockito.MockitoPostProcessor'
23:51:43.397 [Test worker] DEBUG org.springframework.beans.factory.support.DefaultListableBeanFactory - Creating shared instance of singleton bean 'org.springframework.context.event.internalEventListenerProcessor'
23:51:43.398 [Test worker] DEBUG org.springframework.beans.factory.support.DefaultListableBeanFactory - Creating shared instance of singleton bean 'org.springframework.context.event.internalEventListenerFactory'
23:51:43.398 [Test worker] DEBUG org.springframework.beans.factory.support.DefaultListableBeanFactory - Creating shared instance of singleton bean 'org.springframework.context.annotation.internalAutowiredAnnotationProcessor'
23:51:43.398 [Test worker] DEBUG org.springframework.beans.factory.support.DefaultListableBeanFactory - Creating shared instance of singleton bean 'org.springframework.context.annotation.internalCommonAnnotationProcessor'
23:51:43.398 [Test worker] DEBUG org.springframework.beans.factory.support.DefaultListableBeanFactory - Creating shared instance of singleton bean 'org.springframework.boot.test.mock.mockito.MockitoPostProcessor$SpyPostProcessor'
23:51:43.398 [Test worker] DEBUG org.springframework.beans.factory.support.DefaultListableBeanFactory - Creating shared instance of singleton bean 'defaultUsersRewardManager'
23:51:43.399 [Test worker] DEBUG org.springframework.beans.factory.support.DefaultListableBeanFactory - Autowiring by type from bean name 'defaultUsersRewardManager' via constructor to bean named 'org.waldreg.reward.users.spi.repository.UsersRewardRepository#0'
23:51:43.399 [Test worker] DEBUG org.springframework.beans.factory.support.DefaultListableBeanFactory - Autowiring by type from bean name 'defaultUsersRewardManager' via constructor to bean named 'org.waldreg.reward.users.spi.tag.RewardTagExistChecker#0'
23:51:43.399 [Test worker] DEBUG org.springframework.beans.factory.support.DefaultListableBeanFactory - Autowiring by type from bean name 'defaultUsersRewardManager' via constructor to bean named 'org.waldreg.reward.users.spi.repository.UserExistChecker#0'
23:51:43.400 [Test worker] DEBUG org.springframework.test.context.cache.DefaultCacheAwareContextLoaderDelegate - Storing ApplicationContext [312470853] in cache under key [[MergedContextConfiguration@205bed61 testClass = UsersRewardManagerTest, locations = '{}', classes = '{class org.waldreg.reward.users.DefaultUsersRewardManager}', contextInitializerClasses = '[]', activeProfiles = '{}', propertySourceLocations = '{}', propertySourceProperties = '{}', contextCustomizers = set[org.springframework.boot.test.autoconfigure.actuate.metrics.MetricsExportContextCustomizerFactory$DisableMetricExportContextCustomizer@3688eb5b, org.springframework.boot.test.autoconfigure.properties.PropertyMappingContextCustomizer@0, org.springframework.boot.test.autoconfigure.web.servlet.WebDriverContextCustomizerFactory$Customizer@6d167f58, org.springframework.boot.test.context.filter.ExcludeFilterContextCustomizer@19c65cdc, org.springframework.boot.test.json.DuplicateJsonObjectContextCustomizerFactory$DuplicateJsonObjectContextCustomizer@1fb669c3, org.springframework.boot.test.mock.mockito.MockitoContextCustomizer@fd1c9f0a], contextLoader = 'org.springframework.test.context.support.DelegatingSmartContextLoader', parent = [null]]]
23:51:43.401 [Test worker] DEBUG org.springframework.test.context.cache - Spring test ApplicationContext cache statistics: [DefaultContextCache@23b3aa8c size = 3, maxSize = 32, parentContextCount = 0, hitCount = 118, missCount = 3]
23:51:43.401 [Test worker] DEBUG org.springframework.test.context.support.DependencyInjectionTestExecutionListener - Performing dependency injection for test context [[DefaultTestContext@23706db8 testClass = UsersRewardManagerTest, testInstance = org.waldreg.reward.users.UsersRewardManagerTest@2c58dcb1, testMethod = [null], testException = [null], mergedContextConfiguration = [MergedContextConfiguration@205bed61 testClass = UsersRewardManagerTest, locations = '{}', classes = '{class org.waldreg.reward.users.DefaultUsersRewardManager}', contextInitializerClasses = '[]', activeProfiles = '{}', propertySourceLocations = '{}', propertySourceProperties = '{}', contextCustomizers = set[org.springframework.boot.test.autoconfigure.actuate.metrics.MetricsExportContextCustomizerFactory$DisableMetricExportContextCustomizer@3688eb5b, org.springframework.boot.test.autoconfigure.properties.PropertyMappingContextCustomizer@0, org.springframework.boot.test.autoconfigure.web.servlet.WebDriverContextCustomizerFactory$Customizer@6d167f58, org.springframework.boot.test.context.filter.ExcludeFilterContextCustomizer@19c65cdc, org.springframework.boot.test.json.DuplicateJsonObjectContextCustomizerFactory$DuplicateJsonObjectContextCustomizer@1fb669c3, org.springframework.boot.test.mock.mockito.MockitoContextCustomizer@fd1c9f0a], contextLoader = 'org.springframework.test.context.support.DelegatingSmartContextLoader', parent = [null]], attributes = map['org.springframework.test.context.event.ApplicationEventsTestExecutionListener.recordApplicationEvents' -> false]]].
23:51:43.401 [Test worker] DEBUG org.springframework.test.context.cache.DefaultCacheAwareContextLoaderDelegate - Retrieved ApplicationContext [312470853] from cache with key [[MergedContextConfiguration@205bed61 testClass = UsersRewardManagerTest, locations = '{}', classes = '{class org.waldreg.reward.users.DefaultUsersRewardManager}', contextInitializerClasses = '[]', activeProfiles = '{}', propertySourceLocations = '{}', propertySourceProperties = '{}', contextCustomizers = set[org.springframework.boot.test.autoconfigure.actuate.metrics.MetricsExportContextCustomizerFactory$DisableMetricExportContextCustomizer@3688eb5b, org.springframework.boot.test.autoconfigure.properties.PropertyMappingContextCustomizer@0, org.springframework.boot.test.autoconfigure.web.servlet.WebDriverContextCustomizerFactory$Customizer@6d167f58, org.springframework.boot.test.context.filter.ExcludeFilterContextCustomizer@19c65cdc, org.springframework.boot.test.json.DuplicateJsonObjectContextCustomizerFactory$DuplicateJsonObjectContextCustomizer@1fb669c3, org.springframework.boot.test.mock.mockito.MockitoContextCustomizer@fd1c9f0a], contextLoader = 'org.springframework.test.context.support.DelegatingSmartContextLoader', parent = [null]]]
23:51:43.401 [Test worker] DEBUG org.springframework.test.context.cache - Spring test ApplicationContext cache statistics: [DefaultContextCache@23b3aa8c size = 3, maxSize = 32, parentContextCount = 0, hitCount = 119, missCount = 3]
23:51:43.402 [Test worker] DEBUG org.springframework.test.context.cache.DefaultCacheAwareContextLoaderDelegate - Retrieved ApplicationContext [312470853] from cache with key [[MergedContextConfiguration@205bed61 testClass = UsersRewardManagerTest, locations = '{}', classes = '{class org.waldreg.reward.users.DefaultUsersRewardManager}', contextInitializerClasses = '[]', activeProfiles = '{}', propertySourceLocations = '{}', propertySourceProperties = '{}', contextCustomizers = set[org.springframework.boot.test.autoconfigure.actuate.metrics.MetricsExportContextCustomizerFactory$DisableMetricExportContextCustomizer@3688eb5b, org.springframework.boot.test.autoconfigure.properties.PropertyMappingContextCustomizer@0, org.springframework.boot.test.autoconfigure.web.servlet.WebDriverContextCustomizerFactory$Customizer@6d167f58, org.springframework.boot.test.context.filter.ExcludeFilterContextCustomizer@19c65cdc, org.springframework.boot.test.json.DuplicateJsonObjectContextCustomizerFactory$DuplicateJsonObjectContextCustomizer@1fb669c3, org.springframework.boot.test.mock.mockito.MockitoContextCustomizer@fd1c9f0a], contextLoader = 'org.springframework.test.context.support.DelegatingSmartContextLoader', parent = [null]]]
23:51:43.402 [Test worker] DEBUG org.springframework.test.context.cache - Spring test ApplicationContext cache statistics: [DefaultContextCache@23b3aa8c size = 3, maxSize = 32, parentContextCount = 0, hitCount = 120, missCount = 3]
23:51:43.402 [Test worker] DEBUG org.springframework.test.context.support.AbstractDirtiesContextTestExecutionListener - Before test method: context [DefaultTestContext@23706db8 testClass = UsersRewardManagerTest, testInstance = org.waldreg.reward.users.UsersRewardManagerTest@2c58dcb1, testMethod = DELETE_REWARD_TAG_ASSIGNED_TO_SPECIFY_USERS_FAIL_CANNOT_FIND_USER_TEST@UsersRewardManagerTest, testException = [null], mergedContextConfiguration = [MergedContextConfiguration@205bed61 testClass = UsersRewardManagerTest, locations = '{}', classes = '{class org.waldreg.reward.users.DefaultUsersRewardManager}', contextInitializerClasses = '[]', activeProfiles = '{}', propertySourceLocations = '{}', propertySourceProperties = '{}', contextCustomizers = set[org.springframework.boot.test.autoconfigure.actuate.metrics.MetricsExportContextCustomizerFactory$DisableMetricExportContextCustomizer@3688eb5b, org.springframework.boot.test.autoconfigure.properties.PropertyMappingContextCustomizer@0, org.springframework.boot.test.autoconfigure.web.servlet.WebDriverContextCustomizerFactory$Customizer@6d167f58, org.springframework.boot.test.context.filter.ExcludeFilterContextCustomizer@19c65cdc, org.springframework.boot.test.json.DuplicateJsonObjectContextCustomizerFactory$DuplicateJsonObjectContextCustomizer@1fb669c3, org.springframework.boot.test.mock.mockito.MockitoContextCustomizer@fd1c9f0a], contextLoader = 'org.springframework.test.context.support.DelegatingSmartContextLoader', parent = [null]], attributes = map['org.springframework.test.context.event.ApplicationEventsTestExecutionListener.recordApplicationEvents' -> false]], class annotated with @DirtiesContext [false] with mode [null], method annotated with @DirtiesContext [false] with mode [null].
23:51:43.402 [Test worker] DEBUG org.springframework.test.context.cache.DefaultCacheAwareContextLoaderDelegate - Retrieved ApplicationContext [312470853] from cache with key [[MergedContextConfiguration@205bed61 testClass = UsersRewardManagerTest, locations = '{}', classes = '{class org.waldreg.reward.users.DefaultUsersRewardManager}', contextInitializerClasses = '[]', activeProfiles = '{}', propertySourceLocations = '{}', propertySourceProperties = '{}', contextCustomizers = set[org.springframework.boot.test.autoconfigure.actuate.metrics.MetricsExportContextCustomizerFactory$DisableMetricExportContextCustomizer@3688eb5b, org.springframework.boot.test.autoconfigure.properties.PropertyMappingContextCustomizer@0, org.springframework.boot.test.autoconfigure.web.servlet.WebDriverContextCustomizerFactory$Customizer@6d167f58, org.springframework.boot.test.context.filter.ExcludeFilterContextCustomizer@19c65cdc, org.springframework.boot.test.json.DuplicateJsonObjectContextCustomizerFactory$DuplicateJsonObjectContextCustomizer@1fb669c3, org.springframework.boot.test.mock.mockito.MockitoContextCustomizer@fd1c9f0a], contextLoader = 'org.springframework.test.context.support.DelegatingSmartContextLoader', parent = [null]]]
23:51:43.402 [Test worker] DEBUG org.springframework.test.context.cache - Spring test ApplicationContext cache statistics: [DefaultContextCache@23b3aa8c size = 3, maxSize = 32, parentContextCount = 0, hitCount = 121, missCount = 3]
23:51:43.402 [Test worker] DEBUG org.springframework.test.context.cache.DefaultCacheAwareContextLoaderDelegate - Retrieved ApplicationContext [312470853] from cache with key [[MergedContextConfiguration@205bed61 testClass = UsersRewardManagerTest, locations = '{}', classes = '{class org.waldreg.reward.users.DefaultUsersRewardManager}', contextInitializerClasses = '[]', activeProfiles = '{}', propertySourceLocations = '{}', propertySourceProperties = '{}', contextCustomizers = set[org.springframework.boot.test.autoconfigure.actuate.metrics.MetricsExportContextCustomizerFactory$DisableMetricExportContextCustomizer@3688eb5b, org.springframework.boot.test.autoconfigure.properties.PropertyMappingContextCustomizer@0, org.springframework.boot.test.autoconfigure.web.servlet.WebDriverContextCustomizerFactory$Customizer@6d167f58, org.springframework.boot.test.context.filter.ExcludeFilterContextCustomizer@19c65cdc, org.springframework.boot.test.json.DuplicateJsonObjectContextCustomizerFactory$DuplicateJsonObjectContextCustomizer@1fb669c3, org.springframework.boot.test.mock.mockito.MockitoContextCustomizer@fd1c9f0a], contextLoader = 'org.springframework.test.context.support.DelegatingSmartContextLoader', parent = [null]]]
23:51:43.402 [Test worker] DEBUG org.springframework.test.context.cache - Spring test ApplicationContext cache statistics: [DefaultContextCache@23b3aa8c size = 3, maxSize = 32, parentContextCount = 0, hitCount = 122, missCount = 3]
23:51:43.403 [Test worker] DEBUG org.springframework.test.context.cache.DefaultCacheAwareContextLoaderDelegate - Retrieved ApplicationContext [312470853] from cache with key [[MergedContextConfiguration@205bed61 testClass = UsersRewardManagerTest, locations = '{}', classes = '{class org.waldreg.reward.users.DefaultUsersRewardManager}', contextInitializerClasses = '[]', activeProfiles = '{}', propertySourceLocations = '{}', propertySourceProperties = '{}', contextCustomizers = set[org.springframework.boot.test.autoconfigure.actuate.metrics.MetricsExportContextCustomizerFactory$DisableMetricExportContextCustomizer@3688eb5b, org.springframework.boot.test.autoconfigure.properties.PropertyMappingContextCustomizer@0, org.springframework.boot.test.autoconfigure.web.servlet.WebDriverContextCustomizerFactory$Customizer@6d167f58, org.springframework.boot.test.context.filter.ExcludeFilterContextCustomizer@19c65cdc, org.springframework.boot.test.json.DuplicateJsonObjectContextCustomizerFactory$DuplicateJsonObjectContextCustomizer@1fb669c3, org.springframework.boot.test.mock.mockito.MockitoContextCustomizer@fd1c9f0a], contextLoader = 'org.springframework.test.context.support.DelegatingSmartContextLoader', parent = [null]]]
23:51:43.403 [Test worker] DEBUG org.springframework.test.context.cache - Spring test ApplicationContext cache statistics: [DefaultContextCache@23b3aa8c size = 3, maxSize = 32, parentContextCount = 0, hitCount = 123, missCount = 3]
23:51:43.404 [Test worker] DEBUG org.springframework.test.context.cache.DefaultCacheAwareContextLoaderDelegate - Retrieved ApplicationContext [312470853] from cache with key [[MergedContextConfiguration@205bed61 testClass = UsersRewardManagerTest, locations = '{}', classes = '{class org.waldreg.reward.users.DefaultUsersRewardManager}', contextInitializerClasses = '[]', activeProfiles = '{}', propertySourceLocations = '{}', propertySourceProperties = '{}', contextCustomizers = set[org.springframework.boot.test.autoconfigure.actuate.metrics.MetricsExportContextCustomizerFactory$DisableMetricExportContextCustomizer@3688eb5b, org.springframework.boot.test.autoconfigure.properties.PropertyMappingContextCustomizer@0, org.springframework.boot.test.autoconfigure.web.servlet.WebDriverContextCustomizerFactory$Customizer@6d167f58, org.springframework.boot.test.context.filter.ExcludeFilterContextCustomizer@19c65cdc, org.springframework.boot.test.json.DuplicateJsonObjectContextCustomizerFactory$DuplicateJsonObjectContextCustomizer@1fb669c3, org.springframework.boot.test.mock.mockito.MockitoContextCustomizer@fd1c9f0a], contextLoader = 'org.springframework.test.context.support.DelegatingSmartContextLoader', parent = [null]]]
23:51:43.404 [Test worker] DEBUG org.springframework.test.context.cache - Spring test ApplicationContext cache statistics: [DefaultContextCache@23b3aa8c size = 3, maxSize = 32, parentContextCount = 0, hitCount = 124, missCount = 3]
23:51:43.404 [Test worker] DEBUG org.springframework.test.context.cache.DefaultCacheAwareContextLoaderDelegate - Retrieved ApplicationContext [312470853] from cache with key [[MergedContextConfiguration@205bed61 testClass = UsersRewardManagerTest, locations = '{}', classes = '{class org.waldreg.reward.users.DefaultUsersRewardManager}', contextInitializerClasses = '[]', activeProfiles = '{}', propertySourceLocations = '{}', propertySourceProperties = '{}', contextCustomizers = set[org.springframework.boot.test.autoconfigure.actuate.metrics.MetricsExportContextCustomizerFactory$DisableMetricExportContextCustomizer@3688eb5b, org.springframework.boot.test.autoconfigure.properties.PropertyMappingContextCustomizer@0, org.springframework.boot.test.autoconfigure.web.servlet.WebDriverContextCustomizerFactory$Customizer@6d167f58, org.springframework.boot.test.context.filter.ExcludeFilterContextCustomizer@19c65cdc, org.springframework.boot.test.json.DuplicateJsonObjectContextCustomizerFactory$DuplicateJsonObjectContextCustomizer@1fb669c3, org.springframework.boot.test.mock.mockito.MockitoContextCustomizer@fd1c9f0a], contextLoader = 'org.springframework.test.context.support.DelegatingSmartContextLoader', parent = [null]]]
23:51:43.404 [Test worker] DEBUG org.springframework.test.context.cache - Spring test ApplicationContext cache statistics: [DefaultContextCache@23b3aa8c size = 3, maxSize = 32, parentContextCount = 0, hitCount = 125, missCount = 3]
23:51:43.404 [Test worker] DEBUG org.springframework.test.context.cache.DefaultCacheAwareContextLoaderDelegate - Retrieved ApplicationContext [312470853] from cache with key [[MergedContextConfiguration@205bed61 testClass = UsersRewardManagerTest, locations = '{}', classes = '{class org.waldreg.reward.users.DefaultUsersRewardManager}', contextInitializerClasses = '[]', activeProfiles = '{}', propertySourceLocations = '{}', propertySourceProperties = '{}', contextCustomizers = set[org.springframework.boot.test.autoconfigure.actuate.metrics.MetricsExportContextCustomizerFactory$DisableMetricExportContextCustomizer@3688eb5b, org.springframework.boot.test.autoconfigure.properties.PropertyMappingContextCustomizer@0, org.springframework.boot.test.autoconfigure.web.servlet.WebDriverContextCustomizerFactory$Customizer@6d167f58, org.springframework.boot.test.context.filter.ExcludeFilterContextCustomizer@19c65cdc, org.springframework.boot.test.json.DuplicateJsonObjectContextCustomizerFactory$DuplicateJsonObjectContextCustomizer@1fb669c3, org.springframework.boot.test.mock.mockito.MockitoContextCustomizer@fd1c9f0a], contextLoader = 'org.springframework.test.context.support.DelegatingSmartContextLoader', parent = [null]]]
23:51:43.404 [Test worker] DEBUG org.springframework.test.context.cache - Spring test ApplicationContext cache statistics: [DefaultContextCache@23b3aa8c size = 3, maxSize = 32, parentContextCount = 0, hitCount = 126, missCount = 3]
23:51:43.404 [Test worker] DEBUG org.springframework.test.context.cache.DefaultCacheAwareContextLoaderDelegate - Retrieved ApplicationContext [312470853] from cache with key [[MergedContextConfiguration@205bed61 testClass = UsersRewardManagerTest, locations = '{}', classes = '{class org.waldreg.reward.users.DefaultUsersRewardManager}', contextInitializerClasses = '[]', activeProfiles = '{}', propertySourceLocations = '{}', propertySourceProperties = '{}', contextCustomizers = set[org.springframework.boot.test.autoconfigure.actuate.metrics.MetricsExportContextCustomizerFactory$DisableMetricExportContextCustomizer@3688eb5b, org.springframework.boot.test.autoconfigure.properties.PropertyMappingContextCustomizer@0, org.springframework.boot.test.autoconfigure.web.servlet.WebDriverContextCustomizerFactory$Customizer@6d167f58, org.springframework.boot.test.context.filter.ExcludeFilterContextCustomizer@19c65cdc, org.springframework.boot.test.json.DuplicateJsonObjectContextCustomizerFactory$DuplicateJsonObjectContextCustomizer@1fb669c3, org.springframework.boot.test.mock.mockito.MockitoContextCustomizer@fd1c9f0a], contextLoader = 'org.springframework.test.context.support.DelegatingSmartContextLoader', parent = [null]]]
23:51:43.404 [Test worker] DEBUG org.springframework.test.context.cache - Spring test ApplicationContext cache statistics: [DefaultContextCache@23b3aa8c size = 3, maxSize = 32, parentContextCount = 0, hitCount = 127, missCount = 3]
23:51:43.404 [Test worker] DEBUG org.springframework.test.context.cache.DefaultCacheAwareContextLoaderDelegate - Retrieved ApplicationContext [312470853] from cache with key [[MergedContextConfiguration@205bed61 testClass = UsersRewardManagerTest, locations = '{}', classes = '{class org.waldreg.reward.users.DefaultUsersRewardManager}', contextInitializerClasses = '[]', activeProfiles = '{}', propertySourceLocations = '{}', propertySourceProperties = '{}', contextCustomizers = set[org.springframework.boot.test.autoconfigure.actuate.metrics.MetricsExportContextCustomizerFactory$DisableMetricExportContextCustomizer@3688eb5b, org.springframework.boot.test.autoconfigure.properties.PropertyMappingContextCustomizer@0, org.springframework.boot.test.autoconfigure.web.servlet.WebDriverContextCustomizerFactory$Customizer@6d167f58, org.springframework.boot.test.context.filter.ExcludeFilterContextCustomizer@19c65cdc, org.springframework.boot.test.json.DuplicateJsonObjectContextCustomizerFactory$DuplicateJsonObjectContextCustomizer@1fb669c3, org.springframework.boot.test.mock.mockito.MockitoContextCustomizer@fd1c9f0a], contextLoader = 'org.springframework.test.context.support.DelegatingSmartContextLoader', parent = [null]]]
23:51:43.404 [Test worker] DEBUG org.springframework.test.context.cache - Spring test ApplicationContext cache statistics: [DefaultContextCache@23b3aa8c size = 3, maxSize = 32, parentContextCount = 0, hitCount = 128, missCount = 3]
23:51:43.404 [Test worker] DEBUG org.springframework.test.context.cache.DefaultCacheAwareContextLoaderDelegate - Retrieved ApplicationContext [312470853] from cache with key [[MergedContextConfiguration@205bed61 testClass = UsersRewardManagerTest, locations = '{}', classes = '{class org.waldreg.reward.users.DefaultUsersRewardManager}', contextInitializerClasses = '[]', activeProfiles = '{}', propertySourceLocations = '{}', propertySourceProperties = '{}', contextCustomizers = set[org.springframework.boot.test.autoconfigure.actuate.metrics.MetricsExportContextCustomizerFactory$DisableMetricExportContextCustomizer@3688eb5b, org.springframework.boot.test.autoconfigure.properties.PropertyMappingContextCustomizer@0, org.springframework.boot.test.autoconfigure.web.servlet.WebDriverContextCustomizerFactory$Customizer@6d167f58, org.springframework.boot.test.context.filter.ExcludeFilterContextCustomizer@19c65cdc, org.springframework.boot.test.json.DuplicateJsonObjectContextCustomizerFactory$DuplicateJsonObjectContextCustomizer@1fb669c3, org.springframework.boot.test.mock.mockito.MockitoContextCustomizer@fd1c9f0a], contextLoader = 'org.springframework.test.context.support.DelegatingSmartContextLoader', parent = [null]]]
23:51:43.404 [Test worker] DEBUG org.springframework.test.context.cache - Spring test ApplicationContext cache statistics: [DefaultContextCache@23b3aa8c size = 3, maxSize = 32, parentContextCount = 0, hitCount = 129, missCount = 3]
23:51:43.405 [Test worker] DEBUG org.springframework.test.context.support.AbstractDirtiesContextTestExecutionListener - After test method: context [DefaultTestContext@23706db8 testClass = UsersRewardManagerTest, testInstance = org.waldreg.reward.users.UsersRewardManagerTest@2c58dcb1, testMethod = DELETE_REWARD_TAG_ASSIGNED_TO_SPECIFY_USERS_FAIL_CANNOT_FIND_USER_TEST@UsersRewardManagerTest, testException = [null], mergedContextConfiguration = [MergedContextConfiguration@205bed61 testClass = UsersRewardManagerTest, locations = '{}', classes = '{class org.waldreg.reward.users.DefaultUsersRewardManager}', contextInitializerClasses = '[]', activeProfiles = '{}', propertySourceLocations = '{}', propertySourceProperties = '{}', contextCustomizers = set[org.springframework.boot.test.autoconfigure.actuate.metrics.MetricsExportContextCustomizerFactory$DisableMetricExportContextCustomizer@3688eb5b, org.springframework.boot.test.autoconfigure.properties.PropertyMappingContextCustomizer@0, org.springframework.boot.test.autoconfigure.web.servlet.WebDriverContextCustomizerFactory$Customizer@6d167f58, org.springframework.boot.test.context.filter.ExcludeFilterContextCustomizer@19c65cdc, org.springframework.boot.test.json.DuplicateJsonObjectContextCustomizerFactory$DuplicateJsonObjectContextCustomizer@1fb669c3, org.springframework.boot.test.mock.mockito.MockitoContextCustomizer@fd1c9f0a], contextLoader = 'org.springframework.test.context.support.DelegatingSmartContextLoader', parent = [null]], attributes = map['org.springframework.test.context.event.ApplicationEventsTestExecutionListener.recordApplicationEvents' -> false]], class annotated with @DirtiesContext [false] with mode [null], method annotated with @DirtiesContext [false] with mode [null].
23:51:43.405 [Test worker] DEBUG org.springframework.test.context.cache.DefaultCacheAwareContextLoaderDelegate - Retrieved ApplicationContext [312470853] from cache with key [[MergedContextConfiguration@205bed61 testClass = UsersRewardManagerTest, locations = '{}', classes = '{class org.waldreg.reward.users.DefaultUsersRewardManager}', contextInitializerClasses = '[]', activeProfiles = '{}', propertySourceLocations = '{}', propertySourceProperties = '{}', contextCustomizers = set[org.springframework.boot.test.autoconfigure.actuate.metrics.MetricsExportContextCustomizerFactory$DisableMetricExportContextCustomizer@3688eb5b, org.springframework.boot.test.autoconfigure.properties.PropertyMappingContextCustomizer@0, org.springframework.boot.test.autoconfigure.web.servlet.WebDriverContextCustomizerFactory$Customizer@6d167f58, org.springframework.boot.test.context.filter.ExcludeFilterContextCustomizer@19c65cdc, org.springframework.boot.test.json.DuplicateJsonObjectContextCustomizerFactory$DuplicateJsonObjectContextCustomizer@1fb669c3, org.springframework.boot.test.mock.mockito.MockitoContextCustomizer@fd1c9f0a], contextLoader = 'org.springframework.test.context.support.DelegatingSmartContextLoader', parent = [null]]]
23:51:43.405 [Test worker] DEBUG org.springframework.test.context.cache - Spring test ApplicationContext cache statistics: [DefaultContextCache@23b3aa8c size = 3, maxSize = 32, parentContextCount = 0, hitCount = 130, missCount = 3]
23:51:43.405 [Test worker] DEBUG org.springframework.test.context.support.DependencyInjectionTestExecutionListener - Performing dependency injection for test context [[DefaultTestContext@23706db8 testClass = UsersRewardManagerTest, testInstance = org.waldreg.reward.users.UsersRewardManagerTest@cf67838, testMethod = [null], testException = [null], mergedContextConfiguration = [MergedContextConfiguration@205bed61 testClass = UsersRewardManagerTest, locations = '{}', classes = '{class org.waldreg.reward.users.DefaultUsersRewardManager}', contextInitializerClasses = '[]', activeProfiles = '{}', propertySourceLocations = '{}', propertySourceProperties = '{}', contextCustomizers = set[org.springframework.boot.test.autoconfigure.actuate.metrics.MetricsExportContextCustomizerFactory$DisableMetricExportContextCustomizer@3688eb5b, org.springframework.boot.test.autoconfigure.properties.PropertyMappingContextCustomizer@0, org.springframework.boot.test.autoconfigure.web.servlet.WebDriverContextCustomizerFactory$Customizer@6d167f58, org.springframework.boot.test.context.filter.ExcludeFilterContextCustomizer@19c65cdc, org.springframework.boot.test.json.DuplicateJsonObjectContextCustomizerFactory$DuplicateJsonObjectContextCustomizer@1fb669c3, org.springframework.boot.test.mock.mockito.MockitoContextCustomizer@fd1c9f0a], contextLoader = 'org.springframework.test.context.support.DelegatingSmartContextLoader', parent = [null]], attributes = map['org.springframework.test.context.event.ApplicationEventsTestExecutionListener.recordApplicationEvents' -> false]]].
23:51:43.405 [Test worker] DEBUG org.springframework.test.context.cache.DefaultCacheAwareContextLoaderDelegate - Retrieved ApplicationContext [312470853] from cache with key [[MergedContextConfiguration@205bed61 testClass = UsersRewardManagerTest, locations = '{}', classes = '{class org.waldreg.reward.users.DefaultUsersRewardManager}', contextInitializerClasses = '[]', activeProfiles = '{}', propertySourceLocations = '{}', propertySourceProperties = '{}', contextCustomizers = set[org.springframework.boot.test.autoconfigure.actuate.metrics.MetricsExportContextCustomizerFactory$DisableMetricExportContextCustomizer@3688eb5b, org.springframework.boot.test.autoconfigure.properties.PropertyMappingContextCustomizer@0, org.springframework.boot.test.autoconfigure.web.servlet.WebDriverContextCustomizerFactory$Customizer@6d167f58, org.springframework.boot.test.context.filter.ExcludeFilterContextCustomizer@19c65cdc, org.springframework.boot.test.json.DuplicateJsonObjectContextCustomizerFactory$DuplicateJsonObjectContextCustomizer@1fb669c3, org.springframework.boot.test.mock.mockito.MockitoContextCustomizer@fd1c9f0a], contextLoader = 'org.springframework.test.context.support.DelegatingSmartContextLoader', parent = [null]]]
23:51:43.405 [Test worker] DEBUG org.springframework.test.context.cache - Spring test ApplicationContext cache statistics: [DefaultContextCache@23b3aa8c size = 3, maxSize = 32, parentContextCount = 0, hitCount = 131, missCount = 3]
23:51:43.405 [Test worker] DEBUG org.springframework.test.context.cache.DefaultCacheAwareContextLoaderDelegate - Retrieved ApplicationContext [312470853] from cache with key [[MergedContextConfiguration@205bed61 testClass = UsersRewardManagerTest, locations = '{}', classes = '{class org.waldreg.reward.users.DefaultUsersRewardManager}', contextInitializerClasses = '[]', activeProfiles = '{}', propertySourceLocations = '{}', propertySourceProperties = '{}', contextCustomizers = set[org.springframework.boot.test.autoconfigure.actuate.metrics.MetricsExportContextCustomizerFactory$DisableMetricExportContextCustomizer@3688eb5b, org.springframework.boot.test.autoconfigure.properties.PropertyMappingContextCustomizer@0, org.springframework.boot.test.autoconfigure.web.servlet.WebDriverContextCustomizerFactory$Customizer@6d167f58, org.springframework.boot.test.context.filter.ExcludeFilterContextCustomizer@19c65cdc, org.springframework.boot.test.json.DuplicateJsonObjectContextCustomizerFactory$DuplicateJsonObjectContextCustomizer@1fb669c3, org.springframework.boot.test.mock.mockito.MockitoContextCustomizer@fd1c9f0a], contextLoader = 'org.springframework.test.context.support.DelegatingSmartContextLoader', parent = [null]]]
23:51:43.405 [Test worker] DEBUG org.springframework.test.context.cache - Spring test ApplicationContext cache statistics: [DefaultContextCache@23b3aa8c size = 3, maxSize = 32, parentContextCount = 0, hitCount = 132, missCount = 3]
23:51:43.406 [Test worker] DEBUG org.springframework.test.context.support.AbstractDirtiesContextTestExecutionListener - Before test method: context [DefaultTestContext@23706db8 testClass = UsersRewardManagerTest, testInstance = org.waldreg.reward.users.UsersRewardManagerTest@cf67838, testMethod = RESET_ALL_USERS_REWARD_SUCCESS_TEST@UsersRewardManagerTest, testException = [null], mergedContextConfiguration = [MergedContextConfiguration@205bed61 testClass = UsersRewardManagerTest, locations = '{}', classes = '{class org.waldreg.reward.users.DefaultUsersRewardManager}', contextInitializerClasses = '[]', activeProfiles = '{}', propertySourceLocations = '{}', propertySourceProperties = '{}', contextCustomizers = set[org.springframework.boot.test.autoconfigure.actuate.metrics.MetricsExportContextCustomizerFactory$DisableMetricExportContextCustomizer@3688eb5b, org.springframework.boot.test.autoconfigure.properties.PropertyMappingContextCustomizer@0, org.springframework.boot.test.autoconfigure.web.servlet.WebDriverContextCustomizerFactory$Customizer@6d167f58, org.springframework.boot.test.context.filter.ExcludeFilterContextCustomizer@19c65cdc, org.springframework.boot.test.json.DuplicateJsonObjectContextCustomizerFactory$DuplicateJsonObjectContextCustomizer@1fb669c3, org.springframework.boot.test.mock.mockito.MockitoContextCustomizer@fd1c9f0a], contextLoader = 'org.springframework.test.context.support.DelegatingSmartContextLoader', parent = [null]], attributes = map['org.springframework.test.context.event.ApplicationEventsTestExecutionListener.recordApplicationEvents' -> false]], class annotated with @DirtiesContext [false] with mode [null], method annotated with @DirtiesContext [false] with mode [null].
23:51:43.406 [Test worker] DEBUG org.springframework.test.context.cache.DefaultCacheAwareContextLoaderDelegate - Retrieved ApplicationContext [312470853] from cache with key [[MergedContextConfiguration@205bed61 testClass = UsersRewardManagerTest, locations = '{}', classes = '{class org.waldreg.reward.users.DefaultUsersRewardManager}', contextInitializerClasses = '[]', activeProfiles = '{}', propertySourceLocations = '{}', propertySourceProperties = '{}', contextCustomizers = set[org.springframework.boot.test.autoconfigure.actuate.metrics.MetricsExportContextCustomizerFactory$DisableMetricExportContextCustomizer@3688eb5b, org.springframework.boot.test.autoconfigure.properties.PropertyMappingContextCustomizer@0, org.springframework.boot.test.autoconfigure.web.servlet.WebDriverContextCustomizerFactory$Customizer@6d167f58, org.springframework.boot.test.context.filter.ExcludeFilterContextCustomizer@19c65cdc, org.springframework.boot.test.json.DuplicateJsonObjectContextCustomizerFactory$DuplicateJsonObjectContextCustomizer@1fb669c3, org.springframework.boot.test.mock.mockito.MockitoContextCustomizer@fd1c9f0a], contextLoader = 'org.springframework.test.context.support.DelegatingSmartContextLoader', parent = [null]]]
23:51:43.406 [Test worker] DEBUG org.springframework.test.context.cache - Spring test ApplicationContext cache statistics: [DefaultContextCache@23b3aa8c size = 3, maxSize = 32, parentContextCount = 0, hitCount = 133, missCount = 3]
23:51:43.406 [Test worker] DEBUG org.springframework.test.context.cache.DefaultCacheAwareContextLoaderDelegate - Retrieved ApplicationContext [312470853] from cache with key [[MergedContextConfiguration@205bed61 testClass = UsersRewardManagerTest, locations = '{}', classes = '{class org.waldreg.reward.users.DefaultUsersRewardManager}', contextInitializerClasses = '[]', activeProfiles = '{}', propertySourceLocations = '{}', propertySourceProperties = '{}', contextCustomizers = set[org.springframework.boot.test.autoconfigure.actuate.metrics.MetricsExportContextCustomizerFactory$DisableMetricExportContextCustomizer@3688eb5b, org.springframework.boot.test.autoconfigure.properties.PropertyMappingContextCustomizer@0, org.springframework.boot.test.autoconfigure.web.servlet.WebDriverContextCustomizerFactory$Customizer@6d167f58, org.springframework.boot.test.context.filter.ExcludeFilterContextCustomizer@19c65cdc, org.springframework.boot.test.json.DuplicateJsonObjectContextCustomizerFactory$DuplicateJsonObjectContextCustomizer@1fb669c3, org.springframework.boot.test.mock.mockito.MockitoContextCustomizer@fd1c9f0a], contextLoader = 'org.springframework.test.context.support.DelegatingSmartContextLoader', parent = [null]]]
23:51:43.406 [Test worker] DEBUG org.springframework.test.context.cache - Spring test ApplicationContext cache statistics: [DefaultContextCache@23b3aa8c size = 3, maxSize = 32, parentContextCount = 0, hitCount = 134, missCount = 3]
23:51:43.406 [Test worker] DEBUG org.springframework.test.context.cache.DefaultCacheAwareContextLoaderDelegate - Retrieved ApplicationContext [312470853] from cache with key [[MergedContextConfiguration@205bed61 testClass = UsersRewardManagerTest, locations = '{}', classes = '{class org.waldreg.reward.users.DefaultUsersRewardManager}', contextInitializerClasses = '[]', activeProfiles = '{}', propertySourceLocations = '{}', propertySourceProperties = '{}', contextCustomizers = set[org.springframework.boot.test.autoconfigure.actuate.metrics.MetricsExportContextCustomizerFactory$DisableMetricExportContextCustomizer@3688eb5b, org.springframework.boot.test.autoconfigure.properties.PropertyMappingContextCustomizer@0, org.springframework.boot.test.autoconfigure.web.servlet.WebDriverContextCustomizerFactory$Customizer@6d167f58, org.springframework.boot.test.context.filter.ExcludeFilterContextCustomizer@19c65cdc, org.springframework.boot.test.json.DuplicateJsonObjectContextCustomizerFactory$DuplicateJsonObjectContextCustomizer@1fb669c3, org.springframework.boot.test.mock.mockito.MockitoContextCustomizer@fd1c9f0a], contextLoader = 'org.springframework.test.context.support.DelegatingSmartContextLoader', parent = [null]]]
23:51:43.406 [Test worker] DEBUG org.springframework.test.context.cache - Spring test ApplicationContext cache statistics: [DefaultContextCache@23b3aa8c size = 3, maxSize = 32, parentContextCount = 0, hitCount = 135, missCount = 3]
23:51:43.406 [Test worker] DEBUG org.springframework.test.context.cache.DefaultCacheAwareContextLoaderDelegate - Retrieved ApplicationContext [312470853] from cache with key [[MergedContextConfiguration@205bed61 testClass = UsersRewardManagerTest, locations = '{}', classes = '{class org.waldreg.reward.users.DefaultUsersRewardManager}', contextInitializerClasses = '[]', activeProfiles = '{}', propertySourceLocations = '{}', propertySourceProperties = '{}', contextCustomizers = set[org.springframework.boot.test.autoconfigure.actuate.metrics.MetricsExportContextCustomizerFactory$DisableMetricExportContextCustomizer@3688eb5b, org.springframework.boot.test.autoconfigure.properties.PropertyMappingContextCustomizer@0, org.springframework.boot.test.autoconfigure.web.servlet.WebDriverContextCustomizerFactory$Customizer@6d167f58, org.springframework.boot.test.context.filter.ExcludeFilterContextCustomizer@19c65cdc, org.springframework.boot.test.json.DuplicateJsonObjectContextCustomizerFactory$DuplicateJsonObjectContextCustomizer@1fb669c3, org.springframework.boot.test.mock.mockito.MockitoContextCustomizer@fd1c9f0a], contextLoader = 'org.springframework.test.context.support.DelegatingSmartContextLoader', parent = [null]]]
23:51:43.406 [Test worker] DEBUG org.springframework.test.context.cache - Spring test ApplicationContext cache statistics: [DefaultContextCache@23b3aa8c size = 3, maxSize = 32, parentContextCount = 0, hitCount = 136, missCount = 3]
23:51:43.406 [Test worker] DEBUG org.springframework.test.context.cache.DefaultCacheAwareContextLoaderDelegate - Retrieved ApplicationContext [312470853] from cache with key [[MergedContextConfiguration@205bed61 testClass = UsersRewardManagerTest, locations = '{}', classes = '{class org.waldreg.reward.users.DefaultUsersRewardManager}', contextInitializerClasses = '[]', activeProfiles = '{}', propertySourceLocations = '{}', propertySourceProperties = '{}', contextCustomizers = set[org.springframework.boot.test.autoconfigure.actuate.metrics.MetricsExportContextCustomizerFactory$DisableMetricExportContextCustomizer@3688eb5b, org.springframework.boot.test.autoconfigure.properties.PropertyMappingContextCustomizer@0, org.springframework.boot.test.autoconfigure.web.servlet.WebDriverContextCustomizerFactory$Customizer@6d167f58, org.springframework.boot.test.context.filter.ExcludeFilterContextCustomizer@19c65cdc, org.springframework.boot.test.json.DuplicateJsonObjectContextCustomizerFactory$DuplicateJsonObjectContextCustomizer@1fb669c3, org.springframework.boot.test.mock.mockito.MockitoContextCustomizer@fd1c9f0a], contextLoader = 'org.springframework.test.context.support.DelegatingSmartContextLoader', parent = [null]]]
23:51:43.406 [Test worker] DEBUG org.springframework.test.context.cache - Spring test ApplicationContext cache statistics: [DefaultContextCache@23b3aa8c size = 3, maxSize = 32, parentContextCount = 0, hitCount = 137, missCount = 3]
23:51:43.407 [Test worker] DEBUG org.springframework.test.context.cache.DefaultCacheAwareContextLoaderDelegate - Retrieved ApplicationContext [312470853] from cache with key [[MergedContextConfiguration@205bed61 testClass = UsersRewardManagerTest, locations = '{}', classes = '{class org.waldreg.reward.users.DefaultUsersRewardManager}', contextInitializerClasses = '[]', activeProfiles = '{}', propertySourceLocations = '{}', propertySourceProperties = '{}', contextCustomizers = set[org.springframework.boot.test.autoconfigure.actuate.metrics.MetricsExportContextCustomizerFactory$DisableMetricExportContextCustomizer@3688eb5b, org.springframework.boot.test.autoconfigure.properties.PropertyMappingContextCustomizer@0, org.springframework.boot.test.autoconfigure.web.servlet.WebDriverContextCustomizerFactory$Customizer@6d167f58, org.springframework.boot.test.context.filter.ExcludeFilterContextCustomizer@19c65cdc, org.springframework.boot.test.json.DuplicateJsonObjectContextCustomizerFactory$DuplicateJsonObjectContextCustomizer@1fb669c3, org.springframework.boot.test.mock.mockito.MockitoContextCustomizer@fd1c9f0a], contextLoader = 'org.springframework.test.context.support.DelegatingSmartContextLoader', parent = [null]]]
23:51:43.407 [Test worker] DEBUG org.springframework.test.context.cache - Spring test ApplicationContext cache statistics: [DefaultContextCache@23b3aa8c size = 3, maxSize = 32, parentContextCount = 0, hitCount = 138, missCount = 3]
23:51:43.407 [Test worker] DEBUG org.springframework.test.context.cache.DefaultCacheAwareContextLoaderDelegate - Retrieved ApplicationContext [312470853] from cache with key [[MergedContextConfiguration@205bed61 testClass = UsersRewardManagerTest, locations = '{}', classes = '{class org.waldreg.reward.users.DefaultUsersRewardManager}', contextInitializerClasses = '[]', activeProfiles = '{}', propertySourceLocations = '{}', propertySourceProperties = '{}', contextCustomizers = set[org.springframework.boot.test.autoconfigure.actuate.metrics.MetricsExportContextCustomizerFactory$DisableMetricExportContextCustomizer@3688eb5b, org.springframework.boot.test.autoconfigure.properties.PropertyMappingContextCustomizer@0, org.springframework.boot.test.autoconfigure.web.servlet.WebDriverContextCustomizerFactory$Customizer@6d167f58, org.springframework.boot.test.context.filter.ExcludeFilterContextCustomizer@19c65cdc, org.springframework.boot.test.json.DuplicateJsonObjectContextCustomizerFactory$DuplicateJsonObjectContextCustomizer@1fb669c3, org.springframework.boot.test.mock.mockito.MockitoContextCustomizer@fd1c9f0a], contextLoader = 'org.springframework.test.context.support.DelegatingSmartContextLoader', parent = [null]]]
23:51:43.407 [Test worker] DEBUG org.springframework.test.context.cache - Spring test ApplicationContext cache statistics: [DefaultContextCache@23b3aa8c size = 3, maxSize = 32, parentContextCount = 0, hitCount = 139, missCount = 3]
23:51:43.407 [Test worker] DEBUG org.springframework.test.context.cache.DefaultCacheAwareContextLoaderDelegate - Retrieved ApplicationContext [312470853] from cache with key [[MergedContextConfiguration@205bed61 testClass = UsersRewardManagerTest, locations = '{}', classes = '{class org.waldreg.reward.users.DefaultUsersRewardManager}', contextInitializerClasses = '[]', activeProfiles = '{}', propertySourceLocations = '{}', propertySourceProperties = '{}', contextCustomizers = set[org.springframework.boot.test.autoconfigure.actuate.metrics.MetricsExportContextCustomizerFactory$DisableMetricExportContextCustomizer@3688eb5b, org.springframework.boot.test.autoconfigure.properties.PropertyMappingContextCustomizer@0, org.springframework.boot.test.autoconfigure.web.servlet.WebDriverContextCustomizerFactory$Customizer@6d167f58, org.springframework.boot.test.context.filter.ExcludeFilterContextCustomizer@19c65cdc, org.springframework.boot.test.json.DuplicateJsonObjectContextCustomizerFactory$DuplicateJsonObjectContextCustomizer@1fb669c3, org.springframework.boot.test.mock.mockito.MockitoContextCustomizer@fd1c9f0a], contextLoader = 'org.springframework.test.context.support.DelegatingSmartContextLoader', parent = [null]]]
23:51:43.407 [Test worker] DEBUG org.springframework.test.context.cache - Spring test ApplicationContext cache statistics: [DefaultContextCache@23b3aa8c size = 3, maxSize = 32, parentContextCount = 0, hitCount = 140, missCount = 3]
23:51:43.407 [Test worker] DEBUG org.springframework.test.context.cache.DefaultCacheAwareContextLoaderDelegate - Retrieved ApplicationContext [312470853] from cache with key [[MergedContextConfiguration@205bed61 testClass = UsersRewardManagerTest, locations = '{}', classes = '{class org.waldreg.reward.users.DefaultUsersRewardManager}', contextInitializerClasses = '[]', activeProfiles = '{}', propertySourceLocations = '{}', propertySourceProperties = '{}', contextCustomizers = set[org.springframework.boot.test.autoconfigure.actuate.metrics.MetricsExportContextCustomizerFactory$DisableMetricExportContextCustomizer@3688eb5b, org.springframework.boot.test.autoconfigure.properties.PropertyMappingContextCustomizer@0, org.springframework.boot.test.autoconfigure.web.servlet.WebDriverContextCustomizerFactory$Customizer@6d167f58, org.springframework.boot.test.context.filter.ExcludeFilterContextCustomizer@19c65cdc, org.springframework.boot.test.json.DuplicateJsonObjectContextCustomizerFactory$DuplicateJsonObjectContextCustomizer@1fb669c3, org.springframework.boot.test.mock.mockito.MockitoContextCustomizer@fd1c9f0a], contextLoader = 'org.springframework.test.context.support.DelegatingSmartContextLoader', parent = [null]]]
23:51:43.407 [Test worker] DEBUG org.springframework.test.context.cache - Spring test ApplicationContext cache statistics: [DefaultContextCache@23b3aa8c size = 3, maxSize = 32, parentContextCount = 0, hitCount = 141, missCount = 3]
23:51:43.407 [Test worker] DEBUG org.springframework.test.context.support.AbstractDirtiesContextTestExecutionListener - After test method: context [DefaultTestContext@23706db8 testClass = UsersRewardManagerTest, testInstance = org.waldreg.reward.users.UsersRewardManagerTest@cf67838, testMethod = RESET_ALL_USERS_REWARD_SUCCESS_TEST@UsersRewardManagerTest, testException = [null], mergedContextConfiguration = [MergedContextConfiguration@205bed61 testClass = UsersRewardManagerTest, locations = '{}', classes = '{class org.waldreg.reward.users.DefaultUsersRewardManager}', contextInitializerClasses = '[]', activeProfiles = '{}', propertySourceLocations = '{}', propertySourceProperties = '{}', contextCustomizers = set[org.springframework.boot.test.autoconfigure.actuate.metrics.MetricsExportContextCustomizerFactory$DisableMetricExportContextCustomizer@3688eb5b, org.springframework.boot.test.autoconfigure.properties.PropertyMappingContextCustomizer@0, org.springframework.boot.test.autoconfigure.web.servlet.WebDriverContextCustomizerFactory$Customizer@6d167f58, org.springframework.boot.test.context.filter.ExcludeFilterContextCustomizer@19c65cdc, org.springframework.boot.test.json.DuplicateJsonObjectContextCustomizerFactory$DuplicateJsonObjectContextCustomizer@1fb669c3, org.springframework.boot.test.mock.mockito.MockitoContextCustomizer@fd1c9f0a], contextLoader = 'org.springframework.test.context.support.DelegatingSmartContextLoader', parent = [null]], attributes = map['org.springframework.test.context.event.ApplicationEventsTestExecutionListener.recordApplicationEvents' -> false]], class annotated with @DirtiesContext [false] with mode [null], method annotated with @DirtiesContext [false] with mode [null].
23:51:43.407 [Test worker] DEBUG org.springframework.test.context.cache.DefaultCacheAwareContextLoaderDelegate - Retrieved ApplicationContext [312470853] from cache with key [[MergedContextConfiguration@205bed61 testClass = UsersRewardManagerTest, locations = '{}', classes = '{class org.waldreg.reward.users.DefaultUsersRewardManager}', contextInitializerClasses = '[]', activeProfiles = '{}', propertySourceLocations = '{}', propertySourceProperties = '{}', contextCustomizers = set[org.springframework.boot.test.autoconfigure.actuate.metrics.MetricsExportContextCustomizerFactory$DisableMetricExportContextCustomizer@3688eb5b, org.springframework.boot.test.autoconfigure.properties.PropertyMappingContextCustomizer@0, org.springframework.boot.test.autoconfigure.web.servlet.WebDriverContextCustomizerFactory$Customizer@6d167f58, org.springframework.boot.test.context.filter.ExcludeFilterContextCustomizer@19c65cdc, org.springframework.boot.test.json.DuplicateJsonObjectContextCustomizerFactory$DuplicateJsonObjectContextCustomizer@1fb669c3, org.springframework.boot.test.mock.mockito.MockitoContextCustomizer@fd1c9f0a], contextLoader = 'org.springframework.test.context.support.DelegatingSmartContextLoader', parent = [null]]]
23:51:43.407 [Test worker] DEBUG org.springframework.test.context.cache - Spring test ApplicationContext cache statistics: [DefaultContextCache@23b3aa8c size = 3, maxSize = 32, parentContextCount = 0, hitCount = 142, missCount = 3]
23:51:43.407 [Test worker] DEBUG org.springframework.test.context.support.DependencyInjectionTestExecutionListener - Performing dependency injection for test context [[DefaultTestContext@23706db8 testClass = UsersRewardManagerTest, testInstance = org.waldreg.reward.users.UsersRewardManagerTest@7942a854, testMethod = [null], testException = [null], mergedContextConfiguration = [MergedContextConfiguration@205bed61 testClass = UsersRewardManagerTest, locations = '{}', classes = '{class org.waldreg.reward.users.DefaultUsersRewardManager}', contextInitializerClasses = '[]', activeProfiles = '{}', propertySourceLocations = '{}', propertySourceProperties = '{}', contextCustomizers = set[org.springframework.boot.test.autoconfigure.actuate.metrics.MetricsExportContextCustomizerFactory$DisableMetricExportContextCustomizer@3688eb5b, org.springframework.boot.test.autoconfigure.properties.PropertyMappingContextCustomizer@0, org.springframework.boot.test.autoconfigure.web.servlet.WebDriverContextCustomizerFactory$Customizer@6d167f58, org.springframework.boot.test.context.filter.ExcludeFilterContextCustomizer@19c65cdc, org.springframework.boot.test.json.DuplicateJsonObjectContextCustomizerFactory$DuplicateJsonObjectContextCustomizer@1fb669c3, org.springframework.boot.test.mock.mockito.MockitoContextCustomizer@fd1c9f0a], contextLoader = 'org.springframework.test.context.support.DelegatingSmartContextLoader', parent = [null]], attributes = map['org.springframework.test.context.event.ApplicationEventsTestExecutionListener.recordApplicationEvents' -> false]]].
23:51:43.408 [Test worker] DEBUG org.springframework.test.context.cache.DefaultCacheAwareContextLoaderDelegate - Retrieved ApplicationContext [312470853] from cache with key [[MergedContextConfiguration@205bed61 testClass = UsersRewardManagerTest, locations = '{}', classes = '{class org.waldreg.reward.users.DefaultUsersRewardManager}', contextInitializerClasses = '[]', activeProfiles = '{}', propertySourceLocations = '{}', propertySourceProperties = '{}', contextCustomizers = set[org.springframework.boot.test.autoconfigure.actuate.metrics.MetricsExportContextCustomizerFactory$DisableMetricExportContextCustomizer@3688eb5b, org.springframework.boot.test.autoconfigure.properties.PropertyMappingContextCustomizer@0, org.springframework.boot.test.autoconfigure.web.servlet.WebDriverContextCustomizerFactory$Customizer@6d167f58, org.springframework.boot.test.context.filter.ExcludeFilterContextCustomizer@19c65cdc, org.springframework.boot.test.json.DuplicateJsonObjectContextCustomizerFactory$DuplicateJsonObjectContextCustomizer@1fb669c3, org.springframework.boot.test.mock.mockito.MockitoContextCustomizer@fd1c9f0a], contextLoader = 'org.springframework.test.context.support.DelegatingSmartContextLoader', parent = [null]]]
23:51:43.408 [Test worker] DEBUG org.springframework.test.context.cache - Spring test ApplicationContext cache statistics: [DefaultContextCache@23b3aa8c size = 3, maxSize = 32, parentContextCount = 0, hitCount = 143, missCount = 3]
23:51:43.408 [Test worker] DEBUG org.springframework.test.context.cache.DefaultCacheAwareContextLoaderDelegate - Retrieved ApplicationContext [312470853] from cache with key [[MergedContextConfiguration@205bed61 testClass = UsersRewardManagerTest, locations = '{}', classes = '{class org.waldreg.reward.users.DefaultUsersRewardManager}', contextInitializerClasses = '[]', activeProfiles = '{}', propertySourceLocations = '{}', propertySourceProperties = '{}', contextCustomizers = set[org.springframework.boot.test.autoconfigure.actuate.metrics.MetricsExportContextCustomizerFactory$DisableMetricExportContextCustomizer@3688eb5b, org.springframework.boot.test.autoconfigure.properties.PropertyMappingContextCustomizer@0, org.springframework.boot.test.autoconfigure.web.servlet.WebDriverContextCustomizerFactory$Customizer@6d167f58, org.springframework.boot.test.context.filter.ExcludeFilterContextCustomizer@19c65cdc, org.springframework.boot.test.json.DuplicateJsonObjectContextCustomizerFactory$DuplicateJsonObjectContextCustomizer@1fb669c3, org.springframework.boot.test.mock.mockito.MockitoContextCustomizer@fd1c9f0a], contextLoader = 'org.springframework.test.context.support.DelegatingSmartContextLoader', parent = [null]]]
23:51:43.408 [Test worker] DEBUG org.springframework.test.context.cache - Spring test ApplicationContext cache statistics: [DefaultContextCache@23b3aa8c size = 3, maxSize = 32, parentContextCount = 0, hitCount = 144, missCount = 3]
23:51:43.408 [Test worker] DEBUG org.springframework.test.context.support.AbstractDirtiesContextTestExecutionListener - Before test method: context [DefaultTestContext@23706db8 testClass = UsersRewardManagerTest, testInstance = org.waldreg.reward.users.UsersRewardManagerTest@7942a854, testMethod = READ_SPECIFY_USERS_REWARD_TAG_SUCCESS_TEST@UsersRewardManagerTest, testException = [null], mergedContextConfiguration = [MergedContextConfiguration@205bed61 testClass = UsersRewardManagerTest, locations = '{}', classes = '{class org.waldreg.reward.users.DefaultUsersRewardManager}', contextInitializerClasses = '[]', activeProfiles = '{}', propertySourceLocations = '{}', propertySourceProperties = '{}', contextCustomizers = set[org.springframework.boot.test.autoconfigure.actuate.metrics.MetricsExportContextCustomizerFactory$DisableMetricExportContextCustomizer@3688eb5b, org.springframework.boot.test.autoconfigure.properties.PropertyMappingContextCustomizer@0, org.springframework.boot.test.autoconfigure.web.servlet.WebDriverContextCustomizerFactory$Customizer@6d167f58, org.springframework.boot.test.context.filter.ExcludeFilterContextCustomizer@19c65cdc, org.springframework.boot.test.json.DuplicateJsonObjectContextCustomizerFactory$DuplicateJsonObjectContextCustomizer@1fb669c3, org.springframework.boot.test.mock.mockito.MockitoContextCustomizer@fd1c9f0a], contextLoader = 'org.springframework.test.context.support.DelegatingSmartContextLoader', parent = [null]], attributes = map['org.springframework.test.context.event.ApplicationEventsTestExecutionListener.recordApplicationEvents' -> false]], class annotated with @DirtiesContext [false] with mode [null], method annotated with @DirtiesContext [false] with mode [null].
23:51:43.408 [Test worker] DEBUG org.springframework.test.context.cache.DefaultCacheAwareContextLoaderDelegate - Retrieved ApplicationContext [312470853] from cache with key [[MergedContextConfiguration@205bed61 testClass = UsersRewardManagerTest, locations = '{}', classes = '{class org.waldreg.reward.users.DefaultUsersRewardManager}', contextInitializerClasses = '[]', activeProfiles = '{}', propertySourceLocations = '{}', propertySourceProperties = '{}', contextCustomizers = set[org.springframework.boot.test.autoconfigure.actuate.metrics.MetricsExportContextCustomizerFactory$DisableMetricExportContextCustomizer@3688eb5b, org.springframework.boot.test.autoconfigure.properties.PropertyMappingContextCustomizer@0, org.springframework.boot.test.autoconfigure.web.servlet.WebDriverContextCustomizerFactory$Customizer@6d167f58, org.springframework.boot.test.context.filter.ExcludeFilterContextCustomizer@19c65cdc, org.springframework.boot.test.json.DuplicateJsonObjectContextCustomizerFactory$DuplicateJsonObjectContextCustomizer@1fb669c3, org.springframework.boot.test.mock.mockito.MockitoContextCustomizer@fd1c9f0a], contextLoader = 'org.springframework.test.context.support.DelegatingSmartContextLoader', parent = [null]]]
23:51:43.408 [Test worker] DEBUG org.springframework.test.context.cache - Spring test ApplicationContext cache statistics: [DefaultContextCache@23b3aa8c size = 3, maxSize = 32, parentContextCount = 0, hitCount = 145, missCount = 3]
23:51:43.408 [Test worker] DEBUG org.springframework.test.context.cache.DefaultCacheAwareContextLoaderDelegate - Retrieved ApplicationContext [312470853] from cache with key [[MergedContextConfiguration@205bed61 testClass = UsersRewardManagerTest, locations = '{}', classes = '{class org.waldreg.reward.users.DefaultUsersRewardManager}', contextInitializerClasses = '[]', activeProfiles = '{}', propertySourceLocations = '{}', propertySourceProperties = '{}', contextCustomizers = set[org.springframework.boot.test.autoconfigure.actuate.metrics.MetricsExportContextCustomizerFactory$DisableMetricExportContextCustomizer@3688eb5b, org.springframework.boot.test.autoconfigure.properties.PropertyMappingContextCustomizer@0, org.springframework.boot.test.autoconfigure.web.servlet.WebDriverContextCustomizerFactory$Customizer@6d167f58, org.springframework.boot.test.context.filter.ExcludeFilterContextCustomizer@19c65cdc, org.springframework.boot.test.json.DuplicateJsonObjectContextCustomizerFactory$DuplicateJsonObjectContextCustomizer@1fb669c3, org.springframework.boot.test.mock.mockito.MockitoContextCustomizer@fd1c9f0a], contextLoader = 'org.springframework.test.context.support.DelegatingSmartContextLoader', parent = [null]]]
23:51:43.408 [Test worker] DEBUG org.springframework.test.context.cache - Spring test ApplicationContext cache statistics: [DefaultContextCache@23b3aa8c size = 3, maxSize = 32, parentContextCount = 0, hitCount = 146, missCount = 3]
23:51:43.409 [Test worker] DEBUG org.springframework.test.context.cache.DefaultCacheAwareContextLoaderDelegate - Retrieved ApplicationContext [312470853] from cache with key [[MergedContextConfiguration@205bed61 testClass = UsersRewardManagerTest, locations = '{}', classes = '{class org.waldreg.reward.users.DefaultUsersRewardManager}', contextInitializerClasses = '[]', activeProfiles = '{}', propertySourceLocations = '{}', propertySourceProperties = '{}', contextCustomizers = set[org.springframework.boot.test.autoconfigure.actuate.metrics.MetricsExportContextCustomizerFactory$DisableMetricExportContextCustomizer@3688eb5b, org.springframework.boot.test.autoconfigure.properties.PropertyMappingContextCustomizer@0, org.springframework.boot.test.autoconfigure.web.servlet.WebDriverContextCustomizerFactory$Customizer@6d167f58, org.springframework.boot.test.context.filter.ExcludeFilterContextCustomizer@19c65cdc, org.springframework.boot.test.json.DuplicateJsonObjectContextCustomizerFactory$DuplicateJsonObjectContextCustomizer@1fb669c3, org.springframework.boot.test.mock.mockito.MockitoContextCustomizer@fd1c9f0a], contextLoader = 'org.springframework.test.context.support.DelegatingSmartContextLoader', parent = [null]]]
23:51:43.409 [Test worker] DEBUG org.springframework.test.context.cache - Spring test ApplicationContext cache statistics: [DefaultContextCache@23b3aa8c size = 3, maxSize = 32, parentContextCount = 0, hitCount = 147, missCount = 3]
23:51:43.410 [Test worker] DEBUG org.springframework.test.context.cache.DefaultCacheAwareContextLoaderDelegate - Retrieved ApplicationContext [312470853] from cache with key [[MergedContextConfiguration@205bed61 testClass = UsersRewardManagerTest, locations = '{}', classes = '{class org.waldreg.reward.users.DefaultUsersRewardManager}', contextInitializerClasses = '[]', activeProfiles = '{}', propertySourceLocations = '{}', propertySourceProperties = '{}', contextCustomizers = set[org.springframework.boot.test.autoconfigure.actuate.metrics.MetricsExportContextCustomizerFactory$DisableMetricExportContextCustomizer@3688eb5b, org.springframework.boot.test.autoconfigure.properties.PropertyMappingContextCustomizer@0, org.springframework.boot.test.autoconfigure.web.servlet.WebDriverContextCustomizerFactory$Customizer@6d167f58, org.springframework.boot.test.context.filter.ExcludeFilterContextCustomizer@19c65cdc, org.springframework.boot.test.json.DuplicateJsonObjectContextCustomizerFactory$DuplicateJsonObjectContextCustomizer@1fb669c3, org.springframework.boot.test.mock.mockito.MockitoContextCustomizer@fd1c9f0a], contextLoader = 'org.springframework.test.context.support.DelegatingSmartContextLoader', parent = [null]]]
23:51:43.410 [Test worker] DEBUG org.springframework.test.context.cache - Spring test ApplicationContext cache statistics: [DefaultContextCache@23b3aa8c size = 3, maxSize = 32, parentContextCount = 0, hitCount = 148, missCount = 3]
23:51:43.410 [Test worker] DEBUG org.springframework.test.context.cache.DefaultCacheAwareContextLoaderDelegate - Retrieved ApplicationContext [312470853] from cache with key [[MergedContextConfiguration@205bed61 testClass = UsersRewardManagerTest, locations = '{}', classes = '{class org.waldreg.reward.users.DefaultUsersRewardManager}', contextInitializerClasses = '[]', activeProfiles = '{}', propertySourceLocations = '{}', propertySourceProperties = '{}', contextCustomizers = set[org.springframework.boot.test.autoconfigure.actuate.metrics.MetricsExportContextCustomizerFactory$DisableMetricExportContextCustomizer@3688eb5b, org.springframework.boot.test.autoconfigure.properties.PropertyMappingContextCustomizer@0, org.springframework.boot.test.autoconfigure.web.servlet.WebDriverContextCustomizerFactory$Customizer@6d167f58, org.springframework.boot.test.context.filter.ExcludeFilterContextCustomizer@19c65cdc, org.springframework.boot.test.json.DuplicateJsonObjectContextCustomizerFactory$DuplicateJsonObjectContextCustomizer@1fb669c3, org.springframework.boot.test.mock.mockito.MockitoContextCustomizer@fd1c9f0a], contextLoader = 'org.springframework.test.context.support.DelegatingSmartContextLoader', parent = [null]]]
23:51:43.410 [Test worker] DEBUG org.springframework.test.context.cache - Spring test ApplicationContext cache statistics: [DefaultContextCache@23b3aa8c size = 3, maxSize = 32, parentContextCount = 0, hitCount = 149, missCount = 3]
23:51:43.410 [Test worker] DEBUG org.springframework.test.context.cache.DefaultCacheAwareContextLoaderDelegate - Retrieved ApplicationContext [312470853] from cache with key [[MergedContextConfiguration@205bed61 testClass = UsersRewardManagerTest, locations = '{}', classes = '{class org.waldreg.reward.users.DefaultUsersRewardManager}', contextInitializerClasses = '[]', activeProfiles = '{}', propertySourceLocations = '{}', propertySourceProperties = '{}', contextCustomizers = set[org.springframework.boot.test.autoconfigure.actuate.metrics.MetricsExportContextCustomizerFactory$DisableMetricExportContextCustomizer@3688eb5b, org.springframework.boot.test.autoconfigure.properties.PropertyMappingContextCustomizer@0, org.springframework.boot.test.autoconfigure.web.servlet.WebDriverContextCustomizerFactory$Customizer@6d167f58, org.springframework.boot.test.context.filter.ExcludeFilterContextCustomizer@19c65cdc, org.springframework.boot.test.json.DuplicateJsonObjectContextCustomizerFactory$DuplicateJsonObjectContextCustomizer@1fb669c3, org.springframework.boot.test.mock.mockito.MockitoContextCustomizer@fd1c9f0a], contextLoader = 'org.springframework.test.context.support.DelegatingSmartContextLoader', parent = [null]]]
23:51:43.410 [Test worker] DEBUG org.springframework.test.context.cache - Spring test ApplicationContext cache statistics: [DefaultContextCache@23b3aa8c size = 3, maxSize = 32, parentContextCount = 0, hitCount = 150, missCount = 3]
23:51:43.410 [Test worker] DEBUG org.springframework.test.context.cache.DefaultCacheAwareContextLoaderDelegate - Retrieved ApplicationContext [312470853] from cache with key [[MergedContextConfiguration@205bed61 testClass = UsersRewardManagerTest, locations = '{}', classes = '{class org.waldreg.reward.users.DefaultUsersRewardManager}', contextInitializerClasses = '[]', activeProfiles = '{}', propertySourceLocations = '{}', propertySourceProperties = '{}', contextCustomizers = set[org.springframework.boot.test.autoconfigure.actuate.metrics.MetricsExportContextCustomizerFactory$DisableMetricExportContextCustomizer@3688eb5b, org.springframework.boot.test.autoconfigure.properties.PropertyMappingContextCustomizer@0, org.springframework.boot.test.autoconfigure.web.servlet.WebDriverContextCustomizerFactory$Customizer@6d167f58, org.springframework.boot.test.context.filter.ExcludeFilterContextCustomizer@19c65cdc, org.springframework.boot.test.json.DuplicateJsonObjectContextCustomizerFactory$DuplicateJsonObjectContextCustomizer@1fb669c3, org.springframework.boot.test.mock.mockito.MockitoContextCustomizer@fd1c9f0a], contextLoader = 'org.springframework.test.context.support.DelegatingSmartContextLoader', parent = [null]]]
23:51:43.410 [Test worker] DEBUG org.springframework.test.context.cache - Spring test ApplicationContext cache statistics: [DefaultContextCache@23b3aa8c size = 3, maxSize = 32, parentContextCount = 0, hitCount = 151, missCount = 3]
23:51:43.410 [Test worker] DEBUG org.springframework.test.context.cache.DefaultCacheAwareContextLoaderDelegate - Retrieved ApplicationContext [312470853] from cache with key [[MergedContextConfiguration@205bed61 testClass = UsersRewardManagerTest, locations = '{}', classes = '{class org.waldreg.reward.users.DefaultUsersRewardManager}', contextInitializerClasses = '[]', activeProfiles = '{}', propertySourceLocations = '{}', propertySourceProperties = '{}', contextCustomizers = set[org.springframework.boot.test.autoconfigure.actuate.metrics.MetricsExportContextCustomizerFactory$DisableMetricExportContextCustomizer@3688eb5b, org.springframework.boot.test.autoconfigure.properties.PropertyMappingContextCustomizer@0, org.springframework.boot.test.autoconfigure.web.servlet.WebDriverContextCustomizerFactory$Customizer@6d167f58, org.springframework.boot.test.context.filter.ExcludeFilterContextCustomizer@19c65cdc, org.springframework.boot.test.json.DuplicateJsonObjectContextCustomizerFactory$DuplicateJsonObjectContextCustomizer@1fb669c3, org.springframework.boot.test.mock.mockito.MockitoContextCustomizer@fd1c9f0a], contextLoader = 'org.springframework.test.context.support.DelegatingSmartContextLoader', parent = [null]]]
23:51:43.410 [Test worker] DEBUG org.springframework.test.context.cache - Spring test ApplicationContext cache statistics: [DefaultContextCache@23b3aa8c size = 3, maxSize = 32, parentContextCount = 0, hitCount = 152, missCount = 3]
23:51:43.410 [Test worker] DEBUG org.springframework.test.context.cache.DefaultCacheAwareContextLoaderDelegate - Retrieved ApplicationContext [312470853] from cache with key [[MergedContextConfiguration@205bed61 testClass = UsersRewardManagerTest, locations = '{}', classes = '{class org.waldreg.reward.users.DefaultUsersRewardManager}', contextInitializerClasses = '[]', activeProfiles = '{}', propertySourceLocations = '{}', propertySourceProperties = '{}', contextCustomizers = set[org.springframework.boot.test.autoconfigure.actuate.metrics.MetricsExportContextCustomizerFactory$DisableMetricExportContextCustomizer@3688eb5b, org.springframework.boot.test.autoconfigure.properties.PropertyMappingContextCustomizer@0, org.springframework.boot.test.autoconfigure.web.servlet.WebDriverContextCustomizerFactory$Customizer@6d167f58, org.springframework.boot.test.context.filter.ExcludeFilterContextCustomizer@19c65cdc, org.springframework.boot.test.json.DuplicateJsonObjectContextCustomizerFactory$DuplicateJsonObjectContextCustomizer@1fb669c3, org.springframework.boot.test.mock.mockito.MockitoContextCustomizer@fd1c9f0a], contextLoader = 'org.springframework.test.context.support.DelegatingSmartContextLoader', parent = [null]]]
23:51:43.410 [Test worker] DEBUG org.springframework.test.context.cache - Spring test ApplicationContext cache statistics: [DefaultContextCache@23b3aa8c size = 3, maxSize = 32, parentContextCount = 0, hitCount = 153, missCount = 3]
23:51:43.410 [Test worker] DEBUG org.springframework.test.context.support.AbstractDirtiesContextTestExecutionListener - After test method: context [DefaultTestContext@23706db8 testClass = UsersRewardManagerTest, testInstance = org.waldreg.reward.users.UsersRewardManagerTest@7942a854, testMethod = READ_SPECIFY_USERS_REWARD_TAG_SUCCESS_TEST@UsersRewardManagerTest, testException = [null], mergedContextConfiguration = [MergedContextConfiguration@205bed61 testClass = UsersRewardManagerTest, locations = '{}', classes = '{class org.waldreg.reward.users.DefaultUsersRewardManager}', contextInitializerClasses = '[]', activeProfiles = '{}', propertySourceLocations = '{}', propertySourceProperties = '{}', contextCustomizers = set[org.springframework.boot.test.autoconfigure.actuate.metrics.MetricsExportContextCustomizerFactory$DisableMetricExportContextCustomizer@3688eb5b, org.springframework.boot.test.autoconfigure.properties.PropertyMappingContextCustomizer@0, org.springframework.boot.test.autoconfigure.web.servlet.WebDriverContextCustomizerFactory$Customizer@6d167f58, org.springframework.boot.test.context.filter.ExcludeFilterContextCustomizer@19c65cdc, org.springframework.boot.test.json.DuplicateJsonObjectContextCustomizerFactory$DuplicateJsonObjectContextCustomizer@1fb669c3, org.springframework.boot.test.mock.mockito.MockitoContextCustomizer@fd1c9f0a], contextLoader = 'org.springframework.test.context.support.DelegatingSmartContextLoader', parent = [null]], attributes = map['org.springframework.test.context.event.ApplicationEventsTestExecutionListener.recordApplicationEvents' -> false]], class annotated with @DirtiesContext [false] with mode [null], method annotated with @DirtiesContext [false] with mode [null].
23:51:43.411 [Test worker] DEBUG org.springframework.test.context.cache.DefaultCacheAwareContextLoaderDelegate - Retrieved ApplicationContext [312470853] from cache with key [[MergedContextConfiguration@205bed61 testClass = UsersRewardManagerTest, locations = '{}', classes = '{class org.waldreg.reward.users.DefaultUsersRewardManager}', contextInitializerClasses = '[]', activeProfiles = '{}', propertySourceLocations = '{}', propertySourceProperties = '{}', contextCustomizers = set[org.springframework.boot.test.autoconfigure.actuate.metrics.MetricsExportContextCustomizerFactory$DisableMetricExportContextCustomizer@3688eb5b, org.springframework.boot.test.autoconfigure.properties.PropertyMappingContextCustomizer@0, org.springframework.boot.test.autoconfigure.web.servlet.WebDriverContextCustomizerFactory$Customizer@6d167f58, org.springframework.boot.test.context.filter.ExcludeFilterContextCustomizer@19c65cdc, org.springframework.boot.test.json.DuplicateJsonObjectContextCustomizerFactory$DuplicateJsonObjectContextCustomizer@1fb669c3, org.springframework.boot.test.mock.mockito.MockitoContextCustomizer@fd1c9f0a], contextLoader = 'org.springframework.test.context.support.DelegatingSmartContextLoader', parent = [null]]]
23:51:43.411 [Test worker] DEBUG org.springframework.test.context.cache - Spring test ApplicationContext cache statistics: [DefaultContextCache@23b3aa8c size = 3, maxSize = 32, parentContextCount = 0, hitCount = 154, missCount = 3]
23:51:43.411 [Test worker] DEBUG org.springframework.test.context.support.DependencyInjectionTestExecutionListener - Performing dependency injection for test context [[DefaultTestContext@23706db8 testClass = UsersRewardManagerTest, testInstance = org.waldreg.reward.users.UsersRewardManagerTest@28501a4b, testMethod = [null], testException = [null], mergedContextConfiguration = [MergedContextConfiguration@205bed61 testClass = UsersRewardManagerTest, locations = '{}', classes = '{class org.waldreg.reward.users.DefaultUsersRewardManager}', contextInitializerClasses = '[]', activeProfiles = '{}', propertySourceLocations = '{}', propertySourceProperties = '{}', contextCustomizers = set[org.springframework.boot.test.autoconfigure.actuate.metrics.MetricsExportContextCustomizerFactory$DisableMetricExportContextCustomizer@3688eb5b, org.springframework.boot.test.autoconfigure.properties.PropertyMappingContextCustomizer@0, org.springframework.boot.test.autoconfigure.web.servlet.WebDriverContextCustomizerFactory$Customizer@6d167f58, org.springframework.boot.test.context.filter.ExcludeFilterContextCustomizer@19c65cdc, org.springframework.boot.test.json.DuplicateJsonObjectContextCustomizerFactory$DuplicateJsonObjectContextCustomizer@1fb669c3, org.springframework.boot.test.mock.mockito.MockitoContextCustomizer@fd1c9f0a], contextLoader = 'org.springframework.test.context.support.DelegatingSmartContextLoader', parent = [null]], attributes = map['org.springframework.test.context.event.ApplicationEventsTestExecutionListener.recordApplicationEvents' -> false]]].
23:51:43.411 [Test worker] DEBUG org.springframework.test.context.cache.DefaultCacheAwareContextLoaderDelegate - Retrieved ApplicationContext [312470853] from cache with key [[MergedContextConfiguration@205bed61 testClass = UsersRewardManagerTest, locations = '{}', classes = '{class org.waldreg.reward.users.DefaultUsersRewardManager}', contextInitializerClasses = '[]', activeProfiles = '{}', propertySourceLocations = '{}', propertySourceProperties = '{}', contextCustomizers = set[org.springframework.boot.test.autoconfigure.actuate.metrics.MetricsExportContextCustomizerFactory$DisableMetricExportContextCustomizer@3688eb5b, org.springframework.boot.test.autoconfigure.properties.PropertyMappingContextCustomizer@0, org.springframework.boot.test.autoconfigure.web.servlet.WebDriverContextCustomizerFactory$Customizer@6d167f58, org.springframework.boot.test.context.filter.ExcludeFilterContextCustomizer@19c65cdc, org.springframework.boot.test.json.DuplicateJsonObjectContextCustomizerFactory$DuplicateJsonObjectContextCustomizer@1fb669c3, org.springframework.boot.test.mock.mockito.MockitoContextCustomizer@fd1c9f0a], contextLoader = 'org.springframework.test.context.support.DelegatingSmartContextLoader', parent = [null]]]
23:51:43.411 [Test worker] DEBUG org.springframework.test.context.cache - Spring test ApplicationContext cache statistics: [DefaultContextCache@23b3aa8c size = 3, maxSize = 32, parentContextCount = 0, hitCount = 155, missCount = 3]
23:51:43.411 [Test worker] DEBUG org.springframework.test.context.cache.DefaultCacheAwareContextLoaderDelegate - Retrieved ApplicationContext [312470853] from cache with key [[MergedContextConfiguration@205bed61 testClass = UsersRewardManagerTest, locations = '{}', classes = '{class org.waldreg.reward.users.DefaultUsersRewardManager}', contextInitializerClasses = '[]', activeProfiles = '{}', propertySourceLocations = '{}', propertySourceProperties = '{}', contextCustomizers = set[org.springframework.boot.test.autoconfigure.actuate.metrics.MetricsExportContextCustomizerFactory$DisableMetricExportContextCustomizer@3688eb5b, org.springframework.boot.test.autoconfigure.properties.PropertyMappingContextCustomizer@0, org.springframework.boot.test.autoconfigure.web.servlet.WebDriverContextCustomizerFactory$Customizer@6d167f58, org.springframework.boot.test.context.filter.ExcludeFilterContextCustomizer@19c65cdc, org.springframework.boot.test.json.DuplicateJsonObjectContextCustomizerFactory$DuplicateJsonObjectContextCustomizer@1fb669c3, org.springframework.boot.test.mock.mockito.MockitoContextCustomizer@fd1c9f0a], contextLoader = 'org.springframework.test.context.support.DelegatingSmartContextLoader', parent = [null]]]
23:51:43.411 [Test worker] DEBUG org.springframework.test.context.cache - Spring test ApplicationContext cache statistics: [DefaultContextCache@23b3aa8c size = 3, maxSize = 32, parentContextCount = 0, hitCount = 156, missCount = 3]
23:51:43.411 [Test worker] DEBUG org.springframework.test.context.support.AbstractDirtiesContextTestExecutionListener - Before test method: context [DefaultTestContext@23706db8 testClass = UsersRewardManagerTest, testInstance = org.waldreg.reward.users.UsersRewardManagerTest@28501a4b, testMethod = DELETE_REWARD_TAG_ASSIGNED_TO_SPECIFY_USERS_FAIL_CANNOT_NOT_FINA_REWARD_TEST@UsersRewardManagerTest, testException = [null], mergedContextConfiguration = [MergedContextConfiguration@205bed61 testClass = UsersRewardManagerTest, locations = '{}', classes = '{class org.waldreg.reward.users.DefaultUsersRewardManager}', contextInitializerClasses = '[]', activeProfiles = '{}', propertySourceLocations = '{}', propertySourceProperties = '{}', contextCustomizers = set[org.springframework.boot.test.autoconfigure.actuate.metrics.MetricsExportContextCustomizerFactory$DisableMetricExportContextCustomizer@3688eb5b, org.springframework.boot.test.autoconfigure.properties.PropertyMappingContextCustomizer@0, org.springframework.boot.test.autoconfigure.web.servlet.WebDriverContextCustomizerFactory$Customizer@6d167f58, org.springframework.boot.test.context.filter.ExcludeFilterContextCustomizer@19c65cdc, org.springframework.boot.test.json.DuplicateJsonObjectContextCustomizerFactory$DuplicateJsonObjectContextCustomizer@1fb669c3, org.springframework.boot.test.mock.mockito.MockitoContextCustomizer@fd1c9f0a], contextLoader = 'org.springframework.test.context.support.DelegatingSmartContextLoader', parent = [null]], attributes = map['org.springframework.test.context.event.ApplicationEventsTestExecutionListener.recordApplicationEvents' -> false]], class annotated with @DirtiesContext [false] with mode [null], method annotated with @DirtiesContext [false] with mode [null].
23:51:43.411 [Test worker] DEBUG org.springframework.test.context.cache.DefaultCacheAwareContextLoaderDelegate - Retrieved ApplicationContext [312470853] from cache with key [[MergedContextConfiguration@205bed61 testClass = UsersRewardManagerTest, locations = '{}', classes = '{class org.waldreg.reward.users.DefaultUsersRewardManager}', contextInitializerClasses = '[]', activeProfiles = '{}', propertySourceLocations = '{}', propertySourceProperties = '{}', contextCustomizers = set[org.springframework.boot.test.autoconfigure.actuate.metrics.MetricsExportContextCustomizerFactory$DisableMetricExportContextCustomizer@3688eb5b, org.springframework.boot.test.autoconfigure.properties.PropertyMappingContextCustomizer@0, org.springframework.boot.test.autoconfigure.web.servlet.WebDriverContextCustomizerFactory$Customizer@6d167f58, org.springframework.boot.test.context.filter.ExcludeFilterContextCustomizer@19c65cdc, org.springframework.boot.test.json.DuplicateJsonObjectContextCustomizerFactory$DuplicateJsonObjectContextCustomizer@1fb669c3, org.springframework.boot.test.mock.mockito.MockitoContextCustomizer@fd1c9f0a], contextLoader = 'org.springframework.test.context.support.DelegatingSmartContextLoader', parent = [null]]]
23:51:43.411 [Test worker] DEBUG org.springframework.test.context.cache - Spring test ApplicationContext cache statistics: [DefaultContextCache@23b3aa8c size = 3, maxSize = 32, parentContextCount = 0, hitCount = 157, missCount = 3]
23:51:43.411 [Test worker] DEBUG org.springframework.test.context.cache.DefaultCacheAwareContextLoaderDelegate - Retrieved ApplicationContext [312470853] from cache with key [[MergedContextConfiguration@205bed61 testClass = UsersRewardManagerTest, locations = '{}', classes = '{class org.waldreg.reward.users.DefaultUsersRewardManager}', contextInitializerClasses = '[]', activeProfiles = '{}', propertySourceLocations = '{}', propertySourceProperties = '{}', contextCustomizers = set[org.springframework.boot.test.autoconfigure.actuate.metrics.MetricsExportContextCustomizerFactory$DisableMetricExportContextCustomizer@3688eb5b, org.springframework.boot.test.autoconfigure.properties.PropertyMappingContextCustomizer@0, org.springframework.boot.test.autoconfigure.web.servlet.WebDriverContextCustomizerFactory$Customizer@6d167f58, org.springframework.boot.test.context.filter.ExcludeFilterContextCustomizer@19c65cdc, org.springframework.boot.test.json.DuplicateJsonObjectContextCustomizerFactory$DuplicateJsonObjectContextCustomizer@1fb669c3, org.springframework.boot.test.mock.mockito.MockitoContextCustomizer@fd1c9f0a], contextLoader = 'org.springframework.test.context.support.DelegatingSmartContextLoader', parent = [null]]]
23:51:43.412 [Test worker] DEBUG org.springframework.test.context.cache - Spring test ApplicationContext cache statistics: [DefaultContextCache@23b3aa8c size = 3, maxSize = 32, parentContextCount = 0, hitCount = 158, missCount = 3]
23:51:43.412 [Test worker] DEBUG org.springframework.test.context.cache.DefaultCacheAwareContextLoaderDelegate - Retrieved ApplicationContext [312470853] from cache with key [[MergedContextConfiguration@205bed61 testClass = UsersRewardManagerTest, locations = '{}', classes = '{class org.waldreg.reward.users.DefaultUsersRewardManager}', contextInitializerClasses = '[]', activeProfiles = '{}', propertySourceLocations = '{}', propertySourceProperties = '{}', contextCustomizers = set[org.springframework.boot.test.autoconfigure.actuate.metrics.MetricsExportContextCustomizerFactory$DisableMetricExportContextCustomizer@3688eb5b, org.springframework.boot.test.autoconfigure.properties.PropertyMappingContextCustomizer@0, org.springframework.boot.test.autoconfigure.web.servlet.WebDriverContextCustomizerFactory$Customizer@6d167f58, org.springframework.boot.test.context.filter.ExcludeFilterContextCustomizer@19c65cdc, org.springframework.boot.test.json.DuplicateJsonObjectContextCustomizerFactory$DuplicateJsonObjectContextCustomizer@1fb669c3, org.springframework.boot.test.mock.mockito.MockitoContextCustomizer@fd1c9f0a], contextLoader = 'org.springframework.test.context.support.DelegatingSmartContextLoader', parent = [null]]]
23:51:43.412 [Test worker] DEBUG org.springframework.test.context.cache - Spring test ApplicationContext cache statistics: [DefaultContextCache@23b3aa8c size = 3, maxSize = 32, parentContextCount = 0, hitCount = 159, missCount = 3]
23:51:43.412 [Test worker] DEBUG org.springframework.test.context.cache.DefaultCacheAwareContextLoaderDelegate - Retrieved ApplicationContext [312470853] from cache with key [[MergedContextConfiguration@205bed61 testClass = UsersRewardManagerTest, locations = '{}', classes = '{class org.waldreg.reward.users.DefaultUsersRewardManager}', contextInitializerClasses = '[]', activeProfiles = '{}', propertySourceLocations = '{}', propertySourceProperties = '{}', contextCustomizers = set[org.springframework.boot.test.autoconfigure.actuate.metrics.MetricsExportContextCustomizerFactory$DisableMetricExportContextCustomizer@3688eb5b, org.springframework.boot.test.autoconfigure.properties.PropertyMappingContextCustomizer@0, org.springframework.boot.test.autoconfigure.web.servlet.WebDriverContextCustomizerFactory$Customizer@6d167f58, org.springframework.boot.test.context.filter.ExcludeFilterContextCustomizer@19c65cdc, org.springframework.boot.test.json.DuplicateJsonObjectContextCustomizerFactory$DuplicateJsonObjectContextCustomizer@1fb669c3, org.springframework.boot.test.mock.mockito.MockitoContextCustomizer@fd1c9f0a], contextLoader = 'org.springframework.test.context.support.DelegatingSmartContextLoader', parent = [null]]]
23:51:43.412 [Test worker] DEBUG org.springframework.test.context.cache - Spring test ApplicationContext cache statistics: [DefaultContextCache@23b3aa8c size = 3, maxSize = 32, parentContextCount = 0, hitCount = 160, missCount = 3]
23:51:43.412 [Test worker] DEBUG org.springframework.test.context.cache.DefaultCacheAwareContextLoaderDelegate - Retrieved ApplicationContext [312470853] from cache with key [[MergedContextConfiguration@205bed61 testClass = UsersRewardManagerTest, locations = '{}', classes = '{class org.waldreg.reward.users.DefaultUsersRewardManager}', contextInitializerClasses = '[]', activeProfiles = '{}', propertySourceLocations = '{}', propertySourceProperties = '{}', contextCustomizers = set[org.springframework.boot.test.autoconfigure.actuate.metrics.MetricsExportContextCustomizerFactory$DisableMetricExportContextCustomizer@3688eb5b, org.springframework.boot.test.autoconfigure.properties.PropertyMappingContextCustomizer@0, org.springframework.boot.test.autoconfigure.web.servlet.WebDriverContextCustomizerFactory$Customizer@6d167f58, org.springframework.boot.test.context.filter.ExcludeFilterContextCustomizer@19c65cdc, org.springframework.boot.test.json.DuplicateJsonObjectContextCustomizerFactory$DuplicateJsonObjectContextCustomizer@1fb669c3, org.springframework.boot.test.mock.mockito.MockitoContextCustomizer@fd1c9f0a], contextLoader = 'org.springframework.test.context.support.DelegatingSmartContextLoader', parent = [null]]]
23:51:43.412 [Test worker] DEBUG org.springframework.test.context.cache - Spring test ApplicationContext cache statistics: [DefaultContextCache@23b3aa8c size = 3, maxSize = 32, parentContextCount = 0, hitCount = 161, missCount = 3]
23:51:43.413 [Test worker] DEBUG org.springframework.test.context.cache.DefaultCacheAwareContextLoaderDelegate - Retrieved ApplicationContext [312470853] from cache with key [[MergedContextConfiguration@205bed61 testClass = UsersRewardManagerTest, locations = '{}', classes = '{class org.waldreg.reward.users.DefaultUsersRewardManager}', contextInitializerClasses = '[]', activeProfiles = '{}', propertySourceLocations = '{}', propertySourceProperties = '{}', contextCustomizers = set[org.springframework.boot.test.autoconfigure.actuate.metrics.MetricsExportContextCustomizerFactory$DisableMetricExportContextCustomizer@3688eb5b, org.springframework.boot.test.autoconfigure.properties.PropertyMappingContextCustomizer@0, org.springframework.boot.test.autoconfigure.web.servlet.WebDriverContextCustomizerFactory$Customizer@6d167f58, org.springframework.boot.test.context.filter.ExcludeFilterContextCustomizer@19c65cdc, org.springframework.boot.test.json.DuplicateJsonObjectContextCustomizerFactory$DuplicateJsonObjectContextCustomizer@1fb669c3, org.springframework.boot.test.mock.mockito.MockitoContextCustomizer@fd1c9f0a], contextLoader = 'org.springframework.test.context.support.DelegatingSmartContextLoader', parent = [null]]]
23:51:43.413 [Test worker] DEBUG org.springframework.test.context.cache - Spring test ApplicationContext cache statistics: [DefaultContextCache@23b3aa8c size = 3, maxSize = 32, parentContextCount = 0, hitCount = 162, missCount = 3]
23:51:43.413 [Test worker] DEBUG org.springframework.test.context.cache.DefaultCacheAwareContextLoaderDelegate - Retrieved ApplicationContext [312470853] from cache with key [[MergedContextConfiguration@205bed61 testClass = UsersRewardManagerTest, locations = '{}', classes = '{class org.waldreg.reward.users.DefaultUsersRewardManager}', contextInitializerClasses = '[]', activeProfiles = '{}', propertySourceLocations = '{}', propertySourceProperties = '{}', contextCustomizers = set[org.springframework.boot.test.autoconfigure.actuate.metrics.MetricsExportContextCustomizerFactory$DisableMetricExportContextCustomizer@3688eb5b, org.springframework.boot.test.autoconfigure.properties.PropertyMappingContextCustomizer@0, org.springframework.boot.test.autoconfigure.web.servlet.WebDriverContextCustomizerFactory$Customizer@6d167f58, org.springframework.boot.test.context.filter.ExcludeFilterContextCustomizer@19c65cdc, org.springframework.boot.test.json.DuplicateJsonObjectContextCustomizerFactory$DuplicateJsonObjectContextCustomizer@1fb669c3, org.springframework.boot.test.mock.mockito.MockitoContextCustomizer@fd1c9f0a], contextLoader = 'org.springframework.test.context.support.DelegatingSmartContextLoader', parent = [null]]]
23:51:43.413 [Test worker] DEBUG org.springframework.test.context.cache - Spring test ApplicationContext cache statistics: [DefaultContextCache@23b3aa8c size = 3, maxSize = 32, parentContextCount = 0, hitCount = 163, missCount = 3]
23:51:43.413 [Test worker] DEBUG org.springframework.test.context.cache.DefaultCacheAwareContextLoaderDelegate - Retrieved ApplicationContext [312470853] from cache with key [[MergedContextConfiguration@205bed61 testClass = UsersRewardManagerTest, locations = '{}', classes = '{class org.waldreg.reward.users.DefaultUsersRewardManager}', contextInitializerClasses = '[]', activeProfiles = '{}', propertySourceLocations = '{}', propertySourceProperties = '{}', contextCustomizers = set[org.springframework.boot.test.autoconfigure.actuate.metrics.MetricsExportContextCustomizerFactory$DisableMetricExportContextCustomizer@3688eb5b, org.springframework.boot.test.autoconfigure.properties.PropertyMappingContextCustomizer@0, org.springframework.boot.test.autoconfigure.web.servlet.WebDriverContextCustomizerFactory$Customizer@6d167f58, org.springframework.boot.test.context.filter.ExcludeFilterContextCustomizer@19c65cdc, org.springframework.boot.test.json.DuplicateJsonObjectContextCustomizerFactory$DuplicateJsonObjectContextCustomizer@1fb669c3, org.springframework.boot.test.mock.mockito.MockitoContextCustomizer@fd1c9f0a], contextLoader = 'org.springframework.test.context.support.DelegatingSmartContextLoader', parent = [null]]]
23:51:43.413 [Test worker] DEBUG org.springframework.test.context.cache - Spring test ApplicationContext cache statistics: [DefaultContextCache@23b3aa8c size = 3, maxSize = 32, parentContextCount = 0, hitCount = 164, missCount = 3]
23:51:43.413 [Test worker] DEBUG org.springframework.test.context.cache.DefaultCacheAwareContextLoaderDelegate - Retrieved ApplicationContext [312470853] from cache with key [[MergedContextConfiguration@205bed61 testClass = UsersRewardManagerTest, locations = '{}', classes = '{class org.waldreg.reward.users.DefaultUsersRewardManager}', contextInitializerClasses = '[]', activeProfiles = '{}', propertySourceLocations = '{}', propertySourceProperties = '{}', contextCustomizers = set[org.springframework.boot.test.autoconfigure.actuate.metrics.MetricsExportContextCustomizerFactory$DisableMetricExportContextCustomizer@3688eb5b, org.springframework.boot.test.autoconfigure.properties.PropertyMappingContextCustomizer@0, org.springframework.boot.test.autoconfigure.web.servlet.WebDriverContextCustomizerFactory$Customizer@6d167f58, org.springframework.boot.test.context.filter.ExcludeFilterContextCustomizer@19c65cdc, org.springframework.boot.test.json.DuplicateJsonObjectContextCustomizerFactory$DuplicateJsonObjectContextCustomizer@1fb669c3, org.springframework.boot.test.mock.mockito.MockitoContextCustomizer@fd1c9f0a], contextLoader = 'org.springframework.test.context.support.DelegatingSmartContextLoader', parent = [null]]]
23:51:43.413 [Test worker] DEBUG org.springframework.test.context.cache - Spring test ApplicationContext cache statistics: [DefaultContextCache@23b3aa8c size = 3, maxSize = 32, parentContextCount = 0, hitCount = 165, missCount = 3]
23:51:43.413 [Test worker] DEBUG org.springframework.test.context.support.AbstractDirtiesContextTestExecutionListener - After test method: context [DefaultTestContext@23706db8 testClass = UsersRewardManagerTest, testInstance = org.waldreg.reward.users.UsersRewardManagerTest@28501a4b, testMethod = DELETE_REWARD_TAG_ASSIGNED_TO_SPECIFY_USERS_FAIL_CANNOT_NOT_FINA_REWARD_TEST@UsersRewardManagerTest, testException = [null], mergedContextConfiguration = [MergedContextConfiguration@205bed61 testClass = UsersRewardManagerTest, locations = '{}', classes = '{class org.waldreg.reward.users.DefaultUsersRewardManager}', contextInitializerClasses = '[]', activeProfiles = '{}', propertySourceLocations = '{}', propertySourceProperties = '{}', contextCustomizers = set[org.springframework.boot.test.autoconfigure.actuate.metrics.MetricsExportContextCustomizerFactory$DisableMetricExportContextCustomizer@3688eb5b, org.springframework.boot.test.autoconfigure.properties.PropertyMappingContextCustomizer@0, org.springframework.boot.test.autoconfigure.web.servlet.WebDriverContextCustomizerFactory$Customizer@6d167f58, org.springframework.boot.test.context.filter.ExcludeFilterContextCustomizer@19c65cdc, org.springframework.boot.test.json.DuplicateJsonObjectContextCustomizerFactory$DuplicateJsonObjectContextCustomizer@1fb669c3, org.springframework.boot.test.mock.mockito.MockitoContextCustomizer@fd1c9f0a], contextLoader = 'org.springframework.test.context.support.DelegatingSmartContextLoader', parent = [null]], attributes = map['org.springframework.test.context.event.ApplicationEventsTestExecutionListener.recordApplicationEvents' -> false]], class annotated with @DirtiesContext [false] with mode [null], method annotated with @DirtiesContext [false] with mode [null].
23:51:43.413 [Test worker] DEBUG org.springframework.test.context.cache.DefaultCacheAwareContextLoaderDelegate - Retrieved ApplicationContext [312470853] from cache with key [[MergedContextConfiguration@205bed61 testClass = UsersRewardManagerTest, locations = '{}', classes = '{class org.waldreg.reward.users.DefaultUsersRewardManager}', contextInitializerClasses = '[]', activeProfiles = '{}', propertySourceLocations = '{}', propertySourceProperties = '{}', contextCustomizers = set[org.springframework.boot.test.autoconfigure.actuate.metrics.MetricsExportContextCustomizerFactory$DisableMetricExportContextCustomizer@3688eb5b, org.springframework.boot.test.autoconfigure.properties.PropertyMappingContextCustomizer@0, org.springframework.boot.test.autoconfigure.web.servlet.WebDriverContextCustomizerFactory$Customizer@6d167f58, org.springframework.boot.test.context.filter.ExcludeFilterContextCustomizer@19c65cdc, org.springframework.boot.test.json.DuplicateJsonObjectContextCustomizerFactory$DuplicateJsonObjectContextCustomizer@1fb669c3, org.springframework.boot.test.mock.mockito.MockitoContextCustomizer@fd1c9f0a], contextLoader = 'org.springframework.test.context.support.DelegatingSmartContextLoader', parent = [null]]]
23:51:43.413 [Test worker] DEBUG org.springframework.test.context.cache - Spring test ApplicationContext cache statistics: [DefaultContextCache@23b3aa8c size = 3, maxSize = 32, parentContextCount = 0, hitCount = 166, missCount = 3]
23:51:43.413 [Test worker] DEBUG org.springframework.test.context.support.DependencyInjectionTestExecutionListener - Performing dependency injection for test context [[DefaultTestContext@23706db8 testClass = UsersRewardManagerTest, testInstance = org.waldreg.reward.users.UsersRewardManagerTest@341672e, testMethod = [null], testException = [null], mergedContextConfiguration = [MergedContextConfiguration@205bed61 testClass = UsersRewardManagerTest, locations = '{}', classes = '{class org.waldreg.reward.users.DefaultUsersRewardManager}', contextInitializerClasses = '[]', activeProfiles = '{}', propertySourceLocations = '{}', propertySourceProperties = '{}', contextCustomizers = set[org.springframework.boot.test.autoconfigure.actuate.metrics.MetricsExportContextCustomizerFactory$DisableMetricExportContextCustomizer@3688eb5b, org.springframework.boot.test.autoconfigure.properties.PropertyMappingContextCustomizer@0, org.springframework.boot.test.autoconfigure.web.servlet.WebDriverContextCustomizerFactory$Customizer@6d167f58, org.springframework.boot.test.context.filter.ExcludeFilterContextCustomizer@19c65cdc, org.springframework.boot.test.json.DuplicateJsonObjectContextCustomizerFactory$DuplicateJsonObjectContextCustomizer@1fb669c3, org.springframework.boot.test.mock.mockito.MockitoContextCustomizer@fd1c9f0a], contextLoader = 'org.springframework.test.context.support.DelegatingSmartContextLoader', parent = [null]], attributes = map['org.springframework.test.context.event.ApplicationEventsTestExecutionListener.recordApplicationEvents' -> false]]].
23:51:43.414 [Test worker] DEBUG org.springframework.test.context.cache.DefaultCacheAwareContextLoaderDelegate - Retrieved ApplicationContext [312470853] from cache with key [[MergedContextConfiguration@205bed61 testClass = UsersRewardManagerTest, locations = '{}', classes = '{class org.waldreg.reward.users.DefaultUsersRewardManager}', contextInitializerClasses = '[]', activeProfiles = '{}', propertySourceLocations = '{}', propertySourceProperties = '{}', contextCustomizers = set[org.springframework.boot.test.autoconfigure.actuate.metrics.MetricsExportContextCustomizerFactory$DisableMetricExportContextCustomizer@3688eb5b, org.springframework.boot.test.autoconfigure.properties.PropertyMappingContextCustomizer@0, org.springframework.boot.test.autoconfigure.web.servlet.WebDriverContextCustomizerFactory$Customizer@6d167f58, org.springframework.boot.test.context.filter.ExcludeFilterContextCustomizer@19c65cdc, org.springframework.boot.test.json.DuplicateJsonObjectContextCustomizerFactory$DuplicateJsonObjectContextCustomizer@1fb669c3, org.springframework.boot.test.mock.mockito.MockitoContextCustomizer@fd1c9f0a], contextLoader = 'org.springframework.test.context.support.DelegatingSmartContextLoader', parent = [null]]]
23:51:43.414 [Test worker] DEBUG org.springframework.test.context.cache - Spring test ApplicationContext cache statistics: [DefaultContextCache@23b3aa8c size = 3, maxSize = 32, parentContextCount = 0, hitCount = 167, missCount = 3]
23:51:43.414 [Test worker] DEBUG org.springframework.test.context.cache.DefaultCacheAwareContextLoaderDelegate - Retrieved ApplicationContext [312470853] from cache with key [[MergedContextConfiguration@205bed61 testClass = UsersRewardManagerTest, locations = '{}', classes = '{class org.waldreg.reward.users.DefaultUsersRewardManager}', contextInitializerClasses = '[]', activeProfiles = '{}', propertySourceLocations = '{}', propertySourceProperties = '{}', contextCustomizers = set[org.springframework.boot.test.autoconfigure.actuate.metrics.MetricsExportContextCustomizerFactory$DisableMetricExportContextCustomizer@3688eb5b, org.springframework.boot.test.autoconfigure.properties.PropertyMappingContextCustomizer@0, org.springframework.boot.test.autoconfigure.web.servlet.WebDriverContextCustomizerFactory$Customizer@6d167f58, org.springframework.boot.test.context.filter.ExcludeFilterContextCustomizer@19c65cdc, org.springframework.boot.test.json.DuplicateJsonObjectContextCustomizerFactory$DuplicateJsonObjectContextCustomizer@1fb669c3, org.springframework.boot.test.mock.mockito.MockitoContextCustomizer@fd1c9f0a], contextLoader = 'org.springframework.test.context.support.DelegatingSmartContextLoader', parent = [null]]]
23:51:43.414 [Test worker] DEBUG org.springframework.test.context.cache - Spring test ApplicationContext cache statistics: [DefaultContextCache@23b3aa8c size = 3, maxSize = 32, parentContextCount = 0, hitCount = 168, missCount = 3]
23:51:43.414 [Test worker] DEBUG org.springframework.test.context.support.AbstractDirtiesContextTestExecutionListener - Before test method: context [DefaultTestContext@23706db8 testClass = UsersRewardManagerTest, testInstance = org.waldreg.reward.users.UsersRewardManagerTest@341672e, testMethod = ASSIGN_REWARD_TO_USER_FAIL_CANNOT_FIND_REWARD_TAG_ID_TEST@UsersRewardManagerTest, testException = [null], mergedContextConfiguration = [MergedContextConfiguration@205bed61 testClass = UsersRewardManagerTest, locations = '{}', classes = '{class org.waldreg.reward.users.DefaultUsersRewardManager}', contextInitializerClasses = '[]', activeProfiles = '{}', propertySourceLocations = '{}', propertySourceProperties = '{}', contextCustomizers = set[org.springframework.boot.test.autoconfigure.actuate.metrics.MetricsExportContextCustomizerFactory$DisableMetricExportContextCustomizer@3688eb5b, org.springframework.boot.test.autoconfigure.properties.PropertyMappingContextCustomizer@0, org.springframework.boot.test.autoconfigure.web.servlet.WebDriverContextCustomizerFactory$Customizer@6d167f58, org.springframework.boot.test.context.filter.ExcludeFilterContextCustomizer@19c65cdc, org.springframework.boot.test.json.DuplicateJsonObjectContextCustomizerFactory$DuplicateJsonObjectContextCustomizer@1fb669c3, org.springframework.boot.test.mock.mockito.MockitoContextCustomizer@fd1c9f0a], contextLoader = 'org.springframework.test.context.support.DelegatingSmartContextLoader', parent = [null]], attributes = map['org.springframework.test.context.event.ApplicationEventsTestExecutionListener.recordApplicationEvents' -> false]], class annotated with @DirtiesContext [false] with mode [null], method annotated with @DirtiesContext [false] with mode [null].
23:51:43.414 [Test worker] DEBUG org.springframework.test.context.cache.DefaultCacheAwareContextLoaderDelegate - Retrieved ApplicationContext [312470853] from cache with key [[MergedContextConfiguration@205bed61 testClass = UsersRewardManagerTest, locations = '{}', classes = '{class org.waldreg.reward.users.DefaultUsersRewardManager}', contextInitializerClasses = '[]', activeProfiles = '{}', propertySourceLocations = '{}', propertySourceProperties = '{}', contextCustomizers = set[org.springframework.boot.test.autoconfigure.actuate.metrics.MetricsExportContextCustomizerFactory$DisableMetricExportContextCustomizer@3688eb5b, org.springframework.boot.test.autoconfigure.properties.PropertyMappingContextCustomizer@0, org.springframework.boot.test.autoconfigure.web.servlet.WebDriverContextCustomizerFactory$Customizer@6d167f58, org.springframework.boot.test.context.filter.ExcludeFilterContextCustomizer@19c65cdc, org.springframework.boot.test.json.DuplicateJsonObjectContextCustomizerFactory$DuplicateJsonObjectContextCustomizer@1fb669c3, org.springframework.boot.test.mock.mockito.MockitoContextCustomizer@fd1c9f0a], contextLoader = 'org.springframework.test.context.support.DelegatingSmartContextLoader', parent = [null]]]
23:51:43.414 [Test worker] DEBUG org.springframework.test.context.cache - Spring test ApplicationContext cache statistics: [DefaultContextCache@23b3aa8c size = 3, maxSize = 32, parentContextCount = 0, hitCount = 169, missCount = 3]
23:51:43.414 [Test worker] DEBUG org.springframework.test.context.cache.DefaultCacheAwareContextLoaderDelegate - Retrieved ApplicationContext [312470853] from cache with key [[MergedContextConfiguration@205bed61 testClass = UsersRewardManagerTest, locations = '{}', classes = '{class org.waldreg.reward.users.DefaultUsersRewardManager}', contextInitializerClasses = '[]', activeProfiles = '{}', propertySourceLocations = '{}', propertySourceProperties = '{}', contextCustomizers = set[org.springframework.boot.test.autoconfigure.actuate.metrics.MetricsExportContextCustomizerFactory$DisableMetricExportContextCustomizer@3688eb5b, org.springframework.boot.test.autoconfigure.properties.PropertyMappingContextCustomizer@0, org.springframework.boot.test.autoconfigure.web.servlet.WebDriverContextCustomizerFactory$Customizer@6d167f58, org.springframework.boot.test.context.filter.ExcludeFilterContextCustomizer@19c65cdc, org.springframework.boot.test.json.DuplicateJsonObjectContextCustomizerFactory$DuplicateJsonObjectContextCustomizer@1fb669c3, org.springframework.boot.test.mock.mockito.MockitoContextCustomizer@fd1c9f0a], contextLoader = 'org.springframework.test.context.support.DelegatingSmartContextLoader', parent = [null]]]
23:51:43.414 [Test worker] DEBUG org.springframework.test.context.cache - Spring test ApplicationContext cache statistics: [DefaultContextCache@23b3aa8c size = 3, maxSize = 32, parentContextCount = 0, hitCount = 170, missCount = 3]
23:51:43.414 [Test worker] DEBUG org.springframework.test.context.cache.DefaultCacheAwareContextLoaderDelegate - Retrieved ApplicationContext [312470853] from cache with key [[MergedContextConfiguration@205bed61 testClass = UsersRewardManagerTest, locations = '{}', classes = '{class org.waldreg.reward.users.DefaultUsersRewardManager}', contextInitializerClasses = '[]', activeProfiles = '{}', propertySourceLocations = '{}', propertySourceProperties = '{}', contextCustomizers = set[org.springframework.boot.test.autoconfigure.actuate.metrics.MetricsExportContextCustomizerFactory$DisableMetricExportContextCustomizer@3688eb5b, org.springframework.boot.test.autoconfigure.properties.PropertyMappingContextCustomizer@0, org.springframework.boot.test.autoconfigure.web.servlet.WebDriverContextCustomizerFactory$Customizer@6d167f58, org.springframework.boot.test.context.filter.ExcludeFilterContextCustomizer@19c65cdc, org.springframework.boot.test.json.DuplicateJsonObjectContextCustomizerFactory$DuplicateJsonObjectContextCustomizer@1fb669c3, org.springframework.boot.test.mock.mockito.MockitoContextCustomizer@fd1c9f0a], contextLoader = 'org.springframework.test.context.support.DelegatingSmartContextLoader', parent = [null]]]
23:51:43.414 [Test worker] DEBUG org.springframework.test.context.cache - Spring test ApplicationContext cache statistics: [DefaultContextCache@23b3aa8c size = 3, maxSize = 32, parentContextCount = 0, hitCount = 171, missCount = 3]
23:51:43.415 [Test worker] DEBUG org.springframework.test.context.cache.DefaultCacheAwareContextLoaderDelegate - Retrieved ApplicationContext [312470853] from cache with key [[MergedContextConfiguration@205bed61 testClass = UsersRewardManagerTest, locations = '{}', classes = '{class org.waldreg.reward.users.DefaultUsersRewardManager}', contextInitializerClasses = '[]', activeProfiles = '{}', propertySourceLocations = '{}', propertySourceProperties = '{}', contextCustomizers = set[org.springframework.boot.test.autoconfigure.actuate.metrics.MetricsExportContextCustomizerFactory$DisableMetricExportContextCustomizer@3688eb5b, org.springframework.boot.test.autoconfigure.properties.PropertyMappingContextCustomizer@0, org.springframework.boot.test.autoconfigure.web.servlet.WebDriverContextCustomizerFactory$Customizer@6d167f58, org.springframework.boot.test.context.filter.ExcludeFilterContextCustomizer@19c65cdc, org.springframework.boot.test.json.DuplicateJsonObjectContextCustomizerFactory$DuplicateJsonObjectContextCustomizer@1fb669c3, org.springframework.boot.test.mock.mockito.MockitoContextCustomizer@fd1c9f0a], contextLoader = 'org.springframework.test.context.support.DelegatingSmartContextLoader', parent = [null]]]
23:51:43.415 [Test worker] DEBUG org.springframework.test.context.cache - Spring test ApplicationContext cache statistics: [DefaultContextCache@23b3aa8c size = 3, maxSize = 32, parentContextCount = 0, hitCount = 172, missCount = 3]
23:51:43.415 [Test worker] DEBUG org.springframework.test.context.cache.DefaultCacheAwareContextLoaderDelegate - Retrieved ApplicationContext [312470853] from cache with key [[MergedContextConfiguration@205bed61 testClass = UsersRewardManagerTest, locations = '{}', classes = '{class org.waldreg.reward.users.DefaultUsersRewardManager}', contextInitializerClasses = '[]', activeProfiles = '{}', propertySourceLocations = '{}', propertySourceProperties = '{}', contextCustomizers = set[org.springframework.boot.test.autoconfigure.actuate.metrics.MetricsExportContextCustomizerFactory$DisableMetricExportContextCustomizer@3688eb5b, org.springframework.boot.test.autoconfigure.properties.PropertyMappingContextCustomizer@0, org.springframework.boot.test.autoconfigure.web.servlet.WebDriverContextCustomizerFactory$Customizer@6d167f58, org.springframework.boot.test.context.filter.ExcludeFilterContextCustomizer@19c65cdc, org.springframework.boot.test.json.DuplicateJsonObjectContextCustomizerFactory$DuplicateJsonObjectContextCustomizer@1fb669c3, org.springframework.boot.test.mock.mockito.MockitoContextCustomizer@fd1c9f0a], contextLoader = 'org.springframework.test.context.support.DelegatingSmartContextLoader', parent = [null]]]
23:51:43.415 [Test worker] DEBUG org.springframework.test.context.cache - Spring test ApplicationContext cache statistics: [DefaultContextCache@23b3aa8c size = 3, maxSize = 32, parentContextCount = 0, hitCount = 173, missCount = 3]
23:51:43.415 [Test worker] DEBUG org.springframework.test.context.cache.DefaultCacheAwareContextLoaderDelegate - Retrieved ApplicationContext [312470853] from cache with key [[MergedContextConfiguration@205bed61 testClass = UsersRewardManagerTest, locations = '{}', classes = '{class org.waldreg.reward.users.DefaultUsersRewardManager}', contextInitializerClasses = '[]', activeProfiles = '{}', propertySourceLocations = '{}', propertySourceProperties = '{}', contextCustomizers = set[org.springframework.boot.test.autoconfigure.actuate.metrics.MetricsExportContextCustomizerFactory$DisableMetricExportContextCustomizer@3688eb5b, org.springframework.boot.test.autoconfigure.properties.PropertyMappingContextCustomizer@0, org.springframework.boot.test.autoconfigure.web.servlet.WebDriverContextCustomizerFactory$Customizer@6d167f58, org.springframework.boot.test.context.filter.ExcludeFilterContextCustomizer@19c65cdc, org.springframework.boot.test.json.DuplicateJsonObjectContextCustomizerFactory$DuplicateJsonObjectContextCustomizer@1fb669c3, org.springframework.boot.test.mock.mockito.MockitoContextCustomizer@fd1c9f0a], contextLoader = 'org.springframework.test.context.support.DelegatingSmartContextLoader', parent = [null]]]
23:51:43.415 [Test worker] DEBUG org.springframework.test.context.cache - Spring test ApplicationContext cache statistics: [DefaultContextCache@23b3aa8c size = 3, maxSize = 32, parentContextCount = 0, hitCount = 174, missCount = 3]
23:51:43.415 [Test worker] DEBUG org.springframework.test.context.cache.DefaultCacheAwareContextLoaderDelegate - Retrieved ApplicationContext [312470853] from cache with key [[MergedContextConfiguration@205bed61 testClass = UsersRewardManagerTest, locations = '{}', classes = '{class org.waldreg.reward.users.DefaultUsersRewardManager}', contextInitializerClasses = '[]', activeProfiles = '{}', propertySourceLocations = '{}', propertySourceProperties = '{}', contextCustomizers = set[org.springframework.boot.test.autoconfigure.actuate.metrics.MetricsExportContextCustomizerFactory$DisableMetricExportContextCustomizer@3688eb5b, org.springframework.boot.test.autoconfigure.properties.PropertyMappingContextCustomizer@0, org.springframework.boot.test.autoconfigure.web.servlet.WebDriverContextCustomizerFactory$Customizer@6d167f58, org.springframework.boot.test.context.filter.ExcludeFilterContextCustomizer@19c65cdc, org.springframework.boot.test.json.DuplicateJsonObjectContextCustomizerFactory$DuplicateJsonObjectContextCustomizer@1fb669c3, org.springframework.boot.test.mock.mockito.MockitoContextCustomizer@fd1c9f0a], contextLoader = 'org.springframework.test.context.support.DelegatingSmartContextLoader', parent = [null]]]
23:51:43.415 [Test worker] DEBUG org.springframework.test.context.cache - Spring test ApplicationContext cache statistics: [DefaultContextCache@23b3aa8c size = 3, maxSize = 32, parentContextCount = 0, hitCount = 175, missCount = 3]
23:51:43.415 [Test worker] DEBUG org.springframework.test.context.cache.DefaultCacheAwareContextLoaderDelegate - Retrieved ApplicationContext [312470853] from cache with key [[MergedContextConfiguration@205bed61 testClass = UsersRewardManagerTest, locations = '{}', classes = '{class org.waldreg.reward.users.DefaultUsersRewardManager}', contextInitializerClasses = '[]', activeProfiles = '{}', propertySourceLocations = '{}', propertySourceProperties = '{}', contextCustomizers = set[org.springframework.boot.test.autoconfigure.actuate.metrics.MetricsExportContextCustomizerFactory$DisableMetricExportContextCustomizer@3688eb5b, org.springframework.boot.test.autoconfigure.properties.PropertyMappingContextCustomizer@0, org.springframework.boot.test.autoconfigure.web.servlet.WebDriverContextCustomizerFactory$Customizer@6d167f58, org.springframework.boot.test.context.filter.ExcludeFilterContextCustomizer@19c65cdc, org.springframework.boot.test.json.DuplicateJsonObjectContextCustomizerFactory$DuplicateJsonObjectContextCustomizer@1fb669c3, org.springframework.boot.test.mock.mockito.MockitoContextCustomizer@fd1c9f0a], contextLoader = 'org.springframework.test.context.support.DelegatingSmartContextLoader', parent = [null]]]
23:51:43.415 [Test worker] DEBUG org.springframework.test.context.cache - Spring test ApplicationContext cache statistics: [DefaultContextCache@23b3aa8c size = 3, maxSize = 32, parentContextCount = 0, hitCount = 176, missCount = 3]
23:51:43.415 [Test worker] DEBUG org.springframework.test.context.cache.DefaultCacheAwareContextLoaderDelegate - Retrieved ApplicationContext [312470853] from cache with key [[MergedContextConfiguration@205bed61 testClass = UsersRewardManagerTest, locations = '{}', classes = '{class org.waldreg.reward.users.DefaultUsersRewardManager}', contextInitializerClasses = '[]', activeProfiles = '{}', propertySourceLocations = '{}', propertySourceProperties = '{}', contextCustomizers = set[org.springframework.boot.test.autoconfigure.actuate.metrics.MetricsExportContextCustomizerFactory$DisableMetricExportContextCustomizer@3688eb5b, org.springframework.boot.test.autoconfigure.properties.PropertyMappingContextCustomizer@0, org.springframework.boot.test.autoconfigure.web.servlet.WebDriverContextCustomizerFactory$Customizer@6d167f58, org.springframework.boot.test.context.filter.ExcludeFilterContextCustomizer@19c65cdc, org.springframework.boot.test.json.DuplicateJsonObjectContextCustomizerFactory$DuplicateJsonObjectContextCustomizer@1fb669c3, org.springframework.boot.test.mock.mockito.MockitoContextCustomizer@fd1c9f0a], contextLoader = 'org.springframework.test.context.support.DelegatingSmartContextLoader', parent = [null]]]
23:51:43.415 [Test worker] DEBUG org.springframework.test.context.cache - Spring test ApplicationContext cache statistics: [DefaultContextCache@23b3aa8c size = 3, maxSize = 32, parentContextCount = 0, hitCount = 177, missCount = 3]
23:51:43.415 [Test worker] DEBUG org.springframework.test.context.support.AbstractDirtiesContextTestExecutionListener - After test method: context [DefaultTestContext@23706db8 testClass = UsersRewardManagerTest, testInstance = org.waldreg.reward.users.UsersRewardManagerTest@341672e, testMethod = ASSIGN_REWARD_TO_USER_FAIL_CANNOT_FIND_REWARD_TAG_ID_TEST@UsersRewardManagerTest, testException = [null], mergedContextConfiguration = [MergedContextConfiguration@205bed61 testClass = UsersRewardManagerTest, locations = '{}', classes = '{class org.waldreg.reward.users.DefaultUsersRewardManager}', contextInitializerClasses = '[]', activeProfiles = '{}', propertySourceLocations = '{}', propertySourceProperties = '{}', contextCustomizers = set[org.springframework.boot.test.autoconfigure.actuate.metrics.MetricsExportContextCustomizerFactory$DisableMetricExportContextCustomizer@3688eb5b, org.springframework.boot.test.autoconfigure.properties.PropertyMappingContextCustomizer@0, org.springframework.boot.test.autoconfigure.web.servlet.WebDriverContextCustomizerFactory$Customizer@6d167f58, org.springframework.boot.test.context.filter.ExcludeFilterContextCustomizer@19c65cdc, org.springframework.boot.test.json.DuplicateJsonObjectContextCustomizerFactory$DuplicateJsonObjectContextCustomizer@1fb669c3, org.springframework.boot.test.mock.mockito.MockitoContextCustomizer@fd1c9f0a], contextLoader = 'org.springframework.test.context.support.DelegatingSmartContextLoader', parent = [null]], attributes = map['org.springframework.test.context.event.ApplicationEventsTestExecutionListener.recordApplicationEvents' -> false]], class annotated with @DirtiesContext [false] with mode [null], method annotated with @DirtiesContext [false] with mode [null].
23:51:43.416 [Test worker] DEBUG org.springframework.test.context.cache.DefaultCacheAwareContextLoaderDelegate - Retrieved ApplicationContext [312470853] from cache with key [[MergedContextConfiguration@205bed61 testClass = UsersRewardManagerTest, locations = '{}', classes = '{class org.waldreg.reward.users.DefaultUsersRewardManager}', contextInitializerClasses = '[]', activeProfiles = '{}', propertySourceLocations = '{}', propertySourceProperties = '{}', contextCustomizers = set[org.springframework.boot.test.autoconfigure.actuate.metrics.MetricsExportContextCustomizerFactory$DisableMetricExportContextCustomizer@3688eb5b, org.springframework.boot.test.autoconfigure.properties.PropertyMappingContextCustomizer@0, org.springframework.boot.test.autoconfigure.web.servlet.WebDriverContextCustomizerFactory$Customizer@6d167f58, org.springframework.boot.test.context.filter.ExcludeFilterContextCustomizer@19c65cdc, org.springframework.boot.test.json.DuplicateJsonObjectContextCustomizerFactory$DuplicateJsonObjectContextCustomizer@1fb669c3, org.springframework.boot.test.mock.mockito.MockitoContextCustomizer@fd1c9f0a], contextLoader = 'org.springframework.test.context.support.DelegatingSmartContextLoader', parent = [null]]]
23:51:43.416 [Test worker] DEBUG org.springframework.test.context.cache - Spring test ApplicationContext cache statistics: [DefaultContextCache@23b3aa8c size = 3, maxSize = 32, parentContextCount = 0, hitCount = 178, missCount = 3]
23:51:43.416 [Test worker] DEBUG org.springframework.test.context.support.DependencyInjectionTestExecutionListener - Performing dependency injection for test context [[DefaultTestContext@23706db8 testClass = UsersRewardManagerTest, testInstance = org.waldreg.reward.users.UsersRewardManagerTest@58cf8f94, testMethod = [null], testException = [null], mergedContextConfiguration = [MergedContextConfiguration@205bed61 testClass = UsersRewardManagerTest, locations = '{}', classes = '{class org.waldreg.reward.users.DefaultUsersRewardManager}', contextInitializerClasses = '[]', activeProfiles = '{}', propertySourceLocations = '{}', propertySourceProperties = '{}', contextCustomizers = set[org.springframework.boot.test.autoconfigure.actuate.metrics.MetricsExportContextCustomizerFactory$DisableMetricExportContextCustomizer@3688eb5b, org.springframework.boot.test.autoconfigure.properties.PropertyMappingContextCustomizer@0, org.springframework.boot.test.autoconfigure.web.servlet.WebDriverContextCustomizerFactory$Customizer@6d167f58, org.springframework.boot.test.context.filter.ExcludeFilterContextCustomizer@19c65cdc, org.springframework.boot.test.json.DuplicateJsonObjectContextCustomizerFactory$DuplicateJsonObjectContextCustomizer@1fb669c3, org.springframework.boot.test.mock.mockito.MockitoContextCustomizer@fd1c9f0a], contextLoader = 'org.springframework.test.context.support.DelegatingSmartContextLoader', parent = [null]], attributes = map['org.springframework.test.context.event.ApplicationEventsTestExecutionListener.recordApplicationEvents' -> false]]].
23:51:43.416 [Test worker] DEBUG org.springframework.test.context.cache.DefaultCacheAwareContextLoaderDelegate - Retrieved ApplicationContext [312470853] from cache with key [[MergedContextConfiguration@205bed61 testClass = UsersRewardManagerTest, locations = '{}', classes = '{class org.waldreg.reward.users.DefaultUsersRewardManager}', contextInitializerClasses = '[]', activeProfiles = '{}', propertySourceLocations = '{}', propertySourceProperties = '{}', contextCustomizers = set[org.springframework.boot.test.autoconfigure.actuate.metrics.MetricsExportContextCustomizerFactory$DisableMetricExportContextCustomizer@3688eb5b, org.springframework.boot.test.autoconfigure.properties.PropertyMappingContextCustomizer@0, org.springframework.boot.test.autoconfigure.web.servlet.WebDriverContextCustomizerFactory$Customizer@6d167f58, org.springframework.boot.test.context.filter.ExcludeFilterContextCustomizer@19c65cdc, org.springframework.boot.test.json.DuplicateJsonObjectContextCustomizerFactory$DuplicateJsonObjectContextCustomizer@1fb669c3, org.springframework.boot.test.mock.mockito.MockitoContextCustomizer@fd1c9f0a], contextLoader = 'org.springframework.test.context.support.DelegatingSmartContextLoader', parent = [null]]]
23:51:43.416 [Test worker] DEBUG org.springframework.test.context.cache - Spring test ApplicationContext cache statistics: [DefaultContextCache@23b3aa8c size = 3, maxSize = 32, parentContextCount = 0, hitCount = 179, missCount = 3]
23:51:43.416 [Test worker] DEBUG org.springframework.test.context.cache.DefaultCacheAwareContextLoaderDelegate - Retrieved ApplicationContext [312470853] from cache with key [[MergedContextConfiguration@205bed61 testClass = UsersRewardManagerTest, locations = '{}', classes = '{class org.waldreg.reward.users.DefaultUsersRewardManager}', contextInitializerClasses = '[]', activeProfiles = '{}', propertySourceLocations = '{}', propertySourceProperties = '{}', contextCustomizers = set[org.springframework.boot.test.autoconfigure.actuate.metrics.MetricsExportContextCustomizerFactory$DisableMetricExportContextCustomizer@3688eb5b, org.springframework.boot.test.autoconfigure.properties.PropertyMappingContextCustomizer@0, org.springframework.boot.test.autoconfigure.web.servlet.WebDriverContextCustomizerFactory$Customizer@6d167f58, org.springframework.boot.test.context.filter.ExcludeFilterContextCustomizer@19c65cdc, org.springframework.boot.test.json.DuplicateJsonObjectContextCustomizerFactory$DuplicateJsonObjectContextCustomizer@1fb669c3, org.springframework.boot.test.mock.mockito.MockitoContextCustomizer@fd1c9f0a], contextLoader = 'org.springframework.test.context.support.DelegatingSmartContextLoader', parent = [null]]]
23:51:43.416 [Test worker] DEBUG org.springframework.test.context.cache - Spring test ApplicationContext cache statistics: [DefaultContextCache@23b3aa8c size = 3, maxSize = 32, parentContextCount = 0, hitCount = 180, missCount = 3]
23:51:43.416 [Test worker] DEBUG org.springframework.test.context.support.AbstractDirtiesContextTestExecutionListener - Before test method: context [DefaultTestContext@23706db8 testClass = UsersRewardManagerTest, testInstance = org.waldreg.reward.users.UsersRewardManagerTest@58cf8f94, testMethod = READ_SPECIFY_USERS_REWARD_TAG_FAIL_CANNOT_FIND_USER_TEST@UsersRewardManagerTest, testException = [null], mergedContextConfiguration = [MergedContextConfiguration@205bed61 testClass = UsersRewardManagerTest, locations = '{}', classes = '{class org.waldreg.reward.users.DefaultUsersRewardManager}', contextInitializerClasses = '[]', activeProfiles = '{}', propertySourceLocations = '{}', propertySourceProperties = '{}', contextCustomizers = set[org.springframework.boot.test.autoconfigure.actuate.metrics.MetricsExportContextCustomizerFactory$DisableMetricExportContextCustomizer@3688eb5b, org.springframework.boot.test.autoconfigure.properties.PropertyMappingContextCustomizer@0, org.springframework.boot.test.autoconfigure.web.servlet.WebDriverContextCustomizerFactory$Customizer@6d167f58, org.springframework.boot.test.context.filter.ExcludeFilterContextCustomizer@19c65cdc, org.springframework.boot.test.json.DuplicateJsonObjectContextCustomizerFactory$DuplicateJsonObjectContextCustomizer@1fb669c3, org.springframework.boot.test.mock.mockito.MockitoContextCustomizer@fd1c9f0a], contextLoader = 'org.springframework.test.context.support.DelegatingSmartContextLoader', parent = [null]], attributes = map['org.springframework.test.context.event.ApplicationEventsTestExecutionListener.recordApplicationEvents' -> false]], class annotated with @DirtiesContext [false] with mode [null], method annotated with @DirtiesContext [false] with mode [null].
23:51:43.416 [Test worker] DEBUG org.springframework.test.context.cache.DefaultCacheAwareContextLoaderDelegate - Retrieved ApplicationContext [312470853] from cache with key [[MergedContextConfiguration@205bed61 testClass = UsersRewardManagerTest, locations = '{}', classes = '{class org.waldreg.reward.users.DefaultUsersRewardManager}', contextInitializerClasses = '[]', activeProfiles = '{}', propertySourceLocations = '{}', propertySourceProperties = '{}', contextCustomizers = set[org.springframework.boot.test.autoconfigure.actuate.metrics.MetricsExportContextCustomizerFactory$DisableMetricExportContextCustomizer@3688eb5b, org.springframework.boot.test.autoconfigure.properties.PropertyMappingContextCustomizer@0, org.springframework.boot.test.autoconfigure.web.servlet.WebDriverContextCustomizerFactory$Customizer@6d167f58, org.springframework.boot.test.context.filter.ExcludeFilterContextCustomizer@19c65cdc, org.springframework.boot.test.json.DuplicateJsonObjectContextCustomizerFactory$DuplicateJsonObjectContextCustomizer@1fb669c3, org.springframework.boot.test.mock.mockito.MockitoContextCustomizer@fd1c9f0a], contextLoader = 'org.springframework.test.context.support.DelegatingSmartContextLoader', parent = [null]]]
23:51:43.416 [Test worker] DEBUG org.springframework.test.context.cache - Spring test ApplicationContext cache statistics: [DefaultContextCache@23b3aa8c size = 3, maxSize = 32, parentContextCount = 0, hitCount = 181, missCount = 3]
23:51:43.416 [Test worker] DEBUG org.springframework.test.context.cache.DefaultCacheAwareContextLoaderDelegate - Retrieved ApplicationContext [312470853] from cache with key [[MergedContextConfiguration@205bed61 testClass = UsersRewardManagerTest, locations = '{}', classes = '{class org.waldreg.reward.users.DefaultUsersRewardManager}', contextInitializerClasses = '[]', activeProfiles = '{}', propertySourceLocations = '{}', propertySourceProperties = '{}', contextCustomizers = set[org.springframework.boot.test.autoconfigure.actuate.metrics.MetricsExportContextCustomizerFactory$DisableMetricExportContextCustomizer@3688eb5b, org.springframework.boot.test.autoconfigure.properties.PropertyMappingContextCustomizer@0, org.springframework.boot.test.autoconfigure.web.servlet.WebDriverContextCustomizerFactory$Customizer@6d167f58, org.springframework.boot.test.context.filter.ExcludeFilterContextCustomizer@19c65cdc, org.springframework.boot.test.json.DuplicateJsonObjectContextCustomizerFactory$DuplicateJsonObjectContextCustomizer@1fb669c3, org.springframework.boot.test.mock.mockito.MockitoContextCustomizer@fd1c9f0a], contextLoader = 'org.springframework.test.context.support.DelegatingSmartContextLoader', parent = [null]]]
23:51:43.416 [Test worker] DEBUG org.springframework.test.context.cache - Spring test ApplicationContext cache statistics: [DefaultContextCache@23b3aa8c size = 3, maxSize = 32, parentContextCount = 0, hitCount = 182, missCount = 3]
23:51:43.417 [Test worker] DEBUG org.springframework.test.context.cache.DefaultCacheAwareContextLoaderDelegate - Retrieved ApplicationContext [312470853] from cache with key [[MergedContextConfiguration@205bed61 testClass = UsersRewardManagerTest, locations = '{}', classes = '{class org.waldreg.reward.users.DefaultUsersRewardManager}', contextInitializerClasses = '[]', activeProfiles = '{}', propertySourceLocations = '{}', propertySourceProperties = '{}', contextCustomizers = set[org.springframework.boot.test.autoconfigure.actuate.metrics.MetricsExportContextCustomizerFactory$DisableMetricExportContextCustomizer@3688eb5b, org.springframework.boot.test.autoconfigure.properties.PropertyMappingContextCustomizer@0, org.springframework.boot.test.autoconfigure.web.servlet.WebDriverContextCustomizerFactory$Customizer@6d167f58, org.springframework.boot.test.context.filter.ExcludeFilterContextCustomizer@19c65cdc, org.springframework.boot.test.json.DuplicateJsonObjectContextCustomizerFactory$DuplicateJsonObjectContextCustomizer@1fb669c3, org.springframework.boot.test.mock.mockito.MockitoContextCustomizer@fd1c9f0a], contextLoader = 'org.springframework.test.context.support.DelegatingSmartContextLoader', parent = [null]]]
23:51:43.417 [Test worker] DEBUG org.springframework.test.context.cache - Spring test ApplicationContext cache statistics: [DefaultContextCache@23b3aa8c size = 3, maxSize = 32, parentContextCount = 0, hitCount = 183, missCount = 3]
23:51:43.417 [Test worker] DEBUG org.springframework.test.context.cache.DefaultCacheAwareContextLoaderDelegate - Retrieved ApplicationContext [312470853] from cache with key [[MergedContextConfiguration@205bed61 testClass = UsersRewardManagerTest, locations = '{}', classes = '{class org.waldreg.reward.users.DefaultUsersRewardManager}', contextInitializerClasses = '[]', activeProfiles = '{}', propertySourceLocations = '{}', propertySourceProperties = '{}', contextCustomizers = set[org.springframework.boot.test.autoconfigure.actuate.metrics.MetricsExportContextCustomizerFactory$DisableMetricExportContextCustomizer@3688eb5b, org.springframework.boot.test.autoconfigure.properties.PropertyMappingContextCustomizer@0, org.springframework.boot.test.autoconfigure.web.servlet.WebDriverContextCustomizerFactory$Customizer@6d167f58, org.springframework.boot.test.context.filter.ExcludeFilterContextCustomizer@19c65cdc, org.springframework.boot.test.json.DuplicateJsonObjectContextCustomizerFactory$DuplicateJsonObjectContextCustomizer@1fb669c3, org.springframework.boot.test.mock.mockito.MockitoContextCustomizer@fd1c9f0a], contextLoader = 'org.springframework.test.context.support.DelegatingSmartContextLoader', parent = [null]]]
23:51:43.417 [Test worker] DEBUG org.springframework.test.context.cache - Spring test ApplicationContext cache statistics: [DefaultContextCache@23b3aa8c size = 3, maxSize = 32, parentContextCount = 0, hitCount = 184, missCount = 3]
23:51:43.417 [Test worker] DEBUG org.springframework.test.context.cache.DefaultCacheAwareContextLoaderDelegate - Retrieved ApplicationContext [312470853] from cache with key [[MergedContextConfiguration@205bed61 testClass = UsersRewardManagerTest, locations = '{}', classes = '{class org.waldreg.reward.users.DefaultUsersRewardManager}', contextInitializerClasses = '[]', activeProfiles = '{}', propertySourceLocations = '{}', propertySourceProperties = '{}', contextCustomizers = set[org.springframework.boot.test.autoconfigure.actuate.metrics.MetricsExportContextCustomizerFactory$DisableMetricExportContextCustomizer@3688eb5b, org.springframework.boot.test.autoconfigure.properties.PropertyMappingContextCustomizer@0, org.springframework.boot.test.autoconfigure.web.servlet.WebDriverContextCustomizerFactory$Customizer@6d167f58, org.springframework.boot.test.context.filter.ExcludeFilterContextCustomizer@19c65cdc, org.springframework.boot.test.json.DuplicateJsonObjectContextCustomizerFactory$DuplicateJsonObjectContextCustomizer@1fb669c3, org.springframework.boot.test.mock.mockito.MockitoContextCustomizer@fd1c9f0a], contextLoader = 'org.springframework.test.context.support.DelegatingSmartContextLoader', parent = [null]]]
23:51:43.417 [Test worker] DEBUG org.springframework.test.context.cache - Spring test ApplicationContext cache statistics: [DefaultContextCache@23b3aa8c size = 3, maxSize = 32, parentContextCount = 0, hitCount = 185, missCount = 3]
23:51:43.417 [Test worker] DEBUG org.springframework.test.context.cache.DefaultCacheAwareContextLoaderDelegate - Retrieved ApplicationContext [312470853] from cache with key [[MergedContextConfiguration@205bed61 testClass = UsersRewardManagerTest, locations = '{}', classes = '{class org.waldreg.reward.users.DefaultUsersRewardManager}', contextInitializerClasses = '[]', activeProfiles = '{}', propertySourceLocations = '{}', propertySourceProperties = '{}', contextCustomizers = set[org.springframework.boot.test.autoconfigure.actuate.metrics.MetricsExportContextCustomizerFactory$DisableMetricExportContextCustomizer@3688eb5b, org.springframework.boot.test.autoconfigure.properties.PropertyMappingContextCustomizer@0, org.springframework.boot.test.autoconfigure.web.servlet.WebDriverContextCustomizerFactory$Customizer@6d167f58, org.springframework.boot.test.context.filter.ExcludeFilterContextCustomizer@19c65cdc, org.springframework.boot.test.json.DuplicateJsonObjectContextCustomizerFactory$DuplicateJsonObjectContextCustomizer@1fb669c3, org.springframework.boot.test.mock.mockito.MockitoContextCustomizer@fd1c9f0a], contextLoader = 'org.springframework.test.context.support.DelegatingSmartContextLoader', parent = [null]]]
23:51:43.417 [Test worker] DEBUG org.springframework.test.context.cache - Spring test ApplicationContext cache statistics: [DefaultContextCache@23b3aa8c size = 3, maxSize = 32, parentContextCount = 0, hitCount = 186, missCount = 3]
23:51:43.417 [Test worker] DEBUG org.springframework.test.context.cache.DefaultCacheAwareContextLoaderDelegate - Retrieved ApplicationContext [312470853] from cache with key [[MergedContextConfiguration@205bed61 testClass = UsersRewardManagerTest, locations = '{}', classes = '{class org.waldreg.reward.users.DefaultUsersRewardManager}', contextInitializerClasses = '[]', activeProfiles = '{}', propertySourceLocations = '{}', propertySourceProperties = '{}', contextCustomizers = set[org.springframework.boot.test.autoconfigure.actuate.metrics.MetricsExportContextCustomizerFactory$DisableMetricExportContextCustomizer@3688eb5b, org.springframework.boot.test.autoconfigure.properties.PropertyMappingContextCustomizer@0, org.springframework.boot.test.autoconfigure.web.servlet.WebDriverContextCustomizerFactory$Customizer@6d167f58, org.springframework.boot.test.context.filter.ExcludeFilterContextCustomizer@19c65cdc, org.springframework.boot.test.json.DuplicateJsonObjectContextCustomizerFactory$DuplicateJsonObjectContextCustomizer@1fb669c3, org.springframework.boot.test.mock.mockito.MockitoContextCustomizer@fd1c9f0a], contextLoader = 'org.springframework.test.context.support.DelegatingSmartContextLoader', parent = [null]]]
23:51:43.417 [Test worker] DEBUG org.springframework.test.context.cache - Spring test ApplicationContext cache statistics: [DefaultContextCache@23b3aa8c size = 3, maxSize = 32, parentContextCount = 0, hitCount = 187, missCount = 3]
23:51:43.417 [Test worker] DEBUG org.springframework.test.context.cache.DefaultCacheAwareContextLoaderDelegate - Retrieved ApplicationContext [312470853] from cache with key [[MergedContextConfiguration@205bed61 testClass = UsersRewardManagerTest, locations = '{}', classes = '{class org.waldreg.reward.users.DefaultUsersRewardManager}', contextInitializerClasses = '[]', activeProfiles = '{}', propertySourceLocations = '{}', propertySourceProperties = '{}', contextCustomizers = set[org.springframework.boot.test.autoconfigure.actuate.metrics.MetricsExportContextCustomizerFactory$DisableMetricExportContextCustomizer@3688eb5b, org.springframework.boot.test.autoconfigure.properties.PropertyMappingContextCustomizer@0, org.springframework.boot.test.autoconfigure.web.servlet.WebDriverContextCustomizerFactory$Customizer@6d167f58, org.springframework.boot.test.context.filter.ExcludeFilterContextCustomizer@19c65cdc, org.springframework.boot.test.json.DuplicateJsonObjectContextCustomizerFactory$DuplicateJsonObjectContextCustomizer@1fb669c3, org.springframework.boot.test.mock.mockito.MockitoContextCustomizer@fd1c9f0a], contextLoader = 'org.springframework.test.context.support.DelegatingSmartContextLoader', parent = [null]]]
23:51:43.417 [Test worker] DEBUG org.springframework.test.context.cache - Spring test ApplicationContext cache statistics: [DefaultContextCache@23b3aa8c size = 3, maxSize = 32, parentContextCount = 0, hitCount = 188, missCount = 3]
23:51:43.417 [Test worker] DEBUG org.springframework.test.context.cache.DefaultCacheAwareContextLoaderDelegate - Retrieved ApplicationContext [312470853] from cache with key [[MergedContextConfiguration@205bed61 testClass = UsersRewardManagerTest, locations = '{}', classes = '{class org.waldreg.reward.users.DefaultUsersRewardManager}', contextInitializerClasses = '[]', activeProfiles = '{}', propertySourceLocations = '{}', propertySourceProperties = '{}', contextCustomizers = set[org.springframework.boot.test.autoconfigure.actuate.metrics.MetricsExportContextCustomizerFactory$DisableMetricExportContextCustomizer@3688eb5b, org.springframework.boot.test.autoconfigure.properties.PropertyMappingContextCustomizer@0, org.springframework.boot.test.autoconfigure.web.servlet.WebDriverContextCustomizerFactory$Customizer@6d167f58, org.springframework.boot.test.context.filter.ExcludeFilterContextCustomizer@19c65cdc, org.springframework.boot.test.json.DuplicateJsonObjectContextCustomizerFactory$DuplicateJsonObjectContextCustomizer@1fb669c3, org.springframework.boot.test.mock.mockito.MockitoContextCustomizer@fd1c9f0a], contextLoader = 'org.springframework.test.context.support.DelegatingSmartContextLoader', parent = [null]]]
23:51:43.418 [Test worker] DEBUG org.springframework.test.context.cache - Spring test ApplicationContext cache statistics: [DefaultContextCache@23b3aa8c size = 3, maxSize = 32, parentContextCount = 0, hitCount = 189, missCount = 3]
23:51:43.418 [Test worker] DEBUG org.springframework.test.context.support.AbstractDirtiesContextTestExecutionListener - After test method: context [DefaultTestContext@23706db8 testClass = UsersRewardManagerTest, testInstance = org.waldreg.reward.users.UsersRewardManagerTest@58cf8f94, testMethod = READ_SPECIFY_USERS_REWARD_TAG_FAIL_CANNOT_FIND_USER_TEST@UsersRewardManagerTest, testException = [null], mergedContextConfiguration = [MergedContextConfiguration@205bed61 testClass = UsersRewardManagerTest, locations = '{}', classes = '{class org.waldreg.reward.users.DefaultUsersRewardManager}', contextInitializerClasses = '[]', activeProfiles = '{}', propertySourceLocations = '{}', propertySourceProperties = '{}', contextCustomizers = set[org.springframework.boot.test.autoconfigure.actuate.metrics.MetricsExportContextCustomizerFactory$DisableMetricExportContextCustomizer@3688eb5b, org.springframework.boot.test.autoconfigure.properties.PropertyMappingContextCustomizer@0, org.springframework.boot.test.autoconfigure.web.servlet.WebDriverContextCustomizerFactory$Customizer@6d167f58, org.springframework.boot.test.context.filter.ExcludeFilterContextCustomizer@19c65cdc, org.springframework.boot.test.json.DuplicateJsonObjectContextCustomizerFactory$DuplicateJsonObjectContextCustomizer@1fb669c3, org.springframework.boot.test.mock.mockito.MockitoContextCustomizer@fd1c9f0a], contextLoader = 'org.springframework.test.context.support.DelegatingSmartContextLoader', parent = [null]], attributes = map['org.springframework.test.context.event.ApplicationEventsTestExecutionListener.recordApplicationEvents' -> false]], class annotated with @DirtiesContext [false] with mode [null], method annotated with @DirtiesContext [false] with mode [null].
23:51:43.418 [Test worker] DEBUG org.springframework.test.context.cache.DefaultCacheAwareContextLoaderDelegate - Retrieved ApplicationContext [312470853] from cache with key [[MergedContextConfiguration@205bed61 testClass = UsersRewardManagerTest, locations = '{}', classes = '{class org.waldreg.reward.users.DefaultUsersRewardManager}', contextInitializerClasses = '[]', activeProfiles = '{}', propertySourceLocations = '{}', propertySourceProperties = '{}', contextCustomizers = set[org.springframework.boot.test.autoconfigure.actuate.metrics.MetricsExportContextCustomizerFactory$DisableMetricExportContextCustomizer@3688eb5b, org.springframework.boot.test.autoconfigure.properties.PropertyMappingContextCustomizer@0, org.springframework.boot.test.autoconfigure.web.servlet.WebDriverContextCustomizerFactory$Customizer@6d167f58, org.springframework.boot.test.context.filter.ExcludeFilterContextCustomizer@19c65cdc, org.springframework.boot.test.json.DuplicateJsonObjectContextCustomizerFactory$DuplicateJsonObjectContextCustomizer@1fb669c3, org.springframework.boot.test.mock.mockito.MockitoContextCustomizer@fd1c9f0a], contextLoader = 'org.springframework.test.context.support.DelegatingSmartContextLoader', parent = [null]]]
23:51:43.418 [Test worker] DEBUG org.springframework.test.context.cache - Spring test ApplicationContext cache statistics: [DefaultContextCache@23b3aa8c size = 3, maxSize = 32, parentContextCount = 0, hitCount = 190, missCount = 3]
23:51:43.418 [Test worker] DEBUG org.springframework.test.context.support.DependencyInjectionTestExecutionListener - Performing dependency injection for test context [[DefaultTestContext@23706db8 testClass = UsersRewardManagerTest, testInstance = org.waldreg.reward.users.UsersRewardManagerTest@66c38e51, testMethod = [null], testException = [null], mergedContextConfiguration = [MergedContextConfiguration@205bed61 testClass = UsersRewardManagerTest, locations = '{}', classes = '{class org.waldreg.reward.users.DefaultUsersRewardManager}', contextInitializerClasses = '[]', activeProfiles = '{}', propertySourceLocations = '{}', propertySourceProperties = '{}', contextCustomizers = set[org.springframework.boot.test.autoconfigure.actuate.metrics.MetricsExportContextCustomizerFactory$DisableMetricExportContextCustomizer@3688eb5b, org.springframework.boot.test.autoconfigure.properties.PropertyMappingContextCustomizer@0, org.springframework.boot.test.autoconfigure.web.servlet.WebDriverContextCustomizerFactory$Customizer@6d167f58, org.springframework.boot.test.context.filter.ExcludeFilterContextCustomizer@19c65cdc, org.springframework.boot.test.json.DuplicateJsonObjectContextCustomizerFactory$DuplicateJsonObjectContextCustomizer@1fb669c3, org.springframework.boot.test.mock.mockito.MockitoContextCustomizer@fd1c9f0a], contextLoader = 'org.springframework.test.context.support.DelegatingSmartContextLoader', parent = [null]], attributes = map['org.springframework.test.context.event.ApplicationEventsTestExecutionListener.recordApplicationEvents' -> false]]].
23:51:43.418 [Test worker] DEBUG org.springframework.test.context.cache.DefaultCacheAwareContextLoaderDelegate - Retrieved ApplicationContext [312470853] from cache with key [[MergedContextConfiguration@205bed61 testClass = UsersRewardManagerTest, locations = '{}', classes = '{class org.waldreg.reward.users.DefaultUsersRewardManager}', contextInitializerClasses = '[]', activeProfiles = '{}', propertySourceLocations = '{}', propertySourceProperties = '{}', contextCustomizers = set[org.springframework.boot.test.autoconfigure.actuate.metrics.MetricsExportContextCustomizerFactory$DisableMetricExportContextCustomizer@3688eb5b, org.springframework.boot.test.autoconfigure.properties.PropertyMappingContextCustomizer@0, org.springframework.boot.test.autoconfigure.web.servlet.WebDriverContextCustomizerFactory$Customizer@6d167f58, org.springframework.boot.test.context.filter.ExcludeFilterContextCustomizer@19c65cdc, org.springframework.boot.test.json.DuplicateJsonObjectContextCustomizerFactory$DuplicateJsonObjectContextCustomizer@1fb669c3, org.springframework.boot.test.mock.mockito.MockitoContextCustomizer@fd1c9f0a], contextLoader = 'org.springframework.test.context.support.DelegatingSmartContextLoader', parent = [null]]]
23:51:43.418 [Test worker] DEBUG org.springframework.test.context.cache - Spring test ApplicationContext cache statistics: [DefaultContextCache@23b3aa8c size = 3, maxSize = 32, parentContextCount = 0, hitCount = 191, missCount = 3]
23:51:43.418 [Test worker] DEBUG org.springframework.test.context.cache.DefaultCacheAwareContextLoaderDelegate - Retrieved ApplicationContext [312470853] from cache with key [[MergedContextConfiguration@205bed61 testClass = UsersRewardManagerTest, locations = '{}', classes = '{class org.waldreg.reward.users.DefaultUsersRewardManager}', contextInitializerClasses = '[]', activeProfiles = '{}', propertySourceLocations = '{}', propertySourceProperties = '{}', contextCustomizers = set[org.springframework.boot.test.autoconfigure.actuate.metrics.MetricsExportContextCustomizerFactory$DisableMetricExportContextCustomizer@3688eb5b, org.springframework.boot.test.autoconfigure.properties.PropertyMappingContextCustomizer@0, org.springframework.boot.test.autoconfigure.web.servlet.WebDriverContextCustomizerFactory$Customizer@6d167f58, org.springframework.boot.test.context.filter.ExcludeFilterContextCustomizer@19c65cdc, org.springframework.boot.test.json.DuplicateJsonObjectContextCustomizerFactory$DuplicateJsonObjectContextCustomizer@1fb669c3, org.springframework.boot.test.mock.mockito.MockitoContextCustomizer@fd1c9f0a], contextLoader = 'org.springframework.test.context.support.DelegatingSmartContextLoader', parent = [null]]]
23:51:43.418 [Test worker] DEBUG org.springframework.test.context.cache - Spring test ApplicationContext cache statistics: [DefaultContextCache@23b3aa8c size = 3, maxSize = 32, parentContextCount = 0, hitCount = 192, missCount = 3]
23:51:43.419 [Test worker] DEBUG org.springframework.test.context.support.AbstractDirtiesContextTestExecutionListener - Before test method: context [DefaultTestContext@23706db8 testClass = UsersRewardManagerTest, testInstance = org.waldreg.reward.users.UsersRewardManagerTest@66c38e51, testMethod = ASSIGN_REWARD_TO_USER_TEST@UsersRewardManagerTest, testException = [null], mergedContextConfiguration = [MergedContextConfiguration@205bed61 testClass = UsersRewardManagerTest, locations = '{}', classes = '{class org.waldreg.reward.users.DefaultUsersRewardManager}', contextInitializerClasses = '[]', activeProfiles = '{}', propertySourceLocations = '{}', propertySourceProperties = '{}', contextCustomizers = set[org.springframework.boot.test.autoconfigure.actuate.metrics.MetricsExportContextCustomizerFactory$DisableMetricExportContextCustomizer@3688eb5b, org.springframework.boot.test.autoconfigure.properties.PropertyMappingContextCustomizer@0, org.springframework.boot.test.autoconfigure.web.servlet.WebDriverContextCustomizerFactory$Customizer@6d167f58, org.springframework.boot.test.context.filter.ExcludeFilterContextCustomizer@19c65cdc, org.springframework.boot.test.json.DuplicateJsonObjectContextCustomizerFactory$DuplicateJsonObjectContextCustomizer@1fb669c3, org.springframework.boot.test.mock.mockito.MockitoContextCustomizer@fd1c9f0a], contextLoader = 'org.springframework.test.context.support.DelegatingSmartContextLoader', parent = [null]], attributes = map['org.springframework.test.context.event.ApplicationEventsTestExecutionListener.recordApplicationEvents' -> false]], class annotated with @DirtiesContext [false] with mode [null], method annotated with @DirtiesContext [false] with mode [null].
23:51:43.419 [Test worker] DEBUG org.springframework.test.context.cache.DefaultCacheAwareContextLoaderDelegate - Retrieved ApplicationContext [312470853] from cache with key [[MergedContextConfiguration@205bed61 testClass = UsersRewardManagerTest, locations = '{}', classes = '{class org.waldreg.reward.users.DefaultUsersRewardManager}', contextInitializerClasses = '[]', activeProfiles = '{}', propertySourceLocations = '{}', propertySourceProperties = '{}', contextCustomizers = set[org.springframework.boot.test.autoconfigure.actuate.metrics.MetricsExportContextCustomizerFactory$DisableMetricExportContextCustomizer@3688eb5b, org.springframework.boot.test.autoconfigure.properties.PropertyMappingContextCustomizer@0, org.springframework.boot.test.autoconfigure.web.servlet.WebDriverContextCustomizerFactory$Customizer@6d167f58, org.springframework.boot.test.context.filter.ExcludeFilterContextCustomizer@19c65cdc, org.springframework.boot.test.json.DuplicateJsonObjectContextCustomizerFactory$DuplicateJsonObjectContextCustomizer@1fb669c3, org.springframework.boot.test.mock.mockito.MockitoContextCustomizer@fd1c9f0a], contextLoader = 'org.springframework.test.context.support.DelegatingSmartContextLoader', parent = [null]]]
23:51:43.419 [Test worker] DEBUG org.springframework.test.context.cache - Spring test ApplicationContext cache statistics: [DefaultContextCache@23b3aa8c size = 3, maxSize = 32, parentContextCount = 0, hitCount = 193, missCount = 3]
23:51:43.419 [Test worker] DEBUG org.springframework.test.context.cache.DefaultCacheAwareContextLoaderDelegate - Retrieved ApplicationContext [312470853] from cache with key [[MergedContextConfiguration@205bed61 testClass = UsersRewardManagerTest, locations = '{}', classes = '{class org.waldreg.reward.users.DefaultUsersRewardManager}', contextInitializerClasses = '[]', activeProfiles = '{}', propertySourceLocations = '{}', propertySourceProperties = '{}', contextCustomizers = set[org.springframework.boot.test.autoconfigure.actuate.metrics.MetricsExportContextCustomizerFactory$DisableMetricExportContextCustomizer@3688eb5b, org.springframework.boot.test.autoconfigure.properties.PropertyMappingContextCustomizer@0, org.springframework.boot.test.autoconfigure.web.servlet.WebDriverContextCustomizerFactory$Customizer@6d167f58, org.springframework.boot.test.context.filter.ExcludeFilterContextCustomizer@19c65cdc, org.springframework.boot.test.json.DuplicateJsonObjectContextCustomizerFactory$DuplicateJsonObjectContextCustomizer@1fb669c3, org.springframework.boot.test.mock.mockito.MockitoContextCustomizer@fd1c9f0a], contextLoader = 'org.springframework.test.context.support.DelegatingSmartContextLoader', parent = [null]]]
23:51:43.419 [Test worker] DEBUG org.springframework.test.context.cache - Spring test ApplicationContext cache statistics: [DefaultContextCache@23b3aa8c size = 3, maxSize = 32, parentContextCount = 0, hitCount = 194, missCount = 3]
23:51:43.419 [Test worker] DEBUG org.springframework.test.context.cache.DefaultCacheAwareContextLoaderDelegate - Retrieved ApplicationContext [312470853] from cache with key [[MergedContextConfiguration@205bed61 testClass = UsersRewardManagerTest, locations = '{}', classes = '{class org.waldreg.reward.users.DefaultUsersRewardManager}', contextInitializerClasses = '[]', activeProfiles = '{}', propertySourceLocations = '{}', propertySourceProperties = '{}', contextCustomizers = set[org.springframework.boot.test.autoconfigure.actuate.metrics.MetricsExportContextCustomizerFactory$DisableMetricExportContextCustomizer@3688eb5b, org.springframework.boot.test.autoconfigure.properties.PropertyMappingContextCustomizer@0, org.springframework.boot.test.autoconfigure.web.servlet.WebDriverContextCustomizerFactory$Customizer@6d167f58, org.springframework.boot.test.context.filter.ExcludeFilterContextCustomizer@19c65cdc, org.springframework.boot.test.json.DuplicateJsonObjectContextCustomizerFactory$DuplicateJsonObjectContextCustomizer@1fb669c3, org.springframework.boot.test.mock.mockito.MockitoContextCustomizer@fd1c9f0a], contextLoader = 'org.springframework.test.context.support.DelegatingSmartContextLoader', parent = [null]]]
23:51:43.419 [Test worker] DEBUG org.springframework.test.context.cache - Spring test ApplicationContext cache statistics: [DefaultContextCache@23b3aa8c size = 3, maxSize = 32, parentContextCount = 0, hitCount = 195, missCount = 3]
23:51:43.419 [Test worker] DEBUG org.springframework.test.context.cache.DefaultCacheAwareContextLoaderDelegate - Retrieved ApplicationContext [312470853] from cache with key [[MergedContextConfiguration@205bed61 testClass = UsersRewardManagerTest, locations = '{}', classes = '{class org.waldreg.reward.users.DefaultUsersRewardManager}', contextInitializerClasses = '[]', activeProfiles = '{}', propertySourceLocations = '{}', propertySourceProperties = '{}', contextCustomizers = set[org.springframework.boot.test.autoconfigure.actuate.metrics.MetricsExportContextCustomizerFactory$DisableMetricExportContextCustomizer@3688eb5b, org.springframework.boot.test.autoconfigure.properties.PropertyMappingContextCustomizer@0, org.springframework.boot.test.autoconfigure.web.servlet.WebDriverContextCustomizerFactory$Customizer@6d167f58, org.springframework.boot.test.context.filter.ExcludeFilterContextCustomizer@19c65cdc, org.springframework.boot.test.json.DuplicateJsonObjectContextCustomizerFactory$DuplicateJsonObjectContextCustomizer@1fb669c3, org.springframework.boot.test.mock.mockito.MockitoContextCustomizer@fd1c9f0a], contextLoader = 'org.springframework.test.context.support.DelegatingSmartContextLoader', parent = [null]]]
23:51:43.419 [Test worker] DEBUG org.springframework.test.context.cache - Spring test ApplicationContext cache statistics: [DefaultContextCache@23b3aa8c size = 3, maxSize = 32, parentContextCount = 0, hitCount = 196, missCount = 3]
23:51:43.419 [Test worker] DEBUG org.springframework.test.context.cache.DefaultCacheAwareContextLoaderDelegate - Retrieved ApplicationContext [312470853] from cache with key [[MergedContextConfiguration@205bed61 testClass = UsersRewardManagerTest, locations = '{}', classes = '{class org.waldreg.reward.users.DefaultUsersRewardManager}', contextInitializerClasses = '[]', activeProfiles = '{}', propertySourceLocations = '{}', propertySourceProperties = '{}', contextCustomizers = set[org.springframework.boot.test.autoconfigure.actuate.metrics.MetricsExportContextCustomizerFactory$DisableMetricExportContextCustomizer@3688eb5b, org.springframework.boot.test.autoconfigure.properties.PropertyMappingContextCustomizer@0, org.springframework.boot.test.autoconfigure.web.servlet.WebDriverContextCustomizerFactory$Customizer@6d167f58, org.springframework.boot.test.context.filter.ExcludeFilterContextCustomizer@19c65cdc, org.springframework.boot.test.json.DuplicateJsonObjectContextCustomizerFactory$DuplicateJsonObjectContextCustomizer@1fb669c3, org.springframework.boot.test.mock.mockito.MockitoContextCustomizer@fd1c9f0a], contextLoader = 'org.springframework.test.context.support.DelegatingSmartContextLoader', parent = [null]]]
23:51:43.419 [Test worker] DEBUG org.springframework.test.context.cache - Spring test ApplicationContext cache statistics: [DefaultContextCache@23b3aa8c size = 3, maxSize = 32, parentContextCount = 0, hitCount = 197, missCount = 3]
23:51:43.419 [Test worker] DEBUG org.springframework.test.context.cache.DefaultCacheAwareContextLoaderDelegate - Retrieved ApplicationContext [312470853] from cache with key [[MergedContextConfiguration@205bed61 testClass = UsersRewardManagerTest, locations = '{}', classes = '{class org.waldreg.reward.users.DefaultUsersRewardManager}', contextInitializerClasses = '[]', activeProfiles = '{}', propertySourceLocations = '{}', propertySourceProperties = '{}', contextCustomizers = set[org.springframework.boot.test.autoconfigure.actuate.metrics.MetricsExportContextCustomizerFactory$DisableMetricExportContextCustomizer@3688eb5b, org.springframework.boot.test.autoconfigure.properties.PropertyMappingContextCustomizer@0, org.springframework.boot.test.autoconfigure.web.servlet.WebDriverContextCustomizerFactory$Customizer@6d167f58, org.springframework.boot.test.context.filter.ExcludeFilterContextCustomizer@19c65cdc, org.springframework.boot.test.json.DuplicateJsonObjectContextCustomizerFactory$DuplicateJsonObjectContextCustomizer@1fb669c3, org.springframework.boot.test.mock.mockito.MockitoContextCustomizer@fd1c9f0a], contextLoader = 'org.springframework.test.context.support.DelegatingSmartContextLoader', parent = [null]]]
23:51:43.420 [Test worker] DEBUG org.springframework.test.context.cache - Spring test ApplicationContext cache statistics: [DefaultContextCache@23b3aa8c size = 3, maxSize = 32, parentContextCount = 0, hitCount = 198, missCount = 3]
23:51:43.420 [Test worker] DEBUG org.springframework.test.context.cache.DefaultCacheAwareContextLoaderDelegate - Retrieved ApplicationContext [312470853] from cache with key [[MergedContextConfiguration@205bed61 testClass = UsersRewardManagerTest, locations = '{}', classes = '{class org.waldreg.reward.users.DefaultUsersRewardManager}', contextInitializerClasses = '[]', activeProfiles = '{}', propertySourceLocations = '{}', propertySourceProperties = '{}', contextCustomizers = set[org.springframework.boot.test.autoconfigure.actuate.metrics.MetricsExportContextCustomizerFactory$DisableMetricExportContextCustomizer@3688eb5b, org.springframework.boot.test.autoconfigure.properties.PropertyMappingContextCustomizer@0, org.springframework.boot.test.autoconfigure.web.servlet.WebDriverContextCustomizerFactory$Customizer@6d167f58, org.springframework.boot.test.context.filter.ExcludeFilterContextCustomizer@19c65cdc, org.springframework.boot.test.json.DuplicateJsonObjectContextCustomizerFactory$DuplicateJsonObjectContextCustomizer@1fb669c3, org.springframework.boot.test.mock.mockito.MockitoContextCustomizer@fd1c9f0a], contextLoader = 'org.springframework.test.context.support.DelegatingSmartContextLoader', parent = [null]]]
23:51:43.420 [Test worker] DEBUG org.springframework.test.context.cache - Spring test ApplicationContext cache statistics: [DefaultContextCache@23b3aa8c size = 3, maxSize = 32, parentContextCount = 0, hitCount = 199, missCount = 3]
23:51:43.420 [Test worker] DEBUG org.springframework.test.context.cache.DefaultCacheAwareContextLoaderDelegate - Retrieved ApplicationContext [312470853] from cache with key [[MergedContextConfiguration@205bed61 testClass = UsersRewardManagerTest, locations = '{}', classes = '{class org.waldreg.reward.users.DefaultUsersRewardManager}', contextInitializerClasses = '[]', activeProfiles = '{}', propertySourceLocations = '{}', propertySourceProperties = '{}', contextCustomizers = set[org.springframework.boot.test.autoconfigure.actuate.metrics.MetricsExportContextCustomizerFactory$DisableMetricExportContextCustomizer@3688eb5b, org.springframework.boot.test.autoconfigure.properties.PropertyMappingContextCustomizer@0, org.springframework.boot.test.autoconfigure.web.servlet.WebDriverContextCustomizerFactory$Customizer@6d167f58, org.springframework.boot.test.context.filter.ExcludeFilterContextCustomizer@19c65cdc, org.springframework.boot.test.json.DuplicateJsonObjectContextCustomizerFactory$DuplicateJsonObjectContextCustomizer@1fb669c3, org.springframework.boot.test.mock.mockito.MockitoContextCustomizer@fd1c9f0a], contextLoader = 'org.springframework.test.context.support.DelegatingSmartContextLoader', parent = [null]]]
23:51:43.420 [Test worker] DEBUG org.springframework.test.context.cache - Spring test ApplicationContext cache statistics: [DefaultContextCache@23b3aa8c size = 3, maxSize = 32, parentContextCount = 0, hitCount = 200, missCount = 3]
23:51:43.420 [Test worker] DEBUG org.springframework.test.context.cache.DefaultCacheAwareContextLoaderDelegate - Retrieved ApplicationContext [312470853] from cache with key [[MergedContextConfiguration@205bed61 testClass = UsersRewardManagerTest, locations = '{}', classes = '{class org.waldreg.reward.users.DefaultUsersRewardManager}', contextInitializerClasses = '[]', activeProfiles = '{}', propertySourceLocations = '{}', propertySourceProperties = '{}', contextCustomizers = set[org.springframework.boot.test.autoconfigure.actuate.metrics.MetricsExportContextCustomizerFactory$DisableMetricExportContextCustomizer@3688eb5b, org.springframework.boot.test.autoconfigure.properties.PropertyMappingContextCustomizer@0, org.springframework.boot.test.autoconfigure.web.servlet.WebDriverContextCustomizerFactory$Customizer@6d167f58, org.springframework.boot.test.context.filter.ExcludeFilterContextCustomizer@19c65cdc, org.springframework.boot.test.json.DuplicateJsonObjectContextCustomizerFactory$DuplicateJsonObjectContextCustomizer@1fb669c3, org.springframework.boot.test.mock.mockito.MockitoContextCustomizer@fd1c9f0a], contextLoader = 'org.springframework.test.context.support.DelegatingSmartContextLoader', parent = [null]]]
23:51:43.420 [Test worker] DEBUG org.springframework.test.context.cache - Spring test ApplicationContext cache statistics: [DefaultContextCache@23b3aa8c size = 3, maxSize = 32, parentContextCount = 0, hitCount = 201, missCount = 3]
23:51:43.420 [Test worker] DEBUG org.springframework.test.context.support.AbstractDirtiesContextTestExecutionListener - After test method: context [DefaultTestContext@23706db8 testClass = UsersRewardManagerTest, testInstance = org.waldreg.reward.users.UsersRewardManagerTest@66c38e51, testMethod = ASSIGN_REWARD_TO_USER_TEST@UsersRewardManagerTest, testException = [null], mergedContextConfiguration = [MergedContextConfiguration@205bed61 testClass = UsersRewardManagerTest, locations = '{}', classes = '{class org.waldreg.reward.users.DefaultUsersRewardManager}', contextInitializerClasses = '[]', activeProfiles = '{}', propertySourceLocations = '{}', propertySourceProperties = '{}', contextCustomizers = set[org.springframework.boot.test.autoconfigure.actuate.metrics.MetricsExportContextCustomizerFactory$DisableMetricExportContextCustomizer@3688eb5b, org.springframework.boot.test.autoconfigure.properties.PropertyMappingContextCustomizer@0, org.springframework.boot.test.autoconfigure.web.servlet.WebDriverContextCustomizerFactory$Customizer@6d167f58, org.springframework.boot.test.context.filter.ExcludeFilterContextCustomizer@19c65cdc, org.springframework.boot.test.json.DuplicateJsonObjectContextCustomizerFactory$DuplicateJsonObjectContextCustomizer@1fb669c3, org.springframework.boot.test.mock.mockito.MockitoContextCustomizer@fd1c9f0a], contextLoader = 'org.springframework.test.context.support.DelegatingSmartContextLoader', parent = [null]], attributes = map['org.springframework.test.context.event.ApplicationEventsTestExecutionListener.recordApplicationEvents' -> false]], class annotated with @DirtiesContext [false] with mode [null], method annotated with @DirtiesContext [false] with mode [null].
23:51:43.420 [Test worker] DEBUG org.springframework.test.context.cache.DefaultCacheAwareContextLoaderDelegate - Retrieved ApplicationContext [312470853] from cache with key [[MergedContextConfiguration@205bed61 testClass = UsersRewardManagerTest, locations = '{}', classes = '{class org.waldreg.reward.users.DefaultUsersRewardManager}', contextInitializerClasses = '[]', activeProfiles = '{}', propertySourceLocations = '{}', propertySourceProperties = '{}', contextCustomizers = set[org.springframework.boot.test.autoconfigure.actuate.metrics.MetricsExportContextCustomizerFactory$DisableMetricExportContextCustomizer@3688eb5b, org.springframework.boot.test.autoconfigure.properties.PropertyMappingContextCustomizer@0, org.springframework.boot.test.autoconfigure.web.servlet.WebDriverContextCustomizerFactory$Customizer@6d167f58, org.springframework.boot.test.context.filter.ExcludeFilterContextCustomizer@19c65cdc, org.springframework.boot.test.json.DuplicateJsonObjectContextCustomizerFactory$DuplicateJsonObjectContextCustomizer@1fb669c3, org.springframework.boot.test.mock.mockito.MockitoContextCustomizer@fd1c9f0a], contextLoader = 'org.springframework.test.context.support.DelegatingSmartContextLoader', parent = [null]]]
23:51:43.420 [Test worker] DEBUG org.springframework.test.context.cache - Spring test ApplicationContext cache statistics: [DefaultContextCache@23b3aa8c size = 3, maxSize = 32, parentContextCount = 0, hitCount = 202, missCount = 3]
23:51:43.420 [Test worker] DEBUG org.springframework.test.context.support.DependencyInjectionTestExecutionListener - Performing dependency injection for test context [[DefaultTestContext@23706db8 testClass = UsersRewardManagerTest, testInstance = org.waldreg.reward.users.UsersRewardManagerTest@34f392be, testMethod = [null], testException = [null], mergedContextConfiguration = [MergedContextConfiguration@205bed61 testClass = UsersRewardManagerTest, locations = '{}', classes = '{class org.waldreg.reward.users.DefaultUsersRewardManager}', contextInitializerClasses = '[]', activeProfiles = '{}', propertySourceLocations = '{}', propertySourceProperties = '{}', contextCustomizers = set[org.springframework.boot.test.autoconfigure.actuate.metrics.MetricsExportContextCustomizerFactory$DisableMetricExportContextCustomizer@3688eb5b, org.springframework.boot.test.autoconfigure.properties.PropertyMappingContextCustomizer@0, org.springframework.boot.test.autoconfigure.web.servlet.WebDriverContextCustomizerFactory$Customizer@6d167f58, org.springframework.boot.test.context.filter.ExcludeFilterContextCustomizer@19c65cdc, org.springframework.boot.test.json.DuplicateJsonObjectContextCustomizerFactory$DuplicateJsonObjectContextCustomizer@1fb669c3, org.springframework.boot.test.mock.mockito.MockitoContextCustomizer@fd1c9f0a], contextLoader = 'org.springframework.test.context.support.DelegatingSmartContextLoader', parent = [null]], attributes = map['org.springframework.test.context.event.ApplicationEventsTestExecutionListener.recordApplicationEvents' -> false]]].
23:51:43.420 [Test worker] DEBUG org.springframework.test.context.cache.DefaultCacheAwareContextLoaderDelegate - Retrieved ApplicationContext [312470853] from cache with key [[MergedContextConfiguration@205bed61 testClass = UsersRewardManagerTest, locations = '{}', classes = '{class org.waldreg.reward.users.DefaultUsersRewardManager}', contextInitializerClasses = '[]', activeProfiles = '{}', propertySourceLocations = '{}', propertySourceProperties = '{}', contextCustomizers = set[org.springframework.boot.test.autoconfigure.actuate.metrics.MetricsExportContextCustomizerFactory$DisableMetricExportContextCustomizer@3688eb5b, org.springframework.boot.test.autoconfigure.properties.PropertyMappingContextCustomizer@0, org.springframework.boot.test.autoconfigure.web.servlet.WebDriverContextCustomizerFactory$Customizer@6d167f58, org.springframework.boot.test.context.filter.ExcludeFilterContextCustomizer@19c65cdc, org.springframework.boot.test.json.DuplicateJsonObjectContextCustomizerFactory$DuplicateJsonObjectContextCustomizer@1fb669c3, org.springframework.boot.test.mock.mockito.MockitoContextCustomizer@fd1c9f0a], contextLoader = 'org.springframework.test.context.support.DelegatingSmartContextLoader', parent = [null]]]
23:51:43.420 [Test worker] DEBUG org.springframework.test.context.cache - Spring test ApplicationContext cache statistics: [DefaultContextCache@23b3aa8c size = 3, maxSize = 32, parentContextCount = 0, hitCount = 203, missCount = 3]
23:51:43.420 [Test worker] DEBUG org.springframework.test.context.cache.DefaultCacheAwareContextLoaderDelegate - Retrieved ApplicationContext [312470853] from cache with key [[MergedContextConfiguration@205bed61 testClass = UsersRewardManagerTest, locations = '{}', classes = '{class org.waldreg.reward.users.DefaultUsersRewardManager}', contextInitializerClasses = '[]', activeProfiles = '{}', propertySourceLocations = '{}', propertySourceProperties = '{}', contextCustomizers = set[org.springframework.boot.test.autoconfigure.actuate.metrics.MetricsExportContextCustomizerFactory$DisableMetricExportContextCustomizer@3688eb5b, org.springframework.boot.test.autoconfigure.properties.PropertyMappingContextCustomizer@0, org.springframework.boot.test.autoconfigure.web.servlet.WebDriverContextCustomizerFactory$Customizer@6d167f58, org.springframework.boot.test.context.filter.ExcludeFilterContextCustomizer@19c65cdc, org.springframework.boot.test.json.DuplicateJsonObjectContextCustomizerFactory$DuplicateJsonObjectContextCustomizer@1fb669c3, org.springframework.boot.test.mock.mockito.MockitoContextCustomizer@fd1c9f0a], contextLoader = 'org.springframework.test.context.support.DelegatingSmartContextLoader', parent = [null]]]
23:51:43.420 [Test worker] DEBUG org.springframework.test.context.cache - Spring test ApplicationContext cache statistics: [DefaultContextCache@23b3aa8c size = 3, maxSize = 32, parentContextCount = 0, hitCount = 204, missCount = 3]
23:51:43.421 [Test worker] DEBUG org.springframework.test.context.support.AbstractDirtiesContextTestExecutionListener - Before test method: context [DefaultTestContext@23706db8 testClass = UsersRewardManagerTest, testInstance = org.waldreg.reward.users.UsersRewardManagerTest@34f392be, testMethod = DELETE_REWARD_TAG_ASSIGNED_TO_SPECIFY_USERS_SUCCESS_TEST@UsersRewardManagerTest, testException = [null], mergedContextConfiguration = [MergedContextConfiguration@205bed61 testClass = UsersRewardManagerTest, locations = '{}', classes = '{class org.waldreg.reward.users.DefaultUsersRewardManager}', contextInitializerClasses = '[]', activeProfiles = '{}', propertySourceLocations = '{}', propertySourceProperties = '{}', contextCustomizers = set[org.springframework.boot.test.autoconfigure.actuate.metrics.MetricsExportContextCustomizerFactory$DisableMetricExportContextCustomizer@3688eb5b, org.springframework.boot.test.autoconfigure.properties.PropertyMappingContextCustomizer@0, org.springframework.boot.test.autoconfigure.web.servlet.WebDriverContextCustomizerFactory$Customizer@6d167f58, org.springframework.boot.test.context.filter.ExcludeFilterContextCustomizer@19c65cdc, org.springframework.boot.test.json.DuplicateJsonObjectContextCustomizerFactory$DuplicateJsonObjectContextCustomizer@1fb669c3, org.springframework.boot.test.mock.mockito.MockitoContextCustomizer@fd1c9f0a], contextLoader = 'org.springframework.test.context.support.DelegatingSmartContextLoader', parent = [null]], attributes = map['org.springframework.test.context.event.ApplicationEventsTestExecutionListener.recordApplicationEvents' -> false]], class annotated with @DirtiesContext [false] with mode [null], method annotated with @DirtiesContext [false] with mode [null].
23:51:43.421 [Test worker] DEBUG org.springframework.test.context.cache.DefaultCacheAwareContextLoaderDelegate - Retrieved ApplicationContext [312470853] from cache with key [[MergedContextConfiguration@205bed61 testClass = UsersRewardManagerTest, locations = '{}', classes = '{class org.waldreg.reward.users.DefaultUsersRewardManager}', contextInitializerClasses = '[]', activeProfiles = '{}', propertySourceLocations = '{}', propertySourceProperties = '{}', contextCustomizers = set[org.springframework.boot.test.autoconfigure.actuate.metrics.MetricsExportContextCustomizerFactory$DisableMetricExportContextCustomizer@3688eb5b, org.springframework.boot.test.autoconfigure.properties.PropertyMappingContextCustomizer@0, org.springframework.boot.test.autoconfigure.web.servlet.WebDriverContextCustomizerFactory$Customizer@6d167f58, org.springframework.boot.test.context.filter.ExcludeFilterContextCustomizer@19c65cdc, org.springframework.boot.test.json.DuplicateJsonObjectContextCustomizerFactory$DuplicateJsonObjectContextCustomizer@1fb669c3, org.springframework.boot.test.mock.mockito.MockitoContextCustomizer@fd1c9f0a], contextLoader = 'org.springframework.test.context.support.DelegatingSmartContextLoader', parent = [null]]]
23:51:43.421 [Test worker] DEBUG org.springframework.test.context.cache - Spring test ApplicationContext cache statistics: [DefaultContextCache@23b3aa8c size = 3, maxSize = 32, parentContextCount = 0, hitCount = 205, missCount = 3]
23:51:43.421 [Test worker] DEBUG org.springframework.test.context.cache.DefaultCacheAwareContextLoaderDelegate - Retrieved ApplicationContext [312470853] from cache with key [[MergedContextConfiguration@205bed61 testClass = UsersRewardManagerTest, locations = '{}', classes = '{class org.waldreg.reward.users.DefaultUsersRewardManager}', contextInitializerClasses = '[]', activeProfiles = '{}', propertySourceLocations = '{}', propertySourceProperties = '{}', contextCustomizers = set[org.springframework.boot.test.autoconfigure.actuate.metrics.MetricsExportContextCustomizerFactory$DisableMetricExportContextCustomizer@3688eb5b, org.springframework.boot.test.autoconfigure.properties.PropertyMappingContextCustomizer@0, org.springframework.boot.test.autoconfigure.web.servlet.WebDriverContextCustomizerFactory$Customizer@6d167f58, org.springframework.boot.test.context.filter.ExcludeFilterContextCustomizer@19c65cdc, org.springframework.boot.test.json.DuplicateJsonObjectContextCustomizerFactory$DuplicateJsonObjectContextCustomizer@1fb669c3, org.springframework.boot.test.mock.mockito.MockitoContextCustomizer@fd1c9f0a], contextLoader = 'org.springframework.test.context.support.DelegatingSmartContextLoader', parent = [null]]]
23:51:43.421 [Test worker] DEBUG org.springframework.test.context.cache - Spring test ApplicationContext cache statistics: [DefaultContextCache@23b3aa8c size = 3, maxSize = 32, parentContextCount = 0, hitCount = 206, missCount = 3]
23:51:43.421 [Test worker] DEBUG org.springframework.test.context.cache.DefaultCacheAwareContextLoaderDelegate - Retrieved ApplicationContext [312470853] from cache with key [[MergedContextConfiguration@205bed61 testClass = UsersRewardManagerTest, locations = '{}', classes = '{class org.waldreg.reward.users.DefaultUsersRewardManager}', contextInitializerClasses = '[]', activeProfiles = '{}', propertySourceLocations = '{}', propertySourceProperties = '{}', contextCustomizers = set[org.springframework.boot.test.autoconfigure.actuate.metrics.MetricsExportContextCustomizerFactory$DisableMetricExportContextCustomizer@3688eb5b, org.springframework.boot.test.autoconfigure.properties.PropertyMappingContextCustomizer@0, org.springframework.boot.test.autoconfigure.web.servlet.WebDriverContextCustomizerFactory$Customizer@6d167f58, org.springframework.boot.test.context.filter.ExcludeFilterContextCustomizer@19c65cdc, org.springframework.boot.test.json.DuplicateJsonObjectContextCustomizerFactory$DuplicateJsonObjectContextCustomizer@1fb669c3, org.springframework.boot.test.mock.mockito.MockitoContextCustomizer@fd1c9f0a], contextLoader = 'org.springframework.test.context.support.DelegatingSmartContextLoader', parent = [null]]]
23:51:43.421 [Test worker] DEBUG org.springframework.test.context.cache - Spring test ApplicationContext cache statistics: [DefaultContextCache@23b3aa8c size = 3, maxSize = 32, parentContextCount = 0, hitCount = 207, missCount = 3]
23:51:43.421 [Test worker] DEBUG org.springframework.test.context.cache.DefaultCacheAwareContextLoaderDelegate - Retrieved ApplicationContext [312470853] from cache with key [[MergedContextConfiguration@205bed61 testClass = UsersRewardManagerTest, locations = '{}', classes = '{class org.waldreg.reward.users.DefaultUsersRewardManager}', contextInitializerClasses = '[]', activeProfiles = '{}', propertySourceLocations = '{}', propertySourceProperties = '{}', contextCustomizers = set[org.springframework.boot.test.autoconfigure.actuate.metrics.MetricsExportContextCustomizerFactory$DisableMetricExportContextCustomizer@3688eb5b, org.springframework.boot.test.autoconfigure.properties.PropertyMappingContextCustomizer@0, org.springframework.boot.test.autoconfigure.web.servlet.WebDriverContextCustomizerFactory$Customizer@6d167f58, org.springframework.boot.test.context.filter.ExcludeFilterContextCustomizer@19c65cdc, org.springframework.boot.test.json.DuplicateJsonObjectContextCustomizerFactory$DuplicateJsonObjectContextCustomizer@1fb669c3, org.springframework.boot.test.mock.mockito.MockitoContextCustomizer@fd1c9f0a], contextLoader = 'org.springframework.test.context.support.DelegatingSmartContextLoader', parent = [null]]]
23:51:43.422 [Test worker] DEBUG org.springframework.test.context.cache - Spring test ApplicationContext cache statistics: [DefaultContextCache@23b3aa8c size = 3, maxSize = 32, parentContextCount = 0, hitCount = 208, missCount = 3]
23:51:43.422 [Test worker] DEBUG org.springframework.test.context.cache.DefaultCacheAwareContextLoaderDelegate - Retrieved ApplicationContext [312470853] from cache with key [[MergedContextConfiguration@205bed61 testClass = UsersRewardManagerTest, locations = '{}', classes = '{class org.waldreg.reward.users.DefaultUsersRewardManager}', contextInitializerClasses = '[]', activeProfiles = '{}', propertySourceLocations = '{}', propertySourceProperties = '{}', contextCustomizers = set[org.springframework.boot.test.autoconfigure.actuate.metrics.MetricsExportContextCustomizerFactory$DisableMetricExportContextCustomizer@3688eb5b, org.springframework.boot.test.autoconfigure.properties.PropertyMappingContextCustomizer@0, org.springframework.boot.test.autoconfigure.web.servlet.WebDriverContextCustomizerFactory$Customizer@6d167f58, org.springframework.boot.test.context.filter.ExcludeFilterContextCustomizer@19c65cdc, org.springframework.boot.test.json.DuplicateJsonObjectContextCustomizerFactory$DuplicateJsonObjectContextCustomizer@1fb669c3, org.springframework.boot.test.mock.mockito.MockitoContextCustomizer@fd1c9f0a], contextLoader = 'org.springframework.test.context.support.DelegatingSmartContextLoader', parent = [null]]]
23:51:43.422 [Test worker] DEBUG org.springframework.test.context.cache - Spring test ApplicationContext cache statistics: [DefaultContextCache@23b3aa8c size = 3, maxSize = 32, parentContextCount = 0, hitCount = 209, missCount = 3]
23:51:43.422 [Test worker] DEBUG org.springframework.test.context.cache.DefaultCacheAwareContextLoaderDelegate - Retrieved ApplicationContext [312470853] from cache with key [[MergedContextConfiguration@205bed61 testClass = UsersRewardManagerTest, locations = '{}', classes = '{class org.waldreg.reward.users.DefaultUsersRewardManager}', contextInitializerClasses = '[]', activeProfiles = '{}', propertySourceLocations = '{}', propertySourceProperties = '{}', contextCustomizers = set[org.springframework.boot.test.autoconfigure.actuate.metrics.MetricsExportContextCustomizerFactory$DisableMetricExportContextCustomizer@3688eb5b, org.springframework.boot.test.autoconfigure.properties.PropertyMappingContextCustomizer@0, org.springframework.boot.test.autoconfigure.web.servlet.WebDriverContextCustomizerFactory$Customizer@6d167f58, org.springframework.boot.test.context.filter.ExcludeFilterContextCustomizer@19c65cdc, org.springframework.boot.test.json.DuplicateJsonObjectContextCustomizerFactory$DuplicateJsonObjectContextCustomizer@1fb669c3, org.springframework.boot.test.mock.mockito.MockitoContextCustomizer@fd1c9f0a], contextLoader = 'org.springframework.test.context.support.DelegatingSmartContextLoader', parent = [null]]]
23:51:43.422 [Test worker] DEBUG org.springframework.test.context.cache - Spring test ApplicationContext cache statistics: [DefaultContextCache@23b3aa8c size = 3, maxSize = 32, parentContextCount = 0, hitCount = 210, missCount = 3]
23:51:43.422 [Test worker] DEBUG org.springframework.test.context.cache.DefaultCacheAwareContextLoaderDelegate - Retrieved ApplicationContext [312470853] from cache with key [[MergedContextConfiguration@205bed61 testClass = UsersRewardManagerTest, locations = '{}', classes = '{class org.waldreg.reward.users.DefaultUsersRewardManager}', contextInitializerClasses = '[]', activeProfiles = '{}', propertySourceLocations = '{}', propertySourceProperties = '{}', contextCustomizers = set[org.springframework.boot.test.autoconfigure.actuate.metrics.MetricsExportContextCustomizerFactory$DisableMetricExportContextCustomizer@3688eb5b, org.springframework.boot.test.autoconfigure.properties.PropertyMappingContextCustomizer@0, org.springframework.boot.test.autoconfigure.web.servlet.WebDriverContextCustomizerFactory$Customizer@6d167f58, org.springframework.boot.test.context.filter.ExcludeFilterContextCustomizer@19c65cdc, org.springframework.boot.test.json.DuplicateJsonObjectContextCustomizerFactory$DuplicateJsonObjectContextCustomizer@1fb669c3, org.springframework.boot.test.mock.mockito.MockitoContextCustomizer@fd1c9f0a], contextLoader = 'org.springframework.test.context.support.DelegatingSmartContextLoader', parent = [null]]]
23:51:43.422 [Test worker] DEBUG org.springframework.test.context.cache - Spring test ApplicationContext cache statistics: [DefaultContextCache@23b3aa8c size = 3, maxSize = 32, parentContextCount = 0, hitCount = 211, missCount = 3]
23:51:43.422 [Test worker] DEBUG org.springframework.test.context.cache.DefaultCacheAwareContextLoaderDelegate - Retrieved ApplicationContext [312470853] from cache with key [[MergedContextConfiguration@205bed61 testClass = UsersRewardManagerTest, locations = '{}', classes = '{class org.waldreg.reward.users.DefaultUsersRewardManager}', contextInitializerClasses = '[]', activeProfiles = '{}', propertySourceLocations = '{}', propertySourceProperties = '{}', contextCustomizers = set[org.springframework.boot.test.autoconfigure.actuate.metrics.MetricsExportContextCustomizerFactory$DisableMetricExportContextCustomizer@3688eb5b, org.springframework.boot.test.autoconfigure.properties.PropertyMappingContextCustomizer@0, org.springframework.boot.test.autoconfigure.web.servlet.WebDriverContextCustomizerFactory$Customizer@6d167f58, org.springframework.boot.test.context.filter.ExcludeFilterContextCustomizer@19c65cdc, org.springframework.boot.test.json.DuplicateJsonObjectContextCustomizerFactory$DuplicateJsonObjectContextCustomizer@1fb669c3, org.springframework.boot.test.mock.mockito.MockitoContextCustomizer@fd1c9f0a], contextLoader = 'org.springframework.test.context.support.DelegatingSmartContextLoader', parent = [null]]]
23:51:43.422 [Test worker] DEBUG org.springframework.test.context.cache - Spring test ApplicationContext cache statistics: [DefaultContextCache@23b3aa8c size = 3, maxSize = 32, parentContextCount = 0, hitCount = 212, missCount = 3]
23:51:43.422 [Test worker] DEBUG org.springframework.test.context.cache.DefaultCacheAwareContextLoaderDelegate - Retrieved ApplicationContext [312470853] from cache with key [[MergedContextConfiguration@205bed61 testClass = UsersRewardManagerTest, locations = '{}', classes = '{class org.waldreg.reward.users.DefaultUsersRewardManager}', contextInitializerClasses = '[]', activeProfiles = '{}', propertySourceLocations = '{}', propertySourceProperties = '{}', contextCustomizers = set[org.springframework.boot.test.autoconfigure.actuate.metrics.MetricsExportContextCustomizerFactory$DisableMetricExportContextCustomizer@3688eb5b, org.springframework.boot.test.autoconfigure.properties.PropertyMappingContextCustomizer@0, org.springframework.boot.test.autoconfigure.web.servlet.WebDriverContextCustomizerFactory$Customizer@6d167f58, org.springframework.boot.test.context.filter.ExcludeFilterContextCustomizer@19c65cdc, org.springframework.boot.test.json.DuplicateJsonObjectContextCustomizerFactory$DuplicateJsonObjectContextCustomizer@1fb669c3, org.springframework.boot.test.mock.mockito.MockitoContextCustomizer@fd1c9f0a], contextLoader = 'org.springframework.test.context.support.DelegatingSmartContextLoader', parent = [null]]]
23:51:43.422 [Test worker] DEBUG org.springframework.test.context.cache - Spring test ApplicationContext cache statistics: [DefaultContextCache@23b3aa8c size = 3, maxSize = 32, parentContextCount = 0, hitCount = 213, missCount = 3]
23:51:43.422 [Test worker] DEBUG org.springframework.test.context.support.AbstractDirtiesContextTestExecutionListener - After test method: context [DefaultTestContext@23706db8 testClass = UsersRewardManagerTest, testInstance = org.waldreg.reward.users.UsersRewardManagerTest@34f392be, testMethod = DELETE_REWARD_TAG_ASSIGNED_TO_SPECIFY_USERS_SUCCESS_TEST@UsersRewardManagerTest, testException = [null], mergedContextConfiguration = [MergedContextConfiguration@205bed61 testClass = UsersRewardManagerTest, locations = '{}', classes = '{class org.waldreg.reward.users.DefaultUsersRewardManager}', contextInitializerClasses = '[]', activeProfiles = '{}', propertySourceLocations = '{}', propertySourceProperties = '{}', contextCustomizers = set[org.springframework.boot.test.autoconfigure.actuate.metrics.MetricsExportContextCustomizerFactory$DisableMetricExportContextCustomizer@3688eb5b, org.springframework.boot.test.autoconfigure.properties.PropertyMappingContextCustomizer@0, org.springframework.boot.test.autoconfigure.web.servlet.WebDriverContextCustomizerFactory$Customizer@6d167f58, org.springframework.boot.test.context.filter.ExcludeFilterContextCustomizer@19c65cdc, org.springframework.boot.test.json.DuplicateJsonObjectContextCustomizerFactory$DuplicateJsonObjectContextCustomizer@1fb669c3, org.springframework.boot.test.mock.mockito.MockitoContextCustomizer@fd1c9f0a], contextLoader = 'org.springframework.test.context.support.DelegatingSmartContextLoader', parent = [null]], attributes = map['org.springframework.test.context.event.ApplicationEventsTestExecutionListener.recordApplicationEvents' -> false]], class annotated with @DirtiesContext [false] with mode [null], method annotated with @DirtiesContext [false] with mode [null].
23:51:43.422 [Test worker] DEBUG org.springframework.test.context.cache.DefaultCacheAwareContextLoaderDelegate - Retrieved ApplicationContext [312470853] from cache with key [[MergedContextConfiguration@205bed61 testClass = UsersRewardManagerTest, locations = '{}', classes = '{class org.waldreg.reward.users.DefaultUsersRewardManager}', contextInitializerClasses = '[]', activeProfiles = '{}', propertySourceLocations = '{}', propertySourceProperties = '{}', contextCustomizers = set[org.springframework.boot.test.autoconfigure.actuate.metrics.MetricsExportContextCustomizerFactory$DisableMetricExportContextCustomizer@3688eb5b, org.springframework.boot.test.autoconfigure.properties.PropertyMappingContextCustomizer@0, org.springframework.boot.test.autoconfigure.web.servlet.WebDriverContextCustomizerFactory$Customizer@6d167f58, org.springframework.boot.test.context.filter.ExcludeFilterContextCustomizer@19c65cdc, org.springframework.boot.test.json.DuplicateJsonObjectContextCustomizerFactory$DuplicateJsonObjectContextCustomizer@1fb669c3, org.springframework.boot.test.mock.mockito.MockitoContextCustomizer@fd1c9f0a], contextLoader = 'org.springframework.test.context.support.DelegatingSmartContextLoader', parent = [null]]]
23:51:43.422 [Test worker] DEBUG org.springframework.test.context.cache - Spring test ApplicationContext cache statistics: [DefaultContextCache@23b3aa8c size = 3, maxSize = 32, parentContextCount = 0, hitCount = 214, missCount = 3]
23:51:43.423 [Test worker] DEBUG org.springframework.test.context.support.DependencyInjectionTestExecutionListener - Performing dependency injection for test context [[DefaultTestContext@23706db8 testClass = UsersRewardManagerTest, testInstance = org.waldreg.reward.users.UsersRewardManagerTest@3f9f71ff, testMethod = [null], testException = [null], mergedContextConfiguration = [MergedContextConfiguration@205bed61 testClass = UsersRewardManagerTest, locations = '{}', classes = '{class org.waldreg.reward.users.DefaultUsersRewardManager}', contextInitializerClasses = '[]', activeProfiles = '{}', propertySourceLocations = '{}', propertySourceProperties = '{}', contextCustomizers = set[org.springframework.boot.test.autoconfigure.actuate.metrics.MetricsExportContextCustomizerFactory$DisableMetricExportContextCustomizer@3688eb5b, org.springframework.boot.test.autoconfigure.properties.PropertyMappingContextCustomizer@0, org.springframework.boot.test.autoconfigure.web.servlet.WebDriverContextCustomizerFactory$Customizer@6d167f58, org.springframework.boot.test.context.filter.ExcludeFilterContextCustomizer@19c65cdc, org.springframework.boot.test.json.DuplicateJsonObjectContextCustomizerFactory$DuplicateJsonObjectContextCustomizer@1fb669c3, org.springframework.boot.test.mock.mockito.MockitoContextCustomizer@fd1c9f0a], contextLoader = 'org.springframework.test.context.support.DelegatingSmartContextLoader', parent = [null]], attributes = map['org.springframework.test.context.event.ApplicationEventsTestExecutionListener.recordApplicationEvents' -> false]]].
23:51:43.423 [Test worker] DEBUG org.springframework.test.context.cache.DefaultCacheAwareContextLoaderDelegate - Retrieved ApplicationContext [312470853] from cache with key [[MergedContextConfiguration@205bed61 testClass = UsersRewardManagerTest, locations = '{}', classes = '{class org.waldreg.reward.users.DefaultUsersRewardManager}', contextInitializerClasses = '[]', activeProfiles = '{}', propertySourceLocations = '{}', propertySourceProperties = '{}', contextCustomizers = set[org.springframework.boot.test.autoconfigure.actuate.metrics.MetricsExportContextCustomizerFactory$DisableMetricExportContextCustomizer@3688eb5b, org.springframework.boot.test.autoconfigure.properties.PropertyMappingContextCustomizer@0, org.springframework.boot.test.autoconfigure.web.servlet.WebDriverContextCustomizerFactory$Customizer@6d167f58, org.springframework.boot.test.context.filter.ExcludeFilterContextCustomizer@19c65cdc, org.springframework.boot.test.json.DuplicateJsonObjectContextCustomizerFactory$DuplicateJsonObjectContextCustomizer@1fb669c3, org.springframework.boot.test.mock.mockito.MockitoContextCustomizer@fd1c9f0a], contextLoader = 'org.springframework.test.context.support.DelegatingSmartContextLoader', parent = [null]]]
23:51:43.423 [Test worker] DEBUG org.springframework.test.context.cache - Spring test ApplicationContext cache statistics: [DefaultContextCache@23b3aa8c size = 3, maxSize = 32, parentContextCount = 0, hitCount = 215, missCount = 3]
23:51:43.423 [Test worker] DEBUG org.springframework.test.context.cache.DefaultCacheAwareContextLoaderDelegate - Retrieved ApplicationContext [312470853] from cache with key [[MergedContextConfiguration@205bed61 testClass = UsersRewardManagerTest, locations = '{}', classes = '{class org.waldreg.reward.users.DefaultUsersRewardManager}', contextInitializerClasses = '[]', activeProfiles = '{}', propertySourceLocations = '{}', propertySourceProperties = '{}', contextCustomizers = set[org.springframework.boot.test.autoconfigure.actuate.metrics.MetricsExportContextCustomizerFactory$DisableMetricExportContextCustomizer@3688eb5b, org.springframework.boot.test.autoconfigure.properties.PropertyMappingContextCustomizer@0, org.springframework.boot.test.autoconfigure.web.servlet.WebDriverContextCustomizerFactory$Customizer@6d167f58, org.springframework.boot.test.context.filter.ExcludeFilterContextCustomizer@19c65cdc, org.springframework.boot.test.json.DuplicateJsonObjectContextCustomizerFactory$DuplicateJsonObjectContextCustomizer@1fb669c3, org.springframework.boot.test.mock.mockito.MockitoContextCustomizer@fd1c9f0a], contextLoader = 'org.springframework.test.context.support.DelegatingSmartContextLoader', parent = [null]]]
23:51:43.423 [Test worker] DEBUG org.springframework.test.context.cache - Spring test ApplicationContext cache statistics: [DefaultContextCache@23b3aa8c size = 3, maxSize = 32, parentContextCount = 0, hitCount = 216, missCount = 3]
23:51:43.423 [Test worker] DEBUG org.springframework.test.context.support.AbstractDirtiesContextTestExecutionListener - Before test method: context [DefaultTestContext@23706db8 testClass = UsersRewardManagerTest, testInstance = org.waldreg.reward.users.UsersRewardManagerTest@3f9f71ff, testMethod = ASSIGN_REWARD_TO_USER_FAIL_CANNOT_FIND_USER_BY_ID_TEST@UsersRewardManagerTest, testException = [null], mergedContextConfiguration = [MergedContextConfiguration@205bed61 testClass = UsersRewardManagerTest, locations = '{}', classes = '{class org.waldreg.reward.users.DefaultUsersRewardManager}', contextInitializerClasses = '[]', activeProfiles = '{}', propertySourceLocations = '{}', propertySourceProperties = '{}', contextCustomizers = set[org.springframework.boot.test.autoconfigure.actuate.metrics.MetricsExportContextCustomizerFactory$DisableMetricExportContextCustomizer@3688eb5b, org.springframework.boot.test.autoconfigure.properties.PropertyMappingContextCustomizer@0, org.springframework.boot.test.autoconfigure.web.servlet.WebDriverContextCustomizerFactory$Customizer@6d167f58, org.springframework.boot.test.context.filter.ExcludeFilterContextCustomizer@19c65cdc, org.springframework.boot.test.json.DuplicateJsonObjectContextCustomizerFactory$DuplicateJsonObjectContextCustomizer@1fb669c3, org.springframework.boot.test.mock.mockito.MockitoContextCustomizer@fd1c9f0a], contextLoader = 'org.springframework.test.context.support.DelegatingSmartContextLoader', parent = [null]], attributes = map['org.springframework.test.context.event.ApplicationEventsTestExecutionListener.recordApplicationEvents' -> false]], class annotated with @DirtiesContext [false] with mode [null], method annotated with @DirtiesContext [false] with mode [null].
23:51:43.423 [Test worker] DEBUG org.springframework.test.context.cache.DefaultCacheAwareContextLoaderDelegate - Retrieved ApplicationContext [312470853] from cache with key [[MergedContextConfiguration@205bed61 testClass = UsersRewardManagerTest, locations = '{}', classes = '{class org.waldreg.reward.users.DefaultUsersRewardManager}', contextInitializerClasses = '[]', activeProfiles = '{}', propertySourceLocations = '{}', propertySourceProperties = '{}', contextCustomizers = set[org.springframework.boot.test.autoconfigure.actuate.metrics.MetricsExportContextCustomizerFactory$DisableMetricExportContextCustomizer@3688eb5b, org.springframework.boot.test.autoconfigure.properties.PropertyMappingContextCustomizer@0, org.springframework.boot.test.autoconfigure.web.servlet.WebDriverContextCustomizerFactory$Customizer@6d167f58, org.springframework.boot.test.context.filter.ExcludeFilterContextCustomizer@19c65cdc, org.springframework.boot.test.json.DuplicateJsonObjectContextCustomizerFactory$DuplicateJsonObjectContextCustomizer@1fb669c3, org.springframework.boot.test.mock.mockito.MockitoContextCustomizer@fd1c9f0a], contextLoader = 'org.springframework.test.context.support.DelegatingSmartContextLoader', parent = [null]]]
23:51:43.423 [Test worker] DEBUG org.springframework.test.context.cache - Spring test ApplicationContext cache statistics: [DefaultContextCache@23b3aa8c size = 3, maxSize = 32, parentContextCount = 0, hitCount = 217, missCount = 3]
23:51:43.423 [Test worker] DEBUG org.springframework.test.context.cache.DefaultCacheAwareContextLoaderDelegate - Retrieved ApplicationContext [312470853] from cache with key [[MergedContextConfiguration@205bed61 testClass = UsersRewardManagerTest, locations = '{}', classes = '{class org.waldreg.reward.users.DefaultUsersRewardManager}', contextInitializerClasses = '[]', activeProfiles = '{}', propertySourceLocations = '{}', propertySourceProperties = '{}', contextCustomizers = set[org.springframework.boot.test.autoconfigure.actuate.metrics.MetricsExportContextCustomizerFactory$DisableMetricExportContextCustomizer@3688eb5b, org.springframework.boot.test.autoconfigure.properties.PropertyMappingContextCustomizer@0, org.springframework.boot.test.autoconfigure.web.servlet.WebDriverContextCustomizerFactory$Customizer@6d167f58, org.springframework.boot.test.context.filter.ExcludeFilterContextCustomizer@19c65cdc, org.springframework.boot.test.json.DuplicateJsonObjectContextCustomizerFactory$DuplicateJsonObjectContextCustomizer@1fb669c3, org.springframework.boot.test.mock.mockito.MockitoContextCustomizer@fd1c9f0a], contextLoader = 'org.springframework.test.context.support.DelegatingSmartContextLoader', parent = [null]]]
23:51:43.423 [Test worker] DEBUG org.springframework.test.context.cache - Spring test ApplicationContext cache statistics: [DefaultContextCache@23b3aa8c size = 3, maxSize = 32, parentContextCount = 0, hitCount = 218, missCount = 3]
23:51:43.423 [Test worker] DEBUG org.springframework.test.context.cache.DefaultCacheAwareContextLoaderDelegate - Retrieved ApplicationContext [312470853] from cache with key [[MergedContextConfiguration@205bed61 testClass = UsersRewardManagerTest, locations = '{}', classes = '{class org.waldreg.reward.users.DefaultUsersRewardManager}', contextInitializerClasses = '[]', activeProfiles = '{}', propertySourceLocations = '{}', propertySourceProperties = '{}', contextCustomizers = set[org.springframework.boot.test.autoconfigure.actuate.metrics.MetricsExportContextCustomizerFactory$DisableMetricExportContextCustomizer@3688eb5b, org.springframework.boot.test.autoconfigure.properties.PropertyMappingContextCustomizer@0, org.springframework.boot.test.autoconfigure.web.servlet.WebDriverContextCustomizerFactory$Customizer@6d167f58, org.springframework.boot.test.context.filter.ExcludeFilterContextCustomizer@19c65cdc, org.springframework.boot.test.json.DuplicateJsonObjectContextCustomizerFactory$DuplicateJsonObjectContextCustomizer@1fb669c3, org.springframework.boot.test.mock.mockito.MockitoContextCustomizer@fd1c9f0a], contextLoader = 'org.springframework.test.context.support.DelegatingSmartContextLoader', parent = [null]]]
23:51:43.423 [Test worker] DEBUG org.springframework.test.context.cache - Spring test ApplicationContext cache statistics: [DefaultContextCache@23b3aa8c size = 3, maxSize = 32, parentContextCount = 0, hitCount = 219, missCount = 3]
23:51:43.424 [Test worker] DEBUG org.springframework.test.context.cache.DefaultCacheAwareContextLoaderDelegate - Retrieved ApplicationContext [312470853] from cache with key [[MergedContextConfiguration@205bed61 testClass = UsersRewardManagerTest, locations = '{}', classes = '{class org.waldreg.reward.users.DefaultUsersRewardManager}', contextInitializerClasses = '[]', activeProfiles = '{}', propertySourceLocations = '{}', propertySourceProperties = '{}', contextCustomizers = set[org.springframework.boot.test.autoconfigure.actuate.metrics.MetricsExportContextCustomizerFactory$DisableMetricExportContextCustomizer@3688eb5b, org.springframework.boot.test.autoconfigure.properties.PropertyMappingContextCustomizer@0, org.springframework.boot.test.autoconfigure.web.servlet.WebDriverContextCustomizerFactory$Customizer@6d167f58, org.springframework.boot.test.context.filter.ExcludeFilterContextCustomizer@19c65cdc, org.springframework.boot.test.json.DuplicateJsonObjectContextCustomizerFactory$DuplicateJsonObjectContextCustomizer@1fb669c3, org.springframework.boot.test.mock.mockito.MockitoContextCustomizer@fd1c9f0a], contextLoader = 'org.springframework.test.context.support.DelegatingSmartContextLoader', parent = [null]]]
23:51:43.424 [Test worker] DEBUG org.springframework.test.context.cache - Spring test ApplicationContext cache statistics: [DefaultContextCache@23b3aa8c size = 3, maxSize = 32, parentContextCount = 0, hitCount = 220, missCount = 3]
23:51:43.424 [Test worker] DEBUG org.springframework.test.context.cache.DefaultCacheAwareContextLoaderDelegate - Retrieved ApplicationContext [312470853] from cache with key [[MergedContextConfiguration@205bed61 testClass = UsersRewardManagerTest, locations = '{}', classes = '{class org.waldreg.reward.users.DefaultUsersRewardManager}', contextInitializerClasses = '[]', activeProfiles = '{}', propertySourceLocations = '{}', propertySourceProperties = '{}', contextCustomizers = set[org.springframework.boot.test.autoconfigure.actuate.metrics.MetricsExportContextCustomizerFactory$DisableMetricExportContextCustomizer@3688eb5b, org.springframework.boot.test.autoconfigure.properties.PropertyMappingContextCustomizer@0, org.springframework.boot.test.autoconfigure.web.servlet.WebDriverContextCustomizerFactory$Customizer@6d167f58, org.springframework.boot.test.context.filter.ExcludeFilterContextCustomizer@19c65cdc, org.springframework.boot.test.json.DuplicateJsonObjectContextCustomizerFactory$DuplicateJsonObjectContextCustomizer@1fb669c3, org.springframework.boot.test.mock.mockito.MockitoContextCustomizer@fd1c9f0a], contextLoader = 'org.springframework.test.context.support.DelegatingSmartContextLoader', parent = [null]]]
23:51:43.424 [Test worker] DEBUG org.springframework.test.context.cache - Spring test ApplicationContext cache statistics: [DefaultContextCache@23b3aa8c size = 3, maxSize = 32, parentContextCount = 0, hitCount = 221, missCount = 3]
23:51:43.424 [Test worker] DEBUG org.springframework.test.context.cache.DefaultCacheAwareContextLoaderDelegate - Retrieved ApplicationContext [312470853] from cache with key [[MergedContextConfiguration@205bed61 testClass = UsersRewardManagerTest, locations = '{}', classes = '{class org.waldreg.reward.users.DefaultUsersRewardManager}', contextInitializerClasses = '[]', activeProfiles = '{}', propertySourceLocations = '{}', propertySourceProperties = '{}', contextCustomizers = set[org.springframework.boot.test.autoconfigure.actuate.metrics.MetricsExportContextCustomizerFactory$DisableMetricExportContextCustomizer@3688eb5b, org.springframework.boot.test.autoconfigure.properties.PropertyMappingContextCustomizer@0, org.springframework.boot.test.autoconfigure.web.servlet.WebDriverContextCustomizerFactory$Customizer@6d167f58, org.springframework.boot.test.context.filter.ExcludeFilterContextCustomizer@19c65cdc, org.springframework.boot.test.json.DuplicateJsonObjectContextCustomizerFactory$DuplicateJsonObjectContextCustomizer@1fb669c3, org.springframework.boot.test.mock.mockito.MockitoContextCustomizer@fd1c9f0a], contextLoader = 'org.springframework.test.context.support.DelegatingSmartContextLoader', parent = [null]]]
23:51:43.424 [Test worker] DEBUG org.springframework.test.context.cache - Spring test ApplicationContext cache statistics: [DefaultContextCache@23b3aa8c size = 3, maxSize = 32, parentContextCount = 0, hitCount = 222, missCount = 3]
23:51:43.424 [Test worker] DEBUG org.springframework.test.context.cache.DefaultCacheAwareContextLoaderDelegate - Retrieved ApplicationContext [312470853] from cache with key [[MergedContextConfiguration@205bed61 testClass = UsersRewardManagerTest, locations = '{}', classes = '{class org.waldreg.reward.users.DefaultUsersRewardManager}', contextInitializerClasses = '[]', activeProfiles = '{}', propertySourceLocations = '{}', propertySourceProperties = '{}', contextCustomizers = set[org.springframework.boot.test.autoconfigure.actuate.metrics.MetricsExportContextCustomizerFactory$DisableMetricExportContextCustomizer@3688eb5b, org.springframework.boot.test.autoconfigure.properties.PropertyMappingContextCustomizer@0, org.springframework.boot.test.autoconfigure.web.servlet.WebDriverContextCustomizerFactory$Customizer@6d167f58, org.springframework.boot.test.context.filter.ExcludeFilterContextCustomizer@19c65cdc, org.springframework.boot.test.json.DuplicateJsonObjectContextCustomizerFactory$DuplicateJsonObjectContextCustomizer@1fb669c3, org.springframework.boot.test.mock.mockito.MockitoContextCustomizer@fd1c9f0a], contextLoader = 'org.springframework.test.context.support.DelegatingSmartContextLoader', parent = [null]]]
23:51:43.424 [Test worker] DEBUG org.springframework.test.context.cache - Spring test ApplicationContext cache statistics: [DefaultContextCache@23b3aa8c size = 3, maxSize = 32, parentContextCount = 0, hitCount = 223, missCount = 3]
23:51:43.424 [Test worker] DEBUG org.springframework.test.context.cache.DefaultCacheAwareContextLoaderDelegate - Retrieved ApplicationContext [312470853] from cache with key [[MergedContextConfiguration@205bed61 testClass = UsersRewardManagerTest, locations = '{}', classes = '{class org.waldreg.reward.users.DefaultUsersRewardManager}', contextInitializerClasses = '[]', activeProfiles = '{}', propertySourceLocations = '{}', propertySourceProperties = '{}', contextCustomizers = set[org.springframework.boot.test.autoconfigure.actuate.metrics.MetricsExportContextCustomizerFactory$DisableMetricExportContextCustomizer@3688eb5b, org.springframework.boot.test.autoconfigure.properties.PropertyMappingContextCustomizer@0, org.springframework.boot.test.autoconfigure.web.servlet.WebDriverContextCustomizerFactory$Customizer@6d167f58, org.springframework.boot.test.context.filter.ExcludeFilterContextCustomizer@19c65cdc, org.springframework.boot.test.json.DuplicateJsonObjectContextCustomizerFactory$DuplicateJsonObjectContextCustomizer@1fb669c3, org.springframework.boot.test.mock.mockito.MockitoContextCustomizer@fd1c9f0a], contextLoader = 'org.springframework.test.context.support.DelegatingSmartContextLoader', parent = [null]]]
23:51:43.424 [Test worker] DEBUG org.springframework.test.context.cache - Spring test ApplicationContext cache statistics: [DefaultContextCache@23b3aa8c size = 3, maxSize = 32, parentContextCount = 0, hitCount = 224, missCount = 3]
23:51:43.424 [Test worker] DEBUG org.springframework.test.context.cache.DefaultCacheAwareContextLoaderDelegate - Retrieved ApplicationContext [312470853] from cache with key [[MergedContextConfiguration@205bed61 testClass = UsersRewardManagerTest, locations = '{}', classes = '{class org.waldreg.reward.users.DefaultUsersRewardManager}', contextInitializerClasses = '[]', activeProfiles = '{}', propertySourceLocations = '{}', propertySourceProperties = '{}', contextCustomizers = set[org.springframework.boot.test.autoconfigure.actuate.metrics.MetricsExportContextCustomizerFactory$DisableMetricExportContextCustomizer@3688eb5b, org.springframework.boot.test.autoconfigure.properties.PropertyMappingContextCustomizer@0, org.springframework.boot.test.autoconfigure.web.servlet.WebDriverContextCustomizerFactory$Customizer@6d167f58, org.springframework.boot.test.context.filter.ExcludeFilterContextCustomizer@19c65cdc, org.springframework.boot.test.json.DuplicateJsonObjectContextCustomizerFactory$DuplicateJsonObjectContextCustomizer@1fb669c3, org.springframework.boot.test.mock.mockito.MockitoContextCustomizer@fd1c9f0a], contextLoader = 'org.springframework.test.context.support.DelegatingSmartContextLoader', parent = [null]]]
23:51:43.424 [Test worker] DEBUG org.springframework.test.context.cache - Spring test ApplicationContext cache statistics: [DefaultContextCache@23b3aa8c size = 3, maxSize = 32, parentContextCount = 0, hitCount = 225, missCount = 3]
23:51:43.424 [Test worker] DEBUG org.springframework.test.context.support.AbstractDirtiesContextTestExecutionListener - After test method: context [DefaultTestContext@23706db8 testClass = UsersRewardManagerTest, testInstance = org.waldreg.reward.users.UsersRewardManagerTest@3f9f71ff, testMethod = ASSIGN_REWARD_TO_USER_FAIL_CANNOT_FIND_USER_BY_ID_TEST@UsersRewardManagerTest, testException = [null], mergedContextConfiguration = [MergedContextConfiguration@205bed61 testClass = UsersRewardManagerTest, locations = '{}', classes = '{class org.waldreg.reward.users.DefaultUsersRewardManager}', contextInitializerClasses = '[]', activeProfiles = '{}', propertySourceLocations = '{}', propertySourceProperties = '{}', contextCustomizers = set[org.springframework.boot.test.autoconfigure.actuate.metrics.MetricsExportContextCustomizerFactory$DisableMetricExportContextCustomizer@3688eb5b, org.springframework.boot.test.autoconfigure.properties.PropertyMappingContextCustomizer@0, org.springframework.boot.test.autoconfigure.web.servlet.WebDriverContextCustomizerFactory$Customizer@6d167f58, org.springframework.boot.test.context.filter.ExcludeFilterContextCustomizer@19c65cdc, org.springframework.boot.test.json.DuplicateJsonObjectContextCustomizerFactory$DuplicateJsonObjectContextCustomizer@1fb669c3, org.springframework.boot.test.mock.mockito.MockitoContextCustomizer@fd1c9f0a], contextLoader = 'org.springframework.test.context.support.DelegatingSmartContextLoader', parent = [null]], attributes = map['org.springframework.test.context.event.ApplicationEventsTestExecutionListener.recordApplicationEvents' -> false]], class annotated with @DirtiesContext [false] with mode [null], method annotated with @DirtiesContext [false] with mode [null].
23:51:43.424 [Test worker] DEBUG org.springframework.test.context.cache.DefaultCacheAwareContextLoaderDelegate - Retrieved ApplicationContext [312470853] from cache with key [[MergedContextConfiguration@205bed61 testClass = UsersRewardManagerTest, locations = '{}', classes = '{class org.waldreg.reward.users.DefaultUsersRewardManager}', contextInitializerClasses = '[]', activeProfiles = '{}', propertySourceLocations = '{}', propertySourceProperties = '{}', contextCustomizers = set[org.springframework.boot.test.autoconfigure.actuate.metrics.MetricsExportContextCustomizerFactory$DisableMetricExportContextCustomizer@3688eb5b, org.springframework.boot.test.autoconfigure.properties.PropertyMappingContextCustomizer@0, org.springframework.boot.test.autoconfigure.web.servlet.WebDriverContextCustomizerFactory$Customizer@6d167f58, org.springframework.boot.test.context.filter.ExcludeFilterContextCustomizer@19c65cdc, org.springframework.boot.test.json.DuplicateJsonObjectContextCustomizerFactory$DuplicateJsonObjectContextCustomizer@1fb669c3, org.springframework.boot.test.mock.mockito.MockitoContextCustomizer@fd1c9f0a], contextLoader = 'org.springframework.test.context.support.DelegatingSmartContextLoader', parent = [null]]]
23:51:43.424 [Test worker] DEBUG org.springframework.test.context.cache - Spring test ApplicationContext cache statistics: [DefaultContextCache@23b3aa8c size = 3, maxSize = 32, parentContextCount = 0, hitCount = 226, missCount = 3]
23:51:43.424 [Test worker] DEBUG org.springframework.test.context.support.DependencyInjectionTestExecutionListener - Performing dependency injection for test context [[DefaultTestContext@23706db8 testClass = UsersRewardManagerTest, testInstance = org.waldreg.reward.users.UsersRewardManagerTest@27e5b378, testMethod = [null], testException = [null], mergedContextConfiguration = [MergedContextConfiguration@205bed61 testClass = UsersRewardManagerTest, locations = '{}', classes = '{class org.waldreg.reward.users.DefaultUsersRewardManager}', contextInitializerClasses = '[]', activeProfiles = '{}', propertySourceLocations = '{}', propertySourceProperties = '{}', contextCustomizers = set[org.springframework.boot.test.autoconfigure.actuate.metrics.MetricsExportContextCustomizerFactory$DisableMetricExportContextCustomizer@3688eb5b, org.springframework.boot.test.autoconfigure.properties.PropertyMappingContextCustomizer@0, org.springframework.boot.test.autoconfigure.web.servlet.WebDriverContextCustomizerFactory$Customizer@6d167f58, org.springframework.boot.test.context.filter.ExcludeFilterContextCustomizer@19c65cdc, org.springframework.boot.test.json.DuplicateJsonObjectContextCustomizerFactory$DuplicateJsonObjectContextCustomizer@1fb669c3, org.springframework.boot.test.mock.mockito.MockitoContextCustomizer@fd1c9f0a], contextLoader = 'org.springframework.test.context.support.DelegatingSmartContextLoader', parent = [null]], attributes = map['org.springframework.test.context.event.ApplicationEventsTestExecutionListener.recordApplicationEvents' -> false]]].
23:51:43.424 [Test worker] DEBUG org.springframework.test.context.cache.DefaultCacheAwareContextLoaderDelegate - Retrieved ApplicationContext [312470853] from cache with key [[MergedContextConfiguration@205bed61 testClass = UsersRewardManagerTest, locations = '{}', classes = '{class org.waldreg.reward.users.DefaultUsersRewardManager}', contextInitializerClasses = '[]', activeProfiles = '{}', propertySourceLocations = '{}', propertySourceProperties = '{}', contextCustomizers = set[org.springframework.boot.test.autoconfigure.actuate.metrics.MetricsExportContextCustomizerFactory$DisableMetricExportContextCustomizer@3688eb5b, org.springframework.boot.test.autoconfigure.properties.PropertyMappingContextCustomizer@0, org.springframework.boot.test.autoconfigure.web.servlet.WebDriverContextCustomizerFactory$Customizer@6d167f58, org.springframework.boot.test.context.filter.ExcludeFilterContextCustomizer@19c65cdc, org.springframework.boot.test.json.DuplicateJsonObjectContextCustomizerFactory$DuplicateJsonObjectContextCustomizer@1fb669c3, org.springframework.boot.test.mock.mockito.MockitoContextCustomizer@fd1c9f0a], contextLoader = 'org.springframework.test.context.support.DelegatingSmartContextLoader', parent = [null]]]
23:51:43.424 [Test worker] DEBUG org.springframework.test.context.cache - Spring test ApplicationContext cache statistics: [DefaultContextCache@23b3aa8c size = 3, maxSize = 32, parentContextCount = 0, hitCount = 227, missCount = 3]
23:51:43.425 [Test worker] DEBUG org.springframework.test.context.cache.DefaultCacheAwareContextLoaderDelegate - Retrieved ApplicationContext [312470853] from cache with key [[MergedContextConfiguration@205bed61 testClass = UsersRewardManagerTest, locations = '{}', classes = '{class org.waldreg.reward.users.DefaultUsersRewardManager}', contextInitializerClasses = '[]', activeProfiles = '{}', propertySourceLocations = '{}', propertySourceProperties = '{}', contextCustomizers = set[org.springframework.boot.test.autoconfigure.actuate.metrics.MetricsExportContextCustomizerFactory$DisableMetricExportContextCustomizer@3688eb5b, org.springframework.boot.test.autoconfigure.properties.PropertyMappingContextCustomizer@0, org.springframework.boot.test.autoconfigure.web.servlet.WebDriverContextCustomizerFactory$Customizer@6d167f58, org.springframework.boot.test.context.filter.ExcludeFilterContextCustomizer@19c65cdc, org.springframework.boot.test.json.DuplicateJsonObjectContextCustomizerFactory$DuplicateJsonObjectContextCustomizer@1fb669c3, org.springframework.boot.test.mock.mockito.MockitoContextCustomizer@fd1c9f0a], contextLoader = 'org.springframework.test.context.support.DelegatingSmartContextLoader', parent = [null]]]
23:51:43.425 [Test worker] DEBUG org.springframework.test.context.cache - Spring test ApplicationContext cache statistics: [DefaultContextCache@23b3aa8c size = 3, maxSize = 32, parentContextCount = 0, hitCount = 228, missCount = 3]
23:51:43.425 [Test worker] DEBUG org.springframework.test.context.support.AbstractDirtiesContextTestExecutionListener - Before test method: context [DefaultTestContext@23706db8 testClass = UsersRewardManagerTest, testInstance = org.waldreg.reward.users.UsersRewardManagerTest@27e5b378, testMethod = READ_USERS_ASSIGNED_REWARD_HISTORY_SUCCESS_TEST@UsersRewardManagerTest, testException = [null], mergedContextConfiguration = [MergedContextConfiguration@205bed61 testClass = UsersRewardManagerTest, locations = '{}', classes = '{class org.waldreg.reward.users.DefaultUsersRewardManager}', contextInitializerClasses = '[]', activeProfiles = '{}', propertySourceLocations = '{}', propertySourceProperties = '{}', contextCustomizers = set[org.springframework.boot.test.autoconfigure.actuate.metrics.MetricsExportContextCustomizerFactory$DisableMetricExportContextCustomizer@3688eb5b, org.springframework.boot.test.autoconfigure.properties.PropertyMappingContextCustomizer@0, org.springframework.boot.test.autoconfigure.web.servlet.WebDriverContextCustomizerFactory$Customizer@6d167f58, org.springframework.boot.test.context.filter.ExcludeFilterContextCustomizer@19c65cdc, org.springframework.boot.test.json.DuplicateJsonObjectContextCustomizerFactory$DuplicateJsonObjectContextCustomizer@1fb669c3, org.springframework.boot.test.mock.mockito.MockitoContextCustomizer@fd1c9f0a], contextLoader = 'org.springframework.test.context.support.DelegatingSmartContextLoader', parent = [null]], attributes = map['org.springframework.test.context.event.ApplicationEventsTestExecutionListener.recordApplicationEvents' -> false]], class annotated with @DirtiesContext [false] with mode [null], method annotated with @DirtiesContext [false] with mode [null].
23:51:43.425 [Test worker] DEBUG org.springframework.test.context.cache.DefaultCacheAwareContextLoaderDelegate - Retrieved ApplicationContext [312470853] from cache with key [[MergedContextConfiguration@205bed61 testClass = UsersRewardManagerTest, locations = '{}', classes = '{class org.waldreg.reward.users.DefaultUsersRewardManager}', contextInitializerClasses = '[]', activeProfiles = '{}', propertySourceLocations = '{}', propertySourceProperties = '{}', contextCustomizers = set[org.springframework.boot.test.autoconfigure.actuate.metrics.MetricsExportContextCustomizerFactory$DisableMetricExportContextCustomizer@3688eb5b, org.springframework.boot.test.autoconfigure.properties.PropertyMappingContextCustomizer@0, org.springframework.boot.test.autoconfigure.web.servlet.WebDriverContextCustomizerFactory$Customizer@6d167f58, org.springframework.boot.test.context.filter.ExcludeFilterContextCustomizer@19c65cdc, org.springframework.boot.test.json.DuplicateJsonObjectContextCustomizerFactory$DuplicateJsonObjectContextCustomizer@1fb669c3, org.springframework.boot.test.mock.mockito.MockitoContextCustomizer@fd1c9f0a], contextLoader = 'org.springframework.test.context.support.DelegatingSmartContextLoader', parent = [null]]]
23:51:43.425 [Test worker] DEBUG org.springframework.test.context.cache - Spring test ApplicationContext cache statistics: [DefaultContextCache@23b3aa8c size = 3, maxSize = 32, parentContextCount = 0, hitCount = 229, missCount = 3]
23:51:43.425 [Test worker] DEBUG org.springframework.test.context.cache.DefaultCacheAwareContextLoaderDelegate - Retrieved ApplicationContext [312470853] from cache with key [[MergedContextConfiguration@205bed61 testClass = UsersRewardManagerTest, locations = '{}', classes = '{class org.waldreg.reward.users.DefaultUsersRewardManager}', contextInitializerClasses = '[]', activeProfiles = '{}', propertySourceLocations = '{}', propertySourceProperties = '{}', contextCustomizers = set[org.springframework.boot.test.autoconfigure.actuate.metrics.MetricsExportContextCustomizerFactory$DisableMetricExportContextCustomizer@3688eb5b, org.springframework.boot.test.autoconfigure.properties.PropertyMappingContextCustomizer@0, org.springframework.boot.test.autoconfigure.web.servlet.WebDriverContextCustomizerFactory$Customizer@6d167f58, org.springframework.boot.test.context.filter.ExcludeFilterContextCustomizer@19c65cdc, org.springframework.boot.test.json.DuplicateJsonObjectContextCustomizerFactory$DuplicateJsonObjectContextCustomizer@1fb669c3, org.springframework.boot.test.mock.mockito.MockitoContextCustomizer@fd1c9f0a], contextLoader = 'org.springframework.test.context.support.DelegatingSmartContextLoader', parent = [null]]]
23:51:43.425 [Test worker] DEBUG org.springframework.test.context.cache - Spring test ApplicationContext cache statistics: [DefaultContextCache@23b3aa8c size = 3, maxSize = 32, parentContextCount = 0, hitCount = 230, missCount = 3]
23:51:43.425 [Test worker] DEBUG org.springframework.test.context.cache.DefaultCacheAwareContextLoaderDelegate - Retrieved ApplicationContext [312470853] from cache with key [[MergedContextConfiguration@205bed61 testClass = UsersRewardManagerTest, locations = '{}', classes = '{class org.waldreg.reward.users.DefaultUsersRewardManager}', contextInitializerClasses = '[]', activeProfiles = '{}', propertySourceLocations = '{}', propertySourceProperties = '{}', contextCustomizers = set[org.springframework.boot.test.autoconfigure.actuate.metrics.MetricsExportContextCustomizerFactory$DisableMetricExportContextCustomizer@3688eb5b, org.springframework.boot.test.autoconfigure.properties.PropertyMappingContextCustomizer@0, org.springframework.boot.test.autoconfigure.web.servlet.WebDriverContextCustomizerFactory$Customizer@6d167f58, org.springframework.boot.test.context.filter.ExcludeFilterContextCustomizer@19c65cdc, org.springframework.boot.test.json.DuplicateJsonObjectContextCustomizerFactory$DuplicateJsonObjectContextCustomizer@1fb669c3, org.springframework.boot.test.mock.mockito.MockitoContextCustomizer@fd1c9f0a], contextLoader = 'org.springframework.test.context.support.DelegatingSmartContextLoader', parent = [null]]]
23:51:43.425 [Test worker] DEBUG org.springframework.test.context.cache - Spring test ApplicationContext cache statistics: [DefaultContextCache@23b3aa8c size = 3, maxSize = 32, parentContextCount = 0, hitCount = 231, missCount = 3]
23:51:43.425 [Test worker] DEBUG org.springframework.test.context.cache.DefaultCacheAwareContextLoaderDelegate - Retrieved ApplicationContext [312470853] from cache with key [[MergedContextConfiguration@205bed61 testClass = UsersRewardManagerTest, locations = '{}', classes = '{class org.waldreg.reward.users.DefaultUsersRewardManager}', contextInitializerClasses = '[]', activeProfiles = '{}', propertySourceLocations = '{}', propertySourceProperties = '{}', contextCustomizers = set[org.springframework.boot.test.autoconfigure.actuate.metrics.MetricsExportContextCustomizerFactory$DisableMetricExportContextCustomizer@3688eb5b, org.springframework.boot.test.autoconfigure.properties.PropertyMappingContextCustomizer@0, org.springframework.boot.test.autoconfigure.web.servlet.WebDriverContextCustomizerFactory$Customizer@6d167f58, org.springframework.boot.test.context.filter.ExcludeFilterContextCustomizer@19c65cdc, org.springframework.boot.test.json.DuplicateJsonObjectContextCustomizerFactory$DuplicateJsonObjectContextCustomizer@1fb669c3, org.springframework.boot.test.mock.mockito.MockitoContextCustomizer@fd1c9f0a], contextLoader = 'org.springframework.test.context.support.DelegatingSmartContextLoader', parent = [null]]]
23:51:43.425 [Test worker] DEBUG org.springframework.test.context.cache - Spring test ApplicationContext cache statistics: [DefaultContextCache@23b3aa8c size = 3, maxSize = 32, parentContextCount = 0, hitCount = 232, missCount = 3]
23:51:43.425 [Test worker] DEBUG org.springframework.test.context.cache.DefaultCacheAwareContextLoaderDelegate - Retrieved ApplicationContext [312470853] from cache with key [[MergedContextConfiguration@205bed61 testClass = UsersRewardManagerTest, locations = '{}', classes = '{class org.waldreg.reward.users.DefaultUsersRewardManager}', contextInitializerClasses = '[]', activeProfiles = '{}', propertySourceLocations = '{}', propertySourceProperties = '{}', contextCustomizers = set[org.springframework.boot.test.autoconfigure.actuate.metrics.MetricsExportContextCustomizerFactory$DisableMetricExportContextCustomizer@3688eb5b, org.springframework.boot.test.autoconfigure.properties.PropertyMappingContextCustomizer@0, org.springframework.boot.test.autoconfigure.web.servlet.WebDriverContextCustomizerFactory$Customizer@6d167f58, org.springframework.boot.test.context.filter.ExcludeFilterContextCustomizer@19c65cdc, org.springframework.boot.test.json.DuplicateJsonObjectContextCustomizerFactory$DuplicateJsonObjectContextCustomizer@1fb669c3, org.springframework.boot.test.mock.mockito.MockitoContextCustomizer@fd1c9f0a], contextLoader = 'org.springframework.test.context.support.DelegatingSmartContextLoader', parent = [null]]]
23:51:43.425 [Test worker] DEBUG org.springframework.test.context.cache - Spring test ApplicationContext cache statistics: [DefaultContextCache@23b3aa8c size = 3, maxSize = 32, parentContextCount = 0, hitCount = 233, missCount = 3]
23:51:43.425 [Test worker] DEBUG org.springframework.test.context.cache.DefaultCacheAwareContextLoaderDelegate - Retrieved ApplicationContext [312470853] from cache with key [[MergedContextConfiguration@205bed61 testClass = UsersRewardManagerTest, locations = '{}', classes = '{class org.waldreg.reward.users.DefaultUsersRewardManager}', contextInitializerClasses = '[]', activeProfiles = '{}', propertySourceLocations = '{}', propertySourceProperties = '{}', contextCustomizers = set[org.springframework.boot.test.autoconfigure.actuate.metrics.MetricsExportContextCustomizerFactory$DisableMetricExportContextCustomizer@3688eb5b, org.springframework.boot.test.autoconfigure.properties.PropertyMappingContextCustomizer@0, org.springframework.boot.test.autoconfigure.web.servlet.WebDriverContextCustomizerFactory$Customizer@6d167f58, org.springframework.boot.test.context.filter.ExcludeFilterContextCustomizer@19c65cdc, org.springframework.boot.test.json.DuplicateJsonObjectContextCustomizerFactory$DuplicateJsonObjectContextCustomizer@1fb669c3, org.springframework.boot.test.mock.mockito.MockitoContextCustomizer@fd1c9f0a], contextLoader = 'org.springframework.test.context.support.DelegatingSmartContextLoader', parent = [null]]]
23:51:43.425 [Test worker] DEBUG org.springframework.test.context.cache - Spring test ApplicationContext cache statistics: [DefaultContextCache@23b3aa8c size = 3, maxSize = 32, parentContextCount = 0, hitCount = 234, missCount = 3]
23:51:43.425 [Test worker] DEBUG org.springframework.test.context.cache.DefaultCacheAwareContextLoaderDelegate - Retrieved ApplicationContext [312470853] from cache with key [[MergedContextConfiguration@205bed61 testClass = UsersRewardManagerTest, locations = '{}', classes = '{class org.waldreg.reward.users.DefaultUsersRewardManager}', contextInitializerClasses = '[]', activeProfiles = '{}', propertySourceLocations = '{}', propertySourceProperties = '{}', contextCustomizers = set[org.springframework.boot.test.autoconfigure.actuate.metrics.MetricsExportContextCustomizerFactory$DisableMetricExportContextCustomizer@3688eb5b, org.springframework.boot.test.autoconfigure.properties.PropertyMappingContextCustomizer@0, org.springframework.boot.test.autoconfigure.web.servlet.WebDriverContextCustomizerFactory$Customizer@6d167f58, org.springframework.boot.test.context.filter.ExcludeFilterContextCustomizer@19c65cdc, org.springframework.boot.test.json.DuplicateJsonObjectContextCustomizerFactory$DuplicateJsonObjectContextCustomizer@1fb669c3, org.springframework.boot.test.mock.mockito.MockitoContextCustomizer@fd1c9f0a], contextLoader = 'org.springframework.test.context.support.DelegatingSmartContextLoader', parent = [null]]]
23:51:43.425 [Test worker] DEBUG org.springframework.test.context.cache - Spring test ApplicationContext cache statistics: [DefaultContextCache@23b3aa8c size = 3, maxSize = 32, parentContextCount = 0, hitCount = 235, missCount = 3]
23:51:43.425 [Test worker] DEBUG org.springframework.test.context.cache.DefaultCacheAwareContextLoaderDelegate - Retrieved ApplicationContext [312470853] from cache with key [[MergedContextConfiguration@205bed61 testClass = UsersRewardManagerTest, locations = '{}', classes = '{class org.waldreg.reward.users.DefaultUsersRewardManager}', contextInitializerClasses = '[]', activeProfiles = '{}', propertySourceLocations = '{}', propertySourceProperties = '{}', contextCustomizers = set[org.springframework.boot.test.autoconfigure.actuate.metrics.MetricsExportContextCustomizerFactory$DisableMetricExportContextCustomizer@3688eb5b, org.springframework.boot.test.autoconfigure.properties.PropertyMappingContextCustomizer@0, org.springframework.boot.test.autoconfigure.web.servlet.WebDriverContextCustomizerFactory$Customizer@6d167f58, org.springframework.boot.test.context.filter.ExcludeFilterContextCustomizer@19c65cdc, org.springframework.boot.test.json.DuplicateJsonObjectContextCustomizerFactory$DuplicateJsonObjectContextCustomizer@1fb669c3, org.springframework.boot.test.mock.mockito.MockitoContextCustomizer@fd1c9f0a], contextLoader = 'org.springframework.test.context.support.DelegatingSmartContextLoader', parent = [null]]]
23:51:43.426 [Test worker] DEBUG org.springframework.test.context.cache - Spring test ApplicationContext cache statistics: [DefaultContextCache@23b3aa8c size = 3, maxSize = 32, parentContextCount = 0, hitCount = 236, missCount = 3]
23:51:43.426 [Test worker] DEBUG org.springframework.test.context.cache.DefaultCacheAwareContextLoaderDelegate - Retrieved ApplicationContext [312470853] from cache with key [[MergedContextConfiguration@205bed61 testClass = UsersRewardManagerTest, locations = '{}', classes = '{class org.waldreg.reward.users.DefaultUsersRewardManager}', contextInitializerClasses = '[]', activeProfiles = '{}', propertySourceLocations = '{}', propertySourceProperties = '{}', contextCustomizers = set[org.springframework.boot.test.autoconfigure.actuate.metrics.MetricsExportContextCustomizerFactory$DisableMetricExportContextCustomizer@3688eb5b, org.springframework.boot.test.autoconfigure.properties.PropertyMappingContextCustomizer@0, org.springframework.boot.test.autoconfigure.web.servlet.WebDriverContextCustomizerFactory$Customizer@6d167f58, org.springframework.boot.test.context.filter.ExcludeFilterContextCustomizer@19c65cdc, org.springframework.boot.test.json.DuplicateJsonObjectContextCustomizerFactory$DuplicateJsonObjectContextCustomizer@1fb669c3, org.springframework.boot.test.mock.mockito.MockitoContextCustomizer@fd1c9f0a], contextLoader = 'org.springframework.test.context.support.DelegatingSmartContextLoader', parent = [null]]]
23:51:43.426 [Test worker] DEBUG org.springframework.test.context.cache - Spring test ApplicationContext cache statistics: [DefaultContextCache@23b3aa8c size = 3, maxSize = 32, parentContextCount = 0, hitCount = 237, missCount = 3]
23:51:43.426 [Test worker] DEBUG org.springframework.test.context.support.AbstractDirtiesContextTestExecutionListener - After test method: context [DefaultTestContext@23706db8 testClass = UsersRewardManagerTest, testInstance = org.waldreg.reward.users.UsersRewardManagerTest@27e5b378, testMethod = READ_USERS_ASSIGNED_REWARD_HISTORY_SUCCESS_TEST@UsersRewardManagerTest, testException = [null], mergedContextConfiguration = [MergedContextConfiguration@205bed61 testClass = UsersRewardManagerTest, locations = '{}', classes = '{class org.waldreg.reward.users.DefaultUsersRewardManager}', contextInitializerClasses = '[]', activeProfiles = '{}', propertySourceLocations = '{}', propertySourceProperties = '{}', contextCustomizers = set[org.springframework.boot.test.autoconfigure.actuate.metrics.MetricsExportContextCustomizerFactory$DisableMetricExportContextCustomizer@3688eb5b, org.springframework.boot.test.autoconfigure.properties.PropertyMappingContextCustomizer@0, org.springframework.boot.test.autoconfigure.web.servlet.WebDriverContextCustomizerFactory$Customizer@6d167f58, org.springframework.boot.test.context.filter.ExcludeFilterContextCustomizer@19c65cdc, org.springframework.boot.test.json.DuplicateJsonObjectContextCustomizerFactory$DuplicateJsonObjectContextCustomizer@1fb669c3, org.springframework.boot.test.mock.mockito.MockitoContextCustomizer@fd1c9f0a], contextLoader = 'org.springframework.test.context.support.DelegatingSmartContextLoader', parent = [null]], attributes = map['org.springframework.test.context.event.ApplicationEventsTestExecutionListener.recordApplicationEvents' -> false]], class annotated with @DirtiesContext [false] with mode [null], method annotated with @DirtiesContext [false] with mode [null].
23:51:43.426 [Test worker] DEBUG org.springframework.test.context.cache.DefaultCacheAwareContextLoaderDelegate - Retrieved ApplicationContext [312470853] from cache with key [[MergedContextConfiguration@205bed61 testClass = UsersRewardManagerTest, locations = '{}', classes = '{class org.waldreg.reward.users.DefaultUsersRewardManager}', contextInitializerClasses = '[]', activeProfiles = '{}', propertySourceLocations = '{}', propertySourceProperties = '{}', contextCustomizers = set[org.springframework.boot.test.autoconfigure.actuate.metrics.MetricsExportContextCustomizerFactory$DisableMetricExportContextCustomizer@3688eb5b, org.springframework.boot.test.autoconfigure.properties.PropertyMappingContextCustomizer@0, org.springframework.boot.test.autoconfigure.web.servlet.WebDriverContextCustomizerFactory$Customizer@6d167f58, org.springframework.boot.test.context.filter.ExcludeFilterContextCustomizer@19c65cdc, org.springframework.boot.test.json.DuplicateJsonObjectContextCustomizerFactory$DuplicateJsonObjectContextCustomizer@1fb669c3, org.springframework.boot.test.mock.mockito.MockitoContextCustomizer@fd1c9f0a], contextLoader = 'org.springframework.test.context.support.DelegatingSmartContextLoader', parent = [null]]]
23:51:43.426 [Test worker] DEBUG org.springframework.test.context.cache - Spring test ApplicationContext cache statistics: [DefaultContextCache@23b3aa8c size = 3, maxSize = 32, parentContextCount = 0, hitCount = 238, missCount = 3]
23:51:43.426 [Test worker] DEBUG org.springframework.test.context.support.AbstractDirtiesContextTestExecutionListener - After test class: context [DefaultTestContext@23706db8 testClass = UsersRewardManagerTest, testInstance = [null], testMethod = [null], testException = [null], mergedContextConfiguration = [MergedContextConfiguration@205bed61 testClass = UsersRewardManagerTest, locations = '{}', classes = '{class org.waldreg.reward.users.DefaultUsersRewardManager}', contextInitializerClasses = '[]', activeProfiles = '{}', propertySourceLocations = '{}', propertySourceProperties = '{}', contextCustomizers = set[org.springframework.boot.test.autoconfigure.actuate.metrics.MetricsExportContextCustomizerFactory$DisableMetricExportContextCustomizer@3688eb5b, org.springframework.boot.test.autoconfigure.properties.PropertyMappingContextCustomizer@0, org.springframework.boot.test.autoconfigure.web.servlet.WebDriverContextCustomizerFactory$Customizer@6d167f58, org.springframework.boot.test.context.filter.ExcludeFilterContextCustomizer@19c65cdc, org.springframework.boot.test.json.DuplicateJsonObjectContextCustomizerFactory$DuplicateJsonObjectContextCustomizer@1fb669c3, org.springframework.boot.test.mock.mockito.MockitoContextCustomizer@fd1c9f0a], contextLoader = 'org.springframework.test.context.support.DelegatingSmartContextLoader', parent = [null]], attributes = map['org.springframework.test.context.event.ApplicationEventsTestExecutionListener.recordApplicationEvents' -> false]], class annotated with @DirtiesContext [false] with mode [null].
]]></system-out>
  <system-err><![CDATA[]]></system-err>
</testsuite>
