<?xml version="1.0" encoding="UTF-8"?>
<testsuite name="org.waldreg.reward.tag.RewardTagManagerTest" tests="8" skipped="0" failures="0" errors="0" timestamp="2023-02-02T16:05:15" hostname="linirinilinrin" time="0.604">
  <properties/>
  <testcase name="새로운 RewardTag 생성 성공 테스트 - 경계 강제 조정" classname="org.waldreg.reward.tag.RewardTagManagerTest" time="0.247"/>
  <testcase name="RewardTag 삭제 삭제 성공 테스트" classname="org.waldreg.reward.tag.RewardTagManagerTest" time="0.12"/>
  <testcase name="RewardTag 삭제 실패 테스트 - rewardTagId에 해당하는 rewardTag를 찾을 수 없음" classname="org.waldreg.reward.tag.RewardTagManagerTest" time="0.038"/>
  <testcase name="RewardTag 업데이트 성공 테스트" classname="org.waldreg.reward.tag.RewardTagManagerTest" time="0.037"/>
  <testcase name="새로운 RewardTag 생성 성공 테스트" classname="org.waldreg.reward.tag.RewardTagManagerTest" time="0.034"/>
  <testcase name="RewardTag 업데이트 실패 테스트 - reward tag id에 해당하는 reward tag를 찾을 수 없음" classname="org.waldreg.reward.tag.RewardTagManagerTest" time="0.029"/>
  <testcase name="RewardTag 조회 성공 테스트" classname="org.waldreg.reward.tag.RewardTagManagerTest" time="0.051"/>
  <testcase name="RewardTag 업데이트 성공 테스트 - 경계 강제 조정" classname="org.waldreg.reward.tag.RewardTagManagerTest" time="0.035"/>
  <system-out><![CDATA[01:05:09.443 [Test worker] DEBUG org.springframework.test.context.BootstrapUtils - Instantiating CacheAwareContextLoaderDelegate from class [org.springframework.test.context.cache.DefaultCacheAwareContextLoaderDelegate]
01:05:09.555 [Test worker] DEBUG org.springframework.test.context.BootstrapUtils - Instantiating BootstrapContext using constructor [public org.springframework.test.context.support.DefaultBootstrapContext(java.lang.Class,org.springframework.test.context.CacheAwareContextLoaderDelegate)]
01:05:09.757 [Test worker] DEBUG org.springframework.test.context.BootstrapUtils - Instantiating TestContextBootstrapper for test class [org.waldreg.reward.tag.RewardTagManagerTest] from class [org.springframework.test.context.support.DefaultTestContextBootstrapper]
01:05:09.915 [Test worker] DEBUG org.springframework.test.context.support.AbstractDelegatingSmartContextLoader - Delegating to AnnotationConfigContextLoader to process context configuration [ContextConfigurationAttributes@2141a12 declaringClass = 'org.waldreg.reward.tag.RewardTagManagerTest', classes = '{class org.waldreg.reward.tag.DefaultRewardTagManager, class org.waldreg.reward.tag.lib.TagExceedClipper}', locations = '{}', inheritLocations = true, initializers = '{}', inheritInitializers = true, name = [null], contextLoaderClass = 'org.springframework.test.context.ContextLoader'].
01:05:10.301 [Test worker] DEBUG org.springframework.test.context.support.ActiveProfilesUtils - Could not find an 'annotation declaring class' for annotation type [org.springframework.test.context.ActiveProfiles] and class [org.waldreg.reward.tag.RewardTagManagerTest]
01:05:10.305 [Test worker] DEBUG org.springframework.test.context.support.DefaultTestContextBootstrapper - @TestExecutionListeners is not present for class [org.waldreg.reward.tag.RewardTagManagerTest]: using defaults.
01:05:10.309 [Test worker] INFO org.springframework.test.context.support.DefaultTestContextBootstrapper - Loaded default TestExecutionListener class names from location [META-INF/spring.factories]: [org.springframework.boot.test.autoconfigure.restdocs.RestDocsTestExecutionListener, org.springframework.boot.test.autoconfigure.web.client.MockRestServiceServerResetTestExecutionListener, org.springframework.boot.test.autoconfigure.web.servlet.MockMvcPrintOnlyOnFailureTestExecutionListener, org.springframework.boot.test.autoconfigure.web.servlet.WebDriverTestExecutionListener, org.springframework.boot.test.autoconfigure.webservices.client.MockWebServiceServerTestExecutionListener, org.springframework.boot.test.mock.mockito.MockitoTestExecutionListener, org.springframework.boot.test.mock.mockito.ResetMocksTestExecutionListener, org.springframework.test.context.web.ServletTestExecutionListener, org.springframework.test.context.support.DirtiesContextBeforeModesTestExecutionListener, org.springframework.test.context.event.ApplicationEventsTestExecutionListener, org.springframework.test.context.support.DependencyInjectionTestExecutionListener, org.springframework.test.context.support.DirtiesContextTestExecutionListener, org.springframework.test.context.transaction.TransactionalTestExecutionListener, org.springframework.test.context.jdbc.SqlScriptsTestExecutionListener, org.springframework.test.context.event.EventPublishingTestExecutionListener]
01:05:10.402 [Test worker] DEBUG org.springframework.test.context.support.DefaultTestContextBootstrapper - Skipping candidate TestExecutionListener [org.springframework.test.context.transaction.TransactionalTestExecutionListener] due to a missing dependency. Specify custom listener classes or make the default listener classes and their required dependencies available. Offending class: [org/springframework/transaction/interceptor/TransactionAttributeSource]
01:05:10.405 [Test worker] DEBUG org.springframework.test.context.support.DefaultTestContextBootstrapper - Skipping candidate TestExecutionListener [org.springframework.test.context.jdbc.SqlScriptsTestExecutionListener] due to a missing dependency. Specify custom listener classes or make the default listener classes and their required dependencies available. Offending class: [org/springframework/transaction/interceptor/TransactionAttribute]
01:05:10.406 [Test worker] INFO org.springframework.test.context.support.DefaultTestContextBootstrapper - Using TestExecutionListeners: [org.springframework.test.context.web.ServletTestExecutionListener@33308786, org.springframework.test.context.support.DirtiesContextBeforeModesTestExecutionListener@4f9a2c08, org.springframework.test.context.event.ApplicationEventsTestExecutionListener@a87f8ec, org.springframework.boot.test.mock.mockito.MockitoTestExecutionListener@5443d039, org.springframework.test.context.support.DependencyInjectionTestExecutionListener@63787180, org.springframework.test.context.support.DirtiesContextTestExecutionListener@7d1cfb8b, org.springframework.test.context.event.EventPublishingTestExecutionListener@48e92c5c, org.springframework.boot.test.autoconfigure.restdocs.RestDocsTestExecutionListener@2e1ef60, org.springframework.boot.test.autoconfigure.web.client.MockRestServiceServerResetTestExecutionListener@22356acd, org.springframework.boot.test.autoconfigure.web.servlet.MockMvcPrintOnlyOnFailureTestExecutionListener@386f0da3, org.springframework.boot.test.autoconfigure.web.servlet.WebDriverTestExecutionListener@39655d3e, org.springframework.boot.test.autoconfigure.webservices.client.MockWebServiceServerTestExecutionListener@34f22f9d, org.springframework.boot.test.mock.mockito.ResetMocksTestExecutionListener@3d1848cc]
01:05:10.417 [Test worker] DEBUG org.springframework.test.context.support.AbstractDirtiesContextTestExecutionListener - Before test class: context [DefaultTestContext@2a62b5bc testClass = RewardTagManagerTest, testInstance = [null], testMethod = [null], testException = [null], mergedContextConfiguration = [MergedContextConfiguration@53de625d testClass = RewardTagManagerTest, locations = '{}', classes = '{class org.waldreg.reward.tag.DefaultRewardTagManager, class org.waldreg.reward.tag.lib.TagExceedClipper}', contextInitializerClasses = '[]', activeProfiles = '{}', propertySourceLocations = '{}', propertySourceProperties = '{}', contextCustomizers = set[org.springframework.boot.test.autoconfigure.actuate.metrics.MetricsExportContextCustomizerFactory$DisableMetricExportContextCustomizer@4f3bbf68, org.springframework.boot.test.autoconfigure.properties.PropertyMappingContextCustomizer@0, org.springframework.boot.test.autoconfigure.web.servlet.WebDriverContextCustomizerFactory$Customizer@3daf7722, org.springframework.boot.test.context.filter.ExcludeFilterContextCustomizer@1fc32e4f, org.springframework.boot.test.json.DuplicateJsonObjectContextCustomizerFactory$DuplicateJsonObjectContextCustomizer@7efaad5a, org.springframework.boot.test.mock.mockito.MockitoContextCustomizer@4ceec05d], contextLoader = 'org.springframework.test.context.support.DelegatingSmartContextLoader', parent = [null]], attributes = map[[empty]]], class annotated with @DirtiesContext [false] with mode [null].
01:05:10.487 [Test worker] DEBUG org.springframework.test.context.support.AbstractDelegatingSmartContextLoader - Delegating to AnnotationConfigContextLoader to load context from [MergedContextConfiguration@53de625d testClass = RewardTagManagerTest, locations = '{}', classes = '{class org.waldreg.reward.tag.DefaultRewardTagManager, class org.waldreg.reward.tag.lib.TagExceedClipper}', contextInitializerClasses = '[]', activeProfiles = '{}', propertySourceLocations = '{}', propertySourceProperties = '{}', contextCustomizers = set[org.springframework.boot.test.autoconfigure.actuate.metrics.MetricsExportContextCustomizerFactory$DisableMetricExportContextCustomizer@4f3bbf68, org.springframework.boot.test.autoconfigure.properties.PropertyMappingContextCustomizer@0, org.springframework.boot.test.autoconfigure.web.servlet.WebDriverContextCustomizerFactory$Customizer@3daf7722, org.springframework.boot.test.context.filter.ExcludeFilterContextCustomizer@1fc32e4f, org.springframework.boot.test.json.DuplicateJsonObjectContextCustomizerFactory$DuplicateJsonObjectContextCustomizer@7efaad5a, org.springframework.boot.test.mock.mockito.MockitoContextCustomizer@4ceec05d], contextLoader = 'org.springframework.test.context.support.DelegatingSmartContextLoader', parent = [null]].
01:05:10.487 [Test worker] DEBUG org.springframework.test.context.support.AbstractGenericContextLoader - Loading ApplicationContext for merged context configuration [[MergedContextConfiguration@53de625d testClass = RewardTagManagerTest, locations = '{}', classes = '{class org.waldreg.reward.tag.DefaultRewardTagManager, class org.waldreg.reward.tag.lib.TagExceedClipper}', contextInitializerClasses = '[]', activeProfiles = '{}', propertySourceLocations = '{}', propertySourceProperties = '{}', contextCustomizers = set[org.springframework.boot.test.autoconfigure.actuate.metrics.MetricsExportContextCustomizerFactory$DisableMetricExportContextCustomizer@4f3bbf68, org.springframework.boot.test.autoconfigure.properties.PropertyMappingContextCustomizer@0, org.springframework.boot.test.autoconfigure.web.servlet.WebDriverContextCustomizerFactory$Customizer@3daf7722, org.springframework.boot.test.context.filter.ExcludeFilterContextCustomizer@1fc32e4f, org.springframework.boot.test.json.DuplicateJsonObjectContextCustomizerFactory$DuplicateJsonObjectContextCustomizer@7efaad5a, org.springframework.boot.test.mock.mockito.MockitoContextCustomizer@4ceec05d], contextLoader = 'org.springframework.test.context.support.DelegatingSmartContextLoader', parent = [null]]].
01:05:11.106 [Test worker] DEBUG org.springframework.core.env.StandardEnvironment - Activating profiles []
01:05:11.106 [Test worker] DEBUG org.springframework.test.context.support.AnnotationConfigContextLoader - Registering component classes: {class org.waldreg.reward.tag.DefaultRewardTagManager, class org.waldreg.reward.tag.lib.TagExceedClipper}
01:05:11.446 [Test worker] DEBUG org.springframework.context.support.GenericApplicationContext - Refreshing org.springframework.context.support.GenericApplicationContext@2f40e5db
01:05:11.553 [Test worker] DEBUG org.springframework.beans.factory.support.DefaultListableBeanFactory - Creating shared instance of singleton bean 'org.springframework.context.annotation.internalConfigurationAnnotationProcessor'
01:05:11.915 [Test worker] DEBUG org.springframework.beans.factory.support.DefaultListableBeanFactory - Creating shared instance of singleton bean 'org.springframework.boot.test.mock.mockito.MockitoPostProcessor'
01:05:15.108 [Test worker] DEBUG org.springframework.beans.factory.support.DefaultListableBeanFactory - Creating shared instance of singleton bean 'org.springframework.context.event.internalEventListenerProcessor'
01:05:15.117 [Test worker] DEBUG org.springframework.beans.factory.support.DefaultListableBeanFactory - Creating shared instance of singleton bean 'org.springframework.context.event.internalEventListenerFactory'
01:05:15.121 [Test worker] DEBUG org.springframework.beans.factory.support.DefaultListableBeanFactory - Creating shared instance of singleton bean 'org.springframework.context.annotation.internalAutowiredAnnotationProcessor'
01:05:15.132 [Test worker] DEBUG org.springframework.beans.factory.support.DefaultListableBeanFactory - Creating shared instance of singleton bean 'org.springframework.context.annotation.internalCommonAnnotationProcessor'
01:05:15.165 [Test worker] DEBUG org.springframework.beans.factory.support.DefaultListableBeanFactory - Creating shared instance of singleton bean 'org.springframework.boot.test.mock.mockito.MockitoPostProcessor$SpyPostProcessor'
01:05:15.264 [Test worker] DEBUG org.springframework.beans.factory.support.DefaultListableBeanFactory - Creating shared instance of singleton bean 'defaultRewardTagManager'
01:05:15.309 [Test worker] DEBUG org.springframework.beans.factory.support.DefaultListableBeanFactory - Creating shared instance of singleton bean 'tagExceedClipper'
01:05:15.378 [Test worker] DEBUG org.springframework.beans.factory.support.DefaultListableBeanFactory - Autowiring by type from bean name 'defaultRewardTagManager' via constructor to bean named 'org.waldreg.reward.tag.spi.RewardTagRepository#0'
01:05:15.378 [Test worker] DEBUG org.springframework.beans.factory.support.DefaultListableBeanFactory - Autowiring by type from bean name 'defaultRewardTagManager' via constructor to bean named 'tagExceedClipper'
01:05:15.475 [Test worker] DEBUG org.springframework.test.context.cache.DefaultCacheAwareContextLoaderDelegate - Storing ApplicationContext [792782299] in cache under key [[MergedContextConfiguration@53de625d testClass = RewardTagManagerTest, locations = '{}', classes = '{class org.waldreg.reward.tag.DefaultRewardTagManager, class org.waldreg.reward.tag.lib.TagExceedClipper}', contextInitializerClasses = '[]', activeProfiles = '{}', propertySourceLocations = '{}', propertySourceProperties = '{}', contextCustomizers = set[org.springframework.boot.test.autoconfigure.actuate.metrics.MetricsExportContextCustomizerFactory$DisableMetricExportContextCustomizer@4f3bbf68, org.springframework.boot.test.autoconfigure.properties.PropertyMappingContextCustomizer@0, org.springframework.boot.test.autoconfigure.web.servlet.WebDriverContextCustomizerFactory$Customizer@3daf7722, org.springframework.boot.test.context.filter.ExcludeFilterContextCustomizer@1fc32e4f, org.springframework.boot.test.json.DuplicateJsonObjectContextCustomizerFactory$DuplicateJsonObjectContextCustomizer@7efaad5a, org.springframework.boot.test.mock.mockito.MockitoContextCustomizer@4ceec05d], contextLoader = 'org.springframework.test.context.support.DelegatingSmartContextLoader', parent = [null]]]
01:05:15.475 [Test worker] DEBUG org.springframework.test.context.cache - Spring test ApplicationContext cache statistics: [DefaultContextCache@5782d777 size = 1, maxSize = 32, parentContextCount = 0, hitCount = 0, missCount = 1]
01:05:15.482 [Test worker] DEBUG org.springframework.test.context.support.DependencyInjectionTestExecutionListener - Performing dependency injection for test context [[DefaultTestContext@2a62b5bc testClass = RewardTagManagerTest, testInstance = org.waldreg.reward.tag.RewardTagManagerTest@1e008f36, testMethod = [null], testException = [null], mergedContextConfiguration = [MergedContextConfiguration@53de625d testClass = RewardTagManagerTest, locations = '{}', classes = '{class org.waldreg.reward.tag.DefaultRewardTagManager, class org.waldreg.reward.tag.lib.TagExceedClipper}', contextInitializerClasses = '[]', activeProfiles = '{}', propertySourceLocations = '{}', propertySourceProperties = '{}', contextCustomizers = set[org.springframework.boot.test.autoconfigure.actuate.metrics.MetricsExportContextCustomizerFactory$DisableMetricExportContextCustomizer@4f3bbf68, org.springframework.boot.test.autoconfigure.properties.PropertyMappingContextCustomizer@0, org.springframework.boot.test.autoconfigure.web.servlet.WebDriverContextCustomizerFactory$Customizer@3daf7722, org.springframework.boot.test.context.filter.ExcludeFilterContextCustomizer@1fc32e4f, org.springframework.boot.test.json.DuplicateJsonObjectContextCustomizerFactory$DuplicateJsonObjectContextCustomizer@7efaad5a, org.springframework.boot.test.mock.mockito.MockitoContextCustomizer@4ceec05d], contextLoader = 'org.springframework.test.context.support.DelegatingSmartContextLoader', parent = [null]], attributes = map['org.springframework.test.context.event.ApplicationEventsTestExecutionListener.recordApplicationEvents' -> false]]].
01:05:15.483 [Test worker] DEBUG org.springframework.test.context.cache.DefaultCacheAwareContextLoaderDelegate - Retrieved ApplicationContext [792782299] from cache with key [[MergedContextConfiguration@53de625d testClass = RewardTagManagerTest, locations = '{}', classes = '{class org.waldreg.reward.tag.DefaultRewardTagManager, class org.waldreg.reward.tag.lib.TagExceedClipper}', contextInitializerClasses = '[]', activeProfiles = '{}', propertySourceLocations = '{}', propertySourceProperties = '{}', contextCustomizers = set[org.springframework.boot.test.autoconfigure.actuate.metrics.MetricsExportContextCustomizerFactory$DisableMetricExportContextCustomizer@4f3bbf68, org.springframework.boot.test.autoconfigure.properties.PropertyMappingContextCustomizer@0, org.springframework.boot.test.autoconfigure.web.servlet.WebDriverContextCustomizerFactory$Customizer@3daf7722, org.springframework.boot.test.context.filter.ExcludeFilterContextCustomizer@1fc32e4f, org.springframework.boot.test.json.DuplicateJsonObjectContextCustomizerFactory$DuplicateJsonObjectContextCustomizer@7efaad5a, org.springframework.boot.test.mock.mockito.MockitoContextCustomizer@4ceec05d], contextLoader = 'org.springframework.test.context.support.DelegatingSmartContextLoader', parent = [null]]]
01:05:15.484 [Test worker] DEBUG org.springframework.test.context.cache - Spring test ApplicationContext cache statistics: [DefaultContextCache@5782d777 size = 1, maxSize = 32, parentContextCount = 0, hitCount = 1, missCount = 1]
01:05:15.520 [Test worker] DEBUG org.springframework.test.context.cache.DefaultCacheAwareContextLoaderDelegate - Retrieved ApplicationContext [792782299] from cache with key [[MergedContextConfiguration@53de625d testClass = RewardTagManagerTest, locations = '{}', classes = '{class org.waldreg.reward.tag.DefaultRewardTagManager, class org.waldreg.reward.tag.lib.TagExceedClipper}', contextInitializerClasses = '[]', activeProfiles = '{}', propertySourceLocations = '{}', propertySourceProperties = '{}', contextCustomizers = set[org.springframework.boot.test.autoconfigure.actuate.metrics.MetricsExportContextCustomizerFactory$DisableMetricExportContextCustomizer@4f3bbf68, org.springframework.boot.test.autoconfigure.properties.PropertyMappingContextCustomizer@0, org.springframework.boot.test.autoconfigure.web.servlet.WebDriverContextCustomizerFactory$Customizer@3daf7722, org.springframework.boot.test.context.filter.ExcludeFilterContextCustomizer@1fc32e4f, org.springframework.boot.test.json.DuplicateJsonObjectContextCustomizerFactory$DuplicateJsonObjectContextCustomizer@7efaad5a, org.springframework.boot.test.mock.mockito.MockitoContextCustomizer@4ceec05d], contextLoader = 'org.springframework.test.context.support.DelegatingSmartContextLoader', parent = [null]]]
01:05:15.520 [Test worker] DEBUG org.springframework.test.context.cache - Spring test ApplicationContext cache statistics: [DefaultContextCache@5782d777 size = 1, maxSize = 32, parentContextCount = 0, hitCount = 2, missCount = 1]
01:05:15.541 [Test worker] DEBUG org.springframework.test.context.support.AbstractDirtiesContextTestExecutionListener - Before test method: context [DefaultTestContext@2a62b5bc testClass = RewardTagManagerTest, testInstance = org.waldreg.reward.tag.RewardTagManagerTest@1e008f36, testMethod = CREATE_NEW_REWARD_TAG_SUCCESS_MODIFY_EXCEED_BORDER_TEST@RewardTagManagerTest, testException = [null], mergedContextConfiguration = [MergedContextConfiguration@53de625d testClass = RewardTagManagerTest, locations = '{}', classes = '{class org.waldreg.reward.tag.DefaultRewardTagManager, class org.waldreg.reward.tag.lib.TagExceedClipper}', contextInitializerClasses = '[]', activeProfiles = '{}', propertySourceLocations = '{}', propertySourceProperties = '{}', contextCustomizers = set[org.springframework.boot.test.autoconfigure.actuate.metrics.MetricsExportContextCustomizerFactory$DisableMetricExportContextCustomizer@4f3bbf68, org.springframework.boot.test.autoconfigure.properties.PropertyMappingContextCustomizer@0, org.springframework.boot.test.autoconfigure.web.servlet.WebDriverContextCustomizerFactory$Customizer@3daf7722, org.springframework.boot.test.context.filter.ExcludeFilterContextCustomizer@1fc32e4f, org.springframework.boot.test.json.DuplicateJsonObjectContextCustomizerFactory$DuplicateJsonObjectContextCustomizer@7efaad5a, org.springframework.boot.test.mock.mockito.MockitoContextCustomizer@4ceec05d], contextLoader = 'org.springframework.test.context.support.DelegatingSmartContextLoader', parent = [null]], attributes = map['org.springframework.test.context.event.ApplicationEventsTestExecutionListener.recordApplicationEvents' -> false]], class annotated with @DirtiesContext [false] with mode [null], method annotated with @DirtiesContext [false] with mode [null].
01:05:15.546 [Test worker] DEBUG org.springframework.test.context.cache.DefaultCacheAwareContextLoaderDelegate - Retrieved ApplicationContext [792782299] from cache with key [[MergedContextConfiguration@53de625d testClass = RewardTagManagerTest, locations = '{}', classes = '{class org.waldreg.reward.tag.DefaultRewardTagManager, class org.waldreg.reward.tag.lib.TagExceedClipper}', contextInitializerClasses = '[]', activeProfiles = '{}', propertySourceLocations = '{}', propertySourceProperties = '{}', contextCustomizers = set[org.springframework.boot.test.autoconfigure.actuate.metrics.MetricsExportContextCustomizerFactory$DisableMetricExportContextCustomizer@4f3bbf68, org.springframework.boot.test.autoconfigure.properties.PropertyMappingContextCustomizer@0, org.springframework.boot.test.autoconfigure.web.servlet.WebDriverContextCustomizerFactory$Customizer@3daf7722, org.springframework.boot.test.context.filter.ExcludeFilterContextCustomizer@1fc32e4f, org.springframework.boot.test.json.DuplicateJsonObjectContextCustomizerFactory$DuplicateJsonObjectContextCustomizer@7efaad5a, org.springframework.boot.test.mock.mockito.MockitoContextCustomizer@4ceec05d], contextLoader = 'org.springframework.test.context.support.DelegatingSmartContextLoader', parent = [null]]]
01:05:15.546 [Test worker] DEBUG org.springframework.test.context.cache - Spring test ApplicationContext cache statistics: [DefaultContextCache@5782d777 size = 1, maxSize = 32, parentContextCount = 0, hitCount = 3, missCount = 1]
01:05:15.554 [Test worker] DEBUG org.springframework.test.context.cache.DefaultCacheAwareContextLoaderDelegate - Retrieved ApplicationContext [792782299] from cache with key [[MergedContextConfiguration@53de625d testClass = RewardTagManagerTest, locations = '{}', classes = '{class org.waldreg.reward.tag.DefaultRewardTagManager, class org.waldreg.reward.tag.lib.TagExceedClipper}', contextInitializerClasses = '[]', activeProfiles = '{}', propertySourceLocations = '{}', propertySourceProperties = '{}', contextCustomizers = set[org.springframework.boot.test.autoconfigure.actuate.metrics.MetricsExportContextCustomizerFactory$DisableMetricExportContextCustomizer@4f3bbf68, org.springframework.boot.test.autoconfigure.properties.PropertyMappingContextCustomizer@0, org.springframework.boot.test.autoconfigure.web.servlet.WebDriverContextCustomizerFactory$Customizer@3daf7722, org.springframework.boot.test.context.filter.ExcludeFilterContextCustomizer@1fc32e4f, org.springframework.boot.test.json.DuplicateJsonObjectContextCustomizerFactory$DuplicateJsonObjectContextCustomizer@7efaad5a, org.springframework.boot.test.mock.mockito.MockitoContextCustomizer@4ceec05d], contextLoader = 'org.springframework.test.context.support.DelegatingSmartContextLoader', parent = [null]]]
01:05:15.554 [Test worker] DEBUG org.springframework.test.context.cache - Spring test ApplicationContext cache statistics: [DefaultContextCache@5782d777 size = 1, maxSize = 32, parentContextCount = 0, hitCount = 4, missCount = 1]
01:05:15.582 [Test worker] DEBUG org.springframework.test.context.cache.DefaultCacheAwareContextLoaderDelegate - Retrieved ApplicationContext [792782299] from cache with key [[MergedContextConfiguration@53de625d testClass = RewardTagManagerTest, locations = '{}', classes = '{class org.waldreg.reward.tag.DefaultRewardTagManager, class org.waldreg.reward.tag.lib.TagExceedClipper}', contextInitializerClasses = '[]', activeProfiles = '{}', propertySourceLocations = '{}', propertySourceProperties = '{}', contextCustomizers = set[org.springframework.boot.test.autoconfigure.actuate.metrics.MetricsExportContextCustomizerFactory$DisableMetricExportContextCustomizer@4f3bbf68, org.springframework.boot.test.autoconfigure.properties.PropertyMappingContextCustomizer@0, org.springframework.boot.test.autoconfigure.web.servlet.WebDriverContextCustomizerFactory$Customizer@3daf7722, org.springframework.boot.test.context.filter.ExcludeFilterContextCustomizer@1fc32e4f, org.springframework.boot.test.json.DuplicateJsonObjectContextCustomizerFactory$DuplicateJsonObjectContextCustomizer@7efaad5a, org.springframework.boot.test.mock.mockito.MockitoContextCustomizer@4ceec05d], contextLoader = 'org.springframework.test.context.support.DelegatingSmartContextLoader', parent = [null]]]
01:05:15.582 [Test worker] DEBUG org.springframework.test.context.cache - Spring test ApplicationContext cache statistics: [DefaultContextCache@5782d777 size = 1, maxSize = 32, parentContextCount = 0, hitCount = 5, missCount = 1]
01:05:15.729 [Test worker] DEBUG org.springframework.test.context.cache.DefaultCacheAwareContextLoaderDelegate - Retrieved ApplicationContext [792782299] from cache with key [[MergedContextConfiguration@53de625d testClass = RewardTagManagerTest, locations = '{}', classes = '{class org.waldreg.reward.tag.DefaultRewardTagManager, class org.waldreg.reward.tag.lib.TagExceedClipper}', contextInitializerClasses = '[]', activeProfiles = '{}', propertySourceLocations = '{}', propertySourceProperties = '{}', contextCustomizers = set[org.springframework.boot.test.autoconfigure.actuate.metrics.MetricsExportContextCustomizerFactory$DisableMetricExportContextCustomizer@4f3bbf68, org.springframework.boot.test.autoconfigure.properties.PropertyMappingContextCustomizer@0, org.springframework.boot.test.autoconfigure.web.servlet.WebDriverContextCustomizerFactory$Customizer@3daf7722, org.springframework.boot.test.context.filter.ExcludeFilterContextCustomizer@1fc32e4f, org.springframework.boot.test.json.DuplicateJsonObjectContextCustomizerFactory$DuplicateJsonObjectContextCustomizer@7efaad5a, org.springframework.boot.test.mock.mockito.MockitoContextCustomizer@4ceec05d], contextLoader = 'org.springframework.test.context.support.DelegatingSmartContextLoader', parent = [null]]]
01:05:15.730 [Test worker] DEBUG org.springframework.test.context.cache - Spring test ApplicationContext cache statistics: [DefaultContextCache@5782d777 size = 1, maxSize = 32, parentContextCount = 0, hitCount = 6, missCount = 1]
01:05:15.730 [Test worker] DEBUG org.springframework.test.context.cache.DefaultCacheAwareContextLoaderDelegate - Retrieved ApplicationContext [792782299] from cache with key [[MergedContextConfiguration@53de625d testClass = RewardTagManagerTest, locations = '{}', classes = '{class org.waldreg.reward.tag.DefaultRewardTagManager, class org.waldreg.reward.tag.lib.TagExceedClipper}', contextInitializerClasses = '[]', activeProfiles = '{}', propertySourceLocations = '{}', propertySourceProperties = '{}', contextCustomizers = set[org.springframework.boot.test.autoconfigure.actuate.metrics.MetricsExportContextCustomizerFactory$DisableMetricExportContextCustomizer@4f3bbf68, org.springframework.boot.test.autoconfigure.properties.PropertyMappingContextCustomizer@0, org.springframework.boot.test.autoconfigure.web.servlet.WebDriverContextCustomizerFactory$Customizer@3daf7722, org.springframework.boot.test.context.filter.ExcludeFilterContextCustomizer@1fc32e4f, org.springframework.boot.test.json.DuplicateJsonObjectContextCustomizerFactory$DuplicateJsonObjectContextCustomizer@7efaad5a, org.springframework.boot.test.mock.mockito.MockitoContextCustomizer@4ceec05d], contextLoader = 'org.springframework.test.context.support.DelegatingSmartContextLoader', parent = [null]]]
01:05:15.730 [Test worker] DEBUG org.springframework.test.context.cache - Spring test ApplicationContext cache statistics: [DefaultContextCache@5782d777 size = 1, maxSize = 32, parentContextCount = 0, hitCount = 7, missCount = 1]
01:05:15.739 [Test worker] DEBUG org.springframework.test.context.cache.DefaultCacheAwareContextLoaderDelegate - Retrieved ApplicationContext [792782299] from cache with key [[MergedContextConfiguration@53de625d testClass = RewardTagManagerTest, locations = '{}', classes = '{class org.waldreg.reward.tag.DefaultRewardTagManager, class org.waldreg.reward.tag.lib.TagExceedClipper}', contextInitializerClasses = '[]', activeProfiles = '{}', propertySourceLocations = '{}', propertySourceProperties = '{}', contextCustomizers = set[org.springframework.boot.test.autoconfigure.actuate.metrics.MetricsExportContextCustomizerFactory$DisableMetricExportContextCustomizer@4f3bbf68, org.springframework.boot.test.autoconfigure.properties.PropertyMappingContextCustomizer@0, org.springframework.boot.test.autoconfigure.web.servlet.WebDriverContextCustomizerFactory$Customizer@3daf7722, org.springframework.boot.test.context.filter.ExcludeFilterContextCustomizer@1fc32e4f, org.springframework.boot.test.json.DuplicateJsonObjectContextCustomizerFactory$DuplicateJsonObjectContextCustomizer@7efaad5a, org.springframework.boot.test.mock.mockito.MockitoContextCustomizer@4ceec05d], contextLoader = 'org.springframework.test.context.support.DelegatingSmartContextLoader', parent = [null]]]
01:05:15.740 [Test worker] DEBUG org.springframework.test.context.cache - Spring test ApplicationContext cache statistics: [DefaultContextCache@5782d777 size = 1, maxSize = 32, parentContextCount = 0, hitCount = 8, missCount = 1]
01:05:15.740 [Test worker] DEBUG org.springframework.test.context.cache.DefaultCacheAwareContextLoaderDelegate - Retrieved ApplicationContext [792782299] from cache with key [[MergedContextConfiguration@53de625d testClass = RewardTagManagerTest, locations = '{}', classes = '{class org.waldreg.reward.tag.DefaultRewardTagManager, class org.waldreg.reward.tag.lib.TagExceedClipper}', contextInitializerClasses = '[]', activeProfiles = '{}', propertySourceLocations = '{}', propertySourceProperties = '{}', contextCustomizers = set[org.springframework.boot.test.autoconfigure.actuate.metrics.MetricsExportContextCustomizerFactory$DisableMetricExportContextCustomizer@4f3bbf68, org.springframework.boot.test.autoconfigure.properties.PropertyMappingContextCustomizer@0, org.springframework.boot.test.autoconfigure.web.servlet.WebDriverContextCustomizerFactory$Customizer@3daf7722, org.springframework.boot.test.context.filter.ExcludeFilterContextCustomizer@1fc32e4f, org.springframework.boot.test.json.DuplicateJsonObjectContextCustomizerFactory$DuplicateJsonObjectContextCustomizer@7efaad5a, org.springframework.boot.test.mock.mockito.MockitoContextCustomizer@4ceec05d], contextLoader = 'org.springframework.test.context.support.DelegatingSmartContextLoader', parent = [null]]]
01:05:15.740 [Test worker] DEBUG org.springframework.test.context.cache - Spring test ApplicationContext cache statistics: [DefaultContextCache@5782d777 size = 1, maxSize = 32, parentContextCount = 0, hitCount = 9, missCount = 1]
01:05:15.747 [Test worker] DEBUG org.springframework.test.context.cache.DefaultCacheAwareContextLoaderDelegate - Retrieved ApplicationContext [792782299] from cache with key [[MergedContextConfiguration@53de625d testClass = RewardTagManagerTest, locations = '{}', classes = '{class org.waldreg.reward.tag.DefaultRewardTagManager, class org.waldreg.reward.tag.lib.TagExceedClipper}', contextInitializerClasses = '[]', activeProfiles = '{}', propertySourceLocations = '{}', propertySourceProperties = '{}', contextCustomizers = set[org.springframework.boot.test.autoconfigure.actuate.metrics.MetricsExportContextCustomizerFactory$DisableMetricExportContextCustomizer@4f3bbf68, org.springframework.boot.test.autoconfigure.properties.PropertyMappingContextCustomizer@0, org.springframework.boot.test.autoconfigure.web.servlet.WebDriverContextCustomizerFactory$Customizer@3daf7722, org.springframework.boot.test.context.filter.ExcludeFilterContextCustomizer@1fc32e4f, org.springframework.boot.test.json.DuplicateJsonObjectContextCustomizerFactory$DuplicateJsonObjectContextCustomizer@7efaad5a, org.springframework.boot.test.mock.mockito.MockitoContextCustomizer@4ceec05d], contextLoader = 'org.springframework.test.context.support.DelegatingSmartContextLoader', parent = [null]]]
01:05:15.748 [Test worker] DEBUG org.springframework.test.context.cache - Spring test ApplicationContext cache statistics: [DefaultContextCache@5782d777 size = 1, maxSize = 32, parentContextCount = 0, hitCount = 10, missCount = 1]
01:05:15.762 [Test worker] DEBUG org.springframework.test.context.cache.DefaultCacheAwareContextLoaderDelegate - Retrieved ApplicationContext [792782299] from cache with key [[MergedContextConfiguration@53de625d testClass = RewardTagManagerTest, locations = '{}', classes = '{class org.waldreg.reward.tag.DefaultRewardTagManager, class org.waldreg.reward.tag.lib.TagExceedClipper}', contextInitializerClasses = '[]', activeProfiles = '{}', propertySourceLocations = '{}', propertySourceProperties = '{}', contextCustomizers = set[org.springframework.boot.test.autoconfigure.actuate.metrics.MetricsExportContextCustomizerFactory$DisableMetricExportContextCustomizer@4f3bbf68, org.springframework.boot.test.autoconfigure.properties.PropertyMappingContextCustomizer@0, org.springframework.boot.test.autoconfigure.web.servlet.WebDriverContextCustomizerFactory$Customizer@3daf7722, org.springframework.boot.test.context.filter.ExcludeFilterContextCustomizer@1fc32e4f, org.springframework.boot.test.json.DuplicateJsonObjectContextCustomizerFactory$DuplicateJsonObjectContextCustomizer@7efaad5a, org.springframework.boot.test.mock.mockito.MockitoContextCustomizer@4ceec05d], contextLoader = 'org.springframework.test.context.support.DelegatingSmartContextLoader', parent = [null]]]
01:05:15.762 [Test worker] DEBUG org.springframework.test.context.cache - Spring test ApplicationContext cache statistics: [DefaultContextCache@5782d777 size = 1, maxSize = 32, parentContextCount = 0, hitCount = 11, missCount = 1]
01:05:15.762 [Test worker] DEBUG org.springframework.test.context.support.AbstractDirtiesContextTestExecutionListener - After test method: context [DefaultTestContext@2a62b5bc testClass = RewardTagManagerTest, testInstance = org.waldreg.reward.tag.RewardTagManagerTest@1e008f36, testMethod = CREATE_NEW_REWARD_TAG_SUCCESS_MODIFY_EXCEED_BORDER_TEST@RewardTagManagerTest, testException = [null], mergedContextConfiguration = [MergedContextConfiguration@53de625d testClass = RewardTagManagerTest, locations = '{}', classes = '{class org.waldreg.reward.tag.DefaultRewardTagManager, class org.waldreg.reward.tag.lib.TagExceedClipper}', contextInitializerClasses = '[]', activeProfiles = '{}', propertySourceLocations = '{}', propertySourceProperties = '{}', contextCustomizers = set[org.springframework.boot.test.autoconfigure.actuate.metrics.MetricsExportContextCustomizerFactory$DisableMetricExportContextCustomizer@4f3bbf68, org.springframework.boot.test.autoconfigure.properties.PropertyMappingContextCustomizer@0, org.springframework.boot.test.autoconfigure.web.servlet.WebDriverContextCustomizerFactory$Customizer@3daf7722, org.springframework.boot.test.context.filter.ExcludeFilterContextCustomizer@1fc32e4f, org.springframework.boot.test.json.DuplicateJsonObjectContextCustomizerFactory$DuplicateJsonObjectContextCustomizer@7efaad5a, org.springframework.boot.test.mock.mockito.MockitoContextCustomizer@4ceec05d], contextLoader = 'org.springframework.test.context.support.DelegatingSmartContextLoader', parent = [null]], attributes = map['org.springframework.test.context.event.ApplicationEventsTestExecutionListener.recordApplicationEvents' -> false]], class annotated with @DirtiesContext [false] with mode [null], method annotated with @DirtiesContext [false] with mode [null].
01:05:15.783 [Test worker] DEBUG org.springframework.test.context.cache.DefaultCacheAwareContextLoaderDelegate - Retrieved ApplicationContext [792782299] from cache with key [[MergedContextConfiguration@53de625d testClass = RewardTagManagerTest, locations = '{}', classes = '{class org.waldreg.reward.tag.DefaultRewardTagManager, class org.waldreg.reward.tag.lib.TagExceedClipper}', contextInitializerClasses = '[]', activeProfiles = '{}', propertySourceLocations = '{}', propertySourceProperties = '{}', contextCustomizers = set[org.springframework.boot.test.autoconfigure.actuate.metrics.MetricsExportContextCustomizerFactory$DisableMetricExportContextCustomizer@4f3bbf68, org.springframework.boot.test.autoconfigure.properties.PropertyMappingContextCustomizer@0, org.springframework.boot.test.autoconfigure.web.servlet.WebDriverContextCustomizerFactory$Customizer@3daf7722, org.springframework.boot.test.context.filter.ExcludeFilterContextCustomizer@1fc32e4f, org.springframework.boot.test.json.DuplicateJsonObjectContextCustomizerFactory$DuplicateJsonObjectContextCustomizer@7efaad5a, org.springframework.boot.test.mock.mockito.MockitoContextCustomizer@4ceec05d], contextLoader = 'org.springframework.test.context.support.DelegatingSmartContextLoader', parent = [null]]]
01:05:15.783 [Test worker] DEBUG org.springframework.test.context.cache - Spring test ApplicationContext cache statistics: [DefaultContextCache@5782d777 size = 1, maxSize = 32, parentContextCount = 0, hitCount = 12, missCount = 1]
01:05:15.783 [Test worker] DEBUG org.springframework.test.context.support.DependencyInjectionTestExecutionListener - Performing dependency injection for test context [[DefaultTestContext@2a62b5bc testClass = RewardTagManagerTest, testInstance = org.waldreg.reward.tag.RewardTagManagerTest@100c567f, testMethod = [null], testException = [null], mergedContextConfiguration = [MergedContextConfiguration@53de625d testClass = RewardTagManagerTest, locations = '{}', classes = '{class org.waldreg.reward.tag.DefaultRewardTagManager, class org.waldreg.reward.tag.lib.TagExceedClipper}', contextInitializerClasses = '[]', activeProfiles = '{}', propertySourceLocations = '{}', propertySourceProperties = '{}', contextCustomizers = set[org.springframework.boot.test.autoconfigure.actuate.metrics.MetricsExportContextCustomizerFactory$DisableMetricExportContextCustomizer@4f3bbf68, org.springframework.boot.test.autoconfigure.properties.PropertyMappingContextCustomizer@0, org.springframework.boot.test.autoconfigure.web.servlet.WebDriverContextCustomizerFactory$Customizer@3daf7722, org.springframework.boot.test.context.filter.ExcludeFilterContextCustomizer@1fc32e4f, org.springframework.boot.test.json.DuplicateJsonObjectContextCustomizerFactory$DuplicateJsonObjectContextCustomizer@7efaad5a, org.springframework.boot.test.mock.mockito.MockitoContextCustomizer@4ceec05d], contextLoader = 'org.springframework.test.context.support.DelegatingSmartContextLoader', parent = [null]], attributes = map['org.springframework.test.context.event.ApplicationEventsTestExecutionListener.recordApplicationEvents' -> false]]].
01:05:15.783 [Test worker] DEBUG org.springframework.test.context.cache.DefaultCacheAwareContextLoaderDelegate - Retrieved ApplicationContext [792782299] from cache with key [[MergedContextConfiguration@53de625d testClass = RewardTagManagerTest, locations = '{}', classes = '{class org.waldreg.reward.tag.DefaultRewardTagManager, class org.waldreg.reward.tag.lib.TagExceedClipper}', contextInitializerClasses = '[]', activeProfiles = '{}', propertySourceLocations = '{}', propertySourceProperties = '{}', contextCustomizers = set[org.springframework.boot.test.autoconfigure.actuate.metrics.MetricsExportContextCustomizerFactory$DisableMetricExportContextCustomizer@4f3bbf68, org.springframework.boot.test.autoconfigure.properties.PropertyMappingContextCustomizer@0, org.springframework.boot.test.autoconfigure.web.servlet.WebDriverContextCustomizerFactory$Customizer@3daf7722, org.springframework.boot.test.context.filter.ExcludeFilterContextCustomizer@1fc32e4f, org.springframework.boot.test.json.DuplicateJsonObjectContextCustomizerFactory$DuplicateJsonObjectContextCustomizer@7efaad5a, org.springframework.boot.test.mock.mockito.MockitoContextCustomizer@4ceec05d], contextLoader = 'org.springframework.test.context.support.DelegatingSmartContextLoader', parent = [null]]]
01:05:15.783 [Test worker] DEBUG org.springframework.test.context.cache - Spring test ApplicationContext cache statistics: [DefaultContextCache@5782d777 size = 1, maxSize = 32, parentContextCount = 0, hitCount = 13, missCount = 1]
01:05:15.783 [Test worker] DEBUG org.springframework.test.context.cache.DefaultCacheAwareContextLoaderDelegate - Retrieved ApplicationContext [792782299] from cache with key [[MergedContextConfiguration@53de625d testClass = RewardTagManagerTest, locations = '{}', classes = '{class org.waldreg.reward.tag.DefaultRewardTagManager, class org.waldreg.reward.tag.lib.TagExceedClipper}', contextInitializerClasses = '[]', activeProfiles = '{}', propertySourceLocations = '{}', propertySourceProperties = '{}', contextCustomizers = set[org.springframework.boot.test.autoconfigure.actuate.metrics.MetricsExportContextCustomizerFactory$DisableMetricExportContextCustomizer@4f3bbf68, org.springframework.boot.test.autoconfigure.properties.PropertyMappingContextCustomizer@0, org.springframework.boot.test.autoconfigure.web.servlet.WebDriverContextCustomizerFactory$Customizer@3daf7722, org.springframework.boot.test.context.filter.ExcludeFilterContextCustomizer@1fc32e4f, org.springframework.boot.test.json.DuplicateJsonObjectContextCustomizerFactory$DuplicateJsonObjectContextCustomizer@7efaad5a, org.springframework.boot.test.mock.mockito.MockitoContextCustomizer@4ceec05d], contextLoader = 'org.springframework.test.context.support.DelegatingSmartContextLoader', parent = [null]]]
01:05:15.784 [Test worker] DEBUG org.springframework.test.context.cache - Spring test ApplicationContext cache statistics: [DefaultContextCache@5782d777 size = 1, maxSize = 32, parentContextCount = 0, hitCount = 14, missCount = 1]
01:05:15.784 [Test worker] DEBUG org.springframework.test.context.support.AbstractDirtiesContextTestExecutionListener - Before test method: context [DefaultTestContext@2a62b5bc testClass = RewardTagManagerTest, testInstance = org.waldreg.reward.tag.RewardTagManagerTest@100c567f, testMethod = DELETE_REWARD_TAG_SUCCESS_TEST@RewardTagManagerTest, testException = [null], mergedContextConfiguration = [MergedContextConfiguration@53de625d testClass = RewardTagManagerTest, locations = '{}', classes = '{class org.waldreg.reward.tag.DefaultRewardTagManager, class org.waldreg.reward.tag.lib.TagExceedClipper}', contextInitializerClasses = '[]', activeProfiles = '{}', propertySourceLocations = '{}', propertySourceProperties = '{}', contextCustomizers = set[org.springframework.boot.test.autoconfigure.actuate.metrics.MetricsExportContextCustomizerFactory$DisableMetricExportContextCustomizer@4f3bbf68, org.springframework.boot.test.autoconfigure.properties.PropertyMappingContextCustomizer@0, org.springframework.boot.test.autoconfigure.web.servlet.WebDriverContextCustomizerFactory$Customizer@3daf7722, org.springframework.boot.test.context.filter.ExcludeFilterContextCustomizer@1fc32e4f, org.springframework.boot.test.json.DuplicateJsonObjectContextCustomizerFactory$DuplicateJsonObjectContextCustomizer@7efaad5a, org.springframework.boot.test.mock.mockito.MockitoContextCustomizer@4ceec05d], contextLoader = 'org.springframework.test.context.support.DelegatingSmartContextLoader', parent = [null]], attributes = map['org.springframework.test.context.event.ApplicationEventsTestExecutionListener.recordApplicationEvents' -> false]], class annotated with @DirtiesContext [false] with mode [null], method annotated with @DirtiesContext [false] with mode [null].
01:05:15.784 [Test worker] DEBUG org.springframework.test.context.cache.DefaultCacheAwareContextLoaderDelegate - Retrieved ApplicationContext [792782299] from cache with key [[MergedContextConfiguration@53de625d testClass = RewardTagManagerTest, locations = '{}', classes = '{class org.waldreg.reward.tag.DefaultRewardTagManager, class org.waldreg.reward.tag.lib.TagExceedClipper}', contextInitializerClasses = '[]', activeProfiles = '{}', propertySourceLocations = '{}', propertySourceProperties = '{}', contextCustomizers = set[org.springframework.boot.test.autoconfigure.actuate.metrics.MetricsExportContextCustomizerFactory$DisableMetricExportContextCustomizer@4f3bbf68, org.springframework.boot.test.autoconfigure.properties.PropertyMappingContextCustomizer@0, org.springframework.boot.test.autoconfigure.web.servlet.WebDriverContextCustomizerFactory$Customizer@3daf7722, org.springframework.boot.test.context.filter.ExcludeFilterContextCustomizer@1fc32e4f, org.springframework.boot.test.json.DuplicateJsonObjectContextCustomizerFactory$DuplicateJsonObjectContextCustomizer@7efaad5a, org.springframework.boot.test.mock.mockito.MockitoContextCustomizer@4ceec05d], contextLoader = 'org.springframework.test.context.support.DelegatingSmartContextLoader', parent = [null]]]
01:05:15.784 [Test worker] DEBUG org.springframework.test.context.cache - Spring test ApplicationContext cache statistics: [DefaultContextCache@5782d777 size = 1, maxSize = 32, parentContextCount = 0, hitCount = 15, missCount = 1]
01:05:15.792 [Test worker] DEBUG org.springframework.test.context.cache.DefaultCacheAwareContextLoaderDelegate - Retrieved ApplicationContext [792782299] from cache with key [[MergedContextConfiguration@53de625d testClass = RewardTagManagerTest, locations = '{}', classes = '{class org.waldreg.reward.tag.DefaultRewardTagManager, class org.waldreg.reward.tag.lib.TagExceedClipper}', contextInitializerClasses = '[]', activeProfiles = '{}', propertySourceLocations = '{}', propertySourceProperties = '{}', contextCustomizers = set[org.springframework.boot.test.autoconfigure.actuate.metrics.MetricsExportContextCustomizerFactory$DisableMetricExportContextCustomizer@4f3bbf68, org.springframework.boot.test.autoconfigure.properties.PropertyMappingContextCustomizer@0, org.springframework.boot.test.autoconfigure.web.servlet.WebDriverContextCustomizerFactory$Customizer@3daf7722, org.springframework.boot.test.context.filter.ExcludeFilterContextCustomizer@1fc32e4f, org.springframework.boot.test.json.DuplicateJsonObjectContextCustomizerFactory$DuplicateJsonObjectContextCustomizer@7efaad5a, org.springframework.boot.test.mock.mockito.MockitoContextCustomizer@4ceec05d], contextLoader = 'org.springframework.test.context.support.DelegatingSmartContextLoader', parent = [null]]]
01:05:15.793 [Test worker] DEBUG org.springframework.test.context.cache - Spring test ApplicationContext cache statistics: [DefaultContextCache@5782d777 size = 1, maxSize = 32, parentContextCount = 0, hitCount = 16, missCount = 1]
01:05:15.793 [Test worker] DEBUG org.springframework.test.context.cache.DefaultCacheAwareContextLoaderDelegate - Retrieved ApplicationContext [792782299] from cache with key [[MergedContextConfiguration@53de625d testClass = RewardTagManagerTest, locations = '{}', classes = '{class org.waldreg.reward.tag.DefaultRewardTagManager, class org.waldreg.reward.tag.lib.TagExceedClipper}', contextInitializerClasses = '[]', activeProfiles = '{}', propertySourceLocations = '{}', propertySourceProperties = '{}', contextCustomizers = set[org.springframework.boot.test.autoconfigure.actuate.metrics.MetricsExportContextCustomizerFactory$DisableMetricExportContextCustomizer@4f3bbf68, org.springframework.boot.test.autoconfigure.properties.PropertyMappingContextCustomizer@0, org.springframework.boot.test.autoconfigure.web.servlet.WebDriverContextCustomizerFactory$Customizer@3daf7722, org.springframework.boot.test.context.filter.ExcludeFilterContextCustomizer@1fc32e4f, org.springframework.boot.test.json.DuplicateJsonObjectContextCustomizerFactory$DuplicateJsonObjectContextCustomizer@7efaad5a, org.springframework.boot.test.mock.mockito.MockitoContextCustomizer@4ceec05d], contextLoader = 'org.springframework.test.context.support.DelegatingSmartContextLoader', parent = [null]]]
01:05:15.793 [Test worker] DEBUG org.springframework.test.context.cache - Spring test ApplicationContext cache statistics: [DefaultContextCache@5782d777 size = 1, maxSize = 32, parentContextCount = 0, hitCount = 17, missCount = 1]
01:05:15.883 [Test worker] DEBUG org.springframework.test.context.cache.DefaultCacheAwareContextLoaderDelegate - Retrieved ApplicationContext [792782299] from cache with key [[MergedContextConfiguration@53de625d testClass = RewardTagManagerTest, locations = '{}', classes = '{class org.waldreg.reward.tag.DefaultRewardTagManager, class org.waldreg.reward.tag.lib.TagExceedClipper}', contextInitializerClasses = '[]', activeProfiles = '{}', propertySourceLocations = '{}', propertySourceProperties = '{}', contextCustomizers = set[org.springframework.boot.test.autoconfigure.actuate.metrics.MetricsExportContextCustomizerFactory$DisableMetricExportContextCustomizer@4f3bbf68, org.springframework.boot.test.autoconfigure.properties.PropertyMappingContextCustomizer@0, org.springframework.boot.test.autoconfigure.web.servlet.WebDriverContextCustomizerFactory$Customizer@3daf7722, org.springframework.boot.test.context.filter.ExcludeFilterContextCustomizer@1fc32e4f, org.springframework.boot.test.json.DuplicateJsonObjectContextCustomizerFactory$DuplicateJsonObjectContextCustomizer@7efaad5a, org.springframework.boot.test.mock.mockito.MockitoContextCustomizer@4ceec05d], contextLoader = 'org.springframework.test.context.support.DelegatingSmartContextLoader', parent = [null]]]
01:05:15.883 [Test worker] DEBUG org.springframework.test.context.cache - Spring test ApplicationContext cache statistics: [DefaultContextCache@5782d777 size = 1, maxSize = 32, parentContextCount = 0, hitCount = 18, missCount = 1]
01:05:15.883 [Test worker] DEBUG org.springframework.test.context.cache.DefaultCacheAwareContextLoaderDelegate - Retrieved ApplicationContext [792782299] from cache with key [[MergedContextConfiguration@53de625d testClass = RewardTagManagerTest, locations = '{}', classes = '{class org.waldreg.reward.tag.DefaultRewardTagManager, class org.waldreg.reward.tag.lib.TagExceedClipper}', contextInitializerClasses = '[]', activeProfiles = '{}', propertySourceLocations = '{}', propertySourceProperties = '{}', contextCustomizers = set[org.springframework.boot.test.autoconfigure.actuate.metrics.MetricsExportContextCustomizerFactory$DisableMetricExportContextCustomizer@4f3bbf68, org.springframework.boot.test.autoconfigure.properties.PropertyMappingContextCustomizer@0, org.springframework.boot.test.autoconfigure.web.servlet.WebDriverContextCustomizerFactory$Customizer@3daf7722, org.springframework.boot.test.context.filter.ExcludeFilterContextCustomizer@1fc32e4f, org.springframework.boot.test.json.DuplicateJsonObjectContextCustomizerFactory$DuplicateJsonObjectContextCustomizer@7efaad5a, org.springframework.boot.test.mock.mockito.MockitoContextCustomizer@4ceec05d], contextLoader = 'org.springframework.test.context.support.DelegatingSmartContextLoader', parent = [null]]]
01:05:15.884 [Test worker] DEBUG org.springframework.test.context.cache - Spring test ApplicationContext cache statistics: [DefaultContextCache@5782d777 size = 1, maxSize = 32, parentContextCount = 0, hitCount = 19, missCount = 1]
01:05:15.893 [Test worker] DEBUG org.springframework.test.context.cache.DefaultCacheAwareContextLoaderDelegate - Retrieved ApplicationContext [792782299] from cache with key [[MergedContextConfiguration@53de625d testClass = RewardTagManagerTest, locations = '{}', classes = '{class org.waldreg.reward.tag.DefaultRewardTagManager, class org.waldreg.reward.tag.lib.TagExceedClipper}', contextInitializerClasses = '[]', activeProfiles = '{}', propertySourceLocations = '{}', propertySourceProperties = '{}', contextCustomizers = set[org.springframework.boot.test.autoconfigure.actuate.metrics.MetricsExportContextCustomizerFactory$DisableMetricExportContextCustomizer@4f3bbf68, org.springframework.boot.test.autoconfigure.properties.PropertyMappingContextCustomizer@0, org.springframework.boot.test.autoconfigure.web.servlet.WebDriverContextCustomizerFactory$Customizer@3daf7722, org.springframework.boot.test.context.filter.ExcludeFilterContextCustomizer@1fc32e4f, org.springframework.boot.test.json.DuplicateJsonObjectContextCustomizerFactory$DuplicateJsonObjectContextCustomizer@7efaad5a, org.springframework.boot.test.mock.mockito.MockitoContextCustomizer@4ceec05d], contextLoader = 'org.springframework.test.context.support.DelegatingSmartContextLoader', parent = [null]]]
01:05:15.893 [Test worker] DEBUG org.springframework.test.context.cache - Spring test ApplicationContext cache statistics: [DefaultContextCache@5782d777 size = 1, maxSize = 32, parentContextCount = 0, hitCount = 20, missCount = 1]
01:05:15.893 [Test worker] DEBUG org.springframework.test.context.cache.DefaultCacheAwareContextLoaderDelegate - Retrieved ApplicationContext [792782299] from cache with key [[MergedContextConfiguration@53de625d testClass = RewardTagManagerTest, locations = '{}', classes = '{class org.waldreg.reward.tag.DefaultRewardTagManager, class org.waldreg.reward.tag.lib.TagExceedClipper}', contextInitializerClasses = '[]', activeProfiles = '{}', propertySourceLocations = '{}', propertySourceProperties = '{}', contextCustomizers = set[org.springframework.boot.test.autoconfigure.actuate.metrics.MetricsExportContextCustomizerFactory$DisableMetricExportContextCustomizer@4f3bbf68, org.springframework.boot.test.autoconfigure.properties.PropertyMappingContextCustomizer@0, org.springframework.boot.test.autoconfigure.web.servlet.WebDriverContextCustomizerFactory$Customizer@3daf7722, org.springframework.boot.test.context.filter.ExcludeFilterContextCustomizer@1fc32e4f, org.springframework.boot.test.json.DuplicateJsonObjectContextCustomizerFactory$DuplicateJsonObjectContextCustomizer@7efaad5a, org.springframework.boot.test.mock.mockito.MockitoContextCustomizer@4ceec05d], contextLoader = 'org.springframework.test.context.support.DelegatingSmartContextLoader', parent = [null]]]
01:05:15.893 [Test worker] DEBUG org.springframework.test.context.cache - Spring test ApplicationContext cache statistics: [DefaultContextCache@5782d777 size = 1, maxSize = 32, parentContextCount = 0, hitCount = 21, missCount = 1]
01:05:15.893 [Test worker] DEBUG org.springframework.test.context.cache.DefaultCacheAwareContextLoaderDelegate - Retrieved ApplicationContext [792782299] from cache with key [[MergedContextConfiguration@53de625d testClass = RewardTagManagerTest, locations = '{}', classes = '{class org.waldreg.reward.tag.DefaultRewardTagManager, class org.waldreg.reward.tag.lib.TagExceedClipper}', contextInitializerClasses = '[]', activeProfiles = '{}', propertySourceLocations = '{}', propertySourceProperties = '{}', contextCustomizers = set[org.springframework.boot.test.autoconfigure.actuate.metrics.MetricsExportContextCustomizerFactory$DisableMetricExportContextCustomizer@4f3bbf68, org.springframework.boot.test.autoconfigure.properties.PropertyMappingContextCustomizer@0, org.springframework.boot.test.autoconfigure.web.servlet.WebDriverContextCustomizerFactory$Customizer@3daf7722, org.springframework.boot.test.context.filter.ExcludeFilterContextCustomizer@1fc32e4f, org.springframework.boot.test.json.DuplicateJsonObjectContextCustomizerFactory$DuplicateJsonObjectContextCustomizer@7efaad5a, org.springframework.boot.test.mock.mockito.MockitoContextCustomizer@4ceec05d], contextLoader = 'org.springframework.test.context.support.DelegatingSmartContextLoader', parent = [null]]]
01:05:15.893 [Test worker] DEBUG org.springframework.test.context.cache - Spring test ApplicationContext cache statistics: [DefaultContextCache@5782d777 size = 1, maxSize = 32, parentContextCount = 0, hitCount = 22, missCount = 1]
01:05:15.903 [Test worker] DEBUG org.springframework.test.context.cache.DefaultCacheAwareContextLoaderDelegate - Retrieved ApplicationContext [792782299] from cache with key [[MergedContextConfiguration@53de625d testClass = RewardTagManagerTest, locations = '{}', classes = '{class org.waldreg.reward.tag.DefaultRewardTagManager, class org.waldreg.reward.tag.lib.TagExceedClipper}', contextInitializerClasses = '[]', activeProfiles = '{}', propertySourceLocations = '{}', propertySourceProperties = '{}', contextCustomizers = set[org.springframework.boot.test.autoconfigure.actuate.metrics.MetricsExportContextCustomizerFactory$DisableMetricExportContextCustomizer@4f3bbf68, org.springframework.boot.test.autoconfigure.properties.PropertyMappingContextCustomizer@0, org.springframework.boot.test.autoconfigure.web.servlet.WebDriverContextCustomizerFactory$Customizer@3daf7722, org.springframework.boot.test.context.filter.ExcludeFilterContextCustomizer@1fc32e4f, org.springframework.boot.test.json.DuplicateJsonObjectContextCustomizerFactory$DuplicateJsonObjectContextCustomizer@7efaad5a, org.springframework.boot.test.mock.mockito.MockitoContextCustomizer@4ceec05d], contextLoader = 'org.springframework.test.context.support.DelegatingSmartContextLoader', parent = [null]]]
01:05:15.903 [Test worker] DEBUG org.springframework.test.context.cache - Spring test ApplicationContext cache statistics: [DefaultContextCache@5782d777 size = 1, maxSize = 32, parentContextCount = 0, hitCount = 23, missCount = 1]
01:05:15.903 [Test worker] DEBUG org.springframework.test.context.support.AbstractDirtiesContextTestExecutionListener - After test method: context [DefaultTestContext@2a62b5bc testClass = RewardTagManagerTest, testInstance = org.waldreg.reward.tag.RewardTagManagerTest@100c567f, testMethod = DELETE_REWARD_TAG_SUCCESS_TEST@RewardTagManagerTest, testException = [null], mergedContextConfiguration = [MergedContextConfiguration@53de625d testClass = RewardTagManagerTest, locations = '{}', classes = '{class org.waldreg.reward.tag.DefaultRewardTagManager, class org.waldreg.reward.tag.lib.TagExceedClipper}', contextInitializerClasses = '[]', activeProfiles = '{}', propertySourceLocations = '{}', propertySourceProperties = '{}', contextCustomizers = set[org.springframework.boot.test.autoconfigure.actuate.metrics.MetricsExportContextCustomizerFactory$DisableMetricExportContextCustomizer@4f3bbf68, org.springframework.boot.test.autoconfigure.properties.PropertyMappingContextCustomizer@0, org.springframework.boot.test.autoconfigure.web.servlet.WebDriverContextCustomizerFactory$Customizer@3daf7722, org.springframework.boot.test.context.filter.ExcludeFilterContextCustomizer@1fc32e4f, org.springframework.boot.test.json.DuplicateJsonObjectContextCustomizerFactory$DuplicateJsonObjectContextCustomizer@7efaad5a, org.springframework.boot.test.mock.mockito.MockitoContextCustomizer@4ceec05d], contextLoader = 'org.springframework.test.context.support.DelegatingSmartContextLoader', parent = [null]], attributes = map['org.springframework.test.context.event.ApplicationEventsTestExecutionListener.recordApplicationEvents' -> false]], class annotated with @DirtiesContext [false] with mode [null], method annotated with @DirtiesContext [false] with mode [null].
01:05:15.904 [Test worker] DEBUG org.springframework.test.context.cache.DefaultCacheAwareContextLoaderDelegate - Retrieved ApplicationContext [792782299] from cache with key [[MergedContextConfiguration@53de625d testClass = RewardTagManagerTest, locations = '{}', classes = '{class org.waldreg.reward.tag.DefaultRewardTagManager, class org.waldreg.reward.tag.lib.TagExceedClipper}', contextInitializerClasses = '[]', activeProfiles = '{}', propertySourceLocations = '{}', propertySourceProperties = '{}', contextCustomizers = set[org.springframework.boot.test.autoconfigure.actuate.metrics.MetricsExportContextCustomizerFactory$DisableMetricExportContextCustomizer@4f3bbf68, org.springframework.boot.test.autoconfigure.properties.PropertyMappingContextCustomizer@0, org.springframework.boot.test.autoconfigure.web.servlet.WebDriverContextCustomizerFactory$Customizer@3daf7722, org.springframework.boot.test.context.filter.ExcludeFilterContextCustomizer@1fc32e4f, org.springframework.boot.test.json.DuplicateJsonObjectContextCustomizerFactory$DuplicateJsonObjectContextCustomizer@7efaad5a, org.springframework.boot.test.mock.mockito.MockitoContextCustomizer@4ceec05d], contextLoader = 'org.springframework.test.context.support.DelegatingSmartContextLoader', parent = [null]]]
01:05:15.905 [Test worker] DEBUG org.springframework.test.context.cache - Spring test ApplicationContext cache statistics: [DefaultContextCache@5782d777 size = 1, maxSize = 32, parentContextCount = 0, hitCount = 24, missCount = 1]
01:05:15.905 [Test worker] DEBUG org.springframework.test.context.support.DependencyInjectionTestExecutionListener - Performing dependency injection for test context [[DefaultTestContext@2a62b5bc testClass = RewardTagManagerTest, testInstance = org.waldreg.reward.tag.RewardTagManagerTest@2b329bbd, testMethod = [null], testException = [null], mergedContextConfiguration = [MergedContextConfiguration@53de625d testClass = RewardTagManagerTest, locations = '{}', classes = '{class org.waldreg.reward.tag.DefaultRewardTagManager, class org.waldreg.reward.tag.lib.TagExceedClipper}', contextInitializerClasses = '[]', activeProfiles = '{}', propertySourceLocations = '{}', propertySourceProperties = '{}', contextCustomizers = set[org.springframework.boot.test.autoconfigure.actuate.metrics.MetricsExportContextCustomizerFactory$DisableMetricExportContextCustomizer@4f3bbf68, org.springframework.boot.test.autoconfigure.properties.PropertyMappingContextCustomizer@0, org.springframework.boot.test.autoconfigure.web.servlet.WebDriverContextCustomizerFactory$Customizer@3daf7722, org.springframework.boot.test.context.filter.ExcludeFilterContextCustomizer@1fc32e4f, org.springframework.boot.test.json.DuplicateJsonObjectContextCustomizerFactory$DuplicateJsonObjectContextCustomizer@7efaad5a, org.springframework.boot.test.mock.mockito.MockitoContextCustomizer@4ceec05d], contextLoader = 'org.springframework.test.context.support.DelegatingSmartContextLoader', parent = [null]], attributes = map['org.springframework.test.context.event.ApplicationEventsTestExecutionListener.recordApplicationEvents' -> false]]].
01:05:15.905 [Test worker] DEBUG org.springframework.test.context.cache.DefaultCacheAwareContextLoaderDelegate - Retrieved ApplicationContext [792782299] from cache with key [[MergedContextConfiguration@53de625d testClass = RewardTagManagerTest, locations = '{}', classes = '{class org.waldreg.reward.tag.DefaultRewardTagManager, class org.waldreg.reward.tag.lib.TagExceedClipper}', contextInitializerClasses = '[]', activeProfiles = '{}', propertySourceLocations = '{}', propertySourceProperties = '{}', contextCustomizers = set[org.springframework.boot.test.autoconfigure.actuate.metrics.MetricsExportContextCustomizerFactory$DisableMetricExportContextCustomizer@4f3bbf68, org.springframework.boot.test.autoconfigure.properties.PropertyMappingContextCustomizer@0, org.springframework.boot.test.autoconfigure.web.servlet.WebDriverContextCustomizerFactory$Customizer@3daf7722, org.springframework.boot.test.context.filter.ExcludeFilterContextCustomizer@1fc32e4f, org.springframework.boot.test.json.DuplicateJsonObjectContextCustomizerFactory$DuplicateJsonObjectContextCustomizer@7efaad5a, org.springframework.boot.test.mock.mockito.MockitoContextCustomizer@4ceec05d], contextLoader = 'org.springframework.test.context.support.DelegatingSmartContextLoader', parent = [null]]]
01:05:15.905 [Test worker] DEBUG org.springframework.test.context.cache - Spring test ApplicationContext cache statistics: [DefaultContextCache@5782d777 size = 1, maxSize = 32, parentContextCount = 0, hitCount = 25, missCount = 1]
01:05:15.905 [Test worker] DEBUG org.springframework.test.context.cache.DefaultCacheAwareContextLoaderDelegate - Retrieved ApplicationContext [792782299] from cache with key [[MergedContextConfiguration@53de625d testClass = RewardTagManagerTest, locations = '{}', classes = '{class org.waldreg.reward.tag.DefaultRewardTagManager, class org.waldreg.reward.tag.lib.TagExceedClipper}', contextInitializerClasses = '[]', activeProfiles = '{}', propertySourceLocations = '{}', propertySourceProperties = '{}', contextCustomizers = set[org.springframework.boot.test.autoconfigure.actuate.metrics.MetricsExportContextCustomizerFactory$DisableMetricExportContextCustomizer@4f3bbf68, org.springframework.boot.test.autoconfigure.properties.PropertyMappingContextCustomizer@0, org.springframework.boot.test.autoconfigure.web.servlet.WebDriverContextCustomizerFactory$Customizer@3daf7722, org.springframework.boot.test.context.filter.ExcludeFilterContextCustomizer@1fc32e4f, org.springframework.boot.test.json.DuplicateJsonObjectContextCustomizerFactory$DuplicateJsonObjectContextCustomizer@7efaad5a, org.springframework.boot.test.mock.mockito.MockitoContextCustomizer@4ceec05d], contextLoader = 'org.springframework.test.context.support.DelegatingSmartContextLoader', parent = [null]]]
01:05:15.905 [Test worker] DEBUG org.springframework.test.context.cache - Spring test ApplicationContext cache statistics: [DefaultContextCache@5782d777 size = 1, maxSize = 32, parentContextCount = 0, hitCount = 26, missCount = 1]
01:05:15.906 [Test worker] DEBUG org.springframework.test.context.support.AbstractDirtiesContextTestExecutionListener - Before test method: context [DefaultTestContext@2a62b5bc testClass = RewardTagManagerTest, testInstance = org.waldreg.reward.tag.RewardTagManagerTest@2b329bbd, testMethod = DELETE_REWARD_TAG_FAIL_UNKNOWN_REWARD_TAG_TEST@RewardTagManagerTest, testException = [null], mergedContextConfiguration = [MergedContextConfiguration@53de625d testClass = RewardTagManagerTest, locations = '{}', classes = '{class org.waldreg.reward.tag.DefaultRewardTagManager, class org.waldreg.reward.tag.lib.TagExceedClipper}', contextInitializerClasses = '[]', activeProfiles = '{}', propertySourceLocations = '{}', propertySourceProperties = '{}', contextCustomizers = set[org.springframework.boot.test.autoconfigure.actuate.metrics.MetricsExportContextCustomizerFactory$DisableMetricExportContextCustomizer@4f3bbf68, org.springframework.boot.test.autoconfigure.properties.PropertyMappingContextCustomizer@0, org.springframework.boot.test.autoconfigure.web.servlet.WebDriverContextCustomizerFactory$Customizer@3daf7722, org.springframework.boot.test.context.filter.ExcludeFilterContextCustomizer@1fc32e4f, org.springframework.boot.test.json.DuplicateJsonObjectContextCustomizerFactory$DuplicateJsonObjectContextCustomizer@7efaad5a, org.springframework.boot.test.mock.mockito.MockitoContextCustomizer@4ceec05d], contextLoader = 'org.springframework.test.context.support.DelegatingSmartContextLoader', parent = [null]], attributes = map['org.springframework.test.context.event.ApplicationEventsTestExecutionListener.recordApplicationEvents' -> false]], class annotated with @DirtiesContext [false] with mode [null], method annotated with @DirtiesContext [false] with mode [null].
01:05:15.906 [Test worker] DEBUG org.springframework.test.context.cache.DefaultCacheAwareContextLoaderDelegate - Retrieved ApplicationContext [792782299] from cache with key [[MergedContextConfiguration@53de625d testClass = RewardTagManagerTest, locations = '{}', classes = '{class org.waldreg.reward.tag.DefaultRewardTagManager, class org.waldreg.reward.tag.lib.TagExceedClipper}', contextInitializerClasses = '[]', activeProfiles = '{}', propertySourceLocations = '{}', propertySourceProperties = '{}', contextCustomizers = set[org.springframework.boot.test.autoconfigure.actuate.metrics.MetricsExportContextCustomizerFactory$DisableMetricExportContextCustomizer@4f3bbf68, org.springframework.boot.test.autoconfigure.properties.PropertyMappingContextCustomizer@0, org.springframework.boot.test.autoconfigure.web.servlet.WebDriverContextCustomizerFactory$Customizer@3daf7722, org.springframework.boot.test.context.filter.ExcludeFilterContextCustomizer@1fc32e4f, org.springframework.boot.test.json.DuplicateJsonObjectContextCustomizerFactory$DuplicateJsonObjectContextCustomizer@7efaad5a, org.springframework.boot.test.mock.mockito.MockitoContextCustomizer@4ceec05d], contextLoader = 'org.springframework.test.context.support.DelegatingSmartContextLoader', parent = [null]]]
01:05:15.906 [Test worker] DEBUG org.springframework.test.context.cache - Spring test ApplicationContext cache statistics: [DefaultContextCache@5782d777 size = 1, maxSize = 32, parentContextCount = 0, hitCount = 27, missCount = 1]
01:05:15.914 [Test worker] DEBUG org.springframework.test.context.cache.DefaultCacheAwareContextLoaderDelegate - Retrieved ApplicationContext [792782299] from cache with key [[MergedContextConfiguration@53de625d testClass = RewardTagManagerTest, locations = '{}', classes = '{class org.waldreg.reward.tag.DefaultRewardTagManager, class org.waldreg.reward.tag.lib.TagExceedClipper}', contextInitializerClasses = '[]', activeProfiles = '{}', propertySourceLocations = '{}', propertySourceProperties = '{}', contextCustomizers = set[org.springframework.boot.test.autoconfigure.actuate.metrics.MetricsExportContextCustomizerFactory$DisableMetricExportContextCustomizer@4f3bbf68, org.springframework.boot.test.autoconfigure.properties.PropertyMappingContextCustomizer@0, org.springframework.boot.test.autoconfigure.web.servlet.WebDriverContextCustomizerFactory$Customizer@3daf7722, org.springframework.boot.test.context.filter.ExcludeFilterContextCustomizer@1fc32e4f, org.springframework.boot.test.json.DuplicateJsonObjectContextCustomizerFactory$DuplicateJsonObjectContextCustomizer@7efaad5a, org.springframework.boot.test.mock.mockito.MockitoContextCustomizer@4ceec05d], contextLoader = 'org.springframework.test.context.support.DelegatingSmartContextLoader', parent = [null]]]
01:05:15.914 [Test worker] DEBUG org.springframework.test.context.cache - Spring test ApplicationContext cache statistics: [DefaultContextCache@5782d777 size = 1, maxSize = 32, parentContextCount = 0, hitCount = 28, missCount = 1]
01:05:15.915 [Test worker] DEBUG org.springframework.test.context.cache.DefaultCacheAwareContextLoaderDelegate - Retrieved ApplicationContext [792782299] from cache with key [[MergedContextConfiguration@53de625d testClass = RewardTagManagerTest, locations = '{}', classes = '{class org.waldreg.reward.tag.DefaultRewardTagManager, class org.waldreg.reward.tag.lib.TagExceedClipper}', contextInitializerClasses = '[]', activeProfiles = '{}', propertySourceLocations = '{}', propertySourceProperties = '{}', contextCustomizers = set[org.springframework.boot.test.autoconfigure.actuate.metrics.MetricsExportContextCustomizerFactory$DisableMetricExportContextCustomizer@4f3bbf68, org.springframework.boot.test.autoconfigure.properties.PropertyMappingContextCustomizer@0, org.springframework.boot.test.autoconfigure.web.servlet.WebDriverContextCustomizerFactory$Customizer@3daf7722, org.springframework.boot.test.context.filter.ExcludeFilterContextCustomizer@1fc32e4f, org.springframework.boot.test.json.DuplicateJsonObjectContextCustomizerFactory$DuplicateJsonObjectContextCustomizer@7efaad5a, org.springframework.boot.test.mock.mockito.MockitoContextCustomizer@4ceec05d], contextLoader = 'org.springframework.test.context.support.DelegatingSmartContextLoader', parent = [null]]]
01:05:15.915 [Test worker] DEBUG org.springframework.test.context.cache - Spring test ApplicationContext cache statistics: [DefaultContextCache@5782d777 size = 1, maxSize = 32, parentContextCount = 0, hitCount = 29, missCount = 1]
01:05:15.923 [Test worker] DEBUG org.springframework.test.context.cache.DefaultCacheAwareContextLoaderDelegate - Retrieved ApplicationContext [792782299] from cache with key [[MergedContextConfiguration@53de625d testClass = RewardTagManagerTest, locations = '{}', classes = '{class org.waldreg.reward.tag.DefaultRewardTagManager, class org.waldreg.reward.tag.lib.TagExceedClipper}', contextInitializerClasses = '[]', activeProfiles = '{}', propertySourceLocations = '{}', propertySourceProperties = '{}', contextCustomizers = set[org.springframework.boot.test.autoconfigure.actuate.metrics.MetricsExportContextCustomizerFactory$DisableMetricExportContextCustomizer@4f3bbf68, org.springframework.boot.test.autoconfigure.properties.PropertyMappingContextCustomizer@0, org.springframework.boot.test.autoconfigure.web.servlet.WebDriverContextCustomizerFactory$Customizer@3daf7722, org.springframework.boot.test.context.filter.ExcludeFilterContextCustomizer@1fc32e4f, org.springframework.boot.test.json.DuplicateJsonObjectContextCustomizerFactory$DuplicateJsonObjectContextCustomizer@7efaad5a, org.springframework.boot.test.mock.mockito.MockitoContextCustomizer@4ceec05d], contextLoader = 'org.springframework.test.context.support.DelegatingSmartContextLoader', parent = [null]]]
01:05:15.923 [Test worker] DEBUG org.springframework.test.context.cache - Spring test ApplicationContext cache statistics: [DefaultContextCache@5782d777 size = 1, maxSize = 32, parentContextCount = 0, hitCount = 30, missCount = 1]
01:05:15.924 [Test worker] DEBUG org.springframework.test.context.cache.DefaultCacheAwareContextLoaderDelegate - Retrieved ApplicationContext [792782299] from cache with key [[MergedContextConfiguration@53de625d testClass = RewardTagManagerTest, locations = '{}', classes = '{class org.waldreg.reward.tag.DefaultRewardTagManager, class org.waldreg.reward.tag.lib.TagExceedClipper}', contextInitializerClasses = '[]', activeProfiles = '{}', propertySourceLocations = '{}', propertySourceProperties = '{}', contextCustomizers = set[org.springframework.boot.test.autoconfigure.actuate.metrics.MetricsExportContextCustomizerFactory$DisableMetricExportContextCustomizer@4f3bbf68, org.springframework.boot.test.autoconfigure.properties.PropertyMappingContextCustomizer@0, org.springframework.boot.test.autoconfigure.web.servlet.WebDriverContextCustomizerFactory$Customizer@3daf7722, org.springframework.boot.test.context.filter.ExcludeFilterContextCustomizer@1fc32e4f, org.springframework.boot.test.json.DuplicateJsonObjectContextCustomizerFactory$DuplicateJsonObjectContextCustomizer@7efaad5a, org.springframework.boot.test.mock.mockito.MockitoContextCustomizer@4ceec05d], contextLoader = 'org.springframework.test.context.support.DelegatingSmartContextLoader', parent = [null]]]
01:05:15.924 [Test worker] DEBUG org.springframework.test.context.cache - Spring test ApplicationContext cache statistics: [DefaultContextCache@5782d777 size = 1, maxSize = 32, parentContextCount = 0, hitCount = 31, missCount = 1]
01:05:15.934 [Test worker] DEBUG org.springframework.test.context.cache.DefaultCacheAwareContextLoaderDelegate - Retrieved ApplicationContext [792782299] from cache with key [[MergedContextConfiguration@53de625d testClass = RewardTagManagerTest, locations = '{}', classes = '{class org.waldreg.reward.tag.DefaultRewardTagManager, class org.waldreg.reward.tag.lib.TagExceedClipper}', contextInitializerClasses = '[]', activeProfiles = '{}', propertySourceLocations = '{}', propertySourceProperties = '{}', contextCustomizers = set[org.springframework.boot.test.autoconfigure.actuate.metrics.MetricsExportContextCustomizerFactory$DisableMetricExportContextCustomizer@4f3bbf68, org.springframework.boot.test.autoconfigure.properties.PropertyMappingContextCustomizer@0, org.springframework.boot.test.autoconfigure.web.servlet.WebDriverContextCustomizerFactory$Customizer@3daf7722, org.springframework.boot.test.context.filter.ExcludeFilterContextCustomizer@1fc32e4f, org.springframework.boot.test.json.DuplicateJsonObjectContextCustomizerFactory$DuplicateJsonObjectContextCustomizer@7efaad5a, org.springframework.boot.test.mock.mockito.MockitoContextCustomizer@4ceec05d], contextLoader = 'org.springframework.test.context.support.DelegatingSmartContextLoader', parent = [null]]]
01:05:15.934 [Test worker] DEBUG org.springframework.test.context.cache - Spring test ApplicationContext cache statistics: [DefaultContextCache@5782d777 size = 1, maxSize = 32, parentContextCount = 0, hitCount = 32, missCount = 1]
01:05:15.934 [Test worker] DEBUG org.springframework.test.context.cache.DefaultCacheAwareContextLoaderDelegate - Retrieved ApplicationContext [792782299] from cache with key [[MergedContextConfiguration@53de625d testClass = RewardTagManagerTest, locations = '{}', classes = '{class org.waldreg.reward.tag.DefaultRewardTagManager, class org.waldreg.reward.tag.lib.TagExceedClipper}', contextInitializerClasses = '[]', activeProfiles = '{}', propertySourceLocations = '{}', propertySourceProperties = '{}', contextCustomizers = set[org.springframework.boot.test.autoconfigure.actuate.metrics.MetricsExportContextCustomizerFactory$DisableMetricExportContextCustomizer@4f3bbf68, org.springframework.boot.test.autoconfigure.properties.PropertyMappingContextCustomizer@0, org.springframework.boot.test.autoconfigure.web.servlet.WebDriverContextCustomizerFactory$Customizer@3daf7722, org.springframework.boot.test.context.filter.ExcludeFilterContextCustomizer@1fc32e4f, org.springframework.boot.test.json.DuplicateJsonObjectContextCustomizerFactory$DuplicateJsonObjectContextCustomizer@7efaad5a, org.springframework.boot.test.mock.mockito.MockitoContextCustomizer@4ceec05d], contextLoader = 'org.springframework.test.context.support.DelegatingSmartContextLoader', parent = [null]]]
01:05:15.934 [Test worker] DEBUG org.springframework.test.context.cache - Spring test ApplicationContext cache statistics: [DefaultContextCache@5782d777 size = 1, maxSize = 32, parentContextCount = 0, hitCount = 33, missCount = 1]
01:05:15.935 [Test worker] DEBUG org.springframework.test.context.cache.DefaultCacheAwareContextLoaderDelegate - Retrieved ApplicationContext [792782299] from cache with key [[MergedContextConfiguration@53de625d testClass = RewardTagManagerTest, locations = '{}', classes = '{class org.waldreg.reward.tag.DefaultRewardTagManager, class org.waldreg.reward.tag.lib.TagExceedClipper}', contextInitializerClasses = '[]', activeProfiles = '{}', propertySourceLocations = '{}', propertySourceProperties = '{}', contextCustomizers = set[org.springframework.boot.test.autoconfigure.actuate.metrics.MetricsExportContextCustomizerFactory$DisableMetricExportContextCustomizer@4f3bbf68, org.springframework.boot.test.autoconfigure.properties.PropertyMappingContextCustomizer@0, org.springframework.boot.test.autoconfigure.web.servlet.WebDriverContextCustomizerFactory$Customizer@3daf7722, org.springframework.boot.test.context.filter.ExcludeFilterContextCustomizer@1fc32e4f, org.springframework.boot.test.json.DuplicateJsonObjectContextCustomizerFactory$DuplicateJsonObjectContextCustomizer@7efaad5a, org.springframework.boot.test.mock.mockito.MockitoContextCustomizer@4ceec05d], contextLoader = 'org.springframework.test.context.support.DelegatingSmartContextLoader', parent = [null]]]
01:05:15.935 [Test worker] DEBUG org.springframework.test.context.cache - Spring test ApplicationContext cache statistics: [DefaultContextCache@5782d777 size = 1, maxSize = 32, parentContextCount = 0, hitCount = 34, missCount = 1]
01:05:15.943 [Test worker] DEBUG org.springframework.test.context.cache.DefaultCacheAwareContextLoaderDelegate - Retrieved ApplicationContext [792782299] from cache with key [[MergedContextConfiguration@53de625d testClass = RewardTagManagerTest, locations = '{}', classes = '{class org.waldreg.reward.tag.DefaultRewardTagManager, class org.waldreg.reward.tag.lib.TagExceedClipper}', contextInitializerClasses = '[]', activeProfiles = '{}', propertySourceLocations = '{}', propertySourceProperties = '{}', contextCustomizers = set[org.springframework.boot.test.autoconfigure.actuate.metrics.MetricsExportContextCustomizerFactory$DisableMetricExportContextCustomizer@4f3bbf68, org.springframework.boot.test.autoconfigure.properties.PropertyMappingContextCustomizer@0, org.springframework.boot.test.autoconfigure.web.servlet.WebDriverContextCustomizerFactory$Customizer@3daf7722, org.springframework.boot.test.context.filter.ExcludeFilterContextCustomizer@1fc32e4f, org.springframework.boot.test.json.DuplicateJsonObjectContextCustomizerFactory$DuplicateJsonObjectContextCustomizer@7efaad5a, org.springframework.boot.test.mock.mockito.MockitoContextCustomizer@4ceec05d], contextLoader = 'org.springframework.test.context.support.DelegatingSmartContextLoader', parent = [null]]]
01:05:15.943 [Test worker] DEBUG org.springframework.test.context.cache - Spring test ApplicationContext cache statistics: [DefaultContextCache@5782d777 size = 1, maxSize = 32, parentContextCount = 0, hitCount = 35, missCount = 1]
01:05:15.943 [Test worker] DEBUG org.springframework.test.context.support.AbstractDirtiesContextTestExecutionListener - After test method: context [DefaultTestContext@2a62b5bc testClass = RewardTagManagerTest, testInstance = org.waldreg.reward.tag.RewardTagManagerTest@2b329bbd, testMethod = DELETE_REWARD_TAG_FAIL_UNKNOWN_REWARD_TAG_TEST@RewardTagManagerTest, testException = [null], mergedContextConfiguration = [MergedContextConfiguration@53de625d testClass = RewardTagManagerTest, locations = '{}', classes = '{class org.waldreg.reward.tag.DefaultRewardTagManager, class org.waldreg.reward.tag.lib.TagExceedClipper}', contextInitializerClasses = '[]', activeProfiles = '{}', propertySourceLocations = '{}', propertySourceProperties = '{}', contextCustomizers = set[org.springframework.boot.test.autoconfigure.actuate.metrics.MetricsExportContextCustomizerFactory$DisableMetricExportContextCustomizer@4f3bbf68, org.springframework.boot.test.autoconfigure.properties.PropertyMappingContextCustomizer@0, org.springframework.boot.test.autoconfigure.web.servlet.WebDriverContextCustomizerFactory$Customizer@3daf7722, org.springframework.boot.test.context.filter.ExcludeFilterContextCustomizer@1fc32e4f, org.springframework.boot.test.json.DuplicateJsonObjectContextCustomizerFactory$DuplicateJsonObjectContextCustomizer@7efaad5a, org.springframework.boot.test.mock.mockito.MockitoContextCustomizer@4ceec05d], contextLoader = 'org.springframework.test.context.support.DelegatingSmartContextLoader', parent = [null]], attributes = map['org.springframework.test.context.event.ApplicationEventsTestExecutionListener.recordApplicationEvents' -> false]], class annotated with @DirtiesContext [false] with mode [null], method annotated with @DirtiesContext [false] with mode [null].
01:05:15.944 [Test worker] DEBUG org.springframework.test.context.cache.DefaultCacheAwareContextLoaderDelegate - Retrieved ApplicationContext [792782299] from cache with key [[MergedContextConfiguration@53de625d testClass = RewardTagManagerTest, locations = '{}', classes = '{class org.waldreg.reward.tag.DefaultRewardTagManager, class org.waldreg.reward.tag.lib.TagExceedClipper}', contextInitializerClasses = '[]', activeProfiles = '{}', propertySourceLocations = '{}', propertySourceProperties = '{}', contextCustomizers = set[org.springframework.boot.test.autoconfigure.actuate.metrics.MetricsExportContextCustomizerFactory$DisableMetricExportContextCustomizer@4f3bbf68, org.springframework.boot.test.autoconfigure.properties.PropertyMappingContextCustomizer@0, org.springframework.boot.test.autoconfigure.web.servlet.WebDriverContextCustomizerFactory$Customizer@3daf7722, org.springframework.boot.test.context.filter.ExcludeFilterContextCustomizer@1fc32e4f, org.springframework.boot.test.json.DuplicateJsonObjectContextCustomizerFactory$DuplicateJsonObjectContextCustomizer@7efaad5a, org.springframework.boot.test.mock.mockito.MockitoContextCustomizer@4ceec05d], contextLoader = 'org.springframework.test.context.support.DelegatingSmartContextLoader', parent = [null]]]
01:05:15.944 [Test worker] DEBUG org.springframework.test.context.cache - Spring test ApplicationContext cache statistics: [DefaultContextCache@5782d777 size = 1, maxSize = 32, parentContextCount = 0, hitCount = 36, missCount = 1]
01:05:15.944 [Test worker] DEBUG org.springframework.test.context.support.DependencyInjectionTestExecutionListener - Performing dependency injection for test context [[DefaultTestContext@2a62b5bc testClass = RewardTagManagerTest, testInstance = org.waldreg.reward.tag.RewardTagManagerTest@3bae64d0, testMethod = [null], testException = [null], mergedContextConfiguration = [MergedContextConfiguration@53de625d testClass = RewardTagManagerTest, locations = '{}', classes = '{class org.waldreg.reward.tag.DefaultRewardTagManager, class org.waldreg.reward.tag.lib.TagExceedClipper}', contextInitializerClasses = '[]', activeProfiles = '{}', propertySourceLocations = '{}', propertySourceProperties = '{}', contextCustomizers = set[org.springframework.boot.test.autoconfigure.actuate.metrics.MetricsExportContextCustomizerFactory$DisableMetricExportContextCustomizer@4f3bbf68, org.springframework.boot.test.autoconfigure.properties.PropertyMappingContextCustomizer@0, org.springframework.boot.test.autoconfigure.web.servlet.WebDriverContextCustomizerFactory$Customizer@3daf7722, org.springframework.boot.test.context.filter.ExcludeFilterContextCustomizer@1fc32e4f, org.springframework.boot.test.json.DuplicateJsonObjectContextCustomizerFactory$DuplicateJsonObjectContextCustomizer@7efaad5a, org.springframework.boot.test.mock.mockito.MockitoContextCustomizer@4ceec05d], contextLoader = 'org.springframework.test.context.support.DelegatingSmartContextLoader', parent = [null]], attributes = map['org.springframework.test.context.event.ApplicationEventsTestExecutionListener.recordApplicationEvents' -> false]]].
01:05:15.944 [Test worker] DEBUG org.springframework.test.context.cache.DefaultCacheAwareContextLoaderDelegate - Retrieved ApplicationContext [792782299] from cache with key [[MergedContextConfiguration@53de625d testClass = RewardTagManagerTest, locations = '{}', classes = '{class org.waldreg.reward.tag.DefaultRewardTagManager, class org.waldreg.reward.tag.lib.TagExceedClipper}', contextInitializerClasses = '[]', activeProfiles = '{}', propertySourceLocations = '{}', propertySourceProperties = '{}', contextCustomizers = set[org.springframework.boot.test.autoconfigure.actuate.metrics.MetricsExportContextCustomizerFactory$DisableMetricExportContextCustomizer@4f3bbf68, org.springframework.boot.test.autoconfigure.properties.PropertyMappingContextCustomizer@0, org.springframework.boot.test.autoconfigure.web.servlet.WebDriverContextCustomizerFactory$Customizer@3daf7722, org.springframework.boot.test.context.filter.ExcludeFilterContextCustomizer@1fc32e4f, org.springframework.boot.test.json.DuplicateJsonObjectContextCustomizerFactory$DuplicateJsonObjectContextCustomizer@7efaad5a, org.springframework.boot.test.mock.mockito.MockitoContextCustomizer@4ceec05d], contextLoader = 'org.springframework.test.context.support.DelegatingSmartContextLoader', parent = [null]]]
01:05:15.945 [Test worker] DEBUG org.springframework.test.context.cache - Spring test ApplicationContext cache statistics: [DefaultContextCache@5782d777 size = 1, maxSize = 32, parentContextCount = 0, hitCount = 37, missCount = 1]
01:05:15.945 [Test worker] DEBUG org.springframework.test.context.cache.DefaultCacheAwareContextLoaderDelegate - Retrieved ApplicationContext [792782299] from cache with key [[MergedContextConfiguration@53de625d testClass = RewardTagManagerTest, locations = '{}', classes = '{class org.waldreg.reward.tag.DefaultRewardTagManager, class org.waldreg.reward.tag.lib.TagExceedClipper}', contextInitializerClasses = '[]', activeProfiles = '{}', propertySourceLocations = '{}', propertySourceProperties = '{}', contextCustomizers = set[org.springframework.boot.test.autoconfigure.actuate.metrics.MetricsExportContextCustomizerFactory$DisableMetricExportContextCustomizer@4f3bbf68, org.springframework.boot.test.autoconfigure.properties.PropertyMappingContextCustomizer@0, org.springframework.boot.test.autoconfigure.web.servlet.WebDriverContextCustomizerFactory$Customizer@3daf7722, org.springframework.boot.test.context.filter.ExcludeFilterContextCustomizer@1fc32e4f, org.springframework.boot.test.json.DuplicateJsonObjectContextCustomizerFactory$DuplicateJsonObjectContextCustomizer@7efaad5a, org.springframework.boot.test.mock.mockito.MockitoContextCustomizer@4ceec05d], contextLoader = 'org.springframework.test.context.support.DelegatingSmartContextLoader', parent = [null]]]
01:05:15.945 [Test worker] DEBUG org.springframework.test.context.cache - Spring test ApplicationContext cache statistics: [DefaultContextCache@5782d777 size = 1, maxSize = 32, parentContextCount = 0, hitCount = 38, missCount = 1]
01:05:15.946 [Test worker] DEBUG org.springframework.test.context.support.AbstractDirtiesContextTestExecutionListener - Before test method: context [DefaultTestContext@2a62b5bc testClass = RewardTagManagerTest, testInstance = org.waldreg.reward.tag.RewardTagManagerTest@3bae64d0, testMethod = UPDATE_REWARD_TAG_SUCCESS_TEST@RewardTagManagerTest, testException = [null], mergedContextConfiguration = [MergedContextConfiguration@53de625d testClass = RewardTagManagerTest, locations = '{}', classes = '{class org.waldreg.reward.tag.DefaultRewardTagManager, class org.waldreg.reward.tag.lib.TagExceedClipper}', contextInitializerClasses = '[]', activeProfiles = '{}', propertySourceLocations = '{}', propertySourceProperties = '{}', contextCustomizers = set[org.springframework.boot.test.autoconfigure.actuate.metrics.MetricsExportContextCustomizerFactory$DisableMetricExportContextCustomizer@4f3bbf68, org.springframework.boot.test.autoconfigure.properties.PropertyMappingContextCustomizer@0, org.springframework.boot.test.autoconfigure.web.servlet.WebDriverContextCustomizerFactory$Customizer@3daf7722, org.springframework.boot.test.context.filter.ExcludeFilterContextCustomizer@1fc32e4f, org.springframework.boot.test.json.DuplicateJsonObjectContextCustomizerFactory$DuplicateJsonObjectContextCustomizer@7efaad5a, org.springframework.boot.test.mock.mockito.MockitoContextCustomizer@4ceec05d], contextLoader = 'org.springframework.test.context.support.DelegatingSmartContextLoader', parent = [null]], attributes = map['org.springframework.test.context.event.ApplicationEventsTestExecutionListener.recordApplicationEvents' -> false]], class annotated with @DirtiesContext [false] with mode [null], method annotated with @DirtiesContext [false] with mode [null].
01:05:15.946 [Test worker] DEBUG org.springframework.test.context.cache.DefaultCacheAwareContextLoaderDelegate - Retrieved ApplicationContext [792782299] from cache with key [[MergedContextConfiguration@53de625d testClass = RewardTagManagerTest, locations = '{}', classes = '{class org.waldreg.reward.tag.DefaultRewardTagManager, class org.waldreg.reward.tag.lib.TagExceedClipper}', contextInitializerClasses = '[]', activeProfiles = '{}', propertySourceLocations = '{}', propertySourceProperties = '{}', contextCustomizers = set[org.springframework.boot.test.autoconfigure.actuate.metrics.MetricsExportContextCustomizerFactory$DisableMetricExportContextCustomizer@4f3bbf68, org.springframework.boot.test.autoconfigure.properties.PropertyMappingContextCustomizer@0, org.springframework.boot.test.autoconfigure.web.servlet.WebDriverContextCustomizerFactory$Customizer@3daf7722, org.springframework.boot.test.context.filter.ExcludeFilterContextCustomizer@1fc32e4f, org.springframework.boot.test.json.DuplicateJsonObjectContextCustomizerFactory$DuplicateJsonObjectContextCustomizer@7efaad5a, org.springframework.boot.test.mock.mockito.MockitoContextCustomizer@4ceec05d], contextLoader = 'org.springframework.test.context.support.DelegatingSmartContextLoader', parent = [null]]]
01:05:15.946 [Test worker] DEBUG org.springframework.test.context.cache - Spring test ApplicationContext cache statistics: [DefaultContextCache@5782d777 size = 1, maxSize = 32, parentContextCount = 0, hitCount = 39, missCount = 1]
01:05:15.956 [Test worker] DEBUG org.springframework.test.context.cache.DefaultCacheAwareContextLoaderDelegate - Retrieved ApplicationContext [792782299] from cache with key [[MergedContextConfiguration@53de625d testClass = RewardTagManagerTest, locations = '{}', classes = '{class org.waldreg.reward.tag.DefaultRewardTagManager, class org.waldreg.reward.tag.lib.TagExceedClipper}', contextInitializerClasses = '[]', activeProfiles = '{}', propertySourceLocations = '{}', propertySourceProperties = '{}', contextCustomizers = set[org.springframework.boot.test.autoconfigure.actuate.metrics.MetricsExportContextCustomizerFactory$DisableMetricExportContextCustomizer@4f3bbf68, org.springframework.boot.test.autoconfigure.properties.PropertyMappingContextCustomizer@0, org.springframework.boot.test.autoconfigure.web.servlet.WebDriverContextCustomizerFactory$Customizer@3daf7722, org.springframework.boot.test.context.filter.ExcludeFilterContextCustomizer@1fc32e4f, org.springframework.boot.test.json.DuplicateJsonObjectContextCustomizerFactory$DuplicateJsonObjectContextCustomizer@7efaad5a, org.springframework.boot.test.mock.mockito.MockitoContextCustomizer@4ceec05d], contextLoader = 'org.springframework.test.context.support.DelegatingSmartContextLoader', parent = [null]]]
01:05:15.956 [Test worker] DEBUG org.springframework.test.context.cache - Spring test ApplicationContext cache statistics: [DefaultContextCache@5782d777 size = 1, maxSize = 32, parentContextCount = 0, hitCount = 40, missCount = 1]
01:05:15.957 [Test worker] DEBUG org.springframework.test.context.cache.DefaultCacheAwareContextLoaderDelegate - Retrieved ApplicationContext [792782299] from cache with key [[MergedContextConfiguration@53de625d testClass = RewardTagManagerTest, locations = '{}', classes = '{class org.waldreg.reward.tag.DefaultRewardTagManager, class org.waldreg.reward.tag.lib.TagExceedClipper}', contextInitializerClasses = '[]', activeProfiles = '{}', propertySourceLocations = '{}', propertySourceProperties = '{}', contextCustomizers = set[org.springframework.boot.test.autoconfigure.actuate.metrics.MetricsExportContextCustomizerFactory$DisableMetricExportContextCustomizer@4f3bbf68, org.springframework.boot.test.autoconfigure.properties.PropertyMappingContextCustomizer@0, org.springframework.boot.test.autoconfigure.web.servlet.WebDriverContextCustomizerFactory$Customizer@3daf7722, org.springframework.boot.test.context.filter.ExcludeFilterContextCustomizer@1fc32e4f, org.springframework.boot.test.json.DuplicateJsonObjectContextCustomizerFactory$DuplicateJsonObjectContextCustomizer@7efaad5a, org.springframework.boot.test.mock.mockito.MockitoContextCustomizer@4ceec05d], contextLoader = 'org.springframework.test.context.support.DelegatingSmartContextLoader', parent = [null]]]
01:05:15.957 [Test worker] DEBUG org.springframework.test.context.cache - Spring test ApplicationContext cache statistics: [DefaultContextCache@5782d777 size = 1, maxSize = 32, parentContextCount = 0, hitCount = 41, missCount = 1]
01:05:15.958 [Test worker] DEBUG org.springframework.test.context.cache.DefaultCacheAwareContextLoaderDelegate - Retrieved ApplicationContext [792782299] from cache with key [[MergedContextConfiguration@53de625d testClass = RewardTagManagerTest, locations = '{}', classes = '{class org.waldreg.reward.tag.DefaultRewardTagManager, class org.waldreg.reward.tag.lib.TagExceedClipper}', contextInitializerClasses = '[]', activeProfiles = '{}', propertySourceLocations = '{}', propertySourceProperties = '{}', contextCustomizers = set[org.springframework.boot.test.autoconfigure.actuate.metrics.MetricsExportContextCustomizerFactory$DisableMetricExportContextCustomizer@4f3bbf68, org.springframework.boot.test.autoconfigure.properties.PropertyMappingContextCustomizer@0, org.springframework.boot.test.autoconfigure.web.servlet.WebDriverContextCustomizerFactory$Customizer@3daf7722, org.springframework.boot.test.context.filter.ExcludeFilterContextCustomizer@1fc32e4f, org.springframework.boot.test.json.DuplicateJsonObjectContextCustomizerFactory$DuplicateJsonObjectContextCustomizer@7efaad5a, org.springframework.boot.test.mock.mockito.MockitoContextCustomizer@4ceec05d], contextLoader = 'org.springframework.test.context.support.DelegatingSmartContextLoader', parent = [null]]]
01:05:15.958 [Test worker] DEBUG org.springframework.test.context.cache - Spring test ApplicationContext cache statistics: [DefaultContextCache@5782d777 size = 1, maxSize = 32, parentContextCount = 0, hitCount = 42, missCount = 1]
01:05:15.958 [Test worker] DEBUG org.springframework.test.context.cache.DefaultCacheAwareContextLoaderDelegate - Retrieved ApplicationContext [792782299] from cache with key [[MergedContextConfiguration@53de625d testClass = RewardTagManagerTest, locations = '{}', classes = '{class org.waldreg.reward.tag.DefaultRewardTagManager, class org.waldreg.reward.tag.lib.TagExceedClipper}', contextInitializerClasses = '[]', activeProfiles = '{}', propertySourceLocations = '{}', propertySourceProperties = '{}', contextCustomizers = set[org.springframework.boot.test.autoconfigure.actuate.metrics.MetricsExportContextCustomizerFactory$DisableMetricExportContextCustomizer@4f3bbf68, org.springframework.boot.test.autoconfigure.properties.PropertyMappingContextCustomizer@0, org.springframework.boot.test.autoconfigure.web.servlet.WebDriverContextCustomizerFactory$Customizer@3daf7722, org.springframework.boot.test.context.filter.ExcludeFilterContextCustomizer@1fc32e4f, org.springframework.boot.test.json.DuplicateJsonObjectContextCustomizerFactory$DuplicateJsonObjectContextCustomizer@7efaad5a, org.springframework.boot.test.mock.mockito.MockitoContextCustomizer@4ceec05d], contextLoader = 'org.springframework.test.context.support.DelegatingSmartContextLoader', parent = [null]]]
01:05:15.958 [Test worker] DEBUG org.springframework.test.context.cache - Spring test ApplicationContext cache statistics: [DefaultContextCache@5782d777 size = 1, maxSize = 32, parentContextCount = 0, hitCount = 43, missCount = 1]
01:05:15.968 [Test worker] DEBUG org.springframework.test.context.cache.DefaultCacheAwareContextLoaderDelegate - Retrieved ApplicationContext [792782299] from cache with key [[MergedContextConfiguration@53de625d testClass = RewardTagManagerTest, locations = '{}', classes = '{class org.waldreg.reward.tag.DefaultRewardTagManager, class org.waldreg.reward.tag.lib.TagExceedClipper}', contextInitializerClasses = '[]', activeProfiles = '{}', propertySourceLocations = '{}', propertySourceProperties = '{}', contextCustomizers = set[org.springframework.boot.test.autoconfigure.actuate.metrics.MetricsExportContextCustomizerFactory$DisableMetricExportContextCustomizer@4f3bbf68, org.springframework.boot.test.autoconfigure.properties.PropertyMappingContextCustomizer@0, org.springframework.boot.test.autoconfigure.web.servlet.WebDriverContextCustomizerFactory$Customizer@3daf7722, org.springframework.boot.test.context.filter.ExcludeFilterContextCustomizer@1fc32e4f, org.springframework.boot.test.json.DuplicateJsonObjectContextCustomizerFactory$DuplicateJsonObjectContextCustomizer@7efaad5a, org.springframework.boot.test.mock.mockito.MockitoContextCustomizer@4ceec05d], contextLoader = 'org.springframework.test.context.support.DelegatingSmartContextLoader', parent = [null]]]
01:05:15.968 [Test worker] DEBUG org.springframework.test.context.cache - Spring test ApplicationContext cache statistics: [DefaultContextCache@5782d777 size = 1, maxSize = 32, parentContextCount = 0, hitCount = 44, missCount = 1]
01:05:15.969 [Test worker] DEBUG org.springframework.test.context.cache.DefaultCacheAwareContextLoaderDelegate - Retrieved ApplicationContext [792782299] from cache with key [[MergedContextConfiguration@53de625d testClass = RewardTagManagerTest, locations = '{}', classes = '{class org.waldreg.reward.tag.DefaultRewardTagManager, class org.waldreg.reward.tag.lib.TagExceedClipper}', contextInitializerClasses = '[]', activeProfiles = '{}', propertySourceLocations = '{}', propertySourceProperties = '{}', contextCustomizers = set[org.springframework.boot.test.autoconfigure.actuate.metrics.MetricsExportContextCustomizerFactory$DisableMetricExportContextCustomizer@4f3bbf68, org.springframework.boot.test.autoconfigure.properties.PropertyMappingContextCustomizer@0, org.springframework.boot.test.autoconfigure.web.servlet.WebDriverContextCustomizerFactory$Customizer@3daf7722, org.springframework.boot.test.context.filter.ExcludeFilterContextCustomizer@1fc32e4f, org.springframework.boot.test.json.DuplicateJsonObjectContextCustomizerFactory$DuplicateJsonObjectContextCustomizer@7efaad5a, org.springframework.boot.test.mock.mockito.MockitoContextCustomizer@4ceec05d], contextLoader = 'org.springframework.test.context.support.DelegatingSmartContextLoader', parent = [null]]]
01:05:15.969 [Test worker] DEBUG org.springframework.test.context.cache - Spring test ApplicationContext cache statistics: [DefaultContextCache@5782d777 size = 1, maxSize = 32, parentContextCount = 0, hitCount = 45, missCount = 1]
01:05:15.969 [Test worker] DEBUG org.springframework.test.context.cache.DefaultCacheAwareContextLoaderDelegate - Retrieved ApplicationContext [792782299] from cache with key [[MergedContextConfiguration@53de625d testClass = RewardTagManagerTest, locations = '{}', classes = '{class org.waldreg.reward.tag.DefaultRewardTagManager, class org.waldreg.reward.tag.lib.TagExceedClipper}', contextInitializerClasses = '[]', activeProfiles = '{}', propertySourceLocations = '{}', propertySourceProperties = '{}', contextCustomizers = set[org.springframework.boot.test.autoconfigure.actuate.metrics.MetricsExportContextCustomizerFactory$DisableMetricExportContextCustomizer@4f3bbf68, org.springframework.boot.test.autoconfigure.properties.PropertyMappingContextCustomizer@0, org.springframework.boot.test.autoconfigure.web.servlet.WebDriverContextCustomizerFactory$Customizer@3daf7722, org.springframework.boot.test.context.filter.ExcludeFilterContextCustomizer@1fc32e4f, org.springframework.boot.test.json.DuplicateJsonObjectContextCustomizerFactory$DuplicateJsonObjectContextCustomizer@7efaad5a, org.springframework.boot.test.mock.mockito.MockitoContextCustomizer@4ceec05d], contextLoader = 'org.springframework.test.context.support.DelegatingSmartContextLoader', parent = [null]]]
01:05:15.969 [Test worker] DEBUG org.springframework.test.context.cache - Spring test ApplicationContext cache statistics: [DefaultContextCache@5782d777 size = 1, maxSize = 32, parentContextCount = 0, hitCount = 46, missCount = 1]
01:05:15.982 [Test worker] DEBUG org.springframework.test.context.cache.DefaultCacheAwareContextLoaderDelegate - Retrieved ApplicationContext [792782299] from cache with key [[MergedContextConfiguration@53de625d testClass = RewardTagManagerTest, locations = '{}', classes = '{class org.waldreg.reward.tag.DefaultRewardTagManager, class org.waldreg.reward.tag.lib.TagExceedClipper}', contextInitializerClasses = '[]', activeProfiles = '{}', propertySourceLocations = '{}', propertySourceProperties = '{}', contextCustomizers = set[org.springframework.boot.test.autoconfigure.actuate.metrics.MetricsExportContextCustomizerFactory$DisableMetricExportContextCustomizer@4f3bbf68, org.springframework.boot.test.autoconfigure.properties.PropertyMappingContextCustomizer@0, org.springframework.boot.test.autoconfigure.web.servlet.WebDriverContextCustomizerFactory$Customizer@3daf7722, org.springframework.boot.test.context.filter.ExcludeFilterContextCustomizer@1fc32e4f, org.springframework.boot.test.json.DuplicateJsonObjectContextCustomizerFactory$DuplicateJsonObjectContextCustomizer@7efaad5a, org.springframework.boot.test.mock.mockito.MockitoContextCustomizer@4ceec05d], contextLoader = 'org.springframework.test.context.support.DelegatingSmartContextLoader', parent = [null]]]
01:05:15.982 [Test worker] DEBUG org.springframework.test.context.cache - Spring test ApplicationContext cache statistics: [DefaultContextCache@5782d777 size = 1, maxSize = 32, parentContextCount = 0, hitCount = 47, missCount = 1]
01:05:15.982 [Test worker] DEBUG org.springframework.test.context.support.AbstractDirtiesContextTestExecutionListener - After test method: context [DefaultTestContext@2a62b5bc testClass = RewardTagManagerTest, testInstance = org.waldreg.reward.tag.RewardTagManagerTest@3bae64d0, testMethod = UPDATE_REWARD_TAG_SUCCESS_TEST@RewardTagManagerTest, testException = [null], mergedContextConfiguration = [MergedContextConfiguration@53de625d testClass = RewardTagManagerTest, locations = '{}', classes = '{class org.waldreg.reward.tag.DefaultRewardTagManager, class org.waldreg.reward.tag.lib.TagExceedClipper}', contextInitializerClasses = '[]', activeProfiles = '{}', propertySourceLocations = '{}', propertySourceProperties = '{}', contextCustomizers = set[org.springframework.boot.test.autoconfigure.actuate.metrics.MetricsExportContextCustomizerFactory$DisableMetricExportContextCustomizer@4f3bbf68, org.springframework.boot.test.autoconfigure.properties.PropertyMappingContextCustomizer@0, org.springframework.boot.test.autoconfigure.web.servlet.WebDriverContextCustomizerFactory$Customizer@3daf7722, org.springframework.boot.test.context.filter.ExcludeFilterContextCustomizer@1fc32e4f, org.springframework.boot.test.json.DuplicateJsonObjectContextCustomizerFactory$DuplicateJsonObjectContextCustomizer@7efaad5a, org.springframework.boot.test.mock.mockito.MockitoContextCustomizer@4ceec05d], contextLoader = 'org.springframework.test.context.support.DelegatingSmartContextLoader', parent = [null]], attributes = map['org.springframework.test.context.event.ApplicationEventsTestExecutionListener.recordApplicationEvents' -> false]], class annotated with @DirtiesContext [false] with mode [null], method annotated with @DirtiesContext [false] with mode [null].
01:05:15.983 [Test worker] DEBUG org.springframework.test.context.cache.DefaultCacheAwareContextLoaderDelegate - Retrieved ApplicationContext [792782299] from cache with key [[MergedContextConfiguration@53de625d testClass = RewardTagManagerTest, locations = '{}', classes = '{class org.waldreg.reward.tag.DefaultRewardTagManager, class org.waldreg.reward.tag.lib.TagExceedClipper}', contextInitializerClasses = '[]', activeProfiles = '{}', propertySourceLocations = '{}', propertySourceProperties = '{}', contextCustomizers = set[org.springframework.boot.test.autoconfigure.actuate.metrics.MetricsExportContextCustomizerFactory$DisableMetricExportContextCustomizer@4f3bbf68, org.springframework.boot.test.autoconfigure.properties.PropertyMappingContextCustomizer@0, org.springframework.boot.test.autoconfigure.web.servlet.WebDriverContextCustomizerFactory$Customizer@3daf7722, org.springframework.boot.test.context.filter.ExcludeFilterContextCustomizer@1fc32e4f, org.springframework.boot.test.json.DuplicateJsonObjectContextCustomizerFactory$DuplicateJsonObjectContextCustomizer@7efaad5a, org.springframework.boot.test.mock.mockito.MockitoContextCustomizer@4ceec05d], contextLoader = 'org.springframework.test.context.support.DelegatingSmartContextLoader', parent = [null]]]
01:05:15.983 [Test worker] DEBUG org.springframework.test.context.cache - Spring test ApplicationContext cache statistics: [DefaultContextCache@5782d777 size = 1, maxSize = 32, parentContextCount = 0, hitCount = 48, missCount = 1]
01:05:15.983 [Test worker] DEBUG org.springframework.test.context.support.DependencyInjectionTestExecutionListener - Performing dependency injection for test context [[DefaultTestContext@2a62b5bc testClass = RewardTagManagerTest, testInstance = org.waldreg.reward.tag.RewardTagManagerTest@1fba386c, testMethod = [null], testException = [null], mergedContextConfiguration = [MergedContextConfiguration@53de625d testClass = RewardTagManagerTest, locations = '{}', classes = '{class org.waldreg.reward.tag.DefaultRewardTagManager, class org.waldreg.reward.tag.lib.TagExceedClipper}', contextInitializerClasses = '[]', activeProfiles = '{}', propertySourceLocations = '{}', propertySourceProperties = '{}', contextCustomizers = set[org.springframework.boot.test.autoconfigure.actuate.metrics.MetricsExportContextCustomizerFactory$DisableMetricExportContextCustomizer@4f3bbf68, org.springframework.boot.test.autoconfigure.properties.PropertyMappingContextCustomizer@0, org.springframework.boot.test.autoconfigure.web.servlet.WebDriverContextCustomizerFactory$Customizer@3daf7722, org.springframework.boot.test.context.filter.ExcludeFilterContextCustomizer@1fc32e4f, org.springframework.boot.test.json.DuplicateJsonObjectContextCustomizerFactory$DuplicateJsonObjectContextCustomizer@7efaad5a, org.springframework.boot.test.mock.mockito.MockitoContextCustomizer@4ceec05d], contextLoader = 'org.springframework.test.context.support.DelegatingSmartContextLoader', parent = [null]], attributes = map['org.springframework.test.context.event.ApplicationEventsTestExecutionListener.recordApplicationEvents' -> false]]].
01:05:15.983 [Test worker] DEBUG org.springframework.test.context.cache.DefaultCacheAwareContextLoaderDelegate - Retrieved ApplicationContext [792782299] from cache with key [[MergedContextConfiguration@53de625d testClass = RewardTagManagerTest, locations = '{}', classes = '{class org.waldreg.reward.tag.DefaultRewardTagManager, class org.waldreg.reward.tag.lib.TagExceedClipper}', contextInitializerClasses = '[]', activeProfiles = '{}', propertySourceLocations = '{}', propertySourceProperties = '{}', contextCustomizers = set[org.springframework.boot.test.autoconfigure.actuate.metrics.MetricsExportContextCustomizerFactory$DisableMetricExportContextCustomizer@4f3bbf68, org.springframework.boot.test.autoconfigure.properties.PropertyMappingContextCustomizer@0, org.springframework.boot.test.autoconfigure.web.servlet.WebDriverContextCustomizerFactory$Customizer@3daf7722, org.springframework.boot.test.context.filter.ExcludeFilterContextCustomizer@1fc32e4f, org.springframework.boot.test.json.DuplicateJsonObjectContextCustomizerFactory$DuplicateJsonObjectContextCustomizer@7efaad5a, org.springframework.boot.test.mock.mockito.MockitoContextCustomizer@4ceec05d], contextLoader = 'org.springframework.test.context.support.DelegatingSmartContextLoader', parent = [null]]]
01:05:15.983 [Test worker] DEBUG org.springframework.test.context.cache - Spring test ApplicationContext cache statistics: [DefaultContextCache@5782d777 size = 1, maxSize = 32, parentContextCount = 0, hitCount = 49, missCount = 1]
01:05:15.984 [Test worker] DEBUG org.springframework.test.context.cache.DefaultCacheAwareContextLoaderDelegate - Retrieved ApplicationContext [792782299] from cache with key [[MergedContextConfiguration@53de625d testClass = RewardTagManagerTest, locations = '{}', classes = '{class org.waldreg.reward.tag.DefaultRewardTagManager, class org.waldreg.reward.tag.lib.TagExceedClipper}', contextInitializerClasses = '[]', activeProfiles = '{}', propertySourceLocations = '{}', propertySourceProperties = '{}', contextCustomizers = set[org.springframework.boot.test.autoconfigure.actuate.metrics.MetricsExportContextCustomizerFactory$DisableMetricExportContextCustomizer@4f3bbf68, org.springframework.boot.test.autoconfigure.properties.PropertyMappingContextCustomizer@0, org.springframework.boot.test.autoconfigure.web.servlet.WebDriverContextCustomizerFactory$Customizer@3daf7722, org.springframework.boot.test.context.filter.ExcludeFilterContextCustomizer@1fc32e4f, org.springframework.boot.test.json.DuplicateJsonObjectContextCustomizerFactory$DuplicateJsonObjectContextCustomizer@7efaad5a, org.springframework.boot.test.mock.mockito.MockitoContextCustomizer@4ceec05d], contextLoader = 'org.springframework.test.context.support.DelegatingSmartContextLoader', parent = [null]]]
01:05:15.984 [Test worker] DEBUG org.springframework.test.context.cache - Spring test ApplicationContext cache statistics: [DefaultContextCache@5782d777 size = 1, maxSize = 32, parentContextCount = 0, hitCount = 50, missCount = 1]
01:05:15.986 [Test worker] DEBUG org.springframework.test.context.support.AbstractDirtiesContextTestExecutionListener - Before test method: context [DefaultTestContext@2a62b5bc testClass = RewardTagManagerTest, testInstance = org.waldreg.reward.tag.RewardTagManagerTest@1fba386c, testMethod = CREATE_NEW_REWARD_TAG_SUCCESS_TEST@RewardTagManagerTest, testException = [null], mergedContextConfiguration = [MergedContextConfiguration@53de625d testClass = RewardTagManagerTest, locations = '{}', classes = '{class org.waldreg.reward.tag.DefaultRewardTagManager, class org.waldreg.reward.tag.lib.TagExceedClipper}', contextInitializerClasses = '[]', activeProfiles = '{}', propertySourceLocations = '{}', propertySourceProperties = '{}', contextCustomizers = set[org.springframework.boot.test.autoconfigure.actuate.metrics.MetricsExportContextCustomizerFactory$DisableMetricExportContextCustomizer@4f3bbf68, org.springframework.boot.test.autoconfigure.properties.PropertyMappingContextCustomizer@0, org.springframework.boot.test.autoconfigure.web.servlet.WebDriverContextCustomizerFactory$Customizer@3daf7722, org.springframework.boot.test.context.filter.ExcludeFilterContextCustomizer@1fc32e4f, org.springframework.boot.test.json.DuplicateJsonObjectContextCustomizerFactory$DuplicateJsonObjectContextCustomizer@7efaad5a, org.springframework.boot.test.mock.mockito.MockitoContextCustomizer@4ceec05d], contextLoader = 'org.springframework.test.context.support.DelegatingSmartContextLoader', parent = [null]], attributes = map['org.springframework.test.context.event.ApplicationEventsTestExecutionListener.recordApplicationEvents' -> false]], class annotated with @DirtiesContext [false] with mode [null], method annotated with @DirtiesContext [false] with mode [null].
01:05:15.986 [Test worker] DEBUG org.springframework.test.context.cache.DefaultCacheAwareContextLoaderDelegate - Retrieved ApplicationContext [792782299] from cache with key [[MergedContextConfiguration@53de625d testClass = RewardTagManagerTest, locations = '{}', classes = '{class org.waldreg.reward.tag.DefaultRewardTagManager, class org.waldreg.reward.tag.lib.TagExceedClipper}', contextInitializerClasses = '[]', activeProfiles = '{}', propertySourceLocations = '{}', propertySourceProperties = '{}', contextCustomizers = set[org.springframework.boot.test.autoconfigure.actuate.metrics.MetricsExportContextCustomizerFactory$DisableMetricExportContextCustomizer@4f3bbf68, org.springframework.boot.test.autoconfigure.properties.PropertyMappingContextCustomizer@0, org.springframework.boot.test.autoconfigure.web.servlet.WebDriverContextCustomizerFactory$Customizer@3daf7722, org.springframework.boot.test.context.filter.ExcludeFilterContextCustomizer@1fc32e4f, org.springframework.boot.test.json.DuplicateJsonObjectContextCustomizerFactory$DuplicateJsonObjectContextCustomizer@7efaad5a, org.springframework.boot.test.mock.mockito.MockitoContextCustomizer@4ceec05d], contextLoader = 'org.springframework.test.context.support.DelegatingSmartContextLoader', parent = [null]]]
01:05:15.986 [Test worker] DEBUG org.springframework.test.context.cache - Spring test ApplicationContext cache statistics: [DefaultContextCache@5782d777 size = 1, maxSize = 32, parentContextCount = 0, hitCount = 51, missCount = 1]
01:05:15.997 [Test worker] DEBUG org.springframework.test.context.cache.DefaultCacheAwareContextLoaderDelegate - Retrieved ApplicationContext [792782299] from cache with key [[MergedContextConfiguration@53de625d testClass = RewardTagManagerTest, locations = '{}', classes = '{class org.waldreg.reward.tag.DefaultRewardTagManager, class org.waldreg.reward.tag.lib.TagExceedClipper}', contextInitializerClasses = '[]', activeProfiles = '{}', propertySourceLocations = '{}', propertySourceProperties = '{}', contextCustomizers = set[org.springframework.boot.test.autoconfigure.actuate.metrics.MetricsExportContextCustomizerFactory$DisableMetricExportContextCustomizer@4f3bbf68, org.springframework.boot.test.autoconfigure.properties.PropertyMappingContextCustomizer@0, org.springframework.boot.test.autoconfigure.web.servlet.WebDriverContextCustomizerFactory$Customizer@3daf7722, org.springframework.boot.test.context.filter.ExcludeFilterContextCustomizer@1fc32e4f, org.springframework.boot.test.json.DuplicateJsonObjectContextCustomizerFactory$DuplicateJsonObjectContextCustomizer@7efaad5a, org.springframework.boot.test.mock.mockito.MockitoContextCustomizer@4ceec05d], contextLoader = 'org.springframework.test.context.support.DelegatingSmartContextLoader', parent = [null]]]
01:05:15.997 [Test worker] DEBUG org.springframework.test.context.cache - Spring test ApplicationContext cache statistics: [DefaultContextCache@5782d777 size = 1, maxSize = 32, parentContextCount = 0, hitCount = 52, missCount = 1]
01:05:15.997 [Test worker] DEBUG org.springframework.test.context.cache.DefaultCacheAwareContextLoaderDelegate - Retrieved ApplicationContext [792782299] from cache with key [[MergedContextConfiguration@53de625d testClass = RewardTagManagerTest, locations = '{}', classes = '{class org.waldreg.reward.tag.DefaultRewardTagManager, class org.waldreg.reward.tag.lib.TagExceedClipper}', contextInitializerClasses = '[]', activeProfiles = '{}', propertySourceLocations = '{}', propertySourceProperties = '{}', contextCustomizers = set[org.springframework.boot.test.autoconfigure.actuate.metrics.MetricsExportContextCustomizerFactory$DisableMetricExportContextCustomizer@4f3bbf68, org.springframework.boot.test.autoconfigure.properties.PropertyMappingContextCustomizer@0, org.springframework.boot.test.autoconfigure.web.servlet.WebDriverContextCustomizerFactory$Customizer@3daf7722, org.springframework.boot.test.context.filter.ExcludeFilterContextCustomizer@1fc32e4f, org.springframework.boot.test.json.DuplicateJsonObjectContextCustomizerFactory$DuplicateJsonObjectContextCustomizer@7efaad5a, org.springframework.boot.test.mock.mockito.MockitoContextCustomizer@4ceec05d], contextLoader = 'org.springframework.test.context.support.DelegatingSmartContextLoader', parent = [null]]]
01:05:15.997 [Test worker] DEBUG org.springframework.test.context.cache - Spring test ApplicationContext cache statistics: [DefaultContextCache@5782d777 size = 1, maxSize = 32, parentContextCount = 0, hitCount = 53, missCount = 1]
01:05:15.998 [Test worker] DEBUG org.springframework.test.context.cache.DefaultCacheAwareContextLoaderDelegate - Retrieved ApplicationContext [792782299] from cache with key [[MergedContextConfiguration@53de625d testClass = RewardTagManagerTest, locations = '{}', classes = '{class org.waldreg.reward.tag.DefaultRewardTagManager, class org.waldreg.reward.tag.lib.TagExceedClipper}', contextInitializerClasses = '[]', activeProfiles = '{}', propertySourceLocations = '{}', propertySourceProperties = '{}', contextCustomizers = set[org.springframework.boot.test.autoconfigure.actuate.metrics.MetricsExportContextCustomizerFactory$DisableMetricExportContextCustomizer@4f3bbf68, org.springframework.boot.test.autoconfigure.properties.PropertyMappingContextCustomizer@0, org.springframework.boot.test.autoconfigure.web.servlet.WebDriverContextCustomizerFactory$Customizer@3daf7722, org.springframework.boot.test.context.filter.ExcludeFilterContextCustomizer@1fc32e4f, org.springframework.boot.test.json.DuplicateJsonObjectContextCustomizerFactory$DuplicateJsonObjectContextCustomizer@7efaad5a, org.springframework.boot.test.mock.mockito.MockitoContextCustomizer@4ceec05d], contextLoader = 'org.springframework.test.context.support.DelegatingSmartContextLoader', parent = [null]]]
01:05:15.998 [Test worker] DEBUG org.springframework.test.context.cache - Spring test ApplicationContext cache statistics: [DefaultContextCache@5782d777 size = 1, maxSize = 32, parentContextCount = 0, hitCount = 54, missCount = 1]
01:05:15.998 [Test worker] DEBUG org.springframework.test.context.cache.DefaultCacheAwareContextLoaderDelegate - Retrieved ApplicationContext [792782299] from cache with key [[MergedContextConfiguration@53de625d testClass = RewardTagManagerTest, locations = '{}', classes = '{class org.waldreg.reward.tag.DefaultRewardTagManager, class org.waldreg.reward.tag.lib.TagExceedClipper}', contextInitializerClasses = '[]', activeProfiles = '{}', propertySourceLocations = '{}', propertySourceProperties = '{}', contextCustomizers = set[org.springframework.boot.test.autoconfigure.actuate.metrics.MetricsExportContextCustomizerFactory$DisableMetricExportContextCustomizer@4f3bbf68, org.springframework.boot.test.autoconfigure.properties.PropertyMappingContextCustomizer@0, org.springframework.boot.test.autoconfigure.web.servlet.WebDriverContextCustomizerFactory$Customizer@3daf7722, org.springframework.boot.test.context.filter.ExcludeFilterContextCustomizer@1fc32e4f, org.springframework.boot.test.json.DuplicateJsonObjectContextCustomizerFactory$DuplicateJsonObjectContextCustomizer@7efaad5a, org.springframework.boot.test.mock.mockito.MockitoContextCustomizer@4ceec05d], contextLoader = 'org.springframework.test.context.support.DelegatingSmartContextLoader', parent = [null]]]
01:05:15.999 [Test worker] DEBUG org.springframework.test.context.cache - Spring test ApplicationContext cache statistics: [DefaultContextCache@5782d777 size = 1, maxSize = 32, parentContextCount = 0, hitCount = 55, missCount = 1]
01:05:16.007 [Test worker] DEBUG org.springframework.test.context.cache.DefaultCacheAwareContextLoaderDelegate - Retrieved ApplicationContext [792782299] from cache with key [[MergedContextConfiguration@53de625d testClass = RewardTagManagerTest, locations = '{}', classes = '{class org.waldreg.reward.tag.DefaultRewardTagManager, class org.waldreg.reward.tag.lib.TagExceedClipper}', contextInitializerClasses = '[]', activeProfiles = '{}', propertySourceLocations = '{}', propertySourceProperties = '{}', contextCustomizers = set[org.springframework.boot.test.autoconfigure.actuate.metrics.MetricsExportContextCustomizerFactory$DisableMetricExportContextCustomizer@4f3bbf68, org.springframework.boot.test.autoconfigure.properties.PropertyMappingContextCustomizer@0, org.springframework.boot.test.autoconfigure.web.servlet.WebDriverContextCustomizerFactory$Customizer@3daf7722, org.springframework.boot.test.context.filter.ExcludeFilterContextCustomizer@1fc32e4f, org.springframework.boot.test.json.DuplicateJsonObjectContextCustomizerFactory$DuplicateJsonObjectContextCustomizer@7efaad5a, org.springframework.boot.test.mock.mockito.MockitoContextCustomizer@4ceec05d], contextLoader = 'org.springframework.test.context.support.DelegatingSmartContextLoader', parent = [null]]]
01:05:16.007 [Test worker] DEBUG org.springframework.test.context.cache - Spring test ApplicationContext cache statistics: [DefaultContextCache@5782d777 size = 1, maxSize = 32, parentContextCount = 0, hitCount = 56, missCount = 1]
01:05:16.007 [Test worker] DEBUG org.springframework.test.context.cache.DefaultCacheAwareContextLoaderDelegate - Retrieved ApplicationContext [792782299] from cache with key [[MergedContextConfiguration@53de625d testClass = RewardTagManagerTest, locations = '{}', classes = '{class org.waldreg.reward.tag.DefaultRewardTagManager, class org.waldreg.reward.tag.lib.TagExceedClipper}', contextInitializerClasses = '[]', activeProfiles = '{}', propertySourceLocations = '{}', propertySourceProperties = '{}', contextCustomizers = set[org.springframework.boot.test.autoconfigure.actuate.metrics.MetricsExportContextCustomizerFactory$DisableMetricExportContextCustomizer@4f3bbf68, org.springframework.boot.test.autoconfigure.properties.PropertyMappingContextCustomizer@0, org.springframework.boot.test.autoconfigure.web.servlet.WebDriverContextCustomizerFactory$Customizer@3daf7722, org.springframework.boot.test.context.filter.ExcludeFilterContextCustomizer@1fc32e4f, org.springframework.boot.test.json.DuplicateJsonObjectContextCustomizerFactory$DuplicateJsonObjectContextCustomizer@7efaad5a, org.springframework.boot.test.mock.mockito.MockitoContextCustomizer@4ceec05d], contextLoader = 'org.springframework.test.context.support.DelegatingSmartContextLoader', parent = [null]]]
01:05:16.007 [Test worker] DEBUG org.springframework.test.context.cache - Spring test ApplicationContext cache statistics: [DefaultContextCache@5782d777 size = 1, maxSize = 32, parentContextCount = 0, hitCount = 57, missCount = 1]
01:05:16.007 [Test worker] DEBUG org.springframework.test.context.cache.DefaultCacheAwareContextLoaderDelegate - Retrieved ApplicationContext [792782299] from cache with key [[MergedContextConfiguration@53de625d testClass = RewardTagManagerTest, locations = '{}', classes = '{class org.waldreg.reward.tag.DefaultRewardTagManager, class org.waldreg.reward.tag.lib.TagExceedClipper}', contextInitializerClasses = '[]', activeProfiles = '{}', propertySourceLocations = '{}', propertySourceProperties = '{}', contextCustomizers = set[org.springframework.boot.test.autoconfigure.actuate.metrics.MetricsExportContextCustomizerFactory$DisableMetricExportContextCustomizer@4f3bbf68, org.springframework.boot.test.autoconfigure.properties.PropertyMappingContextCustomizer@0, org.springframework.boot.test.autoconfigure.web.servlet.WebDriverContextCustomizerFactory$Customizer@3daf7722, org.springframework.boot.test.context.filter.ExcludeFilterContextCustomizer@1fc32e4f, org.springframework.boot.test.json.DuplicateJsonObjectContextCustomizerFactory$DuplicateJsonObjectContextCustomizer@7efaad5a, org.springframework.boot.test.mock.mockito.MockitoContextCustomizer@4ceec05d], contextLoader = 'org.springframework.test.context.support.DelegatingSmartContextLoader', parent = [null]]]
01:05:16.008 [Test worker] DEBUG org.springframework.test.context.cache - Spring test ApplicationContext cache statistics: [DefaultContextCache@5782d777 size = 1, maxSize = 32, parentContextCount = 0, hitCount = 58, missCount = 1]
01:05:16.018 [Test worker] DEBUG org.springframework.test.context.cache.DefaultCacheAwareContextLoaderDelegate - Retrieved ApplicationContext [792782299] from cache with key [[MergedContextConfiguration@53de625d testClass = RewardTagManagerTest, locations = '{}', classes = '{class org.waldreg.reward.tag.DefaultRewardTagManager, class org.waldreg.reward.tag.lib.TagExceedClipper}', contextInitializerClasses = '[]', activeProfiles = '{}', propertySourceLocations = '{}', propertySourceProperties = '{}', contextCustomizers = set[org.springframework.boot.test.autoconfigure.actuate.metrics.MetricsExportContextCustomizerFactory$DisableMetricExportContextCustomizer@4f3bbf68, org.springframework.boot.test.autoconfigure.properties.PropertyMappingContextCustomizer@0, org.springframework.boot.test.autoconfigure.web.servlet.WebDriverContextCustomizerFactory$Customizer@3daf7722, org.springframework.boot.test.context.filter.ExcludeFilterContextCustomizer@1fc32e4f, org.springframework.boot.test.json.DuplicateJsonObjectContextCustomizerFactory$DuplicateJsonObjectContextCustomizer@7efaad5a, org.springframework.boot.test.mock.mockito.MockitoContextCustomizer@4ceec05d], contextLoader = 'org.springframework.test.context.support.DelegatingSmartContextLoader', parent = [null]]]
01:05:16.018 [Test worker] DEBUG org.springframework.test.context.cache - Spring test ApplicationContext cache statistics: [DefaultContextCache@5782d777 size = 1, maxSize = 32, parentContextCount = 0, hitCount = 59, missCount = 1]
01:05:16.018 [Test worker] DEBUG org.springframework.test.context.support.AbstractDirtiesContextTestExecutionListener - After test method: context [DefaultTestContext@2a62b5bc testClass = RewardTagManagerTest, testInstance = org.waldreg.reward.tag.RewardTagManagerTest@1fba386c, testMethod = CREATE_NEW_REWARD_TAG_SUCCESS_TEST@RewardTagManagerTest, testException = [null], mergedContextConfiguration = [MergedContextConfiguration@53de625d testClass = RewardTagManagerTest, locations = '{}', classes = '{class org.waldreg.reward.tag.DefaultRewardTagManager, class org.waldreg.reward.tag.lib.TagExceedClipper}', contextInitializerClasses = '[]', activeProfiles = '{}', propertySourceLocations = '{}', propertySourceProperties = '{}', contextCustomizers = set[org.springframework.boot.test.autoconfigure.actuate.metrics.MetricsExportContextCustomizerFactory$DisableMetricExportContextCustomizer@4f3bbf68, org.springframework.boot.test.autoconfigure.properties.PropertyMappingContextCustomizer@0, org.springframework.boot.test.autoconfigure.web.servlet.WebDriverContextCustomizerFactory$Customizer@3daf7722, org.springframework.boot.test.context.filter.ExcludeFilterContextCustomizer@1fc32e4f, org.springframework.boot.test.json.DuplicateJsonObjectContextCustomizerFactory$DuplicateJsonObjectContextCustomizer@7efaad5a, org.springframework.boot.test.mock.mockito.MockitoContextCustomizer@4ceec05d], contextLoader = 'org.springframework.test.context.support.DelegatingSmartContextLoader', parent = [null]], attributes = map['org.springframework.test.context.event.ApplicationEventsTestExecutionListener.recordApplicationEvents' -> false]], class annotated with @DirtiesContext [false] with mode [null], method annotated with @DirtiesContext [false] with mode [null].
01:05:16.019 [Test worker] DEBUG org.springframework.test.context.cache.DefaultCacheAwareContextLoaderDelegate - Retrieved ApplicationContext [792782299] from cache with key [[MergedContextConfiguration@53de625d testClass = RewardTagManagerTest, locations = '{}', classes = '{class org.waldreg.reward.tag.DefaultRewardTagManager, class org.waldreg.reward.tag.lib.TagExceedClipper}', contextInitializerClasses = '[]', activeProfiles = '{}', propertySourceLocations = '{}', propertySourceProperties = '{}', contextCustomizers = set[org.springframework.boot.test.autoconfigure.actuate.metrics.MetricsExportContextCustomizerFactory$DisableMetricExportContextCustomizer@4f3bbf68, org.springframework.boot.test.autoconfigure.properties.PropertyMappingContextCustomizer@0, org.springframework.boot.test.autoconfigure.web.servlet.WebDriverContextCustomizerFactory$Customizer@3daf7722, org.springframework.boot.test.context.filter.ExcludeFilterContextCustomizer@1fc32e4f, org.springframework.boot.test.json.DuplicateJsonObjectContextCustomizerFactory$DuplicateJsonObjectContextCustomizer@7efaad5a, org.springframework.boot.test.mock.mockito.MockitoContextCustomizer@4ceec05d], contextLoader = 'org.springframework.test.context.support.DelegatingSmartContextLoader', parent = [null]]]
01:05:16.019 [Test worker] DEBUG org.springframework.test.context.cache - Spring test ApplicationContext cache statistics: [DefaultContextCache@5782d777 size = 1, maxSize = 32, parentContextCount = 0, hitCount = 60, missCount = 1]
01:05:16.019 [Test worker] DEBUG org.springframework.test.context.support.DependencyInjectionTestExecutionListener - Performing dependency injection for test context [[DefaultTestContext@2a62b5bc testClass = RewardTagManagerTest, testInstance = org.waldreg.reward.tag.RewardTagManagerTest@3874b815, testMethod = [null], testException = [null], mergedContextConfiguration = [MergedContextConfiguration@53de625d testClass = RewardTagManagerTest, locations = '{}', classes = '{class org.waldreg.reward.tag.DefaultRewardTagManager, class org.waldreg.reward.tag.lib.TagExceedClipper}', contextInitializerClasses = '[]', activeProfiles = '{}', propertySourceLocations = '{}', propertySourceProperties = '{}', contextCustomizers = set[org.springframework.boot.test.autoconfigure.actuate.metrics.MetricsExportContextCustomizerFactory$DisableMetricExportContextCustomizer@4f3bbf68, org.springframework.boot.test.autoconfigure.properties.PropertyMappingContextCustomizer@0, org.springframework.boot.test.autoconfigure.web.servlet.WebDriverContextCustomizerFactory$Customizer@3daf7722, org.springframework.boot.test.context.filter.ExcludeFilterContextCustomizer@1fc32e4f, org.springframework.boot.test.json.DuplicateJsonObjectContextCustomizerFactory$DuplicateJsonObjectContextCustomizer@7efaad5a, org.springframework.boot.test.mock.mockito.MockitoContextCustomizer@4ceec05d], contextLoader = 'org.springframework.test.context.support.DelegatingSmartContextLoader', parent = [null]], attributes = map['org.springframework.test.context.event.ApplicationEventsTestExecutionListener.recordApplicationEvents' -> false]]].
01:05:16.020 [Test worker] DEBUG org.springframework.test.context.cache.DefaultCacheAwareContextLoaderDelegate - Retrieved ApplicationContext [792782299] from cache with key [[MergedContextConfiguration@53de625d testClass = RewardTagManagerTest, locations = '{}', classes = '{class org.waldreg.reward.tag.DefaultRewardTagManager, class org.waldreg.reward.tag.lib.TagExceedClipper}', contextInitializerClasses = '[]', activeProfiles = '{}', propertySourceLocations = '{}', propertySourceProperties = '{}', contextCustomizers = set[org.springframework.boot.test.autoconfigure.actuate.metrics.MetricsExportContextCustomizerFactory$DisableMetricExportContextCustomizer@4f3bbf68, org.springframework.boot.test.autoconfigure.properties.PropertyMappingContextCustomizer@0, org.springframework.boot.test.autoconfigure.web.servlet.WebDriverContextCustomizerFactory$Customizer@3daf7722, org.springframework.boot.test.context.filter.ExcludeFilterContextCustomizer@1fc32e4f, org.springframework.boot.test.json.DuplicateJsonObjectContextCustomizerFactory$DuplicateJsonObjectContextCustomizer@7efaad5a, org.springframework.boot.test.mock.mockito.MockitoContextCustomizer@4ceec05d], contextLoader = 'org.springframework.test.context.support.DelegatingSmartContextLoader', parent = [null]]]
01:05:16.020 [Test worker] DEBUG org.springframework.test.context.cache - Spring test ApplicationContext cache statistics: [DefaultContextCache@5782d777 size = 1, maxSize = 32, parentContextCount = 0, hitCount = 61, missCount = 1]
01:05:16.020 [Test worker] DEBUG org.springframework.test.context.cache.DefaultCacheAwareContextLoaderDelegate - Retrieved ApplicationContext [792782299] from cache with key [[MergedContextConfiguration@53de625d testClass = RewardTagManagerTest, locations = '{}', classes = '{class org.waldreg.reward.tag.DefaultRewardTagManager, class org.waldreg.reward.tag.lib.TagExceedClipper}', contextInitializerClasses = '[]', activeProfiles = '{}', propertySourceLocations = '{}', propertySourceProperties = '{}', contextCustomizers = set[org.springframework.boot.test.autoconfigure.actuate.metrics.MetricsExportContextCustomizerFactory$DisableMetricExportContextCustomizer@4f3bbf68, org.springframework.boot.test.autoconfigure.properties.PropertyMappingContextCustomizer@0, org.springframework.boot.test.autoconfigure.web.servlet.WebDriverContextCustomizerFactory$Customizer@3daf7722, org.springframework.boot.test.context.filter.ExcludeFilterContextCustomizer@1fc32e4f, org.springframework.boot.test.json.DuplicateJsonObjectContextCustomizerFactory$DuplicateJsonObjectContextCustomizer@7efaad5a, org.springframework.boot.test.mock.mockito.MockitoContextCustomizer@4ceec05d], contextLoader = 'org.springframework.test.context.support.DelegatingSmartContextLoader', parent = [null]]]
01:05:16.020 [Test worker] DEBUG org.springframework.test.context.cache - Spring test ApplicationContext cache statistics: [DefaultContextCache@5782d777 size = 1, maxSize = 32, parentContextCount = 0, hitCount = 62, missCount = 1]
01:05:16.021 [Test worker] DEBUG org.springframework.test.context.support.AbstractDirtiesContextTestExecutionListener - Before test method: context [DefaultTestContext@2a62b5bc testClass = RewardTagManagerTest, testInstance = org.waldreg.reward.tag.RewardTagManagerTest@3874b815, testMethod = UPDATE_REWARD_TAG_FAIL_UNKNOWN_REWARD_TAG_ID_TEST@RewardTagManagerTest, testException = [null], mergedContextConfiguration = [MergedContextConfiguration@53de625d testClass = RewardTagManagerTest, locations = '{}', classes = '{class org.waldreg.reward.tag.DefaultRewardTagManager, class org.waldreg.reward.tag.lib.TagExceedClipper}', contextInitializerClasses = '[]', activeProfiles = '{}', propertySourceLocations = '{}', propertySourceProperties = '{}', contextCustomizers = set[org.springframework.boot.test.autoconfigure.actuate.metrics.MetricsExportContextCustomizerFactory$DisableMetricExportContextCustomizer@4f3bbf68, org.springframework.boot.test.autoconfigure.properties.PropertyMappingContextCustomizer@0, org.springframework.boot.test.autoconfigure.web.servlet.WebDriverContextCustomizerFactory$Customizer@3daf7722, org.springframework.boot.test.context.filter.ExcludeFilterContextCustomizer@1fc32e4f, org.springframework.boot.test.json.DuplicateJsonObjectContextCustomizerFactory$DuplicateJsonObjectContextCustomizer@7efaad5a, org.springframework.boot.test.mock.mockito.MockitoContextCustomizer@4ceec05d], contextLoader = 'org.springframework.test.context.support.DelegatingSmartContextLoader', parent = [null]], attributes = map['org.springframework.test.context.event.ApplicationEventsTestExecutionListener.recordApplicationEvents' -> false]], class annotated with @DirtiesContext [false] with mode [null], method annotated with @DirtiesContext [false] with mode [null].
01:05:16.021 [Test worker] DEBUG org.springframework.test.context.cache.DefaultCacheAwareContextLoaderDelegate - Retrieved ApplicationContext [792782299] from cache with key [[MergedContextConfiguration@53de625d testClass = RewardTagManagerTest, locations = '{}', classes = '{class org.waldreg.reward.tag.DefaultRewardTagManager, class org.waldreg.reward.tag.lib.TagExceedClipper}', contextInitializerClasses = '[]', activeProfiles = '{}', propertySourceLocations = '{}', propertySourceProperties = '{}', contextCustomizers = set[org.springframework.boot.test.autoconfigure.actuate.metrics.MetricsExportContextCustomizerFactory$DisableMetricExportContextCustomizer@4f3bbf68, org.springframework.boot.test.autoconfigure.properties.PropertyMappingContextCustomizer@0, org.springframework.boot.test.autoconfigure.web.servlet.WebDriverContextCustomizerFactory$Customizer@3daf7722, org.springframework.boot.test.context.filter.ExcludeFilterContextCustomizer@1fc32e4f, org.springframework.boot.test.json.DuplicateJsonObjectContextCustomizerFactory$DuplicateJsonObjectContextCustomizer@7efaad5a, org.springframework.boot.test.mock.mockito.MockitoContextCustomizer@4ceec05d], contextLoader = 'org.springframework.test.context.support.DelegatingSmartContextLoader', parent = [null]]]
01:05:16.021 [Test worker] DEBUG org.springframework.test.context.cache - Spring test ApplicationContext cache statistics: [DefaultContextCache@5782d777 size = 1, maxSize = 32, parentContextCount = 0, hitCount = 63, missCount = 1]
01:05:16.030 [Test worker] DEBUG org.springframework.test.context.cache.DefaultCacheAwareContextLoaderDelegate - Retrieved ApplicationContext [792782299] from cache with key [[MergedContextConfiguration@53de625d testClass = RewardTagManagerTest, locations = '{}', classes = '{class org.waldreg.reward.tag.DefaultRewardTagManager, class org.waldreg.reward.tag.lib.TagExceedClipper}', contextInitializerClasses = '[]', activeProfiles = '{}', propertySourceLocations = '{}', propertySourceProperties = '{}', contextCustomizers = set[org.springframework.boot.test.autoconfigure.actuate.metrics.MetricsExportContextCustomizerFactory$DisableMetricExportContextCustomizer@4f3bbf68, org.springframework.boot.test.autoconfigure.properties.PropertyMappingContextCustomizer@0, org.springframework.boot.test.autoconfigure.web.servlet.WebDriverContextCustomizerFactory$Customizer@3daf7722, org.springframework.boot.test.context.filter.ExcludeFilterContextCustomizer@1fc32e4f, org.springframework.boot.test.json.DuplicateJsonObjectContextCustomizerFactory$DuplicateJsonObjectContextCustomizer@7efaad5a, org.springframework.boot.test.mock.mockito.MockitoContextCustomizer@4ceec05d], contextLoader = 'org.springframework.test.context.support.DelegatingSmartContextLoader', parent = [null]]]
01:05:16.030 [Test worker] DEBUG org.springframework.test.context.cache - Spring test ApplicationContext cache statistics: [DefaultContextCache@5782d777 size = 1, maxSize = 32, parentContextCount = 0, hitCount = 64, missCount = 1]
01:05:16.030 [Test worker] DEBUG org.springframework.test.context.cache.DefaultCacheAwareContextLoaderDelegate - Retrieved ApplicationContext [792782299] from cache with key [[MergedContextConfiguration@53de625d testClass = RewardTagManagerTest, locations = '{}', classes = '{class org.waldreg.reward.tag.DefaultRewardTagManager, class org.waldreg.reward.tag.lib.TagExceedClipper}', contextInitializerClasses = '[]', activeProfiles = '{}', propertySourceLocations = '{}', propertySourceProperties = '{}', contextCustomizers = set[org.springframework.boot.test.autoconfigure.actuate.metrics.MetricsExportContextCustomizerFactory$DisableMetricExportContextCustomizer@4f3bbf68, org.springframework.boot.test.autoconfigure.properties.PropertyMappingContextCustomizer@0, org.springframework.boot.test.autoconfigure.web.servlet.WebDriverContextCustomizerFactory$Customizer@3daf7722, org.springframework.boot.test.context.filter.ExcludeFilterContextCustomizer@1fc32e4f, org.springframework.boot.test.json.DuplicateJsonObjectContextCustomizerFactory$DuplicateJsonObjectContextCustomizer@7efaad5a, org.springframework.boot.test.mock.mockito.MockitoContextCustomizer@4ceec05d], contextLoader = 'org.springframework.test.context.support.DelegatingSmartContextLoader', parent = [null]]]
01:05:16.030 [Test worker] DEBUG org.springframework.test.context.cache - Spring test ApplicationContext cache statistics: [DefaultContextCache@5782d777 size = 1, maxSize = 32, parentContextCount = 0, hitCount = 65, missCount = 1]
01:05:16.031 [Test worker] DEBUG org.springframework.test.context.cache.DefaultCacheAwareContextLoaderDelegate - Retrieved ApplicationContext [792782299] from cache with key [[MergedContextConfiguration@53de625d testClass = RewardTagManagerTest, locations = '{}', classes = '{class org.waldreg.reward.tag.DefaultRewardTagManager, class org.waldreg.reward.tag.lib.TagExceedClipper}', contextInitializerClasses = '[]', activeProfiles = '{}', propertySourceLocations = '{}', propertySourceProperties = '{}', contextCustomizers = set[org.springframework.boot.test.autoconfigure.actuate.metrics.MetricsExportContextCustomizerFactory$DisableMetricExportContextCustomizer@4f3bbf68, org.springframework.boot.test.autoconfigure.properties.PropertyMappingContextCustomizer@0, org.springframework.boot.test.autoconfigure.web.servlet.WebDriverContextCustomizerFactory$Customizer@3daf7722, org.springframework.boot.test.context.filter.ExcludeFilterContextCustomizer@1fc32e4f, org.springframework.boot.test.json.DuplicateJsonObjectContextCustomizerFactory$DuplicateJsonObjectContextCustomizer@7efaad5a, org.springframework.boot.test.mock.mockito.MockitoContextCustomizer@4ceec05d], contextLoader = 'org.springframework.test.context.support.DelegatingSmartContextLoader', parent = [null]]]
01:05:16.031 [Test worker] DEBUG org.springframework.test.context.cache - Spring test ApplicationContext cache statistics: [DefaultContextCache@5782d777 size = 1, maxSize = 32, parentContextCount = 0, hitCount = 66, missCount = 1]
01:05:16.031 [Test worker] DEBUG org.springframework.test.context.cache.DefaultCacheAwareContextLoaderDelegate - Retrieved ApplicationContext [792782299] from cache with key [[MergedContextConfiguration@53de625d testClass = RewardTagManagerTest, locations = '{}', classes = '{class org.waldreg.reward.tag.DefaultRewardTagManager, class org.waldreg.reward.tag.lib.TagExceedClipper}', contextInitializerClasses = '[]', activeProfiles = '{}', propertySourceLocations = '{}', propertySourceProperties = '{}', contextCustomizers = set[org.springframework.boot.test.autoconfigure.actuate.metrics.MetricsExportContextCustomizerFactory$DisableMetricExportContextCustomizer@4f3bbf68, org.springframework.boot.test.autoconfigure.properties.PropertyMappingContextCustomizer@0, org.springframework.boot.test.autoconfigure.web.servlet.WebDriverContextCustomizerFactory$Customizer@3daf7722, org.springframework.boot.test.context.filter.ExcludeFilterContextCustomizer@1fc32e4f, org.springframework.boot.test.json.DuplicateJsonObjectContextCustomizerFactory$DuplicateJsonObjectContextCustomizer@7efaad5a, org.springframework.boot.test.mock.mockito.MockitoContextCustomizer@4ceec05d], contextLoader = 'org.springframework.test.context.support.DelegatingSmartContextLoader', parent = [null]]]
01:05:16.032 [Test worker] DEBUG org.springframework.test.context.cache - Spring test ApplicationContext cache statistics: [DefaultContextCache@5782d777 size = 1, maxSize = 32, parentContextCount = 0, hitCount = 67, missCount = 1]
01:05:16.040 [Test worker] DEBUG org.springframework.test.context.cache.DefaultCacheAwareContextLoaderDelegate - Retrieved ApplicationContext [792782299] from cache with key [[MergedContextConfiguration@53de625d testClass = RewardTagManagerTest, locations = '{}', classes = '{class org.waldreg.reward.tag.DefaultRewardTagManager, class org.waldreg.reward.tag.lib.TagExceedClipper}', contextInitializerClasses = '[]', activeProfiles = '{}', propertySourceLocations = '{}', propertySourceProperties = '{}', contextCustomizers = set[org.springframework.boot.test.autoconfigure.actuate.metrics.MetricsExportContextCustomizerFactory$DisableMetricExportContextCustomizer@4f3bbf68, org.springframework.boot.test.autoconfigure.properties.PropertyMappingContextCustomizer@0, org.springframework.boot.test.autoconfigure.web.servlet.WebDriverContextCustomizerFactory$Customizer@3daf7722, org.springframework.boot.test.context.filter.ExcludeFilterContextCustomizer@1fc32e4f, org.springframework.boot.test.json.DuplicateJsonObjectContextCustomizerFactory$DuplicateJsonObjectContextCustomizer@7efaad5a, org.springframework.boot.test.mock.mockito.MockitoContextCustomizer@4ceec05d], contextLoader = 'org.springframework.test.context.support.DelegatingSmartContextLoader', parent = [null]]]
01:05:16.040 [Test worker] DEBUG org.springframework.test.context.cache - Spring test ApplicationContext cache statistics: [DefaultContextCache@5782d777 size = 1, maxSize = 32, parentContextCount = 0, hitCount = 68, missCount = 1]
01:05:16.040 [Test worker] DEBUG org.springframework.test.context.cache.DefaultCacheAwareContextLoaderDelegate - Retrieved ApplicationContext [792782299] from cache with key [[MergedContextConfiguration@53de625d testClass = RewardTagManagerTest, locations = '{}', classes = '{class org.waldreg.reward.tag.DefaultRewardTagManager, class org.waldreg.reward.tag.lib.TagExceedClipper}', contextInitializerClasses = '[]', activeProfiles = '{}', propertySourceLocations = '{}', propertySourceProperties = '{}', contextCustomizers = set[org.springframework.boot.test.autoconfigure.actuate.metrics.MetricsExportContextCustomizerFactory$DisableMetricExportContextCustomizer@4f3bbf68, org.springframework.boot.test.autoconfigure.properties.PropertyMappingContextCustomizer@0, org.springframework.boot.test.autoconfigure.web.servlet.WebDriverContextCustomizerFactory$Customizer@3daf7722, org.springframework.boot.test.context.filter.ExcludeFilterContextCustomizer@1fc32e4f, org.springframework.boot.test.json.DuplicateJsonObjectContextCustomizerFactory$DuplicateJsonObjectContextCustomizer@7efaad5a, org.springframework.boot.test.mock.mockito.MockitoContextCustomizer@4ceec05d], contextLoader = 'org.springframework.test.context.support.DelegatingSmartContextLoader', parent = [null]]]
01:05:16.040 [Test worker] DEBUG org.springframework.test.context.cache - Spring test ApplicationContext cache statistics: [DefaultContextCache@5782d777 size = 1, maxSize = 32, parentContextCount = 0, hitCount = 69, missCount = 1]
01:05:16.040 [Test worker] DEBUG org.springframework.test.context.cache.DefaultCacheAwareContextLoaderDelegate - Retrieved ApplicationContext [792782299] from cache with key [[MergedContextConfiguration@53de625d testClass = RewardTagManagerTest, locations = '{}', classes = '{class org.waldreg.reward.tag.DefaultRewardTagManager, class org.waldreg.reward.tag.lib.TagExceedClipper}', contextInitializerClasses = '[]', activeProfiles = '{}', propertySourceLocations = '{}', propertySourceProperties = '{}', contextCustomizers = set[org.springframework.boot.test.autoconfigure.actuate.metrics.MetricsExportContextCustomizerFactory$DisableMetricExportContextCustomizer@4f3bbf68, org.springframework.boot.test.autoconfigure.properties.PropertyMappingContextCustomizer@0, org.springframework.boot.test.autoconfigure.web.servlet.WebDriverContextCustomizerFactory$Customizer@3daf7722, org.springframework.boot.test.context.filter.ExcludeFilterContextCustomizer@1fc32e4f, org.springframework.boot.test.json.DuplicateJsonObjectContextCustomizerFactory$DuplicateJsonObjectContextCustomizer@7efaad5a, org.springframework.boot.test.mock.mockito.MockitoContextCustomizer@4ceec05d], contextLoader = 'org.springframework.test.context.support.DelegatingSmartContextLoader', parent = [null]]]
01:05:16.040 [Test worker] DEBUG org.springframework.test.context.cache - Spring test ApplicationContext cache statistics: [DefaultContextCache@5782d777 size = 1, maxSize = 32, parentContextCount = 0, hitCount = 70, missCount = 1]
01:05:16.049 [Test worker] DEBUG org.springframework.test.context.cache.DefaultCacheAwareContextLoaderDelegate - Retrieved ApplicationContext [792782299] from cache with key [[MergedContextConfiguration@53de625d testClass = RewardTagManagerTest, locations = '{}', classes = '{class org.waldreg.reward.tag.DefaultRewardTagManager, class org.waldreg.reward.tag.lib.TagExceedClipper}', contextInitializerClasses = '[]', activeProfiles = '{}', propertySourceLocations = '{}', propertySourceProperties = '{}', contextCustomizers = set[org.springframework.boot.test.autoconfigure.actuate.metrics.MetricsExportContextCustomizerFactory$DisableMetricExportContextCustomizer@4f3bbf68, org.springframework.boot.test.autoconfigure.properties.PropertyMappingContextCustomizer@0, org.springframework.boot.test.autoconfigure.web.servlet.WebDriverContextCustomizerFactory$Customizer@3daf7722, org.springframework.boot.test.context.filter.ExcludeFilterContextCustomizer@1fc32e4f, org.springframework.boot.test.json.DuplicateJsonObjectContextCustomizerFactory$DuplicateJsonObjectContextCustomizer@7efaad5a, org.springframework.boot.test.mock.mockito.MockitoContextCustomizer@4ceec05d], contextLoader = 'org.springframework.test.context.support.DelegatingSmartContextLoader', parent = [null]]]
01:05:16.049 [Test worker] DEBUG org.springframework.test.context.cache - Spring test ApplicationContext cache statistics: [DefaultContextCache@5782d777 size = 1, maxSize = 32, parentContextCount = 0, hitCount = 71, missCount = 1]
01:05:16.049 [Test worker] DEBUG org.springframework.test.context.support.AbstractDirtiesContextTestExecutionListener - After test method: context [DefaultTestContext@2a62b5bc testClass = RewardTagManagerTest, testInstance = org.waldreg.reward.tag.RewardTagManagerTest@3874b815, testMethod = UPDATE_REWARD_TAG_FAIL_UNKNOWN_REWARD_TAG_ID_TEST@RewardTagManagerTest, testException = [null], mergedContextConfiguration = [MergedContextConfiguration@53de625d testClass = RewardTagManagerTest, locations = '{}', classes = '{class org.waldreg.reward.tag.DefaultRewardTagManager, class org.waldreg.reward.tag.lib.TagExceedClipper}', contextInitializerClasses = '[]', activeProfiles = '{}', propertySourceLocations = '{}', propertySourceProperties = '{}', contextCustomizers = set[org.springframework.boot.test.autoconfigure.actuate.metrics.MetricsExportContextCustomizerFactory$DisableMetricExportContextCustomizer@4f3bbf68, org.springframework.boot.test.autoconfigure.properties.PropertyMappingContextCustomizer@0, org.springframework.boot.test.autoconfigure.web.servlet.WebDriverContextCustomizerFactory$Customizer@3daf7722, org.springframework.boot.test.context.filter.ExcludeFilterContextCustomizer@1fc32e4f, org.springframework.boot.test.json.DuplicateJsonObjectContextCustomizerFactory$DuplicateJsonObjectContextCustomizer@7efaad5a, org.springframework.boot.test.mock.mockito.MockitoContextCustomizer@4ceec05d], contextLoader = 'org.springframework.test.context.support.DelegatingSmartContextLoader', parent = [null]], attributes = map['org.springframework.test.context.event.ApplicationEventsTestExecutionListener.recordApplicationEvents' -> false]], class annotated with @DirtiesContext [false] with mode [null], method annotated with @DirtiesContext [false] with mode [null].
01:05:16.050 [Test worker] DEBUG org.springframework.test.context.cache.DefaultCacheAwareContextLoaderDelegate - Retrieved ApplicationContext [792782299] from cache with key [[MergedContextConfiguration@53de625d testClass = RewardTagManagerTest, locations = '{}', classes = '{class org.waldreg.reward.tag.DefaultRewardTagManager, class org.waldreg.reward.tag.lib.TagExceedClipper}', contextInitializerClasses = '[]', activeProfiles = '{}', propertySourceLocations = '{}', propertySourceProperties = '{}', contextCustomizers = set[org.springframework.boot.test.autoconfigure.actuate.metrics.MetricsExportContextCustomizerFactory$DisableMetricExportContextCustomizer@4f3bbf68, org.springframework.boot.test.autoconfigure.properties.PropertyMappingContextCustomizer@0, org.springframework.boot.test.autoconfigure.web.servlet.WebDriverContextCustomizerFactory$Customizer@3daf7722, org.springframework.boot.test.context.filter.ExcludeFilterContextCustomizer@1fc32e4f, org.springframework.boot.test.json.DuplicateJsonObjectContextCustomizerFactory$DuplicateJsonObjectContextCustomizer@7efaad5a, org.springframework.boot.test.mock.mockito.MockitoContextCustomizer@4ceec05d], contextLoader = 'org.springframework.test.context.support.DelegatingSmartContextLoader', parent = [null]]]
01:05:16.050 [Test worker] DEBUG org.springframework.test.context.cache - Spring test ApplicationContext cache statistics: [DefaultContextCache@5782d777 size = 1, maxSize = 32, parentContextCount = 0, hitCount = 72, missCount = 1]
01:05:16.050 [Test worker] DEBUG org.springframework.test.context.support.DependencyInjectionTestExecutionListener - Performing dependency injection for test context [[DefaultTestContext@2a62b5bc testClass = RewardTagManagerTest, testInstance = org.waldreg.reward.tag.RewardTagManagerTest@736048ed, testMethod = [null], testException = [null], mergedContextConfiguration = [MergedContextConfiguration@53de625d testClass = RewardTagManagerTest, locations = '{}', classes = '{class org.waldreg.reward.tag.DefaultRewardTagManager, class org.waldreg.reward.tag.lib.TagExceedClipper}', contextInitializerClasses = '[]', activeProfiles = '{}', propertySourceLocations = '{}', propertySourceProperties = '{}', contextCustomizers = set[org.springframework.boot.test.autoconfigure.actuate.metrics.MetricsExportContextCustomizerFactory$DisableMetricExportContextCustomizer@4f3bbf68, org.springframework.boot.test.autoconfigure.properties.PropertyMappingContextCustomizer@0, org.springframework.boot.test.autoconfigure.web.servlet.WebDriverContextCustomizerFactory$Customizer@3daf7722, org.springframework.boot.test.context.filter.ExcludeFilterContextCustomizer@1fc32e4f, org.springframework.boot.test.json.DuplicateJsonObjectContextCustomizerFactory$DuplicateJsonObjectContextCustomizer@7efaad5a, org.springframework.boot.test.mock.mockito.MockitoContextCustomizer@4ceec05d], contextLoader = 'org.springframework.test.context.support.DelegatingSmartContextLoader', parent = [null]], attributes = map['org.springframework.test.context.event.ApplicationEventsTestExecutionListener.recordApplicationEvents' -> false]]].
01:05:16.050 [Test worker] DEBUG org.springframework.test.context.cache.DefaultCacheAwareContextLoaderDelegate - Retrieved ApplicationContext [792782299] from cache with key [[MergedContextConfiguration@53de625d testClass = RewardTagManagerTest, locations = '{}', classes = '{class org.waldreg.reward.tag.DefaultRewardTagManager, class org.waldreg.reward.tag.lib.TagExceedClipper}', contextInitializerClasses = '[]', activeProfiles = '{}', propertySourceLocations = '{}', propertySourceProperties = '{}', contextCustomizers = set[org.springframework.boot.test.autoconfigure.actuate.metrics.MetricsExportContextCustomizerFactory$DisableMetricExportContextCustomizer@4f3bbf68, org.springframework.boot.test.autoconfigure.properties.PropertyMappingContextCustomizer@0, org.springframework.boot.test.autoconfigure.web.servlet.WebDriverContextCustomizerFactory$Customizer@3daf7722, org.springframework.boot.test.context.filter.ExcludeFilterContextCustomizer@1fc32e4f, org.springframework.boot.test.json.DuplicateJsonObjectContextCustomizerFactory$DuplicateJsonObjectContextCustomizer@7efaad5a, org.springframework.boot.test.mock.mockito.MockitoContextCustomizer@4ceec05d], contextLoader = 'org.springframework.test.context.support.DelegatingSmartContextLoader', parent = [null]]]
01:05:16.050 [Test worker] DEBUG org.springframework.test.context.cache - Spring test ApplicationContext cache statistics: [DefaultContextCache@5782d777 size = 1, maxSize = 32, parentContextCount = 0, hitCount = 73, missCount = 1]
01:05:16.051 [Test worker] DEBUG org.springframework.test.context.cache.DefaultCacheAwareContextLoaderDelegate - Retrieved ApplicationContext [792782299] from cache with key [[MergedContextConfiguration@53de625d testClass = RewardTagManagerTest, locations = '{}', classes = '{class org.waldreg.reward.tag.DefaultRewardTagManager, class org.waldreg.reward.tag.lib.TagExceedClipper}', contextInitializerClasses = '[]', activeProfiles = '{}', propertySourceLocations = '{}', propertySourceProperties = '{}', contextCustomizers = set[org.springframework.boot.test.autoconfigure.actuate.metrics.MetricsExportContextCustomizerFactory$DisableMetricExportContextCustomizer@4f3bbf68, org.springframework.boot.test.autoconfigure.properties.PropertyMappingContextCustomizer@0, org.springframework.boot.test.autoconfigure.web.servlet.WebDriverContextCustomizerFactory$Customizer@3daf7722, org.springframework.boot.test.context.filter.ExcludeFilterContextCustomizer@1fc32e4f, org.springframework.boot.test.json.DuplicateJsonObjectContextCustomizerFactory$DuplicateJsonObjectContextCustomizer@7efaad5a, org.springframework.boot.test.mock.mockito.MockitoContextCustomizer@4ceec05d], contextLoader = 'org.springframework.test.context.support.DelegatingSmartContextLoader', parent = [null]]]
01:05:16.051 [Test worker] DEBUG org.springframework.test.context.cache - Spring test ApplicationContext cache statistics: [DefaultContextCache@5782d777 size = 1, maxSize = 32, parentContextCount = 0, hitCount = 74, missCount = 1]
01:05:16.051 [Test worker] DEBUG org.springframework.test.context.support.AbstractDirtiesContextTestExecutionListener - Before test method: context [DefaultTestContext@2a62b5bc testClass = RewardTagManagerTest, testInstance = org.waldreg.reward.tag.RewardTagManagerTest@736048ed, testMethod = READ_REWARD_TAG_SUCCESS_TEST@RewardTagManagerTest, testException = [null], mergedContextConfiguration = [MergedContextConfiguration@53de625d testClass = RewardTagManagerTest, locations = '{}', classes = '{class org.waldreg.reward.tag.DefaultRewardTagManager, class org.waldreg.reward.tag.lib.TagExceedClipper}', contextInitializerClasses = '[]', activeProfiles = '{}', propertySourceLocations = '{}', propertySourceProperties = '{}', contextCustomizers = set[org.springframework.boot.test.autoconfigure.actuate.metrics.MetricsExportContextCustomizerFactory$DisableMetricExportContextCustomizer@4f3bbf68, org.springframework.boot.test.autoconfigure.properties.PropertyMappingContextCustomizer@0, org.springframework.boot.test.autoconfigure.web.servlet.WebDriverContextCustomizerFactory$Customizer@3daf7722, org.springframework.boot.test.context.filter.ExcludeFilterContextCustomizer@1fc32e4f, org.springframework.boot.test.json.DuplicateJsonObjectContextCustomizerFactory$DuplicateJsonObjectContextCustomizer@7efaad5a, org.springframework.boot.test.mock.mockito.MockitoContextCustomizer@4ceec05d], contextLoader = 'org.springframework.test.context.support.DelegatingSmartContextLoader', parent = [null]], attributes = map['org.springframework.test.context.event.ApplicationEventsTestExecutionListener.recordApplicationEvents' -> false]], class annotated with @DirtiesContext [false] with mode [null], method annotated with @DirtiesContext [false] with mode [null].
01:05:16.052 [Test worker] DEBUG org.springframework.test.context.cache.DefaultCacheAwareContextLoaderDelegate - Retrieved ApplicationContext [792782299] from cache with key [[MergedContextConfiguration@53de625d testClass = RewardTagManagerTest, locations = '{}', classes = '{class org.waldreg.reward.tag.DefaultRewardTagManager, class org.waldreg.reward.tag.lib.TagExceedClipper}', contextInitializerClasses = '[]', activeProfiles = '{}', propertySourceLocations = '{}', propertySourceProperties = '{}', contextCustomizers = set[org.springframework.boot.test.autoconfigure.actuate.metrics.MetricsExportContextCustomizerFactory$DisableMetricExportContextCustomizer@4f3bbf68, org.springframework.boot.test.autoconfigure.properties.PropertyMappingContextCustomizer@0, org.springframework.boot.test.autoconfigure.web.servlet.WebDriverContextCustomizerFactory$Customizer@3daf7722, org.springframework.boot.test.context.filter.ExcludeFilterContextCustomizer@1fc32e4f, org.springframework.boot.test.json.DuplicateJsonObjectContextCustomizerFactory$DuplicateJsonObjectContextCustomizer@7efaad5a, org.springframework.boot.test.mock.mockito.MockitoContextCustomizer@4ceec05d], contextLoader = 'org.springframework.test.context.support.DelegatingSmartContextLoader', parent = [null]]]
01:05:16.052 [Test worker] DEBUG org.springframework.test.context.cache - Spring test ApplicationContext cache statistics: [DefaultContextCache@5782d777 size = 1, maxSize = 32, parentContextCount = 0, hitCount = 75, missCount = 1]
01:05:16.061 [Test worker] DEBUG org.springframework.test.context.cache.DefaultCacheAwareContextLoaderDelegate - Retrieved ApplicationContext [792782299] from cache with key [[MergedContextConfiguration@53de625d testClass = RewardTagManagerTest, locations = '{}', classes = '{class org.waldreg.reward.tag.DefaultRewardTagManager, class org.waldreg.reward.tag.lib.TagExceedClipper}', contextInitializerClasses = '[]', activeProfiles = '{}', propertySourceLocations = '{}', propertySourceProperties = '{}', contextCustomizers = set[org.springframework.boot.test.autoconfigure.actuate.metrics.MetricsExportContextCustomizerFactory$DisableMetricExportContextCustomizer@4f3bbf68, org.springframework.boot.test.autoconfigure.properties.PropertyMappingContextCustomizer@0, org.springframework.boot.test.autoconfigure.web.servlet.WebDriverContextCustomizerFactory$Customizer@3daf7722, org.springframework.boot.test.context.filter.ExcludeFilterContextCustomizer@1fc32e4f, org.springframework.boot.test.json.DuplicateJsonObjectContextCustomizerFactory$DuplicateJsonObjectContextCustomizer@7efaad5a, org.springframework.boot.test.mock.mockito.MockitoContextCustomizer@4ceec05d], contextLoader = 'org.springframework.test.context.support.DelegatingSmartContextLoader', parent = [null]]]
01:05:16.061 [Test worker] DEBUG org.springframework.test.context.cache - Spring test ApplicationContext cache statistics: [DefaultContextCache@5782d777 size = 1, maxSize = 32, parentContextCount = 0, hitCount = 76, missCount = 1]
01:05:16.061 [Test worker] DEBUG org.springframework.test.context.cache.DefaultCacheAwareContextLoaderDelegate - Retrieved ApplicationContext [792782299] from cache with key [[MergedContextConfiguration@53de625d testClass = RewardTagManagerTest, locations = '{}', classes = '{class org.waldreg.reward.tag.DefaultRewardTagManager, class org.waldreg.reward.tag.lib.TagExceedClipper}', contextInitializerClasses = '[]', activeProfiles = '{}', propertySourceLocations = '{}', propertySourceProperties = '{}', contextCustomizers = set[org.springframework.boot.test.autoconfigure.actuate.metrics.MetricsExportContextCustomizerFactory$DisableMetricExportContextCustomizer@4f3bbf68, org.springframework.boot.test.autoconfigure.properties.PropertyMappingContextCustomizer@0, org.springframework.boot.test.autoconfigure.web.servlet.WebDriverContextCustomizerFactory$Customizer@3daf7722, org.springframework.boot.test.context.filter.ExcludeFilterContextCustomizer@1fc32e4f, org.springframework.boot.test.json.DuplicateJsonObjectContextCustomizerFactory$DuplicateJsonObjectContextCustomizer@7efaad5a, org.springframework.boot.test.mock.mockito.MockitoContextCustomizer@4ceec05d], contextLoader = 'org.springframework.test.context.support.DelegatingSmartContextLoader', parent = [null]]]
01:05:16.061 [Test worker] DEBUG org.springframework.test.context.cache - Spring test ApplicationContext cache statistics: [DefaultContextCache@5782d777 size = 1, maxSize = 32, parentContextCount = 0, hitCount = 77, missCount = 1]
01:05:16.084 [Test worker] DEBUG org.springframework.test.context.cache.DefaultCacheAwareContextLoaderDelegate - Retrieved ApplicationContext [792782299] from cache with key [[MergedContextConfiguration@53de625d testClass = RewardTagManagerTest, locations = '{}', classes = '{class org.waldreg.reward.tag.DefaultRewardTagManager, class org.waldreg.reward.tag.lib.TagExceedClipper}', contextInitializerClasses = '[]', activeProfiles = '{}', propertySourceLocations = '{}', propertySourceProperties = '{}', contextCustomizers = set[org.springframework.boot.test.autoconfigure.actuate.metrics.MetricsExportContextCustomizerFactory$DisableMetricExportContextCustomizer@4f3bbf68, org.springframework.boot.test.autoconfigure.properties.PropertyMappingContextCustomizer@0, org.springframework.boot.test.autoconfigure.web.servlet.WebDriverContextCustomizerFactory$Customizer@3daf7722, org.springframework.boot.test.context.filter.ExcludeFilterContextCustomizer@1fc32e4f, org.springframework.boot.test.json.DuplicateJsonObjectContextCustomizerFactory$DuplicateJsonObjectContextCustomizer@7efaad5a, org.springframework.boot.test.mock.mockito.MockitoContextCustomizer@4ceec05d], contextLoader = 'org.springframework.test.context.support.DelegatingSmartContextLoader', parent = [null]]]
01:05:16.084 [Test worker] DEBUG org.springframework.test.context.cache - Spring test ApplicationContext cache statistics: [DefaultContextCache@5782d777 size = 1, maxSize = 32, parentContextCount = 0, hitCount = 78, missCount = 1]
01:05:16.084 [Test worker] DEBUG org.springframework.test.context.cache.DefaultCacheAwareContextLoaderDelegate - Retrieved ApplicationContext [792782299] from cache with key [[MergedContextConfiguration@53de625d testClass = RewardTagManagerTest, locations = '{}', classes = '{class org.waldreg.reward.tag.DefaultRewardTagManager, class org.waldreg.reward.tag.lib.TagExceedClipper}', contextInitializerClasses = '[]', activeProfiles = '{}', propertySourceLocations = '{}', propertySourceProperties = '{}', contextCustomizers = set[org.springframework.boot.test.autoconfigure.actuate.metrics.MetricsExportContextCustomizerFactory$DisableMetricExportContextCustomizer@4f3bbf68, org.springframework.boot.test.autoconfigure.properties.PropertyMappingContextCustomizer@0, org.springframework.boot.test.autoconfigure.web.servlet.WebDriverContextCustomizerFactory$Customizer@3daf7722, org.springframework.boot.test.context.filter.ExcludeFilterContextCustomizer@1fc32e4f, org.springframework.boot.test.json.DuplicateJsonObjectContextCustomizerFactory$DuplicateJsonObjectContextCustomizer@7efaad5a, org.springframework.boot.test.mock.mockito.MockitoContextCustomizer@4ceec05d], contextLoader = 'org.springframework.test.context.support.DelegatingSmartContextLoader', parent = [null]]]
01:05:16.084 [Test worker] DEBUG org.springframework.test.context.cache - Spring test ApplicationContext cache statistics: [DefaultContextCache@5782d777 size = 1, maxSize = 32, parentContextCount = 0, hitCount = 79, missCount = 1]
01:05:16.092 [Test worker] DEBUG org.springframework.test.context.cache.DefaultCacheAwareContextLoaderDelegate - Retrieved ApplicationContext [792782299] from cache with key [[MergedContextConfiguration@53de625d testClass = RewardTagManagerTest, locations = '{}', classes = '{class org.waldreg.reward.tag.DefaultRewardTagManager, class org.waldreg.reward.tag.lib.TagExceedClipper}', contextInitializerClasses = '[]', activeProfiles = '{}', propertySourceLocations = '{}', propertySourceProperties = '{}', contextCustomizers = set[org.springframework.boot.test.autoconfigure.actuate.metrics.MetricsExportContextCustomizerFactory$DisableMetricExportContextCustomizer@4f3bbf68, org.springframework.boot.test.autoconfigure.properties.PropertyMappingContextCustomizer@0, org.springframework.boot.test.autoconfigure.web.servlet.WebDriverContextCustomizerFactory$Customizer@3daf7722, org.springframework.boot.test.context.filter.ExcludeFilterContextCustomizer@1fc32e4f, org.springframework.boot.test.json.DuplicateJsonObjectContextCustomizerFactory$DuplicateJsonObjectContextCustomizer@7efaad5a, org.springframework.boot.test.mock.mockito.MockitoContextCustomizer@4ceec05d], contextLoader = 'org.springframework.test.context.support.DelegatingSmartContextLoader', parent = [null]]]
01:05:16.093 [Test worker] DEBUG org.springframework.test.context.cache - Spring test ApplicationContext cache statistics: [DefaultContextCache@5782d777 size = 1, maxSize = 32, parentContextCount = 0, hitCount = 80, missCount = 1]
01:05:16.093 [Test worker] DEBUG org.springframework.test.context.cache.DefaultCacheAwareContextLoaderDelegate - Retrieved ApplicationContext [792782299] from cache with key [[MergedContextConfiguration@53de625d testClass = RewardTagManagerTest, locations = '{}', classes = '{class org.waldreg.reward.tag.DefaultRewardTagManager, class org.waldreg.reward.tag.lib.TagExceedClipper}', contextInitializerClasses = '[]', activeProfiles = '{}', propertySourceLocations = '{}', propertySourceProperties = '{}', contextCustomizers = set[org.springframework.boot.test.autoconfigure.actuate.metrics.MetricsExportContextCustomizerFactory$DisableMetricExportContextCustomizer@4f3bbf68, org.springframework.boot.test.autoconfigure.properties.PropertyMappingContextCustomizer@0, org.springframework.boot.test.autoconfigure.web.servlet.WebDriverContextCustomizerFactory$Customizer@3daf7722, org.springframework.boot.test.context.filter.ExcludeFilterContextCustomizer@1fc32e4f, org.springframework.boot.test.json.DuplicateJsonObjectContextCustomizerFactory$DuplicateJsonObjectContextCustomizer@7efaad5a, org.springframework.boot.test.mock.mockito.MockitoContextCustomizer@4ceec05d], contextLoader = 'org.springframework.test.context.support.DelegatingSmartContextLoader', parent = [null]]]
01:05:16.093 [Test worker] DEBUG org.springframework.test.context.cache - Spring test ApplicationContext cache statistics: [DefaultContextCache@5782d777 size = 1, maxSize = 32, parentContextCount = 0, hitCount = 81, missCount = 1]
01:05:16.093 [Test worker] DEBUG org.springframework.test.context.cache.DefaultCacheAwareContextLoaderDelegate - Retrieved ApplicationContext [792782299] from cache with key [[MergedContextConfiguration@53de625d testClass = RewardTagManagerTest, locations = '{}', classes = '{class org.waldreg.reward.tag.DefaultRewardTagManager, class org.waldreg.reward.tag.lib.TagExceedClipper}', contextInitializerClasses = '[]', activeProfiles = '{}', propertySourceLocations = '{}', propertySourceProperties = '{}', contextCustomizers = set[org.springframework.boot.test.autoconfigure.actuate.metrics.MetricsExportContextCustomizerFactory$DisableMetricExportContextCustomizer@4f3bbf68, org.springframework.boot.test.autoconfigure.properties.PropertyMappingContextCustomizer@0, org.springframework.boot.test.autoconfigure.web.servlet.WebDriverContextCustomizerFactory$Customizer@3daf7722, org.springframework.boot.test.context.filter.ExcludeFilterContextCustomizer@1fc32e4f, org.springframework.boot.test.json.DuplicateJsonObjectContextCustomizerFactory$DuplicateJsonObjectContextCustomizer@7efaad5a, org.springframework.boot.test.mock.mockito.MockitoContextCustomizer@4ceec05d], contextLoader = 'org.springframework.test.context.support.DelegatingSmartContextLoader', parent = [null]]]
01:05:16.093 [Test worker] DEBUG org.springframework.test.context.cache - Spring test ApplicationContext cache statistics: [DefaultContextCache@5782d777 size = 1, maxSize = 32, parentContextCount = 0, hitCount = 82, missCount = 1]
01:05:16.102 [Test worker] DEBUG org.springframework.test.context.cache.DefaultCacheAwareContextLoaderDelegate - Retrieved ApplicationContext [792782299] from cache with key [[MergedContextConfiguration@53de625d testClass = RewardTagManagerTest, locations = '{}', classes = '{class org.waldreg.reward.tag.DefaultRewardTagManager, class org.waldreg.reward.tag.lib.TagExceedClipper}', contextInitializerClasses = '[]', activeProfiles = '{}', propertySourceLocations = '{}', propertySourceProperties = '{}', contextCustomizers = set[org.springframework.boot.test.autoconfigure.actuate.metrics.MetricsExportContextCustomizerFactory$DisableMetricExportContextCustomizer@4f3bbf68, org.springframework.boot.test.autoconfigure.properties.PropertyMappingContextCustomizer@0, org.springframework.boot.test.autoconfigure.web.servlet.WebDriverContextCustomizerFactory$Customizer@3daf7722, org.springframework.boot.test.context.filter.ExcludeFilterContextCustomizer@1fc32e4f, org.springframework.boot.test.json.DuplicateJsonObjectContextCustomizerFactory$DuplicateJsonObjectContextCustomizer@7efaad5a, org.springframework.boot.test.mock.mockito.MockitoContextCustomizer@4ceec05d], contextLoader = 'org.springframework.test.context.support.DelegatingSmartContextLoader', parent = [null]]]
01:05:16.102 [Test worker] DEBUG org.springframework.test.context.cache - Spring test ApplicationContext cache statistics: [DefaultContextCache@5782d777 size = 1, maxSize = 32, parentContextCount = 0, hitCount = 83, missCount = 1]
01:05:16.102 [Test worker] DEBUG org.springframework.test.context.support.AbstractDirtiesContextTestExecutionListener - After test method: context [DefaultTestContext@2a62b5bc testClass = RewardTagManagerTest, testInstance = org.waldreg.reward.tag.RewardTagManagerTest@736048ed, testMethod = READ_REWARD_TAG_SUCCESS_TEST@RewardTagManagerTest, testException = [null], mergedContextConfiguration = [MergedContextConfiguration@53de625d testClass = RewardTagManagerTest, locations = '{}', classes = '{class org.waldreg.reward.tag.DefaultRewardTagManager, class org.waldreg.reward.tag.lib.TagExceedClipper}', contextInitializerClasses = '[]', activeProfiles = '{}', propertySourceLocations = '{}', propertySourceProperties = '{}', contextCustomizers = set[org.springframework.boot.test.autoconfigure.actuate.metrics.MetricsExportContextCustomizerFactory$DisableMetricExportContextCustomizer@4f3bbf68, org.springframework.boot.test.autoconfigure.properties.PropertyMappingContextCustomizer@0, org.springframework.boot.test.autoconfigure.web.servlet.WebDriverContextCustomizerFactory$Customizer@3daf7722, org.springframework.boot.test.context.filter.ExcludeFilterContextCustomizer@1fc32e4f, org.springframework.boot.test.json.DuplicateJsonObjectContextCustomizerFactory$DuplicateJsonObjectContextCustomizer@7efaad5a, org.springframework.boot.test.mock.mockito.MockitoContextCustomizer@4ceec05d], contextLoader = 'org.springframework.test.context.support.DelegatingSmartContextLoader', parent = [null]], attributes = map['org.springframework.test.context.event.ApplicationEventsTestExecutionListener.recordApplicationEvents' -> false]], class annotated with @DirtiesContext [false] with mode [null], method annotated with @DirtiesContext [false] with mode [null].
01:05:16.103 [Test worker] DEBUG org.springframework.test.context.cache.DefaultCacheAwareContextLoaderDelegate - Retrieved ApplicationContext [792782299] from cache with key [[MergedContextConfiguration@53de625d testClass = RewardTagManagerTest, locations = '{}', classes = '{class org.waldreg.reward.tag.DefaultRewardTagManager, class org.waldreg.reward.tag.lib.TagExceedClipper}', contextInitializerClasses = '[]', activeProfiles = '{}', propertySourceLocations = '{}', propertySourceProperties = '{}', contextCustomizers = set[org.springframework.boot.test.autoconfigure.actuate.metrics.MetricsExportContextCustomizerFactory$DisableMetricExportContextCustomizer@4f3bbf68, org.springframework.boot.test.autoconfigure.properties.PropertyMappingContextCustomizer@0, org.springframework.boot.test.autoconfigure.web.servlet.WebDriverContextCustomizerFactory$Customizer@3daf7722, org.springframework.boot.test.context.filter.ExcludeFilterContextCustomizer@1fc32e4f, org.springframework.boot.test.json.DuplicateJsonObjectContextCustomizerFactory$DuplicateJsonObjectContextCustomizer@7efaad5a, org.springframework.boot.test.mock.mockito.MockitoContextCustomizer@4ceec05d], contextLoader = 'org.springframework.test.context.support.DelegatingSmartContextLoader', parent = [null]]]
01:05:16.103 [Test worker] DEBUG org.springframework.test.context.cache - Spring test ApplicationContext cache statistics: [DefaultContextCache@5782d777 size = 1, maxSize = 32, parentContextCount = 0, hitCount = 84, missCount = 1]
01:05:16.103 [Test worker] DEBUG org.springframework.test.context.support.DependencyInjectionTestExecutionListener - Performing dependency injection for test context [[DefaultTestContext@2a62b5bc testClass = RewardTagManagerTest, testInstance = org.waldreg.reward.tag.RewardTagManagerTest@396e6d9, testMethod = [null], testException = [null], mergedContextConfiguration = [MergedContextConfiguration@53de625d testClass = RewardTagManagerTest, locations = '{}', classes = '{class org.waldreg.reward.tag.DefaultRewardTagManager, class org.waldreg.reward.tag.lib.TagExceedClipper}', contextInitializerClasses = '[]', activeProfiles = '{}', propertySourceLocations = '{}', propertySourceProperties = '{}', contextCustomizers = set[org.springframework.boot.test.autoconfigure.actuate.metrics.MetricsExportContextCustomizerFactory$DisableMetricExportContextCustomizer@4f3bbf68, org.springframework.boot.test.autoconfigure.properties.PropertyMappingContextCustomizer@0, org.springframework.boot.test.autoconfigure.web.servlet.WebDriverContextCustomizerFactory$Customizer@3daf7722, org.springframework.boot.test.context.filter.ExcludeFilterContextCustomizer@1fc32e4f, org.springframework.boot.test.json.DuplicateJsonObjectContextCustomizerFactory$DuplicateJsonObjectContextCustomizer@7efaad5a, org.springframework.boot.test.mock.mockito.MockitoContextCustomizer@4ceec05d], contextLoader = 'org.springframework.test.context.support.DelegatingSmartContextLoader', parent = [null]], attributes = map['org.springframework.test.context.event.ApplicationEventsTestExecutionListener.recordApplicationEvents' -> false]]].
01:05:16.103 [Test worker] DEBUG org.springframework.test.context.cache.DefaultCacheAwareContextLoaderDelegate - Retrieved ApplicationContext [792782299] from cache with key [[MergedContextConfiguration@53de625d testClass = RewardTagManagerTest, locations = '{}', classes = '{class org.waldreg.reward.tag.DefaultRewardTagManager, class org.waldreg.reward.tag.lib.TagExceedClipper}', contextInitializerClasses = '[]', activeProfiles = '{}', propertySourceLocations = '{}', propertySourceProperties = '{}', contextCustomizers = set[org.springframework.boot.test.autoconfigure.actuate.metrics.MetricsExportContextCustomizerFactory$DisableMetricExportContextCustomizer@4f3bbf68, org.springframework.boot.test.autoconfigure.properties.PropertyMappingContextCustomizer@0, org.springframework.boot.test.autoconfigure.web.servlet.WebDriverContextCustomizerFactory$Customizer@3daf7722, org.springframework.boot.test.context.filter.ExcludeFilterContextCustomizer@1fc32e4f, org.springframework.boot.test.json.DuplicateJsonObjectContextCustomizerFactory$DuplicateJsonObjectContextCustomizer@7efaad5a, org.springframework.boot.test.mock.mockito.MockitoContextCustomizer@4ceec05d], contextLoader = 'org.springframework.test.context.support.DelegatingSmartContextLoader', parent = [null]]]
01:05:16.103 [Test worker] DEBUG org.springframework.test.context.cache - Spring test ApplicationContext cache statistics: [DefaultContextCache@5782d777 size = 1, maxSize = 32, parentContextCount = 0, hitCount = 85, missCount = 1]
01:05:16.103 [Test worker] DEBUG org.springframework.test.context.cache.DefaultCacheAwareContextLoaderDelegate - Retrieved ApplicationContext [792782299] from cache with key [[MergedContextConfiguration@53de625d testClass = RewardTagManagerTest, locations = '{}', classes = '{class org.waldreg.reward.tag.DefaultRewardTagManager, class org.waldreg.reward.tag.lib.TagExceedClipper}', contextInitializerClasses = '[]', activeProfiles = '{}', propertySourceLocations = '{}', propertySourceProperties = '{}', contextCustomizers = set[org.springframework.boot.test.autoconfigure.actuate.metrics.MetricsExportContextCustomizerFactory$DisableMetricExportContextCustomizer@4f3bbf68, org.springframework.boot.test.autoconfigure.properties.PropertyMappingContextCustomizer@0, org.springframework.boot.test.autoconfigure.web.servlet.WebDriverContextCustomizerFactory$Customizer@3daf7722, org.springframework.boot.test.context.filter.ExcludeFilterContextCustomizer@1fc32e4f, org.springframework.boot.test.json.DuplicateJsonObjectContextCustomizerFactory$DuplicateJsonObjectContextCustomizer@7efaad5a, org.springframework.boot.test.mock.mockito.MockitoContextCustomizer@4ceec05d], contextLoader = 'org.springframework.test.context.support.DelegatingSmartContextLoader', parent = [null]]]
01:05:16.104 [Test worker] DEBUG org.springframework.test.context.cache - Spring test ApplicationContext cache statistics: [DefaultContextCache@5782d777 size = 1, maxSize = 32, parentContextCount = 0, hitCount = 86, missCount = 1]
01:05:16.104 [Test worker] DEBUG org.springframework.test.context.support.AbstractDirtiesContextTestExecutionListener - Before test method: context [DefaultTestContext@2a62b5bc testClass = RewardTagManagerTest, testInstance = org.waldreg.reward.tag.RewardTagManagerTest@396e6d9, testMethod = UPDATE_REWARD_TAG_SUCCESS_MODIFY_EXCEED_BORDER_TEST@RewardTagManagerTest, testException = [null], mergedContextConfiguration = [MergedContextConfiguration@53de625d testClass = RewardTagManagerTest, locations = '{}', classes = '{class org.waldreg.reward.tag.DefaultRewardTagManager, class org.waldreg.reward.tag.lib.TagExceedClipper}', contextInitializerClasses = '[]', activeProfiles = '{}', propertySourceLocations = '{}', propertySourceProperties = '{}', contextCustomizers = set[org.springframework.boot.test.autoconfigure.actuate.metrics.MetricsExportContextCustomizerFactory$DisableMetricExportContextCustomizer@4f3bbf68, org.springframework.boot.test.autoconfigure.properties.PropertyMappingContextCustomizer@0, org.springframework.boot.test.autoconfigure.web.servlet.WebDriverContextCustomizerFactory$Customizer@3daf7722, org.springframework.boot.test.context.filter.ExcludeFilterContextCustomizer@1fc32e4f, org.springframework.boot.test.json.DuplicateJsonObjectContextCustomizerFactory$DuplicateJsonObjectContextCustomizer@7efaad5a, org.springframework.boot.test.mock.mockito.MockitoContextCustomizer@4ceec05d], contextLoader = 'org.springframework.test.context.support.DelegatingSmartContextLoader', parent = [null]], attributes = map['org.springframework.test.context.event.ApplicationEventsTestExecutionListener.recordApplicationEvents' -> false]], class annotated with @DirtiesContext [false] with mode [null], method annotated with @DirtiesContext [false] with mode [null].
01:05:16.104 [Test worker] DEBUG org.springframework.test.context.cache.DefaultCacheAwareContextLoaderDelegate - Retrieved ApplicationContext [792782299] from cache with key [[MergedContextConfiguration@53de625d testClass = RewardTagManagerTest, locations = '{}', classes = '{class org.waldreg.reward.tag.DefaultRewardTagManager, class org.waldreg.reward.tag.lib.TagExceedClipper}', contextInitializerClasses = '[]', activeProfiles = '{}', propertySourceLocations = '{}', propertySourceProperties = '{}', contextCustomizers = set[org.springframework.boot.test.autoconfigure.actuate.metrics.MetricsExportContextCustomizerFactory$DisableMetricExportContextCustomizer@4f3bbf68, org.springframework.boot.test.autoconfigure.properties.PropertyMappingContextCustomizer@0, org.springframework.boot.test.autoconfigure.web.servlet.WebDriverContextCustomizerFactory$Customizer@3daf7722, org.springframework.boot.test.context.filter.ExcludeFilterContextCustomizer@1fc32e4f, org.springframework.boot.test.json.DuplicateJsonObjectContextCustomizerFactory$DuplicateJsonObjectContextCustomizer@7efaad5a, org.springframework.boot.test.mock.mockito.MockitoContextCustomizer@4ceec05d], contextLoader = 'org.springframework.test.context.support.DelegatingSmartContextLoader', parent = [null]]]
01:05:16.104 [Test worker] DEBUG org.springframework.test.context.cache - Spring test ApplicationContext cache statistics: [DefaultContextCache@5782d777 size = 1, maxSize = 32, parentContextCount = 0, hitCount = 87, missCount = 1]
01:05:16.113 [Test worker] DEBUG org.springframework.test.context.cache.DefaultCacheAwareContextLoaderDelegate - Retrieved ApplicationContext [792782299] from cache with key [[MergedContextConfiguration@53de625d testClass = RewardTagManagerTest, locations = '{}', classes = '{class org.waldreg.reward.tag.DefaultRewardTagManager, class org.waldreg.reward.tag.lib.TagExceedClipper}', contextInitializerClasses = '[]', activeProfiles = '{}', propertySourceLocations = '{}', propertySourceProperties = '{}', contextCustomizers = set[org.springframework.boot.test.autoconfigure.actuate.metrics.MetricsExportContextCustomizerFactory$DisableMetricExportContextCustomizer@4f3bbf68, org.springframework.boot.test.autoconfigure.properties.PropertyMappingContextCustomizer@0, org.springframework.boot.test.autoconfigure.web.servlet.WebDriverContextCustomizerFactory$Customizer@3daf7722, org.springframework.boot.test.context.filter.ExcludeFilterContextCustomizer@1fc32e4f, org.springframework.boot.test.json.DuplicateJsonObjectContextCustomizerFactory$DuplicateJsonObjectContextCustomizer@7efaad5a, org.springframework.boot.test.mock.mockito.MockitoContextCustomizer@4ceec05d], contextLoader = 'org.springframework.test.context.support.DelegatingSmartContextLoader', parent = [null]]]
01:05:16.113 [Test worker] DEBUG org.springframework.test.context.cache - Spring test ApplicationContext cache statistics: [DefaultContextCache@5782d777 size = 1, maxSize = 32, parentContextCount = 0, hitCount = 88, missCount = 1]
01:05:16.114 [Test worker] DEBUG org.springframework.test.context.cache.DefaultCacheAwareContextLoaderDelegate - Retrieved ApplicationContext [792782299] from cache with key [[MergedContextConfiguration@53de625d testClass = RewardTagManagerTest, locations = '{}', classes = '{class org.waldreg.reward.tag.DefaultRewardTagManager, class org.waldreg.reward.tag.lib.TagExceedClipper}', contextInitializerClasses = '[]', activeProfiles = '{}', propertySourceLocations = '{}', propertySourceProperties = '{}', contextCustomizers = set[org.springframework.boot.test.autoconfigure.actuate.metrics.MetricsExportContextCustomizerFactory$DisableMetricExportContextCustomizer@4f3bbf68, org.springframework.boot.test.autoconfigure.properties.PropertyMappingContextCustomizer@0, org.springframework.boot.test.autoconfigure.web.servlet.WebDriverContextCustomizerFactory$Customizer@3daf7722, org.springframework.boot.test.context.filter.ExcludeFilterContextCustomizer@1fc32e4f, org.springframework.boot.test.json.DuplicateJsonObjectContextCustomizerFactory$DuplicateJsonObjectContextCustomizer@7efaad5a, org.springframework.boot.test.mock.mockito.MockitoContextCustomizer@4ceec05d], contextLoader = 'org.springframework.test.context.support.DelegatingSmartContextLoader', parent = [null]]]
01:05:16.114 [Test worker] DEBUG org.springframework.test.context.cache - Spring test ApplicationContext cache statistics: [DefaultContextCache@5782d777 size = 1, maxSize = 32, parentContextCount = 0, hitCount = 89, missCount = 1]
01:05:16.115 [Test worker] DEBUG org.springframework.test.context.cache.DefaultCacheAwareContextLoaderDelegate - Retrieved ApplicationContext [792782299] from cache with key [[MergedContextConfiguration@53de625d testClass = RewardTagManagerTest, locations = '{}', classes = '{class org.waldreg.reward.tag.DefaultRewardTagManager, class org.waldreg.reward.tag.lib.TagExceedClipper}', contextInitializerClasses = '[]', activeProfiles = '{}', propertySourceLocations = '{}', propertySourceProperties = '{}', contextCustomizers = set[org.springframework.boot.test.autoconfigure.actuate.metrics.MetricsExportContextCustomizerFactory$DisableMetricExportContextCustomizer@4f3bbf68, org.springframework.boot.test.autoconfigure.properties.PropertyMappingContextCustomizer@0, org.springframework.boot.test.autoconfigure.web.servlet.WebDriverContextCustomizerFactory$Customizer@3daf7722, org.springframework.boot.test.context.filter.ExcludeFilterContextCustomizer@1fc32e4f, org.springframework.boot.test.json.DuplicateJsonObjectContextCustomizerFactory$DuplicateJsonObjectContextCustomizer@7efaad5a, org.springframework.boot.test.mock.mockito.MockitoContextCustomizer@4ceec05d], contextLoader = 'org.springframework.test.context.support.DelegatingSmartContextLoader', parent = [null]]]
01:05:16.116 [Test worker] DEBUG org.springframework.test.context.cache - Spring test ApplicationContext cache statistics: [DefaultContextCache@5782d777 size = 1, maxSize = 32, parentContextCount = 0, hitCount = 90, missCount = 1]
01:05:16.116 [Test worker] DEBUG org.springframework.test.context.cache.DefaultCacheAwareContextLoaderDelegate - Retrieved ApplicationContext [792782299] from cache with key [[MergedContextConfiguration@53de625d testClass = RewardTagManagerTest, locations = '{}', classes = '{class org.waldreg.reward.tag.DefaultRewardTagManager, class org.waldreg.reward.tag.lib.TagExceedClipper}', contextInitializerClasses = '[]', activeProfiles = '{}', propertySourceLocations = '{}', propertySourceProperties = '{}', contextCustomizers = set[org.springframework.boot.test.autoconfigure.actuate.metrics.MetricsExportContextCustomizerFactory$DisableMetricExportContextCustomizer@4f3bbf68, org.springframework.boot.test.autoconfigure.properties.PropertyMappingContextCustomizer@0, org.springframework.boot.test.autoconfigure.web.servlet.WebDriverContextCustomizerFactory$Customizer@3daf7722, org.springframework.boot.test.context.filter.ExcludeFilterContextCustomizer@1fc32e4f, org.springframework.boot.test.json.DuplicateJsonObjectContextCustomizerFactory$DuplicateJsonObjectContextCustomizer@7efaad5a, org.springframework.boot.test.mock.mockito.MockitoContextCustomizer@4ceec05d], contextLoader = 'org.springframework.test.context.support.DelegatingSmartContextLoader', parent = [null]]]
01:05:16.116 [Test worker] DEBUG org.springframework.test.context.cache - Spring test ApplicationContext cache statistics: [DefaultContextCache@5782d777 size = 1, maxSize = 32, parentContextCount = 0, hitCount = 91, missCount = 1]
01:05:16.127 [Test worker] DEBUG org.springframework.test.context.cache.DefaultCacheAwareContextLoaderDelegate - Retrieved ApplicationContext [792782299] from cache with key [[MergedContextConfiguration@53de625d testClass = RewardTagManagerTest, locations = '{}', classes = '{class org.waldreg.reward.tag.DefaultRewardTagManager, class org.waldreg.reward.tag.lib.TagExceedClipper}', contextInitializerClasses = '[]', activeProfiles = '{}', propertySourceLocations = '{}', propertySourceProperties = '{}', contextCustomizers = set[org.springframework.boot.test.autoconfigure.actuate.metrics.MetricsExportContextCustomizerFactory$DisableMetricExportContextCustomizer@4f3bbf68, org.springframework.boot.test.autoconfigure.properties.PropertyMappingContextCustomizer@0, org.springframework.boot.test.autoconfigure.web.servlet.WebDriverContextCustomizerFactory$Customizer@3daf7722, org.springframework.boot.test.context.filter.ExcludeFilterContextCustomizer@1fc32e4f, org.springframework.boot.test.json.DuplicateJsonObjectContextCustomizerFactory$DuplicateJsonObjectContextCustomizer@7efaad5a, org.springframework.boot.test.mock.mockito.MockitoContextCustomizer@4ceec05d], contextLoader = 'org.springframework.test.context.support.DelegatingSmartContextLoader', parent = [null]]]
01:05:16.127 [Test worker] DEBUG org.springframework.test.context.cache - Spring test ApplicationContext cache statistics: [DefaultContextCache@5782d777 size = 1, maxSize = 32, parentContextCount = 0, hitCount = 92, missCount = 1]
01:05:16.127 [Test worker] DEBUG org.springframework.test.context.cache.DefaultCacheAwareContextLoaderDelegate - Retrieved ApplicationContext [792782299] from cache with key [[MergedContextConfiguration@53de625d testClass = RewardTagManagerTest, locations = '{}', classes = '{class org.waldreg.reward.tag.DefaultRewardTagManager, class org.waldreg.reward.tag.lib.TagExceedClipper}', contextInitializerClasses = '[]', activeProfiles = '{}', propertySourceLocations = '{}', propertySourceProperties = '{}', contextCustomizers = set[org.springframework.boot.test.autoconfigure.actuate.metrics.MetricsExportContextCustomizerFactory$DisableMetricExportContextCustomizer@4f3bbf68, org.springframework.boot.test.autoconfigure.properties.PropertyMappingContextCustomizer@0, org.springframework.boot.test.autoconfigure.web.servlet.WebDriverContextCustomizerFactory$Customizer@3daf7722, org.springframework.boot.test.context.filter.ExcludeFilterContextCustomizer@1fc32e4f, org.springframework.boot.test.json.DuplicateJsonObjectContextCustomizerFactory$DuplicateJsonObjectContextCustomizer@7efaad5a, org.springframework.boot.test.mock.mockito.MockitoContextCustomizer@4ceec05d], contextLoader = 'org.springframework.test.context.support.DelegatingSmartContextLoader', parent = [null]]]
01:05:16.127 [Test worker] DEBUG org.springframework.test.context.cache - Spring test ApplicationContext cache statistics: [DefaultContextCache@5782d777 size = 1, maxSize = 32, parentContextCount = 0, hitCount = 93, missCount = 1]
01:05:16.128 [Test worker] DEBUG org.springframework.test.context.cache.DefaultCacheAwareContextLoaderDelegate - Retrieved ApplicationContext [792782299] from cache with key [[MergedContextConfiguration@53de625d testClass = RewardTagManagerTest, locations = '{}', classes = '{class org.waldreg.reward.tag.DefaultRewardTagManager, class org.waldreg.reward.tag.lib.TagExceedClipper}', contextInitializerClasses = '[]', activeProfiles = '{}', propertySourceLocations = '{}', propertySourceProperties = '{}', contextCustomizers = set[org.springframework.boot.test.autoconfigure.actuate.metrics.MetricsExportContextCustomizerFactory$DisableMetricExportContextCustomizer@4f3bbf68, org.springframework.boot.test.autoconfigure.properties.PropertyMappingContextCustomizer@0, org.springframework.boot.test.autoconfigure.web.servlet.WebDriverContextCustomizerFactory$Customizer@3daf7722, org.springframework.boot.test.context.filter.ExcludeFilterContextCustomizer@1fc32e4f, org.springframework.boot.test.json.DuplicateJsonObjectContextCustomizerFactory$DuplicateJsonObjectContextCustomizer@7efaad5a, org.springframework.boot.test.mock.mockito.MockitoContextCustomizer@4ceec05d], contextLoader = 'org.springframework.test.context.support.DelegatingSmartContextLoader', parent = [null]]]
01:05:16.128 [Test worker] DEBUG org.springframework.test.context.cache - Spring test ApplicationContext cache statistics: [DefaultContextCache@5782d777 size = 1, maxSize = 32, parentContextCount = 0, hitCount = 94, missCount = 1]
01:05:16.138 [Test worker] DEBUG org.springframework.test.context.cache.DefaultCacheAwareContextLoaderDelegate - Retrieved ApplicationContext [792782299] from cache with key [[MergedContextConfiguration@53de625d testClass = RewardTagManagerTest, locations = '{}', classes = '{class org.waldreg.reward.tag.DefaultRewardTagManager, class org.waldreg.reward.tag.lib.TagExceedClipper}', contextInitializerClasses = '[]', activeProfiles = '{}', propertySourceLocations = '{}', propertySourceProperties = '{}', contextCustomizers = set[org.springframework.boot.test.autoconfigure.actuate.metrics.MetricsExportContextCustomizerFactory$DisableMetricExportContextCustomizer@4f3bbf68, org.springframework.boot.test.autoconfigure.properties.PropertyMappingContextCustomizer@0, org.springframework.boot.test.autoconfigure.web.servlet.WebDriverContextCustomizerFactory$Customizer@3daf7722, org.springframework.boot.test.context.filter.ExcludeFilterContextCustomizer@1fc32e4f, org.springframework.boot.test.json.DuplicateJsonObjectContextCustomizerFactory$DuplicateJsonObjectContextCustomizer@7efaad5a, org.springframework.boot.test.mock.mockito.MockitoContextCustomizer@4ceec05d], contextLoader = 'org.springframework.test.context.support.DelegatingSmartContextLoader', parent = [null]]]
01:05:16.138 [Test worker] DEBUG org.springframework.test.context.cache - Spring test ApplicationContext cache statistics: [DefaultContextCache@5782d777 size = 1, maxSize = 32, parentContextCount = 0, hitCount = 95, missCount = 1]
01:05:16.139 [Test worker] DEBUG org.springframework.test.context.support.AbstractDirtiesContextTestExecutionListener - After test method: context [DefaultTestContext@2a62b5bc testClass = RewardTagManagerTest, testInstance = org.waldreg.reward.tag.RewardTagManagerTest@396e6d9, testMethod = UPDATE_REWARD_TAG_SUCCESS_MODIFY_EXCEED_BORDER_TEST@RewardTagManagerTest, testException = [null], mergedContextConfiguration = [MergedContextConfiguration@53de625d testClass = RewardTagManagerTest, locations = '{}', classes = '{class org.waldreg.reward.tag.DefaultRewardTagManager, class org.waldreg.reward.tag.lib.TagExceedClipper}', contextInitializerClasses = '[]', activeProfiles = '{}', propertySourceLocations = '{}', propertySourceProperties = '{}', contextCustomizers = set[org.springframework.boot.test.autoconfigure.actuate.metrics.MetricsExportContextCustomizerFactory$DisableMetricExportContextCustomizer@4f3bbf68, org.springframework.boot.test.autoconfigure.properties.PropertyMappingContextCustomizer@0, org.springframework.boot.test.autoconfigure.web.servlet.WebDriverContextCustomizerFactory$Customizer@3daf7722, org.springframework.boot.test.context.filter.ExcludeFilterContextCustomizer@1fc32e4f, org.springframework.boot.test.json.DuplicateJsonObjectContextCustomizerFactory$DuplicateJsonObjectContextCustomizer@7efaad5a, org.springframework.boot.test.mock.mockito.MockitoContextCustomizer@4ceec05d], contextLoader = 'org.springframework.test.context.support.DelegatingSmartContextLoader', parent = [null]], attributes = map['org.springframework.test.context.event.ApplicationEventsTestExecutionListener.recordApplicationEvents' -> false]], class annotated with @DirtiesContext [false] with mode [null], method annotated with @DirtiesContext [false] with mode [null].
01:05:16.145 [Test worker] DEBUG org.springframework.test.context.cache.DefaultCacheAwareContextLoaderDelegate - Retrieved ApplicationContext [792782299] from cache with key [[MergedContextConfiguration@53de625d testClass = RewardTagManagerTest, locations = '{}', classes = '{class org.waldreg.reward.tag.DefaultRewardTagManager, class org.waldreg.reward.tag.lib.TagExceedClipper}', contextInitializerClasses = '[]', activeProfiles = '{}', propertySourceLocations = '{}', propertySourceProperties = '{}', contextCustomizers = set[org.springframework.boot.test.autoconfigure.actuate.metrics.MetricsExportContextCustomizerFactory$DisableMetricExportContextCustomizer@4f3bbf68, org.springframework.boot.test.autoconfigure.properties.PropertyMappingContextCustomizer@0, org.springframework.boot.test.autoconfigure.web.servlet.WebDriverContextCustomizerFactory$Customizer@3daf7722, org.springframework.boot.test.context.filter.ExcludeFilterContextCustomizer@1fc32e4f, org.springframework.boot.test.json.DuplicateJsonObjectContextCustomizerFactory$DuplicateJsonObjectContextCustomizer@7efaad5a, org.springframework.boot.test.mock.mockito.MockitoContextCustomizer@4ceec05d], contextLoader = 'org.springframework.test.context.support.DelegatingSmartContextLoader', parent = [null]]]
01:05:16.145 [Test worker] DEBUG org.springframework.test.context.cache - Spring test ApplicationContext cache statistics: [DefaultContextCache@5782d777 size = 1, maxSize = 32, parentContextCount = 0, hitCount = 96, missCount = 1]
01:05:16.145 [Test worker] DEBUG org.springframework.test.context.support.AbstractDirtiesContextTestExecutionListener - After test class: context [DefaultTestContext@2a62b5bc testClass = RewardTagManagerTest, testInstance = [null], testMethod = [null], testException = [null], mergedContextConfiguration = [MergedContextConfiguration@53de625d testClass = RewardTagManagerTest, locations = '{}', classes = '{class org.waldreg.reward.tag.DefaultRewardTagManager, class org.waldreg.reward.tag.lib.TagExceedClipper}', contextInitializerClasses = '[]', activeProfiles = '{}', propertySourceLocations = '{}', propertySourceProperties = '{}', contextCustomizers = set[org.springframework.boot.test.autoconfigure.actuate.metrics.MetricsExportContextCustomizerFactory$DisableMetricExportContextCustomizer@4f3bbf68, org.springframework.boot.test.autoconfigure.properties.PropertyMappingContextCustomizer@0, org.springframework.boot.test.autoconfigure.web.servlet.WebDriverContextCustomizerFactory$Customizer@3daf7722, org.springframework.boot.test.context.filter.ExcludeFilterContextCustomizer@1fc32e4f, org.springframework.boot.test.json.DuplicateJsonObjectContextCustomizerFactory$DuplicateJsonObjectContextCustomizer@7efaad5a, org.springframework.boot.test.mock.mockito.MockitoContextCustomizer@4ceec05d], contextLoader = 'org.springframework.test.context.support.DelegatingSmartContextLoader', parent = [null]], attributes = map['org.springframework.test.context.event.ApplicationEventsTestExecutionListener.recordApplicationEvents' -> false]], class annotated with @DirtiesContext [false] with mode [null].
]]></system-out>
  <system-err><![CDATA[]]></system-err>
</testsuite>
