<?xml version="1.0" encoding="UTF-8"?>
<testsuite name="org.waldreg.config.user.AdminUserConfigurerTest" tests="1" skipped="0" failures="0" errors="0" timestamp="2023-01-18T09:47:59" hostname="xb-apple.local" time="0.003">
  <properties/>
  <testcase name="Admin 유저 생성 테스트" classname="org.waldreg.config.user.AdminUserConfigurerTest" time="0.003"/>
  <system-out><![CDATA[2023-01-18 18:47:59.439  INFO 49818 --- [    Test worker] .b.t.c.SpringBootTestContextBootstrapper : Neither @ContextConfiguration nor @ContextHierarchy found for test class [org.waldreg.config.user.AdminUserConfigurerTest], using SpringBootContextLoader
2023-01-18 18:47:59.439  INFO 49818 --- [    Test worker] o.s.t.c.support.AbstractContextLoader    : Could not detect default resource locations for test class [org.waldreg.config.user.AdminUserConfigurerTest]: no resource found for suffixes {-context.xml, Context.groovy}.
2023-01-18 18:47:59.439  INFO 49818 --- [    Test worker] t.c.s.AnnotationConfigContextLoaderUtils : Could not detect default configuration classes for test class [org.waldreg.config.user.AdminUserConfigurerTest]: AdminUserConfigurerTest does not declare any static, non-private, non-final, nested classes annotated with @Configuration.
2023-01-18 18:47:59.445  INFO 49818 --- [    Test worker] .b.t.c.SpringBootTestContextBootstrapper : Found @SpringBootConfiguration org.waldreg.ConfigurerTestInitializer for test class org.waldreg.config.user.AdminUserConfigurerTest
2023-01-18 18:47:59.446  INFO 49818 --- [    Test worker] .b.t.c.SpringBootTestContextBootstrapper : Loaded default TestExecutionListener class names from location [META-INF/spring.factories]: [org.springframework.boot.test.autoconfigure.restdocs.RestDocsTestExecutionListener, org.springframework.boot.test.autoconfigure.web.client.MockRestServiceServerResetTestExecutionListener, org.springframework.boot.test.autoconfigure.web.servlet.MockMvcPrintOnlyOnFailureTestExecutionListener, org.springframework.boot.test.autoconfigure.web.servlet.WebDriverTestExecutionListener, org.springframework.boot.test.autoconfigure.webservices.client.MockWebServiceServerTestExecutionListener, org.springframework.boot.test.mock.mockito.MockitoTestExecutionListener, org.springframework.boot.test.mock.mockito.ResetMocksTestExecutionListener, org.springframework.test.context.web.ServletTestExecutionListener, org.springframework.test.context.support.DirtiesContextBeforeModesTestExecutionListener, org.springframework.test.context.event.ApplicationEventsTestExecutionListener, org.springframework.test.context.support.DependencyInjectionTestExecutionListener, org.springframework.test.context.support.DirtiesContextTestExecutionListener, org.springframework.test.context.transaction.TransactionalTestExecutionListener, org.springframework.test.context.jdbc.SqlScriptsTestExecutionListener, org.springframework.test.context.event.EventPublishingTestExecutionListener]
2023-01-18 18:47:59.447  INFO 49818 --- [    Test worker] .b.t.c.SpringBootTestContextBootstrapper : Using TestExecutionListeners: [org.springframework.test.context.web.ServletTestExecutionListener@21090c88, org.springframework.test.context.support.DirtiesContextBeforeModesTestExecutionListener@d62472f, org.springframework.test.context.event.ApplicationEventsTestExecutionListener@63a84bb6, org.springframework.boot.test.mock.mockito.MockitoTestExecutionListener@701d2b59, org.springframework.boot.test.autoconfigure.SpringBootDependencyInjectionTestExecutionListener@1999149e, org.springframework.test.context.support.DirtiesContextTestExecutionListener@65d73bd, org.springframework.test.context.event.EventPublishingTestExecutionListener@27896d3b, org.springframework.boot.test.autoconfigure.restdocs.RestDocsTestExecutionListener@3ed7dd70, org.springframework.boot.test.autoconfigure.web.client.MockRestServiceServerResetTestExecutionListener@6f3b13d0, org.springframework.boot.test.autoconfigure.web.servlet.MockMvcPrintOnlyOnFailureTestExecutionListener@2964511, org.springframework.boot.test.autoconfigure.web.servlet.WebDriverTestExecutionListener@6e9a10cd, org.springframework.boot.test.autoconfigure.webservices.client.MockWebServiceServerTestExecutionListener@6ea66c33, org.springframework.boot.test.mock.mockito.ResetMocksTestExecutionListener@59b447a4]
]]></system-out>
  <system-err><![CDATA[]]></system-err>
</testsuite>
