<?xml version="1.0" encoding="UTF-8"?>
<testsuite name="org.waldreg.config.user.AdminUserConfigurerTest" tests="1" skipped="0" failures="0" errors="0" timestamp="2023-06-27T14:36:22" hostname="xb-apple.local" time="0.005">
  <properties/>
  <testcase name="Admin 유저 생성 테스트" classname="org.waldreg.config.user.AdminUserConfigurerTest" time="0.005"/>
  <system-out><![CDATA[2023-06-27 23:36:22.737  INFO 90303 --- [    Test worker] .b.t.c.SpringBootTestContextBootstrapper : Neither @ContextConfiguration nor @ContextHierarchy found for test class [org.waldreg.config.user.AdminUserConfigurerTest], using SpringBootContextLoader
2023-06-27 23:36:22.738  INFO 90303 --- [    Test worker] o.s.t.c.support.AbstractContextLoader    : Could not detect default resource locations for test class [org.waldreg.config.user.AdminUserConfigurerTest]: no resource found for suffixes {-context.xml, Context.groovy}.
2023-06-27 23:36:22.738  INFO 90303 --- [    Test worker] t.c.s.AnnotationConfigContextLoaderUtils : Could not detect default configuration classes for test class [org.waldreg.config.user.AdminUserConfigurerTest]: AdminUserConfigurerTest does not declare any static, non-private, non-final, nested classes annotated with @Configuration.
2023-06-27 23:36:22.740  INFO 90303 --- [    Test worker] .b.t.c.SpringBootTestContextBootstrapper : Found @SpringBootConfiguration org.waldreg.ConfigurerTestInitializer for test class org.waldreg.config.user.AdminUserConfigurerTest
2023-06-27 23:36:22.740  INFO 90303 --- [    Test worker] .b.t.c.SpringBootTestContextBootstrapper : Loaded default TestExecutionListener class names from location [META-INF/spring.factories]: [org.springframework.boot.test.autoconfigure.restdocs.RestDocsTestExecutionListener, org.springframework.boot.test.autoconfigure.web.client.MockRestServiceServerResetTestExecutionListener, org.springframework.boot.test.autoconfigure.web.servlet.MockMvcPrintOnlyOnFailureTestExecutionListener, org.springframework.boot.test.autoconfigure.web.servlet.WebDriverTestExecutionListener, org.springframework.boot.test.autoconfigure.webservices.client.MockWebServiceServerTestExecutionListener, org.springframework.boot.test.mock.mockito.MockitoTestExecutionListener, org.springframework.boot.test.mock.mockito.ResetMocksTestExecutionListener, org.springframework.test.context.web.ServletTestExecutionListener, org.springframework.test.context.support.DirtiesContextBeforeModesTestExecutionListener, org.springframework.test.context.event.ApplicationEventsTestExecutionListener, org.springframework.test.context.support.DependencyInjectionTestExecutionListener, org.springframework.test.context.support.DirtiesContextTestExecutionListener, org.springframework.test.context.transaction.TransactionalTestExecutionListener, org.springframework.test.context.jdbc.SqlScriptsTestExecutionListener, org.springframework.test.context.event.EventPublishingTestExecutionListener]
2023-06-27 23:36:22.741  INFO 90303 --- [    Test worker] .b.t.c.SpringBootTestContextBootstrapper : Using TestExecutionListeners: [org.springframework.test.context.web.ServletTestExecutionListener@3344c1d7, org.springframework.test.context.support.DirtiesContextBeforeModesTestExecutionListener@73b034ca, org.springframework.test.context.event.ApplicationEventsTestExecutionListener@104e6540, org.springframework.boot.test.mock.mockito.MockitoTestExecutionListener@3f9ee527, org.springframework.boot.test.autoconfigure.SpringBootDependencyInjectionTestExecutionListener@2a41d17a, org.springframework.test.context.support.DirtiesContextTestExecutionListener@58a5b69c, org.springframework.test.context.transaction.TransactionalTestExecutionListener@3b22bcad, org.springframework.test.context.jdbc.SqlScriptsTestExecutionListener@735dc133, org.springframework.test.context.event.EventPublishingTestExecutionListener@57330423, org.springframework.boot.test.autoconfigure.restdocs.RestDocsTestExecutionListener@2257590f, org.springframework.boot.test.autoconfigure.web.client.MockRestServiceServerResetTestExecutionListener@c3e5e3c, org.springframework.boot.test.autoconfigure.web.servlet.MockMvcPrintOnlyOnFailureTestExecutionListener@11f752d1, org.springframework.boot.test.autoconfigure.web.servlet.WebDriverTestExecutionListener@5eaa4ed0, org.springframework.boot.test.autoconfigure.webservices.client.MockWebServiceServerTestExecutionListener@462deb2b, org.springframework.boot.test.mock.mockito.ResetMocksTestExecutionListener@381c826c]
Hibernate: select user0_.user_id as col_0_0_ from user user0_ where user0_.user_user_id=? limit ?
Hibernate: select user0_.user_id as user_id1_20_, user0_.character_id as characte7_20_, user0_.user_created_at as user_cre2_20_, user0_.user_name as user_nam3_20_, user0_.user_phone_number as user_pho4_20_, user0_.user_user_id as user_use5_20_, user0_.user_user_password as user_use6_20_ from user user0_ inner join characters character1_ on user0_.character_id=character1_.character_id where user0_.user_user_id=?
Hibernate: select character0_.character_id as characte1_6_0_, character0_.character_character_name as characte2_6_0_ from characters character0_ where character0_.character_id=?
Hibernate: select rewardtagw0_.user_id as user_id4_15_0_, rewardtagw0_.reward_tag_wrapper_reward_id as reward_t1_15_0_, rewardtagw0_.reward_tag_wrapper_reward_id as reward_t1_15_1_, rewardtagw0_.reward_tag_wrapper_reward_presented_at as reward_t2_15_1_, rewardtagw0_.reward_tag_reward_tag_id as reward_t3_15_1_, rewardtagw0_.user_id as user_id4_15_1_ from reward_tag_wrapper rewardtagw0_ where rewardtagw0_.user_id=?
]]></system-out>
  <system-err><![CDATA[]]></system-err>
</testsuite>
