<?xml version="1.0" encoding="UTF-8"?>
<testsuite name="org.waldreg.config.user.AdminUserConfigurerTest" tests="1" skipped="0" failures="0" errors="0" timestamp="2023-06-27T14:51:13" hostname="xb-apple.local" time="0.005">
  <properties/>
  <testcase name="Admin 유저 생성 테스트" classname="org.waldreg.config.user.AdminUserConfigurerTest" time="0.005"/>
  <system-out><![CDATA[2023-06-27 23:51:13.520  INFO 92719 --- [    Test worker] .b.t.c.SpringBootTestContextBootstrapper : Neither @ContextConfiguration nor @ContextHierarchy found for test class [org.waldreg.config.user.AdminUserConfigurerTest], using SpringBootContextLoader
2023-06-27 23:51:13.520  INFO 92719 --- [    Test worker] o.s.t.c.support.AbstractContextLoader    : Could not detect default resource locations for test class [org.waldreg.config.user.AdminUserConfigurerTest]: no resource found for suffixes {-context.xml, Context.groovy}.
2023-06-27 23:51:13.520  INFO 92719 --- [    Test worker] t.c.s.AnnotationConfigContextLoaderUtils : Could not detect default configuration classes for test class [org.waldreg.config.user.AdminUserConfigurerTest]: AdminUserConfigurerTest does not declare any static, non-private, non-final, nested classes annotated with @Configuration.
2023-06-27 23:51:13.523  INFO 92719 --- [    Test worker] .b.t.c.SpringBootTestContextBootstrapper : Found @SpringBootConfiguration org.waldreg.ConfigurerTestInitializer for test class org.waldreg.config.user.AdminUserConfigurerTest
2023-06-27 23:51:13.523  INFO 92719 --- [    Test worker] .b.t.c.SpringBootTestContextBootstrapper : Loaded default TestExecutionListener class names from location [META-INF/spring.factories]: [org.springframework.boot.test.autoconfigure.restdocs.RestDocsTestExecutionListener, org.springframework.boot.test.autoconfigure.web.client.MockRestServiceServerResetTestExecutionListener, org.springframework.boot.test.autoconfigure.web.servlet.MockMvcPrintOnlyOnFailureTestExecutionListener, org.springframework.boot.test.autoconfigure.web.servlet.WebDriverTestExecutionListener, org.springframework.boot.test.autoconfigure.webservices.client.MockWebServiceServerTestExecutionListener, org.springframework.boot.test.mock.mockito.MockitoTestExecutionListener, org.springframework.boot.test.mock.mockito.ResetMocksTestExecutionListener, org.springframework.test.context.web.ServletTestExecutionListener, org.springframework.test.context.support.DirtiesContextBeforeModesTestExecutionListener, org.springframework.test.context.event.ApplicationEventsTestExecutionListener, org.springframework.test.context.support.DependencyInjectionTestExecutionListener, org.springframework.test.context.support.DirtiesContextTestExecutionListener, org.springframework.test.context.transaction.TransactionalTestExecutionListener, org.springframework.test.context.jdbc.SqlScriptsTestExecutionListener, org.springframework.test.context.event.EventPublishingTestExecutionListener]
2023-06-27 23:51:13.523  INFO 92719 --- [    Test worker] .b.t.c.SpringBootTestContextBootstrapper : Using TestExecutionListeners: [org.springframework.test.context.web.ServletTestExecutionListener@34e1c23d, org.springframework.test.context.support.DirtiesContextBeforeModesTestExecutionListener@240fa4ad, org.springframework.test.context.event.ApplicationEventsTestExecutionListener@4fb3c670, org.springframework.boot.test.mock.mockito.MockitoTestExecutionListener@6b6c882c, org.springframework.boot.test.autoconfigure.SpringBootDependencyInjectionTestExecutionListener@51a65f56, org.springframework.test.context.support.DirtiesContextTestExecutionListener@8d5b303, org.springframework.test.context.transaction.TransactionalTestExecutionListener@5984742f, org.springframework.test.context.jdbc.SqlScriptsTestExecutionListener@56a6aadb, org.springframework.test.context.event.EventPublishingTestExecutionListener@359903b6, org.springframework.boot.test.autoconfigure.restdocs.RestDocsTestExecutionListener@1071f3ad, org.springframework.boot.test.autoconfigure.web.client.MockRestServiceServerResetTestExecutionListener@6aaed880, org.springframework.boot.test.autoconfigure.web.servlet.MockMvcPrintOnlyOnFailureTestExecutionListener@9bd477c, org.springframework.boot.test.autoconfigure.web.servlet.WebDriverTestExecutionListener@7444714e, org.springframework.boot.test.autoconfigure.webservices.client.MockWebServiceServerTestExecutionListener@6b3708f0, org.springframework.boot.test.mock.mockito.ResetMocksTestExecutionListener@77c1a7ce]
Hibernate: select user0_.user_id as col_0_0_ from user user0_ where user0_.user_user_id=? limit ?
Hibernate: select user0_.user_id as user_id1_21_, user0_.character_id as characte7_21_, user0_.user_created_at as user_cre2_21_, user0_.user_name as user_nam3_21_, user0_.user_phone_number as user_pho4_21_, user0_.user_user_id as user_use5_21_, user0_.user_user_password as user_use6_21_ from user user0_ inner join characters character1_ on user0_.character_id=character1_.character_id where user0_.user_user_id=?
Hibernate: select character0_.character_id as characte1_6_0_, character0_.character_character_name as characte2_6_0_ from characters character0_ where character0_.character_id=?
Hibernate: select rewardtagw0_.user_id as user_id4_16_0_, rewardtagw0_.reward_tag_wrapper_reward_id as reward_t1_16_0_, rewardtagw0_.reward_tag_wrapper_reward_id as reward_t1_16_1_, rewardtagw0_.reward_tag_wrapper_reward_presented_at as reward_t2_16_1_, rewardtagw0_.reward_tag_reward_tag_id as reward_t3_16_1_, rewardtagw0_.user_id as user_id4_16_1_ from reward_tag_wrapper rewardtagw0_ where rewardtagw0_.user_id=?
]]></system-out>
  <system-err><![CDATA[]]></system-err>
</testsuite>
