<?xml version="1.0" encoding="UTF-8"?>
<testsuite name="org.waldreg.config.character.DefaultCharacterConfigurerTest" tests="2" skipped="0" failures="0" errors="0" timestamp="2023-01-18T09:47:59" hostname="xb-apple.local" time="0.162">
  <properties/>
  <testcase name="애플리케이션 시작시 &quot;Guest&quot; character 추가 확인 테스트" classname="org.waldreg.config.character.DefaultCharacterConfigurerTest" time="0.16"/>
  <testcase name="애플리케이션 시작시 &quot;Admin&quot; character 추가 확인 테스트" classname="org.waldreg.config.character.DefaultCharacterConfigurerTest" time="0.001"/>
  <system-out><![CDATA[18:47:58.113 [Test worker] DEBUG org.springframework.test.context.BootstrapUtils - Instantiating CacheAwareContextLoaderDelegate from class [org.springframework.test.context.cache.DefaultCacheAwareContextLoaderDelegate]
18:47:58.121 [Test worker] DEBUG org.springframework.test.context.BootstrapUtils - Instantiating BootstrapContext using constructor [public org.springframework.test.context.support.DefaultBootstrapContext(java.lang.Class,org.springframework.test.context.CacheAwareContextLoaderDelegate)]
18:47:58.157 [Test worker] DEBUG org.springframework.test.context.BootstrapUtils - Instantiating TestContextBootstrapper for test class [org.waldreg.config.character.DefaultCharacterConfigurerTest] from class [org.springframework.boot.test.context.SpringBootTestContextBootstrapper]
18:47:58.164 [Test worker] INFO org.springframework.boot.test.context.SpringBootTestContextBootstrapper - Neither @ContextConfiguration nor @ContextHierarchy found for test class [org.waldreg.config.character.DefaultCharacterConfigurerTest], using SpringBootContextLoader
18:47:58.167 [Test worker] DEBUG org.springframework.test.context.support.AbstractContextLoader - Did not detect default resource location for test class [org.waldreg.config.character.DefaultCharacterConfigurerTest]: class path resource [org/waldreg/config/character/DefaultCharacterConfigurerTest-context.xml] does not exist
18:47:58.167 [Test worker] DEBUG org.springframework.test.context.support.AbstractContextLoader - Did not detect default resource location for test class [org.waldreg.config.character.DefaultCharacterConfigurerTest]: class path resource [org/waldreg/config/character/DefaultCharacterConfigurerTestContext.groovy] does not exist
18:47:58.168 [Test worker] INFO org.springframework.test.context.support.AbstractContextLoader - Could not detect default resource locations for test class [org.waldreg.config.character.DefaultCharacterConfigurerTest]: no resource found for suffixes {-context.xml, Context.groovy}.
18:47:58.168 [Test worker] INFO org.springframework.test.context.support.AnnotationConfigContextLoaderUtils - Could not detect default configuration classes for test class [org.waldreg.config.character.DefaultCharacterConfigurerTest]: DefaultCharacterConfigurerTest does not declare any static, non-private, non-final, nested classes annotated with @Configuration.
18:47:58.192 [Test worker] DEBUG org.springframework.test.context.support.ActiveProfilesUtils - Could not find an 'annotation declaring class' for annotation type [org.springframework.test.context.ActiveProfiles] and class [org.waldreg.config.character.DefaultCharacterConfigurerTest]
18:47:58.224 [Test worker] DEBUG org.springframework.context.annotation.ClassPathScanningCandidateComponentProvider - Identified candidate component class: file [/Users/devxb/develop/waldreg-api/waldreg/application-layer/application-configurer/build/classes/java/test/org/waldreg/ConfigurerTestInitializer.class]
18:47:58.225 [Test worker] INFO org.springframework.boot.test.context.SpringBootTestContextBootstrapper - Found @SpringBootConfiguration org.waldreg.ConfigurerTestInitializer for test class org.waldreg.config.character.DefaultCharacterConfigurerTest
18:47:58.296 [Test worker] DEBUG org.springframework.boot.test.context.SpringBootTestContextBootstrapper - @TestExecutionListeners is not present for class [org.waldreg.config.character.DefaultCharacterConfigurerTest]: using defaults.
18:47:58.296 [Test worker] INFO org.springframework.boot.test.context.SpringBootTestContextBootstrapper - Loaded default TestExecutionListener class names from location [META-INF/spring.factories]: [org.springframework.boot.test.autoconfigure.restdocs.RestDocsTestExecutionListener, org.springframework.boot.test.autoconfigure.web.client.MockRestServiceServerResetTestExecutionListener, org.springframework.boot.test.autoconfigure.web.servlet.MockMvcPrintOnlyOnFailureTestExecutionListener, org.springframework.boot.test.autoconfigure.web.servlet.WebDriverTestExecutionListener, org.springframework.boot.test.autoconfigure.webservices.client.MockWebServiceServerTestExecutionListener, org.springframework.boot.test.mock.mockito.MockitoTestExecutionListener, org.springframework.boot.test.mock.mockito.ResetMocksTestExecutionListener, org.springframework.test.context.web.ServletTestExecutionListener, org.springframework.test.context.support.DirtiesContextBeforeModesTestExecutionListener, org.springframework.test.context.event.ApplicationEventsTestExecutionListener, org.springframework.test.context.support.DependencyInjectionTestExecutionListener, org.springframework.test.context.support.DirtiesContextTestExecutionListener, org.springframework.test.context.transaction.TransactionalTestExecutionListener, org.springframework.test.context.jdbc.SqlScriptsTestExecutionListener, org.springframework.test.context.event.EventPublishingTestExecutionListener]
18:47:58.306 [Test worker] DEBUG org.springframework.boot.test.context.SpringBootTestContextBootstrapper - Skipping candidate TestExecutionListener [org.springframework.test.context.transaction.TransactionalTestExecutionListener] due to a missing dependency. Specify custom listener classes or make the default listener classes and their required dependencies available. Offending class: [org/springframework/transaction/interceptor/TransactionAttributeSource]
18:47:58.306 [Test worker] DEBUG org.springframework.boot.test.context.SpringBootTestContextBootstrapper - Skipping candidate TestExecutionListener [org.springframework.test.context.jdbc.SqlScriptsTestExecutionListener] due to a missing dependency. Specify custom listener classes or make the default listener classes and their required dependencies available. Offending class: [org/springframework/transaction/interceptor/TransactionAttribute]
18:47:58.307 [Test worker] INFO org.springframework.boot.test.context.SpringBootTestContextBootstrapper - Using TestExecutionListeners: [org.springframework.test.context.web.ServletTestExecutionListener@6f8f9349, org.springframework.test.context.support.DirtiesContextBeforeModesTestExecutionListener@75c9e76b, org.springframework.test.context.event.ApplicationEventsTestExecutionListener@7446d8d5, org.springframework.boot.test.mock.mockito.MockitoTestExecutionListener@5c3b6c6e, org.springframework.boot.test.autoconfigure.SpringBootDependencyInjectionTestExecutionListener@4fbda97b, org.springframework.test.context.support.DirtiesContextTestExecutionListener@75f5fd58, org.springframework.test.context.event.EventPublishingTestExecutionListener@37b70343, org.springframework.boot.test.autoconfigure.restdocs.RestDocsTestExecutionListener@306851c7, org.springframework.boot.test.autoconfigure.web.client.MockRestServiceServerResetTestExecutionListener@12bcd0c0, org.springframework.boot.test.autoconfigure.web.servlet.MockMvcPrintOnlyOnFailureTestExecutionListener@4879f0f2, org.springframework.boot.test.autoconfigure.web.servlet.WebDriverTestExecutionListener@47db5fa5, org.springframework.boot.test.autoconfigure.webservices.client.MockWebServiceServerTestExecutionListener@354fc8f0, org.springframework.boot.test.mock.mockito.ResetMocksTestExecutionListener@41813449]
18:47:58.308 [Test worker] DEBUG org.springframework.test.context.support.AbstractDirtiesContextTestExecutionListener - Before test class: context [DefaultTestContext@435871cb testClass = DefaultCharacterConfigurerTest, testInstance = [null], testMethod = [null], testException = [null], mergedContextConfiguration = [WebMergedContextConfiguration@609640d5 testClass = DefaultCharacterConfigurerTest, locations = '{}', classes = '{class org.waldreg.ConfigurerTestInitializer}', contextInitializerClasses = '[]', activeProfiles = '{}', propertySourceLocations = '{}', propertySourceProperties = '{org.springframework.boot.test.context.SpringBootTestContextBootstrapper=true}', contextCustomizers = set[org.springframework.boot.test.autoconfigure.actuate.metrics.MetricsExportContextCustomizerFactory$DisableMetricExportContextCustomizer@38604b81, org.springframework.boot.test.autoconfigure.properties.PropertyMappingContextCustomizer@0, org.springframework.boot.test.autoconfigure.web.servlet.WebDriverContextCustomizerFactory$Customizer@1583741e, org.springframework.boot.test.context.filter.ExcludeFilterContextCustomizer@2e48362c, org.springframework.boot.test.json.DuplicateJsonObjectContextCustomizerFactory$DuplicateJsonObjectContextCustomizer@7e5c856f, org.springframework.boot.test.mock.mockito.MockitoContextCustomizer@0, org.springframework.boot.test.web.client.TestRestTemplateContextCustomizer@3f91b517, org.springframework.boot.test.context.SpringBootTestArgs@1, org.springframework.boot.test.context.SpringBootTestWebEnvironment@ed7f8b4], resourceBasePath = 'src/main/webapp', contextLoader = 'org.springframework.boot.test.context.SpringBootContextLoader', parent = [null]], attributes = map['org.springframework.test.context.web.ServletTestExecutionListener.activateListener' -> true]], class annotated with @DirtiesContext [false] with mode [null].

  .   ____          _            __ _ _
 /\\ / ___'_ __ _ _(_)_ __  __ _ \ \ \ \
( ( )\___ | '_ | '_| | '_ \/ _` | \ \ \ \
 \\/  ___)| |_)| | | | | || (_| |  ) ) ) )
  '  |____| .__|_| |_|_| |_\__, | / / / /
 =========|_|==============|___/=/_/_/_/
 :: Spring Boot ::                (v2.7.1)

2023-01-18 18:47:58.574  INFO 49818 --- [    Test worker] o.w.c.c.DefaultCharacterConfigurerTest   : Starting DefaultCharacterConfigurerTest using Java 18.0.2 on xb-apple.local with PID 49818 (started by devxb in /Users/devxb/develop/waldreg-api/waldreg/application-layer/application-configurer)
2023-01-18 18:47:58.575  INFO 49818 --- [    Test worker] o.w.c.c.DefaultCharacterConfigurerTest   : No active profile set, falling back to 1 default profile: "default"
2023-01-18 18:47:59.267  INFO 49818 --- [    Test worker] o.w.c.c.DefaultCharacterConfigurerTest   : Started DefaultCharacterConfigurerTest in 0.934 seconds (JVM running for 1.54)
]]></system-out>
  <system-err><![CDATA[]]></system-err>
</testsuite>
