<?xml version="1.0" encoding="UTF-8"?>
<testsuite name="org.waldreg.attendance.reward.AttendanceRewardManagerTest" tests="3" skipped="0" failures="0" errors="0" timestamp="2023-06-27T14:51:40" hostname="xb-apple.local" time="0.005">
  <properties/>
  <testcase name="출석 태그에 상점 부여 성공 테스트" classname="org.waldreg.attendance.reward.AttendanceRewardManagerTest" time="0.001"/>
  <testcase name="출석 태그에 상점 부여 실패 테스트 - reward-tag 가 없음" classname="org.waldreg.attendance.reward.AttendanceRewardManagerTest" time="0.002"/>
  <testcase name="출석 태그에 상점 부여 실패 테스트 - 알수없는 AttendanceType" classname="org.waldreg.attendance.reward.AttendanceRewardManagerTest" time="0.001"/>
  <system-out><![CDATA[23:51:40.015 [Test worker] DEBUG org.springframework.test.context.BootstrapUtils - Instantiating CacheAwareContextLoaderDelegate from class [org.springframework.test.context.cache.DefaultCacheAwareContextLoaderDelegate]
23:51:40.015 [Test worker] DEBUG org.springframework.test.context.BootstrapUtils - Instantiating BootstrapContext using constructor [public org.springframework.test.context.support.DefaultBootstrapContext(java.lang.Class,org.springframework.test.context.CacheAwareContextLoaderDelegate)]
23:51:40.015 [Test worker] DEBUG org.springframework.test.context.BootstrapUtils - Instantiating TestContextBootstrapper for test class [org.waldreg.attendance.reward.AttendanceRewardManagerTest] from class [org.springframework.test.context.support.DefaultTestContextBootstrapper]
23:51:40.016 [Test worker] DEBUG org.springframework.test.context.support.AbstractDelegatingSmartContextLoader - Delegating to AnnotationConfigContextLoader to process context configuration [ContextConfigurationAttributes@2c58dcb1 declaringClass = 'org.waldreg.attendance.reward.AttendanceRewardManagerTest', classes = '{class org.waldreg.attendance.reward.DefaultAttendanceRewardManager}', locations = '{}', inheritLocations = true, initializers = '{}', inheritInitializers = true, name = [null], contextLoaderClass = 'org.springframework.test.context.ContextLoader'].
23:51:40.016 [Test worker] DEBUG org.springframework.test.context.support.ActiveProfilesUtils - Could not find an 'annotation declaring class' for annotation type [org.springframework.test.context.ActiveProfiles] and class [org.waldreg.attendance.reward.AttendanceRewardManagerTest]
23:51:40.016 [Test worker] DEBUG org.springframework.test.context.support.DefaultTestContextBootstrapper - @TestExecutionListeners is not present for class [org.waldreg.attendance.reward.AttendanceRewardManagerTest]: using defaults.
23:51:40.016 [Test worker] INFO org.springframework.test.context.support.DefaultTestContextBootstrapper - Loaded default TestExecutionListener class names from location [META-INF/spring.factories]: [org.springframework.boot.test.autoconfigure.restdocs.RestDocsTestExecutionListener, org.springframework.boot.test.autoconfigure.web.client.MockRestServiceServerResetTestExecutionListener, org.springframework.boot.test.autoconfigure.web.servlet.MockMvcPrintOnlyOnFailureTestExecutionListener, org.springframework.boot.test.autoconfigure.web.servlet.WebDriverTestExecutionListener, org.springframework.boot.test.autoconfigure.webservices.client.MockWebServiceServerTestExecutionListener, org.springframework.boot.test.mock.mockito.MockitoTestExecutionListener, org.springframework.boot.test.mock.mockito.ResetMocksTestExecutionListener, org.springframework.test.context.web.ServletTestExecutionListener, org.springframework.test.context.support.DirtiesContextBeforeModesTestExecutionListener, org.springframework.test.context.event.ApplicationEventsTestExecutionListener, org.springframework.test.context.support.DependencyInjectionTestExecutionListener, org.springframework.test.context.support.DirtiesContextTestExecutionListener, org.springframework.test.context.transaction.TransactionalTestExecutionListener, org.springframework.test.context.jdbc.SqlScriptsTestExecutionListener, org.springframework.test.context.event.EventPublishingTestExecutionListener]
23:51:40.016 [Test worker] DEBUG org.springframework.test.context.support.DefaultTestContextBootstrapper - Skipping candidate TestExecutionListener [org.springframework.test.context.transaction.TransactionalTestExecutionListener] due to a missing dependency. Specify custom listener classes or make the default listener classes and their required dependencies available. Offending class: [org/springframework/transaction/interceptor/TransactionAttributeSource]
23:51:40.016 [Test worker] DEBUG org.springframework.test.context.support.DefaultTestContextBootstrapper - Skipping candidate TestExecutionListener [org.springframework.test.context.jdbc.SqlScriptsTestExecutionListener] due to a missing dependency. Specify custom listener classes or make the default listener classes and their required dependencies available. Offending class: [org/springframework/transaction/interceptor/TransactionAttribute]
23:51:40.016 [Test worker] INFO org.springframework.test.context.support.DefaultTestContextBootstrapper - Using TestExecutionListeners: [org.springframework.test.context.web.ServletTestExecutionListener@680a66dd, org.springframework.test.context.support.DirtiesContextBeforeModesTestExecutionListener@2dd8239, org.springframework.test.context.event.ApplicationEventsTestExecutionListener@472698d, org.springframework.boot.test.mock.mockito.MockitoTestExecutionListener@7b7683d4, org.springframework.test.context.support.DependencyInjectionTestExecutionListener@40712ee9, org.springframework.test.context.support.DirtiesContextTestExecutionListener@2e53b094, org.springframework.test.context.event.EventPublishingTestExecutionListener@39fa8ad2, org.springframework.boot.test.autoconfigure.restdocs.RestDocsTestExecutionListener@76ddd61a, org.springframework.boot.test.autoconfigure.web.client.MockRestServiceServerResetTestExecutionListener@3f92a84e, org.springframework.boot.test.autoconfigure.web.servlet.MockMvcPrintOnlyOnFailureTestExecutionListener@cf67838, org.springframework.boot.test.autoconfigure.web.servlet.WebDriverTestExecutionListener@6137cf6e, org.springframework.boot.test.autoconfigure.webservices.client.MockWebServiceServerTestExecutionListener@7942a854, org.springframework.boot.test.mock.mockito.ResetMocksTestExecutionListener@53b8afea]
23:51:40.016 [Test worker] DEBUG org.springframework.test.context.support.AbstractDirtiesContextTestExecutionListener - Before test class: context [DefaultTestContext@6c302a1d testClass = AttendanceRewardManagerTest, testInstance = [null], testMethod = [null], testException = [null], mergedContextConfiguration = [MergedContextConfiguration@33a3c44a testClass = AttendanceRewardManagerTest, locations = '{}', classes = '{class org.waldreg.attendance.reward.DefaultAttendanceRewardManager}', contextInitializerClasses = '[]', activeProfiles = '{}', propertySourceLocations = '{}', propertySourceProperties = '{}', contextCustomizers = set[org.springframework.boot.test.autoconfigure.actuate.metrics.MetricsExportContextCustomizerFactory$DisableMetricExportContextCustomizer@6f44a157, org.springframework.boot.test.autoconfigure.properties.PropertyMappingContextCustomizer@0, org.springframework.boot.test.autoconfigure.web.servlet.WebDriverContextCustomizerFactory$Customizer@4f3bbf68, org.springframework.boot.test.context.filter.ExcludeFilterContextCustomizer@2421cc4, org.springframework.boot.test.json.DuplicateJsonObjectContextCustomizerFactory$DuplicateJsonObjectContextCustomizer@58ce9668, org.springframework.boot.test.mock.mockito.MockitoContextCustomizer@e6403e9a], contextLoader = 'org.springframework.test.context.support.DelegatingSmartContextLoader', parent = [null]], attributes = map[[empty]]], class annotated with @DirtiesContext [false] with mode [null].
23:51:40.017 [Test worker] DEBUG org.springframework.test.context.support.AbstractDelegatingSmartContextLoader - Delegating to AnnotationConfigContextLoader to load context from [MergedContextConfiguration@33a3c44a testClass = AttendanceRewardManagerTest, locations = '{}', classes = '{class org.waldreg.attendance.reward.DefaultAttendanceRewardManager}', contextInitializerClasses = '[]', activeProfiles = '{}', propertySourceLocations = '{}', propertySourceProperties = '{}', contextCustomizers = set[org.springframework.boot.test.autoconfigure.actuate.metrics.MetricsExportContextCustomizerFactory$DisableMetricExportContextCustomizer@6f44a157, org.springframework.boot.test.autoconfigure.properties.PropertyMappingContextCustomizer@0, org.springframework.boot.test.autoconfigure.web.servlet.WebDriverContextCustomizerFactory$Customizer@4f3bbf68, org.springframework.boot.test.context.filter.ExcludeFilterContextCustomizer@2421cc4, org.springframework.boot.test.json.DuplicateJsonObjectContextCustomizerFactory$DuplicateJsonObjectContextCustomizer@58ce9668, org.springframework.boot.test.mock.mockito.MockitoContextCustomizer@e6403e9a], contextLoader = 'org.springframework.test.context.support.DelegatingSmartContextLoader', parent = [null]].
23:51:40.017 [Test worker] DEBUG org.springframework.test.context.support.AbstractGenericContextLoader - Loading ApplicationContext for merged context configuration [[MergedContextConfiguration@33a3c44a testClass = AttendanceRewardManagerTest, locations = '{}', classes = '{class org.waldreg.attendance.reward.DefaultAttendanceRewardManager}', contextInitializerClasses = '[]', activeProfiles = '{}', propertySourceLocations = '{}', propertySourceProperties = '{}', contextCustomizers = set[org.springframework.boot.test.autoconfigure.actuate.metrics.MetricsExportContextCustomizerFactory$DisableMetricExportContextCustomizer@6f44a157, org.springframework.boot.test.autoconfigure.properties.PropertyMappingContextCustomizer@0, org.springframework.boot.test.autoconfigure.web.servlet.WebDriverContextCustomizerFactory$Customizer@4f3bbf68, org.springframework.boot.test.context.filter.ExcludeFilterContextCustomizer@2421cc4, org.springframework.boot.test.json.DuplicateJsonObjectContextCustomizerFactory$DuplicateJsonObjectContextCustomizer@58ce9668, org.springframework.boot.test.mock.mockito.MockitoContextCustomizer@e6403e9a], contextLoader = 'org.springframework.test.context.support.DelegatingSmartContextLoader', parent = [null]]].
23:51:40.017 [Test worker] DEBUG org.springframework.core.env.StandardEnvironment - Activating profiles []
23:51:40.017 [Test worker] DEBUG org.springframework.test.context.support.AnnotationConfigContextLoader - Registering component classes: {class org.waldreg.attendance.reward.DefaultAttendanceRewardManager}
23:51:40.017 [Test worker] DEBUG org.springframework.context.support.GenericApplicationContext - Refreshing org.springframework.context.support.GenericApplicationContext@5fcfca62
23:51:40.017 [Test worker] DEBUG org.springframework.beans.factory.support.DefaultListableBeanFactory - Creating shared instance of singleton bean 'org.springframework.context.annotation.internalConfigurationAnnotationProcessor'
23:51:40.018 [Test worker] DEBUG org.springframework.beans.factory.support.DefaultListableBeanFactory - Creating shared instance of singleton bean 'org.springframework.boot.test.mock.mockito.MockitoPostProcessor'
23:51:40.018 [Test worker] DEBUG org.springframework.beans.factory.support.DefaultListableBeanFactory - Creating shared instance of singleton bean 'org.springframework.context.event.internalEventListenerProcessor'
23:51:40.018 [Test worker] DEBUG org.springframework.beans.factory.support.DefaultListableBeanFactory - Creating shared instance of singleton bean 'org.springframework.context.event.internalEventListenerFactory'
23:51:40.018 [Test worker] DEBUG org.springframework.beans.factory.support.DefaultListableBeanFactory - Creating shared instance of singleton bean 'org.springframework.context.annotation.internalAutowiredAnnotationProcessor'
23:51:40.019 [Test worker] DEBUG org.springframework.beans.factory.support.DefaultListableBeanFactory - Creating shared instance of singleton bean 'org.springframework.context.annotation.internalCommonAnnotationProcessor'
23:51:40.019 [Test worker] DEBUG org.springframework.beans.factory.support.DefaultListableBeanFactory - Creating shared instance of singleton bean 'org.springframework.boot.test.mock.mockito.MockitoPostProcessor$SpyPostProcessor'
23:51:40.019 [Test worker] DEBUG org.springframework.beans.factory.support.DefaultListableBeanFactory - Creating shared instance of singleton bean 'defaultAttendanceRewardManager'
23:51:40.019 [Test worker] DEBUG org.springframework.beans.factory.support.DefaultListableBeanFactory - Autowiring by type from bean name 'defaultAttendanceRewardManager' via constructor to bean named 'org.waldreg.attendance.reward.spi.AttendanceRewardRepository#0'
23:51:40.020 [Test worker] DEBUG org.springframework.test.context.cache.DefaultCacheAwareContextLoaderDelegate - Storing ApplicationContext [1607453282] in cache under key [[MergedContextConfiguration@33a3c44a testClass = AttendanceRewardManagerTest, locations = '{}', classes = '{class org.waldreg.attendance.reward.DefaultAttendanceRewardManager}', contextInitializerClasses = '[]', activeProfiles = '{}', propertySourceLocations = '{}', propertySourceProperties = '{}', contextCustomizers = set[org.springframework.boot.test.autoconfigure.actuate.metrics.MetricsExportContextCustomizerFactory$DisableMetricExportContextCustomizer@6f44a157, org.springframework.boot.test.autoconfigure.properties.PropertyMappingContextCustomizer@0, org.springframework.boot.test.autoconfigure.web.servlet.WebDriverContextCustomizerFactory$Customizer@4f3bbf68, org.springframework.boot.test.context.filter.ExcludeFilterContextCustomizer@2421cc4, org.springframework.boot.test.json.DuplicateJsonObjectContextCustomizerFactory$DuplicateJsonObjectContextCustomizer@58ce9668, org.springframework.boot.test.mock.mockito.MockitoContextCustomizer@e6403e9a], contextLoader = 'org.springframework.test.context.support.DelegatingSmartContextLoader', parent = [null]]]
23:51:40.020 [Test worker] DEBUG org.springframework.test.context.cache - Spring test ApplicationContext cache statistics: [DefaultContextCache@664e5dee size = 2, maxSize = 32, parentContextCount = 0, hitCount = 264, missCount = 2]
23:51:40.020 [Test worker] DEBUG org.springframework.test.context.support.DependencyInjectionTestExecutionListener - Performing dependency injection for test context [[DefaultTestContext@6c302a1d testClass = AttendanceRewardManagerTest, testInstance = org.waldreg.attendance.reward.AttendanceRewardManagerTest@341672e, testMethod = [null], testException = [null], mergedContextConfiguration = [MergedContextConfiguration@33a3c44a testClass = AttendanceRewardManagerTest, locations = '{}', classes = '{class org.waldreg.attendance.reward.DefaultAttendanceRewardManager}', contextInitializerClasses = '[]', activeProfiles = '{}', propertySourceLocations = '{}', propertySourceProperties = '{}', contextCustomizers = set[org.springframework.boot.test.autoconfigure.actuate.metrics.MetricsExportContextCustomizerFactory$DisableMetricExportContextCustomizer@6f44a157, org.springframework.boot.test.autoconfigure.properties.PropertyMappingContextCustomizer@0, org.springframework.boot.test.autoconfigure.web.servlet.WebDriverContextCustomizerFactory$Customizer@4f3bbf68, org.springframework.boot.test.context.filter.ExcludeFilterContextCustomizer@2421cc4, org.springframework.boot.test.json.DuplicateJsonObjectContextCustomizerFactory$DuplicateJsonObjectContextCustomizer@58ce9668, org.springframework.boot.test.mock.mockito.MockitoContextCustomizer@e6403e9a], contextLoader = 'org.springframework.test.context.support.DelegatingSmartContextLoader', parent = [null]], attributes = map['org.springframework.test.context.event.ApplicationEventsTestExecutionListener.recordApplicationEvents' -> false]]].
23:51:40.020 [Test worker] DEBUG org.springframework.test.context.cache.DefaultCacheAwareContextLoaderDelegate - Retrieved ApplicationContext [1607453282] from cache with key [[MergedContextConfiguration@33a3c44a testClass = AttendanceRewardManagerTest, locations = '{}', classes = '{class org.waldreg.attendance.reward.DefaultAttendanceRewardManager}', contextInitializerClasses = '[]', activeProfiles = '{}', propertySourceLocations = '{}', propertySourceProperties = '{}', contextCustomizers = set[org.springframework.boot.test.autoconfigure.actuate.metrics.MetricsExportContextCustomizerFactory$DisableMetricExportContextCustomizer@6f44a157, org.springframework.boot.test.autoconfigure.properties.PropertyMappingContextCustomizer@0, org.springframework.boot.test.autoconfigure.web.servlet.WebDriverContextCustomizerFactory$Customizer@4f3bbf68, org.springframework.boot.test.context.filter.ExcludeFilterContextCustomizer@2421cc4, org.springframework.boot.test.json.DuplicateJsonObjectContextCustomizerFactory$DuplicateJsonObjectContextCustomizer@58ce9668, org.springframework.boot.test.mock.mockito.MockitoContextCustomizer@e6403e9a], contextLoader = 'org.springframework.test.context.support.DelegatingSmartContextLoader', parent = [null]]]
23:51:40.020 [Test worker] DEBUG org.springframework.test.context.cache - Spring test ApplicationContext cache statistics: [DefaultContextCache@664e5dee size = 2, maxSize = 32, parentContextCount = 0, hitCount = 265, missCount = 2]
23:51:40.021 [Test worker] DEBUG org.springframework.test.context.cache.DefaultCacheAwareContextLoaderDelegate - Retrieved ApplicationContext [1607453282] from cache with key [[MergedContextConfiguration@33a3c44a testClass = AttendanceRewardManagerTest, locations = '{}', classes = '{class org.waldreg.attendance.reward.DefaultAttendanceRewardManager}', contextInitializerClasses = '[]', activeProfiles = '{}', propertySourceLocations = '{}', propertySourceProperties = '{}', contextCustomizers = set[org.springframework.boot.test.autoconfigure.actuate.metrics.MetricsExportContextCustomizerFactory$DisableMetricExportContextCustomizer@6f44a157, org.springframework.boot.test.autoconfigure.properties.PropertyMappingContextCustomizer@0, org.springframework.boot.test.autoconfigure.web.servlet.WebDriverContextCustomizerFactory$Customizer@4f3bbf68, org.springframework.boot.test.context.filter.ExcludeFilterContextCustomizer@2421cc4, org.springframework.boot.test.json.DuplicateJsonObjectContextCustomizerFactory$DuplicateJsonObjectContextCustomizer@58ce9668, org.springframework.boot.test.mock.mockito.MockitoContextCustomizer@e6403e9a], contextLoader = 'org.springframework.test.context.support.DelegatingSmartContextLoader', parent = [null]]]
23:51:40.021 [Test worker] DEBUG org.springframework.test.context.cache - Spring test ApplicationContext cache statistics: [DefaultContextCache@664e5dee size = 2, maxSize = 32, parentContextCount = 0, hitCount = 266, missCount = 2]
23:51:40.021 [Test worker] DEBUG org.springframework.test.context.support.AbstractDirtiesContextTestExecutionListener - Before test method: context [DefaultTestContext@6c302a1d testClass = AttendanceRewardManagerTest, testInstance = org.waldreg.attendance.reward.AttendanceRewardManagerTest@341672e, testMethod = SET_REWARD_TAG_TO_ATTENDANCE_TYPE_SUCCESS_TEST@AttendanceRewardManagerTest, testException = [null], mergedContextConfiguration = [MergedContextConfiguration@33a3c44a testClass = AttendanceRewardManagerTest, locations = '{}', classes = '{class org.waldreg.attendance.reward.DefaultAttendanceRewardManager}', contextInitializerClasses = '[]', activeProfiles = '{}', propertySourceLocations = '{}', propertySourceProperties = '{}', contextCustomizers = set[org.springframework.boot.test.autoconfigure.actuate.metrics.MetricsExportContextCustomizerFactory$DisableMetricExportContextCustomizer@6f44a157, org.springframework.boot.test.autoconfigure.properties.PropertyMappingContextCustomizer@0, org.springframework.boot.test.autoconfigure.web.servlet.WebDriverContextCustomizerFactory$Customizer@4f3bbf68, org.springframework.boot.test.context.filter.ExcludeFilterContextCustomizer@2421cc4, org.springframework.boot.test.json.DuplicateJsonObjectContextCustomizerFactory$DuplicateJsonObjectContextCustomizer@58ce9668, org.springframework.boot.test.mock.mockito.MockitoContextCustomizer@e6403e9a], contextLoader = 'org.springframework.test.context.support.DelegatingSmartContextLoader', parent = [null]], attributes = map['org.springframework.test.context.event.ApplicationEventsTestExecutionListener.recordApplicationEvents' -> false]], class annotated with @DirtiesContext [false] with mode [null], method annotated with @DirtiesContext [false] with mode [null].
23:51:40.021 [Test worker] DEBUG org.springframework.test.context.cache.DefaultCacheAwareContextLoaderDelegate - Retrieved ApplicationContext [1607453282] from cache with key [[MergedContextConfiguration@33a3c44a testClass = AttendanceRewardManagerTest, locations = '{}', classes = '{class org.waldreg.attendance.reward.DefaultAttendanceRewardManager}', contextInitializerClasses = '[]', activeProfiles = '{}', propertySourceLocations = '{}', propertySourceProperties = '{}', contextCustomizers = set[org.springframework.boot.test.autoconfigure.actuate.metrics.MetricsExportContextCustomizerFactory$DisableMetricExportContextCustomizer@6f44a157, org.springframework.boot.test.autoconfigure.properties.PropertyMappingContextCustomizer@0, org.springframework.boot.test.autoconfigure.web.servlet.WebDriverContextCustomizerFactory$Customizer@4f3bbf68, org.springframework.boot.test.context.filter.ExcludeFilterContextCustomizer@2421cc4, org.springframework.boot.test.json.DuplicateJsonObjectContextCustomizerFactory$DuplicateJsonObjectContextCustomizer@58ce9668, org.springframework.boot.test.mock.mockito.MockitoContextCustomizer@e6403e9a], contextLoader = 'org.springframework.test.context.support.DelegatingSmartContextLoader', parent = [null]]]
23:51:40.021 [Test worker] DEBUG org.springframework.test.context.cache - Spring test ApplicationContext cache statistics: [DefaultContextCache@664e5dee size = 2, maxSize = 32, parentContextCount = 0, hitCount = 267, missCount = 2]
23:51:40.022 [Test worker] DEBUG org.springframework.test.context.cache.DefaultCacheAwareContextLoaderDelegate - Retrieved ApplicationContext [1607453282] from cache with key [[MergedContextConfiguration@33a3c44a testClass = AttendanceRewardManagerTest, locations = '{}', classes = '{class org.waldreg.attendance.reward.DefaultAttendanceRewardManager}', contextInitializerClasses = '[]', activeProfiles = '{}', propertySourceLocations = '{}', propertySourceProperties = '{}', contextCustomizers = set[org.springframework.boot.test.autoconfigure.actuate.metrics.MetricsExportContextCustomizerFactory$DisableMetricExportContextCustomizer@6f44a157, org.springframework.boot.test.autoconfigure.properties.PropertyMappingContextCustomizer@0, org.springframework.boot.test.autoconfigure.web.servlet.WebDriverContextCustomizerFactory$Customizer@4f3bbf68, org.springframework.boot.test.context.filter.ExcludeFilterContextCustomizer@2421cc4, org.springframework.boot.test.json.DuplicateJsonObjectContextCustomizerFactory$DuplicateJsonObjectContextCustomizer@58ce9668, org.springframework.boot.test.mock.mockito.MockitoContextCustomizer@e6403e9a], contextLoader = 'org.springframework.test.context.support.DelegatingSmartContextLoader', parent = [null]]]
23:51:40.022 [Test worker] DEBUG org.springframework.test.context.cache - Spring test ApplicationContext cache statistics: [DefaultContextCache@664e5dee size = 2, maxSize = 32, parentContextCount = 0, hitCount = 268, missCount = 2]
23:51:40.022 [Test worker] DEBUG org.springframework.test.context.cache.DefaultCacheAwareContextLoaderDelegate - Retrieved ApplicationContext [1607453282] from cache with key [[MergedContextConfiguration@33a3c44a testClass = AttendanceRewardManagerTest, locations = '{}', classes = '{class org.waldreg.attendance.reward.DefaultAttendanceRewardManager}', contextInitializerClasses = '[]', activeProfiles = '{}', propertySourceLocations = '{}', propertySourceProperties = '{}', contextCustomizers = set[org.springframework.boot.test.autoconfigure.actuate.metrics.MetricsExportContextCustomizerFactory$DisableMetricExportContextCustomizer@6f44a157, org.springframework.boot.test.autoconfigure.properties.PropertyMappingContextCustomizer@0, org.springframework.boot.test.autoconfigure.web.servlet.WebDriverContextCustomizerFactory$Customizer@4f3bbf68, org.springframework.boot.test.context.filter.ExcludeFilterContextCustomizer@2421cc4, org.springframework.boot.test.json.DuplicateJsonObjectContextCustomizerFactory$DuplicateJsonObjectContextCustomizer@58ce9668, org.springframework.boot.test.mock.mockito.MockitoContextCustomizer@e6403e9a], contextLoader = 'org.springframework.test.context.support.DelegatingSmartContextLoader', parent = [null]]]
23:51:40.022 [Test worker] DEBUG org.springframework.test.context.cache - Spring test ApplicationContext cache statistics: [DefaultContextCache@664e5dee size = 2, maxSize = 32, parentContextCount = 0, hitCount = 269, missCount = 2]
23:51:40.022 [Test worker] DEBUG org.springframework.test.context.cache.DefaultCacheAwareContextLoaderDelegate - Retrieved ApplicationContext [1607453282] from cache with key [[MergedContextConfiguration@33a3c44a testClass = AttendanceRewardManagerTest, locations = '{}', classes = '{class org.waldreg.attendance.reward.DefaultAttendanceRewardManager}', contextInitializerClasses = '[]', activeProfiles = '{}', propertySourceLocations = '{}', propertySourceProperties = '{}', contextCustomizers = set[org.springframework.boot.test.autoconfigure.actuate.metrics.MetricsExportContextCustomizerFactory$DisableMetricExportContextCustomizer@6f44a157, org.springframework.boot.test.autoconfigure.properties.PropertyMappingContextCustomizer@0, org.springframework.boot.test.autoconfigure.web.servlet.WebDriverContextCustomizerFactory$Customizer@4f3bbf68, org.springframework.boot.test.context.filter.ExcludeFilterContextCustomizer@2421cc4, org.springframework.boot.test.json.DuplicateJsonObjectContextCustomizerFactory$DuplicateJsonObjectContextCustomizer@58ce9668, org.springframework.boot.test.mock.mockito.MockitoContextCustomizer@e6403e9a], contextLoader = 'org.springframework.test.context.support.DelegatingSmartContextLoader', parent = [null]]]
23:51:40.022 [Test worker] DEBUG org.springframework.test.context.cache - Spring test ApplicationContext cache statistics: [DefaultContextCache@664e5dee size = 2, maxSize = 32, parentContextCount = 0, hitCount = 270, missCount = 2]
23:51:40.022 [Test worker] DEBUG org.springframework.test.context.cache.DefaultCacheAwareContextLoaderDelegate - Retrieved ApplicationContext [1607453282] from cache with key [[MergedContextConfiguration@33a3c44a testClass = AttendanceRewardManagerTest, locations = '{}', classes = '{class org.waldreg.attendance.reward.DefaultAttendanceRewardManager}', contextInitializerClasses = '[]', activeProfiles = '{}', propertySourceLocations = '{}', propertySourceProperties = '{}', contextCustomizers = set[org.springframework.boot.test.autoconfigure.actuate.metrics.MetricsExportContextCustomizerFactory$DisableMetricExportContextCustomizer@6f44a157, org.springframework.boot.test.autoconfigure.properties.PropertyMappingContextCustomizer@0, org.springframework.boot.test.autoconfigure.web.servlet.WebDriverContextCustomizerFactory$Customizer@4f3bbf68, org.springframework.boot.test.context.filter.ExcludeFilterContextCustomizer@2421cc4, org.springframework.boot.test.json.DuplicateJsonObjectContextCustomizerFactory$DuplicateJsonObjectContextCustomizer@58ce9668, org.springframework.boot.test.mock.mockito.MockitoContextCustomizer@e6403e9a], contextLoader = 'org.springframework.test.context.support.DelegatingSmartContextLoader', parent = [null]]]
23:51:40.022 [Test worker] DEBUG org.springframework.test.context.cache - Spring test ApplicationContext cache statistics: [DefaultContextCache@664e5dee size = 2, maxSize = 32, parentContextCount = 0, hitCount = 271, missCount = 2]
23:51:40.022 [Test worker] DEBUG org.springframework.test.context.cache.DefaultCacheAwareContextLoaderDelegate - Retrieved ApplicationContext [1607453282] from cache with key [[MergedContextConfiguration@33a3c44a testClass = AttendanceRewardManagerTest, locations = '{}', classes = '{class org.waldreg.attendance.reward.DefaultAttendanceRewardManager}', contextInitializerClasses = '[]', activeProfiles = '{}', propertySourceLocations = '{}', propertySourceProperties = '{}', contextCustomizers = set[org.springframework.boot.test.autoconfigure.actuate.metrics.MetricsExportContextCustomizerFactory$DisableMetricExportContextCustomizer@6f44a157, org.springframework.boot.test.autoconfigure.properties.PropertyMappingContextCustomizer@0, org.springframework.boot.test.autoconfigure.web.servlet.WebDriverContextCustomizerFactory$Customizer@4f3bbf68, org.springframework.boot.test.context.filter.ExcludeFilterContextCustomizer@2421cc4, org.springframework.boot.test.json.DuplicateJsonObjectContextCustomizerFactory$DuplicateJsonObjectContextCustomizer@58ce9668, org.springframework.boot.test.mock.mockito.MockitoContextCustomizer@e6403e9a], contextLoader = 'org.springframework.test.context.support.DelegatingSmartContextLoader', parent = [null]]]
23:51:40.022 [Test worker] DEBUG org.springframework.test.context.cache - Spring test ApplicationContext cache statistics: [DefaultContextCache@664e5dee size = 2, maxSize = 32, parentContextCount = 0, hitCount = 272, missCount = 2]
23:51:40.022 [Test worker] DEBUG org.springframework.test.context.cache.DefaultCacheAwareContextLoaderDelegate - Retrieved ApplicationContext [1607453282] from cache with key [[MergedContextConfiguration@33a3c44a testClass = AttendanceRewardManagerTest, locations = '{}', classes = '{class org.waldreg.attendance.reward.DefaultAttendanceRewardManager}', contextInitializerClasses = '[]', activeProfiles = '{}', propertySourceLocations = '{}', propertySourceProperties = '{}', contextCustomizers = set[org.springframework.boot.test.autoconfigure.actuate.metrics.MetricsExportContextCustomizerFactory$DisableMetricExportContextCustomizer@6f44a157, org.springframework.boot.test.autoconfigure.properties.PropertyMappingContextCustomizer@0, org.springframework.boot.test.autoconfigure.web.servlet.WebDriverContextCustomizerFactory$Customizer@4f3bbf68, org.springframework.boot.test.context.filter.ExcludeFilterContextCustomizer@2421cc4, org.springframework.boot.test.json.DuplicateJsonObjectContextCustomizerFactory$DuplicateJsonObjectContextCustomizer@58ce9668, org.springframework.boot.test.mock.mockito.MockitoContextCustomizer@e6403e9a], contextLoader = 'org.springframework.test.context.support.DelegatingSmartContextLoader', parent = [null]]]
23:51:40.023 [Test worker] DEBUG org.springframework.test.context.cache - Spring test ApplicationContext cache statistics: [DefaultContextCache@664e5dee size = 2, maxSize = 32, parentContextCount = 0, hitCount = 273, missCount = 2]
23:51:40.023 [Test worker] DEBUG org.springframework.test.context.cache.DefaultCacheAwareContextLoaderDelegate - Retrieved ApplicationContext [1607453282] from cache with key [[MergedContextConfiguration@33a3c44a testClass = AttendanceRewardManagerTest, locations = '{}', classes = '{class org.waldreg.attendance.reward.DefaultAttendanceRewardManager}', contextInitializerClasses = '[]', activeProfiles = '{}', propertySourceLocations = '{}', propertySourceProperties = '{}', contextCustomizers = set[org.springframework.boot.test.autoconfigure.actuate.metrics.MetricsExportContextCustomizerFactory$DisableMetricExportContextCustomizer@6f44a157, org.springframework.boot.test.autoconfigure.properties.PropertyMappingContextCustomizer@0, org.springframework.boot.test.autoconfigure.web.servlet.WebDriverContextCustomizerFactory$Customizer@4f3bbf68, org.springframework.boot.test.context.filter.ExcludeFilterContextCustomizer@2421cc4, org.springframework.boot.test.json.DuplicateJsonObjectContextCustomizerFactory$DuplicateJsonObjectContextCustomizer@58ce9668, org.springframework.boot.test.mock.mockito.MockitoContextCustomizer@e6403e9a], contextLoader = 'org.springframework.test.context.support.DelegatingSmartContextLoader', parent = [null]]]
23:51:40.023 [Test worker] DEBUG org.springframework.test.context.cache - Spring test ApplicationContext cache statistics: [DefaultContextCache@664e5dee size = 2, maxSize = 32, parentContextCount = 0, hitCount = 274, missCount = 2]
23:51:40.023 [Test worker] DEBUG org.springframework.test.context.cache.DefaultCacheAwareContextLoaderDelegate - Retrieved ApplicationContext [1607453282] from cache with key [[MergedContextConfiguration@33a3c44a testClass = AttendanceRewardManagerTest, locations = '{}', classes = '{class org.waldreg.attendance.reward.DefaultAttendanceRewardManager}', contextInitializerClasses = '[]', activeProfiles = '{}', propertySourceLocations = '{}', propertySourceProperties = '{}', contextCustomizers = set[org.springframework.boot.test.autoconfigure.actuate.metrics.MetricsExportContextCustomizerFactory$DisableMetricExportContextCustomizer@6f44a157, org.springframework.boot.test.autoconfigure.properties.PropertyMappingContextCustomizer@0, org.springframework.boot.test.autoconfigure.web.servlet.WebDriverContextCustomizerFactory$Customizer@4f3bbf68, org.springframework.boot.test.context.filter.ExcludeFilterContextCustomizer@2421cc4, org.springframework.boot.test.json.DuplicateJsonObjectContextCustomizerFactory$DuplicateJsonObjectContextCustomizer@58ce9668, org.springframework.boot.test.mock.mockito.MockitoContextCustomizer@e6403e9a], contextLoader = 'org.springframework.test.context.support.DelegatingSmartContextLoader', parent = [null]]]
23:51:40.023 [Test worker] DEBUG org.springframework.test.context.cache - Spring test ApplicationContext cache statistics: [DefaultContextCache@664e5dee size = 2, maxSize = 32, parentContextCount = 0, hitCount = 275, missCount = 2]
23:51:40.023 [Test worker] DEBUG org.springframework.test.context.support.AbstractDirtiesContextTestExecutionListener - After test method: context [DefaultTestContext@6c302a1d testClass = AttendanceRewardManagerTest, testInstance = org.waldreg.attendance.reward.AttendanceRewardManagerTest@341672e, testMethod = SET_REWARD_TAG_TO_ATTENDANCE_TYPE_SUCCESS_TEST@AttendanceRewardManagerTest, testException = [null], mergedContextConfiguration = [MergedContextConfiguration@33a3c44a testClass = AttendanceRewardManagerTest, locations = '{}', classes = '{class org.waldreg.attendance.reward.DefaultAttendanceRewardManager}', contextInitializerClasses = '[]', activeProfiles = '{}', propertySourceLocations = '{}', propertySourceProperties = '{}', contextCustomizers = set[org.springframework.boot.test.autoconfigure.actuate.metrics.MetricsExportContextCustomizerFactory$DisableMetricExportContextCustomizer@6f44a157, org.springframework.boot.test.autoconfigure.properties.PropertyMappingContextCustomizer@0, org.springframework.boot.test.autoconfigure.web.servlet.WebDriverContextCustomizerFactory$Customizer@4f3bbf68, org.springframework.boot.test.context.filter.ExcludeFilterContextCustomizer@2421cc4, org.springframework.boot.test.json.DuplicateJsonObjectContextCustomizerFactory$DuplicateJsonObjectContextCustomizer@58ce9668, org.springframework.boot.test.mock.mockito.MockitoContextCustomizer@e6403e9a], contextLoader = 'org.springframework.test.context.support.DelegatingSmartContextLoader', parent = [null]], attributes = map['org.springframework.test.context.event.ApplicationEventsTestExecutionListener.recordApplicationEvents' -> false]], class annotated with @DirtiesContext [false] with mode [null], method annotated with @DirtiesContext [false] with mode [null].
23:51:40.023 [Test worker] DEBUG org.springframework.test.context.cache.DefaultCacheAwareContextLoaderDelegate - Retrieved ApplicationContext [1607453282] from cache with key [[MergedContextConfiguration@33a3c44a testClass = AttendanceRewardManagerTest, locations = '{}', classes = '{class org.waldreg.attendance.reward.DefaultAttendanceRewardManager}', contextInitializerClasses = '[]', activeProfiles = '{}', propertySourceLocations = '{}', propertySourceProperties = '{}', contextCustomizers = set[org.springframework.boot.test.autoconfigure.actuate.metrics.MetricsExportContextCustomizerFactory$DisableMetricExportContextCustomizer@6f44a157, org.springframework.boot.test.autoconfigure.properties.PropertyMappingContextCustomizer@0, org.springframework.boot.test.autoconfigure.web.servlet.WebDriverContextCustomizerFactory$Customizer@4f3bbf68, org.springframework.boot.test.context.filter.ExcludeFilterContextCustomizer@2421cc4, org.springframework.boot.test.json.DuplicateJsonObjectContextCustomizerFactory$DuplicateJsonObjectContextCustomizer@58ce9668, org.springframework.boot.test.mock.mockito.MockitoContextCustomizer@e6403e9a], contextLoader = 'org.springframework.test.context.support.DelegatingSmartContextLoader', parent = [null]]]
23:51:40.023 [Test worker] DEBUG org.springframework.test.context.cache - Spring test ApplicationContext cache statistics: [DefaultContextCache@664e5dee size = 2, maxSize = 32, parentContextCount = 0, hitCount = 276, missCount = 2]
23:51:40.023 [Test worker] DEBUG org.springframework.test.context.support.DependencyInjectionTestExecutionListener - Performing dependency injection for test context [[DefaultTestContext@6c302a1d testClass = AttendanceRewardManagerTest, testInstance = org.waldreg.attendance.reward.AttendanceRewardManagerTest@523d6bdb, testMethod = [null], testException = [null], mergedContextConfiguration = [MergedContextConfiguration@33a3c44a testClass = AttendanceRewardManagerTest, locations = '{}', classes = '{class org.waldreg.attendance.reward.DefaultAttendanceRewardManager}', contextInitializerClasses = '[]', activeProfiles = '{}', propertySourceLocations = '{}', propertySourceProperties = '{}', contextCustomizers = set[org.springframework.boot.test.autoconfigure.actuate.metrics.MetricsExportContextCustomizerFactory$DisableMetricExportContextCustomizer@6f44a157, org.springframework.boot.test.autoconfigure.properties.PropertyMappingContextCustomizer@0, org.springframework.boot.test.autoconfigure.web.servlet.WebDriverContextCustomizerFactory$Customizer@4f3bbf68, org.springframework.boot.test.context.filter.ExcludeFilterContextCustomizer@2421cc4, org.springframework.boot.test.json.DuplicateJsonObjectContextCustomizerFactory$DuplicateJsonObjectContextCustomizer@58ce9668, org.springframework.boot.test.mock.mockito.MockitoContextCustomizer@e6403e9a], contextLoader = 'org.springframework.test.context.support.DelegatingSmartContextLoader', parent = [null]], attributes = map['org.springframework.test.context.event.ApplicationEventsTestExecutionListener.recordApplicationEvents' -> false]]].
23:51:40.023 [Test worker] DEBUG org.springframework.test.context.cache.DefaultCacheAwareContextLoaderDelegate - Retrieved ApplicationContext [1607453282] from cache with key [[MergedContextConfiguration@33a3c44a testClass = AttendanceRewardManagerTest, locations = '{}', classes = '{class org.waldreg.attendance.reward.DefaultAttendanceRewardManager}', contextInitializerClasses = '[]', activeProfiles = '{}', propertySourceLocations = '{}', propertySourceProperties = '{}', contextCustomizers = set[org.springframework.boot.test.autoconfigure.actuate.metrics.MetricsExportContextCustomizerFactory$DisableMetricExportContextCustomizer@6f44a157, org.springframework.boot.test.autoconfigure.properties.PropertyMappingContextCustomizer@0, org.springframework.boot.test.autoconfigure.web.servlet.WebDriverContextCustomizerFactory$Customizer@4f3bbf68, org.springframework.boot.test.context.filter.ExcludeFilterContextCustomizer@2421cc4, org.springframework.boot.test.json.DuplicateJsonObjectContextCustomizerFactory$DuplicateJsonObjectContextCustomizer@58ce9668, org.springframework.boot.test.mock.mockito.MockitoContextCustomizer@e6403e9a], contextLoader = 'org.springframework.test.context.support.DelegatingSmartContextLoader', parent = [null]]]
23:51:40.023 [Test worker] DEBUG org.springframework.test.context.cache - Spring test ApplicationContext cache statistics: [DefaultContextCache@664e5dee size = 2, maxSize = 32, parentContextCount = 0, hitCount = 277, missCount = 2]
23:51:40.023 [Test worker] DEBUG org.springframework.test.context.cache.DefaultCacheAwareContextLoaderDelegate - Retrieved ApplicationContext [1607453282] from cache with key [[MergedContextConfiguration@33a3c44a testClass = AttendanceRewardManagerTest, locations = '{}', classes = '{class org.waldreg.attendance.reward.DefaultAttendanceRewardManager}', contextInitializerClasses = '[]', activeProfiles = '{}', propertySourceLocations = '{}', propertySourceProperties = '{}', contextCustomizers = set[org.springframework.boot.test.autoconfigure.actuate.metrics.MetricsExportContextCustomizerFactory$DisableMetricExportContextCustomizer@6f44a157, org.springframework.boot.test.autoconfigure.properties.PropertyMappingContextCustomizer@0, org.springframework.boot.test.autoconfigure.web.servlet.WebDriverContextCustomizerFactory$Customizer@4f3bbf68, org.springframework.boot.test.context.filter.ExcludeFilterContextCustomizer@2421cc4, org.springframework.boot.test.json.DuplicateJsonObjectContextCustomizerFactory$DuplicateJsonObjectContextCustomizer@58ce9668, org.springframework.boot.test.mock.mockito.MockitoContextCustomizer@e6403e9a], contextLoader = 'org.springframework.test.context.support.DelegatingSmartContextLoader', parent = [null]]]
23:51:40.023 [Test worker] DEBUG org.springframework.test.context.cache - Spring test ApplicationContext cache statistics: [DefaultContextCache@664e5dee size = 2, maxSize = 32, parentContextCount = 0, hitCount = 278, missCount = 2]
23:51:40.024 [Test worker] DEBUG org.springframework.test.context.support.AbstractDirtiesContextTestExecutionListener - Before test method: context [DefaultTestContext@6c302a1d testClass = AttendanceRewardManagerTest, testInstance = org.waldreg.attendance.reward.AttendanceRewardManagerTest@523d6bdb, testMethod = SET_REWARD_TAG_TO_ATTENDANCE_TYPE_FAIL_UNKNOWN_REWARD_TAG_TEST@AttendanceRewardManagerTest, testException = [null], mergedContextConfiguration = [MergedContextConfiguration@33a3c44a testClass = AttendanceRewardManagerTest, locations = '{}', classes = '{class org.waldreg.attendance.reward.DefaultAttendanceRewardManager}', contextInitializerClasses = '[]', activeProfiles = '{}', propertySourceLocations = '{}', propertySourceProperties = '{}', contextCustomizers = set[org.springframework.boot.test.autoconfigure.actuate.metrics.MetricsExportContextCustomizerFactory$DisableMetricExportContextCustomizer@6f44a157, org.springframework.boot.test.autoconfigure.properties.PropertyMappingContextCustomizer@0, org.springframework.boot.test.autoconfigure.web.servlet.WebDriverContextCustomizerFactory$Customizer@4f3bbf68, org.springframework.boot.test.context.filter.ExcludeFilterContextCustomizer@2421cc4, org.springframework.boot.test.json.DuplicateJsonObjectContextCustomizerFactory$DuplicateJsonObjectContextCustomizer@58ce9668, org.springframework.boot.test.mock.mockito.MockitoContextCustomizer@e6403e9a], contextLoader = 'org.springframework.test.context.support.DelegatingSmartContextLoader', parent = [null]], attributes = map['org.springframework.test.context.event.ApplicationEventsTestExecutionListener.recordApplicationEvents' -> false]], class annotated with @DirtiesContext [false] with mode [null], method annotated with @DirtiesContext [false] with mode [null].
23:51:40.024 [Test worker] DEBUG org.springframework.test.context.cache.DefaultCacheAwareContextLoaderDelegate - Retrieved ApplicationContext [1607453282] from cache with key [[MergedContextConfiguration@33a3c44a testClass = AttendanceRewardManagerTest, locations = '{}', classes = '{class org.waldreg.attendance.reward.DefaultAttendanceRewardManager}', contextInitializerClasses = '[]', activeProfiles = '{}', propertySourceLocations = '{}', propertySourceProperties = '{}', contextCustomizers = set[org.springframework.boot.test.autoconfigure.actuate.metrics.MetricsExportContextCustomizerFactory$DisableMetricExportContextCustomizer@6f44a157, org.springframework.boot.test.autoconfigure.properties.PropertyMappingContextCustomizer@0, org.springframework.boot.test.autoconfigure.web.servlet.WebDriverContextCustomizerFactory$Customizer@4f3bbf68, org.springframework.boot.test.context.filter.ExcludeFilterContextCustomizer@2421cc4, org.springframework.boot.test.json.DuplicateJsonObjectContextCustomizerFactory$DuplicateJsonObjectContextCustomizer@58ce9668, org.springframework.boot.test.mock.mockito.MockitoContextCustomizer@e6403e9a], contextLoader = 'org.springframework.test.context.support.DelegatingSmartContextLoader', parent = [null]]]
23:51:40.024 [Test worker] DEBUG org.springframework.test.context.cache - Spring test ApplicationContext cache statistics: [DefaultContextCache@664e5dee size = 2, maxSize = 32, parentContextCount = 0, hitCount = 279, missCount = 2]
23:51:40.024 [Test worker] DEBUG org.springframework.test.context.cache.DefaultCacheAwareContextLoaderDelegate - Retrieved ApplicationContext [1607453282] from cache with key [[MergedContextConfiguration@33a3c44a testClass = AttendanceRewardManagerTest, locations = '{}', classes = '{class org.waldreg.attendance.reward.DefaultAttendanceRewardManager}', contextInitializerClasses = '[]', activeProfiles = '{}', propertySourceLocations = '{}', propertySourceProperties = '{}', contextCustomizers = set[org.springframework.boot.test.autoconfigure.actuate.metrics.MetricsExportContextCustomizerFactory$DisableMetricExportContextCustomizer@6f44a157, org.springframework.boot.test.autoconfigure.properties.PropertyMappingContextCustomizer@0, org.springframework.boot.test.autoconfigure.web.servlet.WebDriverContextCustomizerFactory$Customizer@4f3bbf68, org.springframework.boot.test.context.filter.ExcludeFilterContextCustomizer@2421cc4, org.springframework.boot.test.json.DuplicateJsonObjectContextCustomizerFactory$DuplicateJsonObjectContextCustomizer@58ce9668, org.springframework.boot.test.mock.mockito.MockitoContextCustomizer@e6403e9a], contextLoader = 'org.springframework.test.context.support.DelegatingSmartContextLoader', parent = [null]]]
23:51:40.024 [Test worker] DEBUG org.springframework.test.context.cache - Spring test ApplicationContext cache statistics: [DefaultContextCache@664e5dee size = 2, maxSize = 32, parentContextCount = 0, hitCount = 280, missCount = 2]
23:51:40.024 [Test worker] DEBUG org.springframework.test.context.cache.DefaultCacheAwareContextLoaderDelegate - Retrieved ApplicationContext [1607453282] from cache with key [[MergedContextConfiguration@33a3c44a testClass = AttendanceRewardManagerTest, locations = '{}', classes = '{class org.waldreg.attendance.reward.DefaultAttendanceRewardManager}', contextInitializerClasses = '[]', activeProfiles = '{}', propertySourceLocations = '{}', propertySourceProperties = '{}', contextCustomizers = set[org.springframework.boot.test.autoconfigure.actuate.metrics.MetricsExportContextCustomizerFactory$DisableMetricExportContextCustomizer@6f44a157, org.springframework.boot.test.autoconfigure.properties.PropertyMappingContextCustomizer@0, org.springframework.boot.test.autoconfigure.web.servlet.WebDriverContextCustomizerFactory$Customizer@4f3bbf68, org.springframework.boot.test.context.filter.ExcludeFilterContextCustomizer@2421cc4, org.springframework.boot.test.json.DuplicateJsonObjectContextCustomizerFactory$DuplicateJsonObjectContextCustomizer@58ce9668, org.springframework.boot.test.mock.mockito.MockitoContextCustomizer@e6403e9a], contextLoader = 'org.springframework.test.context.support.DelegatingSmartContextLoader', parent = [null]]]
23:51:40.024 [Test worker] DEBUG org.springframework.test.context.cache - Spring test ApplicationContext cache statistics: [DefaultContextCache@664e5dee size = 2, maxSize = 32, parentContextCount = 0, hitCount = 281, missCount = 2]
23:51:40.025 [Test worker] DEBUG org.springframework.test.context.cache.DefaultCacheAwareContextLoaderDelegate - Retrieved ApplicationContext [1607453282] from cache with key [[MergedContextConfiguration@33a3c44a testClass = AttendanceRewardManagerTest, locations = '{}', classes = '{class org.waldreg.attendance.reward.DefaultAttendanceRewardManager}', contextInitializerClasses = '[]', activeProfiles = '{}', propertySourceLocations = '{}', propertySourceProperties = '{}', contextCustomizers = set[org.springframework.boot.test.autoconfigure.actuate.metrics.MetricsExportContextCustomizerFactory$DisableMetricExportContextCustomizer@6f44a157, org.springframework.boot.test.autoconfigure.properties.PropertyMappingContextCustomizer@0, org.springframework.boot.test.autoconfigure.web.servlet.WebDriverContextCustomizerFactory$Customizer@4f3bbf68, org.springframework.boot.test.context.filter.ExcludeFilterContextCustomizer@2421cc4, org.springframework.boot.test.json.DuplicateJsonObjectContextCustomizerFactory$DuplicateJsonObjectContextCustomizer@58ce9668, org.springframework.boot.test.mock.mockito.MockitoContextCustomizer@e6403e9a], contextLoader = 'org.springframework.test.context.support.DelegatingSmartContextLoader', parent = [null]]]
23:51:40.025 [Test worker] DEBUG org.springframework.test.context.cache - Spring test ApplicationContext cache statistics: [DefaultContextCache@664e5dee size = 2, maxSize = 32, parentContextCount = 0, hitCount = 282, missCount = 2]
23:51:40.025 [Test worker] DEBUG org.springframework.test.context.cache.DefaultCacheAwareContextLoaderDelegate - Retrieved ApplicationContext [1607453282] from cache with key [[MergedContextConfiguration@33a3c44a testClass = AttendanceRewardManagerTest, locations = '{}', classes = '{class org.waldreg.attendance.reward.DefaultAttendanceRewardManager}', contextInitializerClasses = '[]', activeProfiles = '{}', propertySourceLocations = '{}', propertySourceProperties = '{}', contextCustomizers = set[org.springframework.boot.test.autoconfigure.actuate.metrics.MetricsExportContextCustomizerFactory$DisableMetricExportContextCustomizer@6f44a157, org.springframework.boot.test.autoconfigure.properties.PropertyMappingContextCustomizer@0, org.springframework.boot.test.autoconfigure.web.servlet.WebDriverContextCustomizerFactory$Customizer@4f3bbf68, org.springframework.boot.test.context.filter.ExcludeFilterContextCustomizer@2421cc4, org.springframework.boot.test.json.DuplicateJsonObjectContextCustomizerFactory$DuplicateJsonObjectContextCustomizer@58ce9668, org.springframework.boot.test.mock.mockito.MockitoContextCustomizer@e6403e9a], contextLoader = 'org.springframework.test.context.support.DelegatingSmartContextLoader', parent = [null]]]
23:51:40.025 [Test worker] DEBUG org.springframework.test.context.cache - Spring test ApplicationContext cache statistics: [DefaultContextCache@664e5dee size = 2, maxSize = 32, parentContextCount = 0, hitCount = 283, missCount = 2]
23:51:40.025 [Test worker] DEBUG org.springframework.test.context.cache.DefaultCacheAwareContextLoaderDelegate - Retrieved ApplicationContext [1607453282] from cache with key [[MergedContextConfiguration@33a3c44a testClass = AttendanceRewardManagerTest, locations = '{}', classes = '{class org.waldreg.attendance.reward.DefaultAttendanceRewardManager}', contextInitializerClasses = '[]', activeProfiles = '{}', propertySourceLocations = '{}', propertySourceProperties = '{}', contextCustomizers = set[org.springframework.boot.test.autoconfigure.actuate.metrics.MetricsExportContextCustomizerFactory$DisableMetricExportContextCustomizer@6f44a157, org.springframework.boot.test.autoconfigure.properties.PropertyMappingContextCustomizer@0, org.springframework.boot.test.autoconfigure.web.servlet.WebDriverContextCustomizerFactory$Customizer@4f3bbf68, org.springframework.boot.test.context.filter.ExcludeFilterContextCustomizer@2421cc4, org.springframework.boot.test.json.DuplicateJsonObjectContextCustomizerFactory$DuplicateJsonObjectContextCustomizer@58ce9668, org.springframework.boot.test.mock.mockito.MockitoContextCustomizer@e6403e9a], contextLoader = 'org.springframework.test.context.support.DelegatingSmartContextLoader', parent = [null]]]
23:51:40.025 [Test worker] DEBUG org.springframework.test.context.cache - Spring test ApplicationContext cache statistics: [DefaultContextCache@664e5dee size = 2, maxSize = 32, parentContextCount = 0, hitCount = 284, missCount = 2]
23:51:40.025 [Test worker] DEBUG org.springframework.test.context.cache.DefaultCacheAwareContextLoaderDelegate - Retrieved ApplicationContext [1607453282] from cache with key [[MergedContextConfiguration@33a3c44a testClass = AttendanceRewardManagerTest, locations = '{}', classes = '{class org.waldreg.attendance.reward.DefaultAttendanceRewardManager}', contextInitializerClasses = '[]', activeProfiles = '{}', propertySourceLocations = '{}', propertySourceProperties = '{}', contextCustomizers = set[org.springframework.boot.test.autoconfigure.actuate.metrics.MetricsExportContextCustomizerFactory$DisableMetricExportContextCustomizer@6f44a157, org.springframework.boot.test.autoconfigure.properties.PropertyMappingContextCustomizer@0, org.springframework.boot.test.autoconfigure.web.servlet.WebDriverContextCustomizerFactory$Customizer@4f3bbf68, org.springframework.boot.test.context.filter.ExcludeFilterContextCustomizer@2421cc4, org.springframework.boot.test.json.DuplicateJsonObjectContextCustomizerFactory$DuplicateJsonObjectContextCustomizer@58ce9668, org.springframework.boot.test.mock.mockito.MockitoContextCustomizer@e6403e9a], contextLoader = 'org.springframework.test.context.support.DelegatingSmartContextLoader', parent = [null]]]
23:51:40.025 [Test worker] DEBUG org.springframework.test.context.cache - Spring test ApplicationContext cache statistics: [DefaultContextCache@664e5dee size = 2, maxSize = 32, parentContextCount = 0, hitCount = 285, missCount = 2]
23:51:40.025 [Test worker] DEBUG org.springframework.test.context.cache.DefaultCacheAwareContextLoaderDelegate - Retrieved ApplicationContext [1607453282] from cache with key [[MergedContextConfiguration@33a3c44a testClass = AttendanceRewardManagerTest, locations = '{}', classes = '{class org.waldreg.attendance.reward.DefaultAttendanceRewardManager}', contextInitializerClasses = '[]', activeProfiles = '{}', propertySourceLocations = '{}', propertySourceProperties = '{}', contextCustomizers = set[org.springframework.boot.test.autoconfigure.actuate.metrics.MetricsExportContextCustomizerFactory$DisableMetricExportContextCustomizer@6f44a157, org.springframework.boot.test.autoconfigure.properties.PropertyMappingContextCustomizer@0, org.springframework.boot.test.autoconfigure.web.servlet.WebDriverContextCustomizerFactory$Customizer@4f3bbf68, org.springframework.boot.test.context.filter.ExcludeFilterContextCustomizer@2421cc4, org.springframework.boot.test.json.DuplicateJsonObjectContextCustomizerFactory$DuplicateJsonObjectContextCustomizer@58ce9668, org.springframework.boot.test.mock.mockito.MockitoContextCustomizer@e6403e9a], contextLoader = 'org.springframework.test.context.support.DelegatingSmartContextLoader', parent = [null]]]
23:51:40.025 [Test worker] DEBUG org.springframework.test.context.cache - Spring test ApplicationContext cache statistics: [DefaultContextCache@664e5dee size = 2, maxSize = 32, parentContextCount = 0, hitCount = 286, missCount = 2]
23:51:40.025 [Test worker] DEBUG org.springframework.test.context.cache.DefaultCacheAwareContextLoaderDelegate - Retrieved ApplicationContext [1607453282] from cache with key [[MergedContextConfiguration@33a3c44a testClass = AttendanceRewardManagerTest, locations = '{}', classes = '{class org.waldreg.attendance.reward.DefaultAttendanceRewardManager}', contextInitializerClasses = '[]', activeProfiles = '{}', propertySourceLocations = '{}', propertySourceProperties = '{}', contextCustomizers = set[org.springframework.boot.test.autoconfigure.actuate.metrics.MetricsExportContextCustomizerFactory$DisableMetricExportContextCustomizer@6f44a157, org.springframework.boot.test.autoconfigure.properties.PropertyMappingContextCustomizer@0, org.springframework.boot.test.autoconfigure.web.servlet.WebDriverContextCustomizerFactory$Customizer@4f3bbf68, org.springframework.boot.test.context.filter.ExcludeFilterContextCustomizer@2421cc4, org.springframework.boot.test.json.DuplicateJsonObjectContextCustomizerFactory$DuplicateJsonObjectContextCustomizer@58ce9668, org.springframework.boot.test.mock.mockito.MockitoContextCustomizer@e6403e9a], contextLoader = 'org.springframework.test.context.support.DelegatingSmartContextLoader', parent = [null]]]
23:51:40.025 [Test worker] DEBUG org.springframework.test.context.cache - Spring test ApplicationContext cache statistics: [DefaultContextCache@664e5dee size = 2, maxSize = 32, parentContextCount = 0, hitCount = 287, missCount = 2]
23:51:40.025 [Test worker] DEBUG org.springframework.test.context.support.AbstractDirtiesContextTestExecutionListener - After test method: context [DefaultTestContext@6c302a1d testClass = AttendanceRewardManagerTest, testInstance = org.waldreg.attendance.reward.AttendanceRewardManagerTest@523d6bdb, testMethod = SET_REWARD_TAG_TO_ATTENDANCE_TYPE_FAIL_UNKNOWN_REWARD_TAG_TEST@AttendanceRewardManagerTest, testException = [null], mergedContextConfiguration = [MergedContextConfiguration@33a3c44a testClass = AttendanceRewardManagerTest, locations = '{}', classes = '{class org.waldreg.attendance.reward.DefaultAttendanceRewardManager}', contextInitializerClasses = '[]', activeProfiles = '{}', propertySourceLocations = '{}', propertySourceProperties = '{}', contextCustomizers = set[org.springframework.boot.test.autoconfigure.actuate.metrics.MetricsExportContextCustomizerFactory$DisableMetricExportContextCustomizer@6f44a157, org.springframework.boot.test.autoconfigure.properties.PropertyMappingContextCustomizer@0, org.springframework.boot.test.autoconfigure.web.servlet.WebDriverContextCustomizerFactory$Customizer@4f3bbf68, org.springframework.boot.test.context.filter.ExcludeFilterContextCustomizer@2421cc4, org.springframework.boot.test.json.DuplicateJsonObjectContextCustomizerFactory$DuplicateJsonObjectContextCustomizer@58ce9668, org.springframework.boot.test.mock.mockito.MockitoContextCustomizer@e6403e9a], contextLoader = 'org.springframework.test.context.support.DelegatingSmartContextLoader', parent = [null]], attributes = map['org.springframework.test.context.event.ApplicationEventsTestExecutionListener.recordApplicationEvents' -> false]], class annotated with @DirtiesContext [false] with mode [null], method annotated with @DirtiesContext [false] with mode [null].
23:51:40.025 [Test worker] DEBUG org.springframework.test.context.cache.DefaultCacheAwareContextLoaderDelegate - Retrieved ApplicationContext [1607453282] from cache with key [[MergedContextConfiguration@33a3c44a testClass = AttendanceRewardManagerTest, locations = '{}', classes = '{class org.waldreg.attendance.reward.DefaultAttendanceRewardManager}', contextInitializerClasses = '[]', activeProfiles = '{}', propertySourceLocations = '{}', propertySourceProperties = '{}', contextCustomizers = set[org.springframework.boot.test.autoconfigure.actuate.metrics.MetricsExportContextCustomizerFactory$DisableMetricExportContextCustomizer@6f44a157, org.springframework.boot.test.autoconfigure.properties.PropertyMappingContextCustomizer@0, org.springframework.boot.test.autoconfigure.web.servlet.WebDriverContextCustomizerFactory$Customizer@4f3bbf68, org.springframework.boot.test.context.filter.ExcludeFilterContextCustomizer@2421cc4, org.springframework.boot.test.json.DuplicateJsonObjectContextCustomizerFactory$DuplicateJsonObjectContextCustomizer@58ce9668, org.springframework.boot.test.mock.mockito.MockitoContextCustomizer@e6403e9a], contextLoader = 'org.springframework.test.context.support.DelegatingSmartContextLoader', parent = [null]]]
23:51:40.025 [Test worker] DEBUG org.springframework.test.context.cache - Spring test ApplicationContext cache statistics: [DefaultContextCache@664e5dee size = 2, maxSize = 32, parentContextCount = 0, hitCount = 288, missCount = 2]
23:51:40.025 [Test worker] DEBUG org.springframework.test.context.support.DependencyInjectionTestExecutionListener - Performing dependency injection for test context [[DefaultTestContext@6c302a1d testClass = AttendanceRewardManagerTest, testInstance = org.waldreg.attendance.reward.AttendanceRewardManagerTest@3872bc37, testMethod = [null], testException = [null], mergedContextConfiguration = [MergedContextConfiguration@33a3c44a testClass = AttendanceRewardManagerTest, locations = '{}', classes = '{class org.waldreg.attendance.reward.DefaultAttendanceRewardManager}', contextInitializerClasses = '[]', activeProfiles = '{}', propertySourceLocations = '{}', propertySourceProperties = '{}', contextCustomizers = set[org.springframework.boot.test.autoconfigure.actuate.metrics.MetricsExportContextCustomizerFactory$DisableMetricExportContextCustomizer@6f44a157, org.springframework.boot.test.autoconfigure.properties.PropertyMappingContextCustomizer@0, org.springframework.boot.test.autoconfigure.web.servlet.WebDriverContextCustomizerFactory$Customizer@4f3bbf68, org.springframework.boot.test.context.filter.ExcludeFilterContextCustomizer@2421cc4, org.springframework.boot.test.json.DuplicateJsonObjectContextCustomizerFactory$DuplicateJsonObjectContextCustomizer@58ce9668, org.springframework.boot.test.mock.mockito.MockitoContextCustomizer@e6403e9a], contextLoader = 'org.springframework.test.context.support.DelegatingSmartContextLoader', parent = [null]], attributes = map['org.springframework.test.context.event.ApplicationEventsTestExecutionListener.recordApplicationEvents' -> false]]].
23:51:40.025 [Test worker] DEBUG org.springframework.test.context.cache.DefaultCacheAwareContextLoaderDelegate - Retrieved ApplicationContext [1607453282] from cache with key [[MergedContextConfiguration@33a3c44a testClass = AttendanceRewardManagerTest, locations = '{}', classes = '{class org.waldreg.attendance.reward.DefaultAttendanceRewardManager}', contextInitializerClasses = '[]', activeProfiles = '{}', propertySourceLocations = '{}', propertySourceProperties = '{}', contextCustomizers = set[org.springframework.boot.test.autoconfigure.actuate.metrics.MetricsExportContextCustomizerFactory$DisableMetricExportContextCustomizer@6f44a157, org.springframework.boot.test.autoconfigure.properties.PropertyMappingContextCustomizer@0, org.springframework.boot.test.autoconfigure.web.servlet.WebDriverContextCustomizerFactory$Customizer@4f3bbf68, org.springframework.boot.test.context.filter.ExcludeFilterContextCustomizer@2421cc4, org.springframework.boot.test.json.DuplicateJsonObjectContextCustomizerFactory$DuplicateJsonObjectContextCustomizer@58ce9668, org.springframework.boot.test.mock.mockito.MockitoContextCustomizer@e6403e9a], contextLoader = 'org.springframework.test.context.support.DelegatingSmartContextLoader', parent = [null]]]
23:51:40.025 [Test worker] DEBUG org.springframework.test.context.cache - Spring test ApplicationContext cache statistics: [DefaultContextCache@664e5dee size = 2, maxSize = 32, parentContextCount = 0, hitCount = 289, missCount = 2]
23:51:40.025 [Test worker] DEBUG org.springframework.test.context.cache.DefaultCacheAwareContextLoaderDelegate - Retrieved ApplicationContext [1607453282] from cache with key [[MergedContextConfiguration@33a3c44a testClass = AttendanceRewardManagerTest, locations = '{}', classes = '{class org.waldreg.attendance.reward.DefaultAttendanceRewardManager}', contextInitializerClasses = '[]', activeProfiles = '{}', propertySourceLocations = '{}', propertySourceProperties = '{}', contextCustomizers = set[org.springframework.boot.test.autoconfigure.actuate.metrics.MetricsExportContextCustomizerFactory$DisableMetricExportContextCustomizer@6f44a157, org.springframework.boot.test.autoconfigure.properties.PropertyMappingContextCustomizer@0, org.springframework.boot.test.autoconfigure.web.servlet.WebDriverContextCustomizerFactory$Customizer@4f3bbf68, org.springframework.boot.test.context.filter.ExcludeFilterContextCustomizer@2421cc4, org.springframework.boot.test.json.DuplicateJsonObjectContextCustomizerFactory$DuplicateJsonObjectContextCustomizer@58ce9668, org.springframework.boot.test.mock.mockito.MockitoContextCustomizer@e6403e9a], contextLoader = 'org.springframework.test.context.support.DelegatingSmartContextLoader', parent = [null]]]
23:51:40.026 [Test worker] DEBUG org.springframework.test.context.cache - Spring test ApplicationContext cache statistics: [DefaultContextCache@664e5dee size = 2, maxSize = 32, parentContextCount = 0, hitCount = 290, missCount = 2]
23:51:40.026 [Test worker] DEBUG org.springframework.test.context.support.AbstractDirtiesContextTestExecutionListener - Before test method: context [DefaultTestContext@6c302a1d testClass = AttendanceRewardManagerTest, testInstance = org.waldreg.attendance.reward.AttendanceRewardManagerTest@3872bc37, testMethod = SET_REWARD_TAG_TO_ATTENDANCE_TYPE_FAIL_UNKNOWN_ATTENDANCE_TYPE_TEST@AttendanceRewardManagerTest, testException = [null], mergedContextConfiguration = [MergedContextConfiguration@33a3c44a testClass = AttendanceRewardManagerTest, locations = '{}', classes = '{class org.waldreg.attendance.reward.DefaultAttendanceRewardManager}', contextInitializerClasses = '[]', activeProfiles = '{}', propertySourceLocations = '{}', propertySourceProperties = '{}', contextCustomizers = set[org.springframework.boot.test.autoconfigure.actuate.metrics.MetricsExportContextCustomizerFactory$DisableMetricExportContextCustomizer@6f44a157, org.springframework.boot.test.autoconfigure.properties.PropertyMappingContextCustomizer@0, org.springframework.boot.test.autoconfigure.web.servlet.WebDriverContextCustomizerFactory$Customizer@4f3bbf68, org.springframework.boot.test.context.filter.ExcludeFilterContextCustomizer@2421cc4, org.springframework.boot.test.json.DuplicateJsonObjectContextCustomizerFactory$DuplicateJsonObjectContextCustomizer@58ce9668, org.springframework.boot.test.mock.mockito.MockitoContextCustomizer@e6403e9a], contextLoader = 'org.springframework.test.context.support.DelegatingSmartContextLoader', parent = [null]], attributes = map['org.springframework.test.context.event.ApplicationEventsTestExecutionListener.recordApplicationEvents' -> false]], class annotated with @DirtiesContext [false] with mode [null], method annotated with @DirtiesContext [false] with mode [null].
23:51:40.026 [Test worker] DEBUG org.springframework.test.context.cache.DefaultCacheAwareContextLoaderDelegate - Retrieved ApplicationContext [1607453282] from cache with key [[MergedContextConfiguration@33a3c44a testClass = AttendanceRewardManagerTest, locations = '{}', classes = '{class org.waldreg.attendance.reward.DefaultAttendanceRewardManager}', contextInitializerClasses = '[]', activeProfiles = '{}', propertySourceLocations = '{}', propertySourceProperties = '{}', contextCustomizers = set[org.springframework.boot.test.autoconfigure.actuate.metrics.MetricsExportContextCustomizerFactory$DisableMetricExportContextCustomizer@6f44a157, org.springframework.boot.test.autoconfigure.properties.PropertyMappingContextCustomizer@0, org.springframework.boot.test.autoconfigure.web.servlet.WebDriverContextCustomizerFactory$Customizer@4f3bbf68, org.springframework.boot.test.context.filter.ExcludeFilterContextCustomizer@2421cc4, org.springframework.boot.test.json.DuplicateJsonObjectContextCustomizerFactory$DuplicateJsonObjectContextCustomizer@58ce9668, org.springframework.boot.test.mock.mockito.MockitoContextCustomizer@e6403e9a], contextLoader = 'org.springframework.test.context.support.DelegatingSmartContextLoader', parent = [null]]]
23:51:40.026 [Test worker] DEBUG org.springframework.test.context.cache - Spring test ApplicationContext cache statistics: [DefaultContextCache@664e5dee size = 2, maxSize = 32, parentContextCount = 0, hitCount = 291, missCount = 2]
23:51:40.026 [Test worker] DEBUG org.springframework.test.context.cache.DefaultCacheAwareContextLoaderDelegate - Retrieved ApplicationContext [1607453282] from cache with key [[MergedContextConfiguration@33a3c44a testClass = AttendanceRewardManagerTest, locations = '{}', classes = '{class org.waldreg.attendance.reward.DefaultAttendanceRewardManager}', contextInitializerClasses = '[]', activeProfiles = '{}', propertySourceLocations = '{}', propertySourceProperties = '{}', contextCustomizers = set[org.springframework.boot.test.autoconfigure.actuate.metrics.MetricsExportContextCustomizerFactory$DisableMetricExportContextCustomizer@6f44a157, org.springframework.boot.test.autoconfigure.properties.PropertyMappingContextCustomizer@0, org.springframework.boot.test.autoconfigure.web.servlet.WebDriverContextCustomizerFactory$Customizer@4f3bbf68, org.springframework.boot.test.context.filter.ExcludeFilterContextCustomizer@2421cc4, org.springframework.boot.test.json.DuplicateJsonObjectContextCustomizerFactory$DuplicateJsonObjectContextCustomizer@58ce9668, org.springframework.boot.test.mock.mockito.MockitoContextCustomizer@e6403e9a], contextLoader = 'org.springframework.test.context.support.DelegatingSmartContextLoader', parent = [null]]]
23:51:40.026 [Test worker] DEBUG org.springframework.test.context.cache - Spring test ApplicationContext cache statistics: [DefaultContextCache@664e5dee size = 2, maxSize = 32, parentContextCount = 0, hitCount = 292, missCount = 2]
23:51:40.026 [Test worker] DEBUG org.springframework.test.context.cache.DefaultCacheAwareContextLoaderDelegate - Retrieved ApplicationContext [1607453282] from cache with key [[MergedContextConfiguration@33a3c44a testClass = AttendanceRewardManagerTest, locations = '{}', classes = '{class org.waldreg.attendance.reward.DefaultAttendanceRewardManager}', contextInitializerClasses = '[]', activeProfiles = '{}', propertySourceLocations = '{}', propertySourceProperties = '{}', contextCustomizers = set[org.springframework.boot.test.autoconfigure.actuate.metrics.MetricsExportContextCustomizerFactory$DisableMetricExportContextCustomizer@6f44a157, org.springframework.boot.test.autoconfigure.properties.PropertyMappingContextCustomizer@0, org.springframework.boot.test.autoconfigure.web.servlet.WebDriverContextCustomizerFactory$Customizer@4f3bbf68, org.springframework.boot.test.context.filter.ExcludeFilterContextCustomizer@2421cc4, org.springframework.boot.test.json.DuplicateJsonObjectContextCustomizerFactory$DuplicateJsonObjectContextCustomizer@58ce9668, org.springframework.boot.test.mock.mockito.MockitoContextCustomizer@e6403e9a], contextLoader = 'org.springframework.test.context.support.DelegatingSmartContextLoader', parent = [null]]]
23:51:40.026 [Test worker] DEBUG org.springframework.test.context.cache - Spring test ApplicationContext cache statistics: [DefaultContextCache@664e5dee size = 2, maxSize = 32, parentContextCount = 0, hitCount = 293, missCount = 2]
23:51:40.026 [Test worker] DEBUG org.springframework.test.context.cache.DefaultCacheAwareContextLoaderDelegate - Retrieved ApplicationContext [1607453282] from cache with key [[MergedContextConfiguration@33a3c44a testClass = AttendanceRewardManagerTest, locations = '{}', classes = '{class org.waldreg.attendance.reward.DefaultAttendanceRewardManager}', contextInitializerClasses = '[]', activeProfiles = '{}', propertySourceLocations = '{}', propertySourceProperties = '{}', contextCustomizers = set[org.springframework.boot.test.autoconfigure.actuate.metrics.MetricsExportContextCustomizerFactory$DisableMetricExportContextCustomizer@6f44a157, org.springframework.boot.test.autoconfigure.properties.PropertyMappingContextCustomizer@0, org.springframework.boot.test.autoconfigure.web.servlet.WebDriverContextCustomizerFactory$Customizer@4f3bbf68, org.springframework.boot.test.context.filter.ExcludeFilterContextCustomizer@2421cc4, org.springframework.boot.test.json.DuplicateJsonObjectContextCustomizerFactory$DuplicateJsonObjectContextCustomizer@58ce9668, org.springframework.boot.test.mock.mockito.MockitoContextCustomizer@e6403e9a], contextLoader = 'org.springframework.test.context.support.DelegatingSmartContextLoader', parent = [null]]]
23:51:40.026 [Test worker] DEBUG org.springframework.test.context.cache - Spring test ApplicationContext cache statistics: [DefaultContextCache@664e5dee size = 2, maxSize = 32, parentContextCount = 0, hitCount = 294, missCount = 2]
23:51:40.026 [Test worker] DEBUG org.springframework.test.context.cache.DefaultCacheAwareContextLoaderDelegate - Retrieved ApplicationContext [1607453282] from cache with key [[MergedContextConfiguration@33a3c44a testClass = AttendanceRewardManagerTest, locations = '{}', classes = '{class org.waldreg.attendance.reward.DefaultAttendanceRewardManager}', contextInitializerClasses = '[]', activeProfiles = '{}', propertySourceLocations = '{}', propertySourceProperties = '{}', contextCustomizers = set[org.springframework.boot.test.autoconfigure.actuate.metrics.MetricsExportContextCustomizerFactory$DisableMetricExportContextCustomizer@6f44a157, org.springframework.boot.test.autoconfigure.properties.PropertyMappingContextCustomizer@0, org.springframework.boot.test.autoconfigure.web.servlet.WebDriverContextCustomizerFactory$Customizer@4f3bbf68, org.springframework.boot.test.context.filter.ExcludeFilterContextCustomizer@2421cc4, org.springframework.boot.test.json.DuplicateJsonObjectContextCustomizerFactory$DuplicateJsonObjectContextCustomizer@58ce9668, org.springframework.boot.test.mock.mockito.MockitoContextCustomizer@e6403e9a], contextLoader = 'org.springframework.test.context.support.DelegatingSmartContextLoader', parent = [null]]]
23:51:40.026 [Test worker] DEBUG org.springframework.test.context.cache - Spring test ApplicationContext cache statistics: [DefaultContextCache@664e5dee size = 2, maxSize = 32, parentContextCount = 0, hitCount = 295, missCount = 2]
23:51:40.026 [Test worker] DEBUG org.springframework.test.context.cache.DefaultCacheAwareContextLoaderDelegate - Retrieved ApplicationContext [1607453282] from cache with key [[MergedContextConfiguration@33a3c44a testClass = AttendanceRewardManagerTest, locations = '{}', classes = '{class org.waldreg.attendance.reward.DefaultAttendanceRewardManager}', contextInitializerClasses = '[]', activeProfiles = '{}', propertySourceLocations = '{}', propertySourceProperties = '{}', contextCustomizers = set[org.springframework.boot.test.autoconfigure.actuate.metrics.MetricsExportContextCustomizerFactory$DisableMetricExportContextCustomizer@6f44a157, org.springframework.boot.test.autoconfigure.properties.PropertyMappingContextCustomizer@0, org.springframework.boot.test.autoconfigure.web.servlet.WebDriverContextCustomizerFactory$Customizer@4f3bbf68, org.springframework.boot.test.context.filter.ExcludeFilterContextCustomizer@2421cc4, org.springframework.boot.test.json.DuplicateJsonObjectContextCustomizerFactory$DuplicateJsonObjectContextCustomizer@58ce9668, org.springframework.boot.test.mock.mockito.MockitoContextCustomizer@e6403e9a], contextLoader = 'org.springframework.test.context.support.DelegatingSmartContextLoader', parent = [null]]]
23:51:40.027 [Test worker] DEBUG org.springframework.test.context.cache - Spring test ApplicationContext cache statistics: [DefaultContextCache@664e5dee size = 2, maxSize = 32, parentContextCount = 0, hitCount = 296, missCount = 2]
23:51:40.027 [Test worker] DEBUG org.springframework.test.context.cache.DefaultCacheAwareContextLoaderDelegate - Retrieved ApplicationContext [1607453282] from cache with key [[MergedContextConfiguration@33a3c44a testClass = AttendanceRewardManagerTest, locations = '{}', classes = '{class org.waldreg.attendance.reward.DefaultAttendanceRewardManager}', contextInitializerClasses = '[]', activeProfiles = '{}', propertySourceLocations = '{}', propertySourceProperties = '{}', contextCustomizers = set[org.springframework.boot.test.autoconfigure.actuate.metrics.MetricsExportContextCustomizerFactory$DisableMetricExportContextCustomizer@6f44a157, org.springframework.boot.test.autoconfigure.properties.PropertyMappingContextCustomizer@0, org.springframework.boot.test.autoconfigure.web.servlet.WebDriverContextCustomizerFactory$Customizer@4f3bbf68, org.springframework.boot.test.context.filter.ExcludeFilterContextCustomizer@2421cc4, org.springframework.boot.test.json.DuplicateJsonObjectContextCustomizerFactory$DuplicateJsonObjectContextCustomizer@58ce9668, org.springframework.boot.test.mock.mockito.MockitoContextCustomizer@e6403e9a], contextLoader = 'org.springframework.test.context.support.DelegatingSmartContextLoader', parent = [null]]]
23:51:40.027 [Test worker] DEBUG org.springframework.test.context.cache - Spring test ApplicationContext cache statistics: [DefaultContextCache@664e5dee size = 2, maxSize = 32, parentContextCount = 0, hitCount = 297, missCount = 2]
23:51:40.027 [Test worker] DEBUG org.springframework.test.context.cache.DefaultCacheAwareContextLoaderDelegate - Retrieved ApplicationContext [1607453282] from cache with key [[MergedContextConfiguration@33a3c44a testClass = AttendanceRewardManagerTest, locations = '{}', classes = '{class org.waldreg.attendance.reward.DefaultAttendanceRewardManager}', contextInitializerClasses = '[]', activeProfiles = '{}', propertySourceLocations = '{}', propertySourceProperties = '{}', contextCustomizers = set[org.springframework.boot.test.autoconfigure.actuate.metrics.MetricsExportContextCustomizerFactory$DisableMetricExportContextCustomizer@6f44a157, org.springframework.boot.test.autoconfigure.properties.PropertyMappingContextCustomizer@0, org.springframework.boot.test.autoconfigure.web.servlet.WebDriverContextCustomizerFactory$Customizer@4f3bbf68, org.springframework.boot.test.context.filter.ExcludeFilterContextCustomizer@2421cc4, org.springframework.boot.test.json.DuplicateJsonObjectContextCustomizerFactory$DuplicateJsonObjectContextCustomizer@58ce9668, org.springframework.boot.test.mock.mockito.MockitoContextCustomizer@e6403e9a], contextLoader = 'org.springframework.test.context.support.DelegatingSmartContextLoader', parent = [null]]]
23:51:40.027 [Test worker] DEBUG org.springframework.test.context.cache - Spring test ApplicationContext cache statistics: [DefaultContextCache@664e5dee size = 2, maxSize = 32, parentContextCount = 0, hitCount = 298, missCount = 2]
23:51:40.027 [Test worker] DEBUG org.springframework.test.context.cache.DefaultCacheAwareContextLoaderDelegate - Retrieved ApplicationContext [1607453282] from cache with key [[MergedContextConfiguration@33a3c44a testClass = AttendanceRewardManagerTest, locations = '{}', classes = '{class org.waldreg.attendance.reward.DefaultAttendanceRewardManager}', contextInitializerClasses = '[]', activeProfiles = '{}', propertySourceLocations = '{}', propertySourceProperties = '{}', contextCustomizers = set[org.springframework.boot.test.autoconfigure.actuate.metrics.MetricsExportContextCustomizerFactory$DisableMetricExportContextCustomizer@6f44a157, org.springframework.boot.test.autoconfigure.properties.PropertyMappingContextCustomizer@0, org.springframework.boot.test.autoconfigure.web.servlet.WebDriverContextCustomizerFactory$Customizer@4f3bbf68, org.springframework.boot.test.context.filter.ExcludeFilterContextCustomizer@2421cc4, org.springframework.boot.test.json.DuplicateJsonObjectContextCustomizerFactory$DuplicateJsonObjectContextCustomizer@58ce9668, org.springframework.boot.test.mock.mockito.MockitoContextCustomizer@e6403e9a], contextLoader = 'org.springframework.test.context.support.DelegatingSmartContextLoader', parent = [null]]]
23:51:40.027 [Test worker] DEBUG org.springframework.test.context.cache - Spring test ApplicationContext cache statistics: [DefaultContextCache@664e5dee size = 2, maxSize = 32, parentContextCount = 0, hitCount = 299, missCount = 2]
23:51:40.027 [Test worker] DEBUG org.springframework.test.context.support.AbstractDirtiesContextTestExecutionListener - After test method: context [DefaultTestContext@6c302a1d testClass = AttendanceRewardManagerTest, testInstance = org.waldreg.attendance.reward.AttendanceRewardManagerTest@3872bc37, testMethod = SET_REWARD_TAG_TO_ATTENDANCE_TYPE_FAIL_UNKNOWN_ATTENDANCE_TYPE_TEST@AttendanceRewardManagerTest, testException = [null], mergedContextConfiguration = [MergedContextConfiguration@33a3c44a testClass = AttendanceRewardManagerTest, locations = '{}', classes = '{class org.waldreg.attendance.reward.DefaultAttendanceRewardManager}', contextInitializerClasses = '[]', activeProfiles = '{}', propertySourceLocations = '{}', propertySourceProperties = '{}', contextCustomizers = set[org.springframework.boot.test.autoconfigure.actuate.metrics.MetricsExportContextCustomizerFactory$DisableMetricExportContextCustomizer@6f44a157, org.springframework.boot.test.autoconfigure.properties.PropertyMappingContextCustomizer@0, org.springframework.boot.test.autoconfigure.web.servlet.WebDriverContextCustomizerFactory$Customizer@4f3bbf68, org.springframework.boot.test.context.filter.ExcludeFilterContextCustomizer@2421cc4, org.springframework.boot.test.json.DuplicateJsonObjectContextCustomizerFactory$DuplicateJsonObjectContextCustomizer@58ce9668, org.springframework.boot.test.mock.mockito.MockitoContextCustomizer@e6403e9a], contextLoader = 'org.springframework.test.context.support.DelegatingSmartContextLoader', parent = [null]], attributes = map['org.springframework.test.context.event.ApplicationEventsTestExecutionListener.recordApplicationEvents' -> false]], class annotated with @DirtiesContext [false] with mode [null], method annotated with @DirtiesContext [false] with mode [null].
23:51:40.027 [Test worker] DEBUG org.springframework.test.context.cache.DefaultCacheAwareContextLoaderDelegate - Retrieved ApplicationContext [1607453282] from cache with key [[MergedContextConfiguration@33a3c44a testClass = AttendanceRewardManagerTest, locations = '{}', classes = '{class org.waldreg.attendance.reward.DefaultAttendanceRewardManager}', contextInitializerClasses = '[]', activeProfiles = '{}', propertySourceLocations = '{}', propertySourceProperties = '{}', contextCustomizers = set[org.springframework.boot.test.autoconfigure.actuate.metrics.MetricsExportContextCustomizerFactory$DisableMetricExportContextCustomizer@6f44a157, org.springframework.boot.test.autoconfigure.properties.PropertyMappingContextCustomizer@0, org.springframework.boot.test.autoconfigure.web.servlet.WebDriverContextCustomizerFactory$Customizer@4f3bbf68, org.springframework.boot.test.context.filter.ExcludeFilterContextCustomizer@2421cc4, org.springframework.boot.test.json.DuplicateJsonObjectContextCustomizerFactory$DuplicateJsonObjectContextCustomizer@58ce9668, org.springframework.boot.test.mock.mockito.MockitoContextCustomizer@e6403e9a], contextLoader = 'org.springframework.test.context.support.DelegatingSmartContextLoader', parent = [null]]]
23:51:40.027 [Test worker] DEBUG org.springframework.test.context.cache - Spring test ApplicationContext cache statistics: [DefaultContextCache@664e5dee size = 2, maxSize = 32, parentContextCount = 0, hitCount = 300, missCount = 2]
23:51:40.027 [Test worker] DEBUG org.springframework.test.context.support.AbstractDirtiesContextTestExecutionListener - After test class: context [DefaultTestContext@6c302a1d testClass = AttendanceRewardManagerTest, testInstance = [null], testMethod = [null], testException = [null], mergedContextConfiguration = [MergedContextConfiguration@33a3c44a testClass = AttendanceRewardManagerTest, locations = '{}', classes = '{class org.waldreg.attendance.reward.DefaultAttendanceRewardManager}', contextInitializerClasses = '[]', activeProfiles = '{}', propertySourceLocations = '{}', propertySourceProperties = '{}', contextCustomizers = set[org.springframework.boot.test.autoconfigure.actuate.metrics.MetricsExportContextCustomizerFactory$DisableMetricExportContextCustomizer@6f44a157, org.springframework.boot.test.autoconfigure.properties.PropertyMappingContextCustomizer@0, org.springframework.boot.test.autoconfigure.web.servlet.WebDriverContextCustomizerFactory$Customizer@4f3bbf68, org.springframework.boot.test.context.filter.ExcludeFilterContextCustomizer@2421cc4, org.springframework.boot.test.json.DuplicateJsonObjectContextCustomizerFactory$DuplicateJsonObjectContextCustomizer@58ce9668, org.springframework.boot.test.mock.mockito.MockitoContextCustomizer@e6403e9a], contextLoader = 'org.springframework.test.context.support.DelegatingSmartContextLoader', parent = [null]], attributes = map['org.springframework.test.context.event.ApplicationEventsTestExecutionListener.recordApplicationEvents' -> false]], class annotated with @DirtiesContext [false] with mode [null].
]]></system-out>
  <system-err><![CDATA[]]></system-err>
</testsuite>
