<?xml version="1.0" encoding="UTF-8"?>
<testsuite name="org.waldreg.attendance.waiver.WaiverTest" tests="8" skipped="0" failures="0" errors="0" timestamp="2023-06-27T14:36:54" hostname="xb-apple.local" time="0.012">
  <properties/>
  <testcase name="새로운 출석 면제 추가 실패 테스트 - 서버의 현재 날짜보다 이전 날짜로 면제 신청" classname="org.waldreg.attendance.waiver.WaiverTest" time="0.001"/>
  <testcase name="출석 면제 요청 승인 성공 테스트" classname="org.waldreg.attendance.waiver.WaiverTest" time="0.002"/>
  <testcase name="새로운 출석 면제 추가 성공 테스트" classname="org.waldreg.attendance.waiver.WaiverTest" time="0.001"/>
  <testcase name="새로운 출석 면제 추가 실패 테스트 - 출석 대상이 아님" classname="org.waldreg.attendance.waiver.WaiverTest" time="0.001"/>
  <testcase name="출석 면제 요청 리스트 조회 성공 테스트" classname="org.waldreg.attendance.waiver.WaiverTest" time="0.001"/>
  <testcase name="출석 면제 요청 승인 실패 테스트 - 알수없는 AttendanceType" classname="org.waldreg.attendance.waiver.WaiverTest" time="0.001"/>
  <testcase name="새로운 출석 면제 추가 실패 테스트 - 서버의 최대 출석 저장 날짜보다 멀리 신청함" classname="org.waldreg.attendance.waiver.WaiverTest" time="0.001"/>
  <testcase name="출석 면제 요청 승인 실패 테스트 - waiver id를 찾을 수 없음" classname="org.waldreg.attendance.waiver.WaiverTest" time="0.001"/>
  <system-out><![CDATA[23:36:54.360 [Test worker] DEBUG org.springframework.test.context.BootstrapUtils - Instantiating CacheAwareContextLoaderDelegate from class [org.springframework.test.context.cache.DefaultCacheAwareContextLoaderDelegate]
23:36:54.360 [Test worker] DEBUG org.springframework.test.context.BootstrapUtils - Instantiating BootstrapContext using constructor [public org.springframework.test.context.support.DefaultBootstrapContext(java.lang.Class,org.springframework.test.context.CacheAwareContextLoaderDelegate)]
23:36:54.360 [Test worker] DEBUG org.springframework.test.context.BootstrapUtils - Instantiating TestContextBootstrapper for test class [org.waldreg.attendance.waiver.WaiverTest] from class [org.springframework.test.context.support.DefaultTestContextBootstrapper]
23:36:54.360 [Test worker] DEBUG org.springframework.test.context.support.AbstractDelegatingSmartContextLoader - Delegating to AnnotationConfigContextLoader to process context configuration [ContextConfigurationAttributes@126f1ba8 declaringClass = 'org.waldreg.attendance.waiver.WaiverTest', classes = '{class org.waldreg.attendance.waiver.DefaultWaiverManager, class org.waldreg.attendance.rule.valid.AttendanceDateValidator}', locations = '{}', inheritLocations = true, initializers = '{}', inheritInitializers = true, name = [null], contextLoaderClass = 'org.springframework.test.context.ContextLoader'].
23:36:54.361 [Test worker] DEBUG org.springframework.test.context.support.ActiveProfilesUtils - Could not find an 'annotation declaring class' for annotation type [org.springframework.test.context.ActiveProfiles] and class [org.waldreg.attendance.waiver.WaiverTest]
23:36:54.361 [Test worker] DEBUG org.springframework.test.context.support.DefaultTestContextBootstrapper - @TestExecutionListeners is not present for class [org.waldreg.attendance.waiver.WaiverTest]: using defaults.
23:36:54.361 [Test worker] INFO org.springframework.test.context.support.DefaultTestContextBootstrapper - Loaded default TestExecutionListener class names from location [META-INF/spring.factories]: [org.springframework.boot.test.autoconfigure.restdocs.RestDocsTestExecutionListener, org.springframework.boot.test.autoconfigure.web.client.MockRestServiceServerResetTestExecutionListener, org.springframework.boot.test.autoconfigure.web.servlet.MockMvcPrintOnlyOnFailureTestExecutionListener, org.springframework.boot.test.autoconfigure.web.servlet.WebDriverTestExecutionListener, org.springframework.boot.test.autoconfigure.webservices.client.MockWebServiceServerTestExecutionListener, org.springframework.boot.test.mock.mockito.MockitoTestExecutionListener, org.springframework.boot.test.mock.mockito.ResetMocksTestExecutionListener, org.springframework.test.context.web.ServletTestExecutionListener, org.springframework.test.context.support.DirtiesContextBeforeModesTestExecutionListener, org.springframework.test.context.event.ApplicationEventsTestExecutionListener, org.springframework.test.context.support.DependencyInjectionTestExecutionListener, org.springframework.test.context.support.DirtiesContextTestExecutionListener, org.springframework.test.context.transaction.TransactionalTestExecutionListener, org.springframework.test.context.jdbc.SqlScriptsTestExecutionListener, org.springframework.test.context.event.EventPublishingTestExecutionListener]
23:36:54.361 [Test worker] DEBUG org.springframework.test.context.support.DefaultTestContextBootstrapper - Skipping candidate TestExecutionListener [org.springframework.test.context.transaction.TransactionalTestExecutionListener] due to a missing dependency. Specify custom listener classes or make the default listener classes and their required dependencies available. Offending class: [org/springframework/transaction/interceptor/TransactionAttributeSource]
23:36:54.361 [Test worker] DEBUG org.springframework.test.context.support.DefaultTestContextBootstrapper - Skipping candidate TestExecutionListener [org.springframework.test.context.jdbc.SqlScriptsTestExecutionListener] due to a missing dependency. Specify custom listener classes or make the default listener classes and their required dependencies available. Offending class: [org/springframework/transaction/interceptor/TransactionAttribute]
23:36:54.361 [Test worker] INFO org.springframework.test.context.support.DefaultTestContextBootstrapper - Using TestExecutionListeners: [org.springframework.test.context.web.ServletTestExecutionListener@43a0a32d, org.springframework.test.context.support.DirtiesContextBeforeModesTestExecutionListener@396ef8b2, org.springframework.test.context.event.ApplicationEventsTestExecutionListener@72825400, org.springframework.boot.test.mock.mockito.MockitoTestExecutionListener@19ee1ae6, org.springframework.test.context.support.DependencyInjectionTestExecutionListener@5f117b3d, org.springframework.test.context.support.DirtiesContextTestExecutionListener@1174a305, org.springframework.test.context.event.EventPublishingTestExecutionListener@71b6d77f, org.springframework.boot.test.autoconfigure.restdocs.RestDocsTestExecutionListener@1866da85, org.springframework.boot.test.autoconfigure.web.client.MockRestServiceServerResetTestExecutionListener@4cfa8227, org.springframework.boot.test.autoconfigure.web.servlet.MockMvcPrintOnlyOnFailureTestExecutionListener@78226c36, org.springframework.boot.test.autoconfigure.web.servlet.WebDriverTestExecutionListener@3f685162, org.springframework.boot.test.autoconfigure.webservices.client.MockWebServiceServerTestExecutionListener@11f406f8, org.springframework.boot.test.mock.mockito.ResetMocksTestExecutionListener@987455b]
23:36:54.361 [Test worker] DEBUG org.springframework.test.context.support.AbstractDirtiesContextTestExecutionListener - Before test class: context [DefaultTestContext@622fdb81 testClass = WaiverTest, testInstance = [null], testMethod = [null], testException = [null], mergedContextConfiguration = [MergedContextConfiguration@1f3165e7 testClass = WaiverTest, locations = '{}', classes = '{class org.waldreg.attendance.waiver.DefaultWaiverManager, class org.waldreg.attendance.rule.valid.AttendanceDateValidator}', contextInitializerClasses = '[]', activeProfiles = '{}', propertySourceLocations = '{}', propertySourceProperties = '{}', contextCustomizers = set[org.springframework.boot.test.autoconfigure.actuate.metrics.MetricsExportContextCustomizerFactory$DisableMetricExportContextCustomizer@5a3bc7ed, org.springframework.boot.test.autoconfigure.properties.PropertyMappingContextCustomizer@0, org.springframework.boot.test.autoconfigure.web.servlet.WebDriverContextCustomizerFactory$Customizer@68df9280, org.springframework.boot.test.context.filter.ExcludeFilterContextCustomizer@3f91b517, org.springframework.boot.test.json.DuplicateJsonObjectContextCustomizerFactory$DuplicateJsonObjectContextCustomizer@59a008ba, org.springframework.boot.test.mock.mockito.MockitoContextCustomizer@c36139f5], contextLoader = 'org.springframework.test.context.support.DelegatingSmartContextLoader', parent = [null]], attributes = map[[empty]]], class annotated with @DirtiesContext [false] with mode [null].
23:36:54.361 [Test worker] DEBUG org.springframework.test.context.support.AbstractDelegatingSmartContextLoader - Delegating to AnnotationConfigContextLoader to load context from [MergedContextConfiguration@1f3165e7 testClass = WaiverTest, locations = '{}', classes = '{class org.waldreg.attendance.waiver.DefaultWaiverManager, class org.waldreg.attendance.rule.valid.AttendanceDateValidator}', contextInitializerClasses = '[]', activeProfiles = '{}', propertySourceLocations = '{}', propertySourceProperties = '{}', contextCustomizers = set[org.springframework.boot.test.autoconfigure.actuate.metrics.MetricsExportContextCustomizerFactory$DisableMetricExportContextCustomizer@5a3bc7ed, org.springframework.boot.test.autoconfigure.properties.PropertyMappingContextCustomizer@0, org.springframework.boot.test.autoconfigure.web.servlet.WebDriverContextCustomizerFactory$Customizer@68df9280, org.springframework.boot.test.context.filter.ExcludeFilterContextCustomizer@3f91b517, org.springframework.boot.test.json.DuplicateJsonObjectContextCustomizerFactory$DuplicateJsonObjectContextCustomizer@59a008ba, org.springframework.boot.test.mock.mockito.MockitoContextCustomizer@c36139f5], contextLoader = 'org.springframework.test.context.support.DelegatingSmartContextLoader', parent = [null]].
23:36:54.361 [Test worker] DEBUG org.springframework.test.context.support.AbstractGenericContextLoader - Loading ApplicationContext for merged context configuration [[MergedContextConfiguration@1f3165e7 testClass = WaiverTest, locations = '{}', classes = '{class org.waldreg.attendance.waiver.DefaultWaiverManager, class org.waldreg.attendance.rule.valid.AttendanceDateValidator}', contextInitializerClasses = '[]', activeProfiles = '{}', propertySourceLocations = '{}', propertySourceProperties = '{}', contextCustomizers = set[org.springframework.boot.test.autoconfigure.actuate.metrics.MetricsExportContextCustomizerFactory$DisableMetricExportContextCustomizer@5a3bc7ed, org.springframework.boot.test.autoconfigure.properties.PropertyMappingContextCustomizer@0, org.springframework.boot.test.autoconfigure.web.servlet.WebDriverContextCustomizerFactory$Customizer@68df9280, org.springframework.boot.test.context.filter.ExcludeFilterContextCustomizer@3f91b517, org.springframework.boot.test.json.DuplicateJsonObjectContextCustomizerFactory$DuplicateJsonObjectContextCustomizer@59a008ba, org.springframework.boot.test.mock.mockito.MockitoContextCustomizer@c36139f5], contextLoader = 'org.springframework.test.context.support.DelegatingSmartContextLoader', parent = [null]]].
23:36:54.361 [Test worker] DEBUG org.springframework.core.env.StandardEnvironment - Activating profiles []
23:36:54.361 [Test worker] DEBUG org.springframework.test.context.support.AnnotationConfigContextLoader - Registering component classes: {class org.waldreg.attendance.waiver.DefaultWaiverManager, class org.waldreg.attendance.rule.valid.AttendanceDateValidator}
23:36:54.362 [Test worker] DEBUG org.springframework.context.support.GenericApplicationContext - Refreshing org.springframework.context.support.GenericApplicationContext@2ec3633f
23:36:54.362 [Test worker] DEBUG org.springframework.beans.factory.support.DefaultListableBeanFactory - Creating shared instance of singleton bean 'org.springframework.context.annotation.internalConfigurationAnnotationProcessor'
23:36:54.362 [Test worker] DEBUG org.springframework.beans.factory.support.DefaultListableBeanFactory - Creating shared instance of singleton bean 'org.springframework.boot.test.mock.mockito.MockitoPostProcessor'
23:36:54.367 [Test worker] DEBUG org.springframework.beans.factory.support.DefaultListableBeanFactory - Creating shared instance of singleton bean 'org.springframework.context.event.internalEventListenerProcessor'
23:36:54.367 [Test worker] DEBUG org.springframework.beans.factory.support.DefaultListableBeanFactory - Creating shared instance of singleton bean 'org.springframework.context.event.internalEventListenerFactory'
23:36:54.367 [Test worker] DEBUG org.springframework.beans.factory.support.DefaultListableBeanFactory - Creating shared instance of singleton bean 'org.springframework.context.annotation.internalAutowiredAnnotationProcessor'
23:36:54.368 [Test worker] DEBUG org.springframework.beans.factory.support.DefaultListableBeanFactory - Creating shared instance of singleton bean 'org.springframework.context.annotation.internalCommonAnnotationProcessor'
23:36:54.368 [Test worker] DEBUG org.springframework.beans.factory.support.DefaultListableBeanFactory - Creating shared instance of singleton bean 'org.springframework.boot.test.mock.mockito.MockitoPostProcessor$SpyPostProcessor'
23:36:54.368 [Test worker] DEBUG org.springframework.beans.factory.support.DefaultListableBeanFactory - Creating shared instance of singleton bean 'defaultWaiverManager'
23:36:54.368 [Test worker] DEBUG org.springframework.beans.factory.support.DefaultListableBeanFactory - Creating shared instance of singleton bean 'attendanceDateValidator'
23:36:54.368 [Test worker] DEBUG org.springframework.beans.factory.support.DefaultListableBeanFactory - Autowiring by type from bean name 'defaultWaiverManager' via constructor to bean named 'attendanceDateValidator'
23:36:54.368 [Test worker] DEBUG org.springframework.beans.factory.support.DefaultListableBeanFactory - Autowiring by type from bean name 'defaultWaiverManager' via constructor to bean named 'org.waldreg.attendance.waiver.spi.WaiverRepository#0'
23:36:54.369 [Test worker] DEBUG org.springframework.test.context.cache.DefaultCacheAwareContextLoaderDelegate - Storing ApplicationContext [784556863] in cache under key [[MergedContextConfiguration@1f3165e7 testClass = WaiverTest, locations = '{}', classes = '{class org.waldreg.attendance.waiver.DefaultWaiverManager, class org.waldreg.attendance.rule.valid.AttendanceDateValidator}', contextInitializerClasses = '[]', activeProfiles = '{}', propertySourceLocations = '{}', propertySourceProperties = '{}', contextCustomizers = set[org.springframework.boot.test.autoconfigure.actuate.metrics.MetricsExportContextCustomizerFactory$DisableMetricExportContextCustomizer@5a3bc7ed, org.springframework.boot.test.autoconfigure.properties.PropertyMappingContextCustomizer@0, org.springframework.boot.test.autoconfigure.web.servlet.WebDriverContextCustomizerFactory$Customizer@68df9280, org.springframework.boot.test.context.filter.ExcludeFilterContextCustomizer@3f91b517, org.springframework.boot.test.json.DuplicateJsonObjectContextCustomizerFactory$DuplicateJsonObjectContextCustomizer@59a008ba, org.springframework.boot.test.mock.mockito.MockitoContextCustomizer@c36139f5], contextLoader = 'org.springframework.test.context.support.DelegatingSmartContextLoader', parent = [null]]]
23:36:54.369 [Test worker] DEBUG org.springframework.test.context.cache - Spring test ApplicationContext cache statistics: [DefaultContextCache@f3021cb size = 5, maxSize = 32, parentContextCount = 0, hitCount = 372, missCount = 5]
23:36:54.370 [Test worker] DEBUG org.springframework.test.context.support.DependencyInjectionTestExecutionListener - Performing dependency injection for test context [[DefaultTestContext@622fdb81 testClass = WaiverTest, testInstance = org.waldreg.attendance.waiver.WaiverTest@56afdf9a, testMethod = [null], testException = [null], mergedContextConfiguration = [MergedContextConfiguration@1f3165e7 testClass = WaiverTest, locations = '{}', classes = '{class org.waldreg.attendance.waiver.DefaultWaiverManager, class org.waldreg.attendance.rule.valid.AttendanceDateValidator}', contextInitializerClasses = '[]', activeProfiles = '{}', propertySourceLocations = '{}', propertySourceProperties = '{}', contextCustomizers = set[org.springframework.boot.test.autoconfigure.actuate.metrics.MetricsExportContextCustomizerFactory$DisableMetricExportContextCustomizer@5a3bc7ed, org.springframework.boot.test.autoconfigure.properties.PropertyMappingContextCustomizer@0, org.springframework.boot.test.autoconfigure.web.servlet.WebDriverContextCustomizerFactory$Customizer@68df9280, org.springframework.boot.test.context.filter.ExcludeFilterContextCustomizer@3f91b517, org.springframework.boot.test.json.DuplicateJsonObjectContextCustomizerFactory$DuplicateJsonObjectContextCustomizer@59a008ba, org.springframework.boot.test.mock.mockito.MockitoContextCustomizer@c36139f5], contextLoader = 'org.springframework.test.context.support.DelegatingSmartContextLoader', parent = [null]], attributes = map['org.springframework.test.context.event.ApplicationEventsTestExecutionListener.recordApplicationEvents' -> false]]].
23:36:54.370 [Test worker] DEBUG org.springframework.test.context.cache.DefaultCacheAwareContextLoaderDelegate - Retrieved ApplicationContext [784556863] from cache with key [[MergedContextConfiguration@1f3165e7 testClass = WaiverTest, locations = '{}', classes = '{class org.waldreg.attendance.waiver.DefaultWaiverManager, class org.waldreg.attendance.rule.valid.AttendanceDateValidator}', contextInitializerClasses = '[]', activeProfiles = '{}', propertySourceLocations = '{}', propertySourceProperties = '{}', contextCustomizers = set[org.springframework.boot.test.autoconfigure.actuate.metrics.MetricsExportContextCustomizerFactory$DisableMetricExportContextCustomizer@5a3bc7ed, org.springframework.boot.test.autoconfigure.properties.PropertyMappingContextCustomizer@0, org.springframework.boot.test.autoconfigure.web.servlet.WebDriverContextCustomizerFactory$Customizer@68df9280, org.springframework.boot.test.context.filter.ExcludeFilterContextCustomizer@3f91b517, org.springframework.boot.test.json.DuplicateJsonObjectContextCustomizerFactory$DuplicateJsonObjectContextCustomizer@59a008ba, org.springframework.boot.test.mock.mockito.MockitoContextCustomizer@c36139f5], contextLoader = 'org.springframework.test.context.support.DelegatingSmartContextLoader', parent = [null]]]
23:36:54.370 [Test worker] DEBUG org.springframework.test.context.cache - Spring test ApplicationContext cache statistics: [DefaultContextCache@f3021cb size = 5, maxSize = 32, parentContextCount = 0, hitCount = 373, missCount = 5]
23:36:54.370 [Test worker] DEBUG org.springframework.test.context.cache.DefaultCacheAwareContextLoaderDelegate - Retrieved ApplicationContext [784556863] from cache with key [[MergedContextConfiguration@1f3165e7 testClass = WaiverTest, locations = '{}', classes = '{class org.waldreg.attendance.waiver.DefaultWaiverManager, class org.waldreg.attendance.rule.valid.AttendanceDateValidator}', contextInitializerClasses = '[]', activeProfiles = '{}', propertySourceLocations = '{}', propertySourceProperties = '{}', contextCustomizers = set[org.springframework.boot.test.autoconfigure.actuate.metrics.MetricsExportContextCustomizerFactory$DisableMetricExportContextCustomizer@5a3bc7ed, org.springframework.boot.test.autoconfigure.properties.PropertyMappingContextCustomizer@0, org.springframework.boot.test.autoconfigure.web.servlet.WebDriverContextCustomizerFactory$Customizer@68df9280, org.springframework.boot.test.context.filter.ExcludeFilterContextCustomizer@3f91b517, org.springframework.boot.test.json.DuplicateJsonObjectContextCustomizerFactory$DuplicateJsonObjectContextCustomizer@59a008ba, org.springframework.boot.test.mock.mockito.MockitoContextCustomizer@c36139f5], contextLoader = 'org.springframework.test.context.support.DelegatingSmartContextLoader', parent = [null]]]
23:36:54.370 [Test worker] DEBUG org.springframework.test.context.cache - Spring test ApplicationContext cache statistics: [DefaultContextCache@f3021cb size = 5, maxSize = 32, parentContextCount = 0, hitCount = 374, missCount = 5]
23:36:54.371 [Test worker] DEBUG org.springframework.test.context.support.AbstractDirtiesContextTestExecutionListener - Before test method: context [DefaultTestContext@622fdb81 testClass = WaiverTest, testInstance = org.waldreg.attendance.waiver.WaiverTest@56afdf9a, testMethod = CREATE_NEW_WAIVER_FAIL_INVALID_WAIVER_DATE_TEST@WaiverTest, testException = [null], mergedContextConfiguration = [MergedContextConfiguration@1f3165e7 testClass = WaiverTest, locations = '{}', classes = '{class org.waldreg.attendance.waiver.DefaultWaiverManager, class org.waldreg.attendance.rule.valid.AttendanceDateValidator}', contextInitializerClasses = '[]', activeProfiles = '{}', propertySourceLocations = '{}', propertySourceProperties = '{}', contextCustomizers = set[org.springframework.boot.test.autoconfigure.actuate.metrics.MetricsExportContextCustomizerFactory$DisableMetricExportContextCustomizer@5a3bc7ed, org.springframework.boot.test.autoconfigure.properties.PropertyMappingContextCustomizer@0, org.springframework.boot.test.autoconfigure.web.servlet.WebDriverContextCustomizerFactory$Customizer@68df9280, org.springframework.boot.test.context.filter.ExcludeFilterContextCustomizer@3f91b517, org.springframework.boot.test.json.DuplicateJsonObjectContextCustomizerFactory$DuplicateJsonObjectContextCustomizer@59a008ba, org.springframework.boot.test.mock.mockito.MockitoContextCustomizer@c36139f5], contextLoader = 'org.springframework.test.context.support.DelegatingSmartContextLoader', parent = [null]], attributes = map['org.springframework.test.context.event.ApplicationEventsTestExecutionListener.recordApplicationEvents' -> false]], class annotated with @DirtiesContext [false] with mode [null], method annotated with @DirtiesContext [false] with mode [null].
23:36:54.371 [Test worker] DEBUG org.springframework.test.context.cache.DefaultCacheAwareContextLoaderDelegate - Retrieved ApplicationContext [784556863] from cache with key [[MergedContextConfiguration@1f3165e7 testClass = WaiverTest, locations = '{}', classes = '{class org.waldreg.attendance.waiver.DefaultWaiverManager, class org.waldreg.attendance.rule.valid.AttendanceDateValidator}', contextInitializerClasses = '[]', activeProfiles = '{}', propertySourceLocations = '{}', propertySourceProperties = '{}', contextCustomizers = set[org.springframework.boot.test.autoconfigure.actuate.metrics.MetricsExportContextCustomizerFactory$DisableMetricExportContextCustomizer@5a3bc7ed, org.springframework.boot.test.autoconfigure.properties.PropertyMappingContextCustomizer@0, org.springframework.boot.test.autoconfigure.web.servlet.WebDriverContextCustomizerFactory$Customizer@68df9280, org.springframework.boot.test.context.filter.ExcludeFilterContextCustomizer@3f91b517, org.springframework.boot.test.json.DuplicateJsonObjectContextCustomizerFactory$DuplicateJsonObjectContextCustomizer@59a008ba, org.springframework.boot.test.mock.mockito.MockitoContextCustomizer@c36139f5], contextLoader = 'org.springframework.test.context.support.DelegatingSmartContextLoader', parent = [null]]]
23:36:54.371 [Test worker] DEBUG org.springframework.test.context.cache - Spring test ApplicationContext cache statistics: [DefaultContextCache@f3021cb size = 5, maxSize = 32, parentContextCount = 0, hitCount = 375, missCount = 5]
23:36:54.371 [Test worker] DEBUG org.springframework.test.context.cache.DefaultCacheAwareContextLoaderDelegate - Retrieved ApplicationContext [784556863] from cache with key [[MergedContextConfiguration@1f3165e7 testClass = WaiverTest, locations = '{}', classes = '{class org.waldreg.attendance.waiver.DefaultWaiverManager, class org.waldreg.attendance.rule.valid.AttendanceDateValidator}', contextInitializerClasses = '[]', activeProfiles = '{}', propertySourceLocations = '{}', propertySourceProperties = '{}', contextCustomizers = set[org.springframework.boot.test.autoconfigure.actuate.metrics.MetricsExportContextCustomizerFactory$DisableMetricExportContextCustomizer@5a3bc7ed, org.springframework.boot.test.autoconfigure.properties.PropertyMappingContextCustomizer@0, org.springframework.boot.test.autoconfigure.web.servlet.WebDriverContextCustomizerFactory$Customizer@68df9280, org.springframework.boot.test.context.filter.ExcludeFilterContextCustomizer@3f91b517, org.springframework.boot.test.json.DuplicateJsonObjectContextCustomizerFactory$DuplicateJsonObjectContextCustomizer@59a008ba, org.springframework.boot.test.mock.mockito.MockitoContextCustomizer@c36139f5], contextLoader = 'org.springframework.test.context.support.DelegatingSmartContextLoader', parent = [null]]]
23:36:54.371 [Test worker] DEBUG org.springframework.test.context.cache - Spring test ApplicationContext cache statistics: [DefaultContextCache@f3021cb size = 5, maxSize = 32, parentContextCount = 0, hitCount = 376, missCount = 5]
23:36:54.371 [Test worker] DEBUG org.springframework.test.context.cache.DefaultCacheAwareContextLoaderDelegate - Retrieved ApplicationContext [784556863] from cache with key [[MergedContextConfiguration@1f3165e7 testClass = WaiverTest, locations = '{}', classes = '{class org.waldreg.attendance.waiver.DefaultWaiverManager, class org.waldreg.attendance.rule.valid.AttendanceDateValidator}', contextInitializerClasses = '[]', activeProfiles = '{}', propertySourceLocations = '{}', propertySourceProperties = '{}', contextCustomizers = set[org.springframework.boot.test.autoconfigure.actuate.metrics.MetricsExportContextCustomizerFactory$DisableMetricExportContextCustomizer@5a3bc7ed, org.springframework.boot.test.autoconfigure.properties.PropertyMappingContextCustomizer@0, org.springframework.boot.test.autoconfigure.web.servlet.WebDriverContextCustomizerFactory$Customizer@68df9280, org.springframework.boot.test.context.filter.ExcludeFilterContextCustomizer@3f91b517, org.springframework.boot.test.json.DuplicateJsonObjectContextCustomizerFactory$DuplicateJsonObjectContextCustomizer@59a008ba, org.springframework.boot.test.mock.mockito.MockitoContextCustomizer@c36139f5], contextLoader = 'org.springframework.test.context.support.DelegatingSmartContextLoader', parent = [null]]]
23:36:54.371 [Test worker] DEBUG org.springframework.test.context.cache - Spring test ApplicationContext cache statistics: [DefaultContextCache@f3021cb size = 5, maxSize = 32, parentContextCount = 0, hitCount = 377, missCount = 5]
23:36:54.371 [Test worker] DEBUG org.springframework.test.context.cache.DefaultCacheAwareContextLoaderDelegate - Retrieved ApplicationContext [784556863] from cache with key [[MergedContextConfiguration@1f3165e7 testClass = WaiverTest, locations = '{}', classes = '{class org.waldreg.attendance.waiver.DefaultWaiverManager, class org.waldreg.attendance.rule.valid.AttendanceDateValidator}', contextInitializerClasses = '[]', activeProfiles = '{}', propertySourceLocations = '{}', propertySourceProperties = '{}', contextCustomizers = set[org.springframework.boot.test.autoconfigure.actuate.metrics.MetricsExportContextCustomizerFactory$DisableMetricExportContextCustomizer@5a3bc7ed, org.springframework.boot.test.autoconfigure.properties.PropertyMappingContextCustomizer@0, org.springframework.boot.test.autoconfigure.web.servlet.WebDriverContextCustomizerFactory$Customizer@68df9280, org.springframework.boot.test.context.filter.ExcludeFilterContextCustomizer@3f91b517, org.springframework.boot.test.json.DuplicateJsonObjectContextCustomizerFactory$DuplicateJsonObjectContextCustomizer@59a008ba, org.springframework.boot.test.mock.mockito.MockitoContextCustomizer@c36139f5], contextLoader = 'org.springframework.test.context.support.DelegatingSmartContextLoader', parent = [null]]]
23:36:54.371 [Test worker] DEBUG org.springframework.test.context.cache - Spring test ApplicationContext cache statistics: [DefaultContextCache@f3021cb size = 5, maxSize = 32, parentContextCount = 0, hitCount = 378, missCount = 5]
23:36:54.371 [Test worker] DEBUG org.springframework.test.context.cache.DefaultCacheAwareContextLoaderDelegate - Retrieved ApplicationContext [784556863] from cache with key [[MergedContextConfiguration@1f3165e7 testClass = WaiverTest, locations = '{}', classes = '{class org.waldreg.attendance.waiver.DefaultWaiverManager, class org.waldreg.attendance.rule.valid.AttendanceDateValidator}', contextInitializerClasses = '[]', activeProfiles = '{}', propertySourceLocations = '{}', propertySourceProperties = '{}', contextCustomizers = set[org.springframework.boot.test.autoconfigure.actuate.metrics.MetricsExportContextCustomizerFactory$DisableMetricExportContextCustomizer@5a3bc7ed, org.springframework.boot.test.autoconfigure.properties.PropertyMappingContextCustomizer@0, org.springframework.boot.test.autoconfigure.web.servlet.WebDriverContextCustomizerFactory$Customizer@68df9280, org.springframework.boot.test.context.filter.ExcludeFilterContextCustomizer@3f91b517, org.springframework.boot.test.json.DuplicateJsonObjectContextCustomizerFactory$DuplicateJsonObjectContextCustomizer@59a008ba, org.springframework.boot.test.mock.mockito.MockitoContextCustomizer@c36139f5], contextLoader = 'org.springframework.test.context.support.DelegatingSmartContextLoader', parent = [null]]]
23:36:54.371 [Test worker] DEBUG org.springframework.test.context.cache - Spring test ApplicationContext cache statistics: [DefaultContextCache@f3021cb size = 5, maxSize = 32, parentContextCount = 0, hitCount = 379, missCount = 5]
23:36:54.371 [Test worker] DEBUG org.springframework.test.context.cache.DefaultCacheAwareContextLoaderDelegate - Retrieved ApplicationContext [784556863] from cache with key [[MergedContextConfiguration@1f3165e7 testClass = WaiverTest, locations = '{}', classes = '{class org.waldreg.attendance.waiver.DefaultWaiverManager, class org.waldreg.attendance.rule.valid.AttendanceDateValidator}', contextInitializerClasses = '[]', activeProfiles = '{}', propertySourceLocations = '{}', propertySourceProperties = '{}', contextCustomizers = set[org.springframework.boot.test.autoconfigure.actuate.metrics.MetricsExportContextCustomizerFactory$DisableMetricExportContextCustomizer@5a3bc7ed, org.springframework.boot.test.autoconfigure.properties.PropertyMappingContextCustomizer@0, org.springframework.boot.test.autoconfigure.web.servlet.WebDriverContextCustomizerFactory$Customizer@68df9280, org.springframework.boot.test.context.filter.ExcludeFilterContextCustomizer@3f91b517, org.springframework.boot.test.json.DuplicateJsonObjectContextCustomizerFactory$DuplicateJsonObjectContextCustomizer@59a008ba, org.springframework.boot.test.mock.mockito.MockitoContextCustomizer@c36139f5], contextLoader = 'org.springframework.test.context.support.DelegatingSmartContextLoader', parent = [null]]]
23:36:54.371 [Test worker] DEBUG org.springframework.test.context.cache - Spring test ApplicationContext cache statistics: [DefaultContextCache@f3021cb size = 5, maxSize = 32, parentContextCount = 0, hitCount = 380, missCount = 5]
23:36:54.371 [Test worker] DEBUG org.springframework.test.context.cache.DefaultCacheAwareContextLoaderDelegate - Retrieved ApplicationContext [784556863] from cache with key [[MergedContextConfiguration@1f3165e7 testClass = WaiverTest, locations = '{}', classes = '{class org.waldreg.attendance.waiver.DefaultWaiverManager, class org.waldreg.attendance.rule.valid.AttendanceDateValidator}', contextInitializerClasses = '[]', activeProfiles = '{}', propertySourceLocations = '{}', propertySourceProperties = '{}', contextCustomizers = set[org.springframework.boot.test.autoconfigure.actuate.metrics.MetricsExportContextCustomizerFactory$DisableMetricExportContextCustomizer@5a3bc7ed, org.springframework.boot.test.autoconfigure.properties.PropertyMappingContextCustomizer@0, org.springframework.boot.test.autoconfigure.web.servlet.WebDriverContextCustomizerFactory$Customizer@68df9280, org.springframework.boot.test.context.filter.ExcludeFilterContextCustomizer@3f91b517, org.springframework.boot.test.json.DuplicateJsonObjectContextCustomizerFactory$DuplicateJsonObjectContextCustomizer@59a008ba, org.springframework.boot.test.mock.mockito.MockitoContextCustomizer@c36139f5], contextLoader = 'org.springframework.test.context.support.DelegatingSmartContextLoader', parent = [null]]]
23:36:54.371 [Test worker] DEBUG org.springframework.test.context.cache - Spring test ApplicationContext cache statistics: [DefaultContextCache@f3021cb size = 5, maxSize = 32, parentContextCount = 0, hitCount = 381, missCount = 5]
23:36:54.371 [Test worker] DEBUG org.springframework.test.context.cache.DefaultCacheAwareContextLoaderDelegate - Retrieved ApplicationContext [784556863] from cache with key [[MergedContextConfiguration@1f3165e7 testClass = WaiverTest, locations = '{}', classes = '{class org.waldreg.attendance.waiver.DefaultWaiverManager, class org.waldreg.attendance.rule.valid.AttendanceDateValidator}', contextInitializerClasses = '[]', activeProfiles = '{}', propertySourceLocations = '{}', propertySourceProperties = '{}', contextCustomizers = set[org.springframework.boot.test.autoconfigure.actuate.metrics.MetricsExportContextCustomizerFactory$DisableMetricExportContextCustomizer@5a3bc7ed, org.springframework.boot.test.autoconfigure.properties.PropertyMappingContextCustomizer@0, org.springframework.boot.test.autoconfigure.web.servlet.WebDriverContextCustomizerFactory$Customizer@68df9280, org.springframework.boot.test.context.filter.ExcludeFilterContextCustomizer@3f91b517, org.springframework.boot.test.json.DuplicateJsonObjectContextCustomizerFactory$DuplicateJsonObjectContextCustomizer@59a008ba, org.springframework.boot.test.mock.mockito.MockitoContextCustomizer@c36139f5], contextLoader = 'org.springframework.test.context.support.DelegatingSmartContextLoader', parent = [null]]]
23:36:54.371 [Test worker] DEBUG org.springframework.test.context.cache - Spring test ApplicationContext cache statistics: [DefaultContextCache@f3021cb size = 5, maxSize = 32, parentContextCount = 0, hitCount = 382, missCount = 5]
23:36:54.372 [Test worker] DEBUG org.springframework.test.context.cache.DefaultCacheAwareContextLoaderDelegate - Retrieved ApplicationContext [784556863] from cache with key [[MergedContextConfiguration@1f3165e7 testClass = WaiverTest, locations = '{}', classes = '{class org.waldreg.attendance.waiver.DefaultWaiverManager, class org.waldreg.attendance.rule.valid.AttendanceDateValidator}', contextInitializerClasses = '[]', activeProfiles = '{}', propertySourceLocations = '{}', propertySourceProperties = '{}', contextCustomizers = set[org.springframework.boot.test.autoconfigure.actuate.metrics.MetricsExportContextCustomizerFactory$DisableMetricExportContextCustomizer@5a3bc7ed, org.springframework.boot.test.autoconfigure.properties.PropertyMappingContextCustomizer@0, org.springframework.boot.test.autoconfigure.web.servlet.WebDriverContextCustomizerFactory$Customizer@68df9280, org.springframework.boot.test.context.filter.ExcludeFilterContextCustomizer@3f91b517, org.springframework.boot.test.json.DuplicateJsonObjectContextCustomizerFactory$DuplicateJsonObjectContextCustomizer@59a008ba, org.springframework.boot.test.mock.mockito.MockitoContextCustomizer@c36139f5], contextLoader = 'org.springframework.test.context.support.DelegatingSmartContextLoader', parent = [null]]]
23:36:54.372 [Test worker] DEBUG org.springframework.test.context.cache - Spring test ApplicationContext cache statistics: [DefaultContextCache@f3021cb size = 5, maxSize = 32, parentContextCount = 0, hitCount = 383, missCount = 5]
23:36:54.372 [Test worker] DEBUG org.springframework.test.context.support.AbstractDirtiesContextTestExecutionListener - After test method: context [DefaultTestContext@622fdb81 testClass = WaiverTest, testInstance = org.waldreg.attendance.waiver.WaiverTest@56afdf9a, testMethod = CREATE_NEW_WAIVER_FAIL_INVALID_WAIVER_DATE_TEST@WaiverTest, testException = [null], mergedContextConfiguration = [MergedContextConfiguration@1f3165e7 testClass = WaiverTest, locations = '{}', classes = '{class org.waldreg.attendance.waiver.DefaultWaiverManager, class org.waldreg.attendance.rule.valid.AttendanceDateValidator}', contextInitializerClasses = '[]', activeProfiles = '{}', propertySourceLocations = '{}', propertySourceProperties = '{}', contextCustomizers = set[org.springframework.boot.test.autoconfigure.actuate.metrics.MetricsExportContextCustomizerFactory$DisableMetricExportContextCustomizer@5a3bc7ed, org.springframework.boot.test.autoconfigure.properties.PropertyMappingContextCustomizer@0, org.springframework.boot.test.autoconfigure.web.servlet.WebDriverContextCustomizerFactory$Customizer@68df9280, org.springframework.boot.test.context.filter.ExcludeFilterContextCustomizer@3f91b517, org.springframework.boot.test.json.DuplicateJsonObjectContextCustomizerFactory$DuplicateJsonObjectContextCustomizer@59a008ba, org.springframework.boot.test.mock.mockito.MockitoContextCustomizer@c36139f5], contextLoader = 'org.springframework.test.context.support.DelegatingSmartContextLoader', parent = [null]], attributes = map['org.springframework.test.context.event.ApplicationEventsTestExecutionListener.recordApplicationEvents' -> false]], class annotated with @DirtiesContext [false] with mode [null], method annotated with @DirtiesContext [false] with mode [null].
23:36:54.372 [Test worker] DEBUG org.springframework.test.context.cache.DefaultCacheAwareContextLoaderDelegate - Retrieved ApplicationContext [784556863] from cache with key [[MergedContextConfiguration@1f3165e7 testClass = WaiverTest, locations = '{}', classes = '{class org.waldreg.attendance.waiver.DefaultWaiverManager, class org.waldreg.attendance.rule.valid.AttendanceDateValidator}', contextInitializerClasses = '[]', activeProfiles = '{}', propertySourceLocations = '{}', propertySourceProperties = '{}', contextCustomizers = set[org.springframework.boot.test.autoconfigure.actuate.metrics.MetricsExportContextCustomizerFactory$DisableMetricExportContextCustomizer@5a3bc7ed, org.springframework.boot.test.autoconfigure.properties.PropertyMappingContextCustomizer@0, org.springframework.boot.test.autoconfigure.web.servlet.WebDriverContextCustomizerFactory$Customizer@68df9280, org.springframework.boot.test.context.filter.ExcludeFilterContextCustomizer@3f91b517, org.springframework.boot.test.json.DuplicateJsonObjectContextCustomizerFactory$DuplicateJsonObjectContextCustomizer@59a008ba, org.springframework.boot.test.mock.mockito.MockitoContextCustomizer@c36139f5], contextLoader = 'org.springframework.test.context.support.DelegatingSmartContextLoader', parent = [null]]]
23:36:54.372 [Test worker] DEBUG org.springframework.test.context.cache - Spring test ApplicationContext cache statistics: [DefaultContextCache@f3021cb size = 5, maxSize = 32, parentContextCount = 0, hitCount = 384, missCount = 5]
23:36:54.372 [Test worker] DEBUG org.springframework.test.context.support.DependencyInjectionTestExecutionListener - Performing dependency injection for test context [[DefaultTestContext@622fdb81 testClass = WaiverTest, testInstance = org.waldreg.attendance.waiver.WaiverTest@1a0b5323, testMethod = [null], testException = [null], mergedContextConfiguration = [MergedContextConfiguration@1f3165e7 testClass = WaiverTest, locations = '{}', classes = '{class org.waldreg.attendance.waiver.DefaultWaiverManager, class org.waldreg.attendance.rule.valid.AttendanceDateValidator}', contextInitializerClasses = '[]', activeProfiles = '{}', propertySourceLocations = '{}', propertySourceProperties = '{}', contextCustomizers = set[org.springframework.boot.test.autoconfigure.actuate.metrics.MetricsExportContextCustomizerFactory$DisableMetricExportContextCustomizer@5a3bc7ed, org.springframework.boot.test.autoconfigure.properties.PropertyMappingContextCustomizer@0, org.springframework.boot.test.autoconfigure.web.servlet.WebDriverContextCustomizerFactory$Customizer@68df9280, org.springframework.boot.test.context.filter.ExcludeFilterContextCustomizer@3f91b517, org.springframework.boot.test.json.DuplicateJsonObjectContextCustomizerFactory$DuplicateJsonObjectContextCustomizer@59a008ba, org.springframework.boot.test.mock.mockito.MockitoContextCustomizer@c36139f5], contextLoader = 'org.springframework.test.context.support.DelegatingSmartContextLoader', parent = [null]], attributes = map['org.springframework.test.context.event.ApplicationEventsTestExecutionListener.recordApplicationEvents' -> false]]].
23:36:54.372 [Test worker] DEBUG org.springframework.test.context.cache.DefaultCacheAwareContextLoaderDelegate - Retrieved ApplicationContext [784556863] from cache with key [[MergedContextConfiguration@1f3165e7 testClass = WaiverTest, locations = '{}', classes = '{class org.waldreg.attendance.waiver.DefaultWaiverManager, class org.waldreg.attendance.rule.valid.AttendanceDateValidator}', contextInitializerClasses = '[]', activeProfiles = '{}', propertySourceLocations = '{}', propertySourceProperties = '{}', contextCustomizers = set[org.springframework.boot.test.autoconfigure.actuate.metrics.MetricsExportContextCustomizerFactory$DisableMetricExportContextCustomizer@5a3bc7ed, org.springframework.boot.test.autoconfigure.properties.PropertyMappingContextCustomizer@0, org.springframework.boot.test.autoconfigure.web.servlet.WebDriverContextCustomizerFactory$Customizer@68df9280, org.springframework.boot.test.context.filter.ExcludeFilterContextCustomizer@3f91b517, org.springframework.boot.test.json.DuplicateJsonObjectContextCustomizerFactory$DuplicateJsonObjectContextCustomizer@59a008ba, org.springframework.boot.test.mock.mockito.MockitoContextCustomizer@c36139f5], contextLoader = 'org.springframework.test.context.support.DelegatingSmartContextLoader', parent = [null]]]
23:36:54.372 [Test worker] DEBUG org.springframework.test.context.cache - Spring test ApplicationContext cache statistics: [DefaultContextCache@f3021cb size = 5, maxSize = 32, parentContextCount = 0, hitCount = 385, missCount = 5]
23:36:54.372 [Test worker] DEBUG org.springframework.test.context.cache.DefaultCacheAwareContextLoaderDelegate - Retrieved ApplicationContext [784556863] from cache with key [[MergedContextConfiguration@1f3165e7 testClass = WaiverTest, locations = '{}', classes = '{class org.waldreg.attendance.waiver.DefaultWaiverManager, class org.waldreg.attendance.rule.valid.AttendanceDateValidator}', contextInitializerClasses = '[]', activeProfiles = '{}', propertySourceLocations = '{}', propertySourceProperties = '{}', contextCustomizers = set[org.springframework.boot.test.autoconfigure.actuate.metrics.MetricsExportContextCustomizerFactory$DisableMetricExportContextCustomizer@5a3bc7ed, org.springframework.boot.test.autoconfigure.properties.PropertyMappingContextCustomizer@0, org.springframework.boot.test.autoconfigure.web.servlet.WebDriverContextCustomizerFactory$Customizer@68df9280, org.springframework.boot.test.context.filter.ExcludeFilterContextCustomizer@3f91b517, org.springframework.boot.test.json.DuplicateJsonObjectContextCustomizerFactory$DuplicateJsonObjectContextCustomizer@59a008ba, org.springframework.boot.test.mock.mockito.MockitoContextCustomizer@c36139f5], contextLoader = 'org.springframework.test.context.support.DelegatingSmartContextLoader', parent = [null]]]
23:36:54.372 [Test worker] DEBUG org.springframework.test.context.cache - Spring test ApplicationContext cache statistics: [DefaultContextCache@f3021cb size = 5, maxSize = 32, parentContextCount = 0, hitCount = 386, missCount = 5]
23:36:54.372 [Test worker] DEBUG org.springframework.test.context.support.AbstractDirtiesContextTestExecutionListener - Before test method: context [DefaultTestContext@622fdb81 testClass = WaiverTest, testInstance = org.waldreg.attendance.waiver.WaiverTest@1a0b5323, testMethod = ACCEPT_ATTENDANCE_WAIVER_SUCCESS_TEST@WaiverTest, testException = [null], mergedContextConfiguration = [MergedContextConfiguration@1f3165e7 testClass = WaiverTest, locations = '{}', classes = '{class org.waldreg.attendance.waiver.DefaultWaiverManager, class org.waldreg.attendance.rule.valid.AttendanceDateValidator}', contextInitializerClasses = '[]', activeProfiles = '{}', propertySourceLocations = '{}', propertySourceProperties = '{}', contextCustomizers = set[org.springframework.boot.test.autoconfigure.actuate.metrics.MetricsExportContextCustomizerFactory$DisableMetricExportContextCustomizer@5a3bc7ed, org.springframework.boot.test.autoconfigure.properties.PropertyMappingContextCustomizer@0, org.springframework.boot.test.autoconfigure.web.servlet.WebDriverContextCustomizerFactory$Customizer@68df9280, org.springframework.boot.test.context.filter.ExcludeFilterContextCustomizer@3f91b517, org.springframework.boot.test.json.DuplicateJsonObjectContextCustomizerFactory$DuplicateJsonObjectContextCustomizer@59a008ba, org.springframework.boot.test.mock.mockito.MockitoContextCustomizer@c36139f5], contextLoader = 'org.springframework.test.context.support.DelegatingSmartContextLoader', parent = [null]], attributes = map['org.springframework.test.context.event.ApplicationEventsTestExecutionListener.recordApplicationEvents' -> false]], class annotated with @DirtiesContext [false] with mode [null], method annotated with @DirtiesContext [false] with mode [null].
23:36:54.373 [Test worker] DEBUG org.springframework.test.context.cache.DefaultCacheAwareContextLoaderDelegate - Retrieved ApplicationContext [784556863] from cache with key [[MergedContextConfiguration@1f3165e7 testClass = WaiverTest, locations = '{}', classes = '{class org.waldreg.attendance.waiver.DefaultWaiverManager, class org.waldreg.attendance.rule.valid.AttendanceDateValidator}', contextInitializerClasses = '[]', activeProfiles = '{}', propertySourceLocations = '{}', propertySourceProperties = '{}', contextCustomizers = set[org.springframework.boot.test.autoconfigure.actuate.metrics.MetricsExportContextCustomizerFactory$DisableMetricExportContextCustomizer@5a3bc7ed, org.springframework.boot.test.autoconfigure.properties.PropertyMappingContextCustomizer@0, org.springframework.boot.test.autoconfigure.web.servlet.WebDriverContextCustomizerFactory$Customizer@68df9280, org.springframework.boot.test.context.filter.ExcludeFilterContextCustomizer@3f91b517, org.springframework.boot.test.json.DuplicateJsonObjectContextCustomizerFactory$DuplicateJsonObjectContextCustomizer@59a008ba, org.springframework.boot.test.mock.mockito.MockitoContextCustomizer@c36139f5], contextLoader = 'org.springframework.test.context.support.DelegatingSmartContextLoader', parent = [null]]]
23:36:54.373 [Test worker] DEBUG org.springframework.test.context.cache - Spring test ApplicationContext cache statistics: [DefaultContextCache@f3021cb size = 5, maxSize = 32, parentContextCount = 0, hitCount = 387, missCount = 5]
23:36:54.373 [Test worker] DEBUG org.springframework.test.context.cache.DefaultCacheAwareContextLoaderDelegate - Retrieved ApplicationContext [784556863] from cache with key [[MergedContextConfiguration@1f3165e7 testClass = WaiverTest, locations = '{}', classes = '{class org.waldreg.attendance.waiver.DefaultWaiverManager, class org.waldreg.attendance.rule.valid.AttendanceDateValidator}', contextInitializerClasses = '[]', activeProfiles = '{}', propertySourceLocations = '{}', propertySourceProperties = '{}', contextCustomizers = set[org.springframework.boot.test.autoconfigure.actuate.metrics.MetricsExportContextCustomizerFactory$DisableMetricExportContextCustomizer@5a3bc7ed, org.springframework.boot.test.autoconfigure.properties.PropertyMappingContextCustomizer@0, org.springframework.boot.test.autoconfigure.web.servlet.WebDriverContextCustomizerFactory$Customizer@68df9280, org.springframework.boot.test.context.filter.ExcludeFilterContextCustomizer@3f91b517, org.springframework.boot.test.json.DuplicateJsonObjectContextCustomizerFactory$DuplicateJsonObjectContextCustomizer@59a008ba, org.springframework.boot.test.mock.mockito.MockitoContextCustomizer@c36139f5], contextLoader = 'org.springframework.test.context.support.DelegatingSmartContextLoader', parent = [null]]]
23:36:54.373 [Test worker] DEBUG org.springframework.test.context.cache - Spring test ApplicationContext cache statistics: [DefaultContextCache@f3021cb size = 5, maxSize = 32, parentContextCount = 0, hitCount = 388, missCount = 5]
23:36:54.373 [Test worker] DEBUG org.springframework.test.context.cache.DefaultCacheAwareContextLoaderDelegate - Retrieved ApplicationContext [784556863] from cache with key [[MergedContextConfiguration@1f3165e7 testClass = WaiverTest, locations = '{}', classes = '{class org.waldreg.attendance.waiver.DefaultWaiverManager, class org.waldreg.attendance.rule.valid.AttendanceDateValidator}', contextInitializerClasses = '[]', activeProfiles = '{}', propertySourceLocations = '{}', propertySourceProperties = '{}', contextCustomizers = set[org.springframework.boot.test.autoconfigure.actuate.metrics.MetricsExportContextCustomizerFactory$DisableMetricExportContextCustomizer@5a3bc7ed, org.springframework.boot.test.autoconfigure.properties.PropertyMappingContextCustomizer@0, org.springframework.boot.test.autoconfigure.web.servlet.WebDriverContextCustomizerFactory$Customizer@68df9280, org.springframework.boot.test.context.filter.ExcludeFilterContextCustomizer@3f91b517, org.springframework.boot.test.json.DuplicateJsonObjectContextCustomizerFactory$DuplicateJsonObjectContextCustomizer@59a008ba, org.springframework.boot.test.mock.mockito.MockitoContextCustomizer@c36139f5], contextLoader = 'org.springframework.test.context.support.DelegatingSmartContextLoader', parent = [null]]]
23:36:54.373 [Test worker] DEBUG org.springframework.test.context.cache - Spring test ApplicationContext cache statistics: [DefaultContextCache@f3021cb size = 5, maxSize = 32, parentContextCount = 0, hitCount = 389, missCount = 5]
23:36:54.374 [Test worker] DEBUG org.springframework.test.context.cache.DefaultCacheAwareContextLoaderDelegate - Retrieved ApplicationContext [784556863] from cache with key [[MergedContextConfiguration@1f3165e7 testClass = WaiverTest, locations = '{}', classes = '{class org.waldreg.attendance.waiver.DefaultWaiverManager, class org.waldreg.attendance.rule.valid.AttendanceDateValidator}', contextInitializerClasses = '[]', activeProfiles = '{}', propertySourceLocations = '{}', propertySourceProperties = '{}', contextCustomizers = set[org.springframework.boot.test.autoconfigure.actuate.metrics.MetricsExportContextCustomizerFactory$DisableMetricExportContextCustomizer@5a3bc7ed, org.springframework.boot.test.autoconfigure.properties.PropertyMappingContextCustomizer@0, org.springframework.boot.test.autoconfigure.web.servlet.WebDriverContextCustomizerFactory$Customizer@68df9280, org.springframework.boot.test.context.filter.ExcludeFilterContextCustomizer@3f91b517, org.springframework.boot.test.json.DuplicateJsonObjectContextCustomizerFactory$DuplicateJsonObjectContextCustomizer@59a008ba, org.springframework.boot.test.mock.mockito.MockitoContextCustomizer@c36139f5], contextLoader = 'org.springframework.test.context.support.DelegatingSmartContextLoader', parent = [null]]]
23:36:54.374 [Test worker] DEBUG org.springframework.test.context.cache - Spring test ApplicationContext cache statistics: [DefaultContextCache@f3021cb size = 5, maxSize = 32, parentContextCount = 0, hitCount = 390, missCount = 5]
23:36:54.374 [Test worker] DEBUG org.springframework.test.context.cache.DefaultCacheAwareContextLoaderDelegate - Retrieved ApplicationContext [784556863] from cache with key [[MergedContextConfiguration@1f3165e7 testClass = WaiverTest, locations = '{}', classes = '{class org.waldreg.attendance.waiver.DefaultWaiverManager, class org.waldreg.attendance.rule.valid.AttendanceDateValidator}', contextInitializerClasses = '[]', activeProfiles = '{}', propertySourceLocations = '{}', propertySourceProperties = '{}', contextCustomizers = set[org.springframework.boot.test.autoconfigure.actuate.metrics.MetricsExportContextCustomizerFactory$DisableMetricExportContextCustomizer@5a3bc7ed, org.springframework.boot.test.autoconfigure.properties.PropertyMappingContextCustomizer@0, org.springframework.boot.test.autoconfigure.web.servlet.WebDriverContextCustomizerFactory$Customizer@68df9280, org.springframework.boot.test.context.filter.ExcludeFilterContextCustomizer@3f91b517, org.springframework.boot.test.json.DuplicateJsonObjectContextCustomizerFactory$DuplicateJsonObjectContextCustomizer@59a008ba, org.springframework.boot.test.mock.mockito.MockitoContextCustomizer@c36139f5], contextLoader = 'org.springframework.test.context.support.DelegatingSmartContextLoader', parent = [null]]]
23:36:54.374 [Test worker] DEBUG org.springframework.test.context.cache - Spring test ApplicationContext cache statistics: [DefaultContextCache@f3021cb size = 5, maxSize = 32, parentContextCount = 0, hitCount = 391, missCount = 5]
23:36:54.374 [Test worker] DEBUG org.springframework.test.context.cache.DefaultCacheAwareContextLoaderDelegate - Retrieved ApplicationContext [784556863] from cache with key [[MergedContextConfiguration@1f3165e7 testClass = WaiverTest, locations = '{}', classes = '{class org.waldreg.attendance.waiver.DefaultWaiverManager, class org.waldreg.attendance.rule.valid.AttendanceDateValidator}', contextInitializerClasses = '[]', activeProfiles = '{}', propertySourceLocations = '{}', propertySourceProperties = '{}', contextCustomizers = set[org.springframework.boot.test.autoconfigure.actuate.metrics.MetricsExportContextCustomizerFactory$DisableMetricExportContextCustomizer@5a3bc7ed, org.springframework.boot.test.autoconfigure.properties.PropertyMappingContextCustomizer@0, org.springframework.boot.test.autoconfigure.web.servlet.WebDriverContextCustomizerFactory$Customizer@68df9280, org.springframework.boot.test.context.filter.ExcludeFilterContextCustomizer@3f91b517, org.springframework.boot.test.json.DuplicateJsonObjectContextCustomizerFactory$DuplicateJsonObjectContextCustomizer@59a008ba, org.springframework.boot.test.mock.mockito.MockitoContextCustomizer@c36139f5], contextLoader = 'org.springframework.test.context.support.DelegatingSmartContextLoader', parent = [null]]]
23:36:54.374 [Test worker] DEBUG org.springframework.test.context.cache - Spring test ApplicationContext cache statistics: [DefaultContextCache@f3021cb size = 5, maxSize = 32, parentContextCount = 0, hitCount = 392, missCount = 5]
23:36:54.374 [Test worker] DEBUG org.springframework.test.context.cache.DefaultCacheAwareContextLoaderDelegate - Retrieved ApplicationContext [784556863] from cache with key [[MergedContextConfiguration@1f3165e7 testClass = WaiverTest, locations = '{}', classes = '{class org.waldreg.attendance.waiver.DefaultWaiverManager, class org.waldreg.attendance.rule.valid.AttendanceDateValidator}', contextInitializerClasses = '[]', activeProfiles = '{}', propertySourceLocations = '{}', propertySourceProperties = '{}', contextCustomizers = set[org.springframework.boot.test.autoconfigure.actuate.metrics.MetricsExportContextCustomizerFactory$DisableMetricExportContextCustomizer@5a3bc7ed, org.springframework.boot.test.autoconfigure.properties.PropertyMappingContextCustomizer@0, org.springframework.boot.test.autoconfigure.web.servlet.WebDriverContextCustomizerFactory$Customizer@68df9280, org.springframework.boot.test.context.filter.ExcludeFilterContextCustomizer@3f91b517, org.springframework.boot.test.json.DuplicateJsonObjectContextCustomizerFactory$DuplicateJsonObjectContextCustomizer@59a008ba, org.springframework.boot.test.mock.mockito.MockitoContextCustomizer@c36139f5], contextLoader = 'org.springframework.test.context.support.DelegatingSmartContextLoader', parent = [null]]]
23:36:54.374 [Test worker] DEBUG org.springframework.test.context.cache - Spring test ApplicationContext cache statistics: [DefaultContextCache@f3021cb size = 5, maxSize = 32, parentContextCount = 0, hitCount = 393, missCount = 5]
23:36:54.374 [Test worker] DEBUG org.springframework.test.context.cache.DefaultCacheAwareContextLoaderDelegate - Retrieved ApplicationContext [784556863] from cache with key [[MergedContextConfiguration@1f3165e7 testClass = WaiverTest, locations = '{}', classes = '{class org.waldreg.attendance.waiver.DefaultWaiverManager, class org.waldreg.attendance.rule.valid.AttendanceDateValidator}', contextInitializerClasses = '[]', activeProfiles = '{}', propertySourceLocations = '{}', propertySourceProperties = '{}', contextCustomizers = set[org.springframework.boot.test.autoconfigure.actuate.metrics.MetricsExportContextCustomizerFactory$DisableMetricExportContextCustomizer@5a3bc7ed, org.springframework.boot.test.autoconfigure.properties.PropertyMappingContextCustomizer@0, org.springframework.boot.test.autoconfigure.web.servlet.WebDriverContextCustomizerFactory$Customizer@68df9280, org.springframework.boot.test.context.filter.ExcludeFilterContextCustomizer@3f91b517, org.springframework.boot.test.json.DuplicateJsonObjectContextCustomizerFactory$DuplicateJsonObjectContextCustomizer@59a008ba, org.springframework.boot.test.mock.mockito.MockitoContextCustomizer@c36139f5], contextLoader = 'org.springframework.test.context.support.DelegatingSmartContextLoader', parent = [null]]]
23:36:54.374 [Test worker] DEBUG org.springframework.test.context.cache - Spring test ApplicationContext cache statistics: [DefaultContextCache@f3021cb size = 5, maxSize = 32, parentContextCount = 0, hitCount = 394, missCount = 5]
23:36:54.374 [Test worker] DEBUG org.springframework.test.context.cache.DefaultCacheAwareContextLoaderDelegate - Retrieved ApplicationContext [784556863] from cache with key [[MergedContextConfiguration@1f3165e7 testClass = WaiverTest, locations = '{}', classes = '{class org.waldreg.attendance.waiver.DefaultWaiverManager, class org.waldreg.attendance.rule.valid.AttendanceDateValidator}', contextInitializerClasses = '[]', activeProfiles = '{}', propertySourceLocations = '{}', propertySourceProperties = '{}', contextCustomizers = set[org.springframework.boot.test.autoconfigure.actuate.metrics.MetricsExportContextCustomizerFactory$DisableMetricExportContextCustomizer@5a3bc7ed, org.springframework.boot.test.autoconfigure.properties.PropertyMappingContextCustomizer@0, org.springframework.boot.test.autoconfigure.web.servlet.WebDriverContextCustomizerFactory$Customizer@68df9280, org.springframework.boot.test.context.filter.ExcludeFilterContextCustomizer@3f91b517, org.springframework.boot.test.json.DuplicateJsonObjectContextCustomizerFactory$DuplicateJsonObjectContextCustomizer@59a008ba, org.springframework.boot.test.mock.mockito.MockitoContextCustomizer@c36139f5], contextLoader = 'org.springframework.test.context.support.DelegatingSmartContextLoader', parent = [null]]]
23:36:54.374 [Test worker] DEBUG org.springframework.test.context.cache - Spring test ApplicationContext cache statistics: [DefaultContextCache@f3021cb size = 5, maxSize = 32, parentContextCount = 0, hitCount = 395, missCount = 5]
23:36:54.374 [Test worker] DEBUG org.springframework.test.context.support.AbstractDirtiesContextTestExecutionListener - After test method: context [DefaultTestContext@622fdb81 testClass = WaiverTest, testInstance = org.waldreg.attendance.waiver.WaiverTest@1a0b5323, testMethod = ACCEPT_ATTENDANCE_WAIVER_SUCCESS_TEST@WaiverTest, testException = [null], mergedContextConfiguration = [MergedContextConfiguration@1f3165e7 testClass = WaiverTest, locations = '{}', classes = '{class org.waldreg.attendance.waiver.DefaultWaiverManager, class org.waldreg.attendance.rule.valid.AttendanceDateValidator}', contextInitializerClasses = '[]', activeProfiles = '{}', propertySourceLocations = '{}', propertySourceProperties = '{}', contextCustomizers = set[org.springframework.boot.test.autoconfigure.actuate.metrics.MetricsExportContextCustomizerFactory$DisableMetricExportContextCustomizer@5a3bc7ed, org.springframework.boot.test.autoconfigure.properties.PropertyMappingContextCustomizer@0, org.springframework.boot.test.autoconfigure.web.servlet.WebDriverContextCustomizerFactory$Customizer@68df9280, org.springframework.boot.test.context.filter.ExcludeFilterContextCustomizer@3f91b517, org.springframework.boot.test.json.DuplicateJsonObjectContextCustomizerFactory$DuplicateJsonObjectContextCustomizer@59a008ba, org.springframework.boot.test.mock.mockito.MockitoContextCustomizer@c36139f5], contextLoader = 'org.springframework.test.context.support.DelegatingSmartContextLoader', parent = [null]], attributes = map['org.springframework.test.context.event.ApplicationEventsTestExecutionListener.recordApplicationEvents' -> false]], class annotated with @DirtiesContext [false] with mode [null], method annotated with @DirtiesContext [false] with mode [null].
23:36:54.374 [Test worker] DEBUG org.springframework.test.context.cache.DefaultCacheAwareContextLoaderDelegate - Retrieved ApplicationContext [784556863] from cache with key [[MergedContextConfiguration@1f3165e7 testClass = WaiverTest, locations = '{}', classes = '{class org.waldreg.attendance.waiver.DefaultWaiverManager, class org.waldreg.attendance.rule.valid.AttendanceDateValidator}', contextInitializerClasses = '[]', activeProfiles = '{}', propertySourceLocations = '{}', propertySourceProperties = '{}', contextCustomizers = set[org.springframework.boot.test.autoconfigure.actuate.metrics.MetricsExportContextCustomizerFactory$DisableMetricExportContextCustomizer@5a3bc7ed, org.springframework.boot.test.autoconfigure.properties.PropertyMappingContextCustomizer@0, org.springframework.boot.test.autoconfigure.web.servlet.WebDriverContextCustomizerFactory$Customizer@68df9280, org.springframework.boot.test.context.filter.ExcludeFilterContextCustomizer@3f91b517, org.springframework.boot.test.json.DuplicateJsonObjectContextCustomizerFactory$DuplicateJsonObjectContextCustomizer@59a008ba, org.springframework.boot.test.mock.mockito.MockitoContextCustomizer@c36139f5], contextLoader = 'org.springframework.test.context.support.DelegatingSmartContextLoader', parent = [null]]]
23:36:54.374 [Test worker] DEBUG org.springframework.test.context.cache - Spring test ApplicationContext cache statistics: [DefaultContextCache@f3021cb size = 5, maxSize = 32, parentContextCount = 0, hitCount = 396, missCount = 5]
23:36:54.374 [Test worker] DEBUG org.springframework.test.context.support.DependencyInjectionTestExecutionListener - Performing dependency injection for test context [[DefaultTestContext@622fdb81 testClass = WaiverTest, testInstance = org.waldreg.attendance.waiver.WaiverTest@782be4eb, testMethod = [null], testException = [null], mergedContextConfiguration = [MergedContextConfiguration@1f3165e7 testClass = WaiverTest, locations = '{}', classes = '{class org.waldreg.attendance.waiver.DefaultWaiverManager, class org.waldreg.attendance.rule.valid.AttendanceDateValidator}', contextInitializerClasses = '[]', activeProfiles = '{}', propertySourceLocations = '{}', propertySourceProperties = '{}', contextCustomizers = set[org.springframework.boot.test.autoconfigure.actuate.metrics.MetricsExportContextCustomizerFactory$DisableMetricExportContextCustomizer@5a3bc7ed, org.springframework.boot.test.autoconfigure.properties.PropertyMappingContextCustomizer@0, org.springframework.boot.test.autoconfigure.web.servlet.WebDriverContextCustomizerFactory$Customizer@68df9280, org.springframework.boot.test.context.filter.ExcludeFilterContextCustomizer@3f91b517, org.springframework.boot.test.json.DuplicateJsonObjectContextCustomizerFactory$DuplicateJsonObjectContextCustomizer@59a008ba, org.springframework.boot.test.mock.mockito.MockitoContextCustomizer@c36139f5], contextLoader = 'org.springframework.test.context.support.DelegatingSmartContextLoader', parent = [null]], attributes = map['org.springframework.test.context.event.ApplicationEventsTestExecutionListener.recordApplicationEvents' -> false]]].
23:36:54.374 [Test worker] DEBUG org.springframework.test.context.cache.DefaultCacheAwareContextLoaderDelegate - Retrieved ApplicationContext [784556863] from cache with key [[MergedContextConfiguration@1f3165e7 testClass = WaiverTest, locations = '{}', classes = '{class org.waldreg.attendance.waiver.DefaultWaiverManager, class org.waldreg.attendance.rule.valid.AttendanceDateValidator}', contextInitializerClasses = '[]', activeProfiles = '{}', propertySourceLocations = '{}', propertySourceProperties = '{}', contextCustomizers = set[org.springframework.boot.test.autoconfigure.actuate.metrics.MetricsExportContextCustomizerFactory$DisableMetricExportContextCustomizer@5a3bc7ed, org.springframework.boot.test.autoconfigure.properties.PropertyMappingContextCustomizer@0, org.springframework.boot.test.autoconfigure.web.servlet.WebDriverContextCustomizerFactory$Customizer@68df9280, org.springframework.boot.test.context.filter.ExcludeFilterContextCustomizer@3f91b517, org.springframework.boot.test.json.DuplicateJsonObjectContextCustomizerFactory$DuplicateJsonObjectContextCustomizer@59a008ba, org.springframework.boot.test.mock.mockito.MockitoContextCustomizer@c36139f5], contextLoader = 'org.springframework.test.context.support.DelegatingSmartContextLoader', parent = [null]]]
23:36:54.374 [Test worker] DEBUG org.springframework.test.context.cache - Spring test ApplicationContext cache statistics: [DefaultContextCache@f3021cb size = 5, maxSize = 32, parentContextCount = 0, hitCount = 397, missCount = 5]
23:36:54.375 [Test worker] DEBUG org.springframework.test.context.cache.DefaultCacheAwareContextLoaderDelegate - Retrieved ApplicationContext [784556863] from cache with key [[MergedContextConfiguration@1f3165e7 testClass = WaiverTest, locations = '{}', classes = '{class org.waldreg.attendance.waiver.DefaultWaiverManager, class org.waldreg.attendance.rule.valid.AttendanceDateValidator}', contextInitializerClasses = '[]', activeProfiles = '{}', propertySourceLocations = '{}', propertySourceProperties = '{}', contextCustomizers = set[org.springframework.boot.test.autoconfigure.actuate.metrics.MetricsExportContextCustomizerFactory$DisableMetricExportContextCustomizer@5a3bc7ed, org.springframework.boot.test.autoconfigure.properties.PropertyMappingContextCustomizer@0, org.springframework.boot.test.autoconfigure.web.servlet.WebDriverContextCustomizerFactory$Customizer@68df9280, org.springframework.boot.test.context.filter.ExcludeFilterContextCustomizer@3f91b517, org.springframework.boot.test.json.DuplicateJsonObjectContextCustomizerFactory$DuplicateJsonObjectContextCustomizer@59a008ba, org.springframework.boot.test.mock.mockito.MockitoContextCustomizer@c36139f5], contextLoader = 'org.springframework.test.context.support.DelegatingSmartContextLoader', parent = [null]]]
23:36:54.375 [Test worker] DEBUG org.springframework.test.context.cache - Spring test ApplicationContext cache statistics: [DefaultContextCache@f3021cb size = 5, maxSize = 32, parentContextCount = 0, hitCount = 398, missCount = 5]
23:36:54.375 [Test worker] DEBUG org.springframework.test.context.support.AbstractDirtiesContextTestExecutionListener - Before test method: context [DefaultTestContext@622fdb81 testClass = WaiverTest, testInstance = org.waldreg.attendance.waiver.WaiverTest@782be4eb, testMethod = CREATE_NEW_WAIVER_SUCCESS_TEST@WaiverTest, testException = [null], mergedContextConfiguration = [MergedContextConfiguration@1f3165e7 testClass = WaiverTest, locations = '{}', classes = '{class org.waldreg.attendance.waiver.DefaultWaiverManager, class org.waldreg.attendance.rule.valid.AttendanceDateValidator}', contextInitializerClasses = '[]', activeProfiles = '{}', propertySourceLocations = '{}', propertySourceProperties = '{}', contextCustomizers = set[org.springframework.boot.test.autoconfigure.actuate.metrics.MetricsExportContextCustomizerFactory$DisableMetricExportContextCustomizer@5a3bc7ed, org.springframework.boot.test.autoconfigure.properties.PropertyMappingContextCustomizer@0, org.springframework.boot.test.autoconfigure.web.servlet.WebDriverContextCustomizerFactory$Customizer@68df9280, org.springframework.boot.test.context.filter.ExcludeFilterContextCustomizer@3f91b517, org.springframework.boot.test.json.DuplicateJsonObjectContextCustomizerFactory$DuplicateJsonObjectContextCustomizer@59a008ba, org.springframework.boot.test.mock.mockito.MockitoContextCustomizer@c36139f5], contextLoader = 'org.springframework.test.context.support.DelegatingSmartContextLoader', parent = [null]], attributes = map['org.springframework.test.context.event.ApplicationEventsTestExecutionListener.recordApplicationEvents' -> false]], class annotated with @DirtiesContext [false] with mode [null], method annotated with @DirtiesContext [false] with mode [null].
23:36:54.375 [Test worker] DEBUG org.springframework.test.context.cache.DefaultCacheAwareContextLoaderDelegate - Retrieved ApplicationContext [784556863] from cache with key [[MergedContextConfiguration@1f3165e7 testClass = WaiverTest, locations = '{}', classes = '{class org.waldreg.attendance.waiver.DefaultWaiverManager, class org.waldreg.attendance.rule.valid.AttendanceDateValidator}', contextInitializerClasses = '[]', activeProfiles = '{}', propertySourceLocations = '{}', propertySourceProperties = '{}', contextCustomizers = set[org.springframework.boot.test.autoconfigure.actuate.metrics.MetricsExportContextCustomizerFactory$DisableMetricExportContextCustomizer@5a3bc7ed, org.springframework.boot.test.autoconfigure.properties.PropertyMappingContextCustomizer@0, org.springframework.boot.test.autoconfigure.web.servlet.WebDriverContextCustomizerFactory$Customizer@68df9280, org.springframework.boot.test.context.filter.ExcludeFilterContextCustomizer@3f91b517, org.springframework.boot.test.json.DuplicateJsonObjectContextCustomizerFactory$DuplicateJsonObjectContextCustomizer@59a008ba, org.springframework.boot.test.mock.mockito.MockitoContextCustomizer@c36139f5], contextLoader = 'org.springframework.test.context.support.DelegatingSmartContextLoader', parent = [null]]]
23:36:54.375 [Test worker] DEBUG org.springframework.test.context.cache - Spring test ApplicationContext cache statistics: [DefaultContextCache@f3021cb size = 5, maxSize = 32, parentContextCount = 0, hitCount = 399, missCount = 5]
23:36:54.375 [Test worker] DEBUG org.springframework.test.context.cache.DefaultCacheAwareContextLoaderDelegate - Retrieved ApplicationContext [784556863] from cache with key [[MergedContextConfiguration@1f3165e7 testClass = WaiverTest, locations = '{}', classes = '{class org.waldreg.attendance.waiver.DefaultWaiverManager, class org.waldreg.attendance.rule.valid.AttendanceDateValidator}', contextInitializerClasses = '[]', activeProfiles = '{}', propertySourceLocations = '{}', propertySourceProperties = '{}', contextCustomizers = set[org.springframework.boot.test.autoconfigure.actuate.metrics.MetricsExportContextCustomizerFactory$DisableMetricExportContextCustomizer@5a3bc7ed, org.springframework.boot.test.autoconfigure.properties.PropertyMappingContextCustomizer@0, org.springframework.boot.test.autoconfigure.web.servlet.WebDriverContextCustomizerFactory$Customizer@68df9280, org.springframework.boot.test.context.filter.ExcludeFilterContextCustomizer@3f91b517, org.springframework.boot.test.json.DuplicateJsonObjectContextCustomizerFactory$DuplicateJsonObjectContextCustomizer@59a008ba, org.springframework.boot.test.mock.mockito.MockitoContextCustomizer@c36139f5], contextLoader = 'org.springframework.test.context.support.DelegatingSmartContextLoader', parent = [null]]]
23:36:54.375 [Test worker] DEBUG org.springframework.test.context.cache - Spring test ApplicationContext cache statistics: [DefaultContextCache@f3021cb size = 5, maxSize = 32, parentContextCount = 0, hitCount = 400, missCount = 5]
23:36:54.375 [Test worker] DEBUG org.springframework.test.context.cache.DefaultCacheAwareContextLoaderDelegate - Retrieved ApplicationContext [784556863] from cache with key [[MergedContextConfiguration@1f3165e7 testClass = WaiverTest, locations = '{}', classes = '{class org.waldreg.attendance.waiver.DefaultWaiverManager, class org.waldreg.attendance.rule.valid.AttendanceDateValidator}', contextInitializerClasses = '[]', activeProfiles = '{}', propertySourceLocations = '{}', propertySourceProperties = '{}', contextCustomizers = set[org.springframework.boot.test.autoconfigure.actuate.metrics.MetricsExportContextCustomizerFactory$DisableMetricExportContextCustomizer@5a3bc7ed, org.springframework.boot.test.autoconfigure.properties.PropertyMappingContextCustomizer@0, org.springframework.boot.test.autoconfigure.web.servlet.WebDriverContextCustomizerFactory$Customizer@68df9280, org.springframework.boot.test.context.filter.ExcludeFilterContextCustomizer@3f91b517, org.springframework.boot.test.json.DuplicateJsonObjectContextCustomizerFactory$DuplicateJsonObjectContextCustomizer@59a008ba, org.springframework.boot.test.mock.mockito.MockitoContextCustomizer@c36139f5], contextLoader = 'org.springframework.test.context.support.DelegatingSmartContextLoader', parent = [null]]]
23:36:54.375 [Test worker] DEBUG org.springframework.test.context.cache - Spring test ApplicationContext cache statistics: [DefaultContextCache@f3021cb size = 5, maxSize = 32, parentContextCount = 0, hitCount = 401, missCount = 5]
23:36:54.375 [Test worker] DEBUG org.springframework.test.context.cache.DefaultCacheAwareContextLoaderDelegate - Retrieved ApplicationContext [784556863] from cache with key [[MergedContextConfiguration@1f3165e7 testClass = WaiverTest, locations = '{}', classes = '{class org.waldreg.attendance.waiver.DefaultWaiverManager, class org.waldreg.attendance.rule.valid.AttendanceDateValidator}', contextInitializerClasses = '[]', activeProfiles = '{}', propertySourceLocations = '{}', propertySourceProperties = '{}', contextCustomizers = set[org.springframework.boot.test.autoconfigure.actuate.metrics.MetricsExportContextCustomizerFactory$DisableMetricExportContextCustomizer@5a3bc7ed, org.springframework.boot.test.autoconfigure.properties.PropertyMappingContextCustomizer@0, org.springframework.boot.test.autoconfigure.web.servlet.WebDriverContextCustomizerFactory$Customizer@68df9280, org.springframework.boot.test.context.filter.ExcludeFilterContextCustomizer@3f91b517, org.springframework.boot.test.json.DuplicateJsonObjectContextCustomizerFactory$DuplicateJsonObjectContextCustomizer@59a008ba, org.springframework.boot.test.mock.mockito.MockitoContextCustomizer@c36139f5], contextLoader = 'org.springframework.test.context.support.DelegatingSmartContextLoader', parent = [null]]]
23:36:54.375 [Test worker] DEBUG org.springframework.test.context.cache - Spring test ApplicationContext cache statistics: [DefaultContextCache@f3021cb size = 5, maxSize = 32, parentContextCount = 0, hitCount = 402, missCount = 5]
23:36:54.375 [Test worker] DEBUG org.springframework.test.context.cache.DefaultCacheAwareContextLoaderDelegate - Retrieved ApplicationContext [784556863] from cache with key [[MergedContextConfiguration@1f3165e7 testClass = WaiverTest, locations = '{}', classes = '{class org.waldreg.attendance.waiver.DefaultWaiverManager, class org.waldreg.attendance.rule.valid.AttendanceDateValidator}', contextInitializerClasses = '[]', activeProfiles = '{}', propertySourceLocations = '{}', propertySourceProperties = '{}', contextCustomizers = set[org.springframework.boot.test.autoconfigure.actuate.metrics.MetricsExportContextCustomizerFactory$DisableMetricExportContextCustomizer@5a3bc7ed, org.springframework.boot.test.autoconfigure.properties.PropertyMappingContextCustomizer@0, org.springframework.boot.test.autoconfigure.web.servlet.WebDriverContextCustomizerFactory$Customizer@68df9280, org.springframework.boot.test.context.filter.ExcludeFilterContextCustomizer@3f91b517, org.springframework.boot.test.json.DuplicateJsonObjectContextCustomizerFactory$DuplicateJsonObjectContextCustomizer@59a008ba, org.springframework.boot.test.mock.mockito.MockitoContextCustomizer@c36139f5], contextLoader = 'org.springframework.test.context.support.DelegatingSmartContextLoader', parent = [null]]]
23:36:54.375 [Test worker] DEBUG org.springframework.test.context.cache - Spring test ApplicationContext cache statistics: [DefaultContextCache@f3021cb size = 5, maxSize = 32, parentContextCount = 0, hitCount = 403, missCount = 5]
23:36:54.375 [Test worker] DEBUG org.springframework.test.context.cache.DefaultCacheAwareContextLoaderDelegate - Retrieved ApplicationContext [784556863] from cache with key [[MergedContextConfiguration@1f3165e7 testClass = WaiverTest, locations = '{}', classes = '{class org.waldreg.attendance.waiver.DefaultWaiverManager, class org.waldreg.attendance.rule.valid.AttendanceDateValidator}', contextInitializerClasses = '[]', activeProfiles = '{}', propertySourceLocations = '{}', propertySourceProperties = '{}', contextCustomizers = set[org.springframework.boot.test.autoconfigure.actuate.metrics.MetricsExportContextCustomizerFactory$DisableMetricExportContextCustomizer@5a3bc7ed, org.springframework.boot.test.autoconfigure.properties.PropertyMappingContextCustomizer@0, org.springframework.boot.test.autoconfigure.web.servlet.WebDriverContextCustomizerFactory$Customizer@68df9280, org.springframework.boot.test.context.filter.ExcludeFilterContextCustomizer@3f91b517, org.springframework.boot.test.json.DuplicateJsonObjectContextCustomizerFactory$DuplicateJsonObjectContextCustomizer@59a008ba, org.springframework.boot.test.mock.mockito.MockitoContextCustomizer@c36139f5], contextLoader = 'org.springframework.test.context.support.DelegatingSmartContextLoader', parent = [null]]]
23:36:54.375 [Test worker] DEBUG org.springframework.test.context.cache - Spring test ApplicationContext cache statistics: [DefaultContextCache@f3021cb size = 5, maxSize = 32, parentContextCount = 0, hitCount = 404, missCount = 5]
23:36:54.375 [Test worker] DEBUG org.springframework.test.context.cache.DefaultCacheAwareContextLoaderDelegate - Retrieved ApplicationContext [784556863] from cache with key [[MergedContextConfiguration@1f3165e7 testClass = WaiverTest, locations = '{}', classes = '{class org.waldreg.attendance.waiver.DefaultWaiverManager, class org.waldreg.attendance.rule.valid.AttendanceDateValidator}', contextInitializerClasses = '[]', activeProfiles = '{}', propertySourceLocations = '{}', propertySourceProperties = '{}', contextCustomizers = set[org.springframework.boot.test.autoconfigure.actuate.metrics.MetricsExportContextCustomizerFactory$DisableMetricExportContextCustomizer@5a3bc7ed, org.springframework.boot.test.autoconfigure.properties.PropertyMappingContextCustomizer@0, org.springframework.boot.test.autoconfigure.web.servlet.WebDriverContextCustomizerFactory$Customizer@68df9280, org.springframework.boot.test.context.filter.ExcludeFilterContextCustomizer@3f91b517, org.springframework.boot.test.json.DuplicateJsonObjectContextCustomizerFactory$DuplicateJsonObjectContextCustomizer@59a008ba, org.springframework.boot.test.mock.mockito.MockitoContextCustomizer@c36139f5], contextLoader = 'org.springframework.test.context.support.DelegatingSmartContextLoader', parent = [null]]]
23:36:54.375 [Test worker] DEBUG org.springframework.test.context.cache - Spring test ApplicationContext cache statistics: [DefaultContextCache@f3021cb size = 5, maxSize = 32, parentContextCount = 0, hitCount = 405, missCount = 5]
23:36:54.375 [Test worker] DEBUG org.springframework.test.context.cache.DefaultCacheAwareContextLoaderDelegate - Retrieved ApplicationContext [784556863] from cache with key [[MergedContextConfiguration@1f3165e7 testClass = WaiverTest, locations = '{}', classes = '{class org.waldreg.attendance.waiver.DefaultWaiverManager, class org.waldreg.attendance.rule.valid.AttendanceDateValidator}', contextInitializerClasses = '[]', activeProfiles = '{}', propertySourceLocations = '{}', propertySourceProperties = '{}', contextCustomizers = set[org.springframework.boot.test.autoconfigure.actuate.metrics.MetricsExportContextCustomizerFactory$DisableMetricExportContextCustomizer@5a3bc7ed, org.springframework.boot.test.autoconfigure.properties.PropertyMappingContextCustomizer@0, org.springframework.boot.test.autoconfigure.web.servlet.WebDriverContextCustomizerFactory$Customizer@68df9280, org.springframework.boot.test.context.filter.ExcludeFilterContextCustomizer@3f91b517, org.springframework.boot.test.json.DuplicateJsonObjectContextCustomizerFactory$DuplicateJsonObjectContextCustomizer@59a008ba, org.springframework.boot.test.mock.mockito.MockitoContextCustomizer@c36139f5], contextLoader = 'org.springframework.test.context.support.DelegatingSmartContextLoader', parent = [null]]]
23:36:54.375 [Test worker] DEBUG org.springframework.test.context.cache - Spring test ApplicationContext cache statistics: [DefaultContextCache@f3021cb size = 5, maxSize = 32, parentContextCount = 0, hitCount = 406, missCount = 5]
23:36:54.376 [Test worker] DEBUG org.springframework.test.context.cache.DefaultCacheAwareContextLoaderDelegate - Retrieved ApplicationContext [784556863] from cache with key [[MergedContextConfiguration@1f3165e7 testClass = WaiverTest, locations = '{}', classes = '{class org.waldreg.attendance.waiver.DefaultWaiverManager, class org.waldreg.attendance.rule.valid.AttendanceDateValidator}', contextInitializerClasses = '[]', activeProfiles = '{}', propertySourceLocations = '{}', propertySourceProperties = '{}', contextCustomizers = set[org.springframework.boot.test.autoconfigure.actuate.metrics.MetricsExportContextCustomizerFactory$DisableMetricExportContextCustomizer@5a3bc7ed, org.springframework.boot.test.autoconfigure.properties.PropertyMappingContextCustomizer@0, org.springframework.boot.test.autoconfigure.web.servlet.WebDriverContextCustomizerFactory$Customizer@68df9280, org.springframework.boot.test.context.filter.ExcludeFilterContextCustomizer@3f91b517, org.springframework.boot.test.json.DuplicateJsonObjectContextCustomizerFactory$DuplicateJsonObjectContextCustomizer@59a008ba, org.springframework.boot.test.mock.mockito.MockitoContextCustomizer@c36139f5], contextLoader = 'org.springframework.test.context.support.DelegatingSmartContextLoader', parent = [null]]]
23:36:54.376 [Test worker] DEBUG org.springframework.test.context.cache - Spring test ApplicationContext cache statistics: [DefaultContextCache@f3021cb size = 5, maxSize = 32, parentContextCount = 0, hitCount = 407, missCount = 5]
23:36:54.376 [Test worker] DEBUG org.springframework.test.context.support.AbstractDirtiesContextTestExecutionListener - After test method: context [DefaultTestContext@622fdb81 testClass = WaiverTest, testInstance = org.waldreg.attendance.waiver.WaiverTest@782be4eb, testMethod = CREATE_NEW_WAIVER_SUCCESS_TEST@WaiverTest, testException = [null], mergedContextConfiguration = [MergedContextConfiguration@1f3165e7 testClass = WaiverTest, locations = '{}', classes = '{class org.waldreg.attendance.waiver.DefaultWaiverManager, class org.waldreg.attendance.rule.valid.AttendanceDateValidator}', contextInitializerClasses = '[]', activeProfiles = '{}', propertySourceLocations = '{}', propertySourceProperties = '{}', contextCustomizers = set[org.springframework.boot.test.autoconfigure.actuate.metrics.MetricsExportContextCustomizerFactory$DisableMetricExportContextCustomizer@5a3bc7ed, org.springframework.boot.test.autoconfigure.properties.PropertyMappingContextCustomizer@0, org.springframework.boot.test.autoconfigure.web.servlet.WebDriverContextCustomizerFactory$Customizer@68df9280, org.springframework.boot.test.context.filter.ExcludeFilterContextCustomizer@3f91b517, org.springframework.boot.test.json.DuplicateJsonObjectContextCustomizerFactory$DuplicateJsonObjectContextCustomizer@59a008ba, org.springframework.boot.test.mock.mockito.MockitoContextCustomizer@c36139f5], contextLoader = 'org.springframework.test.context.support.DelegatingSmartContextLoader', parent = [null]], attributes = map['org.springframework.test.context.event.ApplicationEventsTestExecutionListener.recordApplicationEvents' -> false]], class annotated with @DirtiesContext [false] with mode [null], method annotated with @DirtiesContext [false] with mode [null].
23:36:54.376 [Test worker] DEBUG org.springframework.test.context.cache.DefaultCacheAwareContextLoaderDelegate - Retrieved ApplicationContext [784556863] from cache with key [[MergedContextConfiguration@1f3165e7 testClass = WaiverTest, locations = '{}', classes = '{class org.waldreg.attendance.waiver.DefaultWaiverManager, class org.waldreg.attendance.rule.valid.AttendanceDateValidator}', contextInitializerClasses = '[]', activeProfiles = '{}', propertySourceLocations = '{}', propertySourceProperties = '{}', contextCustomizers = set[org.springframework.boot.test.autoconfigure.actuate.metrics.MetricsExportContextCustomizerFactory$DisableMetricExportContextCustomizer@5a3bc7ed, org.springframework.boot.test.autoconfigure.properties.PropertyMappingContextCustomizer@0, org.springframework.boot.test.autoconfigure.web.servlet.WebDriverContextCustomizerFactory$Customizer@68df9280, org.springframework.boot.test.context.filter.ExcludeFilterContextCustomizer@3f91b517, org.springframework.boot.test.json.DuplicateJsonObjectContextCustomizerFactory$DuplicateJsonObjectContextCustomizer@59a008ba, org.springframework.boot.test.mock.mockito.MockitoContextCustomizer@c36139f5], contextLoader = 'org.springframework.test.context.support.DelegatingSmartContextLoader', parent = [null]]]
23:36:54.376 [Test worker] DEBUG org.springframework.test.context.cache - Spring test ApplicationContext cache statistics: [DefaultContextCache@f3021cb size = 5, maxSize = 32, parentContextCount = 0, hitCount = 408, missCount = 5]
23:36:54.376 [Test worker] DEBUG org.springframework.test.context.support.DependencyInjectionTestExecutionListener - Performing dependency injection for test context [[DefaultTestContext@622fdb81 testClass = WaiverTest, testInstance = org.waldreg.attendance.waiver.WaiverTest@34d4860f, testMethod = [null], testException = [null], mergedContextConfiguration = [MergedContextConfiguration@1f3165e7 testClass = WaiverTest, locations = '{}', classes = '{class org.waldreg.attendance.waiver.DefaultWaiverManager, class org.waldreg.attendance.rule.valid.AttendanceDateValidator}', contextInitializerClasses = '[]', activeProfiles = '{}', propertySourceLocations = '{}', propertySourceProperties = '{}', contextCustomizers = set[org.springframework.boot.test.autoconfigure.actuate.metrics.MetricsExportContextCustomizerFactory$DisableMetricExportContextCustomizer@5a3bc7ed, org.springframework.boot.test.autoconfigure.properties.PropertyMappingContextCustomizer@0, org.springframework.boot.test.autoconfigure.web.servlet.WebDriverContextCustomizerFactory$Customizer@68df9280, org.springframework.boot.test.context.filter.ExcludeFilterContextCustomizer@3f91b517, org.springframework.boot.test.json.DuplicateJsonObjectContextCustomizerFactory$DuplicateJsonObjectContextCustomizer@59a008ba, org.springframework.boot.test.mock.mockito.MockitoContextCustomizer@c36139f5], contextLoader = 'org.springframework.test.context.support.DelegatingSmartContextLoader', parent = [null]], attributes = map['org.springframework.test.context.event.ApplicationEventsTestExecutionListener.recordApplicationEvents' -> false]]].
23:36:54.376 [Test worker] DEBUG org.springframework.test.context.cache.DefaultCacheAwareContextLoaderDelegate - Retrieved ApplicationContext [784556863] from cache with key [[MergedContextConfiguration@1f3165e7 testClass = WaiverTest, locations = '{}', classes = '{class org.waldreg.attendance.waiver.DefaultWaiverManager, class org.waldreg.attendance.rule.valid.AttendanceDateValidator}', contextInitializerClasses = '[]', activeProfiles = '{}', propertySourceLocations = '{}', propertySourceProperties = '{}', contextCustomizers = set[org.springframework.boot.test.autoconfigure.actuate.metrics.MetricsExportContextCustomizerFactory$DisableMetricExportContextCustomizer@5a3bc7ed, org.springframework.boot.test.autoconfigure.properties.PropertyMappingContextCustomizer@0, org.springframework.boot.test.autoconfigure.web.servlet.WebDriverContextCustomizerFactory$Customizer@68df9280, org.springframework.boot.test.context.filter.ExcludeFilterContextCustomizer@3f91b517, org.springframework.boot.test.json.DuplicateJsonObjectContextCustomizerFactory$DuplicateJsonObjectContextCustomizer@59a008ba, org.springframework.boot.test.mock.mockito.MockitoContextCustomizer@c36139f5], contextLoader = 'org.springframework.test.context.support.DelegatingSmartContextLoader', parent = [null]]]
23:36:54.376 [Test worker] DEBUG org.springframework.test.context.cache - Spring test ApplicationContext cache statistics: [DefaultContextCache@f3021cb size = 5, maxSize = 32, parentContextCount = 0, hitCount = 409, missCount = 5]
23:36:54.376 [Test worker] DEBUG org.springframework.test.context.cache.DefaultCacheAwareContextLoaderDelegate - Retrieved ApplicationContext [784556863] from cache with key [[MergedContextConfiguration@1f3165e7 testClass = WaiverTest, locations = '{}', classes = '{class org.waldreg.attendance.waiver.DefaultWaiverManager, class org.waldreg.attendance.rule.valid.AttendanceDateValidator}', contextInitializerClasses = '[]', activeProfiles = '{}', propertySourceLocations = '{}', propertySourceProperties = '{}', contextCustomizers = set[org.springframework.boot.test.autoconfigure.actuate.metrics.MetricsExportContextCustomizerFactory$DisableMetricExportContextCustomizer@5a3bc7ed, org.springframework.boot.test.autoconfigure.properties.PropertyMappingContextCustomizer@0, org.springframework.boot.test.autoconfigure.web.servlet.WebDriverContextCustomizerFactory$Customizer@68df9280, org.springframework.boot.test.context.filter.ExcludeFilterContextCustomizer@3f91b517, org.springframework.boot.test.json.DuplicateJsonObjectContextCustomizerFactory$DuplicateJsonObjectContextCustomizer@59a008ba, org.springframework.boot.test.mock.mockito.MockitoContextCustomizer@c36139f5], contextLoader = 'org.springframework.test.context.support.DelegatingSmartContextLoader', parent = [null]]]
23:36:54.376 [Test worker] DEBUG org.springframework.test.context.cache - Spring test ApplicationContext cache statistics: [DefaultContextCache@f3021cb size = 5, maxSize = 32, parentContextCount = 0, hitCount = 410, missCount = 5]
23:36:54.376 [Test worker] DEBUG org.springframework.test.context.support.AbstractDirtiesContextTestExecutionListener - Before test method: context [DefaultTestContext@622fdb81 testClass = WaiverTest, testInstance = org.waldreg.attendance.waiver.WaiverTest@34d4860f, testMethod = CREATE_NEW_WAIVER_FAIL_NOT_ATTENDANCE_TARGET_TEST@WaiverTest, testException = [null], mergedContextConfiguration = [MergedContextConfiguration@1f3165e7 testClass = WaiverTest, locations = '{}', classes = '{class org.waldreg.attendance.waiver.DefaultWaiverManager, class org.waldreg.attendance.rule.valid.AttendanceDateValidator}', contextInitializerClasses = '[]', activeProfiles = '{}', propertySourceLocations = '{}', propertySourceProperties = '{}', contextCustomizers = set[org.springframework.boot.test.autoconfigure.actuate.metrics.MetricsExportContextCustomizerFactory$DisableMetricExportContextCustomizer@5a3bc7ed, org.springframework.boot.test.autoconfigure.properties.PropertyMappingContextCustomizer@0, org.springframework.boot.test.autoconfigure.web.servlet.WebDriverContextCustomizerFactory$Customizer@68df9280, org.springframework.boot.test.context.filter.ExcludeFilterContextCustomizer@3f91b517, org.springframework.boot.test.json.DuplicateJsonObjectContextCustomizerFactory$DuplicateJsonObjectContextCustomizer@59a008ba, org.springframework.boot.test.mock.mockito.MockitoContextCustomizer@c36139f5], contextLoader = 'org.springframework.test.context.support.DelegatingSmartContextLoader', parent = [null]], attributes = map['org.springframework.test.context.event.ApplicationEventsTestExecutionListener.recordApplicationEvents' -> false]], class annotated with @DirtiesContext [false] with mode [null], method annotated with @DirtiesContext [false] with mode [null].
23:36:54.376 [Test worker] DEBUG org.springframework.test.context.cache.DefaultCacheAwareContextLoaderDelegate - Retrieved ApplicationContext [784556863] from cache with key [[MergedContextConfiguration@1f3165e7 testClass = WaiverTest, locations = '{}', classes = '{class org.waldreg.attendance.waiver.DefaultWaiverManager, class org.waldreg.attendance.rule.valid.AttendanceDateValidator}', contextInitializerClasses = '[]', activeProfiles = '{}', propertySourceLocations = '{}', propertySourceProperties = '{}', contextCustomizers = set[org.springframework.boot.test.autoconfigure.actuate.metrics.MetricsExportContextCustomizerFactory$DisableMetricExportContextCustomizer@5a3bc7ed, org.springframework.boot.test.autoconfigure.properties.PropertyMappingContextCustomizer@0, org.springframework.boot.test.autoconfigure.web.servlet.WebDriverContextCustomizerFactory$Customizer@68df9280, org.springframework.boot.test.context.filter.ExcludeFilterContextCustomizer@3f91b517, org.springframework.boot.test.json.DuplicateJsonObjectContextCustomizerFactory$DuplicateJsonObjectContextCustomizer@59a008ba, org.springframework.boot.test.mock.mockito.MockitoContextCustomizer@c36139f5], contextLoader = 'org.springframework.test.context.support.DelegatingSmartContextLoader', parent = [null]]]
23:36:54.376 [Test worker] DEBUG org.springframework.test.context.cache - Spring test ApplicationContext cache statistics: [DefaultContextCache@f3021cb size = 5, maxSize = 32, parentContextCount = 0, hitCount = 411, missCount = 5]
23:36:54.376 [Test worker] DEBUG org.springframework.test.context.cache.DefaultCacheAwareContextLoaderDelegate - Retrieved ApplicationContext [784556863] from cache with key [[MergedContextConfiguration@1f3165e7 testClass = WaiverTest, locations = '{}', classes = '{class org.waldreg.attendance.waiver.DefaultWaiverManager, class org.waldreg.attendance.rule.valid.AttendanceDateValidator}', contextInitializerClasses = '[]', activeProfiles = '{}', propertySourceLocations = '{}', propertySourceProperties = '{}', contextCustomizers = set[org.springframework.boot.test.autoconfigure.actuate.metrics.MetricsExportContextCustomizerFactory$DisableMetricExportContextCustomizer@5a3bc7ed, org.springframework.boot.test.autoconfigure.properties.PropertyMappingContextCustomizer@0, org.springframework.boot.test.autoconfigure.web.servlet.WebDriverContextCustomizerFactory$Customizer@68df9280, org.springframework.boot.test.context.filter.ExcludeFilterContextCustomizer@3f91b517, org.springframework.boot.test.json.DuplicateJsonObjectContextCustomizerFactory$DuplicateJsonObjectContextCustomizer@59a008ba, org.springframework.boot.test.mock.mockito.MockitoContextCustomizer@c36139f5], contextLoader = 'org.springframework.test.context.support.DelegatingSmartContextLoader', parent = [null]]]
23:36:54.376 [Test worker] DEBUG org.springframework.test.context.cache - Spring test ApplicationContext cache statistics: [DefaultContextCache@f3021cb size = 5, maxSize = 32, parentContextCount = 0, hitCount = 412, missCount = 5]
23:36:54.376 [Test worker] DEBUG org.springframework.test.context.cache.DefaultCacheAwareContextLoaderDelegate - Retrieved ApplicationContext [784556863] from cache with key [[MergedContextConfiguration@1f3165e7 testClass = WaiverTest, locations = '{}', classes = '{class org.waldreg.attendance.waiver.DefaultWaiverManager, class org.waldreg.attendance.rule.valid.AttendanceDateValidator}', contextInitializerClasses = '[]', activeProfiles = '{}', propertySourceLocations = '{}', propertySourceProperties = '{}', contextCustomizers = set[org.springframework.boot.test.autoconfigure.actuate.metrics.MetricsExportContextCustomizerFactory$DisableMetricExportContextCustomizer@5a3bc7ed, org.springframework.boot.test.autoconfigure.properties.PropertyMappingContextCustomizer@0, org.springframework.boot.test.autoconfigure.web.servlet.WebDriverContextCustomizerFactory$Customizer@68df9280, org.springframework.boot.test.context.filter.ExcludeFilterContextCustomizer@3f91b517, org.springframework.boot.test.json.DuplicateJsonObjectContextCustomizerFactory$DuplicateJsonObjectContextCustomizer@59a008ba, org.springframework.boot.test.mock.mockito.MockitoContextCustomizer@c36139f5], contextLoader = 'org.springframework.test.context.support.DelegatingSmartContextLoader', parent = [null]]]
23:36:54.376 [Test worker] DEBUG org.springframework.test.context.cache - Spring test ApplicationContext cache statistics: [DefaultContextCache@f3021cb size = 5, maxSize = 32, parentContextCount = 0, hitCount = 413, missCount = 5]
23:36:54.377 [Test worker] DEBUG org.springframework.test.context.cache.DefaultCacheAwareContextLoaderDelegate - Retrieved ApplicationContext [784556863] from cache with key [[MergedContextConfiguration@1f3165e7 testClass = WaiverTest, locations = '{}', classes = '{class org.waldreg.attendance.waiver.DefaultWaiverManager, class org.waldreg.attendance.rule.valid.AttendanceDateValidator}', contextInitializerClasses = '[]', activeProfiles = '{}', propertySourceLocations = '{}', propertySourceProperties = '{}', contextCustomizers = set[org.springframework.boot.test.autoconfigure.actuate.metrics.MetricsExportContextCustomizerFactory$DisableMetricExportContextCustomizer@5a3bc7ed, org.springframework.boot.test.autoconfigure.properties.PropertyMappingContextCustomizer@0, org.springframework.boot.test.autoconfigure.web.servlet.WebDriverContextCustomizerFactory$Customizer@68df9280, org.springframework.boot.test.context.filter.ExcludeFilterContextCustomizer@3f91b517, org.springframework.boot.test.json.DuplicateJsonObjectContextCustomizerFactory$DuplicateJsonObjectContextCustomizer@59a008ba, org.springframework.boot.test.mock.mockito.MockitoContextCustomizer@c36139f5], contextLoader = 'org.springframework.test.context.support.DelegatingSmartContextLoader', parent = [null]]]
23:36:54.377 [Test worker] DEBUG org.springframework.test.context.cache - Spring test ApplicationContext cache statistics: [DefaultContextCache@f3021cb size = 5, maxSize = 32, parentContextCount = 0, hitCount = 414, missCount = 5]
23:36:54.377 [Test worker] DEBUG org.springframework.test.context.cache.DefaultCacheAwareContextLoaderDelegate - Retrieved ApplicationContext [784556863] from cache with key [[MergedContextConfiguration@1f3165e7 testClass = WaiverTest, locations = '{}', classes = '{class org.waldreg.attendance.waiver.DefaultWaiverManager, class org.waldreg.attendance.rule.valid.AttendanceDateValidator}', contextInitializerClasses = '[]', activeProfiles = '{}', propertySourceLocations = '{}', propertySourceProperties = '{}', contextCustomizers = set[org.springframework.boot.test.autoconfigure.actuate.metrics.MetricsExportContextCustomizerFactory$DisableMetricExportContextCustomizer@5a3bc7ed, org.springframework.boot.test.autoconfigure.properties.PropertyMappingContextCustomizer@0, org.springframework.boot.test.autoconfigure.web.servlet.WebDriverContextCustomizerFactory$Customizer@68df9280, org.springframework.boot.test.context.filter.ExcludeFilterContextCustomizer@3f91b517, org.springframework.boot.test.json.DuplicateJsonObjectContextCustomizerFactory$DuplicateJsonObjectContextCustomizer@59a008ba, org.springframework.boot.test.mock.mockito.MockitoContextCustomizer@c36139f5], contextLoader = 'org.springframework.test.context.support.DelegatingSmartContextLoader', parent = [null]]]
23:36:54.377 [Test worker] DEBUG org.springframework.test.context.cache - Spring test ApplicationContext cache statistics: [DefaultContextCache@f3021cb size = 5, maxSize = 32, parentContextCount = 0, hitCount = 415, missCount = 5]
23:36:54.377 [Test worker] DEBUG org.springframework.test.context.cache.DefaultCacheAwareContextLoaderDelegate - Retrieved ApplicationContext [784556863] from cache with key [[MergedContextConfiguration@1f3165e7 testClass = WaiverTest, locations = '{}', classes = '{class org.waldreg.attendance.waiver.DefaultWaiverManager, class org.waldreg.attendance.rule.valid.AttendanceDateValidator}', contextInitializerClasses = '[]', activeProfiles = '{}', propertySourceLocations = '{}', propertySourceProperties = '{}', contextCustomizers = set[org.springframework.boot.test.autoconfigure.actuate.metrics.MetricsExportContextCustomizerFactory$DisableMetricExportContextCustomizer@5a3bc7ed, org.springframework.boot.test.autoconfigure.properties.PropertyMappingContextCustomizer@0, org.springframework.boot.test.autoconfigure.web.servlet.WebDriverContextCustomizerFactory$Customizer@68df9280, org.springframework.boot.test.context.filter.ExcludeFilterContextCustomizer@3f91b517, org.springframework.boot.test.json.DuplicateJsonObjectContextCustomizerFactory$DuplicateJsonObjectContextCustomizer@59a008ba, org.springframework.boot.test.mock.mockito.MockitoContextCustomizer@c36139f5], contextLoader = 'org.springframework.test.context.support.DelegatingSmartContextLoader', parent = [null]]]
23:36:54.377 [Test worker] DEBUG org.springframework.test.context.cache - Spring test ApplicationContext cache statistics: [DefaultContextCache@f3021cb size = 5, maxSize = 32, parentContextCount = 0, hitCount = 416, missCount = 5]
23:36:54.377 [Test worker] DEBUG org.springframework.test.context.cache.DefaultCacheAwareContextLoaderDelegate - Retrieved ApplicationContext [784556863] from cache with key [[MergedContextConfiguration@1f3165e7 testClass = WaiverTest, locations = '{}', classes = '{class org.waldreg.attendance.waiver.DefaultWaiverManager, class org.waldreg.attendance.rule.valid.AttendanceDateValidator}', contextInitializerClasses = '[]', activeProfiles = '{}', propertySourceLocations = '{}', propertySourceProperties = '{}', contextCustomizers = set[org.springframework.boot.test.autoconfigure.actuate.metrics.MetricsExportContextCustomizerFactory$DisableMetricExportContextCustomizer@5a3bc7ed, org.springframework.boot.test.autoconfigure.properties.PropertyMappingContextCustomizer@0, org.springframework.boot.test.autoconfigure.web.servlet.WebDriverContextCustomizerFactory$Customizer@68df9280, org.springframework.boot.test.context.filter.ExcludeFilterContextCustomizer@3f91b517, org.springframework.boot.test.json.DuplicateJsonObjectContextCustomizerFactory$DuplicateJsonObjectContextCustomizer@59a008ba, org.springframework.boot.test.mock.mockito.MockitoContextCustomizer@c36139f5], contextLoader = 'org.springframework.test.context.support.DelegatingSmartContextLoader', parent = [null]]]
23:36:54.377 [Test worker] DEBUG org.springframework.test.context.cache - Spring test ApplicationContext cache statistics: [DefaultContextCache@f3021cb size = 5, maxSize = 32, parentContextCount = 0, hitCount = 417, missCount = 5]
23:36:54.377 [Test worker] DEBUG org.springframework.test.context.cache.DefaultCacheAwareContextLoaderDelegate - Retrieved ApplicationContext [784556863] from cache with key [[MergedContextConfiguration@1f3165e7 testClass = WaiverTest, locations = '{}', classes = '{class org.waldreg.attendance.waiver.DefaultWaiverManager, class org.waldreg.attendance.rule.valid.AttendanceDateValidator}', contextInitializerClasses = '[]', activeProfiles = '{}', propertySourceLocations = '{}', propertySourceProperties = '{}', contextCustomizers = set[org.springframework.boot.test.autoconfigure.actuate.metrics.MetricsExportContextCustomizerFactory$DisableMetricExportContextCustomizer@5a3bc7ed, org.springframework.boot.test.autoconfigure.properties.PropertyMappingContextCustomizer@0, org.springframework.boot.test.autoconfigure.web.servlet.WebDriverContextCustomizerFactory$Customizer@68df9280, org.springframework.boot.test.context.filter.ExcludeFilterContextCustomizer@3f91b517, org.springframework.boot.test.json.DuplicateJsonObjectContextCustomizerFactory$DuplicateJsonObjectContextCustomizer@59a008ba, org.springframework.boot.test.mock.mockito.MockitoContextCustomizer@c36139f5], contextLoader = 'org.springframework.test.context.support.DelegatingSmartContextLoader', parent = [null]]]
23:36:54.377 [Test worker] DEBUG org.springframework.test.context.cache - Spring test ApplicationContext cache statistics: [DefaultContextCache@f3021cb size = 5, maxSize = 32, parentContextCount = 0, hitCount = 418, missCount = 5]
23:36:54.377 [Test worker] DEBUG org.springframework.test.context.cache.DefaultCacheAwareContextLoaderDelegate - Retrieved ApplicationContext [784556863] from cache with key [[MergedContextConfiguration@1f3165e7 testClass = WaiverTest, locations = '{}', classes = '{class org.waldreg.attendance.waiver.DefaultWaiverManager, class org.waldreg.attendance.rule.valid.AttendanceDateValidator}', contextInitializerClasses = '[]', activeProfiles = '{}', propertySourceLocations = '{}', propertySourceProperties = '{}', contextCustomizers = set[org.springframework.boot.test.autoconfigure.actuate.metrics.MetricsExportContextCustomizerFactory$DisableMetricExportContextCustomizer@5a3bc7ed, org.springframework.boot.test.autoconfigure.properties.PropertyMappingContextCustomizer@0, org.springframework.boot.test.autoconfigure.web.servlet.WebDriverContextCustomizerFactory$Customizer@68df9280, org.springframework.boot.test.context.filter.ExcludeFilterContextCustomizer@3f91b517, org.springframework.boot.test.json.DuplicateJsonObjectContextCustomizerFactory$DuplicateJsonObjectContextCustomizer@59a008ba, org.springframework.boot.test.mock.mockito.MockitoContextCustomizer@c36139f5], contextLoader = 'org.springframework.test.context.support.DelegatingSmartContextLoader', parent = [null]]]
23:36:54.377 [Test worker] DEBUG org.springframework.test.context.cache - Spring test ApplicationContext cache statistics: [DefaultContextCache@f3021cb size = 5, maxSize = 32, parentContextCount = 0, hitCount = 419, missCount = 5]
23:36:54.377 [Test worker] DEBUG org.springframework.test.context.support.AbstractDirtiesContextTestExecutionListener - After test method: context [DefaultTestContext@622fdb81 testClass = WaiverTest, testInstance = org.waldreg.attendance.waiver.WaiverTest@34d4860f, testMethod = CREATE_NEW_WAIVER_FAIL_NOT_ATTENDANCE_TARGET_TEST@WaiverTest, testException = [null], mergedContextConfiguration = [MergedContextConfiguration@1f3165e7 testClass = WaiverTest, locations = '{}', classes = '{class org.waldreg.attendance.waiver.DefaultWaiverManager, class org.waldreg.attendance.rule.valid.AttendanceDateValidator}', contextInitializerClasses = '[]', activeProfiles = '{}', propertySourceLocations = '{}', propertySourceProperties = '{}', contextCustomizers = set[org.springframework.boot.test.autoconfigure.actuate.metrics.MetricsExportContextCustomizerFactory$DisableMetricExportContextCustomizer@5a3bc7ed, org.springframework.boot.test.autoconfigure.properties.PropertyMappingContextCustomizer@0, org.springframework.boot.test.autoconfigure.web.servlet.WebDriverContextCustomizerFactory$Customizer@68df9280, org.springframework.boot.test.context.filter.ExcludeFilterContextCustomizer@3f91b517, org.springframework.boot.test.json.DuplicateJsonObjectContextCustomizerFactory$DuplicateJsonObjectContextCustomizer@59a008ba, org.springframework.boot.test.mock.mockito.MockitoContextCustomizer@c36139f5], contextLoader = 'org.springframework.test.context.support.DelegatingSmartContextLoader', parent = [null]], attributes = map['org.springframework.test.context.event.ApplicationEventsTestExecutionListener.recordApplicationEvents' -> false]], class annotated with @DirtiesContext [false] with mode [null], method annotated with @DirtiesContext [false] with mode [null].
23:36:54.377 [Test worker] DEBUG org.springframework.test.context.cache.DefaultCacheAwareContextLoaderDelegate - Retrieved ApplicationContext [784556863] from cache with key [[MergedContextConfiguration@1f3165e7 testClass = WaiverTest, locations = '{}', classes = '{class org.waldreg.attendance.waiver.DefaultWaiverManager, class org.waldreg.attendance.rule.valid.AttendanceDateValidator}', contextInitializerClasses = '[]', activeProfiles = '{}', propertySourceLocations = '{}', propertySourceProperties = '{}', contextCustomizers = set[org.springframework.boot.test.autoconfigure.actuate.metrics.MetricsExportContextCustomizerFactory$DisableMetricExportContextCustomizer@5a3bc7ed, org.springframework.boot.test.autoconfigure.properties.PropertyMappingContextCustomizer@0, org.springframework.boot.test.autoconfigure.web.servlet.WebDriverContextCustomizerFactory$Customizer@68df9280, org.springframework.boot.test.context.filter.ExcludeFilterContextCustomizer@3f91b517, org.springframework.boot.test.json.DuplicateJsonObjectContextCustomizerFactory$DuplicateJsonObjectContextCustomizer@59a008ba, org.springframework.boot.test.mock.mockito.MockitoContextCustomizer@c36139f5], contextLoader = 'org.springframework.test.context.support.DelegatingSmartContextLoader', parent = [null]]]
23:36:54.377 [Test worker] DEBUG org.springframework.test.context.cache - Spring test ApplicationContext cache statistics: [DefaultContextCache@f3021cb size = 5, maxSize = 32, parentContextCount = 0, hitCount = 420, missCount = 5]
23:36:54.377 [Test worker] DEBUG org.springframework.test.context.support.DependencyInjectionTestExecutionListener - Performing dependency injection for test context [[DefaultTestContext@622fdb81 testClass = WaiverTest, testInstance = org.waldreg.attendance.waiver.WaiverTest@41fe8e5f, testMethod = [null], testException = [null], mergedContextConfiguration = [MergedContextConfiguration@1f3165e7 testClass = WaiverTest, locations = '{}', classes = '{class org.waldreg.attendance.waiver.DefaultWaiverManager, class org.waldreg.attendance.rule.valid.AttendanceDateValidator}', contextInitializerClasses = '[]', activeProfiles = '{}', propertySourceLocations = '{}', propertySourceProperties = '{}', contextCustomizers = set[org.springframework.boot.test.autoconfigure.actuate.metrics.MetricsExportContextCustomizerFactory$DisableMetricExportContextCustomizer@5a3bc7ed, org.springframework.boot.test.autoconfigure.properties.PropertyMappingContextCustomizer@0, org.springframework.boot.test.autoconfigure.web.servlet.WebDriverContextCustomizerFactory$Customizer@68df9280, org.springframework.boot.test.context.filter.ExcludeFilterContextCustomizer@3f91b517, org.springframework.boot.test.json.DuplicateJsonObjectContextCustomizerFactory$DuplicateJsonObjectContextCustomizer@59a008ba, org.springframework.boot.test.mock.mockito.MockitoContextCustomizer@c36139f5], contextLoader = 'org.springframework.test.context.support.DelegatingSmartContextLoader', parent = [null]], attributes = map['org.springframework.test.context.event.ApplicationEventsTestExecutionListener.recordApplicationEvents' -> false]]].
23:36:54.377 [Test worker] DEBUG org.springframework.test.context.cache.DefaultCacheAwareContextLoaderDelegate - Retrieved ApplicationContext [784556863] from cache with key [[MergedContextConfiguration@1f3165e7 testClass = WaiverTest, locations = '{}', classes = '{class org.waldreg.attendance.waiver.DefaultWaiverManager, class org.waldreg.attendance.rule.valid.AttendanceDateValidator}', contextInitializerClasses = '[]', activeProfiles = '{}', propertySourceLocations = '{}', propertySourceProperties = '{}', contextCustomizers = set[org.springframework.boot.test.autoconfigure.actuate.metrics.MetricsExportContextCustomizerFactory$DisableMetricExportContextCustomizer@5a3bc7ed, org.springframework.boot.test.autoconfigure.properties.PropertyMappingContextCustomizer@0, org.springframework.boot.test.autoconfigure.web.servlet.WebDriverContextCustomizerFactory$Customizer@68df9280, org.springframework.boot.test.context.filter.ExcludeFilterContextCustomizer@3f91b517, org.springframework.boot.test.json.DuplicateJsonObjectContextCustomizerFactory$DuplicateJsonObjectContextCustomizer@59a008ba, org.springframework.boot.test.mock.mockito.MockitoContextCustomizer@c36139f5], contextLoader = 'org.springframework.test.context.support.DelegatingSmartContextLoader', parent = [null]]]
23:36:54.377 [Test worker] DEBUG org.springframework.test.context.cache - Spring test ApplicationContext cache statistics: [DefaultContextCache@f3021cb size = 5, maxSize = 32, parentContextCount = 0, hitCount = 421, missCount = 5]
23:36:54.377 [Test worker] DEBUG org.springframework.test.context.cache.DefaultCacheAwareContextLoaderDelegate - Retrieved ApplicationContext [784556863] from cache with key [[MergedContextConfiguration@1f3165e7 testClass = WaiverTest, locations = '{}', classes = '{class org.waldreg.attendance.waiver.DefaultWaiverManager, class org.waldreg.attendance.rule.valid.AttendanceDateValidator}', contextInitializerClasses = '[]', activeProfiles = '{}', propertySourceLocations = '{}', propertySourceProperties = '{}', contextCustomizers = set[org.springframework.boot.test.autoconfigure.actuate.metrics.MetricsExportContextCustomizerFactory$DisableMetricExportContextCustomizer@5a3bc7ed, org.springframework.boot.test.autoconfigure.properties.PropertyMappingContextCustomizer@0, org.springframework.boot.test.autoconfigure.web.servlet.WebDriverContextCustomizerFactory$Customizer@68df9280, org.springframework.boot.test.context.filter.ExcludeFilterContextCustomizer@3f91b517, org.springframework.boot.test.json.DuplicateJsonObjectContextCustomizerFactory$DuplicateJsonObjectContextCustomizer@59a008ba, org.springframework.boot.test.mock.mockito.MockitoContextCustomizer@c36139f5], contextLoader = 'org.springframework.test.context.support.DelegatingSmartContextLoader', parent = [null]]]
23:36:54.377 [Test worker] DEBUG org.springframework.test.context.cache - Spring test ApplicationContext cache statistics: [DefaultContextCache@f3021cb size = 5, maxSize = 32, parentContextCount = 0, hitCount = 422, missCount = 5]
23:36:54.377 [Test worker] DEBUG org.springframework.test.context.support.AbstractDirtiesContextTestExecutionListener - Before test method: context [DefaultTestContext@622fdb81 testClass = WaiverTest, testInstance = org.waldreg.attendance.waiver.WaiverTest@41fe8e5f, testMethod = READ_ATTENDANCE_WAIVER_LIST_SUCCESS_TEST@WaiverTest, testException = [null], mergedContextConfiguration = [MergedContextConfiguration@1f3165e7 testClass = WaiverTest, locations = '{}', classes = '{class org.waldreg.attendance.waiver.DefaultWaiverManager, class org.waldreg.attendance.rule.valid.AttendanceDateValidator}', contextInitializerClasses = '[]', activeProfiles = '{}', propertySourceLocations = '{}', propertySourceProperties = '{}', contextCustomizers = set[org.springframework.boot.test.autoconfigure.actuate.metrics.MetricsExportContextCustomizerFactory$DisableMetricExportContextCustomizer@5a3bc7ed, org.springframework.boot.test.autoconfigure.properties.PropertyMappingContextCustomizer@0, org.springframework.boot.test.autoconfigure.web.servlet.WebDriverContextCustomizerFactory$Customizer@68df9280, org.springframework.boot.test.context.filter.ExcludeFilterContextCustomizer@3f91b517, org.springframework.boot.test.json.DuplicateJsonObjectContextCustomizerFactory$DuplicateJsonObjectContextCustomizer@59a008ba, org.springframework.boot.test.mock.mockito.MockitoContextCustomizer@c36139f5], contextLoader = 'org.springframework.test.context.support.DelegatingSmartContextLoader', parent = [null]], attributes = map['org.springframework.test.context.event.ApplicationEventsTestExecutionListener.recordApplicationEvents' -> false]], class annotated with @DirtiesContext [false] with mode [null], method annotated with @DirtiesContext [false] with mode [null].
23:36:54.377 [Test worker] DEBUG org.springframework.test.context.cache.DefaultCacheAwareContextLoaderDelegate - Retrieved ApplicationContext [784556863] from cache with key [[MergedContextConfiguration@1f3165e7 testClass = WaiverTest, locations = '{}', classes = '{class org.waldreg.attendance.waiver.DefaultWaiverManager, class org.waldreg.attendance.rule.valid.AttendanceDateValidator}', contextInitializerClasses = '[]', activeProfiles = '{}', propertySourceLocations = '{}', propertySourceProperties = '{}', contextCustomizers = set[org.springframework.boot.test.autoconfigure.actuate.metrics.MetricsExportContextCustomizerFactory$DisableMetricExportContextCustomizer@5a3bc7ed, org.springframework.boot.test.autoconfigure.properties.PropertyMappingContextCustomizer@0, org.springframework.boot.test.autoconfigure.web.servlet.WebDriverContextCustomizerFactory$Customizer@68df9280, org.springframework.boot.test.context.filter.ExcludeFilterContextCustomizer@3f91b517, org.springframework.boot.test.json.DuplicateJsonObjectContextCustomizerFactory$DuplicateJsonObjectContextCustomizer@59a008ba, org.springframework.boot.test.mock.mockito.MockitoContextCustomizer@c36139f5], contextLoader = 'org.springframework.test.context.support.DelegatingSmartContextLoader', parent = [null]]]
23:36:54.377 [Test worker] DEBUG org.springframework.test.context.cache - Spring test ApplicationContext cache statistics: [DefaultContextCache@f3021cb size = 5, maxSize = 32, parentContextCount = 0, hitCount = 423, missCount = 5]
23:36:54.377 [Test worker] DEBUG org.springframework.test.context.cache.DefaultCacheAwareContextLoaderDelegate - Retrieved ApplicationContext [784556863] from cache with key [[MergedContextConfiguration@1f3165e7 testClass = WaiverTest, locations = '{}', classes = '{class org.waldreg.attendance.waiver.DefaultWaiverManager, class org.waldreg.attendance.rule.valid.AttendanceDateValidator}', contextInitializerClasses = '[]', activeProfiles = '{}', propertySourceLocations = '{}', propertySourceProperties = '{}', contextCustomizers = set[org.springframework.boot.test.autoconfigure.actuate.metrics.MetricsExportContextCustomizerFactory$DisableMetricExportContextCustomizer@5a3bc7ed, org.springframework.boot.test.autoconfigure.properties.PropertyMappingContextCustomizer@0, org.springframework.boot.test.autoconfigure.web.servlet.WebDriverContextCustomizerFactory$Customizer@68df9280, org.springframework.boot.test.context.filter.ExcludeFilterContextCustomizer@3f91b517, org.springframework.boot.test.json.DuplicateJsonObjectContextCustomizerFactory$DuplicateJsonObjectContextCustomizer@59a008ba, org.springframework.boot.test.mock.mockito.MockitoContextCustomizer@c36139f5], contextLoader = 'org.springframework.test.context.support.DelegatingSmartContextLoader', parent = [null]]]
23:36:54.377 [Test worker] DEBUG org.springframework.test.context.cache - Spring test ApplicationContext cache statistics: [DefaultContextCache@f3021cb size = 5, maxSize = 32, parentContextCount = 0, hitCount = 424, missCount = 5]
23:36:54.377 [Test worker] DEBUG org.springframework.test.context.cache.DefaultCacheAwareContextLoaderDelegate - Retrieved ApplicationContext [784556863] from cache with key [[MergedContextConfiguration@1f3165e7 testClass = WaiverTest, locations = '{}', classes = '{class org.waldreg.attendance.waiver.DefaultWaiverManager, class org.waldreg.attendance.rule.valid.AttendanceDateValidator}', contextInitializerClasses = '[]', activeProfiles = '{}', propertySourceLocations = '{}', propertySourceProperties = '{}', contextCustomizers = set[org.springframework.boot.test.autoconfigure.actuate.metrics.MetricsExportContextCustomizerFactory$DisableMetricExportContextCustomizer@5a3bc7ed, org.springframework.boot.test.autoconfigure.properties.PropertyMappingContextCustomizer@0, org.springframework.boot.test.autoconfigure.web.servlet.WebDriverContextCustomizerFactory$Customizer@68df9280, org.springframework.boot.test.context.filter.ExcludeFilterContextCustomizer@3f91b517, org.springframework.boot.test.json.DuplicateJsonObjectContextCustomizerFactory$DuplicateJsonObjectContextCustomizer@59a008ba, org.springframework.boot.test.mock.mockito.MockitoContextCustomizer@c36139f5], contextLoader = 'org.springframework.test.context.support.DelegatingSmartContextLoader', parent = [null]]]
23:36:54.378 [Test worker] DEBUG org.springframework.test.context.cache - Spring test ApplicationContext cache statistics: [DefaultContextCache@f3021cb size = 5, maxSize = 32, parentContextCount = 0, hitCount = 425, missCount = 5]
23:36:54.378 [Test worker] DEBUG org.springframework.test.context.cache.DefaultCacheAwareContextLoaderDelegate - Retrieved ApplicationContext [784556863] from cache with key [[MergedContextConfiguration@1f3165e7 testClass = WaiverTest, locations = '{}', classes = '{class org.waldreg.attendance.waiver.DefaultWaiverManager, class org.waldreg.attendance.rule.valid.AttendanceDateValidator}', contextInitializerClasses = '[]', activeProfiles = '{}', propertySourceLocations = '{}', propertySourceProperties = '{}', contextCustomizers = set[org.springframework.boot.test.autoconfigure.actuate.metrics.MetricsExportContextCustomizerFactory$DisableMetricExportContextCustomizer@5a3bc7ed, org.springframework.boot.test.autoconfigure.properties.PropertyMappingContextCustomizer@0, org.springframework.boot.test.autoconfigure.web.servlet.WebDriverContextCustomizerFactory$Customizer@68df9280, org.springframework.boot.test.context.filter.ExcludeFilterContextCustomizer@3f91b517, org.springframework.boot.test.json.DuplicateJsonObjectContextCustomizerFactory$DuplicateJsonObjectContextCustomizer@59a008ba, org.springframework.boot.test.mock.mockito.MockitoContextCustomizer@c36139f5], contextLoader = 'org.springframework.test.context.support.DelegatingSmartContextLoader', parent = [null]]]
23:36:54.378 [Test worker] DEBUG org.springframework.test.context.cache - Spring test ApplicationContext cache statistics: [DefaultContextCache@f3021cb size = 5, maxSize = 32, parentContextCount = 0, hitCount = 426, missCount = 5]
23:36:54.378 [Test worker] DEBUG org.springframework.test.context.cache.DefaultCacheAwareContextLoaderDelegate - Retrieved ApplicationContext [784556863] from cache with key [[MergedContextConfiguration@1f3165e7 testClass = WaiverTest, locations = '{}', classes = '{class org.waldreg.attendance.waiver.DefaultWaiverManager, class org.waldreg.attendance.rule.valid.AttendanceDateValidator}', contextInitializerClasses = '[]', activeProfiles = '{}', propertySourceLocations = '{}', propertySourceProperties = '{}', contextCustomizers = set[org.springframework.boot.test.autoconfigure.actuate.metrics.MetricsExportContextCustomizerFactory$DisableMetricExportContextCustomizer@5a3bc7ed, org.springframework.boot.test.autoconfigure.properties.PropertyMappingContextCustomizer@0, org.springframework.boot.test.autoconfigure.web.servlet.WebDriverContextCustomizerFactory$Customizer@68df9280, org.springframework.boot.test.context.filter.ExcludeFilterContextCustomizer@3f91b517, org.springframework.boot.test.json.DuplicateJsonObjectContextCustomizerFactory$DuplicateJsonObjectContextCustomizer@59a008ba, org.springframework.boot.test.mock.mockito.MockitoContextCustomizer@c36139f5], contextLoader = 'org.springframework.test.context.support.DelegatingSmartContextLoader', parent = [null]]]
23:36:54.378 [Test worker] DEBUG org.springframework.test.context.cache - Spring test ApplicationContext cache statistics: [DefaultContextCache@f3021cb size = 5, maxSize = 32, parentContextCount = 0, hitCount = 427, missCount = 5]
23:36:54.378 [Test worker] DEBUG org.springframework.test.context.cache.DefaultCacheAwareContextLoaderDelegate - Retrieved ApplicationContext [784556863] from cache with key [[MergedContextConfiguration@1f3165e7 testClass = WaiverTest, locations = '{}', classes = '{class org.waldreg.attendance.waiver.DefaultWaiverManager, class org.waldreg.attendance.rule.valid.AttendanceDateValidator}', contextInitializerClasses = '[]', activeProfiles = '{}', propertySourceLocations = '{}', propertySourceProperties = '{}', contextCustomizers = set[org.springframework.boot.test.autoconfigure.actuate.metrics.MetricsExportContextCustomizerFactory$DisableMetricExportContextCustomizer@5a3bc7ed, org.springframework.boot.test.autoconfigure.properties.PropertyMappingContextCustomizer@0, org.springframework.boot.test.autoconfigure.web.servlet.WebDriverContextCustomizerFactory$Customizer@68df9280, org.springframework.boot.test.context.filter.ExcludeFilterContextCustomizer@3f91b517, org.springframework.boot.test.json.DuplicateJsonObjectContextCustomizerFactory$DuplicateJsonObjectContextCustomizer@59a008ba, org.springframework.boot.test.mock.mockito.MockitoContextCustomizer@c36139f5], contextLoader = 'org.springframework.test.context.support.DelegatingSmartContextLoader', parent = [null]]]
23:36:54.378 [Test worker] DEBUG org.springframework.test.context.cache - Spring test ApplicationContext cache statistics: [DefaultContextCache@f3021cb size = 5, maxSize = 32, parentContextCount = 0, hitCount = 428, missCount = 5]
23:36:54.378 [Test worker] DEBUG org.springframework.test.context.cache.DefaultCacheAwareContextLoaderDelegate - Retrieved ApplicationContext [784556863] from cache with key [[MergedContextConfiguration@1f3165e7 testClass = WaiverTest, locations = '{}', classes = '{class org.waldreg.attendance.waiver.DefaultWaiverManager, class org.waldreg.attendance.rule.valid.AttendanceDateValidator}', contextInitializerClasses = '[]', activeProfiles = '{}', propertySourceLocations = '{}', propertySourceProperties = '{}', contextCustomizers = set[org.springframework.boot.test.autoconfigure.actuate.metrics.MetricsExportContextCustomizerFactory$DisableMetricExportContextCustomizer@5a3bc7ed, org.springframework.boot.test.autoconfigure.properties.PropertyMappingContextCustomizer@0, org.springframework.boot.test.autoconfigure.web.servlet.WebDriverContextCustomizerFactory$Customizer@68df9280, org.springframework.boot.test.context.filter.ExcludeFilterContextCustomizer@3f91b517, org.springframework.boot.test.json.DuplicateJsonObjectContextCustomizerFactory$DuplicateJsonObjectContextCustomizer@59a008ba, org.springframework.boot.test.mock.mockito.MockitoContextCustomizer@c36139f5], contextLoader = 'org.springframework.test.context.support.DelegatingSmartContextLoader', parent = [null]]]
23:36:54.378 [Test worker] DEBUG org.springframework.test.context.cache - Spring test ApplicationContext cache statistics: [DefaultContextCache@f3021cb size = 5, maxSize = 32, parentContextCount = 0, hitCount = 429, missCount = 5]
23:36:54.378 [Test worker] DEBUG org.springframework.test.context.cache.DefaultCacheAwareContextLoaderDelegate - Retrieved ApplicationContext [784556863] from cache with key [[MergedContextConfiguration@1f3165e7 testClass = WaiverTest, locations = '{}', classes = '{class org.waldreg.attendance.waiver.DefaultWaiverManager, class org.waldreg.attendance.rule.valid.AttendanceDateValidator}', contextInitializerClasses = '[]', activeProfiles = '{}', propertySourceLocations = '{}', propertySourceProperties = '{}', contextCustomizers = set[org.springframework.boot.test.autoconfigure.actuate.metrics.MetricsExportContextCustomizerFactory$DisableMetricExportContextCustomizer@5a3bc7ed, org.springframework.boot.test.autoconfigure.properties.PropertyMappingContextCustomizer@0, org.springframework.boot.test.autoconfigure.web.servlet.WebDriverContextCustomizerFactory$Customizer@68df9280, org.springframework.boot.test.context.filter.ExcludeFilterContextCustomizer@3f91b517, org.springframework.boot.test.json.DuplicateJsonObjectContextCustomizerFactory$DuplicateJsonObjectContextCustomizer@59a008ba, org.springframework.boot.test.mock.mockito.MockitoContextCustomizer@c36139f5], contextLoader = 'org.springframework.test.context.support.DelegatingSmartContextLoader', parent = [null]]]
23:36:54.378 [Test worker] DEBUG org.springframework.test.context.cache - Spring test ApplicationContext cache statistics: [DefaultContextCache@f3021cb size = 5, maxSize = 32, parentContextCount = 0, hitCount = 430, missCount = 5]
23:36:54.378 [Test worker] DEBUG org.springframework.test.context.cache.DefaultCacheAwareContextLoaderDelegate - Retrieved ApplicationContext [784556863] from cache with key [[MergedContextConfiguration@1f3165e7 testClass = WaiverTest, locations = '{}', classes = '{class org.waldreg.attendance.waiver.DefaultWaiverManager, class org.waldreg.attendance.rule.valid.AttendanceDateValidator}', contextInitializerClasses = '[]', activeProfiles = '{}', propertySourceLocations = '{}', propertySourceProperties = '{}', contextCustomizers = set[org.springframework.boot.test.autoconfigure.actuate.metrics.MetricsExportContextCustomizerFactory$DisableMetricExportContextCustomizer@5a3bc7ed, org.springframework.boot.test.autoconfigure.properties.PropertyMappingContextCustomizer@0, org.springframework.boot.test.autoconfigure.web.servlet.WebDriverContextCustomizerFactory$Customizer@68df9280, org.springframework.boot.test.context.filter.ExcludeFilterContextCustomizer@3f91b517, org.springframework.boot.test.json.DuplicateJsonObjectContextCustomizerFactory$DuplicateJsonObjectContextCustomizer@59a008ba, org.springframework.boot.test.mock.mockito.MockitoContextCustomizer@c36139f5], contextLoader = 'org.springframework.test.context.support.DelegatingSmartContextLoader', parent = [null]]]
23:36:54.378 [Test worker] DEBUG org.springframework.test.context.cache - Spring test ApplicationContext cache statistics: [DefaultContextCache@f3021cb size = 5, maxSize = 32, parentContextCount = 0, hitCount = 431, missCount = 5]
23:36:54.379 [Test worker] DEBUG org.springframework.test.context.support.AbstractDirtiesContextTestExecutionListener - After test method: context [DefaultTestContext@622fdb81 testClass = WaiverTest, testInstance = org.waldreg.attendance.waiver.WaiverTest@41fe8e5f, testMethod = READ_ATTENDANCE_WAIVER_LIST_SUCCESS_TEST@WaiverTest, testException = [null], mergedContextConfiguration = [MergedContextConfiguration@1f3165e7 testClass = WaiverTest, locations = '{}', classes = '{class org.waldreg.attendance.waiver.DefaultWaiverManager, class org.waldreg.attendance.rule.valid.AttendanceDateValidator}', contextInitializerClasses = '[]', activeProfiles = '{}', propertySourceLocations = '{}', propertySourceProperties = '{}', contextCustomizers = set[org.springframework.boot.test.autoconfigure.actuate.metrics.MetricsExportContextCustomizerFactory$DisableMetricExportContextCustomizer@5a3bc7ed, org.springframework.boot.test.autoconfigure.properties.PropertyMappingContextCustomizer@0, org.springframework.boot.test.autoconfigure.web.servlet.WebDriverContextCustomizerFactory$Customizer@68df9280, org.springframework.boot.test.context.filter.ExcludeFilterContextCustomizer@3f91b517, org.springframework.boot.test.json.DuplicateJsonObjectContextCustomizerFactory$DuplicateJsonObjectContextCustomizer@59a008ba, org.springframework.boot.test.mock.mockito.MockitoContextCustomizer@c36139f5], contextLoader = 'org.springframework.test.context.support.DelegatingSmartContextLoader', parent = [null]], attributes = map['org.springframework.test.context.event.ApplicationEventsTestExecutionListener.recordApplicationEvents' -> false]], class annotated with @DirtiesContext [false] with mode [null], method annotated with @DirtiesContext [false] with mode [null].
23:36:54.379 [Test worker] DEBUG org.springframework.test.context.cache.DefaultCacheAwareContextLoaderDelegate - Retrieved ApplicationContext [784556863] from cache with key [[MergedContextConfiguration@1f3165e7 testClass = WaiverTest, locations = '{}', classes = '{class org.waldreg.attendance.waiver.DefaultWaiverManager, class org.waldreg.attendance.rule.valid.AttendanceDateValidator}', contextInitializerClasses = '[]', activeProfiles = '{}', propertySourceLocations = '{}', propertySourceProperties = '{}', contextCustomizers = set[org.springframework.boot.test.autoconfigure.actuate.metrics.MetricsExportContextCustomizerFactory$DisableMetricExportContextCustomizer@5a3bc7ed, org.springframework.boot.test.autoconfigure.properties.PropertyMappingContextCustomizer@0, org.springframework.boot.test.autoconfigure.web.servlet.WebDriverContextCustomizerFactory$Customizer@68df9280, org.springframework.boot.test.context.filter.ExcludeFilterContextCustomizer@3f91b517, org.springframework.boot.test.json.DuplicateJsonObjectContextCustomizerFactory$DuplicateJsonObjectContextCustomizer@59a008ba, org.springframework.boot.test.mock.mockito.MockitoContextCustomizer@c36139f5], contextLoader = 'org.springframework.test.context.support.DelegatingSmartContextLoader', parent = [null]]]
23:36:54.379 [Test worker] DEBUG org.springframework.test.context.cache - Spring test ApplicationContext cache statistics: [DefaultContextCache@f3021cb size = 5, maxSize = 32, parentContextCount = 0, hitCount = 432, missCount = 5]
23:36:54.379 [Test worker] DEBUG org.springframework.test.context.support.DependencyInjectionTestExecutionListener - Performing dependency injection for test context [[DefaultTestContext@622fdb81 testClass = WaiverTest, testInstance = org.waldreg.attendance.waiver.WaiverTest@51a6cc2a, testMethod = [null], testException = [null], mergedContextConfiguration = [MergedContextConfiguration@1f3165e7 testClass = WaiverTest, locations = '{}', classes = '{class org.waldreg.attendance.waiver.DefaultWaiverManager, class org.waldreg.attendance.rule.valid.AttendanceDateValidator}', contextInitializerClasses = '[]', activeProfiles = '{}', propertySourceLocations = '{}', propertySourceProperties = '{}', contextCustomizers = set[org.springframework.boot.test.autoconfigure.actuate.metrics.MetricsExportContextCustomizerFactory$DisableMetricExportContextCustomizer@5a3bc7ed, org.springframework.boot.test.autoconfigure.properties.PropertyMappingContextCustomizer@0, org.springframework.boot.test.autoconfigure.web.servlet.WebDriverContextCustomizerFactory$Customizer@68df9280, org.springframework.boot.test.context.filter.ExcludeFilterContextCustomizer@3f91b517, org.springframework.boot.test.json.DuplicateJsonObjectContextCustomizerFactory$DuplicateJsonObjectContextCustomizer@59a008ba, org.springframework.boot.test.mock.mockito.MockitoContextCustomizer@c36139f5], contextLoader = 'org.springframework.test.context.support.DelegatingSmartContextLoader', parent = [null]], attributes = map['org.springframework.test.context.event.ApplicationEventsTestExecutionListener.recordApplicationEvents' -> false]]].
23:36:54.379 [Test worker] DEBUG org.springframework.test.context.cache.DefaultCacheAwareContextLoaderDelegate - Retrieved ApplicationContext [784556863] from cache with key [[MergedContextConfiguration@1f3165e7 testClass = WaiverTest, locations = '{}', classes = '{class org.waldreg.attendance.waiver.DefaultWaiverManager, class org.waldreg.attendance.rule.valid.AttendanceDateValidator}', contextInitializerClasses = '[]', activeProfiles = '{}', propertySourceLocations = '{}', propertySourceProperties = '{}', contextCustomizers = set[org.springframework.boot.test.autoconfigure.actuate.metrics.MetricsExportContextCustomizerFactory$DisableMetricExportContextCustomizer@5a3bc7ed, org.springframework.boot.test.autoconfigure.properties.PropertyMappingContextCustomizer@0, org.springframework.boot.test.autoconfigure.web.servlet.WebDriverContextCustomizerFactory$Customizer@68df9280, org.springframework.boot.test.context.filter.ExcludeFilterContextCustomizer@3f91b517, org.springframework.boot.test.json.DuplicateJsonObjectContextCustomizerFactory$DuplicateJsonObjectContextCustomizer@59a008ba, org.springframework.boot.test.mock.mockito.MockitoContextCustomizer@c36139f5], contextLoader = 'org.springframework.test.context.support.DelegatingSmartContextLoader', parent = [null]]]
23:36:54.379 [Test worker] DEBUG org.springframework.test.context.cache - Spring test ApplicationContext cache statistics: [DefaultContextCache@f3021cb size = 5, maxSize = 32, parentContextCount = 0, hitCount = 433, missCount = 5]
23:36:54.379 [Test worker] DEBUG org.springframework.test.context.cache.DefaultCacheAwareContextLoaderDelegate - Retrieved ApplicationContext [784556863] from cache with key [[MergedContextConfiguration@1f3165e7 testClass = WaiverTest, locations = '{}', classes = '{class org.waldreg.attendance.waiver.DefaultWaiverManager, class org.waldreg.attendance.rule.valid.AttendanceDateValidator}', contextInitializerClasses = '[]', activeProfiles = '{}', propertySourceLocations = '{}', propertySourceProperties = '{}', contextCustomizers = set[org.springframework.boot.test.autoconfigure.actuate.metrics.MetricsExportContextCustomizerFactory$DisableMetricExportContextCustomizer@5a3bc7ed, org.springframework.boot.test.autoconfigure.properties.PropertyMappingContextCustomizer@0, org.springframework.boot.test.autoconfigure.web.servlet.WebDriverContextCustomizerFactory$Customizer@68df9280, org.springframework.boot.test.context.filter.ExcludeFilterContextCustomizer@3f91b517, org.springframework.boot.test.json.DuplicateJsonObjectContextCustomizerFactory$DuplicateJsonObjectContextCustomizer@59a008ba, org.springframework.boot.test.mock.mockito.MockitoContextCustomizer@c36139f5], contextLoader = 'org.springframework.test.context.support.DelegatingSmartContextLoader', parent = [null]]]
23:36:54.379 [Test worker] DEBUG org.springframework.test.context.cache - Spring test ApplicationContext cache statistics: [DefaultContextCache@f3021cb size = 5, maxSize = 32, parentContextCount = 0, hitCount = 434, missCount = 5]
23:36:54.379 [Test worker] DEBUG org.springframework.test.context.support.AbstractDirtiesContextTestExecutionListener - Before test method: context [DefaultTestContext@622fdb81 testClass = WaiverTest, testInstance = org.waldreg.attendance.waiver.WaiverTest@51a6cc2a, testMethod = ACCEPT_ATTENDANCE_WAIVER_FAIL_UNKNOWN_ATTENDANCE_TYPE_TEST@WaiverTest, testException = [null], mergedContextConfiguration = [MergedContextConfiguration@1f3165e7 testClass = WaiverTest, locations = '{}', classes = '{class org.waldreg.attendance.waiver.DefaultWaiverManager, class org.waldreg.attendance.rule.valid.AttendanceDateValidator}', contextInitializerClasses = '[]', activeProfiles = '{}', propertySourceLocations = '{}', propertySourceProperties = '{}', contextCustomizers = set[org.springframework.boot.test.autoconfigure.actuate.metrics.MetricsExportContextCustomizerFactory$DisableMetricExportContextCustomizer@5a3bc7ed, org.springframework.boot.test.autoconfigure.properties.PropertyMappingContextCustomizer@0, org.springframework.boot.test.autoconfigure.web.servlet.WebDriverContextCustomizerFactory$Customizer@68df9280, org.springframework.boot.test.context.filter.ExcludeFilterContextCustomizer@3f91b517, org.springframework.boot.test.json.DuplicateJsonObjectContextCustomizerFactory$DuplicateJsonObjectContextCustomizer@59a008ba, org.springframework.boot.test.mock.mockito.MockitoContextCustomizer@c36139f5], contextLoader = 'org.springframework.test.context.support.DelegatingSmartContextLoader', parent = [null]], attributes = map['org.springframework.test.context.event.ApplicationEventsTestExecutionListener.recordApplicationEvents' -> false]], class annotated with @DirtiesContext [false] with mode [null], method annotated with @DirtiesContext [false] with mode [null].
23:36:54.379 [Test worker] DEBUG org.springframework.test.context.cache.DefaultCacheAwareContextLoaderDelegate - Retrieved ApplicationContext [784556863] from cache with key [[MergedContextConfiguration@1f3165e7 testClass = WaiverTest, locations = '{}', classes = '{class org.waldreg.attendance.waiver.DefaultWaiverManager, class org.waldreg.attendance.rule.valid.AttendanceDateValidator}', contextInitializerClasses = '[]', activeProfiles = '{}', propertySourceLocations = '{}', propertySourceProperties = '{}', contextCustomizers = set[org.springframework.boot.test.autoconfigure.actuate.metrics.MetricsExportContextCustomizerFactory$DisableMetricExportContextCustomizer@5a3bc7ed, org.springframework.boot.test.autoconfigure.properties.PropertyMappingContextCustomizer@0, org.springframework.boot.test.autoconfigure.web.servlet.WebDriverContextCustomizerFactory$Customizer@68df9280, org.springframework.boot.test.context.filter.ExcludeFilterContextCustomizer@3f91b517, org.springframework.boot.test.json.DuplicateJsonObjectContextCustomizerFactory$DuplicateJsonObjectContextCustomizer@59a008ba, org.springframework.boot.test.mock.mockito.MockitoContextCustomizer@c36139f5], contextLoader = 'org.springframework.test.context.support.DelegatingSmartContextLoader', parent = [null]]]
23:36:54.379 [Test worker] DEBUG org.springframework.test.context.cache - Spring test ApplicationContext cache statistics: [DefaultContextCache@f3021cb size = 5, maxSize = 32, parentContextCount = 0, hitCount = 435, missCount = 5]
23:36:54.379 [Test worker] DEBUG org.springframework.test.context.cache.DefaultCacheAwareContextLoaderDelegate - Retrieved ApplicationContext [784556863] from cache with key [[MergedContextConfiguration@1f3165e7 testClass = WaiverTest, locations = '{}', classes = '{class org.waldreg.attendance.waiver.DefaultWaiverManager, class org.waldreg.attendance.rule.valid.AttendanceDateValidator}', contextInitializerClasses = '[]', activeProfiles = '{}', propertySourceLocations = '{}', propertySourceProperties = '{}', contextCustomizers = set[org.springframework.boot.test.autoconfigure.actuate.metrics.MetricsExportContextCustomizerFactory$DisableMetricExportContextCustomizer@5a3bc7ed, org.springframework.boot.test.autoconfigure.properties.PropertyMappingContextCustomizer@0, org.springframework.boot.test.autoconfigure.web.servlet.WebDriverContextCustomizerFactory$Customizer@68df9280, org.springframework.boot.test.context.filter.ExcludeFilterContextCustomizer@3f91b517, org.springframework.boot.test.json.DuplicateJsonObjectContextCustomizerFactory$DuplicateJsonObjectContextCustomizer@59a008ba, org.springframework.boot.test.mock.mockito.MockitoContextCustomizer@c36139f5], contextLoader = 'org.springframework.test.context.support.DelegatingSmartContextLoader', parent = [null]]]
23:36:54.379 [Test worker] DEBUG org.springframework.test.context.cache - Spring test ApplicationContext cache statistics: [DefaultContextCache@f3021cb size = 5, maxSize = 32, parentContextCount = 0, hitCount = 436, missCount = 5]
23:36:54.379 [Test worker] DEBUG org.springframework.test.context.cache.DefaultCacheAwareContextLoaderDelegate - Retrieved ApplicationContext [784556863] from cache with key [[MergedContextConfiguration@1f3165e7 testClass = WaiverTest, locations = '{}', classes = '{class org.waldreg.attendance.waiver.DefaultWaiverManager, class org.waldreg.attendance.rule.valid.AttendanceDateValidator}', contextInitializerClasses = '[]', activeProfiles = '{}', propertySourceLocations = '{}', propertySourceProperties = '{}', contextCustomizers = set[org.springframework.boot.test.autoconfigure.actuate.metrics.MetricsExportContextCustomizerFactory$DisableMetricExportContextCustomizer@5a3bc7ed, org.springframework.boot.test.autoconfigure.properties.PropertyMappingContextCustomizer@0, org.springframework.boot.test.autoconfigure.web.servlet.WebDriverContextCustomizerFactory$Customizer@68df9280, org.springframework.boot.test.context.filter.ExcludeFilterContextCustomizer@3f91b517, org.springframework.boot.test.json.DuplicateJsonObjectContextCustomizerFactory$DuplicateJsonObjectContextCustomizer@59a008ba, org.springframework.boot.test.mock.mockito.MockitoContextCustomizer@c36139f5], contextLoader = 'org.springframework.test.context.support.DelegatingSmartContextLoader', parent = [null]]]
23:36:54.379 [Test worker] DEBUG org.springframework.test.context.cache - Spring test ApplicationContext cache statistics: [DefaultContextCache@f3021cb size = 5, maxSize = 32, parentContextCount = 0, hitCount = 437, missCount = 5]
23:36:54.380 [Test worker] DEBUG org.springframework.test.context.cache.DefaultCacheAwareContextLoaderDelegate - Retrieved ApplicationContext [784556863] from cache with key [[MergedContextConfiguration@1f3165e7 testClass = WaiverTest, locations = '{}', classes = '{class org.waldreg.attendance.waiver.DefaultWaiverManager, class org.waldreg.attendance.rule.valid.AttendanceDateValidator}', contextInitializerClasses = '[]', activeProfiles = '{}', propertySourceLocations = '{}', propertySourceProperties = '{}', contextCustomizers = set[org.springframework.boot.test.autoconfigure.actuate.metrics.MetricsExportContextCustomizerFactory$DisableMetricExportContextCustomizer@5a3bc7ed, org.springframework.boot.test.autoconfigure.properties.PropertyMappingContextCustomizer@0, org.springframework.boot.test.autoconfigure.web.servlet.WebDriverContextCustomizerFactory$Customizer@68df9280, org.springframework.boot.test.context.filter.ExcludeFilterContextCustomizer@3f91b517, org.springframework.boot.test.json.DuplicateJsonObjectContextCustomizerFactory$DuplicateJsonObjectContextCustomizer@59a008ba, org.springframework.boot.test.mock.mockito.MockitoContextCustomizer@c36139f5], contextLoader = 'org.springframework.test.context.support.DelegatingSmartContextLoader', parent = [null]]]
23:36:54.380 [Test worker] DEBUG org.springframework.test.context.cache - Spring test ApplicationContext cache statistics: [DefaultContextCache@f3021cb size = 5, maxSize = 32, parentContextCount = 0, hitCount = 438, missCount = 5]
23:36:54.380 [Test worker] DEBUG org.springframework.test.context.cache.DefaultCacheAwareContextLoaderDelegate - Retrieved ApplicationContext [784556863] from cache with key [[MergedContextConfiguration@1f3165e7 testClass = WaiverTest, locations = '{}', classes = '{class org.waldreg.attendance.waiver.DefaultWaiverManager, class org.waldreg.attendance.rule.valid.AttendanceDateValidator}', contextInitializerClasses = '[]', activeProfiles = '{}', propertySourceLocations = '{}', propertySourceProperties = '{}', contextCustomizers = set[org.springframework.boot.test.autoconfigure.actuate.metrics.MetricsExportContextCustomizerFactory$DisableMetricExportContextCustomizer@5a3bc7ed, org.springframework.boot.test.autoconfigure.properties.PropertyMappingContextCustomizer@0, org.springframework.boot.test.autoconfigure.web.servlet.WebDriverContextCustomizerFactory$Customizer@68df9280, org.springframework.boot.test.context.filter.ExcludeFilterContextCustomizer@3f91b517, org.springframework.boot.test.json.DuplicateJsonObjectContextCustomizerFactory$DuplicateJsonObjectContextCustomizer@59a008ba, org.springframework.boot.test.mock.mockito.MockitoContextCustomizer@c36139f5], contextLoader = 'org.springframework.test.context.support.DelegatingSmartContextLoader', parent = [null]]]
23:36:54.380 [Test worker] DEBUG org.springframework.test.context.cache - Spring test ApplicationContext cache statistics: [DefaultContextCache@f3021cb size = 5, maxSize = 32, parentContextCount = 0, hitCount = 439, missCount = 5]
23:36:54.380 [Test worker] DEBUG org.springframework.test.context.cache.DefaultCacheAwareContextLoaderDelegate - Retrieved ApplicationContext [784556863] from cache with key [[MergedContextConfiguration@1f3165e7 testClass = WaiverTest, locations = '{}', classes = '{class org.waldreg.attendance.waiver.DefaultWaiverManager, class org.waldreg.attendance.rule.valid.AttendanceDateValidator}', contextInitializerClasses = '[]', activeProfiles = '{}', propertySourceLocations = '{}', propertySourceProperties = '{}', contextCustomizers = set[org.springframework.boot.test.autoconfigure.actuate.metrics.MetricsExportContextCustomizerFactory$DisableMetricExportContextCustomizer@5a3bc7ed, org.springframework.boot.test.autoconfigure.properties.PropertyMappingContextCustomizer@0, org.springframework.boot.test.autoconfigure.web.servlet.WebDriverContextCustomizerFactory$Customizer@68df9280, org.springframework.boot.test.context.filter.ExcludeFilterContextCustomizer@3f91b517, org.springframework.boot.test.json.DuplicateJsonObjectContextCustomizerFactory$DuplicateJsonObjectContextCustomizer@59a008ba, org.springframework.boot.test.mock.mockito.MockitoContextCustomizer@c36139f5], contextLoader = 'org.springframework.test.context.support.DelegatingSmartContextLoader', parent = [null]]]
23:36:54.380 [Test worker] DEBUG org.springframework.test.context.cache - Spring test ApplicationContext cache statistics: [DefaultContextCache@f3021cb size = 5, maxSize = 32, parentContextCount = 0, hitCount = 440, missCount = 5]
23:36:54.380 [Test worker] DEBUG org.springframework.test.context.cache.DefaultCacheAwareContextLoaderDelegate - Retrieved ApplicationContext [784556863] from cache with key [[MergedContextConfiguration@1f3165e7 testClass = WaiverTest, locations = '{}', classes = '{class org.waldreg.attendance.waiver.DefaultWaiverManager, class org.waldreg.attendance.rule.valid.AttendanceDateValidator}', contextInitializerClasses = '[]', activeProfiles = '{}', propertySourceLocations = '{}', propertySourceProperties = '{}', contextCustomizers = set[org.springframework.boot.test.autoconfigure.actuate.metrics.MetricsExportContextCustomizerFactory$DisableMetricExportContextCustomizer@5a3bc7ed, org.springframework.boot.test.autoconfigure.properties.PropertyMappingContextCustomizer@0, org.springframework.boot.test.autoconfigure.web.servlet.WebDriverContextCustomizerFactory$Customizer@68df9280, org.springframework.boot.test.context.filter.ExcludeFilterContextCustomizer@3f91b517, org.springframework.boot.test.json.DuplicateJsonObjectContextCustomizerFactory$DuplicateJsonObjectContextCustomizer@59a008ba, org.springframework.boot.test.mock.mockito.MockitoContextCustomizer@c36139f5], contextLoader = 'org.springframework.test.context.support.DelegatingSmartContextLoader', parent = [null]]]
23:36:54.380 [Test worker] DEBUG org.springframework.test.context.cache - Spring test ApplicationContext cache statistics: [DefaultContextCache@f3021cb size = 5, maxSize = 32, parentContextCount = 0, hitCount = 441, missCount = 5]
23:36:54.380 [Test worker] DEBUG org.springframework.test.context.cache.DefaultCacheAwareContextLoaderDelegate - Retrieved ApplicationContext [784556863] from cache with key [[MergedContextConfiguration@1f3165e7 testClass = WaiverTest, locations = '{}', classes = '{class org.waldreg.attendance.waiver.DefaultWaiverManager, class org.waldreg.attendance.rule.valid.AttendanceDateValidator}', contextInitializerClasses = '[]', activeProfiles = '{}', propertySourceLocations = '{}', propertySourceProperties = '{}', contextCustomizers = set[org.springframework.boot.test.autoconfigure.actuate.metrics.MetricsExportContextCustomizerFactory$DisableMetricExportContextCustomizer@5a3bc7ed, org.springframework.boot.test.autoconfigure.properties.PropertyMappingContextCustomizer@0, org.springframework.boot.test.autoconfigure.web.servlet.WebDriverContextCustomizerFactory$Customizer@68df9280, org.springframework.boot.test.context.filter.ExcludeFilterContextCustomizer@3f91b517, org.springframework.boot.test.json.DuplicateJsonObjectContextCustomizerFactory$DuplicateJsonObjectContextCustomizer@59a008ba, org.springframework.boot.test.mock.mockito.MockitoContextCustomizer@c36139f5], contextLoader = 'org.springframework.test.context.support.DelegatingSmartContextLoader', parent = [null]]]
23:36:54.380 [Test worker] DEBUG org.springframework.test.context.cache - Spring test ApplicationContext cache statistics: [DefaultContextCache@f3021cb size = 5, maxSize = 32, parentContextCount = 0, hitCount = 442, missCount = 5]
23:36:54.380 [Test worker] DEBUG org.springframework.test.context.cache.DefaultCacheAwareContextLoaderDelegate - Retrieved ApplicationContext [784556863] from cache with key [[MergedContextConfiguration@1f3165e7 testClass = WaiverTest, locations = '{}', classes = '{class org.waldreg.attendance.waiver.DefaultWaiverManager, class org.waldreg.attendance.rule.valid.AttendanceDateValidator}', contextInitializerClasses = '[]', activeProfiles = '{}', propertySourceLocations = '{}', propertySourceProperties = '{}', contextCustomizers = set[org.springframework.boot.test.autoconfigure.actuate.metrics.MetricsExportContextCustomizerFactory$DisableMetricExportContextCustomizer@5a3bc7ed, org.springframework.boot.test.autoconfigure.properties.PropertyMappingContextCustomizer@0, org.springframework.boot.test.autoconfigure.web.servlet.WebDriverContextCustomizerFactory$Customizer@68df9280, org.springframework.boot.test.context.filter.ExcludeFilterContextCustomizer@3f91b517, org.springframework.boot.test.json.DuplicateJsonObjectContextCustomizerFactory$DuplicateJsonObjectContextCustomizer@59a008ba, org.springframework.boot.test.mock.mockito.MockitoContextCustomizer@c36139f5], contextLoader = 'org.springframework.test.context.support.DelegatingSmartContextLoader', parent = [null]]]
23:36:54.380 [Test worker] DEBUG org.springframework.test.context.cache - Spring test ApplicationContext cache statistics: [DefaultContextCache@f3021cb size = 5, maxSize = 32, parentContextCount = 0, hitCount = 443, missCount = 5]
23:36:54.380 [Test worker] DEBUG org.springframework.test.context.support.AbstractDirtiesContextTestExecutionListener - After test method: context [DefaultTestContext@622fdb81 testClass = WaiverTest, testInstance = org.waldreg.attendance.waiver.WaiverTest@51a6cc2a, testMethod = ACCEPT_ATTENDANCE_WAIVER_FAIL_UNKNOWN_ATTENDANCE_TYPE_TEST@WaiverTest, testException = [null], mergedContextConfiguration = [MergedContextConfiguration@1f3165e7 testClass = WaiverTest, locations = '{}', classes = '{class org.waldreg.attendance.waiver.DefaultWaiverManager, class org.waldreg.attendance.rule.valid.AttendanceDateValidator}', contextInitializerClasses = '[]', activeProfiles = '{}', propertySourceLocations = '{}', propertySourceProperties = '{}', contextCustomizers = set[org.springframework.boot.test.autoconfigure.actuate.metrics.MetricsExportContextCustomizerFactory$DisableMetricExportContextCustomizer@5a3bc7ed, org.springframework.boot.test.autoconfigure.properties.PropertyMappingContextCustomizer@0, org.springframework.boot.test.autoconfigure.web.servlet.WebDriverContextCustomizerFactory$Customizer@68df9280, org.springframework.boot.test.context.filter.ExcludeFilterContextCustomizer@3f91b517, org.springframework.boot.test.json.DuplicateJsonObjectContextCustomizerFactory$DuplicateJsonObjectContextCustomizer@59a008ba, org.springframework.boot.test.mock.mockito.MockitoContextCustomizer@c36139f5], contextLoader = 'org.springframework.test.context.support.DelegatingSmartContextLoader', parent = [null]], attributes = map['org.springframework.test.context.event.ApplicationEventsTestExecutionListener.recordApplicationEvents' -> false]], class annotated with @DirtiesContext [false] with mode [null], method annotated with @DirtiesContext [false] with mode [null].
23:36:54.380 [Test worker] DEBUG org.springframework.test.context.cache.DefaultCacheAwareContextLoaderDelegate - Retrieved ApplicationContext [784556863] from cache with key [[MergedContextConfiguration@1f3165e7 testClass = WaiverTest, locations = '{}', classes = '{class org.waldreg.attendance.waiver.DefaultWaiverManager, class org.waldreg.attendance.rule.valid.AttendanceDateValidator}', contextInitializerClasses = '[]', activeProfiles = '{}', propertySourceLocations = '{}', propertySourceProperties = '{}', contextCustomizers = set[org.springframework.boot.test.autoconfigure.actuate.metrics.MetricsExportContextCustomizerFactory$DisableMetricExportContextCustomizer@5a3bc7ed, org.springframework.boot.test.autoconfigure.properties.PropertyMappingContextCustomizer@0, org.springframework.boot.test.autoconfigure.web.servlet.WebDriverContextCustomizerFactory$Customizer@68df9280, org.springframework.boot.test.context.filter.ExcludeFilterContextCustomizer@3f91b517, org.springframework.boot.test.json.DuplicateJsonObjectContextCustomizerFactory$DuplicateJsonObjectContextCustomizer@59a008ba, org.springframework.boot.test.mock.mockito.MockitoContextCustomizer@c36139f5], contextLoader = 'org.springframework.test.context.support.DelegatingSmartContextLoader', parent = [null]]]
23:36:54.380 [Test worker] DEBUG org.springframework.test.context.cache - Spring test ApplicationContext cache statistics: [DefaultContextCache@f3021cb size = 5, maxSize = 32, parentContextCount = 0, hitCount = 444, missCount = 5]
23:36:54.380 [Test worker] DEBUG org.springframework.test.context.support.DependencyInjectionTestExecutionListener - Performing dependency injection for test context [[DefaultTestContext@622fdb81 testClass = WaiverTest, testInstance = org.waldreg.attendance.waiver.WaiverTest@2123064f, testMethod = [null], testException = [null], mergedContextConfiguration = [MergedContextConfiguration@1f3165e7 testClass = WaiverTest, locations = '{}', classes = '{class org.waldreg.attendance.waiver.DefaultWaiverManager, class org.waldreg.attendance.rule.valid.AttendanceDateValidator}', contextInitializerClasses = '[]', activeProfiles = '{}', propertySourceLocations = '{}', propertySourceProperties = '{}', contextCustomizers = set[org.springframework.boot.test.autoconfigure.actuate.metrics.MetricsExportContextCustomizerFactory$DisableMetricExportContextCustomizer@5a3bc7ed, org.springframework.boot.test.autoconfigure.properties.PropertyMappingContextCustomizer@0, org.springframework.boot.test.autoconfigure.web.servlet.WebDriverContextCustomizerFactory$Customizer@68df9280, org.springframework.boot.test.context.filter.ExcludeFilterContextCustomizer@3f91b517, org.springframework.boot.test.json.DuplicateJsonObjectContextCustomizerFactory$DuplicateJsonObjectContextCustomizer@59a008ba, org.springframework.boot.test.mock.mockito.MockitoContextCustomizer@c36139f5], contextLoader = 'org.springframework.test.context.support.DelegatingSmartContextLoader', parent = [null]], attributes = map['org.springframework.test.context.event.ApplicationEventsTestExecutionListener.recordApplicationEvents' -> false]]].
23:36:54.380 [Test worker] DEBUG org.springframework.test.context.cache.DefaultCacheAwareContextLoaderDelegate - Retrieved ApplicationContext [784556863] from cache with key [[MergedContextConfiguration@1f3165e7 testClass = WaiverTest, locations = '{}', classes = '{class org.waldreg.attendance.waiver.DefaultWaiverManager, class org.waldreg.attendance.rule.valid.AttendanceDateValidator}', contextInitializerClasses = '[]', activeProfiles = '{}', propertySourceLocations = '{}', propertySourceProperties = '{}', contextCustomizers = set[org.springframework.boot.test.autoconfigure.actuate.metrics.MetricsExportContextCustomizerFactory$DisableMetricExportContextCustomizer@5a3bc7ed, org.springframework.boot.test.autoconfigure.properties.PropertyMappingContextCustomizer@0, org.springframework.boot.test.autoconfigure.web.servlet.WebDriverContextCustomizerFactory$Customizer@68df9280, org.springframework.boot.test.context.filter.ExcludeFilterContextCustomizer@3f91b517, org.springframework.boot.test.json.DuplicateJsonObjectContextCustomizerFactory$DuplicateJsonObjectContextCustomizer@59a008ba, org.springframework.boot.test.mock.mockito.MockitoContextCustomizer@c36139f5], contextLoader = 'org.springframework.test.context.support.DelegatingSmartContextLoader', parent = [null]]]
23:36:54.380 [Test worker] DEBUG org.springframework.test.context.cache - Spring test ApplicationContext cache statistics: [DefaultContextCache@f3021cb size = 5, maxSize = 32, parentContextCount = 0, hitCount = 445, missCount = 5]
23:36:54.380 [Test worker] DEBUG org.springframework.test.context.cache.DefaultCacheAwareContextLoaderDelegate - Retrieved ApplicationContext [784556863] from cache with key [[MergedContextConfiguration@1f3165e7 testClass = WaiverTest, locations = '{}', classes = '{class org.waldreg.attendance.waiver.DefaultWaiverManager, class org.waldreg.attendance.rule.valid.AttendanceDateValidator}', contextInitializerClasses = '[]', activeProfiles = '{}', propertySourceLocations = '{}', propertySourceProperties = '{}', contextCustomizers = set[org.springframework.boot.test.autoconfigure.actuate.metrics.MetricsExportContextCustomizerFactory$DisableMetricExportContextCustomizer@5a3bc7ed, org.springframework.boot.test.autoconfigure.properties.PropertyMappingContextCustomizer@0, org.springframework.boot.test.autoconfigure.web.servlet.WebDriverContextCustomizerFactory$Customizer@68df9280, org.springframework.boot.test.context.filter.ExcludeFilterContextCustomizer@3f91b517, org.springframework.boot.test.json.DuplicateJsonObjectContextCustomizerFactory$DuplicateJsonObjectContextCustomizer@59a008ba, org.springframework.boot.test.mock.mockito.MockitoContextCustomizer@c36139f5], contextLoader = 'org.springframework.test.context.support.DelegatingSmartContextLoader', parent = [null]]]
23:36:54.380 [Test worker] DEBUG org.springframework.test.context.cache - Spring test ApplicationContext cache statistics: [DefaultContextCache@f3021cb size = 5, maxSize = 32, parentContextCount = 0, hitCount = 446, missCount = 5]
23:36:54.380 [Test worker] DEBUG org.springframework.test.context.support.AbstractDirtiesContextTestExecutionListener - Before test method: context [DefaultTestContext@622fdb81 testClass = WaiverTest, testInstance = org.waldreg.attendance.waiver.WaiverTest@2123064f, testMethod = CREATE_NEW_WAIVER_FAIL_TOO_FAR_WAIVER_DATE_TEST@WaiverTest, testException = [null], mergedContextConfiguration = [MergedContextConfiguration@1f3165e7 testClass = WaiverTest, locations = '{}', classes = '{class org.waldreg.attendance.waiver.DefaultWaiverManager, class org.waldreg.attendance.rule.valid.AttendanceDateValidator}', contextInitializerClasses = '[]', activeProfiles = '{}', propertySourceLocations = '{}', propertySourceProperties = '{}', contextCustomizers = set[org.springframework.boot.test.autoconfigure.actuate.metrics.MetricsExportContextCustomizerFactory$DisableMetricExportContextCustomizer@5a3bc7ed, org.springframework.boot.test.autoconfigure.properties.PropertyMappingContextCustomizer@0, org.springframework.boot.test.autoconfigure.web.servlet.WebDriverContextCustomizerFactory$Customizer@68df9280, org.springframework.boot.test.context.filter.ExcludeFilterContextCustomizer@3f91b517, org.springframework.boot.test.json.DuplicateJsonObjectContextCustomizerFactory$DuplicateJsonObjectContextCustomizer@59a008ba, org.springframework.boot.test.mock.mockito.MockitoContextCustomizer@c36139f5], contextLoader = 'org.springframework.test.context.support.DelegatingSmartContextLoader', parent = [null]], attributes = map['org.springframework.test.context.event.ApplicationEventsTestExecutionListener.recordApplicationEvents' -> false]], class annotated with @DirtiesContext [false] with mode [null], method annotated with @DirtiesContext [false] with mode [null].
23:36:54.381 [Test worker] DEBUG org.springframework.test.context.cache.DefaultCacheAwareContextLoaderDelegate - Retrieved ApplicationContext [784556863] from cache with key [[MergedContextConfiguration@1f3165e7 testClass = WaiverTest, locations = '{}', classes = '{class org.waldreg.attendance.waiver.DefaultWaiverManager, class org.waldreg.attendance.rule.valid.AttendanceDateValidator}', contextInitializerClasses = '[]', activeProfiles = '{}', propertySourceLocations = '{}', propertySourceProperties = '{}', contextCustomizers = set[org.springframework.boot.test.autoconfigure.actuate.metrics.MetricsExportContextCustomizerFactory$DisableMetricExportContextCustomizer@5a3bc7ed, org.springframework.boot.test.autoconfigure.properties.PropertyMappingContextCustomizer@0, org.springframework.boot.test.autoconfigure.web.servlet.WebDriverContextCustomizerFactory$Customizer@68df9280, org.springframework.boot.test.context.filter.ExcludeFilterContextCustomizer@3f91b517, org.springframework.boot.test.json.DuplicateJsonObjectContextCustomizerFactory$DuplicateJsonObjectContextCustomizer@59a008ba, org.springframework.boot.test.mock.mockito.MockitoContextCustomizer@c36139f5], contextLoader = 'org.springframework.test.context.support.DelegatingSmartContextLoader', parent = [null]]]
23:36:54.381 [Test worker] DEBUG org.springframework.test.context.cache - Spring test ApplicationContext cache statistics: [DefaultContextCache@f3021cb size = 5, maxSize = 32, parentContextCount = 0, hitCount = 447, missCount = 5]
23:36:54.381 [Test worker] DEBUG org.springframework.test.context.cache.DefaultCacheAwareContextLoaderDelegate - Retrieved ApplicationContext [784556863] from cache with key [[MergedContextConfiguration@1f3165e7 testClass = WaiverTest, locations = '{}', classes = '{class org.waldreg.attendance.waiver.DefaultWaiverManager, class org.waldreg.attendance.rule.valid.AttendanceDateValidator}', contextInitializerClasses = '[]', activeProfiles = '{}', propertySourceLocations = '{}', propertySourceProperties = '{}', contextCustomizers = set[org.springframework.boot.test.autoconfigure.actuate.metrics.MetricsExportContextCustomizerFactory$DisableMetricExportContextCustomizer@5a3bc7ed, org.springframework.boot.test.autoconfigure.properties.PropertyMappingContextCustomizer@0, org.springframework.boot.test.autoconfigure.web.servlet.WebDriverContextCustomizerFactory$Customizer@68df9280, org.springframework.boot.test.context.filter.ExcludeFilterContextCustomizer@3f91b517, org.springframework.boot.test.json.DuplicateJsonObjectContextCustomizerFactory$DuplicateJsonObjectContextCustomizer@59a008ba, org.springframework.boot.test.mock.mockito.MockitoContextCustomizer@c36139f5], contextLoader = 'org.springframework.test.context.support.DelegatingSmartContextLoader', parent = [null]]]
23:36:54.381 [Test worker] DEBUG org.springframework.test.context.cache - Spring test ApplicationContext cache statistics: [DefaultContextCache@f3021cb size = 5, maxSize = 32, parentContextCount = 0, hitCount = 448, missCount = 5]
23:36:54.381 [Test worker] DEBUG org.springframework.test.context.cache.DefaultCacheAwareContextLoaderDelegate - Retrieved ApplicationContext [784556863] from cache with key [[MergedContextConfiguration@1f3165e7 testClass = WaiverTest, locations = '{}', classes = '{class org.waldreg.attendance.waiver.DefaultWaiverManager, class org.waldreg.attendance.rule.valid.AttendanceDateValidator}', contextInitializerClasses = '[]', activeProfiles = '{}', propertySourceLocations = '{}', propertySourceProperties = '{}', contextCustomizers = set[org.springframework.boot.test.autoconfigure.actuate.metrics.MetricsExportContextCustomizerFactory$DisableMetricExportContextCustomizer@5a3bc7ed, org.springframework.boot.test.autoconfigure.properties.PropertyMappingContextCustomizer@0, org.springframework.boot.test.autoconfigure.web.servlet.WebDriverContextCustomizerFactory$Customizer@68df9280, org.springframework.boot.test.context.filter.ExcludeFilterContextCustomizer@3f91b517, org.springframework.boot.test.json.DuplicateJsonObjectContextCustomizerFactory$DuplicateJsonObjectContextCustomizer@59a008ba, org.springframework.boot.test.mock.mockito.MockitoContextCustomizer@c36139f5], contextLoader = 'org.springframework.test.context.support.DelegatingSmartContextLoader', parent = [null]]]
23:36:54.381 [Test worker] DEBUG org.springframework.test.context.cache - Spring test ApplicationContext cache statistics: [DefaultContextCache@f3021cb size = 5, maxSize = 32, parentContextCount = 0, hitCount = 449, missCount = 5]
23:36:54.381 [Test worker] DEBUG org.springframework.test.context.cache.DefaultCacheAwareContextLoaderDelegate - Retrieved ApplicationContext [784556863] from cache with key [[MergedContextConfiguration@1f3165e7 testClass = WaiverTest, locations = '{}', classes = '{class org.waldreg.attendance.waiver.DefaultWaiverManager, class org.waldreg.attendance.rule.valid.AttendanceDateValidator}', contextInitializerClasses = '[]', activeProfiles = '{}', propertySourceLocations = '{}', propertySourceProperties = '{}', contextCustomizers = set[org.springframework.boot.test.autoconfigure.actuate.metrics.MetricsExportContextCustomizerFactory$DisableMetricExportContextCustomizer@5a3bc7ed, org.springframework.boot.test.autoconfigure.properties.PropertyMappingContextCustomizer@0, org.springframework.boot.test.autoconfigure.web.servlet.WebDriverContextCustomizerFactory$Customizer@68df9280, org.springframework.boot.test.context.filter.ExcludeFilterContextCustomizer@3f91b517, org.springframework.boot.test.json.DuplicateJsonObjectContextCustomizerFactory$DuplicateJsonObjectContextCustomizer@59a008ba, org.springframework.boot.test.mock.mockito.MockitoContextCustomizer@c36139f5], contextLoader = 'org.springframework.test.context.support.DelegatingSmartContextLoader', parent = [null]]]
23:36:54.381 [Test worker] DEBUG org.springframework.test.context.cache - Spring test ApplicationContext cache statistics: [DefaultContextCache@f3021cb size = 5, maxSize = 32, parentContextCount = 0, hitCount = 450, missCount = 5]
23:36:54.381 [Test worker] DEBUG org.springframework.test.context.cache.DefaultCacheAwareContextLoaderDelegate - Retrieved ApplicationContext [784556863] from cache with key [[MergedContextConfiguration@1f3165e7 testClass = WaiverTest, locations = '{}', classes = '{class org.waldreg.attendance.waiver.DefaultWaiverManager, class org.waldreg.attendance.rule.valid.AttendanceDateValidator}', contextInitializerClasses = '[]', activeProfiles = '{}', propertySourceLocations = '{}', propertySourceProperties = '{}', contextCustomizers = set[org.springframework.boot.test.autoconfigure.actuate.metrics.MetricsExportContextCustomizerFactory$DisableMetricExportContextCustomizer@5a3bc7ed, org.springframework.boot.test.autoconfigure.properties.PropertyMappingContextCustomizer@0, org.springframework.boot.test.autoconfigure.web.servlet.WebDriverContextCustomizerFactory$Customizer@68df9280, org.springframework.boot.test.context.filter.ExcludeFilterContextCustomizer@3f91b517, org.springframework.boot.test.json.DuplicateJsonObjectContextCustomizerFactory$DuplicateJsonObjectContextCustomizer@59a008ba, org.springframework.boot.test.mock.mockito.MockitoContextCustomizer@c36139f5], contextLoader = 'org.springframework.test.context.support.DelegatingSmartContextLoader', parent = [null]]]
23:36:54.381 [Test worker] DEBUG org.springframework.test.context.cache - Spring test ApplicationContext cache statistics: [DefaultContextCache@f3021cb size = 5, maxSize = 32, parentContextCount = 0, hitCount = 451, missCount = 5]
23:36:54.381 [Test worker] DEBUG org.springframework.test.context.cache.DefaultCacheAwareContextLoaderDelegate - Retrieved ApplicationContext [784556863] from cache with key [[MergedContextConfiguration@1f3165e7 testClass = WaiverTest, locations = '{}', classes = '{class org.waldreg.attendance.waiver.DefaultWaiverManager, class org.waldreg.attendance.rule.valid.AttendanceDateValidator}', contextInitializerClasses = '[]', activeProfiles = '{}', propertySourceLocations = '{}', propertySourceProperties = '{}', contextCustomizers = set[org.springframework.boot.test.autoconfigure.actuate.metrics.MetricsExportContextCustomizerFactory$DisableMetricExportContextCustomizer@5a3bc7ed, org.springframework.boot.test.autoconfigure.properties.PropertyMappingContextCustomizer@0, org.springframework.boot.test.autoconfigure.web.servlet.WebDriverContextCustomizerFactory$Customizer@68df9280, org.springframework.boot.test.context.filter.ExcludeFilterContextCustomizer@3f91b517, org.springframework.boot.test.json.DuplicateJsonObjectContextCustomizerFactory$DuplicateJsonObjectContextCustomizer@59a008ba, org.springframework.boot.test.mock.mockito.MockitoContextCustomizer@c36139f5], contextLoader = 'org.springframework.test.context.support.DelegatingSmartContextLoader', parent = [null]]]
23:36:54.381 [Test worker] DEBUG org.springframework.test.context.cache - Spring test ApplicationContext cache statistics: [DefaultContextCache@f3021cb size = 5, maxSize = 32, parentContextCount = 0, hitCount = 452, missCount = 5]
23:36:54.381 [Test worker] DEBUG org.springframework.test.context.cache.DefaultCacheAwareContextLoaderDelegate - Retrieved ApplicationContext [784556863] from cache with key [[MergedContextConfiguration@1f3165e7 testClass = WaiverTest, locations = '{}', classes = '{class org.waldreg.attendance.waiver.DefaultWaiverManager, class org.waldreg.attendance.rule.valid.AttendanceDateValidator}', contextInitializerClasses = '[]', activeProfiles = '{}', propertySourceLocations = '{}', propertySourceProperties = '{}', contextCustomizers = set[org.springframework.boot.test.autoconfigure.actuate.metrics.MetricsExportContextCustomizerFactory$DisableMetricExportContextCustomizer@5a3bc7ed, org.springframework.boot.test.autoconfigure.properties.PropertyMappingContextCustomizer@0, org.springframework.boot.test.autoconfigure.web.servlet.WebDriverContextCustomizerFactory$Customizer@68df9280, org.springframework.boot.test.context.filter.ExcludeFilterContextCustomizer@3f91b517, org.springframework.boot.test.json.DuplicateJsonObjectContextCustomizerFactory$DuplicateJsonObjectContextCustomizer@59a008ba, org.springframework.boot.test.mock.mockito.MockitoContextCustomizer@c36139f5], contextLoader = 'org.springframework.test.context.support.DelegatingSmartContextLoader', parent = [null]]]
23:36:54.381 [Test worker] DEBUG org.springframework.test.context.cache - Spring test ApplicationContext cache statistics: [DefaultContextCache@f3021cb size = 5, maxSize = 32, parentContextCount = 0, hitCount = 453, missCount = 5]
23:36:54.381 [Test worker] DEBUG org.springframework.test.context.cache.DefaultCacheAwareContextLoaderDelegate - Retrieved ApplicationContext [784556863] from cache with key [[MergedContextConfiguration@1f3165e7 testClass = WaiverTest, locations = '{}', classes = '{class org.waldreg.attendance.waiver.DefaultWaiverManager, class org.waldreg.attendance.rule.valid.AttendanceDateValidator}', contextInitializerClasses = '[]', activeProfiles = '{}', propertySourceLocations = '{}', propertySourceProperties = '{}', contextCustomizers = set[org.springframework.boot.test.autoconfigure.actuate.metrics.MetricsExportContextCustomizerFactory$DisableMetricExportContextCustomizer@5a3bc7ed, org.springframework.boot.test.autoconfigure.properties.PropertyMappingContextCustomizer@0, org.springframework.boot.test.autoconfigure.web.servlet.WebDriverContextCustomizerFactory$Customizer@68df9280, org.springframework.boot.test.context.filter.ExcludeFilterContextCustomizer@3f91b517, org.springframework.boot.test.json.DuplicateJsonObjectContextCustomizerFactory$DuplicateJsonObjectContextCustomizer@59a008ba, org.springframework.boot.test.mock.mockito.MockitoContextCustomizer@c36139f5], contextLoader = 'org.springframework.test.context.support.DelegatingSmartContextLoader', parent = [null]]]
23:36:54.381 [Test worker] DEBUG org.springframework.test.context.cache - Spring test ApplicationContext cache statistics: [DefaultContextCache@f3021cb size = 5, maxSize = 32, parentContextCount = 0, hitCount = 454, missCount = 5]
23:36:54.381 [Test worker] DEBUG org.springframework.test.context.cache.DefaultCacheAwareContextLoaderDelegate - Retrieved ApplicationContext [784556863] from cache with key [[MergedContextConfiguration@1f3165e7 testClass = WaiverTest, locations = '{}', classes = '{class org.waldreg.attendance.waiver.DefaultWaiverManager, class org.waldreg.attendance.rule.valid.AttendanceDateValidator}', contextInitializerClasses = '[]', activeProfiles = '{}', propertySourceLocations = '{}', propertySourceProperties = '{}', contextCustomizers = set[org.springframework.boot.test.autoconfigure.actuate.metrics.MetricsExportContextCustomizerFactory$DisableMetricExportContextCustomizer@5a3bc7ed, org.springframework.boot.test.autoconfigure.properties.PropertyMappingContextCustomizer@0, org.springframework.boot.test.autoconfigure.web.servlet.WebDriverContextCustomizerFactory$Customizer@68df9280, org.springframework.boot.test.context.filter.ExcludeFilterContextCustomizer@3f91b517, org.springframework.boot.test.json.DuplicateJsonObjectContextCustomizerFactory$DuplicateJsonObjectContextCustomizer@59a008ba, org.springframework.boot.test.mock.mockito.MockitoContextCustomizer@c36139f5], contextLoader = 'org.springframework.test.context.support.DelegatingSmartContextLoader', parent = [null]]]
23:36:54.381 [Test worker] DEBUG org.springframework.test.context.cache - Spring test ApplicationContext cache statistics: [DefaultContextCache@f3021cb size = 5, maxSize = 32, parentContextCount = 0, hitCount = 455, missCount = 5]
23:36:54.381 [Test worker] DEBUG org.springframework.test.context.support.AbstractDirtiesContextTestExecutionListener - After test method: context [DefaultTestContext@622fdb81 testClass = WaiverTest, testInstance = org.waldreg.attendance.waiver.WaiverTest@2123064f, testMethod = CREATE_NEW_WAIVER_FAIL_TOO_FAR_WAIVER_DATE_TEST@WaiverTest, testException = [null], mergedContextConfiguration = [MergedContextConfiguration@1f3165e7 testClass = WaiverTest, locations = '{}', classes = '{class org.waldreg.attendance.waiver.DefaultWaiverManager, class org.waldreg.attendance.rule.valid.AttendanceDateValidator}', contextInitializerClasses = '[]', activeProfiles = '{}', propertySourceLocations = '{}', propertySourceProperties = '{}', contextCustomizers = set[org.springframework.boot.test.autoconfigure.actuate.metrics.MetricsExportContextCustomizerFactory$DisableMetricExportContextCustomizer@5a3bc7ed, org.springframework.boot.test.autoconfigure.properties.PropertyMappingContextCustomizer@0, org.springframework.boot.test.autoconfigure.web.servlet.WebDriverContextCustomizerFactory$Customizer@68df9280, org.springframework.boot.test.context.filter.ExcludeFilterContextCustomizer@3f91b517, org.springframework.boot.test.json.DuplicateJsonObjectContextCustomizerFactory$DuplicateJsonObjectContextCustomizer@59a008ba, org.springframework.boot.test.mock.mockito.MockitoContextCustomizer@c36139f5], contextLoader = 'org.springframework.test.context.support.DelegatingSmartContextLoader', parent = [null]], attributes = map['org.springframework.test.context.event.ApplicationEventsTestExecutionListener.recordApplicationEvents' -> false]], class annotated with @DirtiesContext [false] with mode [null], method annotated with @DirtiesContext [false] with mode [null].
23:36:54.381 [Test worker] DEBUG org.springframework.test.context.cache.DefaultCacheAwareContextLoaderDelegate - Retrieved ApplicationContext [784556863] from cache with key [[MergedContextConfiguration@1f3165e7 testClass = WaiverTest, locations = '{}', classes = '{class org.waldreg.attendance.waiver.DefaultWaiverManager, class org.waldreg.attendance.rule.valid.AttendanceDateValidator}', contextInitializerClasses = '[]', activeProfiles = '{}', propertySourceLocations = '{}', propertySourceProperties = '{}', contextCustomizers = set[org.springframework.boot.test.autoconfigure.actuate.metrics.MetricsExportContextCustomizerFactory$DisableMetricExportContextCustomizer@5a3bc7ed, org.springframework.boot.test.autoconfigure.properties.PropertyMappingContextCustomizer@0, org.springframework.boot.test.autoconfigure.web.servlet.WebDriverContextCustomizerFactory$Customizer@68df9280, org.springframework.boot.test.context.filter.ExcludeFilterContextCustomizer@3f91b517, org.springframework.boot.test.json.DuplicateJsonObjectContextCustomizerFactory$DuplicateJsonObjectContextCustomizer@59a008ba, org.springframework.boot.test.mock.mockito.MockitoContextCustomizer@c36139f5], contextLoader = 'org.springframework.test.context.support.DelegatingSmartContextLoader', parent = [null]]]
23:36:54.381 [Test worker] DEBUG org.springframework.test.context.cache - Spring test ApplicationContext cache statistics: [DefaultContextCache@f3021cb size = 5, maxSize = 32, parentContextCount = 0, hitCount = 456, missCount = 5]
23:36:54.381 [Test worker] DEBUG org.springframework.test.context.support.DependencyInjectionTestExecutionListener - Performing dependency injection for test context [[DefaultTestContext@622fdb81 testClass = WaiverTest, testInstance = org.waldreg.attendance.waiver.WaiverTest@28cb3a25, testMethod = [null], testException = [null], mergedContextConfiguration = [MergedContextConfiguration@1f3165e7 testClass = WaiverTest, locations = '{}', classes = '{class org.waldreg.attendance.waiver.DefaultWaiverManager, class org.waldreg.attendance.rule.valid.AttendanceDateValidator}', contextInitializerClasses = '[]', activeProfiles = '{}', propertySourceLocations = '{}', propertySourceProperties = '{}', contextCustomizers = set[org.springframework.boot.test.autoconfigure.actuate.metrics.MetricsExportContextCustomizerFactory$DisableMetricExportContextCustomizer@5a3bc7ed, org.springframework.boot.test.autoconfigure.properties.PropertyMappingContextCustomizer@0, org.springframework.boot.test.autoconfigure.web.servlet.WebDriverContextCustomizerFactory$Customizer@68df9280, org.springframework.boot.test.context.filter.ExcludeFilterContextCustomizer@3f91b517, org.springframework.boot.test.json.DuplicateJsonObjectContextCustomizerFactory$DuplicateJsonObjectContextCustomizer@59a008ba, org.springframework.boot.test.mock.mockito.MockitoContextCustomizer@c36139f5], contextLoader = 'org.springframework.test.context.support.DelegatingSmartContextLoader', parent = [null]], attributes = map['org.springframework.test.context.event.ApplicationEventsTestExecutionListener.recordApplicationEvents' -> false]]].
23:36:54.381 [Test worker] DEBUG org.springframework.test.context.cache.DefaultCacheAwareContextLoaderDelegate - Retrieved ApplicationContext [784556863] from cache with key [[MergedContextConfiguration@1f3165e7 testClass = WaiverTest, locations = '{}', classes = '{class org.waldreg.attendance.waiver.DefaultWaiverManager, class org.waldreg.attendance.rule.valid.AttendanceDateValidator}', contextInitializerClasses = '[]', activeProfiles = '{}', propertySourceLocations = '{}', propertySourceProperties = '{}', contextCustomizers = set[org.springframework.boot.test.autoconfigure.actuate.metrics.MetricsExportContextCustomizerFactory$DisableMetricExportContextCustomizer@5a3bc7ed, org.springframework.boot.test.autoconfigure.properties.PropertyMappingContextCustomizer@0, org.springframework.boot.test.autoconfigure.web.servlet.WebDriverContextCustomizerFactory$Customizer@68df9280, org.springframework.boot.test.context.filter.ExcludeFilterContextCustomizer@3f91b517, org.springframework.boot.test.json.DuplicateJsonObjectContextCustomizerFactory$DuplicateJsonObjectContextCustomizer@59a008ba, org.springframework.boot.test.mock.mockito.MockitoContextCustomizer@c36139f5], contextLoader = 'org.springframework.test.context.support.DelegatingSmartContextLoader', parent = [null]]]
23:36:54.381 [Test worker] DEBUG org.springframework.test.context.cache - Spring test ApplicationContext cache statistics: [DefaultContextCache@f3021cb size = 5, maxSize = 32, parentContextCount = 0, hitCount = 457, missCount = 5]
23:36:54.381 [Test worker] DEBUG org.springframework.test.context.cache.DefaultCacheAwareContextLoaderDelegate - Retrieved ApplicationContext [784556863] from cache with key [[MergedContextConfiguration@1f3165e7 testClass = WaiverTest, locations = '{}', classes = '{class org.waldreg.attendance.waiver.DefaultWaiverManager, class org.waldreg.attendance.rule.valid.AttendanceDateValidator}', contextInitializerClasses = '[]', activeProfiles = '{}', propertySourceLocations = '{}', propertySourceProperties = '{}', contextCustomizers = set[org.springframework.boot.test.autoconfigure.actuate.metrics.MetricsExportContextCustomizerFactory$DisableMetricExportContextCustomizer@5a3bc7ed, org.springframework.boot.test.autoconfigure.properties.PropertyMappingContextCustomizer@0, org.springframework.boot.test.autoconfigure.web.servlet.WebDriverContextCustomizerFactory$Customizer@68df9280, org.springframework.boot.test.context.filter.ExcludeFilterContextCustomizer@3f91b517, org.springframework.boot.test.json.DuplicateJsonObjectContextCustomizerFactory$DuplicateJsonObjectContextCustomizer@59a008ba, org.springframework.boot.test.mock.mockito.MockitoContextCustomizer@c36139f5], contextLoader = 'org.springframework.test.context.support.DelegatingSmartContextLoader', parent = [null]]]
23:36:54.382 [Test worker] DEBUG org.springframework.test.context.cache - Spring test ApplicationContext cache statistics: [DefaultContextCache@f3021cb size = 5, maxSize = 32, parentContextCount = 0, hitCount = 458, missCount = 5]
23:36:54.382 [Test worker] DEBUG org.springframework.test.context.support.AbstractDirtiesContextTestExecutionListener - Before test method: context [DefaultTestContext@622fdb81 testClass = WaiverTest, testInstance = org.waldreg.attendance.waiver.WaiverTest@28cb3a25, testMethod = ACCEPT_ATTENDANCE_WAIVER_FAIL_CANNOT_FIND_WAIVER_BY_WAIVER_ID_TEST@WaiverTest, testException = [null], mergedContextConfiguration = [MergedContextConfiguration@1f3165e7 testClass = WaiverTest, locations = '{}', classes = '{class org.waldreg.attendance.waiver.DefaultWaiverManager, class org.waldreg.attendance.rule.valid.AttendanceDateValidator}', contextInitializerClasses = '[]', activeProfiles = '{}', propertySourceLocations = '{}', propertySourceProperties = '{}', contextCustomizers = set[org.springframework.boot.test.autoconfigure.actuate.metrics.MetricsExportContextCustomizerFactory$DisableMetricExportContextCustomizer@5a3bc7ed, org.springframework.boot.test.autoconfigure.properties.PropertyMappingContextCustomizer@0, org.springframework.boot.test.autoconfigure.web.servlet.WebDriverContextCustomizerFactory$Customizer@68df9280, org.springframework.boot.test.context.filter.ExcludeFilterContextCustomizer@3f91b517, org.springframework.boot.test.json.DuplicateJsonObjectContextCustomizerFactory$DuplicateJsonObjectContextCustomizer@59a008ba, org.springframework.boot.test.mock.mockito.MockitoContextCustomizer@c36139f5], contextLoader = 'org.springframework.test.context.support.DelegatingSmartContextLoader', parent = [null]], attributes = map['org.springframework.test.context.event.ApplicationEventsTestExecutionListener.recordApplicationEvents' -> false]], class annotated with @DirtiesContext [false] with mode [null], method annotated with @DirtiesContext [false] with mode [null].
23:36:54.382 [Test worker] DEBUG org.springframework.test.context.cache.DefaultCacheAwareContextLoaderDelegate - Retrieved ApplicationContext [784556863] from cache with key [[MergedContextConfiguration@1f3165e7 testClass = WaiverTest, locations = '{}', classes = '{class org.waldreg.attendance.waiver.DefaultWaiverManager, class org.waldreg.attendance.rule.valid.AttendanceDateValidator}', contextInitializerClasses = '[]', activeProfiles = '{}', propertySourceLocations = '{}', propertySourceProperties = '{}', contextCustomizers = set[org.springframework.boot.test.autoconfigure.actuate.metrics.MetricsExportContextCustomizerFactory$DisableMetricExportContextCustomizer@5a3bc7ed, org.springframework.boot.test.autoconfigure.properties.PropertyMappingContextCustomizer@0, org.springframework.boot.test.autoconfigure.web.servlet.WebDriverContextCustomizerFactory$Customizer@68df9280, org.springframework.boot.test.context.filter.ExcludeFilterContextCustomizer@3f91b517, org.springframework.boot.test.json.DuplicateJsonObjectContextCustomizerFactory$DuplicateJsonObjectContextCustomizer@59a008ba, org.springframework.boot.test.mock.mockito.MockitoContextCustomizer@c36139f5], contextLoader = 'org.springframework.test.context.support.DelegatingSmartContextLoader', parent = [null]]]
23:36:54.382 [Test worker] DEBUG org.springframework.test.context.cache - Spring test ApplicationContext cache statistics: [DefaultContextCache@f3021cb size = 5, maxSize = 32, parentContextCount = 0, hitCount = 459, missCount = 5]
23:36:54.382 [Test worker] DEBUG org.springframework.test.context.cache.DefaultCacheAwareContextLoaderDelegate - Retrieved ApplicationContext [784556863] from cache with key [[MergedContextConfiguration@1f3165e7 testClass = WaiverTest, locations = '{}', classes = '{class org.waldreg.attendance.waiver.DefaultWaiverManager, class org.waldreg.attendance.rule.valid.AttendanceDateValidator}', contextInitializerClasses = '[]', activeProfiles = '{}', propertySourceLocations = '{}', propertySourceProperties = '{}', contextCustomizers = set[org.springframework.boot.test.autoconfigure.actuate.metrics.MetricsExportContextCustomizerFactory$DisableMetricExportContextCustomizer@5a3bc7ed, org.springframework.boot.test.autoconfigure.properties.PropertyMappingContextCustomizer@0, org.springframework.boot.test.autoconfigure.web.servlet.WebDriverContextCustomizerFactory$Customizer@68df9280, org.springframework.boot.test.context.filter.ExcludeFilterContextCustomizer@3f91b517, org.springframework.boot.test.json.DuplicateJsonObjectContextCustomizerFactory$DuplicateJsonObjectContextCustomizer@59a008ba, org.springframework.boot.test.mock.mockito.MockitoContextCustomizer@c36139f5], contextLoader = 'org.springframework.test.context.support.DelegatingSmartContextLoader', parent = [null]]]
23:36:54.382 [Test worker] DEBUG org.springframework.test.context.cache - Spring test ApplicationContext cache statistics: [DefaultContextCache@f3021cb size = 5, maxSize = 32, parentContextCount = 0, hitCount = 460, missCount = 5]
23:36:54.382 [Test worker] DEBUG org.springframework.test.context.cache.DefaultCacheAwareContextLoaderDelegate - Retrieved ApplicationContext [784556863] from cache with key [[MergedContextConfiguration@1f3165e7 testClass = WaiverTest, locations = '{}', classes = '{class org.waldreg.attendance.waiver.DefaultWaiverManager, class org.waldreg.attendance.rule.valid.AttendanceDateValidator}', contextInitializerClasses = '[]', activeProfiles = '{}', propertySourceLocations = '{}', propertySourceProperties = '{}', contextCustomizers = set[org.springframework.boot.test.autoconfigure.actuate.metrics.MetricsExportContextCustomizerFactory$DisableMetricExportContextCustomizer@5a3bc7ed, org.springframework.boot.test.autoconfigure.properties.PropertyMappingContextCustomizer@0, org.springframework.boot.test.autoconfigure.web.servlet.WebDriverContextCustomizerFactory$Customizer@68df9280, org.springframework.boot.test.context.filter.ExcludeFilterContextCustomizer@3f91b517, org.springframework.boot.test.json.DuplicateJsonObjectContextCustomizerFactory$DuplicateJsonObjectContextCustomizer@59a008ba, org.springframework.boot.test.mock.mockito.MockitoContextCustomizer@c36139f5], contextLoader = 'org.springframework.test.context.support.DelegatingSmartContextLoader', parent = [null]]]
23:36:54.382 [Test worker] DEBUG org.springframework.test.context.cache - Spring test ApplicationContext cache statistics: [DefaultContextCache@f3021cb size = 5, maxSize = 32, parentContextCount = 0, hitCount = 461, missCount = 5]
23:36:54.382 [Test worker] DEBUG org.springframework.test.context.cache.DefaultCacheAwareContextLoaderDelegate - Retrieved ApplicationContext [784556863] from cache with key [[MergedContextConfiguration@1f3165e7 testClass = WaiverTest, locations = '{}', classes = '{class org.waldreg.attendance.waiver.DefaultWaiverManager, class org.waldreg.attendance.rule.valid.AttendanceDateValidator}', contextInitializerClasses = '[]', activeProfiles = '{}', propertySourceLocations = '{}', propertySourceProperties = '{}', contextCustomizers = set[org.springframework.boot.test.autoconfigure.actuate.metrics.MetricsExportContextCustomizerFactory$DisableMetricExportContextCustomizer@5a3bc7ed, org.springframework.boot.test.autoconfigure.properties.PropertyMappingContextCustomizer@0, org.springframework.boot.test.autoconfigure.web.servlet.WebDriverContextCustomizerFactory$Customizer@68df9280, org.springframework.boot.test.context.filter.ExcludeFilterContextCustomizer@3f91b517, org.springframework.boot.test.json.DuplicateJsonObjectContextCustomizerFactory$DuplicateJsonObjectContextCustomizer@59a008ba, org.springframework.boot.test.mock.mockito.MockitoContextCustomizer@c36139f5], contextLoader = 'org.springframework.test.context.support.DelegatingSmartContextLoader', parent = [null]]]
23:36:54.382 [Test worker] DEBUG org.springframework.test.context.cache - Spring test ApplicationContext cache statistics: [DefaultContextCache@f3021cb size = 5, maxSize = 32, parentContextCount = 0, hitCount = 462, missCount = 5]
23:36:54.382 [Test worker] DEBUG org.springframework.test.context.cache.DefaultCacheAwareContextLoaderDelegate - Retrieved ApplicationContext [784556863] from cache with key [[MergedContextConfiguration@1f3165e7 testClass = WaiverTest, locations = '{}', classes = '{class org.waldreg.attendance.waiver.DefaultWaiverManager, class org.waldreg.attendance.rule.valid.AttendanceDateValidator}', contextInitializerClasses = '[]', activeProfiles = '{}', propertySourceLocations = '{}', propertySourceProperties = '{}', contextCustomizers = set[org.springframework.boot.test.autoconfigure.actuate.metrics.MetricsExportContextCustomizerFactory$DisableMetricExportContextCustomizer@5a3bc7ed, org.springframework.boot.test.autoconfigure.properties.PropertyMappingContextCustomizer@0, org.springframework.boot.test.autoconfigure.web.servlet.WebDriverContextCustomizerFactory$Customizer@68df9280, org.springframework.boot.test.context.filter.ExcludeFilterContextCustomizer@3f91b517, org.springframework.boot.test.json.DuplicateJsonObjectContextCustomizerFactory$DuplicateJsonObjectContextCustomizer@59a008ba, org.springframework.boot.test.mock.mockito.MockitoContextCustomizer@c36139f5], contextLoader = 'org.springframework.test.context.support.DelegatingSmartContextLoader', parent = [null]]]
23:36:54.382 [Test worker] DEBUG org.springframework.test.context.cache - Spring test ApplicationContext cache statistics: [DefaultContextCache@f3021cb size = 5, maxSize = 32, parentContextCount = 0, hitCount = 463, missCount = 5]
23:36:54.382 [Test worker] DEBUG org.springframework.test.context.cache.DefaultCacheAwareContextLoaderDelegate - Retrieved ApplicationContext [784556863] from cache with key [[MergedContextConfiguration@1f3165e7 testClass = WaiverTest, locations = '{}', classes = '{class org.waldreg.attendance.waiver.DefaultWaiverManager, class org.waldreg.attendance.rule.valid.AttendanceDateValidator}', contextInitializerClasses = '[]', activeProfiles = '{}', propertySourceLocations = '{}', propertySourceProperties = '{}', contextCustomizers = set[org.springframework.boot.test.autoconfigure.actuate.metrics.MetricsExportContextCustomizerFactory$DisableMetricExportContextCustomizer@5a3bc7ed, org.springframework.boot.test.autoconfigure.properties.PropertyMappingContextCustomizer@0, org.springframework.boot.test.autoconfigure.web.servlet.WebDriverContextCustomizerFactory$Customizer@68df9280, org.springframework.boot.test.context.filter.ExcludeFilterContextCustomizer@3f91b517, org.springframework.boot.test.json.DuplicateJsonObjectContextCustomizerFactory$DuplicateJsonObjectContextCustomizer@59a008ba, org.springframework.boot.test.mock.mockito.MockitoContextCustomizer@c36139f5], contextLoader = 'org.springframework.test.context.support.DelegatingSmartContextLoader', parent = [null]]]
23:36:54.382 [Test worker] DEBUG org.springframework.test.context.cache - Spring test ApplicationContext cache statistics: [DefaultContextCache@f3021cb size = 5, maxSize = 32, parentContextCount = 0, hitCount = 464, missCount = 5]
23:36:54.382 [Test worker] DEBUG org.springframework.test.context.cache.DefaultCacheAwareContextLoaderDelegate - Retrieved ApplicationContext [784556863] from cache with key [[MergedContextConfiguration@1f3165e7 testClass = WaiverTest, locations = '{}', classes = '{class org.waldreg.attendance.waiver.DefaultWaiverManager, class org.waldreg.attendance.rule.valid.AttendanceDateValidator}', contextInitializerClasses = '[]', activeProfiles = '{}', propertySourceLocations = '{}', propertySourceProperties = '{}', contextCustomizers = set[org.springframework.boot.test.autoconfigure.actuate.metrics.MetricsExportContextCustomizerFactory$DisableMetricExportContextCustomizer@5a3bc7ed, org.springframework.boot.test.autoconfigure.properties.PropertyMappingContextCustomizer@0, org.springframework.boot.test.autoconfigure.web.servlet.WebDriverContextCustomizerFactory$Customizer@68df9280, org.springframework.boot.test.context.filter.ExcludeFilterContextCustomizer@3f91b517, org.springframework.boot.test.json.DuplicateJsonObjectContextCustomizerFactory$DuplicateJsonObjectContextCustomizer@59a008ba, org.springframework.boot.test.mock.mockito.MockitoContextCustomizer@c36139f5], contextLoader = 'org.springframework.test.context.support.DelegatingSmartContextLoader', parent = [null]]]
23:36:54.382 [Test worker] DEBUG org.springframework.test.context.cache - Spring test ApplicationContext cache statistics: [DefaultContextCache@f3021cb size = 5, maxSize = 32, parentContextCount = 0, hitCount = 465, missCount = 5]
23:36:54.382 [Test worker] DEBUG org.springframework.test.context.cache.DefaultCacheAwareContextLoaderDelegate - Retrieved ApplicationContext [784556863] from cache with key [[MergedContextConfiguration@1f3165e7 testClass = WaiverTest, locations = '{}', classes = '{class org.waldreg.attendance.waiver.DefaultWaiverManager, class org.waldreg.attendance.rule.valid.AttendanceDateValidator}', contextInitializerClasses = '[]', activeProfiles = '{}', propertySourceLocations = '{}', propertySourceProperties = '{}', contextCustomizers = set[org.springframework.boot.test.autoconfigure.actuate.metrics.MetricsExportContextCustomizerFactory$DisableMetricExportContextCustomizer@5a3bc7ed, org.springframework.boot.test.autoconfigure.properties.PropertyMappingContextCustomizer@0, org.springframework.boot.test.autoconfigure.web.servlet.WebDriverContextCustomizerFactory$Customizer@68df9280, org.springframework.boot.test.context.filter.ExcludeFilterContextCustomizer@3f91b517, org.springframework.boot.test.json.DuplicateJsonObjectContextCustomizerFactory$DuplicateJsonObjectContextCustomizer@59a008ba, org.springframework.boot.test.mock.mockito.MockitoContextCustomizer@c36139f5], contextLoader = 'org.springframework.test.context.support.DelegatingSmartContextLoader', parent = [null]]]
23:36:54.382 [Test worker] DEBUG org.springframework.test.context.cache - Spring test ApplicationContext cache statistics: [DefaultContextCache@f3021cb size = 5, maxSize = 32, parentContextCount = 0, hitCount = 466, missCount = 5]
23:36:54.382 [Test worker] DEBUG org.springframework.test.context.cache.DefaultCacheAwareContextLoaderDelegate - Retrieved ApplicationContext [784556863] from cache with key [[MergedContextConfiguration@1f3165e7 testClass = WaiverTest, locations = '{}', classes = '{class org.waldreg.attendance.waiver.DefaultWaiverManager, class org.waldreg.attendance.rule.valid.AttendanceDateValidator}', contextInitializerClasses = '[]', activeProfiles = '{}', propertySourceLocations = '{}', propertySourceProperties = '{}', contextCustomizers = set[org.springframework.boot.test.autoconfigure.actuate.metrics.MetricsExportContextCustomizerFactory$DisableMetricExportContextCustomizer@5a3bc7ed, org.springframework.boot.test.autoconfigure.properties.PropertyMappingContextCustomizer@0, org.springframework.boot.test.autoconfigure.web.servlet.WebDriverContextCustomizerFactory$Customizer@68df9280, org.springframework.boot.test.context.filter.ExcludeFilterContextCustomizer@3f91b517, org.springframework.boot.test.json.DuplicateJsonObjectContextCustomizerFactory$DuplicateJsonObjectContextCustomizer@59a008ba, org.springframework.boot.test.mock.mockito.MockitoContextCustomizer@c36139f5], contextLoader = 'org.springframework.test.context.support.DelegatingSmartContextLoader', parent = [null]]]
23:36:54.382 [Test worker] DEBUG org.springframework.test.context.cache - Spring test ApplicationContext cache statistics: [DefaultContextCache@f3021cb size = 5, maxSize = 32, parentContextCount = 0, hitCount = 467, missCount = 5]
23:36:54.383 [Test worker] DEBUG org.springframework.test.context.support.AbstractDirtiesContextTestExecutionListener - After test method: context [DefaultTestContext@622fdb81 testClass = WaiverTest, testInstance = org.waldreg.attendance.waiver.WaiverTest@28cb3a25, testMethod = ACCEPT_ATTENDANCE_WAIVER_FAIL_CANNOT_FIND_WAIVER_BY_WAIVER_ID_TEST@WaiverTest, testException = [null], mergedContextConfiguration = [MergedContextConfiguration@1f3165e7 testClass = WaiverTest, locations = '{}', classes = '{class org.waldreg.attendance.waiver.DefaultWaiverManager, class org.waldreg.attendance.rule.valid.AttendanceDateValidator}', contextInitializerClasses = '[]', activeProfiles = '{}', propertySourceLocations = '{}', propertySourceProperties = '{}', contextCustomizers = set[org.springframework.boot.test.autoconfigure.actuate.metrics.MetricsExportContextCustomizerFactory$DisableMetricExportContextCustomizer@5a3bc7ed, org.springframework.boot.test.autoconfigure.properties.PropertyMappingContextCustomizer@0, org.springframework.boot.test.autoconfigure.web.servlet.WebDriverContextCustomizerFactory$Customizer@68df9280, org.springframework.boot.test.context.filter.ExcludeFilterContextCustomizer@3f91b517, org.springframework.boot.test.json.DuplicateJsonObjectContextCustomizerFactory$DuplicateJsonObjectContextCustomizer@59a008ba, org.springframework.boot.test.mock.mockito.MockitoContextCustomizer@c36139f5], contextLoader = 'org.springframework.test.context.support.DelegatingSmartContextLoader', parent = [null]], attributes = map['org.springframework.test.context.event.ApplicationEventsTestExecutionListener.recordApplicationEvents' -> false]], class annotated with @DirtiesContext [false] with mode [null], method annotated with @DirtiesContext [false] with mode [null].
23:36:54.383 [Test worker] DEBUG org.springframework.test.context.cache.DefaultCacheAwareContextLoaderDelegate - Retrieved ApplicationContext [784556863] from cache with key [[MergedContextConfiguration@1f3165e7 testClass = WaiverTest, locations = '{}', classes = '{class org.waldreg.attendance.waiver.DefaultWaiverManager, class org.waldreg.attendance.rule.valid.AttendanceDateValidator}', contextInitializerClasses = '[]', activeProfiles = '{}', propertySourceLocations = '{}', propertySourceProperties = '{}', contextCustomizers = set[org.springframework.boot.test.autoconfigure.actuate.metrics.MetricsExportContextCustomizerFactory$DisableMetricExportContextCustomizer@5a3bc7ed, org.springframework.boot.test.autoconfigure.properties.PropertyMappingContextCustomizer@0, org.springframework.boot.test.autoconfigure.web.servlet.WebDriverContextCustomizerFactory$Customizer@68df9280, org.springframework.boot.test.context.filter.ExcludeFilterContextCustomizer@3f91b517, org.springframework.boot.test.json.DuplicateJsonObjectContextCustomizerFactory$DuplicateJsonObjectContextCustomizer@59a008ba, org.springframework.boot.test.mock.mockito.MockitoContextCustomizer@c36139f5], contextLoader = 'org.springframework.test.context.support.DelegatingSmartContextLoader', parent = [null]]]
23:36:54.383 [Test worker] DEBUG org.springframework.test.context.cache - Spring test ApplicationContext cache statistics: [DefaultContextCache@f3021cb size = 5, maxSize = 32, parentContextCount = 0, hitCount = 468, missCount = 5]
23:36:54.383 [Test worker] DEBUG org.springframework.test.context.support.AbstractDirtiesContextTestExecutionListener - After test class: context [DefaultTestContext@622fdb81 testClass = WaiverTest, testInstance = [null], testMethod = [null], testException = [null], mergedContextConfiguration = [MergedContextConfiguration@1f3165e7 testClass = WaiverTest, locations = '{}', classes = '{class org.waldreg.attendance.waiver.DefaultWaiverManager, class org.waldreg.attendance.rule.valid.AttendanceDateValidator}', contextInitializerClasses = '[]', activeProfiles = '{}', propertySourceLocations = '{}', propertySourceProperties = '{}', contextCustomizers = set[org.springframework.boot.test.autoconfigure.actuate.metrics.MetricsExportContextCustomizerFactory$DisableMetricExportContextCustomizer@5a3bc7ed, org.springframework.boot.test.autoconfigure.properties.PropertyMappingContextCustomizer@0, org.springframework.boot.test.autoconfigure.web.servlet.WebDriverContextCustomizerFactory$Customizer@68df9280, org.springframework.boot.test.context.filter.ExcludeFilterContextCustomizer@3f91b517, org.springframework.boot.test.json.DuplicateJsonObjectContextCustomizerFactory$DuplicateJsonObjectContextCustomizer@59a008ba, org.springframework.boot.test.mock.mockito.MockitoContextCustomizer@c36139f5], contextLoader = 'org.springframework.test.context.support.DelegatingSmartContextLoader', parent = [null]], attributes = map['org.springframework.test.context.event.ApplicationEventsTestExecutionListener.recordApplicationEvents' -> false]], class annotated with @DirtiesContext [false] with mode [null].
]]></system-out>
  <system-err><![CDATA[]]></system-err>
</testsuite>
