<?xml version="1.0" encoding="UTF-8"?>
<testsuite name="org.waldreg.repository.joiningpool.repository.JpaJoiningPoolTest" tests="4" skipped="0" failures="0" errors="0" timestamp="2023-06-27T14:36:42" hostname="xb-apple.local" time="0.017">
  <properties/>
  <testcase name="가입 신청 성공 테스트" classname="org.waldreg.repository.joiningpool.repository.JpaJoiningPoolTest" time="0.004"/>
  <testcase name="유저 아이디로 조회 성공" classname="org.waldreg.repository.joiningpool.repository.JpaJoiningPoolTest" time="0.005"/>
  <testcase name="대기열에서 userId로 유저 삭제 성공 테스트" classname="org.waldreg.repository.joiningpool.repository.JpaJoiningPoolTest" time="0.004"/>
  <testcase name="유저 아이디로 존재 여부 조회 성공" classname="org.waldreg.repository.joiningpool.repository.JpaJoiningPoolTest" time="0.002"/>
  <system-out><![CDATA[2023-06-27 23:36:41.895  INFO 90382 --- [    Test worker] b.t.a.o.j.DataJpaTestContextBootstrapper : Neither @ContextConfiguration nor @ContextHierarchy found for test class [org.waldreg.repository.joiningpool.repository.JpaJoiningPoolTest], using SpringBootContextLoader
2023-06-27 23:36:41.896  INFO 90382 --- [    Test worker] o.s.t.c.support.AbstractContextLoader    : Could not detect default resource locations for test class [org.waldreg.repository.joiningpool.repository.JpaJoiningPoolTest]: no resource found for suffixes {-context.xml, Context.groovy}.
2023-06-27 23:36:41.896  INFO 90382 --- [    Test worker] t.c.s.AnnotationConfigContextLoaderUtils : Could not detect default configuration classes for test class [org.waldreg.repository.joiningpool.repository.JpaJoiningPoolTest]: JpaJoiningPoolTest does not declare any static, non-private, non-final, nested classes annotated with @Configuration.
2023-06-27 23:36:41.900  INFO 90382 --- [    Test worker] .b.t.c.SpringBootTestContextBootstrapper : Found @SpringBootConfiguration org.waldreg.repository.joiningpool.JpaJoiningPoolTestInitializer for test class org.waldreg.repository.joiningpool.repository.JpaJoiningPoolTest
2023-06-27 23:36:41.901  INFO 90382 --- [    Test worker] b.t.a.o.j.DataJpaTestContextBootstrapper : Loaded default TestExecutionListener class names from location [META-INF/spring.factories]: [org.springframework.boot.test.autoconfigure.restdocs.RestDocsTestExecutionListener, org.springframework.boot.test.autoconfigure.web.client.MockRestServiceServerResetTestExecutionListener, org.springframework.boot.test.autoconfigure.web.servlet.MockMvcPrintOnlyOnFailureTestExecutionListener, org.springframework.boot.test.autoconfigure.web.servlet.WebDriverTestExecutionListener, org.springframework.boot.test.autoconfigure.webservices.client.MockWebServiceServerTestExecutionListener, org.springframework.boot.test.mock.mockito.MockitoTestExecutionListener, org.springframework.boot.test.mock.mockito.ResetMocksTestExecutionListener, org.springframework.test.context.web.ServletTestExecutionListener, org.springframework.test.context.support.DirtiesContextBeforeModesTestExecutionListener, org.springframework.test.context.event.ApplicationEventsTestExecutionListener, org.springframework.test.context.support.DependencyInjectionTestExecutionListener, org.springframework.test.context.support.DirtiesContextTestExecutionListener, org.springframework.test.context.transaction.TransactionalTestExecutionListener, org.springframework.test.context.jdbc.SqlScriptsTestExecutionListener, org.springframework.test.context.event.EventPublishingTestExecutionListener]
2023-06-27 23:36:41.901  INFO 90382 --- [    Test worker] b.t.a.o.j.DataJpaTestContextBootstrapper : Using TestExecutionListeners: [org.springframework.test.context.web.ServletTestExecutionListener@3c1df0e9, org.springframework.test.context.support.DirtiesContextBeforeModesTestExecutionListener@4b7a4c83, org.springframework.test.context.event.ApplicationEventsTestExecutionListener@768e40af, org.springframework.boot.test.mock.mockito.MockitoTestExecutionListener@165824f5, org.springframework.boot.test.autoconfigure.SpringBootDependencyInjectionTestExecutionListener@4511146f, org.springframework.test.context.support.DirtiesContextTestExecutionListener@5c16561a, org.springframework.test.context.transaction.TransactionalTestExecutionListener@5819ee0f, org.springframework.test.context.jdbc.SqlScriptsTestExecutionListener@f310675, org.springframework.test.context.event.EventPublishingTestExecutionListener@424ec990, org.springframework.boot.test.autoconfigure.restdocs.RestDocsTestExecutionListener@2c06e145, org.springframework.boot.test.autoconfigure.web.client.MockRestServiceServerResetTestExecutionListener@3b780b5c, org.springframework.boot.test.autoconfigure.web.servlet.MockMvcPrintOnlyOnFailureTestExecutionListener@3c7db0e8, org.springframework.boot.test.autoconfigure.web.servlet.WebDriverTestExecutionListener@84becbe, org.springframework.boot.test.autoconfigure.webservices.client.MockWebServiceServerTestExecutionListener@13dc383b, org.springframework.boot.test.mock.mockito.ResetMocksTestExecutionListener@6885f3f7]

  .   ____          _            __ _ _
 /\\ / ___'_ __ _ _(_)_ __  __ _ \ \ \ \
( ( )\___ | '_ | '_| | '_ \/ _` | \ \ \ \
 \\/  ___)| |_)| | | | | || (_| |  ) ) ) )
  '  |____| .__|_| |_|_| |_\__, | / / / /
 =========|_|==============|___/=/_/_/_/
 :: Spring Boot ::                (v2.7.1)

2023-06-27 23:36:41.909  INFO 90382 --- [    Test worker] o.w.r.j.repository.JpaJoiningPoolTest    : Starting JpaJoiningPoolTest using Java 19.0.2 on xb-apple.local with PID 90382 (started by devxb in /Users/devxb/develop/waldreg-api/waldreg/repository-layer/joiningpool-jpa)
2023-06-27 23:36:41.909  INFO 90382 --- [    Test worker] o.w.r.j.repository.JpaJoiningPoolTest    : No active profile set, falling back to 1 default profile: "default"
2023-06-27 23:36:41.933  INFO 90382 --- [    Test worker] .s.d.r.c.RepositoryConfigurationDelegate : Bootstrapping Spring Data JPA repositories in DEFAULT mode.
2023-06-27 23:36:41.935  INFO 90382 --- [    Test worker] .s.d.r.c.RepositoryConfigurationDelegate : Finished Spring Data repository scanning in 2 ms. Found 2 JPA repository interfaces.
2023-06-27 23:36:41.939  INFO 90382 --- [    Test worker] beddedDataSourceBeanFactoryPostProcessor : Replacing 'dataSource' DataSource bean with embedded version
2023-06-27 23:36:41.949  INFO 90382 --- [    Test worker] o.s.j.d.e.EmbeddedDatabaseFactory        : Starting embedded database: url='jdbc:h2:mem:6cc9ae21-913b-4895-840e-b642af2f6c3a;DB_CLOSE_DELAY=-1;DB_CLOSE_ON_EXIT=false', username='sa'
2023-06-27 23:36:41.962  INFO 90382 --- [    Test worker] o.hibernate.jpa.internal.util.LogHelper  : HHH000204: Processing PersistenceUnitInfo [name: default]
2023-06-27 23:36:41.964  INFO 90382 --- [    Test worker] org.hibernate.dialect.Dialect            : HHH000400: Using dialect: org.hibernate.dialect.H2Dialect
Hibernate: drop table if exists application_color CASCADE 
Hibernate: drop table if exists attendance CASCADE 
Hibernate: drop table if exists attendance_type_reward CASCADE 
Hibernate: drop table if exists attendance_user CASCADE 
Hibernate: drop table if exists board CASCADE 
Hibernate: drop table if exists category CASCADE 
Hibernate: drop table if exists characters CASCADE 
Hibernate: drop table if exists comment CASCADE 
Hibernate: drop table if exists file_path_list CASCADE 
Hibernate: drop table if exists home_content CASCADE 
Hibernate: drop table if exists image_path_list CASCADE 
Hibernate: drop table if exists permission CASCADE 
Hibernate: drop table if exists reaction CASCADE 
Hibernate: drop table if exists reaction_user CASCADE 
Hibernate: drop table if exists reward_tag CASCADE 
Hibernate: drop table if exists reward_tag_wrapper CASCADE 
Hibernate: drop table if exists schedule CASCADE 
Hibernate: drop table if exists team CASCADE 
Hibernate: drop table if exists team_building CASCADE 
Hibernate: drop table if exists team_user CASCADE 
Hibernate: drop table if exists user CASCADE 
Hibernate: drop table if exists user_joining_pool CASCADE 
Hibernate: drop table if exists waiver CASCADE 
Hibernate: drop sequence if exists hibernate_sequence
Hibernate: create sequence hibernate_sequence start with 1 increment by 1
Hibernate: create table application_color (application_color_id integer not null, application_background_color varchar(255), application_primary_color varchar(255), primary key (application_color_id))
Hibernate: create table attendance (attendance_attendance_id integer generated by default as identity, attendance_attendance_date date not null, attendance_type_reward_id integer not null, attendance_user_attendance_user_id integer not null, primary key (attendance_attendance_id))
Hibernate: create table attendance_type_reward (attendance_type_reward_id integer generated by default as identity, attendance_type_name varchar(255) not null, reward_tag_reward_tag_id integer, primary key (attendance_type_reward_id))
Hibernate: create table attendance_user (attendance_user_attendance_user_id integer generated by default as identity, user_id integer not null, primary key (attendance_user_attendance_user_id))
Hibernate: create table board (board_id integer generated by default as identity, board_content clob, board_created_at TIMESTAMP not null, board_last_modified_at TIMESTAMP not null, board_title varchar(250) not null, board_views integer not null, category_id integer not null, user_id integer not null, primary key (board_id))
Hibernate: create table category (category_id integer generated by default as identity, category_name varchar(50) not null, primary key (category_id))
Hibernate: create table characters (character_id integer generated by default as identity, character_character_name varchar(25) not null, primary key (character_id))
Hibernate: create table comment (comment_id integer generated by default as identity, comment_content varchar(1000) not null, comment_created_at TIMESTAMP not null, comment_last_modified_at TIMESTAMP not null, board_id integer not null, user_id integer not null, primary key (comment_id))
Hibernate: create table file_path_list (board_board_id integer not null, board_file_path_list varchar(255))
Hibernate: create table home_content (home_content_id integer not null, home_content_content clob, primary key (home_content_id))
Hibernate: create table image_path_list (board_board_id integer not null, board_image_path_list varchar(255))
Hibernate: create table permission (permission_id integer generated by default as identity, permission_name varchar(255) not null, permission_permission_unit_id integer not null, permission_service varchar(255) not null, permission_status varchar(255) not null, character_id integer, primary key (permission_id))
Hibernate: create table reaction (reaction_id integer generated by default as identity, reaction_type varchar(255), board_id integer not null, primary key (reaction_id))
Hibernate: create table reaction_user (reaction_user_id integer generated by default as identity, reaction_id integer not null, user_id integer not null, primary key (reaction_user_id))
Hibernate: create table reward_tag (reward_tag_reward_tag_id integer generated by default as identity, reward_tag_reward_point integer not null, reward_tag_reward_tag_title varchar(105) not null, primary key (reward_tag_reward_tag_id))
Hibernate: create table reward_tag_wrapper (reward_tag_wrapper_reward_id integer not null, reward_tag_wrapper_reward_presented_at TIMESTAMP not null, reward_tag_reward_tag_id integer not null, user_id integer not null, primary key (reward_tag_wrapper_reward_id))
Hibernate: create table schedule (schedule_id integer generated by default as identity, schedule_finish_at TIMESTAMP not null, schedule_content varchar(1000), schedule_repeat_cycle integer, schedule_repeat_repeat_finish_at TIMESTAMP, schedule_title varchar(1000) not null, schedule_started_at TIMESTAMP not null, primary key (schedule_id))
Hibernate: create table team (team_team_id integer generated by default as identity, team_last_modified_at TIMESTAMP not null, team_team_name varchar(1005) not null, team_building_team_building_id integer, primary key (team_team_id))
Hibernate: create table team_building (team_building_team_building_id integer generated by default as identity, team_building_created_at TIMESTAMP not null, team_building_last_modified_at TIMESTAMP not null, team_building_team_building_title varchar(1000) not null, primary key (team_building_team_building_id))
Hibernate: create table team_user (team_user_id integer generated by default as identity, team_team_id integer not null, user_id integer not null, primary key (team_user_id))
Hibernate: create table user (user_id integer generated by default as identity, user_created_at DATE not null, user_name varchar(50) not null, user_phone_number varchar(15) not null, user_user_id varchar(50) not null, user_user_password varchar(20) not null, character_id integer not null, primary key (user_id))
Hibernate: create table user_joining_pool (user_joining_pool_id integer generated by default as identity, user_created_at DATE not null, user_name varchar(50) not null, user_phone_number varchar(15) not null, user_user_id varchar(50) not null, user_user_password varchar(20) not null, primary key (user_joining_pool_id))
Hibernate: create table waiver (waiver_waiver_id integer generated by default as identity, waiver_waiver_date DATE not null, waiver_waiver_reason varchar(1000), user_id integer not null, primary key (waiver_waiver_id))
Hibernate: alter table attendance_type_reward add constraint UK_ot60popbtj9yd51ftjok579e6 unique (attendance_type_name)
Hibernate: alter table attendance_user add constraint UK_8hkvnicn7gwsd8lu2mf01omh4 unique (user_id)
Hibernate: alter table characters add constraint UK_vkhyyfgjtdfdpcak6gupn3wf unique (character_character_name)
Hibernate: alter table user add constraint UK_odiq9iu3tbt4efu91ck20xj6h unique (user_user_id)
Hibernate: alter table user_joining_pool add constraint UK_r7rj76d04tf5pcb2qsnixmwt1 unique (user_user_id)
Hibernate: alter table attendance add constraint FK1a611daqcqyoby9owj9rusxv6 foreign key (attendance_type_reward_id) references attendance_type_reward
Hibernate: alter table attendance add constraint FKmhofud6amjvnyaqyn2mlw2cb4 foreign key (attendance_user_attendance_user_id) references attendance_user
Hibernate: alter table attendance_type_reward add constraint FKltx6rc45cl7gnd3a0qo039jsy foreign key (reward_tag_reward_tag_id) references reward_tag
Hibernate: alter table attendance_user add constraint FKmq1kc386m1rj5pc3i2k5krww3 foreign key (user_id) references user
Hibernate: alter table board add constraint FK60jn05fpinj6cjhqcmtkacu2g foreign key (category_id) references category
Hibernate: alter table board add constraint FKfyf1fchnby6hndhlfaidier1r foreign key (user_id) references user
Hibernate: alter table comment add constraint FKlij9oor1nav89jeat35s6kbp1 foreign key (board_id) references board
Hibernate: alter table comment add constraint FK8kcum44fvpupyw6f5baccx25c foreign key (user_id) references user
Hibernate: alter table file_path_list add constraint FKo4j76f5w6rpxvgofpcui2j91j foreign key (board_board_id) references board
Hibernate: alter table image_path_list add constraint FK4walshmg08iumfxy6xtnsv1b8 foreign key (board_board_id) references board
Hibernate: alter table permission add constraint FK1eom1bcct35ll27kupa5pp98q foreign key (character_id) references characters
Hibernate: alter table reaction add constraint FK7bug6mxn1l3mq8wj67f9jxfv8 foreign key (board_id) references board
Hibernate: alter table reaction_user add constraint FKbo9v7y0tqv81llet3jsmsberf foreign key (reaction_id) references reaction
Hibernate: alter table reaction_user add constraint FKkv06rilr3svg5vxnwfa6cqxju foreign key (user_id) references user
Hibernate: alter table reward_tag_wrapper add constraint FKqj881uefl0r7x7wl38xumuvvs foreign key (reward_tag_reward_tag_id) references reward_tag
Hibernate: alter table reward_tag_wrapper add constraint FK59enq230i9cgjo7ver57s8jw7 foreign key (user_id) references user
Hibernate: alter table team add constraint FKcm2navqut5nfr2tsv8thmppce foreign key (team_building_team_building_id) references team_building
Hibernate: alter table team_user add constraint FK8n95chmkolnsw08hkvi10v8c1 foreign key (team_team_id) references team
Hibernate: alter table team_user add constraint FK6w6lkqjk13n0nmf4jbnb3d376 foreign key (user_id) references user
Hibernate: alter table user add constraint FKtcxuw2ohvvy9dj6206qieq3qm foreign key (character_id) references characters
Hibernate: alter table waiver add constraint FK1pe6nj4xw8hby9w6siqct9vqv foreign key (user_id) references user
2023-06-27 23:36:42.012  INFO 90382 --- [    Test worker] o.h.e.t.j.p.i.JtaPlatformInitiator       : HHH000490: Using JtaPlatform implementation: [org.hibernate.engine.transaction.jta.platform.internal.NoJtaPlatform]
2023-06-27 23:36:42.012  INFO 90382 --- [    Test worker] j.LocalContainerEntityManagerFactoryBean : Initialized JPA EntityManagerFactory for persistence unit 'default'
2023-06-27 23:36:42.065  INFO 90382 --- [    Test worker] o.w.r.j.repository.JpaJoiningPoolTest    : Started JpaJoiningPoolTest in 0.163 seconds (JVM running for 1.759)
2023-06-27 23:36:42.068  INFO 90382 --- [    Test worker] o.s.t.c.transaction.TransactionContext   : Began transaction (1) for test context [DefaultTestContext@2b4ba2d9 testClass = JpaJoiningPoolTest, testInstance = org.waldreg.repository.joiningpool.repository.JpaJoiningPoolTest@69f24965, testMethod = CREATE_USER_SUCCESS_TEST@JpaJoiningPoolTest, testException = [null], mergedContextConfiguration = [MergedContextConfiguration@4eab9aec testClass = JpaJoiningPoolTest, locations = '{}', classes = '{class org.waldreg.repository.joiningpool.JpaJoiningPoolTestInitializer}', contextInitializerClasses = '[]', activeProfiles = '{}', propertySourceLocations = '{classpath:h2-application.properties}', propertySourceProperties = '{org.springframework.boot.test.autoconfigure.orm.jpa.DataJpaTestContextBootstrapper=true}', contextCustomizers = set[org.springframework.boot.test.autoconfigure.OverrideAutoConfigurationContextCustomizerFactory$DisableAutoConfigurationContextCustomizer@64c63c79, org.springframework.boot.test.autoconfigure.actuate.metrics.MetricsExportContextCustomizerFactory$DisableMetricExportContextCustomizer@24ba9639, org.springframework.boot.test.autoconfigure.filter.TypeExcludeFiltersContextCustomizer@351584c0, org.springframework.boot.test.autoconfigure.properties.PropertyMappingContextCustomizer@17ba1718, org.springframework.boot.test.autoconfigure.web.servlet.WebDriverContextCustomizerFactory$Customizer@10cf09e8, [ImportsContextCustomizer@5a45c218 key = [org.springframework.boot.autoconfigure.cache.CacheAutoConfiguration, org.springframework.boot.autoconfigure.data.jpa.JpaRepositoriesAutoConfiguration, org.springframework.boot.autoconfigure.flyway.FlywayAutoConfiguration, org.springframework.boot.autoconfigure.jdbc.DataSourceAutoConfiguration, org.springframework.boot.autoconfigure.jdbc.DataSourceTransactionManagerAutoConfiguration, org.springframework.boot.autoconfigure.jdbc.JdbcTemplateAutoConfiguration, org.springframework.boot.autoconfigure.liquibase.LiquibaseAutoConfiguration, org.springframework.boot.autoconfigure.orm.jpa.HibernateJpaAutoConfiguration, org.springframework.boot.autoconfigure.sql.init.SqlInitializationAutoConfiguration, org.springframework.boot.autoconfigure.transaction.TransactionAutoConfiguration, org.springframework.boot.test.autoconfigure.jdbc.TestDatabaseAutoConfiguration, org.springframework.boot.test.autoconfigure.orm.jpa.TestEntityManagerAutoConfiguration]], org.springframework.boot.test.context.filter.ExcludeFilterContextCustomizer@5d12a356, org.springframework.boot.test.json.DuplicateJsonObjectContextCustomizerFactory$DuplicateJsonObjectContextCustomizer@797cf65c, org.springframework.boot.test.mock.mockito.MockitoContextCustomizer@0, org.springframework.boot.test.context.SpringBootTestArgs@1, org.springframework.boot.test.context.SpringBootTestWebEnvironment@0], contextLoader = 'org.springframework.boot.test.context.SpringBootContextLoader', parent = [null]], attributes = map['org.springframework.test.context.event.ApplicationEventsTestExecutionListener.recordApplicationEvents' -> false]]; transaction manager [org.springframework.orm.jpa.JpaTransactionManager@5dff108c]; rollback [true]
Hibernate: insert into user_joining_pool (user_joining_pool_id, user_created_at, user_name, user_phone_number, user_user_id, user_user_password) values (default, ?, ?, ?, ?, ?)
2023-06-27 23:36:42.071  INFO 90382 --- [    Test worker] o.s.t.c.transaction.TransactionContext   : Rolled back transaction for test: [DefaultTestContext@2b4ba2d9 testClass = JpaJoiningPoolTest, testInstance = org.waldreg.repository.joiningpool.repository.JpaJoiningPoolTest@69f24965, testMethod = CREATE_USER_SUCCESS_TEST@JpaJoiningPoolTest, testException = [null], mergedContextConfiguration = [MergedContextConfiguration@4eab9aec testClass = JpaJoiningPoolTest, locations = '{}', classes = '{class org.waldreg.repository.joiningpool.JpaJoiningPoolTestInitializer}', contextInitializerClasses = '[]', activeProfiles = '{}', propertySourceLocations = '{classpath:h2-application.properties}', propertySourceProperties = '{org.springframework.boot.test.autoconfigure.orm.jpa.DataJpaTestContextBootstrapper=true}', contextCustomizers = set[org.springframework.boot.test.autoconfigure.OverrideAutoConfigurationContextCustomizerFactory$DisableAutoConfigurationContextCustomizer@64c63c79, org.springframework.boot.test.autoconfigure.actuate.metrics.MetricsExportContextCustomizerFactory$DisableMetricExportContextCustomizer@24ba9639, org.springframework.boot.test.autoconfigure.filter.TypeExcludeFiltersContextCustomizer@351584c0, org.springframework.boot.test.autoconfigure.properties.PropertyMappingContextCustomizer@17ba1718, org.springframework.boot.test.autoconfigure.web.servlet.WebDriverContextCustomizerFactory$Customizer@10cf09e8, [ImportsContextCustomizer@5a45c218 key = [org.springframework.boot.autoconfigure.cache.CacheAutoConfiguration, org.springframework.boot.autoconfigure.data.jpa.JpaRepositoriesAutoConfiguration, org.springframework.boot.autoconfigure.flyway.FlywayAutoConfiguration, org.springframework.boot.autoconfigure.jdbc.DataSourceAutoConfiguration, org.springframework.boot.autoconfigure.jdbc.DataSourceTransactionManagerAutoConfiguration, org.springframework.boot.autoconfigure.jdbc.JdbcTemplateAutoConfiguration, org.springframework.boot.autoconfigure.liquibase.LiquibaseAutoConfiguration, org.springframework.boot.autoconfigure.orm.jpa.HibernateJpaAutoConfiguration, org.springframework.boot.autoconfigure.sql.init.SqlInitializationAutoConfiguration, org.springframework.boot.autoconfigure.transaction.TransactionAutoConfiguration, org.springframework.boot.test.autoconfigure.jdbc.TestDatabaseAutoConfiguration, org.springframework.boot.test.autoconfigure.orm.jpa.TestEntityManagerAutoConfiguration]], org.springframework.boot.test.context.filter.ExcludeFilterContextCustomizer@5d12a356, org.springframework.boot.test.json.DuplicateJsonObjectContextCustomizerFactory$DuplicateJsonObjectContextCustomizer@797cf65c, org.springframework.boot.test.mock.mockito.MockitoContextCustomizer@0, org.springframework.boot.test.context.SpringBootTestArgs@1, org.springframework.boot.test.context.SpringBootTestWebEnvironment@0], contextLoader = 'org.springframework.boot.test.context.SpringBootContextLoader', parent = [null]], attributes = map['org.springframework.test.context.event.ApplicationEventsTestExecutionListener.recordApplicationEvents' -> false]]
2023-06-27 23:36:42.072  INFO 90382 --- [    Test worker] o.s.t.c.transaction.TransactionContext   : Began transaction (1) for test context [DefaultTestContext@2b4ba2d9 testClass = JpaJoiningPoolTest, testInstance = org.waldreg.repository.joiningpool.repository.JpaJoiningPoolTest@62525dd3, testMethod = INQUIRY_USER_BY_USER_ID_TEST@JpaJoiningPoolTest, testException = [null], mergedContextConfiguration = [MergedContextConfiguration@4eab9aec testClass = JpaJoiningPoolTest, locations = '{}', classes = '{class org.waldreg.repository.joiningpool.JpaJoiningPoolTestInitializer}', contextInitializerClasses = '[]', activeProfiles = '{}', propertySourceLocations = '{classpath:h2-application.properties}', propertySourceProperties = '{org.springframework.boot.test.autoconfigure.orm.jpa.DataJpaTestContextBootstrapper=true}', contextCustomizers = set[org.springframework.boot.test.autoconfigure.OverrideAutoConfigurationContextCustomizerFactory$DisableAutoConfigurationContextCustomizer@64c63c79, org.springframework.boot.test.autoconfigure.actuate.metrics.MetricsExportContextCustomizerFactory$DisableMetricExportContextCustomizer@24ba9639, org.springframework.boot.test.autoconfigure.filter.TypeExcludeFiltersContextCustomizer@351584c0, org.springframework.boot.test.autoconfigure.properties.PropertyMappingContextCustomizer@17ba1718, org.springframework.boot.test.autoconfigure.web.servlet.WebDriverContextCustomizerFactory$Customizer@10cf09e8, [ImportsContextCustomizer@5a45c218 key = [org.springframework.boot.autoconfigure.cache.CacheAutoConfiguration, org.springframework.boot.autoconfigure.data.jpa.JpaRepositoriesAutoConfiguration, org.springframework.boot.autoconfigure.flyway.FlywayAutoConfiguration, org.springframework.boot.autoconfigure.jdbc.DataSourceAutoConfiguration, org.springframework.boot.autoconfigure.jdbc.DataSourceTransactionManagerAutoConfiguration, org.springframework.boot.autoconfigure.jdbc.JdbcTemplateAutoConfiguration, org.springframework.boot.autoconfigure.liquibase.LiquibaseAutoConfiguration, org.springframework.boot.autoconfigure.orm.jpa.HibernateJpaAutoConfiguration, org.springframework.boot.autoconfigure.sql.init.SqlInitializationAutoConfiguration, org.springframework.boot.autoconfigure.transaction.TransactionAutoConfiguration, org.springframework.boot.test.autoconfigure.jdbc.TestDatabaseAutoConfiguration, org.springframework.boot.test.autoconfigure.orm.jpa.TestEntityManagerAutoConfiguration]], org.springframework.boot.test.context.filter.ExcludeFilterContextCustomizer@5d12a356, org.springframework.boot.test.json.DuplicateJsonObjectContextCustomizerFactory$DuplicateJsonObjectContextCustomizer@797cf65c, org.springframework.boot.test.mock.mockito.MockitoContextCustomizer@0, org.springframework.boot.test.context.SpringBootTestArgs@1, org.springframework.boot.test.context.SpringBootTestWebEnvironment@0], contextLoader = 'org.springframework.boot.test.context.SpringBootContextLoader', parent = [null]], attributes = map['org.springframework.test.context.event.ApplicationEventsTestExecutionListener.recordApplicationEvents' -> false]]; transaction manager [org.springframework.orm.jpa.JpaTransactionManager@5dff108c]; rollback [true]
Hibernate: insert into user_joining_pool (user_joining_pool_id, user_created_at, user_name, user_phone_number, user_user_id, user_user_password) values (default, ?, ?, ?, ?, ?)
Hibernate: select userjoinin0_.user_joining_pool_id as user_joi1_21_, userjoinin0_.user_created_at as user_cre2_21_, userjoinin0_.user_name as user_nam3_21_, userjoinin0_.user_phone_number as user_pho4_21_, userjoinin0_.user_user_id as user_use5_21_, userjoinin0_.user_user_password as user_use6_21_ from user_joining_pool userjoinin0_ where userjoinin0_.user_user_id=?
2023-06-27 23:36:42.076  INFO 90382 --- [    Test worker] o.s.t.c.transaction.TransactionContext   : Rolled back transaction for test: [DefaultTestContext@2b4ba2d9 testClass = JpaJoiningPoolTest, testInstance = org.waldreg.repository.joiningpool.repository.JpaJoiningPoolTest@62525dd3, testMethod = INQUIRY_USER_BY_USER_ID_TEST@JpaJoiningPoolTest, testException = [null], mergedContextConfiguration = [MergedContextConfiguration@4eab9aec testClass = JpaJoiningPoolTest, locations = '{}', classes = '{class org.waldreg.repository.joiningpool.JpaJoiningPoolTestInitializer}', contextInitializerClasses = '[]', activeProfiles = '{}', propertySourceLocations = '{classpath:h2-application.properties}', propertySourceProperties = '{org.springframework.boot.test.autoconfigure.orm.jpa.DataJpaTestContextBootstrapper=true}', contextCustomizers = set[org.springframework.boot.test.autoconfigure.OverrideAutoConfigurationContextCustomizerFactory$DisableAutoConfigurationContextCustomizer@64c63c79, org.springframework.boot.test.autoconfigure.actuate.metrics.MetricsExportContextCustomizerFactory$DisableMetricExportContextCustomizer@24ba9639, org.springframework.boot.test.autoconfigure.filter.TypeExcludeFiltersContextCustomizer@351584c0, org.springframework.boot.test.autoconfigure.properties.PropertyMappingContextCustomizer@17ba1718, org.springframework.boot.test.autoconfigure.web.servlet.WebDriverContextCustomizerFactory$Customizer@10cf09e8, [ImportsContextCustomizer@5a45c218 key = [org.springframework.boot.autoconfigure.cache.CacheAutoConfiguration, org.springframework.boot.autoconfigure.data.jpa.JpaRepositoriesAutoConfiguration, org.springframework.boot.autoconfigure.flyway.FlywayAutoConfiguration, org.springframework.boot.autoconfigure.jdbc.DataSourceAutoConfiguration, org.springframework.boot.autoconfigure.jdbc.DataSourceTransactionManagerAutoConfiguration, org.springframework.boot.autoconfigure.jdbc.JdbcTemplateAutoConfiguration, org.springframework.boot.autoconfigure.liquibase.LiquibaseAutoConfiguration, org.springframework.boot.autoconfigure.orm.jpa.HibernateJpaAutoConfiguration, org.springframework.boot.autoconfigure.sql.init.SqlInitializationAutoConfiguration, org.springframework.boot.autoconfigure.transaction.TransactionAutoConfiguration, org.springframework.boot.test.autoconfigure.jdbc.TestDatabaseAutoConfiguration, org.springframework.boot.test.autoconfigure.orm.jpa.TestEntityManagerAutoConfiguration]], org.springframework.boot.test.context.filter.ExcludeFilterContextCustomizer@5d12a356, org.springframework.boot.test.json.DuplicateJsonObjectContextCustomizerFactory$DuplicateJsonObjectContextCustomizer@797cf65c, org.springframework.boot.test.mock.mockito.MockitoContextCustomizer@0, org.springframework.boot.test.context.SpringBootTestArgs@1, org.springframework.boot.test.context.SpringBootTestWebEnvironment@0], contextLoader = 'org.springframework.boot.test.context.SpringBootContextLoader', parent = [null]], attributes = map['org.springframework.test.context.event.ApplicationEventsTestExecutionListener.recordApplicationEvents' -> false]]
2023-06-27 23:36:42.077  INFO 90382 --- [    Test worker] o.s.t.c.transaction.TransactionContext   : Began transaction (1) for test context [DefaultTestContext@2b4ba2d9 testClass = JpaJoiningPoolTest, testInstance = org.waldreg.repository.joiningpool.repository.JpaJoiningPoolTest@61f08aa9, testMethod = DELETE_USER_BY_USER_ID_SUCCESS_TEST@JpaJoiningPoolTest, testException = [null], mergedContextConfiguration = [MergedContextConfiguration@4eab9aec testClass = JpaJoiningPoolTest, locations = '{}', classes = '{class org.waldreg.repository.joiningpool.JpaJoiningPoolTestInitializer}', contextInitializerClasses = '[]', activeProfiles = '{}', propertySourceLocations = '{classpath:h2-application.properties}', propertySourceProperties = '{org.springframework.boot.test.autoconfigure.orm.jpa.DataJpaTestContextBootstrapper=true}', contextCustomizers = set[org.springframework.boot.test.autoconfigure.OverrideAutoConfigurationContextCustomizerFactory$DisableAutoConfigurationContextCustomizer@64c63c79, org.springframework.boot.test.autoconfigure.actuate.metrics.MetricsExportContextCustomizerFactory$DisableMetricExportContextCustomizer@24ba9639, org.springframework.boot.test.autoconfigure.filter.TypeExcludeFiltersContextCustomizer@351584c0, org.springframework.boot.test.autoconfigure.properties.PropertyMappingContextCustomizer@17ba1718, org.springframework.boot.test.autoconfigure.web.servlet.WebDriverContextCustomizerFactory$Customizer@10cf09e8, [ImportsContextCustomizer@5a45c218 key = [org.springframework.boot.autoconfigure.cache.CacheAutoConfiguration, org.springframework.boot.autoconfigure.data.jpa.JpaRepositoriesAutoConfiguration, org.springframework.boot.autoconfigure.flyway.FlywayAutoConfiguration, org.springframework.boot.autoconfigure.jdbc.DataSourceAutoConfiguration, org.springframework.boot.autoconfigure.jdbc.DataSourceTransactionManagerAutoConfiguration, org.springframework.boot.autoconfigure.jdbc.JdbcTemplateAutoConfiguration, org.springframework.boot.autoconfigure.liquibase.LiquibaseAutoConfiguration, org.springframework.boot.autoconfigure.orm.jpa.HibernateJpaAutoConfiguration, org.springframework.boot.autoconfigure.sql.init.SqlInitializationAutoConfiguration, org.springframework.boot.autoconfigure.transaction.TransactionAutoConfiguration, org.springframework.boot.test.autoconfigure.jdbc.TestDatabaseAutoConfiguration, org.springframework.boot.test.autoconfigure.orm.jpa.TestEntityManagerAutoConfiguration]], org.springframework.boot.test.context.filter.ExcludeFilterContextCustomizer@5d12a356, org.springframework.boot.test.json.DuplicateJsonObjectContextCustomizerFactory$DuplicateJsonObjectContextCustomizer@797cf65c, org.springframework.boot.test.mock.mockito.MockitoContextCustomizer@0, org.springframework.boot.test.context.SpringBootTestArgs@1, org.springframework.boot.test.context.SpringBootTestWebEnvironment@0], contextLoader = 'org.springframework.boot.test.context.SpringBootContextLoader', parent = [null]], attributes = map['org.springframework.test.context.event.ApplicationEventsTestExecutionListener.recordApplicationEvents' -> false]]; transaction manager [org.springframework.orm.jpa.JpaTransactionManager@5dff108c]; rollback [true]
Hibernate: insert into user_joining_pool (user_joining_pool_id, user_created_at, user_name, user_phone_number, user_user_id, user_user_password) values (default, ?, ?, ?, ?, ?)
Hibernate: DELETE FROM USER_JOINING_POOL as JU where JU.USER_USER_ID =?
Hibernate: select userjoinin0_.user_joining_pool_id as col_0_0_ from user_joining_pool userjoinin0_ where userjoinin0_.user_user_id=? limit ?
2023-06-27 23:36:42.081  INFO 90382 --- [    Test worker] o.s.t.c.transaction.TransactionContext   : Rolled back transaction for test: [DefaultTestContext@2b4ba2d9 testClass = JpaJoiningPoolTest, testInstance = org.waldreg.repository.joiningpool.repository.JpaJoiningPoolTest@61f08aa9, testMethod = DELETE_USER_BY_USER_ID_SUCCESS_TEST@JpaJoiningPoolTest, testException = [null], mergedContextConfiguration = [MergedContextConfiguration@4eab9aec testClass = JpaJoiningPoolTest, locations = '{}', classes = '{class org.waldreg.repository.joiningpool.JpaJoiningPoolTestInitializer}', contextInitializerClasses = '[]', activeProfiles = '{}', propertySourceLocations = '{classpath:h2-application.properties}', propertySourceProperties = '{org.springframework.boot.test.autoconfigure.orm.jpa.DataJpaTestContextBootstrapper=true}', contextCustomizers = set[org.springframework.boot.test.autoconfigure.OverrideAutoConfigurationContextCustomizerFactory$DisableAutoConfigurationContextCustomizer@64c63c79, org.springframework.boot.test.autoconfigure.actuate.metrics.MetricsExportContextCustomizerFactory$DisableMetricExportContextCustomizer@24ba9639, org.springframework.boot.test.autoconfigure.filter.TypeExcludeFiltersContextCustomizer@351584c0, org.springframework.boot.test.autoconfigure.properties.PropertyMappingContextCustomizer@17ba1718, org.springframework.boot.test.autoconfigure.web.servlet.WebDriverContextCustomizerFactory$Customizer@10cf09e8, [ImportsContextCustomizer@5a45c218 key = [org.springframework.boot.autoconfigure.cache.CacheAutoConfiguration, org.springframework.boot.autoconfigure.data.jpa.JpaRepositoriesAutoConfiguration, org.springframework.boot.autoconfigure.flyway.FlywayAutoConfiguration, org.springframework.boot.autoconfigure.jdbc.DataSourceAutoConfiguration, org.springframework.boot.autoconfigure.jdbc.DataSourceTransactionManagerAutoConfiguration, org.springframework.boot.autoconfigure.jdbc.JdbcTemplateAutoConfiguration, org.springframework.boot.autoconfigure.liquibase.LiquibaseAutoConfiguration, org.springframework.boot.autoconfigure.orm.jpa.HibernateJpaAutoConfiguration, org.springframework.boot.autoconfigure.sql.init.SqlInitializationAutoConfiguration, org.springframework.boot.autoconfigure.transaction.TransactionAutoConfiguration, org.springframework.boot.test.autoconfigure.jdbc.TestDatabaseAutoConfiguration, org.springframework.boot.test.autoconfigure.orm.jpa.TestEntityManagerAutoConfiguration]], org.springframework.boot.test.context.filter.ExcludeFilterContextCustomizer@5d12a356, org.springframework.boot.test.json.DuplicateJsonObjectContextCustomizerFactory$DuplicateJsonObjectContextCustomizer@797cf65c, org.springframework.boot.test.mock.mockito.MockitoContextCustomizer@0, org.springframework.boot.test.context.SpringBootTestArgs@1, org.springframework.boot.test.context.SpringBootTestWebEnvironment@0], contextLoader = 'org.springframework.boot.test.context.SpringBootContextLoader', parent = [null]], attributes = map['org.springframework.test.context.event.ApplicationEventsTestExecutionListener.recordApplicationEvents' -> false]]
2023-06-27 23:36:42.082  INFO 90382 --- [    Test worker] o.s.t.c.transaction.TransactionContext   : Began transaction (1) for test context [DefaultTestContext@2b4ba2d9 testClass = JpaJoiningPoolTest, testInstance = org.waldreg.repository.joiningpool.repository.JpaJoiningPoolTest@24a807a9, testMethod = IS_EXIST_USER_BY_USER_ID_TEST@JpaJoiningPoolTest, testException = [null], mergedContextConfiguration = [MergedContextConfiguration@4eab9aec testClass = JpaJoiningPoolTest, locations = '{}', classes = '{class org.waldreg.repository.joiningpool.JpaJoiningPoolTestInitializer}', contextInitializerClasses = '[]', activeProfiles = '{}', propertySourceLocations = '{classpath:h2-application.properties}', propertySourceProperties = '{org.springframework.boot.test.autoconfigure.orm.jpa.DataJpaTestContextBootstrapper=true}', contextCustomizers = set[org.springframework.boot.test.autoconfigure.OverrideAutoConfigurationContextCustomizerFactory$DisableAutoConfigurationContextCustomizer@64c63c79, org.springframework.boot.test.autoconfigure.actuate.metrics.MetricsExportContextCustomizerFactory$DisableMetricExportContextCustomizer@24ba9639, org.springframework.boot.test.autoconfigure.filter.TypeExcludeFiltersContextCustomizer@351584c0, org.springframework.boot.test.autoconfigure.properties.PropertyMappingContextCustomizer@17ba1718, org.springframework.boot.test.autoconfigure.web.servlet.WebDriverContextCustomizerFactory$Customizer@10cf09e8, [ImportsContextCustomizer@5a45c218 key = [org.springframework.boot.autoconfigure.cache.CacheAutoConfiguration, org.springframework.boot.autoconfigure.data.jpa.JpaRepositoriesAutoConfiguration, org.springframework.boot.autoconfigure.flyway.FlywayAutoConfiguration, org.springframework.boot.autoconfigure.jdbc.DataSourceAutoConfiguration, org.springframework.boot.autoconfigure.jdbc.DataSourceTransactionManagerAutoConfiguration, org.springframework.boot.autoconfigure.jdbc.JdbcTemplateAutoConfiguration, org.springframework.boot.autoconfigure.liquibase.LiquibaseAutoConfiguration, org.springframework.boot.autoconfigure.orm.jpa.HibernateJpaAutoConfiguration, org.springframework.boot.autoconfigure.sql.init.SqlInitializationAutoConfiguration, org.springframework.boot.autoconfigure.transaction.TransactionAutoConfiguration, org.springframework.boot.test.autoconfigure.jdbc.TestDatabaseAutoConfiguration, org.springframework.boot.test.autoconfigure.orm.jpa.TestEntityManagerAutoConfiguration]], org.springframework.boot.test.context.filter.ExcludeFilterContextCustomizer@5d12a356, org.springframework.boot.test.json.DuplicateJsonObjectContextCustomizerFactory$DuplicateJsonObjectContextCustomizer@797cf65c, org.springframework.boot.test.mock.mockito.MockitoContextCustomizer@0, org.springframework.boot.test.context.SpringBootTestArgs@1, org.springframework.boot.test.context.SpringBootTestWebEnvironment@0], contextLoader = 'org.springframework.boot.test.context.SpringBootContextLoader', parent = [null]], attributes = map['org.springframework.test.context.event.ApplicationEventsTestExecutionListener.recordApplicationEvents' -> false]]; transaction manager [org.springframework.orm.jpa.JpaTransactionManager@5dff108c]; rollback [true]
Hibernate: insert into user_joining_pool (user_joining_pool_id, user_created_at, user_name, user_phone_number, user_user_id, user_user_password) values (default, ?, ?, ?, ?, ?)
Hibernate: select userjoinin0_.user_joining_pool_id as col_0_0_ from user_joining_pool userjoinin0_ where userjoinin0_.user_user_id=? limit ?
2023-06-27 23:36:42.084  INFO 90382 --- [    Test worker] o.s.t.c.transaction.TransactionContext   : Rolled back transaction for test: [DefaultTestContext@2b4ba2d9 testClass = JpaJoiningPoolTest, testInstance = org.waldreg.repository.joiningpool.repository.JpaJoiningPoolTest@24a807a9, testMethod = IS_EXIST_USER_BY_USER_ID_TEST@JpaJoiningPoolTest, testException = [null], mergedContextConfiguration = [MergedContextConfiguration@4eab9aec testClass = JpaJoiningPoolTest, locations = '{}', classes = '{class org.waldreg.repository.joiningpool.JpaJoiningPoolTestInitializer}', contextInitializerClasses = '[]', activeProfiles = '{}', propertySourceLocations = '{classpath:h2-application.properties}', propertySourceProperties = '{org.springframework.boot.test.autoconfigure.orm.jpa.DataJpaTestContextBootstrapper=true}', contextCustomizers = set[org.springframework.boot.test.autoconfigure.OverrideAutoConfigurationContextCustomizerFactory$DisableAutoConfigurationContextCustomizer@64c63c79, org.springframework.boot.test.autoconfigure.actuate.metrics.MetricsExportContextCustomizerFactory$DisableMetricExportContextCustomizer@24ba9639, org.springframework.boot.test.autoconfigure.filter.TypeExcludeFiltersContextCustomizer@351584c0, org.springframework.boot.test.autoconfigure.properties.PropertyMappingContextCustomizer@17ba1718, org.springframework.boot.test.autoconfigure.web.servlet.WebDriverContextCustomizerFactory$Customizer@10cf09e8, [ImportsContextCustomizer@5a45c218 key = [org.springframework.boot.autoconfigure.cache.CacheAutoConfiguration, org.springframework.boot.autoconfigure.data.jpa.JpaRepositoriesAutoConfiguration, org.springframework.boot.autoconfigure.flyway.FlywayAutoConfiguration, org.springframework.boot.autoconfigure.jdbc.DataSourceAutoConfiguration, org.springframework.boot.autoconfigure.jdbc.DataSourceTransactionManagerAutoConfiguration, org.springframework.boot.autoconfigure.jdbc.JdbcTemplateAutoConfiguration, org.springframework.boot.autoconfigure.liquibase.LiquibaseAutoConfiguration, org.springframework.boot.autoconfigure.orm.jpa.HibernateJpaAutoConfiguration, org.springframework.boot.autoconfigure.sql.init.SqlInitializationAutoConfiguration, org.springframework.boot.autoconfigure.transaction.TransactionAutoConfiguration, org.springframework.boot.test.autoconfigure.jdbc.TestDatabaseAutoConfiguration, org.springframework.boot.test.autoconfigure.orm.jpa.TestEntityManagerAutoConfiguration]], org.springframework.boot.test.context.filter.ExcludeFilterContextCustomizer@5d12a356, org.springframework.boot.test.json.DuplicateJsonObjectContextCustomizerFactory$DuplicateJsonObjectContextCustomizer@797cf65c, org.springframework.boot.test.mock.mockito.MockitoContextCustomizer@0, org.springframework.boot.test.context.SpringBootTestArgs@1, org.springframework.boot.test.context.SpringBootTestWebEnvironment@0], contextLoader = 'org.springframework.boot.test.context.SpringBootContextLoader', parent = [null]], attributes = map['org.springframework.test.context.event.ApplicationEventsTestExecutionListener.recordApplicationEvents' -> false]]
]]></system-out>
  <system-err><![CDATA[]]></system-err>
</testsuite>
