<?xml version="1.0" encoding="UTF-8"?>
<testsuite name="org.waldreg.acceptance.attendance.socket.AttendanceSocketTest" tests="5" skipped="0" failures="0" errors="0" timestamp="2023-06-27T14:36:02" hostname="xb-apple.local" time="11.581">
  <properties/>
  <testcase name="출석 체크 요청 실패 인수 테스트 - 이미 출석한 경우" classname="org.waldreg.acceptance.attendance.socket.AttendanceSocketTest" time="2.201"/>
  <testcase name="출석 체크 요청 실패 인수 테스트 - 출석을 시작하지 않음" classname="org.waldreg.acceptance.attendance.socket.AttendanceSocketTest" time="1.069"/>
  <testcase name="출석 체크 요청 실패 인수 테스트 - 출석 대상이 아닐경우" classname="org.waldreg.acceptance.attendance.socket.AttendanceSocketTest" time="3.113"/>
  <testcase name="출석 체크 요청 성공 인수 테스트" classname="org.waldreg.acceptance.attendance.socket.AttendanceSocketTest" time="3.101"/>
  <testcase name="출석 체크 요청 실패 인수 테스트 - 틀린 attendanceNumber" classname="org.waldreg.acceptance.attendance.socket.AttendanceSocketTest" time="2.096"/>
  <system-out><![CDATA[2023-06-27 23:36:02.358  INFO 90271 --- [    Test worker] .b.t.c.SpringBootTestContextBootstrapper : Neither @ContextConfiguration nor @ContextHierarchy found for test class [org.waldreg.acceptance.attendance.socket.AttendanceSocketTest], using SpringBootContextLoader
2023-06-27 23:36:02.358  INFO 90271 --- [    Test worker] o.s.t.c.support.AbstractContextLoader    : Could not detect default resource locations for test class [org.waldreg.acceptance.attendance.socket.AttendanceSocketTest]: no resource found for suffixes {-context.xml, Context.groovy}.
2023-06-27 23:36:02.358  INFO 90271 --- [    Test worker] t.c.s.AnnotationConfigContextLoaderUtils : Could not detect default configuration classes for test class [org.waldreg.acceptance.attendance.socket.AttendanceSocketTest]: AttendanceSocketTest does not declare any static, non-private, non-final, nested classes annotated with @Configuration.
2023-06-27 23:36:02.365  INFO 90271 --- [    Test worker] .b.t.c.SpringBootTestContextBootstrapper : Found @SpringBootConfiguration org.waldreg.Application for test class org.waldreg.acceptance.attendance.socket.AttendanceSocketTest
2023-06-27 23:36:02.366  INFO 90271 --- [    Test worker] .b.t.c.SpringBootTestContextBootstrapper : Loaded default TestExecutionListener class names from location [META-INF/spring.factories]: [org.springframework.boot.test.autoconfigure.restdocs.RestDocsTestExecutionListener, org.springframework.boot.test.autoconfigure.web.client.MockRestServiceServerResetTestExecutionListener, org.springframework.boot.test.autoconfigure.web.servlet.MockMvcPrintOnlyOnFailureTestExecutionListener, org.springframework.boot.test.autoconfigure.web.servlet.WebDriverTestExecutionListener, org.springframework.boot.test.autoconfigure.webservices.client.MockWebServiceServerTestExecutionListener, org.springframework.boot.test.mock.mockito.MockitoTestExecutionListener, org.springframework.boot.test.mock.mockito.ResetMocksTestExecutionListener, org.springframework.test.context.web.ServletTestExecutionListener, org.springframework.test.context.support.DirtiesContextBeforeModesTestExecutionListener, org.springframework.test.context.event.ApplicationEventsTestExecutionListener, org.springframework.test.context.support.DependencyInjectionTestExecutionListener, org.springframework.test.context.support.DirtiesContextTestExecutionListener, org.springframework.test.context.transaction.TransactionalTestExecutionListener, org.springframework.test.context.jdbc.SqlScriptsTestExecutionListener, org.springframework.test.context.event.EventPublishingTestExecutionListener]
2023-06-27 23:36:02.366  INFO 90271 --- [    Test worker] .b.t.c.SpringBootTestContextBootstrapper : Using TestExecutionListeners: [org.springframework.test.context.web.ServletTestExecutionListener@7eae317e, org.springframework.test.context.support.DirtiesContextBeforeModesTestExecutionListener@2f0564df, org.springframework.test.context.event.ApplicationEventsTestExecutionListener@62ba5744, org.springframework.boot.test.mock.mockito.MockitoTestExecutionListener@4226d302, org.springframework.boot.test.autoconfigure.SpringBootDependencyInjectionTestExecutionListener@4d8c2ff9, org.springframework.test.context.support.DirtiesContextTestExecutionListener@492b990b, org.springframework.test.context.transaction.TransactionalTestExecutionListener@799bf71d, org.springframework.test.context.jdbc.SqlScriptsTestExecutionListener@dd185ef, org.springframework.test.context.event.EventPublishingTestExecutionListener@210e804b, org.springframework.boot.test.autoconfigure.restdocs.RestDocsTestExecutionListener@3478b6a0, org.springframework.boot.test.autoconfigure.web.client.MockRestServiceServerResetTestExecutionListener@12fd8c2d, org.springframework.boot.test.autoconfigure.web.servlet.MockMvcPrintOnlyOnFailureTestExecutionListener@13029d60, org.springframework.boot.test.autoconfigure.web.servlet.WebDriverTestExecutionListener@46db5b93, org.springframework.boot.test.autoconfigure.webservices.client.MockWebServiceServerTestExecutionListener@37e7285e, org.springframework.boot.test.mock.mockito.ResetMocksTestExecutionListener@4905466b]
Hibernate: select user0_.user_id as col_0_0_ from user user0_ where user0_.user_user_id=? limit ?
Hibernate: select user0_.user_id as user_id1_20_, user0_.character_id as characte7_20_, user0_.user_created_at as user_cre2_20_, user0_.user_name as user_nam3_20_, user0_.user_phone_number as user_pho4_20_, user0_.user_user_id as user_use5_20_, user0_.user_user_password as user_use6_20_ from user user0_ inner join characters character1_ on user0_.character_id=character1_.character_id where user0_.user_user_id=?
Hibernate: select character0_.character_id as characte1_6_0_, character0_.character_character_name as characte2_6_0_ from characters character0_ where character0_.character_id=?
Hibernate: select rewardtagw0_.user_id as user_id4_15_0_, rewardtagw0_.reward_tag_wrapper_reward_id as reward_t1_15_0_, rewardtagw0_.reward_tag_wrapper_reward_id as reward_t1_15_1_, rewardtagw0_.reward_tag_wrapper_reward_presented_at as reward_t2_15_1_, rewardtagw0_.reward_tag_reward_tag_id as reward_t3_15_1_, rewardtagw0_.user_id as user_id4_15_1_ from reward_tag_wrapper rewardtagw0_ where rewardtagw0_.user_id=?
Hibernate: select user0_.user_id as col_0_0_ from user user0_ where user0_.user_user_id=? limit ?
Hibernate: select user0_.user_id as col_0_0_ from user user0_ where user0_.user_user_id=? limit ?
Hibernate: select U.* from USER U where U.USER_USER_ID =?
Hibernate: select character0_.character_id as characte1_6_0_, character0_.character_character_name as characte2_6_0_ from characters character0_ where character0_.character_id=?
Hibernate: select user0_.user_id as user_id1_20_0_, user0_.character_id as characte7_20_0_, user0_.user_created_at as user_cre2_20_0_, user0_.user_name as user_nam3_20_0_, user0_.user_phone_number as user_pho4_20_0_, user0_.user_user_id as user_use5_20_0_, user0_.user_user_password as user_use6_20_0_ from user user0_ where user0_.user_id=?
Hibernate: select character0_.character_id as characte1_6_0_, character0_.character_character_name as characte2_6_0_ from characters character0_ where character0_.character_id=?
Hibernate: select count(*) as col_0_0_ from user user0_ where user0_.user_id=?
Hibernate: select character1_.character_id as characte1_6_, character1_.character_character_name as characte2_6_ from user user0_ inner join characters character1_ on user0_.character_id=character1_.character_id where user0_.user_id=?
Hibernate: select permission0_.character_id as characte6_11_0_, permission0_.permission_id as permissi1_11_0_, permission0_.permission_id as permissi1_11_1_, permission0_.character_id as characte6_11_1_, permission0_.permission_name as permissi2_11_1_, permission0_.permission_permission_unit_id as permissi3_11_1_, permission0_.permission_service as permissi4_11_1_, permission0_.permission_status as permissi5_11_1_ from permission permission0_ where permission0_.character_id=?
Hibernate: select count(*) as col_0_0_ from user user0_ where user0_.user_id=?
Hibernate: select attendance0_.attendance_attendance_id as attendan1_1_, attendance0_.attendance_attendance_date as attendan2_1_, attendance0_.attendance_type_reward_id as attendan3_1_, attendance0_.attendance_user_attendance_user_id as attendan4_1_ from attendance attendance0_ cross join attendance_user attendance1_ where attendance0_.attendance_user_attendance_user_id=attendance1_.attendance_user_attendance_user_id and attendance1_.user_id=?
Hibernate: delete from attendance_user where user_id=?
Hibernate: select user0_.user_id as col_0_0_ from user user0_ where user0_.user_user_id=? limit ?
Hibernate: select user0_.user_id as col_0_0_ from user user0_ where user0_.user_user_id=? limit ?
Hibernate: select U.* from USER U where U.USER_USER_ID =?
Hibernate: select character0_.character_id as characte1_6_0_, character0_.character_character_name as characte2_6_0_ from characters character0_ where character0_.character_id=?
Hibernate: select user0_.user_id as col_0_0_ from user user0_ where user0_.user_user_id=? limit ?
Hibernate: select user0_.user_id as user_id1_20_, user0_.character_id as characte7_20_, user0_.user_created_at as user_cre2_20_, user0_.user_name as user_nam3_20_, user0_.user_phone_number as user_pho4_20_, user0_.user_user_id as user_use5_20_, user0_.user_user_password as user_use6_20_ from user user0_ inner join characters character1_ on user0_.character_id=character1_.character_id where user0_.user_user_id=?
Hibernate: select character0_.character_id as characte1_6_0_, character0_.character_character_name as characte2_6_0_ from characters character0_ where character0_.character_id=?
Hibernate: select rewardtagw0_.user_id as user_id4_15_0_, rewardtagw0_.reward_tag_wrapper_reward_id as reward_t1_15_0_, rewardtagw0_.reward_tag_wrapper_reward_id as reward_t1_15_1_, rewardtagw0_.reward_tag_wrapper_reward_presented_at as reward_t2_15_1_, rewardtagw0_.reward_tag_reward_tag_id as reward_t3_15_1_, rewardtagw0_.user_id as user_id4_15_1_ from reward_tag_wrapper rewardtagw0_ where rewardtagw0_.user_id=?
2023-06-27 23:36:02.409  INFO 90271 --- [nio-9344-exec-1] o.a.c.c.C.[Tomcat].[localhost].[/]       : Initializing Spring DispatcherServlet 'dispatcherServlet'
2023-06-27 23:36:02.409  INFO 90271 --- [nio-9344-exec-1] o.s.web.servlet.DispatcherServlet        : Initializing Servlet 'dispatcherServlet'
2023-06-27 23:36:02.410  INFO 90271 --- [nio-9344-exec-1] o.s.web.servlet.DispatcherServlet        : Completed initialization in 1 ms
Hibernate: select user0_.user_id as user_id1_20_0_, user0_.character_id as characte7_20_0_, user0_.user_created_at as user_cre2_20_0_, user0_.user_name as user_nam3_20_0_, user0_.user_phone_number as user_pho4_20_0_, user0_.user_user_id as user_use5_20_0_, user0_.user_user_password as user_use6_20_0_ from user user0_ where user0_.user_id=?
Hibernate: select character0_.character_id as characte1_6_0_, character0_.character_character_name as characte2_6_0_ from characters character0_ where character0_.character_id=?
2023-06-27 23:36:02.463  INFO 90271 --- [lient-AsyncIO-3] AttendanceStompClient                    : Subscribe /topic/attendance-key
2023-06-27 23:36:02.464  INFO 90271 --- [    Test worker] o.w.a.a.socket.AttendanceStompClient     : Send message start attendance id "1"
Hibernate: select count(*) as col_0_0_ from user user0_ where user0_.user_id=?
Hibernate: select character1_.character_id as characte1_6_, character1_.character_character_name as characte2_6_ from user user0_ inner join characters character1_ on user0_.character_id=character1_.character_id where user0_.user_id=?
Hibernate: select permission0_.character_id as characte6_11_0_, permission0_.permission_id as permissi1_11_0_, permission0_.permission_id as permissi1_11_1_, permission0_.character_id as characte6_11_1_, permission0_.permission_name as permissi2_11_1_, permission0_.permission_permission_unit_id as permissi3_11_1_, permission0_.permission_service as permissi4_11_1_, permission0_.permission_status as permissi5_11_1_ from permission permission0_ where permission0_.character_id=?
2023-06-27 23:36:03.470  INFO 90271 --- [lient-AsyncIO-3] AttendanceStompClient                    : Subscribe /topic/attendance-time
2023-06-27 23:36:04.479  INFO 90271 --- [lient-AsyncIO-3] AttendanceStompClient                    : /topic/attendance-key reply "8512"
2023-06-27 23:36:04.481  INFO 90271 --- [lient-AsyncIO-3] AttendanceStompClient                    : /topic/attendance-time reply "179"
2023-06-27 23:36:04.482  INFO 90271 --- [lient-AsyncIO-3] AttendanceStompClient                    : /topic/attendance-time reply "178"
Hibernate: select user0_.user_id as user_id1_20_0_, user0_.character_id as characte7_20_0_, user0_.user_created_at as user_cre2_20_0_, user0_.user_name as user_nam3_20_0_, user0_.user_phone_number as user_pho4_20_0_, user0_.user_user_id as user_use5_20_0_, user0_.user_user_password as user_use6_20_0_ from user user0_ where user0_.user_id=?
Hibernate: select character0_.character_id as characte1_6_0_, character0_.character_character_name as characte2_6_0_ from characters character0_ where character0_.character_id=?
Hibernate: select count(*) as col_0_0_ from user user0_ where user0_.user_id=?
Hibernate: select character1_.character_id as characte1_6_, character1_.character_character_name as characte2_6_ from user user0_ inner join characters character1_ on user0_.character_id=character1_.character_id where user0_.user_id=?
Hibernate: select permission0_.character_id as characte6_11_0_, permission0_.permission_id as permissi1_11_0_, permission0_.permission_id as permissi1_11_1_, permission0_.character_id as characte6_11_1_, permission0_.permission_name as permissi2_11_1_, permission0_.permission_permission_unit_id as permissi3_11_1_, permission0_.permission_service as permissi4_11_1_, permission0_.permission_status as permissi5_11_1_ from permission permission0_ where permission0_.character_id=?
Hibernate: select count(*) as col_0_0_ from user user0_ where user0_.user_id=?
Hibernate: insert into attendance_user (attendance_user_attendance_user_id, user_id) values (default, ?)
Hibernate: select attendance0_.attendance_attendance_id as attendan1_1_, attendance0_.attendance_attendance_date as attendan2_1_, attendance0_.attendance_type_reward_id as attendan3_1_, attendance0_.attendance_user_attendance_user_id as attendan4_1_ from attendance attendance0_ where ?<=attendance0_.attendance_attendance_date and attendance0_.attendance_attendance_date<=?
Hibernate: select attendance0_.attendance_user_attendance_user_id as attendan1_3_, attendance0_.user_id as user_id2_3_ from attendance_user attendance0_
Hibernate: select attendance0_.attendance_type_reward_id as attendan1_2_, attendance0_.attendance_type_name as attendan2_2_, attendance0_.reward_tag_reward_tag_id as reward_t3_2_ from attendance_type_reward attendance0_ where attendance0_.attendance_type_name=?
Hibernate: insert into attendance (attendance_attendance_id, attendance_attendance_date, attendance_type_reward_id, attendance_user_attendance_user_id) values (default, ?, ?, ?)
Hibernate: select user0_.user_id as user_id1_20_0_, user0_.character_id as characte7_20_0_, user0_.user_created_at as user_cre2_20_0_, user0_.user_name as user_nam3_20_0_, user0_.user_phone_number as user_pho4_20_0_, user0_.user_user_id as user_use5_20_0_, user0_.user_user_password as user_use6_20_0_ from user user0_ where user0_.user_id=?
Hibernate: select character0_.character_id as characte1_6_0_, character0_.character_character_name as characte2_6_0_ from characters character0_ where character0_.character_id=?
Hibernate: select attendance0_.attendance_attendance_id as attendan1_1_, attendance0_.attendance_attendance_date as attendan2_1_, attendance0_.attendance_type_reward_id as attendan3_1_, attendance0_.attendance_user_attendance_user_id as attendan4_1_ from attendance attendance0_ where ?<=attendance0_.attendance_attendance_date and attendance0_.attendance_attendance_date<=?
Hibernate: select attendance0_.attendance_type_reward_id as attendan1_2_0_, attendance0_.attendance_type_name as attendan2_2_0_, attendance0_.reward_tag_reward_tag_id as reward_t3_2_0_ from attendance_type_reward attendance0_ where attendance0_.attendance_type_reward_id=?
Hibernate: select attendance0_.attendance_user_attendance_user_id as attendan1_3_0_, attendance0_.user_id as user_id2_3_0_ from attendance_user attendance0_ where attendance0_.attendance_user_attendance_user_id=?
Hibernate: select attendance0_.attendance_user_attendance_user_id as attendan1_3_, attendance0_.user_id as user_id2_3_ from attendance_user attendance0_
Hibernate: select attendance0_.attendance_attendance_id as attendan1_1_, attendance0_.attendance_attendance_date as attendan2_1_, attendance0_.attendance_type_reward_id as attendan3_1_, attendance0_.attendance_user_attendance_user_id as attendan4_1_ from attendance attendance0_ where ?<=attendance0_.attendance_attendance_date and attendance0_.attendance_attendance_date<=?
Hibernate: select attendance0_.attendance_user_attendance_user_id as attendan1_3_, attendance0_.user_id as user_id2_3_ from attendance_user attendance0_
Hibernate: select attendance0_.attendance_attendance_id as attendan1_1_, attendance0_.attendance_attendance_date as attendan2_1_, attendance0_.attendance_type_reward_id as attendan3_1_, attendance0_.attendance_user_attendance_user_id as attendan4_1_ from attendance attendance0_ cross join attendance_user attendance1_ where attendance0_.attendance_user_attendance_user_id=attendance1_.attendance_user_attendance_user_id and attendance1_.user_id=? and ?<=attendance0_.attendance_attendance_date and attendance0_.attendance_attendance_date<=?
Hibernate: select attendance0_.attendance_attendance_id as attendan1_1_, attendance0_.attendance_attendance_date as attendan2_1_, attendance0_.attendance_type_reward_id as attendan3_1_, attendance0_.attendance_user_attendance_user_id as attendan4_1_ from attendance attendance0_ where ?<=attendance0_.attendance_attendance_date and attendance0_.attendance_attendance_date<=?
Hibernate: select attendance0_.attendance_user_attendance_user_id as attendan1_3_, attendance0_.user_id as user_id2_3_ from attendance_user attendance0_
Hibernate: select attendance0_.attendance_attendance_id as attendan1_1_, attendance0_.attendance_attendance_date as attendan2_1_, attendance0_.attendance_type_reward_id as attendan3_1_, attendance0_.attendance_user_attendance_user_id as attendan4_1_ from attendance attendance0_ where ?<=attendance0_.attendance_attendance_date and attendance0_.attendance_attendance_date<=?
Hibernate: select attendance0_.attendance_user_attendance_user_id as attendan1_3_, attendance0_.user_id as user_id2_3_ from attendance_user attendance0_
Hibernate: select attendance0_.attendance_attendance_id as attendan1_1_, attendance0_.attendance_attendance_date as attendan2_1_, attendance0_.attendance_type_reward_id as attendan3_1_, attendance0_.attendance_user_attendance_user_id as attendan4_1_ from attendance attendance0_ cross join attendance_user attendance1_ where attendance0_.attendance_user_attendance_user_id=attendance1_.attendance_user_attendance_user_id and attendance1_.user_id=? and ?<=attendance0_.attendance_attendance_date and attendance0_.attendance_attendance_date<=?
Hibernate: select attendance0_.attendance_type_reward_id as attendan1_2_, attendance0_.attendance_type_name as attendan2_2_, attendance0_.reward_tag_reward_tag_id as reward_t3_2_ from attendance_type_reward attendance0_ where attendance0_.attendance_type_name=?
Hibernate: select attendance0_.attendance_attendance_id as attendan1_1_, attendance0_.attendance_attendance_date as attendan2_1_, attendance0_.attendance_type_reward_id as attendan3_1_, attendance0_.attendance_user_attendance_user_id as attendan4_1_ from attendance attendance0_ cross join attendance_user attendance1_ where attendance0_.attendance_user_attendance_user_id=attendance1_.attendance_user_attendance_user_id and attendance1_.user_id=? and ?<=attendance0_.attendance_attendance_date and attendance0_.attendance_attendance_date<=?
Hibernate: update attendance set attendance_attendance_date=?, attendance_type_reward_id=?, attendance_user_attendance_user_id=? where attendance_attendance_id=?
Hibernate: select user0_.user_id as user_id1_20_0_, user0_.character_id as characte7_20_0_, user0_.user_created_at as user_cre2_20_0_, user0_.user_name as user_nam3_20_0_, user0_.user_phone_number as user_pho4_20_0_, user0_.user_user_id as user_use5_20_0_, user0_.user_user_password as user_use6_20_0_ from user user0_ where user0_.user_id=?
Hibernate: select character0_.character_id as characte1_6_0_, character0_.character_character_name as characte2_6_0_ from characters character0_ where character0_.character_id=?
Hibernate: select attendance0_.attendance_attendance_id as attendan1_1_, attendance0_.attendance_attendance_date as attendan2_1_, attendance0_.attendance_type_reward_id as attendan3_1_, attendance0_.attendance_user_attendance_user_id as attendan4_1_ from attendance attendance0_ where ?<=attendance0_.attendance_attendance_date and attendance0_.attendance_attendance_date<=?
Hibernate: select attendance0_.attendance_type_reward_id as attendan1_2_0_, attendance0_.attendance_type_name as attendan2_2_0_, attendance0_.reward_tag_reward_tag_id as reward_t3_2_0_ from attendance_type_reward attendance0_ where attendance0_.attendance_type_reward_id=?
Hibernate: select attendance0_.attendance_user_attendance_user_id as attendan1_3_0_, attendance0_.user_id as user_id2_3_0_ from attendance_user attendance0_ where attendance0_.attendance_user_attendance_user_id=?
Hibernate: select attendance0_.attendance_user_attendance_user_id as attendan1_3_, attendance0_.user_id as user_id2_3_ from attendance_user attendance0_
Hibernate: select attendance0_.attendance_attendance_id as attendan1_1_, attendance0_.attendance_attendance_date as attendan2_1_, attendance0_.attendance_type_reward_id as attendan3_1_, attendance0_.attendance_user_attendance_user_id as attendan4_1_ from attendance attendance0_ where ?<=attendance0_.attendance_attendance_date and attendance0_.attendance_attendance_date<=?
Hibernate: select attendance0_.attendance_user_attendance_user_id as attendan1_3_, attendance0_.user_id as user_id2_3_ from attendance_user attendance0_
Hibernate: select attendance0_.attendance_attendance_id as attendan1_1_, attendance0_.attendance_attendance_date as attendan2_1_, attendance0_.attendance_type_reward_id as attendan3_1_, attendance0_.attendance_user_attendance_user_id as attendan4_1_ from attendance attendance0_ cross join attendance_user attendance1_ where attendance0_.attendance_user_attendance_user_id=attendance1_.attendance_user_attendance_user_id and attendance1_.user_id=? and ?<=attendance0_.attendance_attendance_date and attendance0_.attendance_attendance_date<=?
Hibernate: select attendance0_.attendance_attendance_id as attendan1_1_, attendance0_.attendance_attendance_date as attendan2_1_, attendance0_.attendance_type_reward_id as attendan3_1_, attendance0_.attendance_user_attendance_user_id as attendan4_1_ from attendance attendance0_ where ?<=attendance0_.attendance_attendance_date and attendance0_.attendance_attendance_date<=?
Hibernate: select attendance0_.attendance_user_attendance_user_id as attendan1_3_, attendance0_.user_id as user_id2_3_ from attendance_user attendance0_
Hibernate: select attendance0_.attendance_attendance_id as attendan1_1_, attendance0_.attendance_attendance_date as attendan2_1_, attendance0_.attendance_type_reward_id as attendan3_1_, attendance0_.attendance_user_attendance_user_id as attendan4_1_ from attendance attendance0_ where ?<=attendance0_.attendance_attendance_date and attendance0_.attendance_attendance_date<=?
Hibernate: select attendance0_.attendance_user_attendance_user_id as attendan1_3_, attendance0_.user_id as user_id2_3_ from attendance_user attendance0_
Hibernate: select attendance0_.attendance_attendance_id as attendan1_1_, attendance0_.attendance_attendance_date as attendan2_1_, attendance0_.attendance_type_reward_id as attendan3_1_, attendance0_.attendance_user_attendance_user_id as attendan4_1_ from attendance attendance0_ cross join attendance_user attendance1_ where attendance0_.attendance_user_attendance_user_id=attendance1_.attendance_user_attendance_user_id and attendance1_.user_id=? and ?<=attendance0_.attendance_attendance_date and attendance0_.attendance_attendance_date<=?
Hibernate: select user0_.user_id as col_0_0_ from user user0_ where user0_.user_user_id=? limit ?
Hibernate: select user0_.user_id as user_id1_20_, user0_.character_id as characte7_20_, user0_.user_created_at as user_cre2_20_, user0_.user_name as user_nam3_20_, user0_.user_phone_number as user_pho4_20_, user0_.user_user_id as user_use5_20_, user0_.user_user_password as user_use6_20_ from user user0_ inner join characters character1_ on user0_.character_id=character1_.character_id where user0_.user_user_id=?
Hibernate: select character0_.character_id as characte1_6_0_, character0_.character_character_name as characte2_6_0_ from characters character0_ where character0_.character_id=?
Hibernate: select rewardtagw0_.user_id as user_id4_15_0_, rewardtagw0_.reward_tag_wrapper_reward_id as reward_t1_15_0_, rewardtagw0_.reward_tag_wrapper_reward_id as reward_t1_15_1_, rewardtagw0_.reward_tag_wrapper_reward_presented_at as reward_t2_15_1_, rewardtagw0_.reward_tag_reward_tag_id as reward_t3_15_1_, rewardtagw0_.user_id as user_id4_15_1_ from reward_tag_wrapper rewardtagw0_ where rewardtagw0_.user_id=?
Hibernate: select user0_.user_id as col_0_0_ from user user0_ where user0_.user_user_id=? limit ?
Hibernate: select user0_.user_id as col_0_0_ from user user0_ where user0_.user_user_id=? limit ?
Hibernate: select U.* from USER U where U.USER_USER_ID =?
Hibernate: select character0_.character_id as characte1_6_0_, character0_.character_character_name as characte2_6_0_ from characters character0_ where character0_.character_id=?
Hibernate: select user0_.user_id as user_id1_20_0_, user0_.character_id as characte7_20_0_, user0_.user_created_at as user_cre2_20_0_, user0_.user_name as user_nam3_20_0_, user0_.user_phone_number as user_pho4_20_0_, user0_.user_user_id as user_use5_20_0_, user0_.user_user_password as user_use6_20_0_ from user user0_ where user0_.user_id=?
Hibernate: select character0_.character_id as characte1_6_0_, character0_.character_character_name as characte2_6_0_ from characters character0_ where character0_.character_id=?
Hibernate: select count(*) as col_0_0_ from user user0_ where user0_.user_id=?
Hibernate: select character1_.character_id as characte1_6_, character1_.character_character_name as characte2_6_ from user user0_ inner join characters character1_ on user0_.character_id=character1_.character_id where user0_.user_id=?
Hibernate: select permission0_.character_id as characte6_11_0_, permission0_.permission_id as permissi1_11_0_, permission0_.permission_id as permissi1_11_1_, permission0_.character_id as characte6_11_1_, permission0_.permission_name as permissi2_11_1_, permission0_.permission_permission_unit_id as permissi3_11_1_, permission0_.permission_service as permissi4_11_1_, permission0_.permission_status as permissi5_11_1_ from permission permission0_ where permission0_.character_id=?
Hibernate: select count(*) as col_0_0_ from user user0_ where user0_.user_id=?
Hibernate: select attendance0_.attendance_attendance_id as attendan1_1_, attendance0_.attendance_attendance_date as attendan2_1_, attendance0_.attendance_type_reward_id as attendan3_1_, attendance0_.attendance_user_attendance_user_id as attendan4_1_ from attendance attendance0_ cross join attendance_user attendance1_ where attendance0_.attendance_user_attendance_user_id=attendance1_.attendance_user_attendance_user_id and attendance1_.user_id=?
Hibernate: select attendance0_.attendance_type_reward_id as attendan1_2_0_, attendance0_.attendance_type_name as attendan2_2_0_, attendance0_.reward_tag_reward_tag_id as reward_t3_2_0_ from attendance_type_reward attendance0_ where attendance0_.attendance_type_reward_id=?
Hibernate: select attendance0_.attendance_user_attendance_user_id as attendan1_3_0_, attendance0_.user_id as user_id2_3_0_ from attendance_user attendance0_ where attendance0_.attendance_user_attendance_user_id=?
Hibernate: delete from attendance where attendance_user_attendance_user_id=?
Hibernate: delete from attendance_user where user_id=?
Hibernate: select user0_.user_id as col_0_0_ from user user0_ where user0_.user_user_id=? limit ?
Hibernate: select user0_.user_id as user_id1_20_, user0_.character_id as characte7_20_, user0_.user_created_at as user_cre2_20_, user0_.user_name as user_nam3_20_, user0_.user_phone_number as user_pho4_20_, user0_.user_user_id as user_use5_20_, user0_.user_user_password as user_use6_20_ from user user0_ inner join characters character1_ on user0_.character_id=character1_.character_id where user0_.user_user_id=?
Hibernate: select character0_.character_id as characte1_6_0_, character0_.character_character_name as characte2_6_0_ from characters character0_ where character0_.character_id=?
Hibernate: select rewardtagw0_.user_id as user_id4_15_0_, rewardtagw0_.reward_tag_wrapper_reward_id as reward_t1_15_0_, rewardtagw0_.reward_tag_wrapper_reward_id as reward_t1_15_1_, rewardtagw0_.reward_tag_wrapper_reward_presented_at as reward_t2_15_1_, rewardtagw0_.reward_tag_reward_tag_id as reward_t3_15_1_, rewardtagw0_.user_id as user_id4_15_1_ from reward_tag_wrapper rewardtagw0_ where rewardtagw0_.user_id=?
Hibernate: select user0_.user_id as col_0_0_ from user user0_ where user0_.user_user_id=? limit ?
Hibernate: select user0_.user_id as col_0_0_ from user user0_ where user0_.user_user_id=? limit ?
Hibernate: select U.* from USER U where U.USER_USER_ID =?
Hibernate: select character0_.character_id as characte1_6_0_, character0_.character_character_name as characte2_6_0_ from characters character0_ where character0_.character_id=?
Hibernate: select user0_.user_id as user_id1_20_0_, user0_.character_id as characte7_20_0_, user0_.user_created_at as user_cre2_20_0_, user0_.user_name as user_nam3_20_0_, user0_.user_phone_number as user_pho4_20_0_, user0_.user_user_id as user_use5_20_0_, user0_.user_user_password as user_use6_20_0_ from user user0_ where user0_.user_id=?
Hibernate: select character0_.character_id as characte1_6_0_, character0_.character_character_name as characte2_6_0_ from characters character0_ where character0_.character_id=?
Hibernate: select count(*) as col_0_0_ from user user0_ where user0_.user_id=?
Hibernate: select character1_.character_id as characte1_6_, character1_.character_character_name as characte2_6_ from user user0_ inner join characters character1_ on user0_.character_id=character1_.character_id where user0_.user_id=?
Hibernate: select permission0_.character_id as characte6_11_0_, permission0_.permission_id as permissi1_11_0_, permission0_.permission_id as permissi1_11_1_, permission0_.character_id as characte6_11_1_, permission0_.permission_name as permissi2_11_1_, permission0_.permission_permission_unit_id as permissi3_11_1_, permission0_.permission_service as permissi4_11_1_, permission0_.permission_status as permissi5_11_1_ from permission permission0_ where permission0_.character_id=?
Hibernate: select count(*) as col_0_0_ from user user0_ where user0_.user_id=?
Hibernate: select attendance0_.attendance_attendance_id as attendan1_1_, attendance0_.attendance_attendance_date as attendan2_1_, attendance0_.attendance_type_reward_id as attendan3_1_, attendance0_.attendance_user_attendance_user_id as attendan4_1_ from attendance attendance0_ cross join attendance_user attendance1_ where attendance0_.attendance_user_attendance_user_id=attendance1_.attendance_user_attendance_user_id and attendance1_.user_id=?
Hibernate: delete from attendance_user where user_id=?
Hibernate: select user0_.user_id as col_0_0_ from user user0_ where user0_.user_user_id=? limit ?
Hibernate: select user0_.user_id as col_0_0_ from user user0_ where user0_.user_user_id=? limit ?
Hibernate: select U.* from USER U where U.USER_USER_ID =?
Hibernate: select character0_.character_id as characte1_6_0_, character0_.character_character_name as characte2_6_0_ from characters character0_ where character0_.character_id=?
Hibernate: select user0_.user_id as col_0_0_ from user user0_ where user0_.user_user_id=? limit ?
Hibernate: select user0_.user_id as user_id1_20_, user0_.character_id as characte7_20_, user0_.user_created_at as user_cre2_20_, user0_.user_name as user_nam3_20_, user0_.user_phone_number as user_pho4_20_, user0_.user_user_id as user_use5_20_, user0_.user_user_password as user_use6_20_ from user user0_ inner join characters character1_ on user0_.character_id=character1_.character_id where user0_.user_user_id=?
Hibernate: select character0_.character_id as characte1_6_0_, character0_.character_character_name as characte2_6_0_ from characters character0_ where character0_.character_id=?
Hibernate: select rewardtagw0_.user_id as user_id4_15_0_, rewardtagw0_.reward_tag_wrapper_reward_id as reward_t1_15_0_, rewardtagw0_.reward_tag_wrapper_reward_id as reward_t1_15_1_, rewardtagw0_.reward_tag_wrapper_reward_presented_at as reward_t2_15_1_, rewardtagw0_.reward_tag_reward_tag_id as reward_t3_15_1_, rewardtagw0_.user_id as user_id4_15_1_ from reward_tag_wrapper rewardtagw0_ where rewardtagw0_.user_id=?
Hibernate: select user0_.user_id as user_id1_20_0_, user0_.character_id as characte7_20_0_, user0_.user_created_at as user_cre2_20_0_, user0_.user_name as user_nam3_20_0_, user0_.user_phone_number as user_pho4_20_0_, user0_.user_user_id as user_use5_20_0_, user0_.user_user_password as user_use6_20_0_ from user user0_ where user0_.user_id=?
Hibernate: select character0_.character_id as characte1_6_0_, character0_.character_character_name as characte2_6_0_ from characters character0_ where character0_.character_id=?
2023-06-27 23:36:04.585  INFO 90271 --- [lient-AsyncIO-7] AttendanceStompClient                    : Subscribe /topic/attendance-key
2023-06-27 23:36:04.585  INFO 90271 --- [    Test worker] o.w.a.a.socket.AttendanceStompClient     : Stop message stop attendance id "1"
Hibernate: select count(*) as col_0_0_ from user user0_ where user0_.user_id=?
Hibernate: select character1_.character_id as characte1_6_, character1_.character_character_name as characte2_6_ from user user0_ inner join characters character1_ on user0_.character_id=character1_.character_id where user0_.user_id=?
Hibernate: select permission0_.character_id as characte6_11_0_, permission0_.permission_id as permissi1_11_0_, permission0_.permission_id as permissi1_11_1_, permission0_.character_id as characte6_11_1_, permission0_.permission_name as permissi2_11_1_, permission0_.permission_permission_unit_id as permissi3_11_1_, permission0_.permission_service as permissi4_11_1_, permission0_.permission_status as permissi5_11_1_ from permission permission0_ where permission0_.character_id=?
2023-06-27 23:36:05.591  INFO 90271 --- [lient-AsyncIO-7] AttendanceStompClient                    : Subscribe /topic/attendance-time
Hibernate: select user0_.user_id as user_id1_20_0_, user0_.character_id as characte7_20_0_, user0_.user_created_at as user_cre2_20_0_, user0_.user_name as user_nam3_20_0_, user0_.user_phone_number as user_pho4_20_0_, user0_.user_user_id as user_use5_20_0_, user0_.user_user_password as user_use6_20_0_ from user user0_ where user0_.user_id=?
Hibernate: select character0_.character_id as characte1_6_0_, character0_.character_character_name as characte2_6_0_ from characters character0_ where character0_.character_id=?
Hibernate: select count(*) as col_0_0_ from user user0_ where user0_.user_id=?
Hibernate: select character1_.character_id as characte1_6_, character1_.character_character_name as characte2_6_ from user user0_ inner join characters character1_ on user0_.character_id=character1_.character_id where user0_.user_id=?
Hibernate: select permission0_.character_id as characte6_11_0_, permission0_.permission_id as permissi1_11_0_, permission0_.permission_id as permissi1_11_1_, permission0_.character_id as characte6_11_1_, permission0_.permission_name as permissi2_11_1_, permission0_.permission_permission_unit_id as permissi3_11_1_, permission0_.permission_service as permissi4_11_1_, permission0_.permission_status as permissi5_11_1_ from permission permission0_ where permission0_.character_id=?
Hibernate: select count(*) as col_0_0_ from user user0_ where user0_.user_id=?
Hibernate: insert into attendance_user (attendance_user_attendance_user_id, user_id) values (default, ?)
Hibernate: select attendance0_.attendance_attendance_id as attendan1_1_, attendance0_.attendance_attendance_date as attendan2_1_, attendance0_.attendance_type_reward_id as attendan3_1_, attendance0_.attendance_user_attendance_user_id as attendan4_1_ from attendance attendance0_ where ?<=attendance0_.attendance_attendance_date and attendance0_.attendance_attendance_date<=?
Hibernate: select attendance0_.attendance_user_attendance_user_id as attendan1_3_, attendance0_.user_id as user_id2_3_ from attendance_user attendance0_
Hibernate: select attendance0_.attendance_type_reward_id as attendan1_2_, attendance0_.attendance_type_name as attendan2_2_, attendance0_.reward_tag_reward_tag_id as reward_t3_2_ from attendance_type_reward attendance0_ where attendance0_.attendance_type_name=?
Hibernate: insert into attendance (attendance_attendance_id, attendance_attendance_date, attendance_type_reward_id, attendance_user_attendance_user_id) values (default, ?, ?, ?)
Hibernate: select user0_.user_id as user_id1_20_0_, user0_.character_id as characte7_20_0_, user0_.user_created_at as user_cre2_20_0_, user0_.user_name as user_nam3_20_0_, user0_.user_phone_number as user_pho4_20_0_, user0_.user_user_id as user_use5_20_0_, user0_.user_user_password as user_use6_20_0_ from user user0_ where user0_.user_id=?
Hibernate: select character0_.character_id as characte1_6_0_, character0_.character_character_name as characte2_6_0_ from characters character0_ where character0_.character_id=?
Hibernate: select attendance0_.attendance_attendance_id as attendan1_1_, attendance0_.attendance_attendance_date as attendan2_1_, attendance0_.attendance_type_reward_id as attendan3_1_, attendance0_.attendance_user_attendance_user_id as attendan4_1_ from attendance attendance0_ where ?<=attendance0_.attendance_attendance_date and attendance0_.attendance_attendance_date<=?
Hibernate: select attendance0_.attendance_type_reward_id as attendan1_2_0_, attendance0_.attendance_type_name as attendan2_2_0_, attendance0_.reward_tag_reward_tag_id as reward_t3_2_0_ from attendance_type_reward attendance0_ where attendance0_.attendance_type_reward_id=?
Hibernate: select attendance0_.attendance_user_attendance_user_id as attendan1_3_0_, attendance0_.user_id as user_id2_3_0_ from attendance_user attendance0_ where attendance0_.attendance_user_attendance_user_id=?
Hibernate: select attendance0_.attendance_user_attendance_user_id as attendan1_3_, attendance0_.user_id as user_id2_3_ from attendance_user attendance0_
Hibernate: select attendance0_.attendance_attendance_id as attendan1_1_, attendance0_.attendance_attendance_date as attendan2_1_, attendance0_.attendance_type_reward_id as attendan3_1_, attendance0_.attendance_user_attendance_user_id as attendan4_1_ from attendance attendance0_ where ?<=attendance0_.attendance_attendance_date and attendance0_.attendance_attendance_date<=?
Hibernate: select attendance0_.attendance_user_attendance_user_id as attendan1_3_, attendance0_.user_id as user_id2_3_ from attendance_user attendance0_
Hibernate: select attendance0_.attendance_attendance_id as attendan1_1_, attendance0_.attendance_attendance_date as attendan2_1_, attendance0_.attendance_type_reward_id as attendan3_1_, attendance0_.attendance_user_attendance_user_id as attendan4_1_ from attendance attendance0_ cross join attendance_user attendance1_ where attendance0_.attendance_user_attendance_user_id=attendance1_.attendance_user_attendance_user_id and attendance1_.user_id=? and ?<=attendance0_.attendance_attendance_date and attendance0_.attendance_attendance_date<=?
Hibernate: select attendance0_.attendance_attendance_id as attendan1_1_, attendance0_.attendance_attendance_date as attendan2_1_, attendance0_.attendance_type_reward_id as attendan3_1_, attendance0_.attendance_user_attendance_user_id as attendan4_1_ from attendance attendance0_ where ?<=attendance0_.attendance_attendance_date and attendance0_.attendance_attendance_date<=?
Hibernate: select attendance0_.attendance_user_attendance_user_id as attendan1_3_, attendance0_.user_id as user_id2_3_ from attendance_user attendance0_
Hibernate: select attendance0_.attendance_attendance_id as attendan1_1_, attendance0_.attendance_attendance_date as attendan2_1_, attendance0_.attendance_type_reward_id as attendan3_1_, attendance0_.attendance_user_attendance_user_id as attendan4_1_ from attendance attendance0_ where ?<=attendance0_.attendance_attendance_date and attendance0_.attendance_attendance_date<=?
Hibernate: select attendance0_.attendance_user_attendance_user_id as attendan1_3_, attendance0_.user_id as user_id2_3_ from attendance_user attendance0_
Hibernate: select attendance0_.attendance_attendance_id as attendan1_1_, attendance0_.attendance_attendance_date as attendan2_1_, attendance0_.attendance_type_reward_id as attendan3_1_, attendance0_.attendance_user_attendance_user_id as attendan4_1_ from attendance attendance0_ cross join attendance_user attendance1_ where attendance0_.attendance_user_attendance_user_id=attendance1_.attendance_user_attendance_user_id and attendance1_.user_id=? and ?<=attendance0_.attendance_attendance_date and attendance0_.attendance_attendance_date<=?
Hibernate: select user0_.user_id as col_0_0_ from user user0_ where user0_.user_user_id=? limit ?
Hibernate: select user0_.user_id as user_id1_20_, user0_.character_id as characte7_20_, user0_.user_created_at as user_cre2_20_, user0_.user_name as user_nam3_20_, user0_.user_phone_number as user_pho4_20_, user0_.user_user_id as user_use5_20_, user0_.user_user_password as user_use6_20_ from user user0_ inner join characters character1_ on user0_.character_id=character1_.character_id where user0_.user_user_id=?
Hibernate: select character0_.character_id as characte1_6_0_, character0_.character_character_name as characte2_6_0_ from characters character0_ where character0_.character_id=?
Hibernate: select rewardtagw0_.user_id as user_id4_15_0_, rewardtagw0_.reward_tag_wrapper_reward_id as reward_t1_15_0_, rewardtagw0_.reward_tag_wrapper_reward_id as reward_t1_15_1_, rewardtagw0_.reward_tag_wrapper_reward_presented_at as reward_t2_15_1_, rewardtagw0_.reward_tag_reward_tag_id as reward_t3_15_1_, rewardtagw0_.user_id as user_id4_15_1_ from reward_tag_wrapper rewardtagw0_ where rewardtagw0_.user_id=?
Hibernate: select user0_.user_id as col_0_0_ from user user0_ where user0_.user_user_id=? limit ?
Hibernate: select user0_.user_id as col_0_0_ from user user0_ where user0_.user_user_id=? limit ?
Hibernate: select U.* from USER U where U.USER_USER_ID =?
Hibernate: select character0_.character_id as characte1_6_0_, character0_.character_character_name as characte2_6_0_ from characters character0_ where character0_.character_id=?
Hibernate: select user0_.user_id as user_id1_20_0_, user0_.character_id as characte7_20_0_, user0_.user_created_at as user_cre2_20_0_, user0_.user_name as user_nam3_20_0_, user0_.user_phone_number as user_pho4_20_0_, user0_.user_user_id as user_use5_20_0_, user0_.user_user_password as user_use6_20_0_ from user user0_ where user0_.user_id=?
Hibernate: select character0_.character_id as characte1_6_0_, character0_.character_character_name as characte2_6_0_ from characters character0_ where character0_.character_id=?
Hibernate: select count(*) as col_0_0_ from user user0_ where user0_.user_id=?
Hibernate: select character1_.character_id as characte1_6_, character1_.character_character_name as characte2_6_ from user user0_ inner join characters character1_ on user0_.character_id=character1_.character_id where user0_.user_id=?
Hibernate: select permission0_.character_id as characte6_11_0_, permission0_.permission_id as permissi1_11_0_, permission0_.permission_id as permissi1_11_1_, permission0_.character_id as characte6_11_1_, permission0_.permission_name as permissi2_11_1_, permission0_.permission_permission_unit_id as permissi3_11_1_, permission0_.permission_service as permissi4_11_1_, permission0_.permission_status as permissi5_11_1_ from permission permission0_ where permission0_.character_id=?
Hibernate: select count(*) as col_0_0_ from user user0_ where user0_.user_id=?
Hibernate: select attendance0_.attendance_attendance_id as attendan1_1_, attendance0_.attendance_attendance_date as attendan2_1_, attendance0_.attendance_type_reward_id as attendan3_1_, attendance0_.attendance_user_attendance_user_id as attendan4_1_ from attendance attendance0_ cross join attendance_user attendance1_ where attendance0_.attendance_user_attendance_user_id=attendance1_.attendance_user_attendance_user_id and attendance1_.user_id=?
Hibernate: select attendance0_.attendance_type_reward_id as attendan1_2_0_, attendance0_.attendance_type_name as attendan2_2_0_, attendance0_.reward_tag_reward_tag_id as reward_t3_2_0_ from attendance_type_reward attendance0_ where attendance0_.attendance_type_reward_id=?
Hibernate: select attendance0_.attendance_user_attendance_user_id as attendan1_3_0_, attendance0_.user_id as user_id2_3_0_ from attendance_user attendance0_ where attendance0_.attendance_user_attendance_user_id=?
Hibernate: delete from attendance where attendance_user_attendance_user_id=?
Hibernate: delete from attendance_user where user_id=?
Hibernate: select user0_.user_id as col_0_0_ from user user0_ where user0_.user_user_id=? limit ?
Hibernate: select user0_.user_id as user_id1_20_, user0_.character_id as characte7_20_, user0_.user_created_at as user_cre2_20_, user0_.user_name as user_nam3_20_, user0_.user_phone_number as user_pho4_20_, user0_.user_user_id as user_use5_20_, user0_.user_user_password as user_use6_20_ from user user0_ inner join characters character1_ on user0_.character_id=character1_.character_id where user0_.user_user_id=?
Hibernate: select character0_.character_id as characte1_6_0_, character0_.character_character_name as characte2_6_0_ from characters character0_ where character0_.character_id=?
Hibernate: select rewardtagw0_.user_id as user_id4_15_0_, rewardtagw0_.reward_tag_wrapper_reward_id as reward_t1_15_0_, rewardtagw0_.reward_tag_wrapper_reward_id as reward_t1_15_1_, rewardtagw0_.reward_tag_wrapper_reward_presented_at as reward_t2_15_1_, rewardtagw0_.reward_tag_reward_tag_id as reward_t3_15_1_, rewardtagw0_.user_id as user_id4_15_1_ from reward_tag_wrapper rewardtagw0_ where rewardtagw0_.user_id=?
Hibernate: select user0_.user_id as col_0_0_ from user user0_ where user0_.user_user_id=? limit ?
Hibernate: select user0_.user_id as col_0_0_ from user user0_ where user0_.user_user_id=? limit ?
Hibernate: select U.* from USER U where U.USER_USER_ID =?
Hibernate: select character0_.character_id as characte1_6_0_, character0_.character_character_name as characte2_6_0_ from characters character0_ where character0_.character_id=?
Hibernate: select user0_.user_id as user_id1_20_0_, user0_.character_id as characte7_20_0_, user0_.user_created_at as user_cre2_20_0_, user0_.user_name as user_nam3_20_0_, user0_.user_phone_number as user_pho4_20_0_, user0_.user_user_id as user_use5_20_0_, user0_.user_user_password as user_use6_20_0_ from user user0_ where user0_.user_id=?
Hibernate: select character0_.character_id as characte1_6_0_, character0_.character_character_name as characte2_6_0_ from characters character0_ where character0_.character_id=?
Hibernate: select count(*) as col_0_0_ from user user0_ where user0_.user_id=?
Hibernate: select character1_.character_id as characte1_6_, character1_.character_character_name as characte2_6_ from user user0_ inner join characters character1_ on user0_.character_id=character1_.character_id where user0_.user_id=?
Hibernate: select permission0_.character_id as characte6_11_0_, permission0_.permission_id as permissi1_11_0_, permission0_.permission_id as permissi1_11_1_, permission0_.character_id as characte6_11_1_, permission0_.permission_name as permissi2_11_1_, permission0_.permission_permission_unit_id as permissi3_11_1_, permission0_.permission_service as permissi4_11_1_, permission0_.permission_status as permissi5_11_1_ from permission permission0_ where permission0_.character_id=?
Hibernate: select count(*) as col_0_0_ from user user0_ where user0_.user_id=?
Hibernate: select attendance0_.attendance_attendance_id as attendan1_1_, attendance0_.attendance_attendance_date as attendan2_1_, attendance0_.attendance_type_reward_id as attendan3_1_, attendance0_.attendance_user_attendance_user_id as attendan4_1_ from attendance attendance0_ cross join attendance_user attendance1_ where attendance0_.attendance_user_attendance_user_id=attendance1_.attendance_user_attendance_user_id and attendance1_.user_id=?
Hibernate: delete from attendance_user where user_id=?
Hibernate: select user0_.user_id as col_0_0_ from user user0_ where user0_.user_user_id=? limit ?
Hibernate: select user0_.user_id as col_0_0_ from user user0_ where user0_.user_user_id=? limit ?
Hibernate: select U.* from USER U where U.USER_USER_ID =?
Hibernate: select character0_.character_id as characte1_6_0_, character0_.character_character_name as characte2_6_0_ from characters character0_ where character0_.character_id=?
Hibernate: select user0_.user_id as col_0_0_ from user user0_ where user0_.user_user_id=? limit ?
Hibernate: select user0_.user_id as user_id1_20_, user0_.character_id as characte7_20_, user0_.user_created_at as user_cre2_20_, user0_.user_name as user_nam3_20_, user0_.user_phone_number as user_pho4_20_, user0_.user_user_id as user_use5_20_, user0_.user_user_password as user_use6_20_ from user user0_ inner join characters character1_ on user0_.character_id=character1_.character_id where user0_.user_user_id=?
Hibernate: select character0_.character_id as characte1_6_0_, character0_.character_character_name as characte2_6_0_ from characters character0_ where character0_.character_id=?
Hibernate: select rewardtagw0_.user_id as user_id4_15_0_, rewardtagw0_.reward_tag_wrapper_reward_id as reward_t1_15_0_, rewardtagw0_.reward_tag_wrapper_reward_id as reward_t1_15_1_, rewardtagw0_.reward_tag_wrapper_reward_presented_at as reward_t2_15_1_, rewardtagw0_.reward_tag_reward_tag_id as reward_t3_15_1_, rewardtagw0_.user_id as user_id4_15_1_ from reward_tag_wrapper rewardtagw0_ where rewardtagw0_.user_id=?
Hibernate: select user0_.user_id as user_id1_20_0_, user0_.character_id as characte7_20_0_, user0_.user_created_at as user_cre2_20_0_, user0_.user_name as user_nam3_20_0_, user0_.user_phone_number as user_pho4_20_0_, user0_.user_user_id as user_use5_20_0_, user0_.user_user_password as user_use6_20_0_ from user user0_ where user0_.user_id=?
Hibernate: select character0_.character_id as characte1_6_0_, character0_.character_character_name as characte2_6_0_ from characters character0_ where character0_.character_id=?
2023-06-27 23:36:05.656  INFO 90271 --- [lient-AsyncIO-2] AttendanceStompClient                    : Subscribe /topic/attendance-key
2023-06-27 23:36:05.658  INFO 90271 --- [    Test worker] o.w.a.a.socket.AttendanceStompClient     : Send message start attendance id "1"
Hibernate: select count(*) as col_0_0_ from user user0_ where user0_.user_id=?
Hibernate: select character1_.character_id as characte1_6_, character1_.character_character_name as characte2_6_ from user user0_ inner join characters character1_ on user0_.character_id=character1_.character_id where user0_.user_id=?
Hibernate: select permission0_.character_id as characte6_11_0_, permission0_.permission_id as permissi1_11_0_, permission0_.permission_id as permissi1_11_1_, permission0_.character_id as characte6_11_1_, permission0_.permission_name as permissi2_11_1_, permission0_.permission_permission_unit_id as permissi3_11_1_, permission0_.permission_service as permissi4_11_1_, permission0_.permission_status as permissi5_11_1_ from permission permission0_ where permission0_.character_id=?
2023-06-27 23:36:05.661  INFO 90271 --- [lient-AsyncIO-3] AttendanceStompClient                    : /topic/attendance-time reply "180"
2023-06-27 23:36:06.598  INFO 90271 --- [lient-AsyncIO-7] AttendanceStompClient                    : /topic/attendance-time reply "180"
2023-06-27 23:36:06.664  INFO 90271 --- [lient-AsyncIO-2] AttendanceStompClient                    : Subscribe /topic/attendance-time
2023-06-27 23:36:06.668  INFO 90271 --- [lient-AsyncIO-4] AttendanceStompClient                    : /topic/attendance-time reply "179"
2023-06-27 23:36:06.668  INFO 90271 --- [lient-AsyncIO-5] AttendanceStompClient                    : /topic/attendance-time reply "179"
2023-06-27 23:36:07.672  INFO 90271 --- [lient-AsyncIO-2] AttendanceStompClient                    : /topic/attendance-key reply "2568"
2023-06-27 23:36:07.673  INFO 90271 --- [lient-AsyncIO-2] AttendanceStompClient                    : /topic/attendance-time reply "179"
2023-06-27 23:36:07.673  INFO 90271 --- [lient-AsyncIO-6] AttendanceStompClient                    : /topic/attendance-time reply "178"
2023-06-27 23:36:07.674  INFO 90271 --- [lient-AsyncIO-2] AttendanceStompClient                    : /topic/attendance-time reply "178"
2023-06-27 23:36:07.675  INFO 90271 --- [lient-AsyncIO-6] AttendanceStompClient                    : /topic/attendance-time reply "178"
Hibernate: select user0_.user_id as user_id1_20_0_, user0_.character_id as characte7_20_0_, user0_.user_created_at as user_cre2_20_0_, user0_.user_name as user_nam3_20_0_, user0_.user_phone_number as user_pho4_20_0_, user0_.user_user_id as user_use5_20_0_, user0_.user_user_password as user_use6_20_0_ from user user0_ where user0_.user_id=?
Hibernate: select character0_.character_id as characte1_6_0_, character0_.character_character_name as characte2_6_0_ from characters character0_ where character0_.character_id=?
Hibernate: select attendance0_.attendance_attendance_id as attendan1_1_, attendance0_.attendance_attendance_date as attendan2_1_, attendance0_.attendance_type_reward_id as attendan3_1_, attendance0_.attendance_user_attendance_user_id as attendan4_1_ from attendance attendance0_ where ?<=attendance0_.attendance_attendance_date and attendance0_.attendance_attendance_date<=?
Hibernate: select attendance0_.attendance_user_attendance_user_id as attendan1_3_, attendance0_.user_id as user_id2_3_ from attendance_user attendance0_
Hibernate: select attendance0_.attendance_attendance_id as attendan1_1_, attendance0_.attendance_attendance_date as attendan2_1_, attendance0_.attendance_type_reward_id as attendan3_1_, attendance0_.attendance_user_attendance_user_id as attendan4_1_ from attendance attendance0_ where ?<=attendance0_.attendance_attendance_date and attendance0_.attendance_attendance_date<=?
Hibernate: select attendance0_.attendance_user_attendance_user_id as attendan1_3_, attendance0_.user_id as user_id2_3_ from attendance_user attendance0_
Hibernate: select attendance0_.attendance_attendance_id as attendan1_1_, attendance0_.attendance_attendance_date as attendan2_1_, attendance0_.attendance_type_reward_id as attendan3_1_, attendance0_.attendance_user_attendance_user_id as attendan4_1_ from attendance attendance0_ cross join attendance_user attendance1_ where attendance0_.attendance_user_attendance_user_id=attendance1_.attendance_user_attendance_user_id and attendance1_.user_id=? and ?<=attendance0_.attendance_attendance_date and attendance0_.attendance_attendance_date<=?
2023-06-27 23:36:07.715  INFO 90271 --- [    Test worker] o.w.a.a.socket.AttendanceStompClient     : Stop message stop attendance id "1"
Hibernate: select count(*) as col_0_0_ from user user0_ where user0_.user_id=?
Hibernate: select character1_.character_id as characte1_6_, character1_.character_character_name as characte2_6_ from user user0_ inner join characters character1_ on user0_.character_id=character1_.character_id where user0_.user_id=?
Hibernate: select permission0_.character_id as characte6_11_0_, permission0_.permission_id as permissi1_11_0_, permission0_.permission_id as permissi1_11_1_, permission0_.character_id as characte6_11_1_, permission0_.permission_name as permissi2_11_1_, permission0_.permission_permission_unit_id as permissi3_11_1_, permission0_.permission_service as permissi4_11_1_, permission0_.permission_status as permissi5_11_1_ from permission permission0_ where permission0_.character_id=?
Hibernate: select user0_.user_id as col_0_0_ from user user0_ where user0_.user_user_id=? limit ?
Hibernate: select user0_.user_id as user_id1_20_, user0_.character_id as characte7_20_, user0_.user_created_at as user_cre2_20_, user0_.user_name as user_nam3_20_, user0_.user_phone_number as user_pho4_20_, user0_.user_user_id as user_use5_20_, user0_.user_user_password as user_use6_20_ from user user0_ inner join characters character1_ on user0_.character_id=character1_.character_id where user0_.user_user_id=?
Hibernate: select character0_.character_id as characte1_6_0_, character0_.character_character_name as characte2_6_0_ from characters character0_ where character0_.character_id=?
Hibernate: select rewardtagw0_.user_id as user_id4_15_0_, rewardtagw0_.reward_tag_wrapper_reward_id as reward_t1_15_0_, rewardtagw0_.reward_tag_wrapper_reward_id as reward_t1_15_1_, rewardtagw0_.reward_tag_wrapper_reward_presented_at as reward_t2_15_1_, rewardtagw0_.reward_tag_reward_tag_id as reward_t3_15_1_, rewardtagw0_.user_id as user_id4_15_1_ from reward_tag_wrapper rewardtagw0_ where rewardtagw0_.user_id=?
Hibernate: select user0_.user_id as col_0_0_ from user user0_ where user0_.user_user_id=? limit ?
Hibernate: select user0_.user_id as col_0_0_ from user user0_ where user0_.user_user_id=? limit ?
Hibernate: select U.* from USER U where U.USER_USER_ID =?
Hibernate: select character0_.character_id as characte1_6_0_, character0_.character_character_name as characte2_6_0_ from characters character0_ where character0_.character_id=?
Hibernate: select user0_.user_id as user_id1_20_0_, user0_.character_id as characte7_20_0_, user0_.user_created_at as user_cre2_20_0_, user0_.user_name as user_nam3_20_0_, user0_.user_phone_number as user_pho4_20_0_, user0_.user_user_id as user_use5_20_0_, user0_.user_user_password as user_use6_20_0_ from user user0_ where user0_.user_id=?
Hibernate: select character0_.character_id as characte1_6_0_, character0_.character_character_name as characte2_6_0_ from characters character0_ where character0_.character_id=?
Hibernate: select count(*) as col_0_0_ from user user0_ where user0_.user_id=?
Hibernate: select character1_.character_id as characte1_6_, character1_.character_character_name as characte2_6_ from user user0_ inner join characters character1_ on user0_.character_id=character1_.character_id where user0_.user_id=?
Hibernate: select permission0_.character_id as characte6_11_0_, permission0_.permission_id as permissi1_11_0_, permission0_.permission_id as permissi1_11_1_, permission0_.character_id as characte6_11_1_, permission0_.permission_name as permissi2_11_1_, permission0_.permission_permission_unit_id as permissi3_11_1_, permission0_.permission_service as permissi4_11_1_, permission0_.permission_status as permissi5_11_1_ from permission permission0_ where permission0_.character_id=?
Hibernate: select count(*) as col_0_0_ from user user0_ where user0_.user_id=?
Hibernate: select attendance0_.attendance_attendance_id as attendan1_1_, attendance0_.attendance_attendance_date as attendan2_1_, attendance0_.attendance_type_reward_id as attendan3_1_, attendance0_.attendance_user_attendance_user_id as attendan4_1_ from attendance attendance0_ cross join attendance_user attendance1_ where attendance0_.attendance_user_attendance_user_id=attendance1_.attendance_user_attendance_user_id and attendance1_.user_id=?
Hibernate: delete from attendance_user where user_id=?
Hibernate: select user0_.user_id as col_0_0_ from user user0_ where user0_.user_user_id=? limit ?
Hibernate: select user0_.user_id as user_id1_20_, user0_.character_id as characte7_20_, user0_.user_created_at as user_cre2_20_, user0_.user_name as user_nam3_20_, user0_.user_phone_number as user_pho4_20_, user0_.user_user_id as user_use5_20_, user0_.user_user_password as user_use6_20_ from user user0_ inner join characters character1_ on user0_.character_id=character1_.character_id where user0_.user_user_id=?
Hibernate: select character0_.character_id as characte1_6_0_, character0_.character_character_name as characte2_6_0_ from characters character0_ where character0_.character_id=?
Hibernate: select rewardtagw0_.user_id as user_id4_15_0_, rewardtagw0_.reward_tag_wrapper_reward_id as reward_t1_15_0_, rewardtagw0_.reward_tag_wrapper_reward_id as reward_t1_15_1_, rewardtagw0_.reward_tag_wrapper_reward_presented_at as reward_t2_15_1_, rewardtagw0_.reward_tag_reward_tag_id as reward_t3_15_1_, rewardtagw0_.user_id as user_id4_15_1_ from reward_tag_wrapper rewardtagw0_ where rewardtagw0_.user_id=?
Hibernate: select user0_.user_id as col_0_0_ from user user0_ where user0_.user_user_id=? limit ?
Hibernate: select user0_.user_id as col_0_0_ from user user0_ where user0_.user_user_id=? limit ?
Hibernate: select U.* from USER U where U.USER_USER_ID =?
Hibernate: select character0_.character_id as characte1_6_0_, character0_.character_character_name as characte2_6_0_ from characters character0_ where character0_.character_id=?
Hibernate: select user0_.user_id as user_id1_20_0_, user0_.character_id as characte7_20_0_, user0_.user_created_at as user_cre2_20_0_, user0_.user_name as user_nam3_20_0_, user0_.user_phone_number as user_pho4_20_0_, user0_.user_user_id as user_use5_20_0_, user0_.user_user_password as user_use6_20_0_ from user user0_ where user0_.user_id=?
Hibernate: select character0_.character_id as characte1_6_0_, character0_.character_character_name as characte2_6_0_ from characters character0_ where character0_.character_id=?
Hibernate: select count(*) as col_0_0_ from user user0_ where user0_.user_id=?
Hibernate: select character1_.character_id as characte1_6_, character1_.character_character_name as characte2_6_ from user user0_ inner join characters character1_ on user0_.character_id=character1_.character_id where user0_.user_id=?
Hibernate: select permission0_.character_id as characte6_11_0_, permission0_.permission_id as permissi1_11_0_, permission0_.permission_id as permissi1_11_1_, permission0_.character_id as characte6_11_1_, permission0_.permission_name as permissi2_11_1_, permission0_.permission_permission_unit_id as permissi3_11_1_, permission0_.permission_service as permissi4_11_1_, permission0_.permission_status as permissi5_11_1_ from permission permission0_ where permission0_.character_id=?
Hibernate: select count(*) as col_0_0_ from user user0_ where user0_.user_id=?
Hibernate: select attendance0_.attendance_attendance_id as attendan1_1_, attendance0_.attendance_attendance_date as attendan2_1_, attendance0_.attendance_type_reward_id as attendan3_1_, attendance0_.attendance_user_attendance_user_id as attendan4_1_ from attendance attendance0_ cross join attendance_user attendance1_ where attendance0_.attendance_user_attendance_user_id=attendance1_.attendance_user_attendance_user_id and attendance1_.user_id=?
Hibernate: delete from attendance_user where user_id=?
Hibernate: select user0_.user_id as col_0_0_ from user user0_ where user0_.user_user_id=? limit ?
Hibernate: select user0_.user_id as col_0_0_ from user user0_ where user0_.user_user_id=? limit ?
Hibernate: select U.* from USER U where U.USER_USER_ID =?
Hibernate: select character0_.character_id as characte1_6_0_, character0_.character_character_name as characte2_6_0_ from characters character0_ where character0_.character_id=?
Hibernate: select user0_.user_id as col_0_0_ from user user0_ where user0_.user_user_id=? limit ?
Hibernate: select user0_.user_id as user_id1_20_, user0_.character_id as characte7_20_, user0_.user_created_at as user_cre2_20_, user0_.user_name as user_nam3_20_, user0_.user_phone_number as user_pho4_20_, user0_.user_user_id as user_use5_20_, user0_.user_user_password as user_use6_20_ from user user0_ inner join characters character1_ on user0_.character_id=character1_.character_id where user0_.user_user_id=?
Hibernate: select character0_.character_id as characte1_6_0_, character0_.character_character_name as characte2_6_0_ from characters character0_ where character0_.character_id=?
Hibernate: select rewardtagw0_.user_id as user_id4_15_0_, rewardtagw0_.reward_tag_wrapper_reward_id as reward_t1_15_0_, rewardtagw0_.reward_tag_wrapper_reward_id as reward_t1_15_1_, rewardtagw0_.reward_tag_wrapper_reward_presented_at as reward_t2_15_1_, rewardtagw0_.reward_tag_reward_tag_id as reward_t3_15_1_, rewardtagw0_.user_id as user_id4_15_1_ from reward_tag_wrapper rewardtagw0_ where rewardtagw0_.user_id=?
Hibernate: select user0_.user_id as user_id1_20_0_, user0_.character_id as characte7_20_0_, user0_.user_created_at as user_cre2_20_0_, user0_.user_name as user_nam3_20_0_, user0_.user_phone_number as user_pho4_20_0_, user0_.user_user_id as user_use5_20_0_, user0_.user_user_password as user_use6_20_0_ from user user0_ where user0_.user_id=?
Hibernate: select character0_.character_id as characte1_6_0_, character0_.character_character_name as characte2_6_0_ from characters character0_ where character0_.character_id=?
2023-06-27 23:36:08.768  INFO 90271 --- [lient-AsyncIO-4] AttendanceStompClient                    : Subscribe /topic/attendance-key
2023-06-27 23:36:08.768  INFO 90271 --- [    Test worker] o.w.a.a.socket.AttendanceStompClient     : Send message start attendance id "1"
Hibernate: select count(*) as col_0_0_ from user user0_ where user0_.user_id=?
Hibernate: select character1_.character_id as characte1_6_, character1_.character_character_name as characte2_6_ from user user0_ inner join characters character1_ on user0_.character_id=character1_.character_id where user0_.user_id=?
Hibernate: select permission0_.character_id as characte6_11_0_, permission0_.permission_id as permissi1_11_0_, permission0_.permission_id as permissi1_11_1_, permission0_.character_id as characte6_11_1_, permission0_.permission_name as permissi2_11_1_, permission0_.permission_permission_unit_id as permissi3_11_1_, permission0_.permission_service as permissi4_11_1_, permission0_.permission_status as permissi5_11_1_ from permission permission0_ where permission0_.character_id=?
2023-06-27 23:36:08.770  INFO 90271 --- [lient-AsyncIO-5] AttendanceStompClient                    : /topic/attendance-time reply "180"
2023-06-27 23:36:08.770  INFO 90271 --- [lient-AsyncIO-2] AttendanceStompClient                    : /topic/attendance-time reply "180"
2023-06-27 23:36:08.770  INFO 90271 --- [lient-AsyncIO-8] AttendanceStompClient                    : /topic/attendance-time reply "180"
2023-06-27 23:36:09.770  INFO 90271 --- [lient-AsyncIO-4] AttendanceStompClient                    : Subscribe /topic/attendance-time
2023-06-27 23:36:09.771  INFO 90271 --- [lient-AsyncIO-1] AttendanceStompClient                    : /topic/attendance-time reply "179"
2023-06-27 23:36:09.771  INFO 90271 --- [lient-AsyncIO-3] AttendanceStompClient                    : /topic/attendance-time reply "179"
2023-06-27 23:36:09.771  INFO 90271 --- [lient-AsyncIO-6] AttendanceStompClient                    : /topic/attendance-time reply "179"
2023-06-27 23:36:10.774  INFO 90271 --- [lient-AsyncIO-7] AttendanceStompClient                    : /topic/attendance-time reply "178"
2023-06-27 23:36:10.774  INFO 90271 --- [lient-AsyncIO-5] AttendanceStompClient                    : /topic/attendance-time reply "178"
2023-06-27 23:36:10.775  INFO 90271 --- [lient-AsyncIO-9] AttendanceStompClient                    : /topic/attendance-time reply "178"
2023-06-27 23:36:10.775  INFO 90271 --- [lient-AsyncIO-4] AttendanceStompClient                    : /topic/attendance-key reply "6478"
2023-06-27 23:36:10.776  INFO 90271 --- [lient-AsyncIO-4] AttendanceStompClient                    : /topic/attendance-time reply "178"
Hibernate: select user0_.user_id as user_id1_20_0_, user0_.character_id as characte7_20_0_, user0_.user_created_at as user_cre2_20_0_, user0_.user_name as user_nam3_20_0_, user0_.user_phone_number as user_pho4_20_0_, user0_.user_user_id as user_use5_20_0_, user0_.user_user_password as user_use6_20_0_ from user user0_ where user0_.user_id=?
Hibernate: select character0_.character_id as characte1_6_0_, character0_.character_character_name as characte2_6_0_ from characters character0_ where character0_.character_id=?
Hibernate: select count(*) as col_0_0_ from user user0_ where user0_.user_id=?
Hibernate: select character1_.character_id as characte1_6_, character1_.character_character_name as characte2_6_ from user user0_ inner join characters character1_ on user0_.character_id=character1_.character_id where user0_.user_id=?
Hibernate: select permission0_.character_id as characte6_11_0_, permission0_.permission_id as permissi1_11_0_, permission0_.permission_id as permissi1_11_1_, permission0_.character_id as characte6_11_1_, permission0_.permission_name as permissi2_11_1_, permission0_.permission_permission_unit_id as permissi3_11_1_, permission0_.permission_service as permissi4_11_1_, permission0_.permission_status as permissi5_11_1_ from permission permission0_ where permission0_.character_id=?
Hibernate: select count(*) as col_0_0_ from user user0_ where user0_.user_id=?
Hibernate: insert into attendance_user (attendance_user_attendance_user_id, user_id) values (default, ?)
Hibernate: select attendance0_.attendance_attendance_id as attendan1_1_, attendance0_.attendance_attendance_date as attendan2_1_, attendance0_.attendance_type_reward_id as attendan3_1_, attendance0_.attendance_user_attendance_user_id as attendan4_1_ from attendance attendance0_ where ?<=attendance0_.attendance_attendance_date and attendance0_.attendance_attendance_date<=?
Hibernate: select attendance0_.attendance_user_attendance_user_id as attendan1_3_, attendance0_.user_id as user_id2_3_ from attendance_user attendance0_
Hibernate: select attendance0_.attendance_type_reward_id as attendan1_2_, attendance0_.attendance_type_name as attendan2_2_, attendance0_.reward_tag_reward_tag_id as reward_t3_2_ from attendance_type_reward attendance0_ where attendance0_.attendance_type_name=?
Hibernate: insert into attendance (attendance_attendance_id, attendance_attendance_date, attendance_type_reward_id, attendance_user_attendance_user_id) values (default, ?, ?, ?)
Hibernate: select user0_.user_id as user_id1_20_0_, user0_.character_id as characte7_20_0_, user0_.user_created_at as user_cre2_20_0_, user0_.user_name as user_nam3_20_0_, user0_.user_phone_number as user_pho4_20_0_, user0_.user_user_id as user_use5_20_0_, user0_.user_user_password as user_use6_20_0_ from user user0_ where user0_.user_id=?
Hibernate: select character0_.character_id as characte1_6_0_, character0_.character_character_name as characte2_6_0_ from characters character0_ where character0_.character_id=?
Hibernate: select attendance0_.attendance_attendance_id as attendan1_1_, attendance0_.attendance_attendance_date as attendan2_1_, attendance0_.attendance_type_reward_id as attendan3_1_, attendance0_.attendance_user_attendance_user_id as attendan4_1_ from attendance attendance0_ where ?<=attendance0_.attendance_attendance_date and attendance0_.attendance_attendance_date<=?
Hibernate: select attendance0_.attendance_type_reward_id as attendan1_2_0_, attendance0_.attendance_type_name as attendan2_2_0_, attendance0_.reward_tag_reward_tag_id as reward_t3_2_0_ from attendance_type_reward attendance0_ where attendance0_.attendance_type_reward_id=?
Hibernate: select attendance0_.attendance_user_attendance_user_id as attendan1_3_0_, attendance0_.user_id as user_id2_3_0_ from attendance_user attendance0_ where attendance0_.attendance_user_attendance_user_id=?
Hibernate: select attendance0_.attendance_user_attendance_user_id as attendan1_3_, attendance0_.user_id as user_id2_3_ from attendance_user attendance0_
Hibernate: select attendance0_.attendance_attendance_id as attendan1_1_, attendance0_.attendance_attendance_date as attendan2_1_, attendance0_.attendance_type_reward_id as attendan3_1_, attendance0_.attendance_user_attendance_user_id as attendan4_1_ from attendance attendance0_ where ?<=attendance0_.attendance_attendance_date and attendance0_.attendance_attendance_date<=?
Hibernate: select attendance0_.attendance_user_attendance_user_id as attendan1_3_, attendance0_.user_id as user_id2_3_ from attendance_user attendance0_
Hibernate: select attendance0_.attendance_attendance_id as attendan1_1_, attendance0_.attendance_attendance_date as attendan2_1_, attendance0_.attendance_type_reward_id as attendan3_1_, attendance0_.attendance_user_attendance_user_id as attendan4_1_ from attendance attendance0_ cross join attendance_user attendance1_ where attendance0_.attendance_user_attendance_user_id=attendance1_.attendance_user_attendance_user_id and attendance1_.user_id=? and ?<=attendance0_.attendance_attendance_date and attendance0_.attendance_attendance_date<=?
Hibernate: select attendance0_.attendance_attendance_id as attendan1_1_, attendance0_.attendance_attendance_date as attendan2_1_, attendance0_.attendance_type_reward_id as attendan3_1_, attendance0_.attendance_user_attendance_user_id as attendan4_1_ from attendance attendance0_ where ?<=attendance0_.attendance_attendance_date and attendance0_.attendance_attendance_date<=?
Hibernate: select attendance0_.attendance_user_attendance_user_id as attendan1_3_, attendance0_.user_id as user_id2_3_ from attendance_user attendance0_
Hibernate: select attendance0_.attendance_attendance_id as attendan1_1_, attendance0_.attendance_attendance_date as attendan2_1_, attendance0_.attendance_type_reward_id as attendan3_1_, attendance0_.attendance_user_attendance_user_id as attendan4_1_ from attendance attendance0_ where ?<=attendance0_.attendance_attendance_date and attendance0_.attendance_attendance_date<=?
Hibernate: select attendance0_.attendance_user_attendance_user_id as attendan1_3_, attendance0_.user_id as user_id2_3_ from attendance_user attendance0_
Hibernate: select attendance0_.attendance_attendance_id as attendan1_1_, attendance0_.attendance_attendance_date as attendan2_1_, attendance0_.attendance_type_reward_id as attendan3_1_, attendance0_.attendance_user_attendance_user_id as attendan4_1_ from attendance attendance0_ cross join attendance_user attendance1_ where attendance0_.attendance_user_attendance_user_id=attendance1_.attendance_user_attendance_user_id and attendance1_.user_id=? and ?<=attendance0_.attendance_attendance_date and attendance0_.attendance_attendance_date<=?
Hibernate: select attendance0_.attendance_type_reward_id as attendan1_2_, attendance0_.attendance_type_name as attendan2_2_, attendance0_.reward_tag_reward_tag_id as reward_t3_2_ from attendance_type_reward attendance0_ where attendance0_.attendance_type_name=?
Hibernate: select attendance0_.attendance_attendance_id as attendan1_1_, attendance0_.attendance_attendance_date as attendan2_1_, attendance0_.attendance_type_reward_id as attendan3_1_, attendance0_.attendance_user_attendance_user_id as attendan4_1_ from attendance attendance0_ cross join attendance_user attendance1_ where attendance0_.attendance_user_attendance_user_id=attendance1_.attendance_user_attendance_user_id and attendance1_.user_id=? and ?<=attendance0_.attendance_attendance_date and attendance0_.attendance_attendance_date<=?
Hibernate: update attendance set attendance_attendance_date=?, attendance_type_reward_id=?, attendance_user_attendance_user_id=? where attendance_attendance_id=?
2023-06-27 23:36:10.831  INFO 90271 --- [    Test worker] o.w.a.a.socket.AttendanceStompClient     : Stop message stop attendance id "1"
Hibernate: select count(*) as col_0_0_ from user user0_ where user0_.user_id=?
Hibernate: select character1_.character_id as characte1_6_, character1_.character_character_name as characte2_6_ from user user0_ inner join characters character1_ on user0_.character_id=character1_.character_id where user0_.user_id=?
Hibernate: select permission0_.character_id as characte6_11_0_, permission0_.permission_id as permissi1_11_0_, permission0_.permission_id as permissi1_11_1_, permission0_.character_id as characte6_11_1_, permission0_.permission_name as permissi2_11_1_, permission0_.permission_permission_unit_id as permissi3_11_1_, permission0_.permission_service as permissi4_11_1_, permission0_.permission_status as permissi5_11_1_ from permission permission0_ where permission0_.character_id=?
Hibernate: select user0_.user_id as col_0_0_ from user user0_ where user0_.user_user_id=? limit ?
Hibernate: select user0_.user_id as user_id1_20_, user0_.character_id as characte7_20_, user0_.user_created_at as user_cre2_20_, user0_.user_name as user_nam3_20_, user0_.user_phone_number as user_pho4_20_, user0_.user_user_id as user_use5_20_, user0_.user_user_password as user_use6_20_ from user user0_ inner join characters character1_ on user0_.character_id=character1_.character_id where user0_.user_user_id=?
Hibernate: select character0_.character_id as characte1_6_0_, character0_.character_character_name as characte2_6_0_ from characters character0_ where character0_.character_id=?
Hibernate: select rewardtagw0_.user_id as user_id4_15_0_, rewardtagw0_.reward_tag_wrapper_reward_id as reward_t1_15_0_, rewardtagw0_.reward_tag_wrapper_reward_id as reward_t1_15_1_, rewardtagw0_.reward_tag_wrapper_reward_presented_at as reward_t2_15_1_, rewardtagw0_.reward_tag_reward_tag_id as reward_t3_15_1_, rewardtagw0_.user_id as user_id4_15_1_ from reward_tag_wrapper rewardtagw0_ where rewardtagw0_.user_id=?
Hibernate: select user0_.user_id as col_0_0_ from user user0_ where user0_.user_user_id=? limit ?
Hibernate: select user0_.user_id as col_0_0_ from user user0_ where user0_.user_user_id=? limit ?
Hibernate: select U.* from USER U where U.USER_USER_ID =?
Hibernate: select character0_.character_id as characte1_6_0_, character0_.character_character_name as characte2_6_0_ from characters character0_ where character0_.character_id=?
Hibernate: select user0_.user_id as user_id1_20_0_, user0_.character_id as characte7_20_0_, user0_.user_created_at as user_cre2_20_0_, user0_.user_name as user_nam3_20_0_, user0_.user_phone_number as user_pho4_20_0_, user0_.user_user_id as user_use5_20_0_, user0_.user_user_password as user_use6_20_0_ from user user0_ where user0_.user_id=?
Hibernate: select character0_.character_id as characte1_6_0_, character0_.character_character_name as characte2_6_0_ from characters character0_ where character0_.character_id=?
Hibernate: select count(*) as col_0_0_ from user user0_ where user0_.user_id=?
Hibernate: select character1_.character_id as characte1_6_, character1_.character_character_name as characte2_6_ from user user0_ inner join characters character1_ on user0_.character_id=character1_.character_id where user0_.user_id=?
Hibernate: select permission0_.character_id as characte6_11_0_, permission0_.permission_id as permissi1_11_0_, permission0_.permission_id as permissi1_11_1_, permission0_.character_id as characte6_11_1_, permission0_.permission_name as permissi2_11_1_, permission0_.permission_permission_unit_id as permissi3_11_1_, permission0_.permission_service as permissi4_11_1_, permission0_.permission_status as permissi5_11_1_ from permission permission0_ where permission0_.character_id=?
Hibernate: select count(*) as col_0_0_ from user user0_ where user0_.user_id=?
Hibernate: select attendance0_.attendance_attendance_id as attendan1_1_, attendance0_.attendance_attendance_date as attendan2_1_, attendance0_.attendance_type_reward_id as attendan3_1_, attendance0_.attendance_user_attendance_user_id as attendan4_1_ from attendance attendance0_ cross join attendance_user attendance1_ where attendance0_.attendance_user_attendance_user_id=attendance1_.attendance_user_attendance_user_id and attendance1_.user_id=?
Hibernate: select attendance0_.attendance_type_reward_id as attendan1_2_0_, attendance0_.attendance_type_name as attendan2_2_0_, attendance0_.reward_tag_reward_tag_id as reward_t3_2_0_ from attendance_type_reward attendance0_ where attendance0_.attendance_type_reward_id=?
Hibernate: select attendance0_.attendance_user_attendance_user_id as attendan1_3_0_, attendance0_.user_id as user_id2_3_0_ from attendance_user attendance0_ where attendance0_.attendance_user_attendance_user_id=?
Hibernate: delete from attendance where attendance_user_attendance_user_id=?
Hibernate: delete from attendance_user where user_id=?
Hibernate: select user0_.user_id as col_0_0_ from user user0_ where user0_.user_user_id=? limit ?
Hibernate: select user0_.user_id as user_id1_20_, user0_.character_id as characte7_20_, user0_.user_created_at as user_cre2_20_, user0_.user_name as user_nam3_20_, user0_.user_phone_number as user_pho4_20_, user0_.user_user_id as user_use5_20_, user0_.user_user_password as user_use6_20_ from user user0_ inner join characters character1_ on user0_.character_id=character1_.character_id where user0_.user_user_id=?
Hibernate: select character0_.character_id as characte1_6_0_, character0_.character_character_name as characte2_6_0_ from characters character0_ where character0_.character_id=?
Hibernate: select rewardtagw0_.user_id as user_id4_15_0_, rewardtagw0_.reward_tag_wrapper_reward_id as reward_t1_15_0_, rewardtagw0_.reward_tag_wrapper_reward_id as reward_t1_15_1_, rewardtagw0_.reward_tag_wrapper_reward_presented_at as reward_t2_15_1_, rewardtagw0_.reward_tag_reward_tag_id as reward_t3_15_1_, rewardtagw0_.user_id as user_id4_15_1_ from reward_tag_wrapper rewardtagw0_ where rewardtagw0_.user_id=?
Hibernate: select user0_.user_id as col_0_0_ from user user0_ where user0_.user_user_id=? limit ?
Hibernate: select user0_.user_id as col_0_0_ from user user0_ where user0_.user_user_id=? limit ?
Hibernate: select U.* from USER U where U.USER_USER_ID =?
Hibernate: select character0_.character_id as characte1_6_0_, character0_.character_character_name as characte2_6_0_ from characters character0_ where character0_.character_id=?
Hibernate: select user0_.user_id as user_id1_20_0_, user0_.character_id as characte7_20_0_, user0_.user_created_at as user_cre2_20_0_, user0_.user_name as user_nam3_20_0_, user0_.user_phone_number as user_pho4_20_0_, user0_.user_user_id as user_use5_20_0_, user0_.user_user_password as user_use6_20_0_ from user user0_ where user0_.user_id=?
Hibernate: select character0_.character_id as characte1_6_0_, character0_.character_character_name as characte2_6_0_ from characters character0_ where character0_.character_id=?
Hibernate: select count(*) as col_0_0_ from user user0_ where user0_.user_id=?
Hibernate: select character1_.character_id as characte1_6_, character1_.character_character_name as characte2_6_ from user user0_ inner join characters character1_ on user0_.character_id=character1_.character_id where user0_.user_id=?
Hibernate: select permission0_.character_id as characte6_11_0_, permission0_.permission_id as permissi1_11_0_, permission0_.permission_id as permissi1_11_1_, permission0_.character_id as characte6_11_1_, permission0_.permission_name as permissi2_11_1_, permission0_.permission_permission_unit_id as permissi3_11_1_, permission0_.permission_service as permissi4_11_1_, permission0_.permission_status as permissi5_11_1_ from permission permission0_ where permission0_.character_id=?
Hibernate: select count(*) as col_0_0_ from user user0_ where user0_.user_id=?
Hibernate: select attendance0_.attendance_attendance_id as attendan1_1_, attendance0_.attendance_attendance_date as attendan2_1_, attendance0_.attendance_type_reward_id as attendan3_1_, attendance0_.attendance_user_attendance_user_id as attendan4_1_ from attendance attendance0_ cross join attendance_user attendance1_ where attendance0_.attendance_user_attendance_user_id=attendance1_.attendance_user_attendance_user_id and attendance1_.user_id=?
Hibernate: delete from attendance_user where user_id=?
Hibernate: select user0_.user_id as col_0_0_ from user user0_ where user0_.user_user_id=? limit ?
Hibernate: select user0_.user_id as col_0_0_ from user user0_ where user0_.user_user_id=? limit ?
Hibernate: select U.* from USER U where U.USER_USER_ID =?
Hibernate: select character0_.character_id as characte1_6_0_, character0_.character_character_name as characte2_6_0_ from characters character0_ where character0_.character_id=?
Hibernate: select user0_.user_id as col_0_0_ from user user0_ where user0_.user_user_id=? limit ?
Hibernate: select user0_.user_id as user_id1_20_, user0_.character_id as characte7_20_, user0_.user_created_at as user_cre2_20_, user0_.user_name as user_nam3_20_, user0_.user_phone_number as user_pho4_20_, user0_.user_user_id as user_use5_20_, user0_.user_user_password as user_use6_20_ from user user0_ inner join characters character1_ on user0_.character_id=character1_.character_id where user0_.user_user_id=?
Hibernate: select character0_.character_id as characte1_6_0_, character0_.character_character_name as characte2_6_0_ from characters character0_ where character0_.character_id=?
Hibernate: select rewardtagw0_.user_id as user_id4_15_0_, rewardtagw0_.reward_tag_wrapper_reward_id as reward_t1_15_0_, rewardtagw0_.reward_tag_wrapper_reward_id as reward_t1_15_1_, rewardtagw0_.reward_tag_wrapper_reward_presented_at as reward_t2_15_1_, rewardtagw0_.reward_tag_reward_tag_id as reward_t3_15_1_, rewardtagw0_.user_id as user_id4_15_1_ from reward_tag_wrapper rewardtagw0_ where rewardtagw0_.user_id=?
Hibernate: select user0_.user_id as user_id1_20_0_, user0_.character_id as characte7_20_0_, user0_.user_created_at as user_cre2_20_0_, user0_.user_name as user_nam3_20_0_, user0_.user_phone_number as user_pho4_20_0_, user0_.user_user_id as user_use5_20_0_, user0_.user_user_password as user_use6_20_0_ from user user0_ where user0_.user_id=?
Hibernate: select character0_.character_id as characte1_6_0_, character0_.character_character_name as characte2_6_0_ from characters character0_ where character0_.character_id=?
2023-06-27 23:36:11.867  INFO 90271 --- [lient-AsyncIO-6] AttendanceStompClient                    : Subscribe /topic/attendance-key
2023-06-27 23:36:11.868  INFO 90271 --- [    Test worker] o.w.a.a.socket.AttendanceStompClient     : Send message start attendance id "1"
Hibernate: select count(*) as col_0_0_ from user user0_ where user0_.user_id=?
Hibernate: select character1_.character_id as characte1_6_, character1_.character_character_name as characte2_6_ from user user0_ inner join characters character1_ on user0_.character_id=character1_.character_id where user0_.user_id=?
Hibernate: select permission0_.character_id as characte6_11_0_, permission0_.permission_id as permissi1_11_0_, permission0_.permission_id as permissi1_11_1_, permission0_.character_id as characte6_11_1_, permission0_.permission_name as permissi2_11_1_, permission0_.permission_permission_unit_id as permissi3_11_1_, permission0_.permission_service as permissi4_11_1_, permission0_.permission_status as permissi5_11_1_ from permission permission0_ where permission0_.character_id=?
2023-06-27 23:36:11.870  INFO 90271 --- [lient-AsyncIO-3] AttendanceStompClient                    : /topic/attendance-time reply "180"
2023-06-27 23:36:11.870  INFO 90271 --- [lient-AsyncIO-1] AttendanceStompClient                    : /topic/attendance-time reply "180"
2023-06-27 23:36:11.870  INFO 90271 --- [lient-AsyncIO-7] AttendanceStompClient                    : /topic/attendance-time reply "180"
2023-06-27 23:36:11.870  INFO 90271 --- [lient-AsyncIO-9] AttendanceStompClient                    : /topic/attendance-time reply "180"
2023-06-27 23:36:12.874  INFO 90271 --- [lient-AsyncIO-6] AttendanceStompClient                    : Subscribe /topic/attendance-time
2023-06-27 23:36:12.876  INFO 90271 --- [lient-AsyncIO-9] AttendanceStompClient                    : /topic/attendance-time reply "179"
2023-06-27 23:36:12.876  INFO 90271 --- [lient-AsyncIO-4] AttendanceStompClient                    : /topic/attendance-time reply "179"
2023-06-27 23:36:12.876  INFO 90271 --- [lient-AsyncIO-2] AttendanceStompClient                    : /topic/attendance-time reply "179"
2023-06-27 23:36:12.877  INFO 90271 --- [ient-AsyncIO-10] AttendanceStompClient                    : /topic/attendance-time reply "179"
2023-06-27 23:36:13.882  INFO 90271 --- [lient-AsyncIO-6] AttendanceStompClient                    : /topic/attendance-key reply "1770"
2023-06-27 23:36:13.884  INFO 90271 --- [lient-AsyncIO-6] AttendanceStompClient                    : /topic/attendance-time reply "178"
2023-06-27 23:36:13.884  INFO 90271 --- [ient-AsyncIO-10] AttendanceStompClient                    : /topic/attendance-time reply "178"
2023-06-27 23:36:13.884  INFO 90271 --- [lient-AsyncIO-3] AttendanceStompClient                    : /topic/attendance-time reply "178"
2023-06-27 23:36:13.884  INFO 90271 --- [lient-AsyncIO-9] AttendanceStompClient                    : /topic/attendance-time reply "178"
2023-06-27 23:36:13.885  INFO 90271 --- [ient-AsyncIO-11] AttendanceStompClient                    : /topic/attendance-time reply "178"
Hibernate: select user0_.user_id as user_id1_20_0_, user0_.character_id as characte7_20_0_, user0_.user_created_at as user_cre2_20_0_, user0_.user_name as user_nam3_20_0_, user0_.user_phone_number as user_pho4_20_0_, user0_.user_user_id as user_use5_20_0_, user0_.user_user_password as user_use6_20_0_ from user user0_ where user0_.user_id=?
Hibernate: select character0_.character_id as characte1_6_0_, character0_.character_character_name as characte2_6_0_ from characters character0_ where character0_.character_id=?
Hibernate: select count(*) as col_0_0_ from user user0_ where user0_.user_id=?
Hibernate: select character1_.character_id as characte1_6_, character1_.character_character_name as characte2_6_ from user user0_ inner join characters character1_ on user0_.character_id=character1_.character_id where user0_.user_id=?
Hibernate: select permission0_.character_id as characte6_11_0_, permission0_.permission_id as permissi1_11_0_, permission0_.permission_id as permissi1_11_1_, permission0_.character_id as characte6_11_1_, permission0_.permission_name as permissi2_11_1_, permission0_.permission_permission_unit_id as permissi3_11_1_, permission0_.permission_service as permissi4_11_1_, permission0_.permission_status as permissi5_11_1_ from permission permission0_ where permission0_.character_id=?
Hibernate: select count(*) as col_0_0_ from user user0_ where user0_.user_id=?
Hibernate: insert into attendance_user (attendance_user_attendance_user_id, user_id) values (default, ?)
Hibernate: select attendance0_.attendance_attendance_id as attendan1_1_, attendance0_.attendance_attendance_date as attendan2_1_, attendance0_.attendance_type_reward_id as attendan3_1_, attendance0_.attendance_user_attendance_user_id as attendan4_1_ from attendance attendance0_ where ?<=attendance0_.attendance_attendance_date and attendance0_.attendance_attendance_date<=?
Hibernate: select attendance0_.attendance_user_attendance_user_id as attendan1_3_, attendance0_.user_id as user_id2_3_ from attendance_user attendance0_
Hibernate: select attendance0_.attendance_type_reward_id as attendan1_2_, attendance0_.attendance_type_name as attendan2_2_, attendance0_.reward_tag_reward_tag_id as reward_t3_2_ from attendance_type_reward attendance0_ where attendance0_.attendance_type_name=?
Hibernate: insert into attendance (attendance_attendance_id, attendance_attendance_date, attendance_type_reward_id, attendance_user_attendance_user_id) values (default, ?, ?, ?)
Hibernate: select user0_.user_id as user_id1_20_0_, user0_.character_id as characte7_20_0_, user0_.user_created_at as user_cre2_20_0_, user0_.user_name as user_nam3_20_0_, user0_.user_phone_number as user_pho4_20_0_, user0_.user_user_id as user_use5_20_0_, user0_.user_user_password as user_use6_20_0_ from user user0_ where user0_.user_id=?
Hibernate: select character0_.character_id as characte1_6_0_, character0_.character_character_name as characte2_6_0_ from characters character0_ where character0_.character_id=?
Hibernate: select attendance0_.attendance_attendance_id as attendan1_1_, attendance0_.attendance_attendance_date as attendan2_1_, attendance0_.attendance_type_reward_id as attendan3_1_, attendance0_.attendance_user_attendance_user_id as attendan4_1_ from attendance attendance0_ where ?<=attendance0_.attendance_attendance_date and attendance0_.attendance_attendance_date<=?
Hibernate: select attendance0_.attendance_type_reward_id as attendan1_2_0_, attendance0_.attendance_type_name as attendan2_2_0_, attendance0_.reward_tag_reward_tag_id as reward_t3_2_0_ from attendance_type_reward attendance0_ where attendance0_.attendance_type_reward_id=?
Hibernate: select attendance0_.attendance_user_attendance_user_id as attendan1_3_0_, attendance0_.user_id as user_id2_3_0_ from attendance_user attendance0_ where attendance0_.attendance_user_attendance_user_id=?
Hibernate: select attendance0_.attendance_user_attendance_user_id as attendan1_3_, attendance0_.user_id as user_id2_3_ from attendance_user attendance0_
Hibernate: select attendance0_.attendance_attendance_id as attendan1_1_, attendance0_.attendance_attendance_date as attendan2_1_, attendance0_.attendance_type_reward_id as attendan3_1_, attendance0_.attendance_user_attendance_user_id as attendan4_1_ from attendance attendance0_ where ?<=attendance0_.attendance_attendance_date and attendance0_.attendance_attendance_date<=?
Hibernate: select attendance0_.attendance_user_attendance_user_id as attendan1_3_, attendance0_.user_id as user_id2_3_ from attendance_user attendance0_
Hibernate: select attendance0_.attendance_attendance_id as attendan1_1_, attendance0_.attendance_attendance_date as attendan2_1_, attendance0_.attendance_type_reward_id as attendan3_1_, attendance0_.attendance_user_attendance_user_id as attendan4_1_ from attendance attendance0_ cross join attendance_user attendance1_ where attendance0_.attendance_user_attendance_user_id=attendance1_.attendance_user_attendance_user_id and attendance1_.user_id=? and ?<=attendance0_.attendance_attendance_date and attendance0_.attendance_attendance_date<=?
Hibernate: select attendance0_.attendance_attendance_id as attendan1_1_, attendance0_.attendance_attendance_date as attendan2_1_, attendance0_.attendance_type_reward_id as attendan3_1_, attendance0_.attendance_user_attendance_user_id as attendan4_1_ from attendance attendance0_ where ?<=attendance0_.attendance_attendance_date and attendance0_.attendance_attendance_date<=?
Hibernate: select attendance0_.attendance_user_attendance_user_id as attendan1_3_, attendance0_.user_id as user_id2_3_ from attendance_user attendance0_
Hibernate: select attendance0_.attendance_attendance_id as attendan1_1_, attendance0_.attendance_attendance_date as attendan2_1_, attendance0_.attendance_type_reward_id as attendan3_1_, attendance0_.attendance_user_attendance_user_id as attendan4_1_ from attendance attendance0_ where ?<=attendance0_.attendance_attendance_date and attendance0_.attendance_attendance_date<=?
Hibernate: select attendance0_.attendance_user_attendance_user_id as attendan1_3_, attendance0_.user_id as user_id2_3_ from attendance_user attendance0_
Hibernate: select attendance0_.attendance_attendance_id as attendan1_1_, attendance0_.attendance_attendance_date as attendan2_1_, attendance0_.attendance_type_reward_id as attendan3_1_, attendance0_.attendance_user_attendance_user_id as attendan4_1_ from attendance attendance0_ cross join attendance_user attendance1_ where attendance0_.attendance_user_attendance_user_id=attendance1_.attendance_user_attendance_user_id and attendance1_.user_id=? and ?<=attendance0_.attendance_attendance_date and attendance0_.attendance_attendance_date<=?
Hibernate: select user0_.user_id as col_0_0_ from user user0_ where user0_.user_user_id=? limit ?
Hibernate: select user0_.user_id as user_id1_20_, user0_.character_id as characte7_20_, user0_.user_created_at as user_cre2_20_, user0_.user_name as user_nam3_20_, user0_.user_phone_number as user_pho4_20_, user0_.user_user_id as user_use5_20_, user0_.user_user_password as user_use6_20_ from user user0_ inner join characters character1_ on user0_.character_id=character1_.character_id where user0_.user_user_id=?
Hibernate: select character0_.character_id as characte1_6_0_, character0_.character_character_name as characte2_6_0_ from characters character0_ where character0_.character_id=?
Hibernate: select rewardtagw0_.user_id as user_id4_15_0_, rewardtagw0_.reward_tag_wrapper_reward_id as reward_t1_15_0_, rewardtagw0_.reward_tag_wrapper_reward_id as reward_t1_15_1_, rewardtagw0_.reward_tag_wrapper_reward_presented_at as reward_t2_15_1_, rewardtagw0_.reward_tag_reward_tag_id as reward_t3_15_1_, rewardtagw0_.user_id as user_id4_15_1_ from reward_tag_wrapper rewardtagw0_ where rewardtagw0_.user_id=?
Hibernate: select user0_.user_id as col_0_0_ from user user0_ where user0_.user_user_id=? limit ?
Hibernate: select user0_.user_id as col_0_0_ from user user0_ where user0_.user_user_id=? limit ?
Hibernate: select U.* from USER U where U.USER_USER_ID =?
Hibernate: select character0_.character_id as characte1_6_0_, character0_.character_character_name as characte2_6_0_ from characters character0_ where character0_.character_id=?
Hibernate: select user0_.user_id as user_id1_20_0_, user0_.character_id as characte7_20_0_, user0_.user_created_at as user_cre2_20_0_, user0_.user_name as user_nam3_20_0_, user0_.user_phone_number as user_pho4_20_0_, user0_.user_user_id as user_use5_20_0_, user0_.user_user_password as user_use6_20_0_ from user user0_ where user0_.user_id=?
Hibernate: select character0_.character_id as characte1_6_0_, character0_.character_character_name as characte2_6_0_ from characters character0_ where character0_.character_id=?
Hibernate: select count(*) as col_0_0_ from user user0_ where user0_.user_id=?
Hibernate: select character1_.character_id as characte1_6_, character1_.character_character_name as characte2_6_ from user user0_ inner join characters character1_ on user0_.character_id=character1_.character_id where user0_.user_id=?
Hibernate: select permission0_.character_id as characte6_11_0_, permission0_.permission_id as permissi1_11_0_, permission0_.permission_id as permissi1_11_1_, permission0_.character_id as characte6_11_1_, permission0_.permission_name as permissi2_11_1_, permission0_.permission_permission_unit_id as permissi3_11_1_, permission0_.permission_service as permissi4_11_1_, permission0_.permission_status as permissi5_11_1_ from permission permission0_ where permission0_.character_id=?
Hibernate: select count(*) as col_0_0_ from user user0_ where user0_.user_id=?
Hibernate: select attendance0_.attendance_attendance_id as attendan1_1_, attendance0_.attendance_attendance_date as attendan2_1_, attendance0_.attendance_type_reward_id as attendan3_1_, attendance0_.attendance_user_attendance_user_id as attendan4_1_ from attendance attendance0_ cross join attendance_user attendance1_ where attendance0_.attendance_user_attendance_user_id=attendance1_.attendance_user_attendance_user_id and attendance1_.user_id=?
Hibernate: select attendance0_.attendance_type_reward_id as attendan1_2_0_, attendance0_.attendance_type_name as attendan2_2_0_, attendance0_.reward_tag_reward_tag_id as reward_t3_2_0_ from attendance_type_reward attendance0_ where attendance0_.attendance_type_reward_id=?
Hibernate: select attendance0_.attendance_user_attendance_user_id as attendan1_3_0_, attendance0_.user_id as user_id2_3_0_ from attendance_user attendance0_ where attendance0_.attendance_user_attendance_user_id=?
Hibernate: delete from attendance where attendance_user_attendance_user_id=?
Hibernate: delete from attendance_user where user_id=?
]]></system-out>
  <system-err><![CDATA[]]></system-err>
</testsuite>
