<?xml version="1.0" encoding="UTF-8"?>
<testsuite name="org.waldreg.acceptance.attendance.socket.AttendanceSocketTest" tests="5" skipped="0" failures="0" errors="0" timestamp="2023-06-27T14:50:52" hostname="xb-apple.local" time="11.613">
  <properties/>
  <testcase name="출석 체크 요청 실패 인수 테스트 - 이미 출석한 경우" classname="org.waldreg.acceptance.attendance.socket.AttendanceSocketTest" time="2.199"/>
  <testcase name="출석 체크 요청 실패 인수 테스트 - 출석을 시작하지 않음" classname="org.waldreg.acceptance.attendance.socket.AttendanceSocketTest" time="1.052"/>
  <testcase name="출석 체크 요청 실패 인수 테스트 - 출석 대상이 아닐경우" classname="org.waldreg.acceptance.attendance.socket.AttendanceSocketTest" time="3.11"/>
  <testcase name="출석 체크 요청 성공 인수 테스트" classname="org.waldreg.acceptance.attendance.socket.AttendanceSocketTest" time="3.147"/>
  <testcase name="출석 체크 요청 실패 인수 테스트 - 틀린 attendanceNumber" classname="org.waldreg.acceptance.attendance.socket.AttendanceSocketTest" time="2.103"/>
  <system-out><![CDATA[2023-06-27 23:50:52.705  INFO 92687 --- [    Test worker] .b.t.c.SpringBootTestContextBootstrapper : Neither @ContextConfiguration nor @ContextHierarchy found for test class [org.waldreg.acceptance.attendance.socket.AttendanceSocketTest], using SpringBootContextLoader
2023-06-27 23:50:52.705  INFO 92687 --- [    Test worker] o.s.t.c.support.AbstractContextLoader    : Could not detect default resource locations for test class [org.waldreg.acceptance.attendance.socket.AttendanceSocketTest]: no resource found for suffixes {-context.xml, Context.groovy}.
2023-06-27 23:50:52.705  INFO 92687 --- [    Test worker] t.c.s.AnnotationConfigContextLoaderUtils : Could not detect default configuration classes for test class [org.waldreg.acceptance.attendance.socket.AttendanceSocketTest]: AttendanceSocketTest does not declare any static, non-private, non-final, nested classes annotated with @Configuration.
2023-06-27 23:50:52.709  INFO 92687 --- [    Test worker] .b.t.c.SpringBootTestContextBootstrapper : Found @SpringBootConfiguration org.waldreg.Application for test class org.waldreg.acceptance.attendance.socket.AttendanceSocketTest
2023-06-27 23:50:52.709  INFO 92687 --- [    Test worker] .b.t.c.SpringBootTestContextBootstrapper : Loaded default TestExecutionListener class names from location [META-INF/spring.factories]: [org.springframework.boot.test.autoconfigure.restdocs.RestDocsTestExecutionListener, org.springframework.boot.test.autoconfigure.web.client.MockRestServiceServerResetTestExecutionListener, org.springframework.boot.test.autoconfigure.web.servlet.MockMvcPrintOnlyOnFailureTestExecutionListener, org.springframework.boot.test.autoconfigure.web.servlet.WebDriverTestExecutionListener, org.springframework.boot.test.autoconfigure.webservices.client.MockWebServiceServerTestExecutionListener, org.springframework.boot.test.mock.mockito.MockitoTestExecutionListener, org.springframework.boot.test.mock.mockito.ResetMocksTestExecutionListener, org.springframework.test.context.web.ServletTestExecutionListener, org.springframework.test.context.support.DirtiesContextBeforeModesTestExecutionListener, org.springframework.test.context.event.ApplicationEventsTestExecutionListener, org.springframework.test.context.support.DependencyInjectionTestExecutionListener, org.springframework.test.context.support.DirtiesContextTestExecutionListener, org.springframework.test.context.transaction.TransactionalTestExecutionListener, org.springframework.test.context.jdbc.SqlScriptsTestExecutionListener, org.springframework.test.context.event.EventPublishingTestExecutionListener]
2023-06-27 23:50:52.709  INFO 92687 --- [    Test worker] .b.t.c.SpringBootTestContextBootstrapper : Using TestExecutionListeners: [org.springframework.test.context.web.ServletTestExecutionListener@5435fee0, org.springframework.test.context.support.DirtiesContextBeforeModesTestExecutionListener@5efbe895, org.springframework.test.context.event.ApplicationEventsTestExecutionListener@330b4237, org.springframework.boot.test.mock.mockito.MockitoTestExecutionListener@12ce2cc7, org.springframework.boot.test.autoconfigure.SpringBootDependencyInjectionTestExecutionListener@69770280, org.springframework.test.context.support.DirtiesContextTestExecutionListener@68c9e07b, org.springframework.test.context.transaction.TransactionalTestExecutionListener@1ba1daf, org.springframework.test.context.jdbc.SqlScriptsTestExecutionListener@62f1b14b, org.springframework.test.context.event.EventPublishingTestExecutionListener@33c3dc97, org.springframework.boot.test.autoconfigure.restdocs.RestDocsTestExecutionListener@14ae28ac, org.springframework.boot.test.autoconfigure.web.client.MockRestServiceServerResetTestExecutionListener@45a808f3, org.springframework.boot.test.autoconfigure.web.servlet.MockMvcPrintOnlyOnFailureTestExecutionListener@2a3c82e4, org.springframework.boot.test.autoconfigure.web.servlet.WebDriverTestExecutionListener@736c450, org.springframework.boot.test.autoconfigure.webservices.client.MockWebServiceServerTestExecutionListener@62386752, org.springframework.boot.test.mock.mockito.ResetMocksTestExecutionListener@67520476]
Hibernate: select user0_.user_id as col_0_0_ from user user0_ where user0_.user_user_id=? limit ?
Hibernate: select user0_.user_id as user_id1_21_, user0_.character_id as characte7_21_, user0_.user_created_at as user_cre2_21_, user0_.user_name as user_nam3_21_, user0_.user_phone_number as user_pho4_21_, user0_.user_user_id as user_use5_21_, user0_.user_user_password as user_use6_21_ from user user0_ inner join characters character1_ on user0_.character_id=character1_.character_id where user0_.user_user_id=?
Hibernate: select character0_.character_id as characte1_6_0_, character0_.character_character_name as characte2_6_0_ from characters character0_ where character0_.character_id=?
Hibernate: select rewardtagw0_.user_id as user_id4_16_0_, rewardtagw0_.reward_tag_wrapper_reward_id as reward_t1_16_0_, rewardtagw0_.reward_tag_wrapper_reward_id as reward_t1_16_1_, rewardtagw0_.reward_tag_wrapper_reward_presented_at as reward_t2_16_1_, rewardtagw0_.reward_tag_reward_tag_id as reward_t3_16_1_, rewardtagw0_.user_id as user_id4_16_1_ from reward_tag_wrapper rewardtagw0_ where rewardtagw0_.user_id=?
Hibernate: select user0_.user_id as col_0_0_ from user user0_ where user0_.user_user_id=? limit ?
Hibernate: select user0_.user_id as col_0_0_ from user user0_ where user0_.user_user_id=? limit ?
Hibernate: select U.* from USER U where U.USER_USER_ID =?
Hibernate: select character0_.character_id as characte1_6_0_, character0_.character_character_name as characte2_6_0_ from characters character0_ where character0_.character_id=?
Hibernate: select user0_.user_id as user_id1_21_0_, user0_.character_id as characte7_21_0_, user0_.user_created_at as user_cre2_21_0_, user0_.user_name as user_nam3_21_0_, user0_.user_phone_number as user_pho4_21_0_, user0_.user_user_id as user_use5_21_0_, user0_.user_user_password as user_use6_21_0_ from user user0_ where user0_.user_id=?
Hibernate: select character0_.character_id as characte1_6_0_, character0_.character_character_name as characte2_6_0_ from characters character0_ where character0_.character_id=?
Hibernate: select count(*) as col_0_0_ from user user0_ where user0_.user_id=?
Hibernate: select character1_.character_id as characte1_6_, character1_.character_character_name as characte2_6_ from user user0_ inner join characters character1_ on user0_.character_id=character1_.character_id where user0_.user_id=?
Hibernate: select permission0_.character_id as characte6_12_0_, permission0_.permission_id as permissi1_12_0_, permission0_.permission_id as permissi1_12_1_, permission0_.character_id as characte6_12_1_, permission0_.permission_name as permissi2_12_1_, permission0_.permission_permission_unit_id as permissi3_12_1_, permission0_.permission_service as permissi4_12_1_, permission0_.permission_status as permissi5_12_1_ from permission permission0_ where permission0_.character_id=?
Hibernate: select count(*) as col_0_0_ from user user0_ where user0_.user_id=?
Hibernate: select attendance0_.attendance_attendance_id as attendan1_1_, attendance0_.attendance_attendance_date as attendan2_1_, attendance0_.attendance_type_reward_id as attendan3_1_, attendance0_.attendance_user_attendance_user_id as attendan4_1_ from attendance attendance0_ cross join attendance_user attendance1_ where attendance0_.attendance_user_attendance_user_id=attendance1_.attendance_user_attendance_user_id and attendance1_.user_id=?
Hibernate: delete from attendance_user where user_id=?
Hibernate: select user0_.user_id as col_0_0_ from user user0_ where user0_.user_user_id=? limit ?
Hibernate: select user0_.user_id as col_0_0_ from user user0_ where user0_.user_user_id=? limit ?
Hibernate: select U.* from USER U where U.USER_USER_ID =?
Hibernate: select character0_.character_id as characte1_6_0_, character0_.character_character_name as characte2_6_0_ from characters character0_ where character0_.character_id=?
Hibernate: select user0_.user_id as col_0_0_ from user user0_ where user0_.user_user_id=? limit ?
Hibernate: select user0_.user_id as user_id1_21_, user0_.character_id as characte7_21_, user0_.user_created_at as user_cre2_21_, user0_.user_name as user_nam3_21_, user0_.user_phone_number as user_pho4_21_, user0_.user_user_id as user_use5_21_, user0_.user_user_password as user_use6_21_ from user user0_ inner join characters character1_ on user0_.character_id=character1_.character_id where user0_.user_user_id=?
Hibernate: select character0_.character_id as characte1_6_0_, character0_.character_character_name as characte2_6_0_ from characters character0_ where character0_.character_id=?
Hibernate: select rewardtagw0_.user_id as user_id4_16_0_, rewardtagw0_.reward_tag_wrapper_reward_id as reward_t1_16_0_, rewardtagw0_.reward_tag_wrapper_reward_id as reward_t1_16_1_, rewardtagw0_.reward_tag_wrapper_reward_presented_at as reward_t2_16_1_, rewardtagw0_.reward_tag_reward_tag_id as reward_t3_16_1_, rewardtagw0_.user_id as user_id4_16_1_ from reward_tag_wrapper rewardtagw0_ where rewardtagw0_.user_id=?
2023-06-27 23:50:52.754  INFO 92687 --- [nio-9344-exec-1] o.a.c.c.C.[Tomcat].[localhost].[/]       : Initializing Spring DispatcherServlet 'dispatcherServlet'
2023-06-27 23:50:52.754  INFO 92687 --- [nio-9344-exec-1] o.s.web.servlet.DispatcherServlet        : Initializing Servlet 'dispatcherServlet'
2023-06-27 23:50:52.754  INFO 92687 --- [nio-9344-exec-1] o.s.web.servlet.DispatcherServlet        : Completed initialization in 0 ms
Hibernate: select user0_.user_id as user_id1_21_0_, user0_.character_id as characte7_21_0_, user0_.user_created_at as user_cre2_21_0_, user0_.user_name as user_nam3_21_0_, user0_.user_phone_number as user_pho4_21_0_, user0_.user_user_id as user_use5_21_0_, user0_.user_user_password as user_use6_21_0_ from user user0_ where user0_.user_id=?
Hibernate: select character0_.character_id as characte1_6_0_, character0_.character_character_name as characte2_6_0_ from characters character0_ where character0_.character_id=?
2023-06-27 23:50:52.801  INFO 92687 --- [lient-AsyncIO-3] AttendanceStompClient                    : Subscribe /topic/attendance-key
2023-06-27 23:50:52.802  INFO 92687 --- [    Test worker] o.w.a.a.socket.AttendanceStompClient     : Send message start attendance id "1"
Hibernate: select count(*) as col_0_0_ from user user0_ where user0_.user_id=?
Hibernate: select character1_.character_id as characte1_6_, character1_.character_character_name as characte2_6_ from user user0_ inner join characters character1_ on user0_.character_id=character1_.character_id where user0_.user_id=?
Hibernate: select permission0_.character_id as characte6_12_0_, permission0_.permission_id as permissi1_12_0_, permission0_.permission_id as permissi1_12_1_, permission0_.character_id as characte6_12_1_, permission0_.permission_name as permissi2_12_1_, permission0_.permission_permission_unit_id as permissi3_12_1_, permission0_.permission_service as permissi4_12_1_, permission0_.permission_status as permissi5_12_1_ from permission permission0_ where permission0_.character_id=?
2023-06-27 23:50:53.808  INFO 92687 --- [lient-AsyncIO-3] AttendanceStompClient                    : Subscribe /topic/attendance-time
2023-06-27 23:50:54.817  INFO 92687 --- [lient-AsyncIO-3] AttendanceStompClient                    : /topic/attendance-key reply "3447"
2023-06-27 23:50:54.819  INFO 92687 --- [lient-AsyncIO-3] AttendanceStompClient                    : /topic/attendance-time reply "179"
2023-06-27 23:50:54.820  INFO 92687 --- [lient-AsyncIO-4] AttendanceStompClient                    : /topic/attendance-time reply "178"
Hibernate: select user0_.user_id as user_id1_21_0_, user0_.character_id as characte7_21_0_, user0_.user_created_at as user_cre2_21_0_, user0_.user_name as user_nam3_21_0_, user0_.user_phone_number as user_pho4_21_0_, user0_.user_user_id as user_use5_21_0_, user0_.user_user_password as user_use6_21_0_ from user user0_ where user0_.user_id=?
Hibernate: select character0_.character_id as characte1_6_0_, character0_.character_character_name as characte2_6_0_ from characters character0_ where character0_.character_id=?
Hibernate: select count(*) as col_0_0_ from user user0_ where user0_.user_id=?
Hibernate: select character1_.character_id as characte1_6_, character1_.character_character_name as characte2_6_ from user user0_ inner join characters character1_ on user0_.character_id=character1_.character_id where user0_.user_id=?
Hibernate: select permission0_.character_id as characte6_12_0_, permission0_.permission_id as permissi1_12_0_, permission0_.permission_id as permissi1_12_1_, permission0_.character_id as characte6_12_1_, permission0_.permission_name as permissi2_12_1_, permission0_.permission_permission_unit_id as permissi3_12_1_, permission0_.permission_service as permissi4_12_1_, permission0_.permission_status as permissi5_12_1_ from permission permission0_ where permission0_.character_id=?
Hibernate: select count(*) as col_0_0_ from user user0_ where user0_.user_id=?
Hibernate: insert into attendance_user (attendance_user_attendance_user_id, user_id) values (default, ?)
Hibernate: select attendance0_.attendance_attendance_id as attendan1_1_, attendance0_.attendance_attendance_date as attendan2_1_, attendance0_.attendance_type_reward_id as attendan3_1_, attendance0_.attendance_user_attendance_user_id as attendan4_1_ from attendance attendance0_ where ?<=attendance0_.attendance_attendance_date and attendance0_.attendance_attendance_date<=?
Hibernate: select attendance0_.attendance_user_attendance_user_id as attendan1_3_, attendance0_.user_id as user_id2_3_ from attendance_user attendance0_
Hibernate: select attendance0_.attendance_type_reward_id as attendan1_2_, attendance0_.attendance_type_name as attendan2_2_, attendance0_.reward_tag_reward_tag_id as reward_t3_2_ from attendance_type_reward attendance0_ where attendance0_.attendance_type_name=?
Hibernate: insert into attendance (attendance_attendance_id, attendance_attendance_date, attendance_type_reward_id, attendance_user_attendance_user_id) values (default, ?, ?, ?)
Hibernate: select user0_.user_id as user_id1_21_0_, user0_.character_id as characte7_21_0_, user0_.user_created_at as user_cre2_21_0_, user0_.user_name as user_nam3_21_0_, user0_.user_phone_number as user_pho4_21_0_, user0_.user_user_id as user_use5_21_0_, user0_.user_user_password as user_use6_21_0_ from user user0_ where user0_.user_id=?
Hibernate: select character0_.character_id as characte1_6_0_, character0_.character_character_name as characte2_6_0_ from characters character0_ where character0_.character_id=?
Hibernate: select attendance0_.attendance_attendance_id as attendan1_1_, attendance0_.attendance_attendance_date as attendan2_1_, attendance0_.attendance_type_reward_id as attendan3_1_, attendance0_.attendance_user_attendance_user_id as attendan4_1_ from attendance attendance0_ where ?<=attendance0_.attendance_attendance_date and attendance0_.attendance_attendance_date<=?
Hibernate: select attendance0_.attendance_type_reward_id as attendan1_2_0_, attendance0_.attendance_type_name as attendan2_2_0_, attendance0_.reward_tag_reward_tag_id as reward_t3_2_0_ from attendance_type_reward attendance0_ where attendance0_.attendance_type_reward_id=?
Hibernate: select attendance0_.attendance_user_attendance_user_id as attendan1_3_0_, attendance0_.user_id as user_id2_3_0_ from attendance_user attendance0_ where attendance0_.attendance_user_attendance_user_id=?
Hibernate: select attendance0_.attendance_user_attendance_user_id as attendan1_3_, attendance0_.user_id as user_id2_3_ from attendance_user attendance0_
Hibernate: select attendance0_.attendance_attendance_id as attendan1_1_, attendance0_.attendance_attendance_date as attendan2_1_, attendance0_.attendance_type_reward_id as attendan3_1_, attendance0_.attendance_user_attendance_user_id as attendan4_1_ from attendance attendance0_ where ?<=attendance0_.attendance_attendance_date and attendance0_.attendance_attendance_date<=?
Hibernate: select attendance0_.attendance_user_attendance_user_id as attendan1_3_, attendance0_.user_id as user_id2_3_ from attendance_user attendance0_
Hibernate: select attendance0_.attendance_attendance_id as attendan1_1_, attendance0_.attendance_attendance_date as attendan2_1_, attendance0_.attendance_type_reward_id as attendan3_1_, attendance0_.attendance_user_attendance_user_id as attendan4_1_ from attendance attendance0_ cross join attendance_user attendance1_ where attendance0_.attendance_user_attendance_user_id=attendance1_.attendance_user_attendance_user_id and attendance1_.user_id=? and ?<=attendance0_.attendance_attendance_date and attendance0_.attendance_attendance_date<=?
Hibernate: select attendance0_.attendance_attendance_id as attendan1_1_, attendance0_.attendance_attendance_date as attendan2_1_, attendance0_.attendance_type_reward_id as attendan3_1_, attendance0_.attendance_user_attendance_user_id as attendan4_1_ from attendance attendance0_ where ?<=attendance0_.attendance_attendance_date and attendance0_.attendance_attendance_date<=?
Hibernate: select attendance0_.attendance_user_attendance_user_id as attendan1_3_, attendance0_.user_id as user_id2_3_ from attendance_user attendance0_
Hibernate: select attendance0_.attendance_attendance_id as attendan1_1_, attendance0_.attendance_attendance_date as attendan2_1_, attendance0_.attendance_type_reward_id as attendan3_1_, attendance0_.attendance_user_attendance_user_id as attendan4_1_ from attendance attendance0_ where ?<=attendance0_.attendance_attendance_date and attendance0_.attendance_attendance_date<=?
Hibernate: select attendance0_.attendance_user_attendance_user_id as attendan1_3_, attendance0_.user_id as user_id2_3_ from attendance_user attendance0_
Hibernate: select attendance0_.attendance_attendance_id as attendan1_1_, attendance0_.attendance_attendance_date as attendan2_1_, attendance0_.attendance_type_reward_id as attendan3_1_, attendance0_.attendance_user_attendance_user_id as attendan4_1_ from attendance attendance0_ cross join attendance_user attendance1_ where attendance0_.attendance_user_attendance_user_id=attendance1_.attendance_user_attendance_user_id and attendance1_.user_id=? and ?<=attendance0_.attendance_attendance_date and attendance0_.attendance_attendance_date<=?
Hibernate: select attendance0_.attendance_type_reward_id as attendan1_2_, attendance0_.attendance_type_name as attendan2_2_, attendance0_.reward_tag_reward_tag_id as reward_t3_2_ from attendance_type_reward attendance0_ where attendance0_.attendance_type_name=?
Hibernate: select attendance0_.attendance_attendance_id as attendan1_1_, attendance0_.attendance_attendance_date as attendan2_1_, attendance0_.attendance_type_reward_id as attendan3_1_, attendance0_.attendance_user_attendance_user_id as attendan4_1_ from attendance attendance0_ cross join attendance_user attendance1_ where attendance0_.attendance_user_attendance_user_id=attendance1_.attendance_user_attendance_user_id and attendance1_.user_id=? and ?<=attendance0_.attendance_attendance_date and attendance0_.attendance_attendance_date<=?
Hibernate: update attendance set attendance_attendance_date=?, attendance_type_reward_id=?, attendance_user_attendance_user_id=? where attendance_attendance_id=?
Hibernate: select user0_.user_id as user_id1_21_0_, user0_.character_id as characte7_21_0_, user0_.user_created_at as user_cre2_21_0_, user0_.user_name as user_nam3_21_0_, user0_.user_phone_number as user_pho4_21_0_, user0_.user_user_id as user_use5_21_0_, user0_.user_user_password as user_use6_21_0_ from user user0_ where user0_.user_id=?
Hibernate: select character0_.character_id as characte1_6_0_, character0_.character_character_name as characte2_6_0_ from characters character0_ where character0_.character_id=?
Hibernate: select attendance0_.attendance_attendance_id as attendan1_1_, attendance0_.attendance_attendance_date as attendan2_1_, attendance0_.attendance_type_reward_id as attendan3_1_, attendance0_.attendance_user_attendance_user_id as attendan4_1_ from attendance attendance0_ where ?<=attendance0_.attendance_attendance_date and attendance0_.attendance_attendance_date<=?
Hibernate: select attendance0_.attendance_type_reward_id as attendan1_2_0_, attendance0_.attendance_type_name as attendan2_2_0_, attendance0_.reward_tag_reward_tag_id as reward_t3_2_0_ from attendance_type_reward attendance0_ where attendance0_.attendance_type_reward_id=?
Hibernate: select attendance0_.attendance_user_attendance_user_id as attendan1_3_0_, attendance0_.user_id as user_id2_3_0_ from attendance_user attendance0_ where attendance0_.attendance_user_attendance_user_id=?
Hibernate: select attendance0_.attendance_user_attendance_user_id as attendan1_3_, attendance0_.user_id as user_id2_3_ from attendance_user attendance0_
Hibernate: select attendance0_.attendance_attendance_id as attendan1_1_, attendance0_.attendance_attendance_date as attendan2_1_, attendance0_.attendance_type_reward_id as attendan3_1_, attendance0_.attendance_user_attendance_user_id as attendan4_1_ from attendance attendance0_ where ?<=attendance0_.attendance_attendance_date and attendance0_.attendance_attendance_date<=?
Hibernate: select attendance0_.attendance_user_attendance_user_id as attendan1_3_, attendance0_.user_id as user_id2_3_ from attendance_user attendance0_
Hibernate: select attendance0_.attendance_attendance_id as attendan1_1_, attendance0_.attendance_attendance_date as attendan2_1_, attendance0_.attendance_type_reward_id as attendan3_1_, attendance0_.attendance_user_attendance_user_id as attendan4_1_ from attendance attendance0_ cross join attendance_user attendance1_ where attendance0_.attendance_user_attendance_user_id=attendance1_.attendance_user_attendance_user_id and attendance1_.user_id=? and ?<=attendance0_.attendance_attendance_date and attendance0_.attendance_attendance_date<=?
Hibernate: select attendance0_.attendance_attendance_id as attendan1_1_, attendance0_.attendance_attendance_date as attendan2_1_, attendance0_.attendance_type_reward_id as attendan3_1_, attendance0_.attendance_user_attendance_user_id as attendan4_1_ from attendance attendance0_ where ?<=attendance0_.attendance_attendance_date and attendance0_.attendance_attendance_date<=?
Hibernate: select attendance0_.attendance_user_attendance_user_id as attendan1_3_, attendance0_.user_id as user_id2_3_ from attendance_user attendance0_
Hibernate: select attendance0_.attendance_attendance_id as attendan1_1_, attendance0_.attendance_attendance_date as attendan2_1_, attendance0_.attendance_type_reward_id as attendan3_1_, attendance0_.attendance_user_attendance_user_id as attendan4_1_ from attendance attendance0_ where ?<=attendance0_.attendance_attendance_date and attendance0_.attendance_attendance_date<=?
Hibernate: select attendance0_.attendance_user_attendance_user_id as attendan1_3_, attendance0_.user_id as user_id2_3_ from attendance_user attendance0_
Hibernate: select attendance0_.attendance_attendance_id as attendan1_1_, attendance0_.attendance_attendance_date as attendan2_1_, attendance0_.attendance_type_reward_id as attendan3_1_, attendance0_.attendance_user_attendance_user_id as attendan4_1_ from attendance attendance0_ cross join attendance_user attendance1_ where attendance0_.attendance_user_attendance_user_id=attendance1_.attendance_user_attendance_user_id and attendance1_.user_id=? and ?<=attendance0_.attendance_attendance_date and attendance0_.attendance_attendance_date<=?
Hibernate: select user0_.user_id as col_0_0_ from user user0_ where user0_.user_user_id=? limit ?
Hibernate: select user0_.user_id as user_id1_21_, user0_.character_id as characte7_21_, user0_.user_created_at as user_cre2_21_, user0_.user_name as user_nam3_21_, user0_.user_phone_number as user_pho4_21_, user0_.user_user_id as user_use5_21_, user0_.user_user_password as user_use6_21_ from user user0_ inner join characters character1_ on user0_.character_id=character1_.character_id where user0_.user_user_id=?
Hibernate: select character0_.character_id as characte1_6_0_, character0_.character_character_name as characte2_6_0_ from characters character0_ where character0_.character_id=?
Hibernate: select rewardtagw0_.user_id as user_id4_16_0_, rewardtagw0_.reward_tag_wrapper_reward_id as reward_t1_16_0_, rewardtagw0_.reward_tag_wrapper_reward_id as reward_t1_16_1_, rewardtagw0_.reward_tag_wrapper_reward_presented_at as reward_t2_16_1_, rewardtagw0_.reward_tag_reward_tag_id as reward_t3_16_1_, rewardtagw0_.user_id as user_id4_16_1_ from reward_tag_wrapper rewardtagw0_ where rewardtagw0_.user_id=?
Hibernate: select user0_.user_id as col_0_0_ from user user0_ where user0_.user_user_id=? limit ?
Hibernate: select user0_.user_id as col_0_0_ from user user0_ where user0_.user_user_id=? limit ?
Hibernate: select U.* from USER U where U.USER_USER_ID =?
Hibernate: select character0_.character_id as characte1_6_0_, character0_.character_character_name as characte2_6_0_ from characters character0_ where character0_.character_id=?
Hibernate: select user0_.user_id as user_id1_21_0_, user0_.character_id as characte7_21_0_, user0_.user_created_at as user_cre2_21_0_, user0_.user_name as user_nam3_21_0_, user0_.user_phone_number as user_pho4_21_0_, user0_.user_user_id as user_use5_21_0_, user0_.user_user_password as user_use6_21_0_ from user user0_ where user0_.user_id=?
Hibernate: select character0_.character_id as characte1_6_0_, character0_.character_character_name as characte2_6_0_ from characters character0_ where character0_.character_id=?
Hibernate: select count(*) as col_0_0_ from user user0_ where user0_.user_id=?
Hibernate: select character1_.character_id as characte1_6_, character1_.character_character_name as characte2_6_ from user user0_ inner join characters character1_ on user0_.character_id=character1_.character_id where user0_.user_id=?
Hibernate: select permission0_.character_id as characte6_12_0_, permission0_.permission_id as permissi1_12_0_, permission0_.permission_id as permissi1_12_1_, permission0_.character_id as characte6_12_1_, permission0_.permission_name as permissi2_12_1_, permission0_.permission_permission_unit_id as permissi3_12_1_, permission0_.permission_service as permissi4_12_1_, permission0_.permission_status as permissi5_12_1_ from permission permission0_ where permission0_.character_id=?
Hibernate: select count(*) as col_0_0_ from user user0_ where user0_.user_id=?
Hibernate: select attendance0_.attendance_attendance_id as attendan1_1_, attendance0_.attendance_attendance_date as attendan2_1_, attendance0_.attendance_type_reward_id as attendan3_1_, attendance0_.attendance_user_attendance_user_id as attendan4_1_ from attendance attendance0_ cross join attendance_user attendance1_ where attendance0_.attendance_user_attendance_user_id=attendance1_.attendance_user_attendance_user_id and attendance1_.user_id=?
Hibernate: select attendance0_.attendance_type_reward_id as attendan1_2_0_, attendance0_.attendance_type_name as attendan2_2_0_, attendance0_.reward_tag_reward_tag_id as reward_t3_2_0_ from attendance_type_reward attendance0_ where attendance0_.attendance_type_reward_id=?
Hibernate: select attendance0_.attendance_user_attendance_user_id as attendan1_3_0_, attendance0_.user_id as user_id2_3_0_ from attendance_user attendance0_ where attendance0_.attendance_user_attendance_user_id=?
Hibernate: delete from attendance where attendance_user_attendance_user_id=?
Hibernate: delete from attendance_user where user_id=?
Hibernate: select user0_.user_id as col_0_0_ from user user0_ where user0_.user_user_id=? limit ?
Hibernate: select user0_.user_id as user_id1_21_, user0_.character_id as characte7_21_, user0_.user_created_at as user_cre2_21_, user0_.user_name as user_nam3_21_, user0_.user_phone_number as user_pho4_21_, user0_.user_user_id as user_use5_21_, user0_.user_user_password as user_use6_21_ from user user0_ inner join characters character1_ on user0_.character_id=character1_.character_id where user0_.user_user_id=?
Hibernate: select character0_.character_id as characte1_6_0_, character0_.character_character_name as characte2_6_0_ from characters character0_ where character0_.character_id=?
Hibernate: select rewardtagw0_.user_id as user_id4_16_0_, rewardtagw0_.reward_tag_wrapper_reward_id as reward_t1_16_0_, rewardtagw0_.reward_tag_wrapper_reward_id as reward_t1_16_1_, rewardtagw0_.reward_tag_wrapper_reward_presented_at as reward_t2_16_1_, rewardtagw0_.reward_tag_reward_tag_id as reward_t3_16_1_, rewardtagw0_.user_id as user_id4_16_1_ from reward_tag_wrapper rewardtagw0_ where rewardtagw0_.user_id=?
Hibernate: select user0_.user_id as col_0_0_ from user user0_ where user0_.user_user_id=? limit ?
Hibernate: select user0_.user_id as col_0_0_ from user user0_ where user0_.user_user_id=? limit ?
Hibernate: select U.* from USER U where U.USER_USER_ID =?
Hibernate: select character0_.character_id as characte1_6_0_, character0_.character_character_name as characte2_6_0_ from characters character0_ where character0_.character_id=?
Hibernate: select user0_.user_id as user_id1_21_0_, user0_.character_id as characte7_21_0_, user0_.user_created_at as user_cre2_21_0_, user0_.user_name as user_nam3_21_0_, user0_.user_phone_number as user_pho4_21_0_, user0_.user_user_id as user_use5_21_0_, user0_.user_user_password as user_use6_21_0_ from user user0_ where user0_.user_id=?
Hibernate: select character0_.character_id as characte1_6_0_, character0_.character_character_name as characte2_6_0_ from characters character0_ where character0_.character_id=?
Hibernate: select count(*) as col_0_0_ from user user0_ where user0_.user_id=?
Hibernate: select character1_.character_id as characte1_6_, character1_.character_character_name as characte2_6_ from user user0_ inner join characters character1_ on user0_.character_id=character1_.character_id where user0_.user_id=?
Hibernate: select permission0_.character_id as characte6_12_0_, permission0_.permission_id as permissi1_12_0_, permission0_.permission_id as permissi1_12_1_, permission0_.character_id as characte6_12_1_, permission0_.permission_name as permissi2_12_1_, permission0_.permission_permission_unit_id as permissi3_12_1_, permission0_.permission_service as permissi4_12_1_, permission0_.permission_status as permissi5_12_1_ from permission permission0_ where permission0_.character_id=?
Hibernate: select count(*) as col_0_0_ from user user0_ where user0_.user_id=?
Hibernate: select attendance0_.attendance_attendance_id as attendan1_1_, attendance0_.attendance_attendance_date as attendan2_1_, attendance0_.attendance_type_reward_id as attendan3_1_, attendance0_.attendance_user_attendance_user_id as attendan4_1_ from attendance attendance0_ cross join attendance_user attendance1_ where attendance0_.attendance_user_attendance_user_id=attendance1_.attendance_user_attendance_user_id and attendance1_.user_id=?
Hibernate: delete from attendance_user where user_id=?
Hibernate: select user0_.user_id as col_0_0_ from user user0_ where user0_.user_user_id=? limit ?
Hibernate: select user0_.user_id as col_0_0_ from user user0_ where user0_.user_user_id=? limit ?
Hibernate: select U.* from USER U where U.USER_USER_ID =?
Hibernate: select character0_.character_id as characte1_6_0_, character0_.character_character_name as characte2_6_0_ from characters character0_ where character0_.character_id=?
Hibernate: select user0_.user_id as col_0_0_ from user user0_ where user0_.user_user_id=? limit ?
Hibernate: select user0_.user_id as user_id1_21_, user0_.character_id as characte7_21_, user0_.user_created_at as user_cre2_21_, user0_.user_name as user_nam3_21_, user0_.user_phone_number as user_pho4_21_, user0_.user_user_id as user_use5_21_, user0_.user_user_password as user_use6_21_ from user user0_ inner join characters character1_ on user0_.character_id=character1_.character_id where user0_.user_user_id=?
Hibernate: select character0_.character_id as characte1_6_0_, character0_.character_character_name as characte2_6_0_ from characters character0_ where character0_.character_id=?
Hibernate: select rewardtagw0_.user_id as user_id4_16_0_, rewardtagw0_.reward_tag_wrapper_reward_id as reward_t1_16_0_, rewardtagw0_.reward_tag_wrapper_reward_id as reward_t1_16_1_, rewardtagw0_.reward_tag_wrapper_reward_presented_at as reward_t2_16_1_, rewardtagw0_.reward_tag_reward_tag_id as reward_t3_16_1_, rewardtagw0_.user_id as user_id4_16_1_ from reward_tag_wrapper rewardtagw0_ where rewardtagw0_.user_id=?
Hibernate: select user0_.user_id as user_id1_21_0_, user0_.character_id as characte7_21_0_, user0_.user_created_at as user_cre2_21_0_, user0_.user_name as user_nam3_21_0_, user0_.user_phone_number as user_pho4_21_0_, user0_.user_user_id as user_use5_21_0_, user0_.user_user_password as user_use6_21_0_ from user user0_ where user0_.user_id=?
Hibernate: select character0_.character_id as characte1_6_0_, character0_.character_character_name as characte2_6_0_ from characters character0_ where character0_.character_id=?
2023-06-27 23:50:54.923  INFO 92687 --- [lient-AsyncIO-8] AttendanceStompClient                    : Subscribe /topic/attendance-key
2023-06-27 23:50:54.924  INFO 92687 --- [    Test worker] o.w.a.a.socket.AttendanceStompClient     : Stop message stop attendance id "1"
Hibernate: select count(*) as col_0_0_ from user user0_ where user0_.user_id=?
Hibernate: select character1_.character_id as characte1_6_, character1_.character_character_name as characte2_6_ from user user0_ inner join characters character1_ on user0_.character_id=character1_.character_id where user0_.user_id=?
Hibernate: select permission0_.character_id as characte6_12_0_, permission0_.permission_id as permissi1_12_0_, permission0_.permission_id as permissi1_12_1_, permission0_.character_id as characte6_12_1_, permission0_.permission_name as permissi2_12_1_, permission0_.permission_permission_unit_id as permissi3_12_1_, permission0_.permission_service as permissi4_12_1_, permission0_.permission_status as permissi5_12_1_ from permission permission0_ where permission0_.character_id=?
2023-06-27 23:50:55.930  INFO 92687 --- [lient-AsyncIO-8] AttendanceStompClient                    : Subscribe /topic/attendance-time
Hibernate: select user0_.user_id as user_id1_21_0_, user0_.character_id as characte7_21_0_, user0_.user_created_at as user_cre2_21_0_, user0_.user_name as user_nam3_21_0_, user0_.user_phone_number as user_pho4_21_0_, user0_.user_user_id as user_use5_21_0_, user0_.user_user_password as user_use6_21_0_ from user user0_ where user0_.user_id=?
Hibernate: select character0_.character_id as characte1_6_0_, character0_.character_character_name as characte2_6_0_ from characters character0_ where character0_.character_id=?
Hibernate: select count(*) as col_0_0_ from user user0_ where user0_.user_id=?
Hibernate: select character1_.character_id as characte1_6_, character1_.character_character_name as characte2_6_ from user user0_ inner join characters character1_ on user0_.character_id=character1_.character_id where user0_.user_id=?
Hibernate: select permission0_.character_id as characte6_12_0_, permission0_.permission_id as permissi1_12_0_, permission0_.permission_id as permissi1_12_1_, permission0_.character_id as characte6_12_1_, permission0_.permission_name as permissi2_12_1_, permission0_.permission_permission_unit_id as permissi3_12_1_, permission0_.permission_service as permissi4_12_1_, permission0_.permission_status as permissi5_12_1_ from permission permission0_ where permission0_.character_id=?
Hibernate: select count(*) as col_0_0_ from user user0_ where user0_.user_id=?
Hibernate: insert into attendance_user (attendance_user_attendance_user_id, user_id) values (default, ?)
Hibernate: select attendance0_.attendance_attendance_id as attendan1_1_, attendance0_.attendance_attendance_date as attendan2_1_, attendance0_.attendance_type_reward_id as attendan3_1_, attendance0_.attendance_user_attendance_user_id as attendan4_1_ from attendance attendance0_ where ?<=attendance0_.attendance_attendance_date and attendance0_.attendance_attendance_date<=?
Hibernate: select attendance0_.attendance_user_attendance_user_id as attendan1_3_, attendance0_.user_id as user_id2_3_ from attendance_user attendance0_
Hibernate: select attendance0_.attendance_type_reward_id as attendan1_2_, attendance0_.attendance_type_name as attendan2_2_, attendance0_.reward_tag_reward_tag_id as reward_t3_2_ from attendance_type_reward attendance0_ where attendance0_.attendance_type_name=?
Hibernate: insert into attendance (attendance_attendance_id, attendance_attendance_date, attendance_type_reward_id, attendance_user_attendance_user_id) values (default, ?, ?, ?)
Hibernate: select user0_.user_id as user_id1_21_0_, user0_.character_id as characte7_21_0_, user0_.user_created_at as user_cre2_21_0_, user0_.user_name as user_nam3_21_0_, user0_.user_phone_number as user_pho4_21_0_, user0_.user_user_id as user_use5_21_0_, user0_.user_user_password as user_use6_21_0_ from user user0_ where user0_.user_id=?
Hibernate: select character0_.character_id as characte1_6_0_, character0_.character_character_name as characte2_6_0_ from characters character0_ where character0_.character_id=?
Hibernate: select attendance0_.attendance_attendance_id as attendan1_1_, attendance0_.attendance_attendance_date as attendan2_1_, attendance0_.attendance_type_reward_id as attendan3_1_, attendance0_.attendance_user_attendance_user_id as attendan4_1_ from attendance attendance0_ where ?<=attendance0_.attendance_attendance_date and attendance0_.attendance_attendance_date<=?
Hibernate: select attendance0_.attendance_type_reward_id as attendan1_2_0_, attendance0_.attendance_type_name as attendan2_2_0_, attendance0_.reward_tag_reward_tag_id as reward_t3_2_0_ from attendance_type_reward attendance0_ where attendance0_.attendance_type_reward_id=?
Hibernate: select attendance0_.attendance_user_attendance_user_id as attendan1_3_0_, attendance0_.user_id as user_id2_3_0_ from attendance_user attendance0_ where attendance0_.attendance_user_attendance_user_id=?
Hibernate: select attendance0_.attendance_user_attendance_user_id as attendan1_3_, attendance0_.user_id as user_id2_3_ from attendance_user attendance0_
Hibernate: select attendance0_.attendance_attendance_id as attendan1_1_, attendance0_.attendance_attendance_date as attendan2_1_, attendance0_.attendance_type_reward_id as attendan3_1_, attendance0_.attendance_user_attendance_user_id as attendan4_1_ from attendance attendance0_ where ?<=attendance0_.attendance_attendance_date and attendance0_.attendance_attendance_date<=?
Hibernate: select attendance0_.attendance_user_attendance_user_id as attendan1_3_, attendance0_.user_id as user_id2_3_ from attendance_user attendance0_
Hibernate: select attendance0_.attendance_attendance_id as attendan1_1_, attendance0_.attendance_attendance_date as attendan2_1_, attendance0_.attendance_type_reward_id as attendan3_1_, attendance0_.attendance_user_attendance_user_id as attendan4_1_ from attendance attendance0_ cross join attendance_user attendance1_ where attendance0_.attendance_user_attendance_user_id=attendance1_.attendance_user_attendance_user_id and attendance1_.user_id=? and ?<=attendance0_.attendance_attendance_date and attendance0_.attendance_attendance_date<=?
Hibernate: select attendance0_.attendance_attendance_id as attendan1_1_, attendance0_.attendance_attendance_date as attendan2_1_, attendance0_.attendance_type_reward_id as attendan3_1_, attendance0_.attendance_user_attendance_user_id as attendan4_1_ from attendance attendance0_ where ?<=attendance0_.attendance_attendance_date and attendance0_.attendance_attendance_date<=?
Hibernate: select attendance0_.attendance_user_attendance_user_id as attendan1_3_, attendance0_.user_id as user_id2_3_ from attendance_user attendance0_
Hibernate: select attendance0_.attendance_attendance_id as attendan1_1_, attendance0_.attendance_attendance_date as attendan2_1_, attendance0_.attendance_type_reward_id as attendan3_1_, attendance0_.attendance_user_attendance_user_id as attendan4_1_ from attendance attendance0_ where ?<=attendance0_.attendance_attendance_date and attendance0_.attendance_attendance_date<=?
Hibernate: select attendance0_.attendance_user_attendance_user_id as attendan1_3_, attendance0_.user_id as user_id2_3_ from attendance_user attendance0_
Hibernate: select attendance0_.attendance_attendance_id as attendan1_1_, attendance0_.attendance_attendance_date as attendan2_1_, attendance0_.attendance_type_reward_id as attendan3_1_, attendance0_.attendance_user_attendance_user_id as attendan4_1_ from attendance attendance0_ cross join attendance_user attendance1_ where attendance0_.attendance_user_attendance_user_id=attendance1_.attendance_user_attendance_user_id and attendance1_.user_id=? and ?<=attendance0_.attendance_attendance_date and attendance0_.attendance_attendance_date<=?
Hibernate: select user0_.user_id as col_0_0_ from user user0_ where user0_.user_user_id=? limit ?
Hibernate: select user0_.user_id as user_id1_21_, user0_.character_id as characte7_21_, user0_.user_created_at as user_cre2_21_, user0_.user_name as user_nam3_21_, user0_.user_phone_number as user_pho4_21_, user0_.user_user_id as user_use5_21_, user0_.user_user_password as user_use6_21_ from user user0_ inner join characters character1_ on user0_.character_id=character1_.character_id where user0_.user_user_id=?
Hibernate: select character0_.character_id as characte1_6_0_, character0_.character_character_name as characte2_6_0_ from characters character0_ where character0_.character_id=?
Hibernate: select rewardtagw0_.user_id as user_id4_16_0_, rewardtagw0_.reward_tag_wrapper_reward_id as reward_t1_16_0_, rewardtagw0_.reward_tag_wrapper_reward_id as reward_t1_16_1_, rewardtagw0_.reward_tag_wrapper_reward_presented_at as reward_t2_16_1_, rewardtagw0_.reward_tag_reward_tag_id as reward_t3_16_1_, rewardtagw0_.user_id as user_id4_16_1_ from reward_tag_wrapper rewardtagw0_ where rewardtagw0_.user_id=?
Hibernate: select user0_.user_id as col_0_0_ from user user0_ where user0_.user_user_id=? limit ?
Hibernate: select user0_.user_id as col_0_0_ from user user0_ where user0_.user_user_id=? limit ?
Hibernate: select U.* from USER U where U.USER_USER_ID =?
Hibernate: select character0_.character_id as characte1_6_0_, character0_.character_character_name as characte2_6_0_ from characters character0_ where character0_.character_id=?
Hibernate: select user0_.user_id as user_id1_21_0_, user0_.character_id as characte7_21_0_, user0_.user_created_at as user_cre2_21_0_, user0_.user_name as user_nam3_21_0_, user0_.user_phone_number as user_pho4_21_0_, user0_.user_user_id as user_use5_21_0_, user0_.user_user_password as user_use6_21_0_ from user user0_ where user0_.user_id=?
Hibernate: select character0_.character_id as characte1_6_0_, character0_.character_character_name as characte2_6_0_ from characters character0_ where character0_.character_id=?
Hibernate: select count(*) as col_0_0_ from user user0_ where user0_.user_id=?
Hibernate: select character1_.character_id as characte1_6_, character1_.character_character_name as characte2_6_ from user user0_ inner join characters character1_ on user0_.character_id=character1_.character_id where user0_.user_id=?
Hibernate: select permission0_.character_id as characte6_12_0_, permission0_.permission_id as permissi1_12_0_, permission0_.permission_id as permissi1_12_1_, permission0_.character_id as characte6_12_1_, permission0_.permission_name as permissi2_12_1_, permission0_.permission_permission_unit_id as permissi3_12_1_, permission0_.permission_service as permissi4_12_1_, permission0_.permission_status as permissi5_12_1_ from permission permission0_ where permission0_.character_id=?
Hibernate: select count(*) as col_0_0_ from user user0_ where user0_.user_id=?
Hibernate: select attendance0_.attendance_attendance_id as attendan1_1_, attendance0_.attendance_attendance_date as attendan2_1_, attendance0_.attendance_type_reward_id as attendan3_1_, attendance0_.attendance_user_attendance_user_id as attendan4_1_ from attendance attendance0_ cross join attendance_user attendance1_ where attendance0_.attendance_user_attendance_user_id=attendance1_.attendance_user_attendance_user_id and attendance1_.user_id=?
Hibernate: select attendance0_.attendance_type_reward_id as attendan1_2_0_, attendance0_.attendance_type_name as attendan2_2_0_, attendance0_.reward_tag_reward_tag_id as reward_t3_2_0_ from attendance_type_reward attendance0_ where attendance0_.attendance_type_reward_id=?
Hibernate: select attendance0_.attendance_user_attendance_user_id as attendan1_3_0_, attendance0_.user_id as user_id2_3_0_ from attendance_user attendance0_ where attendance0_.attendance_user_attendance_user_id=?
Hibernate: delete from attendance where attendance_user_attendance_user_id=?
Hibernate: delete from attendance_user where user_id=?
Hibernate: select user0_.user_id as col_0_0_ from user user0_ where user0_.user_user_id=? limit ?
Hibernate: select user0_.user_id as user_id1_21_, user0_.character_id as characte7_21_, user0_.user_created_at as user_cre2_21_, user0_.user_name as user_nam3_21_, user0_.user_phone_number as user_pho4_21_, user0_.user_user_id as user_use5_21_, user0_.user_user_password as user_use6_21_ from user user0_ inner join characters character1_ on user0_.character_id=character1_.character_id where user0_.user_user_id=?
Hibernate: select character0_.character_id as characte1_6_0_, character0_.character_character_name as characte2_6_0_ from characters character0_ where character0_.character_id=?
Hibernate: select rewardtagw0_.user_id as user_id4_16_0_, rewardtagw0_.reward_tag_wrapper_reward_id as reward_t1_16_0_, rewardtagw0_.reward_tag_wrapper_reward_id as reward_t1_16_1_, rewardtagw0_.reward_tag_wrapper_reward_presented_at as reward_t2_16_1_, rewardtagw0_.reward_tag_reward_tag_id as reward_t3_16_1_, rewardtagw0_.user_id as user_id4_16_1_ from reward_tag_wrapper rewardtagw0_ where rewardtagw0_.user_id=?
Hibernate: select user0_.user_id as col_0_0_ from user user0_ where user0_.user_user_id=? limit ?
Hibernate: select user0_.user_id as col_0_0_ from user user0_ where user0_.user_user_id=? limit ?
Hibernate: select U.* from USER U where U.USER_USER_ID =?
Hibernate: select character0_.character_id as characte1_6_0_, character0_.character_character_name as characte2_6_0_ from characters character0_ where character0_.character_id=?
Hibernate: select user0_.user_id as user_id1_21_0_, user0_.character_id as characte7_21_0_, user0_.user_created_at as user_cre2_21_0_, user0_.user_name as user_nam3_21_0_, user0_.user_phone_number as user_pho4_21_0_, user0_.user_user_id as user_use5_21_0_, user0_.user_user_password as user_use6_21_0_ from user user0_ where user0_.user_id=?
Hibernate: select character0_.character_id as characte1_6_0_, character0_.character_character_name as characte2_6_0_ from characters character0_ where character0_.character_id=?
Hibernate: select count(*) as col_0_0_ from user user0_ where user0_.user_id=?
Hibernate: select character1_.character_id as characte1_6_, character1_.character_character_name as characte2_6_ from user user0_ inner join characters character1_ on user0_.character_id=character1_.character_id where user0_.user_id=?
Hibernate: select permission0_.character_id as characte6_12_0_, permission0_.permission_id as permissi1_12_0_, permission0_.permission_id as permissi1_12_1_, permission0_.character_id as characte6_12_1_, permission0_.permission_name as permissi2_12_1_, permission0_.permission_permission_unit_id as permissi3_12_1_, permission0_.permission_service as permissi4_12_1_, permission0_.permission_status as permissi5_12_1_ from permission permission0_ where permission0_.character_id=?
Hibernate: select count(*) as col_0_0_ from user user0_ where user0_.user_id=?
Hibernate: select attendance0_.attendance_attendance_id as attendan1_1_, attendance0_.attendance_attendance_date as attendan2_1_, attendance0_.attendance_type_reward_id as attendan3_1_, attendance0_.attendance_user_attendance_user_id as attendan4_1_ from attendance attendance0_ cross join attendance_user attendance1_ where attendance0_.attendance_user_attendance_user_id=attendance1_.attendance_user_attendance_user_id and attendance1_.user_id=?
Hibernate: delete from attendance_user where user_id=?
Hibernate: select user0_.user_id as col_0_0_ from user user0_ where user0_.user_user_id=? limit ?
Hibernate: select user0_.user_id as col_0_0_ from user user0_ where user0_.user_user_id=? limit ?
Hibernate: select U.* from USER U where U.USER_USER_ID =?
Hibernate: select character0_.character_id as characte1_6_0_, character0_.character_character_name as characte2_6_0_ from characters character0_ where character0_.character_id=?
Hibernate: select user0_.user_id as col_0_0_ from user user0_ where user0_.user_user_id=? limit ?
Hibernate: select user0_.user_id as user_id1_21_, user0_.character_id as characte7_21_, user0_.user_created_at as user_cre2_21_, user0_.user_name as user_nam3_21_, user0_.user_phone_number as user_pho4_21_, user0_.user_user_id as user_use5_21_, user0_.user_user_password as user_use6_21_ from user user0_ inner join characters character1_ on user0_.character_id=character1_.character_id where user0_.user_user_id=?
Hibernate: select character0_.character_id as characte1_6_0_, character0_.character_character_name as characte2_6_0_ from characters character0_ where character0_.character_id=?
Hibernate: select rewardtagw0_.user_id as user_id4_16_0_, rewardtagw0_.reward_tag_wrapper_reward_id as reward_t1_16_0_, rewardtagw0_.reward_tag_wrapper_reward_id as reward_t1_16_1_, rewardtagw0_.reward_tag_wrapper_reward_presented_at as reward_t2_16_1_, rewardtagw0_.reward_tag_reward_tag_id as reward_t3_16_1_, rewardtagw0_.user_id as user_id4_16_1_ from reward_tag_wrapper rewardtagw0_ where rewardtagw0_.user_id=?
Hibernate: select user0_.user_id as user_id1_21_0_, user0_.character_id as characte7_21_0_, user0_.user_created_at as user_cre2_21_0_, user0_.user_name as user_nam3_21_0_, user0_.user_phone_number as user_pho4_21_0_, user0_.user_user_id as user_use5_21_0_, user0_.user_user_password as user_use6_21_0_ from user user0_ where user0_.user_id=?
Hibernate: select character0_.character_id as characte1_6_0_, character0_.character_character_name as characte2_6_0_ from characters character0_ where character0_.character_id=?
2023-06-27 23:50:55.984  INFO 92687 --- [lient-AsyncIO-3] AttendanceStompClient                    : Subscribe /topic/attendance-key
2023-06-27 23:50:55.984  INFO 92687 --- [    Test worker] o.w.a.a.socket.AttendanceStompClient     : Send message start attendance id "1"
Hibernate: select count(*) as col_0_0_ from user user0_ where user0_.user_id=?
Hibernate: select character1_.character_id as characte1_6_, character1_.character_character_name as characte2_6_ from user user0_ inner join characters character1_ on user0_.character_id=character1_.character_id where user0_.user_id=?
Hibernate: select permission0_.character_id as characte6_12_0_, permission0_.permission_id as permissi1_12_0_, permission0_.permission_id as permissi1_12_1_, permission0_.character_id as characte6_12_1_, permission0_.permission_name as permissi2_12_1_, permission0_.permission_permission_unit_id as permissi3_12_1_, permission0_.permission_service as permissi4_12_1_, permission0_.permission_status as permissi5_12_1_ from permission permission0_ where permission0_.character_id=?
2023-06-27 23:50:55.986  INFO 92687 --- [lient-AsyncIO-4] AttendanceStompClient                    : /topic/attendance-time reply "180"
2023-06-27 23:50:56.936  INFO 92687 --- [lient-AsyncIO-8] AttendanceStompClient                    : /topic/attendance-time reply "180"
2023-06-27 23:50:56.986  INFO 92687 --- [lient-AsyncIO-3] AttendanceStompClient                    : Subscribe /topic/attendance-time
2023-06-27 23:50:56.994  INFO 92687 --- [lient-AsyncIO-6] AttendanceStompClient                    : /topic/attendance-time reply "179"
2023-06-27 23:50:56.994  INFO 92687 --- [lient-AsyncIO-5] AttendanceStompClient                    : /topic/attendance-time reply "179"
2023-06-27 23:50:57.991  INFO 92687 --- [lient-AsyncIO-3] AttendanceStompClient                    : /topic/attendance-key reply "7904"
2023-06-27 23:50:57.992  INFO 92687 --- [lient-AsyncIO-3] AttendanceStompClient                    : /topic/attendance-time reply "179"
2023-06-27 23:50:57.997  INFO 92687 --- [lient-AsyncIO-1] AttendanceStompClient                    : /topic/attendance-time reply "178"
2023-06-27 23:50:57.997  INFO 92687 --- [lient-AsyncIO-7] AttendanceStompClient                    : /topic/attendance-time reply "178"
2023-06-27 23:50:57.997  INFO 92687 --- [lient-AsyncIO-9] AttendanceStompClient                    : /topic/attendance-time reply "178"
Hibernate: select user0_.user_id as user_id1_21_0_, user0_.character_id as characte7_21_0_, user0_.user_created_at as user_cre2_21_0_, user0_.user_name as user_nam3_21_0_, user0_.user_phone_number as user_pho4_21_0_, user0_.user_user_id as user_use5_21_0_, user0_.user_user_password as user_use6_21_0_ from user user0_ where user0_.user_id=?
Hibernate: select character0_.character_id as characte1_6_0_, character0_.character_character_name as characte2_6_0_ from characters character0_ where character0_.character_id=?
Hibernate: select attendance0_.attendance_attendance_id as attendan1_1_, attendance0_.attendance_attendance_date as attendan2_1_, attendance0_.attendance_type_reward_id as attendan3_1_, attendance0_.attendance_user_attendance_user_id as attendan4_1_ from attendance attendance0_ where ?<=attendance0_.attendance_attendance_date and attendance0_.attendance_attendance_date<=?
Hibernate: select attendance0_.attendance_user_attendance_user_id as attendan1_3_, attendance0_.user_id as user_id2_3_ from attendance_user attendance0_
Hibernate: select attendance0_.attendance_attendance_id as attendan1_1_, attendance0_.attendance_attendance_date as attendan2_1_, attendance0_.attendance_type_reward_id as attendan3_1_, attendance0_.attendance_user_attendance_user_id as attendan4_1_ from attendance attendance0_ where ?<=attendance0_.attendance_attendance_date and attendance0_.attendance_attendance_date<=?
Hibernate: select attendance0_.attendance_user_attendance_user_id as attendan1_3_, attendance0_.user_id as user_id2_3_ from attendance_user attendance0_
Hibernate: select attendance0_.attendance_attendance_id as attendan1_1_, attendance0_.attendance_attendance_date as attendan2_1_, attendance0_.attendance_type_reward_id as attendan3_1_, attendance0_.attendance_user_attendance_user_id as attendan4_1_ from attendance attendance0_ cross join attendance_user attendance1_ where attendance0_.attendance_user_attendance_user_id=attendance1_.attendance_user_attendance_user_id and attendance1_.user_id=? and ?<=attendance0_.attendance_attendance_date and attendance0_.attendance_attendance_date<=?
2023-06-27 23:50:58.040  INFO 92687 --- [    Test worker] o.w.a.a.socket.AttendanceStompClient     : Stop message stop attendance id "1"
Hibernate: select count(*) as col_0_0_ from user user0_ where user0_.user_id=?
Hibernate: select character1_.character_id as characte1_6_, character1_.character_character_name as characte2_6_ from user user0_ inner join characters character1_ on user0_.character_id=character1_.character_id where user0_.user_id=?
Hibernate: select permission0_.character_id as characte6_12_0_, permission0_.permission_id as permissi1_12_0_, permission0_.permission_id as permissi1_12_1_, permission0_.character_id as characte6_12_1_, permission0_.permission_name as permissi2_12_1_, permission0_.permission_permission_unit_id as permissi3_12_1_, permission0_.permission_service as permissi4_12_1_, permission0_.permission_status as permissi5_12_1_ from permission permission0_ where permission0_.character_id=?
Hibernate: select user0_.user_id as col_0_0_ from user user0_ where user0_.user_user_id=? limit ?
Hibernate: select user0_.user_id as user_id1_21_, user0_.character_id as characte7_21_, user0_.user_created_at as user_cre2_21_, user0_.user_name as user_nam3_21_, user0_.user_phone_number as user_pho4_21_, user0_.user_user_id as user_use5_21_, user0_.user_user_password as user_use6_21_ from user user0_ inner join characters character1_ on user0_.character_id=character1_.character_id where user0_.user_user_id=?
Hibernate: select character0_.character_id as characte1_6_0_, character0_.character_character_name as characte2_6_0_ from characters character0_ where character0_.character_id=?
Hibernate: select rewardtagw0_.user_id as user_id4_16_0_, rewardtagw0_.reward_tag_wrapper_reward_id as reward_t1_16_0_, rewardtagw0_.reward_tag_wrapper_reward_id as reward_t1_16_1_, rewardtagw0_.reward_tag_wrapper_reward_presented_at as reward_t2_16_1_, rewardtagw0_.reward_tag_reward_tag_id as reward_t3_16_1_, rewardtagw0_.user_id as user_id4_16_1_ from reward_tag_wrapper rewardtagw0_ where rewardtagw0_.user_id=?
Hibernate: select user0_.user_id as col_0_0_ from user user0_ where user0_.user_user_id=? limit ?
Hibernate: select user0_.user_id as col_0_0_ from user user0_ where user0_.user_user_id=? limit ?
Hibernate: select U.* from USER U where U.USER_USER_ID =?
Hibernate: select character0_.character_id as characte1_6_0_, character0_.character_character_name as characte2_6_0_ from characters character0_ where character0_.character_id=?
Hibernate: select user0_.user_id as user_id1_21_0_, user0_.character_id as characte7_21_0_, user0_.user_created_at as user_cre2_21_0_, user0_.user_name as user_nam3_21_0_, user0_.user_phone_number as user_pho4_21_0_, user0_.user_user_id as user_use5_21_0_, user0_.user_user_password as user_use6_21_0_ from user user0_ where user0_.user_id=?
Hibernate: select character0_.character_id as characte1_6_0_, character0_.character_character_name as characte2_6_0_ from characters character0_ where character0_.character_id=?
Hibernate: select count(*) as col_0_0_ from user user0_ where user0_.user_id=?
Hibernate: select character1_.character_id as characte1_6_, character1_.character_character_name as characte2_6_ from user user0_ inner join characters character1_ on user0_.character_id=character1_.character_id where user0_.user_id=?
Hibernate: select permission0_.character_id as characte6_12_0_, permission0_.permission_id as permissi1_12_0_, permission0_.permission_id as permissi1_12_1_, permission0_.character_id as characte6_12_1_, permission0_.permission_name as permissi2_12_1_, permission0_.permission_permission_unit_id as permissi3_12_1_, permission0_.permission_service as permissi4_12_1_, permission0_.permission_status as permissi5_12_1_ from permission permission0_ where permission0_.character_id=?
Hibernate: select count(*) as col_0_0_ from user user0_ where user0_.user_id=?
Hibernate: select attendance0_.attendance_attendance_id as attendan1_1_, attendance0_.attendance_attendance_date as attendan2_1_, attendance0_.attendance_type_reward_id as attendan3_1_, attendance0_.attendance_user_attendance_user_id as attendan4_1_ from attendance attendance0_ cross join attendance_user attendance1_ where attendance0_.attendance_user_attendance_user_id=attendance1_.attendance_user_attendance_user_id and attendance1_.user_id=?
Hibernate: delete from attendance_user where user_id=?
Hibernate: select user0_.user_id as col_0_0_ from user user0_ where user0_.user_user_id=? limit ?
Hibernate: select user0_.user_id as user_id1_21_, user0_.character_id as characte7_21_, user0_.user_created_at as user_cre2_21_, user0_.user_name as user_nam3_21_, user0_.user_phone_number as user_pho4_21_, user0_.user_user_id as user_use5_21_, user0_.user_user_password as user_use6_21_ from user user0_ inner join characters character1_ on user0_.character_id=character1_.character_id where user0_.user_user_id=?
Hibernate: select character0_.character_id as characte1_6_0_, character0_.character_character_name as characte2_6_0_ from characters character0_ where character0_.character_id=?
Hibernate: select rewardtagw0_.user_id as user_id4_16_0_, rewardtagw0_.reward_tag_wrapper_reward_id as reward_t1_16_0_, rewardtagw0_.reward_tag_wrapper_reward_id as reward_t1_16_1_, rewardtagw0_.reward_tag_wrapper_reward_presented_at as reward_t2_16_1_, rewardtagw0_.reward_tag_reward_tag_id as reward_t3_16_1_, rewardtagw0_.user_id as user_id4_16_1_ from reward_tag_wrapper rewardtagw0_ where rewardtagw0_.user_id=?
Hibernate: select user0_.user_id as col_0_0_ from user user0_ where user0_.user_user_id=? limit ?
Hibernate: select user0_.user_id as col_0_0_ from user user0_ where user0_.user_user_id=? limit ?
Hibernate: select U.* from USER U where U.USER_USER_ID =?
Hibernate: select character0_.character_id as characte1_6_0_, character0_.character_character_name as characte2_6_0_ from characters character0_ where character0_.character_id=?
Hibernate: select user0_.user_id as user_id1_21_0_, user0_.character_id as characte7_21_0_, user0_.user_created_at as user_cre2_21_0_, user0_.user_name as user_nam3_21_0_, user0_.user_phone_number as user_pho4_21_0_, user0_.user_user_id as user_use5_21_0_, user0_.user_user_password as user_use6_21_0_ from user user0_ where user0_.user_id=?
Hibernate: select character0_.character_id as characte1_6_0_, character0_.character_character_name as characte2_6_0_ from characters character0_ where character0_.character_id=?
Hibernate: select count(*) as col_0_0_ from user user0_ where user0_.user_id=?
Hibernate: select character1_.character_id as characte1_6_, character1_.character_character_name as characte2_6_ from user user0_ inner join characters character1_ on user0_.character_id=character1_.character_id where user0_.user_id=?
Hibernate: select permission0_.character_id as characte6_12_0_, permission0_.permission_id as permissi1_12_0_, permission0_.permission_id as permissi1_12_1_, permission0_.character_id as characte6_12_1_, permission0_.permission_name as permissi2_12_1_, permission0_.permission_permission_unit_id as permissi3_12_1_, permission0_.permission_service as permissi4_12_1_, permission0_.permission_status as permissi5_12_1_ from permission permission0_ where permission0_.character_id=?
Hibernate: select count(*) as col_0_0_ from user user0_ where user0_.user_id=?
Hibernate: select attendance0_.attendance_attendance_id as attendan1_1_, attendance0_.attendance_attendance_date as attendan2_1_, attendance0_.attendance_type_reward_id as attendan3_1_, attendance0_.attendance_user_attendance_user_id as attendan4_1_ from attendance attendance0_ cross join attendance_user attendance1_ where attendance0_.attendance_user_attendance_user_id=attendance1_.attendance_user_attendance_user_id and attendance1_.user_id=?
Hibernate: delete from attendance_user where user_id=?
Hibernate: select user0_.user_id as col_0_0_ from user user0_ where user0_.user_user_id=? limit ?
Hibernate: select user0_.user_id as col_0_0_ from user user0_ where user0_.user_user_id=? limit ?
Hibernate: select U.* from USER U where U.USER_USER_ID =?
Hibernate: select character0_.character_id as characte1_6_0_, character0_.character_character_name as characte2_6_0_ from characters character0_ where character0_.character_id=?
Hibernate: select user0_.user_id as col_0_0_ from user user0_ where user0_.user_user_id=? limit ?
Hibernate: select user0_.user_id as user_id1_21_, user0_.character_id as characte7_21_, user0_.user_created_at as user_cre2_21_, user0_.user_name as user_nam3_21_, user0_.user_phone_number as user_pho4_21_, user0_.user_user_id as user_use5_21_, user0_.user_user_password as user_use6_21_ from user user0_ inner join characters character1_ on user0_.character_id=character1_.character_id where user0_.user_user_id=?
Hibernate: select character0_.character_id as characte1_6_0_, character0_.character_character_name as characte2_6_0_ from characters character0_ where character0_.character_id=?
Hibernate: select rewardtagw0_.user_id as user_id4_16_0_, rewardtagw0_.reward_tag_wrapper_reward_id as reward_t1_16_0_, rewardtagw0_.reward_tag_wrapper_reward_id as reward_t1_16_1_, rewardtagw0_.reward_tag_wrapper_reward_presented_at as reward_t2_16_1_, rewardtagw0_.reward_tag_reward_tag_id as reward_t3_16_1_, rewardtagw0_.user_id as user_id4_16_1_ from reward_tag_wrapper rewardtagw0_ where rewardtagw0_.user_id=?
Hibernate: select user0_.user_id as user_id1_21_0_, user0_.character_id as characte7_21_0_, user0_.user_created_at as user_cre2_21_0_, user0_.user_name as user_nam3_21_0_, user0_.user_phone_number as user_pho4_21_0_, user0_.user_user_id as user_use5_21_0_, user0_.user_user_password as user_use6_21_0_ from user user0_ where user0_.user_id=?
Hibernate: select character0_.character_id as characte1_6_0_, character0_.character_character_name as characte2_6_0_ from characters character0_ where character0_.character_id=?
2023-06-27 23:50:59.102  INFO 92687 --- [lient-AsyncIO-8] AttendanceStompClient                    : Subscribe /topic/attendance-key
2023-06-27 23:50:59.102  INFO 92687 --- [    Test worker] o.w.a.a.socket.AttendanceStompClient     : Send message start attendance id "1"
Hibernate: select count(*) as col_0_0_ from user user0_ where user0_.user_id=?
Hibernate: select character1_.character_id as characte1_6_, character1_.character_character_name as characte2_6_ from user user0_ inner join characters character1_ on user0_.character_id=character1_.character_id where user0_.user_id=?
Hibernate: select permission0_.character_id as characte6_12_0_, permission0_.permission_id as permissi1_12_0_, permission0_.permission_id as permissi1_12_1_, permission0_.character_id as characte6_12_1_, permission0_.permission_name as permissi2_12_1_, permission0_.permission_permission_unit_id as permissi3_12_1_, permission0_.permission_service as permissi4_12_1_, permission0_.permission_status as permissi5_12_1_ from permission permission0_ where permission0_.character_id=?
2023-06-27 23:50:59.104  INFO 92687 --- [lient-AsyncIO-6] AttendanceStompClient                    : /topic/attendance-time reply "180"
2023-06-27 23:50:59.104  INFO 92687 --- [lient-AsyncIO-5] AttendanceStompClient                    : /topic/attendance-time reply "180"
2023-06-27 23:50:59.104  INFO 92687 --- [lient-AsyncIO-3] AttendanceStompClient                    : /topic/attendance-time reply "180"
2023-06-27 23:51:00.107  INFO 92687 --- [lient-AsyncIO-8] AttendanceStompClient                    : Subscribe /topic/attendance-time
2023-06-27 23:51:00.110  INFO 92687 --- [lient-AsyncIO-1] AttendanceStompClient                    : /topic/attendance-time reply "179"
2023-06-27 23:51:00.111  INFO 92687 --- [lient-AsyncIO-9] AttendanceStompClient                    : /topic/attendance-time reply "179"
2023-06-27 23:51:00.111  INFO 92687 --- [ient-AsyncIO-10] AttendanceStompClient                    : /topic/attendance-time reply "179"
2023-06-27 23:51:01.114  INFO 92687 --- [lient-AsyncIO-8] AttendanceStompClient                    : /topic/attendance-key reply "4346"
2023-06-27 23:51:01.115  INFO 92687 --- [lient-AsyncIO-8] AttendanceStompClient                    : /topic/attendance-time reply "179"
2023-06-27 23:51:01.116  INFO 92687 --- [lient-AsyncIO-2] AttendanceStompClient                    : /topic/attendance-time reply "178"
2023-06-27 23:51:01.117  INFO 92687 --- [lient-AsyncIO-2] AttendanceStompClient                    : /topic/attendance-time reply "178"
2023-06-27 23:51:01.117  INFO 92687 --- [lient-AsyncIO-6] AttendanceStompClient                    : /topic/attendance-time reply "178"
2023-06-27 23:51:01.117  INFO 92687 --- [lient-AsyncIO-4] AttendanceStompClient                    : /topic/attendance-time reply "178"
Hibernate: select user0_.user_id as user_id1_21_0_, user0_.character_id as characte7_21_0_, user0_.user_created_at as user_cre2_21_0_, user0_.user_name as user_nam3_21_0_, user0_.user_phone_number as user_pho4_21_0_, user0_.user_user_id as user_use5_21_0_, user0_.user_user_password as user_use6_21_0_ from user user0_ where user0_.user_id=?
Hibernate: select character0_.character_id as characte1_6_0_, character0_.character_character_name as characte2_6_0_ from characters character0_ where character0_.character_id=?
Hibernate: select count(*) as col_0_0_ from user user0_ where user0_.user_id=?
Hibernate: select character1_.character_id as characte1_6_, character1_.character_character_name as characte2_6_ from user user0_ inner join characters character1_ on user0_.character_id=character1_.character_id where user0_.user_id=?
Hibernate: select permission0_.character_id as characte6_12_0_, permission0_.permission_id as permissi1_12_0_, permission0_.permission_id as permissi1_12_1_, permission0_.character_id as characte6_12_1_, permission0_.permission_name as permissi2_12_1_, permission0_.permission_permission_unit_id as permissi3_12_1_, permission0_.permission_service as permissi4_12_1_, permission0_.permission_status as permissi5_12_1_ from permission permission0_ where permission0_.character_id=?
Hibernate: select count(*) as col_0_0_ from user user0_ where user0_.user_id=?
Hibernate: insert into attendance_user (attendance_user_attendance_user_id, user_id) values (default, ?)
Hibernate: select attendance0_.attendance_attendance_id as attendan1_1_, attendance0_.attendance_attendance_date as attendan2_1_, attendance0_.attendance_type_reward_id as attendan3_1_, attendance0_.attendance_user_attendance_user_id as attendan4_1_ from attendance attendance0_ where ?<=attendance0_.attendance_attendance_date and attendance0_.attendance_attendance_date<=?
Hibernate: select attendance0_.attendance_user_attendance_user_id as attendan1_3_, attendance0_.user_id as user_id2_3_ from attendance_user attendance0_
Hibernate: select attendance0_.attendance_type_reward_id as attendan1_2_, attendance0_.attendance_type_name as attendan2_2_, attendance0_.reward_tag_reward_tag_id as reward_t3_2_ from attendance_type_reward attendance0_ where attendance0_.attendance_type_name=?
Hibernate: insert into attendance (attendance_attendance_id, attendance_attendance_date, attendance_type_reward_id, attendance_user_attendance_user_id) values (default, ?, ?, ?)
Hibernate: select user0_.user_id as user_id1_21_0_, user0_.character_id as characte7_21_0_, user0_.user_created_at as user_cre2_21_0_, user0_.user_name as user_nam3_21_0_, user0_.user_phone_number as user_pho4_21_0_, user0_.user_user_id as user_use5_21_0_, user0_.user_user_password as user_use6_21_0_ from user user0_ where user0_.user_id=?
Hibernate: select character0_.character_id as characte1_6_0_, character0_.character_character_name as characte2_6_0_ from characters character0_ where character0_.character_id=?
Hibernate: select attendance0_.attendance_attendance_id as attendan1_1_, attendance0_.attendance_attendance_date as attendan2_1_, attendance0_.attendance_type_reward_id as attendan3_1_, attendance0_.attendance_user_attendance_user_id as attendan4_1_ from attendance attendance0_ where ?<=attendance0_.attendance_attendance_date and attendance0_.attendance_attendance_date<=?
Hibernate: select attendance0_.attendance_type_reward_id as attendan1_2_0_, attendance0_.attendance_type_name as attendan2_2_0_, attendance0_.reward_tag_reward_tag_id as reward_t3_2_0_ from attendance_type_reward attendance0_ where attendance0_.attendance_type_reward_id=?
Hibernate: select attendance0_.attendance_user_attendance_user_id as attendan1_3_0_, attendance0_.user_id as user_id2_3_0_ from attendance_user attendance0_ where attendance0_.attendance_user_attendance_user_id=?
Hibernate: select attendance0_.attendance_user_attendance_user_id as attendan1_3_, attendance0_.user_id as user_id2_3_ from attendance_user attendance0_
Hibernate: select attendance0_.attendance_attendance_id as attendan1_1_, attendance0_.attendance_attendance_date as attendan2_1_, attendance0_.attendance_type_reward_id as attendan3_1_, attendance0_.attendance_user_attendance_user_id as attendan4_1_ from attendance attendance0_ where ?<=attendance0_.attendance_attendance_date and attendance0_.attendance_attendance_date<=?
Hibernate: select attendance0_.attendance_user_attendance_user_id as attendan1_3_, attendance0_.user_id as user_id2_3_ from attendance_user attendance0_
Hibernate: select attendance0_.attendance_attendance_id as attendan1_1_, attendance0_.attendance_attendance_date as attendan2_1_, attendance0_.attendance_type_reward_id as attendan3_1_, attendance0_.attendance_user_attendance_user_id as attendan4_1_ from attendance attendance0_ cross join attendance_user attendance1_ where attendance0_.attendance_user_attendance_user_id=attendance1_.attendance_user_attendance_user_id and attendance1_.user_id=? and ?<=attendance0_.attendance_attendance_date and attendance0_.attendance_attendance_date<=?
Hibernate: select attendance0_.attendance_attendance_id as attendan1_1_, attendance0_.attendance_attendance_date as attendan2_1_, attendance0_.attendance_type_reward_id as attendan3_1_, attendance0_.attendance_user_attendance_user_id as attendan4_1_ from attendance attendance0_ where ?<=attendance0_.attendance_attendance_date and attendance0_.attendance_attendance_date<=?
Hibernate: select attendance0_.attendance_user_attendance_user_id as attendan1_3_, attendance0_.user_id as user_id2_3_ from attendance_user attendance0_
Hibernate: select attendance0_.attendance_attendance_id as attendan1_1_, attendance0_.attendance_attendance_date as attendan2_1_, attendance0_.attendance_type_reward_id as attendan3_1_, attendance0_.attendance_user_attendance_user_id as attendan4_1_ from attendance attendance0_ where ?<=attendance0_.attendance_attendance_date and attendance0_.attendance_attendance_date<=?
Hibernate: select attendance0_.attendance_user_attendance_user_id as attendan1_3_, attendance0_.user_id as user_id2_3_ from attendance_user attendance0_
Hibernate: select attendance0_.attendance_attendance_id as attendan1_1_, attendance0_.attendance_attendance_date as attendan2_1_, attendance0_.attendance_type_reward_id as attendan3_1_, attendance0_.attendance_user_attendance_user_id as attendan4_1_ from attendance attendance0_ cross join attendance_user attendance1_ where attendance0_.attendance_user_attendance_user_id=attendance1_.attendance_user_attendance_user_id and attendance1_.user_id=? and ?<=attendance0_.attendance_attendance_date and attendance0_.attendance_attendance_date<=?
Hibernate: select attendance0_.attendance_type_reward_id as attendan1_2_, attendance0_.attendance_type_name as attendan2_2_, attendance0_.reward_tag_reward_tag_id as reward_t3_2_ from attendance_type_reward attendance0_ where attendance0_.attendance_type_name=?
Hibernate: select attendance0_.attendance_attendance_id as attendan1_1_, attendance0_.attendance_attendance_date as attendan2_1_, attendance0_.attendance_type_reward_id as attendan3_1_, attendance0_.attendance_user_attendance_user_id as attendan4_1_ from attendance attendance0_ cross join attendance_user attendance1_ where attendance0_.attendance_user_attendance_user_id=attendance1_.attendance_user_attendance_user_id and attendance1_.user_id=? and ?<=attendance0_.attendance_attendance_date and attendance0_.attendance_attendance_date<=?
Hibernate: update attendance set attendance_attendance_date=?, attendance_type_reward_id=?, attendance_user_attendance_user_id=? where attendance_attendance_id=?
2023-06-27 23:51:01.187  INFO 92687 --- [    Test worker] o.w.a.a.socket.AttendanceStompClient     : Stop message stop attendance id "1"
Hibernate: select count(*) as col_0_0_ from user user0_ where user0_.user_id=?
Hibernate: select character1_.character_id as characte1_6_, character1_.character_character_name as characte2_6_ from user user0_ inner join characters character1_ on user0_.character_id=character1_.character_id where user0_.user_id=?
Hibernate: select permission0_.character_id as characte6_12_0_, permission0_.permission_id as permissi1_12_0_, permission0_.permission_id as permissi1_12_1_, permission0_.character_id as characte6_12_1_, permission0_.permission_name as permissi2_12_1_, permission0_.permission_permission_unit_id as permissi3_12_1_, permission0_.permission_service as permissi4_12_1_, permission0_.permission_status as permissi5_12_1_ from permission permission0_ where permission0_.character_id=?
Hibernate: select user0_.user_id as col_0_0_ from user user0_ where user0_.user_user_id=? limit ?
Hibernate: select user0_.user_id as user_id1_21_, user0_.character_id as characte7_21_, user0_.user_created_at as user_cre2_21_, user0_.user_name as user_nam3_21_, user0_.user_phone_number as user_pho4_21_, user0_.user_user_id as user_use5_21_, user0_.user_user_password as user_use6_21_ from user user0_ inner join characters character1_ on user0_.character_id=character1_.character_id where user0_.user_user_id=?
Hibernate: select character0_.character_id as characte1_6_0_, character0_.character_character_name as characte2_6_0_ from characters character0_ where character0_.character_id=?
Hibernate: select rewardtagw0_.user_id as user_id4_16_0_, rewardtagw0_.reward_tag_wrapper_reward_id as reward_t1_16_0_, rewardtagw0_.reward_tag_wrapper_reward_id as reward_t1_16_1_, rewardtagw0_.reward_tag_wrapper_reward_presented_at as reward_t2_16_1_, rewardtagw0_.reward_tag_reward_tag_id as reward_t3_16_1_, rewardtagw0_.user_id as user_id4_16_1_ from reward_tag_wrapper rewardtagw0_ where rewardtagw0_.user_id=?
Hibernate: select user0_.user_id as col_0_0_ from user user0_ where user0_.user_user_id=? limit ?
Hibernate: select user0_.user_id as col_0_0_ from user user0_ where user0_.user_user_id=? limit ?
Hibernate: select U.* from USER U where U.USER_USER_ID =?
Hibernate: select character0_.character_id as characte1_6_0_, character0_.character_character_name as characte2_6_0_ from characters character0_ where character0_.character_id=?
Hibernate: select user0_.user_id as user_id1_21_0_, user0_.character_id as characte7_21_0_, user0_.user_created_at as user_cre2_21_0_, user0_.user_name as user_nam3_21_0_, user0_.user_phone_number as user_pho4_21_0_, user0_.user_user_id as user_use5_21_0_, user0_.user_user_password as user_use6_21_0_ from user user0_ where user0_.user_id=?
Hibernate: select character0_.character_id as characte1_6_0_, character0_.character_character_name as characte2_6_0_ from characters character0_ where character0_.character_id=?
Hibernate: select count(*) as col_0_0_ from user user0_ where user0_.user_id=?
Hibernate: select character1_.character_id as characte1_6_, character1_.character_character_name as characte2_6_ from user user0_ inner join characters character1_ on user0_.character_id=character1_.character_id where user0_.user_id=?
Hibernate: select permission0_.character_id as characte6_12_0_, permission0_.permission_id as permissi1_12_0_, permission0_.permission_id as permissi1_12_1_, permission0_.character_id as characte6_12_1_, permission0_.permission_name as permissi2_12_1_, permission0_.permission_permission_unit_id as permissi3_12_1_, permission0_.permission_service as permissi4_12_1_, permission0_.permission_status as permissi5_12_1_ from permission permission0_ where permission0_.character_id=?
Hibernate: select count(*) as col_0_0_ from user user0_ where user0_.user_id=?
Hibernate: select attendance0_.attendance_attendance_id as attendan1_1_, attendance0_.attendance_attendance_date as attendan2_1_, attendance0_.attendance_type_reward_id as attendan3_1_, attendance0_.attendance_user_attendance_user_id as attendan4_1_ from attendance attendance0_ cross join attendance_user attendance1_ where attendance0_.attendance_user_attendance_user_id=attendance1_.attendance_user_attendance_user_id and attendance1_.user_id=?
Hibernate: select attendance0_.attendance_type_reward_id as attendan1_2_0_, attendance0_.attendance_type_name as attendan2_2_0_, attendance0_.reward_tag_reward_tag_id as reward_t3_2_0_ from attendance_type_reward attendance0_ where attendance0_.attendance_type_reward_id=?
Hibernate: select attendance0_.attendance_user_attendance_user_id as attendan1_3_0_, attendance0_.user_id as user_id2_3_0_ from attendance_user attendance0_ where attendance0_.attendance_user_attendance_user_id=?
Hibernate: delete from attendance where attendance_user_attendance_user_id=?
Hibernate: delete from attendance_user where user_id=?
Hibernate: select user0_.user_id as col_0_0_ from user user0_ where user0_.user_user_id=? limit ?
Hibernate: select user0_.user_id as user_id1_21_, user0_.character_id as characte7_21_, user0_.user_created_at as user_cre2_21_, user0_.user_name as user_nam3_21_, user0_.user_phone_number as user_pho4_21_, user0_.user_user_id as user_use5_21_, user0_.user_user_password as user_use6_21_ from user user0_ inner join characters character1_ on user0_.character_id=character1_.character_id where user0_.user_user_id=?
Hibernate: select character0_.character_id as characte1_6_0_, character0_.character_character_name as characte2_6_0_ from characters character0_ where character0_.character_id=?
Hibernate: select rewardtagw0_.user_id as user_id4_16_0_, rewardtagw0_.reward_tag_wrapper_reward_id as reward_t1_16_0_, rewardtagw0_.reward_tag_wrapper_reward_id as reward_t1_16_1_, rewardtagw0_.reward_tag_wrapper_reward_presented_at as reward_t2_16_1_, rewardtagw0_.reward_tag_reward_tag_id as reward_t3_16_1_, rewardtagw0_.user_id as user_id4_16_1_ from reward_tag_wrapper rewardtagw0_ where rewardtagw0_.user_id=?
Hibernate: select user0_.user_id as col_0_0_ from user user0_ where user0_.user_user_id=? limit ?
Hibernate: select user0_.user_id as col_0_0_ from user user0_ where user0_.user_user_id=? limit ?
Hibernate: select U.* from USER U where U.USER_USER_ID =?
Hibernate: select character0_.character_id as characte1_6_0_, character0_.character_character_name as characte2_6_0_ from characters character0_ where character0_.character_id=?
Hibernate: select user0_.user_id as user_id1_21_0_, user0_.character_id as characte7_21_0_, user0_.user_created_at as user_cre2_21_0_, user0_.user_name as user_nam3_21_0_, user0_.user_phone_number as user_pho4_21_0_, user0_.user_user_id as user_use5_21_0_, user0_.user_user_password as user_use6_21_0_ from user user0_ where user0_.user_id=?
Hibernate: select character0_.character_id as characte1_6_0_, character0_.character_character_name as characte2_6_0_ from characters character0_ where character0_.character_id=?
Hibernate: select count(*) as col_0_0_ from user user0_ where user0_.user_id=?
Hibernate: select character1_.character_id as characte1_6_, character1_.character_character_name as characte2_6_ from user user0_ inner join characters character1_ on user0_.character_id=character1_.character_id where user0_.user_id=?
Hibernate: select permission0_.character_id as characte6_12_0_, permission0_.permission_id as permissi1_12_0_, permission0_.permission_id as permissi1_12_1_, permission0_.character_id as characte6_12_1_, permission0_.permission_name as permissi2_12_1_, permission0_.permission_permission_unit_id as permissi3_12_1_, permission0_.permission_service as permissi4_12_1_, permission0_.permission_status as permissi5_12_1_ from permission permission0_ where permission0_.character_id=?
Hibernate: select count(*) as col_0_0_ from user user0_ where user0_.user_id=?
Hibernate: select attendance0_.attendance_attendance_id as attendan1_1_, attendance0_.attendance_attendance_date as attendan2_1_, attendance0_.attendance_type_reward_id as attendan3_1_, attendance0_.attendance_user_attendance_user_id as attendan4_1_ from attendance attendance0_ cross join attendance_user attendance1_ where attendance0_.attendance_user_attendance_user_id=attendance1_.attendance_user_attendance_user_id and attendance1_.user_id=?
Hibernate: delete from attendance_user where user_id=?
Hibernate: select user0_.user_id as col_0_0_ from user user0_ where user0_.user_user_id=? limit ?
Hibernate: select user0_.user_id as col_0_0_ from user user0_ where user0_.user_user_id=? limit ?
Hibernate: select U.* from USER U where U.USER_USER_ID =?
Hibernate: select character0_.character_id as characte1_6_0_, character0_.character_character_name as characte2_6_0_ from characters character0_ where character0_.character_id=?
Hibernate: select user0_.user_id as col_0_0_ from user user0_ where user0_.user_user_id=? limit ?
Hibernate: select user0_.user_id as user_id1_21_, user0_.character_id as characte7_21_, user0_.user_created_at as user_cre2_21_, user0_.user_name as user_nam3_21_, user0_.user_phone_number as user_pho4_21_, user0_.user_user_id as user_use5_21_, user0_.user_user_password as user_use6_21_ from user user0_ inner join characters character1_ on user0_.character_id=character1_.character_id where user0_.user_user_id=?
Hibernate: select character0_.character_id as characte1_6_0_, character0_.character_character_name as characte2_6_0_ from characters character0_ where character0_.character_id=?
Hibernate: select rewardtagw0_.user_id as user_id4_16_0_, rewardtagw0_.reward_tag_wrapper_reward_id as reward_t1_16_0_, rewardtagw0_.reward_tag_wrapper_reward_id as reward_t1_16_1_, rewardtagw0_.reward_tag_wrapper_reward_presented_at as reward_t2_16_1_, rewardtagw0_.reward_tag_reward_tag_id as reward_t3_16_1_, rewardtagw0_.user_id as user_id4_16_1_ from reward_tag_wrapper rewardtagw0_ where rewardtagw0_.user_id=?
Hibernate: select user0_.user_id as user_id1_21_0_, user0_.character_id as characte7_21_0_, user0_.user_created_at as user_cre2_21_0_, user0_.user_name as user_nam3_21_0_, user0_.user_phone_number as user_pho4_21_0_, user0_.user_user_id as user_use5_21_0_, user0_.user_user_password as user_use6_21_0_ from user user0_ where user0_.user_id=?
Hibernate: select character0_.character_id as characte1_6_0_, character0_.character_character_name as characte2_6_0_ from characters character0_ where character0_.character_id=?
2023-06-27 23:51:02.246  INFO 92687 --- [lient-AsyncIO-1] AttendanceStompClient                    : Subscribe /topic/attendance-key
2023-06-27 23:51:02.246  INFO 92687 --- [    Test worker] o.w.a.a.socket.AttendanceStompClient     : Send message start attendance id "1"
Hibernate: select count(*) as col_0_0_ from user user0_ where user0_.user_id=?
Hibernate: select character1_.character_id as characte1_6_, character1_.character_character_name as characte2_6_ from user user0_ inner join characters character1_ on user0_.character_id=character1_.character_id where user0_.user_id=?
Hibernate: select permission0_.character_id as characte6_12_0_, permission0_.permission_id as permissi1_12_0_, permission0_.permission_id as permissi1_12_1_, permission0_.character_id as characte6_12_1_, permission0_.permission_name as permissi2_12_1_, permission0_.permission_permission_unit_id as permissi3_12_1_, permission0_.permission_service as permissi4_12_1_, permission0_.permission_status as permissi5_12_1_ from permission permission0_ where permission0_.character_id=?
2023-06-27 23:51:02.248  INFO 92687 --- [ient-AsyncIO-10] AttendanceStompClient                    : /topic/attendance-time reply "180"
2023-06-27 23:51:02.248  INFO 92687 --- [lient-AsyncIO-8] AttendanceStompClient                    : /topic/attendance-time reply "180"
2023-06-27 23:51:02.248  INFO 92687 --- [lient-AsyncIO-9] AttendanceStompClient                    : /topic/attendance-time reply "180"
2023-06-27 23:51:02.248  INFO 92687 --- [lient-AsyncIO-5] AttendanceStompClient                    : /topic/attendance-time reply "180"
2023-06-27 23:51:03.252  INFO 92687 --- [lient-AsyncIO-1] AttendanceStompClient                    : Subscribe /topic/attendance-time
2023-06-27 23:51:03.255  INFO 92687 --- [lient-AsyncIO-6] AttendanceStompClient                    : /topic/attendance-time reply "179"
2023-06-27 23:51:03.255  INFO 92687 --- [lient-AsyncIO-3] AttendanceStompClient                    : /topic/attendance-time reply "179"
2023-06-27 23:51:03.256  INFO 92687 --- [lient-AsyncIO-7] AttendanceStompClient                    : /topic/attendance-time reply "179"
2023-06-27 23:51:03.256  INFO 92687 --- [lient-AsyncIO-6] AttendanceStompClient                    : /topic/attendance-time reply "179"
2023-06-27 23:51:04.259  INFO 92687 --- [lient-AsyncIO-3] AttendanceStompClient                    : /topic/attendance-time reply "178"
2023-06-27 23:51:04.260  INFO 92687 --- [lient-AsyncIO-4] AttendanceStompClient                    : /topic/attendance-time reply "178"
2023-06-27 23:51:04.260  INFO 92687 --- [lient-AsyncIO-4] AttendanceStompClient                    : /topic/attendance-time reply "178"
2023-06-27 23:51:04.260  INFO 92687 --- [lient-AsyncIO-3] AttendanceStompClient                    : /topic/attendance-time reply "178"
2023-06-27 23:51:04.259  INFO 92687 --- [lient-AsyncIO-1] AttendanceStompClient                    : /topic/attendance-key reply "4354"
2023-06-27 23:51:04.262  INFO 92687 --- [lient-AsyncIO-1] AttendanceStompClient                    : /topic/attendance-time reply "178"
Hibernate: select user0_.user_id as user_id1_21_0_, user0_.character_id as characte7_21_0_, user0_.user_created_at as user_cre2_21_0_, user0_.user_name as user_nam3_21_0_, user0_.user_phone_number as user_pho4_21_0_, user0_.user_user_id as user_use5_21_0_, user0_.user_user_password as user_use6_21_0_ from user user0_ where user0_.user_id=?
Hibernate: select character0_.character_id as characte1_6_0_, character0_.character_character_name as characte2_6_0_ from characters character0_ where character0_.character_id=?
Hibernate: select count(*) as col_0_0_ from user user0_ where user0_.user_id=?
Hibernate: select character1_.character_id as characte1_6_, character1_.character_character_name as characte2_6_ from user user0_ inner join characters character1_ on user0_.character_id=character1_.character_id where user0_.user_id=?
Hibernate: select permission0_.character_id as characte6_12_0_, permission0_.permission_id as permissi1_12_0_, permission0_.permission_id as permissi1_12_1_, permission0_.character_id as characte6_12_1_, permission0_.permission_name as permissi2_12_1_, permission0_.permission_permission_unit_id as permissi3_12_1_, permission0_.permission_service as permissi4_12_1_, permission0_.permission_status as permissi5_12_1_ from permission permission0_ where permission0_.character_id=?
Hibernate: select count(*) as col_0_0_ from user user0_ where user0_.user_id=?
Hibernate: insert into attendance_user (attendance_user_attendance_user_id, user_id) values (default, ?)
Hibernate: select attendance0_.attendance_attendance_id as attendan1_1_, attendance0_.attendance_attendance_date as attendan2_1_, attendance0_.attendance_type_reward_id as attendan3_1_, attendance0_.attendance_user_attendance_user_id as attendan4_1_ from attendance attendance0_ where ?<=attendance0_.attendance_attendance_date and attendance0_.attendance_attendance_date<=?
Hibernate: select attendance0_.attendance_user_attendance_user_id as attendan1_3_, attendance0_.user_id as user_id2_3_ from attendance_user attendance0_
Hibernate: select attendance0_.attendance_type_reward_id as attendan1_2_, attendance0_.attendance_type_name as attendan2_2_, attendance0_.reward_tag_reward_tag_id as reward_t3_2_ from attendance_type_reward attendance0_ where attendance0_.attendance_type_name=?
Hibernate: insert into attendance (attendance_attendance_id, attendance_attendance_date, attendance_type_reward_id, attendance_user_attendance_user_id) values (default, ?, ?, ?)
Hibernate: select user0_.user_id as user_id1_21_0_, user0_.character_id as characte7_21_0_, user0_.user_created_at as user_cre2_21_0_, user0_.user_name as user_nam3_21_0_, user0_.user_phone_number as user_pho4_21_0_, user0_.user_user_id as user_use5_21_0_, user0_.user_user_password as user_use6_21_0_ from user user0_ where user0_.user_id=?
Hibernate: select character0_.character_id as characte1_6_0_, character0_.character_character_name as characte2_6_0_ from characters character0_ where character0_.character_id=?
Hibernate: select attendance0_.attendance_attendance_id as attendan1_1_, attendance0_.attendance_attendance_date as attendan2_1_, attendance0_.attendance_type_reward_id as attendan3_1_, attendance0_.attendance_user_attendance_user_id as attendan4_1_ from attendance attendance0_ where ?<=attendance0_.attendance_attendance_date and attendance0_.attendance_attendance_date<=?
Hibernate: select attendance0_.attendance_type_reward_id as attendan1_2_0_, attendance0_.attendance_type_name as attendan2_2_0_, attendance0_.reward_tag_reward_tag_id as reward_t3_2_0_ from attendance_type_reward attendance0_ where attendance0_.attendance_type_reward_id=?
Hibernate: select attendance0_.attendance_user_attendance_user_id as attendan1_3_0_, attendance0_.user_id as user_id2_3_0_ from attendance_user attendance0_ where attendance0_.attendance_user_attendance_user_id=?
Hibernate: select attendance0_.attendance_user_attendance_user_id as attendan1_3_, attendance0_.user_id as user_id2_3_ from attendance_user attendance0_
Hibernate: select attendance0_.attendance_attendance_id as attendan1_1_, attendance0_.attendance_attendance_date as attendan2_1_, attendance0_.attendance_type_reward_id as attendan3_1_, attendance0_.attendance_user_attendance_user_id as attendan4_1_ from attendance attendance0_ where ?<=attendance0_.attendance_attendance_date and attendance0_.attendance_attendance_date<=?
Hibernate: select attendance0_.attendance_user_attendance_user_id as attendan1_3_, attendance0_.user_id as user_id2_3_ from attendance_user attendance0_
Hibernate: select attendance0_.attendance_attendance_id as attendan1_1_, attendance0_.attendance_attendance_date as attendan2_1_, attendance0_.attendance_type_reward_id as attendan3_1_, attendance0_.attendance_user_attendance_user_id as attendan4_1_ from attendance attendance0_ cross join attendance_user attendance1_ where attendance0_.attendance_user_attendance_user_id=attendance1_.attendance_user_attendance_user_id and attendance1_.user_id=? and ?<=attendance0_.attendance_attendance_date and attendance0_.attendance_attendance_date<=?
Hibernate: select attendance0_.attendance_attendance_id as attendan1_1_, attendance0_.attendance_attendance_date as attendan2_1_, attendance0_.attendance_type_reward_id as attendan3_1_, attendance0_.attendance_user_attendance_user_id as attendan4_1_ from attendance attendance0_ where ?<=attendance0_.attendance_attendance_date and attendance0_.attendance_attendance_date<=?
Hibernate: select attendance0_.attendance_user_attendance_user_id as attendan1_3_, attendance0_.user_id as user_id2_3_ from attendance_user attendance0_
Hibernate: select attendance0_.attendance_attendance_id as attendan1_1_, attendance0_.attendance_attendance_date as attendan2_1_, attendance0_.attendance_type_reward_id as attendan3_1_, attendance0_.attendance_user_attendance_user_id as attendan4_1_ from attendance attendance0_ where ?<=attendance0_.attendance_attendance_date and attendance0_.attendance_attendance_date<=?
Hibernate: select attendance0_.attendance_user_attendance_user_id as attendan1_3_, attendance0_.user_id as user_id2_3_ from attendance_user attendance0_
Hibernate: select attendance0_.attendance_attendance_id as attendan1_1_, attendance0_.attendance_attendance_date as attendan2_1_, attendance0_.attendance_type_reward_id as attendan3_1_, attendance0_.attendance_user_attendance_user_id as attendan4_1_ from attendance attendance0_ cross join attendance_user attendance1_ where attendance0_.attendance_user_attendance_user_id=attendance1_.attendance_user_attendance_user_id and attendance1_.user_id=? and ?<=attendance0_.attendance_attendance_date and attendance0_.attendance_attendance_date<=?
Hibernate: select user0_.user_id as col_0_0_ from user user0_ where user0_.user_user_id=? limit ?
Hibernate: select user0_.user_id as user_id1_21_, user0_.character_id as characte7_21_, user0_.user_created_at as user_cre2_21_, user0_.user_name as user_nam3_21_, user0_.user_phone_number as user_pho4_21_, user0_.user_user_id as user_use5_21_, user0_.user_user_password as user_use6_21_ from user user0_ inner join characters character1_ on user0_.character_id=character1_.character_id where user0_.user_user_id=?
Hibernate: select character0_.character_id as characte1_6_0_, character0_.character_character_name as characte2_6_0_ from characters character0_ where character0_.character_id=?
Hibernate: select rewardtagw0_.user_id as user_id4_16_0_, rewardtagw0_.reward_tag_wrapper_reward_id as reward_t1_16_0_, rewardtagw0_.reward_tag_wrapper_reward_id as reward_t1_16_1_, rewardtagw0_.reward_tag_wrapper_reward_presented_at as reward_t2_16_1_, rewardtagw0_.reward_tag_reward_tag_id as reward_t3_16_1_, rewardtagw0_.user_id as user_id4_16_1_ from reward_tag_wrapper rewardtagw0_ where rewardtagw0_.user_id=?
Hibernate: select user0_.user_id as col_0_0_ from user user0_ where user0_.user_user_id=? limit ?
Hibernate: select user0_.user_id as col_0_0_ from user user0_ where user0_.user_user_id=? limit ?
Hibernate: select U.* from USER U where U.USER_USER_ID =?
Hibernate: select character0_.character_id as characte1_6_0_, character0_.character_character_name as characte2_6_0_ from characters character0_ where character0_.character_id=?
Hibernate: select user0_.user_id as user_id1_21_0_, user0_.character_id as characte7_21_0_, user0_.user_created_at as user_cre2_21_0_, user0_.user_name as user_nam3_21_0_, user0_.user_phone_number as user_pho4_21_0_, user0_.user_user_id as user_use5_21_0_, user0_.user_user_password as user_use6_21_0_ from user user0_ where user0_.user_id=?
Hibernate: select character0_.character_id as characte1_6_0_, character0_.character_character_name as characte2_6_0_ from characters character0_ where character0_.character_id=?
Hibernate: select count(*) as col_0_0_ from user user0_ where user0_.user_id=?
Hibernate: select character1_.character_id as characte1_6_, character1_.character_character_name as characte2_6_ from user user0_ inner join characters character1_ on user0_.character_id=character1_.character_id where user0_.user_id=?
Hibernate: select permission0_.character_id as characte6_12_0_, permission0_.permission_id as permissi1_12_0_, permission0_.permission_id as permissi1_12_1_, permission0_.character_id as characte6_12_1_, permission0_.permission_name as permissi2_12_1_, permission0_.permission_permission_unit_id as permissi3_12_1_, permission0_.permission_service as permissi4_12_1_, permission0_.permission_status as permissi5_12_1_ from permission permission0_ where permission0_.character_id=?
Hibernate: select count(*) as col_0_0_ from user user0_ where user0_.user_id=?
Hibernate: select attendance0_.attendance_attendance_id as attendan1_1_, attendance0_.attendance_attendance_date as attendan2_1_, attendance0_.attendance_type_reward_id as attendan3_1_, attendance0_.attendance_user_attendance_user_id as attendan4_1_ from attendance attendance0_ cross join attendance_user attendance1_ where attendance0_.attendance_user_attendance_user_id=attendance1_.attendance_user_attendance_user_id and attendance1_.user_id=?
Hibernate: select attendance0_.attendance_type_reward_id as attendan1_2_0_, attendance0_.attendance_type_name as attendan2_2_0_, attendance0_.reward_tag_reward_tag_id as reward_t3_2_0_ from attendance_type_reward attendance0_ where attendance0_.attendance_type_reward_id=?
Hibernate: select attendance0_.attendance_user_attendance_user_id as attendan1_3_0_, attendance0_.user_id as user_id2_3_0_ from attendance_user attendance0_ where attendance0_.attendance_user_attendance_user_id=?
Hibernate: delete from attendance where attendance_user_attendance_user_id=?
Hibernate: delete from attendance_user where user_id=?
]]></system-out>
  <system-err><![CDATA[]]></system-err>
</testsuite>
