<?xml version="1.0" encoding="UTF-8"?>
<testsuite name="org.waldreg.acceptance.board.BoardAcceptanceTest" tests="69" skipped="0" failures="0" errors="0" timestamp="2023-06-27T14:51:05" hostname="xb-apple.local" time="2.197">
  <properties/>
  <testcase name="게시글 검색 성공 - 제목으로 검색, 1~2개" classname="org.waldreg.acceptance.board.BoardAcceptanceTest" time="0.132"/>
  <testcase name="게시글 생성 성공(json과 파일 포함)" classname="org.waldreg.acceptance.board.BoardAcceptanceTest" time="0.035"/>
  <testcase name="전체 게시글 조회 성공 -json" classname="org.waldreg.acceptance.board.BoardAcceptanceTest" time="0.046"/>
  <testcase name="전체 게시글 조회 실패 - 없는 카테고리 아이디" classname="org.waldreg.acceptance.board.BoardAcceptanceTest" time="0.045"/>
  <testcase name="전체 게시글 조회 성공 -json from 1, to 2" classname="org.waldreg.acceptance.board.BoardAcceptanceTest" time="0.038"/>
  <testcase name="특정 게시글 수정 성공 - json 본문만 수정" classname="org.waldreg.acceptance.board.BoardAcceptanceTest" time="0.042"/>
  <testcase name="특정 카테고리 조회 실패 테스트 - 잘못된 category id" classname="org.waldreg.acceptance.board.BoardAcceptanceTest" time="0.019"/>
  <testcase name="게시글 생성 성공(이미지,파일 포함)" classname="org.waldreg.acceptance.board.BoardAcceptanceTest" time="0.027"/>
  <testcase name="게시글 생성 성공(이미지,파일 여러개)" classname="org.waldreg.acceptance.board.BoardAcceptanceTest" time="0.033"/>
  <testcase name="카테고리 수정 성공" classname="org.waldreg.acceptance.board.BoardAcceptanceTest" time="0.022"/>
  <testcase name="이미지 불러오기 테스트" classname="org.waldreg.acceptance.board.BoardAcceptanceTest" time="0.056"/>
  <testcase name="특정 게시글 수정 성공 - json, 이미지 수정" classname="org.waldreg.acceptance.board.BoardAcceptanceTest" time="0.037"/>
  <testcase name="특정 게시글의 리액션 실패 - 없는 반응 타입" classname="org.waldreg.acceptance.board.BoardAcceptanceTest" time="0.035"/>
  <testcase name="특정 게시글 수정 실패 - 없는 아이디" classname="org.waldreg.acceptance.board.BoardAcceptanceTest" time="0.043"/>
  <testcase name="특정 게시글 수정 성공 - json, 파일수정" classname="org.waldreg.acceptance.board.BoardAcceptanceTest" time="0.033"/>
  <testcase name="특정 게시글 삭제 성공" classname="org.waldreg.acceptance.board.BoardAcceptanceTest" time="0.033"/>
  <testcase name="특정 게시글 강제 삭제 성공" classname="org.waldreg.acceptance.board.BoardAcceptanceTest" time="0.025"/>
  <testcase name="특정 게시글 조회 성공 - json 객체만" classname="org.waldreg.acceptance.board.BoardAcceptanceTest" time="0.03"/>
  <testcase name="특정 게시글 조회 성공 - 이미지, 파일 포함" classname="org.waldreg.acceptance.board.BoardAcceptanceTest" time="0.028"/>
  <testcase name="특정 게시글 조회 실패 - 없는 게시글 id" classname="org.waldreg.acceptance.board.BoardAcceptanceTest" time="0.028"/>
  <testcase name="특정 게시글에 댓글 작성 실패 - 내용이 1000자를 넘어가는 경우" classname="org.waldreg.acceptance.board.BoardAcceptanceTest" time="0.032"/>
  <testcase name="게시글 생성 실패 - 게시글 제목이 빈 제목일 경우" classname="org.waldreg.acceptance.board.BoardAcceptanceTest" time="0.017"/>
  <testcase name="새로운 카테고리 생성 실패 - 권한 없는 사람의 생성 시도" classname="org.waldreg.acceptance.board.BoardAcceptanceTest" time="0.016"/>
  <testcase name="게시글 검색 실패 - 검색하려는 범위가 잘못되었을때" classname="org.waldreg.acceptance.board.BoardAcceptanceTest" time="0.019"/>
  <testcase name="파일 다운로드 테스트 성공" classname="org.waldreg.acceptance.board.BoardAcceptanceTest" time="0.034"/>
  <testcase name="전체 게시글 조회 실패 - 올바르지 않은 범위" classname="org.waldreg.acceptance.board.BoardAcceptanceTest" time="0.032"/>
  <testcase name="특정 게시글 수정 실패 - 권한이 없는 경우" classname="org.waldreg.acceptance.board.BoardAcceptanceTest" time="0.035"/>
  <testcase name="특정 게시글의 댓글 조회 실패 - 잘못된 범위" classname="org.waldreg.acceptance.board.BoardAcceptanceTest" time="0.029"/>
  <testcase name="특정 게시글의 댓글 삭제 성공" classname="org.waldreg.acceptance.board.BoardAcceptanceTest" time="0.039"/>
  <testcase name="게시글 검색 성공 - 작성자로 검색, 1~2개" classname="org.waldreg.acceptance.board.BoardAcceptanceTest" time="0.028"/>
  <testcase name="전체 카테고리 조회 성공" classname="org.waldreg.acceptance.board.BoardAcceptanceTest" time="0.016"/>
  <testcase name="특정 게시글의 리액션 성공" classname="org.waldreg.acceptance.board.BoardAcceptanceTest" time="0.027"/>
  <testcase name="파일 다운로드 테스트 실패 - 없는 파일 아이디" classname="org.waldreg.acceptance.board.BoardAcceptanceTest" time="0.023"/>
  <testcase name="특정 게시글 삭제 실패 - 작성자가 아닌 유저" classname="org.waldreg.acceptance.board.BoardAcceptanceTest" time="0.034"/>
  <testcase name="게시글 생성 성공(json 객체만)" classname="org.waldreg.acceptance.board.BoardAcceptanceTest" time="0.019"/>
  <testcase name="특정 게시글의 댓글 조회 실패 - 권한이 없는 경우" classname="org.waldreg.acceptance.board.BoardAcceptanceTest" time="0.03"/>
  <testcase name="카테고리 수정 후 전체 게시글 조회 성공 - 카테고리, json, from 1, to 2" classname="org.waldreg.acceptance.board.BoardAcceptanceTest" time="0.036"/>
  <testcase name="게시글 검색 성공 - 내용으로 검색, 1~2개" classname="org.waldreg.acceptance.board.BoardAcceptanceTest" time="0.033"/>
  <testcase name="이미지 불러오기 테스트 실패 - 권한이 없는 경우" classname="org.waldreg.acceptance.board.BoardAcceptanceTest" time="0.031"/>
  <testcase name="특정 게시글의 댓글 조회 실패 - 없는 게시글 아이디" classname="org.waldreg.acceptance.board.BoardAcceptanceTest" time="0.025"/>
  <testcase name="특정 카테고리 삭제 성공" classname="org.waldreg.acceptance.board.BoardAcceptanceTest" time="0.015"/>
  <testcase name="카테고리 수정 실패 - 카테고리 이름이 중복인 경우" classname="org.waldreg.acceptance.board.BoardAcceptanceTest" time="0.015"/>
  <testcase name="특정 게시글의 댓글 삭제 실패 - 없는 댓글 아이디" classname="org.waldreg.acceptance.board.BoardAcceptanceTest" time="0.029"/>
  <testcase name="게시글 생성 성공(json과 이미지 포함)" classname="org.waldreg.acceptance.board.BoardAcceptanceTest" time="0.026"/>
  <testcase name="특정 카테고리 삭제 실패 - 권한이 없는 유저" classname="org.waldreg.acceptance.board.BoardAcceptanceTest" time="0.019"/>
  <testcase name="특정 게시글의 리액션 수정 성공" classname="org.waldreg.acceptance.board.BoardAcceptanceTest" time="0.072"/>
  <testcase name="새로운 카테고리 생성 실패 - 중복된 카테고리 이름" classname="org.waldreg.acceptance.board.BoardAcceptanceTest" time="0.013"/>
  <testcase name="특정 게시글의 리액션 실패 - 없는 게시글 아이디" classname="org.waldreg.acceptance.board.BoardAcceptanceTest" time="0.038"/>
  <testcase name="게시글 검색 실패 - 검색하려는 타입이 잘못되었을때" classname="org.waldreg.acceptance.board.BoardAcceptanceTest" time="0.032"/>
  <testcase name="특정 게시글의 댓글 수정 실패 - 1000자를 넘는 경우" classname="org.waldreg.acceptance.board.BoardAcceptanceTest" time="0.027"/>
  <testcase name="특정 게시글 수정 성공" classname="org.waldreg.acceptance.board.BoardAcceptanceTest" time="0.035"/>
  <testcase name="새로운 카테고리 생성 실패 - 빈 카테고리명" classname="org.waldreg.acceptance.board.BoardAcceptanceTest" time="0.013"/>
  <testcase name="특정 게시글에 댓글 작성 성공" classname="org.waldreg.acceptance.board.BoardAcceptanceTest" time="0.034"/>
  <testcase name="특정 게시글의 댓글 수정 성공" classname="org.waldreg.acceptance.board.BoardAcceptanceTest" time="0.033"/>
  <testcase name="이미지 불러오기 테스트 실패 - 없는 이미지 아이디" classname="org.waldreg.acceptance.board.BoardAcceptanceTest" time="0.024"/>
  <testcase name="특정 게시글의 댓글 수정 실패 - 댓글 아이디가 없는 경우" classname="org.waldreg.acceptance.board.BoardAcceptanceTest" time="0.026"/>
  <testcase name="새로운 카테고리 생성 성공" classname="org.waldreg.acceptance.board.BoardAcceptanceTest" time="0.012"/>
  <testcase name="전체 게시글 조회 성공 -카테고리, json" classname="org.waldreg.acceptance.board.BoardAcceptanceTest" time="0.031"/>
  <testcase name="카테고리 수정 실패 - 권한이 없는 경우" classname="org.waldreg.acceptance.board.BoardAcceptanceTest" time="0.02"/>
  <testcase name="특정 게시글에 댓글 작성 실패 - 권한이 없는 경우" classname="org.waldreg.acceptance.board.BoardAcceptanceTest" time="0.037"/>
  <testcase name="카테고리 수정 실패 - 카테고리 이름이 공백인 경우" classname="org.waldreg.acceptance.board.BoardAcceptanceTest" time="0.017"/>
  <testcase name="특정 게시글의 리액션 취소 성공" classname="org.waldreg.acceptance.board.BoardAcceptanceTest" time="0.034"/>
  <testcase name="특정 카테고리 조회 성공 테스트" classname="org.waldreg.acceptance.board.BoardAcceptanceTest" time="0.015"/>
  <testcase name="특정 게시글의 댓글 조회 성공 - 0~1 인덱스 댓글 조회" classname="org.waldreg.acceptance.board.BoardAcceptanceTest" time="0.033"/>
  <testcase name="게시글 생성 성공(이미지,파일 포함 : pdf)" classname="org.waldreg.acceptance.board.BoardAcceptanceTest" time="0.036"/>
  <testcase name="특정 게시글의 리액션 실패 - 권한이 없는 경우" classname="org.waldreg.acceptance.board.BoardAcceptanceTest" time="0.044"/>
  <testcase name="전체 게시글 조회 성공 - 카테고리, json, from 1, to 2" classname="org.waldreg.acceptance.board.BoardAcceptanceTest" time="0.035"/>
  <testcase name="특정 게시글의 댓글 삭제 실패 - 권한 없을때" classname="org.waldreg.acceptance.board.BoardAcceptanceTest" time="0.041"/>
  <testcase name="파일 다운로드 테스트 실패 - 권한이 없는 경우" classname="org.waldreg.acceptance.board.BoardAcceptanceTest" time="0.034"/>
  <system-out><![CDATA[2023-06-27 23:51:05.334  INFO 92687 --- [    Test worker] .b.t.c.SpringBootTestContextBootstrapper : Neither @ContextConfiguration nor @ContextHierarchy found for test class [org.waldreg.acceptance.board.BoardAcceptanceTest], using SpringBootContextLoader
2023-06-27 23:51:05.334  INFO 92687 --- [    Test worker] o.s.t.c.support.AbstractContextLoader    : Could not detect default resource locations for test class [org.waldreg.acceptance.board.BoardAcceptanceTest]: no resource found for suffixes {-context.xml, Context.groovy}.
2023-06-27 23:51:05.334  INFO 92687 --- [    Test worker] t.c.s.AnnotationConfigContextLoaderUtils : Could not detect default configuration classes for test class [org.waldreg.acceptance.board.BoardAcceptanceTest]: BoardAcceptanceTest does not declare any static, non-private, non-final, nested classes annotated with @Configuration.
2023-06-27 23:51:05.336  INFO 92687 --- [    Test worker] .b.t.c.SpringBootTestContextBootstrapper : Found @SpringBootConfiguration org.waldreg.Application for test class org.waldreg.acceptance.board.BoardAcceptanceTest
2023-06-27 23:51:05.337  INFO 92687 --- [    Test worker] .b.t.c.SpringBootTestContextBootstrapper : Loaded default TestExecutionListener class names from location [META-INF/spring.factories]: [org.springframework.boot.test.autoconfigure.restdocs.RestDocsTestExecutionListener, org.springframework.boot.test.autoconfigure.web.client.MockRestServiceServerResetTestExecutionListener, org.springframework.boot.test.autoconfigure.web.servlet.MockMvcPrintOnlyOnFailureTestExecutionListener, org.springframework.boot.test.autoconfigure.web.servlet.WebDriverTestExecutionListener, org.springframework.boot.test.autoconfigure.webservices.client.MockWebServiceServerTestExecutionListener, org.springframework.boot.test.mock.mockito.MockitoTestExecutionListener, org.springframework.boot.test.mock.mockito.ResetMocksTestExecutionListener, org.springframework.test.context.web.ServletTestExecutionListener, org.springframework.test.context.support.DirtiesContextBeforeModesTestExecutionListener, org.springframework.test.context.event.ApplicationEventsTestExecutionListener, org.springframework.test.context.support.DependencyInjectionTestExecutionListener, org.springframework.test.context.support.DirtiesContextTestExecutionListener, org.springframework.test.context.transaction.TransactionalTestExecutionListener, org.springframework.test.context.jdbc.SqlScriptsTestExecutionListener, org.springframework.test.context.event.EventPublishingTestExecutionListener]
2023-06-27 23:51:05.337  INFO 92687 --- [    Test worker] .b.t.c.SpringBootTestContextBootstrapper : Using TestExecutionListeners: [org.springframework.test.context.web.ServletTestExecutionListener@2841bdfa, org.springframework.test.context.support.DirtiesContextBeforeModesTestExecutionListener@54dc2b89, org.springframework.test.context.event.ApplicationEventsTestExecutionListener@1fe5bc11, org.springframework.boot.test.mock.mockito.MockitoTestExecutionListener@2adf9cd2, org.springframework.boot.test.autoconfigure.SpringBootDependencyInjectionTestExecutionListener@fd44a1e, org.springframework.test.context.support.DirtiesContextTestExecutionListener@3a61a80e, org.springframework.test.context.transaction.TransactionalTestExecutionListener@8d69e67, org.springframework.test.context.jdbc.SqlScriptsTestExecutionListener@5eb9baa3, org.springframework.test.context.event.EventPublishingTestExecutionListener@73909fd0, org.springframework.boot.test.autoconfigure.restdocs.RestDocsTestExecutionListener@44866874, org.springframework.boot.test.autoconfigure.web.client.MockRestServiceServerResetTestExecutionListener@789fe325, org.springframework.boot.test.autoconfigure.web.servlet.MockMvcPrintOnlyOnFailureTestExecutionListener@6be02237, org.springframework.boot.test.autoconfigure.web.servlet.WebDriverTestExecutionListener@1c795e84, org.springframework.boot.test.autoconfigure.webservices.client.MockWebServiceServerTestExecutionListener@6bcb40b7, org.springframework.boot.test.mock.mockito.ResetMocksTestExecutionListener@6cca1020]
Hibernate: select user0_.user_id as col_0_0_ from user user0_ where user0_.user_user_id=? limit ?
Hibernate: select user0_.user_id as col_0_0_ from user user0_ where user0_.user_user_id=? limit ?
Hibernate: select U.* from USER U where U.USER_USER_ID =?
Hibernate: select character0_.character_id as characte1_6_0_, character0_.character_character_name as characte2_6_0_ from characters character0_ where character0_.character_id=?
Hibernate: select user0_.user_id as user_id1_21_0_, user0_.character_id as characte7_21_0_, user0_.user_created_at as user_cre2_21_0_, user0_.user_name as user_nam3_21_0_, user0_.user_phone_number as user_pho4_21_0_, user0_.user_user_id as user_use5_21_0_, user0_.user_user_password as user_use6_21_0_ from user user0_ where user0_.user_id=?
Hibernate: select character0_.character_id as characte1_6_0_, character0_.character_character_name as characte2_6_0_ from characters character0_ where character0_.character_id=?
Hibernate: select count(*) as col_0_0_ from board board0_
Hibernate: select count(*) as col_0_0_ from board board0_
Hibernate: select user0_.user_id as col_0_0_ from user user0_ where user0_.user_user_id=? limit ?
Hibernate: select user0_.user_id as col_0_0_ from user user0_ where user0_.user_user_id=? limit ?
Hibernate: select U.* from USER U where U.USER_USER_ID =?
Hibernate: select character0_.character_id as characte1_6_0_, character0_.character_character_name as characte2_6_0_ from characters character0_ where character0_.character_id=?
Hibernate: select user0_.user_id as user_id1_21_0_, user0_.character_id as characte7_21_0_, user0_.user_created_at as user_cre2_21_0_, user0_.user_name as user_nam3_21_0_, user0_.user_phone_number as user_pho4_21_0_, user0_.user_user_id as user_use5_21_0_, user0_.user_user_password as user_use6_21_0_ from user user0_ where user0_.user_id=?
Hibernate: select character0_.character_id as characte1_6_0_, character0_.character_character_name as characte2_6_0_ from characters character0_ where character0_.character_id=?
Hibernate: select category0_.category_id as category1_5_, category0_.category_name as category2_5_ from category category0_
Hibernate: select user0_.user_id as user_id1_21_0_, user0_.character_id as characte7_21_0_, user0_.user_created_at as user_cre2_21_0_, user0_.user_name as user_nam3_21_0_, user0_.user_phone_number as user_pho4_21_0_, user0_.user_user_id as user_use5_21_0_, user0_.user_user_password as user_use6_21_0_ from user user0_ where user0_.user_id=?
Hibernate: select character0_.character_id as characte1_6_0_, character0_.character_character_name as characte2_6_0_ from characters character0_ where character0_.character_id=?
Hibernate: select count(*) as col_0_0_ from user user0_ where user0_.user_id=?
Hibernate: select character1_.character_id as characte1_6_, character1_.character_character_name as characte2_6_ from user user0_ inner join characters character1_ on user0_.character_id=character1_.character_id where user0_.user_id=?
Hibernate: select permission0_.character_id as characte6_12_0_, permission0_.permission_id as permissi1_12_0_, permission0_.permission_id as permissi1_12_1_, permission0_.character_id as characte6_12_1_, permission0_.permission_name as permissi2_12_1_, permission0_.permission_permission_unit_id as permissi3_12_1_, permission0_.permission_service as permissi4_12_1_, permission0_.permission_status as permissi5_12_1_ from permission permission0_ where permission0_.character_id=?
Hibernate: select category0_.category_id as col_0_0_ from category category0_ where category0_.category_name=? limit ?
Hibernate: select category0_.category_id as category1_5_1_, category0_.category_name as category2_5_1_, boardlist1_.category_id as category7_4_3_, boardlist1_.board_id as board_id1_4_3_, boardlist1_.board_id as board_id1_4_0_, boardlist1_.category_id as category7_4_0_, boardlist1_.board_content as board_co2_4_0_, boardlist1_.board_created_at as board_cr3_4_0_, boardlist1_.board_last_modified_at as board_la4_4_0_, boardlist1_.board_title as board_ti5_4_0_, boardlist1_.user_id as user_id8_4_0_, boardlist1_.board_views as board_vi6_4_0_ from category category0_ left outer join board boardlist1_ on category0_.category_id=boardlist1_.category_id where category0_.category_id=?
Hibernate: insert into category (category_id, category_name) values (default, ?)
Hibernate: select user0_.user_id as user_id1_21_0_, user0_.character_id as characte7_21_0_, user0_.user_created_at as user_cre2_21_0_, user0_.user_name as user_nam3_21_0_, user0_.user_phone_number as user_pho4_21_0_, user0_.user_user_id as user_use5_21_0_, user0_.user_user_password as user_use6_21_0_ from user user0_ where user0_.user_id=?
Hibernate: select character0_.character_id as characte1_6_0_, character0_.character_character_name as characte2_6_0_ from characters character0_ where character0_.character_id=?
Hibernate: select count(*) as col_0_0_ from user user0_ where user0_.user_id=?
Hibernate: select character1_.character_id as characte1_6_, character1_.character_character_name as characte2_6_ from user user0_ inner join characters character1_ on user0_.character_id=character1_.character_id where user0_.user_id=?
Hibernate: select permission0_.character_id as characte6_12_0_, permission0_.permission_id as permissi1_12_0_, permission0_.permission_id as permissi1_12_1_, permission0_.character_id as characte6_12_1_, permission0_.permission_name as permissi2_12_1_, permission0_.permission_permission_unit_id as permissi3_12_1_, permission0_.permission_service as permissi4_12_1_, permission0_.permission_status as permissi5_12_1_ from permission permission0_ where permission0_.character_id=?
Hibernate: select category0_.category_id as col_0_0_ from category category0_ where category0_.category_name=? limit ?
Hibernate: select category0_.category_id as category1_5_1_, category0_.category_name as category2_5_1_, boardlist1_.category_id as category7_4_3_, boardlist1_.board_id as board_id1_4_3_, boardlist1_.board_id as board_id1_4_0_, boardlist1_.category_id as category7_4_0_, boardlist1_.board_content as board_co2_4_0_, boardlist1_.board_created_at as board_cr3_4_0_, boardlist1_.board_last_modified_at as board_la4_4_0_, boardlist1_.board_title as board_ti5_4_0_, boardlist1_.user_id as user_id8_4_0_, boardlist1_.board_views as board_vi6_4_0_ from category category0_ left outer join board boardlist1_ on category0_.category_id=boardlist1_.category_id where category0_.category_id=?
Hibernate: insert into category (category_id, category_name) values (default, ?)
Hibernate: select user0_.user_id as col_0_0_ from user user0_ where user0_.user_user_id=? limit ?
Hibernate: select user0_.user_id as col_0_0_ from user user0_ where user0_.user_user_id=? limit ?
Hibernate: select U.* from USER U where U.USER_USER_ID =?
Hibernate: select character0_.character_id as characte1_6_0_, character0_.character_character_name as characte2_6_0_ from characters character0_ where character0_.character_id=?
Hibernate: select user0_.user_id as col_0_0_ from user user0_ where user0_.user_user_id=? limit ?
Hibernate: select user0_.user_id as col_0_0_ from user user0_ where user0_.user_user_id=? limit ?
Hibernate: select U.* from USER U where U.USER_USER_ID =?
Hibernate: select character0_.character_id as characte1_6_0_, character0_.character_character_name as characte2_6_0_ from characters character0_ where character0_.character_id=?
Hibernate: select user0_.user_id as col_0_0_ from user user0_ where user0_.user_user_id=? limit ?
Hibernate: select userjoinin0_.user_joining_pool_id as col_0_0_ from user_joining_pool userjoinin0_ where userjoinin0_.user_user_id=? limit ?
Hibernate: select character0_.character_id as col_0_0_ from characters character0_ where character0_.character_character_name=? limit ?
Hibernate: insert into user_joining_pool (user_joining_pool_id, user_created_at, user_name, user_phone_number, user_user_id, user_user_password) values (default, ?, ?, ?, ?, ?)
Hibernate: select user0_.user_id as user_id1_21_0_, user0_.character_id as characte7_21_0_, user0_.user_created_at as user_cre2_21_0_, user0_.user_name as user_nam3_21_0_, user0_.user_phone_number as user_pho4_21_0_, user0_.user_user_id as user_use5_21_0_, user0_.user_user_password as user_use6_21_0_ from user user0_ where user0_.user_id=?
Hibernate: select character0_.character_id as characte1_6_0_, character0_.character_character_name as characte2_6_0_ from characters character0_ where character0_.character_id=?
Hibernate: select count(*) as col_0_0_ from user user0_ where user0_.user_id=?
Hibernate: select character1_.character_id as characte1_6_, character1_.character_character_name as characte2_6_ from user user0_ inner join characters character1_ on user0_.character_id=character1_.character_id where user0_.user_id=?
Hibernate: select permission0_.character_id as characte6_12_0_, permission0_.permission_id as permissi1_12_0_, permission0_.permission_id as permissi1_12_1_, permission0_.character_id as characte6_12_1_, permission0_.permission_name as permissi2_12_1_, permission0_.permission_permission_unit_id as permissi3_12_1_, permission0_.permission_service as permissi4_12_1_, permission0_.permission_status as permissi5_12_1_ from permission permission0_ where permission0_.character_id=?
Hibernate: select userjoinin0_.user_joining_pool_id as col_0_0_ from user_joining_pool userjoinin0_ where userjoinin0_.user_user_id=? limit ?
Hibernate: select userjoinin0_.user_joining_pool_id as user_joi1_22_, userjoinin0_.user_created_at as user_cre2_22_, userjoinin0_.user_name as user_nam3_22_, userjoinin0_.user_phone_number as user_pho4_22_, userjoinin0_.user_user_id as user_use5_22_, userjoinin0_.user_user_password as user_use6_22_ from user_joining_pool userjoinin0_ where userjoinin0_.user_user_id=?
Hibernate: select character0_.character_id as characte1_6_, character0_.character_character_name as characte2_6_ from characters character0_ where character0_.character_character_name=?
Hibernate: insert into user (user_id, character_id, user_created_at, user_name, user_phone_number, user_user_id, user_user_password) values (default, ?, ?, ?, ?, ?, ?)
Hibernate: DELETE FROM USER_JOINING_POOL as JU where JU.USER_USER_ID =?
Hibernate: select user0_.user_id as col_0_0_ from user user0_ where user0_.user_user_id=? limit ?
Hibernate: select user0_.user_id as col_0_0_ from user user0_ where user0_.user_user_id=? limit ?
Hibernate: select U.* from USER U where U.USER_USER_ID =?
Hibernate: select character0_.character_id as characte1_6_0_, character0_.character_character_name as characte2_6_0_ from characters character0_ where character0_.character_id=?
Hibernate: select user0_.user_id as user_id1_21_0_, user0_.character_id as characte7_21_0_, user0_.user_created_at as user_cre2_21_0_, user0_.user_name as user_nam3_21_0_, user0_.user_phone_number as user_pho4_21_0_, user0_.user_user_id as user_use5_21_0_, user0_.user_user_password as user_use6_21_0_ from user user0_ where user0_.user_id=?
Hibernate: select character0_.character_id as characte1_6_0_, character0_.character_character_name as characte2_6_0_ from characters character0_ where character0_.character_id=?
Hibernate: select category0_.category_id as category1_5_, category0_.category_name as category2_5_ from category category0_
Hibernate: select boardlist0_.category_id as category7_4_0_, boardlist0_.board_id as board_id1_4_0_, boardlist0_.board_id as board_id1_4_1_, boardlist0_.category_id as category7_4_1_, boardlist0_.board_content as board_co2_4_1_, boardlist0_.board_created_at as board_cr3_4_1_, boardlist0_.board_last_modified_at as board_la4_4_1_, boardlist0_.board_title as board_ti5_4_1_, boardlist0_.user_id as user_id8_4_1_, boardlist0_.board_views as board_vi6_4_1_ from board boardlist0_ where boardlist0_.category_id=?
Hibernate: select boardlist0_.category_id as category7_4_0_, boardlist0_.board_id as board_id1_4_0_, boardlist0_.board_id as board_id1_4_1_, boardlist0_.category_id as category7_4_1_, boardlist0_.board_content as board_co2_4_1_, boardlist0_.board_created_at as board_cr3_4_1_, boardlist0_.board_last_modified_at as board_la4_4_1_, boardlist0_.board_title as board_ti5_4_1_, boardlist0_.user_id as user_id8_4_1_, boardlist0_.board_views as board_vi6_4_1_ from board boardlist0_ where boardlist0_.category_id=?
Hibernate: select user0_.user_id as col_0_0_ from user user0_ where user0_.user_user_id=? limit ?
Hibernate: select user0_.user_id as col_0_0_ from user user0_ where user0_.user_user_id=? limit ?
Hibernate: select U.* from USER U where U.USER_USER_ID =?
Hibernate: select character0_.character_id as characte1_6_0_, character0_.character_character_name as characte2_6_0_ from characters character0_ where character0_.character_id=?
Hibernate: select user0_.user_id as user_id1_21_0_, user0_.character_id as characte7_21_0_, user0_.user_created_at as user_cre2_21_0_, user0_.user_name as user_nam3_21_0_, user0_.user_phone_number as user_pho4_21_0_, user0_.user_user_id as user_use5_21_0_, user0_.user_user_password as user_use6_21_0_ from user user0_ where user0_.user_id=?
Hibernate: select character0_.character_id as characte1_6_0_, character0_.character_character_name as characte2_6_0_ from characters character0_ where character0_.character_id=?
Hibernate: select count(*) as col_0_0_ from user user0_ where user0_.user_id=?
Hibernate: select character1_.character_id as characte1_6_, character1_.character_character_name as characte2_6_ from user user0_ inner join characters character1_ on user0_.character_id=character1_.character_id where user0_.user_id=?
Hibernate: select permission0_.character_id as characte6_12_0_, permission0_.permission_id as permissi1_12_0_, permission0_.permission_id as permissi1_12_1_, permission0_.character_id as characte6_12_1_, permission0_.permission_name as permissi2_12_1_, permission0_.permission_permission_unit_id as permissi3_12_1_, permission0_.permission_service as permissi4_12_1_, permission0_.permission_status as permissi5_12_1_ from permission permission0_ where permission0_.character_id=?
Hibernate: select count(*) as col_0_0_ from category category0_ where category0_.category_id=?
Hibernate: select category0_.category_id as category1_5_0_, category0_.category_name as category2_5_0_ from category category0_ where category0_.category_id=?
Hibernate: insert into board (board_id, category_id, board_content, board_created_at, board_last_modified_at, board_title, user_id, board_views) values (default, ?, ?, ?, ?, ?, ?, ?)
Hibernate: insert into reaction (reaction_id, board_id, reaction_type) values (default, ?, ?)
Hibernate: insert into reaction (reaction_id, board_id, reaction_type) values (default, ?, ?)
Hibernate: insert into reaction (reaction_id, board_id, reaction_type) values (default, ?, ?)
Hibernate: insert into reaction (reaction_id, board_id, reaction_type) values (default, ?, ?)
Hibernate: insert into reaction (reaction_id, board_id, reaction_type) values (default, ?, ?)
Hibernate: insert into reaction (reaction_id, board_id, reaction_type) values (default, ?, ?)
Hibernate: select user0_.user_id as user_id1_21_0_, user0_.character_id as characte7_21_0_, user0_.user_created_at as user_cre2_21_0_, user0_.user_name as user_nam3_21_0_, user0_.user_phone_number as user_pho4_21_0_, user0_.user_user_id as user_use5_21_0_, user0_.user_user_password as user_use6_21_0_ from user user0_ where user0_.user_id=?
Hibernate: select character0_.character_id as characte1_6_0_, character0_.character_character_name as characte2_6_0_ from characters character0_ where character0_.character_id=?
Hibernate: select count(*) as col_0_0_ from user user0_ where user0_.user_id=?
Hibernate: select character1_.character_id as characte1_6_, character1_.character_character_name as characte2_6_ from user user0_ inner join characters character1_ on user0_.character_id=character1_.character_id where user0_.user_id=?
Hibernate: select permission0_.character_id as characte6_12_0_, permission0_.permission_id as permissi1_12_0_, permission0_.permission_id as permissi1_12_1_, permission0_.character_id as characte6_12_1_, permission0_.permission_name as permissi2_12_1_, permission0_.permission_permission_unit_id as permissi3_12_1_, permission0_.permission_service as permissi4_12_1_, permission0_.permission_status as permissi5_12_1_ from permission permission0_ where permission0_.character_id=?
Hibernate: select count(*) as col_0_0_ from category category0_ where category0_.category_id=?
Hibernate: select category0_.category_id as category1_5_0_, category0_.category_name as category2_5_0_ from category category0_ where category0_.category_id=?
Hibernate: insert into board (board_id, category_id, board_content, board_created_at, board_last_modified_at, board_title, user_id, board_views) values (default, ?, ?, ?, ?, ?, ?, ?)
Hibernate: insert into reaction (reaction_id, board_id, reaction_type) values (default, ?, ?)
Hibernate: insert into reaction (reaction_id, board_id, reaction_type) values (default, ?, ?)
Hibernate: insert into reaction (reaction_id, board_id, reaction_type) values (default, ?, ?)
Hibernate: insert into reaction (reaction_id, board_id, reaction_type) values (default, ?, ?)
Hibernate: insert into reaction (reaction_id, board_id, reaction_type) values (default, ?, ?)
Hibernate: insert into reaction (reaction_id, board_id, reaction_type) values (default, ?, ?)
Hibernate: select user0_.user_id as user_id1_21_0_, user0_.character_id as characte7_21_0_, user0_.user_created_at as user_cre2_21_0_, user0_.user_name as user_nam3_21_0_, user0_.user_phone_number as user_pho4_21_0_, user0_.user_user_id as user_use5_21_0_, user0_.user_user_password as user_use6_21_0_ from user user0_ where user0_.user_id=?
Hibernate: select character0_.character_id as characte1_6_0_, character0_.character_character_name as characte2_6_0_ from characters character0_ where character0_.character_id=?
Hibernate: select count(*) as col_0_0_ from user user0_ where user0_.user_id=?
Hibernate: select character1_.character_id as characte1_6_, character1_.character_character_name as characte2_6_ from user user0_ inner join characters character1_ on user0_.character_id=character1_.character_id where user0_.user_id=?
Hibernate: select permission0_.character_id as characte6_12_0_, permission0_.permission_id as permissi1_12_0_, permission0_.permission_id as permissi1_12_1_, permission0_.character_id as characte6_12_1_, permission0_.permission_name as permissi2_12_1_, permission0_.permission_permission_unit_id as permissi3_12_1_, permission0_.permission_service as permissi4_12_1_, permission0_.permission_status as permissi5_12_1_ from permission permission0_ where permission0_.character_id=?
Hibernate: select count(*) as col_0_0_ from category category0_ where category0_.category_id=?
Hibernate: select category0_.category_id as category1_5_0_, category0_.category_name as category2_5_0_ from category category0_ where category0_.category_id=?
Hibernate: insert into board (board_id, category_id, board_content, board_created_at, board_last_modified_at, board_title, user_id, board_views) values (default, ?, ?, ?, ?, ?, ?, ?)
Hibernate: insert into reaction (reaction_id, board_id, reaction_type) values (default, ?, ?)
Hibernate: insert into reaction (reaction_id, board_id, reaction_type) values (default, ?, ?)
Hibernate: insert into reaction (reaction_id, board_id, reaction_type) values (default, ?, ?)
Hibernate: insert into reaction (reaction_id, board_id, reaction_type) values (default, ?, ?)
Hibernate: insert into reaction (reaction_id, board_id, reaction_type) values (default, ?, ?)
Hibernate: insert into reaction (reaction_id, board_id, reaction_type) values (default, ?, ?)
Hibernate: select user0_.user_id as user_id1_21_0_, user0_.character_id as characte7_21_0_, user0_.user_created_at as user_cre2_21_0_, user0_.user_name as user_nam3_21_0_, user0_.user_phone_number as user_pho4_21_0_, user0_.user_user_id as user_use5_21_0_, user0_.user_user_password as user_use6_21_0_ from user user0_ where user0_.user_id=?
Hibernate: select character0_.character_id as characte1_6_0_, character0_.character_character_name as characte2_6_0_ from characters character0_ where character0_.character_id=?
Hibernate: select count(board0_.board_id) as col_0_0_ from board board0_ where board0_.board_title like ?
Hibernate: select board0_.board_id as board_id1_4_, board0_.category_id as category7_4_, board0_.board_content as board_co2_4_, board0_.board_created_at as board_cr3_4_, board0_.board_last_modified_at as board_la4_4_, board0_.board_title as board_ti5_4_, board0_.user_id as user_id8_4_, board0_.board_views as board_vi6_4_ from board board0_ where board0_.board_title like ('%'||?||'%') limit ?
Hibernate: select category0_.category_id as category1_5_0_, category0_.category_name as category2_5_0_ from category category0_ where category0_.category_id=?
Hibernate: select user0_.user_id as user_id1_21_0_, user0_.character_id as characte7_21_0_, user0_.user_created_at as user_cre2_21_0_, user0_.user_name as user_nam3_21_0_, user0_.user_phone_number as user_pho4_21_0_, user0_.user_user_id as user_use5_21_0_, user0_.user_user_password as user_use6_21_0_ from user user0_ where user0_.user_id=?
Hibernate: select character0_.character_id as characte1_6_0_, character0_.character_character_name as characte2_6_0_ from characters character0_ where character0_.character_id=?
Hibernate: select category0_.category_id as category1_5_0_, category0_.category_name as category2_5_0_ from category category0_ where category0_.category_id=?
Hibernate: select reactionli0_.board_id as board_id3_13_0_, reactionli0_.reaction_id as reaction1_13_0_, reactionli0_.reaction_id as reaction1_13_1_, reactionli0_.board_id as board_id3_13_1_, reactionli0_.reaction_type as reaction2_13_1_ from reaction reactionli0_ where reactionli0_.board_id=?
Hibernate: select reactionus0_.reaction_id as reaction2_14_0_, reactionus0_.reaction_user_id as reaction1_14_0_, reactionus0_.reaction_user_id as reaction1_14_1_, reactionus0_.reaction_id as reaction2_14_1_, reactionus0_.user_id as user_id3_14_1_ from reaction_user reactionus0_ where reactionus0_.reaction_id=?
Hibernate: select reactionus0_.reaction_id as reaction2_14_0_, reactionus0_.reaction_user_id as reaction1_14_0_, reactionus0_.reaction_user_id as reaction1_14_1_, reactionus0_.reaction_id as reaction2_14_1_, reactionus0_.user_id as user_id3_14_1_ from reaction_user reactionus0_ where reactionus0_.reaction_id=?
Hibernate: select reactionus0_.reaction_id as reaction2_14_0_, reactionus0_.reaction_user_id as reaction1_14_0_, reactionus0_.reaction_user_id as reaction1_14_1_, reactionus0_.reaction_id as reaction2_14_1_, reactionus0_.user_id as user_id3_14_1_ from reaction_user reactionus0_ where reactionus0_.reaction_id=?
Hibernate: select reactionus0_.reaction_id as reaction2_14_0_, reactionus0_.reaction_user_id as reaction1_14_0_, reactionus0_.reaction_user_id as reaction1_14_1_, reactionus0_.reaction_id as reaction2_14_1_, reactionus0_.user_id as user_id3_14_1_ from reaction_user reactionus0_ where reactionus0_.reaction_id=?
Hibernate: select reactionus0_.reaction_id as reaction2_14_0_, reactionus0_.reaction_user_id as reaction1_14_0_, reactionus0_.reaction_user_id as reaction1_14_1_, reactionus0_.reaction_id as reaction2_14_1_, reactionus0_.user_id as user_id3_14_1_ from reaction_user reactionus0_ where reactionus0_.reaction_id=?
Hibernate: select reactionus0_.reaction_id as reaction2_14_0_, reactionus0_.reaction_user_id as reaction1_14_0_, reactionus0_.reaction_user_id as reaction1_14_1_, reactionus0_.reaction_id as reaction2_14_1_, reactionus0_.user_id as user_id3_14_1_ from reaction_user reactionus0_ where reactionus0_.reaction_id=?
Hibernate: select commentlis0_.board_id as board_id5_7_0_, commentlis0_.comment_id as comment_1_7_0_, commentlis0_.comment_id as comment_1_7_1_, commentlis0_.board_id as board_id5_7_1_, commentlis0_.comment_content as comment_2_7_1_, commentlis0_.comment_created_at as comment_3_7_1_, commentlis0_.comment_last_modified_at as comment_4_7_1_, commentlis0_.user_id as user_id6_7_1_ from comment commentlis0_ where commentlis0_.board_id=?
Hibernate: select reactionli0_.board_id as board_id3_13_0_, reactionli0_.reaction_id as reaction1_13_0_, reactionli0_.reaction_id as reaction1_13_1_, reactionli0_.board_id as board_id3_13_1_, reactionli0_.reaction_type as reaction2_13_1_ from reaction reactionli0_ where reactionli0_.board_id=?
Hibernate: select reactionus0_.reaction_id as reaction2_14_0_, reactionus0_.reaction_user_id as reaction1_14_0_, reactionus0_.reaction_user_id as reaction1_14_1_, reactionus0_.reaction_id as reaction2_14_1_, reactionus0_.user_id as user_id3_14_1_ from reaction_user reactionus0_ where reactionus0_.reaction_id=?
Hibernate: select reactionus0_.reaction_id as reaction2_14_0_, reactionus0_.reaction_user_id as reaction1_14_0_, reactionus0_.reaction_user_id as reaction1_14_1_, reactionus0_.reaction_id as reaction2_14_1_, reactionus0_.user_id as user_id3_14_1_ from reaction_user reactionus0_ where reactionus0_.reaction_id=?
Hibernate: select reactionus0_.reaction_id as reaction2_14_0_, reactionus0_.reaction_user_id as reaction1_14_0_, reactionus0_.reaction_user_id as reaction1_14_1_, reactionus0_.reaction_id as reaction2_14_1_, reactionus0_.user_id as user_id3_14_1_ from reaction_user reactionus0_ where reactionus0_.reaction_id=?
Hibernate: select reactionus0_.reaction_id as reaction2_14_0_, reactionus0_.reaction_user_id as reaction1_14_0_, reactionus0_.reaction_user_id as reaction1_14_1_, reactionus0_.reaction_id as reaction2_14_1_, reactionus0_.user_id as user_id3_14_1_ from reaction_user reactionus0_ where reactionus0_.reaction_id=?
Hibernate: select reactionus0_.reaction_id as reaction2_14_0_, reactionus0_.reaction_user_id as reaction1_14_0_, reactionus0_.reaction_user_id as reaction1_14_1_, reactionus0_.reaction_id as reaction2_14_1_, reactionus0_.user_id as user_id3_14_1_ from reaction_user reactionus0_ where reactionus0_.reaction_id=?
Hibernate: select reactionus0_.reaction_id as reaction2_14_0_, reactionus0_.reaction_user_id as reaction1_14_0_, reactionus0_.reaction_user_id as reaction1_14_1_, reactionus0_.reaction_id as reaction2_14_1_, reactionus0_.user_id as user_id3_14_1_ from reaction_user reactionus0_ where reactionus0_.reaction_id=?
Hibernate: select commentlis0_.board_id as board_id5_7_0_, commentlis0_.comment_id as comment_1_7_0_, commentlis0_.comment_id as comment_1_7_1_, commentlis0_.board_id as board_id5_7_1_, commentlis0_.comment_content as comment_2_7_1_, commentlis0_.comment_created_at as comment_3_7_1_, commentlis0_.comment_last_modified_at as comment_4_7_1_, commentlis0_.user_id as user_id6_7_1_ from comment commentlis0_ where commentlis0_.board_id=?
Hibernate: select boardlist0_.category_id as category7_4_0_, boardlist0_.board_id as board_id1_4_0_, boardlist0_.board_id as board_id1_4_1_, boardlist0_.category_id as category7_4_1_, boardlist0_.board_content as board_co2_4_1_, boardlist0_.board_created_at as board_cr3_4_1_, boardlist0_.board_last_modified_at as board_la4_4_1_, boardlist0_.board_title as board_ti5_4_1_, boardlist0_.user_id as user_id8_4_1_, boardlist0_.board_views as board_vi6_4_1_ from board boardlist0_ where boardlist0_.category_id=?
Hibernate: select count(comment0_.comment_id) as col_0_0_ from comment comment0_ where comment0_.board_id=?
Hibernate: select boardlist0_.category_id as category7_4_0_, boardlist0_.board_id as board_id1_4_0_, boardlist0_.board_id as board_id1_4_1_, boardlist0_.category_id as category7_4_1_, boardlist0_.board_content as board_co2_4_1_, boardlist0_.board_created_at as board_cr3_4_1_, boardlist0_.board_last_modified_at as board_la4_4_1_, boardlist0_.board_title as board_ti5_4_1_, boardlist0_.user_id as user_id8_4_1_, boardlist0_.board_views as board_vi6_4_1_ from board boardlist0_ where boardlist0_.category_id=?
Hibernate: select count(comment0_.comment_id) as col_0_0_ from comment comment0_ where comment0_.board_id=?
Hibernate: select imagepathl0_.board_board_id as board_bo1_11_0_, imagepathl0_.board_image_path_list as board_im2_11_0_ from image_path_list imagepathl0_ where imagepathl0_.board_board_id=?
Hibernate: select filepathli0_.board_board_id as board_bo1_8_0_, filepathli0_.board_file_path_list as board_fi2_8_0_ from file_path_list filepathli0_ where filepathli0_.board_board_id=?
Hibernate: select imagepathl0_.board_board_id as board_bo1_11_0_, imagepathl0_.board_image_path_list as board_im2_11_0_ from image_path_list imagepathl0_ where imagepathl0_.board_board_id=?
Hibernate: select filepathli0_.board_board_id as board_bo1_8_0_, filepathli0_.board_file_path_list as board_fi2_8_0_ from file_path_list filepathli0_ where filepathli0_.board_board_id=?
Hibernate: select user0_.user_id as col_0_0_ from user user0_ where user0_.user_user_id=? limit ?
Hibernate: select user0_.user_id as col_0_0_ from user user0_ where user0_.user_user_id=? limit ?
Hibernate: select U.* from USER U where U.USER_USER_ID =?
Hibernate: select character0_.character_id as characte1_6_0_, character0_.character_character_name as characte2_6_0_ from characters character0_ where character0_.character_id=?
Hibernate: select user0_.user_id as user_id1_21_0_, user0_.character_id as characte7_21_0_, user0_.user_created_at as user_cre2_21_0_, user0_.user_name as user_nam3_21_0_, user0_.user_phone_number as user_pho4_21_0_, user0_.user_user_id as user_use5_21_0_, user0_.user_user_password as user_use6_21_0_ from user user0_ where user0_.user_id=?
Hibernate: select character0_.character_id as characte1_6_0_, character0_.character_character_name as characte2_6_0_ from characters character0_ where character0_.character_id=?
Hibernate: select count(*) as col_0_0_ from board board0_
Hibernate: select board0_.board_id as board_id1_4_, board0_.category_id as category7_4_, board0_.board_content as board_co2_4_, board0_.board_created_at as board_cr3_4_, board0_.board_last_modified_at as board_la4_4_, board0_.board_title as board_ti5_4_, board0_.user_id as user_id8_4_, board0_.board_views as board_vi6_4_ from board board0_ limit ?
Hibernate: select category0_.category_id as category1_5_0_, category0_.category_name as category2_5_0_ from category category0_ where category0_.category_id=?
Hibernate: select category0_.category_id as category1_5_0_, category0_.category_name as category2_5_0_ from category category0_ where category0_.category_id=?
Hibernate: select reactionli0_.board_id as board_id3_13_0_, reactionli0_.reaction_id as reaction1_13_0_, reactionli0_.reaction_id as reaction1_13_1_, reactionli0_.board_id as board_id3_13_1_, reactionli0_.reaction_type as reaction2_13_1_ from reaction reactionli0_ where reactionli0_.board_id=?
Hibernate: select reactionus0_.reaction_id as reaction2_14_0_, reactionus0_.reaction_user_id as reaction1_14_0_, reactionus0_.reaction_user_id as reaction1_14_1_, reactionus0_.reaction_id as reaction2_14_1_, reactionus0_.user_id as user_id3_14_1_ from reaction_user reactionus0_ where reactionus0_.reaction_id=?
Hibernate: select reactionus0_.reaction_id as reaction2_14_0_, reactionus0_.reaction_user_id as reaction1_14_0_, reactionus0_.reaction_user_id as reaction1_14_1_, reactionus0_.reaction_id as reaction2_14_1_, reactionus0_.user_id as user_id3_14_1_ from reaction_user reactionus0_ where reactionus0_.reaction_id=?
Hibernate: select reactionus0_.reaction_id as reaction2_14_0_, reactionus0_.reaction_user_id as reaction1_14_0_, reactionus0_.reaction_user_id as reaction1_14_1_, reactionus0_.reaction_id as reaction2_14_1_, reactionus0_.user_id as user_id3_14_1_ from reaction_user reactionus0_ where reactionus0_.reaction_id=?
Hibernate: select reactionus0_.reaction_id as reaction2_14_0_, reactionus0_.reaction_user_id as reaction1_14_0_, reactionus0_.reaction_user_id as reaction1_14_1_, reactionus0_.reaction_id as reaction2_14_1_, reactionus0_.user_id as user_id3_14_1_ from reaction_user reactionus0_ where reactionus0_.reaction_id=?
Hibernate: select reactionus0_.reaction_id as reaction2_14_0_, reactionus0_.reaction_user_id as reaction1_14_0_, reactionus0_.reaction_user_id as reaction1_14_1_, reactionus0_.reaction_id as reaction2_14_1_, reactionus0_.user_id as user_id3_14_1_ from reaction_user reactionus0_ where reactionus0_.reaction_id=?
Hibernate: select reactionus0_.reaction_id as reaction2_14_0_, reactionus0_.reaction_user_id as reaction1_14_0_, reactionus0_.reaction_user_id as reaction1_14_1_, reactionus0_.reaction_id as reaction2_14_1_, reactionus0_.user_id as user_id3_14_1_ from reaction_user reactionus0_ where reactionus0_.reaction_id=?
Hibernate: select commentlis0_.board_id as board_id5_7_0_, commentlis0_.comment_id as comment_1_7_0_, commentlis0_.comment_id as comment_1_7_1_, commentlis0_.board_id as board_id5_7_1_, commentlis0_.comment_content as comment_2_7_1_, commentlis0_.comment_created_at as comment_3_7_1_, commentlis0_.comment_last_modified_at as comment_4_7_1_, commentlis0_.user_id as user_id6_7_1_ from comment commentlis0_ where commentlis0_.board_id=?
Hibernate: select reactionli0_.board_id as board_id3_13_0_, reactionli0_.reaction_id as reaction1_13_0_, reactionli0_.reaction_id as reaction1_13_1_, reactionli0_.board_id as board_id3_13_1_, reactionli0_.reaction_type as reaction2_13_1_ from reaction reactionli0_ where reactionli0_.board_id=?
Hibernate: select reactionus0_.reaction_id as reaction2_14_0_, reactionus0_.reaction_user_id as reaction1_14_0_, reactionus0_.reaction_user_id as reaction1_14_1_, reactionus0_.reaction_id as reaction2_14_1_, reactionus0_.user_id as user_id3_14_1_ from reaction_user reactionus0_ where reactionus0_.reaction_id=?
Hibernate: select reactionus0_.reaction_id as reaction2_14_0_, reactionus0_.reaction_user_id as reaction1_14_0_, reactionus0_.reaction_user_id as reaction1_14_1_, reactionus0_.reaction_id as reaction2_14_1_, reactionus0_.user_id as user_id3_14_1_ from reaction_user reactionus0_ where reactionus0_.reaction_id=?
Hibernate: select reactionus0_.reaction_id as reaction2_14_0_, reactionus0_.reaction_user_id as reaction1_14_0_, reactionus0_.reaction_user_id as reaction1_14_1_, reactionus0_.reaction_id as reaction2_14_1_, reactionus0_.user_id as user_id3_14_1_ from reaction_user reactionus0_ where reactionus0_.reaction_id=?
Hibernate: select reactionus0_.reaction_id as reaction2_14_0_, reactionus0_.reaction_user_id as reaction1_14_0_, reactionus0_.reaction_user_id as reaction1_14_1_, reactionus0_.reaction_id as reaction2_14_1_, reactionus0_.user_id as user_id3_14_1_ from reaction_user reactionus0_ where reactionus0_.reaction_id=?
Hibernate: select reactionus0_.reaction_id as reaction2_14_0_, reactionus0_.reaction_user_id as reaction1_14_0_, reactionus0_.reaction_user_id as reaction1_14_1_, reactionus0_.reaction_id as reaction2_14_1_, reactionus0_.user_id as user_id3_14_1_ from reaction_user reactionus0_ where reactionus0_.reaction_id=?
Hibernate: select reactionus0_.reaction_id as reaction2_14_0_, reactionus0_.reaction_user_id as reaction1_14_0_, reactionus0_.reaction_user_id as reaction1_14_1_, reactionus0_.reaction_id as reaction2_14_1_, reactionus0_.user_id as user_id3_14_1_ from reaction_user reactionus0_ where reactionus0_.reaction_id=?
Hibernate: select commentlis0_.board_id as board_id5_7_0_, commentlis0_.comment_id as comment_1_7_0_, commentlis0_.comment_id as comment_1_7_1_, commentlis0_.board_id as board_id5_7_1_, commentlis0_.comment_content as comment_2_7_1_, commentlis0_.comment_created_at as comment_3_7_1_, commentlis0_.comment_last_modified_at as comment_4_7_1_, commentlis0_.user_id as user_id6_7_1_ from comment commentlis0_ where commentlis0_.board_id=?
Hibernate: select reactionli0_.board_id as board_id3_13_0_, reactionli0_.reaction_id as reaction1_13_0_, reactionli0_.reaction_id as reaction1_13_1_, reactionli0_.board_id as board_id3_13_1_, reactionli0_.reaction_type as reaction2_13_1_ from reaction reactionli0_ where reactionli0_.board_id=?
Hibernate: select reactionus0_.reaction_id as reaction2_14_0_, reactionus0_.reaction_user_id as reaction1_14_0_, reactionus0_.reaction_user_id as reaction1_14_1_, reactionus0_.reaction_id as reaction2_14_1_, reactionus0_.user_id as user_id3_14_1_ from reaction_user reactionus0_ where reactionus0_.reaction_id=?
Hibernate: select reactionus0_.reaction_id as reaction2_14_0_, reactionus0_.reaction_user_id as reaction1_14_0_, reactionus0_.reaction_user_id as reaction1_14_1_, reactionus0_.reaction_id as reaction2_14_1_, reactionus0_.user_id as user_id3_14_1_ from reaction_user reactionus0_ where reactionus0_.reaction_id=?
Hibernate: select reactionus0_.reaction_id as reaction2_14_0_, reactionus0_.reaction_user_id as reaction1_14_0_, reactionus0_.reaction_user_id as reaction1_14_1_, reactionus0_.reaction_id as reaction2_14_1_, reactionus0_.user_id as user_id3_14_1_ from reaction_user reactionus0_ where reactionus0_.reaction_id=?
Hibernate: select reactionus0_.reaction_id as reaction2_14_0_, reactionus0_.reaction_user_id as reaction1_14_0_, reactionus0_.reaction_user_id as reaction1_14_1_, reactionus0_.reaction_id as reaction2_14_1_, reactionus0_.user_id as user_id3_14_1_ from reaction_user reactionus0_ where reactionus0_.reaction_id=?
Hibernate: select reactionus0_.reaction_id as reaction2_14_0_, reactionus0_.reaction_user_id as reaction1_14_0_, reactionus0_.reaction_user_id as reaction1_14_1_, reactionus0_.reaction_id as reaction2_14_1_, reactionus0_.user_id as user_id3_14_1_ from reaction_user reactionus0_ where reactionus0_.reaction_id=?
Hibernate: select reactionus0_.reaction_id as reaction2_14_0_, reactionus0_.reaction_user_id as reaction1_14_0_, reactionus0_.reaction_user_id as reaction1_14_1_, reactionus0_.reaction_id as reaction2_14_1_, reactionus0_.user_id as user_id3_14_1_ from reaction_user reactionus0_ where reactionus0_.reaction_id=?
Hibernate: select commentlis0_.board_id as board_id5_7_0_, commentlis0_.comment_id as comment_1_7_0_, commentlis0_.comment_id as comment_1_7_1_, commentlis0_.board_id as board_id5_7_1_, commentlis0_.comment_content as comment_2_7_1_, commentlis0_.comment_created_at as comment_3_7_1_, commentlis0_.comment_last_modified_at as comment_4_7_1_, commentlis0_.user_id as user_id6_7_1_ from comment commentlis0_ where commentlis0_.board_id=?
Hibernate: select boardlist0_.category_id as category7_4_0_, boardlist0_.board_id as board_id1_4_0_, boardlist0_.board_id as board_id1_4_1_, boardlist0_.category_id as category7_4_1_, boardlist0_.board_content as board_co2_4_1_, boardlist0_.board_created_at as board_cr3_4_1_, boardlist0_.board_last_modified_at as board_la4_4_1_, boardlist0_.board_title as board_ti5_4_1_, boardlist0_.user_id as user_id8_4_1_, boardlist0_.board_views as board_vi6_4_1_ from board boardlist0_ where boardlist0_.category_id=?
Hibernate: select count(comment0_.comment_id) as col_0_0_ from comment comment0_ where comment0_.board_id=?
Hibernate: select boardlist0_.category_id as category7_4_0_, boardlist0_.board_id as board_id1_4_0_, boardlist0_.board_id as board_id1_4_1_, boardlist0_.category_id as category7_4_1_, boardlist0_.board_content as board_co2_4_1_, boardlist0_.board_created_at as board_cr3_4_1_, boardlist0_.board_last_modified_at as board_la4_4_1_, boardlist0_.board_title as board_ti5_4_1_, boardlist0_.user_id as user_id8_4_1_, boardlist0_.board_views as board_vi6_4_1_ from board boardlist0_ where boardlist0_.category_id=?
Hibernate: select count(comment0_.comment_id) as col_0_0_ from comment comment0_ where comment0_.board_id=?
Hibernate: select count(comment0_.comment_id) as col_0_0_ from comment comment0_ where comment0_.board_id=?
Hibernate: select count(*) as col_0_0_ from board board0_
Hibernate: select imagepathl0_.board_board_id as board_bo1_11_0_, imagepathl0_.board_image_path_list as board_im2_11_0_ from image_path_list imagepathl0_ where imagepathl0_.board_board_id=?
Hibernate: select filepathli0_.board_board_id as board_bo1_8_0_, filepathli0_.board_file_path_list as board_fi2_8_0_ from file_path_list filepathli0_ where filepathli0_.board_board_id=?
Hibernate: select imagepathl0_.board_board_id as board_bo1_11_0_, imagepathl0_.board_image_path_list as board_im2_11_0_ from image_path_list imagepathl0_ where imagepathl0_.board_board_id=?
Hibernate: select filepathli0_.board_board_id as board_bo1_8_0_, filepathli0_.board_file_path_list as board_fi2_8_0_ from file_path_list filepathli0_ where filepathli0_.board_board_id=?
Hibernate: select imagepathl0_.board_board_id as board_bo1_11_0_, imagepathl0_.board_image_path_list as board_im2_11_0_ from image_path_list imagepathl0_ where imagepathl0_.board_board_id=?
Hibernate: select filepathli0_.board_board_id as board_bo1_8_0_, filepathli0_.board_file_path_list as board_fi2_8_0_ from file_path_list filepathli0_ where filepathli0_.board_board_id=?
Hibernate: select U.* from USER U join BOARD B where U.USER_ID = B.USER_ID and B.BOARD_ID = ?
Hibernate: select character0_.character_id as characte1_6_0_, character0_.character_character_name as characte2_6_0_ from characters character0_ where character0_.character_id=?
Hibernate: select count(*) as col_0_0_ from user user0_ where user0_.user_id=?
Hibernate: select character1_.character_id as characte1_6_, character1_.character_character_name as characte2_6_ from user user0_ inner join characters character1_ on user0_.character_id=character1_.character_id where user0_.user_id=?
Hibernate: select permission0_.character_id as characte6_12_0_, permission0_.permission_id as permissi1_12_0_, permission0_.permission_id as permissi1_12_1_, permission0_.character_id as characte6_12_1_, permission0_.permission_name as permissi2_12_1_, permission0_.permission_permission_unit_id as permissi3_12_1_, permission0_.permission_service as permissi4_12_1_, permission0_.permission_status as permissi5_12_1_ from permission permission0_ where permission0_.character_id=?
Hibernate: select count(*) as col_0_0_ from board board0_ where board0_.board_id=?
Hibernate: select board0_.board_id as board_id1_4_0_, board0_.category_id as category7_4_0_, board0_.board_content as board_co2_4_0_, board0_.board_created_at as board_cr3_4_0_, board0_.board_last_modified_at as board_la4_4_0_, board0_.board_title as board_ti5_4_0_, board0_.user_id as user_id8_4_0_, board0_.board_views as board_vi6_4_0_ from board board0_ where board0_.board_id=?
Hibernate: select category0_.category_id as category1_5_0_, category0_.category_name as category2_5_0_ from category category0_ where category0_.category_id=?
Hibernate: select reactionli0_.board_id as board_id3_13_0_, reactionli0_.reaction_id as reaction1_13_0_, reactionli0_.reaction_id as reaction1_13_1_, reactionli0_.board_id as board_id3_13_1_, reactionli0_.reaction_type as reaction2_13_1_ from reaction reactionli0_ where reactionli0_.board_id=?
Hibernate: select reactionus0_.reaction_id as reaction2_14_0_, reactionus0_.reaction_user_id as reaction1_14_0_, reactionus0_.reaction_user_id as reaction1_14_1_, reactionus0_.reaction_id as reaction2_14_1_, reactionus0_.user_id as user_id3_14_1_ from reaction_user reactionus0_ where reactionus0_.reaction_id=?
Hibernate: select reactionus0_.reaction_id as reaction2_14_0_, reactionus0_.reaction_user_id as reaction1_14_0_, reactionus0_.reaction_user_id as reaction1_14_1_, reactionus0_.reaction_id as reaction2_14_1_, reactionus0_.user_id as user_id3_14_1_ from reaction_user reactionus0_ where reactionus0_.reaction_id=?
Hibernate: select reactionus0_.reaction_id as reaction2_14_0_, reactionus0_.reaction_user_id as reaction1_14_0_, reactionus0_.reaction_user_id as reaction1_14_1_, reactionus0_.reaction_id as reaction2_14_1_, reactionus0_.user_id as user_id3_14_1_ from reaction_user reactionus0_ where reactionus0_.reaction_id=?
Hibernate: select reactionus0_.reaction_id as reaction2_14_0_, reactionus0_.reaction_user_id as reaction1_14_0_, reactionus0_.reaction_user_id as reaction1_14_1_, reactionus0_.reaction_id as reaction2_14_1_, reactionus0_.user_id as user_id3_14_1_ from reaction_user reactionus0_ where reactionus0_.reaction_id=?
Hibernate: select reactionus0_.reaction_id as reaction2_14_0_, reactionus0_.reaction_user_id as reaction1_14_0_, reactionus0_.reaction_user_id as reaction1_14_1_, reactionus0_.reaction_id as reaction2_14_1_, reactionus0_.user_id as user_id3_14_1_ from reaction_user reactionus0_ where reactionus0_.reaction_id=?
Hibernate: select reactionus0_.reaction_id as reaction2_14_0_, reactionus0_.reaction_user_id as reaction1_14_0_, reactionus0_.reaction_user_id as reaction1_14_1_, reactionus0_.reaction_id as reaction2_14_1_, reactionus0_.user_id as user_id3_14_1_ from reaction_user reactionus0_ where reactionus0_.reaction_id=?
Hibernate: select commentlis0_.board_id as board_id5_7_0_, commentlis0_.comment_id as comment_1_7_0_, commentlis0_.comment_id as comment_1_7_1_, commentlis0_.board_id as board_id5_7_1_, commentlis0_.comment_content as comment_2_7_1_, commentlis0_.comment_created_at as comment_3_7_1_, commentlis0_.comment_last_modified_at as comment_4_7_1_, commentlis0_.user_id as user_id6_7_1_ from comment commentlis0_ where commentlis0_.board_id=?
Hibernate: select boardlist0_.category_id as category7_4_0_, boardlist0_.board_id as board_id1_4_0_, boardlist0_.board_id as board_id1_4_1_, boardlist0_.category_id as category7_4_1_, boardlist0_.board_content as board_co2_4_1_, boardlist0_.board_created_at as board_cr3_4_1_, boardlist0_.board_last_modified_at as board_la4_4_1_, boardlist0_.board_title as board_ti5_4_1_, boardlist0_.user_id as user_id8_4_1_, boardlist0_.board_views as board_vi6_4_1_ from board boardlist0_ where boardlist0_.category_id=?
Hibernate: select count(comment0_.comment_id) as col_0_0_ from comment comment0_ where comment0_.board_id=?
Hibernate: update board set category_id=?, board_content=?, board_created_at=?, board_last_modified_at=?, board_title=?, user_id=?, board_views=? where board_id=?
Hibernate: select filepathli0_.board_board_id as board_bo1_8_0_, filepathli0_.board_file_path_list as board_fi2_8_0_ from file_path_list filepathli0_ where filepathli0_.board_board_id=?
Hibernate: select imagepathl0_.board_board_id as board_bo1_11_0_, imagepathl0_.board_image_path_list as board_im2_11_0_ from image_path_list imagepathl0_ where imagepathl0_.board_board_id=?
Hibernate: select count(*) as col_0_0_ from board board0_ where board0_.board_id=?
Hibernate: delete from reaction where reaction_id=?
Hibernate: delete from reaction where reaction_id=?
Hibernate: delete from reaction where reaction_id=?
Hibernate: delete from reaction where reaction_id=?
Hibernate: delete from reaction where reaction_id=?
Hibernate: delete from reaction where reaction_id=?
Hibernate: delete from board where board_id=?
Hibernate: select user0_.user_id as user_id1_21_0_, user0_.character_id as characte7_21_0_, user0_.user_created_at as user_cre2_21_0_, user0_.user_name as user_nam3_21_0_, user0_.user_phone_number as user_pho4_21_0_, user0_.user_user_id as user_use5_21_0_, user0_.user_user_password as user_use6_21_0_ from user user0_ where user0_.user_id=?
Hibernate: select character0_.character_id as characte1_6_0_, character0_.character_character_name as characte2_6_0_ from characters character0_ where character0_.character_id=?
Hibernate: select count(*) as col_0_0_ from user user0_ where user0_.user_id=?
Hibernate: select character1_.character_id as characte1_6_, character1_.character_character_name as characte2_6_ from user user0_ inner join characters character1_ on user0_.character_id=character1_.character_id where user0_.user_id=?
Hibernate: select permission0_.character_id as characte6_12_0_, permission0_.permission_id as permissi1_12_0_, permission0_.permission_id as permissi1_12_1_, permission0_.character_id as characte6_12_1_, permission0_.permission_name as permissi2_12_1_, permission0_.permission_permission_unit_id as permissi3_12_1_, permission0_.permission_service as permissi4_12_1_, permission0_.permission_status as permissi5_12_1_ from permission permission0_ where permission0_.character_id=?
Hibernate: select count(*) as col_0_0_ from board board0_ where board0_.board_id=?
Hibernate: select U.* from USER U join BOARD B where U.USER_ID = B.USER_ID and B.BOARD_ID = ?
Hibernate: select character0_.character_id as characte1_6_0_, character0_.character_character_name as characte2_6_0_ from characters character0_ where character0_.character_id=?
Hibernate: select count(*) as col_0_0_ from user user0_ where user0_.user_id=?
Hibernate: select character1_.character_id as characte1_6_, character1_.character_character_name as characte2_6_ from user user0_ inner join characters character1_ on user0_.character_id=character1_.character_id where user0_.user_id=?
Hibernate: select permission0_.character_id as characte6_12_0_, permission0_.permission_id as permissi1_12_0_, permission0_.permission_id as permissi1_12_1_, permission0_.character_id as characte6_12_1_, permission0_.permission_name as permissi2_12_1_, permission0_.permission_permission_unit_id as permissi3_12_1_, permission0_.permission_service as permissi4_12_1_, permission0_.permission_status as permissi5_12_1_ from permission permission0_ where permission0_.character_id=?
Hibernate: select count(*) as col_0_0_ from board board0_ where board0_.board_id=?
Hibernate: select board0_.board_id as board_id1_4_0_, board0_.category_id as category7_4_0_, board0_.board_content as board_co2_4_0_, board0_.board_created_at as board_cr3_4_0_, board0_.board_last_modified_at as board_la4_4_0_, board0_.board_title as board_ti5_4_0_, board0_.user_id as user_id8_4_0_, board0_.board_views as board_vi6_4_0_ from board board0_ where board0_.board_id=?
Hibernate: select category0_.category_id as category1_5_0_, category0_.category_name as category2_5_0_ from category category0_ where category0_.category_id=?
Hibernate: select reactionli0_.board_id as board_id3_13_0_, reactionli0_.reaction_id as reaction1_13_0_, reactionli0_.reaction_id as reaction1_13_1_, reactionli0_.board_id as board_id3_13_1_, reactionli0_.reaction_type as reaction2_13_1_ from reaction reactionli0_ where reactionli0_.board_id=?
Hibernate: select reactionus0_.reaction_id as reaction2_14_0_, reactionus0_.reaction_user_id as reaction1_14_0_, reactionus0_.reaction_user_id as reaction1_14_1_, reactionus0_.reaction_id as reaction2_14_1_, reactionus0_.user_id as user_id3_14_1_ from reaction_user reactionus0_ where reactionus0_.reaction_id=?
Hibernate: select reactionus0_.reaction_id as reaction2_14_0_, reactionus0_.reaction_user_id as reaction1_14_0_, reactionus0_.reaction_user_id as reaction1_14_1_, reactionus0_.reaction_id as reaction2_14_1_, reactionus0_.user_id as user_id3_14_1_ from reaction_user reactionus0_ where reactionus0_.reaction_id=?
Hibernate: select reactionus0_.reaction_id as reaction2_14_0_, reactionus0_.reaction_user_id as reaction1_14_0_, reactionus0_.reaction_user_id as reaction1_14_1_, reactionus0_.reaction_id as reaction2_14_1_, reactionus0_.user_id as user_id3_14_1_ from reaction_user reactionus0_ where reactionus0_.reaction_id=?
Hibernate: select reactionus0_.reaction_id as reaction2_14_0_, reactionus0_.reaction_user_id as reaction1_14_0_, reactionus0_.reaction_user_id as reaction1_14_1_, reactionus0_.reaction_id as reaction2_14_1_, reactionus0_.user_id as user_id3_14_1_ from reaction_user reactionus0_ where reactionus0_.reaction_id=?
Hibernate: select reactionus0_.reaction_id as reaction2_14_0_, reactionus0_.reaction_user_id as reaction1_14_0_, reactionus0_.reaction_user_id as reaction1_14_1_, reactionus0_.reaction_id as reaction2_14_1_, reactionus0_.user_id as user_id3_14_1_ from reaction_user reactionus0_ where reactionus0_.reaction_id=?
Hibernate: select reactionus0_.reaction_id as reaction2_14_0_, reactionus0_.reaction_user_id as reaction1_14_0_, reactionus0_.reaction_user_id as reaction1_14_1_, reactionus0_.reaction_id as reaction2_14_1_, reactionus0_.user_id as user_id3_14_1_ from reaction_user reactionus0_ where reactionus0_.reaction_id=?
Hibernate: select commentlis0_.board_id as board_id5_7_0_, commentlis0_.comment_id as comment_1_7_0_, commentlis0_.comment_id as comment_1_7_1_, commentlis0_.board_id as board_id5_7_1_, commentlis0_.comment_content as comment_2_7_1_, commentlis0_.comment_created_at as comment_3_7_1_, commentlis0_.comment_last_modified_at as comment_4_7_1_, commentlis0_.user_id as user_id6_7_1_ from comment commentlis0_ where commentlis0_.board_id=?
Hibernate: select boardlist0_.category_id as category7_4_0_, boardlist0_.board_id as board_id1_4_0_, boardlist0_.board_id as board_id1_4_1_, boardlist0_.category_id as category7_4_1_, boardlist0_.board_content as board_co2_4_1_, boardlist0_.board_created_at as board_cr3_4_1_, boardlist0_.board_last_modified_at as board_la4_4_1_, boardlist0_.board_title as board_ti5_4_1_, boardlist0_.user_id as user_id8_4_1_, boardlist0_.board_views as board_vi6_4_1_ from board boardlist0_ where boardlist0_.category_id=?
Hibernate: select count(comment0_.comment_id) as col_0_0_ from comment comment0_ where comment0_.board_id=?
Hibernate: update board set category_id=?, board_content=?, board_created_at=?, board_last_modified_at=?, board_title=?, user_id=?, board_views=? where board_id=?
Hibernate: select filepathli0_.board_board_id as board_bo1_8_0_, filepathli0_.board_file_path_list as board_fi2_8_0_ from file_path_list filepathli0_ where filepathli0_.board_board_id=?
Hibernate: select imagepathl0_.board_board_id as board_bo1_11_0_, imagepathl0_.board_image_path_list as board_im2_11_0_ from image_path_list imagepathl0_ where imagepathl0_.board_board_id=?
Hibernate: select count(*) as col_0_0_ from board board0_ where board0_.board_id=?
Hibernate: delete from reaction where reaction_id=?
Hibernate: delete from reaction where reaction_id=?
Hibernate: delete from reaction where reaction_id=?
Hibernate: delete from reaction where reaction_id=?
Hibernate: delete from reaction where reaction_id=?
Hibernate: delete from reaction where reaction_id=?
Hibernate: delete from board where board_id=?
Hibernate: select user0_.user_id as user_id1_21_0_, user0_.character_id as characte7_21_0_, user0_.user_created_at as user_cre2_21_0_, user0_.user_name as user_nam3_21_0_, user0_.user_phone_number as user_pho4_21_0_, user0_.user_user_id as user_use5_21_0_, user0_.user_user_password as user_use6_21_0_ from user user0_ where user0_.user_id=?
Hibernate: select character0_.character_id as characte1_6_0_, character0_.character_character_name as characte2_6_0_ from characters character0_ where character0_.character_id=?
Hibernate: select count(*) as col_0_0_ from user user0_ where user0_.user_id=?
Hibernate: select character1_.character_id as characte1_6_, character1_.character_character_name as characte2_6_ from user user0_ inner join characters character1_ on user0_.character_id=character1_.character_id where user0_.user_id=?
Hibernate: select permission0_.character_id as characte6_12_0_, permission0_.permission_id as permissi1_12_0_, permission0_.permission_id as permissi1_12_1_, permission0_.character_id as characte6_12_1_, permission0_.permission_name as permissi2_12_1_, permission0_.permission_permission_unit_id as permissi3_12_1_, permission0_.permission_service as permissi4_12_1_, permission0_.permission_status as permissi5_12_1_ from permission permission0_ where permission0_.character_id=?
Hibernate: select count(*) as col_0_0_ from board board0_ where board0_.board_id=?
Hibernate: select U.* from USER U join BOARD B where U.USER_ID = B.USER_ID and B.BOARD_ID = ?
Hibernate: select character0_.character_id as characte1_6_0_, character0_.character_character_name as characte2_6_0_ from characters character0_ where character0_.character_id=?
Hibernate: select count(*) as col_0_0_ from user user0_ where user0_.user_id=?
Hibernate: select character1_.character_id as characte1_6_, character1_.character_character_name as characte2_6_ from user user0_ inner join characters character1_ on user0_.character_id=character1_.character_id where user0_.user_id=?
Hibernate: select permission0_.character_id as characte6_12_0_, permission0_.permission_id as permissi1_12_0_, permission0_.permission_id as permissi1_12_1_, permission0_.character_id as characte6_12_1_, permission0_.permission_name as permissi2_12_1_, permission0_.permission_permission_unit_id as permissi3_12_1_, permission0_.permission_service as permissi4_12_1_, permission0_.permission_status as permissi5_12_1_ from permission permission0_ where permission0_.character_id=?
Hibernate: select count(*) as col_0_0_ from board board0_ where board0_.board_id=?
Hibernate: select board0_.board_id as board_id1_4_0_, board0_.category_id as category7_4_0_, board0_.board_content as board_co2_4_0_, board0_.board_created_at as board_cr3_4_0_, board0_.board_last_modified_at as board_la4_4_0_, board0_.board_title as board_ti5_4_0_, board0_.user_id as user_id8_4_0_, board0_.board_views as board_vi6_4_0_ from board board0_ where board0_.board_id=?
Hibernate: select category0_.category_id as category1_5_0_, category0_.category_name as category2_5_0_ from category category0_ where category0_.category_id=?
Hibernate: select reactionli0_.board_id as board_id3_13_0_, reactionli0_.reaction_id as reaction1_13_0_, reactionli0_.reaction_id as reaction1_13_1_, reactionli0_.board_id as board_id3_13_1_, reactionli0_.reaction_type as reaction2_13_1_ from reaction reactionli0_ where reactionli0_.board_id=?
Hibernate: select reactionus0_.reaction_id as reaction2_14_0_, reactionus0_.reaction_user_id as reaction1_14_0_, reactionus0_.reaction_user_id as reaction1_14_1_, reactionus0_.reaction_id as reaction2_14_1_, reactionus0_.user_id as user_id3_14_1_ from reaction_user reactionus0_ where reactionus0_.reaction_id=?
Hibernate: select reactionus0_.reaction_id as reaction2_14_0_, reactionus0_.reaction_user_id as reaction1_14_0_, reactionus0_.reaction_user_id as reaction1_14_1_, reactionus0_.reaction_id as reaction2_14_1_, reactionus0_.user_id as user_id3_14_1_ from reaction_user reactionus0_ where reactionus0_.reaction_id=?
Hibernate: select reactionus0_.reaction_id as reaction2_14_0_, reactionus0_.reaction_user_id as reaction1_14_0_, reactionus0_.reaction_user_id as reaction1_14_1_, reactionus0_.reaction_id as reaction2_14_1_, reactionus0_.user_id as user_id3_14_1_ from reaction_user reactionus0_ where reactionus0_.reaction_id=?
Hibernate: select reactionus0_.reaction_id as reaction2_14_0_, reactionus0_.reaction_user_id as reaction1_14_0_, reactionus0_.reaction_user_id as reaction1_14_1_, reactionus0_.reaction_id as reaction2_14_1_, reactionus0_.user_id as user_id3_14_1_ from reaction_user reactionus0_ where reactionus0_.reaction_id=?
Hibernate: select reactionus0_.reaction_id as reaction2_14_0_, reactionus0_.reaction_user_id as reaction1_14_0_, reactionus0_.reaction_user_id as reaction1_14_1_, reactionus0_.reaction_id as reaction2_14_1_, reactionus0_.user_id as user_id3_14_1_ from reaction_user reactionus0_ where reactionus0_.reaction_id=?
Hibernate: select reactionus0_.reaction_id as reaction2_14_0_, reactionus0_.reaction_user_id as reaction1_14_0_, reactionus0_.reaction_user_id as reaction1_14_1_, reactionus0_.reaction_id as reaction2_14_1_, reactionus0_.user_id as user_id3_14_1_ from reaction_user reactionus0_ where reactionus0_.reaction_id=?
Hibernate: select commentlis0_.board_id as board_id5_7_0_, commentlis0_.comment_id as comment_1_7_0_, commentlis0_.comment_id as comment_1_7_1_, commentlis0_.board_id as board_id5_7_1_, commentlis0_.comment_content as comment_2_7_1_, commentlis0_.comment_created_at as comment_3_7_1_, commentlis0_.comment_last_modified_at as comment_4_7_1_, commentlis0_.user_id as user_id6_7_1_ from comment commentlis0_ where commentlis0_.board_id=?
Hibernate: select boardlist0_.category_id as category7_4_0_, boardlist0_.board_id as board_id1_4_0_, boardlist0_.board_id as board_id1_4_1_, boardlist0_.category_id as category7_4_1_, boardlist0_.board_content as board_co2_4_1_, boardlist0_.board_created_at as board_cr3_4_1_, boardlist0_.board_last_modified_at as board_la4_4_1_, boardlist0_.board_title as board_ti5_4_1_, boardlist0_.user_id as user_id8_4_1_, boardlist0_.board_views as board_vi6_4_1_ from board boardlist0_ where boardlist0_.category_id=?
Hibernate: select count(comment0_.comment_id) as col_0_0_ from comment comment0_ where comment0_.board_id=?
Hibernate: update board set category_id=?, board_content=?, board_created_at=?, board_last_modified_at=?, board_title=?, user_id=?, board_views=? where board_id=?
Hibernate: select filepathli0_.board_board_id as board_bo1_8_0_, filepathli0_.board_file_path_list as board_fi2_8_0_ from file_path_list filepathli0_ where filepathli0_.board_board_id=?
Hibernate: select imagepathl0_.board_board_id as board_bo1_11_0_, imagepathl0_.board_image_path_list as board_im2_11_0_ from image_path_list imagepathl0_ where imagepathl0_.board_board_id=?
Hibernate: select count(*) as col_0_0_ from board board0_ where board0_.board_id=?
Hibernate: delete from reaction where reaction_id=?
Hibernate: delete from reaction where reaction_id=?
Hibernate: delete from reaction where reaction_id=?
Hibernate: delete from reaction where reaction_id=?
Hibernate: delete from reaction where reaction_id=?
Hibernate: delete from reaction where reaction_id=?
Hibernate: delete from board where board_id=?
Hibernate: select user0_.user_id as user_id1_21_0_, user0_.character_id as characte7_21_0_, user0_.user_created_at as user_cre2_21_0_, user0_.user_name as user_nam3_21_0_, user0_.user_phone_number as user_pho4_21_0_, user0_.user_user_id as user_use5_21_0_, user0_.user_user_password as user_use6_21_0_ from user user0_ where user0_.user_id=?
Hibernate: select character0_.character_id as characte1_6_0_, character0_.character_character_name as characte2_6_0_ from characters character0_ where character0_.character_id=?
Hibernate: select count(*) as col_0_0_ from user user0_ where user0_.user_id=?
Hibernate: select character1_.character_id as characte1_6_, character1_.character_character_name as characte2_6_ from user user0_ inner join characters character1_ on user0_.character_id=character1_.character_id where user0_.user_id=?
Hibernate: select permission0_.character_id as characte6_12_0_, permission0_.permission_id as permissi1_12_0_, permission0_.permission_id as permissi1_12_1_, permission0_.character_id as characte6_12_1_, permission0_.permission_name as permissi2_12_1_, permission0_.permission_permission_unit_id as permissi3_12_1_, permission0_.permission_service as permissi4_12_1_, permission0_.permission_status as permissi5_12_1_ from permission permission0_ where permission0_.character_id=?
Hibernate: select count(*) as col_0_0_ from board board0_ where board0_.board_id=?
Hibernate: select user0_.user_id as col_0_0_ from user user0_ where user0_.user_user_id=? limit ?
Hibernate: select user0_.user_id as col_0_0_ from user user0_ where user0_.user_user_id=? limit ?
Hibernate: select U.* from USER U where U.USER_USER_ID =?
Hibernate: select character0_.character_id as characte1_6_0_, character0_.character_character_name as characte2_6_0_ from characters character0_ where character0_.character_id=?
Hibernate: select user0_.user_id as user_id1_21_0_, user0_.character_id as characte7_21_0_, user0_.user_created_at as user_cre2_21_0_, user0_.user_name as user_nam3_21_0_, user0_.user_phone_number as user_pho4_21_0_, user0_.user_user_id as user_use5_21_0_, user0_.user_user_password as user_use6_21_0_ from user user0_ where user0_.user_id=?
Hibernate: select character0_.character_id as characte1_6_0_, character0_.character_character_name as characte2_6_0_ from characters character0_ where character0_.character_id=?
Hibernate: select category0_.category_id as category1_5_, category0_.category_name as category2_5_ from category category0_
Hibernate: select boardlist0_.category_id as category7_4_0_, boardlist0_.board_id as board_id1_4_0_, boardlist0_.board_id as board_id1_4_1_, boardlist0_.category_id as category7_4_1_, boardlist0_.board_content as board_co2_4_1_, boardlist0_.board_created_at as board_cr3_4_1_, boardlist0_.board_last_modified_at as board_la4_4_1_, boardlist0_.board_title as board_ti5_4_1_, boardlist0_.user_id as user_id8_4_1_, boardlist0_.board_views as board_vi6_4_1_ from board boardlist0_ where boardlist0_.category_id=?
Hibernate: select boardlist0_.category_id as category7_4_0_, boardlist0_.board_id as board_id1_4_0_, boardlist0_.board_id as board_id1_4_1_, boardlist0_.category_id as category7_4_1_, boardlist0_.board_content as board_co2_4_1_, boardlist0_.board_created_at as board_cr3_4_1_, boardlist0_.board_last_modified_at as board_la4_4_1_, boardlist0_.board_title as board_ti5_4_1_, boardlist0_.user_id as user_id8_4_1_, boardlist0_.board_views as board_vi6_4_1_ from board boardlist0_ where boardlist0_.category_id=?
Hibernate: select user0_.user_id as user_id1_21_0_, user0_.character_id as characte7_21_0_, user0_.user_created_at as user_cre2_21_0_, user0_.user_name as user_nam3_21_0_, user0_.user_phone_number as user_pho4_21_0_, user0_.user_user_id as user_use5_21_0_, user0_.user_user_password as user_use6_21_0_ from user user0_ where user0_.user_id=?
Hibernate: select character0_.character_id as characte1_6_0_, character0_.character_character_name as characte2_6_0_ from characters character0_ where character0_.character_id=?
Hibernate: select count(*) as col_0_0_ from user user0_ where user0_.user_id=?
Hibernate: select character1_.character_id as characte1_6_, character1_.character_character_name as characte2_6_ from user user0_ inner join characters character1_ on user0_.character_id=character1_.character_id where user0_.user_id=?
Hibernate: select permission0_.character_id as characte6_12_0_, permission0_.permission_id as permissi1_12_0_, permission0_.permission_id as permissi1_12_1_, permission0_.character_id as characte6_12_1_, permission0_.permission_name as permissi2_12_1_, permission0_.permission_permission_unit_id as permissi3_12_1_, permission0_.permission_service as permissi4_12_1_, permission0_.permission_status as permissi5_12_1_ from permission permission0_ where permission0_.character_id=?
Hibernate: select count(*) as col_0_0_ from category category0_ where category0_.category_id=?
Hibernate: select count(board0_.board_id) as col_0_0_ from board board0_ where board0_.category_id=?
Hibernate: select category0_.category_id as category1_5_0_, category0_.category_name as category2_5_0_ from category category0_ where category0_.category_id=?
Hibernate: select boardlist0_.category_id as category7_4_0_, boardlist0_.board_id as board_id1_4_0_, boardlist0_.board_id as board_id1_4_1_, boardlist0_.category_id as category7_4_1_, boardlist0_.board_content as board_co2_4_1_, boardlist0_.board_created_at as board_cr3_4_1_, boardlist0_.board_last_modified_at as board_la4_4_1_, boardlist0_.board_title as board_ti5_4_1_, boardlist0_.user_id as user_id8_4_1_, boardlist0_.board_views as board_vi6_4_1_ from board boardlist0_ where boardlist0_.category_id=?
Hibernate: delete from category where category_id=?
Hibernate: select user0_.user_id as user_id1_21_0_, user0_.character_id as characte7_21_0_, user0_.user_created_at as user_cre2_21_0_, user0_.user_name as user_nam3_21_0_, user0_.user_phone_number as user_pho4_21_0_, user0_.user_user_id as user_use5_21_0_, user0_.user_user_password as user_use6_21_0_ from user user0_ where user0_.user_id=?
Hibernate: select character0_.character_id as characte1_6_0_, character0_.character_character_name as characte2_6_0_ from characters character0_ where character0_.character_id=?
Hibernate: select count(*) as col_0_0_ from user user0_ where user0_.user_id=?
Hibernate: select character1_.character_id as characte1_6_, character1_.character_character_name as characte2_6_ from user user0_ inner join characters character1_ on user0_.character_id=character1_.character_id where user0_.user_id=?
Hibernate: select permission0_.character_id as characte6_12_0_, permission0_.permission_id as permissi1_12_0_, permission0_.permission_id as permissi1_12_1_, permission0_.character_id as characte6_12_1_, permission0_.permission_name as permissi2_12_1_, permission0_.permission_permission_unit_id as permissi3_12_1_, permission0_.permission_service as permissi4_12_1_, permission0_.permission_status as permissi5_12_1_ from permission permission0_ where permission0_.character_id=?
Hibernate: select count(*) as col_0_0_ from category category0_ where category0_.category_id=?
Hibernate: select count(board0_.board_id) as col_0_0_ from board board0_ where board0_.category_id=?
Hibernate: select category0_.category_id as category1_5_0_, category0_.category_name as category2_5_0_ from category category0_ where category0_.category_id=?
Hibernate: select boardlist0_.category_id as category7_4_0_, boardlist0_.board_id as board_id1_4_0_, boardlist0_.board_id as board_id1_4_1_, boardlist0_.category_id as category7_4_1_, boardlist0_.board_content as board_co2_4_1_, boardlist0_.board_created_at as board_cr3_4_1_, boardlist0_.board_last_modified_at as board_la4_4_1_, boardlist0_.board_title as board_ti5_4_1_, boardlist0_.user_id as user_id8_4_1_, boardlist0_.board_views as board_vi6_4_1_ from board boardlist0_ where boardlist0_.category_id=?
Hibernate: delete from category where category_id=?
Hibernate: select user0_.user_id as user_id1_21_0_, user0_.character_id as characte7_21_0_, user0_.user_created_at as user_cre2_21_0_, user0_.user_name as user_nam3_21_0_, user0_.user_phone_number as user_pho4_21_0_, user0_.user_user_id as user_use5_21_0_, user0_.user_user_password as user_use6_21_0_ from user user0_ where user0_.user_id=?
Hibernate: select character0_.character_id as characte1_6_0_, character0_.character_character_name as characte2_6_0_ from characters character0_ where character0_.character_id=?
Hibernate: select count(*) as col_0_0_ from user user0_ where user0_.user_id=?
Hibernate: select character1_.character_id as characte1_6_, character1_.character_character_name as characte2_6_ from user user0_ inner join characters character1_ on user0_.character_id=character1_.character_id where user0_.user_id=?
Hibernate: select permission0_.character_id as characte6_12_0_, permission0_.permission_id as permissi1_12_0_, permission0_.permission_id as permissi1_12_1_, permission0_.character_id as characte6_12_1_, permission0_.permission_name as permissi2_12_1_, permission0_.permission_permission_unit_id as permissi3_12_1_, permission0_.permission_service as permissi4_12_1_, permission0_.permission_status as permissi5_12_1_ from permission permission0_ where permission0_.character_id=?
Hibernate: select category0_.category_id as col_0_0_ from category category0_ where category0_.category_name=? limit ?
Hibernate: select category0_.category_id as category1_5_1_, category0_.category_name as category2_5_1_, boardlist1_.category_id as category7_4_3_, boardlist1_.board_id as board_id1_4_3_, boardlist1_.board_id as board_id1_4_0_, boardlist1_.category_id as category7_4_0_, boardlist1_.board_content as board_co2_4_0_, boardlist1_.board_created_at as board_cr3_4_0_, boardlist1_.board_last_modified_at as board_la4_4_0_, boardlist1_.board_title as board_ti5_4_0_, boardlist1_.user_id as user_id8_4_0_, boardlist1_.board_views as board_vi6_4_0_ from category category0_ left outer join board boardlist1_ on category0_.category_id=boardlist1_.category_id where category0_.category_id=?
Hibernate: insert into category (category_id, category_name) values (default, ?)
Hibernate: select user0_.user_id as user_id1_21_0_, user0_.character_id as characte7_21_0_, user0_.user_created_at as user_cre2_21_0_, user0_.user_name as user_nam3_21_0_, user0_.user_phone_number as user_pho4_21_0_, user0_.user_user_id as user_use5_21_0_, user0_.user_user_password as user_use6_21_0_ from user user0_ where user0_.user_id=?
Hibernate: select character0_.character_id as characte1_6_0_, character0_.character_character_name as characte2_6_0_ from characters character0_ where character0_.character_id=?
Hibernate: select count(*) as col_0_0_ from user user0_ where user0_.user_id=?
Hibernate: select character1_.character_id as characte1_6_, character1_.character_character_name as characte2_6_ from user user0_ inner join characters character1_ on user0_.character_id=character1_.character_id where user0_.user_id=?
Hibernate: select permission0_.character_id as characte6_12_0_, permission0_.permission_id as permissi1_12_0_, permission0_.permission_id as permissi1_12_1_, permission0_.character_id as characte6_12_1_, permission0_.permission_name as permissi2_12_1_, permission0_.permission_permission_unit_id as permissi3_12_1_, permission0_.permission_service as permissi4_12_1_, permission0_.permission_status as permissi5_12_1_ from permission permission0_ where permission0_.character_id=?
Hibernate: select category0_.category_id as col_0_0_ from category category0_ where category0_.category_name=? limit ?
Hibernate: select category0_.category_id as category1_5_1_, category0_.category_name as category2_5_1_, boardlist1_.category_id as category7_4_3_, boardlist1_.board_id as board_id1_4_3_, boardlist1_.board_id as board_id1_4_0_, boardlist1_.category_id as category7_4_0_, boardlist1_.board_content as board_co2_4_0_, boardlist1_.board_created_at as board_cr3_4_0_, boardlist1_.board_last_modified_at as board_la4_4_0_, boardlist1_.board_title as board_ti5_4_0_, boardlist1_.user_id as user_id8_4_0_, boardlist1_.board_views as board_vi6_4_0_ from category category0_ left outer join board boardlist1_ on category0_.category_id=boardlist1_.category_id where category0_.category_id=?
Hibernate: insert into category (category_id, category_name) values (default, ?)
Hibernate: select user0_.user_id as col_0_0_ from user user0_ where user0_.user_user_id=? limit ?
Hibernate: select user0_.user_id as col_0_0_ from user user0_ where user0_.user_user_id=? limit ?
Hibernate: select U.* from USER U where U.USER_USER_ID =?
Hibernate: select character0_.character_id as characte1_6_0_, character0_.character_character_name as characte2_6_0_ from characters character0_ where character0_.character_id=?
Hibernate: select user0_.user_id as col_0_0_ from user user0_ where user0_.user_user_id=? limit ?
Hibernate: select user0_.user_id as user_id1_21_, user0_.character_id as characte7_21_, user0_.user_created_at as user_cre2_21_, user0_.user_name as user_nam3_21_, user0_.user_phone_number as user_pho4_21_, user0_.user_user_id as user_use5_21_, user0_.user_user_password as user_use6_21_ from user user0_ inner join characters character1_ on user0_.character_id=character1_.character_id where user0_.user_user_id=?
Hibernate: select character0_.character_id as characte1_6_0_, character0_.character_character_name as characte2_6_0_ from characters character0_ where character0_.character_id=?
Hibernate: select rewardtagw0_.user_id as user_id4_16_0_, rewardtagw0_.reward_tag_wrapper_reward_id as reward_t1_16_0_, rewardtagw0_.reward_tag_wrapper_reward_id as reward_t1_16_1_, rewardtagw0_.reward_tag_wrapper_reward_presented_at as reward_t2_16_1_, rewardtagw0_.reward_tag_reward_tag_id as reward_t3_16_1_, rewardtagw0_.user_id as user_id4_16_1_ from reward_tag_wrapper rewardtagw0_ where rewardtagw0_.user_id=?
Hibernate: select user0_.user_id as user_id1_21_0_, user0_.character_id as characte7_21_0_, user0_.user_created_at as user_cre2_21_0_, user0_.user_name as user_nam3_21_0_, user0_.user_phone_number as user_pho4_21_0_, user0_.user_user_id as user_use5_21_0_, user0_.user_user_password as user_use6_21_0_ from user user0_ where user0_.user_id=?
Hibernate: select character0_.character_id as characte1_6_0_, character0_.character_character_name as characte2_6_0_ from characters character0_ where character0_.character_id=?
Hibernate: select count(*) as col_0_0_ from user user0_ where user0_.user_id=?
Hibernate: select character1_.character_id as characte1_6_, character1_.character_character_name as characte2_6_ from user user0_ inner join characters character1_ on user0_.character_id=character1_.character_id where user0_.user_id=?
Hibernate: select permission0_.character_id as characte6_12_0_, permission0_.permission_id as permissi1_12_0_, permission0_.permission_id as permissi1_12_1_, permission0_.character_id as characte6_12_1_, permission0_.permission_name as permissi2_12_1_, permission0_.permission_permission_unit_id as permissi3_12_1_, permission0_.permission_service as permissi4_12_1_, permission0_.permission_status as permissi5_12_1_ from permission permission0_ where permission0_.character_id=?
Hibernate: select count(*) as col_0_0_ from user user0_ where user0_.user_id=?
Hibernate: select user0_.user_id as user_id1_21_, user0_.character_id as characte7_21_, user0_.user_created_at as user_cre2_21_, user0_.user_name as user_nam3_21_, user0_.user_phone_number as user_pho4_21_, user0_.user_user_id as user_use5_21_, user0_.user_user_password as user_use6_21_ from user user0_ where user0_.user_id=?
Hibernate: select character0_.character_id as characte1_6_0_, character0_.character_character_name as characte2_6_0_ from characters character0_ where character0_.character_id=?
Hibernate: select rewardtagw0_.user_id as user_id4_16_0_, rewardtagw0_.reward_tag_wrapper_reward_id as reward_t1_16_0_, rewardtagw0_.reward_tag_wrapper_reward_id as reward_t1_16_1_, rewardtagw0_.reward_tag_wrapper_reward_presented_at as reward_t2_16_1_, rewardtagw0_.reward_tag_reward_tag_id as reward_t3_16_1_, rewardtagw0_.user_id as user_id4_16_1_ from reward_tag_wrapper rewardtagw0_ where rewardtagw0_.user_id=?
Hibernate: select attendance0_.attendance_user_attendance_user_id as col_0_0_ from attendance_user attendance0_ where attendance0_.user_id=? limit ?
Hibernate: DELETE FROM USER WHERE USER_ID = ?
Hibernate: select user0_.user_id as col_0_0_ from user user0_ where user0_.user_user_id=? limit ?
Hibernate: select user0_.user_id as col_0_0_ from user user0_ where user0_.user_user_id=? limit ?
Hibernate: select U.* from USER U where U.USER_USER_ID =?
Hibernate: select character0_.character_id as characte1_6_0_, character0_.character_character_name as characte2_6_0_ from characters character0_ where character0_.character_id=?
Hibernate: select user0_.user_id as user_id1_21_0_, user0_.character_id as characte7_21_0_, user0_.user_created_at as user_cre2_21_0_, user0_.user_name as user_nam3_21_0_, user0_.user_phone_number as user_pho4_21_0_, user0_.user_user_id as user_use5_21_0_, user0_.user_user_password as user_use6_21_0_ from user user0_ where user0_.user_id=?
Hibernate: select character0_.character_id as characte1_6_0_, character0_.character_character_name as characte2_6_0_ from characters character0_ where character0_.character_id=?
Hibernate: select count(*) as col_0_0_ from board board0_
Hibernate: select count(*) as col_0_0_ from board board0_
Hibernate: select user0_.user_id as col_0_0_ from user user0_ where user0_.user_user_id=? limit ?
Hibernate: select user0_.user_id as col_0_0_ from user user0_ where user0_.user_user_id=? limit ?
Hibernate: select U.* from USER U where U.USER_USER_ID =?
Hibernate: select character0_.character_id as characte1_6_0_, character0_.character_character_name as characte2_6_0_ from characters character0_ where character0_.character_id=?
Hibernate: select user0_.user_id as user_id1_21_0_, user0_.character_id as characte7_21_0_, user0_.user_created_at as user_cre2_21_0_, user0_.user_name as user_nam3_21_0_, user0_.user_phone_number as user_pho4_21_0_, user0_.user_user_id as user_use5_21_0_, user0_.user_user_password as user_use6_21_0_ from user user0_ where user0_.user_id=?
Hibernate: select character0_.character_id as characte1_6_0_, character0_.character_character_name as characte2_6_0_ from characters character0_ where character0_.character_id=?
Hibernate: select category0_.category_id as category1_5_, category0_.category_name as category2_5_ from category category0_
Hibernate: select boardlist0_.category_id as category7_4_0_, boardlist0_.board_id as board_id1_4_0_, boardlist0_.board_id as board_id1_4_1_, boardlist0_.category_id as category7_4_1_, boardlist0_.board_content as board_co2_4_1_, boardlist0_.board_created_at as board_cr3_4_1_, boardlist0_.board_last_modified_at as board_la4_4_1_, boardlist0_.board_title as board_ti5_4_1_, boardlist0_.user_id as user_id8_4_1_, boardlist0_.board_views as board_vi6_4_1_ from board boardlist0_ where boardlist0_.category_id=?
Hibernate: select boardlist0_.category_id as category7_4_0_, boardlist0_.board_id as board_id1_4_0_, boardlist0_.board_id as board_id1_4_1_, boardlist0_.category_id as category7_4_1_, boardlist0_.board_content as board_co2_4_1_, boardlist0_.board_created_at as board_cr3_4_1_, boardlist0_.board_last_modified_at as board_la4_4_1_, boardlist0_.board_title as board_ti5_4_1_, boardlist0_.user_id as user_id8_4_1_, boardlist0_.board_views as board_vi6_4_1_ from board boardlist0_ where boardlist0_.category_id=?
Hibernate: select user0_.user_id as user_id1_21_0_, user0_.character_id as characte7_21_0_, user0_.user_created_at as user_cre2_21_0_, user0_.user_name as user_nam3_21_0_, user0_.user_phone_number as user_pho4_21_0_, user0_.user_user_id as user_use5_21_0_, user0_.user_user_password as user_use6_21_0_ from user user0_ where user0_.user_id=?
Hibernate: select character0_.character_id as characte1_6_0_, character0_.character_character_name as characte2_6_0_ from characters character0_ where character0_.character_id=?
Hibernate: select count(*) as col_0_0_ from user user0_ where user0_.user_id=?
Hibernate: select character1_.character_id as characte1_6_, character1_.character_character_name as characte2_6_ from user user0_ inner join characters character1_ on user0_.character_id=character1_.character_id where user0_.user_id=?
Hibernate: select permission0_.character_id as characte6_12_0_, permission0_.permission_id as permissi1_12_0_, permission0_.permission_id as permissi1_12_1_, permission0_.character_id as characte6_12_1_, permission0_.permission_name as permissi2_12_1_, permission0_.permission_permission_unit_id as permissi3_12_1_, permission0_.permission_service as permissi4_12_1_, permission0_.permission_status as permissi5_12_1_ from permission permission0_ where permission0_.character_id=?
Hibernate: select count(*) as col_0_0_ from category category0_ where category0_.category_id=?
Hibernate: select count(board0_.board_id) as col_0_0_ from board board0_ where board0_.category_id=?
Hibernate: select category0_.category_id as category1_5_0_, category0_.category_name as category2_5_0_ from category category0_ where category0_.category_id=?
Hibernate: select boardlist0_.category_id as category7_4_0_, boardlist0_.board_id as board_id1_4_0_, boardlist0_.board_id as board_id1_4_1_, boardlist0_.category_id as category7_4_1_, boardlist0_.board_content as board_co2_4_1_, boardlist0_.board_created_at as board_cr3_4_1_, boardlist0_.board_last_modified_at as board_la4_4_1_, boardlist0_.board_title as board_ti5_4_1_, boardlist0_.user_id as user_id8_4_1_, boardlist0_.board_views as board_vi6_4_1_ from board boardlist0_ where boardlist0_.category_id=?
Hibernate: delete from category where category_id=?
Hibernate: select user0_.user_id as user_id1_21_0_, user0_.character_id as characte7_21_0_, user0_.user_created_at as user_cre2_21_0_, user0_.user_name as user_nam3_21_0_, user0_.user_phone_number as user_pho4_21_0_, user0_.user_user_id as user_use5_21_0_, user0_.user_user_password as user_use6_21_0_ from user user0_ where user0_.user_id=?
Hibernate: select character0_.character_id as characte1_6_0_, character0_.character_character_name as characte2_6_0_ from characters character0_ where character0_.character_id=?
Hibernate: select count(*) as col_0_0_ from user user0_ where user0_.user_id=?
Hibernate: select character1_.character_id as characte1_6_, character1_.character_character_name as characte2_6_ from user user0_ inner join characters character1_ on user0_.character_id=character1_.character_id where user0_.user_id=?
Hibernate: select permission0_.character_id as characte6_12_0_, permission0_.permission_id as permissi1_12_0_, permission0_.permission_id as permissi1_12_1_, permission0_.character_id as characte6_12_1_, permission0_.permission_name as permissi2_12_1_, permission0_.permission_permission_unit_id as permissi3_12_1_, permission0_.permission_service as permissi4_12_1_, permission0_.permission_status as permissi5_12_1_ from permission permission0_ where permission0_.character_id=?
Hibernate: select count(*) as col_0_0_ from category category0_ where category0_.category_id=?
Hibernate: select count(board0_.board_id) as col_0_0_ from board board0_ where board0_.category_id=?
Hibernate: select category0_.category_id as category1_5_0_, category0_.category_name as category2_5_0_ from category category0_ where category0_.category_id=?
Hibernate: select boardlist0_.category_id as category7_4_0_, boardlist0_.board_id as board_id1_4_0_, boardlist0_.board_id as board_id1_4_1_, boardlist0_.category_id as category7_4_1_, boardlist0_.board_content as board_co2_4_1_, boardlist0_.board_created_at as board_cr3_4_1_, boardlist0_.board_last_modified_at as board_la4_4_1_, boardlist0_.board_title as board_ti5_4_1_, boardlist0_.user_id as user_id8_4_1_, boardlist0_.board_views as board_vi6_4_1_ from board boardlist0_ where boardlist0_.category_id=?
Hibernate: delete from category where category_id=?
Hibernate: select user0_.user_id as user_id1_21_0_, user0_.character_id as characte7_21_0_, user0_.user_created_at as user_cre2_21_0_, user0_.user_name as user_nam3_21_0_, user0_.user_phone_number as user_pho4_21_0_, user0_.user_user_id as user_use5_21_0_, user0_.user_user_password as user_use6_21_0_ from user user0_ where user0_.user_id=?
Hibernate: select character0_.character_id as characte1_6_0_, character0_.character_character_name as characte2_6_0_ from characters character0_ where character0_.character_id=?
Hibernate: select count(*) as col_0_0_ from user user0_ where user0_.user_id=?
Hibernate: select character1_.character_id as characte1_6_, character1_.character_character_name as characte2_6_ from user user0_ inner join characters character1_ on user0_.character_id=character1_.character_id where user0_.user_id=?
Hibernate: select permission0_.character_id as characte6_12_0_, permission0_.permission_id as permissi1_12_0_, permission0_.permission_id as permissi1_12_1_, permission0_.character_id as characte6_12_1_, permission0_.permission_name as permissi2_12_1_, permission0_.permission_permission_unit_id as permissi3_12_1_, permission0_.permission_service as permissi4_12_1_, permission0_.permission_status as permissi5_12_1_ from permission permission0_ where permission0_.character_id=?
Hibernate: select category0_.category_id as col_0_0_ from category category0_ where category0_.category_name=? limit ?
Hibernate: select category0_.category_id as category1_5_1_, category0_.category_name as category2_5_1_, boardlist1_.category_id as category7_4_3_, boardlist1_.board_id as board_id1_4_3_, boardlist1_.board_id as board_id1_4_0_, boardlist1_.category_id as category7_4_0_, boardlist1_.board_content as board_co2_4_0_, boardlist1_.board_created_at as board_cr3_4_0_, boardlist1_.board_last_modified_at as board_la4_4_0_, boardlist1_.board_title as board_ti5_4_0_, boardlist1_.user_id as user_id8_4_0_, boardlist1_.board_views as board_vi6_4_0_ from category category0_ left outer join board boardlist1_ on category0_.category_id=boardlist1_.category_id where category0_.category_id=?
Hibernate: insert into category (category_id, category_name) values (default, ?)
Hibernate: select user0_.user_id as user_id1_21_0_, user0_.character_id as characte7_21_0_, user0_.user_created_at as user_cre2_21_0_, user0_.user_name as user_nam3_21_0_, user0_.user_phone_number as user_pho4_21_0_, user0_.user_user_id as user_use5_21_0_, user0_.user_user_password as user_use6_21_0_ from user user0_ where user0_.user_id=?
Hibernate: select character0_.character_id as characte1_6_0_, character0_.character_character_name as characte2_6_0_ from characters character0_ where character0_.character_id=?
Hibernate: select count(*) as col_0_0_ from user user0_ where user0_.user_id=?
Hibernate: select character1_.character_id as characte1_6_, character1_.character_character_name as characte2_6_ from user user0_ inner join characters character1_ on user0_.character_id=character1_.character_id where user0_.user_id=?
Hibernate: select permission0_.character_id as characte6_12_0_, permission0_.permission_id as permissi1_12_0_, permission0_.permission_id as permissi1_12_1_, permission0_.character_id as characte6_12_1_, permission0_.permission_name as permissi2_12_1_, permission0_.permission_permission_unit_id as permissi3_12_1_, permission0_.permission_service as permissi4_12_1_, permission0_.permission_status as permissi5_12_1_ from permission permission0_ where permission0_.character_id=?
Hibernate: select category0_.category_id as col_0_0_ from category category0_ where category0_.category_name=? limit ?
Hibernate: select category0_.category_id as category1_5_1_, category0_.category_name as category2_5_1_, boardlist1_.category_id as category7_4_3_, boardlist1_.board_id as board_id1_4_3_, boardlist1_.board_id as board_id1_4_0_, boardlist1_.category_id as category7_4_0_, boardlist1_.board_content as board_co2_4_0_, boardlist1_.board_created_at as board_cr3_4_0_, boardlist1_.board_last_modified_at as board_la4_4_0_, boardlist1_.board_title as board_ti5_4_0_, boardlist1_.user_id as user_id8_4_0_, boardlist1_.board_views as board_vi6_4_0_ from category category0_ left outer join board boardlist1_ on category0_.category_id=boardlist1_.category_id where category0_.category_id=?
Hibernate: insert into category (category_id, category_name) values (default, ?)
Hibernate: select user0_.user_id as col_0_0_ from user user0_ where user0_.user_user_id=? limit ?
Hibernate: select user0_.user_id as col_0_0_ from user user0_ where user0_.user_user_id=? limit ?
Hibernate: select U.* from USER U where U.USER_USER_ID =?
Hibernate: select character0_.character_id as characte1_6_0_, character0_.character_character_name as characte2_6_0_ from characters character0_ where character0_.character_id=?
Hibernate: select user0_.user_id as col_0_0_ from user user0_ where user0_.user_user_id=? limit ?
Hibernate: select user0_.user_id as col_0_0_ from user user0_ where user0_.user_user_id=? limit ?
Hibernate: select U.* from USER U where U.USER_USER_ID =?
Hibernate: select character0_.character_id as characte1_6_0_, character0_.character_character_name as characte2_6_0_ from characters character0_ where character0_.character_id=?
Hibernate: select user0_.user_id as user_id1_21_0_, user0_.character_id as characte7_21_0_, user0_.user_created_at as user_cre2_21_0_, user0_.user_name as user_nam3_21_0_, user0_.user_phone_number as user_pho4_21_0_, user0_.user_user_id as user_use5_21_0_, user0_.user_user_password as user_use6_21_0_ from user user0_ where user0_.user_id=?
Hibernate: select character0_.character_id as characte1_6_0_, character0_.character_character_name as characte2_6_0_ from characters character0_ where character0_.character_id=?
Hibernate: select count(*) as col_0_0_ from user user0_ where user0_.user_id=?
Hibernate: select character1_.character_id as characte1_6_, character1_.character_character_name as characte2_6_ from user user0_ inner join characters character1_ on user0_.character_id=character1_.character_id where user0_.user_id=?
Hibernate: select permission0_.character_id as characte6_12_0_, permission0_.permission_id as permissi1_12_0_, permission0_.permission_id as permissi1_12_1_, permission0_.character_id as characte6_12_1_, permission0_.permission_name as permissi2_12_1_, permission0_.permission_permission_unit_id as permissi3_12_1_, permission0_.permission_service as permissi4_12_1_, permission0_.permission_status as permissi5_12_1_ from permission permission0_ where permission0_.character_id=?
Hibernate: select category0_.category_id as col_0_0_ from category category0_ where category0_.category_name=? limit ?
Hibernate: select category0_.category_id as category1_5_1_, category0_.category_name as category2_5_1_, boardlist1_.category_id as category7_4_3_, boardlist1_.board_id as board_id1_4_3_, boardlist1_.board_id as board_id1_4_0_, boardlist1_.category_id as category7_4_0_, boardlist1_.board_content as board_co2_4_0_, boardlist1_.board_created_at as board_cr3_4_0_, boardlist1_.board_last_modified_at as board_la4_4_0_, boardlist1_.board_title as board_ti5_4_0_, boardlist1_.user_id as user_id8_4_0_, boardlist1_.board_views as board_vi6_4_0_ from category category0_ left outer join board boardlist1_ on category0_.category_id=boardlist1_.category_id where category0_.category_id=?
Hibernate: insert into category (category_id, category_name) values (default, ?)
Hibernate: select user0_.user_id as user_id1_21_0_, user0_.character_id as characte7_21_0_, user0_.user_created_at as user_cre2_21_0_, user0_.user_name as user_nam3_21_0_, user0_.user_phone_number as user_pho4_21_0_, user0_.user_user_id as user_use5_21_0_, user0_.user_user_password as user_use6_21_0_ from user user0_ where user0_.user_id=?
Hibernate: select character0_.character_id as characte1_6_0_, character0_.character_character_name as characte2_6_0_ from characters character0_ where character0_.character_id=?
Hibernate: select category0_.category_id as category1_5_, category0_.category_name as category2_5_ from category category0_
Hibernate: select boardlist0_.category_id as category7_4_0_, boardlist0_.board_id as board_id1_4_0_, boardlist0_.board_id as board_id1_4_1_, boardlist0_.category_id as category7_4_1_, boardlist0_.board_content as board_co2_4_1_, boardlist0_.board_created_at as board_cr3_4_1_, boardlist0_.board_last_modified_at as board_la4_4_1_, boardlist0_.board_title as board_ti5_4_1_, boardlist0_.user_id as user_id8_4_1_, boardlist0_.board_views as board_vi6_4_1_ from board boardlist0_ where boardlist0_.category_id=?
Hibernate: select boardlist0_.category_id as category7_4_0_, boardlist0_.board_id as board_id1_4_0_, boardlist0_.board_id as board_id1_4_1_, boardlist0_.category_id as category7_4_1_, boardlist0_.board_content as board_co2_4_1_, boardlist0_.board_created_at as board_cr3_4_1_, boardlist0_.board_last_modified_at as board_la4_4_1_, boardlist0_.board_title as board_ti5_4_1_, boardlist0_.user_id as user_id8_4_1_, boardlist0_.board_views as board_vi6_4_1_ from board boardlist0_ where boardlist0_.category_id=?
Hibernate: select boardlist0_.category_id as category7_4_0_, boardlist0_.board_id as board_id1_4_0_, boardlist0_.board_id as board_id1_4_1_, boardlist0_.category_id as category7_4_1_, boardlist0_.board_content as board_co2_4_1_, boardlist0_.board_created_at as board_cr3_4_1_, boardlist0_.board_last_modified_at as board_la4_4_1_, boardlist0_.board_title as board_ti5_4_1_, boardlist0_.user_id as user_id8_4_1_, boardlist0_.board_views as board_vi6_4_1_ from board boardlist0_ where boardlist0_.category_id=?
Hibernate: select user0_.user_id as user_id1_21_0_, user0_.character_id as characte7_21_0_, user0_.user_created_at as user_cre2_21_0_, user0_.user_name as user_nam3_21_0_, user0_.user_phone_number as user_pho4_21_0_, user0_.user_user_id as user_use5_21_0_, user0_.user_user_password as user_use6_21_0_ from user user0_ where user0_.user_id=?
Hibernate: select character0_.character_id as characte1_6_0_, character0_.character_character_name as characte2_6_0_ from characters character0_ where character0_.character_id=?
Hibernate: select count(*) as col_0_0_ from user user0_ where user0_.user_id=?
Hibernate: select character1_.character_id as characte1_6_, character1_.character_character_name as characte2_6_ from user user0_ inner join characters character1_ on user0_.character_id=character1_.character_id where user0_.user_id=?
Hibernate: select permission0_.character_id as characte6_12_0_, permission0_.permission_id as permissi1_12_0_, permission0_.permission_id as permissi1_12_1_, permission0_.character_id as characte6_12_1_, permission0_.permission_name as permissi2_12_1_, permission0_.permission_permission_unit_id as permissi3_12_1_, permission0_.permission_service as permissi4_12_1_, permission0_.permission_status as permissi5_12_1_ from permission permission0_ where permission0_.character_id=?
Hibernate: select count(*) as col_0_0_ from category category0_ where category0_.category_id=?
Hibernate: insert into filename (filename_id, filename_origin, filename_uuid) values (default, ?, ?)
Hibernate: select category0_.category_id as category1_5_0_, category0_.category_name as category2_5_0_ from category category0_ where category0_.category_id=?
Hibernate: insert into board (board_id, category_id, board_content, board_created_at, board_last_modified_at, board_title, user_id, board_views) values (default, ?, ?, ?, ?, ?, ?, ?)
Hibernate: insert into reaction (reaction_id, board_id, reaction_type) values (default, ?, ?)
Hibernate: insert into reaction (reaction_id, board_id, reaction_type) values (default, ?, ?)
Hibernate: insert into reaction (reaction_id, board_id, reaction_type) values (default, ?, ?)
Hibernate: insert into reaction (reaction_id, board_id, reaction_type) values (default, ?, ?)
Hibernate: insert into reaction (reaction_id, board_id, reaction_type) values (default, ?, ?)
Hibernate: insert into reaction (reaction_id, board_id, reaction_type) values (default, ?, ?)
Hibernate: insert into file_path_list (board_board_id, board_file_path_list) values (?, ?)
Hibernate: select user0_.user_id as col_0_0_ from user user0_ where user0_.user_user_id=? limit ?
Hibernate: select user0_.user_id as col_0_0_ from user user0_ where user0_.user_user_id=? limit ?
Hibernate: select U.* from USER U where U.USER_USER_ID =?
Hibernate: select character0_.character_id as characte1_6_0_, character0_.character_character_name as characte2_6_0_ from characters character0_ where character0_.character_id=?
Hibernate: select user0_.user_id as user_id1_21_0_, user0_.character_id as characte7_21_0_, user0_.user_created_at as user_cre2_21_0_, user0_.user_name as user_nam3_21_0_, user0_.user_phone_number as user_pho4_21_0_, user0_.user_user_id as user_use5_21_0_, user0_.user_user_password as user_use6_21_0_ from user user0_ where user0_.user_id=?
Hibernate: select character0_.character_id as characte1_6_0_, character0_.character_character_name as characte2_6_0_ from characters character0_ where character0_.character_id=?
Hibernate: select count(*) as col_0_0_ from board board0_
Hibernate: select board0_.board_id as board_id1_4_, board0_.category_id as category7_4_, board0_.board_content as board_co2_4_, board0_.board_created_at as board_cr3_4_, board0_.board_last_modified_at as board_la4_4_, board0_.board_title as board_ti5_4_, board0_.user_id as user_id8_4_, board0_.board_views as board_vi6_4_ from board board0_ limit ?
Hibernate: select category0_.category_id as category1_5_0_, category0_.category_name as category2_5_0_ from category category0_ where category0_.category_id=?
Hibernate: select reactionli0_.board_id as board_id3_13_0_, reactionli0_.reaction_id as reaction1_13_0_, reactionli0_.reaction_id as reaction1_13_1_, reactionli0_.board_id as board_id3_13_1_, reactionli0_.reaction_type as reaction2_13_1_ from reaction reactionli0_ where reactionli0_.board_id=?
Hibernate: select reactionus0_.reaction_id as reaction2_14_0_, reactionus0_.reaction_user_id as reaction1_14_0_, reactionus0_.reaction_user_id as reaction1_14_1_, reactionus0_.reaction_id as reaction2_14_1_, reactionus0_.user_id as user_id3_14_1_ from reaction_user reactionus0_ where reactionus0_.reaction_id=?
Hibernate: select reactionus0_.reaction_id as reaction2_14_0_, reactionus0_.reaction_user_id as reaction1_14_0_, reactionus0_.reaction_user_id as reaction1_14_1_, reactionus0_.reaction_id as reaction2_14_1_, reactionus0_.user_id as user_id3_14_1_ from reaction_user reactionus0_ where reactionus0_.reaction_id=?
Hibernate: select reactionus0_.reaction_id as reaction2_14_0_, reactionus0_.reaction_user_id as reaction1_14_0_, reactionus0_.reaction_user_id as reaction1_14_1_, reactionus0_.reaction_id as reaction2_14_1_, reactionus0_.user_id as user_id3_14_1_ from reaction_user reactionus0_ where reactionus0_.reaction_id=?
Hibernate: select reactionus0_.reaction_id as reaction2_14_0_, reactionus0_.reaction_user_id as reaction1_14_0_, reactionus0_.reaction_user_id as reaction1_14_1_, reactionus0_.reaction_id as reaction2_14_1_, reactionus0_.user_id as user_id3_14_1_ from reaction_user reactionus0_ where reactionus0_.reaction_id=?
Hibernate: select reactionus0_.reaction_id as reaction2_14_0_, reactionus0_.reaction_user_id as reaction1_14_0_, reactionus0_.reaction_user_id as reaction1_14_1_, reactionus0_.reaction_id as reaction2_14_1_, reactionus0_.user_id as user_id3_14_1_ from reaction_user reactionus0_ where reactionus0_.reaction_id=?
Hibernate: select reactionus0_.reaction_id as reaction2_14_0_, reactionus0_.reaction_user_id as reaction1_14_0_, reactionus0_.reaction_user_id as reaction1_14_1_, reactionus0_.reaction_id as reaction2_14_1_, reactionus0_.user_id as user_id3_14_1_ from reaction_user reactionus0_ where reactionus0_.reaction_id=?
Hibernate: select commentlis0_.board_id as board_id5_7_0_, commentlis0_.comment_id as comment_1_7_0_, commentlis0_.comment_id as comment_1_7_1_, commentlis0_.board_id as board_id5_7_1_, commentlis0_.comment_content as comment_2_7_1_, commentlis0_.comment_created_at as comment_3_7_1_, commentlis0_.comment_last_modified_at as comment_4_7_1_, commentlis0_.user_id as user_id6_7_1_ from comment commentlis0_ where commentlis0_.board_id=?
Hibernate: select boardlist0_.category_id as category7_4_0_, boardlist0_.board_id as board_id1_4_0_, boardlist0_.board_id as board_id1_4_1_, boardlist0_.category_id as category7_4_1_, boardlist0_.board_content as board_co2_4_1_, boardlist0_.board_created_at as board_cr3_4_1_, boardlist0_.board_last_modified_at as board_la4_4_1_, boardlist0_.board_title as board_ti5_4_1_, boardlist0_.user_id as user_id8_4_1_, boardlist0_.board_views as board_vi6_4_1_ from board boardlist0_ where boardlist0_.category_id=?
Hibernate: select count(comment0_.comment_id) as col_0_0_ from comment comment0_ where comment0_.board_id=?
Hibernate: select count(*) as col_0_0_ from board board0_
Hibernate: select imagepathl0_.board_board_id as board_bo1_11_0_, imagepathl0_.board_image_path_list as board_im2_11_0_ from image_path_list imagepathl0_ where imagepathl0_.board_board_id=?
Hibernate: select filepathli0_.board_board_id as board_bo1_8_0_, filepathli0_.board_file_path_list as board_fi2_8_0_ from file_path_list filepathli0_ where filepathli0_.board_board_id=?
Hibernate: select filename0_.filename_id as filename1_9_, filename0_.filename_origin as filename2_9_, filename0_.filename_uuid as filename3_9_ from filename filename0_ where filename0_.filename_uuid=?
Hibernate: select U.* from USER U join BOARD B where U.USER_ID = B.USER_ID and B.BOARD_ID = ?
Hibernate: select character0_.character_id as characte1_6_0_, character0_.character_character_name as characte2_6_0_ from characters character0_ where character0_.character_id=?
Hibernate: select count(*) as col_0_0_ from user user0_ where user0_.user_id=?
Hibernate: select character1_.character_id as characte1_6_, character1_.character_character_name as characte2_6_ from user user0_ inner join characters character1_ on user0_.character_id=character1_.character_id where user0_.user_id=?
Hibernate: select permission0_.character_id as characte6_12_0_, permission0_.permission_id as permissi1_12_0_, permission0_.permission_id as permissi1_12_1_, permission0_.character_id as characte6_12_1_, permission0_.permission_name as permissi2_12_1_, permission0_.permission_permission_unit_id as permissi3_12_1_, permission0_.permission_service as permissi4_12_1_, permission0_.permission_status as permissi5_12_1_ from permission permission0_ where permission0_.character_id=?
Hibernate: select count(*) as col_0_0_ from board board0_ where board0_.board_id=?
Hibernate: select board0_.board_id as board_id1_4_0_, board0_.category_id as category7_4_0_, board0_.board_content as board_co2_4_0_, board0_.board_created_at as board_cr3_4_0_, board0_.board_last_modified_at as board_la4_4_0_, board0_.board_title as board_ti5_4_0_, board0_.user_id as user_id8_4_0_, board0_.board_views as board_vi6_4_0_ from board board0_ where board0_.board_id=?
Hibernate: select category0_.category_id as category1_5_0_, category0_.category_name as category2_5_0_ from category category0_ where category0_.category_id=?
Hibernate: select reactionli0_.board_id as board_id3_13_0_, reactionli0_.reaction_id as reaction1_13_0_, reactionli0_.reaction_id as reaction1_13_1_, reactionli0_.board_id as board_id3_13_1_, reactionli0_.reaction_type as reaction2_13_1_ from reaction reactionli0_ where reactionli0_.board_id=?
Hibernate: select reactionus0_.reaction_id as reaction2_14_0_, reactionus0_.reaction_user_id as reaction1_14_0_, reactionus0_.reaction_user_id as reaction1_14_1_, reactionus0_.reaction_id as reaction2_14_1_, reactionus0_.user_id as user_id3_14_1_ from reaction_user reactionus0_ where reactionus0_.reaction_id=?
Hibernate: select reactionus0_.reaction_id as reaction2_14_0_, reactionus0_.reaction_user_id as reaction1_14_0_, reactionus0_.reaction_user_id as reaction1_14_1_, reactionus0_.reaction_id as reaction2_14_1_, reactionus0_.user_id as user_id3_14_1_ from reaction_user reactionus0_ where reactionus0_.reaction_id=?
Hibernate: select reactionus0_.reaction_id as reaction2_14_0_, reactionus0_.reaction_user_id as reaction1_14_0_, reactionus0_.reaction_user_id as reaction1_14_1_, reactionus0_.reaction_id as reaction2_14_1_, reactionus0_.user_id as user_id3_14_1_ from reaction_user reactionus0_ where reactionus0_.reaction_id=?
Hibernate: select reactionus0_.reaction_id as reaction2_14_0_, reactionus0_.reaction_user_id as reaction1_14_0_, reactionus0_.reaction_user_id as reaction1_14_1_, reactionus0_.reaction_id as reaction2_14_1_, reactionus0_.user_id as user_id3_14_1_ from reaction_user reactionus0_ where reactionus0_.reaction_id=?
Hibernate: select reactionus0_.reaction_id as reaction2_14_0_, reactionus0_.reaction_user_id as reaction1_14_0_, reactionus0_.reaction_user_id as reaction1_14_1_, reactionus0_.reaction_id as reaction2_14_1_, reactionus0_.user_id as user_id3_14_1_ from reaction_user reactionus0_ where reactionus0_.reaction_id=?
Hibernate: select reactionus0_.reaction_id as reaction2_14_0_, reactionus0_.reaction_user_id as reaction1_14_0_, reactionus0_.reaction_user_id as reaction1_14_1_, reactionus0_.reaction_id as reaction2_14_1_, reactionus0_.user_id as user_id3_14_1_ from reaction_user reactionus0_ where reactionus0_.reaction_id=?
Hibernate: select commentlis0_.board_id as board_id5_7_0_, commentlis0_.comment_id as comment_1_7_0_, commentlis0_.comment_id as comment_1_7_1_, commentlis0_.board_id as board_id5_7_1_, commentlis0_.comment_content as comment_2_7_1_, commentlis0_.comment_created_at as comment_3_7_1_, commentlis0_.comment_last_modified_at as comment_4_7_1_, commentlis0_.user_id as user_id6_7_1_ from comment commentlis0_ where commentlis0_.board_id=?
Hibernate: select boardlist0_.category_id as category7_4_0_, boardlist0_.board_id as board_id1_4_0_, boardlist0_.board_id as board_id1_4_1_, boardlist0_.category_id as category7_4_1_, boardlist0_.board_content as board_co2_4_1_, boardlist0_.board_created_at as board_cr3_4_1_, boardlist0_.board_last_modified_at as board_la4_4_1_, boardlist0_.board_title as board_ti5_4_1_, boardlist0_.user_id as user_id8_4_1_, boardlist0_.board_views as board_vi6_4_1_ from board boardlist0_ where boardlist0_.category_id=?
Hibernate: select count(comment0_.comment_id) as col_0_0_ from comment comment0_ where comment0_.board_id=?
Hibernate: update board set category_id=?, board_content=?, board_created_at=?, board_last_modified_at=?, board_title=?, user_id=?, board_views=? where board_id=?
Hibernate: select filepathli0_.board_board_id as board_bo1_8_0_, filepathli0_.board_file_path_list as board_fi2_8_0_ from file_path_list filepathli0_ where filepathli0_.board_board_id=?
Hibernate: select filename0_.filename_id as filename1_9_, filename0_.filename_origin as filename2_9_, filename0_.filename_uuid as filename3_9_ from filename filename0_ where filename0_.filename_uuid=?
Hibernate: delete from filename where filename_id=?
Hibernate: select imagepathl0_.board_board_id as board_bo1_11_0_, imagepathl0_.board_image_path_list as board_im2_11_0_ from image_path_list imagepathl0_ where imagepathl0_.board_board_id=?
Hibernate: select count(*) as col_0_0_ from board board0_ where board0_.board_id=?
Hibernate: delete from file_path_list where board_board_id=?
Hibernate: delete from reaction where reaction_id=?
Hibernate: delete from reaction where reaction_id=?
Hibernate: delete from reaction where reaction_id=?
Hibernate: delete from reaction where reaction_id=?
Hibernate: delete from reaction where reaction_id=?
Hibernate: delete from reaction where reaction_id=?
Hibernate: delete from board where board_id=?
Hibernate: select user0_.user_id as user_id1_21_0_, user0_.character_id as characte7_21_0_, user0_.user_created_at as user_cre2_21_0_, user0_.user_name as user_nam3_21_0_, user0_.user_phone_number as user_pho4_21_0_, user0_.user_user_id as user_use5_21_0_, user0_.user_user_password as user_use6_21_0_ from user user0_ where user0_.user_id=?
Hibernate: select character0_.character_id as characte1_6_0_, character0_.character_character_name as characte2_6_0_ from characters character0_ where character0_.character_id=?
Hibernate: select count(*) as col_0_0_ from user user0_ where user0_.user_id=?
Hibernate: select character1_.character_id as characte1_6_, character1_.character_character_name as characte2_6_ from user user0_ inner join characters character1_ on user0_.character_id=character1_.character_id where user0_.user_id=?
Hibernate: select permission0_.character_id as characte6_12_0_, permission0_.permission_id as permissi1_12_0_, permission0_.permission_id as permissi1_12_1_, permission0_.character_id as characte6_12_1_, permission0_.permission_name as permissi2_12_1_, permission0_.permission_permission_unit_id as permissi3_12_1_, permission0_.permission_service as permissi4_12_1_, permission0_.permission_status as permissi5_12_1_ from permission permission0_ where permission0_.character_id=?
Hibernate: select count(*) as col_0_0_ from board board0_ where board0_.board_id=?
Hibernate: select user0_.user_id as col_0_0_ from user user0_ where user0_.user_user_id=? limit ?
Hibernate: select user0_.user_id as col_0_0_ from user user0_ where user0_.user_user_id=? limit ?
Hibernate: select U.* from USER U where U.USER_USER_ID =?
Hibernate: select character0_.character_id as characte1_6_0_, character0_.character_character_name as characte2_6_0_ from characters character0_ where character0_.character_id=?
Hibernate: select user0_.user_id as user_id1_21_0_, user0_.character_id as characte7_21_0_, user0_.user_created_at as user_cre2_21_0_, user0_.user_name as user_nam3_21_0_, user0_.user_phone_number as user_pho4_21_0_, user0_.user_user_id as user_use5_21_0_, user0_.user_user_password as user_use6_21_0_ from user user0_ where user0_.user_id=?
Hibernate: select character0_.character_id as characte1_6_0_, character0_.character_character_name as characte2_6_0_ from characters character0_ where character0_.character_id=?
Hibernate: select category0_.category_id as category1_5_, category0_.category_name as category2_5_ from category category0_
Hibernate: select boardlist0_.category_id as category7_4_0_, boardlist0_.board_id as board_id1_4_0_, boardlist0_.board_id as board_id1_4_1_, boardlist0_.category_id as category7_4_1_, boardlist0_.board_content as board_co2_4_1_, boardlist0_.board_created_at as board_cr3_4_1_, boardlist0_.board_last_modified_at as board_la4_4_1_, boardlist0_.board_title as board_ti5_4_1_, boardlist0_.user_id as user_id8_4_1_, boardlist0_.board_views as board_vi6_4_1_ from board boardlist0_ where boardlist0_.category_id=?
Hibernate: select boardlist0_.category_id as category7_4_0_, boardlist0_.board_id as board_id1_4_0_, boardlist0_.board_id as board_id1_4_1_, boardlist0_.category_id as category7_4_1_, boardlist0_.board_content as board_co2_4_1_, boardlist0_.board_created_at as board_cr3_4_1_, boardlist0_.board_last_modified_at as board_la4_4_1_, boardlist0_.board_title as board_ti5_4_1_, boardlist0_.user_id as user_id8_4_1_, boardlist0_.board_views as board_vi6_4_1_ from board boardlist0_ where boardlist0_.category_id=?
Hibernate: select boardlist0_.category_id as category7_4_0_, boardlist0_.board_id as board_id1_4_0_, boardlist0_.board_id as board_id1_4_1_, boardlist0_.category_id as category7_4_1_, boardlist0_.board_content as board_co2_4_1_, boardlist0_.board_created_at as board_cr3_4_1_, boardlist0_.board_last_modified_at as board_la4_4_1_, boardlist0_.board_title as board_ti5_4_1_, boardlist0_.user_id as user_id8_4_1_, boardlist0_.board_views as board_vi6_4_1_ from board boardlist0_ where boardlist0_.category_id=?
Hibernate: select user0_.user_id as user_id1_21_0_, user0_.character_id as characte7_21_0_, user0_.user_created_at as user_cre2_21_0_, user0_.user_name as user_nam3_21_0_, user0_.user_phone_number as user_pho4_21_0_, user0_.user_user_id as user_use5_21_0_, user0_.user_user_password as user_use6_21_0_ from user user0_ where user0_.user_id=?
Hibernate: select character0_.character_id as characte1_6_0_, character0_.character_character_name as characte2_6_0_ from characters character0_ where character0_.character_id=?
Hibernate: select count(*) as col_0_0_ from user user0_ where user0_.user_id=?
Hibernate: select character1_.character_id as characte1_6_, character1_.character_character_name as characte2_6_ from user user0_ inner join characters character1_ on user0_.character_id=character1_.character_id where user0_.user_id=?
Hibernate: select permission0_.character_id as characte6_12_0_, permission0_.permission_id as permissi1_12_0_, permission0_.permission_id as permissi1_12_1_, permission0_.character_id as characte6_12_1_, permission0_.permission_name as permissi2_12_1_, permission0_.permission_permission_unit_id as permissi3_12_1_, permission0_.permission_service as permissi4_12_1_, permission0_.permission_status as permissi5_12_1_ from permission permission0_ where permission0_.character_id=?
Hibernate: select count(*) as col_0_0_ from category category0_ where category0_.category_id=?
Hibernate: select count(board0_.board_id) as col_0_0_ from board board0_ where board0_.category_id=?
Hibernate: select category0_.category_id as category1_5_0_, category0_.category_name as category2_5_0_ from category category0_ where category0_.category_id=?
Hibernate: select boardlist0_.category_id as category7_4_0_, boardlist0_.board_id as board_id1_4_0_, boardlist0_.board_id as board_id1_4_1_, boardlist0_.category_id as category7_4_1_, boardlist0_.board_content as board_co2_4_1_, boardlist0_.board_created_at as board_cr3_4_1_, boardlist0_.board_last_modified_at as board_la4_4_1_, boardlist0_.board_title as board_ti5_4_1_, boardlist0_.user_id as user_id8_4_1_, boardlist0_.board_views as board_vi6_4_1_ from board boardlist0_ where boardlist0_.category_id=?
Hibernate: delete from category where category_id=?
Hibernate: select user0_.user_id as user_id1_21_0_, user0_.character_id as characte7_21_0_, user0_.user_created_at as user_cre2_21_0_, user0_.user_name as user_nam3_21_0_, user0_.user_phone_number as user_pho4_21_0_, user0_.user_user_id as user_use5_21_0_, user0_.user_user_password as user_use6_21_0_ from user user0_ where user0_.user_id=?
Hibernate: select character0_.character_id as characte1_6_0_, character0_.character_character_name as characte2_6_0_ from characters character0_ where character0_.character_id=?
Hibernate: select count(*) as col_0_0_ from user user0_ where user0_.user_id=?
Hibernate: select character1_.character_id as characte1_6_, character1_.character_character_name as characte2_6_ from user user0_ inner join characters character1_ on user0_.character_id=character1_.character_id where user0_.user_id=?
Hibernate: select permission0_.character_id as characte6_12_0_, permission0_.permission_id as permissi1_12_0_, permission0_.permission_id as permissi1_12_1_, permission0_.character_id as characte6_12_1_, permission0_.permission_name as permissi2_12_1_, permission0_.permission_permission_unit_id as permissi3_12_1_, permission0_.permission_service as permissi4_12_1_, permission0_.permission_status as permissi5_12_1_ from permission permission0_ where permission0_.character_id=?
Hibernate: select count(*) as col_0_0_ from category category0_ where category0_.category_id=?
Hibernate: select count(board0_.board_id) as col_0_0_ from board board0_ where board0_.category_id=?
Hibernate: select category0_.category_id as category1_5_0_, category0_.category_name as category2_5_0_ from category category0_ where category0_.category_id=?
Hibernate: select boardlist0_.category_id as category7_4_0_, boardlist0_.board_id as board_id1_4_0_, boardlist0_.board_id as board_id1_4_1_, boardlist0_.category_id as category7_4_1_, boardlist0_.board_content as board_co2_4_1_, boardlist0_.board_created_at as board_cr3_4_1_, boardlist0_.board_last_modified_at as board_la4_4_1_, boardlist0_.board_title as board_ti5_4_1_, boardlist0_.user_id as user_id8_4_1_, boardlist0_.board_views as board_vi6_4_1_ from board boardlist0_ where boardlist0_.category_id=?
Hibernate: delete from category where category_id=?
Hibernate: select user0_.user_id as user_id1_21_0_, user0_.character_id as characte7_21_0_, user0_.user_created_at as user_cre2_21_0_, user0_.user_name as user_nam3_21_0_, user0_.user_phone_number as user_pho4_21_0_, user0_.user_user_id as user_use5_21_0_, user0_.user_user_password as user_use6_21_0_ from user user0_ where user0_.user_id=?
Hibernate: select character0_.character_id as characte1_6_0_, character0_.character_character_name as characte2_6_0_ from characters character0_ where character0_.character_id=?
Hibernate: select count(*) as col_0_0_ from user user0_ where user0_.user_id=?
Hibernate: select character1_.character_id as characte1_6_, character1_.character_character_name as characte2_6_ from user user0_ inner join characters character1_ on user0_.character_id=character1_.character_id where user0_.user_id=?
Hibernate: select permission0_.character_id as characte6_12_0_, permission0_.permission_id as permissi1_12_0_, permission0_.permission_id as permissi1_12_1_, permission0_.character_id as characte6_12_1_, permission0_.permission_name as permissi2_12_1_, permission0_.permission_permission_unit_id as permissi3_12_1_, permission0_.permission_service as permissi4_12_1_, permission0_.permission_status as permissi5_12_1_ from permission permission0_ where permission0_.character_id=?
Hibernate: select count(*) as col_0_0_ from category category0_ where category0_.category_id=?
Hibernate: select count(board0_.board_id) as col_0_0_ from board board0_ where board0_.category_id=?
Hibernate: select category0_.category_id as category1_5_0_, category0_.category_name as category2_5_0_ from category category0_ where category0_.category_id=?
Hibernate: select boardlist0_.category_id as category7_4_0_, boardlist0_.board_id as board_id1_4_0_, boardlist0_.board_id as board_id1_4_1_, boardlist0_.category_id as category7_4_1_, boardlist0_.board_content as board_co2_4_1_, boardlist0_.board_created_at as board_cr3_4_1_, boardlist0_.board_last_modified_at as board_la4_4_1_, boardlist0_.board_title as board_ti5_4_1_, boardlist0_.user_id as user_id8_4_1_, boardlist0_.board_views as board_vi6_4_1_ from board boardlist0_ where boardlist0_.category_id=?
Hibernate: delete from category where category_id=?
Hibernate: select user0_.user_id as user_id1_21_0_, user0_.character_id as characte7_21_0_, user0_.user_created_at as user_cre2_21_0_, user0_.user_name as user_nam3_21_0_, user0_.user_phone_number as user_pho4_21_0_, user0_.user_user_id as user_use5_21_0_, user0_.user_user_password as user_use6_21_0_ from user user0_ where user0_.user_id=?
Hibernate: select character0_.character_id as characte1_6_0_, character0_.character_character_name as characte2_6_0_ from characters character0_ where character0_.character_id=?
Hibernate: select count(*) as col_0_0_ from user user0_ where user0_.user_id=?
Hibernate: select character1_.character_id as characte1_6_, character1_.character_character_name as characte2_6_ from user user0_ inner join characters character1_ on user0_.character_id=character1_.character_id where user0_.user_id=?
Hibernate: select permission0_.character_id as characte6_12_0_, permission0_.permission_id as permissi1_12_0_, permission0_.permission_id as permissi1_12_1_, permission0_.character_id as characte6_12_1_, permission0_.permission_name as permissi2_12_1_, permission0_.permission_permission_unit_id as permissi3_12_1_, permission0_.permission_service as permissi4_12_1_, permission0_.permission_status as permissi5_12_1_ from permission permission0_ where permission0_.character_id=?
Hibernate: select category0_.category_id as col_0_0_ from category category0_ where category0_.category_name=? limit ?
Hibernate: select category0_.category_id as category1_5_1_, category0_.category_name as category2_5_1_, boardlist1_.category_id as category7_4_3_, boardlist1_.board_id as board_id1_4_3_, boardlist1_.board_id as board_id1_4_0_, boardlist1_.category_id as category7_4_0_, boardlist1_.board_content as board_co2_4_0_, boardlist1_.board_created_at as board_cr3_4_0_, boardlist1_.board_last_modified_at as board_la4_4_0_, boardlist1_.board_title as board_ti5_4_0_, boardlist1_.user_id as user_id8_4_0_, boardlist1_.board_views as board_vi6_4_0_ from category category0_ left outer join board boardlist1_ on category0_.category_id=boardlist1_.category_id where category0_.category_id=?
Hibernate: insert into category (category_id, category_name) values (default, ?)
Hibernate: select user0_.user_id as user_id1_21_0_, user0_.character_id as characte7_21_0_, user0_.user_created_at as user_cre2_21_0_, user0_.user_name as user_nam3_21_0_, user0_.user_phone_number as user_pho4_21_0_, user0_.user_user_id as user_use5_21_0_, user0_.user_user_password as user_use6_21_0_ from user user0_ where user0_.user_id=?
Hibernate: select character0_.character_id as characte1_6_0_, character0_.character_character_name as characte2_6_0_ from characters character0_ where character0_.character_id=?
Hibernate: select count(*) as col_0_0_ from user user0_ where user0_.user_id=?
Hibernate: select character1_.character_id as characte1_6_, character1_.character_character_name as characte2_6_ from user user0_ inner join characters character1_ on user0_.character_id=character1_.character_id where user0_.user_id=?
Hibernate: select permission0_.character_id as characte6_12_0_, permission0_.permission_id as permissi1_12_0_, permission0_.permission_id as permissi1_12_1_, permission0_.character_id as characte6_12_1_, permission0_.permission_name as permissi2_12_1_, permission0_.permission_permission_unit_id as permissi3_12_1_, permission0_.permission_service as permissi4_12_1_, permission0_.permission_status as permissi5_12_1_ from permission permission0_ where permission0_.character_id=?
Hibernate: select category0_.category_id as col_0_0_ from category category0_ where category0_.category_name=? limit ?
Hibernate: select category0_.category_id as category1_5_1_, category0_.category_name as category2_5_1_, boardlist1_.category_id as category7_4_3_, boardlist1_.board_id as board_id1_4_3_, boardlist1_.board_id as board_id1_4_0_, boardlist1_.category_id as category7_4_0_, boardlist1_.board_content as board_co2_4_0_, boardlist1_.board_created_at as board_cr3_4_0_, boardlist1_.board_last_modified_at as board_la4_4_0_, boardlist1_.board_title as board_ti5_4_0_, boardlist1_.user_id as user_id8_4_0_, boardlist1_.board_views as board_vi6_4_0_ from category category0_ left outer join board boardlist1_ on category0_.category_id=boardlist1_.category_id where category0_.category_id=?
Hibernate: insert into category (category_id, category_name) values (default, ?)
Hibernate: select user0_.user_id as col_0_0_ from user user0_ where user0_.user_user_id=? limit ?
Hibernate: select user0_.user_id as col_0_0_ from user user0_ where user0_.user_user_id=? limit ?
Hibernate: select U.* from USER U where U.USER_USER_ID =?
Hibernate: select character0_.character_id as characte1_6_0_, character0_.character_character_name as characte2_6_0_ from characters character0_ where character0_.character_id=?
Hibernate: select user0_.user_id as col_0_0_ from user user0_ where user0_.user_user_id=? limit ?
Hibernate: select user0_.user_id as col_0_0_ from user user0_ where user0_.user_user_id=? limit ?
Hibernate: select U.* from USER U where U.USER_USER_ID =?
Hibernate: select character0_.character_id as characte1_6_0_, character0_.character_character_name as characte2_6_0_ from characters character0_ where character0_.character_id=?
Hibernate: select user0_.user_id as user_id1_21_0_, user0_.character_id as characte7_21_0_, user0_.user_created_at as user_cre2_21_0_, user0_.user_name as user_nam3_21_0_, user0_.user_phone_number as user_pho4_21_0_, user0_.user_user_id as user_use5_21_0_, user0_.user_user_password as user_use6_21_0_ from user user0_ where user0_.user_id=?
Hibernate: select character0_.character_id as characte1_6_0_, character0_.character_character_name as characte2_6_0_ from characters character0_ where character0_.character_id=?
Hibernate: select count(*) as col_0_0_ from board board0_
Hibernate: select count(*) as col_0_0_ from board board0_
Hibernate: select user0_.user_id as col_0_0_ from user user0_ where user0_.user_user_id=? limit ?
Hibernate: select user0_.user_id as col_0_0_ from user user0_ where user0_.user_user_id=? limit ?
Hibernate: select U.* from USER U where U.USER_USER_ID =?
Hibernate: select character0_.character_id as characte1_6_0_, character0_.character_character_name as characte2_6_0_ from characters character0_ where character0_.character_id=?
Hibernate: select user0_.user_id as user_id1_21_0_, user0_.character_id as characte7_21_0_, user0_.user_created_at as user_cre2_21_0_, user0_.user_name as user_nam3_21_0_, user0_.user_phone_number as user_pho4_21_0_, user0_.user_user_id as user_use5_21_0_, user0_.user_user_password as user_use6_21_0_ from user user0_ where user0_.user_id=?
Hibernate: select character0_.character_id as characte1_6_0_, character0_.character_character_name as characte2_6_0_ from characters character0_ where character0_.character_id=?
Hibernate: select category0_.category_id as category1_5_, category0_.category_name as category2_5_ from category category0_
Hibernate: select boardlist0_.category_id as category7_4_0_, boardlist0_.board_id as board_id1_4_0_, boardlist0_.board_id as board_id1_4_1_, boardlist0_.category_id as category7_4_1_, boardlist0_.board_content as board_co2_4_1_, boardlist0_.board_created_at as board_cr3_4_1_, boardlist0_.board_last_modified_at as board_la4_4_1_, boardlist0_.board_title as board_ti5_4_1_, boardlist0_.user_id as user_id8_4_1_, boardlist0_.board_views as board_vi6_4_1_ from board boardlist0_ where boardlist0_.category_id=?
Hibernate: select boardlist0_.category_id as category7_4_0_, boardlist0_.board_id as board_id1_4_0_, boardlist0_.board_id as board_id1_4_1_, boardlist0_.category_id as category7_4_1_, boardlist0_.board_content as board_co2_4_1_, boardlist0_.board_created_at as board_cr3_4_1_, boardlist0_.board_last_modified_at as board_la4_4_1_, boardlist0_.board_title as board_ti5_4_1_, boardlist0_.user_id as user_id8_4_1_, boardlist0_.board_views as board_vi6_4_1_ from board boardlist0_ where boardlist0_.category_id=?
Hibernate: select user0_.user_id as user_id1_21_0_, user0_.character_id as characte7_21_0_, user0_.user_created_at as user_cre2_21_0_, user0_.user_name as user_nam3_21_0_, user0_.user_phone_number as user_pho4_21_0_, user0_.user_user_id as user_use5_21_0_, user0_.user_user_password as user_use6_21_0_ from user user0_ where user0_.user_id=?
Hibernate: select character0_.character_id as characte1_6_0_, character0_.character_character_name as characte2_6_0_ from characters character0_ where character0_.character_id=?
Hibernate: select count(*) as col_0_0_ from user user0_ where user0_.user_id=?
Hibernate: select character1_.character_id as characte1_6_, character1_.character_character_name as characte2_6_ from user user0_ inner join characters character1_ on user0_.character_id=character1_.character_id where user0_.user_id=?
Hibernate: select permission0_.character_id as characte6_12_0_, permission0_.permission_id as permissi1_12_0_, permission0_.permission_id as permissi1_12_1_, permission0_.character_id as characte6_12_1_, permission0_.permission_name as permissi2_12_1_, permission0_.permission_permission_unit_id as permissi3_12_1_, permission0_.permission_service as permissi4_12_1_, permission0_.permission_status as permissi5_12_1_ from permission permission0_ where permission0_.character_id=?
Hibernate: select count(*) as col_0_0_ from category category0_ where category0_.category_id=?
Hibernate: select count(board0_.board_id) as col_0_0_ from board board0_ where board0_.category_id=?
Hibernate: select category0_.category_id as category1_5_0_, category0_.category_name as category2_5_0_ from category category0_ where category0_.category_id=?
Hibernate: select boardlist0_.category_id as category7_4_0_, boardlist0_.board_id as board_id1_4_0_, boardlist0_.board_id as board_id1_4_1_, boardlist0_.category_id as category7_4_1_, boardlist0_.board_content as board_co2_4_1_, boardlist0_.board_created_at as board_cr3_4_1_, boardlist0_.board_last_modified_at as board_la4_4_1_, boardlist0_.board_title as board_ti5_4_1_, boardlist0_.user_id as user_id8_4_1_, boardlist0_.board_views as board_vi6_4_1_ from board boardlist0_ where boardlist0_.category_id=?
Hibernate: delete from category where category_id=?
Hibernate: select user0_.user_id as user_id1_21_0_, user0_.character_id as characte7_21_0_, user0_.user_created_at as user_cre2_21_0_, user0_.user_name as user_nam3_21_0_, user0_.user_phone_number as user_pho4_21_0_, user0_.user_user_id as user_use5_21_0_, user0_.user_user_password as user_use6_21_0_ from user user0_ where user0_.user_id=?
Hibernate: select character0_.character_id as characte1_6_0_, character0_.character_character_name as characte2_6_0_ from characters character0_ where character0_.character_id=?
Hibernate: select count(*) as col_0_0_ from user user0_ where user0_.user_id=?
Hibernate: select character1_.character_id as characte1_6_, character1_.character_character_name as characte2_6_ from user user0_ inner join characters character1_ on user0_.character_id=character1_.character_id where user0_.user_id=?
Hibernate: select permission0_.character_id as characte6_12_0_, permission0_.permission_id as permissi1_12_0_, permission0_.permission_id as permissi1_12_1_, permission0_.character_id as characte6_12_1_, permission0_.permission_name as permissi2_12_1_, permission0_.permission_permission_unit_id as permissi3_12_1_, permission0_.permission_service as permissi4_12_1_, permission0_.permission_status as permissi5_12_1_ from permission permission0_ where permission0_.character_id=?
Hibernate: select count(*) as col_0_0_ from category category0_ where category0_.category_id=?
Hibernate: select count(board0_.board_id) as col_0_0_ from board board0_ where board0_.category_id=?
Hibernate: select category0_.category_id as category1_5_0_, category0_.category_name as category2_5_0_ from category category0_ where category0_.category_id=?
Hibernate: select boardlist0_.category_id as category7_4_0_, boardlist0_.board_id as board_id1_4_0_, boardlist0_.board_id as board_id1_4_1_, boardlist0_.category_id as category7_4_1_, boardlist0_.board_content as board_co2_4_1_, boardlist0_.board_created_at as board_cr3_4_1_, boardlist0_.board_last_modified_at as board_la4_4_1_, boardlist0_.board_title as board_ti5_4_1_, boardlist0_.user_id as user_id8_4_1_, boardlist0_.board_views as board_vi6_4_1_ from board boardlist0_ where boardlist0_.category_id=?
Hibernate: delete from category where category_id=?
Hibernate: select user0_.user_id as user_id1_21_0_, user0_.character_id as characte7_21_0_, user0_.user_created_at as user_cre2_21_0_, user0_.user_name as user_nam3_21_0_, user0_.user_phone_number as user_pho4_21_0_, user0_.user_user_id as user_use5_21_0_, user0_.user_user_password as user_use6_21_0_ from user user0_ where user0_.user_id=?
Hibernate: select character0_.character_id as characte1_6_0_, character0_.character_character_name as characte2_6_0_ from characters character0_ where character0_.character_id=?
Hibernate: select count(*) as col_0_0_ from user user0_ where user0_.user_id=?
Hibernate: select character1_.character_id as characte1_6_, character1_.character_character_name as characte2_6_ from user user0_ inner join characters character1_ on user0_.character_id=character1_.character_id where user0_.user_id=?
Hibernate: select permission0_.character_id as characte6_12_0_, permission0_.permission_id as permissi1_12_0_, permission0_.permission_id as permissi1_12_1_, permission0_.character_id as characte6_12_1_, permission0_.permission_name as permissi2_12_1_, permission0_.permission_permission_unit_id as permissi3_12_1_, permission0_.permission_service as permissi4_12_1_, permission0_.permission_status as permissi5_12_1_ from permission permission0_ where permission0_.character_id=?
Hibernate: select category0_.category_id as col_0_0_ from category category0_ where category0_.category_name=? limit ?
Hibernate: select category0_.category_id as category1_5_1_, category0_.category_name as category2_5_1_, boardlist1_.category_id as category7_4_3_, boardlist1_.board_id as board_id1_4_3_, boardlist1_.board_id as board_id1_4_0_, boardlist1_.category_id as category7_4_0_, boardlist1_.board_content as board_co2_4_0_, boardlist1_.board_created_at as board_cr3_4_0_, boardlist1_.board_last_modified_at as board_la4_4_0_, boardlist1_.board_title as board_ti5_4_0_, boardlist1_.user_id as user_id8_4_0_, boardlist1_.board_views as board_vi6_4_0_ from category category0_ left outer join board boardlist1_ on category0_.category_id=boardlist1_.category_id where category0_.category_id=?
Hibernate: insert into category (category_id, category_name) values (default, ?)
Hibernate: select user0_.user_id as user_id1_21_0_, user0_.character_id as characte7_21_0_, user0_.user_created_at as user_cre2_21_0_, user0_.user_name as user_nam3_21_0_, user0_.user_phone_number as user_pho4_21_0_, user0_.user_user_id as user_use5_21_0_, user0_.user_user_password as user_use6_21_0_ from user user0_ where user0_.user_id=?
Hibernate: select character0_.character_id as characte1_6_0_, character0_.character_character_name as characte2_6_0_ from characters character0_ where character0_.character_id=?
Hibernate: select count(*) as col_0_0_ from user user0_ where user0_.user_id=?
Hibernate: select character1_.character_id as characte1_6_, character1_.character_character_name as characte2_6_ from user user0_ inner join characters character1_ on user0_.character_id=character1_.character_id where user0_.user_id=?
Hibernate: select permission0_.character_id as characte6_12_0_, permission0_.permission_id as permissi1_12_0_, permission0_.permission_id as permissi1_12_1_, permission0_.character_id as characte6_12_1_, permission0_.permission_name as permissi2_12_1_, permission0_.permission_permission_unit_id as permissi3_12_1_, permission0_.permission_service as permissi4_12_1_, permission0_.permission_status as permissi5_12_1_ from permission permission0_ where permission0_.character_id=?
Hibernate: select category0_.category_id as col_0_0_ from category category0_ where category0_.category_name=? limit ?
Hibernate: select category0_.category_id as category1_5_1_, category0_.category_name as category2_5_1_, boardlist1_.category_id as category7_4_3_, boardlist1_.board_id as board_id1_4_3_, boardlist1_.board_id as board_id1_4_0_, boardlist1_.category_id as category7_4_0_, boardlist1_.board_content as board_co2_4_0_, boardlist1_.board_created_at as board_cr3_4_0_, boardlist1_.board_last_modified_at as board_la4_4_0_, boardlist1_.board_title as board_ti5_4_0_, boardlist1_.user_id as user_id8_4_0_, boardlist1_.board_views as board_vi6_4_0_ from category category0_ left outer join board boardlist1_ on category0_.category_id=boardlist1_.category_id where category0_.category_id=?
Hibernate: insert into category (category_id, category_name) values (default, ?)
Hibernate: select user0_.user_id as col_0_0_ from user user0_ where user0_.user_user_id=? limit ?
Hibernate: select user0_.user_id as col_0_0_ from user user0_ where user0_.user_user_id=? limit ?
Hibernate: select U.* from USER U where U.USER_USER_ID =?
Hibernate: select character0_.character_id as characte1_6_0_, character0_.character_character_name as characte2_6_0_ from characters character0_ where character0_.character_id=?
Hibernate: select user0_.user_id as col_0_0_ from user user0_ where user0_.user_user_id=? limit ?
Hibernate: select user0_.user_id as col_0_0_ from user user0_ where user0_.user_user_id=? limit ?
Hibernate: select U.* from USER U where U.USER_USER_ID =?
Hibernate: select character0_.character_id as characte1_6_0_, character0_.character_character_name as characte2_6_0_ from characters character0_ where character0_.character_id=?
Hibernate: select user0_.user_id as col_0_0_ from user user0_ where user0_.user_user_id=? limit ?
Hibernate: select userjoinin0_.user_joining_pool_id as col_0_0_ from user_joining_pool userjoinin0_ where userjoinin0_.user_user_id=? limit ?
Hibernate: select character0_.character_id as col_0_0_ from characters character0_ where character0_.character_character_name=? limit ?
Hibernate: insert into user_joining_pool (user_joining_pool_id, user_created_at, user_name, user_phone_number, user_user_id, user_user_password) values (default, ?, ?, ?, ?, ?)
Hibernate: select user0_.user_id as user_id1_21_0_, user0_.character_id as characte7_21_0_, user0_.user_created_at as user_cre2_21_0_, user0_.user_name as user_nam3_21_0_, user0_.user_phone_number as user_pho4_21_0_, user0_.user_user_id as user_use5_21_0_, user0_.user_user_password as user_use6_21_0_ from user user0_ where user0_.user_id=?
Hibernate: select character0_.character_id as characte1_6_0_, character0_.character_character_name as characte2_6_0_ from characters character0_ where character0_.character_id=?
Hibernate: select count(*) as col_0_0_ from user user0_ where user0_.user_id=?
Hibernate: select character1_.character_id as characte1_6_, character1_.character_character_name as characte2_6_ from user user0_ inner join characters character1_ on user0_.character_id=character1_.character_id where user0_.user_id=?
Hibernate: select permission0_.character_id as characte6_12_0_, permission0_.permission_id as permissi1_12_0_, permission0_.permission_id as permissi1_12_1_, permission0_.character_id as characte6_12_1_, permission0_.permission_name as permissi2_12_1_, permission0_.permission_permission_unit_id as permissi3_12_1_, permission0_.permission_service as permissi4_12_1_, permission0_.permission_status as permissi5_12_1_ from permission permission0_ where permission0_.character_id=?
Hibernate: select userjoinin0_.user_joining_pool_id as col_0_0_ from user_joining_pool userjoinin0_ where userjoinin0_.user_user_id=? limit ?
Hibernate: select userjoinin0_.user_joining_pool_id as user_joi1_22_, userjoinin0_.user_created_at as user_cre2_22_, userjoinin0_.user_name as user_nam3_22_, userjoinin0_.user_phone_number as user_pho4_22_, userjoinin0_.user_user_id as user_use5_22_, userjoinin0_.user_user_password as user_use6_22_ from user_joining_pool userjoinin0_ where userjoinin0_.user_user_id=?
Hibernate: select character0_.character_id as characte1_6_, character0_.character_character_name as characte2_6_ from characters character0_ where character0_.character_character_name=?
Hibernate: insert into user (user_id, character_id, user_created_at, user_name, user_phone_number, user_user_id, user_user_password) values (default, ?, ?, ?, ?, ?, ?)
Hibernate: DELETE FROM USER_JOINING_POOL as JU where JU.USER_USER_ID =?
Hibernate: select user0_.user_id as col_0_0_ from user user0_ where user0_.user_user_id=? limit ?
Hibernate: select user0_.user_id as col_0_0_ from user user0_ where user0_.user_user_id=? limit ?
Hibernate: select U.* from USER U where U.USER_USER_ID =?
Hibernate: select character0_.character_id as characte1_6_0_, character0_.character_character_name as characte2_6_0_ from characters character0_ where character0_.character_id=?
Hibernate: select user0_.user_id as col_0_0_ from user user0_ where user0_.user_user_id=? limit ?
Hibernate: select user0_.user_id as col_0_0_ from user user0_ where user0_.user_user_id=? limit ?
Hibernate: select U.* from USER U where U.USER_USER_ID =?
Hibernate: select character0_.character_id as characte1_6_0_, character0_.character_character_name as characte2_6_0_ from characters character0_ where character0_.character_id=?
Hibernate: select user0_.user_id as user_id1_21_0_, user0_.character_id as characte7_21_0_, user0_.user_created_at as user_cre2_21_0_, user0_.user_name as user_nam3_21_0_, user0_.user_phone_number as user_pho4_21_0_, user0_.user_user_id as user_use5_21_0_, user0_.user_user_password as user_use6_21_0_ from user user0_ where user0_.user_id=?
Hibernate: select character0_.character_id as characte1_6_0_, character0_.character_character_name as characte2_6_0_ from characters character0_ where character0_.character_id=?
Hibernate: select category0_.category_id as category1_5_, category0_.category_name as category2_5_ from category category0_
Hibernate: select boardlist0_.category_id as category7_4_0_, boardlist0_.board_id as board_id1_4_0_, boardlist0_.board_id as board_id1_4_1_, boardlist0_.category_id as category7_4_1_, boardlist0_.board_content as board_co2_4_1_, boardlist0_.board_created_at as board_cr3_4_1_, boardlist0_.board_last_modified_at as board_la4_4_1_, boardlist0_.board_title as board_ti5_4_1_, boardlist0_.user_id as user_id8_4_1_, boardlist0_.board_views as board_vi6_4_1_ from board boardlist0_ where boardlist0_.category_id=?
Hibernate: select boardlist0_.category_id as category7_4_0_, boardlist0_.board_id as board_id1_4_0_, boardlist0_.board_id as board_id1_4_1_, boardlist0_.category_id as category7_4_1_, boardlist0_.board_content as board_co2_4_1_, boardlist0_.board_created_at as board_cr3_4_1_, boardlist0_.board_last_modified_at as board_la4_4_1_, boardlist0_.board_title as board_ti5_4_1_, boardlist0_.user_id as user_id8_4_1_, boardlist0_.board_views as board_vi6_4_1_ from board boardlist0_ where boardlist0_.category_id=?
Hibernate: select user0_.user_id as user_id1_21_0_, user0_.character_id as characte7_21_0_, user0_.user_created_at as user_cre2_21_0_, user0_.user_name as user_nam3_21_0_, user0_.user_phone_number as user_pho4_21_0_, user0_.user_user_id as user_use5_21_0_, user0_.user_user_password as user_use6_21_0_ from user user0_ where user0_.user_id=?
Hibernate: select character0_.character_id as characte1_6_0_, character0_.character_character_name as characte2_6_0_ from characters character0_ where character0_.character_id=?
Hibernate: select count(*) as col_0_0_ from user user0_ where user0_.user_id=?
Hibernate: select character1_.character_id as characte1_6_, character1_.character_character_name as characte2_6_ from user user0_ inner join characters character1_ on user0_.character_id=character1_.character_id where user0_.user_id=?
Hibernate: select permission0_.character_id as characte6_12_0_, permission0_.permission_id as permissi1_12_0_, permission0_.permission_id as permissi1_12_1_, permission0_.character_id as characte6_12_1_, permission0_.permission_name as permissi2_12_1_, permission0_.permission_permission_unit_id as permissi3_12_1_, permission0_.permission_service as permissi4_12_1_, permission0_.permission_status as permissi5_12_1_ from permission permission0_ where permission0_.character_id=?
Hibernate: select count(*) as col_0_0_ from category category0_ where category0_.category_id=?
Hibernate: select category0_.category_id as category1_5_0_, category0_.category_name as category2_5_0_ from category category0_ where category0_.category_id=?
Hibernate: insert into board (board_id, category_id, board_content, board_created_at, board_last_modified_at, board_title, user_id, board_views) values (default, ?, ?, ?, ?, ?, ?, ?)
Hibernate: insert into reaction (reaction_id, board_id, reaction_type) values (default, ?, ?)
Hibernate: insert into reaction (reaction_id, board_id, reaction_type) values (default, ?, ?)
Hibernate: insert into reaction (reaction_id, board_id, reaction_type) values (default, ?, ?)
Hibernate: insert into reaction (reaction_id, board_id, reaction_type) values (default, ?, ?)
Hibernate: insert into reaction (reaction_id, board_id, reaction_type) values (default, ?, ?)
Hibernate: insert into reaction (reaction_id, board_id, reaction_type) values (default, ?, ?)
Hibernate: select user0_.user_id as user_id1_21_0_, user0_.character_id as characte7_21_0_, user0_.user_created_at as user_cre2_21_0_, user0_.user_name as user_nam3_21_0_, user0_.user_phone_number as user_pho4_21_0_, user0_.user_user_id as user_use5_21_0_, user0_.user_user_password as user_use6_21_0_ from user user0_ where user0_.user_id=?
Hibernate: select character0_.character_id as characte1_6_0_, character0_.character_character_name as characte2_6_0_ from characters character0_ where character0_.character_id=?
Hibernate: select count(*) as col_0_0_ from user user0_ where user0_.user_id=?
Hibernate: select character1_.character_id as characte1_6_, character1_.character_character_name as characte2_6_ from user user0_ inner join characters character1_ on user0_.character_id=character1_.character_id where user0_.user_id=?
Hibernate: select permission0_.character_id as characte6_12_0_, permission0_.permission_id as permissi1_12_0_, permission0_.permission_id as permissi1_12_1_, permission0_.character_id as characte6_12_1_, permission0_.permission_name as permissi2_12_1_, permission0_.permission_permission_unit_id as permissi3_12_1_, permission0_.permission_service as permissi4_12_1_, permission0_.permission_status as permissi5_12_1_ from permission permission0_ where permission0_.character_id=?
Hibernate: select count(*) as col_0_0_ from category category0_ where category0_.category_id=?
Hibernate: select category0_.category_id as category1_5_0_, category0_.category_name as category2_5_0_ from category category0_ where category0_.category_id=?
Hibernate: insert into board (board_id, category_id, board_content, board_created_at, board_last_modified_at, board_title, user_id, board_views) values (default, ?, ?, ?, ?, ?, ?, ?)
Hibernate: insert into reaction (reaction_id, board_id, reaction_type) values (default, ?, ?)
Hibernate: insert into reaction (reaction_id, board_id, reaction_type) values (default, ?, ?)
Hibernate: insert into reaction (reaction_id, board_id, reaction_type) values (default, ?, ?)
Hibernate: insert into reaction (reaction_id, board_id, reaction_type) values (default, ?, ?)
Hibernate: insert into reaction (reaction_id, board_id, reaction_type) values (default, ?, ?)
Hibernate: insert into reaction (reaction_id, board_id, reaction_type) values (default, ?, ?)
Hibernate: select user0_.user_id as user_id1_21_0_, user0_.character_id as characte7_21_0_, user0_.user_created_at as user_cre2_21_0_, user0_.user_name as user_nam3_21_0_, user0_.user_phone_number as user_pho4_21_0_, user0_.user_user_id as user_use5_21_0_, user0_.user_user_password as user_use6_21_0_ from user user0_ where user0_.user_id=?
Hibernate: select character0_.character_id as characte1_6_0_, character0_.character_character_name as characte2_6_0_ from characters character0_ where character0_.character_id=?
Hibernate: select count(*) as col_0_0_ from user user0_ where user0_.user_id=?
Hibernate: select character1_.character_id as characte1_6_, character1_.character_character_name as characte2_6_ from user user0_ inner join characters character1_ on user0_.character_id=character1_.character_id where user0_.user_id=?
Hibernate: select permission0_.character_id as characte6_12_0_, permission0_.permission_id as permissi1_12_0_, permission0_.permission_id as permissi1_12_1_, permission0_.character_id as characte6_12_1_, permission0_.permission_name as permissi2_12_1_, permission0_.permission_permission_unit_id as permissi3_12_1_, permission0_.permission_service as permissi4_12_1_, permission0_.permission_status as permissi5_12_1_ from permission permission0_ where permission0_.character_id=?
Hibernate: select count(*) as col_0_0_ from category category0_ where category0_.category_id=?
Hibernate: select category0_.category_id as category1_5_0_, category0_.category_name as category2_5_0_ from category category0_ where category0_.category_id=?
Hibernate: insert into board (board_id, category_id, board_content, board_created_at, board_last_modified_at, board_title, user_id, board_views) values (default, ?, ?, ?, ?, ?, ?, ?)
Hibernate: insert into reaction (reaction_id, board_id, reaction_type) values (default, ?, ?)
Hibernate: insert into reaction (reaction_id, board_id, reaction_type) values (default, ?, ?)
Hibernate: insert into reaction (reaction_id, board_id, reaction_type) values (default, ?, ?)
Hibernate: insert into reaction (reaction_id, board_id, reaction_type) values (default, ?, ?)
Hibernate: insert into reaction (reaction_id, board_id, reaction_type) values (default, ?, ?)
Hibernate: insert into reaction (reaction_id, board_id, reaction_type) values (default, ?, ?)
Hibernate: select user0_.user_id as user_id1_21_0_, user0_.character_id as characte7_21_0_, user0_.user_created_at as user_cre2_21_0_, user0_.user_name as user_nam3_21_0_, user0_.user_phone_number as user_pho4_21_0_, user0_.user_user_id as user_use5_21_0_, user0_.user_user_password as user_use6_21_0_ from user user0_ where user0_.user_id=?
Hibernate: select character0_.character_id as characte1_6_0_, character0_.character_character_name as characte2_6_0_ from characters character0_ where character0_.character_id=?
Hibernate: select count(*) as col_0_0_ from board board0_
Hibernate: select board0_.board_id as board_id1_4_, board0_.category_id as category7_4_, board0_.board_content as board_co2_4_, board0_.board_created_at as board_cr3_4_, board0_.board_last_modified_at as board_la4_4_, board0_.board_title as board_ti5_4_, board0_.user_id as user_id8_4_, board0_.board_views as board_vi6_4_ from board board0_ limit ?
Hibernate: select category0_.category_id as category1_5_0_, category0_.category_name as category2_5_0_ from category category0_ where category0_.category_id=?
Hibernate: select user0_.user_id as user_id1_21_0_, user0_.character_id as characte7_21_0_, user0_.user_created_at as user_cre2_21_0_, user0_.user_name as user_nam3_21_0_, user0_.user_phone_number as user_pho4_21_0_, user0_.user_user_id as user_use5_21_0_, user0_.user_user_password as user_use6_21_0_ from user user0_ where user0_.user_id=?
Hibernate: select character0_.character_id as characte1_6_0_, character0_.character_character_name as characte2_6_0_ from characters character0_ where character0_.character_id=?
Hibernate: select category0_.category_id as category1_5_0_, category0_.category_name as category2_5_0_ from category category0_ where category0_.category_id=?
Hibernate: select reactionli0_.board_id as board_id3_13_0_, reactionli0_.reaction_id as reaction1_13_0_, reactionli0_.reaction_id as reaction1_13_1_, reactionli0_.board_id as board_id3_13_1_, reactionli0_.reaction_type as reaction2_13_1_ from reaction reactionli0_ where reactionli0_.board_id=?
Hibernate: select reactionus0_.reaction_id as reaction2_14_0_, reactionus0_.reaction_user_id as reaction1_14_0_, reactionus0_.reaction_user_id as reaction1_14_1_, reactionus0_.reaction_id as reaction2_14_1_, reactionus0_.user_id as user_id3_14_1_ from reaction_user reactionus0_ where reactionus0_.reaction_id=?
Hibernate: select reactionus0_.reaction_id as reaction2_14_0_, reactionus0_.reaction_user_id as reaction1_14_0_, reactionus0_.reaction_user_id as reaction1_14_1_, reactionus0_.reaction_id as reaction2_14_1_, reactionus0_.user_id as user_id3_14_1_ from reaction_user reactionus0_ where reactionus0_.reaction_id=?
Hibernate: select reactionus0_.reaction_id as reaction2_14_0_, reactionus0_.reaction_user_id as reaction1_14_0_, reactionus0_.reaction_user_id as reaction1_14_1_, reactionus0_.reaction_id as reaction2_14_1_, reactionus0_.user_id as user_id3_14_1_ from reaction_user reactionus0_ where reactionus0_.reaction_id=?
Hibernate: select reactionus0_.reaction_id as reaction2_14_0_, reactionus0_.reaction_user_id as reaction1_14_0_, reactionus0_.reaction_user_id as reaction1_14_1_, reactionus0_.reaction_id as reaction2_14_1_, reactionus0_.user_id as user_id3_14_1_ from reaction_user reactionus0_ where reactionus0_.reaction_id=?
Hibernate: select reactionus0_.reaction_id as reaction2_14_0_, reactionus0_.reaction_user_id as reaction1_14_0_, reactionus0_.reaction_user_id as reaction1_14_1_, reactionus0_.reaction_id as reaction2_14_1_, reactionus0_.user_id as user_id3_14_1_ from reaction_user reactionus0_ where reactionus0_.reaction_id=?
Hibernate: select reactionus0_.reaction_id as reaction2_14_0_, reactionus0_.reaction_user_id as reaction1_14_0_, reactionus0_.reaction_user_id as reaction1_14_1_, reactionus0_.reaction_id as reaction2_14_1_, reactionus0_.user_id as user_id3_14_1_ from reaction_user reactionus0_ where reactionus0_.reaction_id=?
Hibernate: select commentlis0_.board_id as board_id5_7_0_, commentlis0_.comment_id as comment_1_7_0_, commentlis0_.comment_id as comment_1_7_1_, commentlis0_.board_id as board_id5_7_1_, commentlis0_.comment_content as comment_2_7_1_, commentlis0_.comment_created_at as comment_3_7_1_, commentlis0_.comment_last_modified_at as comment_4_7_1_, commentlis0_.user_id as user_id6_7_1_ from comment commentlis0_ where commentlis0_.board_id=?
Hibernate: select reactionli0_.board_id as board_id3_13_0_, reactionli0_.reaction_id as reaction1_13_0_, reactionli0_.reaction_id as reaction1_13_1_, reactionli0_.board_id as board_id3_13_1_, reactionli0_.reaction_type as reaction2_13_1_ from reaction reactionli0_ where reactionli0_.board_id=?
Hibernate: select reactionus0_.reaction_id as reaction2_14_0_, reactionus0_.reaction_user_id as reaction1_14_0_, reactionus0_.reaction_user_id as reaction1_14_1_, reactionus0_.reaction_id as reaction2_14_1_, reactionus0_.user_id as user_id3_14_1_ from reaction_user reactionus0_ where reactionus0_.reaction_id=?
Hibernate: select reactionus0_.reaction_id as reaction2_14_0_, reactionus0_.reaction_user_id as reaction1_14_0_, reactionus0_.reaction_user_id as reaction1_14_1_, reactionus0_.reaction_id as reaction2_14_1_, reactionus0_.user_id as user_id3_14_1_ from reaction_user reactionus0_ where reactionus0_.reaction_id=?
Hibernate: select reactionus0_.reaction_id as reaction2_14_0_, reactionus0_.reaction_user_id as reaction1_14_0_, reactionus0_.reaction_user_id as reaction1_14_1_, reactionus0_.reaction_id as reaction2_14_1_, reactionus0_.user_id as user_id3_14_1_ from reaction_user reactionus0_ where reactionus0_.reaction_id=?
Hibernate: select reactionus0_.reaction_id as reaction2_14_0_, reactionus0_.reaction_user_id as reaction1_14_0_, reactionus0_.reaction_user_id as reaction1_14_1_, reactionus0_.reaction_id as reaction2_14_1_, reactionus0_.user_id as user_id3_14_1_ from reaction_user reactionus0_ where reactionus0_.reaction_id=?
Hibernate: select reactionus0_.reaction_id as reaction2_14_0_, reactionus0_.reaction_user_id as reaction1_14_0_, reactionus0_.reaction_user_id as reaction1_14_1_, reactionus0_.reaction_id as reaction2_14_1_, reactionus0_.user_id as user_id3_14_1_ from reaction_user reactionus0_ where reactionus0_.reaction_id=?
Hibernate: select reactionus0_.reaction_id as reaction2_14_0_, reactionus0_.reaction_user_id as reaction1_14_0_, reactionus0_.reaction_user_id as reaction1_14_1_, reactionus0_.reaction_id as reaction2_14_1_, reactionus0_.user_id as user_id3_14_1_ from reaction_user reactionus0_ where reactionus0_.reaction_id=?
Hibernate: select commentlis0_.board_id as board_id5_7_0_, commentlis0_.comment_id as comment_1_7_0_, commentlis0_.comment_id as comment_1_7_1_, commentlis0_.board_id as board_id5_7_1_, commentlis0_.comment_content as comment_2_7_1_, commentlis0_.comment_created_at as comment_3_7_1_, commentlis0_.comment_last_modified_at as comment_4_7_1_, commentlis0_.user_id as user_id6_7_1_ from comment commentlis0_ where commentlis0_.board_id=?
Hibernate: select reactionli0_.board_id as board_id3_13_0_, reactionli0_.reaction_id as reaction1_13_0_, reactionli0_.reaction_id as reaction1_13_1_, reactionli0_.board_id as board_id3_13_1_, reactionli0_.reaction_type as reaction2_13_1_ from reaction reactionli0_ where reactionli0_.board_id=?
Hibernate: select reactionus0_.reaction_id as reaction2_14_0_, reactionus0_.reaction_user_id as reaction1_14_0_, reactionus0_.reaction_user_id as reaction1_14_1_, reactionus0_.reaction_id as reaction2_14_1_, reactionus0_.user_id as user_id3_14_1_ from reaction_user reactionus0_ where reactionus0_.reaction_id=?
Hibernate: select reactionus0_.reaction_id as reaction2_14_0_, reactionus0_.reaction_user_id as reaction1_14_0_, reactionus0_.reaction_user_id as reaction1_14_1_, reactionus0_.reaction_id as reaction2_14_1_, reactionus0_.user_id as user_id3_14_1_ from reaction_user reactionus0_ where reactionus0_.reaction_id=?
Hibernate: select reactionus0_.reaction_id as reaction2_14_0_, reactionus0_.reaction_user_id as reaction1_14_0_, reactionus0_.reaction_user_id as reaction1_14_1_, reactionus0_.reaction_id as reaction2_14_1_, reactionus0_.user_id as user_id3_14_1_ from reaction_user reactionus0_ where reactionus0_.reaction_id=?
Hibernate: select reactionus0_.reaction_id as reaction2_14_0_, reactionus0_.reaction_user_id as reaction1_14_0_, reactionus0_.reaction_user_id as reaction1_14_1_, reactionus0_.reaction_id as reaction2_14_1_, reactionus0_.user_id as user_id3_14_1_ from reaction_user reactionus0_ where reactionus0_.reaction_id=?
Hibernate: select reactionus0_.reaction_id as reaction2_14_0_, reactionus0_.reaction_user_id as reaction1_14_0_, reactionus0_.reaction_user_id as reaction1_14_1_, reactionus0_.reaction_id as reaction2_14_1_, reactionus0_.user_id as user_id3_14_1_ from reaction_user reactionus0_ where reactionus0_.reaction_id=?
Hibernate: select reactionus0_.reaction_id as reaction2_14_0_, reactionus0_.reaction_user_id as reaction1_14_0_, reactionus0_.reaction_user_id as reaction1_14_1_, reactionus0_.reaction_id as reaction2_14_1_, reactionus0_.user_id as user_id3_14_1_ from reaction_user reactionus0_ where reactionus0_.reaction_id=?
Hibernate: select commentlis0_.board_id as board_id5_7_0_, commentlis0_.comment_id as comment_1_7_0_, commentlis0_.comment_id as comment_1_7_1_, commentlis0_.board_id as board_id5_7_1_, commentlis0_.comment_content as comment_2_7_1_, commentlis0_.comment_created_at as comment_3_7_1_, commentlis0_.comment_last_modified_at as comment_4_7_1_, commentlis0_.user_id as user_id6_7_1_ from comment commentlis0_ where commentlis0_.board_id=?
Hibernate: select boardlist0_.category_id as category7_4_0_, boardlist0_.board_id as board_id1_4_0_, boardlist0_.board_id as board_id1_4_1_, boardlist0_.category_id as category7_4_1_, boardlist0_.board_content as board_co2_4_1_, boardlist0_.board_created_at as board_cr3_4_1_, boardlist0_.board_last_modified_at as board_la4_4_1_, boardlist0_.board_title as board_ti5_4_1_, boardlist0_.user_id as user_id8_4_1_, boardlist0_.board_views as board_vi6_4_1_ from board boardlist0_ where boardlist0_.category_id=?
Hibernate: select count(comment0_.comment_id) as col_0_0_ from comment comment0_ where comment0_.board_id=?
Hibernate: select boardlist0_.category_id as category7_4_0_, boardlist0_.board_id as board_id1_4_0_, boardlist0_.board_id as board_id1_4_1_, boardlist0_.category_id as category7_4_1_, boardlist0_.board_content as board_co2_4_1_, boardlist0_.board_created_at as board_cr3_4_1_, boardlist0_.board_last_modified_at as board_la4_4_1_, boardlist0_.board_title as board_ti5_4_1_, boardlist0_.user_id as user_id8_4_1_, boardlist0_.board_views as board_vi6_4_1_ from board boardlist0_ where boardlist0_.category_id=?
Hibernate: select count(comment0_.comment_id) as col_0_0_ from comment comment0_ where comment0_.board_id=?
Hibernate: select count(comment0_.comment_id) as col_0_0_ from comment comment0_ where comment0_.board_id=?
Hibernate: select count(*) as col_0_0_ from board board0_
Hibernate: select imagepathl0_.board_board_id as board_bo1_11_0_, imagepathl0_.board_image_path_list as board_im2_11_0_ from image_path_list imagepathl0_ where imagepathl0_.board_board_id=?
Hibernate: select filepathli0_.board_board_id as board_bo1_8_0_, filepathli0_.board_file_path_list as board_fi2_8_0_ from file_path_list filepathli0_ where filepathli0_.board_board_id=?
Hibernate: select imagepathl0_.board_board_id as board_bo1_11_0_, imagepathl0_.board_image_path_list as board_im2_11_0_ from image_path_list imagepathl0_ where imagepathl0_.board_board_id=?
Hibernate: select filepathli0_.board_board_id as board_bo1_8_0_, filepathli0_.board_file_path_list as board_fi2_8_0_ from file_path_list filepathli0_ where filepathli0_.board_board_id=?
Hibernate: select imagepathl0_.board_board_id as board_bo1_11_0_, imagepathl0_.board_image_path_list as board_im2_11_0_ from image_path_list imagepathl0_ where imagepathl0_.board_board_id=?
Hibernate: select filepathli0_.board_board_id as board_bo1_8_0_, filepathli0_.board_file_path_list as board_fi2_8_0_ from file_path_list filepathli0_ where filepathli0_.board_board_id=?
Hibernate: select user0_.user_id as col_0_0_ from user user0_ where user0_.user_user_id=? limit ?
Hibernate: select user0_.user_id as col_0_0_ from user user0_ where user0_.user_user_id=? limit ?
Hibernate: select U.* from USER U where U.USER_USER_ID =?
Hibernate: select character0_.character_id as characte1_6_0_, character0_.character_character_name as characte2_6_0_ from characters character0_ where character0_.character_id=?
Hibernate: select user0_.user_id as user_id1_21_0_, user0_.character_id as characte7_21_0_, user0_.user_created_at as user_cre2_21_0_, user0_.user_name as user_nam3_21_0_, user0_.user_phone_number as user_pho4_21_0_, user0_.user_user_id as user_use5_21_0_, user0_.user_user_password as user_use6_21_0_ from user user0_ where user0_.user_id=?
Hibernate: select character0_.character_id as characte1_6_0_, character0_.character_character_name as characte2_6_0_ from characters character0_ where character0_.character_id=?
Hibernate: select count(*) as col_0_0_ from board board0_
Hibernate: select board0_.board_id as board_id1_4_, board0_.category_id as category7_4_, board0_.board_content as board_co2_4_, board0_.board_created_at as board_cr3_4_, board0_.board_last_modified_at as board_la4_4_, board0_.board_title as board_ti5_4_, board0_.user_id as user_id8_4_, board0_.board_views as board_vi6_4_ from board board0_ limit ?
Hibernate: select category0_.category_id as category1_5_0_, category0_.category_name as category2_5_0_ from category category0_ where category0_.category_id=?
Hibernate: select category0_.category_id as category1_5_0_, category0_.category_name as category2_5_0_ from category category0_ where category0_.category_id=?
Hibernate: select reactionli0_.board_id as board_id3_13_0_, reactionli0_.reaction_id as reaction1_13_0_, reactionli0_.reaction_id as reaction1_13_1_, reactionli0_.board_id as board_id3_13_1_, reactionli0_.reaction_type as reaction2_13_1_ from reaction reactionli0_ where reactionli0_.board_id=?
Hibernate: select reactionus0_.reaction_id as reaction2_14_0_, reactionus0_.reaction_user_id as reaction1_14_0_, reactionus0_.reaction_user_id as reaction1_14_1_, reactionus0_.reaction_id as reaction2_14_1_, reactionus0_.user_id as user_id3_14_1_ from reaction_user reactionus0_ where reactionus0_.reaction_id=?
Hibernate: select reactionus0_.reaction_id as reaction2_14_0_, reactionus0_.reaction_user_id as reaction1_14_0_, reactionus0_.reaction_user_id as reaction1_14_1_, reactionus0_.reaction_id as reaction2_14_1_, reactionus0_.user_id as user_id3_14_1_ from reaction_user reactionus0_ where reactionus0_.reaction_id=?
Hibernate: select reactionus0_.reaction_id as reaction2_14_0_, reactionus0_.reaction_user_id as reaction1_14_0_, reactionus0_.reaction_user_id as reaction1_14_1_, reactionus0_.reaction_id as reaction2_14_1_, reactionus0_.user_id as user_id3_14_1_ from reaction_user reactionus0_ where reactionus0_.reaction_id=?
Hibernate: select reactionus0_.reaction_id as reaction2_14_0_, reactionus0_.reaction_user_id as reaction1_14_0_, reactionus0_.reaction_user_id as reaction1_14_1_, reactionus0_.reaction_id as reaction2_14_1_, reactionus0_.user_id as user_id3_14_1_ from reaction_user reactionus0_ where reactionus0_.reaction_id=?
Hibernate: select reactionus0_.reaction_id as reaction2_14_0_, reactionus0_.reaction_user_id as reaction1_14_0_, reactionus0_.reaction_user_id as reaction1_14_1_, reactionus0_.reaction_id as reaction2_14_1_, reactionus0_.user_id as user_id3_14_1_ from reaction_user reactionus0_ where reactionus0_.reaction_id=?
Hibernate: select reactionus0_.reaction_id as reaction2_14_0_, reactionus0_.reaction_user_id as reaction1_14_0_, reactionus0_.reaction_user_id as reaction1_14_1_, reactionus0_.reaction_id as reaction2_14_1_, reactionus0_.user_id as user_id3_14_1_ from reaction_user reactionus0_ where reactionus0_.reaction_id=?
Hibernate: select commentlis0_.board_id as board_id5_7_0_, commentlis0_.comment_id as comment_1_7_0_, commentlis0_.comment_id as comment_1_7_1_, commentlis0_.board_id as board_id5_7_1_, commentlis0_.comment_content as comment_2_7_1_, commentlis0_.comment_created_at as comment_3_7_1_, commentlis0_.comment_last_modified_at as comment_4_7_1_, commentlis0_.user_id as user_id6_7_1_ from comment commentlis0_ where commentlis0_.board_id=?
Hibernate: select reactionli0_.board_id as board_id3_13_0_, reactionli0_.reaction_id as reaction1_13_0_, reactionli0_.reaction_id as reaction1_13_1_, reactionli0_.board_id as board_id3_13_1_, reactionli0_.reaction_type as reaction2_13_1_ from reaction reactionli0_ where reactionli0_.board_id=?
Hibernate: select reactionus0_.reaction_id as reaction2_14_0_, reactionus0_.reaction_user_id as reaction1_14_0_, reactionus0_.reaction_user_id as reaction1_14_1_, reactionus0_.reaction_id as reaction2_14_1_, reactionus0_.user_id as user_id3_14_1_ from reaction_user reactionus0_ where reactionus0_.reaction_id=?
Hibernate: select reactionus0_.reaction_id as reaction2_14_0_, reactionus0_.reaction_user_id as reaction1_14_0_, reactionus0_.reaction_user_id as reaction1_14_1_, reactionus0_.reaction_id as reaction2_14_1_, reactionus0_.user_id as user_id3_14_1_ from reaction_user reactionus0_ where reactionus0_.reaction_id=?
Hibernate: select reactionus0_.reaction_id as reaction2_14_0_, reactionus0_.reaction_user_id as reaction1_14_0_, reactionus0_.reaction_user_id as reaction1_14_1_, reactionus0_.reaction_id as reaction2_14_1_, reactionus0_.user_id as user_id3_14_1_ from reaction_user reactionus0_ where reactionus0_.reaction_id=?
Hibernate: select reactionus0_.reaction_id as reaction2_14_0_, reactionus0_.reaction_user_id as reaction1_14_0_, reactionus0_.reaction_user_id as reaction1_14_1_, reactionus0_.reaction_id as reaction2_14_1_, reactionus0_.user_id as user_id3_14_1_ from reaction_user reactionus0_ where reactionus0_.reaction_id=?
Hibernate: select reactionus0_.reaction_id as reaction2_14_0_, reactionus0_.reaction_user_id as reaction1_14_0_, reactionus0_.reaction_user_id as reaction1_14_1_, reactionus0_.reaction_id as reaction2_14_1_, reactionus0_.user_id as user_id3_14_1_ from reaction_user reactionus0_ where reactionus0_.reaction_id=?
Hibernate: select reactionus0_.reaction_id as reaction2_14_0_, reactionus0_.reaction_user_id as reaction1_14_0_, reactionus0_.reaction_user_id as reaction1_14_1_, reactionus0_.reaction_id as reaction2_14_1_, reactionus0_.user_id as user_id3_14_1_ from reaction_user reactionus0_ where reactionus0_.reaction_id=?
Hibernate: select commentlis0_.board_id as board_id5_7_0_, commentlis0_.comment_id as comment_1_7_0_, commentlis0_.comment_id as comment_1_7_1_, commentlis0_.board_id as board_id5_7_1_, commentlis0_.comment_content as comment_2_7_1_, commentlis0_.comment_created_at as comment_3_7_1_, commentlis0_.comment_last_modified_at as comment_4_7_1_, commentlis0_.user_id as user_id6_7_1_ from comment commentlis0_ where commentlis0_.board_id=?
Hibernate: select reactionli0_.board_id as board_id3_13_0_, reactionli0_.reaction_id as reaction1_13_0_, reactionli0_.reaction_id as reaction1_13_1_, reactionli0_.board_id as board_id3_13_1_, reactionli0_.reaction_type as reaction2_13_1_ from reaction reactionli0_ where reactionli0_.board_id=?
Hibernate: select reactionus0_.reaction_id as reaction2_14_0_, reactionus0_.reaction_user_id as reaction1_14_0_, reactionus0_.reaction_user_id as reaction1_14_1_, reactionus0_.reaction_id as reaction2_14_1_, reactionus0_.user_id as user_id3_14_1_ from reaction_user reactionus0_ where reactionus0_.reaction_id=?
Hibernate: select reactionus0_.reaction_id as reaction2_14_0_, reactionus0_.reaction_user_id as reaction1_14_0_, reactionus0_.reaction_user_id as reaction1_14_1_, reactionus0_.reaction_id as reaction2_14_1_, reactionus0_.user_id as user_id3_14_1_ from reaction_user reactionus0_ where reactionus0_.reaction_id=?
Hibernate: select reactionus0_.reaction_id as reaction2_14_0_, reactionus0_.reaction_user_id as reaction1_14_0_, reactionus0_.reaction_user_id as reaction1_14_1_, reactionus0_.reaction_id as reaction2_14_1_, reactionus0_.user_id as user_id3_14_1_ from reaction_user reactionus0_ where reactionus0_.reaction_id=?
Hibernate: select reactionus0_.reaction_id as reaction2_14_0_, reactionus0_.reaction_user_id as reaction1_14_0_, reactionus0_.reaction_user_id as reaction1_14_1_, reactionus0_.reaction_id as reaction2_14_1_, reactionus0_.user_id as user_id3_14_1_ from reaction_user reactionus0_ where reactionus0_.reaction_id=?
Hibernate: select reactionus0_.reaction_id as reaction2_14_0_, reactionus0_.reaction_user_id as reaction1_14_0_, reactionus0_.reaction_user_id as reaction1_14_1_, reactionus0_.reaction_id as reaction2_14_1_, reactionus0_.user_id as user_id3_14_1_ from reaction_user reactionus0_ where reactionus0_.reaction_id=?
Hibernate: select reactionus0_.reaction_id as reaction2_14_0_, reactionus0_.reaction_user_id as reaction1_14_0_, reactionus0_.reaction_user_id as reaction1_14_1_, reactionus0_.reaction_id as reaction2_14_1_, reactionus0_.user_id as user_id3_14_1_ from reaction_user reactionus0_ where reactionus0_.reaction_id=?
Hibernate: select commentlis0_.board_id as board_id5_7_0_, commentlis0_.comment_id as comment_1_7_0_, commentlis0_.comment_id as comment_1_7_1_, commentlis0_.board_id as board_id5_7_1_, commentlis0_.comment_content as comment_2_7_1_, commentlis0_.comment_created_at as comment_3_7_1_, commentlis0_.comment_last_modified_at as comment_4_7_1_, commentlis0_.user_id as user_id6_7_1_ from comment commentlis0_ where commentlis0_.board_id=?
Hibernate: select boardlist0_.category_id as category7_4_0_, boardlist0_.board_id as board_id1_4_0_, boardlist0_.board_id as board_id1_4_1_, boardlist0_.category_id as category7_4_1_, boardlist0_.board_content as board_co2_4_1_, boardlist0_.board_created_at as board_cr3_4_1_, boardlist0_.board_last_modified_at as board_la4_4_1_, boardlist0_.board_title as board_ti5_4_1_, boardlist0_.user_id as user_id8_4_1_, boardlist0_.board_views as board_vi6_4_1_ from board boardlist0_ where boardlist0_.category_id=?
Hibernate: select count(comment0_.comment_id) as col_0_0_ from comment comment0_ where comment0_.board_id=?
Hibernate: select boardlist0_.category_id as category7_4_0_, boardlist0_.board_id as board_id1_4_0_, boardlist0_.board_id as board_id1_4_1_, boardlist0_.category_id as category7_4_1_, boardlist0_.board_content as board_co2_4_1_, boardlist0_.board_created_at as board_cr3_4_1_, boardlist0_.board_last_modified_at as board_la4_4_1_, boardlist0_.board_title as board_ti5_4_1_, boardlist0_.user_id as user_id8_4_1_, boardlist0_.board_views as board_vi6_4_1_ from board boardlist0_ where boardlist0_.category_id=?
Hibernate: select count(comment0_.comment_id) as col_0_0_ from comment comment0_ where comment0_.board_id=?
Hibernate: select count(comment0_.comment_id) as col_0_0_ from comment comment0_ where comment0_.board_id=?
Hibernate: select count(*) as col_0_0_ from board board0_
Hibernate: select imagepathl0_.board_board_id as board_bo1_11_0_, imagepathl0_.board_image_path_list as board_im2_11_0_ from image_path_list imagepathl0_ where imagepathl0_.board_board_id=?
Hibernate: select filepathli0_.board_board_id as board_bo1_8_0_, filepathli0_.board_file_path_list as board_fi2_8_0_ from file_path_list filepathli0_ where filepathli0_.board_board_id=?
Hibernate: select imagepathl0_.board_board_id as board_bo1_11_0_, imagepathl0_.board_image_path_list as board_im2_11_0_ from image_path_list imagepathl0_ where imagepathl0_.board_board_id=?
Hibernate: select filepathli0_.board_board_id as board_bo1_8_0_, filepathli0_.board_file_path_list as board_fi2_8_0_ from file_path_list filepathli0_ where filepathli0_.board_board_id=?
Hibernate: select imagepathl0_.board_board_id as board_bo1_11_0_, imagepathl0_.board_image_path_list as board_im2_11_0_ from image_path_list imagepathl0_ where imagepathl0_.board_board_id=?
Hibernate: select filepathli0_.board_board_id as board_bo1_8_0_, filepathli0_.board_file_path_list as board_fi2_8_0_ from file_path_list filepathli0_ where filepathli0_.board_board_id=?
Hibernate: select U.* from USER U join BOARD B where U.USER_ID = B.USER_ID and B.BOARD_ID = ?
Hibernate: select character0_.character_id as characte1_6_0_, character0_.character_character_name as characte2_6_0_ from characters character0_ where character0_.character_id=?
Hibernate: select count(*) as col_0_0_ from user user0_ where user0_.user_id=?
Hibernate: select character1_.character_id as characte1_6_, character1_.character_character_name as characte2_6_ from user user0_ inner join characters character1_ on user0_.character_id=character1_.character_id where user0_.user_id=?
Hibernate: select permission0_.character_id as characte6_12_0_, permission0_.permission_id as permissi1_12_0_, permission0_.permission_id as permissi1_12_1_, permission0_.character_id as characte6_12_1_, permission0_.permission_name as permissi2_12_1_, permission0_.permission_permission_unit_id as permissi3_12_1_, permission0_.permission_service as permissi4_12_1_, permission0_.permission_status as permissi5_12_1_ from permission permission0_ where permission0_.character_id=?
Hibernate: select count(*) as col_0_0_ from board board0_ where board0_.board_id=?
Hibernate: select board0_.board_id as board_id1_4_0_, board0_.category_id as category7_4_0_, board0_.board_content as board_co2_4_0_, board0_.board_created_at as board_cr3_4_0_, board0_.board_last_modified_at as board_la4_4_0_, board0_.board_title as board_ti5_4_0_, board0_.user_id as user_id8_4_0_, board0_.board_views as board_vi6_4_0_ from board board0_ where board0_.board_id=?
Hibernate: select category0_.category_id as category1_5_0_, category0_.category_name as category2_5_0_ from category category0_ where category0_.category_id=?
Hibernate: select reactionli0_.board_id as board_id3_13_0_, reactionli0_.reaction_id as reaction1_13_0_, reactionli0_.reaction_id as reaction1_13_1_, reactionli0_.board_id as board_id3_13_1_, reactionli0_.reaction_type as reaction2_13_1_ from reaction reactionli0_ where reactionli0_.board_id=?
Hibernate: select reactionus0_.reaction_id as reaction2_14_0_, reactionus0_.reaction_user_id as reaction1_14_0_, reactionus0_.reaction_user_id as reaction1_14_1_, reactionus0_.reaction_id as reaction2_14_1_, reactionus0_.user_id as user_id3_14_1_ from reaction_user reactionus0_ where reactionus0_.reaction_id=?
Hibernate: select reactionus0_.reaction_id as reaction2_14_0_, reactionus0_.reaction_user_id as reaction1_14_0_, reactionus0_.reaction_user_id as reaction1_14_1_, reactionus0_.reaction_id as reaction2_14_1_, reactionus0_.user_id as user_id3_14_1_ from reaction_user reactionus0_ where reactionus0_.reaction_id=?
Hibernate: select reactionus0_.reaction_id as reaction2_14_0_, reactionus0_.reaction_user_id as reaction1_14_0_, reactionus0_.reaction_user_id as reaction1_14_1_, reactionus0_.reaction_id as reaction2_14_1_, reactionus0_.user_id as user_id3_14_1_ from reaction_user reactionus0_ where reactionus0_.reaction_id=?
Hibernate: select reactionus0_.reaction_id as reaction2_14_0_, reactionus0_.reaction_user_id as reaction1_14_0_, reactionus0_.reaction_user_id as reaction1_14_1_, reactionus0_.reaction_id as reaction2_14_1_, reactionus0_.user_id as user_id3_14_1_ from reaction_user reactionus0_ where reactionus0_.reaction_id=?
Hibernate: select reactionus0_.reaction_id as reaction2_14_0_, reactionus0_.reaction_user_id as reaction1_14_0_, reactionus0_.reaction_user_id as reaction1_14_1_, reactionus0_.reaction_id as reaction2_14_1_, reactionus0_.user_id as user_id3_14_1_ from reaction_user reactionus0_ where reactionus0_.reaction_id=?
Hibernate: select reactionus0_.reaction_id as reaction2_14_0_, reactionus0_.reaction_user_id as reaction1_14_0_, reactionus0_.reaction_user_id as reaction1_14_1_, reactionus0_.reaction_id as reaction2_14_1_, reactionus0_.user_id as user_id3_14_1_ from reaction_user reactionus0_ where reactionus0_.reaction_id=?
Hibernate: select commentlis0_.board_id as board_id5_7_0_, commentlis0_.comment_id as comment_1_7_0_, commentlis0_.comment_id as comment_1_7_1_, commentlis0_.board_id as board_id5_7_1_, commentlis0_.comment_content as comment_2_7_1_, commentlis0_.comment_created_at as comment_3_7_1_, commentlis0_.comment_last_modified_at as comment_4_7_1_, commentlis0_.user_id as user_id6_7_1_ from comment commentlis0_ where commentlis0_.board_id=?
Hibernate: select boardlist0_.category_id as category7_4_0_, boardlist0_.board_id as board_id1_4_0_, boardlist0_.board_id as board_id1_4_1_, boardlist0_.category_id as category7_4_1_, boardlist0_.board_content as board_co2_4_1_, boardlist0_.board_created_at as board_cr3_4_1_, boardlist0_.board_last_modified_at as board_la4_4_1_, boardlist0_.board_title as board_ti5_4_1_, boardlist0_.user_id as user_id8_4_1_, boardlist0_.board_views as board_vi6_4_1_ from board boardlist0_ where boardlist0_.category_id=?
Hibernate: select count(comment0_.comment_id) as col_0_0_ from comment comment0_ where comment0_.board_id=?
Hibernate: update board set category_id=?, board_content=?, board_created_at=?, board_last_modified_at=?, board_title=?, user_id=?, board_views=? where board_id=?
Hibernate: select filepathli0_.board_board_id as board_bo1_8_0_, filepathli0_.board_file_path_list as board_fi2_8_0_ from file_path_list filepathli0_ where filepathli0_.board_board_id=?
Hibernate: select imagepathl0_.board_board_id as board_bo1_11_0_, imagepathl0_.board_image_path_list as board_im2_11_0_ from image_path_list imagepathl0_ where imagepathl0_.board_board_id=?
Hibernate: select count(*) as col_0_0_ from board board0_ where board0_.board_id=?
Hibernate: delete from reaction where reaction_id=?
Hibernate: delete from reaction where reaction_id=?
Hibernate: delete from reaction where reaction_id=?
Hibernate: delete from reaction where reaction_id=?
Hibernate: delete from reaction where reaction_id=?
Hibernate: delete from reaction where reaction_id=?
Hibernate: delete from board where board_id=?
Hibernate: select user0_.user_id as user_id1_21_0_, user0_.character_id as characte7_21_0_, user0_.user_created_at as user_cre2_21_0_, user0_.user_name as user_nam3_21_0_, user0_.user_phone_number as user_pho4_21_0_, user0_.user_user_id as user_use5_21_0_, user0_.user_user_password as user_use6_21_0_ from user user0_ where user0_.user_id=?
Hibernate: select character0_.character_id as characte1_6_0_, character0_.character_character_name as characte2_6_0_ from characters character0_ where character0_.character_id=?
Hibernate: select count(*) as col_0_0_ from user user0_ where user0_.user_id=?
Hibernate: select character1_.character_id as characte1_6_, character1_.character_character_name as characte2_6_ from user user0_ inner join characters character1_ on user0_.character_id=character1_.character_id where user0_.user_id=?
Hibernate: select permission0_.character_id as characte6_12_0_, permission0_.permission_id as permissi1_12_0_, permission0_.permission_id as permissi1_12_1_, permission0_.character_id as characte6_12_1_, permission0_.permission_name as permissi2_12_1_, permission0_.permission_permission_unit_id as permissi3_12_1_, permission0_.permission_service as permissi4_12_1_, permission0_.permission_status as permissi5_12_1_ from permission permission0_ where permission0_.character_id=?
Hibernate: select count(*) as col_0_0_ from board board0_ where board0_.board_id=?
Hibernate: select U.* from USER U join BOARD B where U.USER_ID = B.USER_ID and B.BOARD_ID = ?
Hibernate: select character0_.character_id as characte1_6_0_, character0_.character_character_name as characte2_6_0_ from characters character0_ where character0_.character_id=?
Hibernate: select count(*) as col_0_0_ from user user0_ where user0_.user_id=?
Hibernate: select character1_.character_id as characte1_6_, character1_.character_character_name as characte2_6_ from user user0_ inner join characters character1_ on user0_.character_id=character1_.character_id where user0_.user_id=?
Hibernate: select permission0_.character_id as characte6_12_0_, permission0_.permission_id as permissi1_12_0_, permission0_.permission_id as permissi1_12_1_, permission0_.character_id as characte6_12_1_, permission0_.permission_name as permissi2_12_1_, permission0_.permission_permission_unit_id as permissi3_12_1_, permission0_.permission_service as permissi4_12_1_, permission0_.permission_status as permissi5_12_1_ from permission permission0_ where permission0_.character_id=?
Hibernate: select count(*) as col_0_0_ from board board0_ where board0_.board_id=?
Hibernate: select board0_.board_id as board_id1_4_0_, board0_.category_id as category7_4_0_, board0_.board_content as board_co2_4_0_, board0_.board_created_at as board_cr3_4_0_, board0_.board_last_modified_at as board_la4_4_0_, board0_.board_title as board_ti5_4_0_, board0_.user_id as user_id8_4_0_, board0_.board_views as board_vi6_4_0_ from board board0_ where board0_.board_id=?
Hibernate: select category0_.category_id as category1_5_0_, category0_.category_name as category2_5_0_ from category category0_ where category0_.category_id=?
Hibernate: select reactionli0_.board_id as board_id3_13_0_, reactionli0_.reaction_id as reaction1_13_0_, reactionli0_.reaction_id as reaction1_13_1_, reactionli0_.board_id as board_id3_13_1_, reactionli0_.reaction_type as reaction2_13_1_ from reaction reactionli0_ where reactionli0_.board_id=?
Hibernate: select reactionus0_.reaction_id as reaction2_14_0_, reactionus0_.reaction_user_id as reaction1_14_0_, reactionus0_.reaction_user_id as reaction1_14_1_, reactionus0_.reaction_id as reaction2_14_1_, reactionus0_.user_id as user_id3_14_1_ from reaction_user reactionus0_ where reactionus0_.reaction_id=?
Hibernate: select reactionus0_.reaction_id as reaction2_14_0_, reactionus0_.reaction_user_id as reaction1_14_0_, reactionus0_.reaction_user_id as reaction1_14_1_, reactionus0_.reaction_id as reaction2_14_1_, reactionus0_.user_id as user_id3_14_1_ from reaction_user reactionus0_ where reactionus0_.reaction_id=?
Hibernate: select reactionus0_.reaction_id as reaction2_14_0_, reactionus0_.reaction_user_id as reaction1_14_0_, reactionus0_.reaction_user_id as reaction1_14_1_, reactionus0_.reaction_id as reaction2_14_1_, reactionus0_.user_id as user_id3_14_1_ from reaction_user reactionus0_ where reactionus0_.reaction_id=?
Hibernate: select reactionus0_.reaction_id as reaction2_14_0_, reactionus0_.reaction_user_id as reaction1_14_0_, reactionus0_.reaction_user_id as reaction1_14_1_, reactionus0_.reaction_id as reaction2_14_1_, reactionus0_.user_id as user_id3_14_1_ from reaction_user reactionus0_ where reactionus0_.reaction_id=?
Hibernate: select reactionus0_.reaction_id as reaction2_14_0_, reactionus0_.reaction_user_id as reaction1_14_0_, reactionus0_.reaction_user_id as reaction1_14_1_, reactionus0_.reaction_id as reaction2_14_1_, reactionus0_.user_id as user_id3_14_1_ from reaction_user reactionus0_ where reactionus0_.reaction_id=?
Hibernate: select reactionus0_.reaction_id as reaction2_14_0_, reactionus0_.reaction_user_id as reaction1_14_0_, reactionus0_.reaction_user_id as reaction1_14_1_, reactionus0_.reaction_id as reaction2_14_1_, reactionus0_.user_id as user_id3_14_1_ from reaction_user reactionus0_ where reactionus0_.reaction_id=?
Hibernate: select commentlis0_.board_id as board_id5_7_0_, commentlis0_.comment_id as comment_1_7_0_, commentlis0_.comment_id as comment_1_7_1_, commentlis0_.board_id as board_id5_7_1_, commentlis0_.comment_content as comment_2_7_1_, commentlis0_.comment_created_at as comment_3_7_1_, commentlis0_.comment_last_modified_at as comment_4_7_1_, commentlis0_.user_id as user_id6_7_1_ from comment commentlis0_ where commentlis0_.board_id=?
Hibernate: select boardlist0_.category_id as category7_4_0_, boardlist0_.board_id as board_id1_4_0_, boardlist0_.board_id as board_id1_4_1_, boardlist0_.category_id as category7_4_1_, boardlist0_.board_content as board_co2_4_1_, boardlist0_.board_created_at as board_cr3_4_1_, boardlist0_.board_last_modified_at as board_la4_4_1_, boardlist0_.board_title as board_ti5_4_1_, boardlist0_.user_id as user_id8_4_1_, boardlist0_.board_views as board_vi6_4_1_ from board boardlist0_ where boardlist0_.category_id=?
Hibernate: select count(comment0_.comment_id) as col_0_0_ from comment comment0_ where comment0_.board_id=?
Hibernate: update board set category_id=?, board_content=?, board_created_at=?, board_last_modified_at=?, board_title=?, user_id=?, board_views=? where board_id=?
Hibernate: select filepathli0_.board_board_id as board_bo1_8_0_, filepathli0_.board_file_path_list as board_fi2_8_0_ from file_path_list filepathli0_ where filepathli0_.board_board_id=?
Hibernate: select imagepathl0_.board_board_id as board_bo1_11_0_, imagepathl0_.board_image_path_list as board_im2_11_0_ from image_path_list imagepathl0_ where imagepathl0_.board_board_id=?
Hibernate: select count(*) as col_0_0_ from board board0_ where board0_.board_id=?
Hibernate: delete from reaction where reaction_id=?
Hibernate: delete from reaction where reaction_id=?
Hibernate: delete from reaction where reaction_id=?
Hibernate: delete from reaction where reaction_id=?
Hibernate: delete from reaction where reaction_id=?
Hibernate: delete from reaction where reaction_id=?
Hibernate: delete from board where board_id=?
Hibernate: select user0_.user_id as user_id1_21_0_, user0_.character_id as characte7_21_0_, user0_.user_created_at as user_cre2_21_0_, user0_.user_name as user_nam3_21_0_, user0_.user_phone_number as user_pho4_21_0_, user0_.user_user_id as user_use5_21_0_, user0_.user_user_password as user_use6_21_0_ from user user0_ where user0_.user_id=?
Hibernate: select character0_.character_id as characte1_6_0_, character0_.character_character_name as characte2_6_0_ from characters character0_ where character0_.character_id=?
Hibernate: select count(*) as col_0_0_ from user user0_ where user0_.user_id=?
Hibernate: select character1_.character_id as characte1_6_, character1_.character_character_name as characte2_6_ from user user0_ inner join characters character1_ on user0_.character_id=character1_.character_id where user0_.user_id=?
Hibernate: select permission0_.character_id as characte6_12_0_, permission0_.permission_id as permissi1_12_0_, permission0_.permission_id as permissi1_12_1_, permission0_.character_id as characte6_12_1_, permission0_.permission_name as permissi2_12_1_, permission0_.permission_permission_unit_id as permissi3_12_1_, permission0_.permission_service as permissi4_12_1_, permission0_.permission_status as permissi5_12_1_ from permission permission0_ where permission0_.character_id=?
Hibernate: select count(*) as col_0_0_ from board board0_ where board0_.board_id=?
Hibernate: select U.* from USER U join BOARD B where U.USER_ID = B.USER_ID and B.BOARD_ID = ?
Hibernate: select character0_.character_id as characte1_6_0_, character0_.character_character_name as characte2_6_0_ from characters character0_ where character0_.character_id=?
Hibernate: select count(*) as col_0_0_ from user user0_ where user0_.user_id=?
Hibernate: select character1_.character_id as characte1_6_, character1_.character_character_name as characte2_6_ from user user0_ inner join characters character1_ on user0_.character_id=character1_.character_id where user0_.user_id=?
Hibernate: select permission0_.character_id as characte6_12_0_, permission0_.permission_id as permissi1_12_0_, permission0_.permission_id as permissi1_12_1_, permission0_.character_id as characte6_12_1_, permission0_.permission_name as permissi2_12_1_, permission0_.permission_permission_unit_id as permissi3_12_1_, permission0_.permission_service as permissi4_12_1_, permission0_.permission_status as permissi5_12_1_ from permission permission0_ where permission0_.character_id=?
Hibernate: select count(*) as col_0_0_ from board board0_ where board0_.board_id=?
Hibernate: select board0_.board_id as board_id1_4_0_, board0_.category_id as category7_4_0_, board0_.board_content as board_co2_4_0_, board0_.board_created_at as board_cr3_4_0_, board0_.board_last_modified_at as board_la4_4_0_, board0_.board_title as board_ti5_4_0_, board0_.user_id as user_id8_4_0_, board0_.board_views as board_vi6_4_0_ from board board0_ where board0_.board_id=?
Hibernate: select category0_.category_id as category1_5_0_, category0_.category_name as category2_5_0_ from category category0_ where category0_.category_id=?
Hibernate: select reactionli0_.board_id as board_id3_13_0_, reactionli0_.reaction_id as reaction1_13_0_, reactionli0_.reaction_id as reaction1_13_1_, reactionli0_.board_id as board_id3_13_1_, reactionli0_.reaction_type as reaction2_13_1_ from reaction reactionli0_ where reactionli0_.board_id=?
Hibernate: select reactionus0_.reaction_id as reaction2_14_0_, reactionus0_.reaction_user_id as reaction1_14_0_, reactionus0_.reaction_user_id as reaction1_14_1_, reactionus0_.reaction_id as reaction2_14_1_, reactionus0_.user_id as user_id3_14_1_ from reaction_user reactionus0_ where reactionus0_.reaction_id=?
Hibernate: select reactionus0_.reaction_id as reaction2_14_0_, reactionus0_.reaction_user_id as reaction1_14_0_, reactionus0_.reaction_user_id as reaction1_14_1_, reactionus0_.reaction_id as reaction2_14_1_, reactionus0_.user_id as user_id3_14_1_ from reaction_user reactionus0_ where reactionus0_.reaction_id=?
Hibernate: select reactionus0_.reaction_id as reaction2_14_0_, reactionus0_.reaction_user_id as reaction1_14_0_, reactionus0_.reaction_user_id as reaction1_14_1_, reactionus0_.reaction_id as reaction2_14_1_, reactionus0_.user_id as user_id3_14_1_ from reaction_user reactionus0_ where reactionus0_.reaction_id=?
Hibernate: select reactionus0_.reaction_id as reaction2_14_0_, reactionus0_.reaction_user_id as reaction1_14_0_, reactionus0_.reaction_user_id as reaction1_14_1_, reactionus0_.reaction_id as reaction2_14_1_, reactionus0_.user_id as user_id3_14_1_ from reaction_user reactionus0_ where reactionus0_.reaction_id=?
Hibernate: select reactionus0_.reaction_id as reaction2_14_0_, reactionus0_.reaction_user_id as reaction1_14_0_, reactionus0_.reaction_user_id as reaction1_14_1_, reactionus0_.reaction_id as reaction2_14_1_, reactionus0_.user_id as user_id3_14_1_ from reaction_user reactionus0_ where reactionus0_.reaction_id=?
Hibernate: select reactionus0_.reaction_id as reaction2_14_0_, reactionus0_.reaction_user_id as reaction1_14_0_, reactionus0_.reaction_user_id as reaction1_14_1_, reactionus0_.reaction_id as reaction2_14_1_, reactionus0_.user_id as user_id3_14_1_ from reaction_user reactionus0_ where reactionus0_.reaction_id=?
Hibernate: select commentlis0_.board_id as board_id5_7_0_, commentlis0_.comment_id as comment_1_7_0_, commentlis0_.comment_id as comment_1_7_1_, commentlis0_.board_id as board_id5_7_1_, commentlis0_.comment_content as comment_2_7_1_, commentlis0_.comment_created_at as comment_3_7_1_, commentlis0_.comment_last_modified_at as comment_4_7_1_, commentlis0_.user_id as user_id6_7_1_ from comment commentlis0_ where commentlis0_.board_id=?
Hibernate: select boardlist0_.category_id as category7_4_0_, boardlist0_.board_id as board_id1_4_0_, boardlist0_.board_id as board_id1_4_1_, boardlist0_.category_id as category7_4_1_, boardlist0_.board_content as board_co2_4_1_, boardlist0_.board_created_at as board_cr3_4_1_, boardlist0_.board_last_modified_at as board_la4_4_1_, boardlist0_.board_title as board_ti5_4_1_, boardlist0_.user_id as user_id8_4_1_, boardlist0_.board_views as board_vi6_4_1_ from board boardlist0_ where boardlist0_.category_id=?
Hibernate: select count(comment0_.comment_id) as col_0_0_ from comment comment0_ where comment0_.board_id=?
Hibernate: update board set category_id=?, board_content=?, board_created_at=?, board_last_modified_at=?, board_title=?, user_id=?, board_views=? where board_id=?
Hibernate: select filepathli0_.board_board_id as board_bo1_8_0_, filepathli0_.board_file_path_list as board_fi2_8_0_ from file_path_list filepathli0_ where filepathli0_.board_board_id=?
Hibernate: select imagepathl0_.board_board_id as board_bo1_11_0_, imagepathl0_.board_image_path_list as board_im2_11_0_ from image_path_list imagepathl0_ where imagepathl0_.board_board_id=?
Hibernate: select count(*) as col_0_0_ from board board0_ where board0_.board_id=?
Hibernate: delete from reaction where reaction_id=?
Hibernate: delete from reaction where reaction_id=?
Hibernate: delete from reaction where reaction_id=?
Hibernate: delete from reaction where reaction_id=?
Hibernate: delete from reaction where reaction_id=?
Hibernate: delete from reaction where reaction_id=?
Hibernate: delete from board where board_id=?
Hibernate: select user0_.user_id as user_id1_21_0_, user0_.character_id as characte7_21_0_, user0_.user_created_at as user_cre2_21_0_, user0_.user_name as user_nam3_21_0_, user0_.user_phone_number as user_pho4_21_0_, user0_.user_user_id as user_use5_21_0_, user0_.user_user_password as user_use6_21_0_ from user user0_ where user0_.user_id=?
Hibernate: select character0_.character_id as characte1_6_0_, character0_.character_character_name as characte2_6_0_ from characters character0_ where character0_.character_id=?
Hibernate: select count(*) as col_0_0_ from user user0_ where user0_.user_id=?
Hibernate: select character1_.character_id as characte1_6_, character1_.character_character_name as characte2_6_ from user user0_ inner join characters character1_ on user0_.character_id=character1_.character_id where user0_.user_id=?
Hibernate: select permission0_.character_id as characte6_12_0_, permission0_.permission_id as permissi1_12_0_, permission0_.permission_id as permissi1_12_1_, permission0_.character_id as characte6_12_1_, permission0_.permission_name as permissi2_12_1_, permission0_.permission_permission_unit_id as permissi3_12_1_, permission0_.permission_service as permissi4_12_1_, permission0_.permission_status as permissi5_12_1_ from permission permission0_ where permission0_.character_id=?
Hibernate: select count(*) as col_0_0_ from board board0_ where board0_.board_id=?
Hibernate: select user0_.user_id as col_0_0_ from user user0_ where user0_.user_user_id=? limit ?
Hibernate: select user0_.user_id as col_0_0_ from user user0_ where user0_.user_user_id=? limit ?
Hibernate: select U.* from USER U where U.USER_USER_ID =?
Hibernate: select character0_.character_id as characte1_6_0_, character0_.character_character_name as characte2_6_0_ from characters character0_ where character0_.character_id=?
Hibernate: select user0_.user_id as user_id1_21_0_, user0_.character_id as characte7_21_0_, user0_.user_created_at as user_cre2_21_0_, user0_.user_name as user_nam3_21_0_, user0_.user_phone_number as user_pho4_21_0_, user0_.user_user_id as user_use5_21_0_, user0_.user_user_password as user_use6_21_0_ from user user0_ where user0_.user_id=?
Hibernate: select character0_.character_id as characte1_6_0_, character0_.character_character_name as characte2_6_0_ from characters character0_ where character0_.character_id=?
Hibernate: select category0_.category_id as category1_5_, category0_.category_name as category2_5_ from category category0_
Hibernate: select boardlist0_.category_id as category7_4_0_, boardlist0_.board_id as board_id1_4_0_, boardlist0_.board_id as board_id1_4_1_, boardlist0_.category_id as category7_4_1_, boardlist0_.board_content as board_co2_4_1_, boardlist0_.board_created_at as board_cr3_4_1_, boardlist0_.board_last_modified_at as board_la4_4_1_, boardlist0_.board_title as board_ti5_4_1_, boardlist0_.user_id as user_id8_4_1_, boardlist0_.board_views as board_vi6_4_1_ from board boardlist0_ where boardlist0_.category_id=?
Hibernate: select boardlist0_.category_id as category7_4_0_, boardlist0_.board_id as board_id1_4_0_, boardlist0_.board_id as board_id1_4_1_, boardlist0_.category_id as category7_4_1_, boardlist0_.board_content as board_co2_4_1_, boardlist0_.board_created_at as board_cr3_4_1_, boardlist0_.board_last_modified_at as board_la4_4_1_, boardlist0_.board_title as board_ti5_4_1_, boardlist0_.user_id as user_id8_4_1_, boardlist0_.board_views as board_vi6_4_1_ from board boardlist0_ where boardlist0_.category_id=?
Hibernate: select user0_.user_id as user_id1_21_0_, user0_.character_id as characte7_21_0_, user0_.user_created_at as user_cre2_21_0_, user0_.user_name as user_nam3_21_0_, user0_.user_phone_number as user_pho4_21_0_, user0_.user_user_id as user_use5_21_0_, user0_.user_user_password as user_use6_21_0_ from user user0_ where user0_.user_id=?
Hibernate: select character0_.character_id as characte1_6_0_, character0_.character_character_name as characte2_6_0_ from characters character0_ where character0_.character_id=?
Hibernate: select count(*) as col_0_0_ from user user0_ where user0_.user_id=?
Hibernate: select character1_.character_id as characte1_6_, character1_.character_character_name as characte2_6_ from user user0_ inner join characters character1_ on user0_.character_id=character1_.character_id where user0_.user_id=?
Hibernate: select permission0_.character_id as characte6_12_0_, permission0_.permission_id as permissi1_12_0_, permission0_.permission_id as permissi1_12_1_, permission0_.character_id as characte6_12_1_, permission0_.permission_name as permissi2_12_1_, permission0_.permission_permission_unit_id as permissi3_12_1_, permission0_.permission_service as permissi4_12_1_, permission0_.permission_status as permissi5_12_1_ from permission permission0_ where permission0_.character_id=?
Hibernate: select count(*) as col_0_0_ from category category0_ where category0_.category_id=?
Hibernate: select count(board0_.board_id) as col_0_0_ from board board0_ where board0_.category_id=?
Hibernate: select category0_.category_id as category1_5_0_, category0_.category_name as category2_5_0_ from category category0_ where category0_.category_id=?
Hibernate: select boardlist0_.category_id as category7_4_0_, boardlist0_.board_id as board_id1_4_0_, boardlist0_.board_id as board_id1_4_1_, boardlist0_.category_id as category7_4_1_, boardlist0_.board_content as board_co2_4_1_, boardlist0_.board_created_at as board_cr3_4_1_, boardlist0_.board_last_modified_at as board_la4_4_1_, boardlist0_.board_title as board_ti5_4_1_, boardlist0_.user_id as user_id8_4_1_, boardlist0_.board_views as board_vi6_4_1_ from board boardlist0_ where boardlist0_.category_id=?
Hibernate: delete from category where category_id=?
Hibernate: select user0_.user_id as user_id1_21_0_, user0_.character_id as characte7_21_0_, user0_.user_created_at as user_cre2_21_0_, user0_.user_name as user_nam3_21_0_, user0_.user_phone_number as user_pho4_21_0_, user0_.user_user_id as user_use5_21_0_, user0_.user_user_password as user_use6_21_0_ from user user0_ where user0_.user_id=?
Hibernate: select character0_.character_id as characte1_6_0_, character0_.character_character_name as characte2_6_0_ from characters character0_ where character0_.character_id=?
Hibernate: select count(*) as col_0_0_ from user user0_ where user0_.user_id=?
Hibernate: select character1_.character_id as characte1_6_, character1_.character_character_name as characte2_6_ from user user0_ inner join characters character1_ on user0_.character_id=character1_.character_id where user0_.user_id=?
Hibernate: select permission0_.character_id as characte6_12_0_, permission0_.permission_id as permissi1_12_0_, permission0_.permission_id as permissi1_12_1_, permission0_.character_id as characte6_12_1_, permission0_.permission_name as permissi2_12_1_, permission0_.permission_permission_unit_id as permissi3_12_1_, permission0_.permission_service as permissi4_12_1_, permission0_.permission_status as permissi5_12_1_ from permission permission0_ where permission0_.character_id=?
Hibernate: select count(*) as col_0_0_ from category category0_ where category0_.category_id=?
Hibernate: select count(board0_.board_id) as col_0_0_ from board board0_ where board0_.category_id=?
Hibernate: select category0_.category_id as category1_5_0_, category0_.category_name as category2_5_0_ from category category0_ where category0_.category_id=?
Hibernate: select boardlist0_.category_id as category7_4_0_, boardlist0_.board_id as board_id1_4_0_, boardlist0_.board_id as board_id1_4_1_, boardlist0_.category_id as category7_4_1_, boardlist0_.board_content as board_co2_4_1_, boardlist0_.board_created_at as board_cr3_4_1_, boardlist0_.board_last_modified_at as board_la4_4_1_, boardlist0_.board_title as board_ti5_4_1_, boardlist0_.user_id as user_id8_4_1_, boardlist0_.board_views as board_vi6_4_1_ from board boardlist0_ where boardlist0_.category_id=?
Hibernate: delete from category where category_id=?
Hibernate: select user0_.user_id as user_id1_21_0_, user0_.character_id as characte7_21_0_, user0_.user_created_at as user_cre2_21_0_, user0_.user_name as user_nam3_21_0_, user0_.user_phone_number as user_pho4_21_0_, user0_.user_user_id as user_use5_21_0_, user0_.user_user_password as user_use6_21_0_ from user user0_ where user0_.user_id=?
Hibernate: select character0_.character_id as characte1_6_0_, character0_.character_character_name as characte2_6_0_ from characters character0_ where character0_.character_id=?
Hibernate: select count(*) as col_0_0_ from user user0_ where user0_.user_id=?
Hibernate: select character1_.character_id as characte1_6_, character1_.character_character_name as characte2_6_ from user user0_ inner join characters character1_ on user0_.character_id=character1_.character_id where user0_.user_id=?
Hibernate: select permission0_.character_id as characte6_12_0_, permission0_.permission_id as permissi1_12_0_, permission0_.permission_id as permissi1_12_1_, permission0_.character_id as characte6_12_1_, permission0_.permission_name as permissi2_12_1_, permission0_.permission_permission_unit_id as permissi3_12_1_, permission0_.permission_service as permissi4_12_1_, permission0_.permission_status as permissi5_12_1_ from permission permission0_ where permission0_.character_id=?
Hibernate: select category0_.category_id as col_0_0_ from category category0_ where category0_.category_name=? limit ?
Hibernate: select category0_.category_id as category1_5_1_, category0_.category_name as category2_5_1_, boardlist1_.category_id as category7_4_3_, boardlist1_.board_id as board_id1_4_3_, boardlist1_.board_id as board_id1_4_0_, boardlist1_.category_id as category7_4_0_, boardlist1_.board_content as board_co2_4_0_, boardlist1_.board_created_at as board_cr3_4_0_, boardlist1_.board_last_modified_at as board_la4_4_0_, boardlist1_.board_title as board_ti5_4_0_, boardlist1_.user_id as user_id8_4_0_, boardlist1_.board_views as board_vi6_4_0_ from category category0_ left outer join board boardlist1_ on category0_.category_id=boardlist1_.category_id where category0_.category_id=?
Hibernate: insert into category (category_id, category_name) values (default, ?)
Hibernate: select user0_.user_id as user_id1_21_0_, user0_.character_id as characte7_21_0_, user0_.user_created_at as user_cre2_21_0_, user0_.user_name as user_nam3_21_0_, user0_.user_phone_number as user_pho4_21_0_, user0_.user_user_id as user_use5_21_0_, user0_.user_user_password as user_use6_21_0_ from user user0_ where user0_.user_id=?
Hibernate: select character0_.character_id as characte1_6_0_, character0_.character_character_name as characte2_6_0_ from characters character0_ where character0_.character_id=?
Hibernate: select count(*) as col_0_0_ from user user0_ where user0_.user_id=?
Hibernate: select character1_.character_id as characte1_6_, character1_.character_character_name as characte2_6_ from user user0_ inner join characters character1_ on user0_.character_id=character1_.character_id where user0_.user_id=?
Hibernate: select permission0_.character_id as characte6_12_0_, permission0_.permission_id as permissi1_12_0_, permission0_.permission_id as permissi1_12_1_, permission0_.character_id as characte6_12_1_, permission0_.permission_name as permissi2_12_1_, permission0_.permission_permission_unit_id as permissi3_12_1_, permission0_.permission_service as permissi4_12_1_, permission0_.permission_status as permissi5_12_1_ from permission permission0_ where permission0_.character_id=?
Hibernate: select category0_.category_id as col_0_0_ from category category0_ where category0_.category_name=? limit ?
Hibernate: select category0_.category_id as category1_5_1_, category0_.category_name as category2_5_1_, boardlist1_.category_id as category7_4_3_, boardlist1_.board_id as board_id1_4_3_, boardlist1_.board_id as board_id1_4_0_, boardlist1_.category_id as category7_4_0_, boardlist1_.board_content as board_co2_4_0_, boardlist1_.board_created_at as board_cr3_4_0_, boardlist1_.board_last_modified_at as board_la4_4_0_, boardlist1_.board_title as board_ti5_4_0_, boardlist1_.user_id as user_id8_4_0_, boardlist1_.board_views as board_vi6_4_0_ from category category0_ left outer join board boardlist1_ on category0_.category_id=boardlist1_.category_id where category0_.category_id=?
Hibernate: insert into category (category_id, category_name) values (default, ?)
Hibernate: select user0_.user_id as col_0_0_ from user user0_ where user0_.user_user_id=? limit ?
Hibernate: select user0_.user_id as col_0_0_ from user user0_ where user0_.user_user_id=? limit ?
Hibernate: select U.* from USER U where U.USER_USER_ID =?
Hibernate: select character0_.character_id as characte1_6_0_, character0_.character_character_name as characte2_6_0_ from characters character0_ where character0_.character_id=?
Hibernate: select user0_.user_id as col_0_0_ from user user0_ where user0_.user_user_id=? limit ?
Hibernate: select user0_.user_id as user_id1_21_, user0_.character_id as characte7_21_, user0_.user_created_at as user_cre2_21_, user0_.user_name as user_nam3_21_, user0_.user_phone_number as user_pho4_21_, user0_.user_user_id as user_use5_21_, user0_.user_user_password as user_use6_21_ from user user0_ inner join characters character1_ on user0_.character_id=character1_.character_id where user0_.user_user_id=?
Hibernate: select character0_.character_id as characte1_6_0_, character0_.character_character_name as characte2_6_0_ from characters character0_ where character0_.character_id=?
Hibernate: select rewardtagw0_.user_id as user_id4_16_0_, rewardtagw0_.reward_tag_wrapper_reward_id as reward_t1_16_0_, rewardtagw0_.reward_tag_wrapper_reward_id as reward_t1_16_1_, rewardtagw0_.reward_tag_wrapper_reward_presented_at as reward_t2_16_1_, rewardtagw0_.reward_tag_reward_tag_id as reward_t3_16_1_, rewardtagw0_.user_id as user_id4_16_1_ from reward_tag_wrapper rewardtagw0_ where rewardtagw0_.user_id=?
Hibernate: select user0_.user_id as user_id1_21_0_, user0_.character_id as characte7_21_0_, user0_.user_created_at as user_cre2_21_0_, user0_.user_name as user_nam3_21_0_, user0_.user_phone_number as user_pho4_21_0_, user0_.user_user_id as user_use5_21_0_, user0_.user_user_password as user_use6_21_0_ from user user0_ where user0_.user_id=?
Hibernate: select character0_.character_id as characte1_6_0_, character0_.character_character_name as characte2_6_0_ from characters character0_ where character0_.character_id=?
Hibernate: select count(*) as col_0_0_ from user user0_ where user0_.user_id=?
Hibernate: select character1_.character_id as characte1_6_, character1_.character_character_name as characte2_6_ from user user0_ inner join characters character1_ on user0_.character_id=character1_.character_id where user0_.user_id=?
Hibernate: select permission0_.character_id as characte6_12_0_, permission0_.permission_id as permissi1_12_0_, permission0_.permission_id as permissi1_12_1_, permission0_.character_id as characte6_12_1_, permission0_.permission_name as permissi2_12_1_, permission0_.permission_permission_unit_id as permissi3_12_1_, permission0_.permission_service as permissi4_12_1_, permission0_.permission_status as permissi5_12_1_ from permission permission0_ where permission0_.character_id=?
Hibernate: select count(*) as col_0_0_ from user user0_ where user0_.user_id=?
Hibernate: select user0_.user_id as user_id1_21_, user0_.character_id as characte7_21_, user0_.user_created_at as user_cre2_21_, user0_.user_name as user_nam3_21_, user0_.user_phone_number as user_pho4_21_, user0_.user_user_id as user_use5_21_, user0_.user_user_password as user_use6_21_ from user user0_ where user0_.user_id=?
Hibernate: select character0_.character_id as characte1_6_0_, character0_.character_character_name as characte2_6_0_ from characters character0_ where character0_.character_id=?
Hibernate: select rewardtagw0_.user_id as user_id4_16_0_, rewardtagw0_.reward_tag_wrapper_reward_id as reward_t1_16_0_, rewardtagw0_.reward_tag_wrapper_reward_id as reward_t1_16_1_, rewardtagw0_.reward_tag_wrapper_reward_presented_at as reward_t2_16_1_, rewardtagw0_.reward_tag_reward_tag_id as reward_t3_16_1_, rewardtagw0_.user_id as user_id4_16_1_ from reward_tag_wrapper rewardtagw0_ where rewardtagw0_.user_id=?
Hibernate: select attendance0_.attendance_user_attendance_user_id as col_0_0_ from attendance_user attendance0_ where attendance0_.user_id=? limit ?
Hibernate: DELETE FROM USER WHERE USER_ID = ?
Hibernate: select user0_.user_id as col_0_0_ from user user0_ where user0_.user_user_id=? limit ?
Hibernate: select user0_.user_id as col_0_0_ from user user0_ where user0_.user_user_id=? limit ?
Hibernate: select U.* from USER U where U.USER_USER_ID =?
Hibernate: select character0_.character_id as characte1_6_0_, character0_.character_character_name as characte2_6_0_ from characters character0_ where character0_.character_id=?
Hibernate: select user0_.user_id as user_id1_21_0_, user0_.character_id as characte7_21_0_, user0_.user_created_at as user_cre2_21_0_, user0_.user_name as user_nam3_21_0_, user0_.user_phone_number as user_pho4_21_0_, user0_.user_user_id as user_use5_21_0_, user0_.user_user_password as user_use6_21_0_ from user user0_ where user0_.user_id=?
Hibernate: select character0_.character_id as characte1_6_0_, character0_.character_character_name as characte2_6_0_ from characters character0_ where character0_.character_id=?
Hibernate: select count(*) as col_0_0_ from board board0_
Hibernate: select count(*) as col_0_0_ from board board0_
Hibernate: select user0_.user_id as col_0_0_ from user user0_ where user0_.user_user_id=? limit ?
Hibernate: select user0_.user_id as col_0_0_ from user user0_ where user0_.user_user_id=? limit ?
Hibernate: select U.* from USER U where U.USER_USER_ID =?
Hibernate: select character0_.character_id as characte1_6_0_, character0_.character_character_name as characte2_6_0_ from characters character0_ where character0_.character_id=?
Hibernate: select user0_.user_id as user_id1_21_0_, user0_.character_id as characte7_21_0_, user0_.user_created_at as user_cre2_21_0_, user0_.user_name as user_nam3_21_0_, user0_.user_phone_number as user_pho4_21_0_, user0_.user_user_id as user_use5_21_0_, user0_.user_user_password as user_use6_21_0_ from user user0_ where user0_.user_id=?
Hibernate: select character0_.character_id as characte1_6_0_, character0_.character_character_name as characte2_6_0_ from characters character0_ where character0_.character_id=?
Hibernate: select category0_.category_id as category1_5_, category0_.category_name as category2_5_ from category category0_
Hibernate: select boardlist0_.category_id as category7_4_0_, boardlist0_.board_id as board_id1_4_0_, boardlist0_.board_id as board_id1_4_1_, boardlist0_.category_id as category7_4_1_, boardlist0_.board_content as board_co2_4_1_, boardlist0_.board_created_at as board_cr3_4_1_, boardlist0_.board_last_modified_at as board_la4_4_1_, boardlist0_.board_title as board_ti5_4_1_, boardlist0_.user_id as user_id8_4_1_, boardlist0_.board_views as board_vi6_4_1_ from board boardlist0_ where boardlist0_.category_id=?
Hibernate: select boardlist0_.category_id as category7_4_0_, boardlist0_.board_id as board_id1_4_0_, boardlist0_.board_id as board_id1_4_1_, boardlist0_.category_id as category7_4_1_, boardlist0_.board_content as board_co2_4_1_, boardlist0_.board_created_at as board_cr3_4_1_, boardlist0_.board_last_modified_at as board_la4_4_1_, boardlist0_.board_title as board_ti5_4_1_, boardlist0_.user_id as user_id8_4_1_, boardlist0_.board_views as board_vi6_4_1_ from board boardlist0_ where boardlist0_.category_id=?
Hibernate: select user0_.user_id as user_id1_21_0_, user0_.character_id as characte7_21_0_, user0_.user_created_at as user_cre2_21_0_, user0_.user_name as user_nam3_21_0_, user0_.user_phone_number as user_pho4_21_0_, user0_.user_user_id as user_use5_21_0_, user0_.user_user_password as user_use6_21_0_ from user user0_ where user0_.user_id=?
Hibernate: select character0_.character_id as characte1_6_0_, character0_.character_character_name as characte2_6_0_ from characters character0_ where character0_.character_id=?
Hibernate: select count(*) as col_0_0_ from user user0_ where user0_.user_id=?
Hibernate: select character1_.character_id as characte1_6_, character1_.character_character_name as characte2_6_ from user user0_ inner join characters character1_ on user0_.character_id=character1_.character_id where user0_.user_id=?
Hibernate: select permission0_.character_id as characte6_12_0_, permission0_.permission_id as permissi1_12_0_, permission0_.permission_id as permissi1_12_1_, permission0_.character_id as characte6_12_1_, permission0_.permission_name as permissi2_12_1_, permission0_.permission_permission_unit_id as permissi3_12_1_, permission0_.permission_service as permissi4_12_1_, permission0_.permission_status as permissi5_12_1_ from permission permission0_ where permission0_.character_id=?
Hibernate: select count(*) as col_0_0_ from category category0_ where category0_.category_id=?
Hibernate: select count(board0_.board_id) as col_0_0_ from board board0_ where board0_.category_id=?
Hibernate: select category0_.category_id as category1_5_0_, category0_.category_name as category2_5_0_ from category category0_ where category0_.category_id=?
Hibernate: select boardlist0_.category_id as category7_4_0_, boardlist0_.board_id as board_id1_4_0_, boardlist0_.board_id as board_id1_4_1_, boardlist0_.category_id as category7_4_1_, boardlist0_.board_content as board_co2_4_1_, boardlist0_.board_created_at as board_cr3_4_1_, boardlist0_.board_last_modified_at as board_la4_4_1_, boardlist0_.board_title as board_ti5_4_1_, boardlist0_.user_id as user_id8_4_1_, boardlist0_.board_views as board_vi6_4_1_ from board boardlist0_ where boardlist0_.category_id=?
Hibernate: delete from category where category_id=?
Hibernate: select user0_.user_id as user_id1_21_0_, user0_.character_id as characte7_21_0_, user0_.user_created_at as user_cre2_21_0_, user0_.user_name as user_nam3_21_0_, user0_.user_phone_number as user_pho4_21_0_, user0_.user_user_id as user_use5_21_0_, user0_.user_user_password as user_use6_21_0_ from user user0_ where user0_.user_id=?
Hibernate: select character0_.character_id as characte1_6_0_, character0_.character_character_name as characte2_6_0_ from characters character0_ where character0_.character_id=?
Hibernate: select count(*) as col_0_0_ from user user0_ where user0_.user_id=?
Hibernate: select character1_.character_id as characte1_6_, character1_.character_character_name as characte2_6_ from user user0_ inner join characters character1_ on user0_.character_id=character1_.character_id where user0_.user_id=?
Hibernate: select permission0_.character_id as characte6_12_0_, permission0_.permission_id as permissi1_12_0_, permission0_.permission_id as permissi1_12_1_, permission0_.character_id as characte6_12_1_, permission0_.permission_name as permissi2_12_1_, permission0_.permission_permission_unit_id as permissi3_12_1_, permission0_.permission_service as permissi4_12_1_, permission0_.permission_status as permissi5_12_1_ from permission permission0_ where permission0_.character_id=?
Hibernate: select count(*) as col_0_0_ from category category0_ where category0_.category_id=?
Hibernate: select count(board0_.board_id) as col_0_0_ from board board0_ where board0_.category_id=?
Hibernate: select category0_.category_id as category1_5_0_, category0_.category_name as category2_5_0_ from category category0_ where category0_.category_id=?
Hibernate: select boardlist0_.category_id as category7_4_0_, boardlist0_.board_id as board_id1_4_0_, boardlist0_.board_id as board_id1_4_1_, boardlist0_.category_id as category7_4_1_, boardlist0_.board_content as board_co2_4_1_, boardlist0_.board_created_at as board_cr3_4_1_, boardlist0_.board_last_modified_at as board_la4_4_1_, boardlist0_.board_title as board_ti5_4_1_, boardlist0_.user_id as user_id8_4_1_, boardlist0_.board_views as board_vi6_4_1_ from board boardlist0_ where boardlist0_.category_id=?
Hibernate: delete from category where category_id=?
Hibernate: select user0_.user_id as user_id1_21_0_, user0_.character_id as characte7_21_0_, user0_.user_created_at as user_cre2_21_0_, user0_.user_name as user_nam3_21_0_, user0_.user_phone_number as user_pho4_21_0_, user0_.user_user_id as user_use5_21_0_, user0_.user_user_password as user_use6_21_0_ from user user0_ where user0_.user_id=?
Hibernate: select character0_.character_id as characte1_6_0_, character0_.character_character_name as characte2_6_0_ from characters character0_ where character0_.character_id=?
Hibernate: select count(*) as col_0_0_ from user user0_ where user0_.user_id=?
Hibernate: select character1_.character_id as characte1_6_, character1_.character_character_name as characte2_6_ from user user0_ inner join characters character1_ on user0_.character_id=character1_.character_id where user0_.user_id=?
Hibernate: select permission0_.character_id as characte6_12_0_, permission0_.permission_id as permissi1_12_0_, permission0_.permission_id as permissi1_12_1_, permission0_.character_id as characte6_12_1_, permission0_.permission_name as permissi2_12_1_, permission0_.permission_permission_unit_id as permissi3_12_1_, permission0_.permission_service as permissi4_12_1_, permission0_.permission_status as permissi5_12_1_ from permission permission0_ where permission0_.character_id=?
Hibernate: select category0_.category_id as col_0_0_ from category category0_ where category0_.category_name=? limit ?
Hibernate: select category0_.category_id as category1_5_1_, category0_.category_name as category2_5_1_, boardlist1_.category_id as category7_4_3_, boardlist1_.board_id as board_id1_4_3_, boardlist1_.board_id as board_id1_4_0_, boardlist1_.category_id as category7_4_0_, boardlist1_.board_content as board_co2_4_0_, boardlist1_.board_created_at as board_cr3_4_0_, boardlist1_.board_last_modified_at as board_la4_4_0_, boardlist1_.board_title as board_ti5_4_0_, boardlist1_.user_id as user_id8_4_0_, boardlist1_.board_views as board_vi6_4_0_ from category category0_ left outer join board boardlist1_ on category0_.category_id=boardlist1_.category_id where category0_.category_id=?
Hibernate: insert into category (category_id, category_name) values (default, ?)
Hibernate: select user0_.user_id as user_id1_21_0_, user0_.character_id as characte7_21_0_, user0_.user_created_at as user_cre2_21_0_, user0_.user_name as user_nam3_21_0_, user0_.user_phone_number as user_pho4_21_0_, user0_.user_user_id as user_use5_21_0_, user0_.user_user_password as user_use6_21_0_ from user user0_ where user0_.user_id=?
Hibernate: select character0_.character_id as characte1_6_0_, character0_.character_character_name as characte2_6_0_ from characters character0_ where character0_.character_id=?
Hibernate: select count(*) as col_0_0_ from user user0_ where user0_.user_id=?
Hibernate: select character1_.character_id as characte1_6_, character1_.character_character_name as characte2_6_ from user user0_ inner join characters character1_ on user0_.character_id=character1_.character_id where user0_.user_id=?
Hibernate: select permission0_.character_id as characte6_12_0_, permission0_.permission_id as permissi1_12_0_, permission0_.permission_id as permissi1_12_1_, permission0_.character_id as characte6_12_1_, permission0_.permission_name as permissi2_12_1_, permission0_.permission_permission_unit_id as permissi3_12_1_, permission0_.permission_service as permissi4_12_1_, permission0_.permission_status as permissi5_12_1_ from permission permission0_ where permission0_.character_id=?
Hibernate: select category0_.category_id as col_0_0_ from category category0_ where category0_.category_name=? limit ?
Hibernate: select category0_.category_id as category1_5_1_, category0_.category_name as category2_5_1_, boardlist1_.category_id as category7_4_3_, boardlist1_.board_id as board_id1_4_3_, boardlist1_.board_id as board_id1_4_0_, boardlist1_.category_id as category7_4_0_, boardlist1_.board_content as board_co2_4_0_, boardlist1_.board_created_at as board_cr3_4_0_, boardlist1_.board_last_modified_at as board_la4_4_0_, boardlist1_.board_title as board_ti5_4_0_, boardlist1_.user_id as user_id8_4_0_, boardlist1_.board_views as board_vi6_4_0_ from category category0_ left outer join board boardlist1_ on category0_.category_id=boardlist1_.category_id where category0_.category_id=?
Hibernate: insert into category (category_id, category_name) values (default, ?)
Hibernate: select user0_.user_id as col_0_0_ from user user0_ where user0_.user_user_id=? limit ?
Hibernate: select user0_.user_id as col_0_0_ from user user0_ where user0_.user_user_id=? limit ?
Hibernate: select U.* from USER U where U.USER_USER_ID =?
Hibernate: select character0_.character_id as characte1_6_0_, character0_.character_character_name as characte2_6_0_ from characters character0_ where character0_.character_id=?
Hibernate: select user0_.user_id as col_0_0_ from user user0_ where user0_.user_user_id=? limit ?
Hibernate: select user0_.user_id as col_0_0_ from user user0_ where user0_.user_user_id=? limit ?
Hibernate: select U.* from USER U where U.USER_USER_ID =?
Hibernate: select character0_.character_id as characte1_6_0_, character0_.character_character_name as characte2_6_0_ from characters character0_ where character0_.character_id=?
Hibernate: select user0_.user_id as user_id1_21_0_, user0_.character_id as characte7_21_0_, user0_.user_created_at as user_cre2_21_0_, user0_.user_name as user_nam3_21_0_, user0_.user_phone_number as user_pho4_21_0_, user0_.user_user_id as user_use5_21_0_, user0_.user_user_password as user_use6_21_0_ from user user0_ where user0_.user_id=?
Hibernate: select character0_.character_id as characte1_6_0_, character0_.character_character_name as characte2_6_0_ from characters character0_ where character0_.character_id=?
Hibernate: select count(*) as col_0_0_ from user user0_ where user0_.user_id=?
Hibernate: select character1_.character_id as characte1_6_, character1_.character_character_name as characte2_6_ from user user0_ inner join characters character1_ on user0_.character_id=character1_.character_id where user0_.user_id=?
Hibernate: select permission0_.character_id as characte6_12_0_, permission0_.permission_id as permissi1_12_0_, permission0_.permission_id as permissi1_12_1_, permission0_.character_id as characte6_12_1_, permission0_.permission_name as permissi2_12_1_, permission0_.permission_permission_unit_id as permissi3_12_1_, permission0_.permission_service as permissi4_12_1_, permission0_.permission_status as permissi5_12_1_ from permission permission0_ where permission0_.character_id=?
Hibernate: select category0_.category_id as col_0_0_ from category category0_ where category0_.category_name=? limit ?
Hibernate: select category0_.category_id as category1_5_1_, category0_.category_name as category2_5_1_, boardlist1_.category_id as category7_4_3_, boardlist1_.board_id as board_id1_4_3_, boardlist1_.board_id as board_id1_4_0_, boardlist1_.category_id as category7_4_0_, boardlist1_.board_content as board_co2_4_0_, boardlist1_.board_created_at as board_cr3_4_0_, boardlist1_.board_last_modified_at as board_la4_4_0_, boardlist1_.board_title as board_ti5_4_0_, boardlist1_.user_id as user_id8_4_0_, boardlist1_.board_views as board_vi6_4_0_ from category category0_ left outer join board boardlist1_ on category0_.category_id=boardlist1_.category_id where category0_.category_id=?
Hibernate: insert into category (category_id, category_name) values (default, ?)
Hibernate: select user0_.user_id as user_id1_21_0_, user0_.character_id as characte7_21_0_, user0_.user_created_at as user_cre2_21_0_, user0_.user_name as user_nam3_21_0_, user0_.user_phone_number as user_pho4_21_0_, user0_.user_user_id as user_use5_21_0_, user0_.user_user_password as user_use6_21_0_ from user user0_ where user0_.user_id=?
Hibernate: select character0_.character_id as characte1_6_0_, character0_.character_character_name as characte2_6_0_ from characters character0_ where character0_.character_id=?
Hibernate: select category0_.category_id as category1_5_, category0_.category_name as category2_5_ from category category0_
Hibernate: select boardlist0_.category_id as category7_4_0_, boardlist0_.board_id as board_id1_4_0_, boardlist0_.board_id as board_id1_4_1_, boardlist0_.category_id as category7_4_1_, boardlist0_.board_content as board_co2_4_1_, boardlist0_.board_created_at as board_cr3_4_1_, boardlist0_.board_last_modified_at as board_la4_4_1_, boardlist0_.board_title as board_ti5_4_1_, boardlist0_.user_id as user_id8_4_1_, boardlist0_.board_views as board_vi6_4_1_ from board boardlist0_ where boardlist0_.category_id=?
Hibernate: select boardlist0_.category_id as category7_4_0_, boardlist0_.board_id as board_id1_4_0_, boardlist0_.board_id as board_id1_4_1_, boardlist0_.category_id as category7_4_1_, boardlist0_.board_content as board_co2_4_1_, boardlist0_.board_created_at as board_cr3_4_1_, boardlist0_.board_last_modified_at as board_la4_4_1_, boardlist0_.board_title as board_ti5_4_1_, boardlist0_.user_id as user_id8_4_1_, boardlist0_.board_views as board_vi6_4_1_ from board boardlist0_ where boardlist0_.category_id=?
Hibernate: select boardlist0_.category_id as category7_4_0_, boardlist0_.board_id as board_id1_4_0_, boardlist0_.board_id as board_id1_4_1_, boardlist0_.category_id as category7_4_1_, boardlist0_.board_content as board_co2_4_1_, boardlist0_.board_created_at as board_cr3_4_1_, boardlist0_.board_last_modified_at as board_la4_4_1_, boardlist0_.board_title as board_ti5_4_1_, boardlist0_.user_id as user_id8_4_1_, boardlist0_.board_views as board_vi6_4_1_ from board boardlist0_ where boardlist0_.category_id=?
Hibernate: select user0_.user_id as col_0_0_ from user user0_ where user0_.user_user_id=? limit ?
Hibernate: select user0_.user_id as col_0_0_ from user user0_ where user0_.user_user_id=? limit ?
Hibernate: select U.* from USER U where U.USER_USER_ID =?
Hibernate: select character0_.character_id as characte1_6_0_, character0_.character_character_name as characte2_6_0_ from characters character0_ where character0_.character_id=?
Hibernate: select user0_.user_id as col_0_0_ from user user0_ where user0_.user_user_id=? limit ?
Hibernate: select userjoinin0_.user_joining_pool_id as col_0_0_ from user_joining_pool userjoinin0_ where userjoinin0_.user_user_id=? limit ?
Hibernate: select character0_.character_id as col_0_0_ from characters character0_ where character0_.character_character_name=? limit ?
Hibernate: insert into user_joining_pool (user_joining_pool_id, user_created_at, user_name, user_phone_number, user_user_id, user_user_password) values (default, ?, ?, ?, ?, ?)
Hibernate: select user0_.user_id as user_id1_21_0_, user0_.character_id as characte7_21_0_, user0_.user_created_at as user_cre2_21_0_, user0_.user_name as user_nam3_21_0_, user0_.user_phone_number as user_pho4_21_0_, user0_.user_user_id as user_use5_21_0_, user0_.user_user_password as user_use6_21_0_ from user user0_ where user0_.user_id=?
Hibernate: select character0_.character_id as characte1_6_0_, character0_.character_character_name as characte2_6_0_ from characters character0_ where character0_.character_id=?
Hibernate: select count(*) as col_0_0_ from user user0_ where user0_.user_id=?
Hibernate: select character1_.character_id as characte1_6_, character1_.character_character_name as characte2_6_ from user user0_ inner join characters character1_ on user0_.character_id=character1_.character_id where user0_.user_id=?
Hibernate: select permission0_.character_id as characte6_12_0_, permission0_.permission_id as permissi1_12_0_, permission0_.permission_id as permissi1_12_1_, permission0_.character_id as characte6_12_1_, permission0_.permission_name as permissi2_12_1_, permission0_.permission_permission_unit_id as permissi3_12_1_, permission0_.permission_service as permissi4_12_1_, permission0_.permission_status as permissi5_12_1_ from permission permission0_ where permission0_.character_id=?
Hibernate: select userjoinin0_.user_joining_pool_id as col_0_0_ from user_joining_pool userjoinin0_ where userjoinin0_.user_user_id=? limit ?
Hibernate: select userjoinin0_.user_joining_pool_id as user_joi1_22_, userjoinin0_.user_created_at as user_cre2_22_, userjoinin0_.user_name as user_nam3_22_, userjoinin0_.user_phone_number as user_pho4_22_, userjoinin0_.user_user_id as user_use5_22_, userjoinin0_.user_user_password as user_use6_22_ from user_joining_pool userjoinin0_ where userjoinin0_.user_user_id=?
Hibernate: select character0_.character_id as characte1_6_, character0_.character_character_name as characte2_6_ from characters character0_ where character0_.character_character_name=?
Hibernate: insert into user (user_id, character_id, user_created_at, user_name, user_phone_number, user_user_id, user_user_password) values (default, ?, ?, ?, ?, ?, ?)
Hibernate: DELETE FROM USER_JOINING_POOL as JU where JU.USER_USER_ID =?
Hibernate: select user0_.user_id as col_0_0_ from user user0_ where user0_.user_user_id=? limit ?
Hibernate: select user0_.user_id as col_0_0_ from user user0_ where user0_.user_user_id=? limit ?
Hibernate: select U.* from USER U where U.USER_USER_ID =?
Hibernate: select character0_.character_id as characte1_6_0_, character0_.character_character_name as characte2_6_0_ from characters character0_ where character0_.character_id=?
Hibernate: select user0_.user_id as user_id1_21_0_, user0_.character_id as characte7_21_0_, user0_.user_created_at as user_cre2_21_0_, user0_.user_name as user_nam3_21_0_, user0_.user_phone_number as user_pho4_21_0_, user0_.user_user_id as user_use5_21_0_, user0_.user_user_password as user_use6_21_0_ from user user0_ where user0_.user_id=?
Hibernate: select character0_.character_id as characte1_6_0_, character0_.character_character_name as characte2_6_0_ from characters character0_ where character0_.character_id=?
Hibernate: select count(*) as col_0_0_ from user user0_ where user0_.user_id=?
Hibernate: select character1_.character_id as characte1_6_, character1_.character_character_name as characte2_6_ from user user0_ inner join characters character1_ on user0_.character_id=character1_.character_id where user0_.user_id=?
Hibernate: select permission0_.character_id as characte6_12_0_, permission0_.permission_id as permissi1_12_0_, permission0_.permission_id as permissi1_12_1_, permission0_.character_id as characte6_12_1_, permission0_.permission_name as permissi2_12_1_, permission0_.permission_permission_unit_id as permissi3_12_1_, permission0_.permission_service as permissi4_12_1_, permission0_.permission_status as permissi5_12_1_ from permission permission0_ where permission0_.character_id=?
Hibernate: select count(*) as col_0_0_ from category category0_ where category0_.category_id=?
Hibernate: select category0_.category_id as category1_5_0_, category0_.category_name as category2_5_0_ from category category0_ where category0_.category_id=?
Hibernate: insert into board (board_id, category_id, board_content, board_created_at, board_last_modified_at, board_title, user_id, board_views) values (default, ?, ?, ?, ?, ?, ?, ?)
Hibernate: insert into reaction (reaction_id, board_id, reaction_type) values (default, ?, ?)
Hibernate: insert into reaction (reaction_id, board_id, reaction_type) values (default, ?, ?)
Hibernate: insert into reaction (reaction_id, board_id, reaction_type) values (default, ?, ?)
Hibernate: insert into reaction (reaction_id, board_id, reaction_type) values (default, ?, ?)
Hibernate: insert into reaction (reaction_id, board_id, reaction_type) values (default, ?, ?)
Hibernate: insert into reaction (reaction_id, board_id, reaction_type) values (default, ?, ?)
Hibernate: select user0_.user_id as user_id1_21_0_, user0_.character_id as characte7_21_0_, user0_.user_created_at as user_cre2_21_0_, user0_.user_name as user_nam3_21_0_, user0_.user_phone_number as user_pho4_21_0_, user0_.user_user_id as user_use5_21_0_, user0_.user_user_password as user_use6_21_0_ from user user0_ where user0_.user_id=?
Hibernate: select character0_.character_id as characte1_6_0_, character0_.character_character_name as characte2_6_0_ from characters character0_ where character0_.character_id=?
Hibernate: select count(*) as col_0_0_ from user user0_ where user0_.user_id=?
Hibernate: select character1_.character_id as characte1_6_, character1_.character_character_name as characte2_6_ from user user0_ inner join characters character1_ on user0_.character_id=character1_.character_id where user0_.user_id=?
Hibernate: select permission0_.character_id as characte6_12_0_, permission0_.permission_id as permissi1_12_0_, permission0_.permission_id as permissi1_12_1_, permission0_.character_id as characte6_12_1_, permission0_.permission_name as permissi2_12_1_, permission0_.permission_permission_unit_id as permissi3_12_1_, permission0_.permission_service as permissi4_12_1_, permission0_.permission_status as permissi5_12_1_ from permission permission0_ where permission0_.character_id=?
Hibernate: select count(*) as col_0_0_ from category category0_ where category0_.category_id=?
Hibernate: select category0_.category_id as category1_5_0_, category0_.category_name as category2_5_0_ from category category0_ where category0_.category_id=?
Hibernate: insert into board (board_id, category_id, board_content, board_created_at, board_last_modified_at, board_title, user_id, board_views) values (default, ?, ?, ?, ?, ?, ?, ?)
Hibernate: insert into reaction (reaction_id, board_id, reaction_type) values (default, ?, ?)
Hibernate: insert into reaction (reaction_id, board_id, reaction_type) values (default, ?, ?)
Hibernate: insert into reaction (reaction_id, board_id, reaction_type) values (default, ?, ?)
Hibernate: insert into reaction (reaction_id, board_id, reaction_type) values (default, ?, ?)
Hibernate: insert into reaction (reaction_id, board_id, reaction_type) values (default, ?, ?)
Hibernate: insert into reaction (reaction_id, board_id, reaction_type) values (default, ?, ?)
Hibernate: select user0_.user_id as user_id1_21_0_, user0_.character_id as characte7_21_0_, user0_.user_created_at as user_cre2_21_0_, user0_.user_name as user_nam3_21_0_, user0_.user_phone_number as user_pho4_21_0_, user0_.user_user_id as user_use5_21_0_, user0_.user_user_password as user_use6_21_0_ from user user0_ where user0_.user_id=?
Hibernate: select character0_.character_id as characte1_6_0_, character0_.character_character_name as characte2_6_0_ from characters character0_ where character0_.character_id=?
Hibernate: select count(*) as col_0_0_ from user user0_ where user0_.user_id=?
Hibernate: select character1_.character_id as characte1_6_, character1_.character_character_name as characte2_6_ from user user0_ inner join characters character1_ on user0_.character_id=character1_.character_id where user0_.user_id=?
Hibernate: select permission0_.character_id as characte6_12_0_, permission0_.permission_id as permissi1_12_0_, permission0_.permission_id as permissi1_12_1_, permission0_.character_id as characte6_12_1_, permission0_.permission_name as permissi2_12_1_, permission0_.permission_permission_unit_id as permissi3_12_1_, permission0_.permission_service as permissi4_12_1_, permission0_.permission_status as permissi5_12_1_ from permission permission0_ where permission0_.character_id=?
Hibernate: select count(*) as col_0_0_ from category category0_ where category0_.category_id=?
Hibernate: select category0_.category_id as category1_5_0_, category0_.category_name as category2_5_0_ from category category0_ where category0_.category_id=?
Hibernate: insert into board (board_id, category_id, board_content, board_created_at, board_last_modified_at, board_title, user_id, board_views) values (default, ?, ?, ?, ?, ?, ?, ?)
Hibernate: insert into reaction (reaction_id, board_id, reaction_type) values (default, ?, ?)
Hibernate: insert into reaction (reaction_id, board_id, reaction_type) values (default, ?, ?)
Hibernate: insert into reaction (reaction_id, board_id, reaction_type) values (default, ?, ?)
Hibernate: insert into reaction (reaction_id, board_id, reaction_type) values (default, ?, ?)
Hibernate: insert into reaction (reaction_id, board_id, reaction_type) values (default, ?, ?)
Hibernate: insert into reaction (reaction_id, board_id, reaction_type) values (default, ?, ?)
Hibernate: select user0_.user_id as user_id1_21_0_, user0_.character_id as characte7_21_0_, user0_.user_created_at as user_cre2_21_0_, user0_.user_name as user_nam3_21_0_, user0_.user_phone_number as user_pho4_21_0_, user0_.user_user_id as user_use5_21_0_, user0_.user_user_password as user_use6_21_0_ from user user0_ where user0_.user_id=?
Hibernate: select character0_.character_id as characte1_6_0_, character0_.character_character_name as characte2_6_0_ from characters character0_ where character0_.character_id=?
Hibernate: select count(*) as col_0_0_ from category category0_ where category0_.category_id=?
Hibernate: select user0_.user_id as col_0_0_ from user user0_ where user0_.user_user_id=? limit ?
Hibernate: select user0_.user_id as col_0_0_ from user user0_ where user0_.user_user_id=? limit ?
Hibernate: select U.* from USER U where U.USER_USER_ID =?
Hibernate: select character0_.character_id as characte1_6_0_, character0_.character_character_name as characte2_6_0_ from characters character0_ where character0_.character_id=?
Hibernate: select user0_.user_id as user_id1_21_0_, user0_.character_id as characte7_21_0_, user0_.user_created_at as user_cre2_21_0_, user0_.user_name as user_nam3_21_0_, user0_.user_phone_number as user_pho4_21_0_, user0_.user_user_id as user_use5_21_0_, user0_.user_user_password as user_use6_21_0_ from user user0_ where user0_.user_id=?
Hibernate: select character0_.character_id as characte1_6_0_, character0_.character_character_name as characte2_6_0_ from characters character0_ where character0_.character_id=?
Hibernate: select count(*) as col_0_0_ from board board0_
Hibernate: select board0_.board_id as board_id1_4_, board0_.category_id as category7_4_, board0_.board_content as board_co2_4_, board0_.board_created_at as board_cr3_4_, board0_.board_last_modified_at as board_la4_4_, board0_.board_title as board_ti5_4_, board0_.user_id as user_id8_4_, board0_.board_views as board_vi6_4_ from board board0_ limit ?
Hibernate: select category0_.category_id as category1_5_0_, category0_.category_name as category2_5_0_ from category category0_ where category0_.category_id=?
Hibernate: select reactionli0_.board_id as board_id3_13_0_, reactionli0_.reaction_id as reaction1_13_0_, reactionli0_.reaction_id as reaction1_13_1_, reactionli0_.board_id as board_id3_13_1_, reactionli0_.reaction_type as reaction2_13_1_ from reaction reactionli0_ where reactionli0_.board_id=?
Hibernate: select reactionus0_.reaction_id as reaction2_14_0_, reactionus0_.reaction_user_id as reaction1_14_0_, reactionus0_.reaction_user_id as reaction1_14_1_, reactionus0_.reaction_id as reaction2_14_1_, reactionus0_.user_id as user_id3_14_1_ from reaction_user reactionus0_ where reactionus0_.reaction_id=?
Hibernate: select reactionus0_.reaction_id as reaction2_14_0_, reactionus0_.reaction_user_id as reaction1_14_0_, reactionus0_.reaction_user_id as reaction1_14_1_, reactionus0_.reaction_id as reaction2_14_1_, reactionus0_.user_id as user_id3_14_1_ from reaction_user reactionus0_ where reactionus0_.reaction_id=?
Hibernate: select reactionus0_.reaction_id as reaction2_14_0_, reactionus0_.reaction_user_id as reaction1_14_0_, reactionus0_.reaction_user_id as reaction1_14_1_, reactionus0_.reaction_id as reaction2_14_1_, reactionus0_.user_id as user_id3_14_1_ from reaction_user reactionus0_ where reactionus0_.reaction_id=?
Hibernate: select reactionus0_.reaction_id as reaction2_14_0_, reactionus0_.reaction_user_id as reaction1_14_0_, reactionus0_.reaction_user_id as reaction1_14_1_, reactionus0_.reaction_id as reaction2_14_1_, reactionus0_.user_id as user_id3_14_1_ from reaction_user reactionus0_ where reactionus0_.reaction_id=?
Hibernate: select reactionus0_.reaction_id as reaction2_14_0_, reactionus0_.reaction_user_id as reaction1_14_0_, reactionus0_.reaction_user_id as reaction1_14_1_, reactionus0_.reaction_id as reaction2_14_1_, reactionus0_.user_id as user_id3_14_1_ from reaction_user reactionus0_ where reactionus0_.reaction_id=?
Hibernate: select reactionus0_.reaction_id as reaction2_14_0_, reactionus0_.reaction_user_id as reaction1_14_0_, reactionus0_.reaction_user_id as reaction1_14_1_, reactionus0_.reaction_id as reaction2_14_1_, reactionus0_.user_id as user_id3_14_1_ from reaction_user reactionus0_ where reactionus0_.reaction_id=?
Hibernate: select commentlis0_.board_id as board_id5_7_0_, commentlis0_.comment_id as comment_1_7_0_, commentlis0_.comment_id as comment_1_7_1_, commentlis0_.board_id as board_id5_7_1_, commentlis0_.comment_content as comment_2_7_1_, commentlis0_.comment_created_at as comment_3_7_1_, commentlis0_.comment_last_modified_at as comment_4_7_1_, commentlis0_.user_id as user_id6_7_1_ from comment commentlis0_ where commentlis0_.board_id=?
Hibernate: select reactionli0_.board_id as board_id3_13_0_, reactionli0_.reaction_id as reaction1_13_0_, reactionli0_.reaction_id as reaction1_13_1_, reactionli0_.board_id as board_id3_13_1_, reactionli0_.reaction_type as reaction2_13_1_ from reaction reactionli0_ where reactionli0_.board_id=?
Hibernate: select reactionus0_.reaction_id as reaction2_14_0_, reactionus0_.reaction_user_id as reaction1_14_0_, reactionus0_.reaction_user_id as reaction1_14_1_, reactionus0_.reaction_id as reaction2_14_1_, reactionus0_.user_id as user_id3_14_1_ from reaction_user reactionus0_ where reactionus0_.reaction_id=?
Hibernate: select reactionus0_.reaction_id as reaction2_14_0_, reactionus0_.reaction_user_id as reaction1_14_0_, reactionus0_.reaction_user_id as reaction1_14_1_, reactionus0_.reaction_id as reaction2_14_1_, reactionus0_.user_id as user_id3_14_1_ from reaction_user reactionus0_ where reactionus0_.reaction_id=?
Hibernate: select reactionus0_.reaction_id as reaction2_14_0_, reactionus0_.reaction_user_id as reaction1_14_0_, reactionus0_.reaction_user_id as reaction1_14_1_, reactionus0_.reaction_id as reaction2_14_1_, reactionus0_.user_id as user_id3_14_1_ from reaction_user reactionus0_ where reactionus0_.reaction_id=?
Hibernate: select reactionus0_.reaction_id as reaction2_14_0_, reactionus0_.reaction_user_id as reaction1_14_0_, reactionus0_.reaction_user_id as reaction1_14_1_, reactionus0_.reaction_id as reaction2_14_1_, reactionus0_.user_id as user_id3_14_1_ from reaction_user reactionus0_ where reactionus0_.reaction_id=?
Hibernate: select reactionus0_.reaction_id as reaction2_14_0_, reactionus0_.reaction_user_id as reaction1_14_0_, reactionus0_.reaction_user_id as reaction1_14_1_, reactionus0_.reaction_id as reaction2_14_1_, reactionus0_.user_id as user_id3_14_1_ from reaction_user reactionus0_ where reactionus0_.reaction_id=?
Hibernate: select reactionus0_.reaction_id as reaction2_14_0_, reactionus0_.reaction_user_id as reaction1_14_0_, reactionus0_.reaction_user_id as reaction1_14_1_, reactionus0_.reaction_id as reaction2_14_1_, reactionus0_.user_id as user_id3_14_1_ from reaction_user reactionus0_ where reactionus0_.reaction_id=?
Hibernate: select commentlis0_.board_id as board_id5_7_0_, commentlis0_.comment_id as comment_1_7_0_, commentlis0_.comment_id as comment_1_7_1_, commentlis0_.board_id as board_id5_7_1_, commentlis0_.comment_content as comment_2_7_1_, commentlis0_.comment_created_at as comment_3_7_1_, commentlis0_.comment_last_modified_at as comment_4_7_1_, commentlis0_.user_id as user_id6_7_1_ from comment commentlis0_ where commentlis0_.board_id=?
Hibernate: select reactionli0_.board_id as board_id3_13_0_, reactionli0_.reaction_id as reaction1_13_0_, reactionli0_.reaction_id as reaction1_13_1_, reactionli0_.board_id as board_id3_13_1_, reactionli0_.reaction_type as reaction2_13_1_ from reaction reactionli0_ where reactionli0_.board_id=?
Hibernate: select reactionus0_.reaction_id as reaction2_14_0_, reactionus0_.reaction_user_id as reaction1_14_0_, reactionus0_.reaction_user_id as reaction1_14_1_, reactionus0_.reaction_id as reaction2_14_1_, reactionus0_.user_id as user_id3_14_1_ from reaction_user reactionus0_ where reactionus0_.reaction_id=?
Hibernate: select reactionus0_.reaction_id as reaction2_14_0_, reactionus0_.reaction_user_id as reaction1_14_0_, reactionus0_.reaction_user_id as reaction1_14_1_, reactionus0_.reaction_id as reaction2_14_1_, reactionus0_.user_id as user_id3_14_1_ from reaction_user reactionus0_ where reactionus0_.reaction_id=?
Hibernate: select reactionus0_.reaction_id as reaction2_14_0_, reactionus0_.reaction_user_id as reaction1_14_0_, reactionus0_.reaction_user_id as reaction1_14_1_, reactionus0_.reaction_id as reaction2_14_1_, reactionus0_.user_id as user_id3_14_1_ from reaction_user reactionus0_ where reactionus0_.reaction_id=?
Hibernate: select reactionus0_.reaction_id as reaction2_14_0_, reactionus0_.reaction_user_id as reaction1_14_0_, reactionus0_.reaction_user_id as reaction1_14_1_, reactionus0_.reaction_id as reaction2_14_1_, reactionus0_.user_id as user_id3_14_1_ from reaction_user reactionus0_ where reactionus0_.reaction_id=?
Hibernate: select reactionus0_.reaction_id as reaction2_14_0_, reactionus0_.reaction_user_id as reaction1_14_0_, reactionus0_.reaction_user_id as reaction1_14_1_, reactionus0_.reaction_id as reaction2_14_1_, reactionus0_.user_id as user_id3_14_1_ from reaction_user reactionus0_ where reactionus0_.reaction_id=?
Hibernate: select reactionus0_.reaction_id as reaction2_14_0_, reactionus0_.reaction_user_id as reaction1_14_0_, reactionus0_.reaction_user_id as reaction1_14_1_, reactionus0_.reaction_id as reaction2_14_1_, reactionus0_.user_id as user_id3_14_1_ from reaction_user reactionus0_ where reactionus0_.reaction_id=?
Hibernate: select commentlis0_.board_id as board_id5_7_0_, commentlis0_.comment_id as comment_1_7_0_, commentlis0_.comment_id as comment_1_7_1_, commentlis0_.board_id as board_id5_7_1_, commentlis0_.comment_content as comment_2_7_1_, commentlis0_.comment_created_at as comment_3_7_1_, commentlis0_.comment_last_modified_at as comment_4_7_1_, commentlis0_.user_id as user_id6_7_1_ from comment commentlis0_ where commentlis0_.board_id=?
Hibernate: select boardlist0_.category_id as category7_4_0_, boardlist0_.board_id as board_id1_4_0_, boardlist0_.board_id as board_id1_4_1_, boardlist0_.category_id as category7_4_1_, boardlist0_.board_content as board_co2_4_1_, boardlist0_.board_created_at as board_cr3_4_1_, boardlist0_.board_last_modified_at as board_la4_4_1_, boardlist0_.board_title as board_ti5_4_1_, boardlist0_.user_id as user_id8_4_1_, boardlist0_.board_views as board_vi6_4_1_ from board boardlist0_ where boardlist0_.category_id=?
Hibernate: select count(comment0_.comment_id) as col_0_0_ from comment comment0_ where comment0_.board_id=?
Hibernate: select count(comment0_.comment_id) as col_0_0_ from comment comment0_ where comment0_.board_id=?
Hibernate: select count(comment0_.comment_id) as col_0_0_ from comment comment0_ where comment0_.board_id=?
Hibernate: select count(*) as col_0_0_ from board board0_
Hibernate: select imagepathl0_.board_board_id as board_bo1_11_0_, imagepathl0_.board_image_path_list as board_im2_11_0_ from image_path_list imagepathl0_ where imagepathl0_.board_board_id=?
Hibernate: select filepathli0_.board_board_id as board_bo1_8_0_, filepathli0_.board_file_path_list as board_fi2_8_0_ from file_path_list filepathli0_ where filepathli0_.board_board_id=?
Hibernate: select imagepathl0_.board_board_id as board_bo1_11_0_, imagepathl0_.board_image_path_list as board_im2_11_0_ from image_path_list imagepathl0_ where imagepathl0_.board_board_id=?
Hibernate: select filepathli0_.board_board_id as board_bo1_8_0_, filepathli0_.board_file_path_list as board_fi2_8_0_ from file_path_list filepathli0_ where filepathli0_.board_board_id=?
Hibernate: select imagepathl0_.board_board_id as board_bo1_11_0_, imagepathl0_.board_image_path_list as board_im2_11_0_ from image_path_list imagepathl0_ where imagepathl0_.board_board_id=?
Hibernate: select filepathli0_.board_board_id as board_bo1_8_0_, filepathli0_.board_file_path_list as board_fi2_8_0_ from file_path_list filepathli0_ where filepathli0_.board_board_id=?
Hibernate: select U.* from USER U join BOARD B where U.USER_ID = B.USER_ID and B.BOARD_ID = ?
Hibernate: select character0_.character_id as characte1_6_0_, character0_.character_character_name as characte2_6_0_ from characters character0_ where character0_.character_id=?
Hibernate: select count(*) as col_0_0_ from user user0_ where user0_.user_id=?
Hibernate: select character1_.character_id as characte1_6_, character1_.character_character_name as characte2_6_ from user user0_ inner join characters character1_ on user0_.character_id=character1_.character_id where user0_.user_id=?
Hibernate: select permission0_.character_id as characte6_12_0_, permission0_.permission_id as permissi1_12_0_, permission0_.permission_id as permissi1_12_1_, permission0_.character_id as characte6_12_1_, permission0_.permission_name as permissi2_12_1_, permission0_.permission_permission_unit_id as permissi3_12_1_, permission0_.permission_service as permissi4_12_1_, permission0_.permission_status as permissi5_12_1_ from permission permission0_ where permission0_.character_id=?
Hibernate: select count(*) as col_0_0_ from board board0_ where board0_.board_id=?
Hibernate: select board0_.board_id as board_id1_4_0_, board0_.category_id as category7_4_0_, board0_.board_content as board_co2_4_0_, board0_.board_created_at as board_cr3_4_0_, board0_.board_last_modified_at as board_la4_4_0_, board0_.board_title as board_ti5_4_0_, board0_.user_id as user_id8_4_0_, board0_.board_views as board_vi6_4_0_ from board board0_ where board0_.board_id=?
Hibernate: select category0_.category_id as category1_5_0_, category0_.category_name as category2_5_0_ from category category0_ where category0_.category_id=?
Hibernate: select reactionli0_.board_id as board_id3_13_0_, reactionli0_.reaction_id as reaction1_13_0_, reactionli0_.reaction_id as reaction1_13_1_, reactionli0_.board_id as board_id3_13_1_, reactionli0_.reaction_type as reaction2_13_1_ from reaction reactionli0_ where reactionli0_.board_id=?
Hibernate: select reactionus0_.reaction_id as reaction2_14_0_, reactionus0_.reaction_user_id as reaction1_14_0_, reactionus0_.reaction_user_id as reaction1_14_1_, reactionus0_.reaction_id as reaction2_14_1_, reactionus0_.user_id as user_id3_14_1_ from reaction_user reactionus0_ where reactionus0_.reaction_id=?
Hibernate: select reactionus0_.reaction_id as reaction2_14_0_, reactionus0_.reaction_user_id as reaction1_14_0_, reactionus0_.reaction_user_id as reaction1_14_1_, reactionus0_.reaction_id as reaction2_14_1_, reactionus0_.user_id as user_id3_14_1_ from reaction_user reactionus0_ where reactionus0_.reaction_id=?
Hibernate: select reactionus0_.reaction_id as reaction2_14_0_, reactionus0_.reaction_user_id as reaction1_14_0_, reactionus0_.reaction_user_id as reaction1_14_1_, reactionus0_.reaction_id as reaction2_14_1_, reactionus0_.user_id as user_id3_14_1_ from reaction_user reactionus0_ where reactionus0_.reaction_id=?
Hibernate: select reactionus0_.reaction_id as reaction2_14_0_, reactionus0_.reaction_user_id as reaction1_14_0_, reactionus0_.reaction_user_id as reaction1_14_1_, reactionus0_.reaction_id as reaction2_14_1_, reactionus0_.user_id as user_id3_14_1_ from reaction_user reactionus0_ where reactionus0_.reaction_id=?
Hibernate: select reactionus0_.reaction_id as reaction2_14_0_, reactionus0_.reaction_user_id as reaction1_14_0_, reactionus0_.reaction_user_id as reaction1_14_1_, reactionus0_.reaction_id as reaction2_14_1_, reactionus0_.user_id as user_id3_14_1_ from reaction_user reactionus0_ where reactionus0_.reaction_id=?
Hibernate: select reactionus0_.reaction_id as reaction2_14_0_, reactionus0_.reaction_user_id as reaction1_14_0_, reactionus0_.reaction_user_id as reaction1_14_1_, reactionus0_.reaction_id as reaction2_14_1_, reactionus0_.user_id as user_id3_14_1_ from reaction_user reactionus0_ where reactionus0_.reaction_id=?
Hibernate: select commentlis0_.board_id as board_id5_7_0_, commentlis0_.comment_id as comment_1_7_0_, commentlis0_.comment_id as comment_1_7_1_, commentlis0_.board_id as board_id5_7_1_, commentlis0_.comment_content as comment_2_7_1_, commentlis0_.comment_created_at as comment_3_7_1_, commentlis0_.comment_last_modified_at as comment_4_7_1_, commentlis0_.user_id as user_id6_7_1_ from comment commentlis0_ where commentlis0_.board_id=?
Hibernate: select boardlist0_.category_id as category7_4_0_, boardlist0_.board_id as board_id1_4_0_, boardlist0_.board_id as board_id1_4_1_, boardlist0_.category_id as category7_4_1_, boardlist0_.board_content as board_co2_4_1_, boardlist0_.board_created_at as board_cr3_4_1_, boardlist0_.board_last_modified_at as board_la4_4_1_, boardlist0_.board_title as board_ti5_4_1_, boardlist0_.user_id as user_id8_4_1_, boardlist0_.board_views as board_vi6_4_1_ from board boardlist0_ where boardlist0_.category_id=?
Hibernate: select count(comment0_.comment_id) as col_0_0_ from comment comment0_ where comment0_.board_id=?
Hibernate: update board set category_id=?, board_content=?, board_created_at=?, board_last_modified_at=?, board_title=?, user_id=?, board_views=? where board_id=?
Hibernate: select filepathli0_.board_board_id as board_bo1_8_0_, filepathli0_.board_file_path_list as board_fi2_8_0_ from file_path_list filepathli0_ where filepathli0_.board_board_id=?
Hibernate: select imagepathl0_.board_board_id as board_bo1_11_0_, imagepathl0_.board_image_path_list as board_im2_11_0_ from image_path_list imagepathl0_ where imagepathl0_.board_board_id=?
Hibernate: select count(*) as col_0_0_ from board board0_ where board0_.board_id=?
Hibernate: delete from reaction where reaction_id=?
Hibernate: delete from reaction where reaction_id=?
Hibernate: delete from reaction where reaction_id=?
Hibernate: delete from reaction where reaction_id=?
Hibernate: delete from reaction where reaction_id=?
Hibernate: delete from reaction where reaction_id=?
Hibernate: delete from board where board_id=?
Hibernate: select user0_.user_id as user_id1_21_0_, user0_.character_id as characte7_21_0_, user0_.user_created_at as user_cre2_21_0_, user0_.user_name as user_nam3_21_0_, user0_.user_phone_number as user_pho4_21_0_, user0_.user_user_id as user_use5_21_0_, user0_.user_user_password as user_use6_21_0_ from user user0_ where user0_.user_id=?
Hibernate: select character0_.character_id as characte1_6_0_, character0_.character_character_name as characte2_6_0_ from characters character0_ where character0_.character_id=?
Hibernate: select count(*) as col_0_0_ from user user0_ where user0_.user_id=?
Hibernate: select character1_.character_id as characte1_6_, character1_.character_character_name as characte2_6_ from user user0_ inner join characters character1_ on user0_.character_id=character1_.character_id where user0_.user_id=?
Hibernate: select permission0_.character_id as characte6_12_0_, permission0_.permission_id as permissi1_12_0_, permission0_.permission_id as permissi1_12_1_, permission0_.character_id as characte6_12_1_, permission0_.permission_name as permissi2_12_1_, permission0_.permission_permission_unit_id as permissi3_12_1_, permission0_.permission_service as permissi4_12_1_, permission0_.permission_status as permissi5_12_1_ from permission permission0_ where permission0_.character_id=?
Hibernate: select count(*) as col_0_0_ from board board0_ where board0_.board_id=?
Hibernate: select U.* from USER U join BOARD B where U.USER_ID = B.USER_ID and B.BOARD_ID = ?
Hibernate: select character0_.character_id as characte1_6_0_, character0_.character_character_name as characte2_6_0_ from characters character0_ where character0_.character_id=?
Hibernate: select count(*) as col_0_0_ from user user0_ where user0_.user_id=?
Hibernate: select character1_.character_id as characte1_6_, character1_.character_character_name as characte2_6_ from user user0_ inner join characters character1_ on user0_.character_id=character1_.character_id where user0_.user_id=?
Hibernate: select permission0_.character_id as characte6_12_0_, permission0_.permission_id as permissi1_12_0_, permission0_.permission_id as permissi1_12_1_, permission0_.character_id as characte6_12_1_, permission0_.permission_name as permissi2_12_1_, permission0_.permission_permission_unit_id as permissi3_12_1_, permission0_.permission_service as permissi4_12_1_, permission0_.permission_status as permissi5_12_1_ from permission permission0_ where permission0_.character_id=?
Hibernate: select count(*) as col_0_0_ from board board0_ where board0_.board_id=?
Hibernate: select board0_.board_id as board_id1_4_0_, board0_.category_id as category7_4_0_, board0_.board_content as board_co2_4_0_, board0_.board_created_at as board_cr3_4_0_, board0_.board_last_modified_at as board_la4_4_0_, board0_.board_title as board_ti5_4_0_, board0_.user_id as user_id8_4_0_, board0_.board_views as board_vi6_4_0_ from board board0_ where board0_.board_id=?
Hibernate: select category0_.category_id as category1_5_0_, category0_.category_name as category2_5_0_ from category category0_ where category0_.category_id=?
Hibernate: select reactionli0_.board_id as board_id3_13_0_, reactionli0_.reaction_id as reaction1_13_0_, reactionli0_.reaction_id as reaction1_13_1_, reactionli0_.board_id as board_id3_13_1_, reactionli0_.reaction_type as reaction2_13_1_ from reaction reactionli0_ where reactionli0_.board_id=?
Hibernate: select reactionus0_.reaction_id as reaction2_14_0_, reactionus0_.reaction_user_id as reaction1_14_0_, reactionus0_.reaction_user_id as reaction1_14_1_, reactionus0_.reaction_id as reaction2_14_1_, reactionus0_.user_id as user_id3_14_1_ from reaction_user reactionus0_ where reactionus0_.reaction_id=?
Hibernate: select reactionus0_.reaction_id as reaction2_14_0_, reactionus0_.reaction_user_id as reaction1_14_0_, reactionus0_.reaction_user_id as reaction1_14_1_, reactionus0_.reaction_id as reaction2_14_1_, reactionus0_.user_id as user_id3_14_1_ from reaction_user reactionus0_ where reactionus0_.reaction_id=?
Hibernate: select reactionus0_.reaction_id as reaction2_14_0_, reactionus0_.reaction_user_id as reaction1_14_0_, reactionus0_.reaction_user_id as reaction1_14_1_, reactionus0_.reaction_id as reaction2_14_1_, reactionus0_.user_id as user_id3_14_1_ from reaction_user reactionus0_ where reactionus0_.reaction_id=?
Hibernate: select reactionus0_.reaction_id as reaction2_14_0_, reactionus0_.reaction_user_id as reaction1_14_0_, reactionus0_.reaction_user_id as reaction1_14_1_, reactionus0_.reaction_id as reaction2_14_1_, reactionus0_.user_id as user_id3_14_1_ from reaction_user reactionus0_ where reactionus0_.reaction_id=?
Hibernate: select reactionus0_.reaction_id as reaction2_14_0_, reactionus0_.reaction_user_id as reaction1_14_0_, reactionus0_.reaction_user_id as reaction1_14_1_, reactionus0_.reaction_id as reaction2_14_1_, reactionus0_.user_id as user_id3_14_1_ from reaction_user reactionus0_ where reactionus0_.reaction_id=?
Hibernate: select reactionus0_.reaction_id as reaction2_14_0_, reactionus0_.reaction_user_id as reaction1_14_0_, reactionus0_.reaction_user_id as reaction1_14_1_, reactionus0_.reaction_id as reaction2_14_1_, reactionus0_.user_id as user_id3_14_1_ from reaction_user reactionus0_ where reactionus0_.reaction_id=?
Hibernate: select commentlis0_.board_id as board_id5_7_0_, commentlis0_.comment_id as comment_1_7_0_, commentlis0_.comment_id as comment_1_7_1_, commentlis0_.board_id as board_id5_7_1_, commentlis0_.comment_content as comment_2_7_1_, commentlis0_.comment_created_at as comment_3_7_1_, commentlis0_.comment_last_modified_at as comment_4_7_1_, commentlis0_.user_id as user_id6_7_1_ from comment commentlis0_ where commentlis0_.board_id=?
Hibernate: select boardlist0_.category_id as category7_4_0_, boardlist0_.board_id as board_id1_4_0_, boardlist0_.board_id as board_id1_4_1_, boardlist0_.category_id as category7_4_1_, boardlist0_.board_content as board_co2_4_1_, boardlist0_.board_created_at as board_cr3_4_1_, boardlist0_.board_last_modified_at as board_la4_4_1_, boardlist0_.board_title as board_ti5_4_1_, boardlist0_.user_id as user_id8_4_1_, boardlist0_.board_views as board_vi6_4_1_ from board boardlist0_ where boardlist0_.category_id=?
Hibernate: select count(comment0_.comment_id) as col_0_0_ from comment comment0_ where comment0_.board_id=?
Hibernate: update board set category_id=?, board_content=?, board_created_at=?, board_last_modified_at=?, board_title=?, user_id=?, board_views=? where board_id=?
Hibernate: select filepathli0_.board_board_id as board_bo1_8_0_, filepathli0_.board_file_path_list as board_fi2_8_0_ from file_path_list filepathli0_ where filepathli0_.board_board_id=?
Hibernate: select imagepathl0_.board_board_id as board_bo1_11_0_, imagepathl0_.board_image_path_list as board_im2_11_0_ from image_path_list imagepathl0_ where imagepathl0_.board_board_id=?
Hibernate: select count(*) as col_0_0_ from board board0_ where board0_.board_id=?
Hibernate: delete from reaction where reaction_id=?
Hibernate: delete from reaction where reaction_id=?
Hibernate: delete from reaction where reaction_id=?
Hibernate: delete from reaction where reaction_id=?
Hibernate: delete from reaction where reaction_id=?
Hibernate: delete from reaction where reaction_id=?
Hibernate: delete from board where board_id=?
Hibernate: select user0_.user_id as user_id1_21_0_, user0_.character_id as characte7_21_0_, user0_.user_created_at as user_cre2_21_0_, user0_.user_name as user_nam3_21_0_, user0_.user_phone_number as user_pho4_21_0_, user0_.user_user_id as user_use5_21_0_, user0_.user_user_password as user_use6_21_0_ from user user0_ where user0_.user_id=?
Hibernate: select character0_.character_id as characte1_6_0_, character0_.character_character_name as characte2_6_0_ from characters character0_ where character0_.character_id=?
Hibernate: select count(*) as col_0_0_ from user user0_ where user0_.user_id=?
Hibernate: select character1_.character_id as characte1_6_, character1_.character_character_name as characte2_6_ from user user0_ inner join characters character1_ on user0_.character_id=character1_.character_id where user0_.user_id=?
Hibernate: select permission0_.character_id as characte6_12_0_, permission0_.permission_id as permissi1_12_0_, permission0_.permission_id as permissi1_12_1_, permission0_.character_id as characte6_12_1_, permission0_.permission_name as permissi2_12_1_, permission0_.permission_permission_unit_id as permissi3_12_1_, permission0_.permission_service as permissi4_12_1_, permission0_.permission_status as permissi5_12_1_ from permission permission0_ where permission0_.character_id=?
Hibernate: select count(*) as col_0_0_ from board board0_ where board0_.board_id=?
Hibernate: select U.* from USER U join BOARD B where U.USER_ID = B.USER_ID and B.BOARD_ID = ?
Hibernate: select character0_.character_id as characte1_6_0_, character0_.character_character_name as characte2_6_0_ from characters character0_ where character0_.character_id=?
Hibernate: select count(*) as col_0_0_ from user user0_ where user0_.user_id=?
Hibernate: select character1_.character_id as characte1_6_, character1_.character_character_name as characte2_6_ from user user0_ inner join characters character1_ on user0_.character_id=character1_.character_id where user0_.user_id=?
Hibernate: select permission0_.character_id as characte6_12_0_, permission0_.permission_id as permissi1_12_0_, permission0_.permission_id as permissi1_12_1_, permission0_.character_id as characte6_12_1_, permission0_.permission_name as permissi2_12_1_, permission0_.permission_permission_unit_id as permissi3_12_1_, permission0_.permission_service as permissi4_12_1_, permission0_.permission_status as permissi5_12_1_ from permission permission0_ where permission0_.character_id=?
Hibernate: select count(*) as col_0_0_ from board board0_ where board0_.board_id=?
Hibernate: select board0_.board_id as board_id1_4_0_, board0_.category_id as category7_4_0_, board0_.board_content as board_co2_4_0_, board0_.board_created_at as board_cr3_4_0_, board0_.board_last_modified_at as board_la4_4_0_, board0_.board_title as board_ti5_4_0_, board0_.user_id as user_id8_4_0_, board0_.board_views as board_vi6_4_0_ from board board0_ where board0_.board_id=?
Hibernate: select category0_.category_id as category1_5_0_, category0_.category_name as category2_5_0_ from category category0_ where category0_.category_id=?
Hibernate: select reactionli0_.board_id as board_id3_13_0_, reactionli0_.reaction_id as reaction1_13_0_, reactionli0_.reaction_id as reaction1_13_1_, reactionli0_.board_id as board_id3_13_1_, reactionli0_.reaction_type as reaction2_13_1_ from reaction reactionli0_ where reactionli0_.board_id=?
Hibernate: select reactionus0_.reaction_id as reaction2_14_0_, reactionus0_.reaction_user_id as reaction1_14_0_, reactionus0_.reaction_user_id as reaction1_14_1_, reactionus0_.reaction_id as reaction2_14_1_, reactionus0_.user_id as user_id3_14_1_ from reaction_user reactionus0_ where reactionus0_.reaction_id=?
Hibernate: select reactionus0_.reaction_id as reaction2_14_0_, reactionus0_.reaction_user_id as reaction1_14_0_, reactionus0_.reaction_user_id as reaction1_14_1_, reactionus0_.reaction_id as reaction2_14_1_, reactionus0_.user_id as user_id3_14_1_ from reaction_user reactionus0_ where reactionus0_.reaction_id=?
Hibernate: select reactionus0_.reaction_id as reaction2_14_0_, reactionus0_.reaction_user_id as reaction1_14_0_, reactionus0_.reaction_user_id as reaction1_14_1_, reactionus0_.reaction_id as reaction2_14_1_, reactionus0_.user_id as user_id3_14_1_ from reaction_user reactionus0_ where reactionus0_.reaction_id=?
Hibernate: select reactionus0_.reaction_id as reaction2_14_0_, reactionus0_.reaction_user_id as reaction1_14_0_, reactionus0_.reaction_user_id as reaction1_14_1_, reactionus0_.reaction_id as reaction2_14_1_, reactionus0_.user_id as user_id3_14_1_ from reaction_user reactionus0_ where reactionus0_.reaction_id=?
Hibernate: select reactionus0_.reaction_id as reaction2_14_0_, reactionus0_.reaction_user_id as reaction1_14_0_, reactionus0_.reaction_user_id as reaction1_14_1_, reactionus0_.reaction_id as reaction2_14_1_, reactionus0_.user_id as user_id3_14_1_ from reaction_user reactionus0_ where reactionus0_.reaction_id=?
Hibernate: select reactionus0_.reaction_id as reaction2_14_0_, reactionus0_.reaction_user_id as reaction1_14_0_, reactionus0_.reaction_user_id as reaction1_14_1_, reactionus0_.reaction_id as reaction2_14_1_, reactionus0_.user_id as user_id3_14_1_ from reaction_user reactionus0_ where reactionus0_.reaction_id=?
Hibernate: select commentlis0_.board_id as board_id5_7_0_, commentlis0_.comment_id as comment_1_7_0_, commentlis0_.comment_id as comment_1_7_1_, commentlis0_.board_id as board_id5_7_1_, commentlis0_.comment_content as comment_2_7_1_, commentlis0_.comment_created_at as comment_3_7_1_, commentlis0_.comment_last_modified_at as comment_4_7_1_, commentlis0_.user_id as user_id6_7_1_ from comment commentlis0_ where commentlis0_.board_id=?
Hibernate: select boardlist0_.category_id as category7_4_0_, boardlist0_.board_id as board_id1_4_0_, boardlist0_.board_id as board_id1_4_1_, boardlist0_.category_id as category7_4_1_, boardlist0_.board_content as board_co2_4_1_, boardlist0_.board_created_at as board_cr3_4_1_, boardlist0_.board_last_modified_at as board_la4_4_1_, boardlist0_.board_title as board_ti5_4_1_, boardlist0_.user_id as user_id8_4_1_, boardlist0_.board_views as board_vi6_4_1_ from board boardlist0_ where boardlist0_.category_id=?
Hibernate: select count(comment0_.comment_id) as col_0_0_ from comment comment0_ where comment0_.board_id=?
Hibernate: update board set category_id=?, board_content=?, board_created_at=?, board_last_modified_at=?, board_title=?, user_id=?, board_views=? where board_id=?
Hibernate: select filepathli0_.board_board_id as board_bo1_8_0_, filepathli0_.board_file_path_list as board_fi2_8_0_ from file_path_list filepathli0_ where filepathli0_.board_board_id=?
Hibernate: select imagepathl0_.board_board_id as board_bo1_11_0_, imagepathl0_.board_image_path_list as board_im2_11_0_ from image_path_list imagepathl0_ where imagepathl0_.board_board_id=?
Hibernate: select count(*) as col_0_0_ from board board0_ where board0_.board_id=?
Hibernate: delete from reaction where reaction_id=?
Hibernate: delete from reaction where reaction_id=?
Hibernate: delete from reaction where reaction_id=?
Hibernate: delete from reaction where reaction_id=?
Hibernate: delete from reaction where reaction_id=?
Hibernate: delete from reaction where reaction_id=?
Hibernate: delete from board where board_id=?
Hibernate: select user0_.user_id as user_id1_21_0_, user0_.character_id as characte7_21_0_, user0_.user_created_at as user_cre2_21_0_, user0_.user_name as user_nam3_21_0_, user0_.user_phone_number as user_pho4_21_0_, user0_.user_user_id as user_use5_21_0_, user0_.user_user_password as user_use6_21_0_ from user user0_ where user0_.user_id=?
Hibernate: select character0_.character_id as characte1_6_0_, character0_.character_character_name as characte2_6_0_ from characters character0_ where character0_.character_id=?
Hibernate: select count(*) as col_0_0_ from user user0_ where user0_.user_id=?
Hibernate: select character1_.character_id as characte1_6_, character1_.character_character_name as characte2_6_ from user user0_ inner join characters character1_ on user0_.character_id=character1_.character_id where user0_.user_id=?
Hibernate: select permission0_.character_id as characte6_12_0_, permission0_.permission_id as permissi1_12_0_, permission0_.permission_id as permissi1_12_1_, permission0_.character_id as characte6_12_1_, permission0_.permission_name as permissi2_12_1_, permission0_.permission_permission_unit_id as permissi3_12_1_, permission0_.permission_service as permissi4_12_1_, permission0_.permission_status as permissi5_12_1_ from permission permission0_ where permission0_.character_id=?
Hibernate: select count(*) as col_0_0_ from board board0_ where board0_.board_id=?
Hibernate: select user0_.user_id as col_0_0_ from user user0_ where user0_.user_user_id=? limit ?
Hibernate: select user0_.user_id as col_0_0_ from user user0_ where user0_.user_user_id=? limit ?
Hibernate: select U.* from USER U where U.USER_USER_ID =?
Hibernate: select character0_.character_id as characte1_6_0_, character0_.character_character_name as characte2_6_0_ from characters character0_ where character0_.character_id=?
Hibernate: select user0_.user_id as user_id1_21_0_, user0_.character_id as characte7_21_0_, user0_.user_created_at as user_cre2_21_0_, user0_.user_name as user_nam3_21_0_, user0_.user_phone_number as user_pho4_21_0_, user0_.user_user_id as user_use5_21_0_, user0_.user_user_password as user_use6_21_0_ from user user0_ where user0_.user_id=?
Hibernate: select character0_.character_id as characte1_6_0_, character0_.character_character_name as characte2_6_0_ from characters character0_ where character0_.character_id=?
Hibernate: select category0_.category_id as category1_5_, category0_.category_name as category2_5_ from category category0_
Hibernate: select boardlist0_.category_id as category7_4_0_, boardlist0_.board_id as board_id1_4_0_, boardlist0_.board_id as board_id1_4_1_, boardlist0_.category_id as category7_4_1_, boardlist0_.board_content as board_co2_4_1_, boardlist0_.board_created_at as board_cr3_4_1_, boardlist0_.board_last_modified_at as board_la4_4_1_, boardlist0_.board_title as board_ti5_4_1_, boardlist0_.user_id as user_id8_4_1_, boardlist0_.board_views as board_vi6_4_1_ from board boardlist0_ where boardlist0_.category_id=?
Hibernate: select boardlist0_.category_id as category7_4_0_, boardlist0_.board_id as board_id1_4_0_, boardlist0_.board_id as board_id1_4_1_, boardlist0_.category_id as category7_4_1_, boardlist0_.board_content as board_co2_4_1_, boardlist0_.board_created_at as board_cr3_4_1_, boardlist0_.board_last_modified_at as board_la4_4_1_, boardlist0_.board_title as board_ti5_4_1_, boardlist0_.user_id as user_id8_4_1_, boardlist0_.board_views as board_vi6_4_1_ from board boardlist0_ where boardlist0_.category_id=?
Hibernate: select boardlist0_.category_id as category7_4_0_, boardlist0_.board_id as board_id1_4_0_, boardlist0_.board_id as board_id1_4_1_, boardlist0_.category_id as category7_4_1_, boardlist0_.board_content as board_co2_4_1_, boardlist0_.board_created_at as board_cr3_4_1_, boardlist0_.board_last_modified_at as board_la4_4_1_, boardlist0_.board_title as board_ti5_4_1_, boardlist0_.user_id as user_id8_4_1_, boardlist0_.board_views as board_vi6_4_1_ from board boardlist0_ where boardlist0_.category_id=?
Hibernate: select user0_.user_id as user_id1_21_0_, user0_.character_id as characte7_21_0_, user0_.user_created_at as user_cre2_21_0_, user0_.user_name as user_nam3_21_0_, user0_.user_phone_number as user_pho4_21_0_, user0_.user_user_id as user_use5_21_0_, user0_.user_user_password as user_use6_21_0_ from user user0_ where user0_.user_id=?
Hibernate: select character0_.character_id as characte1_6_0_, character0_.character_character_name as characte2_6_0_ from characters character0_ where character0_.character_id=?
Hibernate: select count(*) as col_0_0_ from user user0_ where user0_.user_id=?
Hibernate: select character1_.character_id as characte1_6_, character1_.character_character_name as characte2_6_ from user user0_ inner join characters character1_ on user0_.character_id=character1_.character_id where user0_.user_id=?
Hibernate: select permission0_.character_id as characte6_12_0_, permission0_.permission_id as permissi1_12_0_, permission0_.permission_id as permissi1_12_1_, permission0_.character_id as characte6_12_1_, permission0_.permission_name as permissi2_12_1_, permission0_.permission_permission_unit_id as permissi3_12_1_, permission0_.permission_service as permissi4_12_1_, permission0_.permission_status as permissi5_12_1_ from permission permission0_ where permission0_.character_id=?
Hibernate: select count(*) as col_0_0_ from category category0_ where category0_.category_id=?
Hibernate: select count(board0_.board_id) as col_0_0_ from board board0_ where board0_.category_id=?
Hibernate: select category0_.category_id as category1_5_0_, category0_.category_name as category2_5_0_ from category category0_ where category0_.category_id=?
Hibernate: select boardlist0_.category_id as category7_4_0_, boardlist0_.board_id as board_id1_4_0_, boardlist0_.board_id as board_id1_4_1_, boardlist0_.category_id as category7_4_1_, boardlist0_.board_content as board_co2_4_1_, boardlist0_.board_created_at as board_cr3_4_1_, boardlist0_.board_last_modified_at as board_la4_4_1_, boardlist0_.board_title as board_ti5_4_1_, boardlist0_.user_id as user_id8_4_1_, boardlist0_.board_views as board_vi6_4_1_ from board boardlist0_ where boardlist0_.category_id=?
Hibernate: delete from category where category_id=?
Hibernate: select user0_.user_id as user_id1_21_0_, user0_.character_id as characte7_21_0_, user0_.user_created_at as user_cre2_21_0_, user0_.user_name as user_nam3_21_0_, user0_.user_phone_number as user_pho4_21_0_, user0_.user_user_id as user_use5_21_0_, user0_.user_user_password as user_use6_21_0_ from user user0_ where user0_.user_id=?
Hibernate: select character0_.character_id as characte1_6_0_, character0_.character_character_name as characte2_6_0_ from characters character0_ where character0_.character_id=?
Hibernate: select count(*) as col_0_0_ from user user0_ where user0_.user_id=?
Hibernate: select character1_.character_id as characte1_6_, character1_.character_character_name as characte2_6_ from user user0_ inner join characters character1_ on user0_.character_id=character1_.character_id where user0_.user_id=?
Hibernate: select permission0_.character_id as characte6_12_0_, permission0_.permission_id as permissi1_12_0_, permission0_.permission_id as permissi1_12_1_, permission0_.character_id as characte6_12_1_, permission0_.permission_name as permissi2_12_1_, permission0_.permission_permission_unit_id as permissi3_12_1_, permission0_.permission_service as permissi4_12_1_, permission0_.permission_status as permissi5_12_1_ from permission permission0_ where permission0_.character_id=?
Hibernate: select count(*) as col_0_0_ from category category0_ where category0_.category_id=?
Hibernate: select count(board0_.board_id) as col_0_0_ from board board0_ where board0_.category_id=?
Hibernate: select category0_.category_id as category1_5_0_, category0_.category_name as category2_5_0_ from category category0_ where category0_.category_id=?
Hibernate: select boardlist0_.category_id as category7_4_0_, boardlist0_.board_id as board_id1_4_0_, boardlist0_.board_id as board_id1_4_1_, boardlist0_.category_id as category7_4_1_, boardlist0_.board_content as board_co2_4_1_, boardlist0_.board_created_at as board_cr3_4_1_, boardlist0_.board_last_modified_at as board_la4_4_1_, boardlist0_.board_title as board_ti5_4_1_, boardlist0_.user_id as user_id8_4_1_, boardlist0_.board_views as board_vi6_4_1_ from board boardlist0_ where boardlist0_.category_id=?
Hibernate: delete from category where category_id=?
Hibernate: select user0_.user_id as user_id1_21_0_, user0_.character_id as characte7_21_0_, user0_.user_created_at as user_cre2_21_0_, user0_.user_name as user_nam3_21_0_, user0_.user_phone_number as user_pho4_21_0_, user0_.user_user_id as user_use5_21_0_, user0_.user_user_password as user_use6_21_0_ from user user0_ where user0_.user_id=?
Hibernate: select character0_.character_id as characte1_6_0_, character0_.character_character_name as characte2_6_0_ from characters character0_ where character0_.character_id=?
Hibernate: select count(*) as col_0_0_ from user user0_ where user0_.user_id=?
Hibernate: select character1_.character_id as characte1_6_, character1_.character_character_name as characte2_6_ from user user0_ inner join characters character1_ on user0_.character_id=character1_.character_id where user0_.user_id=?
Hibernate: select permission0_.character_id as characte6_12_0_, permission0_.permission_id as permissi1_12_0_, permission0_.permission_id as permissi1_12_1_, permission0_.character_id as characte6_12_1_, permission0_.permission_name as permissi2_12_1_, permission0_.permission_permission_unit_id as permissi3_12_1_, permission0_.permission_service as permissi4_12_1_, permission0_.permission_status as permissi5_12_1_ from permission permission0_ where permission0_.character_id=?
Hibernate: select count(*) as col_0_0_ from category category0_ where category0_.category_id=?
Hibernate: select count(board0_.board_id) as col_0_0_ from board board0_ where board0_.category_id=?
Hibernate: select category0_.category_id as category1_5_0_, category0_.category_name as category2_5_0_ from category category0_ where category0_.category_id=?
Hibernate: select boardlist0_.category_id as category7_4_0_, boardlist0_.board_id as board_id1_4_0_, boardlist0_.board_id as board_id1_4_1_, boardlist0_.category_id as category7_4_1_, boardlist0_.board_content as board_co2_4_1_, boardlist0_.board_created_at as board_cr3_4_1_, boardlist0_.board_last_modified_at as board_la4_4_1_, boardlist0_.board_title as board_ti5_4_1_, boardlist0_.user_id as user_id8_4_1_, boardlist0_.board_views as board_vi6_4_1_ from board boardlist0_ where boardlist0_.category_id=?
Hibernate: delete from category where category_id=?
Hibernate: select user0_.user_id as user_id1_21_0_, user0_.character_id as characte7_21_0_, user0_.user_created_at as user_cre2_21_0_, user0_.user_name as user_nam3_21_0_, user0_.user_phone_number as user_pho4_21_0_, user0_.user_user_id as user_use5_21_0_, user0_.user_user_password as user_use6_21_0_ from user user0_ where user0_.user_id=?
Hibernate: select character0_.character_id as characte1_6_0_, character0_.character_character_name as characte2_6_0_ from characters character0_ where character0_.character_id=?
Hibernate: select count(*) as col_0_0_ from user user0_ where user0_.user_id=?
Hibernate: select character1_.character_id as characte1_6_, character1_.character_character_name as characte2_6_ from user user0_ inner join characters character1_ on user0_.character_id=character1_.character_id where user0_.user_id=?
Hibernate: select permission0_.character_id as characte6_12_0_, permission0_.permission_id as permissi1_12_0_, permission0_.permission_id as permissi1_12_1_, permission0_.character_id as characte6_12_1_, permission0_.permission_name as permissi2_12_1_, permission0_.permission_permission_unit_id as permissi3_12_1_, permission0_.permission_service as permissi4_12_1_, permission0_.permission_status as permissi5_12_1_ from permission permission0_ where permission0_.character_id=?
Hibernate: select category0_.category_id as col_0_0_ from category category0_ where category0_.category_name=? limit ?
Hibernate: select category0_.category_id as category1_5_1_, category0_.category_name as category2_5_1_, boardlist1_.category_id as category7_4_3_, boardlist1_.board_id as board_id1_4_3_, boardlist1_.board_id as board_id1_4_0_, boardlist1_.category_id as category7_4_0_, boardlist1_.board_content as board_co2_4_0_, boardlist1_.board_created_at as board_cr3_4_0_, boardlist1_.board_last_modified_at as board_la4_4_0_, boardlist1_.board_title as board_ti5_4_0_, boardlist1_.user_id as user_id8_4_0_, boardlist1_.board_views as board_vi6_4_0_ from category category0_ left outer join board boardlist1_ on category0_.category_id=boardlist1_.category_id where category0_.category_id=?
Hibernate: insert into category (category_id, category_name) values (default, ?)
Hibernate: select user0_.user_id as user_id1_21_0_, user0_.character_id as characte7_21_0_, user0_.user_created_at as user_cre2_21_0_, user0_.user_name as user_nam3_21_0_, user0_.user_phone_number as user_pho4_21_0_, user0_.user_user_id as user_use5_21_0_, user0_.user_user_password as user_use6_21_0_ from user user0_ where user0_.user_id=?
Hibernate: select character0_.character_id as characte1_6_0_, character0_.character_character_name as characte2_6_0_ from characters character0_ where character0_.character_id=?
Hibernate: select count(*) as col_0_0_ from user user0_ where user0_.user_id=?
Hibernate: select character1_.character_id as characte1_6_, character1_.character_character_name as characte2_6_ from user user0_ inner join characters character1_ on user0_.character_id=character1_.character_id where user0_.user_id=?
Hibernate: select permission0_.character_id as characte6_12_0_, permission0_.permission_id as permissi1_12_0_, permission0_.permission_id as permissi1_12_1_, permission0_.character_id as characte6_12_1_, permission0_.permission_name as permissi2_12_1_, permission0_.permission_permission_unit_id as permissi3_12_1_, permission0_.permission_service as permissi4_12_1_, permission0_.permission_status as permissi5_12_1_ from permission permission0_ where permission0_.character_id=?
Hibernate: select category0_.category_id as col_0_0_ from category category0_ where category0_.category_name=? limit ?
Hibernate: select category0_.category_id as category1_5_1_, category0_.category_name as category2_5_1_, boardlist1_.category_id as category7_4_3_, boardlist1_.board_id as board_id1_4_3_, boardlist1_.board_id as board_id1_4_0_, boardlist1_.category_id as category7_4_0_, boardlist1_.board_content as board_co2_4_0_, boardlist1_.board_created_at as board_cr3_4_0_, boardlist1_.board_last_modified_at as board_la4_4_0_, boardlist1_.board_title as board_ti5_4_0_, boardlist1_.user_id as user_id8_4_0_, boardlist1_.board_views as board_vi6_4_0_ from category category0_ left outer join board boardlist1_ on category0_.category_id=boardlist1_.category_id where category0_.category_id=?
Hibernate: insert into category (category_id, category_name) values (default, ?)
Hibernate: select user0_.user_id as col_0_0_ from user user0_ where user0_.user_user_id=? limit ?
Hibernate: select user0_.user_id as col_0_0_ from user user0_ where user0_.user_user_id=? limit ?
Hibernate: select U.* from USER U where U.USER_USER_ID =?
Hibernate: select character0_.character_id as characte1_6_0_, character0_.character_character_name as characte2_6_0_ from characters character0_ where character0_.character_id=?
Hibernate: select user0_.user_id as col_0_0_ from user user0_ where user0_.user_user_id=? limit ?
Hibernate: select user0_.user_id as user_id1_21_, user0_.character_id as characte7_21_, user0_.user_created_at as user_cre2_21_, user0_.user_name as user_nam3_21_, user0_.user_phone_number as user_pho4_21_, user0_.user_user_id as user_use5_21_, user0_.user_user_password as user_use6_21_ from user user0_ inner join characters character1_ on user0_.character_id=character1_.character_id where user0_.user_user_id=?
Hibernate: select character0_.character_id as characte1_6_0_, character0_.character_character_name as characte2_6_0_ from characters character0_ where character0_.character_id=?
Hibernate: select rewardtagw0_.user_id as user_id4_16_0_, rewardtagw0_.reward_tag_wrapper_reward_id as reward_t1_16_0_, rewardtagw0_.reward_tag_wrapper_reward_id as reward_t1_16_1_, rewardtagw0_.reward_tag_wrapper_reward_presented_at as reward_t2_16_1_, rewardtagw0_.reward_tag_reward_tag_id as reward_t3_16_1_, rewardtagw0_.user_id as user_id4_16_1_ from reward_tag_wrapper rewardtagw0_ where rewardtagw0_.user_id=?
Hibernate: select user0_.user_id as user_id1_21_0_, user0_.character_id as characte7_21_0_, user0_.user_created_at as user_cre2_21_0_, user0_.user_name as user_nam3_21_0_, user0_.user_phone_number as user_pho4_21_0_, user0_.user_user_id as user_use5_21_0_, user0_.user_user_password as user_use6_21_0_ from user user0_ where user0_.user_id=?
Hibernate: select character0_.character_id as characte1_6_0_, character0_.character_character_name as characte2_6_0_ from characters character0_ where character0_.character_id=?
Hibernate: select count(*) as col_0_0_ from user user0_ where user0_.user_id=?
Hibernate: select character1_.character_id as characte1_6_, character1_.character_character_name as characte2_6_ from user user0_ inner join characters character1_ on user0_.character_id=character1_.character_id where user0_.user_id=?
Hibernate: select permission0_.character_id as characte6_12_0_, permission0_.permission_id as permissi1_12_0_, permission0_.permission_id as permissi1_12_1_, permission0_.character_id as characte6_12_1_, permission0_.permission_name as permissi2_12_1_, permission0_.permission_permission_unit_id as permissi3_12_1_, permission0_.permission_service as permissi4_12_1_, permission0_.permission_status as permissi5_12_1_ from permission permission0_ where permission0_.character_id=?
Hibernate: select count(*) as col_0_0_ from user user0_ where user0_.user_id=?
Hibernate: select user0_.user_id as user_id1_21_, user0_.character_id as characte7_21_, user0_.user_created_at as user_cre2_21_, user0_.user_name as user_nam3_21_, user0_.user_phone_number as user_pho4_21_, user0_.user_user_id as user_use5_21_, user0_.user_user_password as user_use6_21_ from user user0_ where user0_.user_id=?
Hibernate: select character0_.character_id as characte1_6_0_, character0_.character_character_name as characte2_6_0_ from characters character0_ where character0_.character_id=?
Hibernate: select rewardtagw0_.user_id as user_id4_16_0_, rewardtagw0_.reward_tag_wrapper_reward_id as reward_t1_16_0_, rewardtagw0_.reward_tag_wrapper_reward_id as reward_t1_16_1_, rewardtagw0_.reward_tag_wrapper_reward_presented_at as reward_t2_16_1_, rewardtagw0_.reward_tag_reward_tag_id as reward_t3_16_1_, rewardtagw0_.user_id as user_id4_16_1_ from reward_tag_wrapper rewardtagw0_ where rewardtagw0_.user_id=?
Hibernate: select attendance0_.attendance_user_attendance_user_id as col_0_0_ from attendance_user attendance0_ where attendance0_.user_id=? limit ?
Hibernate: DELETE FROM USER WHERE USER_ID = ?
Hibernate: select user0_.user_id as col_0_0_ from user user0_ where user0_.user_user_id=? limit ?
Hibernate: select user0_.user_id as col_0_0_ from user user0_ where user0_.user_user_id=? limit ?
Hibernate: select U.* from USER U where U.USER_USER_ID =?
Hibernate: select character0_.character_id as characte1_6_0_, character0_.character_character_name as characte2_6_0_ from characters character0_ where character0_.character_id=?
Hibernate: select user0_.user_id as user_id1_21_0_, user0_.character_id as characte7_21_0_, user0_.user_created_at as user_cre2_21_0_, user0_.user_name as user_nam3_21_0_, user0_.user_phone_number as user_pho4_21_0_, user0_.user_user_id as user_use5_21_0_, user0_.user_user_password as user_use6_21_0_ from user user0_ where user0_.user_id=?
Hibernate: select character0_.character_id as characte1_6_0_, character0_.character_character_name as characte2_6_0_ from characters character0_ where character0_.character_id=?
Hibernate: select count(*) as col_0_0_ from board board0_
Hibernate: select count(*) as col_0_0_ from board board0_
Hibernate: select user0_.user_id as col_0_0_ from user user0_ where user0_.user_user_id=? limit ?
Hibernate: select user0_.user_id as col_0_0_ from user user0_ where user0_.user_user_id=? limit ?
Hibernate: select U.* from USER U where U.USER_USER_ID =?
Hibernate: select character0_.character_id as characte1_6_0_, character0_.character_character_name as characte2_6_0_ from characters character0_ where character0_.character_id=?
Hibernate: select user0_.user_id as user_id1_21_0_, user0_.character_id as characte7_21_0_, user0_.user_created_at as user_cre2_21_0_, user0_.user_name as user_nam3_21_0_, user0_.user_phone_number as user_pho4_21_0_, user0_.user_user_id as user_use5_21_0_, user0_.user_user_password as user_use6_21_0_ from user user0_ where user0_.user_id=?
Hibernate: select character0_.character_id as characte1_6_0_, character0_.character_character_name as characte2_6_0_ from characters character0_ where character0_.character_id=?
Hibernate: select category0_.category_id as category1_5_, category0_.category_name as category2_5_ from category category0_
Hibernate: select boardlist0_.category_id as category7_4_0_, boardlist0_.board_id as board_id1_4_0_, boardlist0_.board_id as board_id1_4_1_, boardlist0_.category_id as category7_4_1_, boardlist0_.board_content as board_co2_4_1_, boardlist0_.board_created_at as board_cr3_4_1_, boardlist0_.board_last_modified_at as board_la4_4_1_, boardlist0_.board_title as board_ti5_4_1_, boardlist0_.user_id as user_id8_4_1_, boardlist0_.board_views as board_vi6_4_1_ from board boardlist0_ where boardlist0_.category_id=?
Hibernate: select boardlist0_.category_id as category7_4_0_, boardlist0_.board_id as board_id1_4_0_, boardlist0_.board_id as board_id1_4_1_, boardlist0_.category_id as category7_4_1_, boardlist0_.board_content as board_co2_4_1_, boardlist0_.board_created_at as board_cr3_4_1_, boardlist0_.board_last_modified_at as board_la4_4_1_, boardlist0_.board_title as board_ti5_4_1_, boardlist0_.user_id as user_id8_4_1_, boardlist0_.board_views as board_vi6_4_1_ from board boardlist0_ where boardlist0_.category_id=?
Hibernate: select user0_.user_id as user_id1_21_0_, user0_.character_id as characte7_21_0_, user0_.user_created_at as user_cre2_21_0_, user0_.user_name as user_nam3_21_0_, user0_.user_phone_number as user_pho4_21_0_, user0_.user_user_id as user_use5_21_0_, user0_.user_user_password as user_use6_21_0_ from user user0_ where user0_.user_id=?
Hibernate: select character0_.character_id as characte1_6_0_, character0_.character_character_name as characte2_6_0_ from characters character0_ where character0_.character_id=?
Hibernate: select count(*) as col_0_0_ from user user0_ where user0_.user_id=?
Hibernate: select character1_.character_id as characte1_6_, character1_.character_character_name as characte2_6_ from user user0_ inner join characters character1_ on user0_.character_id=character1_.character_id where user0_.user_id=?
Hibernate: select permission0_.character_id as characte6_12_0_, permission0_.permission_id as permissi1_12_0_, permission0_.permission_id as permissi1_12_1_, permission0_.character_id as characte6_12_1_, permission0_.permission_name as permissi2_12_1_, permission0_.permission_permission_unit_id as permissi3_12_1_, permission0_.permission_service as permissi4_12_1_, permission0_.permission_status as permissi5_12_1_ from permission permission0_ where permission0_.character_id=?
Hibernate: select count(*) as col_0_0_ from category category0_ where category0_.category_id=?
Hibernate: select count(board0_.board_id) as col_0_0_ from board board0_ where board0_.category_id=?
Hibernate: select category0_.category_id as category1_5_0_, category0_.category_name as category2_5_0_ from category category0_ where category0_.category_id=?
Hibernate: select boardlist0_.category_id as category7_4_0_, boardlist0_.board_id as board_id1_4_0_, boardlist0_.board_id as board_id1_4_1_, boardlist0_.category_id as category7_4_1_, boardlist0_.board_content as board_co2_4_1_, boardlist0_.board_created_at as board_cr3_4_1_, boardlist0_.board_last_modified_at as board_la4_4_1_, boardlist0_.board_title as board_ti5_4_1_, boardlist0_.user_id as user_id8_4_1_, boardlist0_.board_views as board_vi6_4_1_ from board boardlist0_ where boardlist0_.category_id=?
Hibernate: delete from category where category_id=?
Hibernate: select user0_.user_id as user_id1_21_0_, user0_.character_id as characte7_21_0_, user0_.user_created_at as user_cre2_21_0_, user0_.user_name as user_nam3_21_0_, user0_.user_phone_number as user_pho4_21_0_, user0_.user_user_id as user_use5_21_0_, user0_.user_user_password as user_use6_21_0_ from user user0_ where user0_.user_id=?
Hibernate: select character0_.character_id as characte1_6_0_, character0_.character_character_name as characte2_6_0_ from characters character0_ where character0_.character_id=?
Hibernate: select count(*) as col_0_0_ from user user0_ where user0_.user_id=?
Hibernate: select character1_.character_id as characte1_6_, character1_.character_character_name as characte2_6_ from user user0_ inner join characters character1_ on user0_.character_id=character1_.character_id where user0_.user_id=?
Hibernate: select permission0_.character_id as characte6_12_0_, permission0_.permission_id as permissi1_12_0_, permission0_.permission_id as permissi1_12_1_, permission0_.character_id as characte6_12_1_, permission0_.permission_name as permissi2_12_1_, permission0_.permission_permission_unit_id as permissi3_12_1_, permission0_.permission_service as permissi4_12_1_, permission0_.permission_status as permissi5_12_1_ from permission permission0_ where permission0_.character_id=?
Hibernate: select count(*) as col_0_0_ from category category0_ where category0_.category_id=?
Hibernate: select count(board0_.board_id) as col_0_0_ from board board0_ where board0_.category_id=?
Hibernate: select category0_.category_id as category1_5_0_, category0_.category_name as category2_5_0_ from category category0_ where category0_.category_id=?
Hibernate: select boardlist0_.category_id as category7_4_0_, boardlist0_.board_id as board_id1_4_0_, boardlist0_.board_id as board_id1_4_1_, boardlist0_.category_id as category7_4_1_, boardlist0_.board_content as board_co2_4_1_, boardlist0_.board_created_at as board_cr3_4_1_, boardlist0_.board_last_modified_at as board_la4_4_1_, boardlist0_.board_title as board_ti5_4_1_, boardlist0_.user_id as user_id8_4_1_, boardlist0_.board_views as board_vi6_4_1_ from board boardlist0_ where boardlist0_.category_id=?
Hibernate: delete from category where category_id=?
Hibernate: select user0_.user_id as user_id1_21_0_, user0_.character_id as characte7_21_0_, user0_.user_created_at as user_cre2_21_0_, user0_.user_name as user_nam3_21_0_, user0_.user_phone_number as user_pho4_21_0_, user0_.user_user_id as user_use5_21_0_, user0_.user_user_password as user_use6_21_0_ from user user0_ where user0_.user_id=?
Hibernate: select character0_.character_id as characte1_6_0_, character0_.character_character_name as characte2_6_0_ from characters character0_ where character0_.character_id=?
Hibernate: select count(*) as col_0_0_ from user user0_ where user0_.user_id=?
Hibernate: select character1_.character_id as characte1_6_, character1_.character_character_name as characte2_6_ from user user0_ inner join characters character1_ on user0_.character_id=character1_.character_id where user0_.user_id=?
Hibernate: select permission0_.character_id as characte6_12_0_, permission0_.permission_id as permissi1_12_0_, permission0_.permission_id as permissi1_12_1_, permission0_.character_id as characte6_12_1_, permission0_.permission_name as permissi2_12_1_, permission0_.permission_permission_unit_id as permissi3_12_1_, permission0_.permission_service as permissi4_12_1_, permission0_.permission_status as permissi5_12_1_ from permission permission0_ where permission0_.character_id=?
Hibernate: select category0_.category_id as col_0_0_ from category category0_ where category0_.category_name=? limit ?
Hibernate: select category0_.category_id as category1_5_1_, category0_.category_name as category2_5_1_, boardlist1_.category_id as category7_4_3_, boardlist1_.board_id as board_id1_4_3_, boardlist1_.board_id as board_id1_4_0_, boardlist1_.category_id as category7_4_0_, boardlist1_.board_content as board_co2_4_0_, boardlist1_.board_created_at as board_cr3_4_0_, boardlist1_.board_last_modified_at as board_la4_4_0_, boardlist1_.board_title as board_ti5_4_0_, boardlist1_.user_id as user_id8_4_0_, boardlist1_.board_views as board_vi6_4_0_ from category category0_ left outer join board boardlist1_ on category0_.category_id=boardlist1_.category_id where category0_.category_id=?
Hibernate: insert into category (category_id, category_name) values (default, ?)
Hibernate: select user0_.user_id as user_id1_21_0_, user0_.character_id as characte7_21_0_, user0_.user_created_at as user_cre2_21_0_, user0_.user_name as user_nam3_21_0_, user0_.user_phone_number as user_pho4_21_0_, user0_.user_user_id as user_use5_21_0_, user0_.user_user_password as user_use6_21_0_ from user user0_ where user0_.user_id=?
Hibernate: select character0_.character_id as characte1_6_0_, character0_.character_character_name as characte2_6_0_ from characters character0_ where character0_.character_id=?
Hibernate: select count(*) as col_0_0_ from user user0_ where user0_.user_id=?
Hibernate: select character1_.character_id as characte1_6_, character1_.character_character_name as characte2_6_ from user user0_ inner join characters character1_ on user0_.character_id=character1_.character_id where user0_.user_id=?
Hibernate: select permission0_.character_id as characte6_12_0_, permission0_.permission_id as permissi1_12_0_, permission0_.permission_id as permissi1_12_1_, permission0_.character_id as characte6_12_1_, permission0_.permission_name as permissi2_12_1_, permission0_.permission_permission_unit_id as permissi3_12_1_, permission0_.permission_service as permissi4_12_1_, permission0_.permission_status as permissi5_12_1_ from permission permission0_ where permission0_.character_id=?
Hibernate: select category0_.category_id as col_0_0_ from category category0_ where category0_.category_name=? limit ?
Hibernate: select category0_.category_id as category1_5_1_, category0_.category_name as category2_5_1_, boardlist1_.category_id as category7_4_3_, boardlist1_.board_id as board_id1_4_3_, boardlist1_.board_id as board_id1_4_0_, boardlist1_.category_id as category7_4_0_, boardlist1_.board_content as board_co2_4_0_, boardlist1_.board_created_at as board_cr3_4_0_, boardlist1_.board_last_modified_at as board_la4_4_0_, boardlist1_.board_title as board_ti5_4_0_, boardlist1_.user_id as user_id8_4_0_, boardlist1_.board_views as board_vi6_4_0_ from category category0_ left outer join board boardlist1_ on category0_.category_id=boardlist1_.category_id where category0_.category_id=?
Hibernate: insert into category (category_id, category_name) values (default, ?)
Hibernate: select user0_.user_id as col_0_0_ from user user0_ where user0_.user_user_id=? limit ?
Hibernate: select user0_.user_id as col_0_0_ from user user0_ where user0_.user_user_id=? limit ?
Hibernate: select U.* from USER U where U.USER_USER_ID =?
Hibernate: select character0_.character_id as characte1_6_0_, character0_.character_character_name as characte2_6_0_ from characters character0_ where character0_.character_id=?
Hibernate: select user0_.user_id as col_0_0_ from user user0_ where user0_.user_user_id=? limit ?
Hibernate: select user0_.user_id as col_0_0_ from user user0_ where user0_.user_user_id=? limit ?
Hibernate: select U.* from USER U where U.USER_USER_ID =?
Hibernate: select character0_.character_id as characte1_6_0_, character0_.character_character_name as characte2_6_0_ from characters character0_ where character0_.character_id=?
Hibernate: select user0_.user_id as col_0_0_ from user user0_ where user0_.user_user_id=? limit ?
Hibernate: select userjoinin0_.user_joining_pool_id as col_0_0_ from user_joining_pool userjoinin0_ where userjoinin0_.user_user_id=? limit ?
Hibernate: select character0_.character_id as col_0_0_ from characters character0_ where character0_.character_character_name=? limit ?
Hibernate: insert into user_joining_pool (user_joining_pool_id, user_created_at, user_name, user_phone_number, user_user_id, user_user_password) values (default, ?, ?, ?, ?, ?)
Hibernate: select user0_.user_id as user_id1_21_0_, user0_.character_id as characte7_21_0_, user0_.user_created_at as user_cre2_21_0_, user0_.user_name as user_nam3_21_0_, user0_.user_phone_number as user_pho4_21_0_, user0_.user_user_id as user_use5_21_0_, user0_.user_user_password as user_use6_21_0_ from user user0_ where user0_.user_id=?
Hibernate: select character0_.character_id as characte1_6_0_, character0_.character_character_name as characte2_6_0_ from characters character0_ where character0_.character_id=?
Hibernate: select count(*) as col_0_0_ from user user0_ where user0_.user_id=?
Hibernate: select character1_.character_id as characte1_6_, character1_.character_character_name as characte2_6_ from user user0_ inner join characters character1_ on user0_.character_id=character1_.character_id where user0_.user_id=?
Hibernate: select permission0_.character_id as characte6_12_0_, permission0_.permission_id as permissi1_12_0_, permission0_.permission_id as permissi1_12_1_, permission0_.character_id as characte6_12_1_, permission0_.permission_name as permissi2_12_1_, permission0_.permission_permission_unit_id as permissi3_12_1_, permission0_.permission_service as permissi4_12_1_, permission0_.permission_status as permissi5_12_1_ from permission permission0_ where permission0_.character_id=?
Hibernate: select userjoinin0_.user_joining_pool_id as col_0_0_ from user_joining_pool userjoinin0_ where userjoinin0_.user_user_id=? limit ?
Hibernate: select userjoinin0_.user_joining_pool_id as user_joi1_22_, userjoinin0_.user_created_at as user_cre2_22_, userjoinin0_.user_name as user_nam3_22_, userjoinin0_.user_phone_number as user_pho4_22_, userjoinin0_.user_user_id as user_use5_22_, userjoinin0_.user_user_password as user_use6_22_ from user_joining_pool userjoinin0_ where userjoinin0_.user_user_id=?
Hibernate: select character0_.character_id as characte1_6_, character0_.character_character_name as characte2_6_ from characters character0_ where character0_.character_character_name=?
Hibernate: insert into user (user_id, character_id, user_created_at, user_name, user_phone_number, user_user_id, user_user_password) values (default, ?, ?, ?, ?, ?, ?)
Hibernate: DELETE FROM USER_JOINING_POOL as JU where JU.USER_USER_ID =?
Hibernate: select user0_.user_id as col_0_0_ from user user0_ where user0_.user_user_id=? limit ?
Hibernate: select user0_.user_id as col_0_0_ from user user0_ where user0_.user_user_id=? limit ?
Hibernate: select U.* from USER U where U.USER_USER_ID =?
Hibernate: select character0_.character_id as characte1_6_0_, character0_.character_character_name as characte2_6_0_ from characters character0_ where character0_.character_id=?
Hibernate: select user0_.user_id as user_id1_21_0_, user0_.character_id as characte7_21_0_, user0_.user_created_at as user_cre2_21_0_, user0_.user_name as user_nam3_21_0_, user0_.user_phone_number as user_pho4_21_0_, user0_.user_user_id as user_use5_21_0_, user0_.user_user_password as user_use6_21_0_ from user user0_ where user0_.user_id=?
Hibernate: select character0_.character_id as characte1_6_0_, character0_.character_character_name as characte2_6_0_ from characters character0_ where character0_.character_id=?
Hibernate: select category0_.category_id as category1_5_, category0_.category_name as category2_5_ from category category0_
Hibernate: select boardlist0_.category_id as category7_4_0_, boardlist0_.board_id as board_id1_4_0_, boardlist0_.board_id as board_id1_4_1_, boardlist0_.category_id as category7_4_1_, boardlist0_.board_content as board_co2_4_1_, boardlist0_.board_created_at as board_cr3_4_1_, boardlist0_.board_last_modified_at as board_la4_4_1_, boardlist0_.board_title as board_ti5_4_1_, boardlist0_.user_id as user_id8_4_1_, boardlist0_.board_views as board_vi6_4_1_ from board boardlist0_ where boardlist0_.category_id=?
Hibernate: select boardlist0_.category_id as category7_4_0_, boardlist0_.board_id as board_id1_4_0_, boardlist0_.board_id as board_id1_4_1_, boardlist0_.category_id as category7_4_1_, boardlist0_.board_content as board_co2_4_1_, boardlist0_.board_created_at as board_cr3_4_1_, boardlist0_.board_last_modified_at as board_la4_4_1_, boardlist0_.board_title as board_ti5_4_1_, boardlist0_.user_id as user_id8_4_1_, boardlist0_.board_views as board_vi6_4_1_ from board boardlist0_ where boardlist0_.category_id=?
Hibernate: select user0_.user_id as col_0_0_ from user user0_ where user0_.user_user_id=? limit ?
Hibernate: select user0_.user_id as col_0_0_ from user user0_ where user0_.user_user_id=? limit ?
Hibernate: select U.* from USER U where U.USER_USER_ID =?
Hibernate: select character0_.character_id as characte1_6_0_, character0_.character_character_name as characte2_6_0_ from characters character0_ where character0_.character_id=?
Hibernate: select user0_.user_id as user_id1_21_0_, user0_.character_id as characte7_21_0_, user0_.user_created_at as user_cre2_21_0_, user0_.user_name as user_nam3_21_0_, user0_.user_phone_number as user_pho4_21_0_, user0_.user_user_id as user_use5_21_0_, user0_.user_user_password as user_use6_21_0_ from user user0_ where user0_.user_id=?
Hibernate: select character0_.character_id as characte1_6_0_, character0_.character_character_name as characte2_6_0_ from characters character0_ where character0_.character_id=?
Hibernate: select count(*) as col_0_0_ from user user0_ where user0_.user_id=?
Hibernate: select character1_.character_id as characte1_6_, character1_.character_character_name as characte2_6_ from user user0_ inner join characters character1_ on user0_.character_id=character1_.character_id where user0_.user_id=?
Hibernate: select permission0_.character_id as characte6_12_0_, permission0_.permission_id as permissi1_12_0_, permission0_.permission_id as permissi1_12_1_, permission0_.character_id as characte6_12_1_, permission0_.permission_name as permissi2_12_1_, permission0_.permission_permission_unit_id as permissi3_12_1_, permission0_.permission_service as permissi4_12_1_, permission0_.permission_status as permissi5_12_1_ from permission permission0_ where permission0_.character_id=?
Hibernate: select count(*) as col_0_0_ from category category0_ where category0_.category_id=?
Hibernate: select category0_.category_id as category1_5_0_, category0_.category_name as category2_5_0_ from category category0_ where category0_.category_id=?
Hibernate: insert into board (board_id, category_id, board_content, board_created_at, board_last_modified_at, board_title, user_id, board_views) values (default, ?, ?, ?, ?, ?, ?, ?)
Hibernate: insert into reaction (reaction_id, board_id, reaction_type) values (default, ?, ?)
Hibernate: insert into reaction (reaction_id, board_id, reaction_type) values (default, ?, ?)
Hibernate: insert into reaction (reaction_id, board_id, reaction_type) values (default, ?, ?)
Hibernate: insert into reaction (reaction_id, board_id, reaction_type) values (default, ?, ?)
Hibernate: insert into reaction (reaction_id, board_id, reaction_type) values (default, ?, ?)
Hibernate: insert into reaction (reaction_id, board_id, reaction_type) values (default, ?, ?)
Hibernate: select user0_.user_id as user_id1_21_0_, user0_.character_id as characte7_21_0_, user0_.user_created_at as user_cre2_21_0_, user0_.user_name as user_nam3_21_0_, user0_.user_phone_number as user_pho4_21_0_, user0_.user_user_id as user_use5_21_0_, user0_.user_user_password as user_use6_21_0_ from user user0_ where user0_.user_id=?
Hibernate: select character0_.character_id as characte1_6_0_, character0_.character_character_name as characte2_6_0_ from characters character0_ where character0_.character_id=?
Hibernate: select count(*) as col_0_0_ from user user0_ where user0_.user_id=?
Hibernate: select character1_.character_id as characte1_6_, character1_.character_character_name as characte2_6_ from user user0_ inner join characters character1_ on user0_.character_id=character1_.character_id where user0_.user_id=?
Hibernate: select permission0_.character_id as characte6_12_0_, permission0_.permission_id as permissi1_12_0_, permission0_.permission_id as permissi1_12_1_, permission0_.character_id as characte6_12_1_, permission0_.permission_name as permissi2_12_1_, permission0_.permission_permission_unit_id as permissi3_12_1_, permission0_.permission_service as permissi4_12_1_, permission0_.permission_status as permissi5_12_1_ from permission permission0_ where permission0_.character_id=?
Hibernate: select count(*) as col_0_0_ from category category0_ where category0_.category_id=?
Hibernate: select category0_.category_id as category1_5_0_, category0_.category_name as category2_5_0_ from category category0_ where category0_.category_id=?
Hibernate: insert into board (board_id, category_id, board_content, board_created_at, board_last_modified_at, board_title, user_id, board_views) values (default, ?, ?, ?, ?, ?, ?, ?)
Hibernate: insert into reaction (reaction_id, board_id, reaction_type) values (default, ?, ?)
Hibernate: insert into reaction (reaction_id, board_id, reaction_type) values (default, ?, ?)
Hibernate: insert into reaction (reaction_id, board_id, reaction_type) values (default, ?, ?)
Hibernate: insert into reaction (reaction_id, board_id, reaction_type) values (default, ?, ?)
Hibernate: insert into reaction (reaction_id, board_id, reaction_type) values (default, ?, ?)
Hibernate: insert into reaction (reaction_id, board_id, reaction_type) values (default, ?, ?)
Hibernate: select user0_.user_id as user_id1_21_0_, user0_.character_id as characte7_21_0_, user0_.user_created_at as user_cre2_21_0_, user0_.user_name as user_nam3_21_0_, user0_.user_phone_number as user_pho4_21_0_, user0_.user_user_id as user_use5_21_0_, user0_.user_user_password as user_use6_21_0_ from user user0_ where user0_.user_id=?
Hibernate: select character0_.character_id as characte1_6_0_, character0_.character_character_name as characte2_6_0_ from characters character0_ where character0_.character_id=?
Hibernate: select count(*) as col_0_0_ from board board0_
Hibernate: select board0_.board_id as board_id1_4_, board0_.category_id as category7_4_, board0_.board_content as board_co2_4_, board0_.board_created_at as board_cr3_4_, board0_.board_last_modified_at as board_la4_4_, board0_.board_title as board_ti5_4_, board0_.user_id as user_id8_4_, board0_.board_views as board_vi6_4_ from board board0_ limit ?
Hibernate: select category0_.category_id as category1_5_0_, category0_.category_name as category2_5_0_ from category category0_ where category0_.category_id=?
Hibernate: select user0_.user_id as user_id1_21_0_, user0_.character_id as characte7_21_0_, user0_.user_created_at as user_cre2_21_0_, user0_.user_name as user_nam3_21_0_, user0_.user_phone_number as user_pho4_21_0_, user0_.user_user_id as user_use5_21_0_, user0_.user_user_password as user_use6_21_0_ from user user0_ where user0_.user_id=?
Hibernate: select character0_.character_id as characte1_6_0_, character0_.character_character_name as characte2_6_0_ from characters character0_ where character0_.character_id=?
Hibernate: select reactionli0_.board_id as board_id3_13_0_, reactionli0_.reaction_id as reaction1_13_0_, reactionli0_.reaction_id as reaction1_13_1_, reactionli0_.board_id as board_id3_13_1_, reactionli0_.reaction_type as reaction2_13_1_ from reaction reactionli0_ where reactionli0_.board_id=?
Hibernate: select reactionus0_.reaction_id as reaction2_14_0_, reactionus0_.reaction_user_id as reaction1_14_0_, reactionus0_.reaction_user_id as reaction1_14_1_, reactionus0_.reaction_id as reaction2_14_1_, reactionus0_.user_id as user_id3_14_1_ from reaction_user reactionus0_ where reactionus0_.reaction_id=?
Hibernate: select reactionus0_.reaction_id as reaction2_14_0_, reactionus0_.reaction_user_id as reaction1_14_0_, reactionus0_.reaction_user_id as reaction1_14_1_, reactionus0_.reaction_id as reaction2_14_1_, reactionus0_.user_id as user_id3_14_1_ from reaction_user reactionus0_ where reactionus0_.reaction_id=?
Hibernate: select reactionus0_.reaction_id as reaction2_14_0_, reactionus0_.reaction_user_id as reaction1_14_0_, reactionus0_.reaction_user_id as reaction1_14_1_, reactionus0_.reaction_id as reaction2_14_1_, reactionus0_.user_id as user_id3_14_1_ from reaction_user reactionus0_ where reactionus0_.reaction_id=?
Hibernate: select reactionus0_.reaction_id as reaction2_14_0_, reactionus0_.reaction_user_id as reaction1_14_0_, reactionus0_.reaction_user_id as reaction1_14_1_, reactionus0_.reaction_id as reaction2_14_1_, reactionus0_.user_id as user_id3_14_1_ from reaction_user reactionus0_ where reactionus0_.reaction_id=?
Hibernate: select reactionus0_.reaction_id as reaction2_14_0_, reactionus0_.reaction_user_id as reaction1_14_0_, reactionus0_.reaction_user_id as reaction1_14_1_, reactionus0_.reaction_id as reaction2_14_1_, reactionus0_.user_id as user_id3_14_1_ from reaction_user reactionus0_ where reactionus0_.reaction_id=?
Hibernate: select reactionus0_.reaction_id as reaction2_14_0_, reactionus0_.reaction_user_id as reaction1_14_0_, reactionus0_.reaction_user_id as reaction1_14_1_, reactionus0_.reaction_id as reaction2_14_1_, reactionus0_.user_id as user_id3_14_1_ from reaction_user reactionus0_ where reactionus0_.reaction_id=?
Hibernate: select commentlis0_.board_id as board_id5_7_0_, commentlis0_.comment_id as comment_1_7_0_, commentlis0_.comment_id as comment_1_7_1_, commentlis0_.board_id as board_id5_7_1_, commentlis0_.comment_content as comment_2_7_1_, commentlis0_.comment_created_at as comment_3_7_1_, commentlis0_.comment_last_modified_at as comment_4_7_1_, commentlis0_.user_id as user_id6_7_1_ from comment commentlis0_ where commentlis0_.board_id=?
Hibernate: select reactionli0_.board_id as board_id3_13_0_, reactionli0_.reaction_id as reaction1_13_0_, reactionli0_.reaction_id as reaction1_13_1_, reactionli0_.board_id as board_id3_13_1_, reactionli0_.reaction_type as reaction2_13_1_ from reaction reactionli0_ where reactionli0_.board_id=?
Hibernate: select reactionus0_.reaction_id as reaction2_14_0_, reactionus0_.reaction_user_id as reaction1_14_0_, reactionus0_.reaction_user_id as reaction1_14_1_, reactionus0_.reaction_id as reaction2_14_1_, reactionus0_.user_id as user_id3_14_1_ from reaction_user reactionus0_ where reactionus0_.reaction_id=?
Hibernate: select reactionus0_.reaction_id as reaction2_14_0_, reactionus0_.reaction_user_id as reaction1_14_0_, reactionus0_.reaction_user_id as reaction1_14_1_, reactionus0_.reaction_id as reaction2_14_1_, reactionus0_.user_id as user_id3_14_1_ from reaction_user reactionus0_ where reactionus0_.reaction_id=?
Hibernate: select reactionus0_.reaction_id as reaction2_14_0_, reactionus0_.reaction_user_id as reaction1_14_0_, reactionus0_.reaction_user_id as reaction1_14_1_, reactionus0_.reaction_id as reaction2_14_1_, reactionus0_.user_id as user_id3_14_1_ from reaction_user reactionus0_ where reactionus0_.reaction_id=?
Hibernate: select reactionus0_.reaction_id as reaction2_14_0_, reactionus0_.reaction_user_id as reaction1_14_0_, reactionus0_.reaction_user_id as reaction1_14_1_, reactionus0_.reaction_id as reaction2_14_1_, reactionus0_.user_id as user_id3_14_1_ from reaction_user reactionus0_ where reactionus0_.reaction_id=?
Hibernate: select reactionus0_.reaction_id as reaction2_14_0_, reactionus0_.reaction_user_id as reaction1_14_0_, reactionus0_.reaction_user_id as reaction1_14_1_, reactionus0_.reaction_id as reaction2_14_1_, reactionus0_.user_id as user_id3_14_1_ from reaction_user reactionus0_ where reactionus0_.reaction_id=?
Hibernate: select reactionus0_.reaction_id as reaction2_14_0_, reactionus0_.reaction_user_id as reaction1_14_0_, reactionus0_.reaction_user_id as reaction1_14_1_, reactionus0_.reaction_id as reaction2_14_1_, reactionus0_.user_id as user_id3_14_1_ from reaction_user reactionus0_ where reactionus0_.reaction_id=?
Hibernate: select commentlis0_.board_id as board_id5_7_0_, commentlis0_.comment_id as comment_1_7_0_, commentlis0_.comment_id as comment_1_7_1_, commentlis0_.board_id as board_id5_7_1_, commentlis0_.comment_content as comment_2_7_1_, commentlis0_.comment_created_at as comment_3_7_1_, commentlis0_.comment_last_modified_at as comment_4_7_1_, commentlis0_.user_id as user_id6_7_1_ from comment commentlis0_ where commentlis0_.board_id=?
Hibernate: select boardlist0_.category_id as category7_4_0_, boardlist0_.board_id as board_id1_4_0_, boardlist0_.board_id as board_id1_4_1_, boardlist0_.category_id as category7_4_1_, boardlist0_.board_content as board_co2_4_1_, boardlist0_.board_created_at as board_cr3_4_1_, boardlist0_.board_last_modified_at as board_la4_4_1_, boardlist0_.board_title as board_ti5_4_1_, boardlist0_.user_id as user_id8_4_1_, boardlist0_.board_views as board_vi6_4_1_ from board boardlist0_ where boardlist0_.category_id=?
Hibernate: select count(comment0_.comment_id) as col_0_0_ from comment comment0_ where comment0_.board_id=?
Hibernate: select count(comment0_.comment_id) as col_0_0_ from comment comment0_ where comment0_.board_id=?
Hibernate: select count(*) as col_0_0_ from board board0_
Hibernate: select imagepathl0_.board_board_id as board_bo1_11_0_, imagepathl0_.board_image_path_list as board_im2_11_0_ from image_path_list imagepathl0_ where imagepathl0_.board_board_id=?
Hibernate: select filepathli0_.board_board_id as board_bo1_8_0_, filepathli0_.board_file_path_list as board_fi2_8_0_ from file_path_list filepathli0_ where filepathli0_.board_board_id=?
Hibernate: select imagepathl0_.board_board_id as board_bo1_11_0_, imagepathl0_.board_image_path_list as board_im2_11_0_ from image_path_list imagepathl0_ where imagepathl0_.board_board_id=?
Hibernate: select filepathli0_.board_board_id as board_bo1_8_0_, filepathli0_.board_file_path_list as board_fi2_8_0_ from file_path_list filepathli0_ where filepathli0_.board_board_id=?
Hibernate: select user0_.user_id as col_0_0_ from user user0_ where user0_.user_user_id=? limit ?
Hibernate: select user0_.user_id as col_0_0_ from user user0_ where user0_.user_user_id=? limit ?
Hibernate: select U.* from USER U where U.USER_USER_ID =?
Hibernate: select character0_.character_id as characte1_6_0_, character0_.character_character_name as characte2_6_0_ from characters character0_ where character0_.character_id=?
Hibernate: select user0_.user_id as user_id1_21_0_, user0_.character_id as characte7_21_0_, user0_.user_created_at as user_cre2_21_0_, user0_.user_name as user_nam3_21_0_, user0_.user_phone_number as user_pho4_21_0_, user0_.user_user_id as user_use5_21_0_, user0_.user_user_password as user_use6_21_0_ from user user0_ where user0_.user_id=?
Hibernate: select character0_.character_id as characte1_6_0_, character0_.character_character_name as characte2_6_0_ from characters character0_ where character0_.character_id=?
Hibernate: select count(*) as col_0_0_ from board board0_
Hibernate: select board0_.board_id as board_id1_4_, board0_.category_id as category7_4_, board0_.board_content as board_co2_4_, board0_.board_created_at as board_cr3_4_, board0_.board_last_modified_at as board_la4_4_, board0_.board_title as board_ti5_4_, board0_.user_id as user_id8_4_, board0_.board_views as board_vi6_4_ from board board0_ limit ?
Hibernate: select category0_.category_id as category1_5_0_, category0_.category_name as category2_5_0_ from category category0_ where category0_.category_id=?
Hibernate: select reactionli0_.board_id as board_id3_13_0_, reactionli0_.reaction_id as reaction1_13_0_, reactionli0_.reaction_id as reaction1_13_1_, reactionli0_.board_id as board_id3_13_1_, reactionli0_.reaction_type as reaction2_13_1_ from reaction reactionli0_ where reactionli0_.board_id=?
Hibernate: select reactionus0_.reaction_id as reaction2_14_0_, reactionus0_.reaction_user_id as reaction1_14_0_, reactionus0_.reaction_user_id as reaction1_14_1_, reactionus0_.reaction_id as reaction2_14_1_, reactionus0_.user_id as user_id3_14_1_ from reaction_user reactionus0_ where reactionus0_.reaction_id=?
Hibernate: select reactionus0_.reaction_id as reaction2_14_0_, reactionus0_.reaction_user_id as reaction1_14_0_, reactionus0_.reaction_user_id as reaction1_14_1_, reactionus0_.reaction_id as reaction2_14_1_, reactionus0_.user_id as user_id3_14_1_ from reaction_user reactionus0_ where reactionus0_.reaction_id=?
Hibernate: select reactionus0_.reaction_id as reaction2_14_0_, reactionus0_.reaction_user_id as reaction1_14_0_, reactionus0_.reaction_user_id as reaction1_14_1_, reactionus0_.reaction_id as reaction2_14_1_, reactionus0_.user_id as user_id3_14_1_ from reaction_user reactionus0_ where reactionus0_.reaction_id=?
Hibernate: select reactionus0_.reaction_id as reaction2_14_0_, reactionus0_.reaction_user_id as reaction1_14_0_, reactionus0_.reaction_user_id as reaction1_14_1_, reactionus0_.reaction_id as reaction2_14_1_, reactionus0_.user_id as user_id3_14_1_ from reaction_user reactionus0_ where reactionus0_.reaction_id=?
Hibernate: select reactionus0_.reaction_id as reaction2_14_0_, reactionus0_.reaction_user_id as reaction1_14_0_, reactionus0_.reaction_user_id as reaction1_14_1_, reactionus0_.reaction_id as reaction2_14_1_, reactionus0_.user_id as user_id3_14_1_ from reaction_user reactionus0_ where reactionus0_.reaction_id=?
Hibernate: select reactionus0_.reaction_id as reaction2_14_0_, reactionus0_.reaction_user_id as reaction1_14_0_, reactionus0_.reaction_user_id as reaction1_14_1_, reactionus0_.reaction_id as reaction2_14_1_, reactionus0_.user_id as user_id3_14_1_ from reaction_user reactionus0_ where reactionus0_.reaction_id=?
Hibernate: select commentlis0_.board_id as board_id5_7_0_, commentlis0_.comment_id as comment_1_7_0_, commentlis0_.comment_id as comment_1_7_1_, commentlis0_.board_id as board_id5_7_1_, commentlis0_.comment_content as comment_2_7_1_, commentlis0_.comment_created_at as comment_3_7_1_, commentlis0_.comment_last_modified_at as comment_4_7_1_, commentlis0_.user_id as user_id6_7_1_ from comment commentlis0_ where commentlis0_.board_id=?
Hibernate: select reactionli0_.board_id as board_id3_13_0_, reactionli0_.reaction_id as reaction1_13_0_, reactionli0_.reaction_id as reaction1_13_1_, reactionli0_.board_id as board_id3_13_1_, reactionli0_.reaction_type as reaction2_13_1_ from reaction reactionli0_ where reactionli0_.board_id=?
Hibernate: select reactionus0_.reaction_id as reaction2_14_0_, reactionus0_.reaction_user_id as reaction1_14_0_, reactionus0_.reaction_user_id as reaction1_14_1_, reactionus0_.reaction_id as reaction2_14_1_, reactionus0_.user_id as user_id3_14_1_ from reaction_user reactionus0_ where reactionus0_.reaction_id=?
Hibernate: select reactionus0_.reaction_id as reaction2_14_0_, reactionus0_.reaction_user_id as reaction1_14_0_, reactionus0_.reaction_user_id as reaction1_14_1_, reactionus0_.reaction_id as reaction2_14_1_, reactionus0_.user_id as user_id3_14_1_ from reaction_user reactionus0_ where reactionus0_.reaction_id=?
Hibernate: select reactionus0_.reaction_id as reaction2_14_0_, reactionus0_.reaction_user_id as reaction1_14_0_, reactionus0_.reaction_user_id as reaction1_14_1_, reactionus0_.reaction_id as reaction2_14_1_, reactionus0_.user_id as user_id3_14_1_ from reaction_user reactionus0_ where reactionus0_.reaction_id=?
Hibernate: select reactionus0_.reaction_id as reaction2_14_0_, reactionus0_.reaction_user_id as reaction1_14_0_, reactionus0_.reaction_user_id as reaction1_14_1_, reactionus0_.reaction_id as reaction2_14_1_, reactionus0_.user_id as user_id3_14_1_ from reaction_user reactionus0_ where reactionus0_.reaction_id=?
Hibernate: select reactionus0_.reaction_id as reaction2_14_0_, reactionus0_.reaction_user_id as reaction1_14_0_, reactionus0_.reaction_user_id as reaction1_14_1_, reactionus0_.reaction_id as reaction2_14_1_, reactionus0_.user_id as user_id3_14_1_ from reaction_user reactionus0_ where reactionus0_.reaction_id=?
Hibernate: select reactionus0_.reaction_id as reaction2_14_0_, reactionus0_.reaction_user_id as reaction1_14_0_, reactionus0_.reaction_user_id as reaction1_14_1_, reactionus0_.reaction_id as reaction2_14_1_, reactionus0_.user_id as user_id3_14_1_ from reaction_user reactionus0_ where reactionus0_.reaction_id=?
Hibernate: select commentlis0_.board_id as board_id5_7_0_, commentlis0_.comment_id as comment_1_7_0_, commentlis0_.comment_id as comment_1_7_1_, commentlis0_.board_id as board_id5_7_1_, commentlis0_.comment_content as comment_2_7_1_, commentlis0_.comment_created_at as comment_3_7_1_, commentlis0_.comment_last_modified_at as comment_4_7_1_, commentlis0_.user_id as user_id6_7_1_ from comment commentlis0_ where commentlis0_.board_id=?
Hibernate: select boardlist0_.category_id as category7_4_0_, boardlist0_.board_id as board_id1_4_0_, boardlist0_.board_id as board_id1_4_1_, boardlist0_.category_id as category7_4_1_, boardlist0_.board_content as board_co2_4_1_, boardlist0_.board_created_at as board_cr3_4_1_, boardlist0_.board_last_modified_at as board_la4_4_1_, boardlist0_.board_title as board_ti5_4_1_, boardlist0_.user_id as user_id8_4_1_, boardlist0_.board_views as board_vi6_4_1_ from board boardlist0_ where boardlist0_.category_id=?
Hibernate: select count(comment0_.comment_id) as col_0_0_ from comment comment0_ where comment0_.board_id=?
Hibernate: select count(comment0_.comment_id) as col_0_0_ from comment comment0_ where comment0_.board_id=?
Hibernate: select count(*) as col_0_0_ from board board0_
Hibernate: select imagepathl0_.board_board_id as board_bo1_11_0_, imagepathl0_.board_image_path_list as board_im2_11_0_ from image_path_list imagepathl0_ where imagepathl0_.board_board_id=?
Hibernate: select filepathli0_.board_board_id as board_bo1_8_0_, filepathli0_.board_file_path_list as board_fi2_8_0_ from file_path_list filepathli0_ where filepathli0_.board_board_id=?
Hibernate: select imagepathl0_.board_board_id as board_bo1_11_0_, imagepathl0_.board_image_path_list as board_im2_11_0_ from image_path_list imagepathl0_ where imagepathl0_.board_board_id=?
Hibernate: select filepathli0_.board_board_id as board_bo1_8_0_, filepathli0_.board_file_path_list as board_fi2_8_0_ from file_path_list filepathli0_ where filepathli0_.board_board_id=?
Hibernate: select U.* from USER U join BOARD B where U.USER_ID = B.USER_ID and B.BOARD_ID = ?
Hibernate: select character0_.character_id as characte1_6_0_, character0_.character_character_name as characte2_6_0_ from characters character0_ where character0_.character_id=?
Hibernate: select count(*) as col_0_0_ from user user0_ where user0_.user_id=?
Hibernate: select character1_.character_id as characte1_6_, character1_.character_character_name as characte2_6_ from user user0_ inner join characters character1_ on user0_.character_id=character1_.character_id where user0_.user_id=?
Hibernate: select permission0_.character_id as characte6_12_0_, permission0_.permission_id as permissi1_12_0_, permission0_.permission_id as permissi1_12_1_, permission0_.character_id as characte6_12_1_, permission0_.permission_name as permissi2_12_1_, permission0_.permission_permission_unit_id as permissi3_12_1_, permission0_.permission_service as permissi4_12_1_, permission0_.permission_status as permissi5_12_1_ from permission permission0_ where permission0_.character_id=?
Hibernate: select count(*) as col_0_0_ from board board0_ where board0_.board_id=?
Hibernate: select board0_.board_id as board_id1_4_0_, board0_.category_id as category7_4_0_, board0_.board_content as board_co2_4_0_, board0_.board_created_at as board_cr3_4_0_, board0_.board_last_modified_at as board_la4_4_0_, board0_.board_title as board_ti5_4_0_, board0_.user_id as user_id8_4_0_, board0_.board_views as board_vi6_4_0_ from board board0_ where board0_.board_id=?
Hibernate: select category0_.category_id as category1_5_0_, category0_.category_name as category2_5_0_ from category category0_ where category0_.category_id=?
Hibernate: select reactionli0_.board_id as board_id3_13_0_, reactionli0_.reaction_id as reaction1_13_0_, reactionli0_.reaction_id as reaction1_13_1_, reactionli0_.board_id as board_id3_13_1_, reactionli0_.reaction_type as reaction2_13_1_ from reaction reactionli0_ where reactionli0_.board_id=?
Hibernate: select reactionus0_.reaction_id as reaction2_14_0_, reactionus0_.reaction_user_id as reaction1_14_0_, reactionus0_.reaction_user_id as reaction1_14_1_, reactionus0_.reaction_id as reaction2_14_1_, reactionus0_.user_id as user_id3_14_1_ from reaction_user reactionus0_ where reactionus0_.reaction_id=?
Hibernate: select reactionus0_.reaction_id as reaction2_14_0_, reactionus0_.reaction_user_id as reaction1_14_0_, reactionus0_.reaction_user_id as reaction1_14_1_, reactionus0_.reaction_id as reaction2_14_1_, reactionus0_.user_id as user_id3_14_1_ from reaction_user reactionus0_ where reactionus0_.reaction_id=?
Hibernate: select reactionus0_.reaction_id as reaction2_14_0_, reactionus0_.reaction_user_id as reaction1_14_0_, reactionus0_.reaction_user_id as reaction1_14_1_, reactionus0_.reaction_id as reaction2_14_1_, reactionus0_.user_id as user_id3_14_1_ from reaction_user reactionus0_ where reactionus0_.reaction_id=?
Hibernate: select reactionus0_.reaction_id as reaction2_14_0_, reactionus0_.reaction_user_id as reaction1_14_0_, reactionus0_.reaction_user_id as reaction1_14_1_, reactionus0_.reaction_id as reaction2_14_1_, reactionus0_.user_id as user_id3_14_1_ from reaction_user reactionus0_ where reactionus0_.reaction_id=?
Hibernate: select reactionus0_.reaction_id as reaction2_14_0_, reactionus0_.reaction_user_id as reaction1_14_0_, reactionus0_.reaction_user_id as reaction1_14_1_, reactionus0_.reaction_id as reaction2_14_1_, reactionus0_.user_id as user_id3_14_1_ from reaction_user reactionus0_ where reactionus0_.reaction_id=?
Hibernate: select reactionus0_.reaction_id as reaction2_14_0_, reactionus0_.reaction_user_id as reaction1_14_0_, reactionus0_.reaction_user_id as reaction1_14_1_, reactionus0_.reaction_id as reaction2_14_1_, reactionus0_.user_id as user_id3_14_1_ from reaction_user reactionus0_ where reactionus0_.reaction_id=?
Hibernate: select commentlis0_.board_id as board_id5_7_0_, commentlis0_.comment_id as comment_1_7_0_, commentlis0_.comment_id as comment_1_7_1_, commentlis0_.board_id as board_id5_7_1_, commentlis0_.comment_content as comment_2_7_1_, commentlis0_.comment_created_at as comment_3_7_1_, commentlis0_.comment_last_modified_at as comment_4_7_1_, commentlis0_.user_id as user_id6_7_1_ from comment commentlis0_ where commentlis0_.board_id=?
Hibernate: select boardlist0_.category_id as category7_4_0_, boardlist0_.board_id as board_id1_4_0_, boardlist0_.board_id as board_id1_4_1_, boardlist0_.category_id as category7_4_1_, boardlist0_.board_content as board_co2_4_1_, boardlist0_.board_created_at as board_cr3_4_1_, boardlist0_.board_last_modified_at as board_la4_4_1_, boardlist0_.board_title as board_ti5_4_1_, boardlist0_.user_id as user_id8_4_1_, boardlist0_.board_views as board_vi6_4_1_ from board boardlist0_ where boardlist0_.category_id=?
Hibernate: select count(comment0_.comment_id) as col_0_0_ from comment comment0_ where comment0_.board_id=?
Hibernate: update board set category_id=?, board_content=?, board_created_at=?, board_last_modified_at=?, board_title=?, user_id=?, board_views=? where board_id=?
Hibernate: select filepathli0_.board_board_id as board_bo1_8_0_, filepathli0_.board_file_path_list as board_fi2_8_0_ from file_path_list filepathli0_ where filepathli0_.board_board_id=?
Hibernate: select imagepathl0_.board_board_id as board_bo1_11_0_, imagepathl0_.board_image_path_list as board_im2_11_0_ from image_path_list imagepathl0_ where imagepathl0_.board_board_id=?
Hibernate: select count(*) as col_0_0_ from board board0_ where board0_.board_id=?
Hibernate: delete from reaction where reaction_id=?
Hibernate: delete from reaction where reaction_id=?
Hibernate: delete from reaction where reaction_id=?
Hibernate: delete from reaction where reaction_id=?
Hibernate: delete from reaction where reaction_id=?
Hibernate: delete from reaction where reaction_id=?
Hibernate: delete from board where board_id=?
Hibernate: select user0_.user_id as user_id1_21_0_, user0_.character_id as characte7_21_0_, user0_.user_created_at as user_cre2_21_0_, user0_.user_name as user_nam3_21_0_, user0_.user_phone_number as user_pho4_21_0_, user0_.user_user_id as user_use5_21_0_, user0_.user_user_password as user_use6_21_0_ from user user0_ where user0_.user_id=?
Hibernate: select character0_.character_id as characte1_6_0_, character0_.character_character_name as characte2_6_0_ from characters character0_ where character0_.character_id=?
Hibernate: select count(*) as col_0_0_ from user user0_ where user0_.user_id=?
Hibernate: select character1_.character_id as characte1_6_, character1_.character_character_name as characte2_6_ from user user0_ inner join characters character1_ on user0_.character_id=character1_.character_id where user0_.user_id=?
Hibernate: select permission0_.character_id as characte6_12_0_, permission0_.permission_id as permissi1_12_0_, permission0_.permission_id as permissi1_12_1_, permission0_.character_id as characte6_12_1_, permission0_.permission_name as permissi2_12_1_, permission0_.permission_permission_unit_id as permissi3_12_1_, permission0_.permission_service as permissi4_12_1_, permission0_.permission_status as permissi5_12_1_ from permission permission0_ where permission0_.character_id=?
Hibernate: select count(*) as col_0_0_ from board board0_ where board0_.board_id=?
Hibernate: select U.* from USER U join BOARD B where U.USER_ID = B.USER_ID and B.BOARD_ID = ?
Hibernate: select character0_.character_id as characte1_6_0_, character0_.character_character_name as characte2_6_0_ from characters character0_ where character0_.character_id=?
Hibernate: select count(*) as col_0_0_ from user user0_ where user0_.user_id=?
Hibernate: select character1_.character_id as characte1_6_, character1_.character_character_name as characte2_6_ from user user0_ inner join characters character1_ on user0_.character_id=character1_.character_id where user0_.user_id=?
Hibernate: select permission0_.character_id as characte6_12_0_, permission0_.permission_id as permissi1_12_0_, permission0_.permission_id as permissi1_12_1_, permission0_.character_id as characte6_12_1_, permission0_.permission_name as permissi2_12_1_, permission0_.permission_permission_unit_id as permissi3_12_1_, permission0_.permission_service as permissi4_12_1_, permission0_.permission_status as permissi5_12_1_ from permission permission0_ where permission0_.character_id=?
Hibernate: select count(*) as col_0_0_ from board board0_ where board0_.board_id=?
Hibernate: select board0_.board_id as board_id1_4_0_, board0_.category_id as category7_4_0_, board0_.board_content as board_co2_4_0_, board0_.board_created_at as board_cr3_4_0_, board0_.board_last_modified_at as board_la4_4_0_, board0_.board_title as board_ti5_4_0_, board0_.user_id as user_id8_4_0_, board0_.board_views as board_vi6_4_0_ from board board0_ where board0_.board_id=?
Hibernate: select category0_.category_id as category1_5_0_, category0_.category_name as category2_5_0_ from category category0_ where category0_.category_id=?
Hibernate: select reactionli0_.board_id as board_id3_13_0_, reactionli0_.reaction_id as reaction1_13_0_, reactionli0_.reaction_id as reaction1_13_1_, reactionli0_.board_id as board_id3_13_1_, reactionli0_.reaction_type as reaction2_13_1_ from reaction reactionli0_ where reactionli0_.board_id=?
Hibernate: select reactionus0_.reaction_id as reaction2_14_0_, reactionus0_.reaction_user_id as reaction1_14_0_, reactionus0_.reaction_user_id as reaction1_14_1_, reactionus0_.reaction_id as reaction2_14_1_, reactionus0_.user_id as user_id3_14_1_ from reaction_user reactionus0_ where reactionus0_.reaction_id=?
Hibernate: select reactionus0_.reaction_id as reaction2_14_0_, reactionus0_.reaction_user_id as reaction1_14_0_, reactionus0_.reaction_user_id as reaction1_14_1_, reactionus0_.reaction_id as reaction2_14_1_, reactionus0_.user_id as user_id3_14_1_ from reaction_user reactionus0_ where reactionus0_.reaction_id=?
Hibernate: select reactionus0_.reaction_id as reaction2_14_0_, reactionus0_.reaction_user_id as reaction1_14_0_, reactionus0_.reaction_user_id as reaction1_14_1_, reactionus0_.reaction_id as reaction2_14_1_, reactionus0_.user_id as user_id3_14_1_ from reaction_user reactionus0_ where reactionus0_.reaction_id=?
Hibernate: select reactionus0_.reaction_id as reaction2_14_0_, reactionus0_.reaction_user_id as reaction1_14_0_, reactionus0_.reaction_user_id as reaction1_14_1_, reactionus0_.reaction_id as reaction2_14_1_, reactionus0_.user_id as user_id3_14_1_ from reaction_user reactionus0_ where reactionus0_.reaction_id=?
Hibernate: select reactionus0_.reaction_id as reaction2_14_0_, reactionus0_.reaction_user_id as reaction1_14_0_, reactionus0_.reaction_user_id as reaction1_14_1_, reactionus0_.reaction_id as reaction2_14_1_, reactionus0_.user_id as user_id3_14_1_ from reaction_user reactionus0_ where reactionus0_.reaction_id=?
Hibernate: select reactionus0_.reaction_id as reaction2_14_0_, reactionus0_.reaction_user_id as reaction1_14_0_, reactionus0_.reaction_user_id as reaction1_14_1_, reactionus0_.reaction_id as reaction2_14_1_, reactionus0_.user_id as user_id3_14_1_ from reaction_user reactionus0_ where reactionus0_.reaction_id=?
Hibernate: select commentlis0_.board_id as board_id5_7_0_, commentlis0_.comment_id as comment_1_7_0_, commentlis0_.comment_id as comment_1_7_1_, commentlis0_.board_id as board_id5_7_1_, commentlis0_.comment_content as comment_2_7_1_, commentlis0_.comment_created_at as comment_3_7_1_, commentlis0_.comment_last_modified_at as comment_4_7_1_, commentlis0_.user_id as user_id6_7_1_ from comment commentlis0_ where commentlis0_.board_id=?
Hibernate: select boardlist0_.category_id as category7_4_0_, boardlist0_.board_id as board_id1_4_0_, boardlist0_.board_id as board_id1_4_1_, boardlist0_.category_id as category7_4_1_, boardlist0_.board_content as board_co2_4_1_, boardlist0_.board_created_at as board_cr3_4_1_, boardlist0_.board_last_modified_at as board_la4_4_1_, boardlist0_.board_title as board_ti5_4_1_, boardlist0_.user_id as user_id8_4_1_, boardlist0_.board_views as board_vi6_4_1_ from board boardlist0_ where boardlist0_.category_id=?
Hibernate: select count(comment0_.comment_id) as col_0_0_ from comment comment0_ where comment0_.board_id=?
Hibernate: update board set category_id=?, board_content=?, board_created_at=?, board_last_modified_at=?, board_title=?, user_id=?, board_views=? where board_id=?
Hibernate: select filepathli0_.board_board_id as board_bo1_8_0_, filepathli0_.board_file_path_list as board_fi2_8_0_ from file_path_list filepathli0_ where filepathli0_.board_board_id=?
Hibernate: select imagepathl0_.board_board_id as board_bo1_11_0_, imagepathl0_.board_image_path_list as board_im2_11_0_ from image_path_list imagepathl0_ where imagepathl0_.board_board_id=?
Hibernate: select count(*) as col_0_0_ from board board0_ where board0_.board_id=?
Hibernate: delete from reaction where reaction_id=?
Hibernate: delete from reaction where reaction_id=?
Hibernate: delete from reaction where reaction_id=?
Hibernate: delete from reaction where reaction_id=?
Hibernate: delete from reaction where reaction_id=?
Hibernate: delete from reaction where reaction_id=?
Hibernate: delete from board where board_id=?
Hibernate: select user0_.user_id as user_id1_21_0_, user0_.character_id as characte7_21_0_, user0_.user_created_at as user_cre2_21_0_, user0_.user_name as user_nam3_21_0_, user0_.user_phone_number as user_pho4_21_0_, user0_.user_user_id as user_use5_21_0_, user0_.user_user_password as user_use6_21_0_ from user user0_ where user0_.user_id=?
Hibernate: select character0_.character_id as characte1_6_0_, character0_.character_character_name as characte2_6_0_ from characters character0_ where character0_.character_id=?
Hibernate: select count(*) as col_0_0_ from user user0_ where user0_.user_id=?
Hibernate: select character1_.character_id as characte1_6_, character1_.character_character_name as characte2_6_ from user user0_ inner join characters character1_ on user0_.character_id=character1_.character_id where user0_.user_id=?
Hibernate: select permission0_.character_id as characte6_12_0_, permission0_.permission_id as permissi1_12_0_, permission0_.permission_id as permissi1_12_1_, permission0_.character_id as characte6_12_1_, permission0_.permission_name as permissi2_12_1_, permission0_.permission_permission_unit_id as permissi3_12_1_, permission0_.permission_service as permissi4_12_1_, permission0_.permission_status as permissi5_12_1_ from permission permission0_ where permission0_.character_id=?
Hibernate: select count(*) as col_0_0_ from board board0_ where board0_.board_id=?
Hibernate: select user0_.user_id as col_0_0_ from user user0_ where user0_.user_user_id=? limit ?
Hibernate: select user0_.user_id as col_0_0_ from user user0_ where user0_.user_user_id=? limit ?
Hibernate: select U.* from USER U where U.USER_USER_ID =?
Hibernate: select character0_.character_id as characte1_6_0_, character0_.character_character_name as characte2_6_0_ from characters character0_ where character0_.character_id=?
Hibernate: select user0_.user_id as user_id1_21_0_, user0_.character_id as characte7_21_0_, user0_.user_created_at as user_cre2_21_0_, user0_.user_name as user_nam3_21_0_, user0_.user_phone_number as user_pho4_21_0_, user0_.user_user_id as user_use5_21_0_, user0_.user_user_password as user_use6_21_0_ from user user0_ where user0_.user_id=?
Hibernate: select character0_.character_id as characte1_6_0_, character0_.character_character_name as characte2_6_0_ from characters character0_ where character0_.character_id=?
Hibernate: select category0_.category_id as category1_5_, category0_.category_name as category2_5_ from category category0_
Hibernate: select boardlist0_.category_id as category7_4_0_, boardlist0_.board_id as board_id1_4_0_, boardlist0_.board_id as board_id1_4_1_, boardlist0_.category_id as category7_4_1_, boardlist0_.board_content as board_co2_4_1_, boardlist0_.board_created_at as board_cr3_4_1_, boardlist0_.board_last_modified_at as board_la4_4_1_, boardlist0_.board_title as board_ti5_4_1_, boardlist0_.user_id as user_id8_4_1_, boardlist0_.board_views as board_vi6_4_1_ from board boardlist0_ where boardlist0_.category_id=?
Hibernate: select boardlist0_.category_id as category7_4_0_, boardlist0_.board_id as board_id1_4_0_, boardlist0_.board_id as board_id1_4_1_, boardlist0_.category_id as category7_4_1_, boardlist0_.board_content as board_co2_4_1_, boardlist0_.board_created_at as board_cr3_4_1_, boardlist0_.board_last_modified_at as board_la4_4_1_, boardlist0_.board_title as board_ti5_4_1_, boardlist0_.user_id as user_id8_4_1_, boardlist0_.board_views as board_vi6_4_1_ from board boardlist0_ where boardlist0_.category_id=?
Hibernate: select user0_.user_id as user_id1_21_0_, user0_.character_id as characte7_21_0_, user0_.user_created_at as user_cre2_21_0_, user0_.user_name as user_nam3_21_0_, user0_.user_phone_number as user_pho4_21_0_, user0_.user_user_id as user_use5_21_0_, user0_.user_user_password as user_use6_21_0_ from user user0_ where user0_.user_id=?
Hibernate: select character0_.character_id as characte1_6_0_, character0_.character_character_name as characte2_6_0_ from characters character0_ where character0_.character_id=?
Hibernate: select count(*) as col_0_0_ from user user0_ where user0_.user_id=?
Hibernate: select character1_.character_id as characte1_6_, character1_.character_character_name as characte2_6_ from user user0_ inner join characters character1_ on user0_.character_id=character1_.character_id where user0_.user_id=?
Hibernate: select permission0_.character_id as characte6_12_0_, permission0_.permission_id as permissi1_12_0_, permission0_.permission_id as permissi1_12_1_, permission0_.character_id as characte6_12_1_, permission0_.permission_name as permissi2_12_1_, permission0_.permission_permission_unit_id as permissi3_12_1_, permission0_.permission_service as permissi4_12_1_, permission0_.permission_status as permissi5_12_1_ from permission permission0_ where permission0_.character_id=?
Hibernate: select count(*) as col_0_0_ from category category0_ where category0_.category_id=?
Hibernate: select count(board0_.board_id) as col_0_0_ from board board0_ where board0_.category_id=?
Hibernate: select category0_.category_id as category1_5_0_, category0_.category_name as category2_5_0_ from category category0_ where category0_.category_id=?
Hibernate: select boardlist0_.category_id as category7_4_0_, boardlist0_.board_id as board_id1_4_0_, boardlist0_.board_id as board_id1_4_1_, boardlist0_.category_id as category7_4_1_, boardlist0_.board_content as board_co2_4_1_, boardlist0_.board_created_at as board_cr3_4_1_, boardlist0_.board_last_modified_at as board_la4_4_1_, boardlist0_.board_title as board_ti5_4_1_, boardlist0_.user_id as user_id8_4_1_, boardlist0_.board_views as board_vi6_4_1_ from board boardlist0_ where boardlist0_.category_id=?
Hibernate: delete from category where category_id=?
Hibernate: select user0_.user_id as user_id1_21_0_, user0_.character_id as characte7_21_0_, user0_.user_created_at as user_cre2_21_0_, user0_.user_name as user_nam3_21_0_, user0_.user_phone_number as user_pho4_21_0_, user0_.user_user_id as user_use5_21_0_, user0_.user_user_password as user_use6_21_0_ from user user0_ where user0_.user_id=?
Hibernate: select character0_.character_id as characte1_6_0_, character0_.character_character_name as characte2_6_0_ from characters character0_ where character0_.character_id=?
Hibernate: select count(*) as col_0_0_ from user user0_ where user0_.user_id=?
Hibernate: select character1_.character_id as characte1_6_, character1_.character_character_name as characte2_6_ from user user0_ inner join characters character1_ on user0_.character_id=character1_.character_id where user0_.user_id=?
Hibernate: select permission0_.character_id as characte6_12_0_, permission0_.permission_id as permissi1_12_0_, permission0_.permission_id as permissi1_12_1_, permission0_.character_id as characte6_12_1_, permission0_.permission_name as permissi2_12_1_, permission0_.permission_permission_unit_id as permissi3_12_1_, permission0_.permission_service as permissi4_12_1_, permission0_.permission_status as permissi5_12_1_ from permission permission0_ where permission0_.character_id=?
Hibernate: select count(*) as col_0_0_ from category category0_ where category0_.category_id=?
Hibernate: select count(board0_.board_id) as col_0_0_ from board board0_ where board0_.category_id=?
Hibernate: select category0_.category_id as category1_5_0_, category0_.category_name as category2_5_0_ from category category0_ where category0_.category_id=?
Hibernate: select boardlist0_.category_id as category7_4_0_, boardlist0_.board_id as board_id1_4_0_, boardlist0_.board_id as board_id1_4_1_, boardlist0_.category_id as category7_4_1_, boardlist0_.board_content as board_co2_4_1_, boardlist0_.board_created_at as board_cr3_4_1_, boardlist0_.board_last_modified_at as board_la4_4_1_, boardlist0_.board_title as board_ti5_4_1_, boardlist0_.user_id as user_id8_4_1_, boardlist0_.board_views as board_vi6_4_1_ from board boardlist0_ where boardlist0_.category_id=?
Hibernate: delete from category where category_id=?
Hibernate: select user0_.user_id as user_id1_21_0_, user0_.character_id as characte7_21_0_, user0_.user_created_at as user_cre2_21_0_, user0_.user_name as user_nam3_21_0_, user0_.user_phone_number as user_pho4_21_0_, user0_.user_user_id as user_use5_21_0_, user0_.user_user_password as user_use6_21_0_ from user user0_ where user0_.user_id=?
Hibernate: select character0_.character_id as characte1_6_0_, character0_.character_character_name as characte2_6_0_ from characters character0_ where character0_.character_id=?
Hibernate: select count(*) as col_0_0_ from user user0_ where user0_.user_id=?
Hibernate: select character1_.character_id as characte1_6_, character1_.character_character_name as characte2_6_ from user user0_ inner join characters character1_ on user0_.character_id=character1_.character_id where user0_.user_id=?
Hibernate: select permission0_.character_id as characte6_12_0_, permission0_.permission_id as permissi1_12_0_, permission0_.permission_id as permissi1_12_1_, permission0_.character_id as characte6_12_1_, permission0_.permission_name as permissi2_12_1_, permission0_.permission_permission_unit_id as permissi3_12_1_, permission0_.permission_service as permissi4_12_1_, permission0_.permission_status as permissi5_12_1_ from permission permission0_ where permission0_.character_id=?
Hibernate: select category0_.category_id as col_0_0_ from category category0_ where category0_.category_name=? limit ?
Hibernate: select category0_.category_id as category1_5_1_, category0_.category_name as category2_5_1_, boardlist1_.category_id as category7_4_3_, boardlist1_.board_id as board_id1_4_3_, boardlist1_.board_id as board_id1_4_0_, boardlist1_.category_id as category7_4_0_, boardlist1_.board_content as board_co2_4_0_, boardlist1_.board_created_at as board_cr3_4_0_, boardlist1_.board_last_modified_at as board_la4_4_0_, boardlist1_.board_title as board_ti5_4_0_, boardlist1_.user_id as user_id8_4_0_, boardlist1_.board_views as board_vi6_4_0_ from category category0_ left outer join board boardlist1_ on category0_.category_id=boardlist1_.category_id where category0_.category_id=?
Hibernate: insert into category (category_id, category_name) values (default, ?)
Hibernate: select user0_.user_id as user_id1_21_0_, user0_.character_id as characte7_21_0_, user0_.user_created_at as user_cre2_21_0_, user0_.user_name as user_nam3_21_0_, user0_.user_phone_number as user_pho4_21_0_, user0_.user_user_id as user_use5_21_0_, user0_.user_user_password as user_use6_21_0_ from user user0_ where user0_.user_id=?
Hibernate: select character0_.character_id as characte1_6_0_, character0_.character_character_name as characte2_6_0_ from characters character0_ where character0_.character_id=?
Hibernate: select count(*) as col_0_0_ from user user0_ where user0_.user_id=?
Hibernate: select character1_.character_id as characte1_6_, character1_.character_character_name as characte2_6_ from user user0_ inner join characters character1_ on user0_.character_id=character1_.character_id where user0_.user_id=?
Hibernate: select permission0_.character_id as characte6_12_0_, permission0_.permission_id as permissi1_12_0_, permission0_.permission_id as permissi1_12_1_, permission0_.character_id as characte6_12_1_, permission0_.permission_name as permissi2_12_1_, permission0_.permission_permission_unit_id as permissi3_12_1_, permission0_.permission_service as permissi4_12_1_, permission0_.permission_status as permissi5_12_1_ from permission permission0_ where permission0_.character_id=?
Hibernate: select category0_.category_id as col_0_0_ from category category0_ where category0_.category_name=? limit ?
Hibernate: select category0_.category_id as category1_5_1_, category0_.category_name as category2_5_1_, boardlist1_.category_id as category7_4_3_, boardlist1_.board_id as board_id1_4_3_, boardlist1_.board_id as board_id1_4_0_, boardlist1_.category_id as category7_4_0_, boardlist1_.board_content as board_co2_4_0_, boardlist1_.board_created_at as board_cr3_4_0_, boardlist1_.board_last_modified_at as board_la4_4_0_, boardlist1_.board_title as board_ti5_4_0_, boardlist1_.user_id as user_id8_4_0_, boardlist1_.board_views as board_vi6_4_0_ from category category0_ left outer join board boardlist1_ on category0_.category_id=boardlist1_.category_id where category0_.category_id=?
Hibernate: insert into category (category_id, category_name) values (default, ?)
Hibernate: select user0_.user_id as col_0_0_ from user user0_ where user0_.user_user_id=? limit ?
Hibernate: select user0_.user_id as col_0_0_ from user user0_ where user0_.user_user_id=? limit ?
Hibernate: select U.* from USER U where U.USER_USER_ID =?
Hibernate: select character0_.character_id as characte1_6_0_, character0_.character_character_name as characte2_6_0_ from characters character0_ where character0_.character_id=?
Hibernate: select user0_.user_id as col_0_0_ from user user0_ where user0_.user_user_id=? limit ?
Hibernate: select user0_.user_id as user_id1_21_, user0_.character_id as characte7_21_, user0_.user_created_at as user_cre2_21_, user0_.user_name as user_nam3_21_, user0_.user_phone_number as user_pho4_21_, user0_.user_user_id as user_use5_21_, user0_.user_user_password as user_use6_21_ from user user0_ inner join characters character1_ on user0_.character_id=character1_.character_id where user0_.user_user_id=?
Hibernate: select character0_.character_id as characte1_6_0_, character0_.character_character_name as characte2_6_0_ from characters character0_ where character0_.character_id=?
Hibernate: select rewardtagw0_.user_id as user_id4_16_0_, rewardtagw0_.reward_tag_wrapper_reward_id as reward_t1_16_0_, rewardtagw0_.reward_tag_wrapper_reward_id as reward_t1_16_1_, rewardtagw0_.reward_tag_wrapper_reward_presented_at as reward_t2_16_1_, rewardtagw0_.reward_tag_reward_tag_id as reward_t3_16_1_, rewardtagw0_.user_id as user_id4_16_1_ from reward_tag_wrapper rewardtagw0_ where rewardtagw0_.user_id=?
Hibernate: select user0_.user_id as user_id1_21_0_, user0_.character_id as characte7_21_0_, user0_.user_created_at as user_cre2_21_0_, user0_.user_name as user_nam3_21_0_, user0_.user_phone_number as user_pho4_21_0_, user0_.user_user_id as user_use5_21_0_, user0_.user_user_password as user_use6_21_0_ from user user0_ where user0_.user_id=?
Hibernate: select character0_.character_id as characte1_6_0_, character0_.character_character_name as characte2_6_0_ from characters character0_ where character0_.character_id=?
Hibernate: select count(*) as col_0_0_ from user user0_ where user0_.user_id=?
Hibernate: select character1_.character_id as characte1_6_, character1_.character_character_name as characte2_6_ from user user0_ inner join characters character1_ on user0_.character_id=character1_.character_id where user0_.user_id=?
Hibernate: select permission0_.character_id as characte6_12_0_, permission0_.permission_id as permissi1_12_0_, permission0_.permission_id as permissi1_12_1_, permission0_.character_id as characte6_12_1_, permission0_.permission_name as permissi2_12_1_, permission0_.permission_permission_unit_id as permissi3_12_1_, permission0_.permission_service as permissi4_12_1_, permission0_.permission_status as permissi5_12_1_ from permission permission0_ where permission0_.character_id=?
Hibernate: select count(*) as col_0_0_ from user user0_ where user0_.user_id=?
Hibernate: select user0_.user_id as user_id1_21_, user0_.character_id as characte7_21_, user0_.user_created_at as user_cre2_21_, user0_.user_name as user_nam3_21_, user0_.user_phone_number as user_pho4_21_, user0_.user_user_id as user_use5_21_, user0_.user_user_password as user_use6_21_ from user user0_ where user0_.user_id=?
Hibernate: select character0_.character_id as characte1_6_0_, character0_.character_character_name as characte2_6_0_ from characters character0_ where character0_.character_id=?
Hibernate: select rewardtagw0_.user_id as user_id4_16_0_, rewardtagw0_.reward_tag_wrapper_reward_id as reward_t1_16_0_, rewardtagw0_.reward_tag_wrapper_reward_id as reward_t1_16_1_, rewardtagw0_.reward_tag_wrapper_reward_presented_at as reward_t2_16_1_, rewardtagw0_.reward_tag_reward_tag_id as reward_t3_16_1_, rewardtagw0_.user_id as user_id4_16_1_ from reward_tag_wrapper rewardtagw0_ where rewardtagw0_.user_id=?
Hibernate: select attendance0_.attendance_user_attendance_user_id as col_0_0_ from attendance_user attendance0_ where attendance0_.user_id=? limit ?
Hibernate: DELETE FROM USER WHERE USER_ID = ?
Hibernate: select user0_.user_id as col_0_0_ from user user0_ where user0_.user_user_id=? limit ?
Hibernate: select user0_.user_id as col_0_0_ from user user0_ where user0_.user_user_id=? limit ?
Hibernate: select U.* from USER U where U.USER_USER_ID =?
Hibernate: select character0_.character_id as characte1_6_0_, character0_.character_character_name as characte2_6_0_ from characters character0_ where character0_.character_id=?
Hibernate: select user0_.user_id as user_id1_21_0_, user0_.character_id as characte7_21_0_, user0_.user_created_at as user_cre2_21_0_, user0_.user_name as user_nam3_21_0_, user0_.user_phone_number as user_pho4_21_0_, user0_.user_user_id as user_use5_21_0_, user0_.user_user_password as user_use6_21_0_ from user user0_ where user0_.user_id=?
Hibernate: select character0_.character_id as characte1_6_0_, character0_.character_character_name as characte2_6_0_ from characters character0_ where character0_.character_id=?
Hibernate: select count(*) as col_0_0_ from board board0_
Hibernate: select count(*) as col_0_0_ from board board0_
Hibernate: select user0_.user_id as col_0_0_ from user user0_ where user0_.user_user_id=? limit ?
Hibernate: select user0_.user_id as col_0_0_ from user user0_ where user0_.user_user_id=? limit ?
Hibernate: select U.* from USER U where U.USER_USER_ID =?
Hibernate: select character0_.character_id as characte1_6_0_, character0_.character_character_name as characte2_6_0_ from characters character0_ where character0_.character_id=?
Hibernate: select user0_.user_id as user_id1_21_0_, user0_.character_id as characte7_21_0_, user0_.user_created_at as user_cre2_21_0_, user0_.user_name as user_nam3_21_0_, user0_.user_phone_number as user_pho4_21_0_, user0_.user_user_id as user_use5_21_0_, user0_.user_user_password as user_use6_21_0_ from user user0_ where user0_.user_id=?
Hibernate: select character0_.character_id as characte1_6_0_, character0_.character_character_name as characte2_6_0_ from characters character0_ where character0_.character_id=?
Hibernate: select category0_.category_id as category1_5_, category0_.category_name as category2_5_ from category category0_
Hibernate: select boardlist0_.category_id as category7_4_0_, boardlist0_.board_id as board_id1_4_0_, boardlist0_.board_id as board_id1_4_1_, boardlist0_.category_id as category7_4_1_, boardlist0_.board_content as board_co2_4_1_, boardlist0_.board_created_at as board_cr3_4_1_, boardlist0_.board_last_modified_at as board_la4_4_1_, boardlist0_.board_title as board_ti5_4_1_, boardlist0_.user_id as user_id8_4_1_, boardlist0_.board_views as board_vi6_4_1_ from board boardlist0_ where boardlist0_.category_id=?
Hibernate: select boardlist0_.category_id as category7_4_0_, boardlist0_.board_id as board_id1_4_0_, boardlist0_.board_id as board_id1_4_1_, boardlist0_.category_id as category7_4_1_, boardlist0_.board_content as board_co2_4_1_, boardlist0_.board_created_at as board_cr3_4_1_, boardlist0_.board_last_modified_at as board_la4_4_1_, boardlist0_.board_title as board_ti5_4_1_, boardlist0_.user_id as user_id8_4_1_, boardlist0_.board_views as board_vi6_4_1_ from board boardlist0_ where boardlist0_.category_id=?
Hibernate: select user0_.user_id as user_id1_21_0_, user0_.character_id as characte7_21_0_, user0_.user_created_at as user_cre2_21_0_, user0_.user_name as user_nam3_21_0_, user0_.user_phone_number as user_pho4_21_0_, user0_.user_user_id as user_use5_21_0_, user0_.user_user_password as user_use6_21_0_ from user user0_ where user0_.user_id=?
Hibernate: select character0_.character_id as characte1_6_0_, character0_.character_character_name as characte2_6_0_ from characters character0_ where character0_.character_id=?
Hibernate: select count(*) as col_0_0_ from user user0_ where user0_.user_id=?
Hibernate: select character1_.character_id as characte1_6_, character1_.character_character_name as characte2_6_ from user user0_ inner join characters character1_ on user0_.character_id=character1_.character_id where user0_.user_id=?
Hibernate: select permission0_.character_id as characte6_12_0_, permission0_.permission_id as permissi1_12_0_, permission0_.permission_id as permissi1_12_1_, permission0_.character_id as characte6_12_1_, permission0_.permission_name as permissi2_12_1_, permission0_.permission_permission_unit_id as permissi3_12_1_, permission0_.permission_service as permissi4_12_1_, permission0_.permission_status as permissi5_12_1_ from permission permission0_ where permission0_.character_id=?
Hibernate: select count(*) as col_0_0_ from category category0_ where category0_.category_id=?
Hibernate: select count(board0_.board_id) as col_0_0_ from board board0_ where board0_.category_id=?
Hibernate: select category0_.category_id as category1_5_0_, category0_.category_name as category2_5_0_ from category category0_ where category0_.category_id=?
Hibernate: select boardlist0_.category_id as category7_4_0_, boardlist0_.board_id as board_id1_4_0_, boardlist0_.board_id as board_id1_4_1_, boardlist0_.category_id as category7_4_1_, boardlist0_.board_content as board_co2_4_1_, boardlist0_.board_created_at as board_cr3_4_1_, boardlist0_.board_last_modified_at as board_la4_4_1_, boardlist0_.board_title as board_ti5_4_1_, boardlist0_.user_id as user_id8_4_1_, boardlist0_.board_views as board_vi6_4_1_ from board boardlist0_ where boardlist0_.category_id=?
Hibernate: delete from category where category_id=?
Hibernate: select user0_.user_id as user_id1_21_0_, user0_.character_id as characte7_21_0_, user0_.user_created_at as user_cre2_21_0_, user0_.user_name as user_nam3_21_0_, user0_.user_phone_number as user_pho4_21_0_, user0_.user_user_id as user_use5_21_0_, user0_.user_user_password as user_use6_21_0_ from user user0_ where user0_.user_id=?
Hibernate: select character0_.character_id as characte1_6_0_, character0_.character_character_name as characte2_6_0_ from characters character0_ where character0_.character_id=?
Hibernate: select count(*) as col_0_0_ from user user0_ where user0_.user_id=?
Hibernate: select character1_.character_id as characte1_6_, character1_.character_character_name as characte2_6_ from user user0_ inner join characters character1_ on user0_.character_id=character1_.character_id where user0_.user_id=?
Hibernate: select permission0_.character_id as characte6_12_0_, permission0_.permission_id as permissi1_12_0_, permission0_.permission_id as permissi1_12_1_, permission0_.character_id as characte6_12_1_, permission0_.permission_name as permissi2_12_1_, permission0_.permission_permission_unit_id as permissi3_12_1_, permission0_.permission_service as permissi4_12_1_, permission0_.permission_status as permissi5_12_1_ from permission permission0_ where permission0_.character_id=?
Hibernate: select count(*) as col_0_0_ from category category0_ where category0_.category_id=?
Hibernate: select count(board0_.board_id) as col_0_0_ from board board0_ where board0_.category_id=?
Hibernate: select category0_.category_id as category1_5_0_, category0_.category_name as category2_5_0_ from category category0_ where category0_.category_id=?
Hibernate: select boardlist0_.category_id as category7_4_0_, boardlist0_.board_id as board_id1_4_0_, boardlist0_.board_id as board_id1_4_1_, boardlist0_.category_id as category7_4_1_, boardlist0_.board_content as board_co2_4_1_, boardlist0_.board_created_at as board_cr3_4_1_, boardlist0_.board_last_modified_at as board_la4_4_1_, boardlist0_.board_title as board_ti5_4_1_, boardlist0_.user_id as user_id8_4_1_, boardlist0_.board_views as board_vi6_4_1_ from board boardlist0_ where boardlist0_.category_id=?
Hibernate: delete from category where category_id=?
Hibernate: select user0_.user_id as user_id1_21_0_, user0_.character_id as characte7_21_0_, user0_.user_created_at as user_cre2_21_0_, user0_.user_name as user_nam3_21_0_, user0_.user_phone_number as user_pho4_21_0_, user0_.user_user_id as user_use5_21_0_, user0_.user_user_password as user_use6_21_0_ from user user0_ where user0_.user_id=?
Hibernate: select character0_.character_id as characte1_6_0_, character0_.character_character_name as characte2_6_0_ from characters character0_ where character0_.character_id=?
Hibernate: select count(*) as col_0_0_ from user user0_ where user0_.user_id=?
Hibernate: select character1_.character_id as characte1_6_, character1_.character_character_name as characte2_6_ from user user0_ inner join characters character1_ on user0_.character_id=character1_.character_id where user0_.user_id=?
Hibernate: select permission0_.character_id as characte6_12_0_, permission0_.permission_id as permissi1_12_0_, permission0_.permission_id as permissi1_12_1_, permission0_.character_id as characte6_12_1_, permission0_.permission_name as permissi2_12_1_, permission0_.permission_permission_unit_id as permissi3_12_1_, permission0_.permission_service as permissi4_12_1_, permission0_.permission_status as permissi5_12_1_ from permission permission0_ where permission0_.character_id=?
Hibernate: select category0_.category_id as col_0_0_ from category category0_ where category0_.category_name=? limit ?
Hibernate: select category0_.category_id as category1_5_1_, category0_.category_name as category2_5_1_, boardlist1_.category_id as category7_4_3_, boardlist1_.board_id as board_id1_4_3_, boardlist1_.board_id as board_id1_4_0_, boardlist1_.category_id as category7_4_0_, boardlist1_.board_content as board_co2_4_0_, boardlist1_.board_created_at as board_cr3_4_0_, boardlist1_.board_last_modified_at as board_la4_4_0_, boardlist1_.board_title as board_ti5_4_0_, boardlist1_.user_id as user_id8_4_0_, boardlist1_.board_views as board_vi6_4_0_ from category category0_ left outer join board boardlist1_ on category0_.category_id=boardlist1_.category_id where category0_.category_id=?
Hibernate: insert into category (category_id, category_name) values (default, ?)
Hibernate: select user0_.user_id as user_id1_21_0_, user0_.character_id as characte7_21_0_, user0_.user_created_at as user_cre2_21_0_, user0_.user_name as user_nam3_21_0_, user0_.user_phone_number as user_pho4_21_0_, user0_.user_user_id as user_use5_21_0_, user0_.user_user_password as user_use6_21_0_ from user user0_ where user0_.user_id=?
Hibernate: select character0_.character_id as characte1_6_0_, character0_.character_character_name as characte2_6_0_ from characters character0_ where character0_.character_id=?
Hibernate: select count(*) as col_0_0_ from user user0_ where user0_.user_id=?
Hibernate: select character1_.character_id as characte1_6_, character1_.character_character_name as characte2_6_ from user user0_ inner join characters character1_ on user0_.character_id=character1_.character_id where user0_.user_id=?
Hibernate: select permission0_.character_id as characte6_12_0_, permission0_.permission_id as permissi1_12_0_, permission0_.permission_id as permissi1_12_1_, permission0_.character_id as characte6_12_1_, permission0_.permission_name as permissi2_12_1_, permission0_.permission_permission_unit_id as permissi3_12_1_, permission0_.permission_service as permissi4_12_1_, permission0_.permission_status as permissi5_12_1_ from permission permission0_ where permission0_.character_id=?
Hibernate: select category0_.category_id as col_0_0_ from category category0_ where category0_.category_name=? limit ?
Hibernate: select category0_.category_id as category1_5_1_, category0_.category_name as category2_5_1_, boardlist1_.category_id as category7_4_3_, boardlist1_.board_id as board_id1_4_3_, boardlist1_.board_id as board_id1_4_0_, boardlist1_.category_id as category7_4_0_, boardlist1_.board_content as board_co2_4_0_, boardlist1_.board_created_at as board_cr3_4_0_, boardlist1_.board_last_modified_at as board_la4_4_0_, boardlist1_.board_title as board_ti5_4_0_, boardlist1_.user_id as user_id8_4_0_, boardlist1_.board_views as board_vi6_4_0_ from category category0_ left outer join board boardlist1_ on category0_.category_id=boardlist1_.category_id where category0_.category_id=?
Hibernate: insert into category (category_id, category_name) values (default, ?)
Hibernate: select user0_.user_id as col_0_0_ from user user0_ where user0_.user_user_id=? limit ?
Hibernate: select user0_.user_id as col_0_0_ from user user0_ where user0_.user_user_id=? limit ?
Hibernate: select U.* from USER U where U.USER_USER_ID =?
Hibernate: select character0_.character_id as characte1_6_0_, character0_.character_character_name as characte2_6_0_ from characters character0_ where character0_.character_id=?
Hibernate: select user0_.user_id as col_0_0_ from user user0_ where user0_.user_user_id=? limit ?
Hibernate: select user0_.user_id as col_0_0_ from user user0_ where user0_.user_user_id=? limit ?
Hibernate: select U.* from USER U where U.USER_USER_ID =?
Hibernate: select character0_.character_id as characte1_6_0_, character0_.character_character_name as characte2_6_0_ from characters character0_ where character0_.character_id=?
Hibernate: select user0_.user_id as col_0_0_ from user user0_ where user0_.user_user_id=? limit ?
Hibernate: select user0_.user_id as col_0_0_ from user user0_ where user0_.user_user_id=? limit ?
Hibernate: select U.* from USER U where U.USER_USER_ID =?
Hibernate: select character0_.character_id as characte1_6_0_, character0_.character_character_name as characte2_6_0_ from characters character0_ where character0_.character_id=?
Hibernate: select user0_.user_id as user_id1_21_0_, user0_.character_id as characte7_21_0_, user0_.user_created_at as user_cre2_21_0_, user0_.user_name as user_nam3_21_0_, user0_.user_phone_number as user_pho4_21_0_, user0_.user_user_id as user_use5_21_0_, user0_.user_user_password as user_use6_21_0_ from user user0_ where user0_.user_id=?
Hibernate: select character0_.character_id as characte1_6_0_, character0_.character_character_name as characte2_6_0_ from characters character0_ where character0_.character_id=?
Hibernate: select count(*) as col_0_0_ from user user0_ where user0_.user_id=?
Hibernate: select character1_.character_id as characte1_6_, character1_.character_character_name as characte2_6_ from user user0_ inner join characters character1_ on user0_.character_id=character1_.character_id where user0_.user_id=?
Hibernate: select permission0_.character_id as characte6_12_0_, permission0_.permission_id as permissi1_12_0_, permission0_.permission_id as permissi1_12_1_, permission0_.character_id as characte6_12_1_, permission0_.permission_name as permissi2_12_1_, permission0_.permission_permission_unit_id as permissi3_12_1_, permission0_.permission_service as permissi4_12_1_, permission0_.permission_status as permissi5_12_1_ from permission permission0_ where permission0_.character_id=?
Hibernate: select category0_.category_id as col_0_0_ from category category0_ where category0_.category_name=? limit ?
Hibernate: select category0_.category_id as category1_5_1_, category0_.category_name as category2_5_1_, boardlist1_.category_id as category7_4_3_, boardlist1_.board_id as board_id1_4_3_, boardlist1_.board_id as board_id1_4_0_, boardlist1_.category_id as category7_4_0_, boardlist1_.board_content as board_co2_4_0_, boardlist1_.board_created_at as board_cr3_4_0_, boardlist1_.board_last_modified_at as board_la4_4_0_, boardlist1_.board_title as board_ti5_4_0_, boardlist1_.user_id as user_id8_4_0_, boardlist1_.board_views as board_vi6_4_0_ from category category0_ left outer join board boardlist1_ on category0_.category_id=boardlist1_.category_id where category0_.category_id=?
Hibernate: insert into category (category_id, category_name) values (default, ?)
Hibernate: select user0_.user_id as user_id1_21_0_, user0_.character_id as characte7_21_0_, user0_.user_created_at as user_cre2_21_0_, user0_.user_name as user_nam3_21_0_, user0_.user_phone_number as user_pho4_21_0_, user0_.user_user_id as user_use5_21_0_, user0_.user_user_password as user_use6_21_0_ from user user0_ where user0_.user_id=?
Hibernate: select character0_.character_id as characte1_6_0_, character0_.character_character_name as characte2_6_0_ from characters character0_ where character0_.character_id=?
Hibernate: select category0_.category_id as category1_5_, category0_.category_name as category2_5_ from category category0_
Hibernate: select boardlist0_.category_id as category7_4_0_, boardlist0_.board_id as board_id1_4_0_, boardlist0_.board_id as board_id1_4_1_, boardlist0_.category_id as category7_4_1_, boardlist0_.board_content as board_co2_4_1_, boardlist0_.board_created_at as board_cr3_4_1_, boardlist0_.board_last_modified_at as board_la4_4_1_, boardlist0_.board_title as board_ti5_4_1_, boardlist0_.user_id as user_id8_4_1_, boardlist0_.board_views as board_vi6_4_1_ from board boardlist0_ where boardlist0_.category_id=?
Hibernate: select boardlist0_.category_id as category7_4_0_, boardlist0_.board_id as board_id1_4_0_, boardlist0_.board_id as board_id1_4_1_, boardlist0_.category_id as category7_4_1_, boardlist0_.board_content as board_co2_4_1_, boardlist0_.board_created_at as board_cr3_4_1_, boardlist0_.board_last_modified_at as board_la4_4_1_, boardlist0_.board_title as board_ti5_4_1_, boardlist0_.user_id as user_id8_4_1_, boardlist0_.board_views as board_vi6_4_1_ from board boardlist0_ where boardlist0_.category_id=?
Hibernate: select boardlist0_.category_id as category7_4_0_, boardlist0_.board_id as board_id1_4_0_, boardlist0_.board_id as board_id1_4_1_, boardlist0_.category_id as category7_4_1_, boardlist0_.board_content as board_co2_4_1_, boardlist0_.board_created_at as board_cr3_4_1_, boardlist0_.board_last_modified_at as board_la4_4_1_, boardlist0_.board_title as board_ti5_4_1_, boardlist0_.user_id as user_id8_4_1_, boardlist0_.board_views as board_vi6_4_1_ from board boardlist0_ where boardlist0_.category_id=?
Hibernate: select user0_.user_id as user_id1_21_0_, user0_.character_id as characte7_21_0_, user0_.user_created_at as user_cre2_21_0_, user0_.user_name as user_nam3_21_0_, user0_.user_phone_number as user_pho4_21_0_, user0_.user_user_id as user_use5_21_0_, user0_.user_user_password as user_use6_21_0_ from user user0_ where user0_.user_id=?
Hibernate: select character0_.character_id as characte1_6_0_, character0_.character_character_name as characte2_6_0_ from characters character0_ where character0_.character_id=?
Hibernate: select count(*) as col_0_0_ from user user0_ where user0_.user_id=?
Hibernate: select character1_.character_id as characte1_6_, character1_.character_character_name as characte2_6_ from user user0_ inner join characters character1_ on user0_.character_id=character1_.character_id where user0_.user_id=?
Hibernate: select permission0_.character_id as characte6_12_0_, permission0_.permission_id as permissi1_12_0_, permission0_.permission_id as permissi1_12_1_, permission0_.character_id as characte6_12_1_, permission0_.permission_name as permissi2_12_1_, permission0_.permission_permission_unit_id as permissi3_12_1_, permission0_.permission_service as permissi4_12_1_, permission0_.permission_status as permissi5_12_1_ from permission permission0_ where permission0_.character_id=?
Hibernate: select count(*) as col_0_0_ from category category0_ where category0_.category_id=?
Hibernate: insert into filename (filename_id, filename_origin, filename_uuid) values (default, ?, ?)
Hibernate: insert into filename (filename_id, filename_origin, filename_uuid) values (default, ?, ?)
Hibernate: select category0_.category_id as category1_5_0_, category0_.category_name as category2_5_0_ from category category0_ where category0_.category_id=?
Hibernate: insert into board (board_id, category_id, board_content, board_created_at, board_last_modified_at, board_title, user_id, board_views) values (default, ?, ?, ?, ?, ?, ?, ?)
Hibernate: insert into reaction (reaction_id, board_id, reaction_type) values (default, ?, ?)
Hibernate: insert into reaction (reaction_id, board_id, reaction_type) values (default, ?, ?)
Hibernate: insert into reaction (reaction_id, board_id, reaction_type) values (default, ?, ?)
Hibernate: insert into reaction (reaction_id, board_id, reaction_type) values (default, ?, ?)
Hibernate: insert into reaction (reaction_id, board_id, reaction_type) values (default, ?, ?)
Hibernate: insert into reaction (reaction_id, board_id, reaction_type) values (default, ?, ?)
Hibernate: insert into file_path_list (board_board_id, board_file_path_list) values (?, ?)
Hibernate: insert into image_path_list (board_board_id, board_image_path_list) values (?, ?)
Hibernate: select user0_.user_id as user_id1_21_0_, user0_.character_id as characte7_21_0_, user0_.user_created_at as user_cre2_21_0_, user0_.user_name as user_nam3_21_0_, user0_.user_phone_number as user_pho4_21_0_, user0_.user_user_id as user_use5_21_0_, user0_.user_user_password as user_use6_21_0_ from user user0_ where user0_.user_id=?
Hibernate: select character0_.character_id as characte1_6_0_, character0_.character_character_name as characte2_6_0_ from characters character0_ where character0_.character_id=?
Hibernate: select count(*) as col_0_0_ from board board0_
Hibernate: select board0_.board_id as board_id1_4_, board0_.category_id as category7_4_, board0_.board_content as board_co2_4_, board0_.board_created_at as board_cr3_4_, board0_.board_last_modified_at as board_la4_4_, board0_.board_title as board_ti5_4_, board0_.user_id as user_id8_4_, board0_.board_views as board_vi6_4_ from board board0_ limit ?
Hibernate: select category0_.category_id as category1_5_0_, category0_.category_name as category2_5_0_ from category category0_ where category0_.category_id=?
Hibernate: select reactionli0_.board_id as board_id3_13_0_, reactionli0_.reaction_id as reaction1_13_0_, reactionli0_.reaction_id as reaction1_13_1_, reactionli0_.board_id as board_id3_13_1_, reactionli0_.reaction_type as reaction2_13_1_ from reaction reactionli0_ where reactionli0_.board_id=?
Hibernate: select reactionus0_.reaction_id as reaction2_14_0_, reactionus0_.reaction_user_id as reaction1_14_0_, reactionus0_.reaction_user_id as reaction1_14_1_, reactionus0_.reaction_id as reaction2_14_1_, reactionus0_.user_id as user_id3_14_1_ from reaction_user reactionus0_ where reactionus0_.reaction_id=?
Hibernate: select reactionus0_.reaction_id as reaction2_14_0_, reactionus0_.reaction_user_id as reaction1_14_0_, reactionus0_.reaction_user_id as reaction1_14_1_, reactionus0_.reaction_id as reaction2_14_1_, reactionus0_.user_id as user_id3_14_1_ from reaction_user reactionus0_ where reactionus0_.reaction_id=?
Hibernate: select reactionus0_.reaction_id as reaction2_14_0_, reactionus0_.reaction_user_id as reaction1_14_0_, reactionus0_.reaction_user_id as reaction1_14_1_, reactionus0_.reaction_id as reaction2_14_1_, reactionus0_.user_id as user_id3_14_1_ from reaction_user reactionus0_ where reactionus0_.reaction_id=?
Hibernate: select reactionus0_.reaction_id as reaction2_14_0_, reactionus0_.reaction_user_id as reaction1_14_0_, reactionus0_.reaction_user_id as reaction1_14_1_, reactionus0_.reaction_id as reaction2_14_1_, reactionus0_.user_id as user_id3_14_1_ from reaction_user reactionus0_ where reactionus0_.reaction_id=?
Hibernate: select reactionus0_.reaction_id as reaction2_14_0_, reactionus0_.reaction_user_id as reaction1_14_0_, reactionus0_.reaction_user_id as reaction1_14_1_, reactionus0_.reaction_id as reaction2_14_1_, reactionus0_.user_id as user_id3_14_1_ from reaction_user reactionus0_ where reactionus0_.reaction_id=?
Hibernate: select reactionus0_.reaction_id as reaction2_14_0_, reactionus0_.reaction_user_id as reaction1_14_0_, reactionus0_.reaction_user_id as reaction1_14_1_, reactionus0_.reaction_id as reaction2_14_1_, reactionus0_.user_id as user_id3_14_1_ from reaction_user reactionus0_ where reactionus0_.reaction_id=?
Hibernate: select commentlis0_.board_id as board_id5_7_0_, commentlis0_.comment_id as comment_1_7_0_, commentlis0_.comment_id as comment_1_7_1_, commentlis0_.board_id as board_id5_7_1_, commentlis0_.comment_content as comment_2_7_1_, commentlis0_.comment_created_at as comment_3_7_1_, commentlis0_.comment_last_modified_at as comment_4_7_1_, commentlis0_.user_id as user_id6_7_1_ from comment commentlis0_ where commentlis0_.board_id=?
Hibernate: select boardlist0_.category_id as category7_4_0_, boardlist0_.board_id as board_id1_4_0_, boardlist0_.board_id as board_id1_4_1_, boardlist0_.category_id as category7_4_1_, boardlist0_.board_content as board_co2_4_1_, boardlist0_.board_created_at as board_cr3_4_1_, boardlist0_.board_last_modified_at as board_la4_4_1_, boardlist0_.board_title as board_ti5_4_1_, boardlist0_.user_id as user_id8_4_1_, boardlist0_.board_views as board_vi6_4_1_ from board boardlist0_ where boardlist0_.category_id=?
Hibernate: select count(comment0_.comment_id) as col_0_0_ from comment comment0_ where comment0_.board_id=?
Hibernate: select count(*) as col_0_0_ from board board0_
Hibernate: select imagepathl0_.board_board_id as board_bo1_11_0_, imagepathl0_.board_image_path_list as board_im2_11_0_ from image_path_list imagepathl0_ where imagepathl0_.board_board_id=?
Hibernate: select filename0_.filename_id as filename1_9_, filename0_.filename_origin as filename2_9_, filename0_.filename_uuid as filename3_9_ from filename filename0_ where filename0_.filename_uuid=?
Hibernate: select filepathli0_.board_board_id as board_bo1_8_0_, filepathli0_.board_file_path_list as board_fi2_8_0_ from file_path_list filepathli0_ where filepathli0_.board_board_id=?
Hibernate: select filename0_.filename_id as filename1_9_, filename0_.filename_origin as filename2_9_, filename0_.filename_uuid as filename3_9_ from filename filename0_ where filename0_.filename_uuid=?
Hibernate: select user0_.user_id as user_id1_21_0_, user0_.character_id as characte7_21_0_, user0_.user_created_at as user_cre2_21_0_, user0_.user_name as user_nam3_21_0_, user0_.user_phone_number as user_pho4_21_0_, user0_.user_user_id as user_use5_21_0_, user0_.user_user_password as user_use6_21_0_ from user user0_ where user0_.user_id=?
Hibernate: select character0_.character_id as characte1_6_0_, character0_.character_character_name as characte2_6_0_ from characters character0_ where character0_.character_id=?
Hibernate: select category0_.category_id as category1_5_, category0_.category_name as category2_5_ from category category0_
Hibernate: select boardlist0_.category_id as category7_4_0_, boardlist0_.board_id as board_id1_4_0_, boardlist0_.board_id as board_id1_4_1_, boardlist0_.category_id as category7_4_1_, boardlist0_.board_content as board_co2_4_1_, boardlist0_.board_created_at as board_cr3_4_1_, boardlist0_.board_last_modified_at as board_la4_4_1_, boardlist0_.board_title as board_ti5_4_1_, boardlist0_.user_id as user_id8_4_1_, boardlist0_.board_views as board_vi6_4_1_ from board boardlist0_ where boardlist0_.category_id=?
Hibernate: select boardlist0_.category_id as category7_4_0_, boardlist0_.board_id as board_id1_4_0_, boardlist0_.board_id as board_id1_4_1_, boardlist0_.category_id as category7_4_1_, boardlist0_.board_content as board_co2_4_1_, boardlist0_.board_created_at as board_cr3_4_1_, boardlist0_.board_last_modified_at as board_la4_4_1_, boardlist0_.board_title as board_ti5_4_1_, boardlist0_.user_id as user_id8_4_1_, boardlist0_.board_views as board_vi6_4_1_ from board boardlist0_ where boardlist0_.category_id=?
Hibernate: select boardlist0_.category_id as category7_4_0_, boardlist0_.board_id as board_id1_4_0_, boardlist0_.board_id as board_id1_4_1_, boardlist0_.category_id as category7_4_1_, boardlist0_.board_content as board_co2_4_1_, boardlist0_.board_created_at as board_cr3_4_1_, boardlist0_.board_last_modified_at as board_la4_4_1_, boardlist0_.board_title as board_ti5_4_1_, boardlist0_.user_id as user_id8_4_1_, boardlist0_.board_views as board_vi6_4_1_ from board boardlist0_ where boardlist0_.category_id=?
Hibernate: select U.* from USER U join BOARD B where U.USER_ID = B.USER_ID and B.BOARD_ID = ?
Hibernate: select character0_.character_id as characte1_6_0_, character0_.character_character_name as characte2_6_0_ from characters character0_ where character0_.character_id=?
Hibernate: select count(*) as col_0_0_ from user user0_ where user0_.user_id=?
Hibernate: select character1_.character_id as characte1_6_, character1_.character_character_name as characte2_6_ from user user0_ inner join characters character1_ on user0_.character_id=character1_.character_id where user0_.user_id=?
Hibernate: select permission0_.character_id as characte6_12_0_, permission0_.permission_id as permissi1_12_0_, permission0_.permission_id as permissi1_12_1_, permission0_.character_id as characte6_12_1_, permission0_.permission_name as permissi2_12_1_, permission0_.permission_permission_unit_id as permissi3_12_1_, permission0_.permission_service as permissi4_12_1_, permission0_.permission_status as permissi5_12_1_ from permission permission0_ where permission0_.character_id=?
Hibernate: select count(*) as col_0_0_ from board board0_ where board0_.board_id=?
Hibernate: select count(*) as col_0_0_ from category category0_ where category0_.category_id=?
Hibernate: select board0_.board_id as board_id1_4_0_, board0_.category_id as category7_4_0_, board0_.board_content as board_co2_4_0_, board0_.board_created_at as board_cr3_4_0_, board0_.board_last_modified_at as board_la4_4_0_, board0_.board_title as board_ti5_4_0_, board0_.user_id as user_id8_4_0_, board0_.board_views as board_vi6_4_0_ from board board0_ where board0_.board_id=?
Hibernate: select category0_.category_id as category1_5_0_, category0_.category_name as category2_5_0_ from category category0_ where category0_.category_id=?
Hibernate: select reactionli0_.board_id as board_id3_13_0_, reactionli0_.reaction_id as reaction1_13_0_, reactionli0_.reaction_id as reaction1_13_1_, reactionli0_.board_id as board_id3_13_1_, reactionli0_.reaction_type as reaction2_13_1_ from reaction reactionli0_ where reactionli0_.board_id=?
Hibernate: select reactionus0_.reaction_id as reaction2_14_0_, reactionus0_.reaction_user_id as reaction1_14_0_, reactionus0_.reaction_user_id as reaction1_14_1_, reactionus0_.reaction_id as reaction2_14_1_, reactionus0_.user_id as user_id3_14_1_ from reaction_user reactionus0_ where reactionus0_.reaction_id=?
Hibernate: select reactionus0_.reaction_id as reaction2_14_0_, reactionus0_.reaction_user_id as reaction1_14_0_, reactionus0_.reaction_user_id as reaction1_14_1_, reactionus0_.reaction_id as reaction2_14_1_, reactionus0_.user_id as user_id3_14_1_ from reaction_user reactionus0_ where reactionus0_.reaction_id=?
Hibernate: select reactionus0_.reaction_id as reaction2_14_0_, reactionus0_.reaction_user_id as reaction1_14_0_, reactionus0_.reaction_user_id as reaction1_14_1_, reactionus0_.reaction_id as reaction2_14_1_, reactionus0_.user_id as user_id3_14_1_ from reaction_user reactionus0_ where reactionus0_.reaction_id=?
Hibernate: select reactionus0_.reaction_id as reaction2_14_0_, reactionus0_.reaction_user_id as reaction1_14_0_, reactionus0_.reaction_user_id as reaction1_14_1_, reactionus0_.reaction_id as reaction2_14_1_, reactionus0_.user_id as user_id3_14_1_ from reaction_user reactionus0_ where reactionus0_.reaction_id=?
Hibernate: select reactionus0_.reaction_id as reaction2_14_0_, reactionus0_.reaction_user_id as reaction1_14_0_, reactionus0_.reaction_user_id as reaction1_14_1_, reactionus0_.reaction_id as reaction2_14_1_, reactionus0_.user_id as user_id3_14_1_ from reaction_user reactionus0_ where reactionus0_.reaction_id=?
Hibernate: select reactionus0_.reaction_id as reaction2_14_0_, reactionus0_.reaction_user_id as reaction1_14_0_, reactionus0_.reaction_user_id as reaction1_14_1_, reactionus0_.reaction_id as reaction2_14_1_, reactionus0_.user_id as user_id3_14_1_ from reaction_user reactionus0_ where reactionus0_.reaction_id=?
Hibernate: select commentlis0_.board_id as board_id5_7_0_, commentlis0_.comment_id as comment_1_7_0_, commentlis0_.comment_id as comment_1_7_1_, commentlis0_.board_id as board_id5_7_1_, commentlis0_.comment_content as comment_2_7_1_, commentlis0_.comment_created_at as comment_3_7_1_, commentlis0_.comment_last_modified_at as comment_4_7_1_, commentlis0_.user_id as user_id6_7_1_ from comment commentlis0_ where commentlis0_.board_id=?
Hibernate: update board set category_id=?, board_content=?, board_created_at=?, board_last_modified_at=?, board_title=?, user_id=?, board_views=? where board_id=?
Hibernate: select filename0_.filename_id as filename1_9_, filename0_.filename_origin as filename2_9_, filename0_.filename_uuid as filename3_9_ from filename filename0_ where filename0_.filename_uuid=?
Hibernate: delete from filename where filename_id=?
Hibernate: select filepathli0_.board_board_id as board_bo1_8_0_, filepathli0_.board_file_path_list as board_fi2_8_0_ from file_path_list filepathli0_ where filepathli0_.board_board_id=?
Hibernate: select imagepathl0_.board_board_id as board_bo1_11_0_, imagepathl0_.board_image_path_list as board_im2_11_0_ from image_path_list imagepathl0_ where imagepathl0_.board_board_id=?
Hibernate: delete from file_path_list where board_board_id=?
Hibernate: select user0_.user_id as col_0_0_ from user user0_ where user0_.user_user_id=? limit ?
Hibernate: select user0_.user_id as col_0_0_ from user user0_ where user0_.user_user_id=? limit ?
Hibernate: select U.* from USER U where U.USER_USER_ID =?
Hibernate: select character0_.character_id as characte1_6_0_, character0_.character_character_name as characte2_6_0_ from characters character0_ where character0_.character_id=?
Hibernate: select user0_.user_id as user_id1_21_0_, user0_.character_id as characte7_21_0_, user0_.user_created_at as user_cre2_21_0_, user0_.user_name as user_nam3_21_0_, user0_.user_phone_number as user_pho4_21_0_, user0_.user_user_id as user_use5_21_0_, user0_.user_user_password as user_use6_21_0_ from user user0_ where user0_.user_id=?
Hibernate: select character0_.character_id as characte1_6_0_, character0_.character_character_name as characte2_6_0_ from characters character0_ where character0_.character_id=?
Hibernate: select count(*) as col_0_0_ from board board0_
Hibernate: select board0_.board_id as board_id1_4_, board0_.category_id as category7_4_, board0_.board_content as board_co2_4_, board0_.board_created_at as board_cr3_4_, board0_.board_last_modified_at as board_la4_4_, board0_.board_title as board_ti5_4_, board0_.user_id as user_id8_4_, board0_.board_views as board_vi6_4_ from board board0_ limit ?
Hibernate: select category0_.category_id as category1_5_0_, category0_.category_name as category2_5_0_ from category category0_ where category0_.category_id=?
Hibernate: select reactionli0_.board_id as board_id3_13_0_, reactionli0_.reaction_id as reaction1_13_0_, reactionli0_.reaction_id as reaction1_13_1_, reactionli0_.board_id as board_id3_13_1_, reactionli0_.reaction_type as reaction2_13_1_ from reaction reactionli0_ where reactionli0_.board_id=?
Hibernate: select reactionus0_.reaction_id as reaction2_14_0_, reactionus0_.reaction_user_id as reaction1_14_0_, reactionus0_.reaction_user_id as reaction1_14_1_, reactionus0_.reaction_id as reaction2_14_1_, reactionus0_.user_id as user_id3_14_1_ from reaction_user reactionus0_ where reactionus0_.reaction_id=?
Hibernate: select reactionus0_.reaction_id as reaction2_14_0_, reactionus0_.reaction_user_id as reaction1_14_0_, reactionus0_.reaction_user_id as reaction1_14_1_, reactionus0_.reaction_id as reaction2_14_1_, reactionus0_.user_id as user_id3_14_1_ from reaction_user reactionus0_ where reactionus0_.reaction_id=?
Hibernate: select reactionus0_.reaction_id as reaction2_14_0_, reactionus0_.reaction_user_id as reaction1_14_0_, reactionus0_.reaction_user_id as reaction1_14_1_, reactionus0_.reaction_id as reaction2_14_1_, reactionus0_.user_id as user_id3_14_1_ from reaction_user reactionus0_ where reactionus0_.reaction_id=?
Hibernate: select reactionus0_.reaction_id as reaction2_14_0_, reactionus0_.reaction_user_id as reaction1_14_0_, reactionus0_.reaction_user_id as reaction1_14_1_, reactionus0_.reaction_id as reaction2_14_1_, reactionus0_.user_id as user_id3_14_1_ from reaction_user reactionus0_ where reactionus0_.reaction_id=?
Hibernate: select reactionus0_.reaction_id as reaction2_14_0_, reactionus0_.reaction_user_id as reaction1_14_0_, reactionus0_.reaction_user_id as reaction1_14_1_, reactionus0_.reaction_id as reaction2_14_1_, reactionus0_.user_id as user_id3_14_1_ from reaction_user reactionus0_ where reactionus0_.reaction_id=?
Hibernate: select reactionus0_.reaction_id as reaction2_14_0_, reactionus0_.reaction_user_id as reaction1_14_0_, reactionus0_.reaction_user_id as reaction1_14_1_, reactionus0_.reaction_id as reaction2_14_1_, reactionus0_.user_id as user_id3_14_1_ from reaction_user reactionus0_ where reactionus0_.reaction_id=?
Hibernate: select commentlis0_.board_id as board_id5_7_0_, commentlis0_.comment_id as comment_1_7_0_, commentlis0_.comment_id as comment_1_7_1_, commentlis0_.board_id as board_id5_7_1_, commentlis0_.comment_content as comment_2_7_1_, commentlis0_.comment_created_at as comment_3_7_1_, commentlis0_.comment_last_modified_at as comment_4_7_1_, commentlis0_.user_id as user_id6_7_1_ from comment commentlis0_ where commentlis0_.board_id=?
Hibernate: select boardlist0_.category_id as category7_4_0_, boardlist0_.board_id as board_id1_4_0_, boardlist0_.board_id as board_id1_4_1_, boardlist0_.category_id as category7_4_1_, boardlist0_.board_content as board_co2_4_1_, boardlist0_.board_created_at as board_cr3_4_1_, boardlist0_.board_last_modified_at as board_la4_4_1_, boardlist0_.board_title as board_ti5_4_1_, boardlist0_.user_id as user_id8_4_1_, boardlist0_.board_views as board_vi6_4_1_ from board boardlist0_ where boardlist0_.category_id=?
Hibernate: select count(comment0_.comment_id) as col_0_0_ from comment comment0_ where comment0_.board_id=?
Hibernate: select count(*) as col_0_0_ from board board0_
Hibernate: select imagepathl0_.board_board_id as board_bo1_11_0_, imagepathl0_.board_image_path_list as board_im2_11_0_ from image_path_list imagepathl0_ where imagepathl0_.board_board_id=?
Hibernate: select filename0_.filename_id as filename1_9_, filename0_.filename_origin as filename2_9_, filename0_.filename_uuid as filename3_9_ from filename filename0_ where filename0_.filename_uuid=?
Hibernate: select filepathli0_.board_board_id as board_bo1_8_0_, filepathli0_.board_file_path_list as board_fi2_8_0_ from file_path_list filepathli0_ where filepathli0_.board_board_id=?
Hibernate: select U.* from USER U join BOARD B where U.USER_ID = B.USER_ID and B.BOARD_ID = ?
Hibernate: select character0_.character_id as characte1_6_0_, character0_.character_character_name as characte2_6_0_ from characters character0_ where character0_.character_id=?
Hibernate: select count(*) as col_0_0_ from user user0_ where user0_.user_id=?
Hibernate: select character1_.character_id as characte1_6_, character1_.character_character_name as characte2_6_ from user user0_ inner join characters character1_ on user0_.character_id=character1_.character_id where user0_.user_id=?
Hibernate: select permission0_.character_id as characte6_12_0_, permission0_.permission_id as permissi1_12_0_, permission0_.permission_id as permissi1_12_1_, permission0_.character_id as characte6_12_1_, permission0_.permission_name as permissi2_12_1_, permission0_.permission_permission_unit_id as permissi3_12_1_, permission0_.permission_service as permissi4_12_1_, permission0_.permission_status as permissi5_12_1_ from permission permission0_ where permission0_.character_id=?
Hibernate: select count(*) as col_0_0_ from board board0_ where board0_.board_id=?
Hibernate: select board0_.board_id as board_id1_4_0_, board0_.category_id as category7_4_0_, board0_.board_content as board_co2_4_0_, board0_.board_created_at as board_cr3_4_0_, board0_.board_last_modified_at as board_la4_4_0_, board0_.board_title as board_ti5_4_0_, board0_.user_id as user_id8_4_0_, board0_.board_views as board_vi6_4_0_ from board board0_ where board0_.board_id=?
Hibernate: select category0_.category_id as category1_5_0_, category0_.category_name as category2_5_0_ from category category0_ where category0_.category_id=?
Hibernate: select reactionli0_.board_id as board_id3_13_0_, reactionli0_.reaction_id as reaction1_13_0_, reactionli0_.reaction_id as reaction1_13_1_, reactionli0_.board_id as board_id3_13_1_, reactionli0_.reaction_type as reaction2_13_1_ from reaction reactionli0_ where reactionli0_.board_id=?
Hibernate: select reactionus0_.reaction_id as reaction2_14_0_, reactionus0_.reaction_user_id as reaction1_14_0_, reactionus0_.reaction_user_id as reaction1_14_1_, reactionus0_.reaction_id as reaction2_14_1_, reactionus0_.user_id as user_id3_14_1_ from reaction_user reactionus0_ where reactionus0_.reaction_id=?
Hibernate: select reactionus0_.reaction_id as reaction2_14_0_, reactionus0_.reaction_user_id as reaction1_14_0_, reactionus0_.reaction_user_id as reaction1_14_1_, reactionus0_.reaction_id as reaction2_14_1_, reactionus0_.user_id as user_id3_14_1_ from reaction_user reactionus0_ where reactionus0_.reaction_id=?
Hibernate: select reactionus0_.reaction_id as reaction2_14_0_, reactionus0_.reaction_user_id as reaction1_14_0_, reactionus0_.reaction_user_id as reaction1_14_1_, reactionus0_.reaction_id as reaction2_14_1_, reactionus0_.user_id as user_id3_14_1_ from reaction_user reactionus0_ where reactionus0_.reaction_id=?
Hibernate: select reactionus0_.reaction_id as reaction2_14_0_, reactionus0_.reaction_user_id as reaction1_14_0_, reactionus0_.reaction_user_id as reaction1_14_1_, reactionus0_.reaction_id as reaction2_14_1_, reactionus0_.user_id as user_id3_14_1_ from reaction_user reactionus0_ where reactionus0_.reaction_id=?
Hibernate: select reactionus0_.reaction_id as reaction2_14_0_, reactionus0_.reaction_user_id as reaction1_14_0_, reactionus0_.reaction_user_id as reaction1_14_1_, reactionus0_.reaction_id as reaction2_14_1_, reactionus0_.user_id as user_id3_14_1_ from reaction_user reactionus0_ where reactionus0_.reaction_id=?
Hibernate: select reactionus0_.reaction_id as reaction2_14_0_, reactionus0_.reaction_user_id as reaction1_14_0_, reactionus0_.reaction_user_id as reaction1_14_1_, reactionus0_.reaction_id as reaction2_14_1_, reactionus0_.user_id as user_id3_14_1_ from reaction_user reactionus0_ where reactionus0_.reaction_id=?
Hibernate: select commentlis0_.board_id as board_id5_7_0_, commentlis0_.comment_id as comment_1_7_0_, commentlis0_.comment_id as comment_1_7_1_, commentlis0_.board_id as board_id5_7_1_, commentlis0_.comment_content as comment_2_7_1_, commentlis0_.comment_created_at as comment_3_7_1_, commentlis0_.comment_last_modified_at as comment_4_7_1_, commentlis0_.user_id as user_id6_7_1_ from comment commentlis0_ where commentlis0_.board_id=?
Hibernate: select boardlist0_.category_id as category7_4_0_, boardlist0_.board_id as board_id1_4_0_, boardlist0_.board_id as board_id1_4_1_, boardlist0_.category_id as category7_4_1_, boardlist0_.board_content as board_co2_4_1_, boardlist0_.board_created_at as board_cr3_4_1_, boardlist0_.board_last_modified_at as board_la4_4_1_, boardlist0_.board_title as board_ti5_4_1_, boardlist0_.user_id as user_id8_4_1_, boardlist0_.board_views as board_vi6_4_1_ from board boardlist0_ where boardlist0_.category_id=?
Hibernate: select count(comment0_.comment_id) as col_0_0_ from comment comment0_ where comment0_.board_id=?
Hibernate: update board set category_id=?, board_content=?, board_created_at=?, board_last_modified_at=?, board_title=?, user_id=?, board_views=? where board_id=?
Hibernate: select filepathli0_.board_board_id as board_bo1_8_0_, filepathli0_.board_file_path_list as board_fi2_8_0_ from file_path_list filepathli0_ where filepathli0_.board_board_id=?
Hibernate: select imagepathl0_.board_board_id as board_bo1_11_0_, imagepathl0_.board_image_path_list as board_im2_11_0_ from image_path_list imagepathl0_ where imagepathl0_.board_board_id=?
Hibernate: select filename0_.filename_id as filename1_9_, filename0_.filename_origin as filename2_9_, filename0_.filename_uuid as filename3_9_ from filename filename0_ where filename0_.filename_uuid=?
Hibernate: delete from filename where filename_id=?
Hibernate: select count(*) as col_0_0_ from board board0_ where board0_.board_id=?
Hibernate: delete from image_path_list where board_board_id=?
Hibernate: delete from reaction where reaction_id=?
Hibernate: delete from reaction where reaction_id=?
Hibernate: delete from reaction where reaction_id=?
Hibernate: delete from reaction where reaction_id=?
Hibernate: delete from reaction where reaction_id=?
Hibernate: delete from reaction where reaction_id=?
Hibernate: delete from board where board_id=?
Hibernate: select user0_.user_id as user_id1_21_0_, user0_.character_id as characte7_21_0_, user0_.user_created_at as user_cre2_21_0_, user0_.user_name as user_nam3_21_0_, user0_.user_phone_number as user_pho4_21_0_, user0_.user_user_id as user_use5_21_0_, user0_.user_user_password as user_use6_21_0_ from user user0_ where user0_.user_id=?
Hibernate: select character0_.character_id as characte1_6_0_, character0_.character_character_name as characte2_6_0_ from characters character0_ where character0_.character_id=?
Hibernate: select count(*) as col_0_0_ from user user0_ where user0_.user_id=?
Hibernate: select character1_.character_id as characte1_6_, character1_.character_character_name as characte2_6_ from user user0_ inner join characters character1_ on user0_.character_id=character1_.character_id where user0_.user_id=?
Hibernate: select permission0_.character_id as characte6_12_0_, permission0_.permission_id as permissi1_12_0_, permission0_.permission_id as permissi1_12_1_, permission0_.character_id as characte6_12_1_, permission0_.permission_name as permissi2_12_1_, permission0_.permission_permission_unit_id as permissi3_12_1_, permission0_.permission_service as permissi4_12_1_, permission0_.permission_status as permissi5_12_1_ from permission permission0_ where permission0_.character_id=?
Hibernate: select count(*) as col_0_0_ from board board0_ where board0_.board_id=?
Hibernate: select user0_.user_id as col_0_0_ from user user0_ where user0_.user_user_id=? limit ?
Hibernate: select user0_.user_id as col_0_0_ from user user0_ where user0_.user_user_id=? limit ?
Hibernate: select U.* from USER U where U.USER_USER_ID =?
Hibernate: select character0_.character_id as characte1_6_0_, character0_.character_character_name as characte2_6_0_ from characters character0_ where character0_.character_id=?
Hibernate: select user0_.user_id as user_id1_21_0_, user0_.character_id as characte7_21_0_, user0_.user_created_at as user_cre2_21_0_, user0_.user_name as user_nam3_21_0_, user0_.user_phone_number as user_pho4_21_0_, user0_.user_user_id as user_use5_21_0_, user0_.user_user_password as user_use6_21_0_ from user user0_ where user0_.user_id=?
Hibernate: select character0_.character_id as characte1_6_0_, character0_.character_character_name as characte2_6_0_ from characters character0_ where character0_.character_id=?
Hibernate: select category0_.category_id as category1_5_, category0_.category_name as category2_5_ from category category0_
Hibernate: select boardlist0_.category_id as category7_4_0_, boardlist0_.board_id as board_id1_4_0_, boardlist0_.board_id as board_id1_4_1_, boardlist0_.category_id as category7_4_1_, boardlist0_.board_content as board_co2_4_1_, boardlist0_.board_created_at as board_cr3_4_1_, boardlist0_.board_last_modified_at as board_la4_4_1_, boardlist0_.board_title as board_ti5_4_1_, boardlist0_.user_id as user_id8_4_1_, boardlist0_.board_views as board_vi6_4_1_ from board boardlist0_ where boardlist0_.category_id=?
Hibernate: select boardlist0_.category_id as category7_4_0_, boardlist0_.board_id as board_id1_4_0_, boardlist0_.board_id as board_id1_4_1_, boardlist0_.category_id as category7_4_1_, boardlist0_.board_content as board_co2_4_1_, boardlist0_.board_created_at as board_cr3_4_1_, boardlist0_.board_last_modified_at as board_la4_4_1_, boardlist0_.board_title as board_ti5_4_1_, boardlist0_.user_id as user_id8_4_1_, boardlist0_.board_views as board_vi6_4_1_ from board boardlist0_ where boardlist0_.category_id=?
Hibernate: select boardlist0_.category_id as category7_4_0_, boardlist0_.board_id as board_id1_4_0_, boardlist0_.board_id as board_id1_4_1_, boardlist0_.category_id as category7_4_1_, boardlist0_.board_content as board_co2_4_1_, boardlist0_.board_created_at as board_cr3_4_1_, boardlist0_.board_last_modified_at as board_la4_4_1_, boardlist0_.board_title as board_ti5_4_1_, boardlist0_.user_id as user_id8_4_1_, boardlist0_.board_views as board_vi6_4_1_ from board boardlist0_ where boardlist0_.category_id=?
Hibernate: select user0_.user_id as user_id1_21_0_, user0_.character_id as characte7_21_0_, user0_.user_created_at as user_cre2_21_0_, user0_.user_name as user_nam3_21_0_, user0_.user_phone_number as user_pho4_21_0_, user0_.user_user_id as user_use5_21_0_, user0_.user_user_password as user_use6_21_0_ from user user0_ where user0_.user_id=?
Hibernate: select character0_.character_id as characte1_6_0_, character0_.character_character_name as characte2_6_0_ from characters character0_ where character0_.character_id=?
Hibernate: select count(*) as col_0_0_ from user user0_ where user0_.user_id=?
Hibernate: select character1_.character_id as characte1_6_, character1_.character_character_name as characte2_6_ from user user0_ inner join characters character1_ on user0_.character_id=character1_.character_id where user0_.user_id=?
Hibernate: select permission0_.character_id as characte6_12_0_, permission0_.permission_id as permissi1_12_0_, permission0_.permission_id as permissi1_12_1_, permission0_.character_id as characte6_12_1_, permission0_.permission_name as permissi2_12_1_, permission0_.permission_permission_unit_id as permissi3_12_1_, permission0_.permission_service as permissi4_12_1_, permission0_.permission_status as permissi5_12_1_ from permission permission0_ where permission0_.character_id=?
Hibernate: select count(*) as col_0_0_ from category category0_ where category0_.category_id=?
Hibernate: select count(board0_.board_id) as col_0_0_ from board board0_ where board0_.category_id=?
Hibernate: select category0_.category_id as category1_5_0_, category0_.category_name as category2_5_0_ from category category0_ where category0_.category_id=?
Hibernate: select boardlist0_.category_id as category7_4_0_, boardlist0_.board_id as board_id1_4_0_, boardlist0_.board_id as board_id1_4_1_, boardlist0_.category_id as category7_4_1_, boardlist0_.board_content as board_co2_4_1_, boardlist0_.board_created_at as board_cr3_4_1_, boardlist0_.board_last_modified_at as board_la4_4_1_, boardlist0_.board_title as board_ti5_4_1_, boardlist0_.user_id as user_id8_4_1_, boardlist0_.board_views as board_vi6_4_1_ from board boardlist0_ where boardlist0_.category_id=?
Hibernate: delete from category where category_id=?
Hibernate: select user0_.user_id as user_id1_21_0_, user0_.character_id as characte7_21_0_, user0_.user_created_at as user_cre2_21_0_, user0_.user_name as user_nam3_21_0_, user0_.user_phone_number as user_pho4_21_0_, user0_.user_user_id as user_use5_21_0_, user0_.user_user_password as user_use6_21_0_ from user user0_ where user0_.user_id=?
Hibernate: select character0_.character_id as characte1_6_0_, character0_.character_character_name as characte2_6_0_ from characters character0_ where character0_.character_id=?
Hibernate: select count(*) as col_0_0_ from user user0_ where user0_.user_id=?
Hibernate: select character1_.character_id as characte1_6_, character1_.character_character_name as characte2_6_ from user user0_ inner join characters character1_ on user0_.character_id=character1_.character_id where user0_.user_id=?
Hibernate: select permission0_.character_id as characte6_12_0_, permission0_.permission_id as permissi1_12_0_, permission0_.permission_id as permissi1_12_1_, permission0_.character_id as characte6_12_1_, permission0_.permission_name as permissi2_12_1_, permission0_.permission_permission_unit_id as permissi3_12_1_, permission0_.permission_service as permissi4_12_1_, permission0_.permission_status as permissi5_12_1_ from permission permission0_ where permission0_.character_id=?
Hibernate: select count(*) as col_0_0_ from category category0_ where category0_.category_id=?
Hibernate: select count(board0_.board_id) as col_0_0_ from board board0_ where board0_.category_id=?
Hibernate: select category0_.category_id as category1_5_0_, category0_.category_name as category2_5_0_ from category category0_ where category0_.category_id=?
Hibernate: select boardlist0_.category_id as category7_4_0_, boardlist0_.board_id as board_id1_4_0_, boardlist0_.board_id as board_id1_4_1_, boardlist0_.category_id as category7_4_1_, boardlist0_.board_content as board_co2_4_1_, boardlist0_.board_created_at as board_cr3_4_1_, boardlist0_.board_last_modified_at as board_la4_4_1_, boardlist0_.board_title as board_ti5_4_1_, boardlist0_.user_id as user_id8_4_1_, boardlist0_.board_views as board_vi6_4_1_ from board boardlist0_ where boardlist0_.category_id=?
Hibernate: delete from category where category_id=?
Hibernate: select user0_.user_id as user_id1_21_0_, user0_.character_id as characte7_21_0_, user0_.user_created_at as user_cre2_21_0_, user0_.user_name as user_nam3_21_0_, user0_.user_phone_number as user_pho4_21_0_, user0_.user_user_id as user_use5_21_0_, user0_.user_user_password as user_use6_21_0_ from user user0_ where user0_.user_id=?
Hibernate: select character0_.character_id as characte1_6_0_, character0_.character_character_name as characte2_6_0_ from characters character0_ where character0_.character_id=?
Hibernate: select count(*) as col_0_0_ from user user0_ where user0_.user_id=?
Hibernate: select character1_.character_id as characte1_6_, character1_.character_character_name as characte2_6_ from user user0_ inner join characters character1_ on user0_.character_id=character1_.character_id where user0_.user_id=?
Hibernate: select permission0_.character_id as characte6_12_0_, permission0_.permission_id as permissi1_12_0_, permission0_.permission_id as permissi1_12_1_, permission0_.character_id as characte6_12_1_, permission0_.permission_name as permissi2_12_1_, permission0_.permission_permission_unit_id as permissi3_12_1_, permission0_.permission_service as permissi4_12_1_, permission0_.permission_status as permissi5_12_1_ from permission permission0_ where permission0_.character_id=?
Hibernate: select count(*) as col_0_0_ from category category0_ where category0_.category_id=?
Hibernate: select count(board0_.board_id) as col_0_0_ from board board0_ where board0_.category_id=?
Hibernate: select category0_.category_id as category1_5_0_, category0_.category_name as category2_5_0_ from category category0_ where category0_.category_id=?
Hibernate: select boardlist0_.category_id as category7_4_0_, boardlist0_.board_id as board_id1_4_0_, boardlist0_.board_id as board_id1_4_1_, boardlist0_.category_id as category7_4_1_, boardlist0_.board_content as board_co2_4_1_, boardlist0_.board_created_at as board_cr3_4_1_, boardlist0_.board_last_modified_at as board_la4_4_1_, boardlist0_.board_title as board_ti5_4_1_, boardlist0_.user_id as user_id8_4_1_, boardlist0_.board_views as board_vi6_4_1_ from board boardlist0_ where boardlist0_.category_id=?
Hibernate: delete from category where category_id=?
Hibernate: select user0_.user_id as user_id1_21_0_, user0_.character_id as characte7_21_0_, user0_.user_created_at as user_cre2_21_0_, user0_.user_name as user_nam3_21_0_, user0_.user_phone_number as user_pho4_21_0_, user0_.user_user_id as user_use5_21_0_, user0_.user_user_password as user_use6_21_0_ from user user0_ where user0_.user_id=?
Hibernate: select character0_.character_id as characte1_6_0_, character0_.character_character_name as characte2_6_0_ from characters character0_ where character0_.character_id=?
Hibernate: select count(*) as col_0_0_ from user user0_ where user0_.user_id=?
Hibernate: select character1_.character_id as characte1_6_, character1_.character_character_name as characte2_6_ from user user0_ inner join characters character1_ on user0_.character_id=character1_.character_id where user0_.user_id=?
Hibernate: select permission0_.character_id as characte6_12_0_, permission0_.permission_id as permissi1_12_0_, permission0_.permission_id as permissi1_12_1_, permission0_.character_id as characte6_12_1_, permission0_.permission_name as permissi2_12_1_, permission0_.permission_permission_unit_id as permissi3_12_1_, permission0_.permission_service as permissi4_12_1_, permission0_.permission_status as permissi5_12_1_ from permission permission0_ where permission0_.character_id=?
Hibernate: select category0_.category_id as col_0_0_ from category category0_ where category0_.category_name=? limit ?
Hibernate: select category0_.category_id as category1_5_1_, category0_.category_name as category2_5_1_, boardlist1_.category_id as category7_4_3_, boardlist1_.board_id as board_id1_4_3_, boardlist1_.board_id as board_id1_4_0_, boardlist1_.category_id as category7_4_0_, boardlist1_.board_content as board_co2_4_0_, boardlist1_.board_created_at as board_cr3_4_0_, boardlist1_.board_last_modified_at as board_la4_4_0_, boardlist1_.board_title as board_ti5_4_0_, boardlist1_.user_id as user_id8_4_0_, boardlist1_.board_views as board_vi6_4_0_ from category category0_ left outer join board boardlist1_ on category0_.category_id=boardlist1_.category_id where category0_.category_id=?
Hibernate: insert into category (category_id, category_name) values (default, ?)
Hibernate: select user0_.user_id as user_id1_21_0_, user0_.character_id as characte7_21_0_, user0_.user_created_at as user_cre2_21_0_, user0_.user_name as user_nam3_21_0_, user0_.user_phone_number as user_pho4_21_0_, user0_.user_user_id as user_use5_21_0_, user0_.user_user_password as user_use6_21_0_ from user user0_ where user0_.user_id=?
Hibernate: select character0_.character_id as characte1_6_0_, character0_.character_character_name as characte2_6_0_ from characters character0_ where character0_.character_id=?
Hibernate: select count(*) as col_0_0_ from user user0_ where user0_.user_id=?
Hibernate: select character1_.character_id as characte1_6_, character1_.character_character_name as characte2_6_ from user user0_ inner join characters character1_ on user0_.character_id=character1_.character_id where user0_.user_id=?
Hibernate: select permission0_.character_id as characte6_12_0_, permission0_.permission_id as permissi1_12_0_, permission0_.permission_id as permissi1_12_1_, permission0_.character_id as characte6_12_1_, permission0_.permission_name as permissi2_12_1_, permission0_.permission_permission_unit_id as permissi3_12_1_, permission0_.permission_service as permissi4_12_1_, permission0_.permission_status as permissi5_12_1_ from permission permission0_ where permission0_.character_id=?
Hibernate: select category0_.category_id as col_0_0_ from category category0_ where category0_.category_name=? limit ?
Hibernate: select category0_.category_id as category1_5_1_, category0_.category_name as category2_5_1_, boardlist1_.category_id as category7_4_3_, boardlist1_.board_id as board_id1_4_3_, boardlist1_.board_id as board_id1_4_0_, boardlist1_.category_id as category7_4_0_, boardlist1_.board_content as board_co2_4_0_, boardlist1_.board_created_at as board_cr3_4_0_, boardlist1_.board_last_modified_at as board_la4_4_0_, boardlist1_.board_title as board_ti5_4_0_, boardlist1_.user_id as user_id8_4_0_, boardlist1_.board_views as board_vi6_4_0_ from category category0_ left outer join board boardlist1_ on category0_.category_id=boardlist1_.category_id where category0_.category_id=?
Hibernate: insert into category (category_id, category_name) values (default, ?)
Hibernate: select user0_.user_id as col_0_0_ from user user0_ where user0_.user_user_id=? limit ?
Hibernate: select user0_.user_id as col_0_0_ from user user0_ where user0_.user_user_id=? limit ?
Hibernate: select U.* from USER U where U.USER_USER_ID =?
Hibernate: select character0_.character_id as characte1_6_0_, character0_.character_character_name as characte2_6_0_ from characters character0_ where character0_.character_id=?
Hibernate: select user0_.user_id as col_0_0_ from user user0_ where user0_.user_user_id=? limit ?
Hibernate: select user0_.user_id as col_0_0_ from user user0_ where user0_.user_user_id=? limit ?
Hibernate: select U.* from USER U where U.USER_USER_ID =?
Hibernate: select character0_.character_id as characte1_6_0_, character0_.character_character_name as characte2_6_0_ from characters character0_ where character0_.character_id=?
Hibernate: select user0_.user_id as user_id1_21_0_, user0_.character_id as characte7_21_0_, user0_.user_created_at as user_cre2_21_0_, user0_.user_name as user_nam3_21_0_, user0_.user_phone_number as user_pho4_21_0_, user0_.user_user_id as user_use5_21_0_, user0_.user_user_password as user_use6_21_0_ from user user0_ where user0_.user_id=?
Hibernate: select character0_.character_id as characte1_6_0_, character0_.character_character_name as characte2_6_0_ from characters character0_ where character0_.character_id=?
Hibernate: select count(*) as col_0_0_ from board board0_
Hibernate: select count(*) as col_0_0_ from board board0_
Hibernate: select user0_.user_id as col_0_0_ from user user0_ where user0_.user_user_id=? limit ?
Hibernate: select user0_.user_id as col_0_0_ from user user0_ where user0_.user_user_id=? limit ?
Hibernate: select U.* from USER U where U.USER_USER_ID =?
Hibernate: select character0_.character_id as characte1_6_0_, character0_.character_character_name as characte2_6_0_ from characters character0_ where character0_.character_id=?
Hibernate: select user0_.user_id as user_id1_21_0_, user0_.character_id as characte7_21_0_, user0_.user_created_at as user_cre2_21_0_, user0_.user_name as user_nam3_21_0_, user0_.user_phone_number as user_pho4_21_0_, user0_.user_user_id as user_use5_21_0_, user0_.user_user_password as user_use6_21_0_ from user user0_ where user0_.user_id=?
Hibernate: select character0_.character_id as characte1_6_0_, character0_.character_character_name as characte2_6_0_ from characters character0_ where character0_.character_id=?
Hibernate: select category0_.category_id as category1_5_, category0_.category_name as category2_5_ from category category0_
Hibernate: select boardlist0_.category_id as category7_4_0_, boardlist0_.board_id as board_id1_4_0_, boardlist0_.board_id as board_id1_4_1_, boardlist0_.category_id as category7_4_1_, boardlist0_.board_content as board_co2_4_1_, boardlist0_.board_created_at as board_cr3_4_1_, boardlist0_.board_last_modified_at as board_la4_4_1_, boardlist0_.board_title as board_ti5_4_1_, boardlist0_.user_id as user_id8_4_1_, boardlist0_.board_views as board_vi6_4_1_ from board boardlist0_ where boardlist0_.category_id=?
Hibernate: select boardlist0_.category_id as category7_4_0_, boardlist0_.board_id as board_id1_4_0_, boardlist0_.board_id as board_id1_4_1_, boardlist0_.category_id as category7_4_1_, boardlist0_.board_content as board_co2_4_1_, boardlist0_.board_created_at as board_cr3_4_1_, boardlist0_.board_last_modified_at as board_la4_4_1_, boardlist0_.board_title as board_ti5_4_1_, boardlist0_.user_id as user_id8_4_1_, boardlist0_.board_views as board_vi6_4_1_ from board boardlist0_ where boardlist0_.category_id=?
Hibernate: select user0_.user_id as user_id1_21_0_, user0_.character_id as characte7_21_0_, user0_.user_created_at as user_cre2_21_0_, user0_.user_name as user_nam3_21_0_, user0_.user_phone_number as user_pho4_21_0_, user0_.user_user_id as user_use5_21_0_, user0_.user_user_password as user_use6_21_0_ from user user0_ where user0_.user_id=?
Hibernate: select character0_.character_id as characte1_6_0_, character0_.character_character_name as characte2_6_0_ from characters character0_ where character0_.character_id=?
Hibernate: select count(*) as col_0_0_ from user user0_ where user0_.user_id=?
Hibernate: select character1_.character_id as characte1_6_, character1_.character_character_name as characte2_6_ from user user0_ inner join characters character1_ on user0_.character_id=character1_.character_id where user0_.user_id=?
Hibernate: select permission0_.character_id as characte6_12_0_, permission0_.permission_id as permissi1_12_0_, permission0_.permission_id as permissi1_12_1_, permission0_.character_id as characte6_12_1_, permission0_.permission_name as permissi2_12_1_, permission0_.permission_permission_unit_id as permissi3_12_1_, permission0_.permission_service as permissi4_12_1_, permission0_.permission_status as permissi5_12_1_ from permission permission0_ where permission0_.character_id=?
Hibernate: select count(*) as col_0_0_ from category category0_ where category0_.category_id=?
Hibernate: select count(board0_.board_id) as col_0_0_ from board board0_ where board0_.category_id=?
Hibernate: select category0_.category_id as category1_5_0_, category0_.category_name as category2_5_0_ from category category0_ where category0_.category_id=?
Hibernate: select boardlist0_.category_id as category7_4_0_, boardlist0_.board_id as board_id1_4_0_, boardlist0_.board_id as board_id1_4_1_, boardlist0_.category_id as category7_4_1_, boardlist0_.board_content as board_co2_4_1_, boardlist0_.board_created_at as board_cr3_4_1_, boardlist0_.board_last_modified_at as board_la4_4_1_, boardlist0_.board_title as board_ti5_4_1_, boardlist0_.user_id as user_id8_4_1_, boardlist0_.board_views as board_vi6_4_1_ from board boardlist0_ where boardlist0_.category_id=?
Hibernate: delete from category where category_id=?
Hibernate: select user0_.user_id as user_id1_21_0_, user0_.character_id as characte7_21_0_, user0_.user_created_at as user_cre2_21_0_, user0_.user_name as user_nam3_21_0_, user0_.user_phone_number as user_pho4_21_0_, user0_.user_user_id as user_use5_21_0_, user0_.user_user_password as user_use6_21_0_ from user user0_ where user0_.user_id=?
Hibernate: select character0_.character_id as characte1_6_0_, character0_.character_character_name as characte2_6_0_ from characters character0_ where character0_.character_id=?
Hibernate: select count(*) as col_0_0_ from user user0_ where user0_.user_id=?
Hibernate: select character1_.character_id as characte1_6_, character1_.character_character_name as characte2_6_ from user user0_ inner join characters character1_ on user0_.character_id=character1_.character_id where user0_.user_id=?
Hibernate: select permission0_.character_id as characte6_12_0_, permission0_.permission_id as permissi1_12_0_, permission0_.permission_id as permissi1_12_1_, permission0_.character_id as characte6_12_1_, permission0_.permission_name as permissi2_12_1_, permission0_.permission_permission_unit_id as permissi3_12_1_, permission0_.permission_service as permissi4_12_1_, permission0_.permission_status as permissi5_12_1_ from permission permission0_ where permission0_.character_id=?
Hibernate: select count(*) as col_0_0_ from category category0_ where category0_.category_id=?
Hibernate: select count(board0_.board_id) as col_0_0_ from board board0_ where board0_.category_id=?
Hibernate: select category0_.category_id as category1_5_0_, category0_.category_name as category2_5_0_ from category category0_ where category0_.category_id=?
Hibernate: select boardlist0_.category_id as category7_4_0_, boardlist0_.board_id as board_id1_4_0_, boardlist0_.board_id as board_id1_4_1_, boardlist0_.category_id as category7_4_1_, boardlist0_.board_content as board_co2_4_1_, boardlist0_.board_created_at as board_cr3_4_1_, boardlist0_.board_last_modified_at as board_la4_4_1_, boardlist0_.board_title as board_ti5_4_1_, boardlist0_.user_id as user_id8_4_1_, boardlist0_.board_views as board_vi6_4_1_ from board boardlist0_ where boardlist0_.category_id=?
Hibernate: delete from category where category_id=?
Hibernate: select user0_.user_id as user_id1_21_0_, user0_.character_id as characte7_21_0_, user0_.user_created_at as user_cre2_21_0_, user0_.user_name as user_nam3_21_0_, user0_.user_phone_number as user_pho4_21_0_, user0_.user_user_id as user_use5_21_0_, user0_.user_user_password as user_use6_21_0_ from user user0_ where user0_.user_id=?
Hibernate: select character0_.character_id as characte1_6_0_, character0_.character_character_name as characte2_6_0_ from characters character0_ where character0_.character_id=?
Hibernate: select count(*) as col_0_0_ from user user0_ where user0_.user_id=?
Hibernate: select character1_.character_id as characte1_6_, character1_.character_character_name as characte2_6_ from user user0_ inner join characters character1_ on user0_.character_id=character1_.character_id where user0_.user_id=?
Hibernate: select permission0_.character_id as characte6_12_0_, permission0_.permission_id as permissi1_12_0_, permission0_.permission_id as permissi1_12_1_, permission0_.character_id as characte6_12_1_, permission0_.permission_name as permissi2_12_1_, permission0_.permission_permission_unit_id as permissi3_12_1_, permission0_.permission_service as permissi4_12_1_, permission0_.permission_status as permissi5_12_1_ from permission permission0_ where permission0_.character_id=?
Hibernate: select category0_.category_id as col_0_0_ from category category0_ where category0_.category_name=? limit ?
Hibernate: select category0_.category_id as category1_5_1_, category0_.category_name as category2_5_1_, boardlist1_.category_id as category7_4_3_, boardlist1_.board_id as board_id1_4_3_, boardlist1_.board_id as board_id1_4_0_, boardlist1_.category_id as category7_4_0_, boardlist1_.board_content as board_co2_4_0_, boardlist1_.board_created_at as board_cr3_4_0_, boardlist1_.board_last_modified_at as board_la4_4_0_, boardlist1_.board_title as board_ti5_4_0_, boardlist1_.user_id as user_id8_4_0_, boardlist1_.board_views as board_vi6_4_0_ from category category0_ left outer join board boardlist1_ on category0_.category_id=boardlist1_.category_id where category0_.category_id=?
Hibernate: insert into category (category_id, category_name) values (default, ?)
Hibernate: select user0_.user_id as user_id1_21_0_, user0_.character_id as characte7_21_0_, user0_.user_created_at as user_cre2_21_0_, user0_.user_name as user_nam3_21_0_, user0_.user_phone_number as user_pho4_21_0_, user0_.user_user_id as user_use5_21_0_, user0_.user_user_password as user_use6_21_0_ from user user0_ where user0_.user_id=?
Hibernate: select character0_.character_id as characte1_6_0_, character0_.character_character_name as characte2_6_0_ from characters character0_ where character0_.character_id=?
Hibernate: select count(*) as col_0_0_ from user user0_ where user0_.user_id=?
Hibernate: select character1_.character_id as characte1_6_, character1_.character_character_name as characte2_6_ from user user0_ inner join characters character1_ on user0_.character_id=character1_.character_id where user0_.user_id=?
Hibernate: select permission0_.character_id as characte6_12_0_, permission0_.permission_id as permissi1_12_0_, permission0_.permission_id as permissi1_12_1_, permission0_.character_id as characte6_12_1_, permission0_.permission_name as permissi2_12_1_, permission0_.permission_permission_unit_id as permissi3_12_1_, permission0_.permission_service as permissi4_12_1_, permission0_.permission_status as permissi5_12_1_ from permission permission0_ where permission0_.character_id=?
Hibernate: select category0_.category_id as col_0_0_ from category category0_ where category0_.category_name=? limit ?
Hibernate: select category0_.category_id as category1_5_1_, category0_.category_name as category2_5_1_, boardlist1_.category_id as category7_4_3_, boardlist1_.board_id as board_id1_4_3_, boardlist1_.board_id as board_id1_4_0_, boardlist1_.category_id as category7_4_0_, boardlist1_.board_content as board_co2_4_0_, boardlist1_.board_created_at as board_cr3_4_0_, boardlist1_.board_last_modified_at as board_la4_4_0_, boardlist1_.board_title as board_ti5_4_0_, boardlist1_.user_id as user_id8_4_0_, boardlist1_.board_views as board_vi6_4_0_ from category category0_ left outer join board boardlist1_ on category0_.category_id=boardlist1_.category_id where category0_.category_id=?
Hibernate: insert into category (category_id, category_name) values (default, ?)
Hibernate: select user0_.user_id as col_0_0_ from user user0_ where user0_.user_user_id=? limit ?
Hibernate: select user0_.user_id as col_0_0_ from user user0_ where user0_.user_user_id=? limit ?
Hibernate: select U.* from USER U where U.USER_USER_ID =?
Hibernate: select character0_.character_id as characte1_6_0_, character0_.character_character_name as characte2_6_0_ from characters character0_ where character0_.character_id=?
Hibernate: select user0_.user_id as col_0_0_ from user user0_ where user0_.user_user_id=? limit ?
Hibernate: select user0_.user_id as col_0_0_ from user user0_ where user0_.user_user_id=? limit ?
Hibernate: select U.* from USER U where U.USER_USER_ID =?
Hibernate: select character0_.character_id as characte1_6_0_, character0_.character_character_name as characte2_6_0_ from characters character0_ where character0_.character_id=?
Hibernate: select user0_.user_id as user_id1_21_0_, user0_.character_id as characte7_21_0_, user0_.user_created_at as user_cre2_21_0_, user0_.user_name as user_nam3_21_0_, user0_.user_phone_number as user_pho4_21_0_, user0_.user_user_id as user_use5_21_0_, user0_.user_user_password as user_use6_21_0_ from user user0_ where user0_.user_id=?
Hibernate: select character0_.character_id as characte1_6_0_, character0_.character_character_name as characte2_6_0_ from characters character0_ where character0_.character_id=?
Hibernate: select count(*) as col_0_0_ from category category0_ where category0_.category_id=?
Hibernate: select user0_.user_id as col_0_0_ from user user0_ where user0_.user_user_id=? limit ?
Hibernate: select user0_.user_id as col_0_0_ from user user0_ where user0_.user_user_id=? limit ?
Hibernate: select U.* from USER U where U.USER_USER_ID =?
Hibernate: select character0_.character_id as characte1_6_0_, character0_.character_character_name as characte2_6_0_ from characters character0_ where character0_.character_id=?
Hibernate: select user0_.user_id as user_id1_21_0_, user0_.character_id as characte7_21_0_, user0_.user_created_at as user_cre2_21_0_, user0_.user_name as user_nam3_21_0_, user0_.user_phone_number as user_pho4_21_0_, user0_.user_user_id as user_use5_21_0_, user0_.user_user_password as user_use6_21_0_ from user user0_ where user0_.user_id=?
Hibernate: select character0_.character_id as characte1_6_0_, character0_.character_character_name as characte2_6_0_ from characters character0_ where character0_.character_id=?
Hibernate: select count(*) as col_0_0_ from board board0_
Hibernate: select count(*) as col_0_0_ from board board0_
Hibernate: select user0_.user_id as col_0_0_ from user user0_ where user0_.user_user_id=? limit ?
Hibernate: select user0_.user_id as col_0_0_ from user user0_ where user0_.user_user_id=? limit ?
Hibernate: select U.* from USER U where U.USER_USER_ID =?
Hibernate: select character0_.character_id as characte1_6_0_, character0_.character_character_name as characte2_6_0_ from characters character0_ where character0_.character_id=?
Hibernate: select user0_.user_id as user_id1_21_0_, user0_.character_id as characte7_21_0_, user0_.user_created_at as user_cre2_21_0_, user0_.user_name as user_nam3_21_0_, user0_.user_phone_number as user_pho4_21_0_, user0_.user_user_id as user_use5_21_0_, user0_.user_user_password as user_use6_21_0_ from user user0_ where user0_.user_id=?
Hibernate: select character0_.character_id as characte1_6_0_, character0_.character_character_name as characte2_6_0_ from characters character0_ where character0_.character_id=?
Hibernate: select category0_.category_id as category1_5_, category0_.category_name as category2_5_ from category category0_
Hibernate: select boardlist0_.category_id as category7_4_0_, boardlist0_.board_id as board_id1_4_0_, boardlist0_.board_id as board_id1_4_1_, boardlist0_.category_id as category7_4_1_, boardlist0_.board_content as board_co2_4_1_, boardlist0_.board_created_at as board_cr3_4_1_, boardlist0_.board_last_modified_at as board_la4_4_1_, boardlist0_.board_title as board_ti5_4_1_, boardlist0_.user_id as user_id8_4_1_, boardlist0_.board_views as board_vi6_4_1_ from board boardlist0_ where boardlist0_.category_id=?
Hibernate: select boardlist0_.category_id as category7_4_0_, boardlist0_.board_id as board_id1_4_0_, boardlist0_.board_id as board_id1_4_1_, boardlist0_.category_id as category7_4_1_, boardlist0_.board_content as board_co2_4_1_, boardlist0_.board_created_at as board_cr3_4_1_, boardlist0_.board_last_modified_at as board_la4_4_1_, boardlist0_.board_title as board_ti5_4_1_, boardlist0_.user_id as user_id8_4_1_, boardlist0_.board_views as board_vi6_4_1_ from board boardlist0_ where boardlist0_.category_id=?
Hibernate: select user0_.user_id as user_id1_21_0_, user0_.character_id as characte7_21_0_, user0_.user_created_at as user_cre2_21_0_, user0_.user_name as user_nam3_21_0_, user0_.user_phone_number as user_pho4_21_0_, user0_.user_user_id as user_use5_21_0_, user0_.user_user_password as user_use6_21_0_ from user user0_ where user0_.user_id=?
Hibernate: select character0_.character_id as characte1_6_0_, character0_.character_character_name as characte2_6_0_ from characters character0_ where character0_.character_id=?
Hibernate: select count(*) as col_0_0_ from user user0_ where user0_.user_id=?
Hibernate: select character1_.character_id as characte1_6_, character1_.character_character_name as characte2_6_ from user user0_ inner join characters character1_ on user0_.character_id=character1_.character_id where user0_.user_id=?
Hibernate: select permission0_.character_id as characte6_12_0_, permission0_.permission_id as permissi1_12_0_, permission0_.permission_id as permissi1_12_1_, permission0_.character_id as characte6_12_1_, permission0_.permission_name as permissi2_12_1_, permission0_.permission_permission_unit_id as permissi3_12_1_, permission0_.permission_service as permissi4_12_1_, permission0_.permission_status as permissi5_12_1_ from permission permission0_ where permission0_.character_id=?
Hibernate: select count(*) as col_0_0_ from category category0_ where category0_.category_id=?
Hibernate: select count(board0_.board_id) as col_0_0_ from board board0_ where board0_.category_id=?
Hibernate: select category0_.category_id as category1_5_0_, category0_.category_name as category2_5_0_ from category category0_ where category0_.category_id=?
Hibernate: select boardlist0_.category_id as category7_4_0_, boardlist0_.board_id as board_id1_4_0_, boardlist0_.board_id as board_id1_4_1_, boardlist0_.category_id as category7_4_1_, boardlist0_.board_content as board_co2_4_1_, boardlist0_.board_created_at as board_cr3_4_1_, boardlist0_.board_last_modified_at as board_la4_4_1_, boardlist0_.board_title as board_ti5_4_1_, boardlist0_.user_id as user_id8_4_1_, boardlist0_.board_views as board_vi6_4_1_ from board boardlist0_ where boardlist0_.category_id=?
Hibernate: delete from category where category_id=?
Hibernate: select user0_.user_id as user_id1_21_0_, user0_.character_id as characte7_21_0_, user0_.user_created_at as user_cre2_21_0_, user0_.user_name as user_nam3_21_0_, user0_.user_phone_number as user_pho4_21_0_, user0_.user_user_id as user_use5_21_0_, user0_.user_user_password as user_use6_21_0_ from user user0_ where user0_.user_id=?
Hibernate: select character0_.character_id as characte1_6_0_, character0_.character_character_name as characte2_6_0_ from characters character0_ where character0_.character_id=?
Hibernate: select count(*) as col_0_0_ from user user0_ where user0_.user_id=?
Hibernate: select character1_.character_id as characte1_6_, character1_.character_character_name as characte2_6_ from user user0_ inner join characters character1_ on user0_.character_id=character1_.character_id where user0_.user_id=?
Hibernate: select permission0_.character_id as characte6_12_0_, permission0_.permission_id as permissi1_12_0_, permission0_.permission_id as permissi1_12_1_, permission0_.character_id as characte6_12_1_, permission0_.permission_name as permissi2_12_1_, permission0_.permission_permission_unit_id as permissi3_12_1_, permission0_.permission_service as permissi4_12_1_, permission0_.permission_status as permissi5_12_1_ from permission permission0_ where permission0_.character_id=?
Hibernate: select count(*) as col_0_0_ from category category0_ where category0_.category_id=?
Hibernate: select count(board0_.board_id) as col_0_0_ from board board0_ where board0_.category_id=?
Hibernate: select category0_.category_id as category1_5_0_, category0_.category_name as category2_5_0_ from category category0_ where category0_.category_id=?
Hibernate: select boardlist0_.category_id as category7_4_0_, boardlist0_.board_id as board_id1_4_0_, boardlist0_.board_id as board_id1_4_1_, boardlist0_.category_id as category7_4_1_, boardlist0_.board_content as board_co2_4_1_, boardlist0_.board_created_at as board_cr3_4_1_, boardlist0_.board_last_modified_at as board_la4_4_1_, boardlist0_.board_title as board_ti5_4_1_, boardlist0_.user_id as user_id8_4_1_, boardlist0_.board_views as board_vi6_4_1_ from board boardlist0_ where boardlist0_.category_id=?
Hibernate: delete from category where category_id=?
Hibernate: select user0_.user_id as user_id1_21_0_, user0_.character_id as characte7_21_0_, user0_.user_created_at as user_cre2_21_0_, user0_.user_name as user_nam3_21_0_, user0_.user_phone_number as user_pho4_21_0_, user0_.user_user_id as user_use5_21_0_, user0_.user_user_password as user_use6_21_0_ from user user0_ where user0_.user_id=?
Hibernate: select character0_.character_id as characte1_6_0_, character0_.character_character_name as characte2_6_0_ from characters character0_ where character0_.character_id=?
Hibernate: select count(*) as col_0_0_ from user user0_ where user0_.user_id=?
Hibernate: select character1_.character_id as characte1_6_, character1_.character_character_name as characte2_6_ from user user0_ inner join characters character1_ on user0_.character_id=character1_.character_id where user0_.user_id=?
Hibernate: select permission0_.character_id as characte6_12_0_, permission0_.permission_id as permissi1_12_0_, permission0_.permission_id as permissi1_12_1_, permission0_.character_id as characte6_12_1_, permission0_.permission_name as permissi2_12_1_, permission0_.permission_permission_unit_id as permissi3_12_1_, permission0_.permission_service as permissi4_12_1_, permission0_.permission_status as permissi5_12_1_ from permission permission0_ where permission0_.character_id=?
Hibernate: select category0_.category_id as col_0_0_ from category category0_ where category0_.category_name=? limit ?
Hibernate: select category0_.category_id as category1_5_1_, category0_.category_name as category2_5_1_, boardlist1_.category_id as category7_4_3_, boardlist1_.board_id as board_id1_4_3_, boardlist1_.board_id as board_id1_4_0_, boardlist1_.category_id as category7_4_0_, boardlist1_.board_content as board_co2_4_0_, boardlist1_.board_created_at as board_cr3_4_0_, boardlist1_.board_last_modified_at as board_la4_4_0_, boardlist1_.board_title as board_ti5_4_0_, boardlist1_.user_id as user_id8_4_0_, boardlist1_.board_views as board_vi6_4_0_ from category category0_ left outer join board boardlist1_ on category0_.category_id=boardlist1_.category_id where category0_.category_id=?
Hibernate: insert into category (category_id, category_name) values (default, ?)
Hibernate: select user0_.user_id as user_id1_21_0_, user0_.character_id as characte7_21_0_, user0_.user_created_at as user_cre2_21_0_, user0_.user_name as user_nam3_21_0_, user0_.user_phone_number as user_pho4_21_0_, user0_.user_user_id as user_use5_21_0_, user0_.user_user_password as user_use6_21_0_ from user user0_ where user0_.user_id=?
Hibernate: select character0_.character_id as characte1_6_0_, character0_.character_character_name as characte2_6_0_ from characters character0_ where character0_.character_id=?
Hibernate: select count(*) as col_0_0_ from user user0_ where user0_.user_id=?
Hibernate: select character1_.character_id as characte1_6_, character1_.character_character_name as characte2_6_ from user user0_ inner join characters character1_ on user0_.character_id=character1_.character_id where user0_.user_id=?
Hibernate: select permission0_.character_id as characte6_12_0_, permission0_.permission_id as permissi1_12_0_, permission0_.permission_id as permissi1_12_1_, permission0_.character_id as characte6_12_1_, permission0_.permission_name as permissi2_12_1_, permission0_.permission_permission_unit_id as permissi3_12_1_, permission0_.permission_service as permissi4_12_1_, permission0_.permission_status as permissi5_12_1_ from permission permission0_ where permission0_.character_id=?
Hibernate: select category0_.category_id as col_0_0_ from category category0_ where category0_.category_name=? limit ?
Hibernate: select category0_.category_id as category1_5_1_, category0_.category_name as category2_5_1_, boardlist1_.category_id as category7_4_3_, boardlist1_.board_id as board_id1_4_3_, boardlist1_.board_id as board_id1_4_0_, boardlist1_.category_id as category7_4_0_, boardlist1_.board_content as board_co2_4_0_, boardlist1_.board_created_at as board_cr3_4_0_, boardlist1_.board_last_modified_at as board_la4_4_0_, boardlist1_.board_title as board_ti5_4_0_, boardlist1_.user_id as user_id8_4_0_, boardlist1_.board_views as board_vi6_4_0_ from category category0_ left outer join board boardlist1_ on category0_.category_id=boardlist1_.category_id where category0_.category_id=?
Hibernate: insert into category (category_id, category_name) values (default, ?)
Hibernate: select user0_.user_id as col_0_0_ from user user0_ where user0_.user_user_id=? limit ?
Hibernate: select user0_.user_id as col_0_0_ from user user0_ where user0_.user_user_id=? limit ?
Hibernate: select U.* from USER U where U.USER_USER_ID =?
Hibernate: select character0_.character_id as characte1_6_0_, character0_.character_character_name as characte2_6_0_ from characters character0_ where character0_.character_id=?
Hibernate: select user0_.user_id as col_0_0_ from user user0_ where user0_.user_user_id=? limit ?
Hibernate: select user0_.user_id as col_0_0_ from user user0_ where user0_.user_user_id=? limit ?
Hibernate: select U.* from USER U where U.USER_USER_ID =?
Hibernate: select character0_.character_id as characte1_6_0_, character0_.character_character_name as characte2_6_0_ from characters character0_ where character0_.character_id=?
Hibernate: select user0_.user_id as user_id1_21_0_, user0_.character_id as characte7_21_0_, user0_.user_created_at as user_cre2_21_0_, user0_.user_name as user_nam3_21_0_, user0_.user_phone_number as user_pho4_21_0_, user0_.user_user_id as user_use5_21_0_, user0_.user_user_password as user_use6_21_0_ from user user0_ where user0_.user_id=?
Hibernate: select character0_.character_id as characte1_6_0_, character0_.character_character_name as characte2_6_0_ from characters character0_ where character0_.character_id=?
Hibernate: select count(*) as col_0_0_ from board board0_
Hibernate: select count(*) as col_0_0_ from board board0_
Hibernate: select user0_.user_id as col_0_0_ from user user0_ where user0_.user_user_id=? limit ?
Hibernate: select user0_.user_id as col_0_0_ from user user0_ where user0_.user_user_id=? limit ?
Hibernate: select U.* from USER U where U.USER_USER_ID =?
Hibernate: select character0_.character_id as characte1_6_0_, character0_.character_character_name as characte2_6_0_ from characters character0_ where character0_.character_id=?
Hibernate: select user0_.user_id as user_id1_21_0_, user0_.character_id as characte7_21_0_, user0_.user_created_at as user_cre2_21_0_, user0_.user_name as user_nam3_21_0_, user0_.user_phone_number as user_pho4_21_0_, user0_.user_user_id as user_use5_21_0_, user0_.user_user_password as user_use6_21_0_ from user user0_ where user0_.user_id=?
Hibernate: select character0_.character_id as characte1_6_0_, character0_.character_character_name as characte2_6_0_ from characters character0_ where character0_.character_id=?
Hibernate: select category0_.category_id as category1_5_, category0_.category_name as category2_5_ from category category0_
Hibernate: select boardlist0_.category_id as category7_4_0_, boardlist0_.board_id as board_id1_4_0_, boardlist0_.board_id as board_id1_4_1_, boardlist0_.category_id as category7_4_1_, boardlist0_.board_content as board_co2_4_1_, boardlist0_.board_created_at as board_cr3_4_1_, boardlist0_.board_last_modified_at as board_la4_4_1_, boardlist0_.board_title as board_ti5_4_1_, boardlist0_.user_id as user_id8_4_1_, boardlist0_.board_views as board_vi6_4_1_ from board boardlist0_ where boardlist0_.category_id=?
Hibernate: select boardlist0_.category_id as category7_4_0_, boardlist0_.board_id as board_id1_4_0_, boardlist0_.board_id as board_id1_4_1_, boardlist0_.category_id as category7_4_1_, boardlist0_.board_content as board_co2_4_1_, boardlist0_.board_created_at as board_cr3_4_1_, boardlist0_.board_last_modified_at as board_la4_4_1_, boardlist0_.board_title as board_ti5_4_1_, boardlist0_.user_id as user_id8_4_1_, boardlist0_.board_views as board_vi6_4_1_ from board boardlist0_ where boardlist0_.category_id=?
Hibernate: select user0_.user_id as user_id1_21_0_, user0_.character_id as characte7_21_0_, user0_.user_created_at as user_cre2_21_0_, user0_.user_name as user_nam3_21_0_, user0_.user_phone_number as user_pho4_21_0_, user0_.user_user_id as user_use5_21_0_, user0_.user_user_password as user_use6_21_0_ from user user0_ where user0_.user_id=?
Hibernate: select character0_.character_id as characte1_6_0_, character0_.character_character_name as characte2_6_0_ from characters character0_ where character0_.character_id=?
Hibernate: select count(*) as col_0_0_ from user user0_ where user0_.user_id=?
Hibernate: select character1_.character_id as characte1_6_, character1_.character_character_name as characte2_6_ from user user0_ inner join characters character1_ on user0_.character_id=character1_.character_id where user0_.user_id=?
Hibernate: select permission0_.character_id as characte6_12_0_, permission0_.permission_id as permissi1_12_0_, permission0_.permission_id as permissi1_12_1_, permission0_.character_id as characte6_12_1_, permission0_.permission_name as permissi2_12_1_, permission0_.permission_permission_unit_id as permissi3_12_1_, permission0_.permission_service as permissi4_12_1_, permission0_.permission_status as permissi5_12_1_ from permission permission0_ where permission0_.character_id=?
Hibernate: select count(*) as col_0_0_ from category category0_ where category0_.category_id=?
Hibernate: select count(board0_.board_id) as col_0_0_ from board board0_ where board0_.category_id=?
Hibernate: select category0_.category_id as category1_5_0_, category0_.category_name as category2_5_0_ from category category0_ where category0_.category_id=?
Hibernate: select boardlist0_.category_id as category7_4_0_, boardlist0_.board_id as board_id1_4_0_, boardlist0_.board_id as board_id1_4_1_, boardlist0_.category_id as category7_4_1_, boardlist0_.board_content as board_co2_4_1_, boardlist0_.board_created_at as board_cr3_4_1_, boardlist0_.board_last_modified_at as board_la4_4_1_, boardlist0_.board_title as board_ti5_4_1_, boardlist0_.user_id as user_id8_4_1_, boardlist0_.board_views as board_vi6_4_1_ from board boardlist0_ where boardlist0_.category_id=?
Hibernate: delete from category where category_id=?
Hibernate: select user0_.user_id as user_id1_21_0_, user0_.character_id as characte7_21_0_, user0_.user_created_at as user_cre2_21_0_, user0_.user_name as user_nam3_21_0_, user0_.user_phone_number as user_pho4_21_0_, user0_.user_user_id as user_use5_21_0_, user0_.user_user_password as user_use6_21_0_ from user user0_ where user0_.user_id=?
Hibernate: select character0_.character_id as characte1_6_0_, character0_.character_character_name as characte2_6_0_ from characters character0_ where character0_.character_id=?
Hibernate: select count(*) as col_0_0_ from user user0_ where user0_.user_id=?
Hibernate: select character1_.character_id as characte1_6_, character1_.character_character_name as characte2_6_ from user user0_ inner join characters character1_ on user0_.character_id=character1_.character_id where user0_.user_id=?
Hibernate: select permission0_.character_id as characte6_12_0_, permission0_.permission_id as permissi1_12_0_, permission0_.permission_id as permissi1_12_1_, permission0_.character_id as characte6_12_1_, permission0_.permission_name as permissi2_12_1_, permission0_.permission_permission_unit_id as permissi3_12_1_, permission0_.permission_service as permissi4_12_1_, permission0_.permission_status as permissi5_12_1_ from permission permission0_ where permission0_.character_id=?
Hibernate: select count(*) as col_0_0_ from category category0_ where category0_.category_id=?
Hibernate: select count(board0_.board_id) as col_0_0_ from board board0_ where board0_.category_id=?
Hibernate: select category0_.category_id as category1_5_0_, category0_.category_name as category2_5_0_ from category category0_ where category0_.category_id=?
Hibernate: select boardlist0_.category_id as category7_4_0_, boardlist0_.board_id as board_id1_4_0_, boardlist0_.board_id as board_id1_4_1_, boardlist0_.category_id as category7_4_1_, boardlist0_.board_content as board_co2_4_1_, boardlist0_.board_created_at as board_cr3_4_1_, boardlist0_.board_last_modified_at as board_la4_4_1_, boardlist0_.board_title as board_ti5_4_1_, boardlist0_.user_id as user_id8_4_1_, boardlist0_.board_views as board_vi6_4_1_ from board boardlist0_ where boardlist0_.category_id=?
Hibernate: delete from category where category_id=?
Hibernate: select user0_.user_id as user_id1_21_0_, user0_.character_id as characte7_21_0_, user0_.user_created_at as user_cre2_21_0_, user0_.user_name as user_nam3_21_0_, user0_.user_phone_number as user_pho4_21_0_, user0_.user_user_id as user_use5_21_0_, user0_.user_user_password as user_use6_21_0_ from user user0_ where user0_.user_id=?
Hibernate: select character0_.character_id as characte1_6_0_, character0_.character_character_name as characte2_6_0_ from characters character0_ where character0_.character_id=?
Hibernate: select count(*) as col_0_0_ from user user0_ where user0_.user_id=?
Hibernate: select character1_.character_id as characte1_6_, character1_.character_character_name as characte2_6_ from user user0_ inner join characters character1_ on user0_.character_id=character1_.character_id where user0_.user_id=?
Hibernate: select permission0_.character_id as characte6_12_0_, permission0_.permission_id as permissi1_12_0_, permission0_.permission_id as permissi1_12_1_, permission0_.character_id as characte6_12_1_, permission0_.permission_name as permissi2_12_1_, permission0_.permission_permission_unit_id as permissi3_12_1_, permission0_.permission_service as permissi4_12_1_, permission0_.permission_status as permissi5_12_1_ from permission permission0_ where permission0_.character_id=?
Hibernate: select category0_.category_id as col_0_0_ from category category0_ where category0_.category_name=? limit ?
Hibernate: select category0_.category_id as category1_5_1_, category0_.category_name as category2_5_1_, boardlist1_.category_id as category7_4_3_, boardlist1_.board_id as board_id1_4_3_, boardlist1_.board_id as board_id1_4_0_, boardlist1_.category_id as category7_4_0_, boardlist1_.board_content as board_co2_4_0_, boardlist1_.board_created_at as board_cr3_4_0_, boardlist1_.board_last_modified_at as board_la4_4_0_, boardlist1_.board_title as board_ti5_4_0_, boardlist1_.user_id as user_id8_4_0_, boardlist1_.board_views as board_vi6_4_0_ from category category0_ left outer join board boardlist1_ on category0_.category_id=boardlist1_.category_id where category0_.category_id=?
Hibernate: insert into category (category_id, category_name) values (default, ?)
Hibernate: select user0_.user_id as user_id1_21_0_, user0_.character_id as characte7_21_0_, user0_.user_created_at as user_cre2_21_0_, user0_.user_name as user_nam3_21_0_, user0_.user_phone_number as user_pho4_21_0_, user0_.user_user_id as user_use5_21_0_, user0_.user_user_password as user_use6_21_0_ from user user0_ where user0_.user_id=?
Hibernate: select character0_.character_id as characte1_6_0_, character0_.character_character_name as characte2_6_0_ from characters character0_ where character0_.character_id=?
Hibernate: select count(*) as col_0_0_ from user user0_ where user0_.user_id=?
Hibernate: select character1_.character_id as characte1_6_, character1_.character_character_name as characte2_6_ from user user0_ inner join characters character1_ on user0_.character_id=character1_.character_id where user0_.user_id=?
Hibernate: select permission0_.character_id as characte6_12_0_, permission0_.permission_id as permissi1_12_0_, permission0_.permission_id as permissi1_12_1_, permission0_.character_id as characte6_12_1_, permission0_.permission_name as permissi2_12_1_, permission0_.permission_permission_unit_id as permissi3_12_1_, permission0_.permission_service as permissi4_12_1_, permission0_.permission_status as permissi5_12_1_ from permission permission0_ where permission0_.character_id=?
Hibernate: select category0_.category_id as col_0_0_ from category category0_ where category0_.category_name=? limit ?
Hibernate: select category0_.category_id as category1_5_1_, category0_.category_name as category2_5_1_, boardlist1_.category_id as category7_4_3_, boardlist1_.board_id as board_id1_4_3_, boardlist1_.board_id as board_id1_4_0_, boardlist1_.category_id as category7_4_0_, boardlist1_.board_content as board_co2_4_0_, boardlist1_.board_created_at as board_cr3_4_0_, boardlist1_.board_last_modified_at as board_la4_4_0_, boardlist1_.board_title as board_ti5_4_0_, boardlist1_.user_id as user_id8_4_0_, boardlist1_.board_views as board_vi6_4_0_ from category category0_ left outer join board boardlist1_ on category0_.category_id=boardlist1_.category_id where category0_.category_id=?
Hibernate: insert into category (category_id, category_name) values (default, ?)
Hibernate: select user0_.user_id as col_0_0_ from user user0_ where user0_.user_user_id=? limit ?
Hibernate: select user0_.user_id as col_0_0_ from user user0_ where user0_.user_user_id=? limit ?
Hibernate: select U.* from USER U where U.USER_USER_ID =?
Hibernate: select character0_.character_id as characte1_6_0_, character0_.character_character_name as characte2_6_0_ from characters character0_ where character0_.character_id=?
Hibernate: select user0_.user_id as col_0_0_ from user user0_ where user0_.user_user_id=? limit ?
Hibernate: select user0_.user_id as col_0_0_ from user user0_ where user0_.user_user_id=? limit ?
Hibernate: select U.* from USER U where U.USER_USER_ID =?
Hibernate: select character0_.character_id as characte1_6_0_, character0_.character_character_name as characte2_6_0_ from characters character0_ where character0_.character_id=?
Hibernate: select user0_.user_id as user_id1_21_0_, user0_.character_id as characte7_21_0_, user0_.user_created_at as user_cre2_21_0_, user0_.user_name as user_nam3_21_0_, user0_.user_phone_number as user_pho4_21_0_, user0_.user_user_id as user_use5_21_0_, user0_.user_user_password as user_use6_21_0_ from user user0_ where user0_.user_id=?
Hibernate: select character0_.character_id as characte1_6_0_, character0_.character_character_name as characte2_6_0_ from characters character0_ where character0_.character_id=?
Hibernate: select count(*) as col_0_0_ from user user0_ where user0_.user_id=?
Hibernate: select character1_.character_id as characte1_6_, character1_.character_character_name as characte2_6_ from user user0_ inner join characters character1_ on user0_.character_id=character1_.character_id where user0_.user_id=?
Hibernate: select permission0_.character_id as characte6_12_0_, permission0_.permission_id as permissi1_12_0_, permission0_.permission_id as permissi1_12_1_, permission0_.character_id as characte6_12_1_, permission0_.permission_name as permissi2_12_1_, permission0_.permission_permission_unit_id as permissi3_12_1_, permission0_.permission_service as permissi4_12_1_, permission0_.permission_status as permissi5_12_1_ from permission permission0_ where permission0_.character_id=?
Hibernate: select category0_.category_id as col_0_0_ from category category0_ where category0_.category_name=? limit ?
Hibernate: select category0_.category_id as category1_5_1_, category0_.category_name as category2_5_1_, boardlist1_.category_id as category7_4_3_, boardlist1_.board_id as board_id1_4_3_, boardlist1_.board_id as board_id1_4_0_, boardlist1_.category_id as category7_4_0_, boardlist1_.board_content as board_co2_4_0_, boardlist1_.board_created_at as board_cr3_4_0_, boardlist1_.board_last_modified_at as board_la4_4_0_, boardlist1_.board_title as board_ti5_4_0_, boardlist1_.user_id as user_id8_4_0_, boardlist1_.board_views as board_vi6_4_0_ from category category0_ left outer join board boardlist1_ on category0_.category_id=boardlist1_.category_id where category0_.category_id=?
Hibernate: insert into category (category_id, category_name) values (default, ?)
Hibernate: select user0_.user_id as user_id1_21_0_, user0_.character_id as characte7_21_0_, user0_.user_created_at as user_cre2_21_0_, user0_.user_name as user_nam3_21_0_, user0_.user_phone_number as user_pho4_21_0_, user0_.user_user_id as user_use5_21_0_, user0_.user_user_password as user_use6_21_0_ from user user0_ where user0_.user_id=?
Hibernate: select character0_.character_id as characte1_6_0_, character0_.character_character_name as characte2_6_0_ from characters character0_ where character0_.character_id=?
Hibernate: select category0_.category_id as category1_5_, category0_.category_name as category2_5_ from category category0_
Hibernate: select boardlist0_.category_id as category7_4_0_, boardlist0_.board_id as board_id1_4_0_, boardlist0_.board_id as board_id1_4_1_, boardlist0_.category_id as category7_4_1_, boardlist0_.board_content as board_co2_4_1_, boardlist0_.board_created_at as board_cr3_4_1_, boardlist0_.board_last_modified_at as board_la4_4_1_, boardlist0_.board_title as board_ti5_4_1_, boardlist0_.user_id as user_id8_4_1_, boardlist0_.board_views as board_vi6_4_1_ from board boardlist0_ where boardlist0_.category_id=?
Hibernate: select boardlist0_.category_id as category7_4_0_, boardlist0_.board_id as board_id1_4_0_, boardlist0_.board_id as board_id1_4_1_, boardlist0_.category_id as category7_4_1_, boardlist0_.board_content as board_co2_4_1_, boardlist0_.board_created_at as board_cr3_4_1_, boardlist0_.board_last_modified_at as board_la4_4_1_, boardlist0_.board_title as board_ti5_4_1_, boardlist0_.user_id as user_id8_4_1_, boardlist0_.board_views as board_vi6_4_1_ from board boardlist0_ where boardlist0_.category_id=?
Hibernate: select boardlist0_.category_id as category7_4_0_, boardlist0_.board_id as board_id1_4_0_, boardlist0_.board_id as board_id1_4_1_, boardlist0_.category_id as category7_4_1_, boardlist0_.board_content as board_co2_4_1_, boardlist0_.board_created_at as board_cr3_4_1_, boardlist0_.board_last_modified_at as board_la4_4_1_, boardlist0_.board_title as board_ti5_4_1_, boardlist0_.user_id as user_id8_4_1_, boardlist0_.board_views as board_vi6_4_1_ from board boardlist0_ where boardlist0_.category_id=?
Hibernate: select user0_.user_id as user_id1_21_0_, user0_.character_id as characte7_21_0_, user0_.user_created_at as user_cre2_21_0_, user0_.user_name as user_nam3_21_0_, user0_.user_phone_number as user_pho4_21_0_, user0_.user_user_id as user_use5_21_0_, user0_.user_user_password as user_use6_21_0_ from user user0_ where user0_.user_id=?
Hibernate: select character0_.character_id as characte1_6_0_, character0_.character_character_name as characte2_6_0_ from characters character0_ where character0_.character_id=?
Hibernate: select count(*) as col_0_0_ from user user0_ where user0_.user_id=?
Hibernate: select character1_.character_id as characte1_6_, character1_.character_character_name as characte2_6_ from user user0_ inner join characters character1_ on user0_.character_id=character1_.character_id where user0_.user_id=?
Hibernate: select permission0_.character_id as characte6_12_0_, permission0_.permission_id as permissi1_12_0_, permission0_.permission_id as permissi1_12_1_, permission0_.character_id as characte6_12_1_, permission0_.permission_name as permissi2_12_1_, permission0_.permission_permission_unit_id as permissi3_12_1_, permission0_.permission_service as permissi4_12_1_, permission0_.permission_status as permissi5_12_1_ from permission permission0_ where permission0_.character_id=?
Hibernate: select count(*) as col_0_0_ from category category0_ where category0_.category_id=?
Hibernate: insert into filename (filename_id, filename_origin, filename_uuid) values (default, ?, ?)
Hibernate: insert into filename (filename_id, filename_origin, filename_uuid) values (default, ?, ?)
Hibernate: select category0_.category_id as category1_5_0_, category0_.category_name as category2_5_0_ from category category0_ where category0_.category_id=?
Hibernate: insert into board (board_id, category_id, board_content, board_created_at, board_last_modified_at, board_title, user_id, board_views) values (default, ?, ?, ?, ?, ?, ?, ?)
Hibernate: insert into reaction (reaction_id, board_id, reaction_type) values (default, ?, ?)
Hibernate: insert into reaction (reaction_id, board_id, reaction_type) values (default, ?, ?)
Hibernate: insert into reaction (reaction_id, board_id, reaction_type) values (default, ?, ?)
Hibernate: insert into reaction (reaction_id, board_id, reaction_type) values (default, ?, ?)
Hibernate: insert into reaction (reaction_id, board_id, reaction_type) values (default, ?, ?)
Hibernate: insert into reaction (reaction_id, board_id, reaction_type) values (default, ?, ?)
Hibernate: insert into file_path_list (board_board_id, board_file_path_list) values (?, ?)
Hibernate: insert into image_path_list (board_board_id, board_image_path_list) values (?, ?)
Hibernate: select user0_.user_id as col_0_0_ from user user0_ where user0_.user_user_id=? limit ?
Hibernate: select user0_.user_id as col_0_0_ from user user0_ where user0_.user_user_id=? limit ?
Hibernate: select U.* from USER U where U.USER_USER_ID =?
Hibernate: select character0_.character_id as characte1_6_0_, character0_.character_character_name as characte2_6_0_ from characters character0_ where character0_.character_id=?
Hibernate: select user0_.user_id as user_id1_21_0_, user0_.character_id as characte7_21_0_, user0_.user_created_at as user_cre2_21_0_, user0_.user_name as user_nam3_21_0_, user0_.user_phone_number as user_pho4_21_0_, user0_.user_user_id as user_use5_21_0_, user0_.user_user_password as user_use6_21_0_ from user user0_ where user0_.user_id=?
Hibernate: select character0_.character_id as characte1_6_0_, character0_.character_character_name as characte2_6_0_ from characters character0_ where character0_.character_id=?
Hibernate: select count(*) as col_0_0_ from board board0_
Hibernate: select board0_.board_id as board_id1_4_, board0_.category_id as category7_4_, board0_.board_content as board_co2_4_, board0_.board_created_at as board_cr3_4_, board0_.board_last_modified_at as board_la4_4_, board0_.board_title as board_ti5_4_, board0_.user_id as user_id8_4_, board0_.board_views as board_vi6_4_ from board board0_ limit ?
Hibernate: select category0_.category_id as category1_5_0_, category0_.category_name as category2_5_0_ from category category0_ where category0_.category_id=?
Hibernate: select reactionli0_.board_id as board_id3_13_0_, reactionli0_.reaction_id as reaction1_13_0_, reactionli0_.reaction_id as reaction1_13_1_, reactionli0_.board_id as board_id3_13_1_, reactionli0_.reaction_type as reaction2_13_1_ from reaction reactionli0_ where reactionli0_.board_id=?
Hibernate: select reactionus0_.reaction_id as reaction2_14_0_, reactionus0_.reaction_user_id as reaction1_14_0_, reactionus0_.reaction_user_id as reaction1_14_1_, reactionus0_.reaction_id as reaction2_14_1_, reactionus0_.user_id as user_id3_14_1_ from reaction_user reactionus0_ where reactionus0_.reaction_id=?
Hibernate: select reactionus0_.reaction_id as reaction2_14_0_, reactionus0_.reaction_user_id as reaction1_14_0_, reactionus0_.reaction_user_id as reaction1_14_1_, reactionus0_.reaction_id as reaction2_14_1_, reactionus0_.user_id as user_id3_14_1_ from reaction_user reactionus0_ where reactionus0_.reaction_id=?
Hibernate: select reactionus0_.reaction_id as reaction2_14_0_, reactionus0_.reaction_user_id as reaction1_14_0_, reactionus0_.reaction_user_id as reaction1_14_1_, reactionus0_.reaction_id as reaction2_14_1_, reactionus0_.user_id as user_id3_14_1_ from reaction_user reactionus0_ where reactionus0_.reaction_id=?
Hibernate: select reactionus0_.reaction_id as reaction2_14_0_, reactionus0_.reaction_user_id as reaction1_14_0_, reactionus0_.reaction_user_id as reaction1_14_1_, reactionus0_.reaction_id as reaction2_14_1_, reactionus0_.user_id as user_id3_14_1_ from reaction_user reactionus0_ where reactionus0_.reaction_id=?
Hibernate: select reactionus0_.reaction_id as reaction2_14_0_, reactionus0_.reaction_user_id as reaction1_14_0_, reactionus0_.reaction_user_id as reaction1_14_1_, reactionus0_.reaction_id as reaction2_14_1_, reactionus0_.user_id as user_id3_14_1_ from reaction_user reactionus0_ where reactionus0_.reaction_id=?
Hibernate: select reactionus0_.reaction_id as reaction2_14_0_, reactionus0_.reaction_user_id as reaction1_14_0_, reactionus0_.reaction_user_id as reaction1_14_1_, reactionus0_.reaction_id as reaction2_14_1_, reactionus0_.user_id as user_id3_14_1_ from reaction_user reactionus0_ where reactionus0_.reaction_id=?
Hibernate: select commentlis0_.board_id as board_id5_7_0_, commentlis0_.comment_id as comment_1_7_0_, commentlis0_.comment_id as comment_1_7_1_, commentlis0_.board_id as board_id5_7_1_, commentlis0_.comment_content as comment_2_7_1_, commentlis0_.comment_created_at as comment_3_7_1_, commentlis0_.comment_last_modified_at as comment_4_7_1_, commentlis0_.user_id as user_id6_7_1_ from comment commentlis0_ where commentlis0_.board_id=?
Hibernate: select boardlist0_.category_id as category7_4_0_, boardlist0_.board_id as board_id1_4_0_, boardlist0_.board_id as board_id1_4_1_, boardlist0_.category_id as category7_4_1_, boardlist0_.board_content as board_co2_4_1_, boardlist0_.board_created_at as board_cr3_4_1_, boardlist0_.board_last_modified_at as board_la4_4_1_, boardlist0_.board_title as board_ti5_4_1_, boardlist0_.user_id as user_id8_4_1_, boardlist0_.board_views as board_vi6_4_1_ from board boardlist0_ where boardlist0_.category_id=?
Hibernate: select count(comment0_.comment_id) as col_0_0_ from comment comment0_ where comment0_.board_id=?
Hibernate: select count(*) as col_0_0_ from board board0_
Hibernate: select imagepathl0_.board_board_id as board_bo1_11_0_, imagepathl0_.board_image_path_list as board_im2_11_0_ from image_path_list imagepathl0_ where imagepathl0_.board_board_id=?
Hibernate: select filename0_.filename_id as filename1_9_, filename0_.filename_origin as filename2_9_, filename0_.filename_uuid as filename3_9_ from filename filename0_ where filename0_.filename_uuid=?
Hibernate: select filepathli0_.board_board_id as board_bo1_8_0_, filepathli0_.board_file_path_list as board_fi2_8_0_ from file_path_list filepathli0_ where filepathli0_.board_board_id=?
Hibernate: select filename0_.filename_id as filename1_9_, filename0_.filename_origin as filename2_9_, filename0_.filename_uuid as filename3_9_ from filename filename0_ where filename0_.filename_uuid=?
Hibernate: select U.* from USER U join BOARD B where U.USER_ID = B.USER_ID and B.BOARD_ID = ?
Hibernate: select character0_.character_id as characte1_6_0_, character0_.character_character_name as characte2_6_0_ from characters character0_ where character0_.character_id=?
Hibernate: select count(*) as col_0_0_ from user user0_ where user0_.user_id=?
Hibernate: select character1_.character_id as characte1_6_, character1_.character_character_name as characte2_6_ from user user0_ inner join characters character1_ on user0_.character_id=character1_.character_id where user0_.user_id=?
Hibernate: select permission0_.character_id as characte6_12_0_, permission0_.permission_id as permissi1_12_0_, permission0_.permission_id as permissi1_12_1_, permission0_.character_id as characte6_12_1_, permission0_.permission_name as permissi2_12_1_, permission0_.permission_permission_unit_id as permissi3_12_1_, permission0_.permission_service as permissi4_12_1_, permission0_.permission_status as permissi5_12_1_ from permission permission0_ where permission0_.character_id=?
Hibernate: select count(*) as col_0_0_ from board board0_ where board0_.board_id=?
Hibernate: select board0_.board_id as board_id1_4_0_, board0_.category_id as category7_4_0_, board0_.board_content as board_co2_4_0_, board0_.board_created_at as board_cr3_4_0_, board0_.board_last_modified_at as board_la4_4_0_, board0_.board_title as board_ti5_4_0_, board0_.user_id as user_id8_4_0_, board0_.board_views as board_vi6_4_0_ from board board0_ where board0_.board_id=?
Hibernate: select category0_.category_id as category1_5_0_, category0_.category_name as category2_5_0_ from category category0_ where category0_.category_id=?
Hibernate: select reactionli0_.board_id as board_id3_13_0_, reactionli0_.reaction_id as reaction1_13_0_, reactionli0_.reaction_id as reaction1_13_1_, reactionli0_.board_id as board_id3_13_1_, reactionli0_.reaction_type as reaction2_13_1_ from reaction reactionli0_ where reactionli0_.board_id=?
Hibernate: select reactionus0_.reaction_id as reaction2_14_0_, reactionus0_.reaction_user_id as reaction1_14_0_, reactionus0_.reaction_user_id as reaction1_14_1_, reactionus0_.reaction_id as reaction2_14_1_, reactionus0_.user_id as user_id3_14_1_ from reaction_user reactionus0_ where reactionus0_.reaction_id=?
Hibernate: select reactionus0_.reaction_id as reaction2_14_0_, reactionus0_.reaction_user_id as reaction1_14_0_, reactionus0_.reaction_user_id as reaction1_14_1_, reactionus0_.reaction_id as reaction2_14_1_, reactionus0_.user_id as user_id3_14_1_ from reaction_user reactionus0_ where reactionus0_.reaction_id=?
Hibernate: select reactionus0_.reaction_id as reaction2_14_0_, reactionus0_.reaction_user_id as reaction1_14_0_, reactionus0_.reaction_user_id as reaction1_14_1_, reactionus0_.reaction_id as reaction2_14_1_, reactionus0_.user_id as user_id3_14_1_ from reaction_user reactionus0_ where reactionus0_.reaction_id=?
Hibernate: select reactionus0_.reaction_id as reaction2_14_0_, reactionus0_.reaction_user_id as reaction1_14_0_, reactionus0_.reaction_user_id as reaction1_14_1_, reactionus0_.reaction_id as reaction2_14_1_, reactionus0_.user_id as user_id3_14_1_ from reaction_user reactionus0_ where reactionus0_.reaction_id=?
Hibernate: select reactionus0_.reaction_id as reaction2_14_0_, reactionus0_.reaction_user_id as reaction1_14_0_, reactionus0_.reaction_user_id as reaction1_14_1_, reactionus0_.reaction_id as reaction2_14_1_, reactionus0_.user_id as user_id3_14_1_ from reaction_user reactionus0_ where reactionus0_.reaction_id=?
Hibernate: select reactionus0_.reaction_id as reaction2_14_0_, reactionus0_.reaction_user_id as reaction1_14_0_, reactionus0_.reaction_user_id as reaction1_14_1_, reactionus0_.reaction_id as reaction2_14_1_, reactionus0_.user_id as user_id3_14_1_ from reaction_user reactionus0_ where reactionus0_.reaction_id=?
Hibernate: select commentlis0_.board_id as board_id5_7_0_, commentlis0_.comment_id as comment_1_7_0_, commentlis0_.comment_id as comment_1_7_1_, commentlis0_.board_id as board_id5_7_1_, commentlis0_.comment_content as comment_2_7_1_, commentlis0_.comment_created_at as comment_3_7_1_, commentlis0_.comment_last_modified_at as comment_4_7_1_, commentlis0_.user_id as user_id6_7_1_ from comment commentlis0_ where commentlis0_.board_id=?
Hibernate: select boardlist0_.category_id as category7_4_0_, boardlist0_.board_id as board_id1_4_0_, boardlist0_.board_id as board_id1_4_1_, boardlist0_.category_id as category7_4_1_, boardlist0_.board_content as board_co2_4_1_, boardlist0_.board_created_at as board_cr3_4_1_, boardlist0_.board_last_modified_at as board_la4_4_1_, boardlist0_.board_title as board_ti5_4_1_, boardlist0_.user_id as user_id8_4_1_, boardlist0_.board_views as board_vi6_4_1_ from board boardlist0_ where boardlist0_.category_id=?
Hibernate: select count(comment0_.comment_id) as col_0_0_ from comment comment0_ where comment0_.board_id=?
Hibernate: update board set category_id=?, board_content=?, board_created_at=?, board_last_modified_at=?, board_title=?, user_id=?, board_views=? where board_id=?
Hibernate: select filepathli0_.board_board_id as board_bo1_8_0_, filepathli0_.board_file_path_list as board_fi2_8_0_ from file_path_list filepathli0_ where filepathli0_.board_board_id=?
Hibernate: select filename0_.filename_id as filename1_9_, filename0_.filename_origin as filename2_9_, filename0_.filename_uuid as filename3_9_ from filename filename0_ where filename0_.filename_uuid=?
Hibernate: delete from filename where filename_id=?
Hibernate: select imagepathl0_.board_board_id as board_bo1_11_0_, imagepathl0_.board_image_path_list as board_im2_11_0_ from image_path_list imagepathl0_ where imagepathl0_.board_board_id=?
Hibernate: select filename0_.filename_id as filename1_9_, filename0_.filename_origin as filename2_9_, filename0_.filename_uuid as filename3_9_ from filename filename0_ where filename0_.filename_uuid=?
Hibernate: delete from filename where filename_id=?
Hibernate: select count(*) as col_0_0_ from board board0_ where board0_.board_id=?
Hibernate: delete from file_path_list where board_board_id=?
Hibernate: delete from image_path_list where board_board_id=?
Hibernate: delete from reaction where reaction_id=?
Hibernate: delete from reaction where reaction_id=?
Hibernate: delete from reaction where reaction_id=?
Hibernate: delete from reaction where reaction_id=?
Hibernate: delete from reaction where reaction_id=?
Hibernate: delete from reaction where reaction_id=?
Hibernate: delete from board where board_id=?
Hibernate: select user0_.user_id as user_id1_21_0_, user0_.character_id as characte7_21_0_, user0_.user_created_at as user_cre2_21_0_, user0_.user_name as user_nam3_21_0_, user0_.user_phone_number as user_pho4_21_0_, user0_.user_user_id as user_use5_21_0_, user0_.user_user_password as user_use6_21_0_ from user user0_ where user0_.user_id=?
Hibernate: select character0_.character_id as characte1_6_0_, character0_.character_character_name as characte2_6_0_ from characters character0_ where character0_.character_id=?
Hibernate: select count(*) as col_0_0_ from user user0_ where user0_.user_id=?
Hibernate: select character1_.character_id as characte1_6_, character1_.character_character_name as characte2_6_ from user user0_ inner join characters character1_ on user0_.character_id=character1_.character_id where user0_.user_id=?
Hibernate: select permission0_.character_id as characte6_12_0_, permission0_.permission_id as permissi1_12_0_, permission0_.permission_id as permissi1_12_1_, permission0_.character_id as characte6_12_1_, permission0_.permission_name as permissi2_12_1_, permission0_.permission_permission_unit_id as permissi3_12_1_, permission0_.permission_service as permissi4_12_1_, permission0_.permission_status as permissi5_12_1_ from permission permission0_ where permission0_.character_id=?
Hibernate: select count(*) as col_0_0_ from board board0_ where board0_.board_id=?
Hibernate: select user0_.user_id as col_0_0_ from user user0_ where user0_.user_user_id=? limit ?
Hibernate: select user0_.user_id as col_0_0_ from user user0_ where user0_.user_user_id=? limit ?
Hibernate: select U.* from USER U where U.USER_USER_ID =?
Hibernate: select character0_.character_id as characte1_6_0_, character0_.character_character_name as characte2_6_0_ from characters character0_ where character0_.character_id=?
Hibernate: select user0_.user_id as user_id1_21_0_, user0_.character_id as characte7_21_0_, user0_.user_created_at as user_cre2_21_0_, user0_.user_name as user_nam3_21_0_, user0_.user_phone_number as user_pho4_21_0_, user0_.user_user_id as user_use5_21_0_, user0_.user_user_password as user_use6_21_0_ from user user0_ where user0_.user_id=?
Hibernate: select character0_.character_id as characte1_6_0_, character0_.character_character_name as characte2_6_0_ from characters character0_ where character0_.character_id=?
Hibernate: select category0_.category_id as category1_5_, category0_.category_name as category2_5_ from category category0_
Hibernate: select boardlist0_.category_id as category7_4_0_, boardlist0_.board_id as board_id1_4_0_, boardlist0_.board_id as board_id1_4_1_, boardlist0_.category_id as category7_4_1_, boardlist0_.board_content as board_co2_4_1_, boardlist0_.board_created_at as board_cr3_4_1_, boardlist0_.board_last_modified_at as board_la4_4_1_, boardlist0_.board_title as board_ti5_4_1_, boardlist0_.user_id as user_id8_4_1_, boardlist0_.board_views as board_vi6_4_1_ from board boardlist0_ where boardlist0_.category_id=?
Hibernate: select boardlist0_.category_id as category7_4_0_, boardlist0_.board_id as board_id1_4_0_, boardlist0_.board_id as board_id1_4_1_, boardlist0_.category_id as category7_4_1_, boardlist0_.board_content as board_co2_4_1_, boardlist0_.board_created_at as board_cr3_4_1_, boardlist0_.board_last_modified_at as board_la4_4_1_, boardlist0_.board_title as board_ti5_4_1_, boardlist0_.user_id as user_id8_4_1_, boardlist0_.board_views as board_vi6_4_1_ from board boardlist0_ where boardlist0_.category_id=?
Hibernate: select boardlist0_.category_id as category7_4_0_, boardlist0_.board_id as board_id1_4_0_, boardlist0_.board_id as board_id1_4_1_, boardlist0_.category_id as category7_4_1_, boardlist0_.board_content as board_co2_4_1_, boardlist0_.board_created_at as board_cr3_4_1_, boardlist0_.board_last_modified_at as board_la4_4_1_, boardlist0_.board_title as board_ti5_4_1_, boardlist0_.user_id as user_id8_4_1_, boardlist0_.board_views as board_vi6_4_1_ from board boardlist0_ where boardlist0_.category_id=?
Hibernate: select user0_.user_id as user_id1_21_0_, user0_.character_id as characte7_21_0_, user0_.user_created_at as user_cre2_21_0_, user0_.user_name as user_nam3_21_0_, user0_.user_phone_number as user_pho4_21_0_, user0_.user_user_id as user_use5_21_0_, user0_.user_user_password as user_use6_21_0_ from user user0_ where user0_.user_id=?
Hibernate: select character0_.character_id as characte1_6_0_, character0_.character_character_name as characte2_6_0_ from characters character0_ where character0_.character_id=?
Hibernate: select count(*) as col_0_0_ from user user0_ where user0_.user_id=?
Hibernate: select character1_.character_id as characte1_6_, character1_.character_character_name as characte2_6_ from user user0_ inner join characters character1_ on user0_.character_id=character1_.character_id where user0_.user_id=?
Hibernate: select permission0_.character_id as characte6_12_0_, permission0_.permission_id as permissi1_12_0_, permission0_.permission_id as permissi1_12_1_, permission0_.character_id as characte6_12_1_, permission0_.permission_name as permissi2_12_1_, permission0_.permission_permission_unit_id as permissi3_12_1_, permission0_.permission_service as permissi4_12_1_, permission0_.permission_status as permissi5_12_1_ from permission permission0_ where permission0_.character_id=?
Hibernate: select count(*) as col_0_0_ from category category0_ where category0_.category_id=?
Hibernate: select count(board0_.board_id) as col_0_0_ from board board0_ where board0_.category_id=?
Hibernate: select category0_.category_id as category1_5_0_, category0_.category_name as category2_5_0_ from category category0_ where category0_.category_id=?
Hibernate: select boardlist0_.category_id as category7_4_0_, boardlist0_.board_id as board_id1_4_0_, boardlist0_.board_id as board_id1_4_1_, boardlist0_.category_id as category7_4_1_, boardlist0_.board_content as board_co2_4_1_, boardlist0_.board_created_at as board_cr3_4_1_, boardlist0_.board_last_modified_at as board_la4_4_1_, boardlist0_.board_title as board_ti5_4_1_, boardlist0_.user_id as user_id8_4_1_, boardlist0_.board_views as board_vi6_4_1_ from board boardlist0_ where boardlist0_.category_id=?
Hibernate: delete from category where category_id=?
Hibernate: select user0_.user_id as user_id1_21_0_, user0_.character_id as characte7_21_0_, user0_.user_created_at as user_cre2_21_0_, user0_.user_name as user_nam3_21_0_, user0_.user_phone_number as user_pho4_21_0_, user0_.user_user_id as user_use5_21_0_, user0_.user_user_password as user_use6_21_0_ from user user0_ where user0_.user_id=?
Hibernate: select character0_.character_id as characte1_6_0_, character0_.character_character_name as characte2_6_0_ from characters character0_ where character0_.character_id=?
Hibernate: select count(*) as col_0_0_ from user user0_ where user0_.user_id=?
Hibernate: select character1_.character_id as characte1_6_, character1_.character_character_name as characte2_6_ from user user0_ inner join characters character1_ on user0_.character_id=character1_.character_id where user0_.user_id=?
Hibernate: select permission0_.character_id as characte6_12_0_, permission0_.permission_id as permissi1_12_0_, permission0_.permission_id as permissi1_12_1_, permission0_.character_id as characte6_12_1_, permission0_.permission_name as permissi2_12_1_, permission0_.permission_permission_unit_id as permissi3_12_1_, permission0_.permission_service as permissi4_12_1_, permission0_.permission_status as permissi5_12_1_ from permission permission0_ where permission0_.character_id=?
Hibernate: select count(*) as col_0_0_ from category category0_ where category0_.category_id=?
Hibernate: select count(board0_.board_id) as col_0_0_ from board board0_ where board0_.category_id=?
Hibernate: select category0_.category_id as category1_5_0_, category0_.category_name as category2_5_0_ from category category0_ where category0_.category_id=?
Hibernate: select boardlist0_.category_id as category7_4_0_, boardlist0_.board_id as board_id1_4_0_, boardlist0_.board_id as board_id1_4_1_, boardlist0_.category_id as category7_4_1_, boardlist0_.board_content as board_co2_4_1_, boardlist0_.board_created_at as board_cr3_4_1_, boardlist0_.board_last_modified_at as board_la4_4_1_, boardlist0_.board_title as board_ti5_4_1_, boardlist0_.user_id as user_id8_4_1_, boardlist0_.board_views as board_vi6_4_1_ from board boardlist0_ where boardlist0_.category_id=?
Hibernate: delete from category where category_id=?
Hibernate: select user0_.user_id as user_id1_21_0_, user0_.character_id as characte7_21_0_, user0_.user_created_at as user_cre2_21_0_, user0_.user_name as user_nam3_21_0_, user0_.user_phone_number as user_pho4_21_0_, user0_.user_user_id as user_use5_21_0_, user0_.user_user_password as user_use6_21_0_ from user user0_ where user0_.user_id=?
Hibernate: select character0_.character_id as characte1_6_0_, character0_.character_character_name as characte2_6_0_ from characters character0_ where character0_.character_id=?
Hibernate: select count(*) as col_0_0_ from user user0_ where user0_.user_id=?
Hibernate: select character1_.character_id as characte1_6_, character1_.character_character_name as characte2_6_ from user user0_ inner join characters character1_ on user0_.character_id=character1_.character_id where user0_.user_id=?
Hibernate: select permission0_.character_id as characte6_12_0_, permission0_.permission_id as permissi1_12_0_, permission0_.permission_id as permissi1_12_1_, permission0_.character_id as characte6_12_1_, permission0_.permission_name as permissi2_12_1_, permission0_.permission_permission_unit_id as permissi3_12_1_, permission0_.permission_service as permissi4_12_1_, permission0_.permission_status as permissi5_12_1_ from permission permission0_ where permission0_.character_id=?
Hibernate: select count(*) as col_0_0_ from category category0_ where category0_.category_id=?
Hibernate: select count(board0_.board_id) as col_0_0_ from board board0_ where board0_.category_id=?
Hibernate: select category0_.category_id as category1_5_0_, category0_.category_name as category2_5_0_ from category category0_ where category0_.category_id=?
Hibernate: select boardlist0_.category_id as category7_4_0_, boardlist0_.board_id as board_id1_4_0_, boardlist0_.board_id as board_id1_4_1_, boardlist0_.category_id as category7_4_1_, boardlist0_.board_content as board_co2_4_1_, boardlist0_.board_created_at as board_cr3_4_1_, boardlist0_.board_last_modified_at as board_la4_4_1_, boardlist0_.board_title as board_ti5_4_1_, boardlist0_.user_id as user_id8_4_1_, boardlist0_.board_views as board_vi6_4_1_ from board boardlist0_ where boardlist0_.category_id=?
Hibernate: delete from category where category_id=?
Hibernate: select user0_.user_id as user_id1_21_0_, user0_.character_id as characte7_21_0_, user0_.user_created_at as user_cre2_21_0_, user0_.user_name as user_nam3_21_0_, user0_.user_phone_number as user_pho4_21_0_, user0_.user_user_id as user_use5_21_0_, user0_.user_user_password as user_use6_21_0_ from user user0_ where user0_.user_id=?
Hibernate: select character0_.character_id as characte1_6_0_, character0_.character_character_name as characte2_6_0_ from characters character0_ where character0_.character_id=?
Hibernate: select count(*) as col_0_0_ from user user0_ where user0_.user_id=?
Hibernate: select character1_.character_id as characte1_6_, character1_.character_character_name as characte2_6_ from user user0_ inner join characters character1_ on user0_.character_id=character1_.character_id where user0_.user_id=?
Hibernate: select permission0_.character_id as characte6_12_0_, permission0_.permission_id as permissi1_12_0_, permission0_.permission_id as permissi1_12_1_, permission0_.character_id as characte6_12_1_, permission0_.permission_name as permissi2_12_1_, permission0_.permission_permission_unit_id as permissi3_12_1_, permission0_.permission_service as permissi4_12_1_, permission0_.permission_status as permissi5_12_1_ from permission permission0_ where permission0_.character_id=?
Hibernate: select category0_.category_id as col_0_0_ from category category0_ where category0_.category_name=? limit ?
Hibernate: select category0_.category_id as category1_5_1_, category0_.category_name as category2_5_1_, boardlist1_.category_id as category7_4_3_, boardlist1_.board_id as board_id1_4_3_, boardlist1_.board_id as board_id1_4_0_, boardlist1_.category_id as category7_4_0_, boardlist1_.board_content as board_co2_4_0_, boardlist1_.board_created_at as board_cr3_4_0_, boardlist1_.board_last_modified_at as board_la4_4_0_, boardlist1_.board_title as board_ti5_4_0_, boardlist1_.user_id as user_id8_4_0_, boardlist1_.board_views as board_vi6_4_0_ from category category0_ left outer join board boardlist1_ on category0_.category_id=boardlist1_.category_id where category0_.category_id=?
Hibernate: insert into category (category_id, category_name) values (default, ?)
Hibernate: select user0_.user_id as user_id1_21_0_, user0_.character_id as characte7_21_0_, user0_.user_created_at as user_cre2_21_0_, user0_.user_name as user_nam3_21_0_, user0_.user_phone_number as user_pho4_21_0_, user0_.user_user_id as user_use5_21_0_, user0_.user_user_password as user_use6_21_0_ from user user0_ where user0_.user_id=?
Hibernate: select character0_.character_id as characte1_6_0_, character0_.character_character_name as characte2_6_0_ from characters character0_ where character0_.character_id=?
Hibernate: select count(*) as col_0_0_ from user user0_ where user0_.user_id=?
Hibernate: select character1_.character_id as characte1_6_, character1_.character_character_name as characte2_6_ from user user0_ inner join characters character1_ on user0_.character_id=character1_.character_id where user0_.user_id=?
Hibernate: select permission0_.character_id as characte6_12_0_, permission0_.permission_id as permissi1_12_0_, permission0_.permission_id as permissi1_12_1_, permission0_.character_id as characte6_12_1_, permission0_.permission_name as permissi2_12_1_, permission0_.permission_permission_unit_id as permissi3_12_1_, permission0_.permission_service as permissi4_12_1_, permission0_.permission_status as permissi5_12_1_ from permission permission0_ where permission0_.character_id=?
Hibernate: select category0_.category_id as col_0_0_ from category category0_ where category0_.category_name=? limit ?
Hibernate: select category0_.category_id as category1_5_1_, category0_.category_name as category2_5_1_, boardlist1_.category_id as category7_4_3_, boardlist1_.board_id as board_id1_4_3_, boardlist1_.board_id as board_id1_4_0_, boardlist1_.category_id as category7_4_0_, boardlist1_.board_content as board_co2_4_0_, boardlist1_.board_created_at as board_cr3_4_0_, boardlist1_.board_last_modified_at as board_la4_4_0_, boardlist1_.board_title as board_ti5_4_0_, boardlist1_.user_id as user_id8_4_0_, boardlist1_.board_views as board_vi6_4_0_ from category category0_ left outer join board boardlist1_ on category0_.category_id=boardlist1_.category_id where category0_.category_id=?
Hibernate: insert into category (category_id, category_name) values (default, ?)
Hibernate: select user0_.user_id as col_0_0_ from user user0_ where user0_.user_user_id=? limit ?
Hibernate: select user0_.user_id as col_0_0_ from user user0_ where user0_.user_user_id=? limit ?
Hibernate: select U.* from USER U where U.USER_USER_ID =?
Hibernate: select character0_.character_id as characte1_6_0_, character0_.character_character_name as characte2_6_0_ from characters character0_ where character0_.character_id=?
Hibernate: select user0_.user_id as col_0_0_ from user user0_ where user0_.user_user_id=? limit ?
Hibernate: select user0_.user_id as col_0_0_ from user user0_ where user0_.user_user_id=? limit ?
Hibernate: select U.* from USER U where U.USER_USER_ID =?
Hibernate: select character0_.character_id as characte1_6_0_, character0_.character_character_name as characte2_6_0_ from characters character0_ where character0_.character_id=?
Hibernate: select user0_.user_id as user_id1_21_0_, user0_.character_id as characte7_21_0_, user0_.user_created_at as user_cre2_21_0_, user0_.user_name as user_nam3_21_0_, user0_.user_phone_number as user_pho4_21_0_, user0_.user_user_id as user_use5_21_0_, user0_.user_user_password as user_use6_21_0_ from user user0_ where user0_.user_id=?
Hibernate: select character0_.character_id as characte1_6_0_, character0_.character_character_name as characte2_6_0_ from characters character0_ where character0_.character_id=?
Hibernate: select count(*) as col_0_0_ from board board0_
Hibernate: select count(*) as col_0_0_ from board board0_
Hibernate: select user0_.user_id as col_0_0_ from user user0_ where user0_.user_user_id=? limit ?
Hibernate: select user0_.user_id as col_0_0_ from user user0_ where user0_.user_user_id=? limit ?
Hibernate: select U.* from USER U where U.USER_USER_ID =?
Hibernate: select character0_.character_id as characte1_6_0_, character0_.character_character_name as characte2_6_0_ from characters character0_ where character0_.character_id=?
Hibernate: select user0_.user_id as user_id1_21_0_, user0_.character_id as characte7_21_0_, user0_.user_created_at as user_cre2_21_0_, user0_.user_name as user_nam3_21_0_, user0_.user_phone_number as user_pho4_21_0_, user0_.user_user_id as user_use5_21_0_, user0_.user_user_password as user_use6_21_0_ from user user0_ where user0_.user_id=?
Hibernate: select character0_.character_id as characte1_6_0_, character0_.character_character_name as characte2_6_0_ from characters character0_ where character0_.character_id=?
Hibernate: select category0_.category_id as category1_5_, category0_.category_name as category2_5_ from category category0_
Hibernate: select boardlist0_.category_id as category7_4_0_, boardlist0_.board_id as board_id1_4_0_, boardlist0_.board_id as board_id1_4_1_, boardlist0_.category_id as category7_4_1_, boardlist0_.board_content as board_co2_4_1_, boardlist0_.board_created_at as board_cr3_4_1_, boardlist0_.board_last_modified_at as board_la4_4_1_, boardlist0_.board_title as board_ti5_4_1_, boardlist0_.user_id as user_id8_4_1_, boardlist0_.board_views as board_vi6_4_1_ from board boardlist0_ where boardlist0_.category_id=?
Hibernate: select boardlist0_.category_id as category7_4_0_, boardlist0_.board_id as board_id1_4_0_, boardlist0_.board_id as board_id1_4_1_, boardlist0_.category_id as category7_4_1_, boardlist0_.board_content as board_co2_4_1_, boardlist0_.board_created_at as board_cr3_4_1_, boardlist0_.board_last_modified_at as board_la4_4_1_, boardlist0_.board_title as board_ti5_4_1_, boardlist0_.user_id as user_id8_4_1_, boardlist0_.board_views as board_vi6_4_1_ from board boardlist0_ where boardlist0_.category_id=?
Hibernate: select user0_.user_id as user_id1_21_0_, user0_.character_id as characte7_21_0_, user0_.user_created_at as user_cre2_21_0_, user0_.user_name as user_nam3_21_0_, user0_.user_phone_number as user_pho4_21_0_, user0_.user_user_id as user_use5_21_0_, user0_.user_user_password as user_use6_21_0_ from user user0_ where user0_.user_id=?
Hibernate: select character0_.character_id as characte1_6_0_, character0_.character_character_name as characte2_6_0_ from characters character0_ where character0_.character_id=?
Hibernate: select count(*) as col_0_0_ from user user0_ where user0_.user_id=?
Hibernate: select character1_.character_id as characte1_6_, character1_.character_character_name as characte2_6_ from user user0_ inner join characters character1_ on user0_.character_id=character1_.character_id where user0_.user_id=?
Hibernate: select permission0_.character_id as characte6_12_0_, permission0_.permission_id as permissi1_12_0_, permission0_.permission_id as permissi1_12_1_, permission0_.character_id as characte6_12_1_, permission0_.permission_name as permissi2_12_1_, permission0_.permission_permission_unit_id as permissi3_12_1_, permission0_.permission_service as permissi4_12_1_, permission0_.permission_status as permissi5_12_1_ from permission permission0_ where permission0_.character_id=?
Hibernate: select count(*) as col_0_0_ from category category0_ where category0_.category_id=?
Hibernate: select count(board0_.board_id) as col_0_0_ from board board0_ where board0_.category_id=?
Hibernate: select category0_.category_id as category1_5_0_, category0_.category_name as category2_5_0_ from category category0_ where category0_.category_id=?
Hibernate: select boardlist0_.category_id as category7_4_0_, boardlist0_.board_id as board_id1_4_0_, boardlist0_.board_id as board_id1_4_1_, boardlist0_.category_id as category7_4_1_, boardlist0_.board_content as board_co2_4_1_, boardlist0_.board_created_at as board_cr3_4_1_, boardlist0_.board_last_modified_at as board_la4_4_1_, boardlist0_.board_title as board_ti5_4_1_, boardlist0_.user_id as user_id8_4_1_, boardlist0_.board_views as board_vi6_4_1_ from board boardlist0_ where boardlist0_.category_id=?
Hibernate: delete from category where category_id=?
Hibernate: select user0_.user_id as user_id1_21_0_, user0_.character_id as characte7_21_0_, user0_.user_created_at as user_cre2_21_0_, user0_.user_name as user_nam3_21_0_, user0_.user_phone_number as user_pho4_21_0_, user0_.user_user_id as user_use5_21_0_, user0_.user_user_password as user_use6_21_0_ from user user0_ where user0_.user_id=?
Hibernate: select character0_.character_id as characte1_6_0_, character0_.character_character_name as characte2_6_0_ from characters character0_ where character0_.character_id=?
Hibernate: select count(*) as col_0_0_ from user user0_ where user0_.user_id=?
Hibernate: select character1_.character_id as characte1_6_, character1_.character_character_name as characte2_6_ from user user0_ inner join characters character1_ on user0_.character_id=character1_.character_id where user0_.user_id=?
Hibernate: select permission0_.character_id as characte6_12_0_, permission0_.permission_id as permissi1_12_0_, permission0_.permission_id as permissi1_12_1_, permission0_.character_id as characte6_12_1_, permission0_.permission_name as permissi2_12_1_, permission0_.permission_permission_unit_id as permissi3_12_1_, permission0_.permission_service as permissi4_12_1_, permission0_.permission_status as permissi5_12_1_ from permission permission0_ where permission0_.character_id=?
Hibernate: select count(*) as col_0_0_ from category category0_ where category0_.category_id=?
Hibernate: select count(board0_.board_id) as col_0_0_ from board board0_ where board0_.category_id=?
Hibernate: select category0_.category_id as category1_5_0_, category0_.category_name as category2_5_0_ from category category0_ where category0_.category_id=?
Hibernate: select boardlist0_.category_id as category7_4_0_, boardlist0_.board_id as board_id1_4_0_, boardlist0_.board_id as board_id1_4_1_, boardlist0_.category_id as category7_4_1_, boardlist0_.board_content as board_co2_4_1_, boardlist0_.board_created_at as board_cr3_4_1_, boardlist0_.board_last_modified_at as board_la4_4_1_, boardlist0_.board_title as board_ti5_4_1_, boardlist0_.user_id as user_id8_4_1_, boardlist0_.board_views as board_vi6_4_1_ from board boardlist0_ where boardlist0_.category_id=?
Hibernate: delete from category where category_id=?
Hibernate: select user0_.user_id as user_id1_21_0_, user0_.character_id as characte7_21_0_, user0_.user_created_at as user_cre2_21_0_, user0_.user_name as user_nam3_21_0_, user0_.user_phone_number as user_pho4_21_0_, user0_.user_user_id as user_use5_21_0_, user0_.user_user_password as user_use6_21_0_ from user user0_ where user0_.user_id=?
Hibernate: select character0_.character_id as characte1_6_0_, character0_.character_character_name as characte2_6_0_ from characters character0_ where character0_.character_id=?
Hibernate: select count(*) as col_0_0_ from user user0_ where user0_.user_id=?
Hibernate: select character1_.character_id as characte1_6_, character1_.character_character_name as characte2_6_ from user user0_ inner join characters character1_ on user0_.character_id=character1_.character_id where user0_.user_id=?
Hibernate: select permission0_.character_id as characte6_12_0_, permission0_.permission_id as permissi1_12_0_, permission0_.permission_id as permissi1_12_1_, permission0_.character_id as characte6_12_1_, permission0_.permission_name as permissi2_12_1_, permission0_.permission_permission_unit_id as permissi3_12_1_, permission0_.permission_service as permissi4_12_1_, permission0_.permission_status as permissi5_12_1_ from permission permission0_ where permission0_.character_id=?
Hibernate: select category0_.category_id as col_0_0_ from category category0_ where category0_.category_name=? limit ?
Hibernate: select category0_.category_id as category1_5_1_, category0_.category_name as category2_5_1_, boardlist1_.category_id as category7_4_3_, boardlist1_.board_id as board_id1_4_3_, boardlist1_.board_id as board_id1_4_0_, boardlist1_.category_id as category7_4_0_, boardlist1_.board_content as board_co2_4_0_, boardlist1_.board_created_at as board_cr3_4_0_, boardlist1_.board_last_modified_at as board_la4_4_0_, boardlist1_.board_title as board_ti5_4_0_, boardlist1_.user_id as user_id8_4_0_, boardlist1_.board_views as board_vi6_4_0_ from category category0_ left outer join board boardlist1_ on category0_.category_id=boardlist1_.category_id where category0_.category_id=?
Hibernate: insert into category (category_id, category_name) values (default, ?)
Hibernate: select user0_.user_id as user_id1_21_0_, user0_.character_id as characte7_21_0_, user0_.user_created_at as user_cre2_21_0_, user0_.user_name as user_nam3_21_0_, user0_.user_phone_number as user_pho4_21_0_, user0_.user_user_id as user_use5_21_0_, user0_.user_user_password as user_use6_21_0_ from user user0_ where user0_.user_id=?
Hibernate: select character0_.character_id as characte1_6_0_, character0_.character_character_name as characte2_6_0_ from characters character0_ where character0_.character_id=?
Hibernate: select count(*) as col_0_0_ from user user0_ where user0_.user_id=?
Hibernate: select character1_.character_id as characte1_6_, character1_.character_character_name as characte2_6_ from user user0_ inner join characters character1_ on user0_.character_id=character1_.character_id where user0_.user_id=?
Hibernate: select permission0_.character_id as characte6_12_0_, permission0_.permission_id as permissi1_12_0_, permission0_.permission_id as permissi1_12_1_, permission0_.character_id as characte6_12_1_, permission0_.permission_name as permissi2_12_1_, permission0_.permission_permission_unit_id as permissi3_12_1_, permission0_.permission_service as permissi4_12_1_, permission0_.permission_status as permissi5_12_1_ from permission permission0_ where permission0_.character_id=?
Hibernate: select category0_.category_id as col_0_0_ from category category0_ where category0_.category_name=? limit ?
Hibernate: select category0_.category_id as category1_5_1_, category0_.category_name as category2_5_1_, boardlist1_.category_id as category7_4_3_, boardlist1_.board_id as board_id1_4_3_, boardlist1_.board_id as board_id1_4_0_, boardlist1_.category_id as category7_4_0_, boardlist1_.board_content as board_co2_4_0_, boardlist1_.board_created_at as board_cr3_4_0_, boardlist1_.board_last_modified_at as board_la4_4_0_, boardlist1_.board_title as board_ti5_4_0_, boardlist1_.user_id as user_id8_4_0_, boardlist1_.board_views as board_vi6_4_0_ from category category0_ left outer join board boardlist1_ on category0_.category_id=boardlist1_.category_id where category0_.category_id=?
Hibernate: insert into category (category_id, category_name) values (default, ?)
Hibernate: select user0_.user_id as col_0_0_ from user user0_ where user0_.user_user_id=? limit ?
Hibernate: select user0_.user_id as col_0_0_ from user user0_ where user0_.user_user_id=? limit ?
Hibernate: select U.* from USER U where U.USER_USER_ID =?
Hibernate: select character0_.character_id as characte1_6_0_, character0_.character_character_name as characte2_6_0_ from characters character0_ where character0_.character_id=?
Hibernate: select user0_.user_id as col_0_0_ from user user0_ where user0_.user_user_id=? limit ?
Hibernate: select user0_.user_id as col_0_0_ from user user0_ where user0_.user_user_id=? limit ?
Hibernate: select U.* from USER U where U.USER_USER_ID =?
Hibernate: select character0_.character_id as characte1_6_0_, character0_.character_character_name as characte2_6_0_ from characters character0_ where character0_.character_id=?
Hibernate: select user0_.user_id as user_id1_21_0_, user0_.character_id as characte7_21_0_, user0_.user_created_at as user_cre2_21_0_, user0_.user_name as user_nam3_21_0_, user0_.user_phone_number as user_pho4_21_0_, user0_.user_user_id as user_use5_21_0_, user0_.user_user_password as user_use6_21_0_ from user user0_ where user0_.user_id=?
Hibernate: select character0_.character_id as characte1_6_0_, character0_.character_character_name as characte2_6_0_ from characters character0_ where character0_.character_id=?
Hibernate: select count(*) as col_0_0_ from user user0_ where user0_.user_id=?
Hibernate: select character1_.character_id as characte1_6_, character1_.character_character_name as characte2_6_ from user user0_ inner join characters character1_ on user0_.character_id=character1_.character_id where user0_.user_id=?
Hibernate: select permission0_.character_id as characte6_12_0_, permission0_.permission_id as permissi1_12_0_, permission0_.permission_id as permissi1_12_1_, permission0_.character_id as characte6_12_1_, permission0_.permission_name as permissi2_12_1_, permission0_.permission_permission_unit_id as permissi3_12_1_, permission0_.permission_service as permissi4_12_1_, permission0_.permission_status as permissi5_12_1_ from permission permission0_ where permission0_.character_id=?
Hibernate: select category0_.category_id as col_0_0_ from category category0_ where category0_.category_name=? limit ?
Hibernate: select category0_.category_id as category1_5_1_, category0_.category_name as category2_5_1_, boardlist1_.category_id as category7_4_3_, boardlist1_.board_id as board_id1_4_3_, boardlist1_.board_id as board_id1_4_0_, boardlist1_.category_id as category7_4_0_, boardlist1_.board_content as board_co2_4_0_, boardlist1_.board_created_at as board_cr3_4_0_, boardlist1_.board_last_modified_at as board_la4_4_0_, boardlist1_.board_title as board_ti5_4_0_, boardlist1_.user_id as user_id8_4_0_, boardlist1_.board_views as board_vi6_4_0_ from category category0_ left outer join board boardlist1_ on category0_.category_id=boardlist1_.category_id where category0_.category_id=?
Hibernate: insert into category (category_id, category_name) values (default, ?)
Hibernate: select user0_.user_id as user_id1_21_0_, user0_.character_id as characte7_21_0_, user0_.user_created_at as user_cre2_21_0_, user0_.user_name as user_nam3_21_0_, user0_.user_phone_number as user_pho4_21_0_, user0_.user_user_id as user_use5_21_0_, user0_.user_user_password as user_use6_21_0_ from user user0_ where user0_.user_id=?
Hibernate: select character0_.character_id as characte1_6_0_, character0_.character_character_name as characte2_6_0_ from characters character0_ where character0_.character_id=?
Hibernate: select category0_.category_id as category1_5_, category0_.category_name as category2_5_ from category category0_
Hibernate: select boardlist0_.category_id as category7_4_0_, boardlist0_.board_id as board_id1_4_0_, boardlist0_.board_id as board_id1_4_1_, boardlist0_.category_id as category7_4_1_, boardlist0_.board_content as board_co2_4_1_, boardlist0_.board_created_at as board_cr3_4_1_, boardlist0_.board_last_modified_at as board_la4_4_1_, boardlist0_.board_title as board_ti5_4_1_, boardlist0_.user_id as user_id8_4_1_, boardlist0_.board_views as board_vi6_4_1_ from board boardlist0_ where boardlist0_.category_id=?
Hibernate: select boardlist0_.category_id as category7_4_0_, boardlist0_.board_id as board_id1_4_0_, boardlist0_.board_id as board_id1_4_1_, boardlist0_.category_id as category7_4_1_, boardlist0_.board_content as board_co2_4_1_, boardlist0_.board_created_at as board_cr3_4_1_, boardlist0_.board_last_modified_at as board_la4_4_1_, boardlist0_.board_title as board_ti5_4_1_, boardlist0_.user_id as user_id8_4_1_, boardlist0_.board_views as board_vi6_4_1_ from board boardlist0_ where boardlist0_.category_id=?
Hibernate: select boardlist0_.category_id as category7_4_0_, boardlist0_.board_id as board_id1_4_0_, boardlist0_.board_id as board_id1_4_1_, boardlist0_.category_id as category7_4_1_, boardlist0_.board_content as board_co2_4_1_, boardlist0_.board_created_at as board_cr3_4_1_, boardlist0_.board_last_modified_at as board_la4_4_1_, boardlist0_.board_title as board_ti5_4_1_, boardlist0_.user_id as user_id8_4_1_, boardlist0_.board_views as board_vi6_4_1_ from board boardlist0_ where boardlist0_.category_id=?
Hibernate: select user0_.user_id as user_id1_21_0_, user0_.character_id as characte7_21_0_, user0_.user_created_at as user_cre2_21_0_, user0_.user_name as user_nam3_21_0_, user0_.user_phone_number as user_pho4_21_0_, user0_.user_user_id as user_use5_21_0_, user0_.user_user_password as user_use6_21_0_ from user user0_ where user0_.user_id=?
Hibernate: select character0_.character_id as characte1_6_0_, character0_.character_character_name as characte2_6_0_ from characters character0_ where character0_.character_id=?
Hibernate: select count(*) as col_0_0_ from user user0_ where user0_.user_id=?
Hibernate: select character1_.character_id as characte1_6_, character1_.character_character_name as characte2_6_ from user user0_ inner join characters character1_ on user0_.character_id=character1_.character_id where user0_.user_id=?
Hibernate: select permission0_.character_id as characte6_12_0_, permission0_.permission_id as permissi1_12_0_, permission0_.permission_id as permissi1_12_1_, permission0_.character_id as characte6_12_1_, permission0_.permission_name as permissi2_12_1_, permission0_.permission_permission_unit_id as permissi3_12_1_, permission0_.permission_service as permissi4_12_1_, permission0_.permission_status as permissi5_12_1_ from permission permission0_ where permission0_.character_id=?
Hibernate: select count(*) as col_0_0_ from category category0_ where category0_.category_id=?
Hibernate: insert into filename (filename_id, filename_origin, filename_uuid) values (default, ?, ?)
Hibernate: insert into filename (filename_id, filename_origin, filename_uuid) values (default, ?, ?)
Hibernate: insert into filename (filename_id, filename_origin, filename_uuid) values (default, ?, ?)
Hibernate: select category0_.category_id as category1_5_0_, category0_.category_name as category2_5_0_ from category category0_ where category0_.category_id=?
Hibernate: insert into board (board_id, category_id, board_content, board_created_at, board_last_modified_at, board_title, user_id, board_views) values (default, ?, ?, ?, ?, ?, ?, ?)
Hibernate: insert into reaction (reaction_id, board_id, reaction_type) values (default, ?, ?)
Hibernate: insert into reaction (reaction_id, board_id, reaction_type) values (default, ?, ?)
Hibernate: insert into reaction (reaction_id, board_id, reaction_type) values (default, ?, ?)
Hibernate: insert into reaction (reaction_id, board_id, reaction_type) values (default, ?, ?)
Hibernate: insert into reaction (reaction_id, board_id, reaction_type) values (default, ?, ?)
Hibernate: insert into reaction (reaction_id, board_id, reaction_type) values (default, ?, ?)
Hibernate: insert into file_path_list (board_board_id, board_file_path_list) values (?, ?)
Hibernate: insert into image_path_list (board_board_id, board_image_path_list) values (?, ?)
Hibernate: insert into image_path_list (board_board_id, board_image_path_list) values (?, ?)
Hibernate: select user0_.user_id as col_0_0_ from user user0_ where user0_.user_user_id=? limit ?
Hibernate: select user0_.user_id as col_0_0_ from user user0_ where user0_.user_user_id=? limit ?
Hibernate: select U.* from USER U where U.USER_USER_ID =?
Hibernate: select character0_.character_id as characte1_6_0_, character0_.character_character_name as characte2_6_0_ from characters character0_ where character0_.character_id=?
Hibernate: select user0_.user_id as user_id1_21_0_, user0_.character_id as characte7_21_0_, user0_.user_created_at as user_cre2_21_0_, user0_.user_name as user_nam3_21_0_, user0_.user_phone_number as user_pho4_21_0_, user0_.user_user_id as user_use5_21_0_, user0_.user_user_password as user_use6_21_0_ from user user0_ where user0_.user_id=?
Hibernate: select character0_.character_id as characte1_6_0_, character0_.character_character_name as characte2_6_0_ from characters character0_ where character0_.character_id=?
Hibernate: select count(*) as col_0_0_ from board board0_
Hibernate: select board0_.board_id as board_id1_4_, board0_.category_id as category7_4_, board0_.board_content as board_co2_4_, board0_.board_created_at as board_cr3_4_, board0_.board_last_modified_at as board_la4_4_, board0_.board_title as board_ti5_4_, board0_.user_id as user_id8_4_, board0_.board_views as board_vi6_4_ from board board0_ limit ?
Hibernate: select category0_.category_id as category1_5_0_, category0_.category_name as category2_5_0_ from category category0_ where category0_.category_id=?
Hibernate: select reactionli0_.board_id as board_id3_13_0_, reactionli0_.reaction_id as reaction1_13_0_, reactionli0_.reaction_id as reaction1_13_1_, reactionli0_.board_id as board_id3_13_1_, reactionli0_.reaction_type as reaction2_13_1_ from reaction reactionli0_ where reactionli0_.board_id=?
Hibernate: select reactionus0_.reaction_id as reaction2_14_0_, reactionus0_.reaction_user_id as reaction1_14_0_, reactionus0_.reaction_user_id as reaction1_14_1_, reactionus0_.reaction_id as reaction2_14_1_, reactionus0_.user_id as user_id3_14_1_ from reaction_user reactionus0_ where reactionus0_.reaction_id=?
Hibernate: select reactionus0_.reaction_id as reaction2_14_0_, reactionus0_.reaction_user_id as reaction1_14_0_, reactionus0_.reaction_user_id as reaction1_14_1_, reactionus0_.reaction_id as reaction2_14_1_, reactionus0_.user_id as user_id3_14_1_ from reaction_user reactionus0_ where reactionus0_.reaction_id=?
Hibernate: select reactionus0_.reaction_id as reaction2_14_0_, reactionus0_.reaction_user_id as reaction1_14_0_, reactionus0_.reaction_user_id as reaction1_14_1_, reactionus0_.reaction_id as reaction2_14_1_, reactionus0_.user_id as user_id3_14_1_ from reaction_user reactionus0_ where reactionus0_.reaction_id=?
Hibernate: select reactionus0_.reaction_id as reaction2_14_0_, reactionus0_.reaction_user_id as reaction1_14_0_, reactionus0_.reaction_user_id as reaction1_14_1_, reactionus0_.reaction_id as reaction2_14_1_, reactionus0_.user_id as user_id3_14_1_ from reaction_user reactionus0_ where reactionus0_.reaction_id=?
Hibernate: select reactionus0_.reaction_id as reaction2_14_0_, reactionus0_.reaction_user_id as reaction1_14_0_, reactionus0_.reaction_user_id as reaction1_14_1_, reactionus0_.reaction_id as reaction2_14_1_, reactionus0_.user_id as user_id3_14_1_ from reaction_user reactionus0_ where reactionus0_.reaction_id=?
Hibernate: select reactionus0_.reaction_id as reaction2_14_0_, reactionus0_.reaction_user_id as reaction1_14_0_, reactionus0_.reaction_user_id as reaction1_14_1_, reactionus0_.reaction_id as reaction2_14_1_, reactionus0_.user_id as user_id3_14_1_ from reaction_user reactionus0_ where reactionus0_.reaction_id=?
Hibernate: select commentlis0_.board_id as board_id5_7_0_, commentlis0_.comment_id as comment_1_7_0_, commentlis0_.comment_id as comment_1_7_1_, commentlis0_.board_id as board_id5_7_1_, commentlis0_.comment_content as comment_2_7_1_, commentlis0_.comment_created_at as comment_3_7_1_, commentlis0_.comment_last_modified_at as comment_4_7_1_, commentlis0_.user_id as user_id6_7_1_ from comment commentlis0_ where commentlis0_.board_id=?
Hibernate: select boardlist0_.category_id as category7_4_0_, boardlist0_.board_id as board_id1_4_0_, boardlist0_.board_id as board_id1_4_1_, boardlist0_.category_id as category7_4_1_, boardlist0_.board_content as board_co2_4_1_, boardlist0_.board_created_at as board_cr3_4_1_, boardlist0_.board_last_modified_at as board_la4_4_1_, boardlist0_.board_title as board_ti5_4_1_, boardlist0_.user_id as user_id8_4_1_, boardlist0_.board_views as board_vi6_4_1_ from board boardlist0_ where boardlist0_.category_id=?
Hibernate: select count(comment0_.comment_id) as col_0_0_ from comment comment0_ where comment0_.board_id=?
Hibernate: select count(*) as col_0_0_ from board board0_
Hibernate: select imagepathl0_.board_board_id as board_bo1_11_0_, imagepathl0_.board_image_path_list as board_im2_11_0_ from image_path_list imagepathl0_ where imagepathl0_.board_board_id=?
Hibernate: select filename0_.filename_id as filename1_9_, filename0_.filename_origin as filename2_9_, filename0_.filename_uuid as filename3_9_ from filename filename0_ where filename0_.filename_uuid=?
Hibernate: select filename0_.filename_id as filename1_9_, filename0_.filename_origin as filename2_9_, filename0_.filename_uuid as filename3_9_ from filename filename0_ where filename0_.filename_uuid=?
Hibernate: select filepathli0_.board_board_id as board_bo1_8_0_, filepathli0_.board_file_path_list as board_fi2_8_0_ from file_path_list filepathli0_ where filepathli0_.board_board_id=?
Hibernate: select filename0_.filename_id as filename1_9_, filename0_.filename_origin as filename2_9_, filename0_.filename_uuid as filename3_9_ from filename filename0_ where filename0_.filename_uuid=?
Hibernate: select U.* from USER U join BOARD B where U.USER_ID = B.USER_ID and B.BOARD_ID = ?
Hibernate: select character0_.character_id as characte1_6_0_, character0_.character_character_name as characte2_6_0_ from characters character0_ where character0_.character_id=?
Hibernate: select count(*) as col_0_0_ from user user0_ where user0_.user_id=?
Hibernate: select character1_.character_id as characte1_6_, character1_.character_character_name as characte2_6_ from user user0_ inner join characters character1_ on user0_.character_id=character1_.character_id where user0_.user_id=?
Hibernate: select permission0_.character_id as characte6_12_0_, permission0_.permission_id as permissi1_12_0_, permission0_.permission_id as permissi1_12_1_, permission0_.character_id as characte6_12_1_, permission0_.permission_name as permissi2_12_1_, permission0_.permission_permission_unit_id as permissi3_12_1_, permission0_.permission_service as permissi4_12_1_, permission0_.permission_status as permissi5_12_1_ from permission permission0_ where permission0_.character_id=?
Hibernate: select count(*) as col_0_0_ from board board0_ where board0_.board_id=?
Hibernate: select board0_.board_id as board_id1_4_0_, board0_.category_id as category7_4_0_, board0_.board_content as board_co2_4_0_, board0_.board_created_at as board_cr3_4_0_, board0_.board_last_modified_at as board_la4_4_0_, board0_.board_title as board_ti5_4_0_, board0_.user_id as user_id8_4_0_, board0_.board_views as board_vi6_4_0_ from board board0_ where board0_.board_id=?
Hibernate: select category0_.category_id as category1_5_0_, category0_.category_name as category2_5_0_ from category category0_ where category0_.category_id=?
Hibernate: select reactionli0_.board_id as board_id3_13_0_, reactionli0_.reaction_id as reaction1_13_0_, reactionli0_.reaction_id as reaction1_13_1_, reactionli0_.board_id as board_id3_13_1_, reactionli0_.reaction_type as reaction2_13_1_ from reaction reactionli0_ where reactionli0_.board_id=?
Hibernate: select reactionus0_.reaction_id as reaction2_14_0_, reactionus0_.reaction_user_id as reaction1_14_0_, reactionus0_.reaction_user_id as reaction1_14_1_, reactionus0_.reaction_id as reaction2_14_1_, reactionus0_.user_id as user_id3_14_1_ from reaction_user reactionus0_ where reactionus0_.reaction_id=?
Hibernate: select reactionus0_.reaction_id as reaction2_14_0_, reactionus0_.reaction_user_id as reaction1_14_0_, reactionus0_.reaction_user_id as reaction1_14_1_, reactionus0_.reaction_id as reaction2_14_1_, reactionus0_.user_id as user_id3_14_1_ from reaction_user reactionus0_ where reactionus0_.reaction_id=?
Hibernate: select reactionus0_.reaction_id as reaction2_14_0_, reactionus0_.reaction_user_id as reaction1_14_0_, reactionus0_.reaction_user_id as reaction1_14_1_, reactionus0_.reaction_id as reaction2_14_1_, reactionus0_.user_id as user_id3_14_1_ from reaction_user reactionus0_ where reactionus0_.reaction_id=?
Hibernate: select reactionus0_.reaction_id as reaction2_14_0_, reactionus0_.reaction_user_id as reaction1_14_0_, reactionus0_.reaction_user_id as reaction1_14_1_, reactionus0_.reaction_id as reaction2_14_1_, reactionus0_.user_id as user_id3_14_1_ from reaction_user reactionus0_ where reactionus0_.reaction_id=?
Hibernate: select reactionus0_.reaction_id as reaction2_14_0_, reactionus0_.reaction_user_id as reaction1_14_0_, reactionus0_.reaction_user_id as reaction1_14_1_, reactionus0_.reaction_id as reaction2_14_1_, reactionus0_.user_id as user_id3_14_1_ from reaction_user reactionus0_ where reactionus0_.reaction_id=?
Hibernate: select reactionus0_.reaction_id as reaction2_14_0_, reactionus0_.reaction_user_id as reaction1_14_0_, reactionus0_.reaction_user_id as reaction1_14_1_, reactionus0_.reaction_id as reaction2_14_1_, reactionus0_.user_id as user_id3_14_1_ from reaction_user reactionus0_ where reactionus0_.reaction_id=?
Hibernate: select commentlis0_.board_id as board_id5_7_0_, commentlis0_.comment_id as comment_1_7_0_, commentlis0_.comment_id as comment_1_7_1_, commentlis0_.board_id as board_id5_7_1_, commentlis0_.comment_content as comment_2_7_1_, commentlis0_.comment_created_at as comment_3_7_1_, commentlis0_.comment_last_modified_at as comment_4_7_1_, commentlis0_.user_id as user_id6_7_1_ from comment commentlis0_ where commentlis0_.board_id=?
Hibernate: select boardlist0_.category_id as category7_4_0_, boardlist0_.board_id as board_id1_4_0_, boardlist0_.board_id as board_id1_4_1_, boardlist0_.category_id as category7_4_1_, boardlist0_.board_content as board_co2_4_1_, boardlist0_.board_created_at as board_cr3_4_1_, boardlist0_.board_last_modified_at as board_la4_4_1_, boardlist0_.board_title as board_ti5_4_1_, boardlist0_.user_id as user_id8_4_1_, boardlist0_.board_views as board_vi6_4_1_ from board boardlist0_ where boardlist0_.category_id=?
Hibernate: select count(comment0_.comment_id) as col_0_0_ from comment comment0_ where comment0_.board_id=?
Hibernate: update board set category_id=?, board_content=?, board_created_at=?, board_last_modified_at=?, board_title=?, user_id=?, board_views=? where board_id=?
Hibernate: select filepathli0_.board_board_id as board_bo1_8_0_, filepathli0_.board_file_path_list as board_fi2_8_0_ from file_path_list filepathli0_ where filepathli0_.board_board_id=?
Hibernate: select filename0_.filename_id as filename1_9_, filename0_.filename_origin as filename2_9_, filename0_.filename_uuid as filename3_9_ from filename filename0_ where filename0_.filename_uuid=?
Hibernate: delete from filename where filename_id=?
Hibernate: select imagepathl0_.board_board_id as board_bo1_11_0_, imagepathl0_.board_image_path_list as board_im2_11_0_ from image_path_list imagepathl0_ where imagepathl0_.board_board_id=?
Hibernate: select filename0_.filename_id as filename1_9_, filename0_.filename_origin as filename2_9_, filename0_.filename_uuid as filename3_9_ from filename filename0_ where filename0_.filename_uuid=?
Hibernate: delete from filename where filename_id=?
Hibernate: select filename0_.filename_id as filename1_9_, filename0_.filename_origin as filename2_9_, filename0_.filename_uuid as filename3_9_ from filename filename0_ where filename0_.filename_uuid=?
Hibernate: delete from filename where filename_id=?
Hibernate: select count(*) as col_0_0_ from board board0_ where board0_.board_id=?
Hibernate: delete from file_path_list where board_board_id=?
Hibernate: delete from image_path_list where board_board_id=?
Hibernate: delete from reaction where reaction_id=?
Hibernate: delete from reaction where reaction_id=?
Hibernate: delete from reaction where reaction_id=?
Hibernate: delete from reaction where reaction_id=?
Hibernate: delete from reaction where reaction_id=?
Hibernate: delete from reaction where reaction_id=?
Hibernate: delete from board where board_id=?
Hibernate: select user0_.user_id as user_id1_21_0_, user0_.character_id as characte7_21_0_, user0_.user_created_at as user_cre2_21_0_, user0_.user_name as user_nam3_21_0_, user0_.user_phone_number as user_pho4_21_0_, user0_.user_user_id as user_use5_21_0_, user0_.user_user_password as user_use6_21_0_ from user user0_ where user0_.user_id=?
Hibernate: select character0_.character_id as characte1_6_0_, character0_.character_character_name as characte2_6_0_ from characters character0_ where character0_.character_id=?
Hibernate: select count(*) as col_0_0_ from user user0_ where user0_.user_id=?
Hibernate: select character1_.character_id as characte1_6_, character1_.character_character_name as characte2_6_ from user user0_ inner join characters character1_ on user0_.character_id=character1_.character_id where user0_.user_id=?
Hibernate: select permission0_.character_id as characte6_12_0_, permission0_.permission_id as permissi1_12_0_, permission0_.permission_id as permissi1_12_1_, permission0_.character_id as characte6_12_1_, permission0_.permission_name as permissi2_12_1_, permission0_.permission_permission_unit_id as permissi3_12_1_, permission0_.permission_service as permissi4_12_1_, permission0_.permission_status as permissi5_12_1_ from permission permission0_ where permission0_.character_id=?
Hibernate: select count(*) as col_0_0_ from board board0_ where board0_.board_id=?
Hibernate: select user0_.user_id as col_0_0_ from user user0_ where user0_.user_user_id=? limit ?
Hibernate: select user0_.user_id as col_0_0_ from user user0_ where user0_.user_user_id=? limit ?
Hibernate: select U.* from USER U where U.USER_USER_ID =?
Hibernate: select character0_.character_id as characte1_6_0_, character0_.character_character_name as characte2_6_0_ from characters character0_ where character0_.character_id=?
Hibernate: select user0_.user_id as user_id1_21_0_, user0_.character_id as characte7_21_0_, user0_.user_created_at as user_cre2_21_0_, user0_.user_name as user_nam3_21_0_, user0_.user_phone_number as user_pho4_21_0_, user0_.user_user_id as user_use5_21_0_, user0_.user_user_password as user_use6_21_0_ from user user0_ where user0_.user_id=?
Hibernate: select character0_.character_id as characte1_6_0_, character0_.character_character_name as characte2_6_0_ from characters character0_ where character0_.character_id=?
Hibernate: select category0_.category_id as category1_5_, category0_.category_name as category2_5_ from category category0_
Hibernate: select boardlist0_.category_id as category7_4_0_, boardlist0_.board_id as board_id1_4_0_, boardlist0_.board_id as board_id1_4_1_, boardlist0_.category_id as category7_4_1_, boardlist0_.board_content as board_co2_4_1_, boardlist0_.board_created_at as board_cr3_4_1_, boardlist0_.board_last_modified_at as board_la4_4_1_, boardlist0_.board_title as board_ti5_4_1_, boardlist0_.user_id as user_id8_4_1_, boardlist0_.board_views as board_vi6_4_1_ from board boardlist0_ where boardlist0_.category_id=?
Hibernate: select boardlist0_.category_id as category7_4_0_, boardlist0_.board_id as board_id1_4_0_, boardlist0_.board_id as board_id1_4_1_, boardlist0_.category_id as category7_4_1_, boardlist0_.board_content as board_co2_4_1_, boardlist0_.board_created_at as board_cr3_4_1_, boardlist0_.board_last_modified_at as board_la4_4_1_, boardlist0_.board_title as board_ti5_4_1_, boardlist0_.user_id as user_id8_4_1_, boardlist0_.board_views as board_vi6_4_1_ from board boardlist0_ where boardlist0_.category_id=?
Hibernate: select boardlist0_.category_id as category7_4_0_, boardlist0_.board_id as board_id1_4_0_, boardlist0_.board_id as board_id1_4_1_, boardlist0_.category_id as category7_4_1_, boardlist0_.board_content as board_co2_4_1_, boardlist0_.board_created_at as board_cr3_4_1_, boardlist0_.board_last_modified_at as board_la4_4_1_, boardlist0_.board_title as board_ti5_4_1_, boardlist0_.user_id as user_id8_4_1_, boardlist0_.board_views as board_vi6_4_1_ from board boardlist0_ where boardlist0_.category_id=?
Hibernate: select user0_.user_id as user_id1_21_0_, user0_.character_id as characte7_21_0_, user0_.user_created_at as user_cre2_21_0_, user0_.user_name as user_nam3_21_0_, user0_.user_phone_number as user_pho4_21_0_, user0_.user_user_id as user_use5_21_0_, user0_.user_user_password as user_use6_21_0_ from user user0_ where user0_.user_id=?
Hibernate: select character0_.character_id as characte1_6_0_, character0_.character_character_name as characte2_6_0_ from characters character0_ where character0_.character_id=?
Hibernate: select count(*) as col_0_0_ from user user0_ where user0_.user_id=?
Hibernate: select character1_.character_id as characte1_6_, character1_.character_character_name as characte2_6_ from user user0_ inner join characters character1_ on user0_.character_id=character1_.character_id where user0_.user_id=?
Hibernate: select permission0_.character_id as characte6_12_0_, permission0_.permission_id as permissi1_12_0_, permission0_.permission_id as permissi1_12_1_, permission0_.character_id as characte6_12_1_, permission0_.permission_name as permissi2_12_1_, permission0_.permission_permission_unit_id as permissi3_12_1_, permission0_.permission_service as permissi4_12_1_, permission0_.permission_status as permissi5_12_1_ from permission permission0_ where permission0_.character_id=?
Hibernate: select count(*) as col_0_0_ from category category0_ where category0_.category_id=?
Hibernate: select count(board0_.board_id) as col_0_0_ from board board0_ where board0_.category_id=?
Hibernate: select category0_.category_id as category1_5_0_, category0_.category_name as category2_5_0_ from category category0_ where category0_.category_id=?
Hibernate: select boardlist0_.category_id as category7_4_0_, boardlist0_.board_id as board_id1_4_0_, boardlist0_.board_id as board_id1_4_1_, boardlist0_.category_id as category7_4_1_, boardlist0_.board_content as board_co2_4_1_, boardlist0_.board_created_at as board_cr3_4_1_, boardlist0_.board_last_modified_at as board_la4_4_1_, boardlist0_.board_title as board_ti5_4_1_, boardlist0_.user_id as user_id8_4_1_, boardlist0_.board_views as board_vi6_4_1_ from board boardlist0_ where boardlist0_.category_id=?
Hibernate: delete from category where category_id=?
Hibernate: select user0_.user_id as user_id1_21_0_, user0_.character_id as characte7_21_0_, user0_.user_created_at as user_cre2_21_0_, user0_.user_name as user_nam3_21_0_, user0_.user_phone_number as user_pho4_21_0_, user0_.user_user_id as user_use5_21_0_, user0_.user_user_password as user_use6_21_0_ from user user0_ where user0_.user_id=?
Hibernate: select character0_.character_id as characte1_6_0_, character0_.character_character_name as characte2_6_0_ from characters character0_ where character0_.character_id=?
Hibernate: select count(*) as col_0_0_ from user user0_ where user0_.user_id=?
Hibernate: select character1_.character_id as characte1_6_, character1_.character_character_name as characte2_6_ from user user0_ inner join characters character1_ on user0_.character_id=character1_.character_id where user0_.user_id=?
Hibernate: select permission0_.character_id as characte6_12_0_, permission0_.permission_id as permissi1_12_0_, permission0_.permission_id as permissi1_12_1_, permission0_.character_id as characte6_12_1_, permission0_.permission_name as permissi2_12_1_, permission0_.permission_permission_unit_id as permissi3_12_1_, permission0_.permission_service as permissi4_12_1_, permission0_.permission_status as permissi5_12_1_ from permission permission0_ where permission0_.character_id=?
Hibernate: select count(*) as col_0_0_ from category category0_ where category0_.category_id=?
Hibernate: select count(board0_.board_id) as col_0_0_ from board board0_ where board0_.category_id=?
Hibernate: select category0_.category_id as category1_5_0_, category0_.category_name as category2_5_0_ from category category0_ where category0_.category_id=?
Hibernate: select boardlist0_.category_id as category7_4_0_, boardlist0_.board_id as board_id1_4_0_, boardlist0_.board_id as board_id1_4_1_, boardlist0_.category_id as category7_4_1_, boardlist0_.board_content as board_co2_4_1_, boardlist0_.board_created_at as board_cr3_4_1_, boardlist0_.board_last_modified_at as board_la4_4_1_, boardlist0_.board_title as board_ti5_4_1_, boardlist0_.user_id as user_id8_4_1_, boardlist0_.board_views as board_vi6_4_1_ from board boardlist0_ where boardlist0_.category_id=?
Hibernate: delete from category where category_id=?
Hibernate: select user0_.user_id as user_id1_21_0_, user0_.character_id as characte7_21_0_, user0_.user_created_at as user_cre2_21_0_, user0_.user_name as user_nam3_21_0_, user0_.user_phone_number as user_pho4_21_0_, user0_.user_user_id as user_use5_21_0_, user0_.user_user_password as user_use6_21_0_ from user user0_ where user0_.user_id=?
Hibernate: select character0_.character_id as characte1_6_0_, character0_.character_character_name as characte2_6_0_ from characters character0_ where character0_.character_id=?
Hibernate: select count(*) as col_0_0_ from user user0_ where user0_.user_id=?
Hibernate: select character1_.character_id as characte1_6_, character1_.character_character_name as characte2_6_ from user user0_ inner join characters character1_ on user0_.character_id=character1_.character_id where user0_.user_id=?
Hibernate: select permission0_.character_id as characte6_12_0_, permission0_.permission_id as permissi1_12_0_, permission0_.permission_id as permissi1_12_1_, permission0_.character_id as characte6_12_1_, permission0_.permission_name as permissi2_12_1_, permission0_.permission_permission_unit_id as permissi3_12_1_, permission0_.permission_service as permissi4_12_1_, permission0_.permission_status as permissi5_12_1_ from permission permission0_ where permission0_.character_id=?
Hibernate: select count(*) as col_0_0_ from category category0_ where category0_.category_id=?
Hibernate: select count(board0_.board_id) as col_0_0_ from board board0_ where board0_.category_id=?
Hibernate: select category0_.category_id as category1_5_0_, category0_.category_name as category2_5_0_ from category category0_ where category0_.category_id=?
Hibernate: select boardlist0_.category_id as category7_4_0_, boardlist0_.board_id as board_id1_4_0_, boardlist0_.board_id as board_id1_4_1_, boardlist0_.category_id as category7_4_1_, boardlist0_.board_content as board_co2_4_1_, boardlist0_.board_created_at as board_cr3_4_1_, boardlist0_.board_last_modified_at as board_la4_4_1_, boardlist0_.board_title as board_ti5_4_1_, boardlist0_.user_id as user_id8_4_1_, boardlist0_.board_views as board_vi6_4_1_ from board boardlist0_ where boardlist0_.category_id=?
Hibernate: delete from category where category_id=?
Hibernate: select user0_.user_id as user_id1_21_0_, user0_.character_id as characte7_21_0_, user0_.user_created_at as user_cre2_21_0_, user0_.user_name as user_nam3_21_0_, user0_.user_phone_number as user_pho4_21_0_, user0_.user_user_id as user_use5_21_0_, user0_.user_user_password as user_use6_21_0_ from user user0_ where user0_.user_id=?
Hibernate: select character0_.character_id as characte1_6_0_, character0_.character_character_name as characte2_6_0_ from characters character0_ where character0_.character_id=?
Hibernate: select count(*) as col_0_0_ from user user0_ where user0_.user_id=?
Hibernate: select character1_.character_id as characte1_6_, character1_.character_character_name as characte2_6_ from user user0_ inner join characters character1_ on user0_.character_id=character1_.character_id where user0_.user_id=?
Hibernate: select permission0_.character_id as characte6_12_0_, permission0_.permission_id as permissi1_12_0_, permission0_.permission_id as permissi1_12_1_, permission0_.character_id as characte6_12_1_, permission0_.permission_name as permissi2_12_1_, permission0_.permission_permission_unit_id as permissi3_12_1_, permission0_.permission_service as permissi4_12_1_, permission0_.permission_status as permissi5_12_1_ from permission permission0_ where permission0_.character_id=?
Hibernate: select category0_.category_id as col_0_0_ from category category0_ where category0_.category_name=? limit ?
Hibernate: select category0_.category_id as category1_5_1_, category0_.category_name as category2_5_1_, boardlist1_.category_id as category7_4_3_, boardlist1_.board_id as board_id1_4_3_, boardlist1_.board_id as board_id1_4_0_, boardlist1_.category_id as category7_4_0_, boardlist1_.board_content as board_co2_4_0_, boardlist1_.board_created_at as board_cr3_4_0_, boardlist1_.board_last_modified_at as board_la4_4_0_, boardlist1_.board_title as board_ti5_4_0_, boardlist1_.user_id as user_id8_4_0_, boardlist1_.board_views as board_vi6_4_0_ from category category0_ left outer join board boardlist1_ on category0_.category_id=boardlist1_.category_id where category0_.category_id=?
Hibernate: insert into category (category_id, category_name) values (default, ?)
Hibernate: select user0_.user_id as user_id1_21_0_, user0_.character_id as characte7_21_0_, user0_.user_created_at as user_cre2_21_0_, user0_.user_name as user_nam3_21_0_, user0_.user_phone_number as user_pho4_21_0_, user0_.user_user_id as user_use5_21_0_, user0_.user_user_password as user_use6_21_0_ from user user0_ where user0_.user_id=?
Hibernate: select character0_.character_id as characte1_6_0_, character0_.character_character_name as characte2_6_0_ from characters character0_ where character0_.character_id=?
Hibernate: select count(*) as col_0_0_ from user user0_ where user0_.user_id=?
Hibernate: select character1_.character_id as characte1_6_, character1_.character_character_name as characte2_6_ from user user0_ inner join characters character1_ on user0_.character_id=character1_.character_id where user0_.user_id=?
Hibernate: select permission0_.character_id as characte6_12_0_, permission0_.permission_id as permissi1_12_0_, permission0_.permission_id as permissi1_12_1_, permission0_.character_id as characte6_12_1_, permission0_.permission_name as permissi2_12_1_, permission0_.permission_permission_unit_id as permissi3_12_1_, permission0_.permission_service as permissi4_12_1_, permission0_.permission_status as permissi5_12_1_ from permission permission0_ where permission0_.character_id=?
Hibernate: select category0_.category_id as col_0_0_ from category category0_ where category0_.category_name=? limit ?
Hibernate: select category0_.category_id as category1_5_1_, category0_.category_name as category2_5_1_, boardlist1_.category_id as category7_4_3_, boardlist1_.board_id as board_id1_4_3_, boardlist1_.board_id as board_id1_4_0_, boardlist1_.category_id as category7_4_0_, boardlist1_.board_content as board_co2_4_0_, boardlist1_.board_created_at as board_cr3_4_0_, boardlist1_.board_last_modified_at as board_la4_4_0_, boardlist1_.board_title as board_ti5_4_0_, boardlist1_.user_id as user_id8_4_0_, boardlist1_.board_views as board_vi6_4_0_ from category category0_ left outer join board boardlist1_ on category0_.category_id=boardlist1_.category_id where category0_.category_id=?
Hibernate: insert into category (category_id, category_name) values (default, ?)
Hibernate: select user0_.user_id as col_0_0_ from user user0_ where user0_.user_user_id=? limit ?
Hibernate: select user0_.user_id as col_0_0_ from user user0_ where user0_.user_user_id=? limit ?
Hibernate: select U.* from USER U where U.USER_USER_ID =?
Hibernate: select character0_.character_id as characte1_6_0_, character0_.character_character_name as characte2_6_0_ from characters character0_ where character0_.character_id=?
Hibernate: select user0_.user_id as col_0_0_ from user user0_ where user0_.user_user_id=? limit ?
Hibernate: select user0_.user_id as col_0_0_ from user user0_ where user0_.user_user_id=? limit ?
Hibernate: select U.* from USER U where U.USER_USER_ID =?
Hibernate: select character0_.character_id as characte1_6_0_, character0_.character_character_name as characte2_6_0_ from characters character0_ where character0_.character_id=?
Hibernate: select user0_.user_id as user_id1_21_0_, user0_.character_id as characte7_21_0_, user0_.user_created_at as user_cre2_21_0_, user0_.user_name as user_nam3_21_0_, user0_.user_phone_number as user_pho4_21_0_, user0_.user_user_id as user_use5_21_0_, user0_.user_user_password as user_use6_21_0_ from user user0_ where user0_.user_id=?
Hibernate: select character0_.character_id as characte1_6_0_, character0_.character_character_name as characte2_6_0_ from characters character0_ where character0_.character_id=?
Hibernate: select count(*) as col_0_0_ from board board0_
Hibernate: select count(*) as col_0_0_ from board board0_
Hibernate: select user0_.user_id as col_0_0_ from user user0_ where user0_.user_user_id=? limit ?
Hibernate: select user0_.user_id as col_0_0_ from user user0_ where user0_.user_user_id=? limit ?
Hibernate: select U.* from USER U where U.USER_USER_ID =?
Hibernate: select character0_.character_id as characte1_6_0_, character0_.character_character_name as characte2_6_0_ from characters character0_ where character0_.character_id=?
Hibernate: select user0_.user_id as user_id1_21_0_, user0_.character_id as characte7_21_0_, user0_.user_created_at as user_cre2_21_0_, user0_.user_name as user_nam3_21_0_, user0_.user_phone_number as user_pho4_21_0_, user0_.user_user_id as user_use5_21_0_, user0_.user_user_password as user_use6_21_0_ from user user0_ where user0_.user_id=?
Hibernate: select character0_.character_id as characte1_6_0_, character0_.character_character_name as characte2_6_0_ from characters character0_ where character0_.character_id=?
Hibernate: select category0_.category_id as category1_5_, category0_.category_name as category2_5_ from category category0_
Hibernate: select boardlist0_.category_id as category7_4_0_, boardlist0_.board_id as board_id1_4_0_, boardlist0_.board_id as board_id1_4_1_, boardlist0_.category_id as category7_4_1_, boardlist0_.board_content as board_co2_4_1_, boardlist0_.board_created_at as board_cr3_4_1_, boardlist0_.board_last_modified_at as board_la4_4_1_, boardlist0_.board_title as board_ti5_4_1_, boardlist0_.user_id as user_id8_4_1_, boardlist0_.board_views as board_vi6_4_1_ from board boardlist0_ where boardlist0_.category_id=?
Hibernate: select boardlist0_.category_id as category7_4_0_, boardlist0_.board_id as board_id1_4_0_, boardlist0_.board_id as board_id1_4_1_, boardlist0_.category_id as category7_4_1_, boardlist0_.board_content as board_co2_4_1_, boardlist0_.board_created_at as board_cr3_4_1_, boardlist0_.board_last_modified_at as board_la4_4_1_, boardlist0_.board_title as board_ti5_4_1_, boardlist0_.user_id as user_id8_4_1_, boardlist0_.board_views as board_vi6_4_1_ from board boardlist0_ where boardlist0_.category_id=?
Hibernate: select user0_.user_id as user_id1_21_0_, user0_.character_id as characte7_21_0_, user0_.user_created_at as user_cre2_21_0_, user0_.user_name as user_nam3_21_0_, user0_.user_phone_number as user_pho4_21_0_, user0_.user_user_id as user_use5_21_0_, user0_.user_user_password as user_use6_21_0_ from user user0_ where user0_.user_id=?
Hibernate: select character0_.character_id as characte1_6_0_, character0_.character_character_name as characte2_6_0_ from characters character0_ where character0_.character_id=?
Hibernate: select count(*) as col_0_0_ from user user0_ where user0_.user_id=?
Hibernate: select character1_.character_id as characte1_6_, character1_.character_character_name as characte2_6_ from user user0_ inner join characters character1_ on user0_.character_id=character1_.character_id where user0_.user_id=?
Hibernate: select permission0_.character_id as characte6_12_0_, permission0_.permission_id as permissi1_12_0_, permission0_.permission_id as permissi1_12_1_, permission0_.character_id as characte6_12_1_, permission0_.permission_name as permissi2_12_1_, permission0_.permission_permission_unit_id as permissi3_12_1_, permission0_.permission_service as permissi4_12_1_, permission0_.permission_status as permissi5_12_1_ from permission permission0_ where permission0_.character_id=?
Hibernate: select count(*) as col_0_0_ from category category0_ where category0_.category_id=?
Hibernate: select count(board0_.board_id) as col_0_0_ from board board0_ where board0_.category_id=?
Hibernate: select category0_.category_id as category1_5_0_, category0_.category_name as category2_5_0_ from category category0_ where category0_.category_id=?
Hibernate: select boardlist0_.category_id as category7_4_0_, boardlist0_.board_id as board_id1_4_0_, boardlist0_.board_id as board_id1_4_1_, boardlist0_.category_id as category7_4_1_, boardlist0_.board_content as board_co2_4_1_, boardlist0_.board_created_at as board_cr3_4_1_, boardlist0_.board_last_modified_at as board_la4_4_1_, boardlist0_.board_title as board_ti5_4_1_, boardlist0_.user_id as user_id8_4_1_, boardlist0_.board_views as board_vi6_4_1_ from board boardlist0_ where boardlist0_.category_id=?
Hibernate: delete from category where category_id=?
Hibernate: select user0_.user_id as user_id1_21_0_, user0_.character_id as characte7_21_0_, user0_.user_created_at as user_cre2_21_0_, user0_.user_name as user_nam3_21_0_, user0_.user_phone_number as user_pho4_21_0_, user0_.user_user_id as user_use5_21_0_, user0_.user_user_password as user_use6_21_0_ from user user0_ where user0_.user_id=?
Hibernate: select character0_.character_id as characte1_6_0_, character0_.character_character_name as characte2_6_0_ from characters character0_ where character0_.character_id=?
Hibernate: select count(*) as col_0_0_ from user user0_ where user0_.user_id=?
Hibernate: select character1_.character_id as characte1_6_, character1_.character_character_name as characte2_6_ from user user0_ inner join characters character1_ on user0_.character_id=character1_.character_id where user0_.user_id=?
Hibernate: select permission0_.character_id as characte6_12_0_, permission0_.permission_id as permissi1_12_0_, permission0_.permission_id as permissi1_12_1_, permission0_.character_id as characte6_12_1_, permission0_.permission_name as permissi2_12_1_, permission0_.permission_permission_unit_id as permissi3_12_1_, permission0_.permission_service as permissi4_12_1_, permission0_.permission_status as permissi5_12_1_ from permission permission0_ where permission0_.character_id=?
Hibernate: select count(*) as col_0_0_ from category category0_ where category0_.category_id=?
Hibernate: select count(board0_.board_id) as col_0_0_ from board board0_ where board0_.category_id=?
Hibernate: select category0_.category_id as category1_5_0_, category0_.category_name as category2_5_0_ from category category0_ where category0_.category_id=?
Hibernate: select boardlist0_.category_id as category7_4_0_, boardlist0_.board_id as board_id1_4_0_, boardlist0_.board_id as board_id1_4_1_, boardlist0_.category_id as category7_4_1_, boardlist0_.board_content as board_co2_4_1_, boardlist0_.board_created_at as board_cr3_4_1_, boardlist0_.board_last_modified_at as board_la4_4_1_, boardlist0_.board_title as board_ti5_4_1_, boardlist0_.user_id as user_id8_4_1_, boardlist0_.board_views as board_vi6_4_1_ from board boardlist0_ where boardlist0_.category_id=?
Hibernate: delete from category where category_id=?
Hibernate: select user0_.user_id as user_id1_21_0_, user0_.character_id as characte7_21_0_, user0_.user_created_at as user_cre2_21_0_, user0_.user_name as user_nam3_21_0_, user0_.user_phone_number as user_pho4_21_0_, user0_.user_user_id as user_use5_21_0_, user0_.user_user_password as user_use6_21_0_ from user user0_ where user0_.user_id=?
Hibernate: select character0_.character_id as characte1_6_0_, character0_.character_character_name as characte2_6_0_ from characters character0_ where character0_.character_id=?
Hibernate: select count(*) as col_0_0_ from user user0_ where user0_.user_id=?
Hibernate: select character1_.character_id as characte1_6_, character1_.character_character_name as characte2_6_ from user user0_ inner join characters character1_ on user0_.character_id=character1_.character_id where user0_.user_id=?
Hibernate: select permission0_.character_id as characte6_12_0_, permission0_.permission_id as permissi1_12_0_, permission0_.permission_id as permissi1_12_1_, permission0_.character_id as characte6_12_1_, permission0_.permission_name as permissi2_12_1_, permission0_.permission_permission_unit_id as permissi3_12_1_, permission0_.permission_service as permissi4_12_1_, permission0_.permission_status as permissi5_12_1_ from permission permission0_ where permission0_.character_id=?
Hibernate: select category0_.category_id as col_0_0_ from category category0_ where category0_.category_name=? limit ?
Hibernate: select category0_.category_id as category1_5_1_, category0_.category_name as category2_5_1_, boardlist1_.category_id as category7_4_3_, boardlist1_.board_id as board_id1_4_3_, boardlist1_.board_id as board_id1_4_0_, boardlist1_.category_id as category7_4_0_, boardlist1_.board_content as board_co2_4_0_, boardlist1_.board_created_at as board_cr3_4_0_, boardlist1_.board_last_modified_at as board_la4_4_0_, boardlist1_.board_title as board_ti5_4_0_, boardlist1_.user_id as user_id8_4_0_, boardlist1_.board_views as board_vi6_4_0_ from category category0_ left outer join board boardlist1_ on category0_.category_id=boardlist1_.category_id where category0_.category_id=?
Hibernate: insert into category (category_id, category_name) values (default, ?)
Hibernate: select user0_.user_id as user_id1_21_0_, user0_.character_id as characte7_21_0_, user0_.user_created_at as user_cre2_21_0_, user0_.user_name as user_nam3_21_0_, user0_.user_phone_number as user_pho4_21_0_, user0_.user_user_id as user_use5_21_0_, user0_.user_user_password as user_use6_21_0_ from user user0_ where user0_.user_id=?
Hibernate: select character0_.character_id as characte1_6_0_, character0_.character_character_name as characte2_6_0_ from characters character0_ where character0_.character_id=?
Hibernate: select count(*) as col_0_0_ from user user0_ where user0_.user_id=?
Hibernate: select character1_.character_id as characte1_6_, character1_.character_character_name as characte2_6_ from user user0_ inner join characters character1_ on user0_.character_id=character1_.character_id where user0_.user_id=?
Hibernate: select permission0_.character_id as characte6_12_0_, permission0_.permission_id as permissi1_12_0_, permission0_.permission_id as permissi1_12_1_, permission0_.character_id as characte6_12_1_, permission0_.permission_name as permissi2_12_1_, permission0_.permission_permission_unit_id as permissi3_12_1_, permission0_.permission_service as permissi4_12_1_, permission0_.permission_status as permissi5_12_1_ from permission permission0_ where permission0_.character_id=?
Hibernate: select category0_.category_id as col_0_0_ from category category0_ where category0_.category_name=? limit ?
Hibernate: select category0_.category_id as category1_5_1_, category0_.category_name as category2_5_1_, boardlist1_.category_id as category7_4_3_, boardlist1_.board_id as board_id1_4_3_, boardlist1_.board_id as board_id1_4_0_, boardlist1_.category_id as category7_4_0_, boardlist1_.board_content as board_co2_4_0_, boardlist1_.board_created_at as board_cr3_4_0_, boardlist1_.board_last_modified_at as board_la4_4_0_, boardlist1_.board_title as board_ti5_4_0_, boardlist1_.user_id as user_id8_4_0_, boardlist1_.board_views as board_vi6_4_0_ from category category0_ left outer join board boardlist1_ on category0_.category_id=boardlist1_.category_id where category0_.category_id=?
Hibernate: insert into category (category_id, category_name) values (default, ?)
Hibernate: select user0_.user_id as col_0_0_ from user user0_ where user0_.user_user_id=? limit ?
Hibernate: select user0_.user_id as col_0_0_ from user user0_ where user0_.user_user_id=? limit ?
Hibernate: select U.* from USER U where U.USER_USER_ID =?
Hibernate: select character0_.character_id as characte1_6_0_, character0_.character_character_name as characte2_6_0_ from characters character0_ where character0_.character_id=?
Hibernate: select user0_.user_id as col_0_0_ from user user0_ where user0_.user_user_id=? limit ?
Hibernate: select user0_.user_id as col_0_0_ from user user0_ where user0_.user_user_id=? limit ?
Hibernate: select U.* from USER U where U.USER_USER_ID =?
Hibernate: select character0_.character_id as characte1_6_0_, character0_.character_character_name as characte2_6_0_ from characters character0_ where character0_.character_id=?
Hibernate: select user0_.user_id as user_id1_21_0_, user0_.character_id as characte7_21_0_, user0_.user_created_at as user_cre2_21_0_, user0_.user_name as user_nam3_21_0_, user0_.user_phone_number as user_pho4_21_0_, user0_.user_user_id as user_use5_21_0_, user0_.user_user_password as user_use6_21_0_ from user user0_ where user0_.user_id=?
Hibernate: select character0_.character_id as characte1_6_0_, character0_.character_character_name as characte2_6_0_ from characters character0_ where character0_.character_id=?
Hibernate: select count(*) as col_0_0_ from user user0_ where user0_.user_id=?
Hibernate: select character1_.character_id as characte1_6_, character1_.character_character_name as characte2_6_ from user user0_ inner join characters character1_ on user0_.character_id=character1_.character_id where user0_.user_id=?
Hibernate: select permission0_.character_id as characte6_12_0_, permission0_.permission_id as permissi1_12_0_, permission0_.permission_id as permissi1_12_1_, permission0_.character_id as characte6_12_1_, permission0_.permission_name as permissi2_12_1_, permission0_.permission_permission_unit_id as permissi3_12_1_, permission0_.permission_service as permissi4_12_1_, permission0_.permission_status as permissi5_12_1_ from permission permission0_ where permission0_.character_id=?
Hibernate: select category0_.category_id as col_0_0_ from category category0_ where category0_.category_name=? limit ?
Hibernate: select category0_.category_id as category1_5_1_, category0_.category_name as category2_5_1_, boardlist1_.category_id as category7_4_3_, boardlist1_.board_id as board_id1_4_3_, boardlist1_.board_id as board_id1_4_0_, boardlist1_.category_id as category7_4_0_, boardlist1_.board_content as board_co2_4_0_, boardlist1_.board_created_at as board_cr3_4_0_, boardlist1_.board_last_modified_at as board_la4_4_0_, boardlist1_.board_title as board_ti5_4_0_, boardlist1_.user_id as user_id8_4_0_, boardlist1_.board_views as board_vi6_4_0_ from category category0_ left outer join board boardlist1_ on category0_.category_id=boardlist1_.category_id where category0_.category_id=?
Hibernate: insert into category (category_id, category_name) values (default, ?)
Hibernate: select user0_.user_id as user_id1_21_0_, user0_.character_id as characte7_21_0_, user0_.user_created_at as user_cre2_21_0_, user0_.user_name as user_nam3_21_0_, user0_.user_phone_number as user_pho4_21_0_, user0_.user_user_id as user_use5_21_0_, user0_.user_user_password as user_use6_21_0_ from user user0_ where user0_.user_id=?
Hibernate: select character0_.character_id as characte1_6_0_, character0_.character_character_name as characte2_6_0_ from characters character0_ where character0_.character_id=?
Hibernate: select category0_.category_id as category1_5_, category0_.category_name as category2_5_ from category category0_
Hibernate: select boardlist0_.category_id as category7_4_0_, boardlist0_.board_id as board_id1_4_0_, boardlist0_.board_id as board_id1_4_1_, boardlist0_.category_id as category7_4_1_, boardlist0_.board_content as board_co2_4_1_, boardlist0_.board_created_at as board_cr3_4_1_, boardlist0_.board_last_modified_at as board_la4_4_1_, boardlist0_.board_title as board_ti5_4_1_, boardlist0_.user_id as user_id8_4_1_, boardlist0_.board_views as board_vi6_4_1_ from board boardlist0_ where boardlist0_.category_id=?
Hibernate: select boardlist0_.category_id as category7_4_0_, boardlist0_.board_id as board_id1_4_0_, boardlist0_.board_id as board_id1_4_1_, boardlist0_.category_id as category7_4_1_, boardlist0_.board_content as board_co2_4_1_, boardlist0_.board_created_at as board_cr3_4_1_, boardlist0_.board_last_modified_at as board_la4_4_1_, boardlist0_.board_title as board_ti5_4_1_, boardlist0_.user_id as user_id8_4_1_, boardlist0_.board_views as board_vi6_4_1_ from board boardlist0_ where boardlist0_.category_id=?
Hibernate: select boardlist0_.category_id as category7_4_0_, boardlist0_.board_id as board_id1_4_0_, boardlist0_.board_id as board_id1_4_1_, boardlist0_.category_id as category7_4_1_, boardlist0_.board_content as board_co2_4_1_, boardlist0_.board_created_at as board_cr3_4_1_, boardlist0_.board_last_modified_at as board_la4_4_1_, boardlist0_.board_title as board_ti5_4_1_, boardlist0_.user_id as user_id8_4_1_, boardlist0_.board_views as board_vi6_4_1_ from board boardlist0_ where boardlist0_.category_id=?
Hibernate: select user0_.user_id as user_id1_21_0_, user0_.character_id as characte7_21_0_, user0_.user_created_at as user_cre2_21_0_, user0_.user_name as user_nam3_21_0_, user0_.user_phone_number as user_pho4_21_0_, user0_.user_user_id as user_use5_21_0_, user0_.user_user_password as user_use6_21_0_ from user user0_ where user0_.user_id=?
Hibernate: select character0_.character_id as characte1_6_0_, character0_.character_character_name as characte2_6_0_ from characters character0_ where character0_.character_id=?
Hibernate: select count(*) as col_0_0_ from user user0_ where user0_.user_id=?
Hibernate: select character1_.character_id as characte1_6_, character1_.character_character_name as characte2_6_ from user user0_ inner join characters character1_ on user0_.character_id=character1_.character_id where user0_.user_id=?
Hibernate: select permission0_.character_id as characte6_12_0_, permission0_.permission_id as permissi1_12_0_, permission0_.permission_id as permissi1_12_1_, permission0_.character_id as characte6_12_1_, permission0_.permission_name as permissi2_12_1_, permission0_.permission_permission_unit_id as permissi3_12_1_, permission0_.permission_service as permissi4_12_1_, permission0_.permission_status as permissi5_12_1_ from permission permission0_ where permission0_.character_id=?
Hibernate: select count(*) as col_0_0_ from category category0_ where category0_.category_id=?
Hibernate: select category0_.category_id as col_0_0_ from category category0_ where category0_.category_name=? limit ?
Hibernate: select category0_.category_id as category1_5_0_, category0_.category_name as category2_5_0_ from category category0_ where category0_.category_id=?
Hibernate: update category set category_name=? where category_id=?
Hibernate: select user0_.user_id as col_0_0_ from user user0_ where user0_.user_user_id=? limit ?
Hibernate: select user0_.user_id as col_0_0_ from user user0_ where user0_.user_user_id=? limit ?
Hibernate: select U.* from USER U where U.USER_USER_ID =?
Hibernate: select character0_.character_id as characte1_6_0_, character0_.character_character_name as characte2_6_0_ from characters character0_ where character0_.character_id=?
Hibernate: select user0_.user_id as user_id1_21_0_, user0_.character_id as characte7_21_0_, user0_.user_created_at as user_cre2_21_0_, user0_.user_name as user_nam3_21_0_, user0_.user_phone_number as user_pho4_21_0_, user0_.user_user_id as user_use5_21_0_, user0_.user_user_password as user_use6_21_0_ from user user0_ where user0_.user_id=?
Hibernate: select character0_.character_id as characte1_6_0_, character0_.character_character_name as characte2_6_0_ from characters character0_ where character0_.character_id=?
Hibernate: select count(*) as col_0_0_ from board board0_
Hibernate: select count(*) as col_0_0_ from board board0_
Hibernate: select user0_.user_id as col_0_0_ from user user0_ where user0_.user_user_id=? limit ?
Hibernate: select user0_.user_id as col_0_0_ from user user0_ where user0_.user_user_id=? limit ?
Hibernate: select U.* from USER U where U.USER_USER_ID =?
Hibernate: select character0_.character_id as characte1_6_0_, character0_.character_character_name as characte2_6_0_ from characters character0_ where character0_.character_id=?
Hibernate: select user0_.user_id as user_id1_21_0_, user0_.character_id as characte7_21_0_, user0_.user_created_at as user_cre2_21_0_, user0_.user_name as user_nam3_21_0_, user0_.user_phone_number as user_pho4_21_0_, user0_.user_user_id as user_use5_21_0_, user0_.user_user_password as user_use6_21_0_ from user user0_ where user0_.user_id=?
Hibernate: select character0_.character_id as characte1_6_0_, character0_.character_character_name as characte2_6_0_ from characters character0_ where character0_.character_id=?
Hibernate: select category0_.category_id as category1_5_, category0_.category_name as category2_5_ from category category0_
Hibernate: select boardlist0_.category_id as category7_4_0_, boardlist0_.board_id as board_id1_4_0_, boardlist0_.board_id as board_id1_4_1_, boardlist0_.category_id as category7_4_1_, boardlist0_.board_content as board_co2_4_1_, boardlist0_.board_created_at as board_cr3_4_1_, boardlist0_.board_last_modified_at as board_la4_4_1_, boardlist0_.board_title as board_ti5_4_1_, boardlist0_.user_id as user_id8_4_1_, boardlist0_.board_views as board_vi6_4_1_ from board boardlist0_ where boardlist0_.category_id=?
Hibernate: select boardlist0_.category_id as category7_4_0_, boardlist0_.board_id as board_id1_4_0_, boardlist0_.board_id as board_id1_4_1_, boardlist0_.category_id as category7_4_1_, boardlist0_.board_content as board_co2_4_1_, boardlist0_.board_created_at as board_cr3_4_1_, boardlist0_.board_last_modified_at as board_la4_4_1_, boardlist0_.board_title as board_ti5_4_1_, boardlist0_.user_id as user_id8_4_1_, boardlist0_.board_views as board_vi6_4_1_ from board boardlist0_ where boardlist0_.category_id=?
Hibernate: select boardlist0_.category_id as category7_4_0_, boardlist0_.board_id as board_id1_4_0_, boardlist0_.board_id as board_id1_4_1_, boardlist0_.category_id as category7_4_1_, boardlist0_.board_content as board_co2_4_1_, boardlist0_.board_created_at as board_cr3_4_1_, boardlist0_.board_last_modified_at as board_la4_4_1_, boardlist0_.board_title as board_ti5_4_1_, boardlist0_.user_id as user_id8_4_1_, boardlist0_.board_views as board_vi6_4_1_ from board boardlist0_ where boardlist0_.category_id=?
Hibernate: select user0_.user_id as user_id1_21_0_, user0_.character_id as characte7_21_0_, user0_.user_created_at as user_cre2_21_0_, user0_.user_name as user_nam3_21_0_, user0_.user_phone_number as user_pho4_21_0_, user0_.user_user_id as user_use5_21_0_, user0_.user_user_password as user_use6_21_0_ from user user0_ where user0_.user_id=?
Hibernate: select character0_.character_id as characte1_6_0_, character0_.character_character_name as characte2_6_0_ from characters character0_ where character0_.character_id=?
Hibernate: select count(*) as col_0_0_ from user user0_ where user0_.user_id=?
Hibernate: select character1_.character_id as characte1_6_, character1_.character_character_name as characte2_6_ from user user0_ inner join characters character1_ on user0_.character_id=character1_.character_id where user0_.user_id=?
Hibernate: select permission0_.character_id as characte6_12_0_, permission0_.permission_id as permissi1_12_0_, permission0_.permission_id as permissi1_12_1_, permission0_.character_id as characte6_12_1_, permission0_.permission_name as permissi2_12_1_, permission0_.permission_permission_unit_id as permissi3_12_1_, permission0_.permission_service as permissi4_12_1_, permission0_.permission_status as permissi5_12_1_ from permission permission0_ where permission0_.character_id=?
Hibernate: select count(*) as col_0_0_ from category category0_ where category0_.category_id=?
Hibernate: select count(board0_.board_id) as col_0_0_ from board board0_ where board0_.category_id=?
Hibernate: select category0_.category_id as category1_5_0_, category0_.category_name as category2_5_0_ from category category0_ where category0_.category_id=?
Hibernate: select boardlist0_.category_id as category7_4_0_, boardlist0_.board_id as board_id1_4_0_, boardlist0_.board_id as board_id1_4_1_, boardlist0_.category_id as category7_4_1_, boardlist0_.board_content as board_co2_4_1_, boardlist0_.board_created_at as board_cr3_4_1_, boardlist0_.board_last_modified_at as board_la4_4_1_, boardlist0_.board_title as board_ti5_4_1_, boardlist0_.user_id as user_id8_4_1_, boardlist0_.board_views as board_vi6_4_1_ from board boardlist0_ where boardlist0_.category_id=?
Hibernate: delete from category where category_id=?
Hibernate: select user0_.user_id as user_id1_21_0_, user0_.character_id as characte7_21_0_, user0_.user_created_at as user_cre2_21_0_, user0_.user_name as user_nam3_21_0_, user0_.user_phone_number as user_pho4_21_0_, user0_.user_user_id as user_use5_21_0_, user0_.user_user_password as user_use6_21_0_ from user user0_ where user0_.user_id=?
Hibernate: select character0_.character_id as characte1_6_0_, character0_.character_character_name as characte2_6_0_ from characters character0_ where character0_.character_id=?
Hibernate: select count(*) as col_0_0_ from user user0_ where user0_.user_id=?
Hibernate: select character1_.character_id as characte1_6_, character1_.character_character_name as characte2_6_ from user user0_ inner join characters character1_ on user0_.character_id=character1_.character_id where user0_.user_id=?
Hibernate: select permission0_.character_id as characte6_12_0_, permission0_.permission_id as permissi1_12_0_, permission0_.permission_id as permissi1_12_1_, permission0_.character_id as characte6_12_1_, permission0_.permission_name as permissi2_12_1_, permission0_.permission_permission_unit_id as permissi3_12_1_, permission0_.permission_service as permissi4_12_1_, permission0_.permission_status as permissi5_12_1_ from permission permission0_ where permission0_.character_id=?
Hibernate: select count(*) as col_0_0_ from category category0_ where category0_.category_id=?
Hibernate: select count(board0_.board_id) as col_0_0_ from board board0_ where board0_.category_id=?
Hibernate: select category0_.category_id as category1_5_0_, category0_.category_name as category2_5_0_ from category category0_ where category0_.category_id=?
Hibernate: select boardlist0_.category_id as category7_4_0_, boardlist0_.board_id as board_id1_4_0_, boardlist0_.board_id as board_id1_4_1_, boardlist0_.category_id as category7_4_1_, boardlist0_.board_content as board_co2_4_1_, boardlist0_.board_created_at as board_cr3_4_1_, boardlist0_.board_last_modified_at as board_la4_4_1_, boardlist0_.board_title as board_ti5_4_1_, boardlist0_.user_id as user_id8_4_1_, boardlist0_.board_views as board_vi6_4_1_ from board boardlist0_ where boardlist0_.category_id=?
Hibernate: delete from category where category_id=?
Hibernate: select user0_.user_id as user_id1_21_0_, user0_.character_id as characte7_21_0_, user0_.user_created_at as user_cre2_21_0_, user0_.user_name as user_nam3_21_0_, user0_.user_phone_number as user_pho4_21_0_, user0_.user_user_id as user_use5_21_0_, user0_.user_user_password as user_use6_21_0_ from user user0_ where user0_.user_id=?
Hibernate: select character0_.character_id as characte1_6_0_, character0_.character_character_name as characte2_6_0_ from characters character0_ where character0_.character_id=?
Hibernate: select count(*) as col_0_0_ from user user0_ where user0_.user_id=?
Hibernate: select character1_.character_id as characte1_6_, character1_.character_character_name as characte2_6_ from user user0_ inner join characters character1_ on user0_.character_id=character1_.character_id where user0_.user_id=?
Hibernate: select permission0_.character_id as characte6_12_0_, permission0_.permission_id as permissi1_12_0_, permission0_.permission_id as permissi1_12_1_, permission0_.character_id as characte6_12_1_, permission0_.permission_name as permissi2_12_1_, permission0_.permission_permission_unit_id as permissi3_12_1_, permission0_.permission_service as permissi4_12_1_, permission0_.permission_status as permissi5_12_1_ from permission permission0_ where permission0_.character_id=?
Hibernate: select count(*) as col_0_0_ from category category0_ where category0_.category_id=?
Hibernate: select count(board0_.board_id) as col_0_0_ from board board0_ where board0_.category_id=?
Hibernate: select category0_.category_id as category1_5_0_, category0_.category_name as category2_5_0_ from category category0_ where category0_.category_id=?
Hibernate: select boardlist0_.category_id as category7_4_0_, boardlist0_.board_id as board_id1_4_0_, boardlist0_.board_id as board_id1_4_1_, boardlist0_.category_id as category7_4_1_, boardlist0_.board_content as board_co2_4_1_, boardlist0_.board_created_at as board_cr3_4_1_, boardlist0_.board_last_modified_at as board_la4_4_1_, boardlist0_.board_title as board_ti5_4_1_, boardlist0_.user_id as user_id8_4_1_, boardlist0_.board_views as board_vi6_4_1_ from board boardlist0_ where boardlist0_.category_id=?
Hibernate: delete from category where category_id=?
Hibernate: select user0_.user_id as user_id1_21_0_, user0_.character_id as characte7_21_0_, user0_.user_created_at as user_cre2_21_0_, user0_.user_name as user_nam3_21_0_, user0_.user_phone_number as user_pho4_21_0_, user0_.user_user_id as user_use5_21_0_, user0_.user_user_password as user_use6_21_0_ from user user0_ where user0_.user_id=?
Hibernate: select character0_.character_id as characte1_6_0_, character0_.character_character_name as characte2_6_0_ from characters character0_ where character0_.character_id=?
Hibernate: select count(*) as col_0_0_ from user user0_ where user0_.user_id=?
Hibernate: select character1_.character_id as characte1_6_, character1_.character_character_name as characte2_6_ from user user0_ inner join characters character1_ on user0_.character_id=character1_.character_id where user0_.user_id=?
Hibernate: select permission0_.character_id as characte6_12_0_, permission0_.permission_id as permissi1_12_0_, permission0_.permission_id as permissi1_12_1_, permission0_.character_id as characte6_12_1_, permission0_.permission_name as permissi2_12_1_, permission0_.permission_permission_unit_id as permissi3_12_1_, permission0_.permission_service as permissi4_12_1_, permission0_.permission_status as permissi5_12_1_ from permission permission0_ where permission0_.character_id=?
Hibernate: select category0_.category_id as col_0_0_ from category category0_ where category0_.category_name=? limit ?
Hibernate: select category0_.category_id as category1_5_1_, category0_.category_name as category2_5_1_, boardlist1_.category_id as category7_4_3_, boardlist1_.board_id as board_id1_4_3_, boardlist1_.board_id as board_id1_4_0_, boardlist1_.category_id as category7_4_0_, boardlist1_.board_content as board_co2_4_0_, boardlist1_.board_created_at as board_cr3_4_0_, boardlist1_.board_last_modified_at as board_la4_4_0_, boardlist1_.board_title as board_ti5_4_0_, boardlist1_.user_id as user_id8_4_0_, boardlist1_.board_views as board_vi6_4_0_ from category category0_ left outer join board boardlist1_ on category0_.category_id=boardlist1_.category_id where category0_.category_id=?
Hibernate: insert into category (category_id, category_name) values (default, ?)
Hibernate: select user0_.user_id as user_id1_21_0_, user0_.character_id as characte7_21_0_, user0_.user_created_at as user_cre2_21_0_, user0_.user_name as user_nam3_21_0_, user0_.user_phone_number as user_pho4_21_0_, user0_.user_user_id as user_use5_21_0_, user0_.user_user_password as user_use6_21_0_ from user user0_ where user0_.user_id=?
Hibernate: select character0_.character_id as characte1_6_0_, character0_.character_character_name as characte2_6_0_ from characters character0_ where character0_.character_id=?
Hibernate: select count(*) as col_0_0_ from user user0_ where user0_.user_id=?
Hibernate: select character1_.character_id as characte1_6_, character1_.character_character_name as characte2_6_ from user user0_ inner join characters character1_ on user0_.character_id=character1_.character_id where user0_.user_id=?
Hibernate: select permission0_.character_id as characte6_12_0_, permission0_.permission_id as permissi1_12_0_, permission0_.permission_id as permissi1_12_1_, permission0_.character_id as characte6_12_1_, permission0_.permission_name as permissi2_12_1_, permission0_.permission_permission_unit_id as permissi3_12_1_, permission0_.permission_service as permissi4_12_1_, permission0_.permission_status as permissi5_12_1_ from permission permission0_ where permission0_.character_id=?
Hibernate: select category0_.category_id as col_0_0_ from category category0_ where category0_.category_name=? limit ?
Hibernate: select category0_.category_id as category1_5_1_, category0_.category_name as category2_5_1_, boardlist1_.category_id as category7_4_3_, boardlist1_.board_id as board_id1_4_3_, boardlist1_.board_id as board_id1_4_0_, boardlist1_.category_id as category7_4_0_, boardlist1_.board_content as board_co2_4_0_, boardlist1_.board_created_at as board_cr3_4_0_, boardlist1_.board_last_modified_at as board_la4_4_0_, boardlist1_.board_title as board_ti5_4_0_, boardlist1_.user_id as user_id8_4_0_, boardlist1_.board_views as board_vi6_4_0_ from category category0_ left outer join board boardlist1_ on category0_.category_id=boardlist1_.category_id where category0_.category_id=?
Hibernate: insert into category (category_id, category_name) values (default, ?)
Hibernate: select user0_.user_id as col_0_0_ from user user0_ where user0_.user_user_id=? limit ?
Hibernate: select user0_.user_id as col_0_0_ from user user0_ where user0_.user_user_id=? limit ?
Hibernate: select U.* from USER U where U.USER_USER_ID =?
Hibernate: select character0_.character_id as characte1_6_0_, character0_.character_character_name as characte2_6_0_ from characters character0_ where character0_.character_id=?
Hibernate: select user0_.user_id as col_0_0_ from user user0_ where user0_.user_user_id=? limit ?
Hibernate: select user0_.user_id as col_0_0_ from user user0_ where user0_.user_user_id=? limit ?
Hibernate: select U.* from USER U where U.USER_USER_ID =?
Hibernate: select character0_.character_id as characte1_6_0_, character0_.character_character_name as characte2_6_0_ from characters character0_ where character0_.character_id=?
Hibernate: select user0_.user_id as user_id1_21_0_, user0_.character_id as characte7_21_0_, user0_.user_created_at as user_cre2_21_0_, user0_.user_name as user_nam3_21_0_, user0_.user_phone_number as user_pho4_21_0_, user0_.user_user_id as user_use5_21_0_, user0_.user_user_password as user_use6_21_0_ from user user0_ where user0_.user_id=?
Hibernate: select character0_.character_id as characte1_6_0_, character0_.character_character_name as characte2_6_0_ from characters character0_ where character0_.character_id=?
Hibernate: select count(*) as col_0_0_ from board board0_
Hibernate: select count(*) as col_0_0_ from board board0_
Hibernate: select user0_.user_id as col_0_0_ from user user0_ where user0_.user_user_id=? limit ?
Hibernate: select user0_.user_id as col_0_0_ from user user0_ where user0_.user_user_id=? limit ?
Hibernate: select U.* from USER U where U.USER_USER_ID =?
Hibernate: select character0_.character_id as characte1_6_0_, character0_.character_character_name as characte2_6_0_ from characters character0_ where character0_.character_id=?
Hibernate: select user0_.user_id as user_id1_21_0_, user0_.character_id as characte7_21_0_, user0_.user_created_at as user_cre2_21_0_, user0_.user_name as user_nam3_21_0_, user0_.user_phone_number as user_pho4_21_0_, user0_.user_user_id as user_use5_21_0_, user0_.user_user_password as user_use6_21_0_ from user user0_ where user0_.user_id=?
Hibernate: select character0_.character_id as characte1_6_0_, character0_.character_character_name as characte2_6_0_ from characters character0_ where character0_.character_id=?
Hibernate: select category0_.category_id as category1_5_, category0_.category_name as category2_5_ from category category0_
Hibernate: select boardlist0_.category_id as category7_4_0_, boardlist0_.board_id as board_id1_4_0_, boardlist0_.board_id as board_id1_4_1_, boardlist0_.category_id as category7_4_1_, boardlist0_.board_content as board_co2_4_1_, boardlist0_.board_created_at as board_cr3_4_1_, boardlist0_.board_last_modified_at as board_la4_4_1_, boardlist0_.board_title as board_ti5_4_1_, boardlist0_.user_id as user_id8_4_1_, boardlist0_.board_views as board_vi6_4_1_ from board boardlist0_ where boardlist0_.category_id=?
Hibernate: select boardlist0_.category_id as category7_4_0_, boardlist0_.board_id as board_id1_4_0_, boardlist0_.board_id as board_id1_4_1_, boardlist0_.category_id as category7_4_1_, boardlist0_.board_content as board_co2_4_1_, boardlist0_.board_created_at as board_cr3_4_1_, boardlist0_.board_last_modified_at as board_la4_4_1_, boardlist0_.board_title as board_ti5_4_1_, boardlist0_.user_id as user_id8_4_1_, boardlist0_.board_views as board_vi6_4_1_ from board boardlist0_ where boardlist0_.category_id=?
Hibernate: select user0_.user_id as user_id1_21_0_, user0_.character_id as characte7_21_0_, user0_.user_created_at as user_cre2_21_0_, user0_.user_name as user_nam3_21_0_, user0_.user_phone_number as user_pho4_21_0_, user0_.user_user_id as user_use5_21_0_, user0_.user_user_password as user_use6_21_0_ from user user0_ where user0_.user_id=?
Hibernate: select character0_.character_id as characte1_6_0_, character0_.character_character_name as characte2_6_0_ from characters character0_ where character0_.character_id=?
Hibernate: select count(*) as col_0_0_ from user user0_ where user0_.user_id=?
Hibernate: select character1_.character_id as characte1_6_, character1_.character_character_name as characte2_6_ from user user0_ inner join characters character1_ on user0_.character_id=character1_.character_id where user0_.user_id=?
Hibernate: select permission0_.character_id as characte6_12_0_, permission0_.permission_id as permissi1_12_0_, permission0_.permission_id as permissi1_12_1_, permission0_.character_id as characte6_12_1_, permission0_.permission_name as permissi2_12_1_, permission0_.permission_permission_unit_id as permissi3_12_1_, permission0_.permission_service as permissi4_12_1_, permission0_.permission_status as permissi5_12_1_ from permission permission0_ where permission0_.character_id=?
Hibernate: select count(*) as col_0_0_ from category category0_ where category0_.category_id=?
Hibernate: select count(board0_.board_id) as col_0_0_ from board board0_ where board0_.category_id=?
Hibernate: select category0_.category_id as category1_5_0_, category0_.category_name as category2_5_0_ from category category0_ where category0_.category_id=?
Hibernate: select boardlist0_.category_id as category7_4_0_, boardlist0_.board_id as board_id1_4_0_, boardlist0_.board_id as board_id1_4_1_, boardlist0_.category_id as category7_4_1_, boardlist0_.board_content as board_co2_4_1_, boardlist0_.board_created_at as board_cr3_4_1_, boardlist0_.board_last_modified_at as board_la4_4_1_, boardlist0_.board_title as board_ti5_4_1_, boardlist0_.user_id as user_id8_4_1_, boardlist0_.board_views as board_vi6_4_1_ from board boardlist0_ where boardlist0_.category_id=?
Hibernate: delete from category where category_id=?
Hibernate: select user0_.user_id as user_id1_21_0_, user0_.character_id as characte7_21_0_, user0_.user_created_at as user_cre2_21_0_, user0_.user_name as user_nam3_21_0_, user0_.user_phone_number as user_pho4_21_0_, user0_.user_user_id as user_use5_21_0_, user0_.user_user_password as user_use6_21_0_ from user user0_ where user0_.user_id=?
Hibernate: select character0_.character_id as characte1_6_0_, character0_.character_character_name as characte2_6_0_ from characters character0_ where character0_.character_id=?
Hibernate: select count(*) as col_0_0_ from user user0_ where user0_.user_id=?
Hibernate: select character1_.character_id as characte1_6_, character1_.character_character_name as characte2_6_ from user user0_ inner join characters character1_ on user0_.character_id=character1_.character_id where user0_.user_id=?
Hibernate: select permission0_.character_id as characte6_12_0_, permission0_.permission_id as permissi1_12_0_, permission0_.permission_id as permissi1_12_1_, permission0_.character_id as characte6_12_1_, permission0_.permission_name as permissi2_12_1_, permission0_.permission_permission_unit_id as permissi3_12_1_, permission0_.permission_service as permissi4_12_1_, permission0_.permission_status as permissi5_12_1_ from permission permission0_ where permission0_.character_id=?
Hibernate: select count(*) as col_0_0_ from category category0_ where category0_.category_id=?
Hibernate: select count(board0_.board_id) as col_0_0_ from board board0_ where board0_.category_id=?
Hibernate: select category0_.category_id as category1_5_0_, category0_.category_name as category2_5_0_ from category category0_ where category0_.category_id=?
Hibernate: select boardlist0_.category_id as category7_4_0_, boardlist0_.board_id as board_id1_4_0_, boardlist0_.board_id as board_id1_4_1_, boardlist0_.category_id as category7_4_1_, boardlist0_.board_content as board_co2_4_1_, boardlist0_.board_created_at as board_cr3_4_1_, boardlist0_.board_last_modified_at as board_la4_4_1_, boardlist0_.board_title as board_ti5_4_1_, boardlist0_.user_id as user_id8_4_1_, boardlist0_.board_views as board_vi6_4_1_ from board boardlist0_ where boardlist0_.category_id=?
Hibernate: delete from category where category_id=?
Hibernate: select user0_.user_id as user_id1_21_0_, user0_.character_id as characte7_21_0_, user0_.user_created_at as user_cre2_21_0_, user0_.user_name as user_nam3_21_0_, user0_.user_phone_number as user_pho4_21_0_, user0_.user_user_id as user_use5_21_0_, user0_.user_user_password as user_use6_21_0_ from user user0_ where user0_.user_id=?
Hibernate: select character0_.character_id as characte1_6_0_, character0_.character_character_name as characte2_6_0_ from characters character0_ where character0_.character_id=?
Hibernate: select count(*) as col_0_0_ from user user0_ where user0_.user_id=?
Hibernate: select character1_.character_id as characte1_6_, character1_.character_character_name as characte2_6_ from user user0_ inner join characters character1_ on user0_.character_id=character1_.character_id where user0_.user_id=?
Hibernate: select permission0_.character_id as characte6_12_0_, permission0_.permission_id as permissi1_12_0_, permission0_.permission_id as permissi1_12_1_, permission0_.character_id as characte6_12_1_, permission0_.permission_name as permissi2_12_1_, permission0_.permission_permission_unit_id as permissi3_12_1_, permission0_.permission_service as permissi4_12_1_, permission0_.permission_status as permissi5_12_1_ from permission permission0_ where permission0_.character_id=?
Hibernate: select category0_.category_id as col_0_0_ from category category0_ where category0_.category_name=? limit ?
Hibernate: select category0_.category_id as category1_5_1_, category0_.category_name as category2_5_1_, boardlist1_.category_id as category7_4_3_, boardlist1_.board_id as board_id1_4_3_, boardlist1_.board_id as board_id1_4_0_, boardlist1_.category_id as category7_4_0_, boardlist1_.board_content as board_co2_4_0_, boardlist1_.board_created_at as board_cr3_4_0_, boardlist1_.board_last_modified_at as board_la4_4_0_, boardlist1_.board_title as board_ti5_4_0_, boardlist1_.user_id as user_id8_4_0_, boardlist1_.board_views as board_vi6_4_0_ from category category0_ left outer join board boardlist1_ on category0_.category_id=boardlist1_.category_id where category0_.category_id=?
Hibernate: insert into category (category_id, category_name) values (default, ?)
Hibernate: select user0_.user_id as user_id1_21_0_, user0_.character_id as characte7_21_0_, user0_.user_created_at as user_cre2_21_0_, user0_.user_name as user_nam3_21_0_, user0_.user_phone_number as user_pho4_21_0_, user0_.user_user_id as user_use5_21_0_, user0_.user_user_password as user_use6_21_0_ from user user0_ where user0_.user_id=?
Hibernate: select character0_.character_id as characte1_6_0_, character0_.character_character_name as characte2_6_0_ from characters character0_ where character0_.character_id=?
Hibernate: select count(*) as col_0_0_ from user user0_ where user0_.user_id=?
Hibernate: select character1_.character_id as characte1_6_, character1_.character_character_name as characte2_6_ from user user0_ inner join characters character1_ on user0_.character_id=character1_.character_id where user0_.user_id=?
Hibernate: select permission0_.character_id as characte6_12_0_, permission0_.permission_id as permissi1_12_0_, permission0_.permission_id as permissi1_12_1_, permission0_.character_id as characte6_12_1_, permission0_.permission_name as permissi2_12_1_, permission0_.permission_permission_unit_id as permissi3_12_1_, permission0_.permission_service as permissi4_12_1_, permission0_.permission_status as permissi5_12_1_ from permission permission0_ where permission0_.character_id=?
Hibernate: select category0_.category_id as col_0_0_ from category category0_ where category0_.category_name=? limit ?
Hibernate: select category0_.category_id as category1_5_1_, category0_.category_name as category2_5_1_, boardlist1_.category_id as category7_4_3_, boardlist1_.board_id as board_id1_4_3_, boardlist1_.board_id as board_id1_4_0_, boardlist1_.category_id as category7_4_0_, boardlist1_.board_content as board_co2_4_0_, boardlist1_.board_created_at as board_cr3_4_0_, boardlist1_.board_last_modified_at as board_la4_4_0_, boardlist1_.board_title as board_ti5_4_0_, boardlist1_.user_id as user_id8_4_0_, boardlist1_.board_views as board_vi6_4_0_ from category category0_ left outer join board boardlist1_ on category0_.category_id=boardlist1_.category_id where category0_.category_id=?
Hibernate: insert into category (category_id, category_name) values (default, ?)
Hibernate: select user0_.user_id as col_0_0_ from user user0_ where user0_.user_user_id=? limit ?
Hibernate: select user0_.user_id as col_0_0_ from user user0_ where user0_.user_user_id=? limit ?
Hibernate: select U.* from USER U where U.USER_USER_ID =?
Hibernate: select character0_.character_id as characte1_6_0_, character0_.character_character_name as characte2_6_0_ from characters character0_ where character0_.character_id=?
Hibernate: select user0_.user_id as col_0_0_ from user user0_ where user0_.user_user_id=? limit ?
Hibernate: select user0_.user_id as col_0_0_ from user user0_ where user0_.user_user_id=? limit ?
Hibernate: select U.* from USER U where U.USER_USER_ID =?
Hibernate: select character0_.character_id as characte1_6_0_, character0_.character_character_name as characte2_6_0_ from characters character0_ where character0_.character_id=?
Hibernate: select user0_.user_id as col_0_0_ from user user0_ where user0_.user_user_id=? limit ?
Hibernate: select user0_.user_id as col_0_0_ from user user0_ where user0_.user_user_id=? limit ?
Hibernate: select U.* from USER U where U.USER_USER_ID =?
Hibernate: select character0_.character_id as characte1_6_0_, character0_.character_character_name as characte2_6_0_ from characters character0_ where character0_.character_id=?
Hibernate: select user0_.user_id as user_id1_21_0_, user0_.character_id as characte7_21_0_, user0_.user_created_at as user_cre2_21_0_, user0_.user_name as user_nam3_21_0_, user0_.user_phone_number as user_pho4_21_0_, user0_.user_user_id as user_use5_21_0_, user0_.user_user_password as user_use6_21_0_ from user user0_ where user0_.user_id=?
Hibernate: select character0_.character_id as characte1_6_0_, character0_.character_character_name as characte2_6_0_ from characters character0_ where character0_.character_id=?
Hibernate: select count(*) as col_0_0_ from user user0_ where user0_.user_id=?
Hibernate: select character1_.character_id as characte1_6_, character1_.character_character_name as characte2_6_ from user user0_ inner join characters character1_ on user0_.character_id=character1_.character_id where user0_.user_id=?
Hibernate: select permission0_.character_id as characte6_12_0_, permission0_.permission_id as permissi1_12_0_, permission0_.permission_id as permissi1_12_1_, permission0_.character_id as characte6_12_1_, permission0_.permission_name as permissi2_12_1_, permission0_.permission_permission_unit_id as permissi3_12_1_, permission0_.permission_service as permissi4_12_1_, permission0_.permission_status as permissi5_12_1_ from permission permission0_ where permission0_.character_id=?
Hibernate: select category0_.category_id as col_0_0_ from category category0_ where category0_.category_name=? limit ?
Hibernate: select category0_.category_id as category1_5_1_, category0_.category_name as category2_5_1_, boardlist1_.category_id as category7_4_3_, boardlist1_.board_id as board_id1_4_3_, boardlist1_.board_id as board_id1_4_0_, boardlist1_.category_id as category7_4_0_, boardlist1_.board_content as board_co2_4_0_, boardlist1_.board_created_at as board_cr3_4_0_, boardlist1_.board_last_modified_at as board_la4_4_0_, boardlist1_.board_title as board_ti5_4_0_, boardlist1_.user_id as user_id8_4_0_, boardlist1_.board_views as board_vi6_4_0_ from category category0_ left outer join board boardlist1_ on category0_.category_id=boardlist1_.category_id where category0_.category_id=?
Hibernate: insert into category (category_id, category_name) values (default, ?)
Hibernate: select user0_.user_id as user_id1_21_0_, user0_.character_id as characte7_21_0_, user0_.user_created_at as user_cre2_21_0_, user0_.user_name as user_nam3_21_0_, user0_.user_phone_number as user_pho4_21_0_, user0_.user_user_id as user_use5_21_0_, user0_.user_user_password as user_use6_21_0_ from user user0_ where user0_.user_id=?
Hibernate: select character0_.character_id as characte1_6_0_, character0_.character_character_name as characte2_6_0_ from characters character0_ where character0_.character_id=?
Hibernate: select category0_.category_id as category1_5_, category0_.category_name as category2_5_ from category category0_
Hibernate: select boardlist0_.category_id as category7_4_0_, boardlist0_.board_id as board_id1_4_0_, boardlist0_.board_id as board_id1_4_1_, boardlist0_.category_id as category7_4_1_, boardlist0_.board_content as board_co2_4_1_, boardlist0_.board_created_at as board_cr3_4_1_, boardlist0_.board_last_modified_at as board_la4_4_1_, boardlist0_.board_title as board_ti5_4_1_, boardlist0_.user_id as user_id8_4_1_, boardlist0_.board_views as board_vi6_4_1_ from board boardlist0_ where boardlist0_.category_id=?
Hibernate: select boardlist0_.category_id as category7_4_0_, boardlist0_.board_id as board_id1_4_0_, boardlist0_.board_id as board_id1_4_1_, boardlist0_.category_id as category7_4_1_, boardlist0_.board_content as board_co2_4_1_, boardlist0_.board_created_at as board_cr3_4_1_, boardlist0_.board_last_modified_at as board_la4_4_1_, boardlist0_.board_title as board_ti5_4_1_, boardlist0_.user_id as user_id8_4_1_, boardlist0_.board_views as board_vi6_4_1_ from board boardlist0_ where boardlist0_.category_id=?
Hibernate: select boardlist0_.category_id as category7_4_0_, boardlist0_.board_id as board_id1_4_0_, boardlist0_.board_id as board_id1_4_1_, boardlist0_.category_id as category7_4_1_, boardlist0_.board_content as board_co2_4_1_, boardlist0_.board_created_at as board_cr3_4_1_, boardlist0_.board_last_modified_at as board_la4_4_1_, boardlist0_.board_title as board_ti5_4_1_, boardlist0_.user_id as user_id8_4_1_, boardlist0_.board_views as board_vi6_4_1_ from board boardlist0_ where boardlist0_.category_id=?
Hibernate: select user0_.user_id as user_id1_21_0_, user0_.character_id as characte7_21_0_, user0_.user_created_at as user_cre2_21_0_, user0_.user_name as user_nam3_21_0_, user0_.user_phone_number as user_pho4_21_0_, user0_.user_user_id as user_use5_21_0_, user0_.user_user_password as user_use6_21_0_ from user user0_ where user0_.user_id=?
Hibernate: select character0_.character_id as characte1_6_0_, character0_.character_character_name as characte2_6_0_ from characters character0_ where character0_.character_id=?
Hibernate: select count(*) as col_0_0_ from user user0_ where user0_.user_id=?
Hibernate: select character1_.character_id as characte1_6_, character1_.character_character_name as characte2_6_ from user user0_ inner join characters character1_ on user0_.character_id=character1_.character_id where user0_.user_id=?
Hibernate: select permission0_.character_id as characte6_12_0_, permission0_.permission_id as permissi1_12_0_, permission0_.permission_id as permissi1_12_1_, permission0_.character_id as characte6_12_1_, permission0_.permission_name as permissi2_12_1_, permission0_.permission_permission_unit_id as permissi3_12_1_, permission0_.permission_service as permissi4_12_1_, permission0_.permission_status as permissi5_12_1_ from permission permission0_ where permission0_.character_id=?
Hibernate: select count(*) as col_0_0_ from category category0_ where category0_.category_id=?
Hibernate: insert into filename (filename_id, filename_origin, filename_uuid) values (default, ?, ?)
Hibernate: insert into filename (filename_id, filename_origin, filename_uuid) values (default, ?, ?)
Hibernate: select category0_.category_id as category1_5_0_, category0_.category_name as category2_5_0_ from category category0_ where category0_.category_id=?
Hibernate: insert into board (board_id, category_id, board_content, board_created_at, board_last_modified_at, board_title, user_id, board_views) values (default, ?, ?, ?, ?, ?, ?, ?)
Hibernate: insert into reaction (reaction_id, board_id, reaction_type) values (default, ?, ?)
Hibernate: insert into reaction (reaction_id, board_id, reaction_type) values (default, ?, ?)
Hibernate: insert into reaction (reaction_id, board_id, reaction_type) values (default, ?, ?)
Hibernate: insert into reaction (reaction_id, board_id, reaction_type) values (default, ?, ?)
Hibernate: insert into reaction (reaction_id, board_id, reaction_type) values (default, ?, ?)
Hibernate: insert into reaction (reaction_id, board_id, reaction_type) values (default, ?, ?)
Hibernate: insert into file_path_list (board_board_id, board_file_path_list) values (?, ?)
Hibernate: insert into image_path_list (board_board_id, board_image_path_list) values (?, ?)
Hibernate: select user0_.user_id as user_id1_21_0_, user0_.character_id as characte7_21_0_, user0_.user_created_at as user_cre2_21_0_, user0_.user_name as user_nam3_21_0_, user0_.user_phone_number as user_pho4_21_0_, user0_.user_user_id as user_use5_21_0_, user0_.user_user_password as user_use6_21_0_ from user user0_ where user0_.user_id=?
Hibernate: select character0_.character_id as characte1_6_0_, character0_.character_character_name as characte2_6_0_ from characters character0_ where character0_.character_id=?
Hibernate: select count(*) as col_0_0_ from board board0_
Hibernate: select board0_.board_id as board_id1_4_, board0_.category_id as category7_4_, board0_.board_content as board_co2_4_, board0_.board_created_at as board_cr3_4_, board0_.board_last_modified_at as board_la4_4_, board0_.board_title as board_ti5_4_, board0_.user_id as user_id8_4_, board0_.board_views as board_vi6_4_ from board board0_ limit ?
Hibernate: select category0_.category_id as category1_5_0_, category0_.category_name as category2_5_0_ from category category0_ where category0_.category_id=?
Hibernate: select reactionli0_.board_id as board_id3_13_0_, reactionli0_.reaction_id as reaction1_13_0_, reactionli0_.reaction_id as reaction1_13_1_, reactionli0_.board_id as board_id3_13_1_, reactionli0_.reaction_type as reaction2_13_1_ from reaction reactionli0_ where reactionli0_.board_id=?
Hibernate: select reactionus0_.reaction_id as reaction2_14_0_, reactionus0_.reaction_user_id as reaction1_14_0_, reactionus0_.reaction_user_id as reaction1_14_1_, reactionus0_.reaction_id as reaction2_14_1_, reactionus0_.user_id as user_id3_14_1_ from reaction_user reactionus0_ where reactionus0_.reaction_id=?
Hibernate: select reactionus0_.reaction_id as reaction2_14_0_, reactionus0_.reaction_user_id as reaction1_14_0_, reactionus0_.reaction_user_id as reaction1_14_1_, reactionus0_.reaction_id as reaction2_14_1_, reactionus0_.user_id as user_id3_14_1_ from reaction_user reactionus0_ where reactionus0_.reaction_id=?
Hibernate: select reactionus0_.reaction_id as reaction2_14_0_, reactionus0_.reaction_user_id as reaction1_14_0_, reactionus0_.reaction_user_id as reaction1_14_1_, reactionus0_.reaction_id as reaction2_14_1_, reactionus0_.user_id as user_id3_14_1_ from reaction_user reactionus0_ where reactionus0_.reaction_id=?
Hibernate: select reactionus0_.reaction_id as reaction2_14_0_, reactionus0_.reaction_user_id as reaction1_14_0_, reactionus0_.reaction_user_id as reaction1_14_1_, reactionus0_.reaction_id as reaction2_14_1_, reactionus0_.user_id as user_id3_14_1_ from reaction_user reactionus0_ where reactionus0_.reaction_id=?
Hibernate: select reactionus0_.reaction_id as reaction2_14_0_, reactionus0_.reaction_user_id as reaction1_14_0_, reactionus0_.reaction_user_id as reaction1_14_1_, reactionus0_.reaction_id as reaction2_14_1_, reactionus0_.user_id as user_id3_14_1_ from reaction_user reactionus0_ where reactionus0_.reaction_id=?
Hibernate: select reactionus0_.reaction_id as reaction2_14_0_, reactionus0_.reaction_user_id as reaction1_14_0_, reactionus0_.reaction_user_id as reaction1_14_1_, reactionus0_.reaction_id as reaction2_14_1_, reactionus0_.user_id as user_id3_14_1_ from reaction_user reactionus0_ where reactionus0_.reaction_id=?
Hibernate: select commentlis0_.board_id as board_id5_7_0_, commentlis0_.comment_id as comment_1_7_0_, commentlis0_.comment_id as comment_1_7_1_, commentlis0_.board_id as board_id5_7_1_, commentlis0_.comment_content as comment_2_7_1_, commentlis0_.comment_created_at as comment_3_7_1_, commentlis0_.comment_last_modified_at as comment_4_7_1_, commentlis0_.user_id as user_id6_7_1_ from comment commentlis0_ where commentlis0_.board_id=?
Hibernate: select boardlist0_.category_id as category7_4_0_, boardlist0_.board_id as board_id1_4_0_, boardlist0_.board_id as board_id1_4_1_, boardlist0_.category_id as category7_4_1_, boardlist0_.board_content as board_co2_4_1_, boardlist0_.board_created_at as board_cr3_4_1_, boardlist0_.board_last_modified_at as board_la4_4_1_, boardlist0_.board_title as board_ti5_4_1_, boardlist0_.user_id as user_id8_4_1_, boardlist0_.board_views as board_vi6_4_1_ from board boardlist0_ where boardlist0_.category_id=?
Hibernate: select count(comment0_.comment_id) as col_0_0_ from comment comment0_ where comment0_.board_id=?
Hibernate: select count(*) as col_0_0_ from board board0_
Hibernate: select imagepathl0_.board_board_id as board_bo1_11_0_, imagepathl0_.board_image_path_list as board_im2_11_0_ from image_path_list imagepathl0_ where imagepathl0_.board_board_id=?
Hibernate: select filename0_.filename_id as filename1_9_, filename0_.filename_origin as filename2_9_, filename0_.filename_uuid as filename3_9_ from filename filename0_ where filename0_.filename_uuid=?
Hibernate: select filepathli0_.board_board_id as board_bo1_8_0_, filepathli0_.board_file_path_list as board_fi2_8_0_ from file_path_list filepathli0_ where filepathli0_.board_board_id=?
Hibernate: select filename0_.filename_id as filename1_9_, filename0_.filename_origin as filename2_9_, filename0_.filename_uuid as filename3_9_ from filename filename0_ where filename0_.filename_uuid=?
Hibernate: select user0_.user_id as user_id1_21_0_, user0_.character_id as characte7_21_0_, user0_.user_created_at as user_cre2_21_0_, user0_.user_name as user_nam3_21_0_, user0_.user_phone_number as user_pho4_21_0_, user0_.user_user_id as user_use5_21_0_, user0_.user_user_password as user_use6_21_0_ from user user0_ where user0_.user_id=?
Hibernate: select character0_.character_id as characte1_6_0_, character0_.character_character_name as characte2_6_0_ from characters character0_ where character0_.character_id=?
Hibernate: select count(*) as col_0_0_ from user user0_ where user0_.user_id=?
Hibernate: select character1_.character_id as characte1_6_, character1_.character_character_name as characte2_6_ from user user0_ inner join characters character1_ on user0_.character_id=character1_.character_id where user0_.user_id=?
Hibernate: select permission0_.character_id as characte6_12_0_, permission0_.permission_id as permissi1_12_0_, permission0_.permission_id as permissi1_12_1_, permission0_.character_id as characte6_12_1_, permission0_.permission_name as permissi2_12_1_, permission0_.permission_permission_unit_id as permissi3_12_1_, permission0_.permission_service as permissi4_12_1_, permission0_.permission_status as permissi5_12_1_ from permission permission0_ where permission0_.character_id=?
Hibernate: select user0_.user_id as col_0_0_ from user user0_ where user0_.user_user_id=? limit ?
Hibernate: select user0_.user_id as col_0_0_ from user user0_ where user0_.user_user_id=? limit ?
Hibernate: select U.* from USER U where U.USER_USER_ID =?
Hibernate: select character0_.character_id as characte1_6_0_, character0_.character_character_name as characte2_6_0_ from characters character0_ where character0_.character_id=?
Hibernate: select user0_.user_id as user_id1_21_0_, user0_.character_id as characte7_21_0_, user0_.user_created_at as user_cre2_21_0_, user0_.user_name as user_nam3_21_0_, user0_.user_phone_number as user_pho4_21_0_, user0_.user_user_id as user_use5_21_0_, user0_.user_user_password as user_use6_21_0_ from user user0_ where user0_.user_id=?
Hibernate: select character0_.character_id as characte1_6_0_, character0_.character_character_name as characte2_6_0_ from characters character0_ where character0_.character_id=?
Hibernate: select count(*) as col_0_0_ from board board0_
Hibernate: select board0_.board_id as board_id1_4_, board0_.category_id as category7_4_, board0_.board_content as board_co2_4_, board0_.board_created_at as board_cr3_4_, board0_.board_last_modified_at as board_la4_4_, board0_.board_title as board_ti5_4_, board0_.user_id as user_id8_4_, board0_.board_views as board_vi6_4_ from board board0_ limit ?
Hibernate: select category0_.category_id as category1_5_0_, category0_.category_name as category2_5_0_ from category category0_ where category0_.category_id=?
Hibernate: select reactionli0_.board_id as board_id3_13_0_, reactionli0_.reaction_id as reaction1_13_0_, reactionli0_.reaction_id as reaction1_13_1_, reactionli0_.board_id as board_id3_13_1_, reactionli0_.reaction_type as reaction2_13_1_ from reaction reactionli0_ where reactionli0_.board_id=?
Hibernate: select reactionus0_.reaction_id as reaction2_14_0_, reactionus0_.reaction_user_id as reaction1_14_0_, reactionus0_.reaction_user_id as reaction1_14_1_, reactionus0_.reaction_id as reaction2_14_1_, reactionus0_.user_id as user_id3_14_1_ from reaction_user reactionus0_ where reactionus0_.reaction_id=?
Hibernate: select reactionus0_.reaction_id as reaction2_14_0_, reactionus0_.reaction_user_id as reaction1_14_0_, reactionus0_.reaction_user_id as reaction1_14_1_, reactionus0_.reaction_id as reaction2_14_1_, reactionus0_.user_id as user_id3_14_1_ from reaction_user reactionus0_ where reactionus0_.reaction_id=?
Hibernate: select reactionus0_.reaction_id as reaction2_14_0_, reactionus0_.reaction_user_id as reaction1_14_0_, reactionus0_.reaction_user_id as reaction1_14_1_, reactionus0_.reaction_id as reaction2_14_1_, reactionus0_.user_id as user_id3_14_1_ from reaction_user reactionus0_ where reactionus0_.reaction_id=?
Hibernate: select reactionus0_.reaction_id as reaction2_14_0_, reactionus0_.reaction_user_id as reaction1_14_0_, reactionus0_.reaction_user_id as reaction1_14_1_, reactionus0_.reaction_id as reaction2_14_1_, reactionus0_.user_id as user_id3_14_1_ from reaction_user reactionus0_ where reactionus0_.reaction_id=?
Hibernate: select reactionus0_.reaction_id as reaction2_14_0_, reactionus0_.reaction_user_id as reaction1_14_0_, reactionus0_.reaction_user_id as reaction1_14_1_, reactionus0_.reaction_id as reaction2_14_1_, reactionus0_.user_id as user_id3_14_1_ from reaction_user reactionus0_ where reactionus0_.reaction_id=?
Hibernate: select reactionus0_.reaction_id as reaction2_14_0_, reactionus0_.reaction_user_id as reaction1_14_0_, reactionus0_.reaction_user_id as reaction1_14_1_, reactionus0_.reaction_id as reaction2_14_1_, reactionus0_.user_id as user_id3_14_1_ from reaction_user reactionus0_ where reactionus0_.reaction_id=?
Hibernate: select commentlis0_.board_id as board_id5_7_0_, commentlis0_.comment_id as comment_1_7_0_, commentlis0_.comment_id as comment_1_7_1_, commentlis0_.board_id as board_id5_7_1_, commentlis0_.comment_content as comment_2_7_1_, commentlis0_.comment_created_at as comment_3_7_1_, commentlis0_.comment_last_modified_at as comment_4_7_1_, commentlis0_.user_id as user_id6_7_1_ from comment commentlis0_ where commentlis0_.board_id=?
Hibernate: select boardlist0_.category_id as category7_4_0_, boardlist0_.board_id as board_id1_4_0_, boardlist0_.board_id as board_id1_4_1_, boardlist0_.category_id as category7_4_1_, boardlist0_.board_content as board_co2_4_1_, boardlist0_.board_created_at as board_cr3_4_1_, boardlist0_.board_last_modified_at as board_la4_4_1_, boardlist0_.board_title as board_ti5_4_1_, boardlist0_.user_id as user_id8_4_1_, boardlist0_.board_views as board_vi6_4_1_ from board boardlist0_ where boardlist0_.category_id=?
Hibernate: select count(comment0_.comment_id) as col_0_0_ from comment comment0_ where comment0_.board_id=?
Hibernate: select count(*) as col_0_0_ from board board0_
Hibernate: select imagepathl0_.board_board_id as board_bo1_11_0_, imagepathl0_.board_image_path_list as board_im2_11_0_ from image_path_list imagepathl0_ where imagepathl0_.board_board_id=?
Hibernate: select filename0_.filename_id as filename1_9_, filename0_.filename_origin as filename2_9_, filename0_.filename_uuid as filename3_9_ from filename filename0_ where filename0_.filename_uuid=?
Hibernate: select filepathli0_.board_board_id as board_bo1_8_0_, filepathli0_.board_file_path_list as board_fi2_8_0_ from file_path_list filepathli0_ where filepathli0_.board_board_id=?
Hibernate: select filename0_.filename_id as filename1_9_, filename0_.filename_origin as filename2_9_, filename0_.filename_uuid as filename3_9_ from filename filename0_ where filename0_.filename_uuid=?
Hibernate: select U.* from USER U join BOARD B where U.USER_ID = B.USER_ID and B.BOARD_ID = ?
Hibernate: select character0_.character_id as characte1_6_0_, character0_.character_character_name as characte2_6_0_ from characters character0_ where character0_.character_id=?
Hibernate: select count(*) as col_0_0_ from user user0_ where user0_.user_id=?
Hibernate: select character1_.character_id as characte1_6_, character1_.character_character_name as characte2_6_ from user user0_ inner join characters character1_ on user0_.character_id=character1_.character_id where user0_.user_id=?
Hibernate: select permission0_.character_id as characte6_12_0_, permission0_.permission_id as permissi1_12_0_, permission0_.permission_id as permissi1_12_1_, permission0_.character_id as characte6_12_1_, permission0_.permission_name as permissi2_12_1_, permission0_.permission_permission_unit_id as permissi3_12_1_, permission0_.permission_service as permissi4_12_1_, permission0_.permission_status as permissi5_12_1_ from permission permission0_ where permission0_.character_id=?
Hibernate: select count(*) as col_0_0_ from board board0_ where board0_.board_id=?
Hibernate: select board0_.board_id as board_id1_4_0_, board0_.category_id as category7_4_0_, board0_.board_content as board_co2_4_0_, board0_.board_created_at as board_cr3_4_0_, board0_.board_last_modified_at as board_la4_4_0_, board0_.board_title as board_ti5_4_0_, board0_.user_id as user_id8_4_0_, board0_.board_views as board_vi6_4_0_ from board board0_ where board0_.board_id=?
Hibernate: select category0_.category_id as category1_5_0_, category0_.category_name as category2_5_0_ from category category0_ where category0_.category_id=?
Hibernate: select reactionli0_.board_id as board_id3_13_0_, reactionli0_.reaction_id as reaction1_13_0_, reactionli0_.reaction_id as reaction1_13_1_, reactionli0_.board_id as board_id3_13_1_, reactionli0_.reaction_type as reaction2_13_1_ from reaction reactionli0_ where reactionli0_.board_id=?
Hibernate: select reactionus0_.reaction_id as reaction2_14_0_, reactionus0_.reaction_user_id as reaction1_14_0_, reactionus0_.reaction_user_id as reaction1_14_1_, reactionus0_.reaction_id as reaction2_14_1_, reactionus0_.user_id as user_id3_14_1_ from reaction_user reactionus0_ where reactionus0_.reaction_id=?
Hibernate: select reactionus0_.reaction_id as reaction2_14_0_, reactionus0_.reaction_user_id as reaction1_14_0_, reactionus0_.reaction_user_id as reaction1_14_1_, reactionus0_.reaction_id as reaction2_14_1_, reactionus0_.user_id as user_id3_14_1_ from reaction_user reactionus0_ where reactionus0_.reaction_id=?
Hibernate: select reactionus0_.reaction_id as reaction2_14_0_, reactionus0_.reaction_user_id as reaction1_14_0_, reactionus0_.reaction_user_id as reaction1_14_1_, reactionus0_.reaction_id as reaction2_14_1_, reactionus0_.user_id as user_id3_14_1_ from reaction_user reactionus0_ where reactionus0_.reaction_id=?
Hibernate: select reactionus0_.reaction_id as reaction2_14_0_, reactionus0_.reaction_user_id as reaction1_14_0_, reactionus0_.reaction_user_id as reaction1_14_1_, reactionus0_.reaction_id as reaction2_14_1_, reactionus0_.user_id as user_id3_14_1_ from reaction_user reactionus0_ where reactionus0_.reaction_id=?
Hibernate: select reactionus0_.reaction_id as reaction2_14_0_, reactionus0_.reaction_user_id as reaction1_14_0_, reactionus0_.reaction_user_id as reaction1_14_1_, reactionus0_.reaction_id as reaction2_14_1_, reactionus0_.user_id as user_id3_14_1_ from reaction_user reactionus0_ where reactionus0_.reaction_id=?
Hibernate: select reactionus0_.reaction_id as reaction2_14_0_, reactionus0_.reaction_user_id as reaction1_14_0_, reactionus0_.reaction_user_id as reaction1_14_1_, reactionus0_.reaction_id as reaction2_14_1_, reactionus0_.user_id as user_id3_14_1_ from reaction_user reactionus0_ where reactionus0_.reaction_id=?
Hibernate: select commentlis0_.board_id as board_id5_7_0_, commentlis0_.comment_id as comment_1_7_0_, commentlis0_.comment_id as comment_1_7_1_, commentlis0_.board_id as board_id5_7_1_, commentlis0_.comment_content as comment_2_7_1_, commentlis0_.comment_created_at as comment_3_7_1_, commentlis0_.comment_last_modified_at as comment_4_7_1_, commentlis0_.user_id as user_id6_7_1_ from comment commentlis0_ where commentlis0_.board_id=?
Hibernate: select boardlist0_.category_id as category7_4_0_, boardlist0_.board_id as board_id1_4_0_, boardlist0_.board_id as board_id1_4_1_, boardlist0_.category_id as category7_4_1_, boardlist0_.board_content as board_co2_4_1_, boardlist0_.board_created_at as board_cr3_4_1_, boardlist0_.board_last_modified_at as board_la4_4_1_, boardlist0_.board_title as board_ti5_4_1_, boardlist0_.user_id as user_id8_4_1_, boardlist0_.board_views as board_vi6_4_1_ from board boardlist0_ where boardlist0_.category_id=?
Hibernate: select count(comment0_.comment_id) as col_0_0_ from comment comment0_ where comment0_.board_id=?
Hibernate: update board set category_id=?, board_content=?, board_created_at=?, board_last_modified_at=?, board_title=?, user_id=?, board_views=? where board_id=?
Hibernate: select filepathli0_.board_board_id as board_bo1_8_0_, filepathli0_.board_file_path_list as board_fi2_8_0_ from file_path_list filepathli0_ where filepathli0_.board_board_id=?
Hibernate: select filename0_.filename_id as filename1_9_, filename0_.filename_origin as filename2_9_, filename0_.filename_uuid as filename3_9_ from filename filename0_ where filename0_.filename_uuid=?
Hibernate: delete from filename where filename_id=?
Hibernate: select imagepathl0_.board_board_id as board_bo1_11_0_, imagepathl0_.board_image_path_list as board_im2_11_0_ from image_path_list imagepathl0_ where imagepathl0_.board_board_id=?
Hibernate: select filename0_.filename_id as filename1_9_, filename0_.filename_origin as filename2_9_, filename0_.filename_uuid as filename3_9_ from filename filename0_ where filename0_.filename_uuid=?
Hibernate: delete from filename where filename_id=?
Hibernate: select count(*) as col_0_0_ from board board0_ where board0_.board_id=?
Hibernate: delete from file_path_list where board_board_id=?
Hibernate: delete from image_path_list where board_board_id=?
Hibernate: delete from reaction where reaction_id=?
Hibernate: delete from reaction where reaction_id=?
Hibernate: delete from reaction where reaction_id=?
Hibernate: delete from reaction where reaction_id=?
Hibernate: delete from reaction where reaction_id=?
Hibernate: delete from reaction where reaction_id=?
Hibernate: delete from board where board_id=?
Hibernate: select user0_.user_id as user_id1_21_0_, user0_.character_id as characte7_21_0_, user0_.user_created_at as user_cre2_21_0_, user0_.user_name as user_nam3_21_0_, user0_.user_phone_number as user_pho4_21_0_, user0_.user_user_id as user_use5_21_0_, user0_.user_user_password as user_use6_21_0_ from user user0_ where user0_.user_id=?
Hibernate: select character0_.character_id as characte1_6_0_, character0_.character_character_name as characte2_6_0_ from characters character0_ where character0_.character_id=?
Hibernate: select count(*) as col_0_0_ from user user0_ where user0_.user_id=?
Hibernate: select character1_.character_id as characte1_6_, character1_.character_character_name as characte2_6_ from user user0_ inner join characters character1_ on user0_.character_id=character1_.character_id where user0_.user_id=?
Hibernate: select permission0_.character_id as characte6_12_0_, permission0_.permission_id as permissi1_12_0_, permission0_.permission_id as permissi1_12_1_, permission0_.character_id as characte6_12_1_, permission0_.permission_name as permissi2_12_1_, permission0_.permission_permission_unit_id as permissi3_12_1_, permission0_.permission_service as permissi4_12_1_, permission0_.permission_status as permissi5_12_1_ from permission permission0_ where permission0_.character_id=?
Hibernate: select count(*) as col_0_0_ from board board0_ where board0_.board_id=?
Hibernate: select user0_.user_id as col_0_0_ from user user0_ where user0_.user_user_id=? limit ?
Hibernate: select user0_.user_id as col_0_0_ from user user0_ where user0_.user_user_id=? limit ?
Hibernate: select U.* from USER U where U.USER_USER_ID =?
Hibernate: select character0_.character_id as characte1_6_0_, character0_.character_character_name as characte2_6_0_ from characters character0_ where character0_.character_id=?
Hibernate: select user0_.user_id as user_id1_21_0_, user0_.character_id as characte7_21_0_, user0_.user_created_at as user_cre2_21_0_, user0_.user_name as user_nam3_21_0_, user0_.user_phone_number as user_pho4_21_0_, user0_.user_user_id as user_use5_21_0_, user0_.user_user_password as user_use6_21_0_ from user user0_ where user0_.user_id=?
Hibernate: select character0_.character_id as characte1_6_0_, character0_.character_character_name as characte2_6_0_ from characters character0_ where character0_.character_id=?
Hibernate: select category0_.category_id as category1_5_, category0_.category_name as category2_5_ from category category0_
Hibernate: select boardlist0_.category_id as category7_4_0_, boardlist0_.board_id as board_id1_4_0_, boardlist0_.board_id as board_id1_4_1_, boardlist0_.category_id as category7_4_1_, boardlist0_.board_content as board_co2_4_1_, boardlist0_.board_created_at as board_cr3_4_1_, boardlist0_.board_last_modified_at as board_la4_4_1_, boardlist0_.board_title as board_ti5_4_1_, boardlist0_.user_id as user_id8_4_1_, boardlist0_.board_views as board_vi6_4_1_ from board boardlist0_ where boardlist0_.category_id=?
Hibernate: select boardlist0_.category_id as category7_4_0_, boardlist0_.board_id as board_id1_4_0_, boardlist0_.board_id as board_id1_4_1_, boardlist0_.category_id as category7_4_1_, boardlist0_.board_content as board_co2_4_1_, boardlist0_.board_created_at as board_cr3_4_1_, boardlist0_.board_last_modified_at as board_la4_4_1_, boardlist0_.board_title as board_ti5_4_1_, boardlist0_.user_id as user_id8_4_1_, boardlist0_.board_views as board_vi6_4_1_ from board boardlist0_ where boardlist0_.category_id=?
Hibernate: select boardlist0_.category_id as category7_4_0_, boardlist0_.board_id as board_id1_4_0_, boardlist0_.board_id as board_id1_4_1_, boardlist0_.category_id as category7_4_1_, boardlist0_.board_content as board_co2_4_1_, boardlist0_.board_created_at as board_cr3_4_1_, boardlist0_.board_last_modified_at as board_la4_4_1_, boardlist0_.board_title as board_ti5_4_1_, boardlist0_.user_id as user_id8_4_1_, boardlist0_.board_views as board_vi6_4_1_ from board boardlist0_ where boardlist0_.category_id=?
Hibernate: select user0_.user_id as user_id1_21_0_, user0_.character_id as characte7_21_0_, user0_.user_created_at as user_cre2_21_0_, user0_.user_name as user_nam3_21_0_, user0_.user_phone_number as user_pho4_21_0_, user0_.user_user_id as user_use5_21_0_, user0_.user_user_password as user_use6_21_0_ from user user0_ where user0_.user_id=?
Hibernate: select character0_.character_id as characte1_6_0_, character0_.character_character_name as characte2_6_0_ from characters character0_ where character0_.character_id=?
Hibernate: select count(*) as col_0_0_ from user user0_ where user0_.user_id=?
Hibernate: select character1_.character_id as characte1_6_, character1_.character_character_name as characte2_6_ from user user0_ inner join characters character1_ on user0_.character_id=character1_.character_id where user0_.user_id=?
Hibernate: select permission0_.character_id as characte6_12_0_, permission0_.permission_id as permissi1_12_0_, permission0_.permission_id as permissi1_12_1_, permission0_.character_id as characte6_12_1_, permission0_.permission_name as permissi2_12_1_, permission0_.permission_permission_unit_id as permissi3_12_1_, permission0_.permission_service as permissi4_12_1_, permission0_.permission_status as permissi5_12_1_ from permission permission0_ where permission0_.character_id=?
Hibernate: select count(*) as col_0_0_ from category category0_ where category0_.category_id=?
Hibernate: select count(board0_.board_id) as col_0_0_ from board board0_ where board0_.category_id=?
Hibernate: select category0_.category_id as category1_5_0_, category0_.category_name as category2_5_0_ from category category0_ where category0_.category_id=?
Hibernate: select boardlist0_.category_id as category7_4_0_, boardlist0_.board_id as board_id1_4_0_, boardlist0_.board_id as board_id1_4_1_, boardlist0_.category_id as category7_4_1_, boardlist0_.board_content as board_co2_4_1_, boardlist0_.board_created_at as board_cr3_4_1_, boardlist0_.board_last_modified_at as board_la4_4_1_, boardlist0_.board_title as board_ti5_4_1_, boardlist0_.user_id as user_id8_4_1_, boardlist0_.board_views as board_vi6_4_1_ from board boardlist0_ where boardlist0_.category_id=?
Hibernate: delete from category where category_id=?
Hibernate: select user0_.user_id as user_id1_21_0_, user0_.character_id as characte7_21_0_, user0_.user_created_at as user_cre2_21_0_, user0_.user_name as user_nam3_21_0_, user0_.user_phone_number as user_pho4_21_0_, user0_.user_user_id as user_use5_21_0_, user0_.user_user_password as user_use6_21_0_ from user user0_ where user0_.user_id=?
Hibernate: select character0_.character_id as characte1_6_0_, character0_.character_character_name as characte2_6_0_ from characters character0_ where character0_.character_id=?
Hibernate: select count(*) as col_0_0_ from user user0_ where user0_.user_id=?
Hibernate: select character1_.character_id as characte1_6_, character1_.character_character_name as characte2_6_ from user user0_ inner join characters character1_ on user0_.character_id=character1_.character_id where user0_.user_id=?
Hibernate: select permission0_.character_id as characte6_12_0_, permission0_.permission_id as permissi1_12_0_, permission0_.permission_id as permissi1_12_1_, permission0_.character_id as characte6_12_1_, permission0_.permission_name as permissi2_12_1_, permission0_.permission_permission_unit_id as permissi3_12_1_, permission0_.permission_service as permissi4_12_1_, permission0_.permission_status as permissi5_12_1_ from permission permission0_ where permission0_.character_id=?
Hibernate: select count(*) as col_0_0_ from category category0_ where category0_.category_id=?
Hibernate: select count(board0_.board_id) as col_0_0_ from board board0_ where board0_.category_id=?
Hibernate: select category0_.category_id as category1_5_0_, category0_.category_name as category2_5_0_ from category category0_ where category0_.category_id=?
Hibernate: select boardlist0_.category_id as category7_4_0_, boardlist0_.board_id as board_id1_4_0_, boardlist0_.board_id as board_id1_4_1_, boardlist0_.category_id as category7_4_1_, boardlist0_.board_content as board_co2_4_1_, boardlist0_.board_created_at as board_cr3_4_1_, boardlist0_.board_last_modified_at as board_la4_4_1_, boardlist0_.board_title as board_ti5_4_1_, boardlist0_.user_id as user_id8_4_1_, boardlist0_.board_views as board_vi6_4_1_ from board boardlist0_ where boardlist0_.category_id=?
Hibernate: delete from category where category_id=?
Hibernate: select user0_.user_id as user_id1_21_0_, user0_.character_id as characte7_21_0_, user0_.user_created_at as user_cre2_21_0_, user0_.user_name as user_nam3_21_0_, user0_.user_phone_number as user_pho4_21_0_, user0_.user_user_id as user_use5_21_0_, user0_.user_user_password as user_use6_21_0_ from user user0_ where user0_.user_id=?
Hibernate: select character0_.character_id as characte1_6_0_, character0_.character_character_name as characte2_6_0_ from characters character0_ where character0_.character_id=?
Hibernate: select count(*) as col_0_0_ from user user0_ where user0_.user_id=?
Hibernate: select character1_.character_id as characte1_6_, character1_.character_character_name as characte2_6_ from user user0_ inner join characters character1_ on user0_.character_id=character1_.character_id where user0_.user_id=?
Hibernate: select permission0_.character_id as characte6_12_0_, permission0_.permission_id as permissi1_12_0_, permission0_.permission_id as permissi1_12_1_, permission0_.character_id as characte6_12_1_, permission0_.permission_name as permissi2_12_1_, permission0_.permission_permission_unit_id as permissi3_12_1_, permission0_.permission_service as permissi4_12_1_, permission0_.permission_status as permissi5_12_1_ from permission permission0_ where permission0_.character_id=?
Hibernate: select count(*) as col_0_0_ from category category0_ where category0_.category_id=?
Hibernate: select count(board0_.board_id) as col_0_0_ from board board0_ where board0_.category_id=?
Hibernate: select category0_.category_id as category1_5_0_, category0_.category_name as category2_5_0_ from category category0_ where category0_.category_id=?
Hibernate: select boardlist0_.category_id as category7_4_0_, boardlist0_.board_id as board_id1_4_0_, boardlist0_.board_id as board_id1_4_1_, boardlist0_.category_id as category7_4_1_, boardlist0_.board_content as board_co2_4_1_, boardlist0_.board_created_at as board_cr3_4_1_, boardlist0_.board_last_modified_at as board_la4_4_1_, boardlist0_.board_title as board_ti5_4_1_, boardlist0_.user_id as user_id8_4_1_, boardlist0_.board_views as board_vi6_4_1_ from board boardlist0_ where boardlist0_.category_id=?
Hibernate: delete from category where category_id=?
Hibernate: select user0_.user_id as user_id1_21_0_, user0_.character_id as characte7_21_0_, user0_.user_created_at as user_cre2_21_0_, user0_.user_name as user_nam3_21_0_, user0_.user_phone_number as user_pho4_21_0_, user0_.user_user_id as user_use5_21_0_, user0_.user_user_password as user_use6_21_0_ from user user0_ where user0_.user_id=?
Hibernate: select character0_.character_id as characte1_6_0_, character0_.character_character_name as characte2_6_0_ from characters character0_ where character0_.character_id=?
Hibernate: select count(*) as col_0_0_ from user user0_ where user0_.user_id=?
Hibernate: select character1_.character_id as characte1_6_, character1_.character_character_name as characte2_6_ from user user0_ inner join characters character1_ on user0_.character_id=character1_.character_id where user0_.user_id=?
Hibernate: select permission0_.character_id as characte6_12_0_, permission0_.permission_id as permissi1_12_0_, permission0_.permission_id as permissi1_12_1_, permission0_.character_id as characte6_12_1_, permission0_.permission_name as permissi2_12_1_, permission0_.permission_permission_unit_id as permissi3_12_1_, permission0_.permission_service as permissi4_12_1_, permission0_.permission_status as permissi5_12_1_ from permission permission0_ where permission0_.character_id=?
Hibernate: select category0_.category_id as col_0_0_ from category category0_ where category0_.category_name=? limit ?
Hibernate: select category0_.category_id as category1_5_1_, category0_.category_name as category2_5_1_, boardlist1_.category_id as category7_4_3_, boardlist1_.board_id as board_id1_4_3_, boardlist1_.board_id as board_id1_4_0_, boardlist1_.category_id as category7_4_0_, boardlist1_.board_content as board_co2_4_0_, boardlist1_.board_created_at as board_cr3_4_0_, boardlist1_.board_last_modified_at as board_la4_4_0_, boardlist1_.board_title as board_ti5_4_0_, boardlist1_.user_id as user_id8_4_0_, boardlist1_.board_views as board_vi6_4_0_ from category category0_ left outer join board boardlist1_ on category0_.category_id=boardlist1_.category_id where category0_.category_id=?
Hibernate: insert into category (category_id, category_name) values (default, ?)
Hibernate: select user0_.user_id as user_id1_21_0_, user0_.character_id as characte7_21_0_, user0_.user_created_at as user_cre2_21_0_, user0_.user_name as user_nam3_21_0_, user0_.user_phone_number as user_pho4_21_0_, user0_.user_user_id as user_use5_21_0_, user0_.user_user_password as user_use6_21_0_ from user user0_ where user0_.user_id=?
Hibernate: select character0_.character_id as characte1_6_0_, character0_.character_character_name as characte2_6_0_ from characters character0_ where character0_.character_id=?
Hibernate: select count(*) as col_0_0_ from user user0_ where user0_.user_id=?
Hibernate: select character1_.character_id as characte1_6_, character1_.character_character_name as characte2_6_ from user user0_ inner join characters character1_ on user0_.character_id=character1_.character_id where user0_.user_id=?
Hibernate: select permission0_.character_id as characte6_12_0_, permission0_.permission_id as permissi1_12_0_, permission0_.permission_id as permissi1_12_1_, permission0_.character_id as characte6_12_1_, permission0_.permission_name as permissi2_12_1_, permission0_.permission_permission_unit_id as permissi3_12_1_, permission0_.permission_service as permissi4_12_1_, permission0_.permission_status as permissi5_12_1_ from permission permission0_ where permission0_.character_id=?
Hibernate: select category0_.category_id as col_0_0_ from category category0_ where category0_.category_name=? limit ?
Hibernate: select category0_.category_id as category1_5_1_, category0_.category_name as category2_5_1_, boardlist1_.category_id as category7_4_3_, boardlist1_.board_id as board_id1_4_3_, boardlist1_.board_id as board_id1_4_0_, boardlist1_.category_id as category7_4_0_, boardlist1_.board_content as board_co2_4_0_, boardlist1_.board_created_at as board_cr3_4_0_, boardlist1_.board_last_modified_at as board_la4_4_0_, boardlist1_.board_title as board_ti5_4_0_, boardlist1_.user_id as user_id8_4_0_, boardlist1_.board_views as board_vi6_4_0_ from category category0_ left outer join board boardlist1_ on category0_.category_id=boardlist1_.category_id where category0_.category_id=?
Hibernate: insert into category (category_id, category_name) values (default, ?)
Hibernate: select user0_.user_id as col_0_0_ from user user0_ where user0_.user_user_id=? limit ?
Hibernate: select user0_.user_id as col_0_0_ from user user0_ where user0_.user_user_id=? limit ?
Hibernate: select U.* from USER U where U.USER_USER_ID =?
Hibernate: select character0_.character_id as characte1_6_0_, character0_.character_character_name as characte2_6_0_ from characters character0_ where character0_.character_id=?
Hibernate: select user0_.user_id as col_0_0_ from user user0_ where user0_.user_user_id=? limit ?
Hibernate: select user0_.user_id as col_0_0_ from user user0_ where user0_.user_user_id=? limit ?
Hibernate: select U.* from USER U where U.USER_USER_ID =?
Hibernate: select character0_.character_id as characte1_6_0_, character0_.character_character_name as characte2_6_0_ from characters character0_ where character0_.character_id=?
Hibernate: select user0_.user_id as user_id1_21_0_, user0_.character_id as characte7_21_0_, user0_.user_created_at as user_cre2_21_0_, user0_.user_name as user_nam3_21_0_, user0_.user_phone_number as user_pho4_21_0_, user0_.user_user_id as user_use5_21_0_, user0_.user_user_password as user_use6_21_0_ from user user0_ where user0_.user_id=?
Hibernate: select character0_.character_id as characte1_6_0_, character0_.character_character_name as characte2_6_0_ from characters character0_ where character0_.character_id=?
Hibernate: select count(*) as col_0_0_ from board board0_
Hibernate: select count(*) as col_0_0_ from board board0_
Hibernate: select user0_.user_id as col_0_0_ from user user0_ where user0_.user_user_id=? limit ?
Hibernate: select user0_.user_id as col_0_0_ from user user0_ where user0_.user_user_id=? limit ?
Hibernate: select U.* from USER U where U.USER_USER_ID =?
Hibernate: select character0_.character_id as characte1_6_0_, character0_.character_character_name as characte2_6_0_ from characters character0_ where character0_.character_id=?
Hibernate: select user0_.user_id as user_id1_21_0_, user0_.character_id as characte7_21_0_, user0_.user_created_at as user_cre2_21_0_, user0_.user_name as user_nam3_21_0_, user0_.user_phone_number as user_pho4_21_0_, user0_.user_user_id as user_use5_21_0_, user0_.user_user_password as user_use6_21_0_ from user user0_ where user0_.user_id=?
Hibernate: select character0_.character_id as characte1_6_0_, character0_.character_character_name as characte2_6_0_ from characters character0_ where character0_.character_id=?
Hibernate: select category0_.category_id as category1_5_, category0_.category_name as category2_5_ from category category0_
Hibernate: select boardlist0_.category_id as category7_4_0_, boardlist0_.board_id as board_id1_4_0_, boardlist0_.board_id as board_id1_4_1_, boardlist0_.category_id as category7_4_1_, boardlist0_.board_content as board_co2_4_1_, boardlist0_.board_created_at as board_cr3_4_1_, boardlist0_.board_last_modified_at as board_la4_4_1_, boardlist0_.board_title as board_ti5_4_1_, boardlist0_.user_id as user_id8_4_1_, boardlist0_.board_views as board_vi6_4_1_ from board boardlist0_ where boardlist0_.category_id=?
Hibernate: select boardlist0_.category_id as category7_4_0_, boardlist0_.board_id as board_id1_4_0_, boardlist0_.board_id as board_id1_4_1_, boardlist0_.category_id as category7_4_1_, boardlist0_.board_content as board_co2_4_1_, boardlist0_.board_created_at as board_cr3_4_1_, boardlist0_.board_last_modified_at as board_la4_4_1_, boardlist0_.board_title as board_ti5_4_1_, boardlist0_.user_id as user_id8_4_1_, boardlist0_.board_views as board_vi6_4_1_ from board boardlist0_ where boardlist0_.category_id=?
Hibernate: select user0_.user_id as user_id1_21_0_, user0_.character_id as characte7_21_0_, user0_.user_created_at as user_cre2_21_0_, user0_.user_name as user_nam3_21_0_, user0_.user_phone_number as user_pho4_21_0_, user0_.user_user_id as user_use5_21_0_, user0_.user_user_password as user_use6_21_0_ from user user0_ where user0_.user_id=?
Hibernate: select character0_.character_id as characte1_6_0_, character0_.character_character_name as characte2_6_0_ from characters character0_ where character0_.character_id=?
Hibernate: select count(*) as col_0_0_ from user user0_ where user0_.user_id=?
Hibernate: select character1_.character_id as characte1_6_, character1_.character_character_name as characte2_6_ from user user0_ inner join characters character1_ on user0_.character_id=character1_.character_id where user0_.user_id=?
Hibernate: select permission0_.character_id as characte6_12_0_, permission0_.permission_id as permissi1_12_0_, permission0_.permission_id as permissi1_12_1_, permission0_.character_id as characte6_12_1_, permission0_.permission_name as permissi2_12_1_, permission0_.permission_permission_unit_id as permissi3_12_1_, permission0_.permission_service as permissi4_12_1_, permission0_.permission_status as permissi5_12_1_ from permission permission0_ where permission0_.character_id=?
Hibernate: select count(*) as col_0_0_ from category category0_ where category0_.category_id=?
Hibernate: select count(board0_.board_id) as col_0_0_ from board board0_ where board0_.category_id=?
Hibernate: select category0_.category_id as category1_5_0_, category0_.category_name as category2_5_0_ from category category0_ where category0_.category_id=?
Hibernate: select boardlist0_.category_id as category7_4_0_, boardlist0_.board_id as board_id1_4_0_, boardlist0_.board_id as board_id1_4_1_, boardlist0_.category_id as category7_4_1_, boardlist0_.board_content as board_co2_4_1_, boardlist0_.board_created_at as board_cr3_4_1_, boardlist0_.board_last_modified_at as board_la4_4_1_, boardlist0_.board_title as board_ti5_4_1_, boardlist0_.user_id as user_id8_4_1_, boardlist0_.board_views as board_vi6_4_1_ from board boardlist0_ where boardlist0_.category_id=?
Hibernate: delete from category where category_id=?
Hibernate: select user0_.user_id as user_id1_21_0_, user0_.character_id as characte7_21_0_, user0_.user_created_at as user_cre2_21_0_, user0_.user_name as user_nam3_21_0_, user0_.user_phone_number as user_pho4_21_0_, user0_.user_user_id as user_use5_21_0_, user0_.user_user_password as user_use6_21_0_ from user user0_ where user0_.user_id=?
Hibernate: select character0_.character_id as characte1_6_0_, character0_.character_character_name as characte2_6_0_ from characters character0_ where character0_.character_id=?
Hibernate: select count(*) as col_0_0_ from user user0_ where user0_.user_id=?
Hibernate: select character1_.character_id as characte1_6_, character1_.character_character_name as characte2_6_ from user user0_ inner join characters character1_ on user0_.character_id=character1_.character_id where user0_.user_id=?
Hibernate: select permission0_.character_id as characte6_12_0_, permission0_.permission_id as permissi1_12_0_, permission0_.permission_id as permissi1_12_1_, permission0_.character_id as characte6_12_1_, permission0_.permission_name as permissi2_12_1_, permission0_.permission_permission_unit_id as permissi3_12_1_, permission0_.permission_service as permissi4_12_1_, permission0_.permission_status as permissi5_12_1_ from permission permission0_ where permission0_.character_id=?
Hibernate: select count(*) as col_0_0_ from category category0_ where category0_.category_id=?
Hibernate: select count(board0_.board_id) as col_0_0_ from board board0_ where board0_.category_id=?
Hibernate: select category0_.category_id as category1_5_0_, category0_.category_name as category2_5_0_ from category category0_ where category0_.category_id=?
Hibernate: select boardlist0_.category_id as category7_4_0_, boardlist0_.board_id as board_id1_4_0_, boardlist0_.board_id as board_id1_4_1_, boardlist0_.category_id as category7_4_1_, boardlist0_.board_content as board_co2_4_1_, boardlist0_.board_created_at as board_cr3_4_1_, boardlist0_.board_last_modified_at as board_la4_4_1_, boardlist0_.board_title as board_ti5_4_1_, boardlist0_.user_id as user_id8_4_1_, boardlist0_.board_views as board_vi6_4_1_ from board boardlist0_ where boardlist0_.category_id=?
Hibernate: delete from category where category_id=?
Hibernate: select user0_.user_id as user_id1_21_0_, user0_.character_id as characte7_21_0_, user0_.user_created_at as user_cre2_21_0_, user0_.user_name as user_nam3_21_0_, user0_.user_phone_number as user_pho4_21_0_, user0_.user_user_id as user_use5_21_0_, user0_.user_user_password as user_use6_21_0_ from user user0_ where user0_.user_id=?
Hibernate: select character0_.character_id as characte1_6_0_, character0_.character_character_name as characte2_6_0_ from characters character0_ where character0_.character_id=?
Hibernate: select count(*) as col_0_0_ from user user0_ where user0_.user_id=?
Hibernate: select character1_.character_id as characte1_6_, character1_.character_character_name as characte2_6_ from user user0_ inner join characters character1_ on user0_.character_id=character1_.character_id where user0_.user_id=?
Hibernate: select permission0_.character_id as characte6_12_0_, permission0_.permission_id as permissi1_12_0_, permission0_.permission_id as permissi1_12_1_, permission0_.character_id as characte6_12_1_, permission0_.permission_name as permissi2_12_1_, permission0_.permission_permission_unit_id as permissi3_12_1_, permission0_.permission_service as permissi4_12_1_, permission0_.permission_status as permissi5_12_1_ from permission permission0_ where permission0_.character_id=?
Hibernate: select category0_.category_id as col_0_0_ from category category0_ where category0_.category_name=? limit ?
Hibernate: select category0_.category_id as category1_5_1_, category0_.category_name as category2_5_1_, boardlist1_.category_id as category7_4_3_, boardlist1_.board_id as board_id1_4_3_, boardlist1_.board_id as board_id1_4_0_, boardlist1_.category_id as category7_4_0_, boardlist1_.board_content as board_co2_4_0_, boardlist1_.board_created_at as board_cr3_4_0_, boardlist1_.board_last_modified_at as board_la4_4_0_, boardlist1_.board_title as board_ti5_4_0_, boardlist1_.user_id as user_id8_4_0_, boardlist1_.board_views as board_vi6_4_0_ from category category0_ left outer join board boardlist1_ on category0_.category_id=boardlist1_.category_id where category0_.category_id=?
Hibernate: insert into category (category_id, category_name) values (default, ?)
Hibernate: select user0_.user_id as user_id1_21_0_, user0_.character_id as characte7_21_0_, user0_.user_created_at as user_cre2_21_0_, user0_.user_name as user_nam3_21_0_, user0_.user_phone_number as user_pho4_21_0_, user0_.user_user_id as user_use5_21_0_, user0_.user_user_password as user_use6_21_0_ from user user0_ where user0_.user_id=?
Hibernate: select character0_.character_id as characte1_6_0_, character0_.character_character_name as characte2_6_0_ from characters character0_ where character0_.character_id=?
Hibernate: select count(*) as col_0_0_ from user user0_ where user0_.user_id=?
Hibernate: select character1_.character_id as characte1_6_, character1_.character_character_name as characte2_6_ from user user0_ inner join characters character1_ on user0_.character_id=character1_.character_id where user0_.user_id=?
Hibernate: select permission0_.character_id as characte6_12_0_, permission0_.permission_id as permissi1_12_0_, permission0_.permission_id as permissi1_12_1_, permission0_.character_id as characte6_12_1_, permission0_.permission_name as permissi2_12_1_, permission0_.permission_permission_unit_id as permissi3_12_1_, permission0_.permission_service as permissi4_12_1_, permission0_.permission_status as permissi5_12_1_ from permission permission0_ where permission0_.character_id=?
Hibernate: select category0_.category_id as col_0_0_ from category category0_ where category0_.category_name=? limit ?
Hibernate: select category0_.category_id as category1_5_1_, category0_.category_name as category2_5_1_, boardlist1_.category_id as category7_4_3_, boardlist1_.board_id as board_id1_4_3_, boardlist1_.board_id as board_id1_4_0_, boardlist1_.category_id as category7_4_0_, boardlist1_.board_content as board_co2_4_0_, boardlist1_.board_created_at as board_cr3_4_0_, boardlist1_.board_last_modified_at as board_la4_4_0_, boardlist1_.board_title as board_ti5_4_0_, boardlist1_.user_id as user_id8_4_0_, boardlist1_.board_views as board_vi6_4_0_ from category category0_ left outer join board boardlist1_ on category0_.category_id=boardlist1_.category_id where category0_.category_id=?
Hibernate: insert into category (category_id, category_name) values (default, ?)
Hibernate: select user0_.user_id as col_0_0_ from user user0_ where user0_.user_user_id=? limit ?
Hibernate: select user0_.user_id as col_0_0_ from user user0_ where user0_.user_user_id=? limit ?
Hibernate: select U.* from USER U where U.USER_USER_ID =?
Hibernate: select character0_.character_id as characte1_6_0_, character0_.character_character_name as characte2_6_0_ from characters character0_ where character0_.character_id=?
Hibernate: select user0_.user_id as col_0_0_ from user user0_ where user0_.user_user_id=? limit ?
Hibernate: select user0_.user_id as col_0_0_ from user user0_ where user0_.user_user_id=? limit ?
Hibernate: select U.* from USER U where U.USER_USER_ID =?
Hibernate: select character0_.character_id as characte1_6_0_, character0_.character_character_name as characte2_6_0_ from characters character0_ where character0_.character_id=?
Hibernate: select user0_.user_id as col_0_0_ from user user0_ where user0_.user_user_id=? limit ?
Hibernate: select user0_.user_id as col_0_0_ from user user0_ where user0_.user_user_id=? limit ?
Hibernate: select U.* from USER U where U.USER_USER_ID =?
Hibernate: select character0_.character_id as characte1_6_0_, character0_.character_character_name as characte2_6_0_ from characters character0_ where character0_.character_id=?
Hibernate: select user0_.user_id as user_id1_21_0_, user0_.character_id as characte7_21_0_, user0_.user_created_at as user_cre2_21_0_, user0_.user_name as user_nam3_21_0_, user0_.user_phone_number as user_pho4_21_0_, user0_.user_user_id as user_use5_21_0_, user0_.user_user_password as user_use6_21_0_ from user user0_ where user0_.user_id=?
Hibernate: select character0_.character_id as characte1_6_0_, character0_.character_character_name as characte2_6_0_ from characters character0_ where character0_.character_id=?
Hibernate: select count(*) as col_0_0_ from user user0_ where user0_.user_id=?
Hibernate: select character1_.character_id as characte1_6_, character1_.character_character_name as characte2_6_ from user user0_ inner join characters character1_ on user0_.character_id=character1_.character_id where user0_.user_id=?
Hibernate: select permission0_.character_id as characte6_12_0_, permission0_.permission_id as permissi1_12_0_, permission0_.permission_id as permissi1_12_1_, permission0_.character_id as characte6_12_1_, permission0_.permission_name as permissi2_12_1_, permission0_.permission_permission_unit_id as permissi3_12_1_, permission0_.permission_service as permissi4_12_1_, permission0_.permission_status as permissi5_12_1_ from permission permission0_ where permission0_.character_id=?
Hibernate: select category0_.category_id as col_0_0_ from category category0_ where category0_.category_name=? limit ?
Hibernate: select category0_.category_id as category1_5_1_, category0_.category_name as category2_5_1_, boardlist1_.category_id as category7_4_3_, boardlist1_.board_id as board_id1_4_3_, boardlist1_.board_id as board_id1_4_0_, boardlist1_.category_id as category7_4_0_, boardlist1_.board_content as board_co2_4_0_, boardlist1_.board_created_at as board_cr3_4_0_, boardlist1_.board_last_modified_at as board_la4_4_0_, boardlist1_.board_title as board_ti5_4_0_, boardlist1_.user_id as user_id8_4_0_, boardlist1_.board_views as board_vi6_4_0_ from category category0_ left outer join board boardlist1_ on category0_.category_id=boardlist1_.category_id where category0_.category_id=?
Hibernate: insert into category (category_id, category_name) values (default, ?)
Hibernate: select user0_.user_id as user_id1_21_0_, user0_.character_id as characte7_21_0_, user0_.user_created_at as user_cre2_21_0_, user0_.user_name as user_nam3_21_0_, user0_.user_phone_number as user_pho4_21_0_, user0_.user_user_id as user_use5_21_0_, user0_.user_user_password as user_use6_21_0_ from user user0_ where user0_.user_id=?
Hibernate: select character0_.character_id as characte1_6_0_, character0_.character_character_name as characte2_6_0_ from characters character0_ where character0_.character_id=?
Hibernate: select category0_.category_id as category1_5_, category0_.category_name as category2_5_ from category category0_
Hibernate: select boardlist0_.category_id as category7_4_0_, boardlist0_.board_id as board_id1_4_0_, boardlist0_.board_id as board_id1_4_1_, boardlist0_.category_id as category7_4_1_, boardlist0_.board_content as board_co2_4_1_, boardlist0_.board_created_at as board_cr3_4_1_, boardlist0_.board_last_modified_at as board_la4_4_1_, boardlist0_.board_title as board_ti5_4_1_, boardlist0_.user_id as user_id8_4_1_, boardlist0_.board_views as board_vi6_4_1_ from board boardlist0_ where boardlist0_.category_id=?
Hibernate: select boardlist0_.category_id as category7_4_0_, boardlist0_.board_id as board_id1_4_0_, boardlist0_.board_id as board_id1_4_1_, boardlist0_.category_id as category7_4_1_, boardlist0_.board_content as board_co2_4_1_, boardlist0_.board_created_at as board_cr3_4_1_, boardlist0_.board_last_modified_at as board_la4_4_1_, boardlist0_.board_title as board_ti5_4_1_, boardlist0_.user_id as user_id8_4_1_, boardlist0_.board_views as board_vi6_4_1_ from board boardlist0_ where boardlist0_.category_id=?
Hibernate: select boardlist0_.category_id as category7_4_0_, boardlist0_.board_id as board_id1_4_0_, boardlist0_.board_id as board_id1_4_1_, boardlist0_.category_id as category7_4_1_, boardlist0_.board_content as board_co2_4_1_, boardlist0_.board_created_at as board_cr3_4_1_, boardlist0_.board_last_modified_at as board_la4_4_1_, boardlist0_.board_title as board_ti5_4_1_, boardlist0_.user_id as user_id8_4_1_, boardlist0_.board_views as board_vi6_4_1_ from board boardlist0_ where boardlist0_.category_id=?
Hibernate: select user0_.user_id as user_id1_21_0_, user0_.character_id as characte7_21_0_, user0_.user_created_at as user_cre2_21_0_, user0_.user_name as user_nam3_21_0_, user0_.user_phone_number as user_pho4_21_0_, user0_.user_user_id as user_use5_21_0_, user0_.user_user_password as user_use6_21_0_ from user user0_ where user0_.user_id=?
Hibernate: select character0_.character_id as characte1_6_0_, character0_.character_character_name as characte2_6_0_ from characters character0_ where character0_.character_id=?
Hibernate: select count(*) as col_0_0_ from user user0_ where user0_.user_id=?
Hibernate: select character1_.character_id as characte1_6_, character1_.character_character_name as characte2_6_ from user user0_ inner join characters character1_ on user0_.character_id=character1_.character_id where user0_.user_id=?
Hibernate: select permission0_.character_id as characte6_12_0_, permission0_.permission_id as permissi1_12_0_, permission0_.permission_id as permissi1_12_1_, permission0_.character_id as characte6_12_1_, permission0_.permission_name as permissi2_12_1_, permission0_.permission_permission_unit_id as permissi3_12_1_, permission0_.permission_service as permissi4_12_1_, permission0_.permission_status as permissi5_12_1_ from permission permission0_ where permission0_.character_id=?
Hibernate: select count(*) as col_0_0_ from category category0_ where category0_.category_id=?
Hibernate: insert into filename (filename_id, filename_origin, filename_uuid) values (default, ?, ?)
Hibernate: insert into filename (filename_id, filename_origin, filename_uuid) values (default, ?, ?)
Hibernate: select category0_.category_id as category1_5_0_, category0_.category_name as category2_5_0_ from category category0_ where category0_.category_id=?
Hibernate: insert into board (board_id, category_id, board_content, board_created_at, board_last_modified_at, board_title, user_id, board_views) values (default, ?, ?, ?, ?, ?, ?, ?)
Hibernate: insert into reaction (reaction_id, board_id, reaction_type) values (default, ?, ?)
Hibernate: insert into reaction (reaction_id, board_id, reaction_type) values (default, ?, ?)
Hibernate: insert into reaction (reaction_id, board_id, reaction_type) values (default, ?, ?)
Hibernate: insert into reaction (reaction_id, board_id, reaction_type) values (default, ?, ?)
Hibernate: insert into reaction (reaction_id, board_id, reaction_type) values (default, ?, ?)
Hibernate: insert into reaction (reaction_id, board_id, reaction_type) values (default, ?, ?)
Hibernate: insert into file_path_list (board_board_id, board_file_path_list) values (?, ?)
Hibernate: insert into image_path_list (board_board_id, board_image_path_list) values (?, ?)
Hibernate: select user0_.user_id as user_id1_21_0_, user0_.character_id as characte7_21_0_, user0_.user_created_at as user_cre2_21_0_, user0_.user_name as user_nam3_21_0_, user0_.user_phone_number as user_pho4_21_0_, user0_.user_user_id as user_use5_21_0_, user0_.user_user_password as user_use6_21_0_ from user user0_ where user0_.user_id=?
Hibernate: select character0_.character_id as characte1_6_0_, character0_.character_character_name as characte2_6_0_ from characters character0_ where character0_.character_id=?
Hibernate: select count(*) as col_0_0_ from board board0_
Hibernate: select board0_.board_id as board_id1_4_, board0_.category_id as category7_4_, board0_.board_content as board_co2_4_, board0_.board_created_at as board_cr3_4_, board0_.board_last_modified_at as board_la4_4_, board0_.board_title as board_ti5_4_, board0_.user_id as user_id8_4_, board0_.board_views as board_vi6_4_ from board board0_ limit ?
Hibernate: select category0_.category_id as category1_5_0_, category0_.category_name as category2_5_0_ from category category0_ where category0_.category_id=?
Hibernate: select reactionli0_.board_id as board_id3_13_0_, reactionli0_.reaction_id as reaction1_13_0_, reactionli0_.reaction_id as reaction1_13_1_, reactionli0_.board_id as board_id3_13_1_, reactionli0_.reaction_type as reaction2_13_1_ from reaction reactionli0_ where reactionli0_.board_id=?
Hibernate: select reactionus0_.reaction_id as reaction2_14_0_, reactionus0_.reaction_user_id as reaction1_14_0_, reactionus0_.reaction_user_id as reaction1_14_1_, reactionus0_.reaction_id as reaction2_14_1_, reactionus0_.user_id as user_id3_14_1_ from reaction_user reactionus0_ where reactionus0_.reaction_id=?
Hibernate: select reactionus0_.reaction_id as reaction2_14_0_, reactionus0_.reaction_user_id as reaction1_14_0_, reactionus0_.reaction_user_id as reaction1_14_1_, reactionus0_.reaction_id as reaction2_14_1_, reactionus0_.user_id as user_id3_14_1_ from reaction_user reactionus0_ where reactionus0_.reaction_id=?
Hibernate: select reactionus0_.reaction_id as reaction2_14_0_, reactionus0_.reaction_user_id as reaction1_14_0_, reactionus0_.reaction_user_id as reaction1_14_1_, reactionus0_.reaction_id as reaction2_14_1_, reactionus0_.user_id as user_id3_14_1_ from reaction_user reactionus0_ where reactionus0_.reaction_id=?
Hibernate: select reactionus0_.reaction_id as reaction2_14_0_, reactionus0_.reaction_user_id as reaction1_14_0_, reactionus0_.reaction_user_id as reaction1_14_1_, reactionus0_.reaction_id as reaction2_14_1_, reactionus0_.user_id as user_id3_14_1_ from reaction_user reactionus0_ where reactionus0_.reaction_id=?
Hibernate: select reactionus0_.reaction_id as reaction2_14_0_, reactionus0_.reaction_user_id as reaction1_14_0_, reactionus0_.reaction_user_id as reaction1_14_1_, reactionus0_.reaction_id as reaction2_14_1_, reactionus0_.user_id as user_id3_14_1_ from reaction_user reactionus0_ where reactionus0_.reaction_id=?
Hibernate: select reactionus0_.reaction_id as reaction2_14_0_, reactionus0_.reaction_user_id as reaction1_14_0_, reactionus0_.reaction_user_id as reaction1_14_1_, reactionus0_.reaction_id as reaction2_14_1_, reactionus0_.user_id as user_id3_14_1_ from reaction_user reactionus0_ where reactionus0_.reaction_id=?
Hibernate: select commentlis0_.board_id as board_id5_7_0_, commentlis0_.comment_id as comment_1_7_0_, commentlis0_.comment_id as comment_1_7_1_, commentlis0_.board_id as board_id5_7_1_, commentlis0_.comment_content as comment_2_7_1_, commentlis0_.comment_created_at as comment_3_7_1_, commentlis0_.comment_last_modified_at as comment_4_7_1_, commentlis0_.user_id as user_id6_7_1_ from comment commentlis0_ where commentlis0_.board_id=?
Hibernate: select boardlist0_.category_id as category7_4_0_, boardlist0_.board_id as board_id1_4_0_, boardlist0_.board_id as board_id1_4_1_, boardlist0_.category_id as category7_4_1_, boardlist0_.board_content as board_co2_4_1_, boardlist0_.board_created_at as board_cr3_4_1_, boardlist0_.board_last_modified_at as board_la4_4_1_, boardlist0_.board_title as board_ti5_4_1_, boardlist0_.user_id as user_id8_4_1_, boardlist0_.board_views as board_vi6_4_1_ from board boardlist0_ where boardlist0_.category_id=?
Hibernate: select count(comment0_.comment_id) as col_0_0_ from comment comment0_ where comment0_.board_id=?
Hibernate: select count(*) as col_0_0_ from board board0_
Hibernate: select imagepathl0_.board_board_id as board_bo1_11_0_, imagepathl0_.board_image_path_list as board_im2_11_0_ from image_path_list imagepathl0_ where imagepathl0_.board_board_id=?
Hibernate: select filename0_.filename_id as filename1_9_, filename0_.filename_origin as filename2_9_, filename0_.filename_uuid as filename3_9_ from filename filename0_ where filename0_.filename_uuid=?
Hibernate: select filepathli0_.board_board_id as board_bo1_8_0_, filepathli0_.board_file_path_list as board_fi2_8_0_ from file_path_list filepathli0_ where filepathli0_.board_board_id=?
Hibernate: select filename0_.filename_id as filename1_9_, filename0_.filename_origin as filename2_9_, filename0_.filename_uuid as filename3_9_ from filename filename0_ where filename0_.filename_uuid=?
Hibernate: select user0_.user_id as user_id1_21_0_, user0_.character_id as characte7_21_0_, user0_.user_created_at as user_cre2_21_0_, user0_.user_name as user_nam3_21_0_, user0_.user_phone_number as user_pho4_21_0_, user0_.user_user_id as user_use5_21_0_, user0_.user_user_password as user_use6_21_0_ from user user0_ where user0_.user_id=?
Hibernate: select character0_.character_id as characte1_6_0_, character0_.character_character_name as characte2_6_0_ from characters character0_ where character0_.character_id=?
Hibernate: select category0_.category_id as category1_5_, category0_.category_name as category2_5_ from category category0_
Hibernate: select boardlist0_.category_id as category7_4_0_, boardlist0_.board_id as board_id1_4_0_, boardlist0_.board_id as board_id1_4_1_, boardlist0_.category_id as category7_4_1_, boardlist0_.board_content as board_co2_4_1_, boardlist0_.board_created_at as board_cr3_4_1_, boardlist0_.board_last_modified_at as board_la4_4_1_, boardlist0_.board_title as board_ti5_4_1_, boardlist0_.user_id as user_id8_4_1_, boardlist0_.board_views as board_vi6_4_1_ from board boardlist0_ where boardlist0_.category_id=?
Hibernate: select boardlist0_.category_id as category7_4_0_, boardlist0_.board_id as board_id1_4_0_, boardlist0_.board_id as board_id1_4_1_, boardlist0_.category_id as category7_4_1_, boardlist0_.board_content as board_co2_4_1_, boardlist0_.board_created_at as board_cr3_4_1_, boardlist0_.board_last_modified_at as board_la4_4_1_, boardlist0_.board_title as board_ti5_4_1_, boardlist0_.user_id as user_id8_4_1_, boardlist0_.board_views as board_vi6_4_1_ from board boardlist0_ where boardlist0_.category_id=?
Hibernate: select boardlist0_.category_id as category7_4_0_, boardlist0_.board_id as board_id1_4_0_, boardlist0_.board_id as board_id1_4_1_, boardlist0_.category_id as category7_4_1_, boardlist0_.board_content as board_co2_4_1_, boardlist0_.board_created_at as board_cr3_4_1_, boardlist0_.board_last_modified_at as board_la4_4_1_, boardlist0_.board_title as board_ti5_4_1_, boardlist0_.user_id as user_id8_4_1_, boardlist0_.board_views as board_vi6_4_1_ from board boardlist0_ where boardlist0_.category_id=?
Hibernate: select U.* from USER U join BOARD B where U.USER_ID = B.USER_ID and B.BOARD_ID = ?
Hibernate: select character0_.character_id as characte1_6_0_, character0_.character_character_name as characte2_6_0_ from characters character0_ where character0_.character_id=?
Hibernate: select count(*) as col_0_0_ from user user0_ where user0_.user_id=?
Hibernate: select character1_.character_id as characte1_6_, character1_.character_character_name as characte2_6_ from user user0_ inner join characters character1_ on user0_.character_id=character1_.character_id where user0_.user_id=?
Hibernate: select permission0_.character_id as characte6_12_0_, permission0_.permission_id as permissi1_12_0_, permission0_.permission_id as permissi1_12_1_, permission0_.character_id as characte6_12_1_, permission0_.permission_name as permissi2_12_1_, permission0_.permission_permission_unit_id as permissi3_12_1_, permission0_.permission_service as permissi4_12_1_, permission0_.permission_status as permissi5_12_1_ from permission permission0_ where permission0_.character_id=?
Hibernate: select count(*) as col_0_0_ from board board0_ where board0_.board_id=?
Hibernate: select count(*) as col_0_0_ from category category0_ where category0_.category_id=?
Hibernate: select board0_.board_id as board_id1_4_0_, board0_.category_id as category7_4_0_, board0_.board_content as board_co2_4_0_, board0_.board_created_at as board_cr3_4_0_, board0_.board_last_modified_at as board_la4_4_0_, board0_.board_title as board_ti5_4_0_, board0_.user_id as user_id8_4_0_, board0_.board_views as board_vi6_4_0_ from board board0_ where board0_.board_id=?
Hibernate: select category0_.category_id as category1_5_0_, category0_.category_name as category2_5_0_ from category category0_ where category0_.category_id=?
Hibernate: select reactionli0_.board_id as board_id3_13_0_, reactionli0_.reaction_id as reaction1_13_0_, reactionli0_.reaction_id as reaction1_13_1_, reactionli0_.board_id as board_id3_13_1_, reactionli0_.reaction_type as reaction2_13_1_ from reaction reactionli0_ where reactionli0_.board_id=?
Hibernate: select reactionus0_.reaction_id as reaction2_14_0_, reactionus0_.reaction_user_id as reaction1_14_0_, reactionus0_.reaction_user_id as reaction1_14_1_, reactionus0_.reaction_id as reaction2_14_1_, reactionus0_.user_id as user_id3_14_1_ from reaction_user reactionus0_ where reactionus0_.reaction_id=?
Hibernate: select reactionus0_.reaction_id as reaction2_14_0_, reactionus0_.reaction_user_id as reaction1_14_0_, reactionus0_.reaction_user_id as reaction1_14_1_, reactionus0_.reaction_id as reaction2_14_1_, reactionus0_.user_id as user_id3_14_1_ from reaction_user reactionus0_ where reactionus0_.reaction_id=?
Hibernate: select reactionus0_.reaction_id as reaction2_14_0_, reactionus0_.reaction_user_id as reaction1_14_0_, reactionus0_.reaction_user_id as reaction1_14_1_, reactionus0_.reaction_id as reaction2_14_1_, reactionus0_.user_id as user_id3_14_1_ from reaction_user reactionus0_ where reactionus0_.reaction_id=?
Hibernate: select reactionus0_.reaction_id as reaction2_14_0_, reactionus0_.reaction_user_id as reaction1_14_0_, reactionus0_.reaction_user_id as reaction1_14_1_, reactionus0_.reaction_id as reaction2_14_1_, reactionus0_.user_id as user_id3_14_1_ from reaction_user reactionus0_ where reactionus0_.reaction_id=?
Hibernate: select reactionus0_.reaction_id as reaction2_14_0_, reactionus0_.reaction_user_id as reaction1_14_0_, reactionus0_.reaction_user_id as reaction1_14_1_, reactionus0_.reaction_id as reaction2_14_1_, reactionus0_.user_id as user_id3_14_1_ from reaction_user reactionus0_ where reactionus0_.reaction_id=?
Hibernate: select reactionus0_.reaction_id as reaction2_14_0_, reactionus0_.reaction_user_id as reaction1_14_0_, reactionus0_.reaction_user_id as reaction1_14_1_, reactionus0_.reaction_id as reaction2_14_1_, reactionus0_.user_id as user_id3_14_1_ from reaction_user reactionus0_ where reactionus0_.reaction_id=?
Hibernate: select commentlis0_.board_id as board_id5_7_0_, commentlis0_.comment_id as comment_1_7_0_, commentlis0_.comment_id as comment_1_7_1_, commentlis0_.board_id as board_id5_7_1_, commentlis0_.comment_content as comment_2_7_1_, commentlis0_.comment_created_at as comment_3_7_1_, commentlis0_.comment_last_modified_at as comment_4_7_1_, commentlis0_.user_id as user_id6_7_1_ from comment commentlis0_ where commentlis0_.board_id=?
Hibernate: update board set category_id=?, board_content=?, board_created_at=?, board_last_modified_at=?, board_title=?, user_id=?, board_views=? where board_id=?
Hibernate: select filename0_.filename_id as filename1_9_, filename0_.filename_origin as filename2_9_, filename0_.filename_uuid as filename3_9_ from filename filename0_ where filename0_.filename_uuid=?
Hibernate: insert into filename (filename_id, filename_origin, filename_uuid) values (default, ?, ?)
Hibernate: delete from filename where filename_id=?
Hibernate: select filepathli0_.board_board_id as board_bo1_8_0_, filepathli0_.board_file_path_list as board_fi2_8_0_ from file_path_list filepathli0_ where filepathli0_.board_board_id=?
Hibernate: select imagepathl0_.board_board_id as board_bo1_11_0_, imagepathl0_.board_image_path_list as board_im2_11_0_ from image_path_list imagepathl0_ where imagepathl0_.board_board_id=?
Hibernate: delete from file_path_list where board_board_id=?
Hibernate: delete from image_path_list where board_board_id=?
Hibernate: insert into image_path_list (board_board_id, board_image_path_list) values (?, ?)
Hibernate: insert into image_path_list (board_board_id, board_image_path_list) values (?, ?)
Hibernate: select user0_.user_id as col_0_0_ from user user0_ where user0_.user_user_id=? limit ?
Hibernate: select user0_.user_id as col_0_0_ from user user0_ where user0_.user_user_id=? limit ?
Hibernate: select U.* from USER U where U.USER_USER_ID =?
Hibernate: select character0_.character_id as characte1_6_0_, character0_.character_character_name as characte2_6_0_ from characters character0_ where character0_.character_id=?
Hibernate: select user0_.user_id as user_id1_21_0_, user0_.character_id as characte7_21_0_, user0_.user_created_at as user_cre2_21_0_, user0_.user_name as user_nam3_21_0_, user0_.user_phone_number as user_pho4_21_0_, user0_.user_user_id as user_use5_21_0_, user0_.user_user_password as user_use6_21_0_ from user user0_ where user0_.user_id=?
Hibernate: select character0_.character_id as characte1_6_0_, character0_.character_character_name as characte2_6_0_ from characters character0_ where character0_.character_id=?
Hibernate: select count(*) as col_0_0_ from board board0_
Hibernate: select board0_.board_id as board_id1_4_, board0_.category_id as category7_4_, board0_.board_content as board_co2_4_, board0_.board_created_at as board_cr3_4_, board0_.board_last_modified_at as board_la4_4_, board0_.board_title as board_ti5_4_, board0_.user_id as user_id8_4_, board0_.board_views as board_vi6_4_ from board board0_ limit ?
Hibernate: select category0_.category_id as category1_5_0_, category0_.category_name as category2_5_0_ from category category0_ where category0_.category_id=?
Hibernate: select reactionli0_.board_id as board_id3_13_0_, reactionli0_.reaction_id as reaction1_13_0_, reactionli0_.reaction_id as reaction1_13_1_, reactionli0_.board_id as board_id3_13_1_, reactionli0_.reaction_type as reaction2_13_1_ from reaction reactionli0_ where reactionli0_.board_id=?
Hibernate: select reactionus0_.reaction_id as reaction2_14_0_, reactionus0_.reaction_user_id as reaction1_14_0_, reactionus0_.reaction_user_id as reaction1_14_1_, reactionus0_.reaction_id as reaction2_14_1_, reactionus0_.user_id as user_id3_14_1_ from reaction_user reactionus0_ where reactionus0_.reaction_id=?
Hibernate: select reactionus0_.reaction_id as reaction2_14_0_, reactionus0_.reaction_user_id as reaction1_14_0_, reactionus0_.reaction_user_id as reaction1_14_1_, reactionus0_.reaction_id as reaction2_14_1_, reactionus0_.user_id as user_id3_14_1_ from reaction_user reactionus0_ where reactionus0_.reaction_id=?
Hibernate: select reactionus0_.reaction_id as reaction2_14_0_, reactionus0_.reaction_user_id as reaction1_14_0_, reactionus0_.reaction_user_id as reaction1_14_1_, reactionus0_.reaction_id as reaction2_14_1_, reactionus0_.user_id as user_id3_14_1_ from reaction_user reactionus0_ where reactionus0_.reaction_id=?
Hibernate: select reactionus0_.reaction_id as reaction2_14_0_, reactionus0_.reaction_user_id as reaction1_14_0_, reactionus0_.reaction_user_id as reaction1_14_1_, reactionus0_.reaction_id as reaction2_14_1_, reactionus0_.user_id as user_id3_14_1_ from reaction_user reactionus0_ where reactionus0_.reaction_id=?
Hibernate: select reactionus0_.reaction_id as reaction2_14_0_, reactionus0_.reaction_user_id as reaction1_14_0_, reactionus0_.reaction_user_id as reaction1_14_1_, reactionus0_.reaction_id as reaction2_14_1_, reactionus0_.user_id as user_id3_14_1_ from reaction_user reactionus0_ where reactionus0_.reaction_id=?
Hibernate: select reactionus0_.reaction_id as reaction2_14_0_, reactionus0_.reaction_user_id as reaction1_14_0_, reactionus0_.reaction_user_id as reaction1_14_1_, reactionus0_.reaction_id as reaction2_14_1_, reactionus0_.user_id as user_id3_14_1_ from reaction_user reactionus0_ where reactionus0_.reaction_id=?
Hibernate: select commentlis0_.board_id as board_id5_7_0_, commentlis0_.comment_id as comment_1_7_0_, commentlis0_.comment_id as comment_1_7_1_, commentlis0_.board_id as board_id5_7_1_, commentlis0_.comment_content as comment_2_7_1_, commentlis0_.comment_created_at as comment_3_7_1_, commentlis0_.comment_last_modified_at as comment_4_7_1_, commentlis0_.user_id as user_id6_7_1_ from comment commentlis0_ where commentlis0_.board_id=?
Hibernate: select boardlist0_.category_id as category7_4_0_, boardlist0_.board_id as board_id1_4_0_, boardlist0_.board_id as board_id1_4_1_, boardlist0_.category_id as category7_4_1_, boardlist0_.board_content as board_co2_4_1_, boardlist0_.board_created_at as board_cr3_4_1_, boardlist0_.board_last_modified_at as board_la4_4_1_, boardlist0_.board_title as board_ti5_4_1_, boardlist0_.user_id as user_id8_4_1_, boardlist0_.board_views as board_vi6_4_1_ from board boardlist0_ where boardlist0_.category_id=?
Hibernate: select count(comment0_.comment_id) as col_0_0_ from comment comment0_ where comment0_.board_id=?
Hibernate: select count(*) as col_0_0_ from board board0_
Hibernate: select imagepathl0_.board_board_id as board_bo1_11_0_, imagepathl0_.board_image_path_list as board_im2_11_0_ from image_path_list imagepathl0_ where imagepathl0_.board_board_id=?
Hibernate: select filename0_.filename_id as filename1_9_, filename0_.filename_origin as filename2_9_, filename0_.filename_uuid as filename3_9_ from filename filename0_ where filename0_.filename_uuid=?
Hibernate: select filename0_.filename_id as filename1_9_, filename0_.filename_origin as filename2_9_, filename0_.filename_uuid as filename3_9_ from filename filename0_ where filename0_.filename_uuid=?
Hibernate: select filepathli0_.board_board_id as board_bo1_8_0_, filepathli0_.board_file_path_list as board_fi2_8_0_ from file_path_list filepathli0_ where filepathli0_.board_board_id=?
Hibernate: select U.* from USER U join BOARD B where U.USER_ID = B.USER_ID and B.BOARD_ID = ?
Hibernate: select character0_.character_id as characte1_6_0_, character0_.character_character_name as characte2_6_0_ from characters character0_ where character0_.character_id=?
Hibernate: select count(*) as col_0_0_ from user user0_ where user0_.user_id=?
Hibernate: select character1_.character_id as characte1_6_, character1_.character_character_name as characte2_6_ from user user0_ inner join characters character1_ on user0_.character_id=character1_.character_id where user0_.user_id=?
Hibernate: select permission0_.character_id as characte6_12_0_, permission0_.permission_id as permissi1_12_0_, permission0_.permission_id as permissi1_12_1_, permission0_.character_id as characte6_12_1_, permission0_.permission_name as permissi2_12_1_, permission0_.permission_permission_unit_id as permissi3_12_1_, permission0_.permission_service as permissi4_12_1_, permission0_.permission_status as permissi5_12_1_ from permission permission0_ where permission0_.character_id=?
Hibernate: select count(*) as col_0_0_ from board board0_ where board0_.board_id=?
Hibernate: select board0_.board_id as board_id1_4_0_, board0_.category_id as category7_4_0_, board0_.board_content as board_co2_4_0_, board0_.board_created_at as board_cr3_4_0_, board0_.board_last_modified_at as board_la4_4_0_, board0_.board_title as board_ti5_4_0_, board0_.user_id as user_id8_4_0_, board0_.board_views as board_vi6_4_0_ from board board0_ where board0_.board_id=?
Hibernate: select category0_.category_id as category1_5_0_, category0_.category_name as category2_5_0_ from category category0_ where category0_.category_id=?
Hibernate: select reactionli0_.board_id as board_id3_13_0_, reactionli0_.reaction_id as reaction1_13_0_, reactionli0_.reaction_id as reaction1_13_1_, reactionli0_.board_id as board_id3_13_1_, reactionli0_.reaction_type as reaction2_13_1_ from reaction reactionli0_ where reactionli0_.board_id=?
Hibernate: select reactionus0_.reaction_id as reaction2_14_0_, reactionus0_.reaction_user_id as reaction1_14_0_, reactionus0_.reaction_user_id as reaction1_14_1_, reactionus0_.reaction_id as reaction2_14_1_, reactionus0_.user_id as user_id3_14_1_ from reaction_user reactionus0_ where reactionus0_.reaction_id=?
Hibernate: select reactionus0_.reaction_id as reaction2_14_0_, reactionus0_.reaction_user_id as reaction1_14_0_, reactionus0_.reaction_user_id as reaction1_14_1_, reactionus0_.reaction_id as reaction2_14_1_, reactionus0_.user_id as user_id3_14_1_ from reaction_user reactionus0_ where reactionus0_.reaction_id=?
Hibernate: select reactionus0_.reaction_id as reaction2_14_0_, reactionus0_.reaction_user_id as reaction1_14_0_, reactionus0_.reaction_user_id as reaction1_14_1_, reactionus0_.reaction_id as reaction2_14_1_, reactionus0_.user_id as user_id3_14_1_ from reaction_user reactionus0_ where reactionus0_.reaction_id=?
Hibernate: select reactionus0_.reaction_id as reaction2_14_0_, reactionus0_.reaction_user_id as reaction1_14_0_, reactionus0_.reaction_user_id as reaction1_14_1_, reactionus0_.reaction_id as reaction2_14_1_, reactionus0_.user_id as user_id3_14_1_ from reaction_user reactionus0_ where reactionus0_.reaction_id=?
Hibernate: select reactionus0_.reaction_id as reaction2_14_0_, reactionus0_.reaction_user_id as reaction1_14_0_, reactionus0_.reaction_user_id as reaction1_14_1_, reactionus0_.reaction_id as reaction2_14_1_, reactionus0_.user_id as user_id3_14_1_ from reaction_user reactionus0_ where reactionus0_.reaction_id=?
Hibernate: select reactionus0_.reaction_id as reaction2_14_0_, reactionus0_.reaction_user_id as reaction1_14_0_, reactionus0_.reaction_user_id as reaction1_14_1_, reactionus0_.reaction_id as reaction2_14_1_, reactionus0_.user_id as user_id3_14_1_ from reaction_user reactionus0_ where reactionus0_.reaction_id=?
Hibernate: select commentlis0_.board_id as board_id5_7_0_, commentlis0_.comment_id as comment_1_7_0_, commentlis0_.comment_id as comment_1_7_1_, commentlis0_.board_id as board_id5_7_1_, commentlis0_.comment_content as comment_2_7_1_, commentlis0_.comment_created_at as comment_3_7_1_, commentlis0_.comment_last_modified_at as comment_4_7_1_, commentlis0_.user_id as user_id6_7_1_ from comment commentlis0_ where commentlis0_.board_id=?
Hibernate: select boardlist0_.category_id as category7_4_0_, boardlist0_.board_id as board_id1_4_0_, boardlist0_.board_id as board_id1_4_1_, boardlist0_.category_id as category7_4_1_, boardlist0_.board_content as board_co2_4_1_, boardlist0_.board_created_at as board_cr3_4_1_, boardlist0_.board_last_modified_at as board_la4_4_1_, boardlist0_.board_title as board_ti5_4_1_, boardlist0_.user_id as user_id8_4_1_, boardlist0_.board_views as board_vi6_4_1_ from board boardlist0_ where boardlist0_.category_id=?
Hibernate: select count(comment0_.comment_id) as col_0_0_ from comment comment0_ where comment0_.board_id=?
Hibernate: update board set category_id=?, board_content=?, board_created_at=?, board_last_modified_at=?, board_title=?, user_id=?, board_views=? where board_id=?
Hibernate: select filepathli0_.board_board_id as board_bo1_8_0_, filepathli0_.board_file_path_list as board_fi2_8_0_ from file_path_list filepathli0_ where filepathli0_.board_board_id=?
Hibernate: select imagepathl0_.board_board_id as board_bo1_11_0_, imagepathl0_.board_image_path_list as board_im2_11_0_ from image_path_list imagepathl0_ where imagepathl0_.board_board_id=?
Hibernate: select filename0_.filename_id as filename1_9_, filename0_.filename_origin as filename2_9_, filename0_.filename_uuid as filename3_9_ from filename filename0_ where filename0_.filename_uuid=?
Hibernate: delete from filename where filename_id=?
Hibernate: select filename0_.filename_id as filename1_9_, filename0_.filename_origin as filename2_9_, filename0_.filename_uuid as filename3_9_ from filename filename0_ where filename0_.filename_uuid=?
Hibernate: delete from filename where filename_id=?
Hibernate: select count(*) as col_0_0_ from board board0_ where board0_.board_id=?
Hibernate: delete from image_path_list where board_board_id=?
Hibernate: delete from reaction where reaction_id=?
Hibernate: delete from reaction where reaction_id=?
Hibernate: delete from reaction where reaction_id=?
Hibernate: delete from reaction where reaction_id=?
Hibernate: delete from reaction where reaction_id=?
Hibernate: delete from reaction where reaction_id=?
Hibernate: delete from board where board_id=?
Hibernate: select user0_.user_id as user_id1_21_0_, user0_.character_id as characte7_21_0_, user0_.user_created_at as user_cre2_21_0_, user0_.user_name as user_nam3_21_0_, user0_.user_phone_number as user_pho4_21_0_, user0_.user_user_id as user_use5_21_0_, user0_.user_user_password as user_use6_21_0_ from user user0_ where user0_.user_id=?
Hibernate: select character0_.character_id as characte1_6_0_, character0_.character_character_name as characte2_6_0_ from characters character0_ where character0_.character_id=?
Hibernate: select count(*) as col_0_0_ from user user0_ where user0_.user_id=?
Hibernate: select character1_.character_id as characte1_6_, character1_.character_character_name as characte2_6_ from user user0_ inner join characters character1_ on user0_.character_id=character1_.character_id where user0_.user_id=?
Hibernate: select permission0_.character_id as characte6_12_0_, permission0_.permission_id as permissi1_12_0_, permission0_.permission_id as permissi1_12_1_, permission0_.character_id as characte6_12_1_, permission0_.permission_name as permissi2_12_1_, permission0_.permission_permission_unit_id as permissi3_12_1_, permission0_.permission_service as permissi4_12_1_, permission0_.permission_status as permissi5_12_1_ from permission permission0_ where permission0_.character_id=?
Hibernate: select count(*) as col_0_0_ from board board0_ where board0_.board_id=?
Hibernate: select user0_.user_id as col_0_0_ from user user0_ where user0_.user_user_id=? limit ?
Hibernate: select user0_.user_id as col_0_0_ from user user0_ where user0_.user_user_id=? limit ?
Hibernate: select U.* from USER U where U.USER_USER_ID =?
Hibernate: select character0_.character_id as characte1_6_0_, character0_.character_character_name as characte2_6_0_ from characters character0_ where character0_.character_id=?
Hibernate: select user0_.user_id as user_id1_21_0_, user0_.character_id as characte7_21_0_, user0_.user_created_at as user_cre2_21_0_, user0_.user_name as user_nam3_21_0_, user0_.user_phone_number as user_pho4_21_0_, user0_.user_user_id as user_use5_21_0_, user0_.user_user_password as user_use6_21_0_ from user user0_ where user0_.user_id=?
Hibernate: select character0_.character_id as characte1_6_0_, character0_.character_character_name as characte2_6_0_ from characters character0_ where character0_.character_id=?
Hibernate: select category0_.category_id as category1_5_, category0_.category_name as category2_5_ from category category0_
Hibernate: select boardlist0_.category_id as category7_4_0_, boardlist0_.board_id as board_id1_4_0_, boardlist0_.board_id as board_id1_4_1_, boardlist0_.category_id as category7_4_1_, boardlist0_.board_content as board_co2_4_1_, boardlist0_.board_created_at as board_cr3_4_1_, boardlist0_.board_last_modified_at as board_la4_4_1_, boardlist0_.board_title as board_ti5_4_1_, boardlist0_.user_id as user_id8_4_1_, boardlist0_.board_views as board_vi6_4_1_ from board boardlist0_ where boardlist0_.category_id=?
Hibernate: select boardlist0_.category_id as category7_4_0_, boardlist0_.board_id as board_id1_4_0_, boardlist0_.board_id as board_id1_4_1_, boardlist0_.category_id as category7_4_1_, boardlist0_.board_content as board_co2_4_1_, boardlist0_.board_created_at as board_cr3_4_1_, boardlist0_.board_last_modified_at as board_la4_4_1_, boardlist0_.board_title as board_ti5_4_1_, boardlist0_.user_id as user_id8_4_1_, boardlist0_.board_views as board_vi6_4_1_ from board boardlist0_ where boardlist0_.category_id=?
Hibernate: select boardlist0_.category_id as category7_4_0_, boardlist0_.board_id as board_id1_4_0_, boardlist0_.board_id as board_id1_4_1_, boardlist0_.category_id as category7_4_1_, boardlist0_.board_content as board_co2_4_1_, boardlist0_.board_created_at as board_cr3_4_1_, boardlist0_.board_last_modified_at as board_la4_4_1_, boardlist0_.board_title as board_ti5_4_1_, boardlist0_.user_id as user_id8_4_1_, boardlist0_.board_views as board_vi6_4_1_ from board boardlist0_ where boardlist0_.category_id=?
Hibernate: select user0_.user_id as user_id1_21_0_, user0_.character_id as characte7_21_0_, user0_.user_created_at as user_cre2_21_0_, user0_.user_name as user_nam3_21_0_, user0_.user_phone_number as user_pho4_21_0_, user0_.user_user_id as user_use5_21_0_, user0_.user_user_password as user_use6_21_0_ from user user0_ where user0_.user_id=?
Hibernate: select character0_.character_id as characte1_6_0_, character0_.character_character_name as characte2_6_0_ from characters character0_ where character0_.character_id=?
Hibernate: select count(*) as col_0_0_ from user user0_ where user0_.user_id=?
Hibernate: select character1_.character_id as characte1_6_, character1_.character_character_name as characte2_6_ from user user0_ inner join characters character1_ on user0_.character_id=character1_.character_id where user0_.user_id=?
Hibernate: select permission0_.character_id as characte6_12_0_, permission0_.permission_id as permissi1_12_0_, permission0_.permission_id as permissi1_12_1_, permission0_.character_id as characte6_12_1_, permission0_.permission_name as permissi2_12_1_, permission0_.permission_permission_unit_id as permissi3_12_1_, permission0_.permission_service as permissi4_12_1_, permission0_.permission_status as permissi5_12_1_ from permission permission0_ where permission0_.character_id=?
Hibernate: select count(*) as col_0_0_ from category category0_ where category0_.category_id=?
Hibernate: select count(board0_.board_id) as col_0_0_ from board board0_ where board0_.category_id=?
Hibernate: select category0_.category_id as category1_5_0_, category0_.category_name as category2_5_0_ from category category0_ where category0_.category_id=?
Hibernate: select boardlist0_.category_id as category7_4_0_, boardlist0_.board_id as board_id1_4_0_, boardlist0_.board_id as board_id1_4_1_, boardlist0_.category_id as category7_4_1_, boardlist0_.board_content as board_co2_4_1_, boardlist0_.board_created_at as board_cr3_4_1_, boardlist0_.board_last_modified_at as board_la4_4_1_, boardlist0_.board_title as board_ti5_4_1_, boardlist0_.user_id as user_id8_4_1_, boardlist0_.board_views as board_vi6_4_1_ from board boardlist0_ where boardlist0_.category_id=?
Hibernate: delete from category where category_id=?
Hibernate: select user0_.user_id as user_id1_21_0_, user0_.character_id as characte7_21_0_, user0_.user_created_at as user_cre2_21_0_, user0_.user_name as user_nam3_21_0_, user0_.user_phone_number as user_pho4_21_0_, user0_.user_user_id as user_use5_21_0_, user0_.user_user_password as user_use6_21_0_ from user user0_ where user0_.user_id=?
Hibernate: select character0_.character_id as characte1_6_0_, character0_.character_character_name as characte2_6_0_ from characters character0_ where character0_.character_id=?
Hibernate: select count(*) as col_0_0_ from user user0_ where user0_.user_id=?
Hibernate: select character1_.character_id as characte1_6_, character1_.character_character_name as characte2_6_ from user user0_ inner join characters character1_ on user0_.character_id=character1_.character_id where user0_.user_id=?
Hibernate: select permission0_.character_id as characte6_12_0_, permission0_.permission_id as permissi1_12_0_, permission0_.permission_id as permissi1_12_1_, permission0_.character_id as characte6_12_1_, permission0_.permission_name as permissi2_12_1_, permission0_.permission_permission_unit_id as permissi3_12_1_, permission0_.permission_service as permissi4_12_1_, permission0_.permission_status as permissi5_12_1_ from permission permission0_ where permission0_.character_id=?
Hibernate: select count(*) as col_0_0_ from category category0_ where category0_.category_id=?
Hibernate: select count(board0_.board_id) as col_0_0_ from board board0_ where board0_.category_id=?
Hibernate: select category0_.category_id as category1_5_0_, category0_.category_name as category2_5_0_ from category category0_ where category0_.category_id=?
Hibernate: select boardlist0_.category_id as category7_4_0_, boardlist0_.board_id as board_id1_4_0_, boardlist0_.board_id as board_id1_4_1_, boardlist0_.category_id as category7_4_1_, boardlist0_.board_content as board_co2_4_1_, boardlist0_.board_created_at as board_cr3_4_1_, boardlist0_.board_last_modified_at as board_la4_4_1_, boardlist0_.board_title as board_ti5_4_1_, boardlist0_.user_id as user_id8_4_1_, boardlist0_.board_views as board_vi6_4_1_ from board boardlist0_ where boardlist0_.category_id=?
Hibernate: delete from category where category_id=?
Hibernate: select user0_.user_id as user_id1_21_0_, user0_.character_id as characte7_21_0_, user0_.user_created_at as user_cre2_21_0_, user0_.user_name as user_nam3_21_0_, user0_.user_phone_number as user_pho4_21_0_, user0_.user_user_id as user_use5_21_0_, user0_.user_user_password as user_use6_21_0_ from user user0_ where user0_.user_id=?
Hibernate: select character0_.character_id as characte1_6_0_, character0_.character_character_name as characte2_6_0_ from characters character0_ where character0_.character_id=?
Hibernate: select count(*) as col_0_0_ from user user0_ where user0_.user_id=?
Hibernate: select character1_.character_id as characte1_6_, character1_.character_character_name as characte2_6_ from user user0_ inner join characters character1_ on user0_.character_id=character1_.character_id where user0_.user_id=?
Hibernate: select permission0_.character_id as characte6_12_0_, permission0_.permission_id as permissi1_12_0_, permission0_.permission_id as permissi1_12_1_, permission0_.character_id as characte6_12_1_, permission0_.permission_name as permissi2_12_1_, permission0_.permission_permission_unit_id as permissi3_12_1_, permission0_.permission_service as permissi4_12_1_, permission0_.permission_status as permissi5_12_1_ from permission permission0_ where permission0_.character_id=?
Hibernate: select count(*) as col_0_0_ from category category0_ where category0_.category_id=?
Hibernate: select count(board0_.board_id) as col_0_0_ from board board0_ where board0_.category_id=?
Hibernate: select category0_.category_id as category1_5_0_, category0_.category_name as category2_5_0_ from category category0_ where category0_.category_id=?
Hibernate: select boardlist0_.category_id as category7_4_0_, boardlist0_.board_id as board_id1_4_0_, boardlist0_.board_id as board_id1_4_1_, boardlist0_.category_id as category7_4_1_, boardlist0_.board_content as board_co2_4_1_, boardlist0_.board_created_at as board_cr3_4_1_, boardlist0_.board_last_modified_at as board_la4_4_1_, boardlist0_.board_title as board_ti5_4_1_, boardlist0_.user_id as user_id8_4_1_, boardlist0_.board_views as board_vi6_4_1_ from board boardlist0_ where boardlist0_.category_id=?
Hibernate: delete from category where category_id=?
Hibernate: select user0_.user_id as user_id1_21_0_, user0_.character_id as characte7_21_0_, user0_.user_created_at as user_cre2_21_0_, user0_.user_name as user_nam3_21_0_, user0_.user_phone_number as user_pho4_21_0_, user0_.user_user_id as user_use5_21_0_, user0_.user_user_password as user_use6_21_0_ from user user0_ where user0_.user_id=?
Hibernate: select character0_.character_id as characte1_6_0_, character0_.character_character_name as characte2_6_0_ from characters character0_ where character0_.character_id=?
Hibernate: select count(*) as col_0_0_ from user user0_ where user0_.user_id=?
Hibernate: select character1_.character_id as characte1_6_, character1_.character_character_name as characte2_6_ from user user0_ inner join characters character1_ on user0_.character_id=character1_.character_id where user0_.user_id=?
Hibernate: select permission0_.character_id as characte6_12_0_, permission0_.permission_id as permissi1_12_0_, permission0_.permission_id as permissi1_12_1_, permission0_.character_id as characte6_12_1_, permission0_.permission_name as permissi2_12_1_, permission0_.permission_permission_unit_id as permissi3_12_1_, permission0_.permission_service as permissi4_12_1_, permission0_.permission_status as permissi5_12_1_ from permission permission0_ where permission0_.character_id=?
Hibernate: select category0_.category_id as col_0_0_ from category category0_ where category0_.category_name=? limit ?
Hibernate: select category0_.category_id as category1_5_1_, category0_.category_name as category2_5_1_, boardlist1_.category_id as category7_4_3_, boardlist1_.board_id as board_id1_4_3_, boardlist1_.board_id as board_id1_4_0_, boardlist1_.category_id as category7_4_0_, boardlist1_.board_content as board_co2_4_0_, boardlist1_.board_created_at as board_cr3_4_0_, boardlist1_.board_last_modified_at as board_la4_4_0_, boardlist1_.board_title as board_ti5_4_0_, boardlist1_.user_id as user_id8_4_0_, boardlist1_.board_views as board_vi6_4_0_ from category category0_ left outer join board boardlist1_ on category0_.category_id=boardlist1_.category_id where category0_.category_id=?
Hibernate: insert into category (category_id, category_name) values (default, ?)
Hibernate: select user0_.user_id as user_id1_21_0_, user0_.character_id as characte7_21_0_, user0_.user_created_at as user_cre2_21_0_, user0_.user_name as user_nam3_21_0_, user0_.user_phone_number as user_pho4_21_0_, user0_.user_user_id as user_use5_21_0_, user0_.user_user_password as user_use6_21_0_ from user user0_ where user0_.user_id=?
Hibernate: select character0_.character_id as characte1_6_0_, character0_.character_character_name as characte2_6_0_ from characters character0_ where character0_.character_id=?
Hibernate: select count(*) as col_0_0_ from user user0_ where user0_.user_id=?
Hibernate: select character1_.character_id as characte1_6_, character1_.character_character_name as characte2_6_ from user user0_ inner join characters character1_ on user0_.character_id=character1_.character_id where user0_.user_id=?
Hibernate: select permission0_.character_id as characte6_12_0_, permission0_.permission_id as permissi1_12_0_, permission0_.permission_id as permissi1_12_1_, permission0_.character_id as characte6_12_1_, permission0_.permission_name as permissi2_12_1_, permission0_.permission_permission_unit_id as permissi3_12_1_, permission0_.permission_service as permissi4_12_1_, permission0_.permission_status as permissi5_12_1_ from permission permission0_ where permission0_.character_id=?
Hibernate: select category0_.category_id as col_0_0_ from category category0_ where category0_.category_name=? limit ?
Hibernate: select category0_.category_id as category1_5_1_, category0_.category_name as category2_5_1_, boardlist1_.category_id as category7_4_3_, boardlist1_.board_id as board_id1_4_3_, boardlist1_.board_id as board_id1_4_0_, boardlist1_.category_id as category7_4_0_, boardlist1_.board_content as board_co2_4_0_, boardlist1_.board_created_at as board_cr3_4_0_, boardlist1_.board_last_modified_at as board_la4_4_0_, boardlist1_.board_title as board_ti5_4_0_, boardlist1_.user_id as user_id8_4_0_, boardlist1_.board_views as board_vi6_4_0_ from category category0_ left outer join board boardlist1_ on category0_.category_id=boardlist1_.category_id where category0_.category_id=?
Hibernate: insert into category (category_id, category_name) values (default, ?)
Hibernate: select user0_.user_id as col_0_0_ from user user0_ where user0_.user_user_id=? limit ?
Hibernate: select user0_.user_id as col_0_0_ from user user0_ where user0_.user_user_id=? limit ?
Hibernate: select U.* from USER U where U.USER_USER_ID =?
Hibernate: select character0_.character_id as characte1_6_0_, character0_.character_character_name as characte2_6_0_ from characters character0_ where character0_.character_id=?
Hibernate: select user0_.user_id as col_0_0_ from user user0_ where user0_.user_user_id=? limit ?
Hibernate: select user0_.user_id as col_0_0_ from user user0_ where user0_.user_user_id=? limit ?
Hibernate: select U.* from USER U where U.USER_USER_ID =?
Hibernate: select character0_.character_id as characte1_6_0_, character0_.character_character_name as characte2_6_0_ from characters character0_ where character0_.character_id=?
Hibernate: select user0_.user_id as user_id1_21_0_, user0_.character_id as characte7_21_0_, user0_.user_created_at as user_cre2_21_0_, user0_.user_name as user_nam3_21_0_, user0_.user_phone_number as user_pho4_21_0_, user0_.user_user_id as user_use5_21_0_, user0_.user_user_password as user_use6_21_0_ from user user0_ where user0_.user_id=?
Hibernate: select character0_.character_id as characte1_6_0_, character0_.character_character_name as characte2_6_0_ from characters character0_ where character0_.character_id=?
Hibernate: select count(*) as col_0_0_ from board board0_
Hibernate: select count(*) as col_0_0_ from board board0_
Hibernate: select user0_.user_id as col_0_0_ from user user0_ where user0_.user_user_id=? limit ?
Hibernate: select user0_.user_id as col_0_0_ from user user0_ where user0_.user_user_id=? limit ?
Hibernate: select U.* from USER U where U.USER_USER_ID =?
Hibernate: select character0_.character_id as characte1_6_0_, character0_.character_character_name as characte2_6_0_ from characters character0_ where character0_.character_id=?
Hibernate: select user0_.user_id as user_id1_21_0_, user0_.character_id as characte7_21_0_, user0_.user_created_at as user_cre2_21_0_, user0_.user_name as user_nam3_21_0_, user0_.user_phone_number as user_pho4_21_0_, user0_.user_user_id as user_use5_21_0_, user0_.user_user_password as user_use6_21_0_ from user user0_ where user0_.user_id=?
Hibernate: select character0_.character_id as characte1_6_0_, character0_.character_character_name as characte2_6_0_ from characters character0_ where character0_.character_id=?
Hibernate: select category0_.category_id as category1_5_, category0_.category_name as category2_5_ from category category0_
Hibernate: select boardlist0_.category_id as category7_4_0_, boardlist0_.board_id as board_id1_4_0_, boardlist0_.board_id as board_id1_4_1_, boardlist0_.category_id as category7_4_1_, boardlist0_.board_content as board_co2_4_1_, boardlist0_.board_created_at as board_cr3_4_1_, boardlist0_.board_last_modified_at as board_la4_4_1_, boardlist0_.board_title as board_ti5_4_1_, boardlist0_.user_id as user_id8_4_1_, boardlist0_.board_views as board_vi6_4_1_ from board boardlist0_ where boardlist0_.category_id=?
Hibernate: select boardlist0_.category_id as category7_4_0_, boardlist0_.board_id as board_id1_4_0_, boardlist0_.board_id as board_id1_4_1_, boardlist0_.category_id as category7_4_1_, boardlist0_.board_content as board_co2_4_1_, boardlist0_.board_created_at as board_cr3_4_1_, boardlist0_.board_last_modified_at as board_la4_4_1_, boardlist0_.board_title as board_ti5_4_1_, boardlist0_.user_id as user_id8_4_1_, boardlist0_.board_views as board_vi6_4_1_ from board boardlist0_ where boardlist0_.category_id=?
Hibernate: select user0_.user_id as user_id1_21_0_, user0_.character_id as characte7_21_0_, user0_.user_created_at as user_cre2_21_0_, user0_.user_name as user_nam3_21_0_, user0_.user_phone_number as user_pho4_21_0_, user0_.user_user_id as user_use5_21_0_, user0_.user_user_password as user_use6_21_0_ from user user0_ where user0_.user_id=?
Hibernate: select character0_.character_id as characte1_6_0_, character0_.character_character_name as characte2_6_0_ from characters character0_ where character0_.character_id=?
Hibernate: select count(*) as col_0_0_ from user user0_ where user0_.user_id=?
Hibernate: select character1_.character_id as characte1_6_, character1_.character_character_name as characte2_6_ from user user0_ inner join characters character1_ on user0_.character_id=character1_.character_id where user0_.user_id=?
Hibernate: select permission0_.character_id as characte6_12_0_, permission0_.permission_id as permissi1_12_0_, permission0_.permission_id as permissi1_12_1_, permission0_.character_id as characte6_12_1_, permission0_.permission_name as permissi2_12_1_, permission0_.permission_permission_unit_id as permissi3_12_1_, permission0_.permission_service as permissi4_12_1_, permission0_.permission_status as permissi5_12_1_ from permission permission0_ where permission0_.character_id=?
Hibernate: select count(*) as col_0_0_ from category category0_ where category0_.category_id=?
Hibernate: select count(board0_.board_id) as col_0_0_ from board board0_ where board0_.category_id=?
Hibernate: select category0_.category_id as category1_5_0_, category0_.category_name as category2_5_0_ from category category0_ where category0_.category_id=?
Hibernate: select boardlist0_.category_id as category7_4_0_, boardlist0_.board_id as board_id1_4_0_, boardlist0_.board_id as board_id1_4_1_, boardlist0_.category_id as category7_4_1_, boardlist0_.board_content as board_co2_4_1_, boardlist0_.board_created_at as board_cr3_4_1_, boardlist0_.board_last_modified_at as board_la4_4_1_, boardlist0_.board_title as board_ti5_4_1_, boardlist0_.user_id as user_id8_4_1_, boardlist0_.board_views as board_vi6_4_1_ from board boardlist0_ where boardlist0_.category_id=?
Hibernate: delete from category where category_id=?
Hibernate: select user0_.user_id as user_id1_21_0_, user0_.character_id as characte7_21_0_, user0_.user_created_at as user_cre2_21_0_, user0_.user_name as user_nam3_21_0_, user0_.user_phone_number as user_pho4_21_0_, user0_.user_user_id as user_use5_21_0_, user0_.user_user_password as user_use6_21_0_ from user user0_ where user0_.user_id=?
Hibernate: select character0_.character_id as characte1_6_0_, character0_.character_character_name as characte2_6_0_ from characters character0_ where character0_.character_id=?
Hibernate: select count(*) as col_0_0_ from user user0_ where user0_.user_id=?
Hibernate: select character1_.character_id as characte1_6_, character1_.character_character_name as characte2_6_ from user user0_ inner join characters character1_ on user0_.character_id=character1_.character_id where user0_.user_id=?
Hibernate: select permission0_.character_id as characte6_12_0_, permission0_.permission_id as permissi1_12_0_, permission0_.permission_id as permissi1_12_1_, permission0_.character_id as characte6_12_1_, permission0_.permission_name as permissi2_12_1_, permission0_.permission_permission_unit_id as permissi3_12_1_, permission0_.permission_service as permissi4_12_1_, permission0_.permission_status as permissi5_12_1_ from permission permission0_ where permission0_.character_id=?
Hibernate: select count(*) as col_0_0_ from category category0_ where category0_.category_id=?
Hibernate: select count(board0_.board_id) as col_0_0_ from board board0_ where board0_.category_id=?
Hibernate: select category0_.category_id as category1_5_0_, category0_.category_name as category2_5_0_ from category category0_ where category0_.category_id=?
Hibernate: select boardlist0_.category_id as category7_4_0_, boardlist0_.board_id as board_id1_4_0_, boardlist0_.board_id as board_id1_4_1_, boardlist0_.category_id as category7_4_1_, boardlist0_.board_content as board_co2_4_1_, boardlist0_.board_created_at as board_cr3_4_1_, boardlist0_.board_last_modified_at as board_la4_4_1_, boardlist0_.board_title as board_ti5_4_1_, boardlist0_.user_id as user_id8_4_1_, boardlist0_.board_views as board_vi6_4_1_ from board boardlist0_ where boardlist0_.category_id=?
Hibernate: delete from category where category_id=?
Hibernate: select user0_.user_id as user_id1_21_0_, user0_.character_id as characte7_21_0_, user0_.user_created_at as user_cre2_21_0_, user0_.user_name as user_nam3_21_0_, user0_.user_phone_number as user_pho4_21_0_, user0_.user_user_id as user_use5_21_0_, user0_.user_user_password as user_use6_21_0_ from user user0_ where user0_.user_id=?
Hibernate: select character0_.character_id as characte1_6_0_, character0_.character_character_name as characte2_6_0_ from characters character0_ where character0_.character_id=?
Hibernate: select count(*) as col_0_0_ from user user0_ where user0_.user_id=?
Hibernate: select character1_.character_id as characte1_6_, character1_.character_character_name as characte2_6_ from user user0_ inner join characters character1_ on user0_.character_id=character1_.character_id where user0_.user_id=?
Hibernate: select permission0_.character_id as characte6_12_0_, permission0_.permission_id as permissi1_12_0_, permission0_.permission_id as permissi1_12_1_, permission0_.character_id as characte6_12_1_, permission0_.permission_name as permissi2_12_1_, permission0_.permission_permission_unit_id as permissi3_12_1_, permission0_.permission_service as permissi4_12_1_, permission0_.permission_status as permissi5_12_1_ from permission permission0_ where permission0_.character_id=?
Hibernate: select category0_.category_id as col_0_0_ from category category0_ where category0_.category_name=? limit ?
Hibernate: select category0_.category_id as category1_5_1_, category0_.category_name as category2_5_1_, boardlist1_.category_id as category7_4_3_, boardlist1_.board_id as board_id1_4_3_, boardlist1_.board_id as board_id1_4_0_, boardlist1_.category_id as category7_4_0_, boardlist1_.board_content as board_co2_4_0_, boardlist1_.board_created_at as board_cr3_4_0_, boardlist1_.board_last_modified_at as board_la4_4_0_, boardlist1_.board_title as board_ti5_4_0_, boardlist1_.user_id as user_id8_4_0_, boardlist1_.board_views as board_vi6_4_0_ from category category0_ left outer join board boardlist1_ on category0_.category_id=boardlist1_.category_id where category0_.category_id=?
Hibernate: insert into category (category_id, category_name) values (default, ?)
Hibernate: select user0_.user_id as user_id1_21_0_, user0_.character_id as characte7_21_0_, user0_.user_created_at as user_cre2_21_0_, user0_.user_name as user_nam3_21_0_, user0_.user_phone_number as user_pho4_21_0_, user0_.user_user_id as user_use5_21_0_, user0_.user_user_password as user_use6_21_0_ from user user0_ where user0_.user_id=?
Hibernate: select character0_.character_id as characte1_6_0_, character0_.character_character_name as characte2_6_0_ from characters character0_ where character0_.character_id=?
Hibernate: select count(*) as col_0_0_ from user user0_ where user0_.user_id=?
Hibernate: select character1_.character_id as characte1_6_, character1_.character_character_name as characte2_6_ from user user0_ inner join characters character1_ on user0_.character_id=character1_.character_id where user0_.user_id=?
Hibernate: select permission0_.character_id as characte6_12_0_, permission0_.permission_id as permissi1_12_0_, permission0_.permission_id as permissi1_12_1_, permission0_.character_id as characte6_12_1_, permission0_.permission_name as permissi2_12_1_, permission0_.permission_permission_unit_id as permissi3_12_1_, permission0_.permission_service as permissi4_12_1_, permission0_.permission_status as permissi5_12_1_ from permission permission0_ where permission0_.character_id=?
Hibernate: select category0_.category_id as col_0_0_ from category category0_ where category0_.category_name=? limit ?
Hibernate: select category0_.category_id as category1_5_1_, category0_.category_name as category2_5_1_, boardlist1_.category_id as category7_4_3_, boardlist1_.board_id as board_id1_4_3_, boardlist1_.board_id as board_id1_4_0_, boardlist1_.category_id as category7_4_0_, boardlist1_.board_content as board_co2_4_0_, boardlist1_.board_created_at as board_cr3_4_0_, boardlist1_.board_last_modified_at as board_la4_4_0_, boardlist1_.board_title as board_ti5_4_0_, boardlist1_.user_id as user_id8_4_0_, boardlist1_.board_views as board_vi6_4_0_ from category category0_ left outer join board boardlist1_ on category0_.category_id=boardlist1_.category_id where category0_.category_id=?
Hibernate: insert into category (category_id, category_name) values (default, ?)
Hibernate: select user0_.user_id as col_0_0_ from user user0_ where user0_.user_user_id=? limit ?
Hibernate: select user0_.user_id as col_0_0_ from user user0_ where user0_.user_user_id=? limit ?
Hibernate: select U.* from USER U where U.USER_USER_ID =?
Hibernate: select character0_.character_id as characte1_6_0_, character0_.character_character_name as characte2_6_0_ from characters character0_ where character0_.character_id=?
Hibernate: select user0_.user_id as col_0_0_ from user user0_ where user0_.user_user_id=? limit ?
Hibernate: select user0_.user_id as col_0_0_ from user user0_ where user0_.user_user_id=? limit ?
Hibernate: select U.* from USER U where U.USER_USER_ID =?
Hibernate: select character0_.character_id as characte1_6_0_, character0_.character_character_name as characte2_6_0_ from characters character0_ where character0_.character_id=?
Hibernate: select user0_.user_id as col_0_0_ from user user0_ where user0_.user_user_id=? limit ?
Hibernate: select user0_.user_id as col_0_0_ from user user0_ where user0_.user_user_id=? limit ?
Hibernate: select U.* from USER U where U.USER_USER_ID =?
Hibernate: select character0_.character_id as characte1_6_0_, character0_.character_character_name as characte2_6_0_ from characters character0_ where character0_.character_id=?
Hibernate: select user0_.user_id as user_id1_21_0_, user0_.character_id as characte7_21_0_, user0_.user_created_at as user_cre2_21_0_, user0_.user_name as user_nam3_21_0_, user0_.user_phone_number as user_pho4_21_0_, user0_.user_user_id as user_use5_21_0_, user0_.user_user_password as user_use6_21_0_ from user user0_ where user0_.user_id=?
Hibernate: select character0_.character_id as characte1_6_0_, character0_.character_character_name as characte2_6_0_ from characters character0_ where character0_.character_id=?
Hibernate: select count(*) as col_0_0_ from user user0_ where user0_.user_id=?
Hibernate: select character1_.character_id as characte1_6_, character1_.character_character_name as characte2_6_ from user user0_ inner join characters character1_ on user0_.character_id=character1_.character_id where user0_.user_id=?
Hibernate: select permission0_.character_id as characte6_12_0_, permission0_.permission_id as permissi1_12_0_, permission0_.permission_id as permissi1_12_1_, permission0_.character_id as characte6_12_1_, permission0_.permission_name as permissi2_12_1_, permission0_.permission_permission_unit_id as permissi3_12_1_, permission0_.permission_service as permissi4_12_1_, permission0_.permission_status as permissi5_12_1_ from permission permission0_ where permission0_.character_id=?
Hibernate: select category0_.category_id as col_0_0_ from category category0_ where category0_.category_name=? limit ?
Hibernate: select category0_.category_id as category1_5_1_, category0_.category_name as category2_5_1_, boardlist1_.category_id as category7_4_3_, boardlist1_.board_id as board_id1_4_3_, boardlist1_.board_id as board_id1_4_0_, boardlist1_.category_id as category7_4_0_, boardlist1_.board_content as board_co2_4_0_, boardlist1_.board_created_at as board_cr3_4_0_, boardlist1_.board_last_modified_at as board_la4_4_0_, boardlist1_.board_title as board_ti5_4_0_, boardlist1_.user_id as user_id8_4_0_, boardlist1_.board_views as board_vi6_4_0_ from category category0_ left outer join board boardlist1_ on category0_.category_id=boardlist1_.category_id where category0_.category_id=?
Hibernate: insert into category (category_id, category_name) values (default, ?)
Hibernate: select user0_.user_id as user_id1_21_0_, user0_.character_id as characte7_21_0_, user0_.user_created_at as user_cre2_21_0_, user0_.user_name as user_nam3_21_0_, user0_.user_phone_number as user_pho4_21_0_, user0_.user_user_id as user_use5_21_0_, user0_.user_user_password as user_use6_21_0_ from user user0_ where user0_.user_id=?
Hibernate: select character0_.character_id as characte1_6_0_, character0_.character_character_name as characte2_6_0_ from characters character0_ where character0_.character_id=?
Hibernate: select category0_.category_id as category1_5_, category0_.category_name as category2_5_ from category category0_
Hibernate: select boardlist0_.category_id as category7_4_0_, boardlist0_.board_id as board_id1_4_0_, boardlist0_.board_id as board_id1_4_1_, boardlist0_.category_id as category7_4_1_, boardlist0_.board_content as board_co2_4_1_, boardlist0_.board_created_at as board_cr3_4_1_, boardlist0_.board_last_modified_at as board_la4_4_1_, boardlist0_.board_title as board_ti5_4_1_, boardlist0_.user_id as user_id8_4_1_, boardlist0_.board_views as board_vi6_4_1_ from board boardlist0_ where boardlist0_.category_id=?
Hibernate: select boardlist0_.category_id as category7_4_0_, boardlist0_.board_id as board_id1_4_0_, boardlist0_.board_id as board_id1_4_1_, boardlist0_.category_id as category7_4_1_, boardlist0_.board_content as board_co2_4_1_, boardlist0_.board_created_at as board_cr3_4_1_, boardlist0_.board_last_modified_at as board_la4_4_1_, boardlist0_.board_title as board_ti5_4_1_, boardlist0_.user_id as user_id8_4_1_, boardlist0_.board_views as board_vi6_4_1_ from board boardlist0_ where boardlist0_.category_id=?
Hibernate: select boardlist0_.category_id as category7_4_0_, boardlist0_.board_id as board_id1_4_0_, boardlist0_.board_id as board_id1_4_1_, boardlist0_.category_id as category7_4_1_, boardlist0_.board_content as board_co2_4_1_, boardlist0_.board_created_at as board_cr3_4_1_, boardlist0_.board_last_modified_at as board_la4_4_1_, boardlist0_.board_title as board_ti5_4_1_, boardlist0_.user_id as user_id8_4_1_, boardlist0_.board_views as board_vi6_4_1_ from board boardlist0_ where boardlist0_.category_id=?
Hibernate: select user0_.user_id as user_id1_21_0_, user0_.character_id as characte7_21_0_, user0_.user_created_at as user_cre2_21_0_, user0_.user_name as user_nam3_21_0_, user0_.user_phone_number as user_pho4_21_0_, user0_.user_user_id as user_use5_21_0_, user0_.user_user_password as user_use6_21_0_ from user user0_ where user0_.user_id=?
Hibernate: select character0_.character_id as characte1_6_0_, character0_.character_character_name as characte2_6_0_ from characters character0_ where character0_.character_id=?
Hibernate: select count(*) as col_0_0_ from user user0_ where user0_.user_id=?
Hibernate: select character1_.character_id as characte1_6_, character1_.character_character_name as characte2_6_ from user user0_ inner join characters character1_ on user0_.character_id=character1_.character_id where user0_.user_id=?
Hibernate: select permission0_.character_id as characte6_12_0_, permission0_.permission_id as permissi1_12_0_, permission0_.permission_id as permissi1_12_1_, permission0_.character_id as characte6_12_1_, permission0_.permission_name as permissi2_12_1_, permission0_.permission_permission_unit_id as permissi3_12_1_, permission0_.permission_service as permissi4_12_1_, permission0_.permission_status as permissi5_12_1_ from permission permission0_ where permission0_.character_id=?
Hibernate: select count(*) as col_0_0_ from category category0_ where category0_.category_id=?
Hibernate: insert into filename (filename_id, filename_origin, filename_uuid) values (default, ?, ?)
Hibernate: insert into filename (filename_id, filename_origin, filename_uuid) values (default, ?, ?)
Hibernate: select category0_.category_id as category1_5_0_, category0_.category_name as category2_5_0_ from category category0_ where category0_.category_id=?
Hibernate: insert into board (board_id, category_id, board_content, board_created_at, board_last_modified_at, board_title, user_id, board_views) values (default, ?, ?, ?, ?, ?, ?, ?)
Hibernate: insert into reaction (reaction_id, board_id, reaction_type) values (default, ?, ?)
Hibernate: insert into reaction (reaction_id, board_id, reaction_type) values (default, ?, ?)
Hibernate: insert into reaction (reaction_id, board_id, reaction_type) values (default, ?, ?)
Hibernate: insert into reaction (reaction_id, board_id, reaction_type) values (default, ?, ?)
Hibernate: insert into reaction (reaction_id, board_id, reaction_type) values (default, ?, ?)
Hibernate: insert into reaction (reaction_id, board_id, reaction_type) values (default, ?, ?)
Hibernate: insert into file_path_list (board_board_id, board_file_path_list) values (?, ?)
Hibernate: insert into image_path_list (board_board_id, board_image_path_list) values (?, ?)
Hibernate: select user0_.user_id as user_id1_21_0_, user0_.character_id as characte7_21_0_, user0_.user_created_at as user_cre2_21_0_, user0_.user_name as user_nam3_21_0_, user0_.user_phone_number as user_pho4_21_0_, user0_.user_user_id as user_use5_21_0_, user0_.user_user_password as user_use6_21_0_ from user user0_ where user0_.user_id=?
Hibernate: select character0_.character_id as characte1_6_0_, character0_.character_character_name as characte2_6_0_ from characters character0_ where character0_.character_id=?
Hibernate: select count(*) as col_0_0_ from board board0_
Hibernate: select board0_.board_id as board_id1_4_, board0_.category_id as category7_4_, board0_.board_content as board_co2_4_, board0_.board_created_at as board_cr3_4_, board0_.board_last_modified_at as board_la4_4_, board0_.board_title as board_ti5_4_, board0_.user_id as user_id8_4_, board0_.board_views as board_vi6_4_ from board board0_ limit ?
Hibernate: select category0_.category_id as category1_5_0_, category0_.category_name as category2_5_0_ from category category0_ where category0_.category_id=?
Hibernate: select reactionli0_.board_id as board_id3_13_0_, reactionli0_.reaction_id as reaction1_13_0_, reactionli0_.reaction_id as reaction1_13_1_, reactionli0_.board_id as board_id3_13_1_, reactionli0_.reaction_type as reaction2_13_1_ from reaction reactionli0_ where reactionli0_.board_id=?
Hibernate: select reactionus0_.reaction_id as reaction2_14_0_, reactionus0_.reaction_user_id as reaction1_14_0_, reactionus0_.reaction_user_id as reaction1_14_1_, reactionus0_.reaction_id as reaction2_14_1_, reactionus0_.user_id as user_id3_14_1_ from reaction_user reactionus0_ where reactionus0_.reaction_id=?
Hibernate: select reactionus0_.reaction_id as reaction2_14_0_, reactionus0_.reaction_user_id as reaction1_14_0_, reactionus0_.reaction_user_id as reaction1_14_1_, reactionus0_.reaction_id as reaction2_14_1_, reactionus0_.user_id as user_id3_14_1_ from reaction_user reactionus0_ where reactionus0_.reaction_id=?
Hibernate: select reactionus0_.reaction_id as reaction2_14_0_, reactionus0_.reaction_user_id as reaction1_14_0_, reactionus0_.reaction_user_id as reaction1_14_1_, reactionus0_.reaction_id as reaction2_14_1_, reactionus0_.user_id as user_id3_14_1_ from reaction_user reactionus0_ where reactionus0_.reaction_id=?
Hibernate: select reactionus0_.reaction_id as reaction2_14_0_, reactionus0_.reaction_user_id as reaction1_14_0_, reactionus0_.reaction_user_id as reaction1_14_1_, reactionus0_.reaction_id as reaction2_14_1_, reactionus0_.user_id as user_id3_14_1_ from reaction_user reactionus0_ where reactionus0_.reaction_id=?
Hibernate: select reactionus0_.reaction_id as reaction2_14_0_, reactionus0_.reaction_user_id as reaction1_14_0_, reactionus0_.reaction_user_id as reaction1_14_1_, reactionus0_.reaction_id as reaction2_14_1_, reactionus0_.user_id as user_id3_14_1_ from reaction_user reactionus0_ where reactionus0_.reaction_id=?
Hibernate: select reactionus0_.reaction_id as reaction2_14_0_, reactionus0_.reaction_user_id as reaction1_14_0_, reactionus0_.reaction_user_id as reaction1_14_1_, reactionus0_.reaction_id as reaction2_14_1_, reactionus0_.user_id as user_id3_14_1_ from reaction_user reactionus0_ where reactionus0_.reaction_id=?
Hibernate: select commentlis0_.board_id as board_id5_7_0_, commentlis0_.comment_id as comment_1_7_0_, commentlis0_.comment_id as comment_1_7_1_, commentlis0_.board_id as board_id5_7_1_, commentlis0_.comment_content as comment_2_7_1_, commentlis0_.comment_created_at as comment_3_7_1_, commentlis0_.comment_last_modified_at as comment_4_7_1_, commentlis0_.user_id as user_id6_7_1_ from comment commentlis0_ where commentlis0_.board_id=?
Hibernate: select boardlist0_.category_id as category7_4_0_, boardlist0_.board_id as board_id1_4_0_, boardlist0_.board_id as board_id1_4_1_, boardlist0_.category_id as category7_4_1_, boardlist0_.board_content as board_co2_4_1_, boardlist0_.board_created_at as board_cr3_4_1_, boardlist0_.board_last_modified_at as board_la4_4_1_, boardlist0_.board_title as board_ti5_4_1_, boardlist0_.user_id as user_id8_4_1_, boardlist0_.board_views as board_vi6_4_1_ from board boardlist0_ where boardlist0_.category_id=?
Hibernate: select count(comment0_.comment_id) as col_0_0_ from comment comment0_ where comment0_.board_id=?
Hibernate: select count(*) as col_0_0_ from board board0_
Hibernate: select imagepathl0_.board_board_id as board_bo1_11_0_, imagepathl0_.board_image_path_list as board_im2_11_0_ from image_path_list imagepathl0_ where imagepathl0_.board_board_id=?
Hibernate: select filename0_.filename_id as filename1_9_, filename0_.filename_origin as filename2_9_, filename0_.filename_uuid as filename3_9_ from filename filename0_ where filename0_.filename_uuid=?
Hibernate: select filepathli0_.board_board_id as board_bo1_8_0_, filepathli0_.board_file_path_list as board_fi2_8_0_ from file_path_list filepathli0_ where filepathli0_.board_board_id=?
Hibernate: select filename0_.filename_id as filename1_9_, filename0_.filename_origin as filename2_9_, filename0_.filename_uuid as filename3_9_ from filename filename0_ where filename0_.filename_uuid=?
Hibernate: select user0_.user_id as user_id1_21_0_, user0_.character_id as characte7_21_0_, user0_.user_created_at as user_cre2_21_0_, user0_.user_name as user_nam3_21_0_, user0_.user_phone_number as user_pho4_21_0_, user0_.user_user_id as user_use5_21_0_, user0_.user_user_password as user_use6_21_0_ from user user0_ where user0_.user_id=?
Hibernate: select character0_.character_id as characte1_6_0_, character0_.character_character_name as characte2_6_0_ from characters character0_ where character0_.character_id=?
Hibernate: select count(*) as col_0_0_ from user user0_ where user0_.user_id=?
Hibernate: select character1_.character_id as characte1_6_, character1_.character_character_name as characte2_6_ from user user0_ inner join characters character1_ on user0_.character_id=character1_.character_id where user0_.user_id=?
Hibernate: select permission0_.character_id as characte6_12_0_, permission0_.permission_id as permissi1_12_0_, permission0_.permission_id as permissi1_12_1_, permission0_.character_id as characte6_12_1_, permission0_.permission_name as permissi2_12_1_, permission0_.permission_permission_unit_id as permissi3_12_1_, permission0_.permission_service as permissi4_12_1_, permission0_.permission_status as permissi5_12_1_ from permission permission0_ where permission0_.character_id=?
Hibernate: select count(*) as col_0_0_ from user user0_ where user0_.user_id=?
Hibernate: select user0_.user_id as user_id1_21_, user0_.character_id as characte7_21_, user0_.user_created_at as user_cre2_21_, user0_.user_name as user_nam3_21_, user0_.user_phone_number as user_pho4_21_, user0_.user_user_id as user_use5_21_, user0_.user_user_password as user_use6_21_ from user user0_ where user0_.user_id=?
Hibernate: select rewardtagw0_.user_id as user_id4_16_0_, rewardtagw0_.reward_tag_wrapper_reward_id as reward_t1_16_0_, rewardtagw0_.reward_tag_wrapper_reward_id as reward_t1_16_1_, rewardtagw0_.reward_tag_wrapper_reward_presented_at as reward_t2_16_1_, rewardtagw0_.reward_tag_reward_tag_id as reward_t3_16_1_, rewardtagw0_.user_id as user_id4_16_1_ from reward_tag_wrapper rewardtagw0_ where rewardtagw0_.user_id=?
Hibernate: select count(*) as col_0_0_ from board board0_ where board0_.board_id=?
Hibernate: select user0_.user_id as col_0_0_ from user user0_ where user0_.user_user_id=? limit ?
Hibernate: select user0_.user_id as col_0_0_ from user user0_ where user0_.user_user_id=? limit ?
Hibernate: select U.* from USER U where U.USER_USER_ID =?
Hibernate: select character0_.character_id as characte1_6_0_, character0_.character_character_name as characte2_6_0_ from characters character0_ where character0_.character_id=?
Hibernate: select user0_.user_id as user_id1_21_0_, user0_.character_id as characte7_21_0_, user0_.user_created_at as user_cre2_21_0_, user0_.user_name as user_nam3_21_0_, user0_.user_phone_number as user_pho4_21_0_, user0_.user_user_id as user_use5_21_0_, user0_.user_user_password as user_use6_21_0_ from user user0_ where user0_.user_id=?
Hibernate: select character0_.character_id as characte1_6_0_, character0_.character_character_name as characte2_6_0_ from characters character0_ where character0_.character_id=?
Hibernate: select count(*) as col_0_0_ from board board0_
Hibernate: select board0_.board_id as board_id1_4_, board0_.category_id as category7_4_, board0_.board_content as board_co2_4_, board0_.board_created_at as board_cr3_4_, board0_.board_last_modified_at as board_la4_4_, board0_.board_title as board_ti5_4_, board0_.user_id as user_id8_4_, board0_.board_views as board_vi6_4_ from board board0_ limit ?
Hibernate: select category0_.category_id as category1_5_0_, category0_.category_name as category2_5_0_ from category category0_ where category0_.category_id=?
Hibernate: select reactionli0_.board_id as board_id3_13_0_, reactionli0_.reaction_id as reaction1_13_0_, reactionli0_.reaction_id as reaction1_13_1_, reactionli0_.board_id as board_id3_13_1_, reactionli0_.reaction_type as reaction2_13_1_ from reaction reactionli0_ where reactionli0_.board_id=?
Hibernate: select reactionus0_.reaction_id as reaction2_14_0_, reactionus0_.reaction_user_id as reaction1_14_0_, reactionus0_.reaction_user_id as reaction1_14_1_, reactionus0_.reaction_id as reaction2_14_1_, reactionus0_.user_id as user_id3_14_1_ from reaction_user reactionus0_ where reactionus0_.reaction_id=?
Hibernate: select reactionus0_.reaction_id as reaction2_14_0_, reactionus0_.reaction_user_id as reaction1_14_0_, reactionus0_.reaction_user_id as reaction1_14_1_, reactionus0_.reaction_id as reaction2_14_1_, reactionus0_.user_id as user_id3_14_1_ from reaction_user reactionus0_ where reactionus0_.reaction_id=?
Hibernate: select reactionus0_.reaction_id as reaction2_14_0_, reactionus0_.reaction_user_id as reaction1_14_0_, reactionus0_.reaction_user_id as reaction1_14_1_, reactionus0_.reaction_id as reaction2_14_1_, reactionus0_.user_id as user_id3_14_1_ from reaction_user reactionus0_ where reactionus0_.reaction_id=?
Hibernate: select reactionus0_.reaction_id as reaction2_14_0_, reactionus0_.reaction_user_id as reaction1_14_0_, reactionus0_.reaction_user_id as reaction1_14_1_, reactionus0_.reaction_id as reaction2_14_1_, reactionus0_.user_id as user_id3_14_1_ from reaction_user reactionus0_ where reactionus0_.reaction_id=?
Hibernate: select reactionus0_.reaction_id as reaction2_14_0_, reactionus0_.reaction_user_id as reaction1_14_0_, reactionus0_.reaction_user_id as reaction1_14_1_, reactionus0_.reaction_id as reaction2_14_1_, reactionus0_.user_id as user_id3_14_1_ from reaction_user reactionus0_ where reactionus0_.reaction_id=?
Hibernate: select reactionus0_.reaction_id as reaction2_14_0_, reactionus0_.reaction_user_id as reaction1_14_0_, reactionus0_.reaction_user_id as reaction1_14_1_, reactionus0_.reaction_id as reaction2_14_1_, reactionus0_.user_id as user_id3_14_1_ from reaction_user reactionus0_ where reactionus0_.reaction_id=?
Hibernate: select commentlis0_.board_id as board_id5_7_0_, commentlis0_.comment_id as comment_1_7_0_, commentlis0_.comment_id as comment_1_7_1_, commentlis0_.board_id as board_id5_7_1_, commentlis0_.comment_content as comment_2_7_1_, commentlis0_.comment_created_at as comment_3_7_1_, commentlis0_.comment_last_modified_at as comment_4_7_1_, commentlis0_.user_id as user_id6_7_1_ from comment commentlis0_ where commentlis0_.board_id=?
Hibernate: select boardlist0_.category_id as category7_4_0_, boardlist0_.board_id as board_id1_4_0_, boardlist0_.board_id as board_id1_4_1_, boardlist0_.category_id as category7_4_1_, boardlist0_.board_content as board_co2_4_1_, boardlist0_.board_created_at as board_cr3_4_1_, boardlist0_.board_last_modified_at as board_la4_4_1_, boardlist0_.board_title as board_ti5_4_1_, boardlist0_.user_id as user_id8_4_1_, boardlist0_.board_views as board_vi6_4_1_ from board boardlist0_ where boardlist0_.category_id=?
Hibernate: select count(comment0_.comment_id) as col_0_0_ from comment comment0_ where comment0_.board_id=?
Hibernate: select count(*) as col_0_0_ from board board0_
Hibernate: select imagepathl0_.board_board_id as board_bo1_11_0_, imagepathl0_.board_image_path_list as board_im2_11_0_ from image_path_list imagepathl0_ where imagepathl0_.board_board_id=?
Hibernate: select filename0_.filename_id as filename1_9_, filename0_.filename_origin as filename2_9_, filename0_.filename_uuid as filename3_9_ from filename filename0_ where filename0_.filename_uuid=?
Hibernate: select filepathli0_.board_board_id as board_bo1_8_0_, filepathli0_.board_file_path_list as board_fi2_8_0_ from file_path_list filepathli0_ where filepathli0_.board_board_id=?
Hibernate: select filename0_.filename_id as filename1_9_, filename0_.filename_origin as filename2_9_, filename0_.filename_uuid as filename3_9_ from filename filename0_ where filename0_.filename_uuid=?
Hibernate: select U.* from USER U join BOARD B where U.USER_ID = B.USER_ID and B.BOARD_ID = ?
Hibernate: select character0_.character_id as characte1_6_0_, character0_.character_character_name as characte2_6_0_ from characters character0_ where character0_.character_id=?
Hibernate: select count(*) as col_0_0_ from user user0_ where user0_.user_id=?
Hibernate: select character1_.character_id as characte1_6_, character1_.character_character_name as characte2_6_ from user user0_ inner join characters character1_ on user0_.character_id=character1_.character_id where user0_.user_id=?
Hibernate: select permission0_.character_id as characte6_12_0_, permission0_.permission_id as permissi1_12_0_, permission0_.permission_id as permissi1_12_1_, permission0_.character_id as characte6_12_1_, permission0_.permission_name as permissi2_12_1_, permission0_.permission_permission_unit_id as permissi3_12_1_, permission0_.permission_service as permissi4_12_1_, permission0_.permission_status as permissi5_12_1_ from permission permission0_ where permission0_.character_id=?
Hibernate: select count(*) as col_0_0_ from board board0_ where board0_.board_id=?
Hibernate: select board0_.board_id as board_id1_4_0_, board0_.category_id as category7_4_0_, board0_.board_content as board_co2_4_0_, board0_.board_created_at as board_cr3_4_0_, board0_.board_last_modified_at as board_la4_4_0_, board0_.board_title as board_ti5_4_0_, board0_.user_id as user_id8_4_0_, board0_.board_views as board_vi6_4_0_ from board board0_ where board0_.board_id=?
Hibernate: select category0_.category_id as category1_5_0_, category0_.category_name as category2_5_0_ from category category0_ where category0_.category_id=?
Hibernate: select reactionli0_.board_id as board_id3_13_0_, reactionli0_.reaction_id as reaction1_13_0_, reactionli0_.reaction_id as reaction1_13_1_, reactionli0_.board_id as board_id3_13_1_, reactionli0_.reaction_type as reaction2_13_1_ from reaction reactionli0_ where reactionli0_.board_id=?
Hibernate: select reactionus0_.reaction_id as reaction2_14_0_, reactionus0_.reaction_user_id as reaction1_14_0_, reactionus0_.reaction_user_id as reaction1_14_1_, reactionus0_.reaction_id as reaction2_14_1_, reactionus0_.user_id as user_id3_14_1_ from reaction_user reactionus0_ where reactionus0_.reaction_id=?
Hibernate: select reactionus0_.reaction_id as reaction2_14_0_, reactionus0_.reaction_user_id as reaction1_14_0_, reactionus0_.reaction_user_id as reaction1_14_1_, reactionus0_.reaction_id as reaction2_14_1_, reactionus0_.user_id as user_id3_14_1_ from reaction_user reactionus0_ where reactionus0_.reaction_id=?
Hibernate: select reactionus0_.reaction_id as reaction2_14_0_, reactionus0_.reaction_user_id as reaction1_14_0_, reactionus0_.reaction_user_id as reaction1_14_1_, reactionus0_.reaction_id as reaction2_14_1_, reactionus0_.user_id as user_id3_14_1_ from reaction_user reactionus0_ where reactionus0_.reaction_id=?
Hibernate: select reactionus0_.reaction_id as reaction2_14_0_, reactionus0_.reaction_user_id as reaction1_14_0_, reactionus0_.reaction_user_id as reaction1_14_1_, reactionus0_.reaction_id as reaction2_14_1_, reactionus0_.user_id as user_id3_14_1_ from reaction_user reactionus0_ where reactionus0_.reaction_id=?
Hibernate: select reactionus0_.reaction_id as reaction2_14_0_, reactionus0_.reaction_user_id as reaction1_14_0_, reactionus0_.reaction_user_id as reaction1_14_1_, reactionus0_.reaction_id as reaction2_14_1_, reactionus0_.user_id as user_id3_14_1_ from reaction_user reactionus0_ where reactionus0_.reaction_id=?
Hibernate: select reactionus0_.reaction_id as reaction2_14_0_, reactionus0_.reaction_user_id as reaction1_14_0_, reactionus0_.reaction_user_id as reaction1_14_1_, reactionus0_.reaction_id as reaction2_14_1_, reactionus0_.user_id as user_id3_14_1_ from reaction_user reactionus0_ where reactionus0_.reaction_id=?
Hibernate: select commentlis0_.board_id as board_id5_7_0_, commentlis0_.comment_id as comment_1_7_0_, commentlis0_.comment_id as comment_1_7_1_, commentlis0_.board_id as board_id5_7_1_, commentlis0_.comment_content as comment_2_7_1_, commentlis0_.comment_created_at as comment_3_7_1_, commentlis0_.comment_last_modified_at as comment_4_7_1_, commentlis0_.user_id as user_id6_7_1_ from comment commentlis0_ where commentlis0_.board_id=?
Hibernate: select boardlist0_.category_id as category7_4_0_, boardlist0_.board_id as board_id1_4_0_, boardlist0_.board_id as board_id1_4_1_, boardlist0_.category_id as category7_4_1_, boardlist0_.board_content as board_co2_4_1_, boardlist0_.board_created_at as board_cr3_4_1_, boardlist0_.board_last_modified_at as board_la4_4_1_, boardlist0_.board_title as board_ti5_4_1_, boardlist0_.user_id as user_id8_4_1_, boardlist0_.board_views as board_vi6_4_1_ from board boardlist0_ where boardlist0_.category_id=?
Hibernate: select count(comment0_.comment_id) as col_0_0_ from comment comment0_ where comment0_.board_id=?
Hibernate: update board set category_id=?, board_content=?, board_created_at=?, board_last_modified_at=?, board_title=?, user_id=?, board_views=? where board_id=?
Hibernate: select filepathli0_.board_board_id as board_bo1_8_0_, filepathli0_.board_file_path_list as board_fi2_8_0_ from file_path_list filepathli0_ where filepathli0_.board_board_id=?
Hibernate: select filename0_.filename_id as filename1_9_, filename0_.filename_origin as filename2_9_, filename0_.filename_uuid as filename3_9_ from filename filename0_ where filename0_.filename_uuid=?
Hibernate: delete from filename where filename_id=?
Hibernate: select imagepathl0_.board_board_id as board_bo1_11_0_, imagepathl0_.board_image_path_list as board_im2_11_0_ from image_path_list imagepathl0_ where imagepathl0_.board_board_id=?
Hibernate: select filename0_.filename_id as filename1_9_, filename0_.filename_origin as filename2_9_, filename0_.filename_uuid as filename3_9_ from filename filename0_ where filename0_.filename_uuid=?
Hibernate: delete from filename where filename_id=?
Hibernate: select count(*) as col_0_0_ from board board0_ where board0_.board_id=?
Hibernate: delete from file_path_list where board_board_id=?
Hibernate: delete from image_path_list where board_board_id=?
Hibernate: delete from reaction where reaction_id=?
Hibernate: delete from reaction where reaction_id=?
Hibernate: delete from reaction where reaction_id=?
Hibernate: delete from reaction where reaction_id=?
Hibernate: delete from reaction where reaction_id=?
Hibernate: delete from reaction where reaction_id=?
Hibernate: delete from board where board_id=?
Hibernate: select user0_.user_id as user_id1_21_0_, user0_.character_id as characte7_21_0_, user0_.user_created_at as user_cre2_21_0_, user0_.user_name as user_nam3_21_0_, user0_.user_phone_number as user_pho4_21_0_, user0_.user_user_id as user_use5_21_0_, user0_.user_user_password as user_use6_21_0_ from user user0_ where user0_.user_id=?
Hibernate: select character0_.character_id as characte1_6_0_, character0_.character_character_name as characte2_6_0_ from characters character0_ where character0_.character_id=?
Hibernate: select count(*) as col_0_0_ from user user0_ where user0_.user_id=?
Hibernate: select character1_.character_id as characte1_6_, character1_.character_character_name as characte2_6_ from user user0_ inner join characters character1_ on user0_.character_id=character1_.character_id where user0_.user_id=?
Hibernate: select permission0_.character_id as characte6_12_0_, permission0_.permission_id as permissi1_12_0_, permission0_.permission_id as permissi1_12_1_, permission0_.character_id as characte6_12_1_, permission0_.permission_name as permissi2_12_1_, permission0_.permission_permission_unit_id as permissi3_12_1_, permission0_.permission_service as permissi4_12_1_, permission0_.permission_status as permissi5_12_1_ from permission permission0_ where permission0_.character_id=?
Hibernate: select count(*) as col_0_0_ from board board0_ where board0_.board_id=?
Hibernate: select user0_.user_id as col_0_0_ from user user0_ where user0_.user_user_id=? limit ?
Hibernate: select user0_.user_id as col_0_0_ from user user0_ where user0_.user_user_id=? limit ?
Hibernate: select U.* from USER U where U.USER_USER_ID =?
Hibernate: select character0_.character_id as characte1_6_0_, character0_.character_character_name as characte2_6_0_ from characters character0_ where character0_.character_id=?
Hibernate: select user0_.user_id as user_id1_21_0_, user0_.character_id as characte7_21_0_, user0_.user_created_at as user_cre2_21_0_, user0_.user_name as user_nam3_21_0_, user0_.user_phone_number as user_pho4_21_0_, user0_.user_user_id as user_use5_21_0_, user0_.user_user_password as user_use6_21_0_ from user user0_ where user0_.user_id=?
Hibernate: select character0_.character_id as characte1_6_0_, character0_.character_character_name as characte2_6_0_ from characters character0_ where character0_.character_id=?
Hibernate: select category0_.category_id as category1_5_, category0_.category_name as category2_5_ from category category0_
Hibernate: select boardlist0_.category_id as category7_4_0_, boardlist0_.board_id as board_id1_4_0_, boardlist0_.board_id as board_id1_4_1_, boardlist0_.category_id as category7_4_1_, boardlist0_.board_content as board_co2_4_1_, boardlist0_.board_created_at as board_cr3_4_1_, boardlist0_.board_last_modified_at as board_la4_4_1_, boardlist0_.board_title as board_ti5_4_1_, boardlist0_.user_id as user_id8_4_1_, boardlist0_.board_views as board_vi6_4_1_ from board boardlist0_ where boardlist0_.category_id=?
Hibernate: select boardlist0_.category_id as category7_4_0_, boardlist0_.board_id as board_id1_4_0_, boardlist0_.board_id as board_id1_4_1_, boardlist0_.category_id as category7_4_1_, boardlist0_.board_content as board_co2_4_1_, boardlist0_.board_created_at as board_cr3_4_1_, boardlist0_.board_last_modified_at as board_la4_4_1_, boardlist0_.board_title as board_ti5_4_1_, boardlist0_.user_id as user_id8_4_1_, boardlist0_.board_views as board_vi6_4_1_ from board boardlist0_ where boardlist0_.category_id=?
Hibernate: select boardlist0_.category_id as category7_4_0_, boardlist0_.board_id as board_id1_4_0_, boardlist0_.board_id as board_id1_4_1_, boardlist0_.category_id as category7_4_1_, boardlist0_.board_content as board_co2_4_1_, boardlist0_.board_created_at as board_cr3_4_1_, boardlist0_.board_last_modified_at as board_la4_4_1_, boardlist0_.board_title as board_ti5_4_1_, boardlist0_.user_id as user_id8_4_1_, boardlist0_.board_views as board_vi6_4_1_ from board boardlist0_ where boardlist0_.category_id=?
Hibernate: select user0_.user_id as user_id1_21_0_, user0_.character_id as characte7_21_0_, user0_.user_created_at as user_cre2_21_0_, user0_.user_name as user_nam3_21_0_, user0_.user_phone_number as user_pho4_21_0_, user0_.user_user_id as user_use5_21_0_, user0_.user_user_password as user_use6_21_0_ from user user0_ where user0_.user_id=?
Hibernate: select character0_.character_id as characte1_6_0_, character0_.character_character_name as characte2_6_0_ from characters character0_ where character0_.character_id=?
Hibernate: select count(*) as col_0_0_ from user user0_ where user0_.user_id=?
Hibernate: select character1_.character_id as characte1_6_, character1_.character_character_name as characte2_6_ from user user0_ inner join characters character1_ on user0_.character_id=character1_.character_id where user0_.user_id=?
Hibernate: select permission0_.character_id as characte6_12_0_, permission0_.permission_id as permissi1_12_0_, permission0_.permission_id as permissi1_12_1_, permission0_.character_id as characte6_12_1_, permission0_.permission_name as permissi2_12_1_, permission0_.permission_permission_unit_id as permissi3_12_1_, permission0_.permission_service as permissi4_12_1_, permission0_.permission_status as permissi5_12_1_ from permission permission0_ where permission0_.character_id=?
Hibernate: select count(*) as col_0_0_ from category category0_ where category0_.category_id=?
Hibernate: select count(board0_.board_id) as col_0_0_ from board board0_ where board0_.category_id=?
Hibernate: select category0_.category_id as category1_5_0_, category0_.category_name as category2_5_0_ from category category0_ where category0_.category_id=?
Hibernate: select boardlist0_.category_id as category7_4_0_, boardlist0_.board_id as board_id1_4_0_, boardlist0_.board_id as board_id1_4_1_, boardlist0_.category_id as category7_4_1_, boardlist0_.board_content as board_co2_4_1_, boardlist0_.board_created_at as board_cr3_4_1_, boardlist0_.board_last_modified_at as board_la4_4_1_, boardlist0_.board_title as board_ti5_4_1_, boardlist0_.user_id as user_id8_4_1_, boardlist0_.board_views as board_vi6_4_1_ from board boardlist0_ where boardlist0_.category_id=?
Hibernate: delete from category where category_id=?
Hibernate: select user0_.user_id as user_id1_21_0_, user0_.character_id as characte7_21_0_, user0_.user_created_at as user_cre2_21_0_, user0_.user_name as user_nam3_21_0_, user0_.user_phone_number as user_pho4_21_0_, user0_.user_user_id as user_use5_21_0_, user0_.user_user_password as user_use6_21_0_ from user user0_ where user0_.user_id=?
Hibernate: select character0_.character_id as characte1_6_0_, character0_.character_character_name as characte2_6_0_ from characters character0_ where character0_.character_id=?
Hibernate: select count(*) as col_0_0_ from user user0_ where user0_.user_id=?
Hibernate: select character1_.character_id as characte1_6_, character1_.character_character_name as characte2_6_ from user user0_ inner join characters character1_ on user0_.character_id=character1_.character_id where user0_.user_id=?
Hibernate: select permission0_.character_id as characte6_12_0_, permission0_.permission_id as permissi1_12_0_, permission0_.permission_id as permissi1_12_1_, permission0_.character_id as characte6_12_1_, permission0_.permission_name as permissi2_12_1_, permission0_.permission_permission_unit_id as permissi3_12_1_, permission0_.permission_service as permissi4_12_1_, permission0_.permission_status as permissi5_12_1_ from permission permission0_ where permission0_.character_id=?
Hibernate: select count(*) as col_0_0_ from category category0_ where category0_.category_id=?
Hibernate: select count(board0_.board_id) as col_0_0_ from board board0_ where board0_.category_id=?
Hibernate: select category0_.category_id as category1_5_0_, category0_.category_name as category2_5_0_ from category category0_ where category0_.category_id=?
Hibernate: select boardlist0_.category_id as category7_4_0_, boardlist0_.board_id as board_id1_4_0_, boardlist0_.board_id as board_id1_4_1_, boardlist0_.category_id as category7_4_1_, boardlist0_.board_content as board_co2_4_1_, boardlist0_.board_created_at as board_cr3_4_1_, boardlist0_.board_last_modified_at as board_la4_4_1_, boardlist0_.board_title as board_ti5_4_1_, boardlist0_.user_id as user_id8_4_1_, boardlist0_.board_views as board_vi6_4_1_ from board boardlist0_ where boardlist0_.category_id=?
Hibernate: delete from category where category_id=?
Hibernate: select user0_.user_id as user_id1_21_0_, user0_.character_id as characte7_21_0_, user0_.user_created_at as user_cre2_21_0_, user0_.user_name as user_nam3_21_0_, user0_.user_phone_number as user_pho4_21_0_, user0_.user_user_id as user_use5_21_0_, user0_.user_user_password as user_use6_21_0_ from user user0_ where user0_.user_id=?
Hibernate: select character0_.character_id as characte1_6_0_, character0_.character_character_name as characte2_6_0_ from characters character0_ where character0_.character_id=?
Hibernate: select count(*) as col_0_0_ from user user0_ where user0_.user_id=?
Hibernate: select character1_.character_id as characte1_6_, character1_.character_character_name as characte2_6_ from user user0_ inner join characters character1_ on user0_.character_id=character1_.character_id where user0_.user_id=?
Hibernate: select permission0_.character_id as characte6_12_0_, permission0_.permission_id as permissi1_12_0_, permission0_.permission_id as permissi1_12_1_, permission0_.character_id as characte6_12_1_, permission0_.permission_name as permissi2_12_1_, permission0_.permission_permission_unit_id as permissi3_12_1_, permission0_.permission_service as permissi4_12_1_, permission0_.permission_status as permissi5_12_1_ from permission permission0_ where permission0_.character_id=?
Hibernate: select count(*) as col_0_0_ from category category0_ where category0_.category_id=?
Hibernate: select count(board0_.board_id) as col_0_0_ from board board0_ where board0_.category_id=?
Hibernate: select category0_.category_id as category1_5_0_, category0_.category_name as category2_5_0_ from category category0_ where category0_.category_id=?
Hibernate: select boardlist0_.category_id as category7_4_0_, boardlist0_.board_id as board_id1_4_0_, boardlist0_.board_id as board_id1_4_1_, boardlist0_.category_id as category7_4_1_, boardlist0_.board_content as board_co2_4_1_, boardlist0_.board_created_at as board_cr3_4_1_, boardlist0_.board_last_modified_at as board_la4_4_1_, boardlist0_.board_title as board_ti5_4_1_, boardlist0_.user_id as user_id8_4_1_, boardlist0_.board_views as board_vi6_4_1_ from board boardlist0_ where boardlist0_.category_id=?
Hibernate: delete from category where category_id=?
Hibernate: select user0_.user_id as user_id1_21_0_, user0_.character_id as characte7_21_0_, user0_.user_created_at as user_cre2_21_0_, user0_.user_name as user_nam3_21_0_, user0_.user_phone_number as user_pho4_21_0_, user0_.user_user_id as user_use5_21_0_, user0_.user_user_password as user_use6_21_0_ from user user0_ where user0_.user_id=?
Hibernate: select character0_.character_id as characte1_6_0_, character0_.character_character_name as characte2_6_0_ from characters character0_ where character0_.character_id=?
Hibernate: select count(*) as col_0_0_ from user user0_ where user0_.user_id=?
Hibernate: select character1_.character_id as characte1_6_, character1_.character_character_name as characte2_6_ from user user0_ inner join characters character1_ on user0_.character_id=character1_.character_id where user0_.user_id=?
Hibernate: select permission0_.character_id as characte6_12_0_, permission0_.permission_id as permissi1_12_0_, permission0_.permission_id as permissi1_12_1_, permission0_.character_id as characte6_12_1_, permission0_.permission_name as permissi2_12_1_, permission0_.permission_permission_unit_id as permissi3_12_1_, permission0_.permission_service as permissi4_12_1_, permission0_.permission_status as permissi5_12_1_ from permission permission0_ where permission0_.character_id=?
Hibernate: select category0_.category_id as col_0_0_ from category category0_ where category0_.category_name=? limit ?
Hibernate: select category0_.category_id as category1_5_1_, category0_.category_name as category2_5_1_, boardlist1_.category_id as category7_4_3_, boardlist1_.board_id as board_id1_4_3_, boardlist1_.board_id as board_id1_4_0_, boardlist1_.category_id as category7_4_0_, boardlist1_.board_content as board_co2_4_0_, boardlist1_.board_created_at as board_cr3_4_0_, boardlist1_.board_last_modified_at as board_la4_4_0_, boardlist1_.board_title as board_ti5_4_0_, boardlist1_.user_id as user_id8_4_0_, boardlist1_.board_views as board_vi6_4_0_ from category category0_ left outer join board boardlist1_ on category0_.category_id=boardlist1_.category_id where category0_.category_id=?
Hibernate: insert into category (category_id, category_name) values (default, ?)
Hibernate: select user0_.user_id as user_id1_21_0_, user0_.character_id as characte7_21_0_, user0_.user_created_at as user_cre2_21_0_, user0_.user_name as user_nam3_21_0_, user0_.user_phone_number as user_pho4_21_0_, user0_.user_user_id as user_use5_21_0_, user0_.user_user_password as user_use6_21_0_ from user user0_ where user0_.user_id=?
Hibernate: select character0_.character_id as characte1_6_0_, character0_.character_character_name as characte2_6_0_ from characters character0_ where character0_.character_id=?
Hibernate: select count(*) as col_0_0_ from user user0_ where user0_.user_id=?
Hibernate: select character1_.character_id as characte1_6_, character1_.character_character_name as characte2_6_ from user user0_ inner join characters character1_ on user0_.character_id=character1_.character_id where user0_.user_id=?
Hibernate: select permission0_.character_id as characte6_12_0_, permission0_.permission_id as permissi1_12_0_, permission0_.permission_id as permissi1_12_1_, permission0_.character_id as characte6_12_1_, permission0_.permission_name as permissi2_12_1_, permission0_.permission_permission_unit_id as permissi3_12_1_, permission0_.permission_service as permissi4_12_1_, permission0_.permission_status as permissi5_12_1_ from permission permission0_ where permission0_.character_id=?
Hibernate: select category0_.category_id as col_0_0_ from category category0_ where category0_.category_name=? limit ?
Hibernate: select category0_.category_id as category1_5_1_, category0_.category_name as category2_5_1_, boardlist1_.category_id as category7_4_3_, boardlist1_.board_id as board_id1_4_3_, boardlist1_.board_id as board_id1_4_0_, boardlist1_.category_id as category7_4_0_, boardlist1_.board_content as board_co2_4_0_, boardlist1_.board_created_at as board_cr3_4_0_, boardlist1_.board_last_modified_at as board_la4_4_0_, boardlist1_.board_title as board_ti5_4_0_, boardlist1_.user_id as user_id8_4_0_, boardlist1_.board_views as board_vi6_4_0_ from category category0_ left outer join board boardlist1_ on category0_.category_id=boardlist1_.category_id where category0_.category_id=?
Hibernate: insert into category (category_id, category_name) values (default, ?)
Hibernate: select user0_.user_id as col_0_0_ from user user0_ where user0_.user_user_id=? limit ?
Hibernate: select user0_.user_id as col_0_0_ from user user0_ where user0_.user_user_id=? limit ?
Hibernate: select U.* from USER U where U.USER_USER_ID =?
Hibernate: select character0_.character_id as characte1_6_0_, character0_.character_character_name as characte2_6_0_ from characters character0_ where character0_.character_id=?
Hibernate: select user0_.user_id as col_0_0_ from user user0_ where user0_.user_user_id=? limit ?
Hibernate: select user0_.user_id as col_0_0_ from user user0_ where user0_.user_user_id=? limit ?
Hibernate: select U.* from USER U where U.USER_USER_ID =?
Hibernate: select character0_.character_id as characte1_6_0_, character0_.character_character_name as characte2_6_0_ from characters character0_ where character0_.character_id=?
Hibernate: select user0_.user_id as user_id1_21_0_, user0_.character_id as characte7_21_0_, user0_.user_created_at as user_cre2_21_0_, user0_.user_name as user_nam3_21_0_, user0_.user_phone_number as user_pho4_21_0_, user0_.user_user_id as user_use5_21_0_, user0_.user_user_password as user_use6_21_0_ from user user0_ where user0_.user_id=?
Hibernate: select character0_.character_id as characte1_6_0_, character0_.character_character_name as characte2_6_0_ from characters character0_ where character0_.character_id=?
Hibernate: select count(*) as col_0_0_ from board board0_
Hibernate: select count(*) as col_0_0_ from board board0_
Hibernate: select user0_.user_id as col_0_0_ from user user0_ where user0_.user_user_id=? limit ?
Hibernate: select user0_.user_id as col_0_0_ from user user0_ where user0_.user_user_id=? limit ?
Hibernate: select U.* from USER U where U.USER_USER_ID =?
Hibernate: select character0_.character_id as characte1_6_0_, character0_.character_character_name as characte2_6_0_ from characters character0_ where character0_.character_id=?
Hibernate: select user0_.user_id as user_id1_21_0_, user0_.character_id as characte7_21_0_, user0_.user_created_at as user_cre2_21_0_, user0_.user_name as user_nam3_21_0_, user0_.user_phone_number as user_pho4_21_0_, user0_.user_user_id as user_use5_21_0_, user0_.user_user_password as user_use6_21_0_ from user user0_ where user0_.user_id=?
Hibernate: select character0_.character_id as characte1_6_0_, character0_.character_character_name as characte2_6_0_ from characters character0_ where character0_.character_id=?
Hibernate: select category0_.category_id as category1_5_, category0_.category_name as category2_5_ from category category0_
Hibernate: select boardlist0_.category_id as category7_4_0_, boardlist0_.board_id as board_id1_4_0_, boardlist0_.board_id as board_id1_4_1_, boardlist0_.category_id as category7_4_1_, boardlist0_.board_content as board_co2_4_1_, boardlist0_.board_created_at as board_cr3_4_1_, boardlist0_.board_last_modified_at as board_la4_4_1_, boardlist0_.board_title as board_ti5_4_1_, boardlist0_.user_id as user_id8_4_1_, boardlist0_.board_views as board_vi6_4_1_ from board boardlist0_ where boardlist0_.category_id=?
Hibernate: select boardlist0_.category_id as category7_4_0_, boardlist0_.board_id as board_id1_4_0_, boardlist0_.board_id as board_id1_4_1_, boardlist0_.category_id as category7_4_1_, boardlist0_.board_content as board_co2_4_1_, boardlist0_.board_created_at as board_cr3_4_1_, boardlist0_.board_last_modified_at as board_la4_4_1_, boardlist0_.board_title as board_ti5_4_1_, boardlist0_.user_id as user_id8_4_1_, boardlist0_.board_views as board_vi6_4_1_ from board boardlist0_ where boardlist0_.category_id=?
Hibernate: select user0_.user_id as user_id1_21_0_, user0_.character_id as characte7_21_0_, user0_.user_created_at as user_cre2_21_0_, user0_.user_name as user_nam3_21_0_, user0_.user_phone_number as user_pho4_21_0_, user0_.user_user_id as user_use5_21_0_, user0_.user_user_password as user_use6_21_0_ from user user0_ where user0_.user_id=?
Hibernate: select character0_.character_id as characte1_6_0_, character0_.character_character_name as characte2_6_0_ from characters character0_ where character0_.character_id=?
Hibernate: select count(*) as col_0_0_ from user user0_ where user0_.user_id=?
Hibernate: select character1_.character_id as characte1_6_, character1_.character_character_name as characte2_6_ from user user0_ inner join characters character1_ on user0_.character_id=character1_.character_id where user0_.user_id=?
Hibernate: select permission0_.character_id as characte6_12_0_, permission0_.permission_id as permissi1_12_0_, permission0_.permission_id as permissi1_12_1_, permission0_.character_id as characte6_12_1_, permission0_.permission_name as permissi2_12_1_, permission0_.permission_permission_unit_id as permissi3_12_1_, permission0_.permission_service as permissi4_12_1_, permission0_.permission_status as permissi5_12_1_ from permission permission0_ where permission0_.character_id=?
Hibernate: select count(*) as col_0_0_ from category category0_ where category0_.category_id=?
Hibernate: select count(board0_.board_id) as col_0_0_ from board board0_ where board0_.category_id=?
Hibernate: select category0_.category_id as category1_5_0_, category0_.category_name as category2_5_0_ from category category0_ where category0_.category_id=?
Hibernate: select boardlist0_.category_id as category7_4_0_, boardlist0_.board_id as board_id1_4_0_, boardlist0_.board_id as board_id1_4_1_, boardlist0_.category_id as category7_4_1_, boardlist0_.board_content as board_co2_4_1_, boardlist0_.board_created_at as board_cr3_4_1_, boardlist0_.board_last_modified_at as board_la4_4_1_, boardlist0_.board_title as board_ti5_4_1_, boardlist0_.user_id as user_id8_4_1_, boardlist0_.board_views as board_vi6_4_1_ from board boardlist0_ where boardlist0_.category_id=?
Hibernate: delete from category where category_id=?
Hibernate: select user0_.user_id as user_id1_21_0_, user0_.character_id as characte7_21_0_, user0_.user_created_at as user_cre2_21_0_, user0_.user_name as user_nam3_21_0_, user0_.user_phone_number as user_pho4_21_0_, user0_.user_user_id as user_use5_21_0_, user0_.user_user_password as user_use6_21_0_ from user user0_ where user0_.user_id=?
Hibernate: select character0_.character_id as characte1_6_0_, character0_.character_character_name as characte2_6_0_ from characters character0_ where character0_.character_id=?
Hibernate: select count(*) as col_0_0_ from user user0_ where user0_.user_id=?
Hibernate: select character1_.character_id as characte1_6_, character1_.character_character_name as characte2_6_ from user user0_ inner join characters character1_ on user0_.character_id=character1_.character_id where user0_.user_id=?
Hibernate: select permission0_.character_id as characte6_12_0_, permission0_.permission_id as permissi1_12_0_, permission0_.permission_id as permissi1_12_1_, permission0_.character_id as characte6_12_1_, permission0_.permission_name as permissi2_12_1_, permission0_.permission_permission_unit_id as permissi3_12_1_, permission0_.permission_service as permissi4_12_1_, permission0_.permission_status as permissi5_12_1_ from permission permission0_ where permission0_.character_id=?
Hibernate: select count(*) as col_0_0_ from category category0_ where category0_.category_id=?
Hibernate: select count(board0_.board_id) as col_0_0_ from board board0_ where board0_.category_id=?
Hibernate: select category0_.category_id as category1_5_0_, category0_.category_name as category2_5_0_ from category category0_ where category0_.category_id=?
Hibernate: select boardlist0_.category_id as category7_4_0_, boardlist0_.board_id as board_id1_4_0_, boardlist0_.board_id as board_id1_4_1_, boardlist0_.category_id as category7_4_1_, boardlist0_.board_content as board_co2_4_1_, boardlist0_.board_created_at as board_cr3_4_1_, boardlist0_.board_last_modified_at as board_la4_4_1_, boardlist0_.board_title as board_ti5_4_1_, boardlist0_.user_id as user_id8_4_1_, boardlist0_.board_views as board_vi6_4_1_ from board boardlist0_ where boardlist0_.category_id=?
Hibernate: delete from category where category_id=?
Hibernate: select user0_.user_id as user_id1_21_0_, user0_.character_id as characte7_21_0_, user0_.user_created_at as user_cre2_21_0_, user0_.user_name as user_nam3_21_0_, user0_.user_phone_number as user_pho4_21_0_, user0_.user_user_id as user_use5_21_0_, user0_.user_user_password as user_use6_21_0_ from user user0_ where user0_.user_id=?
Hibernate: select character0_.character_id as characte1_6_0_, character0_.character_character_name as characte2_6_0_ from characters character0_ where character0_.character_id=?
Hibernate: select count(*) as col_0_0_ from user user0_ where user0_.user_id=?
Hibernate: select character1_.character_id as characte1_6_, character1_.character_character_name as characte2_6_ from user user0_ inner join characters character1_ on user0_.character_id=character1_.character_id where user0_.user_id=?
Hibernate: select permission0_.character_id as characte6_12_0_, permission0_.permission_id as permissi1_12_0_, permission0_.permission_id as permissi1_12_1_, permission0_.character_id as characte6_12_1_, permission0_.permission_name as permissi2_12_1_, permission0_.permission_permission_unit_id as permissi3_12_1_, permission0_.permission_service as permissi4_12_1_, permission0_.permission_status as permissi5_12_1_ from permission permission0_ where permission0_.character_id=?
Hibernate: select category0_.category_id as col_0_0_ from category category0_ where category0_.category_name=? limit ?
Hibernate: select category0_.category_id as category1_5_1_, category0_.category_name as category2_5_1_, boardlist1_.category_id as category7_4_3_, boardlist1_.board_id as board_id1_4_3_, boardlist1_.board_id as board_id1_4_0_, boardlist1_.category_id as category7_4_0_, boardlist1_.board_content as board_co2_4_0_, boardlist1_.board_created_at as board_cr3_4_0_, boardlist1_.board_last_modified_at as board_la4_4_0_, boardlist1_.board_title as board_ti5_4_0_, boardlist1_.user_id as user_id8_4_0_, boardlist1_.board_views as board_vi6_4_0_ from category category0_ left outer join board boardlist1_ on category0_.category_id=boardlist1_.category_id where category0_.category_id=?
Hibernate: insert into category (category_id, category_name) values (default, ?)
Hibernate: select user0_.user_id as user_id1_21_0_, user0_.character_id as characte7_21_0_, user0_.user_created_at as user_cre2_21_0_, user0_.user_name as user_nam3_21_0_, user0_.user_phone_number as user_pho4_21_0_, user0_.user_user_id as user_use5_21_0_, user0_.user_user_password as user_use6_21_0_ from user user0_ where user0_.user_id=?
Hibernate: select character0_.character_id as characte1_6_0_, character0_.character_character_name as characte2_6_0_ from characters character0_ where character0_.character_id=?
Hibernate: select count(*) as col_0_0_ from user user0_ where user0_.user_id=?
Hibernate: select character1_.character_id as characte1_6_, character1_.character_character_name as characte2_6_ from user user0_ inner join characters character1_ on user0_.character_id=character1_.character_id where user0_.user_id=?
Hibernate: select permission0_.character_id as characte6_12_0_, permission0_.permission_id as permissi1_12_0_, permission0_.permission_id as permissi1_12_1_, permission0_.character_id as characte6_12_1_, permission0_.permission_name as permissi2_12_1_, permission0_.permission_permission_unit_id as permissi3_12_1_, permission0_.permission_service as permissi4_12_1_, permission0_.permission_status as permissi5_12_1_ from permission permission0_ where permission0_.character_id=?
Hibernate: select category0_.category_id as col_0_0_ from category category0_ where category0_.category_name=? limit ?
Hibernate: select category0_.category_id as category1_5_1_, category0_.category_name as category2_5_1_, boardlist1_.category_id as category7_4_3_, boardlist1_.board_id as board_id1_4_3_, boardlist1_.board_id as board_id1_4_0_, boardlist1_.category_id as category7_4_0_, boardlist1_.board_content as board_co2_4_0_, boardlist1_.board_created_at as board_cr3_4_0_, boardlist1_.board_last_modified_at as board_la4_4_0_, boardlist1_.board_title as board_ti5_4_0_, boardlist1_.user_id as user_id8_4_0_, boardlist1_.board_views as board_vi6_4_0_ from category category0_ left outer join board boardlist1_ on category0_.category_id=boardlist1_.category_id where category0_.category_id=?
Hibernate: insert into category (category_id, category_name) values (default, ?)
Hibernate: select user0_.user_id as col_0_0_ from user user0_ where user0_.user_user_id=? limit ?
Hibernate: select user0_.user_id as col_0_0_ from user user0_ where user0_.user_user_id=? limit ?
Hibernate: select U.* from USER U where U.USER_USER_ID =?
Hibernate: select character0_.character_id as characte1_6_0_, character0_.character_character_name as characte2_6_0_ from characters character0_ where character0_.character_id=?
Hibernate: select user0_.user_id as col_0_0_ from user user0_ where user0_.user_user_id=? limit ?
Hibernate: select user0_.user_id as col_0_0_ from user user0_ where user0_.user_user_id=? limit ?
Hibernate: select U.* from USER U where U.USER_USER_ID =?
Hibernate: select character0_.character_id as characte1_6_0_, character0_.character_character_name as characte2_6_0_ from characters character0_ where character0_.character_id=?
Hibernate: select user0_.user_id as col_0_0_ from user user0_ where user0_.user_user_id=? limit ?
Hibernate: select user0_.user_id as col_0_0_ from user user0_ where user0_.user_user_id=? limit ?
Hibernate: select U.* from USER U where U.USER_USER_ID =?
Hibernate: select character0_.character_id as characte1_6_0_, character0_.character_character_name as characte2_6_0_ from characters character0_ where character0_.character_id=?
Hibernate: select user0_.user_id as user_id1_21_0_, user0_.character_id as characte7_21_0_, user0_.user_created_at as user_cre2_21_0_, user0_.user_name as user_nam3_21_0_, user0_.user_phone_number as user_pho4_21_0_, user0_.user_user_id as user_use5_21_0_, user0_.user_user_password as user_use6_21_0_ from user user0_ where user0_.user_id=?
Hibernate: select character0_.character_id as characte1_6_0_, character0_.character_character_name as characte2_6_0_ from characters character0_ where character0_.character_id=?
Hibernate: select count(*) as col_0_0_ from user user0_ where user0_.user_id=?
Hibernate: select character1_.character_id as characte1_6_, character1_.character_character_name as characte2_6_ from user user0_ inner join characters character1_ on user0_.character_id=character1_.character_id where user0_.user_id=?
Hibernate: select permission0_.character_id as characte6_12_0_, permission0_.permission_id as permissi1_12_0_, permission0_.permission_id as permissi1_12_1_, permission0_.character_id as characte6_12_1_, permission0_.permission_name as permissi2_12_1_, permission0_.permission_permission_unit_id as permissi3_12_1_, permission0_.permission_service as permissi4_12_1_, permission0_.permission_status as permissi5_12_1_ from permission permission0_ where permission0_.character_id=?
Hibernate: select category0_.category_id as col_0_0_ from category category0_ where category0_.category_name=? limit ?
Hibernate: select category0_.category_id as category1_5_1_, category0_.category_name as category2_5_1_, boardlist1_.category_id as category7_4_3_, boardlist1_.board_id as board_id1_4_3_, boardlist1_.board_id as board_id1_4_0_, boardlist1_.category_id as category7_4_0_, boardlist1_.board_content as board_co2_4_0_, boardlist1_.board_created_at as board_cr3_4_0_, boardlist1_.board_last_modified_at as board_la4_4_0_, boardlist1_.board_title as board_ti5_4_0_, boardlist1_.user_id as user_id8_4_0_, boardlist1_.board_views as board_vi6_4_0_ from category category0_ left outer join board boardlist1_ on category0_.category_id=boardlist1_.category_id where category0_.category_id=?
Hibernate: insert into category (category_id, category_name) values (default, ?)
Hibernate: select user0_.user_id as user_id1_21_0_, user0_.character_id as characte7_21_0_, user0_.user_created_at as user_cre2_21_0_, user0_.user_name as user_nam3_21_0_, user0_.user_phone_number as user_pho4_21_0_, user0_.user_user_id as user_use5_21_0_, user0_.user_user_password as user_use6_21_0_ from user user0_ where user0_.user_id=?
Hibernate: select character0_.character_id as characte1_6_0_, character0_.character_character_name as characte2_6_0_ from characters character0_ where character0_.character_id=?
Hibernate: select category0_.category_id as category1_5_, category0_.category_name as category2_5_ from category category0_
Hibernate: select boardlist0_.category_id as category7_4_0_, boardlist0_.board_id as board_id1_4_0_, boardlist0_.board_id as board_id1_4_1_, boardlist0_.category_id as category7_4_1_, boardlist0_.board_content as board_co2_4_1_, boardlist0_.board_created_at as board_cr3_4_1_, boardlist0_.board_last_modified_at as board_la4_4_1_, boardlist0_.board_title as board_ti5_4_1_, boardlist0_.user_id as user_id8_4_1_, boardlist0_.board_views as board_vi6_4_1_ from board boardlist0_ where boardlist0_.category_id=?
Hibernate: select boardlist0_.category_id as category7_4_0_, boardlist0_.board_id as board_id1_4_0_, boardlist0_.board_id as board_id1_4_1_, boardlist0_.category_id as category7_4_1_, boardlist0_.board_content as board_co2_4_1_, boardlist0_.board_created_at as board_cr3_4_1_, boardlist0_.board_last_modified_at as board_la4_4_1_, boardlist0_.board_title as board_ti5_4_1_, boardlist0_.user_id as user_id8_4_1_, boardlist0_.board_views as board_vi6_4_1_ from board boardlist0_ where boardlist0_.category_id=?
Hibernate: select boardlist0_.category_id as category7_4_0_, boardlist0_.board_id as board_id1_4_0_, boardlist0_.board_id as board_id1_4_1_, boardlist0_.category_id as category7_4_1_, boardlist0_.board_content as board_co2_4_1_, boardlist0_.board_created_at as board_cr3_4_1_, boardlist0_.board_last_modified_at as board_la4_4_1_, boardlist0_.board_title as board_ti5_4_1_, boardlist0_.user_id as user_id8_4_1_, boardlist0_.board_views as board_vi6_4_1_ from board boardlist0_ where boardlist0_.category_id=?
Hibernate: select user0_.user_id as user_id1_21_0_, user0_.character_id as characte7_21_0_, user0_.user_created_at as user_cre2_21_0_, user0_.user_name as user_nam3_21_0_, user0_.user_phone_number as user_pho4_21_0_, user0_.user_user_id as user_use5_21_0_, user0_.user_user_password as user_use6_21_0_ from user user0_ where user0_.user_id=?
Hibernate: select character0_.character_id as characte1_6_0_, character0_.character_character_name as characte2_6_0_ from characters character0_ where character0_.character_id=?
Hibernate: select count(*) as col_0_0_ from user user0_ where user0_.user_id=?
Hibernate: select character1_.character_id as characte1_6_, character1_.character_character_name as characte2_6_ from user user0_ inner join characters character1_ on user0_.character_id=character1_.character_id where user0_.user_id=?
Hibernate: select permission0_.character_id as characte6_12_0_, permission0_.permission_id as permissi1_12_0_, permission0_.permission_id as permissi1_12_1_, permission0_.character_id as characte6_12_1_, permission0_.permission_name as permissi2_12_1_, permission0_.permission_permission_unit_id as permissi3_12_1_, permission0_.permission_service as permissi4_12_1_, permission0_.permission_status as permissi5_12_1_ from permission permission0_ where permission0_.character_id=?
Hibernate: select count(*) as col_0_0_ from category category0_ where category0_.category_id=?
Hibernate: insert into filename (filename_id, filename_origin, filename_uuid) values (default, ?, ?)
Hibernate: insert into filename (filename_id, filename_origin, filename_uuid) values (default, ?, ?)
Hibernate: select category0_.category_id as category1_5_0_, category0_.category_name as category2_5_0_ from category category0_ where category0_.category_id=?
Hibernate: insert into board (board_id, category_id, board_content, board_created_at, board_last_modified_at, board_title, user_id, board_views) values (default, ?, ?, ?, ?, ?, ?, ?)
Hibernate: insert into reaction (reaction_id, board_id, reaction_type) values (default, ?, ?)
Hibernate: insert into reaction (reaction_id, board_id, reaction_type) values (default, ?, ?)
Hibernate: insert into reaction (reaction_id, board_id, reaction_type) values (default, ?, ?)
Hibernate: insert into reaction (reaction_id, board_id, reaction_type) values (default, ?, ?)
Hibernate: insert into reaction (reaction_id, board_id, reaction_type) values (default, ?, ?)
Hibernate: insert into reaction (reaction_id, board_id, reaction_type) values (default, ?, ?)
Hibernate: insert into file_path_list (board_board_id, board_file_path_list) values (?, ?)
Hibernate: insert into image_path_list (board_board_id, board_image_path_list) values (?, ?)
Hibernate: select user0_.user_id as user_id1_21_0_, user0_.character_id as characte7_21_0_, user0_.user_created_at as user_cre2_21_0_, user0_.user_name as user_nam3_21_0_, user0_.user_phone_number as user_pho4_21_0_, user0_.user_user_id as user_use5_21_0_, user0_.user_user_password as user_use6_21_0_ from user user0_ where user0_.user_id=?
Hibernate: select character0_.character_id as characte1_6_0_, character0_.character_character_name as characte2_6_0_ from characters character0_ where character0_.character_id=?
Hibernate: select count(*) as col_0_0_ from board board0_
Hibernate: select board0_.board_id as board_id1_4_, board0_.category_id as category7_4_, board0_.board_content as board_co2_4_, board0_.board_created_at as board_cr3_4_, board0_.board_last_modified_at as board_la4_4_, board0_.board_title as board_ti5_4_, board0_.user_id as user_id8_4_, board0_.board_views as board_vi6_4_ from board board0_ limit ?
Hibernate: select category0_.category_id as category1_5_0_, category0_.category_name as category2_5_0_ from category category0_ where category0_.category_id=?
Hibernate: select reactionli0_.board_id as board_id3_13_0_, reactionli0_.reaction_id as reaction1_13_0_, reactionli0_.reaction_id as reaction1_13_1_, reactionli0_.board_id as board_id3_13_1_, reactionli0_.reaction_type as reaction2_13_1_ from reaction reactionli0_ where reactionli0_.board_id=?
Hibernate: select reactionus0_.reaction_id as reaction2_14_0_, reactionus0_.reaction_user_id as reaction1_14_0_, reactionus0_.reaction_user_id as reaction1_14_1_, reactionus0_.reaction_id as reaction2_14_1_, reactionus0_.user_id as user_id3_14_1_ from reaction_user reactionus0_ where reactionus0_.reaction_id=?
Hibernate: select reactionus0_.reaction_id as reaction2_14_0_, reactionus0_.reaction_user_id as reaction1_14_0_, reactionus0_.reaction_user_id as reaction1_14_1_, reactionus0_.reaction_id as reaction2_14_1_, reactionus0_.user_id as user_id3_14_1_ from reaction_user reactionus0_ where reactionus0_.reaction_id=?
Hibernate: select reactionus0_.reaction_id as reaction2_14_0_, reactionus0_.reaction_user_id as reaction1_14_0_, reactionus0_.reaction_user_id as reaction1_14_1_, reactionus0_.reaction_id as reaction2_14_1_, reactionus0_.user_id as user_id3_14_1_ from reaction_user reactionus0_ where reactionus0_.reaction_id=?
Hibernate: select reactionus0_.reaction_id as reaction2_14_0_, reactionus0_.reaction_user_id as reaction1_14_0_, reactionus0_.reaction_user_id as reaction1_14_1_, reactionus0_.reaction_id as reaction2_14_1_, reactionus0_.user_id as user_id3_14_1_ from reaction_user reactionus0_ where reactionus0_.reaction_id=?
Hibernate: select reactionus0_.reaction_id as reaction2_14_0_, reactionus0_.reaction_user_id as reaction1_14_0_, reactionus0_.reaction_user_id as reaction1_14_1_, reactionus0_.reaction_id as reaction2_14_1_, reactionus0_.user_id as user_id3_14_1_ from reaction_user reactionus0_ where reactionus0_.reaction_id=?
Hibernate: select reactionus0_.reaction_id as reaction2_14_0_, reactionus0_.reaction_user_id as reaction1_14_0_, reactionus0_.reaction_user_id as reaction1_14_1_, reactionus0_.reaction_id as reaction2_14_1_, reactionus0_.user_id as user_id3_14_1_ from reaction_user reactionus0_ where reactionus0_.reaction_id=?
Hibernate: select commentlis0_.board_id as board_id5_7_0_, commentlis0_.comment_id as comment_1_7_0_, commentlis0_.comment_id as comment_1_7_1_, commentlis0_.board_id as board_id5_7_1_, commentlis0_.comment_content as comment_2_7_1_, commentlis0_.comment_created_at as comment_3_7_1_, commentlis0_.comment_last_modified_at as comment_4_7_1_, commentlis0_.user_id as user_id6_7_1_ from comment commentlis0_ where commentlis0_.board_id=?
Hibernate: select boardlist0_.category_id as category7_4_0_, boardlist0_.board_id as board_id1_4_0_, boardlist0_.board_id as board_id1_4_1_, boardlist0_.category_id as category7_4_1_, boardlist0_.board_content as board_co2_4_1_, boardlist0_.board_created_at as board_cr3_4_1_, boardlist0_.board_last_modified_at as board_la4_4_1_, boardlist0_.board_title as board_ti5_4_1_, boardlist0_.user_id as user_id8_4_1_, boardlist0_.board_views as board_vi6_4_1_ from board boardlist0_ where boardlist0_.category_id=?
Hibernate: select count(comment0_.comment_id) as col_0_0_ from comment comment0_ where comment0_.board_id=?
Hibernate: select count(*) as col_0_0_ from board board0_
Hibernate: select imagepathl0_.board_board_id as board_bo1_11_0_, imagepathl0_.board_image_path_list as board_im2_11_0_ from image_path_list imagepathl0_ where imagepathl0_.board_board_id=?
Hibernate: select filename0_.filename_id as filename1_9_, filename0_.filename_origin as filename2_9_, filename0_.filename_uuid as filename3_9_ from filename filename0_ where filename0_.filename_uuid=?
Hibernate: select filepathli0_.board_board_id as board_bo1_8_0_, filepathli0_.board_file_path_list as board_fi2_8_0_ from file_path_list filepathli0_ where filepathli0_.board_board_id=?
Hibernate: select filename0_.filename_id as filename1_9_, filename0_.filename_origin as filename2_9_, filename0_.filename_uuid as filename3_9_ from filename filename0_ where filename0_.filename_uuid=?
Hibernate: select user0_.user_id as user_id1_21_0_, user0_.character_id as characte7_21_0_, user0_.user_created_at as user_cre2_21_0_, user0_.user_name as user_nam3_21_0_, user0_.user_phone_number as user_pho4_21_0_, user0_.user_user_id as user_use5_21_0_, user0_.user_user_password as user_use6_21_0_ from user user0_ where user0_.user_id=?
Hibernate: select character0_.character_id as characte1_6_0_, character0_.character_character_name as characte2_6_0_ from characters character0_ where character0_.character_id=?
Hibernate: select category0_.category_id as category1_5_, category0_.category_name as category2_5_ from category category0_
Hibernate: select boardlist0_.category_id as category7_4_0_, boardlist0_.board_id as board_id1_4_0_, boardlist0_.board_id as board_id1_4_1_, boardlist0_.category_id as category7_4_1_, boardlist0_.board_content as board_co2_4_1_, boardlist0_.board_created_at as board_cr3_4_1_, boardlist0_.board_last_modified_at as board_la4_4_1_, boardlist0_.board_title as board_ti5_4_1_, boardlist0_.user_id as user_id8_4_1_, boardlist0_.board_views as board_vi6_4_1_ from board boardlist0_ where boardlist0_.category_id=?
Hibernate: select boardlist0_.category_id as category7_4_0_, boardlist0_.board_id as board_id1_4_0_, boardlist0_.board_id as board_id1_4_1_, boardlist0_.category_id as category7_4_1_, boardlist0_.board_content as board_co2_4_1_, boardlist0_.board_created_at as board_cr3_4_1_, boardlist0_.board_last_modified_at as board_la4_4_1_, boardlist0_.board_title as board_ti5_4_1_, boardlist0_.user_id as user_id8_4_1_, boardlist0_.board_views as board_vi6_4_1_ from board boardlist0_ where boardlist0_.category_id=?
Hibernate: select boardlist0_.category_id as category7_4_0_, boardlist0_.board_id as board_id1_4_0_, boardlist0_.board_id as board_id1_4_1_, boardlist0_.category_id as category7_4_1_, boardlist0_.board_content as board_co2_4_1_, boardlist0_.board_created_at as board_cr3_4_1_, boardlist0_.board_last_modified_at as board_la4_4_1_, boardlist0_.board_title as board_ti5_4_1_, boardlist0_.user_id as user_id8_4_1_, boardlist0_.board_views as board_vi6_4_1_ from board boardlist0_ where boardlist0_.category_id=?
Hibernate: select U.* from USER U join BOARD B where U.USER_ID = B.USER_ID and B.BOARD_ID = ?
Hibernate: select count(*) as col_0_0_ from user user0_ where user0_.user_id=?
Hibernate: select character1_.character_id as characte1_6_, character1_.character_character_name as characte2_6_ from user user0_ inner join characters character1_ on user0_.character_id=character1_.character_id where user0_.user_id=?
Hibernate: select permission0_.character_id as characte6_12_0_, permission0_.permission_id as permissi1_12_0_, permission0_.permission_id as permissi1_12_1_, permission0_.character_id as characte6_12_1_, permission0_.permission_name as permissi2_12_1_, permission0_.permission_permission_unit_id as permissi3_12_1_, permission0_.permission_service as permissi4_12_1_, permission0_.permission_status as permissi5_12_1_ from permission permission0_ where permission0_.character_id=?
Hibernate: select count(*) as col_0_0_ from board board0_ where board0_.board_id=?
Hibernate: select user0_.user_id as col_0_0_ from user user0_ where user0_.user_user_id=? limit ?
Hibernate: select user0_.user_id as col_0_0_ from user user0_ where user0_.user_user_id=? limit ?
Hibernate: select U.* from USER U where U.USER_USER_ID =?
Hibernate: select character0_.character_id as characte1_6_0_, character0_.character_character_name as characte2_6_0_ from characters character0_ where character0_.character_id=?
Hibernate: select user0_.user_id as user_id1_21_0_, user0_.character_id as characte7_21_0_, user0_.user_created_at as user_cre2_21_0_, user0_.user_name as user_nam3_21_0_, user0_.user_phone_number as user_pho4_21_0_, user0_.user_user_id as user_use5_21_0_, user0_.user_user_password as user_use6_21_0_ from user user0_ where user0_.user_id=?
Hibernate: select character0_.character_id as characte1_6_0_, character0_.character_character_name as characte2_6_0_ from characters character0_ where character0_.character_id=?
Hibernate: select count(*) as col_0_0_ from board board0_
Hibernate: select board0_.board_id as board_id1_4_, board0_.category_id as category7_4_, board0_.board_content as board_co2_4_, board0_.board_created_at as board_cr3_4_, board0_.board_last_modified_at as board_la4_4_, board0_.board_title as board_ti5_4_, board0_.user_id as user_id8_4_, board0_.board_views as board_vi6_4_ from board board0_ limit ?
Hibernate: select category0_.category_id as category1_5_0_, category0_.category_name as category2_5_0_ from category category0_ where category0_.category_id=?
Hibernate: select reactionli0_.board_id as board_id3_13_0_, reactionli0_.reaction_id as reaction1_13_0_, reactionli0_.reaction_id as reaction1_13_1_, reactionli0_.board_id as board_id3_13_1_, reactionli0_.reaction_type as reaction2_13_1_ from reaction reactionli0_ where reactionli0_.board_id=?
Hibernate: select reactionus0_.reaction_id as reaction2_14_0_, reactionus0_.reaction_user_id as reaction1_14_0_, reactionus0_.reaction_user_id as reaction1_14_1_, reactionus0_.reaction_id as reaction2_14_1_, reactionus0_.user_id as user_id3_14_1_ from reaction_user reactionus0_ where reactionus0_.reaction_id=?
Hibernate: select reactionus0_.reaction_id as reaction2_14_0_, reactionus0_.reaction_user_id as reaction1_14_0_, reactionus0_.reaction_user_id as reaction1_14_1_, reactionus0_.reaction_id as reaction2_14_1_, reactionus0_.user_id as user_id3_14_1_ from reaction_user reactionus0_ where reactionus0_.reaction_id=?
Hibernate: select reactionus0_.reaction_id as reaction2_14_0_, reactionus0_.reaction_user_id as reaction1_14_0_, reactionus0_.reaction_user_id as reaction1_14_1_, reactionus0_.reaction_id as reaction2_14_1_, reactionus0_.user_id as user_id3_14_1_ from reaction_user reactionus0_ where reactionus0_.reaction_id=?
Hibernate: select reactionus0_.reaction_id as reaction2_14_0_, reactionus0_.reaction_user_id as reaction1_14_0_, reactionus0_.reaction_user_id as reaction1_14_1_, reactionus0_.reaction_id as reaction2_14_1_, reactionus0_.user_id as user_id3_14_1_ from reaction_user reactionus0_ where reactionus0_.reaction_id=?
Hibernate: select reactionus0_.reaction_id as reaction2_14_0_, reactionus0_.reaction_user_id as reaction1_14_0_, reactionus0_.reaction_user_id as reaction1_14_1_, reactionus0_.reaction_id as reaction2_14_1_, reactionus0_.user_id as user_id3_14_1_ from reaction_user reactionus0_ where reactionus0_.reaction_id=?
Hibernate: select reactionus0_.reaction_id as reaction2_14_0_, reactionus0_.reaction_user_id as reaction1_14_0_, reactionus0_.reaction_user_id as reaction1_14_1_, reactionus0_.reaction_id as reaction2_14_1_, reactionus0_.user_id as user_id3_14_1_ from reaction_user reactionus0_ where reactionus0_.reaction_id=?
Hibernate: select commentlis0_.board_id as board_id5_7_0_, commentlis0_.comment_id as comment_1_7_0_, commentlis0_.comment_id as comment_1_7_1_, commentlis0_.board_id as board_id5_7_1_, commentlis0_.comment_content as comment_2_7_1_, commentlis0_.comment_created_at as comment_3_7_1_, commentlis0_.comment_last_modified_at as comment_4_7_1_, commentlis0_.user_id as user_id6_7_1_ from comment commentlis0_ where commentlis0_.board_id=?
Hibernate: select boardlist0_.category_id as category7_4_0_, boardlist0_.board_id as board_id1_4_0_, boardlist0_.board_id as board_id1_4_1_, boardlist0_.category_id as category7_4_1_, boardlist0_.board_content as board_co2_4_1_, boardlist0_.board_created_at as board_cr3_4_1_, boardlist0_.board_last_modified_at as board_la4_4_1_, boardlist0_.board_title as board_ti5_4_1_, boardlist0_.user_id as user_id8_4_1_, boardlist0_.board_views as board_vi6_4_1_ from board boardlist0_ where boardlist0_.category_id=?
Hibernate: select count(comment0_.comment_id) as col_0_0_ from comment comment0_ where comment0_.board_id=?
Hibernate: select count(*) as col_0_0_ from board board0_
Hibernate: select imagepathl0_.board_board_id as board_bo1_11_0_, imagepathl0_.board_image_path_list as board_im2_11_0_ from image_path_list imagepathl0_ where imagepathl0_.board_board_id=?
Hibernate: select filename0_.filename_id as filename1_9_, filename0_.filename_origin as filename2_9_, filename0_.filename_uuid as filename3_9_ from filename filename0_ where filename0_.filename_uuid=?
Hibernate: select filepathli0_.board_board_id as board_bo1_8_0_, filepathli0_.board_file_path_list as board_fi2_8_0_ from file_path_list filepathli0_ where filepathli0_.board_board_id=?
Hibernate: select filename0_.filename_id as filename1_9_, filename0_.filename_origin as filename2_9_, filename0_.filename_uuid as filename3_9_ from filename filename0_ where filename0_.filename_uuid=?
Hibernate: select U.* from USER U join BOARD B where U.USER_ID = B.USER_ID and B.BOARD_ID = ?
Hibernate: select character0_.character_id as characte1_6_0_, character0_.character_character_name as characte2_6_0_ from characters character0_ where character0_.character_id=?
Hibernate: select count(*) as col_0_0_ from user user0_ where user0_.user_id=?
Hibernate: select character1_.character_id as characte1_6_, character1_.character_character_name as characte2_6_ from user user0_ inner join characters character1_ on user0_.character_id=character1_.character_id where user0_.user_id=?
Hibernate: select permission0_.character_id as characte6_12_0_, permission0_.permission_id as permissi1_12_0_, permission0_.permission_id as permissi1_12_1_, permission0_.character_id as characte6_12_1_, permission0_.permission_name as permissi2_12_1_, permission0_.permission_permission_unit_id as permissi3_12_1_, permission0_.permission_service as permissi4_12_1_, permission0_.permission_status as permissi5_12_1_ from permission permission0_ where permission0_.character_id=?
Hibernate: select count(*) as col_0_0_ from board board0_ where board0_.board_id=?
Hibernate: select board0_.board_id as board_id1_4_0_, board0_.category_id as category7_4_0_, board0_.board_content as board_co2_4_0_, board0_.board_created_at as board_cr3_4_0_, board0_.board_last_modified_at as board_la4_4_0_, board0_.board_title as board_ti5_4_0_, board0_.user_id as user_id8_4_0_, board0_.board_views as board_vi6_4_0_ from board board0_ where board0_.board_id=?
Hibernate: select category0_.category_id as category1_5_0_, category0_.category_name as category2_5_0_ from category category0_ where category0_.category_id=?
Hibernate: select reactionli0_.board_id as board_id3_13_0_, reactionli0_.reaction_id as reaction1_13_0_, reactionli0_.reaction_id as reaction1_13_1_, reactionli0_.board_id as board_id3_13_1_, reactionli0_.reaction_type as reaction2_13_1_ from reaction reactionli0_ where reactionli0_.board_id=?
Hibernate: select reactionus0_.reaction_id as reaction2_14_0_, reactionus0_.reaction_user_id as reaction1_14_0_, reactionus0_.reaction_user_id as reaction1_14_1_, reactionus0_.reaction_id as reaction2_14_1_, reactionus0_.user_id as user_id3_14_1_ from reaction_user reactionus0_ where reactionus0_.reaction_id=?
Hibernate: select reactionus0_.reaction_id as reaction2_14_0_, reactionus0_.reaction_user_id as reaction1_14_0_, reactionus0_.reaction_user_id as reaction1_14_1_, reactionus0_.reaction_id as reaction2_14_1_, reactionus0_.user_id as user_id3_14_1_ from reaction_user reactionus0_ where reactionus0_.reaction_id=?
Hibernate: select reactionus0_.reaction_id as reaction2_14_0_, reactionus0_.reaction_user_id as reaction1_14_0_, reactionus0_.reaction_user_id as reaction1_14_1_, reactionus0_.reaction_id as reaction2_14_1_, reactionus0_.user_id as user_id3_14_1_ from reaction_user reactionus0_ where reactionus0_.reaction_id=?
Hibernate: select reactionus0_.reaction_id as reaction2_14_0_, reactionus0_.reaction_user_id as reaction1_14_0_, reactionus0_.reaction_user_id as reaction1_14_1_, reactionus0_.reaction_id as reaction2_14_1_, reactionus0_.user_id as user_id3_14_1_ from reaction_user reactionus0_ where reactionus0_.reaction_id=?
Hibernate: select reactionus0_.reaction_id as reaction2_14_0_, reactionus0_.reaction_user_id as reaction1_14_0_, reactionus0_.reaction_user_id as reaction1_14_1_, reactionus0_.reaction_id as reaction2_14_1_, reactionus0_.user_id as user_id3_14_1_ from reaction_user reactionus0_ where reactionus0_.reaction_id=?
Hibernate: select reactionus0_.reaction_id as reaction2_14_0_, reactionus0_.reaction_user_id as reaction1_14_0_, reactionus0_.reaction_user_id as reaction1_14_1_, reactionus0_.reaction_id as reaction2_14_1_, reactionus0_.user_id as user_id3_14_1_ from reaction_user reactionus0_ where reactionus0_.reaction_id=?
Hibernate: select commentlis0_.board_id as board_id5_7_0_, commentlis0_.comment_id as comment_1_7_0_, commentlis0_.comment_id as comment_1_7_1_, commentlis0_.board_id as board_id5_7_1_, commentlis0_.comment_content as comment_2_7_1_, commentlis0_.comment_created_at as comment_3_7_1_, commentlis0_.comment_last_modified_at as comment_4_7_1_, commentlis0_.user_id as user_id6_7_1_ from comment commentlis0_ where commentlis0_.board_id=?
Hibernate: select boardlist0_.category_id as category7_4_0_, boardlist0_.board_id as board_id1_4_0_, boardlist0_.board_id as board_id1_4_1_, boardlist0_.category_id as category7_4_1_, boardlist0_.board_content as board_co2_4_1_, boardlist0_.board_created_at as board_cr3_4_1_, boardlist0_.board_last_modified_at as board_la4_4_1_, boardlist0_.board_title as board_ti5_4_1_, boardlist0_.user_id as user_id8_4_1_, boardlist0_.board_views as board_vi6_4_1_ from board boardlist0_ where boardlist0_.category_id=?
Hibernate: select count(comment0_.comment_id) as col_0_0_ from comment comment0_ where comment0_.board_id=?
Hibernate: update board set category_id=?, board_content=?, board_created_at=?, board_last_modified_at=?, board_title=?, user_id=?, board_views=? where board_id=?
Hibernate: select filepathli0_.board_board_id as board_bo1_8_0_, filepathli0_.board_file_path_list as board_fi2_8_0_ from file_path_list filepathli0_ where filepathli0_.board_board_id=?
Hibernate: select filename0_.filename_id as filename1_9_, filename0_.filename_origin as filename2_9_, filename0_.filename_uuid as filename3_9_ from filename filename0_ where filename0_.filename_uuid=?
Hibernate: delete from filename where filename_id=?
Hibernate: select imagepathl0_.board_board_id as board_bo1_11_0_, imagepathl0_.board_image_path_list as board_im2_11_0_ from image_path_list imagepathl0_ where imagepathl0_.board_board_id=?
Hibernate: select filename0_.filename_id as filename1_9_, filename0_.filename_origin as filename2_9_, filename0_.filename_uuid as filename3_9_ from filename filename0_ where filename0_.filename_uuid=?
Hibernate: delete from filename where filename_id=?
Hibernate: select count(*) as col_0_0_ from board board0_ where board0_.board_id=?
Hibernate: delete from file_path_list where board_board_id=?
Hibernate: delete from image_path_list where board_board_id=?
Hibernate: delete from reaction where reaction_id=?
Hibernate: delete from reaction where reaction_id=?
Hibernate: delete from reaction where reaction_id=?
Hibernate: delete from reaction where reaction_id=?
Hibernate: delete from reaction where reaction_id=?
Hibernate: delete from reaction where reaction_id=?
Hibernate: delete from board where board_id=?
Hibernate: select user0_.user_id as user_id1_21_0_, user0_.character_id as characte7_21_0_, user0_.user_created_at as user_cre2_21_0_, user0_.user_name as user_nam3_21_0_, user0_.user_phone_number as user_pho4_21_0_, user0_.user_user_id as user_use5_21_0_, user0_.user_user_password as user_use6_21_0_ from user user0_ where user0_.user_id=?
Hibernate: select character0_.character_id as characte1_6_0_, character0_.character_character_name as characte2_6_0_ from characters character0_ where character0_.character_id=?
Hibernate: select count(*) as col_0_0_ from user user0_ where user0_.user_id=?
Hibernate: select character1_.character_id as characte1_6_, character1_.character_character_name as characte2_6_ from user user0_ inner join characters character1_ on user0_.character_id=character1_.character_id where user0_.user_id=?
Hibernate: select permission0_.character_id as characte6_12_0_, permission0_.permission_id as permissi1_12_0_, permission0_.permission_id as permissi1_12_1_, permission0_.character_id as characte6_12_1_, permission0_.permission_name as permissi2_12_1_, permission0_.permission_permission_unit_id as permissi3_12_1_, permission0_.permission_service as permissi4_12_1_, permission0_.permission_status as permissi5_12_1_ from permission permission0_ where permission0_.character_id=?
Hibernate: select count(*) as col_0_0_ from board board0_ where board0_.board_id=?
Hibernate: select user0_.user_id as col_0_0_ from user user0_ where user0_.user_user_id=? limit ?
Hibernate: select user0_.user_id as col_0_0_ from user user0_ where user0_.user_user_id=? limit ?
Hibernate: select U.* from USER U where U.USER_USER_ID =?
Hibernate: select character0_.character_id as characte1_6_0_, character0_.character_character_name as characte2_6_0_ from characters character0_ where character0_.character_id=?
Hibernate: select user0_.user_id as user_id1_21_0_, user0_.character_id as characte7_21_0_, user0_.user_created_at as user_cre2_21_0_, user0_.user_name as user_nam3_21_0_, user0_.user_phone_number as user_pho4_21_0_, user0_.user_user_id as user_use5_21_0_, user0_.user_user_password as user_use6_21_0_ from user user0_ where user0_.user_id=?
Hibernate: select character0_.character_id as characte1_6_0_, character0_.character_character_name as characte2_6_0_ from characters character0_ where character0_.character_id=?
Hibernate: select category0_.category_id as category1_5_, category0_.category_name as category2_5_ from category category0_
Hibernate: select boardlist0_.category_id as category7_4_0_, boardlist0_.board_id as board_id1_4_0_, boardlist0_.board_id as board_id1_4_1_, boardlist0_.category_id as category7_4_1_, boardlist0_.board_content as board_co2_4_1_, boardlist0_.board_created_at as board_cr3_4_1_, boardlist0_.board_last_modified_at as board_la4_4_1_, boardlist0_.board_title as board_ti5_4_1_, boardlist0_.user_id as user_id8_4_1_, boardlist0_.board_views as board_vi6_4_1_ from board boardlist0_ where boardlist0_.category_id=?
Hibernate: select boardlist0_.category_id as category7_4_0_, boardlist0_.board_id as board_id1_4_0_, boardlist0_.board_id as board_id1_4_1_, boardlist0_.category_id as category7_4_1_, boardlist0_.board_content as board_co2_4_1_, boardlist0_.board_created_at as board_cr3_4_1_, boardlist0_.board_last_modified_at as board_la4_4_1_, boardlist0_.board_title as board_ti5_4_1_, boardlist0_.user_id as user_id8_4_1_, boardlist0_.board_views as board_vi6_4_1_ from board boardlist0_ where boardlist0_.category_id=?
Hibernate: select boardlist0_.category_id as category7_4_0_, boardlist0_.board_id as board_id1_4_0_, boardlist0_.board_id as board_id1_4_1_, boardlist0_.category_id as category7_4_1_, boardlist0_.board_content as board_co2_4_1_, boardlist0_.board_created_at as board_cr3_4_1_, boardlist0_.board_last_modified_at as board_la4_4_1_, boardlist0_.board_title as board_ti5_4_1_, boardlist0_.user_id as user_id8_4_1_, boardlist0_.board_views as board_vi6_4_1_ from board boardlist0_ where boardlist0_.category_id=?
Hibernate: select user0_.user_id as user_id1_21_0_, user0_.character_id as characte7_21_0_, user0_.user_created_at as user_cre2_21_0_, user0_.user_name as user_nam3_21_0_, user0_.user_phone_number as user_pho4_21_0_, user0_.user_user_id as user_use5_21_0_, user0_.user_user_password as user_use6_21_0_ from user user0_ where user0_.user_id=?
Hibernate: select character0_.character_id as characte1_6_0_, character0_.character_character_name as characte2_6_0_ from characters character0_ where character0_.character_id=?
Hibernate: select count(*) as col_0_0_ from user user0_ where user0_.user_id=?
Hibernate: select character1_.character_id as characte1_6_, character1_.character_character_name as characte2_6_ from user user0_ inner join characters character1_ on user0_.character_id=character1_.character_id where user0_.user_id=?
Hibernate: select permission0_.character_id as characte6_12_0_, permission0_.permission_id as permissi1_12_0_, permission0_.permission_id as permissi1_12_1_, permission0_.character_id as characte6_12_1_, permission0_.permission_name as permissi2_12_1_, permission0_.permission_permission_unit_id as permissi3_12_1_, permission0_.permission_service as permissi4_12_1_, permission0_.permission_status as permissi5_12_1_ from permission permission0_ where permission0_.character_id=?
Hibernate: select count(*) as col_0_0_ from category category0_ where category0_.category_id=?
Hibernate: select count(board0_.board_id) as col_0_0_ from board board0_ where board0_.category_id=?
Hibernate: select category0_.category_id as category1_5_0_, category0_.category_name as category2_5_0_ from category category0_ where category0_.category_id=?
Hibernate: select boardlist0_.category_id as category7_4_0_, boardlist0_.board_id as board_id1_4_0_, boardlist0_.board_id as board_id1_4_1_, boardlist0_.category_id as category7_4_1_, boardlist0_.board_content as board_co2_4_1_, boardlist0_.board_created_at as board_cr3_4_1_, boardlist0_.board_last_modified_at as board_la4_4_1_, boardlist0_.board_title as board_ti5_4_1_, boardlist0_.user_id as user_id8_4_1_, boardlist0_.board_views as board_vi6_4_1_ from board boardlist0_ where boardlist0_.category_id=?
Hibernate: delete from category where category_id=?
Hibernate: select user0_.user_id as user_id1_21_0_, user0_.character_id as characte7_21_0_, user0_.user_created_at as user_cre2_21_0_, user0_.user_name as user_nam3_21_0_, user0_.user_phone_number as user_pho4_21_0_, user0_.user_user_id as user_use5_21_0_, user0_.user_user_password as user_use6_21_0_ from user user0_ where user0_.user_id=?
Hibernate: select character0_.character_id as characte1_6_0_, character0_.character_character_name as characte2_6_0_ from characters character0_ where character0_.character_id=?
Hibernate: select count(*) as col_0_0_ from user user0_ where user0_.user_id=?
Hibernate: select character1_.character_id as characte1_6_, character1_.character_character_name as characte2_6_ from user user0_ inner join characters character1_ on user0_.character_id=character1_.character_id where user0_.user_id=?
Hibernate: select permission0_.character_id as characte6_12_0_, permission0_.permission_id as permissi1_12_0_, permission0_.permission_id as permissi1_12_1_, permission0_.character_id as characte6_12_1_, permission0_.permission_name as permissi2_12_1_, permission0_.permission_permission_unit_id as permissi3_12_1_, permission0_.permission_service as permissi4_12_1_, permission0_.permission_status as permissi5_12_1_ from permission permission0_ where permission0_.character_id=?
Hibernate: select count(*) as col_0_0_ from category category0_ where category0_.category_id=?
Hibernate: select count(board0_.board_id) as col_0_0_ from board board0_ where board0_.category_id=?
Hibernate: select category0_.category_id as category1_5_0_, category0_.category_name as category2_5_0_ from category category0_ where category0_.category_id=?
Hibernate: select boardlist0_.category_id as category7_4_0_, boardlist0_.board_id as board_id1_4_0_, boardlist0_.board_id as board_id1_4_1_, boardlist0_.category_id as category7_4_1_, boardlist0_.board_content as board_co2_4_1_, boardlist0_.board_created_at as board_cr3_4_1_, boardlist0_.board_last_modified_at as board_la4_4_1_, boardlist0_.board_title as board_ti5_4_1_, boardlist0_.user_id as user_id8_4_1_, boardlist0_.board_views as board_vi6_4_1_ from board boardlist0_ where boardlist0_.category_id=?
Hibernate: delete from category where category_id=?
Hibernate: select user0_.user_id as user_id1_21_0_, user0_.character_id as characte7_21_0_, user0_.user_created_at as user_cre2_21_0_, user0_.user_name as user_nam3_21_0_, user0_.user_phone_number as user_pho4_21_0_, user0_.user_user_id as user_use5_21_0_, user0_.user_user_password as user_use6_21_0_ from user user0_ where user0_.user_id=?
Hibernate: select character0_.character_id as characte1_6_0_, character0_.character_character_name as characte2_6_0_ from characters character0_ where character0_.character_id=?
Hibernate: select count(*) as col_0_0_ from user user0_ where user0_.user_id=?
Hibernate: select character1_.character_id as characte1_6_, character1_.character_character_name as characte2_6_ from user user0_ inner join characters character1_ on user0_.character_id=character1_.character_id where user0_.user_id=?
Hibernate: select permission0_.character_id as characte6_12_0_, permission0_.permission_id as permissi1_12_0_, permission0_.permission_id as permissi1_12_1_, permission0_.character_id as characte6_12_1_, permission0_.permission_name as permissi2_12_1_, permission0_.permission_permission_unit_id as permissi3_12_1_, permission0_.permission_service as permissi4_12_1_, permission0_.permission_status as permissi5_12_1_ from permission permission0_ where permission0_.character_id=?
Hibernate: select count(*) as col_0_0_ from category category0_ where category0_.category_id=?
Hibernate: select count(board0_.board_id) as col_0_0_ from board board0_ where board0_.category_id=?
Hibernate: select category0_.category_id as category1_5_0_, category0_.category_name as category2_5_0_ from category category0_ where category0_.category_id=?
Hibernate: select boardlist0_.category_id as category7_4_0_, boardlist0_.board_id as board_id1_4_0_, boardlist0_.board_id as board_id1_4_1_, boardlist0_.category_id as category7_4_1_, boardlist0_.board_content as board_co2_4_1_, boardlist0_.board_created_at as board_cr3_4_1_, boardlist0_.board_last_modified_at as board_la4_4_1_, boardlist0_.board_title as board_ti5_4_1_, boardlist0_.user_id as user_id8_4_1_, boardlist0_.board_views as board_vi6_4_1_ from board boardlist0_ where boardlist0_.category_id=?
Hibernate: delete from category where category_id=?
Hibernate: select user0_.user_id as user_id1_21_0_, user0_.character_id as characte7_21_0_, user0_.user_created_at as user_cre2_21_0_, user0_.user_name as user_nam3_21_0_, user0_.user_phone_number as user_pho4_21_0_, user0_.user_user_id as user_use5_21_0_, user0_.user_user_password as user_use6_21_0_ from user user0_ where user0_.user_id=?
Hibernate: select character0_.character_id as characte1_6_0_, character0_.character_character_name as characte2_6_0_ from characters character0_ where character0_.character_id=?
Hibernate: select count(*) as col_0_0_ from user user0_ where user0_.user_id=?
Hibernate: select character1_.character_id as characte1_6_, character1_.character_character_name as characte2_6_ from user user0_ inner join characters character1_ on user0_.character_id=character1_.character_id where user0_.user_id=?
Hibernate: select permission0_.character_id as characte6_12_0_, permission0_.permission_id as permissi1_12_0_, permission0_.permission_id as permissi1_12_1_, permission0_.character_id as characte6_12_1_, permission0_.permission_name as permissi2_12_1_, permission0_.permission_permission_unit_id as permissi3_12_1_, permission0_.permission_service as permissi4_12_1_, permission0_.permission_status as permissi5_12_1_ from permission permission0_ where permission0_.character_id=?
Hibernate: select category0_.category_id as col_0_0_ from category category0_ where category0_.category_name=? limit ?
Hibernate: select category0_.category_id as category1_5_1_, category0_.category_name as category2_5_1_, boardlist1_.category_id as category7_4_3_, boardlist1_.board_id as board_id1_4_3_, boardlist1_.board_id as board_id1_4_0_, boardlist1_.category_id as category7_4_0_, boardlist1_.board_content as board_co2_4_0_, boardlist1_.board_created_at as board_cr3_4_0_, boardlist1_.board_last_modified_at as board_la4_4_0_, boardlist1_.board_title as board_ti5_4_0_, boardlist1_.user_id as user_id8_4_0_, boardlist1_.board_views as board_vi6_4_0_ from category category0_ left outer join board boardlist1_ on category0_.category_id=boardlist1_.category_id where category0_.category_id=?
Hibernate: insert into category (category_id, category_name) values (default, ?)
Hibernate: select user0_.user_id as user_id1_21_0_, user0_.character_id as characte7_21_0_, user0_.user_created_at as user_cre2_21_0_, user0_.user_name as user_nam3_21_0_, user0_.user_phone_number as user_pho4_21_0_, user0_.user_user_id as user_use5_21_0_, user0_.user_user_password as user_use6_21_0_ from user user0_ where user0_.user_id=?
Hibernate: select character0_.character_id as characte1_6_0_, character0_.character_character_name as characte2_6_0_ from characters character0_ where character0_.character_id=?
Hibernate: select count(*) as col_0_0_ from user user0_ where user0_.user_id=?
Hibernate: select character1_.character_id as characte1_6_, character1_.character_character_name as characte2_6_ from user user0_ inner join characters character1_ on user0_.character_id=character1_.character_id where user0_.user_id=?
Hibernate: select permission0_.character_id as characte6_12_0_, permission0_.permission_id as permissi1_12_0_, permission0_.permission_id as permissi1_12_1_, permission0_.character_id as characte6_12_1_, permission0_.permission_name as permissi2_12_1_, permission0_.permission_permission_unit_id as permissi3_12_1_, permission0_.permission_service as permissi4_12_1_, permission0_.permission_status as permissi5_12_1_ from permission permission0_ where permission0_.character_id=?
Hibernate: select category0_.category_id as col_0_0_ from category category0_ where category0_.category_name=? limit ?
Hibernate: select category0_.category_id as category1_5_1_, category0_.category_name as category2_5_1_, boardlist1_.category_id as category7_4_3_, boardlist1_.board_id as board_id1_4_3_, boardlist1_.board_id as board_id1_4_0_, boardlist1_.category_id as category7_4_0_, boardlist1_.board_content as board_co2_4_0_, boardlist1_.board_created_at as board_cr3_4_0_, boardlist1_.board_last_modified_at as board_la4_4_0_, boardlist1_.board_title as board_ti5_4_0_, boardlist1_.user_id as user_id8_4_0_, boardlist1_.board_views as board_vi6_4_0_ from category category0_ left outer join board boardlist1_ on category0_.category_id=boardlist1_.category_id where category0_.category_id=?
Hibernate: insert into category (category_id, category_name) values (default, ?)
Hibernate: select user0_.user_id as col_0_0_ from user user0_ where user0_.user_user_id=? limit ?
Hibernate: select user0_.user_id as col_0_0_ from user user0_ where user0_.user_user_id=? limit ?
Hibernate: select U.* from USER U where U.USER_USER_ID =?
Hibernate: select character0_.character_id as characte1_6_0_, character0_.character_character_name as characte2_6_0_ from characters character0_ where character0_.character_id=?
Hibernate: select user0_.user_id as col_0_0_ from user user0_ where user0_.user_user_id=? limit ?
Hibernate: select user0_.user_id as col_0_0_ from user user0_ where user0_.user_user_id=? limit ?
Hibernate: select U.* from USER U where U.USER_USER_ID =?
Hibernate: select character0_.character_id as characte1_6_0_, character0_.character_character_name as characte2_6_0_ from characters character0_ where character0_.character_id=?
Hibernate: select user0_.user_id as user_id1_21_0_, user0_.character_id as characte7_21_0_, user0_.user_created_at as user_cre2_21_0_, user0_.user_name as user_nam3_21_0_, user0_.user_phone_number as user_pho4_21_0_, user0_.user_user_id as user_use5_21_0_, user0_.user_user_password as user_use6_21_0_ from user user0_ where user0_.user_id=?
Hibernate: select character0_.character_id as characte1_6_0_, character0_.character_character_name as characte2_6_0_ from characters character0_ where character0_.character_id=?
Hibernate: select count(*) as col_0_0_ from board board0_
Hibernate: select count(*) as col_0_0_ from board board0_
Hibernate: select user0_.user_id as col_0_0_ from user user0_ where user0_.user_user_id=? limit ?
Hibernate: select user0_.user_id as col_0_0_ from user user0_ where user0_.user_user_id=? limit ?
Hibernate: select U.* from USER U where U.USER_USER_ID =?
Hibernate: select character0_.character_id as characte1_6_0_, character0_.character_character_name as characte2_6_0_ from characters character0_ where character0_.character_id=?
Hibernate: select user0_.user_id as user_id1_21_0_, user0_.character_id as characte7_21_0_, user0_.user_created_at as user_cre2_21_0_, user0_.user_name as user_nam3_21_0_, user0_.user_phone_number as user_pho4_21_0_, user0_.user_user_id as user_use5_21_0_, user0_.user_user_password as user_use6_21_0_ from user user0_ where user0_.user_id=?
Hibernate: select character0_.character_id as characte1_6_0_, character0_.character_character_name as characte2_6_0_ from characters character0_ where character0_.character_id=?
Hibernate: select category0_.category_id as category1_5_, category0_.category_name as category2_5_ from category category0_
Hibernate: select boardlist0_.category_id as category7_4_0_, boardlist0_.board_id as board_id1_4_0_, boardlist0_.board_id as board_id1_4_1_, boardlist0_.category_id as category7_4_1_, boardlist0_.board_content as board_co2_4_1_, boardlist0_.board_created_at as board_cr3_4_1_, boardlist0_.board_last_modified_at as board_la4_4_1_, boardlist0_.board_title as board_ti5_4_1_, boardlist0_.user_id as user_id8_4_1_, boardlist0_.board_views as board_vi6_4_1_ from board boardlist0_ where boardlist0_.category_id=?
Hibernate: select boardlist0_.category_id as category7_4_0_, boardlist0_.board_id as board_id1_4_0_, boardlist0_.board_id as board_id1_4_1_, boardlist0_.category_id as category7_4_1_, boardlist0_.board_content as board_co2_4_1_, boardlist0_.board_created_at as board_cr3_4_1_, boardlist0_.board_last_modified_at as board_la4_4_1_, boardlist0_.board_title as board_ti5_4_1_, boardlist0_.user_id as user_id8_4_1_, boardlist0_.board_views as board_vi6_4_1_ from board boardlist0_ where boardlist0_.category_id=?
Hibernate: select user0_.user_id as user_id1_21_0_, user0_.character_id as characte7_21_0_, user0_.user_created_at as user_cre2_21_0_, user0_.user_name as user_nam3_21_0_, user0_.user_phone_number as user_pho4_21_0_, user0_.user_user_id as user_use5_21_0_, user0_.user_user_password as user_use6_21_0_ from user user0_ where user0_.user_id=?
Hibernate: select character0_.character_id as characte1_6_0_, character0_.character_character_name as characte2_6_0_ from characters character0_ where character0_.character_id=?
Hibernate: select count(*) as col_0_0_ from user user0_ where user0_.user_id=?
Hibernate: select character1_.character_id as characte1_6_, character1_.character_character_name as characte2_6_ from user user0_ inner join characters character1_ on user0_.character_id=character1_.character_id where user0_.user_id=?
Hibernate: select permission0_.character_id as characte6_12_0_, permission0_.permission_id as permissi1_12_0_, permission0_.permission_id as permissi1_12_1_, permission0_.character_id as characte6_12_1_, permission0_.permission_name as permissi2_12_1_, permission0_.permission_permission_unit_id as permissi3_12_1_, permission0_.permission_service as permissi4_12_1_, permission0_.permission_status as permissi5_12_1_ from permission permission0_ where permission0_.character_id=?
Hibernate: select count(*) as col_0_0_ from category category0_ where category0_.category_id=?
Hibernate: select count(board0_.board_id) as col_0_0_ from board board0_ where board0_.category_id=?
Hibernate: select category0_.category_id as category1_5_0_, category0_.category_name as category2_5_0_ from category category0_ where category0_.category_id=?
Hibernate: select boardlist0_.category_id as category7_4_0_, boardlist0_.board_id as board_id1_4_0_, boardlist0_.board_id as board_id1_4_1_, boardlist0_.category_id as category7_4_1_, boardlist0_.board_content as board_co2_4_1_, boardlist0_.board_created_at as board_cr3_4_1_, boardlist0_.board_last_modified_at as board_la4_4_1_, boardlist0_.board_title as board_ti5_4_1_, boardlist0_.user_id as user_id8_4_1_, boardlist0_.board_views as board_vi6_4_1_ from board boardlist0_ where boardlist0_.category_id=?
Hibernate: delete from category where category_id=?
Hibernate: select user0_.user_id as user_id1_21_0_, user0_.character_id as characte7_21_0_, user0_.user_created_at as user_cre2_21_0_, user0_.user_name as user_nam3_21_0_, user0_.user_phone_number as user_pho4_21_0_, user0_.user_user_id as user_use5_21_0_, user0_.user_user_password as user_use6_21_0_ from user user0_ where user0_.user_id=?
Hibernate: select character0_.character_id as characte1_6_0_, character0_.character_character_name as characte2_6_0_ from characters character0_ where character0_.character_id=?
Hibernate: select count(*) as col_0_0_ from user user0_ where user0_.user_id=?
Hibernate: select character1_.character_id as characte1_6_, character1_.character_character_name as characte2_6_ from user user0_ inner join characters character1_ on user0_.character_id=character1_.character_id where user0_.user_id=?
Hibernate: select permission0_.character_id as characte6_12_0_, permission0_.permission_id as permissi1_12_0_, permission0_.permission_id as permissi1_12_1_, permission0_.character_id as characte6_12_1_, permission0_.permission_name as permissi2_12_1_, permission0_.permission_permission_unit_id as permissi3_12_1_, permission0_.permission_service as permissi4_12_1_, permission0_.permission_status as permissi5_12_1_ from permission permission0_ where permission0_.character_id=?
Hibernate: select count(*) as col_0_0_ from category category0_ where category0_.category_id=?
Hibernate: select count(board0_.board_id) as col_0_0_ from board board0_ where board0_.category_id=?
Hibernate: select category0_.category_id as category1_5_0_, category0_.category_name as category2_5_0_ from category category0_ where category0_.category_id=?
Hibernate: select boardlist0_.category_id as category7_4_0_, boardlist0_.board_id as board_id1_4_0_, boardlist0_.board_id as board_id1_4_1_, boardlist0_.category_id as category7_4_1_, boardlist0_.board_content as board_co2_4_1_, boardlist0_.board_created_at as board_cr3_4_1_, boardlist0_.board_last_modified_at as board_la4_4_1_, boardlist0_.board_title as board_ti5_4_1_, boardlist0_.user_id as user_id8_4_1_, boardlist0_.board_views as board_vi6_4_1_ from board boardlist0_ where boardlist0_.category_id=?
Hibernate: delete from category where category_id=?
Hibernate: select user0_.user_id as user_id1_21_0_, user0_.character_id as characte7_21_0_, user0_.user_created_at as user_cre2_21_0_, user0_.user_name as user_nam3_21_0_, user0_.user_phone_number as user_pho4_21_0_, user0_.user_user_id as user_use5_21_0_, user0_.user_user_password as user_use6_21_0_ from user user0_ where user0_.user_id=?
Hibernate: select character0_.character_id as characte1_6_0_, character0_.character_character_name as characte2_6_0_ from characters character0_ where character0_.character_id=?
Hibernate: select count(*) as col_0_0_ from user user0_ where user0_.user_id=?
Hibernate: select character1_.character_id as characte1_6_, character1_.character_character_name as characte2_6_ from user user0_ inner join characters character1_ on user0_.character_id=character1_.character_id where user0_.user_id=?
Hibernate: select permission0_.character_id as characte6_12_0_, permission0_.permission_id as permissi1_12_0_, permission0_.permission_id as permissi1_12_1_, permission0_.character_id as characte6_12_1_, permission0_.permission_name as permissi2_12_1_, permission0_.permission_permission_unit_id as permissi3_12_1_, permission0_.permission_service as permissi4_12_1_, permission0_.permission_status as permissi5_12_1_ from permission permission0_ where permission0_.character_id=?
Hibernate: select category0_.category_id as col_0_0_ from category category0_ where category0_.category_name=? limit ?
Hibernate: select category0_.category_id as category1_5_1_, category0_.category_name as category2_5_1_, boardlist1_.category_id as category7_4_3_, boardlist1_.board_id as board_id1_4_3_, boardlist1_.board_id as board_id1_4_0_, boardlist1_.category_id as category7_4_0_, boardlist1_.board_content as board_co2_4_0_, boardlist1_.board_created_at as board_cr3_4_0_, boardlist1_.board_last_modified_at as board_la4_4_0_, boardlist1_.board_title as board_ti5_4_0_, boardlist1_.user_id as user_id8_4_0_, boardlist1_.board_views as board_vi6_4_0_ from category category0_ left outer join board boardlist1_ on category0_.category_id=boardlist1_.category_id where category0_.category_id=?
Hibernate: insert into category (category_id, category_name) values (default, ?)
Hibernate: select user0_.user_id as user_id1_21_0_, user0_.character_id as characte7_21_0_, user0_.user_created_at as user_cre2_21_0_, user0_.user_name as user_nam3_21_0_, user0_.user_phone_number as user_pho4_21_0_, user0_.user_user_id as user_use5_21_0_, user0_.user_user_password as user_use6_21_0_ from user user0_ where user0_.user_id=?
Hibernate: select character0_.character_id as characte1_6_0_, character0_.character_character_name as characte2_6_0_ from characters character0_ where character0_.character_id=?
Hibernate: select count(*) as col_0_0_ from user user0_ where user0_.user_id=?
Hibernate: select character1_.character_id as characte1_6_, character1_.character_character_name as characte2_6_ from user user0_ inner join characters character1_ on user0_.character_id=character1_.character_id where user0_.user_id=?
Hibernate: select permission0_.character_id as characte6_12_0_, permission0_.permission_id as permissi1_12_0_, permission0_.permission_id as permissi1_12_1_, permission0_.character_id as characte6_12_1_, permission0_.permission_name as permissi2_12_1_, permission0_.permission_permission_unit_id as permissi3_12_1_, permission0_.permission_service as permissi4_12_1_, permission0_.permission_status as permissi5_12_1_ from permission permission0_ where permission0_.character_id=?
Hibernate: select category0_.category_id as col_0_0_ from category category0_ where category0_.category_name=? limit ?
Hibernate: select category0_.category_id as category1_5_1_, category0_.category_name as category2_5_1_, boardlist1_.category_id as category7_4_3_, boardlist1_.board_id as board_id1_4_3_, boardlist1_.board_id as board_id1_4_0_, boardlist1_.category_id as category7_4_0_, boardlist1_.board_content as board_co2_4_0_, boardlist1_.board_created_at as board_cr3_4_0_, boardlist1_.board_last_modified_at as board_la4_4_0_, boardlist1_.board_title as board_ti5_4_0_, boardlist1_.user_id as user_id8_4_0_, boardlist1_.board_views as board_vi6_4_0_ from category category0_ left outer join board boardlist1_ on category0_.category_id=boardlist1_.category_id where category0_.category_id=?
Hibernate: insert into category (category_id, category_name) values (default, ?)
Hibernate: select user0_.user_id as col_0_0_ from user user0_ where user0_.user_user_id=? limit ?
Hibernate: select user0_.user_id as col_0_0_ from user user0_ where user0_.user_user_id=? limit ?
Hibernate: select U.* from USER U where U.USER_USER_ID =?
Hibernate: select character0_.character_id as characte1_6_0_, character0_.character_character_name as characte2_6_0_ from characters character0_ where character0_.character_id=?
Hibernate: select user0_.user_id as col_0_0_ from user user0_ where user0_.user_user_id=? limit ?
Hibernate: select user0_.user_id as col_0_0_ from user user0_ where user0_.user_user_id=? limit ?
Hibernate: select U.* from USER U where U.USER_USER_ID =?
Hibernate: select character0_.character_id as characte1_6_0_, character0_.character_character_name as characte2_6_0_ from characters character0_ where character0_.character_id=?
Hibernate: select user0_.user_id as col_0_0_ from user user0_ where user0_.user_user_id=? limit ?
Hibernate: select user0_.user_id as col_0_0_ from user user0_ where user0_.user_user_id=? limit ?
Hibernate: select U.* from USER U where U.USER_USER_ID =?
Hibernate: select character0_.character_id as characte1_6_0_, character0_.character_character_name as characte2_6_0_ from characters character0_ where character0_.character_id=?
Hibernate: select user0_.user_id as user_id1_21_0_, user0_.character_id as characte7_21_0_, user0_.user_created_at as user_cre2_21_0_, user0_.user_name as user_nam3_21_0_, user0_.user_phone_number as user_pho4_21_0_, user0_.user_user_id as user_use5_21_0_, user0_.user_user_password as user_use6_21_0_ from user user0_ where user0_.user_id=?
Hibernate: select character0_.character_id as characte1_6_0_, character0_.character_character_name as characte2_6_0_ from characters character0_ where character0_.character_id=?
Hibernate: select count(*) as col_0_0_ from user user0_ where user0_.user_id=?
Hibernate: select character1_.character_id as characte1_6_, character1_.character_character_name as characte2_6_ from user user0_ inner join characters character1_ on user0_.character_id=character1_.character_id where user0_.user_id=?
Hibernate: select permission0_.character_id as characte6_12_0_, permission0_.permission_id as permissi1_12_0_, permission0_.permission_id as permissi1_12_1_, permission0_.character_id as characte6_12_1_, permission0_.permission_name as permissi2_12_1_, permission0_.permission_permission_unit_id as permissi3_12_1_, permission0_.permission_service as permissi4_12_1_, permission0_.permission_status as permissi5_12_1_ from permission permission0_ where permission0_.character_id=?
Hibernate: select category0_.category_id as col_0_0_ from category category0_ where category0_.category_name=? limit ?
Hibernate: select category0_.category_id as category1_5_1_, category0_.category_name as category2_5_1_, boardlist1_.category_id as category7_4_3_, boardlist1_.board_id as board_id1_4_3_, boardlist1_.board_id as board_id1_4_0_, boardlist1_.category_id as category7_4_0_, boardlist1_.board_content as board_co2_4_0_, boardlist1_.board_created_at as board_cr3_4_0_, boardlist1_.board_last_modified_at as board_la4_4_0_, boardlist1_.board_title as board_ti5_4_0_, boardlist1_.user_id as user_id8_4_0_, boardlist1_.board_views as board_vi6_4_0_ from category category0_ left outer join board boardlist1_ on category0_.category_id=boardlist1_.category_id where category0_.category_id=?
Hibernate: insert into category (category_id, category_name) values (default, ?)
Hibernate: select user0_.user_id as user_id1_21_0_, user0_.character_id as characte7_21_0_, user0_.user_created_at as user_cre2_21_0_, user0_.user_name as user_nam3_21_0_, user0_.user_phone_number as user_pho4_21_0_, user0_.user_user_id as user_use5_21_0_, user0_.user_user_password as user_use6_21_0_ from user user0_ where user0_.user_id=?
Hibernate: select character0_.character_id as characte1_6_0_, character0_.character_character_name as characte2_6_0_ from characters character0_ where character0_.character_id=?
Hibernate: select category0_.category_id as category1_5_, category0_.category_name as category2_5_ from category category0_
Hibernate: select boardlist0_.category_id as category7_4_0_, boardlist0_.board_id as board_id1_4_0_, boardlist0_.board_id as board_id1_4_1_, boardlist0_.category_id as category7_4_1_, boardlist0_.board_content as board_co2_4_1_, boardlist0_.board_created_at as board_cr3_4_1_, boardlist0_.board_last_modified_at as board_la4_4_1_, boardlist0_.board_title as board_ti5_4_1_, boardlist0_.user_id as user_id8_4_1_, boardlist0_.board_views as board_vi6_4_1_ from board boardlist0_ where boardlist0_.category_id=?
Hibernate: select boardlist0_.category_id as category7_4_0_, boardlist0_.board_id as board_id1_4_0_, boardlist0_.board_id as board_id1_4_1_, boardlist0_.category_id as category7_4_1_, boardlist0_.board_content as board_co2_4_1_, boardlist0_.board_created_at as board_cr3_4_1_, boardlist0_.board_last_modified_at as board_la4_4_1_, boardlist0_.board_title as board_ti5_4_1_, boardlist0_.user_id as user_id8_4_1_, boardlist0_.board_views as board_vi6_4_1_ from board boardlist0_ where boardlist0_.category_id=?
Hibernate: select boardlist0_.category_id as category7_4_0_, boardlist0_.board_id as board_id1_4_0_, boardlist0_.board_id as board_id1_4_1_, boardlist0_.category_id as category7_4_1_, boardlist0_.board_content as board_co2_4_1_, boardlist0_.board_created_at as board_cr3_4_1_, boardlist0_.board_last_modified_at as board_la4_4_1_, boardlist0_.board_title as board_ti5_4_1_, boardlist0_.user_id as user_id8_4_1_, boardlist0_.board_views as board_vi6_4_1_ from board boardlist0_ where boardlist0_.category_id=?
Hibernate: select user0_.user_id as user_id1_21_0_, user0_.character_id as characte7_21_0_, user0_.user_created_at as user_cre2_21_0_, user0_.user_name as user_nam3_21_0_, user0_.user_phone_number as user_pho4_21_0_, user0_.user_user_id as user_use5_21_0_, user0_.user_user_password as user_use6_21_0_ from user user0_ where user0_.user_id=?
Hibernate: select character0_.character_id as characte1_6_0_, character0_.character_character_name as characte2_6_0_ from characters character0_ where character0_.character_id=?
Hibernate: select count(*) as col_0_0_ from user user0_ where user0_.user_id=?
Hibernate: select character1_.character_id as characte1_6_, character1_.character_character_name as characte2_6_ from user user0_ inner join characters character1_ on user0_.character_id=character1_.character_id where user0_.user_id=?
Hibernate: select permission0_.character_id as characte6_12_0_, permission0_.permission_id as permissi1_12_0_, permission0_.permission_id as permissi1_12_1_, permission0_.character_id as characte6_12_1_, permission0_.permission_name as permissi2_12_1_, permission0_.permission_permission_unit_id as permissi3_12_1_, permission0_.permission_service as permissi4_12_1_, permission0_.permission_status as permissi5_12_1_ from permission permission0_ where permission0_.character_id=?
Hibernate: select count(*) as col_0_0_ from category category0_ where category0_.category_id=?
Hibernate: insert into filename (filename_id, filename_origin, filename_uuid) values (default, ?, ?)
Hibernate: insert into filename (filename_id, filename_origin, filename_uuid) values (default, ?, ?)
Hibernate: select category0_.category_id as category1_5_0_, category0_.category_name as category2_5_0_ from category category0_ where category0_.category_id=?
Hibernate: insert into board (board_id, category_id, board_content, board_created_at, board_last_modified_at, board_title, user_id, board_views) values (default, ?, ?, ?, ?, ?, ?, ?)
Hibernate: insert into reaction (reaction_id, board_id, reaction_type) values (default, ?, ?)
Hibernate: insert into reaction (reaction_id, board_id, reaction_type) values (default, ?, ?)
Hibernate: insert into reaction (reaction_id, board_id, reaction_type) values (default, ?, ?)
Hibernate: insert into reaction (reaction_id, board_id, reaction_type) values (default, ?, ?)
Hibernate: insert into reaction (reaction_id, board_id, reaction_type) values (default, ?, ?)
Hibernate: insert into reaction (reaction_id, board_id, reaction_type) values (default, ?, ?)
Hibernate: insert into file_path_list (board_board_id, board_file_path_list) values (?, ?)
Hibernate: insert into image_path_list (board_board_id, board_image_path_list) values (?, ?)
Hibernate: select user0_.user_id as user_id1_21_0_, user0_.character_id as characte7_21_0_, user0_.user_created_at as user_cre2_21_0_, user0_.user_name as user_nam3_21_0_, user0_.user_phone_number as user_pho4_21_0_, user0_.user_user_id as user_use5_21_0_, user0_.user_user_password as user_use6_21_0_ from user user0_ where user0_.user_id=?
Hibernate: select character0_.character_id as characte1_6_0_, character0_.character_character_name as characte2_6_0_ from characters character0_ where character0_.character_id=?
Hibernate: select count(*) as col_0_0_ from board board0_
Hibernate: select board0_.board_id as board_id1_4_, board0_.category_id as category7_4_, board0_.board_content as board_co2_4_, board0_.board_created_at as board_cr3_4_, board0_.board_last_modified_at as board_la4_4_, board0_.board_title as board_ti5_4_, board0_.user_id as user_id8_4_, board0_.board_views as board_vi6_4_ from board board0_ limit ?
Hibernate: select category0_.category_id as category1_5_0_, category0_.category_name as category2_5_0_ from category category0_ where category0_.category_id=?
Hibernate: select reactionli0_.board_id as board_id3_13_0_, reactionli0_.reaction_id as reaction1_13_0_, reactionli0_.reaction_id as reaction1_13_1_, reactionli0_.board_id as board_id3_13_1_, reactionli0_.reaction_type as reaction2_13_1_ from reaction reactionli0_ where reactionli0_.board_id=?
Hibernate: select reactionus0_.reaction_id as reaction2_14_0_, reactionus0_.reaction_user_id as reaction1_14_0_, reactionus0_.reaction_user_id as reaction1_14_1_, reactionus0_.reaction_id as reaction2_14_1_, reactionus0_.user_id as user_id3_14_1_ from reaction_user reactionus0_ where reactionus0_.reaction_id=?
Hibernate: select reactionus0_.reaction_id as reaction2_14_0_, reactionus0_.reaction_user_id as reaction1_14_0_, reactionus0_.reaction_user_id as reaction1_14_1_, reactionus0_.reaction_id as reaction2_14_1_, reactionus0_.user_id as user_id3_14_1_ from reaction_user reactionus0_ where reactionus0_.reaction_id=?
Hibernate: select reactionus0_.reaction_id as reaction2_14_0_, reactionus0_.reaction_user_id as reaction1_14_0_, reactionus0_.reaction_user_id as reaction1_14_1_, reactionus0_.reaction_id as reaction2_14_1_, reactionus0_.user_id as user_id3_14_1_ from reaction_user reactionus0_ where reactionus0_.reaction_id=?
Hibernate: select reactionus0_.reaction_id as reaction2_14_0_, reactionus0_.reaction_user_id as reaction1_14_0_, reactionus0_.reaction_user_id as reaction1_14_1_, reactionus0_.reaction_id as reaction2_14_1_, reactionus0_.user_id as user_id3_14_1_ from reaction_user reactionus0_ where reactionus0_.reaction_id=?
Hibernate: select reactionus0_.reaction_id as reaction2_14_0_, reactionus0_.reaction_user_id as reaction1_14_0_, reactionus0_.reaction_user_id as reaction1_14_1_, reactionus0_.reaction_id as reaction2_14_1_, reactionus0_.user_id as user_id3_14_1_ from reaction_user reactionus0_ where reactionus0_.reaction_id=?
Hibernate: select reactionus0_.reaction_id as reaction2_14_0_, reactionus0_.reaction_user_id as reaction1_14_0_, reactionus0_.reaction_user_id as reaction1_14_1_, reactionus0_.reaction_id as reaction2_14_1_, reactionus0_.user_id as user_id3_14_1_ from reaction_user reactionus0_ where reactionus0_.reaction_id=?
Hibernate: select commentlis0_.board_id as board_id5_7_0_, commentlis0_.comment_id as comment_1_7_0_, commentlis0_.comment_id as comment_1_7_1_, commentlis0_.board_id as board_id5_7_1_, commentlis0_.comment_content as comment_2_7_1_, commentlis0_.comment_created_at as comment_3_7_1_, commentlis0_.comment_last_modified_at as comment_4_7_1_, commentlis0_.user_id as user_id6_7_1_ from comment commentlis0_ where commentlis0_.board_id=?
Hibernate: select boardlist0_.category_id as category7_4_0_, boardlist0_.board_id as board_id1_4_0_, boardlist0_.board_id as board_id1_4_1_, boardlist0_.category_id as category7_4_1_, boardlist0_.board_content as board_co2_4_1_, boardlist0_.board_created_at as board_cr3_4_1_, boardlist0_.board_last_modified_at as board_la4_4_1_, boardlist0_.board_title as board_ti5_4_1_, boardlist0_.user_id as user_id8_4_1_, boardlist0_.board_views as board_vi6_4_1_ from board boardlist0_ where boardlist0_.category_id=?
Hibernate: select count(comment0_.comment_id) as col_0_0_ from comment comment0_ where comment0_.board_id=?
Hibernate: select count(*) as col_0_0_ from board board0_
Hibernate: select imagepathl0_.board_board_id as board_bo1_11_0_, imagepathl0_.board_image_path_list as board_im2_11_0_ from image_path_list imagepathl0_ where imagepathl0_.board_board_id=?
Hibernate: select filename0_.filename_id as filename1_9_, filename0_.filename_origin as filename2_9_, filename0_.filename_uuid as filename3_9_ from filename filename0_ where filename0_.filename_uuid=?
Hibernate: select filepathli0_.board_board_id as board_bo1_8_0_, filepathli0_.board_file_path_list as board_fi2_8_0_ from file_path_list filepathli0_ where filepathli0_.board_board_id=?
Hibernate: select filename0_.filename_id as filename1_9_, filename0_.filename_origin as filename2_9_, filename0_.filename_uuid as filename3_9_ from filename filename0_ where filename0_.filename_uuid=?
Hibernate: select user0_.user_id as user_id1_21_0_, user0_.character_id as characte7_21_0_, user0_.user_created_at as user_cre2_21_0_, user0_.user_name as user_nam3_21_0_, user0_.user_phone_number as user_pho4_21_0_, user0_.user_user_id as user_use5_21_0_, user0_.user_user_password as user_use6_21_0_ from user user0_ where user0_.user_id=?
Hibernate: select character0_.character_id as characte1_6_0_, character0_.character_character_name as characte2_6_0_ from characters character0_ where character0_.character_id=?
Hibernate: select category0_.category_id as category1_5_, category0_.category_name as category2_5_ from category category0_
Hibernate: select boardlist0_.category_id as category7_4_0_, boardlist0_.board_id as board_id1_4_0_, boardlist0_.board_id as board_id1_4_1_, boardlist0_.category_id as category7_4_1_, boardlist0_.board_content as board_co2_4_1_, boardlist0_.board_created_at as board_cr3_4_1_, boardlist0_.board_last_modified_at as board_la4_4_1_, boardlist0_.board_title as board_ti5_4_1_, boardlist0_.user_id as user_id8_4_1_, boardlist0_.board_views as board_vi6_4_1_ from board boardlist0_ where boardlist0_.category_id=?
Hibernate: select boardlist0_.category_id as category7_4_0_, boardlist0_.board_id as board_id1_4_0_, boardlist0_.board_id as board_id1_4_1_, boardlist0_.category_id as category7_4_1_, boardlist0_.board_content as board_co2_4_1_, boardlist0_.board_created_at as board_cr3_4_1_, boardlist0_.board_last_modified_at as board_la4_4_1_, boardlist0_.board_title as board_ti5_4_1_, boardlist0_.user_id as user_id8_4_1_, boardlist0_.board_views as board_vi6_4_1_ from board boardlist0_ where boardlist0_.category_id=?
Hibernate: select boardlist0_.category_id as category7_4_0_, boardlist0_.board_id as board_id1_4_0_, boardlist0_.board_id as board_id1_4_1_, boardlist0_.category_id as category7_4_1_, boardlist0_.board_content as board_co2_4_1_, boardlist0_.board_created_at as board_cr3_4_1_, boardlist0_.board_last_modified_at as board_la4_4_1_, boardlist0_.board_title as board_ti5_4_1_, boardlist0_.user_id as user_id8_4_1_, boardlist0_.board_views as board_vi6_4_1_ from board boardlist0_ where boardlist0_.category_id=?
Hibernate: select U.* from USER U join BOARD B where U.USER_ID = B.USER_ID and B.BOARD_ID = ?
Hibernate: select character0_.character_id as characte1_6_0_, character0_.character_character_name as characte2_6_0_ from characters character0_ where character0_.character_id=?
Hibernate: select count(*) as col_0_0_ from user user0_ where user0_.user_id=?
Hibernate: select character1_.character_id as characte1_6_, character1_.character_character_name as characte2_6_ from user user0_ inner join characters character1_ on user0_.character_id=character1_.character_id where user0_.user_id=?
Hibernate: select permission0_.character_id as characte6_12_0_, permission0_.permission_id as permissi1_12_0_, permission0_.permission_id as permissi1_12_1_, permission0_.character_id as characte6_12_1_, permission0_.permission_name as permissi2_12_1_, permission0_.permission_permission_unit_id as permissi3_12_1_, permission0_.permission_service as permissi4_12_1_, permission0_.permission_status as permissi5_12_1_ from permission permission0_ where permission0_.character_id=?
Hibernate: select count(*) as col_0_0_ from board board0_ where board0_.board_id=?
Hibernate: select count(*) as col_0_0_ from category category0_ where category0_.category_id=?
Hibernate: select board0_.board_id as board_id1_4_0_, board0_.category_id as category7_4_0_, board0_.board_content as board_co2_4_0_, board0_.board_created_at as board_cr3_4_0_, board0_.board_last_modified_at as board_la4_4_0_, board0_.board_title as board_ti5_4_0_, board0_.user_id as user_id8_4_0_, board0_.board_views as board_vi6_4_0_ from board board0_ where board0_.board_id=?
Hibernate: select category0_.category_id as category1_5_0_, category0_.category_name as category2_5_0_ from category category0_ where category0_.category_id=?
Hibernate: select reactionli0_.board_id as board_id3_13_0_, reactionli0_.reaction_id as reaction1_13_0_, reactionli0_.reaction_id as reaction1_13_1_, reactionli0_.board_id as board_id3_13_1_, reactionli0_.reaction_type as reaction2_13_1_ from reaction reactionli0_ where reactionli0_.board_id=?
Hibernate: select reactionus0_.reaction_id as reaction2_14_0_, reactionus0_.reaction_user_id as reaction1_14_0_, reactionus0_.reaction_user_id as reaction1_14_1_, reactionus0_.reaction_id as reaction2_14_1_, reactionus0_.user_id as user_id3_14_1_ from reaction_user reactionus0_ where reactionus0_.reaction_id=?
Hibernate: select reactionus0_.reaction_id as reaction2_14_0_, reactionus0_.reaction_user_id as reaction1_14_0_, reactionus0_.reaction_user_id as reaction1_14_1_, reactionus0_.reaction_id as reaction2_14_1_, reactionus0_.user_id as user_id3_14_1_ from reaction_user reactionus0_ where reactionus0_.reaction_id=?
Hibernate: select reactionus0_.reaction_id as reaction2_14_0_, reactionus0_.reaction_user_id as reaction1_14_0_, reactionus0_.reaction_user_id as reaction1_14_1_, reactionus0_.reaction_id as reaction2_14_1_, reactionus0_.user_id as user_id3_14_1_ from reaction_user reactionus0_ where reactionus0_.reaction_id=?
Hibernate: select reactionus0_.reaction_id as reaction2_14_0_, reactionus0_.reaction_user_id as reaction1_14_0_, reactionus0_.reaction_user_id as reaction1_14_1_, reactionus0_.reaction_id as reaction2_14_1_, reactionus0_.user_id as user_id3_14_1_ from reaction_user reactionus0_ where reactionus0_.reaction_id=?
Hibernate: select reactionus0_.reaction_id as reaction2_14_0_, reactionus0_.reaction_user_id as reaction1_14_0_, reactionus0_.reaction_user_id as reaction1_14_1_, reactionus0_.reaction_id as reaction2_14_1_, reactionus0_.user_id as user_id3_14_1_ from reaction_user reactionus0_ where reactionus0_.reaction_id=?
Hibernate: select reactionus0_.reaction_id as reaction2_14_0_, reactionus0_.reaction_user_id as reaction1_14_0_, reactionus0_.reaction_user_id as reaction1_14_1_, reactionus0_.reaction_id as reaction2_14_1_, reactionus0_.user_id as user_id3_14_1_ from reaction_user reactionus0_ where reactionus0_.reaction_id=?
Hibernate: select commentlis0_.board_id as board_id5_7_0_, commentlis0_.comment_id as comment_1_7_0_, commentlis0_.comment_id as comment_1_7_1_, commentlis0_.board_id as board_id5_7_1_, commentlis0_.comment_content as comment_2_7_1_, commentlis0_.comment_created_at as comment_3_7_1_, commentlis0_.comment_last_modified_at as comment_4_7_1_, commentlis0_.user_id as user_id6_7_1_ from comment commentlis0_ where commentlis0_.board_id=?
Hibernate: update board set category_id=?, board_content=?, board_created_at=?, board_last_modified_at=?, board_title=?, user_id=?, board_views=? where board_id=?
Hibernate: select filename0_.filename_id as filename1_9_, filename0_.filename_origin as filename2_9_, filename0_.filename_uuid as filename3_9_ from filename filename0_ where filename0_.filename_uuid=?
Hibernate: insert into filename (filename_id, filename_origin, filename_uuid) values (default, ?, ?)
Hibernate: delete from filename where filename_id=?
Hibernate: select filepathli0_.board_board_id as board_bo1_8_0_, filepathli0_.board_file_path_list as board_fi2_8_0_ from file_path_list filepathli0_ where filepathli0_.board_board_id=?
Hibernate: select imagepathl0_.board_board_id as board_bo1_11_0_, imagepathl0_.board_image_path_list as board_im2_11_0_ from image_path_list imagepathl0_ where imagepathl0_.board_board_id=?
Hibernate: delete from file_path_list where board_board_id=?
Hibernate: insert into file_path_list (board_board_id, board_file_path_list) values (?, ?)
Hibernate: select user0_.user_id as col_0_0_ from user user0_ where user0_.user_user_id=? limit ?
Hibernate: select user0_.user_id as col_0_0_ from user user0_ where user0_.user_user_id=? limit ?
Hibernate: select U.* from USER U where U.USER_USER_ID =?
Hibernate: select character0_.character_id as characte1_6_0_, character0_.character_character_name as characte2_6_0_ from characters character0_ where character0_.character_id=?
Hibernate: select user0_.user_id as user_id1_21_0_, user0_.character_id as characte7_21_0_, user0_.user_created_at as user_cre2_21_0_, user0_.user_name as user_nam3_21_0_, user0_.user_phone_number as user_pho4_21_0_, user0_.user_user_id as user_use5_21_0_, user0_.user_user_password as user_use6_21_0_ from user user0_ where user0_.user_id=?
Hibernate: select character0_.character_id as characte1_6_0_, character0_.character_character_name as characte2_6_0_ from characters character0_ where character0_.character_id=?
Hibernate: select count(*) as col_0_0_ from board board0_
Hibernate: select board0_.board_id as board_id1_4_, board0_.category_id as category7_4_, board0_.board_content as board_co2_4_, board0_.board_created_at as board_cr3_4_, board0_.board_last_modified_at as board_la4_4_, board0_.board_title as board_ti5_4_, board0_.user_id as user_id8_4_, board0_.board_views as board_vi6_4_ from board board0_ limit ?
Hibernate: select category0_.category_id as category1_5_0_, category0_.category_name as category2_5_0_ from category category0_ where category0_.category_id=?
Hibernate: select reactionli0_.board_id as board_id3_13_0_, reactionli0_.reaction_id as reaction1_13_0_, reactionli0_.reaction_id as reaction1_13_1_, reactionli0_.board_id as board_id3_13_1_, reactionli0_.reaction_type as reaction2_13_1_ from reaction reactionli0_ where reactionli0_.board_id=?
Hibernate: select reactionus0_.reaction_id as reaction2_14_0_, reactionus0_.reaction_user_id as reaction1_14_0_, reactionus0_.reaction_user_id as reaction1_14_1_, reactionus0_.reaction_id as reaction2_14_1_, reactionus0_.user_id as user_id3_14_1_ from reaction_user reactionus0_ where reactionus0_.reaction_id=?
Hibernate: select reactionus0_.reaction_id as reaction2_14_0_, reactionus0_.reaction_user_id as reaction1_14_0_, reactionus0_.reaction_user_id as reaction1_14_1_, reactionus0_.reaction_id as reaction2_14_1_, reactionus0_.user_id as user_id3_14_1_ from reaction_user reactionus0_ where reactionus0_.reaction_id=?
Hibernate: select reactionus0_.reaction_id as reaction2_14_0_, reactionus0_.reaction_user_id as reaction1_14_0_, reactionus0_.reaction_user_id as reaction1_14_1_, reactionus0_.reaction_id as reaction2_14_1_, reactionus0_.user_id as user_id3_14_1_ from reaction_user reactionus0_ where reactionus0_.reaction_id=?
Hibernate: select reactionus0_.reaction_id as reaction2_14_0_, reactionus0_.reaction_user_id as reaction1_14_0_, reactionus0_.reaction_user_id as reaction1_14_1_, reactionus0_.reaction_id as reaction2_14_1_, reactionus0_.user_id as user_id3_14_1_ from reaction_user reactionus0_ where reactionus0_.reaction_id=?
Hibernate: select reactionus0_.reaction_id as reaction2_14_0_, reactionus0_.reaction_user_id as reaction1_14_0_, reactionus0_.reaction_user_id as reaction1_14_1_, reactionus0_.reaction_id as reaction2_14_1_, reactionus0_.user_id as user_id3_14_1_ from reaction_user reactionus0_ where reactionus0_.reaction_id=?
Hibernate: select reactionus0_.reaction_id as reaction2_14_0_, reactionus0_.reaction_user_id as reaction1_14_0_, reactionus0_.reaction_user_id as reaction1_14_1_, reactionus0_.reaction_id as reaction2_14_1_, reactionus0_.user_id as user_id3_14_1_ from reaction_user reactionus0_ where reactionus0_.reaction_id=?
Hibernate: select commentlis0_.board_id as board_id5_7_0_, commentlis0_.comment_id as comment_1_7_0_, commentlis0_.comment_id as comment_1_7_1_, commentlis0_.board_id as board_id5_7_1_, commentlis0_.comment_content as comment_2_7_1_, commentlis0_.comment_created_at as comment_3_7_1_, commentlis0_.comment_last_modified_at as comment_4_7_1_, commentlis0_.user_id as user_id6_7_1_ from comment commentlis0_ where commentlis0_.board_id=?
Hibernate: select boardlist0_.category_id as category7_4_0_, boardlist0_.board_id as board_id1_4_0_, boardlist0_.board_id as board_id1_4_1_, boardlist0_.category_id as category7_4_1_, boardlist0_.board_content as board_co2_4_1_, boardlist0_.board_created_at as board_cr3_4_1_, boardlist0_.board_last_modified_at as board_la4_4_1_, boardlist0_.board_title as board_ti5_4_1_, boardlist0_.user_id as user_id8_4_1_, boardlist0_.board_views as board_vi6_4_1_ from board boardlist0_ where boardlist0_.category_id=?
Hibernate: select count(comment0_.comment_id) as col_0_0_ from comment comment0_ where comment0_.board_id=?
Hibernate: select count(*) as col_0_0_ from board board0_
Hibernate: select imagepathl0_.board_board_id as board_bo1_11_0_, imagepathl0_.board_image_path_list as board_im2_11_0_ from image_path_list imagepathl0_ where imagepathl0_.board_board_id=?
Hibernate: select filename0_.filename_id as filename1_9_, filename0_.filename_origin as filename2_9_, filename0_.filename_uuid as filename3_9_ from filename filename0_ where filename0_.filename_uuid=?
Hibernate: select filepathli0_.board_board_id as board_bo1_8_0_, filepathli0_.board_file_path_list as board_fi2_8_0_ from file_path_list filepathli0_ where filepathli0_.board_board_id=?
Hibernate: select filename0_.filename_id as filename1_9_, filename0_.filename_origin as filename2_9_, filename0_.filename_uuid as filename3_9_ from filename filename0_ where filename0_.filename_uuid=?
Hibernate: select U.* from USER U join BOARD B where U.USER_ID = B.USER_ID and B.BOARD_ID = ?
Hibernate: select character0_.character_id as characte1_6_0_, character0_.character_character_name as characte2_6_0_ from characters character0_ where character0_.character_id=?
Hibernate: select count(*) as col_0_0_ from user user0_ where user0_.user_id=?
Hibernate: select character1_.character_id as characte1_6_, character1_.character_character_name as characte2_6_ from user user0_ inner join characters character1_ on user0_.character_id=character1_.character_id where user0_.user_id=?
Hibernate: select permission0_.character_id as characte6_12_0_, permission0_.permission_id as permissi1_12_0_, permission0_.permission_id as permissi1_12_1_, permission0_.character_id as characte6_12_1_, permission0_.permission_name as permissi2_12_1_, permission0_.permission_permission_unit_id as permissi3_12_1_, permission0_.permission_service as permissi4_12_1_, permission0_.permission_status as permissi5_12_1_ from permission permission0_ where permission0_.character_id=?
Hibernate: select count(*) as col_0_0_ from board board0_ where board0_.board_id=?
Hibernate: select board0_.board_id as board_id1_4_0_, board0_.category_id as category7_4_0_, board0_.board_content as board_co2_4_0_, board0_.board_created_at as board_cr3_4_0_, board0_.board_last_modified_at as board_la4_4_0_, board0_.board_title as board_ti5_4_0_, board0_.user_id as user_id8_4_0_, board0_.board_views as board_vi6_4_0_ from board board0_ where board0_.board_id=?
Hibernate: select category0_.category_id as category1_5_0_, category0_.category_name as category2_5_0_ from category category0_ where category0_.category_id=?
Hibernate: select reactionli0_.board_id as board_id3_13_0_, reactionli0_.reaction_id as reaction1_13_0_, reactionli0_.reaction_id as reaction1_13_1_, reactionli0_.board_id as board_id3_13_1_, reactionli0_.reaction_type as reaction2_13_1_ from reaction reactionli0_ where reactionli0_.board_id=?
Hibernate: select reactionus0_.reaction_id as reaction2_14_0_, reactionus0_.reaction_user_id as reaction1_14_0_, reactionus0_.reaction_user_id as reaction1_14_1_, reactionus0_.reaction_id as reaction2_14_1_, reactionus0_.user_id as user_id3_14_1_ from reaction_user reactionus0_ where reactionus0_.reaction_id=?
Hibernate: select reactionus0_.reaction_id as reaction2_14_0_, reactionus0_.reaction_user_id as reaction1_14_0_, reactionus0_.reaction_user_id as reaction1_14_1_, reactionus0_.reaction_id as reaction2_14_1_, reactionus0_.user_id as user_id3_14_1_ from reaction_user reactionus0_ where reactionus0_.reaction_id=?
Hibernate: select reactionus0_.reaction_id as reaction2_14_0_, reactionus0_.reaction_user_id as reaction1_14_0_, reactionus0_.reaction_user_id as reaction1_14_1_, reactionus0_.reaction_id as reaction2_14_1_, reactionus0_.user_id as user_id3_14_1_ from reaction_user reactionus0_ where reactionus0_.reaction_id=?
Hibernate: select reactionus0_.reaction_id as reaction2_14_0_, reactionus0_.reaction_user_id as reaction1_14_0_, reactionus0_.reaction_user_id as reaction1_14_1_, reactionus0_.reaction_id as reaction2_14_1_, reactionus0_.user_id as user_id3_14_1_ from reaction_user reactionus0_ where reactionus0_.reaction_id=?
Hibernate: select reactionus0_.reaction_id as reaction2_14_0_, reactionus0_.reaction_user_id as reaction1_14_0_, reactionus0_.reaction_user_id as reaction1_14_1_, reactionus0_.reaction_id as reaction2_14_1_, reactionus0_.user_id as user_id3_14_1_ from reaction_user reactionus0_ where reactionus0_.reaction_id=?
Hibernate: select reactionus0_.reaction_id as reaction2_14_0_, reactionus0_.reaction_user_id as reaction1_14_0_, reactionus0_.reaction_user_id as reaction1_14_1_, reactionus0_.reaction_id as reaction2_14_1_, reactionus0_.user_id as user_id3_14_1_ from reaction_user reactionus0_ where reactionus0_.reaction_id=?
Hibernate: select commentlis0_.board_id as board_id5_7_0_, commentlis0_.comment_id as comment_1_7_0_, commentlis0_.comment_id as comment_1_7_1_, commentlis0_.board_id as board_id5_7_1_, commentlis0_.comment_content as comment_2_7_1_, commentlis0_.comment_created_at as comment_3_7_1_, commentlis0_.comment_last_modified_at as comment_4_7_1_, commentlis0_.user_id as user_id6_7_1_ from comment commentlis0_ where commentlis0_.board_id=?
Hibernate: select boardlist0_.category_id as category7_4_0_, boardlist0_.board_id as board_id1_4_0_, boardlist0_.board_id as board_id1_4_1_, boardlist0_.category_id as category7_4_1_, boardlist0_.board_content as board_co2_4_1_, boardlist0_.board_created_at as board_cr3_4_1_, boardlist0_.board_last_modified_at as board_la4_4_1_, boardlist0_.board_title as board_ti5_4_1_, boardlist0_.user_id as user_id8_4_1_, boardlist0_.board_views as board_vi6_4_1_ from board boardlist0_ where boardlist0_.category_id=?
Hibernate: select count(comment0_.comment_id) as col_0_0_ from comment comment0_ where comment0_.board_id=?
Hibernate: update board set category_id=?, board_content=?, board_created_at=?, board_last_modified_at=?, board_title=?, user_id=?, board_views=? where board_id=?
Hibernate: select filepathli0_.board_board_id as board_bo1_8_0_, filepathli0_.board_file_path_list as board_fi2_8_0_ from file_path_list filepathli0_ where filepathli0_.board_board_id=?
Hibernate: select filename0_.filename_id as filename1_9_, filename0_.filename_origin as filename2_9_, filename0_.filename_uuid as filename3_9_ from filename filename0_ where filename0_.filename_uuid=?
Hibernate: delete from filename where filename_id=?
Hibernate: select imagepathl0_.board_board_id as board_bo1_11_0_, imagepathl0_.board_image_path_list as board_im2_11_0_ from image_path_list imagepathl0_ where imagepathl0_.board_board_id=?
Hibernate: select filename0_.filename_id as filename1_9_, filename0_.filename_origin as filename2_9_, filename0_.filename_uuid as filename3_9_ from filename filename0_ where filename0_.filename_uuid=?
Hibernate: delete from filename where filename_id=?
Hibernate: select count(*) as col_0_0_ from board board0_ where board0_.board_id=?
Hibernate: delete from file_path_list where board_board_id=?
Hibernate: delete from image_path_list where board_board_id=?
Hibernate: delete from reaction where reaction_id=?
Hibernate: delete from reaction where reaction_id=?
Hibernate: delete from reaction where reaction_id=?
Hibernate: delete from reaction where reaction_id=?
Hibernate: delete from reaction where reaction_id=?
Hibernate: delete from reaction where reaction_id=?
Hibernate: delete from board where board_id=?
Hibernate: select user0_.user_id as user_id1_21_0_, user0_.character_id as characte7_21_0_, user0_.user_created_at as user_cre2_21_0_, user0_.user_name as user_nam3_21_0_, user0_.user_phone_number as user_pho4_21_0_, user0_.user_user_id as user_use5_21_0_, user0_.user_user_password as user_use6_21_0_ from user user0_ where user0_.user_id=?
Hibernate: select character0_.character_id as characte1_6_0_, character0_.character_character_name as characte2_6_0_ from characters character0_ where character0_.character_id=?
Hibernate: select count(*) as col_0_0_ from user user0_ where user0_.user_id=?
Hibernate: select character1_.character_id as characte1_6_, character1_.character_character_name as characte2_6_ from user user0_ inner join characters character1_ on user0_.character_id=character1_.character_id where user0_.user_id=?
Hibernate: select permission0_.character_id as characte6_12_0_, permission0_.permission_id as permissi1_12_0_, permission0_.permission_id as permissi1_12_1_, permission0_.character_id as characte6_12_1_, permission0_.permission_name as permissi2_12_1_, permission0_.permission_permission_unit_id as permissi3_12_1_, permission0_.permission_service as permissi4_12_1_, permission0_.permission_status as permissi5_12_1_ from permission permission0_ where permission0_.character_id=?
Hibernate: select count(*) as col_0_0_ from board board0_ where board0_.board_id=?
Hibernate: select user0_.user_id as col_0_0_ from user user0_ where user0_.user_user_id=? limit ?
Hibernate: select user0_.user_id as col_0_0_ from user user0_ where user0_.user_user_id=? limit ?
Hibernate: select U.* from USER U where U.USER_USER_ID =?
Hibernate: select character0_.character_id as characte1_6_0_, character0_.character_character_name as characte2_6_0_ from characters character0_ where character0_.character_id=?
Hibernate: select user0_.user_id as user_id1_21_0_, user0_.character_id as characte7_21_0_, user0_.user_created_at as user_cre2_21_0_, user0_.user_name as user_nam3_21_0_, user0_.user_phone_number as user_pho4_21_0_, user0_.user_user_id as user_use5_21_0_, user0_.user_user_password as user_use6_21_0_ from user user0_ where user0_.user_id=?
Hibernate: select character0_.character_id as characte1_6_0_, character0_.character_character_name as characte2_6_0_ from characters character0_ where character0_.character_id=?
Hibernate: select category0_.category_id as category1_5_, category0_.category_name as category2_5_ from category category0_
Hibernate: select boardlist0_.category_id as category7_4_0_, boardlist0_.board_id as board_id1_4_0_, boardlist0_.board_id as board_id1_4_1_, boardlist0_.category_id as category7_4_1_, boardlist0_.board_content as board_co2_4_1_, boardlist0_.board_created_at as board_cr3_4_1_, boardlist0_.board_last_modified_at as board_la4_4_1_, boardlist0_.board_title as board_ti5_4_1_, boardlist0_.user_id as user_id8_4_1_, boardlist0_.board_views as board_vi6_4_1_ from board boardlist0_ where boardlist0_.category_id=?
Hibernate: select boardlist0_.category_id as category7_4_0_, boardlist0_.board_id as board_id1_4_0_, boardlist0_.board_id as board_id1_4_1_, boardlist0_.category_id as category7_4_1_, boardlist0_.board_content as board_co2_4_1_, boardlist0_.board_created_at as board_cr3_4_1_, boardlist0_.board_last_modified_at as board_la4_4_1_, boardlist0_.board_title as board_ti5_4_1_, boardlist0_.user_id as user_id8_4_1_, boardlist0_.board_views as board_vi6_4_1_ from board boardlist0_ where boardlist0_.category_id=?
Hibernate: select boardlist0_.category_id as category7_4_0_, boardlist0_.board_id as board_id1_4_0_, boardlist0_.board_id as board_id1_4_1_, boardlist0_.category_id as category7_4_1_, boardlist0_.board_content as board_co2_4_1_, boardlist0_.board_created_at as board_cr3_4_1_, boardlist0_.board_last_modified_at as board_la4_4_1_, boardlist0_.board_title as board_ti5_4_1_, boardlist0_.user_id as user_id8_4_1_, boardlist0_.board_views as board_vi6_4_1_ from board boardlist0_ where boardlist0_.category_id=?
Hibernate: select user0_.user_id as user_id1_21_0_, user0_.character_id as characte7_21_0_, user0_.user_created_at as user_cre2_21_0_, user0_.user_name as user_nam3_21_0_, user0_.user_phone_number as user_pho4_21_0_, user0_.user_user_id as user_use5_21_0_, user0_.user_user_password as user_use6_21_0_ from user user0_ where user0_.user_id=?
Hibernate: select character0_.character_id as characte1_6_0_, character0_.character_character_name as characte2_6_0_ from characters character0_ where character0_.character_id=?
Hibernate: select count(*) as col_0_0_ from user user0_ where user0_.user_id=?
Hibernate: select character1_.character_id as characte1_6_, character1_.character_character_name as characte2_6_ from user user0_ inner join characters character1_ on user0_.character_id=character1_.character_id where user0_.user_id=?
Hibernate: select permission0_.character_id as characte6_12_0_, permission0_.permission_id as permissi1_12_0_, permission0_.permission_id as permissi1_12_1_, permission0_.character_id as characte6_12_1_, permission0_.permission_name as permissi2_12_1_, permission0_.permission_permission_unit_id as permissi3_12_1_, permission0_.permission_service as permissi4_12_1_, permission0_.permission_status as permissi5_12_1_ from permission permission0_ where permission0_.character_id=?
Hibernate: select count(*) as col_0_0_ from category category0_ where category0_.category_id=?
Hibernate: select count(board0_.board_id) as col_0_0_ from board board0_ where board0_.category_id=?
Hibernate: select category0_.category_id as category1_5_0_, category0_.category_name as category2_5_0_ from category category0_ where category0_.category_id=?
Hibernate: select boardlist0_.category_id as category7_4_0_, boardlist0_.board_id as board_id1_4_0_, boardlist0_.board_id as board_id1_4_1_, boardlist0_.category_id as category7_4_1_, boardlist0_.board_content as board_co2_4_1_, boardlist0_.board_created_at as board_cr3_4_1_, boardlist0_.board_last_modified_at as board_la4_4_1_, boardlist0_.board_title as board_ti5_4_1_, boardlist0_.user_id as user_id8_4_1_, boardlist0_.board_views as board_vi6_4_1_ from board boardlist0_ where boardlist0_.category_id=?
Hibernate: delete from category where category_id=?
Hibernate: select user0_.user_id as user_id1_21_0_, user0_.character_id as characte7_21_0_, user0_.user_created_at as user_cre2_21_0_, user0_.user_name as user_nam3_21_0_, user0_.user_phone_number as user_pho4_21_0_, user0_.user_user_id as user_use5_21_0_, user0_.user_user_password as user_use6_21_0_ from user user0_ where user0_.user_id=?
Hibernate: select character0_.character_id as characte1_6_0_, character0_.character_character_name as characte2_6_0_ from characters character0_ where character0_.character_id=?
Hibernate: select count(*) as col_0_0_ from user user0_ where user0_.user_id=?
Hibernate: select character1_.character_id as characte1_6_, character1_.character_character_name as characte2_6_ from user user0_ inner join characters character1_ on user0_.character_id=character1_.character_id where user0_.user_id=?
Hibernate: select permission0_.character_id as characte6_12_0_, permission0_.permission_id as permissi1_12_0_, permission0_.permission_id as permissi1_12_1_, permission0_.character_id as characte6_12_1_, permission0_.permission_name as permissi2_12_1_, permission0_.permission_permission_unit_id as permissi3_12_1_, permission0_.permission_service as permissi4_12_1_, permission0_.permission_status as permissi5_12_1_ from permission permission0_ where permission0_.character_id=?
Hibernate: select count(*) as col_0_0_ from category category0_ where category0_.category_id=?
Hibernate: select count(board0_.board_id) as col_0_0_ from board board0_ where board0_.category_id=?
Hibernate: select category0_.category_id as category1_5_0_, category0_.category_name as category2_5_0_ from category category0_ where category0_.category_id=?
Hibernate: select boardlist0_.category_id as category7_4_0_, boardlist0_.board_id as board_id1_4_0_, boardlist0_.board_id as board_id1_4_1_, boardlist0_.category_id as category7_4_1_, boardlist0_.board_content as board_co2_4_1_, boardlist0_.board_created_at as board_cr3_4_1_, boardlist0_.board_last_modified_at as board_la4_4_1_, boardlist0_.board_title as board_ti5_4_1_, boardlist0_.user_id as user_id8_4_1_, boardlist0_.board_views as board_vi6_4_1_ from board boardlist0_ where boardlist0_.category_id=?
Hibernate: delete from category where category_id=?
Hibernate: select user0_.user_id as user_id1_21_0_, user0_.character_id as characte7_21_0_, user0_.user_created_at as user_cre2_21_0_, user0_.user_name as user_nam3_21_0_, user0_.user_phone_number as user_pho4_21_0_, user0_.user_user_id as user_use5_21_0_, user0_.user_user_password as user_use6_21_0_ from user user0_ where user0_.user_id=?
Hibernate: select character0_.character_id as characte1_6_0_, character0_.character_character_name as characte2_6_0_ from characters character0_ where character0_.character_id=?
Hibernate: select count(*) as col_0_0_ from user user0_ where user0_.user_id=?
Hibernate: select character1_.character_id as characte1_6_, character1_.character_character_name as characte2_6_ from user user0_ inner join characters character1_ on user0_.character_id=character1_.character_id where user0_.user_id=?
Hibernate: select permission0_.character_id as characte6_12_0_, permission0_.permission_id as permissi1_12_0_, permission0_.permission_id as permissi1_12_1_, permission0_.character_id as characte6_12_1_, permission0_.permission_name as permissi2_12_1_, permission0_.permission_permission_unit_id as permissi3_12_1_, permission0_.permission_service as permissi4_12_1_, permission0_.permission_status as permissi5_12_1_ from permission permission0_ where permission0_.character_id=?
Hibernate: select count(*) as col_0_0_ from category category0_ where category0_.category_id=?
Hibernate: select count(board0_.board_id) as col_0_0_ from board board0_ where board0_.category_id=?
Hibernate: select category0_.category_id as category1_5_0_, category0_.category_name as category2_5_0_ from category category0_ where category0_.category_id=?
Hibernate: select boardlist0_.category_id as category7_4_0_, boardlist0_.board_id as board_id1_4_0_, boardlist0_.board_id as board_id1_4_1_, boardlist0_.category_id as category7_4_1_, boardlist0_.board_content as board_co2_4_1_, boardlist0_.board_created_at as board_cr3_4_1_, boardlist0_.board_last_modified_at as board_la4_4_1_, boardlist0_.board_title as board_ti5_4_1_, boardlist0_.user_id as user_id8_4_1_, boardlist0_.board_views as board_vi6_4_1_ from board boardlist0_ where boardlist0_.category_id=?
Hibernate: delete from category where category_id=?
Hibernate: select user0_.user_id as user_id1_21_0_, user0_.character_id as characte7_21_0_, user0_.user_created_at as user_cre2_21_0_, user0_.user_name as user_nam3_21_0_, user0_.user_phone_number as user_pho4_21_0_, user0_.user_user_id as user_use5_21_0_, user0_.user_user_password as user_use6_21_0_ from user user0_ where user0_.user_id=?
Hibernate: select character0_.character_id as characte1_6_0_, character0_.character_character_name as characte2_6_0_ from characters character0_ where character0_.character_id=?
Hibernate: select count(*) as col_0_0_ from user user0_ where user0_.user_id=?
Hibernate: select character1_.character_id as characte1_6_, character1_.character_character_name as characte2_6_ from user user0_ inner join characters character1_ on user0_.character_id=character1_.character_id where user0_.user_id=?
Hibernate: select permission0_.character_id as characte6_12_0_, permission0_.permission_id as permissi1_12_0_, permission0_.permission_id as permissi1_12_1_, permission0_.character_id as characte6_12_1_, permission0_.permission_name as permissi2_12_1_, permission0_.permission_permission_unit_id as permissi3_12_1_, permission0_.permission_service as permissi4_12_1_, permission0_.permission_status as permissi5_12_1_ from permission permission0_ where permission0_.character_id=?
Hibernate: select category0_.category_id as col_0_0_ from category category0_ where category0_.category_name=? limit ?
Hibernate: select category0_.category_id as category1_5_1_, category0_.category_name as category2_5_1_, boardlist1_.category_id as category7_4_3_, boardlist1_.board_id as board_id1_4_3_, boardlist1_.board_id as board_id1_4_0_, boardlist1_.category_id as category7_4_0_, boardlist1_.board_content as board_co2_4_0_, boardlist1_.board_created_at as board_cr3_4_0_, boardlist1_.board_last_modified_at as board_la4_4_0_, boardlist1_.board_title as board_ti5_4_0_, boardlist1_.user_id as user_id8_4_0_, boardlist1_.board_views as board_vi6_4_0_ from category category0_ left outer join board boardlist1_ on category0_.category_id=boardlist1_.category_id where category0_.category_id=?
Hibernate: insert into category (category_id, category_name) values (default, ?)
Hibernate: select user0_.user_id as user_id1_21_0_, user0_.character_id as characte7_21_0_, user0_.user_created_at as user_cre2_21_0_, user0_.user_name as user_nam3_21_0_, user0_.user_phone_number as user_pho4_21_0_, user0_.user_user_id as user_use5_21_0_, user0_.user_user_password as user_use6_21_0_ from user user0_ where user0_.user_id=?
Hibernate: select character0_.character_id as characte1_6_0_, character0_.character_character_name as characte2_6_0_ from characters character0_ where character0_.character_id=?
Hibernate: select count(*) as col_0_0_ from user user0_ where user0_.user_id=?
Hibernate: select character1_.character_id as characte1_6_, character1_.character_character_name as characte2_6_ from user user0_ inner join characters character1_ on user0_.character_id=character1_.character_id where user0_.user_id=?
Hibernate: select permission0_.character_id as characte6_12_0_, permission0_.permission_id as permissi1_12_0_, permission0_.permission_id as permissi1_12_1_, permission0_.character_id as characte6_12_1_, permission0_.permission_name as permissi2_12_1_, permission0_.permission_permission_unit_id as permissi3_12_1_, permission0_.permission_service as permissi4_12_1_, permission0_.permission_status as permissi5_12_1_ from permission permission0_ where permission0_.character_id=?
Hibernate: select category0_.category_id as col_0_0_ from category category0_ where category0_.category_name=? limit ?
Hibernate: select category0_.category_id as category1_5_1_, category0_.category_name as category2_5_1_, boardlist1_.category_id as category7_4_3_, boardlist1_.board_id as board_id1_4_3_, boardlist1_.board_id as board_id1_4_0_, boardlist1_.category_id as category7_4_0_, boardlist1_.board_content as board_co2_4_0_, boardlist1_.board_created_at as board_cr3_4_0_, boardlist1_.board_last_modified_at as board_la4_4_0_, boardlist1_.board_title as board_ti5_4_0_, boardlist1_.user_id as user_id8_4_0_, boardlist1_.board_views as board_vi6_4_0_ from category category0_ left outer join board boardlist1_ on category0_.category_id=boardlist1_.category_id where category0_.category_id=?
Hibernate: insert into category (category_id, category_name) values (default, ?)
Hibernate: select user0_.user_id as col_0_0_ from user user0_ where user0_.user_user_id=? limit ?
Hibernate: select user0_.user_id as col_0_0_ from user user0_ where user0_.user_user_id=? limit ?
Hibernate: select U.* from USER U where U.USER_USER_ID =?
Hibernate: select character0_.character_id as characte1_6_0_, character0_.character_character_name as characte2_6_0_ from characters character0_ where character0_.character_id=?
Hibernate: select user0_.user_id as col_0_0_ from user user0_ where user0_.user_user_id=? limit ?
Hibernate: select user0_.user_id as col_0_0_ from user user0_ where user0_.user_user_id=? limit ?
Hibernate: select U.* from USER U where U.USER_USER_ID =?
Hibernate: select character0_.character_id as characte1_6_0_, character0_.character_character_name as characte2_6_0_ from characters character0_ where character0_.character_id=?
Hibernate: select user0_.user_id as user_id1_21_0_, user0_.character_id as characte7_21_0_, user0_.user_created_at as user_cre2_21_0_, user0_.user_name as user_nam3_21_0_, user0_.user_phone_number as user_pho4_21_0_, user0_.user_user_id as user_use5_21_0_, user0_.user_user_password as user_use6_21_0_ from user user0_ where user0_.user_id=?
Hibernate: select character0_.character_id as characte1_6_0_, character0_.character_character_name as characte2_6_0_ from characters character0_ where character0_.character_id=?
Hibernate: select count(*) as col_0_0_ from board board0_
Hibernate: select count(*) as col_0_0_ from board board0_
Hibernate: select user0_.user_id as col_0_0_ from user user0_ where user0_.user_user_id=? limit ?
Hibernate: select user0_.user_id as col_0_0_ from user user0_ where user0_.user_user_id=? limit ?
Hibernate: select U.* from USER U where U.USER_USER_ID =?
Hibernate: select character0_.character_id as characte1_6_0_, character0_.character_character_name as characte2_6_0_ from characters character0_ where character0_.character_id=?
Hibernate: select user0_.user_id as user_id1_21_0_, user0_.character_id as characte7_21_0_, user0_.user_created_at as user_cre2_21_0_, user0_.user_name as user_nam3_21_0_, user0_.user_phone_number as user_pho4_21_0_, user0_.user_user_id as user_use5_21_0_, user0_.user_user_password as user_use6_21_0_ from user user0_ where user0_.user_id=?
Hibernate: select character0_.character_id as characte1_6_0_, character0_.character_character_name as characte2_6_0_ from characters character0_ where character0_.character_id=?
Hibernate: select category0_.category_id as category1_5_, category0_.category_name as category2_5_ from category category0_
Hibernate: select boardlist0_.category_id as category7_4_0_, boardlist0_.board_id as board_id1_4_0_, boardlist0_.board_id as board_id1_4_1_, boardlist0_.category_id as category7_4_1_, boardlist0_.board_content as board_co2_4_1_, boardlist0_.board_created_at as board_cr3_4_1_, boardlist0_.board_last_modified_at as board_la4_4_1_, boardlist0_.board_title as board_ti5_4_1_, boardlist0_.user_id as user_id8_4_1_, boardlist0_.board_views as board_vi6_4_1_ from board boardlist0_ where boardlist0_.category_id=?
Hibernate: select boardlist0_.category_id as category7_4_0_, boardlist0_.board_id as board_id1_4_0_, boardlist0_.board_id as board_id1_4_1_, boardlist0_.category_id as category7_4_1_, boardlist0_.board_content as board_co2_4_1_, boardlist0_.board_created_at as board_cr3_4_1_, boardlist0_.board_last_modified_at as board_la4_4_1_, boardlist0_.board_title as board_ti5_4_1_, boardlist0_.user_id as user_id8_4_1_, boardlist0_.board_views as board_vi6_4_1_ from board boardlist0_ where boardlist0_.category_id=?
Hibernate: select user0_.user_id as user_id1_21_0_, user0_.character_id as characte7_21_0_, user0_.user_created_at as user_cre2_21_0_, user0_.user_name as user_nam3_21_0_, user0_.user_phone_number as user_pho4_21_0_, user0_.user_user_id as user_use5_21_0_, user0_.user_user_password as user_use6_21_0_ from user user0_ where user0_.user_id=?
Hibernate: select character0_.character_id as characte1_6_0_, character0_.character_character_name as characte2_6_0_ from characters character0_ where character0_.character_id=?
Hibernate: select count(*) as col_0_0_ from user user0_ where user0_.user_id=?
Hibernate: select character1_.character_id as characte1_6_, character1_.character_character_name as characte2_6_ from user user0_ inner join characters character1_ on user0_.character_id=character1_.character_id where user0_.user_id=?
Hibernate: select permission0_.character_id as characte6_12_0_, permission0_.permission_id as permissi1_12_0_, permission0_.permission_id as permissi1_12_1_, permission0_.character_id as characte6_12_1_, permission0_.permission_name as permissi2_12_1_, permission0_.permission_permission_unit_id as permissi3_12_1_, permission0_.permission_service as permissi4_12_1_, permission0_.permission_status as permissi5_12_1_ from permission permission0_ where permission0_.character_id=?
Hibernate: select count(*) as col_0_0_ from category category0_ where category0_.category_id=?
Hibernate: select count(board0_.board_id) as col_0_0_ from board board0_ where board0_.category_id=?
Hibernate: select category0_.category_id as category1_5_0_, category0_.category_name as category2_5_0_ from category category0_ where category0_.category_id=?
Hibernate: select boardlist0_.category_id as category7_4_0_, boardlist0_.board_id as board_id1_4_0_, boardlist0_.board_id as board_id1_4_1_, boardlist0_.category_id as category7_4_1_, boardlist0_.board_content as board_co2_4_1_, boardlist0_.board_created_at as board_cr3_4_1_, boardlist0_.board_last_modified_at as board_la4_4_1_, boardlist0_.board_title as board_ti5_4_1_, boardlist0_.user_id as user_id8_4_1_, boardlist0_.board_views as board_vi6_4_1_ from board boardlist0_ where boardlist0_.category_id=?
Hibernate: delete from category where category_id=?
Hibernate: select user0_.user_id as user_id1_21_0_, user0_.character_id as characte7_21_0_, user0_.user_created_at as user_cre2_21_0_, user0_.user_name as user_nam3_21_0_, user0_.user_phone_number as user_pho4_21_0_, user0_.user_user_id as user_use5_21_0_, user0_.user_user_password as user_use6_21_0_ from user user0_ where user0_.user_id=?
Hibernate: select character0_.character_id as characte1_6_0_, character0_.character_character_name as characte2_6_0_ from characters character0_ where character0_.character_id=?
Hibernate: select count(*) as col_0_0_ from user user0_ where user0_.user_id=?
Hibernate: select character1_.character_id as characte1_6_, character1_.character_character_name as characte2_6_ from user user0_ inner join characters character1_ on user0_.character_id=character1_.character_id where user0_.user_id=?
Hibernate: select permission0_.character_id as characte6_12_0_, permission0_.permission_id as permissi1_12_0_, permission0_.permission_id as permissi1_12_1_, permission0_.character_id as characte6_12_1_, permission0_.permission_name as permissi2_12_1_, permission0_.permission_permission_unit_id as permissi3_12_1_, permission0_.permission_service as permissi4_12_1_, permission0_.permission_status as permissi5_12_1_ from permission permission0_ where permission0_.character_id=?
Hibernate: select count(*) as col_0_0_ from category category0_ where category0_.category_id=?
Hibernate: select count(board0_.board_id) as col_0_0_ from board board0_ where board0_.category_id=?
Hibernate: select category0_.category_id as category1_5_0_, category0_.category_name as category2_5_0_ from category category0_ where category0_.category_id=?
Hibernate: select boardlist0_.category_id as category7_4_0_, boardlist0_.board_id as board_id1_4_0_, boardlist0_.board_id as board_id1_4_1_, boardlist0_.category_id as category7_4_1_, boardlist0_.board_content as board_co2_4_1_, boardlist0_.board_created_at as board_cr3_4_1_, boardlist0_.board_last_modified_at as board_la4_4_1_, boardlist0_.board_title as board_ti5_4_1_, boardlist0_.user_id as user_id8_4_1_, boardlist0_.board_views as board_vi6_4_1_ from board boardlist0_ where boardlist0_.category_id=?
Hibernate: delete from category where category_id=?
Hibernate: select user0_.user_id as user_id1_21_0_, user0_.character_id as characte7_21_0_, user0_.user_created_at as user_cre2_21_0_, user0_.user_name as user_nam3_21_0_, user0_.user_phone_number as user_pho4_21_0_, user0_.user_user_id as user_use5_21_0_, user0_.user_user_password as user_use6_21_0_ from user user0_ where user0_.user_id=?
Hibernate: select character0_.character_id as characte1_6_0_, character0_.character_character_name as characte2_6_0_ from characters character0_ where character0_.character_id=?
Hibernate: select count(*) as col_0_0_ from user user0_ where user0_.user_id=?
Hibernate: select character1_.character_id as characte1_6_, character1_.character_character_name as characte2_6_ from user user0_ inner join characters character1_ on user0_.character_id=character1_.character_id where user0_.user_id=?
Hibernate: select permission0_.character_id as characte6_12_0_, permission0_.permission_id as permissi1_12_0_, permission0_.permission_id as permissi1_12_1_, permission0_.character_id as characte6_12_1_, permission0_.permission_name as permissi2_12_1_, permission0_.permission_permission_unit_id as permissi3_12_1_, permission0_.permission_service as permissi4_12_1_, permission0_.permission_status as permissi5_12_1_ from permission permission0_ where permission0_.character_id=?
Hibernate: select category0_.category_id as col_0_0_ from category category0_ where category0_.category_name=? limit ?
Hibernate: select category0_.category_id as category1_5_1_, category0_.category_name as category2_5_1_, boardlist1_.category_id as category7_4_3_, boardlist1_.board_id as board_id1_4_3_, boardlist1_.board_id as board_id1_4_0_, boardlist1_.category_id as category7_4_0_, boardlist1_.board_content as board_co2_4_0_, boardlist1_.board_created_at as board_cr3_4_0_, boardlist1_.board_last_modified_at as board_la4_4_0_, boardlist1_.board_title as board_ti5_4_0_, boardlist1_.user_id as user_id8_4_0_, boardlist1_.board_views as board_vi6_4_0_ from category category0_ left outer join board boardlist1_ on category0_.category_id=boardlist1_.category_id where category0_.category_id=?
Hibernate: insert into category (category_id, category_name) values (default, ?)
Hibernate: select user0_.user_id as user_id1_21_0_, user0_.character_id as characte7_21_0_, user0_.user_created_at as user_cre2_21_0_, user0_.user_name as user_nam3_21_0_, user0_.user_phone_number as user_pho4_21_0_, user0_.user_user_id as user_use5_21_0_, user0_.user_user_password as user_use6_21_0_ from user user0_ where user0_.user_id=?
Hibernate: select character0_.character_id as characte1_6_0_, character0_.character_character_name as characte2_6_0_ from characters character0_ where character0_.character_id=?
Hibernate: select count(*) as col_0_0_ from user user0_ where user0_.user_id=?
Hibernate: select character1_.character_id as characte1_6_, character1_.character_character_name as characte2_6_ from user user0_ inner join characters character1_ on user0_.character_id=character1_.character_id where user0_.user_id=?
Hibernate: select permission0_.character_id as characte6_12_0_, permission0_.permission_id as permissi1_12_0_, permission0_.permission_id as permissi1_12_1_, permission0_.character_id as characte6_12_1_, permission0_.permission_name as permissi2_12_1_, permission0_.permission_permission_unit_id as permissi3_12_1_, permission0_.permission_service as permissi4_12_1_, permission0_.permission_status as permissi5_12_1_ from permission permission0_ where permission0_.character_id=?
Hibernate: select category0_.category_id as col_0_0_ from category category0_ where category0_.category_name=? limit ?
Hibernate: select category0_.category_id as category1_5_1_, category0_.category_name as category2_5_1_, boardlist1_.category_id as category7_4_3_, boardlist1_.board_id as board_id1_4_3_, boardlist1_.board_id as board_id1_4_0_, boardlist1_.category_id as category7_4_0_, boardlist1_.board_content as board_co2_4_0_, boardlist1_.board_created_at as board_cr3_4_0_, boardlist1_.board_last_modified_at as board_la4_4_0_, boardlist1_.board_title as board_ti5_4_0_, boardlist1_.user_id as user_id8_4_0_, boardlist1_.board_views as board_vi6_4_0_ from category category0_ left outer join board boardlist1_ on category0_.category_id=boardlist1_.category_id where category0_.category_id=?
Hibernate: insert into category (category_id, category_name) values (default, ?)
Hibernate: select user0_.user_id as col_0_0_ from user user0_ where user0_.user_user_id=? limit ?
Hibernate: select user0_.user_id as col_0_0_ from user user0_ where user0_.user_user_id=? limit ?
Hibernate: select U.* from USER U where U.USER_USER_ID =?
Hibernate: select character0_.character_id as characte1_6_0_, character0_.character_character_name as characte2_6_0_ from characters character0_ where character0_.character_id=?
Hibernate: select user0_.user_id as col_0_0_ from user user0_ where user0_.user_user_id=? limit ?
Hibernate: select user0_.user_id as col_0_0_ from user user0_ where user0_.user_user_id=? limit ?
Hibernate: select U.* from USER U where U.USER_USER_ID =?
Hibernate: select character0_.character_id as characte1_6_0_, character0_.character_character_name as characte2_6_0_ from characters character0_ where character0_.character_id=?
Hibernate: select user0_.user_id as user_id1_21_0_, user0_.character_id as characte7_21_0_, user0_.user_created_at as user_cre2_21_0_, user0_.user_name as user_nam3_21_0_, user0_.user_phone_number as user_pho4_21_0_, user0_.user_user_id as user_use5_21_0_, user0_.user_user_password as user_use6_21_0_ from user user0_ where user0_.user_id=?
Hibernate: select character0_.character_id as characte1_6_0_, character0_.character_character_name as characte2_6_0_ from characters character0_ where character0_.character_id=?
Hibernate: select count(*) as col_0_0_ from user user0_ where user0_.user_id=?
Hibernate: select character1_.character_id as characte1_6_, character1_.character_character_name as characte2_6_ from user user0_ inner join characters character1_ on user0_.character_id=character1_.character_id where user0_.user_id=?
Hibernate: select permission0_.character_id as characte6_12_0_, permission0_.permission_id as permissi1_12_0_, permission0_.permission_id as permissi1_12_1_, permission0_.character_id as characte6_12_1_, permission0_.permission_name as permissi2_12_1_, permission0_.permission_permission_unit_id as permissi3_12_1_, permission0_.permission_service as permissi4_12_1_, permission0_.permission_status as permissi5_12_1_ from permission permission0_ where permission0_.character_id=?
Hibernate: select category0_.category_id as col_0_0_ from category category0_ where category0_.category_name=? limit ?
Hibernate: select category0_.category_id as category1_5_1_, category0_.category_name as category2_5_1_, boardlist1_.category_id as category7_4_3_, boardlist1_.board_id as board_id1_4_3_, boardlist1_.board_id as board_id1_4_0_, boardlist1_.category_id as category7_4_0_, boardlist1_.board_content as board_co2_4_0_, boardlist1_.board_created_at as board_cr3_4_0_, boardlist1_.board_last_modified_at as board_la4_4_0_, boardlist1_.board_title as board_ti5_4_0_, boardlist1_.user_id as user_id8_4_0_, boardlist1_.board_views as board_vi6_4_0_ from category category0_ left outer join board boardlist1_ on category0_.category_id=boardlist1_.category_id where category0_.category_id=?
Hibernate: insert into category (category_id, category_name) values (default, ?)
Hibernate: select user0_.user_id as user_id1_21_0_, user0_.character_id as characte7_21_0_, user0_.user_created_at as user_cre2_21_0_, user0_.user_name as user_nam3_21_0_, user0_.user_phone_number as user_pho4_21_0_, user0_.user_user_id as user_use5_21_0_, user0_.user_user_password as user_use6_21_0_ from user user0_ where user0_.user_id=?
Hibernate: select character0_.character_id as characte1_6_0_, character0_.character_character_name as characte2_6_0_ from characters character0_ where character0_.character_id=?
Hibernate: select category0_.category_id as category1_5_, category0_.category_name as category2_5_ from category category0_
Hibernate: select boardlist0_.category_id as category7_4_0_, boardlist0_.board_id as board_id1_4_0_, boardlist0_.board_id as board_id1_4_1_, boardlist0_.category_id as category7_4_1_, boardlist0_.board_content as board_co2_4_1_, boardlist0_.board_created_at as board_cr3_4_1_, boardlist0_.board_last_modified_at as board_la4_4_1_, boardlist0_.board_title as board_ti5_4_1_, boardlist0_.user_id as user_id8_4_1_, boardlist0_.board_views as board_vi6_4_1_ from board boardlist0_ where boardlist0_.category_id=?
Hibernate: select boardlist0_.category_id as category7_4_0_, boardlist0_.board_id as board_id1_4_0_, boardlist0_.board_id as board_id1_4_1_, boardlist0_.category_id as category7_4_1_, boardlist0_.board_content as board_co2_4_1_, boardlist0_.board_created_at as board_cr3_4_1_, boardlist0_.board_last_modified_at as board_la4_4_1_, boardlist0_.board_title as board_ti5_4_1_, boardlist0_.user_id as user_id8_4_1_, boardlist0_.board_views as board_vi6_4_1_ from board boardlist0_ where boardlist0_.category_id=?
Hibernate: select boardlist0_.category_id as category7_4_0_, boardlist0_.board_id as board_id1_4_0_, boardlist0_.board_id as board_id1_4_1_, boardlist0_.category_id as category7_4_1_, boardlist0_.board_content as board_co2_4_1_, boardlist0_.board_created_at as board_cr3_4_1_, boardlist0_.board_last_modified_at as board_la4_4_1_, boardlist0_.board_title as board_ti5_4_1_, boardlist0_.user_id as user_id8_4_1_, boardlist0_.board_views as board_vi6_4_1_ from board boardlist0_ where boardlist0_.category_id=?
Hibernate: select user0_.user_id as col_0_0_ from user user0_ where user0_.user_user_id=? limit ?
Hibernate: select user0_.user_id as col_0_0_ from user user0_ where user0_.user_user_id=? limit ?
Hibernate: select U.* from USER U where U.USER_USER_ID =?
Hibernate: select character0_.character_id as characte1_6_0_, character0_.character_character_name as characte2_6_0_ from characters character0_ where character0_.character_id=?
Hibernate: select user0_.user_id as col_0_0_ from user user0_ where user0_.user_user_id=? limit ?
Hibernate: select userjoinin0_.user_joining_pool_id as col_0_0_ from user_joining_pool userjoinin0_ where userjoinin0_.user_user_id=? limit ?
Hibernate: select character0_.character_id as col_0_0_ from characters character0_ where character0_.character_character_name=? limit ?
Hibernate: insert into user_joining_pool (user_joining_pool_id, user_created_at, user_name, user_phone_number, user_user_id, user_user_password) values (default, ?, ?, ?, ?, ?)
Hibernate: select user0_.user_id as user_id1_21_0_, user0_.character_id as characte7_21_0_, user0_.user_created_at as user_cre2_21_0_, user0_.user_name as user_nam3_21_0_, user0_.user_phone_number as user_pho4_21_0_, user0_.user_user_id as user_use5_21_0_, user0_.user_user_password as user_use6_21_0_ from user user0_ where user0_.user_id=?
Hibernate: select character0_.character_id as characte1_6_0_, character0_.character_character_name as characte2_6_0_ from characters character0_ where character0_.character_id=?
Hibernate: select count(*) as col_0_0_ from user user0_ where user0_.user_id=?
Hibernate: select character1_.character_id as characte1_6_, character1_.character_character_name as characte2_6_ from user user0_ inner join characters character1_ on user0_.character_id=character1_.character_id where user0_.user_id=?
Hibernate: select permission0_.character_id as characte6_12_0_, permission0_.permission_id as permissi1_12_0_, permission0_.permission_id as permissi1_12_1_, permission0_.character_id as characte6_12_1_, permission0_.permission_name as permissi2_12_1_, permission0_.permission_permission_unit_id as permissi3_12_1_, permission0_.permission_service as permissi4_12_1_, permission0_.permission_status as permissi5_12_1_ from permission permission0_ where permission0_.character_id=?
Hibernate: select userjoinin0_.user_joining_pool_id as col_0_0_ from user_joining_pool userjoinin0_ where userjoinin0_.user_user_id=? limit ?
Hibernate: select userjoinin0_.user_joining_pool_id as user_joi1_22_, userjoinin0_.user_created_at as user_cre2_22_, userjoinin0_.user_name as user_nam3_22_, userjoinin0_.user_phone_number as user_pho4_22_, userjoinin0_.user_user_id as user_use5_22_, userjoinin0_.user_user_password as user_use6_22_ from user_joining_pool userjoinin0_ where userjoinin0_.user_user_id=?
Hibernate: select character0_.character_id as characte1_6_, character0_.character_character_name as characte2_6_ from characters character0_ where character0_.character_character_name=?
Hibernate: insert into user (user_id, character_id, user_created_at, user_name, user_phone_number, user_user_id, user_user_password) values (default, ?, ?, ?, ?, ?, ?)
Hibernate: DELETE FROM USER_JOINING_POOL as JU where JU.USER_USER_ID =?
Hibernate: select user0_.user_id as col_0_0_ from user user0_ where user0_.user_user_id=? limit ?
Hibernate: select user0_.user_id as col_0_0_ from user user0_ where user0_.user_user_id=? limit ?
Hibernate: select U.* from USER U where U.USER_USER_ID =?
Hibernate: select character0_.character_id as characte1_6_0_, character0_.character_character_name as characte2_6_0_ from characters character0_ where character0_.character_id=?
Hibernate: select user0_.user_id as user_id1_21_0_, user0_.character_id as characte7_21_0_, user0_.user_created_at as user_cre2_21_0_, user0_.user_name as user_nam3_21_0_, user0_.user_phone_number as user_pho4_21_0_, user0_.user_user_id as user_use5_21_0_, user0_.user_user_password as user_use6_21_0_ from user user0_ where user0_.user_id=?
Hibernate: select character0_.character_id as characte1_6_0_, character0_.character_character_name as characte2_6_0_ from characters character0_ where character0_.character_id=?
Hibernate: select count(*) as col_0_0_ from user user0_ where user0_.user_id=?
Hibernate: select character1_.character_id as characte1_6_, character1_.character_character_name as characte2_6_ from user user0_ inner join characters character1_ on user0_.character_id=character1_.character_id where user0_.user_id=?
Hibernate: select permission0_.character_id as characte6_12_0_, permission0_.permission_id as permissi1_12_0_, permission0_.permission_id as permissi1_12_1_, permission0_.character_id as characte6_12_1_, permission0_.permission_name as permissi2_12_1_, permission0_.permission_permission_unit_id as permissi3_12_1_, permission0_.permission_service as permissi4_12_1_, permission0_.permission_status as permissi5_12_1_ from permission permission0_ where permission0_.character_id=?
Hibernate: select count(*) as col_0_0_ from category category0_ where category0_.category_id=?
Hibernate: insert into filename (filename_id, filename_origin, filename_uuid) values (default, ?, ?)
Hibernate: insert into filename (filename_id, filename_origin, filename_uuid) values (default, ?, ?)
Hibernate: select category0_.category_id as category1_5_0_, category0_.category_name as category2_5_0_ from category category0_ where category0_.category_id=?
Hibernate: insert into board (board_id, category_id, board_content, board_created_at, board_last_modified_at, board_title, user_id, board_views) values (default, ?, ?, ?, ?, ?, ?, ?)
Hibernate: insert into reaction (reaction_id, board_id, reaction_type) values (default, ?, ?)
Hibernate: insert into reaction (reaction_id, board_id, reaction_type) values (default, ?, ?)
Hibernate: insert into reaction (reaction_id, board_id, reaction_type) values (default, ?, ?)
Hibernate: insert into reaction (reaction_id, board_id, reaction_type) values (default, ?, ?)
Hibernate: insert into reaction (reaction_id, board_id, reaction_type) values (default, ?, ?)
Hibernate: insert into reaction (reaction_id, board_id, reaction_type) values (default, ?, ?)
Hibernate: insert into file_path_list (board_board_id, board_file_path_list) values (?, ?)
Hibernate: insert into image_path_list (board_board_id, board_image_path_list) values (?, ?)
Hibernate: select user0_.user_id as user_id1_21_0_, user0_.character_id as characte7_21_0_, user0_.user_created_at as user_cre2_21_0_, user0_.user_name as user_nam3_21_0_, user0_.user_phone_number as user_pho4_21_0_, user0_.user_user_id as user_use5_21_0_, user0_.user_user_password as user_use6_21_0_ from user user0_ where user0_.user_id=?
Hibernate: select character0_.character_id as characte1_6_0_, character0_.character_character_name as characte2_6_0_ from characters character0_ where character0_.character_id=?
Hibernate: select count(*) as col_0_0_ from board board0_
Hibernate: select board0_.board_id as board_id1_4_, board0_.category_id as category7_4_, board0_.board_content as board_co2_4_, board0_.board_created_at as board_cr3_4_, board0_.board_last_modified_at as board_la4_4_, board0_.board_title as board_ti5_4_, board0_.user_id as user_id8_4_, board0_.board_views as board_vi6_4_ from board board0_ limit ?
Hibernate: select category0_.category_id as category1_5_0_, category0_.category_name as category2_5_0_ from category category0_ where category0_.category_id=?
Hibernate: select reactionli0_.board_id as board_id3_13_0_, reactionli0_.reaction_id as reaction1_13_0_, reactionli0_.reaction_id as reaction1_13_1_, reactionli0_.board_id as board_id3_13_1_, reactionli0_.reaction_type as reaction2_13_1_ from reaction reactionli0_ where reactionli0_.board_id=?
Hibernate: select reactionus0_.reaction_id as reaction2_14_0_, reactionus0_.reaction_user_id as reaction1_14_0_, reactionus0_.reaction_user_id as reaction1_14_1_, reactionus0_.reaction_id as reaction2_14_1_, reactionus0_.user_id as user_id3_14_1_ from reaction_user reactionus0_ where reactionus0_.reaction_id=?
Hibernate: select reactionus0_.reaction_id as reaction2_14_0_, reactionus0_.reaction_user_id as reaction1_14_0_, reactionus0_.reaction_user_id as reaction1_14_1_, reactionus0_.reaction_id as reaction2_14_1_, reactionus0_.user_id as user_id3_14_1_ from reaction_user reactionus0_ where reactionus0_.reaction_id=?
Hibernate: select reactionus0_.reaction_id as reaction2_14_0_, reactionus0_.reaction_user_id as reaction1_14_0_, reactionus0_.reaction_user_id as reaction1_14_1_, reactionus0_.reaction_id as reaction2_14_1_, reactionus0_.user_id as user_id3_14_1_ from reaction_user reactionus0_ where reactionus0_.reaction_id=?
Hibernate: select reactionus0_.reaction_id as reaction2_14_0_, reactionus0_.reaction_user_id as reaction1_14_0_, reactionus0_.reaction_user_id as reaction1_14_1_, reactionus0_.reaction_id as reaction2_14_1_, reactionus0_.user_id as user_id3_14_1_ from reaction_user reactionus0_ where reactionus0_.reaction_id=?
Hibernate: select reactionus0_.reaction_id as reaction2_14_0_, reactionus0_.reaction_user_id as reaction1_14_0_, reactionus0_.reaction_user_id as reaction1_14_1_, reactionus0_.reaction_id as reaction2_14_1_, reactionus0_.user_id as user_id3_14_1_ from reaction_user reactionus0_ where reactionus0_.reaction_id=?
Hibernate: select reactionus0_.reaction_id as reaction2_14_0_, reactionus0_.reaction_user_id as reaction1_14_0_, reactionus0_.reaction_user_id as reaction1_14_1_, reactionus0_.reaction_id as reaction2_14_1_, reactionus0_.user_id as user_id3_14_1_ from reaction_user reactionus0_ where reactionus0_.reaction_id=?
Hibernate: select commentlis0_.board_id as board_id5_7_0_, commentlis0_.comment_id as comment_1_7_0_, commentlis0_.comment_id as comment_1_7_1_, commentlis0_.board_id as board_id5_7_1_, commentlis0_.comment_content as comment_2_7_1_, commentlis0_.comment_created_at as comment_3_7_1_, commentlis0_.comment_last_modified_at as comment_4_7_1_, commentlis0_.user_id as user_id6_7_1_ from comment commentlis0_ where commentlis0_.board_id=?
Hibernate: select boardlist0_.category_id as category7_4_0_, boardlist0_.board_id as board_id1_4_0_, boardlist0_.board_id as board_id1_4_1_, boardlist0_.category_id as category7_4_1_, boardlist0_.board_content as board_co2_4_1_, boardlist0_.board_created_at as board_cr3_4_1_, boardlist0_.board_last_modified_at as board_la4_4_1_, boardlist0_.board_title as board_ti5_4_1_, boardlist0_.user_id as user_id8_4_1_, boardlist0_.board_views as board_vi6_4_1_ from board boardlist0_ where boardlist0_.category_id=?
Hibernate: select count(comment0_.comment_id) as col_0_0_ from comment comment0_ where comment0_.board_id=?
Hibernate: select count(*) as col_0_0_ from board board0_
Hibernate: select imagepathl0_.board_board_id as board_bo1_11_0_, imagepathl0_.board_image_path_list as board_im2_11_0_ from image_path_list imagepathl0_ where imagepathl0_.board_board_id=?
Hibernate: select filename0_.filename_id as filename1_9_, filename0_.filename_origin as filename2_9_, filename0_.filename_uuid as filename3_9_ from filename filename0_ where filename0_.filename_uuid=?
Hibernate: select filepathli0_.board_board_id as board_bo1_8_0_, filepathli0_.board_file_path_list as board_fi2_8_0_ from file_path_list filepathli0_ where filepathli0_.board_board_id=?
Hibernate: select filename0_.filename_id as filename1_9_, filename0_.filename_origin as filename2_9_, filename0_.filename_uuid as filename3_9_ from filename filename0_ where filename0_.filename_uuid=?
Hibernate: select U.* from USER U join BOARD B where U.USER_ID = B.USER_ID and B.BOARD_ID = ?
Hibernate: select character0_.character_id as characte1_6_0_, character0_.character_character_name as characte2_6_0_ from characters character0_ where character0_.character_id=?
Hibernate: select count(*) as col_0_0_ from user user0_ where user0_.user_id=?
Hibernate: select character1_.character_id as characte1_6_, character1_.character_character_name as characte2_6_ from user user0_ inner join characters character1_ on user0_.character_id=character1_.character_id where user0_.user_id=?
Hibernate: select permission0_.character_id as characte6_12_0_, permission0_.permission_id as permissi1_12_0_, permission0_.permission_id as permissi1_12_1_, permission0_.character_id as characte6_12_1_, permission0_.permission_name as permissi2_12_1_, permission0_.permission_permission_unit_id as permissi3_12_1_, permission0_.permission_service as permissi4_12_1_, permission0_.permission_status as permissi5_12_1_ from permission permission0_ where permission0_.character_id=?
Hibernate: select count(*) as col_0_0_ from board board0_ where board0_.board_id=?
Hibernate: select board0_.board_id as board_id1_4_0_, board0_.category_id as category7_4_0_, board0_.board_content as board_co2_4_0_, board0_.board_created_at as board_cr3_4_0_, board0_.board_last_modified_at as board_la4_4_0_, board0_.board_title as board_ti5_4_0_, board0_.user_id as user_id8_4_0_, board0_.board_views as board_vi6_4_0_ from board board0_ where board0_.board_id=?
Hibernate: select category0_.category_id as category1_5_0_, category0_.category_name as category2_5_0_ from category category0_ where category0_.category_id=?
Hibernate: select reactionli0_.board_id as board_id3_13_0_, reactionli0_.reaction_id as reaction1_13_0_, reactionli0_.reaction_id as reaction1_13_1_, reactionli0_.board_id as board_id3_13_1_, reactionli0_.reaction_type as reaction2_13_1_ from reaction reactionli0_ where reactionli0_.board_id=?
Hibernate: select reactionus0_.reaction_id as reaction2_14_0_, reactionus0_.reaction_user_id as reaction1_14_0_, reactionus0_.reaction_user_id as reaction1_14_1_, reactionus0_.reaction_id as reaction2_14_1_, reactionus0_.user_id as user_id3_14_1_ from reaction_user reactionus0_ where reactionus0_.reaction_id=?
Hibernate: select reactionus0_.reaction_id as reaction2_14_0_, reactionus0_.reaction_user_id as reaction1_14_0_, reactionus0_.reaction_user_id as reaction1_14_1_, reactionus0_.reaction_id as reaction2_14_1_, reactionus0_.user_id as user_id3_14_1_ from reaction_user reactionus0_ where reactionus0_.reaction_id=?
Hibernate: select reactionus0_.reaction_id as reaction2_14_0_, reactionus0_.reaction_user_id as reaction1_14_0_, reactionus0_.reaction_user_id as reaction1_14_1_, reactionus0_.reaction_id as reaction2_14_1_, reactionus0_.user_id as user_id3_14_1_ from reaction_user reactionus0_ where reactionus0_.reaction_id=?
Hibernate: select reactionus0_.reaction_id as reaction2_14_0_, reactionus0_.reaction_user_id as reaction1_14_0_, reactionus0_.reaction_user_id as reaction1_14_1_, reactionus0_.reaction_id as reaction2_14_1_, reactionus0_.user_id as user_id3_14_1_ from reaction_user reactionus0_ where reactionus0_.reaction_id=?
Hibernate: select reactionus0_.reaction_id as reaction2_14_0_, reactionus0_.reaction_user_id as reaction1_14_0_, reactionus0_.reaction_user_id as reaction1_14_1_, reactionus0_.reaction_id as reaction2_14_1_, reactionus0_.user_id as user_id3_14_1_ from reaction_user reactionus0_ where reactionus0_.reaction_id=?
Hibernate: select reactionus0_.reaction_id as reaction2_14_0_, reactionus0_.reaction_user_id as reaction1_14_0_, reactionus0_.reaction_user_id as reaction1_14_1_, reactionus0_.reaction_id as reaction2_14_1_, reactionus0_.user_id as user_id3_14_1_ from reaction_user reactionus0_ where reactionus0_.reaction_id=?
Hibernate: select commentlis0_.board_id as board_id5_7_0_, commentlis0_.comment_id as comment_1_7_0_, commentlis0_.comment_id as comment_1_7_1_, commentlis0_.board_id as board_id5_7_1_, commentlis0_.comment_content as comment_2_7_1_, commentlis0_.comment_created_at as comment_3_7_1_, commentlis0_.comment_last_modified_at as comment_4_7_1_, commentlis0_.user_id as user_id6_7_1_ from comment commentlis0_ where commentlis0_.board_id=?
Hibernate: select boardlist0_.category_id as category7_4_0_, boardlist0_.board_id as board_id1_4_0_, boardlist0_.board_id as board_id1_4_1_, boardlist0_.category_id as category7_4_1_, boardlist0_.board_content as board_co2_4_1_, boardlist0_.board_created_at as board_cr3_4_1_, boardlist0_.board_last_modified_at as board_la4_4_1_, boardlist0_.board_title as board_ti5_4_1_, boardlist0_.user_id as user_id8_4_1_, boardlist0_.board_views as board_vi6_4_1_ from board boardlist0_ where boardlist0_.category_id=?
Hibernate: select count(comment0_.comment_id) as col_0_0_ from comment comment0_ where comment0_.board_id=?
Hibernate: update board set category_id=?, board_content=?, board_created_at=?, board_last_modified_at=?, board_title=?, user_id=?, board_views=? where board_id=?
Hibernate: select filepathli0_.board_board_id as board_bo1_8_0_, filepathli0_.board_file_path_list as board_fi2_8_0_ from file_path_list filepathli0_ where filepathli0_.board_board_id=?
Hibernate: select filename0_.filename_id as filename1_9_, filename0_.filename_origin as filename2_9_, filename0_.filename_uuid as filename3_9_ from filename filename0_ where filename0_.filename_uuid=?
Hibernate: delete from filename where filename_id=?
Hibernate: select imagepathl0_.board_board_id as board_bo1_11_0_, imagepathl0_.board_image_path_list as board_im2_11_0_ from image_path_list imagepathl0_ where imagepathl0_.board_board_id=?
Hibernate: select filename0_.filename_id as filename1_9_, filename0_.filename_origin as filename2_9_, filename0_.filename_uuid as filename3_9_ from filename filename0_ where filename0_.filename_uuid=?
Hibernate: delete from filename where filename_id=?
Hibernate: select count(*) as col_0_0_ from board board0_ where board0_.board_id=?
Hibernate: delete from file_path_list where board_board_id=?
Hibernate: delete from image_path_list where board_board_id=?
Hibernate: delete from reaction where reaction_id=?
Hibernate: delete from reaction where reaction_id=?
Hibernate: delete from reaction where reaction_id=?
Hibernate: delete from reaction where reaction_id=?
Hibernate: delete from reaction where reaction_id=?
Hibernate: delete from reaction where reaction_id=?
Hibernate: delete from board where board_id=?
Hibernate: select user0_.user_id as col_0_0_ from user user0_ where user0_.user_user_id=? limit ?
Hibernate: select user0_.user_id as col_0_0_ from user user0_ where user0_.user_user_id=? limit ?
Hibernate: select U.* from USER U where U.USER_USER_ID =?
Hibernate: select character0_.character_id as characte1_6_0_, character0_.character_character_name as characte2_6_0_ from characters character0_ where character0_.character_id=?
Hibernate: select user0_.user_id as user_id1_21_0_, user0_.character_id as characte7_21_0_, user0_.user_created_at as user_cre2_21_0_, user0_.user_name as user_nam3_21_0_, user0_.user_phone_number as user_pho4_21_0_, user0_.user_user_id as user_use5_21_0_, user0_.user_user_password as user_use6_21_0_ from user user0_ where user0_.user_id=?
Hibernate: select character0_.character_id as characte1_6_0_, character0_.character_character_name as characte2_6_0_ from characters character0_ where character0_.character_id=?
Hibernate: select count(*) as col_0_0_ from board board0_
Hibernate: select count(*) as col_0_0_ from board board0_
Hibernate: select user0_.user_id as col_0_0_ from user user0_ where user0_.user_user_id=? limit ?
Hibernate: select user0_.user_id as col_0_0_ from user user0_ where user0_.user_user_id=? limit ?
Hibernate: select U.* from USER U where U.USER_USER_ID =?
Hibernate: select character0_.character_id as characte1_6_0_, character0_.character_character_name as characte2_6_0_ from characters character0_ where character0_.character_id=?
Hibernate: select user0_.user_id as user_id1_21_0_, user0_.character_id as characte7_21_0_, user0_.user_created_at as user_cre2_21_0_, user0_.user_name as user_nam3_21_0_, user0_.user_phone_number as user_pho4_21_0_, user0_.user_user_id as user_use5_21_0_, user0_.user_user_password as user_use6_21_0_ from user user0_ where user0_.user_id=?
Hibernate: select character0_.character_id as characte1_6_0_, character0_.character_character_name as characte2_6_0_ from characters character0_ where character0_.character_id=?
Hibernate: select category0_.category_id as category1_5_, category0_.category_name as category2_5_ from category category0_
Hibernate: select boardlist0_.category_id as category7_4_0_, boardlist0_.board_id as board_id1_4_0_, boardlist0_.board_id as board_id1_4_1_, boardlist0_.category_id as category7_4_1_, boardlist0_.board_content as board_co2_4_1_, boardlist0_.board_created_at as board_cr3_4_1_, boardlist0_.board_last_modified_at as board_la4_4_1_, boardlist0_.board_title as board_ti5_4_1_, boardlist0_.user_id as user_id8_4_1_, boardlist0_.board_views as board_vi6_4_1_ from board boardlist0_ where boardlist0_.category_id=?
Hibernate: select boardlist0_.category_id as category7_4_0_, boardlist0_.board_id as board_id1_4_0_, boardlist0_.board_id as board_id1_4_1_, boardlist0_.category_id as category7_4_1_, boardlist0_.board_content as board_co2_4_1_, boardlist0_.board_created_at as board_cr3_4_1_, boardlist0_.board_last_modified_at as board_la4_4_1_, boardlist0_.board_title as board_ti5_4_1_, boardlist0_.user_id as user_id8_4_1_, boardlist0_.board_views as board_vi6_4_1_ from board boardlist0_ where boardlist0_.category_id=?
Hibernate: select boardlist0_.category_id as category7_4_0_, boardlist0_.board_id as board_id1_4_0_, boardlist0_.board_id as board_id1_4_1_, boardlist0_.category_id as category7_4_1_, boardlist0_.board_content as board_co2_4_1_, boardlist0_.board_created_at as board_cr3_4_1_, boardlist0_.board_last_modified_at as board_la4_4_1_, boardlist0_.board_title as board_ti5_4_1_, boardlist0_.user_id as user_id8_4_1_, boardlist0_.board_views as board_vi6_4_1_ from board boardlist0_ where boardlist0_.category_id=?
Hibernate: select user0_.user_id as user_id1_21_0_, user0_.character_id as characte7_21_0_, user0_.user_created_at as user_cre2_21_0_, user0_.user_name as user_nam3_21_0_, user0_.user_phone_number as user_pho4_21_0_, user0_.user_user_id as user_use5_21_0_, user0_.user_user_password as user_use6_21_0_ from user user0_ where user0_.user_id=?
Hibernate: select character0_.character_id as characte1_6_0_, character0_.character_character_name as characte2_6_0_ from characters character0_ where character0_.character_id=?
Hibernate: select count(*) as col_0_0_ from user user0_ where user0_.user_id=?
Hibernate: select character1_.character_id as characte1_6_, character1_.character_character_name as characte2_6_ from user user0_ inner join characters character1_ on user0_.character_id=character1_.character_id where user0_.user_id=?
Hibernate: select permission0_.character_id as characte6_12_0_, permission0_.permission_id as permissi1_12_0_, permission0_.permission_id as permissi1_12_1_, permission0_.character_id as characte6_12_1_, permission0_.permission_name as permissi2_12_1_, permission0_.permission_permission_unit_id as permissi3_12_1_, permission0_.permission_service as permissi4_12_1_, permission0_.permission_status as permissi5_12_1_ from permission permission0_ where permission0_.character_id=?
Hibernate: select count(*) as col_0_0_ from category category0_ where category0_.category_id=?
Hibernate: select count(board0_.board_id) as col_0_0_ from board board0_ where board0_.category_id=?
Hibernate: select category0_.category_id as category1_5_0_, category0_.category_name as category2_5_0_ from category category0_ where category0_.category_id=?
Hibernate: select boardlist0_.category_id as category7_4_0_, boardlist0_.board_id as board_id1_4_0_, boardlist0_.board_id as board_id1_4_1_, boardlist0_.category_id as category7_4_1_, boardlist0_.board_content as board_co2_4_1_, boardlist0_.board_created_at as board_cr3_4_1_, boardlist0_.board_last_modified_at as board_la4_4_1_, boardlist0_.board_title as board_ti5_4_1_, boardlist0_.user_id as user_id8_4_1_, boardlist0_.board_views as board_vi6_4_1_ from board boardlist0_ where boardlist0_.category_id=?
Hibernate: delete from category where category_id=?
Hibernate: select user0_.user_id as user_id1_21_0_, user0_.character_id as characte7_21_0_, user0_.user_created_at as user_cre2_21_0_, user0_.user_name as user_nam3_21_0_, user0_.user_phone_number as user_pho4_21_0_, user0_.user_user_id as user_use5_21_0_, user0_.user_user_password as user_use6_21_0_ from user user0_ where user0_.user_id=?
Hibernate: select character0_.character_id as characte1_6_0_, character0_.character_character_name as characte2_6_0_ from characters character0_ where character0_.character_id=?
Hibernate: select count(*) as col_0_0_ from user user0_ where user0_.user_id=?
Hibernate: select character1_.character_id as characte1_6_, character1_.character_character_name as characte2_6_ from user user0_ inner join characters character1_ on user0_.character_id=character1_.character_id where user0_.user_id=?
Hibernate: select permission0_.character_id as characte6_12_0_, permission0_.permission_id as permissi1_12_0_, permission0_.permission_id as permissi1_12_1_, permission0_.character_id as characte6_12_1_, permission0_.permission_name as permissi2_12_1_, permission0_.permission_permission_unit_id as permissi3_12_1_, permission0_.permission_service as permissi4_12_1_, permission0_.permission_status as permissi5_12_1_ from permission permission0_ where permission0_.character_id=?
Hibernate: select count(*) as col_0_0_ from category category0_ where category0_.category_id=?
Hibernate: select count(board0_.board_id) as col_0_0_ from board board0_ where board0_.category_id=?
Hibernate: select category0_.category_id as category1_5_0_, category0_.category_name as category2_5_0_ from category category0_ where category0_.category_id=?
Hibernate: select boardlist0_.category_id as category7_4_0_, boardlist0_.board_id as board_id1_4_0_, boardlist0_.board_id as board_id1_4_1_, boardlist0_.category_id as category7_4_1_, boardlist0_.board_content as board_co2_4_1_, boardlist0_.board_created_at as board_cr3_4_1_, boardlist0_.board_last_modified_at as board_la4_4_1_, boardlist0_.board_title as board_ti5_4_1_, boardlist0_.user_id as user_id8_4_1_, boardlist0_.board_views as board_vi6_4_1_ from board boardlist0_ where boardlist0_.category_id=?
Hibernate: delete from category where category_id=?
Hibernate: select user0_.user_id as user_id1_21_0_, user0_.character_id as characte7_21_0_, user0_.user_created_at as user_cre2_21_0_, user0_.user_name as user_nam3_21_0_, user0_.user_phone_number as user_pho4_21_0_, user0_.user_user_id as user_use5_21_0_, user0_.user_user_password as user_use6_21_0_ from user user0_ where user0_.user_id=?
Hibernate: select character0_.character_id as characte1_6_0_, character0_.character_character_name as characte2_6_0_ from characters character0_ where character0_.character_id=?
Hibernate: select count(*) as col_0_0_ from user user0_ where user0_.user_id=?
Hibernate: select character1_.character_id as characte1_6_, character1_.character_character_name as characte2_6_ from user user0_ inner join characters character1_ on user0_.character_id=character1_.character_id where user0_.user_id=?
Hibernate: select permission0_.character_id as characte6_12_0_, permission0_.permission_id as permissi1_12_0_, permission0_.permission_id as permissi1_12_1_, permission0_.character_id as characte6_12_1_, permission0_.permission_name as permissi2_12_1_, permission0_.permission_permission_unit_id as permissi3_12_1_, permission0_.permission_service as permissi4_12_1_, permission0_.permission_status as permissi5_12_1_ from permission permission0_ where permission0_.character_id=?
Hibernate: select count(*) as col_0_0_ from category category0_ where category0_.category_id=?
Hibernate: select count(board0_.board_id) as col_0_0_ from board board0_ where board0_.category_id=?
Hibernate: select category0_.category_id as category1_5_0_, category0_.category_name as category2_5_0_ from category category0_ where category0_.category_id=?
Hibernate: select boardlist0_.category_id as category7_4_0_, boardlist0_.board_id as board_id1_4_0_, boardlist0_.board_id as board_id1_4_1_, boardlist0_.category_id as category7_4_1_, boardlist0_.board_content as board_co2_4_1_, boardlist0_.board_created_at as board_cr3_4_1_, boardlist0_.board_last_modified_at as board_la4_4_1_, boardlist0_.board_title as board_ti5_4_1_, boardlist0_.user_id as user_id8_4_1_, boardlist0_.board_views as board_vi6_4_1_ from board boardlist0_ where boardlist0_.category_id=?
Hibernate: delete from category where category_id=?
Hibernate: select user0_.user_id as user_id1_21_0_, user0_.character_id as characte7_21_0_, user0_.user_created_at as user_cre2_21_0_, user0_.user_name as user_nam3_21_0_, user0_.user_phone_number as user_pho4_21_0_, user0_.user_user_id as user_use5_21_0_, user0_.user_user_password as user_use6_21_0_ from user user0_ where user0_.user_id=?
Hibernate: select character0_.character_id as characte1_6_0_, character0_.character_character_name as characte2_6_0_ from characters character0_ where character0_.character_id=?
Hibernate: select count(*) as col_0_0_ from user user0_ where user0_.user_id=?
Hibernate: select character1_.character_id as characte1_6_, character1_.character_character_name as characte2_6_ from user user0_ inner join characters character1_ on user0_.character_id=character1_.character_id where user0_.user_id=?
Hibernate: select permission0_.character_id as characte6_12_0_, permission0_.permission_id as permissi1_12_0_, permission0_.permission_id as permissi1_12_1_, permission0_.character_id as characte6_12_1_, permission0_.permission_name as permissi2_12_1_, permission0_.permission_permission_unit_id as permissi3_12_1_, permission0_.permission_service as permissi4_12_1_, permission0_.permission_status as permissi5_12_1_ from permission permission0_ where permission0_.character_id=?
Hibernate: select category0_.category_id as col_0_0_ from category category0_ where category0_.category_name=? limit ?
Hibernate: select category0_.category_id as category1_5_1_, category0_.category_name as category2_5_1_, boardlist1_.category_id as category7_4_3_, boardlist1_.board_id as board_id1_4_3_, boardlist1_.board_id as board_id1_4_0_, boardlist1_.category_id as category7_4_0_, boardlist1_.board_content as board_co2_4_0_, boardlist1_.board_created_at as board_cr3_4_0_, boardlist1_.board_last_modified_at as board_la4_4_0_, boardlist1_.board_title as board_ti5_4_0_, boardlist1_.user_id as user_id8_4_0_, boardlist1_.board_views as board_vi6_4_0_ from category category0_ left outer join board boardlist1_ on category0_.category_id=boardlist1_.category_id where category0_.category_id=?
Hibernate: insert into category (category_id, category_name) values (default, ?)
Hibernate: select user0_.user_id as user_id1_21_0_, user0_.character_id as characte7_21_0_, user0_.user_created_at as user_cre2_21_0_, user0_.user_name as user_nam3_21_0_, user0_.user_phone_number as user_pho4_21_0_, user0_.user_user_id as user_use5_21_0_, user0_.user_user_password as user_use6_21_0_ from user user0_ where user0_.user_id=?
Hibernate: select character0_.character_id as characte1_6_0_, character0_.character_character_name as characte2_6_0_ from characters character0_ where character0_.character_id=?
Hibernate: select count(*) as col_0_0_ from user user0_ where user0_.user_id=?
Hibernate: select character1_.character_id as characte1_6_, character1_.character_character_name as characte2_6_ from user user0_ inner join characters character1_ on user0_.character_id=character1_.character_id where user0_.user_id=?
Hibernate: select permission0_.character_id as characte6_12_0_, permission0_.permission_id as permissi1_12_0_, permission0_.permission_id as permissi1_12_1_, permission0_.character_id as characte6_12_1_, permission0_.permission_name as permissi2_12_1_, permission0_.permission_permission_unit_id as permissi3_12_1_, permission0_.permission_service as permissi4_12_1_, permission0_.permission_status as permissi5_12_1_ from permission permission0_ where permission0_.character_id=?
Hibernate: select category0_.category_id as col_0_0_ from category category0_ where category0_.category_name=? limit ?
Hibernate: select category0_.category_id as category1_5_1_, category0_.category_name as category2_5_1_, boardlist1_.category_id as category7_4_3_, boardlist1_.board_id as board_id1_4_3_, boardlist1_.board_id as board_id1_4_0_, boardlist1_.category_id as category7_4_0_, boardlist1_.board_content as board_co2_4_0_, boardlist1_.board_created_at as board_cr3_4_0_, boardlist1_.board_last_modified_at as board_la4_4_0_, boardlist1_.board_title as board_ti5_4_0_, boardlist1_.user_id as user_id8_4_0_, boardlist1_.board_views as board_vi6_4_0_ from category category0_ left outer join board boardlist1_ on category0_.category_id=boardlist1_.category_id where category0_.category_id=?
Hibernate: insert into category (category_id, category_name) values (default, ?)
Hibernate: select user0_.user_id as col_0_0_ from user user0_ where user0_.user_user_id=? limit ?
Hibernate: select user0_.user_id as col_0_0_ from user user0_ where user0_.user_user_id=? limit ?
Hibernate: select U.* from USER U where U.USER_USER_ID =?
Hibernate: select character0_.character_id as characte1_6_0_, character0_.character_character_name as characte2_6_0_ from characters character0_ where character0_.character_id=?
Hibernate: select user0_.user_id as col_0_0_ from user user0_ where user0_.user_user_id=? limit ?
Hibernate: select user0_.user_id as user_id1_21_, user0_.character_id as characte7_21_, user0_.user_created_at as user_cre2_21_, user0_.user_name as user_nam3_21_, user0_.user_phone_number as user_pho4_21_, user0_.user_user_id as user_use5_21_, user0_.user_user_password as user_use6_21_ from user user0_ inner join characters character1_ on user0_.character_id=character1_.character_id where user0_.user_user_id=?
Hibernate: select character0_.character_id as characte1_6_0_, character0_.character_character_name as characte2_6_0_ from characters character0_ where character0_.character_id=?
Hibernate: select rewardtagw0_.user_id as user_id4_16_0_, rewardtagw0_.reward_tag_wrapper_reward_id as reward_t1_16_0_, rewardtagw0_.reward_tag_wrapper_reward_id as reward_t1_16_1_, rewardtagw0_.reward_tag_wrapper_reward_presented_at as reward_t2_16_1_, rewardtagw0_.reward_tag_reward_tag_id as reward_t3_16_1_, rewardtagw0_.user_id as user_id4_16_1_ from reward_tag_wrapper rewardtagw0_ where rewardtagw0_.user_id=?
Hibernate: select user0_.user_id as user_id1_21_0_, user0_.character_id as characte7_21_0_, user0_.user_created_at as user_cre2_21_0_, user0_.user_name as user_nam3_21_0_, user0_.user_phone_number as user_pho4_21_0_, user0_.user_user_id as user_use5_21_0_, user0_.user_user_password as user_use6_21_0_ from user user0_ where user0_.user_id=?
Hibernate: select character0_.character_id as characte1_6_0_, character0_.character_character_name as characte2_6_0_ from characters character0_ where character0_.character_id=?
Hibernate: select count(*) as col_0_0_ from user user0_ where user0_.user_id=?
Hibernate: select character1_.character_id as characte1_6_, character1_.character_character_name as characte2_6_ from user user0_ inner join characters character1_ on user0_.character_id=character1_.character_id where user0_.user_id=?
Hibernate: select permission0_.character_id as characte6_12_0_, permission0_.permission_id as permissi1_12_0_, permission0_.permission_id as permissi1_12_1_, permission0_.character_id as characte6_12_1_, permission0_.permission_name as permissi2_12_1_, permission0_.permission_permission_unit_id as permissi3_12_1_, permission0_.permission_service as permissi4_12_1_, permission0_.permission_status as permissi5_12_1_ from permission permission0_ where permission0_.character_id=?
Hibernate: select count(*) as col_0_0_ from user user0_ where user0_.user_id=?
Hibernate: select user0_.user_id as user_id1_21_, user0_.character_id as characte7_21_, user0_.user_created_at as user_cre2_21_, user0_.user_name as user_nam3_21_, user0_.user_phone_number as user_pho4_21_, user0_.user_user_id as user_use5_21_, user0_.user_user_password as user_use6_21_ from user user0_ where user0_.user_id=?
Hibernate: select character0_.character_id as characte1_6_0_, character0_.character_character_name as characte2_6_0_ from characters character0_ where character0_.character_id=?
Hibernate: select rewardtagw0_.user_id as user_id4_16_0_, rewardtagw0_.reward_tag_wrapper_reward_id as reward_t1_16_0_, rewardtagw0_.reward_tag_wrapper_reward_id as reward_t1_16_1_, rewardtagw0_.reward_tag_wrapper_reward_presented_at as reward_t2_16_1_, rewardtagw0_.reward_tag_reward_tag_id as reward_t3_16_1_, rewardtagw0_.user_id as user_id4_16_1_ from reward_tag_wrapper rewardtagw0_ where rewardtagw0_.user_id=?
Hibernate: select attendance0_.attendance_user_attendance_user_id as col_0_0_ from attendance_user attendance0_ where attendance0_.user_id=? limit ?
Hibernate: DELETE FROM USER WHERE USER_ID = ?
Hibernate: select user0_.user_id as col_0_0_ from user user0_ where user0_.user_user_id=? limit ?
Hibernate: select user0_.user_id as col_0_0_ from user user0_ where user0_.user_user_id=? limit ?
Hibernate: select U.* from USER U where U.USER_USER_ID =?
Hibernate: select character0_.character_id as characte1_6_0_, character0_.character_character_name as characte2_6_0_ from characters character0_ where character0_.character_id=?
Hibernate: select user0_.user_id as user_id1_21_0_, user0_.character_id as characte7_21_0_, user0_.user_created_at as user_cre2_21_0_, user0_.user_name as user_nam3_21_0_, user0_.user_phone_number as user_pho4_21_0_, user0_.user_user_id as user_use5_21_0_, user0_.user_user_password as user_use6_21_0_ from user user0_ where user0_.user_id=?
Hibernate: select character0_.character_id as characte1_6_0_, character0_.character_character_name as characte2_6_0_ from characters character0_ where character0_.character_id=?
Hibernate: select count(*) as col_0_0_ from board board0_
Hibernate: select count(*) as col_0_0_ from board board0_
Hibernate: select user0_.user_id as col_0_0_ from user user0_ where user0_.user_user_id=? limit ?
Hibernate: select user0_.user_id as col_0_0_ from user user0_ where user0_.user_user_id=? limit ?
Hibernate: select U.* from USER U where U.USER_USER_ID =?
Hibernate: select character0_.character_id as characte1_6_0_, character0_.character_character_name as characte2_6_0_ from characters character0_ where character0_.character_id=?
Hibernate: select user0_.user_id as user_id1_21_0_, user0_.character_id as characte7_21_0_, user0_.user_created_at as user_cre2_21_0_, user0_.user_name as user_nam3_21_0_, user0_.user_phone_number as user_pho4_21_0_, user0_.user_user_id as user_use5_21_0_, user0_.user_user_password as user_use6_21_0_ from user user0_ where user0_.user_id=?
Hibernate: select character0_.character_id as characte1_6_0_, character0_.character_character_name as characte2_6_0_ from characters character0_ where character0_.character_id=?
Hibernate: select category0_.category_id as category1_5_, category0_.category_name as category2_5_ from category category0_
Hibernate: select boardlist0_.category_id as category7_4_0_, boardlist0_.board_id as board_id1_4_0_, boardlist0_.board_id as board_id1_4_1_, boardlist0_.category_id as category7_4_1_, boardlist0_.board_content as board_co2_4_1_, boardlist0_.board_created_at as board_cr3_4_1_, boardlist0_.board_last_modified_at as board_la4_4_1_, boardlist0_.board_title as board_ti5_4_1_, boardlist0_.user_id as user_id8_4_1_, boardlist0_.board_views as board_vi6_4_1_ from board boardlist0_ where boardlist0_.category_id=?
Hibernate: select boardlist0_.category_id as category7_4_0_, boardlist0_.board_id as board_id1_4_0_, boardlist0_.board_id as board_id1_4_1_, boardlist0_.category_id as category7_4_1_, boardlist0_.board_content as board_co2_4_1_, boardlist0_.board_created_at as board_cr3_4_1_, boardlist0_.board_last_modified_at as board_la4_4_1_, boardlist0_.board_title as board_ti5_4_1_, boardlist0_.user_id as user_id8_4_1_, boardlist0_.board_views as board_vi6_4_1_ from board boardlist0_ where boardlist0_.category_id=?
Hibernate: select user0_.user_id as user_id1_21_0_, user0_.character_id as characte7_21_0_, user0_.user_created_at as user_cre2_21_0_, user0_.user_name as user_nam3_21_0_, user0_.user_phone_number as user_pho4_21_0_, user0_.user_user_id as user_use5_21_0_, user0_.user_user_password as user_use6_21_0_ from user user0_ where user0_.user_id=?
Hibernate: select character0_.character_id as characte1_6_0_, character0_.character_character_name as characte2_6_0_ from characters character0_ where character0_.character_id=?
Hibernate: select count(*) as col_0_0_ from user user0_ where user0_.user_id=?
Hibernate: select character1_.character_id as characte1_6_, character1_.character_character_name as characte2_6_ from user user0_ inner join characters character1_ on user0_.character_id=character1_.character_id where user0_.user_id=?
Hibernate: select permission0_.character_id as characte6_12_0_, permission0_.permission_id as permissi1_12_0_, permission0_.permission_id as permissi1_12_1_, permission0_.character_id as characte6_12_1_, permission0_.permission_name as permissi2_12_1_, permission0_.permission_permission_unit_id as permissi3_12_1_, permission0_.permission_service as permissi4_12_1_, permission0_.permission_status as permissi5_12_1_ from permission permission0_ where permission0_.character_id=?
Hibernate: select count(*) as col_0_0_ from category category0_ where category0_.category_id=?
Hibernate: select count(board0_.board_id) as col_0_0_ from board board0_ where board0_.category_id=?
Hibernate: select category0_.category_id as category1_5_0_, category0_.category_name as category2_5_0_ from category category0_ where category0_.category_id=?
Hibernate: select boardlist0_.category_id as category7_4_0_, boardlist0_.board_id as board_id1_4_0_, boardlist0_.board_id as board_id1_4_1_, boardlist0_.category_id as category7_4_1_, boardlist0_.board_content as board_co2_4_1_, boardlist0_.board_created_at as board_cr3_4_1_, boardlist0_.board_last_modified_at as board_la4_4_1_, boardlist0_.board_title as board_ti5_4_1_, boardlist0_.user_id as user_id8_4_1_, boardlist0_.board_views as board_vi6_4_1_ from board boardlist0_ where boardlist0_.category_id=?
Hibernate: delete from category where category_id=?
Hibernate: select user0_.user_id as user_id1_21_0_, user0_.character_id as characte7_21_0_, user0_.user_created_at as user_cre2_21_0_, user0_.user_name as user_nam3_21_0_, user0_.user_phone_number as user_pho4_21_0_, user0_.user_user_id as user_use5_21_0_, user0_.user_user_password as user_use6_21_0_ from user user0_ where user0_.user_id=?
Hibernate: select character0_.character_id as characte1_6_0_, character0_.character_character_name as characte2_6_0_ from characters character0_ where character0_.character_id=?
Hibernate: select count(*) as col_0_0_ from user user0_ where user0_.user_id=?
Hibernate: select character1_.character_id as characte1_6_, character1_.character_character_name as characte2_6_ from user user0_ inner join characters character1_ on user0_.character_id=character1_.character_id where user0_.user_id=?
Hibernate: select permission0_.character_id as characte6_12_0_, permission0_.permission_id as permissi1_12_0_, permission0_.permission_id as permissi1_12_1_, permission0_.character_id as characte6_12_1_, permission0_.permission_name as permissi2_12_1_, permission0_.permission_permission_unit_id as permissi3_12_1_, permission0_.permission_service as permissi4_12_1_, permission0_.permission_status as permissi5_12_1_ from permission permission0_ where permission0_.character_id=?
Hibernate: select count(*) as col_0_0_ from category category0_ where category0_.category_id=?
Hibernate: select count(board0_.board_id) as col_0_0_ from board board0_ where board0_.category_id=?
Hibernate: select category0_.category_id as category1_5_0_, category0_.category_name as category2_5_0_ from category category0_ where category0_.category_id=?
Hibernate: select boardlist0_.category_id as category7_4_0_, boardlist0_.board_id as board_id1_4_0_, boardlist0_.board_id as board_id1_4_1_, boardlist0_.category_id as category7_4_1_, boardlist0_.board_content as board_co2_4_1_, boardlist0_.board_created_at as board_cr3_4_1_, boardlist0_.board_last_modified_at as board_la4_4_1_, boardlist0_.board_title as board_ti5_4_1_, boardlist0_.user_id as user_id8_4_1_, boardlist0_.board_views as board_vi6_4_1_ from board boardlist0_ where boardlist0_.category_id=?
Hibernate: delete from category where category_id=?
Hibernate: select user0_.user_id as user_id1_21_0_, user0_.character_id as characte7_21_0_, user0_.user_created_at as user_cre2_21_0_, user0_.user_name as user_nam3_21_0_, user0_.user_phone_number as user_pho4_21_0_, user0_.user_user_id as user_use5_21_0_, user0_.user_user_password as user_use6_21_0_ from user user0_ where user0_.user_id=?
Hibernate: select character0_.character_id as characte1_6_0_, character0_.character_character_name as characte2_6_0_ from characters character0_ where character0_.character_id=?
Hibernate: select count(*) as col_0_0_ from user user0_ where user0_.user_id=?
Hibernate: select character1_.character_id as characte1_6_, character1_.character_character_name as characte2_6_ from user user0_ inner join characters character1_ on user0_.character_id=character1_.character_id where user0_.user_id=?
Hibernate: select permission0_.character_id as characte6_12_0_, permission0_.permission_id as permissi1_12_0_, permission0_.permission_id as permissi1_12_1_, permission0_.character_id as characte6_12_1_, permission0_.permission_name as permissi2_12_1_, permission0_.permission_permission_unit_id as permissi3_12_1_, permission0_.permission_service as permissi4_12_1_, permission0_.permission_status as permissi5_12_1_ from permission permission0_ where permission0_.character_id=?
Hibernate: select category0_.category_id as col_0_0_ from category category0_ where category0_.category_name=? limit ?
Hibernate: select category0_.category_id as category1_5_1_, category0_.category_name as category2_5_1_, boardlist1_.category_id as category7_4_3_, boardlist1_.board_id as board_id1_4_3_, boardlist1_.board_id as board_id1_4_0_, boardlist1_.category_id as category7_4_0_, boardlist1_.board_content as board_co2_4_0_, boardlist1_.board_created_at as board_cr3_4_0_, boardlist1_.board_last_modified_at as board_la4_4_0_, boardlist1_.board_title as board_ti5_4_0_, boardlist1_.user_id as user_id8_4_0_, boardlist1_.board_views as board_vi6_4_0_ from category category0_ left outer join board boardlist1_ on category0_.category_id=boardlist1_.category_id where category0_.category_id=?
Hibernate: insert into category (category_id, category_name) values (default, ?)
Hibernate: select user0_.user_id as user_id1_21_0_, user0_.character_id as characte7_21_0_, user0_.user_created_at as user_cre2_21_0_, user0_.user_name as user_nam3_21_0_, user0_.user_phone_number as user_pho4_21_0_, user0_.user_user_id as user_use5_21_0_, user0_.user_user_password as user_use6_21_0_ from user user0_ where user0_.user_id=?
Hibernate: select character0_.character_id as characte1_6_0_, character0_.character_character_name as characte2_6_0_ from characters character0_ where character0_.character_id=?
Hibernate: select count(*) as col_0_0_ from user user0_ where user0_.user_id=?
Hibernate: select character1_.character_id as characte1_6_, character1_.character_character_name as characte2_6_ from user user0_ inner join characters character1_ on user0_.character_id=character1_.character_id where user0_.user_id=?
Hibernate: select permission0_.character_id as characte6_12_0_, permission0_.permission_id as permissi1_12_0_, permission0_.permission_id as permissi1_12_1_, permission0_.character_id as characte6_12_1_, permission0_.permission_name as permissi2_12_1_, permission0_.permission_permission_unit_id as permissi3_12_1_, permission0_.permission_service as permissi4_12_1_, permission0_.permission_status as permissi5_12_1_ from permission permission0_ where permission0_.character_id=?
Hibernate: select category0_.category_id as col_0_0_ from category category0_ where category0_.category_name=? limit ?
Hibernate: select category0_.category_id as category1_5_1_, category0_.category_name as category2_5_1_, boardlist1_.category_id as category7_4_3_, boardlist1_.board_id as board_id1_4_3_, boardlist1_.board_id as board_id1_4_0_, boardlist1_.category_id as category7_4_0_, boardlist1_.board_content as board_co2_4_0_, boardlist1_.board_created_at as board_cr3_4_0_, boardlist1_.board_last_modified_at as board_la4_4_0_, boardlist1_.board_title as board_ti5_4_0_, boardlist1_.user_id as user_id8_4_0_, boardlist1_.board_views as board_vi6_4_0_ from category category0_ left outer join board boardlist1_ on category0_.category_id=boardlist1_.category_id where category0_.category_id=?
Hibernate: insert into category (category_id, category_name) values (default, ?)
Hibernate: select user0_.user_id as col_0_0_ from user user0_ where user0_.user_user_id=? limit ?
Hibernate: select user0_.user_id as col_0_0_ from user user0_ where user0_.user_user_id=? limit ?
Hibernate: select U.* from USER U where U.USER_USER_ID =?
Hibernate: select character0_.character_id as characte1_6_0_, character0_.character_character_name as characte2_6_0_ from characters character0_ where character0_.character_id=?
Hibernate: select user0_.user_id as col_0_0_ from user user0_ where user0_.user_user_id=? limit ?
Hibernate: select user0_.user_id as col_0_0_ from user user0_ where user0_.user_user_id=? limit ?
Hibernate: select U.* from USER U where U.USER_USER_ID =?
Hibernate: select character0_.character_id as characte1_6_0_, character0_.character_character_name as characte2_6_0_ from characters character0_ where character0_.character_id=?
Hibernate: select user0_.user_id as user_id1_21_0_, user0_.character_id as characte7_21_0_, user0_.user_created_at as user_cre2_21_0_, user0_.user_name as user_nam3_21_0_, user0_.user_phone_number as user_pho4_21_0_, user0_.user_user_id as user_use5_21_0_, user0_.user_user_password as user_use6_21_0_ from user user0_ where user0_.user_id=?
Hibernate: select character0_.character_id as characte1_6_0_, character0_.character_character_name as characte2_6_0_ from characters character0_ where character0_.character_id=?
Hibernate: select count(*) as col_0_0_ from user user0_ where user0_.user_id=?
Hibernate: select character1_.character_id as characte1_6_, character1_.character_character_name as characte2_6_ from user user0_ inner join characters character1_ on user0_.character_id=character1_.character_id where user0_.user_id=?
Hibernate: select permission0_.character_id as characte6_12_0_, permission0_.permission_id as permissi1_12_0_, permission0_.permission_id as permissi1_12_1_, permission0_.character_id as characte6_12_1_, permission0_.permission_name as permissi2_12_1_, permission0_.permission_permission_unit_id as permissi3_12_1_, permission0_.permission_service as permissi4_12_1_, permission0_.permission_status as permissi5_12_1_ from permission permission0_ where permission0_.character_id=?
Hibernate: select category0_.category_id as col_0_0_ from category category0_ where category0_.category_name=? limit ?
Hibernate: select category0_.category_id as category1_5_1_, category0_.category_name as category2_5_1_, boardlist1_.category_id as category7_4_3_, boardlist1_.board_id as board_id1_4_3_, boardlist1_.board_id as board_id1_4_0_, boardlist1_.category_id as category7_4_0_, boardlist1_.board_content as board_co2_4_0_, boardlist1_.board_created_at as board_cr3_4_0_, boardlist1_.board_last_modified_at as board_la4_4_0_, boardlist1_.board_title as board_ti5_4_0_, boardlist1_.user_id as user_id8_4_0_, boardlist1_.board_views as board_vi6_4_0_ from category category0_ left outer join board boardlist1_ on category0_.category_id=boardlist1_.category_id where category0_.category_id=?
Hibernate: insert into category (category_id, category_name) values (default, ?)
Hibernate: select user0_.user_id as user_id1_21_0_, user0_.character_id as characte7_21_0_, user0_.user_created_at as user_cre2_21_0_, user0_.user_name as user_nam3_21_0_, user0_.user_phone_number as user_pho4_21_0_, user0_.user_user_id as user_use5_21_0_, user0_.user_user_password as user_use6_21_0_ from user user0_ where user0_.user_id=?
Hibernate: select character0_.character_id as characte1_6_0_, character0_.character_character_name as characte2_6_0_ from characters character0_ where character0_.character_id=?
Hibernate: select category0_.category_id as category1_5_, category0_.category_name as category2_5_ from category category0_
Hibernate: select boardlist0_.category_id as category7_4_0_, boardlist0_.board_id as board_id1_4_0_, boardlist0_.board_id as board_id1_4_1_, boardlist0_.category_id as category7_4_1_, boardlist0_.board_content as board_co2_4_1_, boardlist0_.board_created_at as board_cr3_4_1_, boardlist0_.board_last_modified_at as board_la4_4_1_, boardlist0_.board_title as board_ti5_4_1_, boardlist0_.user_id as user_id8_4_1_, boardlist0_.board_views as board_vi6_4_1_ from board boardlist0_ where boardlist0_.category_id=?
Hibernate: select boardlist0_.category_id as category7_4_0_, boardlist0_.board_id as board_id1_4_0_, boardlist0_.board_id as board_id1_4_1_, boardlist0_.category_id as category7_4_1_, boardlist0_.board_content as board_co2_4_1_, boardlist0_.board_created_at as board_cr3_4_1_, boardlist0_.board_last_modified_at as board_la4_4_1_, boardlist0_.board_title as board_ti5_4_1_, boardlist0_.user_id as user_id8_4_1_, boardlist0_.board_views as board_vi6_4_1_ from board boardlist0_ where boardlist0_.category_id=?
Hibernate: select boardlist0_.category_id as category7_4_0_, boardlist0_.board_id as board_id1_4_0_, boardlist0_.board_id as board_id1_4_1_, boardlist0_.category_id as category7_4_1_, boardlist0_.board_content as board_co2_4_1_, boardlist0_.board_created_at as board_cr3_4_1_, boardlist0_.board_last_modified_at as board_la4_4_1_, boardlist0_.board_title as board_ti5_4_1_, boardlist0_.user_id as user_id8_4_1_, boardlist0_.board_views as board_vi6_4_1_ from board boardlist0_ where boardlist0_.category_id=?
Hibernate: select user0_.user_id as user_id1_21_0_, user0_.character_id as characte7_21_0_, user0_.user_created_at as user_cre2_21_0_, user0_.user_name as user_nam3_21_0_, user0_.user_phone_number as user_pho4_21_0_, user0_.user_user_id as user_use5_21_0_, user0_.user_user_password as user_use6_21_0_ from user user0_ where user0_.user_id=?
Hibernate: select character0_.character_id as characte1_6_0_, character0_.character_character_name as characte2_6_0_ from characters character0_ where character0_.character_id=?
Hibernate: select count(*) as col_0_0_ from user user0_ where user0_.user_id=?
Hibernate: select character1_.character_id as characte1_6_, character1_.character_character_name as characte2_6_ from user user0_ inner join characters character1_ on user0_.character_id=character1_.character_id where user0_.user_id=?
Hibernate: select permission0_.character_id as characte6_12_0_, permission0_.permission_id as permissi1_12_0_, permission0_.permission_id as permissi1_12_1_, permission0_.character_id as characte6_12_1_, permission0_.permission_name as permissi2_12_1_, permission0_.permission_permission_unit_id as permissi3_12_1_, permission0_.permission_service as permissi4_12_1_, permission0_.permission_status as permissi5_12_1_ from permission permission0_ where permission0_.character_id=?
Hibernate: select count(*) as col_0_0_ from category category0_ where category0_.category_id=?
Hibernate: insert into filename (filename_id, filename_origin, filename_uuid) values (default, ?, ?)
Hibernate: insert into filename (filename_id, filename_origin, filename_uuid) values (default, ?, ?)
Hibernate: select category0_.category_id as category1_5_0_, category0_.category_name as category2_5_0_ from category category0_ where category0_.category_id=?
Hibernate: insert into board (board_id, category_id, board_content, board_created_at, board_last_modified_at, board_title, user_id, board_views) values (default, ?, ?, ?, ?, ?, ?, ?)
Hibernate: insert into reaction (reaction_id, board_id, reaction_type) values (default, ?, ?)
Hibernate: insert into reaction (reaction_id, board_id, reaction_type) values (default, ?, ?)
Hibernate: insert into reaction (reaction_id, board_id, reaction_type) values (default, ?, ?)
Hibernate: insert into reaction (reaction_id, board_id, reaction_type) values (default, ?, ?)
Hibernate: insert into reaction (reaction_id, board_id, reaction_type) values (default, ?, ?)
Hibernate: insert into reaction (reaction_id, board_id, reaction_type) values (default, ?, ?)
Hibernate: insert into file_path_list (board_board_id, board_file_path_list) values (?, ?)
Hibernate: insert into image_path_list (board_board_id, board_image_path_list) values (?, ?)
Hibernate: select user0_.user_id as user_id1_21_0_, user0_.character_id as characte7_21_0_, user0_.user_created_at as user_cre2_21_0_, user0_.user_name as user_nam3_21_0_, user0_.user_phone_number as user_pho4_21_0_, user0_.user_user_id as user_use5_21_0_, user0_.user_user_password as user_use6_21_0_ from user user0_ where user0_.user_id=?
Hibernate: select character0_.character_id as characte1_6_0_, character0_.character_character_name as characte2_6_0_ from characters character0_ where character0_.character_id=?
Hibernate: select count(*) as col_0_0_ from board board0_
Hibernate: select board0_.board_id as board_id1_4_, board0_.category_id as category7_4_, board0_.board_content as board_co2_4_, board0_.board_created_at as board_cr3_4_, board0_.board_last_modified_at as board_la4_4_, board0_.board_title as board_ti5_4_, board0_.user_id as user_id8_4_, board0_.board_views as board_vi6_4_ from board board0_ limit ?
Hibernate: select category0_.category_id as category1_5_0_, category0_.category_name as category2_5_0_ from category category0_ where category0_.category_id=?
Hibernate: select reactionli0_.board_id as board_id3_13_0_, reactionli0_.reaction_id as reaction1_13_0_, reactionli0_.reaction_id as reaction1_13_1_, reactionli0_.board_id as board_id3_13_1_, reactionli0_.reaction_type as reaction2_13_1_ from reaction reactionli0_ where reactionli0_.board_id=?
Hibernate: select reactionus0_.reaction_id as reaction2_14_0_, reactionus0_.reaction_user_id as reaction1_14_0_, reactionus0_.reaction_user_id as reaction1_14_1_, reactionus0_.reaction_id as reaction2_14_1_, reactionus0_.user_id as user_id3_14_1_ from reaction_user reactionus0_ where reactionus0_.reaction_id=?
Hibernate: select reactionus0_.reaction_id as reaction2_14_0_, reactionus0_.reaction_user_id as reaction1_14_0_, reactionus0_.reaction_user_id as reaction1_14_1_, reactionus0_.reaction_id as reaction2_14_1_, reactionus0_.user_id as user_id3_14_1_ from reaction_user reactionus0_ where reactionus0_.reaction_id=?
Hibernate: select reactionus0_.reaction_id as reaction2_14_0_, reactionus0_.reaction_user_id as reaction1_14_0_, reactionus0_.reaction_user_id as reaction1_14_1_, reactionus0_.reaction_id as reaction2_14_1_, reactionus0_.user_id as user_id3_14_1_ from reaction_user reactionus0_ where reactionus0_.reaction_id=?
Hibernate: select reactionus0_.reaction_id as reaction2_14_0_, reactionus0_.reaction_user_id as reaction1_14_0_, reactionus0_.reaction_user_id as reaction1_14_1_, reactionus0_.reaction_id as reaction2_14_1_, reactionus0_.user_id as user_id3_14_1_ from reaction_user reactionus0_ where reactionus0_.reaction_id=?
Hibernate: select reactionus0_.reaction_id as reaction2_14_0_, reactionus0_.reaction_user_id as reaction1_14_0_, reactionus0_.reaction_user_id as reaction1_14_1_, reactionus0_.reaction_id as reaction2_14_1_, reactionus0_.user_id as user_id3_14_1_ from reaction_user reactionus0_ where reactionus0_.reaction_id=?
Hibernate: select reactionus0_.reaction_id as reaction2_14_0_, reactionus0_.reaction_user_id as reaction1_14_0_, reactionus0_.reaction_user_id as reaction1_14_1_, reactionus0_.reaction_id as reaction2_14_1_, reactionus0_.user_id as user_id3_14_1_ from reaction_user reactionus0_ where reactionus0_.reaction_id=?
Hibernate: select commentlis0_.board_id as board_id5_7_0_, commentlis0_.comment_id as comment_1_7_0_, commentlis0_.comment_id as comment_1_7_1_, commentlis0_.board_id as board_id5_7_1_, commentlis0_.comment_content as comment_2_7_1_, commentlis0_.comment_created_at as comment_3_7_1_, commentlis0_.comment_last_modified_at as comment_4_7_1_, commentlis0_.user_id as user_id6_7_1_ from comment commentlis0_ where commentlis0_.board_id=?
Hibernate: select boardlist0_.category_id as category7_4_0_, boardlist0_.board_id as board_id1_4_0_, boardlist0_.board_id as board_id1_4_1_, boardlist0_.category_id as category7_4_1_, boardlist0_.board_content as board_co2_4_1_, boardlist0_.board_created_at as board_cr3_4_1_, boardlist0_.board_last_modified_at as board_la4_4_1_, boardlist0_.board_title as board_ti5_4_1_, boardlist0_.user_id as user_id8_4_1_, boardlist0_.board_views as board_vi6_4_1_ from board boardlist0_ where boardlist0_.category_id=?
Hibernate: select count(comment0_.comment_id) as col_0_0_ from comment comment0_ where comment0_.board_id=?
Hibernate: select count(*) as col_0_0_ from board board0_
Hibernate: select imagepathl0_.board_board_id as board_bo1_11_0_, imagepathl0_.board_image_path_list as board_im2_11_0_ from image_path_list imagepathl0_ where imagepathl0_.board_board_id=?
Hibernate: select filename0_.filename_id as filename1_9_, filename0_.filename_origin as filename2_9_, filename0_.filename_uuid as filename3_9_ from filename filename0_ where filename0_.filename_uuid=?
Hibernate: select filepathli0_.board_board_id as board_bo1_8_0_, filepathli0_.board_file_path_list as board_fi2_8_0_ from file_path_list filepathli0_ where filepathli0_.board_board_id=?
Hibernate: select filename0_.filename_id as filename1_9_, filename0_.filename_origin as filename2_9_, filename0_.filename_uuid as filename3_9_ from filename filename0_ where filename0_.filename_uuid=?
Hibernate: select U.* from USER U join BOARD B where U.USER_ID = B.USER_ID and B.BOARD_ID = ?
Hibernate: select character0_.character_id as characte1_6_0_, character0_.character_character_name as characte2_6_0_ from characters character0_ where character0_.character_id=?
Hibernate: select count(*) as col_0_0_ from user user0_ where user0_.user_id=?
Hibernate: select character1_.character_id as characte1_6_, character1_.character_character_name as characte2_6_ from user user0_ inner join characters character1_ on user0_.character_id=character1_.character_id where user0_.user_id=?
Hibernate: select permission0_.character_id as characte6_12_0_, permission0_.permission_id as permissi1_12_0_, permission0_.permission_id as permissi1_12_1_, permission0_.character_id as characte6_12_1_, permission0_.permission_name as permissi2_12_1_, permission0_.permission_permission_unit_id as permissi3_12_1_, permission0_.permission_service as permissi4_12_1_, permission0_.permission_status as permissi5_12_1_ from permission permission0_ where permission0_.character_id=?
Hibernate: select count(*) as col_0_0_ from board board0_ where board0_.board_id=?
Hibernate: select board0_.board_id as board_id1_4_0_, board0_.category_id as category7_4_0_, board0_.board_content as board_co2_4_0_, board0_.board_created_at as board_cr3_4_0_, board0_.board_last_modified_at as board_la4_4_0_, board0_.board_title as board_ti5_4_0_, board0_.user_id as user_id8_4_0_, board0_.board_views as board_vi6_4_0_ from board board0_ where board0_.board_id=?
Hibernate: select category0_.category_id as category1_5_0_, category0_.category_name as category2_5_0_ from category category0_ where category0_.category_id=?
Hibernate: select reactionli0_.board_id as board_id3_13_0_, reactionli0_.reaction_id as reaction1_13_0_, reactionli0_.reaction_id as reaction1_13_1_, reactionli0_.board_id as board_id3_13_1_, reactionli0_.reaction_type as reaction2_13_1_ from reaction reactionli0_ where reactionli0_.board_id=?
Hibernate: select reactionus0_.reaction_id as reaction2_14_0_, reactionus0_.reaction_user_id as reaction1_14_0_, reactionus0_.reaction_user_id as reaction1_14_1_, reactionus0_.reaction_id as reaction2_14_1_, reactionus0_.user_id as user_id3_14_1_ from reaction_user reactionus0_ where reactionus0_.reaction_id=?
Hibernate: select reactionus0_.reaction_id as reaction2_14_0_, reactionus0_.reaction_user_id as reaction1_14_0_, reactionus0_.reaction_user_id as reaction1_14_1_, reactionus0_.reaction_id as reaction2_14_1_, reactionus0_.user_id as user_id3_14_1_ from reaction_user reactionus0_ where reactionus0_.reaction_id=?
Hibernate: select reactionus0_.reaction_id as reaction2_14_0_, reactionus0_.reaction_user_id as reaction1_14_0_, reactionus0_.reaction_user_id as reaction1_14_1_, reactionus0_.reaction_id as reaction2_14_1_, reactionus0_.user_id as user_id3_14_1_ from reaction_user reactionus0_ where reactionus0_.reaction_id=?
Hibernate: select reactionus0_.reaction_id as reaction2_14_0_, reactionus0_.reaction_user_id as reaction1_14_0_, reactionus0_.reaction_user_id as reaction1_14_1_, reactionus0_.reaction_id as reaction2_14_1_, reactionus0_.user_id as user_id3_14_1_ from reaction_user reactionus0_ where reactionus0_.reaction_id=?
Hibernate: select reactionus0_.reaction_id as reaction2_14_0_, reactionus0_.reaction_user_id as reaction1_14_0_, reactionus0_.reaction_user_id as reaction1_14_1_, reactionus0_.reaction_id as reaction2_14_1_, reactionus0_.user_id as user_id3_14_1_ from reaction_user reactionus0_ where reactionus0_.reaction_id=?
Hibernate: select reactionus0_.reaction_id as reaction2_14_0_, reactionus0_.reaction_user_id as reaction1_14_0_, reactionus0_.reaction_user_id as reaction1_14_1_, reactionus0_.reaction_id as reaction2_14_1_, reactionus0_.user_id as user_id3_14_1_ from reaction_user reactionus0_ where reactionus0_.reaction_id=?
Hibernate: select commentlis0_.board_id as board_id5_7_0_, commentlis0_.comment_id as comment_1_7_0_, commentlis0_.comment_id as comment_1_7_1_, commentlis0_.board_id as board_id5_7_1_, commentlis0_.comment_content as comment_2_7_1_, commentlis0_.comment_created_at as comment_3_7_1_, commentlis0_.comment_last_modified_at as comment_4_7_1_, commentlis0_.user_id as user_id6_7_1_ from comment commentlis0_ where commentlis0_.board_id=?
Hibernate: select boardlist0_.category_id as category7_4_0_, boardlist0_.board_id as board_id1_4_0_, boardlist0_.board_id as board_id1_4_1_, boardlist0_.category_id as category7_4_1_, boardlist0_.board_content as board_co2_4_1_, boardlist0_.board_created_at as board_cr3_4_1_, boardlist0_.board_last_modified_at as board_la4_4_1_, boardlist0_.board_title as board_ti5_4_1_, boardlist0_.user_id as user_id8_4_1_, boardlist0_.board_views as board_vi6_4_1_ from board boardlist0_ where boardlist0_.category_id=?
Hibernate: select count(comment0_.comment_id) as col_0_0_ from comment comment0_ where comment0_.board_id=?
Hibernate: update board set category_id=?, board_content=?, board_created_at=?, board_last_modified_at=?, board_title=?, user_id=?, board_views=? where board_id=?
Hibernate: select filepathli0_.board_board_id as board_bo1_8_0_, filepathli0_.board_file_path_list as board_fi2_8_0_ from file_path_list filepathli0_ where filepathli0_.board_board_id=?
Hibernate: select filename0_.filename_id as filename1_9_, filename0_.filename_origin as filename2_9_, filename0_.filename_uuid as filename3_9_ from filename filename0_ where filename0_.filename_uuid=?
Hibernate: delete from filename where filename_id=?
Hibernate: select imagepathl0_.board_board_id as board_bo1_11_0_, imagepathl0_.board_image_path_list as board_im2_11_0_ from image_path_list imagepathl0_ where imagepathl0_.board_board_id=?
Hibernate: select filename0_.filename_id as filename1_9_, filename0_.filename_origin as filename2_9_, filename0_.filename_uuid as filename3_9_ from filename filename0_ where filename0_.filename_uuid=?
Hibernate: delete from filename where filename_id=?
Hibernate: select count(*) as col_0_0_ from board board0_ where board0_.board_id=?
Hibernate: delete from file_path_list where board_board_id=?
Hibernate: delete from image_path_list where board_board_id=?
Hibernate: delete from reaction where reaction_id=?
Hibernate: delete from reaction where reaction_id=?
Hibernate: delete from reaction where reaction_id=?
Hibernate: delete from reaction where reaction_id=?
Hibernate: delete from reaction where reaction_id=?
Hibernate: delete from reaction where reaction_id=?
Hibernate: delete from board where board_id=?
Hibernate: select user0_.user_id as col_0_0_ from user user0_ where user0_.user_user_id=? limit ?
Hibernate: select user0_.user_id as col_0_0_ from user user0_ where user0_.user_user_id=? limit ?
Hibernate: select U.* from USER U where U.USER_USER_ID =?
Hibernate: select character0_.character_id as characte1_6_0_, character0_.character_character_name as characte2_6_0_ from characters character0_ where character0_.character_id=?
Hibernate: select user0_.user_id as user_id1_21_0_, user0_.character_id as characte7_21_0_, user0_.user_created_at as user_cre2_21_0_, user0_.user_name as user_nam3_21_0_, user0_.user_phone_number as user_pho4_21_0_, user0_.user_user_id as user_use5_21_0_, user0_.user_user_password as user_use6_21_0_ from user user0_ where user0_.user_id=?
Hibernate: select character0_.character_id as characte1_6_0_, character0_.character_character_name as characte2_6_0_ from characters character0_ where character0_.character_id=?
Hibernate: select count(*) as col_0_0_ from board board0_
Hibernate: select count(*) as col_0_0_ from board board0_
Hibernate: select user0_.user_id as col_0_0_ from user user0_ where user0_.user_user_id=? limit ?
Hibernate: select user0_.user_id as col_0_0_ from user user0_ where user0_.user_user_id=? limit ?
Hibernate: select U.* from USER U where U.USER_USER_ID =?
Hibernate: select character0_.character_id as characte1_6_0_, character0_.character_character_name as characte2_6_0_ from characters character0_ where character0_.character_id=?
Hibernate: select user0_.user_id as user_id1_21_0_, user0_.character_id as characte7_21_0_, user0_.user_created_at as user_cre2_21_0_, user0_.user_name as user_nam3_21_0_, user0_.user_phone_number as user_pho4_21_0_, user0_.user_user_id as user_use5_21_0_, user0_.user_user_password as user_use6_21_0_ from user user0_ where user0_.user_id=?
Hibernate: select character0_.character_id as characte1_6_0_, character0_.character_character_name as characte2_6_0_ from characters character0_ where character0_.character_id=?
Hibernate: select category0_.category_id as category1_5_, category0_.category_name as category2_5_ from category category0_
Hibernate: select boardlist0_.category_id as category7_4_0_, boardlist0_.board_id as board_id1_4_0_, boardlist0_.board_id as board_id1_4_1_, boardlist0_.category_id as category7_4_1_, boardlist0_.board_content as board_co2_4_1_, boardlist0_.board_created_at as board_cr3_4_1_, boardlist0_.board_last_modified_at as board_la4_4_1_, boardlist0_.board_title as board_ti5_4_1_, boardlist0_.user_id as user_id8_4_1_, boardlist0_.board_views as board_vi6_4_1_ from board boardlist0_ where boardlist0_.category_id=?
Hibernate: select boardlist0_.category_id as category7_4_0_, boardlist0_.board_id as board_id1_4_0_, boardlist0_.board_id as board_id1_4_1_, boardlist0_.category_id as category7_4_1_, boardlist0_.board_content as board_co2_4_1_, boardlist0_.board_created_at as board_cr3_4_1_, boardlist0_.board_last_modified_at as board_la4_4_1_, boardlist0_.board_title as board_ti5_4_1_, boardlist0_.user_id as user_id8_4_1_, boardlist0_.board_views as board_vi6_4_1_ from board boardlist0_ where boardlist0_.category_id=?
Hibernate: select boardlist0_.category_id as category7_4_0_, boardlist0_.board_id as board_id1_4_0_, boardlist0_.board_id as board_id1_4_1_, boardlist0_.category_id as category7_4_1_, boardlist0_.board_content as board_co2_4_1_, boardlist0_.board_created_at as board_cr3_4_1_, boardlist0_.board_last_modified_at as board_la4_4_1_, boardlist0_.board_title as board_ti5_4_1_, boardlist0_.user_id as user_id8_4_1_, boardlist0_.board_views as board_vi6_4_1_ from board boardlist0_ where boardlist0_.category_id=?
Hibernate: select user0_.user_id as user_id1_21_0_, user0_.character_id as characte7_21_0_, user0_.user_created_at as user_cre2_21_0_, user0_.user_name as user_nam3_21_0_, user0_.user_phone_number as user_pho4_21_0_, user0_.user_user_id as user_use5_21_0_, user0_.user_user_password as user_use6_21_0_ from user user0_ where user0_.user_id=?
Hibernate: select character0_.character_id as characte1_6_0_, character0_.character_character_name as characte2_6_0_ from characters character0_ where character0_.character_id=?
Hibernate: select count(*) as col_0_0_ from user user0_ where user0_.user_id=?
Hibernate: select character1_.character_id as characte1_6_, character1_.character_character_name as characte2_6_ from user user0_ inner join characters character1_ on user0_.character_id=character1_.character_id where user0_.user_id=?
Hibernate: select permission0_.character_id as characte6_12_0_, permission0_.permission_id as permissi1_12_0_, permission0_.permission_id as permissi1_12_1_, permission0_.character_id as characte6_12_1_, permission0_.permission_name as permissi2_12_1_, permission0_.permission_permission_unit_id as permissi3_12_1_, permission0_.permission_service as permissi4_12_1_, permission0_.permission_status as permissi5_12_1_ from permission permission0_ where permission0_.character_id=?
Hibernate: select count(*) as col_0_0_ from category category0_ where category0_.category_id=?
Hibernate: select count(board0_.board_id) as col_0_0_ from board board0_ where board0_.category_id=?
Hibernate: select category0_.category_id as category1_5_0_, category0_.category_name as category2_5_0_ from category category0_ where category0_.category_id=?
Hibernate: select boardlist0_.category_id as category7_4_0_, boardlist0_.board_id as board_id1_4_0_, boardlist0_.board_id as board_id1_4_1_, boardlist0_.category_id as category7_4_1_, boardlist0_.board_content as board_co2_4_1_, boardlist0_.board_created_at as board_cr3_4_1_, boardlist0_.board_last_modified_at as board_la4_4_1_, boardlist0_.board_title as board_ti5_4_1_, boardlist0_.user_id as user_id8_4_1_, boardlist0_.board_views as board_vi6_4_1_ from board boardlist0_ where boardlist0_.category_id=?
Hibernate: delete from category where category_id=?
Hibernate: select user0_.user_id as user_id1_21_0_, user0_.character_id as characte7_21_0_, user0_.user_created_at as user_cre2_21_0_, user0_.user_name as user_nam3_21_0_, user0_.user_phone_number as user_pho4_21_0_, user0_.user_user_id as user_use5_21_0_, user0_.user_user_password as user_use6_21_0_ from user user0_ where user0_.user_id=?
Hibernate: select character0_.character_id as characte1_6_0_, character0_.character_character_name as characte2_6_0_ from characters character0_ where character0_.character_id=?
Hibernate: select count(*) as col_0_0_ from user user0_ where user0_.user_id=?
Hibernate: select character1_.character_id as characte1_6_, character1_.character_character_name as characte2_6_ from user user0_ inner join characters character1_ on user0_.character_id=character1_.character_id where user0_.user_id=?
Hibernate: select permission0_.character_id as characte6_12_0_, permission0_.permission_id as permissi1_12_0_, permission0_.permission_id as permissi1_12_1_, permission0_.character_id as characte6_12_1_, permission0_.permission_name as permissi2_12_1_, permission0_.permission_permission_unit_id as permissi3_12_1_, permission0_.permission_service as permissi4_12_1_, permission0_.permission_status as permissi5_12_1_ from permission permission0_ where permission0_.character_id=?
Hibernate: select count(*) as col_0_0_ from category category0_ where category0_.category_id=?
Hibernate: select count(board0_.board_id) as col_0_0_ from board board0_ where board0_.category_id=?
Hibernate: select category0_.category_id as category1_5_0_, category0_.category_name as category2_5_0_ from category category0_ where category0_.category_id=?
Hibernate: select boardlist0_.category_id as category7_4_0_, boardlist0_.board_id as board_id1_4_0_, boardlist0_.board_id as board_id1_4_1_, boardlist0_.category_id as category7_4_1_, boardlist0_.board_content as board_co2_4_1_, boardlist0_.board_created_at as board_cr3_4_1_, boardlist0_.board_last_modified_at as board_la4_4_1_, boardlist0_.board_title as board_ti5_4_1_, boardlist0_.user_id as user_id8_4_1_, boardlist0_.board_views as board_vi6_4_1_ from board boardlist0_ where boardlist0_.category_id=?
Hibernate: delete from category where category_id=?
Hibernate: select user0_.user_id as user_id1_21_0_, user0_.character_id as characte7_21_0_, user0_.user_created_at as user_cre2_21_0_, user0_.user_name as user_nam3_21_0_, user0_.user_phone_number as user_pho4_21_0_, user0_.user_user_id as user_use5_21_0_, user0_.user_user_password as user_use6_21_0_ from user user0_ where user0_.user_id=?
Hibernate: select character0_.character_id as characte1_6_0_, character0_.character_character_name as characte2_6_0_ from characters character0_ where character0_.character_id=?
Hibernate: select count(*) as col_0_0_ from user user0_ where user0_.user_id=?
Hibernate: select character1_.character_id as characte1_6_, character1_.character_character_name as characte2_6_ from user user0_ inner join characters character1_ on user0_.character_id=character1_.character_id where user0_.user_id=?
Hibernate: select permission0_.character_id as characte6_12_0_, permission0_.permission_id as permissi1_12_0_, permission0_.permission_id as permissi1_12_1_, permission0_.character_id as characte6_12_1_, permission0_.permission_name as permissi2_12_1_, permission0_.permission_permission_unit_id as permissi3_12_1_, permission0_.permission_service as permissi4_12_1_, permission0_.permission_status as permissi5_12_1_ from permission permission0_ where permission0_.character_id=?
Hibernate: select count(*) as col_0_0_ from category category0_ where category0_.category_id=?
Hibernate: select count(board0_.board_id) as col_0_0_ from board board0_ where board0_.category_id=?
Hibernate: select category0_.category_id as category1_5_0_, category0_.category_name as category2_5_0_ from category category0_ where category0_.category_id=?
Hibernate: select boardlist0_.category_id as category7_4_0_, boardlist0_.board_id as board_id1_4_0_, boardlist0_.board_id as board_id1_4_1_, boardlist0_.category_id as category7_4_1_, boardlist0_.board_content as board_co2_4_1_, boardlist0_.board_created_at as board_cr3_4_1_, boardlist0_.board_last_modified_at as board_la4_4_1_, boardlist0_.board_title as board_ti5_4_1_, boardlist0_.user_id as user_id8_4_1_, boardlist0_.board_views as board_vi6_4_1_ from board boardlist0_ where boardlist0_.category_id=?
Hibernate: delete from category where category_id=?
Hibernate: select user0_.user_id as user_id1_21_0_, user0_.character_id as characte7_21_0_, user0_.user_created_at as user_cre2_21_0_, user0_.user_name as user_nam3_21_0_, user0_.user_phone_number as user_pho4_21_0_, user0_.user_user_id as user_use5_21_0_, user0_.user_user_password as user_use6_21_0_ from user user0_ where user0_.user_id=?
Hibernate: select character0_.character_id as characte1_6_0_, character0_.character_character_name as characte2_6_0_ from characters character0_ where character0_.character_id=?
Hibernate: select count(*) as col_0_0_ from user user0_ where user0_.user_id=?
Hibernate: select character1_.character_id as characte1_6_, character1_.character_character_name as characte2_6_ from user user0_ inner join characters character1_ on user0_.character_id=character1_.character_id where user0_.user_id=?
Hibernate: select permission0_.character_id as characte6_12_0_, permission0_.permission_id as permissi1_12_0_, permission0_.permission_id as permissi1_12_1_, permission0_.character_id as characte6_12_1_, permission0_.permission_name as permissi2_12_1_, permission0_.permission_permission_unit_id as permissi3_12_1_, permission0_.permission_service as permissi4_12_1_, permission0_.permission_status as permissi5_12_1_ from permission permission0_ where permission0_.character_id=?
Hibernate: select category0_.category_id as col_0_0_ from category category0_ where category0_.category_name=? limit ?
Hibernate: select category0_.category_id as category1_5_1_, category0_.category_name as category2_5_1_, boardlist1_.category_id as category7_4_3_, boardlist1_.board_id as board_id1_4_3_, boardlist1_.board_id as board_id1_4_0_, boardlist1_.category_id as category7_4_0_, boardlist1_.board_content as board_co2_4_0_, boardlist1_.board_created_at as board_cr3_4_0_, boardlist1_.board_last_modified_at as board_la4_4_0_, boardlist1_.board_title as board_ti5_4_0_, boardlist1_.user_id as user_id8_4_0_, boardlist1_.board_views as board_vi6_4_0_ from category category0_ left outer join board boardlist1_ on category0_.category_id=boardlist1_.category_id where category0_.category_id=?
Hibernate: insert into category (category_id, category_name) values (default, ?)
Hibernate: select user0_.user_id as user_id1_21_0_, user0_.character_id as characte7_21_0_, user0_.user_created_at as user_cre2_21_0_, user0_.user_name as user_nam3_21_0_, user0_.user_phone_number as user_pho4_21_0_, user0_.user_user_id as user_use5_21_0_, user0_.user_user_password as user_use6_21_0_ from user user0_ where user0_.user_id=?
Hibernate: select character0_.character_id as characte1_6_0_, character0_.character_character_name as characte2_6_0_ from characters character0_ where character0_.character_id=?
Hibernate: select count(*) as col_0_0_ from user user0_ where user0_.user_id=?
Hibernate: select character1_.character_id as characte1_6_, character1_.character_character_name as characte2_6_ from user user0_ inner join characters character1_ on user0_.character_id=character1_.character_id where user0_.user_id=?
Hibernate: select permission0_.character_id as characte6_12_0_, permission0_.permission_id as permissi1_12_0_, permission0_.permission_id as permissi1_12_1_, permission0_.character_id as characte6_12_1_, permission0_.permission_name as permissi2_12_1_, permission0_.permission_permission_unit_id as permissi3_12_1_, permission0_.permission_service as permissi4_12_1_, permission0_.permission_status as permissi5_12_1_ from permission permission0_ where permission0_.character_id=?
Hibernate: select category0_.category_id as col_0_0_ from category category0_ where category0_.category_name=? limit ?
Hibernate: select category0_.category_id as category1_5_1_, category0_.category_name as category2_5_1_, boardlist1_.category_id as category7_4_3_, boardlist1_.board_id as board_id1_4_3_, boardlist1_.board_id as board_id1_4_0_, boardlist1_.category_id as category7_4_0_, boardlist1_.board_content as board_co2_4_0_, boardlist1_.board_created_at as board_cr3_4_0_, boardlist1_.board_last_modified_at as board_la4_4_0_, boardlist1_.board_title as board_ti5_4_0_, boardlist1_.user_id as user_id8_4_0_, boardlist1_.board_views as board_vi6_4_0_ from category category0_ left outer join board boardlist1_ on category0_.category_id=boardlist1_.category_id where category0_.category_id=?
Hibernate: insert into category (category_id, category_name) values (default, ?)
Hibernate: select user0_.user_id as col_0_0_ from user user0_ where user0_.user_user_id=? limit ?
Hibernate: select user0_.user_id as col_0_0_ from user user0_ where user0_.user_user_id=? limit ?
Hibernate: select U.* from USER U where U.USER_USER_ID =?
Hibernate: select character0_.character_id as characte1_6_0_, character0_.character_character_name as characte2_6_0_ from characters character0_ where character0_.character_id=?
Hibernate: select user0_.user_id as col_0_0_ from user user0_ where user0_.user_user_id=? limit ?
Hibernate: select user0_.user_id as col_0_0_ from user user0_ where user0_.user_user_id=? limit ?
Hibernate: select U.* from USER U where U.USER_USER_ID =?
Hibernate: select character0_.character_id as characte1_6_0_, character0_.character_character_name as characte2_6_0_ from characters character0_ where character0_.character_id=?
Hibernate: select user0_.user_id as user_id1_21_0_, user0_.character_id as characte7_21_0_, user0_.user_created_at as user_cre2_21_0_, user0_.user_name as user_nam3_21_0_, user0_.user_phone_number as user_pho4_21_0_, user0_.user_user_id as user_use5_21_0_, user0_.user_user_password as user_use6_21_0_ from user user0_ where user0_.user_id=?
Hibernate: select character0_.character_id as characte1_6_0_, character0_.character_character_name as characte2_6_0_ from characters character0_ where character0_.character_id=?
Hibernate: select count(*) as col_0_0_ from board board0_
Hibernate: select count(*) as col_0_0_ from board board0_
Hibernate: select user0_.user_id as col_0_0_ from user user0_ where user0_.user_user_id=? limit ?
Hibernate: select user0_.user_id as col_0_0_ from user user0_ where user0_.user_user_id=? limit ?
Hibernate: select U.* from USER U where U.USER_USER_ID =?
Hibernate: select character0_.character_id as characte1_6_0_, character0_.character_character_name as characte2_6_0_ from characters character0_ where character0_.character_id=?
Hibernate: select user0_.user_id as user_id1_21_0_, user0_.character_id as characte7_21_0_, user0_.user_created_at as user_cre2_21_0_, user0_.user_name as user_nam3_21_0_, user0_.user_phone_number as user_pho4_21_0_, user0_.user_user_id as user_use5_21_0_, user0_.user_user_password as user_use6_21_0_ from user user0_ where user0_.user_id=?
Hibernate: select character0_.character_id as characte1_6_0_, character0_.character_character_name as characte2_6_0_ from characters character0_ where character0_.character_id=?
Hibernate: select category0_.category_id as category1_5_, category0_.category_name as category2_5_ from category category0_
Hibernate: select boardlist0_.category_id as category7_4_0_, boardlist0_.board_id as board_id1_4_0_, boardlist0_.board_id as board_id1_4_1_, boardlist0_.category_id as category7_4_1_, boardlist0_.board_content as board_co2_4_1_, boardlist0_.board_created_at as board_cr3_4_1_, boardlist0_.board_last_modified_at as board_la4_4_1_, boardlist0_.board_title as board_ti5_4_1_, boardlist0_.user_id as user_id8_4_1_, boardlist0_.board_views as board_vi6_4_1_ from board boardlist0_ where boardlist0_.category_id=?
Hibernate: select boardlist0_.category_id as category7_4_0_, boardlist0_.board_id as board_id1_4_0_, boardlist0_.board_id as board_id1_4_1_, boardlist0_.category_id as category7_4_1_, boardlist0_.board_content as board_co2_4_1_, boardlist0_.board_created_at as board_cr3_4_1_, boardlist0_.board_last_modified_at as board_la4_4_1_, boardlist0_.board_title as board_ti5_4_1_, boardlist0_.user_id as user_id8_4_1_, boardlist0_.board_views as board_vi6_4_1_ from board boardlist0_ where boardlist0_.category_id=?
Hibernate: select user0_.user_id as user_id1_21_0_, user0_.character_id as characte7_21_0_, user0_.user_created_at as user_cre2_21_0_, user0_.user_name as user_nam3_21_0_, user0_.user_phone_number as user_pho4_21_0_, user0_.user_user_id as user_use5_21_0_, user0_.user_user_password as user_use6_21_0_ from user user0_ where user0_.user_id=?
Hibernate: select character0_.character_id as characte1_6_0_, character0_.character_character_name as characte2_6_0_ from characters character0_ where character0_.character_id=?
Hibernate: select count(*) as col_0_0_ from user user0_ where user0_.user_id=?
Hibernate: select character1_.character_id as characte1_6_, character1_.character_character_name as characte2_6_ from user user0_ inner join characters character1_ on user0_.character_id=character1_.character_id where user0_.user_id=?
Hibernate: select permission0_.character_id as characte6_12_0_, permission0_.permission_id as permissi1_12_0_, permission0_.permission_id as permissi1_12_1_, permission0_.character_id as characte6_12_1_, permission0_.permission_name as permissi2_12_1_, permission0_.permission_permission_unit_id as permissi3_12_1_, permission0_.permission_service as permissi4_12_1_, permission0_.permission_status as permissi5_12_1_ from permission permission0_ where permission0_.character_id=?
Hibernate: select count(*) as col_0_0_ from category category0_ where category0_.category_id=?
Hibernate: select count(board0_.board_id) as col_0_0_ from board board0_ where board0_.category_id=?
Hibernate: select category0_.category_id as category1_5_0_, category0_.category_name as category2_5_0_ from category category0_ where category0_.category_id=?
Hibernate: select boardlist0_.category_id as category7_4_0_, boardlist0_.board_id as board_id1_4_0_, boardlist0_.board_id as board_id1_4_1_, boardlist0_.category_id as category7_4_1_, boardlist0_.board_content as board_co2_4_1_, boardlist0_.board_created_at as board_cr3_4_1_, boardlist0_.board_last_modified_at as board_la4_4_1_, boardlist0_.board_title as board_ti5_4_1_, boardlist0_.user_id as user_id8_4_1_, boardlist0_.board_views as board_vi6_4_1_ from board boardlist0_ where boardlist0_.category_id=?
Hibernate: delete from category where category_id=?
Hibernate: select user0_.user_id as user_id1_21_0_, user0_.character_id as characte7_21_0_, user0_.user_created_at as user_cre2_21_0_, user0_.user_name as user_nam3_21_0_, user0_.user_phone_number as user_pho4_21_0_, user0_.user_user_id as user_use5_21_0_, user0_.user_user_password as user_use6_21_0_ from user user0_ where user0_.user_id=?
Hibernate: select character0_.character_id as characte1_6_0_, character0_.character_character_name as characte2_6_0_ from characters character0_ where character0_.character_id=?
Hibernate: select count(*) as col_0_0_ from user user0_ where user0_.user_id=?
Hibernate: select character1_.character_id as characte1_6_, character1_.character_character_name as characte2_6_ from user user0_ inner join characters character1_ on user0_.character_id=character1_.character_id where user0_.user_id=?
Hibernate: select permission0_.character_id as characte6_12_0_, permission0_.permission_id as permissi1_12_0_, permission0_.permission_id as permissi1_12_1_, permission0_.character_id as characte6_12_1_, permission0_.permission_name as permissi2_12_1_, permission0_.permission_permission_unit_id as permissi3_12_1_, permission0_.permission_service as permissi4_12_1_, permission0_.permission_status as permissi5_12_1_ from permission permission0_ where permission0_.character_id=?
Hibernate: select count(*) as col_0_0_ from category category0_ where category0_.category_id=?
Hibernate: select count(board0_.board_id) as col_0_0_ from board board0_ where board0_.category_id=?
Hibernate: select category0_.category_id as category1_5_0_, category0_.category_name as category2_5_0_ from category category0_ where category0_.category_id=?
Hibernate: select boardlist0_.category_id as category7_4_0_, boardlist0_.board_id as board_id1_4_0_, boardlist0_.board_id as board_id1_4_1_, boardlist0_.category_id as category7_4_1_, boardlist0_.board_content as board_co2_4_1_, boardlist0_.board_created_at as board_cr3_4_1_, boardlist0_.board_last_modified_at as board_la4_4_1_, boardlist0_.board_title as board_ti5_4_1_, boardlist0_.user_id as user_id8_4_1_, boardlist0_.board_views as board_vi6_4_1_ from board boardlist0_ where boardlist0_.category_id=?
Hibernate: delete from category where category_id=?
Hibernate: select user0_.user_id as user_id1_21_0_, user0_.character_id as characte7_21_0_, user0_.user_created_at as user_cre2_21_0_, user0_.user_name as user_nam3_21_0_, user0_.user_phone_number as user_pho4_21_0_, user0_.user_user_id as user_use5_21_0_, user0_.user_user_password as user_use6_21_0_ from user user0_ where user0_.user_id=?
Hibernate: select character0_.character_id as characte1_6_0_, character0_.character_character_name as characte2_6_0_ from characters character0_ where character0_.character_id=?
Hibernate: select count(*) as col_0_0_ from user user0_ where user0_.user_id=?
Hibernate: select character1_.character_id as characte1_6_, character1_.character_character_name as characte2_6_ from user user0_ inner join characters character1_ on user0_.character_id=character1_.character_id where user0_.user_id=?
Hibernate: select permission0_.character_id as characte6_12_0_, permission0_.permission_id as permissi1_12_0_, permission0_.permission_id as permissi1_12_1_, permission0_.character_id as characte6_12_1_, permission0_.permission_name as permissi2_12_1_, permission0_.permission_permission_unit_id as permissi3_12_1_, permission0_.permission_service as permissi4_12_1_, permission0_.permission_status as permissi5_12_1_ from permission permission0_ where permission0_.character_id=?
Hibernate: select category0_.category_id as col_0_0_ from category category0_ where category0_.category_name=? limit ?
Hibernate: select category0_.category_id as category1_5_1_, category0_.category_name as category2_5_1_, boardlist1_.category_id as category7_4_3_, boardlist1_.board_id as board_id1_4_3_, boardlist1_.board_id as board_id1_4_0_, boardlist1_.category_id as category7_4_0_, boardlist1_.board_content as board_co2_4_0_, boardlist1_.board_created_at as board_cr3_4_0_, boardlist1_.board_last_modified_at as board_la4_4_0_, boardlist1_.board_title as board_ti5_4_0_, boardlist1_.user_id as user_id8_4_0_, boardlist1_.board_views as board_vi6_4_0_ from category category0_ left outer join board boardlist1_ on category0_.category_id=boardlist1_.category_id where category0_.category_id=?
Hibernate: insert into category (category_id, category_name) values (default, ?)
Hibernate: select user0_.user_id as user_id1_21_0_, user0_.character_id as characte7_21_0_, user0_.user_created_at as user_cre2_21_0_, user0_.user_name as user_nam3_21_0_, user0_.user_phone_number as user_pho4_21_0_, user0_.user_user_id as user_use5_21_0_, user0_.user_user_password as user_use6_21_0_ from user user0_ where user0_.user_id=?
Hibernate: select character0_.character_id as characte1_6_0_, character0_.character_character_name as characte2_6_0_ from characters character0_ where character0_.character_id=?
Hibernate: select count(*) as col_0_0_ from user user0_ where user0_.user_id=?
Hibernate: select character1_.character_id as characte1_6_, character1_.character_character_name as characte2_6_ from user user0_ inner join characters character1_ on user0_.character_id=character1_.character_id where user0_.user_id=?
Hibernate: select permission0_.character_id as characte6_12_0_, permission0_.permission_id as permissi1_12_0_, permission0_.permission_id as permissi1_12_1_, permission0_.character_id as characte6_12_1_, permission0_.permission_name as permissi2_12_1_, permission0_.permission_permission_unit_id as permissi3_12_1_, permission0_.permission_service as permissi4_12_1_, permission0_.permission_status as permissi5_12_1_ from permission permission0_ where permission0_.character_id=?
Hibernate: select category0_.category_id as col_0_0_ from category category0_ where category0_.category_name=? limit ?
Hibernate: select category0_.category_id as category1_5_1_, category0_.category_name as category2_5_1_, boardlist1_.category_id as category7_4_3_, boardlist1_.board_id as board_id1_4_3_, boardlist1_.board_id as board_id1_4_0_, boardlist1_.category_id as category7_4_0_, boardlist1_.board_content as board_co2_4_0_, boardlist1_.board_created_at as board_cr3_4_0_, boardlist1_.board_last_modified_at as board_la4_4_0_, boardlist1_.board_title as board_ti5_4_0_, boardlist1_.user_id as user_id8_4_0_, boardlist1_.board_views as board_vi6_4_0_ from category category0_ left outer join board boardlist1_ on category0_.category_id=boardlist1_.category_id where category0_.category_id=?
Hibernate: insert into category (category_id, category_name) values (default, ?)
Hibernate: select user0_.user_id as col_0_0_ from user user0_ where user0_.user_user_id=? limit ?
Hibernate: select user0_.user_id as col_0_0_ from user user0_ where user0_.user_user_id=? limit ?
Hibernate: select U.* from USER U where U.USER_USER_ID =?
Hibernate: select character0_.character_id as characte1_6_0_, character0_.character_character_name as characte2_6_0_ from characters character0_ where character0_.character_id=?
Hibernate: select user0_.user_id as col_0_0_ from user user0_ where user0_.user_user_id=? limit ?
Hibernate: select user0_.user_id as col_0_0_ from user user0_ where user0_.user_user_id=? limit ?
Hibernate: select U.* from USER U where U.USER_USER_ID =?
Hibernate: select character0_.character_id as characte1_6_0_, character0_.character_character_name as characte2_6_0_ from characters character0_ where character0_.character_id=?
Hibernate: select user0_.user_id as user_id1_21_0_, user0_.character_id as characte7_21_0_, user0_.user_created_at as user_cre2_21_0_, user0_.user_name as user_nam3_21_0_, user0_.user_phone_number as user_pho4_21_0_, user0_.user_user_id as user_use5_21_0_, user0_.user_user_password as user_use6_21_0_ from user user0_ where user0_.user_id=?
Hibernate: select character0_.character_id as characte1_6_0_, character0_.character_character_name as characte2_6_0_ from characters character0_ where character0_.character_id=?
Hibernate: select count(*) as col_0_0_ from user user0_ where user0_.user_id=?
Hibernate: select character1_.character_id as characte1_6_, character1_.character_character_name as characte2_6_ from user user0_ inner join characters character1_ on user0_.character_id=character1_.character_id where user0_.user_id=?
Hibernate: select permission0_.character_id as characte6_12_0_, permission0_.permission_id as permissi1_12_0_, permission0_.permission_id as permissi1_12_1_, permission0_.character_id as characte6_12_1_, permission0_.permission_name as permissi2_12_1_, permission0_.permission_permission_unit_id as permissi3_12_1_, permission0_.permission_service as permissi4_12_1_, permission0_.permission_status as permissi5_12_1_ from permission permission0_ where permission0_.character_id=?
Hibernate: select category0_.category_id as col_0_0_ from category category0_ where category0_.category_name=? limit ?
Hibernate: select category0_.category_id as category1_5_1_, category0_.category_name as category2_5_1_, boardlist1_.category_id as category7_4_3_, boardlist1_.board_id as board_id1_4_3_, boardlist1_.board_id as board_id1_4_0_, boardlist1_.category_id as category7_4_0_, boardlist1_.board_content as board_co2_4_0_, boardlist1_.board_created_at as board_cr3_4_0_, boardlist1_.board_last_modified_at as board_la4_4_0_, boardlist1_.board_title as board_ti5_4_0_, boardlist1_.user_id as user_id8_4_0_, boardlist1_.board_views as board_vi6_4_0_ from category category0_ left outer join board boardlist1_ on category0_.category_id=boardlist1_.category_id where category0_.category_id=?
Hibernate: insert into category (category_id, category_name) values (default, ?)
Hibernate: select user0_.user_id as user_id1_21_0_, user0_.character_id as characte7_21_0_, user0_.user_created_at as user_cre2_21_0_, user0_.user_name as user_nam3_21_0_, user0_.user_phone_number as user_pho4_21_0_, user0_.user_user_id as user_use5_21_0_, user0_.user_user_password as user_use6_21_0_ from user user0_ where user0_.user_id=?
Hibernate: select character0_.character_id as characte1_6_0_, character0_.character_character_name as characte2_6_0_ from characters character0_ where character0_.character_id=?
Hibernate: select category0_.category_id as category1_5_, category0_.category_name as category2_5_ from category category0_
Hibernate: select boardlist0_.category_id as category7_4_0_, boardlist0_.board_id as board_id1_4_0_, boardlist0_.board_id as board_id1_4_1_, boardlist0_.category_id as category7_4_1_, boardlist0_.board_content as board_co2_4_1_, boardlist0_.board_created_at as board_cr3_4_1_, boardlist0_.board_last_modified_at as board_la4_4_1_, boardlist0_.board_title as board_ti5_4_1_, boardlist0_.user_id as user_id8_4_1_, boardlist0_.board_views as board_vi6_4_1_ from board boardlist0_ where boardlist0_.category_id=?
Hibernate: select boardlist0_.category_id as category7_4_0_, boardlist0_.board_id as board_id1_4_0_, boardlist0_.board_id as board_id1_4_1_, boardlist0_.category_id as category7_4_1_, boardlist0_.board_content as board_co2_4_1_, boardlist0_.board_created_at as board_cr3_4_1_, boardlist0_.board_last_modified_at as board_la4_4_1_, boardlist0_.board_title as board_ti5_4_1_, boardlist0_.user_id as user_id8_4_1_, boardlist0_.board_views as board_vi6_4_1_ from board boardlist0_ where boardlist0_.category_id=?
Hibernate: select boardlist0_.category_id as category7_4_0_, boardlist0_.board_id as board_id1_4_0_, boardlist0_.board_id as board_id1_4_1_, boardlist0_.category_id as category7_4_1_, boardlist0_.board_content as board_co2_4_1_, boardlist0_.board_created_at as board_cr3_4_1_, boardlist0_.board_last_modified_at as board_la4_4_1_, boardlist0_.board_title as board_ti5_4_1_, boardlist0_.user_id as user_id8_4_1_, boardlist0_.board_views as board_vi6_4_1_ from board boardlist0_ where boardlist0_.category_id=?
Hibernate: select user0_.user_id as col_0_0_ from user user0_ where user0_.user_user_id=? limit ?
Hibernate: select user0_.user_id as col_0_0_ from user user0_ where user0_.user_user_id=? limit ?
Hibernate: select U.* from USER U where U.USER_USER_ID =?
Hibernate: select character0_.character_id as characte1_6_0_, character0_.character_character_name as characte2_6_0_ from characters character0_ where character0_.character_id=?
Hibernate: select user0_.user_id as col_0_0_ from user user0_ where user0_.user_user_id=? limit ?
Hibernate: select userjoinin0_.user_joining_pool_id as col_0_0_ from user_joining_pool userjoinin0_ where userjoinin0_.user_user_id=? limit ?
Hibernate: select character0_.character_id as col_0_0_ from characters character0_ where character0_.character_character_name=? limit ?
Hibernate: insert into user_joining_pool (user_joining_pool_id, user_created_at, user_name, user_phone_number, user_user_id, user_user_password) values (default, ?, ?, ?, ?, ?)
Hibernate: select user0_.user_id as user_id1_21_0_, user0_.character_id as characte7_21_0_, user0_.user_created_at as user_cre2_21_0_, user0_.user_name as user_nam3_21_0_, user0_.user_phone_number as user_pho4_21_0_, user0_.user_user_id as user_use5_21_0_, user0_.user_user_password as user_use6_21_0_ from user user0_ where user0_.user_id=?
Hibernate: select character0_.character_id as characte1_6_0_, character0_.character_character_name as characte2_6_0_ from characters character0_ where character0_.character_id=?
Hibernate: select count(*) as col_0_0_ from user user0_ where user0_.user_id=?
Hibernate: select character1_.character_id as characte1_6_, character1_.character_character_name as characte2_6_ from user user0_ inner join characters character1_ on user0_.character_id=character1_.character_id where user0_.user_id=?
Hibernate: select permission0_.character_id as characte6_12_0_, permission0_.permission_id as permissi1_12_0_, permission0_.permission_id as permissi1_12_1_, permission0_.character_id as characte6_12_1_, permission0_.permission_name as permissi2_12_1_, permission0_.permission_permission_unit_id as permissi3_12_1_, permission0_.permission_service as permissi4_12_1_, permission0_.permission_status as permissi5_12_1_ from permission permission0_ where permission0_.character_id=?
Hibernate: select userjoinin0_.user_joining_pool_id as col_0_0_ from user_joining_pool userjoinin0_ where userjoinin0_.user_user_id=? limit ?
Hibernate: select userjoinin0_.user_joining_pool_id as user_joi1_22_, userjoinin0_.user_created_at as user_cre2_22_, userjoinin0_.user_name as user_nam3_22_, userjoinin0_.user_phone_number as user_pho4_22_, userjoinin0_.user_user_id as user_use5_22_, userjoinin0_.user_user_password as user_use6_22_ from user_joining_pool userjoinin0_ where userjoinin0_.user_user_id=?
Hibernate: select character0_.character_id as characte1_6_, character0_.character_character_name as characte2_6_ from characters character0_ where character0_.character_character_name=?
Hibernate: insert into user (user_id, character_id, user_created_at, user_name, user_phone_number, user_user_id, user_user_password) values (default, ?, ?, ?, ?, ?, ?)
Hibernate: DELETE FROM USER_JOINING_POOL as JU where JU.USER_USER_ID =?
Hibernate: select user0_.user_id as col_0_0_ from user user0_ where user0_.user_user_id=? limit ?
Hibernate: select user0_.user_id as col_0_0_ from user user0_ where user0_.user_user_id=? limit ?
Hibernate: select U.* from USER U where U.USER_USER_ID =?
Hibernate: select character0_.character_id as characte1_6_0_, character0_.character_character_name as characte2_6_0_ from characters character0_ where character0_.character_id=?
Hibernate: select user0_.user_id as user_id1_21_0_, user0_.character_id as characte7_21_0_, user0_.user_created_at as user_cre2_21_0_, user0_.user_name as user_nam3_21_0_, user0_.user_phone_number as user_pho4_21_0_, user0_.user_user_id as user_use5_21_0_, user0_.user_user_password as user_use6_21_0_ from user user0_ where user0_.user_id=?
Hibernate: select character0_.character_id as characte1_6_0_, character0_.character_character_name as characte2_6_0_ from characters character0_ where character0_.character_id=?
Hibernate: select count(*) as col_0_0_ from user user0_ where user0_.user_id=?
Hibernate: select character1_.character_id as characte1_6_, character1_.character_character_name as characte2_6_ from user user0_ inner join characters character1_ on user0_.character_id=character1_.character_id where user0_.user_id=?
Hibernate: select permission0_.character_id as characte6_12_0_, permission0_.permission_id as permissi1_12_0_, permission0_.permission_id as permissi1_12_1_, permission0_.character_id as characte6_12_1_, permission0_.permission_name as permissi2_12_1_, permission0_.permission_permission_unit_id as permissi3_12_1_, permission0_.permission_service as permissi4_12_1_, permission0_.permission_status as permissi5_12_1_ from permission permission0_ where permission0_.character_id=?
Hibernate: select count(*) as col_0_0_ from category category0_ where category0_.category_id=?
Hibernate: select category0_.category_id as category1_5_0_, category0_.category_name as category2_5_0_ from category category0_ where category0_.category_id=?
Hibernate: insert into board (board_id, category_id, board_content, board_created_at, board_last_modified_at, board_title, user_id, board_views) values (default, ?, ?, ?, ?, ?, ?, ?)
Hibernate: insert into reaction (reaction_id, board_id, reaction_type) values (default, ?, ?)
Hibernate: insert into reaction (reaction_id, board_id, reaction_type) values (default, ?, ?)
Hibernate: insert into reaction (reaction_id, board_id, reaction_type) values (default, ?, ?)
Hibernate: insert into reaction (reaction_id, board_id, reaction_type) values (default, ?, ?)
Hibernate: insert into reaction (reaction_id, board_id, reaction_type) values (default, ?, ?)
Hibernate: insert into reaction (reaction_id, board_id, reaction_type) values (default, ?, ?)
Hibernate: select user0_.user_id as user_id1_21_0_, user0_.character_id as characte7_21_0_, user0_.user_created_at as user_cre2_21_0_, user0_.user_name as user_nam3_21_0_, user0_.user_phone_number as user_pho4_21_0_, user0_.user_user_id as user_use5_21_0_, user0_.user_user_password as user_use6_21_0_ from user user0_ where user0_.user_id=?
Hibernate: select character0_.character_id as characte1_6_0_, character0_.character_character_name as characte2_6_0_ from characters character0_ where character0_.character_id=?
Hibernate: select count(*) as col_0_0_ from board board0_
Hibernate: select board0_.board_id as board_id1_4_, board0_.category_id as category7_4_, board0_.board_content as board_co2_4_, board0_.board_created_at as board_cr3_4_, board0_.board_last_modified_at as board_la4_4_, board0_.board_title as board_ti5_4_, board0_.user_id as user_id8_4_, board0_.board_views as board_vi6_4_ from board board0_ limit ?
Hibernate: select category0_.category_id as category1_5_0_, category0_.category_name as category2_5_0_ from category category0_ where category0_.category_id=?
Hibernate: select reactionli0_.board_id as board_id3_13_0_, reactionli0_.reaction_id as reaction1_13_0_, reactionli0_.reaction_id as reaction1_13_1_, reactionli0_.board_id as board_id3_13_1_, reactionli0_.reaction_type as reaction2_13_1_ from reaction reactionli0_ where reactionli0_.board_id=?
Hibernate: select reactionus0_.reaction_id as reaction2_14_0_, reactionus0_.reaction_user_id as reaction1_14_0_, reactionus0_.reaction_user_id as reaction1_14_1_, reactionus0_.reaction_id as reaction2_14_1_, reactionus0_.user_id as user_id3_14_1_ from reaction_user reactionus0_ where reactionus0_.reaction_id=?
Hibernate: select reactionus0_.reaction_id as reaction2_14_0_, reactionus0_.reaction_user_id as reaction1_14_0_, reactionus0_.reaction_user_id as reaction1_14_1_, reactionus0_.reaction_id as reaction2_14_1_, reactionus0_.user_id as user_id3_14_1_ from reaction_user reactionus0_ where reactionus0_.reaction_id=?
Hibernate: select reactionus0_.reaction_id as reaction2_14_0_, reactionus0_.reaction_user_id as reaction1_14_0_, reactionus0_.reaction_user_id as reaction1_14_1_, reactionus0_.reaction_id as reaction2_14_1_, reactionus0_.user_id as user_id3_14_1_ from reaction_user reactionus0_ where reactionus0_.reaction_id=?
Hibernate: select reactionus0_.reaction_id as reaction2_14_0_, reactionus0_.reaction_user_id as reaction1_14_0_, reactionus0_.reaction_user_id as reaction1_14_1_, reactionus0_.reaction_id as reaction2_14_1_, reactionus0_.user_id as user_id3_14_1_ from reaction_user reactionus0_ where reactionus0_.reaction_id=?
Hibernate: select reactionus0_.reaction_id as reaction2_14_0_, reactionus0_.reaction_user_id as reaction1_14_0_, reactionus0_.reaction_user_id as reaction1_14_1_, reactionus0_.reaction_id as reaction2_14_1_, reactionus0_.user_id as user_id3_14_1_ from reaction_user reactionus0_ where reactionus0_.reaction_id=?
Hibernate: select reactionus0_.reaction_id as reaction2_14_0_, reactionus0_.reaction_user_id as reaction1_14_0_, reactionus0_.reaction_user_id as reaction1_14_1_, reactionus0_.reaction_id as reaction2_14_1_, reactionus0_.user_id as user_id3_14_1_ from reaction_user reactionus0_ where reactionus0_.reaction_id=?
Hibernate: select commentlis0_.board_id as board_id5_7_0_, commentlis0_.comment_id as comment_1_7_0_, commentlis0_.comment_id as comment_1_7_1_, commentlis0_.board_id as board_id5_7_1_, commentlis0_.comment_content as comment_2_7_1_, commentlis0_.comment_created_at as comment_3_7_1_, commentlis0_.comment_last_modified_at as comment_4_7_1_, commentlis0_.user_id as user_id6_7_1_ from comment commentlis0_ where commentlis0_.board_id=?
Hibernate: select boardlist0_.category_id as category7_4_0_, boardlist0_.board_id as board_id1_4_0_, boardlist0_.board_id as board_id1_4_1_, boardlist0_.category_id as category7_4_1_, boardlist0_.board_content as board_co2_4_1_, boardlist0_.board_created_at as board_cr3_4_1_, boardlist0_.board_last_modified_at as board_la4_4_1_, boardlist0_.board_title as board_ti5_4_1_, boardlist0_.user_id as user_id8_4_1_, boardlist0_.board_views as board_vi6_4_1_ from board boardlist0_ where boardlist0_.category_id=?
Hibernate: select count(comment0_.comment_id) as col_0_0_ from comment comment0_ where comment0_.board_id=?
Hibernate: select count(*) as col_0_0_ from board board0_
Hibernate: select imagepathl0_.board_board_id as board_bo1_11_0_, imagepathl0_.board_image_path_list as board_im2_11_0_ from image_path_list imagepathl0_ where imagepathl0_.board_board_id=?
Hibernate: select filepathli0_.board_board_id as board_bo1_8_0_, filepathli0_.board_file_path_list as board_fi2_8_0_ from file_path_list filepathli0_ where filepathli0_.board_board_id=?
Hibernate: select user0_.user_id as user_id1_21_0_, user0_.character_id as characte7_21_0_, user0_.user_created_at as user_cre2_21_0_, user0_.user_name as user_nam3_21_0_, user0_.user_phone_number as user_pho4_21_0_, user0_.user_user_id as user_use5_21_0_, user0_.user_user_password as user_use6_21_0_ from user user0_ where user0_.user_id=?
Hibernate: select character0_.character_id as characte1_6_0_, character0_.character_character_name as characte2_6_0_ from characters character0_ where character0_.character_id=?
Hibernate: select count(*) as col_0_0_ from user user0_ where user0_.user_id=?
Hibernate: select character1_.character_id as characte1_6_, character1_.character_character_name as characte2_6_ from user user0_ inner join characters character1_ on user0_.character_id=character1_.character_id where user0_.user_id=?
Hibernate: select permission0_.character_id as characte6_12_0_, permission0_.permission_id as permissi1_12_0_, permission0_.permission_id as permissi1_12_1_, permission0_.character_id as characte6_12_1_, permission0_.permission_name as permissi2_12_1_, permission0_.permission_permission_unit_id as permissi3_12_1_, permission0_.permission_service as permissi4_12_1_, permission0_.permission_status as permissi5_12_1_ from permission permission0_ where permission0_.character_id=?
Hibernate: select count(*) as col_0_0_ from board board0_ where board0_.board_id=?
Hibernate: select board0_.board_id as board_id1_4_0_, board0_.category_id as category7_4_0_, board0_.board_content as board_co2_4_0_, board0_.board_created_at as board_cr3_4_0_, board0_.board_last_modified_at as board_la4_4_0_, board0_.board_title as board_ti5_4_0_, board0_.user_id as user_id8_4_0_, board0_.board_views as board_vi6_4_0_ from board board0_ where board0_.board_id=?
Hibernate: select category0_.category_id as category1_5_0_, category0_.category_name as category2_5_0_ from category category0_ where category0_.category_id=?
Hibernate: select reactionli0_.board_id as board_id3_13_0_, reactionli0_.reaction_id as reaction1_13_0_, reactionli0_.reaction_id as reaction1_13_1_, reactionli0_.board_id as board_id3_13_1_, reactionli0_.reaction_type as reaction2_13_1_ from reaction reactionli0_ where reactionli0_.board_id=?
Hibernate: select reactionus0_.reaction_id as reaction2_14_0_, reactionus0_.reaction_user_id as reaction1_14_0_, reactionus0_.reaction_user_id as reaction1_14_1_, reactionus0_.reaction_id as reaction2_14_1_, reactionus0_.user_id as user_id3_14_1_ from reaction_user reactionus0_ where reactionus0_.reaction_id=?
Hibernate: select reactionus0_.reaction_id as reaction2_14_0_, reactionus0_.reaction_user_id as reaction1_14_0_, reactionus0_.reaction_user_id as reaction1_14_1_, reactionus0_.reaction_id as reaction2_14_1_, reactionus0_.user_id as user_id3_14_1_ from reaction_user reactionus0_ where reactionus0_.reaction_id=?
Hibernate: select reactionus0_.reaction_id as reaction2_14_0_, reactionus0_.reaction_user_id as reaction1_14_0_, reactionus0_.reaction_user_id as reaction1_14_1_, reactionus0_.reaction_id as reaction2_14_1_, reactionus0_.user_id as user_id3_14_1_ from reaction_user reactionus0_ where reactionus0_.reaction_id=?
Hibernate: select reactionus0_.reaction_id as reaction2_14_0_, reactionus0_.reaction_user_id as reaction1_14_0_, reactionus0_.reaction_user_id as reaction1_14_1_, reactionus0_.reaction_id as reaction2_14_1_, reactionus0_.user_id as user_id3_14_1_ from reaction_user reactionus0_ where reactionus0_.reaction_id=?
Hibernate: select reactionus0_.reaction_id as reaction2_14_0_, reactionus0_.reaction_user_id as reaction1_14_0_, reactionus0_.reaction_user_id as reaction1_14_1_, reactionus0_.reaction_id as reaction2_14_1_, reactionus0_.user_id as user_id3_14_1_ from reaction_user reactionus0_ where reactionus0_.reaction_id=?
Hibernate: select reactionus0_.reaction_id as reaction2_14_0_, reactionus0_.reaction_user_id as reaction1_14_0_, reactionus0_.reaction_user_id as reaction1_14_1_, reactionus0_.reaction_id as reaction2_14_1_, reactionus0_.user_id as user_id3_14_1_ from reaction_user reactionus0_ where reactionus0_.reaction_id=?
Hibernate: select commentlis0_.board_id as board_id5_7_0_, commentlis0_.comment_id as comment_1_7_0_, commentlis0_.comment_id as comment_1_7_1_, commentlis0_.board_id as board_id5_7_1_, commentlis0_.comment_content as comment_2_7_1_, commentlis0_.comment_created_at as comment_3_7_1_, commentlis0_.comment_last_modified_at as comment_4_7_1_, commentlis0_.user_id as user_id6_7_1_ from comment commentlis0_ where commentlis0_.board_id=?
Hibernate: select boardlist0_.category_id as category7_4_0_, boardlist0_.board_id as board_id1_4_0_, boardlist0_.board_id as board_id1_4_1_, boardlist0_.category_id as category7_4_1_, boardlist0_.board_content as board_co2_4_1_, boardlist0_.board_created_at as board_cr3_4_1_, boardlist0_.board_last_modified_at as board_la4_4_1_, boardlist0_.board_title as board_ti5_4_1_, boardlist0_.user_id as user_id8_4_1_, boardlist0_.board_views as board_vi6_4_1_ from board boardlist0_ where boardlist0_.category_id=?
Hibernate: select count(comment0_.comment_id) as col_0_0_ from comment comment0_ where comment0_.board_id=?
Hibernate: update board set category_id=?, board_content=?, board_created_at=?, board_last_modified_at=?, board_title=?, user_id=?, board_views=? where board_id=?
Hibernate: select imagepathl0_.board_board_id as board_bo1_11_0_, imagepathl0_.board_image_path_list as board_im2_11_0_ from image_path_list imagepathl0_ where imagepathl0_.board_board_id=?
Hibernate: select filepathli0_.board_board_id as board_bo1_8_0_, filepathli0_.board_file_path_list as board_fi2_8_0_ from file_path_list filepathli0_ where filepathli0_.board_board_id=?
Hibernate: select user0_.user_id as col_0_0_ from user user0_ where user0_.user_user_id=? limit ?
Hibernate: select user0_.user_id as col_0_0_ from user user0_ where user0_.user_user_id=? limit ?
Hibernate: select U.* from USER U where U.USER_USER_ID =?
Hibernate: select character0_.character_id as characte1_6_0_, character0_.character_character_name as characte2_6_0_ from characters character0_ where character0_.character_id=?
Hibernate: select user0_.user_id as user_id1_21_0_, user0_.character_id as characte7_21_0_, user0_.user_created_at as user_cre2_21_0_, user0_.user_name as user_nam3_21_0_, user0_.user_phone_number as user_pho4_21_0_, user0_.user_user_id as user_use5_21_0_, user0_.user_user_password as user_use6_21_0_ from user user0_ where user0_.user_id=?
Hibernate: select character0_.character_id as characte1_6_0_, character0_.character_character_name as characte2_6_0_ from characters character0_ where character0_.character_id=?
Hibernate: select count(*) as col_0_0_ from board board0_
Hibernate: select board0_.board_id as board_id1_4_, board0_.category_id as category7_4_, board0_.board_content as board_co2_4_, board0_.board_created_at as board_cr3_4_, board0_.board_last_modified_at as board_la4_4_, board0_.board_title as board_ti5_4_, board0_.user_id as user_id8_4_, board0_.board_views as board_vi6_4_ from board board0_ limit ?
Hibernate: select category0_.category_id as category1_5_0_, category0_.category_name as category2_5_0_ from category category0_ where category0_.category_id=?
Hibernate: select reactionli0_.board_id as board_id3_13_0_, reactionli0_.reaction_id as reaction1_13_0_, reactionli0_.reaction_id as reaction1_13_1_, reactionli0_.board_id as board_id3_13_1_, reactionli0_.reaction_type as reaction2_13_1_ from reaction reactionli0_ where reactionli0_.board_id=?
Hibernate: select reactionus0_.reaction_id as reaction2_14_0_, reactionus0_.reaction_user_id as reaction1_14_0_, reactionus0_.reaction_user_id as reaction1_14_1_, reactionus0_.reaction_id as reaction2_14_1_, reactionus0_.user_id as user_id3_14_1_ from reaction_user reactionus0_ where reactionus0_.reaction_id=?
Hibernate: select reactionus0_.reaction_id as reaction2_14_0_, reactionus0_.reaction_user_id as reaction1_14_0_, reactionus0_.reaction_user_id as reaction1_14_1_, reactionus0_.reaction_id as reaction2_14_1_, reactionus0_.user_id as user_id3_14_1_ from reaction_user reactionus0_ where reactionus0_.reaction_id=?
Hibernate: select reactionus0_.reaction_id as reaction2_14_0_, reactionus0_.reaction_user_id as reaction1_14_0_, reactionus0_.reaction_user_id as reaction1_14_1_, reactionus0_.reaction_id as reaction2_14_1_, reactionus0_.user_id as user_id3_14_1_ from reaction_user reactionus0_ where reactionus0_.reaction_id=?
Hibernate: select reactionus0_.reaction_id as reaction2_14_0_, reactionus0_.reaction_user_id as reaction1_14_0_, reactionus0_.reaction_user_id as reaction1_14_1_, reactionus0_.reaction_id as reaction2_14_1_, reactionus0_.user_id as user_id3_14_1_ from reaction_user reactionus0_ where reactionus0_.reaction_id=?
Hibernate: select reactionus0_.reaction_id as reaction2_14_0_, reactionus0_.reaction_user_id as reaction1_14_0_, reactionus0_.reaction_user_id as reaction1_14_1_, reactionus0_.reaction_id as reaction2_14_1_, reactionus0_.user_id as user_id3_14_1_ from reaction_user reactionus0_ where reactionus0_.reaction_id=?
Hibernate: select reactionus0_.reaction_id as reaction2_14_0_, reactionus0_.reaction_user_id as reaction1_14_0_, reactionus0_.reaction_user_id as reaction1_14_1_, reactionus0_.reaction_id as reaction2_14_1_, reactionus0_.user_id as user_id3_14_1_ from reaction_user reactionus0_ where reactionus0_.reaction_id=?
Hibernate: select commentlis0_.board_id as board_id5_7_0_, commentlis0_.comment_id as comment_1_7_0_, commentlis0_.comment_id as comment_1_7_1_, commentlis0_.board_id as board_id5_7_1_, commentlis0_.comment_content as comment_2_7_1_, commentlis0_.comment_created_at as comment_3_7_1_, commentlis0_.comment_last_modified_at as comment_4_7_1_, commentlis0_.user_id as user_id6_7_1_ from comment commentlis0_ where commentlis0_.board_id=?
Hibernate: select boardlist0_.category_id as category7_4_0_, boardlist0_.board_id as board_id1_4_0_, boardlist0_.board_id as board_id1_4_1_, boardlist0_.category_id as category7_4_1_, boardlist0_.board_content as board_co2_4_1_, boardlist0_.board_created_at as board_cr3_4_1_, boardlist0_.board_last_modified_at as board_la4_4_1_, boardlist0_.board_title as board_ti5_4_1_, boardlist0_.user_id as user_id8_4_1_, boardlist0_.board_views as board_vi6_4_1_ from board boardlist0_ where boardlist0_.category_id=?
Hibernate: select count(comment0_.comment_id) as col_0_0_ from comment comment0_ where comment0_.board_id=?
Hibernate: select count(*) as col_0_0_ from board board0_
Hibernate: select imagepathl0_.board_board_id as board_bo1_11_0_, imagepathl0_.board_image_path_list as board_im2_11_0_ from image_path_list imagepathl0_ where imagepathl0_.board_board_id=?
Hibernate: select filepathli0_.board_board_id as board_bo1_8_0_, filepathli0_.board_file_path_list as board_fi2_8_0_ from file_path_list filepathli0_ where filepathli0_.board_board_id=?
Hibernate: select U.* from USER U join BOARD B where U.USER_ID = B.USER_ID and B.BOARD_ID = ?
Hibernate: select character0_.character_id as characte1_6_0_, character0_.character_character_name as characte2_6_0_ from characters character0_ where character0_.character_id=?
Hibernate: select count(*) as col_0_0_ from user user0_ where user0_.user_id=?
Hibernate: select character1_.character_id as characte1_6_, character1_.character_character_name as characte2_6_ from user user0_ inner join characters character1_ on user0_.character_id=character1_.character_id where user0_.user_id=?
Hibernate: select permission0_.character_id as characte6_12_0_, permission0_.permission_id as permissi1_12_0_, permission0_.permission_id as permissi1_12_1_, permission0_.character_id as characte6_12_1_, permission0_.permission_name as permissi2_12_1_, permission0_.permission_permission_unit_id as permissi3_12_1_, permission0_.permission_service as permissi4_12_1_, permission0_.permission_status as permissi5_12_1_ from permission permission0_ where permission0_.character_id=?
Hibernate: select count(*) as col_0_0_ from board board0_ where board0_.board_id=?
Hibernate: select board0_.board_id as board_id1_4_0_, board0_.category_id as category7_4_0_, board0_.board_content as board_co2_4_0_, board0_.board_created_at as board_cr3_4_0_, board0_.board_last_modified_at as board_la4_4_0_, board0_.board_title as board_ti5_4_0_, board0_.user_id as user_id8_4_0_, board0_.board_views as board_vi6_4_0_ from board board0_ where board0_.board_id=?
Hibernate: select category0_.category_id as category1_5_0_, category0_.category_name as category2_5_0_ from category category0_ where category0_.category_id=?
Hibernate: select reactionli0_.board_id as board_id3_13_0_, reactionli0_.reaction_id as reaction1_13_0_, reactionli0_.reaction_id as reaction1_13_1_, reactionli0_.board_id as board_id3_13_1_, reactionli0_.reaction_type as reaction2_13_1_ from reaction reactionli0_ where reactionli0_.board_id=?
Hibernate: select reactionus0_.reaction_id as reaction2_14_0_, reactionus0_.reaction_user_id as reaction1_14_0_, reactionus0_.reaction_user_id as reaction1_14_1_, reactionus0_.reaction_id as reaction2_14_1_, reactionus0_.user_id as user_id3_14_1_ from reaction_user reactionus0_ where reactionus0_.reaction_id=?
Hibernate: select reactionus0_.reaction_id as reaction2_14_0_, reactionus0_.reaction_user_id as reaction1_14_0_, reactionus0_.reaction_user_id as reaction1_14_1_, reactionus0_.reaction_id as reaction2_14_1_, reactionus0_.user_id as user_id3_14_1_ from reaction_user reactionus0_ where reactionus0_.reaction_id=?
Hibernate: select reactionus0_.reaction_id as reaction2_14_0_, reactionus0_.reaction_user_id as reaction1_14_0_, reactionus0_.reaction_user_id as reaction1_14_1_, reactionus0_.reaction_id as reaction2_14_1_, reactionus0_.user_id as user_id3_14_1_ from reaction_user reactionus0_ where reactionus0_.reaction_id=?
Hibernate: select reactionus0_.reaction_id as reaction2_14_0_, reactionus0_.reaction_user_id as reaction1_14_0_, reactionus0_.reaction_user_id as reaction1_14_1_, reactionus0_.reaction_id as reaction2_14_1_, reactionus0_.user_id as user_id3_14_1_ from reaction_user reactionus0_ where reactionus0_.reaction_id=?
Hibernate: select reactionus0_.reaction_id as reaction2_14_0_, reactionus0_.reaction_user_id as reaction1_14_0_, reactionus0_.reaction_user_id as reaction1_14_1_, reactionus0_.reaction_id as reaction2_14_1_, reactionus0_.user_id as user_id3_14_1_ from reaction_user reactionus0_ where reactionus0_.reaction_id=?
Hibernate: select reactionus0_.reaction_id as reaction2_14_0_, reactionus0_.reaction_user_id as reaction1_14_0_, reactionus0_.reaction_user_id as reaction1_14_1_, reactionus0_.reaction_id as reaction2_14_1_, reactionus0_.user_id as user_id3_14_1_ from reaction_user reactionus0_ where reactionus0_.reaction_id=?
Hibernate: select commentlis0_.board_id as board_id5_7_0_, commentlis0_.comment_id as comment_1_7_0_, commentlis0_.comment_id as comment_1_7_1_, commentlis0_.board_id as board_id5_7_1_, commentlis0_.comment_content as comment_2_7_1_, commentlis0_.comment_created_at as comment_3_7_1_, commentlis0_.comment_last_modified_at as comment_4_7_1_, commentlis0_.user_id as user_id6_7_1_ from comment commentlis0_ where commentlis0_.board_id=?
Hibernate: select boardlist0_.category_id as category7_4_0_, boardlist0_.board_id as board_id1_4_0_, boardlist0_.board_id as board_id1_4_1_, boardlist0_.category_id as category7_4_1_, boardlist0_.board_content as board_co2_4_1_, boardlist0_.board_created_at as board_cr3_4_1_, boardlist0_.board_last_modified_at as board_la4_4_1_, boardlist0_.board_title as board_ti5_4_1_, boardlist0_.user_id as user_id8_4_1_, boardlist0_.board_views as board_vi6_4_1_ from board boardlist0_ where boardlist0_.category_id=?
Hibernate: select count(comment0_.comment_id) as col_0_0_ from comment comment0_ where comment0_.board_id=?
Hibernate: update board set category_id=?, board_content=?, board_created_at=?, board_last_modified_at=?, board_title=?, user_id=?, board_views=? where board_id=?
Hibernate: select filepathli0_.board_board_id as board_bo1_8_0_, filepathli0_.board_file_path_list as board_fi2_8_0_ from file_path_list filepathli0_ where filepathli0_.board_board_id=?
Hibernate: select imagepathl0_.board_board_id as board_bo1_11_0_, imagepathl0_.board_image_path_list as board_im2_11_0_ from image_path_list imagepathl0_ where imagepathl0_.board_board_id=?
Hibernate: select count(*) as col_0_0_ from board board0_ where board0_.board_id=?
Hibernate: delete from reaction where reaction_id=?
Hibernate: delete from reaction where reaction_id=?
Hibernate: delete from reaction where reaction_id=?
Hibernate: delete from reaction where reaction_id=?
Hibernate: delete from reaction where reaction_id=?
Hibernate: delete from reaction where reaction_id=?
Hibernate: delete from board where board_id=?
Hibernate: select user0_.user_id as user_id1_21_0_, user0_.character_id as characte7_21_0_, user0_.user_created_at as user_cre2_21_0_, user0_.user_name as user_nam3_21_0_, user0_.user_phone_number as user_pho4_21_0_, user0_.user_user_id as user_use5_21_0_, user0_.user_user_password as user_use6_21_0_ from user user0_ where user0_.user_id=?
Hibernate: select character0_.character_id as characte1_6_0_, character0_.character_character_name as characte2_6_0_ from characters character0_ where character0_.character_id=?
Hibernate: select count(*) as col_0_0_ from user user0_ where user0_.user_id=?
Hibernate: select character1_.character_id as characte1_6_, character1_.character_character_name as characte2_6_ from user user0_ inner join characters character1_ on user0_.character_id=character1_.character_id where user0_.user_id=?
Hibernate: select permission0_.character_id as characte6_12_0_, permission0_.permission_id as permissi1_12_0_, permission0_.permission_id as permissi1_12_1_, permission0_.character_id as characte6_12_1_, permission0_.permission_name as permissi2_12_1_, permission0_.permission_permission_unit_id as permissi3_12_1_, permission0_.permission_service as permissi4_12_1_, permission0_.permission_status as permissi5_12_1_ from permission permission0_ where permission0_.character_id=?
Hibernate: select count(*) as col_0_0_ from board board0_ where board0_.board_id=?
Hibernate: select user0_.user_id as col_0_0_ from user user0_ where user0_.user_user_id=? limit ?
Hibernate: select user0_.user_id as col_0_0_ from user user0_ where user0_.user_user_id=? limit ?
Hibernate: select U.* from USER U where U.USER_USER_ID =?
Hibernate: select character0_.character_id as characte1_6_0_, character0_.character_character_name as characte2_6_0_ from characters character0_ where character0_.character_id=?
Hibernate: select user0_.user_id as user_id1_21_0_, user0_.character_id as characte7_21_0_, user0_.user_created_at as user_cre2_21_0_, user0_.user_name as user_nam3_21_0_, user0_.user_phone_number as user_pho4_21_0_, user0_.user_user_id as user_use5_21_0_, user0_.user_user_password as user_use6_21_0_ from user user0_ where user0_.user_id=?
Hibernate: select character0_.character_id as characte1_6_0_, character0_.character_character_name as characte2_6_0_ from characters character0_ where character0_.character_id=?
Hibernate: select category0_.category_id as category1_5_, category0_.category_name as category2_5_ from category category0_
Hibernate: select boardlist0_.category_id as category7_4_0_, boardlist0_.board_id as board_id1_4_0_, boardlist0_.board_id as board_id1_4_1_, boardlist0_.category_id as category7_4_1_, boardlist0_.board_content as board_co2_4_1_, boardlist0_.board_created_at as board_cr3_4_1_, boardlist0_.board_last_modified_at as board_la4_4_1_, boardlist0_.board_title as board_ti5_4_1_, boardlist0_.user_id as user_id8_4_1_, boardlist0_.board_views as board_vi6_4_1_ from board boardlist0_ where boardlist0_.category_id=?
Hibernate: select boardlist0_.category_id as category7_4_0_, boardlist0_.board_id as board_id1_4_0_, boardlist0_.board_id as board_id1_4_1_, boardlist0_.category_id as category7_4_1_, boardlist0_.board_content as board_co2_4_1_, boardlist0_.board_created_at as board_cr3_4_1_, boardlist0_.board_last_modified_at as board_la4_4_1_, boardlist0_.board_title as board_ti5_4_1_, boardlist0_.user_id as user_id8_4_1_, boardlist0_.board_views as board_vi6_4_1_ from board boardlist0_ where boardlist0_.category_id=?
Hibernate: select boardlist0_.category_id as category7_4_0_, boardlist0_.board_id as board_id1_4_0_, boardlist0_.board_id as board_id1_4_1_, boardlist0_.category_id as category7_4_1_, boardlist0_.board_content as board_co2_4_1_, boardlist0_.board_created_at as board_cr3_4_1_, boardlist0_.board_last_modified_at as board_la4_4_1_, boardlist0_.board_title as board_ti5_4_1_, boardlist0_.user_id as user_id8_4_1_, boardlist0_.board_views as board_vi6_4_1_ from board boardlist0_ where boardlist0_.category_id=?
Hibernate: select user0_.user_id as user_id1_21_0_, user0_.character_id as characte7_21_0_, user0_.user_created_at as user_cre2_21_0_, user0_.user_name as user_nam3_21_0_, user0_.user_phone_number as user_pho4_21_0_, user0_.user_user_id as user_use5_21_0_, user0_.user_user_password as user_use6_21_0_ from user user0_ where user0_.user_id=?
Hibernate: select character0_.character_id as characte1_6_0_, character0_.character_character_name as characte2_6_0_ from characters character0_ where character0_.character_id=?
Hibernate: select count(*) as col_0_0_ from user user0_ where user0_.user_id=?
Hibernate: select character1_.character_id as characte1_6_, character1_.character_character_name as characte2_6_ from user user0_ inner join characters character1_ on user0_.character_id=character1_.character_id where user0_.user_id=?
Hibernate: select permission0_.character_id as characte6_12_0_, permission0_.permission_id as permissi1_12_0_, permission0_.permission_id as permissi1_12_1_, permission0_.character_id as characte6_12_1_, permission0_.permission_name as permissi2_12_1_, permission0_.permission_permission_unit_id as permissi3_12_1_, permission0_.permission_service as permissi4_12_1_, permission0_.permission_status as permissi5_12_1_ from permission permission0_ where permission0_.character_id=?
Hibernate: select count(*) as col_0_0_ from category category0_ where category0_.category_id=?
Hibernate: select count(board0_.board_id) as col_0_0_ from board board0_ where board0_.category_id=?
Hibernate: select category0_.category_id as category1_5_0_, category0_.category_name as category2_5_0_ from category category0_ where category0_.category_id=?
Hibernate: select boardlist0_.category_id as category7_4_0_, boardlist0_.board_id as board_id1_4_0_, boardlist0_.board_id as board_id1_4_1_, boardlist0_.category_id as category7_4_1_, boardlist0_.board_content as board_co2_4_1_, boardlist0_.board_created_at as board_cr3_4_1_, boardlist0_.board_last_modified_at as board_la4_4_1_, boardlist0_.board_title as board_ti5_4_1_, boardlist0_.user_id as user_id8_4_1_, boardlist0_.board_views as board_vi6_4_1_ from board boardlist0_ where boardlist0_.category_id=?
Hibernate: delete from category where category_id=?
Hibernate: select user0_.user_id as user_id1_21_0_, user0_.character_id as characte7_21_0_, user0_.user_created_at as user_cre2_21_0_, user0_.user_name as user_nam3_21_0_, user0_.user_phone_number as user_pho4_21_0_, user0_.user_user_id as user_use5_21_0_, user0_.user_user_password as user_use6_21_0_ from user user0_ where user0_.user_id=?
Hibernate: select character0_.character_id as characte1_6_0_, character0_.character_character_name as characte2_6_0_ from characters character0_ where character0_.character_id=?
Hibernate: select count(*) as col_0_0_ from user user0_ where user0_.user_id=?
Hibernate: select character1_.character_id as characte1_6_, character1_.character_character_name as characte2_6_ from user user0_ inner join characters character1_ on user0_.character_id=character1_.character_id where user0_.user_id=?
Hibernate: select permission0_.character_id as characte6_12_0_, permission0_.permission_id as permissi1_12_0_, permission0_.permission_id as permissi1_12_1_, permission0_.character_id as characte6_12_1_, permission0_.permission_name as permissi2_12_1_, permission0_.permission_permission_unit_id as permissi3_12_1_, permission0_.permission_service as permissi4_12_1_, permission0_.permission_status as permissi5_12_1_ from permission permission0_ where permission0_.character_id=?
Hibernate: select count(*) as col_0_0_ from category category0_ where category0_.category_id=?
Hibernate: select count(board0_.board_id) as col_0_0_ from board board0_ where board0_.category_id=?
Hibernate: select category0_.category_id as category1_5_0_, category0_.category_name as category2_5_0_ from category category0_ where category0_.category_id=?
Hibernate: select boardlist0_.category_id as category7_4_0_, boardlist0_.board_id as board_id1_4_0_, boardlist0_.board_id as board_id1_4_1_, boardlist0_.category_id as category7_4_1_, boardlist0_.board_content as board_co2_4_1_, boardlist0_.board_created_at as board_cr3_4_1_, boardlist0_.board_last_modified_at as board_la4_4_1_, boardlist0_.board_title as board_ti5_4_1_, boardlist0_.user_id as user_id8_4_1_, boardlist0_.board_views as board_vi6_4_1_ from board boardlist0_ where boardlist0_.category_id=?
Hibernate: delete from category where category_id=?
Hibernate: select user0_.user_id as user_id1_21_0_, user0_.character_id as characte7_21_0_, user0_.user_created_at as user_cre2_21_0_, user0_.user_name as user_nam3_21_0_, user0_.user_phone_number as user_pho4_21_0_, user0_.user_user_id as user_use5_21_0_, user0_.user_user_password as user_use6_21_0_ from user user0_ where user0_.user_id=?
Hibernate: select character0_.character_id as characte1_6_0_, character0_.character_character_name as characte2_6_0_ from characters character0_ where character0_.character_id=?
Hibernate: select count(*) as col_0_0_ from user user0_ where user0_.user_id=?
Hibernate: select character1_.character_id as characte1_6_, character1_.character_character_name as characte2_6_ from user user0_ inner join characters character1_ on user0_.character_id=character1_.character_id where user0_.user_id=?
Hibernate: select permission0_.character_id as characte6_12_0_, permission0_.permission_id as permissi1_12_0_, permission0_.permission_id as permissi1_12_1_, permission0_.character_id as characte6_12_1_, permission0_.permission_name as permissi2_12_1_, permission0_.permission_permission_unit_id as permissi3_12_1_, permission0_.permission_service as permissi4_12_1_, permission0_.permission_status as permissi5_12_1_ from permission permission0_ where permission0_.character_id=?
Hibernate: select count(*) as col_0_0_ from category category0_ where category0_.category_id=?
Hibernate: select count(board0_.board_id) as col_0_0_ from board board0_ where board0_.category_id=?
Hibernate: select category0_.category_id as category1_5_0_, category0_.category_name as category2_5_0_ from category category0_ where category0_.category_id=?
Hibernate: select boardlist0_.category_id as category7_4_0_, boardlist0_.board_id as board_id1_4_0_, boardlist0_.board_id as board_id1_4_1_, boardlist0_.category_id as category7_4_1_, boardlist0_.board_content as board_co2_4_1_, boardlist0_.board_created_at as board_cr3_4_1_, boardlist0_.board_last_modified_at as board_la4_4_1_, boardlist0_.board_title as board_ti5_4_1_, boardlist0_.user_id as user_id8_4_1_, boardlist0_.board_views as board_vi6_4_1_ from board boardlist0_ where boardlist0_.category_id=?
Hibernate: delete from category where category_id=?
Hibernate: select user0_.user_id as user_id1_21_0_, user0_.character_id as characte7_21_0_, user0_.user_created_at as user_cre2_21_0_, user0_.user_name as user_nam3_21_0_, user0_.user_phone_number as user_pho4_21_0_, user0_.user_user_id as user_use5_21_0_, user0_.user_user_password as user_use6_21_0_ from user user0_ where user0_.user_id=?
Hibernate: select character0_.character_id as characte1_6_0_, character0_.character_character_name as characte2_6_0_ from characters character0_ where character0_.character_id=?
Hibernate: select count(*) as col_0_0_ from user user0_ where user0_.user_id=?
Hibernate: select character1_.character_id as characte1_6_, character1_.character_character_name as characte2_6_ from user user0_ inner join characters character1_ on user0_.character_id=character1_.character_id where user0_.user_id=?
Hibernate: select permission0_.character_id as characte6_12_0_, permission0_.permission_id as permissi1_12_0_, permission0_.permission_id as permissi1_12_1_, permission0_.character_id as characte6_12_1_, permission0_.permission_name as permissi2_12_1_, permission0_.permission_permission_unit_id as permissi3_12_1_, permission0_.permission_service as permissi4_12_1_, permission0_.permission_status as permissi5_12_1_ from permission permission0_ where permission0_.character_id=?
Hibernate: select category0_.category_id as col_0_0_ from category category0_ where category0_.category_name=? limit ?
Hibernate: select category0_.category_id as category1_5_1_, category0_.category_name as category2_5_1_, boardlist1_.category_id as category7_4_3_, boardlist1_.board_id as board_id1_4_3_, boardlist1_.board_id as board_id1_4_0_, boardlist1_.category_id as category7_4_0_, boardlist1_.board_content as board_co2_4_0_, boardlist1_.board_created_at as board_cr3_4_0_, boardlist1_.board_last_modified_at as board_la4_4_0_, boardlist1_.board_title as board_ti5_4_0_, boardlist1_.user_id as user_id8_4_0_, boardlist1_.board_views as board_vi6_4_0_ from category category0_ left outer join board boardlist1_ on category0_.category_id=boardlist1_.category_id where category0_.category_id=?
Hibernate: insert into category (category_id, category_name) values (default, ?)
Hibernate: select user0_.user_id as user_id1_21_0_, user0_.character_id as characte7_21_0_, user0_.user_created_at as user_cre2_21_0_, user0_.user_name as user_nam3_21_0_, user0_.user_phone_number as user_pho4_21_0_, user0_.user_user_id as user_use5_21_0_, user0_.user_user_password as user_use6_21_0_ from user user0_ where user0_.user_id=?
Hibernate: select character0_.character_id as characte1_6_0_, character0_.character_character_name as characte2_6_0_ from characters character0_ where character0_.character_id=?
Hibernate: select count(*) as col_0_0_ from user user0_ where user0_.user_id=?
Hibernate: select character1_.character_id as characte1_6_, character1_.character_character_name as characte2_6_ from user user0_ inner join characters character1_ on user0_.character_id=character1_.character_id where user0_.user_id=?
Hibernate: select permission0_.character_id as characte6_12_0_, permission0_.permission_id as permissi1_12_0_, permission0_.permission_id as permissi1_12_1_, permission0_.character_id as characte6_12_1_, permission0_.permission_name as permissi2_12_1_, permission0_.permission_permission_unit_id as permissi3_12_1_, permission0_.permission_service as permissi4_12_1_, permission0_.permission_status as permissi5_12_1_ from permission permission0_ where permission0_.character_id=?
Hibernate: select category0_.category_id as col_0_0_ from category category0_ where category0_.category_name=? limit ?
Hibernate: select category0_.category_id as category1_5_1_, category0_.category_name as category2_5_1_, boardlist1_.category_id as category7_4_3_, boardlist1_.board_id as board_id1_4_3_, boardlist1_.board_id as board_id1_4_0_, boardlist1_.category_id as category7_4_0_, boardlist1_.board_content as board_co2_4_0_, boardlist1_.board_created_at as board_cr3_4_0_, boardlist1_.board_last_modified_at as board_la4_4_0_, boardlist1_.board_title as board_ti5_4_0_, boardlist1_.user_id as user_id8_4_0_, boardlist1_.board_views as board_vi6_4_0_ from category category0_ left outer join board boardlist1_ on category0_.category_id=boardlist1_.category_id where category0_.category_id=?
Hibernate: insert into category (category_id, category_name) values (default, ?)
Hibernate: select user0_.user_id as col_0_0_ from user user0_ where user0_.user_user_id=? limit ?
Hibernate: select user0_.user_id as col_0_0_ from user user0_ where user0_.user_user_id=? limit ?
Hibernate: select U.* from USER U where U.USER_USER_ID =?
Hibernate: select character0_.character_id as characte1_6_0_, character0_.character_character_name as characte2_6_0_ from characters character0_ where character0_.character_id=?
Hibernate: select user0_.user_id as col_0_0_ from user user0_ where user0_.user_user_id=? limit ?
Hibernate: select user0_.user_id as user_id1_21_, user0_.character_id as characte7_21_, user0_.user_created_at as user_cre2_21_, user0_.user_name as user_nam3_21_, user0_.user_phone_number as user_pho4_21_, user0_.user_user_id as user_use5_21_, user0_.user_user_password as user_use6_21_ from user user0_ inner join characters character1_ on user0_.character_id=character1_.character_id where user0_.user_user_id=?
Hibernate: select character0_.character_id as characte1_6_0_, character0_.character_character_name as characte2_6_0_ from characters character0_ where character0_.character_id=?
Hibernate: select rewardtagw0_.user_id as user_id4_16_0_, rewardtagw0_.reward_tag_wrapper_reward_id as reward_t1_16_0_, rewardtagw0_.reward_tag_wrapper_reward_id as reward_t1_16_1_, rewardtagw0_.reward_tag_wrapper_reward_presented_at as reward_t2_16_1_, rewardtagw0_.reward_tag_reward_tag_id as reward_t3_16_1_, rewardtagw0_.user_id as user_id4_16_1_ from reward_tag_wrapper rewardtagw0_ where rewardtagw0_.user_id=?
Hibernate: select user0_.user_id as user_id1_21_0_, user0_.character_id as characte7_21_0_, user0_.user_created_at as user_cre2_21_0_, user0_.user_name as user_nam3_21_0_, user0_.user_phone_number as user_pho4_21_0_, user0_.user_user_id as user_use5_21_0_, user0_.user_user_password as user_use6_21_0_ from user user0_ where user0_.user_id=?
Hibernate: select character0_.character_id as characte1_6_0_, character0_.character_character_name as characte2_6_0_ from characters character0_ where character0_.character_id=?
Hibernate: select count(*) as col_0_0_ from user user0_ where user0_.user_id=?
Hibernate: select character1_.character_id as characte1_6_, character1_.character_character_name as characte2_6_ from user user0_ inner join characters character1_ on user0_.character_id=character1_.character_id where user0_.user_id=?
Hibernate: select permission0_.character_id as characte6_12_0_, permission0_.permission_id as permissi1_12_0_, permission0_.permission_id as permissi1_12_1_, permission0_.character_id as characte6_12_1_, permission0_.permission_name as permissi2_12_1_, permission0_.permission_permission_unit_id as permissi3_12_1_, permission0_.permission_service as permissi4_12_1_, permission0_.permission_status as permissi5_12_1_ from permission permission0_ where permission0_.character_id=?
Hibernate: select count(*) as col_0_0_ from user user0_ where user0_.user_id=?
Hibernate: select user0_.user_id as user_id1_21_, user0_.character_id as characte7_21_, user0_.user_created_at as user_cre2_21_, user0_.user_name as user_nam3_21_, user0_.user_phone_number as user_pho4_21_, user0_.user_user_id as user_use5_21_, user0_.user_user_password as user_use6_21_ from user user0_ where user0_.user_id=?
Hibernate: select character0_.character_id as characte1_6_0_, character0_.character_character_name as characte2_6_0_ from characters character0_ where character0_.character_id=?
Hibernate: select rewardtagw0_.user_id as user_id4_16_0_, rewardtagw0_.reward_tag_wrapper_reward_id as reward_t1_16_0_, rewardtagw0_.reward_tag_wrapper_reward_id as reward_t1_16_1_, rewardtagw0_.reward_tag_wrapper_reward_presented_at as reward_t2_16_1_, rewardtagw0_.reward_tag_reward_tag_id as reward_t3_16_1_, rewardtagw0_.user_id as user_id4_16_1_ from reward_tag_wrapper rewardtagw0_ where rewardtagw0_.user_id=?
Hibernate: select attendance0_.attendance_user_attendance_user_id as col_0_0_ from attendance_user attendance0_ where attendance0_.user_id=? limit ?
Hibernate: DELETE FROM USER WHERE USER_ID = ?
Hibernate: select user0_.user_id as col_0_0_ from user user0_ where user0_.user_user_id=? limit ?
Hibernate: select user0_.user_id as col_0_0_ from user user0_ where user0_.user_user_id=? limit ?
Hibernate: select U.* from USER U where U.USER_USER_ID =?
Hibernate: select character0_.character_id as characte1_6_0_, character0_.character_character_name as characte2_6_0_ from characters character0_ where character0_.character_id=?
Hibernate: select user0_.user_id as user_id1_21_0_, user0_.character_id as characte7_21_0_, user0_.user_created_at as user_cre2_21_0_, user0_.user_name as user_nam3_21_0_, user0_.user_phone_number as user_pho4_21_0_, user0_.user_user_id as user_use5_21_0_, user0_.user_user_password as user_use6_21_0_ from user user0_ where user0_.user_id=?
Hibernate: select character0_.character_id as characte1_6_0_, character0_.character_character_name as characte2_6_0_ from characters character0_ where character0_.character_id=?
Hibernate: select count(*) as col_0_0_ from board board0_
Hibernate: select count(*) as col_0_0_ from board board0_
Hibernate: select user0_.user_id as col_0_0_ from user user0_ where user0_.user_user_id=? limit ?
Hibernate: select user0_.user_id as col_0_0_ from user user0_ where user0_.user_user_id=? limit ?
Hibernate: select U.* from USER U where U.USER_USER_ID =?
Hibernate: select character0_.character_id as characte1_6_0_, character0_.character_character_name as characte2_6_0_ from characters character0_ where character0_.character_id=?
Hibernate: select user0_.user_id as user_id1_21_0_, user0_.character_id as characte7_21_0_, user0_.user_created_at as user_cre2_21_0_, user0_.user_name as user_nam3_21_0_, user0_.user_phone_number as user_pho4_21_0_, user0_.user_user_id as user_use5_21_0_, user0_.user_user_password as user_use6_21_0_ from user user0_ where user0_.user_id=?
Hibernate: select character0_.character_id as characte1_6_0_, character0_.character_character_name as characte2_6_0_ from characters character0_ where character0_.character_id=?
Hibernate: select category0_.category_id as category1_5_, category0_.category_name as category2_5_ from category category0_
Hibernate: select boardlist0_.category_id as category7_4_0_, boardlist0_.board_id as board_id1_4_0_, boardlist0_.board_id as board_id1_4_1_, boardlist0_.category_id as category7_4_1_, boardlist0_.board_content as board_co2_4_1_, boardlist0_.board_created_at as board_cr3_4_1_, boardlist0_.board_last_modified_at as board_la4_4_1_, boardlist0_.board_title as board_ti5_4_1_, boardlist0_.user_id as user_id8_4_1_, boardlist0_.board_views as board_vi6_4_1_ from board boardlist0_ where boardlist0_.category_id=?
Hibernate: select boardlist0_.category_id as category7_4_0_, boardlist0_.board_id as board_id1_4_0_, boardlist0_.board_id as board_id1_4_1_, boardlist0_.category_id as category7_4_1_, boardlist0_.board_content as board_co2_4_1_, boardlist0_.board_created_at as board_cr3_4_1_, boardlist0_.board_last_modified_at as board_la4_4_1_, boardlist0_.board_title as board_ti5_4_1_, boardlist0_.user_id as user_id8_4_1_, boardlist0_.board_views as board_vi6_4_1_ from board boardlist0_ where boardlist0_.category_id=?
Hibernate: select user0_.user_id as user_id1_21_0_, user0_.character_id as characte7_21_0_, user0_.user_created_at as user_cre2_21_0_, user0_.user_name as user_nam3_21_0_, user0_.user_phone_number as user_pho4_21_0_, user0_.user_user_id as user_use5_21_0_, user0_.user_user_password as user_use6_21_0_ from user user0_ where user0_.user_id=?
Hibernate: select character0_.character_id as characte1_6_0_, character0_.character_character_name as characte2_6_0_ from characters character0_ where character0_.character_id=?
Hibernate: select count(*) as col_0_0_ from user user0_ where user0_.user_id=?
Hibernate: select character1_.character_id as characte1_6_, character1_.character_character_name as characte2_6_ from user user0_ inner join characters character1_ on user0_.character_id=character1_.character_id where user0_.user_id=?
Hibernate: select permission0_.character_id as characte6_12_0_, permission0_.permission_id as permissi1_12_0_, permission0_.permission_id as permissi1_12_1_, permission0_.character_id as characte6_12_1_, permission0_.permission_name as permissi2_12_1_, permission0_.permission_permission_unit_id as permissi3_12_1_, permission0_.permission_service as permissi4_12_1_, permission0_.permission_status as permissi5_12_1_ from permission permission0_ where permission0_.character_id=?
Hibernate: select count(*) as col_0_0_ from category category0_ where category0_.category_id=?
Hibernate: select count(board0_.board_id) as col_0_0_ from board board0_ where board0_.category_id=?
Hibernate: select category0_.category_id as category1_5_0_, category0_.category_name as category2_5_0_ from category category0_ where category0_.category_id=?
Hibernate: select boardlist0_.category_id as category7_4_0_, boardlist0_.board_id as board_id1_4_0_, boardlist0_.board_id as board_id1_4_1_, boardlist0_.category_id as category7_4_1_, boardlist0_.board_content as board_co2_4_1_, boardlist0_.board_created_at as board_cr3_4_1_, boardlist0_.board_last_modified_at as board_la4_4_1_, boardlist0_.board_title as board_ti5_4_1_, boardlist0_.user_id as user_id8_4_1_, boardlist0_.board_views as board_vi6_4_1_ from board boardlist0_ where boardlist0_.category_id=?
Hibernate: delete from category where category_id=?
Hibernate: select user0_.user_id as user_id1_21_0_, user0_.character_id as characte7_21_0_, user0_.user_created_at as user_cre2_21_0_, user0_.user_name as user_nam3_21_0_, user0_.user_phone_number as user_pho4_21_0_, user0_.user_user_id as user_use5_21_0_, user0_.user_user_password as user_use6_21_0_ from user user0_ where user0_.user_id=?
Hibernate: select character0_.character_id as characte1_6_0_, character0_.character_character_name as characte2_6_0_ from characters character0_ where character0_.character_id=?
Hibernate: select count(*) as col_0_0_ from user user0_ where user0_.user_id=?
Hibernate: select character1_.character_id as characte1_6_, character1_.character_character_name as characte2_6_ from user user0_ inner join characters character1_ on user0_.character_id=character1_.character_id where user0_.user_id=?
Hibernate: select permission0_.character_id as characte6_12_0_, permission0_.permission_id as permissi1_12_0_, permission0_.permission_id as permissi1_12_1_, permission0_.character_id as characte6_12_1_, permission0_.permission_name as permissi2_12_1_, permission0_.permission_permission_unit_id as permissi3_12_1_, permission0_.permission_service as permissi4_12_1_, permission0_.permission_status as permissi5_12_1_ from permission permission0_ where permission0_.character_id=?
Hibernate: select count(*) as col_0_0_ from category category0_ where category0_.category_id=?
Hibernate: select count(board0_.board_id) as col_0_0_ from board board0_ where board0_.category_id=?
Hibernate: select category0_.category_id as category1_5_0_, category0_.category_name as category2_5_0_ from category category0_ where category0_.category_id=?
Hibernate: select boardlist0_.category_id as category7_4_0_, boardlist0_.board_id as board_id1_4_0_, boardlist0_.board_id as board_id1_4_1_, boardlist0_.category_id as category7_4_1_, boardlist0_.board_content as board_co2_4_1_, boardlist0_.board_created_at as board_cr3_4_1_, boardlist0_.board_last_modified_at as board_la4_4_1_, boardlist0_.board_title as board_ti5_4_1_, boardlist0_.user_id as user_id8_4_1_, boardlist0_.board_views as board_vi6_4_1_ from board boardlist0_ where boardlist0_.category_id=?
Hibernate: delete from category where category_id=?
Hibernate: select user0_.user_id as user_id1_21_0_, user0_.character_id as characte7_21_0_, user0_.user_created_at as user_cre2_21_0_, user0_.user_name as user_nam3_21_0_, user0_.user_phone_number as user_pho4_21_0_, user0_.user_user_id as user_use5_21_0_, user0_.user_user_password as user_use6_21_0_ from user user0_ where user0_.user_id=?
Hibernate: select character0_.character_id as characte1_6_0_, character0_.character_character_name as characte2_6_0_ from characters character0_ where character0_.character_id=?
Hibernate: select count(*) as col_0_0_ from user user0_ where user0_.user_id=?
Hibernate: select character1_.character_id as characte1_6_, character1_.character_character_name as characte2_6_ from user user0_ inner join characters character1_ on user0_.character_id=character1_.character_id where user0_.user_id=?
Hibernate: select permission0_.character_id as characte6_12_0_, permission0_.permission_id as permissi1_12_0_, permission0_.permission_id as permissi1_12_1_, permission0_.character_id as characte6_12_1_, permission0_.permission_name as permissi2_12_1_, permission0_.permission_permission_unit_id as permissi3_12_1_, permission0_.permission_service as permissi4_12_1_, permission0_.permission_status as permissi5_12_1_ from permission permission0_ where permission0_.character_id=?
Hibernate: select category0_.category_id as col_0_0_ from category category0_ where category0_.category_name=? limit ?
Hibernate: select category0_.category_id as category1_5_1_, category0_.category_name as category2_5_1_, boardlist1_.category_id as category7_4_3_, boardlist1_.board_id as board_id1_4_3_, boardlist1_.board_id as board_id1_4_0_, boardlist1_.category_id as category7_4_0_, boardlist1_.board_content as board_co2_4_0_, boardlist1_.board_created_at as board_cr3_4_0_, boardlist1_.board_last_modified_at as board_la4_4_0_, boardlist1_.board_title as board_ti5_4_0_, boardlist1_.user_id as user_id8_4_0_, boardlist1_.board_views as board_vi6_4_0_ from category category0_ left outer join board boardlist1_ on category0_.category_id=boardlist1_.category_id where category0_.category_id=?
Hibernate: insert into category (category_id, category_name) values (default, ?)
Hibernate: select user0_.user_id as user_id1_21_0_, user0_.character_id as characte7_21_0_, user0_.user_created_at as user_cre2_21_0_, user0_.user_name as user_nam3_21_0_, user0_.user_phone_number as user_pho4_21_0_, user0_.user_user_id as user_use5_21_0_, user0_.user_user_password as user_use6_21_0_ from user user0_ where user0_.user_id=?
Hibernate: select character0_.character_id as characte1_6_0_, character0_.character_character_name as characte2_6_0_ from characters character0_ where character0_.character_id=?
Hibernate: select count(*) as col_0_0_ from user user0_ where user0_.user_id=?
Hibernate: select character1_.character_id as characte1_6_, character1_.character_character_name as characte2_6_ from user user0_ inner join characters character1_ on user0_.character_id=character1_.character_id where user0_.user_id=?
Hibernate: select permission0_.character_id as characte6_12_0_, permission0_.permission_id as permissi1_12_0_, permission0_.permission_id as permissi1_12_1_, permission0_.character_id as characte6_12_1_, permission0_.permission_name as permissi2_12_1_, permission0_.permission_permission_unit_id as permissi3_12_1_, permission0_.permission_service as permissi4_12_1_, permission0_.permission_status as permissi5_12_1_ from permission permission0_ where permission0_.character_id=?
Hibernate: select category0_.category_id as col_0_0_ from category category0_ where category0_.category_name=? limit ?
Hibernate: select category0_.category_id as category1_5_1_, category0_.category_name as category2_5_1_, boardlist1_.category_id as category7_4_3_, boardlist1_.board_id as board_id1_4_3_, boardlist1_.board_id as board_id1_4_0_, boardlist1_.category_id as category7_4_0_, boardlist1_.board_content as board_co2_4_0_, boardlist1_.board_created_at as board_cr3_4_0_, boardlist1_.board_last_modified_at as board_la4_4_0_, boardlist1_.board_title as board_ti5_4_0_, boardlist1_.user_id as user_id8_4_0_, boardlist1_.board_views as board_vi6_4_0_ from category category0_ left outer join board boardlist1_ on category0_.category_id=boardlist1_.category_id where category0_.category_id=?
Hibernate: insert into category (category_id, category_name) values (default, ?)
Hibernate: select user0_.user_id as col_0_0_ from user user0_ where user0_.user_user_id=? limit ?
Hibernate: select user0_.user_id as col_0_0_ from user user0_ where user0_.user_user_id=? limit ?
Hibernate: select U.* from USER U where U.USER_USER_ID =?
Hibernate: select character0_.character_id as characte1_6_0_, character0_.character_character_name as characte2_6_0_ from characters character0_ where character0_.character_id=?
Hibernate: select user0_.user_id as col_0_0_ from user user0_ where user0_.user_user_id=? limit ?
Hibernate: select user0_.user_id as col_0_0_ from user user0_ where user0_.user_user_id=? limit ?
Hibernate: select U.* from USER U where U.USER_USER_ID =?
Hibernate: select character0_.character_id as characte1_6_0_, character0_.character_character_name as characte2_6_0_ from characters character0_ where character0_.character_id=?
Hibernate: select user0_.user_id as col_0_0_ from user user0_ where user0_.user_user_id=? limit ?
Hibernate: select user0_.user_id as col_0_0_ from user user0_ where user0_.user_user_id=? limit ?
Hibernate: select U.* from USER U where U.USER_USER_ID =?
Hibernate: select character0_.character_id as characte1_6_0_, character0_.character_character_name as characte2_6_0_ from characters character0_ where character0_.character_id=?
Hibernate: select user0_.user_id as user_id1_21_0_, user0_.character_id as characte7_21_0_, user0_.user_created_at as user_cre2_21_0_, user0_.user_name as user_nam3_21_0_, user0_.user_phone_number as user_pho4_21_0_, user0_.user_user_id as user_use5_21_0_, user0_.user_user_password as user_use6_21_0_ from user user0_ where user0_.user_id=?
Hibernate: select character0_.character_id as characte1_6_0_, character0_.character_character_name as characte2_6_0_ from characters character0_ where character0_.character_id=?
Hibernate: select count(*) as col_0_0_ from user user0_ where user0_.user_id=?
Hibernate: select character1_.character_id as characte1_6_, character1_.character_character_name as characte2_6_ from user user0_ inner join characters character1_ on user0_.character_id=character1_.character_id where user0_.user_id=?
Hibernate: select permission0_.character_id as characte6_12_0_, permission0_.permission_id as permissi1_12_0_, permission0_.permission_id as permissi1_12_1_, permission0_.character_id as characte6_12_1_, permission0_.permission_name as permissi2_12_1_, permission0_.permission_permission_unit_id as permissi3_12_1_, permission0_.permission_service as permissi4_12_1_, permission0_.permission_status as permissi5_12_1_ from permission permission0_ where permission0_.character_id=?
Hibernate: select category0_.category_id as col_0_0_ from category category0_ where category0_.category_name=? limit ?
Hibernate: select category0_.category_id as category1_5_1_, category0_.category_name as category2_5_1_, boardlist1_.category_id as category7_4_3_, boardlist1_.board_id as board_id1_4_3_, boardlist1_.board_id as board_id1_4_0_, boardlist1_.category_id as category7_4_0_, boardlist1_.board_content as board_co2_4_0_, boardlist1_.board_created_at as board_cr3_4_0_, boardlist1_.board_last_modified_at as board_la4_4_0_, boardlist1_.board_title as board_ti5_4_0_, boardlist1_.user_id as user_id8_4_0_, boardlist1_.board_views as board_vi6_4_0_ from category category0_ left outer join board boardlist1_ on category0_.category_id=boardlist1_.category_id where category0_.category_id=?
Hibernate: insert into category (category_id, category_name) values (default, ?)
Hibernate: select user0_.user_id as user_id1_21_0_, user0_.character_id as characte7_21_0_, user0_.user_created_at as user_cre2_21_0_, user0_.user_name as user_nam3_21_0_, user0_.user_phone_number as user_pho4_21_0_, user0_.user_user_id as user_use5_21_0_, user0_.user_user_password as user_use6_21_0_ from user user0_ where user0_.user_id=?
Hibernate: select character0_.character_id as characte1_6_0_, character0_.character_character_name as characte2_6_0_ from characters character0_ where character0_.character_id=?
Hibernate: select category0_.category_id as category1_5_, category0_.category_name as category2_5_ from category category0_
Hibernate: select boardlist0_.category_id as category7_4_0_, boardlist0_.board_id as board_id1_4_0_, boardlist0_.board_id as board_id1_4_1_, boardlist0_.category_id as category7_4_1_, boardlist0_.board_content as board_co2_4_1_, boardlist0_.board_created_at as board_cr3_4_1_, boardlist0_.board_last_modified_at as board_la4_4_1_, boardlist0_.board_title as board_ti5_4_1_, boardlist0_.user_id as user_id8_4_1_, boardlist0_.board_views as board_vi6_4_1_ from board boardlist0_ where boardlist0_.category_id=?
Hibernate: select boardlist0_.category_id as category7_4_0_, boardlist0_.board_id as board_id1_4_0_, boardlist0_.board_id as board_id1_4_1_, boardlist0_.category_id as category7_4_1_, boardlist0_.board_content as board_co2_4_1_, boardlist0_.board_created_at as board_cr3_4_1_, boardlist0_.board_last_modified_at as board_la4_4_1_, boardlist0_.board_title as board_ti5_4_1_, boardlist0_.user_id as user_id8_4_1_, boardlist0_.board_views as board_vi6_4_1_ from board boardlist0_ where boardlist0_.category_id=?
Hibernate: select boardlist0_.category_id as category7_4_0_, boardlist0_.board_id as board_id1_4_0_, boardlist0_.board_id as board_id1_4_1_, boardlist0_.category_id as category7_4_1_, boardlist0_.board_content as board_co2_4_1_, boardlist0_.board_created_at as board_cr3_4_1_, boardlist0_.board_last_modified_at as board_la4_4_1_, boardlist0_.board_title as board_ti5_4_1_, boardlist0_.user_id as user_id8_4_1_, boardlist0_.board_views as board_vi6_4_1_ from board boardlist0_ where boardlist0_.category_id=?
Hibernate: select user0_.user_id as user_id1_21_0_, user0_.character_id as characte7_21_0_, user0_.user_created_at as user_cre2_21_0_, user0_.user_name as user_nam3_21_0_, user0_.user_phone_number as user_pho4_21_0_, user0_.user_user_id as user_use5_21_0_, user0_.user_user_password as user_use6_21_0_ from user user0_ where user0_.user_id=?
Hibernate: select character0_.character_id as characte1_6_0_, character0_.character_character_name as characte2_6_0_ from characters character0_ where character0_.character_id=?
Hibernate: select count(*) as col_0_0_ from user user0_ where user0_.user_id=?
Hibernate: select character1_.character_id as characte1_6_, character1_.character_character_name as characte2_6_ from user user0_ inner join characters character1_ on user0_.character_id=character1_.character_id where user0_.user_id=?
Hibernate: select permission0_.character_id as characte6_12_0_, permission0_.permission_id as permissi1_12_0_, permission0_.permission_id as permissi1_12_1_, permission0_.character_id as characte6_12_1_, permission0_.permission_name as permissi2_12_1_, permission0_.permission_permission_unit_id as permissi3_12_1_, permission0_.permission_service as permissi4_12_1_, permission0_.permission_status as permissi5_12_1_ from permission permission0_ where permission0_.character_id=?
Hibernate: select count(*) as col_0_0_ from category category0_ where category0_.category_id=?
Hibernate: insert into filename (filename_id, filename_origin, filename_uuid) values (default, ?, ?)
Hibernate: insert into filename (filename_id, filename_origin, filename_uuid) values (default, ?, ?)
Hibernate: select category0_.category_id as category1_5_0_, category0_.category_name as category2_5_0_ from category category0_ where category0_.category_id=?
Hibernate: insert into board (board_id, category_id, board_content, board_created_at, board_last_modified_at, board_title, user_id, board_views) values (default, ?, ?, ?, ?, ?, ?, ?)
Hibernate: insert into reaction (reaction_id, board_id, reaction_type) values (default, ?, ?)
Hibernate: insert into reaction (reaction_id, board_id, reaction_type) values (default, ?, ?)
Hibernate: insert into reaction (reaction_id, board_id, reaction_type) values (default, ?, ?)
Hibernate: insert into reaction (reaction_id, board_id, reaction_type) values (default, ?, ?)
Hibernate: insert into reaction (reaction_id, board_id, reaction_type) values (default, ?, ?)
Hibernate: insert into reaction (reaction_id, board_id, reaction_type) values (default, ?, ?)
Hibernate: insert into file_path_list (board_board_id, board_file_path_list) values (?, ?)
Hibernate: insert into image_path_list (board_board_id, board_image_path_list) values (?, ?)
Hibernate: select user0_.user_id as user_id1_21_0_, user0_.character_id as characte7_21_0_, user0_.user_created_at as user_cre2_21_0_, user0_.user_name as user_nam3_21_0_, user0_.user_phone_number as user_pho4_21_0_, user0_.user_user_id as user_use5_21_0_, user0_.user_user_password as user_use6_21_0_ from user user0_ where user0_.user_id=?
Hibernate: select character0_.character_id as characte1_6_0_, character0_.character_character_name as characte2_6_0_ from characters character0_ where character0_.character_id=?
Hibernate: select count(*) as col_0_0_ from board board0_
Hibernate: select board0_.board_id as board_id1_4_, board0_.category_id as category7_4_, board0_.board_content as board_co2_4_, board0_.board_created_at as board_cr3_4_, board0_.board_last_modified_at as board_la4_4_, board0_.board_title as board_ti5_4_, board0_.user_id as user_id8_4_, board0_.board_views as board_vi6_4_ from board board0_ limit ?
Hibernate: select category0_.category_id as category1_5_0_, category0_.category_name as category2_5_0_ from category category0_ where category0_.category_id=?
Hibernate: select reactionli0_.board_id as board_id3_13_0_, reactionli0_.reaction_id as reaction1_13_0_, reactionli0_.reaction_id as reaction1_13_1_, reactionli0_.board_id as board_id3_13_1_, reactionli0_.reaction_type as reaction2_13_1_ from reaction reactionli0_ where reactionli0_.board_id=?
Hibernate: select reactionus0_.reaction_id as reaction2_14_0_, reactionus0_.reaction_user_id as reaction1_14_0_, reactionus0_.reaction_user_id as reaction1_14_1_, reactionus0_.reaction_id as reaction2_14_1_, reactionus0_.user_id as user_id3_14_1_ from reaction_user reactionus0_ where reactionus0_.reaction_id=?
Hibernate: select reactionus0_.reaction_id as reaction2_14_0_, reactionus0_.reaction_user_id as reaction1_14_0_, reactionus0_.reaction_user_id as reaction1_14_1_, reactionus0_.reaction_id as reaction2_14_1_, reactionus0_.user_id as user_id3_14_1_ from reaction_user reactionus0_ where reactionus0_.reaction_id=?
Hibernate: select reactionus0_.reaction_id as reaction2_14_0_, reactionus0_.reaction_user_id as reaction1_14_0_, reactionus0_.reaction_user_id as reaction1_14_1_, reactionus0_.reaction_id as reaction2_14_1_, reactionus0_.user_id as user_id3_14_1_ from reaction_user reactionus0_ where reactionus0_.reaction_id=?
Hibernate: select reactionus0_.reaction_id as reaction2_14_0_, reactionus0_.reaction_user_id as reaction1_14_0_, reactionus0_.reaction_user_id as reaction1_14_1_, reactionus0_.reaction_id as reaction2_14_1_, reactionus0_.user_id as user_id3_14_1_ from reaction_user reactionus0_ where reactionus0_.reaction_id=?
Hibernate: select reactionus0_.reaction_id as reaction2_14_0_, reactionus0_.reaction_user_id as reaction1_14_0_, reactionus0_.reaction_user_id as reaction1_14_1_, reactionus0_.reaction_id as reaction2_14_1_, reactionus0_.user_id as user_id3_14_1_ from reaction_user reactionus0_ where reactionus0_.reaction_id=?
Hibernate: select reactionus0_.reaction_id as reaction2_14_0_, reactionus0_.reaction_user_id as reaction1_14_0_, reactionus0_.reaction_user_id as reaction1_14_1_, reactionus0_.reaction_id as reaction2_14_1_, reactionus0_.user_id as user_id3_14_1_ from reaction_user reactionus0_ where reactionus0_.reaction_id=?
Hibernate: select commentlis0_.board_id as board_id5_7_0_, commentlis0_.comment_id as comment_1_7_0_, commentlis0_.comment_id as comment_1_7_1_, commentlis0_.board_id as board_id5_7_1_, commentlis0_.comment_content as comment_2_7_1_, commentlis0_.comment_created_at as comment_3_7_1_, commentlis0_.comment_last_modified_at as comment_4_7_1_, commentlis0_.user_id as user_id6_7_1_ from comment commentlis0_ where commentlis0_.board_id=?
Hibernate: select boardlist0_.category_id as category7_4_0_, boardlist0_.board_id as board_id1_4_0_, boardlist0_.board_id as board_id1_4_1_, boardlist0_.category_id as category7_4_1_, boardlist0_.board_content as board_co2_4_1_, boardlist0_.board_created_at as board_cr3_4_1_, boardlist0_.board_last_modified_at as board_la4_4_1_, boardlist0_.board_title as board_ti5_4_1_, boardlist0_.user_id as user_id8_4_1_, boardlist0_.board_views as board_vi6_4_1_ from board boardlist0_ where boardlist0_.category_id=?
Hibernate: select count(comment0_.comment_id) as col_0_0_ from comment comment0_ where comment0_.board_id=?
Hibernate: select count(*) as col_0_0_ from board board0_
Hibernate: select imagepathl0_.board_board_id as board_bo1_11_0_, imagepathl0_.board_image_path_list as board_im2_11_0_ from image_path_list imagepathl0_ where imagepathl0_.board_board_id=?
Hibernate: select filename0_.filename_id as filename1_9_, filename0_.filename_origin as filename2_9_, filename0_.filename_uuid as filename3_9_ from filename filename0_ where filename0_.filename_uuid=?
Hibernate: select filepathli0_.board_board_id as board_bo1_8_0_, filepathli0_.board_file_path_list as board_fi2_8_0_ from file_path_list filepathli0_ where filepathli0_.board_board_id=?
Hibernate: select filename0_.filename_id as filename1_9_, filename0_.filename_origin as filename2_9_, filename0_.filename_uuid as filename3_9_ from filename filename0_ where filename0_.filename_uuid=?
Hibernate: select user0_.user_id as user_id1_21_0_, user0_.character_id as characte7_21_0_, user0_.user_created_at as user_cre2_21_0_, user0_.user_name as user_nam3_21_0_, user0_.user_phone_number as user_pho4_21_0_, user0_.user_user_id as user_use5_21_0_, user0_.user_user_password as user_use6_21_0_ from user user0_ where user0_.user_id=?
Hibernate: select character0_.character_id as characte1_6_0_, character0_.character_character_name as characte2_6_0_ from characters character0_ where character0_.character_id=?
Hibernate: select count(*) as col_0_0_ from user user0_ where user0_.user_id=?
Hibernate: select character1_.character_id as characte1_6_, character1_.character_character_name as characte2_6_ from user user0_ inner join characters character1_ on user0_.character_id=character1_.character_id where user0_.user_id=?
Hibernate: select permission0_.character_id as characte6_12_0_, permission0_.permission_id as permissi1_12_0_, permission0_.permission_id as permissi1_12_1_, permission0_.character_id as characte6_12_1_, permission0_.permission_name as permissi2_12_1_, permission0_.permission_permission_unit_id as permissi3_12_1_, permission0_.permission_service as permissi4_12_1_, permission0_.permission_status as permissi5_12_1_ from permission permission0_ where permission0_.character_id=?
Hibernate: select count(*) as col_0_0_ from board board0_ where board0_.board_id=?
Hibernate: select board0_.board_id as board_id1_4_0_, board0_.category_id as category7_4_0_, board0_.board_content as board_co2_4_0_, board0_.board_created_at as board_cr3_4_0_, board0_.board_last_modified_at as board_la4_4_0_, board0_.board_title as board_ti5_4_0_, board0_.user_id as user_id8_4_0_, board0_.board_views as board_vi6_4_0_ from board board0_ where board0_.board_id=?
Hibernate: select category0_.category_id as category1_5_0_, category0_.category_name as category2_5_0_ from category category0_ where category0_.category_id=?
Hibernate: select reactionli0_.board_id as board_id3_13_0_, reactionli0_.reaction_id as reaction1_13_0_, reactionli0_.reaction_id as reaction1_13_1_, reactionli0_.board_id as board_id3_13_1_, reactionli0_.reaction_type as reaction2_13_1_ from reaction reactionli0_ where reactionli0_.board_id=?
Hibernate: select reactionus0_.reaction_id as reaction2_14_0_, reactionus0_.reaction_user_id as reaction1_14_0_, reactionus0_.reaction_user_id as reaction1_14_1_, reactionus0_.reaction_id as reaction2_14_1_, reactionus0_.user_id as user_id3_14_1_ from reaction_user reactionus0_ where reactionus0_.reaction_id=?
Hibernate: select reactionus0_.reaction_id as reaction2_14_0_, reactionus0_.reaction_user_id as reaction1_14_0_, reactionus0_.reaction_user_id as reaction1_14_1_, reactionus0_.reaction_id as reaction2_14_1_, reactionus0_.user_id as user_id3_14_1_ from reaction_user reactionus0_ where reactionus0_.reaction_id=?
Hibernate: select reactionus0_.reaction_id as reaction2_14_0_, reactionus0_.reaction_user_id as reaction1_14_0_, reactionus0_.reaction_user_id as reaction1_14_1_, reactionus0_.reaction_id as reaction2_14_1_, reactionus0_.user_id as user_id3_14_1_ from reaction_user reactionus0_ where reactionus0_.reaction_id=?
Hibernate: select reactionus0_.reaction_id as reaction2_14_0_, reactionus0_.reaction_user_id as reaction1_14_0_, reactionus0_.reaction_user_id as reaction1_14_1_, reactionus0_.reaction_id as reaction2_14_1_, reactionus0_.user_id as user_id3_14_1_ from reaction_user reactionus0_ where reactionus0_.reaction_id=?
Hibernate: select reactionus0_.reaction_id as reaction2_14_0_, reactionus0_.reaction_user_id as reaction1_14_0_, reactionus0_.reaction_user_id as reaction1_14_1_, reactionus0_.reaction_id as reaction2_14_1_, reactionus0_.user_id as user_id3_14_1_ from reaction_user reactionus0_ where reactionus0_.reaction_id=?
Hibernate: select reactionus0_.reaction_id as reaction2_14_0_, reactionus0_.reaction_user_id as reaction1_14_0_, reactionus0_.reaction_user_id as reaction1_14_1_, reactionus0_.reaction_id as reaction2_14_1_, reactionus0_.user_id as user_id3_14_1_ from reaction_user reactionus0_ where reactionus0_.reaction_id=?
Hibernate: select commentlis0_.board_id as board_id5_7_0_, commentlis0_.comment_id as comment_1_7_0_, commentlis0_.comment_id as comment_1_7_1_, commentlis0_.board_id as board_id5_7_1_, commentlis0_.comment_content as comment_2_7_1_, commentlis0_.comment_created_at as comment_3_7_1_, commentlis0_.comment_last_modified_at as comment_4_7_1_, commentlis0_.user_id as user_id6_7_1_ from comment commentlis0_ where commentlis0_.board_id=?
Hibernate: select boardlist0_.category_id as category7_4_0_, boardlist0_.board_id as board_id1_4_0_, boardlist0_.board_id as board_id1_4_1_, boardlist0_.category_id as category7_4_1_, boardlist0_.board_content as board_co2_4_1_, boardlist0_.board_created_at as board_cr3_4_1_, boardlist0_.board_last_modified_at as board_la4_4_1_, boardlist0_.board_title as board_ti5_4_1_, boardlist0_.user_id as user_id8_4_1_, boardlist0_.board_views as board_vi6_4_1_ from board boardlist0_ where boardlist0_.category_id=?
Hibernate: select count(comment0_.comment_id) as col_0_0_ from comment comment0_ where comment0_.board_id=?
Hibernate: update board set category_id=?, board_content=?, board_created_at=?, board_last_modified_at=?, board_title=?, user_id=?, board_views=? where board_id=?
Hibernate: select imagepathl0_.board_board_id as board_bo1_11_0_, imagepathl0_.board_image_path_list as board_im2_11_0_ from image_path_list imagepathl0_ where imagepathl0_.board_board_id=?
Hibernate: select filename0_.filename_id as filename1_9_, filename0_.filename_origin as filename2_9_, filename0_.filename_uuid as filename3_9_ from filename filename0_ where filename0_.filename_uuid=?
Hibernate: select filepathli0_.board_board_id as board_bo1_8_0_, filepathli0_.board_file_path_list as board_fi2_8_0_ from file_path_list filepathli0_ where filepathli0_.board_board_id=?
Hibernate: select filename0_.filename_id as filename1_9_, filename0_.filename_origin as filename2_9_, filename0_.filename_uuid as filename3_9_ from filename filename0_ where filename0_.filename_uuid=?
Hibernate: select user0_.user_id as col_0_0_ from user user0_ where user0_.user_user_id=? limit ?
Hibernate: select user0_.user_id as col_0_0_ from user user0_ where user0_.user_user_id=? limit ?
Hibernate: select U.* from USER U where U.USER_USER_ID =?
Hibernate: select character0_.character_id as characte1_6_0_, character0_.character_character_name as characte2_6_0_ from characters character0_ where character0_.character_id=?
Hibernate: select user0_.user_id as user_id1_21_0_, user0_.character_id as characte7_21_0_, user0_.user_created_at as user_cre2_21_0_, user0_.user_name as user_nam3_21_0_, user0_.user_phone_number as user_pho4_21_0_, user0_.user_user_id as user_use5_21_0_, user0_.user_user_password as user_use6_21_0_ from user user0_ where user0_.user_id=?
Hibernate: select character0_.character_id as characte1_6_0_, character0_.character_character_name as characte2_6_0_ from characters character0_ where character0_.character_id=?
Hibernate: select count(*) as col_0_0_ from board board0_
Hibernate: select board0_.board_id as board_id1_4_, board0_.category_id as category7_4_, board0_.board_content as board_co2_4_, board0_.board_created_at as board_cr3_4_, board0_.board_last_modified_at as board_la4_4_, board0_.board_title as board_ti5_4_, board0_.user_id as user_id8_4_, board0_.board_views as board_vi6_4_ from board board0_ limit ?
Hibernate: select category0_.category_id as category1_5_0_, category0_.category_name as category2_5_0_ from category category0_ where category0_.category_id=?
Hibernate: select reactionli0_.board_id as board_id3_13_0_, reactionli0_.reaction_id as reaction1_13_0_, reactionli0_.reaction_id as reaction1_13_1_, reactionli0_.board_id as board_id3_13_1_, reactionli0_.reaction_type as reaction2_13_1_ from reaction reactionli0_ where reactionli0_.board_id=?
Hibernate: select reactionus0_.reaction_id as reaction2_14_0_, reactionus0_.reaction_user_id as reaction1_14_0_, reactionus0_.reaction_user_id as reaction1_14_1_, reactionus0_.reaction_id as reaction2_14_1_, reactionus0_.user_id as user_id3_14_1_ from reaction_user reactionus0_ where reactionus0_.reaction_id=?
Hibernate: select reactionus0_.reaction_id as reaction2_14_0_, reactionus0_.reaction_user_id as reaction1_14_0_, reactionus0_.reaction_user_id as reaction1_14_1_, reactionus0_.reaction_id as reaction2_14_1_, reactionus0_.user_id as user_id3_14_1_ from reaction_user reactionus0_ where reactionus0_.reaction_id=?
Hibernate: select reactionus0_.reaction_id as reaction2_14_0_, reactionus0_.reaction_user_id as reaction1_14_0_, reactionus0_.reaction_user_id as reaction1_14_1_, reactionus0_.reaction_id as reaction2_14_1_, reactionus0_.user_id as user_id3_14_1_ from reaction_user reactionus0_ where reactionus0_.reaction_id=?
Hibernate: select reactionus0_.reaction_id as reaction2_14_0_, reactionus0_.reaction_user_id as reaction1_14_0_, reactionus0_.reaction_user_id as reaction1_14_1_, reactionus0_.reaction_id as reaction2_14_1_, reactionus0_.user_id as user_id3_14_1_ from reaction_user reactionus0_ where reactionus0_.reaction_id=?
Hibernate: select reactionus0_.reaction_id as reaction2_14_0_, reactionus0_.reaction_user_id as reaction1_14_0_, reactionus0_.reaction_user_id as reaction1_14_1_, reactionus0_.reaction_id as reaction2_14_1_, reactionus0_.user_id as user_id3_14_1_ from reaction_user reactionus0_ where reactionus0_.reaction_id=?
Hibernate: select reactionus0_.reaction_id as reaction2_14_0_, reactionus0_.reaction_user_id as reaction1_14_0_, reactionus0_.reaction_user_id as reaction1_14_1_, reactionus0_.reaction_id as reaction2_14_1_, reactionus0_.user_id as user_id3_14_1_ from reaction_user reactionus0_ where reactionus0_.reaction_id=?
Hibernate: select commentlis0_.board_id as board_id5_7_0_, commentlis0_.comment_id as comment_1_7_0_, commentlis0_.comment_id as comment_1_7_1_, commentlis0_.board_id as board_id5_7_1_, commentlis0_.comment_content as comment_2_7_1_, commentlis0_.comment_created_at as comment_3_7_1_, commentlis0_.comment_last_modified_at as comment_4_7_1_, commentlis0_.user_id as user_id6_7_1_ from comment commentlis0_ where commentlis0_.board_id=?
Hibernate: select boardlist0_.category_id as category7_4_0_, boardlist0_.board_id as board_id1_4_0_, boardlist0_.board_id as board_id1_4_1_, boardlist0_.category_id as category7_4_1_, boardlist0_.board_content as board_co2_4_1_, boardlist0_.board_created_at as board_cr3_4_1_, boardlist0_.board_last_modified_at as board_la4_4_1_, boardlist0_.board_title as board_ti5_4_1_, boardlist0_.user_id as user_id8_4_1_, boardlist0_.board_views as board_vi6_4_1_ from board boardlist0_ where boardlist0_.category_id=?
Hibernate: select count(comment0_.comment_id) as col_0_0_ from comment comment0_ where comment0_.board_id=?
Hibernate: select count(*) as col_0_0_ from board board0_
Hibernate: select imagepathl0_.board_board_id as board_bo1_11_0_, imagepathl0_.board_image_path_list as board_im2_11_0_ from image_path_list imagepathl0_ where imagepathl0_.board_board_id=?
Hibernate: select filename0_.filename_id as filename1_9_, filename0_.filename_origin as filename2_9_, filename0_.filename_uuid as filename3_9_ from filename filename0_ where filename0_.filename_uuid=?
Hibernate: select filepathli0_.board_board_id as board_bo1_8_0_, filepathli0_.board_file_path_list as board_fi2_8_0_ from file_path_list filepathli0_ where filepathli0_.board_board_id=?
Hibernate: select filename0_.filename_id as filename1_9_, filename0_.filename_origin as filename2_9_, filename0_.filename_uuid as filename3_9_ from filename filename0_ where filename0_.filename_uuid=?
Hibernate: select U.* from USER U join BOARD B where U.USER_ID = B.USER_ID and B.BOARD_ID = ?
Hibernate: select character0_.character_id as characte1_6_0_, character0_.character_character_name as characte2_6_0_ from characters character0_ where character0_.character_id=?
Hibernate: select count(*) as col_0_0_ from user user0_ where user0_.user_id=?
Hibernate: select character1_.character_id as characte1_6_, character1_.character_character_name as characte2_6_ from user user0_ inner join characters character1_ on user0_.character_id=character1_.character_id where user0_.user_id=?
Hibernate: select permission0_.character_id as characte6_12_0_, permission0_.permission_id as permissi1_12_0_, permission0_.permission_id as permissi1_12_1_, permission0_.character_id as characte6_12_1_, permission0_.permission_name as permissi2_12_1_, permission0_.permission_permission_unit_id as permissi3_12_1_, permission0_.permission_service as permissi4_12_1_, permission0_.permission_status as permissi5_12_1_ from permission permission0_ where permission0_.character_id=?
Hibernate: select count(*) as col_0_0_ from board board0_ where board0_.board_id=?
Hibernate: select board0_.board_id as board_id1_4_0_, board0_.category_id as category7_4_0_, board0_.board_content as board_co2_4_0_, board0_.board_created_at as board_cr3_4_0_, board0_.board_last_modified_at as board_la4_4_0_, board0_.board_title as board_ti5_4_0_, board0_.user_id as user_id8_4_0_, board0_.board_views as board_vi6_4_0_ from board board0_ where board0_.board_id=?
Hibernate: select category0_.category_id as category1_5_0_, category0_.category_name as category2_5_0_ from category category0_ where category0_.category_id=?
Hibernate: select reactionli0_.board_id as board_id3_13_0_, reactionli0_.reaction_id as reaction1_13_0_, reactionli0_.reaction_id as reaction1_13_1_, reactionli0_.board_id as board_id3_13_1_, reactionli0_.reaction_type as reaction2_13_1_ from reaction reactionli0_ where reactionli0_.board_id=?
Hibernate: select reactionus0_.reaction_id as reaction2_14_0_, reactionus0_.reaction_user_id as reaction1_14_0_, reactionus0_.reaction_user_id as reaction1_14_1_, reactionus0_.reaction_id as reaction2_14_1_, reactionus0_.user_id as user_id3_14_1_ from reaction_user reactionus0_ where reactionus0_.reaction_id=?
Hibernate: select reactionus0_.reaction_id as reaction2_14_0_, reactionus0_.reaction_user_id as reaction1_14_0_, reactionus0_.reaction_user_id as reaction1_14_1_, reactionus0_.reaction_id as reaction2_14_1_, reactionus0_.user_id as user_id3_14_1_ from reaction_user reactionus0_ where reactionus0_.reaction_id=?
Hibernate: select reactionus0_.reaction_id as reaction2_14_0_, reactionus0_.reaction_user_id as reaction1_14_0_, reactionus0_.reaction_user_id as reaction1_14_1_, reactionus0_.reaction_id as reaction2_14_1_, reactionus0_.user_id as user_id3_14_1_ from reaction_user reactionus0_ where reactionus0_.reaction_id=?
Hibernate: select reactionus0_.reaction_id as reaction2_14_0_, reactionus0_.reaction_user_id as reaction1_14_0_, reactionus0_.reaction_user_id as reaction1_14_1_, reactionus0_.reaction_id as reaction2_14_1_, reactionus0_.user_id as user_id3_14_1_ from reaction_user reactionus0_ where reactionus0_.reaction_id=?
Hibernate: select reactionus0_.reaction_id as reaction2_14_0_, reactionus0_.reaction_user_id as reaction1_14_0_, reactionus0_.reaction_user_id as reaction1_14_1_, reactionus0_.reaction_id as reaction2_14_1_, reactionus0_.user_id as user_id3_14_1_ from reaction_user reactionus0_ where reactionus0_.reaction_id=?
Hibernate: select reactionus0_.reaction_id as reaction2_14_0_, reactionus0_.reaction_user_id as reaction1_14_0_, reactionus0_.reaction_user_id as reaction1_14_1_, reactionus0_.reaction_id as reaction2_14_1_, reactionus0_.user_id as user_id3_14_1_ from reaction_user reactionus0_ where reactionus0_.reaction_id=?
Hibernate: select commentlis0_.board_id as board_id5_7_0_, commentlis0_.comment_id as comment_1_7_0_, commentlis0_.comment_id as comment_1_7_1_, commentlis0_.board_id as board_id5_7_1_, commentlis0_.comment_content as comment_2_7_1_, commentlis0_.comment_created_at as comment_3_7_1_, commentlis0_.comment_last_modified_at as comment_4_7_1_, commentlis0_.user_id as user_id6_7_1_ from comment commentlis0_ where commentlis0_.board_id=?
Hibernate: select boardlist0_.category_id as category7_4_0_, boardlist0_.board_id as board_id1_4_0_, boardlist0_.board_id as board_id1_4_1_, boardlist0_.category_id as category7_4_1_, boardlist0_.board_content as board_co2_4_1_, boardlist0_.board_created_at as board_cr3_4_1_, boardlist0_.board_last_modified_at as board_la4_4_1_, boardlist0_.board_title as board_ti5_4_1_, boardlist0_.user_id as user_id8_4_1_, boardlist0_.board_views as board_vi6_4_1_ from board boardlist0_ where boardlist0_.category_id=?
Hibernate: select count(comment0_.comment_id) as col_0_0_ from comment comment0_ where comment0_.board_id=?
Hibernate: update board set category_id=?, board_content=?, board_created_at=?, board_last_modified_at=?, board_title=?, user_id=?, board_views=? where board_id=?
Hibernate: select filepathli0_.board_board_id as board_bo1_8_0_, filepathli0_.board_file_path_list as board_fi2_8_0_ from file_path_list filepathli0_ where filepathli0_.board_board_id=?
Hibernate: select filename0_.filename_id as filename1_9_, filename0_.filename_origin as filename2_9_, filename0_.filename_uuid as filename3_9_ from filename filename0_ where filename0_.filename_uuid=?
Hibernate: delete from filename where filename_id=?
Hibernate: select imagepathl0_.board_board_id as board_bo1_11_0_, imagepathl0_.board_image_path_list as board_im2_11_0_ from image_path_list imagepathl0_ where imagepathl0_.board_board_id=?
Hibernate: select filename0_.filename_id as filename1_9_, filename0_.filename_origin as filename2_9_, filename0_.filename_uuid as filename3_9_ from filename filename0_ where filename0_.filename_uuid=?
Hibernate: delete from filename where filename_id=?
Hibernate: select count(*) as col_0_0_ from board board0_ where board0_.board_id=?
Hibernate: delete from file_path_list where board_board_id=?
Hibernate: delete from image_path_list where board_board_id=?
Hibernate: delete from reaction where reaction_id=?
Hibernate: delete from reaction where reaction_id=?
Hibernate: delete from reaction where reaction_id=?
Hibernate: delete from reaction where reaction_id=?
Hibernate: delete from reaction where reaction_id=?
Hibernate: delete from reaction where reaction_id=?
Hibernate: delete from board where board_id=?
Hibernate: select user0_.user_id as user_id1_21_0_, user0_.character_id as characte7_21_0_, user0_.user_created_at as user_cre2_21_0_, user0_.user_name as user_nam3_21_0_, user0_.user_phone_number as user_pho4_21_0_, user0_.user_user_id as user_use5_21_0_, user0_.user_user_password as user_use6_21_0_ from user user0_ where user0_.user_id=?
Hibernate: select character0_.character_id as characte1_6_0_, character0_.character_character_name as characte2_6_0_ from characters character0_ where character0_.character_id=?
Hibernate: select count(*) as col_0_0_ from user user0_ where user0_.user_id=?
Hibernate: select character1_.character_id as characte1_6_, character1_.character_character_name as characte2_6_ from user user0_ inner join characters character1_ on user0_.character_id=character1_.character_id where user0_.user_id=?
Hibernate: select permission0_.character_id as characte6_12_0_, permission0_.permission_id as permissi1_12_0_, permission0_.permission_id as permissi1_12_1_, permission0_.character_id as characte6_12_1_, permission0_.permission_name as permissi2_12_1_, permission0_.permission_permission_unit_id as permissi3_12_1_, permission0_.permission_service as permissi4_12_1_, permission0_.permission_status as permissi5_12_1_ from permission permission0_ where permission0_.character_id=?
Hibernate: select count(*) as col_0_0_ from board board0_ where board0_.board_id=?
Hibernate: select user0_.user_id as col_0_0_ from user user0_ where user0_.user_user_id=? limit ?
Hibernate: select user0_.user_id as col_0_0_ from user user0_ where user0_.user_user_id=? limit ?
Hibernate: select U.* from USER U where U.USER_USER_ID =?
Hibernate: select character0_.character_id as characte1_6_0_, character0_.character_character_name as characte2_6_0_ from characters character0_ where character0_.character_id=?
Hibernate: select user0_.user_id as user_id1_21_0_, user0_.character_id as characte7_21_0_, user0_.user_created_at as user_cre2_21_0_, user0_.user_name as user_nam3_21_0_, user0_.user_phone_number as user_pho4_21_0_, user0_.user_user_id as user_use5_21_0_, user0_.user_user_password as user_use6_21_0_ from user user0_ where user0_.user_id=?
Hibernate: select character0_.character_id as characte1_6_0_, character0_.character_character_name as characte2_6_0_ from characters character0_ where character0_.character_id=?
Hibernate: select category0_.category_id as category1_5_, category0_.category_name as category2_5_ from category category0_
Hibernate: select boardlist0_.category_id as category7_4_0_, boardlist0_.board_id as board_id1_4_0_, boardlist0_.board_id as board_id1_4_1_, boardlist0_.category_id as category7_4_1_, boardlist0_.board_content as board_co2_4_1_, boardlist0_.board_created_at as board_cr3_4_1_, boardlist0_.board_last_modified_at as board_la4_4_1_, boardlist0_.board_title as board_ti5_4_1_, boardlist0_.user_id as user_id8_4_1_, boardlist0_.board_views as board_vi6_4_1_ from board boardlist0_ where boardlist0_.category_id=?
Hibernate: select boardlist0_.category_id as category7_4_0_, boardlist0_.board_id as board_id1_4_0_, boardlist0_.board_id as board_id1_4_1_, boardlist0_.category_id as category7_4_1_, boardlist0_.board_content as board_co2_4_1_, boardlist0_.board_created_at as board_cr3_4_1_, boardlist0_.board_last_modified_at as board_la4_4_1_, boardlist0_.board_title as board_ti5_4_1_, boardlist0_.user_id as user_id8_4_1_, boardlist0_.board_views as board_vi6_4_1_ from board boardlist0_ where boardlist0_.category_id=?
Hibernate: select boardlist0_.category_id as category7_4_0_, boardlist0_.board_id as board_id1_4_0_, boardlist0_.board_id as board_id1_4_1_, boardlist0_.category_id as category7_4_1_, boardlist0_.board_content as board_co2_4_1_, boardlist0_.board_created_at as board_cr3_4_1_, boardlist0_.board_last_modified_at as board_la4_4_1_, boardlist0_.board_title as board_ti5_4_1_, boardlist0_.user_id as user_id8_4_1_, boardlist0_.board_views as board_vi6_4_1_ from board boardlist0_ where boardlist0_.category_id=?
Hibernate: select user0_.user_id as user_id1_21_0_, user0_.character_id as characte7_21_0_, user0_.user_created_at as user_cre2_21_0_, user0_.user_name as user_nam3_21_0_, user0_.user_phone_number as user_pho4_21_0_, user0_.user_user_id as user_use5_21_0_, user0_.user_user_password as user_use6_21_0_ from user user0_ where user0_.user_id=?
Hibernate: select character0_.character_id as characte1_6_0_, character0_.character_character_name as characte2_6_0_ from characters character0_ where character0_.character_id=?
Hibernate: select count(*) as col_0_0_ from user user0_ where user0_.user_id=?
Hibernate: select character1_.character_id as characte1_6_, character1_.character_character_name as characte2_6_ from user user0_ inner join characters character1_ on user0_.character_id=character1_.character_id where user0_.user_id=?
Hibernate: select permission0_.character_id as characte6_12_0_, permission0_.permission_id as permissi1_12_0_, permission0_.permission_id as permissi1_12_1_, permission0_.character_id as characte6_12_1_, permission0_.permission_name as permissi2_12_1_, permission0_.permission_permission_unit_id as permissi3_12_1_, permission0_.permission_service as permissi4_12_1_, permission0_.permission_status as permissi5_12_1_ from permission permission0_ where permission0_.character_id=?
Hibernate: select count(*) as col_0_0_ from category category0_ where category0_.category_id=?
Hibernate: select count(board0_.board_id) as col_0_0_ from board board0_ where board0_.category_id=?
Hibernate: select category0_.category_id as category1_5_0_, category0_.category_name as category2_5_0_ from category category0_ where category0_.category_id=?
Hibernate: select boardlist0_.category_id as category7_4_0_, boardlist0_.board_id as board_id1_4_0_, boardlist0_.board_id as board_id1_4_1_, boardlist0_.category_id as category7_4_1_, boardlist0_.board_content as board_co2_4_1_, boardlist0_.board_created_at as board_cr3_4_1_, boardlist0_.board_last_modified_at as board_la4_4_1_, boardlist0_.board_title as board_ti5_4_1_, boardlist0_.user_id as user_id8_4_1_, boardlist0_.board_views as board_vi6_4_1_ from board boardlist0_ where boardlist0_.category_id=?
Hibernate: delete from category where category_id=?
Hibernate: select user0_.user_id as user_id1_21_0_, user0_.character_id as characte7_21_0_, user0_.user_created_at as user_cre2_21_0_, user0_.user_name as user_nam3_21_0_, user0_.user_phone_number as user_pho4_21_0_, user0_.user_user_id as user_use5_21_0_, user0_.user_user_password as user_use6_21_0_ from user user0_ where user0_.user_id=?
Hibernate: select character0_.character_id as characte1_6_0_, character0_.character_character_name as characte2_6_0_ from characters character0_ where character0_.character_id=?
Hibernate: select count(*) as col_0_0_ from user user0_ where user0_.user_id=?
Hibernate: select character1_.character_id as characte1_6_, character1_.character_character_name as characte2_6_ from user user0_ inner join characters character1_ on user0_.character_id=character1_.character_id where user0_.user_id=?
Hibernate: select permission0_.character_id as characte6_12_0_, permission0_.permission_id as permissi1_12_0_, permission0_.permission_id as permissi1_12_1_, permission0_.character_id as characte6_12_1_, permission0_.permission_name as permissi2_12_1_, permission0_.permission_permission_unit_id as permissi3_12_1_, permission0_.permission_service as permissi4_12_1_, permission0_.permission_status as permissi5_12_1_ from permission permission0_ where permission0_.character_id=?
Hibernate: select count(*) as col_0_0_ from category category0_ where category0_.category_id=?
Hibernate: select count(board0_.board_id) as col_0_0_ from board board0_ where board0_.category_id=?
Hibernate: select category0_.category_id as category1_5_0_, category0_.category_name as category2_5_0_ from category category0_ where category0_.category_id=?
Hibernate: select boardlist0_.category_id as category7_4_0_, boardlist0_.board_id as board_id1_4_0_, boardlist0_.board_id as board_id1_4_1_, boardlist0_.category_id as category7_4_1_, boardlist0_.board_content as board_co2_4_1_, boardlist0_.board_created_at as board_cr3_4_1_, boardlist0_.board_last_modified_at as board_la4_4_1_, boardlist0_.board_title as board_ti5_4_1_, boardlist0_.user_id as user_id8_4_1_, boardlist0_.board_views as board_vi6_4_1_ from board boardlist0_ where boardlist0_.category_id=?
Hibernate: delete from category where category_id=?
Hibernate: select user0_.user_id as user_id1_21_0_, user0_.character_id as characte7_21_0_, user0_.user_created_at as user_cre2_21_0_, user0_.user_name as user_nam3_21_0_, user0_.user_phone_number as user_pho4_21_0_, user0_.user_user_id as user_use5_21_0_, user0_.user_user_password as user_use6_21_0_ from user user0_ where user0_.user_id=?
Hibernate: select character0_.character_id as characte1_6_0_, character0_.character_character_name as characte2_6_0_ from characters character0_ where character0_.character_id=?
Hibernate: select count(*) as col_0_0_ from user user0_ where user0_.user_id=?
Hibernate: select character1_.character_id as characte1_6_, character1_.character_character_name as characte2_6_ from user user0_ inner join characters character1_ on user0_.character_id=character1_.character_id where user0_.user_id=?
Hibernate: select permission0_.character_id as characte6_12_0_, permission0_.permission_id as permissi1_12_0_, permission0_.permission_id as permissi1_12_1_, permission0_.character_id as characte6_12_1_, permission0_.permission_name as permissi2_12_1_, permission0_.permission_permission_unit_id as permissi3_12_1_, permission0_.permission_service as permissi4_12_1_, permission0_.permission_status as permissi5_12_1_ from permission permission0_ where permission0_.character_id=?
Hibernate: select count(*) as col_0_0_ from category category0_ where category0_.category_id=?
Hibernate: select count(board0_.board_id) as col_0_0_ from board board0_ where board0_.category_id=?
Hibernate: select category0_.category_id as category1_5_0_, category0_.category_name as category2_5_0_ from category category0_ where category0_.category_id=?
Hibernate: select boardlist0_.category_id as category7_4_0_, boardlist0_.board_id as board_id1_4_0_, boardlist0_.board_id as board_id1_4_1_, boardlist0_.category_id as category7_4_1_, boardlist0_.board_content as board_co2_4_1_, boardlist0_.board_created_at as board_cr3_4_1_, boardlist0_.board_last_modified_at as board_la4_4_1_, boardlist0_.board_title as board_ti5_4_1_, boardlist0_.user_id as user_id8_4_1_, boardlist0_.board_views as board_vi6_4_1_ from board boardlist0_ where boardlist0_.category_id=?
Hibernate: delete from category where category_id=?
Hibernate: select user0_.user_id as user_id1_21_0_, user0_.character_id as characte7_21_0_, user0_.user_created_at as user_cre2_21_0_, user0_.user_name as user_nam3_21_0_, user0_.user_phone_number as user_pho4_21_0_, user0_.user_user_id as user_use5_21_0_, user0_.user_user_password as user_use6_21_0_ from user user0_ where user0_.user_id=?
Hibernate: select character0_.character_id as characte1_6_0_, character0_.character_character_name as characte2_6_0_ from characters character0_ where character0_.character_id=?
Hibernate: select count(*) as col_0_0_ from user user0_ where user0_.user_id=?
Hibernate: select character1_.character_id as characte1_6_, character1_.character_character_name as characte2_6_ from user user0_ inner join characters character1_ on user0_.character_id=character1_.character_id where user0_.user_id=?
Hibernate: select permission0_.character_id as characte6_12_0_, permission0_.permission_id as permissi1_12_0_, permission0_.permission_id as permissi1_12_1_, permission0_.character_id as characte6_12_1_, permission0_.permission_name as permissi2_12_1_, permission0_.permission_permission_unit_id as permissi3_12_1_, permission0_.permission_service as permissi4_12_1_, permission0_.permission_status as permissi5_12_1_ from permission permission0_ where permission0_.character_id=?
Hibernate: select category0_.category_id as col_0_0_ from category category0_ where category0_.category_name=? limit ?
Hibernate: select category0_.category_id as category1_5_1_, category0_.category_name as category2_5_1_, boardlist1_.category_id as category7_4_3_, boardlist1_.board_id as board_id1_4_3_, boardlist1_.board_id as board_id1_4_0_, boardlist1_.category_id as category7_4_0_, boardlist1_.board_content as board_co2_4_0_, boardlist1_.board_created_at as board_cr3_4_0_, boardlist1_.board_last_modified_at as board_la4_4_0_, boardlist1_.board_title as board_ti5_4_0_, boardlist1_.user_id as user_id8_4_0_, boardlist1_.board_views as board_vi6_4_0_ from category category0_ left outer join board boardlist1_ on category0_.category_id=boardlist1_.category_id where category0_.category_id=?
Hibernate: insert into category (category_id, category_name) values (default, ?)
Hibernate: select user0_.user_id as user_id1_21_0_, user0_.character_id as characte7_21_0_, user0_.user_created_at as user_cre2_21_0_, user0_.user_name as user_nam3_21_0_, user0_.user_phone_number as user_pho4_21_0_, user0_.user_user_id as user_use5_21_0_, user0_.user_user_password as user_use6_21_0_ from user user0_ where user0_.user_id=?
Hibernate: select character0_.character_id as characte1_6_0_, character0_.character_character_name as characte2_6_0_ from characters character0_ where character0_.character_id=?
Hibernate: select count(*) as col_0_0_ from user user0_ where user0_.user_id=?
Hibernate: select character1_.character_id as characte1_6_, character1_.character_character_name as characte2_6_ from user user0_ inner join characters character1_ on user0_.character_id=character1_.character_id where user0_.user_id=?
Hibernate: select permission0_.character_id as characte6_12_0_, permission0_.permission_id as permissi1_12_0_, permission0_.permission_id as permissi1_12_1_, permission0_.character_id as characte6_12_1_, permission0_.permission_name as permissi2_12_1_, permission0_.permission_permission_unit_id as permissi3_12_1_, permission0_.permission_service as permissi4_12_1_, permission0_.permission_status as permissi5_12_1_ from permission permission0_ where permission0_.character_id=?
Hibernate: select category0_.category_id as col_0_0_ from category category0_ where category0_.category_name=? limit ?
Hibernate: select category0_.category_id as category1_5_1_, category0_.category_name as category2_5_1_, boardlist1_.category_id as category7_4_3_, boardlist1_.board_id as board_id1_4_3_, boardlist1_.board_id as board_id1_4_0_, boardlist1_.category_id as category7_4_0_, boardlist1_.board_content as board_co2_4_0_, boardlist1_.board_created_at as board_cr3_4_0_, boardlist1_.board_last_modified_at as board_la4_4_0_, boardlist1_.board_title as board_ti5_4_0_, boardlist1_.user_id as user_id8_4_0_, boardlist1_.board_views as board_vi6_4_0_ from category category0_ left outer join board boardlist1_ on category0_.category_id=boardlist1_.category_id where category0_.category_id=?
Hibernate: insert into category (category_id, category_name) values (default, ?)
Hibernate: select user0_.user_id as col_0_0_ from user user0_ where user0_.user_user_id=? limit ?
Hibernate: select user0_.user_id as col_0_0_ from user user0_ where user0_.user_user_id=? limit ?
Hibernate: select U.* from USER U where U.USER_USER_ID =?
Hibernate: select character0_.character_id as characte1_6_0_, character0_.character_character_name as characte2_6_0_ from characters character0_ where character0_.character_id=?
Hibernate: select user0_.user_id as col_0_0_ from user user0_ where user0_.user_user_id=? limit ?
Hibernate: select user0_.user_id as col_0_0_ from user user0_ where user0_.user_user_id=? limit ?
Hibernate: select U.* from USER U where U.USER_USER_ID =?
Hibernate: select character0_.character_id as characte1_6_0_, character0_.character_character_name as characte2_6_0_ from characters character0_ where character0_.character_id=?
Hibernate: select user0_.user_id as user_id1_21_0_, user0_.character_id as characte7_21_0_, user0_.user_created_at as user_cre2_21_0_, user0_.user_name as user_nam3_21_0_, user0_.user_phone_number as user_pho4_21_0_, user0_.user_user_id as user_use5_21_0_, user0_.user_user_password as user_use6_21_0_ from user user0_ where user0_.user_id=?
Hibernate: select character0_.character_id as characte1_6_0_, character0_.character_character_name as characte2_6_0_ from characters character0_ where character0_.character_id=?
Hibernate: select count(*) as col_0_0_ from board board0_
Hibernate: select count(*) as col_0_0_ from board board0_
Hibernate: select user0_.user_id as col_0_0_ from user user0_ where user0_.user_user_id=? limit ?
Hibernate: select user0_.user_id as col_0_0_ from user user0_ where user0_.user_user_id=? limit ?
Hibernate: select U.* from USER U where U.USER_USER_ID =?
Hibernate: select character0_.character_id as characte1_6_0_, character0_.character_character_name as characte2_6_0_ from characters character0_ where character0_.character_id=?
Hibernate: select user0_.user_id as user_id1_21_0_, user0_.character_id as characte7_21_0_, user0_.user_created_at as user_cre2_21_0_, user0_.user_name as user_nam3_21_0_, user0_.user_phone_number as user_pho4_21_0_, user0_.user_user_id as user_use5_21_0_, user0_.user_user_password as user_use6_21_0_ from user user0_ where user0_.user_id=?
Hibernate: select character0_.character_id as characte1_6_0_, character0_.character_character_name as characte2_6_0_ from characters character0_ where character0_.character_id=?
Hibernate: select category0_.category_id as category1_5_, category0_.category_name as category2_5_ from category category0_
Hibernate: select boardlist0_.category_id as category7_4_0_, boardlist0_.board_id as board_id1_4_0_, boardlist0_.board_id as board_id1_4_1_, boardlist0_.category_id as category7_4_1_, boardlist0_.board_content as board_co2_4_1_, boardlist0_.board_created_at as board_cr3_4_1_, boardlist0_.board_last_modified_at as board_la4_4_1_, boardlist0_.board_title as board_ti5_4_1_, boardlist0_.user_id as user_id8_4_1_, boardlist0_.board_views as board_vi6_4_1_ from board boardlist0_ where boardlist0_.category_id=?
Hibernate: select boardlist0_.category_id as category7_4_0_, boardlist0_.board_id as board_id1_4_0_, boardlist0_.board_id as board_id1_4_1_, boardlist0_.category_id as category7_4_1_, boardlist0_.board_content as board_co2_4_1_, boardlist0_.board_created_at as board_cr3_4_1_, boardlist0_.board_last_modified_at as board_la4_4_1_, boardlist0_.board_title as board_ti5_4_1_, boardlist0_.user_id as user_id8_4_1_, boardlist0_.board_views as board_vi6_4_1_ from board boardlist0_ where boardlist0_.category_id=?
Hibernate: select user0_.user_id as user_id1_21_0_, user0_.character_id as characte7_21_0_, user0_.user_created_at as user_cre2_21_0_, user0_.user_name as user_nam3_21_0_, user0_.user_phone_number as user_pho4_21_0_, user0_.user_user_id as user_use5_21_0_, user0_.user_user_password as user_use6_21_0_ from user user0_ where user0_.user_id=?
Hibernate: select character0_.character_id as characte1_6_0_, character0_.character_character_name as characte2_6_0_ from characters character0_ where character0_.character_id=?
Hibernate: select count(*) as col_0_0_ from user user0_ where user0_.user_id=?
Hibernate: select character1_.character_id as characte1_6_, character1_.character_character_name as characte2_6_ from user user0_ inner join characters character1_ on user0_.character_id=character1_.character_id where user0_.user_id=?
Hibernate: select permission0_.character_id as characte6_12_0_, permission0_.permission_id as permissi1_12_0_, permission0_.permission_id as permissi1_12_1_, permission0_.character_id as characte6_12_1_, permission0_.permission_name as permissi2_12_1_, permission0_.permission_permission_unit_id as permissi3_12_1_, permission0_.permission_service as permissi4_12_1_, permission0_.permission_status as permissi5_12_1_ from permission permission0_ where permission0_.character_id=?
Hibernate: select count(*) as col_0_0_ from category category0_ where category0_.category_id=?
Hibernate: select count(board0_.board_id) as col_0_0_ from board board0_ where board0_.category_id=?
Hibernate: select category0_.category_id as category1_5_0_, category0_.category_name as category2_5_0_ from category category0_ where category0_.category_id=?
Hibernate: select boardlist0_.category_id as category7_4_0_, boardlist0_.board_id as board_id1_4_0_, boardlist0_.board_id as board_id1_4_1_, boardlist0_.category_id as category7_4_1_, boardlist0_.board_content as board_co2_4_1_, boardlist0_.board_created_at as board_cr3_4_1_, boardlist0_.board_last_modified_at as board_la4_4_1_, boardlist0_.board_title as board_ti5_4_1_, boardlist0_.user_id as user_id8_4_1_, boardlist0_.board_views as board_vi6_4_1_ from board boardlist0_ where boardlist0_.category_id=?
Hibernate: delete from category where category_id=?
Hibernate: select user0_.user_id as user_id1_21_0_, user0_.character_id as characte7_21_0_, user0_.user_created_at as user_cre2_21_0_, user0_.user_name as user_nam3_21_0_, user0_.user_phone_number as user_pho4_21_0_, user0_.user_user_id as user_use5_21_0_, user0_.user_user_password as user_use6_21_0_ from user user0_ where user0_.user_id=?
Hibernate: select character0_.character_id as characte1_6_0_, character0_.character_character_name as characte2_6_0_ from characters character0_ where character0_.character_id=?
Hibernate: select count(*) as col_0_0_ from user user0_ where user0_.user_id=?
Hibernate: select character1_.character_id as characte1_6_, character1_.character_character_name as characte2_6_ from user user0_ inner join characters character1_ on user0_.character_id=character1_.character_id where user0_.user_id=?
Hibernate: select permission0_.character_id as characte6_12_0_, permission0_.permission_id as permissi1_12_0_, permission0_.permission_id as permissi1_12_1_, permission0_.character_id as characte6_12_1_, permission0_.permission_name as permissi2_12_1_, permission0_.permission_permission_unit_id as permissi3_12_1_, permission0_.permission_service as permissi4_12_1_, permission0_.permission_status as permissi5_12_1_ from permission permission0_ where permission0_.character_id=?
Hibernate: select count(*) as col_0_0_ from category category0_ where category0_.category_id=?
Hibernate: select count(board0_.board_id) as col_0_0_ from board board0_ where board0_.category_id=?
Hibernate: select category0_.category_id as category1_5_0_, category0_.category_name as category2_5_0_ from category category0_ where category0_.category_id=?
Hibernate: select boardlist0_.category_id as category7_4_0_, boardlist0_.board_id as board_id1_4_0_, boardlist0_.board_id as board_id1_4_1_, boardlist0_.category_id as category7_4_1_, boardlist0_.board_content as board_co2_4_1_, boardlist0_.board_created_at as board_cr3_4_1_, boardlist0_.board_last_modified_at as board_la4_4_1_, boardlist0_.board_title as board_ti5_4_1_, boardlist0_.user_id as user_id8_4_1_, boardlist0_.board_views as board_vi6_4_1_ from board boardlist0_ where boardlist0_.category_id=?
Hibernate: delete from category where category_id=?
Hibernate: select user0_.user_id as user_id1_21_0_, user0_.character_id as characte7_21_0_, user0_.user_created_at as user_cre2_21_0_, user0_.user_name as user_nam3_21_0_, user0_.user_phone_number as user_pho4_21_0_, user0_.user_user_id as user_use5_21_0_, user0_.user_user_password as user_use6_21_0_ from user user0_ where user0_.user_id=?
Hibernate: select character0_.character_id as characte1_6_0_, character0_.character_character_name as characte2_6_0_ from characters character0_ where character0_.character_id=?
Hibernate: select count(*) as col_0_0_ from user user0_ where user0_.user_id=?
Hibernate: select character1_.character_id as characte1_6_, character1_.character_character_name as characte2_6_ from user user0_ inner join characters character1_ on user0_.character_id=character1_.character_id where user0_.user_id=?
Hibernate: select permission0_.character_id as characte6_12_0_, permission0_.permission_id as permissi1_12_0_, permission0_.permission_id as permissi1_12_1_, permission0_.character_id as characte6_12_1_, permission0_.permission_name as permissi2_12_1_, permission0_.permission_permission_unit_id as permissi3_12_1_, permission0_.permission_service as permissi4_12_1_, permission0_.permission_status as permissi5_12_1_ from permission permission0_ where permission0_.character_id=?
Hibernate: select category0_.category_id as col_0_0_ from category category0_ where category0_.category_name=? limit ?
Hibernate: select category0_.category_id as category1_5_1_, category0_.category_name as category2_5_1_, boardlist1_.category_id as category7_4_3_, boardlist1_.board_id as board_id1_4_3_, boardlist1_.board_id as board_id1_4_0_, boardlist1_.category_id as category7_4_0_, boardlist1_.board_content as board_co2_4_0_, boardlist1_.board_created_at as board_cr3_4_0_, boardlist1_.board_last_modified_at as board_la4_4_0_, boardlist1_.board_title as board_ti5_4_0_, boardlist1_.user_id as user_id8_4_0_, boardlist1_.board_views as board_vi6_4_0_ from category category0_ left outer join board boardlist1_ on category0_.category_id=boardlist1_.category_id where category0_.category_id=?
Hibernate: insert into category (category_id, category_name) values (default, ?)
Hibernate: select user0_.user_id as user_id1_21_0_, user0_.character_id as characte7_21_0_, user0_.user_created_at as user_cre2_21_0_, user0_.user_name as user_nam3_21_0_, user0_.user_phone_number as user_pho4_21_0_, user0_.user_user_id as user_use5_21_0_, user0_.user_user_password as user_use6_21_0_ from user user0_ where user0_.user_id=?
Hibernate: select character0_.character_id as characte1_6_0_, character0_.character_character_name as characte2_6_0_ from characters character0_ where character0_.character_id=?
Hibernate: select count(*) as col_0_0_ from user user0_ where user0_.user_id=?
Hibernate: select character1_.character_id as characte1_6_, character1_.character_character_name as characte2_6_ from user user0_ inner join characters character1_ on user0_.character_id=character1_.character_id where user0_.user_id=?
Hibernate: select permission0_.character_id as characte6_12_0_, permission0_.permission_id as permissi1_12_0_, permission0_.permission_id as permissi1_12_1_, permission0_.character_id as characte6_12_1_, permission0_.permission_name as permissi2_12_1_, permission0_.permission_permission_unit_id as permissi3_12_1_, permission0_.permission_service as permissi4_12_1_, permission0_.permission_status as permissi5_12_1_ from permission permission0_ where permission0_.character_id=?
Hibernate: select category0_.category_id as col_0_0_ from category category0_ where category0_.category_name=? limit ?
Hibernate: select category0_.category_id as category1_5_1_, category0_.category_name as category2_5_1_, boardlist1_.category_id as category7_4_3_, boardlist1_.board_id as board_id1_4_3_, boardlist1_.board_id as board_id1_4_0_, boardlist1_.category_id as category7_4_0_, boardlist1_.board_content as board_co2_4_0_, boardlist1_.board_created_at as board_cr3_4_0_, boardlist1_.board_last_modified_at as board_la4_4_0_, boardlist1_.board_title as board_ti5_4_0_, boardlist1_.user_id as user_id8_4_0_, boardlist1_.board_views as board_vi6_4_0_ from category category0_ left outer join board boardlist1_ on category0_.category_id=boardlist1_.category_id where category0_.category_id=?
Hibernate: insert into category (category_id, category_name) values (default, ?)
Hibernate: select user0_.user_id as col_0_0_ from user user0_ where user0_.user_user_id=? limit ?
Hibernate: select user0_.user_id as col_0_0_ from user user0_ where user0_.user_user_id=? limit ?
Hibernate: select U.* from USER U where U.USER_USER_ID =?
Hibernate: select character0_.character_id as characte1_6_0_, character0_.character_character_name as characte2_6_0_ from characters character0_ where character0_.character_id=?
Hibernate: select user0_.user_id as col_0_0_ from user user0_ where user0_.user_user_id=? limit ?
Hibernate: select user0_.user_id as col_0_0_ from user user0_ where user0_.user_user_id=? limit ?
Hibernate: select U.* from USER U where U.USER_USER_ID =?
Hibernate: select character0_.character_id as characte1_6_0_, character0_.character_character_name as characte2_6_0_ from characters character0_ where character0_.character_id=?
Hibernate: select user0_.user_id as user_id1_21_0_, user0_.character_id as characte7_21_0_, user0_.user_created_at as user_cre2_21_0_, user0_.user_name as user_nam3_21_0_, user0_.user_phone_number as user_pho4_21_0_, user0_.user_user_id as user_use5_21_0_, user0_.user_user_password as user_use6_21_0_ from user user0_ where user0_.user_id=?
Hibernate: select character0_.character_id as characte1_6_0_, character0_.character_character_name as characte2_6_0_ from characters character0_ where character0_.character_id=?
Hibernate: select count(*) as col_0_0_ from user user0_ where user0_.user_id=?
Hibernate: select character1_.character_id as characte1_6_, character1_.character_character_name as characte2_6_ from user user0_ inner join characters character1_ on user0_.character_id=character1_.character_id where user0_.user_id=?
Hibernate: select permission0_.character_id as characte6_12_0_, permission0_.permission_id as permissi1_12_0_, permission0_.permission_id as permissi1_12_1_, permission0_.character_id as characte6_12_1_, permission0_.permission_name as permissi2_12_1_, permission0_.permission_permission_unit_id as permissi3_12_1_, permission0_.permission_service as permissi4_12_1_, permission0_.permission_status as permissi5_12_1_ from permission permission0_ where permission0_.character_id=?
Hibernate: select category0_.category_id as col_0_0_ from category category0_ where category0_.category_name=? limit ?
Hibernate: select category0_.category_id as category1_5_1_, category0_.category_name as category2_5_1_, boardlist1_.category_id as category7_4_3_, boardlist1_.board_id as board_id1_4_3_, boardlist1_.board_id as board_id1_4_0_, boardlist1_.category_id as category7_4_0_, boardlist1_.board_content as board_co2_4_0_, boardlist1_.board_created_at as board_cr3_4_0_, boardlist1_.board_last_modified_at as board_la4_4_0_, boardlist1_.board_title as board_ti5_4_0_, boardlist1_.user_id as user_id8_4_0_, boardlist1_.board_views as board_vi6_4_0_ from category category0_ left outer join board boardlist1_ on category0_.category_id=boardlist1_.category_id where category0_.category_id=?
Hibernate: insert into category (category_id, category_name) values (default, ?)
Hibernate: select user0_.user_id as user_id1_21_0_, user0_.character_id as characte7_21_0_, user0_.user_created_at as user_cre2_21_0_, user0_.user_name as user_nam3_21_0_, user0_.user_phone_number as user_pho4_21_0_, user0_.user_user_id as user_use5_21_0_, user0_.user_user_password as user_use6_21_0_ from user user0_ where user0_.user_id=?
Hibernate: select character0_.character_id as characte1_6_0_, character0_.character_character_name as characte2_6_0_ from characters character0_ where character0_.character_id=?
Hibernate: select category0_.category_id as category1_5_, category0_.category_name as category2_5_ from category category0_
Hibernate: select boardlist0_.category_id as category7_4_0_, boardlist0_.board_id as board_id1_4_0_, boardlist0_.board_id as board_id1_4_1_, boardlist0_.category_id as category7_4_1_, boardlist0_.board_content as board_co2_4_1_, boardlist0_.board_created_at as board_cr3_4_1_, boardlist0_.board_last_modified_at as board_la4_4_1_, boardlist0_.board_title as board_ti5_4_1_, boardlist0_.user_id as user_id8_4_1_, boardlist0_.board_views as board_vi6_4_1_ from board boardlist0_ where boardlist0_.category_id=?
Hibernate: select boardlist0_.category_id as category7_4_0_, boardlist0_.board_id as board_id1_4_0_, boardlist0_.board_id as board_id1_4_1_, boardlist0_.category_id as category7_4_1_, boardlist0_.board_content as board_co2_4_1_, boardlist0_.board_created_at as board_cr3_4_1_, boardlist0_.board_last_modified_at as board_la4_4_1_, boardlist0_.board_title as board_ti5_4_1_, boardlist0_.user_id as user_id8_4_1_, boardlist0_.board_views as board_vi6_4_1_ from board boardlist0_ where boardlist0_.category_id=?
Hibernate: select boardlist0_.category_id as category7_4_0_, boardlist0_.board_id as board_id1_4_0_, boardlist0_.board_id as board_id1_4_1_, boardlist0_.category_id as category7_4_1_, boardlist0_.board_content as board_co2_4_1_, boardlist0_.board_created_at as board_cr3_4_1_, boardlist0_.board_last_modified_at as board_la4_4_1_, boardlist0_.board_title as board_ti5_4_1_, boardlist0_.user_id as user_id8_4_1_, boardlist0_.board_views as board_vi6_4_1_ from board boardlist0_ where boardlist0_.category_id=?
Hibernate: select user0_.user_id as col_0_0_ from user user0_ where user0_.user_user_id=? limit ?
Hibernate: select user0_.user_id as col_0_0_ from user user0_ where user0_.user_user_id=? limit ?
Hibernate: select U.* from USER U where U.USER_USER_ID =?
Hibernate: select character0_.character_id as characte1_6_0_, character0_.character_character_name as characte2_6_0_ from characters character0_ where character0_.character_id=?
Hibernate: select user0_.user_id as col_0_0_ from user user0_ where user0_.user_user_id=? limit ?
Hibernate: select userjoinin0_.user_joining_pool_id as col_0_0_ from user_joining_pool userjoinin0_ where userjoinin0_.user_user_id=? limit ?
Hibernate: select character0_.character_id as col_0_0_ from characters character0_ where character0_.character_character_name=? limit ?
Hibernate: insert into user_joining_pool (user_joining_pool_id, user_created_at, user_name, user_phone_number, user_user_id, user_user_password) values (default, ?, ?, ?, ?, ?)
Hibernate: select user0_.user_id as user_id1_21_0_, user0_.character_id as characte7_21_0_, user0_.user_created_at as user_cre2_21_0_, user0_.user_name as user_nam3_21_0_, user0_.user_phone_number as user_pho4_21_0_, user0_.user_user_id as user_use5_21_0_, user0_.user_user_password as user_use6_21_0_ from user user0_ where user0_.user_id=?
Hibernate: select character0_.character_id as characte1_6_0_, character0_.character_character_name as characte2_6_0_ from characters character0_ where character0_.character_id=?
Hibernate: select count(*) as col_0_0_ from user user0_ where user0_.user_id=?
Hibernate: select character1_.character_id as characte1_6_, character1_.character_character_name as characte2_6_ from user user0_ inner join characters character1_ on user0_.character_id=character1_.character_id where user0_.user_id=?
Hibernate: select permission0_.character_id as characte6_12_0_, permission0_.permission_id as permissi1_12_0_, permission0_.permission_id as permissi1_12_1_, permission0_.character_id as characte6_12_1_, permission0_.permission_name as permissi2_12_1_, permission0_.permission_permission_unit_id as permissi3_12_1_, permission0_.permission_service as permissi4_12_1_, permission0_.permission_status as permissi5_12_1_ from permission permission0_ where permission0_.character_id=?
Hibernate: select userjoinin0_.user_joining_pool_id as col_0_0_ from user_joining_pool userjoinin0_ where userjoinin0_.user_user_id=? limit ?
Hibernate: select userjoinin0_.user_joining_pool_id as user_joi1_22_, userjoinin0_.user_created_at as user_cre2_22_, userjoinin0_.user_name as user_nam3_22_, userjoinin0_.user_phone_number as user_pho4_22_, userjoinin0_.user_user_id as user_use5_22_, userjoinin0_.user_user_password as user_use6_22_ from user_joining_pool userjoinin0_ where userjoinin0_.user_user_id=?
Hibernate: select character0_.character_id as characte1_6_, character0_.character_character_name as characte2_6_ from characters character0_ where character0_.character_character_name=?
Hibernate: insert into user (user_id, character_id, user_created_at, user_name, user_phone_number, user_user_id, user_user_password) values (default, ?, ?, ?, ?, ?, ?)
Hibernate: DELETE FROM USER_JOINING_POOL as JU where JU.USER_USER_ID =?
Hibernate: select user0_.user_id as col_0_0_ from user user0_ where user0_.user_user_id=? limit ?
Hibernate: select user0_.user_id as col_0_0_ from user user0_ where user0_.user_user_id=? limit ?
Hibernate: select U.* from USER U where U.USER_USER_ID =?
Hibernate: select character0_.character_id as characte1_6_0_, character0_.character_character_name as characte2_6_0_ from characters character0_ where character0_.character_id=?
Hibernate: select user0_.user_id as user_id1_21_0_, user0_.character_id as characte7_21_0_, user0_.user_created_at as user_cre2_21_0_, user0_.user_name as user_nam3_21_0_, user0_.user_phone_number as user_pho4_21_0_, user0_.user_user_id as user_use5_21_0_, user0_.user_user_password as user_use6_21_0_ from user user0_ where user0_.user_id=?
Hibernate: select character0_.character_id as characte1_6_0_, character0_.character_character_name as characte2_6_0_ from characters character0_ where character0_.character_id=?
Hibernate: select count(*) as col_0_0_ from user user0_ where user0_.user_id=?
Hibernate: select character1_.character_id as characte1_6_, character1_.character_character_name as characte2_6_ from user user0_ inner join characters character1_ on user0_.character_id=character1_.character_id where user0_.user_id=?
Hibernate: select permission0_.character_id as characte6_12_0_, permission0_.permission_id as permissi1_12_0_, permission0_.permission_id as permissi1_12_1_, permission0_.character_id as characte6_12_1_, permission0_.permission_name as permissi2_12_1_, permission0_.permission_permission_unit_id as permissi3_12_1_, permission0_.permission_service as permissi4_12_1_, permission0_.permission_status as permissi5_12_1_ from permission permission0_ where permission0_.character_id=?
Hibernate: select count(*) as col_0_0_ from category category0_ where category0_.category_id=?
Hibernate: select category0_.category_id as category1_5_0_, category0_.category_name as category2_5_0_ from category category0_ where category0_.category_id=?
Hibernate: insert into board (board_id, category_id, board_content, board_created_at, board_last_modified_at, board_title, user_id, board_views) values (default, ?, ?, ?, ?, ?, ?, ?)
Hibernate: insert into reaction (reaction_id, board_id, reaction_type) values (default, ?, ?)
Hibernate: insert into reaction (reaction_id, board_id, reaction_type) values (default, ?, ?)
Hibernate: insert into reaction (reaction_id, board_id, reaction_type) values (default, ?, ?)
Hibernate: insert into reaction (reaction_id, board_id, reaction_type) values (default, ?, ?)
Hibernate: insert into reaction (reaction_id, board_id, reaction_type) values (default, ?, ?)
Hibernate: insert into reaction (reaction_id, board_id, reaction_type) values (default, ?, ?)
Hibernate: select user0_.user_id as user_id1_21_0_, user0_.character_id as characte7_21_0_, user0_.user_created_at as user_cre2_21_0_, user0_.user_name as user_nam3_21_0_, user0_.user_phone_number as user_pho4_21_0_, user0_.user_user_id as user_use5_21_0_, user0_.user_user_password as user_use6_21_0_ from user user0_ where user0_.user_id=?
Hibernate: select character0_.character_id as characte1_6_0_, character0_.character_character_name as characte2_6_0_ from characters character0_ where character0_.character_id=?
Hibernate: select count(*) as col_0_0_ from user user0_ where user0_.user_id=?
Hibernate: select character1_.character_id as characte1_6_, character1_.character_character_name as characte2_6_ from user user0_ inner join characters character1_ on user0_.character_id=character1_.character_id where user0_.user_id=?
Hibernate: select permission0_.character_id as characte6_12_0_, permission0_.permission_id as permissi1_12_0_, permission0_.permission_id as permissi1_12_1_, permission0_.character_id as characte6_12_1_, permission0_.permission_name as permissi2_12_1_, permission0_.permission_permission_unit_id as permissi3_12_1_, permission0_.permission_service as permissi4_12_1_, permission0_.permission_status as permissi5_12_1_ from permission permission0_ where permission0_.character_id=?
Hibernate: select count(*) as col_0_0_ from board board0_ where board0_.board_id=?
Hibernate: select user0_.user_id as col_0_0_ from user user0_ where user0_.user_user_id=? limit ?
Hibernate: select user0_.user_id as col_0_0_ from user user0_ where user0_.user_user_id=? limit ?
Hibernate: select U.* from USER U where U.USER_USER_ID =?
Hibernate: select character0_.character_id as characte1_6_0_, character0_.character_character_name as characte2_6_0_ from characters character0_ where character0_.character_id=?
Hibernate: select user0_.user_id as user_id1_21_0_, user0_.character_id as characte7_21_0_, user0_.user_created_at as user_cre2_21_0_, user0_.user_name as user_nam3_21_0_, user0_.user_phone_number as user_pho4_21_0_, user0_.user_user_id as user_use5_21_0_, user0_.user_user_password as user_use6_21_0_ from user user0_ where user0_.user_id=?
Hibernate: select character0_.character_id as characte1_6_0_, character0_.character_character_name as characte2_6_0_ from characters character0_ where character0_.character_id=?
Hibernate: select count(*) as col_0_0_ from board board0_
Hibernate: select board0_.board_id as board_id1_4_, board0_.category_id as category7_4_, board0_.board_content as board_co2_4_, board0_.board_created_at as board_cr3_4_, board0_.board_last_modified_at as board_la4_4_, board0_.board_title as board_ti5_4_, board0_.user_id as user_id8_4_, board0_.board_views as board_vi6_4_ from board board0_ limit ?
Hibernate: select category0_.category_id as category1_5_0_, category0_.category_name as category2_5_0_ from category category0_ where category0_.category_id=?
Hibernate: select reactionli0_.board_id as board_id3_13_0_, reactionli0_.reaction_id as reaction1_13_0_, reactionli0_.reaction_id as reaction1_13_1_, reactionli0_.board_id as board_id3_13_1_, reactionli0_.reaction_type as reaction2_13_1_ from reaction reactionli0_ where reactionli0_.board_id=?
Hibernate: select reactionus0_.reaction_id as reaction2_14_0_, reactionus0_.reaction_user_id as reaction1_14_0_, reactionus0_.reaction_user_id as reaction1_14_1_, reactionus0_.reaction_id as reaction2_14_1_, reactionus0_.user_id as user_id3_14_1_ from reaction_user reactionus0_ where reactionus0_.reaction_id=?
Hibernate: select reactionus0_.reaction_id as reaction2_14_0_, reactionus0_.reaction_user_id as reaction1_14_0_, reactionus0_.reaction_user_id as reaction1_14_1_, reactionus0_.reaction_id as reaction2_14_1_, reactionus0_.user_id as user_id3_14_1_ from reaction_user reactionus0_ where reactionus0_.reaction_id=?
Hibernate: select reactionus0_.reaction_id as reaction2_14_0_, reactionus0_.reaction_user_id as reaction1_14_0_, reactionus0_.reaction_user_id as reaction1_14_1_, reactionus0_.reaction_id as reaction2_14_1_, reactionus0_.user_id as user_id3_14_1_ from reaction_user reactionus0_ where reactionus0_.reaction_id=?
Hibernate: select reactionus0_.reaction_id as reaction2_14_0_, reactionus0_.reaction_user_id as reaction1_14_0_, reactionus0_.reaction_user_id as reaction1_14_1_, reactionus0_.reaction_id as reaction2_14_1_, reactionus0_.user_id as user_id3_14_1_ from reaction_user reactionus0_ where reactionus0_.reaction_id=?
Hibernate: select reactionus0_.reaction_id as reaction2_14_0_, reactionus0_.reaction_user_id as reaction1_14_0_, reactionus0_.reaction_user_id as reaction1_14_1_, reactionus0_.reaction_id as reaction2_14_1_, reactionus0_.user_id as user_id3_14_1_ from reaction_user reactionus0_ where reactionus0_.reaction_id=?
Hibernate: select reactionus0_.reaction_id as reaction2_14_0_, reactionus0_.reaction_user_id as reaction1_14_0_, reactionus0_.reaction_user_id as reaction1_14_1_, reactionus0_.reaction_id as reaction2_14_1_, reactionus0_.user_id as user_id3_14_1_ from reaction_user reactionus0_ where reactionus0_.reaction_id=?
Hibernate: select commentlis0_.board_id as board_id5_7_0_, commentlis0_.comment_id as comment_1_7_0_, commentlis0_.comment_id as comment_1_7_1_, commentlis0_.board_id as board_id5_7_1_, commentlis0_.comment_content as comment_2_7_1_, commentlis0_.comment_created_at as comment_3_7_1_, commentlis0_.comment_last_modified_at as comment_4_7_1_, commentlis0_.user_id as user_id6_7_1_ from comment commentlis0_ where commentlis0_.board_id=?
Hibernate: select boardlist0_.category_id as category7_4_0_, boardlist0_.board_id as board_id1_4_0_, boardlist0_.board_id as board_id1_4_1_, boardlist0_.category_id as category7_4_1_, boardlist0_.board_content as board_co2_4_1_, boardlist0_.board_created_at as board_cr3_4_1_, boardlist0_.board_last_modified_at as board_la4_4_1_, boardlist0_.board_title as board_ti5_4_1_, boardlist0_.user_id as user_id8_4_1_, boardlist0_.board_views as board_vi6_4_1_ from board boardlist0_ where boardlist0_.category_id=?
Hibernate: select count(comment0_.comment_id) as col_0_0_ from comment comment0_ where comment0_.board_id=?
Hibernate: select count(*) as col_0_0_ from board board0_
Hibernate: select imagepathl0_.board_board_id as board_bo1_11_0_, imagepathl0_.board_image_path_list as board_im2_11_0_ from image_path_list imagepathl0_ where imagepathl0_.board_board_id=?
Hibernate: select filepathli0_.board_board_id as board_bo1_8_0_, filepathli0_.board_file_path_list as board_fi2_8_0_ from file_path_list filepathli0_ where filepathli0_.board_board_id=?
Hibernate: select U.* from USER U join BOARD B where U.USER_ID = B.USER_ID and B.BOARD_ID = ?
Hibernate: select character0_.character_id as characte1_6_0_, character0_.character_character_name as characte2_6_0_ from characters character0_ where character0_.character_id=?
Hibernate: select count(*) as col_0_0_ from user user0_ where user0_.user_id=?
Hibernate: select character1_.character_id as characte1_6_, character1_.character_character_name as characte2_6_ from user user0_ inner join characters character1_ on user0_.character_id=character1_.character_id where user0_.user_id=?
Hibernate: select permission0_.character_id as characte6_12_0_, permission0_.permission_id as permissi1_12_0_, permission0_.permission_id as permissi1_12_1_, permission0_.character_id as characte6_12_1_, permission0_.permission_name as permissi2_12_1_, permission0_.permission_permission_unit_id as permissi3_12_1_, permission0_.permission_service as permissi4_12_1_, permission0_.permission_status as permissi5_12_1_ from permission permission0_ where permission0_.character_id=?
Hibernate: select count(*) as col_0_0_ from board board0_ where board0_.board_id=?
Hibernate: select board0_.board_id as board_id1_4_0_, board0_.category_id as category7_4_0_, board0_.board_content as board_co2_4_0_, board0_.board_created_at as board_cr3_4_0_, board0_.board_last_modified_at as board_la4_4_0_, board0_.board_title as board_ti5_4_0_, board0_.user_id as user_id8_4_0_, board0_.board_views as board_vi6_4_0_ from board board0_ where board0_.board_id=?
Hibernate: select category0_.category_id as category1_5_0_, category0_.category_name as category2_5_0_ from category category0_ where category0_.category_id=?
Hibernate: select reactionli0_.board_id as board_id3_13_0_, reactionli0_.reaction_id as reaction1_13_0_, reactionli0_.reaction_id as reaction1_13_1_, reactionli0_.board_id as board_id3_13_1_, reactionli0_.reaction_type as reaction2_13_1_ from reaction reactionli0_ where reactionli0_.board_id=?
Hibernate: select reactionus0_.reaction_id as reaction2_14_0_, reactionus0_.reaction_user_id as reaction1_14_0_, reactionus0_.reaction_user_id as reaction1_14_1_, reactionus0_.reaction_id as reaction2_14_1_, reactionus0_.user_id as user_id3_14_1_ from reaction_user reactionus0_ where reactionus0_.reaction_id=?
Hibernate: select reactionus0_.reaction_id as reaction2_14_0_, reactionus0_.reaction_user_id as reaction1_14_0_, reactionus0_.reaction_user_id as reaction1_14_1_, reactionus0_.reaction_id as reaction2_14_1_, reactionus0_.user_id as user_id3_14_1_ from reaction_user reactionus0_ where reactionus0_.reaction_id=?
Hibernate: select reactionus0_.reaction_id as reaction2_14_0_, reactionus0_.reaction_user_id as reaction1_14_0_, reactionus0_.reaction_user_id as reaction1_14_1_, reactionus0_.reaction_id as reaction2_14_1_, reactionus0_.user_id as user_id3_14_1_ from reaction_user reactionus0_ where reactionus0_.reaction_id=?
Hibernate: select reactionus0_.reaction_id as reaction2_14_0_, reactionus0_.reaction_user_id as reaction1_14_0_, reactionus0_.reaction_user_id as reaction1_14_1_, reactionus0_.reaction_id as reaction2_14_1_, reactionus0_.user_id as user_id3_14_1_ from reaction_user reactionus0_ where reactionus0_.reaction_id=?
Hibernate: select reactionus0_.reaction_id as reaction2_14_0_, reactionus0_.reaction_user_id as reaction1_14_0_, reactionus0_.reaction_user_id as reaction1_14_1_, reactionus0_.reaction_id as reaction2_14_1_, reactionus0_.user_id as user_id3_14_1_ from reaction_user reactionus0_ where reactionus0_.reaction_id=?
Hibernate: select reactionus0_.reaction_id as reaction2_14_0_, reactionus0_.reaction_user_id as reaction1_14_0_, reactionus0_.reaction_user_id as reaction1_14_1_, reactionus0_.reaction_id as reaction2_14_1_, reactionus0_.user_id as user_id3_14_1_ from reaction_user reactionus0_ where reactionus0_.reaction_id=?
Hibernate: select commentlis0_.board_id as board_id5_7_0_, commentlis0_.comment_id as comment_1_7_0_, commentlis0_.comment_id as comment_1_7_1_, commentlis0_.board_id as board_id5_7_1_, commentlis0_.comment_content as comment_2_7_1_, commentlis0_.comment_created_at as comment_3_7_1_, commentlis0_.comment_last_modified_at as comment_4_7_1_, commentlis0_.user_id as user_id6_7_1_ from comment commentlis0_ where commentlis0_.board_id=?
Hibernate: select boardlist0_.category_id as category7_4_0_, boardlist0_.board_id as board_id1_4_0_, boardlist0_.board_id as board_id1_4_1_, boardlist0_.category_id as category7_4_1_, boardlist0_.board_content as board_co2_4_1_, boardlist0_.board_created_at as board_cr3_4_1_, boardlist0_.board_last_modified_at as board_la4_4_1_, boardlist0_.board_title as board_ti5_4_1_, boardlist0_.user_id as user_id8_4_1_, boardlist0_.board_views as board_vi6_4_1_ from board boardlist0_ where boardlist0_.category_id=?
Hibernate: select count(comment0_.comment_id) as col_0_0_ from comment comment0_ where comment0_.board_id=?
Hibernate: update board set category_id=?, board_content=?, board_created_at=?, board_last_modified_at=?, board_title=?, user_id=?, board_views=? where board_id=?
Hibernate: select filepathli0_.board_board_id as board_bo1_8_0_, filepathli0_.board_file_path_list as board_fi2_8_0_ from file_path_list filepathli0_ where filepathli0_.board_board_id=?
Hibernate: select imagepathl0_.board_board_id as board_bo1_11_0_, imagepathl0_.board_image_path_list as board_im2_11_0_ from image_path_list imagepathl0_ where imagepathl0_.board_board_id=?
Hibernate: select count(*) as col_0_0_ from board board0_ where board0_.board_id=?
Hibernate: delete from reaction where reaction_id=?
Hibernate: delete from reaction where reaction_id=?
Hibernate: delete from reaction where reaction_id=?
Hibernate: delete from reaction where reaction_id=?
Hibernate: delete from reaction where reaction_id=?
Hibernate: delete from reaction where reaction_id=?
Hibernate: delete from board where board_id=?
Hibernate: select user0_.user_id as user_id1_21_0_, user0_.character_id as characte7_21_0_, user0_.user_created_at as user_cre2_21_0_, user0_.user_name as user_nam3_21_0_, user0_.user_phone_number as user_pho4_21_0_, user0_.user_user_id as user_use5_21_0_, user0_.user_user_password as user_use6_21_0_ from user user0_ where user0_.user_id=?
Hibernate: select character0_.character_id as characte1_6_0_, character0_.character_character_name as characte2_6_0_ from characters character0_ where character0_.character_id=?
Hibernate: select count(*) as col_0_0_ from user user0_ where user0_.user_id=?
Hibernate: select character1_.character_id as characte1_6_, character1_.character_character_name as characte2_6_ from user user0_ inner join characters character1_ on user0_.character_id=character1_.character_id where user0_.user_id=?
Hibernate: select permission0_.character_id as characte6_12_0_, permission0_.permission_id as permissi1_12_0_, permission0_.permission_id as permissi1_12_1_, permission0_.character_id as characte6_12_1_, permission0_.permission_name as permissi2_12_1_, permission0_.permission_permission_unit_id as permissi3_12_1_, permission0_.permission_service as permissi4_12_1_, permission0_.permission_status as permissi5_12_1_ from permission permission0_ where permission0_.character_id=?
Hibernate: select count(*) as col_0_0_ from board board0_ where board0_.board_id=?
Hibernate: select user0_.user_id as col_0_0_ from user user0_ where user0_.user_user_id=? limit ?
Hibernate: select user0_.user_id as col_0_0_ from user user0_ where user0_.user_user_id=? limit ?
Hibernate: select U.* from USER U where U.USER_USER_ID =?
Hibernate: select character0_.character_id as characte1_6_0_, character0_.character_character_name as characte2_6_0_ from characters character0_ where character0_.character_id=?
Hibernate: select user0_.user_id as user_id1_21_0_, user0_.character_id as characte7_21_0_, user0_.user_created_at as user_cre2_21_0_, user0_.user_name as user_nam3_21_0_, user0_.user_phone_number as user_pho4_21_0_, user0_.user_user_id as user_use5_21_0_, user0_.user_user_password as user_use6_21_0_ from user user0_ where user0_.user_id=?
Hibernate: select character0_.character_id as characte1_6_0_, character0_.character_character_name as characte2_6_0_ from characters character0_ where character0_.character_id=?
Hibernate: select category0_.category_id as category1_5_, category0_.category_name as category2_5_ from category category0_
Hibernate: select boardlist0_.category_id as category7_4_0_, boardlist0_.board_id as board_id1_4_0_, boardlist0_.board_id as board_id1_4_1_, boardlist0_.category_id as category7_4_1_, boardlist0_.board_content as board_co2_4_1_, boardlist0_.board_created_at as board_cr3_4_1_, boardlist0_.board_last_modified_at as board_la4_4_1_, boardlist0_.board_title as board_ti5_4_1_, boardlist0_.user_id as user_id8_4_1_, boardlist0_.board_views as board_vi6_4_1_ from board boardlist0_ where boardlist0_.category_id=?
Hibernate: select boardlist0_.category_id as category7_4_0_, boardlist0_.board_id as board_id1_4_0_, boardlist0_.board_id as board_id1_4_1_, boardlist0_.category_id as category7_4_1_, boardlist0_.board_content as board_co2_4_1_, boardlist0_.board_created_at as board_cr3_4_1_, boardlist0_.board_last_modified_at as board_la4_4_1_, boardlist0_.board_title as board_ti5_4_1_, boardlist0_.user_id as user_id8_4_1_, boardlist0_.board_views as board_vi6_4_1_ from board boardlist0_ where boardlist0_.category_id=?
Hibernate: select boardlist0_.category_id as category7_4_0_, boardlist0_.board_id as board_id1_4_0_, boardlist0_.board_id as board_id1_4_1_, boardlist0_.category_id as category7_4_1_, boardlist0_.board_content as board_co2_4_1_, boardlist0_.board_created_at as board_cr3_4_1_, boardlist0_.board_last_modified_at as board_la4_4_1_, boardlist0_.board_title as board_ti5_4_1_, boardlist0_.user_id as user_id8_4_1_, boardlist0_.board_views as board_vi6_4_1_ from board boardlist0_ where boardlist0_.category_id=?
Hibernate: select user0_.user_id as user_id1_21_0_, user0_.character_id as characte7_21_0_, user0_.user_created_at as user_cre2_21_0_, user0_.user_name as user_nam3_21_0_, user0_.user_phone_number as user_pho4_21_0_, user0_.user_user_id as user_use5_21_0_, user0_.user_user_password as user_use6_21_0_ from user user0_ where user0_.user_id=?
Hibernate: select character0_.character_id as characte1_6_0_, character0_.character_character_name as characte2_6_0_ from characters character0_ where character0_.character_id=?
Hibernate: select count(*) as col_0_0_ from user user0_ where user0_.user_id=?
Hibernate: select character1_.character_id as characte1_6_, character1_.character_character_name as characte2_6_ from user user0_ inner join characters character1_ on user0_.character_id=character1_.character_id where user0_.user_id=?
Hibernate: select permission0_.character_id as characte6_12_0_, permission0_.permission_id as permissi1_12_0_, permission0_.permission_id as permissi1_12_1_, permission0_.character_id as characte6_12_1_, permission0_.permission_name as permissi2_12_1_, permission0_.permission_permission_unit_id as permissi3_12_1_, permission0_.permission_service as permissi4_12_1_, permission0_.permission_status as permissi5_12_1_ from permission permission0_ where permission0_.character_id=?
Hibernate: select count(*) as col_0_0_ from category category0_ where category0_.category_id=?
Hibernate: select count(board0_.board_id) as col_0_0_ from board board0_ where board0_.category_id=?
Hibernate: select category0_.category_id as category1_5_0_, category0_.category_name as category2_5_0_ from category category0_ where category0_.category_id=?
Hibernate: select boardlist0_.category_id as category7_4_0_, boardlist0_.board_id as board_id1_4_0_, boardlist0_.board_id as board_id1_4_1_, boardlist0_.category_id as category7_4_1_, boardlist0_.board_content as board_co2_4_1_, boardlist0_.board_created_at as board_cr3_4_1_, boardlist0_.board_last_modified_at as board_la4_4_1_, boardlist0_.board_title as board_ti5_4_1_, boardlist0_.user_id as user_id8_4_1_, boardlist0_.board_views as board_vi6_4_1_ from board boardlist0_ where boardlist0_.category_id=?
Hibernate: delete from category where category_id=?
Hibernate: select user0_.user_id as user_id1_21_0_, user0_.character_id as characte7_21_0_, user0_.user_created_at as user_cre2_21_0_, user0_.user_name as user_nam3_21_0_, user0_.user_phone_number as user_pho4_21_0_, user0_.user_user_id as user_use5_21_0_, user0_.user_user_password as user_use6_21_0_ from user user0_ where user0_.user_id=?
Hibernate: select character0_.character_id as characte1_6_0_, character0_.character_character_name as characte2_6_0_ from characters character0_ where character0_.character_id=?
Hibernate: select count(*) as col_0_0_ from user user0_ where user0_.user_id=?
Hibernate: select character1_.character_id as characte1_6_, character1_.character_character_name as characte2_6_ from user user0_ inner join characters character1_ on user0_.character_id=character1_.character_id where user0_.user_id=?
Hibernate: select permission0_.character_id as characte6_12_0_, permission0_.permission_id as permissi1_12_0_, permission0_.permission_id as permissi1_12_1_, permission0_.character_id as characte6_12_1_, permission0_.permission_name as permissi2_12_1_, permission0_.permission_permission_unit_id as permissi3_12_1_, permission0_.permission_service as permissi4_12_1_, permission0_.permission_status as permissi5_12_1_ from permission permission0_ where permission0_.character_id=?
Hibernate: select count(*) as col_0_0_ from category category0_ where category0_.category_id=?
Hibernate: select count(board0_.board_id) as col_0_0_ from board board0_ where board0_.category_id=?
Hibernate: select category0_.category_id as category1_5_0_, category0_.category_name as category2_5_0_ from category category0_ where category0_.category_id=?
Hibernate: select boardlist0_.category_id as category7_4_0_, boardlist0_.board_id as board_id1_4_0_, boardlist0_.board_id as board_id1_4_1_, boardlist0_.category_id as category7_4_1_, boardlist0_.board_content as board_co2_4_1_, boardlist0_.board_created_at as board_cr3_4_1_, boardlist0_.board_last_modified_at as board_la4_4_1_, boardlist0_.board_title as board_ti5_4_1_, boardlist0_.user_id as user_id8_4_1_, boardlist0_.board_views as board_vi6_4_1_ from board boardlist0_ where boardlist0_.category_id=?
Hibernate: delete from category where category_id=?
Hibernate: select user0_.user_id as user_id1_21_0_, user0_.character_id as characte7_21_0_, user0_.user_created_at as user_cre2_21_0_, user0_.user_name as user_nam3_21_0_, user0_.user_phone_number as user_pho4_21_0_, user0_.user_user_id as user_use5_21_0_, user0_.user_user_password as user_use6_21_0_ from user user0_ where user0_.user_id=?
Hibernate: select character0_.character_id as characte1_6_0_, character0_.character_character_name as characte2_6_0_ from characters character0_ where character0_.character_id=?
Hibernate: select count(*) as col_0_0_ from user user0_ where user0_.user_id=?
Hibernate: select character1_.character_id as characte1_6_, character1_.character_character_name as characte2_6_ from user user0_ inner join characters character1_ on user0_.character_id=character1_.character_id where user0_.user_id=?
Hibernate: select permission0_.character_id as characte6_12_0_, permission0_.permission_id as permissi1_12_0_, permission0_.permission_id as permissi1_12_1_, permission0_.character_id as characte6_12_1_, permission0_.permission_name as permissi2_12_1_, permission0_.permission_permission_unit_id as permissi3_12_1_, permission0_.permission_service as permissi4_12_1_, permission0_.permission_status as permissi5_12_1_ from permission permission0_ where permission0_.character_id=?
Hibernate: select count(*) as col_0_0_ from category category0_ where category0_.category_id=?
Hibernate: select count(board0_.board_id) as col_0_0_ from board board0_ where board0_.category_id=?
Hibernate: select category0_.category_id as category1_5_0_, category0_.category_name as category2_5_0_ from category category0_ where category0_.category_id=?
Hibernate: select boardlist0_.category_id as category7_4_0_, boardlist0_.board_id as board_id1_4_0_, boardlist0_.board_id as board_id1_4_1_, boardlist0_.category_id as category7_4_1_, boardlist0_.board_content as board_co2_4_1_, boardlist0_.board_created_at as board_cr3_4_1_, boardlist0_.board_last_modified_at as board_la4_4_1_, boardlist0_.board_title as board_ti5_4_1_, boardlist0_.user_id as user_id8_4_1_, boardlist0_.board_views as board_vi6_4_1_ from board boardlist0_ where boardlist0_.category_id=?
Hibernate: delete from category where category_id=?
Hibernate: select user0_.user_id as user_id1_21_0_, user0_.character_id as characte7_21_0_, user0_.user_created_at as user_cre2_21_0_, user0_.user_name as user_nam3_21_0_, user0_.user_phone_number as user_pho4_21_0_, user0_.user_user_id as user_use5_21_0_, user0_.user_user_password as user_use6_21_0_ from user user0_ where user0_.user_id=?
Hibernate: select character0_.character_id as characte1_6_0_, character0_.character_character_name as characte2_6_0_ from characters character0_ where character0_.character_id=?
Hibernate: select count(*) as col_0_0_ from user user0_ where user0_.user_id=?
Hibernate: select character1_.character_id as characte1_6_, character1_.character_character_name as characte2_6_ from user user0_ inner join characters character1_ on user0_.character_id=character1_.character_id where user0_.user_id=?
Hibernate: select permission0_.character_id as characte6_12_0_, permission0_.permission_id as permissi1_12_0_, permission0_.permission_id as permissi1_12_1_, permission0_.character_id as characte6_12_1_, permission0_.permission_name as permissi2_12_1_, permission0_.permission_permission_unit_id as permissi3_12_1_, permission0_.permission_service as permissi4_12_1_, permission0_.permission_status as permissi5_12_1_ from permission permission0_ where permission0_.character_id=?
Hibernate: select category0_.category_id as col_0_0_ from category category0_ where category0_.category_name=? limit ?
Hibernate: select category0_.category_id as category1_5_1_, category0_.category_name as category2_5_1_, boardlist1_.category_id as category7_4_3_, boardlist1_.board_id as board_id1_4_3_, boardlist1_.board_id as board_id1_4_0_, boardlist1_.category_id as category7_4_0_, boardlist1_.board_content as board_co2_4_0_, boardlist1_.board_created_at as board_cr3_4_0_, boardlist1_.board_last_modified_at as board_la4_4_0_, boardlist1_.board_title as board_ti5_4_0_, boardlist1_.user_id as user_id8_4_0_, boardlist1_.board_views as board_vi6_4_0_ from category category0_ left outer join board boardlist1_ on category0_.category_id=boardlist1_.category_id where category0_.category_id=?
Hibernate: insert into category (category_id, category_name) values (default, ?)
Hibernate: select user0_.user_id as user_id1_21_0_, user0_.character_id as characte7_21_0_, user0_.user_created_at as user_cre2_21_0_, user0_.user_name as user_nam3_21_0_, user0_.user_phone_number as user_pho4_21_0_, user0_.user_user_id as user_use5_21_0_, user0_.user_user_password as user_use6_21_0_ from user user0_ where user0_.user_id=?
Hibernate: select character0_.character_id as characte1_6_0_, character0_.character_character_name as characte2_6_0_ from characters character0_ where character0_.character_id=?
Hibernate: select count(*) as col_0_0_ from user user0_ where user0_.user_id=?
Hibernate: select character1_.character_id as characte1_6_, character1_.character_character_name as characte2_6_ from user user0_ inner join characters character1_ on user0_.character_id=character1_.character_id where user0_.user_id=?
Hibernate: select permission0_.character_id as characte6_12_0_, permission0_.permission_id as permissi1_12_0_, permission0_.permission_id as permissi1_12_1_, permission0_.character_id as characte6_12_1_, permission0_.permission_name as permissi2_12_1_, permission0_.permission_permission_unit_id as permissi3_12_1_, permission0_.permission_service as permissi4_12_1_, permission0_.permission_status as permissi5_12_1_ from permission permission0_ where permission0_.character_id=?
Hibernate: select category0_.category_id as col_0_0_ from category category0_ where category0_.category_name=? limit ?
Hibernate: select category0_.category_id as category1_5_1_, category0_.category_name as category2_5_1_, boardlist1_.category_id as category7_4_3_, boardlist1_.board_id as board_id1_4_3_, boardlist1_.board_id as board_id1_4_0_, boardlist1_.category_id as category7_4_0_, boardlist1_.board_content as board_co2_4_0_, boardlist1_.board_created_at as board_cr3_4_0_, boardlist1_.board_last_modified_at as board_la4_4_0_, boardlist1_.board_title as board_ti5_4_0_, boardlist1_.user_id as user_id8_4_0_, boardlist1_.board_views as board_vi6_4_0_ from category category0_ left outer join board boardlist1_ on category0_.category_id=boardlist1_.category_id where category0_.category_id=?
Hibernate: insert into category (category_id, category_name) values (default, ?)
Hibernate: select user0_.user_id as col_0_0_ from user user0_ where user0_.user_user_id=? limit ?
Hibernate: select user0_.user_id as col_0_0_ from user user0_ where user0_.user_user_id=? limit ?
Hibernate: select U.* from USER U where U.USER_USER_ID =?
Hibernate: select character0_.character_id as characte1_6_0_, character0_.character_character_name as characte2_6_0_ from characters character0_ where character0_.character_id=?
Hibernate: select user0_.user_id as col_0_0_ from user user0_ where user0_.user_user_id=? limit ?
Hibernate: select user0_.user_id as user_id1_21_, user0_.character_id as characte7_21_, user0_.user_created_at as user_cre2_21_, user0_.user_name as user_nam3_21_, user0_.user_phone_number as user_pho4_21_, user0_.user_user_id as user_use5_21_, user0_.user_user_password as user_use6_21_ from user user0_ inner join characters character1_ on user0_.character_id=character1_.character_id where user0_.user_user_id=?
Hibernate: select character0_.character_id as characte1_6_0_, character0_.character_character_name as characte2_6_0_ from characters character0_ where character0_.character_id=?
Hibernate: select rewardtagw0_.user_id as user_id4_16_0_, rewardtagw0_.reward_tag_wrapper_reward_id as reward_t1_16_0_, rewardtagw0_.reward_tag_wrapper_reward_id as reward_t1_16_1_, rewardtagw0_.reward_tag_wrapper_reward_presented_at as reward_t2_16_1_, rewardtagw0_.reward_tag_reward_tag_id as reward_t3_16_1_, rewardtagw0_.user_id as user_id4_16_1_ from reward_tag_wrapper rewardtagw0_ where rewardtagw0_.user_id=?
Hibernate: select user0_.user_id as user_id1_21_0_, user0_.character_id as characte7_21_0_, user0_.user_created_at as user_cre2_21_0_, user0_.user_name as user_nam3_21_0_, user0_.user_phone_number as user_pho4_21_0_, user0_.user_user_id as user_use5_21_0_, user0_.user_user_password as user_use6_21_0_ from user user0_ where user0_.user_id=?
Hibernate: select character0_.character_id as characte1_6_0_, character0_.character_character_name as characte2_6_0_ from characters character0_ where character0_.character_id=?
Hibernate: select count(*) as col_0_0_ from user user0_ where user0_.user_id=?
Hibernate: select character1_.character_id as characte1_6_, character1_.character_character_name as characte2_6_ from user user0_ inner join characters character1_ on user0_.character_id=character1_.character_id where user0_.user_id=?
Hibernate: select permission0_.character_id as characte6_12_0_, permission0_.permission_id as permissi1_12_0_, permission0_.permission_id as permissi1_12_1_, permission0_.character_id as characte6_12_1_, permission0_.permission_name as permissi2_12_1_, permission0_.permission_permission_unit_id as permissi3_12_1_, permission0_.permission_service as permissi4_12_1_, permission0_.permission_status as permissi5_12_1_ from permission permission0_ where permission0_.character_id=?
Hibernate: select count(*) as col_0_0_ from user user0_ where user0_.user_id=?
Hibernate: select user0_.user_id as user_id1_21_, user0_.character_id as characte7_21_, user0_.user_created_at as user_cre2_21_, user0_.user_name as user_nam3_21_, user0_.user_phone_number as user_pho4_21_, user0_.user_user_id as user_use5_21_, user0_.user_user_password as user_use6_21_ from user user0_ where user0_.user_id=?
Hibernate: select character0_.character_id as characte1_6_0_, character0_.character_character_name as characte2_6_0_ from characters character0_ where character0_.character_id=?
Hibernate: select rewardtagw0_.user_id as user_id4_16_0_, rewardtagw0_.reward_tag_wrapper_reward_id as reward_t1_16_0_, rewardtagw0_.reward_tag_wrapper_reward_id as reward_t1_16_1_, rewardtagw0_.reward_tag_wrapper_reward_presented_at as reward_t2_16_1_, rewardtagw0_.reward_tag_reward_tag_id as reward_t3_16_1_, rewardtagw0_.user_id as user_id4_16_1_ from reward_tag_wrapper rewardtagw0_ where rewardtagw0_.user_id=?
Hibernate: select attendance0_.attendance_user_attendance_user_id as col_0_0_ from attendance_user attendance0_ where attendance0_.user_id=? limit ?
Hibernate: DELETE FROM USER WHERE USER_ID = ?
Hibernate: select user0_.user_id as col_0_0_ from user user0_ where user0_.user_user_id=? limit ?
Hibernate: select user0_.user_id as col_0_0_ from user user0_ where user0_.user_user_id=? limit ?
Hibernate: select U.* from USER U where U.USER_USER_ID =?
Hibernate: select character0_.character_id as characte1_6_0_, character0_.character_character_name as characte2_6_0_ from characters character0_ where character0_.character_id=?
Hibernate: select user0_.user_id as user_id1_21_0_, user0_.character_id as characte7_21_0_, user0_.user_created_at as user_cre2_21_0_, user0_.user_name as user_nam3_21_0_, user0_.user_phone_number as user_pho4_21_0_, user0_.user_user_id as user_use5_21_0_, user0_.user_user_password as user_use6_21_0_ from user user0_ where user0_.user_id=?
Hibernate: select character0_.character_id as characte1_6_0_, character0_.character_character_name as characte2_6_0_ from characters character0_ where character0_.character_id=?
Hibernate: select count(*) as col_0_0_ from board board0_
Hibernate: select count(*) as col_0_0_ from board board0_
Hibernate: select user0_.user_id as col_0_0_ from user user0_ where user0_.user_user_id=? limit ?
Hibernate: select user0_.user_id as col_0_0_ from user user0_ where user0_.user_user_id=? limit ?
Hibernate: select U.* from USER U where U.USER_USER_ID =?
Hibernate: select character0_.character_id as characte1_6_0_, character0_.character_character_name as characte2_6_0_ from characters character0_ where character0_.character_id=?
Hibernate: select user0_.user_id as user_id1_21_0_, user0_.character_id as characte7_21_0_, user0_.user_created_at as user_cre2_21_0_, user0_.user_name as user_nam3_21_0_, user0_.user_phone_number as user_pho4_21_0_, user0_.user_user_id as user_use5_21_0_, user0_.user_user_password as user_use6_21_0_ from user user0_ where user0_.user_id=?
Hibernate: select character0_.character_id as characte1_6_0_, character0_.character_character_name as characte2_6_0_ from characters character0_ where character0_.character_id=?
Hibernate: select category0_.category_id as category1_5_, category0_.category_name as category2_5_ from category category0_
Hibernate: select boardlist0_.category_id as category7_4_0_, boardlist0_.board_id as board_id1_4_0_, boardlist0_.board_id as board_id1_4_1_, boardlist0_.category_id as category7_4_1_, boardlist0_.board_content as board_co2_4_1_, boardlist0_.board_created_at as board_cr3_4_1_, boardlist0_.board_last_modified_at as board_la4_4_1_, boardlist0_.board_title as board_ti5_4_1_, boardlist0_.user_id as user_id8_4_1_, boardlist0_.board_views as board_vi6_4_1_ from board boardlist0_ where boardlist0_.category_id=?
Hibernate: select boardlist0_.category_id as category7_4_0_, boardlist0_.board_id as board_id1_4_0_, boardlist0_.board_id as board_id1_4_1_, boardlist0_.category_id as category7_4_1_, boardlist0_.board_content as board_co2_4_1_, boardlist0_.board_created_at as board_cr3_4_1_, boardlist0_.board_last_modified_at as board_la4_4_1_, boardlist0_.board_title as board_ti5_4_1_, boardlist0_.user_id as user_id8_4_1_, boardlist0_.board_views as board_vi6_4_1_ from board boardlist0_ where boardlist0_.category_id=?
Hibernate: select user0_.user_id as user_id1_21_0_, user0_.character_id as characte7_21_0_, user0_.user_created_at as user_cre2_21_0_, user0_.user_name as user_nam3_21_0_, user0_.user_phone_number as user_pho4_21_0_, user0_.user_user_id as user_use5_21_0_, user0_.user_user_password as user_use6_21_0_ from user user0_ where user0_.user_id=?
Hibernate: select character0_.character_id as characte1_6_0_, character0_.character_character_name as characte2_6_0_ from characters character0_ where character0_.character_id=?
Hibernate: select count(*) as col_0_0_ from user user0_ where user0_.user_id=?
Hibernate: select character1_.character_id as characte1_6_, character1_.character_character_name as characte2_6_ from user user0_ inner join characters character1_ on user0_.character_id=character1_.character_id where user0_.user_id=?
Hibernate: select permission0_.character_id as characte6_12_0_, permission0_.permission_id as permissi1_12_0_, permission0_.permission_id as permissi1_12_1_, permission0_.character_id as characte6_12_1_, permission0_.permission_name as permissi2_12_1_, permission0_.permission_permission_unit_id as permissi3_12_1_, permission0_.permission_service as permissi4_12_1_, permission0_.permission_status as permissi5_12_1_ from permission permission0_ where permission0_.character_id=?
Hibernate: select count(*) as col_0_0_ from category category0_ where category0_.category_id=?
Hibernate: select count(board0_.board_id) as col_0_0_ from board board0_ where board0_.category_id=?
Hibernate: select category0_.category_id as category1_5_0_, category0_.category_name as category2_5_0_ from category category0_ where category0_.category_id=?
Hibernate: select boardlist0_.category_id as category7_4_0_, boardlist0_.board_id as board_id1_4_0_, boardlist0_.board_id as board_id1_4_1_, boardlist0_.category_id as category7_4_1_, boardlist0_.board_content as board_co2_4_1_, boardlist0_.board_created_at as board_cr3_4_1_, boardlist0_.board_last_modified_at as board_la4_4_1_, boardlist0_.board_title as board_ti5_4_1_, boardlist0_.user_id as user_id8_4_1_, boardlist0_.board_views as board_vi6_4_1_ from board boardlist0_ where boardlist0_.category_id=?
Hibernate: delete from category where category_id=?
Hibernate: select user0_.user_id as user_id1_21_0_, user0_.character_id as characte7_21_0_, user0_.user_created_at as user_cre2_21_0_, user0_.user_name as user_nam3_21_0_, user0_.user_phone_number as user_pho4_21_0_, user0_.user_user_id as user_use5_21_0_, user0_.user_user_password as user_use6_21_0_ from user user0_ where user0_.user_id=?
Hibernate: select character0_.character_id as characte1_6_0_, character0_.character_character_name as characte2_6_0_ from characters character0_ where character0_.character_id=?
Hibernate: select count(*) as col_0_0_ from user user0_ where user0_.user_id=?
Hibernate: select character1_.character_id as characte1_6_, character1_.character_character_name as characte2_6_ from user user0_ inner join characters character1_ on user0_.character_id=character1_.character_id where user0_.user_id=?
Hibernate: select permission0_.character_id as characte6_12_0_, permission0_.permission_id as permissi1_12_0_, permission0_.permission_id as permissi1_12_1_, permission0_.character_id as characte6_12_1_, permission0_.permission_name as permissi2_12_1_, permission0_.permission_permission_unit_id as permissi3_12_1_, permission0_.permission_service as permissi4_12_1_, permission0_.permission_status as permissi5_12_1_ from permission permission0_ where permission0_.character_id=?
Hibernate: select count(*) as col_0_0_ from category category0_ where category0_.category_id=?
Hibernate: select count(board0_.board_id) as col_0_0_ from board board0_ where board0_.category_id=?
Hibernate: select category0_.category_id as category1_5_0_, category0_.category_name as category2_5_0_ from category category0_ where category0_.category_id=?
Hibernate: select boardlist0_.category_id as category7_4_0_, boardlist0_.board_id as board_id1_4_0_, boardlist0_.board_id as board_id1_4_1_, boardlist0_.category_id as category7_4_1_, boardlist0_.board_content as board_co2_4_1_, boardlist0_.board_created_at as board_cr3_4_1_, boardlist0_.board_last_modified_at as board_la4_4_1_, boardlist0_.board_title as board_ti5_4_1_, boardlist0_.user_id as user_id8_4_1_, boardlist0_.board_views as board_vi6_4_1_ from board boardlist0_ where boardlist0_.category_id=?
Hibernate: delete from category where category_id=?
Hibernate: select user0_.user_id as user_id1_21_0_, user0_.character_id as characte7_21_0_, user0_.user_created_at as user_cre2_21_0_, user0_.user_name as user_nam3_21_0_, user0_.user_phone_number as user_pho4_21_0_, user0_.user_user_id as user_use5_21_0_, user0_.user_user_password as user_use6_21_0_ from user user0_ where user0_.user_id=?
Hibernate: select character0_.character_id as characte1_6_0_, character0_.character_character_name as characte2_6_0_ from characters character0_ where character0_.character_id=?
Hibernate: select count(*) as col_0_0_ from user user0_ where user0_.user_id=?
Hibernate: select character1_.character_id as characte1_6_, character1_.character_character_name as characte2_6_ from user user0_ inner join characters character1_ on user0_.character_id=character1_.character_id where user0_.user_id=?
Hibernate: select permission0_.character_id as characte6_12_0_, permission0_.permission_id as permissi1_12_0_, permission0_.permission_id as permissi1_12_1_, permission0_.character_id as characte6_12_1_, permission0_.permission_name as permissi2_12_1_, permission0_.permission_permission_unit_id as permissi3_12_1_, permission0_.permission_service as permissi4_12_1_, permission0_.permission_status as permissi5_12_1_ from permission permission0_ where permission0_.character_id=?
Hibernate: select category0_.category_id as col_0_0_ from category category0_ where category0_.category_name=? limit ?
Hibernate: select category0_.category_id as category1_5_1_, category0_.category_name as category2_5_1_, boardlist1_.category_id as category7_4_3_, boardlist1_.board_id as board_id1_4_3_, boardlist1_.board_id as board_id1_4_0_, boardlist1_.category_id as category7_4_0_, boardlist1_.board_content as board_co2_4_0_, boardlist1_.board_created_at as board_cr3_4_0_, boardlist1_.board_last_modified_at as board_la4_4_0_, boardlist1_.board_title as board_ti5_4_0_, boardlist1_.user_id as user_id8_4_0_, boardlist1_.board_views as board_vi6_4_0_ from category category0_ left outer join board boardlist1_ on category0_.category_id=boardlist1_.category_id where category0_.category_id=?
Hibernate: insert into category (category_id, category_name) values (default, ?)
Hibernate: select user0_.user_id as user_id1_21_0_, user0_.character_id as characte7_21_0_, user0_.user_created_at as user_cre2_21_0_, user0_.user_name as user_nam3_21_0_, user0_.user_phone_number as user_pho4_21_0_, user0_.user_user_id as user_use5_21_0_, user0_.user_user_password as user_use6_21_0_ from user user0_ where user0_.user_id=?
Hibernate: select character0_.character_id as characte1_6_0_, character0_.character_character_name as characte2_6_0_ from characters character0_ where character0_.character_id=?
Hibernate: select count(*) as col_0_0_ from user user0_ where user0_.user_id=?
Hibernate: select character1_.character_id as characte1_6_, character1_.character_character_name as characte2_6_ from user user0_ inner join characters character1_ on user0_.character_id=character1_.character_id where user0_.user_id=?
Hibernate: select permission0_.character_id as characte6_12_0_, permission0_.permission_id as permissi1_12_0_, permission0_.permission_id as permissi1_12_1_, permission0_.character_id as characte6_12_1_, permission0_.permission_name as permissi2_12_1_, permission0_.permission_permission_unit_id as permissi3_12_1_, permission0_.permission_service as permissi4_12_1_, permission0_.permission_status as permissi5_12_1_ from permission permission0_ where permission0_.character_id=?
Hibernate: select category0_.category_id as col_0_0_ from category category0_ where category0_.category_name=? limit ?
Hibernate: select category0_.category_id as category1_5_1_, category0_.category_name as category2_5_1_, boardlist1_.category_id as category7_4_3_, boardlist1_.board_id as board_id1_4_3_, boardlist1_.board_id as board_id1_4_0_, boardlist1_.category_id as category7_4_0_, boardlist1_.board_content as board_co2_4_0_, boardlist1_.board_created_at as board_cr3_4_0_, boardlist1_.board_last_modified_at as board_la4_4_0_, boardlist1_.board_title as board_ti5_4_0_, boardlist1_.user_id as user_id8_4_0_, boardlist1_.board_views as board_vi6_4_0_ from category category0_ left outer join board boardlist1_ on category0_.category_id=boardlist1_.category_id where category0_.category_id=?
Hibernate: insert into category (category_id, category_name) values (default, ?)
Hibernate: select user0_.user_id as col_0_0_ from user user0_ where user0_.user_user_id=? limit ?
Hibernate: select user0_.user_id as col_0_0_ from user user0_ where user0_.user_user_id=? limit ?
Hibernate: select U.* from USER U where U.USER_USER_ID =?
Hibernate: select character0_.character_id as characte1_6_0_, character0_.character_character_name as characte2_6_0_ from characters character0_ where character0_.character_id=?
Hibernate: select user0_.user_id as col_0_0_ from user user0_ where user0_.user_user_id=? limit ?
Hibernate: select user0_.user_id as col_0_0_ from user user0_ where user0_.user_user_id=? limit ?
Hibernate: select U.* from USER U where U.USER_USER_ID =?
Hibernate: select character0_.character_id as characte1_6_0_, character0_.character_character_name as characte2_6_0_ from characters character0_ where character0_.character_id=?
Hibernate: select user0_.user_id as col_0_0_ from user user0_ where user0_.user_user_id=? limit ?
Hibernate: select user0_.user_id as col_0_0_ from user user0_ where user0_.user_user_id=? limit ?
Hibernate: select U.* from USER U where U.USER_USER_ID =?
Hibernate: select character0_.character_id as characte1_6_0_, character0_.character_character_name as characte2_6_0_ from characters character0_ where character0_.character_id=?
Hibernate: select user0_.user_id as user_id1_21_0_, user0_.character_id as characte7_21_0_, user0_.user_created_at as user_cre2_21_0_, user0_.user_name as user_nam3_21_0_, user0_.user_phone_number as user_pho4_21_0_, user0_.user_user_id as user_use5_21_0_, user0_.user_user_password as user_use6_21_0_ from user user0_ where user0_.user_id=?
Hibernate: select character0_.character_id as characte1_6_0_, character0_.character_character_name as characte2_6_0_ from characters character0_ where character0_.character_id=?
Hibernate: select count(*) as col_0_0_ from user user0_ where user0_.user_id=?
Hibernate: select character1_.character_id as characte1_6_, character1_.character_character_name as characte2_6_ from user user0_ inner join characters character1_ on user0_.character_id=character1_.character_id where user0_.user_id=?
Hibernate: select permission0_.character_id as characte6_12_0_, permission0_.permission_id as permissi1_12_0_, permission0_.permission_id as permissi1_12_1_, permission0_.character_id as characte6_12_1_, permission0_.permission_name as permissi2_12_1_, permission0_.permission_permission_unit_id as permissi3_12_1_, permission0_.permission_service as permissi4_12_1_, permission0_.permission_status as permissi5_12_1_ from permission permission0_ where permission0_.character_id=?
Hibernate: select category0_.category_id as col_0_0_ from category category0_ where category0_.category_name=? limit ?
Hibernate: select category0_.category_id as category1_5_1_, category0_.category_name as category2_5_1_, boardlist1_.category_id as category7_4_3_, boardlist1_.board_id as board_id1_4_3_, boardlist1_.board_id as board_id1_4_0_, boardlist1_.category_id as category7_4_0_, boardlist1_.board_content as board_co2_4_0_, boardlist1_.board_created_at as board_cr3_4_0_, boardlist1_.board_last_modified_at as board_la4_4_0_, boardlist1_.board_title as board_ti5_4_0_, boardlist1_.user_id as user_id8_4_0_, boardlist1_.board_views as board_vi6_4_0_ from category category0_ left outer join board boardlist1_ on category0_.category_id=boardlist1_.category_id where category0_.category_id=?
Hibernate: insert into category (category_id, category_name) values (default, ?)
Hibernate: select user0_.user_id as user_id1_21_0_, user0_.character_id as characte7_21_0_, user0_.user_created_at as user_cre2_21_0_, user0_.user_name as user_nam3_21_0_, user0_.user_phone_number as user_pho4_21_0_, user0_.user_user_id as user_use5_21_0_, user0_.user_user_password as user_use6_21_0_ from user user0_ where user0_.user_id=?
Hibernate: select character0_.character_id as characte1_6_0_, character0_.character_character_name as characte2_6_0_ from characters character0_ where character0_.character_id=?
Hibernate: select category0_.category_id as category1_5_, category0_.category_name as category2_5_ from category category0_
Hibernate: select boardlist0_.category_id as category7_4_0_, boardlist0_.board_id as board_id1_4_0_, boardlist0_.board_id as board_id1_4_1_, boardlist0_.category_id as category7_4_1_, boardlist0_.board_content as board_co2_4_1_, boardlist0_.board_created_at as board_cr3_4_1_, boardlist0_.board_last_modified_at as board_la4_4_1_, boardlist0_.board_title as board_ti5_4_1_, boardlist0_.user_id as user_id8_4_1_, boardlist0_.board_views as board_vi6_4_1_ from board boardlist0_ where boardlist0_.category_id=?
Hibernate: select boardlist0_.category_id as category7_4_0_, boardlist0_.board_id as board_id1_4_0_, boardlist0_.board_id as board_id1_4_1_, boardlist0_.category_id as category7_4_1_, boardlist0_.board_content as board_co2_4_1_, boardlist0_.board_created_at as board_cr3_4_1_, boardlist0_.board_last_modified_at as board_la4_4_1_, boardlist0_.board_title as board_ti5_4_1_, boardlist0_.user_id as user_id8_4_1_, boardlist0_.board_views as board_vi6_4_1_ from board boardlist0_ where boardlist0_.category_id=?
Hibernate: select boardlist0_.category_id as category7_4_0_, boardlist0_.board_id as board_id1_4_0_, boardlist0_.board_id as board_id1_4_1_, boardlist0_.category_id as category7_4_1_, boardlist0_.board_content as board_co2_4_1_, boardlist0_.board_created_at as board_cr3_4_1_, boardlist0_.board_last_modified_at as board_la4_4_1_, boardlist0_.board_title as board_ti5_4_1_, boardlist0_.user_id as user_id8_4_1_, boardlist0_.board_views as board_vi6_4_1_ from board boardlist0_ where boardlist0_.category_id=?
Hibernate: select user0_.user_id as user_id1_21_0_, user0_.character_id as characte7_21_0_, user0_.user_created_at as user_cre2_21_0_, user0_.user_name as user_nam3_21_0_, user0_.user_phone_number as user_pho4_21_0_, user0_.user_user_id as user_use5_21_0_, user0_.user_user_password as user_use6_21_0_ from user user0_ where user0_.user_id=?
Hibernate: select character0_.character_id as characte1_6_0_, character0_.character_character_name as characte2_6_0_ from characters character0_ where character0_.character_id=?
Hibernate: select count(*) as col_0_0_ from user user0_ where user0_.user_id=?
Hibernate: select character1_.character_id as characte1_6_, character1_.character_character_name as characte2_6_ from user user0_ inner join characters character1_ on user0_.character_id=character1_.character_id where user0_.user_id=?
Hibernate: select permission0_.character_id as characte6_12_0_, permission0_.permission_id as permissi1_12_0_, permission0_.permission_id as permissi1_12_1_, permission0_.character_id as characte6_12_1_, permission0_.permission_name as permissi2_12_1_, permission0_.permission_permission_unit_id as permissi3_12_1_, permission0_.permission_service as permissi4_12_1_, permission0_.permission_status as permissi5_12_1_ from permission permission0_ where permission0_.character_id=?
Hibernate: select count(*) as col_0_0_ from category category0_ where category0_.category_id=?
Hibernate: insert into filename (filename_id, filename_origin, filename_uuid) values (default, ?, ?)
Hibernate: insert into filename (filename_id, filename_origin, filename_uuid) values (default, ?, ?)
Hibernate: select category0_.category_id as category1_5_0_, category0_.category_name as category2_5_0_ from category category0_ where category0_.category_id=?
Hibernate: insert into board (board_id, category_id, board_content, board_created_at, board_last_modified_at, board_title, user_id, board_views) values (default, ?, ?, ?, ?, ?, ?, ?)
Hibernate: insert into reaction (reaction_id, board_id, reaction_type) values (default, ?, ?)
Hibernate: insert into reaction (reaction_id, board_id, reaction_type) values (default, ?, ?)
Hibernate: insert into reaction (reaction_id, board_id, reaction_type) values (default, ?, ?)
Hibernate: insert into reaction (reaction_id, board_id, reaction_type) values (default, ?, ?)
Hibernate: insert into reaction (reaction_id, board_id, reaction_type) values (default, ?, ?)
Hibernate: insert into reaction (reaction_id, board_id, reaction_type) values (default, ?, ?)
Hibernate: insert into file_path_list (board_board_id, board_file_path_list) values (?, ?)
Hibernate: insert into image_path_list (board_board_id, board_image_path_list) values (?, ?)
Hibernate: select user0_.user_id as user_id1_21_0_, user0_.character_id as characte7_21_0_, user0_.user_created_at as user_cre2_21_0_, user0_.user_name as user_nam3_21_0_, user0_.user_phone_number as user_pho4_21_0_, user0_.user_user_id as user_use5_21_0_, user0_.user_user_password as user_use6_21_0_ from user user0_ where user0_.user_id=?
Hibernate: select character0_.character_id as characte1_6_0_, character0_.character_character_name as characte2_6_0_ from characters character0_ where character0_.character_id=?
Hibernate: select count(*) as col_0_0_ from board board0_
Hibernate: select board0_.board_id as board_id1_4_, board0_.category_id as category7_4_, board0_.board_content as board_co2_4_, board0_.board_created_at as board_cr3_4_, board0_.board_last_modified_at as board_la4_4_, board0_.board_title as board_ti5_4_, board0_.user_id as user_id8_4_, board0_.board_views as board_vi6_4_ from board board0_ limit ?
Hibernate: select category0_.category_id as category1_5_0_, category0_.category_name as category2_5_0_ from category category0_ where category0_.category_id=?
Hibernate: select reactionli0_.board_id as board_id3_13_0_, reactionli0_.reaction_id as reaction1_13_0_, reactionli0_.reaction_id as reaction1_13_1_, reactionli0_.board_id as board_id3_13_1_, reactionli0_.reaction_type as reaction2_13_1_ from reaction reactionli0_ where reactionli0_.board_id=?
Hibernate: select reactionus0_.reaction_id as reaction2_14_0_, reactionus0_.reaction_user_id as reaction1_14_0_, reactionus0_.reaction_user_id as reaction1_14_1_, reactionus0_.reaction_id as reaction2_14_1_, reactionus0_.user_id as user_id3_14_1_ from reaction_user reactionus0_ where reactionus0_.reaction_id=?
Hibernate: select reactionus0_.reaction_id as reaction2_14_0_, reactionus0_.reaction_user_id as reaction1_14_0_, reactionus0_.reaction_user_id as reaction1_14_1_, reactionus0_.reaction_id as reaction2_14_1_, reactionus0_.user_id as user_id3_14_1_ from reaction_user reactionus0_ where reactionus0_.reaction_id=?
Hibernate: select reactionus0_.reaction_id as reaction2_14_0_, reactionus0_.reaction_user_id as reaction1_14_0_, reactionus0_.reaction_user_id as reaction1_14_1_, reactionus0_.reaction_id as reaction2_14_1_, reactionus0_.user_id as user_id3_14_1_ from reaction_user reactionus0_ where reactionus0_.reaction_id=?
Hibernate: select reactionus0_.reaction_id as reaction2_14_0_, reactionus0_.reaction_user_id as reaction1_14_0_, reactionus0_.reaction_user_id as reaction1_14_1_, reactionus0_.reaction_id as reaction2_14_1_, reactionus0_.user_id as user_id3_14_1_ from reaction_user reactionus0_ where reactionus0_.reaction_id=?
Hibernate: select reactionus0_.reaction_id as reaction2_14_0_, reactionus0_.reaction_user_id as reaction1_14_0_, reactionus0_.reaction_user_id as reaction1_14_1_, reactionus0_.reaction_id as reaction2_14_1_, reactionus0_.user_id as user_id3_14_1_ from reaction_user reactionus0_ where reactionus0_.reaction_id=?
Hibernate: select reactionus0_.reaction_id as reaction2_14_0_, reactionus0_.reaction_user_id as reaction1_14_0_, reactionus0_.reaction_user_id as reaction1_14_1_, reactionus0_.reaction_id as reaction2_14_1_, reactionus0_.user_id as user_id3_14_1_ from reaction_user reactionus0_ where reactionus0_.reaction_id=?
Hibernate: select commentlis0_.board_id as board_id5_7_0_, commentlis0_.comment_id as comment_1_7_0_, commentlis0_.comment_id as comment_1_7_1_, commentlis0_.board_id as board_id5_7_1_, commentlis0_.comment_content as comment_2_7_1_, commentlis0_.comment_created_at as comment_3_7_1_, commentlis0_.comment_last_modified_at as comment_4_7_1_, commentlis0_.user_id as user_id6_7_1_ from comment commentlis0_ where commentlis0_.board_id=?
Hibernate: select boardlist0_.category_id as category7_4_0_, boardlist0_.board_id as board_id1_4_0_, boardlist0_.board_id as board_id1_4_1_, boardlist0_.category_id as category7_4_1_, boardlist0_.board_content as board_co2_4_1_, boardlist0_.board_created_at as board_cr3_4_1_, boardlist0_.board_last_modified_at as board_la4_4_1_, boardlist0_.board_title as board_ti5_4_1_, boardlist0_.user_id as user_id8_4_1_, boardlist0_.board_views as board_vi6_4_1_ from board boardlist0_ where boardlist0_.category_id=?
Hibernate: select count(comment0_.comment_id) as col_0_0_ from comment comment0_ where comment0_.board_id=?
Hibernate: select count(*) as col_0_0_ from board board0_
Hibernate: select imagepathl0_.board_board_id as board_bo1_11_0_, imagepathl0_.board_image_path_list as board_im2_11_0_ from image_path_list imagepathl0_ where imagepathl0_.board_board_id=?
Hibernate: select filename0_.filename_id as filename1_9_, filename0_.filename_origin as filename2_9_, filename0_.filename_uuid as filename3_9_ from filename filename0_ where filename0_.filename_uuid=?
Hibernate: select filepathli0_.board_board_id as board_bo1_8_0_, filepathli0_.board_file_path_list as board_fi2_8_0_ from file_path_list filepathli0_ where filepathli0_.board_board_id=?
Hibernate: select filename0_.filename_id as filename1_9_, filename0_.filename_origin as filename2_9_, filename0_.filename_uuid as filename3_9_ from filename filename0_ where filename0_.filename_uuid=?
Hibernate: select user0_.user_id as user_id1_21_0_, user0_.character_id as characte7_21_0_, user0_.user_created_at as user_cre2_21_0_, user0_.user_name as user_nam3_21_0_, user0_.user_phone_number as user_pho4_21_0_, user0_.user_user_id as user_use5_21_0_, user0_.user_user_password as user_use6_21_0_ from user user0_ where user0_.user_id=?
Hibernate: select character0_.character_id as characte1_6_0_, character0_.character_character_name as characte2_6_0_ from characters character0_ where character0_.character_id=?
Hibernate: select count(*) as col_0_0_ from user user0_ where user0_.user_id=?
Hibernate: select character1_.character_id as characte1_6_, character1_.character_character_name as characte2_6_ from user user0_ inner join characters character1_ on user0_.character_id=character1_.character_id where user0_.user_id=?
Hibernate: select permission0_.character_id as characte6_12_0_, permission0_.permission_id as permissi1_12_0_, permission0_.permission_id as permissi1_12_1_, permission0_.character_id as characte6_12_1_, permission0_.permission_name as permissi2_12_1_, permission0_.permission_permission_unit_id as permissi3_12_1_, permission0_.permission_service as permissi4_12_1_, permission0_.permission_status as permissi5_12_1_ from permission permission0_ where permission0_.character_id=?
Hibernate: select count(*) as col_0_0_ from board board0_ where board0_.board_id=?
Hibernate: select user0_.user_id as col_0_0_ from user user0_ where user0_.user_user_id=? limit ?
Hibernate: select user0_.user_id as col_0_0_ from user user0_ where user0_.user_user_id=? limit ?
Hibernate: select U.* from USER U where U.USER_USER_ID =?
Hibernate: select character0_.character_id as characte1_6_0_, character0_.character_character_name as characte2_6_0_ from characters character0_ where character0_.character_id=?
Hibernate: select user0_.user_id as user_id1_21_0_, user0_.character_id as characte7_21_0_, user0_.user_created_at as user_cre2_21_0_, user0_.user_name as user_nam3_21_0_, user0_.user_phone_number as user_pho4_21_0_, user0_.user_user_id as user_use5_21_0_, user0_.user_user_password as user_use6_21_0_ from user user0_ where user0_.user_id=?
Hibernate: select character0_.character_id as characte1_6_0_, character0_.character_character_name as characte2_6_0_ from characters character0_ where character0_.character_id=?
Hibernate: select count(*) as col_0_0_ from board board0_
Hibernate: select board0_.board_id as board_id1_4_, board0_.category_id as category7_4_, board0_.board_content as board_co2_4_, board0_.board_created_at as board_cr3_4_, board0_.board_last_modified_at as board_la4_4_, board0_.board_title as board_ti5_4_, board0_.user_id as user_id8_4_, board0_.board_views as board_vi6_4_ from board board0_ limit ?
Hibernate: select category0_.category_id as category1_5_0_, category0_.category_name as category2_5_0_ from category category0_ where category0_.category_id=?
Hibernate: select reactionli0_.board_id as board_id3_13_0_, reactionli0_.reaction_id as reaction1_13_0_, reactionli0_.reaction_id as reaction1_13_1_, reactionli0_.board_id as board_id3_13_1_, reactionli0_.reaction_type as reaction2_13_1_ from reaction reactionli0_ where reactionli0_.board_id=?
Hibernate: select reactionus0_.reaction_id as reaction2_14_0_, reactionus0_.reaction_user_id as reaction1_14_0_, reactionus0_.reaction_user_id as reaction1_14_1_, reactionus0_.reaction_id as reaction2_14_1_, reactionus0_.user_id as user_id3_14_1_ from reaction_user reactionus0_ where reactionus0_.reaction_id=?
Hibernate: select reactionus0_.reaction_id as reaction2_14_0_, reactionus0_.reaction_user_id as reaction1_14_0_, reactionus0_.reaction_user_id as reaction1_14_1_, reactionus0_.reaction_id as reaction2_14_1_, reactionus0_.user_id as user_id3_14_1_ from reaction_user reactionus0_ where reactionus0_.reaction_id=?
Hibernate: select reactionus0_.reaction_id as reaction2_14_0_, reactionus0_.reaction_user_id as reaction1_14_0_, reactionus0_.reaction_user_id as reaction1_14_1_, reactionus0_.reaction_id as reaction2_14_1_, reactionus0_.user_id as user_id3_14_1_ from reaction_user reactionus0_ where reactionus0_.reaction_id=?
Hibernate: select reactionus0_.reaction_id as reaction2_14_0_, reactionus0_.reaction_user_id as reaction1_14_0_, reactionus0_.reaction_user_id as reaction1_14_1_, reactionus0_.reaction_id as reaction2_14_1_, reactionus0_.user_id as user_id3_14_1_ from reaction_user reactionus0_ where reactionus0_.reaction_id=?
Hibernate: select reactionus0_.reaction_id as reaction2_14_0_, reactionus0_.reaction_user_id as reaction1_14_0_, reactionus0_.reaction_user_id as reaction1_14_1_, reactionus0_.reaction_id as reaction2_14_1_, reactionus0_.user_id as user_id3_14_1_ from reaction_user reactionus0_ where reactionus0_.reaction_id=?
Hibernate: select reactionus0_.reaction_id as reaction2_14_0_, reactionus0_.reaction_user_id as reaction1_14_0_, reactionus0_.reaction_user_id as reaction1_14_1_, reactionus0_.reaction_id as reaction2_14_1_, reactionus0_.user_id as user_id3_14_1_ from reaction_user reactionus0_ where reactionus0_.reaction_id=?
Hibernate: select commentlis0_.board_id as board_id5_7_0_, commentlis0_.comment_id as comment_1_7_0_, commentlis0_.comment_id as comment_1_7_1_, commentlis0_.board_id as board_id5_7_1_, commentlis0_.comment_content as comment_2_7_1_, commentlis0_.comment_created_at as comment_3_7_1_, commentlis0_.comment_last_modified_at as comment_4_7_1_, commentlis0_.user_id as user_id6_7_1_ from comment commentlis0_ where commentlis0_.board_id=?
Hibernate: select boardlist0_.category_id as category7_4_0_, boardlist0_.board_id as board_id1_4_0_, boardlist0_.board_id as board_id1_4_1_, boardlist0_.category_id as category7_4_1_, boardlist0_.board_content as board_co2_4_1_, boardlist0_.board_created_at as board_cr3_4_1_, boardlist0_.board_last_modified_at as board_la4_4_1_, boardlist0_.board_title as board_ti5_4_1_, boardlist0_.user_id as user_id8_4_1_, boardlist0_.board_views as board_vi6_4_1_ from board boardlist0_ where boardlist0_.category_id=?
Hibernate: select count(comment0_.comment_id) as col_0_0_ from comment comment0_ where comment0_.board_id=?
Hibernate: select count(*) as col_0_0_ from board board0_
Hibernate: select imagepathl0_.board_board_id as board_bo1_11_0_, imagepathl0_.board_image_path_list as board_im2_11_0_ from image_path_list imagepathl0_ where imagepathl0_.board_board_id=?
Hibernate: select filename0_.filename_id as filename1_9_, filename0_.filename_origin as filename2_9_, filename0_.filename_uuid as filename3_9_ from filename filename0_ where filename0_.filename_uuid=?
Hibernate: select filepathli0_.board_board_id as board_bo1_8_0_, filepathli0_.board_file_path_list as board_fi2_8_0_ from file_path_list filepathli0_ where filepathli0_.board_board_id=?
Hibernate: select filename0_.filename_id as filename1_9_, filename0_.filename_origin as filename2_9_, filename0_.filename_uuid as filename3_9_ from filename filename0_ where filename0_.filename_uuid=?
Hibernate: select U.* from USER U join BOARD B where U.USER_ID = B.USER_ID and B.BOARD_ID = ?
Hibernate: select character0_.character_id as characte1_6_0_, character0_.character_character_name as characte2_6_0_ from characters character0_ where character0_.character_id=?
Hibernate: select count(*) as col_0_0_ from user user0_ where user0_.user_id=?
Hibernate: select character1_.character_id as characte1_6_, character1_.character_character_name as characte2_6_ from user user0_ inner join characters character1_ on user0_.character_id=character1_.character_id where user0_.user_id=?
Hibernate: select permission0_.character_id as characte6_12_0_, permission0_.permission_id as permissi1_12_0_, permission0_.permission_id as permissi1_12_1_, permission0_.character_id as characte6_12_1_, permission0_.permission_name as permissi2_12_1_, permission0_.permission_permission_unit_id as permissi3_12_1_, permission0_.permission_service as permissi4_12_1_, permission0_.permission_status as permissi5_12_1_ from permission permission0_ where permission0_.character_id=?
Hibernate: select count(*) as col_0_0_ from board board0_ where board0_.board_id=?
Hibernate: select board0_.board_id as board_id1_4_0_, board0_.category_id as category7_4_0_, board0_.board_content as board_co2_4_0_, board0_.board_created_at as board_cr3_4_0_, board0_.board_last_modified_at as board_la4_4_0_, board0_.board_title as board_ti5_4_0_, board0_.user_id as user_id8_4_0_, board0_.board_views as board_vi6_4_0_ from board board0_ where board0_.board_id=?
Hibernate: select category0_.category_id as category1_5_0_, category0_.category_name as category2_5_0_ from category category0_ where category0_.category_id=?
Hibernate: select reactionli0_.board_id as board_id3_13_0_, reactionli0_.reaction_id as reaction1_13_0_, reactionli0_.reaction_id as reaction1_13_1_, reactionli0_.board_id as board_id3_13_1_, reactionli0_.reaction_type as reaction2_13_1_ from reaction reactionli0_ where reactionli0_.board_id=?
Hibernate: select reactionus0_.reaction_id as reaction2_14_0_, reactionus0_.reaction_user_id as reaction1_14_0_, reactionus0_.reaction_user_id as reaction1_14_1_, reactionus0_.reaction_id as reaction2_14_1_, reactionus0_.user_id as user_id3_14_1_ from reaction_user reactionus0_ where reactionus0_.reaction_id=?
Hibernate: select reactionus0_.reaction_id as reaction2_14_0_, reactionus0_.reaction_user_id as reaction1_14_0_, reactionus0_.reaction_user_id as reaction1_14_1_, reactionus0_.reaction_id as reaction2_14_1_, reactionus0_.user_id as user_id3_14_1_ from reaction_user reactionus0_ where reactionus0_.reaction_id=?
Hibernate: select reactionus0_.reaction_id as reaction2_14_0_, reactionus0_.reaction_user_id as reaction1_14_0_, reactionus0_.reaction_user_id as reaction1_14_1_, reactionus0_.reaction_id as reaction2_14_1_, reactionus0_.user_id as user_id3_14_1_ from reaction_user reactionus0_ where reactionus0_.reaction_id=?
Hibernate: select reactionus0_.reaction_id as reaction2_14_0_, reactionus0_.reaction_user_id as reaction1_14_0_, reactionus0_.reaction_user_id as reaction1_14_1_, reactionus0_.reaction_id as reaction2_14_1_, reactionus0_.user_id as user_id3_14_1_ from reaction_user reactionus0_ where reactionus0_.reaction_id=?
Hibernate: select reactionus0_.reaction_id as reaction2_14_0_, reactionus0_.reaction_user_id as reaction1_14_0_, reactionus0_.reaction_user_id as reaction1_14_1_, reactionus0_.reaction_id as reaction2_14_1_, reactionus0_.user_id as user_id3_14_1_ from reaction_user reactionus0_ where reactionus0_.reaction_id=?
Hibernate: select reactionus0_.reaction_id as reaction2_14_0_, reactionus0_.reaction_user_id as reaction1_14_0_, reactionus0_.reaction_user_id as reaction1_14_1_, reactionus0_.reaction_id as reaction2_14_1_, reactionus0_.user_id as user_id3_14_1_ from reaction_user reactionus0_ where reactionus0_.reaction_id=?
Hibernate: select commentlis0_.board_id as board_id5_7_0_, commentlis0_.comment_id as comment_1_7_0_, commentlis0_.comment_id as comment_1_7_1_, commentlis0_.board_id as board_id5_7_1_, commentlis0_.comment_content as comment_2_7_1_, commentlis0_.comment_created_at as comment_3_7_1_, commentlis0_.comment_last_modified_at as comment_4_7_1_, commentlis0_.user_id as user_id6_7_1_ from comment commentlis0_ where commentlis0_.board_id=?
Hibernate: select boardlist0_.category_id as category7_4_0_, boardlist0_.board_id as board_id1_4_0_, boardlist0_.board_id as board_id1_4_1_, boardlist0_.category_id as category7_4_1_, boardlist0_.board_content as board_co2_4_1_, boardlist0_.board_created_at as board_cr3_4_1_, boardlist0_.board_last_modified_at as board_la4_4_1_, boardlist0_.board_title as board_ti5_4_1_, boardlist0_.user_id as user_id8_4_1_, boardlist0_.board_views as board_vi6_4_1_ from board boardlist0_ where boardlist0_.category_id=?
Hibernate: select count(comment0_.comment_id) as col_0_0_ from comment comment0_ where comment0_.board_id=?
Hibernate: update board set category_id=?, board_content=?, board_created_at=?, board_last_modified_at=?, board_title=?, user_id=?, board_views=? where board_id=?
Hibernate: select filepathli0_.board_board_id as board_bo1_8_0_, filepathli0_.board_file_path_list as board_fi2_8_0_ from file_path_list filepathli0_ where filepathli0_.board_board_id=?
Hibernate: select filename0_.filename_id as filename1_9_, filename0_.filename_origin as filename2_9_, filename0_.filename_uuid as filename3_9_ from filename filename0_ where filename0_.filename_uuid=?
Hibernate: delete from filename where filename_id=?
Hibernate: select imagepathl0_.board_board_id as board_bo1_11_0_, imagepathl0_.board_image_path_list as board_im2_11_0_ from image_path_list imagepathl0_ where imagepathl0_.board_board_id=?
Hibernate: select filename0_.filename_id as filename1_9_, filename0_.filename_origin as filename2_9_, filename0_.filename_uuid as filename3_9_ from filename filename0_ where filename0_.filename_uuid=?
Hibernate: delete from filename where filename_id=?
Hibernate: select count(*) as col_0_0_ from board board0_ where board0_.board_id=?
Hibernate: delete from file_path_list where board_board_id=?
Hibernate: delete from image_path_list where board_board_id=?
Hibernate: delete from reaction where reaction_id=?
Hibernate: delete from reaction where reaction_id=?
Hibernate: delete from reaction where reaction_id=?
Hibernate: delete from reaction where reaction_id=?
Hibernate: delete from reaction where reaction_id=?
Hibernate: delete from reaction where reaction_id=?
Hibernate: delete from board where board_id=?
Hibernate: select user0_.user_id as user_id1_21_0_, user0_.character_id as characte7_21_0_, user0_.user_created_at as user_cre2_21_0_, user0_.user_name as user_nam3_21_0_, user0_.user_phone_number as user_pho4_21_0_, user0_.user_user_id as user_use5_21_0_, user0_.user_user_password as user_use6_21_0_ from user user0_ where user0_.user_id=?
Hibernate: select character0_.character_id as characte1_6_0_, character0_.character_character_name as characte2_6_0_ from characters character0_ where character0_.character_id=?
Hibernate: select count(*) as col_0_0_ from user user0_ where user0_.user_id=?
Hibernate: select character1_.character_id as characte1_6_, character1_.character_character_name as characte2_6_ from user user0_ inner join characters character1_ on user0_.character_id=character1_.character_id where user0_.user_id=?
Hibernate: select permission0_.character_id as characte6_12_0_, permission0_.permission_id as permissi1_12_0_, permission0_.permission_id as permissi1_12_1_, permission0_.character_id as characte6_12_1_, permission0_.permission_name as permissi2_12_1_, permission0_.permission_permission_unit_id as permissi3_12_1_, permission0_.permission_service as permissi4_12_1_, permission0_.permission_status as permissi5_12_1_ from permission permission0_ where permission0_.character_id=?
Hibernate: select count(*) as col_0_0_ from board board0_ where board0_.board_id=?
Hibernate: select user0_.user_id as col_0_0_ from user user0_ where user0_.user_user_id=? limit ?
Hibernate: select user0_.user_id as col_0_0_ from user user0_ where user0_.user_user_id=? limit ?
Hibernate: select U.* from USER U where U.USER_USER_ID =?
Hibernate: select character0_.character_id as characte1_6_0_, character0_.character_character_name as characte2_6_0_ from characters character0_ where character0_.character_id=?
Hibernate: select user0_.user_id as user_id1_21_0_, user0_.character_id as characte7_21_0_, user0_.user_created_at as user_cre2_21_0_, user0_.user_name as user_nam3_21_0_, user0_.user_phone_number as user_pho4_21_0_, user0_.user_user_id as user_use5_21_0_, user0_.user_user_password as user_use6_21_0_ from user user0_ where user0_.user_id=?
Hibernate: select character0_.character_id as characte1_6_0_, character0_.character_character_name as characte2_6_0_ from characters character0_ where character0_.character_id=?
Hibernate: select category0_.category_id as category1_5_, category0_.category_name as category2_5_ from category category0_
Hibernate: select boardlist0_.category_id as category7_4_0_, boardlist0_.board_id as board_id1_4_0_, boardlist0_.board_id as board_id1_4_1_, boardlist0_.category_id as category7_4_1_, boardlist0_.board_content as board_co2_4_1_, boardlist0_.board_created_at as board_cr3_4_1_, boardlist0_.board_last_modified_at as board_la4_4_1_, boardlist0_.board_title as board_ti5_4_1_, boardlist0_.user_id as user_id8_4_1_, boardlist0_.board_views as board_vi6_4_1_ from board boardlist0_ where boardlist0_.category_id=?
Hibernate: select boardlist0_.category_id as category7_4_0_, boardlist0_.board_id as board_id1_4_0_, boardlist0_.board_id as board_id1_4_1_, boardlist0_.category_id as category7_4_1_, boardlist0_.board_content as board_co2_4_1_, boardlist0_.board_created_at as board_cr3_4_1_, boardlist0_.board_last_modified_at as board_la4_4_1_, boardlist0_.board_title as board_ti5_4_1_, boardlist0_.user_id as user_id8_4_1_, boardlist0_.board_views as board_vi6_4_1_ from board boardlist0_ where boardlist0_.category_id=?
Hibernate: select boardlist0_.category_id as category7_4_0_, boardlist0_.board_id as board_id1_4_0_, boardlist0_.board_id as board_id1_4_1_, boardlist0_.category_id as category7_4_1_, boardlist0_.board_content as board_co2_4_1_, boardlist0_.board_created_at as board_cr3_4_1_, boardlist0_.board_last_modified_at as board_la4_4_1_, boardlist0_.board_title as board_ti5_4_1_, boardlist0_.user_id as user_id8_4_1_, boardlist0_.board_views as board_vi6_4_1_ from board boardlist0_ where boardlist0_.category_id=?
Hibernate: select user0_.user_id as user_id1_21_0_, user0_.character_id as characte7_21_0_, user0_.user_created_at as user_cre2_21_0_, user0_.user_name as user_nam3_21_0_, user0_.user_phone_number as user_pho4_21_0_, user0_.user_user_id as user_use5_21_0_, user0_.user_user_password as user_use6_21_0_ from user user0_ where user0_.user_id=?
Hibernate: select character0_.character_id as characte1_6_0_, character0_.character_character_name as characte2_6_0_ from characters character0_ where character0_.character_id=?
Hibernate: select count(*) as col_0_0_ from user user0_ where user0_.user_id=?
Hibernate: select character1_.character_id as characte1_6_, character1_.character_character_name as characte2_6_ from user user0_ inner join characters character1_ on user0_.character_id=character1_.character_id where user0_.user_id=?
Hibernate: select permission0_.character_id as characte6_12_0_, permission0_.permission_id as permissi1_12_0_, permission0_.permission_id as permissi1_12_1_, permission0_.character_id as characte6_12_1_, permission0_.permission_name as permissi2_12_1_, permission0_.permission_permission_unit_id as permissi3_12_1_, permission0_.permission_service as permissi4_12_1_, permission0_.permission_status as permissi5_12_1_ from permission permission0_ where permission0_.character_id=?
Hibernate: select count(*) as col_0_0_ from category category0_ where category0_.category_id=?
Hibernate: select count(board0_.board_id) as col_0_0_ from board board0_ where board0_.category_id=?
Hibernate: select category0_.category_id as category1_5_0_, category0_.category_name as category2_5_0_ from category category0_ where category0_.category_id=?
Hibernate: select boardlist0_.category_id as category7_4_0_, boardlist0_.board_id as board_id1_4_0_, boardlist0_.board_id as board_id1_4_1_, boardlist0_.category_id as category7_4_1_, boardlist0_.board_content as board_co2_4_1_, boardlist0_.board_created_at as board_cr3_4_1_, boardlist0_.board_last_modified_at as board_la4_4_1_, boardlist0_.board_title as board_ti5_4_1_, boardlist0_.user_id as user_id8_4_1_, boardlist0_.board_views as board_vi6_4_1_ from board boardlist0_ where boardlist0_.category_id=?
Hibernate: delete from category where category_id=?
Hibernate: select user0_.user_id as user_id1_21_0_, user0_.character_id as characte7_21_0_, user0_.user_created_at as user_cre2_21_0_, user0_.user_name as user_nam3_21_0_, user0_.user_phone_number as user_pho4_21_0_, user0_.user_user_id as user_use5_21_0_, user0_.user_user_password as user_use6_21_0_ from user user0_ where user0_.user_id=?
Hibernate: select character0_.character_id as characte1_6_0_, character0_.character_character_name as characte2_6_0_ from characters character0_ where character0_.character_id=?
Hibernate: select count(*) as col_0_0_ from user user0_ where user0_.user_id=?
Hibernate: select character1_.character_id as characte1_6_, character1_.character_character_name as characte2_6_ from user user0_ inner join characters character1_ on user0_.character_id=character1_.character_id where user0_.user_id=?
Hibernate: select permission0_.character_id as characte6_12_0_, permission0_.permission_id as permissi1_12_0_, permission0_.permission_id as permissi1_12_1_, permission0_.character_id as characte6_12_1_, permission0_.permission_name as permissi2_12_1_, permission0_.permission_permission_unit_id as permissi3_12_1_, permission0_.permission_service as permissi4_12_1_, permission0_.permission_status as permissi5_12_1_ from permission permission0_ where permission0_.character_id=?
Hibernate: select count(*) as col_0_0_ from category category0_ where category0_.category_id=?
Hibernate: select count(board0_.board_id) as col_0_0_ from board board0_ where board0_.category_id=?
Hibernate: select category0_.category_id as category1_5_0_, category0_.category_name as category2_5_0_ from category category0_ where category0_.category_id=?
Hibernate: select boardlist0_.category_id as category7_4_0_, boardlist0_.board_id as board_id1_4_0_, boardlist0_.board_id as board_id1_4_1_, boardlist0_.category_id as category7_4_1_, boardlist0_.board_content as board_co2_4_1_, boardlist0_.board_created_at as board_cr3_4_1_, boardlist0_.board_last_modified_at as board_la4_4_1_, boardlist0_.board_title as board_ti5_4_1_, boardlist0_.user_id as user_id8_4_1_, boardlist0_.board_views as board_vi6_4_1_ from board boardlist0_ where boardlist0_.category_id=?
Hibernate: delete from category where category_id=?
Hibernate: select user0_.user_id as user_id1_21_0_, user0_.character_id as characte7_21_0_, user0_.user_created_at as user_cre2_21_0_, user0_.user_name as user_nam3_21_0_, user0_.user_phone_number as user_pho4_21_0_, user0_.user_user_id as user_use5_21_0_, user0_.user_user_password as user_use6_21_0_ from user user0_ where user0_.user_id=?
Hibernate: select character0_.character_id as characte1_6_0_, character0_.character_character_name as characte2_6_0_ from characters character0_ where character0_.character_id=?
Hibernate: select count(*) as col_0_0_ from user user0_ where user0_.user_id=?
Hibernate: select character1_.character_id as characte1_6_, character1_.character_character_name as characte2_6_ from user user0_ inner join characters character1_ on user0_.character_id=character1_.character_id where user0_.user_id=?
Hibernate: select permission0_.character_id as characte6_12_0_, permission0_.permission_id as permissi1_12_0_, permission0_.permission_id as permissi1_12_1_, permission0_.character_id as characte6_12_1_, permission0_.permission_name as permissi2_12_1_, permission0_.permission_permission_unit_id as permissi3_12_1_, permission0_.permission_service as permissi4_12_1_, permission0_.permission_status as permissi5_12_1_ from permission permission0_ where permission0_.character_id=?
Hibernate: select count(*) as col_0_0_ from category category0_ where category0_.category_id=?
Hibernate: select count(board0_.board_id) as col_0_0_ from board board0_ where board0_.category_id=?
Hibernate: select category0_.category_id as category1_5_0_, category0_.category_name as category2_5_0_ from category category0_ where category0_.category_id=?
Hibernate: select boardlist0_.category_id as category7_4_0_, boardlist0_.board_id as board_id1_4_0_, boardlist0_.board_id as board_id1_4_1_, boardlist0_.category_id as category7_4_1_, boardlist0_.board_content as board_co2_4_1_, boardlist0_.board_created_at as board_cr3_4_1_, boardlist0_.board_last_modified_at as board_la4_4_1_, boardlist0_.board_title as board_ti5_4_1_, boardlist0_.user_id as user_id8_4_1_, boardlist0_.board_views as board_vi6_4_1_ from board boardlist0_ where boardlist0_.category_id=?
Hibernate: delete from category where category_id=?
Hibernate: select user0_.user_id as user_id1_21_0_, user0_.character_id as characte7_21_0_, user0_.user_created_at as user_cre2_21_0_, user0_.user_name as user_nam3_21_0_, user0_.user_phone_number as user_pho4_21_0_, user0_.user_user_id as user_use5_21_0_, user0_.user_user_password as user_use6_21_0_ from user user0_ where user0_.user_id=?
Hibernate: select character0_.character_id as characte1_6_0_, character0_.character_character_name as characte2_6_0_ from characters character0_ where character0_.character_id=?
Hibernate: select count(*) as col_0_0_ from user user0_ where user0_.user_id=?
Hibernate: select character1_.character_id as characte1_6_, character1_.character_character_name as characte2_6_ from user user0_ inner join characters character1_ on user0_.character_id=character1_.character_id where user0_.user_id=?
Hibernate: select permission0_.character_id as characte6_12_0_, permission0_.permission_id as permissi1_12_0_, permission0_.permission_id as permissi1_12_1_, permission0_.character_id as characte6_12_1_, permission0_.permission_name as permissi2_12_1_, permission0_.permission_permission_unit_id as permissi3_12_1_, permission0_.permission_service as permissi4_12_1_, permission0_.permission_status as permissi5_12_1_ from permission permission0_ where permission0_.character_id=?
Hibernate: select category0_.category_id as col_0_0_ from category category0_ where category0_.category_name=? limit ?
Hibernate: select category0_.category_id as category1_5_1_, category0_.category_name as category2_5_1_, boardlist1_.category_id as category7_4_3_, boardlist1_.board_id as board_id1_4_3_, boardlist1_.board_id as board_id1_4_0_, boardlist1_.category_id as category7_4_0_, boardlist1_.board_content as board_co2_4_0_, boardlist1_.board_created_at as board_cr3_4_0_, boardlist1_.board_last_modified_at as board_la4_4_0_, boardlist1_.board_title as board_ti5_4_0_, boardlist1_.user_id as user_id8_4_0_, boardlist1_.board_views as board_vi6_4_0_ from category category0_ left outer join board boardlist1_ on category0_.category_id=boardlist1_.category_id where category0_.category_id=?
Hibernate: insert into category (category_id, category_name) values (default, ?)
Hibernate: select user0_.user_id as user_id1_21_0_, user0_.character_id as characte7_21_0_, user0_.user_created_at as user_cre2_21_0_, user0_.user_name as user_nam3_21_0_, user0_.user_phone_number as user_pho4_21_0_, user0_.user_user_id as user_use5_21_0_, user0_.user_user_password as user_use6_21_0_ from user user0_ where user0_.user_id=?
Hibernate: select character0_.character_id as characte1_6_0_, character0_.character_character_name as characte2_6_0_ from characters character0_ where character0_.character_id=?
Hibernate: select count(*) as col_0_0_ from user user0_ where user0_.user_id=?
Hibernate: select character1_.character_id as characte1_6_, character1_.character_character_name as characte2_6_ from user user0_ inner join characters character1_ on user0_.character_id=character1_.character_id where user0_.user_id=?
Hibernate: select permission0_.character_id as characte6_12_0_, permission0_.permission_id as permissi1_12_0_, permission0_.permission_id as permissi1_12_1_, permission0_.character_id as characte6_12_1_, permission0_.permission_name as permissi2_12_1_, permission0_.permission_permission_unit_id as permissi3_12_1_, permission0_.permission_service as permissi4_12_1_, permission0_.permission_status as permissi5_12_1_ from permission permission0_ where permission0_.character_id=?
Hibernate: select category0_.category_id as col_0_0_ from category category0_ where category0_.category_name=? limit ?
Hibernate: select category0_.category_id as category1_5_1_, category0_.category_name as category2_5_1_, boardlist1_.category_id as category7_4_3_, boardlist1_.board_id as board_id1_4_3_, boardlist1_.board_id as board_id1_4_0_, boardlist1_.category_id as category7_4_0_, boardlist1_.board_content as board_co2_4_0_, boardlist1_.board_created_at as board_cr3_4_0_, boardlist1_.board_last_modified_at as board_la4_4_0_, boardlist1_.board_title as board_ti5_4_0_, boardlist1_.user_id as user_id8_4_0_, boardlist1_.board_views as board_vi6_4_0_ from category category0_ left outer join board boardlist1_ on category0_.category_id=boardlist1_.category_id where category0_.category_id=?
Hibernate: insert into category (category_id, category_name) values (default, ?)
Hibernate: select user0_.user_id as col_0_0_ from user user0_ where user0_.user_user_id=? limit ?
Hibernate: select user0_.user_id as col_0_0_ from user user0_ where user0_.user_user_id=? limit ?
Hibernate: select U.* from USER U where U.USER_USER_ID =?
Hibernate: select character0_.character_id as characte1_6_0_, character0_.character_character_name as characte2_6_0_ from characters character0_ where character0_.character_id=?
Hibernate: select user0_.user_id as col_0_0_ from user user0_ where user0_.user_user_id=? limit ?
Hibernate: select user0_.user_id as col_0_0_ from user user0_ where user0_.user_user_id=? limit ?
Hibernate: select U.* from USER U where U.USER_USER_ID =?
Hibernate: select character0_.character_id as characte1_6_0_, character0_.character_character_name as characte2_6_0_ from characters character0_ where character0_.character_id=?
Hibernate: select user0_.user_id as user_id1_21_0_, user0_.character_id as characte7_21_0_, user0_.user_created_at as user_cre2_21_0_, user0_.user_name as user_nam3_21_0_, user0_.user_phone_number as user_pho4_21_0_, user0_.user_user_id as user_use5_21_0_, user0_.user_user_password as user_use6_21_0_ from user user0_ where user0_.user_id=?
Hibernate: select character0_.character_id as characte1_6_0_, character0_.character_character_name as characte2_6_0_ from characters character0_ where character0_.character_id=?
Hibernate: select count(*) as col_0_0_ from board board0_
Hibernate: select count(*) as col_0_0_ from board board0_
Hibernate: select user0_.user_id as col_0_0_ from user user0_ where user0_.user_user_id=? limit ?
Hibernate: select user0_.user_id as col_0_0_ from user user0_ where user0_.user_user_id=? limit ?
Hibernate: select U.* from USER U where U.USER_USER_ID =?
Hibernate: select character0_.character_id as characte1_6_0_, character0_.character_character_name as characte2_6_0_ from characters character0_ where character0_.character_id=?
Hibernate: select user0_.user_id as user_id1_21_0_, user0_.character_id as characte7_21_0_, user0_.user_created_at as user_cre2_21_0_, user0_.user_name as user_nam3_21_0_, user0_.user_phone_number as user_pho4_21_0_, user0_.user_user_id as user_use5_21_0_, user0_.user_user_password as user_use6_21_0_ from user user0_ where user0_.user_id=?
Hibernate: select character0_.character_id as characte1_6_0_, character0_.character_character_name as characte2_6_0_ from characters character0_ where character0_.character_id=?
Hibernate: select category0_.category_id as category1_5_, category0_.category_name as category2_5_ from category category0_
Hibernate: select boardlist0_.category_id as category7_4_0_, boardlist0_.board_id as board_id1_4_0_, boardlist0_.board_id as board_id1_4_1_, boardlist0_.category_id as category7_4_1_, boardlist0_.board_content as board_co2_4_1_, boardlist0_.board_created_at as board_cr3_4_1_, boardlist0_.board_last_modified_at as board_la4_4_1_, boardlist0_.board_title as board_ti5_4_1_, boardlist0_.user_id as user_id8_4_1_, boardlist0_.board_views as board_vi6_4_1_ from board boardlist0_ where boardlist0_.category_id=?
Hibernate: select boardlist0_.category_id as category7_4_0_, boardlist0_.board_id as board_id1_4_0_, boardlist0_.board_id as board_id1_4_1_, boardlist0_.category_id as category7_4_1_, boardlist0_.board_content as board_co2_4_1_, boardlist0_.board_created_at as board_cr3_4_1_, boardlist0_.board_last_modified_at as board_la4_4_1_, boardlist0_.board_title as board_ti5_4_1_, boardlist0_.user_id as user_id8_4_1_, boardlist0_.board_views as board_vi6_4_1_ from board boardlist0_ where boardlist0_.category_id=?
Hibernate: select user0_.user_id as user_id1_21_0_, user0_.character_id as characte7_21_0_, user0_.user_created_at as user_cre2_21_0_, user0_.user_name as user_nam3_21_0_, user0_.user_phone_number as user_pho4_21_0_, user0_.user_user_id as user_use5_21_0_, user0_.user_user_password as user_use6_21_0_ from user user0_ where user0_.user_id=?
Hibernate: select character0_.character_id as characte1_6_0_, character0_.character_character_name as characte2_6_0_ from characters character0_ where character0_.character_id=?
Hibernate: select count(*) as col_0_0_ from user user0_ where user0_.user_id=?
Hibernate: select character1_.character_id as characte1_6_, character1_.character_character_name as characte2_6_ from user user0_ inner join characters character1_ on user0_.character_id=character1_.character_id where user0_.user_id=?
Hibernate: select permission0_.character_id as characte6_12_0_, permission0_.permission_id as permissi1_12_0_, permission0_.permission_id as permissi1_12_1_, permission0_.character_id as characte6_12_1_, permission0_.permission_name as permissi2_12_1_, permission0_.permission_permission_unit_id as permissi3_12_1_, permission0_.permission_service as permissi4_12_1_, permission0_.permission_status as permissi5_12_1_ from permission permission0_ where permission0_.character_id=?
Hibernate: select count(*) as col_0_0_ from category category0_ where category0_.category_id=?
Hibernate: select count(board0_.board_id) as col_0_0_ from board board0_ where board0_.category_id=?
Hibernate: select category0_.category_id as category1_5_0_, category0_.category_name as category2_5_0_ from category category0_ where category0_.category_id=?
Hibernate: select boardlist0_.category_id as category7_4_0_, boardlist0_.board_id as board_id1_4_0_, boardlist0_.board_id as board_id1_4_1_, boardlist0_.category_id as category7_4_1_, boardlist0_.board_content as board_co2_4_1_, boardlist0_.board_created_at as board_cr3_4_1_, boardlist0_.board_last_modified_at as board_la4_4_1_, boardlist0_.board_title as board_ti5_4_1_, boardlist0_.user_id as user_id8_4_1_, boardlist0_.board_views as board_vi6_4_1_ from board boardlist0_ where boardlist0_.category_id=?
Hibernate: delete from category where category_id=?
Hibernate: select user0_.user_id as user_id1_21_0_, user0_.character_id as characte7_21_0_, user0_.user_created_at as user_cre2_21_0_, user0_.user_name as user_nam3_21_0_, user0_.user_phone_number as user_pho4_21_0_, user0_.user_user_id as user_use5_21_0_, user0_.user_user_password as user_use6_21_0_ from user user0_ where user0_.user_id=?
Hibernate: select character0_.character_id as characte1_6_0_, character0_.character_character_name as characte2_6_0_ from characters character0_ where character0_.character_id=?
Hibernate: select count(*) as col_0_0_ from user user0_ where user0_.user_id=?
Hibernate: select character1_.character_id as characte1_6_, character1_.character_character_name as characte2_6_ from user user0_ inner join characters character1_ on user0_.character_id=character1_.character_id where user0_.user_id=?
Hibernate: select permission0_.character_id as characte6_12_0_, permission0_.permission_id as permissi1_12_0_, permission0_.permission_id as permissi1_12_1_, permission0_.character_id as characte6_12_1_, permission0_.permission_name as permissi2_12_1_, permission0_.permission_permission_unit_id as permissi3_12_1_, permission0_.permission_service as permissi4_12_1_, permission0_.permission_status as permissi5_12_1_ from permission permission0_ where permission0_.character_id=?
Hibernate: select count(*) as col_0_0_ from category category0_ where category0_.category_id=?
Hibernate: select count(board0_.board_id) as col_0_0_ from board board0_ where board0_.category_id=?
Hibernate: select category0_.category_id as category1_5_0_, category0_.category_name as category2_5_0_ from category category0_ where category0_.category_id=?
Hibernate: select boardlist0_.category_id as category7_4_0_, boardlist0_.board_id as board_id1_4_0_, boardlist0_.board_id as board_id1_4_1_, boardlist0_.category_id as category7_4_1_, boardlist0_.board_content as board_co2_4_1_, boardlist0_.board_created_at as board_cr3_4_1_, boardlist0_.board_last_modified_at as board_la4_4_1_, boardlist0_.board_title as board_ti5_4_1_, boardlist0_.user_id as user_id8_4_1_, boardlist0_.board_views as board_vi6_4_1_ from board boardlist0_ where boardlist0_.category_id=?
Hibernate: delete from category where category_id=?
Hibernate: select user0_.user_id as user_id1_21_0_, user0_.character_id as characte7_21_0_, user0_.user_created_at as user_cre2_21_0_, user0_.user_name as user_nam3_21_0_, user0_.user_phone_number as user_pho4_21_0_, user0_.user_user_id as user_use5_21_0_, user0_.user_user_password as user_use6_21_0_ from user user0_ where user0_.user_id=?
Hibernate: select character0_.character_id as characte1_6_0_, character0_.character_character_name as characte2_6_0_ from characters character0_ where character0_.character_id=?
Hibernate: select count(*) as col_0_0_ from user user0_ where user0_.user_id=?
Hibernate: select character1_.character_id as characte1_6_, character1_.character_character_name as characte2_6_ from user user0_ inner join characters character1_ on user0_.character_id=character1_.character_id where user0_.user_id=?
Hibernate: select permission0_.character_id as characte6_12_0_, permission0_.permission_id as permissi1_12_0_, permission0_.permission_id as permissi1_12_1_, permission0_.character_id as characte6_12_1_, permission0_.permission_name as permissi2_12_1_, permission0_.permission_permission_unit_id as permissi3_12_1_, permission0_.permission_service as permissi4_12_1_, permission0_.permission_status as permissi5_12_1_ from permission permission0_ where permission0_.character_id=?
Hibernate: select category0_.category_id as col_0_0_ from category category0_ where category0_.category_name=? limit ?
Hibernate: select category0_.category_id as category1_5_1_, category0_.category_name as category2_5_1_, boardlist1_.category_id as category7_4_3_, boardlist1_.board_id as board_id1_4_3_, boardlist1_.board_id as board_id1_4_0_, boardlist1_.category_id as category7_4_0_, boardlist1_.board_content as board_co2_4_0_, boardlist1_.board_created_at as board_cr3_4_0_, boardlist1_.board_last_modified_at as board_la4_4_0_, boardlist1_.board_title as board_ti5_4_0_, boardlist1_.user_id as user_id8_4_0_, boardlist1_.board_views as board_vi6_4_0_ from category category0_ left outer join board boardlist1_ on category0_.category_id=boardlist1_.category_id where category0_.category_id=?
Hibernate: insert into category (category_id, category_name) values (default, ?)
Hibernate: select user0_.user_id as user_id1_21_0_, user0_.character_id as characte7_21_0_, user0_.user_created_at as user_cre2_21_0_, user0_.user_name as user_nam3_21_0_, user0_.user_phone_number as user_pho4_21_0_, user0_.user_user_id as user_use5_21_0_, user0_.user_user_password as user_use6_21_0_ from user user0_ where user0_.user_id=?
Hibernate: select character0_.character_id as characte1_6_0_, character0_.character_character_name as characte2_6_0_ from characters character0_ where character0_.character_id=?
Hibernate: select count(*) as col_0_0_ from user user0_ where user0_.user_id=?
Hibernate: select character1_.character_id as characte1_6_, character1_.character_character_name as characte2_6_ from user user0_ inner join characters character1_ on user0_.character_id=character1_.character_id where user0_.user_id=?
Hibernate: select permission0_.character_id as characte6_12_0_, permission0_.permission_id as permissi1_12_0_, permission0_.permission_id as permissi1_12_1_, permission0_.character_id as characte6_12_1_, permission0_.permission_name as permissi2_12_1_, permission0_.permission_permission_unit_id as permissi3_12_1_, permission0_.permission_service as permissi4_12_1_, permission0_.permission_status as permissi5_12_1_ from permission permission0_ where permission0_.character_id=?
Hibernate: select category0_.category_id as col_0_0_ from category category0_ where category0_.category_name=? limit ?
Hibernate: select category0_.category_id as category1_5_1_, category0_.category_name as category2_5_1_, boardlist1_.category_id as category7_4_3_, boardlist1_.board_id as board_id1_4_3_, boardlist1_.board_id as board_id1_4_0_, boardlist1_.category_id as category7_4_0_, boardlist1_.board_content as board_co2_4_0_, boardlist1_.board_created_at as board_cr3_4_0_, boardlist1_.board_last_modified_at as board_la4_4_0_, boardlist1_.board_title as board_ti5_4_0_, boardlist1_.user_id as user_id8_4_0_, boardlist1_.board_views as board_vi6_4_0_ from category category0_ left outer join board boardlist1_ on category0_.category_id=boardlist1_.category_id where category0_.category_id=?
Hibernate: insert into category (category_id, category_name) values (default, ?)
Hibernate: select user0_.user_id as col_0_0_ from user user0_ where user0_.user_user_id=? limit ?
Hibernate: select user0_.user_id as col_0_0_ from user user0_ where user0_.user_user_id=? limit ?
Hibernate: select U.* from USER U where U.USER_USER_ID =?
Hibernate: select character0_.character_id as characte1_6_0_, character0_.character_character_name as characte2_6_0_ from characters character0_ where character0_.character_id=?
Hibernate: select user0_.user_id as col_0_0_ from user user0_ where user0_.user_user_id=? limit ?
Hibernate: select user0_.user_id as col_0_0_ from user user0_ where user0_.user_user_id=? limit ?
Hibernate: select U.* from USER U where U.USER_USER_ID =?
Hibernate: select character0_.character_id as characte1_6_0_, character0_.character_character_name as characte2_6_0_ from characters character0_ where character0_.character_id=?
Hibernate: select user0_.user_id as user_id1_21_0_, user0_.character_id as characte7_21_0_, user0_.user_created_at as user_cre2_21_0_, user0_.user_name as user_nam3_21_0_, user0_.user_phone_number as user_pho4_21_0_, user0_.user_user_id as user_use5_21_0_, user0_.user_user_password as user_use6_21_0_ from user user0_ where user0_.user_id=?
Hibernate: select character0_.character_id as characte1_6_0_, character0_.character_character_name as characte2_6_0_ from characters character0_ where character0_.character_id=?
Hibernate: select count(*) as col_0_0_ from user user0_ where user0_.user_id=?
Hibernate: select character1_.character_id as characte1_6_, character1_.character_character_name as characte2_6_ from user user0_ inner join characters character1_ on user0_.character_id=character1_.character_id where user0_.user_id=?
Hibernate: select permission0_.character_id as characte6_12_0_, permission0_.permission_id as permissi1_12_0_, permission0_.permission_id as permissi1_12_1_, permission0_.character_id as characte6_12_1_, permission0_.permission_name as permissi2_12_1_, permission0_.permission_permission_unit_id as permissi3_12_1_, permission0_.permission_service as permissi4_12_1_, permission0_.permission_status as permissi5_12_1_ from permission permission0_ where permission0_.character_id=?
Hibernate: select category0_.category_id as col_0_0_ from category category0_ where category0_.category_name=? limit ?
Hibernate: select category0_.category_id as category1_5_1_, category0_.category_name as category2_5_1_, boardlist1_.category_id as category7_4_3_, boardlist1_.board_id as board_id1_4_3_, boardlist1_.board_id as board_id1_4_0_, boardlist1_.category_id as category7_4_0_, boardlist1_.board_content as board_co2_4_0_, boardlist1_.board_created_at as board_cr3_4_0_, boardlist1_.board_last_modified_at as board_la4_4_0_, boardlist1_.board_title as board_ti5_4_0_, boardlist1_.user_id as user_id8_4_0_, boardlist1_.board_views as board_vi6_4_0_ from category category0_ left outer join board boardlist1_ on category0_.category_id=boardlist1_.category_id where category0_.category_id=?
Hibernate: insert into category (category_id, category_name) values (default, ?)
Hibernate: select user0_.user_id as user_id1_21_0_, user0_.character_id as characte7_21_0_, user0_.user_created_at as user_cre2_21_0_, user0_.user_name as user_nam3_21_0_, user0_.user_phone_number as user_pho4_21_0_, user0_.user_user_id as user_use5_21_0_, user0_.user_user_password as user_use6_21_0_ from user user0_ where user0_.user_id=?
Hibernate: select character0_.character_id as characte1_6_0_, character0_.character_character_name as characte2_6_0_ from characters character0_ where character0_.character_id=?
Hibernate: select category0_.category_id as category1_5_, category0_.category_name as category2_5_ from category category0_
Hibernate: select boardlist0_.category_id as category7_4_0_, boardlist0_.board_id as board_id1_4_0_, boardlist0_.board_id as board_id1_4_1_, boardlist0_.category_id as category7_4_1_, boardlist0_.board_content as board_co2_4_1_, boardlist0_.board_created_at as board_cr3_4_1_, boardlist0_.board_last_modified_at as board_la4_4_1_, boardlist0_.board_title as board_ti5_4_1_, boardlist0_.user_id as user_id8_4_1_, boardlist0_.board_views as board_vi6_4_1_ from board boardlist0_ where boardlist0_.category_id=?
Hibernate: select boardlist0_.category_id as category7_4_0_, boardlist0_.board_id as board_id1_4_0_, boardlist0_.board_id as board_id1_4_1_, boardlist0_.category_id as category7_4_1_, boardlist0_.board_content as board_co2_4_1_, boardlist0_.board_created_at as board_cr3_4_1_, boardlist0_.board_last_modified_at as board_la4_4_1_, boardlist0_.board_title as board_ti5_4_1_, boardlist0_.user_id as user_id8_4_1_, boardlist0_.board_views as board_vi6_4_1_ from board boardlist0_ where boardlist0_.category_id=?
Hibernate: select boardlist0_.category_id as category7_4_0_, boardlist0_.board_id as board_id1_4_0_, boardlist0_.board_id as board_id1_4_1_, boardlist0_.category_id as category7_4_1_, boardlist0_.board_content as board_co2_4_1_, boardlist0_.board_created_at as board_cr3_4_1_, boardlist0_.board_last_modified_at as board_la4_4_1_, boardlist0_.board_title as board_ti5_4_1_, boardlist0_.user_id as user_id8_4_1_, boardlist0_.board_views as board_vi6_4_1_ from board boardlist0_ where boardlist0_.category_id=?
Hibernate: select user0_.user_id as col_0_0_ from user user0_ where user0_.user_user_id=? limit ?
Hibernate: select user0_.user_id as col_0_0_ from user user0_ where user0_.user_user_id=? limit ?
Hibernate: select U.* from USER U where U.USER_USER_ID =?
Hibernate: select character0_.character_id as characte1_6_0_, character0_.character_character_name as characte2_6_0_ from characters character0_ where character0_.character_id=?
Hibernate: select user0_.user_id as user_id1_21_0_, user0_.character_id as characte7_21_0_, user0_.user_created_at as user_cre2_21_0_, user0_.user_name as user_nam3_21_0_, user0_.user_phone_number as user_pho4_21_0_, user0_.user_user_id as user_use5_21_0_, user0_.user_user_password as user_use6_21_0_ from user user0_ where user0_.user_id=?
Hibernate: select character0_.character_id as characte1_6_0_, character0_.character_character_name as characte2_6_0_ from characters character0_ where character0_.character_id=?
Hibernate: select count(*) as col_0_0_ from board board0_
Hibernate: select count(*) as col_0_0_ from board board0_
Hibernate: select user0_.user_id as col_0_0_ from user user0_ where user0_.user_user_id=? limit ?
Hibernate: select user0_.user_id as col_0_0_ from user user0_ where user0_.user_user_id=? limit ?
Hibernate: select U.* from USER U where U.USER_USER_ID =?
Hibernate: select character0_.character_id as characte1_6_0_, character0_.character_character_name as characte2_6_0_ from characters character0_ where character0_.character_id=?
Hibernate: select user0_.user_id as user_id1_21_0_, user0_.character_id as characte7_21_0_, user0_.user_created_at as user_cre2_21_0_, user0_.user_name as user_nam3_21_0_, user0_.user_phone_number as user_pho4_21_0_, user0_.user_user_id as user_use5_21_0_, user0_.user_user_password as user_use6_21_0_ from user user0_ where user0_.user_id=?
Hibernate: select character0_.character_id as characte1_6_0_, character0_.character_character_name as characte2_6_0_ from characters character0_ where character0_.character_id=?
Hibernate: select category0_.category_id as category1_5_, category0_.category_name as category2_5_ from category category0_
Hibernate: select boardlist0_.category_id as category7_4_0_, boardlist0_.board_id as board_id1_4_0_, boardlist0_.board_id as board_id1_4_1_, boardlist0_.category_id as category7_4_1_, boardlist0_.board_content as board_co2_4_1_, boardlist0_.board_created_at as board_cr3_4_1_, boardlist0_.board_last_modified_at as board_la4_4_1_, boardlist0_.board_title as board_ti5_4_1_, boardlist0_.user_id as user_id8_4_1_, boardlist0_.board_views as board_vi6_4_1_ from board boardlist0_ where boardlist0_.category_id=?
Hibernate: select boardlist0_.category_id as category7_4_0_, boardlist0_.board_id as board_id1_4_0_, boardlist0_.board_id as board_id1_4_1_, boardlist0_.category_id as category7_4_1_, boardlist0_.board_content as board_co2_4_1_, boardlist0_.board_created_at as board_cr3_4_1_, boardlist0_.board_last_modified_at as board_la4_4_1_, boardlist0_.board_title as board_ti5_4_1_, boardlist0_.user_id as user_id8_4_1_, boardlist0_.board_views as board_vi6_4_1_ from board boardlist0_ where boardlist0_.category_id=?
Hibernate: select boardlist0_.category_id as category7_4_0_, boardlist0_.board_id as board_id1_4_0_, boardlist0_.board_id as board_id1_4_1_, boardlist0_.category_id as category7_4_1_, boardlist0_.board_content as board_co2_4_1_, boardlist0_.board_created_at as board_cr3_4_1_, boardlist0_.board_last_modified_at as board_la4_4_1_, boardlist0_.board_title as board_ti5_4_1_, boardlist0_.user_id as user_id8_4_1_, boardlist0_.board_views as board_vi6_4_1_ from board boardlist0_ where boardlist0_.category_id=?
Hibernate: select user0_.user_id as user_id1_21_0_, user0_.character_id as characte7_21_0_, user0_.user_created_at as user_cre2_21_0_, user0_.user_name as user_nam3_21_0_, user0_.user_phone_number as user_pho4_21_0_, user0_.user_user_id as user_use5_21_0_, user0_.user_user_password as user_use6_21_0_ from user user0_ where user0_.user_id=?
Hibernate: select character0_.character_id as characte1_6_0_, character0_.character_character_name as characte2_6_0_ from characters character0_ where character0_.character_id=?
Hibernate: select count(*) as col_0_0_ from user user0_ where user0_.user_id=?
Hibernate: select character1_.character_id as characte1_6_, character1_.character_character_name as characte2_6_ from user user0_ inner join characters character1_ on user0_.character_id=character1_.character_id where user0_.user_id=?
Hibernate: select permission0_.character_id as characte6_12_0_, permission0_.permission_id as permissi1_12_0_, permission0_.permission_id as permissi1_12_1_, permission0_.character_id as characte6_12_1_, permission0_.permission_name as permissi2_12_1_, permission0_.permission_permission_unit_id as permissi3_12_1_, permission0_.permission_service as permissi4_12_1_, permission0_.permission_status as permissi5_12_1_ from permission permission0_ where permission0_.character_id=?
Hibernate: select count(*) as col_0_0_ from category category0_ where category0_.category_id=?
Hibernate: select count(board0_.board_id) as col_0_0_ from board board0_ where board0_.category_id=?
Hibernate: select category0_.category_id as category1_5_0_, category0_.category_name as category2_5_0_ from category category0_ where category0_.category_id=?
Hibernate: select boardlist0_.category_id as category7_4_0_, boardlist0_.board_id as board_id1_4_0_, boardlist0_.board_id as board_id1_4_1_, boardlist0_.category_id as category7_4_1_, boardlist0_.board_content as board_co2_4_1_, boardlist0_.board_created_at as board_cr3_4_1_, boardlist0_.board_last_modified_at as board_la4_4_1_, boardlist0_.board_title as board_ti5_4_1_, boardlist0_.user_id as user_id8_4_1_, boardlist0_.board_views as board_vi6_4_1_ from board boardlist0_ where boardlist0_.category_id=?
Hibernate: delete from category where category_id=?
Hibernate: select user0_.user_id as user_id1_21_0_, user0_.character_id as characte7_21_0_, user0_.user_created_at as user_cre2_21_0_, user0_.user_name as user_nam3_21_0_, user0_.user_phone_number as user_pho4_21_0_, user0_.user_user_id as user_use5_21_0_, user0_.user_user_password as user_use6_21_0_ from user user0_ where user0_.user_id=?
Hibernate: select character0_.character_id as characte1_6_0_, character0_.character_character_name as characte2_6_0_ from characters character0_ where character0_.character_id=?
Hibernate: select count(*) as col_0_0_ from user user0_ where user0_.user_id=?
Hibernate: select character1_.character_id as characte1_6_, character1_.character_character_name as characte2_6_ from user user0_ inner join characters character1_ on user0_.character_id=character1_.character_id where user0_.user_id=?
Hibernate: select permission0_.character_id as characte6_12_0_, permission0_.permission_id as permissi1_12_0_, permission0_.permission_id as permissi1_12_1_, permission0_.character_id as characte6_12_1_, permission0_.permission_name as permissi2_12_1_, permission0_.permission_permission_unit_id as permissi3_12_1_, permission0_.permission_service as permissi4_12_1_, permission0_.permission_status as permissi5_12_1_ from permission permission0_ where permission0_.character_id=?
Hibernate: select count(*) as col_0_0_ from category category0_ where category0_.category_id=?
Hibernate: select count(board0_.board_id) as col_0_0_ from board board0_ where board0_.category_id=?
Hibernate: select category0_.category_id as category1_5_0_, category0_.category_name as category2_5_0_ from category category0_ where category0_.category_id=?
Hibernate: select boardlist0_.category_id as category7_4_0_, boardlist0_.board_id as board_id1_4_0_, boardlist0_.board_id as board_id1_4_1_, boardlist0_.category_id as category7_4_1_, boardlist0_.board_content as board_co2_4_1_, boardlist0_.board_created_at as board_cr3_4_1_, boardlist0_.board_last_modified_at as board_la4_4_1_, boardlist0_.board_title as board_ti5_4_1_, boardlist0_.user_id as user_id8_4_1_, boardlist0_.board_views as board_vi6_4_1_ from board boardlist0_ where boardlist0_.category_id=?
Hibernate: delete from category where category_id=?
Hibernate: select user0_.user_id as user_id1_21_0_, user0_.character_id as characte7_21_0_, user0_.user_created_at as user_cre2_21_0_, user0_.user_name as user_nam3_21_0_, user0_.user_phone_number as user_pho4_21_0_, user0_.user_user_id as user_use5_21_0_, user0_.user_user_password as user_use6_21_0_ from user user0_ where user0_.user_id=?
Hibernate: select character0_.character_id as characte1_6_0_, character0_.character_character_name as characte2_6_0_ from characters character0_ where character0_.character_id=?
Hibernate: select count(*) as col_0_0_ from user user0_ where user0_.user_id=?
Hibernate: select character1_.character_id as characte1_6_, character1_.character_character_name as characte2_6_ from user user0_ inner join characters character1_ on user0_.character_id=character1_.character_id where user0_.user_id=?
Hibernate: select permission0_.character_id as characte6_12_0_, permission0_.permission_id as permissi1_12_0_, permission0_.permission_id as permissi1_12_1_, permission0_.character_id as characte6_12_1_, permission0_.permission_name as permissi2_12_1_, permission0_.permission_permission_unit_id as permissi3_12_1_, permission0_.permission_service as permissi4_12_1_, permission0_.permission_status as permissi5_12_1_ from permission permission0_ where permission0_.character_id=?
Hibernate: select count(*) as col_0_0_ from category category0_ where category0_.category_id=?
Hibernate: select count(board0_.board_id) as col_0_0_ from board board0_ where board0_.category_id=?
Hibernate: select category0_.category_id as category1_5_0_, category0_.category_name as category2_5_0_ from category category0_ where category0_.category_id=?
Hibernate: select boardlist0_.category_id as category7_4_0_, boardlist0_.board_id as board_id1_4_0_, boardlist0_.board_id as board_id1_4_1_, boardlist0_.category_id as category7_4_1_, boardlist0_.board_content as board_co2_4_1_, boardlist0_.board_created_at as board_cr3_4_1_, boardlist0_.board_last_modified_at as board_la4_4_1_, boardlist0_.board_title as board_ti5_4_1_, boardlist0_.user_id as user_id8_4_1_, boardlist0_.board_views as board_vi6_4_1_ from board boardlist0_ where boardlist0_.category_id=?
Hibernate: delete from category where category_id=?
Hibernate: select user0_.user_id as user_id1_21_0_, user0_.character_id as characte7_21_0_, user0_.user_created_at as user_cre2_21_0_, user0_.user_name as user_nam3_21_0_, user0_.user_phone_number as user_pho4_21_0_, user0_.user_user_id as user_use5_21_0_, user0_.user_user_password as user_use6_21_0_ from user user0_ where user0_.user_id=?
Hibernate: select character0_.character_id as characte1_6_0_, character0_.character_character_name as characte2_6_0_ from characters character0_ where character0_.character_id=?
Hibernate: select count(*) as col_0_0_ from user user0_ where user0_.user_id=?
Hibernate: select character1_.character_id as characte1_6_, character1_.character_character_name as characte2_6_ from user user0_ inner join characters character1_ on user0_.character_id=character1_.character_id where user0_.user_id=?
Hibernate: select permission0_.character_id as characte6_12_0_, permission0_.permission_id as permissi1_12_0_, permission0_.permission_id as permissi1_12_1_, permission0_.character_id as characte6_12_1_, permission0_.permission_name as permissi2_12_1_, permission0_.permission_permission_unit_id as permissi3_12_1_, permission0_.permission_service as permissi4_12_1_, permission0_.permission_status as permissi5_12_1_ from permission permission0_ where permission0_.character_id=?
Hibernate: select category0_.category_id as col_0_0_ from category category0_ where category0_.category_name=? limit ?
Hibernate: select category0_.category_id as category1_5_1_, category0_.category_name as category2_5_1_, boardlist1_.category_id as category7_4_3_, boardlist1_.board_id as board_id1_4_3_, boardlist1_.board_id as board_id1_4_0_, boardlist1_.category_id as category7_4_0_, boardlist1_.board_content as board_co2_4_0_, boardlist1_.board_created_at as board_cr3_4_0_, boardlist1_.board_last_modified_at as board_la4_4_0_, boardlist1_.board_title as board_ti5_4_0_, boardlist1_.user_id as user_id8_4_0_, boardlist1_.board_views as board_vi6_4_0_ from category category0_ left outer join board boardlist1_ on category0_.category_id=boardlist1_.category_id where category0_.category_id=?
Hibernate: insert into category (category_id, category_name) values (default, ?)
Hibernate: select user0_.user_id as user_id1_21_0_, user0_.character_id as characte7_21_0_, user0_.user_created_at as user_cre2_21_0_, user0_.user_name as user_nam3_21_0_, user0_.user_phone_number as user_pho4_21_0_, user0_.user_user_id as user_use5_21_0_, user0_.user_user_password as user_use6_21_0_ from user user0_ where user0_.user_id=?
Hibernate: select character0_.character_id as characte1_6_0_, character0_.character_character_name as characte2_6_0_ from characters character0_ where character0_.character_id=?
Hibernate: select count(*) as col_0_0_ from user user0_ where user0_.user_id=?
Hibernate: select character1_.character_id as characte1_6_, character1_.character_character_name as characte2_6_ from user user0_ inner join characters character1_ on user0_.character_id=character1_.character_id where user0_.user_id=?
Hibernate: select permission0_.character_id as characte6_12_0_, permission0_.permission_id as permissi1_12_0_, permission0_.permission_id as permissi1_12_1_, permission0_.character_id as characte6_12_1_, permission0_.permission_name as permissi2_12_1_, permission0_.permission_permission_unit_id as permissi3_12_1_, permission0_.permission_service as permissi4_12_1_, permission0_.permission_status as permissi5_12_1_ from permission permission0_ where permission0_.character_id=?
Hibernate: select category0_.category_id as col_0_0_ from category category0_ where category0_.category_name=? limit ?
Hibernate: select category0_.category_id as category1_5_1_, category0_.category_name as category2_5_1_, boardlist1_.category_id as category7_4_3_, boardlist1_.board_id as board_id1_4_3_, boardlist1_.board_id as board_id1_4_0_, boardlist1_.category_id as category7_4_0_, boardlist1_.board_content as board_co2_4_0_, boardlist1_.board_created_at as board_cr3_4_0_, boardlist1_.board_last_modified_at as board_la4_4_0_, boardlist1_.board_title as board_ti5_4_0_, boardlist1_.user_id as user_id8_4_0_, boardlist1_.board_views as board_vi6_4_0_ from category category0_ left outer join board boardlist1_ on category0_.category_id=boardlist1_.category_id where category0_.category_id=?
Hibernate: insert into category (category_id, category_name) values (default, ?)
Hibernate: select user0_.user_id as col_0_0_ from user user0_ where user0_.user_user_id=? limit ?
Hibernate: select user0_.user_id as col_0_0_ from user user0_ where user0_.user_user_id=? limit ?
Hibernate: select U.* from USER U where U.USER_USER_ID =?
Hibernate: select character0_.character_id as characte1_6_0_, character0_.character_character_name as characte2_6_0_ from characters character0_ where character0_.character_id=?
Hibernate: select user0_.user_id as col_0_0_ from user user0_ where user0_.user_user_id=? limit ?
Hibernate: select user0_.user_id as col_0_0_ from user user0_ where user0_.user_user_id=? limit ?
Hibernate: select U.* from USER U where U.USER_USER_ID =?
Hibernate: select character0_.character_id as characte1_6_0_, character0_.character_character_name as characte2_6_0_ from characters character0_ where character0_.character_id=?
Hibernate: select user0_.user_id as user_id1_21_0_, user0_.character_id as characte7_21_0_, user0_.user_created_at as user_cre2_21_0_, user0_.user_name as user_nam3_21_0_, user0_.user_phone_number as user_pho4_21_0_, user0_.user_user_id as user_use5_21_0_, user0_.user_user_password as user_use6_21_0_ from user user0_ where user0_.user_id=?
Hibernate: select character0_.character_id as characte1_6_0_, character0_.character_character_name as characte2_6_0_ from characters character0_ where character0_.character_id=?
Hibernate: select count(*) as col_0_0_ from board board0_
Hibernate: select count(*) as col_0_0_ from board board0_
Hibernate: select user0_.user_id as col_0_0_ from user user0_ where user0_.user_user_id=? limit ?
Hibernate: select user0_.user_id as col_0_0_ from user user0_ where user0_.user_user_id=? limit ?
Hibernate: select U.* from USER U where U.USER_USER_ID =?
Hibernate: select character0_.character_id as characte1_6_0_, character0_.character_character_name as characte2_6_0_ from characters character0_ where character0_.character_id=?
Hibernate: select user0_.user_id as user_id1_21_0_, user0_.character_id as characte7_21_0_, user0_.user_created_at as user_cre2_21_0_, user0_.user_name as user_nam3_21_0_, user0_.user_phone_number as user_pho4_21_0_, user0_.user_user_id as user_use5_21_0_, user0_.user_user_password as user_use6_21_0_ from user user0_ where user0_.user_id=?
Hibernate: select character0_.character_id as characte1_6_0_, character0_.character_character_name as characte2_6_0_ from characters character0_ where character0_.character_id=?
Hibernate: select category0_.category_id as category1_5_, category0_.category_name as category2_5_ from category category0_
Hibernate: select boardlist0_.category_id as category7_4_0_, boardlist0_.board_id as board_id1_4_0_, boardlist0_.board_id as board_id1_4_1_, boardlist0_.category_id as category7_4_1_, boardlist0_.board_content as board_co2_4_1_, boardlist0_.board_created_at as board_cr3_4_1_, boardlist0_.board_last_modified_at as board_la4_4_1_, boardlist0_.board_title as board_ti5_4_1_, boardlist0_.user_id as user_id8_4_1_, boardlist0_.board_views as board_vi6_4_1_ from board boardlist0_ where boardlist0_.category_id=?
Hibernate: select boardlist0_.category_id as category7_4_0_, boardlist0_.board_id as board_id1_4_0_, boardlist0_.board_id as board_id1_4_1_, boardlist0_.category_id as category7_4_1_, boardlist0_.board_content as board_co2_4_1_, boardlist0_.board_created_at as board_cr3_4_1_, boardlist0_.board_last_modified_at as board_la4_4_1_, boardlist0_.board_title as board_ti5_4_1_, boardlist0_.user_id as user_id8_4_1_, boardlist0_.board_views as board_vi6_4_1_ from board boardlist0_ where boardlist0_.category_id=?
Hibernate: select user0_.user_id as user_id1_21_0_, user0_.character_id as characte7_21_0_, user0_.user_created_at as user_cre2_21_0_, user0_.user_name as user_nam3_21_0_, user0_.user_phone_number as user_pho4_21_0_, user0_.user_user_id as user_use5_21_0_, user0_.user_user_password as user_use6_21_0_ from user user0_ where user0_.user_id=?
Hibernate: select character0_.character_id as characte1_6_0_, character0_.character_character_name as characte2_6_0_ from characters character0_ where character0_.character_id=?
Hibernate: select count(*) as col_0_0_ from user user0_ where user0_.user_id=?
Hibernate: select character1_.character_id as characte1_6_, character1_.character_character_name as characte2_6_ from user user0_ inner join characters character1_ on user0_.character_id=character1_.character_id where user0_.user_id=?
Hibernate: select permission0_.character_id as characte6_12_0_, permission0_.permission_id as permissi1_12_0_, permission0_.permission_id as permissi1_12_1_, permission0_.character_id as characte6_12_1_, permission0_.permission_name as permissi2_12_1_, permission0_.permission_permission_unit_id as permissi3_12_1_, permission0_.permission_service as permissi4_12_1_, permission0_.permission_status as permissi5_12_1_ from permission permission0_ where permission0_.character_id=?
Hibernate: select count(*) as col_0_0_ from category category0_ where category0_.category_id=?
Hibernate: select count(board0_.board_id) as col_0_0_ from board board0_ where board0_.category_id=?
Hibernate: select category0_.category_id as category1_5_0_, category0_.category_name as category2_5_0_ from category category0_ where category0_.category_id=?
Hibernate: select boardlist0_.category_id as category7_4_0_, boardlist0_.board_id as board_id1_4_0_, boardlist0_.board_id as board_id1_4_1_, boardlist0_.category_id as category7_4_1_, boardlist0_.board_content as board_co2_4_1_, boardlist0_.board_created_at as board_cr3_4_1_, boardlist0_.board_last_modified_at as board_la4_4_1_, boardlist0_.board_title as board_ti5_4_1_, boardlist0_.user_id as user_id8_4_1_, boardlist0_.board_views as board_vi6_4_1_ from board boardlist0_ where boardlist0_.category_id=?
Hibernate: delete from category where category_id=?
Hibernate: select user0_.user_id as user_id1_21_0_, user0_.character_id as characte7_21_0_, user0_.user_created_at as user_cre2_21_0_, user0_.user_name as user_nam3_21_0_, user0_.user_phone_number as user_pho4_21_0_, user0_.user_user_id as user_use5_21_0_, user0_.user_user_password as user_use6_21_0_ from user user0_ where user0_.user_id=?
Hibernate: select character0_.character_id as characte1_6_0_, character0_.character_character_name as characte2_6_0_ from characters character0_ where character0_.character_id=?
Hibernate: select count(*) as col_0_0_ from user user0_ where user0_.user_id=?
Hibernate: select character1_.character_id as characte1_6_, character1_.character_character_name as characte2_6_ from user user0_ inner join characters character1_ on user0_.character_id=character1_.character_id where user0_.user_id=?
Hibernate: select permission0_.character_id as characte6_12_0_, permission0_.permission_id as permissi1_12_0_, permission0_.permission_id as permissi1_12_1_, permission0_.character_id as characte6_12_1_, permission0_.permission_name as permissi2_12_1_, permission0_.permission_permission_unit_id as permissi3_12_1_, permission0_.permission_service as permissi4_12_1_, permission0_.permission_status as permissi5_12_1_ from permission permission0_ where permission0_.character_id=?
Hibernate: select count(*) as col_0_0_ from category category0_ where category0_.category_id=?
Hibernate: select count(board0_.board_id) as col_0_0_ from board board0_ where board0_.category_id=?
Hibernate: select category0_.category_id as category1_5_0_, category0_.category_name as category2_5_0_ from category category0_ where category0_.category_id=?
Hibernate: select boardlist0_.category_id as category7_4_0_, boardlist0_.board_id as board_id1_4_0_, boardlist0_.board_id as board_id1_4_1_, boardlist0_.category_id as category7_4_1_, boardlist0_.board_content as board_co2_4_1_, boardlist0_.board_created_at as board_cr3_4_1_, boardlist0_.board_last_modified_at as board_la4_4_1_, boardlist0_.board_title as board_ti5_4_1_, boardlist0_.user_id as user_id8_4_1_, boardlist0_.board_views as board_vi6_4_1_ from board boardlist0_ where boardlist0_.category_id=?
Hibernate: delete from category where category_id=?
Hibernate: select user0_.user_id as user_id1_21_0_, user0_.character_id as characte7_21_0_, user0_.user_created_at as user_cre2_21_0_, user0_.user_name as user_nam3_21_0_, user0_.user_phone_number as user_pho4_21_0_, user0_.user_user_id as user_use5_21_0_, user0_.user_user_password as user_use6_21_0_ from user user0_ where user0_.user_id=?
Hibernate: select character0_.character_id as characte1_6_0_, character0_.character_character_name as characte2_6_0_ from characters character0_ where character0_.character_id=?
Hibernate: select count(*) as col_0_0_ from user user0_ where user0_.user_id=?
Hibernate: select character1_.character_id as characte1_6_, character1_.character_character_name as characte2_6_ from user user0_ inner join characters character1_ on user0_.character_id=character1_.character_id where user0_.user_id=?
Hibernate: select permission0_.character_id as characte6_12_0_, permission0_.permission_id as permissi1_12_0_, permission0_.permission_id as permissi1_12_1_, permission0_.character_id as characte6_12_1_, permission0_.permission_name as permissi2_12_1_, permission0_.permission_permission_unit_id as permissi3_12_1_, permission0_.permission_service as permissi4_12_1_, permission0_.permission_status as permissi5_12_1_ from permission permission0_ where permission0_.character_id=?
Hibernate: select category0_.category_id as col_0_0_ from category category0_ where category0_.category_name=? limit ?
Hibernate: select category0_.category_id as category1_5_1_, category0_.category_name as category2_5_1_, boardlist1_.category_id as category7_4_3_, boardlist1_.board_id as board_id1_4_3_, boardlist1_.board_id as board_id1_4_0_, boardlist1_.category_id as category7_4_0_, boardlist1_.board_content as board_co2_4_0_, boardlist1_.board_created_at as board_cr3_4_0_, boardlist1_.board_last_modified_at as board_la4_4_0_, boardlist1_.board_title as board_ti5_4_0_, boardlist1_.user_id as user_id8_4_0_, boardlist1_.board_views as board_vi6_4_0_ from category category0_ left outer join board boardlist1_ on category0_.category_id=boardlist1_.category_id where category0_.category_id=?
Hibernate: insert into category (category_id, category_name) values (default, ?)
Hibernate: select user0_.user_id as user_id1_21_0_, user0_.character_id as characte7_21_0_, user0_.user_created_at as user_cre2_21_0_, user0_.user_name as user_nam3_21_0_, user0_.user_phone_number as user_pho4_21_0_, user0_.user_user_id as user_use5_21_0_, user0_.user_user_password as user_use6_21_0_ from user user0_ where user0_.user_id=?
Hibernate: select character0_.character_id as characte1_6_0_, character0_.character_character_name as characte2_6_0_ from characters character0_ where character0_.character_id=?
Hibernate: select count(*) as col_0_0_ from user user0_ where user0_.user_id=?
Hibernate: select character1_.character_id as characte1_6_, character1_.character_character_name as characte2_6_ from user user0_ inner join characters character1_ on user0_.character_id=character1_.character_id where user0_.user_id=?
Hibernate: select permission0_.character_id as characte6_12_0_, permission0_.permission_id as permissi1_12_0_, permission0_.permission_id as permissi1_12_1_, permission0_.character_id as characte6_12_1_, permission0_.permission_name as permissi2_12_1_, permission0_.permission_permission_unit_id as permissi3_12_1_, permission0_.permission_service as permissi4_12_1_, permission0_.permission_status as permissi5_12_1_ from permission permission0_ where permission0_.character_id=?
Hibernate: select category0_.category_id as col_0_0_ from category category0_ where category0_.category_name=? limit ?
Hibernate: select category0_.category_id as category1_5_1_, category0_.category_name as category2_5_1_, boardlist1_.category_id as category7_4_3_, boardlist1_.board_id as board_id1_4_3_, boardlist1_.board_id as board_id1_4_0_, boardlist1_.category_id as category7_4_0_, boardlist1_.board_content as board_co2_4_0_, boardlist1_.board_created_at as board_cr3_4_0_, boardlist1_.board_last_modified_at as board_la4_4_0_, boardlist1_.board_title as board_ti5_4_0_, boardlist1_.user_id as user_id8_4_0_, boardlist1_.board_views as board_vi6_4_0_ from category category0_ left outer join board boardlist1_ on category0_.category_id=boardlist1_.category_id where category0_.category_id=?
Hibernate: insert into category (category_id, category_name) values (default, ?)
Hibernate: select user0_.user_id as col_0_0_ from user user0_ where user0_.user_user_id=? limit ?
Hibernate: select user0_.user_id as col_0_0_ from user user0_ where user0_.user_user_id=? limit ?
Hibernate: select U.* from USER U where U.USER_USER_ID =?
Hibernate: select character0_.character_id as characte1_6_0_, character0_.character_character_name as characte2_6_0_ from characters character0_ where character0_.character_id=?
Hibernate: select user0_.user_id as col_0_0_ from user user0_ where user0_.user_user_id=? limit ?
Hibernate: select user0_.user_id as col_0_0_ from user user0_ where user0_.user_user_id=? limit ?
Hibernate: select U.* from USER U where U.USER_USER_ID =?
Hibernate: select character0_.character_id as characte1_6_0_, character0_.character_character_name as characte2_6_0_ from characters character0_ where character0_.character_id=?
Hibernate: select user0_.user_id as col_0_0_ from user user0_ where user0_.user_user_id=? limit ?
Hibernate: select userjoinin0_.user_joining_pool_id as col_0_0_ from user_joining_pool userjoinin0_ where userjoinin0_.user_user_id=? limit ?
Hibernate: select character0_.character_id as col_0_0_ from characters character0_ where character0_.character_character_name=? limit ?
Hibernate: insert into user_joining_pool (user_joining_pool_id, user_created_at, user_name, user_phone_number, user_user_id, user_user_password) values (default, ?, ?, ?, ?, ?)
Hibernate: select user0_.user_id as user_id1_21_0_, user0_.character_id as characte7_21_0_, user0_.user_created_at as user_cre2_21_0_, user0_.user_name as user_nam3_21_0_, user0_.user_phone_number as user_pho4_21_0_, user0_.user_user_id as user_use5_21_0_, user0_.user_user_password as user_use6_21_0_ from user user0_ where user0_.user_id=?
Hibernate: select character0_.character_id as characte1_6_0_, character0_.character_character_name as characte2_6_0_ from characters character0_ where character0_.character_id=?
Hibernate: select count(*) as col_0_0_ from user user0_ where user0_.user_id=?
Hibernate: select character1_.character_id as characte1_6_, character1_.character_character_name as characte2_6_ from user user0_ inner join characters character1_ on user0_.character_id=character1_.character_id where user0_.user_id=?
Hibernate: select permission0_.character_id as characte6_12_0_, permission0_.permission_id as permissi1_12_0_, permission0_.permission_id as permissi1_12_1_, permission0_.character_id as characte6_12_1_, permission0_.permission_name as permissi2_12_1_, permission0_.permission_permission_unit_id as permissi3_12_1_, permission0_.permission_service as permissi4_12_1_, permission0_.permission_status as permissi5_12_1_ from permission permission0_ where permission0_.character_id=?
Hibernate: select userjoinin0_.user_joining_pool_id as col_0_0_ from user_joining_pool userjoinin0_ where userjoinin0_.user_user_id=? limit ?
Hibernate: select userjoinin0_.user_joining_pool_id as user_joi1_22_, userjoinin0_.user_created_at as user_cre2_22_, userjoinin0_.user_name as user_nam3_22_, userjoinin0_.user_phone_number as user_pho4_22_, userjoinin0_.user_user_id as user_use5_22_, userjoinin0_.user_user_password as user_use6_22_ from user_joining_pool userjoinin0_ where userjoinin0_.user_user_id=?
Hibernate: select character0_.character_id as characte1_6_, character0_.character_character_name as characte2_6_ from characters character0_ where character0_.character_character_name=?
Hibernate: insert into user (user_id, character_id, user_created_at, user_name, user_phone_number, user_user_id, user_user_password) values (default, ?, ?, ?, ?, ?, ?)
Hibernate: DELETE FROM USER_JOINING_POOL as JU where JU.USER_USER_ID =?
Hibernate: select user0_.user_id as col_0_0_ from user user0_ where user0_.user_user_id=? limit ?
Hibernate: select user0_.user_id as col_0_0_ from user user0_ where user0_.user_user_id=? limit ?
Hibernate: select U.* from USER U where U.USER_USER_ID =?
Hibernate: select character0_.character_id as characte1_6_0_, character0_.character_character_name as characte2_6_0_ from characters character0_ where character0_.character_id=?
Hibernate: select user0_.user_id as user_id1_21_0_, user0_.character_id as characte7_21_0_, user0_.user_created_at as user_cre2_21_0_, user0_.user_name as user_nam3_21_0_, user0_.user_phone_number as user_pho4_21_0_, user0_.user_user_id as user_use5_21_0_, user0_.user_user_password as user_use6_21_0_ from user user0_ where user0_.user_id=?
Hibernate: select character0_.character_id as characte1_6_0_, character0_.character_character_name as characte2_6_0_ from characters character0_ where character0_.character_id=?
Hibernate: select count(*) as col_0_0_ from user user0_ where user0_.user_id=?
Hibernate: select character1_.character_id as characte1_6_, character1_.character_character_name as characte2_6_ from user user0_ inner join characters character1_ on user0_.character_id=character1_.character_id where user0_.user_id=?
Hibernate: select permission0_.character_id as characte6_12_0_, permission0_.permission_id as permissi1_12_0_, permission0_.permission_id as permissi1_12_1_, permission0_.character_id as characte6_12_1_, permission0_.permission_name as permissi2_12_1_, permission0_.permission_permission_unit_id as permissi3_12_1_, permission0_.permission_service as permissi4_12_1_, permission0_.permission_status as permissi5_12_1_ from permission permission0_ where permission0_.character_id=?
Hibernate: select user0_.user_id as col_0_0_ from user user0_ where user0_.user_user_id=? limit ?
Hibernate: select user0_.user_id as col_0_0_ from user user0_ where user0_.user_user_id=? limit ?
Hibernate: select U.* from USER U where U.USER_USER_ID =?
Hibernate: select character0_.character_id as characte1_6_0_, character0_.character_character_name as characte2_6_0_ from characters character0_ where character0_.character_id=?
Hibernate: select user0_.user_id as user_id1_21_0_, user0_.character_id as characte7_21_0_, user0_.user_created_at as user_cre2_21_0_, user0_.user_name as user_nam3_21_0_, user0_.user_phone_number as user_pho4_21_0_, user0_.user_user_id as user_use5_21_0_, user0_.user_user_password as user_use6_21_0_ from user user0_ where user0_.user_id=?
Hibernate: select character0_.character_id as characte1_6_0_, character0_.character_character_name as characte2_6_0_ from characters character0_ where character0_.character_id=?
Hibernate: select count(*) as col_0_0_ from board board0_
Hibernate: select count(*) as col_0_0_ from board board0_
Hibernate: select user0_.user_id as col_0_0_ from user user0_ where user0_.user_user_id=? limit ?
Hibernate: select user0_.user_id as col_0_0_ from user user0_ where user0_.user_user_id=? limit ?
Hibernate: select U.* from USER U where U.USER_USER_ID =?
Hibernate: select character0_.character_id as characte1_6_0_, character0_.character_character_name as characte2_6_0_ from characters character0_ where character0_.character_id=?
Hibernate: select user0_.user_id as user_id1_21_0_, user0_.character_id as characte7_21_0_, user0_.user_created_at as user_cre2_21_0_, user0_.user_name as user_nam3_21_0_, user0_.user_phone_number as user_pho4_21_0_, user0_.user_user_id as user_use5_21_0_, user0_.user_user_password as user_use6_21_0_ from user user0_ where user0_.user_id=?
Hibernate: select character0_.character_id as characte1_6_0_, character0_.character_character_name as characte2_6_0_ from characters character0_ where character0_.character_id=?
Hibernate: select category0_.category_id as category1_5_, category0_.category_name as category2_5_ from category category0_
Hibernate: select boardlist0_.category_id as category7_4_0_, boardlist0_.board_id as board_id1_4_0_, boardlist0_.board_id as board_id1_4_1_, boardlist0_.category_id as category7_4_1_, boardlist0_.board_content as board_co2_4_1_, boardlist0_.board_created_at as board_cr3_4_1_, boardlist0_.board_last_modified_at as board_la4_4_1_, boardlist0_.board_title as board_ti5_4_1_, boardlist0_.user_id as user_id8_4_1_, boardlist0_.board_views as board_vi6_4_1_ from board boardlist0_ where boardlist0_.category_id=?
Hibernate: select boardlist0_.category_id as category7_4_0_, boardlist0_.board_id as board_id1_4_0_, boardlist0_.board_id as board_id1_4_1_, boardlist0_.category_id as category7_4_1_, boardlist0_.board_content as board_co2_4_1_, boardlist0_.board_created_at as board_cr3_4_1_, boardlist0_.board_last_modified_at as board_la4_4_1_, boardlist0_.board_title as board_ti5_4_1_, boardlist0_.user_id as user_id8_4_1_, boardlist0_.board_views as board_vi6_4_1_ from board boardlist0_ where boardlist0_.category_id=?
Hibernate: select user0_.user_id as user_id1_21_0_, user0_.character_id as characte7_21_0_, user0_.user_created_at as user_cre2_21_0_, user0_.user_name as user_nam3_21_0_, user0_.user_phone_number as user_pho4_21_0_, user0_.user_user_id as user_use5_21_0_, user0_.user_user_password as user_use6_21_0_ from user user0_ where user0_.user_id=?
Hibernate: select character0_.character_id as characte1_6_0_, character0_.character_character_name as characte2_6_0_ from characters character0_ where character0_.character_id=?
Hibernate: select count(*) as col_0_0_ from user user0_ where user0_.user_id=?
Hibernate: select character1_.character_id as characte1_6_, character1_.character_character_name as characte2_6_ from user user0_ inner join characters character1_ on user0_.character_id=character1_.character_id where user0_.user_id=?
Hibernate: select permission0_.character_id as characte6_12_0_, permission0_.permission_id as permissi1_12_0_, permission0_.permission_id as permissi1_12_1_, permission0_.character_id as characte6_12_1_, permission0_.permission_name as permissi2_12_1_, permission0_.permission_permission_unit_id as permissi3_12_1_, permission0_.permission_service as permissi4_12_1_, permission0_.permission_status as permissi5_12_1_ from permission permission0_ where permission0_.character_id=?
Hibernate: select count(*) as col_0_0_ from category category0_ where category0_.category_id=?
Hibernate: select count(board0_.board_id) as col_0_0_ from board board0_ where board0_.category_id=?
Hibernate: select category0_.category_id as category1_5_0_, category0_.category_name as category2_5_0_ from category category0_ where category0_.category_id=?
Hibernate: select boardlist0_.category_id as category7_4_0_, boardlist0_.board_id as board_id1_4_0_, boardlist0_.board_id as board_id1_4_1_, boardlist0_.category_id as category7_4_1_, boardlist0_.board_content as board_co2_4_1_, boardlist0_.board_created_at as board_cr3_4_1_, boardlist0_.board_last_modified_at as board_la4_4_1_, boardlist0_.board_title as board_ti5_4_1_, boardlist0_.user_id as user_id8_4_1_, boardlist0_.board_views as board_vi6_4_1_ from board boardlist0_ where boardlist0_.category_id=?
Hibernate: delete from category where category_id=?
Hibernate: select user0_.user_id as user_id1_21_0_, user0_.character_id as characte7_21_0_, user0_.user_created_at as user_cre2_21_0_, user0_.user_name as user_nam3_21_0_, user0_.user_phone_number as user_pho4_21_0_, user0_.user_user_id as user_use5_21_0_, user0_.user_user_password as user_use6_21_0_ from user user0_ where user0_.user_id=?
Hibernate: select character0_.character_id as characte1_6_0_, character0_.character_character_name as characte2_6_0_ from characters character0_ where character0_.character_id=?
Hibernate: select count(*) as col_0_0_ from user user0_ where user0_.user_id=?
Hibernate: select character1_.character_id as characte1_6_, character1_.character_character_name as characte2_6_ from user user0_ inner join characters character1_ on user0_.character_id=character1_.character_id where user0_.user_id=?
Hibernate: select permission0_.character_id as characte6_12_0_, permission0_.permission_id as permissi1_12_0_, permission0_.permission_id as permissi1_12_1_, permission0_.character_id as characte6_12_1_, permission0_.permission_name as permissi2_12_1_, permission0_.permission_permission_unit_id as permissi3_12_1_, permission0_.permission_service as permissi4_12_1_, permission0_.permission_status as permissi5_12_1_ from permission permission0_ where permission0_.character_id=?
Hibernate: select count(*) as col_0_0_ from category category0_ where category0_.category_id=?
Hibernate: select count(board0_.board_id) as col_0_0_ from board board0_ where board0_.category_id=?
Hibernate: select category0_.category_id as category1_5_0_, category0_.category_name as category2_5_0_ from category category0_ where category0_.category_id=?
Hibernate: select boardlist0_.category_id as category7_4_0_, boardlist0_.board_id as board_id1_4_0_, boardlist0_.board_id as board_id1_4_1_, boardlist0_.category_id as category7_4_1_, boardlist0_.board_content as board_co2_4_1_, boardlist0_.board_created_at as board_cr3_4_1_, boardlist0_.board_last_modified_at as board_la4_4_1_, boardlist0_.board_title as board_ti5_4_1_, boardlist0_.user_id as user_id8_4_1_, boardlist0_.board_views as board_vi6_4_1_ from board boardlist0_ where boardlist0_.category_id=?
Hibernate: delete from category where category_id=?
Hibernate: select user0_.user_id as user_id1_21_0_, user0_.character_id as characte7_21_0_, user0_.user_created_at as user_cre2_21_0_, user0_.user_name as user_nam3_21_0_, user0_.user_phone_number as user_pho4_21_0_, user0_.user_user_id as user_use5_21_0_, user0_.user_user_password as user_use6_21_0_ from user user0_ where user0_.user_id=?
Hibernate: select character0_.character_id as characte1_6_0_, character0_.character_character_name as characte2_6_0_ from characters character0_ where character0_.character_id=?
Hibernate: select count(*) as col_0_0_ from user user0_ where user0_.user_id=?
Hibernate: select character1_.character_id as characte1_6_, character1_.character_character_name as characte2_6_ from user user0_ inner join characters character1_ on user0_.character_id=character1_.character_id where user0_.user_id=?
Hibernate: select permission0_.character_id as characte6_12_0_, permission0_.permission_id as permissi1_12_0_, permission0_.permission_id as permissi1_12_1_, permission0_.character_id as characte6_12_1_, permission0_.permission_name as permissi2_12_1_, permission0_.permission_permission_unit_id as permissi3_12_1_, permission0_.permission_service as permissi4_12_1_, permission0_.permission_status as permissi5_12_1_ from permission permission0_ where permission0_.character_id=?
Hibernate: select category0_.category_id as col_0_0_ from category category0_ where category0_.category_name=? limit ?
Hibernate: select category0_.category_id as category1_5_1_, category0_.category_name as category2_5_1_, boardlist1_.category_id as category7_4_3_, boardlist1_.board_id as board_id1_4_3_, boardlist1_.board_id as board_id1_4_0_, boardlist1_.category_id as category7_4_0_, boardlist1_.board_content as board_co2_4_0_, boardlist1_.board_created_at as board_cr3_4_0_, boardlist1_.board_last_modified_at as board_la4_4_0_, boardlist1_.board_title as board_ti5_4_0_, boardlist1_.user_id as user_id8_4_0_, boardlist1_.board_views as board_vi6_4_0_ from category category0_ left outer join board boardlist1_ on category0_.category_id=boardlist1_.category_id where category0_.category_id=?
Hibernate: insert into category (category_id, category_name) values (default, ?)
Hibernate: select user0_.user_id as user_id1_21_0_, user0_.character_id as characte7_21_0_, user0_.user_created_at as user_cre2_21_0_, user0_.user_name as user_nam3_21_0_, user0_.user_phone_number as user_pho4_21_0_, user0_.user_user_id as user_use5_21_0_, user0_.user_user_password as user_use6_21_0_ from user user0_ where user0_.user_id=?
Hibernate: select character0_.character_id as characte1_6_0_, character0_.character_character_name as characte2_6_0_ from characters character0_ where character0_.character_id=?
Hibernate: select count(*) as col_0_0_ from user user0_ where user0_.user_id=?
Hibernate: select character1_.character_id as characte1_6_, character1_.character_character_name as characte2_6_ from user user0_ inner join characters character1_ on user0_.character_id=character1_.character_id where user0_.user_id=?
Hibernate: select permission0_.character_id as characte6_12_0_, permission0_.permission_id as permissi1_12_0_, permission0_.permission_id as permissi1_12_1_, permission0_.character_id as characte6_12_1_, permission0_.permission_name as permissi2_12_1_, permission0_.permission_permission_unit_id as permissi3_12_1_, permission0_.permission_service as permissi4_12_1_, permission0_.permission_status as permissi5_12_1_ from permission permission0_ where permission0_.character_id=?
Hibernate: select category0_.category_id as col_0_0_ from category category0_ where category0_.category_name=? limit ?
Hibernate: select category0_.category_id as category1_5_1_, category0_.category_name as category2_5_1_, boardlist1_.category_id as category7_4_3_, boardlist1_.board_id as board_id1_4_3_, boardlist1_.board_id as board_id1_4_0_, boardlist1_.category_id as category7_4_0_, boardlist1_.board_content as board_co2_4_0_, boardlist1_.board_created_at as board_cr3_4_0_, boardlist1_.board_last_modified_at as board_la4_4_0_, boardlist1_.board_title as board_ti5_4_0_, boardlist1_.user_id as user_id8_4_0_, boardlist1_.board_views as board_vi6_4_0_ from category category0_ left outer join board boardlist1_ on category0_.category_id=boardlist1_.category_id where category0_.category_id=?
Hibernate: insert into category (category_id, category_name) values (default, ?)
Hibernate: select user0_.user_id as col_0_0_ from user user0_ where user0_.user_user_id=? limit ?
Hibernate: select user0_.user_id as col_0_0_ from user user0_ where user0_.user_user_id=? limit ?
Hibernate: select U.* from USER U where U.USER_USER_ID =?
Hibernate: select character0_.character_id as characte1_6_0_, character0_.character_character_name as characte2_6_0_ from characters character0_ where character0_.character_id=?
Hibernate: select user0_.user_id as col_0_0_ from user user0_ where user0_.user_user_id=? limit ?
Hibernate: select user0_.user_id as user_id1_21_, user0_.character_id as characte7_21_, user0_.user_created_at as user_cre2_21_, user0_.user_name as user_nam3_21_, user0_.user_phone_number as user_pho4_21_, user0_.user_user_id as user_use5_21_, user0_.user_user_password as user_use6_21_ from user user0_ inner join characters character1_ on user0_.character_id=character1_.character_id where user0_.user_user_id=?
Hibernate: select character0_.character_id as characte1_6_0_, character0_.character_character_name as characte2_6_0_ from characters character0_ where character0_.character_id=?
Hibernate: select rewardtagw0_.user_id as user_id4_16_0_, rewardtagw0_.reward_tag_wrapper_reward_id as reward_t1_16_0_, rewardtagw0_.reward_tag_wrapper_reward_id as reward_t1_16_1_, rewardtagw0_.reward_tag_wrapper_reward_presented_at as reward_t2_16_1_, rewardtagw0_.reward_tag_reward_tag_id as reward_t3_16_1_, rewardtagw0_.user_id as user_id4_16_1_ from reward_tag_wrapper rewardtagw0_ where rewardtagw0_.user_id=?
Hibernate: select user0_.user_id as user_id1_21_0_, user0_.character_id as characte7_21_0_, user0_.user_created_at as user_cre2_21_0_, user0_.user_name as user_nam3_21_0_, user0_.user_phone_number as user_pho4_21_0_, user0_.user_user_id as user_use5_21_0_, user0_.user_user_password as user_use6_21_0_ from user user0_ where user0_.user_id=?
Hibernate: select character0_.character_id as characte1_6_0_, character0_.character_character_name as characte2_6_0_ from characters character0_ where character0_.character_id=?
Hibernate: select count(*) as col_0_0_ from user user0_ where user0_.user_id=?
Hibernate: select character1_.character_id as characte1_6_, character1_.character_character_name as characte2_6_ from user user0_ inner join characters character1_ on user0_.character_id=character1_.character_id where user0_.user_id=?
Hibernate: select permission0_.character_id as characte6_12_0_, permission0_.permission_id as permissi1_12_0_, permission0_.permission_id as permissi1_12_1_, permission0_.character_id as characte6_12_1_, permission0_.permission_name as permissi2_12_1_, permission0_.permission_permission_unit_id as permissi3_12_1_, permission0_.permission_service as permissi4_12_1_, permission0_.permission_status as permissi5_12_1_ from permission permission0_ where permission0_.character_id=?
Hibernate: select count(*) as col_0_0_ from user user0_ where user0_.user_id=?
Hibernate: select user0_.user_id as user_id1_21_, user0_.character_id as characte7_21_, user0_.user_created_at as user_cre2_21_, user0_.user_name as user_nam3_21_, user0_.user_phone_number as user_pho4_21_, user0_.user_user_id as user_use5_21_, user0_.user_user_password as user_use6_21_ from user user0_ where user0_.user_id=?
Hibernate: select character0_.character_id as characte1_6_0_, character0_.character_character_name as characte2_6_0_ from characters character0_ where character0_.character_id=?
Hibernate: select rewardtagw0_.user_id as user_id4_16_0_, rewardtagw0_.reward_tag_wrapper_reward_id as reward_t1_16_0_, rewardtagw0_.reward_tag_wrapper_reward_id as reward_t1_16_1_, rewardtagw0_.reward_tag_wrapper_reward_presented_at as reward_t2_16_1_, rewardtagw0_.reward_tag_reward_tag_id as reward_t3_16_1_, rewardtagw0_.user_id as user_id4_16_1_ from reward_tag_wrapper rewardtagw0_ where rewardtagw0_.user_id=?
Hibernate: select attendance0_.attendance_user_attendance_user_id as col_0_0_ from attendance_user attendance0_ where attendance0_.user_id=? limit ?
Hibernate: DELETE FROM USER WHERE USER_ID = ?
Hibernate: select user0_.user_id as col_0_0_ from user user0_ where user0_.user_user_id=? limit ?
Hibernate: select user0_.user_id as col_0_0_ from user user0_ where user0_.user_user_id=? limit ?
Hibernate: select U.* from USER U where U.USER_USER_ID =?
Hibernate: select character0_.character_id as characte1_6_0_, character0_.character_character_name as characte2_6_0_ from characters character0_ where character0_.character_id=?
Hibernate: select user0_.user_id as user_id1_21_0_, user0_.character_id as characte7_21_0_, user0_.user_created_at as user_cre2_21_0_, user0_.user_name as user_nam3_21_0_, user0_.user_phone_number as user_pho4_21_0_, user0_.user_user_id as user_use5_21_0_, user0_.user_user_password as user_use6_21_0_ from user user0_ where user0_.user_id=?
Hibernate: select character0_.character_id as characte1_6_0_, character0_.character_character_name as characte2_6_0_ from characters character0_ where character0_.character_id=?
Hibernate: select count(*) as col_0_0_ from board board0_
Hibernate: select count(*) as col_0_0_ from board board0_
Hibernate: select user0_.user_id as col_0_0_ from user user0_ where user0_.user_user_id=? limit ?
Hibernate: select user0_.user_id as col_0_0_ from user user0_ where user0_.user_user_id=? limit ?
Hibernate: select U.* from USER U where U.USER_USER_ID =?
Hibernate: select character0_.character_id as characte1_6_0_, character0_.character_character_name as characte2_6_0_ from characters character0_ where character0_.character_id=?
Hibernate: select user0_.user_id as user_id1_21_0_, user0_.character_id as characte7_21_0_, user0_.user_created_at as user_cre2_21_0_, user0_.user_name as user_nam3_21_0_, user0_.user_phone_number as user_pho4_21_0_, user0_.user_user_id as user_use5_21_0_, user0_.user_user_password as user_use6_21_0_ from user user0_ where user0_.user_id=?
Hibernate: select character0_.character_id as characte1_6_0_, character0_.character_character_name as characte2_6_0_ from characters character0_ where character0_.character_id=?
Hibernate: select category0_.category_id as category1_5_, category0_.category_name as category2_5_ from category category0_
Hibernate: select boardlist0_.category_id as category7_4_0_, boardlist0_.board_id as board_id1_4_0_, boardlist0_.board_id as board_id1_4_1_, boardlist0_.category_id as category7_4_1_, boardlist0_.board_content as board_co2_4_1_, boardlist0_.board_created_at as board_cr3_4_1_, boardlist0_.board_last_modified_at as board_la4_4_1_, boardlist0_.board_title as board_ti5_4_1_, boardlist0_.user_id as user_id8_4_1_, boardlist0_.board_views as board_vi6_4_1_ from board boardlist0_ where boardlist0_.category_id=?
Hibernate: select boardlist0_.category_id as category7_4_0_, boardlist0_.board_id as board_id1_4_0_, boardlist0_.board_id as board_id1_4_1_, boardlist0_.category_id as category7_4_1_, boardlist0_.board_content as board_co2_4_1_, boardlist0_.board_created_at as board_cr3_4_1_, boardlist0_.board_last_modified_at as board_la4_4_1_, boardlist0_.board_title as board_ti5_4_1_, boardlist0_.user_id as user_id8_4_1_, boardlist0_.board_views as board_vi6_4_1_ from board boardlist0_ where boardlist0_.category_id=?
Hibernate: select user0_.user_id as user_id1_21_0_, user0_.character_id as characte7_21_0_, user0_.user_created_at as user_cre2_21_0_, user0_.user_name as user_nam3_21_0_, user0_.user_phone_number as user_pho4_21_0_, user0_.user_user_id as user_use5_21_0_, user0_.user_user_password as user_use6_21_0_ from user user0_ where user0_.user_id=?
Hibernate: select character0_.character_id as characte1_6_0_, character0_.character_character_name as characte2_6_0_ from characters character0_ where character0_.character_id=?
Hibernate: select count(*) as col_0_0_ from user user0_ where user0_.user_id=?
Hibernate: select character1_.character_id as characte1_6_, character1_.character_character_name as characte2_6_ from user user0_ inner join characters character1_ on user0_.character_id=character1_.character_id where user0_.user_id=?
Hibernate: select permission0_.character_id as characte6_12_0_, permission0_.permission_id as permissi1_12_0_, permission0_.permission_id as permissi1_12_1_, permission0_.character_id as characte6_12_1_, permission0_.permission_name as permissi2_12_1_, permission0_.permission_permission_unit_id as permissi3_12_1_, permission0_.permission_service as permissi4_12_1_, permission0_.permission_status as permissi5_12_1_ from permission permission0_ where permission0_.character_id=?
Hibernate: select count(*) as col_0_0_ from category category0_ where category0_.category_id=?
Hibernate: select count(board0_.board_id) as col_0_0_ from board board0_ where board0_.category_id=?
Hibernate: select category0_.category_id as category1_5_0_, category0_.category_name as category2_5_0_ from category category0_ where category0_.category_id=?
Hibernate: select boardlist0_.category_id as category7_4_0_, boardlist0_.board_id as board_id1_4_0_, boardlist0_.board_id as board_id1_4_1_, boardlist0_.category_id as category7_4_1_, boardlist0_.board_content as board_co2_4_1_, boardlist0_.board_created_at as board_cr3_4_1_, boardlist0_.board_last_modified_at as board_la4_4_1_, boardlist0_.board_title as board_ti5_4_1_, boardlist0_.user_id as user_id8_4_1_, boardlist0_.board_views as board_vi6_4_1_ from board boardlist0_ where boardlist0_.category_id=?
Hibernate: delete from category where category_id=?
Hibernate: select user0_.user_id as user_id1_21_0_, user0_.character_id as characte7_21_0_, user0_.user_created_at as user_cre2_21_0_, user0_.user_name as user_nam3_21_0_, user0_.user_phone_number as user_pho4_21_0_, user0_.user_user_id as user_use5_21_0_, user0_.user_user_password as user_use6_21_0_ from user user0_ where user0_.user_id=?
Hibernate: select character0_.character_id as characte1_6_0_, character0_.character_character_name as characte2_6_0_ from characters character0_ where character0_.character_id=?
Hibernate: select count(*) as col_0_0_ from user user0_ where user0_.user_id=?
Hibernate: select character1_.character_id as characte1_6_, character1_.character_character_name as characte2_6_ from user user0_ inner join characters character1_ on user0_.character_id=character1_.character_id where user0_.user_id=?
Hibernate: select permission0_.character_id as characte6_12_0_, permission0_.permission_id as permissi1_12_0_, permission0_.permission_id as permissi1_12_1_, permission0_.character_id as characte6_12_1_, permission0_.permission_name as permissi2_12_1_, permission0_.permission_permission_unit_id as permissi3_12_1_, permission0_.permission_service as permissi4_12_1_, permission0_.permission_status as permissi5_12_1_ from permission permission0_ where permission0_.character_id=?
Hibernate: select count(*) as col_0_0_ from category category0_ where category0_.category_id=?
Hibernate: select count(board0_.board_id) as col_0_0_ from board board0_ where board0_.category_id=?
Hibernate: select category0_.category_id as category1_5_0_, category0_.category_name as category2_5_0_ from category category0_ where category0_.category_id=?
Hibernate: select boardlist0_.category_id as category7_4_0_, boardlist0_.board_id as board_id1_4_0_, boardlist0_.board_id as board_id1_4_1_, boardlist0_.category_id as category7_4_1_, boardlist0_.board_content as board_co2_4_1_, boardlist0_.board_created_at as board_cr3_4_1_, boardlist0_.board_last_modified_at as board_la4_4_1_, boardlist0_.board_title as board_ti5_4_1_, boardlist0_.user_id as user_id8_4_1_, boardlist0_.board_views as board_vi6_4_1_ from board boardlist0_ where boardlist0_.category_id=?
Hibernate: delete from category where category_id=?
Hibernate: select user0_.user_id as user_id1_21_0_, user0_.character_id as characte7_21_0_, user0_.user_created_at as user_cre2_21_0_, user0_.user_name as user_nam3_21_0_, user0_.user_phone_number as user_pho4_21_0_, user0_.user_user_id as user_use5_21_0_, user0_.user_user_password as user_use6_21_0_ from user user0_ where user0_.user_id=?
Hibernate: select character0_.character_id as characte1_6_0_, character0_.character_character_name as characte2_6_0_ from characters character0_ where character0_.character_id=?
Hibernate: select count(*) as col_0_0_ from user user0_ where user0_.user_id=?
Hibernate: select character1_.character_id as characte1_6_, character1_.character_character_name as characte2_6_ from user user0_ inner join characters character1_ on user0_.character_id=character1_.character_id where user0_.user_id=?
Hibernate: select permission0_.character_id as characte6_12_0_, permission0_.permission_id as permissi1_12_0_, permission0_.permission_id as permissi1_12_1_, permission0_.character_id as characte6_12_1_, permission0_.permission_name as permissi2_12_1_, permission0_.permission_permission_unit_id as permissi3_12_1_, permission0_.permission_service as permissi4_12_1_, permission0_.permission_status as permissi5_12_1_ from permission permission0_ where permission0_.character_id=?
Hibernate: select category0_.category_id as col_0_0_ from category category0_ where category0_.category_name=? limit ?
Hibernate: select category0_.category_id as category1_5_1_, category0_.category_name as category2_5_1_, boardlist1_.category_id as category7_4_3_, boardlist1_.board_id as board_id1_4_3_, boardlist1_.board_id as board_id1_4_0_, boardlist1_.category_id as category7_4_0_, boardlist1_.board_content as board_co2_4_0_, boardlist1_.board_created_at as board_cr3_4_0_, boardlist1_.board_last_modified_at as board_la4_4_0_, boardlist1_.board_title as board_ti5_4_0_, boardlist1_.user_id as user_id8_4_0_, boardlist1_.board_views as board_vi6_4_0_ from category category0_ left outer join board boardlist1_ on category0_.category_id=boardlist1_.category_id where category0_.category_id=?
Hibernate: insert into category (category_id, category_name) values (default, ?)
Hibernate: select user0_.user_id as user_id1_21_0_, user0_.character_id as characte7_21_0_, user0_.user_created_at as user_cre2_21_0_, user0_.user_name as user_nam3_21_0_, user0_.user_phone_number as user_pho4_21_0_, user0_.user_user_id as user_use5_21_0_, user0_.user_user_password as user_use6_21_0_ from user user0_ where user0_.user_id=?
Hibernate: select character0_.character_id as characte1_6_0_, character0_.character_character_name as characte2_6_0_ from characters character0_ where character0_.character_id=?
Hibernate: select count(*) as col_0_0_ from user user0_ where user0_.user_id=?
Hibernate: select character1_.character_id as characte1_6_, character1_.character_character_name as characte2_6_ from user user0_ inner join characters character1_ on user0_.character_id=character1_.character_id where user0_.user_id=?
Hibernate: select permission0_.character_id as characte6_12_0_, permission0_.permission_id as permissi1_12_0_, permission0_.permission_id as permissi1_12_1_, permission0_.character_id as characte6_12_1_, permission0_.permission_name as permissi2_12_1_, permission0_.permission_permission_unit_id as permissi3_12_1_, permission0_.permission_service as permissi4_12_1_, permission0_.permission_status as permissi5_12_1_ from permission permission0_ where permission0_.character_id=?
Hibernate: select category0_.category_id as col_0_0_ from category category0_ where category0_.category_name=? limit ?
Hibernate: select category0_.category_id as category1_5_1_, category0_.category_name as category2_5_1_, boardlist1_.category_id as category7_4_3_, boardlist1_.board_id as board_id1_4_3_, boardlist1_.board_id as board_id1_4_0_, boardlist1_.category_id as category7_4_0_, boardlist1_.board_content as board_co2_4_0_, boardlist1_.board_created_at as board_cr3_4_0_, boardlist1_.board_last_modified_at as board_la4_4_0_, boardlist1_.board_title as board_ti5_4_0_, boardlist1_.user_id as user_id8_4_0_, boardlist1_.board_views as board_vi6_4_0_ from category category0_ left outer join board boardlist1_ on category0_.category_id=boardlist1_.category_id where category0_.category_id=?
Hibernate: insert into category (category_id, category_name) values (default, ?)
Hibernate: select user0_.user_id as col_0_0_ from user user0_ where user0_.user_user_id=? limit ?
Hibernate: select user0_.user_id as col_0_0_ from user user0_ where user0_.user_user_id=? limit ?
Hibernate: select U.* from USER U where U.USER_USER_ID =?
Hibernate: select character0_.character_id as characte1_6_0_, character0_.character_character_name as characte2_6_0_ from characters character0_ where character0_.character_id=?
Hibernate: select user0_.user_id as col_0_0_ from user user0_ where user0_.user_user_id=? limit ?
Hibernate: select user0_.user_id as col_0_0_ from user user0_ where user0_.user_user_id=? limit ?
Hibernate: select U.* from USER U where U.USER_USER_ID =?
Hibernate: select character0_.character_id as characte1_6_0_, character0_.character_character_name as characte2_6_0_ from characters character0_ where character0_.character_id=?
Hibernate: select user0_.user_id as col_0_0_ from user user0_ where user0_.user_user_id=? limit ?
Hibernate: select userjoinin0_.user_joining_pool_id as col_0_0_ from user_joining_pool userjoinin0_ where userjoinin0_.user_user_id=? limit ?
Hibernate: select character0_.character_id as col_0_0_ from characters character0_ where character0_.character_character_name=? limit ?
Hibernate: insert into user_joining_pool (user_joining_pool_id, user_created_at, user_name, user_phone_number, user_user_id, user_user_password) values (default, ?, ?, ?, ?, ?)
Hibernate: select user0_.user_id as user_id1_21_0_, user0_.character_id as characte7_21_0_, user0_.user_created_at as user_cre2_21_0_, user0_.user_name as user_nam3_21_0_, user0_.user_phone_number as user_pho4_21_0_, user0_.user_user_id as user_use5_21_0_, user0_.user_user_password as user_use6_21_0_ from user user0_ where user0_.user_id=?
Hibernate: select character0_.character_id as characte1_6_0_, character0_.character_character_name as characte2_6_0_ from characters character0_ where character0_.character_id=?
Hibernate: select count(*) as col_0_0_ from user user0_ where user0_.user_id=?
Hibernate: select character1_.character_id as characte1_6_, character1_.character_character_name as characte2_6_ from user user0_ inner join characters character1_ on user0_.character_id=character1_.character_id where user0_.user_id=?
Hibernate: select permission0_.character_id as characte6_12_0_, permission0_.permission_id as permissi1_12_0_, permission0_.permission_id as permissi1_12_1_, permission0_.character_id as characte6_12_1_, permission0_.permission_name as permissi2_12_1_, permission0_.permission_permission_unit_id as permissi3_12_1_, permission0_.permission_service as permissi4_12_1_, permission0_.permission_status as permissi5_12_1_ from permission permission0_ where permission0_.character_id=?
Hibernate: select userjoinin0_.user_joining_pool_id as col_0_0_ from user_joining_pool userjoinin0_ where userjoinin0_.user_user_id=? limit ?
Hibernate: select userjoinin0_.user_joining_pool_id as user_joi1_22_, userjoinin0_.user_created_at as user_cre2_22_, userjoinin0_.user_name as user_nam3_22_, userjoinin0_.user_phone_number as user_pho4_22_, userjoinin0_.user_user_id as user_use5_22_, userjoinin0_.user_user_password as user_use6_22_ from user_joining_pool userjoinin0_ where userjoinin0_.user_user_id=?
Hibernate: select character0_.character_id as characte1_6_, character0_.character_character_name as characte2_6_ from characters character0_ where character0_.character_character_name=?
Hibernate: insert into user (user_id, character_id, user_created_at, user_name, user_phone_number, user_user_id, user_user_password) values (default, ?, ?, ?, ?, ?, ?)
Hibernate: DELETE FROM USER_JOINING_POOL as JU where JU.USER_USER_ID =?
Hibernate: select user0_.user_id as col_0_0_ from user user0_ where user0_.user_user_id=? limit ?
Hibernate: select user0_.user_id as col_0_0_ from user user0_ where user0_.user_user_id=? limit ?
Hibernate: select U.* from USER U where U.USER_USER_ID =?
Hibernate: select character0_.character_id as characte1_6_0_, character0_.character_character_name as characte2_6_0_ from characters character0_ where character0_.character_id=?
Hibernate: select user0_.user_id as col_0_0_ from user user0_ where user0_.user_user_id=? limit ?
Hibernate: select user0_.user_id as col_0_0_ from user user0_ where user0_.user_user_id=? limit ?
Hibernate: select U.* from USER U where U.USER_USER_ID =?
Hibernate: select character0_.character_id as characte1_6_0_, character0_.character_character_name as characte2_6_0_ from characters character0_ where character0_.character_id=?
Hibernate: select user0_.user_id as user_id1_21_0_, user0_.character_id as characte7_21_0_, user0_.user_created_at as user_cre2_21_0_, user0_.user_name as user_nam3_21_0_, user0_.user_phone_number as user_pho4_21_0_, user0_.user_user_id as user_use5_21_0_, user0_.user_user_password as user_use6_21_0_ from user user0_ where user0_.user_id=?
Hibernate: select character0_.character_id as characte1_6_0_, character0_.character_character_name as characte2_6_0_ from characters character0_ where character0_.character_id=?
Hibernate: select count(*) as col_0_0_ from user user0_ where user0_.user_id=?
Hibernate: select character1_.character_id as characte1_6_, character1_.character_character_name as characte2_6_ from user user0_ inner join characters character1_ on user0_.character_id=character1_.character_id where user0_.user_id=?
Hibernate: select permission0_.character_id as characte6_12_0_, permission0_.permission_id as permissi1_12_0_, permission0_.permission_id as permissi1_12_1_, permission0_.character_id as characte6_12_1_, permission0_.permission_name as permissi2_12_1_, permission0_.permission_permission_unit_id as permissi3_12_1_, permission0_.permission_service as permissi4_12_1_, permission0_.permission_status as permissi5_12_1_ from permission permission0_ where permission0_.character_id=?
Hibernate: select count(*) as col_0_0_ from category category0_ where category0_.category_id=?
Hibernate: select user0_.user_id as user_id1_21_0_, user0_.character_id as characte7_21_0_, user0_.user_created_at as user_cre2_21_0_, user0_.user_name as user_nam3_21_0_, user0_.user_phone_number as user_pho4_21_0_, user0_.user_user_id as user_use5_21_0_, user0_.user_user_password as user_use6_21_0_ from user user0_ where user0_.user_id=?
Hibernate: select character0_.character_id as characte1_6_0_, character0_.character_character_name as characte2_6_0_ from characters character0_ where character0_.character_id=?
Hibernate: select count(*) as col_0_0_ from user user0_ where user0_.user_id=?
Hibernate: select character1_.character_id as characte1_6_, character1_.character_character_name as characte2_6_ from user user0_ inner join characters character1_ on user0_.character_id=character1_.character_id where user0_.user_id=?
Hibernate: select permission0_.character_id as characte6_12_0_, permission0_.permission_id as permissi1_12_0_, permission0_.permission_id as permissi1_12_1_, permission0_.character_id as characte6_12_1_, permission0_.permission_name as permissi2_12_1_, permission0_.permission_permission_unit_id as permissi3_12_1_, permission0_.permission_service as permissi4_12_1_, permission0_.permission_status as permissi5_12_1_ from permission permission0_ where permission0_.character_id=?
Hibernate: select count(*) as col_0_0_ from category category0_ where category0_.category_id=?
Hibernate: select user0_.user_id as user_id1_21_0_, user0_.character_id as characte7_21_0_, user0_.user_created_at as user_cre2_21_0_, user0_.user_name as user_nam3_21_0_, user0_.user_phone_number as user_pho4_21_0_, user0_.user_user_id as user_use5_21_0_, user0_.user_user_password as user_use6_21_0_ from user user0_ where user0_.user_id=?
Hibernate: select character0_.character_id as characte1_6_0_, character0_.character_character_name as characte2_6_0_ from characters character0_ where character0_.character_id=?
Hibernate: select count(*) as col_0_0_ from user user0_ where user0_.user_id=?
Hibernate: select character1_.character_id as characte1_6_, character1_.character_character_name as characte2_6_ from user user0_ inner join characters character1_ on user0_.character_id=character1_.character_id where user0_.user_id=?
Hibernate: select permission0_.character_id as characte6_12_0_, permission0_.permission_id as permissi1_12_0_, permission0_.permission_id as permissi1_12_1_, permission0_.character_id as characte6_12_1_, permission0_.permission_name as permissi2_12_1_, permission0_.permission_permission_unit_id as permissi3_12_1_, permission0_.permission_service as permissi4_12_1_, permission0_.permission_status as permissi5_12_1_ from permission permission0_ where permission0_.character_id=?
Hibernate: select count(*) as col_0_0_ from category category0_ where category0_.category_id=?
Hibernate: select user0_.user_id as user_id1_21_0_, user0_.character_id as characte7_21_0_, user0_.user_created_at as user_cre2_21_0_, user0_.user_name as user_nam3_21_0_, user0_.user_phone_number as user_pho4_21_0_, user0_.user_user_id as user_use5_21_0_, user0_.user_user_password as user_use6_21_0_ from user user0_ where user0_.user_id=?
Hibernate: select character0_.character_id as characte1_6_0_, character0_.character_character_name as characte2_6_0_ from characters character0_ where character0_.character_id=?
Hibernate: select user0_.user_id as col_0_0_ from user user0_ where user0_.user_user_id=? limit ?
Hibernate: select user0_.user_id as col_0_0_ from user user0_ where user0_.user_user_id=? limit ?
Hibernate: select U.* from USER U where U.USER_USER_ID =?
Hibernate: select character0_.character_id as characte1_6_0_, character0_.character_character_name as characte2_6_0_ from characters character0_ where character0_.character_id=?
Hibernate: select user0_.user_id as user_id1_21_0_, user0_.character_id as characte7_21_0_, user0_.user_created_at as user_cre2_21_0_, user0_.user_name as user_nam3_21_0_, user0_.user_phone_number as user_pho4_21_0_, user0_.user_user_id as user_use5_21_0_, user0_.user_user_password as user_use6_21_0_ from user user0_ where user0_.user_id=?
Hibernate: select character0_.character_id as characte1_6_0_, character0_.character_character_name as characte2_6_0_ from characters character0_ where character0_.character_id=?
Hibernate: select count(*) as col_0_0_ from board board0_
Hibernate: select count(*) as col_0_0_ from board board0_
Hibernate: select user0_.user_id as col_0_0_ from user user0_ where user0_.user_user_id=? limit ?
Hibernate: select user0_.user_id as col_0_0_ from user user0_ where user0_.user_user_id=? limit ?
Hibernate: select U.* from USER U where U.USER_USER_ID =?
Hibernate: select character0_.character_id as characte1_6_0_, character0_.character_character_name as characte2_6_0_ from characters character0_ where character0_.character_id=?
Hibernate: select user0_.user_id as user_id1_21_0_, user0_.character_id as characte7_21_0_, user0_.user_created_at as user_cre2_21_0_, user0_.user_name as user_nam3_21_0_, user0_.user_phone_number as user_pho4_21_0_, user0_.user_user_id as user_use5_21_0_, user0_.user_user_password as user_use6_21_0_ from user user0_ where user0_.user_id=?
Hibernate: select character0_.character_id as characte1_6_0_, character0_.character_character_name as characte2_6_0_ from characters character0_ where character0_.character_id=?
Hibernate: select category0_.category_id as category1_5_, category0_.category_name as category2_5_ from category category0_
Hibernate: select boardlist0_.category_id as category7_4_0_, boardlist0_.board_id as board_id1_4_0_, boardlist0_.board_id as board_id1_4_1_, boardlist0_.category_id as category7_4_1_, boardlist0_.board_content as board_co2_4_1_, boardlist0_.board_created_at as board_cr3_4_1_, boardlist0_.board_last_modified_at as board_la4_4_1_, boardlist0_.board_title as board_ti5_4_1_, boardlist0_.user_id as user_id8_4_1_, boardlist0_.board_views as board_vi6_4_1_ from board boardlist0_ where boardlist0_.category_id=?
Hibernate: select boardlist0_.category_id as category7_4_0_, boardlist0_.board_id as board_id1_4_0_, boardlist0_.board_id as board_id1_4_1_, boardlist0_.category_id as category7_4_1_, boardlist0_.board_content as board_co2_4_1_, boardlist0_.board_created_at as board_cr3_4_1_, boardlist0_.board_last_modified_at as board_la4_4_1_, boardlist0_.board_title as board_ti5_4_1_, boardlist0_.user_id as user_id8_4_1_, boardlist0_.board_views as board_vi6_4_1_ from board boardlist0_ where boardlist0_.category_id=?
Hibernate: select user0_.user_id as user_id1_21_0_, user0_.character_id as characte7_21_0_, user0_.user_created_at as user_cre2_21_0_, user0_.user_name as user_nam3_21_0_, user0_.user_phone_number as user_pho4_21_0_, user0_.user_user_id as user_use5_21_0_, user0_.user_user_password as user_use6_21_0_ from user user0_ where user0_.user_id=?
Hibernate: select character0_.character_id as characte1_6_0_, character0_.character_character_name as characte2_6_0_ from characters character0_ where character0_.character_id=?
Hibernate: select count(*) as col_0_0_ from user user0_ where user0_.user_id=?
Hibernate: select character1_.character_id as characte1_6_, character1_.character_character_name as characte2_6_ from user user0_ inner join characters character1_ on user0_.character_id=character1_.character_id where user0_.user_id=?
Hibernate: select permission0_.character_id as characte6_12_0_, permission0_.permission_id as permissi1_12_0_, permission0_.permission_id as permissi1_12_1_, permission0_.character_id as characte6_12_1_, permission0_.permission_name as permissi2_12_1_, permission0_.permission_permission_unit_id as permissi3_12_1_, permission0_.permission_service as permissi4_12_1_, permission0_.permission_status as permissi5_12_1_ from permission permission0_ where permission0_.character_id=?
Hibernate: select count(*) as col_0_0_ from category category0_ where category0_.category_id=?
Hibernate: select count(board0_.board_id) as col_0_0_ from board board0_ where board0_.category_id=?
Hibernate: select category0_.category_id as category1_5_0_, category0_.category_name as category2_5_0_ from category category0_ where category0_.category_id=?
Hibernate: select boardlist0_.category_id as category7_4_0_, boardlist0_.board_id as board_id1_4_0_, boardlist0_.board_id as board_id1_4_1_, boardlist0_.category_id as category7_4_1_, boardlist0_.board_content as board_co2_4_1_, boardlist0_.board_created_at as board_cr3_4_1_, boardlist0_.board_last_modified_at as board_la4_4_1_, boardlist0_.board_title as board_ti5_4_1_, boardlist0_.user_id as user_id8_4_1_, boardlist0_.board_views as board_vi6_4_1_ from board boardlist0_ where boardlist0_.category_id=?
Hibernate: delete from category where category_id=?
Hibernate: select user0_.user_id as user_id1_21_0_, user0_.character_id as characte7_21_0_, user0_.user_created_at as user_cre2_21_0_, user0_.user_name as user_nam3_21_0_, user0_.user_phone_number as user_pho4_21_0_, user0_.user_user_id as user_use5_21_0_, user0_.user_user_password as user_use6_21_0_ from user user0_ where user0_.user_id=?
Hibernate: select character0_.character_id as characte1_6_0_, character0_.character_character_name as characte2_6_0_ from characters character0_ where character0_.character_id=?
Hibernate: select count(*) as col_0_0_ from user user0_ where user0_.user_id=?
Hibernate: select character1_.character_id as characte1_6_, character1_.character_character_name as characte2_6_ from user user0_ inner join characters character1_ on user0_.character_id=character1_.character_id where user0_.user_id=?
Hibernate: select permission0_.character_id as characte6_12_0_, permission0_.permission_id as permissi1_12_0_, permission0_.permission_id as permissi1_12_1_, permission0_.character_id as characte6_12_1_, permission0_.permission_name as permissi2_12_1_, permission0_.permission_permission_unit_id as permissi3_12_1_, permission0_.permission_service as permissi4_12_1_, permission0_.permission_status as permissi5_12_1_ from permission permission0_ where permission0_.character_id=?
Hibernate: select count(*) as col_0_0_ from category category0_ where category0_.category_id=?
Hibernate: select count(board0_.board_id) as col_0_0_ from board board0_ where board0_.category_id=?
Hibernate: select category0_.category_id as category1_5_0_, category0_.category_name as category2_5_0_ from category category0_ where category0_.category_id=?
Hibernate: select boardlist0_.category_id as category7_4_0_, boardlist0_.board_id as board_id1_4_0_, boardlist0_.board_id as board_id1_4_1_, boardlist0_.category_id as category7_4_1_, boardlist0_.board_content as board_co2_4_1_, boardlist0_.board_created_at as board_cr3_4_1_, boardlist0_.board_last_modified_at as board_la4_4_1_, boardlist0_.board_title as board_ti5_4_1_, boardlist0_.user_id as user_id8_4_1_, boardlist0_.board_views as board_vi6_4_1_ from board boardlist0_ where boardlist0_.category_id=?
Hibernate: delete from category where category_id=?
Hibernate: select user0_.user_id as user_id1_21_0_, user0_.character_id as characte7_21_0_, user0_.user_created_at as user_cre2_21_0_, user0_.user_name as user_nam3_21_0_, user0_.user_phone_number as user_pho4_21_0_, user0_.user_user_id as user_use5_21_0_, user0_.user_user_password as user_use6_21_0_ from user user0_ where user0_.user_id=?
Hibernate: select character0_.character_id as characte1_6_0_, character0_.character_character_name as characte2_6_0_ from characters character0_ where character0_.character_id=?
Hibernate: select count(*) as col_0_0_ from user user0_ where user0_.user_id=?
Hibernate: select character1_.character_id as characte1_6_, character1_.character_character_name as characte2_6_ from user user0_ inner join characters character1_ on user0_.character_id=character1_.character_id where user0_.user_id=?
Hibernate: select permission0_.character_id as characte6_12_0_, permission0_.permission_id as permissi1_12_0_, permission0_.permission_id as permissi1_12_1_, permission0_.character_id as characte6_12_1_, permission0_.permission_name as permissi2_12_1_, permission0_.permission_permission_unit_id as permissi3_12_1_, permission0_.permission_service as permissi4_12_1_, permission0_.permission_status as permissi5_12_1_ from permission permission0_ where permission0_.character_id=?
Hibernate: select category0_.category_id as col_0_0_ from category category0_ where category0_.category_name=? limit ?
Hibernate: select category0_.category_id as category1_5_1_, category0_.category_name as category2_5_1_, boardlist1_.category_id as category7_4_3_, boardlist1_.board_id as board_id1_4_3_, boardlist1_.board_id as board_id1_4_0_, boardlist1_.category_id as category7_4_0_, boardlist1_.board_content as board_co2_4_0_, boardlist1_.board_created_at as board_cr3_4_0_, boardlist1_.board_last_modified_at as board_la4_4_0_, boardlist1_.board_title as board_ti5_4_0_, boardlist1_.user_id as user_id8_4_0_, boardlist1_.board_views as board_vi6_4_0_ from category category0_ left outer join board boardlist1_ on category0_.category_id=boardlist1_.category_id where category0_.category_id=?
Hibernate: insert into category (category_id, category_name) values (default, ?)
Hibernate: select user0_.user_id as user_id1_21_0_, user0_.character_id as characte7_21_0_, user0_.user_created_at as user_cre2_21_0_, user0_.user_name as user_nam3_21_0_, user0_.user_phone_number as user_pho4_21_0_, user0_.user_user_id as user_use5_21_0_, user0_.user_user_password as user_use6_21_0_ from user user0_ where user0_.user_id=?
Hibernate: select character0_.character_id as characte1_6_0_, character0_.character_character_name as characte2_6_0_ from characters character0_ where character0_.character_id=?
Hibernate: select count(*) as col_0_0_ from user user0_ where user0_.user_id=?
Hibernate: select character1_.character_id as characte1_6_, character1_.character_character_name as characte2_6_ from user user0_ inner join characters character1_ on user0_.character_id=character1_.character_id where user0_.user_id=?
Hibernate: select permission0_.character_id as characte6_12_0_, permission0_.permission_id as permissi1_12_0_, permission0_.permission_id as permissi1_12_1_, permission0_.character_id as characte6_12_1_, permission0_.permission_name as permissi2_12_1_, permission0_.permission_permission_unit_id as permissi3_12_1_, permission0_.permission_service as permissi4_12_1_, permission0_.permission_status as permissi5_12_1_ from permission permission0_ where permission0_.character_id=?
Hibernate: select category0_.category_id as col_0_0_ from category category0_ where category0_.category_name=? limit ?
Hibernate: select category0_.category_id as category1_5_1_, category0_.category_name as category2_5_1_, boardlist1_.category_id as category7_4_3_, boardlist1_.board_id as board_id1_4_3_, boardlist1_.board_id as board_id1_4_0_, boardlist1_.category_id as category7_4_0_, boardlist1_.board_content as board_co2_4_0_, boardlist1_.board_created_at as board_cr3_4_0_, boardlist1_.board_last_modified_at as board_la4_4_0_, boardlist1_.board_title as board_ti5_4_0_, boardlist1_.user_id as user_id8_4_0_, boardlist1_.board_views as board_vi6_4_0_ from category category0_ left outer join board boardlist1_ on category0_.category_id=boardlist1_.category_id where category0_.category_id=?
Hibernate: insert into category (category_id, category_name) values (default, ?)
Hibernate: select user0_.user_id as col_0_0_ from user user0_ where user0_.user_user_id=? limit ?
Hibernate: select user0_.user_id as col_0_0_ from user user0_ where user0_.user_user_id=? limit ?
Hibernate: select U.* from USER U where U.USER_USER_ID =?
Hibernate: select character0_.character_id as characte1_6_0_, character0_.character_character_name as characte2_6_0_ from characters character0_ where character0_.character_id=?
Hibernate: select user0_.user_id as col_0_0_ from user user0_ where user0_.user_user_id=? limit ?
Hibernate: select user0_.user_id as user_id1_21_, user0_.character_id as characte7_21_, user0_.user_created_at as user_cre2_21_, user0_.user_name as user_nam3_21_, user0_.user_phone_number as user_pho4_21_, user0_.user_user_id as user_use5_21_, user0_.user_user_password as user_use6_21_ from user user0_ inner join characters character1_ on user0_.character_id=character1_.character_id where user0_.user_user_id=?
Hibernate: select character0_.character_id as characte1_6_0_, character0_.character_character_name as characte2_6_0_ from characters character0_ where character0_.character_id=?
Hibernate: select rewardtagw0_.user_id as user_id4_16_0_, rewardtagw0_.reward_tag_wrapper_reward_id as reward_t1_16_0_, rewardtagw0_.reward_tag_wrapper_reward_id as reward_t1_16_1_, rewardtagw0_.reward_tag_wrapper_reward_presented_at as reward_t2_16_1_, rewardtagw0_.reward_tag_reward_tag_id as reward_t3_16_1_, rewardtagw0_.user_id as user_id4_16_1_ from reward_tag_wrapper rewardtagw0_ where rewardtagw0_.user_id=?
Hibernate: select user0_.user_id as user_id1_21_0_, user0_.character_id as characte7_21_0_, user0_.user_created_at as user_cre2_21_0_, user0_.user_name as user_nam3_21_0_, user0_.user_phone_number as user_pho4_21_0_, user0_.user_user_id as user_use5_21_0_, user0_.user_user_password as user_use6_21_0_ from user user0_ where user0_.user_id=?
Hibernate: select character0_.character_id as characte1_6_0_, character0_.character_character_name as characte2_6_0_ from characters character0_ where character0_.character_id=?
Hibernate: select count(*) as col_0_0_ from user user0_ where user0_.user_id=?
Hibernate: select character1_.character_id as characte1_6_, character1_.character_character_name as characte2_6_ from user user0_ inner join characters character1_ on user0_.character_id=character1_.character_id where user0_.user_id=?
Hibernate: select permission0_.character_id as characte6_12_0_, permission0_.permission_id as permissi1_12_0_, permission0_.permission_id as permissi1_12_1_, permission0_.character_id as characte6_12_1_, permission0_.permission_name as permissi2_12_1_, permission0_.permission_permission_unit_id as permissi3_12_1_, permission0_.permission_service as permissi4_12_1_, permission0_.permission_status as permissi5_12_1_ from permission permission0_ where permission0_.character_id=?
Hibernate: select count(*) as col_0_0_ from user user0_ where user0_.user_id=?
Hibernate: select user0_.user_id as user_id1_21_, user0_.character_id as characte7_21_, user0_.user_created_at as user_cre2_21_, user0_.user_name as user_nam3_21_, user0_.user_phone_number as user_pho4_21_, user0_.user_user_id as user_use5_21_, user0_.user_user_password as user_use6_21_ from user user0_ where user0_.user_id=?
Hibernate: select character0_.character_id as characte1_6_0_, character0_.character_character_name as characte2_6_0_ from characters character0_ where character0_.character_id=?
Hibernate: select rewardtagw0_.user_id as user_id4_16_0_, rewardtagw0_.reward_tag_wrapper_reward_id as reward_t1_16_0_, rewardtagw0_.reward_tag_wrapper_reward_id as reward_t1_16_1_, rewardtagw0_.reward_tag_wrapper_reward_presented_at as reward_t2_16_1_, rewardtagw0_.reward_tag_reward_tag_id as reward_t3_16_1_, rewardtagw0_.user_id as user_id4_16_1_ from reward_tag_wrapper rewardtagw0_ where rewardtagw0_.user_id=?
Hibernate: select attendance0_.attendance_user_attendance_user_id as col_0_0_ from attendance_user attendance0_ where attendance0_.user_id=? limit ?
Hibernate: DELETE FROM USER WHERE USER_ID = ?
Hibernate: select user0_.user_id as col_0_0_ from user user0_ where user0_.user_user_id=? limit ?
Hibernate: select user0_.user_id as col_0_0_ from user user0_ where user0_.user_user_id=? limit ?
Hibernate: select U.* from USER U where U.USER_USER_ID =?
Hibernate: select character0_.character_id as characte1_6_0_, character0_.character_character_name as characte2_6_0_ from characters character0_ where character0_.character_id=?
Hibernate: select user0_.user_id as user_id1_21_0_, user0_.character_id as characte7_21_0_, user0_.user_created_at as user_cre2_21_0_, user0_.user_name as user_nam3_21_0_, user0_.user_phone_number as user_pho4_21_0_, user0_.user_user_id as user_use5_21_0_, user0_.user_user_password as user_use6_21_0_ from user user0_ where user0_.user_id=?
Hibernate: select character0_.character_id as characte1_6_0_, character0_.character_character_name as characte2_6_0_ from characters character0_ where character0_.character_id=?
Hibernate: select count(*) as col_0_0_ from board board0_
Hibernate: select count(*) as col_0_0_ from board board0_
Hibernate: select user0_.user_id as col_0_0_ from user user0_ where user0_.user_user_id=? limit ?
Hibernate: select user0_.user_id as col_0_0_ from user user0_ where user0_.user_user_id=? limit ?
Hibernate: select U.* from USER U where U.USER_USER_ID =?
Hibernate: select character0_.character_id as characte1_6_0_, character0_.character_character_name as characte2_6_0_ from characters character0_ where character0_.character_id=?
Hibernate: select user0_.user_id as user_id1_21_0_, user0_.character_id as characte7_21_0_, user0_.user_created_at as user_cre2_21_0_, user0_.user_name as user_nam3_21_0_, user0_.user_phone_number as user_pho4_21_0_, user0_.user_user_id as user_use5_21_0_, user0_.user_user_password as user_use6_21_0_ from user user0_ where user0_.user_id=?
Hibernate: select character0_.character_id as characte1_6_0_, character0_.character_character_name as characte2_6_0_ from characters character0_ where character0_.character_id=?
Hibernate: select category0_.category_id as category1_5_, category0_.category_name as category2_5_ from category category0_
Hibernate: select boardlist0_.category_id as category7_4_0_, boardlist0_.board_id as board_id1_4_0_, boardlist0_.board_id as board_id1_4_1_, boardlist0_.category_id as category7_4_1_, boardlist0_.board_content as board_co2_4_1_, boardlist0_.board_created_at as board_cr3_4_1_, boardlist0_.board_last_modified_at as board_la4_4_1_, boardlist0_.board_title as board_ti5_4_1_, boardlist0_.user_id as user_id8_4_1_, boardlist0_.board_views as board_vi6_4_1_ from board boardlist0_ where boardlist0_.category_id=?
Hibernate: select boardlist0_.category_id as category7_4_0_, boardlist0_.board_id as board_id1_4_0_, boardlist0_.board_id as board_id1_4_1_, boardlist0_.category_id as category7_4_1_, boardlist0_.board_content as board_co2_4_1_, boardlist0_.board_created_at as board_cr3_4_1_, boardlist0_.board_last_modified_at as board_la4_4_1_, boardlist0_.board_title as board_ti5_4_1_, boardlist0_.user_id as user_id8_4_1_, boardlist0_.board_views as board_vi6_4_1_ from board boardlist0_ where boardlist0_.category_id=?
Hibernate: select user0_.user_id as user_id1_21_0_, user0_.character_id as characte7_21_0_, user0_.user_created_at as user_cre2_21_0_, user0_.user_name as user_nam3_21_0_, user0_.user_phone_number as user_pho4_21_0_, user0_.user_user_id as user_use5_21_0_, user0_.user_user_password as user_use6_21_0_ from user user0_ where user0_.user_id=?
Hibernate: select character0_.character_id as characte1_6_0_, character0_.character_character_name as characte2_6_0_ from characters character0_ where character0_.character_id=?
Hibernate: select count(*) as col_0_0_ from user user0_ where user0_.user_id=?
Hibernate: select character1_.character_id as characte1_6_, character1_.character_character_name as characte2_6_ from user user0_ inner join characters character1_ on user0_.character_id=character1_.character_id where user0_.user_id=?
Hibernate: select permission0_.character_id as characte6_12_0_, permission0_.permission_id as permissi1_12_0_, permission0_.permission_id as permissi1_12_1_, permission0_.character_id as characte6_12_1_, permission0_.permission_name as permissi2_12_1_, permission0_.permission_permission_unit_id as permissi3_12_1_, permission0_.permission_service as permissi4_12_1_, permission0_.permission_status as permissi5_12_1_ from permission permission0_ where permission0_.character_id=?
Hibernate: select count(*) as col_0_0_ from category category0_ where category0_.category_id=?
Hibernate: select count(board0_.board_id) as col_0_0_ from board board0_ where board0_.category_id=?
Hibernate: select category0_.category_id as category1_5_0_, category0_.category_name as category2_5_0_ from category category0_ where category0_.category_id=?
Hibernate: select boardlist0_.category_id as category7_4_0_, boardlist0_.board_id as board_id1_4_0_, boardlist0_.board_id as board_id1_4_1_, boardlist0_.category_id as category7_4_1_, boardlist0_.board_content as board_co2_4_1_, boardlist0_.board_created_at as board_cr3_4_1_, boardlist0_.board_last_modified_at as board_la4_4_1_, boardlist0_.board_title as board_ti5_4_1_, boardlist0_.user_id as user_id8_4_1_, boardlist0_.board_views as board_vi6_4_1_ from board boardlist0_ where boardlist0_.category_id=?
Hibernate: delete from category where category_id=?
Hibernate: select user0_.user_id as user_id1_21_0_, user0_.character_id as characte7_21_0_, user0_.user_created_at as user_cre2_21_0_, user0_.user_name as user_nam3_21_0_, user0_.user_phone_number as user_pho4_21_0_, user0_.user_user_id as user_use5_21_0_, user0_.user_user_password as user_use6_21_0_ from user user0_ where user0_.user_id=?
Hibernate: select character0_.character_id as characte1_6_0_, character0_.character_character_name as characte2_6_0_ from characters character0_ where character0_.character_id=?
Hibernate: select count(*) as col_0_0_ from user user0_ where user0_.user_id=?
Hibernate: select character1_.character_id as characte1_6_, character1_.character_character_name as characte2_6_ from user user0_ inner join characters character1_ on user0_.character_id=character1_.character_id where user0_.user_id=?
Hibernate: select permission0_.character_id as characte6_12_0_, permission0_.permission_id as permissi1_12_0_, permission0_.permission_id as permissi1_12_1_, permission0_.character_id as characte6_12_1_, permission0_.permission_name as permissi2_12_1_, permission0_.permission_permission_unit_id as permissi3_12_1_, permission0_.permission_service as permissi4_12_1_, permission0_.permission_status as permissi5_12_1_ from permission permission0_ where permission0_.character_id=?
Hibernate: select count(*) as col_0_0_ from category category0_ where category0_.category_id=?
Hibernate: select count(board0_.board_id) as col_0_0_ from board board0_ where board0_.category_id=?
Hibernate: select category0_.category_id as category1_5_0_, category0_.category_name as category2_5_0_ from category category0_ where category0_.category_id=?
Hibernate: select boardlist0_.category_id as category7_4_0_, boardlist0_.board_id as board_id1_4_0_, boardlist0_.board_id as board_id1_4_1_, boardlist0_.category_id as category7_4_1_, boardlist0_.board_content as board_co2_4_1_, boardlist0_.board_created_at as board_cr3_4_1_, boardlist0_.board_last_modified_at as board_la4_4_1_, boardlist0_.board_title as board_ti5_4_1_, boardlist0_.user_id as user_id8_4_1_, boardlist0_.board_views as board_vi6_4_1_ from board boardlist0_ where boardlist0_.category_id=?
Hibernate: delete from category where category_id=?
Hibernate: select user0_.user_id as user_id1_21_0_, user0_.character_id as characte7_21_0_, user0_.user_created_at as user_cre2_21_0_, user0_.user_name as user_nam3_21_0_, user0_.user_phone_number as user_pho4_21_0_, user0_.user_user_id as user_use5_21_0_, user0_.user_user_password as user_use6_21_0_ from user user0_ where user0_.user_id=?
Hibernate: select character0_.character_id as characte1_6_0_, character0_.character_character_name as characte2_6_0_ from characters character0_ where character0_.character_id=?
Hibernate: select count(*) as col_0_0_ from user user0_ where user0_.user_id=?
Hibernate: select character1_.character_id as characte1_6_, character1_.character_character_name as characte2_6_ from user user0_ inner join characters character1_ on user0_.character_id=character1_.character_id where user0_.user_id=?
Hibernate: select permission0_.character_id as characte6_12_0_, permission0_.permission_id as permissi1_12_0_, permission0_.permission_id as permissi1_12_1_, permission0_.character_id as characte6_12_1_, permission0_.permission_name as permissi2_12_1_, permission0_.permission_permission_unit_id as permissi3_12_1_, permission0_.permission_service as permissi4_12_1_, permission0_.permission_status as permissi5_12_1_ from permission permission0_ where permission0_.character_id=?
Hibernate: select category0_.category_id as col_0_0_ from category category0_ where category0_.category_name=? limit ?
Hibernate: select category0_.category_id as category1_5_1_, category0_.category_name as category2_5_1_, boardlist1_.category_id as category7_4_3_, boardlist1_.board_id as board_id1_4_3_, boardlist1_.board_id as board_id1_4_0_, boardlist1_.category_id as category7_4_0_, boardlist1_.board_content as board_co2_4_0_, boardlist1_.board_created_at as board_cr3_4_0_, boardlist1_.board_last_modified_at as board_la4_4_0_, boardlist1_.board_title as board_ti5_4_0_, boardlist1_.user_id as user_id8_4_0_, boardlist1_.board_views as board_vi6_4_0_ from category category0_ left outer join board boardlist1_ on category0_.category_id=boardlist1_.category_id where category0_.category_id=?
Hibernate: insert into category (category_id, category_name) values (default, ?)
Hibernate: select user0_.user_id as user_id1_21_0_, user0_.character_id as characte7_21_0_, user0_.user_created_at as user_cre2_21_0_, user0_.user_name as user_nam3_21_0_, user0_.user_phone_number as user_pho4_21_0_, user0_.user_user_id as user_use5_21_0_, user0_.user_user_password as user_use6_21_0_ from user user0_ where user0_.user_id=?
Hibernate: select character0_.character_id as characte1_6_0_, character0_.character_character_name as characte2_6_0_ from characters character0_ where character0_.character_id=?
Hibernate: select count(*) as col_0_0_ from user user0_ where user0_.user_id=?
Hibernate: select character1_.character_id as characte1_6_, character1_.character_character_name as characte2_6_ from user user0_ inner join characters character1_ on user0_.character_id=character1_.character_id where user0_.user_id=?
Hibernate: select permission0_.character_id as characte6_12_0_, permission0_.permission_id as permissi1_12_0_, permission0_.permission_id as permissi1_12_1_, permission0_.character_id as characte6_12_1_, permission0_.permission_name as permissi2_12_1_, permission0_.permission_permission_unit_id as permissi3_12_1_, permission0_.permission_service as permissi4_12_1_, permission0_.permission_status as permissi5_12_1_ from permission permission0_ where permission0_.character_id=?
Hibernate: select category0_.category_id as col_0_0_ from category category0_ where category0_.category_name=? limit ?
Hibernate: select category0_.category_id as category1_5_1_, category0_.category_name as category2_5_1_, boardlist1_.category_id as category7_4_3_, boardlist1_.board_id as board_id1_4_3_, boardlist1_.board_id as board_id1_4_0_, boardlist1_.category_id as category7_4_0_, boardlist1_.board_content as board_co2_4_0_, boardlist1_.board_created_at as board_cr3_4_0_, boardlist1_.board_last_modified_at as board_la4_4_0_, boardlist1_.board_title as board_ti5_4_0_, boardlist1_.user_id as user_id8_4_0_, boardlist1_.board_views as board_vi6_4_0_ from category category0_ left outer join board boardlist1_ on category0_.category_id=boardlist1_.category_id where category0_.category_id=?
Hibernate: insert into category (category_id, category_name) values (default, ?)
Hibernate: select user0_.user_id as col_0_0_ from user user0_ where user0_.user_user_id=? limit ?
Hibernate: select user0_.user_id as col_0_0_ from user user0_ where user0_.user_user_id=? limit ?
Hibernate: select U.* from USER U where U.USER_USER_ID =?
Hibernate: select character0_.character_id as characte1_6_0_, character0_.character_character_name as characte2_6_0_ from characters character0_ where character0_.character_id=?
Hibernate: select user0_.user_id as col_0_0_ from user user0_ where user0_.user_user_id=? limit ?
Hibernate: select user0_.user_id as col_0_0_ from user user0_ where user0_.user_user_id=? limit ?
Hibernate: select U.* from USER U where U.USER_USER_ID =?
Hibernate: select character0_.character_id as characte1_6_0_, character0_.character_character_name as characte2_6_0_ from characters character0_ where character0_.character_id=?
Hibernate: select user0_.user_id as col_0_0_ from user user0_ where user0_.user_user_id=? limit ?
Hibernate: select user0_.user_id as col_0_0_ from user user0_ where user0_.user_user_id=? limit ?
Hibernate: select U.* from USER U where U.USER_USER_ID =?
Hibernate: select character0_.character_id as characte1_6_0_, character0_.character_character_name as characte2_6_0_ from characters character0_ where character0_.character_id=?
Hibernate: select user0_.user_id as user_id1_21_0_, user0_.character_id as characte7_21_0_, user0_.user_created_at as user_cre2_21_0_, user0_.user_name as user_nam3_21_0_, user0_.user_phone_number as user_pho4_21_0_, user0_.user_user_id as user_use5_21_0_, user0_.user_user_password as user_use6_21_0_ from user user0_ where user0_.user_id=?
Hibernate: select character0_.character_id as characte1_6_0_, character0_.character_character_name as characte2_6_0_ from characters character0_ where character0_.character_id=?
Hibernate: select count(*) as col_0_0_ from user user0_ where user0_.user_id=?
Hibernate: select character1_.character_id as characte1_6_, character1_.character_character_name as characte2_6_ from user user0_ inner join characters character1_ on user0_.character_id=character1_.character_id where user0_.user_id=?
Hibernate: select permission0_.character_id as characte6_12_0_, permission0_.permission_id as permissi1_12_0_, permission0_.permission_id as permissi1_12_1_, permission0_.character_id as characte6_12_1_, permission0_.permission_name as permissi2_12_1_, permission0_.permission_permission_unit_id as permissi3_12_1_, permission0_.permission_service as permissi4_12_1_, permission0_.permission_status as permissi5_12_1_ from permission permission0_ where permission0_.character_id=?
Hibernate: select category0_.category_id as col_0_0_ from category category0_ where category0_.category_name=? limit ?
Hibernate: select category0_.category_id as category1_5_1_, category0_.category_name as category2_5_1_, boardlist1_.category_id as category7_4_3_, boardlist1_.board_id as board_id1_4_3_, boardlist1_.board_id as board_id1_4_0_, boardlist1_.category_id as category7_4_0_, boardlist1_.board_content as board_co2_4_0_, boardlist1_.board_created_at as board_cr3_4_0_, boardlist1_.board_last_modified_at as board_la4_4_0_, boardlist1_.board_title as board_ti5_4_0_, boardlist1_.user_id as user_id8_4_0_, boardlist1_.board_views as board_vi6_4_0_ from category category0_ left outer join board boardlist1_ on category0_.category_id=boardlist1_.category_id where category0_.category_id=?
Hibernate: insert into category (category_id, category_name) values (default, ?)
Hibernate: select user0_.user_id as user_id1_21_0_, user0_.character_id as characte7_21_0_, user0_.user_created_at as user_cre2_21_0_, user0_.user_name as user_nam3_21_0_, user0_.user_phone_number as user_pho4_21_0_, user0_.user_user_id as user_use5_21_0_, user0_.user_user_password as user_use6_21_0_ from user user0_ where user0_.user_id=?
Hibernate: select character0_.character_id as characte1_6_0_, character0_.character_character_name as characte2_6_0_ from characters character0_ where character0_.character_id=?
Hibernate: select category0_.category_id as category1_5_, category0_.category_name as category2_5_ from category category0_
Hibernate: select boardlist0_.category_id as category7_4_0_, boardlist0_.board_id as board_id1_4_0_, boardlist0_.board_id as board_id1_4_1_, boardlist0_.category_id as category7_4_1_, boardlist0_.board_content as board_co2_4_1_, boardlist0_.board_created_at as board_cr3_4_1_, boardlist0_.board_last_modified_at as board_la4_4_1_, boardlist0_.board_title as board_ti5_4_1_, boardlist0_.user_id as user_id8_4_1_, boardlist0_.board_views as board_vi6_4_1_ from board boardlist0_ where boardlist0_.category_id=?
Hibernate: select boardlist0_.category_id as category7_4_0_, boardlist0_.board_id as board_id1_4_0_, boardlist0_.board_id as board_id1_4_1_, boardlist0_.category_id as category7_4_1_, boardlist0_.board_content as board_co2_4_1_, boardlist0_.board_created_at as board_cr3_4_1_, boardlist0_.board_last_modified_at as board_la4_4_1_, boardlist0_.board_title as board_ti5_4_1_, boardlist0_.user_id as user_id8_4_1_, boardlist0_.board_views as board_vi6_4_1_ from board boardlist0_ where boardlist0_.category_id=?
Hibernate: select boardlist0_.category_id as category7_4_0_, boardlist0_.board_id as board_id1_4_0_, boardlist0_.board_id as board_id1_4_1_, boardlist0_.category_id as category7_4_1_, boardlist0_.board_content as board_co2_4_1_, boardlist0_.board_created_at as board_cr3_4_1_, boardlist0_.board_last_modified_at as board_la4_4_1_, boardlist0_.board_title as board_ti5_4_1_, boardlist0_.user_id as user_id8_4_1_, boardlist0_.board_views as board_vi6_4_1_ from board boardlist0_ where boardlist0_.category_id=?
Hibernate: select user0_.user_id as user_id1_21_0_, user0_.character_id as characte7_21_0_, user0_.user_created_at as user_cre2_21_0_, user0_.user_name as user_nam3_21_0_, user0_.user_phone_number as user_pho4_21_0_, user0_.user_user_id as user_use5_21_0_, user0_.user_user_password as user_use6_21_0_ from user user0_ where user0_.user_id=?
Hibernate: select character0_.character_id as characte1_6_0_, character0_.character_character_name as characte2_6_0_ from characters character0_ where character0_.character_id=?
Hibernate: select count(*) as col_0_0_ from user user0_ where user0_.user_id=?
Hibernate: select character1_.character_id as characte1_6_, character1_.character_character_name as characte2_6_ from user user0_ inner join characters character1_ on user0_.character_id=character1_.character_id where user0_.user_id=?
Hibernate: select permission0_.character_id as characte6_12_0_, permission0_.permission_id as permissi1_12_0_, permission0_.permission_id as permissi1_12_1_, permission0_.character_id as characte6_12_1_, permission0_.permission_name as permissi2_12_1_, permission0_.permission_permission_unit_id as permissi3_12_1_, permission0_.permission_service as permissi4_12_1_, permission0_.permission_status as permissi5_12_1_ from permission permission0_ where permission0_.character_id=?
Hibernate: select count(*) as col_0_0_ from category category0_ where category0_.category_id=?
Hibernate: insert into filename (filename_id, filename_origin, filename_uuid) values (default, ?, ?)
Hibernate: insert into filename (filename_id, filename_origin, filename_uuid) values (default, ?, ?)
Hibernate: select category0_.category_id as category1_5_0_, category0_.category_name as category2_5_0_ from category category0_ where category0_.category_id=?
Hibernate: insert into board (board_id, category_id, board_content, board_created_at, board_last_modified_at, board_title, user_id, board_views) values (default, ?, ?, ?, ?, ?, ?, ?)
Hibernate: insert into reaction (reaction_id, board_id, reaction_type) values (default, ?, ?)
Hibernate: insert into reaction (reaction_id, board_id, reaction_type) values (default, ?, ?)
Hibernate: insert into reaction (reaction_id, board_id, reaction_type) values (default, ?, ?)
Hibernate: insert into reaction (reaction_id, board_id, reaction_type) values (default, ?, ?)
Hibernate: insert into reaction (reaction_id, board_id, reaction_type) values (default, ?, ?)
Hibernate: insert into reaction (reaction_id, board_id, reaction_type) values (default, ?, ?)
Hibernate: insert into file_path_list (board_board_id, board_file_path_list) values (?, ?)
Hibernate: insert into image_path_list (board_board_id, board_image_path_list) values (?, ?)
Hibernate: select user0_.user_id as user_id1_21_0_, user0_.character_id as characte7_21_0_, user0_.user_created_at as user_cre2_21_0_, user0_.user_name as user_nam3_21_0_, user0_.user_phone_number as user_pho4_21_0_, user0_.user_user_id as user_use5_21_0_, user0_.user_user_password as user_use6_21_0_ from user user0_ where user0_.user_id=?
Hibernate: select character0_.character_id as characte1_6_0_, character0_.character_character_name as characte2_6_0_ from characters character0_ where character0_.character_id=?
Hibernate: select count(*) as col_0_0_ from board board0_
Hibernate: select board0_.board_id as board_id1_4_, board0_.category_id as category7_4_, board0_.board_content as board_co2_4_, board0_.board_created_at as board_cr3_4_, board0_.board_last_modified_at as board_la4_4_, board0_.board_title as board_ti5_4_, board0_.user_id as user_id8_4_, board0_.board_views as board_vi6_4_ from board board0_ limit ?
Hibernate: select category0_.category_id as category1_5_0_, category0_.category_name as category2_5_0_ from category category0_ where category0_.category_id=?
Hibernate: select reactionli0_.board_id as board_id3_13_0_, reactionli0_.reaction_id as reaction1_13_0_, reactionli0_.reaction_id as reaction1_13_1_, reactionli0_.board_id as board_id3_13_1_, reactionli0_.reaction_type as reaction2_13_1_ from reaction reactionli0_ where reactionli0_.board_id=?
Hibernate: select reactionus0_.reaction_id as reaction2_14_0_, reactionus0_.reaction_user_id as reaction1_14_0_, reactionus0_.reaction_user_id as reaction1_14_1_, reactionus0_.reaction_id as reaction2_14_1_, reactionus0_.user_id as user_id3_14_1_ from reaction_user reactionus0_ where reactionus0_.reaction_id=?
Hibernate: select reactionus0_.reaction_id as reaction2_14_0_, reactionus0_.reaction_user_id as reaction1_14_0_, reactionus0_.reaction_user_id as reaction1_14_1_, reactionus0_.reaction_id as reaction2_14_1_, reactionus0_.user_id as user_id3_14_1_ from reaction_user reactionus0_ where reactionus0_.reaction_id=?
Hibernate: select reactionus0_.reaction_id as reaction2_14_0_, reactionus0_.reaction_user_id as reaction1_14_0_, reactionus0_.reaction_user_id as reaction1_14_1_, reactionus0_.reaction_id as reaction2_14_1_, reactionus0_.user_id as user_id3_14_1_ from reaction_user reactionus0_ where reactionus0_.reaction_id=?
Hibernate: select reactionus0_.reaction_id as reaction2_14_0_, reactionus0_.reaction_user_id as reaction1_14_0_, reactionus0_.reaction_user_id as reaction1_14_1_, reactionus0_.reaction_id as reaction2_14_1_, reactionus0_.user_id as user_id3_14_1_ from reaction_user reactionus0_ where reactionus0_.reaction_id=?
Hibernate: select reactionus0_.reaction_id as reaction2_14_0_, reactionus0_.reaction_user_id as reaction1_14_0_, reactionus0_.reaction_user_id as reaction1_14_1_, reactionus0_.reaction_id as reaction2_14_1_, reactionus0_.user_id as user_id3_14_1_ from reaction_user reactionus0_ where reactionus0_.reaction_id=?
Hibernate: select reactionus0_.reaction_id as reaction2_14_0_, reactionus0_.reaction_user_id as reaction1_14_0_, reactionus0_.reaction_user_id as reaction1_14_1_, reactionus0_.reaction_id as reaction2_14_1_, reactionus0_.user_id as user_id3_14_1_ from reaction_user reactionus0_ where reactionus0_.reaction_id=?
Hibernate: select commentlis0_.board_id as board_id5_7_0_, commentlis0_.comment_id as comment_1_7_0_, commentlis0_.comment_id as comment_1_7_1_, commentlis0_.board_id as board_id5_7_1_, commentlis0_.comment_content as comment_2_7_1_, commentlis0_.comment_created_at as comment_3_7_1_, commentlis0_.comment_last_modified_at as comment_4_7_1_, commentlis0_.user_id as user_id6_7_1_ from comment commentlis0_ where commentlis0_.board_id=?
Hibernate: select boardlist0_.category_id as category7_4_0_, boardlist0_.board_id as board_id1_4_0_, boardlist0_.board_id as board_id1_4_1_, boardlist0_.category_id as category7_4_1_, boardlist0_.board_content as board_co2_4_1_, boardlist0_.board_created_at as board_cr3_4_1_, boardlist0_.board_last_modified_at as board_la4_4_1_, boardlist0_.board_title as board_ti5_4_1_, boardlist0_.user_id as user_id8_4_1_, boardlist0_.board_views as board_vi6_4_1_ from board boardlist0_ where boardlist0_.category_id=?
Hibernate: select count(comment0_.comment_id) as col_0_0_ from comment comment0_ where comment0_.board_id=?
Hibernate: select count(*) as col_0_0_ from board board0_
Hibernate: select imagepathl0_.board_board_id as board_bo1_11_0_, imagepathl0_.board_image_path_list as board_im2_11_0_ from image_path_list imagepathl0_ where imagepathl0_.board_board_id=?
Hibernate: select filename0_.filename_id as filename1_9_, filename0_.filename_origin as filename2_9_, filename0_.filename_uuid as filename3_9_ from filename filename0_ where filename0_.filename_uuid=?
Hibernate: select filepathli0_.board_board_id as board_bo1_8_0_, filepathli0_.board_file_path_list as board_fi2_8_0_ from file_path_list filepathli0_ where filepathli0_.board_board_id=?
Hibernate: select filename0_.filename_id as filename1_9_, filename0_.filename_origin as filename2_9_, filename0_.filename_uuid as filename3_9_ from filename filename0_ where filename0_.filename_uuid=?
Hibernate: select user0_.user_id as user_id1_21_0_, user0_.character_id as characte7_21_0_, user0_.user_created_at as user_cre2_21_0_, user0_.user_name as user_nam3_21_0_, user0_.user_phone_number as user_pho4_21_0_, user0_.user_user_id as user_use5_21_0_, user0_.user_user_password as user_use6_21_0_ from user user0_ where user0_.user_id=?
Hibernate: select character0_.character_id as characte1_6_0_, character0_.character_character_name as characte2_6_0_ from characters character0_ where character0_.character_id=?
Hibernate: select count(*) as col_0_0_ from user user0_ where user0_.user_id=?
Hibernate: select character1_.character_id as characte1_6_, character1_.character_character_name as characte2_6_ from user user0_ inner join characters character1_ on user0_.character_id=character1_.character_id where user0_.user_id=?
Hibernate: select permission0_.character_id as characte6_12_0_, permission0_.permission_id as permissi1_12_0_, permission0_.permission_id as permissi1_12_1_, permission0_.character_id as characte6_12_1_, permission0_.permission_name as permissi2_12_1_, permission0_.permission_permission_unit_id as permissi3_12_1_, permission0_.permission_service as permissi4_12_1_, permission0_.permission_status as permissi5_12_1_ from permission permission0_ where permission0_.character_id=?
Hibernate: select filename0_.filename_id as filename1_9_, filename0_.filename_origin as filename2_9_, filename0_.filename_uuid as filename3_9_ from filename filename0_ where filename0_.filename_uuid=?
Hibernate: select user0_.user_id as col_0_0_ from user user0_ where user0_.user_user_id=? limit ?
Hibernate: select user0_.user_id as col_0_0_ from user user0_ where user0_.user_user_id=? limit ?
Hibernate: select U.* from USER U where U.USER_USER_ID =?
Hibernate: select character0_.character_id as characte1_6_0_, character0_.character_character_name as characte2_6_0_ from characters character0_ where character0_.character_id=?
Hibernate: select user0_.user_id as user_id1_21_0_, user0_.character_id as characte7_21_0_, user0_.user_created_at as user_cre2_21_0_, user0_.user_name as user_nam3_21_0_, user0_.user_phone_number as user_pho4_21_0_, user0_.user_user_id as user_use5_21_0_, user0_.user_user_password as user_use6_21_0_ from user user0_ where user0_.user_id=?
Hibernate: select character0_.character_id as characte1_6_0_, character0_.character_character_name as characte2_6_0_ from characters character0_ where character0_.character_id=?
Hibernate: select count(*) as col_0_0_ from board board0_
Hibernate: select board0_.board_id as board_id1_4_, board0_.category_id as category7_4_, board0_.board_content as board_co2_4_, board0_.board_created_at as board_cr3_4_, board0_.board_last_modified_at as board_la4_4_, board0_.board_title as board_ti5_4_, board0_.user_id as user_id8_4_, board0_.board_views as board_vi6_4_ from board board0_ limit ?
Hibernate: select category0_.category_id as category1_5_0_, category0_.category_name as category2_5_0_ from category category0_ where category0_.category_id=?
Hibernate: select reactionli0_.board_id as board_id3_13_0_, reactionli0_.reaction_id as reaction1_13_0_, reactionli0_.reaction_id as reaction1_13_1_, reactionli0_.board_id as board_id3_13_1_, reactionli0_.reaction_type as reaction2_13_1_ from reaction reactionli0_ where reactionli0_.board_id=?
Hibernate: select reactionus0_.reaction_id as reaction2_14_0_, reactionus0_.reaction_user_id as reaction1_14_0_, reactionus0_.reaction_user_id as reaction1_14_1_, reactionus0_.reaction_id as reaction2_14_1_, reactionus0_.user_id as user_id3_14_1_ from reaction_user reactionus0_ where reactionus0_.reaction_id=?
Hibernate: select reactionus0_.reaction_id as reaction2_14_0_, reactionus0_.reaction_user_id as reaction1_14_0_, reactionus0_.reaction_user_id as reaction1_14_1_, reactionus0_.reaction_id as reaction2_14_1_, reactionus0_.user_id as user_id3_14_1_ from reaction_user reactionus0_ where reactionus0_.reaction_id=?
Hibernate: select reactionus0_.reaction_id as reaction2_14_0_, reactionus0_.reaction_user_id as reaction1_14_0_, reactionus0_.reaction_user_id as reaction1_14_1_, reactionus0_.reaction_id as reaction2_14_1_, reactionus0_.user_id as user_id3_14_1_ from reaction_user reactionus0_ where reactionus0_.reaction_id=?
Hibernate: select reactionus0_.reaction_id as reaction2_14_0_, reactionus0_.reaction_user_id as reaction1_14_0_, reactionus0_.reaction_user_id as reaction1_14_1_, reactionus0_.reaction_id as reaction2_14_1_, reactionus0_.user_id as user_id3_14_1_ from reaction_user reactionus0_ where reactionus0_.reaction_id=?
Hibernate: select reactionus0_.reaction_id as reaction2_14_0_, reactionus0_.reaction_user_id as reaction1_14_0_, reactionus0_.reaction_user_id as reaction1_14_1_, reactionus0_.reaction_id as reaction2_14_1_, reactionus0_.user_id as user_id3_14_1_ from reaction_user reactionus0_ where reactionus0_.reaction_id=?
Hibernate: select reactionus0_.reaction_id as reaction2_14_0_, reactionus0_.reaction_user_id as reaction1_14_0_, reactionus0_.reaction_user_id as reaction1_14_1_, reactionus0_.reaction_id as reaction2_14_1_, reactionus0_.user_id as user_id3_14_1_ from reaction_user reactionus0_ where reactionus0_.reaction_id=?
Hibernate: select commentlis0_.board_id as board_id5_7_0_, commentlis0_.comment_id as comment_1_7_0_, commentlis0_.comment_id as comment_1_7_1_, commentlis0_.board_id as board_id5_7_1_, commentlis0_.comment_content as comment_2_7_1_, commentlis0_.comment_created_at as comment_3_7_1_, commentlis0_.comment_last_modified_at as comment_4_7_1_, commentlis0_.user_id as user_id6_7_1_ from comment commentlis0_ where commentlis0_.board_id=?
Hibernate: select boardlist0_.category_id as category7_4_0_, boardlist0_.board_id as board_id1_4_0_, boardlist0_.board_id as board_id1_4_1_, boardlist0_.category_id as category7_4_1_, boardlist0_.board_content as board_co2_4_1_, boardlist0_.board_created_at as board_cr3_4_1_, boardlist0_.board_last_modified_at as board_la4_4_1_, boardlist0_.board_title as board_ti5_4_1_, boardlist0_.user_id as user_id8_4_1_, boardlist0_.board_views as board_vi6_4_1_ from board boardlist0_ where boardlist0_.category_id=?
Hibernate: select count(comment0_.comment_id) as col_0_0_ from comment comment0_ where comment0_.board_id=?
Hibernate: select count(*) as col_0_0_ from board board0_
Hibernate: select imagepathl0_.board_board_id as board_bo1_11_0_, imagepathl0_.board_image_path_list as board_im2_11_0_ from image_path_list imagepathl0_ where imagepathl0_.board_board_id=?
Hibernate: select filename0_.filename_id as filename1_9_, filename0_.filename_origin as filename2_9_, filename0_.filename_uuid as filename3_9_ from filename filename0_ where filename0_.filename_uuid=?
Hibernate: select filepathli0_.board_board_id as board_bo1_8_0_, filepathli0_.board_file_path_list as board_fi2_8_0_ from file_path_list filepathli0_ where filepathli0_.board_board_id=?
Hibernate: select filename0_.filename_id as filename1_9_, filename0_.filename_origin as filename2_9_, filename0_.filename_uuid as filename3_9_ from filename filename0_ where filename0_.filename_uuid=?
Hibernate: select U.* from USER U join BOARD B where U.USER_ID = B.USER_ID and B.BOARD_ID = ?
Hibernate: select character0_.character_id as characte1_6_0_, character0_.character_character_name as characte2_6_0_ from characters character0_ where character0_.character_id=?
Hibernate: select count(*) as col_0_0_ from user user0_ where user0_.user_id=?
Hibernate: select character1_.character_id as characte1_6_, character1_.character_character_name as characte2_6_ from user user0_ inner join characters character1_ on user0_.character_id=character1_.character_id where user0_.user_id=?
Hibernate: select permission0_.character_id as characte6_12_0_, permission0_.permission_id as permissi1_12_0_, permission0_.permission_id as permissi1_12_1_, permission0_.character_id as characte6_12_1_, permission0_.permission_name as permissi2_12_1_, permission0_.permission_permission_unit_id as permissi3_12_1_, permission0_.permission_service as permissi4_12_1_, permission0_.permission_status as permissi5_12_1_ from permission permission0_ where permission0_.character_id=?
Hibernate: select count(*) as col_0_0_ from board board0_ where board0_.board_id=?
Hibernate: select board0_.board_id as board_id1_4_0_, board0_.category_id as category7_4_0_, board0_.board_content as board_co2_4_0_, board0_.board_created_at as board_cr3_4_0_, board0_.board_last_modified_at as board_la4_4_0_, board0_.board_title as board_ti5_4_0_, board0_.user_id as user_id8_4_0_, board0_.board_views as board_vi6_4_0_ from board board0_ where board0_.board_id=?
Hibernate: select category0_.category_id as category1_5_0_, category0_.category_name as category2_5_0_ from category category0_ where category0_.category_id=?
Hibernate: select reactionli0_.board_id as board_id3_13_0_, reactionli0_.reaction_id as reaction1_13_0_, reactionli0_.reaction_id as reaction1_13_1_, reactionli0_.board_id as board_id3_13_1_, reactionli0_.reaction_type as reaction2_13_1_ from reaction reactionli0_ where reactionli0_.board_id=?
Hibernate: select reactionus0_.reaction_id as reaction2_14_0_, reactionus0_.reaction_user_id as reaction1_14_0_, reactionus0_.reaction_user_id as reaction1_14_1_, reactionus0_.reaction_id as reaction2_14_1_, reactionus0_.user_id as user_id3_14_1_ from reaction_user reactionus0_ where reactionus0_.reaction_id=?
Hibernate: select reactionus0_.reaction_id as reaction2_14_0_, reactionus0_.reaction_user_id as reaction1_14_0_, reactionus0_.reaction_user_id as reaction1_14_1_, reactionus0_.reaction_id as reaction2_14_1_, reactionus0_.user_id as user_id3_14_1_ from reaction_user reactionus0_ where reactionus0_.reaction_id=?
Hibernate: select reactionus0_.reaction_id as reaction2_14_0_, reactionus0_.reaction_user_id as reaction1_14_0_, reactionus0_.reaction_user_id as reaction1_14_1_, reactionus0_.reaction_id as reaction2_14_1_, reactionus0_.user_id as user_id3_14_1_ from reaction_user reactionus0_ where reactionus0_.reaction_id=?
Hibernate: select reactionus0_.reaction_id as reaction2_14_0_, reactionus0_.reaction_user_id as reaction1_14_0_, reactionus0_.reaction_user_id as reaction1_14_1_, reactionus0_.reaction_id as reaction2_14_1_, reactionus0_.user_id as user_id3_14_1_ from reaction_user reactionus0_ where reactionus0_.reaction_id=?
Hibernate: select reactionus0_.reaction_id as reaction2_14_0_, reactionus0_.reaction_user_id as reaction1_14_0_, reactionus0_.reaction_user_id as reaction1_14_1_, reactionus0_.reaction_id as reaction2_14_1_, reactionus0_.user_id as user_id3_14_1_ from reaction_user reactionus0_ where reactionus0_.reaction_id=?
Hibernate: select reactionus0_.reaction_id as reaction2_14_0_, reactionus0_.reaction_user_id as reaction1_14_0_, reactionus0_.reaction_user_id as reaction1_14_1_, reactionus0_.reaction_id as reaction2_14_1_, reactionus0_.user_id as user_id3_14_1_ from reaction_user reactionus0_ where reactionus0_.reaction_id=?
Hibernate: select commentlis0_.board_id as board_id5_7_0_, commentlis0_.comment_id as comment_1_7_0_, commentlis0_.comment_id as comment_1_7_1_, commentlis0_.board_id as board_id5_7_1_, commentlis0_.comment_content as comment_2_7_1_, commentlis0_.comment_created_at as comment_3_7_1_, commentlis0_.comment_last_modified_at as comment_4_7_1_, commentlis0_.user_id as user_id6_7_1_ from comment commentlis0_ where commentlis0_.board_id=?
Hibernate: select boardlist0_.category_id as category7_4_0_, boardlist0_.board_id as board_id1_4_0_, boardlist0_.board_id as board_id1_4_1_, boardlist0_.category_id as category7_4_1_, boardlist0_.board_content as board_co2_4_1_, boardlist0_.board_created_at as board_cr3_4_1_, boardlist0_.board_last_modified_at as board_la4_4_1_, boardlist0_.board_title as board_ti5_4_1_, boardlist0_.user_id as user_id8_4_1_, boardlist0_.board_views as board_vi6_4_1_ from board boardlist0_ where boardlist0_.category_id=?
Hibernate: select count(comment0_.comment_id) as col_0_0_ from comment comment0_ where comment0_.board_id=?
Hibernate: update board set category_id=?, board_content=?, board_created_at=?, board_last_modified_at=?, board_title=?, user_id=?, board_views=? where board_id=?
Hibernate: select filepathli0_.board_board_id as board_bo1_8_0_, filepathli0_.board_file_path_list as board_fi2_8_0_ from file_path_list filepathli0_ where filepathli0_.board_board_id=?
Hibernate: select filename0_.filename_id as filename1_9_, filename0_.filename_origin as filename2_9_, filename0_.filename_uuid as filename3_9_ from filename filename0_ where filename0_.filename_uuid=?
Hibernate: delete from filename where filename_id=?
Hibernate: select imagepathl0_.board_board_id as board_bo1_11_0_, imagepathl0_.board_image_path_list as board_im2_11_0_ from image_path_list imagepathl0_ where imagepathl0_.board_board_id=?
Hibernate: select filename0_.filename_id as filename1_9_, filename0_.filename_origin as filename2_9_, filename0_.filename_uuid as filename3_9_ from filename filename0_ where filename0_.filename_uuid=?
Hibernate: delete from filename where filename_id=?
Hibernate: select count(*) as col_0_0_ from board board0_ where board0_.board_id=?
Hibernate: delete from file_path_list where board_board_id=?
Hibernate: delete from image_path_list where board_board_id=?
Hibernate: delete from reaction where reaction_id=?
Hibernate: delete from reaction where reaction_id=?
Hibernate: delete from reaction where reaction_id=?
Hibernate: delete from reaction where reaction_id=?
Hibernate: delete from reaction where reaction_id=?
Hibernate: delete from reaction where reaction_id=?
Hibernate: delete from board where board_id=?
Hibernate: select user0_.user_id as user_id1_21_0_, user0_.character_id as characte7_21_0_, user0_.user_created_at as user_cre2_21_0_, user0_.user_name as user_nam3_21_0_, user0_.user_phone_number as user_pho4_21_0_, user0_.user_user_id as user_use5_21_0_, user0_.user_user_password as user_use6_21_0_ from user user0_ where user0_.user_id=?
Hibernate: select character0_.character_id as characte1_6_0_, character0_.character_character_name as characte2_6_0_ from characters character0_ where character0_.character_id=?
Hibernate: select count(*) as col_0_0_ from user user0_ where user0_.user_id=?
Hibernate: select character1_.character_id as characte1_6_, character1_.character_character_name as characte2_6_ from user user0_ inner join characters character1_ on user0_.character_id=character1_.character_id where user0_.user_id=?
Hibernate: select permission0_.character_id as characte6_12_0_, permission0_.permission_id as permissi1_12_0_, permission0_.permission_id as permissi1_12_1_, permission0_.character_id as characte6_12_1_, permission0_.permission_name as permissi2_12_1_, permission0_.permission_permission_unit_id as permissi3_12_1_, permission0_.permission_service as permissi4_12_1_, permission0_.permission_status as permissi5_12_1_ from permission permission0_ where permission0_.character_id=?
Hibernate: select count(*) as col_0_0_ from board board0_ where board0_.board_id=?
Hibernate: select user0_.user_id as col_0_0_ from user user0_ where user0_.user_user_id=? limit ?
Hibernate: select user0_.user_id as col_0_0_ from user user0_ where user0_.user_user_id=? limit ?
Hibernate: select U.* from USER U where U.USER_USER_ID =?
Hibernate: select character0_.character_id as characte1_6_0_, character0_.character_character_name as characte2_6_0_ from characters character0_ where character0_.character_id=?
Hibernate: select user0_.user_id as user_id1_21_0_, user0_.character_id as characte7_21_0_, user0_.user_created_at as user_cre2_21_0_, user0_.user_name as user_nam3_21_0_, user0_.user_phone_number as user_pho4_21_0_, user0_.user_user_id as user_use5_21_0_, user0_.user_user_password as user_use6_21_0_ from user user0_ where user0_.user_id=?
Hibernate: select character0_.character_id as characte1_6_0_, character0_.character_character_name as characte2_6_0_ from characters character0_ where character0_.character_id=?
Hibernate: select category0_.category_id as category1_5_, category0_.category_name as category2_5_ from category category0_
Hibernate: select boardlist0_.category_id as category7_4_0_, boardlist0_.board_id as board_id1_4_0_, boardlist0_.board_id as board_id1_4_1_, boardlist0_.category_id as category7_4_1_, boardlist0_.board_content as board_co2_4_1_, boardlist0_.board_created_at as board_cr3_4_1_, boardlist0_.board_last_modified_at as board_la4_4_1_, boardlist0_.board_title as board_ti5_4_1_, boardlist0_.user_id as user_id8_4_1_, boardlist0_.board_views as board_vi6_4_1_ from board boardlist0_ where boardlist0_.category_id=?
Hibernate: select boardlist0_.category_id as category7_4_0_, boardlist0_.board_id as board_id1_4_0_, boardlist0_.board_id as board_id1_4_1_, boardlist0_.category_id as category7_4_1_, boardlist0_.board_content as board_co2_4_1_, boardlist0_.board_created_at as board_cr3_4_1_, boardlist0_.board_last_modified_at as board_la4_4_1_, boardlist0_.board_title as board_ti5_4_1_, boardlist0_.user_id as user_id8_4_1_, boardlist0_.board_views as board_vi6_4_1_ from board boardlist0_ where boardlist0_.category_id=?
Hibernate: select boardlist0_.category_id as category7_4_0_, boardlist0_.board_id as board_id1_4_0_, boardlist0_.board_id as board_id1_4_1_, boardlist0_.category_id as category7_4_1_, boardlist0_.board_content as board_co2_4_1_, boardlist0_.board_created_at as board_cr3_4_1_, boardlist0_.board_last_modified_at as board_la4_4_1_, boardlist0_.board_title as board_ti5_4_1_, boardlist0_.user_id as user_id8_4_1_, boardlist0_.board_views as board_vi6_4_1_ from board boardlist0_ where boardlist0_.category_id=?
Hibernate: select user0_.user_id as user_id1_21_0_, user0_.character_id as characte7_21_0_, user0_.user_created_at as user_cre2_21_0_, user0_.user_name as user_nam3_21_0_, user0_.user_phone_number as user_pho4_21_0_, user0_.user_user_id as user_use5_21_0_, user0_.user_user_password as user_use6_21_0_ from user user0_ where user0_.user_id=?
Hibernate: select character0_.character_id as characte1_6_0_, character0_.character_character_name as characte2_6_0_ from characters character0_ where character0_.character_id=?
Hibernate: select count(*) as col_0_0_ from user user0_ where user0_.user_id=?
Hibernate: select character1_.character_id as characte1_6_, character1_.character_character_name as characte2_6_ from user user0_ inner join characters character1_ on user0_.character_id=character1_.character_id where user0_.user_id=?
Hibernate: select permission0_.character_id as characte6_12_0_, permission0_.permission_id as permissi1_12_0_, permission0_.permission_id as permissi1_12_1_, permission0_.character_id as characte6_12_1_, permission0_.permission_name as permissi2_12_1_, permission0_.permission_permission_unit_id as permissi3_12_1_, permission0_.permission_service as permissi4_12_1_, permission0_.permission_status as permissi5_12_1_ from permission permission0_ where permission0_.character_id=?
Hibernate: select count(*) as col_0_0_ from category category0_ where category0_.category_id=?
Hibernate: select count(board0_.board_id) as col_0_0_ from board board0_ where board0_.category_id=?
Hibernate: select category0_.category_id as category1_5_0_, category0_.category_name as category2_5_0_ from category category0_ where category0_.category_id=?
Hibernate: select boardlist0_.category_id as category7_4_0_, boardlist0_.board_id as board_id1_4_0_, boardlist0_.board_id as board_id1_4_1_, boardlist0_.category_id as category7_4_1_, boardlist0_.board_content as board_co2_4_1_, boardlist0_.board_created_at as board_cr3_4_1_, boardlist0_.board_last_modified_at as board_la4_4_1_, boardlist0_.board_title as board_ti5_4_1_, boardlist0_.user_id as user_id8_4_1_, boardlist0_.board_views as board_vi6_4_1_ from board boardlist0_ where boardlist0_.category_id=?
Hibernate: delete from category where category_id=?
Hibernate: select user0_.user_id as user_id1_21_0_, user0_.character_id as characte7_21_0_, user0_.user_created_at as user_cre2_21_0_, user0_.user_name as user_nam3_21_0_, user0_.user_phone_number as user_pho4_21_0_, user0_.user_user_id as user_use5_21_0_, user0_.user_user_password as user_use6_21_0_ from user user0_ where user0_.user_id=?
Hibernate: select character0_.character_id as characte1_6_0_, character0_.character_character_name as characte2_6_0_ from characters character0_ where character0_.character_id=?
Hibernate: select count(*) as col_0_0_ from user user0_ where user0_.user_id=?
Hibernate: select character1_.character_id as characte1_6_, character1_.character_character_name as characte2_6_ from user user0_ inner join characters character1_ on user0_.character_id=character1_.character_id where user0_.user_id=?
Hibernate: select permission0_.character_id as characte6_12_0_, permission0_.permission_id as permissi1_12_0_, permission0_.permission_id as permissi1_12_1_, permission0_.character_id as characte6_12_1_, permission0_.permission_name as permissi2_12_1_, permission0_.permission_permission_unit_id as permissi3_12_1_, permission0_.permission_service as permissi4_12_1_, permission0_.permission_status as permissi5_12_1_ from permission permission0_ where permission0_.character_id=?
Hibernate: select count(*) as col_0_0_ from category category0_ where category0_.category_id=?
Hibernate: select count(board0_.board_id) as col_0_0_ from board board0_ where board0_.category_id=?
Hibernate: select category0_.category_id as category1_5_0_, category0_.category_name as category2_5_0_ from category category0_ where category0_.category_id=?
Hibernate: select boardlist0_.category_id as category7_4_0_, boardlist0_.board_id as board_id1_4_0_, boardlist0_.board_id as board_id1_4_1_, boardlist0_.category_id as category7_4_1_, boardlist0_.board_content as board_co2_4_1_, boardlist0_.board_created_at as board_cr3_4_1_, boardlist0_.board_last_modified_at as board_la4_4_1_, boardlist0_.board_title as board_ti5_4_1_, boardlist0_.user_id as user_id8_4_1_, boardlist0_.board_views as board_vi6_4_1_ from board boardlist0_ where boardlist0_.category_id=?
Hibernate: delete from category where category_id=?
Hibernate: select user0_.user_id as user_id1_21_0_, user0_.character_id as characte7_21_0_, user0_.user_created_at as user_cre2_21_0_, user0_.user_name as user_nam3_21_0_, user0_.user_phone_number as user_pho4_21_0_, user0_.user_user_id as user_use5_21_0_, user0_.user_user_password as user_use6_21_0_ from user user0_ where user0_.user_id=?
Hibernate: select character0_.character_id as characte1_6_0_, character0_.character_character_name as characte2_6_0_ from characters character0_ where character0_.character_id=?
Hibernate: select count(*) as col_0_0_ from user user0_ where user0_.user_id=?
Hibernate: select character1_.character_id as characte1_6_, character1_.character_character_name as characte2_6_ from user user0_ inner join characters character1_ on user0_.character_id=character1_.character_id where user0_.user_id=?
Hibernate: select permission0_.character_id as characte6_12_0_, permission0_.permission_id as permissi1_12_0_, permission0_.permission_id as permissi1_12_1_, permission0_.character_id as characte6_12_1_, permission0_.permission_name as permissi2_12_1_, permission0_.permission_permission_unit_id as permissi3_12_1_, permission0_.permission_service as permissi4_12_1_, permission0_.permission_status as permissi5_12_1_ from permission permission0_ where permission0_.character_id=?
Hibernate: select count(*) as col_0_0_ from category category0_ where category0_.category_id=?
Hibernate: select count(board0_.board_id) as col_0_0_ from board board0_ where board0_.category_id=?
Hibernate: select category0_.category_id as category1_5_0_, category0_.category_name as category2_5_0_ from category category0_ where category0_.category_id=?
Hibernate: select boardlist0_.category_id as category7_4_0_, boardlist0_.board_id as board_id1_4_0_, boardlist0_.board_id as board_id1_4_1_, boardlist0_.category_id as category7_4_1_, boardlist0_.board_content as board_co2_4_1_, boardlist0_.board_created_at as board_cr3_4_1_, boardlist0_.board_last_modified_at as board_la4_4_1_, boardlist0_.board_title as board_ti5_4_1_, boardlist0_.user_id as user_id8_4_1_, boardlist0_.board_views as board_vi6_4_1_ from board boardlist0_ where boardlist0_.category_id=?
Hibernate: delete from category where category_id=?
Hibernate: select user0_.user_id as user_id1_21_0_, user0_.character_id as characte7_21_0_, user0_.user_created_at as user_cre2_21_0_, user0_.user_name as user_nam3_21_0_, user0_.user_phone_number as user_pho4_21_0_, user0_.user_user_id as user_use5_21_0_, user0_.user_user_password as user_use6_21_0_ from user user0_ where user0_.user_id=?
Hibernate: select character0_.character_id as characte1_6_0_, character0_.character_character_name as characte2_6_0_ from characters character0_ where character0_.character_id=?
Hibernate: select count(*) as col_0_0_ from user user0_ where user0_.user_id=?
Hibernate: select character1_.character_id as characte1_6_, character1_.character_character_name as characte2_6_ from user user0_ inner join characters character1_ on user0_.character_id=character1_.character_id where user0_.user_id=?
Hibernate: select permission0_.character_id as characte6_12_0_, permission0_.permission_id as permissi1_12_0_, permission0_.permission_id as permissi1_12_1_, permission0_.character_id as characte6_12_1_, permission0_.permission_name as permissi2_12_1_, permission0_.permission_permission_unit_id as permissi3_12_1_, permission0_.permission_service as permissi4_12_1_, permission0_.permission_status as permissi5_12_1_ from permission permission0_ where permission0_.character_id=?
Hibernate: select category0_.category_id as col_0_0_ from category category0_ where category0_.category_name=? limit ?
Hibernate: select category0_.category_id as category1_5_1_, category0_.category_name as category2_5_1_, boardlist1_.category_id as category7_4_3_, boardlist1_.board_id as board_id1_4_3_, boardlist1_.board_id as board_id1_4_0_, boardlist1_.category_id as category7_4_0_, boardlist1_.board_content as board_co2_4_0_, boardlist1_.board_created_at as board_cr3_4_0_, boardlist1_.board_last_modified_at as board_la4_4_0_, boardlist1_.board_title as board_ti5_4_0_, boardlist1_.user_id as user_id8_4_0_, boardlist1_.board_views as board_vi6_4_0_ from category category0_ left outer join board boardlist1_ on category0_.category_id=boardlist1_.category_id where category0_.category_id=?
Hibernate: insert into category (category_id, category_name) values (default, ?)
Hibernate: select user0_.user_id as user_id1_21_0_, user0_.character_id as characte7_21_0_, user0_.user_created_at as user_cre2_21_0_, user0_.user_name as user_nam3_21_0_, user0_.user_phone_number as user_pho4_21_0_, user0_.user_user_id as user_use5_21_0_, user0_.user_user_password as user_use6_21_0_ from user user0_ where user0_.user_id=?
Hibernate: select character0_.character_id as characte1_6_0_, character0_.character_character_name as characte2_6_0_ from characters character0_ where character0_.character_id=?
Hibernate: select count(*) as col_0_0_ from user user0_ where user0_.user_id=?
Hibernate: select character1_.character_id as characte1_6_, character1_.character_character_name as characte2_6_ from user user0_ inner join characters character1_ on user0_.character_id=character1_.character_id where user0_.user_id=?
Hibernate: select permission0_.character_id as characte6_12_0_, permission0_.permission_id as permissi1_12_0_, permission0_.permission_id as permissi1_12_1_, permission0_.character_id as characte6_12_1_, permission0_.permission_name as permissi2_12_1_, permission0_.permission_permission_unit_id as permissi3_12_1_, permission0_.permission_service as permissi4_12_1_, permission0_.permission_status as permissi5_12_1_ from permission permission0_ where permission0_.character_id=?
Hibernate: select category0_.category_id as col_0_0_ from category category0_ where category0_.category_name=? limit ?
Hibernate: select category0_.category_id as category1_5_1_, category0_.category_name as category2_5_1_, boardlist1_.category_id as category7_4_3_, boardlist1_.board_id as board_id1_4_3_, boardlist1_.board_id as board_id1_4_0_, boardlist1_.category_id as category7_4_0_, boardlist1_.board_content as board_co2_4_0_, boardlist1_.board_created_at as board_cr3_4_0_, boardlist1_.board_last_modified_at as board_la4_4_0_, boardlist1_.board_title as board_ti5_4_0_, boardlist1_.user_id as user_id8_4_0_, boardlist1_.board_views as board_vi6_4_0_ from category category0_ left outer join board boardlist1_ on category0_.category_id=boardlist1_.category_id where category0_.category_id=?
Hibernate: insert into category (category_id, category_name) values (default, ?)
Hibernate: select user0_.user_id as col_0_0_ from user user0_ where user0_.user_user_id=? limit ?
Hibernate: select user0_.user_id as col_0_0_ from user user0_ where user0_.user_user_id=? limit ?
Hibernate: select U.* from USER U where U.USER_USER_ID =?
Hibernate: select character0_.character_id as characte1_6_0_, character0_.character_character_name as characte2_6_0_ from characters character0_ where character0_.character_id=?
Hibernate: select user0_.user_id as col_0_0_ from user user0_ where user0_.user_user_id=? limit ?
Hibernate: select user0_.user_id as col_0_0_ from user user0_ where user0_.user_user_id=? limit ?
Hibernate: select U.* from USER U where U.USER_USER_ID =?
Hibernate: select character0_.character_id as characte1_6_0_, character0_.character_character_name as characte2_6_0_ from characters character0_ where character0_.character_id=?
Hibernate: select user0_.user_id as user_id1_21_0_, user0_.character_id as characte7_21_0_, user0_.user_created_at as user_cre2_21_0_, user0_.user_name as user_nam3_21_0_, user0_.user_phone_number as user_pho4_21_0_, user0_.user_user_id as user_use5_21_0_, user0_.user_user_password as user_use6_21_0_ from user user0_ where user0_.user_id=?
Hibernate: select character0_.character_id as characte1_6_0_, character0_.character_character_name as characte2_6_0_ from characters character0_ where character0_.character_id=?
Hibernate: select count(*) as col_0_0_ from board board0_
Hibernate: select count(*) as col_0_0_ from board board0_
Hibernate: select user0_.user_id as col_0_0_ from user user0_ where user0_.user_user_id=? limit ?
Hibernate: select user0_.user_id as col_0_0_ from user user0_ where user0_.user_user_id=? limit ?
Hibernate: select U.* from USER U where U.USER_USER_ID =?
Hibernate: select character0_.character_id as characte1_6_0_, character0_.character_character_name as characte2_6_0_ from characters character0_ where character0_.character_id=?
Hibernate: select user0_.user_id as user_id1_21_0_, user0_.character_id as characte7_21_0_, user0_.user_created_at as user_cre2_21_0_, user0_.user_name as user_nam3_21_0_, user0_.user_phone_number as user_pho4_21_0_, user0_.user_user_id as user_use5_21_0_, user0_.user_user_password as user_use6_21_0_ from user user0_ where user0_.user_id=?
Hibernate: select character0_.character_id as characte1_6_0_, character0_.character_character_name as characte2_6_0_ from characters character0_ where character0_.character_id=?
Hibernate: select category0_.category_id as category1_5_, category0_.category_name as category2_5_ from category category0_
Hibernate: select boardlist0_.category_id as category7_4_0_, boardlist0_.board_id as board_id1_4_0_, boardlist0_.board_id as board_id1_4_1_, boardlist0_.category_id as category7_4_1_, boardlist0_.board_content as board_co2_4_1_, boardlist0_.board_created_at as board_cr3_4_1_, boardlist0_.board_last_modified_at as board_la4_4_1_, boardlist0_.board_title as board_ti5_4_1_, boardlist0_.user_id as user_id8_4_1_, boardlist0_.board_views as board_vi6_4_1_ from board boardlist0_ where boardlist0_.category_id=?
Hibernate: select boardlist0_.category_id as category7_4_0_, boardlist0_.board_id as board_id1_4_0_, boardlist0_.board_id as board_id1_4_1_, boardlist0_.category_id as category7_4_1_, boardlist0_.board_content as board_co2_4_1_, boardlist0_.board_created_at as board_cr3_4_1_, boardlist0_.board_last_modified_at as board_la4_4_1_, boardlist0_.board_title as board_ti5_4_1_, boardlist0_.user_id as user_id8_4_1_, boardlist0_.board_views as board_vi6_4_1_ from board boardlist0_ where boardlist0_.category_id=?
Hibernate: select user0_.user_id as user_id1_21_0_, user0_.character_id as characte7_21_0_, user0_.user_created_at as user_cre2_21_0_, user0_.user_name as user_nam3_21_0_, user0_.user_phone_number as user_pho4_21_0_, user0_.user_user_id as user_use5_21_0_, user0_.user_user_password as user_use6_21_0_ from user user0_ where user0_.user_id=?
Hibernate: select character0_.character_id as characte1_6_0_, character0_.character_character_name as characte2_6_0_ from characters character0_ where character0_.character_id=?
Hibernate: select count(*) as col_0_0_ from user user0_ where user0_.user_id=?
Hibernate: select character1_.character_id as characte1_6_, character1_.character_character_name as characte2_6_ from user user0_ inner join characters character1_ on user0_.character_id=character1_.character_id where user0_.user_id=?
Hibernate: select permission0_.character_id as characte6_12_0_, permission0_.permission_id as permissi1_12_0_, permission0_.permission_id as permissi1_12_1_, permission0_.character_id as characte6_12_1_, permission0_.permission_name as permissi2_12_1_, permission0_.permission_permission_unit_id as permissi3_12_1_, permission0_.permission_service as permissi4_12_1_, permission0_.permission_status as permissi5_12_1_ from permission permission0_ where permission0_.character_id=?
Hibernate: select count(*) as col_0_0_ from category category0_ where category0_.category_id=?
Hibernate: select count(board0_.board_id) as col_0_0_ from board board0_ where board0_.category_id=?
Hibernate: select category0_.category_id as category1_5_0_, category0_.category_name as category2_5_0_ from category category0_ where category0_.category_id=?
Hibernate: select boardlist0_.category_id as category7_4_0_, boardlist0_.board_id as board_id1_4_0_, boardlist0_.board_id as board_id1_4_1_, boardlist0_.category_id as category7_4_1_, boardlist0_.board_content as board_co2_4_1_, boardlist0_.board_created_at as board_cr3_4_1_, boardlist0_.board_last_modified_at as board_la4_4_1_, boardlist0_.board_title as board_ti5_4_1_, boardlist0_.user_id as user_id8_4_1_, boardlist0_.board_views as board_vi6_4_1_ from board boardlist0_ where boardlist0_.category_id=?
Hibernate: delete from category where category_id=?
Hibernate: select user0_.user_id as user_id1_21_0_, user0_.character_id as characte7_21_0_, user0_.user_created_at as user_cre2_21_0_, user0_.user_name as user_nam3_21_0_, user0_.user_phone_number as user_pho4_21_0_, user0_.user_user_id as user_use5_21_0_, user0_.user_user_password as user_use6_21_0_ from user user0_ where user0_.user_id=?
Hibernate: select character0_.character_id as characte1_6_0_, character0_.character_character_name as characte2_6_0_ from characters character0_ where character0_.character_id=?
Hibernate: select count(*) as col_0_0_ from user user0_ where user0_.user_id=?
Hibernate: select character1_.character_id as characte1_6_, character1_.character_character_name as characte2_6_ from user user0_ inner join characters character1_ on user0_.character_id=character1_.character_id where user0_.user_id=?
Hibernate: select permission0_.character_id as characte6_12_0_, permission0_.permission_id as permissi1_12_0_, permission0_.permission_id as permissi1_12_1_, permission0_.character_id as characte6_12_1_, permission0_.permission_name as permissi2_12_1_, permission0_.permission_permission_unit_id as permissi3_12_1_, permission0_.permission_service as permissi4_12_1_, permission0_.permission_status as permissi5_12_1_ from permission permission0_ where permission0_.character_id=?
Hibernate: select count(*) as col_0_0_ from category category0_ where category0_.category_id=?
Hibernate: select count(board0_.board_id) as col_0_0_ from board board0_ where board0_.category_id=?
Hibernate: select category0_.category_id as category1_5_0_, category0_.category_name as category2_5_0_ from category category0_ where category0_.category_id=?
Hibernate: select boardlist0_.category_id as category7_4_0_, boardlist0_.board_id as board_id1_4_0_, boardlist0_.board_id as board_id1_4_1_, boardlist0_.category_id as category7_4_1_, boardlist0_.board_content as board_co2_4_1_, boardlist0_.board_created_at as board_cr3_4_1_, boardlist0_.board_last_modified_at as board_la4_4_1_, boardlist0_.board_title as board_ti5_4_1_, boardlist0_.user_id as user_id8_4_1_, boardlist0_.board_views as board_vi6_4_1_ from board boardlist0_ where boardlist0_.category_id=?
Hibernate: delete from category where category_id=?
Hibernate: select user0_.user_id as user_id1_21_0_, user0_.character_id as characte7_21_0_, user0_.user_created_at as user_cre2_21_0_, user0_.user_name as user_nam3_21_0_, user0_.user_phone_number as user_pho4_21_0_, user0_.user_user_id as user_use5_21_0_, user0_.user_user_password as user_use6_21_0_ from user user0_ where user0_.user_id=?
Hibernate: select character0_.character_id as characte1_6_0_, character0_.character_character_name as characte2_6_0_ from characters character0_ where character0_.character_id=?
Hibernate: select count(*) as col_0_0_ from user user0_ where user0_.user_id=?
Hibernate: select character1_.character_id as characte1_6_, character1_.character_character_name as characte2_6_ from user user0_ inner join characters character1_ on user0_.character_id=character1_.character_id where user0_.user_id=?
Hibernate: select permission0_.character_id as characte6_12_0_, permission0_.permission_id as permissi1_12_0_, permission0_.permission_id as permissi1_12_1_, permission0_.character_id as characte6_12_1_, permission0_.permission_name as permissi2_12_1_, permission0_.permission_permission_unit_id as permissi3_12_1_, permission0_.permission_service as permissi4_12_1_, permission0_.permission_status as permissi5_12_1_ from permission permission0_ where permission0_.character_id=?
Hibernate: select category0_.category_id as col_0_0_ from category category0_ where category0_.category_name=? limit ?
Hibernate: select category0_.category_id as category1_5_1_, category0_.category_name as category2_5_1_, boardlist1_.category_id as category7_4_3_, boardlist1_.board_id as board_id1_4_3_, boardlist1_.board_id as board_id1_4_0_, boardlist1_.category_id as category7_4_0_, boardlist1_.board_content as board_co2_4_0_, boardlist1_.board_created_at as board_cr3_4_0_, boardlist1_.board_last_modified_at as board_la4_4_0_, boardlist1_.board_title as board_ti5_4_0_, boardlist1_.user_id as user_id8_4_0_, boardlist1_.board_views as board_vi6_4_0_ from category category0_ left outer join board boardlist1_ on category0_.category_id=boardlist1_.category_id where category0_.category_id=?
Hibernate: insert into category (category_id, category_name) values (default, ?)
Hibernate: select user0_.user_id as user_id1_21_0_, user0_.character_id as characte7_21_0_, user0_.user_created_at as user_cre2_21_0_, user0_.user_name as user_nam3_21_0_, user0_.user_phone_number as user_pho4_21_0_, user0_.user_user_id as user_use5_21_0_, user0_.user_user_password as user_use6_21_0_ from user user0_ where user0_.user_id=?
Hibernate: select character0_.character_id as characte1_6_0_, character0_.character_character_name as characte2_6_0_ from characters character0_ where character0_.character_id=?
Hibernate: select count(*) as col_0_0_ from user user0_ where user0_.user_id=?
Hibernate: select character1_.character_id as characte1_6_, character1_.character_character_name as characte2_6_ from user user0_ inner join characters character1_ on user0_.character_id=character1_.character_id where user0_.user_id=?
Hibernate: select permission0_.character_id as characte6_12_0_, permission0_.permission_id as permissi1_12_0_, permission0_.permission_id as permissi1_12_1_, permission0_.character_id as characte6_12_1_, permission0_.permission_name as permissi2_12_1_, permission0_.permission_permission_unit_id as permissi3_12_1_, permission0_.permission_service as permissi4_12_1_, permission0_.permission_status as permissi5_12_1_ from permission permission0_ where permission0_.character_id=?
Hibernate: select category0_.category_id as col_0_0_ from category category0_ where category0_.category_name=? limit ?
Hibernate: select category0_.category_id as category1_5_1_, category0_.category_name as category2_5_1_, boardlist1_.category_id as category7_4_3_, boardlist1_.board_id as board_id1_4_3_, boardlist1_.board_id as board_id1_4_0_, boardlist1_.category_id as category7_4_0_, boardlist1_.board_content as board_co2_4_0_, boardlist1_.board_created_at as board_cr3_4_0_, boardlist1_.board_last_modified_at as board_la4_4_0_, boardlist1_.board_title as board_ti5_4_0_, boardlist1_.user_id as user_id8_4_0_, boardlist1_.board_views as board_vi6_4_0_ from category category0_ left outer join board boardlist1_ on category0_.category_id=boardlist1_.category_id where category0_.category_id=?
Hibernate: insert into category (category_id, category_name) values (default, ?)
Hibernate: select user0_.user_id as col_0_0_ from user user0_ where user0_.user_user_id=? limit ?
Hibernate: select user0_.user_id as col_0_0_ from user user0_ where user0_.user_user_id=? limit ?
Hibernate: select U.* from USER U where U.USER_USER_ID =?
Hibernate: select character0_.character_id as characte1_6_0_, character0_.character_character_name as characte2_6_0_ from characters character0_ where character0_.character_id=?
Hibernate: select user0_.user_id as col_0_0_ from user user0_ where user0_.user_user_id=? limit ?
Hibernate: select user0_.user_id as col_0_0_ from user user0_ where user0_.user_user_id=? limit ?
Hibernate: select U.* from USER U where U.USER_USER_ID =?
Hibernate: select character0_.character_id as characte1_6_0_, character0_.character_character_name as characte2_6_0_ from characters character0_ where character0_.character_id=?
Hibernate: select user0_.user_id as user_id1_21_0_, user0_.character_id as characte7_21_0_, user0_.user_created_at as user_cre2_21_0_, user0_.user_name as user_nam3_21_0_, user0_.user_phone_number as user_pho4_21_0_, user0_.user_user_id as user_use5_21_0_, user0_.user_user_password as user_use6_21_0_ from user user0_ where user0_.user_id=?
Hibernate: select character0_.character_id as characte1_6_0_, character0_.character_character_name as characte2_6_0_ from characters character0_ where character0_.character_id=?
Hibernate: select count(*) as col_0_0_ from user user0_ where user0_.user_id=?
Hibernate: select character1_.character_id as characte1_6_, character1_.character_character_name as characte2_6_ from user user0_ inner join characters character1_ on user0_.character_id=character1_.character_id where user0_.user_id=?
Hibernate: select permission0_.character_id as characte6_12_0_, permission0_.permission_id as permissi1_12_0_, permission0_.permission_id as permissi1_12_1_, permission0_.character_id as characte6_12_1_, permission0_.permission_name as permissi2_12_1_, permission0_.permission_permission_unit_id as permissi3_12_1_, permission0_.permission_service as permissi4_12_1_, permission0_.permission_status as permissi5_12_1_ from permission permission0_ where permission0_.character_id=?
Hibernate: select category0_.category_id as col_0_0_ from category category0_ where category0_.category_name=? limit ?
Hibernate: select category0_.category_id as category1_5_1_, category0_.category_name as category2_5_1_, boardlist1_.category_id as category7_4_3_, boardlist1_.board_id as board_id1_4_3_, boardlist1_.board_id as board_id1_4_0_, boardlist1_.category_id as category7_4_0_, boardlist1_.board_content as board_co2_4_0_, boardlist1_.board_created_at as board_cr3_4_0_, boardlist1_.board_last_modified_at as board_la4_4_0_, boardlist1_.board_title as board_ti5_4_0_, boardlist1_.user_id as user_id8_4_0_, boardlist1_.board_views as board_vi6_4_0_ from category category0_ left outer join board boardlist1_ on category0_.category_id=boardlist1_.category_id where category0_.category_id=?
Hibernate: insert into category (category_id, category_name) values (default, ?)
Hibernate: select user0_.user_id as user_id1_21_0_, user0_.character_id as characte7_21_0_, user0_.user_created_at as user_cre2_21_0_, user0_.user_name as user_nam3_21_0_, user0_.user_phone_number as user_pho4_21_0_, user0_.user_user_id as user_use5_21_0_, user0_.user_user_password as user_use6_21_0_ from user user0_ where user0_.user_id=?
Hibernate: select character0_.character_id as characte1_6_0_, character0_.character_character_name as characte2_6_0_ from characters character0_ where character0_.character_id=?
Hibernate: select category0_.category_id as category1_5_, category0_.category_name as category2_5_ from category category0_
Hibernate: select boardlist0_.category_id as category7_4_0_, boardlist0_.board_id as board_id1_4_0_, boardlist0_.board_id as board_id1_4_1_, boardlist0_.category_id as category7_4_1_, boardlist0_.board_content as board_co2_4_1_, boardlist0_.board_created_at as board_cr3_4_1_, boardlist0_.board_last_modified_at as board_la4_4_1_, boardlist0_.board_title as board_ti5_4_1_, boardlist0_.user_id as user_id8_4_1_, boardlist0_.board_views as board_vi6_4_1_ from board boardlist0_ where boardlist0_.category_id=?
Hibernate: select boardlist0_.category_id as category7_4_0_, boardlist0_.board_id as board_id1_4_0_, boardlist0_.board_id as board_id1_4_1_, boardlist0_.category_id as category7_4_1_, boardlist0_.board_content as board_co2_4_1_, boardlist0_.board_created_at as board_cr3_4_1_, boardlist0_.board_last_modified_at as board_la4_4_1_, boardlist0_.board_title as board_ti5_4_1_, boardlist0_.user_id as user_id8_4_1_, boardlist0_.board_views as board_vi6_4_1_ from board boardlist0_ where boardlist0_.category_id=?
Hibernate: select boardlist0_.category_id as category7_4_0_, boardlist0_.board_id as board_id1_4_0_, boardlist0_.board_id as board_id1_4_1_, boardlist0_.category_id as category7_4_1_, boardlist0_.board_content as board_co2_4_1_, boardlist0_.board_created_at as board_cr3_4_1_, boardlist0_.board_last_modified_at as board_la4_4_1_, boardlist0_.board_title as board_ti5_4_1_, boardlist0_.user_id as user_id8_4_1_, boardlist0_.board_views as board_vi6_4_1_ from board boardlist0_ where boardlist0_.category_id=?
Hibernate: select user0_.user_id as col_0_0_ from user user0_ where user0_.user_user_id=? limit ?
Hibernate: select user0_.user_id as col_0_0_ from user user0_ where user0_.user_user_id=? limit ?
Hibernate: select U.* from USER U where U.USER_USER_ID =?
Hibernate: select character0_.character_id as characte1_6_0_, character0_.character_character_name as characte2_6_0_ from characters character0_ where character0_.character_id=?
Hibernate: select user0_.user_id as col_0_0_ from user user0_ where user0_.user_user_id=? limit ?
Hibernate: select userjoinin0_.user_joining_pool_id as col_0_0_ from user_joining_pool userjoinin0_ where userjoinin0_.user_user_id=? limit ?
Hibernate: select character0_.character_id as col_0_0_ from characters character0_ where character0_.character_character_name=? limit ?
Hibernate: insert into user_joining_pool (user_joining_pool_id, user_created_at, user_name, user_phone_number, user_user_id, user_user_password) values (default, ?, ?, ?, ?, ?)
Hibernate: select user0_.user_id as user_id1_21_0_, user0_.character_id as characte7_21_0_, user0_.user_created_at as user_cre2_21_0_, user0_.user_name as user_nam3_21_0_, user0_.user_phone_number as user_pho4_21_0_, user0_.user_user_id as user_use5_21_0_, user0_.user_user_password as user_use6_21_0_ from user user0_ where user0_.user_id=?
Hibernate: select character0_.character_id as characte1_6_0_, character0_.character_character_name as characte2_6_0_ from characters character0_ where character0_.character_id=?
Hibernate: select count(*) as col_0_0_ from user user0_ where user0_.user_id=?
Hibernate: select character1_.character_id as characte1_6_, character1_.character_character_name as characte2_6_ from user user0_ inner join characters character1_ on user0_.character_id=character1_.character_id where user0_.user_id=?
Hibernate: select permission0_.character_id as characte6_12_0_, permission0_.permission_id as permissi1_12_0_, permission0_.permission_id as permissi1_12_1_, permission0_.character_id as characte6_12_1_, permission0_.permission_name as permissi2_12_1_, permission0_.permission_permission_unit_id as permissi3_12_1_, permission0_.permission_service as permissi4_12_1_, permission0_.permission_status as permissi5_12_1_ from permission permission0_ where permission0_.character_id=?
Hibernate: select userjoinin0_.user_joining_pool_id as col_0_0_ from user_joining_pool userjoinin0_ where userjoinin0_.user_user_id=? limit ?
Hibernate: select userjoinin0_.user_joining_pool_id as user_joi1_22_, userjoinin0_.user_created_at as user_cre2_22_, userjoinin0_.user_name as user_nam3_22_, userjoinin0_.user_phone_number as user_pho4_22_, userjoinin0_.user_user_id as user_use5_22_, userjoinin0_.user_user_password as user_use6_22_ from user_joining_pool userjoinin0_ where userjoinin0_.user_user_id=?
Hibernate: select character0_.character_id as characte1_6_, character0_.character_character_name as characte2_6_ from characters character0_ where character0_.character_character_name=?
Hibernate: insert into user (user_id, character_id, user_created_at, user_name, user_phone_number, user_user_id, user_user_password) values (default, ?, ?, ?, ?, ?, ?)
Hibernate: DELETE FROM USER_JOINING_POOL as JU where JU.USER_USER_ID =?
Hibernate: select user0_.user_id as col_0_0_ from user user0_ where user0_.user_user_id=? limit ?
Hibernate: select user0_.user_id as col_0_0_ from user user0_ where user0_.user_user_id=? limit ?
Hibernate: select U.* from USER U where U.USER_USER_ID =?
Hibernate: select character0_.character_id as characte1_6_0_, character0_.character_character_name as characte2_6_0_ from characters character0_ where character0_.character_id=?
Hibernate: select user0_.user_id as user_id1_21_0_, user0_.character_id as characte7_21_0_, user0_.user_created_at as user_cre2_21_0_, user0_.user_name as user_nam3_21_0_, user0_.user_phone_number as user_pho4_21_0_, user0_.user_user_id as user_use5_21_0_, user0_.user_user_password as user_use6_21_0_ from user user0_ where user0_.user_id=?
Hibernate: select character0_.character_id as characte1_6_0_, character0_.character_character_name as characte2_6_0_ from characters character0_ where character0_.character_id=?
Hibernate: select count(*) as col_0_0_ from user user0_ where user0_.user_id=?
Hibernate: select character1_.character_id as characte1_6_, character1_.character_character_name as characte2_6_ from user user0_ inner join characters character1_ on user0_.character_id=character1_.character_id where user0_.user_id=?
Hibernate: select permission0_.character_id as characte6_12_0_, permission0_.permission_id as permissi1_12_0_, permission0_.permission_id as permissi1_12_1_, permission0_.character_id as characte6_12_1_, permission0_.permission_name as permissi2_12_1_, permission0_.permission_permission_unit_id as permissi3_12_1_, permission0_.permission_service as permissi4_12_1_, permission0_.permission_status as permissi5_12_1_ from permission permission0_ where permission0_.character_id=?
Hibernate: select count(*) as col_0_0_ from category category0_ where category0_.category_id=?
Hibernate: select category0_.category_id as category1_5_0_, category0_.category_name as category2_5_0_ from category category0_ where category0_.category_id=?
Hibernate: insert into board (board_id, category_id, board_content, board_created_at, board_last_modified_at, board_title, user_id, board_views) values (default, ?, ?, ?, ?, ?, ?, ?)
Hibernate: insert into reaction (reaction_id, board_id, reaction_type) values (default, ?, ?)
Hibernate: insert into reaction (reaction_id, board_id, reaction_type) values (default, ?, ?)
Hibernate: insert into reaction (reaction_id, board_id, reaction_type) values (default, ?, ?)
Hibernate: insert into reaction (reaction_id, board_id, reaction_type) values (default, ?, ?)
Hibernate: insert into reaction (reaction_id, board_id, reaction_type) values (default, ?, ?)
Hibernate: insert into reaction (reaction_id, board_id, reaction_type) values (default, ?, ?)
Hibernate: select user0_.user_id as user_id1_21_0_, user0_.character_id as characte7_21_0_, user0_.user_created_at as user_cre2_21_0_, user0_.user_name as user_nam3_21_0_, user0_.user_phone_number as user_pho4_21_0_, user0_.user_user_id as user_use5_21_0_, user0_.user_user_password as user_use6_21_0_ from user user0_ where user0_.user_id=?
Hibernate: select character0_.character_id as characte1_6_0_, character0_.character_character_name as characte2_6_0_ from characters character0_ where character0_.character_id=?
Hibernate: select count(*) as col_0_0_ from user user0_ where user0_.user_id=?
Hibernate: select character1_.character_id as characte1_6_, character1_.character_character_name as characte2_6_ from user user0_ inner join characters character1_ on user0_.character_id=character1_.character_id where user0_.user_id=?
Hibernate: select permission0_.character_id as characte6_12_0_, permission0_.permission_id as permissi1_12_0_, permission0_.permission_id as permissi1_12_1_, permission0_.character_id as characte6_12_1_, permission0_.permission_name as permissi2_12_1_, permission0_.permission_permission_unit_id as permissi3_12_1_, permission0_.permission_service as permissi4_12_1_, permission0_.permission_status as permissi5_12_1_ from permission permission0_ where permission0_.character_id=?
Hibernate: select count(*) as col_0_0_ from category category0_ where category0_.category_id=?
Hibernate: select category0_.category_id as category1_5_0_, category0_.category_name as category2_5_0_ from category category0_ where category0_.category_id=?
Hibernate: insert into board (board_id, category_id, board_content, board_created_at, board_last_modified_at, board_title, user_id, board_views) values (default, ?, ?, ?, ?, ?, ?, ?)
Hibernate: insert into reaction (reaction_id, board_id, reaction_type) values (default, ?, ?)
Hibernate: insert into reaction (reaction_id, board_id, reaction_type) values (default, ?, ?)
Hibernate: insert into reaction (reaction_id, board_id, reaction_type) values (default, ?, ?)
Hibernate: insert into reaction (reaction_id, board_id, reaction_type) values (default, ?, ?)
Hibernate: insert into reaction (reaction_id, board_id, reaction_type) values (default, ?, ?)
Hibernate: insert into reaction (reaction_id, board_id, reaction_type) values (default, ?, ?)
Hibernate: select user0_.user_id as user_id1_21_0_, user0_.character_id as characte7_21_0_, user0_.user_created_at as user_cre2_21_0_, user0_.user_name as user_nam3_21_0_, user0_.user_phone_number as user_pho4_21_0_, user0_.user_user_id as user_use5_21_0_, user0_.user_user_password as user_use6_21_0_ from user user0_ where user0_.user_id=?
Hibernate: select character0_.character_id as characte1_6_0_, character0_.character_character_name as characte2_6_0_ from characters character0_ where character0_.character_id=?
Hibernate: select count(*) as col_0_0_ from user user0_ where user0_.user_id=?
Hibernate: select character1_.character_id as characte1_6_, character1_.character_character_name as characte2_6_ from user user0_ inner join characters character1_ on user0_.character_id=character1_.character_id where user0_.user_id=?
Hibernate: select permission0_.character_id as characte6_12_0_, permission0_.permission_id as permissi1_12_0_, permission0_.permission_id as permissi1_12_1_, permission0_.character_id as characte6_12_1_, permission0_.permission_name as permissi2_12_1_, permission0_.permission_permission_unit_id as permissi3_12_1_, permission0_.permission_service as permissi4_12_1_, permission0_.permission_status as permissi5_12_1_ from permission permission0_ where permission0_.character_id=?
Hibernate: select count(*) as col_0_0_ from category category0_ where category0_.category_id=?
Hibernate: select category0_.category_id as category1_5_0_, category0_.category_name as category2_5_0_ from category category0_ where category0_.category_id=?
Hibernate: insert into board (board_id, category_id, board_content, board_created_at, board_last_modified_at, board_title, user_id, board_views) values (default, ?, ?, ?, ?, ?, ?, ?)
Hibernate: insert into reaction (reaction_id, board_id, reaction_type) values (default, ?, ?)
Hibernate: insert into reaction (reaction_id, board_id, reaction_type) values (default, ?, ?)
Hibernate: insert into reaction (reaction_id, board_id, reaction_type) values (default, ?, ?)
Hibernate: insert into reaction (reaction_id, board_id, reaction_type) values (default, ?, ?)
Hibernate: insert into reaction (reaction_id, board_id, reaction_type) values (default, ?, ?)
Hibernate: insert into reaction (reaction_id, board_id, reaction_type) values (default, ?, ?)
Hibernate: select user0_.user_id as user_id1_21_0_, user0_.character_id as characte7_21_0_, user0_.user_created_at as user_cre2_21_0_, user0_.user_name as user_nam3_21_0_, user0_.user_phone_number as user_pho4_21_0_, user0_.user_user_id as user_use5_21_0_, user0_.user_user_password as user_use6_21_0_ from user user0_ where user0_.user_id=?
Hibernate: select character0_.character_id as characte1_6_0_, character0_.character_character_name as characte2_6_0_ from characters character0_ where character0_.character_id=?
Hibernate: select user0_.user_id as col_0_0_ from user user0_ where user0_.user_user_id=? limit ?
Hibernate: select user0_.user_id as col_0_0_ from user user0_ where user0_.user_user_id=? limit ?
Hibernate: select U.* from USER U where U.USER_USER_ID =?
Hibernate: select character0_.character_id as characte1_6_0_, character0_.character_character_name as characte2_6_0_ from characters character0_ where character0_.character_id=?
Hibernate: select user0_.user_id as user_id1_21_0_, user0_.character_id as characte7_21_0_, user0_.user_created_at as user_cre2_21_0_, user0_.user_name as user_nam3_21_0_, user0_.user_phone_number as user_pho4_21_0_, user0_.user_user_id as user_use5_21_0_, user0_.user_user_password as user_use6_21_0_ from user user0_ where user0_.user_id=?
Hibernate: select character0_.character_id as characte1_6_0_, character0_.character_character_name as characte2_6_0_ from characters character0_ where character0_.character_id=?
Hibernate: select count(*) as col_0_0_ from board board0_
Hibernate: select board0_.board_id as board_id1_4_, board0_.category_id as category7_4_, board0_.board_content as board_co2_4_, board0_.board_created_at as board_cr3_4_, board0_.board_last_modified_at as board_la4_4_, board0_.board_title as board_ti5_4_, board0_.user_id as user_id8_4_, board0_.board_views as board_vi6_4_ from board board0_ limit ?
Hibernate: select category0_.category_id as category1_5_0_, category0_.category_name as category2_5_0_ from category category0_ where category0_.category_id=?
Hibernate: select reactionli0_.board_id as board_id3_13_0_, reactionli0_.reaction_id as reaction1_13_0_, reactionli0_.reaction_id as reaction1_13_1_, reactionli0_.board_id as board_id3_13_1_, reactionli0_.reaction_type as reaction2_13_1_ from reaction reactionli0_ where reactionli0_.board_id=?
Hibernate: select reactionus0_.reaction_id as reaction2_14_0_, reactionus0_.reaction_user_id as reaction1_14_0_, reactionus0_.reaction_user_id as reaction1_14_1_, reactionus0_.reaction_id as reaction2_14_1_, reactionus0_.user_id as user_id3_14_1_ from reaction_user reactionus0_ where reactionus0_.reaction_id=?
Hibernate: select reactionus0_.reaction_id as reaction2_14_0_, reactionus0_.reaction_user_id as reaction1_14_0_, reactionus0_.reaction_user_id as reaction1_14_1_, reactionus0_.reaction_id as reaction2_14_1_, reactionus0_.user_id as user_id3_14_1_ from reaction_user reactionus0_ where reactionus0_.reaction_id=?
Hibernate: select reactionus0_.reaction_id as reaction2_14_0_, reactionus0_.reaction_user_id as reaction1_14_0_, reactionus0_.reaction_user_id as reaction1_14_1_, reactionus0_.reaction_id as reaction2_14_1_, reactionus0_.user_id as user_id3_14_1_ from reaction_user reactionus0_ where reactionus0_.reaction_id=?
Hibernate: select reactionus0_.reaction_id as reaction2_14_0_, reactionus0_.reaction_user_id as reaction1_14_0_, reactionus0_.reaction_user_id as reaction1_14_1_, reactionus0_.reaction_id as reaction2_14_1_, reactionus0_.user_id as user_id3_14_1_ from reaction_user reactionus0_ where reactionus0_.reaction_id=?
Hibernate: select reactionus0_.reaction_id as reaction2_14_0_, reactionus0_.reaction_user_id as reaction1_14_0_, reactionus0_.reaction_user_id as reaction1_14_1_, reactionus0_.reaction_id as reaction2_14_1_, reactionus0_.user_id as user_id3_14_1_ from reaction_user reactionus0_ where reactionus0_.reaction_id=?
Hibernate: select reactionus0_.reaction_id as reaction2_14_0_, reactionus0_.reaction_user_id as reaction1_14_0_, reactionus0_.reaction_user_id as reaction1_14_1_, reactionus0_.reaction_id as reaction2_14_1_, reactionus0_.user_id as user_id3_14_1_ from reaction_user reactionus0_ where reactionus0_.reaction_id=?
Hibernate: select commentlis0_.board_id as board_id5_7_0_, commentlis0_.comment_id as comment_1_7_0_, commentlis0_.comment_id as comment_1_7_1_, commentlis0_.board_id as board_id5_7_1_, commentlis0_.comment_content as comment_2_7_1_, commentlis0_.comment_created_at as comment_3_7_1_, commentlis0_.comment_last_modified_at as comment_4_7_1_, commentlis0_.user_id as user_id6_7_1_ from comment commentlis0_ where commentlis0_.board_id=?
Hibernate: select reactionli0_.board_id as board_id3_13_0_, reactionli0_.reaction_id as reaction1_13_0_, reactionli0_.reaction_id as reaction1_13_1_, reactionli0_.board_id as board_id3_13_1_, reactionli0_.reaction_type as reaction2_13_1_ from reaction reactionli0_ where reactionli0_.board_id=?
Hibernate: select reactionus0_.reaction_id as reaction2_14_0_, reactionus0_.reaction_user_id as reaction1_14_0_, reactionus0_.reaction_user_id as reaction1_14_1_, reactionus0_.reaction_id as reaction2_14_1_, reactionus0_.user_id as user_id3_14_1_ from reaction_user reactionus0_ where reactionus0_.reaction_id=?
Hibernate: select reactionus0_.reaction_id as reaction2_14_0_, reactionus0_.reaction_user_id as reaction1_14_0_, reactionus0_.reaction_user_id as reaction1_14_1_, reactionus0_.reaction_id as reaction2_14_1_, reactionus0_.user_id as user_id3_14_1_ from reaction_user reactionus0_ where reactionus0_.reaction_id=?
Hibernate: select reactionus0_.reaction_id as reaction2_14_0_, reactionus0_.reaction_user_id as reaction1_14_0_, reactionus0_.reaction_user_id as reaction1_14_1_, reactionus0_.reaction_id as reaction2_14_1_, reactionus0_.user_id as user_id3_14_1_ from reaction_user reactionus0_ where reactionus0_.reaction_id=?
Hibernate: select reactionus0_.reaction_id as reaction2_14_0_, reactionus0_.reaction_user_id as reaction1_14_0_, reactionus0_.reaction_user_id as reaction1_14_1_, reactionus0_.reaction_id as reaction2_14_1_, reactionus0_.user_id as user_id3_14_1_ from reaction_user reactionus0_ where reactionus0_.reaction_id=?
Hibernate: select reactionus0_.reaction_id as reaction2_14_0_, reactionus0_.reaction_user_id as reaction1_14_0_, reactionus0_.reaction_user_id as reaction1_14_1_, reactionus0_.reaction_id as reaction2_14_1_, reactionus0_.user_id as user_id3_14_1_ from reaction_user reactionus0_ where reactionus0_.reaction_id=?
Hibernate: select reactionus0_.reaction_id as reaction2_14_0_, reactionus0_.reaction_user_id as reaction1_14_0_, reactionus0_.reaction_user_id as reaction1_14_1_, reactionus0_.reaction_id as reaction2_14_1_, reactionus0_.user_id as user_id3_14_1_ from reaction_user reactionus0_ where reactionus0_.reaction_id=?
Hibernate: select commentlis0_.board_id as board_id5_7_0_, commentlis0_.comment_id as comment_1_7_0_, commentlis0_.comment_id as comment_1_7_1_, commentlis0_.board_id as board_id5_7_1_, commentlis0_.comment_content as comment_2_7_1_, commentlis0_.comment_created_at as comment_3_7_1_, commentlis0_.comment_last_modified_at as comment_4_7_1_, commentlis0_.user_id as user_id6_7_1_ from comment commentlis0_ where commentlis0_.board_id=?
Hibernate: select reactionli0_.board_id as board_id3_13_0_, reactionli0_.reaction_id as reaction1_13_0_, reactionli0_.reaction_id as reaction1_13_1_, reactionli0_.board_id as board_id3_13_1_, reactionli0_.reaction_type as reaction2_13_1_ from reaction reactionli0_ where reactionli0_.board_id=?
Hibernate: select reactionus0_.reaction_id as reaction2_14_0_, reactionus0_.reaction_user_id as reaction1_14_0_, reactionus0_.reaction_user_id as reaction1_14_1_, reactionus0_.reaction_id as reaction2_14_1_, reactionus0_.user_id as user_id3_14_1_ from reaction_user reactionus0_ where reactionus0_.reaction_id=?
Hibernate: select reactionus0_.reaction_id as reaction2_14_0_, reactionus0_.reaction_user_id as reaction1_14_0_, reactionus0_.reaction_user_id as reaction1_14_1_, reactionus0_.reaction_id as reaction2_14_1_, reactionus0_.user_id as user_id3_14_1_ from reaction_user reactionus0_ where reactionus0_.reaction_id=?
Hibernate: select reactionus0_.reaction_id as reaction2_14_0_, reactionus0_.reaction_user_id as reaction1_14_0_, reactionus0_.reaction_user_id as reaction1_14_1_, reactionus0_.reaction_id as reaction2_14_1_, reactionus0_.user_id as user_id3_14_1_ from reaction_user reactionus0_ where reactionus0_.reaction_id=?
Hibernate: select reactionus0_.reaction_id as reaction2_14_0_, reactionus0_.reaction_user_id as reaction1_14_0_, reactionus0_.reaction_user_id as reaction1_14_1_, reactionus0_.reaction_id as reaction2_14_1_, reactionus0_.user_id as user_id3_14_1_ from reaction_user reactionus0_ where reactionus0_.reaction_id=?
Hibernate: select reactionus0_.reaction_id as reaction2_14_0_, reactionus0_.reaction_user_id as reaction1_14_0_, reactionus0_.reaction_user_id as reaction1_14_1_, reactionus0_.reaction_id as reaction2_14_1_, reactionus0_.user_id as user_id3_14_1_ from reaction_user reactionus0_ where reactionus0_.reaction_id=?
Hibernate: select reactionus0_.reaction_id as reaction2_14_0_, reactionus0_.reaction_user_id as reaction1_14_0_, reactionus0_.reaction_user_id as reaction1_14_1_, reactionus0_.reaction_id as reaction2_14_1_, reactionus0_.user_id as user_id3_14_1_ from reaction_user reactionus0_ where reactionus0_.reaction_id=?
Hibernate: select commentlis0_.board_id as board_id5_7_0_, commentlis0_.comment_id as comment_1_7_0_, commentlis0_.comment_id as comment_1_7_1_, commentlis0_.board_id as board_id5_7_1_, commentlis0_.comment_content as comment_2_7_1_, commentlis0_.comment_created_at as comment_3_7_1_, commentlis0_.comment_last_modified_at as comment_4_7_1_, commentlis0_.user_id as user_id6_7_1_ from comment commentlis0_ where commentlis0_.board_id=?
Hibernate: select boardlist0_.category_id as category7_4_0_, boardlist0_.board_id as board_id1_4_0_, boardlist0_.board_id as board_id1_4_1_, boardlist0_.category_id as category7_4_1_, boardlist0_.board_content as board_co2_4_1_, boardlist0_.board_created_at as board_cr3_4_1_, boardlist0_.board_last_modified_at as board_la4_4_1_, boardlist0_.board_title as board_ti5_4_1_, boardlist0_.user_id as user_id8_4_1_, boardlist0_.board_views as board_vi6_4_1_ from board boardlist0_ where boardlist0_.category_id=?
Hibernate: select count(comment0_.comment_id) as col_0_0_ from comment comment0_ where comment0_.board_id=?
Hibernate: select count(comment0_.comment_id) as col_0_0_ from comment comment0_ where comment0_.board_id=?
2023-06-27 23:51:06.263  INFO 92687 --- [lient-AsyncIO-4] AttendanceStompClient                    : /topic/attendance-time reply "176"
2023-06-27 23:51:06.263  INFO 92687 --- [lient-AsyncIO-1] AttendanceStompClient                    : /topic/attendance-time reply "176"
Hibernate: select count(comment0_.comment_id) as col_0_0_ from comment comment0_ where comment0_.board_id=?
Hibernate: select count(*) as col_0_0_ from board board0_
2023-06-27 23:51:06.264  INFO 92687 --- [lient-AsyncIO-5] AttendanceStompClient                    : /topic/attendance-time reply "176"
Hibernate: select imagepathl0_.board_board_id as board_bo1_11_0_, imagepathl0_.board_image_path_list as board_im2_11_0_ from image_path_list imagepathl0_ where imagepathl0_.board_board_id=?
Hibernate: select filepathli0_.board_board_id as board_bo1_8_0_, filepathli0_.board_file_path_list as board_fi2_8_0_ from file_path_list filepathli0_ where filepathli0_.board_board_id=?
2023-06-27 23:51:06.264  INFO 92687 --- [lient-AsyncIO-2] AttendanceStompClient                    : /topic/attendance-time reply "176"
Hibernate: select imagepathl0_.board_board_id as board_bo1_11_0_, imagepathl0_.board_image_path_list as board_im2_11_0_ from image_path_list imagepathl0_ where imagepathl0_.board_board_id=?
Hibernate: select filepathli0_.board_board_id as board_bo1_8_0_, filepathli0_.board_file_path_list as board_fi2_8_0_ from file_path_list filepathli0_ where filepathli0_.board_board_id=?
Hibernate: select imagepathl0_.board_board_id as board_bo1_11_0_, imagepathl0_.board_image_path_list as board_im2_11_0_ from image_path_list imagepathl0_ where imagepathl0_.board_board_id=?
Hibernate: select filepathli0_.board_board_id as board_bo1_8_0_, filepathli0_.board_file_path_list as board_fi2_8_0_ from file_path_list filepathli0_ where filepathli0_.board_board_id=?
2023-06-27 23:51:06.264  INFO 92687 --- [lient-AsyncIO-9] AttendanceStompClient                    : /topic/attendance-time reply "176"
Hibernate: select U.* from USER U join BOARD B where U.USER_ID = B.USER_ID and B.BOARD_ID = ?
Hibernate: select character0_.character_id as characte1_6_0_, character0_.character_character_name as characte2_6_0_ from characters character0_ where character0_.character_id=?
Hibernate: select count(*) as col_0_0_ from user user0_ where user0_.user_id=?
Hibernate: select character1_.character_id as characte1_6_, character1_.character_character_name as characte2_6_ from user user0_ inner join characters character1_ on user0_.character_id=character1_.character_id where user0_.user_id=?
Hibernate: select permission0_.character_id as characte6_12_0_, permission0_.permission_id as permissi1_12_0_, permission0_.permission_id as permissi1_12_1_, permission0_.character_id as characte6_12_1_, permission0_.permission_name as permissi2_12_1_, permission0_.permission_permission_unit_id as permissi3_12_1_, permission0_.permission_service as permissi4_12_1_, permission0_.permission_status as permissi5_12_1_ from permission permission0_ where permission0_.character_id=?
Hibernate: select count(*) as col_0_0_ from board board0_ where board0_.board_id=?
Hibernate: select board0_.board_id as board_id1_4_0_, board0_.category_id as category7_4_0_, board0_.board_content as board_co2_4_0_, board0_.board_created_at as board_cr3_4_0_, board0_.board_last_modified_at as board_la4_4_0_, board0_.board_title as board_ti5_4_0_, board0_.user_id as user_id8_4_0_, board0_.board_views as board_vi6_4_0_ from board board0_ where board0_.board_id=?
Hibernate: select category0_.category_id as category1_5_0_, category0_.category_name as category2_5_0_ from category category0_ where category0_.category_id=?
Hibernate: select reactionli0_.board_id as board_id3_13_0_, reactionli0_.reaction_id as reaction1_13_0_, reactionli0_.reaction_id as reaction1_13_1_, reactionli0_.board_id as board_id3_13_1_, reactionli0_.reaction_type as reaction2_13_1_ from reaction reactionli0_ where reactionli0_.board_id=?
Hibernate: select reactionus0_.reaction_id as reaction2_14_0_, reactionus0_.reaction_user_id as reaction1_14_0_, reactionus0_.reaction_user_id as reaction1_14_1_, reactionus0_.reaction_id as reaction2_14_1_, reactionus0_.user_id as user_id3_14_1_ from reaction_user reactionus0_ where reactionus0_.reaction_id=?
Hibernate: select reactionus0_.reaction_id as reaction2_14_0_, reactionus0_.reaction_user_id as reaction1_14_0_, reactionus0_.reaction_user_id as reaction1_14_1_, reactionus0_.reaction_id as reaction2_14_1_, reactionus0_.user_id as user_id3_14_1_ from reaction_user reactionus0_ where reactionus0_.reaction_id=?
Hibernate: select reactionus0_.reaction_id as reaction2_14_0_, reactionus0_.reaction_user_id as reaction1_14_0_, reactionus0_.reaction_user_id as reaction1_14_1_, reactionus0_.reaction_id as reaction2_14_1_, reactionus0_.user_id as user_id3_14_1_ from reaction_user reactionus0_ where reactionus0_.reaction_id=?
Hibernate: select reactionus0_.reaction_id as reaction2_14_0_, reactionus0_.reaction_user_id as reaction1_14_0_, reactionus0_.reaction_user_id as reaction1_14_1_, reactionus0_.reaction_id as reaction2_14_1_, reactionus0_.user_id as user_id3_14_1_ from reaction_user reactionus0_ where reactionus0_.reaction_id=?
Hibernate: select reactionus0_.reaction_id as reaction2_14_0_, reactionus0_.reaction_user_id as reaction1_14_0_, reactionus0_.reaction_user_id as reaction1_14_1_, reactionus0_.reaction_id as reaction2_14_1_, reactionus0_.user_id as user_id3_14_1_ from reaction_user reactionus0_ where reactionus0_.reaction_id=?
Hibernate: select reactionus0_.reaction_id as reaction2_14_0_, reactionus0_.reaction_user_id as reaction1_14_0_, reactionus0_.reaction_user_id as reaction1_14_1_, reactionus0_.reaction_id as reaction2_14_1_, reactionus0_.user_id as user_id3_14_1_ from reaction_user reactionus0_ where reactionus0_.reaction_id=?
Hibernate: select commentlis0_.board_id as board_id5_7_0_, commentlis0_.comment_id as comment_1_7_0_, commentlis0_.comment_id as comment_1_7_1_, commentlis0_.board_id as board_id5_7_1_, commentlis0_.comment_content as comment_2_7_1_, commentlis0_.comment_created_at as comment_3_7_1_, commentlis0_.comment_last_modified_at as comment_4_7_1_, commentlis0_.user_id as user_id6_7_1_ from comment commentlis0_ where commentlis0_.board_id=?
Hibernate: select boardlist0_.category_id as category7_4_0_, boardlist0_.board_id as board_id1_4_0_, boardlist0_.board_id as board_id1_4_1_, boardlist0_.category_id as category7_4_1_, boardlist0_.board_content as board_co2_4_1_, boardlist0_.board_created_at as board_cr3_4_1_, boardlist0_.board_last_modified_at as board_la4_4_1_, boardlist0_.board_title as board_ti5_4_1_, boardlist0_.user_id as user_id8_4_1_, boardlist0_.board_views as board_vi6_4_1_ from board boardlist0_ where boardlist0_.category_id=?
Hibernate: select count(comment0_.comment_id) as col_0_0_ from comment comment0_ where comment0_.board_id=?
Hibernate: update board set category_id=?, board_content=?, board_created_at=?, board_last_modified_at=?, board_title=?, user_id=?, board_views=? where board_id=?
Hibernate: select filepathli0_.board_board_id as board_bo1_8_0_, filepathli0_.board_file_path_list as board_fi2_8_0_ from file_path_list filepathli0_ where filepathli0_.board_board_id=?
Hibernate: select imagepathl0_.board_board_id as board_bo1_11_0_, imagepathl0_.board_image_path_list as board_im2_11_0_ from image_path_list imagepathl0_ where imagepathl0_.board_board_id=?
Hibernate: select count(*) as col_0_0_ from board board0_ where board0_.board_id=?
Hibernate: delete from reaction where reaction_id=?
Hibernate: delete from reaction where reaction_id=?
Hibernate: delete from reaction where reaction_id=?
Hibernate: delete from reaction where reaction_id=?
Hibernate: delete from reaction where reaction_id=?
Hibernate: delete from reaction where reaction_id=?
Hibernate: delete from board where board_id=?
Hibernate: select user0_.user_id as user_id1_21_0_, user0_.character_id as characte7_21_0_, user0_.user_created_at as user_cre2_21_0_, user0_.user_name as user_nam3_21_0_, user0_.user_phone_number as user_pho4_21_0_, user0_.user_user_id as user_use5_21_0_, user0_.user_user_password as user_use6_21_0_ from user user0_ where user0_.user_id=?
Hibernate: select character0_.character_id as characte1_6_0_, character0_.character_character_name as characte2_6_0_ from characters character0_ where character0_.character_id=?
Hibernate: select count(*) as col_0_0_ from user user0_ where user0_.user_id=?
Hibernate: select character1_.character_id as characte1_6_, character1_.character_character_name as characte2_6_ from user user0_ inner join characters character1_ on user0_.character_id=character1_.character_id where user0_.user_id=?
Hibernate: select permission0_.character_id as characte6_12_0_, permission0_.permission_id as permissi1_12_0_, permission0_.permission_id as permissi1_12_1_, permission0_.character_id as characte6_12_1_, permission0_.permission_name as permissi2_12_1_, permission0_.permission_permission_unit_id as permissi3_12_1_, permission0_.permission_service as permissi4_12_1_, permission0_.permission_status as permissi5_12_1_ from permission permission0_ where permission0_.character_id=?
Hibernate: select count(*) as col_0_0_ from board board0_ where board0_.board_id=?
Hibernate: select U.* from USER U join BOARD B where U.USER_ID = B.USER_ID and B.BOARD_ID = ?
Hibernate: select character0_.character_id as characte1_6_0_, character0_.character_character_name as characte2_6_0_ from characters character0_ where character0_.character_id=?
Hibernate: select count(*) as col_0_0_ from user user0_ where user0_.user_id=?
Hibernate: select character1_.character_id as characte1_6_, character1_.character_character_name as characte2_6_ from user user0_ inner join characters character1_ on user0_.character_id=character1_.character_id where user0_.user_id=?
Hibernate: select permission0_.character_id as characte6_12_0_, permission0_.permission_id as permissi1_12_0_, permission0_.permission_id as permissi1_12_1_, permission0_.character_id as characte6_12_1_, permission0_.permission_name as permissi2_12_1_, permission0_.permission_permission_unit_id as permissi3_12_1_, permission0_.permission_service as permissi4_12_1_, permission0_.permission_status as permissi5_12_1_ from permission permission0_ where permission0_.character_id=?
Hibernate: select count(*) as col_0_0_ from board board0_ where board0_.board_id=?
Hibernate: select board0_.board_id as board_id1_4_0_, board0_.category_id as category7_4_0_, board0_.board_content as board_co2_4_0_, board0_.board_created_at as board_cr3_4_0_, board0_.board_last_modified_at as board_la4_4_0_, board0_.board_title as board_ti5_4_0_, board0_.user_id as user_id8_4_0_, board0_.board_views as board_vi6_4_0_ from board board0_ where board0_.board_id=?
Hibernate: select category0_.category_id as category1_5_0_, category0_.category_name as category2_5_0_ from category category0_ where category0_.category_id=?
Hibernate: select reactionli0_.board_id as board_id3_13_0_, reactionli0_.reaction_id as reaction1_13_0_, reactionli0_.reaction_id as reaction1_13_1_, reactionli0_.board_id as board_id3_13_1_, reactionli0_.reaction_type as reaction2_13_1_ from reaction reactionli0_ where reactionli0_.board_id=?
Hibernate: select reactionus0_.reaction_id as reaction2_14_0_, reactionus0_.reaction_user_id as reaction1_14_0_, reactionus0_.reaction_user_id as reaction1_14_1_, reactionus0_.reaction_id as reaction2_14_1_, reactionus0_.user_id as user_id3_14_1_ from reaction_user reactionus0_ where reactionus0_.reaction_id=?
Hibernate: select reactionus0_.reaction_id as reaction2_14_0_, reactionus0_.reaction_user_id as reaction1_14_0_, reactionus0_.reaction_user_id as reaction1_14_1_, reactionus0_.reaction_id as reaction2_14_1_, reactionus0_.user_id as user_id3_14_1_ from reaction_user reactionus0_ where reactionus0_.reaction_id=?
Hibernate: select reactionus0_.reaction_id as reaction2_14_0_, reactionus0_.reaction_user_id as reaction1_14_0_, reactionus0_.reaction_user_id as reaction1_14_1_, reactionus0_.reaction_id as reaction2_14_1_, reactionus0_.user_id as user_id3_14_1_ from reaction_user reactionus0_ where reactionus0_.reaction_id=?
Hibernate: select reactionus0_.reaction_id as reaction2_14_0_, reactionus0_.reaction_user_id as reaction1_14_0_, reactionus0_.reaction_user_id as reaction1_14_1_, reactionus0_.reaction_id as reaction2_14_1_, reactionus0_.user_id as user_id3_14_1_ from reaction_user reactionus0_ where reactionus0_.reaction_id=?
Hibernate: select reactionus0_.reaction_id as reaction2_14_0_, reactionus0_.reaction_user_id as reaction1_14_0_, reactionus0_.reaction_user_id as reaction1_14_1_, reactionus0_.reaction_id as reaction2_14_1_, reactionus0_.user_id as user_id3_14_1_ from reaction_user reactionus0_ where reactionus0_.reaction_id=?
Hibernate: select reactionus0_.reaction_id as reaction2_14_0_, reactionus0_.reaction_user_id as reaction1_14_0_, reactionus0_.reaction_user_id as reaction1_14_1_, reactionus0_.reaction_id as reaction2_14_1_, reactionus0_.user_id as user_id3_14_1_ from reaction_user reactionus0_ where reactionus0_.reaction_id=?
Hibernate: select commentlis0_.board_id as board_id5_7_0_, commentlis0_.comment_id as comment_1_7_0_, commentlis0_.comment_id as comment_1_7_1_, commentlis0_.board_id as board_id5_7_1_, commentlis0_.comment_content as comment_2_7_1_, commentlis0_.comment_created_at as comment_3_7_1_, commentlis0_.comment_last_modified_at as comment_4_7_1_, commentlis0_.user_id as user_id6_7_1_ from comment commentlis0_ where commentlis0_.board_id=?
Hibernate: select boardlist0_.category_id as category7_4_0_, boardlist0_.board_id as board_id1_4_0_, boardlist0_.board_id as board_id1_4_1_, boardlist0_.category_id as category7_4_1_, boardlist0_.board_content as board_co2_4_1_, boardlist0_.board_created_at as board_cr3_4_1_, boardlist0_.board_last_modified_at as board_la4_4_1_, boardlist0_.board_title as board_ti5_4_1_, boardlist0_.user_id as user_id8_4_1_, boardlist0_.board_views as board_vi6_4_1_ from board boardlist0_ where boardlist0_.category_id=?
Hibernate: select count(comment0_.comment_id) as col_0_0_ from comment comment0_ where comment0_.board_id=?
Hibernate: update board set category_id=?, board_content=?, board_created_at=?, board_last_modified_at=?, board_title=?, user_id=?, board_views=? where board_id=?
Hibernate: select filepathli0_.board_board_id as board_bo1_8_0_, filepathli0_.board_file_path_list as board_fi2_8_0_ from file_path_list filepathli0_ where filepathli0_.board_board_id=?
Hibernate: select imagepathl0_.board_board_id as board_bo1_11_0_, imagepathl0_.board_image_path_list as board_im2_11_0_ from image_path_list imagepathl0_ where imagepathl0_.board_board_id=?
Hibernate: select count(*) as col_0_0_ from board board0_ where board0_.board_id=?
Hibernate: delete from reaction where reaction_id=?
Hibernate: delete from reaction where reaction_id=?
Hibernate: delete from reaction where reaction_id=?
Hibernate: delete from reaction where reaction_id=?
Hibernate: delete from reaction where reaction_id=?
Hibernate: delete from reaction where reaction_id=?
Hibernate: delete from board where board_id=?
Hibernate: select user0_.user_id as user_id1_21_0_, user0_.character_id as characte7_21_0_, user0_.user_created_at as user_cre2_21_0_, user0_.user_name as user_nam3_21_0_, user0_.user_phone_number as user_pho4_21_0_, user0_.user_user_id as user_use5_21_0_, user0_.user_user_password as user_use6_21_0_ from user user0_ where user0_.user_id=?
Hibernate: select character0_.character_id as characte1_6_0_, character0_.character_character_name as characte2_6_0_ from characters character0_ where character0_.character_id=?
Hibernate: select count(*) as col_0_0_ from user user0_ where user0_.user_id=?
Hibernate: select character1_.character_id as characte1_6_, character1_.character_character_name as characte2_6_ from user user0_ inner join characters character1_ on user0_.character_id=character1_.character_id where user0_.user_id=?
Hibernate: select permission0_.character_id as characte6_12_0_, permission0_.permission_id as permissi1_12_0_, permission0_.permission_id as permissi1_12_1_, permission0_.character_id as characte6_12_1_, permission0_.permission_name as permissi2_12_1_, permission0_.permission_permission_unit_id as permissi3_12_1_, permission0_.permission_service as permissi4_12_1_, permission0_.permission_status as permissi5_12_1_ from permission permission0_ where permission0_.character_id=?
Hibernate: select count(*) as col_0_0_ from board board0_ where board0_.board_id=?
Hibernate: select U.* from USER U join BOARD B where U.USER_ID = B.USER_ID and B.BOARD_ID = ?
Hibernate: select character0_.character_id as characte1_6_0_, character0_.character_character_name as characte2_6_0_ from characters character0_ where character0_.character_id=?
Hibernate: select count(*) as col_0_0_ from user user0_ where user0_.user_id=?
Hibernate: select character1_.character_id as characte1_6_, character1_.character_character_name as characte2_6_ from user user0_ inner join characters character1_ on user0_.character_id=character1_.character_id where user0_.user_id=?
Hibernate: select permission0_.character_id as characte6_12_0_, permission0_.permission_id as permissi1_12_0_, permission0_.permission_id as permissi1_12_1_, permission0_.character_id as characte6_12_1_, permission0_.permission_name as permissi2_12_1_, permission0_.permission_permission_unit_id as permissi3_12_1_, permission0_.permission_service as permissi4_12_1_, permission0_.permission_status as permissi5_12_1_ from permission permission0_ where permission0_.character_id=?
Hibernate: select count(*) as col_0_0_ from board board0_ where board0_.board_id=?
Hibernate: select board0_.board_id as board_id1_4_0_, board0_.category_id as category7_4_0_, board0_.board_content as board_co2_4_0_, board0_.board_created_at as board_cr3_4_0_, board0_.board_last_modified_at as board_la4_4_0_, board0_.board_title as board_ti5_4_0_, board0_.user_id as user_id8_4_0_, board0_.board_views as board_vi6_4_0_ from board board0_ where board0_.board_id=?
Hibernate: select category0_.category_id as category1_5_0_, category0_.category_name as category2_5_0_ from category category0_ where category0_.category_id=?
Hibernate: select reactionli0_.board_id as board_id3_13_0_, reactionli0_.reaction_id as reaction1_13_0_, reactionli0_.reaction_id as reaction1_13_1_, reactionli0_.board_id as board_id3_13_1_, reactionli0_.reaction_type as reaction2_13_1_ from reaction reactionli0_ where reactionli0_.board_id=?
Hibernate: select reactionus0_.reaction_id as reaction2_14_0_, reactionus0_.reaction_user_id as reaction1_14_0_, reactionus0_.reaction_user_id as reaction1_14_1_, reactionus0_.reaction_id as reaction2_14_1_, reactionus0_.user_id as user_id3_14_1_ from reaction_user reactionus0_ where reactionus0_.reaction_id=?
Hibernate: select reactionus0_.reaction_id as reaction2_14_0_, reactionus0_.reaction_user_id as reaction1_14_0_, reactionus0_.reaction_user_id as reaction1_14_1_, reactionus0_.reaction_id as reaction2_14_1_, reactionus0_.user_id as user_id3_14_1_ from reaction_user reactionus0_ where reactionus0_.reaction_id=?
Hibernate: select reactionus0_.reaction_id as reaction2_14_0_, reactionus0_.reaction_user_id as reaction1_14_0_, reactionus0_.reaction_user_id as reaction1_14_1_, reactionus0_.reaction_id as reaction2_14_1_, reactionus0_.user_id as user_id3_14_1_ from reaction_user reactionus0_ where reactionus0_.reaction_id=?
Hibernate: select reactionus0_.reaction_id as reaction2_14_0_, reactionus0_.reaction_user_id as reaction1_14_0_, reactionus0_.reaction_user_id as reaction1_14_1_, reactionus0_.reaction_id as reaction2_14_1_, reactionus0_.user_id as user_id3_14_1_ from reaction_user reactionus0_ where reactionus0_.reaction_id=?
Hibernate: select reactionus0_.reaction_id as reaction2_14_0_, reactionus0_.reaction_user_id as reaction1_14_0_, reactionus0_.reaction_user_id as reaction1_14_1_, reactionus0_.reaction_id as reaction2_14_1_, reactionus0_.user_id as user_id3_14_1_ from reaction_user reactionus0_ where reactionus0_.reaction_id=?
Hibernate: select reactionus0_.reaction_id as reaction2_14_0_, reactionus0_.reaction_user_id as reaction1_14_0_, reactionus0_.reaction_user_id as reaction1_14_1_, reactionus0_.reaction_id as reaction2_14_1_, reactionus0_.user_id as user_id3_14_1_ from reaction_user reactionus0_ where reactionus0_.reaction_id=?
Hibernate: select commentlis0_.board_id as board_id5_7_0_, commentlis0_.comment_id as comment_1_7_0_, commentlis0_.comment_id as comment_1_7_1_, commentlis0_.board_id as board_id5_7_1_, commentlis0_.comment_content as comment_2_7_1_, commentlis0_.comment_created_at as comment_3_7_1_, commentlis0_.comment_last_modified_at as comment_4_7_1_, commentlis0_.user_id as user_id6_7_1_ from comment commentlis0_ where commentlis0_.board_id=?
Hibernate: select boardlist0_.category_id as category7_4_0_, boardlist0_.board_id as board_id1_4_0_, boardlist0_.board_id as board_id1_4_1_, boardlist0_.category_id as category7_4_1_, boardlist0_.board_content as board_co2_4_1_, boardlist0_.board_created_at as board_cr3_4_1_, boardlist0_.board_last_modified_at as board_la4_4_1_, boardlist0_.board_title as board_ti5_4_1_, boardlist0_.user_id as user_id8_4_1_, boardlist0_.board_views as board_vi6_4_1_ from board boardlist0_ where boardlist0_.category_id=?
Hibernate: select count(comment0_.comment_id) as col_0_0_ from comment comment0_ where comment0_.board_id=?
Hibernate: update board set category_id=?, board_content=?, board_created_at=?, board_last_modified_at=?, board_title=?, user_id=?, board_views=? where board_id=?
Hibernate: select filepathli0_.board_board_id as board_bo1_8_0_, filepathli0_.board_file_path_list as board_fi2_8_0_ from file_path_list filepathli0_ where filepathli0_.board_board_id=?
Hibernate: select imagepathl0_.board_board_id as board_bo1_11_0_, imagepathl0_.board_image_path_list as board_im2_11_0_ from image_path_list imagepathl0_ where imagepathl0_.board_board_id=?
Hibernate: select count(*) as col_0_0_ from board board0_ where board0_.board_id=?
Hibernate: delete from reaction where reaction_id=?
Hibernate: delete from reaction where reaction_id=?
Hibernate: delete from reaction where reaction_id=?
Hibernate: delete from reaction where reaction_id=?
Hibernate: delete from reaction where reaction_id=?
Hibernate: delete from reaction where reaction_id=?
Hibernate: delete from board where board_id=?
Hibernate: select user0_.user_id as user_id1_21_0_, user0_.character_id as characte7_21_0_, user0_.user_created_at as user_cre2_21_0_, user0_.user_name as user_nam3_21_0_, user0_.user_phone_number as user_pho4_21_0_, user0_.user_user_id as user_use5_21_0_, user0_.user_user_password as user_use6_21_0_ from user user0_ where user0_.user_id=?
Hibernate: select character0_.character_id as characte1_6_0_, character0_.character_character_name as characte2_6_0_ from characters character0_ where character0_.character_id=?
Hibernate: select count(*) as col_0_0_ from user user0_ where user0_.user_id=?
Hibernate: select character1_.character_id as characte1_6_, character1_.character_character_name as characte2_6_ from user user0_ inner join characters character1_ on user0_.character_id=character1_.character_id where user0_.user_id=?
Hibernate: select permission0_.character_id as characte6_12_0_, permission0_.permission_id as permissi1_12_0_, permission0_.permission_id as permissi1_12_1_, permission0_.character_id as characte6_12_1_, permission0_.permission_name as permissi2_12_1_, permission0_.permission_permission_unit_id as permissi3_12_1_, permission0_.permission_service as permissi4_12_1_, permission0_.permission_status as permissi5_12_1_ from permission permission0_ where permission0_.character_id=?
Hibernate: select count(*) as col_0_0_ from board board0_ where board0_.board_id=?
Hibernate: select user0_.user_id as col_0_0_ from user user0_ where user0_.user_user_id=? limit ?
Hibernate: select user0_.user_id as col_0_0_ from user user0_ where user0_.user_user_id=? limit ?
Hibernate: select U.* from USER U where U.USER_USER_ID =?
Hibernate: select character0_.character_id as characte1_6_0_, character0_.character_character_name as characte2_6_0_ from characters character0_ where character0_.character_id=?
Hibernate: select user0_.user_id as user_id1_21_0_, user0_.character_id as characte7_21_0_, user0_.user_created_at as user_cre2_21_0_, user0_.user_name as user_nam3_21_0_, user0_.user_phone_number as user_pho4_21_0_, user0_.user_user_id as user_use5_21_0_, user0_.user_user_password as user_use6_21_0_ from user user0_ where user0_.user_id=?
Hibernate: select character0_.character_id as characte1_6_0_, character0_.character_character_name as characte2_6_0_ from characters character0_ where character0_.character_id=?
Hibernate: select category0_.category_id as category1_5_, category0_.category_name as category2_5_ from category category0_
Hibernate: select boardlist0_.category_id as category7_4_0_, boardlist0_.board_id as board_id1_4_0_, boardlist0_.board_id as board_id1_4_1_, boardlist0_.category_id as category7_4_1_, boardlist0_.board_content as board_co2_4_1_, boardlist0_.board_created_at as board_cr3_4_1_, boardlist0_.board_last_modified_at as board_la4_4_1_, boardlist0_.board_title as board_ti5_4_1_, boardlist0_.user_id as user_id8_4_1_, boardlist0_.board_views as board_vi6_4_1_ from board boardlist0_ where boardlist0_.category_id=?
Hibernate: select boardlist0_.category_id as category7_4_0_, boardlist0_.board_id as board_id1_4_0_, boardlist0_.board_id as board_id1_4_1_, boardlist0_.category_id as category7_4_1_, boardlist0_.board_content as board_co2_4_1_, boardlist0_.board_created_at as board_cr3_4_1_, boardlist0_.board_last_modified_at as board_la4_4_1_, boardlist0_.board_title as board_ti5_4_1_, boardlist0_.user_id as user_id8_4_1_, boardlist0_.board_views as board_vi6_4_1_ from board boardlist0_ where boardlist0_.category_id=?
Hibernate: select boardlist0_.category_id as category7_4_0_, boardlist0_.board_id as board_id1_4_0_, boardlist0_.board_id as board_id1_4_1_, boardlist0_.category_id as category7_4_1_, boardlist0_.board_content as board_co2_4_1_, boardlist0_.board_created_at as board_cr3_4_1_, boardlist0_.board_last_modified_at as board_la4_4_1_, boardlist0_.board_title as board_ti5_4_1_, boardlist0_.user_id as user_id8_4_1_, boardlist0_.board_views as board_vi6_4_1_ from board boardlist0_ where boardlist0_.category_id=?
Hibernate: select user0_.user_id as user_id1_21_0_, user0_.character_id as characte7_21_0_, user0_.user_created_at as user_cre2_21_0_, user0_.user_name as user_nam3_21_0_, user0_.user_phone_number as user_pho4_21_0_, user0_.user_user_id as user_use5_21_0_, user0_.user_user_password as user_use6_21_0_ from user user0_ where user0_.user_id=?
Hibernate: select character0_.character_id as characte1_6_0_, character0_.character_character_name as characte2_6_0_ from characters character0_ where character0_.character_id=?
Hibernate: select count(*) as col_0_0_ from user user0_ where user0_.user_id=?
Hibernate: select character1_.character_id as characte1_6_, character1_.character_character_name as characte2_6_ from user user0_ inner join characters character1_ on user0_.character_id=character1_.character_id where user0_.user_id=?
Hibernate: select permission0_.character_id as characte6_12_0_, permission0_.permission_id as permissi1_12_0_, permission0_.permission_id as permissi1_12_1_, permission0_.character_id as characte6_12_1_, permission0_.permission_name as permissi2_12_1_, permission0_.permission_permission_unit_id as permissi3_12_1_, permission0_.permission_service as permissi4_12_1_, permission0_.permission_status as permissi5_12_1_ from permission permission0_ where permission0_.character_id=?
Hibernate: select count(*) as col_0_0_ from category category0_ where category0_.category_id=?
Hibernate: select count(board0_.board_id) as col_0_0_ from board board0_ where board0_.category_id=?
Hibernate: select category0_.category_id as category1_5_0_, category0_.category_name as category2_5_0_ from category category0_ where category0_.category_id=?
Hibernate: select boardlist0_.category_id as category7_4_0_, boardlist0_.board_id as board_id1_4_0_, boardlist0_.board_id as board_id1_4_1_, boardlist0_.category_id as category7_4_1_, boardlist0_.board_content as board_co2_4_1_, boardlist0_.board_created_at as board_cr3_4_1_, boardlist0_.board_last_modified_at as board_la4_4_1_, boardlist0_.board_title as board_ti5_4_1_, boardlist0_.user_id as user_id8_4_1_, boardlist0_.board_views as board_vi6_4_1_ from board boardlist0_ where boardlist0_.category_id=?
Hibernate: delete from category where category_id=?
Hibernate: select user0_.user_id as user_id1_21_0_, user0_.character_id as characte7_21_0_, user0_.user_created_at as user_cre2_21_0_, user0_.user_name as user_nam3_21_0_, user0_.user_phone_number as user_pho4_21_0_, user0_.user_user_id as user_use5_21_0_, user0_.user_user_password as user_use6_21_0_ from user user0_ where user0_.user_id=?
Hibernate: select character0_.character_id as characte1_6_0_, character0_.character_character_name as characte2_6_0_ from characters character0_ where character0_.character_id=?
Hibernate: select count(*) as col_0_0_ from user user0_ where user0_.user_id=?
Hibernate: select character1_.character_id as characte1_6_, character1_.character_character_name as characte2_6_ from user user0_ inner join characters character1_ on user0_.character_id=character1_.character_id where user0_.user_id=?
Hibernate: select permission0_.character_id as characte6_12_0_, permission0_.permission_id as permissi1_12_0_, permission0_.permission_id as permissi1_12_1_, permission0_.character_id as characte6_12_1_, permission0_.permission_name as permissi2_12_1_, permission0_.permission_permission_unit_id as permissi3_12_1_, permission0_.permission_service as permissi4_12_1_, permission0_.permission_status as permissi5_12_1_ from permission permission0_ where permission0_.character_id=?
Hibernate: select count(*) as col_0_0_ from category category0_ where category0_.category_id=?
Hibernate: select count(board0_.board_id) as col_0_0_ from board board0_ where board0_.category_id=?
Hibernate: select category0_.category_id as category1_5_0_, category0_.category_name as category2_5_0_ from category category0_ where category0_.category_id=?
Hibernate: select boardlist0_.category_id as category7_4_0_, boardlist0_.board_id as board_id1_4_0_, boardlist0_.board_id as board_id1_4_1_, boardlist0_.category_id as category7_4_1_, boardlist0_.board_content as board_co2_4_1_, boardlist0_.board_created_at as board_cr3_4_1_, boardlist0_.board_last_modified_at as board_la4_4_1_, boardlist0_.board_title as board_ti5_4_1_, boardlist0_.user_id as user_id8_4_1_, boardlist0_.board_views as board_vi6_4_1_ from board boardlist0_ where boardlist0_.category_id=?
Hibernate: delete from category where category_id=?
Hibernate: select user0_.user_id as user_id1_21_0_, user0_.character_id as characte7_21_0_, user0_.user_created_at as user_cre2_21_0_, user0_.user_name as user_nam3_21_0_, user0_.user_phone_number as user_pho4_21_0_, user0_.user_user_id as user_use5_21_0_, user0_.user_user_password as user_use6_21_0_ from user user0_ where user0_.user_id=?
Hibernate: select character0_.character_id as characte1_6_0_, character0_.character_character_name as characte2_6_0_ from characters character0_ where character0_.character_id=?
Hibernate: select count(*) as col_0_0_ from user user0_ where user0_.user_id=?
Hibernate: select character1_.character_id as characte1_6_, character1_.character_character_name as characte2_6_ from user user0_ inner join characters character1_ on user0_.character_id=character1_.character_id where user0_.user_id=?
Hibernate: select permission0_.character_id as characte6_12_0_, permission0_.permission_id as permissi1_12_0_, permission0_.permission_id as permissi1_12_1_, permission0_.character_id as characte6_12_1_, permission0_.permission_name as permissi2_12_1_, permission0_.permission_permission_unit_id as permissi3_12_1_, permission0_.permission_service as permissi4_12_1_, permission0_.permission_status as permissi5_12_1_ from permission permission0_ where permission0_.character_id=?
Hibernate: select count(*) as col_0_0_ from category category0_ where category0_.category_id=?
Hibernate: select count(board0_.board_id) as col_0_0_ from board board0_ where board0_.category_id=?
Hibernate: select category0_.category_id as category1_5_0_, category0_.category_name as category2_5_0_ from category category0_ where category0_.category_id=?
Hibernate: select boardlist0_.category_id as category7_4_0_, boardlist0_.board_id as board_id1_4_0_, boardlist0_.board_id as board_id1_4_1_, boardlist0_.category_id as category7_4_1_, boardlist0_.board_content as board_co2_4_1_, boardlist0_.board_created_at as board_cr3_4_1_, boardlist0_.board_last_modified_at as board_la4_4_1_, boardlist0_.board_title as board_ti5_4_1_, boardlist0_.user_id as user_id8_4_1_, boardlist0_.board_views as board_vi6_4_1_ from board boardlist0_ where boardlist0_.category_id=?
Hibernate: delete from category where category_id=?
Hibernate: select user0_.user_id as user_id1_21_0_, user0_.character_id as characte7_21_0_, user0_.user_created_at as user_cre2_21_0_, user0_.user_name as user_nam3_21_0_, user0_.user_phone_number as user_pho4_21_0_, user0_.user_user_id as user_use5_21_0_, user0_.user_user_password as user_use6_21_0_ from user user0_ where user0_.user_id=?
Hibernate: select character0_.character_id as characte1_6_0_, character0_.character_character_name as characte2_6_0_ from characters character0_ where character0_.character_id=?
Hibernate: select count(*) as col_0_0_ from user user0_ where user0_.user_id=?
Hibernate: select character1_.character_id as characte1_6_, character1_.character_character_name as characte2_6_ from user user0_ inner join characters character1_ on user0_.character_id=character1_.character_id where user0_.user_id=?
Hibernate: select permission0_.character_id as characte6_12_0_, permission0_.permission_id as permissi1_12_0_, permission0_.permission_id as permissi1_12_1_, permission0_.character_id as characte6_12_1_, permission0_.permission_name as permissi2_12_1_, permission0_.permission_permission_unit_id as permissi3_12_1_, permission0_.permission_service as permissi4_12_1_, permission0_.permission_status as permissi5_12_1_ from permission permission0_ where permission0_.character_id=?
Hibernate: select category0_.category_id as col_0_0_ from category category0_ where category0_.category_name=? limit ?
Hibernate: select category0_.category_id as category1_5_1_, category0_.category_name as category2_5_1_, boardlist1_.category_id as category7_4_3_, boardlist1_.board_id as board_id1_4_3_, boardlist1_.board_id as board_id1_4_0_, boardlist1_.category_id as category7_4_0_, boardlist1_.board_content as board_co2_4_0_, boardlist1_.board_created_at as board_cr3_4_0_, boardlist1_.board_last_modified_at as board_la4_4_0_, boardlist1_.board_title as board_ti5_4_0_, boardlist1_.user_id as user_id8_4_0_, boardlist1_.board_views as board_vi6_4_0_ from category category0_ left outer join board boardlist1_ on category0_.category_id=boardlist1_.category_id where category0_.category_id=?
Hibernate: insert into category (category_id, category_name) values (default, ?)
Hibernate: select user0_.user_id as user_id1_21_0_, user0_.character_id as characte7_21_0_, user0_.user_created_at as user_cre2_21_0_, user0_.user_name as user_nam3_21_0_, user0_.user_phone_number as user_pho4_21_0_, user0_.user_user_id as user_use5_21_0_, user0_.user_user_password as user_use6_21_0_ from user user0_ where user0_.user_id=?
Hibernate: select character0_.character_id as characte1_6_0_, character0_.character_character_name as characte2_6_0_ from characters character0_ where character0_.character_id=?
Hibernate: select count(*) as col_0_0_ from user user0_ where user0_.user_id=?
Hibernate: select character1_.character_id as characte1_6_, character1_.character_character_name as characte2_6_ from user user0_ inner join characters character1_ on user0_.character_id=character1_.character_id where user0_.user_id=?
Hibernate: select permission0_.character_id as characte6_12_0_, permission0_.permission_id as permissi1_12_0_, permission0_.permission_id as permissi1_12_1_, permission0_.character_id as characte6_12_1_, permission0_.permission_name as permissi2_12_1_, permission0_.permission_permission_unit_id as permissi3_12_1_, permission0_.permission_service as permissi4_12_1_, permission0_.permission_status as permissi5_12_1_ from permission permission0_ where permission0_.character_id=?
Hibernate: select category0_.category_id as col_0_0_ from category category0_ where category0_.category_name=? limit ?
Hibernate: select category0_.category_id as category1_5_1_, category0_.category_name as category2_5_1_, boardlist1_.category_id as category7_4_3_, boardlist1_.board_id as board_id1_4_3_, boardlist1_.board_id as board_id1_4_0_, boardlist1_.category_id as category7_4_0_, boardlist1_.board_content as board_co2_4_0_, boardlist1_.board_created_at as board_cr3_4_0_, boardlist1_.board_last_modified_at as board_la4_4_0_, boardlist1_.board_title as board_ti5_4_0_, boardlist1_.user_id as user_id8_4_0_, boardlist1_.board_views as board_vi6_4_0_ from category category0_ left outer join board boardlist1_ on category0_.category_id=boardlist1_.category_id where category0_.category_id=?
Hibernate: insert into category (category_id, category_name) values (default, ?)
Hibernate: select user0_.user_id as col_0_0_ from user user0_ where user0_.user_user_id=? limit ?
Hibernate: select user0_.user_id as col_0_0_ from user user0_ where user0_.user_user_id=? limit ?
Hibernate: select U.* from USER U where U.USER_USER_ID =?
Hibernate: select character0_.character_id as characte1_6_0_, character0_.character_character_name as characte2_6_0_ from characters character0_ where character0_.character_id=?
Hibernate: select user0_.user_id as col_0_0_ from user user0_ where user0_.user_user_id=? limit ?
Hibernate: select user0_.user_id as user_id1_21_, user0_.character_id as characte7_21_, user0_.user_created_at as user_cre2_21_, user0_.user_name as user_nam3_21_, user0_.user_phone_number as user_pho4_21_, user0_.user_user_id as user_use5_21_, user0_.user_user_password as user_use6_21_ from user user0_ inner join characters character1_ on user0_.character_id=character1_.character_id where user0_.user_user_id=?
Hibernate: select character0_.character_id as characte1_6_0_, character0_.character_character_name as characte2_6_0_ from characters character0_ where character0_.character_id=?
Hibernate: select rewardtagw0_.user_id as user_id4_16_0_, rewardtagw0_.reward_tag_wrapper_reward_id as reward_t1_16_0_, rewardtagw0_.reward_tag_wrapper_reward_id as reward_t1_16_1_, rewardtagw0_.reward_tag_wrapper_reward_presented_at as reward_t2_16_1_, rewardtagw0_.reward_tag_reward_tag_id as reward_t3_16_1_, rewardtagw0_.user_id as user_id4_16_1_ from reward_tag_wrapper rewardtagw0_ where rewardtagw0_.user_id=?
Hibernate: select user0_.user_id as user_id1_21_0_, user0_.character_id as characte7_21_0_, user0_.user_created_at as user_cre2_21_0_, user0_.user_name as user_nam3_21_0_, user0_.user_phone_number as user_pho4_21_0_, user0_.user_user_id as user_use5_21_0_, user0_.user_user_password as user_use6_21_0_ from user user0_ where user0_.user_id=?
Hibernate: select character0_.character_id as characte1_6_0_, character0_.character_character_name as characte2_6_0_ from characters character0_ where character0_.character_id=?
Hibernate: select count(*) as col_0_0_ from user user0_ where user0_.user_id=?
Hibernate: select character1_.character_id as characte1_6_, character1_.character_character_name as characte2_6_ from user user0_ inner join characters character1_ on user0_.character_id=character1_.character_id where user0_.user_id=?
Hibernate: select permission0_.character_id as characte6_12_0_, permission0_.permission_id as permissi1_12_0_, permission0_.permission_id as permissi1_12_1_, permission0_.character_id as characte6_12_1_, permission0_.permission_name as permissi2_12_1_, permission0_.permission_permission_unit_id as permissi3_12_1_, permission0_.permission_service as permissi4_12_1_, permission0_.permission_status as permissi5_12_1_ from permission permission0_ where permission0_.character_id=?
Hibernate: select count(*) as col_0_0_ from user user0_ where user0_.user_id=?
Hibernate: select user0_.user_id as user_id1_21_, user0_.character_id as characte7_21_, user0_.user_created_at as user_cre2_21_, user0_.user_name as user_nam3_21_, user0_.user_phone_number as user_pho4_21_, user0_.user_user_id as user_use5_21_, user0_.user_user_password as user_use6_21_ from user user0_ where user0_.user_id=?
Hibernate: select character0_.character_id as characte1_6_0_, character0_.character_character_name as characte2_6_0_ from characters character0_ where character0_.character_id=?
Hibernate: select rewardtagw0_.user_id as user_id4_16_0_, rewardtagw0_.reward_tag_wrapper_reward_id as reward_t1_16_0_, rewardtagw0_.reward_tag_wrapper_reward_id as reward_t1_16_1_, rewardtagw0_.reward_tag_wrapper_reward_presented_at as reward_t2_16_1_, rewardtagw0_.reward_tag_reward_tag_id as reward_t3_16_1_, rewardtagw0_.user_id as user_id4_16_1_ from reward_tag_wrapper rewardtagw0_ where rewardtagw0_.user_id=?
Hibernate: select attendance0_.attendance_user_attendance_user_id as col_0_0_ from attendance_user attendance0_ where attendance0_.user_id=? limit ?
Hibernate: DELETE FROM USER WHERE USER_ID = ?
Hibernate: select user0_.user_id as col_0_0_ from user user0_ where user0_.user_user_id=? limit ?
Hibernate: select user0_.user_id as col_0_0_ from user user0_ where user0_.user_user_id=? limit ?
Hibernate: select U.* from USER U where U.USER_USER_ID =?
Hibernate: select character0_.character_id as characte1_6_0_, character0_.character_character_name as characte2_6_0_ from characters character0_ where character0_.character_id=?
Hibernate: select user0_.user_id as user_id1_21_0_, user0_.character_id as characte7_21_0_, user0_.user_created_at as user_cre2_21_0_, user0_.user_name as user_nam3_21_0_, user0_.user_phone_number as user_pho4_21_0_, user0_.user_user_id as user_use5_21_0_, user0_.user_user_password as user_use6_21_0_ from user user0_ where user0_.user_id=?
Hibernate: select character0_.character_id as characte1_6_0_, character0_.character_character_name as characte2_6_0_ from characters character0_ where character0_.character_id=?
Hibernate: select count(*) as col_0_0_ from board board0_
Hibernate: select count(*) as col_0_0_ from board board0_
Hibernate: select user0_.user_id as col_0_0_ from user user0_ where user0_.user_user_id=? limit ?
Hibernate: select user0_.user_id as col_0_0_ from user user0_ where user0_.user_user_id=? limit ?
Hibernate: select U.* from USER U where U.USER_USER_ID =?
Hibernate: select character0_.character_id as characte1_6_0_, character0_.character_character_name as characte2_6_0_ from characters character0_ where character0_.character_id=?
Hibernate: select user0_.user_id as user_id1_21_0_, user0_.character_id as characte7_21_0_, user0_.user_created_at as user_cre2_21_0_, user0_.user_name as user_nam3_21_0_, user0_.user_phone_number as user_pho4_21_0_, user0_.user_user_id as user_use5_21_0_, user0_.user_user_password as user_use6_21_0_ from user user0_ where user0_.user_id=?
Hibernate: select character0_.character_id as characte1_6_0_, character0_.character_character_name as characte2_6_0_ from characters character0_ where character0_.character_id=?
Hibernate: select category0_.category_id as category1_5_, category0_.category_name as category2_5_ from category category0_
Hibernate: select boardlist0_.category_id as category7_4_0_, boardlist0_.board_id as board_id1_4_0_, boardlist0_.board_id as board_id1_4_1_, boardlist0_.category_id as category7_4_1_, boardlist0_.board_content as board_co2_4_1_, boardlist0_.board_created_at as board_cr3_4_1_, boardlist0_.board_last_modified_at as board_la4_4_1_, boardlist0_.board_title as board_ti5_4_1_, boardlist0_.user_id as user_id8_4_1_, boardlist0_.board_views as board_vi6_4_1_ from board boardlist0_ where boardlist0_.category_id=?
Hibernate: select boardlist0_.category_id as category7_4_0_, boardlist0_.board_id as board_id1_4_0_, boardlist0_.board_id as board_id1_4_1_, boardlist0_.category_id as category7_4_1_, boardlist0_.board_content as board_co2_4_1_, boardlist0_.board_created_at as board_cr3_4_1_, boardlist0_.board_last_modified_at as board_la4_4_1_, boardlist0_.board_title as board_ti5_4_1_, boardlist0_.user_id as user_id8_4_1_, boardlist0_.board_views as board_vi6_4_1_ from board boardlist0_ where boardlist0_.category_id=?
Hibernate: select user0_.user_id as user_id1_21_0_, user0_.character_id as characte7_21_0_, user0_.user_created_at as user_cre2_21_0_, user0_.user_name as user_nam3_21_0_, user0_.user_phone_number as user_pho4_21_0_, user0_.user_user_id as user_use5_21_0_, user0_.user_user_password as user_use6_21_0_ from user user0_ where user0_.user_id=?
Hibernate: select character0_.character_id as characte1_6_0_, character0_.character_character_name as characte2_6_0_ from characters character0_ where character0_.character_id=?
Hibernate: select count(*) as col_0_0_ from user user0_ where user0_.user_id=?
Hibernate: select character1_.character_id as characte1_6_, character1_.character_character_name as characte2_6_ from user user0_ inner join characters character1_ on user0_.character_id=character1_.character_id where user0_.user_id=?
Hibernate: select permission0_.character_id as characte6_12_0_, permission0_.permission_id as permissi1_12_0_, permission0_.permission_id as permissi1_12_1_, permission0_.character_id as characte6_12_1_, permission0_.permission_name as permissi2_12_1_, permission0_.permission_permission_unit_id as permissi3_12_1_, permission0_.permission_service as permissi4_12_1_, permission0_.permission_status as permissi5_12_1_ from permission permission0_ where permission0_.character_id=?
Hibernate: select count(*) as col_0_0_ from category category0_ where category0_.category_id=?
Hibernate: select count(board0_.board_id) as col_0_0_ from board board0_ where board0_.category_id=?
Hibernate: select category0_.category_id as category1_5_0_, category0_.category_name as category2_5_0_ from category category0_ where category0_.category_id=?
Hibernate: select boardlist0_.category_id as category7_4_0_, boardlist0_.board_id as board_id1_4_0_, boardlist0_.board_id as board_id1_4_1_, boardlist0_.category_id as category7_4_1_, boardlist0_.board_content as board_co2_4_1_, boardlist0_.board_created_at as board_cr3_4_1_, boardlist0_.board_last_modified_at as board_la4_4_1_, boardlist0_.board_title as board_ti5_4_1_, boardlist0_.user_id as user_id8_4_1_, boardlist0_.board_views as board_vi6_4_1_ from board boardlist0_ where boardlist0_.category_id=?
Hibernate: delete from category where category_id=?
Hibernate: select user0_.user_id as user_id1_21_0_, user0_.character_id as characte7_21_0_, user0_.user_created_at as user_cre2_21_0_, user0_.user_name as user_nam3_21_0_, user0_.user_phone_number as user_pho4_21_0_, user0_.user_user_id as user_use5_21_0_, user0_.user_user_password as user_use6_21_0_ from user user0_ where user0_.user_id=?
Hibernate: select character0_.character_id as characte1_6_0_, character0_.character_character_name as characte2_6_0_ from characters character0_ where character0_.character_id=?
Hibernate: select count(*) as col_0_0_ from user user0_ where user0_.user_id=?
Hibernate: select character1_.character_id as characte1_6_, character1_.character_character_name as characte2_6_ from user user0_ inner join characters character1_ on user0_.character_id=character1_.character_id where user0_.user_id=?
Hibernate: select permission0_.character_id as characte6_12_0_, permission0_.permission_id as permissi1_12_0_, permission0_.permission_id as permissi1_12_1_, permission0_.character_id as characte6_12_1_, permission0_.permission_name as permissi2_12_1_, permission0_.permission_permission_unit_id as permissi3_12_1_, permission0_.permission_service as permissi4_12_1_, permission0_.permission_status as permissi5_12_1_ from permission permission0_ where permission0_.character_id=?
Hibernate: select count(*) as col_0_0_ from category category0_ where category0_.category_id=?
Hibernate: select count(board0_.board_id) as col_0_0_ from board board0_ where board0_.category_id=?
Hibernate: select category0_.category_id as category1_5_0_, category0_.category_name as category2_5_0_ from category category0_ where category0_.category_id=?
Hibernate: select boardlist0_.category_id as category7_4_0_, boardlist0_.board_id as board_id1_4_0_, boardlist0_.board_id as board_id1_4_1_, boardlist0_.category_id as category7_4_1_, boardlist0_.board_content as board_co2_4_1_, boardlist0_.board_created_at as board_cr3_4_1_, boardlist0_.board_last_modified_at as board_la4_4_1_, boardlist0_.board_title as board_ti5_4_1_, boardlist0_.user_id as user_id8_4_1_, boardlist0_.board_views as board_vi6_4_1_ from board boardlist0_ where boardlist0_.category_id=?
Hibernate: delete from category where category_id=?
Hibernate: select user0_.user_id as user_id1_21_0_, user0_.character_id as characte7_21_0_, user0_.user_created_at as user_cre2_21_0_, user0_.user_name as user_nam3_21_0_, user0_.user_phone_number as user_pho4_21_0_, user0_.user_user_id as user_use5_21_0_, user0_.user_user_password as user_use6_21_0_ from user user0_ where user0_.user_id=?
Hibernate: select character0_.character_id as characte1_6_0_, character0_.character_character_name as characte2_6_0_ from characters character0_ where character0_.character_id=?
Hibernate: select count(*) as col_0_0_ from user user0_ where user0_.user_id=?
Hibernate: select character1_.character_id as characte1_6_, character1_.character_character_name as characte2_6_ from user user0_ inner join characters character1_ on user0_.character_id=character1_.character_id where user0_.user_id=?
Hibernate: select permission0_.character_id as characte6_12_0_, permission0_.permission_id as permissi1_12_0_, permission0_.permission_id as permissi1_12_1_, permission0_.character_id as characte6_12_1_, permission0_.permission_name as permissi2_12_1_, permission0_.permission_permission_unit_id as permissi3_12_1_, permission0_.permission_service as permissi4_12_1_, permission0_.permission_status as permissi5_12_1_ from permission permission0_ where permission0_.character_id=?
Hibernate: select category0_.category_id as col_0_0_ from category category0_ where category0_.category_name=? limit ?
Hibernate: select category0_.category_id as category1_5_1_, category0_.category_name as category2_5_1_, boardlist1_.category_id as category7_4_3_, boardlist1_.board_id as board_id1_4_3_, boardlist1_.board_id as board_id1_4_0_, boardlist1_.category_id as category7_4_0_, boardlist1_.board_content as board_co2_4_0_, boardlist1_.board_created_at as board_cr3_4_0_, boardlist1_.board_last_modified_at as board_la4_4_0_, boardlist1_.board_title as board_ti5_4_0_, boardlist1_.user_id as user_id8_4_0_, boardlist1_.board_views as board_vi6_4_0_ from category category0_ left outer join board boardlist1_ on category0_.category_id=boardlist1_.category_id where category0_.category_id=?
Hibernate: insert into category (category_id, category_name) values (default, ?)
Hibernate: select user0_.user_id as user_id1_21_0_, user0_.character_id as characte7_21_0_, user0_.user_created_at as user_cre2_21_0_, user0_.user_name as user_nam3_21_0_, user0_.user_phone_number as user_pho4_21_0_, user0_.user_user_id as user_use5_21_0_, user0_.user_user_password as user_use6_21_0_ from user user0_ where user0_.user_id=?
Hibernate: select character0_.character_id as characte1_6_0_, character0_.character_character_name as characte2_6_0_ from characters character0_ where character0_.character_id=?
Hibernate: select count(*) as col_0_0_ from user user0_ where user0_.user_id=?
Hibernate: select character1_.character_id as characte1_6_, character1_.character_character_name as characte2_6_ from user user0_ inner join characters character1_ on user0_.character_id=character1_.character_id where user0_.user_id=?
Hibernate: select permission0_.character_id as characte6_12_0_, permission0_.permission_id as permissi1_12_0_, permission0_.permission_id as permissi1_12_1_, permission0_.character_id as characte6_12_1_, permission0_.permission_name as permissi2_12_1_, permission0_.permission_permission_unit_id as permissi3_12_1_, permission0_.permission_service as permissi4_12_1_, permission0_.permission_status as permissi5_12_1_ from permission permission0_ where permission0_.character_id=?
Hibernate: select category0_.category_id as col_0_0_ from category category0_ where category0_.category_name=? limit ?
Hibernate: select category0_.category_id as category1_5_1_, category0_.category_name as category2_5_1_, boardlist1_.category_id as category7_4_3_, boardlist1_.board_id as board_id1_4_3_, boardlist1_.board_id as board_id1_4_0_, boardlist1_.category_id as category7_4_0_, boardlist1_.board_content as board_co2_4_0_, boardlist1_.board_created_at as board_cr3_4_0_, boardlist1_.board_last_modified_at as board_la4_4_0_, boardlist1_.board_title as board_ti5_4_0_, boardlist1_.user_id as user_id8_4_0_, boardlist1_.board_views as board_vi6_4_0_ from category category0_ left outer join board boardlist1_ on category0_.category_id=boardlist1_.category_id where category0_.category_id=?
Hibernate: insert into category (category_id, category_name) values (default, ?)
Hibernate: select user0_.user_id as col_0_0_ from user user0_ where user0_.user_user_id=? limit ?
Hibernate: select user0_.user_id as col_0_0_ from user user0_ where user0_.user_user_id=? limit ?
Hibernate: select U.* from USER U where U.USER_USER_ID =?
Hibernate: select character0_.character_id as characte1_6_0_, character0_.character_character_name as characte2_6_0_ from characters character0_ where character0_.character_id=?
Hibernate: select user0_.user_id as col_0_0_ from user user0_ where user0_.user_user_id=? limit ?
Hibernate: select user0_.user_id as col_0_0_ from user user0_ where user0_.user_user_id=? limit ?
Hibernate: select U.* from USER U where U.USER_USER_ID =?
Hibernate: select character0_.character_id as characte1_6_0_, character0_.character_character_name as characte2_6_0_ from characters character0_ where character0_.character_id=?
Hibernate: select user0_.user_id as col_0_0_ from user user0_ where user0_.user_user_id=? limit ?
Hibernate: select userjoinin0_.user_joining_pool_id as col_0_0_ from user_joining_pool userjoinin0_ where userjoinin0_.user_user_id=? limit ?
Hibernate: select character0_.character_id as col_0_0_ from characters character0_ where character0_.character_character_name=? limit ?
Hibernate: insert into user_joining_pool (user_joining_pool_id, user_created_at, user_name, user_phone_number, user_user_id, user_user_password) values (default, ?, ?, ?, ?, ?)
Hibernate: select user0_.user_id as user_id1_21_0_, user0_.character_id as characte7_21_0_, user0_.user_created_at as user_cre2_21_0_, user0_.user_name as user_nam3_21_0_, user0_.user_phone_number as user_pho4_21_0_, user0_.user_user_id as user_use5_21_0_, user0_.user_user_password as user_use6_21_0_ from user user0_ where user0_.user_id=?
Hibernate: select character0_.character_id as characte1_6_0_, character0_.character_character_name as characte2_6_0_ from characters character0_ where character0_.character_id=?
Hibernate: select count(*) as col_0_0_ from user user0_ where user0_.user_id=?
Hibernate: select character1_.character_id as characte1_6_, character1_.character_character_name as characte2_6_ from user user0_ inner join characters character1_ on user0_.character_id=character1_.character_id where user0_.user_id=?
Hibernate: select permission0_.character_id as characte6_12_0_, permission0_.permission_id as permissi1_12_0_, permission0_.permission_id as permissi1_12_1_, permission0_.character_id as characte6_12_1_, permission0_.permission_name as permissi2_12_1_, permission0_.permission_permission_unit_id as permissi3_12_1_, permission0_.permission_service as permissi4_12_1_, permission0_.permission_status as permissi5_12_1_ from permission permission0_ where permission0_.character_id=?
Hibernate: select userjoinin0_.user_joining_pool_id as col_0_0_ from user_joining_pool userjoinin0_ where userjoinin0_.user_user_id=? limit ?
Hibernate: select userjoinin0_.user_joining_pool_id as user_joi1_22_, userjoinin0_.user_created_at as user_cre2_22_, userjoinin0_.user_name as user_nam3_22_, userjoinin0_.user_phone_number as user_pho4_22_, userjoinin0_.user_user_id as user_use5_22_, userjoinin0_.user_user_password as user_use6_22_ from user_joining_pool userjoinin0_ where userjoinin0_.user_user_id=?
Hibernate: select character0_.character_id as characte1_6_, character0_.character_character_name as characte2_6_ from characters character0_ where character0_.character_character_name=?
Hibernate: insert into user (user_id, character_id, user_created_at, user_name, user_phone_number, user_user_id, user_user_password) values (default, ?, ?, ?, ?, ?, ?)
Hibernate: DELETE FROM USER_JOINING_POOL as JU where JU.USER_USER_ID =?
Hibernate: select user0_.user_id as col_0_0_ from user user0_ where user0_.user_user_id=? limit ?
Hibernate: select user0_.user_id as col_0_0_ from user user0_ where user0_.user_user_id=? limit ?
Hibernate: select U.* from USER U where U.USER_USER_ID =?
Hibernate: select character0_.character_id as characte1_6_0_, character0_.character_character_name as characte2_6_0_ from characters character0_ where character0_.character_id=?
Hibernate: select user0_.user_id as col_0_0_ from user user0_ where user0_.user_user_id=? limit ?
Hibernate: select user0_.user_id as col_0_0_ from user user0_ where user0_.user_user_id=? limit ?
Hibernate: select U.* from USER U where U.USER_USER_ID =?
Hibernate: select character0_.character_id as characte1_6_0_, character0_.character_character_name as characte2_6_0_ from characters character0_ where character0_.character_id=?
Hibernate: select user0_.user_id as user_id1_21_0_, user0_.character_id as characte7_21_0_, user0_.user_created_at as user_cre2_21_0_, user0_.user_name as user_nam3_21_0_, user0_.user_phone_number as user_pho4_21_0_, user0_.user_user_id as user_use5_21_0_, user0_.user_user_password as user_use6_21_0_ from user user0_ where user0_.user_id=?
Hibernate: select character0_.character_id as characte1_6_0_, character0_.character_character_name as characte2_6_0_ from characters character0_ where character0_.character_id=?
Hibernate: select count(*) as col_0_0_ from user user0_ where user0_.user_id=?
Hibernate: select character1_.character_id as characte1_6_, character1_.character_character_name as characte2_6_ from user user0_ inner join characters character1_ on user0_.character_id=character1_.character_id where user0_.user_id=?
Hibernate: select permission0_.character_id as characte6_12_0_, permission0_.permission_id as permissi1_12_0_, permission0_.permission_id as permissi1_12_1_, permission0_.character_id as characte6_12_1_, permission0_.permission_name as permissi2_12_1_, permission0_.permission_permission_unit_id as permissi3_12_1_, permission0_.permission_service as permissi4_12_1_, permission0_.permission_status as permissi5_12_1_ from permission permission0_ where permission0_.character_id=?
Hibernate: select category0_.category_id as col_0_0_ from category category0_ where category0_.category_name=? limit ?
Hibernate: select category0_.category_id as category1_5_1_, category0_.category_name as category2_5_1_, boardlist1_.category_id as category7_4_3_, boardlist1_.board_id as board_id1_4_3_, boardlist1_.board_id as board_id1_4_0_, boardlist1_.category_id as category7_4_0_, boardlist1_.board_content as board_co2_4_0_, boardlist1_.board_created_at as board_cr3_4_0_, boardlist1_.board_last_modified_at as board_la4_4_0_, boardlist1_.board_title as board_ti5_4_0_, boardlist1_.user_id as user_id8_4_0_, boardlist1_.board_views as board_vi6_4_0_ from category category0_ left outer join board boardlist1_ on category0_.category_id=boardlist1_.category_id where category0_.category_id=?
Hibernate: insert into category (category_id, category_name) values (default, ?)
Hibernate: select user0_.user_id as user_id1_21_0_, user0_.character_id as characte7_21_0_, user0_.user_created_at as user_cre2_21_0_, user0_.user_name as user_nam3_21_0_, user0_.user_phone_number as user_pho4_21_0_, user0_.user_user_id as user_use5_21_0_, user0_.user_user_password as user_use6_21_0_ from user user0_ where user0_.user_id=?
Hibernate: select character0_.character_id as characte1_6_0_, character0_.character_character_name as characte2_6_0_ from characters character0_ where character0_.character_id=?
Hibernate: select category0_.category_id as category1_5_, category0_.category_name as category2_5_ from category category0_
Hibernate: select boardlist0_.category_id as category7_4_0_, boardlist0_.board_id as board_id1_4_0_, boardlist0_.board_id as board_id1_4_1_, boardlist0_.category_id as category7_4_1_, boardlist0_.board_content as board_co2_4_1_, boardlist0_.board_created_at as board_cr3_4_1_, boardlist0_.board_last_modified_at as board_la4_4_1_, boardlist0_.board_title as board_ti5_4_1_, boardlist0_.user_id as user_id8_4_1_, boardlist0_.board_views as board_vi6_4_1_ from board boardlist0_ where boardlist0_.category_id=?
Hibernate: select boardlist0_.category_id as category7_4_0_, boardlist0_.board_id as board_id1_4_0_, boardlist0_.board_id as board_id1_4_1_, boardlist0_.category_id as category7_4_1_, boardlist0_.board_content as board_co2_4_1_, boardlist0_.board_created_at as board_cr3_4_1_, boardlist0_.board_last_modified_at as board_la4_4_1_, boardlist0_.board_title as board_ti5_4_1_, boardlist0_.user_id as user_id8_4_1_, boardlist0_.board_views as board_vi6_4_1_ from board boardlist0_ where boardlist0_.category_id=?
Hibernate: select boardlist0_.category_id as category7_4_0_, boardlist0_.board_id as board_id1_4_0_, boardlist0_.board_id as board_id1_4_1_, boardlist0_.category_id as category7_4_1_, boardlist0_.board_content as board_co2_4_1_, boardlist0_.board_created_at as board_cr3_4_1_, boardlist0_.board_last_modified_at as board_la4_4_1_, boardlist0_.board_title as board_ti5_4_1_, boardlist0_.user_id as user_id8_4_1_, boardlist0_.board_views as board_vi6_4_1_ from board boardlist0_ where boardlist0_.category_id=?
Hibernate: select user0_.user_id as user_id1_21_0_, user0_.character_id as characte7_21_0_, user0_.user_created_at as user_cre2_21_0_, user0_.user_name as user_nam3_21_0_, user0_.user_phone_number as user_pho4_21_0_, user0_.user_user_id as user_use5_21_0_, user0_.user_user_password as user_use6_21_0_ from user user0_ where user0_.user_id=?
Hibernate: select character0_.character_id as characte1_6_0_, character0_.character_character_name as characte2_6_0_ from characters character0_ where character0_.character_id=?
Hibernate: select count(*) as col_0_0_ from user user0_ where user0_.user_id=?
Hibernate: select character1_.character_id as characte1_6_, character1_.character_character_name as characte2_6_ from user user0_ inner join characters character1_ on user0_.character_id=character1_.character_id where user0_.user_id=?
Hibernate: select permission0_.character_id as characte6_12_0_, permission0_.permission_id as permissi1_12_0_, permission0_.permission_id as permissi1_12_1_, permission0_.character_id as characte6_12_1_, permission0_.permission_name as permissi2_12_1_, permission0_.permission_permission_unit_id as permissi3_12_1_, permission0_.permission_service as permissi4_12_1_, permission0_.permission_status as permissi5_12_1_ from permission permission0_ where permission0_.character_id=?
Hibernate: select count(*) as col_0_0_ from category category0_ where category0_.category_id=?
Hibernate: insert into filename (filename_id, filename_origin, filename_uuid) values (default, ?, ?)
Hibernate: insert into filename (filename_id, filename_origin, filename_uuid) values (default, ?, ?)
Hibernate: select category0_.category_id as category1_5_0_, category0_.category_name as category2_5_0_ from category category0_ where category0_.category_id=?
Hibernate: insert into board (board_id, category_id, board_content, board_created_at, board_last_modified_at, board_title, user_id, board_views) values (default, ?, ?, ?, ?, ?, ?, ?)
Hibernate: insert into reaction (reaction_id, board_id, reaction_type) values (default, ?, ?)
Hibernate: insert into reaction (reaction_id, board_id, reaction_type) values (default, ?, ?)
Hibernate: insert into reaction (reaction_id, board_id, reaction_type) values (default, ?, ?)
Hibernate: insert into reaction (reaction_id, board_id, reaction_type) values (default, ?, ?)
Hibernate: insert into reaction (reaction_id, board_id, reaction_type) values (default, ?, ?)
Hibernate: insert into reaction (reaction_id, board_id, reaction_type) values (default, ?, ?)
Hibernate: insert into file_path_list (board_board_id, board_file_path_list) values (?, ?)
Hibernate: insert into image_path_list (board_board_id, board_image_path_list) values (?, ?)
Hibernate: select user0_.user_id as user_id1_21_0_, user0_.character_id as characte7_21_0_, user0_.user_created_at as user_cre2_21_0_, user0_.user_name as user_nam3_21_0_, user0_.user_phone_number as user_pho4_21_0_, user0_.user_user_id as user_use5_21_0_, user0_.user_user_password as user_use6_21_0_ from user user0_ where user0_.user_id=?
Hibernate: select character0_.character_id as characte1_6_0_, character0_.character_character_name as characte2_6_0_ from characters character0_ where character0_.character_id=?
Hibernate: select count(*) as col_0_0_ from board board0_
Hibernate: select board0_.board_id as board_id1_4_, board0_.category_id as category7_4_, board0_.board_content as board_co2_4_, board0_.board_created_at as board_cr3_4_, board0_.board_last_modified_at as board_la4_4_, board0_.board_title as board_ti5_4_, board0_.user_id as user_id8_4_, board0_.board_views as board_vi6_4_ from board board0_ limit ?
Hibernate: select category0_.category_id as category1_5_0_, category0_.category_name as category2_5_0_ from category category0_ where category0_.category_id=?
Hibernate: select user0_.user_id as user_id1_21_0_, user0_.character_id as characte7_21_0_, user0_.user_created_at as user_cre2_21_0_, user0_.user_name as user_nam3_21_0_, user0_.user_phone_number as user_pho4_21_0_, user0_.user_user_id as user_use5_21_0_, user0_.user_user_password as user_use6_21_0_ from user user0_ where user0_.user_id=?
Hibernate: select character0_.character_id as characte1_6_0_, character0_.character_character_name as characte2_6_0_ from characters character0_ where character0_.character_id=?
Hibernate: select reactionli0_.board_id as board_id3_13_0_, reactionli0_.reaction_id as reaction1_13_0_, reactionli0_.reaction_id as reaction1_13_1_, reactionli0_.board_id as board_id3_13_1_, reactionli0_.reaction_type as reaction2_13_1_ from reaction reactionli0_ where reactionli0_.board_id=?
Hibernate: select reactionus0_.reaction_id as reaction2_14_0_, reactionus0_.reaction_user_id as reaction1_14_0_, reactionus0_.reaction_user_id as reaction1_14_1_, reactionus0_.reaction_id as reaction2_14_1_, reactionus0_.user_id as user_id3_14_1_ from reaction_user reactionus0_ where reactionus0_.reaction_id=?
Hibernate: select reactionus0_.reaction_id as reaction2_14_0_, reactionus0_.reaction_user_id as reaction1_14_0_, reactionus0_.reaction_user_id as reaction1_14_1_, reactionus0_.reaction_id as reaction2_14_1_, reactionus0_.user_id as user_id3_14_1_ from reaction_user reactionus0_ where reactionus0_.reaction_id=?
Hibernate: select reactionus0_.reaction_id as reaction2_14_0_, reactionus0_.reaction_user_id as reaction1_14_0_, reactionus0_.reaction_user_id as reaction1_14_1_, reactionus0_.reaction_id as reaction2_14_1_, reactionus0_.user_id as user_id3_14_1_ from reaction_user reactionus0_ where reactionus0_.reaction_id=?
Hibernate: select reactionus0_.reaction_id as reaction2_14_0_, reactionus0_.reaction_user_id as reaction1_14_0_, reactionus0_.reaction_user_id as reaction1_14_1_, reactionus0_.reaction_id as reaction2_14_1_, reactionus0_.user_id as user_id3_14_1_ from reaction_user reactionus0_ where reactionus0_.reaction_id=?
Hibernate: select reactionus0_.reaction_id as reaction2_14_0_, reactionus0_.reaction_user_id as reaction1_14_0_, reactionus0_.reaction_user_id as reaction1_14_1_, reactionus0_.reaction_id as reaction2_14_1_, reactionus0_.user_id as user_id3_14_1_ from reaction_user reactionus0_ where reactionus0_.reaction_id=?
Hibernate: select reactionus0_.reaction_id as reaction2_14_0_, reactionus0_.reaction_user_id as reaction1_14_0_, reactionus0_.reaction_user_id as reaction1_14_1_, reactionus0_.reaction_id as reaction2_14_1_, reactionus0_.user_id as user_id3_14_1_ from reaction_user reactionus0_ where reactionus0_.reaction_id=?
Hibernate: select commentlis0_.board_id as board_id5_7_0_, commentlis0_.comment_id as comment_1_7_0_, commentlis0_.comment_id as comment_1_7_1_, commentlis0_.board_id as board_id5_7_1_, commentlis0_.comment_content as comment_2_7_1_, commentlis0_.comment_created_at as comment_3_7_1_, commentlis0_.comment_last_modified_at as comment_4_7_1_, commentlis0_.user_id as user_id6_7_1_ from comment commentlis0_ where commentlis0_.board_id=?
Hibernate: select boardlist0_.category_id as category7_4_0_, boardlist0_.board_id as board_id1_4_0_, boardlist0_.board_id as board_id1_4_1_, boardlist0_.category_id as category7_4_1_, boardlist0_.board_content as board_co2_4_1_, boardlist0_.board_created_at as board_cr3_4_1_, boardlist0_.board_last_modified_at as board_la4_4_1_, boardlist0_.board_title as board_ti5_4_1_, boardlist0_.user_id as user_id8_4_1_, boardlist0_.board_views as board_vi6_4_1_ from board boardlist0_ where boardlist0_.category_id=?
Hibernate: select count(comment0_.comment_id) as col_0_0_ from comment comment0_ where comment0_.board_id=?
Hibernate: select count(*) as col_0_0_ from board board0_
Hibernate: select imagepathl0_.board_board_id as board_bo1_11_0_, imagepathl0_.board_image_path_list as board_im2_11_0_ from image_path_list imagepathl0_ where imagepathl0_.board_board_id=?
Hibernate: select filename0_.filename_id as filename1_9_, filename0_.filename_origin as filename2_9_, filename0_.filename_uuid as filename3_9_ from filename filename0_ where filename0_.filename_uuid=?
Hibernate: select filepathli0_.board_board_id as board_bo1_8_0_, filepathli0_.board_file_path_list as board_fi2_8_0_ from file_path_list filepathli0_ where filepathli0_.board_board_id=?
Hibernate: select filename0_.filename_id as filename1_9_, filename0_.filename_origin as filename2_9_, filename0_.filename_uuid as filename3_9_ from filename filename0_ where filename0_.filename_uuid=?
Hibernate: select user0_.user_id as user_id1_21_0_, user0_.character_id as characte7_21_0_, user0_.user_created_at as user_cre2_21_0_, user0_.user_name as user_nam3_21_0_, user0_.user_phone_number as user_pho4_21_0_, user0_.user_user_id as user_use5_21_0_, user0_.user_user_password as user_use6_21_0_ from user user0_ where user0_.user_id=?
Hibernate: select character0_.character_id as characte1_6_0_, character0_.character_character_name as characte2_6_0_ from characters character0_ where character0_.character_id=?
Hibernate: select category0_.category_id as category1_5_, category0_.category_name as category2_5_ from category category0_
Hibernate: select boardlist0_.category_id as category7_4_0_, boardlist0_.board_id as board_id1_4_0_, boardlist0_.board_id as board_id1_4_1_, boardlist0_.category_id as category7_4_1_, boardlist0_.board_content as board_co2_4_1_, boardlist0_.board_created_at as board_cr3_4_1_, boardlist0_.board_last_modified_at as board_la4_4_1_, boardlist0_.board_title as board_ti5_4_1_, boardlist0_.user_id as user_id8_4_1_, boardlist0_.board_views as board_vi6_4_1_ from board boardlist0_ where boardlist0_.category_id=?
Hibernate: select user0_.user_id as user_id1_21_0_, user0_.character_id as characte7_21_0_, user0_.user_created_at as user_cre2_21_0_, user0_.user_name as user_nam3_21_0_, user0_.user_phone_number as user_pho4_21_0_, user0_.user_user_id as user_use5_21_0_, user0_.user_user_password as user_use6_21_0_ from user user0_ where user0_.user_id=?
Hibernate: select character0_.character_id as characte1_6_0_, character0_.character_character_name as characte2_6_0_ from characters character0_ where character0_.character_id=?
Hibernate: select boardlist0_.category_id as category7_4_0_, boardlist0_.board_id as board_id1_4_0_, boardlist0_.board_id as board_id1_4_1_, boardlist0_.category_id as category7_4_1_, boardlist0_.board_content as board_co2_4_1_, boardlist0_.board_created_at as board_cr3_4_1_, boardlist0_.board_last_modified_at as board_la4_4_1_, boardlist0_.board_title as board_ti5_4_1_, boardlist0_.user_id as user_id8_4_1_, boardlist0_.board_views as board_vi6_4_1_ from board boardlist0_ where boardlist0_.category_id=?
Hibernate: select boardlist0_.category_id as category7_4_0_, boardlist0_.board_id as board_id1_4_0_, boardlist0_.board_id as board_id1_4_1_, boardlist0_.category_id as category7_4_1_, boardlist0_.board_content as board_co2_4_1_, boardlist0_.board_created_at as board_cr3_4_1_, boardlist0_.board_last_modified_at as board_la4_4_1_, boardlist0_.board_title as board_ti5_4_1_, boardlist0_.user_id as user_id8_4_1_, boardlist0_.board_views as board_vi6_4_1_ from board boardlist0_ where boardlist0_.category_id=?
Hibernate: select U.* from USER U join BOARD B where U.USER_ID = B.USER_ID and B.BOARD_ID = ?
Hibernate: select character0_.character_id as characte1_6_0_, character0_.character_character_name as characte2_6_0_ from characters character0_ where character0_.character_id=?
Hibernate: select count(*) as col_0_0_ from user user0_ where user0_.user_id=?
Hibernate: select character1_.character_id as characte1_6_, character1_.character_character_name as characte2_6_ from user user0_ inner join characters character1_ on user0_.character_id=character1_.character_id where user0_.user_id=?
Hibernate: select permission0_.character_id as characte6_12_0_, permission0_.permission_id as permissi1_12_0_, permission0_.permission_id as permissi1_12_1_, permission0_.character_id as characte6_12_1_, permission0_.permission_name as permissi2_12_1_, permission0_.permission_permission_unit_id as permissi3_12_1_, permission0_.permission_service as permissi4_12_1_, permission0_.permission_status as permissi5_12_1_ from permission permission0_ where permission0_.character_id=?
Hibernate: select user0_.user_id as col_0_0_ from user user0_ where user0_.user_user_id=? limit ?
Hibernate: select user0_.user_id as col_0_0_ from user user0_ where user0_.user_user_id=? limit ?
Hibernate: select U.* from USER U where U.USER_USER_ID =?
Hibernate: select character0_.character_id as characte1_6_0_, character0_.character_character_name as characte2_6_0_ from characters character0_ where character0_.character_id=?
Hibernate: select user0_.user_id as user_id1_21_0_, user0_.character_id as characte7_21_0_, user0_.user_created_at as user_cre2_21_0_, user0_.user_name as user_nam3_21_0_, user0_.user_phone_number as user_pho4_21_0_, user0_.user_user_id as user_use5_21_0_, user0_.user_user_password as user_use6_21_0_ from user user0_ where user0_.user_id=?
Hibernate: select character0_.character_id as characte1_6_0_, character0_.character_character_name as characte2_6_0_ from characters character0_ where character0_.character_id=?
Hibernate: select count(*) as col_0_0_ from board board0_
Hibernate: select board0_.board_id as board_id1_4_, board0_.category_id as category7_4_, board0_.board_content as board_co2_4_, board0_.board_created_at as board_cr3_4_, board0_.board_last_modified_at as board_la4_4_, board0_.board_title as board_ti5_4_, board0_.user_id as user_id8_4_, board0_.board_views as board_vi6_4_ from board board0_ limit ?
Hibernate: select category0_.category_id as category1_5_0_, category0_.category_name as category2_5_0_ from category category0_ where category0_.category_id=?
Hibernate: select reactionli0_.board_id as board_id3_13_0_, reactionli0_.reaction_id as reaction1_13_0_, reactionli0_.reaction_id as reaction1_13_1_, reactionli0_.board_id as board_id3_13_1_, reactionli0_.reaction_type as reaction2_13_1_ from reaction reactionli0_ where reactionli0_.board_id=?
Hibernate: select reactionus0_.reaction_id as reaction2_14_0_, reactionus0_.reaction_user_id as reaction1_14_0_, reactionus0_.reaction_user_id as reaction1_14_1_, reactionus0_.reaction_id as reaction2_14_1_, reactionus0_.user_id as user_id3_14_1_ from reaction_user reactionus0_ where reactionus0_.reaction_id=?
Hibernate: select reactionus0_.reaction_id as reaction2_14_0_, reactionus0_.reaction_user_id as reaction1_14_0_, reactionus0_.reaction_user_id as reaction1_14_1_, reactionus0_.reaction_id as reaction2_14_1_, reactionus0_.user_id as user_id3_14_1_ from reaction_user reactionus0_ where reactionus0_.reaction_id=?
Hibernate: select reactionus0_.reaction_id as reaction2_14_0_, reactionus0_.reaction_user_id as reaction1_14_0_, reactionus0_.reaction_user_id as reaction1_14_1_, reactionus0_.reaction_id as reaction2_14_1_, reactionus0_.user_id as user_id3_14_1_ from reaction_user reactionus0_ where reactionus0_.reaction_id=?
Hibernate: select reactionus0_.reaction_id as reaction2_14_0_, reactionus0_.reaction_user_id as reaction1_14_0_, reactionus0_.reaction_user_id as reaction1_14_1_, reactionus0_.reaction_id as reaction2_14_1_, reactionus0_.user_id as user_id3_14_1_ from reaction_user reactionus0_ where reactionus0_.reaction_id=?
Hibernate: select reactionus0_.reaction_id as reaction2_14_0_, reactionus0_.reaction_user_id as reaction1_14_0_, reactionus0_.reaction_user_id as reaction1_14_1_, reactionus0_.reaction_id as reaction2_14_1_, reactionus0_.user_id as user_id3_14_1_ from reaction_user reactionus0_ where reactionus0_.reaction_id=?
Hibernate: select reactionus0_.reaction_id as reaction2_14_0_, reactionus0_.reaction_user_id as reaction1_14_0_, reactionus0_.reaction_user_id as reaction1_14_1_, reactionus0_.reaction_id as reaction2_14_1_, reactionus0_.user_id as user_id3_14_1_ from reaction_user reactionus0_ where reactionus0_.reaction_id=?
Hibernate: select commentlis0_.board_id as board_id5_7_0_, commentlis0_.comment_id as comment_1_7_0_, commentlis0_.comment_id as comment_1_7_1_, commentlis0_.board_id as board_id5_7_1_, commentlis0_.comment_content as comment_2_7_1_, commentlis0_.comment_created_at as comment_3_7_1_, commentlis0_.comment_last_modified_at as comment_4_7_1_, commentlis0_.user_id as user_id6_7_1_ from comment commentlis0_ where commentlis0_.board_id=?
Hibernate: select boardlist0_.category_id as category7_4_0_, boardlist0_.board_id as board_id1_4_0_, boardlist0_.board_id as board_id1_4_1_, boardlist0_.category_id as category7_4_1_, boardlist0_.board_content as board_co2_4_1_, boardlist0_.board_created_at as board_cr3_4_1_, boardlist0_.board_last_modified_at as board_la4_4_1_, boardlist0_.board_title as board_ti5_4_1_, boardlist0_.user_id as user_id8_4_1_, boardlist0_.board_views as board_vi6_4_1_ from board boardlist0_ where boardlist0_.category_id=?
Hibernate: select count(comment0_.comment_id) as col_0_0_ from comment comment0_ where comment0_.board_id=?
Hibernate: select count(*) as col_0_0_ from board board0_
Hibernate: select imagepathl0_.board_board_id as board_bo1_11_0_, imagepathl0_.board_image_path_list as board_im2_11_0_ from image_path_list imagepathl0_ where imagepathl0_.board_board_id=?
Hibernate: select filename0_.filename_id as filename1_9_, filename0_.filename_origin as filename2_9_, filename0_.filename_uuid as filename3_9_ from filename filename0_ where filename0_.filename_uuid=?
Hibernate: select filepathli0_.board_board_id as board_bo1_8_0_, filepathli0_.board_file_path_list as board_fi2_8_0_ from file_path_list filepathli0_ where filepathli0_.board_board_id=?
Hibernate: select filename0_.filename_id as filename1_9_, filename0_.filename_origin as filename2_9_, filename0_.filename_uuid as filename3_9_ from filename filename0_ where filename0_.filename_uuid=?
Hibernate: select U.* from USER U join BOARD B where U.USER_ID = B.USER_ID and B.BOARD_ID = ?
Hibernate: select character0_.character_id as characte1_6_0_, character0_.character_character_name as characte2_6_0_ from characters character0_ where character0_.character_id=?
Hibernate: select count(*) as col_0_0_ from user user0_ where user0_.user_id=?
Hibernate: select character1_.character_id as characte1_6_, character1_.character_character_name as characte2_6_ from user user0_ inner join characters character1_ on user0_.character_id=character1_.character_id where user0_.user_id=?
Hibernate: select permission0_.character_id as characte6_12_0_, permission0_.permission_id as permissi1_12_0_, permission0_.permission_id as permissi1_12_1_, permission0_.character_id as characte6_12_1_, permission0_.permission_name as permissi2_12_1_, permission0_.permission_permission_unit_id as permissi3_12_1_, permission0_.permission_service as permissi4_12_1_, permission0_.permission_status as permissi5_12_1_ from permission permission0_ where permission0_.character_id=?
Hibernate: select count(*) as col_0_0_ from board board0_ where board0_.board_id=?
Hibernate: select board0_.board_id as board_id1_4_0_, board0_.category_id as category7_4_0_, board0_.board_content as board_co2_4_0_, board0_.board_created_at as board_cr3_4_0_, board0_.board_last_modified_at as board_la4_4_0_, board0_.board_title as board_ti5_4_0_, board0_.user_id as user_id8_4_0_, board0_.board_views as board_vi6_4_0_ from board board0_ where board0_.board_id=?
Hibernate: select category0_.category_id as category1_5_0_, category0_.category_name as category2_5_0_ from category category0_ where category0_.category_id=?
Hibernate: select reactionli0_.board_id as board_id3_13_0_, reactionli0_.reaction_id as reaction1_13_0_, reactionli0_.reaction_id as reaction1_13_1_, reactionli0_.board_id as board_id3_13_1_, reactionli0_.reaction_type as reaction2_13_1_ from reaction reactionli0_ where reactionli0_.board_id=?
Hibernate: select reactionus0_.reaction_id as reaction2_14_0_, reactionus0_.reaction_user_id as reaction1_14_0_, reactionus0_.reaction_user_id as reaction1_14_1_, reactionus0_.reaction_id as reaction2_14_1_, reactionus0_.user_id as user_id3_14_1_ from reaction_user reactionus0_ where reactionus0_.reaction_id=?
Hibernate: select reactionus0_.reaction_id as reaction2_14_0_, reactionus0_.reaction_user_id as reaction1_14_0_, reactionus0_.reaction_user_id as reaction1_14_1_, reactionus0_.reaction_id as reaction2_14_1_, reactionus0_.user_id as user_id3_14_1_ from reaction_user reactionus0_ where reactionus0_.reaction_id=?
Hibernate: select reactionus0_.reaction_id as reaction2_14_0_, reactionus0_.reaction_user_id as reaction1_14_0_, reactionus0_.reaction_user_id as reaction1_14_1_, reactionus0_.reaction_id as reaction2_14_1_, reactionus0_.user_id as user_id3_14_1_ from reaction_user reactionus0_ where reactionus0_.reaction_id=?
Hibernate: select reactionus0_.reaction_id as reaction2_14_0_, reactionus0_.reaction_user_id as reaction1_14_0_, reactionus0_.reaction_user_id as reaction1_14_1_, reactionus0_.reaction_id as reaction2_14_1_, reactionus0_.user_id as user_id3_14_1_ from reaction_user reactionus0_ where reactionus0_.reaction_id=?
Hibernate: select reactionus0_.reaction_id as reaction2_14_0_, reactionus0_.reaction_user_id as reaction1_14_0_, reactionus0_.reaction_user_id as reaction1_14_1_, reactionus0_.reaction_id as reaction2_14_1_, reactionus0_.user_id as user_id3_14_1_ from reaction_user reactionus0_ where reactionus0_.reaction_id=?
Hibernate: select reactionus0_.reaction_id as reaction2_14_0_, reactionus0_.reaction_user_id as reaction1_14_0_, reactionus0_.reaction_user_id as reaction1_14_1_, reactionus0_.reaction_id as reaction2_14_1_, reactionus0_.user_id as user_id3_14_1_ from reaction_user reactionus0_ where reactionus0_.reaction_id=?
Hibernate: select commentlis0_.board_id as board_id5_7_0_, commentlis0_.comment_id as comment_1_7_0_, commentlis0_.comment_id as comment_1_7_1_, commentlis0_.board_id as board_id5_7_1_, commentlis0_.comment_content as comment_2_7_1_, commentlis0_.comment_created_at as comment_3_7_1_, commentlis0_.comment_last_modified_at as comment_4_7_1_, commentlis0_.user_id as user_id6_7_1_ from comment commentlis0_ where commentlis0_.board_id=?
Hibernate: select boardlist0_.category_id as category7_4_0_, boardlist0_.board_id as board_id1_4_0_, boardlist0_.board_id as board_id1_4_1_, boardlist0_.category_id as category7_4_1_, boardlist0_.board_content as board_co2_4_1_, boardlist0_.board_created_at as board_cr3_4_1_, boardlist0_.board_last_modified_at as board_la4_4_1_, boardlist0_.board_title as board_ti5_4_1_, boardlist0_.user_id as user_id8_4_1_, boardlist0_.board_views as board_vi6_4_1_ from board boardlist0_ where boardlist0_.category_id=?
Hibernate: select count(comment0_.comment_id) as col_0_0_ from comment comment0_ where comment0_.board_id=?
Hibernate: update board set category_id=?, board_content=?, board_created_at=?, board_last_modified_at=?, board_title=?, user_id=?, board_views=? where board_id=?
Hibernate: select filepathli0_.board_board_id as board_bo1_8_0_, filepathli0_.board_file_path_list as board_fi2_8_0_ from file_path_list filepathli0_ where filepathli0_.board_board_id=?
Hibernate: select filename0_.filename_id as filename1_9_, filename0_.filename_origin as filename2_9_, filename0_.filename_uuid as filename3_9_ from filename filename0_ where filename0_.filename_uuid=?
Hibernate: delete from filename where filename_id=?
Hibernate: select imagepathl0_.board_board_id as board_bo1_11_0_, imagepathl0_.board_image_path_list as board_im2_11_0_ from image_path_list imagepathl0_ where imagepathl0_.board_board_id=?
Hibernate: select filename0_.filename_id as filename1_9_, filename0_.filename_origin as filename2_9_, filename0_.filename_uuid as filename3_9_ from filename filename0_ where filename0_.filename_uuid=?
Hibernate: delete from filename where filename_id=?
Hibernate: select count(*) as col_0_0_ from board board0_ where board0_.board_id=?
Hibernate: delete from file_path_list where board_board_id=?
Hibernate: delete from image_path_list where board_board_id=?
Hibernate: delete from reaction where reaction_id=?
Hibernate: delete from reaction where reaction_id=?
Hibernate: delete from reaction where reaction_id=?
Hibernate: delete from reaction where reaction_id=?
Hibernate: delete from reaction where reaction_id=?
Hibernate: delete from reaction where reaction_id=?
Hibernate: delete from board where board_id=?
Hibernate: select user0_.user_id as user_id1_21_0_, user0_.character_id as characte7_21_0_, user0_.user_created_at as user_cre2_21_0_, user0_.user_name as user_nam3_21_0_, user0_.user_phone_number as user_pho4_21_0_, user0_.user_user_id as user_use5_21_0_, user0_.user_user_password as user_use6_21_0_ from user user0_ where user0_.user_id=?
Hibernate: select character0_.character_id as characte1_6_0_, character0_.character_character_name as characte2_6_0_ from characters character0_ where character0_.character_id=?
Hibernate: select count(*) as col_0_0_ from user user0_ where user0_.user_id=?
Hibernate: select character1_.character_id as characte1_6_, character1_.character_character_name as characte2_6_ from user user0_ inner join characters character1_ on user0_.character_id=character1_.character_id where user0_.user_id=?
Hibernate: select permission0_.character_id as characte6_12_0_, permission0_.permission_id as permissi1_12_0_, permission0_.permission_id as permissi1_12_1_, permission0_.character_id as characte6_12_1_, permission0_.permission_name as permissi2_12_1_, permission0_.permission_permission_unit_id as permissi3_12_1_, permission0_.permission_service as permissi4_12_1_, permission0_.permission_status as permissi5_12_1_ from permission permission0_ where permission0_.character_id=?
Hibernate: select count(*) as col_0_0_ from board board0_ where board0_.board_id=?
Hibernate: select user0_.user_id as col_0_0_ from user user0_ where user0_.user_user_id=? limit ?
Hibernate: select user0_.user_id as col_0_0_ from user user0_ where user0_.user_user_id=? limit ?
Hibernate: select U.* from USER U where U.USER_USER_ID =?
Hibernate: select character0_.character_id as characte1_6_0_, character0_.character_character_name as characte2_6_0_ from characters character0_ where character0_.character_id=?
Hibernate: select user0_.user_id as user_id1_21_0_, user0_.character_id as characte7_21_0_, user0_.user_created_at as user_cre2_21_0_, user0_.user_name as user_nam3_21_0_, user0_.user_phone_number as user_pho4_21_0_, user0_.user_user_id as user_use5_21_0_, user0_.user_user_password as user_use6_21_0_ from user user0_ where user0_.user_id=?
Hibernate: select character0_.character_id as characte1_6_0_, character0_.character_character_name as characte2_6_0_ from characters character0_ where character0_.character_id=?
Hibernate: select category0_.category_id as category1_5_, category0_.category_name as category2_5_ from category category0_
Hibernate: select boardlist0_.category_id as category7_4_0_, boardlist0_.board_id as board_id1_4_0_, boardlist0_.board_id as board_id1_4_1_, boardlist0_.category_id as category7_4_1_, boardlist0_.board_content as board_co2_4_1_, boardlist0_.board_created_at as board_cr3_4_1_, boardlist0_.board_last_modified_at as board_la4_4_1_, boardlist0_.board_title as board_ti5_4_1_, boardlist0_.user_id as user_id8_4_1_, boardlist0_.board_views as board_vi6_4_1_ from board boardlist0_ where boardlist0_.category_id=?
Hibernate: select boardlist0_.category_id as category7_4_0_, boardlist0_.board_id as board_id1_4_0_, boardlist0_.board_id as board_id1_4_1_, boardlist0_.category_id as category7_4_1_, boardlist0_.board_content as board_co2_4_1_, boardlist0_.board_created_at as board_cr3_4_1_, boardlist0_.board_last_modified_at as board_la4_4_1_, boardlist0_.board_title as board_ti5_4_1_, boardlist0_.user_id as user_id8_4_1_, boardlist0_.board_views as board_vi6_4_1_ from board boardlist0_ where boardlist0_.category_id=?
Hibernate: select boardlist0_.category_id as category7_4_0_, boardlist0_.board_id as board_id1_4_0_, boardlist0_.board_id as board_id1_4_1_, boardlist0_.category_id as category7_4_1_, boardlist0_.board_content as board_co2_4_1_, boardlist0_.board_created_at as board_cr3_4_1_, boardlist0_.board_last_modified_at as board_la4_4_1_, boardlist0_.board_title as board_ti5_4_1_, boardlist0_.user_id as user_id8_4_1_, boardlist0_.board_views as board_vi6_4_1_ from board boardlist0_ where boardlist0_.category_id=?
Hibernate: select user0_.user_id as user_id1_21_0_, user0_.character_id as characte7_21_0_, user0_.user_created_at as user_cre2_21_0_, user0_.user_name as user_nam3_21_0_, user0_.user_phone_number as user_pho4_21_0_, user0_.user_user_id as user_use5_21_0_, user0_.user_user_password as user_use6_21_0_ from user user0_ where user0_.user_id=?
Hibernate: select character0_.character_id as characte1_6_0_, character0_.character_character_name as characte2_6_0_ from characters character0_ where character0_.character_id=?
Hibernate: select count(*) as col_0_0_ from user user0_ where user0_.user_id=?
Hibernate: select character1_.character_id as characte1_6_, character1_.character_character_name as characte2_6_ from user user0_ inner join characters character1_ on user0_.character_id=character1_.character_id where user0_.user_id=?
Hibernate: select permission0_.character_id as characte6_12_0_, permission0_.permission_id as permissi1_12_0_, permission0_.permission_id as permissi1_12_1_, permission0_.character_id as characte6_12_1_, permission0_.permission_name as permissi2_12_1_, permission0_.permission_permission_unit_id as permissi3_12_1_, permission0_.permission_service as permissi4_12_1_, permission0_.permission_status as permissi5_12_1_ from permission permission0_ where permission0_.character_id=?
Hibernate: select count(*) as col_0_0_ from category category0_ where category0_.category_id=?
Hibernate: select count(board0_.board_id) as col_0_0_ from board board0_ where board0_.category_id=?
Hibernate: select category0_.category_id as category1_5_0_, category0_.category_name as category2_5_0_ from category category0_ where category0_.category_id=?
Hibernate: select boardlist0_.category_id as category7_4_0_, boardlist0_.board_id as board_id1_4_0_, boardlist0_.board_id as board_id1_4_1_, boardlist0_.category_id as category7_4_1_, boardlist0_.board_content as board_co2_4_1_, boardlist0_.board_created_at as board_cr3_4_1_, boardlist0_.board_last_modified_at as board_la4_4_1_, boardlist0_.board_title as board_ti5_4_1_, boardlist0_.user_id as user_id8_4_1_, boardlist0_.board_views as board_vi6_4_1_ from board boardlist0_ where boardlist0_.category_id=?
Hibernate: delete from category where category_id=?
Hibernate: select user0_.user_id as user_id1_21_0_, user0_.character_id as characte7_21_0_, user0_.user_created_at as user_cre2_21_0_, user0_.user_name as user_nam3_21_0_, user0_.user_phone_number as user_pho4_21_0_, user0_.user_user_id as user_use5_21_0_, user0_.user_user_password as user_use6_21_0_ from user user0_ where user0_.user_id=?
Hibernate: select character0_.character_id as characte1_6_0_, character0_.character_character_name as characte2_6_0_ from characters character0_ where character0_.character_id=?
Hibernate: select count(*) as col_0_0_ from user user0_ where user0_.user_id=?
Hibernate: select character1_.character_id as characte1_6_, character1_.character_character_name as characte2_6_ from user user0_ inner join characters character1_ on user0_.character_id=character1_.character_id where user0_.user_id=?
Hibernate: select permission0_.character_id as characte6_12_0_, permission0_.permission_id as permissi1_12_0_, permission0_.permission_id as permissi1_12_1_, permission0_.character_id as characte6_12_1_, permission0_.permission_name as permissi2_12_1_, permission0_.permission_permission_unit_id as permissi3_12_1_, permission0_.permission_service as permissi4_12_1_, permission0_.permission_status as permissi5_12_1_ from permission permission0_ where permission0_.character_id=?
Hibernate: select count(*) as col_0_0_ from category category0_ where category0_.category_id=?
Hibernate: select count(board0_.board_id) as col_0_0_ from board board0_ where board0_.category_id=?
Hibernate: select category0_.category_id as category1_5_0_, category0_.category_name as category2_5_0_ from category category0_ where category0_.category_id=?
Hibernate: select boardlist0_.category_id as category7_4_0_, boardlist0_.board_id as board_id1_4_0_, boardlist0_.board_id as board_id1_4_1_, boardlist0_.category_id as category7_4_1_, boardlist0_.board_content as board_co2_4_1_, boardlist0_.board_created_at as board_cr3_4_1_, boardlist0_.board_last_modified_at as board_la4_4_1_, boardlist0_.board_title as board_ti5_4_1_, boardlist0_.user_id as user_id8_4_1_, boardlist0_.board_views as board_vi6_4_1_ from board boardlist0_ where boardlist0_.category_id=?
Hibernate: delete from category where category_id=?
Hibernate: select user0_.user_id as user_id1_21_0_, user0_.character_id as characte7_21_0_, user0_.user_created_at as user_cre2_21_0_, user0_.user_name as user_nam3_21_0_, user0_.user_phone_number as user_pho4_21_0_, user0_.user_user_id as user_use5_21_0_, user0_.user_user_password as user_use6_21_0_ from user user0_ where user0_.user_id=?
Hibernate: select character0_.character_id as characte1_6_0_, character0_.character_character_name as characte2_6_0_ from characters character0_ where character0_.character_id=?
Hibernate: select count(*) as col_0_0_ from user user0_ where user0_.user_id=?
Hibernate: select character1_.character_id as characte1_6_, character1_.character_character_name as characte2_6_ from user user0_ inner join characters character1_ on user0_.character_id=character1_.character_id where user0_.user_id=?
Hibernate: select permission0_.character_id as characte6_12_0_, permission0_.permission_id as permissi1_12_0_, permission0_.permission_id as permissi1_12_1_, permission0_.character_id as characte6_12_1_, permission0_.permission_name as permissi2_12_1_, permission0_.permission_permission_unit_id as permissi3_12_1_, permission0_.permission_service as permissi4_12_1_, permission0_.permission_status as permissi5_12_1_ from permission permission0_ where permission0_.character_id=?
Hibernate: select count(*) as col_0_0_ from category category0_ where category0_.category_id=?
Hibernate: select count(board0_.board_id) as col_0_0_ from board board0_ where board0_.category_id=?
Hibernate: select category0_.category_id as category1_5_0_, category0_.category_name as category2_5_0_ from category category0_ where category0_.category_id=?
Hibernate: select boardlist0_.category_id as category7_4_0_, boardlist0_.board_id as board_id1_4_0_, boardlist0_.board_id as board_id1_4_1_, boardlist0_.category_id as category7_4_1_, boardlist0_.board_content as board_co2_4_1_, boardlist0_.board_created_at as board_cr3_4_1_, boardlist0_.board_last_modified_at as board_la4_4_1_, boardlist0_.board_title as board_ti5_4_1_, boardlist0_.user_id as user_id8_4_1_, boardlist0_.board_views as board_vi6_4_1_ from board boardlist0_ where boardlist0_.category_id=?
Hibernate: delete from category where category_id=?
Hibernate: select user0_.user_id as user_id1_21_0_, user0_.character_id as characte7_21_0_, user0_.user_created_at as user_cre2_21_0_, user0_.user_name as user_nam3_21_0_, user0_.user_phone_number as user_pho4_21_0_, user0_.user_user_id as user_use5_21_0_, user0_.user_user_password as user_use6_21_0_ from user user0_ where user0_.user_id=?
Hibernate: select character0_.character_id as characte1_6_0_, character0_.character_character_name as characte2_6_0_ from characters character0_ where character0_.character_id=?
Hibernate: select count(*) as col_0_0_ from user user0_ where user0_.user_id=?
Hibernate: select character1_.character_id as characte1_6_, character1_.character_character_name as characte2_6_ from user user0_ inner join characters character1_ on user0_.character_id=character1_.character_id where user0_.user_id=?
Hibernate: select permission0_.character_id as characte6_12_0_, permission0_.permission_id as permissi1_12_0_, permission0_.permission_id as permissi1_12_1_, permission0_.character_id as characte6_12_1_, permission0_.permission_name as permissi2_12_1_, permission0_.permission_permission_unit_id as permissi3_12_1_, permission0_.permission_service as permissi4_12_1_, permission0_.permission_status as permissi5_12_1_ from permission permission0_ where permission0_.character_id=?
Hibernate: select category0_.category_id as col_0_0_ from category category0_ where category0_.category_name=? limit ?
Hibernate: select category0_.category_id as category1_5_1_, category0_.category_name as category2_5_1_, boardlist1_.category_id as category7_4_3_, boardlist1_.board_id as board_id1_4_3_, boardlist1_.board_id as board_id1_4_0_, boardlist1_.category_id as category7_4_0_, boardlist1_.board_content as board_co2_4_0_, boardlist1_.board_created_at as board_cr3_4_0_, boardlist1_.board_last_modified_at as board_la4_4_0_, boardlist1_.board_title as board_ti5_4_0_, boardlist1_.user_id as user_id8_4_0_, boardlist1_.board_views as board_vi6_4_0_ from category category0_ left outer join board boardlist1_ on category0_.category_id=boardlist1_.category_id where category0_.category_id=?
Hibernate: insert into category (category_id, category_name) values (default, ?)
Hibernate: select user0_.user_id as user_id1_21_0_, user0_.character_id as characte7_21_0_, user0_.user_created_at as user_cre2_21_0_, user0_.user_name as user_nam3_21_0_, user0_.user_phone_number as user_pho4_21_0_, user0_.user_user_id as user_use5_21_0_, user0_.user_user_password as user_use6_21_0_ from user user0_ where user0_.user_id=?
Hibernate: select character0_.character_id as characte1_6_0_, character0_.character_character_name as characte2_6_0_ from characters character0_ where character0_.character_id=?
Hibernate: select count(*) as col_0_0_ from user user0_ where user0_.user_id=?
Hibernate: select character1_.character_id as characte1_6_, character1_.character_character_name as characte2_6_ from user user0_ inner join characters character1_ on user0_.character_id=character1_.character_id where user0_.user_id=?
Hibernate: select permission0_.character_id as characte6_12_0_, permission0_.permission_id as permissi1_12_0_, permission0_.permission_id as permissi1_12_1_, permission0_.character_id as characte6_12_1_, permission0_.permission_name as permissi2_12_1_, permission0_.permission_permission_unit_id as permissi3_12_1_, permission0_.permission_service as permissi4_12_1_, permission0_.permission_status as permissi5_12_1_ from permission permission0_ where permission0_.character_id=?
Hibernate: select category0_.category_id as col_0_0_ from category category0_ where category0_.category_name=? limit ?
Hibernate: select category0_.category_id as category1_5_1_, category0_.category_name as category2_5_1_, boardlist1_.category_id as category7_4_3_, boardlist1_.board_id as board_id1_4_3_, boardlist1_.board_id as board_id1_4_0_, boardlist1_.category_id as category7_4_0_, boardlist1_.board_content as board_co2_4_0_, boardlist1_.board_created_at as board_cr3_4_0_, boardlist1_.board_last_modified_at as board_la4_4_0_, boardlist1_.board_title as board_ti5_4_0_, boardlist1_.user_id as user_id8_4_0_, boardlist1_.board_views as board_vi6_4_0_ from category category0_ left outer join board boardlist1_ on category0_.category_id=boardlist1_.category_id where category0_.category_id=?
Hibernate: insert into category (category_id, category_name) values (default, ?)
Hibernate: select user0_.user_id as col_0_0_ from user user0_ where user0_.user_user_id=? limit ?
Hibernate: select user0_.user_id as col_0_0_ from user user0_ where user0_.user_user_id=? limit ?
Hibernate: select U.* from USER U where U.USER_USER_ID =?
Hibernate: select character0_.character_id as characte1_6_0_, character0_.character_character_name as characte2_6_0_ from characters character0_ where character0_.character_id=?
Hibernate: select user0_.user_id as col_0_0_ from user user0_ where user0_.user_user_id=? limit ?
Hibernate: select user0_.user_id as user_id1_21_, user0_.character_id as characte7_21_, user0_.user_created_at as user_cre2_21_, user0_.user_name as user_nam3_21_, user0_.user_phone_number as user_pho4_21_, user0_.user_user_id as user_use5_21_, user0_.user_user_password as user_use6_21_ from user user0_ inner join characters character1_ on user0_.character_id=character1_.character_id where user0_.user_user_id=?
Hibernate: select character0_.character_id as characte1_6_0_, character0_.character_character_name as characte2_6_0_ from characters character0_ where character0_.character_id=?
Hibernate: select rewardtagw0_.user_id as user_id4_16_0_, rewardtagw0_.reward_tag_wrapper_reward_id as reward_t1_16_0_, rewardtagw0_.reward_tag_wrapper_reward_id as reward_t1_16_1_, rewardtagw0_.reward_tag_wrapper_reward_presented_at as reward_t2_16_1_, rewardtagw0_.reward_tag_reward_tag_id as reward_t3_16_1_, rewardtagw0_.user_id as user_id4_16_1_ from reward_tag_wrapper rewardtagw0_ where rewardtagw0_.user_id=?
Hibernate: select user0_.user_id as user_id1_21_0_, user0_.character_id as characte7_21_0_, user0_.user_created_at as user_cre2_21_0_, user0_.user_name as user_nam3_21_0_, user0_.user_phone_number as user_pho4_21_0_, user0_.user_user_id as user_use5_21_0_, user0_.user_user_password as user_use6_21_0_ from user user0_ where user0_.user_id=?
Hibernate: select character0_.character_id as characte1_6_0_, character0_.character_character_name as characte2_6_0_ from characters character0_ where character0_.character_id=?
Hibernate: select count(*) as col_0_0_ from user user0_ where user0_.user_id=?
Hibernate: select character1_.character_id as characte1_6_, character1_.character_character_name as characte2_6_ from user user0_ inner join characters character1_ on user0_.character_id=character1_.character_id where user0_.user_id=?
Hibernate: select permission0_.character_id as characte6_12_0_, permission0_.permission_id as permissi1_12_0_, permission0_.permission_id as permissi1_12_1_, permission0_.character_id as characte6_12_1_, permission0_.permission_name as permissi2_12_1_, permission0_.permission_permission_unit_id as permissi3_12_1_, permission0_.permission_service as permissi4_12_1_, permission0_.permission_status as permissi5_12_1_ from permission permission0_ where permission0_.character_id=?
Hibernate: select count(*) as col_0_0_ from user user0_ where user0_.user_id=?
Hibernate: select user0_.user_id as user_id1_21_, user0_.character_id as characte7_21_, user0_.user_created_at as user_cre2_21_, user0_.user_name as user_nam3_21_, user0_.user_phone_number as user_pho4_21_, user0_.user_user_id as user_use5_21_, user0_.user_user_password as user_use6_21_ from user user0_ where user0_.user_id=?
Hibernate: select character0_.character_id as characte1_6_0_, character0_.character_character_name as characte2_6_0_ from characters character0_ where character0_.character_id=?
Hibernate: select rewardtagw0_.user_id as user_id4_16_0_, rewardtagw0_.reward_tag_wrapper_reward_id as reward_t1_16_0_, rewardtagw0_.reward_tag_wrapper_reward_id as reward_t1_16_1_, rewardtagw0_.reward_tag_wrapper_reward_presented_at as reward_t2_16_1_, rewardtagw0_.reward_tag_reward_tag_id as reward_t3_16_1_, rewardtagw0_.user_id as user_id4_16_1_ from reward_tag_wrapper rewardtagw0_ where rewardtagw0_.user_id=?
Hibernate: select attendance0_.attendance_user_attendance_user_id as col_0_0_ from attendance_user attendance0_ where attendance0_.user_id=? limit ?
Hibernate: DELETE FROM USER WHERE USER_ID = ?
Hibernate: select user0_.user_id as col_0_0_ from user user0_ where user0_.user_user_id=? limit ?
Hibernate: select user0_.user_id as col_0_0_ from user user0_ where user0_.user_user_id=? limit ?
Hibernate: select U.* from USER U where U.USER_USER_ID =?
Hibernate: select character0_.character_id as characte1_6_0_, character0_.character_character_name as characte2_6_0_ from characters character0_ where character0_.character_id=?
Hibernate: select user0_.user_id as user_id1_21_0_, user0_.character_id as characte7_21_0_, user0_.user_created_at as user_cre2_21_0_, user0_.user_name as user_nam3_21_0_, user0_.user_phone_number as user_pho4_21_0_, user0_.user_user_id as user_use5_21_0_, user0_.user_user_password as user_use6_21_0_ from user user0_ where user0_.user_id=?
Hibernate: select character0_.character_id as characte1_6_0_, character0_.character_character_name as characte2_6_0_ from characters character0_ where character0_.character_id=?
Hibernate: select count(*) as col_0_0_ from board board0_
Hibernate: select count(*) as col_0_0_ from board board0_
Hibernate: select user0_.user_id as col_0_0_ from user user0_ where user0_.user_user_id=? limit ?
Hibernate: select user0_.user_id as col_0_0_ from user user0_ where user0_.user_user_id=? limit ?
Hibernate: select U.* from USER U where U.USER_USER_ID =?
Hibernate: select character0_.character_id as characte1_6_0_, character0_.character_character_name as characte2_6_0_ from characters character0_ where character0_.character_id=?
Hibernate: select user0_.user_id as user_id1_21_0_, user0_.character_id as characte7_21_0_, user0_.user_created_at as user_cre2_21_0_, user0_.user_name as user_nam3_21_0_, user0_.user_phone_number as user_pho4_21_0_, user0_.user_user_id as user_use5_21_0_, user0_.user_user_password as user_use6_21_0_ from user user0_ where user0_.user_id=?
Hibernate: select character0_.character_id as characte1_6_0_, character0_.character_character_name as characte2_6_0_ from characters character0_ where character0_.character_id=?
Hibernate: select category0_.category_id as category1_5_, category0_.category_name as category2_5_ from category category0_
Hibernate: select boardlist0_.category_id as category7_4_0_, boardlist0_.board_id as board_id1_4_0_, boardlist0_.board_id as board_id1_4_1_, boardlist0_.category_id as category7_4_1_, boardlist0_.board_content as board_co2_4_1_, boardlist0_.board_created_at as board_cr3_4_1_, boardlist0_.board_last_modified_at as board_la4_4_1_, boardlist0_.board_title as board_ti5_4_1_, boardlist0_.user_id as user_id8_4_1_, boardlist0_.board_views as board_vi6_4_1_ from board boardlist0_ where boardlist0_.category_id=?
Hibernate: select boardlist0_.category_id as category7_4_0_, boardlist0_.board_id as board_id1_4_0_, boardlist0_.board_id as board_id1_4_1_, boardlist0_.category_id as category7_4_1_, boardlist0_.board_content as board_co2_4_1_, boardlist0_.board_created_at as board_cr3_4_1_, boardlist0_.board_last_modified_at as board_la4_4_1_, boardlist0_.board_title as board_ti5_4_1_, boardlist0_.user_id as user_id8_4_1_, boardlist0_.board_views as board_vi6_4_1_ from board boardlist0_ where boardlist0_.category_id=?
Hibernate: select user0_.user_id as user_id1_21_0_, user0_.character_id as characte7_21_0_, user0_.user_created_at as user_cre2_21_0_, user0_.user_name as user_nam3_21_0_, user0_.user_phone_number as user_pho4_21_0_, user0_.user_user_id as user_use5_21_0_, user0_.user_user_password as user_use6_21_0_ from user user0_ where user0_.user_id=?
Hibernate: select character0_.character_id as characte1_6_0_, character0_.character_character_name as characte2_6_0_ from characters character0_ where character0_.character_id=?
Hibernate: select count(*) as col_0_0_ from user user0_ where user0_.user_id=?
Hibernate: select character1_.character_id as characte1_6_, character1_.character_character_name as characte2_6_ from user user0_ inner join characters character1_ on user0_.character_id=character1_.character_id where user0_.user_id=?
Hibernate: select permission0_.character_id as characte6_12_0_, permission0_.permission_id as permissi1_12_0_, permission0_.permission_id as permissi1_12_1_, permission0_.character_id as characte6_12_1_, permission0_.permission_name as permissi2_12_1_, permission0_.permission_permission_unit_id as permissi3_12_1_, permission0_.permission_service as permissi4_12_1_, permission0_.permission_status as permissi5_12_1_ from permission permission0_ where permission0_.character_id=?
Hibernate: select count(*) as col_0_0_ from category category0_ where category0_.category_id=?
Hibernate: select count(board0_.board_id) as col_0_0_ from board board0_ where board0_.category_id=?
Hibernate: select category0_.category_id as category1_5_0_, category0_.category_name as category2_5_0_ from category category0_ where category0_.category_id=?
Hibernate: select boardlist0_.category_id as category7_4_0_, boardlist0_.board_id as board_id1_4_0_, boardlist0_.board_id as board_id1_4_1_, boardlist0_.category_id as category7_4_1_, boardlist0_.board_content as board_co2_4_1_, boardlist0_.board_created_at as board_cr3_4_1_, boardlist0_.board_last_modified_at as board_la4_4_1_, boardlist0_.board_title as board_ti5_4_1_, boardlist0_.user_id as user_id8_4_1_, boardlist0_.board_views as board_vi6_4_1_ from board boardlist0_ where boardlist0_.category_id=?
Hibernate: delete from category where category_id=?
Hibernate: select user0_.user_id as user_id1_21_0_, user0_.character_id as characte7_21_0_, user0_.user_created_at as user_cre2_21_0_, user0_.user_name as user_nam3_21_0_, user0_.user_phone_number as user_pho4_21_0_, user0_.user_user_id as user_use5_21_0_, user0_.user_user_password as user_use6_21_0_ from user user0_ where user0_.user_id=?
Hibernate: select character0_.character_id as characte1_6_0_, character0_.character_character_name as characte2_6_0_ from characters character0_ where character0_.character_id=?
Hibernate: select count(*) as col_0_0_ from user user0_ where user0_.user_id=?
Hibernate: select character1_.character_id as characte1_6_, character1_.character_character_name as characte2_6_ from user user0_ inner join characters character1_ on user0_.character_id=character1_.character_id where user0_.user_id=?
Hibernate: select permission0_.character_id as characte6_12_0_, permission0_.permission_id as permissi1_12_0_, permission0_.permission_id as permissi1_12_1_, permission0_.character_id as characte6_12_1_, permission0_.permission_name as permissi2_12_1_, permission0_.permission_permission_unit_id as permissi3_12_1_, permission0_.permission_service as permissi4_12_1_, permission0_.permission_status as permissi5_12_1_ from permission permission0_ where permission0_.character_id=?
Hibernate: select count(*) as col_0_0_ from category category0_ where category0_.category_id=?
Hibernate: select count(board0_.board_id) as col_0_0_ from board board0_ where board0_.category_id=?
Hibernate: select category0_.category_id as category1_5_0_, category0_.category_name as category2_5_0_ from category category0_ where category0_.category_id=?
Hibernate: select boardlist0_.category_id as category7_4_0_, boardlist0_.board_id as board_id1_4_0_, boardlist0_.board_id as board_id1_4_1_, boardlist0_.category_id as category7_4_1_, boardlist0_.board_content as board_co2_4_1_, boardlist0_.board_created_at as board_cr3_4_1_, boardlist0_.board_last_modified_at as board_la4_4_1_, boardlist0_.board_title as board_ti5_4_1_, boardlist0_.user_id as user_id8_4_1_, boardlist0_.board_views as board_vi6_4_1_ from board boardlist0_ where boardlist0_.category_id=?
Hibernate: delete from category where category_id=?
Hibernate: select user0_.user_id as user_id1_21_0_, user0_.character_id as characte7_21_0_, user0_.user_created_at as user_cre2_21_0_, user0_.user_name as user_nam3_21_0_, user0_.user_phone_number as user_pho4_21_0_, user0_.user_user_id as user_use5_21_0_, user0_.user_user_password as user_use6_21_0_ from user user0_ where user0_.user_id=?
Hibernate: select character0_.character_id as characte1_6_0_, character0_.character_character_name as characte2_6_0_ from characters character0_ where character0_.character_id=?
Hibernate: select count(*) as col_0_0_ from user user0_ where user0_.user_id=?
Hibernate: select character1_.character_id as characte1_6_, character1_.character_character_name as characte2_6_ from user user0_ inner join characters character1_ on user0_.character_id=character1_.character_id where user0_.user_id=?
Hibernate: select permission0_.character_id as characte6_12_0_, permission0_.permission_id as permissi1_12_0_, permission0_.permission_id as permissi1_12_1_, permission0_.character_id as characte6_12_1_, permission0_.permission_name as permissi2_12_1_, permission0_.permission_permission_unit_id as permissi3_12_1_, permission0_.permission_service as permissi4_12_1_, permission0_.permission_status as permissi5_12_1_ from permission permission0_ where permission0_.character_id=?
Hibernate: select category0_.category_id as col_0_0_ from category category0_ where category0_.category_name=? limit ?
Hibernate: select category0_.category_id as category1_5_1_, category0_.category_name as category2_5_1_, boardlist1_.category_id as category7_4_3_, boardlist1_.board_id as board_id1_4_3_, boardlist1_.board_id as board_id1_4_0_, boardlist1_.category_id as category7_4_0_, boardlist1_.board_content as board_co2_4_0_, boardlist1_.board_created_at as board_cr3_4_0_, boardlist1_.board_last_modified_at as board_la4_4_0_, boardlist1_.board_title as board_ti5_4_0_, boardlist1_.user_id as user_id8_4_0_, boardlist1_.board_views as board_vi6_4_0_ from category category0_ left outer join board boardlist1_ on category0_.category_id=boardlist1_.category_id where category0_.category_id=?
Hibernate: insert into category (category_id, category_name) values (default, ?)
Hibernate: select user0_.user_id as user_id1_21_0_, user0_.character_id as characte7_21_0_, user0_.user_created_at as user_cre2_21_0_, user0_.user_name as user_nam3_21_0_, user0_.user_phone_number as user_pho4_21_0_, user0_.user_user_id as user_use5_21_0_, user0_.user_user_password as user_use6_21_0_ from user user0_ where user0_.user_id=?
Hibernate: select character0_.character_id as characte1_6_0_, character0_.character_character_name as characte2_6_0_ from characters character0_ where character0_.character_id=?
Hibernate: select count(*) as col_0_0_ from user user0_ where user0_.user_id=?
Hibernate: select character1_.character_id as characte1_6_, character1_.character_character_name as characte2_6_ from user user0_ inner join characters character1_ on user0_.character_id=character1_.character_id where user0_.user_id=?
Hibernate: select permission0_.character_id as characte6_12_0_, permission0_.permission_id as permissi1_12_0_, permission0_.permission_id as permissi1_12_1_, permission0_.character_id as characte6_12_1_, permission0_.permission_name as permissi2_12_1_, permission0_.permission_permission_unit_id as permissi3_12_1_, permission0_.permission_service as permissi4_12_1_, permission0_.permission_status as permissi5_12_1_ from permission permission0_ where permission0_.character_id=?
Hibernate: select category0_.category_id as col_0_0_ from category category0_ where category0_.category_name=? limit ?
Hibernate: select category0_.category_id as category1_5_1_, category0_.category_name as category2_5_1_, boardlist1_.category_id as category7_4_3_, boardlist1_.board_id as board_id1_4_3_, boardlist1_.board_id as board_id1_4_0_, boardlist1_.category_id as category7_4_0_, boardlist1_.board_content as board_co2_4_0_, boardlist1_.board_created_at as board_cr3_4_0_, boardlist1_.board_last_modified_at as board_la4_4_0_, boardlist1_.board_title as board_ti5_4_0_, boardlist1_.user_id as user_id8_4_0_, boardlist1_.board_views as board_vi6_4_0_ from category category0_ left outer join board boardlist1_ on category0_.category_id=boardlist1_.category_id where category0_.category_id=?
Hibernate: insert into category (category_id, category_name) values (default, ?)
Hibernate: select user0_.user_id as col_0_0_ from user user0_ where user0_.user_user_id=? limit ?
Hibernate: select user0_.user_id as col_0_0_ from user user0_ where user0_.user_user_id=? limit ?
Hibernate: select U.* from USER U where U.USER_USER_ID =?
Hibernate: select character0_.character_id as characte1_6_0_, character0_.character_character_name as characte2_6_0_ from characters character0_ where character0_.character_id=?
Hibernate: select user0_.user_id as col_0_0_ from user user0_ where user0_.user_user_id=? limit ?
Hibernate: select user0_.user_id as col_0_0_ from user user0_ where user0_.user_user_id=? limit ?
Hibernate: select U.* from USER U where U.USER_USER_ID =?
Hibernate: select character0_.character_id as characte1_6_0_, character0_.character_character_name as characte2_6_0_ from characters character0_ where character0_.character_id=?
Hibernate: select user0_.user_id as col_0_0_ from user user0_ where user0_.user_user_id=? limit ?
Hibernate: select user0_.user_id as col_0_0_ from user user0_ where user0_.user_user_id=? limit ?
Hibernate: select U.* from USER U where U.USER_USER_ID =?
Hibernate: select character0_.character_id as characte1_6_0_, character0_.character_character_name as characte2_6_0_ from characters character0_ where character0_.character_id=?
Hibernate: select user0_.user_id as user_id1_21_0_, user0_.character_id as characte7_21_0_, user0_.user_created_at as user_cre2_21_0_, user0_.user_name as user_nam3_21_0_, user0_.user_phone_number as user_pho4_21_0_, user0_.user_user_id as user_use5_21_0_, user0_.user_user_password as user_use6_21_0_ from user user0_ where user0_.user_id=?
Hibernate: select character0_.character_id as characte1_6_0_, character0_.character_character_name as characte2_6_0_ from characters character0_ where character0_.character_id=?
Hibernate: select count(*) as col_0_0_ from user user0_ where user0_.user_id=?
Hibernate: select character1_.character_id as characte1_6_, character1_.character_character_name as characte2_6_ from user user0_ inner join characters character1_ on user0_.character_id=character1_.character_id where user0_.user_id=?
Hibernate: select permission0_.character_id as characte6_12_0_, permission0_.permission_id as permissi1_12_0_, permission0_.permission_id as permissi1_12_1_, permission0_.character_id as characte6_12_1_, permission0_.permission_name as permissi2_12_1_, permission0_.permission_permission_unit_id as permissi3_12_1_, permission0_.permission_service as permissi4_12_1_, permission0_.permission_status as permissi5_12_1_ from permission permission0_ where permission0_.character_id=?
Hibernate: select category0_.category_id as col_0_0_ from category category0_ where category0_.category_name=? limit ?
Hibernate: select category0_.category_id as category1_5_1_, category0_.category_name as category2_5_1_, boardlist1_.category_id as category7_4_3_, boardlist1_.board_id as board_id1_4_3_, boardlist1_.board_id as board_id1_4_0_, boardlist1_.category_id as category7_4_0_, boardlist1_.board_content as board_co2_4_0_, boardlist1_.board_created_at as board_cr3_4_0_, boardlist1_.board_last_modified_at as board_la4_4_0_, boardlist1_.board_title as board_ti5_4_0_, boardlist1_.user_id as user_id8_4_0_, boardlist1_.board_views as board_vi6_4_0_ from category category0_ left outer join board boardlist1_ on category0_.category_id=boardlist1_.category_id where category0_.category_id=?
Hibernate: insert into category (category_id, category_name) values (default, ?)
Hibernate: select user0_.user_id as user_id1_21_0_, user0_.character_id as characte7_21_0_, user0_.user_created_at as user_cre2_21_0_, user0_.user_name as user_nam3_21_0_, user0_.user_phone_number as user_pho4_21_0_, user0_.user_user_id as user_use5_21_0_, user0_.user_user_password as user_use6_21_0_ from user user0_ where user0_.user_id=?
Hibernate: select character0_.character_id as characte1_6_0_, character0_.character_character_name as characte2_6_0_ from characters character0_ where character0_.character_id=?
Hibernate: select category0_.category_id as category1_5_, category0_.category_name as category2_5_ from category category0_
Hibernate: select boardlist0_.category_id as category7_4_0_, boardlist0_.board_id as board_id1_4_0_, boardlist0_.board_id as board_id1_4_1_, boardlist0_.category_id as category7_4_1_, boardlist0_.board_content as board_co2_4_1_, boardlist0_.board_created_at as board_cr3_4_1_, boardlist0_.board_last_modified_at as board_la4_4_1_, boardlist0_.board_title as board_ti5_4_1_, boardlist0_.user_id as user_id8_4_1_, boardlist0_.board_views as board_vi6_4_1_ from board boardlist0_ where boardlist0_.category_id=?
Hibernate: select boardlist0_.category_id as category7_4_0_, boardlist0_.board_id as board_id1_4_0_, boardlist0_.board_id as board_id1_4_1_, boardlist0_.category_id as category7_4_1_, boardlist0_.board_content as board_co2_4_1_, boardlist0_.board_created_at as board_cr3_4_1_, boardlist0_.board_last_modified_at as board_la4_4_1_, boardlist0_.board_title as board_ti5_4_1_, boardlist0_.user_id as user_id8_4_1_, boardlist0_.board_views as board_vi6_4_1_ from board boardlist0_ where boardlist0_.category_id=?
Hibernate: select boardlist0_.category_id as category7_4_0_, boardlist0_.board_id as board_id1_4_0_, boardlist0_.board_id as board_id1_4_1_, boardlist0_.category_id as category7_4_1_, boardlist0_.board_content as board_co2_4_1_, boardlist0_.board_created_at as board_cr3_4_1_, boardlist0_.board_last_modified_at as board_la4_4_1_, boardlist0_.board_title as board_ti5_4_1_, boardlist0_.user_id as user_id8_4_1_, boardlist0_.board_views as board_vi6_4_1_ from board boardlist0_ where boardlist0_.category_id=?
Hibernate: select user0_.user_id as user_id1_21_0_, user0_.character_id as characte7_21_0_, user0_.user_created_at as user_cre2_21_0_, user0_.user_name as user_nam3_21_0_, user0_.user_phone_number as user_pho4_21_0_, user0_.user_user_id as user_use5_21_0_, user0_.user_user_password as user_use6_21_0_ from user user0_ where user0_.user_id=?
Hibernate: select character0_.character_id as characte1_6_0_, character0_.character_character_name as characte2_6_0_ from characters character0_ where character0_.character_id=?
Hibernate: select count(*) as col_0_0_ from user user0_ where user0_.user_id=?
Hibernate: select character1_.character_id as characte1_6_, character1_.character_character_name as characte2_6_ from user user0_ inner join characters character1_ on user0_.character_id=character1_.character_id where user0_.user_id=?
Hibernate: select permission0_.character_id as characte6_12_0_, permission0_.permission_id as permissi1_12_0_, permission0_.permission_id as permissi1_12_1_, permission0_.character_id as characte6_12_1_, permission0_.permission_name as permissi2_12_1_, permission0_.permission_permission_unit_id as permissi3_12_1_, permission0_.permission_service as permissi4_12_1_, permission0_.permission_status as permissi5_12_1_ from permission permission0_ where permission0_.character_id=?
Hibernate: select count(*) as col_0_0_ from category category0_ where category0_.category_id=?
Hibernate: insert into filename (filename_id, filename_origin, filename_uuid) values (default, ?, ?)
Hibernate: insert into filename (filename_id, filename_origin, filename_uuid) values (default, ?, ?)
Hibernate: select category0_.category_id as category1_5_0_, category0_.category_name as category2_5_0_ from category category0_ where category0_.category_id=?
Hibernate: insert into board (board_id, category_id, board_content, board_created_at, board_last_modified_at, board_title, user_id, board_views) values (default, ?, ?, ?, ?, ?, ?, ?)
Hibernate: insert into reaction (reaction_id, board_id, reaction_type) values (default, ?, ?)
Hibernate: insert into reaction (reaction_id, board_id, reaction_type) values (default, ?, ?)
Hibernate: insert into reaction (reaction_id, board_id, reaction_type) values (default, ?, ?)
Hibernate: insert into reaction (reaction_id, board_id, reaction_type) values (default, ?, ?)
Hibernate: insert into reaction (reaction_id, board_id, reaction_type) values (default, ?, ?)
Hibernate: insert into reaction (reaction_id, board_id, reaction_type) values (default, ?, ?)
Hibernate: insert into file_path_list (board_board_id, board_file_path_list) values (?, ?)
Hibernate: insert into image_path_list (board_board_id, board_image_path_list) values (?, ?)
Hibernate: select user0_.user_id as user_id1_21_0_, user0_.character_id as characte7_21_0_, user0_.user_created_at as user_cre2_21_0_, user0_.user_name as user_nam3_21_0_, user0_.user_phone_number as user_pho4_21_0_, user0_.user_user_id as user_use5_21_0_, user0_.user_user_password as user_use6_21_0_ from user user0_ where user0_.user_id=?
Hibernate: select character0_.character_id as characte1_6_0_, character0_.character_character_name as characte2_6_0_ from characters character0_ where character0_.character_id=?
Hibernate: select count(*) as col_0_0_ from board board0_
Hibernate: select board0_.board_id as board_id1_4_, board0_.category_id as category7_4_, board0_.board_content as board_co2_4_, board0_.board_created_at as board_cr3_4_, board0_.board_last_modified_at as board_la4_4_, board0_.board_title as board_ti5_4_, board0_.user_id as user_id8_4_, board0_.board_views as board_vi6_4_ from board board0_ limit ?
Hibernate: select category0_.category_id as category1_5_0_, category0_.category_name as category2_5_0_ from category category0_ where category0_.category_id=?
Hibernate: select reactionli0_.board_id as board_id3_13_0_, reactionli0_.reaction_id as reaction1_13_0_, reactionli0_.reaction_id as reaction1_13_1_, reactionli0_.board_id as board_id3_13_1_, reactionli0_.reaction_type as reaction2_13_1_ from reaction reactionli0_ where reactionli0_.board_id=?
Hibernate: select reactionus0_.reaction_id as reaction2_14_0_, reactionus0_.reaction_user_id as reaction1_14_0_, reactionus0_.reaction_user_id as reaction1_14_1_, reactionus0_.reaction_id as reaction2_14_1_, reactionus0_.user_id as user_id3_14_1_ from reaction_user reactionus0_ where reactionus0_.reaction_id=?
Hibernate: select reactionus0_.reaction_id as reaction2_14_0_, reactionus0_.reaction_user_id as reaction1_14_0_, reactionus0_.reaction_user_id as reaction1_14_1_, reactionus0_.reaction_id as reaction2_14_1_, reactionus0_.user_id as user_id3_14_1_ from reaction_user reactionus0_ where reactionus0_.reaction_id=?
Hibernate: select reactionus0_.reaction_id as reaction2_14_0_, reactionus0_.reaction_user_id as reaction1_14_0_, reactionus0_.reaction_user_id as reaction1_14_1_, reactionus0_.reaction_id as reaction2_14_1_, reactionus0_.user_id as user_id3_14_1_ from reaction_user reactionus0_ where reactionus0_.reaction_id=?
Hibernate: select reactionus0_.reaction_id as reaction2_14_0_, reactionus0_.reaction_user_id as reaction1_14_0_, reactionus0_.reaction_user_id as reaction1_14_1_, reactionus0_.reaction_id as reaction2_14_1_, reactionus0_.user_id as user_id3_14_1_ from reaction_user reactionus0_ where reactionus0_.reaction_id=?
Hibernate: select reactionus0_.reaction_id as reaction2_14_0_, reactionus0_.reaction_user_id as reaction1_14_0_, reactionus0_.reaction_user_id as reaction1_14_1_, reactionus0_.reaction_id as reaction2_14_1_, reactionus0_.user_id as user_id3_14_1_ from reaction_user reactionus0_ where reactionus0_.reaction_id=?
Hibernate: select reactionus0_.reaction_id as reaction2_14_0_, reactionus0_.reaction_user_id as reaction1_14_0_, reactionus0_.reaction_user_id as reaction1_14_1_, reactionus0_.reaction_id as reaction2_14_1_, reactionus0_.user_id as user_id3_14_1_ from reaction_user reactionus0_ where reactionus0_.reaction_id=?
Hibernate: select commentlis0_.board_id as board_id5_7_0_, commentlis0_.comment_id as comment_1_7_0_, commentlis0_.comment_id as comment_1_7_1_, commentlis0_.board_id as board_id5_7_1_, commentlis0_.comment_content as comment_2_7_1_, commentlis0_.comment_created_at as comment_3_7_1_, commentlis0_.comment_last_modified_at as comment_4_7_1_, commentlis0_.user_id as user_id6_7_1_ from comment commentlis0_ where commentlis0_.board_id=?
Hibernate: select boardlist0_.category_id as category7_4_0_, boardlist0_.board_id as board_id1_4_0_, boardlist0_.board_id as board_id1_4_1_, boardlist0_.category_id as category7_4_1_, boardlist0_.board_content as board_co2_4_1_, boardlist0_.board_created_at as board_cr3_4_1_, boardlist0_.board_last_modified_at as board_la4_4_1_, boardlist0_.board_title as board_ti5_4_1_, boardlist0_.user_id as user_id8_4_1_, boardlist0_.board_views as board_vi6_4_1_ from board boardlist0_ where boardlist0_.category_id=?
Hibernate: select count(comment0_.comment_id) as col_0_0_ from comment comment0_ where comment0_.board_id=?
Hibernate: select count(*) as col_0_0_ from board board0_
Hibernate: select imagepathl0_.board_board_id as board_bo1_11_0_, imagepathl0_.board_image_path_list as board_im2_11_0_ from image_path_list imagepathl0_ where imagepathl0_.board_board_id=?
Hibernate: select filename0_.filename_id as filename1_9_, filename0_.filename_origin as filename2_9_, filename0_.filename_uuid as filename3_9_ from filename filename0_ where filename0_.filename_uuid=?
Hibernate: select filepathli0_.board_board_id as board_bo1_8_0_, filepathli0_.board_file_path_list as board_fi2_8_0_ from file_path_list filepathli0_ where filepathli0_.board_board_id=?
Hibernate: select filename0_.filename_id as filename1_9_, filename0_.filename_origin as filename2_9_, filename0_.filename_uuid as filename3_9_ from filename filename0_ where filename0_.filename_uuid=?
Hibernate: select user0_.user_id as user_id1_21_0_, user0_.character_id as characte7_21_0_, user0_.user_created_at as user_cre2_21_0_, user0_.user_name as user_nam3_21_0_, user0_.user_phone_number as user_pho4_21_0_, user0_.user_user_id as user_use5_21_0_, user0_.user_user_password as user_use6_21_0_ from user user0_ where user0_.user_id=?
Hibernate: select character0_.character_id as characte1_6_0_, character0_.character_character_name as characte2_6_0_ from characters character0_ where character0_.character_id=?
Hibernate: select count(*) as col_0_0_ from user user0_ where user0_.user_id=?
Hibernate: select character1_.character_id as characte1_6_, character1_.character_character_name as characte2_6_ from user user0_ inner join characters character1_ on user0_.character_id=character1_.character_id where user0_.user_id=?
Hibernate: select permission0_.character_id as characte6_12_0_, permission0_.permission_id as permissi1_12_0_, permission0_.permission_id as permissi1_12_1_, permission0_.character_id as characte6_12_1_, permission0_.permission_name as permissi2_12_1_, permission0_.permission_permission_unit_id as permissi3_12_1_, permission0_.permission_service as permissi4_12_1_, permission0_.permission_status as permissi5_12_1_ from permission permission0_ where permission0_.character_id=?
Hibernate: select count(*) as col_0_0_ from board board0_ where board0_.board_id=?
Hibernate: select board0_.board_id as board_id1_4_0_, board0_.category_id as category7_4_0_, board0_.board_content as board_co2_4_0_, board0_.board_created_at as board_cr3_4_0_, board0_.board_last_modified_at as board_la4_4_0_, board0_.board_title as board_ti5_4_0_, board0_.user_id as user_id8_4_0_, board0_.board_views as board_vi6_4_0_ from board board0_ where board0_.board_id=?
Hibernate: select category0_.category_id as category1_5_0_, category0_.category_name as category2_5_0_ from category category0_ where category0_.category_id=?
Hibernate: insert into comment (comment_id, board_id, comment_content, comment_created_at, comment_last_modified_at, user_id) values (default, ?, ?, ?, ?, ?)
Hibernate: select user0_.user_id as user_id1_21_0_, user0_.character_id as characte7_21_0_, user0_.user_created_at as user_cre2_21_0_, user0_.user_name as user_nam3_21_0_, user0_.user_phone_number as user_pho4_21_0_, user0_.user_user_id as user_use5_21_0_, user0_.user_user_password as user_use6_21_0_ from user user0_ where user0_.user_id=?
Hibernate: select character0_.character_id as characte1_6_0_, character0_.character_character_name as characte2_6_0_ from characters character0_ where character0_.character_id=?
Hibernate: select count(*) as col_0_0_ from user user0_ where user0_.user_id=?
Hibernate: select character1_.character_id as characte1_6_, character1_.character_character_name as characte2_6_ from user user0_ inner join characters character1_ on user0_.character_id=character1_.character_id where user0_.user_id=?
Hibernate: select permission0_.character_id as characte6_12_0_, permission0_.permission_id as permissi1_12_0_, permission0_.permission_id as permissi1_12_1_, permission0_.character_id as characte6_12_1_, permission0_.permission_name as permissi2_12_1_, permission0_.permission_permission_unit_id as permissi3_12_1_, permission0_.permission_service as permissi4_12_1_, permission0_.permission_status as permissi5_12_1_ from permission permission0_ where permission0_.character_id=?
Hibernate: select count(*) as col_0_0_ from board board0_ where board0_.board_id=?
Hibernate: select board0_.board_id as board_id1_4_0_, board0_.category_id as category7_4_0_, board0_.board_content as board_co2_4_0_, board0_.board_created_at as board_cr3_4_0_, board0_.board_last_modified_at as board_la4_4_0_, board0_.board_title as board_ti5_4_0_, board0_.user_id as user_id8_4_0_, board0_.board_views as board_vi6_4_0_ from board board0_ where board0_.board_id=?
Hibernate: select category0_.category_id as category1_5_0_, category0_.category_name as category2_5_0_ from category category0_ where category0_.category_id=?
Hibernate: insert into comment (comment_id, board_id, comment_content, comment_created_at, comment_last_modified_at, user_id) values (default, ?, ?, ?, ?, ?)
Hibernate: select user0_.user_id as user_id1_21_0_, user0_.character_id as characte7_21_0_, user0_.user_created_at as user_cre2_21_0_, user0_.user_name as user_nam3_21_0_, user0_.user_phone_number as user_pho4_21_0_, user0_.user_user_id as user_use5_21_0_, user0_.user_user_password as user_use6_21_0_ from user user0_ where user0_.user_id=?
Hibernate: select character0_.character_id as characte1_6_0_, character0_.character_character_name as characte2_6_0_ from characters character0_ where character0_.character_id=?
Hibernate: select count(*) as col_0_0_ from user user0_ where user0_.user_id=?
Hibernate: select character1_.character_id as characte1_6_, character1_.character_character_name as characte2_6_ from user user0_ inner join characters character1_ on user0_.character_id=character1_.character_id where user0_.user_id=?
Hibernate: select permission0_.character_id as characte6_12_0_, permission0_.permission_id as permissi1_12_0_, permission0_.permission_id as permissi1_12_1_, permission0_.character_id as characte6_12_1_, permission0_.permission_name as permissi2_12_1_, permission0_.permission_permission_unit_id as permissi3_12_1_, permission0_.permission_service as permissi4_12_1_, permission0_.permission_status as permissi5_12_1_ from permission permission0_ where permission0_.character_id=?
Hibernate: select count(*) as col_0_0_ from board board0_ where board0_.board_id=?
Hibernate: select user0_.user_id as col_0_0_ from user user0_ where user0_.user_user_id=? limit ?
Hibernate: select user0_.user_id as col_0_0_ from user user0_ where user0_.user_user_id=? limit ?
Hibernate: select U.* from USER U where U.USER_USER_ID =?
Hibernate: select character0_.character_id as characte1_6_0_, character0_.character_character_name as characte2_6_0_ from characters character0_ where character0_.character_id=?
Hibernate: select user0_.user_id as user_id1_21_0_, user0_.character_id as characte7_21_0_, user0_.user_created_at as user_cre2_21_0_, user0_.user_name as user_nam3_21_0_, user0_.user_phone_number as user_pho4_21_0_, user0_.user_user_id as user_use5_21_0_, user0_.user_user_password as user_use6_21_0_ from user user0_ where user0_.user_id=?
Hibernate: select character0_.character_id as characte1_6_0_, character0_.character_character_name as characte2_6_0_ from characters character0_ where character0_.character_id=?
Hibernate: select count(*) as col_0_0_ from board board0_
Hibernate: select board0_.board_id as board_id1_4_, board0_.category_id as category7_4_, board0_.board_content as board_co2_4_, board0_.board_created_at as board_cr3_4_, board0_.board_last_modified_at as board_la4_4_, board0_.board_title as board_ti5_4_, board0_.user_id as user_id8_4_, board0_.board_views as board_vi6_4_ from board board0_ limit ?
Hibernate: select category0_.category_id as category1_5_0_, category0_.category_name as category2_5_0_ from category category0_ where category0_.category_id=?
Hibernate: select reactionli0_.board_id as board_id3_13_0_, reactionli0_.reaction_id as reaction1_13_0_, reactionli0_.reaction_id as reaction1_13_1_, reactionli0_.board_id as board_id3_13_1_, reactionli0_.reaction_type as reaction2_13_1_ from reaction reactionli0_ where reactionli0_.board_id=?
Hibernate: select reactionus0_.reaction_id as reaction2_14_0_, reactionus0_.reaction_user_id as reaction1_14_0_, reactionus0_.reaction_user_id as reaction1_14_1_, reactionus0_.reaction_id as reaction2_14_1_, reactionus0_.user_id as user_id3_14_1_ from reaction_user reactionus0_ where reactionus0_.reaction_id=?
Hibernate: select reactionus0_.reaction_id as reaction2_14_0_, reactionus0_.reaction_user_id as reaction1_14_0_, reactionus0_.reaction_user_id as reaction1_14_1_, reactionus0_.reaction_id as reaction2_14_1_, reactionus0_.user_id as user_id3_14_1_ from reaction_user reactionus0_ where reactionus0_.reaction_id=?
Hibernate: select reactionus0_.reaction_id as reaction2_14_0_, reactionus0_.reaction_user_id as reaction1_14_0_, reactionus0_.reaction_user_id as reaction1_14_1_, reactionus0_.reaction_id as reaction2_14_1_, reactionus0_.user_id as user_id3_14_1_ from reaction_user reactionus0_ where reactionus0_.reaction_id=?
Hibernate: select reactionus0_.reaction_id as reaction2_14_0_, reactionus0_.reaction_user_id as reaction1_14_0_, reactionus0_.reaction_user_id as reaction1_14_1_, reactionus0_.reaction_id as reaction2_14_1_, reactionus0_.user_id as user_id3_14_1_ from reaction_user reactionus0_ where reactionus0_.reaction_id=?
Hibernate: select reactionus0_.reaction_id as reaction2_14_0_, reactionus0_.reaction_user_id as reaction1_14_0_, reactionus0_.reaction_user_id as reaction1_14_1_, reactionus0_.reaction_id as reaction2_14_1_, reactionus0_.user_id as user_id3_14_1_ from reaction_user reactionus0_ where reactionus0_.reaction_id=?
Hibernate: select reactionus0_.reaction_id as reaction2_14_0_, reactionus0_.reaction_user_id as reaction1_14_0_, reactionus0_.reaction_user_id as reaction1_14_1_, reactionus0_.reaction_id as reaction2_14_1_, reactionus0_.user_id as user_id3_14_1_ from reaction_user reactionus0_ where reactionus0_.reaction_id=?
Hibernate: select commentlis0_.board_id as board_id5_7_0_, commentlis0_.comment_id as comment_1_7_0_, commentlis0_.comment_id as comment_1_7_1_, commentlis0_.board_id as board_id5_7_1_, commentlis0_.comment_content as comment_2_7_1_, commentlis0_.comment_created_at as comment_3_7_1_, commentlis0_.comment_last_modified_at as comment_4_7_1_, commentlis0_.user_id as user_id6_7_1_ from comment commentlis0_ where commentlis0_.board_id=?
Hibernate: select boardlist0_.category_id as category7_4_0_, boardlist0_.board_id as board_id1_4_0_, boardlist0_.board_id as board_id1_4_1_, boardlist0_.category_id as category7_4_1_, boardlist0_.board_content as board_co2_4_1_, boardlist0_.board_created_at as board_cr3_4_1_, boardlist0_.board_last_modified_at as board_la4_4_1_, boardlist0_.board_title as board_ti5_4_1_, boardlist0_.user_id as user_id8_4_1_, boardlist0_.board_views as board_vi6_4_1_ from board boardlist0_ where boardlist0_.category_id=?
Hibernate: select count(comment0_.comment_id) as col_0_0_ from comment comment0_ where comment0_.board_id=?
Hibernate: select count(*) as col_0_0_ from board board0_
Hibernate: select imagepathl0_.board_board_id as board_bo1_11_0_, imagepathl0_.board_image_path_list as board_im2_11_0_ from image_path_list imagepathl0_ where imagepathl0_.board_board_id=?
Hibernate: select filename0_.filename_id as filename1_9_, filename0_.filename_origin as filename2_9_, filename0_.filename_uuid as filename3_9_ from filename filename0_ where filename0_.filename_uuid=?
Hibernate: select filepathli0_.board_board_id as board_bo1_8_0_, filepathli0_.board_file_path_list as board_fi2_8_0_ from file_path_list filepathli0_ where filepathli0_.board_board_id=?
Hibernate: select filename0_.filename_id as filename1_9_, filename0_.filename_origin as filename2_9_, filename0_.filename_uuid as filename3_9_ from filename filename0_ where filename0_.filename_uuid=?
Hibernate: select U.* from USER U join BOARD B where U.USER_ID = B.USER_ID and B.BOARD_ID = ?
Hibernate: select character0_.character_id as characte1_6_0_, character0_.character_character_name as characte2_6_0_ from characters character0_ where character0_.character_id=?
Hibernate: select count(*) as col_0_0_ from user user0_ where user0_.user_id=?
Hibernate: select character1_.character_id as characte1_6_, character1_.character_character_name as characte2_6_ from user user0_ inner join characters character1_ on user0_.character_id=character1_.character_id where user0_.user_id=?
Hibernate: select permission0_.character_id as characte6_12_0_, permission0_.permission_id as permissi1_12_0_, permission0_.permission_id as permissi1_12_1_, permission0_.character_id as characte6_12_1_, permission0_.permission_name as permissi2_12_1_, permission0_.permission_permission_unit_id as permissi3_12_1_, permission0_.permission_service as permissi4_12_1_, permission0_.permission_status as permissi5_12_1_ from permission permission0_ where permission0_.character_id=?
Hibernate: select count(*) as col_0_0_ from board board0_ where board0_.board_id=?
Hibernate: select board0_.board_id as board_id1_4_0_, board0_.category_id as category7_4_0_, board0_.board_content as board_co2_4_0_, board0_.board_created_at as board_cr3_4_0_, board0_.board_last_modified_at as board_la4_4_0_, board0_.board_title as board_ti5_4_0_, board0_.user_id as user_id8_4_0_, board0_.board_views as board_vi6_4_0_ from board board0_ where board0_.board_id=?
Hibernate: select category0_.category_id as category1_5_0_, category0_.category_name as category2_5_0_ from category category0_ where category0_.category_id=?
Hibernate: select reactionli0_.board_id as board_id3_13_0_, reactionli0_.reaction_id as reaction1_13_0_, reactionli0_.reaction_id as reaction1_13_1_, reactionli0_.board_id as board_id3_13_1_, reactionli0_.reaction_type as reaction2_13_1_ from reaction reactionli0_ where reactionli0_.board_id=?
Hibernate: select reactionus0_.reaction_id as reaction2_14_0_, reactionus0_.reaction_user_id as reaction1_14_0_, reactionus0_.reaction_user_id as reaction1_14_1_, reactionus0_.reaction_id as reaction2_14_1_, reactionus0_.user_id as user_id3_14_1_ from reaction_user reactionus0_ where reactionus0_.reaction_id=?
Hibernate: select reactionus0_.reaction_id as reaction2_14_0_, reactionus0_.reaction_user_id as reaction1_14_0_, reactionus0_.reaction_user_id as reaction1_14_1_, reactionus0_.reaction_id as reaction2_14_1_, reactionus0_.user_id as user_id3_14_1_ from reaction_user reactionus0_ where reactionus0_.reaction_id=?
Hibernate: select reactionus0_.reaction_id as reaction2_14_0_, reactionus0_.reaction_user_id as reaction1_14_0_, reactionus0_.reaction_user_id as reaction1_14_1_, reactionus0_.reaction_id as reaction2_14_1_, reactionus0_.user_id as user_id3_14_1_ from reaction_user reactionus0_ where reactionus0_.reaction_id=?
Hibernate: select reactionus0_.reaction_id as reaction2_14_0_, reactionus0_.reaction_user_id as reaction1_14_0_, reactionus0_.reaction_user_id as reaction1_14_1_, reactionus0_.reaction_id as reaction2_14_1_, reactionus0_.user_id as user_id3_14_1_ from reaction_user reactionus0_ where reactionus0_.reaction_id=?
Hibernate: select reactionus0_.reaction_id as reaction2_14_0_, reactionus0_.reaction_user_id as reaction1_14_0_, reactionus0_.reaction_user_id as reaction1_14_1_, reactionus0_.reaction_id as reaction2_14_1_, reactionus0_.user_id as user_id3_14_1_ from reaction_user reactionus0_ where reactionus0_.reaction_id=?
Hibernate: select reactionus0_.reaction_id as reaction2_14_0_, reactionus0_.reaction_user_id as reaction1_14_0_, reactionus0_.reaction_user_id as reaction1_14_1_, reactionus0_.reaction_id as reaction2_14_1_, reactionus0_.user_id as user_id3_14_1_ from reaction_user reactionus0_ where reactionus0_.reaction_id=?
Hibernate: select commentlis0_.board_id as board_id5_7_0_, commentlis0_.comment_id as comment_1_7_0_, commentlis0_.comment_id as comment_1_7_1_, commentlis0_.board_id as board_id5_7_1_, commentlis0_.comment_content as comment_2_7_1_, commentlis0_.comment_created_at as comment_3_7_1_, commentlis0_.comment_last_modified_at as comment_4_7_1_, commentlis0_.user_id as user_id6_7_1_ from comment commentlis0_ where commentlis0_.board_id=?
Hibernate: select boardlist0_.category_id as category7_4_0_, boardlist0_.board_id as board_id1_4_0_, boardlist0_.board_id as board_id1_4_1_, boardlist0_.category_id as category7_4_1_, boardlist0_.board_content as board_co2_4_1_, boardlist0_.board_created_at as board_cr3_4_1_, boardlist0_.board_last_modified_at as board_la4_4_1_, boardlist0_.board_title as board_ti5_4_1_, boardlist0_.user_id as user_id8_4_1_, boardlist0_.board_views as board_vi6_4_1_ from board boardlist0_ where boardlist0_.category_id=?
Hibernate: select count(comment0_.comment_id) as col_0_0_ from comment comment0_ where comment0_.board_id=?
Hibernate: update board set category_id=?, board_content=?, board_created_at=?, board_last_modified_at=?, board_title=?, user_id=?, board_views=? where board_id=?
Hibernate: select filepathli0_.board_board_id as board_bo1_8_0_, filepathli0_.board_file_path_list as board_fi2_8_0_ from file_path_list filepathli0_ where filepathli0_.board_board_id=?
Hibernate: select filename0_.filename_id as filename1_9_, filename0_.filename_origin as filename2_9_, filename0_.filename_uuid as filename3_9_ from filename filename0_ where filename0_.filename_uuid=?
Hibernate: delete from filename where filename_id=?
Hibernate: select imagepathl0_.board_board_id as board_bo1_11_0_, imagepathl0_.board_image_path_list as board_im2_11_0_ from image_path_list imagepathl0_ where imagepathl0_.board_board_id=?
Hibernate: select filename0_.filename_id as filename1_9_, filename0_.filename_origin as filename2_9_, filename0_.filename_uuid as filename3_9_ from filename filename0_ where filename0_.filename_uuid=?
Hibernate: delete from filename where filename_id=?
Hibernate: select count(*) as col_0_0_ from board board0_ where board0_.board_id=?
Hibernate: delete from file_path_list where board_board_id=?
Hibernate: delete from image_path_list where board_board_id=?
Hibernate: delete from comment where comment_id=?
Hibernate: delete from comment where comment_id=?
Hibernate: delete from reaction where reaction_id=?
Hibernate: delete from reaction where reaction_id=?
Hibernate: delete from reaction where reaction_id=?
Hibernate: delete from reaction where reaction_id=?
Hibernate: delete from reaction where reaction_id=?
Hibernate: delete from reaction where reaction_id=?
Hibernate: delete from board where board_id=?
Hibernate: select user0_.user_id as user_id1_21_0_, user0_.character_id as characte7_21_0_, user0_.user_created_at as user_cre2_21_0_, user0_.user_name as user_nam3_21_0_, user0_.user_phone_number as user_pho4_21_0_, user0_.user_user_id as user_use5_21_0_, user0_.user_user_password as user_use6_21_0_ from user user0_ where user0_.user_id=?
Hibernate: select character0_.character_id as characte1_6_0_, character0_.character_character_name as characte2_6_0_ from characters character0_ where character0_.character_id=?
Hibernate: select count(*) as col_0_0_ from user user0_ where user0_.user_id=?
Hibernate: select character1_.character_id as characte1_6_, character1_.character_character_name as characte2_6_ from user user0_ inner join characters character1_ on user0_.character_id=character1_.character_id where user0_.user_id=?
Hibernate: select permission0_.character_id as characte6_12_0_, permission0_.permission_id as permissi1_12_0_, permission0_.permission_id as permissi1_12_1_, permission0_.character_id as characte6_12_1_, permission0_.permission_name as permissi2_12_1_, permission0_.permission_permission_unit_id as permissi3_12_1_, permission0_.permission_service as permissi4_12_1_, permission0_.permission_status as permissi5_12_1_ from permission permission0_ where permission0_.character_id=?
Hibernate: select count(*) as col_0_0_ from board board0_ where board0_.board_id=?
Hibernate: select user0_.user_id as col_0_0_ from user user0_ where user0_.user_user_id=? limit ?
Hibernate: select user0_.user_id as col_0_0_ from user user0_ where user0_.user_user_id=? limit ?
Hibernate: select U.* from USER U where U.USER_USER_ID =?
Hibernate: select character0_.character_id as characte1_6_0_, character0_.character_character_name as characte2_6_0_ from characters character0_ where character0_.character_id=?
Hibernate: select user0_.user_id as user_id1_21_0_, user0_.character_id as characte7_21_0_, user0_.user_created_at as user_cre2_21_0_, user0_.user_name as user_nam3_21_0_, user0_.user_phone_number as user_pho4_21_0_, user0_.user_user_id as user_use5_21_0_, user0_.user_user_password as user_use6_21_0_ from user user0_ where user0_.user_id=?
Hibernate: select character0_.character_id as characte1_6_0_, character0_.character_character_name as characte2_6_0_ from characters character0_ where character0_.character_id=?
Hibernate: select category0_.category_id as category1_5_, category0_.category_name as category2_5_ from category category0_
Hibernate: select boardlist0_.category_id as category7_4_0_, boardlist0_.board_id as board_id1_4_0_, boardlist0_.board_id as board_id1_4_1_, boardlist0_.category_id as category7_4_1_, boardlist0_.board_content as board_co2_4_1_, boardlist0_.board_created_at as board_cr3_4_1_, boardlist0_.board_last_modified_at as board_la4_4_1_, boardlist0_.board_title as board_ti5_4_1_, boardlist0_.user_id as user_id8_4_1_, boardlist0_.board_views as board_vi6_4_1_ from board boardlist0_ where boardlist0_.category_id=?
Hibernate: select boardlist0_.category_id as category7_4_0_, boardlist0_.board_id as board_id1_4_0_, boardlist0_.board_id as board_id1_4_1_, boardlist0_.category_id as category7_4_1_, boardlist0_.board_content as board_co2_4_1_, boardlist0_.board_created_at as board_cr3_4_1_, boardlist0_.board_last_modified_at as board_la4_4_1_, boardlist0_.board_title as board_ti5_4_1_, boardlist0_.user_id as user_id8_4_1_, boardlist0_.board_views as board_vi6_4_1_ from board boardlist0_ where boardlist0_.category_id=?
Hibernate: select boardlist0_.category_id as category7_4_0_, boardlist0_.board_id as board_id1_4_0_, boardlist0_.board_id as board_id1_4_1_, boardlist0_.category_id as category7_4_1_, boardlist0_.board_content as board_co2_4_1_, boardlist0_.board_created_at as board_cr3_4_1_, boardlist0_.board_last_modified_at as board_la4_4_1_, boardlist0_.board_title as board_ti5_4_1_, boardlist0_.user_id as user_id8_4_1_, boardlist0_.board_views as board_vi6_4_1_ from board boardlist0_ where boardlist0_.category_id=?
Hibernate: select user0_.user_id as user_id1_21_0_, user0_.character_id as characte7_21_0_, user0_.user_created_at as user_cre2_21_0_, user0_.user_name as user_nam3_21_0_, user0_.user_phone_number as user_pho4_21_0_, user0_.user_user_id as user_use5_21_0_, user0_.user_user_password as user_use6_21_0_ from user user0_ where user0_.user_id=?
Hibernate: select character0_.character_id as characte1_6_0_, character0_.character_character_name as characte2_6_0_ from characters character0_ where character0_.character_id=?
Hibernate: select count(*) as col_0_0_ from user user0_ where user0_.user_id=?
Hibernate: select character1_.character_id as characte1_6_, character1_.character_character_name as characte2_6_ from user user0_ inner join characters character1_ on user0_.character_id=character1_.character_id where user0_.user_id=?
Hibernate: select permission0_.character_id as characte6_12_0_, permission0_.permission_id as permissi1_12_0_, permission0_.permission_id as permissi1_12_1_, permission0_.character_id as characte6_12_1_, permission0_.permission_name as permissi2_12_1_, permission0_.permission_permission_unit_id as permissi3_12_1_, permission0_.permission_service as permissi4_12_1_, permission0_.permission_status as permissi5_12_1_ from permission permission0_ where permission0_.character_id=?
Hibernate: select count(*) as col_0_0_ from category category0_ where category0_.category_id=?
Hibernate: select count(board0_.board_id) as col_0_0_ from board board0_ where board0_.category_id=?
Hibernate: select category0_.category_id as category1_5_0_, category0_.category_name as category2_5_0_ from category category0_ where category0_.category_id=?
Hibernate: select boardlist0_.category_id as category7_4_0_, boardlist0_.board_id as board_id1_4_0_, boardlist0_.board_id as board_id1_4_1_, boardlist0_.category_id as category7_4_1_, boardlist0_.board_content as board_co2_4_1_, boardlist0_.board_created_at as board_cr3_4_1_, boardlist0_.board_last_modified_at as board_la4_4_1_, boardlist0_.board_title as board_ti5_4_1_, boardlist0_.user_id as user_id8_4_1_, boardlist0_.board_views as board_vi6_4_1_ from board boardlist0_ where boardlist0_.category_id=?
Hibernate: delete from category where category_id=?
Hibernate: select user0_.user_id as user_id1_21_0_, user0_.character_id as characte7_21_0_, user0_.user_created_at as user_cre2_21_0_, user0_.user_name as user_nam3_21_0_, user0_.user_phone_number as user_pho4_21_0_, user0_.user_user_id as user_use5_21_0_, user0_.user_user_password as user_use6_21_0_ from user user0_ where user0_.user_id=?
Hibernate: select character0_.character_id as characte1_6_0_, character0_.character_character_name as characte2_6_0_ from characters character0_ where character0_.character_id=?
Hibernate: select count(*) as col_0_0_ from user user0_ where user0_.user_id=?
Hibernate: select character1_.character_id as characte1_6_, character1_.character_character_name as characte2_6_ from user user0_ inner join characters character1_ on user0_.character_id=character1_.character_id where user0_.user_id=?
Hibernate: select permission0_.character_id as characte6_12_0_, permission0_.permission_id as permissi1_12_0_, permission0_.permission_id as permissi1_12_1_, permission0_.character_id as characte6_12_1_, permission0_.permission_name as permissi2_12_1_, permission0_.permission_permission_unit_id as permissi3_12_1_, permission0_.permission_service as permissi4_12_1_, permission0_.permission_status as permissi5_12_1_ from permission permission0_ where permission0_.character_id=?
Hibernate: select count(*) as col_0_0_ from category category0_ where category0_.category_id=?
Hibernate: select count(board0_.board_id) as col_0_0_ from board board0_ where board0_.category_id=?
Hibernate: select category0_.category_id as category1_5_0_, category0_.category_name as category2_5_0_ from category category0_ where category0_.category_id=?
Hibernate: select boardlist0_.category_id as category7_4_0_, boardlist0_.board_id as board_id1_4_0_, boardlist0_.board_id as board_id1_4_1_, boardlist0_.category_id as category7_4_1_, boardlist0_.board_content as board_co2_4_1_, boardlist0_.board_created_at as board_cr3_4_1_, boardlist0_.board_last_modified_at as board_la4_4_1_, boardlist0_.board_title as board_ti5_4_1_, boardlist0_.user_id as user_id8_4_1_, boardlist0_.board_views as board_vi6_4_1_ from board boardlist0_ where boardlist0_.category_id=?
Hibernate: delete from category where category_id=?
Hibernate: select user0_.user_id as user_id1_21_0_, user0_.character_id as characte7_21_0_, user0_.user_created_at as user_cre2_21_0_, user0_.user_name as user_nam3_21_0_, user0_.user_phone_number as user_pho4_21_0_, user0_.user_user_id as user_use5_21_0_, user0_.user_user_password as user_use6_21_0_ from user user0_ where user0_.user_id=?
Hibernate: select character0_.character_id as characte1_6_0_, character0_.character_character_name as characte2_6_0_ from characters character0_ where character0_.character_id=?
Hibernate: select count(*) as col_0_0_ from user user0_ where user0_.user_id=?
Hibernate: select character1_.character_id as characte1_6_, character1_.character_character_name as characte2_6_ from user user0_ inner join characters character1_ on user0_.character_id=character1_.character_id where user0_.user_id=?
Hibernate: select permission0_.character_id as characte6_12_0_, permission0_.permission_id as permissi1_12_0_, permission0_.permission_id as permissi1_12_1_, permission0_.character_id as characte6_12_1_, permission0_.permission_name as permissi2_12_1_, permission0_.permission_permission_unit_id as permissi3_12_1_, permission0_.permission_service as permissi4_12_1_, permission0_.permission_status as permissi5_12_1_ from permission permission0_ where permission0_.character_id=?
Hibernate: select count(*) as col_0_0_ from category category0_ where category0_.category_id=?
Hibernate: select count(board0_.board_id) as col_0_0_ from board board0_ where board0_.category_id=?
Hibernate: select category0_.category_id as category1_5_0_, category0_.category_name as category2_5_0_ from category category0_ where category0_.category_id=?
Hibernate: select boardlist0_.category_id as category7_4_0_, boardlist0_.board_id as board_id1_4_0_, boardlist0_.board_id as board_id1_4_1_, boardlist0_.category_id as category7_4_1_, boardlist0_.board_content as board_co2_4_1_, boardlist0_.board_created_at as board_cr3_4_1_, boardlist0_.board_last_modified_at as board_la4_4_1_, boardlist0_.board_title as board_ti5_4_1_, boardlist0_.user_id as user_id8_4_1_, boardlist0_.board_views as board_vi6_4_1_ from board boardlist0_ where boardlist0_.category_id=?
Hibernate: delete from category where category_id=?
Hibernate: select user0_.user_id as user_id1_21_0_, user0_.character_id as characte7_21_0_, user0_.user_created_at as user_cre2_21_0_, user0_.user_name as user_nam3_21_0_, user0_.user_phone_number as user_pho4_21_0_, user0_.user_user_id as user_use5_21_0_, user0_.user_user_password as user_use6_21_0_ from user user0_ where user0_.user_id=?
Hibernate: select character0_.character_id as characte1_6_0_, character0_.character_character_name as characte2_6_0_ from characters character0_ where character0_.character_id=?
Hibernate: select count(*) as col_0_0_ from user user0_ where user0_.user_id=?
Hibernate: select character1_.character_id as characte1_6_, character1_.character_character_name as characte2_6_ from user user0_ inner join characters character1_ on user0_.character_id=character1_.character_id where user0_.user_id=?
Hibernate: select permission0_.character_id as characte6_12_0_, permission0_.permission_id as permissi1_12_0_, permission0_.permission_id as permissi1_12_1_, permission0_.character_id as characte6_12_1_, permission0_.permission_name as permissi2_12_1_, permission0_.permission_permission_unit_id as permissi3_12_1_, permission0_.permission_service as permissi4_12_1_, permission0_.permission_status as permissi5_12_1_ from permission permission0_ where permission0_.character_id=?
Hibernate: select category0_.category_id as col_0_0_ from category category0_ where category0_.category_name=? limit ?
Hibernate: select category0_.category_id as category1_5_1_, category0_.category_name as category2_5_1_, boardlist1_.category_id as category7_4_3_, boardlist1_.board_id as board_id1_4_3_, boardlist1_.board_id as board_id1_4_0_, boardlist1_.category_id as category7_4_0_, boardlist1_.board_content as board_co2_4_0_, boardlist1_.board_created_at as board_cr3_4_0_, boardlist1_.board_last_modified_at as board_la4_4_0_, boardlist1_.board_title as board_ti5_4_0_, boardlist1_.user_id as user_id8_4_0_, boardlist1_.board_views as board_vi6_4_0_ from category category0_ left outer join board boardlist1_ on category0_.category_id=boardlist1_.category_id where category0_.category_id=?
Hibernate: insert into category (category_id, category_name) values (default, ?)
Hibernate: select user0_.user_id as user_id1_21_0_, user0_.character_id as characte7_21_0_, user0_.user_created_at as user_cre2_21_0_, user0_.user_name as user_nam3_21_0_, user0_.user_phone_number as user_pho4_21_0_, user0_.user_user_id as user_use5_21_0_, user0_.user_user_password as user_use6_21_0_ from user user0_ where user0_.user_id=?
Hibernate: select character0_.character_id as characte1_6_0_, character0_.character_character_name as characte2_6_0_ from characters character0_ where character0_.character_id=?
Hibernate: select count(*) as col_0_0_ from user user0_ where user0_.user_id=?
Hibernate: select character1_.character_id as characte1_6_, character1_.character_character_name as characte2_6_ from user user0_ inner join characters character1_ on user0_.character_id=character1_.character_id where user0_.user_id=?
Hibernate: select permission0_.character_id as characte6_12_0_, permission0_.permission_id as permissi1_12_0_, permission0_.permission_id as permissi1_12_1_, permission0_.character_id as characte6_12_1_, permission0_.permission_name as permissi2_12_1_, permission0_.permission_permission_unit_id as permissi3_12_1_, permission0_.permission_service as permissi4_12_1_, permission0_.permission_status as permissi5_12_1_ from permission permission0_ where permission0_.character_id=?
Hibernate: select category0_.category_id as col_0_0_ from category category0_ where category0_.category_name=? limit ?
Hibernate: select category0_.category_id as category1_5_1_, category0_.category_name as category2_5_1_, boardlist1_.category_id as category7_4_3_, boardlist1_.board_id as board_id1_4_3_, boardlist1_.board_id as board_id1_4_0_, boardlist1_.category_id as category7_4_0_, boardlist1_.board_content as board_co2_4_0_, boardlist1_.board_created_at as board_cr3_4_0_, boardlist1_.board_last_modified_at as board_la4_4_0_, boardlist1_.board_title as board_ti5_4_0_, boardlist1_.user_id as user_id8_4_0_, boardlist1_.board_views as board_vi6_4_0_ from category category0_ left outer join board boardlist1_ on category0_.category_id=boardlist1_.category_id where category0_.category_id=?
Hibernate: insert into category (category_id, category_name) values (default, ?)
Hibernate: select user0_.user_id as col_0_0_ from user user0_ where user0_.user_user_id=? limit ?
Hibernate: select user0_.user_id as col_0_0_ from user user0_ where user0_.user_user_id=? limit ?
Hibernate: select U.* from USER U where U.USER_USER_ID =?
Hibernate: select character0_.character_id as characte1_6_0_, character0_.character_character_name as characte2_6_0_ from characters character0_ where character0_.character_id=?
Hibernate: select user0_.user_id as col_0_0_ from user user0_ where user0_.user_user_id=? limit ?
Hibernate: select user0_.user_id as col_0_0_ from user user0_ where user0_.user_user_id=? limit ?
Hibernate: select U.* from USER U where U.USER_USER_ID =?
Hibernate: select character0_.character_id as characte1_6_0_, character0_.character_character_name as characte2_6_0_ from characters character0_ where character0_.character_id=?
Hibernate: select user0_.user_id as user_id1_21_0_, user0_.character_id as characte7_21_0_, user0_.user_created_at as user_cre2_21_0_, user0_.user_name as user_nam3_21_0_, user0_.user_phone_number as user_pho4_21_0_, user0_.user_user_id as user_use5_21_0_, user0_.user_user_password as user_use6_21_0_ from user user0_ where user0_.user_id=?
Hibernate: select character0_.character_id as characte1_6_0_, character0_.character_character_name as characte2_6_0_ from characters character0_ where character0_.character_id=?
Hibernate: select count(*) as col_0_0_ from board board0_
Hibernate: select count(*) as col_0_0_ from board board0_
Hibernate: select user0_.user_id as col_0_0_ from user user0_ where user0_.user_user_id=? limit ?
Hibernate: select user0_.user_id as col_0_0_ from user user0_ where user0_.user_user_id=? limit ?
Hibernate: select U.* from USER U where U.USER_USER_ID =?
Hibernate: select character0_.character_id as characte1_6_0_, character0_.character_character_name as characte2_6_0_ from characters character0_ where character0_.character_id=?
Hibernate: select user0_.user_id as user_id1_21_0_, user0_.character_id as characte7_21_0_, user0_.user_created_at as user_cre2_21_0_, user0_.user_name as user_nam3_21_0_, user0_.user_phone_number as user_pho4_21_0_, user0_.user_user_id as user_use5_21_0_, user0_.user_user_password as user_use6_21_0_ from user user0_ where user0_.user_id=?
Hibernate: select character0_.character_id as characte1_6_0_, character0_.character_character_name as characte2_6_0_ from characters character0_ where character0_.character_id=?
Hibernate: select category0_.category_id as category1_5_, category0_.category_name as category2_5_ from category category0_
Hibernate: select boardlist0_.category_id as category7_4_0_, boardlist0_.board_id as board_id1_4_0_, boardlist0_.board_id as board_id1_4_1_, boardlist0_.category_id as category7_4_1_, boardlist0_.board_content as board_co2_4_1_, boardlist0_.board_created_at as board_cr3_4_1_, boardlist0_.board_last_modified_at as board_la4_4_1_, boardlist0_.board_title as board_ti5_4_1_, boardlist0_.user_id as user_id8_4_1_, boardlist0_.board_views as board_vi6_4_1_ from board boardlist0_ where boardlist0_.category_id=?
Hibernate: select boardlist0_.category_id as category7_4_0_, boardlist0_.board_id as board_id1_4_0_, boardlist0_.board_id as board_id1_4_1_, boardlist0_.category_id as category7_4_1_, boardlist0_.board_content as board_co2_4_1_, boardlist0_.board_created_at as board_cr3_4_1_, boardlist0_.board_last_modified_at as board_la4_4_1_, boardlist0_.board_title as board_ti5_4_1_, boardlist0_.user_id as user_id8_4_1_, boardlist0_.board_views as board_vi6_4_1_ from board boardlist0_ where boardlist0_.category_id=?
Hibernate: select user0_.user_id as user_id1_21_0_, user0_.character_id as characte7_21_0_, user0_.user_created_at as user_cre2_21_0_, user0_.user_name as user_nam3_21_0_, user0_.user_phone_number as user_pho4_21_0_, user0_.user_user_id as user_use5_21_0_, user0_.user_user_password as user_use6_21_0_ from user user0_ where user0_.user_id=?
Hibernate: select character0_.character_id as characte1_6_0_, character0_.character_character_name as characte2_6_0_ from characters character0_ where character0_.character_id=?
Hibernate: select count(*) as col_0_0_ from user user0_ where user0_.user_id=?
Hibernate: select character1_.character_id as characte1_6_, character1_.character_character_name as characte2_6_ from user user0_ inner join characters character1_ on user0_.character_id=character1_.character_id where user0_.user_id=?
Hibernate: select permission0_.character_id as characte6_12_0_, permission0_.permission_id as permissi1_12_0_, permission0_.permission_id as permissi1_12_1_, permission0_.character_id as characte6_12_1_, permission0_.permission_name as permissi2_12_1_, permission0_.permission_permission_unit_id as permissi3_12_1_, permission0_.permission_service as permissi4_12_1_, permission0_.permission_status as permissi5_12_1_ from permission permission0_ where permission0_.character_id=?
Hibernate: select count(*) as col_0_0_ from category category0_ where category0_.category_id=?
Hibernate: select count(board0_.board_id) as col_0_0_ from board board0_ where board0_.category_id=?
Hibernate: select category0_.category_id as category1_5_0_, category0_.category_name as category2_5_0_ from category category0_ where category0_.category_id=?
Hibernate: select boardlist0_.category_id as category7_4_0_, boardlist0_.board_id as board_id1_4_0_, boardlist0_.board_id as board_id1_4_1_, boardlist0_.category_id as category7_4_1_, boardlist0_.board_content as board_co2_4_1_, boardlist0_.board_created_at as board_cr3_4_1_, boardlist0_.board_last_modified_at as board_la4_4_1_, boardlist0_.board_title as board_ti5_4_1_, boardlist0_.user_id as user_id8_4_1_, boardlist0_.board_views as board_vi6_4_1_ from board boardlist0_ where boardlist0_.category_id=?
Hibernate: delete from category where category_id=?
Hibernate: select user0_.user_id as user_id1_21_0_, user0_.character_id as characte7_21_0_, user0_.user_created_at as user_cre2_21_0_, user0_.user_name as user_nam3_21_0_, user0_.user_phone_number as user_pho4_21_0_, user0_.user_user_id as user_use5_21_0_, user0_.user_user_password as user_use6_21_0_ from user user0_ where user0_.user_id=?
Hibernate: select character0_.character_id as characte1_6_0_, character0_.character_character_name as characte2_6_0_ from characters character0_ where character0_.character_id=?
Hibernate: select count(*) as col_0_0_ from user user0_ where user0_.user_id=?
Hibernate: select character1_.character_id as characte1_6_, character1_.character_character_name as characte2_6_ from user user0_ inner join characters character1_ on user0_.character_id=character1_.character_id where user0_.user_id=?
Hibernate: select permission0_.character_id as characte6_12_0_, permission0_.permission_id as permissi1_12_0_, permission0_.permission_id as permissi1_12_1_, permission0_.character_id as characte6_12_1_, permission0_.permission_name as permissi2_12_1_, permission0_.permission_permission_unit_id as permissi3_12_1_, permission0_.permission_service as permissi4_12_1_, permission0_.permission_status as permissi5_12_1_ from permission permission0_ where permission0_.character_id=?
Hibernate: select count(*) as col_0_0_ from category category0_ where category0_.category_id=?
Hibernate: select count(board0_.board_id) as col_0_0_ from board board0_ where board0_.category_id=?
Hibernate: select category0_.category_id as category1_5_0_, category0_.category_name as category2_5_0_ from category category0_ where category0_.category_id=?
Hibernate: select boardlist0_.category_id as category7_4_0_, boardlist0_.board_id as board_id1_4_0_, boardlist0_.board_id as board_id1_4_1_, boardlist0_.category_id as category7_4_1_, boardlist0_.board_content as board_co2_4_1_, boardlist0_.board_created_at as board_cr3_4_1_, boardlist0_.board_last_modified_at as board_la4_4_1_, boardlist0_.board_title as board_ti5_4_1_, boardlist0_.user_id as user_id8_4_1_, boardlist0_.board_views as board_vi6_4_1_ from board boardlist0_ where boardlist0_.category_id=?
Hibernate: delete from category where category_id=?
Hibernate: select user0_.user_id as user_id1_21_0_, user0_.character_id as characte7_21_0_, user0_.user_created_at as user_cre2_21_0_, user0_.user_name as user_nam3_21_0_, user0_.user_phone_number as user_pho4_21_0_, user0_.user_user_id as user_use5_21_0_, user0_.user_user_password as user_use6_21_0_ from user user0_ where user0_.user_id=?
Hibernate: select character0_.character_id as characte1_6_0_, character0_.character_character_name as characte2_6_0_ from characters character0_ where character0_.character_id=?
Hibernate: select count(*) as col_0_0_ from user user0_ where user0_.user_id=?
Hibernate: select character1_.character_id as characte1_6_, character1_.character_character_name as characte2_6_ from user user0_ inner join characters character1_ on user0_.character_id=character1_.character_id where user0_.user_id=?
Hibernate: select permission0_.character_id as characte6_12_0_, permission0_.permission_id as permissi1_12_0_, permission0_.permission_id as permissi1_12_1_, permission0_.character_id as characte6_12_1_, permission0_.permission_name as permissi2_12_1_, permission0_.permission_permission_unit_id as permissi3_12_1_, permission0_.permission_service as permissi4_12_1_, permission0_.permission_status as permissi5_12_1_ from permission permission0_ where permission0_.character_id=?
Hibernate: select category0_.category_id as col_0_0_ from category category0_ where category0_.category_name=? limit ?
Hibernate: select category0_.category_id as category1_5_1_, category0_.category_name as category2_5_1_, boardlist1_.category_id as category7_4_3_, boardlist1_.board_id as board_id1_4_3_, boardlist1_.board_id as board_id1_4_0_, boardlist1_.category_id as category7_4_0_, boardlist1_.board_content as board_co2_4_0_, boardlist1_.board_created_at as board_cr3_4_0_, boardlist1_.board_last_modified_at as board_la4_4_0_, boardlist1_.board_title as board_ti5_4_0_, boardlist1_.user_id as user_id8_4_0_, boardlist1_.board_views as board_vi6_4_0_ from category category0_ left outer join board boardlist1_ on category0_.category_id=boardlist1_.category_id where category0_.category_id=?
Hibernate: insert into category (category_id, category_name) values (default, ?)
Hibernate: select user0_.user_id as user_id1_21_0_, user0_.character_id as characte7_21_0_, user0_.user_created_at as user_cre2_21_0_, user0_.user_name as user_nam3_21_0_, user0_.user_phone_number as user_pho4_21_0_, user0_.user_user_id as user_use5_21_0_, user0_.user_user_password as user_use6_21_0_ from user user0_ where user0_.user_id=?
Hibernate: select character0_.character_id as characte1_6_0_, character0_.character_character_name as characte2_6_0_ from characters character0_ where character0_.character_id=?
Hibernate: select count(*) as col_0_0_ from user user0_ where user0_.user_id=?
Hibernate: select character1_.character_id as characte1_6_, character1_.character_character_name as characte2_6_ from user user0_ inner join characters character1_ on user0_.character_id=character1_.character_id where user0_.user_id=?
Hibernate: select permission0_.character_id as characte6_12_0_, permission0_.permission_id as permissi1_12_0_, permission0_.permission_id as permissi1_12_1_, permission0_.character_id as characte6_12_1_, permission0_.permission_name as permissi2_12_1_, permission0_.permission_permission_unit_id as permissi3_12_1_, permission0_.permission_service as permissi4_12_1_, permission0_.permission_status as permissi5_12_1_ from permission permission0_ where permission0_.character_id=?
Hibernate: select category0_.category_id as col_0_0_ from category category0_ where category0_.category_name=? limit ?
Hibernate: select category0_.category_id as category1_5_1_, category0_.category_name as category2_5_1_, boardlist1_.category_id as category7_4_3_, boardlist1_.board_id as board_id1_4_3_, boardlist1_.board_id as board_id1_4_0_, boardlist1_.category_id as category7_4_0_, boardlist1_.board_content as board_co2_4_0_, boardlist1_.board_created_at as board_cr3_4_0_, boardlist1_.board_last_modified_at as board_la4_4_0_, boardlist1_.board_title as board_ti5_4_0_, boardlist1_.user_id as user_id8_4_0_, boardlist1_.board_views as board_vi6_4_0_ from category category0_ left outer join board boardlist1_ on category0_.category_id=boardlist1_.category_id where category0_.category_id=?
Hibernate: insert into category (category_id, category_name) values (default, ?)
Hibernate: select user0_.user_id as col_0_0_ from user user0_ where user0_.user_user_id=? limit ?
Hibernate: select user0_.user_id as col_0_0_ from user user0_ where user0_.user_user_id=? limit ?
Hibernate: select U.* from USER U where U.USER_USER_ID =?
Hibernate: select character0_.character_id as characte1_6_0_, character0_.character_character_name as characte2_6_0_ from characters character0_ where character0_.character_id=?
Hibernate: select user0_.user_id as col_0_0_ from user user0_ where user0_.user_user_id=? limit ?
Hibernate: select user0_.user_id as col_0_0_ from user user0_ where user0_.user_user_id=? limit ?
Hibernate: select U.* from USER U where U.USER_USER_ID =?
Hibernate: select character0_.character_id as characte1_6_0_, character0_.character_character_name as characte2_6_0_ from characters character0_ where character0_.character_id=?
Hibernate: select user0_.user_id as col_0_0_ from user user0_ where user0_.user_user_id=? limit ?
Hibernate: select user0_.user_id as col_0_0_ from user user0_ where user0_.user_user_id=? limit ?
Hibernate: select U.* from USER U where U.USER_USER_ID =?
Hibernate: select character0_.character_id as characte1_6_0_, character0_.character_character_name as characte2_6_0_ from characters character0_ where character0_.character_id=?
Hibernate: select user0_.user_id as user_id1_21_0_, user0_.character_id as characte7_21_0_, user0_.user_created_at as user_cre2_21_0_, user0_.user_name as user_nam3_21_0_, user0_.user_phone_number as user_pho4_21_0_, user0_.user_user_id as user_use5_21_0_, user0_.user_user_password as user_use6_21_0_ from user user0_ where user0_.user_id=?
Hibernate: select character0_.character_id as characte1_6_0_, character0_.character_character_name as characte2_6_0_ from characters character0_ where character0_.character_id=?
Hibernate: select count(*) as col_0_0_ from user user0_ where user0_.user_id=?
Hibernate: select character1_.character_id as characte1_6_, character1_.character_character_name as characte2_6_ from user user0_ inner join characters character1_ on user0_.character_id=character1_.character_id where user0_.user_id=?
Hibernate: select permission0_.character_id as characte6_12_0_, permission0_.permission_id as permissi1_12_0_, permission0_.permission_id as permissi1_12_1_, permission0_.character_id as characte6_12_1_, permission0_.permission_name as permissi2_12_1_, permission0_.permission_permission_unit_id as permissi3_12_1_, permission0_.permission_service as permissi4_12_1_, permission0_.permission_status as permissi5_12_1_ from permission permission0_ where permission0_.character_id=?
Hibernate: select category0_.category_id as col_0_0_ from category category0_ where category0_.category_name=? limit ?
Hibernate: select category0_.category_id as category1_5_1_, category0_.category_name as category2_5_1_, boardlist1_.category_id as category7_4_3_, boardlist1_.board_id as board_id1_4_3_, boardlist1_.board_id as board_id1_4_0_, boardlist1_.category_id as category7_4_0_, boardlist1_.board_content as board_co2_4_0_, boardlist1_.board_created_at as board_cr3_4_0_, boardlist1_.board_last_modified_at as board_la4_4_0_, boardlist1_.board_title as board_ti5_4_0_, boardlist1_.user_id as user_id8_4_0_, boardlist1_.board_views as board_vi6_4_0_ from category category0_ left outer join board boardlist1_ on category0_.category_id=boardlist1_.category_id where category0_.category_id=?
Hibernate: insert into category (category_id, category_name) values (default, ?)
Hibernate: select user0_.user_id as user_id1_21_0_, user0_.character_id as characte7_21_0_, user0_.user_created_at as user_cre2_21_0_, user0_.user_name as user_nam3_21_0_, user0_.user_phone_number as user_pho4_21_0_, user0_.user_user_id as user_use5_21_0_, user0_.user_user_password as user_use6_21_0_ from user user0_ where user0_.user_id=?
Hibernate: select character0_.character_id as characte1_6_0_, character0_.character_character_name as characte2_6_0_ from characters character0_ where character0_.character_id=?
Hibernate: select category0_.category_id as category1_5_, category0_.category_name as category2_5_ from category category0_
Hibernate: select boardlist0_.category_id as category7_4_0_, boardlist0_.board_id as board_id1_4_0_, boardlist0_.board_id as board_id1_4_1_, boardlist0_.category_id as category7_4_1_, boardlist0_.board_content as board_co2_4_1_, boardlist0_.board_created_at as board_cr3_4_1_, boardlist0_.board_last_modified_at as board_la4_4_1_, boardlist0_.board_title as board_ti5_4_1_, boardlist0_.user_id as user_id8_4_1_, boardlist0_.board_views as board_vi6_4_1_ from board boardlist0_ where boardlist0_.category_id=?
Hibernate: select boardlist0_.category_id as category7_4_0_, boardlist0_.board_id as board_id1_4_0_, boardlist0_.board_id as board_id1_4_1_, boardlist0_.category_id as category7_4_1_, boardlist0_.board_content as board_co2_4_1_, boardlist0_.board_created_at as board_cr3_4_1_, boardlist0_.board_last_modified_at as board_la4_4_1_, boardlist0_.board_title as board_ti5_4_1_, boardlist0_.user_id as user_id8_4_1_, boardlist0_.board_views as board_vi6_4_1_ from board boardlist0_ where boardlist0_.category_id=?
Hibernate: select boardlist0_.category_id as category7_4_0_, boardlist0_.board_id as board_id1_4_0_, boardlist0_.board_id as board_id1_4_1_, boardlist0_.category_id as category7_4_1_, boardlist0_.board_content as board_co2_4_1_, boardlist0_.board_created_at as board_cr3_4_1_, boardlist0_.board_last_modified_at as board_la4_4_1_, boardlist0_.board_title as board_ti5_4_1_, boardlist0_.user_id as user_id8_4_1_, boardlist0_.board_views as board_vi6_4_1_ from board boardlist0_ where boardlist0_.category_id=?
Hibernate: select user0_.user_id as user_id1_21_0_, user0_.character_id as characte7_21_0_, user0_.user_created_at as user_cre2_21_0_, user0_.user_name as user_nam3_21_0_, user0_.user_phone_number as user_pho4_21_0_, user0_.user_user_id as user_use5_21_0_, user0_.user_user_password as user_use6_21_0_ from user user0_ where user0_.user_id=?
Hibernate: select character0_.character_id as characte1_6_0_, character0_.character_character_name as characte2_6_0_ from characters character0_ where character0_.character_id=?
Hibernate: select count(*) as col_0_0_ from user user0_ where user0_.user_id=?
Hibernate: select character1_.character_id as characte1_6_, character1_.character_character_name as characte2_6_ from user user0_ inner join characters character1_ on user0_.character_id=character1_.character_id where user0_.user_id=?
Hibernate: select permission0_.character_id as characte6_12_0_, permission0_.permission_id as permissi1_12_0_, permission0_.permission_id as permissi1_12_1_, permission0_.character_id as characte6_12_1_, permission0_.permission_name as permissi2_12_1_, permission0_.permission_permission_unit_id as permissi3_12_1_, permission0_.permission_service as permissi4_12_1_, permission0_.permission_status as permissi5_12_1_ from permission permission0_ where permission0_.character_id=?
Hibernate: select count(*) as col_0_0_ from category category0_ where category0_.category_id=?
Hibernate: insert into filename (filename_id, filename_origin, filename_uuid) values (default, ?, ?)
Hibernate: insert into filename (filename_id, filename_origin, filename_uuid) values (default, ?, ?)
Hibernate: select category0_.category_id as category1_5_0_, category0_.category_name as category2_5_0_ from category category0_ where category0_.category_id=?
Hibernate: insert into board (board_id, category_id, board_content, board_created_at, board_last_modified_at, board_title, user_id, board_views) values (default, ?, ?, ?, ?, ?, ?, ?)
Hibernate: insert into reaction (reaction_id, board_id, reaction_type) values (default, ?, ?)
Hibernate: insert into reaction (reaction_id, board_id, reaction_type) values (default, ?, ?)
Hibernate: insert into reaction (reaction_id, board_id, reaction_type) values (default, ?, ?)
Hibernate: insert into reaction (reaction_id, board_id, reaction_type) values (default, ?, ?)
Hibernate: insert into reaction (reaction_id, board_id, reaction_type) values (default, ?, ?)
Hibernate: insert into reaction (reaction_id, board_id, reaction_type) values (default, ?, ?)
Hibernate: insert into file_path_list (board_board_id, board_file_path_list) values (?, ?)
Hibernate: insert into image_path_list (board_board_id, board_image_path_list) values (?, ?)
Hibernate: select user0_.user_id as user_id1_21_0_, user0_.character_id as characte7_21_0_, user0_.user_created_at as user_cre2_21_0_, user0_.user_name as user_nam3_21_0_, user0_.user_phone_number as user_pho4_21_0_, user0_.user_user_id as user_use5_21_0_, user0_.user_user_password as user_use6_21_0_ from user user0_ where user0_.user_id=?
Hibernate: select character0_.character_id as characte1_6_0_, character0_.character_character_name as characte2_6_0_ from characters character0_ where character0_.character_id=?
Hibernate: select count(*) as col_0_0_ from board board0_
Hibernate: select board0_.board_id as board_id1_4_, board0_.category_id as category7_4_, board0_.board_content as board_co2_4_, board0_.board_created_at as board_cr3_4_, board0_.board_last_modified_at as board_la4_4_, board0_.board_title as board_ti5_4_, board0_.user_id as user_id8_4_, board0_.board_views as board_vi6_4_ from board board0_ limit ?
Hibernate: select category0_.category_id as category1_5_0_, category0_.category_name as category2_5_0_ from category category0_ where category0_.category_id=?
Hibernate: select reactionli0_.board_id as board_id3_13_0_, reactionli0_.reaction_id as reaction1_13_0_, reactionli0_.reaction_id as reaction1_13_1_, reactionli0_.board_id as board_id3_13_1_, reactionli0_.reaction_type as reaction2_13_1_ from reaction reactionli0_ where reactionli0_.board_id=?
Hibernate: select reactionus0_.reaction_id as reaction2_14_0_, reactionus0_.reaction_user_id as reaction1_14_0_, reactionus0_.reaction_user_id as reaction1_14_1_, reactionus0_.reaction_id as reaction2_14_1_, reactionus0_.user_id as user_id3_14_1_ from reaction_user reactionus0_ where reactionus0_.reaction_id=?
Hibernate: select reactionus0_.reaction_id as reaction2_14_0_, reactionus0_.reaction_user_id as reaction1_14_0_, reactionus0_.reaction_user_id as reaction1_14_1_, reactionus0_.reaction_id as reaction2_14_1_, reactionus0_.user_id as user_id3_14_1_ from reaction_user reactionus0_ where reactionus0_.reaction_id=?
Hibernate: select reactionus0_.reaction_id as reaction2_14_0_, reactionus0_.reaction_user_id as reaction1_14_0_, reactionus0_.reaction_user_id as reaction1_14_1_, reactionus0_.reaction_id as reaction2_14_1_, reactionus0_.user_id as user_id3_14_1_ from reaction_user reactionus0_ where reactionus0_.reaction_id=?
Hibernate: select reactionus0_.reaction_id as reaction2_14_0_, reactionus0_.reaction_user_id as reaction1_14_0_, reactionus0_.reaction_user_id as reaction1_14_1_, reactionus0_.reaction_id as reaction2_14_1_, reactionus0_.user_id as user_id3_14_1_ from reaction_user reactionus0_ where reactionus0_.reaction_id=?
Hibernate: select reactionus0_.reaction_id as reaction2_14_0_, reactionus0_.reaction_user_id as reaction1_14_0_, reactionus0_.reaction_user_id as reaction1_14_1_, reactionus0_.reaction_id as reaction2_14_1_, reactionus0_.user_id as user_id3_14_1_ from reaction_user reactionus0_ where reactionus0_.reaction_id=?
Hibernate: select reactionus0_.reaction_id as reaction2_14_0_, reactionus0_.reaction_user_id as reaction1_14_0_, reactionus0_.reaction_user_id as reaction1_14_1_, reactionus0_.reaction_id as reaction2_14_1_, reactionus0_.user_id as user_id3_14_1_ from reaction_user reactionus0_ where reactionus0_.reaction_id=?
Hibernate: select commentlis0_.board_id as board_id5_7_0_, commentlis0_.comment_id as comment_1_7_0_, commentlis0_.comment_id as comment_1_7_1_, commentlis0_.board_id as board_id5_7_1_, commentlis0_.comment_content as comment_2_7_1_, commentlis0_.comment_created_at as comment_3_7_1_, commentlis0_.comment_last_modified_at as comment_4_7_1_, commentlis0_.user_id as user_id6_7_1_ from comment commentlis0_ where commentlis0_.board_id=?
Hibernate: select boardlist0_.category_id as category7_4_0_, boardlist0_.board_id as board_id1_4_0_, boardlist0_.board_id as board_id1_4_1_, boardlist0_.category_id as category7_4_1_, boardlist0_.board_content as board_co2_4_1_, boardlist0_.board_created_at as board_cr3_4_1_, boardlist0_.board_last_modified_at as board_la4_4_1_, boardlist0_.board_title as board_ti5_4_1_, boardlist0_.user_id as user_id8_4_1_, boardlist0_.board_views as board_vi6_4_1_ from board boardlist0_ where boardlist0_.category_id=?
Hibernate: select count(comment0_.comment_id) as col_0_0_ from comment comment0_ where comment0_.board_id=?
Hibernate: select count(*) as col_0_0_ from board board0_
Hibernate: select imagepathl0_.board_board_id as board_bo1_11_0_, imagepathl0_.board_image_path_list as board_im2_11_0_ from image_path_list imagepathl0_ where imagepathl0_.board_board_id=?
Hibernate: select filename0_.filename_id as filename1_9_, filename0_.filename_origin as filename2_9_, filename0_.filename_uuid as filename3_9_ from filename filename0_ where filename0_.filename_uuid=?
Hibernate: select filepathli0_.board_board_id as board_bo1_8_0_, filepathli0_.board_file_path_list as board_fi2_8_0_ from file_path_list filepathli0_ where filepathli0_.board_board_id=?
Hibernate: select filename0_.filename_id as filename1_9_, filename0_.filename_origin as filename2_9_, filename0_.filename_uuid as filename3_9_ from filename filename0_ where filename0_.filename_uuid=?
Hibernate: select user0_.user_id as user_id1_21_0_, user0_.character_id as characte7_21_0_, user0_.user_created_at as user_cre2_21_0_, user0_.user_name as user_nam3_21_0_, user0_.user_phone_number as user_pho4_21_0_, user0_.user_user_id as user_use5_21_0_, user0_.user_user_password as user_use6_21_0_ from user user0_ where user0_.user_id=?
Hibernate: select character0_.character_id as characte1_6_0_, character0_.character_character_name as characte2_6_0_ from characters character0_ where character0_.character_id=?
Hibernate: select count(*) as col_0_0_ from user user0_ where user0_.user_id=?
Hibernate: select character1_.character_id as characte1_6_, character1_.character_character_name as characte2_6_ from user user0_ inner join characters character1_ on user0_.character_id=character1_.character_id where user0_.user_id=?
Hibernate: select permission0_.character_id as characte6_12_0_, permission0_.permission_id as permissi1_12_0_, permission0_.permission_id as permissi1_12_1_, permission0_.character_id as characte6_12_1_, permission0_.permission_name as permissi2_12_1_, permission0_.permission_permission_unit_id as permissi3_12_1_, permission0_.permission_service as permissi4_12_1_, permission0_.permission_status as permissi5_12_1_ from permission permission0_ where permission0_.character_id=?
Hibernate: select count(*) as col_0_0_ from board board0_ where board0_.board_id=?
Hibernate: select board0_.board_id as board_id1_4_0_, board0_.category_id as category7_4_0_, board0_.board_content as board_co2_4_0_, board0_.board_created_at as board_cr3_4_0_, board0_.board_last_modified_at as board_la4_4_0_, board0_.board_title as board_ti5_4_0_, board0_.user_id as user_id8_4_0_, board0_.board_views as board_vi6_4_0_ from board board0_ where board0_.board_id=?
Hibernate: select category0_.category_id as category1_5_0_, category0_.category_name as category2_5_0_ from category category0_ where category0_.category_id=?
Hibernate: insert into comment (comment_id, board_id, comment_content, comment_created_at, comment_last_modified_at, user_id) values (default, ?, ?, ?, ?, ?)
Hibernate: select user0_.user_id as user_id1_21_0_, user0_.character_id as characte7_21_0_, user0_.user_created_at as user_cre2_21_0_, user0_.user_name as user_nam3_21_0_, user0_.user_phone_number as user_pho4_21_0_, user0_.user_user_id as user_use5_21_0_, user0_.user_user_password as user_use6_21_0_ from user user0_ where user0_.user_id=?
Hibernate: select character0_.character_id as characte1_6_0_, character0_.character_character_name as characte2_6_0_ from characters character0_ where character0_.character_id=?
Hibernate: select count(*) as col_0_0_ from user user0_ where user0_.user_id=?
Hibernate: select character1_.character_id as characte1_6_, character1_.character_character_name as characte2_6_ from user user0_ inner join characters character1_ on user0_.character_id=character1_.character_id where user0_.user_id=?
Hibernate: select permission0_.character_id as characte6_12_0_, permission0_.permission_id as permissi1_12_0_, permission0_.permission_id as permissi1_12_1_, permission0_.character_id as characte6_12_1_, permission0_.permission_name as permissi2_12_1_, permission0_.permission_permission_unit_id as permissi3_12_1_, permission0_.permission_service as permissi4_12_1_, permission0_.permission_status as permissi5_12_1_ from permission permission0_ where permission0_.character_id=?
Hibernate: select count(*) as col_0_0_ from board board0_ where board0_.board_id=?
Hibernate: select count(comment0_.comment_id) as col_0_0_ from comment comment0_ where comment0_.board_id=?
Hibernate: select comment0_.comment_id as comment_1_7_, comment0_.board_id as board_id5_7_, comment0_.comment_content as comment_2_7_, comment0_.comment_created_at as comment_3_7_, comment0_.comment_last_modified_at as comment_4_7_, comment0_.user_id as user_id6_7_ from comment comment0_ where comment0_.board_id=? limit ?
Hibernate: select board0_.board_id as board_id1_4_0_, board0_.category_id as category7_4_0_, board0_.board_content as board_co2_4_0_, board0_.board_created_at as board_cr3_4_0_, board0_.board_last_modified_at as board_la4_4_0_, board0_.board_title as board_ti5_4_0_, board0_.user_id as user_id8_4_0_, board0_.board_views as board_vi6_4_0_ from board board0_ where board0_.board_id=?
Hibernate: select category0_.category_id as category1_5_0_, category0_.category_name as category2_5_0_ from category category0_ where category0_.category_id=?
Hibernate: select U.* from USER U join COMMENT C where U.USER_ID = C.USER_ID and C.COMMENT_ID = ?
Hibernate: select character0_.character_id as characte1_6_0_, character0_.character_character_name as characte2_6_0_ from characters character0_ where character0_.character_id=?
Hibernate: select count(*) as col_0_0_ from user user0_ where user0_.user_id=?
Hibernate: select character1_.character_id as characte1_6_, character1_.character_character_name as characte2_6_ from user user0_ inner join characters character1_ on user0_.character_id=character1_.character_id where user0_.user_id=?
Hibernate: select permission0_.character_id as characte6_12_0_, permission0_.permission_id as permissi1_12_0_, permission0_.permission_id as permissi1_12_1_, permission0_.character_id as characte6_12_1_, permission0_.permission_name as permissi2_12_1_, permission0_.permission_permission_unit_id as permissi3_12_1_, permission0_.permission_service as permissi4_12_1_, permission0_.permission_status as permissi5_12_1_ from permission permission0_ where permission0_.character_id=?
Hibernate: select count(*) as col_0_0_ from comment comment0_ where comment0_.comment_id=?
Hibernate: select comment0_.comment_id as comment_1_7_0_, comment0_.board_id as board_id5_7_0_, comment0_.comment_content as comment_2_7_0_, comment0_.comment_created_at as comment_3_7_0_, comment0_.comment_last_modified_at as comment_4_7_0_, comment0_.user_id as user_id6_7_0_ from comment comment0_ where comment0_.comment_id=?
Hibernate: select board0_.board_id as board_id1_4_0_, board0_.category_id as category7_4_0_, board0_.board_content as board_co2_4_0_, board0_.board_created_at as board_cr3_4_0_, board0_.board_last_modified_at as board_la4_4_0_, board0_.board_title as board_ti5_4_0_, board0_.user_id as user_id8_4_0_, board0_.board_views as board_vi6_4_0_ from board board0_ where board0_.board_id=?
Hibernate: select category0_.category_id as category1_5_0_, category0_.category_name as category2_5_0_ from category category0_ where category0_.category_id=?
Hibernate: delete from comment where comment_id=?
Hibernate: select user0_.user_id as col_0_0_ from user user0_ where user0_.user_user_id=? limit ?
Hibernate: select user0_.user_id as col_0_0_ from user user0_ where user0_.user_user_id=? limit ?
Hibernate: select U.* from USER U where U.USER_USER_ID =?
Hibernate: select character0_.character_id as characte1_6_0_, character0_.character_character_name as characte2_6_0_ from characters character0_ where character0_.character_id=?
Hibernate: select user0_.user_id as user_id1_21_0_, user0_.character_id as characte7_21_0_, user0_.user_created_at as user_cre2_21_0_, user0_.user_name as user_nam3_21_0_, user0_.user_phone_number as user_pho4_21_0_, user0_.user_user_id as user_use5_21_0_, user0_.user_user_password as user_use6_21_0_ from user user0_ where user0_.user_id=?
Hibernate: select character0_.character_id as characte1_6_0_, character0_.character_character_name as characte2_6_0_ from characters character0_ where character0_.character_id=?
Hibernate: select count(*) as col_0_0_ from board board0_
Hibernate: select board0_.board_id as board_id1_4_, board0_.category_id as category7_4_, board0_.board_content as board_co2_4_, board0_.board_created_at as board_cr3_4_, board0_.board_last_modified_at as board_la4_4_, board0_.board_title as board_ti5_4_, board0_.user_id as user_id8_4_, board0_.board_views as board_vi6_4_ from board board0_ limit ?
Hibernate: select category0_.category_id as category1_5_0_, category0_.category_name as category2_5_0_ from category category0_ where category0_.category_id=?
Hibernate: select reactionli0_.board_id as board_id3_13_0_, reactionli0_.reaction_id as reaction1_13_0_, reactionli0_.reaction_id as reaction1_13_1_, reactionli0_.board_id as board_id3_13_1_, reactionli0_.reaction_type as reaction2_13_1_ from reaction reactionli0_ where reactionli0_.board_id=?
Hibernate: select reactionus0_.reaction_id as reaction2_14_0_, reactionus0_.reaction_user_id as reaction1_14_0_, reactionus0_.reaction_user_id as reaction1_14_1_, reactionus0_.reaction_id as reaction2_14_1_, reactionus0_.user_id as user_id3_14_1_ from reaction_user reactionus0_ where reactionus0_.reaction_id=?
Hibernate: select reactionus0_.reaction_id as reaction2_14_0_, reactionus0_.reaction_user_id as reaction1_14_0_, reactionus0_.reaction_user_id as reaction1_14_1_, reactionus0_.reaction_id as reaction2_14_1_, reactionus0_.user_id as user_id3_14_1_ from reaction_user reactionus0_ where reactionus0_.reaction_id=?
Hibernate: select reactionus0_.reaction_id as reaction2_14_0_, reactionus0_.reaction_user_id as reaction1_14_0_, reactionus0_.reaction_user_id as reaction1_14_1_, reactionus0_.reaction_id as reaction2_14_1_, reactionus0_.user_id as user_id3_14_1_ from reaction_user reactionus0_ where reactionus0_.reaction_id=?
Hibernate: select reactionus0_.reaction_id as reaction2_14_0_, reactionus0_.reaction_user_id as reaction1_14_0_, reactionus0_.reaction_user_id as reaction1_14_1_, reactionus0_.reaction_id as reaction2_14_1_, reactionus0_.user_id as user_id3_14_1_ from reaction_user reactionus0_ where reactionus0_.reaction_id=?
Hibernate: select reactionus0_.reaction_id as reaction2_14_0_, reactionus0_.reaction_user_id as reaction1_14_0_, reactionus0_.reaction_user_id as reaction1_14_1_, reactionus0_.reaction_id as reaction2_14_1_, reactionus0_.user_id as user_id3_14_1_ from reaction_user reactionus0_ where reactionus0_.reaction_id=?
Hibernate: select reactionus0_.reaction_id as reaction2_14_0_, reactionus0_.reaction_user_id as reaction1_14_0_, reactionus0_.reaction_user_id as reaction1_14_1_, reactionus0_.reaction_id as reaction2_14_1_, reactionus0_.user_id as user_id3_14_1_ from reaction_user reactionus0_ where reactionus0_.reaction_id=?
Hibernate: select commentlis0_.board_id as board_id5_7_0_, commentlis0_.comment_id as comment_1_7_0_, commentlis0_.comment_id as comment_1_7_1_, commentlis0_.board_id as board_id5_7_1_, commentlis0_.comment_content as comment_2_7_1_, commentlis0_.comment_created_at as comment_3_7_1_, commentlis0_.comment_last_modified_at as comment_4_7_1_, commentlis0_.user_id as user_id6_7_1_ from comment commentlis0_ where commentlis0_.board_id=?
Hibernate: select boardlist0_.category_id as category7_4_0_, boardlist0_.board_id as board_id1_4_0_, boardlist0_.board_id as board_id1_4_1_, boardlist0_.category_id as category7_4_1_, boardlist0_.board_content as board_co2_4_1_, boardlist0_.board_created_at as board_cr3_4_1_, boardlist0_.board_last_modified_at as board_la4_4_1_, boardlist0_.board_title as board_ti5_4_1_, boardlist0_.user_id as user_id8_4_1_, boardlist0_.board_views as board_vi6_4_1_ from board boardlist0_ where boardlist0_.category_id=?
Hibernate: select count(comment0_.comment_id) as col_0_0_ from comment comment0_ where comment0_.board_id=?
Hibernate: select count(*) as col_0_0_ from board board0_
Hibernate: select imagepathl0_.board_board_id as board_bo1_11_0_, imagepathl0_.board_image_path_list as board_im2_11_0_ from image_path_list imagepathl0_ where imagepathl0_.board_board_id=?
Hibernate: select filename0_.filename_id as filename1_9_, filename0_.filename_origin as filename2_9_, filename0_.filename_uuid as filename3_9_ from filename filename0_ where filename0_.filename_uuid=?
Hibernate: select filepathli0_.board_board_id as board_bo1_8_0_, filepathli0_.board_file_path_list as board_fi2_8_0_ from file_path_list filepathli0_ where filepathli0_.board_board_id=?
Hibernate: select filename0_.filename_id as filename1_9_, filename0_.filename_origin as filename2_9_, filename0_.filename_uuid as filename3_9_ from filename filename0_ where filename0_.filename_uuid=?
Hibernate: select U.* from USER U join BOARD B where U.USER_ID = B.USER_ID and B.BOARD_ID = ?
Hibernate: select character0_.character_id as characte1_6_0_, character0_.character_character_name as characte2_6_0_ from characters character0_ where character0_.character_id=?
Hibernate: select count(*) as col_0_0_ from user user0_ where user0_.user_id=?
Hibernate: select character1_.character_id as characte1_6_, character1_.character_character_name as characte2_6_ from user user0_ inner join characters character1_ on user0_.character_id=character1_.character_id where user0_.user_id=?
Hibernate: select permission0_.character_id as characte6_12_0_, permission0_.permission_id as permissi1_12_0_, permission0_.permission_id as permissi1_12_1_, permission0_.character_id as characte6_12_1_, permission0_.permission_name as permissi2_12_1_, permission0_.permission_permission_unit_id as permissi3_12_1_, permission0_.permission_service as permissi4_12_1_, permission0_.permission_status as permissi5_12_1_ from permission permission0_ where permission0_.character_id=?
Hibernate: select count(*) as col_0_0_ from board board0_ where board0_.board_id=?
Hibernate: select board0_.board_id as board_id1_4_0_, board0_.category_id as category7_4_0_, board0_.board_content as board_co2_4_0_, board0_.board_created_at as board_cr3_4_0_, board0_.board_last_modified_at as board_la4_4_0_, board0_.board_title as board_ti5_4_0_, board0_.user_id as user_id8_4_0_, board0_.board_views as board_vi6_4_0_ from board board0_ where board0_.board_id=?
Hibernate: select category0_.category_id as category1_5_0_, category0_.category_name as category2_5_0_ from category category0_ where category0_.category_id=?
Hibernate: select reactionli0_.board_id as board_id3_13_0_, reactionli0_.reaction_id as reaction1_13_0_, reactionli0_.reaction_id as reaction1_13_1_, reactionli0_.board_id as board_id3_13_1_, reactionli0_.reaction_type as reaction2_13_1_ from reaction reactionli0_ where reactionli0_.board_id=?
Hibernate: select reactionus0_.reaction_id as reaction2_14_0_, reactionus0_.reaction_user_id as reaction1_14_0_, reactionus0_.reaction_user_id as reaction1_14_1_, reactionus0_.reaction_id as reaction2_14_1_, reactionus0_.user_id as user_id3_14_1_ from reaction_user reactionus0_ where reactionus0_.reaction_id=?
Hibernate: select reactionus0_.reaction_id as reaction2_14_0_, reactionus0_.reaction_user_id as reaction1_14_0_, reactionus0_.reaction_user_id as reaction1_14_1_, reactionus0_.reaction_id as reaction2_14_1_, reactionus0_.user_id as user_id3_14_1_ from reaction_user reactionus0_ where reactionus0_.reaction_id=?
Hibernate: select reactionus0_.reaction_id as reaction2_14_0_, reactionus0_.reaction_user_id as reaction1_14_0_, reactionus0_.reaction_user_id as reaction1_14_1_, reactionus0_.reaction_id as reaction2_14_1_, reactionus0_.user_id as user_id3_14_1_ from reaction_user reactionus0_ where reactionus0_.reaction_id=?
Hibernate: select reactionus0_.reaction_id as reaction2_14_0_, reactionus0_.reaction_user_id as reaction1_14_0_, reactionus0_.reaction_user_id as reaction1_14_1_, reactionus0_.reaction_id as reaction2_14_1_, reactionus0_.user_id as user_id3_14_1_ from reaction_user reactionus0_ where reactionus0_.reaction_id=?
Hibernate: select reactionus0_.reaction_id as reaction2_14_0_, reactionus0_.reaction_user_id as reaction1_14_0_, reactionus0_.reaction_user_id as reaction1_14_1_, reactionus0_.reaction_id as reaction2_14_1_, reactionus0_.user_id as user_id3_14_1_ from reaction_user reactionus0_ where reactionus0_.reaction_id=?
Hibernate: select reactionus0_.reaction_id as reaction2_14_0_, reactionus0_.reaction_user_id as reaction1_14_0_, reactionus0_.reaction_user_id as reaction1_14_1_, reactionus0_.reaction_id as reaction2_14_1_, reactionus0_.user_id as user_id3_14_1_ from reaction_user reactionus0_ where reactionus0_.reaction_id=?
Hibernate: select commentlis0_.board_id as board_id5_7_0_, commentlis0_.comment_id as comment_1_7_0_, commentlis0_.comment_id as comment_1_7_1_, commentlis0_.board_id as board_id5_7_1_, commentlis0_.comment_content as comment_2_7_1_, commentlis0_.comment_created_at as comment_3_7_1_, commentlis0_.comment_last_modified_at as comment_4_7_1_, commentlis0_.user_id as user_id6_7_1_ from comment commentlis0_ where commentlis0_.board_id=?
Hibernate: select boardlist0_.category_id as category7_4_0_, boardlist0_.board_id as board_id1_4_0_, boardlist0_.board_id as board_id1_4_1_, boardlist0_.category_id as category7_4_1_, boardlist0_.board_content as board_co2_4_1_, boardlist0_.board_created_at as board_cr3_4_1_, boardlist0_.board_last_modified_at as board_la4_4_1_, boardlist0_.board_title as board_ti5_4_1_, boardlist0_.user_id as user_id8_4_1_, boardlist0_.board_views as board_vi6_4_1_ from board boardlist0_ where boardlist0_.category_id=?
Hibernate: select count(comment0_.comment_id) as col_0_0_ from comment comment0_ where comment0_.board_id=?
Hibernate: update board set category_id=?, board_content=?, board_created_at=?, board_last_modified_at=?, board_title=?, user_id=?, board_views=? where board_id=?
Hibernate: select filepathli0_.board_board_id as board_bo1_8_0_, filepathli0_.board_file_path_list as board_fi2_8_0_ from file_path_list filepathli0_ where filepathli0_.board_board_id=?
Hibernate: select filename0_.filename_id as filename1_9_, filename0_.filename_origin as filename2_9_, filename0_.filename_uuid as filename3_9_ from filename filename0_ where filename0_.filename_uuid=?
Hibernate: delete from filename where filename_id=?
Hibernate: select imagepathl0_.board_board_id as board_bo1_11_0_, imagepathl0_.board_image_path_list as board_im2_11_0_ from image_path_list imagepathl0_ where imagepathl0_.board_board_id=?
Hibernate: select filename0_.filename_id as filename1_9_, filename0_.filename_origin as filename2_9_, filename0_.filename_uuid as filename3_9_ from filename filename0_ where filename0_.filename_uuid=?
Hibernate: delete from filename where filename_id=?
Hibernate: select count(*) as col_0_0_ from board board0_ where board0_.board_id=?
Hibernate: delete from file_path_list where board_board_id=?
Hibernate: delete from image_path_list where board_board_id=?
Hibernate: delete from reaction where reaction_id=?
Hibernate: delete from reaction where reaction_id=?
Hibernate: delete from reaction where reaction_id=?
Hibernate: delete from reaction where reaction_id=?
Hibernate: delete from reaction where reaction_id=?
Hibernate: delete from reaction where reaction_id=?
Hibernate: delete from board where board_id=?
Hibernate: select user0_.user_id as user_id1_21_0_, user0_.character_id as characte7_21_0_, user0_.user_created_at as user_cre2_21_0_, user0_.user_name as user_nam3_21_0_, user0_.user_phone_number as user_pho4_21_0_, user0_.user_user_id as user_use5_21_0_, user0_.user_user_password as user_use6_21_0_ from user user0_ where user0_.user_id=?
Hibernate: select character0_.character_id as characte1_6_0_, character0_.character_character_name as characte2_6_0_ from characters character0_ where character0_.character_id=?
Hibernate: select count(*) as col_0_0_ from user user0_ where user0_.user_id=?
Hibernate: select character1_.character_id as characte1_6_, character1_.character_character_name as characte2_6_ from user user0_ inner join characters character1_ on user0_.character_id=character1_.character_id where user0_.user_id=?
Hibernate: select permission0_.character_id as characte6_12_0_, permission0_.permission_id as permissi1_12_0_, permission0_.permission_id as permissi1_12_1_, permission0_.character_id as characte6_12_1_, permission0_.permission_name as permissi2_12_1_, permission0_.permission_permission_unit_id as permissi3_12_1_, permission0_.permission_service as permissi4_12_1_, permission0_.permission_status as permissi5_12_1_ from permission permission0_ where permission0_.character_id=?
Hibernate: select count(*) as col_0_0_ from board board0_ where board0_.board_id=?
Hibernate: select user0_.user_id as col_0_0_ from user user0_ where user0_.user_user_id=? limit ?
Hibernate: select user0_.user_id as col_0_0_ from user user0_ where user0_.user_user_id=? limit ?
Hibernate: select U.* from USER U where U.USER_USER_ID =?
Hibernate: select character0_.character_id as characte1_6_0_, character0_.character_character_name as characte2_6_0_ from characters character0_ where character0_.character_id=?
Hibernate: select user0_.user_id as user_id1_21_0_, user0_.character_id as characte7_21_0_, user0_.user_created_at as user_cre2_21_0_, user0_.user_name as user_nam3_21_0_, user0_.user_phone_number as user_pho4_21_0_, user0_.user_user_id as user_use5_21_0_, user0_.user_user_password as user_use6_21_0_ from user user0_ where user0_.user_id=?
Hibernate: select character0_.character_id as characte1_6_0_, character0_.character_character_name as characte2_6_0_ from characters character0_ where character0_.character_id=?
Hibernate: select category0_.category_id as category1_5_, category0_.category_name as category2_5_ from category category0_
Hibernate: select boardlist0_.category_id as category7_4_0_, boardlist0_.board_id as board_id1_4_0_, boardlist0_.board_id as board_id1_4_1_, boardlist0_.category_id as category7_4_1_, boardlist0_.board_content as board_co2_4_1_, boardlist0_.board_created_at as board_cr3_4_1_, boardlist0_.board_last_modified_at as board_la4_4_1_, boardlist0_.board_title as board_ti5_4_1_, boardlist0_.user_id as user_id8_4_1_, boardlist0_.board_views as board_vi6_4_1_ from board boardlist0_ where boardlist0_.category_id=?
Hibernate: select boardlist0_.category_id as category7_4_0_, boardlist0_.board_id as board_id1_4_0_, boardlist0_.board_id as board_id1_4_1_, boardlist0_.category_id as category7_4_1_, boardlist0_.board_content as board_co2_4_1_, boardlist0_.board_created_at as board_cr3_4_1_, boardlist0_.board_last_modified_at as board_la4_4_1_, boardlist0_.board_title as board_ti5_4_1_, boardlist0_.user_id as user_id8_4_1_, boardlist0_.board_views as board_vi6_4_1_ from board boardlist0_ where boardlist0_.category_id=?
Hibernate: select boardlist0_.category_id as category7_4_0_, boardlist0_.board_id as board_id1_4_0_, boardlist0_.board_id as board_id1_4_1_, boardlist0_.category_id as category7_4_1_, boardlist0_.board_content as board_co2_4_1_, boardlist0_.board_created_at as board_cr3_4_1_, boardlist0_.board_last_modified_at as board_la4_4_1_, boardlist0_.board_title as board_ti5_4_1_, boardlist0_.user_id as user_id8_4_1_, boardlist0_.board_views as board_vi6_4_1_ from board boardlist0_ where boardlist0_.category_id=?
Hibernate: select user0_.user_id as user_id1_21_0_, user0_.character_id as characte7_21_0_, user0_.user_created_at as user_cre2_21_0_, user0_.user_name as user_nam3_21_0_, user0_.user_phone_number as user_pho4_21_0_, user0_.user_user_id as user_use5_21_0_, user0_.user_user_password as user_use6_21_0_ from user user0_ where user0_.user_id=?
Hibernate: select character0_.character_id as characte1_6_0_, character0_.character_character_name as characte2_6_0_ from characters character0_ where character0_.character_id=?
Hibernate: select count(*) as col_0_0_ from user user0_ where user0_.user_id=?
Hibernate: select character1_.character_id as characte1_6_, character1_.character_character_name as characte2_6_ from user user0_ inner join characters character1_ on user0_.character_id=character1_.character_id where user0_.user_id=?
Hibernate: select permission0_.character_id as characte6_12_0_, permission0_.permission_id as permissi1_12_0_, permission0_.permission_id as permissi1_12_1_, permission0_.character_id as characte6_12_1_, permission0_.permission_name as permissi2_12_1_, permission0_.permission_permission_unit_id as permissi3_12_1_, permission0_.permission_service as permissi4_12_1_, permission0_.permission_status as permissi5_12_1_ from permission permission0_ where permission0_.character_id=?
Hibernate: select count(*) as col_0_0_ from category category0_ where category0_.category_id=?
Hibernate: select count(board0_.board_id) as col_0_0_ from board board0_ where board0_.category_id=?
Hibernate: select category0_.category_id as category1_5_0_, category0_.category_name as category2_5_0_ from category category0_ where category0_.category_id=?
Hibernate: select boardlist0_.category_id as category7_4_0_, boardlist0_.board_id as board_id1_4_0_, boardlist0_.board_id as board_id1_4_1_, boardlist0_.category_id as category7_4_1_, boardlist0_.board_content as board_co2_4_1_, boardlist0_.board_created_at as board_cr3_4_1_, boardlist0_.board_last_modified_at as board_la4_4_1_, boardlist0_.board_title as board_ti5_4_1_, boardlist0_.user_id as user_id8_4_1_, boardlist0_.board_views as board_vi6_4_1_ from board boardlist0_ where boardlist0_.category_id=?
Hibernate: delete from category where category_id=?
Hibernate: select user0_.user_id as user_id1_21_0_, user0_.character_id as characte7_21_0_, user0_.user_created_at as user_cre2_21_0_, user0_.user_name as user_nam3_21_0_, user0_.user_phone_number as user_pho4_21_0_, user0_.user_user_id as user_use5_21_0_, user0_.user_user_password as user_use6_21_0_ from user user0_ where user0_.user_id=?
Hibernate: select character0_.character_id as characte1_6_0_, character0_.character_character_name as characte2_6_0_ from characters character0_ where character0_.character_id=?
Hibernate: select count(*) as col_0_0_ from user user0_ where user0_.user_id=?
Hibernate: select character1_.character_id as characte1_6_, character1_.character_character_name as characte2_6_ from user user0_ inner join characters character1_ on user0_.character_id=character1_.character_id where user0_.user_id=?
Hibernate: select permission0_.character_id as characte6_12_0_, permission0_.permission_id as permissi1_12_0_, permission0_.permission_id as permissi1_12_1_, permission0_.character_id as characte6_12_1_, permission0_.permission_name as permissi2_12_1_, permission0_.permission_permission_unit_id as permissi3_12_1_, permission0_.permission_service as permissi4_12_1_, permission0_.permission_status as permissi5_12_1_ from permission permission0_ where permission0_.character_id=?
Hibernate: select count(*) as col_0_0_ from category category0_ where category0_.category_id=?
Hibernate: select count(board0_.board_id) as col_0_0_ from board board0_ where board0_.category_id=?
Hibernate: select category0_.category_id as category1_5_0_, category0_.category_name as category2_5_0_ from category category0_ where category0_.category_id=?
Hibernate: select boardlist0_.category_id as category7_4_0_, boardlist0_.board_id as board_id1_4_0_, boardlist0_.board_id as board_id1_4_1_, boardlist0_.category_id as category7_4_1_, boardlist0_.board_content as board_co2_4_1_, boardlist0_.board_created_at as board_cr3_4_1_, boardlist0_.board_last_modified_at as board_la4_4_1_, boardlist0_.board_title as board_ti5_4_1_, boardlist0_.user_id as user_id8_4_1_, boardlist0_.board_views as board_vi6_4_1_ from board boardlist0_ where boardlist0_.category_id=?
Hibernate: delete from category where category_id=?
Hibernate: select user0_.user_id as user_id1_21_0_, user0_.character_id as characte7_21_0_, user0_.user_created_at as user_cre2_21_0_, user0_.user_name as user_nam3_21_0_, user0_.user_phone_number as user_pho4_21_0_, user0_.user_user_id as user_use5_21_0_, user0_.user_user_password as user_use6_21_0_ from user user0_ where user0_.user_id=?
Hibernate: select character0_.character_id as characte1_6_0_, character0_.character_character_name as characte2_6_0_ from characters character0_ where character0_.character_id=?
Hibernate: select count(*) as col_0_0_ from user user0_ where user0_.user_id=?
Hibernate: select character1_.character_id as characte1_6_, character1_.character_character_name as characte2_6_ from user user0_ inner join characters character1_ on user0_.character_id=character1_.character_id where user0_.user_id=?
Hibernate: select permission0_.character_id as characte6_12_0_, permission0_.permission_id as permissi1_12_0_, permission0_.permission_id as permissi1_12_1_, permission0_.character_id as characte6_12_1_, permission0_.permission_name as permissi2_12_1_, permission0_.permission_permission_unit_id as permissi3_12_1_, permission0_.permission_service as permissi4_12_1_, permission0_.permission_status as permissi5_12_1_ from permission permission0_ where permission0_.character_id=?
Hibernate: select count(*) as col_0_0_ from category category0_ where category0_.category_id=?
Hibernate: select count(board0_.board_id) as col_0_0_ from board board0_ where board0_.category_id=?
Hibernate: select category0_.category_id as category1_5_0_, category0_.category_name as category2_5_0_ from category category0_ where category0_.category_id=?
Hibernate: select boardlist0_.category_id as category7_4_0_, boardlist0_.board_id as board_id1_4_0_, boardlist0_.board_id as board_id1_4_1_, boardlist0_.category_id as category7_4_1_, boardlist0_.board_content as board_co2_4_1_, boardlist0_.board_created_at as board_cr3_4_1_, boardlist0_.board_last_modified_at as board_la4_4_1_, boardlist0_.board_title as board_ti5_4_1_, boardlist0_.user_id as user_id8_4_1_, boardlist0_.board_views as board_vi6_4_1_ from board boardlist0_ where boardlist0_.category_id=?
Hibernate: delete from category where category_id=?
Hibernate: select user0_.user_id as user_id1_21_0_, user0_.character_id as characte7_21_0_, user0_.user_created_at as user_cre2_21_0_, user0_.user_name as user_nam3_21_0_, user0_.user_phone_number as user_pho4_21_0_, user0_.user_user_id as user_use5_21_0_, user0_.user_user_password as user_use6_21_0_ from user user0_ where user0_.user_id=?
Hibernate: select character0_.character_id as characte1_6_0_, character0_.character_character_name as characte2_6_0_ from characters character0_ where character0_.character_id=?
Hibernate: select count(*) as col_0_0_ from user user0_ where user0_.user_id=?
Hibernate: select character1_.character_id as characte1_6_, character1_.character_character_name as characte2_6_ from user user0_ inner join characters character1_ on user0_.character_id=character1_.character_id where user0_.user_id=?
Hibernate: select permission0_.character_id as characte6_12_0_, permission0_.permission_id as permissi1_12_0_, permission0_.permission_id as permissi1_12_1_, permission0_.character_id as characte6_12_1_, permission0_.permission_name as permissi2_12_1_, permission0_.permission_permission_unit_id as permissi3_12_1_, permission0_.permission_service as permissi4_12_1_, permission0_.permission_status as permissi5_12_1_ from permission permission0_ where permission0_.character_id=?
Hibernate: select category0_.category_id as col_0_0_ from category category0_ where category0_.category_name=? limit ?
Hibernate: select category0_.category_id as category1_5_1_, category0_.category_name as category2_5_1_, boardlist1_.category_id as category7_4_3_, boardlist1_.board_id as board_id1_4_3_, boardlist1_.board_id as board_id1_4_0_, boardlist1_.category_id as category7_4_0_, boardlist1_.board_content as board_co2_4_0_, boardlist1_.board_created_at as board_cr3_4_0_, boardlist1_.board_last_modified_at as board_la4_4_0_, boardlist1_.board_title as board_ti5_4_0_, boardlist1_.user_id as user_id8_4_0_, boardlist1_.board_views as board_vi6_4_0_ from category category0_ left outer join board boardlist1_ on category0_.category_id=boardlist1_.category_id where category0_.category_id=?
Hibernate: insert into category (category_id, category_name) values (default, ?)
Hibernate: select user0_.user_id as user_id1_21_0_, user0_.character_id as characte7_21_0_, user0_.user_created_at as user_cre2_21_0_, user0_.user_name as user_nam3_21_0_, user0_.user_phone_number as user_pho4_21_0_, user0_.user_user_id as user_use5_21_0_, user0_.user_user_password as user_use6_21_0_ from user user0_ where user0_.user_id=?
Hibernate: select character0_.character_id as characte1_6_0_, character0_.character_character_name as characte2_6_0_ from characters character0_ where character0_.character_id=?
Hibernate: select count(*) as col_0_0_ from user user0_ where user0_.user_id=?
Hibernate: select character1_.character_id as characte1_6_, character1_.character_character_name as characte2_6_ from user user0_ inner join characters character1_ on user0_.character_id=character1_.character_id where user0_.user_id=?
Hibernate: select permission0_.character_id as characte6_12_0_, permission0_.permission_id as permissi1_12_0_, permission0_.permission_id as permissi1_12_1_, permission0_.character_id as characte6_12_1_, permission0_.permission_name as permissi2_12_1_, permission0_.permission_permission_unit_id as permissi3_12_1_, permission0_.permission_service as permissi4_12_1_, permission0_.permission_status as permissi5_12_1_ from permission permission0_ where permission0_.character_id=?
Hibernate: select category0_.category_id as col_0_0_ from category category0_ where category0_.category_name=? limit ?
Hibernate: select category0_.category_id as category1_5_1_, category0_.category_name as category2_5_1_, boardlist1_.category_id as category7_4_3_, boardlist1_.board_id as board_id1_4_3_, boardlist1_.board_id as board_id1_4_0_, boardlist1_.category_id as category7_4_0_, boardlist1_.board_content as board_co2_4_0_, boardlist1_.board_created_at as board_cr3_4_0_, boardlist1_.board_last_modified_at as board_la4_4_0_, boardlist1_.board_title as board_ti5_4_0_, boardlist1_.user_id as user_id8_4_0_, boardlist1_.board_views as board_vi6_4_0_ from category category0_ left outer join board boardlist1_ on category0_.category_id=boardlist1_.category_id where category0_.category_id=?
Hibernate: insert into category (category_id, category_name) values (default, ?)
Hibernate: select user0_.user_id as col_0_0_ from user user0_ where user0_.user_user_id=? limit ?
Hibernate: select user0_.user_id as col_0_0_ from user user0_ where user0_.user_user_id=? limit ?
Hibernate: select U.* from USER U where U.USER_USER_ID =?
Hibernate: select character0_.character_id as characte1_6_0_, character0_.character_character_name as characte2_6_0_ from characters character0_ where character0_.character_id=?
Hibernate: select user0_.user_id as col_0_0_ from user user0_ where user0_.user_user_id=? limit ?
Hibernate: select user0_.user_id as col_0_0_ from user user0_ where user0_.user_user_id=? limit ?
Hibernate: select U.* from USER U where U.USER_USER_ID =?
Hibernate: select character0_.character_id as characte1_6_0_, character0_.character_character_name as characte2_6_0_ from characters character0_ where character0_.character_id=?
Hibernate: select user0_.user_id as user_id1_21_0_, user0_.character_id as characte7_21_0_, user0_.user_created_at as user_cre2_21_0_, user0_.user_name as user_nam3_21_0_, user0_.user_phone_number as user_pho4_21_0_, user0_.user_user_id as user_use5_21_0_, user0_.user_user_password as user_use6_21_0_ from user user0_ where user0_.user_id=?
Hibernate: select character0_.character_id as characte1_6_0_, character0_.character_character_name as characte2_6_0_ from characters character0_ where character0_.character_id=?
Hibernate: select count(*) as col_0_0_ from board board0_
Hibernate: select count(*) as col_0_0_ from board board0_
Hibernate: select user0_.user_id as col_0_0_ from user user0_ where user0_.user_user_id=? limit ?
Hibernate: select user0_.user_id as col_0_0_ from user user0_ where user0_.user_user_id=? limit ?
Hibernate: select U.* from USER U where U.USER_USER_ID =?
Hibernate: select character0_.character_id as characte1_6_0_, character0_.character_character_name as characte2_6_0_ from characters character0_ where character0_.character_id=?
Hibernate: select user0_.user_id as user_id1_21_0_, user0_.character_id as characte7_21_0_, user0_.user_created_at as user_cre2_21_0_, user0_.user_name as user_nam3_21_0_, user0_.user_phone_number as user_pho4_21_0_, user0_.user_user_id as user_use5_21_0_, user0_.user_user_password as user_use6_21_0_ from user user0_ where user0_.user_id=?
Hibernate: select character0_.character_id as characte1_6_0_, character0_.character_character_name as characte2_6_0_ from characters character0_ where character0_.character_id=?
Hibernate: select category0_.category_id as category1_5_, category0_.category_name as category2_5_ from category category0_
Hibernate: select boardlist0_.category_id as category7_4_0_, boardlist0_.board_id as board_id1_4_0_, boardlist0_.board_id as board_id1_4_1_, boardlist0_.category_id as category7_4_1_, boardlist0_.board_content as board_co2_4_1_, boardlist0_.board_created_at as board_cr3_4_1_, boardlist0_.board_last_modified_at as board_la4_4_1_, boardlist0_.board_title as board_ti5_4_1_, boardlist0_.user_id as user_id8_4_1_, boardlist0_.board_views as board_vi6_4_1_ from board boardlist0_ where boardlist0_.category_id=?
Hibernate: select boardlist0_.category_id as category7_4_0_, boardlist0_.board_id as board_id1_4_0_, boardlist0_.board_id as board_id1_4_1_, boardlist0_.category_id as category7_4_1_, boardlist0_.board_content as board_co2_4_1_, boardlist0_.board_created_at as board_cr3_4_1_, boardlist0_.board_last_modified_at as board_la4_4_1_, boardlist0_.board_title as board_ti5_4_1_, boardlist0_.user_id as user_id8_4_1_, boardlist0_.board_views as board_vi6_4_1_ from board boardlist0_ where boardlist0_.category_id=?
Hibernate: select user0_.user_id as user_id1_21_0_, user0_.character_id as characte7_21_0_, user0_.user_created_at as user_cre2_21_0_, user0_.user_name as user_nam3_21_0_, user0_.user_phone_number as user_pho4_21_0_, user0_.user_user_id as user_use5_21_0_, user0_.user_user_password as user_use6_21_0_ from user user0_ where user0_.user_id=?
Hibernate: select character0_.character_id as characte1_6_0_, character0_.character_character_name as characte2_6_0_ from characters character0_ where character0_.character_id=?
Hibernate: select count(*) as col_0_0_ from user user0_ where user0_.user_id=?
Hibernate: select character1_.character_id as characte1_6_, character1_.character_character_name as characte2_6_ from user user0_ inner join characters character1_ on user0_.character_id=character1_.character_id where user0_.user_id=?
Hibernate: select permission0_.character_id as characte6_12_0_, permission0_.permission_id as permissi1_12_0_, permission0_.permission_id as permissi1_12_1_, permission0_.character_id as characte6_12_1_, permission0_.permission_name as permissi2_12_1_, permission0_.permission_permission_unit_id as permissi3_12_1_, permission0_.permission_service as permissi4_12_1_, permission0_.permission_status as permissi5_12_1_ from permission permission0_ where permission0_.character_id=?
Hibernate: select count(*) as col_0_0_ from category category0_ where category0_.category_id=?
Hibernate: select count(board0_.board_id) as col_0_0_ from board board0_ where board0_.category_id=?
Hibernate: select category0_.category_id as category1_5_0_, category0_.category_name as category2_5_0_ from category category0_ where category0_.category_id=?
Hibernate: select boardlist0_.category_id as category7_4_0_, boardlist0_.board_id as board_id1_4_0_, boardlist0_.board_id as board_id1_4_1_, boardlist0_.category_id as category7_4_1_, boardlist0_.board_content as board_co2_4_1_, boardlist0_.board_created_at as board_cr3_4_1_, boardlist0_.board_last_modified_at as board_la4_4_1_, boardlist0_.board_title as board_ti5_4_1_, boardlist0_.user_id as user_id8_4_1_, boardlist0_.board_views as board_vi6_4_1_ from board boardlist0_ where boardlist0_.category_id=?
Hibernate: delete from category where category_id=?
Hibernate: select user0_.user_id as user_id1_21_0_, user0_.character_id as characte7_21_0_, user0_.user_created_at as user_cre2_21_0_, user0_.user_name as user_nam3_21_0_, user0_.user_phone_number as user_pho4_21_0_, user0_.user_user_id as user_use5_21_0_, user0_.user_user_password as user_use6_21_0_ from user user0_ where user0_.user_id=?
Hibernate: select character0_.character_id as characte1_6_0_, character0_.character_character_name as characte2_6_0_ from characters character0_ where character0_.character_id=?
Hibernate: select count(*) as col_0_0_ from user user0_ where user0_.user_id=?
Hibernate: select character1_.character_id as characte1_6_, character1_.character_character_name as characte2_6_ from user user0_ inner join characters character1_ on user0_.character_id=character1_.character_id where user0_.user_id=?
Hibernate: select permission0_.character_id as characte6_12_0_, permission0_.permission_id as permissi1_12_0_, permission0_.permission_id as permissi1_12_1_, permission0_.character_id as characte6_12_1_, permission0_.permission_name as permissi2_12_1_, permission0_.permission_permission_unit_id as permissi3_12_1_, permission0_.permission_service as permissi4_12_1_, permission0_.permission_status as permissi5_12_1_ from permission permission0_ where permission0_.character_id=?
Hibernate: select count(*) as col_0_0_ from category category0_ where category0_.category_id=?
Hibernate: select count(board0_.board_id) as col_0_0_ from board board0_ where board0_.category_id=?
Hibernate: select category0_.category_id as category1_5_0_, category0_.category_name as category2_5_0_ from category category0_ where category0_.category_id=?
Hibernate: select boardlist0_.category_id as category7_4_0_, boardlist0_.board_id as board_id1_4_0_, boardlist0_.board_id as board_id1_4_1_, boardlist0_.category_id as category7_4_1_, boardlist0_.board_content as board_co2_4_1_, boardlist0_.board_created_at as board_cr3_4_1_, boardlist0_.board_last_modified_at as board_la4_4_1_, boardlist0_.board_title as board_ti5_4_1_, boardlist0_.user_id as user_id8_4_1_, boardlist0_.board_views as board_vi6_4_1_ from board boardlist0_ where boardlist0_.category_id=?
Hibernate: delete from category where category_id=?
Hibernate: select user0_.user_id as user_id1_21_0_, user0_.character_id as characte7_21_0_, user0_.user_created_at as user_cre2_21_0_, user0_.user_name as user_nam3_21_0_, user0_.user_phone_number as user_pho4_21_0_, user0_.user_user_id as user_use5_21_0_, user0_.user_user_password as user_use6_21_0_ from user user0_ where user0_.user_id=?
Hibernate: select character0_.character_id as characte1_6_0_, character0_.character_character_name as characte2_6_0_ from characters character0_ where character0_.character_id=?
Hibernate: select count(*) as col_0_0_ from user user0_ where user0_.user_id=?
Hibernate: select character1_.character_id as characte1_6_, character1_.character_character_name as characte2_6_ from user user0_ inner join characters character1_ on user0_.character_id=character1_.character_id where user0_.user_id=?
Hibernate: select permission0_.character_id as characte6_12_0_, permission0_.permission_id as permissi1_12_0_, permission0_.permission_id as permissi1_12_1_, permission0_.character_id as characte6_12_1_, permission0_.permission_name as permissi2_12_1_, permission0_.permission_permission_unit_id as permissi3_12_1_, permission0_.permission_service as permissi4_12_1_, permission0_.permission_status as permissi5_12_1_ from permission permission0_ where permission0_.character_id=?
Hibernate: select category0_.category_id as col_0_0_ from category category0_ where category0_.category_name=? limit ?
Hibernate: select category0_.category_id as category1_5_1_, category0_.category_name as category2_5_1_, boardlist1_.category_id as category7_4_3_, boardlist1_.board_id as board_id1_4_3_, boardlist1_.board_id as board_id1_4_0_, boardlist1_.category_id as category7_4_0_, boardlist1_.board_content as board_co2_4_0_, boardlist1_.board_created_at as board_cr3_4_0_, boardlist1_.board_last_modified_at as board_la4_4_0_, boardlist1_.board_title as board_ti5_4_0_, boardlist1_.user_id as user_id8_4_0_, boardlist1_.board_views as board_vi6_4_0_ from category category0_ left outer join board boardlist1_ on category0_.category_id=boardlist1_.category_id where category0_.category_id=?
Hibernate: insert into category (category_id, category_name) values (default, ?)
Hibernate: select user0_.user_id as user_id1_21_0_, user0_.character_id as characte7_21_0_, user0_.user_created_at as user_cre2_21_0_, user0_.user_name as user_nam3_21_0_, user0_.user_phone_number as user_pho4_21_0_, user0_.user_user_id as user_use5_21_0_, user0_.user_user_password as user_use6_21_0_ from user user0_ where user0_.user_id=?
Hibernate: select character0_.character_id as characte1_6_0_, character0_.character_character_name as characte2_6_0_ from characters character0_ where character0_.character_id=?
Hibernate: select count(*) as col_0_0_ from user user0_ where user0_.user_id=?
Hibernate: select character1_.character_id as characte1_6_, character1_.character_character_name as characte2_6_ from user user0_ inner join characters character1_ on user0_.character_id=character1_.character_id where user0_.user_id=?
Hibernate: select permission0_.character_id as characte6_12_0_, permission0_.permission_id as permissi1_12_0_, permission0_.permission_id as permissi1_12_1_, permission0_.character_id as characte6_12_1_, permission0_.permission_name as permissi2_12_1_, permission0_.permission_permission_unit_id as permissi3_12_1_, permission0_.permission_service as permissi4_12_1_, permission0_.permission_status as permissi5_12_1_ from permission permission0_ where permission0_.character_id=?
Hibernate: select category0_.category_id as col_0_0_ from category category0_ where category0_.category_name=? limit ?
Hibernate: select category0_.category_id as category1_5_1_, category0_.category_name as category2_5_1_, boardlist1_.category_id as category7_4_3_, boardlist1_.board_id as board_id1_4_3_, boardlist1_.board_id as board_id1_4_0_, boardlist1_.category_id as category7_4_0_, boardlist1_.board_content as board_co2_4_0_, boardlist1_.board_created_at as board_cr3_4_0_, boardlist1_.board_last_modified_at as board_la4_4_0_, boardlist1_.board_title as board_ti5_4_0_, boardlist1_.user_id as user_id8_4_0_, boardlist1_.board_views as board_vi6_4_0_ from category category0_ left outer join board boardlist1_ on category0_.category_id=boardlist1_.category_id where category0_.category_id=?
Hibernate: insert into category (category_id, category_name) values (default, ?)
Hibernate: select user0_.user_id as col_0_0_ from user user0_ where user0_.user_user_id=? limit ?
Hibernate: select user0_.user_id as col_0_0_ from user user0_ where user0_.user_user_id=? limit ?
Hibernate: select U.* from USER U where U.USER_USER_ID =?
Hibernate: select character0_.character_id as characte1_6_0_, character0_.character_character_name as characte2_6_0_ from characters character0_ where character0_.character_id=?
Hibernate: select user0_.user_id as col_0_0_ from user user0_ where user0_.user_user_id=? limit ?
Hibernate: select user0_.user_id as col_0_0_ from user user0_ where user0_.user_user_id=? limit ?
Hibernate: select U.* from USER U where U.USER_USER_ID =?
Hibernate: select character0_.character_id as characte1_6_0_, character0_.character_character_name as characte2_6_0_ from characters character0_ where character0_.character_id=?
Hibernate: select user0_.user_id as col_0_0_ from user user0_ where user0_.user_user_id=? limit ?
Hibernate: select userjoinin0_.user_joining_pool_id as col_0_0_ from user_joining_pool userjoinin0_ where userjoinin0_.user_user_id=? limit ?
Hibernate: select character0_.character_id as col_0_0_ from characters character0_ where character0_.character_character_name=? limit ?
Hibernate: insert into user_joining_pool (user_joining_pool_id, user_created_at, user_name, user_phone_number, user_user_id, user_user_password) values (default, ?, ?, ?, ?, ?)
Hibernate: select user0_.user_id as user_id1_21_0_, user0_.character_id as characte7_21_0_, user0_.user_created_at as user_cre2_21_0_, user0_.user_name as user_nam3_21_0_, user0_.user_phone_number as user_pho4_21_0_, user0_.user_user_id as user_use5_21_0_, user0_.user_user_password as user_use6_21_0_ from user user0_ where user0_.user_id=?
Hibernate: select character0_.character_id as characte1_6_0_, character0_.character_character_name as characte2_6_0_ from characters character0_ where character0_.character_id=?
Hibernate: select count(*) as col_0_0_ from user user0_ where user0_.user_id=?
Hibernate: select character1_.character_id as characte1_6_, character1_.character_character_name as characte2_6_ from user user0_ inner join characters character1_ on user0_.character_id=character1_.character_id where user0_.user_id=?
Hibernate: select permission0_.character_id as characte6_12_0_, permission0_.permission_id as permissi1_12_0_, permission0_.permission_id as permissi1_12_1_, permission0_.character_id as characte6_12_1_, permission0_.permission_name as permissi2_12_1_, permission0_.permission_permission_unit_id as permissi3_12_1_, permission0_.permission_service as permissi4_12_1_, permission0_.permission_status as permissi5_12_1_ from permission permission0_ where permission0_.character_id=?
Hibernate: select userjoinin0_.user_joining_pool_id as col_0_0_ from user_joining_pool userjoinin0_ where userjoinin0_.user_user_id=? limit ?
Hibernate: select userjoinin0_.user_joining_pool_id as user_joi1_22_, userjoinin0_.user_created_at as user_cre2_22_, userjoinin0_.user_name as user_nam3_22_, userjoinin0_.user_phone_number as user_pho4_22_, userjoinin0_.user_user_id as user_use5_22_, userjoinin0_.user_user_password as user_use6_22_ from user_joining_pool userjoinin0_ where userjoinin0_.user_user_id=?
Hibernate: select character0_.character_id as characte1_6_, character0_.character_character_name as characte2_6_ from characters character0_ where character0_.character_character_name=?
Hibernate: insert into user (user_id, character_id, user_created_at, user_name, user_phone_number, user_user_id, user_user_password) values (default, ?, ?, ?, ?, ?, ?)
Hibernate: DELETE FROM USER_JOINING_POOL as JU where JU.USER_USER_ID =?
Hibernate: select user0_.user_id as col_0_0_ from user user0_ where user0_.user_user_id=? limit ?
Hibernate: select user0_.user_id as col_0_0_ from user user0_ where user0_.user_user_id=? limit ?
Hibernate: select U.* from USER U where U.USER_USER_ID =?
Hibernate: select character0_.character_id as characte1_6_0_, character0_.character_character_name as characte2_6_0_ from characters character0_ where character0_.character_id=?
Hibernate: select user0_.user_id as user_id1_21_0_, user0_.character_id as characte7_21_0_, user0_.user_created_at as user_cre2_21_0_, user0_.user_name as user_nam3_21_0_, user0_.user_phone_number as user_pho4_21_0_, user0_.user_user_id as user_use5_21_0_, user0_.user_user_password as user_use6_21_0_ from user user0_ where user0_.user_id=?
Hibernate: select character0_.character_id as characte1_6_0_, character0_.character_character_name as characte2_6_0_ from characters character0_ where character0_.character_id=?
Hibernate: select category0_.category_id as category1_5_, category0_.category_name as category2_5_ from category category0_
Hibernate: select boardlist0_.category_id as category7_4_0_, boardlist0_.board_id as board_id1_4_0_, boardlist0_.board_id as board_id1_4_1_, boardlist0_.category_id as category7_4_1_, boardlist0_.board_content as board_co2_4_1_, boardlist0_.board_created_at as board_cr3_4_1_, boardlist0_.board_last_modified_at as board_la4_4_1_, boardlist0_.board_title as board_ti5_4_1_, boardlist0_.user_id as user_id8_4_1_, boardlist0_.board_views as board_vi6_4_1_ from board boardlist0_ where boardlist0_.category_id=?
Hibernate: select boardlist0_.category_id as category7_4_0_, boardlist0_.board_id as board_id1_4_0_, boardlist0_.board_id as board_id1_4_1_, boardlist0_.category_id as category7_4_1_, boardlist0_.board_content as board_co2_4_1_, boardlist0_.board_created_at as board_cr3_4_1_, boardlist0_.board_last_modified_at as board_la4_4_1_, boardlist0_.board_title as board_ti5_4_1_, boardlist0_.user_id as user_id8_4_1_, boardlist0_.board_views as board_vi6_4_1_ from board boardlist0_ where boardlist0_.category_id=?
Hibernate: select user0_.user_id as col_0_0_ from user user0_ where user0_.user_user_id=? limit ?
Hibernate: select user0_.user_id as col_0_0_ from user user0_ where user0_.user_user_id=? limit ?
Hibernate: select U.* from USER U where U.USER_USER_ID =?
Hibernate: select character0_.character_id as characte1_6_0_, character0_.character_character_name as characte2_6_0_ from characters character0_ where character0_.character_id=?
Hibernate: select user0_.user_id as user_id1_21_0_, user0_.character_id as characte7_21_0_, user0_.user_created_at as user_cre2_21_0_, user0_.user_name as user_nam3_21_0_, user0_.user_phone_number as user_pho4_21_0_, user0_.user_user_id as user_use5_21_0_, user0_.user_user_password as user_use6_21_0_ from user user0_ where user0_.user_id=?
Hibernate: select character0_.character_id as characte1_6_0_, character0_.character_character_name as characte2_6_0_ from characters character0_ where character0_.character_id=?
Hibernate: select count(*) as col_0_0_ from user user0_ where user0_.user_id=?
Hibernate: select character1_.character_id as characte1_6_, character1_.character_character_name as characte2_6_ from user user0_ inner join characters character1_ on user0_.character_id=character1_.character_id where user0_.user_id=?
Hibernate: select permission0_.character_id as characte6_12_0_, permission0_.permission_id as permissi1_12_0_, permission0_.permission_id as permissi1_12_1_, permission0_.character_id as characte6_12_1_, permission0_.permission_name as permissi2_12_1_, permission0_.permission_permission_unit_id as permissi3_12_1_, permission0_.permission_service as permissi4_12_1_, permission0_.permission_status as permissi5_12_1_ from permission permission0_ where permission0_.character_id=?
Hibernate: select count(*) as col_0_0_ from category category0_ where category0_.category_id=?
Hibernate: select category0_.category_id as category1_5_0_, category0_.category_name as category2_5_0_ from category category0_ where category0_.category_id=?
Hibernate: insert into board (board_id, category_id, board_content, board_created_at, board_last_modified_at, board_title, user_id, board_views) values (default, ?, ?, ?, ?, ?, ?, ?)
Hibernate: insert into reaction (reaction_id, board_id, reaction_type) values (default, ?, ?)
Hibernate: insert into reaction (reaction_id, board_id, reaction_type) values (default, ?, ?)
Hibernate: insert into reaction (reaction_id, board_id, reaction_type) values (default, ?, ?)
Hibernate: insert into reaction (reaction_id, board_id, reaction_type) values (default, ?, ?)
Hibernate: insert into reaction (reaction_id, board_id, reaction_type) values (default, ?, ?)
Hibernate: insert into reaction (reaction_id, board_id, reaction_type) values (default, ?, ?)
Hibernate: select user0_.user_id as user_id1_21_0_, user0_.character_id as characte7_21_0_, user0_.user_created_at as user_cre2_21_0_, user0_.user_name as user_nam3_21_0_, user0_.user_phone_number as user_pho4_21_0_, user0_.user_user_id as user_use5_21_0_, user0_.user_user_password as user_use6_21_0_ from user user0_ where user0_.user_id=?
Hibernate: select character0_.character_id as characte1_6_0_, character0_.character_character_name as characte2_6_0_ from characters character0_ where character0_.character_id=?
Hibernate: select count(*) as col_0_0_ from user user0_ where user0_.user_id=?
Hibernate: select character1_.character_id as characte1_6_, character1_.character_character_name as characte2_6_ from user user0_ inner join characters character1_ on user0_.character_id=character1_.character_id where user0_.user_id=?
Hibernate: select permission0_.character_id as characte6_12_0_, permission0_.permission_id as permissi1_12_0_, permission0_.permission_id as permissi1_12_1_, permission0_.character_id as characte6_12_1_, permission0_.permission_name as permissi2_12_1_, permission0_.permission_permission_unit_id as permissi3_12_1_, permission0_.permission_service as permissi4_12_1_, permission0_.permission_status as permissi5_12_1_ from permission permission0_ where permission0_.character_id=?
Hibernate: select count(*) as col_0_0_ from category category0_ where category0_.category_id=?
Hibernate: select category0_.category_id as category1_5_0_, category0_.category_name as category2_5_0_ from category category0_ where category0_.category_id=?
Hibernate: insert into board (board_id, category_id, board_content, board_created_at, board_last_modified_at, board_title, user_id, board_views) values (default, ?, ?, ?, ?, ?, ?, ?)
Hibernate: insert into reaction (reaction_id, board_id, reaction_type) values (default, ?, ?)
Hibernate: insert into reaction (reaction_id, board_id, reaction_type) values (default, ?, ?)
Hibernate: insert into reaction (reaction_id, board_id, reaction_type) values (default, ?, ?)
Hibernate: insert into reaction (reaction_id, board_id, reaction_type) values (default, ?, ?)
Hibernate: insert into reaction (reaction_id, board_id, reaction_type) values (default, ?, ?)
Hibernate: insert into reaction (reaction_id, board_id, reaction_type) values (default, ?, ?)
Hibernate: select user0_.user_id as user_id1_21_0_, user0_.character_id as characte7_21_0_, user0_.user_created_at as user_cre2_21_0_, user0_.user_name as user_nam3_21_0_, user0_.user_phone_number as user_pho4_21_0_, user0_.user_user_id as user_use5_21_0_, user0_.user_user_password as user_use6_21_0_ from user user0_ where user0_.user_id=?
Hibernate: select character0_.character_id as characte1_6_0_, character0_.character_character_name as characte2_6_0_ from characters character0_ where character0_.character_id=?
Hibernate: select count(board0_.board_id) as col_0_0_ from board board0_ cross join user user1_ where board0_.user_id=user1_.user_id and (user1_.user_user_id like ?)
Hibernate: select board0_.board_id as board_id1_4_, board0_.category_id as category7_4_, board0_.board_content as board_co2_4_, board0_.board_created_at as board_cr3_4_, board0_.board_last_modified_at as board_la4_4_, board0_.board_title as board_ti5_4_, board0_.user_id as user_id8_4_, board0_.board_views as board_vi6_4_ from board board0_ cross join user user1_ where board0_.user_id=user1_.user_id and (user1_.user_user_id like ('%'||?||'%')) limit ?
Hibernate: select category0_.category_id as category1_5_0_, category0_.category_name as category2_5_0_ from category category0_ where category0_.category_id=?
Hibernate: select user0_.user_id as user_id1_21_0_, user0_.character_id as characte7_21_0_, user0_.user_created_at as user_cre2_21_0_, user0_.user_name as user_nam3_21_0_, user0_.user_phone_number as user_pho4_21_0_, user0_.user_user_id as user_use5_21_0_, user0_.user_user_password as user_use6_21_0_ from user user0_ where user0_.user_id=?
Hibernate: select character0_.character_id as characte1_6_0_, character0_.character_character_name as characte2_6_0_ from characters character0_ where character0_.character_id=?
Hibernate: select reactionli0_.board_id as board_id3_13_0_, reactionli0_.reaction_id as reaction1_13_0_, reactionli0_.reaction_id as reaction1_13_1_, reactionli0_.board_id as board_id3_13_1_, reactionli0_.reaction_type as reaction2_13_1_ from reaction reactionli0_ where reactionli0_.board_id=?
Hibernate: select reactionus0_.reaction_id as reaction2_14_0_, reactionus0_.reaction_user_id as reaction1_14_0_, reactionus0_.reaction_user_id as reaction1_14_1_, reactionus0_.reaction_id as reaction2_14_1_, reactionus0_.user_id as user_id3_14_1_ from reaction_user reactionus0_ where reactionus0_.reaction_id=?
Hibernate: select reactionus0_.reaction_id as reaction2_14_0_, reactionus0_.reaction_user_id as reaction1_14_0_, reactionus0_.reaction_user_id as reaction1_14_1_, reactionus0_.reaction_id as reaction2_14_1_, reactionus0_.user_id as user_id3_14_1_ from reaction_user reactionus0_ where reactionus0_.reaction_id=?
Hibernate: select reactionus0_.reaction_id as reaction2_14_0_, reactionus0_.reaction_user_id as reaction1_14_0_, reactionus0_.reaction_user_id as reaction1_14_1_, reactionus0_.reaction_id as reaction2_14_1_, reactionus0_.user_id as user_id3_14_1_ from reaction_user reactionus0_ where reactionus0_.reaction_id=?
Hibernate: select reactionus0_.reaction_id as reaction2_14_0_, reactionus0_.reaction_user_id as reaction1_14_0_, reactionus0_.reaction_user_id as reaction1_14_1_, reactionus0_.reaction_id as reaction2_14_1_, reactionus0_.user_id as user_id3_14_1_ from reaction_user reactionus0_ where reactionus0_.reaction_id=?
Hibernate: select reactionus0_.reaction_id as reaction2_14_0_, reactionus0_.reaction_user_id as reaction1_14_0_, reactionus0_.reaction_user_id as reaction1_14_1_, reactionus0_.reaction_id as reaction2_14_1_, reactionus0_.user_id as user_id3_14_1_ from reaction_user reactionus0_ where reactionus0_.reaction_id=?
Hibernate: select reactionus0_.reaction_id as reaction2_14_0_, reactionus0_.reaction_user_id as reaction1_14_0_, reactionus0_.reaction_user_id as reaction1_14_1_, reactionus0_.reaction_id as reaction2_14_1_, reactionus0_.user_id as user_id3_14_1_ from reaction_user reactionus0_ where reactionus0_.reaction_id=?
Hibernate: select commentlis0_.board_id as board_id5_7_0_, commentlis0_.comment_id as comment_1_7_0_, commentlis0_.comment_id as comment_1_7_1_, commentlis0_.board_id as board_id5_7_1_, commentlis0_.comment_content as comment_2_7_1_, commentlis0_.comment_created_at as comment_3_7_1_, commentlis0_.comment_last_modified_at as comment_4_7_1_, commentlis0_.user_id as user_id6_7_1_ from comment commentlis0_ where commentlis0_.board_id=?
Hibernate: select reactionli0_.board_id as board_id3_13_0_, reactionli0_.reaction_id as reaction1_13_0_, reactionli0_.reaction_id as reaction1_13_1_, reactionli0_.board_id as board_id3_13_1_, reactionli0_.reaction_type as reaction2_13_1_ from reaction reactionli0_ where reactionli0_.board_id=?
Hibernate: select reactionus0_.reaction_id as reaction2_14_0_, reactionus0_.reaction_user_id as reaction1_14_0_, reactionus0_.reaction_user_id as reaction1_14_1_, reactionus0_.reaction_id as reaction2_14_1_, reactionus0_.user_id as user_id3_14_1_ from reaction_user reactionus0_ where reactionus0_.reaction_id=?
Hibernate: select reactionus0_.reaction_id as reaction2_14_0_, reactionus0_.reaction_user_id as reaction1_14_0_, reactionus0_.reaction_user_id as reaction1_14_1_, reactionus0_.reaction_id as reaction2_14_1_, reactionus0_.user_id as user_id3_14_1_ from reaction_user reactionus0_ where reactionus0_.reaction_id=?
Hibernate: select reactionus0_.reaction_id as reaction2_14_0_, reactionus0_.reaction_user_id as reaction1_14_0_, reactionus0_.reaction_user_id as reaction1_14_1_, reactionus0_.reaction_id as reaction2_14_1_, reactionus0_.user_id as user_id3_14_1_ from reaction_user reactionus0_ where reactionus0_.reaction_id=?
Hibernate: select reactionus0_.reaction_id as reaction2_14_0_, reactionus0_.reaction_user_id as reaction1_14_0_, reactionus0_.reaction_user_id as reaction1_14_1_, reactionus0_.reaction_id as reaction2_14_1_, reactionus0_.user_id as user_id3_14_1_ from reaction_user reactionus0_ where reactionus0_.reaction_id=?
Hibernate: select reactionus0_.reaction_id as reaction2_14_0_, reactionus0_.reaction_user_id as reaction1_14_0_, reactionus0_.reaction_user_id as reaction1_14_1_, reactionus0_.reaction_id as reaction2_14_1_, reactionus0_.user_id as user_id3_14_1_ from reaction_user reactionus0_ where reactionus0_.reaction_id=?
Hibernate: select reactionus0_.reaction_id as reaction2_14_0_, reactionus0_.reaction_user_id as reaction1_14_0_, reactionus0_.reaction_user_id as reaction1_14_1_, reactionus0_.reaction_id as reaction2_14_1_, reactionus0_.user_id as user_id3_14_1_ from reaction_user reactionus0_ where reactionus0_.reaction_id=?
Hibernate: select commentlis0_.board_id as board_id5_7_0_, commentlis0_.comment_id as comment_1_7_0_, commentlis0_.comment_id as comment_1_7_1_, commentlis0_.board_id as board_id5_7_1_, commentlis0_.comment_content as comment_2_7_1_, commentlis0_.comment_created_at as comment_3_7_1_, commentlis0_.comment_last_modified_at as comment_4_7_1_, commentlis0_.user_id as user_id6_7_1_ from comment commentlis0_ where commentlis0_.board_id=?
Hibernate: select boardlist0_.category_id as category7_4_0_, boardlist0_.board_id as board_id1_4_0_, boardlist0_.board_id as board_id1_4_1_, boardlist0_.category_id as category7_4_1_, boardlist0_.board_content as board_co2_4_1_, boardlist0_.board_created_at as board_cr3_4_1_, boardlist0_.board_last_modified_at as board_la4_4_1_, boardlist0_.board_title as board_ti5_4_1_, boardlist0_.user_id as user_id8_4_1_, boardlist0_.board_views as board_vi6_4_1_ from board boardlist0_ where boardlist0_.category_id=?
Hibernate: select count(comment0_.comment_id) as col_0_0_ from comment comment0_ where comment0_.board_id=?
Hibernate: select count(comment0_.comment_id) as col_0_0_ from comment comment0_ where comment0_.board_id=?
Hibernate: select imagepathl0_.board_board_id as board_bo1_11_0_, imagepathl0_.board_image_path_list as board_im2_11_0_ from image_path_list imagepathl0_ where imagepathl0_.board_board_id=?
Hibernate: select filepathli0_.board_board_id as board_bo1_8_0_, filepathli0_.board_file_path_list as board_fi2_8_0_ from file_path_list filepathli0_ where filepathli0_.board_board_id=?
Hibernate: select imagepathl0_.board_board_id as board_bo1_11_0_, imagepathl0_.board_image_path_list as board_im2_11_0_ from image_path_list imagepathl0_ where imagepathl0_.board_board_id=?
Hibernate: select filepathli0_.board_board_id as board_bo1_8_0_, filepathli0_.board_file_path_list as board_fi2_8_0_ from file_path_list filepathli0_ where filepathli0_.board_board_id=?
Hibernate: select user0_.user_id as col_0_0_ from user user0_ where user0_.user_user_id=? limit ?
Hibernate: select user0_.user_id as col_0_0_ from user user0_ where user0_.user_user_id=? limit ?
Hibernate: select U.* from USER U where U.USER_USER_ID =?
Hibernate: select character0_.character_id as characte1_6_0_, character0_.character_character_name as characte2_6_0_ from characters character0_ where character0_.character_id=?
Hibernate: select user0_.user_id as user_id1_21_0_, user0_.character_id as characte7_21_0_, user0_.user_created_at as user_cre2_21_0_, user0_.user_name as user_nam3_21_0_, user0_.user_phone_number as user_pho4_21_0_, user0_.user_user_id as user_use5_21_0_, user0_.user_user_password as user_use6_21_0_ from user user0_ where user0_.user_id=?
Hibernate: select character0_.character_id as characte1_6_0_, character0_.character_character_name as characte2_6_0_ from characters character0_ where character0_.character_id=?
Hibernate: select count(*) as col_0_0_ from board board0_
Hibernate: select board0_.board_id as board_id1_4_, board0_.category_id as category7_4_, board0_.board_content as board_co2_4_, board0_.board_created_at as board_cr3_4_, board0_.board_last_modified_at as board_la4_4_, board0_.board_title as board_ti5_4_, board0_.user_id as user_id8_4_, board0_.board_views as board_vi6_4_ from board board0_ limit ?
Hibernate: select category0_.category_id as category1_5_0_, category0_.category_name as category2_5_0_ from category category0_ where category0_.category_id=?
Hibernate: select reactionli0_.board_id as board_id3_13_0_, reactionli0_.reaction_id as reaction1_13_0_, reactionli0_.reaction_id as reaction1_13_1_, reactionli0_.board_id as board_id3_13_1_, reactionli0_.reaction_type as reaction2_13_1_ from reaction reactionli0_ where reactionli0_.board_id=?
Hibernate: select reactionus0_.reaction_id as reaction2_14_0_, reactionus0_.reaction_user_id as reaction1_14_0_, reactionus0_.reaction_user_id as reaction1_14_1_, reactionus0_.reaction_id as reaction2_14_1_, reactionus0_.user_id as user_id3_14_1_ from reaction_user reactionus0_ where reactionus0_.reaction_id=?
Hibernate: select reactionus0_.reaction_id as reaction2_14_0_, reactionus0_.reaction_user_id as reaction1_14_0_, reactionus0_.reaction_user_id as reaction1_14_1_, reactionus0_.reaction_id as reaction2_14_1_, reactionus0_.user_id as user_id3_14_1_ from reaction_user reactionus0_ where reactionus0_.reaction_id=?
Hibernate: select reactionus0_.reaction_id as reaction2_14_0_, reactionus0_.reaction_user_id as reaction1_14_0_, reactionus0_.reaction_user_id as reaction1_14_1_, reactionus0_.reaction_id as reaction2_14_1_, reactionus0_.user_id as user_id3_14_1_ from reaction_user reactionus0_ where reactionus0_.reaction_id=?
Hibernate: select reactionus0_.reaction_id as reaction2_14_0_, reactionus0_.reaction_user_id as reaction1_14_0_, reactionus0_.reaction_user_id as reaction1_14_1_, reactionus0_.reaction_id as reaction2_14_1_, reactionus0_.user_id as user_id3_14_1_ from reaction_user reactionus0_ where reactionus0_.reaction_id=?
Hibernate: select reactionus0_.reaction_id as reaction2_14_0_, reactionus0_.reaction_user_id as reaction1_14_0_, reactionus0_.reaction_user_id as reaction1_14_1_, reactionus0_.reaction_id as reaction2_14_1_, reactionus0_.user_id as user_id3_14_1_ from reaction_user reactionus0_ where reactionus0_.reaction_id=?
Hibernate: select reactionus0_.reaction_id as reaction2_14_0_, reactionus0_.reaction_user_id as reaction1_14_0_, reactionus0_.reaction_user_id as reaction1_14_1_, reactionus0_.reaction_id as reaction2_14_1_, reactionus0_.user_id as user_id3_14_1_ from reaction_user reactionus0_ where reactionus0_.reaction_id=?
Hibernate: select commentlis0_.board_id as board_id5_7_0_, commentlis0_.comment_id as comment_1_7_0_, commentlis0_.comment_id as comment_1_7_1_, commentlis0_.board_id as board_id5_7_1_, commentlis0_.comment_content as comment_2_7_1_, commentlis0_.comment_created_at as comment_3_7_1_, commentlis0_.comment_last_modified_at as comment_4_7_1_, commentlis0_.user_id as user_id6_7_1_ from comment commentlis0_ where commentlis0_.board_id=?
Hibernate: select reactionli0_.board_id as board_id3_13_0_, reactionli0_.reaction_id as reaction1_13_0_, reactionli0_.reaction_id as reaction1_13_1_, reactionli0_.board_id as board_id3_13_1_, reactionli0_.reaction_type as reaction2_13_1_ from reaction reactionli0_ where reactionli0_.board_id=?
Hibernate: select reactionus0_.reaction_id as reaction2_14_0_, reactionus0_.reaction_user_id as reaction1_14_0_, reactionus0_.reaction_user_id as reaction1_14_1_, reactionus0_.reaction_id as reaction2_14_1_, reactionus0_.user_id as user_id3_14_1_ from reaction_user reactionus0_ where reactionus0_.reaction_id=?
Hibernate: select reactionus0_.reaction_id as reaction2_14_0_, reactionus0_.reaction_user_id as reaction1_14_0_, reactionus0_.reaction_user_id as reaction1_14_1_, reactionus0_.reaction_id as reaction2_14_1_, reactionus0_.user_id as user_id3_14_1_ from reaction_user reactionus0_ where reactionus0_.reaction_id=?
Hibernate: select reactionus0_.reaction_id as reaction2_14_0_, reactionus0_.reaction_user_id as reaction1_14_0_, reactionus0_.reaction_user_id as reaction1_14_1_, reactionus0_.reaction_id as reaction2_14_1_, reactionus0_.user_id as user_id3_14_1_ from reaction_user reactionus0_ where reactionus0_.reaction_id=?
Hibernate: select reactionus0_.reaction_id as reaction2_14_0_, reactionus0_.reaction_user_id as reaction1_14_0_, reactionus0_.reaction_user_id as reaction1_14_1_, reactionus0_.reaction_id as reaction2_14_1_, reactionus0_.user_id as user_id3_14_1_ from reaction_user reactionus0_ where reactionus0_.reaction_id=?
Hibernate: select reactionus0_.reaction_id as reaction2_14_0_, reactionus0_.reaction_user_id as reaction1_14_0_, reactionus0_.reaction_user_id as reaction1_14_1_, reactionus0_.reaction_id as reaction2_14_1_, reactionus0_.user_id as user_id3_14_1_ from reaction_user reactionus0_ where reactionus0_.reaction_id=?
Hibernate: select reactionus0_.reaction_id as reaction2_14_0_, reactionus0_.reaction_user_id as reaction1_14_0_, reactionus0_.reaction_user_id as reaction1_14_1_, reactionus0_.reaction_id as reaction2_14_1_, reactionus0_.user_id as user_id3_14_1_ from reaction_user reactionus0_ where reactionus0_.reaction_id=?
Hibernate: select commentlis0_.board_id as board_id5_7_0_, commentlis0_.comment_id as comment_1_7_0_, commentlis0_.comment_id as comment_1_7_1_, commentlis0_.board_id as board_id5_7_1_, commentlis0_.comment_content as comment_2_7_1_, commentlis0_.comment_created_at as comment_3_7_1_, commentlis0_.comment_last_modified_at as comment_4_7_1_, commentlis0_.user_id as user_id6_7_1_ from comment commentlis0_ where commentlis0_.board_id=?
Hibernate: select boardlist0_.category_id as category7_4_0_, boardlist0_.board_id as board_id1_4_0_, boardlist0_.board_id as board_id1_4_1_, boardlist0_.category_id as category7_4_1_, boardlist0_.board_content as board_co2_4_1_, boardlist0_.board_created_at as board_cr3_4_1_, boardlist0_.board_last_modified_at as board_la4_4_1_, boardlist0_.board_title as board_ti5_4_1_, boardlist0_.user_id as user_id8_4_1_, boardlist0_.board_views as board_vi6_4_1_ from board boardlist0_ where boardlist0_.category_id=?
Hibernate: select count(comment0_.comment_id) as col_0_0_ from comment comment0_ where comment0_.board_id=?
Hibernate: select count(comment0_.comment_id) as col_0_0_ from comment comment0_ where comment0_.board_id=?
Hibernate: select count(*) as col_0_0_ from board board0_
Hibernate: select imagepathl0_.board_board_id as board_bo1_11_0_, imagepathl0_.board_image_path_list as board_im2_11_0_ from image_path_list imagepathl0_ where imagepathl0_.board_board_id=?
Hibernate: select filepathli0_.board_board_id as board_bo1_8_0_, filepathli0_.board_file_path_list as board_fi2_8_0_ from file_path_list filepathli0_ where filepathli0_.board_board_id=?
Hibernate: select imagepathl0_.board_board_id as board_bo1_11_0_, imagepathl0_.board_image_path_list as board_im2_11_0_ from image_path_list imagepathl0_ where imagepathl0_.board_board_id=?
Hibernate: select filepathli0_.board_board_id as board_bo1_8_0_, filepathli0_.board_file_path_list as board_fi2_8_0_ from file_path_list filepathli0_ where filepathli0_.board_board_id=?
Hibernate: select U.* from USER U join BOARD B where U.USER_ID = B.USER_ID and B.BOARD_ID = ?
Hibernate: select character0_.character_id as characte1_6_0_, character0_.character_character_name as characte2_6_0_ from characters character0_ where character0_.character_id=?
Hibernate: select count(*) as col_0_0_ from user user0_ where user0_.user_id=?
Hibernate: select character1_.character_id as characte1_6_, character1_.character_character_name as characte2_6_ from user user0_ inner join characters character1_ on user0_.character_id=character1_.character_id where user0_.user_id=?
Hibernate: select permission0_.character_id as characte6_12_0_, permission0_.permission_id as permissi1_12_0_, permission0_.permission_id as permissi1_12_1_, permission0_.character_id as characte6_12_1_, permission0_.permission_name as permissi2_12_1_, permission0_.permission_permission_unit_id as permissi3_12_1_, permission0_.permission_service as permissi4_12_1_, permission0_.permission_status as permissi5_12_1_ from permission permission0_ where permission0_.character_id=?
Hibernate: select count(*) as col_0_0_ from board board0_ where board0_.board_id=?
Hibernate: select board0_.board_id as board_id1_4_0_, board0_.category_id as category7_4_0_, board0_.board_content as board_co2_4_0_, board0_.board_created_at as board_cr3_4_0_, board0_.board_last_modified_at as board_la4_4_0_, board0_.board_title as board_ti5_4_0_, board0_.user_id as user_id8_4_0_, board0_.board_views as board_vi6_4_0_ from board board0_ where board0_.board_id=?
Hibernate: select category0_.category_id as category1_5_0_, category0_.category_name as category2_5_0_ from category category0_ where category0_.category_id=?
Hibernate: select reactionli0_.board_id as board_id3_13_0_, reactionli0_.reaction_id as reaction1_13_0_, reactionli0_.reaction_id as reaction1_13_1_, reactionli0_.board_id as board_id3_13_1_, reactionli0_.reaction_type as reaction2_13_1_ from reaction reactionli0_ where reactionli0_.board_id=?
Hibernate: select reactionus0_.reaction_id as reaction2_14_0_, reactionus0_.reaction_user_id as reaction1_14_0_, reactionus0_.reaction_user_id as reaction1_14_1_, reactionus0_.reaction_id as reaction2_14_1_, reactionus0_.user_id as user_id3_14_1_ from reaction_user reactionus0_ where reactionus0_.reaction_id=?
Hibernate: select reactionus0_.reaction_id as reaction2_14_0_, reactionus0_.reaction_user_id as reaction1_14_0_, reactionus0_.reaction_user_id as reaction1_14_1_, reactionus0_.reaction_id as reaction2_14_1_, reactionus0_.user_id as user_id3_14_1_ from reaction_user reactionus0_ where reactionus0_.reaction_id=?
Hibernate: select reactionus0_.reaction_id as reaction2_14_0_, reactionus0_.reaction_user_id as reaction1_14_0_, reactionus0_.reaction_user_id as reaction1_14_1_, reactionus0_.reaction_id as reaction2_14_1_, reactionus0_.user_id as user_id3_14_1_ from reaction_user reactionus0_ where reactionus0_.reaction_id=?
Hibernate: select reactionus0_.reaction_id as reaction2_14_0_, reactionus0_.reaction_user_id as reaction1_14_0_, reactionus0_.reaction_user_id as reaction1_14_1_, reactionus0_.reaction_id as reaction2_14_1_, reactionus0_.user_id as user_id3_14_1_ from reaction_user reactionus0_ where reactionus0_.reaction_id=?
Hibernate: select reactionus0_.reaction_id as reaction2_14_0_, reactionus0_.reaction_user_id as reaction1_14_0_, reactionus0_.reaction_user_id as reaction1_14_1_, reactionus0_.reaction_id as reaction2_14_1_, reactionus0_.user_id as user_id3_14_1_ from reaction_user reactionus0_ where reactionus0_.reaction_id=?
Hibernate: select reactionus0_.reaction_id as reaction2_14_0_, reactionus0_.reaction_user_id as reaction1_14_0_, reactionus0_.reaction_user_id as reaction1_14_1_, reactionus0_.reaction_id as reaction2_14_1_, reactionus0_.user_id as user_id3_14_1_ from reaction_user reactionus0_ where reactionus0_.reaction_id=?
Hibernate: select commentlis0_.board_id as board_id5_7_0_, commentlis0_.comment_id as comment_1_7_0_, commentlis0_.comment_id as comment_1_7_1_, commentlis0_.board_id as board_id5_7_1_, commentlis0_.comment_content as comment_2_7_1_, commentlis0_.comment_created_at as comment_3_7_1_, commentlis0_.comment_last_modified_at as comment_4_7_1_, commentlis0_.user_id as user_id6_7_1_ from comment commentlis0_ where commentlis0_.board_id=?
Hibernate: select boardlist0_.category_id as category7_4_0_, boardlist0_.board_id as board_id1_4_0_, boardlist0_.board_id as board_id1_4_1_, boardlist0_.category_id as category7_4_1_, boardlist0_.board_content as board_co2_4_1_, boardlist0_.board_created_at as board_cr3_4_1_, boardlist0_.board_last_modified_at as board_la4_4_1_, boardlist0_.board_title as board_ti5_4_1_, boardlist0_.user_id as user_id8_4_1_, boardlist0_.board_views as board_vi6_4_1_ from board boardlist0_ where boardlist0_.category_id=?
Hibernate: select count(comment0_.comment_id) as col_0_0_ from comment comment0_ where comment0_.board_id=?
Hibernate: update board set category_id=?, board_content=?, board_created_at=?, board_last_modified_at=?, board_title=?, user_id=?, board_views=? where board_id=?
Hibernate: select filepathli0_.board_board_id as board_bo1_8_0_, filepathli0_.board_file_path_list as board_fi2_8_0_ from file_path_list filepathli0_ where filepathli0_.board_board_id=?
Hibernate: select imagepathl0_.board_board_id as board_bo1_11_0_, imagepathl0_.board_image_path_list as board_im2_11_0_ from image_path_list imagepathl0_ where imagepathl0_.board_board_id=?
Hibernate: select count(*) as col_0_0_ from board board0_ where board0_.board_id=?
Hibernate: delete from reaction where reaction_id=?
Hibernate: delete from reaction where reaction_id=?
Hibernate: delete from reaction where reaction_id=?
Hibernate: delete from reaction where reaction_id=?
Hibernate: delete from reaction where reaction_id=?
Hibernate: delete from reaction where reaction_id=?
Hibernate: delete from board where board_id=?
Hibernate: select user0_.user_id as user_id1_21_0_, user0_.character_id as characte7_21_0_, user0_.user_created_at as user_cre2_21_0_, user0_.user_name as user_nam3_21_0_, user0_.user_phone_number as user_pho4_21_0_, user0_.user_user_id as user_use5_21_0_, user0_.user_user_password as user_use6_21_0_ from user user0_ where user0_.user_id=?
Hibernate: select character0_.character_id as characte1_6_0_, character0_.character_character_name as characte2_6_0_ from characters character0_ where character0_.character_id=?
Hibernate: select count(*) as col_0_0_ from user user0_ where user0_.user_id=?
Hibernate: select character1_.character_id as characte1_6_, character1_.character_character_name as characte2_6_ from user user0_ inner join characters character1_ on user0_.character_id=character1_.character_id where user0_.user_id=?
Hibernate: select permission0_.character_id as characte6_12_0_, permission0_.permission_id as permissi1_12_0_, permission0_.permission_id as permissi1_12_1_, permission0_.character_id as characte6_12_1_, permission0_.permission_name as permissi2_12_1_, permission0_.permission_permission_unit_id as permissi3_12_1_, permission0_.permission_service as permissi4_12_1_, permission0_.permission_status as permissi5_12_1_ from permission permission0_ where permission0_.character_id=?
Hibernate: select count(*) as col_0_0_ from board board0_ where board0_.board_id=?
Hibernate: select U.* from USER U join BOARD B where U.USER_ID = B.USER_ID and B.BOARD_ID = ?
Hibernate: select character0_.character_id as characte1_6_0_, character0_.character_character_name as characte2_6_0_ from characters character0_ where character0_.character_id=?
Hibernate: select count(*) as col_0_0_ from user user0_ where user0_.user_id=?
Hibernate: select character1_.character_id as characte1_6_, character1_.character_character_name as characte2_6_ from user user0_ inner join characters character1_ on user0_.character_id=character1_.character_id where user0_.user_id=?
Hibernate: select permission0_.character_id as characte6_12_0_, permission0_.permission_id as permissi1_12_0_, permission0_.permission_id as permissi1_12_1_, permission0_.character_id as characte6_12_1_, permission0_.permission_name as permissi2_12_1_, permission0_.permission_permission_unit_id as permissi3_12_1_, permission0_.permission_service as permissi4_12_1_, permission0_.permission_status as permissi5_12_1_ from permission permission0_ where permission0_.character_id=?
Hibernate: select count(*) as col_0_0_ from board board0_ where board0_.board_id=?
Hibernate: select board0_.board_id as board_id1_4_0_, board0_.category_id as category7_4_0_, board0_.board_content as board_co2_4_0_, board0_.board_created_at as board_cr3_4_0_, board0_.board_last_modified_at as board_la4_4_0_, board0_.board_title as board_ti5_4_0_, board0_.user_id as user_id8_4_0_, board0_.board_views as board_vi6_4_0_ from board board0_ where board0_.board_id=?
Hibernate: select category0_.category_id as category1_5_0_, category0_.category_name as category2_5_0_ from category category0_ where category0_.category_id=?
Hibernate: select reactionli0_.board_id as board_id3_13_0_, reactionli0_.reaction_id as reaction1_13_0_, reactionli0_.reaction_id as reaction1_13_1_, reactionli0_.board_id as board_id3_13_1_, reactionli0_.reaction_type as reaction2_13_1_ from reaction reactionli0_ where reactionli0_.board_id=?
Hibernate: select reactionus0_.reaction_id as reaction2_14_0_, reactionus0_.reaction_user_id as reaction1_14_0_, reactionus0_.reaction_user_id as reaction1_14_1_, reactionus0_.reaction_id as reaction2_14_1_, reactionus0_.user_id as user_id3_14_1_ from reaction_user reactionus0_ where reactionus0_.reaction_id=?
Hibernate: select reactionus0_.reaction_id as reaction2_14_0_, reactionus0_.reaction_user_id as reaction1_14_0_, reactionus0_.reaction_user_id as reaction1_14_1_, reactionus0_.reaction_id as reaction2_14_1_, reactionus0_.user_id as user_id3_14_1_ from reaction_user reactionus0_ where reactionus0_.reaction_id=?
Hibernate: select reactionus0_.reaction_id as reaction2_14_0_, reactionus0_.reaction_user_id as reaction1_14_0_, reactionus0_.reaction_user_id as reaction1_14_1_, reactionus0_.reaction_id as reaction2_14_1_, reactionus0_.user_id as user_id3_14_1_ from reaction_user reactionus0_ where reactionus0_.reaction_id=?
Hibernate: select reactionus0_.reaction_id as reaction2_14_0_, reactionus0_.reaction_user_id as reaction1_14_0_, reactionus0_.reaction_user_id as reaction1_14_1_, reactionus0_.reaction_id as reaction2_14_1_, reactionus0_.user_id as user_id3_14_1_ from reaction_user reactionus0_ where reactionus0_.reaction_id=?
Hibernate: select reactionus0_.reaction_id as reaction2_14_0_, reactionus0_.reaction_user_id as reaction1_14_0_, reactionus0_.reaction_user_id as reaction1_14_1_, reactionus0_.reaction_id as reaction2_14_1_, reactionus0_.user_id as user_id3_14_1_ from reaction_user reactionus0_ where reactionus0_.reaction_id=?
Hibernate: select reactionus0_.reaction_id as reaction2_14_0_, reactionus0_.reaction_user_id as reaction1_14_0_, reactionus0_.reaction_user_id as reaction1_14_1_, reactionus0_.reaction_id as reaction2_14_1_, reactionus0_.user_id as user_id3_14_1_ from reaction_user reactionus0_ where reactionus0_.reaction_id=?
Hibernate: select commentlis0_.board_id as board_id5_7_0_, commentlis0_.comment_id as comment_1_7_0_, commentlis0_.comment_id as comment_1_7_1_, commentlis0_.board_id as board_id5_7_1_, commentlis0_.comment_content as comment_2_7_1_, commentlis0_.comment_created_at as comment_3_7_1_, commentlis0_.comment_last_modified_at as comment_4_7_1_, commentlis0_.user_id as user_id6_7_1_ from comment commentlis0_ where commentlis0_.board_id=?
Hibernate: select boardlist0_.category_id as category7_4_0_, boardlist0_.board_id as board_id1_4_0_, boardlist0_.board_id as board_id1_4_1_, boardlist0_.category_id as category7_4_1_, boardlist0_.board_content as board_co2_4_1_, boardlist0_.board_created_at as board_cr3_4_1_, boardlist0_.board_last_modified_at as board_la4_4_1_, boardlist0_.board_title as board_ti5_4_1_, boardlist0_.user_id as user_id8_4_1_, boardlist0_.board_views as board_vi6_4_1_ from board boardlist0_ where boardlist0_.category_id=?
Hibernate: select count(comment0_.comment_id) as col_0_0_ from comment comment0_ where comment0_.board_id=?
Hibernate: update board set category_id=?, board_content=?, board_created_at=?, board_last_modified_at=?, board_title=?, user_id=?, board_views=? where board_id=?
Hibernate: select filepathli0_.board_board_id as board_bo1_8_0_, filepathli0_.board_file_path_list as board_fi2_8_0_ from file_path_list filepathli0_ where filepathli0_.board_board_id=?
Hibernate: select imagepathl0_.board_board_id as board_bo1_11_0_, imagepathl0_.board_image_path_list as board_im2_11_0_ from image_path_list imagepathl0_ where imagepathl0_.board_board_id=?
Hibernate: select count(*) as col_0_0_ from board board0_ where board0_.board_id=?
Hibernate: delete from reaction where reaction_id=?
Hibernate: delete from reaction where reaction_id=?
Hibernate: delete from reaction where reaction_id=?
Hibernate: delete from reaction where reaction_id=?
Hibernate: delete from reaction where reaction_id=?
Hibernate: delete from reaction where reaction_id=?
Hibernate: delete from board where board_id=?
Hibernate: select user0_.user_id as user_id1_21_0_, user0_.character_id as characte7_21_0_, user0_.user_created_at as user_cre2_21_0_, user0_.user_name as user_nam3_21_0_, user0_.user_phone_number as user_pho4_21_0_, user0_.user_user_id as user_use5_21_0_, user0_.user_user_password as user_use6_21_0_ from user user0_ where user0_.user_id=?
Hibernate: select character0_.character_id as characte1_6_0_, character0_.character_character_name as characte2_6_0_ from characters character0_ where character0_.character_id=?
Hibernate: select count(*) as col_0_0_ from user user0_ where user0_.user_id=?
Hibernate: select character1_.character_id as characte1_6_, character1_.character_character_name as characte2_6_ from user user0_ inner join characters character1_ on user0_.character_id=character1_.character_id where user0_.user_id=?
Hibernate: select permission0_.character_id as characte6_12_0_, permission0_.permission_id as permissi1_12_0_, permission0_.permission_id as permissi1_12_1_, permission0_.character_id as characte6_12_1_, permission0_.permission_name as permissi2_12_1_, permission0_.permission_permission_unit_id as permissi3_12_1_, permission0_.permission_service as permissi4_12_1_, permission0_.permission_status as permissi5_12_1_ from permission permission0_ where permission0_.character_id=?
Hibernate: select count(*) as col_0_0_ from board board0_ where board0_.board_id=?
Hibernate: select user0_.user_id as col_0_0_ from user user0_ where user0_.user_user_id=? limit ?
Hibernate: select user0_.user_id as col_0_0_ from user user0_ where user0_.user_user_id=? limit ?
Hibernate: select U.* from USER U where U.USER_USER_ID =?
Hibernate: select character0_.character_id as characte1_6_0_, character0_.character_character_name as characte2_6_0_ from characters character0_ where character0_.character_id=?
Hibernate: select user0_.user_id as user_id1_21_0_, user0_.character_id as characte7_21_0_, user0_.user_created_at as user_cre2_21_0_, user0_.user_name as user_nam3_21_0_, user0_.user_phone_number as user_pho4_21_0_, user0_.user_user_id as user_use5_21_0_, user0_.user_user_password as user_use6_21_0_ from user user0_ where user0_.user_id=?
Hibernate: select character0_.character_id as characte1_6_0_, character0_.character_character_name as characte2_6_0_ from characters character0_ where character0_.character_id=?
Hibernate: select category0_.category_id as category1_5_, category0_.category_name as category2_5_ from category category0_
Hibernate: select boardlist0_.category_id as category7_4_0_, boardlist0_.board_id as board_id1_4_0_, boardlist0_.board_id as board_id1_4_1_, boardlist0_.category_id as category7_4_1_, boardlist0_.board_content as board_co2_4_1_, boardlist0_.board_created_at as board_cr3_4_1_, boardlist0_.board_last_modified_at as board_la4_4_1_, boardlist0_.board_title as board_ti5_4_1_, boardlist0_.user_id as user_id8_4_1_, boardlist0_.board_views as board_vi6_4_1_ from board boardlist0_ where boardlist0_.category_id=?
Hibernate: select boardlist0_.category_id as category7_4_0_, boardlist0_.board_id as board_id1_4_0_, boardlist0_.board_id as board_id1_4_1_, boardlist0_.category_id as category7_4_1_, boardlist0_.board_content as board_co2_4_1_, boardlist0_.board_created_at as board_cr3_4_1_, boardlist0_.board_last_modified_at as board_la4_4_1_, boardlist0_.board_title as board_ti5_4_1_, boardlist0_.user_id as user_id8_4_1_, boardlist0_.board_views as board_vi6_4_1_ from board boardlist0_ where boardlist0_.category_id=?
Hibernate: select user0_.user_id as user_id1_21_0_, user0_.character_id as characte7_21_0_, user0_.user_created_at as user_cre2_21_0_, user0_.user_name as user_nam3_21_0_, user0_.user_phone_number as user_pho4_21_0_, user0_.user_user_id as user_use5_21_0_, user0_.user_user_password as user_use6_21_0_ from user user0_ where user0_.user_id=?
Hibernate: select character0_.character_id as characte1_6_0_, character0_.character_character_name as characte2_6_0_ from characters character0_ where character0_.character_id=?
Hibernate: select count(*) as col_0_0_ from user user0_ where user0_.user_id=?
Hibernate: select character1_.character_id as characte1_6_, character1_.character_character_name as characte2_6_ from user user0_ inner join characters character1_ on user0_.character_id=character1_.character_id where user0_.user_id=?
Hibernate: select permission0_.character_id as characte6_12_0_, permission0_.permission_id as permissi1_12_0_, permission0_.permission_id as permissi1_12_1_, permission0_.character_id as characte6_12_1_, permission0_.permission_name as permissi2_12_1_, permission0_.permission_permission_unit_id as permissi3_12_1_, permission0_.permission_service as permissi4_12_1_, permission0_.permission_status as permissi5_12_1_ from permission permission0_ where permission0_.character_id=?
Hibernate: select count(*) as col_0_0_ from category category0_ where category0_.category_id=?
Hibernate: select count(board0_.board_id) as col_0_0_ from board board0_ where board0_.category_id=?
Hibernate: select category0_.category_id as category1_5_0_, category0_.category_name as category2_5_0_ from category category0_ where category0_.category_id=?
Hibernate: select boardlist0_.category_id as category7_4_0_, boardlist0_.board_id as board_id1_4_0_, boardlist0_.board_id as board_id1_4_1_, boardlist0_.category_id as category7_4_1_, boardlist0_.board_content as board_co2_4_1_, boardlist0_.board_created_at as board_cr3_4_1_, boardlist0_.board_last_modified_at as board_la4_4_1_, boardlist0_.board_title as board_ti5_4_1_, boardlist0_.user_id as user_id8_4_1_, boardlist0_.board_views as board_vi6_4_1_ from board boardlist0_ where boardlist0_.category_id=?
Hibernate: delete from category where category_id=?
Hibernate: select user0_.user_id as user_id1_21_0_, user0_.character_id as characte7_21_0_, user0_.user_created_at as user_cre2_21_0_, user0_.user_name as user_nam3_21_0_, user0_.user_phone_number as user_pho4_21_0_, user0_.user_user_id as user_use5_21_0_, user0_.user_user_password as user_use6_21_0_ from user user0_ where user0_.user_id=?
Hibernate: select character0_.character_id as characte1_6_0_, character0_.character_character_name as characte2_6_0_ from characters character0_ where character0_.character_id=?
Hibernate: select count(*) as col_0_0_ from user user0_ where user0_.user_id=?
Hibernate: select character1_.character_id as characte1_6_, character1_.character_character_name as characte2_6_ from user user0_ inner join characters character1_ on user0_.character_id=character1_.character_id where user0_.user_id=?
Hibernate: select permission0_.character_id as characte6_12_0_, permission0_.permission_id as permissi1_12_0_, permission0_.permission_id as permissi1_12_1_, permission0_.character_id as characte6_12_1_, permission0_.permission_name as permissi2_12_1_, permission0_.permission_permission_unit_id as permissi3_12_1_, permission0_.permission_service as permissi4_12_1_, permission0_.permission_status as permissi5_12_1_ from permission permission0_ where permission0_.character_id=?
Hibernate: select count(*) as col_0_0_ from category category0_ where category0_.category_id=?
Hibernate: select count(board0_.board_id) as col_0_0_ from board board0_ where board0_.category_id=?
Hibernate: select category0_.category_id as category1_5_0_, category0_.category_name as category2_5_0_ from category category0_ where category0_.category_id=?
Hibernate: select boardlist0_.category_id as category7_4_0_, boardlist0_.board_id as board_id1_4_0_, boardlist0_.board_id as board_id1_4_1_, boardlist0_.category_id as category7_4_1_, boardlist0_.board_content as board_co2_4_1_, boardlist0_.board_created_at as board_cr3_4_1_, boardlist0_.board_last_modified_at as board_la4_4_1_, boardlist0_.board_title as board_ti5_4_1_, boardlist0_.user_id as user_id8_4_1_, boardlist0_.board_views as board_vi6_4_1_ from board boardlist0_ where boardlist0_.category_id=?
Hibernate: delete from category where category_id=?
Hibernate: select user0_.user_id as user_id1_21_0_, user0_.character_id as characte7_21_0_, user0_.user_created_at as user_cre2_21_0_, user0_.user_name as user_nam3_21_0_, user0_.user_phone_number as user_pho4_21_0_, user0_.user_user_id as user_use5_21_0_, user0_.user_user_password as user_use6_21_0_ from user user0_ where user0_.user_id=?
Hibernate: select character0_.character_id as characte1_6_0_, character0_.character_character_name as characte2_6_0_ from characters character0_ where character0_.character_id=?
Hibernate: select count(*) as col_0_0_ from user user0_ where user0_.user_id=?
Hibernate: select character1_.character_id as characte1_6_, character1_.character_character_name as characte2_6_ from user user0_ inner join characters character1_ on user0_.character_id=character1_.character_id where user0_.user_id=?
Hibernate: select permission0_.character_id as characte6_12_0_, permission0_.permission_id as permissi1_12_0_, permission0_.permission_id as permissi1_12_1_, permission0_.character_id as characte6_12_1_, permission0_.permission_name as permissi2_12_1_, permission0_.permission_permission_unit_id as permissi3_12_1_, permission0_.permission_service as permissi4_12_1_, permission0_.permission_status as permissi5_12_1_ from permission permission0_ where permission0_.character_id=?
Hibernate: select category0_.category_id as col_0_0_ from category category0_ where category0_.category_name=? limit ?
Hibernate: select category0_.category_id as category1_5_1_, category0_.category_name as category2_5_1_, boardlist1_.category_id as category7_4_3_, boardlist1_.board_id as board_id1_4_3_, boardlist1_.board_id as board_id1_4_0_, boardlist1_.category_id as category7_4_0_, boardlist1_.board_content as board_co2_4_0_, boardlist1_.board_created_at as board_cr3_4_0_, boardlist1_.board_last_modified_at as board_la4_4_0_, boardlist1_.board_title as board_ti5_4_0_, boardlist1_.user_id as user_id8_4_0_, boardlist1_.board_views as board_vi6_4_0_ from category category0_ left outer join board boardlist1_ on category0_.category_id=boardlist1_.category_id where category0_.category_id=?
Hibernate: insert into category (category_id, category_name) values (default, ?)
Hibernate: select user0_.user_id as user_id1_21_0_, user0_.character_id as characte7_21_0_, user0_.user_created_at as user_cre2_21_0_, user0_.user_name as user_nam3_21_0_, user0_.user_phone_number as user_pho4_21_0_, user0_.user_user_id as user_use5_21_0_, user0_.user_user_password as user_use6_21_0_ from user user0_ where user0_.user_id=?
Hibernate: select character0_.character_id as characte1_6_0_, character0_.character_character_name as characte2_6_0_ from characters character0_ where character0_.character_id=?
Hibernate: select count(*) as col_0_0_ from user user0_ where user0_.user_id=?
Hibernate: select character1_.character_id as characte1_6_, character1_.character_character_name as characte2_6_ from user user0_ inner join characters character1_ on user0_.character_id=character1_.character_id where user0_.user_id=?
Hibernate: select permission0_.character_id as characte6_12_0_, permission0_.permission_id as permissi1_12_0_, permission0_.permission_id as permissi1_12_1_, permission0_.character_id as characte6_12_1_, permission0_.permission_name as permissi2_12_1_, permission0_.permission_permission_unit_id as permissi3_12_1_, permission0_.permission_service as permissi4_12_1_, permission0_.permission_status as permissi5_12_1_ from permission permission0_ where permission0_.character_id=?
Hibernate: select category0_.category_id as col_0_0_ from category category0_ where category0_.category_name=? limit ?
Hibernate: select category0_.category_id as category1_5_1_, category0_.category_name as category2_5_1_, boardlist1_.category_id as category7_4_3_, boardlist1_.board_id as board_id1_4_3_, boardlist1_.board_id as board_id1_4_0_, boardlist1_.category_id as category7_4_0_, boardlist1_.board_content as board_co2_4_0_, boardlist1_.board_created_at as board_cr3_4_0_, boardlist1_.board_last_modified_at as board_la4_4_0_, boardlist1_.board_title as board_ti5_4_0_, boardlist1_.user_id as user_id8_4_0_, boardlist1_.board_views as board_vi6_4_0_ from category category0_ left outer join board boardlist1_ on category0_.category_id=boardlist1_.category_id where category0_.category_id=?
Hibernate: insert into category (category_id, category_name) values (default, ?)
Hibernate: select user0_.user_id as col_0_0_ from user user0_ where user0_.user_user_id=? limit ?
Hibernate: select user0_.user_id as col_0_0_ from user user0_ where user0_.user_user_id=? limit ?
Hibernate: select U.* from USER U where U.USER_USER_ID =?
Hibernate: select character0_.character_id as characte1_6_0_, character0_.character_character_name as characte2_6_0_ from characters character0_ where character0_.character_id=?
Hibernate: select user0_.user_id as col_0_0_ from user user0_ where user0_.user_user_id=? limit ?
Hibernate: select user0_.user_id as user_id1_21_, user0_.character_id as characte7_21_, user0_.user_created_at as user_cre2_21_, user0_.user_name as user_nam3_21_, user0_.user_phone_number as user_pho4_21_, user0_.user_user_id as user_use5_21_, user0_.user_user_password as user_use6_21_ from user user0_ inner join characters character1_ on user0_.character_id=character1_.character_id where user0_.user_user_id=?
Hibernate: select character0_.character_id as characte1_6_0_, character0_.character_character_name as characte2_6_0_ from characters character0_ where character0_.character_id=?
Hibernate: select rewardtagw0_.user_id as user_id4_16_0_, rewardtagw0_.reward_tag_wrapper_reward_id as reward_t1_16_0_, rewardtagw0_.reward_tag_wrapper_reward_id as reward_t1_16_1_, rewardtagw0_.reward_tag_wrapper_reward_presented_at as reward_t2_16_1_, rewardtagw0_.reward_tag_reward_tag_id as reward_t3_16_1_, rewardtagw0_.user_id as user_id4_16_1_ from reward_tag_wrapper rewardtagw0_ where rewardtagw0_.user_id=?
Hibernate: select user0_.user_id as user_id1_21_0_, user0_.character_id as characte7_21_0_, user0_.user_created_at as user_cre2_21_0_, user0_.user_name as user_nam3_21_0_, user0_.user_phone_number as user_pho4_21_0_, user0_.user_user_id as user_use5_21_0_, user0_.user_user_password as user_use6_21_0_ from user user0_ where user0_.user_id=?
Hibernate: select character0_.character_id as characte1_6_0_, character0_.character_character_name as characte2_6_0_ from characters character0_ where character0_.character_id=?
Hibernate: select count(*) as col_0_0_ from user user0_ where user0_.user_id=?
Hibernate: select character1_.character_id as characte1_6_, character1_.character_character_name as characte2_6_ from user user0_ inner join characters character1_ on user0_.character_id=character1_.character_id where user0_.user_id=?
Hibernate: select permission0_.character_id as characte6_12_0_, permission0_.permission_id as permissi1_12_0_, permission0_.permission_id as permissi1_12_1_, permission0_.character_id as characte6_12_1_, permission0_.permission_name as permissi2_12_1_, permission0_.permission_permission_unit_id as permissi3_12_1_, permission0_.permission_service as permissi4_12_1_, permission0_.permission_status as permissi5_12_1_ from permission permission0_ where permission0_.character_id=?
Hibernate: select count(*) as col_0_0_ from user user0_ where user0_.user_id=?
Hibernate: select user0_.user_id as user_id1_21_, user0_.character_id as characte7_21_, user0_.user_created_at as user_cre2_21_, user0_.user_name as user_nam3_21_, user0_.user_phone_number as user_pho4_21_, user0_.user_user_id as user_use5_21_, user0_.user_user_password as user_use6_21_ from user user0_ where user0_.user_id=?
Hibernate: select character0_.character_id as characte1_6_0_, character0_.character_character_name as characte2_6_0_ from characters character0_ where character0_.character_id=?
Hibernate: select rewardtagw0_.user_id as user_id4_16_0_, rewardtagw0_.reward_tag_wrapper_reward_id as reward_t1_16_0_, rewardtagw0_.reward_tag_wrapper_reward_id as reward_t1_16_1_, rewardtagw0_.reward_tag_wrapper_reward_presented_at as reward_t2_16_1_, rewardtagw0_.reward_tag_reward_tag_id as reward_t3_16_1_, rewardtagw0_.user_id as user_id4_16_1_ from reward_tag_wrapper rewardtagw0_ where rewardtagw0_.user_id=?
Hibernate: select attendance0_.attendance_user_attendance_user_id as col_0_0_ from attendance_user attendance0_ where attendance0_.user_id=? limit ?
Hibernate: DELETE FROM USER WHERE USER_ID = ?
Hibernate: select user0_.user_id as col_0_0_ from user user0_ where user0_.user_user_id=? limit ?
Hibernate: select user0_.user_id as col_0_0_ from user user0_ where user0_.user_user_id=? limit ?
Hibernate: select U.* from USER U where U.USER_USER_ID =?
Hibernate: select character0_.character_id as characte1_6_0_, character0_.character_character_name as characte2_6_0_ from characters character0_ where character0_.character_id=?
Hibernate: select user0_.user_id as user_id1_21_0_, user0_.character_id as characte7_21_0_, user0_.user_created_at as user_cre2_21_0_, user0_.user_name as user_nam3_21_0_, user0_.user_phone_number as user_pho4_21_0_, user0_.user_user_id as user_use5_21_0_, user0_.user_user_password as user_use6_21_0_ from user user0_ where user0_.user_id=?
Hibernate: select character0_.character_id as characte1_6_0_, character0_.character_character_name as characte2_6_0_ from characters character0_ where character0_.character_id=?
Hibernate: select count(*) as col_0_0_ from board board0_
Hibernate: select count(*) as col_0_0_ from board board0_
Hibernate: select user0_.user_id as col_0_0_ from user user0_ where user0_.user_user_id=? limit ?
Hibernate: select user0_.user_id as col_0_0_ from user user0_ where user0_.user_user_id=? limit ?
Hibernate: select U.* from USER U where U.USER_USER_ID =?
Hibernate: select character0_.character_id as characte1_6_0_, character0_.character_character_name as characte2_6_0_ from characters character0_ where character0_.character_id=?
Hibernate: select user0_.user_id as user_id1_21_0_, user0_.character_id as characte7_21_0_, user0_.user_created_at as user_cre2_21_0_, user0_.user_name as user_nam3_21_0_, user0_.user_phone_number as user_pho4_21_0_, user0_.user_user_id as user_use5_21_0_, user0_.user_user_password as user_use6_21_0_ from user user0_ where user0_.user_id=?
Hibernate: select character0_.character_id as characte1_6_0_, character0_.character_character_name as characte2_6_0_ from characters character0_ where character0_.character_id=?
Hibernate: select category0_.category_id as category1_5_, category0_.category_name as category2_5_ from category category0_
Hibernate: select boardlist0_.category_id as category7_4_0_, boardlist0_.board_id as board_id1_4_0_, boardlist0_.board_id as board_id1_4_1_, boardlist0_.category_id as category7_4_1_, boardlist0_.board_content as board_co2_4_1_, boardlist0_.board_created_at as board_cr3_4_1_, boardlist0_.board_last_modified_at as board_la4_4_1_, boardlist0_.board_title as board_ti5_4_1_, boardlist0_.user_id as user_id8_4_1_, boardlist0_.board_views as board_vi6_4_1_ from board boardlist0_ where boardlist0_.category_id=?
Hibernate: select boardlist0_.category_id as category7_4_0_, boardlist0_.board_id as board_id1_4_0_, boardlist0_.board_id as board_id1_4_1_, boardlist0_.category_id as category7_4_1_, boardlist0_.board_content as board_co2_4_1_, boardlist0_.board_created_at as board_cr3_4_1_, boardlist0_.board_last_modified_at as board_la4_4_1_, boardlist0_.board_title as board_ti5_4_1_, boardlist0_.user_id as user_id8_4_1_, boardlist0_.board_views as board_vi6_4_1_ from board boardlist0_ where boardlist0_.category_id=?
Hibernate: select user0_.user_id as user_id1_21_0_, user0_.character_id as characte7_21_0_, user0_.user_created_at as user_cre2_21_0_, user0_.user_name as user_nam3_21_0_, user0_.user_phone_number as user_pho4_21_0_, user0_.user_user_id as user_use5_21_0_, user0_.user_user_password as user_use6_21_0_ from user user0_ where user0_.user_id=?
Hibernate: select character0_.character_id as characte1_6_0_, character0_.character_character_name as characte2_6_0_ from characters character0_ where character0_.character_id=?
Hibernate: select count(*) as col_0_0_ from user user0_ where user0_.user_id=?
Hibernate: select character1_.character_id as characte1_6_, character1_.character_character_name as characte2_6_ from user user0_ inner join characters character1_ on user0_.character_id=character1_.character_id where user0_.user_id=?
Hibernate: select permission0_.character_id as characte6_12_0_, permission0_.permission_id as permissi1_12_0_, permission0_.permission_id as permissi1_12_1_, permission0_.character_id as characte6_12_1_, permission0_.permission_name as permissi2_12_1_, permission0_.permission_permission_unit_id as permissi3_12_1_, permission0_.permission_service as permissi4_12_1_, permission0_.permission_status as permissi5_12_1_ from permission permission0_ where permission0_.character_id=?
Hibernate: select count(*) as col_0_0_ from category category0_ where category0_.category_id=?
Hibernate: select count(board0_.board_id) as col_0_0_ from board board0_ where board0_.category_id=?
Hibernate: select category0_.category_id as category1_5_0_, category0_.category_name as category2_5_0_ from category category0_ where category0_.category_id=?
Hibernate: select boardlist0_.category_id as category7_4_0_, boardlist0_.board_id as board_id1_4_0_, boardlist0_.board_id as board_id1_4_1_, boardlist0_.category_id as category7_4_1_, boardlist0_.board_content as board_co2_4_1_, boardlist0_.board_created_at as board_cr3_4_1_, boardlist0_.board_last_modified_at as board_la4_4_1_, boardlist0_.board_title as board_ti5_4_1_, boardlist0_.user_id as user_id8_4_1_, boardlist0_.board_views as board_vi6_4_1_ from board boardlist0_ where boardlist0_.category_id=?
Hibernate: delete from category where category_id=?
Hibernate: select user0_.user_id as user_id1_21_0_, user0_.character_id as characte7_21_0_, user0_.user_created_at as user_cre2_21_0_, user0_.user_name as user_nam3_21_0_, user0_.user_phone_number as user_pho4_21_0_, user0_.user_user_id as user_use5_21_0_, user0_.user_user_password as user_use6_21_0_ from user user0_ where user0_.user_id=?
Hibernate: select character0_.character_id as characte1_6_0_, character0_.character_character_name as characte2_6_0_ from characters character0_ where character0_.character_id=?
Hibernate: select count(*) as col_0_0_ from user user0_ where user0_.user_id=?
Hibernate: select character1_.character_id as characte1_6_, character1_.character_character_name as characte2_6_ from user user0_ inner join characters character1_ on user0_.character_id=character1_.character_id where user0_.user_id=?
Hibernate: select permission0_.character_id as characte6_12_0_, permission0_.permission_id as permissi1_12_0_, permission0_.permission_id as permissi1_12_1_, permission0_.character_id as characte6_12_1_, permission0_.permission_name as permissi2_12_1_, permission0_.permission_permission_unit_id as permissi3_12_1_, permission0_.permission_service as permissi4_12_1_, permission0_.permission_status as permissi5_12_1_ from permission permission0_ where permission0_.character_id=?
Hibernate: select count(*) as col_0_0_ from category category0_ where category0_.category_id=?
Hibernate: select count(board0_.board_id) as col_0_0_ from board board0_ where board0_.category_id=?
Hibernate: select category0_.category_id as category1_5_0_, category0_.category_name as category2_5_0_ from category category0_ where category0_.category_id=?
Hibernate: select boardlist0_.category_id as category7_4_0_, boardlist0_.board_id as board_id1_4_0_, boardlist0_.board_id as board_id1_4_1_, boardlist0_.category_id as category7_4_1_, boardlist0_.board_content as board_co2_4_1_, boardlist0_.board_created_at as board_cr3_4_1_, boardlist0_.board_last_modified_at as board_la4_4_1_, boardlist0_.board_title as board_ti5_4_1_, boardlist0_.user_id as user_id8_4_1_, boardlist0_.board_views as board_vi6_4_1_ from board boardlist0_ where boardlist0_.category_id=?
Hibernate: delete from category where category_id=?
Hibernate: select user0_.user_id as user_id1_21_0_, user0_.character_id as characte7_21_0_, user0_.user_created_at as user_cre2_21_0_, user0_.user_name as user_nam3_21_0_, user0_.user_phone_number as user_pho4_21_0_, user0_.user_user_id as user_use5_21_0_, user0_.user_user_password as user_use6_21_0_ from user user0_ where user0_.user_id=?
Hibernate: select character0_.character_id as characte1_6_0_, character0_.character_character_name as characte2_6_0_ from characters character0_ where character0_.character_id=?
Hibernate: select count(*) as col_0_0_ from user user0_ where user0_.user_id=?
Hibernate: select character1_.character_id as characte1_6_, character1_.character_character_name as characte2_6_ from user user0_ inner join characters character1_ on user0_.character_id=character1_.character_id where user0_.user_id=?
Hibernate: select permission0_.character_id as characte6_12_0_, permission0_.permission_id as permissi1_12_0_, permission0_.permission_id as permissi1_12_1_, permission0_.character_id as characte6_12_1_, permission0_.permission_name as permissi2_12_1_, permission0_.permission_permission_unit_id as permissi3_12_1_, permission0_.permission_service as permissi4_12_1_, permission0_.permission_status as permissi5_12_1_ from permission permission0_ where permission0_.character_id=?
Hibernate: select category0_.category_id as col_0_0_ from category category0_ where category0_.category_name=? limit ?
Hibernate: select category0_.category_id as category1_5_1_, category0_.category_name as category2_5_1_, boardlist1_.category_id as category7_4_3_, boardlist1_.board_id as board_id1_4_3_, boardlist1_.board_id as board_id1_4_0_, boardlist1_.category_id as category7_4_0_, boardlist1_.board_content as board_co2_4_0_, boardlist1_.board_created_at as board_cr3_4_0_, boardlist1_.board_last_modified_at as board_la4_4_0_, boardlist1_.board_title as board_ti5_4_0_, boardlist1_.user_id as user_id8_4_0_, boardlist1_.board_views as board_vi6_4_0_ from category category0_ left outer join board boardlist1_ on category0_.category_id=boardlist1_.category_id where category0_.category_id=?
Hibernate: insert into category (category_id, category_name) values (default, ?)
Hibernate: select user0_.user_id as user_id1_21_0_, user0_.character_id as characte7_21_0_, user0_.user_created_at as user_cre2_21_0_, user0_.user_name as user_nam3_21_0_, user0_.user_phone_number as user_pho4_21_0_, user0_.user_user_id as user_use5_21_0_, user0_.user_user_password as user_use6_21_0_ from user user0_ where user0_.user_id=?
Hibernate: select character0_.character_id as characte1_6_0_, character0_.character_character_name as characte2_6_0_ from characters character0_ where character0_.character_id=?
Hibernate: select count(*) as col_0_0_ from user user0_ where user0_.user_id=?
Hibernate: select character1_.character_id as characte1_6_, character1_.character_character_name as characte2_6_ from user user0_ inner join characters character1_ on user0_.character_id=character1_.character_id where user0_.user_id=?
Hibernate: select permission0_.character_id as characte6_12_0_, permission0_.permission_id as permissi1_12_0_, permission0_.permission_id as permissi1_12_1_, permission0_.character_id as characte6_12_1_, permission0_.permission_name as permissi2_12_1_, permission0_.permission_permission_unit_id as permissi3_12_1_, permission0_.permission_service as permissi4_12_1_, permission0_.permission_status as permissi5_12_1_ from permission permission0_ where permission0_.character_id=?
Hibernate: select category0_.category_id as col_0_0_ from category category0_ where category0_.category_name=? limit ?
Hibernate: select category0_.category_id as category1_5_1_, category0_.category_name as category2_5_1_, boardlist1_.category_id as category7_4_3_, boardlist1_.board_id as board_id1_4_3_, boardlist1_.board_id as board_id1_4_0_, boardlist1_.category_id as category7_4_0_, boardlist1_.board_content as board_co2_4_0_, boardlist1_.board_created_at as board_cr3_4_0_, boardlist1_.board_last_modified_at as board_la4_4_0_, boardlist1_.board_title as board_ti5_4_0_, boardlist1_.user_id as user_id8_4_0_, boardlist1_.board_views as board_vi6_4_0_ from category category0_ left outer join board boardlist1_ on category0_.category_id=boardlist1_.category_id where category0_.category_id=?
Hibernate: insert into category (category_id, category_name) values (default, ?)
Hibernate: select user0_.user_id as col_0_0_ from user user0_ where user0_.user_user_id=? limit ?
Hibernate: select user0_.user_id as col_0_0_ from user user0_ where user0_.user_user_id=? limit ?
Hibernate: select U.* from USER U where U.USER_USER_ID =?
Hibernate: select character0_.character_id as characte1_6_0_, character0_.character_character_name as characte2_6_0_ from characters character0_ where character0_.character_id=?
Hibernate: select user0_.user_id as col_0_0_ from user user0_ where user0_.user_user_id=? limit ?
Hibernate: select user0_.user_id as col_0_0_ from user user0_ where user0_.user_user_id=? limit ?
Hibernate: select U.* from USER U where U.USER_USER_ID =?
Hibernate: select character0_.character_id as characte1_6_0_, character0_.character_character_name as characte2_6_0_ from characters character0_ where character0_.character_id=?
Hibernate: select user0_.user_id as user_id1_21_0_, user0_.character_id as characte7_21_0_, user0_.user_created_at as user_cre2_21_0_, user0_.user_name as user_nam3_21_0_, user0_.user_phone_number as user_pho4_21_0_, user0_.user_user_id as user_use5_21_0_, user0_.user_user_password as user_use6_21_0_ from user user0_ where user0_.user_id=?
Hibernate: select character0_.character_id as characte1_6_0_, character0_.character_character_name as characte2_6_0_ from characters character0_ where character0_.character_id=?
Hibernate: select count(*) as col_0_0_ from user user0_ where user0_.user_id=?
Hibernate: select character1_.character_id as characte1_6_, character1_.character_character_name as characte2_6_ from user user0_ inner join characters character1_ on user0_.character_id=character1_.character_id where user0_.user_id=?
Hibernate: select permission0_.character_id as characte6_12_0_, permission0_.permission_id as permissi1_12_0_, permission0_.permission_id as permissi1_12_1_, permission0_.character_id as characte6_12_1_, permission0_.permission_name as permissi2_12_1_, permission0_.permission_permission_unit_id as permissi3_12_1_, permission0_.permission_service as permissi4_12_1_, permission0_.permission_status as permissi5_12_1_ from permission permission0_ where permission0_.character_id=?
Hibernate: select category0_.category_id as col_0_0_ from category category0_ where category0_.category_name=? limit ?
Hibernate: select category0_.category_id as category1_5_1_, category0_.category_name as category2_5_1_, boardlist1_.category_id as category7_4_3_, boardlist1_.board_id as board_id1_4_3_, boardlist1_.board_id as board_id1_4_0_, boardlist1_.category_id as category7_4_0_, boardlist1_.board_content as board_co2_4_0_, boardlist1_.board_created_at as board_cr3_4_0_, boardlist1_.board_last_modified_at as board_la4_4_0_, boardlist1_.board_title as board_ti5_4_0_, boardlist1_.user_id as user_id8_4_0_, boardlist1_.board_views as board_vi6_4_0_ from category category0_ left outer join board boardlist1_ on category0_.category_id=boardlist1_.category_id where category0_.category_id=?
Hibernate: insert into category (category_id, category_name) values (default, ?)
Hibernate: select user0_.user_id as user_id1_21_0_, user0_.character_id as characte7_21_0_, user0_.user_created_at as user_cre2_21_0_, user0_.user_name as user_nam3_21_0_, user0_.user_phone_number as user_pho4_21_0_, user0_.user_user_id as user_use5_21_0_, user0_.user_user_password as user_use6_21_0_ from user user0_ where user0_.user_id=?
Hibernate: select character0_.character_id as characte1_6_0_, character0_.character_character_name as characte2_6_0_ from characters character0_ where character0_.character_id=?
Hibernate: select count(*) as col_0_0_ from user user0_ where user0_.user_id=?
Hibernate: select character1_.character_id as characte1_6_, character1_.character_character_name as characte2_6_ from user user0_ inner join characters character1_ on user0_.character_id=character1_.character_id where user0_.user_id=?
Hibernate: select permission0_.character_id as characte6_12_0_, permission0_.permission_id as permissi1_12_0_, permission0_.permission_id as permissi1_12_1_, permission0_.character_id as characte6_12_1_, permission0_.permission_name as permissi2_12_1_, permission0_.permission_permission_unit_id as permissi3_12_1_, permission0_.permission_service as permissi4_12_1_, permission0_.permission_status as permissi5_12_1_ from permission permission0_ where permission0_.character_id=?
Hibernate: select category0_.category_id as col_0_0_ from category category0_ where category0_.category_name=? limit ?
Hibernate: select user0_.user_id as user_id1_21_0_, user0_.character_id as characte7_21_0_, user0_.user_created_at as user_cre2_21_0_, user0_.user_name as user_nam3_21_0_, user0_.user_phone_number as user_pho4_21_0_, user0_.user_user_id as user_use5_21_0_, user0_.user_user_password as user_use6_21_0_ from user user0_ where user0_.user_id=?
Hibernate: select character0_.character_id as characte1_6_0_, character0_.character_character_name as characte2_6_0_ from characters character0_ where character0_.character_id=?
Hibernate: select category0_.category_id as category1_5_, category0_.category_name as category2_5_ from category category0_
Hibernate: select boardlist0_.category_id as category7_4_0_, boardlist0_.board_id as board_id1_4_0_, boardlist0_.board_id as board_id1_4_1_, boardlist0_.category_id as category7_4_1_, boardlist0_.board_content as board_co2_4_1_, boardlist0_.board_created_at as board_cr3_4_1_, boardlist0_.board_last_modified_at as board_la4_4_1_, boardlist0_.board_title as board_ti5_4_1_, boardlist0_.user_id as user_id8_4_1_, boardlist0_.board_views as board_vi6_4_1_ from board boardlist0_ where boardlist0_.category_id=?
Hibernate: select boardlist0_.category_id as category7_4_0_, boardlist0_.board_id as board_id1_4_0_, boardlist0_.board_id as board_id1_4_1_, boardlist0_.category_id as category7_4_1_, boardlist0_.board_content as board_co2_4_1_, boardlist0_.board_created_at as board_cr3_4_1_, boardlist0_.board_last_modified_at as board_la4_4_1_, boardlist0_.board_title as board_ti5_4_1_, boardlist0_.user_id as user_id8_4_1_, boardlist0_.board_views as board_vi6_4_1_ from board boardlist0_ where boardlist0_.category_id=?
Hibernate: select boardlist0_.category_id as category7_4_0_, boardlist0_.board_id as board_id1_4_0_, boardlist0_.board_id as board_id1_4_1_, boardlist0_.category_id as category7_4_1_, boardlist0_.board_content as board_co2_4_1_, boardlist0_.board_created_at as board_cr3_4_1_, boardlist0_.board_last_modified_at as board_la4_4_1_, boardlist0_.board_title as board_ti5_4_1_, boardlist0_.user_id as user_id8_4_1_, boardlist0_.board_views as board_vi6_4_1_ from board boardlist0_ where boardlist0_.category_id=?
Hibernate: select user0_.user_id as col_0_0_ from user user0_ where user0_.user_user_id=? limit ?
Hibernate: select user0_.user_id as col_0_0_ from user user0_ where user0_.user_user_id=? limit ?
Hibernate: select U.* from USER U where U.USER_USER_ID =?
Hibernate: select character0_.character_id as characte1_6_0_, character0_.character_character_name as characte2_6_0_ from characters character0_ where character0_.character_id=?
Hibernate: select user0_.user_id as user_id1_21_0_, user0_.character_id as characte7_21_0_, user0_.user_created_at as user_cre2_21_0_, user0_.user_name as user_nam3_21_0_, user0_.user_phone_number as user_pho4_21_0_, user0_.user_user_id as user_use5_21_0_, user0_.user_user_password as user_use6_21_0_ from user user0_ where user0_.user_id=?
Hibernate: select character0_.character_id as characte1_6_0_, character0_.character_character_name as characte2_6_0_ from characters character0_ where character0_.character_id=?
Hibernate: select count(*) as col_0_0_ from board board0_
Hibernate: select count(*) as col_0_0_ from board board0_
Hibernate: select user0_.user_id as col_0_0_ from user user0_ where user0_.user_user_id=? limit ?
Hibernate: select user0_.user_id as col_0_0_ from user user0_ where user0_.user_user_id=? limit ?
Hibernate: select U.* from USER U where U.USER_USER_ID =?
Hibernate: select character0_.character_id as characte1_6_0_, character0_.character_character_name as characte2_6_0_ from characters character0_ where character0_.character_id=?
Hibernate: select user0_.user_id as user_id1_21_0_, user0_.character_id as characte7_21_0_, user0_.user_created_at as user_cre2_21_0_, user0_.user_name as user_nam3_21_0_, user0_.user_phone_number as user_pho4_21_0_, user0_.user_user_id as user_use5_21_0_, user0_.user_user_password as user_use6_21_0_ from user user0_ where user0_.user_id=?
Hibernate: select character0_.character_id as characte1_6_0_, character0_.character_character_name as characte2_6_0_ from characters character0_ where character0_.character_id=?
Hibernate: select category0_.category_id as category1_5_, category0_.category_name as category2_5_ from category category0_
Hibernate: select boardlist0_.category_id as category7_4_0_, boardlist0_.board_id as board_id1_4_0_, boardlist0_.board_id as board_id1_4_1_, boardlist0_.category_id as category7_4_1_, boardlist0_.board_content as board_co2_4_1_, boardlist0_.board_created_at as board_cr3_4_1_, boardlist0_.board_last_modified_at as board_la4_4_1_, boardlist0_.board_title as board_ti5_4_1_, boardlist0_.user_id as user_id8_4_1_, boardlist0_.board_views as board_vi6_4_1_ from board boardlist0_ where boardlist0_.category_id=?
Hibernate: select boardlist0_.category_id as category7_4_0_, boardlist0_.board_id as board_id1_4_0_, boardlist0_.board_id as board_id1_4_1_, boardlist0_.category_id as category7_4_1_, boardlist0_.board_content as board_co2_4_1_, boardlist0_.board_created_at as board_cr3_4_1_, boardlist0_.board_last_modified_at as board_la4_4_1_, boardlist0_.board_title as board_ti5_4_1_, boardlist0_.user_id as user_id8_4_1_, boardlist0_.board_views as board_vi6_4_1_ from board boardlist0_ where boardlist0_.category_id=?
Hibernate: select boardlist0_.category_id as category7_4_0_, boardlist0_.board_id as board_id1_4_0_, boardlist0_.board_id as board_id1_4_1_, boardlist0_.category_id as category7_4_1_, boardlist0_.board_content as board_co2_4_1_, boardlist0_.board_created_at as board_cr3_4_1_, boardlist0_.board_last_modified_at as board_la4_4_1_, boardlist0_.board_title as board_ti5_4_1_, boardlist0_.user_id as user_id8_4_1_, boardlist0_.board_views as board_vi6_4_1_ from board boardlist0_ where boardlist0_.category_id=?
Hibernate: select user0_.user_id as user_id1_21_0_, user0_.character_id as characte7_21_0_, user0_.user_created_at as user_cre2_21_0_, user0_.user_name as user_nam3_21_0_, user0_.user_phone_number as user_pho4_21_0_, user0_.user_user_id as user_use5_21_0_, user0_.user_user_password as user_use6_21_0_ from user user0_ where user0_.user_id=?
Hibernate: select character0_.character_id as characte1_6_0_, character0_.character_character_name as characte2_6_0_ from characters character0_ where character0_.character_id=?
Hibernate: select count(*) as col_0_0_ from user user0_ where user0_.user_id=?
Hibernate: select character1_.character_id as characte1_6_, character1_.character_character_name as characte2_6_ from user user0_ inner join characters character1_ on user0_.character_id=character1_.character_id where user0_.user_id=?
Hibernate: select permission0_.character_id as characte6_12_0_, permission0_.permission_id as permissi1_12_0_, permission0_.permission_id as permissi1_12_1_, permission0_.character_id as characte6_12_1_, permission0_.permission_name as permissi2_12_1_, permission0_.permission_permission_unit_id as permissi3_12_1_, permission0_.permission_service as permissi4_12_1_, permission0_.permission_status as permissi5_12_1_ from permission permission0_ where permission0_.character_id=?
Hibernate: select count(*) as col_0_0_ from category category0_ where category0_.category_id=?
Hibernate: select count(board0_.board_id) as col_0_0_ from board board0_ where board0_.category_id=?
Hibernate: select category0_.category_id as category1_5_0_, category0_.category_name as category2_5_0_ from category category0_ where category0_.category_id=?
Hibernate: select boardlist0_.category_id as category7_4_0_, boardlist0_.board_id as board_id1_4_0_, boardlist0_.board_id as board_id1_4_1_, boardlist0_.category_id as category7_4_1_, boardlist0_.board_content as board_co2_4_1_, boardlist0_.board_created_at as board_cr3_4_1_, boardlist0_.board_last_modified_at as board_la4_4_1_, boardlist0_.board_title as board_ti5_4_1_, boardlist0_.user_id as user_id8_4_1_, boardlist0_.board_views as board_vi6_4_1_ from board boardlist0_ where boardlist0_.category_id=?
Hibernate: delete from category where category_id=?
Hibernate: select user0_.user_id as user_id1_21_0_, user0_.character_id as characte7_21_0_, user0_.user_created_at as user_cre2_21_0_, user0_.user_name as user_nam3_21_0_, user0_.user_phone_number as user_pho4_21_0_, user0_.user_user_id as user_use5_21_0_, user0_.user_user_password as user_use6_21_0_ from user user0_ where user0_.user_id=?
Hibernate: select character0_.character_id as characte1_6_0_, character0_.character_character_name as characte2_6_0_ from characters character0_ where character0_.character_id=?
Hibernate: select count(*) as col_0_0_ from user user0_ where user0_.user_id=?
Hibernate: select character1_.character_id as characte1_6_, character1_.character_character_name as characte2_6_ from user user0_ inner join characters character1_ on user0_.character_id=character1_.character_id where user0_.user_id=?
Hibernate: select permission0_.character_id as characte6_12_0_, permission0_.permission_id as permissi1_12_0_, permission0_.permission_id as permissi1_12_1_, permission0_.character_id as characte6_12_1_, permission0_.permission_name as permissi2_12_1_, permission0_.permission_permission_unit_id as permissi3_12_1_, permission0_.permission_service as permissi4_12_1_, permission0_.permission_status as permissi5_12_1_ from permission permission0_ where permission0_.character_id=?
Hibernate: select count(*) as col_0_0_ from category category0_ where category0_.category_id=?
Hibernate: select count(board0_.board_id) as col_0_0_ from board board0_ where board0_.category_id=?
Hibernate: select category0_.category_id as category1_5_0_, category0_.category_name as category2_5_0_ from category category0_ where category0_.category_id=?
Hibernate: select boardlist0_.category_id as category7_4_0_, boardlist0_.board_id as board_id1_4_0_, boardlist0_.board_id as board_id1_4_1_, boardlist0_.category_id as category7_4_1_, boardlist0_.board_content as board_co2_4_1_, boardlist0_.board_created_at as board_cr3_4_1_, boardlist0_.board_last_modified_at as board_la4_4_1_, boardlist0_.board_title as board_ti5_4_1_, boardlist0_.user_id as user_id8_4_1_, boardlist0_.board_views as board_vi6_4_1_ from board boardlist0_ where boardlist0_.category_id=?
Hibernate: delete from category where category_id=?
Hibernate: select user0_.user_id as user_id1_21_0_, user0_.character_id as characte7_21_0_, user0_.user_created_at as user_cre2_21_0_, user0_.user_name as user_nam3_21_0_, user0_.user_phone_number as user_pho4_21_0_, user0_.user_user_id as user_use5_21_0_, user0_.user_user_password as user_use6_21_0_ from user user0_ where user0_.user_id=?
Hibernate: select character0_.character_id as characte1_6_0_, character0_.character_character_name as characte2_6_0_ from characters character0_ where character0_.character_id=?
Hibernate: select count(*) as col_0_0_ from user user0_ where user0_.user_id=?
Hibernate: select character1_.character_id as characte1_6_, character1_.character_character_name as characte2_6_ from user user0_ inner join characters character1_ on user0_.character_id=character1_.character_id where user0_.user_id=?
Hibernate: select permission0_.character_id as characte6_12_0_, permission0_.permission_id as permissi1_12_0_, permission0_.permission_id as permissi1_12_1_, permission0_.character_id as characte6_12_1_, permission0_.permission_name as permissi2_12_1_, permission0_.permission_permission_unit_id as permissi3_12_1_, permission0_.permission_service as permissi4_12_1_, permission0_.permission_status as permissi5_12_1_ from permission permission0_ where permission0_.character_id=?
Hibernate: select count(*) as col_0_0_ from category category0_ where category0_.category_id=?
Hibernate: select count(board0_.board_id) as col_0_0_ from board board0_ where board0_.category_id=?
Hibernate: select category0_.category_id as category1_5_0_, category0_.category_name as category2_5_0_ from category category0_ where category0_.category_id=?
Hibernate: select boardlist0_.category_id as category7_4_0_, boardlist0_.board_id as board_id1_4_0_, boardlist0_.board_id as board_id1_4_1_, boardlist0_.category_id as category7_4_1_, boardlist0_.board_content as board_co2_4_1_, boardlist0_.board_created_at as board_cr3_4_1_, boardlist0_.board_last_modified_at as board_la4_4_1_, boardlist0_.board_title as board_ti5_4_1_, boardlist0_.user_id as user_id8_4_1_, boardlist0_.board_views as board_vi6_4_1_ from board boardlist0_ where boardlist0_.category_id=?
Hibernate: delete from category where category_id=?
Hibernate: select user0_.user_id as user_id1_21_0_, user0_.character_id as characte7_21_0_, user0_.user_created_at as user_cre2_21_0_, user0_.user_name as user_nam3_21_0_, user0_.user_phone_number as user_pho4_21_0_, user0_.user_user_id as user_use5_21_0_, user0_.user_user_password as user_use6_21_0_ from user user0_ where user0_.user_id=?
Hibernate: select character0_.character_id as characte1_6_0_, character0_.character_character_name as characte2_6_0_ from characters character0_ where character0_.character_id=?
Hibernate: select count(*) as col_0_0_ from user user0_ where user0_.user_id=?
Hibernate: select character1_.character_id as characte1_6_, character1_.character_character_name as characte2_6_ from user user0_ inner join characters character1_ on user0_.character_id=character1_.character_id where user0_.user_id=?
Hibernate: select permission0_.character_id as characte6_12_0_, permission0_.permission_id as permissi1_12_0_, permission0_.permission_id as permissi1_12_1_, permission0_.character_id as characte6_12_1_, permission0_.permission_name as permissi2_12_1_, permission0_.permission_permission_unit_id as permissi3_12_1_, permission0_.permission_service as permissi4_12_1_, permission0_.permission_status as permissi5_12_1_ from permission permission0_ where permission0_.character_id=?
Hibernate: select category0_.category_id as col_0_0_ from category category0_ where category0_.category_name=? limit ?
Hibernate: select category0_.category_id as category1_5_1_, category0_.category_name as category2_5_1_, boardlist1_.category_id as category7_4_3_, boardlist1_.board_id as board_id1_4_3_, boardlist1_.board_id as board_id1_4_0_, boardlist1_.category_id as category7_4_0_, boardlist1_.board_content as board_co2_4_0_, boardlist1_.board_created_at as board_cr3_4_0_, boardlist1_.board_last_modified_at as board_la4_4_0_, boardlist1_.board_title as board_ti5_4_0_, boardlist1_.user_id as user_id8_4_0_, boardlist1_.board_views as board_vi6_4_0_ from category category0_ left outer join board boardlist1_ on category0_.category_id=boardlist1_.category_id where category0_.category_id=?
Hibernate: insert into category (category_id, category_name) values (default, ?)
Hibernate: select user0_.user_id as user_id1_21_0_, user0_.character_id as characte7_21_0_, user0_.user_created_at as user_cre2_21_0_, user0_.user_name as user_nam3_21_0_, user0_.user_phone_number as user_pho4_21_0_, user0_.user_user_id as user_use5_21_0_, user0_.user_user_password as user_use6_21_0_ from user user0_ where user0_.user_id=?
Hibernate: select character0_.character_id as characte1_6_0_, character0_.character_character_name as characte2_6_0_ from characters character0_ where character0_.character_id=?
Hibernate: select count(*) as col_0_0_ from user user0_ where user0_.user_id=?
Hibernate: select character1_.character_id as characte1_6_, character1_.character_character_name as characte2_6_ from user user0_ inner join characters character1_ on user0_.character_id=character1_.character_id where user0_.user_id=?
Hibernate: select permission0_.character_id as characte6_12_0_, permission0_.permission_id as permissi1_12_0_, permission0_.permission_id as permissi1_12_1_, permission0_.character_id as characte6_12_1_, permission0_.permission_name as permissi2_12_1_, permission0_.permission_permission_unit_id as permissi3_12_1_, permission0_.permission_service as permissi4_12_1_, permission0_.permission_status as permissi5_12_1_ from permission permission0_ where permission0_.character_id=?
Hibernate: select category0_.category_id as col_0_0_ from category category0_ where category0_.category_name=? limit ?
Hibernate: select category0_.category_id as category1_5_1_, category0_.category_name as category2_5_1_, boardlist1_.category_id as category7_4_3_, boardlist1_.board_id as board_id1_4_3_, boardlist1_.board_id as board_id1_4_0_, boardlist1_.category_id as category7_4_0_, boardlist1_.board_content as board_co2_4_0_, boardlist1_.board_created_at as board_cr3_4_0_, boardlist1_.board_last_modified_at as board_la4_4_0_, boardlist1_.board_title as board_ti5_4_0_, boardlist1_.user_id as user_id8_4_0_, boardlist1_.board_views as board_vi6_4_0_ from category category0_ left outer join board boardlist1_ on category0_.category_id=boardlist1_.category_id where category0_.category_id=?
Hibernate: insert into category (category_id, category_name) values (default, ?)
Hibernate: select user0_.user_id as col_0_0_ from user user0_ where user0_.user_user_id=? limit ?
Hibernate: select user0_.user_id as col_0_0_ from user user0_ where user0_.user_user_id=? limit ?
Hibernate: select U.* from USER U where U.USER_USER_ID =?
Hibernate: select character0_.character_id as characte1_6_0_, character0_.character_character_name as characte2_6_0_ from characters character0_ where character0_.character_id=?
Hibernate: select user0_.user_id as col_0_0_ from user user0_ where user0_.user_user_id=? limit ?
Hibernate: select user0_.user_id as col_0_0_ from user user0_ where user0_.user_user_id=? limit ?
Hibernate: select U.* from USER U where U.USER_USER_ID =?
Hibernate: select character0_.character_id as characte1_6_0_, character0_.character_character_name as characte2_6_0_ from characters character0_ where character0_.character_id=?
Hibernate: select user0_.user_id as user_id1_21_0_, user0_.character_id as characte7_21_0_, user0_.user_created_at as user_cre2_21_0_, user0_.user_name as user_nam3_21_0_, user0_.user_phone_number as user_pho4_21_0_, user0_.user_user_id as user_use5_21_0_, user0_.user_user_password as user_use6_21_0_ from user user0_ where user0_.user_id=?
Hibernate: select character0_.character_id as characte1_6_0_, character0_.character_character_name as characte2_6_0_ from characters character0_ where character0_.character_id=?
Hibernate: select count(*) as col_0_0_ from board board0_
Hibernate: select count(*) as col_0_0_ from board board0_
Hibernate: select user0_.user_id as col_0_0_ from user user0_ where user0_.user_user_id=? limit ?
Hibernate: select user0_.user_id as col_0_0_ from user user0_ where user0_.user_user_id=? limit ?
Hibernate: select U.* from USER U where U.USER_USER_ID =?
Hibernate: select character0_.character_id as characte1_6_0_, character0_.character_character_name as characte2_6_0_ from characters character0_ where character0_.character_id=?
Hibernate: select user0_.user_id as user_id1_21_0_, user0_.character_id as characte7_21_0_, user0_.user_created_at as user_cre2_21_0_, user0_.user_name as user_nam3_21_0_, user0_.user_phone_number as user_pho4_21_0_, user0_.user_user_id as user_use5_21_0_, user0_.user_user_password as user_use6_21_0_ from user user0_ where user0_.user_id=?
Hibernate: select character0_.character_id as characte1_6_0_, character0_.character_character_name as characte2_6_0_ from characters character0_ where character0_.character_id=?
Hibernate: select category0_.category_id as category1_5_, category0_.category_name as category2_5_ from category category0_
Hibernate: select boardlist0_.category_id as category7_4_0_, boardlist0_.board_id as board_id1_4_0_, boardlist0_.board_id as board_id1_4_1_, boardlist0_.category_id as category7_4_1_, boardlist0_.board_content as board_co2_4_1_, boardlist0_.board_created_at as board_cr3_4_1_, boardlist0_.board_last_modified_at as board_la4_4_1_, boardlist0_.board_title as board_ti5_4_1_, boardlist0_.user_id as user_id8_4_1_, boardlist0_.board_views as board_vi6_4_1_ from board boardlist0_ where boardlist0_.category_id=?
Hibernate: select boardlist0_.category_id as category7_4_0_, boardlist0_.board_id as board_id1_4_0_, boardlist0_.board_id as board_id1_4_1_, boardlist0_.category_id as category7_4_1_, boardlist0_.board_content as board_co2_4_1_, boardlist0_.board_created_at as board_cr3_4_1_, boardlist0_.board_last_modified_at as board_la4_4_1_, boardlist0_.board_title as board_ti5_4_1_, boardlist0_.user_id as user_id8_4_1_, boardlist0_.board_views as board_vi6_4_1_ from board boardlist0_ where boardlist0_.category_id=?
Hibernate: select user0_.user_id as user_id1_21_0_, user0_.character_id as characte7_21_0_, user0_.user_created_at as user_cre2_21_0_, user0_.user_name as user_nam3_21_0_, user0_.user_phone_number as user_pho4_21_0_, user0_.user_user_id as user_use5_21_0_, user0_.user_user_password as user_use6_21_0_ from user user0_ where user0_.user_id=?
Hibernate: select character0_.character_id as characte1_6_0_, character0_.character_character_name as characte2_6_0_ from characters character0_ where character0_.character_id=?
Hibernate: select count(*) as col_0_0_ from user user0_ where user0_.user_id=?
Hibernate: select character1_.character_id as characte1_6_, character1_.character_character_name as characte2_6_ from user user0_ inner join characters character1_ on user0_.character_id=character1_.character_id where user0_.user_id=?
Hibernate: select permission0_.character_id as characte6_12_0_, permission0_.permission_id as permissi1_12_0_, permission0_.permission_id as permissi1_12_1_, permission0_.character_id as characte6_12_1_, permission0_.permission_name as permissi2_12_1_, permission0_.permission_permission_unit_id as permissi3_12_1_, permission0_.permission_service as permissi4_12_1_, permission0_.permission_status as permissi5_12_1_ from permission permission0_ where permission0_.character_id=?
Hibernate: select count(*) as col_0_0_ from category category0_ where category0_.category_id=?
Hibernate: select count(board0_.board_id) as col_0_0_ from board board0_ where board0_.category_id=?
Hibernate: select category0_.category_id as category1_5_0_, category0_.category_name as category2_5_0_ from category category0_ where category0_.category_id=?
Hibernate: select boardlist0_.category_id as category7_4_0_, boardlist0_.board_id as board_id1_4_0_, boardlist0_.board_id as board_id1_4_1_, boardlist0_.category_id as category7_4_1_, boardlist0_.board_content as board_co2_4_1_, boardlist0_.board_created_at as board_cr3_4_1_, boardlist0_.board_last_modified_at as board_la4_4_1_, boardlist0_.board_title as board_ti5_4_1_, boardlist0_.user_id as user_id8_4_1_, boardlist0_.board_views as board_vi6_4_1_ from board boardlist0_ where boardlist0_.category_id=?
Hibernate: delete from category where category_id=?
Hibernate: select user0_.user_id as user_id1_21_0_, user0_.character_id as characte7_21_0_, user0_.user_created_at as user_cre2_21_0_, user0_.user_name as user_nam3_21_0_, user0_.user_phone_number as user_pho4_21_0_, user0_.user_user_id as user_use5_21_0_, user0_.user_user_password as user_use6_21_0_ from user user0_ where user0_.user_id=?
Hibernate: select character0_.character_id as characte1_6_0_, character0_.character_character_name as characte2_6_0_ from characters character0_ where character0_.character_id=?
Hibernate: select count(*) as col_0_0_ from user user0_ where user0_.user_id=?
Hibernate: select character1_.character_id as characte1_6_, character1_.character_character_name as characte2_6_ from user user0_ inner join characters character1_ on user0_.character_id=character1_.character_id where user0_.user_id=?
Hibernate: select permission0_.character_id as characte6_12_0_, permission0_.permission_id as permissi1_12_0_, permission0_.permission_id as permissi1_12_1_, permission0_.character_id as characte6_12_1_, permission0_.permission_name as permissi2_12_1_, permission0_.permission_permission_unit_id as permissi3_12_1_, permission0_.permission_service as permissi4_12_1_, permission0_.permission_status as permissi5_12_1_ from permission permission0_ where permission0_.character_id=?
Hibernate: select count(*) as col_0_0_ from category category0_ where category0_.category_id=?
Hibernate: select count(board0_.board_id) as col_0_0_ from board board0_ where board0_.category_id=?
Hibernate: select category0_.category_id as category1_5_0_, category0_.category_name as category2_5_0_ from category category0_ where category0_.category_id=?
Hibernate: select boardlist0_.category_id as category7_4_0_, boardlist0_.board_id as board_id1_4_0_, boardlist0_.board_id as board_id1_4_1_, boardlist0_.category_id as category7_4_1_, boardlist0_.board_content as board_co2_4_1_, boardlist0_.board_created_at as board_cr3_4_1_, boardlist0_.board_last_modified_at as board_la4_4_1_, boardlist0_.board_title as board_ti5_4_1_, boardlist0_.user_id as user_id8_4_1_, boardlist0_.board_views as board_vi6_4_1_ from board boardlist0_ where boardlist0_.category_id=?
Hibernate: delete from category where category_id=?
Hibernate: select user0_.user_id as user_id1_21_0_, user0_.character_id as characte7_21_0_, user0_.user_created_at as user_cre2_21_0_, user0_.user_name as user_nam3_21_0_, user0_.user_phone_number as user_pho4_21_0_, user0_.user_user_id as user_use5_21_0_, user0_.user_user_password as user_use6_21_0_ from user user0_ where user0_.user_id=?
Hibernate: select character0_.character_id as characte1_6_0_, character0_.character_character_name as characte2_6_0_ from characters character0_ where character0_.character_id=?
Hibernate: select count(*) as col_0_0_ from user user0_ where user0_.user_id=?
Hibernate: select character1_.character_id as characte1_6_, character1_.character_character_name as characte2_6_ from user user0_ inner join characters character1_ on user0_.character_id=character1_.character_id where user0_.user_id=?
Hibernate: select permission0_.character_id as characte6_12_0_, permission0_.permission_id as permissi1_12_0_, permission0_.permission_id as permissi1_12_1_, permission0_.character_id as characte6_12_1_, permission0_.permission_name as permissi2_12_1_, permission0_.permission_permission_unit_id as permissi3_12_1_, permission0_.permission_service as permissi4_12_1_, permission0_.permission_status as permissi5_12_1_ from permission permission0_ where permission0_.character_id=?
Hibernate: select category0_.category_id as col_0_0_ from category category0_ where category0_.category_name=? limit ?
Hibernate: select category0_.category_id as category1_5_1_, category0_.category_name as category2_5_1_, boardlist1_.category_id as category7_4_3_, boardlist1_.board_id as board_id1_4_3_, boardlist1_.board_id as board_id1_4_0_, boardlist1_.category_id as category7_4_0_, boardlist1_.board_content as board_co2_4_0_, boardlist1_.board_created_at as board_cr3_4_0_, boardlist1_.board_last_modified_at as board_la4_4_0_, boardlist1_.board_title as board_ti5_4_0_, boardlist1_.user_id as user_id8_4_0_, boardlist1_.board_views as board_vi6_4_0_ from category category0_ left outer join board boardlist1_ on category0_.category_id=boardlist1_.category_id where category0_.category_id=?
Hibernate: insert into category (category_id, category_name) values (default, ?)
Hibernate: select user0_.user_id as user_id1_21_0_, user0_.character_id as characte7_21_0_, user0_.user_created_at as user_cre2_21_0_, user0_.user_name as user_nam3_21_0_, user0_.user_phone_number as user_pho4_21_0_, user0_.user_user_id as user_use5_21_0_, user0_.user_user_password as user_use6_21_0_ from user user0_ where user0_.user_id=?
Hibernate: select character0_.character_id as characte1_6_0_, character0_.character_character_name as characte2_6_0_ from characters character0_ where character0_.character_id=?
Hibernate: select count(*) as col_0_0_ from user user0_ where user0_.user_id=?
Hibernate: select character1_.character_id as characte1_6_, character1_.character_character_name as characte2_6_ from user user0_ inner join characters character1_ on user0_.character_id=character1_.character_id where user0_.user_id=?
Hibernate: select permission0_.character_id as characte6_12_0_, permission0_.permission_id as permissi1_12_0_, permission0_.permission_id as permissi1_12_1_, permission0_.character_id as characte6_12_1_, permission0_.permission_name as permissi2_12_1_, permission0_.permission_permission_unit_id as permissi3_12_1_, permission0_.permission_service as permissi4_12_1_, permission0_.permission_status as permissi5_12_1_ from permission permission0_ where permission0_.character_id=?
Hibernate: select category0_.category_id as col_0_0_ from category category0_ where category0_.category_name=? limit ?
Hibernate: select category0_.category_id as category1_5_1_, category0_.category_name as category2_5_1_, boardlist1_.category_id as category7_4_3_, boardlist1_.board_id as board_id1_4_3_, boardlist1_.board_id as board_id1_4_0_, boardlist1_.category_id as category7_4_0_, boardlist1_.board_content as board_co2_4_0_, boardlist1_.board_created_at as board_cr3_4_0_, boardlist1_.board_last_modified_at as board_la4_4_0_, boardlist1_.board_title as board_ti5_4_0_, boardlist1_.user_id as user_id8_4_0_, boardlist1_.board_views as board_vi6_4_0_ from category category0_ left outer join board boardlist1_ on category0_.category_id=boardlist1_.category_id where category0_.category_id=?
Hibernate: insert into category (category_id, category_name) values (default, ?)
Hibernate: select user0_.user_id as col_0_0_ from user user0_ where user0_.user_user_id=? limit ?
Hibernate: select user0_.user_id as col_0_0_ from user user0_ where user0_.user_user_id=? limit ?
Hibernate: select U.* from USER U where U.USER_USER_ID =?
Hibernate: select character0_.character_id as characte1_6_0_, character0_.character_character_name as characte2_6_0_ from characters character0_ where character0_.character_id=?
Hibernate: select user0_.user_id as col_0_0_ from user user0_ where user0_.user_user_id=? limit ?
Hibernate: select user0_.user_id as col_0_0_ from user user0_ where user0_.user_user_id=? limit ?
Hibernate: select U.* from USER U where U.USER_USER_ID =?
Hibernate: select character0_.character_id as characte1_6_0_, character0_.character_character_name as characte2_6_0_ from characters character0_ where character0_.character_id=?
Hibernate: select user0_.user_id as col_0_0_ from user user0_ where user0_.user_user_id=? limit ?
Hibernate: select user0_.user_id as col_0_0_ from user user0_ where user0_.user_user_id=? limit ?
Hibernate: select U.* from USER U where U.USER_USER_ID =?
Hibernate: select character0_.character_id as characte1_6_0_, character0_.character_character_name as characte2_6_0_ from characters character0_ where character0_.character_id=?
Hibernate: select user0_.user_id as user_id1_21_0_, user0_.character_id as characte7_21_0_, user0_.user_created_at as user_cre2_21_0_, user0_.user_name as user_nam3_21_0_, user0_.user_phone_number as user_pho4_21_0_, user0_.user_user_id as user_use5_21_0_, user0_.user_user_password as user_use6_21_0_ from user user0_ where user0_.user_id=?
Hibernate: select character0_.character_id as characte1_6_0_, character0_.character_character_name as characte2_6_0_ from characters character0_ where character0_.character_id=?
Hibernate: select count(*) as col_0_0_ from user user0_ where user0_.user_id=?
Hibernate: select character1_.character_id as characte1_6_, character1_.character_character_name as characte2_6_ from user user0_ inner join characters character1_ on user0_.character_id=character1_.character_id where user0_.user_id=?
Hibernate: select permission0_.character_id as characte6_12_0_, permission0_.permission_id as permissi1_12_0_, permission0_.permission_id as permissi1_12_1_, permission0_.character_id as characte6_12_1_, permission0_.permission_name as permissi2_12_1_, permission0_.permission_permission_unit_id as permissi3_12_1_, permission0_.permission_service as permissi4_12_1_, permission0_.permission_status as permissi5_12_1_ from permission permission0_ where permission0_.character_id=?
Hibernate: select category0_.category_id as col_0_0_ from category category0_ where category0_.category_name=? limit ?
Hibernate: select category0_.category_id as category1_5_1_, category0_.category_name as category2_5_1_, boardlist1_.category_id as category7_4_3_, boardlist1_.board_id as board_id1_4_3_, boardlist1_.board_id as board_id1_4_0_, boardlist1_.category_id as category7_4_0_, boardlist1_.board_content as board_co2_4_0_, boardlist1_.board_created_at as board_cr3_4_0_, boardlist1_.board_last_modified_at as board_la4_4_0_, boardlist1_.board_title as board_ti5_4_0_, boardlist1_.user_id as user_id8_4_0_, boardlist1_.board_views as board_vi6_4_0_ from category category0_ left outer join board boardlist1_ on category0_.category_id=boardlist1_.category_id where category0_.category_id=?
Hibernate: insert into category (category_id, category_name) values (default, ?)
Hibernate: select user0_.user_id as user_id1_21_0_, user0_.character_id as characte7_21_0_, user0_.user_created_at as user_cre2_21_0_, user0_.user_name as user_nam3_21_0_, user0_.user_phone_number as user_pho4_21_0_, user0_.user_user_id as user_use5_21_0_, user0_.user_user_password as user_use6_21_0_ from user user0_ where user0_.user_id=?
Hibernate: select character0_.character_id as characte1_6_0_, character0_.character_character_name as characte2_6_0_ from characters character0_ where character0_.character_id=?
Hibernate: select category0_.category_id as category1_5_, category0_.category_name as category2_5_ from category category0_
Hibernate: select boardlist0_.category_id as category7_4_0_, boardlist0_.board_id as board_id1_4_0_, boardlist0_.board_id as board_id1_4_1_, boardlist0_.category_id as category7_4_1_, boardlist0_.board_content as board_co2_4_1_, boardlist0_.board_created_at as board_cr3_4_1_, boardlist0_.board_last_modified_at as board_la4_4_1_, boardlist0_.board_title as board_ti5_4_1_, boardlist0_.user_id as user_id8_4_1_, boardlist0_.board_views as board_vi6_4_1_ from board boardlist0_ where boardlist0_.category_id=?
Hibernate: select boardlist0_.category_id as category7_4_0_, boardlist0_.board_id as board_id1_4_0_, boardlist0_.board_id as board_id1_4_1_, boardlist0_.category_id as category7_4_1_, boardlist0_.board_content as board_co2_4_1_, boardlist0_.board_created_at as board_cr3_4_1_, boardlist0_.board_last_modified_at as board_la4_4_1_, boardlist0_.board_title as board_ti5_4_1_, boardlist0_.user_id as user_id8_4_1_, boardlist0_.board_views as board_vi6_4_1_ from board boardlist0_ where boardlist0_.category_id=?
Hibernate: select boardlist0_.category_id as category7_4_0_, boardlist0_.board_id as board_id1_4_0_, boardlist0_.board_id as board_id1_4_1_, boardlist0_.category_id as category7_4_1_, boardlist0_.board_content as board_co2_4_1_, boardlist0_.board_created_at as board_cr3_4_1_, boardlist0_.board_last_modified_at as board_la4_4_1_, boardlist0_.board_title as board_ti5_4_1_, boardlist0_.user_id as user_id8_4_1_, boardlist0_.board_views as board_vi6_4_1_ from board boardlist0_ where boardlist0_.category_id=?
Hibernate: select user0_.user_id as user_id1_21_0_, user0_.character_id as characte7_21_0_, user0_.user_created_at as user_cre2_21_0_, user0_.user_name as user_nam3_21_0_, user0_.user_phone_number as user_pho4_21_0_, user0_.user_user_id as user_use5_21_0_, user0_.user_user_password as user_use6_21_0_ from user user0_ where user0_.user_id=?
Hibernate: select character0_.character_id as characte1_6_0_, character0_.character_character_name as characte2_6_0_ from characters character0_ where character0_.character_id=?
Hibernate: select count(*) as col_0_0_ from user user0_ where user0_.user_id=?
Hibernate: select character1_.character_id as characte1_6_, character1_.character_character_name as characte2_6_ from user user0_ inner join characters character1_ on user0_.character_id=character1_.character_id where user0_.user_id=?
Hibernate: select permission0_.character_id as characte6_12_0_, permission0_.permission_id as permissi1_12_0_, permission0_.permission_id as permissi1_12_1_, permission0_.character_id as characte6_12_1_, permission0_.permission_name as permissi2_12_1_, permission0_.permission_permission_unit_id as permissi3_12_1_, permission0_.permission_service as permissi4_12_1_, permission0_.permission_status as permissi5_12_1_ from permission permission0_ where permission0_.character_id=?
Hibernate: select count(*) as col_0_0_ from category category0_ where category0_.category_id=?
Hibernate: insert into filename (filename_id, filename_origin, filename_uuid) values (default, ?, ?)
Hibernate: insert into filename (filename_id, filename_origin, filename_uuid) values (default, ?, ?)
Hibernate: select category0_.category_id as category1_5_0_, category0_.category_name as category2_5_0_ from category category0_ where category0_.category_id=?
Hibernate: insert into board (board_id, category_id, board_content, board_created_at, board_last_modified_at, board_title, user_id, board_views) values (default, ?, ?, ?, ?, ?, ?, ?)
Hibernate: insert into reaction (reaction_id, board_id, reaction_type) values (default, ?, ?)
Hibernate: insert into reaction (reaction_id, board_id, reaction_type) values (default, ?, ?)
Hibernate: insert into reaction (reaction_id, board_id, reaction_type) values (default, ?, ?)
Hibernate: insert into reaction (reaction_id, board_id, reaction_type) values (default, ?, ?)
Hibernate: insert into reaction (reaction_id, board_id, reaction_type) values (default, ?, ?)
Hibernate: insert into reaction (reaction_id, board_id, reaction_type) values (default, ?, ?)
Hibernate: insert into file_path_list (board_board_id, board_file_path_list) values (?, ?)
Hibernate: insert into image_path_list (board_board_id, board_image_path_list) values (?, ?)
Hibernate: select user0_.user_id as user_id1_21_0_, user0_.character_id as characte7_21_0_, user0_.user_created_at as user_cre2_21_0_, user0_.user_name as user_nam3_21_0_, user0_.user_phone_number as user_pho4_21_0_, user0_.user_user_id as user_use5_21_0_, user0_.user_user_password as user_use6_21_0_ from user user0_ where user0_.user_id=?
Hibernate: select character0_.character_id as characte1_6_0_, character0_.character_character_name as characte2_6_0_ from characters character0_ where character0_.character_id=?
Hibernate: select count(*) as col_0_0_ from board board0_
Hibernate: select board0_.board_id as board_id1_4_, board0_.category_id as category7_4_, board0_.board_content as board_co2_4_, board0_.board_created_at as board_cr3_4_, board0_.board_last_modified_at as board_la4_4_, board0_.board_title as board_ti5_4_, board0_.user_id as user_id8_4_, board0_.board_views as board_vi6_4_ from board board0_ limit ?
Hibernate: select category0_.category_id as category1_5_0_, category0_.category_name as category2_5_0_ from category category0_ where category0_.category_id=?
Hibernate: select reactionli0_.board_id as board_id3_13_0_, reactionli0_.reaction_id as reaction1_13_0_, reactionli0_.reaction_id as reaction1_13_1_, reactionli0_.board_id as board_id3_13_1_, reactionli0_.reaction_type as reaction2_13_1_ from reaction reactionli0_ where reactionli0_.board_id=?
Hibernate: select reactionus0_.reaction_id as reaction2_14_0_, reactionus0_.reaction_user_id as reaction1_14_0_, reactionus0_.reaction_user_id as reaction1_14_1_, reactionus0_.reaction_id as reaction2_14_1_, reactionus0_.user_id as user_id3_14_1_ from reaction_user reactionus0_ where reactionus0_.reaction_id=?
Hibernate: select reactionus0_.reaction_id as reaction2_14_0_, reactionus0_.reaction_user_id as reaction1_14_0_, reactionus0_.reaction_user_id as reaction1_14_1_, reactionus0_.reaction_id as reaction2_14_1_, reactionus0_.user_id as user_id3_14_1_ from reaction_user reactionus0_ where reactionus0_.reaction_id=?
Hibernate: select reactionus0_.reaction_id as reaction2_14_0_, reactionus0_.reaction_user_id as reaction1_14_0_, reactionus0_.reaction_user_id as reaction1_14_1_, reactionus0_.reaction_id as reaction2_14_1_, reactionus0_.user_id as user_id3_14_1_ from reaction_user reactionus0_ where reactionus0_.reaction_id=?
Hibernate: select reactionus0_.reaction_id as reaction2_14_0_, reactionus0_.reaction_user_id as reaction1_14_0_, reactionus0_.reaction_user_id as reaction1_14_1_, reactionus0_.reaction_id as reaction2_14_1_, reactionus0_.user_id as user_id3_14_1_ from reaction_user reactionus0_ where reactionus0_.reaction_id=?
Hibernate: select reactionus0_.reaction_id as reaction2_14_0_, reactionus0_.reaction_user_id as reaction1_14_0_, reactionus0_.reaction_user_id as reaction1_14_1_, reactionus0_.reaction_id as reaction2_14_1_, reactionus0_.user_id as user_id3_14_1_ from reaction_user reactionus0_ where reactionus0_.reaction_id=?
Hibernate: select reactionus0_.reaction_id as reaction2_14_0_, reactionus0_.reaction_user_id as reaction1_14_0_, reactionus0_.reaction_user_id as reaction1_14_1_, reactionus0_.reaction_id as reaction2_14_1_, reactionus0_.user_id as user_id3_14_1_ from reaction_user reactionus0_ where reactionus0_.reaction_id=?
Hibernate: select commentlis0_.board_id as board_id5_7_0_, commentlis0_.comment_id as comment_1_7_0_, commentlis0_.comment_id as comment_1_7_1_, commentlis0_.board_id as board_id5_7_1_, commentlis0_.comment_content as comment_2_7_1_, commentlis0_.comment_created_at as comment_3_7_1_, commentlis0_.comment_last_modified_at as comment_4_7_1_, commentlis0_.user_id as user_id6_7_1_ from comment commentlis0_ where commentlis0_.board_id=?
Hibernate: select boardlist0_.category_id as category7_4_0_, boardlist0_.board_id as board_id1_4_0_, boardlist0_.board_id as board_id1_4_1_, boardlist0_.category_id as category7_4_1_, boardlist0_.board_content as board_co2_4_1_, boardlist0_.board_created_at as board_cr3_4_1_, boardlist0_.board_last_modified_at as board_la4_4_1_, boardlist0_.board_title as board_ti5_4_1_, boardlist0_.user_id as user_id8_4_1_, boardlist0_.board_views as board_vi6_4_1_ from board boardlist0_ where boardlist0_.category_id=?
Hibernate: select count(comment0_.comment_id) as col_0_0_ from comment comment0_ where comment0_.board_id=?
Hibernate: select count(*) as col_0_0_ from board board0_
Hibernate: select imagepathl0_.board_board_id as board_bo1_11_0_, imagepathl0_.board_image_path_list as board_im2_11_0_ from image_path_list imagepathl0_ where imagepathl0_.board_board_id=?
Hibernate: select filename0_.filename_id as filename1_9_, filename0_.filename_origin as filename2_9_, filename0_.filename_uuid as filename3_9_ from filename filename0_ where filename0_.filename_uuid=?
Hibernate: select filepathli0_.board_board_id as board_bo1_8_0_, filepathli0_.board_file_path_list as board_fi2_8_0_ from file_path_list filepathli0_ where filepathli0_.board_board_id=?
Hibernate: select filename0_.filename_id as filename1_9_, filename0_.filename_origin as filename2_9_, filename0_.filename_uuid as filename3_9_ from filename filename0_ where filename0_.filename_uuid=?
Hibernate: select user0_.user_id as user_id1_21_0_, user0_.character_id as characte7_21_0_, user0_.user_created_at as user_cre2_21_0_, user0_.user_name as user_nam3_21_0_, user0_.user_phone_number as user_pho4_21_0_, user0_.user_user_id as user_use5_21_0_, user0_.user_user_password as user_use6_21_0_ from user user0_ where user0_.user_id=?
Hibernate: select character0_.character_id as characte1_6_0_, character0_.character_character_name as characte2_6_0_ from characters character0_ where character0_.character_id=?
Hibernate: select count(*) as col_0_0_ from user user0_ where user0_.user_id=?
Hibernate: select character1_.character_id as characte1_6_, character1_.character_character_name as characte2_6_ from user user0_ inner join characters character1_ on user0_.character_id=character1_.character_id where user0_.user_id=?
Hibernate: select permission0_.character_id as characte6_12_0_, permission0_.permission_id as permissi1_12_0_, permission0_.permission_id as permissi1_12_1_, permission0_.character_id as characte6_12_1_, permission0_.permission_name as permissi2_12_1_, permission0_.permission_permission_unit_id as permissi3_12_1_, permission0_.permission_service as permissi4_12_1_, permission0_.permission_status as permissi5_12_1_ from permission permission0_ where permission0_.character_id=?
Hibernate: select count(*) as col_0_0_ from user user0_ where user0_.user_id=?
Hibernate: select user0_.user_id as user_id1_21_, user0_.character_id as characte7_21_, user0_.user_created_at as user_cre2_21_, user0_.user_name as user_nam3_21_, user0_.user_phone_number as user_pho4_21_, user0_.user_user_id as user_use5_21_, user0_.user_user_password as user_use6_21_ from user user0_ where user0_.user_id=?
Hibernate: select rewardtagw0_.user_id as user_id4_16_0_, rewardtagw0_.reward_tag_wrapper_reward_id as reward_t1_16_0_, rewardtagw0_.reward_tag_wrapper_reward_id as reward_t1_16_1_, rewardtagw0_.reward_tag_wrapper_reward_presented_at as reward_t2_16_1_, rewardtagw0_.reward_tag_reward_tag_id as reward_t3_16_1_, rewardtagw0_.user_id as user_id4_16_1_ from reward_tag_wrapper rewardtagw0_ where rewardtagw0_.user_id=?
Hibernate: select count(*) as col_0_0_ from board board0_ where board0_.board_id=?
Hibernate: select R.* from REACTION R where R.BOARD_ID = ?
Hibernate: select board0_.board_id as board_id1_4_0_, board0_.category_id as category7_4_0_, board0_.board_content as board_co2_4_0_, board0_.board_created_at as board_cr3_4_0_, board0_.board_last_modified_at as board_la4_4_0_, board0_.board_title as board_ti5_4_0_, board0_.user_id as user_id8_4_0_, board0_.board_views as board_vi6_4_0_ from board board0_ where board0_.board_id=?
Hibernate: select category0_.category_id as category1_5_0_, category0_.category_name as category2_5_0_ from category category0_ where category0_.category_id=?
Hibernate: select reactionus0_.reaction_id as reaction2_14_0_, reactionus0_.reaction_user_id as reaction1_14_0_, reactionus0_.reaction_user_id as reaction1_14_1_, reactionus0_.reaction_id as reaction2_14_1_, reactionus0_.user_id as user_id3_14_1_ from reaction_user reactionus0_ where reactionus0_.reaction_id=?
Hibernate: select reactionus0_.reaction_id as reaction2_14_0_, reactionus0_.reaction_user_id as reaction1_14_0_, reactionus0_.reaction_user_id as reaction1_14_1_, reactionus0_.reaction_id as reaction2_14_1_, reactionus0_.user_id as user_id3_14_1_ from reaction_user reactionus0_ where reactionus0_.reaction_id=?
Hibernate: select reactionus0_.reaction_id as reaction2_14_0_, reactionus0_.reaction_user_id as reaction1_14_0_, reactionus0_.reaction_user_id as reaction1_14_1_, reactionus0_.reaction_id as reaction2_14_1_, reactionus0_.user_id as user_id3_14_1_ from reaction_user reactionus0_ where reactionus0_.reaction_id=?
Hibernate: select reactionus0_.reaction_id as reaction2_14_0_, reactionus0_.reaction_user_id as reaction1_14_0_, reactionus0_.reaction_user_id as reaction1_14_1_, reactionus0_.reaction_id as reaction2_14_1_, reactionus0_.user_id as user_id3_14_1_ from reaction_user reactionus0_ where reactionus0_.reaction_id=?
Hibernate: select reactionus0_.reaction_id as reaction2_14_0_, reactionus0_.reaction_user_id as reaction1_14_0_, reactionus0_.reaction_user_id as reaction1_14_1_, reactionus0_.reaction_id as reaction2_14_1_, reactionus0_.user_id as user_id3_14_1_ from reaction_user reactionus0_ where reactionus0_.reaction_id=?
Hibernate: select reactionus0_.reaction_id as reaction2_14_0_, reactionus0_.reaction_user_id as reaction1_14_0_, reactionus0_.reaction_user_id as reaction1_14_1_, reactionus0_.reaction_id as reaction2_14_1_, reactionus0_.user_id as user_id3_14_1_ from reaction_user reactionus0_ where reactionus0_.reaction_id=?
Hibernate: select U.* from USER U where U.USER_USER_ID = ?
Hibernate: select R.* from REACTION R where R.BOARD_ID = ?
Hibernate: insert into reaction_user (reaction_user_id, reaction_id, user_id) values (default, ?, ?)
Hibernate: select user0_.user_id as col_0_0_ from user user0_ where user0_.user_user_id=? limit ?
Hibernate: select user0_.user_id as col_0_0_ from user user0_ where user0_.user_user_id=? limit ?
Hibernate: select U.* from USER U where U.USER_USER_ID =?
Hibernate: select character0_.character_id as characte1_6_0_, character0_.character_character_name as characte2_6_0_ from characters character0_ where character0_.character_id=?
Hibernate: select user0_.user_id as user_id1_21_0_, user0_.character_id as characte7_21_0_, user0_.user_created_at as user_cre2_21_0_, user0_.user_name as user_nam3_21_0_, user0_.user_phone_number as user_pho4_21_0_, user0_.user_user_id as user_use5_21_0_, user0_.user_user_password as user_use6_21_0_ from user user0_ where user0_.user_id=?
Hibernate: select character0_.character_id as characte1_6_0_, character0_.character_character_name as characte2_6_0_ from characters character0_ where character0_.character_id=?
Hibernate: select count(*) as col_0_0_ from board board0_
Hibernate: select board0_.board_id as board_id1_4_, board0_.category_id as category7_4_, board0_.board_content as board_co2_4_, board0_.board_created_at as board_cr3_4_, board0_.board_last_modified_at as board_la4_4_, board0_.board_title as board_ti5_4_, board0_.user_id as user_id8_4_, board0_.board_views as board_vi6_4_ from board board0_ limit ?
Hibernate: select category0_.category_id as category1_5_0_, category0_.category_name as category2_5_0_ from category category0_ where category0_.category_id=?
Hibernate: select reactionli0_.board_id as board_id3_13_0_, reactionli0_.reaction_id as reaction1_13_0_, reactionli0_.reaction_id as reaction1_13_1_, reactionli0_.board_id as board_id3_13_1_, reactionli0_.reaction_type as reaction2_13_1_ from reaction reactionli0_ where reactionli0_.board_id=?
Hibernate: select reactionus0_.reaction_id as reaction2_14_0_, reactionus0_.reaction_user_id as reaction1_14_0_, reactionus0_.reaction_user_id as reaction1_14_1_, reactionus0_.reaction_id as reaction2_14_1_, reactionus0_.user_id as user_id3_14_1_ from reaction_user reactionus0_ where reactionus0_.reaction_id=?
Hibernate: select reactionus0_.reaction_id as reaction2_14_0_, reactionus0_.reaction_user_id as reaction1_14_0_, reactionus0_.reaction_user_id as reaction1_14_1_, reactionus0_.reaction_id as reaction2_14_1_, reactionus0_.user_id as user_id3_14_1_ from reaction_user reactionus0_ where reactionus0_.reaction_id=?
Hibernate: select reactionus0_.reaction_id as reaction2_14_0_, reactionus0_.reaction_user_id as reaction1_14_0_, reactionus0_.reaction_user_id as reaction1_14_1_, reactionus0_.reaction_id as reaction2_14_1_, reactionus0_.user_id as user_id3_14_1_ from reaction_user reactionus0_ where reactionus0_.reaction_id=?
Hibernate: select reactionus0_.reaction_id as reaction2_14_0_, reactionus0_.reaction_user_id as reaction1_14_0_, reactionus0_.reaction_user_id as reaction1_14_1_, reactionus0_.reaction_id as reaction2_14_1_, reactionus0_.user_id as user_id3_14_1_ from reaction_user reactionus0_ where reactionus0_.reaction_id=?
Hibernate: select reactionus0_.reaction_id as reaction2_14_0_, reactionus0_.reaction_user_id as reaction1_14_0_, reactionus0_.reaction_user_id as reaction1_14_1_, reactionus0_.reaction_id as reaction2_14_1_, reactionus0_.user_id as user_id3_14_1_ from reaction_user reactionus0_ where reactionus0_.reaction_id=?
Hibernate: select reactionus0_.reaction_id as reaction2_14_0_, reactionus0_.reaction_user_id as reaction1_14_0_, reactionus0_.reaction_user_id as reaction1_14_1_, reactionus0_.reaction_id as reaction2_14_1_, reactionus0_.user_id as user_id3_14_1_ from reaction_user reactionus0_ where reactionus0_.reaction_id=?
Hibernate: select commentlis0_.board_id as board_id5_7_0_, commentlis0_.comment_id as comment_1_7_0_, commentlis0_.comment_id as comment_1_7_1_, commentlis0_.board_id as board_id5_7_1_, commentlis0_.comment_content as comment_2_7_1_, commentlis0_.comment_created_at as comment_3_7_1_, commentlis0_.comment_last_modified_at as comment_4_7_1_, commentlis0_.user_id as user_id6_7_1_ from comment commentlis0_ where commentlis0_.board_id=?
Hibernate: select boardlist0_.category_id as category7_4_0_, boardlist0_.board_id as board_id1_4_0_, boardlist0_.board_id as board_id1_4_1_, boardlist0_.category_id as category7_4_1_, boardlist0_.board_content as board_co2_4_1_, boardlist0_.board_created_at as board_cr3_4_1_, boardlist0_.board_last_modified_at as board_la4_4_1_, boardlist0_.board_title as board_ti5_4_1_, boardlist0_.user_id as user_id8_4_1_, boardlist0_.board_views as board_vi6_4_1_ from board boardlist0_ where boardlist0_.category_id=?
Hibernate: select count(comment0_.comment_id) as col_0_0_ from comment comment0_ where comment0_.board_id=?
Hibernate: select count(*) as col_0_0_ from board board0_
Hibernate: select imagepathl0_.board_board_id as board_bo1_11_0_, imagepathl0_.board_image_path_list as board_im2_11_0_ from image_path_list imagepathl0_ where imagepathl0_.board_board_id=?
Hibernate: select filename0_.filename_id as filename1_9_, filename0_.filename_origin as filename2_9_, filename0_.filename_uuid as filename3_9_ from filename filename0_ where filename0_.filename_uuid=?
Hibernate: select filepathli0_.board_board_id as board_bo1_8_0_, filepathli0_.board_file_path_list as board_fi2_8_0_ from file_path_list filepathli0_ where filepathli0_.board_board_id=?
Hibernate: select filename0_.filename_id as filename1_9_, filename0_.filename_origin as filename2_9_, filename0_.filename_uuid as filename3_9_ from filename filename0_ where filename0_.filename_uuid=?
Hibernate: select U.* from USER U join BOARD B where U.USER_ID = B.USER_ID and B.BOARD_ID = ?
Hibernate: select character0_.character_id as characte1_6_0_, character0_.character_character_name as characte2_6_0_ from characters character0_ where character0_.character_id=?
Hibernate: select count(*) as col_0_0_ from user user0_ where user0_.user_id=?
Hibernate: select character1_.character_id as characte1_6_, character1_.character_character_name as characte2_6_ from user user0_ inner join characters character1_ on user0_.character_id=character1_.character_id where user0_.user_id=?
Hibernate: select permission0_.character_id as characte6_12_0_, permission0_.permission_id as permissi1_12_0_, permission0_.permission_id as permissi1_12_1_, permission0_.character_id as characte6_12_1_, permission0_.permission_name as permissi2_12_1_, permission0_.permission_permission_unit_id as permissi3_12_1_, permission0_.permission_service as permissi4_12_1_, permission0_.permission_status as permissi5_12_1_ from permission permission0_ where permission0_.character_id=?
Hibernate: select count(*) as col_0_0_ from board board0_ where board0_.board_id=?
Hibernate: select board0_.board_id as board_id1_4_0_, board0_.category_id as category7_4_0_, board0_.board_content as board_co2_4_0_, board0_.board_created_at as board_cr3_4_0_, board0_.board_last_modified_at as board_la4_4_0_, board0_.board_title as board_ti5_4_0_, board0_.user_id as user_id8_4_0_, board0_.board_views as board_vi6_4_0_ from board board0_ where board0_.board_id=?
Hibernate: select category0_.category_id as category1_5_0_, category0_.category_name as category2_5_0_ from category category0_ where category0_.category_id=?
Hibernate: select reactionli0_.board_id as board_id3_13_0_, reactionli0_.reaction_id as reaction1_13_0_, reactionli0_.reaction_id as reaction1_13_1_, reactionli0_.board_id as board_id3_13_1_, reactionli0_.reaction_type as reaction2_13_1_ from reaction reactionli0_ where reactionli0_.board_id=?
Hibernate: select reactionus0_.reaction_id as reaction2_14_0_, reactionus0_.reaction_user_id as reaction1_14_0_, reactionus0_.reaction_user_id as reaction1_14_1_, reactionus0_.reaction_id as reaction2_14_1_, reactionus0_.user_id as user_id3_14_1_ from reaction_user reactionus0_ where reactionus0_.reaction_id=?
Hibernate: select reactionus0_.reaction_id as reaction2_14_0_, reactionus0_.reaction_user_id as reaction1_14_0_, reactionus0_.reaction_user_id as reaction1_14_1_, reactionus0_.reaction_id as reaction2_14_1_, reactionus0_.user_id as user_id3_14_1_ from reaction_user reactionus0_ where reactionus0_.reaction_id=?
Hibernate: select reactionus0_.reaction_id as reaction2_14_0_, reactionus0_.reaction_user_id as reaction1_14_0_, reactionus0_.reaction_user_id as reaction1_14_1_, reactionus0_.reaction_id as reaction2_14_1_, reactionus0_.user_id as user_id3_14_1_ from reaction_user reactionus0_ where reactionus0_.reaction_id=?
Hibernate: select reactionus0_.reaction_id as reaction2_14_0_, reactionus0_.reaction_user_id as reaction1_14_0_, reactionus0_.reaction_user_id as reaction1_14_1_, reactionus0_.reaction_id as reaction2_14_1_, reactionus0_.user_id as user_id3_14_1_ from reaction_user reactionus0_ where reactionus0_.reaction_id=?
Hibernate: select reactionus0_.reaction_id as reaction2_14_0_, reactionus0_.reaction_user_id as reaction1_14_0_, reactionus0_.reaction_user_id as reaction1_14_1_, reactionus0_.reaction_id as reaction2_14_1_, reactionus0_.user_id as user_id3_14_1_ from reaction_user reactionus0_ where reactionus0_.reaction_id=?
Hibernate: select reactionus0_.reaction_id as reaction2_14_0_, reactionus0_.reaction_user_id as reaction1_14_0_, reactionus0_.reaction_user_id as reaction1_14_1_, reactionus0_.reaction_id as reaction2_14_1_, reactionus0_.user_id as user_id3_14_1_ from reaction_user reactionus0_ where reactionus0_.reaction_id=?
Hibernate: select commentlis0_.board_id as board_id5_7_0_, commentlis0_.comment_id as comment_1_7_0_, commentlis0_.comment_id as comment_1_7_1_, commentlis0_.board_id as board_id5_7_1_, commentlis0_.comment_content as comment_2_7_1_, commentlis0_.comment_created_at as comment_3_7_1_, commentlis0_.comment_last_modified_at as comment_4_7_1_, commentlis0_.user_id as user_id6_7_1_ from comment commentlis0_ where commentlis0_.board_id=?
Hibernate: select boardlist0_.category_id as category7_4_0_, boardlist0_.board_id as board_id1_4_0_, boardlist0_.board_id as board_id1_4_1_, boardlist0_.category_id as category7_4_1_, boardlist0_.board_content as board_co2_4_1_, boardlist0_.board_created_at as board_cr3_4_1_, boardlist0_.board_last_modified_at as board_la4_4_1_, boardlist0_.board_title as board_ti5_4_1_, boardlist0_.user_id as user_id8_4_1_, boardlist0_.board_views as board_vi6_4_1_ from board boardlist0_ where boardlist0_.category_id=?
Hibernate: select count(comment0_.comment_id) as col_0_0_ from comment comment0_ where comment0_.board_id=?
Hibernate: update board set category_id=?, board_content=?, board_created_at=?, board_last_modified_at=?, board_title=?, user_id=?, board_views=? where board_id=?
Hibernate: select filepathli0_.board_board_id as board_bo1_8_0_, filepathli0_.board_file_path_list as board_fi2_8_0_ from file_path_list filepathli0_ where filepathli0_.board_board_id=?
Hibernate: select filename0_.filename_id as filename1_9_, filename0_.filename_origin as filename2_9_, filename0_.filename_uuid as filename3_9_ from filename filename0_ where filename0_.filename_uuid=?
Hibernate: delete from filename where filename_id=?
Hibernate: select imagepathl0_.board_board_id as board_bo1_11_0_, imagepathl0_.board_image_path_list as board_im2_11_0_ from image_path_list imagepathl0_ where imagepathl0_.board_board_id=?
Hibernate: select filename0_.filename_id as filename1_9_, filename0_.filename_origin as filename2_9_, filename0_.filename_uuid as filename3_9_ from filename filename0_ where filename0_.filename_uuid=?
Hibernate: delete from filename where filename_id=?
Hibernate: select count(*) as col_0_0_ from board board0_ where board0_.board_id=?
Hibernate: delete from file_path_list where board_board_id=?
Hibernate: delete from image_path_list where board_board_id=?
Hibernate: delete from reaction_user where reaction_user_id=?
Hibernate: delete from reaction where reaction_id=?
Hibernate: delete from reaction where reaction_id=?
Hibernate: delete from reaction where reaction_id=?
Hibernate: delete from reaction where reaction_id=?
Hibernate: delete from reaction where reaction_id=?
Hibernate: delete from reaction where reaction_id=?
Hibernate: delete from board where board_id=?
Hibernate: select user0_.user_id as user_id1_21_0_, user0_.character_id as characte7_21_0_, user0_.user_created_at as user_cre2_21_0_, user0_.user_name as user_nam3_21_0_, user0_.user_phone_number as user_pho4_21_0_, user0_.user_user_id as user_use5_21_0_, user0_.user_user_password as user_use6_21_0_ from user user0_ where user0_.user_id=?
Hibernate: select character0_.character_id as characte1_6_0_, character0_.character_character_name as characte2_6_0_ from characters character0_ where character0_.character_id=?
Hibernate: select count(*) as col_0_0_ from user user0_ where user0_.user_id=?
Hibernate: select character1_.character_id as characte1_6_, character1_.character_character_name as characte2_6_ from user user0_ inner join characters character1_ on user0_.character_id=character1_.character_id where user0_.user_id=?
Hibernate: select permission0_.character_id as characte6_12_0_, permission0_.permission_id as permissi1_12_0_, permission0_.permission_id as permissi1_12_1_, permission0_.character_id as characte6_12_1_, permission0_.permission_name as permissi2_12_1_, permission0_.permission_permission_unit_id as permissi3_12_1_, permission0_.permission_service as permissi4_12_1_, permission0_.permission_status as permissi5_12_1_ from permission permission0_ where permission0_.character_id=?
Hibernate: select count(*) as col_0_0_ from board board0_ where board0_.board_id=?
Hibernate: select user0_.user_id as col_0_0_ from user user0_ where user0_.user_user_id=? limit ?
Hibernate: select user0_.user_id as col_0_0_ from user user0_ where user0_.user_user_id=? limit ?
Hibernate: select U.* from USER U where U.USER_USER_ID =?
Hibernate: select character0_.character_id as characte1_6_0_, character0_.character_character_name as characte2_6_0_ from characters character0_ where character0_.character_id=?
Hibernate: select user0_.user_id as user_id1_21_0_, user0_.character_id as characte7_21_0_, user0_.user_created_at as user_cre2_21_0_, user0_.user_name as user_nam3_21_0_, user0_.user_phone_number as user_pho4_21_0_, user0_.user_user_id as user_use5_21_0_, user0_.user_user_password as user_use6_21_0_ from user user0_ where user0_.user_id=?
Hibernate: select character0_.character_id as characte1_6_0_, character0_.character_character_name as characte2_6_0_ from characters character0_ where character0_.character_id=?
Hibernate: select category0_.category_id as category1_5_, category0_.category_name as category2_5_ from category category0_
Hibernate: select boardlist0_.category_id as category7_4_0_, boardlist0_.board_id as board_id1_4_0_, boardlist0_.board_id as board_id1_4_1_, boardlist0_.category_id as category7_4_1_, boardlist0_.board_content as board_co2_4_1_, boardlist0_.board_created_at as board_cr3_4_1_, boardlist0_.board_last_modified_at as board_la4_4_1_, boardlist0_.board_title as board_ti5_4_1_, boardlist0_.user_id as user_id8_4_1_, boardlist0_.board_views as board_vi6_4_1_ from board boardlist0_ where boardlist0_.category_id=?
Hibernate: select boardlist0_.category_id as category7_4_0_, boardlist0_.board_id as board_id1_4_0_, boardlist0_.board_id as board_id1_4_1_, boardlist0_.category_id as category7_4_1_, boardlist0_.board_content as board_co2_4_1_, boardlist0_.board_created_at as board_cr3_4_1_, boardlist0_.board_last_modified_at as board_la4_4_1_, boardlist0_.board_title as board_ti5_4_1_, boardlist0_.user_id as user_id8_4_1_, boardlist0_.board_views as board_vi6_4_1_ from board boardlist0_ where boardlist0_.category_id=?
Hibernate: select boardlist0_.category_id as category7_4_0_, boardlist0_.board_id as board_id1_4_0_, boardlist0_.board_id as board_id1_4_1_, boardlist0_.category_id as category7_4_1_, boardlist0_.board_content as board_co2_4_1_, boardlist0_.board_created_at as board_cr3_4_1_, boardlist0_.board_last_modified_at as board_la4_4_1_, boardlist0_.board_title as board_ti5_4_1_, boardlist0_.user_id as user_id8_4_1_, boardlist0_.board_views as board_vi6_4_1_ from board boardlist0_ where boardlist0_.category_id=?
Hibernate: select user0_.user_id as user_id1_21_0_, user0_.character_id as characte7_21_0_, user0_.user_created_at as user_cre2_21_0_, user0_.user_name as user_nam3_21_0_, user0_.user_phone_number as user_pho4_21_0_, user0_.user_user_id as user_use5_21_0_, user0_.user_user_password as user_use6_21_0_ from user user0_ where user0_.user_id=?
Hibernate: select character0_.character_id as characte1_6_0_, character0_.character_character_name as characte2_6_0_ from characters character0_ where character0_.character_id=?
Hibernate: select count(*) as col_0_0_ from user user0_ where user0_.user_id=?
Hibernate: select character1_.character_id as characte1_6_, character1_.character_character_name as characte2_6_ from user user0_ inner join characters character1_ on user0_.character_id=character1_.character_id where user0_.user_id=?
Hibernate: select permission0_.character_id as characte6_12_0_, permission0_.permission_id as permissi1_12_0_, permission0_.permission_id as permissi1_12_1_, permission0_.character_id as characte6_12_1_, permission0_.permission_name as permissi2_12_1_, permission0_.permission_permission_unit_id as permissi3_12_1_, permission0_.permission_service as permissi4_12_1_, permission0_.permission_status as permissi5_12_1_ from permission permission0_ where permission0_.character_id=?
Hibernate: select count(*) as col_0_0_ from category category0_ where category0_.category_id=?
Hibernate: select count(board0_.board_id) as col_0_0_ from board board0_ where board0_.category_id=?
Hibernate: select category0_.category_id as category1_5_0_, category0_.category_name as category2_5_0_ from category category0_ where category0_.category_id=?
Hibernate: select boardlist0_.category_id as category7_4_0_, boardlist0_.board_id as board_id1_4_0_, boardlist0_.board_id as board_id1_4_1_, boardlist0_.category_id as category7_4_1_, boardlist0_.board_content as board_co2_4_1_, boardlist0_.board_created_at as board_cr3_4_1_, boardlist0_.board_last_modified_at as board_la4_4_1_, boardlist0_.board_title as board_ti5_4_1_, boardlist0_.user_id as user_id8_4_1_, boardlist0_.board_views as board_vi6_4_1_ from board boardlist0_ where boardlist0_.category_id=?
Hibernate: delete from category where category_id=?
Hibernate: select user0_.user_id as user_id1_21_0_, user0_.character_id as characte7_21_0_, user0_.user_created_at as user_cre2_21_0_, user0_.user_name as user_nam3_21_0_, user0_.user_phone_number as user_pho4_21_0_, user0_.user_user_id as user_use5_21_0_, user0_.user_user_password as user_use6_21_0_ from user user0_ where user0_.user_id=?
Hibernate: select character0_.character_id as characte1_6_0_, character0_.character_character_name as characte2_6_0_ from characters character0_ where character0_.character_id=?
Hibernate: select count(*) as col_0_0_ from user user0_ where user0_.user_id=?
Hibernate: select character1_.character_id as characte1_6_, character1_.character_character_name as characte2_6_ from user user0_ inner join characters character1_ on user0_.character_id=character1_.character_id where user0_.user_id=?
Hibernate: select permission0_.character_id as characte6_12_0_, permission0_.permission_id as permissi1_12_0_, permission0_.permission_id as permissi1_12_1_, permission0_.character_id as characte6_12_1_, permission0_.permission_name as permissi2_12_1_, permission0_.permission_permission_unit_id as permissi3_12_1_, permission0_.permission_service as permissi4_12_1_, permission0_.permission_status as permissi5_12_1_ from permission permission0_ where permission0_.character_id=?
Hibernate: select count(*) as col_0_0_ from category category0_ where category0_.category_id=?
Hibernate: select count(board0_.board_id) as col_0_0_ from board board0_ where board0_.category_id=?
Hibernate: select category0_.category_id as category1_5_0_, category0_.category_name as category2_5_0_ from category category0_ where category0_.category_id=?
Hibernate: select boardlist0_.category_id as category7_4_0_, boardlist0_.board_id as board_id1_4_0_, boardlist0_.board_id as board_id1_4_1_, boardlist0_.category_id as category7_4_1_, boardlist0_.board_content as board_co2_4_1_, boardlist0_.board_created_at as board_cr3_4_1_, boardlist0_.board_last_modified_at as board_la4_4_1_, boardlist0_.board_title as board_ti5_4_1_, boardlist0_.user_id as user_id8_4_1_, boardlist0_.board_views as board_vi6_4_1_ from board boardlist0_ where boardlist0_.category_id=?
Hibernate: delete from category where category_id=?
Hibernate: select user0_.user_id as user_id1_21_0_, user0_.character_id as characte7_21_0_, user0_.user_created_at as user_cre2_21_0_, user0_.user_name as user_nam3_21_0_, user0_.user_phone_number as user_pho4_21_0_, user0_.user_user_id as user_use5_21_0_, user0_.user_user_password as user_use6_21_0_ from user user0_ where user0_.user_id=?
Hibernate: select character0_.character_id as characte1_6_0_, character0_.character_character_name as characte2_6_0_ from characters character0_ where character0_.character_id=?
Hibernate: select count(*) as col_0_0_ from user user0_ where user0_.user_id=?
Hibernate: select character1_.character_id as characte1_6_, character1_.character_character_name as characte2_6_ from user user0_ inner join characters character1_ on user0_.character_id=character1_.character_id where user0_.user_id=?
Hibernate: select permission0_.character_id as characte6_12_0_, permission0_.permission_id as permissi1_12_0_, permission0_.permission_id as permissi1_12_1_, permission0_.character_id as characte6_12_1_, permission0_.permission_name as permissi2_12_1_, permission0_.permission_permission_unit_id as permissi3_12_1_, permission0_.permission_service as permissi4_12_1_, permission0_.permission_status as permissi5_12_1_ from permission permission0_ where permission0_.character_id=?
Hibernate: select count(*) as col_0_0_ from category category0_ where category0_.category_id=?
Hibernate: select count(board0_.board_id) as col_0_0_ from board board0_ where board0_.category_id=?
Hibernate: select category0_.category_id as category1_5_0_, category0_.category_name as category2_5_0_ from category category0_ where category0_.category_id=?
Hibernate: select boardlist0_.category_id as category7_4_0_, boardlist0_.board_id as board_id1_4_0_, boardlist0_.board_id as board_id1_4_1_, boardlist0_.category_id as category7_4_1_, boardlist0_.board_content as board_co2_4_1_, boardlist0_.board_created_at as board_cr3_4_1_, boardlist0_.board_last_modified_at as board_la4_4_1_, boardlist0_.board_title as board_ti5_4_1_, boardlist0_.user_id as user_id8_4_1_, boardlist0_.board_views as board_vi6_4_1_ from board boardlist0_ where boardlist0_.category_id=?
Hibernate: delete from category where category_id=?
Hibernate: select user0_.user_id as user_id1_21_0_, user0_.character_id as characte7_21_0_, user0_.user_created_at as user_cre2_21_0_, user0_.user_name as user_nam3_21_0_, user0_.user_phone_number as user_pho4_21_0_, user0_.user_user_id as user_use5_21_0_, user0_.user_user_password as user_use6_21_0_ from user user0_ where user0_.user_id=?
Hibernate: select character0_.character_id as characte1_6_0_, character0_.character_character_name as characte2_6_0_ from characters character0_ where character0_.character_id=?
Hibernate: select count(*) as col_0_0_ from user user0_ where user0_.user_id=?
Hibernate: select character1_.character_id as characte1_6_, character1_.character_character_name as characte2_6_ from user user0_ inner join characters character1_ on user0_.character_id=character1_.character_id where user0_.user_id=?
Hibernate: select permission0_.character_id as characte6_12_0_, permission0_.permission_id as permissi1_12_0_, permission0_.permission_id as permissi1_12_1_, permission0_.character_id as characte6_12_1_, permission0_.permission_name as permissi2_12_1_, permission0_.permission_permission_unit_id as permissi3_12_1_, permission0_.permission_service as permissi4_12_1_, permission0_.permission_status as permissi5_12_1_ from permission permission0_ where permission0_.character_id=?
Hibernate: select category0_.category_id as col_0_0_ from category category0_ where category0_.category_name=? limit ?
Hibernate: select category0_.category_id as category1_5_1_, category0_.category_name as category2_5_1_, boardlist1_.category_id as category7_4_3_, boardlist1_.board_id as board_id1_4_3_, boardlist1_.board_id as board_id1_4_0_, boardlist1_.category_id as category7_4_0_, boardlist1_.board_content as board_co2_4_0_, boardlist1_.board_created_at as board_cr3_4_0_, boardlist1_.board_last_modified_at as board_la4_4_0_, boardlist1_.board_title as board_ti5_4_0_, boardlist1_.user_id as user_id8_4_0_, boardlist1_.board_views as board_vi6_4_0_ from category category0_ left outer join board boardlist1_ on category0_.category_id=boardlist1_.category_id where category0_.category_id=?
Hibernate: insert into category (category_id, category_name) values (default, ?)
Hibernate: select user0_.user_id as user_id1_21_0_, user0_.character_id as characte7_21_0_, user0_.user_created_at as user_cre2_21_0_, user0_.user_name as user_nam3_21_0_, user0_.user_phone_number as user_pho4_21_0_, user0_.user_user_id as user_use5_21_0_, user0_.user_user_password as user_use6_21_0_ from user user0_ where user0_.user_id=?
Hibernate: select character0_.character_id as characte1_6_0_, character0_.character_character_name as characte2_6_0_ from characters character0_ where character0_.character_id=?
Hibernate: select count(*) as col_0_0_ from user user0_ where user0_.user_id=?
Hibernate: select character1_.character_id as characte1_6_, character1_.character_character_name as characte2_6_ from user user0_ inner join characters character1_ on user0_.character_id=character1_.character_id where user0_.user_id=?
Hibernate: select permission0_.character_id as characte6_12_0_, permission0_.permission_id as permissi1_12_0_, permission0_.permission_id as permissi1_12_1_, permission0_.character_id as characte6_12_1_, permission0_.permission_name as permissi2_12_1_, permission0_.permission_permission_unit_id as permissi3_12_1_, permission0_.permission_service as permissi4_12_1_, permission0_.permission_status as permissi5_12_1_ from permission permission0_ where permission0_.character_id=?
Hibernate: select category0_.category_id as col_0_0_ from category category0_ where category0_.category_name=? limit ?
Hibernate: select category0_.category_id as category1_5_1_, category0_.category_name as category2_5_1_, boardlist1_.category_id as category7_4_3_, boardlist1_.board_id as board_id1_4_3_, boardlist1_.board_id as board_id1_4_0_, boardlist1_.category_id as category7_4_0_, boardlist1_.board_content as board_co2_4_0_, boardlist1_.board_created_at as board_cr3_4_0_, boardlist1_.board_last_modified_at as board_la4_4_0_, boardlist1_.board_title as board_ti5_4_0_, boardlist1_.user_id as user_id8_4_0_, boardlist1_.board_views as board_vi6_4_0_ from category category0_ left outer join board boardlist1_ on category0_.category_id=boardlist1_.category_id where category0_.category_id=?
Hibernate: insert into category (category_id, category_name) values (default, ?)
Hibernate: select user0_.user_id as col_0_0_ from user user0_ where user0_.user_user_id=? limit ?
Hibernate: select user0_.user_id as col_0_0_ from user user0_ where user0_.user_user_id=? limit ?
Hibernate: select U.* from USER U where U.USER_USER_ID =?
Hibernate: select character0_.character_id as characte1_6_0_, character0_.character_character_name as characte2_6_0_ from characters character0_ where character0_.character_id=?
Hibernate: select user0_.user_id as col_0_0_ from user user0_ where user0_.user_user_id=? limit ?
Hibernate: select user0_.user_id as col_0_0_ from user user0_ where user0_.user_user_id=? limit ?
Hibernate: select U.* from USER U where U.USER_USER_ID =?
Hibernate: select character0_.character_id as characte1_6_0_, character0_.character_character_name as characte2_6_0_ from characters character0_ where character0_.character_id=?
Hibernate: select user0_.user_id as user_id1_21_0_, user0_.character_id as characte7_21_0_, user0_.user_created_at as user_cre2_21_0_, user0_.user_name as user_nam3_21_0_, user0_.user_phone_number as user_pho4_21_0_, user0_.user_user_id as user_use5_21_0_, user0_.user_user_password as user_use6_21_0_ from user user0_ where user0_.user_id=?
Hibernate: select character0_.character_id as characte1_6_0_, character0_.character_character_name as characte2_6_0_ from characters character0_ where character0_.character_id=?
Hibernate: select count(*) as col_0_0_ from board board0_
Hibernate: select count(*) as col_0_0_ from board board0_
Hibernate: select user0_.user_id as col_0_0_ from user user0_ where user0_.user_user_id=? limit ?
Hibernate: select user0_.user_id as col_0_0_ from user user0_ where user0_.user_user_id=? limit ?
Hibernate: select U.* from USER U where U.USER_USER_ID =?
Hibernate: select character0_.character_id as characte1_6_0_, character0_.character_character_name as characte2_6_0_ from characters character0_ where character0_.character_id=?
Hibernate: select user0_.user_id as user_id1_21_0_, user0_.character_id as characte7_21_0_, user0_.user_created_at as user_cre2_21_0_, user0_.user_name as user_nam3_21_0_, user0_.user_phone_number as user_pho4_21_0_, user0_.user_user_id as user_use5_21_0_, user0_.user_user_password as user_use6_21_0_ from user user0_ where user0_.user_id=?
Hibernate: select character0_.character_id as characte1_6_0_, character0_.character_character_name as characte2_6_0_ from characters character0_ where character0_.character_id=?
Hibernate: select category0_.category_id as category1_5_, category0_.category_name as category2_5_ from category category0_
Hibernate: select boardlist0_.category_id as category7_4_0_, boardlist0_.board_id as board_id1_4_0_, boardlist0_.board_id as board_id1_4_1_, boardlist0_.category_id as category7_4_1_, boardlist0_.board_content as board_co2_4_1_, boardlist0_.board_created_at as board_cr3_4_1_, boardlist0_.board_last_modified_at as board_la4_4_1_, boardlist0_.board_title as board_ti5_4_1_, boardlist0_.user_id as user_id8_4_1_, boardlist0_.board_views as board_vi6_4_1_ from board boardlist0_ where boardlist0_.category_id=?
Hibernate: select boardlist0_.category_id as category7_4_0_, boardlist0_.board_id as board_id1_4_0_, boardlist0_.board_id as board_id1_4_1_, boardlist0_.category_id as category7_4_1_, boardlist0_.board_content as board_co2_4_1_, boardlist0_.board_created_at as board_cr3_4_1_, boardlist0_.board_last_modified_at as board_la4_4_1_, boardlist0_.board_title as board_ti5_4_1_, boardlist0_.user_id as user_id8_4_1_, boardlist0_.board_views as board_vi6_4_1_ from board boardlist0_ where boardlist0_.category_id=?
Hibernate: select user0_.user_id as user_id1_21_0_, user0_.character_id as characte7_21_0_, user0_.user_created_at as user_cre2_21_0_, user0_.user_name as user_nam3_21_0_, user0_.user_phone_number as user_pho4_21_0_, user0_.user_user_id as user_use5_21_0_, user0_.user_user_password as user_use6_21_0_ from user user0_ where user0_.user_id=?
Hibernate: select character0_.character_id as characte1_6_0_, character0_.character_character_name as characte2_6_0_ from characters character0_ where character0_.character_id=?
Hibernate: select count(*) as col_0_0_ from user user0_ where user0_.user_id=?
Hibernate: select character1_.character_id as characte1_6_, character1_.character_character_name as characte2_6_ from user user0_ inner join characters character1_ on user0_.character_id=character1_.character_id where user0_.user_id=?
Hibernate: select permission0_.character_id as characte6_12_0_, permission0_.permission_id as permissi1_12_0_, permission0_.permission_id as permissi1_12_1_, permission0_.character_id as characte6_12_1_, permission0_.permission_name as permissi2_12_1_, permission0_.permission_permission_unit_id as permissi3_12_1_, permission0_.permission_service as permissi4_12_1_, permission0_.permission_status as permissi5_12_1_ from permission permission0_ where permission0_.character_id=?
Hibernate: select count(*) as col_0_0_ from category category0_ where category0_.category_id=?
Hibernate: select count(board0_.board_id) as col_0_0_ from board board0_ where board0_.category_id=?
Hibernate: select category0_.category_id as category1_5_0_, category0_.category_name as category2_5_0_ from category category0_ where category0_.category_id=?
Hibernate: select boardlist0_.category_id as category7_4_0_, boardlist0_.board_id as board_id1_4_0_, boardlist0_.board_id as board_id1_4_1_, boardlist0_.category_id as category7_4_1_, boardlist0_.board_content as board_co2_4_1_, boardlist0_.board_created_at as board_cr3_4_1_, boardlist0_.board_last_modified_at as board_la4_4_1_, boardlist0_.board_title as board_ti5_4_1_, boardlist0_.user_id as user_id8_4_1_, boardlist0_.board_views as board_vi6_4_1_ from board boardlist0_ where boardlist0_.category_id=?
Hibernate: delete from category where category_id=?
Hibernate: select user0_.user_id as user_id1_21_0_, user0_.character_id as characte7_21_0_, user0_.user_created_at as user_cre2_21_0_, user0_.user_name as user_nam3_21_0_, user0_.user_phone_number as user_pho4_21_0_, user0_.user_user_id as user_use5_21_0_, user0_.user_user_password as user_use6_21_0_ from user user0_ where user0_.user_id=?
Hibernate: select character0_.character_id as characte1_6_0_, character0_.character_character_name as characte2_6_0_ from characters character0_ where character0_.character_id=?
Hibernate: select count(*) as col_0_0_ from user user0_ where user0_.user_id=?
Hibernate: select character1_.character_id as characte1_6_, character1_.character_character_name as characte2_6_ from user user0_ inner join characters character1_ on user0_.character_id=character1_.character_id where user0_.user_id=?
Hibernate: select permission0_.character_id as characte6_12_0_, permission0_.permission_id as permissi1_12_0_, permission0_.permission_id as permissi1_12_1_, permission0_.character_id as characte6_12_1_, permission0_.permission_name as permissi2_12_1_, permission0_.permission_permission_unit_id as permissi3_12_1_, permission0_.permission_service as permissi4_12_1_, permission0_.permission_status as permissi5_12_1_ from permission permission0_ where permission0_.character_id=?
Hibernate: select count(*) as col_0_0_ from category category0_ where category0_.category_id=?
Hibernate: select count(board0_.board_id) as col_0_0_ from board board0_ where board0_.category_id=?
Hibernate: select category0_.category_id as category1_5_0_, category0_.category_name as category2_5_0_ from category category0_ where category0_.category_id=?
Hibernate: select boardlist0_.category_id as category7_4_0_, boardlist0_.board_id as board_id1_4_0_, boardlist0_.board_id as board_id1_4_1_, boardlist0_.category_id as category7_4_1_, boardlist0_.board_content as board_co2_4_1_, boardlist0_.board_created_at as board_cr3_4_1_, boardlist0_.board_last_modified_at as board_la4_4_1_, boardlist0_.board_title as board_ti5_4_1_, boardlist0_.user_id as user_id8_4_1_, boardlist0_.board_views as board_vi6_4_1_ from board boardlist0_ where boardlist0_.category_id=?
Hibernate: delete from category where category_id=?
Hibernate: select user0_.user_id as user_id1_21_0_, user0_.character_id as characte7_21_0_, user0_.user_created_at as user_cre2_21_0_, user0_.user_name as user_nam3_21_0_, user0_.user_phone_number as user_pho4_21_0_, user0_.user_user_id as user_use5_21_0_, user0_.user_user_password as user_use6_21_0_ from user user0_ where user0_.user_id=?
Hibernate: select character0_.character_id as characte1_6_0_, character0_.character_character_name as characte2_6_0_ from characters character0_ where character0_.character_id=?
Hibernate: select count(*) as col_0_0_ from user user0_ where user0_.user_id=?
Hibernate: select character1_.character_id as characte1_6_, character1_.character_character_name as characte2_6_ from user user0_ inner join characters character1_ on user0_.character_id=character1_.character_id where user0_.user_id=?
Hibernate: select permission0_.character_id as characte6_12_0_, permission0_.permission_id as permissi1_12_0_, permission0_.permission_id as permissi1_12_1_, permission0_.character_id as characte6_12_1_, permission0_.permission_name as permissi2_12_1_, permission0_.permission_permission_unit_id as permissi3_12_1_, permission0_.permission_service as permissi4_12_1_, permission0_.permission_status as permissi5_12_1_ from permission permission0_ where permission0_.character_id=?
Hibernate: select category0_.category_id as col_0_0_ from category category0_ where category0_.category_name=? limit ?
Hibernate: select category0_.category_id as category1_5_1_, category0_.category_name as category2_5_1_, boardlist1_.category_id as category7_4_3_, boardlist1_.board_id as board_id1_4_3_, boardlist1_.board_id as board_id1_4_0_, boardlist1_.category_id as category7_4_0_, boardlist1_.board_content as board_co2_4_0_, boardlist1_.board_created_at as board_cr3_4_0_, boardlist1_.board_last_modified_at as board_la4_4_0_, boardlist1_.board_title as board_ti5_4_0_, boardlist1_.user_id as user_id8_4_0_, boardlist1_.board_views as board_vi6_4_0_ from category category0_ left outer join board boardlist1_ on category0_.category_id=boardlist1_.category_id where category0_.category_id=?
Hibernate: insert into category (category_id, category_name) values (default, ?)
Hibernate: select user0_.user_id as user_id1_21_0_, user0_.character_id as characte7_21_0_, user0_.user_created_at as user_cre2_21_0_, user0_.user_name as user_nam3_21_0_, user0_.user_phone_number as user_pho4_21_0_, user0_.user_user_id as user_use5_21_0_, user0_.user_user_password as user_use6_21_0_ from user user0_ where user0_.user_id=?
Hibernate: select character0_.character_id as characte1_6_0_, character0_.character_character_name as characte2_6_0_ from characters character0_ where character0_.character_id=?
Hibernate: select count(*) as col_0_0_ from user user0_ where user0_.user_id=?
Hibernate: select character1_.character_id as characte1_6_, character1_.character_character_name as characte2_6_ from user user0_ inner join characters character1_ on user0_.character_id=character1_.character_id where user0_.user_id=?
Hibernate: select permission0_.character_id as characte6_12_0_, permission0_.permission_id as permissi1_12_0_, permission0_.permission_id as permissi1_12_1_, permission0_.character_id as characte6_12_1_, permission0_.permission_name as permissi2_12_1_, permission0_.permission_permission_unit_id as permissi3_12_1_, permission0_.permission_service as permissi4_12_1_, permission0_.permission_status as permissi5_12_1_ from permission permission0_ where permission0_.character_id=?
Hibernate: select category0_.category_id as col_0_0_ from category category0_ where category0_.category_name=? limit ?
Hibernate: select category0_.category_id as category1_5_1_, category0_.category_name as category2_5_1_, boardlist1_.category_id as category7_4_3_, boardlist1_.board_id as board_id1_4_3_, boardlist1_.board_id as board_id1_4_0_, boardlist1_.category_id as category7_4_0_, boardlist1_.board_content as board_co2_4_0_, boardlist1_.board_created_at as board_cr3_4_0_, boardlist1_.board_last_modified_at as board_la4_4_0_, boardlist1_.board_title as board_ti5_4_0_, boardlist1_.user_id as user_id8_4_0_, boardlist1_.board_views as board_vi6_4_0_ from category category0_ left outer join board boardlist1_ on category0_.category_id=boardlist1_.category_id where category0_.category_id=?
Hibernate: insert into category (category_id, category_name) values (default, ?)
Hibernate: select user0_.user_id as col_0_0_ from user user0_ where user0_.user_user_id=? limit ?
Hibernate: select user0_.user_id as col_0_0_ from user user0_ where user0_.user_user_id=? limit ?
Hibernate: select U.* from USER U where U.USER_USER_ID =?
Hibernate: select character0_.character_id as characte1_6_0_, character0_.character_character_name as characte2_6_0_ from characters character0_ where character0_.character_id=?
Hibernate: select user0_.user_id as col_0_0_ from user user0_ where user0_.user_user_id=? limit ?
Hibernate: select user0_.user_id as col_0_0_ from user user0_ where user0_.user_user_id=? limit ?
Hibernate: select U.* from USER U where U.USER_USER_ID =?
Hibernate: select character0_.character_id as characte1_6_0_, character0_.character_character_name as characte2_6_0_ from characters character0_ where character0_.character_id=?
Hibernate: select user0_.user_id as col_0_0_ from user user0_ where user0_.user_user_id=? limit ?
Hibernate: select user0_.user_id as col_0_0_ from user user0_ where user0_.user_user_id=? limit ?
Hibernate: select U.* from USER U where U.USER_USER_ID =?
Hibernate: select character0_.character_id as characte1_6_0_, character0_.character_character_name as characte2_6_0_ from characters character0_ where character0_.character_id=?
Hibernate: select user0_.user_id as user_id1_21_0_, user0_.character_id as characte7_21_0_, user0_.user_created_at as user_cre2_21_0_, user0_.user_name as user_nam3_21_0_, user0_.user_phone_number as user_pho4_21_0_, user0_.user_user_id as user_use5_21_0_, user0_.user_user_password as user_use6_21_0_ from user user0_ where user0_.user_id=?
Hibernate: select character0_.character_id as characte1_6_0_, character0_.character_character_name as characte2_6_0_ from characters character0_ where character0_.character_id=?
Hibernate: select count(*) as col_0_0_ from user user0_ where user0_.user_id=?
Hibernate: select character1_.character_id as characte1_6_, character1_.character_character_name as characte2_6_ from user user0_ inner join characters character1_ on user0_.character_id=character1_.character_id where user0_.user_id=?
Hibernate: select permission0_.character_id as characte6_12_0_, permission0_.permission_id as permissi1_12_0_, permission0_.permission_id as permissi1_12_1_, permission0_.character_id as characte6_12_1_, permission0_.permission_name as permissi2_12_1_, permission0_.permission_permission_unit_id as permissi3_12_1_, permission0_.permission_service as permissi4_12_1_, permission0_.permission_status as permissi5_12_1_ from permission permission0_ where permission0_.character_id=?
Hibernate: select category0_.category_id as col_0_0_ from category category0_ where category0_.category_name=? limit ?
Hibernate: select category0_.category_id as category1_5_1_, category0_.category_name as category2_5_1_, boardlist1_.category_id as category7_4_3_, boardlist1_.board_id as board_id1_4_3_, boardlist1_.board_id as board_id1_4_0_, boardlist1_.category_id as category7_4_0_, boardlist1_.board_content as board_co2_4_0_, boardlist1_.board_created_at as board_cr3_4_0_, boardlist1_.board_last_modified_at as board_la4_4_0_, boardlist1_.board_title as board_ti5_4_0_, boardlist1_.user_id as user_id8_4_0_, boardlist1_.board_views as board_vi6_4_0_ from category category0_ left outer join board boardlist1_ on category0_.category_id=boardlist1_.category_id where category0_.category_id=?
Hibernate: insert into category (category_id, category_name) values (default, ?)
Hibernate: select user0_.user_id as user_id1_21_0_, user0_.character_id as characte7_21_0_, user0_.user_created_at as user_cre2_21_0_, user0_.user_name as user_nam3_21_0_, user0_.user_phone_number as user_pho4_21_0_, user0_.user_user_id as user_use5_21_0_, user0_.user_user_password as user_use6_21_0_ from user user0_ where user0_.user_id=?
Hibernate: select character0_.character_id as characte1_6_0_, character0_.character_character_name as characte2_6_0_ from characters character0_ where character0_.character_id=?
Hibernate: select category0_.category_id as category1_5_, category0_.category_name as category2_5_ from category category0_
Hibernate: select boardlist0_.category_id as category7_4_0_, boardlist0_.board_id as board_id1_4_0_, boardlist0_.board_id as board_id1_4_1_, boardlist0_.category_id as category7_4_1_, boardlist0_.board_content as board_co2_4_1_, boardlist0_.board_created_at as board_cr3_4_1_, boardlist0_.board_last_modified_at as board_la4_4_1_, boardlist0_.board_title as board_ti5_4_1_, boardlist0_.user_id as user_id8_4_1_, boardlist0_.board_views as board_vi6_4_1_ from board boardlist0_ where boardlist0_.category_id=?
Hibernate: select boardlist0_.category_id as category7_4_0_, boardlist0_.board_id as board_id1_4_0_, boardlist0_.board_id as board_id1_4_1_, boardlist0_.category_id as category7_4_1_, boardlist0_.board_content as board_co2_4_1_, boardlist0_.board_created_at as board_cr3_4_1_, boardlist0_.board_last_modified_at as board_la4_4_1_, boardlist0_.board_title as board_ti5_4_1_, boardlist0_.user_id as user_id8_4_1_, boardlist0_.board_views as board_vi6_4_1_ from board boardlist0_ where boardlist0_.category_id=?
Hibernate: select boardlist0_.category_id as category7_4_0_, boardlist0_.board_id as board_id1_4_0_, boardlist0_.board_id as board_id1_4_1_, boardlist0_.category_id as category7_4_1_, boardlist0_.board_content as board_co2_4_1_, boardlist0_.board_created_at as board_cr3_4_1_, boardlist0_.board_last_modified_at as board_la4_4_1_, boardlist0_.board_title as board_ti5_4_1_, boardlist0_.user_id as user_id8_4_1_, boardlist0_.board_views as board_vi6_4_1_ from board boardlist0_ where boardlist0_.category_id=?
Hibernate: select user0_.user_id as user_id1_21_0_, user0_.character_id as characte7_21_0_, user0_.user_created_at as user_cre2_21_0_, user0_.user_name as user_nam3_21_0_, user0_.user_phone_number as user_pho4_21_0_, user0_.user_user_id as user_use5_21_0_, user0_.user_user_password as user_use6_21_0_ from user user0_ where user0_.user_id=?
Hibernate: select character0_.character_id as characte1_6_0_, character0_.character_character_name as characte2_6_0_ from characters character0_ where character0_.character_id=?
Hibernate: select count(*) as col_0_0_ from user user0_ where user0_.user_id=?
Hibernate: select character1_.character_id as characte1_6_, character1_.character_character_name as characte2_6_ from user user0_ inner join characters character1_ on user0_.character_id=character1_.character_id where user0_.user_id=?
Hibernate: select permission0_.character_id as characte6_12_0_, permission0_.permission_id as permissi1_12_0_, permission0_.permission_id as permissi1_12_1_, permission0_.character_id as characte6_12_1_, permission0_.permission_name as permissi2_12_1_, permission0_.permission_permission_unit_id as permissi3_12_1_, permission0_.permission_service as permissi4_12_1_, permission0_.permission_status as permissi5_12_1_ from permission permission0_ where permission0_.character_id=?
Hibernate: select count(*) as col_0_0_ from category category0_ where category0_.category_id=?
Hibernate: insert into filename (filename_id, filename_origin, filename_uuid) values (default, ?, ?)
Hibernate: insert into filename (filename_id, filename_origin, filename_uuid) values (default, ?, ?)
Hibernate: select category0_.category_id as category1_5_0_, category0_.category_name as category2_5_0_ from category category0_ where category0_.category_id=?
Hibernate: insert into board (board_id, category_id, board_content, board_created_at, board_last_modified_at, board_title, user_id, board_views) values (default, ?, ?, ?, ?, ?, ?, ?)
Hibernate: insert into reaction (reaction_id, board_id, reaction_type) values (default, ?, ?)
Hibernate: insert into reaction (reaction_id, board_id, reaction_type) values (default, ?, ?)
Hibernate: insert into reaction (reaction_id, board_id, reaction_type) values (default, ?, ?)
Hibernate: insert into reaction (reaction_id, board_id, reaction_type) values (default, ?, ?)
Hibernate: insert into reaction (reaction_id, board_id, reaction_type) values (default, ?, ?)
Hibernate: insert into reaction (reaction_id, board_id, reaction_type) values (default, ?, ?)
Hibernate: insert into file_path_list (board_board_id, board_file_path_list) values (?, ?)
Hibernate: insert into image_path_list (board_board_id, board_image_path_list) values (?, ?)
Hibernate: select user0_.user_id as user_id1_21_0_, user0_.character_id as characte7_21_0_, user0_.user_created_at as user_cre2_21_0_, user0_.user_name as user_nam3_21_0_, user0_.user_phone_number as user_pho4_21_0_, user0_.user_user_id as user_use5_21_0_, user0_.user_user_password as user_use6_21_0_ from user user0_ where user0_.user_id=?
Hibernate: select character0_.character_id as characte1_6_0_, character0_.character_character_name as characte2_6_0_ from characters character0_ where character0_.character_id=?
Hibernate: select count(*) as col_0_0_ from user user0_ where user0_.user_id=?
Hibernate: select character1_.character_id as characte1_6_, character1_.character_character_name as characte2_6_ from user user0_ inner join characters character1_ on user0_.character_id=character1_.character_id where user0_.user_id=?
Hibernate: select permission0_.character_id as characte6_12_0_, permission0_.permission_id as permissi1_12_0_, permission0_.permission_id as permissi1_12_1_, permission0_.character_id as characte6_12_1_, permission0_.permission_name as permissi2_12_1_, permission0_.permission_permission_unit_id as permissi3_12_1_, permission0_.permission_service as permissi4_12_1_, permission0_.permission_status as permissi5_12_1_ from permission permission0_ where permission0_.character_id=?
Hibernate: select user0_.user_id as col_0_0_ from user user0_ where user0_.user_user_id=? limit ?
Hibernate: select user0_.user_id as col_0_0_ from user user0_ where user0_.user_user_id=? limit ?
Hibernate: select U.* from USER U where U.USER_USER_ID =?
Hibernate: select character0_.character_id as characte1_6_0_, character0_.character_character_name as characte2_6_0_ from characters character0_ where character0_.character_id=?
Hibernate: select user0_.user_id as user_id1_21_0_, user0_.character_id as characte7_21_0_, user0_.user_created_at as user_cre2_21_0_, user0_.user_name as user_nam3_21_0_, user0_.user_phone_number as user_pho4_21_0_, user0_.user_user_id as user_use5_21_0_, user0_.user_user_password as user_use6_21_0_ from user user0_ where user0_.user_id=?
Hibernate: select character0_.character_id as characte1_6_0_, character0_.character_character_name as characte2_6_0_ from characters character0_ where character0_.character_id=?
Hibernate: select count(*) as col_0_0_ from board board0_
Hibernate: select board0_.board_id as board_id1_4_, board0_.category_id as category7_4_, board0_.board_content as board_co2_4_, board0_.board_created_at as board_cr3_4_, board0_.board_last_modified_at as board_la4_4_, board0_.board_title as board_ti5_4_, board0_.user_id as user_id8_4_, board0_.board_views as board_vi6_4_ from board board0_ limit ?
Hibernate: select category0_.category_id as category1_5_0_, category0_.category_name as category2_5_0_ from category category0_ where category0_.category_id=?
Hibernate: select reactionli0_.board_id as board_id3_13_0_, reactionli0_.reaction_id as reaction1_13_0_, reactionli0_.reaction_id as reaction1_13_1_, reactionli0_.board_id as board_id3_13_1_, reactionli0_.reaction_type as reaction2_13_1_ from reaction reactionli0_ where reactionli0_.board_id=?
Hibernate: select reactionus0_.reaction_id as reaction2_14_0_, reactionus0_.reaction_user_id as reaction1_14_0_, reactionus0_.reaction_user_id as reaction1_14_1_, reactionus0_.reaction_id as reaction2_14_1_, reactionus0_.user_id as user_id3_14_1_ from reaction_user reactionus0_ where reactionus0_.reaction_id=?
Hibernate: select reactionus0_.reaction_id as reaction2_14_0_, reactionus0_.reaction_user_id as reaction1_14_0_, reactionus0_.reaction_user_id as reaction1_14_1_, reactionus0_.reaction_id as reaction2_14_1_, reactionus0_.user_id as user_id3_14_1_ from reaction_user reactionus0_ where reactionus0_.reaction_id=?
Hibernate: select reactionus0_.reaction_id as reaction2_14_0_, reactionus0_.reaction_user_id as reaction1_14_0_, reactionus0_.reaction_user_id as reaction1_14_1_, reactionus0_.reaction_id as reaction2_14_1_, reactionus0_.user_id as user_id3_14_1_ from reaction_user reactionus0_ where reactionus0_.reaction_id=?
Hibernate: select reactionus0_.reaction_id as reaction2_14_0_, reactionus0_.reaction_user_id as reaction1_14_0_, reactionus0_.reaction_user_id as reaction1_14_1_, reactionus0_.reaction_id as reaction2_14_1_, reactionus0_.user_id as user_id3_14_1_ from reaction_user reactionus0_ where reactionus0_.reaction_id=?
Hibernate: select reactionus0_.reaction_id as reaction2_14_0_, reactionus0_.reaction_user_id as reaction1_14_0_, reactionus0_.reaction_user_id as reaction1_14_1_, reactionus0_.reaction_id as reaction2_14_1_, reactionus0_.user_id as user_id3_14_1_ from reaction_user reactionus0_ where reactionus0_.reaction_id=?
Hibernate: select reactionus0_.reaction_id as reaction2_14_0_, reactionus0_.reaction_user_id as reaction1_14_0_, reactionus0_.reaction_user_id as reaction1_14_1_, reactionus0_.reaction_id as reaction2_14_1_, reactionus0_.user_id as user_id3_14_1_ from reaction_user reactionus0_ where reactionus0_.reaction_id=?
Hibernate: select commentlis0_.board_id as board_id5_7_0_, commentlis0_.comment_id as comment_1_7_0_, commentlis0_.comment_id as comment_1_7_1_, commentlis0_.board_id as board_id5_7_1_, commentlis0_.comment_content as comment_2_7_1_, commentlis0_.comment_created_at as comment_3_7_1_, commentlis0_.comment_last_modified_at as comment_4_7_1_, commentlis0_.user_id as user_id6_7_1_ from comment commentlis0_ where commentlis0_.board_id=?
Hibernate: select boardlist0_.category_id as category7_4_0_, boardlist0_.board_id as board_id1_4_0_, boardlist0_.board_id as board_id1_4_1_, boardlist0_.category_id as category7_4_1_, boardlist0_.board_content as board_co2_4_1_, boardlist0_.board_created_at as board_cr3_4_1_, boardlist0_.board_last_modified_at as board_la4_4_1_, boardlist0_.board_title as board_ti5_4_1_, boardlist0_.user_id as user_id8_4_1_, boardlist0_.board_views as board_vi6_4_1_ from board boardlist0_ where boardlist0_.category_id=?
Hibernate: select count(comment0_.comment_id) as col_0_0_ from comment comment0_ where comment0_.board_id=?
Hibernate: select count(*) as col_0_0_ from board board0_
Hibernate: select imagepathl0_.board_board_id as board_bo1_11_0_, imagepathl0_.board_image_path_list as board_im2_11_0_ from image_path_list imagepathl0_ where imagepathl0_.board_board_id=?
Hibernate: select filename0_.filename_id as filename1_9_, filename0_.filename_origin as filename2_9_, filename0_.filename_uuid as filename3_9_ from filename filename0_ where filename0_.filename_uuid=?
Hibernate: select filepathli0_.board_board_id as board_bo1_8_0_, filepathli0_.board_file_path_list as board_fi2_8_0_ from file_path_list filepathli0_ where filepathli0_.board_board_id=?
Hibernate: select filename0_.filename_id as filename1_9_, filename0_.filename_origin as filename2_9_, filename0_.filename_uuid as filename3_9_ from filename filename0_ where filename0_.filename_uuid=?
Hibernate: select U.* from USER U join BOARD B where U.USER_ID = B.USER_ID and B.BOARD_ID = ?
Hibernate: select character0_.character_id as characte1_6_0_, character0_.character_character_name as characte2_6_0_ from characters character0_ where character0_.character_id=?
Hibernate: select count(*) as col_0_0_ from user user0_ where user0_.user_id=?
Hibernate: select character1_.character_id as characte1_6_, character1_.character_character_name as characte2_6_ from user user0_ inner join characters character1_ on user0_.character_id=character1_.character_id where user0_.user_id=?
Hibernate: select permission0_.character_id as characte6_12_0_, permission0_.permission_id as permissi1_12_0_, permission0_.permission_id as permissi1_12_1_, permission0_.character_id as characte6_12_1_, permission0_.permission_name as permissi2_12_1_, permission0_.permission_permission_unit_id as permissi3_12_1_, permission0_.permission_service as permissi4_12_1_, permission0_.permission_status as permissi5_12_1_ from permission permission0_ where permission0_.character_id=?
Hibernate: select count(*) as col_0_0_ from board board0_ where board0_.board_id=?
Hibernate: select board0_.board_id as board_id1_4_0_, board0_.category_id as category7_4_0_, board0_.board_content as board_co2_4_0_, board0_.board_created_at as board_cr3_4_0_, board0_.board_last_modified_at as board_la4_4_0_, board0_.board_title as board_ti5_4_0_, board0_.user_id as user_id8_4_0_, board0_.board_views as board_vi6_4_0_ from board board0_ where board0_.board_id=?
Hibernate: select category0_.category_id as category1_5_0_, category0_.category_name as category2_5_0_ from category category0_ where category0_.category_id=?
Hibernate: select reactionli0_.board_id as board_id3_13_0_, reactionli0_.reaction_id as reaction1_13_0_, reactionli0_.reaction_id as reaction1_13_1_, reactionli0_.board_id as board_id3_13_1_, reactionli0_.reaction_type as reaction2_13_1_ from reaction reactionli0_ where reactionli0_.board_id=?
Hibernate: select reactionus0_.reaction_id as reaction2_14_0_, reactionus0_.reaction_user_id as reaction1_14_0_, reactionus0_.reaction_user_id as reaction1_14_1_, reactionus0_.reaction_id as reaction2_14_1_, reactionus0_.user_id as user_id3_14_1_ from reaction_user reactionus0_ where reactionus0_.reaction_id=?
Hibernate: select reactionus0_.reaction_id as reaction2_14_0_, reactionus0_.reaction_user_id as reaction1_14_0_, reactionus0_.reaction_user_id as reaction1_14_1_, reactionus0_.reaction_id as reaction2_14_1_, reactionus0_.user_id as user_id3_14_1_ from reaction_user reactionus0_ where reactionus0_.reaction_id=?
Hibernate: select reactionus0_.reaction_id as reaction2_14_0_, reactionus0_.reaction_user_id as reaction1_14_0_, reactionus0_.reaction_user_id as reaction1_14_1_, reactionus0_.reaction_id as reaction2_14_1_, reactionus0_.user_id as user_id3_14_1_ from reaction_user reactionus0_ where reactionus0_.reaction_id=?
Hibernate: select reactionus0_.reaction_id as reaction2_14_0_, reactionus0_.reaction_user_id as reaction1_14_0_, reactionus0_.reaction_user_id as reaction1_14_1_, reactionus0_.reaction_id as reaction2_14_1_, reactionus0_.user_id as user_id3_14_1_ from reaction_user reactionus0_ where reactionus0_.reaction_id=?
Hibernate: select reactionus0_.reaction_id as reaction2_14_0_, reactionus0_.reaction_user_id as reaction1_14_0_, reactionus0_.reaction_user_id as reaction1_14_1_, reactionus0_.reaction_id as reaction2_14_1_, reactionus0_.user_id as user_id3_14_1_ from reaction_user reactionus0_ where reactionus0_.reaction_id=?
Hibernate: select reactionus0_.reaction_id as reaction2_14_0_, reactionus0_.reaction_user_id as reaction1_14_0_, reactionus0_.reaction_user_id as reaction1_14_1_, reactionus0_.reaction_id as reaction2_14_1_, reactionus0_.user_id as user_id3_14_1_ from reaction_user reactionus0_ where reactionus0_.reaction_id=?
Hibernate: select commentlis0_.board_id as board_id5_7_0_, commentlis0_.comment_id as comment_1_7_0_, commentlis0_.comment_id as comment_1_7_1_, commentlis0_.board_id as board_id5_7_1_, commentlis0_.comment_content as comment_2_7_1_, commentlis0_.comment_created_at as comment_3_7_1_, commentlis0_.comment_last_modified_at as comment_4_7_1_, commentlis0_.user_id as user_id6_7_1_ from comment commentlis0_ where commentlis0_.board_id=?
Hibernate: select boardlist0_.category_id as category7_4_0_, boardlist0_.board_id as board_id1_4_0_, boardlist0_.board_id as board_id1_4_1_, boardlist0_.category_id as category7_4_1_, boardlist0_.board_content as board_co2_4_1_, boardlist0_.board_created_at as board_cr3_4_1_, boardlist0_.board_last_modified_at as board_la4_4_1_, boardlist0_.board_title as board_ti5_4_1_, boardlist0_.user_id as user_id8_4_1_, boardlist0_.board_views as board_vi6_4_1_ from board boardlist0_ where boardlist0_.category_id=?
Hibernate: select count(comment0_.comment_id) as col_0_0_ from comment comment0_ where comment0_.board_id=?
Hibernate: update board set category_id=?, board_content=?, board_created_at=?, board_last_modified_at=?, board_title=?, user_id=?, board_views=? where board_id=?
Hibernate: select filepathli0_.board_board_id as board_bo1_8_0_, filepathli0_.board_file_path_list as board_fi2_8_0_ from file_path_list filepathli0_ where filepathli0_.board_board_id=?
Hibernate: select filename0_.filename_id as filename1_9_, filename0_.filename_origin as filename2_9_, filename0_.filename_uuid as filename3_9_ from filename filename0_ where filename0_.filename_uuid=?
Hibernate: delete from filename where filename_id=?
Hibernate: select imagepathl0_.board_board_id as board_bo1_11_0_, imagepathl0_.board_image_path_list as board_im2_11_0_ from image_path_list imagepathl0_ where imagepathl0_.board_board_id=?
Hibernate: select filename0_.filename_id as filename1_9_, filename0_.filename_origin as filename2_9_, filename0_.filename_uuid as filename3_9_ from filename filename0_ where filename0_.filename_uuid=?
Hibernate: delete from filename where filename_id=?
Hibernate: select count(*) as col_0_0_ from board board0_ where board0_.board_id=?
Hibernate: delete from file_path_list where board_board_id=?
Hibernate: delete from image_path_list where board_board_id=?
Hibernate: delete from reaction where reaction_id=?
Hibernate: delete from reaction where reaction_id=?
Hibernate: delete from reaction where reaction_id=?
Hibernate: delete from reaction where reaction_id=?
Hibernate: delete from reaction where reaction_id=?
Hibernate: delete from reaction where reaction_id=?
Hibernate: delete from board where board_id=?
Hibernate: select user0_.user_id as user_id1_21_0_, user0_.character_id as characte7_21_0_, user0_.user_created_at as user_cre2_21_0_, user0_.user_name as user_nam3_21_0_, user0_.user_phone_number as user_pho4_21_0_, user0_.user_user_id as user_use5_21_0_, user0_.user_user_password as user_use6_21_0_ from user user0_ where user0_.user_id=?
Hibernate: select character0_.character_id as characte1_6_0_, character0_.character_character_name as characte2_6_0_ from characters character0_ where character0_.character_id=?
Hibernate: select count(*) as col_0_0_ from user user0_ where user0_.user_id=?
Hibernate: select character1_.character_id as characte1_6_, character1_.character_character_name as characte2_6_ from user user0_ inner join characters character1_ on user0_.character_id=character1_.character_id where user0_.user_id=?
Hibernate: select permission0_.character_id as characte6_12_0_, permission0_.permission_id as permissi1_12_0_, permission0_.permission_id as permissi1_12_1_, permission0_.character_id as characte6_12_1_, permission0_.permission_name as permissi2_12_1_, permission0_.permission_permission_unit_id as permissi3_12_1_, permission0_.permission_service as permissi4_12_1_, permission0_.permission_status as permissi5_12_1_ from permission permission0_ where permission0_.character_id=?
Hibernate: select count(*) as col_0_0_ from board board0_ where board0_.board_id=?
Hibernate: select user0_.user_id as col_0_0_ from user user0_ where user0_.user_user_id=? limit ?
Hibernate: select user0_.user_id as col_0_0_ from user user0_ where user0_.user_user_id=? limit ?
Hibernate: select U.* from USER U where U.USER_USER_ID =?
Hibernate: select character0_.character_id as characte1_6_0_, character0_.character_character_name as characte2_6_0_ from characters character0_ where character0_.character_id=?
Hibernate: select user0_.user_id as user_id1_21_0_, user0_.character_id as characte7_21_0_, user0_.user_created_at as user_cre2_21_0_, user0_.user_name as user_nam3_21_0_, user0_.user_phone_number as user_pho4_21_0_, user0_.user_user_id as user_use5_21_0_, user0_.user_user_password as user_use6_21_0_ from user user0_ where user0_.user_id=?
Hibernate: select character0_.character_id as characte1_6_0_, character0_.character_character_name as characte2_6_0_ from characters character0_ where character0_.character_id=?
Hibernate: select category0_.category_id as category1_5_, category0_.category_name as category2_5_ from category category0_
Hibernate: select boardlist0_.category_id as category7_4_0_, boardlist0_.board_id as board_id1_4_0_, boardlist0_.board_id as board_id1_4_1_, boardlist0_.category_id as category7_4_1_, boardlist0_.board_content as board_co2_4_1_, boardlist0_.board_created_at as board_cr3_4_1_, boardlist0_.board_last_modified_at as board_la4_4_1_, boardlist0_.board_title as board_ti5_4_1_, boardlist0_.user_id as user_id8_4_1_, boardlist0_.board_views as board_vi6_4_1_ from board boardlist0_ where boardlist0_.category_id=?
Hibernate: select boardlist0_.category_id as category7_4_0_, boardlist0_.board_id as board_id1_4_0_, boardlist0_.board_id as board_id1_4_1_, boardlist0_.category_id as category7_4_1_, boardlist0_.board_content as board_co2_4_1_, boardlist0_.board_created_at as board_cr3_4_1_, boardlist0_.board_last_modified_at as board_la4_4_1_, boardlist0_.board_title as board_ti5_4_1_, boardlist0_.user_id as user_id8_4_1_, boardlist0_.board_views as board_vi6_4_1_ from board boardlist0_ where boardlist0_.category_id=?
Hibernate: select boardlist0_.category_id as category7_4_0_, boardlist0_.board_id as board_id1_4_0_, boardlist0_.board_id as board_id1_4_1_, boardlist0_.category_id as category7_4_1_, boardlist0_.board_content as board_co2_4_1_, boardlist0_.board_created_at as board_cr3_4_1_, boardlist0_.board_last_modified_at as board_la4_4_1_, boardlist0_.board_title as board_ti5_4_1_, boardlist0_.user_id as user_id8_4_1_, boardlist0_.board_views as board_vi6_4_1_ from board boardlist0_ where boardlist0_.category_id=?
Hibernate: select user0_.user_id as user_id1_21_0_, user0_.character_id as characte7_21_0_, user0_.user_created_at as user_cre2_21_0_, user0_.user_name as user_nam3_21_0_, user0_.user_phone_number as user_pho4_21_0_, user0_.user_user_id as user_use5_21_0_, user0_.user_user_password as user_use6_21_0_ from user user0_ where user0_.user_id=?
Hibernate: select character0_.character_id as characte1_6_0_, character0_.character_character_name as characte2_6_0_ from characters character0_ where character0_.character_id=?
Hibernate: select count(*) as col_0_0_ from user user0_ where user0_.user_id=?
Hibernate: select character1_.character_id as characte1_6_, character1_.character_character_name as characte2_6_ from user user0_ inner join characters character1_ on user0_.character_id=character1_.character_id where user0_.user_id=?
Hibernate: select permission0_.character_id as characte6_12_0_, permission0_.permission_id as permissi1_12_0_, permission0_.permission_id as permissi1_12_1_, permission0_.character_id as characte6_12_1_, permission0_.permission_name as permissi2_12_1_, permission0_.permission_permission_unit_id as permissi3_12_1_, permission0_.permission_service as permissi4_12_1_, permission0_.permission_status as permissi5_12_1_ from permission permission0_ where permission0_.character_id=?
Hibernate: select count(*) as col_0_0_ from category category0_ where category0_.category_id=?
Hibernate: select count(board0_.board_id) as col_0_0_ from board board0_ where board0_.category_id=?
Hibernate: select category0_.category_id as category1_5_0_, category0_.category_name as category2_5_0_ from category category0_ where category0_.category_id=?
Hibernate: select boardlist0_.category_id as category7_4_0_, boardlist0_.board_id as board_id1_4_0_, boardlist0_.board_id as board_id1_4_1_, boardlist0_.category_id as category7_4_1_, boardlist0_.board_content as board_co2_4_1_, boardlist0_.board_created_at as board_cr3_4_1_, boardlist0_.board_last_modified_at as board_la4_4_1_, boardlist0_.board_title as board_ti5_4_1_, boardlist0_.user_id as user_id8_4_1_, boardlist0_.board_views as board_vi6_4_1_ from board boardlist0_ where boardlist0_.category_id=?
Hibernate: delete from category where category_id=?
Hibernate: select user0_.user_id as user_id1_21_0_, user0_.character_id as characte7_21_0_, user0_.user_created_at as user_cre2_21_0_, user0_.user_name as user_nam3_21_0_, user0_.user_phone_number as user_pho4_21_0_, user0_.user_user_id as user_use5_21_0_, user0_.user_user_password as user_use6_21_0_ from user user0_ where user0_.user_id=?
Hibernate: select character0_.character_id as characte1_6_0_, character0_.character_character_name as characte2_6_0_ from characters character0_ where character0_.character_id=?
Hibernate: select count(*) as col_0_0_ from user user0_ where user0_.user_id=?
Hibernate: select character1_.character_id as characte1_6_, character1_.character_character_name as characte2_6_ from user user0_ inner join characters character1_ on user0_.character_id=character1_.character_id where user0_.user_id=?
Hibernate: select permission0_.character_id as characte6_12_0_, permission0_.permission_id as permissi1_12_0_, permission0_.permission_id as permissi1_12_1_, permission0_.character_id as characte6_12_1_, permission0_.permission_name as permissi2_12_1_, permission0_.permission_permission_unit_id as permissi3_12_1_, permission0_.permission_service as permissi4_12_1_, permission0_.permission_status as permissi5_12_1_ from permission permission0_ where permission0_.character_id=?
Hibernate: select count(*) as col_0_0_ from category category0_ where category0_.category_id=?
Hibernate: select count(board0_.board_id) as col_0_0_ from board board0_ where board0_.category_id=?
Hibernate: select category0_.category_id as category1_5_0_, category0_.category_name as category2_5_0_ from category category0_ where category0_.category_id=?
Hibernate: select boardlist0_.category_id as category7_4_0_, boardlist0_.board_id as board_id1_4_0_, boardlist0_.board_id as board_id1_4_1_, boardlist0_.category_id as category7_4_1_, boardlist0_.board_content as board_co2_4_1_, boardlist0_.board_created_at as board_cr3_4_1_, boardlist0_.board_last_modified_at as board_la4_4_1_, boardlist0_.board_title as board_ti5_4_1_, boardlist0_.user_id as user_id8_4_1_, boardlist0_.board_views as board_vi6_4_1_ from board boardlist0_ where boardlist0_.category_id=?
Hibernate: delete from category where category_id=?
Hibernate: select user0_.user_id as user_id1_21_0_, user0_.character_id as characte7_21_0_, user0_.user_created_at as user_cre2_21_0_, user0_.user_name as user_nam3_21_0_, user0_.user_phone_number as user_pho4_21_0_, user0_.user_user_id as user_use5_21_0_, user0_.user_user_password as user_use6_21_0_ from user user0_ where user0_.user_id=?
Hibernate: select character0_.character_id as characte1_6_0_, character0_.character_character_name as characte2_6_0_ from characters character0_ where character0_.character_id=?
Hibernate: select count(*) as col_0_0_ from user user0_ where user0_.user_id=?
Hibernate: select character1_.character_id as characte1_6_, character1_.character_character_name as characte2_6_ from user user0_ inner join characters character1_ on user0_.character_id=character1_.character_id where user0_.user_id=?
Hibernate: select permission0_.character_id as characte6_12_0_, permission0_.permission_id as permissi1_12_0_, permission0_.permission_id as permissi1_12_1_, permission0_.character_id as characte6_12_1_, permission0_.permission_name as permissi2_12_1_, permission0_.permission_permission_unit_id as permissi3_12_1_, permission0_.permission_service as permissi4_12_1_, permission0_.permission_status as permissi5_12_1_ from permission permission0_ where permission0_.character_id=?
Hibernate: select count(*) as col_0_0_ from category category0_ where category0_.category_id=?
Hibernate: select count(board0_.board_id) as col_0_0_ from board board0_ where board0_.category_id=?
Hibernate: select category0_.category_id as category1_5_0_, category0_.category_name as category2_5_0_ from category category0_ where category0_.category_id=?
Hibernate: select boardlist0_.category_id as category7_4_0_, boardlist0_.board_id as board_id1_4_0_, boardlist0_.board_id as board_id1_4_1_, boardlist0_.category_id as category7_4_1_, boardlist0_.board_content as board_co2_4_1_, boardlist0_.board_created_at as board_cr3_4_1_, boardlist0_.board_last_modified_at as board_la4_4_1_, boardlist0_.board_title as board_ti5_4_1_, boardlist0_.user_id as user_id8_4_1_, boardlist0_.board_views as board_vi6_4_1_ from board boardlist0_ where boardlist0_.category_id=?
Hibernate: delete from category where category_id=?
Hibernate: select user0_.user_id as user_id1_21_0_, user0_.character_id as characte7_21_0_, user0_.user_created_at as user_cre2_21_0_, user0_.user_name as user_nam3_21_0_, user0_.user_phone_number as user_pho4_21_0_, user0_.user_user_id as user_use5_21_0_, user0_.user_user_password as user_use6_21_0_ from user user0_ where user0_.user_id=?
Hibernate: select character0_.character_id as characte1_6_0_, character0_.character_character_name as characte2_6_0_ from characters character0_ where character0_.character_id=?
Hibernate: select count(*) as col_0_0_ from user user0_ where user0_.user_id=?
Hibernate: select character1_.character_id as characte1_6_, character1_.character_character_name as characte2_6_ from user user0_ inner join characters character1_ on user0_.character_id=character1_.character_id where user0_.user_id=?
Hibernate: select permission0_.character_id as characte6_12_0_, permission0_.permission_id as permissi1_12_0_, permission0_.permission_id as permissi1_12_1_, permission0_.character_id as characte6_12_1_, permission0_.permission_name as permissi2_12_1_, permission0_.permission_permission_unit_id as permissi3_12_1_, permission0_.permission_service as permissi4_12_1_, permission0_.permission_status as permissi5_12_1_ from permission permission0_ where permission0_.character_id=?
Hibernate: select category0_.category_id as col_0_0_ from category category0_ where category0_.category_name=? limit ?
Hibernate: select category0_.category_id as category1_5_1_, category0_.category_name as category2_5_1_, boardlist1_.category_id as category7_4_3_, boardlist1_.board_id as board_id1_4_3_, boardlist1_.board_id as board_id1_4_0_, boardlist1_.category_id as category7_4_0_, boardlist1_.board_content as board_co2_4_0_, boardlist1_.board_created_at as board_cr3_4_0_, boardlist1_.board_last_modified_at as board_la4_4_0_, boardlist1_.board_title as board_ti5_4_0_, boardlist1_.user_id as user_id8_4_0_, boardlist1_.board_views as board_vi6_4_0_ from category category0_ left outer join board boardlist1_ on category0_.category_id=boardlist1_.category_id where category0_.category_id=?
Hibernate: insert into category (category_id, category_name) values (default, ?)
Hibernate: select user0_.user_id as user_id1_21_0_, user0_.character_id as characte7_21_0_, user0_.user_created_at as user_cre2_21_0_, user0_.user_name as user_nam3_21_0_, user0_.user_phone_number as user_pho4_21_0_, user0_.user_user_id as user_use5_21_0_, user0_.user_user_password as user_use6_21_0_ from user user0_ where user0_.user_id=?
Hibernate: select character0_.character_id as characte1_6_0_, character0_.character_character_name as characte2_6_0_ from characters character0_ where character0_.character_id=?
Hibernate: select count(*) as col_0_0_ from user user0_ where user0_.user_id=?
Hibernate: select character1_.character_id as characte1_6_, character1_.character_character_name as characte2_6_ from user user0_ inner join characters character1_ on user0_.character_id=character1_.character_id where user0_.user_id=?
Hibernate: select permission0_.character_id as characte6_12_0_, permission0_.permission_id as permissi1_12_0_, permission0_.permission_id as permissi1_12_1_, permission0_.character_id as characte6_12_1_, permission0_.permission_name as permissi2_12_1_, permission0_.permission_permission_unit_id as permissi3_12_1_, permission0_.permission_service as permissi4_12_1_, permission0_.permission_status as permissi5_12_1_ from permission permission0_ where permission0_.character_id=?
Hibernate: select category0_.category_id as col_0_0_ from category category0_ where category0_.category_name=? limit ?
Hibernate: select category0_.category_id as category1_5_1_, category0_.category_name as category2_5_1_, boardlist1_.category_id as category7_4_3_, boardlist1_.board_id as board_id1_4_3_, boardlist1_.board_id as board_id1_4_0_, boardlist1_.category_id as category7_4_0_, boardlist1_.board_content as board_co2_4_0_, boardlist1_.board_created_at as board_cr3_4_0_, boardlist1_.board_last_modified_at as board_la4_4_0_, boardlist1_.board_title as board_ti5_4_0_, boardlist1_.user_id as user_id8_4_0_, boardlist1_.board_views as board_vi6_4_0_ from category category0_ left outer join board boardlist1_ on category0_.category_id=boardlist1_.category_id where category0_.category_id=?
Hibernate: insert into category (category_id, category_name) values (default, ?)
Hibernate: select user0_.user_id as col_0_0_ from user user0_ where user0_.user_user_id=? limit ?
Hibernate: select user0_.user_id as col_0_0_ from user user0_ where user0_.user_user_id=? limit ?
Hibernate: select U.* from USER U where U.USER_USER_ID =?
Hibernate: select character0_.character_id as characte1_6_0_, character0_.character_character_name as characte2_6_0_ from characters character0_ where character0_.character_id=?
Hibernate: select user0_.user_id as col_0_0_ from user user0_ where user0_.user_user_id=? limit ?
Hibernate: select user0_.user_id as col_0_0_ from user user0_ where user0_.user_user_id=? limit ?
Hibernate: select U.* from USER U where U.USER_USER_ID =?
Hibernate: select character0_.character_id as characte1_6_0_, character0_.character_character_name as characte2_6_0_ from characters character0_ where character0_.character_id=?
Hibernate: select user0_.user_id as user_id1_21_0_, user0_.character_id as characte7_21_0_, user0_.user_created_at as user_cre2_21_0_, user0_.user_name as user_nam3_21_0_, user0_.user_phone_number as user_pho4_21_0_, user0_.user_user_id as user_use5_21_0_, user0_.user_user_password as user_use6_21_0_ from user user0_ where user0_.user_id=?
Hibernate: select character0_.character_id as characte1_6_0_, character0_.character_character_name as characte2_6_0_ from characters character0_ where character0_.character_id=?
Hibernate: select count(*) as col_0_0_ from board board0_
Hibernate: select count(*) as col_0_0_ from board board0_
Hibernate: select user0_.user_id as col_0_0_ from user user0_ where user0_.user_user_id=? limit ?
Hibernate: select user0_.user_id as col_0_0_ from user user0_ where user0_.user_user_id=? limit ?
Hibernate: select U.* from USER U where U.USER_USER_ID =?
Hibernate: select character0_.character_id as characte1_6_0_, character0_.character_character_name as characte2_6_0_ from characters character0_ where character0_.character_id=?
Hibernate: select user0_.user_id as user_id1_21_0_, user0_.character_id as characte7_21_0_, user0_.user_created_at as user_cre2_21_0_, user0_.user_name as user_nam3_21_0_, user0_.user_phone_number as user_pho4_21_0_, user0_.user_user_id as user_use5_21_0_, user0_.user_user_password as user_use6_21_0_ from user user0_ where user0_.user_id=?
Hibernate: select character0_.character_id as characte1_6_0_, character0_.character_character_name as characte2_6_0_ from characters character0_ where character0_.character_id=?
Hibernate: select category0_.category_id as category1_5_, category0_.category_name as category2_5_ from category category0_
Hibernate: select boardlist0_.category_id as category7_4_0_, boardlist0_.board_id as board_id1_4_0_, boardlist0_.board_id as board_id1_4_1_, boardlist0_.category_id as category7_4_1_, boardlist0_.board_content as board_co2_4_1_, boardlist0_.board_created_at as board_cr3_4_1_, boardlist0_.board_last_modified_at as board_la4_4_1_, boardlist0_.board_title as board_ti5_4_1_, boardlist0_.user_id as user_id8_4_1_, boardlist0_.board_views as board_vi6_4_1_ from board boardlist0_ where boardlist0_.category_id=?
Hibernate: select boardlist0_.category_id as category7_4_0_, boardlist0_.board_id as board_id1_4_0_, boardlist0_.board_id as board_id1_4_1_, boardlist0_.category_id as category7_4_1_, boardlist0_.board_content as board_co2_4_1_, boardlist0_.board_created_at as board_cr3_4_1_, boardlist0_.board_last_modified_at as board_la4_4_1_, boardlist0_.board_title as board_ti5_4_1_, boardlist0_.user_id as user_id8_4_1_, boardlist0_.board_views as board_vi6_4_1_ from board boardlist0_ where boardlist0_.category_id=?
Hibernate: select user0_.user_id as user_id1_21_0_, user0_.character_id as characte7_21_0_, user0_.user_created_at as user_cre2_21_0_, user0_.user_name as user_nam3_21_0_, user0_.user_phone_number as user_pho4_21_0_, user0_.user_user_id as user_use5_21_0_, user0_.user_user_password as user_use6_21_0_ from user user0_ where user0_.user_id=?
Hibernate: select character0_.character_id as characte1_6_0_, character0_.character_character_name as characte2_6_0_ from characters character0_ where character0_.character_id=?
Hibernate: select count(*) as col_0_0_ from user user0_ where user0_.user_id=?
Hibernate: select character1_.character_id as characte1_6_, character1_.character_character_name as characte2_6_ from user user0_ inner join characters character1_ on user0_.character_id=character1_.character_id where user0_.user_id=?
Hibernate: select permission0_.character_id as characte6_12_0_, permission0_.permission_id as permissi1_12_0_, permission0_.permission_id as permissi1_12_1_, permission0_.character_id as characte6_12_1_, permission0_.permission_name as permissi2_12_1_, permission0_.permission_permission_unit_id as permissi3_12_1_, permission0_.permission_service as permissi4_12_1_, permission0_.permission_status as permissi5_12_1_ from permission permission0_ where permission0_.character_id=?
Hibernate: select count(*) as col_0_0_ from category category0_ where category0_.category_id=?
Hibernate: select count(board0_.board_id) as col_0_0_ from board board0_ where board0_.category_id=?
Hibernate: select category0_.category_id as category1_5_0_, category0_.category_name as category2_5_0_ from category category0_ where category0_.category_id=?
Hibernate: select boardlist0_.category_id as category7_4_0_, boardlist0_.board_id as board_id1_4_0_, boardlist0_.board_id as board_id1_4_1_, boardlist0_.category_id as category7_4_1_, boardlist0_.board_content as board_co2_4_1_, boardlist0_.board_created_at as board_cr3_4_1_, boardlist0_.board_last_modified_at as board_la4_4_1_, boardlist0_.board_title as board_ti5_4_1_, boardlist0_.user_id as user_id8_4_1_, boardlist0_.board_views as board_vi6_4_1_ from board boardlist0_ where boardlist0_.category_id=?
Hibernate: delete from category where category_id=?
Hibernate: select user0_.user_id as user_id1_21_0_, user0_.character_id as characte7_21_0_, user0_.user_created_at as user_cre2_21_0_, user0_.user_name as user_nam3_21_0_, user0_.user_phone_number as user_pho4_21_0_, user0_.user_user_id as user_use5_21_0_, user0_.user_user_password as user_use6_21_0_ from user user0_ where user0_.user_id=?
Hibernate: select character0_.character_id as characte1_6_0_, character0_.character_character_name as characte2_6_0_ from characters character0_ where character0_.character_id=?
Hibernate: select count(*) as col_0_0_ from user user0_ where user0_.user_id=?
Hibernate: select character1_.character_id as characte1_6_, character1_.character_character_name as characte2_6_ from user user0_ inner join characters character1_ on user0_.character_id=character1_.character_id where user0_.user_id=?
Hibernate: select permission0_.character_id as characte6_12_0_, permission0_.permission_id as permissi1_12_0_, permission0_.permission_id as permissi1_12_1_, permission0_.character_id as characte6_12_1_, permission0_.permission_name as permissi2_12_1_, permission0_.permission_permission_unit_id as permissi3_12_1_, permission0_.permission_service as permissi4_12_1_, permission0_.permission_status as permissi5_12_1_ from permission permission0_ where permission0_.character_id=?
Hibernate: select count(*) as col_0_0_ from category category0_ where category0_.category_id=?
Hibernate: select count(board0_.board_id) as col_0_0_ from board board0_ where board0_.category_id=?
Hibernate: select category0_.category_id as category1_5_0_, category0_.category_name as category2_5_0_ from category category0_ where category0_.category_id=?
Hibernate: select boardlist0_.category_id as category7_4_0_, boardlist0_.board_id as board_id1_4_0_, boardlist0_.board_id as board_id1_4_1_, boardlist0_.category_id as category7_4_1_, boardlist0_.board_content as board_co2_4_1_, boardlist0_.board_created_at as board_cr3_4_1_, boardlist0_.board_last_modified_at as board_la4_4_1_, boardlist0_.board_title as board_ti5_4_1_, boardlist0_.user_id as user_id8_4_1_, boardlist0_.board_views as board_vi6_4_1_ from board boardlist0_ where boardlist0_.category_id=?
Hibernate: delete from category where category_id=?
Hibernate: select user0_.user_id as user_id1_21_0_, user0_.character_id as characte7_21_0_, user0_.user_created_at as user_cre2_21_0_, user0_.user_name as user_nam3_21_0_, user0_.user_phone_number as user_pho4_21_0_, user0_.user_user_id as user_use5_21_0_, user0_.user_user_password as user_use6_21_0_ from user user0_ where user0_.user_id=?
Hibernate: select character0_.character_id as characte1_6_0_, character0_.character_character_name as characte2_6_0_ from characters character0_ where character0_.character_id=?
Hibernate: select count(*) as col_0_0_ from user user0_ where user0_.user_id=?
Hibernate: select character1_.character_id as characte1_6_, character1_.character_character_name as characte2_6_ from user user0_ inner join characters character1_ on user0_.character_id=character1_.character_id where user0_.user_id=?
Hibernate: select permission0_.character_id as characte6_12_0_, permission0_.permission_id as permissi1_12_0_, permission0_.permission_id as permissi1_12_1_, permission0_.character_id as characte6_12_1_, permission0_.permission_name as permissi2_12_1_, permission0_.permission_permission_unit_id as permissi3_12_1_, permission0_.permission_service as permissi4_12_1_, permission0_.permission_status as permissi5_12_1_ from permission permission0_ where permission0_.character_id=?
Hibernate: select category0_.category_id as col_0_0_ from category category0_ where category0_.category_name=? limit ?
Hibernate: select category0_.category_id as category1_5_1_, category0_.category_name as category2_5_1_, boardlist1_.category_id as category7_4_3_, boardlist1_.board_id as board_id1_4_3_, boardlist1_.board_id as board_id1_4_0_, boardlist1_.category_id as category7_4_0_, boardlist1_.board_content as board_co2_4_0_, boardlist1_.board_created_at as board_cr3_4_0_, boardlist1_.board_last_modified_at as board_la4_4_0_, boardlist1_.board_title as board_ti5_4_0_, boardlist1_.user_id as user_id8_4_0_, boardlist1_.board_views as board_vi6_4_0_ from category category0_ left outer join board boardlist1_ on category0_.category_id=boardlist1_.category_id where category0_.category_id=?
Hibernate: insert into category (category_id, category_name) values (default, ?)
Hibernate: select user0_.user_id as user_id1_21_0_, user0_.character_id as characte7_21_0_, user0_.user_created_at as user_cre2_21_0_, user0_.user_name as user_nam3_21_0_, user0_.user_phone_number as user_pho4_21_0_, user0_.user_user_id as user_use5_21_0_, user0_.user_user_password as user_use6_21_0_ from user user0_ where user0_.user_id=?
Hibernate: select character0_.character_id as characte1_6_0_, character0_.character_character_name as characte2_6_0_ from characters character0_ where character0_.character_id=?
Hibernate: select count(*) as col_0_0_ from user user0_ where user0_.user_id=?
Hibernate: select character1_.character_id as characte1_6_, character1_.character_character_name as characte2_6_ from user user0_ inner join characters character1_ on user0_.character_id=character1_.character_id where user0_.user_id=?
Hibernate: select permission0_.character_id as characte6_12_0_, permission0_.permission_id as permissi1_12_0_, permission0_.permission_id as permissi1_12_1_, permission0_.character_id as characte6_12_1_, permission0_.permission_name as permissi2_12_1_, permission0_.permission_permission_unit_id as permissi3_12_1_, permission0_.permission_service as permissi4_12_1_, permission0_.permission_status as permissi5_12_1_ from permission permission0_ where permission0_.character_id=?
Hibernate: select category0_.category_id as col_0_0_ from category category0_ where category0_.category_name=? limit ?
Hibernate: select category0_.category_id as category1_5_1_, category0_.category_name as category2_5_1_, boardlist1_.category_id as category7_4_3_, boardlist1_.board_id as board_id1_4_3_, boardlist1_.board_id as board_id1_4_0_, boardlist1_.category_id as category7_4_0_, boardlist1_.board_content as board_co2_4_0_, boardlist1_.board_created_at as board_cr3_4_0_, boardlist1_.board_last_modified_at as board_la4_4_0_, boardlist1_.board_title as board_ti5_4_0_, boardlist1_.user_id as user_id8_4_0_, boardlist1_.board_views as board_vi6_4_0_ from category category0_ left outer join board boardlist1_ on category0_.category_id=boardlist1_.category_id where category0_.category_id=?
Hibernate: insert into category (category_id, category_name) values (default, ?)
Hibernate: select user0_.user_id as col_0_0_ from user user0_ where user0_.user_user_id=? limit ?
Hibernate: select user0_.user_id as col_0_0_ from user user0_ where user0_.user_user_id=? limit ?
Hibernate: select U.* from USER U where U.USER_USER_ID =?
Hibernate: select character0_.character_id as characte1_6_0_, character0_.character_character_name as characte2_6_0_ from characters character0_ where character0_.character_id=?
Hibernate: select user0_.user_id as col_0_0_ from user user0_ where user0_.user_user_id=? limit ?
Hibernate: select user0_.user_id as col_0_0_ from user user0_ where user0_.user_user_id=? limit ?
Hibernate: select U.* from USER U where U.USER_USER_ID =?
Hibernate: select character0_.character_id as characte1_6_0_, character0_.character_character_name as characte2_6_0_ from characters character0_ where character0_.character_id=?
Hibernate: select user0_.user_id as user_id1_21_0_, user0_.character_id as characte7_21_0_, user0_.user_created_at as user_cre2_21_0_, user0_.user_name as user_nam3_21_0_, user0_.user_phone_number as user_pho4_21_0_, user0_.user_user_id as user_use5_21_0_, user0_.user_user_password as user_use6_21_0_ from user user0_ where user0_.user_id=?
Hibernate: select character0_.character_id as characte1_6_0_, character0_.character_character_name as characte2_6_0_ from characters character0_ where character0_.character_id=?
Hibernate: select count(*) as col_0_0_ from user user0_ where user0_.user_id=?
Hibernate: select character1_.character_id as characte1_6_, character1_.character_character_name as characte2_6_ from user user0_ inner join characters character1_ on user0_.character_id=character1_.character_id where user0_.user_id=?
Hibernate: select permission0_.character_id as characte6_12_0_, permission0_.permission_id as permissi1_12_0_, permission0_.permission_id as permissi1_12_1_, permission0_.character_id as characte6_12_1_, permission0_.permission_name as permissi2_12_1_, permission0_.permission_permission_unit_id as permissi3_12_1_, permission0_.permission_service as permissi4_12_1_, permission0_.permission_status as permissi5_12_1_ from permission permission0_ where permission0_.character_id=?
Hibernate: select category0_.category_id as col_0_0_ from category category0_ where category0_.category_name=? limit ?
Hibernate: select category0_.category_id as category1_5_1_, category0_.category_name as category2_5_1_, boardlist1_.category_id as category7_4_3_, boardlist1_.board_id as board_id1_4_3_, boardlist1_.board_id as board_id1_4_0_, boardlist1_.category_id as category7_4_0_, boardlist1_.board_content as board_co2_4_0_, boardlist1_.board_created_at as board_cr3_4_0_, boardlist1_.board_last_modified_at as board_la4_4_0_, boardlist1_.board_title as board_ti5_4_0_, boardlist1_.user_id as user_id8_4_0_, boardlist1_.board_views as board_vi6_4_0_ from category category0_ left outer join board boardlist1_ on category0_.category_id=boardlist1_.category_id where category0_.category_id=?
Hibernate: insert into category (category_id, category_name) values (default, ?)
Hibernate: select user0_.user_id as user_id1_21_0_, user0_.character_id as characte7_21_0_, user0_.user_created_at as user_cre2_21_0_, user0_.user_name as user_nam3_21_0_, user0_.user_phone_number as user_pho4_21_0_, user0_.user_user_id as user_use5_21_0_, user0_.user_user_password as user_use6_21_0_ from user user0_ where user0_.user_id=?
Hibernate: select character0_.character_id as characte1_6_0_, character0_.character_character_name as characte2_6_0_ from characters character0_ where character0_.character_id=?
Hibernate: select category0_.category_id as category1_5_, category0_.category_name as category2_5_ from category category0_
Hibernate: select boardlist0_.category_id as category7_4_0_, boardlist0_.board_id as board_id1_4_0_, boardlist0_.board_id as board_id1_4_1_, boardlist0_.category_id as category7_4_1_, boardlist0_.board_content as board_co2_4_1_, boardlist0_.board_created_at as board_cr3_4_1_, boardlist0_.board_last_modified_at as board_la4_4_1_, boardlist0_.board_title as board_ti5_4_1_, boardlist0_.user_id as user_id8_4_1_, boardlist0_.board_views as board_vi6_4_1_ from board boardlist0_ where boardlist0_.category_id=?
Hibernate: select boardlist0_.category_id as category7_4_0_, boardlist0_.board_id as board_id1_4_0_, boardlist0_.board_id as board_id1_4_1_, boardlist0_.category_id as category7_4_1_, boardlist0_.board_content as board_co2_4_1_, boardlist0_.board_created_at as board_cr3_4_1_, boardlist0_.board_last_modified_at as board_la4_4_1_, boardlist0_.board_title as board_ti5_4_1_, boardlist0_.user_id as user_id8_4_1_, boardlist0_.board_views as board_vi6_4_1_ from board boardlist0_ where boardlist0_.category_id=?
Hibernate: select boardlist0_.category_id as category7_4_0_, boardlist0_.board_id as board_id1_4_0_, boardlist0_.board_id as board_id1_4_1_, boardlist0_.category_id as category7_4_1_, boardlist0_.board_content as board_co2_4_1_, boardlist0_.board_created_at as board_cr3_4_1_, boardlist0_.board_last_modified_at as board_la4_4_1_, boardlist0_.board_title as board_ti5_4_1_, boardlist0_.user_id as user_id8_4_1_, boardlist0_.board_views as board_vi6_4_1_ from board boardlist0_ where boardlist0_.category_id=?
Hibernate: select user0_.user_id as col_0_0_ from user user0_ where user0_.user_user_id=? limit ?
Hibernate: select user0_.user_id as col_0_0_ from user user0_ where user0_.user_user_id=? limit ?
Hibernate: select U.* from USER U where U.USER_USER_ID =?
Hibernate: select character0_.character_id as characte1_6_0_, character0_.character_character_name as characte2_6_0_ from characters character0_ where character0_.character_id=?
Hibernate: select user0_.user_id as col_0_0_ from user user0_ where user0_.user_user_id=? limit ?
Hibernate: select userjoinin0_.user_joining_pool_id as col_0_0_ from user_joining_pool userjoinin0_ where userjoinin0_.user_user_id=? limit ?
Hibernate: select character0_.character_id as col_0_0_ from characters character0_ where character0_.character_character_name=? limit ?
Hibernate: insert into user_joining_pool (user_joining_pool_id, user_created_at, user_name, user_phone_number, user_user_id, user_user_password) values (default, ?, ?, ?, ?, ?)
Hibernate: select user0_.user_id as user_id1_21_0_, user0_.character_id as characte7_21_0_, user0_.user_created_at as user_cre2_21_0_, user0_.user_name as user_nam3_21_0_, user0_.user_phone_number as user_pho4_21_0_, user0_.user_user_id as user_use5_21_0_, user0_.user_user_password as user_use6_21_0_ from user user0_ where user0_.user_id=?
Hibernate: select character0_.character_id as characte1_6_0_, character0_.character_character_name as characte2_6_0_ from characters character0_ where character0_.character_id=?
Hibernate: select count(*) as col_0_0_ from user user0_ where user0_.user_id=?
Hibernate: select character1_.character_id as characte1_6_, character1_.character_character_name as characte2_6_ from user user0_ inner join characters character1_ on user0_.character_id=character1_.character_id where user0_.user_id=?
Hibernate: select permission0_.character_id as characte6_12_0_, permission0_.permission_id as permissi1_12_0_, permission0_.permission_id as permissi1_12_1_, permission0_.character_id as characte6_12_1_, permission0_.permission_name as permissi2_12_1_, permission0_.permission_permission_unit_id as permissi3_12_1_, permission0_.permission_service as permissi4_12_1_, permission0_.permission_status as permissi5_12_1_ from permission permission0_ where permission0_.character_id=?
Hibernate: select userjoinin0_.user_joining_pool_id as col_0_0_ from user_joining_pool userjoinin0_ where userjoinin0_.user_user_id=? limit ?
Hibernate: select userjoinin0_.user_joining_pool_id as user_joi1_22_, userjoinin0_.user_created_at as user_cre2_22_, userjoinin0_.user_name as user_nam3_22_, userjoinin0_.user_phone_number as user_pho4_22_, userjoinin0_.user_user_id as user_use5_22_, userjoinin0_.user_user_password as user_use6_22_ from user_joining_pool userjoinin0_ where userjoinin0_.user_user_id=?
Hibernate: select character0_.character_id as characte1_6_, character0_.character_character_name as characte2_6_ from characters character0_ where character0_.character_character_name=?
Hibernate: insert into user (user_id, character_id, user_created_at, user_name, user_phone_number, user_user_id, user_user_password) values (default, ?, ?, ?, ?, ?, ?)
Hibernate: DELETE FROM USER_JOINING_POOL as JU where JU.USER_USER_ID =?
Hibernate: select user0_.user_id as col_0_0_ from user user0_ where user0_.user_user_id=? limit ?
Hibernate: select user0_.user_id as col_0_0_ from user user0_ where user0_.user_user_id=? limit ?
Hibernate: select U.* from USER U where U.USER_USER_ID =?
Hibernate: select character0_.character_id as characte1_6_0_, character0_.character_character_name as characte2_6_0_ from characters character0_ where character0_.character_id=?
Hibernate: select user0_.user_id as col_0_0_ from user user0_ where user0_.user_user_id=? limit ?
Hibernate: select user0_.user_id as col_0_0_ from user user0_ where user0_.user_user_id=? limit ?
Hibernate: select U.* from USER U where U.USER_USER_ID =?
Hibernate: select character0_.character_id as characte1_6_0_, character0_.character_character_name as characte2_6_0_ from characters character0_ where character0_.character_id=?
Hibernate: select user0_.user_id as col_0_0_ from user user0_ where user0_.user_user_id=? limit ?
Hibernate: select userjoinin0_.user_joining_pool_id as col_0_0_ from user_joining_pool userjoinin0_ where userjoinin0_.user_user_id=? limit ?
Hibernate: select character0_.character_id as col_0_0_ from characters character0_ where character0_.character_character_name=? limit ?
Hibernate: insert into user_joining_pool (user_joining_pool_id, user_created_at, user_name, user_phone_number, user_user_id, user_user_password) values (default, ?, ?, ?, ?, ?)
Hibernate: select user0_.user_id as user_id1_21_0_, user0_.character_id as characte7_21_0_, user0_.user_created_at as user_cre2_21_0_, user0_.user_name as user_nam3_21_0_, user0_.user_phone_number as user_pho4_21_0_, user0_.user_user_id as user_use5_21_0_, user0_.user_user_password as user_use6_21_0_ from user user0_ where user0_.user_id=?
Hibernate: select character0_.character_id as characte1_6_0_, character0_.character_character_name as characte2_6_0_ from characters character0_ where character0_.character_id=?
Hibernate: select count(*) as col_0_0_ from user user0_ where user0_.user_id=?
Hibernate: select character1_.character_id as characte1_6_, character1_.character_character_name as characte2_6_ from user user0_ inner join characters character1_ on user0_.character_id=character1_.character_id where user0_.user_id=?
Hibernate: select permission0_.character_id as characte6_12_0_, permission0_.permission_id as permissi1_12_0_, permission0_.permission_id as permissi1_12_1_, permission0_.character_id as characte6_12_1_, permission0_.permission_name as permissi2_12_1_, permission0_.permission_permission_unit_id as permissi3_12_1_, permission0_.permission_service as permissi4_12_1_, permission0_.permission_status as permissi5_12_1_ from permission permission0_ where permission0_.character_id=?
Hibernate: select userjoinin0_.user_joining_pool_id as col_0_0_ from user_joining_pool userjoinin0_ where userjoinin0_.user_user_id=? limit ?
Hibernate: select userjoinin0_.user_joining_pool_id as user_joi1_22_, userjoinin0_.user_created_at as user_cre2_22_, userjoinin0_.user_name as user_nam3_22_, userjoinin0_.user_phone_number as user_pho4_22_, userjoinin0_.user_user_id as user_use5_22_, userjoinin0_.user_user_password as user_use6_22_ from user_joining_pool userjoinin0_ where userjoinin0_.user_user_id=?
Hibernate: select character0_.character_id as characte1_6_, character0_.character_character_name as characte2_6_ from characters character0_ where character0_.character_character_name=?
Hibernate: insert into user (user_id, character_id, user_created_at, user_name, user_phone_number, user_user_id, user_user_password) values (default, ?, ?, ?, ?, ?, ?)
Hibernate: DELETE FROM USER_JOINING_POOL as JU where JU.USER_USER_ID =?
Hibernate: select user0_.user_id as col_0_0_ from user user0_ where user0_.user_user_id=? limit ?
Hibernate: select user0_.user_id as col_0_0_ from user user0_ where user0_.user_user_id=? limit ?
Hibernate: select U.* from USER U where U.USER_USER_ID =?
Hibernate: select character0_.character_id as characte1_6_0_, character0_.character_character_name as characte2_6_0_ from characters character0_ where character0_.character_id=?
Hibernate: select user0_.user_id as user_id1_21_0_, user0_.character_id as characte7_21_0_, user0_.user_created_at as user_cre2_21_0_, user0_.user_name as user_nam3_21_0_, user0_.user_phone_number as user_pho4_21_0_, user0_.user_user_id as user_use5_21_0_, user0_.user_user_password as user_use6_21_0_ from user user0_ where user0_.user_id=?
Hibernate: select character0_.character_id as characte1_6_0_, character0_.character_character_name as characte2_6_0_ from characters character0_ where character0_.character_id=?
Hibernate: select count(*) as col_0_0_ from user user0_ where user0_.user_id=?
Hibernate: select character1_.character_id as characte1_6_, character1_.character_character_name as characte2_6_ from user user0_ inner join characters character1_ on user0_.character_id=character1_.character_id where user0_.user_id=?
Hibernate: select permission0_.character_id as characte6_12_0_, permission0_.permission_id as permissi1_12_0_, permission0_.permission_id as permissi1_12_1_, permission0_.character_id as characte6_12_1_, permission0_.permission_name as permissi2_12_1_, permission0_.permission_permission_unit_id as permissi3_12_1_, permission0_.permission_service as permissi4_12_1_, permission0_.permission_status as permissi5_12_1_ from permission permission0_ where permission0_.character_id=?
Hibernate: select count(*) as col_0_0_ from category category0_ where category0_.category_id=?
Hibernate: insert into filename (filename_id, filename_origin, filename_uuid) values (default, ?, ?)
Hibernate: insert into filename (filename_id, filename_origin, filename_uuid) values (default, ?, ?)
Hibernate: select category0_.category_id as category1_5_0_, category0_.category_name as category2_5_0_ from category category0_ where category0_.category_id=?
Hibernate: insert into board (board_id, category_id, board_content, board_created_at, board_last_modified_at, board_title, user_id, board_views) values (default, ?, ?, ?, ?, ?, ?, ?)
Hibernate: insert into reaction (reaction_id, board_id, reaction_type) values (default, ?, ?)
Hibernate: insert into reaction (reaction_id, board_id, reaction_type) values (default, ?, ?)
Hibernate: insert into reaction (reaction_id, board_id, reaction_type) values (default, ?, ?)
Hibernate: insert into reaction (reaction_id, board_id, reaction_type) values (default, ?, ?)
Hibernate: insert into reaction (reaction_id, board_id, reaction_type) values (default, ?, ?)
Hibernate: insert into reaction (reaction_id, board_id, reaction_type) values (default, ?, ?)
Hibernate: insert into file_path_list (board_board_id, board_file_path_list) values (?, ?)
Hibernate: insert into image_path_list (board_board_id, board_image_path_list) values (?, ?)
Hibernate: select user0_.user_id as user_id1_21_0_, user0_.character_id as characte7_21_0_, user0_.user_created_at as user_cre2_21_0_, user0_.user_name as user_nam3_21_0_, user0_.user_phone_number as user_pho4_21_0_, user0_.user_user_id as user_use5_21_0_, user0_.user_user_password as user_use6_21_0_ from user user0_ where user0_.user_id=?
Hibernate: select character0_.character_id as characte1_6_0_, character0_.character_character_name as characte2_6_0_ from characters character0_ where character0_.character_id=?
Hibernate: select count(*) as col_0_0_ from board board0_
Hibernate: select board0_.board_id as board_id1_4_, board0_.category_id as category7_4_, board0_.board_content as board_co2_4_, board0_.board_created_at as board_cr3_4_, board0_.board_last_modified_at as board_la4_4_, board0_.board_title as board_ti5_4_, board0_.user_id as user_id8_4_, board0_.board_views as board_vi6_4_ from board board0_ limit ?
Hibernate: select category0_.category_id as category1_5_0_, category0_.category_name as category2_5_0_ from category category0_ where category0_.category_id=?
Hibernate: select user0_.user_id as user_id1_21_0_, user0_.character_id as characte7_21_0_, user0_.user_created_at as user_cre2_21_0_, user0_.user_name as user_nam3_21_0_, user0_.user_phone_number as user_pho4_21_0_, user0_.user_user_id as user_use5_21_0_, user0_.user_user_password as user_use6_21_0_ from user user0_ where user0_.user_id=?
Hibernate: select character0_.character_id as characte1_6_0_, character0_.character_character_name as characte2_6_0_ from characters character0_ where character0_.character_id=?
Hibernate: select reactionli0_.board_id as board_id3_13_0_, reactionli0_.reaction_id as reaction1_13_0_, reactionli0_.reaction_id as reaction1_13_1_, reactionli0_.board_id as board_id3_13_1_, reactionli0_.reaction_type as reaction2_13_1_ from reaction reactionli0_ where reactionli0_.board_id=?
Hibernate: select reactionus0_.reaction_id as reaction2_14_0_, reactionus0_.reaction_user_id as reaction1_14_0_, reactionus0_.reaction_user_id as reaction1_14_1_, reactionus0_.reaction_id as reaction2_14_1_, reactionus0_.user_id as user_id3_14_1_ from reaction_user reactionus0_ where reactionus0_.reaction_id=?
Hibernate: select reactionus0_.reaction_id as reaction2_14_0_, reactionus0_.reaction_user_id as reaction1_14_0_, reactionus0_.reaction_user_id as reaction1_14_1_, reactionus0_.reaction_id as reaction2_14_1_, reactionus0_.user_id as user_id3_14_1_ from reaction_user reactionus0_ where reactionus0_.reaction_id=?
Hibernate: select reactionus0_.reaction_id as reaction2_14_0_, reactionus0_.reaction_user_id as reaction1_14_0_, reactionus0_.reaction_user_id as reaction1_14_1_, reactionus0_.reaction_id as reaction2_14_1_, reactionus0_.user_id as user_id3_14_1_ from reaction_user reactionus0_ where reactionus0_.reaction_id=?
Hibernate: select reactionus0_.reaction_id as reaction2_14_0_, reactionus0_.reaction_user_id as reaction1_14_0_, reactionus0_.reaction_user_id as reaction1_14_1_, reactionus0_.reaction_id as reaction2_14_1_, reactionus0_.user_id as user_id3_14_1_ from reaction_user reactionus0_ where reactionus0_.reaction_id=?
Hibernate: select reactionus0_.reaction_id as reaction2_14_0_, reactionus0_.reaction_user_id as reaction1_14_0_, reactionus0_.reaction_user_id as reaction1_14_1_, reactionus0_.reaction_id as reaction2_14_1_, reactionus0_.user_id as user_id3_14_1_ from reaction_user reactionus0_ where reactionus0_.reaction_id=?
Hibernate: select reactionus0_.reaction_id as reaction2_14_0_, reactionus0_.reaction_user_id as reaction1_14_0_, reactionus0_.reaction_user_id as reaction1_14_1_, reactionus0_.reaction_id as reaction2_14_1_, reactionus0_.user_id as user_id3_14_1_ from reaction_user reactionus0_ where reactionus0_.reaction_id=?
Hibernate: select commentlis0_.board_id as board_id5_7_0_, commentlis0_.comment_id as comment_1_7_0_, commentlis0_.comment_id as comment_1_7_1_, commentlis0_.board_id as board_id5_7_1_, commentlis0_.comment_content as comment_2_7_1_, commentlis0_.comment_created_at as comment_3_7_1_, commentlis0_.comment_last_modified_at as comment_4_7_1_, commentlis0_.user_id as user_id6_7_1_ from comment commentlis0_ where commentlis0_.board_id=?
Hibernate: select boardlist0_.category_id as category7_4_0_, boardlist0_.board_id as board_id1_4_0_, boardlist0_.board_id as board_id1_4_1_, boardlist0_.category_id as category7_4_1_, boardlist0_.board_content as board_co2_4_1_, boardlist0_.board_created_at as board_cr3_4_1_, boardlist0_.board_last_modified_at as board_la4_4_1_, boardlist0_.board_title as board_ti5_4_1_, boardlist0_.user_id as user_id8_4_1_, boardlist0_.board_views as board_vi6_4_1_ from board boardlist0_ where boardlist0_.category_id=?
Hibernate: select count(comment0_.comment_id) as col_0_0_ from comment comment0_ where comment0_.board_id=?
Hibernate: select count(*) as col_0_0_ from board board0_
Hibernate: select imagepathl0_.board_board_id as board_bo1_11_0_, imagepathl0_.board_image_path_list as board_im2_11_0_ from image_path_list imagepathl0_ where imagepathl0_.board_board_id=?
Hibernate: select filename0_.filename_id as filename1_9_, filename0_.filename_origin as filename2_9_, filename0_.filename_uuid as filename3_9_ from filename filename0_ where filename0_.filename_uuid=?
Hibernate: select filepathli0_.board_board_id as board_bo1_8_0_, filepathli0_.board_file_path_list as board_fi2_8_0_ from file_path_list filepathli0_ where filepathli0_.board_board_id=?
Hibernate: select filename0_.filename_id as filename1_9_, filename0_.filename_origin as filename2_9_, filename0_.filename_uuid as filename3_9_ from filename filename0_ where filename0_.filename_uuid=?
Hibernate: select U.* from USER U join BOARD B where U.USER_ID = B.USER_ID and B.BOARD_ID = ?
Hibernate: select character0_.character_id as characte1_6_0_, character0_.character_character_name as characte2_6_0_ from characters character0_ where character0_.character_id=?
Hibernate: select count(*) as col_0_0_ from user user0_ where user0_.user_id=?
Hibernate: select character1_.character_id as characte1_6_, character1_.character_character_name as characte2_6_ from user user0_ inner join characters character1_ on user0_.character_id=character1_.character_id where user0_.user_id=?
Hibernate: select permission0_.character_id as characte6_12_0_, permission0_.permission_id as permissi1_12_0_, permission0_.permission_id as permissi1_12_1_, permission0_.character_id as characte6_12_1_, permission0_.permission_name as permissi2_12_1_, permission0_.permission_permission_unit_id as permissi3_12_1_, permission0_.permission_service as permissi4_12_1_, permission0_.permission_status as permissi5_12_1_ from permission permission0_ where permission0_.character_id=?
Hibernate: select user0_.user_id as col_0_0_ from user user0_ where user0_.user_user_id=? limit ?
Hibernate: select user0_.user_id as col_0_0_ from user user0_ where user0_.user_user_id=? limit ?
Hibernate: select U.* from USER U where U.USER_USER_ID =?
Hibernate: select character0_.character_id as characte1_6_0_, character0_.character_character_name as characte2_6_0_ from characters character0_ where character0_.character_id=?
Hibernate: select user0_.user_id as user_id1_21_0_, user0_.character_id as characte7_21_0_, user0_.user_created_at as user_cre2_21_0_, user0_.user_name as user_nam3_21_0_, user0_.user_phone_number as user_pho4_21_0_, user0_.user_user_id as user_use5_21_0_, user0_.user_user_password as user_use6_21_0_ from user user0_ where user0_.user_id=?
Hibernate: select character0_.character_id as characte1_6_0_, character0_.character_character_name as characte2_6_0_ from characters character0_ where character0_.character_id=?
Hibernate: select count(*) as col_0_0_ from board board0_
Hibernate: select board0_.board_id as board_id1_4_, board0_.category_id as category7_4_, board0_.board_content as board_co2_4_, board0_.board_created_at as board_cr3_4_, board0_.board_last_modified_at as board_la4_4_, board0_.board_title as board_ti5_4_, board0_.user_id as user_id8_4_, board0_.board_views as board_vi6_4_ from board board0_ limit ?
Hibernate: select category0_.category_id as category1_5_0_, category0_.category_name as category2_5_0_ from category category0_ where category0_.category_id=?
Hibernate: select reactionli0_.board_id as board_id3_13_0_, reactionli0_.reaction_id as reaction1_13_0_, reactionli0_.reaction_id as reaction1_13_1_, reactionli0_.board_id as board_id3_13_1_, reactionli0_.reaction_type as reaction2_13_1_ from reaction reactionli0_ where reactionli0_.board_id=?
Hibernate: select reactionus0_.reaction_id as reaction2_14_0_, reactionus0_.reaction_user_id as reaction1_14_0_, reactionus0_.reaction_user_id as reaction1_14_1_, reactionus0_.reaction_id as reaction2_14_1_, reactionus0_.user_id as user_id3_14_1_ from reaction_user reactionus0_ where reactionus0_.reaction_id=?
Hibernate: select reactionus0_.reaction_id as reaction2_14_0_, reactionus0_.reaction_user_id as reaction1_14_0_, reactionus0_.reaction_user_id as reaction1_14_1_, reactionus0_.reaction_id as reaction2_14_1_, reactionus0_.user_id as user_id3_14_1_ from reaction_user reactionus0_ where reactionus0_.reaction_id=?
Hibernate: select reactionus0_.reaction_id as reaction2_14_0_, reactionus0_.reaction_user_id as reaction1_14_0_, reactionus0_.reaction_user_id as reaction1_14_1_, reactionus0_.reaction_id as reaction2_14_1_, reactionus0_.user_id as user_id3_14_1_ from reaction_user reactionus0_ where reactionus0_.reaction_id=?
Hibernate: select reactionus0_.reaction_id as reaction2_14_0_, reactionus0_.reaction_user_id as reaction1_14_0_, reactionus0_.reaction_user_id as reaction1_14_1_, reactionus0_.reaction_id as reaction2_14_1_, reactionus0_.user_id as user_id3_14_1_ from reaction_user reactionus0_ where reactionus0_.reaction_id=?
Hibernate: select reactionus0_.reaction_id as reaction2_14_0_, reactionus0_.reaction_user_id as reaction1_14_0_, reactionus0_.reaction_user_id as reaction1_14_1_, reactionus0_.reaction_id as reaction2_14_1_, reactionus0_.user_id as user_id3_14_1_ from reaction_user reactionus0_ where reactionus0_.reaction_id=?
Hibernate: select reactionus0_.reaction_id as reaction2_14_0_, reactionus0_.reaction_user_id as reaction1_14_0_, reactionus0_.reaction_user_id as reaction1_14_1_, reactionus0_.reaction_id as reaction2_14_1_, reactionus0_.user_id as user_id3_14_1_ from reaction_user reactionus0_ where reactionus0_.reaction_id=?
Hibernate: select commentlis0_.board_id as board_id5_7_0_, commentlis0_.comment_id as comment_1_7_0_, commentlis0_.comment_id as comment_1_7_1_, commentlis0_.board_id as board_id5_7_1_, commentlis0_.comment_content as comment_2_7_1_, commentlis0_.comment_created_at as comment_3_7_1_, commentlis0_.comment_last_modified_at as comment_4_7_1_, commentlis0_.user_id as user_id6_7_1_ from comment commentlis0_ where commentlis0_.board_id=?
Hibernate: select boardlist0_.category_id as category7_4_0_, boardlist0_.board_id as board_id1_4_0_, boardlist0_.board_id as board_id1_4_1_, boardlist0_.category_id as category7_4_1_, boardlist0_.board_content as board_co2_4_1_, boardlist0_.board_created_at as board_cr3_4_1_, boardlist0_.board_last_modified_at as board_la4_4_1_, boardlist0_.board_title as board_ti5_4_1_, boardlist0_.user_id as user_id8_4_1_, boardlist0_.board_views as board_vi6_4_1_ from board boardlist0_ where boardlist0_.category_id=?
Hibernate: select count(comment0_.comment_id) as col_0_0_ from comment comment0_ where comment0_.board_id=?
Hibernate: select count(*) as col_0_0_ from board board0_
Hibernate: select imagepathl0_.board_board_id as board_bo1_11_0_, imagepathl0_.board_image_path_list as board_im2_11_0_ from image_path_list imagepathl0_ where imagepathl0_.board_board_id=?
Hibernate: select filename0_.filename_id as filename1_9_, filename0_.filename_origin as filename2_9_, filename0_.filename_uuid as filename3_9_ from filename filename0_ where filename0_.filename_uuid=?
Hibernate: select filepathli0_.board_board_id as board_bo1_8_0_, filepathli0_.board_file_path_list as board_fi2_8_0_ from file_path_list filepathli0_ where filepathli0_.board_board_id=?
Hibernate: select filename0_.filename_id as filename1_9_, filename0_.filename_origin as filename2_9_, filename0_.filename_uuid as filename3_9_ from filename filename0_ where filename0_.filename_uuid=?
Hibernate: select U.* from USER U join BOARD B where U.USER_ID = B.USER_ID and B.BOARD_ID = ?
Hibernate: select character0_.character_id as characte1_6_0_, character0_.character_character_name as characte2_6_0_ from characters character0_ where character0_.character_id=?
Hibernate: select count(*) as col_0_0_ from user user0_ where user0_.user_id=?
Hibernate: select character1_.character_id as characte1_6_, character1_.character_character_name as characte2_6_ from user user0_ inner join characters character1_ on user0_.character_id=character1_.character_id where user0_.user_id=?
Hibernate: select permission0_.character_id as characte6_12_0_, permission0_.permission_id as permissi1_12_0_, permission0_.permission_id as permissi1_12_1_, permission0_.character_id as characte6_12_1_, permission0_.permission_name as permissi2_12_1_, permission0_.permission_permission_unit_id as permissi3_12_1_, permission0_.permission_service as permissi4_12_1_, permission0_.permission_status as permissi5_12_1_ from permission permission0_ where permission0_.character_id=?
Hibernate: select count(*) as col_0_0_ from board board0_ where board0_.board_id=?
Hibernate: select board0_.board_id as board_id1_4_0_, board0_.category_id as category7_4_0_, board0_.board_content as board_co2_4_0_, board0_.board_created_at as board_cr3_4_0_, board0_.board_last_modified_at as board_la4_4_0_, board0_.board_title as board_ti5_4_0_, board0_.user_id as user_id8_4_0_, board0_.board_views as board_vi6_4_0_ from board board0_ where board0_.board_id=?
Hibernate: select category0_.category_id as category1_5_0_, category0_.category_name as category2_5_0_ from category category0_ where category0_.category_id=?
Hibernate: select reactionli0_.board_id as board_id3_13_0_, reactionli0_.reaction_id as reaction1_13_0_, reactionli0_.reaction_id as reaction1_13_1_, reactionli0_.board_id as board_id3_13_1_, reactionli0_.reaction_type as reaction2_13_1_ from reaction reactionli0_ where reactionli0_.board_id=?
Hibernate: select reactionus0_.reaction_id as reaction2_14_0_, reactionus0_.reaction_user_id as reaction1_14_0_, reactionus0_.reaction_user_id as reaction1_14_1_, reactionus0_.reaction_id as reaction2_14_1_, reactionus0_.user_id as user_id3_14_1_ from reaction_user reactionus0_ where reactionus0_.reaction_id=?
Hibernate: select reactionus0_.reaction_id as reaction2_14_0_, reactionus0_.reaction_user_id as reaction1_14_0_, reactionus0_.reaction_user_id as reaction1_14_1_, reactionus0_.reaction_id as reaction2_14_1_, reactionus0_.user_id as user_id3_14_1_ from reaction_user reactionus0_ where reactionus0_.reaction_id=?
Hibernate: select reactionus0_.reaction_id as reaction2_14_0_, reactionus0_.reaction_user_id as reaction1_14_0_, reactionus0_.reaction_user_id as reaction1_14_1_, reactionus0_.reaction_id as reaction2_14_1_, reactionus0_.user_id as user_id3_14_1_ from reaction_user reactionus0_ where reactionus0_.reaction_id=?
Hibernate: select reactionus0_.reaction_id as reaction2_14_0_, reactionus0_.reaction_user_id as reaction1_14_0_, reactionus0_.reaction_user_id as reaction1_14_1_, reactionus0_.reaction_id as reaction2_14_1_, reactionus0_.user_id as user_id3_14_1_ from reaction_user reactionus0_ where reactionus0_.reaction_id=?
Hibernate: select reactionus0_.reaction_id as reaction2_14_0_, reactionus0_.reaction_user_id as reaction1_14_0_, reactionus0_.reaction_user_id as reaction1_14_1_, reactionus0_.reaction_id as reaction2_14_1_, reactionus0_.user_id as user_id3_14_1_ from reaction_user reactionus0_ where reactionus0_.reaction_id=?
Hibernate: select reactionus0_.reaction_id as reaction2_14_0_, reactionus0_.reaction_user_id as reaction1_14_0_, reactionus0_.reaction_user_id as reaction1_14_1_, reactionus0_.reaction_id as reaction2_14_1_, reactionus0_.user_id as user_id3_14_1_ from reaction_user reactionus0_ where reactionus0_.reaction_id=?
Hibernate: select commentlis0_.board_id as board_id5_7_0_, commentlis0_.comment_id as comment_1_7_0_, commentlis0_.comment_id as comment_1_7_1_, commentlis0_.board_id as board_id5_7_1_, commentlis0_.comment_content as comment_2_7_1_, commentlis0_.comment_created_at as comment_3_7_1_, commentlis0_.comment_last_modified_at as comment_4_7_1_, commentlis0_.user_id as user_id6_7_1_ from comment commentlis0_ where commentlis0_.board_id=?
Hibernate: select boardlist0_.category_id as category7_4_0_, boardlist0_.board_id as board_id1_4_0_, boardlist0_.board_id as board_id1_4_1_, boardlist0_.category_id as category7_4_1_, boardlist0_.board_content as board_co2_4_1_, boardlist0_.board_created_at as board_cr3_4_1_, boardlist0_.board_last_modified_at as board_la4_4_1_, boardlist0_.board_title as board_ti5_4_1_, boardlist0_.user_id as user_id8_4_1_, boardlist0_.board_views as board_vi6_4_1_ from board boardlist0_ where boardlist0_.category_id=?
Hibernate: select count(comment0_.comment_id) as col_0_0_ from comment comment0_ where comment0_.board_id=?
Hibernate: update board set category_id=?, board_content=?, board_created_at=?, board_last_modified_at=?, board_title=?, user_id=?, board_views=? where board_id=?
Hibernate: select filepathli0_.board_board_id as board_bo1_8_0_, filepathli0_.board_file_path_list as board_fi2_8_0_ from file_path_list filepathli0_ where filepathli0_.board_board_id=?
Hibernate: select filename0_.filename_id as filename1_9_, filename0_.filename_origin as filename2_9_, filename0_.filename_uuid as filename3_9_ from filename filename0_ where filename0_.filename_uuid=?
Hibernate: delete from filename where filename_id=?
Hibernate: select imagepathl0_.board_board_id as board_bo1_11_0_, imagepathl0_.board_image_path_list as board_im2_11_0_ from image_path_list imagepathl0_ where imagepathl0_.board_board_id=?
Hibernate: select filename0_.filename_id as filename1_9_, filename0_.filename_origin as filename2_9_, filename0_.filename_uuid as filename3_9_ from filename filename0_ where filename0_.filename_uuid=?
Hibernate: delete from filename where filename_id=?
Hibernate: select count(*) as col_0_0_ from board board0_ where board0_.board_id=?
Hibernate: delete from file_path_list where board_board_id=?
Hibernate: delete from image_path_list where board_board_id=?
Hibernate: delete from reaction where reaction_id=?
Hibernate: delete from reaction where reaction_id=?
Hibernate: delete from reaction where reaction_id=?
Hibernate: delete from reaction where reaction_id=?
Hibernate: delete from reaction where reaction_id=?
Hibernate: delete from reaction where reaction_id=?
Hibernate: delete from board where board_id=?
Hibernate: select user0_.user_id as user_id1_21_0_, user0_.character_id as characte7_21_0_, user0_.user_created_at as user_cre2_21_0_, user0_.user_name as user_nam3_21_0_, user0_.user_phone_number as user_pho4_21_0_, user0_.user_user_id as user_use5_21_0_, user0_.user_user_password as user_use6_21_0_ from user user0_ where user0_.user_id=?
Hibernate: select character0_.character_id as characte1_6_0_, character0_.character_character_name as characte2_6_0_ from characters character0_ where character0_.character_id=?
Hibernate: select count(*) as col_0_0_ from user user0_ where user0_.user_id=?
Hibernate: select character1_.character_id as characte1_6_, character1_.character_character_name as characte2_6_ from user user0_ inner join characters character1_ on user0_.character_id=character1_.character_id where user0_.user_id=?
Hibernate: select permission0_.character_id as characte6_12_0_, permission0_.permission_id as permissi1_12_0_, permission0_.permission_id as permissi1_12_1_, permission0_.character_id as characte6_12_1_, permission0_.permission_name as permissi2_12_1_, permission0_.permission_permission_unit_id as permissi3_12_1_, permission0_.permission_service as permissi4_12_1_, permission0_.permission_status as permissi5_12_1_ from permission permission0_ where permission0_.character_id=?
Hibernate: select count(*) as col_0_0_ from board board0_ where board0_.board_id=?
Hibernate: select user0_.user_id as col_0_0_ from user user0_ where user0_.user_user_id=? limit ?
Hibernate: select user0_.user_id as col_0_0_ from user user0_ where user0_.user_user_id=? limit ?
Hibernate: select U.* from USER U where U.USER_USER_ID =?
Hibernate: select character0_.character_id as characte1_6_0_, character0_.character_character_name as characte2_6_0_ from characters character0_ where character0_.character_id=?
Hibernate: select user0_.user_id as user_id1_21_0_, user0_.character_id as characte7_21_0_, user0_.user_created_at as user_cre2_21_0_, user0_.user_name as user_nam3_21_0_, user0_.user_phone_number as user_pho4_21_0_, user0_.user_user_id as user_use5_21_0_, user0_.user_user_password as user_use6_21_0_ from user user0_ where user0_.user_id=?
Hibernate: select character0_.character_id as characte1_6_0_, character0_.character_character_name as characte2_6_0_ from characters character0_ where character0_.character_id=?
Hibernate: select category0_.category_id as category1_5_, category0_.category_name as category2_5_ from category category0_
Hibernate: select boardlist0_.category_id as category7_4_0_, boardlist0_.board_id as board_id1_4_0_, boardlist0_.board_id as board_id1_4_1_, boardlist0_.category_id as category7_4_1_, boardlist0_.board_content as board_co2_4_1_, boardlist0_.board_created_at as board_cr3_4_1_, boardlist0_.board_last_modified_at as board_la4_4_1_, boardlist0_.board_title as board_ti5_4_1_, boardlist0_.user_id as user_id8_4_1_, boardlist0_.board_views as board_vi6_4_1_ from board boardlist0_ where boardlist0_.category_id=?
Hibernate: select boardlist0_.category_id as category7_4_0_, boardlist0_.board_id as board_id1_4_0_, boardlist0_.board_id as board_id1_4_1_, boardlist0_.category_id as category7_4_1_, boardlist0_.board_content as board_co2_4_1_, boardlist0_.board_created_at as board_cr3_4_1_, boardlist0_.board_last_modified_at as board_la4_4_1_, boardlist0_.board_title as board_ti5_4_1_, boardlist0_.user_id as user_id8_4_1_, boardlist0_.board_views as board_vi6_4_1_ from board boardlist0_ where boardlist0_.category_id=?
Hibernate: select boardlist0_.category_id as category7_4_0_, boardlist0_.board_id as board_id1_4_0_, boardlist0_.board_id as board_id1_4_1_, boardlist0_.category_id as category7_4_1_, boardlist0_.board_content as board_co2_4_1_, boardlist0_.board_created_at as board_cr3_4_1_, boardlist0_.board_last_modified_at as board_la4_4_1_, boardlist0_.board_title as board_ti5_4_1_, boardlist0_.user_id as user_id8_4_1_, boardlist0_.board_views as board_vi6_4_1_ from board boardlist0_ where boardlist0_.category_id=?
Hibernate: select user0_.user_id as user_id1_21_0_, user0_.character_id as characte7_21_0_, user0_.user_created_at as user_cre2_21_0_, user0_.user_name as user_nam3_21_0_, user0_.user_phone_number as user_pho4_21_0_, user0_.user_user_id as user_use5_21_0_, user0_.user_user_password as user_use6_21_0_ from user user0_ where user0_.user_id=?
Hibernate: select character0_.character_id as characte1_6_0_, character0_.character_character_name as characte2_6_0_ from characters character0_ where character0_.character_id=?
Hibernate: select count(*) as col_0_0_ from user user0_ where user0_.user_id=?
Hibernate: select character1_.character_id as characte1_6_, character1_.character_character_name as characte2_6_ from user user0_ inner join characters character1_ on user0_.character_id=character1_.character_id where user0_.user_id=?
Hibernate: select permission0_.character_id as characte6_12_0_, permission0_.permission_id as permissi1_12_0_, permission0_.permission_id as permissi1_12_1_, permission0_.character_id as characte6_12_1_, permission0_.permission_name as permissi2_12_1_, permission0_.permission_permission_unit_id as permissi3_12_1_, permission0_.permission_service as permissi4_12_1_, permission0_.permission_status as permissi5_12_1_ from permission permission0_ where permission0_.character_id=?
Hibernate: select count(*) as col_0_0_ from category category0_ where category0_.category_id=?
Hibernate: select count(board0_.board_id) as col_0_0_ from board board0_ where board0_.category_id=?
Hibernate: select category0_.category_id as category1_5_0_, category0_.category_name as category2_5_0_ from category category0_ where category0_.category_id=?
Hibernate: select boardlist0_.category_id as category7_4_0_, boardlist0_.board_id as board_id1_4_0_, boardlist0_.board_id as board_id1_4_1_, boardlist0_.category_id as category7_4_1_, boardlist0_.board_content as board_co2_4_1_, boardlist0_.board_created_at as board_cr3_4_1_, boardlist0_.board_last_modified_at as board_la4_4_1_, boardlist0_.board_title as board_ti5_4_1_, boardlist0_.user_id as user_id8_4_1_, boardlist0_.board_views as board_vi6_4_1_ from board boardlist0_ where boardlist0_.category_id=?
Hibernate: delete from category where category_id=?
Hibernate: select user0_.user_id as user_id1_21_0_, user0_.character_id as characte7_21_0_, user0_.user_created_at as user_cre2_21_0_, user0_.user_name as user_nam3_21_0_, user0_.user_phone_number as user_pho4_21_0_, user0_.user_user_id as user_use5_21_0_, user0_.user_user_password as user_use6_21_0_ from user user0_ where user0_.user_id=?
Hibernate: select character0_.character_id as characte1_6_0_, character0_.character_character_name as characte2_6_0_ from characters character0_ where character0_.character_id=?
Hibernate: select count(*) as col_0_0_ from user user0_ where user0_.user_id=?
Hibernate: select character1_.character_id as characte1_6_, character1_.character_character_name as characte2_6_ from user user0_ inner join characters character1_ on user0_.character_id=character1_.character_id where user0_.user_id=?
Hibernate: select permission0_.character_id as characte6_12_0_, permission0_.permission_id as permissi1_12_0_, permission0_.permission_id as permissi1_12_1_, permission0_.character_id as characte6_12_1_, permission0_.permission_name as permissi2_12_1_, permission0_.permission_permission_unit_id as permissi3_12_1_, permission0_.permission_service as permissi4_12_1_, permission0_.permission_status as permissi5_12_1_ from permission permission0_ where permission0_.character_id=?
Hibernate: select count(*) as col_0_0_ from category category0_ where category0_.category_id=?
Hibernate: select count(board0_.board_id) as col_0_0_ from board board0_ where board0_.category_id=?
Hibernate: select category0_.category_id as category1_5_0_, category0_.category_name as category2_5_0_ from category category0_ where category0_.category_id=?
Hibernate: select boardlist0_.category_id as category7_4_0_, boardlist0_.board_id as board_id1_4_0_, boardlist0_.board_id as board_id1_4_1_, boardlist0_.category_id as category7_4_1_, boardlist0_.board_content as board_co2_4_1_, boardlist0_.board_created_at as board_cr3_4_1_, boardlist0_.board_last_modified_at as board_la4_4_1_, boardlist0_.board_title as board_ti5_4_1_, boardlist0_.user_id as user_id8_4_1_, boardlist0_.board_views as board_vi6_4_1_ from board boardlist0_ where boardlist0_.category_id=?
Hibernate: delete from category where category_id=?
Hibernate: select user0_.user_id as user_id1_21_0_, user0_.character_id as characte7_21_0_, user0_.user_created_at as user_cre2_21_0_, user0_.user_name as user_nam3_21_0_, user0_.user_phone_number as user_pho4_21_0_, user0_.user_user_id as user_use5_21_0_, user0_.user_user_password as user_use6_21_0_ from user user0_ where user0_.user_id=?
Hibernate: select character0_.character_id as characte1_6_0_, character0_.character_character_name as characte2_6_0_ from characters character0_ where character0_.character_id=?
Hibernate: select count(*) as col_0_0_ from user user0_ where user0_.user_id=?
Hibernate: select character1_.character_id as characte1_6_, character1_.character_character_name as characte2_6_ from user user0_ inner join characters character1_ on user0_.character_id=character1_.character_id where user0_.user_id=?
Hibernate: select permission0_.character_id as characte6_12_0_, permission0_.permission_id as permissi1_12_0_, permission0_.permission_id as permissi1_12_1_, permission0_.character_id as characte6_12_1_, permission0_.permission_name as permissi2_12_1_, permission0_.permission_permission_unit_id as permissi3_12_1_, permission0_.permission_service as permissi4_12_1_, permission0_.permission_status as permissi5_12_1_ from permission permission0_ where permission0_.character_id=?
Hibernate: select count(*) as col_0_0_ from category category0_ where category0_.category_id=?
Hibernate: select count(board0_.board_id) as col_0_0_ from board board0_ where board0_.category_id=?
Hibernate: select category0_.category_id as category1_5_0_, category0_.category_name as category2_5_0_ from category category0_ where category0_.category_id=?
Hibernate: select boardlist0_.category_id as category7_4_0_, boardlist0_.board_id as board_id1_4_0_, boardlist0_.board_id as board_id1_4_1_, boardlist0_.category_id as category7_4_1_, boardlist0_.board_content as board_co2_4_1_, boardlist0_.board_created_at as board_cr3_4_1_, boardlist0_.board_last_modified_at as board_la4_4_1_, boardlist0_.board_title as board_ti5_4_1_, boardlist0_.user_id as user_id8_4_1_, boardlist0_.board_views as board_vi6_4_1_ from board boardlist0_ where boardlist0_.category_id=?
Hibernate: delete from category where category_id=?
Hibernate: select user0_.user_id as user_id1_21_0_, user0_.character_id as characte7_21_0_, user0_.user_created_at as user_cre2_21_0_, user0_.user_name as user_nam3_21_0_, user0_.user_phone_number as user_pho4_21_0_, user0_.user_user_id as user_use5_21_0_, user0_.user_user_password as user_use6_21_0_ from user user0_ where user0_.user_id=?
Hibernate: select character0_.character_id as characte1_6_0_, character0_.character_character_name as characte2_6_0_ from characters character0_ where character0_.character_id=?
Hibernate: select count(*) as col_0_0_ from user user0_ where user0_.user_id=?
Hibernate: select character1_.character_id as characte1_6_, character1_.character_character_name as characte2_6_ from user user0_ inner join characters character1_ on user0_.character_id=character1_.character_id where user0_.user_id=?
Hibernate: select permission0_.character_id as characte6_12_0_, permission0_.permission_id as permissi1_12_0_, permission0_.permission_id as permissi1_12_1_, permission0_.character_id as characte6_12_1_, permission0_.permission_name as permissi2_12_1_, permission0_.permission_permission_unit_id as permissi3_12_1_, permission0_.permission_service as permissi4_12_1_, permission0_.permission_status as permissi5_12_1_ from permission permission0_ where permission0_.character_id=?
Hibernate: select category0_.category_id as col_0_0_ from category category0_ where category0_.category_name=? limit ?
Hibernate: select category0_.category_id as category1_5_1_, category0_.category_name as category2_5_1_, boardlist1_.category_id as category7_4_3_, boardlist1_.board_id as board_id1_4_3_, boardlist1_.board_id as board_id1_4_0_, boardlist1_.category_id as category7_4_0_, boardlist1_.board_content as board_co2_4_0_, boardlist1_.board_created_at as board_cr3_4_0_, boardlist1_.board_last_modified_at as board_la4_4_0_, boardlist1_.board_title as board_ti5_4_0_, boardlist1_.user_id as user_id8_4_0_, boardlist1_.board_views as board_vi6_4_0_ from category category0_ left outer join board boardlist1_ on category0_.category_id=boardlist1_.category_id where category0_.category_id=?
Hibernate: insert into category (category_id, category_name) values (default, ?)
Hibernate: select user0_.user_id as user_id1_21_0_, user0_.character_id as characte7_21_0_, user0_.user_created_at as user_cre2_21_0_, user0_.user_name as user_nam3_21_0_, user0_.user_phone_number as user_pho4_21_0_, user0_.user_user_id as user_use5_21_0_, user0_.user_user_password as user_use6_21_0_ from user user0_ where user0_.user_id=?
Hibernate: select character0_.character_id as characte1_6_0_, character0_.character_character_name as characte2_6_0_ from characters character0_ where character0_.character_id=?
Hibernate: select count(*) as col_0_0_ from user user0_ where user0_.user_id=?
Hibernate: select character1_.character_id as characte1_6_, character1_.character_character_name as characte2_6_ from user user0_ inner join characters character1_ on user0_.character_id=character1_.character_id where user0_.user_id=?
Hibernate: select permission0_.character_id as characte6_12_0_, permission0_.permission_id as permissi1_12_0_, permission0_.permission_id as permissi1_12_1_, permission0_.character_id as characte6_12_1_, permission0_.permission_name as permissi2_12_1_, permission0_.permission_permission_unit_id as permissi3_12_1_, permission0_.permission_service as permissi4_12_1_, permission0_.permission_status as permissi5_12_1_ from permission permission0_ where permission0_.character_id=?
Hibernate: select category0_.category_id as col_0_0_ from category category0_ where category0_.category_name=? limit ?
Hibernate: select category0_.category_id as category1_5_1_, category0_.category_name as category2_5_1_, boardlist1_.category_id as category7_4_3_, boardlist1_.board_id as board_id1_4_3_, boardlist1_.board_id as board_id1_4_0_, boardlist1_.category_id as category7_4_0_, boardlist1_.board_content as board_co2_4_0_, boardlist1_.board_created_at as board_cr3_4_0_, boardlist1_.board_last_modified_at as board_la4_4_0_, boardlist1_.board_title as board_ti5_4_0_, boardlist1_.user_id as user_id8_4_0_, boardlist1_.board_views as board_vi6_4_0_ from category category0_ left outer join board boardlist1_ on category0_.category_id=boardlist1_.category_id where category0_.category_id=?
Hibernate: insert into category (category_id, category_name) values (default, ?)
Hibernate: select user0_.user_id as col_0_0_ from user user0_ where user0_.user_user_id=? limit ?
Hibernate: select user0_.user_id as col_0_0_ from user user0_ where user0_.user_user_id=? limit ?
Hibernate: select U.* from USER U where U.USER_USER_ID =?
Hibernate: select character0_.character_id as characte1_6_0_, character0_.character_character_name as characte2_6_0_ from characters character0_ where character0_.character_id=?
Hibernate: select user0_.user_id as col_0_0_ from user user0_ where user0_.user_user_id=? limit ?
Hibernate: select user0_.user_id as user_id1_21_, user0_.character_id as characte7_21_, user0_.user_created_at as user_cre2_21_, user0_.user_name as user_nam3_21_, user0_.user_phone_number as user_pho4_21_, user0_.user_user_id as user_use5_21_, user0_.user_user_password as user_use6_21_ from user user0_ inner join characters character1_ on user0_.character_id=character1_.character_id where user0_.user_user_id=?
Hibernate: select character0_.character_id as characte1_6_0_, character0_.character_character_name as characte2_6_0_ from characters character0_ where character0_.character_id=?
Hibernate: select rewardtagw0_.user_id as user_id4_16_0_, rewardtagw0_.reward_tag_wrapper_reward_id as reward_t1_16_0_, rewardtagw0_.reward_tag_wrapper_reward_id as reward_t1_16_1_, rewardtagw0_.reward_tag_wrapper_reward_presented_at as reward_t2_16_1_, rewardtagw0_.reward_tag_reward_tag_id as reward_t3_16_1_, rewardtagw0_.user_id as user_id4_16_1_ from reward_tag_wrapper rewardtagw0_ where rewardtagw0_.user_id=?
Hibernate: select user0_.user_id as user_id1_21_0_, user0_.character_id as characte7_21_0_, user0_.user_created_at as user_cre2_21_0_, user0_.user_name as user_nam3_21_0_, user0_.user_phone_number as user_pho4_21_0_, user0_.user_user_id as user_use5_21_0_, user0_.user_user_password as user_use6_21_0_ from user user0_ where user0_.user_id=?
Hibernate: select character0_.character_id as characte1_6_0_, character0_.character_character_name as characte2_6_0_ from characters character0_ where character0_.character_id=?
Hibernate: select count(*) as col_0_0_ from user user0_ where user0_.user_id=?
Hibernate: select character1_.character_id as characte1_6_, character1_.character_character_name as characte2_6_ from user user0_ inner join characters character1_ on user0_.character_id=character1_.character_id where user0_.user_id=?
Hibernate: select permission0_.character_id as characte6_12_0_, permission0_.permission_id as permissi1_12_0_, permission0_.permission_id as permissi1_12_1_, permission0_.character_id as characte6_12_1_, permission0_.permission_name as permissi2_12_1_, permission0_.permission_permission_unit_id as permissi3_12_1_, permission0_.permission_service as permissi4_12_1_, permission0_.permission_status as permissi5_12_1_ from permission permission0_ where permission0_.character_id=?
Hibernate: select count(*) as col_0_0_ from user user0_ where user0_.user_id=?
Hibernate: select user0_.user_id as user_id1_21_, user0_.character_id as characte7_21_, user0_.user_created_at as user_cre2_21_, user0_.user_name as user_nam3_21_, user0_.user_phone_number as user_pho4_21_, user0_.user_user_id as user_use5_21_, user0_.user_user_password as user_use6_21_ from user user0_ where user0_.user_id=?
Hibernate: select character0_.character_id as characte1_6_0_, character0_.character_character_name as characte2_6_0_ from characters character0_ where character0_.character_id=?
Hibernate: select rewardtagw0_.user_id as user_id4_16_0_, rewardtagw0_.reward_tag_wrapper_reward_id as reward_t1_16_0_, rewardtagw0_.reward_tag_wrapper_reward_id as reward_t1_16_1_, rewardtagw0_.reward_tag_wrapper_reward_presented_at as reward_t2_16_1_, rewardtagw0_.reward_tag_reward_tag_id as reward_t3_16_1_, rewardtagw0_.user_id as user_id4_16_1_ from reward_tag_wrapper rewardtagw0_ where rewardtagw0_.user_id=?
Hibernate: select attendance0_.attendance_user_attendance_user_id as col_0_0_ from attendance_user attendance0_ where attendance0_.user_id=? limit ?
Hibernate: DELETE FROM USER WHERE USER_ID = ?
Hibernate: select user0_.user_id as col_0_0_ from user user0_ where user0_.user_user_id=? limit ?
Hibernate: select user0_.user_id as user_id1_21_, user0_.character_id as characte7_21_, user0_.user_created_at as user_cre2_21_, user0_.user_name as user_nam3_21_, user0_.user_phone_number as user_pho4_21_, user0_.user_user_id as user_use5_21_, user0_.user_user_password as user_use6_21_ from user user0_ inner join characters character1_ on user0_.character_id=character1_.character_id where user0_.user_user_id=?
Hibernate: select character0_.character_id as characte1_6_0_, character0_.character_character_name as characte2_6_0_ from characters character0_ where character0_.character_id=?
Hibernate: select rewardtagw0_.user_id as user_id4_16_0_, rewardtagw0_.reward_tag_wrapper_reward_id as reward_t1_16_0_, rewardtagw0_.reward_tag_wrapper_reward_id as reward_t1_16_1_, rewardtagw0_.reward_tag_wrapper_reward_presented_at as reward_t2_16_1_, rewardtagw0_.reward_tag_reward_tag_id as reward_t3_16_1_, rewardtagw0_.user_id as user_id4_16_1_ from reward_tag_wrapper rewardtagw0_ where rewardtagw0_.user_id=?
Hibernate: select user0_.user_id as user_id1_21_0_, user0_.character_id as characte7_21_0_, user0_.user_created_at as user_cre2_21_0_, user0_.user_name as user_nam3_21_0_, user0_.user_phone_number as user_pho4_21_0_, user0_.user_user_id as user_use5_21_0_, user0_.user_user_password as user_use6_21_0_ from user user0_ where user0_.user_id=?
Hibernate: select character0_.character_id as characte1_6_0_, character0_.character_character_name as characte2_6_0_ from characters character0_ where character0_.character_id=?
Hibernate: select count(*) as col_0_0_ from user user0_ where user0_.user_id=?
Hibernate: select character1_.character_id as characte1_6_, character1_.character_character_name as characte2_6_ from user user0_ inner join characters character1_ on user0_.character_id=character1_.character_id where user0_.user_id=?
Hibernate: select permission0_.character_id as characte6_12_0_, permission0_.permission_id as permissi1_12_0_, permission0_.permission_id as permissi1_12_1_, permission0_.character_id as characte6_12_1_, permission0_.permission_name as permissi2_12_1_, permission0_.permission_permission_unit_id as permissi3_12_1_, permission0_.permission_service as permissi4_12_1_, permission0_.permission_status as permissi5_12_1_ from permission permission0_ where permission0_.character_id=?
Hibernate: select count(*) as col_0_0_ from user user0_ where user0_.user_id=?
Hibernate: select user0_.user_id as user_id1_21_, user0_.character_id as characte7_21_, user0_.user_created_at as user_cre2_21_, user0_.user_name as user_nam3_21_, user0_.user_phone_number as user_pho4_21_, user0_.user_user_id as user_use5_21_, user0_.user_user_password as user_use6_21_ from user user0_ where user0_.user_id=?
Hibernate: select character0_.character_id as characte1_6_0_, character0_.character_character_name as characte2_6_0_ from characters character0_ where character0_.character_id=?
Hibernate: select rewardtagw0_.user_id as user_id4_16_0_, rewardtagw0_.reward_tag_wrapper_reward_id as reward_t1_16_0_, rewardtagw0_.reward_tag_wrapper_reward_id as reward_t1_16_1_, rewardtagw0_.reward_tag_wrapper_reward_presented_at as reward_t2_16_1_, rewardtagw0_.reward_tag_reward_tag_id as reward_t3_16_1_, rewardtagw0_.user_id as user_id4_16_1_ from reward_tag_wrapper rewardtagw0_ where rewardtagw0_.user_id=?
Hibernate: select attendance0_.attendance_user_attendance_user_id as col_0_0_ from attendance_user attendance0_ where attendance0_.user_id=? limit ?
Hibernate: DELETE FROM USER WHERE USER_ID = ?
Hibernate: select user0_.user_id as col_0_0_ from user user0_ where user0_.user_user_id=? limit ?
Hibernate: select user0_.user_id as col_0_0_ from user user0_ where user0_.user_user_id=? limit ?
Hibernate: select U.* from USER U where U.USER_USER_ID =?
Hibernate: select character0_.character_id as characte1_6_0_, character0_.character_character_name as characte2_6_0_ from characters character0_ where character0_.character_id=?
Hibernate: select user0_.user_id as user_id1_21_0_, user0_.character_id as characte7_21_0_, user0_.user_created_at as user_cre2_21_0_, user0_.user_name as user_nam3_21_0_, user0_.user_phone_number as user_pho4_21_0_, user0_.user_user_id as user_use5_21_0_, user0_.user_user_password as user_use6_21_0_ from user user0_ where user0_.user_id=?
Hibernate: select character0_.character_id as characte1_6_0_, character0_.character_character_name as characte2_6_0_ from characters character0_ where character0_.character_id=?
Hibernate: select count(*) as col_0_0_ from board board0_
Hibernate: select count(*) as col_0_0_ from board board0_
Hibernate: select user0_.user_id as col_0_0_ from user user0_ where user0_.user_user_id=? limit ?
Hibernate: select user0_.user_id as col_0_0_ from user user0_ where user0_.user_user_id=? limit ?
Hibernate: select U.* from USER U where U.USER_USER_ID =?
Hibernate: select character0_.character_id as characte1_6_0_, character0_.character_character_name as characte2_6_0_ from characters character0_ where character0_.character_id=?
Hibernate: select user0_.user_id as user_id1_21_0_, user0_.character_id as characte7_21_0_, user0_.user_created_at as user_cre2_21_0_, user0_.user_name as user_nam3_21_0_, user0_.user_phone_number as user_pho4_21_0_, user0_.user_user_id as user_use5_21_0_, user0_.user_user_password as user_use6_21_0_ from user user0_ where user0_.user_id=?
Hibernate: select character0_.character_id as characte1_6_0_, character0_.character_character_name as characte2_6_0_ from characters character0_ where character0_.character_id=?
Hibernate: select category0_.category_id as category1_5_, category0_.category_name as category2_5_ from category category0_
Hibernate: select boardlist0_.category_id as category7_4_0_, boardlist0_.board_id as board_id1_4_0_, boardlist0_.board_id as board_id1_4_1_, boardlist0_.category_id as category7_4_1_, boardlist0_.board_content as board_co2_4_1_, boardlist0_.board_created_at as board_cr3_4_1_, boardlist0_.board_last_modified_at as board_la4_4_1_, boardlist0_.board_title as board_ti5_4_1_, boardlist0_.user_id as user_id8_4_1_, boardlist0_.board_views as board_vi6_4_1_ from board boardlist0_ where boardlist0_.category_id=?
Hibernate: select boardlist0_.category_id as category7_4_0_, boardlist0_.board_id as board_id1_4_0_, boardlist0_.board_id as board_id1_4_1_, boardlist0_.category_id as category7_4_1_, boardlist0_.board_content as board_co2_4_1_, boardlist0_.board_created_at as board_cr3_4_1_, boardlist0_.board_last_modified_at as board_la4_4_1_, boardlist0_.board_title as board_ti5_4_1_, boardlist0_.user_id as user_id8_4_1_, boardlist0_.board_views as board_vi6_4_1_ from board boardlist0_ where boardlist0_.category_id=?
Hibernate: select user0_.user_id as user_id1_21_0_, user0_.character_id as characte7_21_0_, user0_.user_created_at as user_cre2_21_0_, user0_.user_name as user_nam3_21_0_, user0_.user_phone_number as user_pho4_21_0_, user0_.user_user_id as user_use5_21_0_, user0_.user_user_password as user_use6_21_0_ from user user0_ where user0_.user_id=?
Hibernate: select character0_.character_id as characte1_6_0_, character0_.character_character_name as characte2_6_0_ from characters character0_ where character0_.character_id=?
Hibernate: select count(*) as col_0_0_ from user user0_ where user0_.user_id=?
Hibernate: select character1_.character_id as characte1_6_, character1_.character_character_name as characte2_6_ from user user0_ inner join characters character1_ on user0_.character_id=character1_.character_id where user0_.user_id=?
Hibernate: select permission0_.character_id as characte6_12_0_, permission0_.permission_id as permissi1_12_0_, permission0_.permission_id as permissi1_12_1_, permission0_.character_id as characte6_12_1_, permission0_.permission_name as permissi2_12_1_, permission0_.permission_permission_unit_id as permissi3_12_1_, permission0_.permission_service as permissi4_12_1_, permission0_.permission_status as permissi5_12_1_ from permission permission0_ where permission0_.character_id=?
Hibernate: select count(*) as col_0_0_ from category category0_ where category0_.category_id=?
Hibernate: select count(board0_.board_id) as col_0_0_ from board board0_ where board0_.category_id=?
Hibernate: select category0_.category_id as category1_5_0_, category0_.category_name as category2_5_0_ from category category0_ where category0_.category_id=?
Hibernate: select boardlist0_.category_id as category7_4_0_, boardlist0_.board_id as board_id1_4_0_, boardlist0_.board_id as board_id1_4_1_, boardlist0_.category_id as category7_4_1_, boardlist0_.board_content as board_co2_4_1_, boardlist0_.board_created_at as board_cr3_4_1_, boardlist0_.board_last_modified_at as board_la4_4_1_, boardlist0_.board_title as board_ti5_4_1_, boardlist0_.user_id as user_id8_4_1_, boardlist0_.board_views as board_vi6_4_1_ from board boardlist0_ where boardlist0_.category_id=?
Hibernate: delete from category where category_id=?
Hibernate: select user0_.user_id as user_id1_21_0_, user0_.character_id as characte7_21_0_, user0_.user_created_at as user_cre2_21_0_, user0_.user_name as user_nam3_21_0_, user0_.user_phone_number as user_pho4_21_0_, user0_.user_user_id as user_use5_21_0_, user0_.user_user_password as user_use6_21_0_ from user user0_ where user0_.user_id=?
Hibernate: select character0_.character_id as characte1_6_0_, character0_.character_character_name as characte2_6_0_ from characters character0_ where character0_.character_id=?
Hibernate: select count(*) as col_0_0_ from user user0_ where user0_.user_id=?
Hibernate: select character1_.character_id as characte1_6_, character1_.character_character_name as characte2_6_ from user user0_ inner join characters character1_ on user0_.character_id=character1_.character_id where user0_.user_id=?
Hibernate: select permission0_.character_id as characte6_12_0_, permission0_.permission_id as permissi1_12_0_, permission0_.permission_id as permissi1_12_1_, permission0_.character_id as characte6_12_1_, permission0_.permission_name as permissi2_12_1_, permission0_.permission_permission_unit_id as permissi3_12_1_, permission0_.permission_service as permissi4_12_1_, permission0_.permission_status as permissi5_12_1_ from permission permission0_ where permission0_.character_id=?
Hibernate: select count(*) as col_0_0_ from category category0_ where category0_.category_id=?
Hibernate: select count(board0_.board_id) as col_0_0_ from board board0_ where board0_.category_id=?
Hibernate: select category0_.category_id as category1_5_0_, category0_.category_name as category2_5_0_ from category category0_ where category0_.category_id=?
Hibernate: select boardlist0_.category_id as category7_4_0_, boardlist0_.board_id as board_id1_4_0_, boardlist0_.board_id as board_id1_4_1_, boardlist0_.category_id as category7_4_1_, boardlist0_.board_content as board_co2_4_1_, boardlist0_.board_created_at as board_cr3_4_1_, boardlist0_.board_last_modified_at as board_la4_4_1_, boardlist0_.board_title as board_ti5_4_1_, boardlist0_.user_id as user_id8_4_1_, boardlist0_.board_views as board_vi6_4_1_ from board boardlist0_ where boardlist0_.category_id=?
Hibernate: delete from category where category_id=?
Hibernate: select user0_.user_id as user_id1_21_0_, user0_.character_id as characte7_21_0_, user0_.user_created_at as user_cre2_21_0_, user0_.user_name as user_nam3_21_0_, user0_.user_phone_number as user_pho4_21_0_, user0_.user_user_id as user_use5_21_0_, user0_.user_user_password as user_use6_21_0_ from user user0_ where user0_.user_id=?
Hibernate: select character0_.character_id as characte1_6_0_, character0_.character_character_name as characte2_6_0_ from characters character0_ where character0_.character_id=?
Hibernate: select count(*) as col_0_0_ from user user0_ where user0_.user_id=?
Hibernate: select character1_.character_id as characte1_6_, character1_.character_character_name as characte2_6_ from user user0_ inner join characters character1_ on user0_.character_id=character1_.character_id where user0_.user_id=?
Hibernate: select permission0_.character_id as characte6_12_0_, permission0_.permission_id as permissi1_12_0_, permission0_.permission_id as permissi1_12_1_, permission0_.character_id as characte6_12_1_, permission0_.permission_name as permissi2_12_1_, permission0_.permission_permission_unit_id as permissi3_12_1_, permission0_.permission_service as permissi4_12_1_, permission0_.permission_status as permissi5_12_1_ from permission permission0_ where permission0_.character_id=?
Hibernate: select category0_.category_id as col_0_0_ from category category0_ where category0_.category_name=? limit ?
Hibernate: select category0_.category_id as category1_5_1_, category0_.category_name as category2_5_1_, boardlist1_.category_id as category7_4_3_, boardlist1_.board_id as board_id1_4_3_, boardlist1_.board_id as board_id1_4_0_, boardlist1_.category_id as category7_4_0_, boardlist1_.board_content as board_co2_4_0_, boardlist1_.board_created_at as board_cr3_4_0_, boardlist1_.board_last_modified_at as board_la4_4_0_, boardlist1_.board_title as board_ti5_4_0_, boardlist1_.user_id as user_id8_4_0_, boardlist1_.board_views as board_vi6_4_0_ from category category0_ left outer join board boardlist1_ on category0_.category_id=boardlist1_.category_id where category0_.category_id=?
Hibernate: insert into category (category_id, category_name) values (default, ?)
Hibernate: select user0_.user_id as user_id1_21_0_, user0_.character_id as characte7_21_0_, user0_.user_created_at as user_cre2_21_0_, user0_.user_name as user_nam3_21_0_, user0_.user_phone_number as user_pho4_21_0_, user0_.user_user_id as user_use5_21_0_, user0_.user_user_password as user_use6_21_0_ from user user0_ where user0_.user_id=?
Hibernate: select character0_.character_id as characte1_6_0_, character0_.character_character_name as characte2_6_0_ from characters character0_ where character0_.character_id=?
Hibernate: select count(*) as col_0_0_ from user user0_ where user0_.user_id=?
Hibernate: select character1_.character_id as characte1_6_, character1_.character_character_name as characte2_6_ from user user0_ inner join characters character1_ on user0_.character_id=character1_.character_id where user0_.user_id=?
Hibernate: select permission0_.character_id as characte6_12_0_, permission0_.permission_id as permissi1_12_0_, permission0_.permission_id as permissi1_12_1_, permission0_.character_id as characte6_12_1_, permission0_.permission_name as permissi2_12_1_, permission0_.permission_permission_unit_id as permissi3_12_1_, permission0_.permission_service as permissi4_12_1_, permission0_.permission_status as permissi5_12_1_ from permission permission0_ where permission0_.character_id=?
Hibernate: select category0_.category_id as col_0_0_ from category category0_ where category0_.category_name=? limit ?
Hibernate: select category0_.category_id as category1_5_1_, category0_.category_name as category2_5_1_, boardlist1_.category_id as category7_4_3_, boardlist1_.board_id as board_id1_4_3_, boardlist1_.board_id as board_id1_4_0_, boardlist1_.category_id as category7_4_0_, boardlist1_.board_content as board_co2_4_0_, boardlist1_.board_created_at as board_cr3_4_0_, boardlist1_.board_last_modified_at as board_la4_4_0_, boardlist1_.board_title as board_ti5_4_0_, boardlist1_.user_id as user_id8_4_0_, boardlist1_.board_views as board_vi6_4_0_ from category category0_ left outer join board boardlist1_ on category0_.category_id=boardlist1_.category_id where category0_.category_id=?
Hibernate: insert into category (category_id, category_name) values (default, ?)
Hibernate: select user0_.user_id as col_0_0_ from user user0_ where user0_.user_user_id=? limit ?
Hibernate: select user0_.user_id as col_0_0_ from user user0_ where user0_.user_user_id=? limit ?
Hibernate: select U.* from USER U where U.USER_USER_ID =?
Hibernate: select character0_.character_id as characte1_6_0_, character0_.character_character_name as characte2_6_0_ from characters character0_ where character0_.character_id=?
Hibernate: select user0_.user_id as col_0_0_ from user user0_ where user0_.user_user_id=? limit ?
Hibernate: select user0_.user_id as col_0_0_ from user user0_ where user0_.user_user_id=? limit ?
Hibernate: select U.* from USER U where U.USER_USER_ID =?
Hibernate: select character0_.character_id as characte1_6_0_, character0_.character_character_name as characte2_6_0_ from characters character0_ where character0_.character_id=?
Hibernate: select user0_.user_id as user_id1_21_0_, user0_.character_id as characte7_21_0_, user0_.user_created_at as user_cre2_21_0_, user0_.user_name as user_nam3_21_0_, user0_.user_phone_number as user_pho4_21_0_, user0_.user_user_id as user_use5_21_0_, user0_.user_user_password as user_use6_21_0_ from user user0_ where user0_.user_id=?
Hibernate: select character0_.character_id as characte1_6_0_, character0_.character_character_name as characte2_6_0_ from characters character0_ where character0_.character_id=?
Hibernate: select count(*) as col_0_0_ from user user0_ where user0_.user_id=?
Hibernate: select character1_.character_id as characte1_6_, character1_.character_character_name as characte2_6_ from user user0_ inner join characters character1_ on user0_.character_id=character1_.character_id where user0_.user_id=?
Hibernate: select permission0_.character_id as characte6_12_0_, permission0_.permission_id as permissi1_12_0_, permission0_.permission_id as permissi1_12_1_, permission0_.character_id as characte6_12_1_, permission0_.permission_name as permissi2_12_1_, permission0_.permission_permission_unit_id as permissi3_12_1_, permission0_.permission_service as permissi4_12_1_, permission0_.permission_status as permissi5_12_1_ from permission permission0_ where permission0_.character_id=?
Hibernate: select category0_.category_id as col_0_0_ from category category0_ where category0_.category_name=? limit ?
Hibernate: select category0_.category_id as category1_5_1_, category0_.category_name as category2_5_1_, boardlist1_.category_id as category7_4_3_, boardlist1_.board_id as board_id1_4_3_, boardlist1_.board_id as board_id1_4_0_, boardlist1_.category_id as category7_4_0_, boardlist1_.board_content as board_co2_4_0_, boardlist1_.board_created_at as board_cr3_4_0_, boardlist1_.board_last_modified_at as board_la4_4_0_, boardlist1_.board_title as board_ti5_4_0_, boardlist1_.user_id as user_id8_4_0_, boardlist1_.board_views as board_vi6_4_0_ from category category0_ left outer join board boardlist1_ on category0_.category_id=boardlist1_.category_id where category0_.category_id=?
Hibernate: insert into category (category_id, category_name) values (default, ?)
Hibernate: select user0_.user_id as user_id1_21_0_, user0_.character_id as characte7_21_0_, user0_.user_created_at as user_cre2_21_0_, user0_.user_name as user_nam3_21_0_, user0_.user_phone_number as user_pho4_21_0_, user0_.user_user_id as user_use5_21_0_, user0_.user_user_password as user_use6_21_0_ from user user0_ where user0_.user_id=?
Hibernate: select character0_.character_id as characte1_6_0_, character0_.character_character_name as characte2_6_0_ from characters character0_ where character0_.character_id=?
Hibernate: select category0_.category_id as category1_5_, category0_.category_name as category2_5_ from category category0_
Hibernate: select boardlist0_.category_id as category7_4_0_, boardlist0_.board_id as board_id1_4_0_, boardlist0_.board_id as board_id1_4_1_, boardlist0_.category_id as category7_4_1_, boardlist0_.board_content as board_co2_4_1_, boardlist0_.board_created_at as board_cr3_4_1_, boardlist0_.board_last_modified_at as board_la4_4_1_, boardlist0_.board_title as board_ti5_4_1_, boardlist0_.user_id as user_id8_4_1_, boardlist0_.board_views as board_vi6_4_1_ from board boardlist0_ where boardlist0_.category_id=?
Hibernate: select boardlist0_.category_id as category7_4_0_, boardlist0_.board_id as board_id1_4_0_, boardlist0_.board_id as board_id1_4_1_, boardlist0_.category_id as category7_4_1_, boardlist0_.board_content as board_co2_4_1_, boardlist0_.board_created_at as board_cr3_4_1_, boardlist0_.board_last_modified_at as board_la4_4_1_, boardlist0_.board_title as board_ti5_4_1_, boardlist0_.user_id as user_id8_4_1_, boardlist0_.board_views as board_vi6_4_1_ from board boardlist0_ where boardlist0_.category_id=?
Hibernate: select boardlist0_.category_id as category7_4_0_, boardlist0_.board_id as board_id1_4_0_, boardlist0_.board_id as board_id1_4_1_, boardlist0_.category_id as category7_4_1_, boardlist0_.board_content as board_co2_4_1_, boardlist0_.board_created_at as board_cr3_4_1_, boardlist0_.board_last_modified_at as board_la4_4_1_, boardlist0_.board_title as board_ti5_4_1_, boardlist0_.user_id as user_id8_4_1_, boardlist0_.board_views as board_vi6_4_1_ from board boardlist0_ where boardlist0_.category_id=?
Hibernate: select user0_.user_id as user_id1_21_0_, user0_.character_id as characte7_21_0_, user0_.user_created_at as user_cre2_21_0_, user0_.user_name as user_nam3_21_0_, user0_.user_phone_number as user_pho4_21_0_, user0_.user_user_id as user_use5_21_0_, user0_.user_user_password as user_use6_21_0_ from user user0_ where user0_.user_id=?
Hibernate: select character0_.character_id as characte1_6_0_, character0_.character_character_name as characte2_6_0_ from characters character0_ where character0_.character_id=?
Hibernate: select count(*) as col_0_0_ from user user0_ where user0_.user_id=?
Hibernate: select character1_.character_id as characte1_6_, character1_.character_character_name as characte2_6_ from user user0_ inner join characters character1_ on user0_.character_id=character1_.character_id where user0_.user_id=?
Hibernate: select permission0_.character_id as characte6_12_0_, permission0_.permission_id as permissi1_12_0_, permission0_.permission_id as permissi1_12_1_, permission0_.character_id as characte6_12_1_, permission0_.permission_name as permissi2_12_1_, permission0_.permission_permission_unit_id as permissi3_12_1_, permission0_.permission_service as permissi4_12_1_, permission0_.permission_status as permissi5_12_1_ from permission permission0_ where permission0_.character_id=?
Hibernate: select count(*) as col_0_0_ from category category0_ where category0_.category_id=?
Hibernate: select category0_.category_id as category1_5_0_, category0_.category_name as category2_5_0_ from category category0_ where category0_.category_id=?
Hibernate: insert into board (board_id, category_id, board_content, board_created_at, board_last_modified_at, board_title, user_id, board_views) values (default, ?, ?, ?, ?, ?, ?, ?)
Hibernate: insert into reaction (reaction_id, board_id, reaction_type) values (default, ?, ?)
Hibernate: insert into reaction (reaction_id, board_id, reaction_type) values (default, ?, ?)
Hibernate: insert into reaction (reaction_id, board_id, reaction_type) values (default, ?, ?)
Hibernate: insert into reaction (reaction_id, board_id, reaction_type) values (default, ?, ?)
Hibernate: insert into reaction (reaction_id, board_id, reaction_type) values (default, ?, ?)
Hibernate: insert into reaction (reaction_id, board_id, reaction_type) values (default, ?, ?)
Hibernate: select user0_.user_id as col_0_0_ from user user0_ where user0_.user_user_id=? limit ?
Hibernate: select user0_.user_id as col_0_0_ from user user0_ where user0_.user_user_id=? limit ?
Hibernate: select U.* from USER U where U.USER_USER_ID =?
Hibernate: select character0_.character_id as characte1_6_0_, character0_.character_character_name as characte2_6_0_ from characters character0_ where character0_.character_id=?
Hibernate: select user0_.user_id as user_id1_21_0_, user0_.character_id as characte7_21_0_, user0_.user_created_at as user_cre2_21_0_, user0_.user_name as user_nam3_21_0_, user0_.user_phone_number as user_pho4_21_0_, user0_.user_user_id as user_use5_21_0_, user0_.user_user_password as user_use6_21_0_ from user user0_ where user0_.user_id=?
Hibernate: select character0_.character_id as characte1_6_0_, character0_.character_character_name as characte2_6_0_ from characters character0_ where character0_.character_id=?
Hibernate: select count(*) as col_0_0_ from board board0_
Hibernate: select board0_.board_id as board_id1_4_, board0_.category_id as category7_4_, board0_.board_content as board_co2_4_, board0_.board_created_at as board_cr3_4_, board0_.board_last_modified_at as board_la4_4_, board0_.board_title as board_ti5_4_, board0_.user_id as user_id8_4_, board0_.board_views as board_vi6_4_ from board board0_ limit ?
Hibernate: select category0_.category_id as category1_5_0_, category0_.category_name as category2_5_0_ from category category0_ where category0_.category_id=?
Hibernate: select reactionli0_.board_id as board_id3_13_0_, reactionli0_.reaction_id as reaction1_13_0_, reactionli0_.reaction_id as reaction1_13_1_, reactionli0_.board_id as board_id3_13_1_, reactionli0_.reaction_type as reaction2_13_1_ from reaction reactionli0_ where reactionli0_.board_id=?
Hibernate: select reactionus0_.reaction_id as reaction2_14_0_, reactionus0_.reaction_user_id as reaction1_14_0_, reactionus0_.reaction_user_id as reaction1_14_1_, reactionus0_.reaction_id as reaction2_14_1_, reactionus0_.user_id as user_id3_14_1_ from reaction_user reactionus0_ where reactionus0_.reaction_id=?
Hibernate: select reactionus0_.reaction_id as reaction2_14_0_, reactionus0_.reaction_user_id as reaction1_14_0_, reactionus0_.reaction_user_id as reaction1_14_1_, reactionus0_.reaction_id as reaction2_14_1_, reactionus0_.user_id as user_id3_14_1_ from reaction_user reactionus0_ where reactionus0_.reaction_id=?
Hibernate: select reactionus0_.reaction_id as reaction2_14_0_, reactionus0_.reaction_user_id as reaction1_14_0_, reactionus0_.reaction_user_id as reaction1_14_1_, reactionus0_.reaction_id as reaction2_14_1_, reactionus0_.user_id as user_id3_14_1_ from reaction_user reactionus0_ where reactionus0_.reaction_id=?
Hibernate: select reactionus0_.reaction_id as reaction2_14_0_, reactionus0_.reaction_user_id as reaction1_14_0_, reactionus0_.reaction_user_id as reaction1_14_1_, reactionus0_.reaction_id as reaction2_14_1_, reactionus0_.user_id as user_id3_14_1_ from reaction_user reactionus0_ where reactionus0_.reaction_id=?
Hibernate: select reactionus0_.reaction_id as reaction2_14_0_, reactionus0_.reaction_user_id as reaction1_14_0_, reactionus0_.reaction_user_id as reaction1_14_1_, reactionus0_.reaction_id as reaction2_14_1_, reactionus0_.user_id as user_id3_14_1_ from reaction_user reactionus0_ where reactionus0_.reaction_id=?
Hibernate: select reactionus0_.reaction_id as reaction2_14_0_, reactionus0_.reaction_user_id as reaction1_14_0_, reactionus0_.reaction_user_id as reaction1_14_1_, reactionus0_.reaction_id as reaction2_14_1_, reactionus0_.user_id as user_id3_14_1_ from reaction_user reactionus0_ where reactionus0_.reaction_id=?
Hibernate: select commentlis0_.board_id as board_id5_7_0_, commentlis0_.comment_id as comment_1_7_0_, commentlis0_.comment_id as comment_1_7_1_, commentlis0_.board_id as board_id5_7_1_, commentlis0_.comment_content as comment_2_7_1_, commentlis0_.comment_created_at as comment_3_7_1_, commentlis0_.comment_last_modified_at as comment_4_7_1_, commentlis0_.user_id as user_id6_7_1_ from comment commentlis0_ where commentlis0_.board_id=?
Hibernate: select boardlist0_.category_id as category7_4_0_, boardlist0_.board_id as board_id1_4_0_, boardlist0_.board_id as board_id1_4_1_, boardlist0_.category_id as category7_4_1_, boardlist0_.board_content as board_co2_4_1_, boardlist0_.board_created_at as board_cr3_4_1_, boardlist0_.board_last_modified_at as board_la4_4_1_, boardlist0_.board_title as board_ti5_4_1_, boardlist0_.user_id as user_id8_4_1_, boardlist0_.board_views as board_vi6_4_1_ from board boardlist0_ where boardlist0_.category_id=?
Hibernate: select count(comment0_.comment_id) as col_0_0_ from comment comment0_ where comment0_.board_id=?
Hibernate: select count(*) as col_0_0_ from board board0_
Hibernate: select imagepathl0_.board_board_id as board_bo1_11_0_, imagepathl0_.board_image_path_list as board_im2_11_0_ from image_path_list imagepathl0_ where imagepathl0_.board_board_id=?
Hibernate: select filepathli0_.board_board_id as board_bo1_8_0_, filepathli0_.board_file_path_list as board_fi2_8_0_ from file_path_list filepathli0_ where filepathli0_.board_board_id=?
Hibernate: select U.* from USER U join BOARD B where U.USER_ID = B.USER_ID and B.BOARD_ID = ?
Hibernate: select character0_.character_id as characte1_6_0_, character0_.character_character_name as characte2_6_0_ from characters character0_ where character0_.character_id=?
Hibernate: select count(*) as col_0_0_ from user user0_ where user0_.user_id=?
Hibernate: select character1_.character_id as characte1_6_, character1_.character_character_name as characte2_6_ from user user0_ inner join characters character1_ on user0_.character_id=character1_.character_id where user0_.user_id=?
Hibernate: select permission0_.character_id as characte6_12_0_, permission0_.permission_id as permissi1_12_0_, permission0_.permission_id as permissi1_12_1_, permission0_.character_id as characte6_12_1_, permission0_.permission_name as permissi2_12_1_, permission0_.permission_permission_unit_id as permissi3_12_1_, permission0_.permission_service as permissi4_12_1_, permission0_.permission_status as permissi5_12_1_ from permission permission0_ where permission0_.character_id=?
Hibernate: select count(*) as col_0_0_ from board board0_ where board0_.board_id=?
Hibernate: select board0_.board_id as board_id1_4_0_, board0_.category_id as category7_4_0_, board0_.board_content as board_co2_4_0_, board0_.board_created_at as board_cr3_4_0_, board0_.board_last_modified_at as board_la4_4_0_, board0_.board_title as board_ti5_4_0_, board0_.user_id as user_id8_4_0_, board0_.board_views as board_vi6_4_0_ from board board0_ where board0_.board_id=?
Hibernate: select category0_.category_id as category1_5_0_, category0_.category_name as category2_5_0_ from category category0_ where category0_.category_id=?
Hibernate: select reactionli0_.board_id as board_id3_13_0_, reactionli0_.reaction_id as reaction1_13_0_, reactionli0_.reaction_id as reaction1_13_1_, reactionli0_.board_id as board_id3_13_1_, reactionli0_.reaction_type as reaction2_13_1_ from reaction reactionli0_ where reactionli0_.board_id=?
Hibernate: select reactionus0_.reaction_id as reaction2_14_0_, reactionus0_.reaction_user_id as reaction1_14_0_, reactionus0_.reaction_user_id as reaction1_14_1_, reactionus0_.reaction_id as reaction2_14_1_, reactionus0_.user_id as user_id3_14_1_ from reaction_user reactionus0_ where reactionus0_.reaction_id=?
Hibernate: select reactionus0_.reaction_id as reaction2_14_0_, reactionus0_.reaction_user_id as reaction1_14_0_, reactionus0_.reaction_user_id as reaction1_14_1_, reactionus0_.reaction_id as reaction2_14_1_, reactionus0_.user_id as user_id3_14_1_ from reaction_user reactionus0_ where reactionus0_.reaction_id=?
Hibernate: select reactionus0_.reaction_id as reaction2_14_0_, reactionus0_.reaction_user_id as reaction1_14_0_, reactionus0_.reaction_user_id as reaction1_14_1_, reactionus0_.reaction_id as reaction2_14_1_, reactionus0_.user_id as user_id3_14_1_ from reaction_user reactionus0_ where reactionus0_.reaction_id=?
Hibernate: select reactionus0_.reaction_id as reaction2_14_0_, reactionus0_.reaction_user_id as reaction1_14_0_, reactionus0_.reaction_user_id as reaction1_14_1_, reactionus0_.reaction_id as reaction2_14_1_, reactionus0_.user_id as user_id3_14_1_ from reaction_user reactionus0_ where reactionus0_.reaction_id=?
Hibernate: select reactionus0_.reaction_id as reaction2_14_0_, reactionus0_.reaction_user_id as reaction1_14_0_, reactionus0_.reaction_user_id as reaction1_14_1_, reactionus0_.reaction_id as reaction2_14_1_, reactionus0_.user_id as user_id3_14_1_ from reaction_user reactionus0_ where reactionus0_.reaction_id=?
Hibernate: select reactionus0_.reaction_id as reaction2_14_0_, reactionus0_.reaction_user_id as reaction1_14_0_, reactionus0_.reaction_user_id as reaction1_14_1_, reactionus0_.reaction_id as reaction2_14_1_, reactionus0_.user_id as user_id3_14_1_ from reaction_user reactionus0_ where reactionus0_.reaction_id=?
Hibernate: select commentlis0_.board_id as board_id5_7_0_, commentlis0_.comment_id as comment_1_7_0_, commentlis0_.comment_id as comment_1_7_1_, commentlis0_.board_id as board_id5_7_1_, commentlis0_.comment_content as comment_2_7_1_, commentlis0_.comment_created_at as comment_3_7_1_, commentlis0_.comment_last_modified_at as comment_4_7_1_, commentlis0_.user_id as user_id6_7_1_ from comment commentlis0_ where commentlis0_.board_id=?
Hibernate: select boardlist0_.category_id as category7_4_0_, boardlist0_.board_id as board_id1_4_0_, boardlist0_.board_id as board_id1_4_1_, boardlist0_.category_id as category7_4_1_, boardlist0_.board_content as board_co2_4_1_, boardlist0_.board_created_at as board_cr3_4_1_, boardlist0_.board_last_modified_at as board_la4_4_1_, boardlist0_.board_title as board_ti5_4_1_, boardlist0_.user_id as user_id8_4_1_, boardlist0_.board_views as board_vi6_4_1_ from board boardlist0_ where boardlist0_.category_id=?
Hibernate: select count(comment0_.comment_id) as col_0_0_ from comment comment0_ where comment0_.board_id=?
Hibernate: update board set category_id=?, board_content=?, board_created_at=?, board_last_modified_at=?, board_title=?, user_id=?, board_views=? where board_id=?
Hibernate: select filepathli0_.board_board_id as board_bo1_8_0_, filepathli0_.board_file_path_list as board_fi2_8_0_ from file_path_list filepathli0_ where filepathli0_.board_board_id=?
Hibernate: select imagepathl0_.board_board_id as board_bo1_11_0_, imagepathl0_.board_image_path_list as board_im2_11_0_ from image_path_list imagepathl0_ where imagepathl0_.board_board_id=?
Hibernate: select count(*) as col_0_0_ from board board0_ where board0_.board_id=?
Hibernate: delete from reaction where reaction_id=?
Hibernate: delete from reaction where reaction_id=?
Hibernate: delete from reaction where reaction_id=?
Hibernate: delete from reaction where reaction_id=?
Hibernate: delete from reaction where reaction_id=?
Hibernate: delete from reaction where reaction_id=?
Hibernate: delete from board where board_id=?
Hibernate: select user0_.user_id as user_id1_21_0_, user0_.character_id as characte7_21_0_, user0_.user_created_at as user_cre2_21_0_, user0_.user_name as user_nam3_21_0_, user0_.user_phone_number as user_pho4_21_0_, user0_.user_user_id as user_use5_21_0_, user0_.user_user_password as user_use6_21_0_ from user user0_ where user0_.user_id=?
Hibernate: select character0_.character_id as characte1_6_0_, character0_.character_character_name as characte2_6_0_ from characters character0_ where character0_.character_id=?
Hibernate: select count(*) as col_0_0_ from user user0_ where user0_.user_id=?
Hibernate: select character1_.character_id as characte1_6_, character1_.character_character_name as characte2_6_ from user user0_ inner join characters character1_ on user0_.character_id=character1_.character_id where user0_.user_id=?
Hibernate: select permission0_.character_id as characte6_12_0_, permission0_.permission_id as permissi1_12_0_, permission0_.permission_id as permissi1_12_1_, permission0_.character_id as characte6_12_1_, permission0_.permission_name as permissi2_12_1_, permission0_.permission_permission_unit_id as permissi3_12_1_, permission0_.permission_service as permissi4_12_1_, permission0_.permission_status as permissi5_12_1_ from permission permission0_ where permission0_.character_id=?
Hibernate: select count(*) as col_0_0_ from board board0_ where board0_.board_id=?
Hibernate: select user0_.user_id as col_0_0_ from user user0_ where user0_.user_user_id=? limit ?
Hibernate: select user0_.user_id as col_0_0_ from user user0_ where user0_.user_user_id=? limit ?
Hibernate: select U.* from USER U where U.USER_USER_ID =?
Hibernate: select character0_.character_id as characte1_6_0_, character0_.character_character_name as characte2_6_0_ from characters character0_ where character0_.character_id=?
Hibernate: select user0_.user_id as user_id1_21_0_, user0_.character_id as characte7_21_0_, user0_.user_created_at as user_cre2_21_0_, user0_.user_name as user_nam3_21_0_, user0_.user_phone_number as user_pho4_21_0_, user0_.user_user_id as user_use5_21_0_, user0_.user_user_password as user_use6_21_0_ from user user0_ where user0_.user_id=?
Hibernate: select character0_.character_id as characte1_6_0_, character0_.character_character_name as characte2_6_0_ from characters character0_ where character0_.character_id=?
Hibernate: select category0_.category_id as category1_5_, category0_.category_name as category2_5_ from category category0_
Hibernate: select boardlist0_.category_id as category7_4_0_, boardlist0_.board_id as board_id1_4_0_, boardlist0_.board_id as board_id1_4_1_, boardlist0_.category_id as category7_4_1_, boardlist0_.board_content as board_co2_4_1_, boardlist0_.board_created_at as board_cr3_4_1_, boardlist0_.board_last_modified_at as board_la4_4_1_, boardlist0_.board_title as board_ti5_4_1_, boardlist0_.user_id as user_id8_4_1_, boardlist0_.board_views as board_vi6_4_1_ from board boardlist0_ where boardlist0_.category_id=?
Hibernate: select boardlist0_.category_id as category7_4_0_, boardlist0_.board_id as board_id1_4_0_, boardlist0_.board_id as board_id1_4_1_, boardlist0_.category_id as category7_4_1_, boardlist0_.board_content as board_co2_4_1_, boardlist0_.board_created_at as board_cr3_4_1_, boardlist0_.board_last_modified_at as board_la4_4_1_, boardlist0_.board_title as board_ti5_4_1_, boardlist0_.user_id as user_id8_4_1_, boardlist0_.board_views as board_vi6_4_1_ from board boardlist0_ where boardlist0_.category_id=?
Hibernate: select boardlist0_.category_id as category7_4_0_, boardlist0_.board_id as board_id1_4_0_, boardlist0_.board_id as board_id1_4_1_, boardlist0_.category_id as category7_4_1_, boardlist0_.board_content as board_co2_4_1_, boardlist0_.board_created_at as board_cr3_4_1_, boardlist0_.board_last_modified_at as board_la4_4_1_, boardlist0_.board_title as board_ti5_4_1_, boardlist0_.user_id as user_id8_4_1_, boardlist0_.board_views as board_vi6_4_1_ from board boardlist0_ where boardlist0_.category_id=?
Hibernate: select user0_.user_id as user_id1_21_0_, user0_.character_id as characte7_21_0_, user0_.user_created_at as user_cre2_21_0_, user0_.user_name as user_nam3_21_0_, user0_.user_phone_number as user_pho4_21_0_, user0_.user_user_id as user_use5_21_0_, user0_.user_user_password as user_use6_21_0_ from user user0_ where user0_.user_id=?
Hibernate: select character0_.character_id as characte1_6_0_, character0_.character_character_name as characte2_6_0_ from characters character0_ where character0_.character_id=?
Hibernate: select count(*) as col_0_0_ from user user0_ where user0_.user_id=?
Hibernate: select character1_.character_id as characte1_6_, character1_.character_character_name as characte2_6_ from user user0_ inner join characters character1_ on user0_.character_id=character1_.character_id where user0_.user_id=?
Hibernate: select permission0_.character_id as characte6_12_0_, permission0_.permission_id as permissi1_12_0_, permission0_.permission_id as permissi1_12_1_, permission0_.character_id as characte6_12_1_, permission0_.permission_name as permissi2_12_1_, permission0_.permission_permission_unit_id as permissi3_12_1_, permission0_.permission_service as permissi4_12_1_, permission0_.permission_status as permissi5_12_1_ from permission permission0_ where permission0_.character_id=?
Hibernate: select count(*) as col_0_0_ from category category0_ where category0_.category_id=?
Hibernate: select count(board0_.board_id) as col_0_0_ from board board0_ where board0_.category_id=?
Hibernate: select category0_.category_id as category1_5_0_, category0_.category_name as category2_5_0_ from category category0_ where category0_.category_id=?
Hibernate: select boardlist0_.category_id as category7_4_0_, boardlist0_.board_id as board_id1_4_0_, boardlist0_.board_id as board_id1_4_1_, boardlist0_.category_id as category7_4_1_, boardlist0_.board_content as board_co2_4_1_, boardlist0_.board_created_at as board_cr3_4_1_, boardlist0_.board_last_modified_at as board_la4_4_1_, boardlist0_.board_title as board_ti5_4_1_, boardlist0_.user_id as user_id8_4_1_, boardlist0_.board_views as board_vi6_4_1_ from board boardlist0_ where boardlist0_.category_id=?
Hibernate: delete from category where category_id=?
Hibernate: select user0_.user_id as user_id1_21_0_, user0_.character_id as characte7_21_0_, user0_.user_created_at as user_cre2_21_0_, user0_.user_name as user_nam3_21_0_, user0_.user_phone_number as user_pho4_21_0_, user0_.user_user_id as user_use5_21_0_, user0_.user_user_password as user_use6_21_0_ from user user0_ where user0_.user_id=?
Hibernate: select character0_.character_id as characte1_6_0_, character0_.character_character_name as characte2_6_0_ from characters character0_ where character0_.character_id=?
Hibernate: select count(*) as col_0_0_ from user user0_ where user0_.user_id=?
Hibernate: select character1_.character_id as characte1_6_, character1_.character_character_name as characte2_6_ from user user0_ inner join characters character1_ on user0_.character_id=character1_.character_id where user0_.user_id=?
Hibernate: select permission0_.character_id as characte6_12_0_, permission0_.permission_id as permissi1_12_0_, permission0_.permission_id as permissi1_12_1_, permission0_.character_id as characte6_12_1_, permission0_.permission_name as permissi2_12_1_, permission0_.permission_permission_unit_id as permissi3_12_1_, permission0_.permission_service as permissi4_12_1_, permission0_.permission_status as permissi5_12_1_ from permission permission0_ where permission0_.character_id=?
Hibernate: select count(*) as col_0_0_ from category category0_ where category0_.category_id=?
Hibernate: select count(board0_.board_id) as col_0_0_ from board board0_ where board0_.category_id=?
Hibernate: select category0_.category_id as category1_5_0_, category0_.category_name as category2_5_0_ from category category0_ where category0_.category_id=?
Hibernate: select boardlist0_.category_id as category7_4_0_, boardlist0_.board_id as board_id1_4_0_, boardlist0_.board_id as board_id1_4_1_, boardlist0_.category_id as category7_4_1_, boardlist0_.board_content as board_co2_4_1_, boardlist0_.board_created_at as board_cr3_4_1_, boardlist0_.board_last_modified_at as board_la4_4_1_, boardlist0_.board_title as board_ti5_4_1_, boardlist0_.user_id as user_id8_4_1_, boardlist0_.board_views as board_vi6_4_1_ from board boardlist0_ where boardlist0_.category_id=?
Hibernate: delete from category where category_id=?
Hibernate: select user0_.user_id as user_id1_21_0_, user0_.character_id as characte7_21_0_, user0_.user_created_at as user_cre2_21_0_, user0_.user_name as user_nam3_21_0_, user0_.user_phone_number as user_pho4_21_0_, user0_.user_user_id as user_use5_21_0_, user0_.user_user_password as user_use6_21_0_ from user user0_ where user0_.user_id=?
Hibernate: select character0_.character_id as characte1_6_0_, character0_.character_character_name as characte2_6_0_ from characters character0_ where character0_.character_id=?
Hibernate: select count(*) as col_0_0_ from user user0_ where user0_.user_id=?
Hibernate: select character1_.character_id as characte1_6_, character1_.character_character_name as characte2_6_ from user user0_ inner join characters character1_ on user0_.character_id=character1_.character_id where user0_.user_id=?
Hibernate: select permission0_.character_id as characte6_12_0_, permission0_.permission_id as permissi1_12_0_, permission0_.permission_id as permissi1_12_1_, permission0_.character_id as characte6_12_1_, permission0_.permission_name as permissi2_12_1_, permission0_.permission_permission_unit_id as permissi3_12_1_, permission0_.permission_service as permissi4_12_1_, permission0_.permission_status as permissi5_12_1_ from permission permission0_ where permission0_.character_id=?
Hibernate: select count(*) as col_0_0_ from category category0_ where category0_.category_id=?
Hibernate: select count(board0_.board_id) as col_0_0_ from board board0_ where board0_.category_id=?
Hibernate: select category0_.category_id as category1_5_0_, category0_.category_name as category2_5_0_ from category category0_ where category0_.category_id=?
Hibernate: select boardlist0_.category_id as category7_4_0_, boardlist0_.board_id as board_id1_4_0_, boardlist0_.board_id as board_id1_4_1_, boardlist0_.category_id as category7_4_1_, boardlist0_.board_content as board_co2_4_1_, boardlist0_.board_created_at as board_cr3_4_1_, boardlist0_.board_last_modified_at as board_la4_4_1_, boardlist0_.board_title as board_ti5_4_1_, boardlist0_.user_id as user_id8_4_1_, boardlist0_.board_views as board_vi6_4_1_ from board boardlist0_ where boardlist0_.category_id=?
Hibernate: delete from category where category_id=?
Hibernate: select user0_.user_id as user_id1_21_0_, user0_.character_id as characte7_21_0_, user0_.user_created_at as user_cre2_21_0_, user0_.user_name as user_nam3_21_0_, user0_.user_phone_number as user_pho4_21_0_, user0_.user_user_id as user_use5_21_0_, user0_.user_user_password as user_use6_21_0_ from user user0_ where user0_.user_id=?
Hibernate: select character0_.character_id as characte1_6_0_, character0_.character_character_name as characte2_6_0_ from characters character0_ where character0_.character_id=?
Hibernate: select count(*) as col_0_0_ from user user0_ where user0_.user_id=?
Hibernate: select character1_.character_id as characte1_6_, character1_.character_character_name as characte2_6_ from user user0_ inner join characters character1_ on user0_.character_id=character1_.character_id where user0_.user_id=?
Hibernate: select permission0_.character_id as characte6_12_0_, permission0_.permission_id as permissi1_12_0_, permission0_.permission_id as permissi1_12_1_, permission0_.character_id as characte6_12_1_, permission0_.permission_name as permissi2_12_1_, permission0_.permission_permission_unit_id as permissi3_12_1_, permission0_.permission_service as permissi4_12_1_, permission0_.permission_status as permissi5_12_1_ from permission permission0_ where permission0_.character_id=?
Hibernate: select category0_.category_id as col_0_0_ from category category0_ where category0_.category_name=? limit ?
Hibernate: select category0_.category_id as category1_5_1_, category0_.category_name as category2_5_1_, boardlist1_.category_id as category7_4_3_, boardlist1_.board_id as board_id1_4_3_, boardlist1_.board_id as board_id1_4_0_, boardlist1_.category_id as category7_4_0_, boardlist1_.board_content as board_co2_4_0_, boardlist1_.board_created_at as board_cr3_4_0_, boardlist1_.board_last_modified_at as board_la4_4_0_, boardlist1_.board_title as board_ti5_4_0_, boardlist1_.user_id as user_id8_4_0_, boardlist1_.board_views as board_vi6_4_0_ from category category0_ left outer join board boardlist1_ on category0_.category_id=boardlist1_.category_id where category0_.category_id=?
Hibernate: insert into category (category_id, category_name) values (default, ?)
Hibernate: select user0_.user_id as user_id1_21_0_, user0_.character_id as characte7_21_0_, user0_.user_created_at as user_cre2_21_0_, user0_.user_name as user_nam3_21_0_, user0_.user_phone_number as user_pho4_21_0_, user0_.user_user_id as user_use5_21_0_, user0_.user_user_password as user_use6_21_0_ from user user0_ where user0_.user_id=?
Hibernate: select character0_.character_id as characte1_6_0_, character0_.character_character_name as characte2_6_0_ from characters character0_ where character0_.character_id=?
Hibernate: select count(*) as col_0_0_ from user user0_ where user0_.user_id=?
Hibernate: select character1_.character_id as characte1_6_, character1_.character_character_name as characte2_6_ from user user0_ inner join characters character1_ on user0_.character_id=character1_.character_id where user0_.user_id=?
Hibernate: select permission0_.character_id as characte6_12_0_, permission0_.permission_id as permissi1_12_0_, permission0_.permission_id as permissi1_12_1_, permission0_.character_id as characte6_12_1_, permission0_.permission_name as permissi2_12_1_, permission0_.permission_permission_unit_id as permissi3_12_1_, permission0_.permission_service as permissi4_12_1_, permission0_.permission_status as permissi5_12_1_ from permission permission0_ where permission0_.character_id=?
Hibernate: select category0_.category_id as col_0_0_ from category category0_ where category0_.category_name=? limit ?
Hibernate: select category0_.category_id as category1_5_1_, category0_.category_name as category2_5_1_, boardlist1_.category_id as category7_4_3_, boardlist1_.board_id as board_id1_4_3_, boardlist1_.board_id as board_id1_4_0_, boardlist1_.category_id as category7_4_0_, boardlist1_.board_content as board_co2_4_0_, boardlist1_.board_created_at as board_cr3_4_0_, boardlist1_.board_last_modified_at as board_la4_4_0_, boardlist1_.board_title as board_ti5_4_0_, boardlist1_.user_id as user_id8_4_0_, boardlist1_.board_views as board_vi6_4_0_ from category category0_ left outer join board boardlist1_ on category0_.category_id=boardlist1_.category_id where category0_.category_id=?
Hibernate: insert into category (category_id, category_name) values (default, ?)
Hibernate: select user0_.user_id as col_0_0_ from user user0_ where user0_.user_user_id=? limit ?
Hibernate: select user0_.user_id as col_0_0_ from user user0_ where user0_.user_user_id=? limit ?
Hibernate: select U.* from USER U where U.USER_USER_ID =?
Hibernate: select character0_.character_id as characte1_6_0_, character0_.character_character_name as characte2_6_0_ from characters character0_ where character0_.character_id=?
Hibernate: select user0_.user_id as col_0_0_ from user user0_ where user0_.user_user_id=? limit ?
Hibernate: select user0_.user_id as col_0_0_ from user user0_ where user0_.user_user_id=? limit ?
Hibernate: select U.* from USER U where U.USER_USER_ID =?
Hibernate: select character0_.character_id as characte1_6_0_, character0_.character_character_name as characte2_6_0_ from characters character0_ where character0_.character_id=?
Hibernate: select user0_.user_id as user_id1_21_0_, user0_.character_id as characte7_21_0_, user0_.user_created_at as user_cre2_21_0_, user0_.user_name as user_nam3_21_0_, user0_.user_phone_number as user_pho4_21_0_, user0_.user_user_id as user_use5_21_0_, user0_.user_user_password as user_use6_21_0_ from user user0_ where user0_.user_id=?
Hibernate: select character0_.character_id as characte1_6_0_, character0_.character_character_name as characte2_6_0_ from characters character0_ where character0_.character_id=?
Hibernate: select count(*) as col_0_0_ from board board0_
Hibernate: select count(*) as col_0_0_ from board board0_
Hibernate: select user0_.user_id as col_0_0_ from user user0_ where user0_.user_user_id=? limit ?
Hibernate: select user0_.user_id as col_0_0_ from user user0_ where user0_.user_user_id=? limit ?
Hibernate: select U.* from USER U where U.USER_USER_ID =?
Hibernate: select character0_.character_id as characte1_6_0_, character0_.character_character_name as characte2_6_0_ from characters character0_ where character0_.character_id=?
Hibernate: select user0_.user_id as user_id1_21_0_, user0_.character_id as characte7_21_0_, user0_.user_created_at as user_cre2_21_0_, user0_.user_name as user_nam3_21_0_, user0_.user_phone_number as user_pho4_21_0_, user0_.user_user_id as user_use5_21_0_, user0_.user_user_password as user_use6_21_0_ from user user0_ where user0_.user_id=?
Hibernate: select character0_.character_id as characte1_6_0_, character0_.character_character_name as characte2_6_0_ from characters character0_ where character0_.character_id=?
Hibernate: select category0_.category_id as category1_5_, category0_.category_name as category2_5_ from category category0_
Hibernate: select boardlist0_.category_id as category7_4_0_, boardlist0_.board_id as board_id1_4_0_, boardlist0_.board_id as board_id1_4_1_, boardlist0_.category_id as category7_4_1_, boardlist0_.board_content as board_co2_4_1_, boardlist0_.board_created_at as board_cr3_4_1_, boardlist0_.board_last_modified_at as board_la4_4_1_, boardlist0_.board_title as board_ti5_4_1_, boardlist0_.user_id as user_id8_4_1_, boardlist0_.board_views as board_vi6_4_1_ from board boardlist0_ where boardlist0_.category_id=?
Hibernate: select boardlist0_.category_id as category7_4_0_, boardlist0_.board_id as board_id1_4_0_, boardlist0_.board_id as board_id1_4_1_, boardlist0_.category_id as category7_4_1_, boardlist0_.board_content as board_co2_4_1_, boardlist0_.board_created_at as board_cr3_4_1_, boardlist0_.board_last_modified_at as board_la4_4_1_, boardlist0_.board_title as board_ti5_4_1_, boardlist0_.user_id as user_id8_4_1_, boardlist0_.board_views as board_vi6_4_1_ from board boardlist0_ where boardlist0_.category_id=?
Hibernate: select user0_.user_id as user_id1_21_0_, user0_.character_id as characte7_21_0_, user0_.user_created_at as user_cre2_21_0_, user0_.user_name as user_nam3_21_0_, user0_.user_phone_number as user_pho4_21_0_, user0_.user_user_id as user_use5_21_0_, user0_.user_user_password as user_use6_21_0_ from user user0_ where user0_.user_id=?
Hibernate: select character0_.character_id as characte1_6_0_, character0_.character_character_name as characte2_6_0_ from characters character0_ where character0_.character_id=?
Hibernate: select count(*) as col_0_0_ from user user0_ where user0_.user_id=?
Hibernate: select character1_.character_id as characte1_6_, character1_.character_character_name as characte2_6_ from user user0_ inner join characters character1_ on user0_.character_id=character1_.character_id where user0_.user_id=?
Hibernate: select permission0_.character_id as characte6_12_0_, permission0_.permission_id as permissi1_12_0_, permission0_.permission_id as permissi1_12_1_, permission0_.character_id as characte6_12_1_, permission0_.permission_name as permissi2_12_1_, permission0_.permission_permission_unit_id as permissi3_12_1_, permission0_.permission_service as permissi4_12_1_, permission0_.permission_status as permissi5_12_1_ from permission permission0_ where permission0_.character_id=?
Hibernate: select count(*) as col_0_0_ from category category0_ where category0_.category_id=?
Hibernate: select count(board0_.board_id) as col_0_0_ from board board0_ where board0_.category_id=?
Hibernate: select category0_.category_id as category1_5_0_, category0_.category_name as category2_5_0_ from category category0_ where category0_.category_id=?
Hibernate: select boardlist0_.category_id as category7_4_0_, boardlist0_.board_id as board_id1_4_0_, boardlist0_.board_id as board_id1_4_1_, boardlist0_.category_id as category7_4_1_, boardlist0_.board_content as board_co2_4_1_, boardlist0_.board_created_at as board_cr3_4_1_, boardlist0_.board_last_modified_at as board_la4_4_1_, boardlist0_.board_title as board_ti5_4_1_, boardlist0_.user_id as user_id8_4_1_, boardlist0_.board_views as board_vi6_4_1_ from board boardlist0_ where boardlist0_.category_id=?
Hibernate: delete from category where category_id=?
Hibernate: select user0_.user_id as user_id1_21_0_, user0_.character_id as characte7_21_0_, user0_.user_created_at as user_cre2_21_0_, user0_.user_name as user_nam3_21_0_, user0_.user_phone_number as user_pho4_21_0_, user0_.user_user_id as user_use5_21_0_, user0_.user_user_password as user_use6_21_0_ from user user0_ where user0_.user_id=?
Hibernate: select character0_.character_id as characte1_6_0_, character0_.character_character_name as characte2_6_0_ from characters character0_ where character0_.character_id=?
Hibernate: select count(*) as col_0_0_ from user user0_ where user0_.user_id=?
Hibernate: select character1_.character_id as characte1_6_, character1_.character_character_name as characte2_6_ from user user0_ inner join characters character1_ on user0_.character_id=character1_.character_id where user0_.user_id=?
Hibernate: select permission0_.character_id as characte6_12_0_, permission0_.permission_id as permissi1_12_0_, permission0_.permission_id as permissi1_12_1_, permission0_.character_id as characte6_12_1_, permission0_.permission_name as permissi2_12_1_, permission0_.permission_permission_unit_id as permissi3_12_1_, permission0_.permission_service as permissi4_12_1_, permission0_.permission_status as permissi5_12_1_ from permission permission0_ where permission0_.character_id=?
Hibernate: select count(*) as col_0_0_ from category category0_ where category0_.category_id=?
Hibernate: select count(board0_.board_id) as col_0_0_ from board board0_ where board0_.category_id=?
Hibernate: select category0_.category_id as category1_5_0_, category0_.category_name as category2_5_0_ from category category0_ where category0_.category_id=?
Hibernate: select boardlist0_.category_id as category7_4_0_, boardlist0_.board_id as board_id1_4_0_, boardlist0_.board_id as board_id1_4_1_, boardlist0_.category_id as category7_4_1_, boardlist0_.board_content as board_co2_4_1_, boardlist0_.board_created_at as board_cr3_4_1_, boardlist0_.board_last_modified_at as board_la4_4_1_, boardlist0_.board_title as board_ti5_4_1_, boardlist0_.user_id as user_id8_4_1_, boardlist0_.board_views as board_vi6_4_1_ from board boardlist0_ where boardlist0_.category_id=?
Hibernate: delete from category where category_id=?
Hibernate: select user0_.user_id as user_id1_21_0_, user0_.character_id as characte7_21_0_, user0_.user_created_at as user_cre2_21_0_, user0_.user_name as user_nam3_21_0_, user0_.user_phone_number as user_pho4_21_0_, user0_.user_user_id as user_use5_21_0_, user0_.user_user_password as user_use6_21_0_ from user user0_ where user0_.user_id=?
Hibernate: select character0_.character_id as characte1_6_0_, character0_.character_character_name as characte2_6_0_ from characters character0_ where character0_.character_id=?
Hibernate: select count(*) as col_0_0_ from user user0_ where user0_.user_id=?
Hibernate: select character1_.character_id as characte1_6_, character1_.character_character_name as characte2_6_ from user user0_ inner join characters character1_ on user0_.character_id=character1_.character_id where user0_.user_id=?
Hibernate: select permission0_.character_id as characte6_12_0_, permission0_.permission_id as permissi1_12_0_, permission0_.permission_id as permissi1_12_1_, permission0_.character_id as characte6_12_1_, permission0_.permission_name as permissi2_12_1_, permission0_.permission_permission_unit_id as permissi3_12_1_, permission0_.permission_service as permissi4_12_1_, permission0_.permission_status as permissi5_12_1_ from permission permission0_ where permission0_.character_id=?
Hibernate: select category0_.category_id as col_0_0_ from category category0_ where category0_.category_name=? limit ?
Hibernate: select category0_.category_id as category1_5_1_, category0_.category_name as category2_5_1_, boardlist1_.category_id as category7_4_3_, boardlist1_.board_id as board_id1_4_3_, boardlist1_.board_id as board_id1_4_0_, boardlist1_.category_id as category7_4_0_, boardlist1_.board_content as board_co2_4_0_, boardlist1_.board_created_at as board_cr3_4_0_, boardlist1_.board_last_modified_at as board_la4_4_0_, boardlist1_.board_title as board_ti5_4_0_, boardlist1_.user_id as user_id8_4_0_, boardlist1_.board_views as board_vi6_4_0_ from category category0_ left outer join board boardlist1_ on category0_.category_id=boardlist1_.category_id where category0_.category_id=?
Hibernate: insert into category (category_id, category_name) values (default, ?)
Hibernate: select user0_.user_id as user_id1_21_0_, user0_.character_id as characte7_21_0_, user0_.user_created_at as user_cre2_21_0_, user0_.user_name as user_nam3_21_0_, user0_.user_phone_number as user_pho4_21_0_, user0_.user_user_id as user_use5_21_0_, user0_.user_user_password as user_use6_21_0_ from user user0_ where user0_.user_id=?
Hibernate: select character0_.character_id as characte1_6_0_, character0_.character_character_name as characte2_6_0_ from characters character0_ where character0_.character_id=?
Hibernate: select count(*) as col_0_0_ from user user0_ where user0_.user_id=?
Hibernate: select character1_.character_id as characte1_6_, character1_.character_character_name as characte2_6_ from user user0_ inner join characters character1_ on user0_.character_id=character1_.character_id where user0_.user_id=?
Hibernate: select permission0_.character_id as characte6_12_0_, permission0_.permission_id as permissi1_12_0_, permission0_.permission_id as permissi1_12_1_, permission0_.character_id as characte6_12_1_, permission0_.permission_name as permissi2_12_1_, permission0_.permission_permission_unit_id as permissi3_12_1_, permission0_.permission_service as permissi4_12_1_, permission0_.permission_status as permissi5_12_1_ from permission permission0_ where permission0_.character_id=?
Hibernate: select category0_.category_id as col_0_0_ from category category0_ where category0_.category_name=? limit ?
Hibernate: select category0_.category_id as category1_5_1_, category0_.category_name as category2_5_1_, boardlist1_.category_id as category7_4_3_, boardlist1_.board_id as board_id1_4_3_, boardlist1_.board_id as board_id1_4_0_, boardlist1_.category_id as category7_4_0_, boardlist1_.board_content as board_co2_4_0_, boardlist1_.board_created_at as board_cr3_4_0_, boardlist1_.board_last_modified_at as board_la4_4_0_, boardlist1_.board_title as board_ti5_4_0_, boardlist1_.user_id as user_id8_4_0_, boardlist1_.board_views as board_vi6_4_0_ from category category0_ left outer join board boardlist1_ on category0_.category_id=boardlist1_.category_id where category0_.category_id=?
Hibernate: insert into category (category_id, category_name) values (default, ?)
Hibernate: select user0_.user_id as col_0_0_ from user user0_ where user0_.user_user_id=? limit ?
Hibernate: select user0_.user_id as col_0_0_ from user user0_ where user0_.user_user_id=? limit ?
Hibernate: select U.* from USER U where U.USER_USER_ID =?
Hibernate: select character0_.character_id as characte1_6_0_, character0_.character_character_name as characte2_6_0_ from characters character0_ where character0_.character_id=?
Hibernate: select user0_.user_id as col_0_0_ from user user0_ where user0_.user_user_id=? limit ?
Hibernate: select user0_.user_id as col_0_0_ from user user0_ where user0_.user_user_id=? limit ?
Hibernate: select U.* from USER U where U.USER_USER_ID =?
Hibernate: select character0_.character_id as characte1_6_0_, character0_.character_character_name as characte2_6_0_ from characters character0_ where character0_.character_id=?
Hibernate: select user0_.user_id as col_0_0_ from user user0_ where user0_.user_user_id=? limit ?
Hibernate: select user0_.user_id as col_0_0_ from user user0_ where user0_.user_user_id=? limit ?
Hibernate: select U.* from USER U where U.USER_USER_ID =?
Hibernate: select character0_.character_id as characte1_6_0_, character0_.character_character_name as characte2_6_0_ from characters character0_ where character0_.character_id=?
Hibernate: select user0_.user_id as col_0_0_ from user user0_ where user0_.user_user_id=? limit ?
Hibernate: select userjoinin0_.user_joining_pool_id as col_0_0_ from user_joining_pool userjoinin0_ where userjoinin0_.user_user_id=? limit ?
Hibernate: select character0_.character_id as col_0_0_ from characters character0_ where character0_.character_character_name=? limit ?
Hibernate: insert into user_joining_pool (user_joining_pool_id, user_created_at, user_name, user_phone_number, user_user_id, user_user_password) values (default, ?, ?, ?, ?, ?)
Hibernate: select user0_.user_id as user_id1_21_0_, user0_.character_id as characte7_21_0_, user0_.user_created_at as user_cre2_21_0_, user0_.user_name as user_nam3_21_0_, user0_.user_phone_number as user_pho4_21_0_, user0_.user_user_id as user_use5_21_0_, user0_.user_user_password as user_use6_21_0_ from user user0_ where user0_.user_id=?
Hibernate: select character0_.character_id as characte1_6_0_, character0_.character_character_name as characte2_6_0_ from characters character0_ where character0_.character_id=?
Hibernate: select count(*) as col_0_0_ from user user0_ where user0_.user_id=?
Hibernate: select character1_.character_id as characte1_6_, character1_.character_character_name as characte2_6_ from user user0_ inner join characters character1_ on user0_.character_id=character1_.character_id where user0_.user_id=?
Hibernate: select permission0_.character_id as characte6_12_0_, permission0_.permission_id as permissi1_12_0_, permission0_.permission_id as permissi1_12_1_, permission0_.character_id as characte6_12_1_, permission0_.permission_name as permissi2_12_1_, permission0_.permission_permission_unit_id as permissi3_12_1_, permission0_.permission_service as permissi4_12_1_, permission0_.permission_status as permissi5_12_1_ from permission permission0_ where permission0_.character_id=?
Hibernate: select userjoinin0_.user_joining_pool_id as col_0_0_ from user_joining_pool userjoinin0_ where userjoinin0_.user_user_id=? limit ?
Hibernate: select userjoinin0_.user_joining_pool_id as user_joi1_22_, userjoinin0_.user_created_at as user_cre2_22_, userjoinin0_.user_name as user_nam3_22_, userjoinin0_.user_phone_number as user_pho4_22_, userjoinin0_.user_user_id as user_use5_22_, userjoinin0_.user_user_password as user_use6_22_ from user_joining_pool userjoinin0_ where userjoinin0_.user_user_id=?
Hibernate: select character0_.character_id as characte1_6_, character0_.character_character_name as characte2_6_ from characters character0_ where character0_.character_character_name=?
Hibernate: insert into user (user_id, character_id, user_created_at, user_name, user_phone_number, user_user_id, user_user_password) values (default, ?, ?, ?, ?, ?, ?)
Hibernate: DELETE FROM USER_JOINING_POOL as JU where JU.USER_USER_ID =?
Hibernate: select user0_.user_id as col_0_0_ from user user0_ where user0_.user_user_id=? limit ?
Hibernate: select user0_.user_id as col_0_0_ from user user0_ where user0_.user_user_id=? limit ?
Hibernate: select U.* from USER U where U.USER_USER_ID =?
Hibernate: select character0_.character_id as characte1_6_0_, character0_.character_character_name as characte2_6_0_ from characters character0_ where character0_.character_id=?
Hibernate: select user0_.user_id as col_0_0_ from user user0_ where user0_.user_user_id=? limit ?
Hibernate: select user0_.user_id as col_0_0_ from user user0_ where user0_.user_user_id=? limit ?
Hibernate: select U.* from USER U where U.USER_USER_ID =?
Hibernate: select character0_.character_id as characte1_6_0_, character0_.character_character_name as characte2_6_0_ from characters character0_ where character0_.character_id=?
Hibernate: select user0_.user_id as user_id1_21_0_, user0_.character_id as characte7_21_0_, user0_.user_created_at as user_cre2_21_0_, user0_.user_name as user_nam3_21_0_, user0_.user_phone_number as user_pho4_21_0_, user0_.user_user_id as user_use5_21_0_, user0_.user_user_password as user_use6_21_0_ from user user0_ where user0_.user_id=?
Hibernate: select character0_.character_id as characte1_6_0_, character0_.character_character_name as characte2_6_0_ from characters character0_ where character0_.character_id=?
Hibernate: select count(*) as col_0_0_ from user user0_ where user0_.user_id=?
Hibernate: select character1_.character_id as characte1_6_, character1_.character_character_name as characte2_6_ from user user0_ inner join characters character1_ on user0_.character_id=character1_.character_id where user0_.user_id=?
Hibernate: select permission0_.character_id as characte6_12_0_, permission0_.permission_id as permissi1_12_0_, permission0_.permission_id as permissi1_12_1_, permission0_.character_id as characte6_12_1_, permission0_.permission_name as permissi2_12_1_, permission0_.permission_permission_unit_id as permissi3_12_1_, permission0_.permission_service as permissi4_12_1_, permission0_.permission_status as permissi5_12_1_ from permission permission0_ where permission0_.character_id=?
Hibernate: select category0_.category_id as col_0_0_ from category category0_ where category0_.category_name=? limit ?
Hibernate: select category0_.category_id as category1_5_1_, category0_.category_name as category2_5_1_, boardlist1_.category_id as category7_4_3_, boardlist1_.board_id as board_id1_4_3_, boardlist1_.board_id as board_id1_4_0_, boardlist1_.category_id as category7_4_0_, boardlist1_.board_content as board_co2_4_0_, boardlist1_.board_created_at as board_cr3_4_0_, boardlist1_.board_last_modified_at as board_la4_4_0_, boardlist1_.board_title as board_ti5_4_0_, boardlist1_.user_id as user_id8_4_0_, boardlist1_.board_views as board_vi6_4_0_ from category category0_ left outer join board boardlist1_ on category0_.category_id=boardlist1_.category_id where category0_.category_id=?
Hibernate: insert into category (category_id, category_name) values (default, ?)
Hibernate: select user0_.user_id as user_id1_21_0_, user0_.character_id as characte7_21_0_, user0_.user_created_at as user_cre2_21_0_, user0_.user_name as user_nam3_21_0_, user0_.user_phone_number as user_pho4_21_0_, user0_.user_user_id as user_use5_21_0_, user0_.user_user_password as user_use6_21_0_ from user user0_ where user0_.user_id=?
Hibernate: select character0_.character_id as characte1_6_0_, character0_.character_character_name as characte2_6_0_ from characters character0_ where character0_.character_id=?
Hibernate: select category0_.category_id as category1_5_, category0_.category_name as category2_5_ from category category0_
Hibernate: select boardlist0_.category_id as category7_4_0_, boardlist0_.board_id as board_id1_4_0_, boardlist0_.board_id as board_id1_4_1_, boardlist0_.category_id as category7_4_1_, boardlist0_.board_content as board_co2_4_1_, boardlist0_.board_created_at as board_cr3_4_1_, boardlist0_.board_last_modified_at as board_la4_4_1_, boardlist0_.board_title as board_ti5_4_1_, boardlist0_.user_id as user_id8_4_1_, boardlist0_.board_views as board_vi6_4_1_ from board boardlist0_ where boardlist0_.category_id=?
Hibernate: select boardlist0_.category_id as category7_4_0_, boardlist0_.board_id as board_id1_4_0_, boardlist0_.board_id as board_id1_4_1_, boardlist0_.category_id as category7_4_1_, boardlist0_.board_content as board_co2_4_1_, boardlist0_.board_created_at as board_cr3_4_1_, boardlist0_.board_last_modified_at as board_la4_4_1_, boardlist0_.board_title as board_ti5_4_1_, boardlist0_.user_id as user_id8_4_1_, boardlist0_.board_views as board_vi6_4_1_ from board boardlist0_ where boardlist0_.category_id=?
Hibernate: select boardlist0_.category_id as category7_4_0_, boardlist0_.board_id as board_id1_4_0_, boardlist0_.board_id as board_id1_4_1_, boardlist0_.category_id as category7_4_1_, boardlist0_.board_content as board_co2_4_1_, boardlist0_.board_created_at as board_cr3_4_1_, boardlist0_.board_last_modified_at as board_la4_4_1_, boardlist0_.board_title as board_ti5_4_1_, boardlist0_.user_id as user_id8_4_1_, boardlist0_.board_views as board_vi6_4_1_ from board boardlist0_ where boardlist0_.category_id=?
Hibernate: select user0_.user_id as user_id1_21_0_, user0_.character_id as characte7_21_0_, user0_.user_created_at as user_cre2_21_0_, user0_.user_name as user_nam3_21_0_, user0_.user_phone_number as user_pho4_21_0_, user0_.user_user_id as user_use5_21_0_, user0_.user_user_password as user_use6_21_0_ from user user0_ where user0_.user_id=?
Hibernate: select character0_.character_id as characte1_6_0_, character0_.character_character_name as characte2_6_0_ from characters character0_ where character0_.character_id=?
Hibernate: select count(*) as col_0_0_ from user user0_ where user0_.user_id=?
Hibernate: select character1_.character_id as characte1_6_, character1_.character_character_name as characte2_6_ from user user0_ inner join characters character1_ on user0_.character_id=character1_.character_id where user0_.user_id=?
Hibernate: select permission0_.character_id as characte6_12_0_, permission0_.permission_id as permissi1_12_0_, permission0_.permission_id as permissi1_12_1_, permission0_.character_id as characte6_12_1_, permission0_.permission_name as permissi2_12_1_, permission0_.permission_permission_unit_id as permissi3_12_1_, permission0_.permission_service as permissi4_12_1_, permission0_.permission_status as permissi5_12_1_ from permission permission0_ where permission0_.character_id=?
Hibernate: select count(*) as col_0_0_ from category category0_ where category0_.category_id=?
Hibernate: insert into filename (filename_id, filename_origin, filename_uuid) values (default, ?, ?)
Hibernate: insert into filename (filename_id, filename_origin, filename_uuid) values (default, ?, ?)
Hibernate: select category0_.category_id as category1_5_0_, category0_.category_name as category2_5_0_ from category category0_ where category0_.category_id=?
Hibernate: insert into board (board_id, category_id, board_content, board_created_at, board_last_modified_at, board_title, user_id, board_views) values (default, ?, ?, ?, ?, ?, ?, ?)
Hibernate: insert into reaction (reaction_id, board_id, reaction_type) values (default, ?, ?)
Hibernate: insert into reaction (reaction_id, board_id, reaction_type) values (default, ?, ?)
Hibernate: insert into reaction (reaction_id, board_id, reaction_type) values (default, ?, ?)
Hibernate: insert into reaction (reaction_id, board_id, reaction_type) values (default, ?, ?)
Hibernate: insert into reaction (reaction_id, board_id, reaction_type) values (default, ?, ?)
Hibernate: insert into reaction (reaction_id, board_id, reaction_type) values (default, ?, ?)
Hibernate: insert into file_path_list (board_board_id, board_file_path_list) values (?, ?)
Hibernate: insert into image_path_list (board_board_id, board_image_path_list) values (?, ?)
Hibernate: select user0_.user_id as user_id1_21_0_, user0_.character_id as characte7_21_0_, user0_.user_created_at as user_cre2_21_0_, user0_.user_name as user_nam3_21_0_, user0_.user_phone_number as user_pho4_21_0_, user0_.user_user_id as user_use5_21_0_, user0_.user_user_password as user_use6_21_0_ from user user0_ where user0_.user_id=?
Hibernate: select character0_.character_id as characte1_6_0_, character0_.character_character_name as characte2_6_0_ from characters character0_ where character0_.character_id=?
Hibernate: select count(*) as col_0_0_ from board board0_
Hibernate: select board0_.board_id as board_id1_4_, board0_.category_id as category7_4_, board0_.board_content as board_co2_4_, board0_.board_created_at as board_cr3_4_, board0_.board_last_modified_at as board_la4_4_, board0_.board_title as board_ti5_4_, board0_.user_id as user_id8_4_, board0_.board_views as board_vi6_4_ from board board0_ limit ?
Hibernate: select category0_.category_id as category1_5_0_, category0_.category_name as category2_5_0_ from category category0_ where category0_.category_id=?
Hibernate: select reactionli0_.board_id as board_id3_13_0_, reactionli0_.reaction_id as reaction1_13_0_, reactionli0_.reaction_id as reaction1_13_1_, reactionli0_.board_id as board_id3_13_1_, reactionli0_.reaction_type as reaction2_13_1_ from reaction reactionli0_ where reactionli0_.board_id=?
Hibernate: select reactionus0_.reaction_id as reaction2_14_0_, reactionus0_.reaction_user_id as reaction1_14_0_, reactionus0_.reaction_user_id as reaction1_14_1_, reactionus0_.reaction_id as reaction2_14_1_, reactionus0_.user_id as user_id3_14_1_ from reaction_user reactionus0_ where reactionus0_.reaction_id=?
Hibernate: select reactionus0_.reaction_id as reaction2_14_0_, reactionus0_.reaction_user_id as reaction1_14_0_, reactionus0_.reaction_user_id as reaction1_14_1_, reactionus0_.reaction_id as reaction2_14_1_, reactionus0_.user_id as user_id3_14_1_ from reaction_user reactionus0_ where reactionus0_.reaction_id=?
Hibernate: select reactionus0_.reaction_id as reaction2_14_0_, reactionus0_.reaction_user_id as reaction1_14_0_, reactionus0_.reaction_user_id as reaction1_14_1_, reactionus0_.reaction_id as reaction2_14_1_, reactionus0_.user_id as user_id3_14_1_ from reaction_user reactionus0_ where reactionus0_.reaction_id=?
Hibernate: select reactionus0_.reaction_id as reaction2_14_0_, reactionus0_.reaction_user_id as reaction1_14_0_, reactionus0_.reaction_user_id as reaction1_14_1_, reactionus0_.reaction_id as reaction2_14_1_, reactionus0_.user_id as user_id3_14_1_ from reaction_user reactionus0_ where reactionus0_.reaction_id=?
Hibernate: select reactionus0_.reaction_id as reaction2_14_0_, reactionus0_.reaction_user_id as reaction1_14_0_, reactionus0_.reaction_user_id as reaction1_14_1_, reactionus0_.reaction_id as reaction2_14_1_, reactionus0_.user_id as user_id3_14_1_ from reaction_user reactionus0_ where reactionus0_.reaction_id=?
Hibernate: select reactionus0_.reaction_id as reaction2_14_0_, reactionus0_.reaction_user_id as reaction1_14_0_, reactionus0_.reaction_user_id as reaction1_14_1_, reactionus0_.reaction_id as reaction2_14_1_, reactionus0_.user_id as user_id3_14_1_ from reaction_user reactionus0_ where reactionus0_.reaction_id=?
Hibernate: select commentlis0_.board_id as board_id5_7_0_, commentlis0_.comment_id as comment_1_7_0_, commentlis0_.comment_id as comment_1_7_1_, commentlis0_.board_id as board_id5_7_1_, commentlis0_.comment_content as comment_2_7_1_, commentlis0_.comment_created_at as comment_3_7_1_, commentlis0_.comment_last_modified_at as comment_4_7_1_, commentlis0_.user_id as user_id6_7_1_ from comment commentlis0_ where commentlis0_.board_id=?
Hibernate: select boardlist0_.category_id as category7_4_0_, boardlist0_.board_id as board_id1_4_0_, boardlist0_.board_id as board_id1_4_1_, boardlist0_.category_id as category7_4_1_, boardlist0_.board_content as board_co2_4_1_, boardlist0_.board_created_at as board_cr3_4_1_, boardlist0_.board_last_modified_at as board_la4_4_1_, boardlist0_.board_title as board_ti5_4_1_, boardlist0_.user_id as user_id8_4_1_, boardlist0_.board_views as board_vi6_4_1_ from board boardlist0_ where boardlist0_.category_id=?
Hibernate: select count(comment0_.comment_id) as col_0_0_ from comment comment0_ where comment0_.board_id=?
Hibernate: select count(*) as col_0_0_ from board board0_
Hibernate: select imagepathl0_.board_board_id as board_bo1_11_0_, imagepathl0_.board_image_path_list as board_im2_11_0_ from image_path_list imagepathl0_ where imagepathl0_.board_board_id=?
Hibernate: select filename0_.filename_id as filename1_9_, filename0_.filename_origin as filename2_9_, filename0_.filename_uuid as filename3_9_ from filename filename0_ where filename0_.filename_uuid=?
Hibernate: select filepathli0_.board_board_id as board_bo1_8_0_, filepathli0_.board_file_path_list as board_fi2_8_0_ from file_path_list filepathli0_ where filepathli0_.board_board_id=?
Hibernate: select filename0_.filename_id as filename1_9_, filename0_.filename_origin as filename2_9_, filename0_.filename_uuid as filename3_9_ from filename filename0_ where filename0_.filename_uuid=?
Hibernate: select user0_.user_id as user_id1_21_0_, user0_.character_id as characte7_21_0_, user0_.user_created_at as user_cre2_21_0_, user0_.user_name as user_nam3_21_0_, user0_.user_phone_number as user_pho4_21_0_, user0_.user_user_id as user_use5_21_0_, user0_.user_user_password as user_use6_21_0_ from user user0_ where user0_.user_id=?
Hibernate: select character0_.character_id as characte1_6_0_, character0_.character_character_name as characte2_6_0_ from characters character0_ where character0_.character_id=?
Hibernate: select count(*) as col_0_0_ from user user0_ where user0_.user_id=?
Hibernate: select character1_.character_id as characte1_6_, character1_.character_character_name as characte2_6_ from user user0_ inner join characters character1_ on user0_.character_id=character1_.character_id where user0_.user_id=?
Hibernate: select permission0_.character_id as characte6_12_0_, permission0_.permission_id as permissi1_12_0_, permission0_.permission_id as permissi1_12_1_, permission0_.character_id as characte6_12_1_, permission0_.permission_name as permissi2_12_1_, permission0_.permission_permission_unit_id as permissi3_12_1_, permission0_.permission_service as permissi4_12_1_, permission0_.permission_status as permissi5_12_1_ from permission permission0_ where permission0_.character_id=?
Hibernate: select count(*) as col_0_0_ from board board0_ where board0_.board_id=?
Hibernate: select board0_.board_id as board_id1_4_0_, board0_.category_id as category7_4_0_, board0_.board_content as board_co2_4_0_, board0_.board_created_at as board_cr3_4_0_, board0_.board_last_modified_at as board_la4_4_0_, board0_.board_title as board_ti5_4_0_, board0_.user_id as user_id8_4_0_, board0_.board_views as board_vi6_4_0_ from board board0_ where board0_.board_id=?
Hibernate: select category0_.category_id as category1_5_0_, category0_.category_name as category2_5_0_ from category category0_ where category0_.category_id=?
Hibernate: insert into comment (comment_id, board_id, comment_content, comment_created_at, comment_last_modified_at, user_id) values (default, ?, ?, ?, ?, ?)
Hibernate: select user0_.user_id as user_id1_21_0_, user0_.character_id as characte7_21_0_, user0_.user_created_at as user_cre2_21_0_, user0_.user_name as user_nam3_21_0_, user0_.user_phone_number as user_pho4_21_0_, user0_.user_user_id as user_use5_21_0_, user0_.user_user_password as user_use6_21_0_ from user user0_ where user0_.user_id=?
Hibernate: select character0_.character_id as characte1_6_0_, character0_.character_character_name as characte2_6_0_ from characters character0_ where character0_.character_id=?
Hibernate: select count(*) as col_0_0_ from user user0_ where user0_.user_id=?
Hibernate: select character1_.character_id as characte1_6_, character1_.character_character_name as characte2_6_ from user user0_ inner join characters character1_ on user0_.character_id=character1_.character_id where user0_.user_id=?
Hibernate: select permission0_.character_id as characte6_12_0_, permission0_.permission_id as permissi1_12_0_, permission0_.permission_id as permissi1_12_1_, permission0_.character_id as characte6_12_1_, permission0_.permission_name as permissi2_12_1_, permission0_.permission_permission_unit_id as permissi3_12_1_, permission0_.permission_service as permissi4_12_1_, permission0_.permission_status as permissi5_12_1_ from permission permission0_ where permission0_.character_id=?
Hibernate: select count(*) as col_0_0_ from board board0_ where board0_.board_id=?
Hibernate: select board0_.board_id as board_id1_4_0_, board0_.category_id as category7_4_0_, board0_.board_content as board_co2_4_0_, board0_.board_created_at as board_cr3_4_0_, board0_.board_last_modified_at as board_la4_4_0_, board0_.board_title as board_ti5_4_0_, board0_.user_id as user_id8_4_0_, board0_.board_views as board_vi6_4_0_ from board board0_ where board0_.board_id=?
Hibernate: select category0_.category_id as category1_5_0_, category0_.category_name as category2_5_0_ from category category0_ where category0_.category_id=?
Hibernate: insert into comment (comment_id, board_id, comment_content, comment_created_at, comment_last_modified_at, user_id) values (default, ?, ?, ?, ?, ?)
Hibernate: select user0_.user_id as user_id1_21_0_, user0_.character_id as characte7_21_0_, user0_.user_created_at as user_cre2_21_0_, user0_.user_name as user_nam3_21_0_, user0_.user_phone_number as user_pho4_21_0_, user0_.user_user_id as user_use5_21_0_, user0_.user_user_password as user_use6_21_0_ from user user0_ where user0_.user_id=?
Hibernate: select character0_.character_id as characte1_6_0_, character0_.character_character_name as characte2_6_0_ from characters character0_ where character0_.character_id=?
Hibernate: select count(*) as col_0_0_ from user user0_ where user0_.user_id=?
Hibernate: select character1_.character_id as characte1_6_, character1_.character_character_name as characte2_6_ from user user0_ inner join characters character1_ on user0_.character_id=character1_.character_id where user0_.user_id=?
Hibernate: select permission0_.character_id as characte6_12_0_, permission0_.permission_id as permissi1_12_0_, permission0_.permission_id as permissi1_12_1_, permission0_.character_id as characte6_12_1_, permission0_.permission_name as permissi2_12_1_, permission0_.permission_permission_unit_id as permissi3_12_1_, permission0_.permission_service as permissi4_12_1_, permission0_.permission_status as permissi5_12_1_ from permission permission0_ where permission0_.character_id=?
Hibernate: select user0_.user_id as col_0_0_ from user user0_ where user0_.user_user_id=? limit ?
Hibernate: select user0_.user_id as col_0_0_ from user user0_ where user0_.user_user_id=? limit ?
Hibernate: select U.* from USER U where U.USER_USER_ID =?
Hibernate: select character0_.character_id as characte1_6_0_, character0_.character_character_name as characte2_6_0_ from characters character0_ where character0_.character_id=?
Hibernate: select user0_.user_id as user_id1_21_0_, user0_.character_id as characte7_21_0_, user0_.user_created_at as user_cre2_21_0_, user0_.user_name as user_nam3_21_0_, user0_.user_phone_number as user_pho4_21_0_, user0_.user_user_id as user_use5_21_0_, user0_.user_user_password as user_use6_21_0_ from user user0_ where user0_.user_id=?
Hibernate: select character0_.character_id as characte1_6_0_, character0_.character_character_name as characte2_6_0_ from characters character0_ where character0_.character_id=?
Hibernate: select count(*) as col_0_0_ from board board0_
Hibernate: select board0_.board_id as board_id1_4_, board0_.category_id as category7_4_, board0_.board_content as board_co2_4_, board0_.board_created_at as board_cr3_4_, board0_.board_last_modified_at as board_la4_4_, board0_.board_title as board_ti5_4_, board0_.user_id as user_id8_4_, board0_.board_views as board_vi6_4_ from board board0_ limit ?
Hibernate: select category0_.category_id as category1_5_0_, category0_.category_name as category2_5_0_ from category category0_ where category0_.category_id=?
Hibernate: select reactionli0_.board_id as board_id3_13_0_, reactionli0_.reaction_id as reaction1_13_0_, reactionli0_.reaction_id as reaction1_13_1_, reactionli0_.board_id as board_id3_13_1_, reactionli0_.reaction_type as reaction2_13_1_ from reaction reactionli0_ where reactionli0_.board_id=?
Hibernate: select reactionus0_.reaction_id as reaction2_14_0_, reactionus0_.reaction_user_id as reaction1_14_0_, reactionus0_.reaction_user_id as reaction1_14_1_, reactionus0_.reaction_id as reaction2_14_1_, reactionus0_.user_id as user_id3_14_1_ from reaction_user reactionus0_ where reactionus0_.reaction_id=?
Hibernate: select reactionus0_.reaction_id as reaction2_14_0_, reactionus0_.reaction_user_id as reaction1_14_0_, reactionus0_.reaction_user_id as reaction1_14_1_, reactionus0_.reaction_id as reaction2_14_1_, reactionus0_.user_id as user_id3_14_1_ from reaction_user reactionus0_ where reactionus0_.reaction_id=?
Hibernate: select reactionus0_.reaction_id as reaction2_14_0_, reactionus0_.reaction_user_id as reaction1_14_0_, reactionus0_.reaction_user_id as reaction1_14_1_, reactionus0_.reaction_id as reaction2_14_1_, reactionus0_.user_id as user_id3_14_1_ from reaction_user reactionus0_ where reactionus0_.reaction_id=?
Hibernate: select reactionus0_.reaction_id as reaction2_14_0_, reactionus0_.reaction_user_id as reaction1_14_0_, reactionus0_.reaction_user_id as reaction1_14_1_, reactionus0_.reaction_id as reaction2_14_1_, reactionus0_.user_id as user_id3_14_1_ from reaction_user reactionus0_ where reactionus0_.reaction_id=?
Hibernate: select reactionus0_.reaction_id as reaction2_14_0_, reactionus0_.reaction_user_id as reaction1_14_0_, reactionus0_.reaction_user_id as reaction1_14_1_, reactionus0_.reaction_id as reaction2_14_1_, reactionus0_.user_id as user_id3_14_1_ from reaction_user reactionus0_ where reactionus0_.reaction_id=?
Hibernate: select reactionus0_.reaction_id as reaction2_14_0_, reactionus0_.reaction_user_id as reaction1_14_0_, reactionus0_.reaction_user_id as reaction1_14_1_, reactionus0_.reaction_id as reaction2_14_1_, reactionus0_.user_id as user_id3_14_1_ from reaction_user reactionus0_ where reactionus0_.reaction_id=?
Hibernate: select commentlis0_.board_id as board_id5_7_0_, commentlis0_.comment_id as comment_1_7_0_, commentlis0_.comment_id as comment_1_7_1_, commentlis0_.board_id as board_id5_7_1_, commentlis0_.comment_content as comment_2_7_1_, commentlis0_.comment_created_at as comment_3_7_1_, commentlis0_.comment_last_modified_at as comment_4_7_1_, commentlis0_.user_id as user_id6_7_1_ from comment commentlis0_ where commentlis0_.board_id=?
Hibernate: select boardlist0_.category_id as category7_4_0_, boardlist0_.board_id as board_id1_4_0_, boardlist0_.board_id as board_id1_4_1_, boardlist0_.category_id as category7_4_1_, boardlist0_.board_content as board_co2_4_1_, boardlist0_.board_created_at as board_cr3_4_1_, boardlist0_.board_last_modified_at as board_la4_4_1_, boardlist0_.board_title as board_ti5_4_1_, boardlist0_.user_id as user_id8_4_1_, boardlist0_.board_views as board_vi6_4_1_ from board boardlist0_ where boardlist0_.category_id=?
Hibernate: select count(comment0_.comment_id) as col_0_0_ from comment comment0_ where comment0_.board_id=?
Hibernate: select count(*) as col_0_0_ from board board0_
Hibernate: select imagepathl0_.board_board_id as board_bo1_11_0_, imagepathl0_.board_image_path_list as board_im2_11_0_ from image_path_list imagepathl0_ where imagepathl0_.board_board_id=?
Hibernate: select filename0_.filename_id as filename1_9_, filename0_.filename_origin as filename2_9_, filename0_.filename_uuid as filename3_9_ from filename filename0_ where filename0_.filename_uuid=?
Hibernate: select filepathli0_.board_board_id as board_bo1_8_0_, filepathli0_.board_file_path_list as board_fi2_8_0_ from file_path_list filepathli0_ where filepathli0_.board_board_id=?
Hibernate: select filename0_.filename_id as filename1_9_, filename0_.filename_origin as filename2_9_, filename0_.filename_uuid as filename3_9_ from filename filename0_ where filename0_.filename_uuid=?
Hibernate: select U.* from USER U join BOARD B where U.USER_ID = B.USER_ID and B.BOARD_ID = ?
Hibernate: select character0_.character_id as characte1_6_0_, character0_.character_character_name as characte2_6_0_ from characters character0_ where character0_.character_id=?
Hibernate: select count(*) as col_0_0_ from user user0_ where user0_.user_id=?
Hibernate: select character1_.character_id as characte1_6_, character1_.character_character_name as characte2_6_ from user user0_ inner join characters character1_ on user0_.character_id=character1_.character_id where user0_.user_id=?
Hibernate: select permission0_.character_id as characte6_12_0_, permission0_.permission_id as permissi1_12_0_, permission0_.permission_id as permissi1_12_1_, permission0_.character_id as characte6_12_1_, permission0_.permission_name as permissi2_12_1_, permission0_.permission_permission_unit_id as permissi3_12_1_, permission0_.permission_service as permissi4_12_1_, permission0_.permission_status as permissi5_12_1_ from permission permission0_ where permission0_.character_id=?
Hibernate: select count(*) as col_0_0_ from board board0_ where board0_.board_id=?
Hibernate: select board0_.board_id as board_id1_4_0_, board0_.category_id as category7_4_0_, board0_.board_content as board_co2_4_0_, board0_.board_created_at as board_cr3_4_0_, board0_.board_last_modified_at as board_la4_4_0_, board0_.board_title as board_ti5_4_0_, board0_.user_id as user_id8_4_0_, board0_.board_views as board_vi6_4_0_ from board board0_ where board0_.board_id=?
Hibernate: select category0_.category_id as category1_5_0_, category0_.category_name as category2_5_0_ from category category0_ where category0_.category_id=?
Hibernate: select reactionli0_.board_id as board_id3_13_0_, reactionli0_.reaction_id as reaction1_13_0_, reactionli0_.reaction_id as reaction1_13_1_, reactionli0_.board_id as board_id3_13_1_, reactionli0_.reaction_type as reaction2_13_1_ from reaction reactionli0_ where reactionli0_.board_id=?
Hibernate: select reactionus0_.reaction_id as reaction2_14_0_, reactionus0_.reaction_user_id as reaction1_14_0_, reactionus0_.reaction_user_id as reaction1_14_1_, reactionus0_.reaction_id as reaction2_14_1_, reactionus0_.user_id as user_id3_14_1_ from reaction_user reactionus0_ where reactionus0_.reaction_id=?
Hibernate: select reactionus0_.reaction_id as reaction2_14_0_, reactionus0_.reaction_user_id as reaction1_14_0_, reactionus0_.reaction_user_id as reaction1_14_1_, reactionus0_.reaction_id as reaction2_14_1_, reactionus0_.user_id as user_id3_14_1_ from reaction_user reactionus0_ where reactionus0_.reaction_id=?
Hibernate: select reactionus0_.reaction_id as reaction2_14_0_, reactionus0_.reaction_user_id as reaction1_14_0_, reactionus0_.reaction_user_id as reaction1_14_1_, reactionus0_.reaction_id as reaction2_14_1_, reactionus0_.user_id as user_id3_14_1_ from reaction_user reactionus0_ where reactionus0_.reaction_id=?
Hibernate: select reactionus0_.reaction_id as reaction2_14_0_, reactionus0_.reaction_user_id as reaction1_14_0_, reactionus0_.reaction_user_id as reaction1_14_1_, reactionus0_.reaction_id as reaction2_14_1_, reactionus0_.user_id as user_id3_14_1_ from reaction_user reactionus0_ where reactionus0_.reaction_id=?
Hibernate: select reactionus0_.reaction_id as reaction2_14_0_, reactionus0_.reaction_user_id as reaction1_14_0_, reactionus0_.reaction_user_id as reaction1_14_1_, reactionus0_.reaction_id as reaction2_14_1_, reactionus0_.user_id as user_id3_14_1_ from reaction_user reactionus0_ where reactionus0_.reaction_id=?
Hibernate: select reactionus0_.reaction_id as reaction2_14_0_, reactionus0_.reaction_user_id as reaction1_14_0_, reactionus0_.reaction_user_id as reaction1_14_1_, reactionus0_.reaction_id as reaction2_14_1_, reactionus0_.user_id as user_id3_14_1_ from reaction_user reactionus0_ where reactionus0_.reaction_id=?
Hibernate: select commentlis0_.board_id as board_id5_7_0_, commentlis0_.comment_id as comment_1_7_0_, commentlis0_.comment_id as comment_1_7_1_, commentlis0_.board_id as board_id5_7_1_, commentlis0_.comment_content as comment_2_7_1_, commentlis0_.comment_created_at as comment_3_7_1_, commentlis0_.comment_last_modified_at as comment_4_7_1_, commentlis0_.user_id as user_id6_7_1_ from comment commentlis0_ where commentlis0_.board_id=?
Hibernate: select boardlist0_.category_id as category7_4_0_, boardlist0_.board_id as board_id1_4_0_, boardlist0_.board_id as board_id1_4_1_, boardlist0_.category_id as category7_4_1_, boardlist0_.board_content as board_co2_4_1_, boardlist0_.board_created_at as board_cr3_4_1_, boardlist0_.board_last_modified_at as board_la4_4_1_, boardlist0_.board_title as board_ti5_4_1_, boardlist0_.user_id as user_id8_4_1_, boardlist0_.board_views as board_vi6_4_1_ from board boardlist0_ where boardlist0_.category_id=?
Hibernate: select count(comment0_.comment_id) as col_0_0_ from comment comment0_ where comment0_.board_id=?
Hibernate: update board set category_id=?, board_content=?, board_created_at=?, board_last_modified_at=?, board_title=?, user_id=?, board_views=? where board_id=?
Hibernate: select filepathli0_.board_board_id as board_bo1_8_0_, filepathli0_.board_file_path_list as board_fi2_8_0_ from file_path_list filepathli0_ where filepathli0_.board_board_id=?
Hibernate: select filename0_.filename_id as filename1_9_, filename0_.filename_origin as filename2_9_, filename0_.filename_uuid as filename3_9_ from filename filename0_ where filename0_.filename_uuid=?
Hibernate: delete from filename where filename_id=?
Hibernate: select imagepathl0_.board_board_id as board_bo1_11_0_, imagepathl0_.board_image_path_list as board_im2_11_0_ from image_path_list imagepathl0_ where imagepathl0_.board_board_id=?
Hibernate: select filename0_.filename_id as filename1_9_, filename0_.filename_origin as filename2_9_, filename0_.filename_uuid as filename3_9_ from filename filename0_ where filename0_.filename_uuid=?
Hibernate: delete from filename where filename_id=?
Hibernate: select count(*) as col_0_0_ from board board0_ where board0_.board_id=?
Hibernate: delete from file_path_list where board_board_id=?
Hibernate: delete from image_path_list where board_board_id=?
Hibernate: delete from comment where comment_id=?
Hibernate: delete from comment where comment_id=?
Hibernate: delete from reaction where reaction_id=?
Hibernate: delete from reaction where reaction_id=?
Hibernate: delete from reaction where reaction_id=?
Hibernate: delete from reaction where reaction_id=?
Hibernate: delete from reaction where reaction_id=?
Hibernate: delete from reaction where reaction_id=?
Hibernate: delete from board where board_id=?
Hibernate: select user0_.user_id as user_id1_21_0_, user0_.character_id as characte7_21_0_, user0_.user_created_at as user_cre2_21_0_, user0_.user_name as user_nam3_21_0_, user0_.user_phone_number as user_pho4_21_0_, user0_.user_user_id as user_use5_21_0_, user0_.user_user_password as user_use6_21_0_ from user user0_ where user0_.user_id=?
Hibernate: select character0_.character_id as characte1_6_0_, character0_.character_character_name as characte2_6_0_ from characters character0_ where character0_.character_id=?
Hibernate: select count(*) as col_0_0_ from user user0_ where user0_.user_id=?
Hibernate: select character1_.character_id as characte1_6_, character1_.character_character_name as characte2_6_ from user user0_ inner join characters character1_ on user0_.character_id=character1_.character_id where user0_.user_id=?
Hibernate: select permission0_.character_id as characte6_12_0_, permission0_.permission_id as permissi1_12_0_, permission0_.permission_id as permissi1_12_1_, permission0_.character_id as characte6_12_1_, permission0_.permission_name as permissi2_12_1_, permission0_.permission_permission_unit_id as permissi3_12_1_, permission0_.permission_service as permissi4_12_1_, permission0_.permission_status as permissi5_12_1_ from permission permission0_ where permission0_.character_id=?
Hibernate: select count(*) as col_0_0_ from board board0_ where board0_.board_id=?
Hibernate: select user0_.user_id as col_0_0_ from user user0_ where user0_.user_user_id=? limit ?
Hibernate: select user0_.user_id as col_0_0_ from user user0_ where user0_.user_user_id=? limit ?
Hibernate: select U.* from USER U where U.USER_USER_ID =?
Hibernate: select character0_.character_id as characte1_6_0_, character0_.character_character_name as characte2_6_0_ from characters character0_ where character0_.character_id=?
Hibernate: select user0_.user_id as user_id1_21_0_, user0_.character_id as characte7_21_0_, user0_.user_created_at as user_cre2_21_0_, user0_.user_name as user_nam3_21_0_, user0_.user_phone_number as user_pho4_21_0_, user0_.user_user_id as user_use5_21_0_, user0_.user_user_password as user_use6_21_0_ from user user0_ where user0_.user_id=?
Hibernate: select character0_.character_id as characte1_6_0_, character0_.character_character_name as characte2_6_0_ from characters character0_ where character0_.character_id=?
Hibernate: select category0_.category_id as category1_5_, category0_.category_name as category2_5_ from category category0_
Hibernate: select boardlist0_.category_id as category7_4_0_, boardlist0_.board_id as board_id1_4_0_, boardlist0_.board_id as board_id1_4_1_, boardlist0_.category_id as category7_4_1_, boardlist0_.board_content as board_co2_4_1_, boardlist0_.board_created_at as board_cr3_4_1_, boardlist0_.board_last_modified_at as board_la4_4_1_, boardlist0_.board_title as board_ti5_4_1_, boardlist0_.user_id as user_id8_4_1_, boardlist0_.board_views as board_vi6_4_1_ from board boardlist0_ where boardlist0_.category_id=?
Hibernate: select boardlist0_.category_id as category7_4_0_, boardlist0_.board_id as board_id1_4_0_, boardlist0_.board_id as board_id1_4_1_, boardlist0_.category_id as category7_4_1_, boardlist0_.board_content as board_co2_4_1_, boardlist0_.board_created_at as board_cr3_4_1_, boardlist0_.board_last_modified_at as board_la4_4_1_, boardlist0_.board_title as board_ti5_4_1_, boardlist0_.user_id as user_id8_4_1_, boardlist0_.board_views as board_vi6_4_1_ from board boardlist0_ where boardlist0_.category_id=?
Hibernate: select boardlist0_.category_id as category7_4_0_, boardlist0_.board_id as board_id1_4_0_, boardlist0_.board_id as board_id1_4_1_, boardlist0_.category_id as category7_4_1_, boardlist0_.board_content as board_co2_4_1_, boardlist0_.board_created_at as board_cr3_4_1_, boardlist0_.board_last_modified_at as board_la4_4_1_, boardlist0_.board_title as board_ti5_4_1_, boardlist0_.user_id as user_id8_4_1_, boardlist0_.board_views as board_vi6_4_1_ from board boardlist0_ where boardlist0_.category_id=?
Hibernate: select user0_.user_id as user_id1_21_0_, user0_.character_id as characte7_21_0_, user0_.user_created_at as user_cre2_21_0_, user0_.user_name as user_nam3_21_0_, user0_.user_phone_number as user_pho4_21_0_, user0_.user_user_id as user_use5_21_0_, user0_.user_user_password as user_use6_21_0_ from user user0_ where user0_.user_id=?
Hibernate: select character0_.character_id as characte1_6_0_, character0_.character_character_name as characte2_6_0_ from characters character0_ where character0_.character_id=?
Hibernate: select count(*) as col_0_0_ from user user0_ where user0_.user_id=?
Hibernate: select character1_.character_id as characte1_6_, character1_.character_character_name as characte2_6_ from user user0_ inner join characters character1_ on user0_.character_id=character1_.character_id where user0_.user_id=?
Hibernate: select permission0_.character_id as characte6_12_0_, permission0_.permission_id as permissi1_12_0_, permission0_.permission_id as permissi1_12_1_, permission0_.character_id as characte6_12_1_, permission0_.permission_name as permissi2_12_1_, permission0_.permission_permission_unit_id as permissi3_12_1_, permission0_.permission_service as permissi4_12_1_, permission0_.permission_status as permissi5_12_1_ from permission permission0_ where permission0_.character_id=?
Hibernate: select count(*) as col_0_0_ from category category0_ where category0_.category_id=?
Hibernate: select count(board0_.board_id) as col_0_0_ from board board0_ where board0_.category_id=?
Hibernate: select category0_.category_id as category1_5_0_, category0_.category_name as category2_5_0_ from category category0_ where category0_.category_id=?
Hibernate: select boardlist0_.category_id as category7_4_0_, boardlist0_.board_id as board_id1_4_0_, boardlist0_.board_id as board_id1_4_1_, boardlist0_.category_id as category7_4_1_, boardlist0_.board_content as board_co2_4_1_, boardlist0_.board_created_at as board_cr3_4_1_, boardlist0_.board_last_modified_at as board_la4_4_1_, boardlist0_.board_title as board_ti5_4_1_, boardlist0_.user_id as user_id8_4_1_, boardlist0_.board_views as board_vi6_4_1_ from board boardlist0_ where boardlist0_.category_id=?
Hibernate: delete from category where category_id=?
Hibernate: select user0_.user_id as user_id1_21_0_, user0_.character_id as characte7_21_0_, user0_.user_created_at as user_cre2_21_0_, user0_.user_name as user_nam3_21_0_, user0_.user_phone_number as user_pho4_21_0_, user0_.user_user_id as user_use5_21_0_, user0_.user_user_password as user_use6_21_0_ from user user0_ where user0_.user_id=?
Hibernate: select character0_.character_id as characte1_6_0_, character0_.character_character_name as characte2_6_0_ from characters character0_ where character0_.character_id=?
Hibernate: select count(*) as col_0_0_ from user user0_ where user0_.user_id=?
Hibernate: select character1_.character_id as characte1_6_, character1_.character_character_name as characte2_6_ from user user0_ inner join characters character1_ on user0_.character_id=character1_.character_id where user0_.user_id=?
Hibernate: select permission0_.character_id as characte6_12_0_, permission0_.permission_id as permissi1_12_0_, permission0_.permission_id as permissi1_12_1_, permission0_.character_id as characte6_12_1_, permission0_.permission_name as permissi2_12_1_, permission0_.permission_permission_unit_id as permissi3_12_1_, permission0_.permission_service as permissi4_12_1_, permission0_.permission_status as permissi5_12_1_ from permission permission0_ where permission0_.character_id=?
Hibernate: select count(*) as col_0_0_ from category category0_ where category0_.category_id=?
Hibernate: select count(board0_.board_id) as col_0_0_ from board board0_ where board0_.category_id=?
Hibernate: select category0_.category_id as category1_5_0_, category0_.category_name as category2_5_0_ from category category0_ where category0_.category_id=?
Hibernate: select boardlist0_.category_id as category7_4_0_, boardlist0_.board_id as board_id1_4_0_, boardlist0_.board_id as board_id1_4_1_, boardlist0_.category_id as category7_4_1_, boardlist0_.board_content as board_co2_4_1_, boardlist0_.board_created_at as board_cr3_4_1_, boardlist0_.board_last_modified_at as board_la4_4_1_, boardlist0_.board_title as board_ti5_4_1_, boardlist0_.user_id as user_id8_4_1_, boardlist0_.board_views as board_vi6_4_1_ from board boardlist0_ where boardlist0_.category_id=?
Hibernate: delete from category where category_id=?
Hibernate: select user0_.user_id as user_id1_21_0_, user0_.character_id as characte7_21_0_, user0_.user_created_at as user_cre2_21_0_, user0_.user_name as user_nam3_21_0_, user0_.user_phone_number as user_pho4_21_0_, user0_.user_user_id as user_use5_21_0_, user0_.user_user_password as user_use6_21_0_ from user user0_ where user0_.user_id=?
Hibernate: select character0_.character_id as characte1_6_0_, character0_.character_character_name as characte2_6_0_ from characters character0_ where character0_.character_id=?
Hibernate: select count(*) as col_0_0_ from user user0_ where user0_.user_id=?
Hibernate: select character1_.character_id as characte1_6_, character1_.character_character_name as characte2_6_ from user user0_ inner join characters character1_ on user0_.character_id=character1_.character_id where user0_.user_id=?
Hibernate: select permission0_.character_id as characte6_12_0_, permission0_.permission_id as permissi1_12_0_, permission0_.permission_id as permissi1_12_1_, permission0_.character_id as characte6_12_1_, permission0_.permission_name as permissi2_12_1_, permission0_.permission_permission_unit_id as permissi3_12_1_, permission0_.permission_service as permissi4_12_1_, permission0_.permission_status as permissi5_12_1_ from permission permission0_ where permission0_.character_id=?
Hibernate: select count(*) as col_0_0_ from category category0_ where category0_.category_id=?
Hibernate: select count(board0_.board_id) as col_0_0_ from board board0_ where board0_.category_id=?
Hibernate: select category0_.category_id as category1_5_0_, category0_.category_name as category2_5_0_ from category category0_ where category0_.category_id=?
Hibernate: select boardlist0_.category_id as category7_4_0_, boardlist0_.board_id as board_id1_4_0_, boardlist0_.board_id as board_id1_4_1_, boardlist0_.category_id as category7_4_1_, boardlist0_.board_content as board_co2_4_1_, boardlist0_.board_created_at as board_cr3_4_1_, boardlist0_.board_last_modified_at as board_la4_4_1_, boardlist0_.board_title as board_ti5_4_1_, boardlist0_.user_id as user_id8_4_1_, boardlist0_.board_views as board_vi6_4_1_ from board boardlist0_ where boardlist0_.category_id=?
Hibernate: delete from category where category_id=?
Hibernate: select user0_.user_id as user_id1_21_0_, user0_.character_id as characte7_21_0_, user0_.user_created_at as user_cre2_21_0_, user0_.user_name as user_nam3_21_0_, user0_.user_phone_number as user_pho4_21_0_, user0_.user_user_id as user_use5_21_0_, user0_.user_user_password as user_use6_21_0_ from user user0_ where user0_.user_id=?
Hibernate: select character0_.character_id as characte1_6_0_, character0_.character_character_name as characte2_6_0_ from characters character0_ where character0_.character_id=?
Hibernate: select count(*) as col_0_0_ from user user0_ where user0_.user_id=?
Hibernate: select character1_.character_id as characte1_6_, character1_.character_character_name as characte2_6_ from user user0_ inner join characters character1_ on user0_.character_id=character1_.character_id where user0_.user_id=?
Hibernate: select permission0_.character_id as characte6_12_0_, permission0_.permission_id as permissi1_12_0_, permission0_.permission_id as permissi1_12_1_, permission0_.character_id as characte6_12_1_, permission0_.permission_name as permissi2_12_1_, permission0_.permission_permission_unit_id as permissi3_12_1_, permission0_.permission_service as permissi4_12_1_, permission0_.permission_status as permissi5_12_1_ from permission permission0_ where permission0_.character_id=?
Hibernate: select category0_.category_id as col_0_0_ from category category0_ where category0_.category_name=? limit ?
Hibernate: select category0_.category_id as category1_5_1_, category0_.category_name as category2_5_1_, boardlist1_.category_id as category7_4_3_, boardlist1_.board_id as board_id1_4_3_, boardlist1_.board_id as board_id1_4_0_, boardlist1_.category_id as category7_4_0_, boardlist1_.board_content as board_co2_4_0_, boardlist1_.board_created_at as board_cr3_4_0_, boardlist1_.board_last_modified_at as board_la4_4_0_, boardlist1_.board_title as board_ti5_4_0_, boardlist1_.user_id as user_id8_4_0_, boardlist1_.board_views as board_vi6_4_0_ from category category0_ left outer join board boardlist1_ on category0_.category_id=boardlist1_.category_id where category0_.category_id=?
Hibernate: insert into category (category_id, category_name) values (default, ?)
Hibernate: select user0_.user_id as user_id1_21_0_, user0_.character_id as characte7_21_0_, user0_.user_created_at as user_cre2_21_0_, user0_.user_name as user_nam3_21_0_, user0_.user_phone_number as user_pho4_21_0_, user0_.user_user_id as user_use5_21_0_, user0_.user_user_password as user_use6_21_0_ from user user0_ where user0_.user_id=?
Hibernate: select character0_.character_id as characte1_6_0_, character0_.character_character_name as characte2_6_0_ from characters character0_ where character0_.character_id=?
Hibernate: select count(*) as col_0_0_ from user user0_ where user0_.user_id=?
Hibernate: select character1_.character_id as characte1_6_, character1_.character_character_name as characte2_6_ from user user0_ inner join characters character1_ on user0_.character_id=character1_.character_id where user0_.user_id=?
Hibernate: select permission0_.character_id as characte6_12_0_, permission0_.permission_id as permissi1_12_0_, permission0_.permission_id as permissi1_12_1_, permission0_.character_id as characte6_12_1_, permission0_.permission_name as permissi2_12_1_, permission0_.permission_permission_unit_id as permissi3_12_1_, permission0_.permission_service as permissi4_12_1_, permission0_.permission_status as permissi5_12_1_ from permission permission0_ where permission0_.character_id=?
Hibernate: select category0_.category_id as col_0_0_ from category category0_ where category0_.category_name=? limit ?
Hibernate: select category0_.category_id as category1_5_1_, category0_.category_name as category2_5_1_, boardlist1_.category_id as category7_4_3_, boardlist1_.board_id as board_id1_4_3_, boardlist1_.board_id as board_id1_4_0_, boardlist1_.category_id as category7_4_0_, boardlist1_.board_content as board_co2_4_0_, boardlist1_.board_created_at as board_cr3_4_0_, boardlist1_.board_last_modified_at as board_la4_4_0_, boardlist1_.board_title as board_ti5_4_0_, boardlist1_.user_id as user_id8_4_0_, boardlist1_.board_views as board_vi6_4_0_ from category category0_ left outer join board boardlist1_ on category0_.category_id=boardlist1_.category_id where category0_.category_id=?
Hibernate: insert into category (category_id, category_name) values (default, ?)
Hibernate: select user0_.user_id as col_0_0_ from user user0_ where user0_.user_user_id=? limit ?
Hibernate: select user0_.user_id as col_0_0_ from user user0_ where user0_.user_user_id=? limit ?
Hibernate: select U.* from USER U where U.USER_USER_ID =?
Hibernate: select character0_.character_id as characte1_6_0_, character0_.character_character_name as characte2_6_0_ from characters character0_ where character0_.character_id=?
Hibernate: select user0_.user_id as col_0_0_ from user user0_ where user0_.user_user_id=? limit ?
Hibernate: select user0_.user_id as user_id1_21_, user0_.character_id as characte7_21_, user0_.user_created_at as user_cre2_21_, user0_.user_name as user_nam3_21_, user0_.user_phone_number as user_pho4_21_, user0_.user_user_id as user_use5_21_, user0_.user_user_password as user_use6_21_ from user user0_ inner join characters character1_ on user0_.character_id=character1_.character_id where user0_.user_user_id=?
Hibernate: select character0_.character_id as characte1_6_0_, character0_.character_character_name as characte2_6_0_ from characters character0_ where character0_.character_id=?
Hibernate: select rewardtagw0_.user_id as user_id4_16_0_, rewardtagw0_.reward_tag_wrapper_reward_id as reward_t1_16_0_, rewardtagw0_.reward_tag_wrapper_reward_id as reward_t1_16_1_, rewardtagw0_.reward_tag_wrapper_reward_presented_at as reward_t2_16_1_, rewardtagw0_.reward_tag_reward_tag_id as reward_t3_16_1_, rewardtagw0_.user_id as user_id4_16_1_ from reward_tag_wrapper rewardtagw0_ where rewardtagw0_.user_id=?
Hibernate: select user0_.user_id as user_id1_21_0_, user0_.character_id as characte7_21_0_, user0_.user_created_at as user_cre2_21_0_, user0_.user_name as user_nam3_21_0_, user0_.user_phone_number as user_pho4_21_0_, user0_.user_user_id as user_use5_21_0_, user0_.user_user_password as user_use6_21_0_ from user user0_ where user0_.user_id=?
Hibernate: select character0_.character_id as characte1_6_0_, character0_.character_character_name as characte2_6_0_ from characters character0_ where character0_.character_id=?
Hibernate: select count(*) as col_0_0_ from user user0_ where user0_.user_id=?
Hibernate: select character1_.character_id as characte1_6_, character1_.character_character_name as characte2_6_ from user user0_ inner join characters character1_ on user0_.character_id=character1_.character_id where user0_.user_id=?
Hibernate: select permission0_.character_id as characte6_12_0_, permission0_.permission_id as permissi1_12_0_, permission0_.permission_id as permissi1_12_1_, permission0_.character_id as characte6_12_1_, permission0_.permission_name as permissi2_12_1_, permission0_.permission_permission_unit_id as permissi3_12_1_, permission0_.permission_service as permissi4_12_1_, permission0_.permission_status as permissi5_12_1_ from permission permission0_ where permission0_.character_id=?
Hibernate: select count(*) as col_0_0_ from user user0_ where user0_.user_id=?
Hibernate: select user0_.user_id as user_id1_21_, user0_.character_id as characte7_21_, user0_.user_created_at as user_cre2_21_, user0_.user_name as user_nam3_21_, user0_.user_phone_number as user_pho4_21_, user0_.user_user_id as user_use5_21_, user0_.user_user_password as user_use6_21_ from user user0_ where user0_.user_id=?
Hibernate: select character0_.character_id as characte1_6_0_, character0_.character_character_name as characte2_6_0_ from characters character0_ where character0_.character_id=?
Hibernate: select rewardtagw0_.user_id as user_id4_16_0_, rewardtagw0_.reward_tag_wrapper_reward_id as reward_t1_16_0_, rewardtagw0_.reward_tag_wrapper_reward_id as reward_t1_16_1_, rewardtagw0_.reward_tag_wrapper_reward_presented_at as reward_t2_16_1_, rewardtagw0_.reward_tag_reward_tag_id as reward_t3_16_1_, rewardtagw0_.user_id as user_id4_16_1_ from reward_tag_wrapper rewardtagw0_ where rewardtagw0_.user_id=?
Hibernate: select attendance0_.attendance_user_attendance_user_id as col_0_0_ from attendance_user attendance0_ where attendance0_.user_id=? limit ?
Hibernate: DELETE FROM USER WHERE USER_ID = ?
Hibernate: select user0_.user_id as col_0_0_ from user user0_ where user0_.user_user_id=? limit ?
Hibernate: select user0_.user_id as col_0_0_ from user user0_ where user0_.user_user_id=? limit ?
Hibernate: select U.* from USER U where U.USER_USER_ID =?
Hibernate: select character0_.character_id as characte1_6_0_, character0_.character_character_name as characte2_6_0_ from characters character0_ where character0_.character_id=?
Hibernate: select user0_.user_id as user_id1_21_0_, user0_.character_id as characte7_21_0_, user0_.user_created_at as user_cre2_21_0_, user0_.user_name as user_nam3_21_0_, user0_.user_phone_number as user_pho4_21_0_, user0_.user_user_id as user_use5_21_0_, user0_.user_user_password as user_use6_21_0_ from user user0_ where user0_.user_id=?
Hibernate: select character0_.character_id as characte1_6_0_, character0_.character_character_name as characte2_6_0_ from characters character0_ where character0_.character_id=?
Hibernate: select count(*) as col_0_0_ from board board0_
Hibernate: select count(*) as col_0_0_ from board board0_
Hibernate: select user0_.user_id as col_0_0_ from user user0_ where user0_.user_user_id=? limit ?
Hibernate: select user0_.user_id as col_0_0_ from user user0_ where user0_.user_user_id=? limit ?
Hibernate: select U.* from USER U where U.USER_USER_ID =?
Hibernate: select character0_.character_id as characte1_6_0_, character0_.character_character_name as characte2_6_0_ from characters character0_ where character0_.character_id=?
Hibernate: select user0_.user_id as user_id1_21_0_, user0_.character_id as characte7_21_0_, user0_.user_created_at as user_cre2_21_0_, user0_.user_name as user_nam3_21_0_, user0_.user_phone_number as user_pho4_21_0_, user0_.user_user_id as user_use5_21_0_, user0_.user_user_password as user_use6_21_0_ from user user0_ where user0_.user_id=?
Hibernate: select character0_.character_id as characte1_6_0_, character0_.character_character_name as characte2_6_0_ from characters character0_ where character0_.character_id=?
Hibernate: select category0_.category_id as category1_5_, category0_.category_name as category2_5_ from category category0_
Hibernate: select boardlist0_.category_id as category7_4_0_, boardlist0_.board_id as board_id1_4_0_, boardlist0_.board_id as board_id1_4_1_, boardlist0_.category_id as category7_4_1_, boardlist0_.board_content as board_co2_4_1_, boardlist0_.board_created_at as board_cr3_4_1_, boardlist0_.board_last_modified_at as board_la4_4_1_, boardlist0_.board_title as board_ti5_4_1_, boardlist0_.user_id as user_id8_4_1_, boardlist0_.board_views as board_vi6_4_1_ from board boardlist0_ where boardlist0_.category_id=?
Hibernate: select boardlist0_.category_id as category7_4_0_, boardlist0_.board_id as board_id1_4_0_, boardlist0_.board_id as board_id1_4_1_, boardlist0_.category_id as category7_4_1_, boardlist0_.board_content as board_co2_4_1_, boardlist0_.board_created_at as board_cr3_4_1_, boardlist0_.board_last_modified_at as board_la4_4_1_, boardlist0_.board_title as board_ti5_4_1_, boardlist0_.user_id as user_id8_4_1_, boardlist0_.board_views as board_vi6_4_1_ from board boardlist0_ where boardlist0_.category_id=?
Hibernate: select user0_.user_id as user_id1_21_0_, user0_.character_id as characte7_21_0_, user0_.user_created_at as user_cre2_21_0_, user0_.user_name as user_nam3_21_0_, user0_.user_phone_number as user_pho4_21_0_, user0_.user_user_id as user_use5_21_0_, user0_.user_user_password as user_use6_21_0_ from user user0_ where user0_.user_id=?
Hibernate: select character0_.character_id as characte1_6_0_, character0_.character_character_name as characte2_6_0_ from characters character0_ where character0_.character_id=?
Hibernate: select count(*) as col_0_0_ from user user0_ where user0_.user_id=?
Hibernate: select character1_.character_id as characte1_6_, character1_.character_character_name as characte2_6_ from user user0_ inner join characters character1_ on user0_.character_id=character1_.character_id where user0_.user_id=?
Hibernate: select permission0_.character_id as characte6_12_0_, permission0_.permission_id as permissi1_12_0_, permission0_.permission_id as permissi1_12_1_, permission0_.character_id as characte6_12_1_, permission0_.permission_name as permissi2_12_1_, permission0_.permission_permission_unit_id as permissi3_12_1_, permission0_.permission_service as permissi4_12_1_, permission0_.permission_status as permissi5_12_1_ from permission permission0_ where permission0_.character_id=?
Hibernate: select count(*) as col_0_0_ from category category0_ where category0_.category_id=?
Hibernate: select count(board0_.board_id) as col_0_0_ from board board0_ where board0_.category_id=?
Hibernate: select category0_.category_id as category1_5_0_, category0_.category_name as category2_5_0_ from category category0_ where category0_.category_id=?
Hibernate: select boardlist0_.category_id as category7_4_0_, boardlist0_.board_id as board_id1_4_0_, boardlist0_.board_id as board_id1_4_1_, boardlist0_.category_id as category7_4_1_, boardlist0_.board_content as board_co2_4_1_, boardlist0_.board_created_at as board_cr3_4_1_, boardlist0_.board_last_modified_at as board_la4_4_1_, boardlist0_.board_title as board_ti5_4_1_, boardlist0_.user_id as user_id8_4_1_, boardlist0_.board_views as board_vi6_4_1_ from board boardlist0_ where boardlist0_.category_id=?
Hibernate: delete from category where category_id=?
Hibernate: select user0_.user_id as user_id1_21_0_, user0_.character_id as characte7_21_0_, user0_.user_created_at as user_cre2_21_0_, user0_.user_name as user_nam3_21_0_, user0_.user_phone_number as user_pho4_21_0_, user0_.user_user_id as user_use5_21_0_, user0_.user_user_password as user_use6_21_0_ from user user0_ where user0_.user_id=?
Hibernate: select character0_.character_id as characte1_6_0_, character0_.character_character_name as characte2_6_0_ from characters character0_ where character0_.character_id=?
Hibernate: select count(*) as col_0_0_ from user user0_ where user0_.user_id=?
Hibernate: select character1_.character_id as characte1_6_, character1_.character_character_name as characte2_6_ from user user0_ inner join characters character1_ on user0_.character_id=character1_.character_id where user0_.user_id=?
Hibernate: select permission0_.character_id as characte6_12_0_, permission0_.permission_id as permissi1_12_0_, permission0_.permission_id as permissi1_12_1_, permission0_.character_id as characte6_12_1_, permission0_.permission_name as permissi2_12_1_, permission0_.permission_permission_unit_id as permissi3_12_1_, permission0_.permission_service as permissi4_12_1_, permission0_.permission_status as permissi5_12_1_ from permission permission0_ where permission0_.character_id=?
Hibernate: select count(*) as col_0_0_ from category category0_ where category0_.category_id=?
Hibernate: select count(board0_.board_id) as col_0_0_ from board board0_ where board0_.category_id=?
Hibernate: select category0_.category_id as category1_5_0_, category0_.category_name as category2_5_0_ from category category0_ where category0_.category_id=?
Hibernate: select boardlist0_.category_id as category7_4_0_, boardlist0_.board_id as board_id1_4_0_, boardlist0_.board_id as board_id1_4_1_, boardlist0_.category_id as category7_4_1_, boardlist0_.board_content as board_co2_4_1_, boardlist0_.board_created_at as board_cr3_4_1_, boardlist0_.board_last_modified_at as board_la4_4_1_, boardlist0_.board_title as board_ti5_4_1_, boardlist0_.user_id as user_id8_4_1_, boardlist0_.board_views as board_vi6_4_1_ from board boardlist0_ where boardlist0_.category_id=?
Hibernate: delete from category where category_id=?
Hibernate: select user0_.user_id as user_id1_21_0_, user0_.character_id as characte7_21_0_, user0_.user_created_at as user_cre2_21_0_, user0_.user_name as user_nam3_21_0_, user0_.user_phone_number as user_pho4_21_0_, user0_.user_user_id as user_use5_21_0_, user0_.user_user_password as user_use6_21_0_ from user user0_ where user0_.user_id=?
Hibernate: select character0_.character_id as characte1_6_0_, character0_.character_character_name as characte2_6_0_ from characters character0_ where character0_.character_id=?
Hibernate: select count(*) as col_0_0_ from user user0_ where user0_.user_id=?
Hibernate: select character1_.character_id as characte1_6_, character1_.character_character_name as characte2_6_ from user user0_ inner join characters character1_ on user0_.character_id=character1_.character_id where user0_.user_id=?
Hibernate: select permission0_.character_id as characte6_12_0_, permission0_.permission_id as permissi1_12_0_, permission0_.permission_id as permissi1_12_1_, permission0_.character_id as characte6_12_1_, permission0_.permission_name as permissi2_12_1_, permission0_.permission_permission_unit_id as permissi3_12_1_, permission0_.permission_service as permissi4_12_1_, permission0_.permission_status as permissi5_12_1_ from permission permission0_ where permission0_.character_id=?
Hibernate: select category0_.category_id as col_0_0_ from category category0_ where category0_.category_name=? limit ?
Hibernate: select category0_.category_id as category1_5_1_, category0_.category_name as category2_5_1_, boardlist1_.category_id as category7_4_3_, boardlist1_.board_id as board_id1_4_3_, boardlist1_.board_id as board_id1_4_0_, boardlist1_.category_id as category7_4_0_, boardlist1_.board_content as board_co2_4_0_, boardlist1_.board_created_at as board_cr3_4_0_, boardlist1_.board_last_modified_at as board_la4_4_0_, boardlist1_.board_title as board_ti5_4_0_, boardlist1_.user_id as user_id8_4_0_, boardlist1_.board_views as board_vi6_4_0_ from category category0_ left outer join board boardlist1_ on category0_.category_id=boardlist1_.category_id where category0_.category_id=?
Hibernate: insert into category (category_id, category_name) values (default, ?)
Hibernate: select user0_.user_id as user_id1_21_0_, user0_.character_id as characte7_21_0_, user0_.user_created_at as user_cre2_21_0_, user0_.user_name as user_nam3_21_0_, user0_.user_phone_number as user_pho4_21_0_, user0_.user_user_id as user_use5_21_0_, user0_.user_user_password as user_use6_21_0_ from user user0_ where user0_.user_id=?
Hibernate: select character0_.character_id as characte1_6_0_, character0_.character_character_name as characte2_6_0_ from characters character0_ where character0_.character_id=?
Hibernate: select count(*) as col_0_0_ from user user0_ where user0_.user_id=?
Hibernate: select character1_.character_id as characte1_6_, character1_.character_character_name as characte2_6_ from user user0_ inner join characters character1_ on user0_.character_id=character1_.character_id where user0_.user_id=?
Hibernate: select permission0_.character_id as characte6_12_0_, permission0_.permission_id as permissi1_12_0_, permission0_.permission_id as permissi1_12_1_, permission0_.character_id as characte6_12_1_, permission0_.permission_name as permissi2_12_1_, permission0_.permission_permission_unit_id as permissi3_12_1_, permission0_.permission_service as permissi4_12_1_, permission0_.permission_status as permissi5_12_1_ from permission permission0_ where permission0_.character_id=?
Hibernate: select category0_.category_id as col_0_0_ from category category0_ where category0_.category_name=? limit ?
Hibernate: select category0_.category_id as category1_5_1_, category0_.category_name as category2_5_1_, boardlist1_.category_id as category7_4_3_, boardlist1_.board_id as board_id1_4_3_, boardlist1_.board_id as board_id1_4_0_, boardlist1_.category_id as category7_4_0_, boardlist1_.board_content as board_co2_4_0_, boardlist1_.board_created_at as board_cr3_4_0_, boardlist1_.board_last_modified_at as board_la4_4_0_, boardlist1_.board_title as board_ti5_4_0_, boardlist1_.user_id as user_id8_4_0_, boardlist1_.board_views as board_vi6_4_0_ from category category0_ left outer join board boardlist1_ on category0_.category_id=boardlist1_.category_id where category0_.category_id=?
Hibernate: insert into category (category_id, category_name) values (default, ?)
Hibernate: select user0_.user_id as col_0_0_ from user user0_ where user0_.user_user_id=? limit ?
Hibernate: select user0_.user_id as col_0_0_ from user user0_ where user0_.user_user_id=? limit ?
Hibernate: select U.* from USER U where U.USER_USER_ID =?
Hibernate: select character0_.character_id as characte1_6_0_, character0_.character_character_name as characte2_6_0_ from characters character0_ where character0_.character_id=?
Hibernate: select user0_.user_id as col_0_0_ from user user0_ where user0_.user_user_id=? limit ?
Hibernate: select user0_.user_id as col_0_0_ from user user0_ where user0_.user_user_id=? limit ?
Hibernate: select U.* from USER U where U.USER_USER_ID =?
Hibernate: select character0_.character_id as characte1_6_0_, character0_.character_character_name as characte2_6_0_ from characters character0_ where character0_.character_id=?
Hibernate: select user0_.user_id as user_id1_21_0_, user0_.character_id as characte7_21_0_, user0_.user_created_at as user_cre2_21_0_, user0_.user_name as user_nam3_21_0_, user0_.user_phone_number as user_pho4_21_0_, user0_.user_user_id as user_use5_21_0_, user0_.user_user_password as user_use6_21_0_ from user user0_ where user0_.user_id=?
Hibernate: select character0_.character_id as characte1_6_0_, character0_.character_character_name as characte2_6_0_ from characters character0_ where character0_.character_id=?
Hibernate: select category0_.category_id as category1_5_, category0_.category_name as category2_5_ from category category0_
Hibernate: select boardlist0_.category_id as category7_4_0_, boardlist0_.board_id as board_id1_4_0_, boardlist0_.board_id as board_id1_4_1_, boardlist0_.category_id as category7_4_1_, boardlist0_.board_content as board_co2_4_1_, boardlist0_.board_created_at as board_cr3_4_1_, boardlist0_.board_last_modified_at as board_la4_4_1_, boardlist0_.board_title as board_ti5_4_1_, boardlist0_.user_id as user_id8_4_1_, boardlist0_.board_views as board_vi6_4_1_ from board boardlist0_ where boardlist0_.category_id=?
Hibernate: select boardlist0_.category_id as category7_4_0_, boardlist0_.board_id as board_id1_4_0_, boardlist0_.board_id as board_id1_4_1_, boardlist0_.category_id as category7_4_1_, boardlist0_.board_content as board_co2_4_1_, boardlist0_.board_created_at as board_cr3_4_1_, boardlist0_.board_last_modified_at as board_la4_4_1_, boardlist0_.board_title as board_ti5_4_1_, boardlist0_.user_id as user_id8_4_1_, boardlist0_.board_views as board_vi6_4_1_ from board boardlist0_ where boardlist0_.category_id=?
Hibernate: select user0_.user_id as col_0_0_ from user user0_ where user0_.user_user_id=? limit ?
Hibernate: select user0_.user_id as col_0_0_ from user user0_ where user0_.user_user_id=? limit ?
Hibernate: select U.* from USER U where U.USER_USER_ID =?
Hibernate: select character0_.character_id as characte1_6_0_, character0_.character_character_name as characte2_6_0_ from characters character0_ where character0_.character_id=?
Hibernate: select user0_.user_id as col_0_0_ from user user0_ where user0_.user_user_id=? limit ?
Hibernate: select userjoinin0_.user_joining_pool_id as col_0_0_ from user_joining_pool userjoinin0_ where userjoinin0_.user_user_id=? limit ?
Hibernate: select character0_.character_id as col_0_0_ from characters character0_ where character0_.character_character_name=? limit ?
Hibernate: insert into user_joining_pool (user_joining_pool_id, user_created_at, user_name, user_phone_number, user_user_id, user_user_password) values (default, ?, ?, ?, ?, ?)
Hibernate: select user0_.user_id as user_id1_21_0_, user0_.character_id as characte7_21_0_, user0_.user_created_at as user_cre2_21_0_, user0_.user_name as user_nam3_21_0_, user0_.user_phone_number as user_pho4_21_0_, user0_.user_user_id as user_use5_21_0_, user0_.user_user_password as user_use6_21_0_ from user user0_ where user0_.user_id=?
Hibernate: select character0_.character_id as characte1_6_0_, character0_.character_character_name as characte2_6_0_ from characters character0_ where character0_.character_id=?
Hibernate: select count(*) as col_0_0_ from user user0_ where user0_.user_id=?
Hibernate: select character1_.character_id as characte1_6_, character1_.character_character_name as characte2_6_ from user user0_ inner join characters character1_ on user0_.character_id=character1_.character_id where user0_.user_id=?
Hibernate: select permission0_.character_id as characte6_12_0_, permission0_.permission_id as permissi1_12_0_, permission0_.permission_id as permissi1_12_1_, permission0_.character_id as characte6_12_1_, permission0_.permission_name as permissi2_12_1_, permission0_.permission_permission_unit_id as permissi3_12_1_, permission0_.permission_service as permissi4_12_1_, permission0_.permission_status as permissi5_12_1_ from permission permission0_ where permission0_.character_id=?
Hibernate: select userjoinin0_.user_joining_pool_id as col_0_0_ from user_joining_pool userjoinin0_ where userjoinin0_.user_user_id=? limit ?
Hibernate: select userjoinin0_.user_joining_pool_id as user_joi1_22_, userjoinin0_.user_created_at as user_cre2_22_, userjoinin0_.user_name as user_nam3_22_, userjoinin0_.user_phone_number as user_pho4_22_, userjoinin0_.user_user_id as user_use5_22_, userjoinin0_.user_user_password as user_use6_22_ from user_joining_pool userjoinin0_ where userjoinin0_.user_user_id=?
Hibernate: select character0_.character_id as characte1_6_, character0_.character_character_name as characte2_6_ from characters character0_ where character0_.character_character_name=?
Hibernate: insert into user (user_id, character_id, user_created_at, user_name, user_phone_number, user_user_id, user_user_password) values (default, ?, ?, ?, ?, ?, ?)
Hibernate: DELETE FROM USER_JOINING_POOL as JU where JU.USER_USER_ID =?
Hibernate: select user0_.user_id as col_0_0_ from user user0_ where user0_.user_user_id=? limit ?
Hibernate: select user0_.user_id as col_0_0_ from user user0_ where user0_.user_user_id=? limit ?
Hibernate: select U.* from USER U where U.USER_USER_ID =?
Hibernate: select character0_.character_id as characte1_6_0_, character0_.character_character_name as characte2_6_0_ from characters character0_ where character0_.character_id=?
Hibernate: select user0_.user_id as user_id1_21_0_, user0_.character_id as characte7_21_0_, user0_.user_created_at as user_cre2_21_0_, user0_.user_name as user_nam3_21_0_, user0_.user_phone_number as user_pho4_21_0_, user0_.user_user_id as user_use5_21_0_, user0_.user_user_password as user_use6_21_0_ from user user0_ where user0_.user_id=?
Hibernate: select character0_.character_id as characte1_6_0_, character0_.character_character_name as characte2_6_0_ from characters character0_ where character0_.character_id=?
Hibernate: select count(*) as col_0_0_ from user user0_ where user0_.user_id=?
Hibernate: select character1_.character_id as characte1_6_, character1_.character_character_name as characte2_6_ from user user0_ inner join characters character1_ on user0_.character_id=character1_.character_id where user0_.user_id=?
Hibernate: select permission0_.character_id as characte6_12_0_, permission0_.permission_id as permissi1_12_0_, permission0_.permission_id as permissi1_12_1_, permission0_.character_id as characte6_12_1_, permission0_.permission_name as permissi2_12_1_, permission0_.permission_permission_unit_id as permissi3_12_1_, permission0_.permission_service as permissi4_12_1_, permission0_.permission_status as permissi5_12_1_ from permission permission0_ where permission0_.character_id=?
Hibernate: select count(*) as col_0_0_ from category category0_ where category0_.category_id=?
Hibernate: select category0_.category_id as category1_5_0_, category0_.category_name as category2_5_0_ from category category0_ where category0_.category_id=?
Hibernate: insert into board (board_id, category_id, board_content, board_created_at, board_last_modified_at, board_title, user_id, board_views) values (default, ?, ?, ?, ?, ?, ?, ?)
Hibernate: insert into reaction (reaction_id, board_id, reaction_type) values (default, ?, ?)
Hibernate: insert into reaction (reaction_id, board_id, reaction_type) values (default, ?, ?)
Hibernate: insert into reaction (reaction_id, board_id, reaction_type) values (default, ?, ?)
Hibernate: insert into reaction (reaction_id, board_id, reaction_type) values (default, ?, ?)
Hibernate: insert into reaction (reaction_id, board_id, reaction_type) values (default, ?, ?)
Hibernate: insert into reaction (reaction_id, board_id, reaction_type) values (default, ?, ?)
Hibernate: select user0_.user_id as user_id1_21_0_, user0_.character_id as characte7_21_0_, user0_.user_created_at as user_cre2_21_0_, user0_.user_name as user_nam3_21_0_, user0_.user_phone_number as user_pho4_21_0_, user0_.user_user_id as user_use5_21_0_, user0_.user_user_password as user_use6_21_0_ from user user0_ where user0_.user_id=?
Hibernate: select character0_.character_id as characte1_6_0_, character0_.character_character_name as characte2_6_0_ from characters character0_ where character0_.character_id=?
Hibernate: select count(*) as col_0_0_ from user user0_ where user0_.user_id=?
Hibernate: select character1_.character_id as characte1_6_, character1_.character_character_name as characte2_6_ from user user0_ inner join characters character1_ on user0_.character_id=character1_.character_id where user0_.user_id=?
Hibernate: select permission0_.character_id as characte6_12_0_, permission0_.permission_id as permissi1_12_0_, permission0_.permission_id as permissi1_12_1_, permission0_.character_id as characte6_12_1_, permission0_.permission_name as permissi2_12_1_, permission0_.permission_permission_unit_id as permissi3_12_1_, permission0_.permission_service as permissi4_12_1_, permission0_.permission_status as permissi5_12_1_ from permission permission0_ where permission0_.character_id=?
Hibernate: select count(*) as col_0_0_ from category category0_ where category0_.category_id=?
Hibernate: select category0_.category_id as category1_5_0_, category0_.category_name as category2_5_0_ from category category0_ where category0_.category_id=?
Hibernate: insert into board (board_id, category_id, board_content, board_created_at, board_last_modified_at, board_title, user_id, board_views) values (default, ?, ?, ?, ?, ?, ?, ?)
Hibernate: insert into reaction (reaction_id, board_id, reaction_type) values (default, ?, ?)
Hibernate: insert into reaction (reaction_id, board_id, reaction_type) values (default, ?, ?)
Hibernate: insert into reaction (reaction_id, board_id, reaction_type) values (default, ?, ?)
Hibernate: insert into reaction (reaction_id, board_id, reaction_type) values (default, ?, ?)
Hibernate: insert into reaction (reaction_id, board_id, reaction_type) values (default, ?, ?)
Hibernate: insert into reaction (reaction_id, board_id, reaction_type) values (default, ?, ?)
Hibernate: select user0_.user_id as user_id1_21_0_, user0_.character_id as characte7_21_0_, user0_.user_created_at as user_cre2_21_0_, user0_.user_name as user_nam3_21_0_, user0_.user_phone_number as user_pho4_21_0_, user0_.user_user_id as user_use5_21_0_, user0_.user_user_password as user_use6_21_0_ from user user0_ where user0_.user_id=?
Hibernate: select character0_.character_id as characte1_6_0_, character0_.character_character_name as characte2_6_0_ from characters character0_ where character0_.character_id=?
Hibernate: select count(*) as col_0_0_ from user user0_ where user0_.user_id=?
Hibernate: select character1_.character_id as characte1_6_, character1_.character_character_name as characte2_6_ from user user0_ inner join characters character1_ on user0_.character_id=character1_.character_id where user0_.user_id=?
Hibernate: select permission0_.character_id as characte6_12_0_, permission0_.permission_id as permissi1_12_0_, permission0_.permission_id as permissi1_12_1_, permission0_.character_id as characte6_12_1_, permission0_.permission_name as permissi2_12_1_, permission0_.permission_permission_unit_id as permissi3_12_1_, permission0_.permission_service as permissi4_12_1_, permission0_.permission_status as permissi5_12_1_ from permission permission0_ where permission0_.character_id=?
Hibernate: select count(*) as col_0_0_ from category category0_ where category0_.category_id=?
Hibernate: select category0_.category_id as category1_5_0_, category0_.category_name as category2_5_0_ from category category0_ where category0_.category_id=?
Hibernate: insert into board (board_id, category_id, board_content, board_created_at, board_last_modified_at, board_title, user_id, board_views) values (default, ?, ?, ?, ?, ?, ?, ?)
Hibernate: insert into reaction (reaction_id, board_id, reaction_type) values (default, ?, ?)
Hibernate: insert into reaction (reaction_id, board_id, reaction_type) values (default, ?, ?)
Hibernate: insert into reaction (reaction_id, board_id, reaction_type) values (default, ?, ?)
Hibernate: insert into reaction (reaction_id, board_id, reaction_type) values (default, ?, ?)
Hibernate: insert into reaction (reaction_id, board_id, reaction_type) values (default, ?, ?)
Hibernate: insert into reaction (reaction_id, board_id, reaction_type) values (default, ?, ?)
Hibernate: select user0_.user_id as user_id1_21_0_, user0_.character_id as characte7_21_0_, user0_.user_created_at as user_cre2_21_0_, user0_.user_name as user_nam3_21_0_, user0_.user_phone_number as user_pho4_21_0_, user0_.user_user_id as user_use5_21_0_, user0_.user_user_password as user_use6_21_0_ from user user0_ where user0_.user_id=?
Hibernate: select character0_.character_id as characte1_6_0_, character0_.character_character_name as characte2_6_0_ from characters character0_ where character0_.character_id=?
Hibernate: select count(*) as col_0_0_ from user user0_ where user0_.user_id=?
Hibernate: select character1_.character_id as characte1_6_, character1_.character_character_name as characte2_6_ from user user0_ inner join characters character1_ on user0_.character_id=character1_.character_id where user0_.user_id=?
Hibernate: select permission0_.character_id as characte6_12_0_, permission0_.permission_id as permissi1_12_0_, permission0_.permission_id as permissi1_12_1_, permission0_.character_id as characte6_12_1_, permission0_.permission_name as permissi2_12_1_, permission0_.permission_permission_unit_id as permissi3_12_1_, permission0_.permission_service as permissi4_12_1_, permission0_.permission_status as permissi5_12_1_ from permission permission0_ where permission0_.character_id=?
Hibernate: select count(*) as col_0_0_ from category category0_ where category0_.category_id=?
Hibernate: select category0_.category_id as category1_5_0_, category0_.category_name as category2_5_0_ from category category0_ where category0_.category_id=?
Hibernate: insert into board (board_id, category_id, board_content, board_created_at, board_last_modified_at, board_title, user_id, board_views) values (default, ?, ?, ?, ?, ?, ?, ?)
Hibernate: insert into reaction (reaction_id, board_id, reaction_type) values (default, ?, ?)
Hibernate: insert into reaction (reaction_id, board_id, reaction_type) values (default, ?, ?)
Hibernate: insert into reaction (reaction_id, board_id, reaction_type) values (default, ?, ?)
Hibernate: insert into reaction (reaction_id, board_id, reaction_type) values (default, ?, ?)
Hibernate: insert into reaction (reaction_id, board_id, reaction_type) values (default, ?, ?)
Hibernate: insert into reaction (reaction_id, board_id, reaction_type) values (default, ?, ?)
Hibernate: select user0_.user_id as user_id1_21_0_, user0_.character_id as characte7_21_0_, user0_.user_created_at as user_cre2_21_0_, user0_.user_name as user_nam3_21_0_, user0_.user_phone_number as user_pho4_21_0_, user0_.user_user_id as user_use5_21_0_, user0_.user_user_password as user_use6_21_0_ from user user0_ where user0_.user_id=?
Hibernate: select character0_.character_id as characte1_6_0_, character0_.character_character_name as characte2_6_0_ from characters character0_ where character0_.character_id=?
Hibernate: select count(*) as col_0_0_ from user user0_ where user0_.user_id=?
Hibernate: select character1_.character_id as characte1_6_, character1_.character_character_name as characte2_6_ from user user0_ inner join characters character1_ on user0_.character_id=character1_.character_id where user0_.user_id=?
Hibernate: select permission0_.character_id as characte6_12_0_, permission0_.permission_id as permissi1_12_0_, permission0_.permission_id as permissi1_12_1_, permission0_.character_id as characte6_12_1_, permission0_.permission_name as permissi2_12_1_, permission0_.permission_permission_unit_id as permissi3_12_1_, permission0_.permission_service as permissi4_12_1_, permission0_.permission_status as permissi5_12_1_ from permission permission0_ where permission0_.character_id=?
Hibernate: select count(*) as col_0_0_ from category category0_ where category0_.category_id=?
Hibernate: select category0_.category_id as col_0_0_ from category category0_ where category0_.category_name=? limit ?
Hibernate: select category0_.category_id as category1_5_0_, category0_.category_name as category2_5_0_ from category category0_ where category0_.category_id=?
Hibernate: update category set category_name=? where category_id=?
Hibernate: select user0_.user_id as user_id1_21_0_, user0_.character_id as characte7_21_0_, user0_.user_created_at as user_cre2_21_0_, user0_.user_name as user_nam3_21_0_, user0_.user_phone_number as user_pho4_21_0_, user0_.user_user_id as user_use5_21_0_, user0_.user_user_password as user_use6_21_0_ from user user0_ where user0_.user_id=?
Hibernate: select character0_.character_id as characte1_6_0_, character0_.character_character_name as characte2_6_0_ from characters character0_ where character0_.character_id=?
Hibernate: select count(*) as col_0_0_ from category category0_ where category0_.category_id=?
Hibernate: select count(board0_.board_id) as col_0_0_ from board board0_ where board0_.category_id=?
Hibernate: select board0_.board_id as board_id1_4_, board0_.category_id as category7_4_, board0_.board_content as board_co2_4_, board0_.board_created_at as board_cr3_4_, board0_.board_last_modified_at as board_la4_4_, board0_.board_title as board_ti5_4_, board0_.user_id as user_id8_4_, board0_.board_views as board_vi6_4_ from board board0_ where board0_.category_id=? limit ?
Hibernate: select category0_.category_id as category1_5_0_, category0_.category_name as category2_5_0_ from category category0_ where category0_.category_id=?
Hibernate: select user0_.user_id as user_id1_21_0_, user0_.character_id as characte7_21_0_, user0_.user_created_at as user_cre2_21_0_, user0_.user_name as user_nam3_21_0_, user0_.user_phone_number as user_pho4_21_0_, user0_.user_user_id as user_use5_21_0_, user0_.user_user_password as user_use6_21_0_ from user user0_ where user0_.user_id=?
Hibernate: select character0_.character_id as characte1_6_0_, character0_.character_character_name as characte2_6_0_ from characters character0_ where character0_.character_id=?
Hibernate: select reactionli0_.board_id as board_id3_13_0_, reactionli0_.reaction_id as reaction1_13_0_, reactionli0_.reaction_id as reaction1_13_1_, reactionli0_.board_id as board_id3_13_1_, reactionli0_.reaction_type as reaction2_13_1_ from reaction reactionli0_ where reactionli0_.board_id=?
Hibernate: select reactionus0_.reaction_id as reaction2_14_0_, reactionus0_.reaction_user_id as reaction1_14_0_, reactionus0_.reaction_user_id as reaction1_14_1_, reactionus0_.reaction_id as reaction2_14_1_, reactionus0_.user_id as user_id3_14_1_ from reaction_user reactionus0_ where reactionus0_.reaction_id=?
Hibernate: select reactionus0_.reaction_id as reaction2_14_0_, reactionus0_.reaction_user_id as reaction1_14_0_, reactionus0_.reaction_user_id as reaction1_14_1_, reactionus0_.reaction_id as reaction2_14_1_, reactionus0_.user_id as user_id3_14_1_ from reaction_user reactionus0_ where reactionus0_.reaction_id=?
Hibernate: select reactionus0_.reaction_id as reaction2_14_0_, reactionus0_.reaction_user_id as reaction1_14_0_, reactionus0_.reaction_user_id as reaction1_14_1_, reactionus0_.reaction_id as reaction2_14_1_, reactionus0_.user_id as user_id3_14_1_ from reaction_user reactionus0_ where reactionus0_.reaction_id=?
Hibernate: select reactionus0_.reaction_id as reaction2_14_0_, reactionus0_.reaction_user_id as reaction1_14_0_, reactionus0_.reaction_user_id as reaction1_14_1_, reactionus0_.reaction_id as reaction2_14_1_, reactionus0_.user_id as user_id3_14_1_ from reaction_user reactionus0_ where reactionus0_.reaction_id=?
Hibernate: select reactionus0_.reaction_id as reaction2_14_0_, reactionus0_.reaction_user_id as reaction1_14_0_, reactionus0_.reaction_user_id as reaction1_14_1_, reactionus0_.reaction_id as reaction2_14_1_, reactionus0_.user_id as user_id3_14_1_ from reaction_user reactionus0_ where reactionus0_.reaction_id=?
Hibernate: select reactionus0_.reaction_id as reaction2_14_0_, reactionus0_.reaction_user_id as reaction1_14_0_, reactionus0_.reaction_user_id as reaction1_14_1_, reactionus0_.reaction_id as reaction2_14_1_, reactionus0_.user_id as user_id3_14_1_ from reaction_user reactionus0_ where reactionus0_.reaction_id=?
Hibernate: select commentlis0_.board_id as board_id5_7_0_, commentlis0_.comment_id as comment_1_7_0_, commentlis0_.comment_id as comment_1_7_1_, commentlis0_.board_id as board_id5_7_1_, commentlis0_.comment_content as comment_2_7_1_, commentlis0_.comment_created_at as comment_3_7_1_, commentlis0_.comment_last_modified_at as comment_4_7_1_, commentlis0_.user_id as user_id6_7_1_ from comment commentlis0_ where commentlis0_.board_id=?
Hibernate: select reactionli0_.board_id as board_id3_13_0_, reactionli0_.reaction_id as reaction1_13_0_, reactionli0_.reaction_id as reaction1_13_1_, reactionli0_.board_id as board_id3_13_1_, reactionli0_.reaction_type as reaction2_13_1_ from reaction reactionli0_ where reactionli0_.board_id=?
Hibernate: select reactionus0_.reaction_id as reaction2_14_0_, reactionus0_.reaction_user_id as reaction1_14_0_, reactionus0_.reaction_user_id as reaction1_14_1_, reactionus0_.reaction_id as reaction2_14_1_, reactionus0_.user_id as user_id3_14_1_ from reaction_user reactionus0_ where reactionus0_.reaction_id=?
Hibernate: select reactionus0_.reaction_id as reaction2_14_0_, reactionus0_.reaction_user_id as reaction1_14_0_, reactionus0_.reaction_user_id as reaction1_14_1_, reactionus0_.reaction_id as reaction2_14_1_, reactionus0_.user_id as user_id3_14_1_ from reaction_user reactionus0_ where reactionus0_.reaction_id=?
Hibernate: select reactionus0_.reaction_id as reaction2_14_0_, reactionus0_.reaction_user_id as reaction1_14_0_, reactionus0_.reaction_user_id as reaction1_14_1_, reactionus0_.reaction_id as reaction2_14_1_, reactionus0_.user_id as user_id3_14_1_ from reaction_user reactionus0_ where reactionus0_.reaction_id=?
Hibernate: select reactionus0_.reaction_id as reaction2_14_0_, reactionus0_.reaction_user_id as reaction1_14_0_, reactionus0_.reaction_user_id as reaction1_14_1_, reactionus0_.reaction_id as reaction2_14_1_, reactionus0_.user_id as user_id3_14_1_ from reaction_user reactionus0_ where reactionus0_.reaction_id=?
Hibernate: select reactionus0_.reaction_id as reaction2_14_0_, reactionus0_.reaction_user_id as reaction1_14_0_, reactionus0_.reaction_user_id as reaction1_14_1_, reactionus0_.reaction_id as reaction2_14_1_, reactionus0_.user_id as user_id3_14_1_ from reaction_user reactionus0_ where reactionus0_.reaction_id=?
Hibernate: select reactionus0_.reaction_id as reaction2_14_0_, reactionus0_.reaction_user_id as reaction1_14_0_, reactionus0_.reaction_user_id as reaction1_14_1_, reactionus0_.reaction_id as reaction2_14_1_, reactionus0_.user_id as user_id3_14_1_ from reaction_user reactionus0_ where reactionus0_.reaction_id=?
Hibernate: select commentlis0_.board_id as board_id5_7_0_, commentlis0_.comment_id as comment_1_7_0_, commentlis0_.comment_id as comment_1_7_1_, commentlis0_.board_id as board_id5_7_1_, commentlis0_.comment_content as comment_2_7_1_, commentlis0_.comment_created_at as comment_3_7_1_, commentlis0_.comment_last_modified_at as comment_4_7_1_, commentlis0_.user_id as user_id6_7_1_ from comment commentlis0_ where commentlis0_.board_id=?
Hibernate: select boardlist0_.category_id as category7_4_0_, boardlist0_.board_id as board_id1_4_0_, boardlist0_.board_id as board_id1_4_1_, boardlist0_.category_id as category7_4_1_, boardlist0_.board_content as board_co2_4_1_, boardlist0_.board_created_at as board_cr3_4_1_, boardlist0_.board_last_modified_at as board_la4_4_1_, boardlist0_.board_title as board_ti5_4_1_, boardlist0_.user_id as user_id8_4_1_, boardlist0_.board_views as board_vi6_4_1_ from board boardlist0_ where boardlist0_.category_id=?
Hibernate: select count(comment0_.comment_id) as col_0_0_ from comment comment0_ where comment0_.board_id=?
Hibernate: select count(comment0_.comment_id) as col_0_0_ from comment comment0_ where comment0_.board_id=?
Hibernate: select count(board0_.board_id) as col_0_0_ from board board0_ where board0_.category_id=?
Hibernate: select imagepathl0_.board_board_id as board_bo1_11_0_, imagepathl0_.board_image_path_list as board_im2_11_0_ from image_path_list imagepathl0_ where imagepathl0_.board_board_id=?
Hibernate: select filepathli0_.board_board_id as board_bo1_8_0_, filepathli0_.board_file_path_list as board_fi2_8_0_ from file_path_list filepathli0_ where filepathli0_.board_board_id=?
Hibernate: select imagepathl0_.board_board_id as board_bo1_11_0_, imagepathl0_.board_image_path_list as board_im2_11_0_ from image_path_list imagepathl0_ where imagepathl0_.board_board_id=?
Hibernate: select filepathli0_.board_board_id as board_bo1_8_0_, filepathli0_.board_file_path_list as board_fi2_8_0_ from file_path_list filepathli0_ where filepathli0_.board_board_id=?
Hibernate: select user0_.user_id as col_0_0_ from user user0_ where user0_.user_user_id=? limit ?
Hibernate: select user0_.user_id as col_0_0_ from user user0_ where user0_.user_user_id=? limit ?
Hibernate: select U.* from USER U where U.USER_USER_ID =?
Hibernate: select character0_.character_id as characte1_6_0_, character0_.character_character_name as characte2_6_0_ from characters character0_ where character0_.character_id=?
Hibernate: select user0_.user_id as user_id1_21_0_, user0_.character_id as characte7_21_0_, user0_.user_created_at as user_cre2_21_0_, user0_.user_name as user_nam3_21_0_, user0_.user_phone_number as user_pho4_21_0_, user0_.user_user_id as user_use5_21_0_, user0_.user_user_password as user_use6_21_0_ from user user0_ where user0_.user_id=?
Hibernate: select character0_.character_id as characte1_6_0_, character0_.character_character_name as characte2_6_0_ from characters character0_ where character0_.character_id=?
Hibernate: select count(*) as col_0_0_ from board board0_
Hibernate: select board0_.board_id as board_id1_4_, board0_.category_id as category7_4_, board0_.board_content as board_co2_4_, board0_.board_created_at as board_cr3_4_, board0_.board_last_modified_at as board_la4_4_, board0_.board_title as board_ti5_4_, board0_.user_id as user_id8_4_, board0_.board_views as board_vi6_4_ from board board0_ limit ?
Hibernate: select category0_.category_id as category1_5_0_, category0_.category_name as category2_5_0_ from category category0_ where category0_.category_id=?
Hibernate: select category0_.category_id as category1_5_0_, category0_.category_name as category2_5_0_ from category category0_ where category0_.category_id=?
Hibernate: select reactionli0_.board_id as board_id3_13_0_, reactionli0_.reaction_id as reaction1_13_0_, reactionli0_.reaction_id as reaction1_13_1_, reactionli0_.board_id as board_id3_13_1_, reactionli0_.reaction_type as reaction2_13_1_ from reaction reactionli0_ where reactionli0_.board_id=?
Hibernate: select reactionus0_.reaction_id as reaction2_14_0_, reactionus0_.reaction_user_id as reaction1_14_0_, reactionus0_.reaction_user_id as reaction1_14_1_, reactionus0_.reaction_id as reaction2_14_1_, reactionus0_.user_id as user_id3_14_1_ from reaction_user reactionus0_ where reactionus0_.reaction_id=?
Hibernate: select reactionus0_.reaction_id as reaction2_14_0_, reactionus0_.reaction_user_id as reaction1_14_0_, reactionus0_.reaction_user_id as reaction1_14_1_, reactionus0_.reaction_id as reaction2_14_1_, reactionus0_.user_id as user_id3_14_1_ from reaction_user reactionus0_ where reactionus0_.reaction_id=?
Hibernate: select reactionus0_.reaction_id as reaction2_14_0_, reactionus0_.reaction_user_id as reaction1_14_0_, reactionus0_.reaction_user_id as reaction1_14_1_, reactionus0_.reaction_id as reaction2_14_1_, reactionus0_.user_id as user_id3_14_1_ from reaction_user reactionus0_ where reactionus0_.reaction_id=?
Hibernate: select reactionus0_.reaction_id as reaction2_14_0_, reactionus0_.reaction_user_id as reaction1_14_0_, reactionus0_.reaction_user_id as reaction1_14_1_, reactionus0_.reaction_id as reaction2_14_1_, reactionus0_.user_id as user_id3_14_1_ from reaction_user reactionus0_ where reactionus0_.reaction_id=?
Hibernate: select reactionus0_.reaction_id as reaction2_14_0_, reactionus0_.reaction_user_id as reaction1_14_0_, reactionus0_.reaction_user_id as reaction1_14_1_, reactionus0_.reaction_id as reaction2_14_1_, reactionus0_.user_id as user_id3_14_1_ from reaction_user reactionus0_ where reactionus0_.reaction_id=?
Hibernate: select reactionus0_.reaction_id as reaction2_14_0_, reactionus0_.reaction_user_id as reaction1_14_0_, reactionus0_.reaction_user_id as reaction1_14_1_, reactionus0_.reaction_id as reaction2_14_1_, reactionus0_.user_id as user_id3_14_1_ from reaction_user reactionus0_ where reactionus0_.reaction_id=?
Hibernate: select commentlis0_.board_id as board_id5_7_0_, commentlis0_.comment_id as comment_1_7_0_, commentlis0_.comment_id as comment_1_7_1_, commentlis0_.board_id as board_id5_7_1_, commentlis0_.comment_content as comment_2_7_1_, commentlis0_.comment_created_at as comment_3_7_1_, commentlis0_.comment_last_modified_at as comment_4_7_1_, commentlis0_.user_id as user_id6_7_1_ from comment commentlis0_ where commentlis0_.board_id=?
Hibernate: select reactionli0_.board_id as board_id3_13_0_, reactionli0_.reaction_id as reaction1_13_0_, reactionli0_.reaction_id as reaction1_13_1_, reactionli0_.board_id as board_id3_13_1_, reactionli0_.reaction_type as reaction2_13_1_ from reaction reactionli0_ where reactionli0_.board_id=?
Hibernate: select reactionus0_.reaction_id as reaction2_14_0_, reactionus0_.reaction_user_id as reaction1_14_0_, reactionus0_.reaction_user_id as reaction1_14_1_, reactionus0_.reaction_id as reaction2_14_1_, reactionus0_.user_id as user_id3_14_1_ from reaction_user reactionus0_ where reactionus0_.reaction_id=?
Hibernate: select reactionus0_.reaction_id as reaction2_14_0_, reactionus0_.reaction_user_id as reaction1_14_0_, reactionus0_.reaction_user_id as reaction1_14_1_, reactionus0_.reaction_id as reaction2_14_1_, reactionus0_.user_id as user_id3_14_1_ from reaction_user reactionus0_ where reactionus0_.reaction_id=?
Hibernate: select reactionus0_.reaction_id as reaction2_14_0_, reactionus0_.reaction_user_id as reaction1_14_0_, reactionus0_.reaction_user_id as reaction1_14_1_, reactionus0_.reaction_id as reaction2_14_1_, reactionus0_.user_id as user_id3_14_1_ from reaction_user reactionus0_ where reactionus0_.reaction_id=?
Hibernate: select reactionus0_.reaction_id as reaction2_14_0_, reactionus0_.reaction_user_id as reaction1_14_0_, reactionus0_.reaction_user_id as reaction1_14_1_, reactionus0_.reaction_id as reaction2_14_1_, reactionus0_.user_id as user_id3_14_1_ from reaction_user reactionus0_ where reactionus0_.reaction_id=?
Hibernate: select reactionus0_.reaction_id as reaction2_14_0_, reactionus0_.reaction_user_id as reaction1_14_0_, reactionus0_.reaction_user_id as reaction1_14_1_, reactionus0_.reaction_id as reaction2_14_1_, reactionus0_.user_id as user_id3_14_1_ from reaction_user reactionus0_ where reactionus0_.reaction_id=?
Hibernate: select reactionus0_.reaction_id as reaction2_14_0_, reactionus0_.reaction_user_id as reaction1_14_0_, reactionus0_.reaction_user_id as reaction1_14_1_, reactionus0_.reaction_id as reaction2_14_1_, reactionus0_.user_id as user_id3_14_1_ from reaction_user reactionus0_ where reactionus0_.reaction_id=?
Hibernate: select commentlis0_.board_id as board_id5_7_0_, commentlis0_.comment_id as comment_1_7_0_, commentlis0_.comment_id as comment_1_7_1_, commentlis0_.board_id as board_id5_7_1_, commentlis0_.comment_content as comment_2_7_1_, commentlis0_.comment_created_at as comment_3_7_1_, commentlis0_.comment_last_modified_at as comment_4_7_1_, commentlis0_.user_id as user_id6_7_1_ from comment commentlis0_ where commentlis0_.board_id=?
Hibernate: select reactionli0_.board_id as board_id3_13_0_, reactionli0_.reaction_id as reaction1_13_0_, reactionli0_.reaction_id as reaction1_13_1_, reactionli0_.board_id as board_id3_13_1_, reactionli0_.reaction_type as reaction2_13_1_ from reaction reactionli0_ where reactionli0_.board_id=?
Hibernate: select reactionus0_.reaction_id as reaction2_14_0_, reactionus0_.reaction_user_id as reaction1_14_0_, reactionus0_.reaction_user_id as reaction1_14_1_, reactionus0_.reaction_id as reaction2_14_1_, reactionus0_.user_id as user_id3_14_1_ from reaction_user reactionus0_ where reactionus0_.reaction_id=?
Hibernate: select reactionus0_.reaction_id as reaction2_14_0_, reactionus0_.reaction_user_id as reaction1_14_0_, reactionus0_.reaction_user_id as reaction1_14_1_, reactionus0_.reaction_id as reaction2_14_1_, reactionus0_.user_id as user_id3_14_1_ from reaction_user reactionus0_ where reactionus0_.reaction_id=?
Hibernate: select reactionus0_.reaction_id as reaction2_14_0_, reactionus0_.reaction_user_id as reaction1_14_0_, reactionus0_.reaction_user_id as reaction1_14_1_, reactionus0_.reaction_id as reaction2_14_1_, reactionus0_.user_id as user_id3_14_1_ from reaction_user reactionus0_ where reactionus0_.reaction_id=?
Hibernate: select reactionus0_.reaction_id as reaction2_14_0_, reactionus0_.reaction_user_id as reaction1_14_0_, reactionus0_.reaction_user_id as reaction1_14_1_, reactionus0_.reaction_id as reaction2_14_1_, reactionus0_.user_id as user_id3_14_1_ from reaction_user reactionus0_ where reactionus0_.reaction_id=?
Hibernate: select reactionus0_.reaction_id as reaction2_14_0_, reactionus0_.reaction_user_id as reaction1_14_0_, reactionus0_.reaction_user_id as reaction1_14_1_, reactionus0_.reaction_id as reaction2_14_1_, reactionus0_.user_id as user_id3_14_1_ from reaction_user reactionus0_ where reactionus0_.reaction_id=?
Hibernate: select reactionus0_.reaction_id as reaction2_14_0_, reactionus0_.reaction_user_id as reaction1_14_0_, reactionus0_.reaction_user_id as reaction1_14_1_, reactionus0_.reaction_id as reaction2_14_1_, reactionus0_.user_id as user_id3_14_1_ from reaction_user reactionus0_ where reactionus0_.reaction_id=?
Hibernate: select commentlis0_.board_id as board_id5_7_0_, commentlis0_.comment_id as comment_1_7_0_, commentlis0_.comment_id as comment_1_7_1_, commentlis0_.board_id as board_id5_7_1_, commentlis0_.comment_content as comment_2_7_1_, commentlis0_.comment_created_at as comment_3_7_1_, commentlis0_.comment_last_modified_at as comment_4_7_1_, commentlis0_.user_id as user_id6_7_1_ from comment commentlis0_ where commentlis0_.board_id=?
Hibernate: select reactionli0_.board_id as board_id3_13_0_, reactionli0_.reaction_id as reaction1_13_0_, reactionli0_.reaction_id as reaction1_13_1_, reactionli0_.board_id as board_id3_13_1_, reactionli0_.reaction_type as reaction2_13_1_ from reaction reactionli0_ where reactionli0_.board_id=?
Hibernate: select reactionus0_.reaction_id as reaction2_14_0_, reactionus0_.reaction_user_id as reaction1_14_0_, reactionus0_.reaction_user_id as reaction1_14_1_, reactionus0_.reaction_id as reaction2_14_1_, reactionus0_.user_id as user_id3_14_1_ from reaction_user reactionus0_ where reactionus0_.reaction_id=?
Hibernate: select reactionus0_.reaction_id as reaction2_14_0_, reactionus0_.reaction_user_id as reaction1_14_0_, reactionus0_.reaction_user_id as reaction1_14_1_, reactionus0_.reaction_id as reaction2_14_1_, reactionus0_.user_id as user_id3_14_1_ from reaction_user reactionus0_ where reactionus0_.reaction_id=?
Hibernate: select reactionus0_.reaction_id as reaction2_14_0_, reactionus0_.reaction_user_id as reaction1_14_0_, reactionus0_.reaction_user_id as reaction1_14_1_, reactionus0_.reaction_id as reaction2_14_1_, reactionus0_.user_id as user_id3_14_1_ from reaction_user reactionus0_ where reactionus0_.reaction_id=?
Hibernate: select reactionus0_.reaction_id as reaction2_14_0_, reactionus0_.reaction_user_id as reaction1_14_0_, reactionus0_.reaction_user_id as reaction1_14_1_, reactionus0_.reaction_id as reaction2_14_1_, reactionus0_.user_id as user_id3_14_1_ from reaction_user reactionus0_ where reactionus0_.reaction_id=?
Hibernate: select reactionus0_.reaction_id as reaction2_14_0_, reactionus0_.reaction_user_id as reaction1_14_0_, reactionus0_.reaction_user_id as reaction1_14_1_, reactionus0_.reaction_id as reaction2_14_1_, reactionus0_.user_id as user_id3_14_1_ from reaction_user reactionus0_ where reactionus0_.reaction_id=?
Hibernate: select reactionus0_.reaction_id as reaction2_14_0_, reactionus0_.reaction_user_id as reaction1_14_0_, reactionus0_.reaction_user_id as reaction1_14_1_, reactionus0_.reaction_id as reaction2_14_1_, reactionus0_.user_id as user_id3_14_1_ from reaction_user reactionus0_ where reactionus0_.reaction_id=?
Hibernate: select commentlis0_.board_id as board_id5_7_0_, commentlis0_.comment_id as comment_1_7_0_, commentlis0_.comment_id as comment_1_7_1_, commentlis0_.board_id as board_id5_7_1_, commentlis0_.comment_content as comment_2_7_1_, commentlis0_.comment_created_at as comment_3_7_1_, commentlis0_.comment_last_modified_at as comment_4_7_1_, commentlis0_.user_id as user_id6_7_1_ from comment commentlis0_ where commentlis0_.board_id=?
Hibernate: select boardlist0_.category_id as category7_4_0_, boardlist0_.board_id as board_id1_4_0_, boardlist0_.board_id as board_id1_4_1_, boardlist0_.category_id as category7_4_1_, boardlist0_.board_content as board_co2_4_1_, boardlist0_.board_created_at as board_cr3_4_1_, boardlist0_.board_last_modified_at as board_la4_4_1_, boardlist0_.board_title as board_ti5_4_1_, boardlist0_.user_id as user_id8_4_1_, boardlist0_.board_views as board_vi6_4_1_ from board boardlist0_ where boardlist0_.category_id=?
Hibernate: select count(comment0_.comment_id) as col_0_0_ from comment comment0_ where comment0_.board_id=?
Hibernate: select count(comment0_.comment_id) as col_0_0_ from comment comment0_ where comment0_.board_id=?
Hibernate: select boardlist0_.category_id as category7_4_0_, boardlist0_.board_id as board_id1_4_0_, boardlist0_.board_id as board_id1_4_1_, boardlist0_.category_id as category7_4_1_, boardlist0_.board_content as board_co2_4_1_, boardlist0_.board_created_at as board_cr3_4_1_, boardlist0_.board_last_modified_at as board_la4_4_1_, boardlist0_.board_title as board_ti5_4_1_, boardlist0_.user_id as user_id8_4_1_, boardlist0_.board_views as board_vi6_4_1_ from board boardlist0_ where boardlist0_.category_id=?
Hibernate: select count(comment0_.comment_id) as col_0_0_ from comment comment0_ where comment0_.board_id=?
Hibernate: select count(comment0_.comment_id) as col_0_0_ from comment comment0_ where comment0_.board_id=?
Hibernate: select count(*) as col_0_0_ from board board0_
Hibernate: select imagepathl0_.board_board_id as board_bo1_11_0_, imagepathl0_.board_image_path_list as board_im2_11_0_ from image_path_list imagepathl0_ where imagepathl0_.board_board_id=?
Hibernate: select filepathli0_.board_board_id as board_bo1_8_0_, filepathli0_.board_file_path_list as board_fi2_8_0_ from file_path_list filepathli0_ where filepathli0_.board_board_id=?
Hibernate: select imagepathl0_.board_board_id as board_bo1_11_0_, imagepathl0_.board_image_path_list as board_im2_11_0_ from image_path_list imagepathl0_ where imagepathl0_.board_board_id=?
Hibernate: select filepathli0_.board_board_id as board_bo1_8_0_, filepathli0_.board_file_path_list as board_fi2_8_0_ from file_path_list filepathli0_ where filepathli0_.board_board_id=?
Hibernate: select imagepathl0_.board_board_id as board_bo1_11_0_, imagepathl0_.board_image_path_list as board_im2_11_0_ from image_path_list imagepathl0_ where imagepathl0_.board_board_id=?
Hibernate: select filepathli0_.board_board_id as board_bo1_8_0_, filepathli0_.board_file_path_list as board_fi2_8_0_ from file_path_list filepathli0_ where filepathli0_.board_board_id=?
Hibernate: select imagepathl0_.board_board_id as board_bo1_11_0_, imagepathl0_.board_image_path_list as board_im2_11_0_ from image_path_list imagepathl0_ where imagepathl0_.board_board_id=?
Hibernate: select filepathli0_.board_board_id as board_bo1_8_0_, filepathli0_.board_file_path_list as board_fi2_8_0_ from file_path_list filepathli0_ where filepathli0_.board_board_id=?
Hibernate: select U.* from USER U join BOARD B where U.USER_ID = B.USER_ID and B.BOARD_ID = ?
Hibernate: select character0_.character_id as characte1_6_0_, character0_.character_character_name as characte2_6_0_ from characters character0_ where character0_.character_id=?
Hibernate: select count(*) as col_0_0_ from user user0_ where user0_.user_id=?
Hibernate: select character1_.character_id as characte1_6_, character1_.character_character_name as characte2_6_ from user user0_ inner join characters character1_ on user0_.character_id=character1_.character_id where user0_.user_id=?
Hibernate: select permission0_.character_id as characte6_12_0_, permission0_.permission_id as permissi1_12_0_, permission0_.permission_id as permissi1_12_1_, permission0_.character_id as characte6_12_1_, permission0_.permission_name as permissi2_12_1_, permission0_.permission_permission_unit_id as permissi3_12_1_, permission0_.permission_service as permissi4_12_1_, permission0_.permission_status as permissi5_12_1_ from permission permission0_ where permission0_.character_id=?
Hibernate: select count(*) as col_0_0_ from board board0_ where board0_.board_id=?
Hibernate: select board0_.board_id as board_id1_4_0_, board0_.category_id as category7_4_0_, board0_.board_content as board_co2_4_0_, board0_.board_created_at as board_cr3_4_0_, board0_.board_last_modified_at as board_la4_4_0_, board0_.board_title as board_ti5_4_0_, board0_.user_id as user_id8_4_0_, board0_.board_views as board_vi6_4_0_ from board board0_ where board0_.board_id=?
Hibernate: select category0_.category_id as category1_5_0_, category0_.category_name as category2_5_0_ from category category0_ where category0_.category_id=?
Hibernate: select reactionli0_.board_id as board_id3_13_0_, reactionli0_.reaction_id as reaction1_13_0_, reactionli0_.reaction_id as reaction1_13_1_, reactionli0_.board_id as board_id3_13_1_, reactionli0_.reaction_type as reaction2_13_1_ from reaction reactionli0_ where reactionli0_.board_id=?
Hibernate: select reactionus0_.reaction_id as reaction2_14_0_, reactionus0_.reaction_user_id as reaction1_14_0_, reactionus0_.reaction_user_id as reaction1_14_1_, reactionus0_.reaction_id as reaction2_14_1_, reactionus0_.user_id as user_id3_14_1_ from reaction_user reactionus0_ where reactionus0_.reaction_id=?
Hibernate: select reactionus0_.reaction_id as reaction2_14_0_, reactionus0_.reaction_user_id as reaction1_14_0_, reactionus0_.reaction_user_id as reaction1_14_1_, reactionus0_.reaction_id as reaction2_14_1_, reactionus0_.user_id as user_id3_14_1_ from reaction_user reactionus0_ where reactionus0_.reaction_id=?
Hibernate: select reactionus0_.reaction_id as reaction2_14_0_, reactionus0_.reaction_user_id as reaction1_14_0_, reactionus0_.reaction_user_id as reaction1_14_1_, reactionus0_.reaction_id as reaction2_14_1_, reactionus0_.user_id as user_id3_14_1_ from reaction_user reactionus0_ where reactionus0_.reaction_id=?
Hibernate: select reactionus0_.reaction_id as reaction2_14_0_, reactionus0_.reaction_user_id as reaction1_14_0_, reactionus0_.reaction_user_id as reaction1_14_1_, reactionus0_.reaction_id as reaction2_14_1_, reactionus0_.user_id as user_id3_14_1_ from reaction_user reactionus0_ where reactionus0_.reaction_id=?
Hibernate: select reactionus0_.reaction_id as reaction2_14_0_, reactionus0_.reaction_user_id as reaction1_14_0_, reactionus0_.reaction_user_id as reaction1_14_1_, reactionus0_.reaction_id as reaction2_14_1_, reactionus0_.user_id as user_id3_14_1_ from reaction_user reactionus0_ where reactionus0_.reaction_id=?
Hibernate: select reactionus0_.reaction_id as reaction2_14_0_, reactionus0_.reaction_user_id as reaction1_14_0_, reactionus0_.reaction_user_id as reaction1_14_1_, reactionus0_.reaction_id as reaction2_14_1_, reactionus0_.user_id as user_id3_14_1_ from reaction_user reactionus0_ where reactionus0_.reaction_id=?
Hibernate: select commentlis0_.board_id as board_id5_7_0_, commentlis0_.comment_id as comment_1_7_0_, commentlis0_.comment_id as comment_1_7_1_, commentlis0_.board_id as board_id5_7_1_, commentlis0_.comment_content as comment_2_7_1_, commentlis0_.comment_created_at as comment_3_7_1_, commentlis0_.comment_last_modified_at as comment_4_7_1_, commentlis0_.user_id as user_id6_7_1_ from comment commentlis0_ where commentlis0_.board_id=?
Hibernate: select boardlist0_.category_id as category7_4_0_, boardlist0_.board_id as board_id1_4_0_, boardlist0_.board_id as board_id1_4_1_, boardlist0_.category_id as category7_4_1_, boardlist0_.board_content as board_co2_4_1_, boardlist0_.board_created_at as board_cr3_4_1_, boardlist0_.board_last_modified_at as board_la4_4_1_, boardlist0_.board_title as board_ti5_4_1_, boardlist0_.user_id as user_id8_4_1_, boardlist0_.board_views as board_vi6_4_1_ from board boardlist0_ where boardlist0_.category_id=?
Hibernate: select count(comment0_.comment_id) as col_0_0_ from comment comment0_ where comment0_.board_id=?
Hibernate: update board set category_id=?, board_content=?, board_created_at=?, board_last_modified_at=?, board_title=?, user_id=?, board_views=? where board_id=?
Hibernate: select filepathli0_.board_board_id as board_bo1_8_0_, filepathli0_.board_file_path_list as board_fi2_8_0_ from file_path_list filepathli0_ where filepathli0_.board_board_id=?
Hibernate: select imagepathl0_.board_board_id as board_bo1_11_0_, imagepathl0_.board_image_path_list as board_im2_11_0_ from image_path_list imagepathl0_ where imagepathl0_.board_board_id=?
Hibernate: select count(*) as col_0_0_ from board board0_ where board0_.board_id=?
Hibernate: delete from reaction where reaction_id=?
Hibernate: delete from reaction where reaction_id=?
Hibernate: delete from reaction where reaction_id=?
Hibernate: delete from reaction where reaction_id=?
Hibernate: delete from reaction where reaction_id=?
Hibernate: delete from reaction where reaction_id=?
Hibernate: delete from board where board_id=?
Hibernate: select user0_.user_id as user_id1_21_0_, user0_.character_id as characte7_21_0_, user0_.user_created_at as user_cre2_21_0_, user0_.user_name as user_nam3_21_0_, user0_.user_phone_number as user_pho4_21_0_, user0_.user_user_id as user_use5_21_0_, user0_.user_user_password as user_use6_21_0_ from user user0_ where user0_.user_id=?
Hibernate: select character0_.character_id as characte1_6_0_, character0_.character_character_name as characte2_6_0_ from characters character0_ where character0_.character_id=?
Hibernate: select count(*) as col_0_0_ from user user0_ where user0_.user_id=?
Hibernate: select character1_.character_id as characte1_6_, character1_.character_character_name as characte2_6_ from user user0_ inner join characters character1_ on user0_.character_id=character1_.character_id where user0_.user_id=?
Hibernate: select permission0_.character_id as characte6_12_0_, permission0_.permission_id as permissi1_12_0_, permission0_.permission_id as permissi1_12_1_, permission0_.character_id as characte6_12_1_, permission0_.permission_name as permissi2_12_1_, permission0_.permission_permission_unit_id as permissi3_12_1_, permission0_.permission_service as permissi4_12_1_, permission0_.permission_status as permissi5_12_1_ from permission permission0_ where permission0_.character_id=?
Hibernate: select count(*) as col_0_0_ from board board0_ where board0_.board_id=?
Hibernate: select U.* from USER U join BOARD B where U.USER_ID = B.USER_ID and B.BOARD_ID = ?
Hibernate: select character0_.character_id as characte1_6_0_, character0_.character_character_name as characte2_6_0_ from characters character0_ where character0_.character_id=?
Hibernate: select count(*) as col_0_0_ from user user0_ where user0_.user_id=?
Hibernate: select character1_.character_id as characte1_6_, character1_.character_character_name as characte2_6_ from user user0_ inner join characters character1_ on user0_.character_id=character1_.character_id where user0_.user_id=?
Hibernate: select permission0_.character_id as characte6_12_0_, permission0_.permission_id as permissi1_12_0_, permission0_.permission_id as permissi1_12_1_, permission0_.character_id as characte6_12_1_, permission0_.permission_name as permissi2_12_1_, permission0_.permission_permission_unit_id as permissi3_12_1_, permission0_.permission_service as permissi4_12_1_, permission0_.permission_status as permissi5_12_1_ from permission permission0_ where permission0_.character_id=?
Hibernate: select count(*) as col_0_0_ from board board0_ where board0_.board_id=?
Hibernate: select board0_.board_id as board_id1_4_0_, board0_.category_id as category7_4_0_, board0_.board_content as board_co2_4_0_, board0_.board_created_at as board_cr3_4_0_, board0_.board_last_modified_at as board_la4_4_0_, board0_.board_title as board_ti5_4_0_, board0_.user_id as user_id8_4_0_, board0_.board_views as board_vi6_4_0_ from board board0_ where board0_.board_id=?
Hibernate: select category0_.category_id as category1_5_0_, category0_.category_name as category2_5_0_ from category category0_ where category0_.category_id=?
Hibernate: select reactionli0_.board_id as board_id3_13_0_, reactionli0_.reaction_id as reaction1_13_0_, reactionli0_.reaction_id as reaction1_13_1_, reactionli0_.board_id as board_id3_13_1_, reactionli0_.reaction_type as reaction2_13_1_ from reaction reactionli0_ where reactionli0_.board_id=?
Hibernate: select reactionus0_.reaction_id as reaction2_14_0_, reactionus0_.reaction_user_id as reaction1_14_0_, reactionus0_.reaction_user_id as reaction1_14_1_, reactionus0_.reaction_id as reaction2_14_1_, reactionus0_.user_id as user_id3_14_1_ from reaction_user reactionus0_ where reactionus0_.reaction_id=?
Hibernate: select reactionus0_.reaction_id as reaction2_14_0_, reactionus0_.reaction_user_id as reaction1_14_0_, reactionus0_.reaction_user_id as reaction1_14_1_, reactionus0_.reaction_id as reaction2_14_1_, reactionus0_.user_id as user_id3_14_1_ from reaction_user reactionus0_ where reactionus0_.reaction_id=?
Hibernate: select reactionus0_.reaction_id as reaction2_14_0_, reactionus0_.reaction_user_id as reaction1_14_0_, reactionus0_.reaction_user_id as reaction1_14_1_, reactionus0_.reaction_id as reaction2_14_1_, reactionus0_.user_id as user_id3_14_1_ from reaction_user reactionus0_ where reactionus0_.reaction_id=?
Hibernate: select reactionus0_.reaction_id as reaction2_14_0_, reactionus0_.reaction_user_id as reaction1_14_0_, reactionus0_.reaction_user_id as reaction1_14_1_, reactionus0_.reaction_id as reaction2_14_1_, reactionus0_.user_id as user_id3_14_1_ from reaction_user reactionus0_ where reactionus0_.reaction_id=?
Hibernate: select reactionus0_.reaction_id as reaction2_14_0_, reactionus0_.reaction_user_id as reaction1_14_0_, reactionus0_.reaction_user_id as reaction1_14_1_, reactionus0_.reaction_id as reaction2_14_1_, reactionus0_.user_id as user_id3_14_1_ from reaction_user reactionus0_ where reactionus0_.reaction_id=?
Hibernate: select reactionus0_.reaction_id as reaction2_14_0_, reactionus0_.reaction_user_id as reaction1_14_0_, reactionus0_.reaction_user_id as reaction1_14_1_, reactionus0_.reaction_id as reaction2_14_1_, reactionus0_.user_id as user_id3_14_1_ from reaction_user reactionus0_ where reactionus0_.reaction_id=?
Hibernate: select commentlis0_.board_id as board_id5_7_0_, commentlis0_.comment_id as comment_1_7_0_, commentlis0_.comment_id as comment_1_7_1_, commentlis0_.board_id as board_id5_7_1_, commentlis0_.comment_content as comment_2_7_1_, commentlis0_.comment_created_at as comment_3_7_1_, commentlis0_.comment_last_modified_at as comment_4_7_1_, commentlis0_.user_id as user_id6_7_1_ from comment commentlis0_ where commentlis0_.board_id=?
Hibernate: select boardlist0_.category_id as category7_4_0_, boardlist0_.board_id as board_id1_4_0_, boardlist0_.board_id as board_id1_4_1_, boardlist0_.category_id as category7_4_1_, boardlist0_.board_content as board_co2_4_1_, boardlist0_.board_created_at as board_cr3_4_1_, boardlist0_.board_last_modified_at as board_la4_4_1_, boardlist0_.board_title as board_ti5_4_1_, boardlist0_.user_id as user_id8_4_1_, boardlist0_.board_views as board_vi6_4_1_ from board boardlist0_ where boardlist0_.category_id=?
Hibernate: select count(comment0_.comment_id) as col_0_0_ from comment comment0_ where comment0_.board_id=?
Hibernate: update board set category_id=?, board_content=?, board_created_at=?, board_last_modified_at=?, board_title=?, user_id=?, board_views=? where board_id=?
Hibernate: select filepathli0_.board_board_id as board_bo1_8_0_, filepathli0_.board_file_path_list as board_fi2_8_0_ from file_path_list filepathli0_ where filepathli0_.board_board_id=?
Hibernate: select imagepathl0_.board_board_id as board_bo1_11_0_, imagepathl0_.board_image_path_list as board_im2_11_0_ from image_path_list imagepathl0_ where imagepathl0_.board_board_id=?
Hibernate: select count(*) as col_0_0_ from board board0_ where board0_.board_id=?
Hibernate: delete from reaction where reaction_id=?
Hibernate: delete from reaction where reaction_id=?
Hibernate: delete from reaction where reaction_id=?
Hibernate: delete from reaction where reaction_id=?
Hibernate: delete from reaction where reaction_id=?
Hibernate: delete from reaction where reaction_id=?
Hibernate: delete from board where board_id=?
Hibernate: select user0_.user_id as user_id1_21_0_, user0_.character_id as characte7_21_0_, user0_.user_created_at as user_cre2_21_0_, user0_.user_name as user_nam3_21_0_, user0_.user_phone_number as user_pho4_21_0_, user0_.user_user_id as user_use5_21_0_, user0_.user_user_password as user_use6_21_0_ from user user0_ where user0_.user_id=?
Hibernate: select character0_.character_id as characte1_6_0_, character0_.character_character_name as characte2_6_0_ from characters character0_ where character0_.character_id=?
Hibernate: select count(*) as col_0_0_ from user user0_ where user0_.user_id=?
Hibernate: select character1_.character_id as characte1_6_, character1_.character_character_name as characte2_6_ from user user0_ inner join characters character1_ on user0_.character_id=character1_.character_id where user0_.user_id=?
Hibernate: select permission0_.character_id as characte6_12_0_, permission0_.permission_id as permissi1_12_0_, permission0_.permission_id as permissi1_12_1_, permission0_.character_id as characte6_12_1_, permission0_.permission_name as permissi2_12_1_, permission0_.permission_permission_unit_id as permissi3_12_1_, permission0_.permission_service as permissi4_12_1_, permission0_.permission_status as permissi5_12_1_ from permission permission0_ where permission0_.character_id=?
Hibernate: select count(*) as col_0_0_ from board board0_ where board0_.board_id=?
Hibernate: select U.* from USER U join BOARD B where U.USER_ID = B.USER_ID and B.BOARD_ID = ?
Hibernate: select character0_.character_id as characte1_6_0_, character0_.character_character_name as characte2_6_0_ from characters character0_ where character0_.character_id=?
Hibernate: select count(*) as col_0_0_ from user user0_ where user0_.user_id=?
Hibernate: select character1_.character_id as characte1_6_, character1_.character_character_name as characte2_6_ from user user0_ inner join characters character1_ on user0_.character_id=character1_.character_id where user0_.user_id=?
Hibernate: select permission0_.character_id as characte6_12_0_, permission0_.permission_id as permissi1_12_0_, permission0_.permission_id as permissi1_12_1_, permission0_.character_id as characte6_12_1_, permission0_.permission_name as permissi2_12_1_, permission0_.permission_permission_unit_id as permissi3_12_1_, permission0_.permission_service as permissi4_12_1_, permission0_.permission_status as permissi5_12_1_ from permission permission0_ where permission0_.character_id=?
Hibernate: select count(*) as col_0_0_ from board board0_ where board0_.board_id=?
Hibernate: select board0_.board_id as board_id1_4_0_, board0_.category_id as category7_4_0_, board0_.board_content as board_co2_4_0_, board0_.board_created_at as board_cr3_4_0_, board0_.board_last_modified_at as board_la4_4_0_, board0_.board_title as board_ti5_4_0_, board0_.user_id as user_id8_4_0_, board0_.board_views as board_vi6_4_0_ from board board0_ where board0_.board_id=?
Hibernate: select category0_.category_id as category1_5_0_, category0_.category_name as category2_5_0_ from category category0_ where category0_.category_id=?
Hibernate: select reactionli0_.board_id as board_id3_13_0_, reactionli0_.reaction_id as reaction1_13_0_, reactionli0_.reaction_id as reaction1_13_1_, reactionli0_.board_id as board_id3_13_1_, reactionli0_.reaction_type as reaction2_13_1_ from reaction reactionli0_ where reactionli0_.board_id=?
Hibernate: select reactionus0_.reaction_id as reaction2_14_0_, reactionus0_.reaction_user_id as reaction1_14_0_, reactionus0_.reaction_user_id as reaction1_14_1_, reactionus0_.reaction_id as reaction2_14_1_, reactionus0_.user_id as user_id3_14_1_ from reaction_user reactionus0_ where reactionus0_.reaction_id=?
Hibernate: select reactionus0_.reaction_id as reaction2_14_0_, reactionus0_.reaction_user_id as reaction1_14_0_, reactionus0_.reaction_user_id as reaction1_14_1_, reactionus0_.reaction_id as reaction2_14_1_, reactionus0_.user_id as user_id3_14_1_ from reaction_user reactionus0_ where reactionus0_.reaction_id=?
Hibernate: select reactionus0_.reaction_id as reaction2_14_0_, reactionus0_.reaction_user_id as reaction1_14_0_, reactionus0_.reaction_user_id as reaction1_14_1_, reactionus0_.reaction_id as reaction2_14_1_, reactionus0_.user_id as user_id3_14_1_ from reaction_user reactionus0_ where reactionus0_.reaction_id=?
Hibernate: select reactionus0_.reaction_id as reaction2_14_0_, reactionus0_.reaction_user_id as reaction1_14_0_, reactionus0_.reaction_user_id as reaction1_14_1_, reactionus0_.reaction_id as reaction2_14_1_, reactionus0_.user_id as user_id3_14_1_ from reaction_user reactionus0_ where reactionus0_.reaction_id=?
Hibernate: select reactionus0_.reaction_id as reaction2_14_0_, reactionus0_.reaction_user_id as reaction1_14_0_, reactionus0_.reaction_user_id as reaction1_14_1_, reactionus0_.reaction_id as reaction2_14_1_, reactionus0_.user_id as user_id3_14_1_ from reaction_user reactionus0_ where reactionus0_.reaction_id=?
Hibernate: select reactionus0_.reaction_id as reaction2_14_0_, reactionus0_.reaction_user_id as reaction1_14_0_, reactionus0_.reaction_user_id as reaction1_14_1_, reactionus0_.reaction_id as reaction2_14_1_, reactionus0_.user_id as user_id3_14_1_ from reaction_user reactionus0_ where reactionus0_.reaction_id=?
Hibernate: select commentlis0_.board_id as board_id5_7_0_, commentlis0_.comment_id as comment_1_7_0_, commentlis0_.comment_id as comment_1_7_1_, commentlis0_.board_id as board_id5_7_1_, commentlis0_.comment_content as comment_2_7_1_, commentlis0_.comment_created_at as comment_3_7_1_, commentlis0_.comment_last_modified_at as comment_4_7_1_, commentlis0_.user_id as user_id6_7_1_ from comment commentlis0_ where commentlis0_.board_id=?
Hibernate: select boardlist0_.category_id as category7_4_0_, boardlist0_.board_id as board_id1_4_0_, boardlist0_.board_id as board_id1_4_1_, boardlist0_.category_id as category7_4_1_, boardlist0_.board_content as board_co2_4_1_, boardlist0_.board_created_at as board_cr3_4_1_, boardlist0_.board_last_modified_at as board_la4_4_1_, boardlist0_.board_title as board_ti5_4_1_, boardlist0_.user_id as user_id8_4_1_, boardlist0_.board_views as board_vi6_4_1_ from board boardlist0_ where boardlist0_.category_id=?
Hibernate: select count(comment0_.comment_id) as col_0_0_ from comment comment0_ where comment0_.board_id=?
Hibernate: update board set category_id=?, board_content=?, board_created_at=?, board_last_modified_at=?, board_title=?, user_id=?, board_views=? where board_id=?
Hibernate: select filepathli0_.board_board_id as board_bo1_8_0_, filepathli0_.board_file_path_list as board_fi2_8_0_ from file_path_list filepathli0_ where filepathli0_.board_board_id=?
Hibernate: select imagepathl0_.board_board_id as board_bo1_11_0_, imagepathl0_.board_image_path_list as board_im2_11_0_ from image_path_list imagepathl0_ where imagepathl0_.board_board_id=?
Hibernate: select count(*) as col_0_0_ from board board0_ where board0_.board_id=?
Hibernate: delete from reaction where reaction_id=?
Hibernate: delete from reaction where reaction_id=?
Hibernate: delete from reaction where reaction_id=?
Hibernate: delete from reaction where reaction_id=?
Hibernate: delete from reaction where reaction_id=?
Hibernate: delete from reaction where reaction_id=?
Hibernate: delete from board where board_id=?
Hibernate: select user0_.user_id as user_id1_21_0_, user0_.character_id as characte7_21_0_, user0_.user_created_at as user_cre2_21_0_, user0_.user_name as user_nam3_21_0_, user0_.user_phone_number as user_pho4_21_0_, user0_.user_user_id as user_use5_21_0_, user0_.user_user_password as user_use6_21_0_ from user user0_ where user0_.user_id=?
Hibernate: select character0_.character_id as characte1_6_0_, character0_.character_character_name as characte2_6_0_ from characters character0_ where character0_.character_id=?
Hibernate: select count(*) as col_0_0_ from user user0_ where user0_.user_id=?
Hibernate: select character1_.character_id as characte1_6_, character1_.character_character_name as characte2_6_ from user user0_ inner join characters character1_ on user0_.character_id=character1_.character_id where user0_.user_id=?
Hibernate: select permission0_.character_id as characte6_12_0_, permission0_.permission_id as permissi1_12_0_, permission0_.permission_id as permissi1_12_1_, permission0_.character_id as characte6_12_1_, permission0_.permission_name as permissi2_12_1_, permission0_.permission_permission_unit_id as permissi3_12_1_, permission0_.permission_service as permissi4_12_1_, permission0_.permission_status as permissi5_12_1_ from permission permission0_ where permission0_.character_id=?
Hibernate: select count(*) as col_0_0_ from board board0_ where board0_.board_id=?
Hibernate: select U.* from USER U join BOARD B where U.USER_ID = B.USER_ID and B.BOARD_ID = ?
Hibernate: select character0_.character_id as characte1_6_0_, character0_.character_character_name as characte2_6_0_ from characters character0_ where character0_.character_id=?
Hibernate: select count(*) as col_0_0_ from user user0_ where user0_.user_id=?
Hibernate: select character1_.character_id as characte1_6_, character1_.character_character_name as characte2_6_ from user user0_ inner join characters character1_ on user0_.character_id=character1_.character_id where user0_.user_id=?
Hibernate: select permission0_.character_id as characte6_12_0_, permission0_.permission_id as permissi1_12_0_, permission0_.permission_id as permissi1_12_1_, permission0_.character_id as characte6_12_1_, permission0_.permission_name as permissi2_12_1_, permission0_.permission_permission_unit_id as permissi3_12_1_, permission0_.permission_service as permissi4_12_1_, permission0_.permission_status as permissi5_12_1_ from permission permission0_ where permission0_.character_id=?
Hibernate: select count(*) as col_0_0_ from board board0_ where board0_.board_id=?
Hibernate: select board0_.board_id as board_id1_4_0_, board0_.category_id as category7_4_0_, board0_.board_content as board_co2_4_0_, board0_.board_created_at as board_cr3_4_0_, board0_.board_last_modified_at as board_la4_4_0_, board0_.board_title as board_ti5_4_0_, board0_.user_id as user_id8_4_0_, board0_.board_views as board_vi6_4_0_ from board board0_ where board0_.board_id=?
Hibernate: select category0_.category_id as category1_5_0_, category0_.category_name as category2_5_0_ from category category0_ where category0_.category_id=?
Hibernate: select reactionli0_.board_id as board_id3_13_0_, reactionli0_.reaction_id as reaction1_13_0_, reactionli0_.reaction_id as reaction1_13_1_, reactionli0_.board_id as board_id3_13_1_, reactionli0_.reaction_type as reaction2_13_1_ from reaction reactionli0_ where reactionli0_.board_id=?
Hibernate: select reactionus0_.reaction_id as reaction2_14_0_, reactionus0_.reaction_user_id as reaction1_14_0_, reactionus0_.reaction_user_id as reaction1_14_1_, reactionus0_.reaction_id as reaction2_14_1_, reactionus0_.user_id as user_id3_14_1_ from reaction_user reactionus0_ where reactionus0_.reaction_id=?
Hibernate: select reactionus0_.reaction_id as reaction2_14_0_, reactionus0_.reaction_user_id as reaction1_14_0_, reactionus0_.reaction_user_id as reaction1_14_1_, reactionus0_.reaction_id as reaction2_14_1_, reactionus0_.user_id as user_id3_14_1_ from reaction_user reactionus0_ where reactionus0_.reaction_id=?
Hibernate: select reactionus0_.reaction_id as reaction2_14_0_, reactionus0_.reaction_user_id as reaction1_14_0_, reactionus0_.reaction_user_id as reaction1_14_1_, reactionus0_.reaction_id as reaction2_14_1_, reactionus0_.user_id as user_id3_14_1_ from reaction_user reactionus0_ where reactionus0_.reaction_id=?
Hibernate: select reactionus0_.reaction_id as reaction2_14_0_, reactionus0_.reaction_user_id as reaction1_14_0_, reactionus0_.reaction_user_id as reaction1_14_1_, reactionus0_.reaction_id as reaction2_14_1_, reactionus0_.user_id as user_id3_14_1_ from reaction_user reactionus0_ where reactionus0_.reaction_id=?
Hibernate: select reactionus0_.reaction_id as reaction2_14_0_, reactionus0_.reaction_user_id as reaction1_14_0_, reactionus0_.reaction_user_id as reaction1_14_1_, reactionus0_.reaction_id as reaction2_14_1_, reactionus0_.user_id as user_id3_14_1_ from reaction_user reactionus0_ where reactionus0_.reaction_id=?
Hibernate: select reactionus0_.reaction_id as reaction2_14_0_, reactionus0_.reaction_user_id as reaction1_14_0_, reactionus0_.reaction_user_id as reaction1_14_1_, reactionus0_.reaction_id as reaction2_14_1_, reactionus0_.user_id as user_id3_14_1_ from reaction_user reactionus0_ where reactionus0_.reaction_id=?
Hibernate: select commentlis0_.board_id as board_id5_7_0_, commentlis0_.comment_id as comment_1_7_0_, commentlis0_.comment_id as comment_1_7_1_, commentlis0_.board_id as board_id5_7_1_, commentlis0_.comment_content as comment_2_7_1_, commentlis0_.comment_created_at as comment_3_7_1_, commentlis0_.comment_last_modified_at as comment_4_7_1_, commentlis0_.user_id as user_id6_7_1_ from comment commentlis0_ where commentlis0_.board_id=?
Hibernate: select boardlist0_.category_id as category7_4_0_, boardlist0_.board_id as board_id1_4_0_, boardlist0_.board_id as board_id1_4_1_, boardlist0_.category_id as category7_4_1_, boardlist0_.board_content as board_co2_4_1_, boardlist0_.board_created_at as board_cr3_4_1_, boardlist0_.board_last_modified_at as board_la4_4_1_, boardlist0_.board_title as board_ti5_4_1_, boardlist0_.user_id as user_id8_4_1_, boardlist0_.board_views as board_vi6_4_1_ from board boardlist0_ where boardlist0_.category_id=?
Hibernate: select count(comment0_.comment_id) as col_0_0_ from comment comment0_ where comment0_.board_id=?
Hibernate: update board set category_id=?, board_content=?, board_created_at=?, board_last_modified_at=?, board_title=?, user_id=?, board_views=? where board_id=?
Hibernate: select filepathli0_.board_board_id as board_bo1_8_0_, filepathli0_.board_file_path_list as board_fi2_8_0_ from file_path_list filepathli0_ where filepathli0_.board_board_id=?
Hibernate: select imagepathl0_.board_board_id as board_bo1_11_0_, imagepathl0_.board_image_path_list as board_im2_11_0_ from image_path_list imagepathl0_ where imagepathl0_.board_board_id=?
Hibernate: select count(*) as col_0_0_ from board board0_ where board0_.board_id=?
Hibernate: delete from reaction where reaction_id=?
Hibernate: delete from reaction where reaction_id=?
Hibernate: delete from reaction where reaction_id=?
Hibernate: delete from reaction where reaction_id=?
Hibernate: delete from reaction where reaction_id=?
Hibernate: delete from reaction where reaction_id=?
Hibernate: delete from board where board_id=?
Hibernate: select user0_.user_id as user_id1_21_0_, user0_.character_id as characte7_21_0_, user0_.user_created_at as user_cre2_21_0_, user0_.user_name as user_nam3_21_0_, user0_.user_phone_number as user_pho4_21_0_, user0_.user_user_id as user_use5_21_0_, user0_.user_user_password as user_use6_21_0_ from user user0_ where user0_.user_id=?
Hibernate: select character0_.character_id as characte1_6_0_, character0_.character_character_name as characte2_6_0_ from characters character0_ where character0_.character_id=?
Hibernate: select count(*) as col_0_0_ from user user0_ where user0_.user_id=?
Hibernate: select character1_.character_id as characte1_6_, character1_.character_character_name as characte2_6_ from user user0_ inner join characters character1_ on user0_.character_id=character1_.character_id where user0_.user_id=?
Hibernate: select permission0_.character_id as characte6_12_0_, permission0_.permission_id as permissi1_12_0_, permission0_.permission_id as permissi1_12_1_, permission0_.character_id as characte6_12_1_, permission0_.permission_name as permissi2_12_1_, permission0_.permission_permission_unit_id as permissi3_12_1_, permission0_.permission_service as permissi4_12_1_, permission0_.permission_status as permissi5_12_1_ from permission permission0_ where permission0_.character_id=?
Hibernate: select count(*) as col_0_0_ from board board0_ where board0_.board_id=?
Hibernate: select user0_.user_id as col_0_0_ from user user0_ where user0_.user_user_id=? limit ?
Hibernate: select user0_.user_id as col_0_0_ from user user0_ where user0_.user_user_id=? limit ?
Hibernate: select U.* from USER U where U.USER_USER_ID =?
Hibernate: select character0_.character_id as characte1_6_0_, character0_.character_character_name as characte2_6_0_ from characters character0_ where character0_.character_id=?
Hibernate: select user0_.user_id as user_id1_21_0_, user0_.character_id as characte7_21_0_, user0_.user_created_at as user_cre2_21_0_, user0_.user_name as user_nam3_21_0_, user0_.user_phone_number as user_pho4_21_0_, user0_.user_user_id as user_use5_21_0_, user0_.user_user_password as user_use6_21_0_ from user user0_ where user0_.user_id=?
Hibernate: select character0_.character_id as characte1_6_0_, character0_.character_character_name as characte2_6_0_ from characters character0_ where character0_.character_id=?
Hibernate: select category0_.category_id as category1_5_, category0_.category_name as category2_5_ from category category0_
Hibernate: select boardlist0_.category_id as category7_4_0_, boardlist0_.board_id as board_id1_4_0_, boardlist0_.board_id as board_id1_4_1_, boardlist0_.category_id as category7_4_1_, boardlist0_.board_content as board_co2_4_1_, boardlist0_.board_created_at as board_cr3_4_1_, boardlist0_.board_last_modified_at as board_la4_4_1_, boardlist0_.board_title as board_ti5_4_1_, boardlist0_.user_id as user_id8_4_1_, boardlist0_.board_views as board_vi6_4_1_ from board boardlist0_ where boardlist0_.category_id=?
Hibernate: select boardlist0_.category_id as category7_4_0_, boardlist0_.board_id as board_id1_4_0_, boardlist0_.board_id as board_id1_4_1_, boardlist0_.category_id as category7_4_1_, boardlist0_.board_content as board_co2_4_1_, boardlist0_.board_created_at as board_cr3_4_1_, boardlist0_.board_last_modified_at as board_la4_4_1_, boardlist0_.board_title as board_ti5_4_1_, boardlist0_.user_id as user_id8_4_1_, boardlist0_.board_views as board_vi6_4_1_ from board boardlist0_ where boardlist0_.category_id=?
Hibernate: select user0_.user_id as user_id1_21_0_, user0_.character_id as characte7_21_0_, user0_.user_created_at as user_cre2_21_0_, user0_.user_name as user_nam3_21_0_, user0_.user_phone_number as user_pho4_21_0_, user0_.user_user_id as user_use5_21_0_, user0_.user_user_password as user_use6_21_0_ from user user0_ where user0_.user_id=?
Hibernate: select character0_.character_id as characte1_6_0_, character0_.character_character_name as characte2_6_0_ from characters character0_ where character0_.character_id=?
Hibernate: select count(*) as col_0_0_ from user user0_ where user0_.user_id=?
Hibernate: select character1_.character_id as characte1_6_, character1_.character_character_name as characte2_6_ from user user0_ inner join characters character1_ on user0_.character_id=character1_.character_id where user0_.user_id=?
Hibernate: select permission0_.character_id as characte6_12_0_, permission0_.permission_id as permissi1_12_0_, permission0_.permission_id as permissi1_12_1_, permission0_.character_id as characte6_12_1_, permission0_.permission_name as permissi2_12_1_, permission0_.permission_permission_unit_id as permissi3_12_1_, permission0_.permission_service as permissi4_12_1_, permission0_.permission_status as permissi5_12_1_ from permission permission0_ where permission0_.character_id=?
Hibernate: select count(*) as col_0_0_ from category category0_ where category0_.category_id=?
Hibernate: select count(board0_.board_id) as col_0_0_ from board board0_ where board0_.category_id=?
Hibernate: select category0_.category_id as category1_5_0_, category0_.category_name as category2_5_0_ from category category0_ where category0_.category_id=?
Hibernate: select boardlist0_.category_id as category7_4_0_, boardlist0_.board_id as board_id1_4_0_, boardlist0_.board_id as board_id1_4_1_, boardlist0_.category_id as category7_4_1_, boardlist0_.board_content as board_co2_4_1_, boardlist0_.board_created_at as board_cr3_4_1_, boardlist0_.board_last_modified_at as board_la4_4_1_, boardlist0_.board_title as board_ti5_4_1_, boardlist0_.user_id as user_id8_4_1_, boardlist0_.board_views as board_vi6_4_1_ from board boardlist0_ where boardlist0_.category_id=?
Hibernate: delete from category where category_id=?
Hibernate: select user0_.user_id as user_id1_21_0_, user0_.character_id as characte7_21_0_, user0_.user_created_at as user_cre2_21_0_, user0_.user_name as user_nam3_21_0_, user0_.user_phone_number as user_pho4_21_0_, user0_.user_user_id as user_use5_21_0_, user0_.user_user_password as user_use6_21_0_ from user user0_ where user0_.user_id=?
Hibernate: select character0_.character_id as characte1_6_0_, character0_.character_character_name as characte2_6_0_ from characters character0_ where character0_.character_id=?
Hibernate: select count(*) as col_0_0_ from user user0_ where user0_.user_id=?
Hibernate: select character1_.character_id as characte1_6_, character1_.character_character_name as characte2_6_ from user user0_ inner join characters character1_ on user0_.character_id=character1_.character_id where user0_.user_id=?
Hibernate: select permission0_.character_id as characte6_12_0_, permission0_.permission_id as permissi1_12_0_, permission0_.permission_id as permissi1_12_1_, permission0_.character_id as characte6_12_1_, permission0_.permission_name as permissi2_12_1_, permission0_.permission_permission_unit_id as permissi3_12_1_, permission0_.permission_service as permissi4_12_1_, permission0_.permission_status as permissi5_12_1_ from permission permission0_ where permission0_.character_id=?
Hibernate: select count(*) as col_0_0_ from category category0_ where category0_.category_id=?
Hibernate: select count(board0_.board_id) as col_0_0_ from board board0_ where board0_.category_id=?
Hibernate: select category0_.category_id as category1_5_0_, category0_.category_name as category2_5_0_ from category category0_ where category0_.category_id=?
Hibernate: select boardlist0_.category_id as category7_4_0_, boardlist0_.board_id as board_id1_4_0_, boardlist0_.board_id as board_id1_4_1_, boardlist0_.category_id as category7_4_1_, boardlist0_.board_content as board_co2_4_1_, boardlist0_.board_created_at as board_cr3_4_1_, boardlist0_.board_last_modified_at as board_la4_4_1_, boardlist0_.board_title as board_ti5_4_1_, boardlist0_.user_id as user_id8_4_1_, boardlist0_.board_views as board_vi6_4_1_ from board boardlist0_ where boardlist0_.category_id=?
Hibernate: delete from category where category_id=?
Hibernate: select user0_.user_id as user_id1_21_0_, user0_.character_id as characte7_21_0_, user0_.user_created_at as user_cre2_21_0_, user0_.user_name as user_nam3_21_0_, user0_.user_phone_number as user_pho4_21_0_, user0_.user_user_id as user_use5_21_0_, user0_.user_user_password as user_use6_21_0_ from user user0_ where user0_.user_id=?
Hibernate: select character0_.character_id as characte1_6_0_, character0_.character_character_name as characte2_6_0_ from characters character0_ where character0_.character_id=?
Hibernate: select count(*) as col_0_0_ from user user0_ where user0_.user_id=?
Hibernate: select character1_.character_id as characte1_6_, character1_.character_character_name as characte2_6_ from user user0_ inner join characters character1_ on user0_.character_id=character1_.character_id where user0_.user_id=?
Hibernate: select permission0_.character_id as characte6_12_0_, permission0_.permission_id as permissi1_12_0_, permission0_.permission_id as permissi1_12_1_, permission0_.character_id as characte6_12_1_, permission0_.permission_name as permissi2_12_1_, permission0_.permission_permission_unit_id as permissi3_12_1_, permission0_.permission_service as permissi4_12_1_, permission0_.permission_status as permissi5_12_1_ from permission permission0_ where permission0_.character_id=?
Hibernate: select category0_.category_id as col_0_0_ from category category0_ where category0_.category_name=? limit ?
Hibernate: select category0_.category_id as category1_5_1_, category0_.category_name as category2_5_1_, boardlist1_.category_id as category7_4_3_, boardlist1_.board_id as board_id1_4_3_, boardlist1_.board_id as board_id1_4_0_, boardlist1_.category_id as category7_4_0_, boardlist1_.board_content as board_co2_4_0_, boardlist1_.board_created_at as board_cr3_4_0_, boardlist1_.board_last_modified_at as board_la4_4_0_, boardlist1_.board_title as board_ti5_4_0_, boardlist1_.user_id as user_id8_4_0_, boardlist1_.board_views as board_vi6_4_0_ from category category0_ left outer join board boardlist1_ on category0_.category_id=boardlist1_.category_id where category0_.category_id=?
Hibernate: insert into category (category_id, category_name) values (default, ?)
Hibernate: select user0_.user_id as user_id1_21_0_, user0_.character_id as characte7_21_0_, user0_.user_created_at as user_cre2_21_0_, user0_.user_name as user_nam3_21_0_, user0_.user_phone_number as user_pho4_21_0_, user0_.user_user_id as user_use5_21_0_, user0_.user_user_password as user_use6_21_0_ from user user0_ where user0_.user_id=?
Hibernate: select character0_.character_id as characte1_6_0_, character0_.character_character_name as characte2_6_0_ from characters character0_ where character0_.character_id=?
Hibernate: select count(*) as col_0_0_ from user user0_ where user0_.user_id=?
Hibernate: select character1_.character_id as characte1_6_, character1_.character_character_name as characte2_6_ from user user0_ inner join characters character1_ on user0_.character_id=character1_.character_id where user0_.user_id=?
Hibernate: select permission0_.character_id as characte6_12_0_, permission0_.permission_id as permissi1_12_0_, permission0_.permission_id as permissi1_12_1_, permission0_.character_id as characte6_12_1_, permission0_.permission_name as permissi2_12_1_, permission0_.permission_permission_unit_id as permissi3_12_1_, permission0_.permission_service as permissi4_12_1_, permission0_.permission_status as permissi5_12_1_ from permission permission0_ where permission0_.character_id=?
Hibernate: select category0_.category_id as col_0_0_ from category category0_ where category0_.category_name=? limit ?
Hibernate: select category0_.category_id as category1_5_1_, category0_.category_name as category2_5_1_, boardlist1_.category_id as category7_4_3_, boardlist1_.board_id as board_id1_4_3_, boardlist1_.board_id as board_id1_4_0_, boardlist1_.category_id as category7_4_0_, boardlist1_.board_content as board_co2_4_0_, boardlist1_.board_created_at as board_cr3_4_0_, boardlist1_.board_last_modified_at as board_la4_4_0_, boardlist1_.board_title as board_ti5_4_0_, boardlist1_.user_id as user_id8_4_0_, boardlist1_.board_views as board_vi6_4_0_ from category category0_ left outer join board boardlist1_ on category0_.category_id=boardlist1_.category_id where category0_.category_id=?
Hibernate: insert into category (category_id, category_name) values (default, ?)
Hibernate: select user0_.user_id as col_0_0_ from user user0_ where user0_.user_user_id=? limit ?
Hibernate: select user0_.user_id as col_0_0_ from user user0_ where user0_.user_user_id=? limit ?
Hibernate: select U.* from USER U where U.USER_USER_ID =?
Hibernate: select character0_.character_id as characte1_6_0_, character0_.character_character_name as characte2_6_0_ from characters character0_ where character0_.character_id=?
Hibernate: select user0_.user_id as col_0_0_ from user user0_ where user0_.user_user_id=? limit ?
Hibernate: select user0_.user_id as user_id1_21_, user0_.character_id as characte7_21_, user0_.user_created_at as user_cre2_21_, user0_.user_name as user_nam3_21_, user0_.user_phone_number as user_pho4_21_, user0_.user_user_id as user_use5_21_, user0_.user_user_password as user_use6_21_ from user user0_ inner join characters character1_ on user0_.character_id=character1_.character_id where user0_.user_user_id=?
Hibernate: select character0_.character_id as characte1_6_0_, character0_.character_character_name as characte2_6_0_ from characters character0_ where character0_.character_id=?
Hibernate: select rewardtagw0_.user_id as user_id4_16_0_, rewardtagw0_.reward_tag_wrapper_reward_id as reward_t1_16_0_, rewardtagw0_.reward_tag_wrapper_reward_id as reward_t1_16_1_, rewardtagw0_.reward_tag_wrapper_reward_presented_at as reward_t2_16_1_, rewardtagw0_.reward_tag_reward_tag_id as reward_t3_16_1_, rewardtagw0_.user_id as user_id4_16_1_ from reward_tag_wrapper rewardtagw0_ where rewardtagw0_.user_id=?
Hibernate: select user0_.user_id as user_id1_21_0_, user0_.character_id as characte7_21_0_, user0_.user_created_at as user_cre2_21_0_, user0_.user_name as user_nam3_21_0_, user0_.user_phone_number as user_pho4_21_0_, user0_.user_user_id as user_use5_21_0_, user0_.user_user_password as user_use6_21_0_ from user user0_ where user0_.user_id=?
Hibernate: select character0_.character_id as characte1_6_0_, character0_.character_character_name as characte2_6_0_ from characters character0_ where character0_.character_id=?
Hibernate: select count(*) as col_0_0_ from user user0_ where user0_.user_id=?
Hibernate: select character1_.character_id as characte1_6_, character1_.character_character_name as characte2_6_ from user user0_ inner join characters character1_ on user0_.character_id=character1_.character_id where user0_.user_id=?
Hibernate: select permission0_.character_id as characte6_12_0_, permission0_.permission_id as permissi1_12_0_, permission0_.permission_id as permissi1_12_1_, permission0_.character_id as characte6_12_1_, permission0_.permission_name as permissi2_12_1_, permission0_.permission_permission_unit_id as permissi3_12_1_, permission0_.permission_service as permissi4_12_1_, permission0_.permission_status as permissi5_12_1_ from permission permission0_ where permission0_.character_id=?
Hibernate: select count(*) as col_0_0_ from user user0_ where user0_.user_id=?
Hibernate: select user0_.user_id as user_id1_21_, user0_.character_id as characte7_21_, user0_.user_created_at as user_cre2_21_, user0_.user_name as user_nam3_21_, user0_.user_phone_number as user_pho4_21_, user0_.user_user_id as user_use5_21_, user0_.user_user_password as user_use6_21_ from user user0_ where user0_.user_id=?
Hibernate: select character0_.character_id as characte1_6_0_, character0_.character_character_name as characte2_6_0_ from characters character0_ where character0_.character_id=?
Hibernate: select rewardtagw0_.user_id as user_id4_16_0_, rewardtagw0_.reward_tag_wrapper_reward_id as reward_t1_16_0_, rewardtagw0_.reward_tag_wrapper_reward_id as reward_t1_16_1_, rewardtagw0_.reward_tag_wrapper_reward_presented_at as reward_t2_16_1_, rewardtagw0_.reward_tag_reward_tag_id as reward_t3_16_1_, rewardtagw0_.user_id as user_id4_16_1_ from reward_tag_wrapper rewardtagw0_ where rewardtagw0_.user_id=?
Hibernate: select attendance0_.attendance_user_attendance_user_id as col_0_0_ from attendance_user attendance0_ where attendance0_.user_id=? limit ?
Hibernate: DELETE FROM USER WHERE USER_ID = ?
Hibernate: select user0_.user_id as col_0_0_ from user user0_ where user0_.user_user_id=? limit ?
Hibernate: select user0_.user_id as col_0_0_ from user user0_ where user0_.user_user_id=? limit ?
Hibernate: select U.* from USER U where U.USER_USER_ID =?
Hibernate: select character0_.character_id as characte1_6_0_, character0_.character_character_name as characte2_6_0_ from characters character0_ where character0_.character_id=?
Hibernate: select user0_.user_id as user_id1_21_0_, user0_.character_id as characte7_21_0_, user0_.user_created_at as user_cre2_21_0_, user0_.user_name as user_nam3_21_0_, user0_.user_phone_number as user_pho4_21_0_, user0_.user_user_id as user_use5_21_0_, user0_.user_user_password as user_use6_21_0_ from user user0_ where user0_.user_id=?
Hibernate: select character0_.character_id as characte1_6_0_, character0_.character_character_name as characte2_6_0_ from characters character0_ where character0_.character_id=?
Hibernate: select count(*) as col_0_0_ from board board0_
Hibernate: select count(*) as col_0_0_ from board board0_
Hibernate: select user0_.user_id as col_0_0_ from user user0_ where user0_.user_user_id=? limit ?
Hibernate: select user0_.user_id as col_0_0_ from user user0_ where user0_.user_user_id=? limit ?
Hibernate: select U.* from USER U where U.USER_USER_ID =?
Hibernate: select character0_.character_id as characte1_6_0_, character0_.character_character_name as characte2_6_0_ from characters character0_ where character0_.character_id=?
Hibernate: select user0_.user_id as user_id1_21_0_, user0_.character_id as characte7_21_0_, user0_.user_created_at as user_cre2_21_0_, user0_.user_name as user_nam3_21_0_, user0_.user_phone_number as user_pho4_21_0_, user0_.user_user_id as user_use5_21_0_, user0_.user_user_password as user_use6_21_0_ from user user0_ where user0_.user_id=?
Hibernate: select character0_.character_id as characte1_6_0_, character0_.character_character_name as characte2_6_0_ from characters character0_ where character0_.character_id=?
Hibernate: select category0_.category_id as category1_5_, category0_.category_name as category2_5_ from category category0_
Hibernate: select boardlist0_.category_id as category7_4_0_, boardlist0_.board_id as board_id1_4_0_, boardlist0_.board_id as board_id1_4_1_, boardlist0_.category_id as category7_4_1_, boardlist0_.board_content as board_co2_4_1_, boardlist0_.board_created_at as board_cr3_4_1_, boardlist0_.board_last_modified_at as board_la4_4_1_, boardlist0_.board_title as board_ti5_4_1_, boardlist0_.user_id as user_id8_4_1_, boardlist0_.board_views as board_vi6_4_1_ from board boardlist0_ where boardlist0_.category_id=?
Hibernate: select boardlist0_.category_id as category7_4_0_, boardlist0_.board_id as board_id1_4_0_, boardlist0_.board_id as board_id1_4_1_, boardlist0_.category_id as category7_4_1_, boardlist0_.board_content as board_co2_4_1_, boardlist0_.board_created_at as board_cr3_4_1_, boardlist0_.board_last_modified_at as board_la4_4_1_, boardlist0_.board_title as board_ti5_4_1_, boardlist0_.user_id as user_id8_4_1_, boardlist0_.board_views as board_vi6_4_1_ from board boardlist0_ where boardlist0_.category_id=?
Hibernate: select user0_.user_id as user_id1_21_0_, user0_.character_id as characte7_21_0_, user0_.user_created_at as user_cre2_21_0_, user0_.user_name as user_nam3_21_0_, user0_.user_phone_number as user_pho4_21_0_, user0_.user_user_id as user_use5_21_0_, user0_.user_user_password as user_use6_21_0_ from user user0_ where user0_.user_id=?
Hibernate: select character0_.character_id as characte1_6_0_, character0_.character_character_name as characte2_6_0_ from characters character0_ where character0_.character_id=?
Hibernate: select count(*) as col_0_0_ from user user0_ where user0_.user_id=?
Hibernate: select character1_.character_id as characte1_6_, character1_.character_character_name as characte2_6_ from user user0_ inner join characters character1_ on user0_.character_id=character1_.character_id where user0_.user_id=?
Hibernate: select permission0_.character_id as characte6_12_0_, permission0_.permission_id as permissi1_12_0_, permission0_.permission_id as permissi1_12_1_, permission0_.character_id as characte6_12_1_, permission0_.permission_name as permissi2_12_1_, permission0_.permission_permission_unit_id as permissi3_12_1_, permission0_.permission_service as permissi4_12_1_, permission0_.permission_status as permissi5_12_1_ from permission permission0_ where permission0_.character_id=?
Hibernate: select count(*) as col_0_0_ from category category0_ where category0_.category_id=?
Hibernate: select count(board0_.board_id) as col_0_0_ from board board0_ where board0_.category_id=?
Hibernate: select category0_.category_id as category1_5_0_, category0_.category_name as category2_5_0_ from category category0_ where category0_.category_id=?
Hibernate: select boardlist0_.category_id as category7_4_0_, boardlist0_.board_id as board_id1_4_0_, boardlist0_.board_id as board_id1_4_1_, boardlist0_.category_id as category7_4_1_, boardlist0_.board_content as board_co2_4_1_, boardlist0_.board_created_at as board_cr3_4_1_, boardlist0_.board_last_modified_at as board_la4_4_1_, boardlist0_.board_title as board_ti5_4_1_, boardlist0_.user_id as user_id8_4_1_, boardlist0_.board_views as board_vi6_4_1_ from board boardlist0_ where boardlist0_.category_id=?
Hibernate: delete from category where category_id=?
Hibernate: select user0_.user_id as user_id1_21_0_, user0_.character_id as characte7_21_0_, user0_.user_created_at as user_cre2_21_0_, user0_.user_name as user_nam3_21_0_, user0_.user_phone_number as user_pho4_21_0_, user0_.user_user_id as user_use5_21_0_, user0_.user_user_password as user_use6_21_0_ from user user0_ where user0_.user_id=?
Hibernate: select character0_.character_id as characte1_6_0_, character0_.character_character_name as characte2_6_0_ from characters character0_ where character0_.character_id=?
Hibernate: select count(*) as col_0_0_ from user user0_ where user0_.user_id=?
Hibernate: select character1_.character_id as characte1_6_, character1_.character_character_name as characte2_6_ from user user0_ inner join characters character1_ on user0_.character_id=character1_.character_id where user0_.user_id=?
Hibernate: select permission0_.character_id as characte6_12_0_, permission0_.permission_id as permissi1_12_0_, permission0_.permission_id as permissi1_12_1_, permission0_.character_id as characte6_12_1_, permission0_.permission_name as permissi2_12_1_, permission0_.permission_permission_unit_id as permissi3_12_1_, permission0_.permission_service as permissi4_12_1_, permission0_.permission_status as permissi5_12_1_ from permission permission0_ where permission0_.character_id=?
Hibernate: select count(*) as col_0_0_ from category category0_ where category0_.category_id=?
Hibernate: select count(board0_.board_id) as col_0_0_ from board board0_ where board0_.category_id=?
Hibernate: select category0_.category_id as category1_5_0_, category0_.category_name as category2_5_0_ from category category0_ where category0_.category_id=?
Hibernate: select boardlist0_.category_id as category7_4_0_, boardlist0_.board_id as board_id1_4_0_, boardlist0_.board_id as board_id1_4_1_, boardlist0_.category_id as category7_4_1_, boardlist0_.board_content as board_co2_4_1_, boardlist0_.board_created_at as board_cr3_4_1_, boardlist0_.board_last_modified_at as board_la4_4_1_, boardlist0_.board_title as board_ti5_4_1_, boardlist0_.user_id as user_id8_4_1_, boardlist0_.board_views as board_vi6_4_1_ from board boardlist0_ where boardlist0_.category_id=?
Hibernate: delete from category where category_id=?
Hibernate: select user0_.user_id as user_id1_21_0_, user0_.character_id as characte7_21_0_, user0_.user_created_at as user_cre2_21_0_, user0_.user_name as user_nam3_21_0_, user0_.user_phone_number as user_pho4_21_0_, user0_.user_user_id as user_use5_21_0_, user0_.user_user_password as user_use6_21_0_ from user user0_ where user0_.user_id=?
Hibernate: select character0_.character_id as characte1_6_0_, character0_.character_character_name as characte2_6_0_ from characters character0_ where character0_.character_id=?
Hibernate: select count(*) as col_0_0_ from user user0_ where user0_.user_id=?
Hibernate: select character1_.character_id as characte1_6_, character1_.character_character_name as characte2_6_ from user user0_ inner join characters character1_ on user0_.character_id=character1_.character_id where user0_.user_id=?
Hibernate: select permission0_.character_id as characte6_12_0_, permission0_.permission_id as permissi1_12_0_, permission0_.permission_id as permissi1_12_1_, permission0_.character_id as characte6_12_1_, permission0_.permission_name as permissi2_12_1_, permission0_.permission_permission_unit_id as permissi3_12_1_, permission0_.permission_service as permissi4_12_1_, permission0_.permission_status as permissi5_12_1_ from permission permission0_ where permission0_.character_id=?
Hibernate: select category0_.category_id as col_0_0_ from category category0_ where category0_.category_name=? limit ?
Hibernate: select category0_.category_id as category1_5_1_, category0_.category_name as category2_5_1_, boardlist1_.category_id as category7_4_3_, boardlist1_.board_id as board_id1_4_3_, boardlist1_.board_id as board_id1_4_0_, boardlist1_.category_id as category7_4_0_, boardlist1_.board_content as board_co2_4_0_, boardlist1_.board_created_at as board_cr3_4_0_, boardlist1_.board_last_modified_at as board_la4_4_0_, boardlist1_.board_title as board_ti5_4_0_, boardlist1_.user_id as user_id8_4_0_, boardlist1_.board_views as board_vi6_4_0_ from category category0_ left outer join board boardlist1_ on category0_.category_id=boardlist1_.category_id where category0_.category_id=?
Hibernate: insert into category (category_id, category_name) values (default, ?)
Hibernate: select user0_.user_id as user_id1_21_0_, user0_.character_id as characte7_21_0_, user0_.user_created_at as user_cre2_21_0_, user0_.user_name as user_nam3_21_0_, user0_.user_phone_number as user_pho4_21_0_, user0_.user_user_id as user_use5_21_0_, user0_.user_user_password as user_use6_21_0_ from user user0_ where user0_.user_id=?
Hibernate: select character0_.character_id as characte1_6_0_, character0_.character_character_name as characte2_6_0_ from characters character0_ where character0_.character_id=?
Hibernate: select count(*) as col_0_0_ from user user0_ where user0_.user_id=?
Hibernate: select character1_.character_id as characte1_6_, character1_.character_character_name as characte2_6_ from user user0_ inner join characters character1_ on user0_.character_id=character1_.character_id where user0_.user_id=?
Hibernate: select permission0_.character_id as characte6_12_0_, permission0_.permission_id as permissi1_12_0_, permission0_.permission_id as permissi1_12_1_, permission0_.character_id as characte6_12_1_, permission0_.permission_name as permissi2_12_1_, permission0_.permission_permission_unit_id as permissi3_12_1_, permission0_.permission_service as permissi4_12_1_, permission0_.permission_status as permissi5_12_1_ from permission permission0_ where permission0_.character_id=?
Hibernate: select category0_.category_id as col_0_0_ from category category0_ where category0_.category_name=? limit ?
Hibernate: select category0_.category_id as category1_5_1_, category0_.category_name as category2_5_1_, boardlist1_.category_id as category7_4_3_, boardlist1_.board_id as board_id1_4_3_, boardlist1_.board_id as board_id1_4_0_, boardlist1_.category_id as category7_4_0_, boardlist1_.board_content as board_co2_4_0_, boardlist1_.board_created_at as board_cr3_4_0_, boardlist1_.board_last_modified_at as board_la4_4_0_, boardlist1_.board_title as board_ti5_4_0_, boardlist1_.user_id as user_id8_4_0_, boardlist1_.board_views as board_vi6_4_0_ from category category0_ left outer join board boardlist1_ on category0_.category_id=boardlist1_.category_id where category0_.category_id=?
Hibernate: insert into category (category_id, category_name) values (default, ?)
Hibernate: select user0_.user_id as col_0_0_ from user user0_ where user0_.user_user_id=? limit ?
Hibernate: select user0_.user_id as col_0_0_ from user user0_ where user0_.user_user_id=? limit ?
Hibernate: select U.* from USER U where U.USER_USER_ID =?
Hibernate: select character0_.character_id as characte1_6_0_, character0_.character_character_name as characte2_6_0_ from characters character0_ where character0_.character_id=?
Hibernate: select user0_.user_id as col_0_0_ from user user0_ where user0_.user_user_id=? limit ?
Hibernate: select user0_.user_id as col_0_0_ from user user0_ where user0_.user_user_id=? limit ?
Hibernate: select U.* from USER U where U.USER_USER_ID =?
Hibernate: select character0_.character_id as characte1_6_0_, character0_.character_character_name as characte2_6_0_ from characters character0_ where character0_.character_id=?
Hibernate: select user0_.user_id as col_0_0_ from user user0_ where user0_.user_user_id=? limit ?
Hibernate: select userjoinin0_.user_joining_pool_id as col_0_0_ from user_joining_pool userjoinin0_ where userjoinin0_.user_user_id=? limit ?
Hibernate: select character0_.character_id as col_0_0_ from characters character0_ where character0_.character_character_name=? limit ?
Hibernate: insert into user_joining_pool (user_joining_pool_id, user_created_at, user_name, user_phone_number, user_user_id, user_user_password) values (default, ?, ?, ?, ?, ?)
Hibernate: select user0_.user_id as user_id1_21_0_, user0_.character_id as characte7_21_0_, user0_.user_created_at as user_cre2_21_0_, user0_.user_name as user_nam3_21_0_, user0_.user_phone_number as user_pho4_21_0_, user0_.user_user_id as user_use5_21_0_, user0_.user_user_password as user_use6_21_0_ from user user0_ where user0_.user_id=?
Hibernate: select character0_.character_id as characte1_6_0_, character0_.character_character_name as characte2_6_0_ from characters character0_ where character0_.character_id=?
Hibernate: select count(*) as col_0_0_ from user user0_ where user0_.user_id=?
Hibernate: select character1_.character_id as characte1_6_, character1_.character_character_name as characte2_6_ from user user0_ inner join characters character1_ on user0_.character_id=character1_.character_id where user0_.user_id=?
Hibernate: select permission0_.character_id as characte6_12_0_, permission0_.permission_id as permissi1_12_0_, permission0_.permission_id as permissi1_12_1_, permission0_.character_id as characte6_12_1_, permission0_.permission_name as permissi2_12_1_, permission0_.permission_permission_unit_id as permissi3_12_1_, permission0_.permission_service as permissi4_12_1_, permission0_.permission_status as permissi5_12_1_ from permission permission0_ where permission0_.character_id=?
Hibernate: select userjoinin0_.user_joining_pool_id as col_0_0_ from user_joining_pool userjoinin0_ where userjoinin0_.user_user_id=? limit ?
Hibernate: select userjoinin0_.user_joining_pool_id as user_joi1_22_, userjoinin0_.user_created_at as user_cre2_22_, userjoinin0_.user_name as user_nam3_22_, userjoinin0_.user_phone_number as user_pho4_22_, userjoinin0_.user_user_id as user_use5_22_, userjoinin0_.user_user_password as user_use6_22_ from user_joining_pool userjoinin0_ where userjoinin0_.user_user_id=?
Hibernate: select character0_.character_id as characte1_6_, character0_.character_character_name as characte2_6_ from characters character0_ where character0_.character_character_name=?
Hibernate: insert into user (user_id, character_id, user_created_at, user_name, user_phone_number, user_user_id, user_user_password) values (default, ?, ?, ?, ?, ?, ?)
Hibernate: DELETE FROM USER_JOINING_POOL as JU where JU.USER_USER_ID =?
Hibernate: select user0_.user_id as col_0_0_ from user user0_ where user0_.user_user_id=? limit ?
Hibernate: select user0_.user_id as col_0_0_ from user user0_ where user0_.user_user_id=? limit ?
Hibernate: select U.* from USER U where U.USER_USER_ID =?
Hibernate: select character0_.character_id as characte1_6_0_, character0_.character_character_name as characte2_6_0_ from characters character0_ where character0_.character_id=?
Hibernate: select user0_.user_id as col_0_0_ from user user0_ where user0_.user_user_id=? limit ?
Hibernate: select user0_.user_id as col_0_0_ from user user0_ where user0_.user_user_id=? limit ?
Hibernate: select U.* from USER U where U.USER_USER_ID =?
Hibernate: select character0_.character_id as characte1_6_0_, character0_.character_character_name as characte2_6_0_ from characters character0_ where character0_.character_id=?
Hibernate: select user0_.user_id as user_id1_21_0_, user0_.character_id as characte7_21_0_, user0_.user_created_at as user_cre2_21_0_, user0_.user_name as user_nam3_21_0_, user0_.user_phone_number as user_pho4_21_0_, user0_.user_user_id as user_use5_21_0_, user0_.user_user_password as user_use6_21_0_ from user user0_ where user0_.user_id=?
Hibernate: select character0_.character_id as characte1_6_0_, character0_.character_character_name as characte2_6_0_ from characters character0_ where character0_.character_id=?
Hibernate: select category0_.category_id as category1_5_, category0_.category_name as category2_5_ from category category0_
Hibernate: select boardlist0_.category_id as category7_4_0_, boardlist0_.board_id as board_id1_4_0_, boardlist0_.board_id as board_id1_4_1_, boardlist0_.category_id as category7_4_1_, boardlist0_.board_content as board_co2_4_1_, boardlist0_.board_created_at as board_cr3_4_1_, boardlist0_.board_last_modified_at as board_la4_4_1_, boardlist0_.board_title as board_ti5_4_1_, boardlist0_.user_id as user_id8_4_1_, boardlist0_.board_views as board_vi6_4_1_ from board boardlist0_ where boardlist0_.category_id=?
Hibernate: select boardlist0_.category_id as category7_4_0_, boardlist0_.board_id as board_id1_4_0_, boardlist0_.board_id as board_id1_4_1_, boardlist0_.category_id as category7_4_1_, boardlist0_.board_content as board_co2_4_1_, boardlist0_.board_created_at as board_cr3_4_1_, boardlist0_.board_last_modified_at as board_la4_4_1_, boardlist0_.board_title as board_ti5_4_1_, boardlist0_.user_id as user_id8_4_1_, boardlist0_.board_views as board_vi6_4_1_ from board boardlist0_ where boardlist0_.category_id=?
Hibernate: select user0_.user_id as user_id1_21_0_, user0_.character_id as characte7_21_0_, user0_.user_created_at as user_cre2_21_0_, user0_.user_name as user_nam3_21_0_, user0_.user_phone_number as user_pho4_21_0_, user0_.user_user_id as user_use5_21_0_, user0_.user_user_password as user_use6_21_0_ from user user0_ where user0_.user_id=?
Hibernate: select character0_.character_id as characte1_6_0_, character0_.character_character_name as characte2_6_0_ from characters character0_ where character0_.character_id=?
Hibernate: select count(*) as col_0_0_ from user user0_ where user0_.user_id=?
Hibernate: select character1_.character_id as characte1_6_, character1_.character_character_name as characte2_6_ from user user0_ inner join characters character1_ on user0_.character_id=character1_.character_id where user0_.user_id=?
Hibernate: select permission0_.character_id as characte6_12_0_, permission0_.permission_id as permissi1_12_0_, permission0_.permission_id as permissi1_12_1_, permission0_.character_id as characte6_12_1_, permission0_.permission_name as permissi2_12_1_, permission0_.permission_permission_unit_id as permissi3_12_1_, permission0_.permission_service as permissi4_12_1_, permission0_.permission_status as permissi5_12_1_ from permission permission0_ where permission0_.character_id=?
Hibernate: select count(*) as col_0_0_ from category category0_ where category0_.category_id=?
Hibernate: select category0_.category_id as category1_5_0_, category0_.category_name as category2_5_0_ from category category0_ where category0_.category_id=?
Hibernate: insert into board (board_id, category_id, board_content, board_created_at, board_last_modified_at, board_title, user_id, board_views) values (default, ?, ?, ?, ?, ?, ?, ?)
Hibernate: insert into reaction (reaction_id, board_id, reaction_type) values (default, ?, ?)
Hibernate: insert into reaction (reaction_id, board_id, reaction_type) values (default, ?, ?)
Hibernate: insert into reaction (reaction_id, board_id, reaction_type) values (default, ?, ?)
Hibernate: insert into reaction (reaction_id, board_id, reaction_type) values (default, ?, ?)
Hibernate: insert into reaction (reaction_id, board_id, reaction_type) values (default, ?, ?)
Hibernate: insert into reaction (reaction_id, board_id, reaction_type) values (default, ?, ?)
Hibernate: select user0_.user_id as user_id1_21_0_, user0_.character_id as characte7_21_0_, user0_.user_created_at as user_cre2_21_0_, user0_.user_name as user_nam3_21_0_, user0_.user_phone_number as user_pho4_21_0_, user0_.user_user_id as user_use5_21_0_, user0_.user_user_password as user_use6_21_0_ from user user0_ where user0_.user_id=?
Hibernate: select character0_.character_id as characte1_6_0_, character0_.character_character_name as characte2_6_0_ from characters character0_ where character0_.character_id=?
Hibernate: select count(*) as col_0_0_ from user user0_ where user0_.user_id=?
Hibernate: select character1_.character_id as characte1_6_, character1_.character_character_name as characte2_6_ from user user0_ inner join characters character1_ on user0_.character_id=character1_.character_id where user0_.user_id=?
Hibernate: select permission0_.character_id as characte6_12_0_, permission0_.permission_id as permissi1_12_0_, permission0_.permission_id as permissi1_12_1_, permission0_.character_id as characte6_12_1_, permission0_.permission_name as permissi2_12_1_, permission0_.permission_permission_unit_id as permissi3_12_1_, permission0_.permission_service as permissi4_12_1_, permission0_.permission_status as permissi5_12_1_ from permission permission0_ where permission0_.character_id=?
Hibernate: select count(*) as col_0_0_ from category category0_ where category0_.category_id=?
Hibernate: select category0_.category_id as category1_5_0_, category0_.category_name as category2_5_0_ from category category0_ where category0_.category_id=?
Hibernate: insert into board (board_id, category_id, board_content, board_created_at, board_last_modified_at, board_title, user_id, board_views) values (default, ?, ?, ?, ?, ?, ?, ?)
Hibernate: insert into reaction (reaction_id, board_id, reaction_type) values (default, ?, ?)
Hibernate: insert into reaction (reaction_id, board_id, reaction_type) values (default, ?, ?)
Hibernate: insert into reaction (reaction_id, board_id, reaction_type) values (default, ?, ?)
Hibernate: insert into reaction (reaction_id, board_id, reaction_type) values (default, ?, ?)
Hibernate: insert into reaction (reaction_id, board_id, reaction_type) values (default, ?, ?)
Hibernate: insert into reaction (reaction_id, board_id, reaction_type) values (default, ?, ?)
Hibernate: select user0_.user_id as user_id1_21_0_, user0_.character_id as characte7_21_0_, user0_.user_created_at as user_cre2_21_0_, user0_.user_name as user_nam3_21_0_, user0_.user_phone_number as user_pho4_21_0_, user0_.user_user_id as user_use5_21_0_, user0_.user_user_password as user_use6_21_0_ from user user0_ where user0_.user_id=?
Hibernate: select character0_.character_id as characte1_6_0_, character0_.character_character_name as characte2_6_0_ from characters character0_ where character0_.character_id=?
Hibernate: select count(*) as col_0_0_ from user user0_ where user0_.user_id=?
Hibernate: select character1_.character_id as characte1_6_, character1_.character_character_name as characte2_6_ from user user0_ inner join characters character1_ on user0_.character_id=character1_.character_id where user0_.user_id=?
Hibernate: select permission0_.character_id as characte6_12_0_, permission0_.permission_id as permissi1_12_0_, permission0_.permission_id as permissi1_12_1_, permission0_.character_id as characte6_12_1_, permission0_.permission_name as permissi2_12_1_, permission0_.permission_permission_unit_id as permissi3_12_1_, permission0_.permission_service as permissi4_12_1_, permission0_.permission_status as permissi5_12_1_ from permission permission0_ where permission0_.character_id=?
Hibernate: select count(*) as col_0_0_ from category category0_ where category0_.category_id=?
Hibernate: select category0_.category_id as category1_5_0_, category0_.category_name as category2_5_0_ from category category0_ where category0_.category_id=?
Hibernate: insert into board (board_id, category_id, board_content, board_created_at, board_last_modified_at, board_title, user_id, board_views) values (default, ?, ?, ?, ?, ?, ?, ?)
Hibernate: insert into reaction (reaction_id, board_id, reaction_type) values (default, ?, ?)
Hibernate: insert into reaction (reaction_id, board_id, reaction_type) values (default, ?, ?)
Hibernate: insert into reaction (reaction_id, board_id, reaction_type) values (default, ?, ?)
Hibernate: insert into reaction (reaction_id, board_id, reaction_type) values (default, ?, ?)
Hibernate: insert into reaction (reaction_id, board_id, reaction_type) values (default, ?, ?)
Hibernate: insert into reaction (reaction_id, board_id, reaction_type) values (default, ?, ?)
Hibernate: select user0_.user_id as user_id1_21_0_, user0_.character_id as characte7_21_0_, user0_.user_created_at as user_cre2_21_0_, user0_.user_name as user_nam3_21_0_, user0_.user_phone_number as user_pho4_21_0_, user0_.user_user_id as user_use5_21_0_, user0_.user_user_password as user_use6_21_0_ from user user0_ where user0_.user_id=?
Hibernate: select character0_.character_id as characte1_6_0_, character0_.character_character_name as characte2_6_0_ from characters character0_ where character0_.character_id=?
Hibernate: select count(board0_.board_id) as col_0_0_ from board board0_ where board0_.board_content like ?
Hibernate: select board0_.board_id as board_id1_4_, board0_.category_id as category7_4_, board0_.board_content as board_co2_4_, board0_.board_created_at as board_cr3_4_, board0_.board_last_modified_at as board_la4_4_, board0_.board_title as board_ti5_4_, board0_.user_id as user_id8_4_, board0_.board_views as board_vi6_4_ from board board0_ where board0_.board_content like ('%'||?||'%') limit ?
Hibernate: select category0_.category_id as category1_5_0_, category0_.category_name as category2_5_0_ from category category0_ where category0_.category_id=?
Hibernate: select reactionli0_.board_id as board_id3_13_0_, reactionli0_.reaction_id as reaction1_13_0_, reactionli0_.reaction_id as reaction1_13_1_, reactionli0_.board_id as board_id3_13_1_, reactionli0_.reaction_type as reaction2_13_1_ from reaction reactionli0_ where reactionli0_.board_id=?
Hibernate: select reactionus0_.reaction_id as reaction2_14_0_, reactionus0_.reaction_user_id as reaction1_14_0_, reactionus0_.reaction_user_id as reaction1_14_1_, reactionus0_.reaction_id as reaction2_14_1_, reactionus0_.user_id as user_id3_14_1_ from reaction_user reactionus0_ where reactionus0_.reaction_id=?
Hibernate: select reactionus0_.reaction_id as reaction2_14_0_, reactionus0_.reaction_user_id as reaction1_14_0_, reactionus0_.reaction_user_id as reaction1_14_1_, reactionus0_.reaction_id as reaction2_14_1_, reactionus0_.user_id as user_id3_14_1_ from reaction_user reactionus0_ where reactionus0_.reaction_id=?
Hibernate: select reactionus0_.reaction_id as reaction2_14_0_, reactionus0_.reaction_user_id as reaction1_14_0_, reactionus0_.reaction_user_id as reaction1_14_1_, reactionus0_.reaction_id as reaction2_14_1_, reactionus0_.user_id as user_id3_14_1_ from reaction_user reactionus0_ where reactionus0_.reaction_id=?
Hibernate: select reactionus0_.reaction_id as reaction2_14_0_, reactionus0_.reaction_user_id as reaction1_14_0_, reactionus0_.reaction_user_id as reaction1_14_1_, reactionus0_.reaction_id as reaction2_14_1_, reactionus0_.user_id as user_id3_14_1_ from reaction_user reactionus0_ where reactionus0_.reaction_id=?
Hibernate: select reactionus0_.reaction_id as reaction2_14_0_, reactionus0_.reaction_user_id as reaction1_14_0_, reactionus0_.reaction_user_id as reaction1_14_1_, reactionus0_.reaction_id as reaction2_14_1_, reactionus0_.user_id as user_id3_14_1_ from reaction_user reactionus0_ where reactionus0_.reaction_id=?
Hibernate: select reactionus0_.reaction_id as reaction2_14_0_, reactionus0_.reaction_user_id as reaction1_14_0_, reactionus0_.reaction_user_id as reaction1_14_1_, reactionus0_.reaction_id as reaction2_14_1_, reactionus0_.user_id as user_id3_14_1_ from reaction_user reactionus0_ where reactionus0_.reaction_id=?
Hibernate: select commentlis0_.board_id as board_id5_7_0_, commentlis0_.comment_id as comment_1_7_0_, commentlis0_.comment_id as comment_1_7_1_, commentlis0_.board_id as board_id5_7_1_, commentlis0_.comment_content as comment_2_7_1_, commentlis0_.comment_created_at as comment_3_7_1_, commentlis0_.comment_last_modified_at as comment_4_7_1_, commentlis0_.user_id as user_id6_7_1_ from comment commentlis0_ where commentlis0_.board_id=?
Hibernate: select reactionli0_.board_id as board_id3_13_0_, reactionli0_.reaction_id as reaction1_13_0_, reactionli0_.reaction_id as reaction1_13_1_, reactionli0_.board_id as board_id3_13_1_, reactionli0_.reaction_type as reaction2_13_1_ from reaction reactionli0_ where reactionli0_.board_id=?
Hibernate: select reactionus0_.reaction_id as reaction2_14_0_, reactionus0_.reaction_user_id as reaction1_14_0_, reactionus0_.reaction_user_id as reaction1_14_1_, reactionus0_.reaction_id as reaction2_14_1_, reactionus0_.user_id as user_id3_14_1_ from reaction_user reactionus0_ where reactionus0_.reaction_id=?
Hibernate: select reactionus0_.reaction_id as reaction2_14_0_, reactionus0_.reaction_user_id as reaction1_14_0_, reactionus0_.reaction_user_id as reaction1_14_1_, reactionus0_.reaction_id as reaction2_14_1_, reactionus0_.user_id as user_id3_14_1_ from reaction_user reactionus0_ where reactionus0_.reaction_id=?
Hibernate: select reactionus0_.reaction_id as reaction2_14_0_, reactionus0_.reaction_user_id as reaction1_14_0_, reactionus0_.reaction_user_id as reaction1_14_1_, reactionus0_.reaction_id as reaction2_14_1_, reactionus0_.user_id as user_id3_14_1_ from reaction_user reactionus0_ where reactionus0_.reaction_id=?
Hibernate: select reactionus0_.reaction_id as reaction2_14_0_, reactionus0_.reaction_user_id as reaction1_14_0_, reactionus0_.reaction_user_id as reaction1_14_1_, reactionus0_.reaction_id as reaction2_14_1_, reactionus0_.user_id as user_id3_14_1_ from reaction_user reactionus0_ where reactionus0_.reaction_id=?
Hibernate: select reactionus0_.reaction_id as reaction2_14_0_, reactionus0_.reaction_user_id as reaction1_14_0_, reactionus0_.reaction_user_id as reaction1_14_1_, reactionus0_.reaction_id as reaction2_14_1_, reactionus0_.user_id as user_id3_14_1_ from reaction_user reactionus0_ where reactionus0_.reaction_id=?
Hibernate: select reactionus0_.reaction_id as reaction2_14_0_, reactionus0_.reaction_user_id as reaction1_14_0_, reactionus0_.reaction_user_id as reaction1_14_1_, reactionus0_.reaction_id as reaction2_14_1_, reactionus0_.user_id as user_id3_14_1_ from reaction_user reactionus0_ where reactionus0_.reaction_id=?
Hibernate: select commentlis0_.board_id as board_id5_7_0_, commentlis0_.comment_id as comment_1_7_0_, commentlis0_.comment_id as comment_1_7_1_, commentlis0_.board_id as board_id5_7_1_, commentlis0_.comment_content as comment_2_7_1_, commentlis0_.comment_created_at as comment_3_7_1_, commentlis0_.comment_last_modified_at as comment_4_7_1_, commentlis0_.user_id as user_id6_7_1_ from comment commentlis0_ where commentlis0_.board_id=?
Hibernate: select boardlist0_.category_id as category7_4_0_, boardlist0_.board_id as board_id1_4_0_, boardlist0_.board_id as board_id1_4_1_, boardlist0_.category_id as category7_4_1_, boardlist0_.board_content as board_co2_4_1_, boardlist0_.board_created_at as board_cr3_4_1_, boardlist0_.board_last_modified_at as board_la4_4_1_, boardlist0_.board_title as board_ti5_4_1_, boardlist0_.user_id as user_id8_4_1_, boardlist0_.board_views as board_vi6_4_1_ from board boardlist0_ where boardlist0_.category_id=?
Hibernate: select count(comment0_.comment_id) as col_0_0_ from comment comment0_ where comment0_.board_id=?
Hibernate: select count(comment0_.comment_id) as col_0_0_ from comment comment0_ where comment0_.board_id=?
Hibernate: select imagepathl0_.board_board_id as board_bo1_11_0_, imagepathl0_.board_image_path_list as board_im2_11_0_ from image_path_list imagepathl0_ where imagepathl0_.board_board_id=?
Hibernate: select filepathli0_.board_board_id as board_bo1_8_0_, filepathli0_.board_file_path_list as board_fi2_8_0_ from file_path_list filepathli0_ where filepathli0_.board_board_id=?
Hibernate: select imagepathl0_.board_board_id as board_bo1_11_0_, imagepathl0_.board_image_path_list as board_im2_11_0_ from image_path_list imagepathl0_ where imagepathl0_.board_board_id=?
Hibernate: select filepathli0_.board_board_id as board_bo1_8_0_, filepathli0_.board_file_path_list as board_fi2_8_0_ from file_path_list filepathli0_ where filepathli0_.board_board_id=?
Hibernate: select user0_.user_id as col_0_0_ from user user0_ where user0_.user_user_id=? limit ?
Hibernate: select user0_.user_id as col_0_0_ from user user0_ where user0_.user_user_id=? limit ?
Hibernate: select U.* from USER U where U.USER_USER_ID =?
Hibernate: select character0_.character_id as characte1_6_0_, character0_.character_character_name as characte2_6_0_ from characters character0_ where character0_.character_id=?
Hibernate: select user0_.user_id as user_id1_21_0_, user0_.character_id as characte7_21_0_, user0_.user_created_at as user_cre2_21_0_, user0_.user_name as user_nam3_21_0_, user0_.user_phone_number as user_pho4_21_0_, user0_.user_user_id as user_use5_21_0_, user0_.user_user_password as user_use6_21_0_ from user user0_ where user0_.user_id=?
Hibernate: select character0_.character_id as characte1_6_0_, character0_.character_character_name as characte2_6_0_ from characters character0_ where character0_.character_id=?
Hibernate: select count(*) as col_0_0_ from board board0_
Hibernate: select board0_.board_id as board_id1_4_, board0_.category_id as category7_4_, board0_.board_content as board_co2_4_, board0_.board_created_at as board_cr3_4_, board0_.board_last_modified_at as board_la4_4_, board0_.board_title as board_ti5_4_, board0_.user_id as user_id8_4_, board0_.board_views as board_vi6_4_ from board board0_ limit ?
Hibernate: select category0_.category_id as category1_5_0_, category0_.category_name as category2_5_0_ from category category0_ where category0_.category_id=?
Hibernate: select reactionli0_.board_id as board_id3_13_0_, reactionli0_.reaction_id as reaction1_13_0_, reactionli0_.reaction_id as reaction1_13_1_, reactionli0_.board_id as board_id3_13_1_, reactionli0_.reaction_type as reaction2_13_1_ from reaction reactionli0_ where reactionli0_.board_id=?
Hibernate: select reactionus0_.reaction_id as reaction2_14_0_, reactionus0_.reaction_user_id as reaction1_14_0_, reactionus0_.reaction_user_id as reaction1_14_1_, reactionus0_.reaction_id as reaction2_14_1_, reactionus0_.user_id as user_id3_14_1_ from reaction_user reactionus0_ where reactionus0_.reaction_id=?
Hibernate: select reactionus0_.reaction_id as reaction2_14_0_, reactionus0_.reaction_user_id as reaction1_14_0_, reactionus0_.reaction_user_id as reaction1_14_1_, reactionus0_.reaction_id as reaction2_14_1_, reactionus0_.user_id as user_id3_14_1_ from reaction_user reactionus0_ where reactionus0_.reaction_id=?
Hibernate: select reactionus0_.reaction_id as reaction2_14_0_, reactionus0_.reaction_user_id as reaction1_14_0_, reactionus0_.reaction_user_id as reaction1_14_1_, reactionus0_.reaction_id as reaction2_14_1_, reactionus0_.user_id as user_id3_14_1_ from reaction_user reactionus0_ where reactionus0_.reaction_id=?
Hibernate: select reactionus0_.reaction_id as reaction2_14_0_, reactionus0_.reaction_user_id as reaction1_14_0_, reactionus0_.reaction_user_id as reaction1_14_1_, reactionus0_.reaction_id as reaction2_14_1_, reactionus0_.user_id as user_id3_14_1_ from reaction_user reactionus0_ where reactionus0_.reaction_id=?
Hibernate: select reactionus0_.reaction_id as reaction2_14_0_, reactionus0_.reaction_user_id as reaction1_14_0_, reactionus0_.reaction_user_id as reaction1_14_1_, reactionus0_.reaction_id as reaction2_14_1_, reactionus0_.user_id as user_id3_14_1_ from reaction_user reactionus0_ where reactionus0_.reaction_id=?
Hibernate: select reactionus0_.reaction_id as reaction2_14_0_, reactionus0_.reaction_user_id as reaction1_14_0_, reactionus0_.reaction_user_id as reaction1_14_1_, reactionus0_.reaction_id as reaction2_14_1_, reactionus0_.user_id as user_id3_14_1_ from reaction_user reactionus0_ where reactionus0_.reaction_id=?
Hibernate: select commentlis0_.board_id as board_id5_7_0_, commentlis0_.comment_id as comment_1_7_0_, commentlis0_.comment_id as comment_1_7_1_, commentlis0_.board_id as board_id5_7_1_, commentlis0_.comment_content as comment_2_7_1_, commentlis0_.comment_created_at as comment_3_7_1_, commentlis0_.comment_last_modified_at as comment_4_7_1_, commentlis0_.user_id as user_id6_7_1_ from comment commentlis0_ where commentlis0_.board_id=?
Hibernate: select reactionli0_.board_id as board_id3_13_0_, reactionli0_.reaction_id as reaction1_13_0_, reactionli0_.reaction_id as reaction1_13_1_, reactionli0_.board_id as board_id3_13_1_, reactionli0_.reaction_type as reaction2_13_1_ from reaction reactionli0_ where reactionli0_.board_id=?
Hibernate: select reactionus0_.reaction_id as reaction2_14_0_, reactionus0_.reaction_user_id as reaction1_14_0_, reactionus0_.reaction_user_id as reaction1_14_1_, reactionus0_.reaction_id as reaction2_14_1_, reactionus0_.user_id as user_id3_14_1_ from reaction_user reactionus0_ where reactionus0_.reaction_id=?
Hibernate: select reactionus0_.reaction_id as reaction2_14_0_, reactionus0_.reaction_user_id as reaction1_14_0_, reactionus0_.reaction_user_id as reaction1_14_1_, reactionus0_.reaction_id as reaction2_14_1_, reactionus0_.user_id as user_id3_14_1_ from reaction_user reactionus0_ where reactionus0_.reaction_id=?
Hibernate: select reactionus0_.reaction_id as reaction2_14_0_, reactionus0_.reaction_user_id as reaction1_14_0_, reactionus0_.reaction_user_id as reaction1_14_1_, reactionus0_.reaction_id as reaction2_14_1_, reactionus0_.user_id as user_id3_14_1_ from reaction_user reactionus0_ where reactionus0_.reaction_id=?
Hibernate: select reactionus0_.reaction_id as reaction2_14_0_, reactionus0_.reaction_user_id as reaction1_14_0_, reactionus0_.reaction_user_id as reaction1_14_1_, reactionus0_.reaction_id as reaction2_14_1_, reactionus0_.user_id as user_id3_14_1_ from reaction_user reactionus0_ where reactionus0_.reaction_id=?
Hibernate: select reactionus0_.reaction_id as reaction2_14_0_, reactionus0_.reaction_user_id as reaction1_14_0_, reactionus0_.reaction_user_id as reaction1_14_1_, reactionus0_.reaction_id as reaction2_14_1_, reactionus0_.user_id as user_id3_14_1_ from reaction_user reactionus0_ where reactionus0_.reaction_id=?
Hibernate: select reactionus0_.reaction_id as reaction2_14_0_, reactionus0_.reaction_user_id as reaction1_14_0_, reactionus0_.reaction_user_id as reaction1_14_1_, reactionus0_.reaction_id as reaction2_14_1_, reactionus0_.user_id as user_id3_14_1_ from reaction_user reactionus0_ where reactionus0_.reaction_id=?
Hibernate: select commentlis0_.board_id as board_id5_7_0_, commentlis0_.comment_id as comment_1_7_0_, commentlis0_.comment_id as comment_1_7_1_, commentlis0_.board_id as board_id5_7_1_, commentlis0_.comment_content as comment_2_7_1_, commentlis0_.comment_created_at as comment_3_7_1_, commentlis0_.comment_last_modified_at as comment_4_7_1_, commentlis0_.user_id as user_id6_7_1_ from comment commentlis0_ where commentlis0_.board_id=?
Hibernate: select reactionli0_.board_id as board_id3_13_0_, reactionli0_.reaction_id as reaction1_13_0_, reactionli0_.reaction_id as reaction1_13_1_, reactionli0_.board_id as board_id3_13_1_, reactionli0_.reaction_type as reaction2_13_1_ from reaction reactionli0_ where reactionli0_.board_id=?
Hibernate: select reactionus0_.reaction_id as reaction2_14_0_, reactionus0_.reaction_user_id as reaction1_14_0_, reactionus0_.reaction_user_id as reaction1_14_1_, reactionus0_.reaction_id as reaction2_14_1_, reactionus0_.user_id as user_id3_14_1_ from reaction_user reactionus0_ where reactionus0_.reaction_id=?
Hibernate: select reactionus0_.reaction_id as reaction2_14_0_, reactionus0_.reaction_user_id as reaction1_14_0_, reactionus0_.reaction_user_id as reaction1_14_1_, reactionus0_.reaction_id as reaction2_14_1_, reactionus0_.user_id as user_id3_14_1_ from reaction_user reactionus0_ where reactionus0_.reaction_id=?
Hibernate: select reactionus0_.reaction_id as reaction2_14_0_, reactionus0_.reaction_user_id as reaction1_14_0_, reactionus0_.reaction_user_id as reaction1_14_1_, reactionus0_.reaction_id as reaction2_14_1_, reactionus0_.user_id as user_id3_14_1_ from reaction_user reactionus0_ where reactionus0_.reaction_id=?
Hibernate: select reactionus0_.reaction_id as reaction2_14_0_, reactionus0_.reaction_user_id as reaction1_14_0_, reactionus0_.reaction_user_id as reaction1_14_1_, reactionus0_.reaction_id as reaction2_14_1_, reactionus0_.user_id as user_id3_14_1_ from reaction_user reactionus0_ where reactionus0_.reaction_id=?
Hibernate: select reactionus0_.reaction_id as reaction2_14_0_, reactionus0_.reaction_user_id as reaction1_14_0_, reactionus0_.reaction_user_id as reaction1_14_1_, reactionus0_.reaction_id as reaction2_14_1_, reactionus0_.user_id as user_id3_14_1_ from reaction_user reactionus0_ where reactionus0_.reaction_id=?
Hibernate: select reactionus0_.reaction_id as reaction2_14_0_, reactionus0_.reaction_user_id as reaction1_14_0_, reactionus0_.reaction_user_id as reaction1_14_1_, reactionus0_.reaction_id as reaction2_14_1_, reactionus0_.user_id as user_id3_14_1_ from reaction_user reactionus0_ where reactionus0_.reaction_id=?
Hibernate: select commentlis0_.board_id as board_id5_7_0_, commentlis0_.comment_id as comment_1_7_0_, commentlis0_.comment_id as comment_1_7_1_, commentlis0_.board_id as board_id5_7_1_, commentlis0_.comment_content as comment_2_7_1_, commentlis0_.comment_created_at as comment_3_7_1_, commentlis0_.comment_last_modified_at as comment_4_7_1_, commentlis0_.user_id as user_id6_7_1_ from comment commentlis0_ where commentlis0_.board_id=?
Hibernate: select boardlist0_.category_id as category7_4_0_, boardlist0_.board_id as board_id1_4_0_, boardlist0_.board_id as board_id1_4_1_, boardlist0_.category_id as category7_4_1_, boardlist0_.board_content as board_co2_4_1_, boardlist0_.board_created_at as board_cr3_4_1_, boardlist0_.board_last_modified_at as board_la4_4_1_, boardlist0_.board_title as board_ti5_4_1_, boardlist0_.user_id as user_id8_4_1_, boardlist0_.board_views as board_vi6_4_1_ from board boardlist0_ where boardlist0_.category_id=?
Hibernate: select count(comment0_.comment_id) as col_0_0_ from comment comment0_ where comment0_.board_id=?
Hibernate: select count(comment0_.comment_id) as col_0_0_ from comment comment0_ where comment0_.board_id=?
Hibernate: select count(comment0_.comment_id) as col_0_0_ from comment comment0_ where comment0_.board_id=?
Hibernate: select count(*) as col_0_0_ from board board0_
Hibernate: select imagepathl0_.board_board_id as board_bo1_11_0_, imagepathl0_.board_image_path_list as board_im2_11_0_ from image_path_list imagepathl0_ where imagepathl0_.board_board_id=?
Hibernate: select filepathli0_.board_board_id as board_bo1_8_0_, filepathli0_.board_file_path_list as board_fi2_8_0_ from file_path_list filepathli0_ where filepathli0_.board_board_id=?
Hibernate: select imagepathl0_.board_board_id as board_bo1_11_0_, imagepathl0_.board_image_path_list as board_im2_11_0_ from image_path_list imagepathl0_ where imagepathl0_.board_board_id=?
Hibernate: select filepathli0_.board_board_id as board_bo1_8_0_, filepathli0_.board_file_path_list as board_fi2_8_0_ from file_path_list filepathli0_ where filepathli0_.board_board_id=?
Hibernate: select imagepathl0_.board_board_id as board_bo1_11_0_, imagepathl0_.board_image_path_list as board_im2_11_0_ from image_path_list imagepathl0_ where imagepathl0_.board_board_id=?
Hibernate: select filepathli0_.board_board_id as board_bo1_8_0_, filepathli0_.board_file_path_list as board_fi2_8_0_ from file_path_list filepathli0_ where filepathli0_.board_board_id=?
Hibernate: select U.* from USER U join BOARD B where U.USER_ID = B.USER_ID and B.BOARD_ID = ?
Hibernate: select character0_.character_id as characte1_6_0_, character0_.character_character_name as characte2_6_0_ from characters character0_ where character0_.character_id=?
Hibernate: select count(*) as col_0_0_ from user user0_ where user0_.user_id=?
Hibernate: select character1_.character_id as characte1_6_, character1_.character_character_name as characte2_6_ from user user0_ inner join characters character1_ on user0_.character_id=character1_.character_id where user0_.user_id=?
Hibernate: select permission0_.character_id as characte6_12_0_, permission0_.permission_id as permissi1_12_0_, permission0_.permission_id as permissi1_12_1_, permission0_.character_id as characte6_12_1_, permission0_.permission_name as permissi2_12_1_, permission0_.permission_permission_unit_id as permissi3_12_1_, permission0_.permission_service as permissi4_12_1_, permission0_.permission_status as permissi5_12_1_ from permission permission0_ where permission0_.character_id=?
Hibernate: select count(*) as col_0_0_ from board board0_ where board0_.board_id=?
Hibernate: select board0_.board_id as board_id1_4_0_, board0_.category_id as category7_4_0_, board0_.board_content as board_co2_4_0_, board0_.board_created_at as board_cr3_4_0_, board0_.board_last_modified_at as board_la4_4_0_, board0_.board_title as board_ti5_4_0_, board0_.user_id as user_id8_4_0_, board0_.board_views as board_vi6_4_0_ from board board0_ where board0_.board_id=?
Hibernate: select category0_.category_id as category1_5_0_, category0_.category_name as category2_5_0_ from category category0_ where category0_.category_id=?
Hibernate: select reactionli0_.board_id as board_id3_13_0_, reactionli0_.reaction_id as reaction1_13_0_, reactionli0_.reaction_id as reaction1_13_1_, reactionli0_.board_id as board_id3_13_1_, reactionli0_.reaction_type as reaction2_13_1_ from reaction reactionli0_ where reactionli0_.board_id=?
Hibernate: select reactionus0_.reaction_id as reaction2_14_0_, reactionus0_.reaction_user_id as reaction1_14_0_, reactionus0_.reaction_user_id as reaction1_14_1_, reactionus0_.reaction_id as reaction2_14_1_, reactionus0_.user_id as user_id3_14_1_ from reaction_user reactionus0_ where reactionus0_.reaction_id=?
Hibernate: select reactionus0_.reaction_id as reaction2_14_0_, reactionus0_.reaction_user_id as reaction1_14_0_, reactionus0_.reaction_user_id as reaction1_14_1_, reactionus0_.reaction_id as reaction2_14_1_, reactionus0_.user_id as user_id3_14_1_ from reaction_user reactionus0_ where reactionus0_.reaction_id=?
Hibernate: select reactionus0_.reaction_id as reaction2_14_0_, reactionus0_.reaction_user_id as reaction1_14_0_, reactionus0_.reaction_user_id as reaction1_14_1_, reactionus0_.reaction_id as reaction2_14_1_, reactionus0_.user_id as user_id3_14_1_ from reaction_user reactionus0_ where reactionus0_.reaction_id=?
Hibernate: select reactionus0_.reaction_id as reaction2_14_0_, reactionus0_.reaction_user_id as reaction1_14_0_, reactionus0_.reaction_user_id as reaction1_14_1_, reactionus0_.reaction_id as reaction2_14_1_, reactionus0_.user_id as user_id3_14_1_ from reaction_user reactionus0_ where reactionus0_.reaction_id=?
Hibernate: select reactionus0_.reaction_id as reaction2_14_0_, reactionus0_.reaction_user_id as reaction1_14_0_, reactionus0_.reaction_user_id as reaction1_14_1_, reactionus0_.reaction_id as reaction2_14_1_, reactionus0_.user_id as user_id3_14_1_ from reaction_user reactionus0_ where reactionus0_.reaction_id=?
Hibernate: select reactionus0_.reaction_id as reaction2_14_0_, reactionus0_.reaction_user_id as reaction1_14_0_, reactionus0_.reaction_user_id as reaction1_14_1_, reactionus0_.reaction_id as reaction2_14_1_, reactionus0_.user_id as user_id3_14_1_ from reaction_user reactionus0_ where reactionus0_.reaction_id=?
Hibernate: select commentlis0_.board_id as board_id5_7_0_, commentlis0_.comment_id as comment_1_7_0_, commentlis0_.comment_id as comment_1_7_1_, commentlis0_.board_id as board_id5_7_1_, commentlis0_.comment_content as comment_2_7_1_, commentlis0_.comment_created_at as comment_3_7_1_, commentlis0_.comment_last_modified_at as comment_4_7_1_, commentlis0_.user_id as user_id6_7_1_ from comment commentlis0_ where commentlis0_.board_id=?
Hibernate: select boardlist0_.category_id as category7_4_0_, boardlist0_.board_id as board_id1_4_0_, boardlist0_.board_id as board_id1_4_1_, boardlist0_.category_id as category7_4_1_, boardlist0_.board_content as board_co2_4_1_, boardlist0_.board_created_at as board_cr3_4_1_, boardlist0_.board_last_modified_at as board_la4_4_1_, boardlist0_.board_title as board_ti5_4_1_, boardlist0_.user_id as user_id8_4_1_, boardlist0_.board_views as board_vi6_4_1_ from board boardlist0_ where boardlist0_.category_id=?
Hibernate: select count(comment0_.comment_id) as col_0_0_ from comment comment0_ where comment0_.board_id=?
Hibernate: update board set category_id=?, board_content=?, board_created_at=?, board_last_modified_at=?, board_title=?, user_id=?, board_views=? where board_id=?
Hibernate: select filepathli0_.board_board_id as board_bo1_8_0_, filepathli0_.board_file_path_list as board_fi2_8_0_ from file_path_list filepathli0_ where filepathli0_.board_board_id=?
Hibernate: select imagepathl0_.board_board_id as board_bo1_11_0_, imagepathl0_.board_image_path_list as board_im2_11_0_ from image_path_list imagepathl0_ where imagepathl0_.board_board_id=?
Hibernate: select count(*) as col_0_0_ from board board0_ where board0_.board_id=?
Hibernate: delete from reaction where reaction_id=?
Hibernate: delete from reaction where reaction_id=?
Hibernate: delete from reaction where reaction_id=?
Hibernate: delete from reaction where reaction_id=?
Hibernate: delete from reaction where reaction_id=?
Hibernate: delete from reaction where reaction_id=?
Hibernate: delete from board where board_id=?
Hibernate: select user0_.user_id as user_id1_21_0_, user0_.character_id as characte7_21_0_, user0_.user_created_at as user_cre2_21_0_, user0_.user_name as user_nam3_21_0_, user0_.user_phone_number as user_pho4_21_0_, user0_.user_user_id as user_use5_21_0_, user0_.user_user_password as user_use6_21_0_ from user user0_ where user0_.user_id=?
Hibernate: select character0_.character_id as characte1_6_0_, character0_.character_character_name as characte2_6_0_ from characters character0_ where character0_.character_id=?
Hibernate: select count(*) as col_0_0_ from user user0_ where user0_.user_id=?
Hibernate: select character1_.character_id as characte1_6_, character1_.character_character_name as characte2_6_ from user user0_ inner join characters character1_ on user0_.character_id=character1_.character_id where user0_.user_id=?
Hibernate: select permission0_.character_id as characte6_12_0_, permission0_.permission_id as permissi1_12_0_, permission0_.permission_id as permissi1_12_1_, permission0_.character_id as characte6_12_1_, permission0_.permission_name as permissi2_12_1_, permission0_.permission_permission_unit_id as permissi3_12_1_, permission0_.permission_service as permissi4_12_1_, permission0_.permission_status as permissi5_12_1_ from permission permission0_ where permission0_.character_id=?
Hibernate: select count(*) as col_0_0_ from board board0_ where board0_.board_id=?
Hibernate: select U.* from USER U join BOARD B where U.USER_ID = B.USER_ID and B.BOARD_ID = ?
Hibernate: select character0_.character_id as characte1_6_0_, character0_.character_character_name as characte2_6_0_ from characters character0_ where character0_.character_id=?
Hibernate: select count(*) as col_0_0_ from user user0_ where user0_.user_id=?
Hibernate: select character1_.character_id as characte1_6_, character1_.character_character_name as characte2_6_ from user user0_ inner join characters character1_ on user0_.character_id=character1_.character_id where user0_.user_id=?
Hibernate: select permission0_.character_id as characte6_12_0_, permission0_.permission_id as permissi1_12_0_, permission0_.permission_id as permissi1_12_1_, permission0_.character_id as characte6_12_1_, permission0_.permission_name as permissi2_12_1_, permission0_.permission_permission_unit_id as permissi3_12_1_, permission0_.permission_service as permissi4_12_1_, permission0_.permission_status as permissi5_12_1_ from permission permission0_ where permission0_.character_id=?
Hibernate: select count(*) as col_0_0_ from board board0_ where board0_.board_id=?
Hibernate: select board0_.board_id as board_id1_4_0_, board0_.category_id as category7_4_0_, board0_.board_content as board_co2_4_0_, board0_.board_created_at as board_cr3_4_0_, board0_.board_last_modified_at as board_la4_4_0_, board0_.board_title as board_ti5_4_0_, board0_.user_id as user_id8_4_0_, board0_.board_views as board_vi6_4_0_ from board board0_ where board0_.board_id=?
Hibernate: select category0_.category_id as category1_5_0_, category0_.category_name as category2_5_0_ from category category0_ where category0_.category_id=?
Hibernate: select reactionli0_.board_id as board_id3_13_0_, reactionli0_.reaction_id as reaction1_13_0_, reactionli0_.reaction_id as reaction1_13_1_, reactionli0_.board_id as board_id3_13_1_, reactionli0_.reaction_type as reaction2_13_1_ from reaction reactionli0_ where reactionli0_.board_id=?
Hibernate: select reactionus0_.reaction_id as reaction2_14_0_, reactionus0_.reaction_user_id as reaction1_14_0_, reactionus0_.reaction_user_id as reaction1_14_1_, reactionus0_.reaction_id as reaction2_14_1_, reactionus0_.user_id as user_id3_14_1_ from reaction_user reactionus0_ where reactionus0_.reaction_id=?
Hibernate: select reactionus0_.reaction_id as reaction2_14_0_, reactionus0_.reaction_user_id as reaction1_14_0_, reactionus0_.reaction_user_id as reaction1_14_1_, reactionus0_.reaction_id as reaction2_14_1_, reactionus0_.user_id as user_id3_14_1_ from reaction_user reactionus0_ where reactionus0_.reaction_id=?
Hibernate: select reactionus0_.reaction_id as reaction2_14_0_, reactionus0_.reaction_user_id as reaction1_14_0_, reactionus0_.reaction_user_id as reaction1_14_1_, reactionus0_.reaction_id as reaction2_14_1_, reactionus0_.user_id as user_id3_14_1_ from reaction_user reactionus0_ where reactionus0_.reaction_id=?
Hibernate: select reactionus0_.reaction_id as reaction2_14_0_, reactionus0_.reaction_user_id as reaction1_14_0_, reactionus0_.reaction_user_id as reaction1_14_1_, reactionus0_.reaction_id as reaction2_14_1_, reactionus0_.user_id as user_id3_14_1_ from reaction_user reactionus0_ where reactionus0_.reaction_id=?
Hibernate: select reactionus0_.reaction_id as reaction2_14_0_, reactionus0_.reaction_user_id as reaction1_14_0_, reactionus0_.reaction_user_id as reaction1_14_1_, reactionus0_.reaction_id as reaction2_14_1_, reactionus0_.user_id as user_id3_14_1_ from reaction_user reactionus0_ where reactionus0_.reaction_id=?
Hibernate: select reactionus0_.reaction_id as reaction2_14_0_, reactionus0_.reaction_user_id as reaction1_14_0_, reactionus0_.reaction_user_id as reaction1_14_1_, reactionus0_.reaction_id as reaction2_14_1_, reactionus0_.user_id as user_id3_14_1_ from reaction_user reactionus0_ where reactionus0_.reaction_id=?
Hibernate: select commentlis0_.board_id as board_id5_7_0_, commentlis0_.comment_id as comment_1_7_0_, commentlis0_.comment_id as comment_1_7_1_, commentlis0_.board_id as board_id5_7_1_, commentlis0_.comment_content as comment_2_7_1_, commentlis0_.comment_created_at as comment_3_7_1_, commentlis0_.comment_last_modified_at as comment_4_7_1_, commentlis0_.user_id as user_id6_7_1_ from comment commentlis0_ where commentlis0_.board_id=?
Hibernate: select boardlist0_.category_id as category7_4_0_, boardlist0_.board_id as board_id1_4_0_, boardlist0_.board_id as board_id1_4_1_, boardlist0_.category_id as category7_4_1_, boardlist0_.board_content as board_co2_4_1_, boardlist0_.board_created_at as board_cr3_4_1_, boardlist0_.board_last_modified_at as board_la4_4_1_, boardlist0_.board_title as board_ti5_4_1_, boardlist0_.user_id as user_id8_4_1_, boardlist0_.board_views as board_vi6_4_1_ from board boardlist0_ where boardlist0_.category_id=?
Hibernate: select count(comment0_.comment_id) as col_0_0_ from comment comment0_ where comment0_.board_id=?
Hibernate: update board set category_id=?, board_content=?, board_created_at=?, board_last_modified_at=?, board_title=?, user_id=?, board_views=? where board_id=?
Hibernate: select filepathli0_.board_board_id as board_bo1_8_0_, filepathli0_.board_file_path_list as board_fi2_8_0_ from file_path_list filepathli0_ where filepathli0_.board_board_id=?
Hibernate: select imagepathl0_.board_board_id as board_bo1_11_0_, imagepathl0_.board_image_path_list as board_im2_11_0_ from image_path_list imagepathl0_ where imagepathl0_.board_board_id=?
Hibernate: select count(*) as col_0_0_ from board board0_ where board0_.board_id=?
Hibernate: delete from reaction where reaction_id=?
Hibernate: delete from reaction where reaction_id=?
Hibernate: delete from reaction where reaction_id=?
Hibernate: delete from reaction where reaction_id=?
Hibernate: delete from reaction where reaction_id=?
Hibernate: delete from reaction where reaction_id=?
Hibernate: delete from board where board_id=?
Hibernate: select user0_.user_id as user_id1_21_0_, user0_.character_id as characte7_21_0_, user0_.user_created_at as user_cre2_21_0_, user0_.user_name as user_nam3_21_0_, user0_.user_phone_number as user_pho4_21_0_, user0_.user_user_id as user_use5_21_0_, user0_.user_user_password as user_use6_21_0_ from user user0_ where user0_.user_id=?
Hibernate: select character0_.character_id as characte1_6_0_, character0_.character_character_name as characte2_6_0_ from characters character0_ where character0_.character_id=?
Hibernate: select count(*) as col_0_0_ from user user0_ where user0_.user_id=?
Hibernate: select character1_.character_id as characte1_6_, character1_.character_character_name as characte2_6_ from user user0_ inner join characters character1_ on user0_.character_id=character1_.character_id where user0_.user_id=?
Hibernate: select permission0_.character_id as characte6_12_0_, permission0_.permission_id as permissi1_12_0_, permission0_.permission_id as permissi1_12_1_, permission0_.character_id as characte6_12_1_, permission0_.permission_name as permissi2_12_1_, permission0_.permission_permission_unit_id as permissi3_12_1_, permission0_.permission_service as permissi4_12_1_, permission0_.permission_status as permissi5_12_1_ from permission permission0_ where permission0_.character_id=?
Hibernate: select count(*) as col_0_0_ from board board0_ where board0_.board_id=?
Hibernate: select U.* from USER U join BOARD B where U.USER_ID = B.USER_ID and B.BOARD_ID = ?
Hibernate: select character0_.character_id as characte1_6_0_, character0_.character_character_name as characte2_6_0_ from characters character0_ where character0_.character_id=?
Hibernate: select count(*) as col_0_0_ from user user0_ where user0_.user_id=?
Hibernate: select character1_.character_id as characte1_6_, character1_.character_character_name as characte2_6_ from user user0_ inner join characters character1_ on user0_.character_id=character1_.character_id where user0_.user_id=?
Hibernate: select permission0_.character_id as characte6_12_0_, permission0_.permission_id as permissi1_12_0_, permission0_.permission_id as permissi1_12_1_, permission0_.character_id as characte6_12_1_, permission0_.permission_name as permissi2_12_1_, permission0_.permission_permission_unit_id as permissi3_12_1_, permission0_.permission_service as permissi4_12_1_, permission0_.permission_status as permissi5_12_1_ from permission permission0_ where permission0_.character_id=?
Hibernate: select count(*) as col_0_0_ from board board0_ where board0_.board_id=?
Hibernate: select board0_.board_id as board_id1_4_0_, board0_.category_id as category7_4_0_, board0_.board_content as board_co2_4_0_, board0_.board_created_at as board_cr3_4_0_, board0_.board_last_modified_at as board_la4_4_0_, board0_.board_title as board_ti5_4_0_, board0_.user_id as user_id8_4_0_, board0_.board_views as board_vi6_4_0_ from board board0_ where board0_.board_id=?
Hibernate: select category0_.category_id as category1_5_0_, category0_.category_name as category2_5_0_ from category category0_ where category0_.category_id=?
Hibernate: select reactionli0_.board_id as board_id3_13_0_, reactionli0_.reaction_id as reaction1_13_0_, reactionli0_.reaction_id as reaction1_13_1_, reactionli0_.board_id as board_id3_13_1_, reactionli0_.reaction_type as reaction2_13_1_ from reaction reactionli0_ where reactionli0_.board_id=?
Hibernate: select reactionus0_.reaction_id as reaction2_14_0_, reactionus0_.reaction_user_id as reaction1_14_0_, reactionus0_.reaction_user_id as reaction1_14_1_, reactionus0_.reaction_id as reaction2_14_1_, reactionus0_.user_id as user_id3_14_1_ from reaction_user reactionus0_ where reactionus0_.reaction_id=?
Hibernate: select reactionus0_.reaction_id as reaction2_14_0_, reactionus0_.reaction_user_id as reaction1_14_0_, reactionus0_.reaction_user_id as reaction1_14_1_, reactionus0_.reaction_id as reaction2_14_1_, reactionus0_.user_id as user_id3_14_1_ from reaction_user reactionus0_ where reactionus0_.reaction_id=?
Hibernate: select reactionus0_.reaction_id as reaction2_14_0_, reactionus0_.reaction_user_id as reaction1_14_0_, reactionus0_.reaction_user_id as reaction1_14_1_, reactionus0_.reaction_id as reaction2_14_1_, reactionus0_.user_id as user_id3_14_1_ from reaction_user reactionus0_ where reactionus0_.reaction_id=?
Hibernate: select reactionus0_.reaction_id as reaction2_14_0_, reactionus0_.reaction_user_id as reaction1_14_0_, reactionus0_.reaction_user_id as reaction1_14_1_, reactionus0_.reaction_id as reaction2_14_1_, reactionus0_.user_id as user_id3_14_1_ from reaction_user reactionus0_ where reactionus0_.reaction_id=?
Hibernate: select reactionus0_.reaction_id as reaction2_14_0_, reactionus0_.reaction_user_id as reaction1_14_0_, reactionus0_.reaction_user_id as reaction1_14_1_, reactionus0_.reaction_id as reaction2_14_1_, reactionus0_.user_id as user_id3_14_1_ from reaction_user reactionus0_ where reactionus0_.reaction_id=?
Hibernate: select reactionus0_.reaction_id as reaction2_14_0_, reactionus0_.reaction_user_id as reaction1_14_0_, reactionus0_.reaction_user_id as reaction1_14_1_, reactionus0_.reaction_id as reaction2_14_1_, reactionus0_.user_id as user_id3_14_1_ from reaction_user reactionus0_ where reactionus0_.reaction_id=?
Hibernate: select commentlis0_.board_id as board_id5_7_0_, commentlis0_.comment_id as comment_1_7_0_, commentlis0_.comment_id as comment_1_7_1_, commentlis0_.board_id as board_id5_7_1_, commentlis0_.comment_content as comment_2_7_1_, commentlis0_.comment_created_at as comment_3_7_1_, commentlis0_.comment_last_modified_at as comment_4_7_1_, commentlis0_.user_id as user_id6_7_1_ from comment commentlis0_ where commentlis0_.board_id=?
Hibernate: select boardlist0_.category_id as category7_4_0_, boardlist0_.board_id as board_id1_4_0_, boardlist0_.board_id as board_id1_4_1_, boardlist0_.category_id as category7_4_1_, boardlist0_.board_content as board_co2_4_1_, boardlist0_.board_created_at as board_cr3_4_1_, boardlist0_.board_last_modified_at as board_la4_4_1_, boardlist0_.board_title as board_ti5_4_1_, boardlist0_.user_id as user_id8_4_1_, boardlist0_.board_views as board_vi6_4_1_ from board boardlist0_ where boardlist0_.category_id=?
Hibernate: select count(comment0_.comment_id) as col_0_0_ from comment comment0_ where comment0_.board_id=?
Hibernate: update board set category_id=?, board_content=?, board_created_at=?, board_last_modified_at=?, board_title=?, user_id=?, board_views=? where board_id=?
Hibernate: select filepathli0_.board_board_id as board_bo1_8_0_, filepathli0_.board_file_path_list as board_fi2_8_0_ from file_path_list filepathli0_ where filepathli0_.board_board_id=?
Hibernate: select imagepathl0_.board_board_id as board_bo1_11_0_, imagepathl0_.board_image_path_list as board_im2_11_0_ from image_path_list imagepathl0_ where imagepathl0_.board_board_id=?
Hibernate: select count(*) as col_0_0_ from board board0_ where board0_.board_id=?
Hibernate: delete from reaction where reaction_id=?
Hibernate: delete from reaction where reaction_id=?
Hibernate: delete from reaction where reaction_id=?
Hibernate: delete from reaction where reaction_id=?
Hibernate: delete from reaction where reaction_id=?
Hibernate: delete from reaction where reaction_id=?
Hibernate: delete from board where board_id=?
Hibernate: select user0_.user_id as user_id1_21_0_, user0_.character_id as characte7_21_0_, user0_.user_created_at as user_cre2_21_0_, user0_.user_name as user_nam3_21_0_, user0_.user_phone_number as user_pho4_21_0_, user0_.user_user_id as user_use5_21_0_, user0_.user_user_password as user_use6_21_0_ from user user0_ where user0_.user_id=?
Hibernate: select character0_.character_id as characte1_6_0_, character0_.character_character_name as characte2_6_0_ from characters character0_ where character0_.character_id=?
Hibernate: select count(*) as col_0_0_ from user user0_ where user0_.user_id=?
Hibernate: select character1_.character_id as characte1_6_, character1_.character_character_name as characte2_6_ from user user0_ inner join characters character1_ on user0_.character_id=character1_.character_id where user0_.user_id=?
Hibernate: select permission0_.character_id as characte6_12_0_, permission0_.permission_id as permissi1_12_0_, permission0_.permission_id as permissi1_12_1_, permission0_.character_id as characte6_12_1_, permission0_.permission_name as permissi2_12_1_, permission0_.permission_permission_unit_id as permissi3_12_1_, permission0_.permission_service as permissi4_12_1_, permission0_.permission_status as permissi5_12_1_ from permission permission0_ where permission0_.character_id=?
Hibernate: select count(*) as col_0_0_ from board board0_ where board0_.board_id=?
Hibernate: select user0_.user_id as col_0_0_ from user user0_ where user0_.user_user_id=? limit ?
Hibernate: select user0_.user_id as col_0_0_ from user user0_ where user0_.user_user_id=? limit ?
Hibernate: select U.* from USER U where U.USER_USER_ID =?
Hibernate: select character0_.character_id as characte1_6_0_, character0_.character_character_name as characte2_6_0_ from characters character0_ where character0_.character_id=?
Hibernate: select user0_.user_id as user_id1_21_0_, user0_.character_id as characte7_21_0_, user0_.user_created_at as user_cre2_21_0_, user0_.user_name as user_nam3_21_0_, user0_.user_phone_number as user_pho4_21_0_, user0_.user_user_id as user_use5_21_0_, user0_.user_user_password as user_use6_21_0_ from user user0_ where user0_.user_id=?
Hibernate: select character0_.character_id as characte1_6_0_, character0_.character_character_name as characte2_6_0_ from characters character0_ where character0_.character_id=?
Hibernate: select category0_.category_id as category1_5_, category0_.category_name as category2_5_ from category category0_
Hibernate: select boardlist0_.category_id as category7_4_0_, boardlist0_.board_id as board_id1_4_0_, boardlist0_.board_id as board_id1_4_1_, boardlist0_.category_id as category7_4_1_, boardlist0_.board_content as board_co2_4_1_, boardlist0_.board_created_at as board_cr3_4_1_, boardlist0_.board_last_modified_at as board_la4_4_1_, boardlist0_.board_title as board_ti5_4_1_, boardlist0_.user_id as user_id8_4_1_, boardlist0_.board_views as board_vi6_4_1_ from board boardlist0_ where boardlist0_.category_id=?
Hibernate: select boardlist0_.category_id as category7_4_0_, boardlist0_.board_id as board_id1_4_0_, boardlist0_.board_id as board_id1_4_1_, boardlist0_.category_id as category7_4_1_, boardlist0_.board_content as board_co2_4_1_, boardlist0_.board_created_at as board_cr3_4_1_, boardlist0_.board_last_modified_at as board_la4_4_1_, boardlist0_.board_title as board_ti5_4_1_, boardlist0_.user_id as user_id8_4_1_, boardlist0_.board_views as board_vi6_4_1_ from board boardlist0_ where boardlist0_.category_id=?
Hibernate: select user0_.user_id as user_id1_21_0_, user0_.character_id as characte7_21_0_, user0_.user_created_at as user_cre2_21_0_, user0_.user_name as user_nam3_21_0_, user0_.user_phone_number as user_pho4_21_0_, user0_.user_user_id as user_use5_21_0_, user0_.user_user_password as user_use6_21_0_ from user user0_ where user0_.user_id=?
Hibernate: select character0_.character_id as characte1_6_0_, character0_.character_character_name as characte2_6_0_ from characters character0_ where character0_.character_id=?
Hibernate: select count(*) as col_0_0_ from user user0_ where user0_.user_id=?
Hibernate: select character1_.character_id as characte1_6_, character1_.character_character_name as characte2_6_ from user user0_ inner join characters character1_ on user0_.character_id=character1_.character_id where user0_.user_id=?
Hibernate: select permission0_.character_id as characte6_12_0_, permission0_.permission_id as permissi1_12_0_, permission0_.permission_id as permissi1_12_1_, permission0_.character_id as characte6_12_1_, permission0_.permission_name as permissi2_12_1_, permission0_.permission_permission_unit_id as permissi3_12_1_, permission0_.permission_service as permissi4_12_1_, permission0_.permission_status as permissi5_12_1_ from permission permission0_ where permission0_.character_id=?
Hibernate: select count(*) as col_0_0_ from category category0_ where category0_.category_id=?
Hibernate: select count(board0_.board_id) as col_0_0_ from board board0_ where board0_.category_id=?
Hibernate: select category0_.category_id as category1_5_0_, category0_.category_name as category2_5_0_ from category category0_ where category0_.category_id=?
Hibernate: select boardlist0_.category_id as category7_4_0_, boardlist0_.board_id as board_id1_4_0_, boardlist0_.board_id as board_id1_4_1_, boardlist0_.category_id as category7_4_1_, boardlist0_.board_content as board_co2_4_1_, boardlist0_.board_created_at as board_cr3_4_1_, boardlist0_.board_last_modified_at as board_la4_4_1_, boardlist0_.board_title as board_ti5_4_1_, boardlist0_.user_id as user_id8_4_1_, boardlist0_.board_views as board_vi6_4_1_ from board boardlist0_ where boardlist0_.category_id=?
Hibernate: delete from category where category_id=?
Hibernate: select user0_.user_id as user_id1_21_0_, user0_.character_id as characte7_21_0_, user0_.user_created_at as user_cre2_21_0_, user0_.user_name as user_nam3_21_0_, user0_.user_phone_number as user_pho4_21_0_, user0_.user_user_id as user_use5_21_0_, user0_.user_user_password as user_use6_21_0_ from user user0_ where user0_.user_id=?
Hibernate: select character0_.character_id as characte1_6_0_, character0_.character_character_name as characte2_6_0_ from characters character0_ where character0_.character_id=?
Hibernate: select count(*) as col_0_0_ from user user0_ where user0_.user_id=?
Hibernate: select character1_.character_id as characte1_6_, character1_.character_character_name as characte2_6_ from user user0_ inner join characters character1_ on user0_.character_id=character1_.character_id where user0_.user_id=?
Hibernate: select permission0_.character_id as characte6_12_0_, permission0_.permission_id as permissi1_12_0_, permission0_.permission_id as permissi1_12_1_, permission0_.character_id as characte6_12_1_, permission0_.permission_name as permissi2_12_1_, permission0_.permission_permission_unit_id as permissi3_12_1_, permission0_.permission_service as permissi4_12_1_, permission0_.permission_status as permissi5_12_1_ from permission permission0_ where permission0_.character_id=?
Hibernate: select count(*) as col_0_0_ from category category0_ where category0_.category_id=?
Hibernate: select count(board0_.board_id) as col_0_0_ from board board0_ where board0_.category_id=?
Hibernate: select category0_.category_id as category1_5_0_, category0_.category_name as category2_5_0_ from category category0_ where category0_.category_id=?
Hibernate: select boardlist0_.category_id as category7_4_0_, boardlist0_.board_id as board_id1_4_0_, boardlist0_.board_id as board_id1_4_1_, boardlist0_.category_id as category7_4_1_, boardlist0_.board_content as board_co2_4_1_, boardlist0_.board_created_at as board_cr3_4_1_, boardlist0_.board_last_modified_at as board_la4_4_1_, boardlist0_.board_title as board_ti5_4_1_, boardlist0_.user_id as user_id8_4_1_, boardlist0_.board_views as board_vi6_4_1_ from board boardlist0_ where boardlist0_.category_id=?
Hibernate: delete from category where category_id=?
Hibernate: select user0_.user_id as user_id1_21_0_, user0_.character_id as characte7_21_0_, user0_.user_created_at as user_cre2_21_0_, user0_.user_name as user_nam3_21_0_, user0_.user_phone_number as user_pho4_21_0_, user0_.user_user_id as user_use5_21_0_, user0_.user_user_password as user_use6_21_0_ from user user0_ where user0_.user_id=?
Hibernate: select character0_.character_id as characte1_6_0_, character0_.character_character_name as characte2_6_0_ from characters character0_ where character0_.character_id=?
Hibernate: select count(*) as col_0_0_ from user user0_ where user0_.user_id=?
Hibernate: select character1_.character_id as characte1_6_, character1_.character_character_name as characte2_6_ from user user0_ inner join characters character1_ on user0_.character_id=character1_.character_id where user0_.user_id=?
Hibernate: select permission0_.character_id as characte6_12_0_, permission0_.permission_id as permissi1_12_0_, permission0_.permission_id as permissi1_12_1_, permission0_.character_id as characte6_12_1_, permission0_.permission_name as permissi2_12_1_, permission0_.permission_permission_unit_id as permissi3_12_1_, permission0_.permission_service as permissi4_12_1_, permission0_.permission_status as permissi5_12_1_ from permission permission0_ where permission0_.character_id=?
Hibernate: select category0_.category_id as col_0_0_ from category category0_ where category0_.category_name=? limit ?
Hibernate: select category0_.category_id as category1_5_1_, category0_.category_name as category2_5_1_, boardlist1_.category_id as category7_4_3_, boardlist1_.board_id as board_id1_4_3_, boardlist1_.board_id as board_id1_4_0_, boardlist1_.category_id as category7_4_0_, boardlist1_.board_content as board_co2_4_0_, boardlist1_.board_created_at as board_cr3_4_0_, boardlist1_.board_last_modified_at as board_la4_4_0_, boardlist1_.board_title as board_ti5_4_0_, boardlist1_.user_id as user_id8_4_0_, boardlist1_.board_views as board_vi6_4_0_ from category category0_ left outer join board boardlist1_ on category0_.category_id=boardlist1_.category_id where category0_.category_id=?
Hibernate: insert into category (category_id, category_name) values (default, ?)
Hibernate: select user0_.user_id as user_id1_21_0_, user0_.character_id as characte7_21_0_, user0_.user_created_at as user_cre2_21_0_, user0_.user_name as user_nam3_21_0_, user0_.user_phone_number as user_pho4_21_0_, user0_.user_user_id as user_use5_21_0_, user0_.user_user_password as user_use6_21_0_ from user user0_ where user0_.user_id=?
Hibernate: select character0_.character_id as characte1_6_0_, character0_.character_character_name as characte2_6_0_ from characters character0_ where character0_.character_id=?
Hibernate: select count(*) as col_0_0_ from user user0_ where user0_.user_id=?
Hibernate: select character1_.character_id as characte1_6_, character1_.character_character_name as characte2_6_ from user user0_ inner join characters character1_ on user0_.character_id=character1_.character_id where user0_.user_id=?
Hibernate: select permission0_.character_id as characte6_12_0_, permission0_.permission_id as permissi1_12_0_, permission0_.permission_id as permissi1_12_1_, permission0_.character_id as characte6_12_1_, permission0_.permission_name as permissi2_12_1_, permission0_.permission_permission_unit_id as permissi3_12_1_, permission0_.permission_service as permissi4_12_1_, permission0_.permission_status as permissi5_12_1_ from permission permission0_ where permission0_.character_id=?
Hibernate: select category0_.category_id as col_0_0_ from category category0_ where category0_.category_name=? limit ?
Hibernate: select category0_.category_id as category1_5_1_, category0_.category_name as category2_5_1_, boardlist1_.category_id as category7_4_3_, boardlist1_.board_id as board_id1_4_3_, boardlist1_.board_id as board_id1_4_0_, boardlist1_.category_id as category7_4_0_, boardlist1_.board_content as board_co2_4_0_, boardlist1_.board_created_at as board_cr3_4_0_, boardlist1_.board_last_modified_at as board_la4_4_0_, boardlist1_.board_title as board_ti5_4_0_, boardlist1_.user_id as user_id8_4_0_, boardlist1_.board_views as board_vi6_4_0_ from category category0_ left outer join board boardlist1_ on category0_.category_id=boardlist1_.category_id where category0_.category_id=?
Hibernate: insert into category (category_id, category_name) values (default, ?)
Hibernate: select user0_.user_id as col_0_0_ from user user0_ where user0_.user_user_id=? limit ?
Hibernate: select user0_.user_id as col_0_0_ from user user0_ where user0_.user_user_id=? limit ?
Hibernate: select U.* from USER U where U.USER_USER_ID =?
Hibernate: select character0_.character_id as characte1_6_0_, character0_.character_character_name as characte2_6_0_ from characters character0_ where character0_.character_id=?
Hibernate: select user0_.user_id as col_0_0_ from user user0_ where user0_.user_user_id=? limit ?
Hibernate: select user0_.user_id as user_id1_21_, user0_.character_id as characte7_21_, user0_.user_created_at as user_cre2_21_, user0_.user_name as user_nam3_21_, user0_.user_phone_number as user_pho4_21_, user0_.user_user_id as user_use5_21_, user0_.user_user_password as user_use6_21_ from user user0_ inner join characters character1_ on user0_.character_id=character1_.character_id where user0_.user_user_id=?
Hibernate: select character0_.character_id as characte1_6_0_, character0_.character_character_name as characte2_6_0_ from characters character0_ where character0_.character_id=?
Hibernate: select rewardtagw0_.user_id as user_id4_16_0_, rewardtagw0_.reward_tag_wrapper_reward_id as reward_t1_16_0_, rewardtagw0_.reward_tag_wrapper_reward_id as reward_t1_16_1_, rewardtagw0_.reward_tag_wrapper_reward_presented_at as reward_t2_16_1_, rewardtagw0_.reward_tag_reward_tag_id as reward_t3_16_1_, rewardtagw0_.user_id as user_id4_16_1_ from reward_tag_wrapper rewardtagw0_ where rewardtagw0_.user_id=?
Hibernate: select user0_.user_id as user_id1_21_0_, user0_.character_id as characte7_21_0_, user0_.user_created_at as user_cre2_21_0_, user0_.user_name as user_nam3_21_0_, user0_.user_phone_number as user_pho4_21_0_, user0_.user_user_id as user_use5_21_0_, user0_.user_user_password as user_use6_21_0_ from user user0_ where user0_.user_id=?
Hibernate: select character0_.character_id as characte1_6_0_, character0_.character_character_name as characte2_6_0_ from characters character0_ where character0_.character_id=?
Hibernate: select count(*) as col_0_0_ from user user0_ where user0_.user_id=?
Hibernate: select character1_.character_id as characte1_6_, character1_.character_character_name as characte2_6_ from user user0_ inner join characters character1_ on user0_.character_id=character1_.character_id where user0_.user_id=?
Hibernate: select permission0_.character_id as characte6_12_0_, permission0_.permission_id as permissi1_12_0_, permission0_.permission_id as permissi1_12_1_, permission0_.character_id as characte6_12_1_, permission0_.permission_name as permissi2_12_1_, permission0_.permission_permission_unit_id as permissi3_12_1_, permission0_.permission_service as permissi4_12_1_, permission0_.permission_status as permissi5_12_1_ from permission permission0_ where permission0_.character_id=?
Hibernate: select count(*) as col_0_0_ from user user0_ where user0_.user_id=?
Hibernate: select user0_.user_id as user_id1_21_, user0_.character_id as characte7_21_, user0_.user_created_at as user_cre2_21_, user0_.user_name as user_nam3_21_, user0_.user_phone_number as user_pho4_21_, user0_.user_user_id as user_use5_21_, user0_.user_user_password as user_use6_21_ from user user0_ where user0_.user_id=?
Hibernate: select character0_.character_id as characte1_6_0_, character0_.character_character_name as characte2_6_0_ from characters character0_ where character0_.character_id=?
Hibernate: select rewardtagw0_.user_id as user_id4_16_0_, rewardtagw0_.reward_tag_wrapper_reward_id as reward_t1_16_0_, rewardtagw0_.reward_tag_wrapper_reward_id as reward_t1_16_1_, rewardtagw0_.reward_tag_wrapper_reward_presented_at as reward_t2_16_1_, rewardtagw0_.reward_tag_reward_tag_id as reward_t3_16_1_, rewardtagw0_.user_id as user_id4_16_1_ from reward_tag_wrapper rewardtagw0_ where rewardtagw0_.user_id=?
Hibernate: select attendance0_.attendance_user_attendance_user_id as col_0_0_ from attendance_user attendance0_ where attendance0_.user_id=? limit ?
Hibernate: DELETE FROM USER WHERE USER_ID = ?
Hibernate: select user0_.user_id as col_0_0_ from user user0_ where user0_.user_user_id=? limit ?
Hibernate: select user0_.user_id as col_0_0_ from user user0_ where user0_.user_user_id=? limit ?
Hibernate: select U.* from USER U where U.USER_USER_ID =?
Hibernate: select character0_.character_id as characte1_6_0_, character0_.character_character_name as characte2_6_0_ from characters character0_ where character0_.character_id=?
Hibernate: select user0_.user_id as user_id1_21_0_, user0_.character_id as characte7_21_0_, user0_.user_created_at as user_cre2_21_0_, user0_.user_name as user_nam3_21_0_, user0_.user_phone_number as user_pho4_21_0_, user0_.user_user_id as user_use5_21_0_, user0_.user_user_password as user_use6_21_0_ from user user0_ where user0_.user_id=?
Hibernate: select character0_.character_id as characte1_6_0_, character0_.character_character_name as characte2_6_0_ from characters character0_ where character0_.character_id=?
Hibernate: select count(*) as col_0_0_ from board board0_
Hibernate: select count(*) as col_0_0_ from board board0_
Hibernate: select user0_.user_id as col_0_0_ from user user0_ where user0_.user_user_id=? limit ?
Hibernate: select user0_.user_id as col_0_0_ from user user0_ where user0_.user_user_id=? limit ?
Hibernate: select U.* from USER U where U.USER_USER_ID =?
Hibernate: select character0_.character_id as characte1_6_0_, character0_.character_character_name as characte2_6_0_ from characters character0_ where character0_.character_id=?
Hibernate: select user0_.user_id as user_id1_21_0_, user0_.character_id as characte7_21_0_, user0_.user_created_at as user_cre2_21_0_, user0_.user_name as user_nam3_21_0_, user0_.user_phone_number as user_pho4_21_0_, user0_.user_user_id as user_use5_21_0_, user0_.user_user_password as user_use6_21_0_ from user user0_ where user0_.user_id=?
Hibernate: select character0_.character_id as characte1_6_0_, character0_.character_character_name as characte2_6_0_ from characters character0_ where character0_.character_id=?
Hibernate: select category0_.category_id as category1_5_, category0_.category_name as category2_5_ from category category0_
Hibernate: select boardlist0_.category_id as category7_4_0_, boardlist0_.board_id as board_id1_4_0_, boardlist0_.board_id as board_id1_4_1_, boardlist0_.category_id as category7_4_1_, boardlist0_.board_content as board_co2_4_1_, boardlist0_.board_created_at as board_cr3_4_1_, boardlist0_.board_last_modified_at as board_la4_4_1_, boardlist0_.board_title as board_ti5_4_1_, boardlist0_.user_id as user_id8_4_1_, boardlist0_.board_views as board_vi6_4_1_ from board boardlist0_ where boardlist0_.category_id=?
Hibernate: select boardlist0_.category_id as category7_4_0_, boardlist0_.board_id as board_id1_4_0_, boardlist0_.board_id as board_id1_4_1_, boardlist0_.category_id as category7_4_1_, boardlist0_.board_content as board_co2_4_1_, boardlist0_.board_created_at as board_cr3_4_1_, boardlist0_.board_last_modified_at as board_la4_4_1_, boardlist0_.board_title as board_ti5_4_1_, boardlist0_.user_id as user_id8_4_1_, boardlist0_.board_views as board_vi6_4_1_ from board boardlist0_ where boardlist0_.category_id=?
Hibernate: select user0_.user_id as user_id1_21_0_, user0_.character_id as characte7_21_0_, user0_.user_created_at as user_cre2_21_0_, user0_.user_name as user_nam3_21_0_, user0_.user_phone_number as user_pho4_21_0_, user0_.user_user_id as user_use5_21_0_, user0_.user_user_password as user_use6_21_0_ from user user0_ where user0_.user_id=?
Hibernate: select character0_.character_id as characte1_6_0_, character0_.character_character_name as characte2_6_0_ from characters character0_ where character0_.character_id=?
Hibernate: select count(*) as col_0_0_ from user user0_ where user0_.user_id=?
Hibernate: select character1_.character_id as characte1_6_, character1_.character_character_name as characte2_6_ from user user0_ inner join characters character1_ on user0_.character_id=character1_.character_id where user0_.user_id=?
Hibernate: select permission0_.character_id as characte6_12_0_, permission0_.permission_id as permissi1_12_0_, permission0_.permission_id as permissi1_12_1_, permission0_.character_id as characte6_12_1_, permission0_.permission_name as permissi2_12_1_, permission0_.permission_permission_unit_id as permissi3_12_1_, permission0_.permission_service as permissi4_12_1_, permission0_.permission_status as permissi5_12_1_ from permission permission0_ where permission0_.character_id=?
Hibernate: select count(*) as col_0_0_ from category category0_ where category0_.category_id=?
Hibernate: select count(board0_.board_id) as col_0_0_ from board board0_ where board0_.category_id=?
Hibernate: select category0_.category_id as category1_5_0_, category0_.category_name as category2_5_0_ from category category0_ where category0_.category_id=?
Hibernate: select boardlist0_.category_id as category7_4_0_, boardlist0_.board_id as board_id1_4_0_, boardlist0_.board_id as board_id1_4_1_, boardlist0_.category_id as category7_4_1_, boardlist0_.board_content as board_co2_4_1_, boardlist0_.board_created_at as board_cr3_4_1_, boardlist0_.board_last_modified_at as board_la4_4_1_, boardlist0_.board_title as board_ti5_4_1_, boardlist0_.user_id as user_id8_4_1_, boardlist0_.board_views as board_vi6_4_1_ from board boardlist0_ where boardlist0_.category_id=?
Hibernate: delete from category where category_id=?
Hibernate: select user0_.user_id as user_id1_21_0_, user0_.character_id as characte7_21_0_, user0_.user_created_at as user_cre2_21_0_, user0_.user_name as user_nam3_21_0_, user0_.user_phone_number as user_pho4_21_0_, user0_.user_user_id as user_use5_21_0_, user0_.user_user_password as user_use6_21_0_ from user user0_ where user0_.user_id=?
Hibernate: select character0_.character_id as characte1_6_0_, character0_.character_character_name as characte2_6_0_ from characters character0_ where character0_.character_id=?
Hibernate: select count(*) as col_0_0_ from user user0_ where user0_.user_id=?
Hibernate: select character1_.character_id as characte1_6_, character1_.character_character_name as characte2_6_ from user user0_ inner join characters character1_ on user0_.character_id=character1_.character_id where user0_.user_id=?
Hibernate: select permission0_.character_id as characte6_12_0_, permission0_.permission_id as permissi1_12_0_, permission0_.permission_id as permissi1_12_1_, permission0_.character_id as characte6_12_1_, permission0_.permission_name as permissi2_12_1_, permission0_.permission_permission_unit_id as permissi3_12_1_, permission0_.permission_service as permissi4_12_1_, permission0_.permission_status as permissi5_12_1_ from permission permission0_ where permission0_.character_id=?
Hibernate: select count(*) as col_0_0_ from category category0_ where category0_.category_id=?
Hibernate: select count(board0_.board_id) as col_0_0_ from board board0_ where board0_.category_id=?
Hibernate: select category0_.category_id as category1_5_0_, category0_.category_name as category2_5_0_ from category category0_ where category0_.category_id=?
Hibernate: select boardlist0_.category_id as category7_4_0_, boardlist0_.board_id as board_id1_4_0_, boardlist0_.board_id as board_id1_4_1_, boardlist0_.category_id as category7_4_1_, boardlist0_.board_content as board_co2_4_1_, boardlist0_.board_created_at as board_cr3_4_1_, boardlist0_.board_last_modified_at as board_la4_4_1_, boardlist0_.board_title as board_ti5_4_1_, boardlist0_.user_id as user_id8_4_1_, boardlist0_.board_views as board_vi6_4_1_ from board boardlist0_ where boardlist0_.category_id=?
Hibernate: delete from category where category_id=?
Hibernate: select user0_.user_id as user_id1_21_0_, user0_.character_id as characte7_21_0_, user0_.user_created_at as user_cre2_21_0_, user0_.user_name as user_nam3_21_0_, user0_.user_phone_number as user_pho4_21_0_, user0_.user_user_id as user_use5_21_0_, user0_.user_user_password as user_use6_21_0_ from user user0_ where user0_.user_id=?
Hibernate: select character0_.character_id as characte1_6_0_, character0_.character_character_name as characte2_6_0_ from characters character0_ where character0_.character_id=?
Hibernate: select count(*) as col_0_0_ from user user0_ where user0_.user_id=?
Hibernate: select character1_.character_id as characte1_6_, character1_.character_character_name as characte2_6_ from user user0_ inner join characters character1_ on user0_.character_id=character1_.character_id where user0_.user_id=?
Hibernate: select permission0_.character_id as characte6_12_0_, permission0_.permission_id as permissi1_12_0_, permission0_.permission_id as permissi1_12_1_, permission0_.character_id as characte6_12_1_, permission0_.permission_name as permissi2_12_1_, permission0_.permission_permission_unit_id as permissi3_12_1_, permission0_.permission_service as permissi4_12_1_, permission0_.permission_status as permissi5_12_1_ from permission permission0_ where permission0_.character_id=?
Hibernate: select category0_.category_id as col_0_0_ from category category0_ where category0_.category_name=? limit ?
Hibernate: select category0_.category_id as category1_5_1_, category0_.category_name as category2_5_1_, boardlist1_.category_id as category7_4_3_, boardlist1_.board_id as board_id1_4_3_, boardlist1_.board_id as board_id1_4_0_, boardlist1_.category_id as category7_4_0_, boardlist1_.board_content as board_co2_4_0_, boardlist1_.board_created_at as board_cr3_4_0_, boardlist1_.board_last_modified_at as board_la4_4_0_, boardlist1_.board_title as board_ti5_4_0_, boardlist1_.user_id as user_id8_4_0_, boardlist1_.board_views as board_vi6_4_0_ from category category0_ left outer join board boardlist1_ on category0_.category_id=boardlist1_.category_id where category0_.category_id=?
Hibernate: insert into category (category_id, category_name) values (default, ?)
Hibernate: select user0_.user_id as user_id1_21_0_, user0_.character_id as characte7_21_0_, user0_.user_created_at as user_cre2_21_0_, user0_.user_name as user_nam3_21_0_, user0_.user_phone_number as user_pho4_21_0_, user0_.user_user_id as user_use5_21_0_, user0_.user_user_password as user_use6_21_0_ from user user0_ where user0_.user_id=?
Hibernate: select character0_.character_id as characte1_6_0_, character0_.character_character_name as characte2_6_0_ from characters character0_ where character0_.character_id=?
Hibernate: select count(*) as col_0_0_ from user user0_ where user0_.user_id=?
Hibernate: select character1_.character_id as characte1_6_, character1_.character_character_name as characte2_6_ from user user0_ inner join characters character1_ on user0_.character_id=character1_.character_id where user0_.user_id=?
Hibernate: select permission0_.character_id as characte6_12_0_, permission0_.permission_id as permissi1_12_0_, permission0_.permission_id as permissi1_12_1_, permission0_.character_id as characte6_12_1_, permission0_.permission_name as permissi2_12_1_, permission0_.permission_permission_unit_id as permissi3_12_1_, permission0_.permission_service as permissi4_12_1_, permission0_.permission_status as permissi5_12_1_ from permission permission0_ where permission0_.character_id=?
Hibernate: select category0_.category_id as col_0_0_ from category category0_ where category0_.category_name=? limit ?
Hibernate: select category0_.category_id as category1_5_1_, category0_.category_name as category2_5_1_, boardlist1_.category_id as category7_4_3_, boardlist1_.board_id as board_id1_4_3_, boardlist1_.board_id as board_id1_4_0_, boardlist1_.category_id as category7_4_0_, boardlist1_.board_content as board_co2_4_0_, boardlist1_.board_created_at as board_cr3_4_0_, boardlist1_.board_last_modified_at as board_la4_4_0_, boardlist1_.board_title as board_ti5_4_0_, boardlist1_.user_id as user_id8_4_0_, boardlist1_.board_views as board_vi6_4_0_ from category category0_ left outer join board boardlist1_ on category0_.category_id=boardlist1_.category_id where category0_.category_id=?
Hibernate: insert into category (category_id, category_name) values (default, ?)
Hibernate: select user0_.user_id as col_0_0_ from user user0_ where user0_.user_user_id=? limit ?
Hibernate: select user0_.user_id as col_0_0_ from user user0_ where user0_.user_user_id=? limit ?
Hibernate: select U.* from USER U where U.USER_USER_ID =?
Hibernate: select character0_.character_id as characte1_6_0_, character0_.character_character_name as characte2_6_0_ from characters character0_ where character0_.character_id=?
Hibernate: select user0_.user_id as col_0_0_ from user user0_ where user0_.user_user_id=? limit ?
Hibernate: select user0_.user_id as col_0_0_ from user user0_ where user0_.user_user_id=? limit ?
Hibernate: select U.* from USER U where U.USER_USER_ID =?
Hibernate: select character0_.character_id as characte1_6_0_, character0_.character_character_name as characte2_6_0_ from characters character0_ where character0_.character_id=?
Hibernate: select user0_.user_id as col_0_0_ from user user0_ where user0_.user_user_id=? limit ?
Hibernate: select user0_.user_id as col_0_0_ from user user0_ where user0_.user_user_id=? limit ?
Hibernate: select U.* from USER U where U.USER_USER_ID =?
Hibernate: select character0_.character_id as characte1_6_0_, character0_.character_character_name as characte2_6_0_ from characters character0_ where character0_.character_id=?
Hibernate: select user0_.user_id as col_0_0_ from user user0_ where user0_.user_user_id=? limit ?
Hibernate: select userjoinin0_.user_joining_pool_id as col_0_0_ from user_joining_pool userjoinin0_ where userjoinin0_.user_user_id=? limit ?
Hibernate: select character0_.character_id as col_0_0_ from characters character0_ where character0_.character_character_name=? limit ?
Hibernate: insert into user_joining_pool (user_joining_pool_id, user_created_at, user_name, user_phone_number, user_user_id, user_user_password) values (default, ?, ?, ?, ?, ?)
Hibernate: select user0_.user_id as user_id1_21_0_, user0_.character_id as characte7_21_0_, user0_.user_created_at as user_cre2_21_0_, user0_.user_name as user_nam3_21_0_, user0_.user_phone_number as user_pho4_21_0_, user0_.user_user_id as user_use5_21_0_, user0_.user_user_password as user_use6_21_0_ from user user0_ where user0_.user_id=?
Hibernate: select character0_.character_id as characte1_6_0_, character0_.character_character_name as characte2_6_0_ from characters character0_ where character0_.character_id=?
Hibernate: select count(*) as col_0_0_ from user user0_ where user0_.user_id=?
Hibernate: select character1_.character_id as characte1_6_, character1_.character_character_name as characte2_6_ from user user0_ inner join characters character1_ on user0_.character_id=character1_.character_id where user0_.user_id=?
Hibernate: select permission0_.character_id as characte6_12_0_, permission0_.permission_id as permissi1_12_0_, permission0_.permission_id as permissi1_12_1_, permission0_.character_id as characte6_12_1_, permission0_.permission_name as permissi2_12_1_, permission0_.permission_permission_unit_id as permissi3_12_1_, permission0_.permission_service as permissi4_12_1_, permission0_.permission_status as permissi5_12_1_ from permission permission0_ where permission0_.character_id=?
Hibernate: select userjoinin0_.user_joining_pool_id as col_0_0_ from user_joining_pool userjoinin0_ where userjoinin0_.user_user_id=? limit ?
Hibernate: select userjoinin0_.user_joining_pool_id as user_joi1_22_, userjoinin0_.user_created_at as user_cre2_22_, userjoinin0_.user_name as user_nam3_22_, userjoinin0_.user_phone_number as user_pho4_22_, userjoinin0_.user_user_id as user_use5_22_, userjoinin0_.user_user_password as user_use6_22_ from user_joining_pool userjoinin0_ where userjoinin0_.user_user_id=?
Hibernate: select character0_.character_id as characte1_6_, character0_.character_character_name as characte2_6_ from characters character0_ where character0_.character_character_name=?
Hibernate: insert into user (user_id, character_id, user_created_at, user_name, user_phone_number, user_user_id, user_user_password) values (default, ?, ?, ?, ?, ?, ?)
Hibernate: DELETE FROM USER_JOINING_POOL as JU where JU.USER_USER_ID =?
Hibernate: select user0_.user_id as col_0_0_ from user user0_ where user0_.user_user_id=? limit ?
Hibernate: select user0_.user_id as col_0_0_ from user user0_ where user0_.user_user_id=? limit ?
Hibernate: select U.* from USER U where U.USER_USER_ID =?
Hibernate: select character0_.character_id as characte1_6_0_, character0_.character_character_name as characte2_6_0_ from characters character0_ where character0_.character_id=?
Hibernate: select user0_.user_id as col_0_0_ from user user0_ where user0_.user_user_id=? limit ?
Hibernate: select user0_.user_id as col_0_0_ from user user0_ where user0_.user_user_id=? limit ?
Hibernate: select U.* from USER U where U.USER_USER_ID =?
Hibernate: select character0_.character_id as characte1_6_0_, character0_.character_character_name as characte2_6_0_ from characters character0_ where character0_.character_id=?
Hibernate: select user0_.user_id as user_id1_21_0_, user0_.character_id as characte7_21_0_, user0_.user_created_at as user_cre2_21_0_, user0_.user_name as user_nam3_21_0_, user0_.user_phone_number as user_pho4_21_0_, user0_.user_user_id as user_use5_21_0_, user0_.user_user_password as user_use6_21_0_ from user user0_ where user0_.user_id=?
Hibernate: select character0_.character_id as characte1_6_0_, character0_.character_character_name as characte2_6_0_ from characters character0_ where character0_.character_id=?
Hibernate: select count(*) as col_0_0_ from user user0_ where user0_.user_id=?
Hibernate: select character1_.character_id as characte1_6_, character1_.character_character_name as characte2_6_ from user user0_ inner join characters character1_ on user0_.character_id=character1_.character_id where user0_.user_id=?
Hibernate: select permission0_.character_id as characte6_12_0_, permission0_.permission_id as permissi1_12_0_, permission0_.permission_id as permissi1_12_1_, permission0_.character_id as characte6_12_1_, permission0_.permission_name as permissi2_12_1_, permission0_.permission_permission_unit_id as permissi3_12_1_, permission0_.permission_service as permissi4_12_1_, permission0_.permission_status as permissi5_12_1_ from permission permission0_ where permission0_.character_id=?
Hibernate: select category0_.category_id as col_0_0_ from category category0_ where category0_.category_name=? limit ?
Hibernate: select category0_.category_id as category1_5_1_, category0_.category_name as category2_5_1_, boardlist1_.category_id as category7_4_3_, boardlist1_.board_id as board_id1_4_3_, boardlist1_.board_id as board_id1_4_0_, boardlist1_.category_id as category7_4_0_, boardlist1_.board_content as board_co2_4_0_, boardlist1_.board_created_at as board_cr3_4_0_, boardlist1_.board_last_modified_at as board_la4_4_0_, boardlist1_.board_title as board_ti5_4_0_, boardlist1_.user_id as user_id8_4_0_, boardlist1_.board_views as board_vi6_4_0_ from category category0_ left outer join board boardlist1_ on category0_.category_id=boardlist1_.category_id where category0_.category_id=?
Hibernate: insert into category (category_id, category_name) values (default, ?)
Hibernate: select user0_.user_id as user_id1_21_0_, user0_.character_id as characte7_21_0_, user0_.user_created_at as user_cre2_21_0_, user0_.user_name as user_nam3_21_0_, user0_.user_phone_number as user_pho4_21_0_, user0_.user_user_id as user_use5_21_0_, user0_.user_user_password as user_use6_21_0_ from user user0_ where user0_.user_id=?
Hibernate: select character0_.character_id as characte1_6_0_, character0_.character_character_name as characte2_6_0_ from characters character0_ where character0_.character_id=?
Hibernate: select category0_.category_id as category1_5_, category0_.category_name as category2_5_ from category category0_
Hibernate: select boardlist0_.category_id as category7_4_0_, boardlist0_.board_id as board_id1_4_0_, boardlist0_.board_id as board_id1_4_1_, boardlist0_.category_id as category7_4_1_, boardlist0_.board_content as board_co2_4_1_, boardlist0_.board_created_at as board_cr3_4_1_, boardlist0_.board_last_modified_at as board_la4_4_1_, boardlist0_.board_title as board_ti5_4_1_, boardlist0_.user_id as user_id8_4_1_, boardlist0_.board_views as board_vi6_4_1_ from board boardlist0_ where boardlist0_.category_id=?
Hibernate: select boardlist0_.category_id as category7_4_0_, boardlist0_.board_id as board_id1_4_0_, boardlist0_.board_id as board_id1_4_1_, boardlist0_.category_id as category7_4_1_, boardlist0_.board_content as board_co2_4_1_, boardlist0_.board_created_at as board_cr3_4_1_, boardlist0_.board_last_modified_at as board_la4_4_1_, boardlist0_.board_title as board_ti5_4_1_, boardlist0_.user_id as user_id8_4_1_, boardlist0_.board_views as board_vi6_4_1_ from board boardlist0_ where boardlist0_.category_id=?
Hibernate: select boardlist0_.category_id as category7_4_0_, boardlist0_.board_id as board_id1_4_0_, boardlist0_.board_id as board_id1_4_1_, boardlist0_.category_id as category7_4_1_, boardlist0_.board_content as board_co2_4_1_, boardlist0_.board_created_at as board_cr3_4_1_, boardlist0_.board_last_modified_at as board_la4_4_1_, boardlist0_.board_title as board_ti5_4_1_, boardlist0_.user_id as user_id8_4_1_, boardlist0_.board_views as board_vi6_4_1_ from board boardlist0_ where boardlist0_.category_id=?
Hibernate: select user0_.user_id as user_id1_21_0_, user0_.character_id as characte7_21_0_, user0_.user_created_at as user_cre2_21_0_, user0_.user_name as user_nam3_21_0_, user0_.user_phone_number as user_pho4_21_0_, user0_.user_user_id as user_use5_21_0_, user0_.user_user_password as user_use6_21_0_ from user user0_ where user0_.user_id=?
Hibernate: select character0_.character_id as characte1_6_0_, character0_.character_character_name as characte2_6_0_ from characters character0_ where character0_.character_id=?
Hibernate: select count(*) as col_0_0_ from user user0_ where user0_.user_id=?
Hibernate: select character1_.character_id as characte1_6_, character1_.character_character_name as characte2_6_ from user user0_ inner join characters character1_ on user0_.character_id=character1_.character_id where user0_.user_id=?
Hibernate: select permission0_.character_id as characte6_12_0_, permission0_.permission_id as permissi1_12_0_, permission0_.permission_id as permissi1_12_1_, permission0_.character_id as characte6_12_1_, permission0_.permission_name as permissi2_12_1_, permission0_.permission_permission_unit_id as permissi3_12_1_, permission0_.permission_service as permissi4_12_1_, permission0_.permission_status as permissi5_12_1_ from permission permission0_ where permission0_.character_id=?
Hibernate: select count(*) as col_0_0_ from category category0_ where category0_.category_id=?
Hibernate: insert into filename (filename_id, filename_origin, filename_uuid) values (default, ?, ?)
Hibernate: insert into filename (filename_id, filename_origin, filename_uuid) values (default, ?, ?)
Hibernate: select category0_.category_id as category1_5_0_, category0_.category_name as category2_5_0_ from category category0_ where category0_.category_id=?
Hibernate: insert into board (board_id, category_id, board_content, board_created_at, board_last_modified_at, board_title, user_id, board_views) values (default, ?, ?, ?, ?, ?, ?, ?)
Hibernate: insert into reaction (reaction_id, board_id, reaction_type) values (default, ?, ?)
Hibernate: insert into reaction (reaction_id, board_id, reaction_type) values (default, ?, ?)
Hibernate: insert into reaction (reaction_id, board_id, reaction_type) values (default, ?, ?)
Hibernate: insert into reaction (reaction_id, board_id, reaction_type) values (default, ?, ?)
Hibernate: insert into reaction (reaction_id, board_id, reaction_type) values (default, ?, ?)
Hibernate: insert into reaction (reaction_id, board_id, reaction_type) values (default, ?, ?)
Hibernate: insert into file_path_list (board_board_id, board_file_path_list) values (?, ?)
Hibernate: insert into image_path_list (board_board_id, board_image_path_list) values (?, ?)
Hibernate: select user0_.user_id as user_id1_21_0_, user0_.character_id as characte7_21_0_, user0_.user_created_at as user_cre2_21_0_, user0_.user_name as user_nam3_21_0_, user0_.user_phone_number as user_pho4_21_0_, user0_.user_user_id as user_use5_21_0_, user0_.user_user_password as user_use6_21_0_ from user user0_ where user0_.user_id=?
Hibernate: select character0_.character_id as characte1_6_0_, character0_.character_character_name as characte2_6_0_ from characters character0_ where character0_.character_id=?
Hibernate: select count(*) as col_0_0_ from board board0_
Hibernate: select board0_.board_id as board_id1_4_, board0_.category_id as category7_4_, board0_.board_content as board_co2_4_, board0_.board_created_at as board_cr3_4_, board0_.board_last_modified_at as board_la4_4_, board0_.board_title as board_ti5_4_, board0_.user_id as user_id8_4_, board0_.board_views as board_vi6_4_ from board board0_ limit ?
Hibernate: select category0_.category_id as category1_5_0_, category0_.category_name as category2_5_0_ from category category0_ where category0_.category_id=?
Hibernate: select reactionli0_.board_id as board_id3_13_0_, reactionli0_.reaction_id as reaction1_13_0_, reactionli0_.reaction_id as reaction1_13_1_, reactionli0_.board_id as board_id3_13_1_, reactionli0_.reaction_type as reaction2_13_1_ from reaction reactionli0_ where reactionli0_.board_id=?
Hibernate: select reactionus0_.reaction_id as reaction2_14_0_, reactionus0_.reaction_user_id as reaction1_14_0_, reactionus0_.reaction_user_id as reaction1_14_1_, reactionus0_.reaction_id as reaction2_14_1_, reactionus0_.user_id as user_id3_14_1_ from reaction_user reactionus0_ where reactionus0_.reaction_id=?
Hibernate: select reactionus0_.reaction_id as reaction2_14_0_, reactionus0_.reaction_user_id as reaction1_14_0_, reactionus0_.reaction_user_id as reaction1_14_1_, reactionus0_.reaction_id as reaction2_14_1_, reactionus0_.user_id as user_id3_14_1_ from reaction_user reactionus0_ where reactionus0_.reaction_id=?
Hibernate: select reactionus0_.reaction_id as reaction2_14_0_, reactionus0_.reaction_user_id as reaction1_14_0_, reactionus0_.reaction_user_id as reaction1_14_1_, reactionus0_.reaction_id as reaction2_14_1_, reactionus0_.user_id as user_id3_14_1_ from reaction_user reactionus0_ where reactionus0_.reaction_id=?
Hibernate: select reactionus0_.reaction_id as reaction2_14_0_, reactionus0_.reaction_user_id as reaction1_14_0_, reactionus0_.reaction_user_id as reaction1_14_1_, reactionus0_.reaction_id as reaction2_14_1_, reactionus0_.user_id as user_id3_14_1_ from reaction_user reactionus0_ where reactionus0_.reaction_id=?
Hibernate: select reactionus0_.reaction_id as reaction2_14_0_, reactionus0_.reaction_user_id as reaction1_14_0_, reactionus0_.reaction_user_id as reaction1_14_1_, reactionus0_.reaction_id as reaction2_14_1_, reactionus0_.user_id as user_id3_14_1_ from reaction_user reactionus0_ where reactionus0_.reaction_id=?
Hibernate: select reactionus0_.reaction_id as reaction2_14_0_, reactionus0_.reaction_user_id as reaction1_14_0_, reactionus0_.reaction_user_id as reaction1_14_1_, reactionus0_.reaction_id as reaction2_14_1_, reactionus0_.user_id as user_id3_14_1_ from reaction_user reactionus0_ where reactionus0_.reaction_id=?
Hibernate: select commentlis0_.board_id as board_id5_7_0_, commentlis0_.comment_id as comment_1_7_0_, commentlis0_.comment_id as comment_1_7_1_, commentlis0_.board_id as board_id5_7_1_, commentlis0_.comment_content as comment_2_7_1_, commentlis0_.comment_created_at as comment_3_7_1_, commentlis0_.comment_last_modified_at as comment_4_7_1_, commentlis0_.user_id as user_id6_7_1_ from comment commentlis0_ where commentlis0_.board_id=?
Hibernate: select boardlist0_.category_id as category7_4_0_, boardlist0_.board_id as board_id1_4_0_, boardlist0_.board_id as board_id1_4_1_, boardlist0_.category_id as category7_4_1_, boardlist0_.board_content as board_co2_4_1_, boardlist0_.board_created_at as board_cr3_4_1_, boardlist0_.board_last_modified_at as board_la4_4_1_, boardlist0_.board_title as board_ti5_4_1_, boardlist0_.user_id as user_id8_4_1_, boardlist0_.board_views as board_vi6_4_1_ from board boardlist0_ where boardlist0_.category_id=?
Hibernate: select count(comment0_.comment_id) as col_0_0_ from comment comment0_ where comment0_.board_id=?
Hibernate: select count(*) as col_0_0_ from board board0_
Hibernate: select imagepathl0_.board_board_id as board_bo1_11_0_, imagepathl0_.board_image_path_list as board_im2_11_0_ from image_path_list imagepathl0_ where imagepathl0_.board_board_id=?
Hibernate: select filename0_.filename_id as filename1_9_, filename0_.filename_origin as filename2_9_, filename0_.filename_uuid as filename3_9_ from filename filename0_ where filename0_.filename_uuid=?
Hibernate: select filepathli0_.board_board_id as board_bo1_8_0_, filepathli0_.board_file_path_list as board_fi2_8_0_ from file_path_list filepathli0_ where filepathli0_.board_board_id=?
Hibernate: select filename0_.filename_id as filename1_9_, filename0_.filename_origin as filename2_9_, filename0_.filename_uuid as filename3_9_ from filename filename0_ where filename0_.filename_uuid=?
Hibernate: select user0_.user_id as user_id1_21_0_, user0_.character_id as characte7_21_0_, user0_.user_created_at as user_cre2_21_0_, user0_.user_name as user_nam3_21_0_, user0_.user_phone_number as user_pho4_21_0_, user0_.user_user_id as user_use5_21_0_, user0_.user_user_password as user_use6_21_0_ from user user0_ where user0_.user_id=?
Hibernate: select character0_.character_id as characte1_6_0_, character0_.character_character_name as characte2_6_0_ from characters character0_ where character0_.character_id=?
Hibernate: select count(*) as col_0_0_ from user user0_ where user0_.user_id=?
Hibernate: select character1_.character_id as characte1_6_, character1_.character_character_name as characte2_6_ from user user0_ inner join characters character1_ on user0_.character_id=character1_.character_id where user0_.user_id=?
Hibernate: select permission0_.character_id as characte6_12_0_, permission0_.permission_id as permissi1_12_0_, permission0_.permission_id as permissi1_12_1_, permission0_.character_id as characte6_12_1_, permission0_.permission_name as permissi2_12_1_, permission0_.permission_permission_unit_id as permissi3_12_1_, permission0_.permission_service as permissi4_12_1_, permission0_.permission_status as permissi5_12_1_ from permission permission0_ where permission0_.character_id=?
Hibernate: select user0_.user_id as col_0_0_ from user user0_ where user0_.user_user_id=? limit ?
Hibernate: select user0_.user_id as col_0_0_ from user user0_ where user0_.user_user_id=? limit ?
Hibernate: select U.* from USER U where U.USER_USER_ID =?
Hibernate: select character0_.character_id as characte1_6_0_, character0_.character_character_name as characte2_6_0_ from characters character0_ where character0_.character_id=?
Hibernate: select user0_.user_id as user_id1_21_0_, user0_.character_id as characte7_21_0_, user0_.user_created_at as user_cre2_21_0_, user0_.user_name as user_nam3_21_0_, user0_.user_phone_number as user_pho4_21_0_, user0_.user_user_id as user_use5_21_0_, user0_.user_user_password as user_use6_21_0_ from user user0_ where user0_.user_id=?
Hibernate: select character0_.character_id as characte1_6_0_, character0_.character_character_name as characte2_6_0_ from characters character0_ where character0_.character_id=?
Hibernate: select count(*) as col_0_0_ from board board0_
Hibernate: select board0_.board_id as board_id1_4_, board0_.category_id as category7_4_, board0_.board_content as board_co2_4_, board0_.board_created_at as board_cr3_4_, board0_.board_last_modified_at as board_la4_4_, board0_.board_title as board_ti5_4_, board0_.user_id as user_id8_4_, board0_.board_views as board_vi6_4_ from board board0_ limit ?
Hibernate: select category0_.category_id as category1_5_0_, category0_.category_name as category2_5_0_ from category category0_ where category0_.category_id=?
Hibernate: select reactionli0_.board_id as board_id3_13_0_, reactionli0_.reaction_id as reaction1_13_0_, reactionli0_.reaction_id as reaction1_13_1_, reactionli0_.board_id as board_id3_13_1_, reactionli0_.reaction_type as reaction2_13_1_ from reaction reactionli0_ where reactionli0_.board_id=?
Hibernate: select reactionus0_.reaction_id as reaction2_14_0_, reactionus0_.reaction_user_id as reaction1_14_0_, reactionus0_.reaction_user_id as reaction1_14_1_, reactionus0_.reaction_id as reaction2_14_1_, reactionus0_.user_id as user_id3_14_1_ from reaction_user reactionus0_ where reactionus0_.reaction_id=?
Hibernate: select reactionus0_.reaction_id as reaction2_14_0_, reactionus0_.reaction_user_id as reaction1_14_0_, reactionus0_.reaction_user_id as reaction1_14_1_, reactionus0_.reaction_id as reaction2_14_1_, reactionus0_.user_id as user_id3_14_1_ from reaction_user reactionus0_ where reactionus0_.reaction_id=?
Hibernate: select reactionus0_.reaction_id as reaction2_14_0_, reactionus0_.reaction_user_id as reaction1_14_0_, reactionus0_.reaction_user_id as reaction1_14_1_, reactionus0_.reaction_id as reaction2_14_1_, reactionus0_.user_id as user_id3_14_1_ from reaction_user reactionus0_ where reactionus0_.reaction_id=?
Hibernate: select reactionus0_.reaction_id as reaction2_14_0_, reactionus0_.reaction_user_id as reaction1_14_0_, reactionus0_.reaction_user_id as reaction1_14_1_, reactionus0_.reaction_id as reaction2_14_1_, reactionus0_.user_id as user_id3_14_1_ from reaction_user reactionus0_ where reactionus0_.reaction_id=?
Hibernate: select reactionus0_.reaction_id as reaction2_14_0_, reactionus0_.reaction_user_id as reaction1_14_0_, reactionus0_.reaction_user_id as reaction1_14_1_, reactionus0_.reaction_id as reaction2_14_1_, reactionus0_.user_id as user_id3_14_1_ from reaction_user reactionus0_ where reactionus0_.reaction_id=?
Hibernate: select reactionus0_.reaction_id as reaction2_14_0_, reactionus0_.reaction_user_id as reaction1_14_0_, reactionus0_.reaction_user_id as reaction1_14_1_, reactionus0_.reaction_id as reaction2_14_1_, reactionus0_.user_id as user_id3_14_1_ from reaction_user reactionus0_ where reactionus0_.reaction_id=?
Hibernate: select commentlis0_.board_id as board_id5_7_0_, commentlis0_.comment_id as comment_1_7_0_, commentlis0_.comment_id as comment_1_7_1_, commentlis0_.board_id as board_id5_7_1_, commentlis0_.comment_content as comment_2_7_1_, commentlis0_.comment_created_at as comment_3_7_1_, commentlis0_.comment_last_modified_at as comment_4_7_1_, commentlis0_.user_id as user_id6_7_1_ from comment commentlis0_ where commentlis0_.board_id=?
Hibernate: select boardlist0_.category_id as category7_4_0_, boardlist0_.board_id as board_id1_4_0_, boardlist0_.board_id as board_id1_4_1_, boardlist0_.category_id as category7_4_1_, boardlist0_.board_content as board_co2_4_1_, boardlist0_.board_created_at as board_cr3_4_1_, boardlist0_.board_last_modified_at as board_la4_4_1_, boardlist0_.board_title as board_ti5_4_1_, boardlist0_.user_id as user_id8_4_1_, boardlist0_.board_views as board_vi6_4_1_ from board boardlist0_ where boardlist0_.category_id=?
Hibernate: select count(comment0_.comment_id) as col_0_0_ from comment comment0_ where comment0_.board_id=?
Hibernate: select count(*) as col_0_0_ from board board0_
Hibernate: select imagepathl0_.board_board_id as board_bo1_11_0_, imagepathl0_.board_image_path_list as board_im2_11_0_ from image_path_list imagepathl0_ where imagepathl0_.board_board_id=?
Hibernate: select filename0_.filename_id as filename1_9_, filename0_.filename_origin as filename2_9_, filename0_.filename_uuid as filename3_9_ from filename filename0_ where filename0_.filename_uuid=?
Hibernate: select filepathli0_.board_board_id as board_bo1_8_0_, filepathli0_.board_file_path_list as board_fi2_8_0_ from file_path_list filepathli0_ where filepathli0_.board_board_id=?
Hibernate: select filename0_.filename_id as filename1_9_, filename0_.filename_origin as filename2_9_, filename0_.filename_uuid as filename3_9_ from filename filename0_ where filename0_.filename_uuid=?
Hibernate: select U.* from USER U join BOARD B where U.USER_ID = B.USER_ID and B.BOARD_ID = ?
Hibernate: select character0_.character_id as characte1_6_0_, character0_.character_character_name as characte2_6_0_ from characters character0_ where character0_.character_id=?
Hibernate: select count(*) as col_0_0_ from user user0_ where user0_.user_id=?
Hibernate: select character1_.character_id as characte1_6_, character1_.character_character_name as characte2_6_ from user user0_ inner join characters character1_ on user0_.character_id=character1_.character_id where user0_.user_id=?
Hibernate: select permission0_.character_id as characte6_12_0_, permission0_.permission_id as permissi1_12_0_, permission0_.permission_id as permissi1_12_1_, permission0_.character_id as characte6_12_1_, permission0_.permission_name as permissi2_12_1_, permission0_.permission_permission_unit_id as permissi3_12_1_, permission0_.permission_service as permissi4_12_1_, permission0_.permission_status as permissi5_12_1_ from permission permission0_ where permission0_.character_id=?
Hibernate: select count(*) as col_0_0_ from board board0_ where board0_.board_id=?
Hibernate: select board0_.board_id as board_id1_4_0_, board0_.category_id as category7_4_0_, board0_.board_content as board_co2_4_0_, board0_.board_created_at as board_cr3_4_0_, board0_.board_last_modified_at as board_la4_4_0_, board0_.board_title as board_ti5_4_0_, board0_.user_id as user_id8_4_0_, board0_.board_views as board_vi6_4_0_ from board board0_ where board0_.board_id=?
Hibernate: select category0_.category_id as category1_5_0_, category0_.category_name as category2_5_0_ from category category0_ where category0_.category_id=?
Hibernate: select reactionli0_.board_id as board_id3_13_0_, reactionli0_.reaction_id as reaction1_13_0_, reactionli0_.reaction_id as reaction1_13_1_, reactionli0_.board_id as board_id3_13_1_, reactionli0_.reaction_type as reaction2_13_1_ from reaction reactionli0_ where reactionli0_.board_id=?
Hibernate: select reactionus0_.reaction_id as reaction2_14_0_, reactionus0_.reaction_user_id as reaction1_14_0_, reactionus0_.reaction_user_id as reaction1_14_1_, reactionus0_.reaction_id as reaction2_14_1_, reactionus0_.user_id as user_id3_14_1_ from reaction_user reactionus0_ where reactionus0_.reaction_id=?
Hibernate: select reactionus0_.reaction_id as reaction2_14_0_, reactionus0_.reaction_user_id as reaction1_14_0_, reactionus0_.reaction_user_id as reaction1_14_1_, reactionus0_.reaction_id as reaction2_14_1_, reactionus0_.user_id as user_id3_14_1_ from reaction_user reactionus0_ where reactionus0_.reaction_id=?
Hibernate: select reactionus0_.reaction_id as reaction2_14_0_, reactionus0_.reaction_user_id as reaction1_14_0_, reactionus0_.reaction_user_id as reaction1_14_1_, reactionus0_.reaction_id as reaction2_14_1_, reactionus0_.user_id as user_id3_14_1_ from reaction_user reactionus0_ where reactionus0_.reaction_id=?
Hibernate: select reactionus0_.reaction_id as reaction2_14_0_, reactionus0_.reaction_user_id as reaction1_14_0_, reactionus0_.reaction_user_id as reaction1_14_1_, reactionus0_.reaction_id as reaction2_14_1_, reactionus0_.user_id as user_id3_14_1_ from reaction_user reactionus0_ where reactionus0_.reaction_id=?
Hibernate: select reactionus0_.reaction_id as reaction2_14_0_, reactionus0_.reaction_user_id as reaction1_14_0_, reactionus0_.reaction_user_id as reaction1_14_1_, reactionus0_.reaction_id as reaction2_14_1_, reactionus0_.user_id as user_id3_14_1_ from reaction_user reactionus0_ where reactionus0_.reaction_id=?
Hibernate: select reactionus0_.reaction_id as reaction2_14_0_, reactionus0_.reaction_user_id as reaction1_14_0_, reactionus0_.reaction_user_id as reaction1_14_1_, reactionus0_.reaction_id as reaction2_14_1_, reactionus0_.user_id as user_id3_14_1_ from reaction_user reactionus0_ where reactionus0_.reaction_id=?
Hibernate: select commentlis0_.board_id as board_id5_7_0_, commentlis0_.comment_id as comment_1_7_0_, commentlis0_.comment_id as comment_1_7_1_, commentlis0_.board_id as board_id5_7_1_, commentlis0_.comment_content as comment_2_7_1_, commentlis0_.comment_created_at as comment_3_7_1_, commentlis0_.comment_last_modified_at as comment_4_7_1_, commentlis0_.user_id as user_id6_7_1_ from comment commentlis0_ where commentlis0_.board_id=?
Hibernate: select boardlist0_.category_id as category7_4_0_, boardlist0_.board_id as board_id1_4_0_, boardlist0_.board_id as board_id1_4_1_, boardlist0_.category_id as category7_4_1_, boardlist0_.board_content as board_co2_4_1_, boardlist0_.board_created_at as board_cr3_4_1_, boardlist0_.board_last_modified_at as board_la4_4_1_, boardlist0_.board_title as board_ti5_4_1_, boardlist0_.user_id as user_id8_4_1_, boardlist0_.board_views as board_vi6_4_1_ from board boardlist0_ where boardlist0_.category_id=?
Hibernate: select count(comment0_.comment_id) as col_0_0_ from comment comment0_ where comment0_.board_id=?
Hibernate: update board set category_id=?, board_content=?, board_created_at=?, board_last_modified_at=?, board_title=?, user_id=?, board_views=? where board_id=?
Hibernate: select filepathli0_.board_board_id as board_bo1_8_0_, filepathli0_.board_file_path_list as board_fi2_8_0_ from file_path_list filepathli0_ where filepathli0_.board_board_id=?
Hibernate: select filename0_.filename_id as filename1_9_, filename0_.filename_origin as filename2_9_, filename0_.filename_uuid as filename3_9_ from filename filename0_ where filename0_.filename_uuid=?
Hibernate: delete from filename where filename_id=?
Hibernate: select imagepathl0_.board_board_id as board_bo1_11_0_, imagepathl0_.board_image_path_list as board_im2_11_0_ from image_path_list imagepathl0_ where imagepathl0_.board_board_id=?
Hibernate: select filename0_.filename_id as filename1_9_, filename0_.filename_origin as filename2_9_, filename0_.filename_uuid as filename3_9_ from filename filename0_ where filename0_.filename_uuid=?
Hibernate: delete from filename where filename_id=?
Hibernate: select count(*) as col_0_0_ from board board0_ where board0_.board_id=?
Hibernate: delete from file_path_list where board_board_id=?
Hibernate: delete from image_path_list where board_board_id=?
Hibernate: delete from reaction where reaction_id=?
Hibernate: delete from reaction where reaction_id=?
Hibernate: delete from reaction where reaction_id=?
Hibernate: delete from reaction where reaction_id=?
Hibernate: delete from reaction where reaction_id=?
Hibernate: delete from reaction where reaction_id=?
Hibernate: delete from board where board_id=?
Hibernate: select user0_.user_id as user_id1_21_0_, user0_.character_id as characte7_21_0_, user0_.user_created_at as user_cre2_21_0_, user0_.user_name as user_nam3_21_0_, user0_.user_phone_number as user_pho4_21_0_, user0_.user_user_id as user_use5_21_0_, user0_.user_user_password as user_use6_21_0_ from user user0_ where user0_.user_id=?
Hibernate: select character0_.character_id as characte1_6_0_, character0_.character_character_name as characte2_6_0_ from characters character0_ where character0_.character_id=?
Hibernate: select count(*) as col_0_0_ from user user0_ where user0_.user_id=?
Hibernate: select character1_.character_id as characte1_6_, character1_.character_character_name as characte2_6_ from user user0_ inner join characters character1_ on user0_.character_id=character1_.character_id where user0_.user_id=?
Hibernate: select permission0_.character_id as characte6_12_0_, permission0_.permission_id as permissi1_12_0_, permission0_.permission_id as permissi1_12_1_, permission0_.character_id as characte6_12_1_, permission0_.permission_name as permissi2_12_1_, permission0_.permission_permission_unit_id as permissi3_12_1_, permission0_.permission_service as permissi4_12_1_, permission0_.permission_status as permissi5_12_1_ from permission permission0_ where permission0_.character_id=?
Hibernate: select count(*) as col_0_0_ from board board0_ where board0_.board_id=?
Hibernate: select user0_.user_id as col_0_0_ from user user0_ where user0_.user_user_id=? limit ?
Hibernate: select user0_.user_id as col_0_0_ from user user0_ where user0_.user_user_id=? limit ?
Hibernate: select U.* from USER U where U.USER_USER_ID =?
Hibernate: select character0_.character_id as characte1_6_0_, character0_.character_character_name as characte2_6_0_ from characters character0_ where character0_.character_id=?
Hibernate: select user0_.user_id as user_id1_21_0_, user0_.character_id as characte7_21_0_, user0_.user_created_at as user_cre2_21_0_, user0_.user_name as user_nam3_21_0_, user0_.user_phone_number as user_pho4_21_0_, user0_.user_user_id as user_use5_21_0_, user0_.user_user_password as user_use6_21_0_ from user user0_ where user0_.user_id=?
Hibernate: select character0_.character_id as characte1_6_0_, character0_.character_character_name as characte2_6_0_ from characters character0_ where character0_.character_id=?
Hibernate: select category0_.category_id as category1_5_, category0_.category_name as category2_5_ from category category0_
Hibernate: select boardlist0_.category_id as category7_4_0_, boardlist0_.board_id as board_id1_4_0_, boardlist0_.board_id as board_id1_4_1_, boardlist0_.category_id as category7_4_1_, boardlist0_.board_content as board_co2_4_1_, boardlist0_.board_created_at as board_cr3_4_1_, boardlist0_.board_last_modified_at as board_la4_4_1_, boardlist0_.board_title as board_ti5_4_1_, boardlist0_.user_id as user_id8_4_1_, boardlist0_.board_views as board_vi6_4_1_ from board boardlist0_ where boardlist0_.category_id=?
Hibernate: select boardlist0_.category_id as category7_4_0_, boardlist0_.board_id as board_id1_4_0_, boardlist0_.board_id as board_id1_4_1_, boardlist0_.category_id as category7_4_1_, boardlist0_.board_content as board_co2_4_1_, boardlist0_.board_created_at as board_cr3_4_1_, boardlist0_.board_last_modified_at as board_la4_4_1_, boardlist0_.board_title as board_ti5_4_1_, boardlist0_.user_id as user_id8_4_1_, boardlist0_.board_views as board_vi6_4_1_ from board boardlist0_ where boardlist0_.category_id=?
Hibernate: select boardlist0_.category_id as category7_4_0_, boardlist0_.board_id as board_id1_4_0_, boardlist0_.board_id as board_id1_4_1_, boardlist0_.category_id as category7_4_1_, boardlist0_.board_content as board_co2_4_1_, boardlist0_.board_created_at as board_cr3_4_1_, boardlist0_.board_last_modified_at as board_la4_4_1_, boardlist0_.board_title as board_ti5_4_1_, boardlist0_.user_id as user_id8_4_1_, boardlist0_.board_views as board_vi6_4_1_ from board boardlist0_ where boardlist0_.category_id=?
Hibernate: select user0_.user_id as user_id1_21_0_, user0_.character_id as characte7_21_0_, user0_.user_created_at as user_cre2_21_0_, user0_.user_name as user_nam3_21_0_, user0_.user_phone_number as user_pho4_21_0_, user0_.user_user_id as user_use5_21_0_, user0_.user_user_password as user_use6_21_0_ from user user0_ where user0_.user_id=?
Hibernate: select character0_.character_id as characte1_6_0_, character0_.character_character_name as characte2_6_0_ from characters character0_ where character0_.character_id=?
Hibernate: select count(*) as col_0_0_ from user user0_ where user0_.user_id=?
Hibernate: select character1_.character_id as characte1_6_, character1_.character_character_name as characte2_6_ from user user0_ inner join characters character1_ on user0_.character_id=character1_.character_id where user0_.user_id=?
Hibernate: select permission0_.character_id as characte6_12_0_, permission0_.permission_id as permissi1_12_0_, permission0_.permission_id as permissi1_12_1_, permission0_.character_id as characte6_12_1_, permission0_.permission_name as permissi2_12_1_, permission0_.permission_permission_unit_id as permissi3_12_1_, permission0_.permission_service as permissi4_12_1_, permission0_.permission_status as permissi5_12_1_ from permission permission0_ where permission0_.character_id=?
Hibernate: select count(*) as col_0_0_ from category category0_ where category0_.category_id=?
Hibernate: select count(board0_.board_id) as col_0_0_ from board board0_ where board0_.category_id=?
Hibernate: select category0_.category_id as category1_5_0_, category0_.category_name as category2_5_0_ from category category0_ where category0_.category_id=?
Hibernate: select boardlist0_.category_id as category7_4_0_, boardlist0_.board_id as board_id1_4_0_, boardlist0_.board_id as board_id1_4_1_, boardlist0_.category_id as category7_4_1_, boardlist0_.board_content as board_co2_4_1_, boardlist0_.board_created_at as board_cr3_4_1_, boardlist0_.board_last_modified_at as board_la4_4_1_, boardlist0_.board_title as board_ti5_4_1_, boardlist0_.user_id as user_id8_4_1_, boardlist0_.board_views as board_vi6_4_1_ from board boardlist0_ where boardlist0_.category_id=?
Hibernate: delete from category where category_id=?
Hibernate: select user0_.user_id as user_id1_21_0_, user0_.character_id as characte7_21_0_, user0_.user_created_at as user_cre2_21_0_, user0_.user_name as user_nam3_21_0_, user0_.user_phone_number as user_pho4_21_0_, user0_.user_user_id as user_use5_21_0_, user0_.user_user_password as user_use6_21_0_ from user user0_ where user0_.user_id=?
Hibernate: select character0_.character_id as characte1_6_0_, character0_.character_character_name as characte2_6_0_ from characters character0_ where character0_.character_id=?
Hibernate: select count(*) as col_0_0_ from user user0_ where user0_.user_id=?
Hibernate: select character1_.character_id as characte1_6_, character1_.character_character_name as characte2_6_ from user user0_ inner join characters character1_ on user0_.character_id=character1_.character_id where user0_.user_id=?
Hibernate: select permission0_.character_id as characte6_12_0_, permission0_.permission_id as permissi1_12_0_, permission0_.permission_id as permissi1_12_1_, permission0_.character_id as characte6_12_1_, permission0_.permission_name as permissi2_12_1_, permission0_.permission_permission_unit_id as permissi3_12_1_, permission0_.permission_service as permissi4_12_1_, permission0_.permission_status as permissi5_12_1_ from permission permission0_ where permission0_.character_id=?
Hibernate: select count(*) as col_0_0_ from category category0_ where category0_.category_id=?
Hibernate: select count(board0_.board_id) as col_0_0_ from board board0_ where board0_.category_id=?
Hibernate: select category0_.category_id as category1_5_0_, category0_.category_name as category2_5_0_ from category category0_ where category0_.category_id=?
Hibernate: select boardlist0_.category_id as category7_4_0_, boardlist0_.board_id as board_id1_4_0_, boardlist0_.board_id as board_id1_4_1_, boardlist0_.category_id as category7_4_1_, boardlist0_.board_content as board_co2_4_1_, boardlist0_.board_created_at as board_cr3_4_1_, boardlist0_.board_last_modified_at as board_la4_4_1_, boardlist0_.board_title as board_ti5_4_1_, boardlist0_.user_id as user_id8_4_1_, boardlist0_.board_views as board_vi6_4_1_ from board boardlist0_ where boardlist0_.category_id=?
Hibernate: delete from category where category_id=?
Hibernate: select user0_.user_id as user_id1_21_0_, user0_.character_id as characte7_21_0_, user0_.user_created_at as user_cre2_21_0_, user0_.user_name as user_nam3_21_0_, user0_.user_phone_number as user_pho4_21_0_, user0_.user_user_id as user_use5_21_0_, user0_.user_user_password as user_use6_21_0_ from user user0_ where user0_.user_id=?
Hibernate: select character0_.character_id as characte1_6_0_, character0_.character_character_name as characte2_6_0_ from characters character0_ where character0_.character_id=?
Hibernate: select count(*) as col_0_0_ from user user0_ where user0_.user_id=?
Hibernate: select character1_.character_id as characte1_6_, character1_.character_character_name as characte2_6_ from user user0_ inner join characters character1_ on user0_.character_id=character1_.character_id where user0_.user_id=?
Hibernate: select permission0_.character_id as characte6_12_0_, permission0_.permission_id as permissi1_12_0_, permission0_.permission_id as permissi1_12_1_, permission0_.character_id as characte6_12_1_, permission0_.permission_name as permissi2_12_1_, permission0_.permission_permission_unit_id as permissi3_12_1_, permission0_.permission_service as permissi4_12_1_, permission0_.permission_status as permissi5_12_1_ from permission permission0_ where permission0_.character_id=?
Hibernate: select count(*) as col_0_0_ from category category0_ where category0_.category_id=?
Hibernate: select count(board0_.board_id) as col_0_0_ from board board0_ where board0_.category_id=?
Hibernate: select category0_.category_id as category1_5_0_, category0_.category_name as category2_5_0_ from category category0_ where category0_.category_id=?
Hibernate: select boardlist0_.category_id as category7_4_0_, boardlist0_.board_id as board_id1_4_0_, boardlist0_.board_id as board_id1_4_1_, boardlist0_.category_id as category7_4_1_, boardlist0_.board_content as board_co2_4_1_, boardlist0_.board_created_at as board_cr3_4_1_, boardlist0_.board_last_modified_at as board_la4_4_1_, boardlist0_.board_title as board_ti5_4_1_, boardlist0_.user_id as user_id8_4_1_, boardlist0_.board_views as board_vi6_4_1_ from board boardlist0_ where boardlist0_.category_id=?
Hibernate: delete from category where category_id=?
Hibernate: select user0_.user_id as user_id1_21_0_, user0_.character_id as characte7_21_0_, user0_.user_created_at as user_cre2_21_0_, user0_.user_name as user_nam3_21_0_, user0_.user_phone_number as user_pho4_21_0_, user0_.user_user_id as user_use5_21_0_, user0_.user_user_password as user_use6_21_0_ from user user0_ where user0_.user_id=?
Hibernate: select character0_.character_id as characte1_6_0_, character0_.character_character_name as characte2_6_0_ from characters character0_ where character0_.character_id=?
Hibernate: select count(*) as col_0_0_ from user user0_ where user0_.user_id=?
Hibernate: select character1_.character_id as characte1_6_, character1_.character_character_name as characte2_6_ from user user0_ inner join characters character1_ on user0_.character_id=character1_.character_id where user0_.user_id=?
Hibernate: select permission0_.character_id as characte6_12_0_, permission0_.permission_id as permissi1_12_0_, permission0_.permission_id as permissi1_12_1_, permission0_.character_id as characte6_12_1_, permission0_.permission_name as permissi2_12_1_, permission0_.permission_permission_unit_id as permissi3_12_1_, permission0_.permission_service as permissi4_12_1_, permission0_.permission_status as permissi5_12_1_ from permission permission0_ where permission0_.character_id=?
Hibernate: select category0_.category_id as col_0_0_ from category category0_ where category0_.category_name=? limit ?
Hibernate: select category0_.category_id as category1_5_1_, category0_.category_name as category2_5_1_, boardlist1_.category_id as category7_4_3_, boardlist1_.board_id as board_id1_4_3_, boardlist1_.board_id as board_id1_4_0_, boardlist1_.category_id as category7_4_0_, boardlist1_.board_content as board_co2_4_0_, boardlist1_.board_created_at as board_cr3_4_0_, boardlist1_.board_last_modified_at as board_la4_4_0_, boardlist1_.board_title as board_ti5_4_0_, boardlist1_.user_id as user_id8_4_0_, boardlist1_.board_views as board_vi6_4_0_ from category category0_ left outer join board boardlist1_ on category0_.category_id=boardlist1_.category_id where category0_.category_id=?
Hibernate: insert into category (category_id, category_name) values (default, ?)
Hibernate: select user0_.user_id as user_id1_21_0_, user0_.character_id as characte7_21_0_, user0_.user_created_at as user_cre2_21_0_, user0_.user_name as user_nam3_21_0_, user0_.user_phone_number as user_pho4_21_0_, user0_.user_user_id as user_use5_21_0_, user0_.user_user_password as user_use6_21_0_ from user user0_ where user0_.user_id=?
Hibernate: select character0_.character_id as characte1_6_0_, character0_.character_character_name as characte2_6_0_ from characters character0_ where character0_.character_id=?
Hibernate: select count(*) as col_0_0_ from user user0_ where user0_.user_id=?
Hibernate: select character1_.character_id as characte1_6_, character1_.character_character_name as characte2_6_ from user user0_ inner join characters character1_ on user0_.character_id=character1_.character_id where user0_.user_id=?
Hibernate: select permission0_.character_id as characte6_12_0_, permission0_.permission_id as permissi1_12_0_, permission0_.permission_id as permissi1_12_1_, permission0_.character_id as characte6_12_1_, permission0_.permission_name as permissi2_12_1_, permission0_.permission_permission_unit_id as permissi3_12_1_, permission0_.permission_service as permissi4_12_1_, permission0_.permission_status as permissi5_12_1_ from permission permission0_ where permission0_.character_id=?
Hibernate: select category0_.category_id as col_0_0_ from category category0_ where category0_.category_name=? limit ?
Hibernate: select category0_.category_id as category1_5_1_, category0_.category_name as category2_5_1_, boardlist1_.category_id as category7_4_3_, boardlist1_.board_id as board_id1_4_3_, boardlist1_.board_id as board_id1_4_0_, boardlist1_.category_id as category7_4_0_, boardlist1_.board_content as board_co2_4_0_, boardlist1_.board_created_at as board_cr3_4_0_, boardlist1_.board_last_modified_at as board_la4_4_0_, boardlist1_.board_title as board_ti5_4_0_, boardlist1_.user_id as user_id8_4_0_, boardlist1_.board_views as board_vi6_4_0_ from category category0_ left outer join board boardlist1_ on category0_.category_id=boardlist1_.category_id where category0_.category_id=?
Hibernate: insert into category (category_id, category_name) values (default, ?)
Hibernate: select user0_.user_id as col_0_0_ from user user0_ where user0_.user_user_id=? limit ?
Hibernate: select user0_.user_id as col_0_0_ from user user0_ where user0_.user_user_id=? limit ?
Hibernate: select U.* from USER U where U.USER_USER_ID =?
Hibernate: select character0_.character_id as characte1_6_0_, character0_.character_character_name as characte2_6_0_ from characters character0_ where character0_.character_id=?
Hibernate: select user0_.user_id as col_0_0_ from user user0_ where user0_.user_user_id=? limit ?
Hibernate: select user0_.user_id as user_id1_21_, user0_.character_id as characte7_21_, user0_.user_created_at as user_cre2_21_, user0_.user_name as user_nam3_21_, user0_.user_phone_number as user_pho4_21_, user0_.user_user_id as user_use5_21_, user0_.user_user_password as user_use6_21_ from user user0_ inner join characters character1_ on user0_.character_id=character1_.character_id where user0_.user_user_id=?
Hibernate: select character0_.character_id as characte1_6_0_, character0_.character_character_name as characte2_6_0_ from characters character0_ where character0_.character_id=?
Hibernate: select rewardtagw0_.user_id as user_id4_16_0_, rewardtagw0_.reward_tag_wrapper_reward_id as reward_t1_16_0_, rewardtagw0_.reward_tag_wrapper_reward_id as reward_t1_16_1_, rewardtagw0_.reward_tag_wrapper_reward_presented_at as reward_t2_16_1_, rewardtagw0_.reward_tag_reward_tag_id as reward_t3_16_1_, rewardtagw0_.user_id as user_id4_16_1_ from reward_tag_wrapper rewardtagw0_ where rewardtagw0_.user_id=?
Hibernate: select user0_.user_id as user_id1_21_0_, user0_.character_id as characte7_21_0_, user0_.user_created_at as user_cre2_21_0_, user0_.user_name as user_nam3_21_0_, user0_.user_phone_number as user_pho4_21_0_, user0_.user_user_id as user_use5_21_0_, user0_.user_user_password as user_use6_21_0_ from user user0_ where user0_.user_id=?
Hibernate: select character0_.character_id as characte1_6_0_, character0_.character_character_name as characte2_6_0_ from characters character0_ where character0_.character_id=?
Hibernate: select count(*) as col_0_0_ from user user0_ where user0_.user_id=?
Hibernate: select character1_.character_id as characte1_6_, character1_.character_character_name as characte2_6_ from user user0_ inner join characters character1_ on user0_.character_id=character1_.character_id where user0_.user_id=?
Hibernate: select permission0_.character_id as characte6_12_0_, permission0_.permission_id as permissi1_12_0_, permission0_.permission_id as permissi1_12_1_, permission0_.character_id as characte6_12_1_, permission0_.permission_name as permissi2_12_1_, permission0_.permission_permission_unit_id as permissi3_12_1_, permission0_.permission_service as permissi4_12_1_, permission0_.permission_status as permissi5_12_1_ from permission permission0_ where permission0_.character_id=?
Hibernate: select count(*) as col_0_0_ from user user0_ where user0_.user_id=?
Hibernate: select user0_.user_id as user_id1_21_, user0_.character_id as characte7_21_, user0_.user_created_at as user_cre2_21_, user0_.user_name as user_nam3_21_, user0_.user_phone_number as user_pho4_21_, user0_.user_user_id as user_use5_21_, user0_.user_user_password as user_use6_21_ from user user0_ where user0_.user_id=?
Hibernate: select character0_.character_id as characte1_6_0_, character0_.character_character_name as characte2_6_0_ from characters character0_ where character0_.character_id=?
Hibernate: select rewardtagw0_.user_id as user_id4_16_0_, rewardtagw0_.reward_tag_wrapper_reward_id as reward_t1_16_0_, rewardtagw0_.reward_tag_wrapper_reward_id as reward_t1_16_1_, rewardtagw0_.reward_tag_wrapper_reward_presented_at as reward_t2_16_1_, rewardtagw0_.reward_tag_reward_tag_id as reward_t3_16_1_, rewardtagw0_.user_id as user_id4_16_1_ from reward_tag_wrapper rewardtagw0_ where rewardtagw0_.user_id=?
Hibernate: select attendance0_.attendance_user_attendance_user_id as col_0_0_ from attendance_user attendance0_ where attendance0_.user_id=? limit ?
Hibernate: DELETE FROM USER WHERE USER_ID = ?
Hibernate: select user0_.user_id as col_0_0_ from user user0_ where user0_.user_user_id=? limit ?
Hibernate: select user0_.user_id as col_0_0_ from user user0_ where user0_.user_user_id=? limit ?
Hibernate: select U.* from USER U where U.USER_USER_ID =?
Hibernate: select character0_.character_id as characte1_6_0_, character0_.character_character_name as characte2_6_0_ from characters character0_ where character0_.character_id=?
Hibernate: select user0_.user_id as user_id1_21_0_, user0_.character_id as characte7_21_0_, user0_.user_created_at as user_cre2_21_0_, user0_.user_name as user_nam3_21_0_, user0_.user_phone_number as user_pho4_21_0_, user0_.user_user_id as user_use5_21_0_, user0_.user_user_password as user_use6_21_0_ from user user0_ where user0_.user_id=?
Hibernate: select character0_.character_id as characte1_6_0_, character0_.character_character_name as characte2_6_0_ from characters character0_ where character0_.character_id=?
Hibernate: select count(*) as col_0_0_ from board board0_
Hibernate: select count(*) as col_0_0_ from board board0_
Hibernate: select user0_.user_id as col_0_0_ from user user0_ where user0_.user_user_id=? limit ?
Hibernate: select user0_.user_id as col_0_0_ from user user0_ where user0_.user_user_id=? limit ?
Hibernate: select U.* from USER U where U.USER_USER_ID =?
Hibernate: select character0_.character_id as characte1_6_0_, character0_.character_character_name as characte2_6_0_ from characters character0_ where character0_.character_id=?
Hibernate: select user0_.user_id as user_id1_21_0_, user0_.character_id as characte7_21_0_, user0_.user_created_at as user_cre2_21_0_, user0_.user_name as user_nam3_21_0_, user0_.user_phone_number as user_pho4_21_0_, user0_.user_user_id as user_use5_21_0_, user0_.user_user_password as user_use6_21_0_ from user user0_ where user0_.user_id=?
Hibernate: select character0_.character_id as characte1_6_0_, character0_.character_character_name as characte2_6_0_ from characters character0_ where character0_.character_id=?
Hibernate: select category0_.category_id as category1_5_, category0_.category_name as category2_5_ from category category0_
Hibernate: select boardlist0_.category_id as category7_4_0_, boardlist0_.board_id as board_id1_4_0_, boardlist0_.board_id as board_id1_4_1_, boardlist0_.category_id as category7_4_1_, boardlist0_.board_content as board_co2_4_1_, boardlist0_.board_created_at as board_cr3_4_1_, boardlist0_.board_last_modified_at as board_la4_4_1_, boardlist0_.board_title as board_ti5_4_1_, boardlist0_.user_id as user_id8_4_1_, boardlist0_.board_views as board_vi6_4_1_ from board boardlist0_ where boardlist0_.category_id=?
Hibernate: select boardlist0_.category_id as category7_4_0_, boardlist0_.board_id as board_id1_4_0_, boardlist0_.board_id as board_id1_4_1_, boardlist0_.category_id as category7_4_1_, boardlist0_.board_content as board_co2_4_1_, boardlist0_.board_created_at as board_cr3_4_1_, boardlist0_.board_last_modified_at as board_la4_4_1_, boardlist0_.board_title as board_ti5_4_1_, boardlist0_.user_id as user_id8_4_1_, boardlist0_.board_views as board_vi6_4_1_ from board boardlist0_ where boardlist0_.category_id=?
Hibernate: select user0_.user_id as user_id1_21_0_, user0_.character_id as characte7_21_0_, user0_.user_created_at as user_cre2_21_0_, user0_.user_name as user_nam3_21_0_, user0_.user_phone_number as user_pho4_21_0_, user0_.user_user_id as user_use5_21_0_, user0_.user_user_password as user_use6_21_0_ from user user0_ where user0_.user_id=?
Hibernate: select character0_.character_id as characte1_6_0_, character0_.character_character_name as characte2_6_0_ from characters character0_ where character0_.character_id=?
Hibernate: select count(*) as col_0_0_ from user user0_ where user0_.user_id=?
Hibernate: select character1_.character_id as characte1_6_, character1_.character_character_name as characte2_6_ from user user0_ inner join characters character1_ on user0_.character_id=character1_.character_id where user0_.user_id=?
Hibernate: select permission0_.character_id as characte6_12_0_, permission0_.permission_id as permissi1_12_0_, permission0_.permission_id as permissi1_12_1_, permission0_.character_id as characte6_12_1_, permission0_.permission_name as permissi2_12_1_, permission0_.permission_permission_unit_id as permissi3_12_1_, permission0_.permission_service as permissi4_12_1_, permission0_.permission_status as permissi5_12_1_ from permission permission0_ where permission0_.character_id=?
Hibernate: select count(*) as col_0_0_ from category category0_ where category0_.category_id=?
Hibernate: select count(board0_.board_id) as col_0_0_ from board board0_ where board0_.category_id=?
Hibernate: select category0_.category_id as category1_5_0_, category0_.category_name as category2_5_0_ from category category0_ where category0_.category_id=?
Hibernate: select boardlist0_.category_id as category7_4_0_, boardlist0_.board_id as board_id1_4_0_, boardlist0_.board_id as board_id1_4_1_, boardlist0_.category_id as category7_4_1_, boardlist0_.board_content as board_co2_4_1_, boardlist0_.board_created_at as board_cr3_4_1_, boardlist0_.board_last_modified_at as board_la4_4_1_, boardlist0_.board_title as board_ti5_4_1_, boardlist0_.user_id as user_id8_4_1_, boardlist0_.board_views as board_vi6_4_1_ from board boardlist0_ where boardlist0_.category_id=?
Hibernate: delete from category where category_id=?
Hibernate: select user0_.user_id as user_id1_21_0_, user0_.character_id as characte7_21_0_, user0_.user_created_at as user_cre2_21_0_, user0_.user_name as user_nam3_21_0_, user0_.user_phone_number as user_pho4_21_0_, user0_.user_user_id as user_use5_21_0_, user0_.user_user_password as user_use6_21_0_ from user user0_ where user0_.user_id=?
Hibernate: select character0_.character_id as characte1_6_0_, character0_.character_character_name as characte2_6_0_ from characters character0_ where character0_.character_id=?
Hibernate: select count(*) as col_0_0_ from user user0_ where user0_.user_id=?
Hibernate: select character1_.character_id as characte1_6_, character1_.character_character_name as characte2_6_ from user user0_ inner join characters character1_ on user0_.character_id=character1_.character_id where user0_.user_id=?
Hibernate: select permission0_.character_id as characte6_12_0_, permission0_.permission_id as permissi1_12_0_, permission0_.permission_id as permissi1_12_1_, permission0_.character_id as characte6_12_1_, permission0_.permission_name as permissi2_12_1_, permission0_.permission_permission_unit_id as permissi3_12_1_, permission0_.permission_service as permissi4_12_1_, permission0_.permission_status as permissi5_12_1_ from permission permission0_ where permission0_.character_id=?
Hibernate: select count(*) as col_0_0_ from category category0_ where category0_.category_id=?
Hibernate: select count(board0_.board_id) as col_0_0_ from board board0_ where board0_.category_id=?
Hibernate: select category0_.category_id as category1_5_0_, category0_.category_name as category2_5_0_ from category category0_ where category0_.category_id=?
Hibernate: select boardlist0_.category_id as category7_4_0_, boardlist0_.board_id as board_id1_4_0_, boardlist0_.board_id as board_id1_4_1_, boardlist0_.category_id as category7_4_1_, boardlist0_.board_content as board_co2_4_1_, boardlist0_.board_created_at as board_cr3_4_1_, boardlist0_.board_last_modified_at as board_la4_4_1_, boardlist0_.board_title as board_ti5_4_1_, boardlist0_.user_id as user_id8_4_1_, boardlist0_.board_views as board_vi6_4_1_ from board boardlist0_ where boardlist0_.category_id=?
Hibernate: delete from category where category_id=?
Hibernate: select user0_.user_id as user_id1_21_0_, user0_.character_id as characte7_21_0_, user0_.user_created_at as user_cre2_21_0_, user0_.user_name as user_nam3_21_0_, user0_.user_phone_number as user_pho4_21_0_, user0_.user_user_id as user_use5_21_0_, user0_.user_user_password as user_use6_21_0_ from user user0_ where user0_.user_id=?
Hibernate: select character0_.character_id as characte1_6_0_, character0_.character_character_name as characte2_6_0_ from characters character0_ where character0_.character_id=?
Hibernate: select count(*) as col_0_0_ from user user0_ where user0_.user_id=?
Hibernate: select character1_.character_id as characte1_6_, character1_.character_character_name as characte2_6_ from user user0_ inner join characters character1_ on user0_.character_id=character1_.character_id where user0_.user_id=?
Hibernate: select permission0_.character_id as characte6_12_0_, permission0_.permission_id as permissi1_12_0_, permission0_.permission_id as permissi1_12_1_, permission0_.character_id as characte6_12_1_, permission0_.permission_name as permissi2_12_1_, permission0_.permission_permission_unit_id as permissi3_12_1_, permission0_.permission_service as permissi4_12_1_, permission0_.permission_status as permissi5_12_1_ from permission permission0_ where permission0_.character_id=?
Hibernate: select category0_.category_id as col_0_0_ from category category0_ where category0_.category_name=? limit ?
Hibernate: select category0_.category_id as category1_5_1_, category0_.category_name as category2_5_1_, boardlist1_.category_id as category7_4_3_, boardlist1_.board_id as board_id1_4_3_, boardlist1_.board_id as board_id1_4_0_, boardlist1_.category_id as category7_4_0_, boardlist1_.board_content as board_co2_4_0_, boardlist1_.board_created_at as board_cr3_4_0_, boardlist1_.board_last_modified_at as board_la4_4_0_, boardlist1_.board_title as board_ti5_4_0_, boardlist1_.user_id as user_id8_4_0_, boardlist1_.board_views as board_vi6_4_0_ from category category0_ left outer join board boardlist1_ on category0_.category_id=boardlist1_.category_id where category0_.category_id=?
Hibernate: insert into category (category_id, category_name) values (default, ?)
Hibernate: select user0_.user_id as user_id1_21_0_, user0_.character_id as characte7_21_0_, user0_.user_created_at as user_cre2_21_0_, user0_.user_name as user_nam3_21_0_, user0_.user_phone_number as user_pho4_21_0_, user0_.user_user_id as user_use5_21_0_, user0_.user_user_password as user_use6_21_0_ from user user0_ where user0_.user_id=?
Hibernate: select character0_.character_id as characte1_6_0_, character0_.character_character_name as characte2_6_0_ from characters character0_ where character0_.character_id=?
Hibernate: select count(*) as col_0_0_ from user user0_ where user0_.user_id=?
Hibernate: select character1_.character_id as characte1_6_, character1_.character_character_name as characte2_6_ from user user0_ inner join characters character1_ on user0_.character_id=character1_.character_id where user0_.user_id=?
Hibernate: select permission0_.character_id as characte6_12_0_, permission0_.permission_id as permissi1_12_0_, permission0_.permission_id as permissi1_12_1_, permission0_.character_id as characte6_12_1_, permission0_.permission_name as permissi2_12_1_, permission0_.permission_permission_unit_id as permissi3_12_1_, permission0_.permission_service as permissi4_12_1_, permission0_.permission_status as permissi5_12_1_ from permission permission0_ where permission0_.character_id=?
Hibernate: select category0_.category_id as col_0_0_ from category category0_ where category0_.category_name=? limit ?
Hibernate: select category0_.category_id as category1_5_1_, category0_.category_name as category2_5_1_, boardlist1_.category_id as category7_4_3_, boardlist1_.board_id as board_id1_4_3_, boardlist1_.board_id as board_id1_4_0_, boardlist1_.category_id as category7_4_0_, boardlist1_.board_content as board_co2_4_0_, boardlist1_.board_created_at as board_cr3_4_0_, boardlist1_.board_last_modified_at as board_la4_4_0_, boardlist1_.board_title as board_ti5_4_0_, boardlist1_.user_id as user_id8_4_0_, boardlist1_.board_views as board_vi6_4_0_ from category category0_ left outer join board boardlist1_ on category0_.category_id=boardlist1_.category_id where category0_.category_id=?
Hibernate: insert into category (category_id, category_name) values (default, ?)
Hibernate: select user0_.user_id as col_0_0_ from user user0_ where user0_.user_user_id=? limit ?
Hibernate: select user0_.user_id as col_0_0_ from user user0_ where user0_.user_user_id=? limit ?
Hibernate: select U.* from USER U where U.USER_USER_ID =?
Hibernate: select character0_.character_id as characte1_6_0_, character0_.character_character_name as characte2_6_0_ from characters character0_ where character0_.character_id=?
Hibernate: select user0_.user_id as col_0_0_ from user user0_ where user0_.user_user_id=? limit ?
Hibernate: select user0_.user_id as col_0_0_ from user user0_ where user0_.user_user_id=? limit ?
Hibernate: select U.* from USER U where U.USER_USER_ID =?
Hibernate: select character0_.character_id as characte1_6_0_, character0_.character_character_name as characte2_6_0_ from characters character0_ where character0_.character_id=?
Hibernate: select user0_.user_id as col_0_0_ from user user0_ where user0_.user_user_id=? limit ?
Hibernate: select user0_.user_id as col_0_0_ from user user0_ where user0_.user_user_id=? limit ?
Hibernate: select U.* from USER U where U.USER_USER_ID =?
Hibernate: select character0_.character_id as characte1_6_0_, character0_.character_character_name as characte2_6_0_ from characters character0_ where character0_.character_id=?
Hibernate: select user0_.user_id as user_id1_21_0_, user0_.character_id as characte7_21_0_, user0_.user_created_at as user_cre2_21_0_, user0_.user_name as user_nam3_21_0_, user0_.user_phone_number as user_pho4_21_0_, user0_.user_user_id as user_use5_21_0_, user0_.user_user_password as user_use6_21_0_ from user user0_ where user0_.user_id=?
Hibernate: select character0_.character_id as characte1_6_0_, character0_.character_character_name as characte2_6_0_ from characters character0_ where character0_.character_id=?
Hibernate: select count(*) as col_0_0_ from user user0_ where user0_.user_id=?
Hibernate: select character1_.character_id as characte1_6_, character1_.character_character_name as characte2_6_ from user user0_ inner join characters character1_ on user0_.character_id=character1_.character_id where user0_.user_id=?
Hibernate: select permission0_.character_id as characte6_12_0_, permission0_.permission_id as permissi1_12_0_, permission0_.permission_id as permissi1_12_1_, permission0_.character_id as characte6_12_1_, permission0_.permission_name as permissi2_12_1_, permission0_.permission_permission_unit_id as permissi3_12_1_, permission0_.permission_service as permissi4_12_1_, permission0_.permission_status as permissi5_12_1_ from permission permission0_ where permission0_.character_id=?
Hibernate: select category0_.category_id as col_0_0_ from category category0_ where category0_.category_name=? limit ?
Hibernate: select category0_.category_id as category1_5_1_, category0_.category_name as category2_5_1_, boardlist1_.category_id as category7_4_3_, boardlist1_.board_id as board_id1_4_3_, boardlist1_.board_id as board_id1_4_0_, boardlist1_.category_id as category7_4_0_, boardlist1_.board_content as board_co2_4_0_, boardlist1_.board_created_at as board_cr3_4_0_, boardlist1_.board_last_modified_at as board_la4_4_0_, boardlist1_.board_title as board_ti5_4_0_, boardlist1_.user_id as user_id8_4_0_, boardlist1_.board_views as board_vi6_4_0_ from category category0_ left outer join board boardlist1_ on category0_.category_id=boardlist1_.category_id where category0_.category_id=?
Hibernate: insert into category (category_id, category_name) values (default, ?)
Hibernate: select user0_.user_id as user_id1_21_0_, user0_.character_id as characte7_21_0_, user0_.user_created_at as user_cre2_21_0_, user0_.user_name as user_nam3_21_0_, user0_.user_phone_number as user_pho4_21_0_, user0_.user_user_id as user_use5_21_0_, user0_.user_user_password as user_use6_21_0_ from user user0_ where user0_.user_id=?
Hibernate: select character0_.character_id as characte1_6_0_, character0_.character_character_name as characte2_6_0_ from characters character0_ where character0_.character_id=?
Hibernate: select category0_.category_id as category1_5_, category0_.category_name as category2_5_ from category category0_
Hibernate: select boardlist0_.category_id as category7_4_0_, boardlist0_.board_id as board_id1_4_0_, boardlist0_.board_id as board_id1_4_1_, boardlist0_.category_id as category7_4_1_, boardlist0_.board_content as board_co2_4_1_, boardlist0_.board_created_at as board_cr3_4_1_, boardlist0_.board_last_modified_at as board_la4_4_1_, boardlist0_.board_title as board_ti5_4_1_, boardlist0_.user_id as user_id8_4_1_, boardlist0_.board_views as board_vi6_4_1_ from board boardlist0_ where boardlist0_.category_id=?
Hibernate: select boardlist0_.category_id as category7_4_0_, boardlist0_.board_id as board_id1_4_0_, boardlist0_.board_id as board_id1_4_1_, boardlist0_.category_id as category7_4_1_, boardlist0_.board_content as board_co2_4_1_, boardlist0_.board_created_at as board_cr3_4_1_, boardlist0_.board_last_modified_at as board_la4_4_1_, boardlist0_.board_title as board_ti5_4_1_, boardlist0_.user_id as user_id8_4_1_, boardlist0_.board_views as board_vi6_4_1_ from board boardlist0_ where boardlist0_.category_id=?
Hibernate: select boardlist0_.category_id as category7_4_0_, boardlist0_.board_id as board_id1_4_0_, boardlist0_.board_id as board_id1_4_1_, boardlist0_.category_id as category7_4_1_, boardlist0_.board_content as board_co2_4_1_, boardlist0_.board_created_at as board_cr3_4_1_, boardlist0_.board_last_modified_at as board_la4_4_1_, boardlist0_.board_title as board_ti5_4_1_, boardlist0_.user_id as user_id8_4_1_, boardlist0_.board_views as board_vi6_4_1_ from board boardlist0_ where boardlist0_.category_id=?
Hibernate: select user0_.user_id as user_id1_21_0_, user0_.character_id as characte7_21_0_, user0_.user_created_at as user_cre2_21_0_, user0_.user_name as user_nam3_21_0_, user0_.user_phone_number as user_pho4_21_0_, user0_.user_user_id as user_use5_21_0_, user0_.user_user_password as user_use6_21_0_ from user user0_ where user0_.user_id=?
Hibernate: select character0_.character_id as characte1_6_0_, character0_.character_character_name as characte2_6_0_ from characters character0_ where character0_.character_id=?
Hibernate: select count(*) as col_0_0_ from user user0_ where user0_.user_id=?
Hibernate: select character1_.character_id as characte1_6_, character1_.character_character_name as characte2_6_ from user user0_ inner join characters character1_ on user0_.character_id=character1_.character_id where user0_.user_id=?
Hibernate: select permission0_.character_id as characte6_12_0_, permission0_.permission_id as permissi1_12_0_, permission0_.permission_id as permissi1_12_1_, permission0_.character_id as characte6_12_1_, permission0_.permission_name as permissi2_12_1_, permission0_.permission_permission_unit_id as permissi3_12_1_, permission0_.permission_service as permissi4_12_1_, permission0_.permission_status as permissi5_12_1_ from permission permission0_ where permission0_.character_id=?
Hibernate: select count(*) as col_0_0_ from category category0_ where category0_.category_id=?
Hibernate: insert into filename (filename_id, filename_origin, filename_uuid) values (default, ?, ?)
Hibernate: insert into filename (filename_id, filename_origin, filename_uuid) values (default, ?, ?)
Hibernate: select category0_.category_id as category1_5_0_, category0_.category_name as category2_5_0_ from category category0_ where category0_.category_id=?
Hibernate: insert into board (board_id, category_id, board_content, board_created_at, board_last_modified_at, board_title, user_id, board_views) values (default, ?, ?, ?, ?, ?, ?, ?)
Hibernate: insert into reaction (reaction_id, board_id, reaction_type) values (default, ?, ?)
Hibernate: insert into reaction (reaction_id, board_id, reaction_type) values (default, ?, ?)
Hibernate: insert into reaction (reaction_id, board_id, reaction_type) values (default, ?, ?)
Hibernate: insert into reaction (reaction_id, board_id, reaction_type) values (default, ?, ?)
Hibernate: insert into reaction (reaction_id, board_id, reaction_type) values (default, ?, ?)
Hibernate: insert into reaction (reaction_id, board_id, reaction_type) values (default, ?, ?)
Hibernate: insert into file_path_list (board_board_id, board_file_path_list) values (?, ?)
Hibernate: insert into image_path_list (board_board_id, board_image_path_list) values (?, ?)
Hibernate: select user0_.user_id as user_id1_21_0_, user0_.character_id as characte7_21_0_, user0_.user_created_at as user_cre2_21_0_, user0_.user_name as user_nam3_21_0_, user0_.user_phone_number as user_pho4_21_0_, user0_.user_user_id as user_use5_21_0_, user0_.user_user_password as user_use6_21_0_ from user user0_ where user0_.user_id=?
Hibernate: select character0_.character_id as characte1_6_0_, character0_.character_character_name as characte2_6_0_ from characters character0_ where character0_.character_id=?
Hibernate: select count(*) as col_0_0_ from board board0_
Hibernate: select board0_.board_id as board_id1_4_, board0_.category_id as category7_4_, board0_.board_content as board_co2_4_, board0_.board_created_at as board_cr3_4_, board0_.board_last_modified_at as board_la4_4_, board0_.board_title as board_ti5_4_, board0_.user_id as user_id8_4_, board0_.board_views as board_vi6_4_ from board board0_ limit ?
Hibernate: select category0_.category_id as category1_5_0_, category0_.category_name as category2_5_0_ from category category0_ where category0_.category_id=?
Hibernate: select reactionli0_.board_id as board_id3_13_0_, reactionli0_.reaction_id as reaction1_13_0_, reactionli0_.reaction_id as reaction1_13_1_, reactionli0_.board_id as board_id3_13_1_, reactionli0_.reaction_type as reaction2_13_1_ from reaction reactionli0_ where reactionli0_.board_id=?
Hibernate: select reactionus0_.reaction_id as reaction2_14_0_, reactionus0_.reaction_user_id as reaction1_14_0_, reactionus0_.reaction_user_id as reaction1_14_1_, reactionus0_.reaction_id as reaction2_14_1_, reactionus0_.user_id as user_id3_14_1_ from reaction_user reactionus0_ where reactionus0_.reaction_id=?
Hibernate: select reactionus0_.reaction_id as reaction2_14_0_, reactionus0_.reaction_user_id as reaction1_14_0_, reactionus0_.reaction_user_id as reaction1_14_1_, reactionus0_.reaction_id as reaction2_14_1_, reactionus0_.user_id as user_id3_14_1_ from reaction_user reactionus0_ where reactionus0_.reaction_id=?
Hibernate: select reactionus0_.reaction_id as reaction2_14_0_, reactionus0_.reaction_user_id as reaction1_14_0_, reactionus0_.reaction_user_id as reaction1_14_1_, reactionus0_.reaction_id as reaction2_14_1_, reactionus0_.user_id as user_id3_14_1_ from reaction_user reactionus0_ where reactionus0_.reaction_id=?
Hibernate: select reactionus0_.reaction_id as reaction2_14_0_, reactionus0_.reaction_user_id as reaction1_14_0_, reactionus0_.reaction_user_id as reaction1_14_1_, reactionus0_.reaction_id as reaction2_14_1_, reactionus0_.user_id as user_id3_14_1_ from reaction_user reactionus0_ where reactionus0_.reaction_id=?
Hibernate: select reactionus0_.reaction_id as reaction2_14_0_, reactionus0_.reaction_user_id as reaction1_14_0_, reactionus0_.reaction_user_id as reaction1_14_1_, reactionus0_.reaction_id as reaction2_14_1_, reactionus0_.user_id as user_id3_14_1_ from reaction_user reactionus0_ where reactionus0_.reaction_id=?
Hibernate: select reactionus0_.reaction_id as reaction2_14_0_, reactionus0_.reaction_user_id as reaction1_14_0_, reactionus0_.reaction_user_id as reaction1_14_1_, reactionus0_.reaction_id as reaction2_14_1_, reactionus0_.user_id as user_id3_14_1_ from reaction_user reactionus0_ where reactionus0_.reaction_id=?
Hibernate: select commentlis0_.board_id as board_id5_7_0_, commentlis0_.comment_id as comment_1_7_0_, commentlis0_.comment_id as comment_1_7_1_, commentlis0_.board_id as board_id5_7_1_, commentlis0_.comment_content as comment_2_7_1_, commentlis0_.comment_created_at as comment_3_7_1_, commentlis0_.comment_last_modified_at as comment_4_7_1_, commentlis0_.user_id as user_id6_7_1_ from comment commentlis0_ where commentlis0_.board_id=?
Hibernate: select boardlist0_.category_id as category7_4_0_, boardlist0_.board_id as board_id1_4_0_, boardlist0_.board_id as board_id1_4_1_, boardlist0_.category_id as category7_4_1_, boardlist0_.board_content as board_co2_4_1_, boardlist0_.board_created_at as board_cr3_4_1_, boardlist0_.board_last_modified_at as board_la4_4_1_, boardlist0_.board_title as board_ti5_4_1_, boardlist0_.user_id as user_id8_4_1_, boardlist0_.board_views as board_vi6_4_1_ from board boardlist0_ where boardlist0_.category_id=?
Hibernate: select count(comment0_.comment_id) as col_0_0_ from comment comment0_ where comment0_.board_id=?
Hibernate: select count(*) as col_0_0_ from board board0_
Hibernate: select imagepathl0_.board_board_id as board_bo1_11_0_, imagepathl0_.board_image_path_list as board_im2_11_0_ from image_path_list imagepathl0_ where imagepathl0_.board_board_id=?
Hibernate: select filename0_.filename_id as filename1_9_, filename0_.filename_origin as filename2_9_, filename0_.filename_uuid as filename3_9_ from filename filename0_ where filename0_.filename_uuid=?
Hibernate: select filepathli0_.board_board_id as board_bo1_8_0_, filepathli0_.board_file_path_list as board_fi2_8_0_ from file_path_list filepathli0_ where filepathli0_.board_board_id=?
Hibernate: select filename0_.filename_id as filename1_9_, filename0_.filename_origin as filename2_9_, filename0_.filename_uuid as filename3_9_ from filename filename0_ where filename0_.filename_uuid=?
Hibernate: select user0_.user_id as user_id1_21_0_, user0_.character_id as characte7_21_0_, user0_.user_created_at as user_cre2_21_0_, user0_.user_name as user_nam3_21_0_, user0_.user_phone_number as user_pho4_21_0_, user0_.user_user_id as user_use5_21_0_, user0_.user_user_password as user_use6_21_0_ from user user0_ where user0_.user_id=?
Hibernate: select character0_.character_id as characte1_6_0_, character0_.character_character_name as characte2_6_0_ from characters character0_ where character0_.character_id=?
Hibernate: select count(*) as col_0_0_ from user user0_ where user0_.user_id=?
Hibernate: select character1_.character_id as characte1_6_, character1_.character_character_name as characte2_6_ from user user0_ inner join characters character1_ on user0_.character_id=character1_.character_id where user0_.user_id=?
Hibernate: select permission0_.character_id as characte6_12_0_, permission0_.permission_id as permissi1_12_0_, permission0_.permission_id as permissi1_12_1_, permission0_.character_id as characte6_12_1_, permission0_.permission_name as permissi2_12_1_, permission0_.permission_permission_unit_id as permissi3_12_1_, permission0_.permission_service as permissi4_12_1_, permission0_.permission_status as permissi5_12_1_ from permission permission0_ where permission0_.character_id=?
Hibernate: select count(*) as col_0_0_ from board board0_ where board0_.board_id=?
Hibernate: select board0_.board_id as board_id1_4_0_, board0_.category_id as category7_4_0_, board0_.board_content as board_co2_4_0_, board0_.board_created_at as board_cr3_4_0_, board0_.board_last_modified_at as board_la4_4_0_, board0_.board_title as board_ti5_4_0_, board0_.user_id as user_id8_4_0_, board0_.board_views as board_vi6_4_0_ from board board0_ where board0_.board_id=?
Hibernate: select category0_.category_id as category1_5_0_, category0_.category_name as category2_5_0_ from category category0_ where category0_.category_id=?
Hibernate: insert into comment (comment_id, board_id, comment_content, comment_created_at, comment_last_modified_at, user_id) values (default, ?, ?, ?, ?, ?)
Hibernate: select user0_.user_id as user_id1_21_0_, user0_.character_id as characte7_21_0_, user0_.user_created_at as user_cre2_21_0_, user0_.user_name as user_nam3_21_0_, user0_.user_phone_number as user_pho4_21_0_, user0_.user_user_id as user_use5_21_0_, user0_.user_user_password as user_use6_21_0_ from user user0_ where user0_.user_id=?
Hibernate: select character0_.character_id as characte1_6_0_, character0_.character_character_name as characte2_6_0_ from characters character0_ where character0_.character_id=?
Hibernate: select count(*) as col_0_0_ from user user0_ where user0_.user_id=?
Hibernate: select character1_.character_id as characte1_6_, character1_.character_character_name as characte2_6_ from user user0_ inner join characters character1_ on user0_.character_id=character1_.character_id where user0_.user_id=?
Hibernate: select permission0_.character_id as characte6_12_0_, permission0_.permission_id as permissi1_12_0_, permission0_.permission_id as permissi1_12_1_, permission0_.character_id as characte6_12_1_, permission0_.permission_name as permissi2_12_1_, permission0_.permission_permission_unit_id as permissi3_12_1_, permission0_.permission_service as permissi4_12_1_, permission0_.permission_status as permissi5_12_1_ from permission permission0_ where permission0_.character_id=?
Hibernate: select count(*) as col_0_0_ from board board0_ where board0_.board_id=?
Hibernate: select board0_.board_id as board_id1_4_0_, board0_.category_id as category7_4_0_, board0_.board_content as board_co2_4_0_, board0_.board_created_at as board_cr3_4_0_, board0_.board_last_modified_at as board_la4_4_0_, board0_.board_title as board_ti5_4_0_, board0_.user_id as user_id8_4_0_, board0_.board_views as board_vi6_4_0_ from board board0_ where board0_.board_id=?
Hibernate: select category0_.category_id as category1_5_0_, category0_.category_name as category2_5_0_ from category category0_ where category0_.category_id=?
Hibernate: insert into comment (comment_id, board_id, comment_content, comment_created_at, comment_last_modified_at, user_id) values (default, ?, ?, ?, ?, ?)
Hibernate: select user0_.user_id as user_id1_21_0_, user0_.character_id as characte7_21_0_, user0_.user_created_at as user_cre2_21_0_, user0_.user_name as user_nam3_21_0_, user0_.user_phone_number as user_pho4_21_0_, user0_.user_user_id as user_use5_21_0_, user0_.user_user_password as user_use6_21_0_ from user user0_ where user0_.user_id=?
Hibernate: select character0_.character_id as characte1_6_0_, character0_.character_character_name as characte2_6_0_ from characters character0_ where character0_.character_id=?
Hibernate: select count(*) as col_0_0_ from user user0_ where user0_.user_id=?
Hibernate: select character1_.character_id as characte1_6_, character1_.character_character_name as characte2_6_ from user user0_ inner join characters character1_ on user0_.character_id=character1_.character_id where user0_.user_id=?
Hibernate: select permission0_.character_id as characte6_12_0_, permission0_.permission_id as permissi1_12_0_, permission0_.permission_id as permissi1_12_1_, permission0_.character_id as characte6_12_1_, permission0_.permission_name as permissi2_12_1_, permission0_.permission_permission_unit_id as permissi3_12_1_, permission0_.permission_service as permissi4_12_1_, permission0_.permission_status as permissi5_12_1_ from permission permission0_ where permission0_.character_id=?
Hibernate: select count(*) as col_0_0_ from board board0_ where board0_.board_id=?
Hibernate: select user0_.user_id as col_0_0_ from user user0_ where user0_.user_user_id=? limit ?
Hibernate: select user0_.user_id as col_0_0_ from user user0_ where user0_.user_user_id=? limit ?
Hibernate: select U.* from USER U where U.USER_USER_ID =?
Hibernate: select character0_.character_id as characte1_6_0_, character0_.character_character_name as characte2_6_0_ from characters character0_ where character0_.character_id=?
Hibernate: select user0_.user_id as user_id1_21_0_, user0_.character_id as characte7_21_0_, user0_.user_created_at as user_cre2_21_0_, user0_.user_name as user_nam3_21_0_, user0_.user_phone_number as user_pho4_21_0_, user0_.user_user_id as user_use5_21_0_, user0_.user_user_password as user_use6_21_0_ from user user0_ where user0_.user_id=?
Hibernate: select character0_.character_id as characte1_6_0_, character0_.character_character_name as characte2_6_0_ from characters character0_ where character0_.character_id=?
Hibernate: select count(*) as col_0_0_ from board board0_
Hibernate: select board0_.board_id as board_id1_4_, board0_.category_id as category7_4_, board0_.board_content as board_co2_4_, board0_.board_created_at as board_cr3_4_, board0_.board_last_modified_at as board_la4_4_, board0_.board_title as board_ti5_4_, board0_.user_id as user_id8_4_, board0_.board_views as board_vi6_4_ from board board0_ limit ?
Hibernate: select category0_.category_id as category1_5_0_, category0_.category_name as category2_5_0_ from category category0_ where category0_.category_id=?
Hibernate: select reactionli0_.board_id as board_id3_13_0_, reactionli0_.reaction_id as reaction1_13_0_, reactionli0_.reaction_id as reaction1_13_1_, reactionli0_.board_id as board_id3_13_1_, reactionli0_.reaction_type as reaction2_13_1_ from reaction reactionli0_ where reactionli0_.board_id=?
Hibernate: select reactionus0_.reaction_id as reaction2_14_0_, reactionus0_.reaction_user_id as reaction1_14_0_, reactionus0_.reaction_user_id as reaction1_14_1_, reactionus0_.reaction_id as reaction2_14_1_, reactionus0_.user_id as user_id3_14_1_ from reaction_user reactionus0_ where reactionus0_.reaction_id=?
Hibernate: select reactionus0_.reaction_id as reaction2_14_0_, reactionus0_.reaction_user_id as reaction1_14_0_, reactionus0_.reaction_user_id as reaction1_14_1_, reactionus0_.reaction_id as reaction2_14_1_, reactionus0_.user_id as user_id3_14_1_ from reaction_user reactionus0_ where reactionus0_.reaction_id=?
Hibernate: select reactionus0_.reaction_id as reaction2_14_0_, reactionus0_.reaction_user_id as reaction1_14_0_, reactionus0_.reaction_user_id as reaction1_14_1_, reactionus0_.reaction_id as reaction2_14_1_, reactionus0_.user_id as user_id3_14_1_ from reaction_user reactionus0_ where reactionus0_.reaction_id=?
Hibernate: select reactionus0_.reaction_id as reaction2_14_0_, reactionus0_.reaction_user_id as reaction1_14_0_, reactionus0_.reaction_user_id as reaction1_14_1_, reactionus0_.reaction_id as reaction2_14_1_, reactionus0_.user_id as user_id3_14_1_ from reaction_user reactionus0_ where reactionus0_.reaction_id=?
Hibernate: select reactionus0_.reaction_id as reaction2_14_0_, reactionus0_.reaction_user_id as reaction1_14_0_, reactionus0_.reaction_user_id as reaction1_14_1_, reactionus0_.reaction_id as reaction2_14_1_, reactionus0_.user_id as user_id3_14_1_ from reaction_user reactionus0_ where reactionus0_.reaction_id=?
Hibernate: select reactionus0_.reaction_id as reaction2_14_0_, reactionus0_.reaction_user_id as reaction1_14_0_, reactionus0_.reaction_user_id as reaction1_14_1_, reactionus0_.reaction_id as reaction2_14_1_, reactionus0_.user_id as user_id3_14_1_ from reaction_user reactionus0_ where reactionus0_.reaction_id=?
Hibernate: select commentlis0_.board_id as board_id5_7_0_, commentlis0_.comment_id as comment_1_7_0_, commentlis0_.comment_id as comment_1_7_1_, commentlis0_.board_id as board_id5_7_1_, commentlis0_.comment_content as comment_2_7_1_, commentlis0_.comment_created_at as comment_3_7_1_, commentlis0_.comment_last_modified_at as comment_4_7_1_, commentlis0_.user_id as user_id6_7_1_ from comment commentlis0_ where commentlis0_.board_id=?
Hibernate: select boardlist0_.category_id as category7_4_0_, boardlist0_.board_id as board_id1_4_0_, boardlist0_.board_id as board_id1_4_1_, boardlist0_.category_id as category7_4_1_, boardlist0_.board_content as board_co2_4_1_, boardlist0_.board_created_at as board_cr3_4_1_, boardlist0_.board_last_modified_at as board_la4_4_1_, boardlist0_.board_title as board_ti5_4_1_, boardlist0_.user_id as user_id8_4_1_, boardlist0_.board_views as board_vi6_4_1_ from board boardlist0_ where boardlist0_.category_id=?
Hibernate: select count(comment0_.comment_id) as col_0_0_ from comment comment0_ where comment0_.board_id=?
Hibernate: select count(*) as col_0_0_ from board board0_
Hibernate: select imagepathl0_.board_board_id as board_bo1_11_0_, imagepathl0_.board_image_path_list as board_im2_11_0_ from image_path_list imagepathl0_ where imagepathl0_.board_board_id=?
Hibernate: select filename0_.filename_id as filename1_9_, filename0_.filename_origin as filename2_9_, filename0_.filename_uuid as filename3_9_ from filename filename0_ where filename0_.filename_uuid=?
Hibernate: select filepathli0_.board_board_id as board_bo1_8_0_, filepathli0_.board_file_path_list as board_fi2_8_0_ from file_path_list filepathli0_ where filepathli0_.board_board_id=?
Hibernate: select filename0_.filename_id as filename1_9_, filename0_.filename_origin as filename2_9_, filename0_.filename_uuid as filename3_9_ from filename filename0_ where filename0_.filename_uuid=?
Hibernate: select U.* from USER U join BOARD B where U.USER_ID = B.USER_ID and B.BOARD_ID = ?
Hibernate: select character0_.character_id as characte1_6_0_, character0_.character_character_name as characte2_6_0_ from characters character0_ where character0_.character_id=?
Hibernate: select count(*) as col_0_0_ from user user0_ where user0_.user_id=?
Hibernate: select character1_.character_id as characte1_6_, character1_.character_character_name as characte2_6_ from user user0_ inner join characters character1_ on user0_.character_id=character1_.character_id where user0_.user_id=?
Hibernate: select permission0_.character_id as characte6_12_0_, permission0_.permission_id as permissi1_12_0_, permission0_.permission_id as permissi1_12_1_, permission0_.character_id as characte6_12_1_, permission0_.permission_name as permissi2_12_1_, permission0_.permission_permission_unit_id as permissi3_12_1_, permission0_.permission_service as permissi4_12_1_, permission0_.permission_status as permissi5_12_1_ from permission permission0_ where permission0_.character_id=?
Hibernate: select count(*) as col_0_0_ from board board0_ where board0_.board_id=?
Hibernate: select board0_.board_id as board_id1_4_0_, board0_.category_id as category7_4_0_, board0_.board_content as board_co2_4_0_, board0_.board_created_at as board_cr3_4_0_, board0_.board_last_modified_at as board_la4_4_0_, board0_.board_title as board_ti5_4_0_, board0_.user_id as user_id8_4_0_, board0_.board_views as board_vi6_4_0_ from board board0_ where board0_.board_id=?
Hibernate: select category0_.category_id as category1_5_0_, category0_.category_name as category2_5_0_ from category category0_ where category0_.category_id=?
Hibernate: select reactionli0_.board_id as board_id3_13_0_, reactionli0_.reaction_id as reaction1_13_0_, reactionli0_.reaction_id as reaction1_13_1_, reactionli0_.board_id as board_id3_13_1_, reactionli0_.reaction_type as reaction2_13_1_ from reaction reactionli0_ where reactionli0_.board_id=?
Hibernate: select reactionus0_.reaction_id as reaction2_14_0_, reactionus0_.reaction_user_id as reaction1_14_0_, reactionus0_.reaction_user_id as reaction1_14_1_, reactionus0_.reaction_id as reaction2_14_1_, reactionus0_.user_id as user_id3_14_1_ from reaction_user reactionus0_ where reactionus0_.reaction_id=?
Hibernate: select reactionus0_.reaction_id as reaction2_14_0_, reactionus0_.reaction_user_id as reaction1_14_0_, reactionus0_.reaction_user_id as reaction1_14_1_, reactionus0_.reaction_id as reaction2_14_1_, reactionus0_.user_id as user_id3_14_1_ from reaction_user reactionus0_ where reactionus0_.reaction_id=?
Hibernate: select reactionus0_.reaction_id as reaction2_14_0_, reactionus0_.reaction_user_id as reaction1_14_0_, reactionus0_.reaction_user_id as reaction1_14_1_, reactionus0_.reaction_id as reaction2_14_1_, reactionus0_.user_id as user_id3_14_1_ from reaction_user reactionus0_ where reactionus0_.reaction_id=?
Hibernate: select reactionus0_.reaction_id as reaction2_14_0_, reactionus0_.reaction_user_id as reaction1_14_0_, reactionus0_.reaction_user_id as reaction1_14_1_, reactionus0_.reaction_id as reaction2_14_1_, reactionus0_.user_id as user_id3_14_1_ from reaction_user reactionus0_ where reactionus0_.reaction_id=?
Hibernate: select reactionus0_.reaction_id as reaction2_14_0_, reactionus0_.reaction_user_id as reaction1_14_0_, reactionus0_.reaction_user_id as reaction1_14_1_, reactionus0_.reaction_id as reaction2_14_1_, reactionus0_.user_id as user_id3_14_1_ from reaction_user reactionus0_ where reactionus0_.reaction_id=?
Hibernate: select reactionus0_.reaction_id as reaction2_14_0_, reactionus0_.reaction_user_id as reaction1_14_0_, reactionus0_.reaction_user_id as reaction1_14_1_, reactionus0_.reaction_id as reaction2_14_1_, reactionus0_.user_id as user_id3_14_1_ from reaction_user reactionus0_ where reactionus0_.reaction_id=?
Hibernate: select commentlis0_.board_id as board_id5_7_0_, commentlis0_.comment_id as comment_1_7_0_, commentlis0_.comment_id as comment_1_7_1_, commentlis0_.board_id as board_id5_7_1_, commentlis0_.comment_content as comment_2_7_1_, commentlis0_.comment_created_at as comment_3_7_1_, commentlis0_.comment_last_modified_at as comment_4_7_1_, commentlis0_.user_id as user_id6_7_1_ from comment commentlis0_ where commentlis0_.board_id=?
Hibernate: select boardlist0_.category_id as category7_4_0_, boardlist0_.board_id as board_id1_4_0_, boardlist0_.board_id as board_id1_4_1_, boardlist0_.category_id as category7_4_1_, boardlist0_.board_content as board_co2_4_1_, boardlist0_.board_created_at as board_cr3_4_1_, boardlist0_.board_last_modified_at as board_la4_4_1_, boardlist0_.board_title as board_ti5_4_1_, boardlist0_.user_id as user_id8_4_1_, boardlist0_.board_views as board_vi6_4_1_ from board boardlist0_ where boardlist0_.category_id=?
Hibernate: select count(comment0_.comment_id) as col_0_0_ from comment comment0_ where comment0_.board_id=?
Hibernate: update board set category_id=?, board_content=?, board_created_at=?, board_last_modified_at=?, board_title=?, user_id=?, board_views=? where board_id=?
Hibernate: select filepathli0_.board_board_id as board_bo1_8_0_, filepathli0_.board_file_path_list as board_fi2_8_0_ from file_path_list filepathli0_ where filepathli0_.board_board_id=?
Hibernate: select filename0_.filename_id as filename1_9_, filename0_.filename_origin as filename2_9_, filename0_.filename_uuid as filename3_9_ from filename filename0_ where filename0_.filename_uuid=?
Hibernate: delete from filename where filename_id=?
Hibernate: select imagepathl0_.board_board_id as board_bo1_11_0_, imagepathl0_.board_image_path_list as board_im2_11_0_ from image_path_list imagepathl0_ where imagepathl0_.board_board_id=?
Hibernate: select filename0_.filename_id as filename1_9_, filename0_.filename_origin as filename2_9_, filename0_.filename_uuid as filename3_9_ from filename filename0_ where filename0_.filename_uuid=?
Hibernate: delete from filename where filename_id=?
Hibernate: select count(*) as col_0_0_ from board board0_ where board0_.board_id=?
Hibernate: delete from file_path_list where board_board_id=?
Hibernate: delete from image_path_list where board_board_id=?
Hibernate: delete from comment where comment_id=?
Hibernate: delete from comment where comment_id=?
Hibernate: delete from reaction where reaction_id=?
Hibernate: delete from reaction where reaction_id=?
Hibernate: delete from reaction where reaction_id=?
Hibernate: delete from reaction where reaction_id=?
Hibernate: delete from reaction where reaction_id=?
Hibernate: delete from reaction where reaction_id=?
Hibernate: delete from board where board_id=?
Hibernate: select user0_.user_id as user_id1_21_0_, user0_.character_id as characte7_21_0_, user0_.user_created_at as user_cre2_21_0_, user0_.user_name as user_nam3_21_0_, user0_.user_phone_number as user_pho4_21_0_, user0_.user_user_id as user_use5_21_0_, user0_.user_user_password as user_use6_21_0_ from user user0_ where user0_.user_id=?
Hibernate: select character0_.character_id as characte1_6_0_, character0_.character_character_name as characte2_6_0_ from characters character0_ where character0_.character_id=?
Hibernate: select count(*) as col_0_0_ from user user0_ where user0_.user_id=?
Hibernate: select character1_.character_id as characte1_6_, character1_.character_character_name as characte2_6_ from user user0_ inner join characters character1_ on user0_.character_id=character1_.character_id where user0_.user_id=?
Hibernate: select permission0_.character_id as characte6_12_0_, permission0_.permission_id as permissi1_12_0_, permission0_.permission_id as permissi1_12_1_, permission0_.character_id as characte6_12_1_, permission0_.permission_name as permissi2_12_1_, permission0_.permission_permission_unit_id as permissi3_12_1_, permission0_.permission_service as permissi4_12_1_, permission0_.permission_status as permissi5_12_1_ from permission permission0_ where permission0_.character_id=?
Hibernate: select count(*) as col_0_0_ from board board0_ where board0_.board_id=?
Hibernate: select user0_.user_id as col_0_0_ from user user0_ where user0_.user_user_id=? limit ?
Hibernate: select user0_.user_id as col_0_0_ from user user0_ where user0_.user_user_id=? limit ?
Hibernate: select U.* from USER U where U.USER_USER_ID =?
Hibernate: select character0_.character_id as characte1_6_0_, character0_.character_character_name as characte2_6_0_ from characters character0_ where character0_.character_id=?
Hibernate: select user0_.user_id as user_id1_21_0_, user0_.character_id as characte7_21_0_, user0_.user_created_at as user_cre2_21_0_, user0_.user_name as user_nam3_21_0_, user0_.user_phone_number as user_pho4_21_0_, user0_.user_user_id as user_use5_21_0_, user0_.user_user_password as user_use6_21_0_ from user user0_ where user0_.user_id=?
Hibernate: select character0_.character_id as characte1_6_0_, character0_.character_character_name as characte2_6_0_ from characters character0_ where character0_.character_id=?
Hibernate: select category0_.category_id as category1_5_, category0_.category_name as category2_5_ from category category0_
Hibernate: select boardlist0_.category_id as category7_4_0_, boardlist0_.board_id as board_id1_4_0_, boardlist0_.board_id as board_id1_4_1_, boardlist0_.category_id as category7_4_1_, boardlist0_.board_content as board_co2_4_1_, boardlist0_.board_created_at as board_cr3_4_1_, boardlist0_.board_last_modified_at as board_la4_4_1_, boardlist0_.board_title as board_ti5_4_1_, boardlist0_.user_id as user_id8_4_1_, boardlist0_.board_views as board_vi6_4_1_ from board boardlist0_ where boardlist0_.category_id=?
Hibernate: select boardlist0_.category_id as category7_4_0_, boardlist0_.board_id as board_id1_4_0_, boardlist0_.board_id as board_id1_4_1_, boardlist0_.category_id as category7_4_1_, boardlist0_.board_content as board_co2_4_1_, boardlist0_.board_created_at as board_cr3_4_1_, boardlist0_.board_last_modified_at as board_la4_4_1_, boardlist0_.board_title as board_ti5_4_1_, boardlist0_.user_id as user_id8_4_1_, boardlist0_.board_views as board_vi6_4_1_ from board boardlist0_ where boardlist0_.category_id=?
Hibernate: select boardlist0_.category_id as category7_4_0_, boardlist0_.board_id as board_id1_4_0_, boardlist0_.board_id as board_id1_4_1_, boardlist0_.category_id as category7_4_1_, boardlist0_.board_content as board_co2_4_1_, boardlist0_.board_created_at as board_cr3_4_1_, boardlist0_.board_last_modified_at as board_la4_4_1_, boardlist0_.board_title as board_ti5_4_1_, boardlist0_.user_id as user_id8_4_1_, boardlist0_.board_views as board_vi6_4_1_ from board boardlist0_ where boardlist0_.category_id=?
Hibernate: select user0_.user_id as user_id1_21_0_, user0_.character_id as characte7_21_0_, user0_.user_created_at as user_cre2_21_0_, user0_.user_name as user_nam3_21_0_, user0_.user_phone_number as user_pho4_21_0_, user0_.user_user_id as user_use5_21_0_, user0_.user_user_password as user_use6_21_0_ from user user0_ where user0_.user_id=?
Hibernate: select character0_.character_id as characte1_6_0_, character0_.character_character_name as characte2_6_0_ from characters character0_ where character0_.character_id=?
Hibernate: select count(*) as col_0_0_ from user user0_ where user0_.user_id=?
Hibernate: select character1_.character_id as characte1_6_, character1_.character_character_name as characte2_6_ from user user0_ inner join characters character1_ on user0_.character_id=character1_.character_id where user0_.user_id=?
Hibernate: select permission0_.character_id as characte6_12_0_, permission0_.permission_id as permissi1_12_0_, permission0_.permission_id as permissi1_12_1_, permission0_.character_id as characte6_12_1_, permission0_.permission_name as permissi2_12_1_, permission0_.permission_permission_unit_id as permissi3_12_1_, permission0_.permission_service as permissi4_12_1_, permission0_.permission_status as permissi5_12_1_ from permission permission0_ where permission0_.character_id=?
Hibernate: select count(*) as col_0_0_ from category category0_ where category0_.category_id=?
Hibernate: select count(board0_.board_id) as col_0_0_ from board board0_ where board0_.category_id=?
Hibernate: select category0_.category_id as category1_5_0_, category0_.category_name as category2_5_0_ from category category0_ where category0_.category_id=?
Hibernate: select boardlist0_.category_id as category7_4_0_, boardlist0_.board_id as board_id1_4_0_, boardlist0_.board_id as board_id1_4_1_, boardlist0_.category_id as category7_4_1_, boardlist0_.board_content as board_co2_4_1_, boardlist0_.board_created_at as board_cr3_4_1_, boardlist0_.board_last_modified_at as board_la4_4_1_, boardlist0_.board_title as board_ti5_4_1_, boardlist0_.user_id as user_id8_4_1_, boardlist0_.board_views as board_vi6_4_1_ from board boardlist0_ where boardlist0_.category_id=?
Hibernate: delete from category where category_id=?
Hibernate: select user0_.user_id as user_id1_21_0_, user0_.character_id as characte7_21_0_, user0_.user_created_at as user_cre2_21_0_, user0_.user_name as user_nam3_21_0_, user0_.user_phone_number as user_pho4_21_0_, user0_.user_user_id as user_use5_21_0_, user0_.user_user_password as user_use6_21_0_ from user user0_ where user0_.user_id=?
Hibernate: select character0_.character_id as characte1_6_0_, character0_.character_character_name as characte2_6_0_ from characters character0_ where character0_.character_id=?
Hibernate: select count(*) as col_0_0_ from user user0_ where user0_.user_id=?
Hibernate: select character1_.character_id as characte1_6_, character1_.character_character_name as characte2_6_ from user user0_ inner join characters character1_ on user0_.character_id=character1_.character_id where user0_.user_id=?
Hibernate: select permission0_.character_id as characte6_12_0_, permission0_.permission_id as permissi1_12_0_, permission0_.permission_id as permissi1_12_1_, permission0_.character_id as characte6_12_1_, permission0_.permission_name as permissi2_12_1_, permission0_.permission_permission_unit_id as permissi3_12_1_, permission0_.permission_service as permissi4_12_1_, permission0_.permission_status as permissi5_12_1_ from permission permission0_ where permission0_.character_id=?
Hibernate: select count(*) as col_0_0_ from category category0_ where category0_.category_id=?
Hibernate: select count(board0_.board_id) as col_0_0_ from board board0_ where board0_.category_id=?
Hibernate: select category0_.category_id as category1_5_0_, category0_.category_name as category2_5_0_ from category category0_ where category0_.category_id=?
Hibernate: select boardlist0_.category_id as category7_4_0_, boardlist0_.board_id as board_id1_4_0_, boardlist0_.board_id as board_id1_4_1_, boardlist0_.category_id as category7_4_1_, boardlist0_.board_content as board_co2_4_1_, boardlist0_.board_created_at as board_cr3_4_1_, boardlist0_.board_last_modified_at as board_la4_4_1_, boardlist0_.board_title as board_ti5_4_1_, boardlist0_.user_id as user_id8_4_1_, boardlist0_.board_views as board_vi6_4_1_ from board boardlist0_ where boardlist0_.category_id=?
Hibernate: delete from category where category_id=?
Hibernate: select user0_.user_id as user_id1_21_0_, user0_.character_id as characte7_21_0_, user0_.user_created_at as user_cre2_21_0_, user0_.user_name as user_nam3_21_0_, user0_.user_phone_number as user_pho4_21_0_, user0_.user_user_id as user_use5_21_0_, user0_.user_user_password as user_use6_21_0_ from user user0_ where user0_.user_id=?
Hibernate: select character0_.character_id as characte1_6_0_, character0_.character_character_name as characte2_6_0_ from characters character0_ where character0_.character_id=?
Hibernate: select count(*) as col_0_0_ from user user0_ where user0_.user_id=?
Hibernate: select character1_.character_id as characte1_6_, character1_.character_character_name as characte2_6_ from user user0_ inner join characters character1_ on user0_.character_id=character1_.character_id where user0_.user_id=?
Hibernate: select permission0_.character_id as characte6_12_0_, permission0_.permission_id as permissi1_12_0_, permission0_.permission_id as permissi1_12_1_, permission0_.character_id as characte6_12_1_, permission0_.permission_name as permissi2_12_1_, permission0_.permission_permission_unit_id as permissi3_12_1_, permission0_.permission_service as permissi4_12_1_, permission0_.permission_status as permissi5_12_1_ from permission permission0_ where permission0_.character_id=?
Hibernate: select count(*) as col_0_0_ from category category0_ where category0_.category_id=?
Hibernate: select count(board0_.board_id) as col_0_0_ from board board0_ where board0_.category_id=?
Hibernate: select category0_.category_id as category1_5_0_, category0_.category_name as category2_5_0_ from category category0_ where category0_.category_id=?
Hibernate: select boardlist0_.category_id as category7_4_0_, boardlist0_.board_id as board_id1_4_0_, boardlist0_.board_id as board_id1_4_1_, boardlist0_.category_id as category7_4_1_, boardlist0_.board_content as board_co2_4_1_, boardlist0_.board_created_at as board_cr3_4_1_, boardlist0_.board_last_modified_at as board_la4_4_1_, boardlist0_.board_title as board_ti5_4_1_, boardlist0_.user_id as user_id8_4_1_, boardlist0_.board_views as board_vi6_4_1_ from board boardlist0_ where boardlist0_.category_id=?
Hibernate: delete from category where category_id=?
Hibernate: select user0_.user_id as user_id1_21_0_, user0_.character_id as characte7_21_0_, user0_.user_created_at as user_cre2_21_0_, user0_.user_name as user_nam3_21_0_, user0_.user_phone_number as user_pho4_21_0_, user0_.user_user_id as user_use5_21_0_, user0_.user_user_password as user_use6_21_0_ from user user0_ where user0_.user_id=?
Hibernate: select character0_.character_id as characte1_6_0_, character0_.character_character_name as characte2_6_0_ from characters character0_ where character0_.character_id=?
Hibernate: select count(*) as col_0_0_ from user user0_ where user0_.user_id=?
Hibernate: select character1_.character_id as characte1_6_, character1_.character_character_name as characte2_6_ from user user0_ inner join characters character1_ on user0_.character_id=character1_.character_id where user0_.user_id=?
Hibernate: select permission0_.character_id as characte6_12_0_, permission0_.permission_id as permissi1_12_0_, permission0_.permission_id as permissi1_12_1_, permission0_.character_id as characte6_12_1_, permission0_.permission_name as permissi2_12_1_, permission0_.permission_permission_unit_id as permissi3_12_1_, permission0_.permission_service as permissi4_12_1_, permission0_.permission_status as permissi5_12_1_ from permission permission0_ where permission0_.character_id=?
Hibernate: select category0_.category_id as col_0_0_ from category category0_ where category0_.category_name=? limit ?
Hibernate: select category0_.category_id as category1_5_1_, category0_.category_name as category2_5_1_, boardlist1_.category_id as category7_4_3_, boardlist1_.board_id as board_id1_4_3_, boardlist1_.board_id as board_id1_4_0_, boardlist1_.category_id as category7_4_0_, boardlist1_.board_content as board_co2_4_0_, boardlist1_.board_created_at as board_cr3_4_0_, boardlist1_.board_last_modified_at as board_la4_4_0_, boardlist1_.board_title as board_ti5_4_0_, boardlist1_.user_id as user_id8_4_0_, boardlist1_.board_views as board_vi6_4_0_ from category category0_ left outer join board boardlist1_ on category0_.category_id=boardlist1_.category_id where category0_.category_id=?
Hibernate: insert into category (category_id, category_name) values (default, ?)
Hibernate: select user0_.user_id as user_id1_21_0_, user0_.character_id as characte7_21_0_, user0_.user_created_at as user_cre2_21_0_, user0_.user_name as user_nam3_21_0_, user0_.user_phone_number as user_pho4_21_0_, user0_.user_user_id as user_use5_21_0_, user0_.user_user_password as user_use6_21_0_ from user user0_ where user0_.user_id=?
Hibernate: select character0_.character_id as characte1_6_0_, character0_.character_character_name as characte2_6_0_ from characters character0_ where character0_.character_id=?
Hibernate: select count(*) as col_0_0_ from user user0_ where user0_.user_id=?
Hibernate: select character1_.character_id as characte1_6_, character1_.character_character_name as characte2_6_ from user user0_ inner join characters character1_ on user0_.character_id=character1_.character_id where user0_.user_id=?
Hibernate: select permission0_.character_id as characte6_12_0_, permission0_.permission_id as permissi1_12_0_, permission0_.permission_id as permissi1_12_1_, permission0_.character_id as characte6_12_1_, permission0_.permission_name as permissi2_12_1_, permission0_.permission_permission_unit_id as permissi3_12_1_, permission0_.permission_service as permissi4_12_1_, permission0_.permission_status as permissi5_12_1_ from permission permission0_ where permission0_.character_id=?
Hibernate: select category0_.category_id as col_0_0_ from category category0_ where category0_.category_name=? limit ?
Hibernate: select category0_.category_id as category1_5_1_, category0_.category_name as category2_5_1_, boardlist1_.category_id as category7_4_3_, boardlist1_.board_id as board_id1_4_3_, boardlist1_.board_id as board_id1_4_0_, boardlist1_.category_id as category7_4_0_, boardlist1_.board_content as board_co2_4_0_, boardlist1_.board_created_at as board_cr3_4_0_, boardlist1_.board_last_modified_at as board_la4_4_0_, boardlist1_.board_title as board_ti5_4_0_, boardlist1_.user_id as user_id8_4_0_, boardlist1_.board_views as board_vi6_4_0_ from category category0_ left outer join board boardlist1_ on category0_.category_id=boardlist1_.category_id where category0_.category_id=?
Hibernate: insert into category (category_id, category_name) values (default, ?)
Hibernate: select user0_.user_id as col_0_0_ from user user0_ where user0_.user_user_id=? limit ?
Hibernate: select user0_.user_id as col_0_0_ from user user0_ where user0_.user_user_id=? limit ?
Hibernate: select U.* from USER U where U.USER_USER_ID =?
Hibernate: select character0_.character_id as characte1_6_0_, character0_.character_character_name as characte2_6_0_ from characters character0_ where character0_.character_id=?
Hibernate: select user0_.user_id as col_0_0_ from user user0_ where user0_.user_user_id=? limit ?
Hibernate: select user0_.user_id as col_0_0_ from user user0_ where user0_.user_user_id=? limit ?
Hibernate: select U.* from USER U where U.USER_USER_ID =?
Hibernate: select character0_.character_id as characte1_6_0_, character0_.character_character_name as characte2_6_0_ from characters character0_ where character0_.character_id=?
Hibernate: select user0_.user_id as user_id1_21_0_, user0_.character_id as characte7_21_0_, user0_.user_created_at as user_cre2_21_0_, user0_.user_name as user_nam3_21_0_, user0_.user_phone_number as user_pho4_21_0_, user0_.user_user_id as user_use5_21_0_, user0_.user_user_password as user_use6_21_0_ from user user0_ where user0_.user_id=?
Hibernate: select character0_.character_id as characte1_6_0_, character0_.character_character_name as characte2_6_0_ from characters character0_ where character0_.character_id=?
Hibernate: select count(*) as col_0_0_ from board board0_
Hibernate: select count(*) as col_0_0_ from board board0_
Hibernate: select user0_.user_id as col_0_0_ from user user0_ where user0_.user_user_id=? limit ?
Hibernate: select user0_.user_id as col_0_0_ from user user0_ where user0_.user_user_id=? limit ?
Hibernate: select U.* from USER U where U.USER_USER_ID =?
Hibernate: select character0_.character_id as characte1_6_0_, character0_.character_character_name as characte2_6_0_ from characters character0_ where character0_.character_id=?
Hibernate: select user0_.user_id as user_id1_21_0_, user0_.character_id as characte7_21_0_, user0_.user_created_at as user_cre2_21_0_, user0_.user_name as user_nam3_21_0_, user0_.user_phone_number as user_pho4_21_0_, user0_.user_user_id as user_use5_21_0_, user0_.user_user_password as user_use6_21_0_ from user user0_ where user0_.user_id=?
Hibernate: select character0_.character_id as characte1_6_0_, character0_.character_character_name as characte2_6_0_ from characters character0_ where character0_.character_id=?
Hibernate: select category0_.category_id as category1_5_, category0_.category_name as category2_5_ from category category0_
Hibernate: select boardlist0_.category_id as category7_4_0_, boardlist0_.board_id as board_id1_4_0_, boardlist0_.board_id as board_id1_4_1_, boardlist0_.category_id as category7_4_1_, boardlist0_.board_content as board_co2_4_1_, boardlist0_.board_created_at as board_cr3_4_1_, boardlist0_.board_last_modified_at as board_la4_4_1_, boardlist0_.board_title as board_ti5_4_1_, boardlist0_.user_id as user_id8_4_1_, boardlist0_.board_views as board_vi6_4_1_ from board boardlist0_ where boardlist0_.category_id=?
Hibernate: select boardlist0_.category_id as category7_4_0_, boardlist0_.board_id as board_id1_4_0_, boardlist0_.board_id as board_id1_4_1_, boardlist0_.category_id as category7_4_1_, boardlist0_.board_content as board_co2_4_1_, boardlist0_.board_created_at as board_cr3_4_1_, boardlist0_.board_last_modified_at as board_la4_4_1_, boardlist0_.board_title as board_ti5_4_1_, boardlist0_.user_id as user_id8_4_1_, boardlist0_.board_views as board_vi6_4_1_ from board boardlist0_ where boardlist0_.category_id=?
Hibernate: select user0_.user_id as user_id1_21_0_, user0_.character_id as characte7_21_0_, user0_.user_created_at as user_cre2_21_0_, user0_.user_name as user_nam3_21_0_, user0_.user_phone_number as user_pho4_21_0_, user0_.user_user_id as user_use5_21_0_, user0_.user_user_password as user_use6_21_0_ from user user0_ where user0_.user_id=?
Hibernate: select character0_.character_id as characte1_6_0_, character0_.character_character_name as characte2_6_0_ from characters character0_ where character0_.character_id=?
Hibernate: select count(*) as col_0_0_ from user user0_ where user0_.user_id=?
Hibernate: select character1_.character_id as characte1_6_, character1_.character_character_name as characte2_6_ from user user0_ inner join characters character1_ on user0_.character_id=character1_.character_id where user0_.user_id=?
Hibernate: select permission0_.character_id as characte6_12_0_, permission0_.permission_id as permissi1_12_0_, permission0_.permission_id as permissi1_12_1_, permission0_.character_id as characte6_12_1_, permission0_.permission_name as permissi2_12_1_, permission0_.permission_permission_unit_id as permissi3_12_1_, permission0_.permission_service as permissi4_12_1_, permission0_.permission_status as permissi5_12_1_ from permission permission0_ where permission0_.character_id=?
Hibernate: select count(*) as col_0_0_ from category category0_ where category0_.category_id=?
Hibernate: select count(board0_.board_id) as col_0_0_ from board board0_ where board0_.category_id=?
Hibernate: select category0_.category_id as category1_5_0_, category0_.category_name as category2_5_0_ from category category0_ where category0_.category_id=?
Hibernate: select boardlist0_.category_id as category7_4_0_, boardlist0_.board_id as board_id1_4_0_, boardlist0_.board_id as board_id1_4_1_, boardlist0_.category_id as category7_4_1_, boardlist0_.board_content as board_co2_4_1_, boardlist0_.board_created_at as board_cr3_4_1_, boardlist0_.board_last_modified_at as board_la4_4_1_, boardlist0_.board_title as board_ti5_4_1_, boardlist0_.user_id as user_id8_4_1_, boardlist0_.board_views as board_vi6_4_1_ from board boardlist0_ where boardlist0_.category_id=?
Hibernate: delete from category where category_id=?
Hibernate: select user0_.user_id as user_id1_21_0_, user0_.character_id as characte7_21_0_, user0_.user_created_at as user_cre2_21_0_, user0_.user_name as user_nam3_21_0_, user0_.user_phone_number as user_pho4_21_0_, user0_.user_user_id as user_use5_21_0_, user0_.user_user_password as user_use6_21_0_ from user user0_ where user0_.user_id=?
Hibernate: select character0_.character_id as characte1_6_0_, character0_.character_character_name as characte2_6_0_ from characters character0_ where character0_.character_id=?
Hibernate: select count(*) as col_0_0_ from user user0_ where user0_.user_id=?
Hibernate: select character1_.character_id as characte1_6_, character1_.character_character_name as characte2_6_ from user user0_ inner join characters character1_ on user0_.character_id=character1_.character_id where user0_.user_id=?
Hibernate: select permission0_.character_id as characte6_12_0_, permission0_.permission_id as permissi1_12_0_, permission0_.permission_id as permissi1_12_1_, permission0_.character_id as characte6_12_1_, permission0_.permission_name as permissi2_12_1_, permission0_.permission_permission_unit_id as permissi3_12_1_, permission0_.permission_service as permissi4_12_1_, permission0_.permission_status as permissi5_12_1_ from permission permission0_ where permission0_.character_id=?
Hibernate: select count(*) as col_0_0_ from category category0_ where category0_.category_id=?
Hibernate: select count(board0_.board_id) as col_0_0_ from board board0_ where board0_.category_id=?
Hibernate: select category0_.category_id as category1_5_0_, category0_.category_name as category2_5_0_ from category category0_ where category0_.category_id=?
Hibernate: select boardlist0_.category_id as category7_4_0_, boardlist0_.board_id as board_id1_4_0_, boardlist0_.board_id as board_id1_4_1_, boardlist0_.category_id as category7_4_1_, boardlist0_.board_content as board_co2_4_1_, boardlist0_.board_created_at as board_cr3_4_1_, boardlist0_.board_last_modified_at as board_la4_4_1_, boardlist0_.board_title as board_ti5_4_1_, boardlist0_.user_id as user_id8_4_1_, boardlist0_.board_views as board_vi6_4_1_ from board boardlist0_ where boardlist0_.category_id=?
Hibernate: delete from category where category_id=?
Hibernate: select user0_.user_id as user_id1_21_0_, user0_.character_id as characte7_21_0_, user0_.user_created_at as user_cre2_21_0_, user0_.user_name as user_nam3_21_0_, user0_.user_phone_number as user_pho4_21_0_, user0_.user_user_id as user_use5_21_0_, user0_.user_user_password as user_use6_21_0_ from user user0_ where user0_.user_id=?
Hibernate: select character0_.character_id as characte1_6_0_, character0_.character_character_name as characte2_6_0_ from characters character0_ where character0_.character_id=?
Hibernate: select count(*) as col_0_0_ from user user0_ where user0_.user_id=?
Hibernate: select character1_.character_id as characte1_6_, character1_.character_character_name as characte2_6_ from user user0_ inner join characters character1_ on user0_.character_id=character1_.character_id where user0_.user_id=?
Hibernate: select permission0_.character_id as characte6_12_0_, permission0_.permission_id as permissi1_12_0_, permission0_.permission_id as permissi1_12_1_, permission0_.character_id as characte6_12_1_, permission0_.permission_name as permissi2_12_1_, permission0_.permission_permission_unit_id as permissi3_12_1_, permission0_.permission_service as permissi4_12_1_, permission0_.permission_status as permissi5_12_1_ from permission permission0_ where permission0_.character_id=?
Hibernate: select category0_.category_id as col_0_0_ from category category0_ where category0_.category_name=? limit ?
Hibernate: select category0_.category_id as category1_5_1_, category0_.category_name as category2_5_1_, boardlist1_.category_id as category7_4_3_, boardlist1_.board_id as board_id1_4_3_, boardlist1_.board_id as board_id1_4_0_, boardlist1_.category_id as category7_4_0_, boardlist1_.board_content as board_co2_4_0_, boardlist1_.board_created_at as board_cr3_4_0_, boardlist1_.board_last_modified_at as board_la4_4_0_, boardlist1_.board_title as board_ti5_4_0_, boardlist1_.user_id as user_id8_4_0_, boardlist1_.board_views as board_vi6_4_0_ from category category0_ left outer join board boardlist1_ on category0_.category_id=boardlist1_.category_id where category0_.category_id=?
Hibernate: insert into category (category_id, category_name) values (default, ?)
Hibernate: select user0_.user_id as user_id1_21_0_, user0_.character_id as characte7_21_0_, user0_.user_created_at as user_cre2_21_0_, user0_.user_name as user_nam3_21_0_, user0_.user_phone_number as user_pho4_21_0_, user0_.user_user_id as user_use5_21_0_, user0_.user_user_password as user_use6_21_0_ from user user0_ where user0_.user_id=?
Hibernate: select character0_.character_id as characte1_6_0_, character0_.character_character_name as characte2_6_0_ from characters character0_ where character0_.character_id=?
Hibernate: select count(*) as col_0_0_ from user user0_ where user0_.user_id=?
Hibernate: select character1_.character_id as characte1_6_, character1_.character_character_name as characte2_6_ from user user0_ inner join characters character1_ on user0_.character_id=character1_.character_id where user0_.user_id=?
Hibernate: select permission0_.character_id as characte6_12_0_, permission0_.permission_id as permissi1_12_0_, permission0_.permission_id as permissi1_12_1_, permission0_.character_id as characte6_12_1_, permission0_.permission_name as permissi2_12_1_, permission0_.permission_permission_unit_id as permissi3_12_1_, permission0_.permission_service as permissi4_12_1_, permission0_.permission_status as permissi5_12_1_ from permission permission0_ where permission0_.character_id=?
Hibernate: select category0_.category_id as col_0_0_ from category category0_ where category0_.category_name=? limit ?
Hibernate: select category0_.category_id as category1_5_1_, category0_.category_name as category2_5_1_, boardlist1_.category_id as category7_4_3_, boardlist1_.board_id as board_id1_4_3_, boardlist1_.board_id as board_id1_4_0_, boardlist1_.category_id as category7_4_0_, boardlist1_.board_content as board_co2_4_0_, boardlist1_.board_created_at as board_cr3_4_0_, boardlist1_.board_last_modified_at as board_la4_4_0_, boardlist1_.board_title as board_ti5_4_0_, boardlist1_.user_id as user_id8_4_0_, boardlist1_.board_views as board_vi6_4_0_ from category category0_ left outer join board boardlist1_ on category0_.category_id=boardlist1_.category_id where category0_.category_id=?
Hibernate: insert into category (category_id, category_name) values (default, ?)
Hibernate: select user0_.user_id as col_0_0_ from user user0_ where user0_.user_user_id=? limit ?
Hibernate: select user0_.user_id as col_0_0_ from user user0_ where user0_.user_user_id=? limit ?
Hibernate: select U.* from USER U where U.USER_USER_ID =?
Hibernate: select character0_.character_id as characte1_6_0_, character0_.character_character_name as characte2_6_0_ from characters character0_ where character0_.character_id=?
Hibernate: select user0_.user_id as col_0_0_ from user user0_ where user0_.user_user_id=? limit ?
Hibernate: select user0_.user_id as col_0_0_ from user user0_ where user0_.user_user_id=? limit ?
Hibernate: select U.* from USER U where U.USER_USER_ID =?
Hibernate: select character0_.character_id as characte1_6_0_, character0_.character_character_name as characte2_6_0_ from characters character0_ where character0_.character_id=?
Hibernate: select user0_.user_id as user_id1_21_0_, user0_.character_id as characte7_21_0_, user0_.user_created_at as user_cre2_21_0_, user0_.user_name as user_nam3_21_0_, user0_.user_phone_number as user_pho4_21_0_, user0_.user_user_id as user_use5_21_0_, user0_.user_user_password as user_use6_21_0_ from user user0_ where user0_.user_id=?
Hibernate: select character0_.character_id as characte1_6_0_, character0_.character_character_name as characte2_6_0_ from characters character0_ where character0_.character_id=?
Hibernate: select count(*) as col_0_0_ from user user0_ where user0_.user_id=?
Hibernate: select character1_.character_id as characte1_6_, character1_.character_character_name as characte2_6_ from user user0_ inner join characters character1_ on user0_.character_id=character1_.character_id where user0_.user_id=?
Hibernate: select permission0_.character_id as characte6_12_0_, permission0_.permission_id as permissi1_12_0_, permission0_.permission_id as permissi1_12_1_, permission0_.character_id as characte6_12_1_, permission0_.permission_name as permissi2_12_1_, permission0_.permission_permission_unit_id as permissi3_12_1_, permission0_.permission_service as permissi4_12_1_, permission0_.permission_status as permissi5_12_1_ from permission permission0_ where permission0_.character_id=?
Hibernate: select category0_.category_id as col_0_0_ from category category0_ where category0_.category_name=? limit ?
Hibernate: select category0_.category_id as category1_5_1_, category0_.category_name as category2_5_1_, boardlist1_.category_id as category7_4_3_, boardlist1_.board_id as board_id1_4_3_, boardlist1_.board_id as board_id1_4_0_, boardlist1_.category_id as category7_4_0_, boardlist1_.board_content as board_co2_4_0_, boardlist1_.board_created_at as board_cr3_4_0_, boardlist1_.board_last_modified_at as board_la4_4_0_, boardlist1_.board_title as board_ti5_4_0_, boardlist1_.user_id as user_id8_4_0_, boardlist1_.board_views as board_vi6_4_0_ from category category0_ left outer join board boardlist1_ on category0_.category_id=boardlist1_.category_id where category0_.category_id=?
Hibernate: insert into category (category_id, category_name) values (default, ?)
Hibernate: select user0_.user_id as user_id1_21_0_, user0_.character_id as characte7_21_0_, user0_.user_created_at as user_cre2_21_0_, user0_.user_name as user_nam3_21_0_, user0_.user_phone_number as user_pho4_21_0_, user0_.user_user_id as user_use5_21_0_, user0_.user_user_password as user_use6_21_0_ from user user0_ where user0_.user_id=?
Hibernate: select character0_.character_id as characte1_6_0_, character0_.character_character_name as characte2_6_0_ from characters character0_ where character0_.character_id=?
Hibernate: select category0_.category_id as category1_5_, category0_.category_name as category2_5_ from category category0_
Hibernate: select boardlist0_.category_id as category7_4_0_, boardlist0_.board_id as board_id1_4_0_, boardlist0_.board_id as board_id1_4_1_, boardlist0_.category_id as category7_4_1_, boardlist0_.board_content as board_co2_4_1_, boardlist0_.board_created_at as board_cr3_4_1_, boardlist0_.board_last_modified_at as board_la4_4_1_, boardlist0_.board_title as board_ti5_4_1_, boardlist0_.user_id as user_id8_4_1_, boardlist0_.board_views as board_vi6_4_1_ from board boardlist0_ where boardlist0_.category_id=?
Hibernate: select boardlist0_.category_id as category7_4_0_, boardlist0_.board_id as board_id1_4_0_, boardlist0_.board_id as board_id1_4_1_, boardlist0_.category_id as category7_4_1_, boardlist0_.board_content as board_co2_4_1_, boardlist0_.board_created_at as board_cr3_4_1_, boardlist0_.board_last_modified_at as board_la4_4_1_, boardlist0_.board_title as board_ti5_4_1_, boardlist0_.user_id as user_id8_4_1_, boardlist0_.board_views as board_vi6_4_1_ from board boardlist0_ where boardlist0_.category_id=?
Hibernate: select boardlist0_.category_id as category7_4_0_, boardlist0_.board_id as board_id1_4_0_, boardlist0_.board_id as board_id1_4_1_, boardlist0_.category_id as category7_4_1_, boardlist0_.board_content as board_co2_4_1_, boardlist0_.board_created_at as board_cr3_4_1_, boardlist0_.board_last_modified_at as board_la4_4_1_, boardlist0_.board_title as board_ti5_4_1_, boardlist0_.user_id as user_id8_4_1_, boardlist0_.board_views as board_vi6_4_1_ from board boardlist0_ where boardlist0_.category_id=?
Hibernate: select user0_.user_id as user_id1_21_0_, user0_.character_id as characte7_21_0_, user0_.user_created_at as user_cre2_21_0_, user0_.user_name as user_nam3_21_0_, user0_.user_phone_number as user_pho4_21_0_, user0_.user_user_id as user_use5_21_0_, user0_.user_user_password as user_use6_21_0_ from user user0_ where user0_.user_id=?
Hibernate: select character0_.character_id as characte1_6_0_, character0_.character_character_name as characte2_6_0_ from characters character0_ where character0_.character_id=?
Hibernate: select count(*) as col_0_0_ from user user0_ where user0_.user_id=?
Hibernate: select character1_.character_id as characte1_6_, character1_.character_character_name as characte2_6_ from user user0_ inner join characters character1_ on user0_.character_id=character1_.character_id where user0_.user_id=?
Hibernate: select permission0_.character_id as characte6_12_0_, permission0_.permission_id as permissi1_12_0_, permission0_.permission_id as permissi1_12_1_, permission0_.character_id as characte6_12_1_, permission0_.permission_name as permissi2_12_1_, permission0_.permission_permission_unit_id as permissi3_12_1_, permission0_.permission_service as permissi4_12_1_, permission0_.permission_status as permissi5_12_1_ from permission permission0_ where permission0_.character_id=?
Hibernate: select count(*) as col_0_0_ from category category0_ where category0_.category_id=?
Hibernate: select count(board0_.board_id) as col_0_0_ from board board0_ where board0_.category_id=?
Hibernate: select category0_.category_id as category1_5_0_, category0_.category_name as category2_5_0_ from category category0_ where category0_.category_id=?
Hibernate: select boardlist0_.category_id as category7_4_0_, boardlist0_.board_id as board_id1_4_0_, boardlist0_.board_id as board_id1_4_1_, boardlist0_.category_id as category7_4_1_, boardlist0_.board_content as board_co2_4_1_, boardlist0_.board_created_at as board_cr3_4_1_, boardlist0_.board_last_modified_at as board_la4_4_1_, boardlist0_.board_title as board_ti5_4_1_, boardlist0_.user_id as user_id8_4_1_, boardlist0_.board_views as board_vi6_4_1_ from board boardlist0_ where boardlist0_.category_id=?
Hibernate: delete from category where category_id=?
Hibernate: select user0_.user_id as col_0_0_ from user user0_ where user0_.user_user_id=? limit ?
Hibernate: select user0_.user_id as col_0_0_ from user user0_ where user0_.user_user_id=? limit ?
Hibernate: select U.* from USER U where U.USER_USER_ID =?
Hibernate: select character0_.character_id as characte1_6_0_, character0_.character_character_name as characte2_6_0_ from characters character0_ where character0_.character_id=?
Hibernate: select user0_.user_id as user_id1_21_0_, user0_.character_id as characte7_21_0_, user0_.user_created_at as user_cre2_21_0_, user0_.user_name as user_nam3_21_0_, user0_.user_phone_number as user_pho4_21_0_, user0_.user_user_id as user_use5_21_0_, user0_.user_user_password as user_use6_21_0_ from user user0_ where user0_.user_id=?
Hibernate: select character0_.character_id as characte1_6_0_, character0_.character_character_name as characte2_6_0_ from characters character0_ where character0_.character_id=?
Hibernate: select count(*) as col_0_0_ from board board0_
Hibernate: select count(*) as col_0_0_ from board board0_
Hibernate: select user0_.user_id as col_0_0_ from user user0_ where user0_.user_user_id=? limit ?
Hibernate: select user0_.user_id as col_0_0_ from user user0_ where user0_.user_user_id=? limit ?
Hibernate: select U.* from USER U where U.USER_USER_ID =?
Hibernate: select character0_.character_id as characte1_6_0_, character0_.character_character_name as characte2_6_0_ from characters character0_ where character0_.character_id=?
Hibernate: select user0_.user_id as user_id1_21_0_, user0_.character_id as characte7_21_0_, user0_.user_created_at as user_cre2_21_0_, user0_.user_name as user_nam3_21_0_, user0_.user_phone_number as user_pho4_21_0_, user0_.user_user_id as user_use5_21_0_, user0_.user_user_password as user_use6_21_0_ from user user0_ where user0_.user_id=?
Hibernate: select character0_.character_id as characte1_6_0_, character0_.character_character_name as characte2_6_0_ from characters character0_ where character0_.character_id=?
Hibernate: select category0_.category_id as category1_5_, category0_.category_name as category2_5_ from category category0_
Hibernate: select boardlist0_.category_id as category7_4_0_, boardlist0_.board_id as board_id1_4_0_, boardlist0_.board_id as board_id1_4_1_, boardlist0_.category_id as category7_4_1_, boardlist0_.board_content as board_co2_4_1_, boardlist0_.board_created_at as board_cr3_4_1_, boardlist0_.board_last_modified_at as board_la4_4_1_, boardlist0_.board_title as board_ti5_4_1_, boardlist0_.user_id as user_id8_4_1_, boardlist0_.board_views as board_vi6_4_1_ from board boardlist0_ where boardlist0_.category_id=?
Hibernate: select boardlist0_.category_id as category7_4_0_, boardlist0_.board_id as board_id1_4_0_, boardlist0_.board_id as board_id1_4_1_, boardlist0_.category_id as category7_4_1_, boardlist0_.board_content as board_co2_4_1_, boardlist0_.board_created_at as board_cr3_4_1_, boardlist0_.board_last_modified_at as board_la4_4_1_, boardlist0_.board_title as board_ti5_4_1_, boardlist0_.user_id as user_id8_4_1_, boardlist0_.board_views as board_vi6_4_1_ from board boardlist0_ where boardlist0_.category_id=?
Hibernate: select user0_.user_id as user_id1_21_0_, user0_.character_id as characte7_21_0_, user0_.user_created_at as user_cre2_21_0_, user0_.user_name as user_nam3_21_0_, user0_.user_phone_number as user_pho4_21_0_, user0_.user_user_id as user_use5_21_0_, user0_.user_user_password as user_use6_21_0_ from user user0_ where user0_.user_id=?
Hibernate: select character0_.character_id as characte1_6_0_, character0_.character_character_name as characte2_6_0_ from characters character0_ where character0_.character_id=?
Hibernate: select count(*) as col_0_0_ from user user0_ where user0_.user_id=?
Hibernate: select character1_.character_id as characte1_6_, character1_.character_character_name as characte2_6_ from user user0_ inner join characters character1_ on user0_.character_id=character1_.character_id where user0_.user_id=?
Hibernate: select permission0_.character_id as characte6_12_0_, permission0_.permission_id as permissi1_12_0_, permission0_.permission_id as permissi1_12_1_, permission0_.character_id as characte6_12_1_, permission0_.permission_name as permissi2_12_1_, permission0_.permission_permission_unit_id as permissi3_12_1_, permission0_.permission_service as permissi4_12_1_, permission0_.permission_status as permissi5_12_1_ from permission permission0_ where permission0_.character_id=?
Hibernate: select count(*) as col_0_0_ from category category0_ where category0_.category_id=?
Hibernate: select count(board0_.board_id) as col_0_0_ from board board0_ where board0_.category_id=?
Hibernate: select category0_.category_id as category1_5_0_, category0_.category_name as category2_5_0_ from category category0_ where category0_.category_id=?
Hibernate: select boardlist0_.category_id as category7_4_0_, boardlist0_.board_id as board_id1_4_0_, boardlist0_.board_id as board_id1_4_1_, boardlist0_.category_id as category7_4_1_, boardlist0_.board_content as board_co2_4_1_, boardlist0_.board_created_at as board_cr3_4_1_, boardlist0_.board_last_modified_at as board_la4_4_1_, boardlist0_.board_title as board_ti5_4_1_, boardlist0_.user_id as user_id8_4_1_, boardlist0_.board_views as board_vi6_4_1_ from board boardlist0_ where boardlist0_.category_id=?
Hibernate: delete from category where category_id=?
Hibernate: select user0_.user_id as user_id1_21_0_, user0_.character_id as characte7_21_0_, user0_.user_created_at as user_cre2_21_0_, user0_.user_name as user_nam3_21_0_, user0_.user_phone_number as user_pho4_21_0_, user0_.user_user_id as user_use5_21_0_, user0_.user_user_password as user_use6_21_0_ from user user0_ where user0_.user_id=?
Hibernate: select character0_.character_id as characte1_6_0_, character0_.character_character_name as characte2_6_0_ from characters character0_ where character0_.character_id=?
Hibernate: select count(*) as col_0_0_ from user user0_ where user0_.user_id=?
Hibernate: select character1_.character_id as characte1_6_, character1_.character_character_name as characte2_6_ from user user0_ inner join characters character1_ on user0_.character_id=character1_.character_id where user0_.user_id=?
Hibernate: select permission0_.character_id as characte6_12_0_, permission0_.permission_id as permissi1_12_0_, permission0_.permission_id as permissi1_12_1_, permission0_.character_id as characte6_12_1_, permission0_.permission_name as permissi2_12_1_, permission0_.permission_permission_unit_id as permissi3_12_1_, permission0_.permission_service as permissi4_12_1_, permission0_.permission_status as permissi5_12_1_ from permission permission0_ where permission0_.character_id=?
Hibernate: select count(*) as col_0_0_ from category category0_ where category0_.category_id=?
Hibernate: select count(board0_.board_id) as col_0_0_ from board board0_ where board0_.category_id=?
Hibernate: select category0_.category_id as category1_5_0_, category0_.category_name as category2_5_0_ from category category0_ where category0_.category_id=?
Hibernate: select boardlist0_.category_id as category7_4_0_, boardlist0_.board_id as board_id1_4_0_, boardlist0_.board_id as board_id1_4_1_, boardlist0_.category_id as category7_4_1_, boardlist0_.board_content as board_co2_4_1_, boardlist0_.board_created_at as board_cr3_4_1_, boardlist0_.board_last_modified_at as board_la4_4_1_, boardlist0_.board_title as board_ti5_4_1_, boardlist0_.user_id as user_id8_4_1_, boardlist0_.board_views as board_vi6_4_1_ from board boardlist0_ where boardlist0_.category_id=?
Hibernate: delete from category where category_id=?
Hibernate: select user0_.user_id as user_id1_21_0_, user0_.character_id as characte7_21_0_, user0_.user_created_at as user_cre2_21_0_, user0_.user_name as user_nam3_21_0_, user0_.user_phone_number as user_pho4_21_0_, user0_.user_user_id as user_use5_21_0_, user0_.user_user_password as user_use6_21_0_ from user user0_ where user0_.user_id=?
Hibernate: select character0_.character_id as characte1_6_0_, character0_.character_character_name as characte2_6_0_ from characters character0_ where character0_.character_id=?
Hibernate: select count(*) as col_0_0_ from user user0_ where user0_.user_id=?
Hibernate: select character1_.character_id as characte1_6_, character1_.character_character_name as characte2_6_ from user user0_ inner join characters character1_ on user0_.character_id=character1_.character_id where user0_.user_id=?
Hibernate: select permission0_.character_id as characte6_12_0_, permission0_.permission_id as permissi1_12_0_, permission0_.permission_id as permissi1_12_1_, permission0_.character_id as characte6_12_1_, permission0_.permission_name as permissi2_12_1_, permission0_.permission_permission_unit_id as permissi3_12_1_, permission0_.permission_service as permissi4_12_1_, permission0_.permission_status as permissi5_12_1_ from permission permission0_ where permission0_.character_id=?
Hibernate: select category0_.category_id as col_0_0_ from category category0_ where category0_.category_name=? limit ?
Hibernate: select category0_.category_id as category1_5_1_, category0_.category_name as category2_5_1_, boardlist1_.category_id as category7_4_3_, boardlist1_.board_id as board_id1_4_3_, boardlist1_.board_id as board_id1_4_0_, boardlist1_.category_id as category7_4_0_, boardlist1_.board_content as board_co2_4_0_, boardlist1_.board_created_at as board_cr3_4_0_, boardlist1_.board_last_modified_at as board_la4_4_0_, boardlist1_.board_title as board_ti5_4_0_, boardlist1_.user_id as user_id8_4_0_, boardlist1_.board_views as board_vi6_4_0_ from category category0_ left outer join board boardlist1_ on category0_.category_id=boardlist1_.category_id where category0_.category_id=?
Hibernate: insert into category (category_id, category_name) values (default, ?)
Hibernate: select user0_.user_id as user_id1_21_0_, user0_.character_id as characte7_21_0_, user0_.user_created_at as user_cre2_21_0_, user0_.user_name as user_nam3_21_0_, user0_.user_phone_number as user_pho4_21_0_, user0_.user_user_id as user_use5_21_0_, user0_.user_user_password as user_use6_21_0_ from user user0_ where user0_.user_id=?
Hibernate: select character0_.character_id as characte1_6_0_, character0_.character_character_name as characte2_6_0_ from characters character0_ where character0_.character_id=?
Hibernate: select count(*) as col_0_0_ from user user0_ where user0_.user_id=?
Hibernate: select character1_.character_id as characte1_6_, character1_.character_character_name as characte2_6_ from user user0_ inner join characters character1_ on user0_.character_id=character1_.character_id where user0_.user_id=?
Hibernate: select permission0_.character_id as characte6_12_0_, permission0_.permission_id as permissi1_12_0_, permission0_.permission_id as permissi1_12_1_, permission0_.character_id as characte6_12_1_, permission0_.permission_name as permissi2_12_1_, permission0_.permission_permission_unit_id as permissi3_12_1_, permission0_.permission_service as permissi4_12_1_, permission0_.permission_status as permissi5_12_1_ from permission permission0_ where permission0_.character_id=?
Hibernate: select category0_.category_id as col_0_0_ from category category0_ where category0_.category_name=? limit ?
Hibernate: select category0_.category_id as category1_5_1_, category0_.category_name as category2_5_1_, boardlist1_.category_id as category7_4_3_, boardlist1_.board_id as board_id1_4_3_, boardlist1_.board_id as board_id1_4_0_, boardlist1_.category_id as category7_4_0_, boardlist1_.board_content as board_co2_4_0_, boardlist1_.board_created_at as board_cr3_4_0_, boardlist1_.board_last_modified_at as board_la4_4_0_, boardlist1_.board_title as board_ti5_4_0_, boardlist1_.user_id as user_id8_4_0_, boardlist1_.board_views as board_vi6_4_0_ from category category0_ left outer join board boardlist1_ on category0_.category_id=boardlist1_.category_id where category0_.category_id=?
Hibernate: insert into category (category_id, category_name) values (default, ?)
Hibernate: select user0_.user_id as col_0_0_ from user user0_ where user0_.user_user_id=? limit ?
Hibernate: select user0_.user_id as col_0_0_ from user user0_ where user0_.user_user_id=? limit ?
Hibernate: select U.* from USER U where U.USER_USER_ID =?
Hibernate: select character0_.character_id as characte1_6_0_, character0_.character_character_name as characte2_6_0_ from characters character0_ where character0_.character_id=?
Hibernate: select user0_.user_id as col_0_0_ from user user0_ where user0_.user_user_id=? limit ?
Hibernate: select user0_.user_id as col_0_0_ from user user0_ where user0_.user_user_id=? limit ?
Hibernate: select U.* from USER U where U.USER_USER_ID =?
Hibernate: select character0_.character_id as characte1_6_0_, character0_.character_character_name as characte2_6_0_ from characters character0_ where character0_.character_id=?
Hibernate: select user0_.user_id as user_id1_21_0_, user0_.character_id as characte7_21_0_, user0_.user_created_at as user_cre2_21_0_, user0_.user_name as user_nam3_21_0_, user0_.user_phone_number as user_pho4_21_0_, user0_.user_user_id as user_use5_21_0_, user0_.user_user_password as user_use6_21_0_ from user user0_ where user0_.user_id=?
Hibernate: select character0_.character_id as characte1_6_0_, character0_.character_character_name as characte2_6_0_ from characters character0_ where character0_.character_id=?
Hibernate: select count(*) as col_0_0_ from board board0_
Hibernate: select count(*) as col_0_0_ from board board0_
Hibernate: select user0_.user_id as col_0_0_ from user user0_ where user0_.user_user_id=? limit ?
Hibernate: select user0_.user_id as col_0_0_ from user user0_ where user0_.user_user_id=? limit ?
Hibernate: select U.* from USER U where U.USER_USER_ID =?
Hibernate: select character0_.character_id as characte1_6_0_, character0_.character_character_name as characte2_6_0_ from characters character0_ where character0_.character_id=?
Hibernate: select user0_.user_id as user_id1_21_0_, user0_.character_id as characte7_21_0_, user0_.user_created_at as user_cre2_21_0_, user0_.user_name as user_nam3_21_0_, user0_.user_phone_number as user_pho4_21_0_, user0_.user_user_id as user_use5_21_0_, user0_.user_user_password as user_use6_21_0_ from user user0_ where user0_.user_id=?
Hibernate: select character0_.character_id as characte1_6_0_, character0_.character_character_name as characte2_6_0_ from characters character0_ where character0_.character_id=?
Hibernate: select category0_.category_id as category1_5_, category0_.category_name as category2_5_ from category category0_
Hibernate: select boardlist0_.category_id as category7_4_0_, boardlist0_.board_id as board_id1_4_0_, boardlist0_.board_id as board_id1_4_1_, boardlist0_.category_id as category7_4_1_, boardlist0_.board_content as board_co2_4_1_, boardlist0_.board_created_at as board_cr3_4_1_, boardlist0_.board_last_modified_at as board_la4_4_1_, boardlist0_.board_title as board_ti5_4_1_, boardlist0_.user_id as user_id8_4_1_, boardlist0_.board_views as board_vi6_4_1_ from board boardlist0_ where boardlist0_.category_id=?
Hibernate: select boardlist0_.category_id as category7_4_0_, boardlist0_.board_id as board_id1_4_0_, boardlist0_.board_id as board_id1_4_1_, boardlist0_.category_id as category7_4_1_, boardlist0_.board_content as board_co2_4_1_, boardlist0_.board_created_at as board_cr3_4_1_, boardlist0_.board_last_modified_at as board_la4_4_1_, boardlist0_.board_title as board_ti5_4_1_, boardlist0_.user_id as user_id8_4_1_, boardlist0_.board_views as board_vi6_4_1_ from board boardlist0_ where boardlist0_.category_id=?
Hibernate: select user0_.user_id as user_id1_21_0_, user0_.character_id as characte7_21_0_, user0_.user_created_at as user_cre2_21_0_, user0_.user_name as user_nam3_21_0_, user0_.user_phone_number as user_pho4_21_0_, user0_.user_user_id as user_use5_21_0_, user0_.user_user_password as user_use6_21_0_ from user user0_ where user0_.user_id=?
Hibernate: select character0_.character_id as characte1_6_0_, character0_.character_character_name as characte2_6_0_ from characters character0_ where character0_.character_id=?
Hibernate: select count(*) as col_0_0_ from user user0_ where user0_.user_id=?
Hibernate: select character1_.character_id as characte1_6_, character1_.character_character_name as characte2_6_ from user user0_ inner join characters character1_ on user0_.character_id=character1_.character_id where user0_.user_id=?
Hibernate: select permission0_.character_id as characte6_12_0_, permission0_.permission_id as permissi1_12_0_, permission0_.permission_id as permissi1_12_1_, permission0_.character_id as characte6_12_1_, permission0_.permission_name as permissi2_12_1_, permission0_.permission_permission_unit_id as permissi3_12_1_, permission0_.permission_service as permissi4_12_1_, permission0_.permission_status as permissi5_12_1_ from permission permission0_ where permission0_.character_id=?
Hibernate: select count(*) as col_0_0_ from category category0_ where category0_.category_id=?
Hibernate: select count(board0_.board_id) as col_0_0_ from board board0_ where board0_.category_id=?
Hibernate: select category0_.category_id as category1_5_0_, category0_.category_name as category2_5_0_ from category category0_ where category0_.category_id=?
Hibernate: select boardlist0_.category_id as category7_4_0_, boardlist0_.board_id as board_id1_4_0_, boardlist0_.board_id as board_id1_4_1_, boardlist0_.category_id as category7_4_1_, boardlist0_.board_content as board_co2_4_1_, boardlist0_.board_created_at as board_cr3_4_1_, boardlist0_.board_last_modified_at as board_la4_4_1_, boardlist0_.board_title as board_ti5_4_1_, boardlist0_.user_id as user_id8_4_1_, boardlist0_.board_views as board_vi6_4_1_ from board boardlist0_ where boardlist0_.category_id=?
Hibernate: delete from category where category_id=?
Hibernate: select user0_.user_id as user_id1_21_0_, user0_.character_id as characte7_21_0_, user0_.user_created_at as user_cre2_21_0_, user0_.user_name as user_nam3_21_0_, user0_.user_phone_number as user_pho4_21_0_, user0_.user_user_id as user_use5_21_0_, user0_.user_user_password as user_use6_21_0_ from user user0_ where user0_.user_id=?
Hibernate: select character0_.character_id as characte1_6_0_, character0_.character_character_name as characte2_6_0_ from characters character0_ where character0_.character_id=?
Hibernate: select count(*) as col_0_0_ from user user0_ where user0_.user_id=?
Hibernate: select character1_.character_id as characte1_6_, character1_.character_character_name as characte2_6_ from user user0_ inner join characters character1_ on user0_.character_id=character1_.character_id where user0_.user_id=?
Hibernate: select permission0_.character_id as characte6_12_0_, permission0_.permission_id as permissi1_12_0_, permission0_.permission_id as permissi1_12_1_, permission0_.character_id as characte6_12_1_, permission0_.permission_name as permissi2_12_1_, permission0_.permission_permission_unit_id as permissi3_12_1_, permission0_.permission_service as permissi4_12_1_, permission0_.permission_status as permissi5_12_1_ from permission permission0_ where permission0_.character_id=?
Hibernate: select count(*) as col_0_0_ from category category0_ where category0_.category_id=?
Hibernate: select count(board0_.board_id) as col_0_0_ from board board0_ where board0_.category_id=?
Hibernate: select category0_.category_id as category1_5_0_, category0_.category_name as category2_5_0_ from category category0_ where category0_.category_id=?
Hibernate: select boardlist0_.category_id as category7_4_0_, boardlist0_.board_id as board_id1_4_0_, boardlist0_.board_id as board_id1_4_1_, boardlist0_.category_id as category7_4_1_, boardlist0_.board_content as board_co2_4_1_, boardlist0_.board_created_at as board_cr3_4_1_, boardlist0_.board_last_modified_at as board_la4_4_1_, boardlist0_.board_title as board_ti5_4_1_, boardlist0_.user_id as user_id8_4_1_, boardlist0_.board_views as board_vi6_4_1_ from board boardlist0_ where boardlist0_.category_id=?
Hibernate: delete from category where category_id=?
Hibernate: select user0_.user_id as user_id1_21_0_, user0_.character_id as characte7_21_0_, user0_.user_created_at as user_cre2_21_0_, user0_.user_name as user_nam3_21_0_, user0_.user_phone_number as user_pho4_21_0_, user0_.user_user_id as user_use5_21_0_, user0_.user_user_password as user_use6_21_0_ from user user0_ where user0_.user_id=?
Hibernate: select character0_.character_id as characte1_6_0_, character0_.character_character_name as characte2_6_0_ from characters character0_ where character0_.character_id=?
Hibernate: select count(*) as col_0_0_ from user user0_ where user0_.user_id=?
Hibernate: select character1_.character_id as characte1_6_, character1_.character_character_name as characte2_6_ from user user0_ inner join characters character1_ on user0_.character_id=character1_.character_id where user0_.user_id=?
Hibernate: select permission0_.character_id as characte6_12_0_, permission0_.permission_id as permissi1_12_0_, permission0_.permission_id as permissi1_12_1_, permission0_.character_id as characte6_12_1_, permission0_.permission_name as permissi2_12_1_, permission0_.permission_permission_unit_id as permissi3_12_1_, permission0_.permission_service as permissi4_12_1_, permission0_.permission_status as permissi5_12_1_ from permission permission0_ where permission0_.character_id=?
Hibernate: select category0_.category_id as col_0_0_ from category category0_ where category0_.category_name=? limit ?
Hibernate: select category0_.category_id as category1_5_1_, category0_.category_name as category2_5_1_, boardlist1_.category_id as category7_4_3_, boardlist1_.board_id as board_id1_4_3_, boardlist1_.board_id as board_id1_4_0_, boardlist1_.category_id as category7_4_0_, boardlist1_.board_content as board_co2_4_0_, boardlist1_.board_created_at as board_cr3_4_0_, boardlist1_.board_last_modified_at as board_la4_4_0_, boardlist1_.board_title as board_ti5_4_0_, boardlist1_.user_id as user_id8_4_0_, boardlist1_.board_views as board_vi6_4_0_ from category category0_ left outer join board boardlist1_ on category0_.category_id=boardlist1_.category_id where category0_.category_id=?
Hibernate: insert into category (category_id, category_name) values (default, ?)
Hibernate: select user0_.user_id as user_id1_21_0_, user0_.character_id as characte7_21_0_, user0_.user_created_at as user_cre2_21_0_, user0_.user_name as user_nam3_21_0_, user0_.user_phone_number as user_pho4_21_0_, user0_.user_user_id as user_use5_21_0_, user0_.user_user_password as user_use6_21_0_ from user user0_ where user0_.user_id=?
Hibernate: select character0_.character_id as characte1_6_0_, character0_.character_character_name as characte2_6_0_ from characters character0_ where character0_.character_id=?
Hibernate: select count(*) as col_0_0_ from user user0_ where user0_.user_id=?
Hibernate: select character1_.character_id as characte1_6_, character1_.character_character_name as characte2_6_ from user user0_ inner join characters character1_ on user0_.character_id=character1_.character_id where user0_.user_id=?
Hibernate: select permission0_.character_id as characte6_12_0_, permission0_.permission_id as permissi1_12_0_, permission0_.permission_id as permissi1_12_1_, permission0_.character_id as characte6_12_1_, permission0_.permission_name as permissi2_12_1_, permission0_.permission_permission_unit_id as permissi3_12_1_, permission0_.permission_service as permissi4_12_1_, permission0_.permission_status as permissi5_12_1_ from permission permission0_ where permission0_.character_id=?
Hibernate: select category0_.category_id as col_0_0_ from category category0_ where category0_.category_name=? limit ?
Hibernate: select category0_.category_id as category1_5_1_, category0_.category_name as category2_5_1_, boardlist1_.category_id as category7_4_3_, boardlist1_.board_id as board_id1_4_3_, boardlist1_.board_id as board_id1_4_0_, boardlist1_.category_id as category7_4_0_, boardlist1_.board_content as board_co2_4_0_, boardlist1_.board_created_at as board_cr3_4_0_, boardlist1_.board_last_modified_at as board_la4_4_0_, boardlist1_.board_title as board_ti5_4_0_, boardlist1_.user_id as user_id8_4_0_, boardlist1_.board_views as board_vi6_4_0_ from category category0_ left outer join board boardlist1_ on category0_.category_id=boardlist1_.category_id where category0_.category_id=?
Hibernate: insert into category (category_id, category_name) values (default, ?)
Hibernate: select user0_.user_id as col_0_0_ from user user0_ where user0_.user_user_id=? limit ?
Hibernate: select user0_.user_id as col_0_0_ from user user0_ where user0_.user_user_id=? limit ?
Hibernate: select U.* from USER U where U.USER_USER_ID =?
Hibernate: select character0_.character_id as characte1_6_0_, character0_.character_character_name as characte2_6_0_ from characters character0_ where character0_.character_id=?
Hibernate: select user0_.user_id as col_0_0_ from user user0_ where user0_.user_user_id=? limit ?
Hibernate: select user0_.user_id as col_0_0_ from user user0_ where user0_.user_user_id=? limit ?
Hibernate: select U.* from USER U where U.USER_USER_ID =?
Hibernate: select character0_.character_id as characte1_6_0_, character0_.character_character_name as characte2_6_0_ from characters character0_ where character0_.character_id=?
Hibernate: select user0_.user_id as user_id1_21_0_, user0_.character_id as characte7_21_0_, user0_.user_created_at as user_cre2_21_0_, user0_.user_name as user_nam3_21_0_, user0_.user_phone_number as user_pho4_21_0_, user0_.user_user_id as user_use5_21_0_, user0_.user_user_password as user_use6_21_0_ from user user0_ where user0_.user_id=?
Hibernate: select character0_.character_id as characte1_6_0_, character0_.character_character_name as characte2_6_0_ from characters character0_ where character0_.character_id=?
Hibernate: select count(*) as col_0_0_ from user user0_ where user0_.user_id=?
Hibernate: select character1_.character_id as characte1_6_, character1_.character_character_name as characte2_6_ from user user0_ inner join characters character1_ on user0_.character_id=character1_.character_id where user0_.user_id=?
Hibernate: select permission0_.character_id as characte6_12_0_, permission0_.permission_id as permissi1_12_0_, permission0_.permission_id as permissi1_12_1_, permission0_.character_id as characte6_12_1_, permission0_.permission_name as permissi2_12_1_, permission0_.permission_permission_unit_id as permissi3_12_1_, permission0_.permission_service as permissi4_12_1_, permission0_.permission_status as permissi5_12_1_ from permission permission0_ where permission0_.character_id=?
Hibernate: select category0_.category_id as col_0_0_ from category category0_ where category0_.category_name=? limit ?
Hibernate: select category0_.category_id as category1_5_1_, category0_.category_name as category2_5_1_, boardlist1_.category_id as category7_4_3_, boardlist1_.board_id as board_id1_4_3_, boardlist1_.board_id as board_id1_4_0_, boardlist1_.category_id as category7_4_0_, boardlist1_.board_content as board_co2_4_0_, boardlist1_.board_created_at as board_cr3_4_0_, boardlist1_.board_last_modified_at as board_la4_4_0_, boardlist1_.board_title as board_ti5_4_0_, boardlist1_.user_id as user_id8_4_0_, boardlist1_.board_views as board_vi6_4_0_ from category category0_ left outer join board boardlist1_ on category0_.category_id=boardlist1_.category_id where category0_.category_id=?
Hibernate: insert into category (category_id, category_name) values (default, ?)
Hibernate: select user0_.user_id as user_id1_21_0_, user0_.character_id as characte7_21_0_, user0_.user_created_at as user_cre2_21_0_, user0_.user_name as user_nam3_21_0_, user0_.user_phone_number as user_pho4_21_0_, user0_.user_user_id as user_use5_21_0_, user0_.user_user_password as user_use6_21_0_ from user user0_ where user0_.user_id=?
Hibernate: select character0_.character_id as characte1_6_0_, character0_.character_character_name as characte2_6_0_ from characters character0_ where character0_.character_id=?
Hibernate: select count(*) as col_0_0_ from user user0_ where user0_.user_id=?
Hibernate: select character1_.character_id as characte1_6_, character1_.character_character_name as characte2_6_ from user user0_ inner join characters character1_ on user0_.character_id=character1_.character_id where user0_.user_id=?
Hibernate: select permission0_.character_id as characte6_12_0_, permission0_.permission_id as permissi1_12_0_, permission0_.permission_id as permissi1_12_1_, permission0_.character_id as characte6_12_1_, permission0_.permission_name as permissi2_12_1_, permission0_.permission_permission_unit_id as permissi3_12_1_, permission0_.permission_service as permissi4_12_1_, permission0_.permission_status as permissi5_12_1_ from permission permission0_ where permission0_.character_id=?
Hibernate: select category0_.category_id as col_0_0_ from category category0_ where category0_.category_name=? limit ?
Hibernate: select user0_.user_id as user_id1_21_0_, user0_.character_id as characte7_21_0_, user0_.user_created_at as user_cre2_21_0_, user0_.user_name as user_nam3_21_0_, user0_.user_phone_number as user_pho4_21_0_, user0_.user_user_id as user_use5_21_0_, user0_.user_user_password as user_use6_21_0_ from user user0_ where user0_.user_id=?
Hibernate: select character0_.character_id as characte1_6_0_, character0_.character_character_name as characte2_6_0_ from characters character0_ where character0_.character_id=?
Hibernate: select category0_.category_id as category1_5_, category0_.category_name as category2_5_ from category category0_
Hibernate: select boardlist0_.category_id as category7_4_0_, boardlist0_.board_id as board_id1_4_0_, boardlist0_.board_id as board_id1_4_1_, boardlist0_.category_id as category7_4_1_, boardlist0_.board_content as board_co2_4_1_, boardlist0_.board_created_at as board_cr3_4_1_, boardlist0_.board_last_modified_at as board_la4_4_1_, boardlist0_.board_title as board_ti5_4_1_, boardlist0_.user_id as user_id8_4_1_, boardlist0_.board_views as board_vi6_4_1_ from board boardlist0_ where boardlist0_.category_id=?
Hibernate: select boardlist0_.category_id as category7_4_0_, boardlist0_.board_id as board_id1_4_0_, boardlist0_.board_id as board_id1_4_1_, boardlist0_.category_id as category7_4_1_, boardlist0_.board_content as board_co2_4_1_, boardlist0_.board_created_at as board_cr3_4_1_, boardlist0_.board_last_modified_at as board_la4_4_1_, boardlist0_.board_title as board_ti5_4_1_, boardlist0_.user_id as user_id8_4_1_, boardlist0_.board_views as board_vi6_4_1_ from board boardlist0_ where boardlist0_.category_id=?
Hibernate: select boardlist0_.category_id as category7_4_0_, boardlist0_.board_id as board_id1_4_0_, boardlist0_.board_id as board_id1_4_1_, boardlist0_.category_id as category7_4_1_, boardlist0_.board_content as board_co2_4_1_, boardlist0_.board_created_at as board_cr3_4_1_, boardlist0_.board_last_modified_at as board_la4_4_1_, boardlist0_.board_title as board_ti5_4_1_, boardlist0_.user_id as user_id8_4_1_, boardlist0_.board_views as board_vi6_4_1_ from board boardlist0_ where boardlist0_.category_id=?
Hibernate: select user0_.user_id as user_id1_21_0_, user0_.character_id as characte7_21_0_, user0_.user_created_at as user_cre2_21_0_, user0_.user_name as user_nam3_21_0_, user0_.user_phone_number as user_pho4_21_0_, user0_.user_user_id as user_use5_21_0_, user0_.user_user_password as user_use6_21_0_ from user user0_ where user0_.user_id=?
Hibernate: select character0_.character_id as characte1_6_0_, character0_.character_character_name as characte2_6_0_ from characters character0_ where character0_.character_id=?
Hibernate: select count(*) as col_0_0_ from user user0_ where user0_.user_id=?
Hibernate: select character1_.character_id as characte1_6_, character1_.character_character_name as characte2_6_ from user user0_ inner join characters character1_ on user0_.character_id=character1_.character_id where user0_.user_id=?
Hibernate: select permission0_.character_id as characte6_12_0_, permission0_.permission_id as permissi1_12_0_, permission0_.permission_id as permissi1_12_1_, permission0_.character_id as characte6_12_1_, permission0_.permission_name as permissi2_12_1_, permission0_.permission_permission_unit_id as permissi3_12_1_, permission0_.permission_service as permissi4_12_1_, permission0_.permission_status as permissi5_12_1_ from permission permission0_ where permission0_.character_id=?
Hibernate: select count(*) as col_0_0_ from category category0_ where category0_.category_id=?
Hibernate: select category0_.category_id as col_0_0_ from category category0_ where category0_.category_name=? limit ?
Hibernate: select user0_.user_id as col_0_0_ from user user0_ where user0_.user_user_id=? limit ?
Hibernate: select user0_.user_id as col_0_0_ from user user0_ where user0_.user_user_id=? limit ?
Hibernate: select U.* from USER U where U.USER_USER_ID =?
Hibernate: select character0_.character_id as characte1_6_0_, character0_.character_character_name as characte2_6_0_ from characters character0_ where character0_.character_id=?
Hibernate: select user0_.user_id as user_id1_21_0_, user0_.character_id as characte7_21_0_, user0_.user_created_at as user_cre2_21_0_, user0_.user_name as user_nam3_21_0_, user0_.user_phone_number as user_pho4_21_0_, user0_.user_user_id as user_use5_21_0_, user0_.user_user_password as user_use6_21_0_ from user user0_ where user0_.user_id=?
Hibernate: select character0_.character_id as characte1_6_0_, character0_.character_character_name as characte2_6_0_ from characters character0_ where character0_.character_id=?
Hibernate: select count(*) as col_0_0_ from board board0_
Hibernate: select count(*) as col_0_0_ from board board0_
Hibernate: select user0_.user_id as col_0_0_ from user user0_ where user0_.user_user_id=? limit ?
Hibernate: select user0_.user_id as col_0_0_ from user user0_ where user0_.user_user_id=? limit ?
Hibernate: select U.* from USER U where U.USER_USER_ID =?
Hibernate: select character0_.character_id as characte1_6_0_, character0_.character_character_name as characte2_6_0_ from characters character0_ where character0_.character_id=?
Hibernate: select user0_.user_id as user_id1_21_0_, user0_.character_id as characte7_21_0_, user0_.user_created_at as user_cre2_21_0_, user0_.user_name as user_nam3_21_0_, user0_.user_phone_number as user_pho4_21_0_, user0_.user_user_id as user_use5_21_0_, user0_.user_user_password as user_use6_21_0_ from user user0_ where user0_.user_id=?
Hibernate: select character0_.character_id as characte1_6_0_, character0_.character_character_name as characte2_6_0_ from characters character0_ where character0_.character_id=?
Hibernate: select category0_.category_id as category1_5_, category0_.category_name as category2_5_ from category category0_
Hibernate: select boardlist0_.category_id as category7_4_0_, boardlist0_.board_id as board_id1_4_0_, boardlist0_.board_id as board_id1_4_1_, boardlist0_.category_id as category7_4_1_, boardlist0_.board_content as board_co2_4_1_, boardlist0_.board_created_at as board_cr3_4_1_, boardlist0_.board_last_modified_at as board_la4_4_1_, boardlist0_.board_title as board_ti5_4_1_, boardlist0_.user_id as user_id8_4_1_, boardlist0_.board_views as board_vi6_4_1_ from board boardlist0_ where boardlist0_.category_id=?
Hibernate: select boardlist0_.category_id as category7_4_0_, boardlist0_.board_id as board_id1_4_0_, boardlist0_.board_id as board_id1_4_1_, boardlist0_.category_id as category7_4_1_, boardlist0_.board_content as board_co2_4_1_, boardlist0_.board_created_at as board_cr3_4_1_, boardlist0_.board_last_modified_at as board_la4_4_1_, boardlist0_.board_title as board_ti5_4_1_, boardlist0_.user_id as user_id8_4_1_, boardlist0_.board_views as board_vi6_4_1_ from board boardlist0_ where boardlist0_.category_id=?
Hibernate: select boardlist0_.category_id as category7_4_0_, boardlist0_.board_id as board_id1_4_0_, boardlist0_.board_id as board_id1_4_1_, boardlist0_.category_id as category7_4_1_, boardlist0_.board_content as board_co2_4_1_, boardlist0_.board_created_at as board_cr3_4_1_, boardlist0_.board_last_modified_at as board_la4_4_1_, boardlist0_.board_title as board_ti5_4_1_, boardlist0_.user_id as user_id8_4_1_, boardlist0_.board_views as board_vi6_4_1_ from board boardlist0_ where boardlist0_.category_id=?
Hibernate: select user0_.user_id as user_id1_21_0_, user0_.character_id as characte7_21_0_, user0_.user_created_at as user_cre2_21_0_, user0_.user_name as user_nam3_21_0_, user0_.user_phone_number as user_pho4_21_0_, user0_.user_user_id as user_use5_21_0_, user0_.user_user_password as user_use6_21_0_ from user user0_ where user0_.user_id=?
Hibernate: select character0_.character_id as characte1_6_0_, character0_.character_character_name as characte2_6_0_ from characters character0_ where character0_.character_id=?
Hibernate: select count(*) as col_0_0_ from user user0_ where user0_.user_id=?
Hibernate: select character1_.character_id as characte1_6_, character1_.character_character_name as characte2_6_ from user user0_ inner join characters character1_ on user0_.character_id=character1_.character_id where user0_.user_id=?
Hibernate: select permission0_.character_id as characte6_12_0_, permission0_.permission_id as permissi1_12_0_, permission0_.permission_id as permissi1_12_1_, permission0_.character_id as characte6_12_1_, permission0_.permission_name as permissi2_12_1_, permission0_.permission_permission_unit_id as permissi3_12_1_, permission0_.permission_service as permissi4_12_1_, permission0_.permission_status as permissi5_12_1_ from permission permission0_ where permission0_.character_id=?
Hibernate: select count(*) as col_0_0_ from category category0_ where category0_.category_id=?
Hibernate: select count(board0_.board_id) as col_0_0_ from board board0_ where board0_.category_id=?
Hibernate: select category0_.category_id as category1_5_0_, category0_.category_name as category2_5_0_ from category category0_ where category0_.category_id=?
Hibernate: select boardlist0_.category_id as category7_4_0_, boardlist0_.board_id as board_id1_4_0_, boardlist0_.board_id as board_id1_4_1_, boardlist0_.category_id as category7_4_1_, boardlist0_.board_content as board_co2_4_1_, boardlist0_.board_created_at as board_cr3_4_1_, boardlist0_.board_last_modified_at as board_la4_4_1_, boardlist0_.board_title as board_ti5_4_1_, boardlist0_.user_id as user_id8_4_1_, boardlist0_.board_views as board_vi6_4_1_ from board boardlist0_ where boardlist0_.category_id=?
Hibernate: delete from category where category_id=?
Hibernate: select user0_.user_id as user_id1_21_0_, user0_.character_id as characte7_21_0_, user0_.user_created_at as user_cre2_21_0_, user0_.user_name as user_nam3_21_0_, user0_.user_phone_number as user_pho4_21_0_, user0_.user_user_id as user_use5_21_0_, user0_.user_user_password as user_use6_21_0_ from user user0_ where user0_.user_id=?
Hibernate: select character0_.character_id as characte1_6_0_, character0_.character_character_name as characte2_6_0_ from characters character0_ where character0_.character_id=?
Hibernate: select count(*) as col_0_0_ from user user0_ where user0_.user_id=?
Hibernate: select character1_.character_id as characte1_6_, character1_.character_character_name as characte2_6_ from user user0_ inner join characters character1_ on user0_.character_id=character1_.character_id where user0_.user_id=?
Hibernate: select permission0_.character_id as characte6_12_0_, permission0_.permission_id as permissi1_12_0_, permission0_.permission_id as permissi1_12_1_, permission0_.character_id as characte6_12_1_, permission0_.permission_name as permissi2_12_1_, permission0_.permission_permission_unit_id as permissi3_12_1_, permission0_.permission_service as permissi4_12_1_, permission0_.permission_status as permissi5_12_1_ from permission permission0_ where permission0_.character_id=?
Hibernate: select count(*) as col_0_0_ from category category0_ where category0_.category_id=?
Hibernate: select count(board0_.board_id) as col_0_0_ from board board0_ where board0_.category_id=?
Hibernate: select category0_.category_id as category1_5_0_, category0_.category_name as category2_5_0_ from category category0_ where category0_.category_id=?
Hibernate: select boardlist0_.category_id as category7_4_0_, boardlist0_.board_id as board_id1_4_0_, boardlist0_.board_id as board_id1_4_1_, boardlist0_.category_id as category7_4_1_, boardlist0_.board_content as board_co2_4_1_, boardlist0_.board_created_at as board_cr3_4_1_, boardlist0_.board_last_modified_at as board_la4_4_1_, boardlist0_.board_title as board_ti5_4_1_, boardlist0_.user_id as user_id8_4_1_, boardlist0_.board_views as board_vi6_4_1_ from board boardlist0_ where boardlist0_.category_id=?
Hibernate: delete from category where category_id=?
Hibernate: select user0_.user_id as user_id1_21_0_, user0_.character_id as characte7_21_0_, user0_.user_created_at as user_cre2_21_0_, user0_.user_name as user_nam3_21_0_, user0_.user_phone_number as user_pho4_21_0_, user0_.user_user_id as user_use5_21_0_, user0_.user_user_password as user_use6_21_0_ from user user0_ where user0_.user_id=?
Hibernate: select character0_.character_id as characte1_6_0_, character0_.character_character_name as characte2_6_0_ from characters character0_ where character0_.character_id=?
Hibernate: select count(*) as col_0_0_ from user user0_ where user0_.user_id=?
Hibernate: select character1_.character_id as characte1_6_, character1_.character_character_name as characte2_6_ from user user0_ inner join characters character1_ on user0_.character_id=character1_.character_id where user0_.user_id=?
Hibernate: select permission0_.character_id as characte6_12_0_, permission0_.permission_id as permissi1_12_0_, permission0_.permission_id as permissi1_12_1_, permission0_.character_id as characte6_12_1_, permission0_.permission_name as permissi2_12_1_, permission0_.permission_permission_unit_id as permissi3_12_1_, permission0_.permission_service as permissi4_12_1_, permission0_.permission_status as permissi5_12_1_ from permission permission0_ where permission0_.character_id=?
Hibernate: select count(*) as col_0_0_ from category category0_ where category0_.category_id=?
Hibernate: select count(board0_.board_id) as col_0_0_ from board board0_ where board0_.category_id=?
Hibernate: select category0_.category_id as category1_5_0_, category0_.category_name as category2_5_0_ from category category0_ where category0_.category_id=?
Hibernate: select boardlist0_.category_id as category7_4_0_, boardlist0_.board_id as board_id1_4_0_, boardlist0_.board_id as board_id1_4_1_, boardlist0_.category_id as category7_4_1_, boardlist0_.board_content as board_co2_4_1_, boardlist0_.board_created_at as board_cr3_4_1_, boardlist0_.board_last_modified_at as board_la4_4_1_, boardlist0_.board_title as board_ti5_4_1_, boardlist0_.user_id as user_id8_4_1_, boardlist0_.board_views as board_vi6_4_1_ from board boardlist0_ where boardlist0_.category_id=?
Hibernate: delete from category where category_id=?
Hibernate: select user0_.user_id as user_id1_21_0_, user0_.character_id as characte7_21_0_, user0_.user_created_at as user_cre2_21_0_, user0_.user_name as user_nam3_21_0_, user0_.user_phone_number as user_pho4_21_0_, user0_.user_user_id as user_use5_21_0_, user0_.user_user_password as user_use6_21_0_ from user user0_ where user0_.user_id=?
Hibernate: select character0_.character_id as characte1_6_0_, character0_.character_character_name as characte2_6_0_ from characters character0_ where character0_.character_id=?
Hibernate: select count(*) as col_0_0_ from user user0_ where user0_.user_id=?
Hibernate: select character1_.character_id as characte1_6_, character1_.character_character_name as characte2_6_ from user user0_ inner join characters character1_ on user0_.character_id=character1_.character_id where user0_.user_id=?
Hibernate: select permission0_.character_id as characte6_12_0_, permission0_.permission_id as permissi1_12_0_, permission0_.permission_id as permissi1_12_1_, permission0_.character_id as characte6_12_1_, permission0_.permission_name as permissi2_12_1_, permission0_.permission_permission_unit_id as permissi3_12_1_, permission0_.permission_service as permissi4_12_1_, permission0_.permission_status as permissi5_12_1_ from permission permission0_ where permission0_.character_id=?
Hibernate: select category0_.category_id as col_0_0_ from category category0_ where category0_.category_name=? limit ?
Hibernate: select category0_.category_id as category1_5_1_, category0_.category_name as category2_5_1_, boardlist1_.category_id as category7_4_3_, boardlist1_.board_id as board_id1_4_3_, boardlist1_.board_id as board_id1_4_0_, boardlist1_.category_id as category7_4_0_, boardlist1_.board_content as board_co2_4_0_, boardlist1_.board_created_at as board_cr3_4_0_, boardlist1_.board_last_modified_at as board_la4_4_0_, boardlist1_.board_title as board_ti5_4_0_, boardlist1_.user_id as user_id8_4_0_, boardlist1_.board_views as board_vi6_4_0_ from category category0_ left outer join board boardlist1_ on category0_.category_id=boardlist1_.category_id where category0_.category_id=?
Hibernate: insert into category (category_id, category_name) values (default, ?)
Hibernate: select user0_.user_id as user_id1_21_0_, user0_.character_id as characte7_21_0_, user0_.user_created_at as user_cre2_21_0_, user0_.user_name as user_nam3_21_0_, user0_.user_phone_number as user_pho4_21_0_, user0_.user_user_id as user_use5_21_0_, user0_.user_user_password as user_use6_21_0_ from user user0_ where user0_.user_id=?
Hibernate: select character0_.character_id as characte1_6_0_, character0_.character_character_name as characte2_6_0_ from characters character0_ where character0_.character_id=?
Hibernate: select count(*) as col_0_0_ from user user0_ where user0_.user_id=?
Hibernate: select character1_.character_id as characte1_6_, character1_.character_character_name as characte2_6_ from user user0_ inner join characters character1_ on user0_.character_id=character1_.character_id where user0_.user_id=?
Hibernate: select permission0_.character_id as characte6_12_0_, permission0_.permission_id as permissi1_12_0_, permission0_.permission_id as permissi1_12_1_, permission0_.character_id as characte6_12_1_, permission0_.permission_name as permissi2_12_1_, permission0_.permission_permission_unit_id as permissi3_12_1_, permission0_.permission_service as permissi4_12_1_, permission0_.permission_status as permissi5_12_1_ from permission permission0_ where permission0_.character_id=?
Hibernate: select category0_.category_id as col_0_0_ from category category0_ where category0_.category_name=? limit ?
Hibernate: select category0_.category_id as category1_5_1_, category0_.category_name as category2_5_1_, boardlist1_.category_id as category7_4_3_, boardlist1_.board_id as board_id1_4_3_, boardlist1_.board_id as board_id1_4_0_, boardlist1_.category_id as category7_4_0_, boardlist1_.board_content as board_co2_4_0_, boardlist1_.board_created_at as board_cr3_4_0_, boardlist1_.board_last_modified_at as board_la4_4_0_, boardlist1_.board_title as board_ti5_4_0_, boardlist1_.user_id as user_id8_4_0_, boardlist1_.board_views as board_vi6_4_0_ from category category0_ left outer join board boardlist1_ on category0_.category_id=boardlist1_.category_id where category0_.category_id=?
Hibernate: insert into category (category_id, category_name) values (default, ?)
Hibernate: select user0_.user_id as col_0_0_ from user user0_ where user0_.user_user_id=? limit ?
Hibernate: select user0_.user_id as col_0_0_ from user user0_ where user0_.user_user_id=? limit ?
Hibernate: select U.* from USER U where U.USER_USER_ID =?
Hibernate: select character0_.character_id as characte1_6_0_, character0_.character_character_name as characte2_6_0_ from characters character0_ where character0_.character_id=?
Hibernate: select user0_.user_id as col_0_0_ from user user0_ where user0_.user_user_id=? limit ?
Hibernate: select user0_.user_id as col_0_0_ from user user0_ where user0_.user_user_id=? limit ?
Hibernate: select U.* from USER U where U.USER_USER_ID =?
Hibernate: select character0_.character_id as characte1_6_0_, character0_.character_character_name as characte2_6_0_ from characters character0_ where character0_.character_id=?
Hibernate: select user0_.user_id as user_id1_21_0_, user0_.character_id as characte7_21_0_, user0_.user_created_at as user_cre2_21_0_, user0_.user_name as user_nam3_21_0_, user0_.user_phone_number as user_pho4_21_0_, user0_.user_user_id as user_use5_21_0_, user0_.user_user_password as user_use6_21_0_ from user user0_ where user0_.user_id=?
Hibernate: select character0_.character_id as characte1_6_0_, character0_.character_character_name as characte2_6_0_ from characters character0_ where character0_.character_id=?
Hibernate: select count(*) as col_0_0_ from board board0_
Hibernate: select count(*) as col_0_0_ from board board0_
Hibernate: select user0_.user_id as col_0_0_ from user user0_ where user0_.user_user_id=? limit ?
Hibernate: select user0_.user_id as col_0_0_ from user user0_ where user0_.user_user_id=? limit ?
Hibernate: select U.* from USER U where U.USER_USER_ID =?
Hibernate: select character0_.character_id as characte1_6_0_, character0_.character_character_name as characte2_6_0_ from characters character0_ where character0_.character_id=?
Hibernate: select user0_.user_id as user_id1_21_0_, user0_.character_id as characte7_21_0_, user0_.user_created_at as user_cre2_21_0_, user0_.user_name as user_nam3_21_0_, user0_.user_phone_number as user_pho4_21_0_, user0_.user_user_id as user_use5_21_0_, user0_.user_user_password as user_use6_21_0_ from user user0_ where user0_.user_id=?
Hibernate: select character0_.character_id as characte1_6_0_, character0_.character_character_name as characte2_6_0_ from characters character0_ where character0_.character_id=?
Hibernate: select category0_.category_id as category1_5_, category0_.category_name as category2_5_ from category category0_
Hibernate: select boardlist0_.category_id as category7_4_0_, boardlist0_.board_id as board_id1_4_0_, boardlist0_.board_id as board_id1_4_1_, boardlist0_.category_id as category7_4_1_, boardlist0_.board_content as board_co2_4_1_, boardlist0_.board_created_at as board_cr3_4_1_, boardlist0_.board_last_modified_at as board_la4_4_1_, boardlist0_.board_title as board_ti5_4_1_, boardlist0_.user_id as user_id8_4_1_, boardlist0_.board_views as board_vi6_4_1_ from board boardlist0_ where boardlist0_.category_id=?
Hibernate: select boardlist0_.category_id as category7_4_0_, boardlist0_.board_id as board_id1_4_0_, boardlist0_.board_id as board_id1_4_1_, boardlist0_.category_id as category7_4_1_, boardlist0_.board_content as board_co2_4_1_, boardlist0_.board_created_at as board_cr3_4_1_, boardlist0_.board_last_modified_at as board_la4_4_1_, boardlist0_.board_title as board_ti5_4_1_, boardlist0_.user_id as user_id8_4_1_, boardlist0_.board_views as board_vi6_4_1_ from board boardlist0_ where boardlist0_.category_id=?
Hibernate: select user0_.user_id as user_id1_21_0_, user0_.character_id as characte7_21_0_, user0_.user_created_at as user_cre2_21_0_, user0_.user_name as user_nam3_21_0_, user0_.user_phone_number as user_pho4_21_0_, user0_.user_user_id as user_use5_21_0_, user0_.user_user_password as user_use6_21_0_ from user user0_ where user0_.user_id=?
Hibernate: select character0_.character_id as characte1_6_0_, character0_.character_character_name as characte2_6_0_ from characters character0_ where character0_.character_id=?
Hibernate: select count(*) as col_0_0_ from user user0_ where user0_.user_id=?
Hibernate: select character1_.character_id as characte1_6_, character1_.character_character_name as characte2_6_ from user user0_ inner join characters character1_ on user0_.character_id=character1_.character_id where user0_.user_id=?
Hibernate: select permission0_.character_id as characte6_12_0_, permission0_.permission_id as permissi1_12_0_, permission0_.permission_id as permissi1_12_1_, permission0_.character_id as characte6_12_1_, permission0_.permission_name as permissi2_12_1_, permission0_.permission_permission_unit_id as permissi3_12_1_, permission0_.permission_service as permissi4_12_1_, permission0_.permission_status as permissi5_12_1_ from permission permission0_ where permission0_.character_id=?
Hibernate: select count(*) as col_0_0_ from category category0_ where category0_.category_id=?
Hibernate: select count(board0_.board_id) as col_0_0_ from board board0_ where board0_.category_id=?
Hibernate: select category0_.category_id as category1_5_0_, category0_.category_name as category2_5_0_ from category category0_ where category0_.category_id=?
Hibernate: select boardlist0_.category_id as category7_4_0_, boardlist0_.board_id as board_id1_4_0_, boardlist0_.board_id as board_id1_4_1_, boardlist0_.category_id as category7_4_1_, boardlist0_.board_content as board_co2_4_1_, boardlist0_.board_created_at as board_cr3_4_1_, boardlist0_.board_last_modified_at as board_la4_4_1_, boardlist0_.board_title as board_ti5_4_1_, boardlist0_.user_id as user_id8_4_1_, boardlist0_.board_views as board_vi6_4_1_ from board boardlist0_ where boardlist0_.category_id=?
Hibernate: delete from category where category_id=?
Hibernate: select user0_.user_id as user_id1_21_0_, user0_.character_id as characte7_21_0_, user0_.user_created_at as user_cre2_21_0_, user0_.user_name as user_nam3_21_0_, user0_.user_phone_number as user_pho4_21_0_, user0_.user_user_id as user_use5_21_0_, user0_.user_user_password as user_use6_21_0_ from user user0_ where user0_.user_id=?
Hibernate: select character0_.character_id as characte1_6_0_, character0_.character_character_name as characte2_6_0_ from characters character0_ where character0_.character_id=?
Hibernate: select count(*) as col_0_0_ from user user0_ where user0_.user_id=?
Hibernate: select character1_.character_id as characte1_6_, character1_.character_character_name as characte2_6_ from user user0_ inner join characters character1_ on user0_.character_id=character1_.character_id where user0_.user_id=?
Hibernate: select permission0_.character_id as characte6_12_0_, permission0_.permission_id as permissi1_12_0_, permission0_.permission_id as permissi1_12_1_, permission0_.character_id as characte6_12_1_, permission0_.permission_name as permissi2_12_1_, permission0_.permission_permission_unit_id as permissi3_12_1_, permission0_.permission_service as permissi4_12_1_, permission0_.permission_status as permissi5_12_1_ from permission permission0_ where permission0_.character_id=?
Hibernate: select count(*) as col_0_0_ from category category0_ where category0_.category_id=?
Hibernate: select count(board0_.board_id) as col_0_0_ from board board0_ where board0_.category_id=?
Hibernate: select category0_.category_id as category1_5_0_, category0_.category_name as category2_5_0_ from category category0_ where category0_.category_id=?
Hibernate: select boardlist0_.category_id as category7_4_0_, boardlist0_.board_id as board_id1_4_0_, boardlist0_.board_id as board_id1_4_1_, boardlist0_.category_id as category7_4_1_, boardlist0_.board_content as board_co2_4_1_, boardlist0_.board_created_at as board_cr3_4_1_, boardlist0_.board_last_modified_at as board_la4_4_1_, boardlist0_.board_title as board_ti5_4_1_, boardlist0_.user_id as user_id8_4_1_, boardlist0_.board_views as board_vi6_4_1_ from board boardlist0_ where boardlist0_.category_id=?
Hibernate: delete from category where category_id=?
Hibernate: select user0_.user_id as user_id1_21_0_, user0_.character_id as characte7_21_0_, user0_.user_created_at as user_cre2_21_0_, user0_.user_name as user_nam3_21_0_, user0_.user_phone_number as user_pho4_21_0_, user0_.user_user_id as user_use5_21_0_, user0_.user_user_password as user_use6_21_0_ from user user0_ where user0_.user_id=?
Hibernate: select character0_.character_id as characte1_6_0_, character0_.character_character_name as characte2_6_0_ from characters character0_ where character0_.character_id=?
Hibernate: select count(*) as col_0_0_ from user user0_ where user0_.user_id=?
Hibernate: select character1_.character_id as characte1_6_, character1_.character_character_name as characte2_6_ from user user0_ inner join characters character1_ on user0_.character_id=character1_.character_id where user0_.user_id=?
Hibernate: select permission0_.character_id as characte6_12_0_, permission0_.permission_id as permissi1_12_0_, permission0_.permission_id as permissi1_12_1_, permission0_.character_id as characte6_12_1_, permission0_.permission_name as permissi2_12_1_, permission0_.permission_permission_unit_id as permissi3_12_1_, permission0_.permission_service as permissi4_12_1_, permission0_.permission_status as permissi5_12_1_ from permission permission0_ where permission0_.character_id=?
Hibernate: select category0_.category_id as col_0_0_ from category category0_ where category0_.category_name=? limit ?
Hibernate: select category0_.category_id as category1_5_1_, category0_.category_name as category2_5_1_, boardlist1_.category_id as category7_4_3_, boardlist1_.board_id as board_id1_4_3_, boardlist1_.board_id as board_id1_4_0_, boardlist1_.category_id as category7_4_0_, boardlist1_.board_content as board_co2_4_0_, boardlist1_.board_created_at as board_cr3_4_0_, boardlist1_.board_last_modified_at as board_la4_4_0_, boardlist1_.board_title as board_ti5_4_0_, boardlist1_.user_id as user_id8_4_0_, boardlist1_.board_views as board_vi6_4_0_ from category category0_ left outer join board boardlist1_ on category0_.category_id=boardlist1_.category_id where category0_.category_id=?
Hibernate: insert into category (category_id, category_name) values (default, ?)
Hibernate: select user0_.user_id as user_id1_21_0_, user0_.character_id as characte7_21_0_, user0_.user_created_at as user_cre2_21_0_, user0_.user_name as user_nam3_21_0_, user0_.user_phone_number as user_pho4_21_0_, user0_.user_user_id as user_use5_21_0_, user0_.user_user_password as user_use6_21_0_ from user user0_ where user0_.user_id=?
Hibernate: select character0_.character_id as characte1_6_0_, character0_.character_character_name as characte2_6_0_ from characters character0_ where character0_.character_id=?
Hibernate: select count(*) as col_0_0_ from user user0_ where user0_.user_id=?
Hibernate: select character1_.character_id as characte1_6_, character1_.character_character_name as characte2_6_ from user user0_ inner join characters character1_ on user0_.character_id=character1_.character_id where user0_.user_id=?
Hibernate: select permission0_.character_id as characte6_12_0_, permission0_.permission_id as permissi1_12_0_, permission0_.permission_id as permissi1_12_1_, permission0_.character_id as characte6_12_1_, permission0_.permission_name as permissi2_12_1_, permission0_.permission_permission_unit_id as permissi3_12_1_, permission0_.permission_service as permissi4_12_1_, permission0_.permission_status as permissi5_12_1_ from permission permission0_ where permission0_.character_id=?
Hibernate: select category0_.category_id as col_0_0_ from category category0_ where category0_.category_name=? limit ?
Hibernate: select category0_.category_id as category1_5_1_, category0_.category_name as category2_5_1_, boardlist1_.category_id as category7_4_3_, boardlist1_.board_id as board_id1_4_3_, boardlist1_.board_id as board_id1_4_0_, boardlist1_.category_id as category7_4_0_, boardlist1_.board_content as board_co2_4_0_, boardlist1_.board_created_at as board_cr3_4_0_, boardlist1_.board_last_modified_at as board_la4_4_0_, boardlist1_.board_title as board_ti5_4_0_, boardlist1_.user_id as user_id8_4_0_, boardlist1_.board_views as board_vi6_4_0_ from category category0_ left outer join board boardlist1_ on category0_.category_id=boardlist1_.category_id where category0_.category_id=?
Hibernate: insert into category (category_id, category_name) values (default, ?)
Hibernate: select user0_.user_id as col_0_0_ from user user0_ where user0_.user_user_id=? limit ?
Hibernate: select user0_.user_id as col_0_0_ from user user0_ where user0_.user_user_id=? limit ?
Hibernate: select U.* from USER U where U.USER_USER_ID =?
Hibernate: select character0_.character_id as characte1_6_0_, character0_.character_character_name as characte2_6_0_ from characters character0_ where character0_.character_id=?
Hibernate: select user0_.user_id as col_0_0_ from user user0_ where user0_.user_user_id=? limit ?
Hibernate: select user0_.user_id as col_0_0_ from user user0_ where user0_.user_user_id=? limit ?
Hibernate: select U.* from USER U where U.USER_USER_ID =?
Hibernate: select character0_.character_id as characte1_6_0_, character0_.character_character_name as characte2_6_0_ from characters character0_ where character0_.character_id=?
Hibernate: select user0_.user_id as col_0_0_ from user user0_ where user0_.user_user_id=? limit ?
Hibernate: select user0_.user_id as col_0_0_ from user user0_ where user0_.user_user_id=? limit ?
Hibernate: select U.* from USER U where U.USER_USER_ID =?
Hibernate: select character0_.character_id as characte1_6_0_, character0_.character_character_name as characte2_6_0_ from characters character0_ where character0_.character_id=?
Hibernate: select user0_.user_id as user_id1_21_0_, user0_.character_id as characte7_21_0_, user0_.user_created_at as user_cre2_21_0_, user0_.user_name as user_nam3_21_0_, user0_.user_phone_number as user_pho4_21_0_, user0_.user_user_id as user_use5_21_0_, user0_.user_user_password as user_use6_21_0_ from user user0_ where user0_.user_id=?
Hibernate: select character0_.character_id as characte1_6_0_, character0_.character_character_name as characte2_6_0_ from characters character0_ where character0_.character_id=?
Hibernate: select count(*) as col_0_0_ from user user0_ where user0_.user_id=?
Hibernate: select character1_.character_id as characte1_6_, character1_.character_character_name as characte2_6_ from user user0_ inner join characters character1_ on user0_.character_id=character1_.character_id where user0_.user_id=?
Hibernate: select permission0_.character_id as characte6_12_0_, permission0_.permission_id as permissi1_12_0_, permission0_.permission_id as permissi1_12_1_, permission0_.character_id as characte6_12_1_, permission0_.permission_name as permissi2_12_1_, permission0_.permission_permission_unit_id as permissi3_12_1_, permission0_.permission_service as permissi4_12_1_, permission0_.permission_status as permissi5_12_1_ from permission permission0_ where permission0_.character_id=?
Hibernate: select category0_.category_id as col_0_0_ from category category0_ where category0_.category_name=? limit ?
Hibernate: select category0_.category_id as category1_5_1_, category0_.category_name as category2_5_1_, boardlist1_.category_id as category7_4_3_, boardlist1_.board_id as board_id1_4_3_, boardlist1_.board_id as board_id1_4_0_, boardlist1_.category_id as category7_4_0_, boardlist1_.board_content as board_co2_4_0_, boardlist1_.board_created_at as board_cr3_4_0_, boardlist1_.board_last_modified_at as board_la4_4_0_, boardlist1_.board_title as board_ti5_4_0_, boardlist1_.user_id as user_id8_4_0_, boardlist1_.board_views as board_vi6_4_0_ from category category0_ left outer join board boardlist1_ on category0_.category_id=boardlist1_.category_id where category0_.category_id=?
Hibernate: insert into category (category_id, category_name) values (default, ?)
Hibernate: select user0_.user_id as user_id1_21_0_, user0_.character_id as characte7_21_0_, user0_.user_created_at as user_cre2_21_0_, user0_.user_name as user_nam3_21_0_, user0_.user_phone_number as user_pho4_21_0_, user0_.user_user_id as user_use5_21_0_, user0_.user_user_password as user_use6_21_0_ from user user0_ where user0_.user_id=?
Hibernate: select character0_.character_id as characte1_6_0_, character0_.character_character_name as characte2_6_0_ from characters character0_ where character0_.character_id=?
Hibernate: select category0_.category_id as category1_5_, category0_.category_name as category2_5_ from category category0_
Hibernate: select boardlist0_.category_id as category7_4_0_, boardlist0_.board_id as board_id1_4_0_, boardlist0_.board_id as board_id1_4_1_, boardlist0_.category_id as category7_4_1_, boardlist0_.board_content as board_co2_4_1_, boardlist0_.board_created_at as board_cr3_4_1_, boardlist0_.board_last_modified_at as board_la4_4_1_, boardlist0_.board_title as board_ti5_4_1_, boardlist0_.user_id as user_id8_4_1_, boardlist0_.board_views as board_vi6_4_1_ from board boardlist0_ where boardlist0_.category_id=?
Hibernate: select boardlist0_.category_id as category7_4_0_, boardlist0_.board_id as board_id1_4_0_, boardlist0_.board_id as board_id1_4_1_, boardlist0_.category_id as category7_4_1_, boardlist0_.board_content as board_co2_4_1_, boardlist0_.board_created_at as board_cr3_4_1_, boardlist0_.board_last_modified_at as board_la4_4_1_, boardlist0_.board_title as board_ti5_4_1_, boardlist0_.user_id as user_id8_4_1_, boardlist0_.board_views as board_vi6_4_1_ from board boardlist0_ where boardlist0_.category_id=?
Hibernate: select boardlist0_.category_id as category7_4_0_, boardlist0_.board_id as board_id1_4_0_, boardlist0_.board_id as board_id1_4_1_, boardlist0_.category_id as category7_4_1_, boardlist0_.board_content as board_co2_4_1_, boardlist0_.board_created_at as board_cr3_4_1_, boardlist0_.board_last_modified_at as board_la4_4_1_, boardlist0_.board_title as board_ti5_4_1_, boardlist0_.user_id as user_id8_4_1_, boardlist0_.board_views as board_vi6_4_1_ from board boardlist0_ where boardlist0_.category_id=?
Hibernate: select user0_.user_id as user_id1_21_0_, user0_.character_id as characte7_21_0_, user0_.user_created_at as user_cre2_21_0_, user0_.user_name as user_nam3_21_0_, user0_.user_phone_number as user_pho4_21_0_, user0_.user_user_id as user_use5_21_0_, user0_.user_user_password as user_use6_21_0_ from user user0_ where user0_.user_id=?
Hibernate: select character0_.character_id as characte1_6_0_, character0_.character_character_name as characte2_6_0_ from characters character0_ where character0_.character_id=?
Hibernate: select count(*) as col_0_0_ from user user0_ where user0_.user_id=?
Hibernate: select character1_.character_id as characte1_6_, character1_.character_character_name as characte2_6_ from user user0_ inner join characters character1_ on user0_.character_id=character1_.character_id where user0_.user_id=?
Hibernate: select permission0_.character_id as characte6_12_0_, permission0_.permission_id as permissi1_12_0_, permission0_.permission_id as permissi1_12_1_, permission0_.character_id as characte6_12_1_, permission0_.permission_name as permissi2_12_1_, permission0_.permission_permission_unit_id as permissi3_12_1_, permission0_.permission_service as permissi4_12_1_, permission0_.permission_status as permissi5_12_1_ from permission permission0_ where permission0_.character_id=?
Hibernate: select count(*) as col_0_0_ from category category0_ where category0_.category_id=?
Hibernate: insert into filename (filename_id, filename_origin, filename_uuid) values (default, ?, ?)
Hibernate: insert into filename (filename_id, filename_origin, filename_uuid) values (default, ?, ?)
Hibernate: select category0_.category_id as category1_5_0_, category0_.category_name as category2_5_0_ from category category0_ where category0_.category_id=?
Hibernate: insert into board (board_id, category_id, board_content, board_created_at, board_last_modified_at, board_title, user_id, board_views) values (default, ?, ?, ?, ?, ?, ?, ?)
Hibernate: insert into reaction (reaction_id, board_id, reaction_type) values (default, ?, ?)
Hibernate: insert into reaction (reaction_id, board_id, reaction_type) values (default, ?, ?)
Hibernate: insert into reaction (reaction_id, board_id, reaction_type) values (default, ?, ?)
Hibernate: insert into reaction (reaction_id, board_id, reaction_type) values (default, ?, ?)
Hibernate: insert into reaction (reaction_id, board_id, reaction_type) values (default, ?, ?)
Hibernate: insert into reaction (reaction_id, board_id, reaction_type) values (default, ?, ?)
Hibernate: insert into file_path_list (board_board_id, board_file_path_list) values (?, ?)
Hibernate: insert into image_path_list (board_board_id, board_image_path_list) values (?, ?)
Hibernate: select user0_.user_id as user_id1_21_0_, user0_.character_id as characte7_21_0_, user0_.user_created_at as user_cre2_21_0_, user0_.user_name as user_nam3_21_0_, user0_.user_phone_number as user_pho4_21_0_, user0_.user_user_id as user_use5_21_0_, user0_.user_user_password as user_use6_21_0_ from user user0_ where user0_.user_id=?
Hibernate: select character0_.character_id as characte1_6_0_, character0_.character_character_name as characte2_6_0_ from characters character0_ where character0_.character_id=?
Hibernate: select count(*) as col_0_0_ from board board0_
Hibernate: select board0_.board_id as board_id1_4_, board0_.category_id as category7_4_, board0_.board_content as board_co2_4_, board0_.board_created_at as board_cr3_4_, board0_.board_last_modified_at as board_la4_4_, board0_.board_title as board_ti5_4_, board0_.user_id as user_id8_4_, board0_.board_views as board_vi6_4_ from board board0_ limit ?
Hibernate: select category0_.category_id as category1_5_0_, category0_.category_name as category2_5_0_ from category category0_ where category0_.category_id=?
Hibernate: select reactionli0_.board_id as board_id3_13_0_, reactionli0_.reaction_id as reaction1_13_0_, reactionli0_.reaction_id as reaction1_13_1_, reactionli0_.board_id as board_id3_13_1_, reactionli0_.reaction_type as reaction2_13_1_ from reaction reactionli0_ where reactionli0_.board_id=?
Hibernate: select reactionus0_.reaction_id as reaction2_14_0_, reactionus0_.reaction_user_id as reaction1_14_0_, reactionus0_.reaction_user_id as reaction1_14_1_, reactionus0_.reaction_id as reaction2_14_1_, reactionus0_.user_id as user_id3_14_1_ from reaction_user reactionus0_ where reactionus0_.reaction_id=?
Hibernate: select reactionus0_.reaction_id as reaction2_14_0_, reactionus0_.reaction_user_id as reaction1_14_0_, reactionus0_.reaction_user_id as reaction1_14_1_, reactionus0_.reaction_id as reaction2_14_1_, reactionus0_.user_id as user_id3_14_1_ from reaction_user reactionus0_ where reactionus0_.reaction_id=?
Hibernate: select reactionus0_.reaction_id as reaction2_14_0_, reactionus0_.reaction_user_id as reaction1_14_0_, reactionus0_.reaction_user_id as reaction1_14_1_, reactionus0_.reaction_id as reaction2_14_1_, reactionus0_.user_id as user_id3_14_1_ from reaction_user reactionus0_ where reactionus0_.reaction_id=?
Hibernate: select reactionus0_.reaction_id as reaction2_14_0_, reactionus0_.reaction_user_id as reaction1_14_0_, reactionus0_.reaction_user_id as reaction1_14_1_, reactionus0_.reaction_id as reaction2_14_1_, reactionus0_.user_id as user_id3_14_1_ from reaction_user reactionus0_ where reactionus0_.reaction_id=?
Hibernate: select reactionus0_.reaction_id as reaction2_14_0_, reactionus0_.reaction_user_id as reaction1_14_0_, reactionus0_.reaction_user_id as reaction1_14_1_, reactionus0_.reaction_id as reaction2_14_1_, reactionus0_.user_id as user_id3_14_1_ from reaction_user reactionus0_ where reactionus0_.reaction_id=?
Hibernate: select reactionus0_.reaction_id as reaction2_14_0_, reactionus0_.reaction_user_id as reaction1_14_0_, reactionus0_.reaction_user_id as reaction1_14_1_, reactionus0_.reaction_id as reaction2_14_1_, reactionus0_.user_id as user_id3_14_1_ from reaction_user reactionus0_ where reactionus0_.reaction_id=?
Hibernate: select commentlis0_.board_id as board_id5_7_0_, commentlis0_.comment_id as comment_1_7_0_, commentlis0_.comment_id as comment_1_7_1_, commentlis0_.board_id as board_id5_7_1_, commentlis0_.comment_content as comment_2_7_1_, commentlis0_.comment_created_at as comment_3_7_1_, commentlis0_.comment_last_modified_at as comment_4_7_1_, commentlis0_.user_id as user_id6_7_1_ from comment commentlis0_ where commentlis0_.board_id=?
Hibernate: select boardlist0_.category_id as category7_4_0_, boardlist0_.board_id as board_id1_4_0_, boardlist0_.board_id as board_id1_4_1_, boardlist0_.category_id as category7_4_1_, boardlist0_.board_content as board_co2_4_1_, boardlist0_.board_created_at as board_cr3_4_1_, boardlist0_.board_last_modified_at as board_la4_4_1_, boardlist0_.board_title as board_ti5_4_1_, boardlist0_.user_id as user_id8_4_1_, boardlist0_.board_views as board_vi6_4_1_ from board boardlist0_ where boardlist0_.category_id=?
Hibernate: select count(comment0_.comment_id) as col_0_0_ from comment comment0_ where comment0_.board_id=?
Hibernate: select count(*) as col_0_0_ from board board0_
Hibernate: select imagepathl0_.board_board_id as board_bo1_11_0_, imagepathl0_.board_image_path_list as board_im2_11_0_ from image_path_list imagepathl0_ where imagepathl0_.board_board_id=?
Hibernate: select filename0_.filename_id as filename1_9_, filename0_.filename_origin as filename2_9_, filename0_.filename_uuid as filename3_9_ from filename filename0_ where filename0_.filename_uuid=?
Hibernate: select filepathli0_.board_board_id as board_bo1_8_0_, filepathli0_.board_file_path_list as board_fi2_8_0_ from file_path_list filepathli0_ where filepathli0_.board_board_id=?
Hibernate: select filename0_.filename_id as filename1_9_, filename0_.filename_origin as filename2_9_, filename0_.filename_uuid as filename3_9_ from filename filename0_ where filename0_.filename_uuid=?
Hibernate: select user0_.user_id as user_id1_21_0_, user0_.character_id as characte7_21_0_, user0_.user_created_at as user_cre2_21_0_, user0_.user_name as user_nam3_21_0_, user0_.user_phone_number as user_pho4_21_0_, user0_.user_user_id as user_use5_21_0_, user0_.user_user_password as user_use6_21_0_ from user user0_ where user0_.user_id=?
Hibernate: select character0_.character_id as characte1_6_0_, character0_.character_character_name as characte2_6_0_ from characters character0_ where character0_.character_id=?
Hibernate: select count(*) as col_0_0_ from user user0_ where user0_.user_id=?
Hibernate: select character1_.character_id as characte1_6_, character1_.character_character_name as characte2_6_ from user user0_ inner join characters character1_ on user0_.character_id=character1_.character_id where user0_.user_id=?
Hibernate: select permission0_.character_id as characte6_12_0_, permission0_.permission_id as permissi1_12_0_, permission0_.permission_id as permissi1_12_1_, permission0_.character_id as characte6_12_1_, permission0_.permission_name as permissi2_12_1_, permission0_.permission_permission_unit_id as permissi3_12_1_, permission0_.permission_service as permissi4_12_1_, permission0_.permission_status as permissi5_12_1_ from permission permission0_ where permission0_.character_id=?
Hibernate: select count(*) as col_0_0_ from board board0_ where board0_.board_id=?
Hibernate: select board0_.board_id as board_id1_4_0_, board0_.category_id as category7_4_0_, board0_.board_content as board_co2_4_0_, board0_.board_created_at as board_cr3_4_0_, board0_.board_last_modified_at as board_la4_4_0_, board0_.board_title as board_ti5_4_0_, board0_.user_id as user_id8_4_0_, board0_.board_views as board_vi6_4_0_ from board board0_ where board0_.board_id=?
Hibernate: select category0_.category_id as category1_5_0_, category0_.category_name as category2_5_0_ from category category0_ where category0_.category_id=?
Hibernate: insert into comment (comment_id, board_id, comment_content, comment_created_at, comment_last_modified_at, user_id) values (default, ?, ?, ?, ?, ?)
Hibernate: select U.* from USER U join COMMENT C where U.USER_ID = C.USER_ID and C.COMMENT_ID = ?
Hibernate: select count(*) as col_0_0_ from user user0_ where user0_.user_id=?
Hibernate: select character1_.character_id as characte1_6_, character1_.character_character_name as characte2_6_ from user user0_ inner join characters character1_ on user0_.character_id=character1_.character_id where user0_.user_id=?
Hibernate: select permission0_.character_id as characte6_12_0_, permission0_.permission_id as permissi1_12_0_, permission0_.permission_id as permissi1_12_1_, permission0_.character_id as characte6_12_1_, permission0_.permission_name as permissi2_12_1_, permission0_.permission_permission_unit_id as permissi3_12_1_, permission0_.permission_service as permissi4_12_1_, permission0_.permission_status as permissi5_12_1_ from permission permission0_ where permission0_.character_id=?
Hibernate: select count(*) as col_0_0_ from comment comment0_ where comment0_.comment_id=?
Hibernate: select user0_.user_id as col_0_0_ from user user0_ where user0_.user_user_id=? limit ?
Hibernate: select user0_.user_id as col_0_0_ from user user0_ where user0_.user_user_id=? limit ?
Hibernate: select U.* from USER U where U.USER_USER_ID =?
Hibernate: select character0_.character_id as characte1_6_0_, character0_.character_character_name as characte2_6_0_ from characters character0_ where character0_.character_id=?
Hibernate: select user0_.user_id as user_id1_21_0_, user0_.character_id as characte7_21_0_, user0_.user_created_at as user_cre2_21_0_, user0_.user_name as user_nam3_21_0_, user0_.user_phone_number as user_pho4_21_0_, user0_.user_user_id as user_use5_21_0_, user0_.user_user_password as user_use6_21_0_ from user user0_ where user0_.user_id=?
Hibernate: select character0_.character_id as characte1_6_0_, character0_.character_character_name as characte2_6_0_ from characters character0_ where character0_.character_id=?
Hibernate: select count(*) as col_0_0_ from board board0_
Hibernate: select board0_.board_id as board_id1_4_, board0_.category_id as category7_4_, board0_.board_content as board_co2_4_, board0_.board_created_at as board_cr3_4_, board0_.board_last_modified_at as board_la4_4_, board0_.board_title as board_ti5_4_, board0_.user_id as user_id8_4_, board0_.board_views as board_vi6_4_ from board board0_ limit ?
Hibernate: select category0_.category_id as category1_5_0_, category0_.category_name as category2_5_0_ from category category0_ where category0_.category_id=?
Hibernate: select reactionli0_.board_id as board_id3_13_0_, reactionli0_.reaction_id as reaction1_13_0_, reactionli0_.reaction_id as reaction1_13_1_, reactionli0_.board_id as board_id3_13_1_, reactionli0_.reaction_type as reaction2_13_1_ from reaction reactionli0_ where reactionli0_.board_id=?
Hibernate: select reactionus0_.reaction_id as reaction2_14_0_, reactionus0_.reaction_user_id as reaction1_14_0_, reactionus0_.reaction_user_id as reaction1_14_1_, reactionus0_.reaction_id as reaction2_14_1_, reactionus0_.user_id as user_id3_14_1_ from reaction_user reactionus0_ where reactionus0_.reaction_id=?
Hibernate: select reactionus0_.reaction_id as reaction2_14_0_, reactionus0_.reaction_user_id as reaction1_14_0_, reactionus0_.reaction_user_id as reaction1_14_1_, reactionus0_.reaction_id as reaction2_14_1_, reactionus0_.user_id as user_id3_14_1_ from reaction_user reactionus0_ where reactionus0_.reaction_id=?
Hibernate: select reactionus0_.reaction_id as reaction2_14_0_, reactionus0_.reaction_user_id as reaction1_14_0_, reactionus0_.reaction_user_id as reaction1_14_1_, reactionus0_.reaction_id as reaction2_14_1_, reactionus0_.user_id as user_id3_14_1_ from reaction_user reactionus0_ where reactionus0_.reaction_id=?
Hibernate: select reactionus0_.reaction_id as reaction2_14_0_, reactionus0_.reaction_user_id as reaction1_14_0_, reactionus0_.reaction_user_id as reaction1_14_1_, reactionus0_.reaction_id as reaction2_14_1_, reactionus0_.user_id as user_id3_14_1_ from reaction_user reactionus0_ where reactionus0_.reaction_id=?
Hibernate: select reactionus0_.reaction_id as reaction2_14_0_, reactionus0_.reaction_user_id as reaction1_14_0_, reactionus0_.reaction_user_id as reaction1_14_1_, reactionus0_.reaction_id as reaction2_14_1_, reactionus0_.user_id as user_id3_14_1_ from reaction_user reactionus0_ where reactionus0_.reaction_id=?
Hibernate: select reactionus0_.reaction_id as reaction2_14_0_, reactionus0_.reaction_user_id as reaction1_14_0_, reactionus0_.reaction_user_id as reaction1_14_1_, reactionus0_.reaction_id as reaction2_14_1_, reactionus0_.user_id as user_id3_14_1_ from reaction_user reactionus0_ where reactionus0_.reaction_id=?
Hibernate: select commentlis0_.board_id as board_id5_7_0_, commentlis0_.comment_id as comment_1_7_0_, commentlis0_.comment_id as comment_1_7_1_, commentlis0_.board_id as board_id5_7_1_, commentlis0_.comment_content as comment_2_7_1_, commentlis0_.comment_created_at as comment_3_7_1_, commentlis0_.comment_last_modified_at as comment_4_7_1_, commentlis0_.user_id as user_id6_7_1_ from comment commentlis0_ where commentlis0_.board_id=?
Hibernate: select boardlist0_.category_id as category7_4_0_, boardlist0_.board_id as board_id1_4_0_, boardlist0_.board_id as board_id1_4_1_, boardlist0_.category_id as category7_4_1_, boardlist0_.board_content as board_co2_4_1_, boardlist0_.board_created_at as board_cr3_4_1_, boardlist0_.board_last_modified_at as board_la4_4_1_, boardlist0_.board_title as board_ti5_4_1_, boardlist0_.user_id as user_id8_4_1_, boardlist0_.board_views as board_vi6_4_1_ from board boardlist0_ where boardlist0_.category_id=?
Hibernate: select count(comment0_.comment_id) as col_0_0_ from comment comment0_ where comment0_.board_id=?
Hibernate: select count(*) as col_0_0_ from board board0_
Hibernate: select imagepathl0_.board_board_id as board_bo1_11_0_, imagepathl0_.board_image_path_list as board_im2_11_0_ from image_path_list imagepathl0_ where imagepathl0_.board_board_id=?
Hibernate: select filename0_.filename_id as filename1_9_, filename0_.filename_origin as filename2_9_, filename0_.filename_uuid as filename3_9_ from filename filename0_ where filename0_.filename_uuid=?
Hibernate: select filepathli0_.board_board_id as board_bo1_8_0_, filepathli0_.board_file_path_list as board_fi2_8_0_ from file_path_list filepathli0_ where filepathli0_.board_board_id=?
Hibernate: select filename0_.filename_id as filename1_9_, filename0_.filename_origin as filename2_9_, filename0_.filename_uuid as filename3_9_ from filename filename0_ where filename0_.filename_uuid=?
Hibernate: select U.* from USER U join BOARD B where U.USER_ID = B.USER_ID and B.BOARD_ID = ?
Hibernate: select character0_.character_id as characte1_6_0_, character0_.character_character_name as characte2_6_0_ from characters character0_ where character0_.character_id=?
Hibernate: select count(*) as col_0_0_ from user user0_ where user0_.user_id=?
Hibernate: select character1_.character_id as characte1_6_, character1_.character_character_name as characte2_6_ from user user0_ inner join characters character1_ on user0_.character_id=character1_.character_id where user0_.user_id=?
Hibernate: select permission0_.character_id as characte6_12_0_, permission0_.permission_id as permissi1_12_0_, permission0_.permission_id as permissi1_12_1_, permission0_.character_id as characte6_12_1_, permission0_.permission_name as permissi2_12_1_, permission0_.permission_permission_unit_id as permissi3_12_1_, permission0_.permission_service as permissi4_12_1_, permission0_.permission_status as permissi5_12_1_ from permission permission0_ where permission0_.character_id=?
Hibernate: select count(*) as col_0_0_ from board board0_ where board0_.board_id=?
Hibernate: select board0_.board_id as board_id1_4_0_, board0_.category_id as category7_4_0_, board0_.board_content as board_co2_4_0_, board0_.board_created_at as board_cr3_4_0_, board0_.board_last_modified_at as board_la4_4_0_, board0_.board_title as board_ti5_4_0_, board0_.user_id as user_id8_4_0_, board0_.board_views as board_vi6_4_0_ from board board0_ where board0_.board_id=?
Hibernate: select category0_.category_id as category1_5_0_, category0_.category_name as category2_5_0_ from category category0_ where category0_.category_id=?
Hibernate: select reactionli0_.board_id as board_id3_13_0_, reactionli0_.reaction_id as reaction1_13_0_, reactionli0_.reaction_id as reaction1_13_1_, reactionli0_.board_id as board_id3_13_1_, reactionli0_.reaction_type as reaction2_13_1_ from reaction reactionli0_ where reactionli0_.board_id=?
Hibernate: select reactionus0_.reaction_id as reaction2_14_0_, reactionus0_.reaction_user_id as reaction1_14_0_, reactionus0_.reaction_user_id as reaction1_14_1_, reactionus0_.reaction_id as reaction2_14_1_, reactionus0_.user_id as user_id3_14_1_ from reaction_user reactionus0_ where reactionus0_.reaction_id=?
Hibernate: select reactionus0_.reaction_id as reaction2_14_0_, reactionus0_.reaction_user_id as reaction1_14_0_, reactionus0_.reaction_user_id as reaction1_14_1_, reactionus0_.reaction_id as reaction2_14_1_, reactionus0_.user_id as user_id3_14_1_ from reaction_user reactionus0_ where reactionus0_.reaction_id=?
Hibernate: select reactionus0_.reaction_id as reaction2_14_0_, reactionus0_.reaction_user_id as reaction1_14_0_, reactionus0_.reaction_user_id as reaction1_14_1_, reactionus0_.reaction_id as reaction2_14_1_, reactionus0_.user_id as user_id3_14_1_ from reaction_user reactionus0_ where reactionus0_.reaction_id=?
Hibernate: select reactionus0_.reaction_id as reaction2_14_0_, reactionus0_.reaction_user_id as reaction1_14_0_, reactionus0_.reaction_user_id as reaction1_14_1_, reactionus0_.reaction_id as reaction2_14_1_, reactionus0_.user_id as user_id3_14_1_ from reaction_user reactionus0_ where reactionus0_.reaction_id=?
Hibernate: select reactionus0_.reaction_id as reaction2_14_0_, reactionus0_.reaction_user_id as reaction1_14_0_, reactionus0_.reaction_user_id as reaction1_14_1_, reactionus0_.reaction_id as reaction2_14_1_, reactionus0_.user_id as user_id3_14_1_ from reaction_user reactionus0_ where reactionus0_.reaction_id=?
Hibernate: select reactionus0_.reaction_id as reaction2_14_0_, reactionus0_.reaction_user_id as reaction1_14_0_, reactionus0_.reaction_user_id as reaction1_14_1_, reactionus0_.reaction_id as reaction2_14_1_, reactionus0_.user_id as user_id3_14_1_ from reaction_user reactionus0_ where reactionus0_.reaction_id=?
Hibernate: select commentlis0_.board_id as board_id5_7_0_, commentlis0_.comment_id as comment_1_7_0_, commentlis0_.comment_id as comment_1_7_1_, commentlis0_.board_id as board_id5_7_1_, commentlis0_.comment_content as comment_2_7_1_, commentlis0_.comment_created_at as comment_3_7_1_, commentlis0_.comment_last_modified_at as comment_4_7_1_, commentlis0_.user_id as user_id6_7_1_ from comment commentlis0_ where commentlis0_.board_id=?
Hibernate: select boardlist0_.category_id as category7_4_0_, boardlist0_.board_id as board_id1_4_0_, boardlist0_.board_id as board_id1_4_1_, boardlist0_.category_id as category7_4_1_, boardlist0_.board_content as board_co2_4_1_, boardlist0_.board_created_at as board_cr3_4_1_, boardlist0_.board_last_modified_at as board_la4_4_1_, boardlist0_.board_title as board_ti5_4_1_, boardlist0_.user_id as user_id8_4_1_, boardlist0_.board_views as board_vi6_4_1_ from board boardlist0_ where boardlist0_.category_id=?
Hibernate: select count(comment0_.comment_id) as col_0_0_ from comment comment0_ where comment0_.board_id=?
Hibernate: update board set category_id=?, board_content=?, board_created_at=?, board_last_modified_at=?, board_title=?, user_id=?, board_views=? where board_id=?
Hibernate: select filepathli0_.board_board_id as board_bo1_8_0_, filepathli0_.board_file_path_list as board_fi2_8_0_ from file_path_list filepathli0_ where filepathli0_.board_board_id=?
Hibernate: select filename0_.filename_id as filename1_9_, filename0_.filename_origin as filename2_9_, filename0_.filename_uuid as filename3_9_ from filename filename0_ where filename0_.filename_uuid=?
Hibernate: delete from filename where filename_id=?
Hibernate: select imagepathl0_.board_board_id as board_bo1_11_0_, imagepathl0_.board_image_path_list as board_im2_11_0_ from image_path_list imagepathl0_ where imagepathl0_.board_board_id=?
Hibernate: select filename0_.filename_id as filename1_9_, filename0_.filename_origin as filename2_9_, filename0_.filename_uuid as filename3_9_ from filename filename0_ where filename0_.filename_uuid=?
Hibernate: delete from filename where filename_id=?
Hibernate: select count(*) as col_0_0_ from board board0_ where board0_.board_id=?
Hibernate: delete from file_path_list where board_board_id=?
Hibernate: delete from image_path_list where board_board_id=?
Hibernate: delete from comment where comment_id=?
Hibernate: delete from reaction where reaction_id=?
Hibernate: delete from reaction where reaction_id=?
Hibernate: delete from reaction where reaction_id=?
Hibernate: delete from reaction where reaction_id=?
Hibernate: delete from reaction where reaction_id=?
Hibernate: delete from reaction where reaction_id=?
Hibernate: delete from board where board_id=?
Hibernate: select user0_.user_id as user_id1_21_0_, user0_.character_id as characte7_21_0_, user0_.user_created_at as user_cre2_21_0_, user0_.user_name as user_nam3_21_0_, user0_.user_phone_number as user_pho4_21_0_, user0_.user_user_id as user_use5_21_0_, user0_.user_user_password as user_use6_21_0_ from user user0_ where user0_.user_id=?
Hibernate: select character0_.character_id as characte1_6_0_, character0_.character_character_name as characte2_6_0_ from characters character0_ where character0_.character_id=?
Hibernate: select count(*) as col_0_0_ from user user0_ where user0_.user_id=?
Hibernate: select character1_.character_id as characte1_6_, character1_.character_character_name as characte2_6_ from user user0_ inner join characters character1_ on user0_.character_id=character1_.character_id where user0_.user_id=?
Hibernate: select permission0_.character_id as characte6_12_0_, permission0_.permission_id as permissi1_12_0_, permission0_.permission_id as permissi1_12_1_, permission0_.character_id as characte6_12_1_, permission0_.permission_name as permissi2_12_1_, permission0_.permission_permission_unit_id as permissi3_12_1_, permission0_.permission_service as permissi4_12_1_, permission0_.permission_status as permissi5_12_1_ from permission permission0_ where permission0_.character_id=?
Hibernate: select count(*) as col_0_0_ from board board0_ where board0_.board_id=?
Hibernate: select user0_.user_id as col_0_0_ from user user0_ where user0_.user_user_id=? limit ?
Hibernate: select user0_.user_id as col_0_0_ from user user0_ where user0_.user_user_id=? limit ?
Hibernate: select U.* from USER U where U.USER_USER_ID =?
Hibernate: select character0_.character_id as characte1_6_0_, character0_.character_character_name as characte2_6_0_ from characters character0_ where character0_.character_id=?
Hibernate: select user0_.user_id as user_id1_21_0_, user0_.character_id as characte7_21_0_, user0_.user_created_at as user_cre2_21_0_, user0_.user_name as user_nam3_21_0_, user0_.user_phone_number as user_pho4_21_0_, user0_.user_user_id as user_use5_21_0_, user0_.user_user_password as user_use6_21_0_ from user user0_ where user0_.user_id=?
Hibernate: select character0_.character_id as characte1_6_0_, character0_.character_character_name as characte2_6_0_ from characters character0_ where character0_.character_id=?
Hibernate: select category0_.category_id as category1_5_, category0_.category_name as category2_5_ from category category0_
Hibernate: select boardlist0_.category_id as category7_4_0_, boardlist0_.board_id as board_id1_4_0_, boardlist0_.board_id as board_id1_4_1_, boardlist0_.category_id as category7_4_1_, boardlist0_.board_content as board_co2_4_1_, boardlist0_.board_created_at as board_cr3_4_1_, boardlist0_.board_last_modified_at as board_la4_4_1_, boardlist0_.board_title as board_ti5_4_1_, boardlist0_.user_id as user_id8_4_1_, boardlist0_.board_views as board_vi6_4_1_ from board boardlist0_ where boardlist0_.category_id=?
Hibernate: select boardlist0_.category_id as category7_4_0_, boardlist0_.board_id as board_id1_4_0_, boardlist0_.board_id as board_id1_4_1_, boardlist0_.category_id as category7_4_1_, boardlist0_.board_content as board_co2_4_1_, boardlist0_.board_created_at as board_cr3_4_1_, boardlist0_.board_last_modified_at as board_la4_4_1_, boardlist0_.board_title as board_ti5_4_1_, boardlist0_.user_id as user_id8_4_1_, boardlist0_.board_views as board_vi6_4_1_ from board boardlist0_ where boardlist0_.category_id=?
Hibernate: select boardlist0_.category_id as category7_4_0_, boardlist0_.board_id as board_id1_4_0_, boardlist0_.board_id as board_id1_4_1_, boardlist0_.category_id as category7_4_1_, boardlist0_.board_content as board_co2_4_1_, boardlist0_.board_created_at as board_cr3_4_1_, boardlist0_.board_last_modified_at as board_la4_4_1_, boardlist0_.board_title as board_ti5_4_1_, boardlist0_.user_id as user_id8_4_1_, boardlist0_.board_views as board_vi6_4_1_ from board boardlist0_ where boardlist0_.category_id=?
Hibernate: select user0_.user_id as user_id1_21_0_, user0_.character_id as characte7_21_0_, user0_.user_created_at as user_cre2_21_0_, user0_.user_name as user_nam3_21_0_, user0_.user_phone_number as user_pho4_21_0_, user0_.user_user_id as user_use5_21_0_, user0_.user_user_password as user_use6_21_0_ from user user0_ where user0_.user_id=?
Hibernate: select character0_.character_id as characte1_6_0_, character0_.character_character_name as characte2_6_0_ from characters character0_ where character0_.character_id=?
Hibernate: select count(*) as col_0_0_ from user user0_ where user0_.user_id=?
Hibernate: select character1_.character_id as characte1_6_, character1_.character_character_name as characte2_6_ from user user0_ inner join characters character1_ on user0_.character_id=character1_.character_id where user0_.user_id=?
Hibernate: select permission0_.character_id as characte6_12_0_, permission0_.permission_id as permissi1_12_0_, permission0_.permission_id as permissi1_12_1_, permission0_.character_id as characte6_12_1_, permission0_.permission_name as permissi2_12_1_, permission0_.permission_permission_unit_id as permissi3_12_1_, permission0_.permission_service as permissi4_12_1_, permission0_.permission_status as permissi5_12_1_ from permission permission0_ where permission0_.character_id=?
Hibernate: select count(*) as col_0_0_ from category category0_ where category0_.category_id=?
Hibernate: select count(board0_.board_id) as col_0_0_ from board board0_ where board0_.category_id=?
Hibernate: select category0_.category_id as category1_5_0_, category0_.category_name as category2_5_0_ from category category0_ where category0_.category_id=?
Hibernate: select boardlist0_.category_id as category7_4_0_, boardlist0_.board_id as board_id1_4_0_, boardlist0_.board_id as board_id1_4_1_, boardlist0_.category_id as category7_4_1_, boardlist0_.board_content as board_co2_4_1_, boardlist0_.board_created_at as board_cr3_4_1_, boardlist0_.board_last_modified_at as board_la4_4_1_, boardlist0_.board_title as board_ti5_4_1_, boardlist0_.user_id as user_id8_4_1_, boardlist0_.board_views as board_vi6_4_1_ from board boardlist0_ where boardlist0_.category_id=?
Hibernate: delete from category where category_id=?
Hibernate: select user0_.user_id as user_id1_21_0_, user0_.character_id as characte7_21_0_, user0_.user_created_at as user_cre2_21_0_, user0_.user_name as user_nam3_21_0_, user0_.user_phone_number as user_pho4_21_0_, user0_.user_user_id as user_use5_21_0_, user0_.user_user_password as user_use6_21_0_ from user user0_ where user0_.user_id=?
Hibernate: select character0_.character_id as characte1_6_0_, character0_.character_character_name as characte2_6_0_ from characters character0_ where character0_.character_id=?
Hibernate: select count(*) as col_0_0_ from user user0_ where user0_.user_id=?
Hibernate: select character1_.character_id as characte1_6_, character1_.character_character_name as characte2_6_ from user user0_ inner join characters character1_ on user0_.character_id=character1_.character_id where user0_.user_id=?
Hibernate: select permission0_.character_id as characte6_12_0_, permission0_.permission_id as permissi1_12_0_, permission0_.permission_id as permissi1_12_1_, permission0_.character_id as characte6_12_1_, permission0_.permission_name as permissi2_12_1_, permission0_.permission_permission_unit_id as permissi3_12_1_, permission0_.permission_service as permissi4_12_1_, permission0_.permission_status as permissi5_12_1_ from permission permission0_ where permission0_.character_id=?
Hibernate: select count(*) as col_0_0_ from category category0_ where category0_.category_id=?
Hibernate: select count(board0_.board_id) as col_0_0_ from board board0_ where board0_.category_id=?
Hibernate: select category0_.category_id as category1_5_0_, category0_.category_name as category2_5_0_ from category category0_ where category0_.category_id=?
Hibernate: select boardlist0_.category_id as category7_4_0_, boardlist0_.board_id as board_id1_4_0_, boardlist0_.board_id as board_id1_4_1_, boardlist0_.category_id as category7_4_1_, boardlist0_.board_content as board_co2_4_1_, boardlist0_.board_created_at as board_cr3_4_1_, boardlist0_.board_last_modified_at as board_la4_4_1_, boardlist0_.board_title as board_ti5_4_1_, boardlist0_.user_id as user_id8_4_1_, boardlist0_.board_views as board_vi6_4_1_ from board boardlist0_ where boardlist0_.category_id=?
Hibernate: delete from category where category_id=?
Hibernate: select user0_.user_id as user_id1_21_0_, user0_.character_id as characte7_21_0_, user0_.user_created_at as user_cre2_21_0_, user0_.user_name as user_nam3_21_0_, user0_.user_phone_number as user_pho4_21_0_, user0_.user_user_id as user_use5_21_0_, user0_.user_user_password as user_use6_21_0_ from user user0_ where user0_.user_id=?
Hibernate: select character0_.character_id as characte1_6_0_, character0_.character_character_name as characte2_6_0_ from characters character0_ where character0_.character_id=?
Hibernate: select count(*) as col_0_0_ from user user0_ where user0_.user_id=?
Hibernate: select character1_.character_id as characte1_6_, character1_.character_character_name as characte2_6_ from user user0_ inner join characters character1_ on user0_.character_id=character1_.character_id where user0_.user_id=?
Hibernate: select permission0_.character_id as characte6_12_0_, permission0_.permission_id as permissi1_12_0_, permission0_.permission_id as permissi1_12_1_, permission0_.character_id as characte6_12_1_, permission0_.permission_name as permissi2_12_1_, permission0_.permission_permission_unit_id as permissi3_12_1_, permission0_.permission_service as permissi4_12_1_, permission0_.permission_status as permissi5_12_1_ from permission permission0_ where permission0_.character_id=?
Hibernate: select count(*) as col_0_0_ from category category0_ where category0_.category_id=?
Hibernate: select count(board0_.board_id) as col_0_0_ from board board0_ where board0_.category_id=?
Hibernate: select category0_.category_id as category1_5_0_, category0_.category_name as category2_5_0_ from category category0_ where category0_.category_id=?
Hibernate: select boardlist0_.category_id as category7_4_0_, boardlist0_.board_id as board_id1_4_0_, boardlist0_.board_id as board_id1_4_1_, boardlist0_.category_id as category7_4_1_, boardlist0_.board_content as board_co2_4_1_, boardlist0_.board_created_at as board_cr3_4_1_, boardlist0_.board_last_modified_at as board_la4_4_1_, boardlist0_.board_title as board_ti5_4_1_, boardlist0_.user_id as user_id8_4_1_, boardlist0_.board_views as board_vi6_4_1_ from board boardlist0_ where boardlist0_.category_id=?
Hibernate: delete from category where category_id=?
Hibernate: select user0_.user_id as user_id1_21_0_, user0_.character_id as characte7_21_0_, user0_.user_created_at as user_cre2_21_0_, user0_.user_name as user_nam3_21_0_, user0_.user_phone_number as user_pho4_21_0_, user0_.user_user_id as user_use5_21_0_, user0_.user_user_password as user_use6_21_0_ from user user0_ where user0_.user_id=?
Hibernate: select character0_.character_id as characte1_6_0_, character0_.character_character_name as characte2_6_0_ from characters character0_ where character0_.character_id=?
Hibernate: select count(*) as col_0_0_ from user user0_ where user0_.user_id=?
Hibernate: select character1_.character_id as characte1_6_, character1_.character_character_name as characte2_6_ from user user0_ inner join characters character1_ on user0_.character_id=character1_.character_id where user0_.user_id=?
Hibernate: select permission0_.character_id as characte6_12_0_, permission0_.permission_id as permissi1_12_0_, permission0_.permission_id as permissi1_12_1_, permission0_.character_id as characte6_12_1_, permission0_.permission_name as permissi2_12_1_, permission0_.permission_permission_unit_id as permissi3_12_1_, permission0_.permission_service as permissi4_12_1_, permission0_.permission_status as permissi5_12_1_ from permission permission0_ where permission0_.character_id=?
Hibernate: select category0_.category_id as col_0_0_ from category category0_ where category0_.category_name=? limit ?
Hibernate: select category0_.category_id as category1_5_1_, category0_.category_name as category2_5_1_, boardlist1_.category_id as category7_4_3_, boardlist1_.board_id as board_id1_4_3_, boardlist1_.board_id as board_id1_4_0_, boardlist1_.category_id as category7_4_0_, boardlist1_.board_content as board_co2_4_0_, boardlist1_.board_created_at as board_cr3_4_0_, boardlist1_.board_last_modified_at as board_la4_4_0_, boardlist1_.board_title as board_ti5_4_0_, boardlist1_.user_id as user_id8_4_0_, boardlist1_.board_views as board_vi6_4_0_ from category category0_ left outer join board boardlist1_ on category0_.category_id=boardlist1_.category_id where category0_.category_id=?
Hibernate: insert into category (category_id, category_name) values (default, ?)
Hibernate: select user0_.user_id as user_id1_21_0_, user0_.character_id as characte7_21_0_, user0_.user_created_at as user_cre2_21_0_, user0_.user_name as user_nam3_21_0_, user0_.user_phone_number as user_pho4_21_0_, user0_.user_user_id as user_use5_21_0_, user0_.user_user_password as user_use6_21_0_ from user user0_ where user0_.user_id=?
Hibernate: select character0_.character_id as characte1_6_0_, character0_.character_character_name as characte2_6_0_ from characters character0_ where character0_.character_id=?
Hibernate: select count(*) as col_0_0_ from user user0_ where user0_.user_id=?
Hibernate: select character1_.character_id as characte1_6_, character1_.character_character_name as characte2_6_ from user user0_ inner join characters character1_ on user0_.character_id=character1_.character_id where user0_.user_id=?
Hibernate: select permission0_.character_id as characte6_12_0_, permission0_.permission_id as permissi1_12_0_, permission0_.permission_id as permissi1_12_1_, permission0_.character_id as characte6_12_1_, permission0_.permission_name as permissi2_12_1_, permission0_.permission_permission_unit_id as permissi3_12_1_, permission0_.permission_service as permissi4_12_1_, permission0_.permission_status as permissi5_12_1_ from permission permission0_ where permission0_.character_id=?
Hibernate: select category0_.category_id as col_0_0_ from category category0_ where category0_.category_name=? limit ?
Hibernate: select category0_.category_id as category1_5_1_, category0_.category_name as category2_5_1_, boardlist1_.category_id as category7_4_3_, boardlist1_.board_id as board_id1_4_3_, boardlist1_.board_id as board_id1_4_0_, boardlist1_.category_id as category7_4_0_, boardlist1_.board_content as board_co2_4_0_, boardlist1_.board_created_at as board_cr3_4_0_, boardlist1_.board_last_modified_at as board_la4_4_0_, boardlist1_.board_title as board_ti5_4_0_, boardlist1_.user_id as user_id8_4_0_, boardlist1_.board_views as board_vi6_4_0_ from category category0_ left outer join board boardlist1_ on category0_.category_id=boardlist1_.category_id where category0_.category_id=?
Hibernate: insert into category (category_id, category_name) values (default, ?)
Hibernate: select user0_.user_id as col_0_0_ from user user0_ where user0_.user_user_id=? limit ?
Hibernate: select user0_.user_id as col_0_0_ from user user0_ where user0_.user_user_id=? limit ?
Hibernate: select U.* from USER U where U.USER_USER_ID =?
Hibernate: select character0_.character_id as characte1_6_0_, character0_.character_character_name as characte2_6_0_ from characters character0_ where character0_.character_id=?
Hibernate: select user0_.user_id as col_0_0_ from user user0_ where user0_.user_user_id=? limit ?
Hibernate: select user0_.user_id as col_0_0_ from user user0_ where user0_.user_user_id=? limit ?
Hibernate: select U.* from USER U where U.USER_USER_ID =?
Hibernate: select character0_.character_id as characte1_6_0_, character0_.character_character_name as characte2_6_0_ from characters character0_ where character0_.character_id=?
Hibernate: select user0_.user_id as user_id1_21_0_, user0_.character_id as characte7_21_0_, user0_.user_created_at as user_cre2_21_0_, user0_.user_name as user_nam3_21_0_, user0_.user_phone_number as user_pho4_21_0_, user0_.user_user_id as user_use5_21_0_, user0_.user_user_password as user_use6_21_0_ from user user0_ where user0_.user_id=?
Hibernate: select character0_.character_id as characte1_6_0_, character0_.character_character_name as characte2_6_0_ from characters character0_ where character0_.character_id=?
Hibernate: select count(*) as col_0_0_ from board board0_
Hibernate: select count(*) as col_0_0_ from board board0_
Hibernate: select user0_.user_id as col_0_0_ from user user0_ where user0_.user_user_id=? limit ?
Hibernate: select user0_.user_id as col_0_0_ from user user0_ where user0_.user_user_id=? limit ?
Hibernate: select U.* from USER U where U.USER_USER_ID =?
Hibernate: select character0_.character_id as characte1_6_0_, character0_.character_character_name as characte2_6_0_ from characters character0_ where character0_.character_id=?
Hibernate: select user0_.user_id as user_id1_21_0_, user0_.character_id as characte7_21_0_, user0_.user_created_at as user_cre2_21_0_, user0_.user_name as user_nam3_21_0_, user0_.user_phone_number as user_pho4_21_0_, user0_.user_user_id as user_use5_21_0_, user0_.user_user_password as user_use6_21_0_ from user user0_ where user0_.user_id=?
Hibernate: select character0_.character_id as characte1_6_0_, character0_.character_character_name as characte2_6_0_ from characters character0_ where character0_.character_id=?
Hibernate: select category0_.category_id as category1_5_, category0_.category_name as category2_5_ from category category0_
Hibernate: select boardlist0_.category_id as category7_4_0_, boardlist0_.board_id as board_id1_4_0_, boardlist0_.board_id as board_id1_4_1_, boardlist0_.category_id as category7_4_1_, boardlist0_.board_content as board_co2_4_1_, boardlist0_.board_created_at as board_cr3_4_1_, boardlist0_.board_last_modified_at as board_la4_4_1_, boardlist0_.board_title as board_ti5_4_1_, boardlist0_.user_id as user_id8_4_1_, boardlist0_.board_views as board_vi6_4_1_ from board boardlist0_ where boardlist0_.category_id=?
Hibernate: select boardlist0_.category_id as category7_4_0_, boardlist0_.board_id as board_id1_4_0_, boardlist0_.board_id as board_id1_4_1_, boardlist0_.category_id as category7_4_1_, boardlist0_.board_content as board_co2_4_1_, boardlist0_.board_created_at as board_cr3_4_1_, boardlist0_.board_last_modified_at as board_la4_4_1_, boardlist0_.board_title as board_ti5_4_1_, boardlist0_.user_id as user_id8_4_1_, boardlist0_.board_views as board_vi6_4_1_ from board boardlist0_ where boardlist0_.category_id=?
Hibernate: select user0_.user_id as user_id1_21_0_, user0_.character_id as characte7_21_0_, user0_.user_created_at as user_cre2_21_0_, user0_.user_name as user_nam3_21_0_, user0_.user_phone_number as user_pho4_21_0_, user0_.user_user_id as user_use5_21_0_, user0_.user_user_password as user_use6_21_0_ from user user0_ where user0_.user_id=?
Hibernate: select character0_.character_id as characte1_6_0_, character0_.character_character_name as characte2_6_0_ from characters character0_ where character0_.character_id=?
Hibernate: select count(*) as col_0_0_ from user user0_ where user0_.user_id=?
Hibernate: select character1_.character_id as characte1_6_, character1_.character_character_name as characte2_6_ from user user0_ inner join characters character1_ on user0_.character_id=character1_.character_id where user0_.user_id=?
Hibernate: select permission0_.character_id as characte6_12_0_, permission0_.permission_id as permissi1_12_0_, permission0_.permission_id as permissi1_12_1_, permission0_.character_id as characte6_12_1_, permission0_.permission_name as permissi2_12_1_, permission0_.permission_permission_unit_id as permissi3_12_1_, permission0_.permission_service as permissi4_12_1_, permission0_.permission_status as permissi5_12_1_ from permission permission0_ where permission0_.character_id=?
Hibernate: select count(*) as col_0_0_ from category category0_ where category0_.category_id=?
Hibernate: select count(board0_.board_id) as col_0_0_ from board board0_ where board0_.category_id=?
Hibernate: select category0_.category_id as category1_5_0_, category0_.category_name as category2_5_0_ from category category0_ where category0_.category_id=?
Hibernate: select boardlist0_.category_id as category7_4_0_, boardlist0_.board_id as board_id1_4_0_, boardlist0_.board_id as board_id1_4_1_, boardlist0_.category_id as category7_4_1_, boardlist0_.board_content as board_co2_4_1_, boardlist0_.board_created_at as board_cr3_4_1_, boardlist0_.board_last_modified_at as board_la4_4_1_, boardlist0_.board_title as board_ti5_4_1_, boardlist0_.user_id as user_id8_4_1_, boardlist0_.board_views as board_vi6_4_1_ from board boardlist0_ where boardlist0_.category_id=?
Hibernate: delete from category where category_id=?
Hibernate: select user0_.user_id as user_id1_21_0_, user0_.character_id as characte7_21_0_, user0_.user_created_at as user_cre2_21_0_, user0_.user_name as user_nam3_21_0_, user0_.user_phone_number as user_pho4_21_0_, user0_.user_user_id as user_use5_21_0_, user0_.user_user_password as user_use6_21_0_ from user user0_ where user0_.user_id=?
Hibernate: select character0_.character_id as characte1_6_0_, character0_.character_character_name as characte2_6_0_ from characters character0_ where character0_.character_id=?
Hibernate: select count(*) as col_0_0_ from user user0_ where user0_.user_id=?
Hibernate: select character1_.character_id as characte1_6_, character1_.character_character_name as characte2_6_ from user user0_ inner join characters character1_ on user0_.character_id=character1_.character_id where user0_.user_id=?
Hibernate: select permission0_.character_id as characte6_12_0_, permission0_.permission_id as permissi1_12_0_, permission0_.permission_id as permissi1_12_1_, permission0_.character_id as characte6_12_1_, permission0_.permission_name as permissi2_12_1_, permission0_.permission_permission_unit_id as permissi3_12_1_, permission0_.permission_service as permissi4_12_1_, permission0_.permission_status as permissi5_12_1_ from permission permission0_ where permission0_.character_id=?
Hibernate: select count(*) as col_0_0_ from category category0_ where category0_.category_id=?
Hibernate: select count(board0_.board_id) as col_0_0_ from board board0_ where board0_.category_id=?
Hibernate: select category0_.category_id as category1_5_0_, category0_.category_name as category2_5_0_ from category category0_ where category0_.category_id=?
Hibernate: select boardlist0_.category_id as category7_4_0_, boardlist0_.board_id as board_id1_4_0_, boardlist0_.board_id as board_id1_4_1_, boardlist0_.category_id as category7_4_1_, boardlist0_.board_content as board_co2_4_1_, boardlist0_.board_created_at as board_cr3_4_1_, boardlist0_.board_last_modified_at as board_la4_4_1_, boardlist0_.board_title as board_ti5_4_1_, boardlist0_.user_id as user_id8_4_1_, boardlist0_.board_views as board_vi6_4_1_ from board boardlist0_ where boardlist0_.category_id=?
Hibernate: delete from category where category_id=?
Hibernate: select user0_.user_id as user_id1_21_0_, user0_.character_id as characte7_21_0_, user0_.user_created_at as user_cre2_21_0_, user0_.user_name as user_nam3_21_0_, user0_.user_phone_number as user_pho4_21_0_, user0_.user_user_id as user_use5_21_0_, user0_.user_user_password as user_use6_21_0_ from user user0_ where user0_.user_id=?
Hibernate: select character0_.character_id as characte1_6_0_, character0_.character_character_name as characte2_6_0_ from characters character0_ where character0_.character_id=?
Hibernate: select count(*) as col_0_0_ from user user0_ where user0_.user_id=?
Hibernate: select character1_.character_id as characte1_6_, character1_.character_character_name as characte2_6_ from user user0_ inner join characters character1_ on user0_.character_id=character1_.character_id where user0_.user_id=?
Hibernate: select permission0_.character_id as characte6_12_0_, permission0_.permission_id as permissi1_12_0_, permission0_.permission_id as permissi1_12_1_, permission0_.character_id as characte6_12_1_, permission0_.permission_name as permissi2_12_1_, permission0_.permission_permission_unit_id as permissi3_12_1_, permission0_.permission_service as permissi4_12_1_, permission0_.permission_status as permissi5_12_1_ from permission permission0_ where permission0_.character_id=?
Hibernate: select category0_.category_id as col_0_0_ from category category0_ where category0_.category_name=? limit ?
Hibernate: select category0_.category_id as category1_5_1_, category0_.category_name as category2_5_1_, boardlist1_.category_id as category7_4_3_, boardlist1_.board_id as board_id1_4_3_, boardlist1_.board_id as board_id1_4_0_, boardlist1_.category_id as category7_4_0_, boardlist1_.board_content as board_co2_4_0_, boardlist1_.board_created_at as board_cr3_4_0_, boardlist1_.board_last_modified_at as board_la4_4_0_, boardlist1_.board_title as board_ti5_4_0_, boardlist1_.user_id as user_id8_4_0_, boardlist1_.board_views as board_vi6_4_0_ from category category0_ left outer join board boardlist1_ on category0_.category_id=boardlist1_.category_id where category0_.category_id=?
Hibernate: insert into category (category_id, category_name) values (default, ?)
Hibernate: select user0_.user_id as user_id1_21_0_, user0_.character_id as characte7_21_0_, user0_.user_created_at as user_cre2_21_0_, user0_.user_name as user_nam3_21_0_, user0_.user_phone_number as user_pho4_21_0_, user0_.user_user_id as user_use5_21_0_, user0_.user_user_password as user_use6_21_0_ from user user0_ where user0_.user_id=?
Hibernate: select character0_.character_id as characte1_6_0_, character0_.character_character_name as characte2_6_0_ from characters character0_ where character0_.character_id=?
Hibernate: select count(*) as col_0_0_ from user user0_ where user0_.user_id=?
Hibernate: select character1_.character_id as characte1_6_, character1_.character_character_name as characte2_6_ from user user0_ inner join characters character1_ on user0_.character_id=character1_.character_id where user0_.user_id=?
Hibernate: select permission0_.character_id as characte6_12_0_, permission0_.permission_id as permissi1_12_0_, permission0_.permission_id as permissi1_12_1_, permission0_.character_id as characte6_12_1_, permission0_.permission_name as permissi2_12_1_, permission0_.permission_permission_unit_id as permissi3_12_1_, permission0_.permission_service as permissi4_12_1_, permission0_.permission_status as permissi5_12_1_ from permission permission0_ where permission0_.character_id=?
Hibernate: select category0_.category_id as col_0_0_ from category category0_ where category0_.category_name=? limit ?
Hibernate: select category0_.category_id as category1_5_1_, category0_.category_name as category2_5_1_, boardlist1_.category_id as category7_4_3_, boardlist1_.board_id as board_id1_4_3_, boardlist1_.board_id as board_id1_4_0_, boardlist1_.category_id as category7_4_0_, boardlist1_.board_content as board_co2_4_0_, boardlist1_.board_created_at as board_cr3_4_0_, boardlist1_.board_last_modified_at as board_la4_4_0_, boardlist1_.board_title as board_ti5_4_0_, boardlist1_.user_id as user_id8_4_0_, boardlist1_.board_views as board_vi6_4_0_ from category category0_ left outer join board boardlist1_ on category0_.category_id=boardlist1_.category_id where category0_.category_id=?
Hibernate: insert into category (category_id, category_name) values (default, ?)
Hibernate: select user0_.user_id as col_0_0_ from user user0_ where user0_.user_user_id=? limit ?
Hibernate: select user0_.user_id as col_0_0_ from user user0_ where user0_.user_user_id=? limit ?
Hibernate: select U.* from USER U where U.USER_USER_ID =?
Hibernate: select character0_.character_id as characte1_6_0_, character0_.character_character_name as characte2_6_0_ from characters character0_ where character0_.character_id=?
Hibernate: select user0_.user_id as col_0_0_ from user user0_ where user0_.user_user_id=? limit ?
Hibernate: select user0_.user_id as col_0_0_ from user user0_ where user0_.user_user_id=? limit ?
Hibernate: select U.* from USER U where U.USER_USER_ID =?
Hibernate: select character0_.character_id as characte1_6_0_, character0_.character_character_name as characte2_6_0_ from characters character0_ where character0_.character_id=?
Hibernate: select user0_.user_id as user_id1_21_0_, user0_.character_id as characte7_21_0_, user0_.user_created_at as user_cre2_21_0_, user0_.user_name as user_nam3_21_0_, user0_.user_phone_number as user_pho4_21_0_, user0_.user_user_id as user_use5_21_0_, user0_.user_user_password as user_use6_21_0_ from user user0_ where user0_.user_id=?
Hibernate: select character0_.character_id as characte1_6_0_, character0_.character_character_name as characte2_6_0_ from characters character0_ where character0_.character_id=?
Hibernate: select count(*) as col_0_0_ from user user0_ where user0_.user_id=?
Hibernate: select character1_.character_id as characte1_6_, character1_.character_character_name as characte2_6_ from user user0_ inner join characters character1_ on user0_.character_id=character1_.character_id where user0_.user_id=?
Hibernate: select permission0_.character_id as characte6_12_0_, permission0_.permission_id as permissi1_12_0_, permission0_.permission_id as permissi1_12_1_, permission0_.character_id as characte6_12_1_, permission0_.permission_name as permissi2_12_1_, permission0_.permission_permission_unit_id as permissi3_12_1_, permission0_.permission_service as permissi4_12_1_, permission0_.permission_status as permissi5_12_1_ from permission permission0_ where permission0_.character_id=?
Hibernate: select category0_.category_id as col_0_0_ from category category0_ where category0_.category_name=? limit ?
Hibernate: select category0_.category_id as category1_5_1_, category0_.category_name as category2_5_1_, boardlist1_.category_id as category7_4_3_, boardlist1_.board_id as board_id1_4_3_, boardlist1_.board_id as board_id1_4_0_, boardlist1_.category_id as category7_4_0_, boardlist1_.board_content as board_co2_4_0_, boardlist1_.board_created_at as board_cr3_4_0_, boardlist1_.board_last_modified_at as board_la4_4_0_, boardlist1_.board_title as board_ti5_4_0_, boardlist1_.user_id as user_id8_4_0_, boardlist1_.board_views as board_vi6_4_0_ from category category0_ left outer join board boardlist1_ on category0_.category_id=boardlist1_.category_id where category0_.category_id=?
Hibernate: insert into category (category_id, category_name) values (default, ?)
Hibernate: select user0_.user_id as user_id1_21_0_, user0_.character_id as characte7_21_0_, user0_.user_created_at as user_cre2_21_0_, user0_.user_name as user_nam3_21_0_, user0_.user_phone_number as user_pho4_21_0_, user0_.user_user_id as user_use5_21_0_, user0_.user_user_password as user_use6_21_0_ from user user0_ where user0_.user_id=?
Hibernate: select character0_.character_id as characte1_6_0_, character0_.character_character_name as characte2_6_0_ from characters character0_ where character0_.character_id=?
Hibernate: select category0_.category_id as category1_5_, category0_.category_name as category2_5_ from category category0_
Hibernate: select boardlist0_.category_id as category7_4_0_, boardlist0_.board_id as board_id1_4_0_, boardlist0_.board_id as board_id1_4_1_, boardlist0_.category_id as category7_4_1_, boardlist0_.board_content as board_co2_4_1_, boardlist0_.board_created_at as board_cr3_4_1_, boardlist0_.board_last_modified_at as board_la4_4_1_, boardlist0_.board_title as board_ti5_4_1_, boardlist0_.user_id as user_id8_4_1_, boardlist0_.board_views as board_vi6_4_1_ from board boardlist0_ where boardlist0_.category_id=?
Hibernate: select boardlist0_.category_id as category7_4_0_, boardlist0_.board_id as board_id1_4_0_, boardlist0_.board_id as board_id1_4_1_, boardlist0_.category_id as category7_4_1_, boardlist0_.board_content as board_co2_4_1_, boardlist0_.board_created_at as board_cr3_4_1_, boardlist0_.board_last_modified_at as board_la4_4_1_, boardlist0_.board_title as board_ti5_4_1_, boardlist0_.user_id as user_id8_4_1_, boardlist0_.board_views as board_vi6_4_1_ from board boardlist0_ where boardlist0_.category_id=?
Hibernate: select boardlist0_.category_id as category7_4_0_, boardlist0_.board_id as board_id1_4_0_, boardlist0_.board_id as board_id1_4_1_, boardlist0_.category_id as category7_4_1_, boardlist0_.board_content as board_co2_4_1_, boardlist0_.board_created_at as board_cr3_4_1_, boardlist0_.board_last_modified_at as board_la4_4_1_, boardlist0_.board_title as board_ti5_4_1_, boardlist0_.user_id as user_id8_4_1_, boardlist0_.board_views as board_vi6_4_1_ from board boardlist0_ where boardlist0_.category_id=?
Hibernate: select user0_.user_id as user_id1_21_0_, user0_.character_id as characte7_21_0_, user0_.user_created_at as user_cre2_21_0_, user0_.user_name as user_nam3_21_0_, user0_.user_phone_number as user_pho4_21_0_, user0_.user_user_id as user_use5_21_0_, user0_.user_user_password as user_use6_21_0_ from user user0_ where user0_.user_id=?
Hibernate: select character0_.character_id as characte1_6_0_, character0_.character_character_name as characte2_6_0_ from characters character0_ where character0_.character_id=?
Hibernate: select count(*) as col_0_0_ from user user0_ where user0_.user_id=?
Hibernate: select character1_.character_id as characte1_6_, character1_.character_character_name as characte2_6_ from user user0_ inner join characters character1_ on user0_.character_id=character1_.character_id where user0_.user_id=?
Hibernate: select permission0_.character_id as characte6_12_0_, permission0_.permission_id as permissi1_12_0_, permission0_.permission_id as permissi1_12_1_, permission0_.character_id as characte6_12_1_, permission0_.permission_name as permissi2_12_1_, permission0_.permission_permission_unit_id as permissi3_12_1_, permission0_.permission_service as permissi4_12_1_, permission0_.permission_status as permissi5_12_1_ from permission permission0_ where permission0_.character_id=?
Hibernate: select count(*) as col_0_0_ from category category0_ where category0_.category_id=?
Hibernate: insert into filename (filename_id, filename_origin, filename_uuid) values (default, ?, ?)
Hibernate: select category0_.category_id as category1_5_0_, category0_.category_name as category2_5_0_ from category category0_ where category0_.category_id=?
Hibernate: insert into board (board_id, category_id, board_content, board_created_at, board_last_modified_at, board_title, user_id, board_views) values (default, ?, ?, ?, ?, ?, ?, ?)
Hibernate: insert into reaction (reaction_id, board_id, reaction_type) values (default, ?, ?)
Hibernate: insert into reaction (reaction_id, board_id, reaction_type) values (default, ?, ?)
Hibernate: insert into reaction (reaction_id, board_id, reaction_type) values (default, ?, ?)
Hibernate: insert into reaction (reaction_id, board_id, reaction_type) values (default, ?, ?)
Hibernate: insert into reaction (reaction_id, board_id, reaction_type) values (default, ?, ?)
Hibernate: insert into reaction (reaction_id, board_id, reaction_type) values (default, ?, ?)
Hibernate: insert into image_path_list (board_board_id, board_image_path_list) values (?, ?)
Hibernate: select user0_.user_id as col_0_0_ from user user0_ where user0_.user_user_id=? limit ?
Hibernate: select user0_.user_id as col_0_0_ from user user0_ where user0_.user_user_id=? limit ?
Hibernate: select U.* from USER U where U.USER_USER_ID =?
Hibernate: select character0_.character_id as characte1_6_0_, character0_.character_character_name as characte2_6_0_ from characters character0_ where character0_.character_id=?
Hibernate: select user0_.user_id as user_id1_21_0_, user0_.character_id as characte7_21_0_, user0_.user_created_at as user_cre2_21_0_, user0_.user_name as user_nam3_21_0_, user0_.user_phone_number as user_pho4_21_0_, user0_.user_user_id as user_use5_21_0_, user0_.user_user_password as user_use6_21_0_ from user user0_ where user0_.user_id=?
Hibernate: select character0_.character_id as characte1_6_0_, character0_.character_character_name as characte2_6_0_ from characters character0_ where character0_.character_id=?
Hibernate: select count(*) as col_0_0_ from board board0_
Hibernate: select board0_.board_id as board_id1_4_, board0_.category_id as category7_4_, board0_.board_content as board_co2_4_, board0_.board_created_at as board_cr3_4_, board0_.board_last_modified_at as board_la4_4_, board0_.board_title as board_ti5_4_, board0_.user_id as user_id8_4_, board0_.board_views as board_vi6_4_ from board board0_ limit ?
Hibernate: select category0_.category_id as category1_5_0_, category0_.category_name as category2_5_0_ from category category0_ where category0_.category_id=?
Hibernate: select reactionli0_.board_id as board_id3_13_0_, reactionli0_.reaction_id as reaction1_13_0_, reactionli0_.reaction_id as reaction1_13_1_, reactionli0_.board_id as board_id3_13_1_, reactionli0_.reaction_type as reaction2_13_1_ from reaction reactionli0_ where reactionli0_.board_id=?
Hibernate: select reactionus0_.reaction_id as reaction2_14_0_, reactionus0_.reaction_user_id as reaction1_14_0_, reactionus0_.reaction_user_id as reaction1_14_1_, reactionus0_.reaction_id as reaction2_14_1_, reactionus0_.user_id as user_id3_14_1_ from reaction_user reactionus0_ where reactionus0_.reaction_id=?
Hibernate: select reactionus0_.reaction_id as reaction2_14_0_, reactionus0_.reaction_user_id as reaction1_14_0_, reactionus0_.reaction_user_id as reaction1_14_1_, reactionus0_.reaction_id as reaction2_14_1_, reactionus0_.user_id as user_id3_14_1_ from reaction_user reactionus0_ where reactionus0_.reaction_id=?
Hibernate: select reactionus0_.reaction_id as reaction2_14_0_, reactionus0_.reaction_user_id as reaction1_14_0_, reactionus0_.reaction_user_id as reaction1_14_1_, reactionus0_.reaction_id as reaction2_14_1_, reactionus0_.user_id as user_id3_14_1_ from reaction_user reactionus0_ where reactionus0_.reaction_id=?
Hibernate: select reactionus0_.reaction_id as reaction2_14_0_, reactionus0_.reaction_user_id as reaction1_14_0_, reactionus0_.reaction_user_id as reaction1_14_1_, reactionus0_.reaction_id as reaction2_14_1_, reactionus0_.user_id as user_id3_14_1_ from reaction_user reactionus0_ where reactionus0_.reaction_id=?
Hibernate: select reactionus0_.reaction_id as reaction2_14_0_, reactionus0_.reaction_user_id as reaction1_14_0_, reactionus0_.reaction_user_id as reaction1_14_1_, reactionus0_.reaction_id as reaction2_14_1_, reactionus0_.user_id as user_id3_14_1_ from reaction_user reactionus0_ where reactionus0_.reaction_id=?
Hibernate: select reactionus0_.reaction_id as reaction2_14_0_, reactionus0_.reaction_user_id as reaction1_14_0_, reactionus0_.reaction_user_id as reaction1_14_1_, reactionus0_.reaction_id as reaction2_14_1_, reactionus0_.user_id as user_id3_14_1_ from reaction_user reactionus0_ where reactionus0_.reaction_id=?
Hibernate: select commentlis0_.board_id as board_id5_7_0_, commentlis0_.comment_id as comment_1_7_0_, commentlis0_.comment_id as comment_1_7_1_, commentlis0_.board_id as board_id5_7_1_, commentlis0_.comment_content as comment_2_7_1_, commentlis0_.comment_created_at as comment_3_7_1_, commentlis0_.comment_last_modified_at as comment_4_7_1_, commentlis0_.user_id as user_id6_7_1_ from comment commentlis0_ where commentlis0_.board_id=?
Hibernate: select boardlist0_.category_id as category7_4_0_, boardlist0_.board_id as board_id1_4_0_, boardlist0_.board_id as board_id1_4_1_, boardlist0_.category_id as category7_4_1_, boardlist0_.board_content as board_co2_4_1_, boardlist0_.board_created_at as board_cr3_4_1_, boardlist0_.board_last_modified_at as board_la4_4_1_, boardlist0_.board_title as board_ti5_4_1_, boardlist0_.user_id as user_id8_4_1_, boardlist0_.board_views as board_vi6_4_1_ from board boardlist0_ where boardlist0_.category_id=?
Hibernate: select count(comment0_.comment_id) as col_0_0_ from comment comment0_ where comment0_.board_id=?
Hibernate: select count(*) as col_0_0_ from board board0_
Hibernate: select imagepathl0_.board_board_id as board_bo1_11_0_, imagepathl0_.board_image_path_list as board_im2_11_0_ from image_path_list imagepathl0_ where imagepathl0_.board_board_id=?
Hibernate: select filename0_.filename_id as filename1_9_, filename0_.filename_origin as filename2_9_, filename0_.filename_uuid as filename3_9_ from filename filename0_ where filename0_.filename_uuid=?
Hibernate: select filepathli0_.board_board_id as board_bo1_8_0_, filepathli0_.board_file_path_list as board_fi2_8_0_ from file_path_list filepathli0_ where filepathli0_.board_board_id=?
Hibernate: select U.* from USER U join BOARD B where U.USER_ID = B.USER_ID and B.BOARD_ID = ?
Hibernate: select character0_.character_id as characte1_6_0_, character0_.character_character_name as characte2_6_0_ from characters character0_ where character0_.character_id=?
Hibernate: select count(*) as col_0_0_ from user user0_ where user0_.user_id=?
Hibernate: select character1_.character_id as characte1_6_, character1_.character_character_name as characte2_6_ from user user0_ inner join characters character1_ on user0_.character_id=character1_.character_id where user0_.user_id=?
Hibernate: select permission0_.character_id as characte6_12_0_, permission0_.permission_id as permissi1_12_0_, permission0_.permission_id as permissi1_12_1_, permission0_.character_id as characte6_12_1_, permission0_.permission_name as permissi2_12_1_, permission0_.permission_permission_unit_id as permissi3_12_1_, permission0_.permission_service as permissi4_12_1_, permission0_.permission_status as permissi5_12_1_ from permission permission0_ where permission0_.character_id=?
Hibernate: select count(*) as col_0_0_ from board board0_ where board0_.board_id=?
Hibernate: select board0_.board_id as board_id1_4_0_, board0_.category_id as category7_4_0_, board0_.board_content as board_co2_4_0_, board0_.board_created_at as board_cr3_4_0_, board0_.board_last_modified_at as board_la4_4_0_, board0_.board_title as board_ti5_4_0_, board0_.user_id as user_id8_4_0_, board0_.board_views as board_vi6_4_0_ from board board0_ where board0_.board_id=?
Hibernate: select category0_.category_id as category1_5_0_, category0_.category_name as category2_5_0_ from category category0_ where category0_.category_id=?
Hibernate: select reactionli0_.board_id as board_id3_13_0_, reactionli0_.reaction_id as reaction1_13_0_, reactionli0_.reaction_id as reaction1_13_1_, reactionli0_.board_id as board_id3_13_1_, reactionli0_.reaction_type as reaction2_13_1_ from reaction reactionli0_ where reactionli0_.board_id=?
Hibernate: select reactionus0_.reaction_id as reaction2_14_0_, reactionus0_.reaction_user_id as reaction1_14_0_, reactionus0_.reaction_user_id as reaction1_14_1_, reactionus0_.reaction_id as reaction2_14_1_, reactionus0_.user_id as user_id3_14_1_ from reaction_user reactionus0_ where reactionus0_.reaction_id=?
Hibernate: select reactionus0_.reaction_id as reaction2_14_0_, reactionus0_.reaction_user_id as reaction1_14_0_, reactionus0_.reaction_user_id as reaction1_14_1_, reactionus0_.reaction_id as reaction2_14_1_, reactionus0_.user_id as user_id3_14_1_ from reaction_user reactionus0_ where reactionus0_.reaction_id=?
Hibernate: select reactionus0_.reaction_id as reaction2_14_0_, reactionus0_.reaction_user_id as reaction1_14_0_, reactionus0_.reaction_user_id as reaction1_14_1_, reactionus0_.reaction_id as reaction2_14_1_, reactionus0_.user_id as user_id3_14_1_ from reaction_user reactionus0_ where reactionus0_.reaction_id=?
Hibernate: select reactionus0_.reaction_id as reaction2_14_0_, reactionus0_.reaction_user_id as reaction1_14_0_, reactionus0_.reaction_user_id as reaction1_14_1_, reactionus0_.reaction_id as reaction2_14_1_, reactionus0_.user_id as user_id3_14_1_ from reaction_user reactionus0_ where reactionus0_.reaction_id=?
Hibernate: select reactionus0_.reaction_id as reaction2_14_0_, reactionus0_.reaction_user_id as reaction1_14_0_, reactionus0_.reaction_user_id as reaction1_14_1_, reactionus0_.reaction_id as reaction2_14_1_, reactionus0_.user_id as user_id3_14_1_ from reaction_user reactionus0_ where reactionus0_.reaction_id=?
Hibernate: select reactionus0_.reaction_id as reaction2_14_0_, reactionus0_.reaction_user_id as reaction1_14_0_, reactionus0_.reaction_user_id as reaction1_14_1_, reactionus0_.reaction_id as reaction2_14_1_, reactionus0_.user_id as user_id3_14_1_ from reaction_user reactionus0_ where reactionus0_.reaction_id=?
Hibernate: select commentlis0_.board_id as board_id5_7_0_, commentlis0_.comment_id as comment_1_7_0_, commentlis0_.comment_id as comment_1_7_1_, commentlis0_.board_id as board_id5_7_1_, commentlis0_.comment_content as comment_2_7_1_, commentlis0_.comment_created_at as comment_3_7_1_, commentlis0_.comment_last_modified_at as comment_4_7_1_, commentlis0_.user_id as user_id6_7_1_ from comment commentlis0_ where commentlis0_.board_id=?
Hibernate: select boardlist0_.category_id as category7_4_0_, boardlist0_.board_id as board_id1_4_0_, boardlist0_.board_id as board_id1_4_1_, boardlist0_.category_id as category7_4_1_, boardlist0_.board_content as board_co2_4_1_, boardlist0_.board_created_at as board_cr3_4_1_, boardlist0_.board_last_modified_at as board_la4_4_1_, boardlist0_.board_title as board_ti5_4_1_, boardlist0_.user_id as user_id8_4_1_, boardlist0_.board_views as board_vi6_4_1_ from board boardlist0_ where boardlist0_.category_id=?
Hibernate: select count(comment0_.comment_id) as col_0_0_ from comment comment0_ where comment0_.board_id=?
Hibernate: update board set category_id=?, board_content=?, board_created_at=?, board_last_modified_at=?, board_title=?, user_id=?, board_views=? where board_id=?
Hibernate: select filepathli0_.board_board_id as board_bo1_8_0_, filepathli0_.board_file_path_list as board_fi2_8_0_ from file_path_list filepathli0_ where filepathli0_.board_board_id=?
Hibernate: select imagepathl0_.board_board_id as board_bo1_11_0_, imagepathl0_.board_image_path_list as board_im2_11_0_ from image_path_list imagepathl0_ where imagepathl0_.board_board_id=?
Hibernate: select filename0_.filename_id as filename1_9_, filename0_.filename_origin as filename2_9_, filename0_.filename_uuid as filename3_9_ from filename filename0_ where filename0_.filename_uuid=?
Hibernate: delete from filename where filename_id=?
Hibernate: select count(*) as col_0_0_ from board board0_ where board0_.board_id=?
Hibernate: delete from image_path_list where board_board_id=?
Hibernate: delete from reaction where reaction_id=?
Hibernate: delete from reaction where reaction_id=?
Hibernate: delete from reaction where reaction_id=?
Hibernate: delete from reaction where reaction_id=?
Hibernate: delete from reaction where reaction_id=?
Hibernate: delete from reaction where reaction_id=?
Hibernate: delete from board where board_id=?
Hibernate: select user0_.user_id as user_id1_21_0_, user0_.character_id as characte7_21_0_, user0_.user_created_at as user_cre2_21_0_, user0_.user_name as user_nam3_21_0_, user0_.user_phone_number as user_pho4_21_0_, user0_.user_user_id as user_use5_21_0_, user0_.user_user_password as user_use6_21_0_ from user user0_ where user0_.user_id=?
Hibernate: select character0_.character_id as characte1_6_0_, character0_.character_character_name as characte2_6_0_ from characters character0_ where character0_.character_id=?
Hibernate: select count(*) as col_0_0_ from user user0_ where user0_.user_id=?
Hibernate: select character1_.character_id as characte1_6_, character1_.character_character_name as characte2_6_ from user user0_ inner join characters character1_ on user0_.character_id=character1_.character_id where user0_.user_id=?
Hibernate: select permission0_.character_id as characte6_12_0_, permission0_.permission_id as permissi1_12_0_, permission0_.permission_id as permissi1_12_1_, permission0_.character_id as characte6_12_1_, permission0_.permission_name as permissi2_12_1_, permission0_.permission_permission_unit_id as permissi3_12_1_, permission0_.permission_service as permissi4_12_1_, permission0_.permission_status as permissi5_12_1_ from permission permission0_ where permission0_.character_id=?
Hibernate: select count(*) as col_0_0_ from board board0_ where board0_.board_id=?
Hibernate: select user0_.user_id as col_0_0_ from user user0_ where user0_.user_user_id=? limit ?
Hibernate: select user0_.user_id as col_0_0_ from user user0_ where user0_.user_user_id=? limit ?
Hibernate: select U.* from USER U where U.USER_USER_ID =?
Hibernate: select character0_.character_id as characte1_6_0_, character0_.character_character_name as characte2_6_0_ from characters character0_ where character0_.character_id=?
Hibernate: select user0_.user_id as user_id1_21_0_, user0_.character_id as characte7_21_0_, user0_.user_created_at as user_cre2_21_0_, user0_.user_name as user_nam3_21_0_, user0_.user_phone_number as user_pho4_21_0_, user0_.user_user_id as user_use5_21_0_, user0_.user_user_password as user_use6_21_0_ from user user0_ where user0_.user_id=?
Hibernate: select character0_.character_id as characte1_6_0_, character0_.character_character_name as characte2_6_0_ from characters character0_ where character0_.character_id=?
Hibernate: select category0_.category_id as category1_5_, category0_.category_name as category2_5_ from category category0_
Hibernate: select boardlist0_.category_id as category7_4_0_, boardlist0_.board_id as board_id1_4_0_, boardlist0_.board_id as board_id1_4_1_, boardlist0_.category_id as category7_4_1_, boardlist0_.board_content as board_co2_4_1_, boardlist0_.board_created_at as board_cr3_4_1_, boardlist0_.board_last_modified_at as board_la4_4_1_, boardlist0_.board_title as board_ti5_4_1_, boardlist0_.user_id as user_id8_4_1_, boardlist0_.board_views as board_vi6_4_1_ from board boardlist0_ where boardlist0_.category_id=?
Hibernate: select boardlist0_.category_id as category7_4_0_, boardlist0_.board_id as board_id1_4_0_, boardlist0_.board_id as board_id1_4_1_, boardlist0_.category_id as category7_4_1_, boardlist0_.board_content as board_co2_4_1_, boardlist0_.board_created_at as board_cr3_4_1_, boardlist0_.board_last_modified_at as board_la4_4_1_, boardlist0_.board_title as board_ti5_4_1_, boardlist0_.user_id as user_id8_4_1_, boardlist0_.board_views as board_vi6_4_1_ from board boardlist0_ where boardlist0_.category_id=?
Hibernate: select boardlist0_.category_id as category7_4_0_, boardlist0_.board_id as board_id1_4_0_, boardlist0_.board_id as board_id1_4_1_, boardlist0_.category_id as category7_4_1_, boardlist0_.board_content as board_co2_4_1_, boardlist0_.board_created_at as board_cr3_4_1_, boardlist0_.board_last_modified_at as board_la4_4_1_, boardlist0_.board_title as board_ti5_4_1_, boardlist0_.user_id as user_id8_4_1_, boardlist0_.board_views as board_vi6_4_1_ from board boardlist0_ where boardlist0_.category_id=?
Hibernate: select user0_.user_id as user_id1_21_0_, user0_.character_id as characte7_21_0_, user0_.user_created_at as user_cre2_21_0_, user0_.user_name as user_nam3_21_0_, user0_.user_phone_number as user_pho4_21_0_, user0_.user_user_id as user_use5_21_0_, user0_.user_user_password as user_use6_21_0_ from user user0_ where user0_.user_id=?
Hibernate: select character0_.character_id as characte1_6_0_, character0_.character_character_name as characte2_6_0_ from characters character0_ where character0_.character_id=?
Hibernate: select count(*) as col_0_0_ from user user0_ where user0_.user_id=?
Hibernate: select character1_.character_id as characte1_6_, character1_.character_character_name as characte2_6_ from user user0_ inner join characters character1_ on user0_.character_id=character1_.character_id where user0_.user_id=?
Hibernate: select permission0_.character_id as characte6_12_0_, permission0_.permission_id as permissi1_12_0_, permission0_.permission_id as permissi1_12_1_, permission0_.character_id as characte6_12_1_, permission0_.permission_name as permissi2_12_1_, permission0_.permission_permission_unit_id as permissi3_12_1_, permission0_.permission_service as permissi4_12_1_, permission0_.permission_status as permissi5_12_1_ from permission permission0_ where permission0_.character_id=?
Hibernate: select count(*) as col_0_0_ from category category0_ where category0_.category_id=?
Hibernate: select count(board0_.board_id) as col_0_0_ from board board0_ where board0_.category_id=?
Hibernate: select category0_.category_id as category1_5_0_, category0_.category_name as category2_5_0_ from category category0_ where category0_.category_id=?
Hibernate: select boardlist0_.category_id as category7_4_0_, boardlist0_.board_id as board_id1_4_0_, boardlist0_.board_id as board_id1_4_1_, boardlist0_.category_id as category7_4_1_, boardlist0_.board_content as board_co2_4_1_, boardlist0_.board_created_at as board_cr3_4_1_, boardlist0_.board_last_modified_at as board_la4_4_1_, boardlist0_.board_title as board_ti5_4_1_, boardlist0_.user_id as user_id8_4_1_, boardlist0_.board_views as board_vi6_4_1_ from board boardlist0_ where boardlist0_.category_id=?
Hibernate: delete from category where category_id=?
Hibernate: select user0_.user_id as user_id1_21_0_, user0_.character_id as characte7_21_0_, user0_.user_created_at as user_cre2_21_0_, user0_.user_name as user_nam3_21_0_, user0_.user_phone_number as user_pho4_21_0_, user0_.user_user_id as user_use5_21_0_, user0_.user_user_password as user_use6_21_0_ from user user0_ where user0_.user_id=?
Hibernate: select character0_.character_id as characte1_6_0_, character0_.character_character_name as characte2_6_0_ from characters character0_ where character0_.character_id=?
Hibernate: select count(*) as col_0_0_ from user user0_ where user0_.user_id=?
Hibernate: select character1_.character_id as characte1_6_, character1_.character_character_name as characte2_6_ from user user0_ inner join characters character1_ on user0_.character_id=character1_.character_id where user0_.user_id=?
Hibernate: select permission0_.character_id as characte6_12_0_, permission0_.permission_id as permissi1_12_0_, permission0_.permission_id as permissi1_12_1_, permission0_.character_id as characte6_12_1_, permission0_.permission_name as permissi2_12_1_, permission0_.permission_permission_unit_id as permissi3_12_1_, permission0_.permission_service as permissi4_12_1_, permission0_.permission_status as permissi5_12_1_ from permission permission0_ where permission0_.character_id=?
Hibernate: select count(*) as col_0_0_ from category category0_ where category0_.category_id=?
Hibernate: select count(board0_.board_id) as col_0_0_ from board board0_ where board0_.category_id=?
Hibernate: select category0_.category_id as category1_5_0_, category0_.category_name as category2_5_0_ from category category0_ where category0_.category_id=?
Hibernate: select boardlist0_.category_id as category7_4_0_, boardlist0_.board_id as board_id1_4_0_, boardlist0_.board_id as board_id1_4_1_, boardlist0_.category_id as category7_4_1_, boardlist0_.board_content as board_co2_4_1_, boardlist0_.board_created_at as board_cr3_4_1_, boardlist0_.board_last_modified_at as board_la4_4_1_, boardlist0_.board_title as board_ti5_4_1_, boardlist0_.user_id as user_id8_4_1_, boardlist0_.board_views as board_vi6_4_1_ from board boardlist0_ where boardlist0_.category_id=?
Hibernate: delete from category where category_id=?
Hibernate: select user0_.user_id as user_id1_21_0_, user0_.character_id as characte7_21_0_, user0_.user_created_at as user_cre2_21_0_, user0_.user_name as user_nam3_21_0_, user0_.user_phone_number as user_pho4_21_0_, user0_.user_user_id as user_use5_21_0_, user0_.user_user_password as user_use6_21_0_ from user user0_ where user0_.user_id=?
Hibernate: select character0_.character_id as characte1_6_0_, character0_.character_character_name as characte2_6_0_ from characters character0_ where character0_.character_id=?
Hibernate: select count(*) as col_0_0_ from user user0_ where user0_.user_id=?
Hibernate: select character1_.character_id as characte1_6_, character1_.character_character_name as characte2_6_ from user user0_ inner join characters character1_ on user0_.character_id=character1_.character_id where user0_.user_id=?
Hibernate: select permission0_.character_id as characte6_12_0_, permission0_.permission_id as permissi1_12_0_, permission0_.permission_id as permissi1_12_1_, permission0_.character_id as characte6_12_1_, permission0_.permission_name as permissi2_12_1_, permission0_.permission_permission_unit_id as permissi3_12_1_, permission0_.permission_service as permissi4_12_1_, permission0_.permission_status as permissi5_12_1_ from permission permission0_ where permission0_.character_id=?
Hibernate: select count(*) as col_0_0_ from category category0_ where category0_.category_id=?
Hibernate: select count(board0_.board_id) as col_0_0_ from board board0_ where board0_.category_id=?
Hibernate: select category0_.category_id as category1_5_0_, category0_.category_name as category2_5_0_ from category category0_ where category0_.category_id=?
Hibernate: select boardlist0_.category_id as category7_4_0_, boardlist0_.board_id as board_id1_4_0_, boardlist0_.board_id as board_id1_4_1_, boardlist0_.category_id as category7_4_1_, boardlist0_.board_content as board_co2_4_1_, boardlist0_.board_created_at as board_cr3_4_1_, boardlist0_.board_last_modified_at as board_la4_4_1_, boardlist0_.board_title as board_ti5_4_1_, boardlist0_.user_id as user_id8_4_1_, boardlist0_.board_views as board_vi6_4_1_ from board boardlist0_ where boardlist0_.category_id=?
Hibernate: delete from category where category_id=?
Hibernate: select user0_.user_id as user_id1_21_0_, user0_.character_id as characte7_21_0_, user0_.user_created_at as user_cre2_21_0_, user0_.user_name as user_nam3_21_0_, user0_.user_phone_number as user_pho4_21_0_, user0_.user_user_id as user_use5_21_0_, user0_.user_user_password as user_use6_21_0_ from user user0_ where user0_.user_id=?
Hibernate: select character0_.character_id as characte1_6_0_, character0_.character_character_name as characte2_6_0_ from characters character0_ where character0_.character_id=?
Hibernate: select count(*) as col_0_0_ from user user0_ where user0_.user_id=?
Hibernate: select character1_.character_id as characte1_6_, character1_.character_character_name as characte2_6_ from user user0_ inner join characters character1_ on user0_.character_id=character1_.character_id where user0_.user_id=?
Hibernate: select permission0_.character_id as characte6_12_0_, permission0_.permission_id as permissi1_12_0_, permission0_.permission_id as permissi1_12_1_, permission0_.character_id as characte6_12_1_, permission0_.permission_name as permissi2_12_1_, permission0_.permission_permission_unit_id as permissi3_12_1_, permission0_.permission_service as permissi4_12_1_, permission0_.permission_status as permissi5_12_1_ from permission permission0_ where permission0_.character_id=?
Hibernate: select category0_.category_id as col_0_0_ from category category0_ where category0_.category_name=? limit ?
Hibernate: select category0_.category_id as category1_5_1_, category0_.category_name as category2_5_1_, boardlist1_.category_id as category7_4_3_, boardlist1_.board_id as board_id1_4_3_, boardlist1_.board_id as board_id1_4_0_, boardlist1_.category_id as category7_4_0_, boardlist1_.board_content as board_co2_4_0_, boardlist1_.board_created_at as board_cr3_4_0_, boardlist1_.board_last_modified_at as board_la4_4_0_, boardlist1_.board_title as board_ti5_4_0_, boardlist1_.user_id as user_id8_4_0_, boardlist1_.board_views as board_vi6_4_0_ from category category0_ left outer join board boardlist1_ on category0_.category_id=boardlist1_.category_id where category0_.category_id=?
Hibernate: insert into category (category_id, category_name) values (default, ?)
Hibernate: select user0_.user_id as user_id1_21_0_, user0_.character_id as characte7_21_0_, user0_.user_created_at as user_cre2_21_0_, user0_.user_name as user_nam3_21_0_, user0_.user_phone_number as user_pho4_21_0_, user0_.user_user_id as user_use5_21_0_, user0_.user_user_password as user_use6_21_0_ from user user0_ where user0_.user_id=?
Hibernate: select character0_.character_id as characte1_6_0_, character0_.character_character_name as characte2_6_0_ from characters character0_ where character0_.character_id=?
Hibernate: select count(*) as col_0_0_ from user user0_ where user0_.user_id=?
Hibernate: select character1_.character_id as characte1_6_, character1_.character_character_name as characte2_6_ from user user0_ inner join characters character1_ on user0_.character_id=character1_.character_id where user0_.user_id=?
Hibernate: select permission0_.character_id as characte6_12_0_, permission0_.permission_id as permissi1_12_0_, permission0_.permission_id as permissi1_12_1_, permission0_.character_id as characte6_12_1_, permission0_.permission_name as permissi2_12_1_, permission0_.permission_permission_unit_id as permissi3_12_1_, permission0_.permission_service as permissi4_12_1_, permission0_.permission_status as permissi5_12_1_ from permission permission0_ where permission0_.character_id=?
Hibernate: select category0_.category_id as col_0_0_ from category category0_ where category0_.category_name=? limit ?
Hibernate: select category0_.category_id as category1_5_1_, category0_.category_name as category2_5_1_, boardlist1_.category_id as category7_4_3_, boardlist1_.board_id as board_id1_4_3_, boardlist1_.board_id as board_id1_4_0_, boardlist1_.category_id as category7_4_0_, boardlist1_.board_content as board_co2_4_0_, boardlist1_.board_created_at as board_cr3_4_0_, boardlist1_.board_last_modified_at as board_la4_4_0_, boardlist1_.board_title as board_ti5_4_0_, boardlist1_.user_id as user_id8_4_0_, boardlist1_.board_views as board_vi6_4_0_ from category category0_ left outer join board boardlist1_ on category0_.category_id=boardlist1_.category_id where category0_.category_id=?
Hibernate: insert into category (category_id, category_name) values (default, ?)
Hibernate: select user0_.user_id as col_0_0_ from user user0_ where user0_.user_user_id=? limit ?
Hibernate: select user0_.user_id as col_0_0_ from user user0_ where user0_.user_user_id=? limit ?
Hibernate: select U.* from USER U where U.USER_USER_ID =?
Hibernate: select character0_.character_id as characte1_6_0_, character0_.character_character_name as characte2_6_0_ from characters character0_ where character0_.character_id=?
Hibernate: select user0_.user_id as col_0_0_ from user user0_ where user0_.user_user_id=? limit ?
Hibernate: select user0_.user_id as col_0_0_ from user user0_ where user0_.user_user_id=? limit ?
Hibernate: select U.* from USER U where U.USER_USER_ID =?
Hibernate: select character0_.character_id as characte1_6_0_, character0_.character_character_name as characte2_6_0_ from characters character0_ where character0_.character_id=?
Hibernate: select user0_.user_id as user_id1_21_0_, user0_.character_id as characte7_21_0_, user0_.user_created_at as user_cre2_21_0_, user0_.user_name as user_nam3_21_0_, user0_.user_phone_number as user_pho4_21_0_, user0_.user_user_id as user_use5_21_0_, user0_.user_user_password as user_use6_21_0_ from user user0_ where user0_.user_id=?
Hibernate: select character0_.character_id as characte1_6_0_, character0_.character_character_name as characte2_6_0_ from characters character0_ where character0_.character_id=?
Hibernate: select count(*) as col_0_0_ from board board0_
Hibernate: select count(*) as col_0_0_ from board board0_
Hibernate: select user0_.user_id as col_0_0_ from user user0_ where user0_.user_user_id=? limit ?
Hibernate: select user0_.user_id as col_0_0_ from user user0_ where user0_.user_user_id=? limit ?
Hibernate: select U.* from USER U where U.USER_USER_ID =?
Hibernate: select character0_.character_id as characte1_6_0_, character0_.character_character_name as characte2_6_0_ from characters character0_ where character0_.character_id=?
Hibernate: select user0_.user_id as user_id1_21_0_, user0_.character_id as characte7_21_0_, user0_.user_created_at as user_cre2_21_0_, user0_.user_name as user_nam3_21_0_, user0_.user_phone_number as user_pho4_21_0_, user0_.user_user_id as user_use5_21_0_, user0_.user_user_password as user_use6_21_0_ from user user0_ where user0_.user_id=?
Hibernate: select character0_.character_id as characte1_6_0_, character0_.character_character_name as characte2_6_0_ from characters character0_ where character0_.character_id=?
Hibernate: select category0_.category_id as category1_5_, category0_.category_name as category2_5_ from category category0_
Hibernate: select boardlist0_.category_id as category7_4_0_, boardlist0_.board_id as board_id1_4_0_, boardlist0_.board_id as board_id1_4_1_, boardlist0_.category_id as category7_4_1_, boardlist0_.board_content as board_co2_4_1_, boardlist0_.board_created_at as board_cr3_4_1_, boardlist0_.board_last_modified_at as board_la4_4_1_, boardlist0_.board_title as board_ti5_4_1_, boardlist0_.user_id as user_id8_4_1_, boardlist0_.board_views as board_vi6_4_1_ from board boardlist0_ where boardlist0_.category_id=?
Hibernate: select boardlist0_.category_id as category7_4_0_, boardlist0_.board_id as board_id1_4_0_, boardlist0_.board_id as board_id1_4_1_, boardlist0_.category_id as category7_4_1_, boardlist0_.board_content as board_co2_4_1_, boardlist0_.board_created_at as board_cr3_4_1_, boardlist0_.board_last_modified_at as board_la4_4_1_, boardlist0_.board_title as board_ti5_4_1_, boardlist0_.user_id as user_id8_4_1_, boardlist0_.board_views as board_vi6_4_1_ from board boardlist0_ where boardlist0_.category_id=?
Hibernate: select user0_.user_id as user_id1_21_0_, user0_.character_id as characte7_21_0_, user0_.user_created_at as user_cre2_21_0_, user0_.user_name as user_nam3_21_0_, user0_.user_phone_number as user_pho4_21_0_, user0_.user_user_id as user_use5_21_0_, user0_.user_user_password as user_use6_21_0_ from user user0_ where user0_.user_id=?
Hibernate: select character0_.character_id as characte1_6_0_, character0_.character_character_name as characte2_6_0_ from characters character0_ where character0_.character_id=?
Hibernate: select count(*) as col_0_0_ from user user0_ where user0_.user_id=?
Hibernate: select character1_.character_id as characte1_6_, character1_.character_character_name as characte2_6_ from user user0_ inner join characters character1_ on user0_.character_id=character1_.character_id where user0_.user_id=?
Hibernate: select permission0_.character_id as characte6_12_0_, permission0_.permission_id as permissi1_12_0_, permission0_.permission_id as permissi1_12_1_, permission0_.character_id as characte6_12_1_, permission0_.permission_name as permissi2_12_1_, permission0_.permission_permission_unit_id as permissi3_12_1_, permission0_.permission_service as permissi4_12_1_, permission0_.permission_status as permissi5_12_1_ from permission permission0_ where permission0_.character_id=?
Hibernate: select count(*) as col_0_0_ from category category0_ where category0_.category_id=?
Hibernate: select count(board0_.board_id) as col_0_0_ from board board0_ where board0_.category_id=?
Hibernate: select category0_.category_id as category1_5_0_, category0_.category_name as category2_5_0_ from category category0_ where category0_.category_id=?
Hibernate: select boardlist0_.category_id as category7_4_0_, boardlist0_.board_id as board_id1_4_0_, boardlist0_.board_id as board_id1_4_1_, boardlist0_.category_id as category7_4_1_, boardlist0_.board_content as board_co2_4_1_, boardlist0_.board_created_at as board_cr3_4_1_, boardlist0_.board_last_modified_at as board_la4_4_1_, boardlist0_.board_title as board_ti5_4_1_, boardlist0_.user_id as user_id8_4_1_, boardlist0_.board_views as board_vi6_4_1_ from board boardlist0_ where boardlist0_.category_id=?
Hibernate: delete from category where category_id=?
Hibernate: select user0_.user_id as user_id1_21_0_, user0_.character_id as characte7_21_0_, user0_.user_created_at as user_cre2_21_0_, user0_.user_name as user_nam3_21_0_, user0_.user_phone_number as user_pho4_21_0_, user0_.user_user_id as user_use5_21_0_, user0_.user_user_password as user_use6_21_0_ from user user0_ where user0_.user_id=?
Hibernate: select character0_.character_id as characte1_6_0_, character0_.character_character_name as characte2_6_0_ from characters character0_ where character0_.character_id=?
Hibernate: select count(*) as col_0_0_ from user user0_ where user0_.user_id=?
Hibernate: select character1_.character_id as characte1_6_, character1_.character_character_name as characte2_6_ from user user0_ inner join characters character1_ on user0_.character_id=character1_.character_id where user0_.user_id=?
Hibernate: select permission0_.character_id as characte6_12_0_, permission0_.permission_id as permissi1_12_0_, permission0_.permission_id as permissi1_12_1_, permission0_.character_id as characte6_12_1_, permission0_.permission_name as permissi2_12_1_, permission0_.permission_permission_unit_id as permissi3_12_1_, permission0_.permission_service as permissi4_12_1_, permission0_.permission_status as permissi5_12_1_ from permission permission0_ where permission0_.character_id=?
Hibernate: select count(*) as col_0_0_ from category category0_ where category0_.category_id=?
Hibernate: select count(board0_.board_id) as col_0_0_ from board board0_ where board0_.category_id=?
Hibernate: select category0_.category_id as category1_5_0_, category0_.category_name as category2_5_0_ from category category0_ where category0_.category_id=?
Hibernate: select boardlist0_.category_id as category7_4_0_, boardlist0_.board_id as board_id1_4_0_, boardlist0_.board_id as board_id1_4_1_, boardlist0_.category_id as category7_4_1_, boardlist0_.board_content as board_co2_4_1_, boardlist0_.board_created_at as board_cr3_4_1_, boardlist0_.board_last_modified_at as board_la4_4_1_, boardlist0_.board_title as board_ti5_4_1_, boardlist0_.user_id as user_id8_4_1_, boardlist0_.board_views as board_vi6_4_1_ from board boardlist0_ where boardlist0_.category_id=?
Hibernate: delete from category where category_id=?
Hibernate: select user0_.user_id as user_id1_21_0_, user0_.character_id as characte7_21_0_, user0_.user_created_at as user_cre2_21_0_, user0_.user_name as user_nam3_21_0_, user0_.user_phone_number as user_pho4_21_0_, user0_.user_user_id as user_use5_21_0_, user0_.user_user_password as user_use6_21_0_ from user user0_ where user0_.user_id=?
Hibernate: select character0_.character_id as characte1_6_0_, character0_.character_character_name as characte2_6_0_ from characters character0_ where character0_.character_id=?
Hibernate: select count(*) as col_0_0_ from user user0_ where user0_.user_id=?
Hibernate: select character1_.character_id as characte1_6_, character1_.character_character_name as characte2_6_ from user user0_ inner join characters character1_ on user0_.character_id=character1_.character_id where user0_.user_id=?
Hibernate: select permission0_.character_id as characte6_12_0_, permission0_.permission_id as permissi1_12_0_, permission0_.permission_id as permissi1_12_1_, permission0_.character_id as characte6_12_1_, permission0_.permission_name as permissi2_12_1_, permission0_.permission_permission_unit_id as permissi3_12_1_, permission0_.permission_service as permissi4_12_1_, permission0_.permission_status as permissi5_12_1_ from permission permission0_ where permission0_.character_id=?
Hibernate: select category0_.category_id as col_0_0_ from category category0_ where category0_.category_name=? limit ?
Hibernate: select category0_.category_id as category1_5_1_, category0_.category_name as category2_5_1_, boardlist1_.category_id as category7_4_3_, boardlist1_.board_id as board_id1_4_3_, boardlist1_.board_id as board_id1_4_0_, boardlist1_.category_id as category7_4_0_, boardlist1_.board_content as board_co2_4_0_, boardlist1_.board_created_at as board_cr3_4_0_, boardlist1_.board_last_modified_at as board_la4_4_0_, boardlist1_.board_title as board_ti5_4_0_, boardlist1_.user_id as user_id8_4_0_, boardlist1_.board_views as board_vi6_4_0_ from category category0_ left outer join board boardlist1_ on category0_.category_id=boardlist1_.category_id where category0_.category_id=?
Hibernate: insert into category (category_id, category_name) values (default, ?)
Hibernate: select user0_.user_id as user_id1_21_0_, user0_.character_id as characte7_21_0_, user0_.user_created_at as user_cre2_21_0_, user0_.user_name as user_nam3_21_0_, user0_.user_phone_number as user_pho4_21_0_, user0_.user_user_id as user_use5_21_0_, user0_.user_user_password as user_use6_21_0_ from user user0_ where user0_.user_id=?
Hibernate: select character0_.character_id as characte1_6_0_, character0_.character_character_name as characte2_6_0_ from characters character0_ where character0_.character_id=?
Hibernate: select count(*) as col_0_0_ from user user0_ where user0_.user_id=?
Hibernate: select character1_.character_id as characte1_6_, character1_.character_character_name as characte2_6_ from user user0_ inner join characters character1_ on user0_.character_id=character1_.character_id where user0_.user_id=?
Hibernate: select permission0_.character_id as characte6_12_0_, permission0_.permission_id as permissi1_12_0_, permission0_.permission_id as permissi1_12_1_, permission0_.character_id as characte6_12_1_, permission0_.permission_name as permissi2_12_1_, permission0_.permission_permission_unit_id as permissi3_12_1_, permission0_.permission_service as permissi4_12_1_, permission0_.permission_status as permissi5_12_1_ from permission permission0_ where permission0_.character_id=?
Hibernate: select category0_.category_id as col_0_0_ from category category0_ where category0_.category_name=? limit ?
Hibernate: select category0_.category_id as category1_5_1_, category0_.category_name as category2_5_1_, boardlist1_.category_id as category7_4_3_, boardlist1_.board_id as board_id1_4_3_, boardlist1_.board_id as board_id1_4_0_, boardlist1_.category_id as category7_4_0_, boardlist1_.board_content as board_co2_4_0_, boardlist1_.board_created_at as board_cr3_4_0_, boardlist1_.board_last_modified_at as board_la4_4_0_, boardlist1_.board_title as board_ti5_4_0_, boardlist1_.user_id as user_id8_4_0_, boardlist1_.board_views as board_vi6_4_0_ from category category0_ left outer join board boardlist1_ on category0_.category_id=boardlist1_.category_id where category0_.category_id=?
Hibernate: insert into category (category_id, category_name) values (default, ?)
Hibernate: select user0_.user_id as col_0_0_ from user user0_ where user0_.user_user_id=? limit ?
Hibernate: select user0_.user_id as col_0_0_ from user user0_ where user0_.user_user_id=? limit ?
Hibernate: select U.* from USER U where U.USER_USER_ID =?
Hibernate: select character0_.character_id as characte1_6_0_, character0_.character_character_name as characte2_6_0_ from characters character0_ where character0_.character_id=?
Hibernate: select user0_.user_id as col_0_0_ from user user0_ where user0_.user_user_id=? limit ?
Hibernate: select user0_.user_id as col_0_0_ from user user0_ where user0_.user_user_id=? limit ?
Hibernate: select U.* from USER U where U.USER_USER_ID =?
Hibernate: select character0_.character_id as characte1_6_0_, character0_.character_character_name as characte2_6_0_ from characters character0_ where character0_.character_id=?
Hibernate: select user0_.user_id as user_id1_21_0_, user0_.character_id as characte7_21_0_, user0_.user_created_at as user_cre2_21_0_, user0_.user_name as user_nam3_21_0_, user0_.user_phone_number as user_pho4_21_0_, user0_.user_user_id as user_use5_21_0_, user0_.user_user_password as user_use6_21_0_ from user user0_ where user0_.user_id=?
Hibernate: select character0_.character_id as characte1_6_0_, character0_.character_character_name as characte2_6_0_ from characters character0_ where character0_.character_id=?
Hibernate: select count(*) as col_0_0_ from user user0_ where user0_.user_id=?
Hibernate: select character1_.character_id as characte1_6_, character1_.character_character_name as characte2_6_ from user user0_ inner join characters character1_ on user0_.character_id=character1_.character_id where user0_.user_id=?
Hibernate: select permission0_.character_id as characte6_12_0_, permission0_.permission_id as permissi1_12_0_, permission0_.permission_id as permissi1_12_1_, permission0_.character_id as characte6_12_1_, permission0_.permission_name as permissi2_12_1_, permission0_.permission_permission_unit_id as permissi3_12_1_, permission0_.permission_service as permissi4_12_1_, permission0_.permission_status as permissi5_12_1_ from permission permission0_ where permission0_.character_id=?
Hibernate: select category0_.category_id as col_0_0_ from category category0_ where category0_.category_name=? limit ?
Hibernate: select category0_.category_id as category1_5_1_, category0_.category_name as category2_5_1_, boardlist1_.category_id as category7_4_3_, boardlist1_.board_id as board_id1_4_3_, boardlist1_.board_id as board_id1_4_0_, boardlist1_.category_id as category7_4_0_, boardlist1_.board_content as board_co2_4_0_, boardlist1_.board_created_at as board_cr3_4_0_, boardlist1_.board_last_modified_at as board_la4_4_0_, boardlist1_.board_title as board_ti5_4_0_, boardlist1_.user_id as user_id8_4_0_, boardlist1_.board_views as board_vi6_4_0_ from category category0_ left outer join board boardlist1_ on category0_.category_id=boardlist1_.category_id where category0_.category_id=?
Hibernate: insert into category (category_id, category_name) values (default, ?)
Hibernate: select user0_.user_id as user_id1_21_0_, user0_.character_id as characte7_21_0_, user0_.user_created_at as user_cre2_21_0_, user0_.user_name as user_nam3_21_0_, user0_.user_phone_number as user_pho4_21_0_, user0_.user_user_id as user_use5_21_0_, user0_.user_user_password as user_use6_21_0_ from user user0_ where user0_.user_id=?
Hibernate: select character0_.character_id as characte1_6_0_, character0_.character_character_name as characte2_6_0_ from characters character0_ where character0_.character_id=?
Hibernate: select category0_.category_id as category1_5_, category0_.category_name as category2_5_ from category category0_
Hibernate: select boardlist0_.category_id as category7_4_0_, boardlist0_.board_id as board_id1_4_0_, boardlist0_.board_id as board_id1_4_1_, boardlist0_.category_id as category7_4_1_, boardlist0_.board_content as board_co2_4_1_, boardlist0_.board_created_at as board_cr3_4_1_, boardlist0_.board_last_modified_at as board_la4_4_1_, boardlist0_.board_title as board_ti5_4_1_, boardlist0_.user_id as user_id8_4_1_, boardlist0_.board_views as board_vi6_4_1_ from board boardlist0_ where boardlist0_.category_id=?
Hibernate: select boardlist0_.category_id as category7_4_0_, boardlist0_.board_id as board_id1_4_0_, boardlist0_.board_id as board_id1_4_1_, boardlist0_.category_id as category7_4_1_, boardlist0_.board_content as board_co2_4_1_, boardlist0_.board_created_at as board_cr3_4_1_, boardlist0_.board_last_modified_at as board_la4_4_1_, boardlist0_.board_title as board_ti5_4_1_, boardlist0_.user_id as user_id8_4_1_, boardlist0_.board_views as board_vi6_4_1_ from board boardlist0_ where boardlist0_.category_id=?
Hibernate: select boardlist0_.category_id as category7_4_0_, boardlist0_.board_id as board_id1_4_0_, boardlist0_.board_id as board_id1_4_1_, boardlist0_.category_id as category7_4_1_, boardlist0_.board_content as board_co2_4_1_, boardlist0_.board_created_at as board_cr3_4_1_, boardlist0_.board_last_modified_at as board_la4_4_1_, boardlist0_.board_title as board_ti5_4_1_, boardlist0_.user_id as user_id8_4_1_, boardlist0_.board_views as board_vi6_4_1_ from board boardlist0_ where boardlist0_.category_id=?
Hibernate: select user0_.user_id as col_0_0_ from user user0_ where user0_.user_user_id=? limit ?
Hibernate: select user0_.user_id as col_0_0_ from user user0_ where user0_.user_user_id=? limit ?
Hibernate: select U.* from USER U where U.USER_USER_ID =?
Hibernate: select character0_.character_id as characte1_6_0_, character0_.character_character_name as characte2_6_0_ from characters character0_ where character0_.character_id=?
Hibernate: select user0_.user_id as col_0_0_ from user user0_ where user0_.user_user_id=? limit ?
Hibernate: select userjoinin0_.user_joining_pool_id as col_0_0_ from user_joining_pool userjoinin0_ where userjoinin0_.user_user_id=? limit ?
Hibernate: select character0_.character_id as col_0_0_ from characters character0_ where character0_.character_character_name=? limit ?
Hibernate: insert into user_joining_pool (user_joining_pool_id, user_created_at, user_name, user_phone_number, user_user_id, user_user_password) values (default, ?, ?, ?, ?, ?)
Hibernate: select user0_.user_id as user_id1_21_0_, user0_.character_id as characte7_21_0_, user0_.user_created_at as user_cre2_21_0_, user0_.user_name as user_nam3_21_0_, user0_.user_phone_number as user_pho4_21_0_, user0_.user_user_id as user_use5_21_0_, user0_.user_user_password as user_use6_21_0_ from user user0_ where user0_.user_id=?
Hibernate: select character0_.character_id as characte1_6_0_, character0_.character_character_name as characte2_6_0_ from characters character0_ where character0_.character_id=?
Hibernate: select count(*) as col_0_0_ from user user0_ where user0_.user_id=?
Hibernate: select character1_.character_id as characte1_6_, character1_.character_character_name as characte2_6_ from user user0_ inner join characters character1_ on user0_.character_id=character1_.character_id where user0_.user_id=?
Hibernate: select permission0_.character_id as characte6_12_0_, permission0_.permission_id as permissi1_12_0_, permission0_.permission_id as permissi1_12_1_, permission0_.character_id as characte6_12_1_, permission0_.permission_name as permissi2_12_1_, permission0_.permission_permission_unit_id as permissi3_12_1_, permission0_.permission_service as permissi4_12_1_, permission0_.permission_status as permissi5_12_1_ from permission permission0_ where permission0_.character_id=?
Hibernate: select userjoinin0_.user_joining_pool_id as col_0_0_ from user_joining_pool userjoinin0_ where userjoinin0_.user_user_id=? limit ?
Hibernate: select userjoinin0_.user_joining_pool_id as user_joi1_22_, userjoinin0_.user_created_at as user_cre2_22_, userjoinin0_.user_name as user_nam3_22_, userjoinin0_.user_phone_number as user_pho4_22_, userjoinin0_.user_user_id as user_use5_22_, userjoinin0_.user_user_password as user_use6_22_ from user_joining_pool userjoinin0_ where userjoinin0_.user_user_id=?
Hibernate: select character0_.character_id as characte1_6_, character0_.character_character_name as characte2_6_ from characters character0_ where character0_.character_character_name=?
Hibernate: insert into user (user_id, character_id, user_created_at, user_name, user_phone_number, user_user_id, user_user_password) values (default, ?, ?, ?, ?, ?, ?)
Hibernate: DELETE FROM USER_JOINING_POOL as JU where JU.USER_USER_ID =?
Hibernate: select user0_.user_id as col_0_0_ from user user0_ where user0_.user_user_id=? limit ?
Hibernate: select user0_.user_id as col_0_0_ from user user0_ where user0_.user_user_id=? limit ?
Hibernate: select U.* from USER U where U.USER_USER_ID =?
Hibernate: select character0_.character_id as characte1_6_0_, character0_.character_character_name as characte2_6_0_ from characters character0_ where character0_.character_id=?
Hibernate: select user0_.user_id as user_id1_21_0_, user0_.character_id as characte7_21_0_, user0_.user_created_at as user_cre2_21_0_, user0_.user_name as user_nam3_21_0_, user0_.user_phone_number as user_pho4_21_0_, user0_.user_user_id as user_use5_21_0_, user0_.user_user_password as user_use6_21_0_ from user user0_ where user0_.user_id=?
Hibernate: select character0_.character_id as characte1_6_0_, character0_.character_character_name as characte2_6_0_ from characters character0_ where character0_.character_id=?
Hibernate: select count(*) as col_0_0_ from user user0_ where user0_.user_id=?
Hibernate: select character1_.character_id as characte1_6_, character1_.character_character_name as characte2_6_ from user user0_ inner join characters character1_ on user0_.character_id=character1_.character_id where user0_.user_id=?
Hibernate: select permission0_.character_id as characte6_12_0_, permission0_.permission_id as permissi1_12_0_, permission0_.permission_id as permissi1_12_1_, permission0_.character_id as characte6_12_1_, permission0_.permission_name as permissi2_12_1_, permission0_.permission_permission_unit_id as permissi3_12_1_, permission0_.permission_service as permissi4_12_1_, permission0_.permission_status as permissi5_12_1_ from permission permission0_ where permission0_.character_id=?
Hibernate: select user0_.user_id as col_0_0_ from user user0_ where user0_.user_user_id=? limit ?
Hibernate: select user0_.user_id as col_0_0_ from user user0_ where user0_.user_user_id=? limit ?
Hibernate: select U.* from USER U where U.USER_USER_ID =?
Hibernate: select character0_.character_id as characte1_6_0_, character0_.character_character_name as characte2_6_0_ from characters character0_ where character0_.character_id=?
Hibernate: select user0_.user_id as user_id1_21_0_, user0_.character_id as characte7_21_0_, user0_.user_created_at as user_cre2_21_0_, user0_.user_name as user_nam3_21_0_, user0_.user_phone_number as user_pho4_21_0_, user0_.user_user_id as user_use5_21_0_, user0_.user_user_password as user_use6_21_0_ from user user0_ where user0_.user_id=?
Hibernate: select character0_.character_id as characte1_6_0_, character0_.character_character_name as characte2_6_0_ from characters character0_ where character0_.character_id=?
Hibernate: select count(*) as col_0_0_ from board board0_
Hibernate: select count(*) as col_0_0_ from board board0_
Hibernate: select user0_.user_id as col_0_0_ from user user0_ where user0_.user_user_id=? limit ?
Hibernate: select user0_.user_id as col_0_0_ from user user0_ where user0_.user_user_id=? limit ?
Hibernate: select U.* from USER U where U.USER_USER_ID =?
Hibernate: select character0_.character_id as characte1_6_0_, character0_.character_character_name as characte2_6_0_ from characters character0_ where character0_.character_id=?
Hibernate: select user0_.user_id as user_id1_21_0_, user0_.character_id as characte7_21_0_, user0_.user_created_at as user_cre2_21_0_, user0_.user_name as user_nam3_21_0_, user0_.user_phone_number as user_pho4_21_0_, user0_.user_user_id as user_use5_21_0_, user0_.user_user_password as user_use6_21_0_ from user user0_ where user0_.user_id=?
Hibernate: select character0_.character_id as characte1_6_0_, character0_.character_character_name as characte2_6_0_ from characters character0_ where character0_.character_id=?
Hibernate: select category0_.category_id as category1_5_, category0_.category_name as category2_5_ from category category0_
Hibernate: select boardlist0_.category_id as category7_4_0_, boardlist0_.board_id as board_id1_4_0_, boardlist0_.board_id as board_id1_4_1_, boardlist0_.category_id as category7_4_1_, boardlist0_.board_content as board_co2_4_1_, boardlist0_.board_created_at as board_cr3_4_1_, boardlist0_.board_last_modified_at as board_la4_4_1_, boardlist0_.board_title as board_ti5_4_1_, boardlist0_.user_id as user_id8_4_1_, boardlist0_.board_views as board_vi6_4_1_ from board boardlist0_ where boardlist0_.category_id=?
Hibernate: select boardlist0_.category_id as category7_4_0_, boardlist0_.board_id as board_id1_4_0_, boardlist0_.board_id as board_id1_4_1_, boardlist0_.category_id as category7_4_1_, boardlist0_.board_content as board_co2_4_1_, boardlist0_.board_created_at as board_cr3_4_1_, boardlist0_.board_last_modified_at as board_la4_4_1_, boardlist0_.board_title as board_ti5_4_1_, boardlist0_.user_id as user_id8_4_1_, boardlist0_.board_views as board_vi6_4_1_ from board boardlist0_ where boardlist0_.category_id=?
Hibernate: select boardlist0_.category_id as category7_4_0_, boardlist0_.board_id as board_id1_4_0_, boardlist0_.board_id as board_id1_4_1_, boardlist0_.category_id as category7_4_1_, boardlist0_.board_content as board_co2_4_1_, boardlist0_.board_created_at as board_cr3_4_1_, boardlist0_.board_last_modified_at as board_la4_4_1_, boardlist0_.board_title as board_ti5_4_1_, boardlist0_.user_id as user_id8_4_1_, boardlist0_.board_views as board_vi6_4_1_ from board boardlist0_ where boardlist0_.category_id=?
Hibernate: select user0_.user_id as user_id1_21_0_, user0_.character_id as characte7_21_0_, user0_.user_created_at as user_cre2_21_0_, user0_.user_name as user_nam3_21_0_, user0_.user_phone_number as user_pho4_21_0_, user0_.user_user_id as user_use5_21_0_, user0_.user_user_password as user_use6_21_0_ from user user0_ where user0_.user_id=?
Hibernate: select character0_.character_id as characte1_6_0_, character0_.character_character_name as characte2_6_0_ from characters character0_ where character0_.character_id=?
Hibernate: select count(*) as col_0_0_ from user user0_ where user0_.user_id=?
Hibernate: select character1_.character_id as characte1_6_, character1_.character_character_name as characte2_6_ from user user0_ inner join characters character1_ on user0_.character_id=character1_.character_id where user0_.user_id=?
Hibernate: select permission0_.character_id as characte6_12_0_, permission0_.permission_id as permissi1_12_0_, permission0_.permission_id as permissi1_12_1_, permission0_.character_id as characte6_12_1_, permission0_.permission_name as permissi2_12_1_, permission0_.permission_permission_unit_id as permissi3_12_1_, permission0_.permission_service as permissi4_12_1_, permission0_.permission_status as permissi5_12_1_ from permission permission0_ where permission0_.character_id=?
Hibernate: select count(*) as col_0_0_ from category category0_ where category0_.category_id=?
Hibernate: select count(board0_.board_id) as col_0_0_ from board board0_ where board0_.category_id=?
Hibernate: select category0_.category_id as category1_5_0_, category0_.category_name as category2_5_0_ from category category0_ where category0_.category_id=?
Hibernate: select boardlist0_.category_id as category7_4_0_, boardlist0_.board_id as board_id1_4_0_, boardlist0_.board_id as board_id1_4_1_, boardlist0_.category_id as category7_4_1_, boardlist0_.board_content as board_co2_4_1_, boardlist0_.board_created_at as board_cr3_4_1_, boardlist0_.board_last_modified_at as board_la4_4_1_, boardlist0_.board_title as board_ti5_4_1_, boardlist0_.user_id as user_id8_4_1_, boardlist0_.board_views as board_vi6_4_1_ from board boardlist0_ where boardlist0_.category_id=?
Hibernate: delete from category where category_id=?
Hibernate: select user0_.user_id as user_id1_21_0_, user0_.character_id as characte7_21_0_, user0_.user_created_at as user_cre2_21_0_, user0_.user_name as user_nam3_21_0_, user0_.user_phone_number as user_pho4_21_0_, user0_.user_user_id as user_use5_21_0_, user0_.user_user_password as user_use6_21_0_ from user user0_ where user0_.user_id=?
Hibernate: select character0_.character_id as characte1_6_0_, character0_.character_character_name as characte2_6_0_ from characters character0_ where character0_.character_id=?
Hibernate: select count(*) as col_0_0_ from user user0_ where user0_.user_id=?
Hibernate: select character1_.character_id as characte1_6_, character1_.character_character_name as characte2_6_ from user user0_ inner join characters character1_ on user0_.character_id=character1_.character_id where user0_.user_id=?
Hibernate: select permission0_.character_id as characte6_12_0_, permission0_.permission_id as permissi1_12_0_, permission0_.permission_id as permissi1_12_1_, permission0_.character_id as characte6_12_1_, permission0_.permission_name as permissi2_12_1_, permission0_.permission_permission_unit_id as permissi3_12_1_, permission0_.permission_service as permissi4_12_1_, permission0_.permission_status as permissi5_12_1_ from permission permission0_ where permission0_.character_id=?
Hibernate: select count(*) as col_0_0_ from category category0_ where category0_.category_id=?
Hibernate: select count(board0_.board_id) as col_0_0_ from board board0_ where board0_.category_id=?
Hibernate: select category0_.category_id as category1_5_0_, category0_.category_name as category2_5_0_ from category category0_ where category0_.category_id=?
Hibernate: select boardlist0_.category_id as category7_4_0_, boardlist0_.board_id as board_id1_4_0_, boardlist0_.board_id as board_id1_4_1_, boardlist0_.category_id as category7_4_1_, boardlist0_.board_content as board_co2_4_1_, boardlist0_.board_created_at as board_cr3_4_1_, boardlist0_.board_last_modified_at as board_la4_4_1_, boardlist0_.board_title as board_ti5_4_1_, boardlist0_.user_id as user_id8_4_1_, boardlist0_.board_views as board_vi6_4_1_ from board boardlist0_ where boardlist0_.category_id=?
Hibernate: delete from category where category_id=?
Hibernate: select user0_.user_id as user_id1_21_0_, user0_.character_id as characte7_21_0_, user0_.user_created_at as user_cre2_21_0_, user0_.user_name as user_nam3_21_0_, user0_.user_phone_number as user_pho4_21_0_, user0_.user_user_id as user_use5_21_0_, user0_.user_user_password as user_use6_21_0_ from user user0_ where user0_.user_id=?
Hibernate: select character0_.character_id as characte1_6_0_, character0_.character_character_name as characte2_6_0_ from characters character0_ where character0_.character_id=?
Hibernate: select count(*) as col_0_0_ from user user0_ where user0_.user_id=?
Hibernate: select character1_.character_id as characte1_6_, character1_.character_character_name as characte2_6_ from user user0_ inner join characters character1_ on user0_.character_id=character1_.character_id where user0_.user_id=?
Hibernate: select permission0_.character_id as characte6_12_0_, permission0_.permission_id as permissi1_12_0_, permission0_.permission_id as permissi1_12_1_, permission0_.character_id as characte6_12_1_, permission0_.permission_name as permissi2_12_1_, permission0_.permission_permission_unit_id as permissi3_12_1_, permission0_.permission_service as permissi4_12_1_, permission0_.permission_status as permissi5_12_1_ from permission permission0_ where permission0_.character_id=?
Hibernate: select count(*) as col_0_0_ from category category0_ where category0_.category_id=?
Hibernate: select count(board0_.board_id) as col_0_0_ from board board0_ where board0_.category_id=?
Hibernate: select category0_.category_id as category1_5_0_, category0_.category_name as category2_5_0_ from category category0_ where category0_.category_id=?
Hibernate: select boardlist0_.category_id as category7_4_0_, boardlist0_.board_id as board_id1_4_0_, boardlist0_.board_id as board_id1_4_1_, boardlist0_.category_id as category7_4_1_, boardlist0_.board_content as board_co2_4_1_, boardlist0_.board_created_at as board_cr3_4_1_, boardlist0_.board_last_modified_at as board_la4_4_1_, boardlist0_.board_title as board_ti5_4_1_, boardlist0_.user_id as user_id8_4_1_, boardlist0_.board_views as board_vi6_4_1_ from board boardlist0_ where boardlist0_.category_id=?
Hibernate: delete from category where category_id=?
Hibernate: select user0_.user_id as user_id1_21_0_, user0_.character_id as characte7_21_0_, user0_.user_created_at as user_cre2_21_0_, user0_.user_name as user_nam3_21_0_, user0_.user_phone_number as user_pho4_21_0_, user0_.user_user_id as user_use5_21_0_, user0_.user_user_password as user_use6_21_0_ from user user0_ where user0_.user_id=?
Hibernate: select character0_.character_id as characte1_6_0_, character0_.character_character_name as characte2_6_0_ from characters character0_ where character0_.character_id=?
Hibernate: select count(*) as col_0_0_ from user user0_ where user0_.user_id=?
Hibernate: select character1_.character_id as characte1_6_, character1_.character_character_name as characte2_6_ from user user0_ inner join characters character1_ on user0_.character_id=character1_.character_id where user0_.user_id=?
Hibernate: select permission0_.character_id as characte6_12_0_, permission0_.permission_id as permissi1_12_0_, permission0_.permission_id as permissi1_12_1_, permission0_.character_id as characte6_12_1_, permission0_.permission_name as permissi2_12_1_, permission0_.permission_permission_unit_id as permissi3_12_1_, permission0_.permission_service as permissi4_12_1_, permission0_.permission_status as permissi5_12_1_ from permission permission0_ where permission0_.character_id=?
Hibernate: select category0_.category_id as col_0_0_ from category category0_ where category0_.category_name=? limit ?
Hibernate: select category0_.category_id as category1_5_1_, category0_.category_name as category2_5_1_, boardlist1_.category_id as category7_4_3_, boardlist1_.board_id as board_id1_4_3_, boardlist1_.board_id as board_id1_4_0_, boardlist1_.category_id as category7_4_0_, boardlist1_.board_content as board_co2_4_0_, boardlist1_.board_created_at as board_cr3_4_0_, boardlist1_.board_last_modified_at as board_la4_4_0_, boardlist1_.board_title as board_ti5_4_0_, boardlist1_.user_id as user_id8_4_0_, boardlist1_.board_views as board_vi6_4_0_ from category category0_ left outer join board boardlist1_ on category0_.category_id=boardlist1_.category_id where category0_.category_id=?
Hibernate: insert into category (category_id, category_name) values (default, ?)
Hibernate: select user0_.user_id as user_id1_21_0_, user0_.character_id as characte7_21_0_, user0_.user_created_at as user_cre2_21_0_, user0_.user_name as user_nam3_21_0_, user0_.user_phone_number as user_pho4_21_0_, user0_.user_user_id as user_use5_21_0_, user0_.user_user_password as user_use6_21_0_ from user user0_ where user0_.user_id=?
Hibernate: select character0_.character_id as characte1_6_0_, character0_.character_character_name as characte2_6_0_ from characters character0_ where character0_.character_id=?
Hibernate: select count(*) as col_0_0_ from user user0_ where user0_.user_id=?
Hibernate: select character1_.character_id as characte1_6_, character1_.character_character_name as characte2_6_ from user user0_ inner join characters character1_ on user0_.character_id=character1_.character_id where user0_.user_id=?
Hibernate: select permission0_.character_id as characte6_12_0_, permission0_.permission_id as permissi1_12_0_, permission0_.permission_id as permissi1_12_1_, permission0_.character_id as characte6_12_1_, permission0_.permission_name as permissi2_12_1_, permission0_.permission_permission_unit_id as permissi3_12_1_, permission0_.permission_service as permissi4_12_1_, permission0_.permission_status as permissi5_12_1_ from permission permission0_ where permission0_.character_id=?
Hibernate: select category0_.category_id as col_0_0_ from category category0_ where category0_.category_name=? limit ?
Hibernate: select category0_.category_id as category1_5_1_, category0_.category_name as category2_5_1_, boardlist1_.category_id as category7_4_3_, boardlist1_.board_id as board_id1_4_3_, boardlist1_.board_id as board_id1_4_0_, boardlist1_.category_id as category7_4_0_, boardlist1_.board_content as board_co2_4_0_, boardlist1_.board_created_at as board_cr3_4_0_, boardlist1_.board_last_modified_at as board_la4_4_0_, boardlist1_.board_title as board_ti5_4_0_, boardlist1_.user_id as user_id8_4_0_, boardlist1_.board_views as board_vi6_4_0_ from category category0_ left outer join board boardlist1_ on category0_.category_id=boardlist1_.category_id where category0_.category_id=?
Hibernate: insert into category (category_id, category_name) values (default, ?)
Hibernate: select user0_.user_id as col_0_0_ from user user0_ where user0_.user_user_id=? limit ?
Hibernate: select user0_.user_id as col_0_0_ from user user0_ where user0_.user_user_id=? limit ?
Hibernate: select U.* from USER U where U.USER_USER_ID =?
Hibernate: select character0_.character_id as characte1_6_0_, character0_.character_character_name as characte2_6_0_ from characters character0_ where character0_.character_id=?
Hibernate: select user0_.user_id as col_0_0_ from user user0_ where user0_.user_user_id=? limit ?
Hibernate: select user0_.user_id as user_id1_21_, user0_.character_id as characte7_21_, user0_.user_created_at as user_cre2_21_, user0_.user_name as user_nam3_21_, user0_.user_phone_number as user_pho4_21_, user0_.user_user_id as user_use5_21_, user0_.user_user_password as user_use6_21_ from user user0_ inner join characters character1_ on user0_.character_id=character1_.character_id where user0_.user_user_id=?
Hibernate: select character0_.character_id as characte1_6_0_, character0_.character_character_name as characte2_6_0_ from characters character0_ where character0_.character_id=?
Hibernate: select rewardtagw0_.user_id as user_id4_16_0_, rewardtagw0_.reward_tag_wrapper_reward_id as reward_t1_16_0_, rewardtagw0_.reward_tag_wrapper_reward_id as reward_t1_16_1_, rewardtagw0_.reward_tag_wrapper_reward_presented_at as reward_t2_16_1_, rewardtagw0_.reward_tag_reward_tag_id as reward_t3_16_1_, rewardtagw0_.user_id as user_id4_16_1_ from reward_tag_wrapper rewardtagw0_ where rewardtagw0_.user_id=?
Hibernate: select user0_.user_id as user_id1_21_0_, user0_.character_id as characte7_21_0_, user0_.user_created_at as user_cre2_21_0_, user0_.user_name as user_nam3_21_0_, user0_.user_phone_number as user_pho4_21_0_, user0_.user_user_id as user_use5_21_0_, user0_.user_user_password as user_use6_21_0_ from user user0_ where user0_.user_id=?
Hibernate: select character0_.character_id as characte1_6_0_, character0_.character_character_name as characte2_6_0_ from characters character0_ where character0_.character_id=?
Hibernate: select count(*) as col_0_0_ from user user0_ where user0_.user_id=?
Hibernate: select character1_.character_id as characte1_6_, character1_.character_character_name as characte2_6_ from user user0_ inner join characters character1_ on user0_.character_id=character1_.character_id where user0_.user_id=?
Hibernate: select permission0_.character_id as characte6_12_0_, permission0_.permission_id as permissi1_12_0_, permission0_.permission_id as permissi1_12_1_, permission0_.character_id as characte6_12_1_, permission0_.permission_name as permissi2_12_1_, permission0_.permission_permission_unit_id as permissi3_12_1_, permission0_.permission_service as permissi4_12_1_, permission0_.permission_status as permissi5_12_1_ from permission permission0_ where permission0_.character_id=?
Hibernate: select count(*) as col_0_0_ from user user0_ where user0_.user_id=?
Hibernate: select user0_.user_id as user_id1_21_, user0_.character_id as characte7_21_, user0_.user_created_at as user_cre2_21_, user0_.user_name as user_nam3_21_, user0_.user_phone_number as user_pho4_21_, user0_.user_user_id as user_use5_21_, user0_.user_user_password as user_use6_21_ from user user0_ where user0_.user_id=?
Hibernate: select character0_.character_id as characte1_6_0_, character0_.character_character_name as characte2_6_0_ from characters character0_ where character0_.character_id=?
Hibernate: select rewardtagw0_.user_id as user_id4_16_0_, rewardtagw0_.reward_tag_wrapper_reward_id as reward_t1_16_0_, rewardtagw0_.reward_tag_wrapper_reward_id as reward_t1_16_1_, rewardtagw0_.reward_tag_wrapper_reward_presented_at as reward_t2_16_1_, rewardtagw0_.reward_tag_reward_tag_id as reward_t3_16_1_, rewardtagw0_.user_id as user_id4_16_1_ from reward_tag_wrapper rewardtagw0_ where rewardtagw0_.user_id=?
Hibernate: select attendance0_.attendance_user_attendance_user_id as col_0_0_ from attendance_user attendance0_ where attendance0_.user_id=? limit ?
Hibernate: DELETE FROM USER WHERE USER_ID = ?
Hibernate: select user0_.user_id as col_0_0_ from user user0_ where user0_.user_user_id=? limit ?
Hibernate: select user0_.user_id as col_0_0_ from user user0_ where user0_.user_user_id=? limit ?
Hibernate: select U.* from USER U where U.USER_USER_ID =?
Hibernate: select character0_.character_id as characte1_6_0_, character0_.character_character_name as characte2_6_0_ from characters character0_ where character0_.character_id=?
Hibernate: select user0_.user_id as user_id1_21_0_, user0_.character_id as characte7_21_0_, user0_.user_created_at as user_cre2_21_0_, user0_.user_name as user_nam3_21_0_, user0_.user_phone_number as user_pho4_21_0_, user0_.user_user_id as user_use5_21_0_, user0_.user_user_password as user_use6_21_0_ from user user0_ where user0_.user_id=?
Hibernate: select character0_.character_id as characte1_6_0_, character0_.character_character_name as characte2_6_0_ from characters character0_ where character0_.character_id=?
Hibernate: select count(*) as col_0_0_ from board board0_
Hibernate: select count(*) as col_0_0_ from board board0_
Hibernate: select user0_.user_id as col_0_0_ from user user0_ where user0_.user_user_id=? limit ?
Hibernate: select user0_.user_id as col_0_0_ from user user0_ where user0_.user_user_id=? limit ?
Hibernate: select U.* from USER U where U.USER_USER_ID =?
Hibernate: select character0_.character_id as characte1_6_0_, character0_.character_character_name as characte2_6_0_ from characters character0_ where character0_.character_id=?
Hibernate: select user0_.user_id as user_id1_21_0_, user0_.character_id as characte7_21_0_, user0_.user_created_at as user_cre2_21_0_, user0_.user_name as user_nam3_21_0_, user0_.user_phone_number as user_pho4_21_0_, user0_.user_user_id as user_use5_21_0_, user0_.user_user_password as user_use6_21_0_ from user user0_ where user0_.user_id=?
Hibernate: select character0_.character_id as characte1_6_0_, character0_.character_character_name as characte2_6_0_ from characters character0_ where character0_.character_id=?
Hibernate: select category0_.category_id as category1_5_, category0_.category_name as category2_5_ from category category0_
Hibernate: select boardlist0_.category_id as category7_4_0_, boardlist0_.board_id as board_id1_4_0_, boardlist0_.board_id as board_id1_4_1_, boardlist0_.category_id as category7_4_1_, boardlist0_.board_content as board_co2_4_1_, boardlist0_.board_created_at as board_cr3_4_1_, boardlist0_.board_last_modified_at as board_la4_4_1_, boardlist0_.board_title as board_ti5_4_1_, boardlist0_.user_id as user_id8_4_1_, boardlist0_.board_views as board_vi6_4_1_ from board boardlist0_ where boardlist0_.category_id=?
Hibernate: select boardlist0_.category_id as category7_4_0_, boardlist0_.board_id as board_id1_4_0_, boardlist0_.board_id as board_id1_4_1_, boardlist0_.category_id as category7_4_1_, boardlist0_.board_content as board_co2_4_1_, boardlist0_.board_created_at as board_cr3_4_1_, boardlist0_.board_last_modified_at as board_la4_4_1_, boardlist0_.board_title as board_ti5_4_1_, boardlist0_.user_id as user_id8_4_1_, boardlist0_.board_views as board_vi6_4_1_ from board boardlist0_ where boardlist0_.category_id=?
Hibernate: select user0_.user_id as user_id1_21_0_, user0_.character_id as characte7_21_0_, user0_.user_created_at as user_cre2_21_0_, user0_.user_name as user_nam3_21_0_, user0_.user_phone_number as user_pho4_21_0_, user0_.user_user_id as user_use5_21_0_, user0_.user_user_password as user_use6_21_0_ from user user0_ where user0_.user_id=?
Hibernate: select character0_.character_id as characte1_6_0_, character0_.character_character_name as characte2_6_0_ from characters character0_ where character0_.character_id=?
Hibernate: select count(*) as col_0_0_ from user user0_ where user0_.user_id=?
Hibernate: select character1_.character_id as characte1_6_, character1_.character_character_name as characte2_6_ from user user0_ inner join characters character1_ on user0_.character_id=character1_.character_id where user0_.user_id=?
Hibernate: select permission0_.character_id as characte6_12_0_, permission0_.permission_id as permissi1_12_0_, permission0_.permission_id as permissi1_12_1_, permission0_.character_id as characte6_12_1_, permission0_.permission_name as permissi2_12_1_, permission0_.permission_permission_unit_id as permissi3_12_1_, permission0_.permission_service as permissi4_12_1_, permission0_.permission_status as permissi5_12_1_ from permission permission0_ where permission0_.character_id=?
Hibernate: select count(*) as col_0_0_ from category category0_ where category0_.category_id=?
Hibernate: select count(board0_.board_id) as col_0_0_ from board board0_ where board0_.category_id=?
Hibernate: select category0_.category_id as category1_5_0_, category0_.category_name as category2_5_0_ from category category0_ where category0_.category_id=?
Hibernate: select boardlist0_.category_id as category7_4_0_, boardlist0_.board_id as board_id1_4_0_, boardlist0_.board_id as board_id1_4_1_, boardlist0_.category_id as category7_4_1_, boardlist0_.board_content as board_co2_4_1_, boardlist0_.board_created_at as board_cr3_4_1_, boardlist0_.board_last_modified_at as board_la4_4_1_, boardlist0_.board_title as board_ti5_4_1_, boardlist0_.user_id as user_id8_4_1_, boardlist0_.board_views as board_vi6_4_1_ from board boardlist0_ where boardlist0_.category_id=?
Hibernate: delete from category where category_id=?
Hibernate: select user0_.user_id as user_id1_21_0_, user0_.character_id as characte7_21_0_, user0_.user_created_at as user_cre2_21_0_, user0_.user_name as user_nam3_21_0_, user0_.user_phone_number as user_pho4_21_0_, user0_.user_user_id as user_use5_21_0_, user0_.user_user_password as user_use6_21_0_ from user user0_ where user0_.user_id=?
Hibernate: select character0_.character_id as characte1_6_0_, character0_.character_character_name as characte2_6_0_ from characters character0_ where character0_.character_id=?
Hibernate: select count(*) as col_0_0_ from user user0_ where user0_.user_id=?
Hibernate: select character1_.character_id as characte1_6_, character1_.character_character_name as characte2_6_ from user user0_ inner join characters character1_ on user0_.character_id=character1_.character_id where user0_.user_id=?
Hibernate: select permission0_.character_id as characte6_12_0_, permission0_.permission_id as permissi1_12_0_, permission0_.permission_id as permissi1_12_1_, permission0_.character_id as characte6_12_1_, permission0_.permission_name as permissi2_12_1_, permission0_.permission_permission_unit_id as permissi3_12_1_, permission0_.permission_service as permissi4_12_1_, permission0_.permission_status as permissi5_12_1_ from permission permission0_ where permission0_.character_id=?
Hibernate: select count(*) as col_0_0_ from category category0_ where category0_.category_id=?
Hibernate: select count(board0_.board_id) as col_0_0_ from board board0_ where board0_.category_id=?
Hibernate: select category0_.category_id as category1_5_0_, category0_.category_name as category2_5_0_ from category category0_ where category0_.category_id=?
Hibernate: select boardlist0_.category_id as category7_4_0_, boardlist0_.board_id as board_id1_4_0_, boardlist0_.board_id as board_id1_4_1_, boardlist0_.category_id as category7_4_1_, boardlist0_.board_content as board_co2_4_1_, boardlist0_.board_created_at as board_cr3_4_1_, boardlist0_.board_last_modified_at as board_la4_4_1_, boardlist0_.board_title as board_ti5_4_1_, boardlist0_.user_id as user_id8_4_1_, boardlist0_.board_views as board_vi6_4_1_ from board boardlist0_ where boardlist0_.category_id=?
Hibernate: delete from category where category_id=?
Hibernate: select user0_.user_id as user_id1_21_0_, user0_.character_id as characte7_21_0_, user0_.user_created_at as user_cre2_21_0_, user0_.user_name as user_nam3_21_0_, user0_.user_phone_number as user_pho4_21_0_, user0_.user_user_id as user_use5_21_0_, user0_.user_user_password as user_use6_21_0_ from user user0_ where user0_.user_id=?
Hibernate: select character0_.character_id as characte1_6_0_, character0_.character_character_name as characte2_6_0_ from characters character0_ where character0_.character_id=?
Hibernate: select count(*) as col_0_0_ from user user0_ where user0_.user_id=?
Hibernate: select character1_.character_id as characte1_6_, character1_.character_character_name as characte2_6_ from user user0_ inner join characters character1_ on user0_.character_id=character1_.character_id where user0_.user_id=?
Hibernate: select permission0_.character_id as characte6_12_0_, permission0_.permission_id as permissi1_12_0_, permission0_.permission_id as permissi1_12_1_, permission0_.character_id as characte6_12_1_, permission0_.permission_name as permissi2_12_1_, permission0_.permission_permission_unit_id as permissi3_12_1_, permission0_.permission_service as permissi4_12_1_, permission0_.permission_status as permissi5_12_1_ from permission permission0_ where permission0_.character_id=?
Hibernate: select category0_.category_id as col_0_0_ from category category0_ where category0_.category_name=? limit ?
Hibernate: select category0_.category_id as category1_5_1_, category0_.category_name as category2_5_1_, boardlist1_.category_id as category7_4_3_, boardlist1_.board_id as board_id1_4_3_, boardlist1_.board_id as board_id1_4_0_, boardlist1_.category_id as category7_4_0_, boardlist1_.board_content as board_co2_4_0_, boardlist1_.board_created_at as board_cr3_4_0_, boardlist1_.board_last_modified_at as board_la4_4_0_, boardlist1_.board_title as board_ti5_4_0_, boardlist1_.user_id as user_id8_4_0_, boardlist1_.board_views as board_vi6_4_0_ from category category0_ left outer join board boardlist1_ on category0_.category_id=boardlist1_.category_id where category0_.category_id=?
Hibernate: insert into category (category_id, category_name) values (default, ?)
Hibernate: select user0_.user_id as user_id1_21_0_, user0_.character_id as characte7_21_0_, user0_.user_created_at as user_cre2_21_0_, user0_.user_name as user_nam3_21_0_, user0_.user_phone_number as user_pho4_21_0_, user0_.user_user_id as user_use5_21_0_, user0_.user_user_password as user_use6_21_0_ from user user0_ where user0_.user_id=?
Hibernate: select character0_.character_id as characte1_6_0_, character0_.character_character_name as characte2_6_0_ from characters character0_ where character0_.character_id=?
Hibernate: select count(*) as col_0_0_ from user user0_ where user0_.user_id=?
Hibernate: select character1_.character_id as characte1_6_, character1_.character_character_name as characte2_6_ from user user0_ inner join characters character1_ on user0_.character_id=character1_.character_id where user0_.user_id=?
Hibernate: select permission0_.character_id as characte6_12_0_, permission0_.permission_id as permissi1_12_0_, permission0_.permission_id as permissi1_12_1_, permission0_.character_id as characte6_12_1_, permission0_.permission_name as permissi2_12_1_, permission0_.permission_permission_unit_id as permissi3_12_1_, permission0_.permission_service as permissi4_12_1_, permission0_.permission_status as permissi5_12_1_ from permission permission0_ where permission0_.character_id=?
Hibernate: select category0_.category_id as col_0_0_ from category category0_ where category0_.category_name=? limit ?
Hibernate: select category0_.category_id as category1_5_1_, category0_.category_name as category2_5_1_, boardlist1_.category_id as category7_4_3_, boardlist1_.board_id as board_id1_4_3_, boardlist1_.board_id as board_id1_4_0_, boardlist1_.category_id as category7_4_0_, boardlist1_.board_content as board_co2_4_0_, boardlist1_.board_created_at as board_cr3_4_0_, boardlist1_.board_last_modified_at as board_la4_4_0_, boardlist1_.board_title as board_ti5_4_0_, boardlist1_.user_id as user_id8_4_0_, boardlist1_.board_views as board_vi6_4_0_ from category category0_ left outer join board boardlist1_ on category0_.category_id=boardlist1_.category_id where category0_.category_id=?
Hibernate: insert into category (category_id, category_name) values (default, ?)
Hibernate: select user0_.user_id as col_0_0_ from user user0_ where user0_.user_user_id=? limit ?
Hibernate: select user0_.user_id as col_0_0_ from user user0_ where user0_.user_user_id=? limit ?
Hibernate: select U.* from USER U where U.USER_USER_ID =?
Hibernate: select character0_.character_id as characte1_6_0_, character0_.character_character_name as characte2_6_0_ from characters character0_ where character0_.character_id=?
Hibernate: select user0_.user_id as col_0_0_ from user user0_ where user0_.user_user_id=? limit ?
Hibernate: select user0_.user_id as col_0_0_ from user user0_ where user0_.user_user_id=? limit ?
Hibernate: select U.* from USER U where U.USER_USER_ID =?
Hibernate: select character0_.character_id as characte1_6_0_, character0_.character_character_name as characte2_6_0_ from characters character0_ where character0_.character_id=?
Hibernate: select user0_.user_id as col_0_0_ from user user0_ where user0_.user_user_id=? limit ?
Hibernate: select user0_.user_id as col_0_0_ from user user0_ where user0_.user_user_id=? limit ?
Hibernate: select U.* from USER U where U.USER_USER_ID =?
Hibernate: select character0_.character_id as characte1_6_0_, character0_.character_character_name as characte2_6_0_ from characters character0_ where character0_.character_id=?
Hibernate: select user0_.user_id as user_id1_21_0_, user0_.character_id as characte7_21_0_, user0_.user_created_at as user_cre2_21_0_, user0_.user_name as user_nam3_21_0_, user0_.user_phone_number as user_pho4_21_0_, user0_.user_user_id as user_use5_21_0_, user0_.user_user_password as user_use6_21_0_ from user user0_ where user0_.user_id=?
Hibernate: select character0_.character_id as characte1_6_0_, character0_.character_character_name as characte2_6_0_ from characters character0_ where character0_.character_id=?
Hibernate: select count(*) as col_0_0_ from user user0_ where user0_.user_id=?
Hibernate: select character1_.character_id as characte1_6_, character1_.character_character_name as characte2_6_ from user user0_ inner join characters character1_ on user0_.character_id=character1_.character_id where user0_.user_id=?
Hibernate: select permission0_.character_id as characte6_12_0_, permission0_.permission_id as permissi1_12_0_, permission0_.permission_id as permissi1_12_1_, permission0_.character_id as characte6_12_1_, permission0_.permission_name as permissi2_12_1_, permission0_.permission_permission_unit_id as permissi3_12_1_, permission0_.permission_service as permissi4_12_1_, permission0_.permission_status as permissi5_12_1_ from permission permission0_ where permission0_.character_id=?
Hibernate: select category0_.category_id as col_0_0_ from category category0_ where category0_.category_name=? limit ?
Hibernate: select category0_.category_id as category1_5_1_, category0_.category_name as category2_5_1_, boardlist1_.category_id as category7_4_3_, boardlist1_.board_id as board_id1_4_3_, boardlist1_.board_id as board_id1_4_0_, boardlist1_.category_id as category7_4_0_, boardlist1_.board_content as board_co2_4_0_, boardlist1_.board_created_at as board_cr3_4_0_, boardlist1_.board_last_modified_at as board_la4_4_0_, boardlist1_.board_title as board_ti5_4_0_, boardlist1_.user_id as user_id8_4_0_, boardlist1_.board_views as board_vi6_4_0_ from category category0_ left outer join board boardlist1_ on category0_.category_id=boardlist1_.category_id where category0_.category_id=?
Hibernate: insert into category (category_id, category_name) values (default, ?)
Hibernate: select user0_.user_id as user_id1_21_0_, user0_.character_id as characte7_21_0_, user0_.user_created_at as user_cre2_21_0_, user0_.user_name as user_nam3_21_0_, user0_.user_phone_number as user_pho4_21_0_, user0_.user_user_id as user_use5_21_0_, user0_.user_user_password as user_use6_21_0_ from user user0_ where user0_.user_id=?
Hibernate: select character0_.character_id as characte1_6_0_, character0_.character_character_name as characte2_6_0_ from characters character0_ where character0_.character_id=?
Hibernate: select category0_.category_id as category1_5_, category0_.category_name as category2_5_ from category category0_
Hibernate: select boardlist0_.category_id as category7_4_0_, boardlist0_.board_id as board_id1_4_0_, boardlist0_.board_id as board_id1_4_1_, boardlist0_.category_id as category7_4_1_, boardlist0_.board_content as board_co2_4_1_, boardlist0_.board_created_at as board_cr3_4_1_, boardlist0_.board_last_modified_at as board_la4_4_1_, boardlist0_.board_title as board_ti5_4_1_, boardlist0_.user_id as user_id8_4_1_, boardlist0_.board_views as board_vi6_4_1_ from board boardlist0_ where boardlist0_.category_id=?
Hibernate: select boardlist0_.category_id as category7_4_0_, boardlist0_.board_id as board_id1_4_0_, boardlist0_.board_id as board_id1_4_1_, boardlist0_.category_id as category7_4_1_, boardlist0_.board_content as board_co2_4_1_, boardlist0_.board_created_at as board_cr3_4_1_, boardlist0_.board_last_modified_at as board_la4_4_1_, boardlist0_.board_title as board_ti5_4_1_, boardlist0_.user_id as user_id8_4_1_, boardlist0_.board_views as board_vi6_4_1_ from board boardlist0_ where boardlist0_.category_id=?
Hibernate: select boardlist0_.category_id as category7_4_0_, boardlist0_.board_id as board_id1_4_0_, boardlist0_.board_id as board_id1_4_1_, boardlist0_.category_id as category7_4_1_, boardlist0_.board_content as board_co2_4_1_, boardlist0_.board_created_at as board_cr3_4_1_, boardlist0_.board_last_modified_at as board_la4_4_1_, boardlist0_.board_title as board_ti5_4_1_, boardlist0_.user_id as user_id8_4_1_, boardlist0_.board_views as board_vi6_4_1_ from board boardlist0_ where boardlist0_.category_id=?
Hibernate: select user0_.user_id as user_id1_21_0_, user0_.character_id as characte7_21_0_, user0_.user_created_at as user_cre2_21_0_, user0_.user_name as user_nam3_21_0_, user0_.user_phone_number as user_pho4_21_0_, user0_.user_user_id as user_use5_21_0_, user0_.user_user_password as user_use6_21_0_ from user user0_ where user0_.user_id=?
Hibernate: select character0_.character_id as characte1_6_0_, character0_.character_character_name as characte2_6_0_ from characters character0_ where character0_.character_id=?
Hibernate: select count(*) as col_0_0_ from user user0_ where user0_.user_id=?
Hibernate: select character1_.character_id as characte1_6_, character1_.character_character_name as characte2_6_ from user user0_ inner join characters character1_ on user0_.character_id=character1_.character_id where user0_.user_id=?
Hibernate: select permission0_.character_id as characte6_12_0_, permission0_.permission_id as permissi1_12_0_, permission0_.permission_id as permissi1_12_1_, permission0_.character_id as characte6_12_1_, permission0_.permission_name as permissi2_12_1_, permission0_.permission_permission_unit_id as permissi3_12_1_, permission0_.permission_service as permissi4_12_1_, permission0_.permission_status as permissi5_12_1_ from permission permission0_ where permission0_.character_id=?
Hibernate: select count(*) as col_0_0_ from category category0_ where category0_.category_id=?
Hibernate: insert into filename (filename_id, filename_origin, filename_uuid) values (default, ?, ?)
Hibernate: insert into filename (filename_id, filename_origin, filename_uuid) values (default, ?, ?)
Hibernate: select category0_.category_id as category1_5_0_, category0_.category_name as category2_5_0_ from category category0_ where category0_.category_id=?
Hibernate: insert into board (board_id, category_id, board_content, board_created_at, board_last_modified_at, board_title, user_id, board_views) values (default, ?, ?, ?, ?, ?, ?, ?)
Hibernate: insert into reaction (reaction_id, board_id, reaction_type) values (default, ?, ?)
Hibernate: insert into reaction (reaction_id, board_id, reaction_type) values (default, ?, ?)
Hibernate: insert into reaction (reaction_id, board_id, reaction_type) values (default, ?, ?)
Hibernate: insert into reaction (reaction_id, board_id, reaction_type) values (default, ?, ?)
Hibernate: insert into reaction (reaction_id, board_id, reaction_type) values (default, ?, ?)
Hibernate: insert into reaction (reaction_id, board_id, reaction_type) values (default, ?, ?)
Hibernate: insert into file_path_list (board_board_id, board_file_path_list) values (?, ?)
Hibernate: insert into image_path_list (board_board_id, board_image_path_list) values (?, ?)
Hibernate: select user0_.user_id as user_id1_21_0_, user0_.character_id as characte7_21_0_, user0_.user_created_at as user_cre2_21_0_, user0_.user_name as user_nam3_21_0_, user0_.user_phone_number as user_pho4_21_0_, user0_.user_user_id as user_use5_21_0_, user0_.user_user_password as user_use6_21_0_ from user user0_ where user0_.user_id=?
Hibernate: select character0_.character_id as characte1_6_0_, character0_.character_character_name as characte2_6_0_ from characters character0_ where character0_.character_id=?
Hibernate: select count(*) as col_0_0_ from board board0_
Hibernate: select board0_.board_id as board_id1_4_, board0_.category_id as category7_4_, board0_.board_content as board_co2_4_, board0_.board_created_at as board_cr3_4_, board0_.board_last_modified_at as board_la4_4_, board0_.board_title as board_ti5_4_, board0_.user_id as user_id8_4_, board0_.board_views as board_vi6_4_ from board board0_ limit ?
Hibernate: select category0_.category_id as category1_5_0_, category0_.category_name as category2_5_0_ from category category0_ where category0_.category_id=?
Hibernate: select reactionli0_.board_id as board_id3_13_0_, reactionli0_.reaction_id as reaction1_13_0_, reactionli0_.reaction_id as reaction1_13_1_, reactionli0_.board_id as board_id3_13_1_, reactionli0_.reaction_type as reaction2_13_1_ from reaction reactionli0_ where reactionli0_.board_id=?
Hibernate: select reactionus0_.reaction_id as reaction2_14_0_, reactionus0_.reaction_user_id as reaction1_14_0_, reactionus0_.reaction_user_id as reaction1_14_1_, reactionus0_.reaction_id as reaction2_14_1_, reactionus0_.user_id as user_id3_14_1_ from reaction_user reactionus0_ where reactionus0_.reaction_id=?
Hibernate: select reactionus0_.reaction_id as reaction2_14_0_, reactionus0_.reaction_user_id as reaction1_14_0_, reactionus0_.reaction_user_id as reaction1_14_1_, reactionus0_.reaction_id as reaction2_14_1_, reactionus0_.user_id as user_id3_14_1_ from reaction_user reactionus0_ where reactionus0_.reaction_id=?
Hibernate: select reactionus0_.reaction_id as reaction2_14_0_, reactionus0_.reaction_user_id as reaction1_14_0_, reactionus0_.reaction_user_id as reaction1_14_1_, reactionus0_.reaction_id as reaction2_14_1_, reactionus0_.user_id as user_id3_14_1_ from reaction_user reactionus0_ where reactionus0_.reaction_id=?
Hibernate: select reactionus0_.reaction_id as reaction2_14_0_, reactionus0_.reaction_user_id as reaction1_14_0_, reactionus0_.reaction_user_id as reaction1_14_1_, reactionus0_.reaction_id as reaction2_14_1_, reactionus0_.user_id as user_id3_14_1_ from reaction_user reactionus0_ where reactionus0_.reaction_id=?
Hibernate: select reactionus0_.reaction_id as reaction2_14_0_, reactionus0_.reaction_user_id as reaction1_14_0_, reactionus0_.reaction_user_id as reaction1_14_1_, reactionus0_.reaction_id as reaction2_14_1_, reactionus0_.user_id as user_id3_14_1_ from reaction_user reactionus0_ where reactionus0_.reaction_id=?
Hibernate: select reactionus0_.reaction_id as reaction2_14_0_, reactionus0_.reaction_user_id as reaction1_14_0_, reactionus0_.reaction_user_id as reaction1_14_1_, reactionus0_.reaction_id as reaction2_14_1_, reactionus0_.user_id as user_id3_14_1_ from reaction_user reactionus0_ where reactionus0_.reaction_id=?
Hibernate: select commentlis0_.board_id as board_id5_7_0_, commentlis0_.comment_id as comment_1_7_0_, commentlis0_.comment_id as comment_1_7_1_, commentlis0_.board_id as board_id5_7_1_, commentlis0_.comment_content as comment_2_7_1_, commentlis0_.comment_created_at as comment_3_7_1_, commentlis0_.comment_last_modified_at as comment_4_7_1_, commentlis0_.user_id as user_id6_7_1_ from comment commentlis0_ where commentlis0_.board_id=?
Hibernate: select boardlist0_.category_id as category7_4_0_, boardlist0_.board_id as board_id1_4_0_, boardlist0_.board_id as board_id1_4_1_, boardlist0_.category_id as category7_4_1_, boardlist0_.board_content as board_co2_4_1_, boardlist0_.board_created_at as board_cr3_4_1_, boardlist0_.board_last_modified_at as board_la4_4_1_, boardlist0_.board_title as board_ti5_4_1_, boardlist0_.user_id as user_id8_4_1_, boardlist0_.board_views as board_vi6_4_1_ from board boardlist0_ where boardlist0_.category_id=?
Hibernate: select count(comment0_.comment_id) as col_0_0_ from comment comment0_ where comment0_.board_id=?
Hibernate: select count(*) as col_0_0_ from board board0_
Hibernate: select imagepathl0_.board_board_id as board_bo1_11_0_, imagepathl0_.board_image_path_list as board_im2_11_0_ from image_path_list imagepathl0_ where imagepathl0_.board_board_id=?
Hibernate: select filename0_.filename_id as filename1_9_, filename0_.filename_origin as filename2_9_, filename0_.filename_uuid as filename3_9_ from filename filename0_ where filename0_.filename_uuid=?
Hibernate: select filepathli0_.board_board_id as board_bo1_8_0_, filepathli0_.board_file_path_list as board_fi2_8_0_ from file_path_list filepathli0_ where filepathli0_.board_board_id=?
Hibernate: select filename0_.filename_id as filename1_9_, filename0_.filename_origin as filename2_9_, filename0_.filename_uuid as filename3_9_ from filename filename0_ where filename0_.filename_uuid=?
Hibernate: select user0_.user_id as user_id1_21_0_, user0_.character_id as characte7_21_0_, user0_.user_created_at as user_cre2_21_0_, user0_.user_name as user_nam3_21_0_, user0_.user_phone_number as user_pho4_21_0_, user0_.user_user_id as user_use5_21_0_, user0_.user_user_password as user_use6_21_0_ from user user0_ where user0_.user_id=?
Hibernate: select character0_.character_id as characte1_6_0_, character0_.character_character_name as characte2_6_0_ from characters character0_ where character0_.character_id=?
Hibernate: select count(*) as col_0_0_ from user user0_ where user0_.user_id=?
Hibernate: select character1_.character_id as characte1_6_, character1_.character_character_name as characte2_6_ from user user0_ inner join characters character1_ on user0_.character_id=character1_.character_id where user0_.user_id=?
Hibernate: select permission0_.character_id as characte6_12_0_, permission0_.permission_id as permissi1_12_0_, permission0_.permission_id as permissi1_12_1_, permission0_.character_id as characte6_12_1_, permission0_.permission_name as permissi2_12_1_, permission0_.permission_permission_unit_id as permissi3_12_1_, permission0_.permission_service as permissi4_12_1_, permission0_.permission_status as permissi5_12_1_ from permission permission0_ where permission0_.character_id=?
Hibernate: select count(*) as col_0_0_ from user user0_ where user0_.user_id=?
Hibernate: select user0_.user_id as user_id1_21_, user0_.character_id as characte7_21_, user0_.user_created_at as user_cre2_21_, user0_.user_name as user_nam3_21_, user0_.user_phone_number as user_pho4_21_, user0_.user_user_id as user_use5_21_, user0_.user_user_password as user_use6_21_ from user user0_ where user0_.user_id=?
Hibernate: select rewardtagw0_.user_id as user_id4_16_0_, rewardtagw0_.reward_tag_wrapper_reward_id as reward_t1_16_0_, rewardtagw0_.reward_tag_wrapper_reward_id as reward_t1_16_1_, rewardtagw0_.reward_tag_wrapper_reward_presented_at as reward_t2_16_1_, rewardtagw0_.reward_tag_reward_tag_id as reward_t3_16_1_, rewardtagw0_.user_id as user_id4_16_1_ from reward_tag_wrapper rewardtagw0_ where rewardtagw0_.user_id=?
Hibernate: select count(*) as col_0_0_ from board board0_ where board0_.board_id=?
Hibernate: select R.* from REACTION R where R.BOARD_ID = ?
Hibernate: select board0_.board_id as board_id1_4_0_, board0_.category_id as category7_4_0_, board0_.board_content as board_co2_4_0_, board0_.board_created_at as board_cr3_4_0_, board0_.board_last_modified_at as board_la4_4_0_, board0_.board_title as board_ti5_4_0_, board0_.user_id as user_id8_4_0_, board0_.board_views as board_vi6_4_0_ from board board0_ where board0_.board_id=?
Hibernate: select category0_.category_id as category1_5_0_, category0_.category_name as category2_5_0_ from category category0_ where category0_.category_id=?
Hibernate: select reactionus0_.reaction_id as reaction2_14_0_, reactionus0_.reaction_user_id as reaction1_14_0_, reactionus0_.reaction_user_id as reaction1_14_1_, reactionus0_.reaction_id as reaction2_14_1_, reactionus0_.user_id as user_id3_14_1_ from reaction_user reactionus0_ where reactionus0_.reaction_id=?
Hibernate: select reactionus0_.reaction_id as reaction2_14_0_, reactionus0_.reaction_user_id as reaction1_14_0_, reactionus0_.reaction_user_id as reaction1_14_1_, reactionus0_.reaction_id as reaction2_14_1_, reactionus0_.user_id as user_id3_14_1_ from reaction_user reactionus0_ where reactionus0_.reaction_id=?
Hibernate: select reactionus0_.reaction_id as reaction2_14_0_, reactionus0_.reaction_user_id as reaction1_14_0_, reactionus0_.reaction_user_id as reaction1_14_1_, reactionus0_.reaction_id as reaction2_14_1_, reactionus0_.user_id as user_id3_14_1_ from reaction_user reactionus0_ where reactionus0_.reaction_id=?
Hibernate: select reactionus0_.reaction_id as reaction2_14_0_, reactionus0_.reaction_user_id as reaction1_14_0_, reactionus0_.reaction_user_id as reaction1_14_1_, reactionus0_.reaction_id as reaction2_14_1_, reactionus0_.user_id as user_id3_14_1_ from reaction_user reactionus0_ where reactionus0_.reaction_id=?
Hibernate: select reactionus0_.reaction_id as reaction2_14_0_, reactionus0_.reaction_user_id as reaction1_14_0_, reactionus0_.reaction_user_id as reaction1_14_1_, reactionus0_.reaction_id as reaction2_14_1_, reactionus0_.user_id as user_id3_14_1_ from reaction_user reactionus0_ where reactionus0_.reaction_id=?
Hibernate: select reactionus0_.reaction_id as reaction2_14_0_, reactionus0_.reaction_user_id as reaction1_14_0_, reactionus0_.reaction_user_id as reaction1_14_1_, reactionus0_.reaction_id as reaction2_14_1_, reactionus0_.user_id as user_id3_14_1_ from reaction_user reactionus0_ where reactionus0_.reaction_id=?
Hibernate: select U.* from USER U where U.USER_USER_ID = ?
Hibernate: select R.* from REACTION R where R.BOARD_ID = ?
Hibernate: insert into reaction_user (reaction_user_id, reaction_id, user_id) values (default, ?, ?)
Hibernate: select user0_.user_id as user_id1_21_0_, user0_.character_id as characte7_21_0_, user0_.user_created_at as user_cre2_21_0_, user0_.user_name as user_nam3_21_0_, user0_.user_phone_number as user_pho4_21_0_, user0_.user_user_id as user_use5_21_0_, user0_.user_user_password as user_use6_21_0_ from user user0_ where user0_.user_id=?
Hibernate: select character0_.character_id as characte1_6_0_, character0_.character_character_name as characte2_6_0_ from characters character0_ where character0_.character_id=?
Hibernate: select count(*) as col_0_0_ from user user0_ where user0_.user_id=?
Hibernate: select character1_.character_id as characte1_6_, character1_.character_character_name as characte2_6_ from user user0_ inner join characters character1_ on user0_.character_id=character1_.character_id where user0_.user_id=?
Hibernate: select permission0_.character_id as characte6_12_0_, permission0_.permission_id as permissi1_12_0_, permission0_.permission_id as permissi1_12_1_, permission0_.character_id as characte6_12_1_, permission0_.permission_name as permissi2_12_1_, permission0_.permission_permission_unit_id as permissi3_12_1_, permission0_.permission_service as permissi4_12_1_, permission0_.permission_status as permissi5_12_1_ from permission permission0_ where permission0_.character_id=?
Hibernate: select count(*) as col_0_0_ from user user0_ where user0_.user_id=?
Hibernate: select user0_.user_id as user_id1_21_, user0_.character_id as characte7_21_, user0_.user_created_at as user_cre2_21_, user0_.user_name as user_nam3_21_, user0_.user_phone_number as user_pho4_21_, user0_.user_user_id as user_use5_21_, user0_.user_user_password as user_use6_21_ from user user0_ where user0_.user_id=?
Hibernate: select rewardtagw0_.user_id as user_id4_16_0_, rewardtagw0_.reward_tag_wrapper_reward_id as reward_t1_16_0_, rewardtagw0_.reward_tag_wrapper_reward_id as reward_t1_16_1_, rewardtagw0_.reward_tag_wrapper_reward_presented_at as reward_t2_16_1_, rewardtagw0_.reward_tag_reward_tag_id as reward_t3_16_1_, rewardtagw0_.user_id as user_id4_16_1_ from reward_tag_wrapper rewardtagw0_ where rewardtagw0_.user_id=?
Hibernate: select count(*) as col_0_0_ from board board0_ where board0_.board_id=?
Hibernate: select R.* from REACTION R where R.BOARD_ID = ?
Hibernate: select board0_.board_id as board_id1_4_0_, board0_.category_id as category7_4_0_, board0_.board_content as board_co2_4_0_, board0_.board_created_at as board_cr3_4_0_, board0_.board_last_modified_at as board_la4_4_0_, board0_.board_title as board_ti5_4_0_, board0_.user_id as user_id8_4_0_, board0_.board_views as board_vi6_4_0_ from board board0_ where board0_.board_id=?
Hibernate: select category0_.category_id as category1_5_0_, category0_.category_name as category2_5_0_ from category category0_ where category0_.category_id=?
Hibernate: select reactionus0_.reaction_id as reaction2_14_0_, reactionus0_.reaction_user_id as reaction1_14_0_, reactionus0_.reaction_user_id as reaction1_14_1_, reactionus0_.reaction_id as reaction2_14_1_, reactionus0_.user_id as user_id3_14_1_ from reaction_user reactionus0_ where reactionus0_.reaction_id=?
Hibernate: select reactionus0_.reaction_id as reaction2_14_0_, reactionus0_.reaction_user_id as reaction1_14_0_, reactionus0_.reaction_user_id as reaction1_14_1_, reactionus0_.reaction_id as reaction2_14_1_, reactionus0_.user_id as user_id3_14_1_ from reaction_user reactionus0_ where reactionus0_.reaction_id=?
Hibernate: select reactionus0_.reaction_id as reaction2_14_0_, reactionus0_.reaction_user_id as reaction1_14_0_, reactionus0_.reaction_user_id as reaction1_14_1_, reactionus0_.reaction_id as reaction2_14_1_, reactionus0_.user_id as user_id3_14_1_ from reaction_user reactionus0_ where reactionus0_.reaction_id=?
Hibernate: select reactionus0_.reaction_id as reaction2_14_0_, reactionus0_.reaction_user_id as reaction1_14_0_, reactionus0_.reaction_user_id as reaction1_14_1_, reactionus0_.reaction_id as reaction2_14_1_, reactionus0_.user_id as user_id3_14_1_ from reaction_user reactionus0_ where reactionus0_.reaction_id=?
Hibernate: select reactionus0_.reaction_id as reaction2_14_0_, reactionus0_.reaction_user_id as reaction1_14_0_, reactionus0_.reaction_user_id as reaction1_14_1_, reactionus0_.reaction_id as reaction2_14_1_, reactionus0_.user_id as user_id3_14_1_ from reaction_user reactionus0_ where reactionus0_.reaction_id=?
Hibernate: select reactionus0_.reaction_id as reaction2_14_0_, reactionus0_.reaction_user_id as reaction1_14_0_, reactionus0_.reaction_user_id as reaction1_14_1_, reactionus0_.reaction_id as reaction2_14_1_, reactionus0_.user_id as user_id3_14_1_ from reaction_user reactionus0_ where reactionus0_.reaction_id=?
Hibernate: select U.* from USER U where U.USER_USER_ID = ?
Hibernate: select R.* from REACTION R where R.BOARD_ID = ?
Hibernate: insert into reaction_user (reaction_user_id, reaction_id, user_id) values (default, ?, ?)
Hibernate: delete from reaction_user where reaction_user_id=?
Hibernate: select user0_.user_id as user_id1_21_0_, user0_.character_id as characte7_21_0_, user0_.user_created_at as user_cre2_21_0_, user0_.user_name as user_nam3_21_0_, user0_.user_phone_number as user_pho4_21_0_, user0_.user_user_id as user_use5_21_0_, user0_.user_user_password as user_use6_21_0_ from user user0_ where user0_.user_id=?
Hibernate: select character0_.character_id as characte1_6_0_, character0_.character_character_name as characte2_6_0_ from characters character0_ where character0_.character_id=?
Hibernate: select count(*) as col_0_0_ from user user0_ where user0_.user_id=?
Hibernate: select character1_.character_id as characte1_6_, character1_.character_character_name as characte2_6_ from user user0_ inner join characters character1_ on user0_.character_id=character1_.character_id where user0_.user_id=?
Hibernate: select permission0_.character_id as characte6_12_0_, permission0_.permission_id as permissi1_12_0_, permission0_.permission_id as permissi1_12_1_, permission0_.character_id as characte6_12_1_, permission0_.permission_name as permissi2_12_1_, permission0_.permission_permission_unit_id as permissi3_12_1_, permission0_.permission_service as permissi4_12_1_, permission0_.permission_status as permissi5_12_1_ from permission permission0_ where permission0_.character_id=?
Hibernate: select count(*) as col_0_0_ from board board0_ where board0_.board_id=?
Hibernate: select board0_.board_id as board_id1_4_0_, board0_.category_id as category7_4_0_, board0_.board_content as board_co2_4_0_, board0_.board_created_at as board_cr3_4_0_, board0_.board_last_modified_at as board_la4_4_0_, board0_.board_title as board_ti5_4_0_, board0_.user_id as user_id8_4_0_, board0_.board_views as board_vi6_4_0_ from board board0_ where board0_.board_id=?
Hibernate: select category0_.category_id as category1_5_0_, category0_.category_name as category2_5_0_ from category category0_ where category0_.category_id=?
Hibernate: select reactionli0_.board_id as board_id3_13_0_, reactionli0_.reaction_id as reaction1_13_0_, reactionli0_.reaction_id as reaction1_13_1_, reactionli0_.board_id as board_id3_13_1_, reactionli0_.reaction_type as reaction2_13_1_ from reaction reactionli0_ where reactionli0_.board_id=?
Hibernate: select reactionus0_.reaction_id as reaction2_14_0_, reactionus0_.reaction_user_id as reaction1_14_0_, reactionus0_.reaction_user_id as reaction1_14_1_, reactionus0_.reaction_id as reaction2_14_1_, reactionus0_.user_id as user_id3_14_1_ from reaction_user reactionus0_ where reactionus0_.reaction_id=?
Hibernate: select reactionus0_.reaction_id as reaction2_14_0_, reactionus0_.reaction_user_id as reaction1_14_0_, reactionus0_.reaction_user_id as reaction1_14_1_, reactionus0_.reaction_id as reaction2_14_1_, reactionus0_.user_id as user_id3_14_1_ from reaction_user reactionus0_ where reactionus0_.reaction_id=?
Hibernate: select reactionus0_.reaction_id as reaction2_14_0_, reactionus0_.reaction_user_id as reaction1_14_0_, reactionus0_.reaction_user_id as reaction1_14_1_, reactionus0_.reaction_id as reaction2_14_1_, reactionus0_.user_id as user_id3_14_1_ from reaction_user reactionus0_ where reactionus0_.reaction_id=?
Hibernate: select reactionus0_.reaction_id as reaction2_14_0_, reactionus0_.reaction_user_id as reaction1_14_0_, reactionus0_.reaction_user_id as reaction1_14_1_, reactionus0_.reaction_id as reaction2_14_1_, reactionus0_.user_id as user_id3_14_1_ from reaction_user reactionus0_ where reactionus0_.reaction_id=?
Hibernate: select reactionus0_.reaction_id as reaction2_14_0_, reactionus0_.reaction_user_id as reaction1_14_0_, reactionus0_.reaction_user_id as reaction1_14_1_, reactionus0_.reaction_id as reaction2_14_1_, reactionus0_.user_id as user_id3_14_1_ from reaction_user reactionus0_ where reactionus0_.reaction_id=?
Hibernate: select reactionus0_.reaction_id as reaction2_14_0_, reactionus0_.reaction_user_id as reaction1_14_0_, reactionus0_.reaction_user_id as reaction1_14_1_, reactionus0_.reaction_id as reaction2_14_1_, reactionus0_.user_id as user_id3_14_1_ from reaction_user reactionus0_ where reactionus0_.reaction_id=?
Hibernate: select commentlis0_.board_id as board_id5_7_0_, commentlis0_.comment_id as comment_1_7_0_, commentlis0_.comment_id as comment_1_7_1_, commentlis0_.board_id as board_id5_7_1_, commentlis0_.comment_content as comment_2_7_1_, commentlis0_.comment_created_at as comment_3_7_1_, commentlis0_.comment_last_modified_at as comment_4_7_1_, commentlis0_.user_id as user_id6_7_1_ from comment commentlis0_ where commentlis0_.board_id=?
Hibernate: select boardlist0_.category_id as category7_4_0_, boardlist0_.board_id as board_id1_4_0_, boardlist0_.board_id as board_id1_4_1_, boardlist0_.category_id as category7_4_1_, boardlist0_.board_content as board_co2_4_1_, boardlist0_.board_created_at as board_cr3_4_1_, boardlist0_.board_last_modified_at as board_la4_4_1_, boardlist0_.board_title as board_ti5_4_1_, boardlist0_.user_id as user_id8_4_1_, boardlist0_.board_views as board_vi6_4_1_ from board boardlist0_ where boardlist0_.category_id=?
Hibernate: select count(comment0_.comment_id) as col_0_0_ from comment comment0_ where comment0_.board_id=?
Hibernate: update board set category_id=?, board_content=?, board_created_at=?, board_last_modified_at=?, board_title=?, user_id=?, board_views=? where board_id=?
Hibernate: select imagepathl0_.board_board_id as board_bo1_11_0_, imagepathl0_.board_image_path_list as board_im2_11_0_ from image_path_list imagepathl0_ where imagepathl0_.board_board_id=?
Hibernate: select filename0_.filename_id as filename1_9_, filename0_.filename_origin as filename2_9_, filename0_.filename_uuid as filename3_9_ from filename filename0_ where filename0_.filename_uuid=?
Hibernate: select filepathli0_.board_board_id as board_bo1_8_0_, filepathli0_.board_file_path_list as board_fi2_8_0_ from file_path_list filepathli0_ where filepathli0_.board_board_id=?
Hibernate: select filename0_.filename_id as filename1_9_, filename0_.filename_origin as filename2_9_, filename0_.filename_uuid as filename3_9_ from filename filename0_ where filename0_.filename_uuid=?
Hibernate: select user0_.user_id as col_0_0_ from user user0_ where user0_.user_user_id=? limit ?
Hibernate: select user0_.user_id as col_0_0_ from user user0_ where user0_.user_user_id=? limit ?
Hibernate: select U.* from USER U where U.USER_USER_ID =?
Hibernate: select character0_.character_id as characte1_6_0_, character0_.character_character_name as characte2_6_0_ from characters character0_ where character0_.character_id=?
Hibernate: select user0_.user_id as user_id1_21_0_, user0_.character_id as characte7_21_0_, user0_.user_created_at as user_cre2_21_0_, user0_.user_name as user_nam3_21_0_, user0_.user_phone_number as user_pho4_21_0_, user0_.user_user_id as user_use5_21_0_, user0_.user_user_password as user_use6_21_0_ from user user0_ where user0_.user_id=?
Hibernate: select character0_.character_id as characte1_6_0_, character0_.character_character_name as characte2_6_0_ from characters character0_ where character0_.character_id=?
Hibernate: select count(*) as col_0_0_ from board board0_
Hibernate: select board0_.board_id as board_id1_4_, board0_.category_id as category7_4_, board0_.board_content as board_co2_4_, board0_.board_created_at as board_cr3_4_, board0_.board_last_modified_at as board_la4_4_, board0_.board_title as board_ti5_4_, board0_.user_id as user_id8_4_, board0_.board_views as board_vi6_4_ from board board0_ limit ?
Hibernate: select category0_.category_id as category1_5_0_, category0_.category_name as category2_5_0_ from category category0_ where category0_.category_id=?
Hibernate: select reactionli0_.board_id as board_id3_13_0_, reactionli0_.reaction_id as reaction1_13_0_, reactionli0_.reaction_id as reaction1_13_1_, reactionli0_.board_id as board_id3_13_1_, reactionli0_.reaction_type as reaction2_13_1_ from reaction reactionli0_ where reactionli0_.board_id=?
Hibernate: select reactionus0_.reaction_id as reaction2_14_0_, reactionus0_.reaction_user_id as reaction1_14_0_, reactionus0_.reaction_user_id as reaction1_14_1_, reactionus0_.reaction_id as reaction2_14_1_, reactionus0_.user_id as user_id3_14_1_ from reaction_user reactionus0_ where reactionus0_.reaction_id=?
Hibernate: select reactionus0_.reaction_id as reaction2_14_0_, reactionus0_.reaction_user_id as reaction1_14_0_, reactionus0_.reaction_user_id as reaction1_14_1_, reactionus0_.reaction_id as reaction2_14_1_, reactionus0_.user_id as user_id3_14_1_ from reaction_user reactionus0_ where reactionus0_.reaction_id=?
Hibernate: select reactionus0_.reaction_id as reaction2_14_0_, reactionus0_.reaction_user_id as reaction1_14_0_, reactionus0_.reaction_user_id as reaction1_14_1_, reactionus0_.reaction_id as reaction2_14_1_, reactionus0_.user_id as user_id3_14_1_ from reaction_user reactionus0_ where reactionus0_.reaction_id=?
Hibernate: select reactionus0_.reaction_id as reaction2_14_0_, reactionus0_.reaction_user_id as reaction1_14_0_, reactionus0_.reaction_user_id as reaction1_14_1_, reactionus0_.reaction_id as reaction2_14_1_, reactionus0_.user_id as user_id3_14_1_ from reaction_user reactionus0_ where reactionus0_.reaction_id=?
Hibernate: select reactionus0_.reaction_id as reaction2_14_0_, reactionus0_.reaction_user_id as reaction1_14_0_, reactionus0_.reaction_user_id as reaction1_14_1_, reactionus0_.reaction_id as reaction2_14_1_, reactionus0_.user_id as user_id3_14_1_ from reaction_user reactionus0_ where reactionus0_.reaction_id=?
Hibernate: select reactionus0_.reaction_id as reaction2_14_0_, reactionus0_.reaction_user_id as reaction1_14_0_, reactionus0_.reaction_user_id as reaction1_14_1_, reactionus0_.reaction_id as reaction2_14_1_, reactionus0_.user_id as user_id3_14_1_ from reaction_user reactionus0_ where reactionus0_.reaction_id=?
Hibernate: select commentlis0_.board_id as board_id5_7_0_, commentlis0_.comment_id as comment_1_7_0_, commentlis0_.comment_id as comment_1_7_1_, commentlis0_.board_id as board_id5_7_1_, commentlis0_.comment_content as comment_2_7_1_, commentlis0_.comment_created_at as comment_3_7_1_, commentlis0_.comment_last_modified_at as comment_4_7_1_, commentlis0_.user_id as user_id6_7_1_ from comment commentlis0_ where commentlis0_.board_id=?
Hibernate: select boardlist0_.category_id as category7_4_0_, boardlist0_.board_id as board_id1_4_0_, boardlist0_.board_id as board_id1_4_1_, boardlist0_.category_id as category7_4_1_, boardlist0_.board_content as board_co2_4_1_, boardlist0_.board_created_at as board_cr3_4_1_, boardlist0_.board_last_modified_at as board_la4_4_1_, boardlist0_.board_title as board_ti5_4_1_, boardlist0_.user_id as user_id8_4_1_, boardlist0_.board_views as board_vi6_4_1_ from board boardlist0_ where boardlist0_.category_id=?
Hibernate: select count(comment0_.comment_id) as col_0_0_ from comment comment0_ where comment0_.board_id=?
Hibernate: select count(*) as col_0_0_ from board board0_
Hibernate: select imagepathl0_.board_board_id as board_bo1_11_0_, imagepathl0_.board_image_path_list as board_im2_11_0_ from image_path_list imagepathl0_ where imagepathl0_.board_board_id=?
Hibernate: select filename0_.filename_id as filename1_9_, filename0_.filename_origin as filename2_9_, filename0_.filename_uuid as filename3_9_ from filename filename0_ where filename0_.filename_uuid=?
Hibernate: select filepathli0_.board_board_id as board_bo1_8_0_, filepathli0_.board_file_path_list as board_fi2_8_0_ from file_path_list filepathli0_ where filepathli0_.board_board_id=?
Hibernate: select filename0_.filename_id as filename1_9_, filename0_.filename_origin as filename2_9_, filename0_.filename_uuid as filename3_9_ from filename filename0_ where filename0_.filename_uuid=?
Hibernate: select U.* from USER U join BOARD B where U.USER_ID = B.USER_ID and B.BOARD_ID = ?
Hibernate: select character0_.character_id as characte1_6_0_, character0_.character_character_name as characte2_6_0_ from characters character0_ where character0_.character_id=?
Hibernate: select count(*) as col_0_0_ from user user0_ where user0_.user_id=?
Hibernate: select character1_.character_id as characte1_6_, character1_.character_character_name as characte2_6_ from user user0_ inner join characters character1_ on user0_.character_id=character1_.character_id where user0_.user_id=?
Hibernate: select permission0_.character_id as characte6_12_0_, permission0_.permission_id as permissi1_12_0_, permission0_.permission_id as permissi1_12_1_, permission0_.character_id as characte6_12_1_, permission0_.permission_name as permissi2_12_1_, permission0_.permission_permission_unit_id as permissi3_12_1_, permission0_.permission_service as permissi4_12_1_, permission0_.permission_status as permissi5_12_1_ from permission permission0_ where permission0_.character_id=?
Hibernate: select count(*) as col_0_0_ from board board0_ where board0_.board_id=?
Hibernate: select board0_.board_id as board_id1_4_0_, board0_.category_id as category7_4_0_, board0_.board_content as board_co2_4_0_, board0_.board_created_at as board_cr3_4_0_, board0_.board_last_modified_at as board_la4_4_0_, board0_.board_title as board_ti5_4_0_, board0_.user_id as user_id8_4_0_, board0_.board_views as board_vi6_4_0_ from board board0_ where board0_.board_id=?
Hibernate: select category0_.category_id as category1_5_0_, category0_.category_name as category2_5_0_ from category category0_ where category0_.category_id=?
Hibernate: select reactionli0_.board_id as board_id3_13_0_, reactionli0_.reaction_id as reaction1_13_0_, reactionli0_.reaction_id as reaction1_13_1_, reactionli0_.board_id as board_id3_13_1_, reactionli0_.reaction_type as reaction2_13_1_ from reaction reactionli0_ where reactionli0_.board_id=?
Hibernate: select reactionus0_.reaction_id as reaction2_14_0_, reactionus0_.reaction_user_id as reaction1_14_0_, reactionus0_.reaction_user_id as reaction1_14_1_, reactionus0_.reaction_id as reaction2_14_1_, reactionus0_.user_id as user_id3_14_1_ from reaction_user reactionus0_ where reactionus0_.reaction_id=?
Hibernate: select reactionus0_.reaction_id as reaction2_14_0_, reactionus0_.reaction_user_id as reaction1_14_0_, reactionus0_.reaction_user_id as reaction1_14_1_, reactionus0_.reaction_id as reaction2_14_1_, reactionus0_.user_id as user_id3_14_1_ from reaction_user reactionus0_ where reactionus0_.reaction_id=?
Hibernate: select reactionus0_.reaction_id as reaction2_14_0_, reactionus0_.reaction_user_id as reaction1_14_0_, reactionus0_.reaction_user_id as reaction1_14_1_, reactionus0_.reaction_id as reaction2_14_1_, reactionus0_.user_id as user_id3_14_1_ from reaction_user reactionus0_ where reactionus0_.reaction_id=?
Hibernate: select reactionus0_.reaction_id as reaction2_14_0_, reactionus0_.reaction_user_id as reaction1_14_0_, reactionus0_.reaction_user_id as reaction1_14_1_, reactionus0_.reaction_id as reaction2_14_1_, reactionus0_.user_id as user_id3_14_1_ from reaction_user reactionus0_ where reactionus0_.reaction_id=?
Hibernate: select reactionus0_.reaction_id as reaction2_14_0_, reactionus0_.reaction_user_id as reaction1_14_0_, reactionus0_.reaction_user_id as reaction1_14_1_, reactionus0_.reaction_id as reaction2_14_1_, reactionus0_.user_id as user_id3_14_1_ from reaction_user reactionus0_ where reactionus0_.reaction_id=?
Hibernate: select reactionus0_.reaction_id as reaction2_14_0_, reactionus0_.reaction_user_id as reaction1_14_0_, reactionus0_.reaction_user_id as reaction1_14_1_, reactionus0_.reaction_id as reaction2_14_1_, reactionus0_.user_id as user_id3_14_1_ from reaction_user reactionus0_ where reactionus0_.reaction_id=?
Hibernate: select commentlis0_.board_id as board_id5_7_0_, commentlis0_.comment_id as comment_1_7_0_, commentlis0_.comment_id as comment_1_7_1_, commentlis0_.board_id as board_id5_7_1_, commentlis0_.comment_content as comment_2_7_1_, commentlis0_.comment_created_at as comment_3_7_1_, commentlis0_.comment_last_modified_at as comment_4_7_1_, commentlis0_.user_id as user_id6_7_1_ from comment commentlis0_ where commentlis0_.board_id=?
Hibernate: select boardlist0_.category_id as category7_4_0_, boardlist0_.board_id as board_id1_4_0_, boardlist0_.board_id as board_id1_4_1_, boardlist0_.category_id as category7_4_1_, boardlist0_.board_content as board_co2_4_1_, boardlist0_.board_created_at as board_cr3_4_1_, boardlist0_.board_last_modified_at as board_la4_4_1_, boardlist0_.board_title as board_ti5_4_1_, boardlist0_.user_id as user_id8_4_1_, boardlist0_.board_views as board_vi6_4_1_ from board boardlist0_ where boardlist0_.category_id=?
Hibernate: select count(comment0_.comment_id) as col_0_0_ from comment comment0_ where comment0_.board_id=?
Hibernate: update board set category_id=?, board_content=?, board_created_at=?, board_last_modified_at=?, board_title=?, user_id=?, board_views=? where board_id=?
Hibernate: select filepathli0_.board_board_id as board_bo1_8_0_, filepathli0_.board_file_path_list as board_fi2_8_0_ from file_path_list filepathli0_ where filepathli0_.board_board_id=?
Hibernate: select filename0_.filename_id as filename1_9_, filename0_.filename_origin as filename2_9_, filename0_.filename_uuid as filename3_9_ from filename filename0_ where filename0_.filename_uuid=?
Hibernate: delete from filename where filename_id=?
Hibernate: select imagepathl0_.board_board_id as board_bo1_11_0_, imagepathl0_.board_image_path_list as board_im2_11_0_ from image_path_list imagepathl0_ where imagepathl0_.board_board_id=?
Hibernate: select filename0_.filename_id as filename1_9_, filename0_.filename_origin as filename2_9_, filename0_.filename_uuid as filename3_9_ from filename filename0_ where filename0_.filename_uuid=?
Hibernate: delete from filename where filename_id=?
Hibernate: select count(*) as col_0_0_ from board board0_ where board0_.board_id=?
Hibernate: delete from file_path_list where board_board_id=?
Hibernate: delete from image_path_list where board_board_id=?
Hibernate: delete from reaction where reaction_id=?
Hibernate: delete from reaction_user where reaction_user_id=?
Hibernate: delete from reaction where reaction_id=?
Hibernate: delete from reaction where reaction_id=?
Hibernate: delete from reaction where reaction_id=?
Hibernate: delete from reaction where reaction_id=?
Hibernate: delete from reaction where reaction_id=?
Hibernate: delete from board where board_id=?
Hibernate: select user0_.user_id as user_id1_21_0_, user0_.character_id as characte7_21_0_, user0_.user_created_at as user_cre2_21_0_, user0_.user_name as user_nam3_21_0_, user0_.user_phone_number as user_pho4_21_0_, user0_.user_user_id as user_use5_21_0_, user0_.user_user_password as user_use6_21_0_ from user user0_ where user0_.user_id=?
Hibernate: select character0_.character_id as characte1_6_0_, character0_.character_character_name as characte2_6_0_ from characters character0_ where character0_.character_id=?
Hibernate: select count(*) as col_0_0_ from user user0_ where user0_.user_id=?
Hibernate: select character1_.character_id as characte1_6_, character1_.character_character_name as characte2_6_ from user user0_ inner join characters character1_ on user0_.character_id=character1_.character_id where user0_.user_id=?
Hibernate: select permission0_.character_id as characte6_12_0_, permission0_.permission_id as permissi1_12_0_, permission0_.permission_id as permissi1_12_1_, permission0_.character_id as characte6_12_1_, permission0_.permission_name as permissi2_12_1_, permission0_.permission_permission_unit_id as permissi3_12_1_, permission0_.permission_service as permissi4_12_1_, permission0_.permission_status as permissi5_12_1_ from permission permission0_ where permission0_.character_id=?
Hibernate: select count(*) as col_0_0_ from board board0_ where board0_.board_id=?
Hibernate: select user0_.user_id as col_0_0_ from user user0_ where user0_.user_user_id=? limit ?
Hibernate: select user0_.user_id as col_0_0_ from user user0_ where user0_.user_user_id=? limit ?
Hibernate: select U.* from USER U where U.USER_USER_ID =?
Hibernate: select character0_.character_id as characte1_6_0_, character0_.character_character_name as characte2_6_0_ from characters character0_ where character0_.character_id=?
Hibernate: select user0_.user_id as user_id1_21_0_, user0_.character_id as characte7_21_0_, user0_.user_created_at as user_cre2_21_0_, user0_.user_name as user_nam3_21_0_, user0_.user_phone_number as user_pho4_21_0_, user0_.user_user_id as user_use5_21_0_, user0_.user_user_password as user_use6_21_0_ from user user0_ where user0_.user_id=?
Hibernate: select character0_.character_id as characte1_6_0_, character0_.character_character_name as characte2_6_0_ from characters character0_ where character0_.character_id=?
Hibernate: select category0_.category_id as category1_5_, category0_.category_name as category2_5_ from category category0_
Hibernate: select boardlist0_.category_id as category7_4_0_, boardlist0_.board_id as board_id1_4_0_, boardlist0_.board_id as board_id1_4_1_, boardlist0_.category_id as category7_4_1_, boardlist0_.board_content as board_co2_4_1_, boardlist0_.board_created_at as board_cr3_4_1_, boardlist0_.board_last_modified_at as board_la4_4_1_, boardlist0_.board_title as board_ti5_4_1_, boardlist0_.user_id as user_id8_4_1_, boardlist0_.board_views as board_vi6_4_1_ from board boardlist0_ where boardlist0_.category_id=?
Hibernate: select boardlist0_.category_id as category7_4_0_, boardlist0_.board_id as board_id1_4_0_, boardlist0_.board_id as board_id1_4_1_, boardlist0_.category_id as category7_4_1_, boardlist0_.board_content as board_co2_4_1_, boardlist0_.board_created_at as board_cr3_4_1_, boardlist0_.board_last_modified_at as board_la4_4_1_, boardlist0_.board_title as board_ti5_4_1_, boardlist0_.user_id as user_id8_4_1_, boardlist0_.board_views as board_vi6_4_1_ from board boardlist0_ where boardlist0_.category_id=?
Hibernate: select boardlist0_.category_id as category7_4_0_, boardlist0_.board_id as board_id1_4_0_, boardlist0_.board_id as board_id1_4_1_, boardlist0_.category_id as category7_4_1_, boardlist0_.board_content as board_co2_4_1_, boardlist0_.board_created_at as board_cr3_4_1_, boardlist0_.board_last_modified_at as board_la4_4_1_, boardlist0_.board_title as board_ti5_4_1_, boardlist0_.user_id as user_id8_4_1_, boardlist0_.board_views as board_vi6_4_1_ from board boardlist0_ where boardlist0_.category_id=?
Hibernate: select user0_.user_id as user_id1_21_0_, user0_.character_id as characte7_21_0_, user0_.user_created_at as user_cre2_21_0_, user0_.user_name as user_nam3_21_0_, user0_.user_phone_number as user_pho4_21_0_, user0_.user_user_id as user_use5_21_0_, user0_.user_user_password as user_use6_21_0_ from user user0_ where user0_.user_id=?
Hibernate: select character0_.character_id as characte1_6_0_, character0_.character_character_name as characte2_6_0_ from characters character0_ where character0_.character_id=?
Hibernate: select count(*) as col_0_0_ from user user0_ where user0_.user_id=?
Hibernate: select character1_.character_id as characte1_6_, character1_.character_character_name as characte2_6_ from user user0_ inner join characters character1_ on user0_.character_id=character1_.character_id where user0_.user_id=?
Hibernate: select permission0_.character_id as characte6_12_0_, permission0_.permission_id as permissi1_12_0_, permission0_.permission_id as permissi1_12_1_, permission0_.character_id as characte6_12_1_, permission0_.permission_name as permissi2_12_1_, permission0_.permission_permission_unit_id as permissi3_12_1_, permission0_.permission_service as permissi4_12_1_, permission0_.permission_status as permissi5_12_1_ from permission permission0_ where permission0_.character_id=?
Hibernate: select count(*) as col_0_0_ from category category0_ where category0_.category_id=?
Hibernate: select count(board0_.board_id) as col_0_0_ from board board0_ where board0_.category_id=?
Hibernate: select category0_.category_id as category1_5_0_, category0_.category_name as category2_5_0_ from category category0_ where category0_.category_id=?
Hibernate: select boardlist0_.category_id as category7_4_0_, boardlist0_.board_id as board_id1_4_0_, boardlist0_.board_id as board_id1_4_1_, boardlist0_.category_id as category7_4_1_, boardlist0_.board_content as board_co2_4_1_, boardlist0_.board_created_at as board_cr3_4_1_, boardlist0_.board_last_modified_at as board_la4_4_1_, boardlist0_.board_title as board_ti5_4_1_, boardlist0_.user_id as user_id8_4_1_, boardlist0_.board_views as board_vi6_4_1_ from board boardlist0_ where boardlist0_.category_id=?
Hibernate: delete from category where category_id=?
Hibernate: select user0_.user_id as user_id1_21_0_, user0_.character_id as characte7_21_0_, user0_.user_created_at as user_cre2_21_0_, user0_.user_name as user_nam3_21_0_, user0_.user_phone_number as user_pho4_21_0_, user0_.user_user_id as user_use5_21_0_, user0_.user_user_password as user_use6_21_0_ from user user0_ where user0_.user_id=?
Hibernate: select character0_.character_id as characte1_6_0_, character0_.character_character_name as characte2_6_0_ from characters character0_ where character0_.character_id=?
Hibernate: select count(*) as col_0_0_ from user user0_ where user0_.user_id=?
Hibernate: select character1_.character_id as characte1_6_, character1_.character_character_name as characte2_6_ from user user0_ inner join characters character1_ on user0_.character_id=character1_.character_id where user0_.user_id=?
Hibernate: select permission0_.character_id as characte6_12_0_, permission0_.permission_id as permissi1_12_0_, permission0_.permission_id as permissi1_12_1_, permission0_.character_id as characte6_12_1_, permission0_.permission_name as permissi2_12_1_, permission0_.permission_permission_unit_id as permissi3_12_1_, permission0_.permission_service as permissi4_12_1_, permission0_.permission_status as permissi5_12_1_ from permission permission0_ where permission0_.character_id=?
Hibernate: select count(*) as col_0_0_ from category category0_ where category0_.category_id=?
Hibernate: select count(board0_.board_id) as col_0_0_ from board board0_ where board0_.category_id=?
Hibernate: select category0_.category_id as category1_5_0_, category0_.category_name as category2_5_0_ from category category0_ where category0_.category_id=?
Hibernate: select boardlist0_.category_id as category7_4_0_, boardlist0_.board_id as board_id1_4_0_, boardlist0_.board_id as board_id1_4_1_, boardlist0_.category_id as category7_4_1_, boardlist0_.board_content as board_co2_4_1_, boardlist0_.board_created_at as board_cr3_4_1_, boardlist0_.board_last_modified_at as board_la4_4_1_, boardlist0_.board_title as board_ti5_4_1_, boardlist0_.user_id as user_id8_4_1_, boardlist0_.board_views as board_vi6_4_1_ from board boardlist0_ where boardlist0_.category_id=?
Hibernate: delete from category where category_id=?
Hibernate: select user0_.user_id as user_id1_21_0_, user0_.character_id as characte7_21_0_, user0_.user_created_at as user_cre2_21_0_, user0_.user_name as user_nam3_21_0_, user0_.user_phone_number as user_pho4_21_0_, user0_.user_user_id as user_use5_21_0_, user0_.user_user_password as user_use6_21_0_ from user user0_ where user0_.user_id=?
Hibernate: select character0_.character_id as characte1_6_0_, character0_.character_character_name as characte2_6_0_ from characters character0_ where character0_.character_id=?
Hibernate: select count(*) as col_0_0_ from user user0_ where user0_.user_id=?
Hibernate: select character1_.character_id as characte1_6_, character1_.character_character_name as characte2_6_ from user user0_ inner join characters character1_ on user0_.character_id=character1_.character_id where user0_.user_id=?
Hibernate: select permission0_.character_id as characte6_12_0_, permission0_.permission_id as permissi1_12_0_, permission0_.permission_id as permissi1_12_1_, permission0_.character_id as characte6_12_1_, permission0_.permission_name as permissi2_12_1_, permission0_.permission_permission_unit_id as permissi3_12_1_, permission0_.permission_service as permissi4_12_1_, permission0_.permission_status as permissi5_12_1_ from permission permission0_ where permission0_.character_id=?
Hibernate: select count(*) as col_0_0_ from category category0_ where category0_.category_id=?
Hibernate: select count(board0_.board_id) as col_0_0_ from board board0_ where board0_.category_id=?
Hibernate: select category0_.category_id as category1_5_0_, category0_.category_name as category2_5_0_ from category category0_ where category0_.category_id=?
Hibernate: select boardlist0_.category_id as category7_4_0_, boardlist0_.board_id as board_id1_4_0_, boardlist0_.board_id as board_id1_4_1_, boardlist0_.category_id as category7_4_1_, boardlist0_.board_content as board_co2_4_1_, boardlist0_.board_created_at as board_cr3_4_1_, boardlist0_.board_last_modified_at as board_la4_4_1_, boardlist0_.board_title as board_ti5_4_1_, boardlist0_.user_id as user_id8_4_1_, boardlist0_.board_views as board_vi6_4_1_ from board boardlist0_ where boardlist0_.category_id=?
Hibernate: delete from category where category_id=?
Hibernate: select user0_.user_id as user_id1_21_0_, user0_.character_id as characte7_21_0_, user0_.user_created_at as user_cre2_21_0_, user0_.user_name as user_nam3_21_0_, user0_.user_phone_number as user_pho4_21_0_, user0_.user_user_id as user_use5_21_0_, user0_.user_user_password as user_use6_21_0_ from user user0_ where user0_.user_id=?
Hibernate: select character0_.character_id as characte1_6_0_, character0_.character_character_name as characte2_6_0_ from characters character0_ where character0_.character_id=?
Hibernate: select count(*) as col_0_0_ from user user0_ where user0_.user_id=?
Hibernate: select character1_.character_id as characte1_6_, character1_.character_character_name as characte2_6_ from user user0_ inner join characters character1_ on user0_.character_id=character1_.character_id where user0_.user_id=?
Hibernate: select permission0_.character_id as characte6_12_0_, permission0_.permission_id as permissi1_12_0_, permission0_.permission_id as permissi1_12_1_, permission0_.character_id as characte6_12_1_, permission0_.permission_name as permissi2_12_1_, permission0_.permission_permission_unit_id as permissi3_12_1_, permission0_.permission_service as permissi4_12_1_, permission0_.permission_status as permissi5_12_1_ from permission permission0_ where permission0_.character_id=?
Hibernate: select category0_.category_id as col_0_0_ from category category0_ where category0_.category_name=? limit ?
Hibernate: select category0_.category_id as category1_5_1_, category0_.category_name as category2_5_1_, boardlist1_.category_id as category7_4_3_, boardlist1_.board_id as board_id1_4_3_, boardlist1_.board_id as board_id1_4_0_, boardlist1_.category_id as category7_4_0_, boardlist1_.board_content as board_co2_4_0_, boardlist1_.board_created_at as board_cr3_4_0_, boardlist1_.board_last_modified_at as board_la4_4_0_, boardlist1_.board_title as board_ti5_4_0_, boardlist1_.user_id as user_id8_4_0_, boardlist1_.board_views as board_vi6_4_0_ from category category0_ left outer join board boardlist1_ on category0_.category_id=boardlist1_.category_id where category0_.category_id=?
Hibernate: insert into category (category_id, category_name) values (default, ?)
Hibernate: select user0_.user_id as user_id1_21_0_, user0_.character_id as characte7_21_0_, user0_.user_created_at as user_cre2_21_0_, user0_.user_name as user_nam3_21_0_, user0_.user_phone_number as user_pho4_21_0_, user0_.user_user_id as user_use5_21_0_, user0_.user_user_password as user_use6_21_0_ from user user0_ where user0_.user_id=?
Hibernate: select character0_.character_id as characte1_6_0_, character0_.character_character_name as characte2_6_0_ from characters character0_ where character0_.character_id=?
Hibernate: select count(*) as col_0_0_ from user user0_ where user0_.user_id=?
Hibernate: select character1_.character_id as characte1_6_, character1_.character_character_name as characte2_6_ from user user0_ inner join characters character1_ on user0_.character_id=character1_.character_id where user0_.user_id=?
Hibernate: select permission0_.character_id as characte6_12_0_, permission0_.permission_id as permissi1_12_0_, permission0_.permission_id as permissi1_12_1_, permission0_.character_id as characte6_12_1_, permission0_.permission_name as permissi2_12_1_, permission0_.permission_permission_unit_id as permissi3_12_1_, permission0_.permission_service as permissi4_12_1_, permission0_.permission_status as permissi5_12_1_ from permission permission0_ where permission0_.character_id=?
Hibernate: select category0_.category_id as col_0_0_ from category category0_ where category0_.category_name=? limit ?
Hibernate: select category0_.category_id as category1_5_1_, category0_.category_name as category2_5_1_, boardlist1_.category_id as category7_4_3_, boardlist1_.board_id as board_id1_4_3_, boardlist1_.board_id as board_id1_4_0_, boardlist1_.category_id as category7_4_0_, boardlist1_.board_content as board_co2_4_0_, boardlist1_.board_created_at as board_cr3_4_0_, boardlist1_.board_last_modified_at as board_la4_4_0_, boardlist1_.board_title as board_ti5_4_0_, boardlist1_.user_id as user_id8_4_0_, boardlist1_.board_views as board_vi6_4_0_ from category category0_ left outer join board boardlist1_ on category0_.category_id=boardlist1_.category_id where category0_.category_id=?
Hibernate: insert into category (category_id, category_name) values (default, ?)
Hibernate: select user0_.user_id as col_0_0_ from user user0_ where user0_.user_user_id=? limit ?
Hibernate: select user0_.user_id as col_0_0_ from user user0_ where user0_.user_user_id=? limit ?
Hibernate: select U.* from USER U where U.USER_USER_ID =?
Hibernate: select character0_.character_id as characte1_6_0_, character0_.character_character_name as characte2_6_0_ from characters character0_ where character0_.character_id=?
Hibernate: select user0_.user_id as col_0_0_ from user user0_ where user0_.user_user_id=? limit ?
Hibernate: select user0_.user_id as col_0_0_ from user user0_ where user0_.user_user_id=? limit ?
Hibernate: select U.* from USER U where U.USER_USER_ID =?
Hibernate: select character0_.character_id as characte1_6_0_, character0_.character_character_name as characte2_6_0_ from characters character0_ where character0_.character_id=?
Hibernate: select user0_.user_id as user_id1_21_0_, user0_.character_id as characte7_21_0_, user0_.user_created_at as user_cre2_21_0_, user0_.user_name as user_nam3_21_0_, user0_.user_phone_number as user_pho4_21_0_, user0_.user_user_id as user_use5_21_0_, user0_.user_user_password as user_use6_21_0_ from user user0_ where user0_.user_id=?
Hibernate: select character0_.character_id as characte1_6_0_, character0_.character_character_name as characte2_6_0_ from characters character0_ where character0_.character_id=?
Hibernate: select count(*) as col_0_0_ from board board0_
Hibernate: select count(*) as col_0_0_ from board board0_
Hibernate: select user0_.user_id as col_0_0_ from user user0_ where user0_.user_user_id=? limit ?
Hibernate: select user0_.user_id as col_0_0_ from user user0_ where user0_.user_user_id=? limit ?
Hibernate: select U.* from USER U where U.USER_USER_ID =?
Hibernate: select character0_.character_id as characte1_6_0_, character0_.character_character_name as characte2_6_0_ from characters character0_ where character0_.character_id=?
Hibernate: select user0_.user_id as user_id1_21_0_, user0_.character_id as characte7_21_0_, user0_.user_created_at as user_cre2_21_0_, user0_.user_name as user_nam3_21_0_, user0_.user_phone_number as user_pho4_21_0_, user0_.user_user_id as user_use5_21_0_, user0_.user_user_password as user_use6_21_0_ from user user0_ where user0_.user_id=?
Hibernate: select character0_.character_id as characte1_6_0_, character0_.character_character_name as characte2_6_0_ from characters character0_ where character0_.character_id=?
Hibernate: select category0_.category_id as category1_5_, category0_.category_name as category2_5_ from category category0_
Hibernate: select boardlist0_.category_id as category7_4_0_, boardlist0_.board_id as board_id1_4_0_, boardlist0_.board_id as board_id1_4_1_, boardlist0_.category_id as category7_4_1_, boardlist0_.board_content as board_co2_4_1_, boardlist0_.board_created_at as board_cr3_4_1_, boardlist0_.board_last_modified_at as board_la4_4_1_, boardlist0_.board_title as board_ti5_4_1_, boardlist0_.user_id as user_id8_4_1_, boardlist0_.board_views as board_vi6_4_1_ from board boardlist0_ where boardlist0_.category_id=?
Hibernate: select boardlist0_.category_id as category7_4_0_, boardlist0_.board_id as board_id1_4_0_, boardlist0_.board_id as board_id1_4_1_, boardlist0_.category_id as category7_4_1_, boardlist0_.board_content as board_co2_4_1_, boardlist0_.board_created_at as board_cr3_4_1_, boardlist0_.board_last_modified_at as board_la4_4_1_, boardlist0_.board_title as board_ti5_4_1_, boardlist0_.user_id as user_id8_4_1_, boardlist0_.board_views as board_vi6_4_1_ from board boardlist0_ where boardlist0_.category_id=?
Hibernate: select user0_.user_id as user_id1_21_0_, user0_.character_id as characte7_21_0_, user0_.user_created_at as user_cre2_21_0_, user0_.user_name as user_nam3_21_0_, user0_.user_phone_number as user_pho4_21_0_, user0_.user_user_id as user_use5_21_0_, user0_.user_user_password as user_use6_21_0_ from user user0_ where user0_.user_id=?
Hibernate: select character0_.character_id as characte1_6_0_, character0_.character_character_name as characte2_6_0_ from characters character0_ where character0_.character_id=?
Hibernate: select count(*) as col_0_0_ from user user0_ where user0_.user_id=?
Hibernate: select character1_.character_id as characte1_6_, character1_.character_character_name as characte2_6_ from user user0_ inner join characters character1_ on user0_.character_id=character1_.character_id where user0_.user_id=?
Hibernate: select permission0_.character_id as characte6_12_0_, permission0_.permission_id as permissi1_12_0_, permission0_.permission_id as permissi1_12_1_, permission0_.character_id as characte6_12_1_, permission0_.permission_name as permissi2_12_1_, permission0_.permission_permission_unit_id as permissi3_12_1_, permission0_.permission_service as permissi4_12_1_, permission0_.permission_status as permissi5_12_1_ from permission permission0_ where permission0_.character_id=?
Hibernate: select count(*) as col_0_0_ from category category0_ where category0_.category_id=?
Hibernate: select count(board0_.board_id) as col_0_0_ from board board0_ where board0_.category_id=?
Hibernate: select category0_.category_id as category1_5_0_, category0_.category_name as category2_5_0_ from category category0_ where category0_.category_id=?
Hibernate: select boardlist0_.category_id as category7_4_0_, boardlist0_.board_id as board_id1_4_0_, boardlist0_.board_id as board_id1_4_1_, boardlist0_.category_id as category7_4_1_, boardlist0_.board_content as board_co2_4_1_, boardlist0_.board_created_at as board_cr3_4_1_, boardlist0_.board_last_modified_at as board_la4_4_1_, boardlist0_.board_title as board_ti5_4_1_, boardlist0_.user_id as user_id8_4_1_, boardlist0_.board_views as board_vi6_4_1_ from board boardlist0_ where boardlist0_.category_id=?
Hibernate: delete from category where category_id=?
Hibernate: select user0_.user_id as user_id1_21_0_, user0_.character_id as characte7_21_0_, user0_.user_created_at as user_cre2_21_0_, user0_.user_name as user_nam3_21_0_, user0_.user_phone_number as user_pho4_21_0_, user0_.user_user_id as user_use5_21_0_, user0_.user_user_password as user_use6_21_0_ from user user0_ where user0_.user_id=?
Hibernate: select character0_.character_id as characte1_6_0_, character0_.character_character_name as characte2_6_0_ from characters character0_ where character0_.character_id=?
Hibernate: select count(*) as col_0_0_ from user user0_ where user0_.user_id=?
Hibernate: select character1_.character_id as characte1_6_, character1_.character_character_name as characte2_6_ from user user0_ inner join characters character1_ on user0_.character_id=character1_.character_id where user0_.user_id=?
Hibernate: select permission0_.character_id as characte6_12_0_, permission0_.permission_id as permissi1_12_0_, permission0_.permission_id as permissi1_12_1_, permission0_.character_id as characte6_12_1_, permission0_.permission_name as permissi2_12_1_, permission0_.permission_permission_unit_id as permissi3_12_1_, permission0_.permission_service as permissi4_12_1_, permission0_.permission_status as permissi5_12_1_ from permission permission0_ where permission0_.character_id=?
Hibernate: select count(*) as col_0_0_ from category category0_ where category0_.category_id=?
Hibernate: select count(board0_.board_id) as col_0_0_ from board board0_ where board0_.category_id=?
Hibernate: select category0_.category_id as category1_5_0_, category0_.category_name as category2_5_0_ from category category0_ where category0_.category_id=?
Hibernate: select boardlist0_.category_id as category7_4_0_, boardlist0_.board_id as board_id1_4_0_, boardlist0_.board_id as board_id1_4_1_, boardlist0_.category_id as category7_4_1_, boardlist0_.board_content as board_co2_4_1_, boardlist0_.board_created_at as board_cr3_4_1_, boardlist0_.board_last_modified_at as board_la4_4_1_, boardlist0_.board_title as board_ti5_4_1_, boardlist0_.user_id as user_id8_4_1_, boardlist0_.board_views as board_vi6_4_1_ from board boardlist0_ where boardlist0_.category_id=?
Hibernate: delete from category where category_id=?
Hibernate: select user0_.user_id as user_id1_21_0_, user0_.character_id as characte7_21_0_, user0_.user_created_at as user_cre2_21_0_, user0_.user_name as user_nam3_21_0_, user0_.user_phone_number as user_pho4_21_0_, user0_.user_user_id as user_use5_21_0_, user0_.user_user_password as user_use6_21_0_ from user user0_ where user0_.user_id=?
Hibernate: select character0_.character_id as characte1_6_0_, character0_.character_character_name as characte2_6_0_ from characters character0_ where character0_.character_id=?
Hibernate: select count(*) as col_0_0_ from user user0_ where user0_.user_id=?
Hibernate: select character1_.character_id as characte1_6_, character1_.character_character_name as characte2_6_ from user user0_ inner join characters character1_ on user0_.character_id=character1_.character_id where user0_.user_id=?
Hibernate: select permission0_.character_id as characte6_12_0_, permission0_.permission_id as permissi1_12_0_, permission0_.permission_id as permissi1_12_1_, permission0_.character_id as characte6_12_1_, permission0_.permission_name as permissi2_12_1_, permission0_.permission_permission_unit_id as permissi3_12_1_, permission0_.permission_service as permissi4_12_1_, permission0_.permission_status as permissi5_12_1_ from permission permission0_ where permission0_.character_id=?
Hibernate: select category0_.category_id as col_0_0_ from category category0_ where category0_.category_name=? limit ?
Hibernate: select category0_.category_id as category1_5_1_, category0_.category_name as category2_5_1_, boardlist1_.category_id as category7_4_3_, boardlist1_.board_id as board_id1_4_3_, boardlist1_.board_id as board_id1_4_0_, boardlist1_.category_id as category7_4_0_, boardlist1_.board_content as board_co2_4_0_, boardlist1_.board_created_at as board_cr3_4_0_, boardlist1_.board_last_modified_at as board_la4_4_0_, boardlist1_.board_title as board_ti5_4_0_, boardlist1_.user_id as user_id8_4_0_, boardlist1_.board_views as board_vi6_4_0_ from category category0_ left outer join board boardlist1_ on category0_.category_id=boardlist1_.category_id where category0_.category_id=?
Hibernate: insert into category (category_id, category_name) values (default, ?)
Hibernate: select user0_.user_id as user_id1_21_0_, user0_.character_id as characte7_21_0_, user0_.user_created_at as user_cre2_21_0_, user0_.user_name as user_nam3_21_0_, user0_.user_phone_number as user_pho4_21_0_, user0_.user_user_id as user_use5_21_0_, user0_.user_user_password as user_use6_21_0_ from user user0_ where user0_.user_id=?
Hibernate: select character0_.character_id as characte1_6_0_, character0_.character_character_name as characte2_6_0_ from characters character0_ where character0_.character_id=?
Hibernate: select count(*) as col_0_0_ from user user0_ where user0_.user_id=?
Hibernate: select character1_.character_id as characte1_6_, character1_.character_character_name as characte2_6_ from user user0_ inner join characters character1_ on user0_.character_id=character1_.character_id where user0_.user_id=?
Hibernate: select permission0_.character_id as characte6_12_0_, permission0_.permission_id as permissi1_12_0_, permission0_.permission_id as permissi1_12_1_, permission0_.character_id as characte6_12_1_, permission0_.permission_name as permissi2_12_1_, permission0_.permission_permission_unit_id as permissi3_12_1_, permission0_.permission_service as permissi4_12_1_, permission0_.permission_status as permissi5_12_1_ from permission permission0_ where permission0_.character_id=?
Hibernate: select category0_.category_id as col_0_0_ from category category0_ where category0_.category_name=? limit ?
Hibernate: select category0_.category_id as category1_5_1_, category0_.category_name as category2_5_1_, boardlist1_.category_id as category7_4_3_, boardlist1_.board_id as board_id1_4_3_, boardlist1_.board_id as board_id1_4_0_, boardlist1_.category_id as category7_4_0_, boardlist1_.board_content as board_co2_4_0_, boardlist1_.board_created_at as board_cr3_4_0_, boardlist1_.board_last_modified_at as board_la4_4_0_, boardlist1_.board_title as board_ti5_4_0_, boardlist1_.user_id as user_id8_4_0_, boardlist1_.board_views as board_vi6_4_0_ from category category0_ left outer join board boardlist1_ on category0_.category_id=boardlist1_.category_id where category0_.category_id=?
Hibernate: insert into category (category_id, category_name) values (default, ?)
Hibernate: select user0_.user_id as col_0_0_ from user user0_ where user0_.user_user_id=? limit ?
Hibernate: select user0_.user_id as col_0_0_ from user user0_ where user0_.user_user_id=? limit ?
Hibernate: select U.* from USER U where U.USER_USER_ID =?
Hibernate: select character0_.character_id as characte1_6_0_, character0_.character_character_name as characte2_6_0_ from characters character0_ where character0_.character_id=?
Hibernate: select user0_.user_id as col_0_0_ from user user0_ where user0_.user_user_id=? limit ?
Hibernate: select user0_.user_id as col_0_0_ from user user0_ where user0_.user_user_id=? limit ?
Hibernate: select U.* from USER U where U.USER_USER_ID =?
Hibernate: select character0_.character_id as characte1_6_0_, character0_.character_character_name as characte2_6_0_ from characters character0_ where character0_.character_id=?
Hibernate: select user0_.user_id as user_id1_21_0_, user0_.character_id as characte7_21_0_, user0_.user_created_at as user_cre2_21_0_, user0_.user_name as user_nam3_21_0_, user0_.user_phone_number as user_pho4_21_0_, user0_.user_user_id as user_use5_21_0_, user0_.user_user_password as user_use6_21_0_ from user user0_ where user0_.user_id=?
Hibernate: select character0_.character_id as characte1_6_0_, character0_.character_character_name as characte2_6_0_ from characters character0_ where character0_.character_id=?
Hibernate: select count(*) as col_0_0_ from user user0_ where user0_.user_id=?
Hibernate: select character1_.character_id as characte1_6_, character1_.character_character_name as characte2_6_ from user user0_ inner join characters character1_ on user0_.character_id=character1_.character_id where user0_.user_id=?
Hibernate: select permission0_.character_id as characte6_12_0_, permission0_.permission_id as permissi1_12_0_, permission0_.permission_id as permissi1_12_1_, permission0_.character_id as characte6_12_1_, permission0_.permission_name as permissi2_12_1_, permission0_.permission_permission_unit_id as permissi3_12_1_, permission0_.permission_service as permissi4_12_1_, permission0_.permission_status as permissi5_12_1_ from permission permission0_ where permission0_.character_id=?
Hibernate: select category0_.category_id as col_0_0_ from category category0_ where category0_.category_name=? limit ?
Hibernate: select user0_.user_id as user_id1_21_0_, user0_.character_id as characte7_21_0_, user0_.user_created_at as user_cre2_21_0_, user0_.user_name as user_nam3_21_0_, user0_.user_phone_number as user_pho4_21_0_, user0_.user_user_id as user_use5_21_0_, user0_.user_user_password as user_use6_21_0_ from user user0_ where user0_.user_id=?
Hibernate: select character0_.character_id as characte1_6_0_, character0_.character_character_name as characte2_6_0_ from characters character0_ where character0_.character_id=?
Hibernate: select count(*) as col_0_0_ from user user0_ where user0_.user_id=?
Hibernate: select character1_.character_id as characte1_6_, character1_.character_character_name as characte2_6_ from user user0_ inner join characters character1_ on user0_.character_id=character1_.character_id where user0_.user_id=?
Hibernate: select permission0_.character_id as characte6_12_0_, permission0_.permission_id as permissi1_12_0_, permission0_.permission_id as permissi1_12_1_, permission0_.character_id as characte6_12_1_, permission0_.permission_name as permissi2_12_1_, permission0_.permission_permission_unit_id as permissi3_12_1_, permission0_.permission_service as permissi4_12_1_, permission0_.permission_status as permissi5_12_1_ from permission permission0_ where permission0_.character_id=?
Hibernate: select category0_.category_id as col_0_0_ from category category0_ where category0_.category_name=? limit ?
Hibernate: select user0_.user_id as col_0_0_ from user user0_ where user0_.user_user_id=? limit ?
Hibernate: select user0_.user_id as col_0_0_ from user user0_ where user0_.user_user_id=? limit ?
Hibernate: select U.* from USER U where U.USER_USER_ID =?
Hibernate: select character0_.character_id as characte1_6_0_, character0_.character_character_name as characte2_6_0_ from characters character0_ where character0_.character_id=?
Hibernate: select user0_.user_id as user_id1_21_0_, user0_.character_id as characte7_21_0_, user0_.user_created_at as user_cre2_21_0_, user0_.user_name as user_nam3_21_0_, user0_.user_phone_number as user_pho4_21_0_, user0_.user_user_id as user_use5_21_0_, user0_.user_user_password as user_use6_21_0_ from user user0_ where user0_.user_id=?
Hibernate: select character0_.character_id as characte1_6_0_, character0_.character_character_name as characte2_6_0_ from characters character0_ where character0_.character_id=?
Hibernate: select count(*) as col_0_0_ from board board0_
Hibernate: select count(*) as col_0_0_ from board board0_
Hibernate: select user0_.user_id as col_0_0_ from user user0_ where user0_.user_user_id=? limit ?
Hibernate: select user0_.user_id as col_0_0_ from user user0_ where user0_.user_user_id=? limit ?
Hibernate: select U.* from USER U where U.USER_USER_ID =?
Hibernate: select character0_.character_id as characte1_6_0_, character0_.character_character_name as characte2_6_0_ from characters character0_ where character0_.character_id=?
Hibernate: select user0_.user_id as user_id1_21_0_, user0_.character_id as characte7_21_0_, user0_.user_created_at as user_cre2_21_0_, user0_.user_name as user_nam3_21_0_, user0_.user_phone_number as user_pho4_21_0_, user0_.user_user_id as user_use5_21_0_, user0_.user_user_password as user_use6_21_0_ from user user0_ where user0_.user_id=?
Hibernate: select character0_.character_id as characte1_6_0_, character0_.character_character_name as characte2_6_0_ from characters character0_ where character0_.character_id=?
Hibernate: select category0_.category_id as category1_5_, category0_.category_name as category2_5_ from category category0_
Hibernate: select boardlist0_.category_id as category7_4_0_, boardlist0_.board_id as board_id1_4_0_, boardlist0_.board_id as board_id1_4_1_, boardlist0_.category_id as category7_4_1_, boardlist0_.board_content as board_co2_4_1_, boardlist0_.board_created_at as board_cr3_4_1_, boardlist0_.board_last_modified_at as board_la4_4_1_, boardlist0_.board_title as board_ti5_4_1_, boardlist0_.user_id as user_id8_4_1_, boardlist0_.board_views as board_vi6_4_1_ from board boardlist0_ where boardlist0_.category_id=?
Hibernate: select boardlist0_.category_id as category7_4_0_, boardlist0_.board_id as board_id1_4_0_, boardlist0_.board_id as board_id1_4_1_, boardlist0_.category_id as category7_4_1_, boardlist0_.board_content as board_co2_4_1_, boardlist0_.board_created_at as board_cr3_4_1_, boardlist0_.board_last_modified_at as board_la4_4_1_, boardlist0_.board_title as board_ti5_4_1_, boardlist0_.user_id as user_id8_4_1_, boardlist0_.board_views as board_vi6_4_1_ from board boardlist0_ where boardlist0_.category_id=?
Hibernate: select user0_.user_id as user_id1_21_0_, user0_.character_id as characte7_21_0_, user0_.user_created_at as user_cre2_21_0_, user0_.user_name as user_nam3_21_0_, user0_.user_phone_number as user_pho4_21_0_, user0_.user_user_id as user_use5_21_0_, user0_.user_user_password as user_use6_21_0_ from user user0_ where user0_.user_id=?
Hibernate: select character0_.character_id as characte1_6_0_, character0_.character_character_name as characte2_6_0_ from characters character0_ where character0_.character_id=?
Hibernate: select count(*) as col_0_0_ from user user0_ where user0_.user_id=?
Hibernate: select character1_.character_id as characte1_6_, character1_.character_character_name as characte2_6_ from user user0_ inner join characters character1_ on user0_.character_id=character1_.character_id where user0_.user_id=?
Hibernate: select permission0_.character_id as characte6_12_0_, permission0_.permission_id as permissi1_12_0_, permission0_.permission_id as permissi1_12_1_, permission0_.character_id as characte6_12_1_, permission0_.permission_name as permissi2_12_1_, permission0_.permission_permission_unit_id as permissi3_12_1_, permission0_.permission_service as permissi4_12_1_, permission0_.permission_status as permissi5_12_1_ from permission permission0_ where permission0_.character_id=?
Hibernate: select count(*) as col_0_0_ from category category0_ where category0_.category_id=?
Hibernate: select count(board0_.board_id) as col_0_0_ from board board0_ where board0_.category_id=?
Hibernate: select category0_.category_id as category1_5_0_, category0_.category_name as category2_5_0_ from category category0_ where category0_.category_id=?
Hibernate: select boardlist0_.category_id as category7_4_0_, boardlist0_.board_id as board_id1_4_0_, boardlist0_.board_id as board_id1_4_1_, boardlist0_.category_id as category7_4_1_, boardlist0_.board_content as board_co2_4_1_, boardlist0_.board_created_at as board_cr3_4_1_, boardlist0_.board_last_modified_at as board_la4_4_1_, boardlist0_.board_title as board_ti5_4_1_, boardlist0_.user_id as user_id8_4_1_, boardlist0_.board_views as board_vi6_4_1_ from board boardlist0_ where boardlist0_.category_id=?
Hibernate: delete from category where category_id=?
Hibernate: select user0_.user_id as user_id1_21_0_, user0_.character_id as characte7_21_0_, user0_.user_created_at as user_cre2_21_0_, user0_.user_name as user_nam3_21_0_, user0_.user_phone_number as user_pho4_21_0_, user0_.user_user_id as user_use5_21_0_, user0_.user_user_password as user_use6_21_0_ from user user0_ where user0_.user_id=?
Hibernate: select character0_.character_id as characte1_6_0_, character0_.character_character_name as characte2_6_0_ from characters character0_ where character0_.character_id=?
Hibernate: select count(*) as col_0_0_ from user user0_ where user0_.user_id=?
Hibernate: select character1_.character_id as characte1_6_, character1_.character_character_name as characte2_6_ from user user0_ inner join characters character1_ on user0_.character_id=character1_.character_id where user0_.user_id=?
Hibernate: select permission0_.character_id as characte6_12_0_, permission0_.permission_id as permissi1_12_0_, permission0_.permission_id as permissi1_12_1_, permission0_.character_id as characte6_12_1_, permission0_.permission_name as permissi2_12_1_, permission0_.permission_permission_unit_id as permissi3_12_1_, permission0_.permission_service as permissi4_12_1_, permission0_.permission_status as permissi5_12_1_ from permission permission0_ where permission0_.character_id=?
Hibernate: select count(*) as col_0_0_ from category category0_ where category0_.category_id=?
Hibernate: select count(board0_.board_id) as col_0_0_ from board board0_ where board0_.category_id=?
Hibernate: select category0_.category_id as category1_5_0_, category0_.category_name as category2_5_0_ from category category0_ where category0_.category_id=?
Hibernate: select boardlist0_.category_id as category7_4_0_, boardlist0_.board_id as board_id1_4_0_, boardlist0_.board_id as board_id1_4_1_, boardlist0_.category_id as category7_4_1_, boardlist0_.board_content as board_co2_4_1_, boardlist0_.board_created_at as board_cr3_4_1_, boardlist0_.board_last_modified_at as board_la4_4_1_, boardlist0_.board_title as board_ti5_4_1_, boardlist0_.user_id as user_id8_4_1_, boardlist0_.board_views as board_vi6_4_1_ from board boardlist0_ where boardlist0_.category_id=?
Hibernate: delete from category where category_id=?
Hibernate: select user0_.user_id as user_id1_21_0_, user0_.character_id as characte7_21_0_, user0_.user_created_at as user_cre2_21_0_, user0_.user_name as user_nam3_21_0_, user0_.user_phone_number as user_pho4_21_0_, user0_.user_user_id as user_use5_21_0_, user0_.user_user_password as user_use6_21_0_ from user user0_ where user0_.user_id=?
Hibernate: select character0_.character_id as characte1_6_0_, character0_.character_character_name as characte2_6_0_ from characters character0_ where character0_.character_id=?
Hibernate: select count(*) as col_0_0_ from user user0_ where user0_.user_id=?
Hibernate: select character1_.character_id as characte1_6_, character1_.character_character_name as characte2_6_ from user user0_ inner join characters character1_ on user0_.character_id=character1_.character_id where user0_.user_id=?
Hibernate: select permission0_.character_id as characte6_12_0_, permission0_.permission_id as permissi1_12_0_, permission0_.permission_id as permissi1_12_1_, permission0_.character_id as characte6_12_1_, permission0_.permission_name as permissi2_12_1_, permission0_.permission_permission_unit_id as permissi3_12_1_, permission0_.permission_service as permissi4_12_1_, permission0_.permission_status as permissi5_12_1_ from permission permission0_ where permission0_.character_id=?
Hibernate: select category0_.category_id as col_0_0_ from category category0_ where category0_.category_name=? limit ?
Hibernate: select category0_.category_id as category1_5_1_, category0_.category_name as category2_5_1_, boardlist1_.category_id as category7_4_3_, boardlist1_.board_id as board_id1_4_3_, boardlist1_.board_id as board_id1_4_0_, boardlist1_.category_id as category7_4_0_, boardlist1_.board_content as board_co2_4_0_, boardlist1_.board_created_at as board_cr3_4_0_, boardlist1_.board_last_modified_at as board_la4_4_0_, boardlist1_.board_title as board_ti5_4_0_, boardlist1_.user_id as user_id8_4_0_, boardlist1_.board_views as board_vi6_4_0_ from category category0_ left outer join board boardlist1_ on category0_.category_id=boardlist1_.category_id where category0_.category_id=?
Hibernate: insert into category (category_id, category_name) values (default, ?)
Hibernate: select user0_.user_id as user_id1_21_0_, user0_.character_id as characte7_21_0_, user0_.user_created_at as user_cre2_21_0_, user0_.user_name as user_nam3_21_0_, user0_.user_phone_number as user_pho4_21_0_, user0_.user_user_id as user_use5_21_0_, user0_.user_user_password as user_use6_21_0_ from user user0_ where user0_.user_id=?
Hibernate: select character0_.character_id as characte1_6_0_, character0_.character_character_name as characte2_6_0_ from characters character0_ where character0_.character_id=?
Hibernate: select count(*) as col_0_0_ from user user0_ where user0_.user_id=?
Hibernate: select character1_.character_id as characte1_6_, character1_.character_character_name as characte2_6_ from user user0_ inner join characters character1_ on user0_.character_id=character1_.character_id where user0_.user_id=?
Hibernate: select permission0_.character_id as characte6_12_0_, permission0_.permission_id as permissi1_12_0_, permission0_.permission_id as permissi1_12_1_, permission0_.character_id as characte6_12_1_, permission0_.permission_name as permissi2_12_1_, permission0_.permission_permission_unit_id as permissi3_12_1_, permission0_.permission_service as permissi4_12_1_, permission0_.permission_status as permissi5_12_1_ from permission permission0_ where permission0_.character_id=?
Hibernate: select category0_.category_id as col_0_0_ from category category0_ where category0_.category_name=? limit ?
Hibernate: select category0_.category_id as category1_5_1_, category0_.category_name as category2_5_1_, boardlist1_.category_id as category7_4_3_, boardlist1_.board_id as board_id1_4_3_, boardlist1_.board_id as board_id1_4_0_, boardlist1_.category_id as category7_4_0_, boardlist1_.board_content as board_co2_4_0_, boardlist1_.board_created_at as board_cr3_4_0_, boardlist1_.board_last_modified_at as board_la4_4_0_, boardlist1_.board_title as board_ti5_4_0_, boardlist1_.user_id as user_id8_4_0_, boardlist1_.board_views as board_vi6_4_0_ from category category0_ left outer join board boardlist1_ on category0_.category_id=boardlist1_.category_id where category0_.category_id=?
Hibernate: insert into category (category_id, category_name) values (default, ?)
Hibernate: select user0_.user_id as col_0_0_ from user user0_ where user0_.user_user_id=? limit ?
Hibernate: select user0_.user_id as col_0_0_ from user user0_ where user0_.user_user_id=? limit ?
Hibernate: select U.* from USER U where U.USER_USER_ID =?
Hibernate: select character0_.character_id as characte1_6_0_, character0_.character_character_name as characte2_6_0_ from characters character0_ where character0_.character_id=?
Hibernate: select user0_.user_id as col_0_0_ from user user0_ where user0_.user_user_id=? limit ?
Hibernate: select user0_.user_id as col_0_0_ from user user0_ where user0_.user_user_id=? limit ?
Hibernate: select U.* from USER U where U.USER_USER_ID =?
Hibernate: select character0_.character_id as characte1_6_0_, character0_.character_character_name as characte2_6_0_ from characters character0_ where character0_.character_id=?
Hibernate: select user0_.user_id as user_id1_21_0_, user0_.character_id as characte7_21_0_, user0_.user_created_at as user_cre2_21_0_, user0_.user_name as user_nam3_21_0_, user0_.user_phone_number as user_pho4_21_0_, user0_.user_user_id as user_use5_21_0_, user0_.user_user_password as user_use6_21_0_ from user user0_ where user0_.user_id=?
Hibernate: select character0_.character_id as characte1_6_0_, character0_.character_character_name as characte2_6_0_ from characters character0_ where character0_.character_id=?
Hibernate: select count(*) as col_0_0_ from board board0_
Hibernate: select count(*) as col_0_0_ from board board0_
Hibernate: select user0_.user_id as col_0_0_ from user user0_ where user0_.user_user_id=? limit ?
Hibernate: select user0_.user_id as col_0_0_ from user user0_ where user0_.user_user_id=? limit ?
Hibernate: select U.* from USER U where U.USER_USER_ID =?
Hibernate: select character0_.character_id as characte1_6_0_, character0_.character_character_name as characte2_6_0_ from characters character0_ where character0_.character_id=?
Hibernate: select user0_.user_id as user_id1_21_0_, user0_.character_id as characte7_21_0_, user0_.user_created_at as user_cre2_21_0_, user0_.user_name as user_nam3_21_0_, user0_.user_phone_number as user_pho4_21_0_, user0_.user_user_id as user_use5_21_0_, user0_.user_user_password as user_use6_21_0_ from user user0_ where user0_.user_id=?
Hibernate: select character0_.character_id as characte1_6_0_, character0_.character_character_name as characte2_6_0_ from characters character0_ where character0_.character_id=?
Hibernate: select category0_.category_id as category1_5_, category0_.category_name as category2_5_ from category category0_
Hibernate: select boardlist0_.category_id as category7_4_0_, boardlist0_.board_id as board_id1_4_0_, boardlist0_.board_id as board_id1_4_1_, boardlist0_.category_id as category7_4_1_, boardlist0_.board_content as board_co2_4_1_, boardlist0_.board_created_at as board_cr3_4_1_, boardlist0_.board_last_modified_at as board_la4_4_1_, boardlist0_.board_title as board_ti5_4_1_, boardlist0_.user_id as user_id8_4_1_, boardlist0_.board_views as board_vi6_4_1_ from board boardlist0_ where boardlist0_.category_id=?
Hibernate: select boardlist0_.category_id as category7_4_0_, boardlist0_.board_id as board_id1_4_0_, boardlist0_.board_id as board_id1_4_1_, boardlist0_.category_id as category7_4_1_, boardlist0_.board_content as board_co2_4_1_, boardlist0_.board_created_at as board_cr3_4_1_, boardlist0_.board_last_modified_at as board_la4_4_1_, boardlist0_.board_title as board_ti5_4_1_, boardlist0_.user_id as user_id8_4_1_, boardlist0_.board_views as board_vi6_4_1_ from board boardlist0_ where boardlist0_.category_id=?
Hibernate: select user0_.user_id as user_id1_21_0_, user0_.character_id as characte7_21_0_, user0_.user_created_at as user_cre2_21_0_, user0_.user_name as user_nam3_21_0_, user0_.user_phone_number as user_pho4_21_0_, user0_.user_user_id as user_use5_21_0_, user0_.user_user_password as user_use6_21_0_ from user user0_ where user0_.user_id=?
Hibernate: select character0_.character_id as characte1_6_0_, character0_.character_character_name as characte2_6_0_ from characters character0_ where character0_.character_id=?
Hibernate: select count(*) as col_0_0_ from user user0_ where user0_.user_id=?
Hibernate: select character1_.character_id as characte1_6_, character1_.character_character_name as characte2_6_ from user user0_ inner join characters character1_ on user0_.character_id=character1_.character_id where user0_.user_id=?
Hibernate: select permission0_.character_id as characte6_12_0_, permission0_.permission_id as permissi1_12_0_, permission0_.permission_id as permissi1_12_1_, permission0_.character_id as characte6_12_1_, permission0_.permission_name as permissi2_12_1_, permission0_.permission_permission_unit_id as permissi3_12_1_, permission0_.permission_service as permissi4_12_1_, permission0_.permission_status as permissi5_12_1_ from permission permission0_ where permission0_.character_id=?
Hibernate: select count(*) as col_0_0_ from category category0_ where category0_.category_id=?
Hibernate: select count(board0_.board_id) as col_0_0_ from board board0_ where board0_.category_id=?
Hibernate: select category0_.category_id as category1_5_0_, category0_.category_name as category2_5_0_ from category category0_ where category0_.category_id=?
Hibernate: select boardlist0_.category_id as category7_4_0_, boardlist0_.board_id as board_id1_4_0_, boardlist0_.board_id as board_id1_4_1_, boardlist0_.category_id as category7_4_1_, boardlist0_.board_content as board_co2_4_1_, boardlist0_.board_created_at as board_cr3_4_1_, boardlist0_.board_last_modified_at as board_la4_4_1_, boardlist0_.board_title as board_ti5_4_1_, boardlist0_.user_id as user_id8_4_1_, boardlist0_.board_views as board_vi6_4_1_ from board boardlist0_ where boardlist0_.category_id=?
Hibernate: delete from category where category_id=?
Hibernate: select user0_.user_id as user_id1_21_0_, user0_.character_id as characte7_21_0_, user0_.user_created_at as user_cre2_21_0_, user0_.user_name as user_nam3_21_0_, user0_.user_phone_number as user_pho4_21_0_, user0_.user_user_id as user_use5_21_0_, user0_.user_user_password as user_use6_21_0_ from user user0_ where user0_.user_id=?
Hibernate: select character0_.character_id as characte1_6_0_, character0_.character_character_name as characte2_6_0_ from characters character0_ where character0_.character_id=?
Hibernate: select count(*) as col_0_0_ from user user0_ where user0_.user_id=?
Hibernate: select character1_.character_id as characte1_6_, character1_.character_character_name as characte2_6_ from user user0_ inner join characters character1_ on user0_.character_id=character1_.character_id where user0_.user_id=?
Hibernate: select permission0_.character_id as characte6_12_0_, permission0_.permission_id as permissi1_12_0_, permission0_.permission_id as permissi1_12_1_, permission0_.character_id as characte6_12_1_, permission0_.permission_name as permissi2_12_1_, permission0_.permission_permission_unit_id as permissi3_12_1_, permission0_.permission_service as permissi4_12_1_, permission0_.permission_status as permissi5_12_1_ from permission permission0_ where permission0_.character_id=?
Hibernate: select count(*) as col_0_0_ from category category0_ where category0_.category_id=?
Hibernate: select count(board0_.board_id) as col_0_0_ from board board0_ where board0_.category_id=?
Hibernate: select category0_.category_id as category1_5_0_, category0_.category_name as category2_5_0_ from category category0_ where category0_.category_id=?
Hibernate: select boardlist0_.category_id as category7_4_0_, boardlist0_.board_id as board_id1_4_0_, boardlist0_.board_id as board_id1_4_1_, boardlist0_.category_id as category7_4_1_, boardlist0_.board_content as board_co2_4_1_, boardlist0_.board_created_at as board_cr3_4_1_, boardlist0_.board_last_modified_at as board_la4_4_1_, boardlist0_.board_title as board_ti5_4_1_, boardlist0_.user_id as user_id8_4_1_, boardlist0_.board_views as board_vi6_4_1_ from board boardlist0_ where boardlist0_.category_id=?
Hibernate: delete from category where category_id=?
Hibernate: select user0_.user_id as user_id1_21_0_, user0_.character_id as characte7_21_0_, user0_.user_created_at as user_cre2_21_0_, user0_.user_name as user_nam3_21_0_, user0_.user_phone_number as user_pho4_21_0_, user0_.user_user_id as user_use5_21_0_, user0_.user_user_password as user_use6_21_0_ from user user0_ where user0_.user_id=?
Hibernate: select character0_.character_id as characte1_6_0_, character0_.character_character_name as characte2_6_0_ from characters character0_ where character0_.character_id=?
Hibernate: select count(*) as col_0_0_ from user user0_ where user0_.user_id=?
Hibernate: select character1_.character_id as characte1_6_, character1_.character_character_name as characte2_6_ from user user0_ inner join characters character1_ on user0_.character_id=character1_.character_id where user0_.user_id=?
Hibernate: select permission0_.character_id as characte6_12_0_, permission0_.permission_id as permissi1_12_0_, permission0_.permission_id as permissi1_12_1_, permission0_.character_id as characte6_12_1_, permission0_.permission_name as permissi2_12_1_, permission0_.permission_permission_unit_id as permissi3_12_1_, permission0_.permission_service as permissi4_12_1_, permission0_.permission_status as permissi5_12_1_ from permission permission0_ where permission0_.character_id=?
Hibernate: select category0_.category_id as col_0_0_ from category category0_ where category0_.category_name=? limit ?
Hibernate: select category0_.category_id as category1_5_1_, category0_.category_name as category2_5_1_, boardlist1_.category_id as category7_4_3_, boardlist1_.board_id as board_id1_4_3_, boardlist1_.board_id as board_id1_4_0_, boardlist1_.category_id as category7_4_0_, boardlist1_.board_content as board_co2_4_0_, boardlist1_.board_created_at as board_cr3_4_0_, boardlist1_.board_last_modified_at as board_la4_4_0_, boardlist1_.board_title as board_ti5_4_0_, boardlist1_.user_id as user_id8_4_0_, boardlist1_.board_views as board_vi6_4_0_ from category category0_ left outer join board boardlist1_ on category0_.category_id=boardlist1_.category_id where category0_.category_id=?
Hibernate: insert into category (category_id, category_name) values (default, ?)
Hibernate: select user0_.user_id as user_id1_21_0_, user0_.character_id as characte7_21_0_, user0_.user_created_at as user_cre2_21_0_, user0_.user_name as user_nam3_21_0_, user0_.user_phone_number as user_pho4_21_0_, user0_.user_user_id as user_use5_21_0_, user0_.user_user_password as user_use6_21_0_ from user user0_ where user0_.user_id=?
Hibernate: select character0_.character_id as characte1_6_0_, character0_.character_character_name as characte2_6_0_ from characters character0_ where character0_.character_id=?
Hibernate: select count(*) as col_0_0_ from user user0_ where user0_.user_id=?
Hibernate: select character1_.character_id as characte1_6_, character1_.character_character_name as characte2_6_ from user user0_ inner join characters character1_ on user0_.character_id=character1_.character_id where user0_.user_id=?
Hibernate: select permission0_.character_id as characte6_12_0_, permission0_.permission_id as permissi1_12_0_, permission0_.permission_id as permissi1_12_1_, permission0_.character_id as characte6_12_1_, permission0_.permission_name as permissi2_12_1_, permission0_.permission_permission_unit_id as permissi3_12_1_, permission0_.permission_service as permissi4_12_1_, permission0_.permission_status as permissi5_12_1_ from permission permission0_ where permission0_.character_id=?
Hibernate: select category0_.category_id as col_0_0_ from category category0_ where category0_.category_name=? limit ?
Hibernate: select category0_.category_id as category1_5_1_, category0_.category_name as category2_5_1_, boardlist1_.category_id as category7_4_3_, boardlist1_.board_id as board_id1_4_3_, boardlist1_.board_id as board_id1_4_0_, boardlist1_.category_id as category7_4_0_, boardlist1_.board_content as board_co2_4_0_, boardlist1_.board_created_at as board_cr3_4_0_, boardlist1_.board_last_modified_at as board_la4_4_0_, boardlist1_.board_title as board_ti5_4_0_, boardlist1_.user_id as user_id8_4_0_, boardlist1_.board_views as board_vi6_4_0_ from category category0_ left outer join board boardlist1_ on category0_.category_id=boardlist1_.category_id where category0_.category_id=?
Hibernate: insert into category (category_id, category_name) values (default, ?)
Hibernate: select user0_.user_id as col_0_0_ from user user0_ where user0_.user_user_id=? limit ?
Hibernate: select user0_.user_id as col_0_0_ from user user0_ where user0_.user_user_id=? limit ?
Hibernate: select U.* from USER U where U.USER_USER_ID =?
Hibernate: select character0_.character_id as characte1_6_0_, character0_.character_character_name as characte2_6_0_ from characters character0_ where character0_.character_id=?
Hibernate: select user0_.user_id as col_0_0_ from user user0_ where user0_.user_user_id=? limit ?
Hibernate: select user0_.user_id as col_0_0_ from user user0_ where user0_.user_user_id=? limit ?
Hibernate: select U.* from USER U where U.USER_USER_ID =?
Hibernate: select character0_.character_id as characte1_6_0_, character0_.character_character_name as characte2_6_0_ from characters character0_ where character0_.character_id=?
Hibernate: select user0_.user_id as col_0_0_ from user user0_ where user0_.user_user_id=? limit ?
Hibernate: select user0_.user_id as col_0_0_ from user user0_ where user0_.user_user_id=? limit ?
Hibernate: select U.* from USER U where U.USER_USER_ID =?
Hibernate: select character0_.character_id as characte1_6_0_, character0_.character_character_name as characte2_6_0_ from characters character0_ where character0_.character_id=?
Hibernate: select user0_.user_id as user_id1_21_0_, user0_.character_id as characte7_21_0_, user0_.user_created_at as user_cre2_21_0_, user0_.user_name as user_nam3_21_0_, user0_.user_phone_number as user_pho4_21_0_, user0_.user_user_id as user_use5_21_0_, user0_.user_user_password as user_use6_21_0_ from user user0_ where user0_.user_id=?
Hibernate: select character0_.character_id as characte1_6_0_, character0_.character_character_name as characte2_6_0_ from characters character0_ where character0_.character_id=?
Hibernate: select count(*) as col_0_0_ from user user0_ where user0_.user_id=?
Hibernate: select character1_.character_id as characte1_6_, character1_.character_character_name as characte2_6_ from user user0_ inner join characters character1_ on user0_.character_id=character1_.character_id where user0_.user_id=?
Hibernate: select permission0_.character_id as characte6_12_0_, permission0_.permission_id as permissi1_12_0_, permission0_.permission_id as permissi1_12_1_, permission0_.character_id as characte6_12_1_, permission0_.permission_name as permissi2_12_1_, permission0_.permission_permission_unit_id as permissi3_12_1_, permission0_.permission_service as permissi4_12_1_, permission0_.permission_status as permissi5_12_1_ from permission permission0_ where permission0_.character_id=?
Hibernate: select category0_.category_id as col_0_0_ from category category0_ where category0_.category_name=? limit ?
Hibernate: select category0_.category_id as category1_5_1_, category0_.category_name as category2_5_1_, boardlist1_.category_id as category7_4_3_, boardlist1_.board_id as board_id1_4_3_, boardlist1_.board_id as board_id1_4_0_, boardlist1_.category_id as category7_4_0_, boardlist1_.board_content as board_co2_4_0_, boardlist1_.board_created_at as board_cr3_4_0_, boardlist1_.board_last_modified_at as board_la4_4_0_, boardlist1_.board_title as board_ti5_4_0_, boardlist1_.user_id as user_id8_4_0_, boardlist1_.board_views as board_vi6_4_0_ from category category0_ left outer join board boardlist1_ on category0_.category_id=boardlist1_.category_id where category0_.category_id=?
Hibernate: insert into category (category_id, category_name) values (default, ?)
Hibernate: select user0_.user_id as user_id1_21_0_, user0_.character_id as characte7_21_0_, user0_.user_created_at as user_cre2_21_0_, user0_.user_name as user_nam3_21_0_, user0_.user_phone_number as user_pho4_21_0_, user0_.user_user_id as user_use5_21_0_, user0_.user_user_password as user_use6_21_0_ from user user0_ where user0_.user_id=?
Hibernate: select character0_.character_id as characte1_6_0_, character0_.character_character_name as characte2_6_0_ from characters character0_ where character0_.character_id=?
Hibernate: select category0_.category_id as category1_5_, category0_.category_name as category2_5_ from category category0_
Hibernate: select boardlist0_.category_id as category7_4_0_, boardlist0_.board_id as board_id1_4_0_, boardlist0_.board_id as board_id1_4_1_, boardlist0_.category_id as category7_4_1_, boardlist0_.board_content as board_co2_4_1_, boardlist0_.board_created_at as board_cr3_4_1_, boardlist0_.board_last_modified_at as board_la4_4_1_, boardlist0_.board_title as board_ti5_4_1_, boardlist0_.user_id as user_id8_4_1_, boardlist0_.board_views as board_vi6_4_1_ from board boardlist0_ where boardlist0_.category_id=?
Hibernate: select boardlist0_.category_id as category7_4_0_, boardlist0_.board_id as board_id1_4_0_, boardlist0_.board_id as board_id1_4_1_, boardlist0_.category_id as category7_4_1_, boardlist0_.board_content as board_co2_4_1_, boardlist0_.board_created_at as board_cr3_4_1_, boardlist0_.board_last_modified_at as board_la4_4_1_, boardlist0_.board_title as board_ti5_4_1_, boardlist0_.user_id as user_id8_4_1_, boardlist0_.board_views as board_vi6_4_1_ from board boardlist0_ where boardlist0_.category_id=?
Hibernate: select boardlist0_.category_id as category7_4_0_, boardlist0_.board_id as board_id1_4_0_, boardlist0_.board_id as board_id1_4_1_, boardlist0_.category_id as category7_4_1_, boardlist0_.board_content as board_co2_4_1_, boardlist0_.board_created_at as board_cr3_4_1_, boardlist0_.board_last_modified_at as board_la4_4_1_, boardlist0_.board_title as board_ti5_4_1_, boardlist0_.user_id as user_id8_4_1_, boardlist0_.board_views as board_vi6_4_1_ from board boardlist0_ where boardlist0_.category_id=?
Hibernate: select user0_.user_id as user_id1_21_0_, user0_.character_id as characte7_21_0_, user0_.user_created_at as user_cre2_21_0_, user0_.user_name as user_nam3_21_0_, user0_.user_phone_number as user_pho4_21_0_, user0_.user_user_id as user_use5_21_0_, user0_.user_user_password as user_use6_21_0_ from user user0_ where user0_.user_id=?
Hibernate: select character0_.character_id as characte1_6_0_, character0_.character_character_name as characte2_6_0_ from characters character0_ where character0_.character_id=?
Hibernate: select count(*) as col_0_0_ from user user0_ where user0_.user_id=?
Hibernate: select character1_.character_id as characte1_6_, character1_.character_character_name as characte2_6_ from user user0_ inner join characters character1_ on user0_.character_id=character1_.character_id where user0_.user_id=?
Hibernate: select permission0_.character_id as characte6_12_0_, permission0_.permission_id as permissi1_12_0_, permission0_.permission_id as permissi1_12_1_, permission0_.character_id as characte6_12_1_, permission0_.permission_name as permissi2_12_1_, permission0_.permission_permission_unit_id as permissi3_12_1_, permission0_.permission_service as permissi4_12_1_, permission0_.permission_status as permissi5_12_1_ from permission permission0_ where permission0_.character_id=?
Hibernate: select count(*) as col_0_0_ from category category0_ where category0_.category_id=?
Hibernate: insert into filename (filename_id, filename_origin, filename_uuid) values (default, ?, ?)
Hibernate: insert into filename (filename_id, filename_origin, filename_uuid) values (default, ?, ?)
Hibernate: select category0_.category_id as category1_5_0_, category0_.category_name as category2_5_0_ from category category0_ where category0_.category_id=?
Hibernate: insert into board (board_id, category_id, board_content, board_created_at, board_last_modified_at, board_title, user_id, board_views) values (default, ?, ?, ?, ?, ?, ?, ?)
Hibernate: insert into reaction (reaction_id, board_id, reaction_type) values (default, ?, ?)
Hibernate: insert into reaction (reaction_id, board_id, reaction_type) values (default, ?, ?)
Hibernate: insert into reaction (reaction_id, board_id, reaction_type) values (default, ?, ?)
Hibernate: insert into reaction (reaction_id, board_id, reaction_type) values (default, ?, ?)
Hibernate: insert into reaction (reaction_id, board_id, reaction_type) values (default, ?, ?)
Hibernate: insert into reaction (reaction_id, board_id, reaction_type) values (default, ?, ?)
Hibernate: insert into file_path_list (board_board_id, board_file_path_list) values (?, ?)
Hibernate: insert into image_path_list (board_board_id, board_image_path_list) values (?, ?)
Hibernate: select user0_.user_id as user_id1_21_0_, user0_.character_id as characte7_21_0_, user0_.user_created_at as user_cre2_21_0_, user0_.user_name as user_nam3_21_0_, user0_.user_phone_number as user_pho4_21_0_, user0_.user_user_id as user_use5_21_0_, user0_.user_user_password as user_use6_21_0_ from user user0_ where user0_.user_id=?
Hibernate: select character0_.character_id as characte1_6_0_, character0_.character_character_name as characte2_6_0_ from characters character0_ where character0_.character_id=?
Hibernate: select count(*) as col_0_0_ from user user0_ where user0_.user_id=?
Hibernate: select character1_.character_id as characte1_6_, character1_.character_character_name as characte2_6_ from user user0_ inner join characters character1_ on user0_.character_id=character1_.character_id where user0_.user_id=?
Hibernate: select permission0_.character_id as characte6_12_0_, permission0_.permission_id as permissi1_12_0_, permission0_.permission_id as permissi1_12_1_, permission0_.character_id as characte6_12_1_, permission0_.permission_name as permissi2_12_1_, permission0_.permission_permission_unit_id as permissi3_12_1_, permission0_.permission_service as permissi4_12_1_, permission0_.permission_status as permissi5_12_1_ from permission permission0_ where permission0_.character_id=?
Hibernate: select count(*) as col_0_0_ from user user0_ where user0_.user_id=?
Hibernate: select user0_.user_id as user_id1_21_, user0_.character_id as characte7_21_, user0_.user_created_at as user_cre2_21_, user0_.user_name as user_nam3_21_, user0_.user_phone_number as user_pho4_21_, user0_.user_user_id as user_use5_21_, user0_.user_user_password as user_use6_21_ from user user0_ where user0_.user_id=?
Hibernate: select rewardtagw0_.user_id as user_id4_16_0_, rewardtagw0_.reward_tag_wrapper_reward_id as reward_t1_16_0_, rewardtagw0_.reward_tag_wrapper_reward_id as reward_t1_16_1_, rewardtagw0_.reward_tag_wrapper_reward_presented_at as reward_t2_16_1_, rewardtagw0_.reward_tag_reward_tag_id as reward_t3_16_1_, rewardtagw0_.user_id as user_id4_16_1_ from reward_tag_wrapper rewardtagw0_ where rewardtagw0_.user_id=?
Hibernate: select count(*) as col_0_0_ from board board0_ where board0_.board_id=?
Hibernate: select user0_.user_id as col_0_0_ from user user0_ where user0_.user_user_id=? limit ?
Hibernate: select user0_.user_id as col_0_0_ from user user0_ where user0_.user_user_id=? limit ?
Hibernate: select U.* from USER U where U.USER_USER_ID =?
Hibernate: select character0_.character_id as characte1_6_0_, character0_.character_character_name as characte2_6_0_ from characters character0_ where character0_.character_id=?
Hibernate: select user0_.user_id as user_id1_21_0_, user0_.character_id as characte7_21_0_, user0_.user_created_at as user_cre2_21_0_, user0_.user_name as user_nam3_21_0_, user0_.user_phone_number as user_pho4_21_0_, user0_.user_user_id as user_use5_21_0_, user0_.user_user_password as user_use6_21_0_ from user user0_ where user0_.user_id=?
Hibernate: select character0_.character_id as characte1_6_0_, character0_.character_character_name as characte2_6_0_ from characters character0_ where character0_.character_id=?
Hibernate: select count(*) as col_0_0_ from board board0_
Hibernate: select board0_.board_id as board_id1_4_, board0_.category_id as category7_4_, board0_.board_content as board_co2_4_, board0_.board_created_at as board_cr3_4_, board0_.board_last_modified_at as board_la4_4_, board0_.board_title as board_ti5_4_, board0_.user_id as user_id8_4_, board0_.board_views as board_vi6_4_ from board board0_ limit ?
Hibernate: select category0_.category_id as category1_5_0_, category0_.category_name as category2_5_0_ from category category0_ where category0_.category_id=?
Hibernate: select reactionli0_.board_id as board_id3_13_0_, reactionli0_.reaction_id as reaction1_13_0_, reactionli0_.reaction_id as reaction1_13_1_, reactionli0_.board_id as board_id3_13_1_, reactionli0_.reaction_type as reaction2_13_1_ from reaction reactionli0_ where reactionli0_.board_id=?
Hibernate: select reactionus0_.reaction_id as reaction2_14_0_, reactionus0_.reaction_user_id as reaction1_14_0_, reactionus0_.reaction_user_id as reaction1_14_1_, reactionus0_.reaction_id as reaction2_14_1_, reactionus0_.user_id as user_id3_14_1_ from reaction_user reactionus0_ where reactionus0_.reaction_id=?
Hibernate: select reactionus0_.reaction_id as reaction2_14_0_, reactionus0_.reaction_user_id as reaction1_14_0_, reactionus0_.reaction_user_id as reaction1_14_1_, reactionus0_.reaction_id as reaction2_14_1_, reactionus0_.user_id as user_id3_14_1_ from reaction_user reactionus0_ where reactionus0_.reaction_id=?
Hibernate: select reactionus0_.reaction_id as reaction2_14_0_, reactionus0_.reaction_user_id as reaction1_14_0_, reactionus0_.reaction_user_id as reaction1_14_1_, reactionus0_.reaction_id as reaction2_14_1_, reactionus0_.user_id as user_id3_14_1_ from reaction_user reactionus0_ where reactionus0_.reaction_id=?
Hibernate: select reactionus0_.reaction_id as reaction2_14_0_, reactionus0_.reaction_user_id as reaction1_14_0_, reactionus0_.reaction_user_id as reaction1_14_1_, reactionus0_.reaction_id as reaction2_14_1_, reactionus0_.user_id as user_id3_14_1_ from reaction_user reactionus0_ where reactionus0_.reaction_id=?
Hibernate: select reactionus0_.reaction_id as reaction2_14_0_, reactionus0_.reaction_user_id as reaction1_14_0_, reactionus0_.reaction_user_id as reaction1_14_1_, reactionus0_.reaction_id as reaction2_14_1_, reactionus0_.user_id as user_id3_14_1_ from reaction_user reactionus0_ where reactionus0_.reaction_id=?
Hibernate: select reactionus0_.reaction_id as reaction2_14_0_, reactionus0_.reaction_user_id as reaction1_14_0_, reactionus0_.reaction_user_id as reaction1_14_1_, reactionus0_.reaction_id as reaction2_14_1_, reactionus0_.user_id as user_id3_14_1_ from reaction_user reactionus0_ where reactionus0_.reaction_id=?
Hibernate: select commentlis0_.board_id as board_id5_7_0_, commentlis0_.comment_id as comment_1_7_0_, commentlis0_.comment_id as comment_1_7_1_, commentlis0_.board_id as board_id5_7_1_, commentlis0_.comment_content as comment_2_7_1_, commentlis0_.comment_created_at as comment_3_7_1_, commentlis0_.comment_last_modified_at as comment_4_7_1_, commentlis0_.user_id as user_id6_7_1_ from comment commentlis0_ where commentlis0_.board_id=?
Hibernate: select boardlist0_.category_id as category7_4_0_, boardlist0_.board_id as board_id1_4_0_, boardlist0_.board_id as board_id1_4_1_, boardlist0_.category_id as category7_4_1_, boardlist0_.board_content as board_co2_4_1_, boardlist0_.board_created_at as board_cr3_4_1_, boardlist0_.board_last_modified_at as board_la4_4_1_, boardlist0_.board_title as board_ti5_4_1_, boardlist0_.user_id as user_id8_4_1_, boardlist0_.board_views as board_vi6_4_1_ from board boardlist0_ where boardlist0_.category_id=?
Hibernate: select count(comment0_.comment_id) as col_0_0_ from comment comment0_ where comment0_.board_id=?
Hibernate: select count(*) as col_0_0_ from board board0_
Hibernate: select imagepathl0_.board_board_id as board_bo1_11_0_, imagepathl0_.board_image_path_list as board_im2_11_0_ from image_path_list imagepathl0_ where imagepathl0_.board_board_id=?
Hibernate: select filename0_.filename_id as filename1_9_, filename0_.filename_origin as filename2_9_, filename0_.filename_uuid as filename3_9_ from filename filename0_ where filename0_.filename_uuid=?
Hibernate: select filepathli0_.board_board_id as board_bo1_8_0_, filepathli0_.board_file_path_list as board_fi2_8_0_ from file_path_list filepathli0_ where filepathli0_.board_board_id=?
Hibernate: select filename0_.filename_id as filename1_9_, filename0_.filename_origin as filename2_9_, filename0_.filename_uuid as filename3_9_ from filename filename0_ where filename0_.filename_uuid=?
Hibernate: select U.* from USER U join BOARD B where U.USER_ID = B.USER_ID and B.BOARD_ID = ?
Hibernate: select character0_.character_id as characte1_6_0_, character0_.character_character_name as characte2_6_0_ from characters character0_ where character0_.character_id=?
Hibernate: select count(*) as col_0_0_ from user user0_ where user0_.user_id=?
Hibernate: select character1_.character_id as characte1_6_, character1_.character_character_name as characte2_6_ from user user0_ inner join characters character1_ on user0_.character_id=character1_.character_id where user0_.user_id=?
Hibernate: select permission0_.character_id as characte6_12_0_, permission0_.permission_id as permissi1_12_0_, permission0_.permission_id as permissi1_12_1_, permission0_.character_id as characte6_12_1_, permission0_.permission_name as permissi2_12_1_, permission0_.permission_permission_unit_id as permissi3_12_1_, permission0_.permission_service as permissi4_12_1_, permission0_.permission_status as permissi5_12_1_ from permission permission0_ where permission0_.character_id=?
Hibernate: select count(*) as col_0_0_ from board board0_ where board0_.board_id=?
Hibernate: select board0_.board_id as board_id1_4_0_, board0_.category_id as category7_4_0_, board0_.board_content as board_co2_4_0_, board0_.board_created_at as board_cr3_4_0_, board0_.board_last_modified_at as board_la4_4_0_, board0_.board_title as board_ti5_4_0_, board0_.user_id as user_id8_4_0_, board0_.board_views as board_vi6_4_0_ from board board0_ where board0_.board_id=?
Hibernate: select category0_.category_id as category1_5_0_, category0_.category_name as category2_5_0_ from category category0_ where category0_.category_id=?
Hibernate: select reactionli0_.board_id as board_id3_13_0_, reactionli0_.reaction_id as reaction1_13_0_, reactionli0_.reaction_id as reaction1_13_1_, reactionli0_.board_id as board_id3_13_1_, reactionli0_.reaction_type as reaction2_13_1_ from reaction reactionli0_ where reactionli0_.board_id=?
Hibernate: select reactionus0_.reaction_id as reaction2_14_0_, reactionus0_.reaction_user_id as reaction1_14_0_, reactionus0_.reaction_user_id as reaction1_14_1_, reactionus0_.reaction_id as reaction2_14_1_, reactionus0_.user_id as user_id3_14_1_ from reaction_user reactionus0_ where reactionus0_.reaction_id=?
Hibernate: select reactionus0_.reaction_id as reaction2_14_0_, reactionus0_.reaction_user_id as reaction1_14_0_, reactionus0_.reaction_user_id as reaction1_14_1_, reactionus0_.reaction_id as reaction2_14_1_, reactionus0_.user_id as user_id3_14_1_ from reaction_user reactionus0_ where reactionus0_.reaction_id=?
Hibernate: select reactionus0_.reaction_id as reaction2_14_0_, reactionus0_.reaction_user_id as reaction1_14_0_, reactionus0_.reaction_user_id as reaction1_14_1_, reactionus0_.reaction_id as reaction2_14_1_, reactionus0_.user_id as user_id3_14_1_ from reaction_user reactionus0_ where reactionus0_.reaction_id=?
Hibernate: select reactionus0_.reaction_id as reaction2_14_0_, reactionus0_.reaction_user_id as reaction1_14_0_, reactionus0_.reaction_user_id as reaction1_14_1_, reactionus0_.reaction_id as reaction2_14_1_, reactionus0_.user_id as user_id3_14_1_ from reaction_user reactionus0_ where reactionus0_.reaction_id=?
Hibernate: select reactionus0_.reaction_id as reaction2_14_0_, reactionus0_.reaction_user_id as reaction1_14_0_, reactionus0_.reaction_user_id as reaction1_14_1_, reactionus0_.reaction_id as reaction2_14_1_, reactionus0_.user_id as user_id3_14_1_ from reaction_user reactionus0_ where reactionus0_.reaction_id=?
Hibernate: select reactionus0_.reaction_id as reaction2_14_0_, reactionus0_.reaction_user_id as reaction1_14_0_, reactionus0_.reaction_user_id as reaction1_14_1_, reactionus0_.reaction_id as reaction2_14_1_, reactionus0_.user_id as user_id3_14_1_ from reaction_user reactionus0_ where reactionus0_.reaction_id=?
Hibernate: select commentlis0_.board_id as board_id5_7_0_, commentlis0_.comment_id as comment_1_7_0_, commentlis0_.comment_id as comment_1_7_1_, commentlis0_.board_id as board_id5_7_1_, commentlis0_.comment_content as comment_2_7_1_, commentlis0_.comment_created_at as comment_3_7_1_, commentlis0_.comment_last_modified_at as comment_4_7_1_, commentlis0_.user_id as user_id6_7_1_ from comment commentlis0_ where commentlis0_.board_id=?
Hibernate: select boardlist0_.category_id as category7_4_0_, boardlist0_.board_id as board_id1_4_0_, boardlist0_.board_id as board_id1_4_1_, boardlist0_.category_id as category7_4_1_, boardlist0_.board_content as board_co2_4_1_, boardlist0_.board_created_at as board_cr3_4_1_, boardlist0_.board_last_modified_at as board_la4_4_1_, boardlist0_.board_title as board_ti5_4_1_, boardlist0_.user_id as user_id8_4_1_, boardlist0_.board_views as board_vi6_4_1_ from board boardlist0_ where boardlist0_.category_id=?
Hibernate: select count(comment0_.comment_id) as col_0_0_ from comment comment0_ where comment0_.board_id=?
Hibernate: update board set category_id=?, board_content=?, board_created_at=?, board_last_modified_at=?, board_title=?, user_id=?, board_views=? where board_id=?
Hibernate: select filepathli0_.board_board_id as board_bo1_8_0_, filepathli0_.board_file_path_list as board_fi2_8_0_ from file_path_list filepathli0_ where filepathli0_.board_board_id=?
Hibernate: select filename0_.filename_id as filename1_9_, filename0_.filename_origin as filename2_9_, filename0_.filename_uuid as filename3_9_ from filename filename0_ where filename0_.filename_uuid=?
Hibernate: delete from filename where filename_id=?
Hibernate: select imagepathl0_.board_board_id as board_bo1_11_0_, imagepathl0_.board_image_path_list as board_im2_11_0_ from image_path_list imagepathl0_ where imagepathl0_.board_board_id=?
Hibernate: select filename0_.filename_id as filename1_9_, filename0_.filename_origin as filename2_9_, filename0_.filename_uuid as filename3_9_ from filename filename0_ where filename0_.filename_uuid=?
Hibernate: delete from filename where filename_id=?
Hibernate: select count(*) as col_0_0_ from board board0_ where board0_.board_id=?
Hibernate: delete from file_path_list where board_board_id=?
Hibernate: delete from image_path_list where board_board_id=?
Hibernate: delete from reaction where reaction_id=?
Hibernate: delete from reaction where reaction_id=?
Hibernate: delete from reaction where reaction_id=?
Hibernate: delete from reaction where reaction_id=?
Hibernate: delete from reaction where reaction_id=?
Hibernate: delete from reaction where reaction_id=?
Hibernate: delete from board where board_id=?
Hibernate: select user0_.user_id as user_id1_21_0_, user0_.character_id as characte7_21_0_, user0_.user_created_at as user_cre2_21_0_, user0_.user_name as user_nam3_21_0_, user0_.user_phone_number as user_pho4_21_0_, user0_.user_user_id as user_use5_21_0_, user0_.user_user_password as user_use6_21_0_ from user user0_ where user0_.user_id=?
Hibernate: select character0_.character_id as characte1_6_0_, character0_.character_character_name as characte2_6_0_ from characters character0_ where character0_.character_id=?
Hibernate: select count(*) as col_0_0_ from user user0_ where user0_.user_id=?
Hibernate: select character1_.character_id as characte1_6_, character1_.character_character_name as characte2_6_ from user user0_ inner join characters character1_ on user0_.character_id=character1_.character_id where user0_.user_id=?
Hibernate: select permission0_.character_id as characte6_12_0_, permission0_.permission_id as permissi1_12_0_, permission0_.permission_id as permissi1_12_1_, permission0_.character_id as characte6_12_1_, permission0_.permission_name as permissi2_12_1_, permission0_.permission_permission_unit_id as permissi3_12_1_, permission0_.permission_service as permissi4_12_1_, permission0_.permission_status as permissi5_12_1_ from permission permission0_ where permission0_.character_id=?
Hibernate: select count(*) as col_0_0_ from board board0_ where board0_.board_id=?
Hibernate: select user0_.user_id as col_0_0_ from user user0_ where user0_.user_user_id=? limit ?
Hibernate: select user0_.user_id as col_0_0_ from user user0_ where user0_.user_user_id=? limit ?
Hibernate: select U.* from USER U where U.USER_USER_ID =?
Hibernate: select character0_.character_id as characte1_6_0_, character0_.character_character_name as characte2_6_0_ from characters character0_ where character0_.character_id=?
Hibernate: select user0_.user_id as user_id1_21_0_, user0_.character_id as characte7_21_0_, user0_.user_created_at as user_cre2_21_0_, user0_.user_name as user_nam3_21_0_, user0_.user_phone_number as user_pho4_21_0_, user0_.user_user_id as user_use5_21_0_, user0_.user_user_password as user_use6_21_0_ from user user0_ where user0_.user_id=?
Hibernate: select character0_.character_id as characte1_6_0_, character0_.character_character_name as characte2_6_0_ from characters character0_ where character0_.character_id=?
Hibernate: select category0_.category_id as category1_5_, category0_.category_name as category2_5_ from category category0_
Hibernate: select boardlist0_.category_id as category7_4_0_, boardlist0_.board_id as board_id1_4_0_, boardlist0_.board_id as board_id1_4_1_, boardlist0_.category_id as category7_4_1_, boardlist0_.board_content as board_co2_4_1_, boardlist0_.board_created_at as board_cr3_4_1_, boardlist0_.board_last_modified_at as board_la4_4_1_, boardlist0_.board_title as board_ti5_4_1_, boardlist0_.user_id as user_id8_4_1_, boardlist0_.board_views as board_vi6_4_1_ from board boardlist0_ where boardlist0_.category_id=?
Hibernate: select boardlist0_.category_id as category7_4_0_, boardlist0_.board_id as board_id1_4_0_, boardlist0_.board_id as board_id1_4_1_, boardlist0_.category_id as category7_4_1_, boardlist0_.board_content as board_co2_4_1_, boardlist0_.board_created_at as board_cr3_4_1_, boardlist0_.board_last_modified_at as board_la4_4_1_, boardlist0_.board_title as board_ti5_4_1_, boardlist0_.user_id as user_id8_4_1_, boardlist0_.board_views as board_vi6_4_1_ from board boardlist0_ where boardlist0_.category_id=?
Hibernate: select boardlist0_.category_id as category7_4_0_, boardlist0_.board_id as board_id1_4_0_, boardlist0_.board_id as board_id1_4_1_, boardlist0_.category_id as category7_4_1_, boardlist0_.board_content as board_co2_4_1_, boardlist0_.board_created_at as board_cr3_4_1_, boardlist0_.board_last_modified_at as board_la4_4_1_, boardlist0_.board_title as board_ti5_4_1_, boardlist0_.user_id as user_id8_4_1_, boardlist0_.board_views as board_vi6_4_1_ from board boardlist0_ where boardlist0_.category_id=?
Hibernate: select user0_.user_id as user_id1_21_0_, user0_.character_id as characte7_21_0_, user0_.user_created_at as user_cre2_21_0_, user0_.user_name as user_nam3_21_0_, user0_.user_phone_number as user_pho4_21_0_, user0_.user_user_id as user_use5_21_0_, user0_.user_user_password as user_use6_21_0_ from user user0_ where user0_.user_id=?
Hibernate: select character0_.character_id as characte1_6_0_, character0_.character_character_name as characte2_6_0_ from characters character0_ where character0_.character_id=?
Hibernate: select count(*) as col_0_0_ from user user0_ where user0_.user_id=?
Hibernate: select character1_.character_id as characte1_6_, character1_.character_character_name as characte2_6_ from user user0_ inner join characters character1_ on user0_.character_id=character1_.character_id where user0_.user_id=?
Hibernate: select permission0_.character_id as characte6_12_0_, permission0_.permission_id as permissi1_12_0_, permission0_.permission_id as permissi1_12_1_, permission0_.character_id as characte6_12_1_, permission0_.permission_name as permissi2_12_1_, permission0_.permission_permission_unit_id as permissi3_12_1_, permission0_.permission_service as permissi4_12_1_, permission0_.permission_status as permissi5_12_1_ from permission permission0_ where permission0_.character_id=?
Hibernate: select count(*) as col_0_0_ from category category0_ where category0_.category_id=?
Hibernate: select count(board0_.board_id) as col_0_0_ from board board0_ where board0_.category_id=?
Hibernate: select category0_.category_id as category1_5_0_, category0_.category_name as category2_5_0_ from category category0_ where category0_.category_id=?
Hibernate: select boardlist0_.category_id as category7_4_0_, boardlist0_.board_id as board_id1_4_0_, boardlist0_.board_id as board_id1_4_1_, boardlist0_.category_id as category7_4_1_, boardlist0_.board_content as board_co2_4_1_, boardlist0_.board_created_at as board_cr3_4_1_, boardlist0_.board_last_modified_at as board_la4_4_1_, boardlist0_.board_title as board_ti5_4_1_, boardlist0_.user_id as user_id8_4_1_, boardlist0_.board_views as board_vi6_4_1_ from board boardlist0_ where boardlist0_.category_id=?
Hibernate: delete from category where category_id=?
Hibernate: select user0_.user_id as user_id1_21_0_, user0_.character_id as characte7_21_0_, user0_.user_created_at as user_cre2_21_0_, user0_.user_name as user_nam3_21_0_, user0_.user_phone_number as user_pho4_21_0_, user0_.user_user_id as user_use5_21_0_, user0_.user_user_password as user_use6_21_0_ from user user0_ where user0_.user_id=?
Hibernate: select character0_.character_id as characte1_6_0_, character0_.character_character_name as characte2_6_0_ from characters character0_ where character0_.character_id=?
Hibernate: select count(*) as col_0_0_ from user user0_ where user0_.user_id=?
Hibernate: select character1_.character_id as characte1_6_, character1_.character_character_name as characte2_6_ from user user0_ inner join characters character1_ on user0_.character_id=character1_.character_id where user0_.user_id=?
Hibernate: select permission0_.character_id as characte6_12_0_, permission0_.permission_id as permissi1_12_0_, permission0_.permission_id as permissi1_12_1_, permission0_.character_id as characte6_12_1_, permission0_.permission_name as permissi2_12_1_, permission0_.permission_permission_unit_id as permissi3_12_1_, permission0_.permission_service as permissi4_12_1_, permission0_.permission_status as permissi5_12_1_ from permission permission0_ where permission0_.character_id=?
Hibernate: select count(*) as col_0_0_ from category category0_ where category0_.category_id=?
Hibernate: select count(board0_.board_id) as col_0_0_ from board board0_ where board0_.category_id=?
Hibernate: select category0_.category_id as category1_5_0_, category0_.category_name as category2_5_0_ from category category0_ where category0_.category_id=?
Hibernate: select boardlist0_.category_id as category7_4_0_, boardlist0_.board_id as board_id1_4_0_, boardlist0_.board_id as board_id1_4_1_, boardlist0_.category_id as category7_4_1_, boardlist0_.board_content as board_co2_4_1_, boardlist0_.board_created_at as board_cr3_4_1_, boardlist0_.board_last_modified_at as board_la4_4_1_, boardlist0_.board_title as board_ti5_4_1_, boardlist0_.user_id as user_id8_4_1_, boardlist0_.board_views as board_vi6_4_1_ from board boardlist0_ where boardlist0_.category_id=?
Hibernate: delete from category where category_id=?
Hibernate: select user0_.user_id as user_id1_21_0_, user0_.character_id as characte7_21_0_, user0_.user_created_at as user_cre2_21_0_, user0_.user_name as user_nam3_21_0_, user0_.user_phone_number as user_pho4_21_0_, user0_.user_user_id as user_use5_21_0_, user0_.user_user_password as user_use6_21_0_ from user user0_ where user0_.user_id=?
Hibernate: select character0_.character_id as characte1_6_0_, character0_.character_character_name as characte2_6_0_ from characters character0_ where character0_.character_id=?
Hibernate: select count(*) as col_0_0_ from user user0_ where user0_.user_id=?
Hibernate: select character1_.character_id as characte1_6_, character1_.character_character_name as characte2_6_ from user user0_ inner join characters character1_ on user0_.character_id=character1_.character_id where user0_.user_id=?
Hibernate: select permission0_.character_id as characte6_12_0_, permission0_.permission_id as permissi1_12_0_, permission0_.permission_id as permissi1_12_1_, permission0_.character_id as characte6_12_1_, permission0_.permission_name as permissi2_12_1_, permission0_.permission_permission_unit_id as permissi3_12_1_, permission0_.permission_service as permissi4_12_1_, permission0_.permission_status as permissi5_12_1_ from permission permission0_ where permission0_.character_id=?
Hibernate: select count(*) as col_0_0_ from category category0_ where category0_.category_id=?
Hibernate: select count(board0_.board_id) as col_0_0_ from board board0_ where board0_.category_id=?
Hibernate: select category0_.category_id as category1_5_0_, category0_.category_name as category2_5_0_ from category category0_ where category0_.category_id=?
Hibernate: select boardlist0_.category_id as category7_4_0_, boardlist0_.board_id as board_id1_4_0_, boardlist0_.board_id as board_id1_4_1_, boardlist0_.category_id as category7_4_1_, boardlist0_.board_content as board_co2_4_1_, boardlist0_.board_created_at as board_cr3_4_1_, boardlist0_.board_last_modified_at as board_la4_4_1_, boardlist0_.board_title as board_ti5_4_1_, boardlist0_.user_id as user_id8_4_1_, boardlist0_.board_views as board_vi6_4_1_ from board boardlist0_ where boardlist0_.category_id=?
Hibernate: delete from category where category_id=?
Hibernate: select user0_.user_id as user_id1_21_0_, user0_.character_id as characte7_21_0_, user0_.user_created_at as user_cre2_21_0_, user0_.user_name as user_nam3_21_0_, user0_.user_phone_number as user_pho4_21_0_, user0_.user_user_id as user_use5_21_0_, user0_.user_user_password as user_use6_21_0_ from user user0_ where user0_.user_id=?
Hibernate: select character0_.character_id as characte1_6_0_, character0_.character_character_name as characte2_6_0_ from characters character0_ where character0_.character_id=?
Hibernate: select count(*) as col_0_0_ from user user0_ where user0_.user_id=?
Hibernate: select character1_.character_id as characte1_6_, character1_.character_character_name as characte2_6_ from user user0_ inner join characters character1_ on user0_.character_id=character1_.character_id where user0_.user_id=?
Hibernate: select permission0_.character_id as characte6_12_0_, permission0_.permission_id as permissi1_12_0_, permission0_.permission_id as permissi1_12_1_, permission0_.character_id as characte6_12_1_, permission0_.permission_name as permissi2_12_1_, permission0_.permission_permission_unit_id as permissi3_12_1_, permission0_.permission_service as permissi4_12_1_, permission0_.permission_status as permissi5_12_1_ from permission permission0_ where permission0_.character_id=?
Hibernate: select category0_.category_id as col_0_0_ from category category0_ where category0_.category_name=? limit ?
Hibernate: select category0_.category_id as category1_5_1_, category0_.category_name as category2_5_1_, boardlist1_.category_id as category7_4_3_, boardlist1_.board_id as board_id1_4_3_, boardlist1_.board_id as board_id1_4_0_, boardlist1_.category_id as category7_4_0_, boardlist1_.board_content as board_co2_4_0_, boardlist1_.board_created_at as board_cr3_4_0_, boardlist1_.board_last_modified_at as board_la4_4_0_, boardlist1_.board_title as board_ti5_4_0_, boardlist1_.user_id as user_id8_4_0_, boardlist1_.board_views as board_vi6_4_0_ from category category0_ left outer join board boardlist1_ on category0_.category_id=boardlist1_.category_id where category0_.category_id=?
Hibernate: insert into category (category_id, category_name) values (default, ?)
Hibernate: select user0_.user_id as user_id1_21_0_, user0_.character_id as characte7_21_0_, user0_.user_created_at as user_cre2_21_0_, user0_.user_name as user_nam3_21_0_, user0_.user_phone_number as user_pho4_21_0_, user0_.user_user_id as user_use5_21_0_, user0_.user_user_password as user_use6_21_0_ from user user0_ where user0_.user_id=?
Hibernate: select character0_.character_id as characte1_6_0_, character0_.character_character_name as characte2_6_0_ from characters character0_ where character0_.character_id=?
Hibernate: select count(*) as col_0_0_ from user user0_ where user0_.user_id=?
Hibernate: select character1_.character_id as characte1_6_, character1_.character_character_name as characte2_6_ from user user0_ inner join characters character1_ on user0_.character_id=character1_.character_id where user0_.user_id=?
Hibernate: select permission0_.character_id as characte6_12_0_, permission0_.permission_id as permissi1_12_0_, permission0_.permission_id as permissi1_12_1_, permission0_.character_id as characte6_12_1_, permission0_.permission_name as permissi2_12_1_, permission0_.permission_permission_unit_id as permissi3_12_1_, permission0_.permission_service as permissi4_12_1_, permission0_.permission_status as permissi5_12_1_ from permission permission0_ where permission0_.character_id=?
Hibernate: select category0_.category_id as col_0_0_ from category category0_ where category0_.category_name=? limit ?
Hibernate: select category0_.category_id as category1_5_1_, category0_.category_name as category2_5_1_, boardlist1_.category_id as category7_4_3_, boardlist1_.board_id as board_id1_4_3_, boardlist1_.board_id as board_id1_4_0_, boardlist1_.category_id as category7_4_0_, boardlist1_.board_content as board_co2_4_0_, boardlist1_.board_created_at as board_cr3_4_0_, boardlist1_.board_last_modified_at as board_la4_4_0_, boardlist1_.board_title as board_ti5_4_0_, boardlist1_.user_id as user_id8_4_0_, boardlist1_.board_views as board_vi6_4_0_ from category category0_ left outer join board boardlist1_ on category0_.category_id=boardlist1_.category_id where category0_.category_id=?
Hibernate: insert into category (category_id, category_name) values (default, ?)
Hibernate: select user0_.user_id as col_0_0_ from user user0_ where user0_.user_user_id=? limit ?
Hibernate: select user0_.user_id as col_0_0_ from user user0_ where user0_.user_user_id=? limit ?
Hibernate: select U.* from USER U where U.USER_USER_ID =?
Hibernate: select character0_.character_id as characte1_6_0_, character0_.character_character_name as characte2_6_0_ from characters character0_ where character0_.character_id=?
Hibernate: select user0_.user_id as col_0_0_ from user user0_ where user0_.user_user_id=? limit ?
Hibernate: select user0_.user_id as col_0_0_ from user user0_ where user0_.user_user_id=? limit ?
Hibernate: select U.* from USER U where U.USER_USER_ID =?
Hibernate: select character0_.character_id as characte1_6_0_, character0_.character_character_name as characte2_6_0_ from characters character0_ where character0_.character_id=?
Hibernate: select user0_.user_id as user_id1_21_0_, user0_.character_id as characte7_21_0_, user0_.user_created_at as user_cre2_21_0_, user0_.user_name as user_nam3_21_0_, user0_.user_phone_number as user_pho4_21_0_, user0_.user_user_id as user_use5_21_0_, user0_.user_user_password as user_use6_21_0_ from user user0_ where user0_.user_id=?
Hibernate: select character0_.character_id as characte1_6_0_, character0_.character_character_name as characte2_6_0_ from characters character0_ where character0_.character_id=?
Hibernate: select count(*) as col_0_0_ from board board0_
Hibernate: select count(*) as col_0_0_ from board board0_
Hibernate: select user0_.user_id as col_0_0_ from user user0_ where user0_.user_user_id=? limit ?
Hibernate: select user0_.user_id as col_0_0_ from user user0_ where user0_.user_user_id=? limit ?
Hibernate: select U.* from USER U where U.USER_USER_ID =?
Hibernate: select character0_.character_id as characte1_6_0_, character0_.character_character_name as characte2_6_0_ from characters character0_ where character0_.character_id=?
Hibernate: select user0_.user_id as user_id1_21_0_, user0_.character_id as characte7_21_0_, user0_.user_created_at as user_cre2_21_0_, user0_.user_name as user_nam3_21_0_, user0_.user_phone_number as user_pho4_21_0_, user0_.user_user_id as user_use5_21_0_, user0_.user_user_password as user_use6_21_0_ from user user0_ where user0_.user_id=?
Hibernate: select character0_.character_id as characte1_6_0_, character0_.character_character_name as characte2_6_0_ from characters character0_ where character0_.character_id=?
Hibernate: select category0_.category_id as category1_5_, category0_.category_name as category2_5_ from category category0_
Hibernate: select boardlist0_.category_id as category7_4_0_, boardlist0_.board_id as board_id1_4_0_, boardlist0_.board_id as board_id1_4_1_, boardlist0_.category_id as category7_4_1_, boardlist0_.board_content as board_co2_4_1_, boardlist0_.board_created_at as board_cr3_4_1_, boardlist0_.board_last_modified_at as board_la4_4_1_, boardlist0_.board_title as board_ti5_4_1_, boardlist0_.user_id as user_id8_4_1_, boardlist0_.board_views as board_vi6_4_1_ from board boardlist0_ where boardlist0_.category_id=?
Hibernate: select boardlist0_.category_id as category7_4_0_, boardlist0_.board_id as board_id1_4_0_, boardlist0_.board_id as board_id1_4_1_, boardlist0_.category_id as category7_4_1_, boardlist0_.board_content as board_co2_4_1_, boardlist0_.board_created_at as board_cr3_4_1_, boardlist0_.board_last_modified_at as board_la4_4_1_, boardlist0_.board_title as board_ti5_4_1_, boardlist0_.user_id as user_id8_4_1_, boardlist0_.board_views as board_vi6_4_1_ from board boardlist0_ where boardlist0_.category_id=?
Hibernate: select user0_.user_id as user_id1_21_0_, user0_.character_id as characte7_21_0_, user0_.user_created_at as user_cre2_21_0_, user0_.user_name as user_nam3_21_0_, user0_.user_phone_number as user_pho4_21_0_, user0_.user_user_id as user_use5_21_0_, user0_.user_user_password as user_use6_21_0_ from user user0_ where user0_.user_id=?
Hibernate: select character0_.character_id as characte1_6_0_, character0_.character_character_name as characte2_6_0_ from characters character0_ where character0_.character_id=?
Hibernate: select count(*) as col_0_0_ from user user0_ where user0_.user_id=?
Hibernate: select character1_.character_id as characte1_6_, character1_.character_character_name as characte2_6_ from user user0_ inner join characters character1_ on user0_.character_id=character1_.character_id where user0_.user_id=?
Hibernate: select permission0_.character_id as characte6_12_0_, permission0_.permission_id as permissi1_12_0_, permission0_.permission_id as permissi1_12_1_, permission0_.character_id as characte6_12_1_, permission0_.permission_name as permissi2_12_1_, permission0_.permission_permission_unit_id as permissi3_12_1_, permission0_.permission_service as permissi4_12_1_, permission0_.permission_status as permissi5_12_1_ from permission permission0_ where permission0_.character_id=?
Hibernate: select count(*) as col_0_0_ from category category0_ where category0_.category_id=?
Hibernate: select count(board0_.board_id) as col_0_0_ from board board0_ where board0_.category_id=?
Hibernate: select category0_.category_id as category1_5_0_, category0_.category_name as category2_5_0_ from category category0_ where category0_.category_id=?
Hibernate: select boardlist0_.category_id as category7_4_0_, boardlist0_.board_id as board_id1_4_0_, boardlist0_.board_id as board_id1_4_1_, boardlist0_.category_id as category7_4_1_, boardlist0_.board_content as board_co2_4_1_, boardlist0_.board_created_at as board_cr3_4_1_, boardlist0_.board_last_modified_at as board_la4_4_1_, boardlist0_.board_title as board_ti5_4_1_, boardlist0_.user_id as user_id8_4_1_, boardlist0_.board_views as board_vi6_4_1_ from board boardlist0_ where boardlist0_.category_id=?
Hibernate: delete from category where category_id=?
Hibernate: select user0_.user_id as user_id1_21_0_, user0_.character_id as characte7_21_0_, user0_.user_created_at as user_cre2_21_0_, user0_.user_name as user_nam3_21_0_, user0_.user_phone_number as user_pho4_21_0_, user0_.user_user_id as user_use5_21_0_, user0_.user_user_password as user_use6_21_0_ from user user0_ where user0_.user_id=?
Hibernate: select character0_.character_id as characte1_6_0_, character0_.character_character_name as characte2_6_0_ from characters character0_ where character0_.character_id=?
Hibernate: select count(*) as col_0_0_ from user user0_ where user0_.user_id=?
Hibernate: select character1_.character_id as characte1_6_, character1_.character_character_name as characte2_6_ from user user0_ inner join characters character1_ on user0_.character_id=character1_.character_id where user0_.user_id=?
Hibernate: select permission0_.character_id as characte6_12_0_, permission0_.permission_id as permissi1_12_0_, permission0_.permission_id as permissi1_12_1_, permission0_.character_id as characte6_12_1_, permission0_.permission_name as permissi2_12_1_, permission0_.permission_permission_unit_id as permissi3_12_1_, permission0_.permission_service as permissi4_12_1_, permission0_.permission_status as permissi5_12_1_ from permission permission0_ where permission0_.character_id=?
Hibernate: select count(*) as col_0_0_ from category category0_ where category0_.category_id=?
Hibernate: select count(board0_.board_id) as col_0_0_ from board board0_ where board0_.category_id=?
Hibernate: select category0_.category_id as category1_5_0_, category0_.category_name as category2_5_0_ from category category0_ where category0_.category_id=?
Hibernate: select boardlist0_.category_id as category7_4_0_, boardlist0_.board_id as board_id1_4_0_, boardlist0_.board_id as board_id1_4_1_, boardlist0_.category_id as category7_4_1_, boardlist0_.board_content as board_co2_4_1_, boardlist0_.board_created_at as board_cr3_4_1_, boardlist0_.board_last_modified_at as board_la4_4_1_, boardlist0_.board_title as board_ti5_4_1_, boardlist0_.user_id as user_id8_4_1_, boardlist0_.board_views as board_vi6_4_1_ from board boardlist0_ where boardlist0_.category_id=?
Hibernate: delete from category where category_id=?
Hibernate: select user0_.user_id as user_id1_21_0_, user0_.character_id as characte7_21_0_, user0_.user_created_at as user_cre2_21_0_, user0_.user_name as user_nam3_21_0_, user0_.user_phone_number as user_pho4_21_0_, user0_.user_user_id as user_use5_21_0_, user0_.user_user_password as user_use6_21_0_ from user user0_ where user0_.user_id=?
Hibernate: select character0_.character_id as characte1_6_0_, character0_.character_character_name as characte2_6_0_ from characters character0_ where character0_.character_id=?
Hibernate: select count(*) as col_0_0_ from user user0_ where user0_.user_id=?
Hibernate: select character1_.character_id as characte1_6_, character1_.character_character_name as characte2_6_ from user user0_ inner join characters character1_ on user0_.character_id=character1_.character_id where user0_.user_id=?
Hibernate: select permission0_.character_id as characte6_12_0_, permission0_.permission_id as permissi1_12_0_, permission0_.permission_id as permissi1_12_1_, permission0_.character_id as characte6_12_1_, permission0_.permission_name as permissi2_12_1_, permission0_.permission_permission_unit_id as permissi3_12_1_, permission0_.permission_service as permissi4_12_1_, permission0_.permission_status as permissi5_12_1_ from permission permission0_ where permission0_.character_id=?
Hibernate: select category0_.category_id as col_0_0_ from category category0_ where category0_.category_name=? limit ?
Hibernate: select category0_.category_id as category1_5_1_, category0_.category_name as category2_5_1_, boardlist1_.category_id as category7_4_3_, boardlist1_.board_id as board_id1_4_3_, boardlist1_.board_id as board_id1_4_0_, boardlist1_.category_id as category7_4_0_, boardlist1_.board_content as board_co2_4_0_, boardlist1_.board_created_at as board_cr3_4_0_, boardlist1_.board_last_modified_at as board_la4_4_0_, boardlist1_.board_title as board_ti5_4_0_, boardlist1_.user_id as user_id8_4_0_, boardlist1_.board_views as board_vi6_4_0_ from category category0_ left outer join board boardlist1_ on category0_.category_id=boardlist1_.category_id where category0_.category_id=?
Hibernate: insert into category (category_id, category_name) values (default, ?)
Hibernate: select user0_.user_id as user_id1_21_0_, user0_.character_id as characte7_21_0_, user0_.user_created_at as user_cre2_21_0_, user0_.user_name as user_nam3_21_0_, user0_.user_phone_number as user_pho4_21_0_, user0_.user_user_id as user_use5_21_0_, user0_.user_user_password as user_use6_21_0_ from user user0_ where user0_.user_id=?
Hibernate: select character0_.character_id as characte1_6_0_, character0_.character_character_name as characte2_6_0_ from characters character0_ where character0_.character_id=?
Hibernate: select count(*) as col_0_0_ from user user0_ where user0_.user_id=?
Hibernate: select character1_.character_id as characte1_6_, character1_.character_character_name as characte2_6_ from user user0_ inner join characters character1_ on user0_.character_id=character1_.character_id where user0_.user_id=?
Hibernate: select permission0_.character_id as characte6_12_0_, permission0_.permission_id as permissi1_12_0_, permission0_.permission_id as permissi1_12_1_, permission0_.character_id as characte6_12_1_, permission0_.permission_name as permissi2_12_1_, permission0_.permission_permission_unit_id as permissi3_12_1_, permission0_.permission_service as permissi4_12_1_, permission0_.permission_status as permissi5_12_1_ from permission permission0_ where permission0_.character_id=?
Hibernate: select category0_.category_id as col_0_0_ from category category0_ where category0_.category_name=? limit ?
Hibernate: select category0_.category_id as category1_5_1_, category0_.category_name as category2_5_1_, boardlist1_.category_id as category7_4_3_, boardlist1_.board_id as board_id1_4_3_, boardlist1_.board_id as board_id1_4_0_, boardlist1_.category_id as category7_4_0_, boardlist1_.board_content as board_co2_4_0_, boardlist1_.board_created_at as board_cr3_4_0_, boardlist1_.board_last_modified_at as board_la4_4_0_, boardlist1_.board_title as board_ti5_4_0_, boardlist1_.user_id as user_id8_4_0_, boardlist1_.board_views as board_vi6_4_0_ from category category0_ left outer join board boardlist1_ on category0_.category_id=boardlist1_.category_id where category0_.category_id=?
Hibernate: insert into category (category_id, category_name) values (default, ?)
Hibernate: select user0_.user_id as col_0_0_ from user user0_ where user0_.user_user_id=? limit ?
Hibernate: select user0_.user_id as col_0_0_ from user user0_ where user0_.user_user_id=? limit ?
Hibernate: select U.* from USER U where U.USER_USER_ID =?
Hibernate: select character0_.character_id as characte1_6_0_, character0_.character_character_name as characte2_6_0_ from characters character0_ where character0_.character_id=?
Hibernate: select user0_.user_id as col_0_0_ from user user0_ where user0_.user_user_id=? limit ?
Hibernate: select user0_.user_id as col_0_0_ from user user0_ where user0_.user_user_id=? limit ?
Hibernate: select U.* from USER U where U.USER_USER_ID =?
Hibernate: select character0_.character_id as characte1_6_0_, character0_.character_character_name as characte2_6_0_ from characters character0_ where character0_.character_id=?
Hibernate: select user0_.user_id as col_0_0_ from user user0_ where user0_.user_user_id=? limit ?
Hibernate: select userjoinin0_.user_joining_pool_id as col_0_0_ from user_joining_pool userjoinin0_ where userjoinin0_.user_user_id=? limit ?
Hibernate: select character0_.character_id as col_0_0_ from characters character0_ where character0_.character_character_name=? limit ?
Hibernate: insert into user_joining_pool (user_joining_pool_id, user_created_at, user_name, user_phone_number, user_user_id, user_user_password) values (default, ?, ?, ?, ?, ?)
Hibernate: select user0_.user_id as user_id1_21_0_, user0_.character_id as characte7_21_0_, user0_.user_created_at as user_cre2_21_0_, user0_.user_name as user_nam3_21_0_, user0_.user_phone_number as user_pho4_21_0_, user0_.user_user_id as user_use5_21_0_, user0_.user_user_password as user_use6_21_0_ from user user0_ where user0_.user_id=?
Hibernate: select character0_.character_id as characte1_6_0_, character0_.character_character_name as characte2_6_0_ from characters character0_ where character0_.character_id=?
Hibernate: select count(*) as col_0_0_ from user user0_ where user0_.user_id=?
Hibernate: select character1_.character_id as characte1_6_, character1_.character_character_name as characte2_6_ from user user0_ inner join characters character1_ on user0_.character_id=character1_.character_id where user0_.user_id=?
Hibernate: select permission0_.character_id as characte6_12_0_, permission0_.permission_id as permissi1_12_0_, permission0_.permission_id as permissi1_12_1_, permission0_.character_id as characte6_12_1_, permission0_.permission_name as permissi2_12_1_, permission0_.permission_permission_unit_id as permissi3_12_1_, permission0_.permission_service as permissi4_12_1_, permission0_.permission_status as permissi5_12_1_ from permission permission0_ where permission0_.character_id=?
Hibernate: select userjoinin0_.user_joining_pool_id as col_0_0_ from user_joining_pool userjoinin0_ where userjoinin0_.user_user_id=? limit ?
Hibernate: select userjoinin0_.user_joining_pool_id as user_joi1_22_, userjoinin0_.user_created_at as user_cre2_22_, userjoinin0_.user_name as user_nam3_22_, userjoinin0_.user_phone_number as user_pho4_22_, userjoinin0_.user_user_id as user_use5_22_, userjoinin0_.user_user_password as user_use6_22_ from user_joining_pool userjoinin0_ where userjoinin0_.user_user_id=?
Hibernate: select character0_.character_id as characte1_6_, character0_.character_character_name as characte2_6_ from characters character0_ where character0_.character_character_name=?
Hibernate: insert into user (user_id, character_id, user_created_at, user_name, user_phone_number, user_user_id, user_user_password) values (default, ?, ?, ?, ?, ?, ?)
Hibernate: DELETE FROM USER_JOINING_POOL as JU where JU.USER_USER_ID =?
Hibernate: select user0_.user_id as col_0_0_ from user user0_ where user0_.user_user_id=? limit ?
Hibernate: select user0_.user_id as col_0_0_ from user user0_ where user0_.user_user_id=? limit ?
Hibernate: select U.* from USER U where U.USER_USER_ID =?
Hibernate: select character0_.character_id as characte1_6_0_, character0_.character_character_name as characte2_6_0_ from characters character0_ where character0_.character_id=?
Hibernate: select user0_.user_id as user_id1_21_0_, user0_.character_id as characte7_21_0_, user0_.user_created_at as user_cre2_21_0_, user0_.user_name as user_nam3_21_0_, user0_.user_phone_number as user_pho4_21_0_, user0_.user_user_id as user_use5_21_0_, user0_.user_user_password as user_use6_21_0_ from user user0_ where user0_.user_id=?
Hibernate: select character0_.character_id as characte1_6_0_, character0_.character_character_name as characte2_6_0_ from characters character0_ where character0_.character_id=?
Hibernate: select category0_.category_id as category1_5_, category0_.category_name as category2_5_ from category category0_
Hibernate: select boardlist0_.category_id as category7_4_0_, boardlist0_.board_id as board_id1_4_0_, boardlist0_.board_id as board_id1_4_1_, boardlist0_.category_id as category7_4_1_, boardlist0_.board_content as board_co2_4_1_, boardlist0_.board_created_at as board_cr3_4_1_, boardlist0_.board_last_modified_at as board_la4_4_1_, boardlist0_.board_title as board_ti5_4_1_, boardlist0_.user_id as user_id8_4_1_, boardlist0_.board_views as board_vi6_4_1_ from board boardlist0_ where boardlist0_.category_id=?
Hibernate: select boardlist0_.category_id as category7_4_0_, boardlist0_.board_id as board_id1_4_0_, boardlist0_.board_id as board_id1_4_1_, boardlist0_.category_id as category7_4_1_, boardlist0_.board_content as board_co2_4_1_, boardlist0_.board_created_at as board_cr3_4_1_, boardlist0_.board_last_modified_at as board_la4_4_1_, boardlist0_.board_title as board_ti5_4_1_, boardlist0_.user_id as user_id8_4_1_, boardlist0_.board_views as board_vi6_4_1_ from board boardlist0_ where boardlist0_.category_id=?
Hibernate: select user0_.user_id as col_0_0_ from user user0_ where user0_.user_user_id=? limit ?
Hibernate: select user0_.user_id as col_0_0_ from user user0_ where user0_.user_user_id=? limit ?
Hibernate: select U.* from USER U where U.USER_USER_ID =?
Hibernate: select character0_.character_id as characte1_6_0_, character0_.character_character_name as characte2_6_0_ from characters character0_ where character0_.character_id=?
Hibernate: select user0_.user_id as user_id1_21_0_, user0_.character_id as characte7_21_0_, user0_.user_created_at as user_cre2_21_0_, user0_.user_name as user_nam3_21_0_, user0_.user_phone_number as user_pho4_21_0_, user0_.user_user_id as user_use5_21_0_, user0_.user_user_password as user_use6_21_0_ from user user0_ where user0_.user_id=?
Hibernate: select character0_.character_id as characte1_6_0_, character0_.character_character_name as characte2_6_0_ from characters character0_ where character0_.character_id=?
Hibernate: select count(*) as col_0_0_ from user user0_ where user0_.user_id=?
Hibernate: select character1_.character_id as characte1_6_, character1_.character_character_name as characte2_6_ from user user0_ inner join characters character1_ on user0_.character_id=character1_.character_id where user0_.user_id=?
Hibernate: select permission0_.character_id as characte6_12_0_, permission0_.permission_id as permissi1_12_0_, permission0_.permission_id as permissi1_12_1_, permission0_.character_id as characte6_12_1_, permission0_.permission_name as permissi2_12_1_, permission0_.permission_permission_unit_id as permissi3_12_1_, permission0_.permission_service as permissi4_12_1_, permission0_.permission_status as permissi5_12_1_ from permission permission0_ where permission0_.character_id=?
Hibernate: select count(*) as col_0_0_ from category category0_ where category0_.category_id=?
Hibernate: select category0_.category_id as category1_5_0_, category0_.category_name as category2_5_0_ from category category0_ where category0_.category_id=?
Hibernate: insert into board (board_id, category_id, board_content, board_created_at, board_last_modified_at, board_title, user_id, board_views) values (default, ?, ?, ?, ?, ?, ?, ?)
Hibernate: insert into reaction (reaction_id, board_id, reaction_type) values (default, ?, ?)
Hibernate: insert into reaction (reaction_id, board_id, reaction_type) values (default, ?, ?)
Hibernate: insert into reaction (reaction_id, board_id, reaction_type) values (default, ?, ?)
Hibernate: insert into reaction (reaction_id, board_id, reaction_type) values (default, ?, ?)
Hibernate: insert into reaction (reaction_id, board_id, reaction_type) values (default, ?, ?)
Hibernate: insert into reaction (reaction_id, board_id, reaction_type) values (default, ?, ?)
Hibernate: select user0_.user_id as user_id1_21_0_, user0_.character_id as characte7_21_0_, user0_.user_created_at as user_cre2_21_0_, user0_.user_name as user_nam3_21_0_, user0_.user_phone_number as user_pho4_21_0_, user0_.user_user_id as user_use5_21_0_, user0_.user_user_password as user_use6_21_0_ from user user0_ where user0_.user_id=?
Hibernate: select character0_.character_id as characte1_6_0_, character0_.character_character_name as characte2_6_0_ from characters character0_ where character0_.character_id=?
Hibernate: select count(*) as col_0_0_ from user user0_ where user0_.user_id=?
Hibernate: select character1_.character_id as characte1_6_, character1_.character_character_name as characte2_6_ from user user0_ inner join characters character1_ on user0_.character_id=character1_.character_id where user0_.user_id=?
Hibernate: select permission0_.character_id as characte6_12_0_, permission0_.permission_id as permissi1_12_0_, permission0_.permission_id as permissi1_12_1_, permission0_.character_id as characte6_12_1_, permission0_.permission_name as permissi2_12_1_, permission0_.permission_permission_unit_id as permissi3_12_1_, permission0_.permission_service as permissi4_12_1_, permission0_.permission_status as permissi5_12_1_ from permission permission0_ where permission0_.character_id=?
Hibernate: select count(*) as col_0_0_ from category category0_ where category0_.category_id=?
Hibernate: select category0_.category_id as category1_5_0_, category0_.category_name as category2_5_0_ from category category0_ where category0_.category_id=?
Hibernate: insert into board (board_id, category_id, board_content, board_created_at, board_last_modified_at, board_title, user_id, board_views) values (default, ?, ?, ?, ?, ?, ?, ?)
Hibernate: insert into reaction (reaction_id, board_id, reaction_type) values (default, ?, ?)
Hibernate: insert into reaction (reaction_id, board_id, reaction_type) values (default, ?, ?)
Hibernate: insert into reaction (reaction_id, board_id, reaction_type) values (default, ?, ?)
Hibernate: insert into reaction (reaction_id, board_id, reaction_type) values (default, ?, ?)
Hibernate: insert into reaction (reaction_id, board_id, reaction_type) values (default, ?, ?)
Hibernate: insert into reaction (reaction_id, board_id, reaction_type) values (default, ?, ?)
Hibernate: select user0_.user_id as user_id1_21_0_, user0_.character_id as characte7_21_0_, user0_.user_created_at as user_cre2_21_0_, user0_.user_name as user_nam3_21_0_, user0_.user_phone_number as user_pho4_21_0_, user0_.user_user_id as user_use5_21_0_, user0_.user_user_password as user_use6_21_0_ from user user0_ where user0_.user_id=?
Hibernate: select character0_.character_id as characte1_6_0_, character0_.character_character_name as characte2_6_0_ from characters character0_ where character0_.character_id=?
Hibernate: select count(*) as col_0_0_ from user user0_ where user0_.user_id=?
Hibernate: select character1_.character_id as characte1_6_, character1_.character_character_name as characte2_6_ from user user0_ inner join characters character1_ on user0_.character_id=character1_.character_id where user0_.user_id=?
Hibernate: select permission0_.character_id as characte6_12_0_, permission0_.permission_id as permissi1_12_0_, permission0_.permission_id as permissi1_12_1_, permission0_.character_id as characte6_12_1_, permission0_.permission_name as permissi2_12_1_, permission0_.permission_permission_unit_id as permissi3_12_1_, permission0_.permission_service as permissi4_12_1_, permission0_.permission_status as permissi5_12_1_ from permission permission0_ where permission0_.character_id=?
Hibernate: select count(*) as col_0_0_ from category category0_ where category0_.category_id=?
Hibernate: select category0_.category_id as category1_5_0_, category0_.category_name as category2_5_0_ from category category0_ where category0_.category_id=?
Hibernate: insert into board (board_id, category_id, board_content, board_created_at, board_last_modified_at, board_title, user_id, board_views) values (default, ?, ?, ?, ?, ?, ?, ?)
Hibernate: insert into reaction (reaction_id, board_id, reaction_type) values (default, ?, ?)
Hibernate: insert into reaction (reaction_id, board_id, reaction_type) values (default, ?, ?)
Hibernate: insert into reaction (reaction_id, board_id, reaction_type) values (default, ?, ?)
Hibernate: insert into reaction (reaction_id, board_id, reaction_type) values (default, ?, ?)
Hibernate: insert into reaction (reaction_id, board_id, reaction_type) values (default, ?, ?)
Hibernate: insert into reaction (reaction_id, board_id, reaction_type) values (default, ?, ?)
Hibernate: select user0_.user_id as col_0_0_ from user user0_ where user0_.user_user_id=? limit ?
Hibernate: select user0_.user_id as col_0_0_ from user user0_ where user0_.user_user_id=? limit ?
Hibernate: select U.* from USER U where U.USER_USER_ID =?
Hibernate: select character0_.character_id as characte1_6_0_, character0_.character_character_name as characte2_6_0_ from characters character0_ where character0_.character_id=?
Hibernate: select user0_.user_id as user_id1_21_0_, user0_.character_id as characte7_21_0_, user0_.user_created_at as user_cre2_21_0_, user0_.user_name as user_nam3_21_0_, user0_.user_phone_number as user_pho4_21_0_, user0_.user_user_id as user_use5_21_0_, user0_.user_user_password as user_use6_21_0_ from user user0_ where user0_.user_id=?
Hibernate: select character0_.character_id as characte1_6_0_, character0_.character_character_name as characte2_6_0_ from characters character0_ where character0_.character_id=?
Hibernate: select count(*) as col_0_0_ from board board0_
Hibernate: select board0_.board_id as board_id1_4_, board0_.category_id as category7_4_, board0_.board_content as board_co2_4_, board0_.board_created_at as board_cr3_4_, board0_.board_last_modified_at as board_la4_4_, board0_.board_title as board_ti5_4_, board0_.user_id as user_id8_4_, board0_.board_views as board_vi6_4_ from board board0_ limit ?
Hibernate: select category0_.category_id as category1_5_0_, category0_.category_name as category2_5_0_ from category category0_ where category0_.category_id=?
Hibernate: select reactionli0_.board_id as board_id3_13_0_, reactionli0_.reaction_id as reaction1_13_0_, reactionli0_.reaction_id as reaction1_13_1_, reactionli0_.board_id as board_id3_13_1_, reactionli0_.reaction_type as reaction2_13_1_ from reaction reactionli0_ where reactionli0_.board_id=?
Hibernate: select reactionus0_.reaction_id as reaction2_14_0_, reactionus0_.reaction_user_id as reaction1_14_0_, reactionus0_.reaction_user_id as reaction1_14_1_, reactionus0_.reaction_id as reaction2_14_1_, reactionus0_.user_id as user_id3_14_1_ from reaction_user reactionus0_ where reactionus0_.reaction_id=?
Hibernate: select reactionus0_.reaction_id as reaction2_14_0_, reactionus0_.reaction_user_id as reaction1_14_0_, reactionus0_.reaction_user_id as reaction1_14_1_, reactionus0_.reaction_id as reaction2_14_1_, reactionus0_.user_id as user_id3_14_1_ from reaction_user reactionus0_ where reactionus0_.reaction_id=?
Hibernate: select reactionus0_.reaction_id as reaction2_14_0_, reactionus0_.reaction_user_id as reaction1_14_0_, reactionus0_.reaction_user_id as reaction1_14_1_, reactionus0_.reaction_id as reaction2_14_1_, reactionus0_.user_id as user_id3_14_1_ from reaction_user reactionus0_ where reactionus0_.reaction_id=?
Hibernate: select reactionus0_.reaction_id as reaction2_14_0_, reactionus0_.reaction_user_id as reaction1_14_0_, reactionus0_.reaction_user_id as reaction1_14_1_, reactionus0_.reaction_id as reaction2_14_1_, reactionus0_.user_id as user_id3_14_1_ from reaction_user reactionus0_ where reactionus0_.reaction_id=?
Hibernate: select reactionus0_.reaction_id as reaction2_14_0_, reactionus0_.reaction_user_id as reaction1_14_0_, reactionus0_.reaction_user_id as reaction1_14_1_, reactionus0_.reaction_id as reaction2_14_1_, reactionus0_.user_id as user_id3_14_1_ from reaction_user reactionus0_ where reactionus0_.reaction_id=?
Hibernate: select reactionus0_.reaction_id as reaction2_14_0_, reactionus0_.reaction_user_id as reaction1_14_0_, reactionus0_.reaction_user_id as reaction1_14_1_, reactionus0_.reaction_id as reaction2_14_1_, reactionus0_.user_id as user_id3_14_1_ from reaction_user reactionus0_ where reactionus0_.reaction_id=?
Hibernate: select commentlis0_.board_id as board_id5_7_0_, commentlis0_.comment_id as comment_1_7_0_, commentlis0_.comment_id as comment_1_7_1_, commentlis0_.board_id as board_id5_7_1_, commentlis0_.comment_content as comment_2_7_1_, commentlis0_.comment_created_at as comment_3_7_1_, commentlis0_.comment_last_modified_at as comment_4_7_1_, commentlis0_.user_id as user_id6_7_1_ from comment commentlis0_ where commentlis0_.board_id=?
Hibernate: select reactionli0_.board_id as board_id3_13_0_, reactionli0_.reaction_id as reaction1_13_0_, reactionli0_.reaction_id as reaction1_13_1_, reactionli0_.board_id as board_id3_13_1_, reactionli0_.reaction_type as reaction2_13_1_ from reaction reactionli0_ where reactionli0_.board_id=?
Hibernate: select reactionus0_.reaction_id as reaction2_14_0_, reactionus0_.reaction_user_id as reaction1_14_0_, reactionus0_.reaction_user_id as reaction1_14_1_, reactionus0_.reaction_id as reaction2_14_1_, reactionus0_.user_id as user_id3_14_1_ from reaction_user reactionus0_ where reactionus0_.reaction_id=?
Hibernate: select reactionus0_.reaction_id as reaction2_14_0_, reactionus0_.reaction_user_id as reaction1_14_0_, reactionus0_.reaction_user_id as reaction1_14_1_, reactionus0_.reaction_id as reaction2_14_1_, reactionus0_.user_id as user_id3_14_1_ from reaction_user reactionus0_ where reactionus0_.reaction_id=?
Hibernate: select reactionus0_.reaction_id as reaction2_14_0_, reactionus0_.reaction_user_id as reaction1_14_0_, reactionus0_.reaction_user_id as reaction1_14_1_, reactionus0_.reaction_id as reaction2_14_1_, reactionus0_.user_id as user_id3_14_1_ from reaction_user reactionus0_ where reactionus0_.reaction_id=?
Hibernate: select reactionus0_.reaction_id as reaction2_14_0_, reactionus0_.reaction_user_id as reaction1_14_0_, reactionus0_.reaction_user_id as reaction1_14_1_, reactionus0_.reaction_id as reaction2_14_1_, reactionus0_.user_id as user_id3_14_1_ from reaction_user reactionus0_ where reactionus0_.reaction_id=?
Hibernate: select reactionus0_.reaction_id as reaction2_14_0_, reactionus0_.reaction_user_id as reaction1_14_0_, reactionus0_.reaction_user_id as reaction1_14_1_, reactionus0_.reaction_id as reaction2_14_1_, reactionus0_.user_id as user_id3_14_1_ from reaction_user reactionus0_ where reactionus0_.reaction_id=?
Hibernate: select reactionus0_.reaction_id as reaction2_14_0_, reactionus0_.reaction_user_id as reaction1_14_0_, reactionus0_.reaction_user_id as reaction1_14_1_, reactionus0_.reaction_id as reaction2_14_1_, reactionus0_.user_id as user_id3_14_1_ from reaction_user reactionus0_ where reactionus0_.reaction_id=?
Hibernate: select commentlis0_.board_id as board_id5_7_0_, commentlis0_.comment_id as comment_1_7_0_, commentlis0_.comment_id as comment_1_7_1_, commentlis0_.board_id as board_id5_7_1_, commentlis0_.comment_content as comment_2_7_1_, commentlis0_.comment_created_at as comment_3_7_1_, commentlis0_.comment_last_modified_at as comment_4_7_1_, commentlis0_.user_id as user_id6_7_1_ from comment commentlis0_ where commentlis0_.board_id=?
Hibernate: select reactionli0_.board_id as board_id3_13_0_, reactionli0_.reaction_id as reaction1_13_0_, reactionli0_.reaction_id as reaction1_13_1_, reactionli0_.board_id as board_id3_13_1_, reactionli0_.reaction_type as reaction2_13_1_ from reaction reactionli0_ where reactionli0_.board_id=?
Hibernate: select reactionus0_.reaction_id as reaction2_14_0_, reactionus0_.reaction_user_id as reaction1_14_0_, reactionus0_.reaction_user_id as reaction1_14_1_, reactionus0_.reaction_id as reaction2_14_1_, reactionus0_.user_id as user_id3_14_1_ from reaction_user reactionus0_ where reactionus0_.reaction_id=?
Hibernate: select reactionus0_.reaction_id as reaction2_14_0_, reactionus0_.reaction_user_id as reaction1_14_0_, reactionus0_.reaction_user_id as reaction1_14_1_, reactionus0_.reaction_id as reaction2_14_1_, reactionus0_.user_id as user_id3_14_1_ from reaction_user reactionus0_ where reactionus0_.reaction_id=?
Hibernate: select reactionus0_.reaction_id as reaction2_14_0_, reactionus0_.reaction_user_id as reaction1_14_0_, reactionus0_.reaction_user_id as reaction1_14_1_, reactionus0_.reaction_id as reaction2_14_1_, reactionus0_.user_id as user_id3_14_1_ from reaction_user reactionus0_ where reactionus0_.reaction_id=?
Hibernate: select reactionus0_.reaction_id as reaction2_14_0_, reactionus0_.reaction_user_id as reaction1_14_0_, reactionus0_.reaction_user_id as reaction1_14_1_, reactionus0_.reaction_id as reaction2_14_1_, reactionus0_.user_id as user_id3_14_1_ from reaction_user reactionus0_ where reactionus0_.reaction_id=?
Hibernate: select reactionus0_.reaction_id as reaction2_14_0_, reactionus0_.reaction_user_id as reaction1_14_0_, reactionus0_.reaction_user_id as reaction1_14_1_, reactionus0_.reaction_id as reaction2_14_1_, reactionus0_.user_id as user_id3_14_1_ from reaction_user reactionus0_ where reactionus0_.reaction_id=?
Hibernate: select reactionus0_.reaction_id as reaction2_14_0_, reactionus0_.reaction_user_id as reaction1_14_0_, reactionus0_.reaction_user_id as reaction1_14_1_, reactionus0_.reaction_id as reaction2_14_1_, reactionus0_.user_id as user_id3_14_1_ from reaction_user reactionus0_ where reactionus0_.reaction_id=?
Hibernate: select commentlis0_.board_id as board_id5_7_0_, commentlis0_.comment_id as comment_1_7_0_, commentlis0_.comment_id as comment_1_7_1_, commentlis0_.board_id as board_id5_7_1_, commentlis0_.comment_content as comment_2_7_1_, commentlis0_.comment_created_at as comment_3_7_1_, commentlis0_.comment_last_modified_at as comment_4_7_1_, commentlis0_.user_id as user_id6_7_1_ from comment commentlis0_ where commentlis0_.board_id=?
Hibernate: select boardlist0_.category_id as category7_4_0_, boardlist0_.board_id as board_id1_4_0_, boardlist0_.board_id as board_id1_4_1_, boardlist0_.category_id as category7_4_1_, boardlist0_.board_content as board_co2_4_1_, boardlist0_.board_created_at as board_cr3_4_1_, boardlist0_.board_last_modified_at as board_la4_4_1_, boardlist0_.board_title as board_ti5_4_1_, boardlist0_.user_id as user_id8_4_1_, boardlist0_.board_views as board_vi6_4_1_ from board boardlist0_ where boardlist0_.category_id=?
Hibernate: select count(comment0_.comment_id) as col_0_0_ from comment comment0_ where comment0_.board_id=?
Hibernate: select count(comment0_.comment_id) as col_0_0_ from comment comment0_ where comment0_.board_id=?
Hibernate: select count(comment0_.comment_id) as col_0_0_ from comment comment0_ where comment0_.board_id=?
Hibernate: select count(*) as col_0_0_ from board board0_
Hibernate: select imagepathl0_.board_board_id as board_bo1_11_0_, imagepathl0_.board_image_path_list as board_im2_11_0_ from image_path_list imagepathl0_ where imagepathl0_.board_board_id=?
Hibernate: select filepathli0_.board_board_id as board_bo1_8_0_, filepathli0_.board_file_path_list as board_fi2_8_0_ from file_path_list filepathli0_ where filepathli0_.board_board_id=?
Hibernate: select imagepathl0_.board_board_id as board_bo1_11_0_, imagepathl0_.board_image_path_list as board_im2_11_0_ from image_path_list imagepathl0_ where imagepathl0_.board_board_id=?
Hibernate: select filepathli0_.board_board_id as board_bo1_8_0_, filepathli0_.board_file_path_list as board_fi2_8_0_ from file_path_list filepathli0_ where filepathli0_.board_board_id=?
Hibernate: select imagepathl0_.board_board_id as board_bo1_11_0_, imagepathl0_.board_image_path_list as board_im2_11_0_ from image_path_list imagepathl0_ where imagepathl0_.board_board_id=?
Hibernate: select filepathli0_.board_board_id as board_bo1_8_0_, filepathli0_.board_file_path_list as board_fi2_8_0_ from file_path_list filepathli0_ where filepathli0_.board_board_id=?
Hibernate: select U.* from USER U join BOARD B where U.USER_ID = B.USER_ID and B.BOARD_ID = ?
Hibernate: select character0_.character_id as characte1_6_0_, character0_.character_character_name as characte2_6_0_ from characters character0_ where character0_.character_id=?
Hibernate: select count(*) as col_0_0_ from user user0_ where user0_.user_id=?
Hibernate: select character1_.character_id as characte1_6_, character1_.character_character_name as characte2_6_ from user user0_ inner join characters character1_ on user0_.character_id=character1_.character_id where user0_.user_id=?
Hibernate: select permission0_.character_id as characte6_12_0_, permission0_.permission_id as permissi1_12_0_, permission0_.permission_id as permissi1_12_1_, permission0_.character_id as characte6_12_1_, permission0_.permission_name as permissi2_12_1_, permission0_.permission_permission_unit_id as permissi3_12_1_, permission0_.permission_service as permissi4_12_1_, permission0_.permission_status as permissi5_12_1_ from permission permission0_ where permission0_.character_id=?
Hibernate: select count(*) as col_0_0_ from board board0_ where board0_.board_id=?
Hibernate: select board0_.board_id as board_id1_4_0_, board0_.category_id as category7_4_0_, board0_.board_content as board_co2_4_0_, board0_.board_created_at as board_cr3_4_0_, board0_.board_last_modified_at as board_la4_4_0_, board0_.board_title as board_ti5_4_0_, board0_.user_id as user_id8_4_0_, board0_.board_views as board_vi6_4_0_ from board board0_ where board0_.board_id=?
Hibernate: select category0_.category_id as category1_5_0_, category0_.category_name as category2_5_0_ from category category0_ where category0_.category_id=?
Hibernate: select reactionli0_.board_id as board_id3_13_0_, reactionli0_.reaction_id as reaction1_13_0_, reactionli0_.reaction_id as reaction1_13_1_, reactionli0_.board_id as board_id3_13_1_, reactionli0_.reaction_type as reaction2_13_1_ from reaction reactionli0_ where reactionli0_.board_id=?
Hibernate: select reactionus0_.reaction_id as reaction2_14_0_, reactionus0_.reaction_user_id as reaction1_14_0_, reactionus0_.reaction_user_id as reaction1_14_1_, reactionus0_.reaction_id as reaction2_14_1_, reactionus0_.user_id as user_id3_14_1_ from reaction_user reactionus0_ where reactionus0_.reaction_id=?
Hibernate: select reactionus0_.reaction_id as reaction2_14_0_, reactionus0_.reaction_user_id as reaction1_14_0_, reactionus0_.reaction_user_id as reaction1_14_1_, reactionus0_.reaction_id as reaction2_14_1_, reactionus0_.user_id as user_id3_14_1_ from reaction_user reactionus0_ where reactionus0_.reaction_id=?
Hibernate: select reactionus0_.reaction_id as reaction2_14_0_, reactionus0_.reaction_user_id as reaction1_14_0_, reactionus0_.reaction_user_id as reaction1_14_1_, reactionus0_.reaction_id as reaction2_14_1_, reactionus0_.user_id as user_id3_14_1_ from reaction_user reactionus0_ where reactionus0_.reaction_id=?
Hibernate: select reactionus0_.reaction_id as reaction2_14_0_, reactionus0_.reaction_user_id as reaction1_14_0_, reactionus0_.reaction_user_id as reaction1_14_1_, reactionus0_.reaction_id as reaction2_14_1_, reactionus0_.user_id as user_id3_14_1_ from reaction_user reactionus0_ where reactionus0_.reaction_id=?
Hibernate: select reactionus0_.reaction_id as reaction2_14_0_, reactionus0_.reaction_user_id as reaction1_14_0_, reactionus0_.reaction_user_id as reaction1_14_1_, reactionus0_.reaction_id as reaction2_14_1_, reactionus0_.user_id as user_id3_14_1_ from reaction_user reactionus0_ where reactionus0_.reaction_id=?
Hibernate: select reactionus0_.reaction_id as reaction2_14_0_, reactionus0_.reaction_user_id as reaction1_14_0_, reactionus0_.reaction_user_id as reaction1_14_1_, reactionus0_.reaction_id as reaction2_14_1_, reactionus0_.user_id as user_id3_14_1_ from reaction_user reactionus0_ where reactionus0_.reaction_id=?
Hibernate: select commentlis0_.board_id as board_id5_7_0_, commentlis0_.comment_id as comment_1_7_0_, commentlis0_.comment_id as comment_1_7_1_, commentlis0_.board_id as board_id5_7_1_, commentlis0_.comment_content as comment_2_7_1_, commentlis0_.comment_created_at as comment_3_7_1_, commentlis0_.comment_last_modified_at as comment_4_7_1_, commentlis0_.user_id as user_id6_7_1_ from comment commentlis0_ where commentlis0_.board_id=?
Hibernate: select boardlist0_.category_id as category7_4_0_, boardlist0_.board_id as board_id1_4_0_, boardlist0_.board_id as board_id1_4_1_, boardlist0_.category_id as category7_4_1_, boardlist0_.board_content as board_co2_4_1_, boardlist0_.board_created_at as board_cr3_4_1_, boardlist0_.board_last_modified_at as board_la4_4_1_, boardlist0_.board_title as board_ti5_4_1_, boardlist0_.user_id as user_id8_4_1_, boardlist0_.board_views as board_vi6_4_1_ from board boardlist0_ where boardlist0_.category_id=?
Hibernate: select count(comment0_.comment_id) as col_0_0_ from comment comment0_ where comment0_.board_id=?
Hibernate: update board set category_id=?, board_content=?, board_created_at=?, board_last_modified_at=?, board_title=?, user_id=?, board_views=? where board_id=?
Hibernate: select filepathli0_.board_board_id as board_bo1_8_0_, filepathli0_.board_file_path_list as board_fi2_8_0_ from file_path_list filepathli0_ where filepathli0_.board_board_id=?
Hibernate: select imagepathl0_.board_board_id as board_bo1_11_0_, imagepathl0_.board_image_path_list as board_im2_11_0_ from image_path_list imagepathl0_ where imagepathl0_.board_board_id=?
Hibernate: select count(*) as col_0_0_ from board board0_ where board0_.board_id=?
Hibernate: delete from reaction where reaction_id=?
Hibernate: delete from reaction where reaction_id=?
Hibernate: delete from reaction where reaction_id=?
Hibernate: delete from reaction where reaction_id=?
Hibernate: delete from reaction where reaction_id=?
Hibernate: delete from reaction where reaction_id=?
Hibernate: delete from board where board_id=?
Hibernate: select user0_.user_id as user_id1_21_0_, user0_.character_id as characte7_21_0_, user0_.user_created_at as user_cre2_21_0_, user0_.user_name as user_nam3_21_0_, user0_.user_phone_number as user_pho4_21_0_, user0_.user_user_id as user_use5_21_0_, user0_.user_user_password as user_use6_21_0_ from user user0_ where user0_.user_id=?
Hibernate: select character0_.character_id as characte1_6_0_, character0_.character_character_name as characte2_6_0_ from characters character0_ where character0_.character_id=?
Hibernate: select count(*) as col_0_0_ from user user0_ where user0_.user_id=?
Hibernate: select character1_.character_id as characte1_6_, character1_.character_character_name as characte2_6_ from user user0_ inner join characters character1_ on user0_.character_id=character1_.character_id where user0_.user_id=?
Hibernate: select permission0_.character_id as characte6_12_0_, permission0_.permission_id as permissi1_12_0_, permission0_.permission_id as permissi1_12_1_, permission0_.character_id as characte6_12_1_, permission0_.permission_name as permissi2_12_1_, permission0_.permission_permission_unit_id as permissi3_12_1_, permission0_.permission_service as permissi4_12_1_, permission0_.permission_status as permissi5_12_1_ from permission permission0_ where permission0_.character_id=?
Hibernate: select count(*) as col_0_0_ from board board0_ where board0_.board_id=?
Hibernate: select U.* from USER U join BOARD B where U.USER_ID = B.USER_ID and B.BOARD_ID = ?
Hibernate: select character0_.character_id as characte1_6_0_, character0_.character_character_name as characte2_6_0_ from characters character0_ where character0_.character_id=?
Hibernate: select count(*) as col_0_0_ from user user0_ where user0_.user_id=?
Hibernate: select character1_.character_id as characte1_6_, character1_.character_character_name as characte2_6_ from user user0_ inner join characters character1_ on user0_.character_id=character1_.character_id where user0_.user_id=?
Hibernate: select permission0_.character_id as characte6_12_0_, permission0_.permission_id as permissi1_12_0_, permission0_.permission_id as permissi1_12_1_, permission0_.character_id as characte6_12_1_, permission0_.permission_name as permissi2_12_1_, permission0_.permission_permission_unit_id as permissi3_12_1_, permission0_.permission_service as permissi4_12_1_, permission0_.permission_status as permissi5_12_1_ from permission permission0_ where permission0_.character_id=?
Hibernate: select count(*) as col_0_0_ from board board0_ where board0_.board_id=?
Hibernate: select board0_.board_id as board_id1_4_0_, board0_.category_id as category7_4_0_, board0_.board_content as board_co2_4_0_, board0_.board_created_at as board_cr3_4_0_, board0_.board_last_modified_at as board_la4_4_0_, board0_.board_title as board_ti5_4_0_, board0_.user_id as user_id8_4_0_, board0_.board_views as board_vi6_4_0_ from board board0_ where board0_.board_id=?
Hibernate: select category0_.category_id as category1_5_0_, category0_.category_name as category2_5_0_ from category category0_ where category0_.category_id=?
Hibernate: select reactionli0_.board_id as board_id3_13_0_, reactionli0_.reaction_id as reaction1_13_0_, reactionli0_.reaction_id as reaction1_13_1_, reactionli0_.board_id as board_id3_13_1_, reactionli0_.reaction_type as reaction2_13_1_ from reaction reactionli0_ where reactionli0_.board_id=?
Hibernate: select reactionus0_.reaction_id as reaction2_14_0_, reactionus0_.reaction_user_id as reaction1_14_0_, reactionus0_.reaction_user_id as reaction1_14_1_, reactionus0_.reaction_id as reaction2_14_1_, reactionus0_.user_id as user_id3_14_1_ from reaction_user reactionus0_ where reactionus0_.reaction_id=?
Hibernate: select reactionus0_.reaction_id as reaction2_14_0_, reactionus0_.reaction_user_id as reaction1_14_0_, reactionus0_.reaction_user_id as reaction1_14_1_, reactionus0_.reaction_id as reaction2_14_1_, reactionus0_.user_id as user_id3_14_1_ from reaction_user reactionus0_ where reactionus0_.reaction_id=?
Hibernate: select reactionus0_.reaction_id as reaction2_14_0_, reactionus0_.reaction_user_id as reaction1_14_0_, reactionus0_.reaction_user_id as reaction1_14_1_, reactionus0_.reaction_id as reaction2_14_1_, reactionus0_.user_id as user_id3_14_1_ from reaction_user reactionus0_ where reactionus0_.reaction_id=?
Hibernate: select reactionus0_.reaction_id as reaction2_14_0_, reactionus0_.reaction_user_id as reaction1_14_0_, reactionus0_.reaction_user_id as reaction1_14_1_, reactionus0_.reaction_id as reaction2_14_1_, reactionus0_.user_id as user_id3_14_1_ from reaction_user reactionus0_ where reactionus0_.reaction_id=?
Hibernate: select reactionus0_.reaction_id as reaction2_14_0_, reactionus0_.reaction_user_id as reaction1_14_0_, reactionus0_.reaction_user_id as reaction1_14_1_, reactionus0_.reaction_id as reaction2_14_1_, reactionus0_.user_id as user_id3_14_1_ from reaction_user reactionus0_ where reactionus0_.reaction_id=?
Hibernate: select reactionus0_.reaction_id as reaction2_14_0_, reactionus0_.reaction_user_id as reaction1_14_0_, reactionus0_.reaction_user_id as reaction1_14_1_, reactionus0_.reaction_id as reaction2_14_1_, reactionus0_.user_id as user_id3_14_1_ from reaction_user reactionus0_ where reactionus0_.reaction_id=?
Hibernate: select commentlis0_.board_id as board_id5_7_0_, commentlis0_.comment_id as comment_1_7_0_, commentlis0_.comment_id as comment_1_7_1_, commentlis0_.board_id as board_id5_7_1_, commentlis0_.comment_content as comment_2_7_1_, commentlis0_.comment_created_at as comment_3_7_1_, commentlis0_.comment_last_modified_at as comment_4_7_1_, commentlis0_.user_id as user_id6_7_1_ from comment commentlis0_ where commentlis0_.board_id=?
Hibernate: select boardlist0_.category_id as category7_4_0_, boardlist0_.board_id as board_id1_4_0_, boardlist0_.board_id as board_id1_4_1_, boardlist0_.category_id as category7_4_1_, boardlist0_.board_content as board_co2_4_1_, boardlist0_.board_created_at as board_cr3_4_1_, boardlist0_.board_last_modified_at as board_la4_4_1_, boardlist0_.board_title as board_ti5_4_1_, boardlist0_.user_id as user_id8_4_1_, boardlist0_.board_views as board_vi6_4_1_ from board boardlist0_ where boardlist0_.category_id=?
Hibernate: select count(comment0_.comment_id) as col_0_0_ from comment comment0_ where comment0_.board_id=?
Hibernate: update board set category_id=?, board_content=?, board_created_at=?, board_last_modified_at=?, board_title=?, user_id=?, board_views=? where board_id=?
Hibernate: select filepathli0_.board_board_id as board_bo1_8_0_, filepathli0_.board_file_path_list as board_fi2_8_0_ from file_path_list filepathli0_ where filepathli0_.board_board_id=?
Hibernate: select imagepathl0_.board_board_id as board_bo1_11_0_, imagepathl0_.board_image_path_list as board_im2_11_0_ from image_path_list imagepathl0_ where imagepathl0_.board_board_id=?
Hibernate: select count(*) as col_0_0_ from board board0_ where board0_.board_id=?
Hibernate: delete from reaction where reaction_id=?
Hibernate: delete from reaction where reaction_id=?
Hibernate: delete from reaction where reaction_id=?
Hibernate: delete from reaction where reaction_id=?
Hibernate: delete from reaction where reaction_id=?
Hibernate: delete from reaction where reaction_id=?
Hibernate: delete from board where board_id=?
Hibernate: select user0_.user_id as user_id1_21_0_, user0_.character_id as characte7_21_0_, user0_.user_created_at as user_cre2_21_0_, user0_.user_name as user_nam3_21_0_, user0_.user_phone_number as user_pho4_21_0_, user0_.user_user_id as user_use5_21_0_, user0_.user_user_password as user_use6_21_0_ from user user0_ where user0_.user_id=?
Hibernate: select character0_.character_id as characte1_6_0_, character0_.character_character_name as characte2_6_0_ from characters character0_ where character0_.character_id=?
Hibernate: select count(*) as col_0_0_ from user user0_ where user0_.user_id=?
Hibernate: select character1_.character_id as characte1_6_, character1_.character_character_name as characte2_6_ from user user0_ inner join characters character1_ on user0_.character_id=character1_.character_id where user0_.user_id=?
Hibernate: select permission0_.character_id as characte6_12_0_, permission0_.permission_id as permissi1_12_0_, permission0_.permission_id as permissi1_12_1_, permission0_.character_id as characte6_12_1_, permission0_.permission_name as permissi2_12_1_, permission0_.permission_permission_unit_id as permissi3_12_1_, permission0_.permission_service as permissi4_12_1_, permission0_.permission_status as permissi5_12_1_ from permission permission0_ where permission0_.character_id=?
Hibernate: select count(*) as col_0_0_ from board board0_ where board0_.board_id=?
Hibernate: select U.* from USER U join BOARD B where U.USER_ID = B.USER_ID and B.BOARD_ID = ?
Hibernate: select character0_.character_id as characte1_6_0_, character0_.character_character_name as characte2_6_0_ from characters character0_ where character0_.character_id=?
Hibernate: select count(*) as col_0_0_ from user user0_ where user0_.user_id=?
Hibernate: select character1_.character_id as characte1_6_, character1_.character_character_name as characte2_6_ from user user0_ inner join characters character1_ on user0_.character_id=character1_.character_id where user0_.user_id=?
Hibernate: select permission0_.character_id as characte6_12_0_, permission0_.permission_id as permissi1_12_0_, permission0_.permission_id as permissi1_12_1_, permission0_.character_id as characte6_12_1_, permission0_.permission_name as permissi2_12_1_, permission0_.permission_permission_unit_id as permissi3_12_1_, permission0_.permission_service as permissi4_12_1_, permission0_.permission_status as permissi5_12_1_ from permission permission0_ where permission0_.character_id=?
Hibernate: select count(*) as col_0_0_ from board board0_ where board0_.board_id=?
Hibernate: select board0_.board_id as board_id1_4_0_, board0_.category_id as category7_4_0_, board0_.board_content as board_co2_4_0_, board0_.board_created_at as board_cr3_4_0_, board0_.board_last_modified_at as board_la4_4_0_, board0_.board_title as board_ti5_4_0_, board0_.user_id as user_id8_4_0_, board0_.board_views as board_vi6_4_0_ from board board0_ where board0_.board_id=?
Hibernate: select category0_.category_id as category1_5_0_, category0_.category_name as category2_5_0_ from category category0_ where category0_.category_id=?
Hibernate: select reactionli0_.board_id as board_id3_13_0_, reactionli0_.reaction_id as reaction1_13_0_, reactionli0_.reaction_id as reaction1_13_1_, reactionli0_.board_id as board_id3_13_1_, reactionli0_.reaction_type as reaction2_13_1_ from reaction reactionli0_ where reactionli0_.board_id=?
Hibernate: select reactionus0_.reaction_id as reaction2_14_0_, reactionus0_.reaction_user_id as reaction1_14_0_, reactionus0_.reaction_user_id as reaction1_14_1_, reactionus0_.reaction_id as reaction2_14_1_, reactionus0_.user_id as user_id3_14_1_ from reaction_user reactionus0_ where reactionus0_.reaction_id=?
Hibernate: select reactionus0_.reaction_id as reaction2_14_0_, reactionus0_.reaction_user_id as reaction1_14_0_, reactionus0_.reaction_user_id as reaction1_14_1_, reactionus0_.reaction_id as reaction2_14_1_, reactionus0_.user_id as user_id3_14_1_ from reaction_user reactionus0_ where reactionus0_.reaction_id=?
Hibernate: select reactionus0_.reaction_id as reaction2_14_0_, reactionus0_.reaction_user_id as reaction1_14_0_, reactionus0_.reaction_user_id as reaction1_14_1_, reactionus0_.reaction_id as reaction2_14_1_, reactionus0_.user_id as user_id3_14_1_ from reaction_user reactionus0_ where reactionus0_.reaction_id=?
Hibernate: select reactionus0_.reaction_id as reaction2_14_0_, reactionus0_.reaction_user_id as reaction1_14_0_, reactionus0_.reaction_user_id as reaction1_14_1_, reactionus0_.reaction_id as reaction2_14_1_, reactionus0_.user_id as user_id3_14_1_ from reaction_user reactionus0_ where reactionus0_.reaction_id=?
Hibernate: select reactionus0_.reaction_id as reaction2_14_0_, reactionus0_.reaction_user_id as reaction1_14_0_, reactionus0_.reaction_user_id as reaction1_14_1_, reactionus0_.reaction_id as reaction2_14_1_, reactionus0_.user_id as user_id3_14_1_ from reaction_user reactionus0_ where reactionus0_.reaction_id=?
Hibernate: select reactionus0_.reaction_id as reaction2_14_0_, reactionus0_.reaction_user_id as reaction1_14_0_, reactionus0_.reaction_user_id as reaction1_14_1_, reactionus0_.reaction_id as reaction2_14_1_, reactionus0_.user_id as user_id3_14_1_ from reaction_user reactionus0_ where reactionus0_.reaction_id=?
Hibernate: select commentlis0_.board_id as board_id5_7_0_, commentlis0_.comment_id as comment_1_7_0_, commentlis0_.comment_id as comment_1_7_1_, commentlis0_.board_id as board_id5_7_1_, commentlis0_.comment_content as comment_2_7_1_, commentlis0_.comment_created_at as comment_3_7_1_, commentlis0_.comment_last_modified_at as comment_4_7_1_, commentlis0_.user_id as user_id6_7_1_ from comment commentlis0_ where commentlis0_.board_id=?
Hibernate: select boardlist0_.category_id as category7_4_0_, boardlist0_.board_id as board_id1_4_0_, boardlist0_.board_id as board_id1_4_1_, boardlist0_.category_id as category7_4_1_, boardlist0_.board_content as board_co2_4_1_, boardlist0_.board_created_at as board_cr3_4_1_, boardlist0_.board_last_modified_at as board_la4_4_1_, boardlist0_.board_title as board_ti5_4_1_, boardlist0_.user_id as user_id8_4_1_, boardlist0_.board_views as board_vi6_4_1_ from board boardlist0_ where boardlist0_.category_id=?
Hibernate: select count(comment0_.comment_id) as col_0_0_ from comment comment0_ where comment0_.board_id=?
Hibernate: update board set category_id=?, board_content=?, board_created_at=?, board_last_modified_at=?, board_title=?, user_id=?, board_views=? where board_id=?
Hibernate: select filepathli0_.board_board_id as board_bo1_8_0_, filepathli0_.board_file_path_list as board_fi2_8_0_ from file_path_list filepathli0_ where filepathli0_.board_board_id=?
Hibernate: select imagepathl0_.board_board_id as board_bo1_11_0_, imagepathl0_.board_image_path_list as board_im2_11_0_ from image_path_list imagepathl0_ where imagepathl0_.board_board_id=?
Hibernate: select count(*) as col_0_0_ from board board0_ where board0_.board_id=?
Hibernate: delete from reaction where reaction_id=?
Hibernate: delete from reaction where reaction_id=?
Hibernate: delete from reaction where reaction_id=?
Hibernate: delete from reaction where reaction_id=?
Hibernate: delete from reaction where reaction_id=?
Hibernate: delete from reaction where reaction_id=?
Hibernate: delete from board where board_id=?
Hibernate: select user0_.user_id as user_id1_21_0_, user0_.character_id as characte7_21_0_, user0_.user_created_at as user_cre2_21_0_, user0_.user_name as user_nam3_21_0_, user0_.user_phone_number as user_pho4_21_0_, user0_.user_user_id as user_use5_21_0_, user0_.user_user_password as user_use6_21_0_ from user user0_ where user0_.user_id=?
Hibernate: select character0_.character_id as characte1_6_0_, character0_.character_character_name as characte2_6_0_ from characters character0_ where character0_.character_id=?
Hibernate: select count(*) as col_0_0_ from user user0_ where user0_.user_id=?
Hibernate: select character1_.character_id as characte1_6_, character1_.character_character_name as characte2_6_ from user user0_ inner join characters character1_ on user0_.character_id=character1_.character_id where user0_.user_id=?
Hibernate: select permission0_.character_id as characte6_12_0_, permission0_.permission_id as permissi1_12_0_, permission0_.permission_id as permissi1_12_1_, permission0_.character_id as characte6_12_1_, permission0_.permission_name as permissi2_12_1_, permission0_.permission_permission_unit_id as permissi3_12_1_, permission0_.permission_service as permissi4_12_1_, permission0_.permission_status as permissi5_12_1_ from permission permission0_ where permission0_.character_id=?
Hibernate: select count(*) as col_0_0_ from board board0_ where board0_.board_id=?
Hibernate: select user0_.user_id as col_0_0_ from user user0_ where user0_.user_user_id=? limit ?
Hibernate: select user0_.user_id as col_0_0_ from user user0_ where user0_.user_user_id=? limit ?
Hibernate: select U.* from USER U where U.USER_USER_ID =?
Hibernate: select character0_.character_id as characte1_6_0_, character0_.character_character_name as characte2_6_0_ from characters character0_ where character0_.character_id=?
Hibernate: select user0_.user_id as user_id1_21_0_, user0_.character_id as characte7_21_0_, user0_.user_created_at as user_cre2_21_0_, user0_.user_name as user_nam3_21_0_, user0_.user_phone_number as user_pho4_21_0_, user0_.user_user_id as user_use5_21_0_, user0_.user_user_password as user_use6_21_0_ from user user0_ where user0_.user_id=?
Hibernate: select character0_.character_id as characte1_6_0_, character0_.character_character_name as characte2_6_0_ from characters character0_ where character0_.character_id=?
Hibernate: select category0_.category_id as category1_5_, category0_.category_name as category2_5_ from category category0_
Hibernate: select boardlist0_.category_id as category7_4_0_, boardlist0_.board_id as board_id1_4_0_, boardlist0_.board_id as board_id1_4_1_, boardlist0_.category_id as category7_4_1_, boardlist0_.board_content as board_co2_4_1_, boardlist0_.board_created_at as board_cr3_4_1_, boardlist0_.board_last_modified_at as board_la4_4_1_, boardlist0_.board_title as board_ti5_4_1_, boardlist0_.user_id as user_id8_4_1_, boardlist0_.board_views as board_vi6_4_1_ from board boardlist0_ where boardlist0_.category_id=?
Hibernate: select boardlist0_.category_id as category7_4_0_, boardlist0_.board_id as board_id1_4_0_, boardlist0_.board_id as board_id1_4_1_, boardlist0_.category_id as category7_4_1_, boardlist0_.board_content as board_co2_4_1_, boardlist0_.board_created_at as board_cr3_4_1_, boardlist0_.board_last_modified_at as board_la4_4_1_, boardlist0_.board_title as board_ti5_4_1_, boardlist0_.user_id as user_id8_4_1_, boardlist0_.board_views as board_vi6_4_1_ from board boardlist0_ where boardlist0_.category_id=?
Hibernate: select user0_.user_id as user_id1_21_0_, user0_.character_id as characte7_21_0_, user0_.user_created_at as user_cre2_21_0_, user0_.user_name as user_nam3_21_0_, user0_.user_phone_number as user_pho4_21_0_, user0_.user_user_id as user_use5_21_0_, user0_.user_user_password as user_use6_21_0_ from user user0_ where user0_.user_id=?
Hibernate: select character0_.character_id as characte1_6_0_, character0_.character_character_name as characte2_6_0_ from characters character0_ where character0_.character_id=?
Hibernate: select count(*) as col_0_0_ from user user0_ where user0_.user_id=?
Hibernate: select character1_.character_id as characte1_6_, character1_.character_character_name as characte2_6_ from user user0_ inner join characters character1_ on user0_.character_id=character1_.character_id where user0_.user_id=?
Hibernate: select permission0_.character_id as characte6_12_0_, permission0_.permission_id as permissi1_12_0_, permission0_.permission_id as permissi1_12_1_, permission0_.character_id as characte6_12_1_, permission0_.permission_name as permissi2_12_1_, permission0_.permission_permission_unit_id as permissi3_12_1_, permission0_.permission_service as permissi4_12_1_, permission0_.permission_status as permissi5_12_1_ from permission permission0_ where permission0_.character_id=?
Hibernate: select count(*) as col_0_0_ from category category0_ where category0_.category_id=?
Hibernate: select count(board0_.board_id) as col_0_0_ from board board0_ where board0_.category_id=?
Hibernate: select category0_.category_id as category1_5_0_, category0_.category_name as category2_5_0_ from category category0_ where category0_.category_id=?
Hibernate: select boardlist0_.category_id as category7_4_0_, boardlist0_.board_id as board_id1_4_0_, boardlist0_.board_id as board_id1_4_1_, boardlist0_.category_id as category7_4_1_, boardlist0_.board_content as board_co2_4_1_, boardlist0_.board_created_at as board_cr3_4_1_, boardlist0_.board_last_modified_at as board_la4_4_1_, boardlist0_.board_title as board_ti5_4_1_, boardlist0_.user_id as user_id8_4_1_, boardlist0_.board_views as board_vi6_4_1_ from board boardlist0_ where boardlist0_.category_id=?
Hibernate: delete from category where category_id=?
Hibernate: select user0_.user_id as user_id1_21_0_, user0_.character_id as characte7_21_0_, user0_.user_created_at as user_cre2_21_0_, user0_.user_name as user_nam3_21_0_, user0_.user_phone_number as user_pho4_21_0_, user0_.user_user_id as user_use5_21_0_, user0_.user_user_password as user_use6_21_0_ from user user0_ where user0_.user_id=?
Hibernate: select character0_.character_id as characte1_6_0_, character0_.character_character_name as characte2_6_0_ from characters character0_ where character0_.character_id=?
Hibernate: select count(*) as col_0_0_ from user user0_ where user0_.user_id=?
Hibernate: select character1_.character_id as characte1_6_, character1_.character_character_name as characte2_6_ from user user0_ inner join characters character1_ on user0_.character_id=character1_.character_id where user0_.user_id=?
Hibernate: select permission0_.character_id as characte6_12_0_, permission0_.permission_id as permissi1_12_0_, permission0_.permission_id as permissi1_12_1_, permission0_.character_id as characte6_12_1_, permission0_.permission_name as permissi2_12_1_, permission0_.permission_permission_unit_id as permissi3_12_1_, permission0_.permission_service as permissi4_12_1_, permission0_.permission_status as permissi5_12_1_ from permission permission0_ where permission0_.character_id=?
Hibernate: select count(*) as col_0_0_ from category category0_ where category0_.category_id=?
Hibernate: select count(board0_.board_id) as col_0_0_ from board board0_ where board0_.category_id=?
Hibernate: select category0_.category_id as category1_5_0_, category0_.category_name as category2_5_0_ from category category0_ where category0_.category_id=?
Hibernate: select boardlist0_.category_id as category7_4_0_, boardlist0_.board_id as board_id1_4_0_, boardlist0_.board_id as board_id1_4_1_, boardlist0_.category_id as category7_4_1_, boardlist0_.board_content as board_co2_4_1_, boardlist0_.board_created_at as board_cr3_4_1_, boardlist0_.board_last_modified_at as board_la4_4_1_, boardlist0_.board_title as board_ti5_4_1_, boardlist0_.user_id as user_id8_4_1_, boardlist0_.board_views as board_vi6_4_1_ from board boardlist0_ where boardlist0_.category_id=?
Hibernate: delete from category where category_id=?
Hibernate: select user0_.user_id as user_id1_21_0_, user0_.character_id as characte7_21_0_, user0_.user_created_at as user_cre2_21_0_, user0_.user_name as user_nam3_21_0_, user0_.user_phone_number as user_pho4_21_0_, user0_.user_user_id as user_use5_21_0_, user0_.user_user_password as user_use6_21_0_ from user user0_ where user0_.user_id=?
Hibernate: select character0_.character_id as characte1_6_0_, character0_.character_character_name as characte2_6_0_ from characters character0_ where character0_.character_id=?
Hibernate: select count(*) as col_0_0_ from user user0_ where user0_.user_id=?
Hibernate: select character1_.character_id as characte1_6_, character1_.character_character_name as characte2_6_ from user user0_ inner join characters character1_ on user0_.character_id=character1_.character_id where user0_.user_id=?
Hibernate: select permission0_.character_id as characte6_12_0_, permission0_.permission_id as permissi1_12_0_, permission0_.permission_id as permissi1_12_1_, permission0_.character_id as characte6_12_1_, permission0_.permission_name as permissi2_12_1_, permission0_.permission_permission_unit_id as permissi3_12_1_, permission0_.permission_service as permissi4_12_1_, permission0_.permission_status as permissi5_12_1_ from permission permission0_ where permission0_.character_id=?
Hibernate: select category0_.category_id as col_0_0_ from category category0_ where category0_.category_name=? limit ?
Hibernate: select category0_.category_id as category1_5_1_, category0_.category_name as category2_5_1_, boardlist1_.category_id as category7_4_3_, boardlist1_.board_id as board_id1_4_3_, boardlist1_.board_id as board_id1_4_0_, boardlist1_.category_id as category7_4_0_, boardlist1_.board_content as board_co2_4_0_, boardlist1_.board_created_at as board_cr3_4_0_, boardlist1_.board_last_modified_at as board_la4_4_0_, boardlist1_.board_title as board_ti5_4_0_, boardlist1_.user_id as user_id8_4_0_, boardlist1_.board_views as board_vi6_4_0_ from category category0_ left outer join board boardlist1_ on category0_.category_id=boardlist1_.category_id where category0_.category_id=?
Hibernate: insert into category (category_id, category_name) values (default, ?)
Hibernate: select user0_.user_id as user_id1_21_0_, user0_.character_id as characte7_21_0_, user0_.user_created_at as user_cre2_21_0_, user0_.user_name as user_nam3_21_0_, user0_.user_phone_number as user_pho4_21_0_, user0_.user_user_id as user_use5_21_0_, user0_.user_user_password as user_use6_21_0_ from user user0_ where user0_.user_id=?
Hibernate: select character0_.character_id as characte1_6_0_, character0_.character_character_name as characte2_6_0_ from characters character0_ where character0_.character_id=?
Hibernate: select count(*) as col_0_0_ from user user0_ where user0_.user_id=?
Hibernate: select character1_.character_id as characte1_6_, character1_.character_character_name as characte2_6_ from user user0_ inner join characters character1_ on user0_.character_id=character1_.character_id where user0_.user_id=?
Hibernate: select permission0_.character_id as characte6_12_0_, permission0_.permission_id as permissi1_12_0_, permission0_.permission_id as permissi1_12_1_, permission0_.character_id as characte6_12_1_, permission0_.permission_name as permissi2_12_1_, permission0_.permission_permission_unit_id as permissi3_12_1_, permission0_.permission_service as permissi4_12_1_, permission0_.permission_status as permissi5_12_1_ from permission permission0_ where permission0_.character_id=?
Hibernate: select category0_.category_id as col_0_0_ from category category0_ where category0_.category_name=? limit ?
Hibernate: select category0_.category_id as category1_5_1_, category0_.category_name as category2_5_1_, boardlist1_.category_id as category7_4_3_, boardlist1_.board_id as board_id1_4_3_, boardlist1_.board_id as board_id1_4_0_, boardlist1_.category_id as category7_4_0_, boardlist1_.board_content as board_co2_4_0_, boardlist1_.board_created_at as board_cr3_4_0_, boardlist1_.board_last_modified_at as board_la4_4_0_, boardlist1_.board_title as board_ti5_4_0_, boardlist1_.user_id as user_id8_4_0_, boardlist1_.board_views as board_vi6_4_0_ from category category0_ left outer join board boardlist1_ on category0_.category_id=boardlist1_.category_id where category0_.category_id=?
Hibernate: insert into category (category_id, category_name) values (default, ?)
Hibernate: select user0_.user_id as col_0_0_ from user user0_ where user0_.user_user_id=? limit ?
Hibernate: select user0_.user_id as col_0_0_ from user user0_ where user0_.user_user_id=? limit ?
Hibernate: select U.* from USER U where U.USER_USER_ID =?
Hibernate: select character0_.character_id as characte1_6_0_, character0_.character_character_name as characte2_6_0_ from characters character0_ where character0_.character_id=?
Hibernate: select user0_.user_id as col_0_0_ from user user0_ where user0_.user_user_id=? limit ?
Hibernate: select user0_.user_id as user_id1_21_, user0_.character_id as characte7_21_, user0_.user_created_at as user_cre2_21_, user0_.user_name as user_nam3_21_, user0_.user_phone_number as user_pho4_21_, user0_.user_user_id as user_use5_21_, user0_.user_user_password as user_use6_21_ from user user0_ inner join characters character1_ on user0_.character_id=character1_.character_id where user0_.user_user_id=?
Hibernate: select character0_.character_id as characte1_6_0_, character0_.character_character_name as characte2_6_0_ from characters character0_ where character0_.character_id=?
Hibernate: select rewardtagw0_.user_id as user_id4_16_0_, rewardtagw0_.reward_tag_wrapper_reward_id as reward_t1_16_0_, rewardtagw0_.reward_tag_wrapper_reward_id as reward_t1_16_1_, rewardtagw0_.reward_tag_wrapper_reward_presented_at as reward_t2_16_1_, rewardtagw0_.reward_tag_reward_tag_id as reward_t3_16_1_, rewardtagw0_.user_id as user_id4_16_1_ from reward_tag_wrapper rewardtagw0_ where rewardtagw0_.user_id=?
Hibernate: select user0_.user_id as user_id1_21_0_, user0_.character_id as characte7_21_0_, user0_.user_created_at as user_cre2_21_0_, user0_.user_name as user_nam3_21_0_, user0_.user_phone_number as user_pho4_21_0_, user0_.user_user_id as user_use5_21_0_, user0_.user_user_password as user_use6_21_0_ from user user0_ where user0_.user_id=?
Hibernate: select character0_.character_id as characte1_6_0_, character0_.character_character_name as characte2_6_0_ from characters character0_ where character0_.character_id=?
Hibernate: select count(*) as col_0_0_ from user user0_ where user0_.user_id=?
Hibernate: select character1_.character_id as characte1_6_, character1_.character_character_name as characte2_6_ from user user0_ inner join characters character1_ on user0_.character_id=character1_.character_id where user0_.user_id=?
Hibernate: select permission0_.character_id as characte6_12_0_, permission0_.permission_id as permissi1_12_0_, permission0_.permission_id as permissi1_12_1_, permission0_.character_id as characte6_12_1_, permission0_.permission_name as permissi2_12_1_, permission0_.permission_permission_unit_id as permissi3_12_1_, permission0_.permission_service as permissi4_12_1_, permission0_.permission_status as permissi5_12_1_ from permission permission0_ where permission0_.character_id=?
Hibernate: select count(*) as col_0_0_ from user user0_ where user0_.user_id=?
Hibernate: select user0_.user_id as user_id1_21_, user0_.character_id as characte7_21_, user0_.user_created_at as user_cre2_21_, user0_.user_name as user_nam3_21_, user0_.user_phone_number as user_pho4_21_, user0_.user_user_id as user_use5_21_, user0_.user_user_password as user_use6_21_ from user user0_ where user0_.user_id=?
Hibernate: select character0_.character_id as characte1_6_0_, character0_.character_character_name as characte2_6_0_ from characters character0_ where character0_.character_id=?
Hibernate: select rewardtagw0_.user_id as user_id4_16_0_, rewardtagw0_.reward_tag_wrapper_reward_id as reward_t1_16_0_, rewardtagw0_.reward_tag_wrapper_reward_id as reward_t1_16_1_, rewardtagw0_.reward_tag_wrapper_reward_presented_at as reward_t2_16_1_, rewardtagw0_.reward_tag_reward_tag_id as reward_t3_16_1_, rewardtagw0_.user_id as user_id4_16_1_ from reward_tag_wrapper rewardtagw0_ where rewardtagw0_.user_id=?
Hibernate: select attendance0_.attendance_user_attendance_user_id as col_0_0_ from attendance_user attendance0_ where attendance0_.user_id=? limit ?
Hibernate: DELETE FROM USER WHERE USER_ID = ?
Hibernate: select user0_.user_id as col_0_0_ from user user0_ where user0_.user_user_id=? limit ?
Hibernate: select user0_.user_id as col_0_0_ from user user0_ where user0_.user_user_id=? limit ?
Hibernate: select U.* from USER U where U.USER_USER_ID =?
Hibernate: select character0_.character_id as characte1_6_0_, character0_.character_character_name as characte2_6_0_ from characters character0_ where character0_.character_id=?
Hibernate: select user0_.user_id as user_id1_21_0_, user0_.character_id as characte7_21_0_, user0_.user_created_at as user_cre2_21_0_, user0_.user_name as user_nam3_21_0_, user0_.user_phone_number as user_pho4_21_0_, user0_.user_user_id as user_use5_21_0_, user0_.user_user_password as user_use6_21_0_ from user user0_ where user0_.user_id=?
Hibernate: select character0_.character_id as characte1_6_0_, character0_.character_character_name as characte2_6_0_ from characters character0_ where character0_.character_id=?
Hibernate: select count(*) as col_0_0_ from board board0_
Hibernate: select count(*) as col_0_0_ from board board0_
Hibernate: select user0_.user_id as col_0_0_ from user user0_ where user0_.user_user_id=? limit ?
Hibernate: select user0_.user_id as col_0_0_ from user user0_ where user0_.user_user_id=? limit ?
Hibernate: select U.* from USER U where U.USER_USER_ID =?
Hibernate: select character0_.character_id as characte1_6_0_, character0_.character_character_name as characte2_6_0_ from characters character0_ where character0_.character_id=?
Hibernate: select user0_.user_id as user_id1_21_0_, user0_.character_id as characte7_21_0_, user0_.user_created_at as user_cre2_21_0_, user0_.user_name as user_nam3_21_0_, user0_.user_phone_number as user_pho4_21_0_, user0_.user_user_id as user_use5_21_0_, user0_.user_user_password as user_use6_21_0_ from user user0_ where user0_.user_id=?
Hibernate: select character0_.character_id as characte1_6_0_, character0_.character_character_name as characte2_6_0_ from characters character0_ where character0_.character_id=?
Hibernate: select category0_.category_id as category1_5_, category0_.category_name as category2_5_ from category category0_
Hibernate: select boardlist0_.category_id as category7_4_0_, boardlist0_.board_id as board_id1_4_0_, boardlist0_.board_id as board_id1_4_1_, boardlist0_.category_id as category7_4_1_, boardlist0_.board_content as board_co2_4_1_, boardlist0_.board_created_at as board_cr3_4_1_, boardlist0_.board_last_modified_at as board_la4_4_1_, boardlist0_.board_title as board_ti5_4_1_, boardlist0_.user_id as user_id8_4_1_, boardlist0_.board_views as board_vi6_4_1_ from board boardlist0_ where boardlist0_.category_id=?
Hibernate: select boardlist0_.category_id as category7_4_0_, boardlist0_.board_id as board_id1_4_0_, boardlist0_.board_id as board_id1_4_1_, boardlist0_.category_id as category7_4_1_, boardlist0_.board_content as board_co2_4_1_, boardlist0_.board_created_at as board_cr3_4_1_, boardlist0_.board_last_modified_at as board_la4_4_1_, boardlist0_.board_title as board_ti5_4_1_, boardlist0_.user_id as user_id8_4_1_, boardlist0_.board_views as board_vi6_4_1_ from board boardlist0_ where boardlist0_.category_id=?
Hibernate: select user0_.user_id as user_id1_21_0_, user0_.character_id as characte7_21_0_, user0_.user_created_at as user_cre2_21_0_, user0_.user_name as user_nam3_21_0_, user0_.user_phone_number as user_pho4_21_0_, user0_.user_user_id as user_use5_21_0_, user0_.user_user_password as user_use6_21_0_ from user user0_ where user0_.user_id=?
Hibernate: select character0_.character_id as characte1_6_0_, character0_.character_character_name as characte2_6_0_ from characters character0_ where character0_.character_id=?
Hibernate: select count(*) as col_0_0_ from user user0_ where user0_.user_id=?
Hibernate: select character1_.character_id as characte1_6_, character1_.character_character_name as characte2_6_ from user user0_ inner join characters character1_ on user0_.character_id=character1_.character_id where user0_.user_id=?
Hibernate: select permission0_.character_id as characte6_12_0_, permission0_.permission_id as permissi1_12_0_, permission0_.permission_id as permissi1_12_1_, permission0_.character_id as characte6_12_1_, permission0_.permission_name as permissi2_12_1_, permission0_.permission_permission_unit_id as permissi3_12_1_, permission0_.permission_service as permissi4_12_1_, permission0_.permission_status as permissi5_12_1_ from permission permission0_ where permission0_.character_id=?
Hibernate: select count(*) as col_0_0_ from category category0_ where category0_.category_id=?
Hibernate: select count(board0_.board_id) as col_0_0_ from board board0_ where board0_.category_id=?
Hibernate: select category0_.category_id as category1_5_0_, category0_.category_name as category2_5_0_ from category category0_ where category0_.category_id=?
Hibernate: select boardlist0_.category_id as category7_4_0_, boardlist0_.board_id as board_id1_4_0_, boardlist0_.board_id as board_id1_4_1_, boardlist0_.category_id as category7_4_1_, boardlist0_.board_content as board_co2_4_1_, boardlist0_.board_created_at as board_cr3_4_1_, boardlist0_.board_last_modified_at as board_la4_4_1_, boardlist0_.board_title as board_ti5_4_1_, boardlist0_.user_id as user_id8_4_1_, boardlist0_.board_views as board_vi6_4_1_ from board boardlist0_ where boardlist0_.category_id=?
Hibernate: delete from category where category_id=?
Hibernate: select user0_.user_id as user_id1_21_0_, user0_.character_id as characte7_21_0_, user0_.user_created_at as user_cre2_21_0_, user0_.user_name as user_nam3_21_0_, user0_.user_phone_number as user_pho4_21_0_, user0_.user_user_id as user_use5_21_0_, user0_.user_user_password as user_use6_21_0_ from user user0_ where user0_.user_id=?
Hibernate: select character0_.character_id as characte1_6_0_, character0_.character_character_name as characte2_6_0_ from characters character0_ where character0_.character_id=?
Hibernate: select count(*) as col_0_0_ from user user0_ where user0_.user_id=?
Hibernate: select character1_.character_id as characte1_6_, character1_.character_character_name as characte2_6_ from user user0_ inner join characters character1_ on user0_.character_id=character1_.character_id where user0_.user_id=?
Hibernate: select permission0_.character_id as characte6_12_0_, permission0_.permission_id as permissi1_12_0_, permission0_.permission_id as permissi1_12_1_, permission0_.character_id as characte6_12_1_, permission0_.permission_name as permissi2_12_1_, permission0_.permission_permission_unit_id as permissi3_12_1_, permission0_.permission_service as permissi4_12_1_, permission0_.permission_status as permissi5_12_1_ from permission permission0_ where permission0_.character_id=?
Hibernate: select count(*) as col_0_0_ from category category0_ where category0_.category_id=?
Hibernate: select count(board0_.board_id) as col_0_0_ from board board0_ where board0_.category_id=?
Hibernate: select category0_.category_id as category1_5_0_, category0_.category_name as category2_5_0_ from category category0_ where category0_.category_id=?
Hibernate: select boardlist0_.category_id as category7_4_0_, boardlist0_.board_id as board_id1_4_0_, boardlist0_.board_id as board_id1_4_1_, boardlist0_.category_id as category7_4_1_, boardlist0_.board_content as board_co2_4_1_, boardlist0_.board_created_at as board_cr3_4_1_, boardlist0_.board_last_modified_at as board_la4_4_1_, boardlist0_.board_title as board_ti5_4_1_, boardlist0_.user_id as user_id8_4_1_, boardlist0_.board_views as board_vi6_4_1_ from board boardlist0_ where boardlist0_.category_id=?
Hibernate: delete from category where category_id=?
Hibernate: select user0_.user_id as user_id1_21_0_, user0_.character_id as characte7_21_0_, user0_.user_created_at as user_cre2_21_0_, user0_.user_name as user_nam3_21_0_, user0_.user_phone_number as user_pho4_21_0_, user0_.user_user_id as user_use5_21_0_, user0_.user_user_password as user_use6_21_0_ from user user0_ where user0_.user_id=?
Hibernate: select character0_.character_id as characte1_6_0_, character0_.character_character_name as characte2_6_0_ from characters character0_ where character0_.character_id=?
Hibernate: select count(*) as col_0_0_ from user user0_ where user0_.user_id=?
Hibernate: select character1_.character_id as characte1_6_, character1_.character_character_name as characte2_6_ from user user0_ inner join characters character1_ on user0_.character_id=character1_.character_id where user0_.user_id=?
Hibernate: select permission0_.character_id as characte6_12_0_, permission0_.permission_id as permissi1_12_0_, permission0_.permission_id as permissi1_12_1_, permission0_.character_id as characte6_12_1_, permission0_.permission_name as permissi2_12_1_, permission0_.permission_permission_unit_id as permissi3_12_1_, permission0_.permission_service as permissi4_12_1_, permission0_.permission_status as permissi5_12_1_ from permission permission0_ where permission0_.character_id=?
Hibernate: select category0_.category_id as col_0_0_ from category category0_ where category0_.category_name=? limit ?
Hibernate: select category0_.category_id as category1_5_1_, category0_.category_name as category2_5_1_, boardlist1_.category_id as category7_4_3_, boardlist1_.board_id as board_id1_4_3_, boardlist1_.board_id as board_id1_4_0_, boardlist1_.category_id as category7_4_0_, boardlist1_.board_content as board_co2_4_0_, boardlist1_.board_created_at as board_cr3_4_0_, boardlist1_.board_last_modified_at as board_la4_4_0_, boardlist1_.board_title as board_ti5_4_0_, boardlist1_.user_id as user_id8_4_0_, boardlist1_.board_views as board_vi6_4_0_ from category category0_ left outer join board boardlist1_ on category0_.category_id=boardlist1_.category_id where category0_.category_id=?
Hibernate: insert into category (category_id, category_name) values (default, ?)
Hibernate: select user0_.user_id as user_id1_21_0_, user0_.character_id as characte7_21_0_, user0_.user_created_at as user_cre2_21_0_, user0_.user_name as user_nam3_21_0_, user0_.user_phone_number as user_pho4_21_0_, user0_.user_user_id as user_use5_21_0_, user0_.user_user_password as user_use6_21_0_ from user user0_ where user0_.user_id=?
Hibernate: select character0_.character_id as characte1_6_0_, character0_.character_character_name as characte2_6_0_ from characters character0_ where character0_.character_id=?
Hibernate: select count(*) as col_0_0_ from user user0_ where user0_.user_id=?
Hibernate: select character1_.character_id as characte1_6_, character1_.character_character_name as characte2_6_ from user user0_ inner join characters character1_ on user0_.character_id=character1_.character_id where user0_.user_id=?
Hibernate: select permission0_.character_id as characte6_12_0_, permission0_.permission_id as permissi1_12_0_, permission0_.permission_id as permissi1_12_1_, permission0_.character_id as characte6_12_1_, permission0_.permission_name as permissi2_12_1_, permission0_.permission_permission_unit_id as permissi3_12_1_, permission0_.permission_service as permissi4_12_1_, permission0_.permission_status as permissi5_12_1_ from permission permission0_ where permission0_.character_id=?
Hibernate: select category0_.category_id as col_0_0_ from category category0_ where category0_.category_name=? limit ?
Hibernate: select category0_.category_id as category1_5_1_, category0_.category_name as category2_5_1_, boardlist1_.category_id as category7_4_3_, boardlist1_.board_id as board_id1_4_3_, boardlist1_.board_id as board_id1_4_0_, boardlist1_.category_id as category7_4_0_, boardlist1_.board_content as board_co2_4_0_, boardlist1_.board_created_at as board_cr3_4_0_, boardlist1_.board_last_modified_at as board_la4_4_0_, boardlist1_.board_title as board_ti5_4_0_, boardlist1_.user_id as user_id8_4_0_, boardlist1_.board_views as board_vi6_4_0_ from category category0_ left outer join board boardlist1_ on category0_.category_id=boardlist1_.category_id where category0_.category_id=?
Hibernate: insert into category (category_id, category_name) values (default, ?)
Hibernate: select user0_.user_id as col_0_0_ from user user0_ where user0_.user_user_id=? limit ?
Hibernate: select user0_.user_id as col_0_0_ from user user0_ where user0_.user_user_id=? limit ?
Hibernate: select U.* from USER U where U.USER_USER_ID =?
Hibernate: select character0_.character_id as characte1_6_0_, character0_.character_character_name as characte2_6_0_ from characters character0_ where character0_.character_id=?
Hibernate: select user0_.user_id as col_0_0_ from user user0_ where user0_.user_user_id=? limit ?
Hibernate: select user0_.user_id as col_0_0_ from user user0_ where user0_.user_user_id=? limit ?
Hibernate: select U.* from USER U where U.USER_USER_ID =?
Hibernate: select character0_.character_id as characte1_6_0_, character0_.character_character_name as characte2_6_0_ from characters character0_ where character0_.character_id=?
Hibernate: select user0_.user_id as col_0_0_ from user user0_ where user0_.user_user_id=? limit ?
Hibernate: select user0_.user_id as col_0_0_ from user user0_ where user0_.user_user_id=? limit ?
Hibernate: select U.* from USER U where U.USER_USER_ID =?
Hibernate: select character0_.character_id as characte1_6_0_, character0_.character_character_name as characte2_6_0_ from characters character0_ where character0_.character_id=?
Hibernate: select user0_.user_id as user_id1_21_0_, user0_.character_id as characte7_21_0_, user0_.user_created_at as user_cre2_21_0_, user0_.user_name as user_nam3_21_0_, user0_.user_phone_number as user_pho4_21_0_, user0_.user_user_id as user_use5_21_0_, user0_.user_user_password as user_use6_21_0_ from user user0_ where user0_.user_id=?
Hibernate: select character0_.character_id as characte1_6_0_, character0_.character_character_name as characte2_6_0_ from characters character0_ where character0_.character_id=?
Hibernate: select count(*) as col_0_0_ from user user0_ where user0_.user_id=?
Hibernate: select character1_.character_id as characte1_6_, character1_.character_character_name as characte2_6_ from user user0_ inner join characters character1_ on user0_.character_id=character1_.character_id where user0_.user_id=?
Hibernate: select permission0_.character_id as characte6_12_0_, permission0_.permission_id as permissi1_12_0_, permission0_.permission_id as permissi1_12_1_, permission0_.character_id as characte6_12_1_, permission0_.permission_name as permissi2_12_1_, permission0_.permission_permission_unit_id as permissi3_12_1_, permission0_.permission_service as permissi4_12_1_, permission0_.permission_status as permissi5_12_1_ from permission permission0_ where permission0_.character_id=?
Hibernate: select category0_.category_id as col_0_0_ from category category0_ where category0_.category_name=? limit ?
Hibernate: select category0_.category_id as category1_5_1_, category0_.category_name as category2_5_1_, boardlist1_.category_id as category7_4_3_, boardlist1_.board_id as board_id1_4_3_, boardlist1_.board_id as board_id1_4_0_, boardlist1_.category_id as category7_4_0_, boardlist1_.board_content as board_co2_4_0_, boardlist1_.board_created_at as board_cr3_4_0_, boardlist1_.board_last_modified_at as board_la4_4_0_, boardlist1_.board_title as board_ti5_4_0_, boardlist1_.user_id as user_id8_4_0_, boardlist1_.board_views as board_vi6_4_0_ from category category0_ left outer join board boardlist1_ on category0_.category_id=boardlist1_.category_id where category0_.category_id=?
Hibernate: insert into category (category_id, category_name) values (default, ?)
Hibernate: select user0_.user_id as user_id1_21_0_, user0_.character_id as characte7_21_0_, user0_.user_created_at as user_cre2_21_0_, user0_.user_name as user_nam3_21_0_, user0_.user_phone_number as user_pho4_21_0_, user0_.user_user_id as user_use5_21_0_, user0_.user_user_password as user_use6_21_0_ from user user0_ where user0_.user_id=?
Hibernate: select character0_.character_id as characte1_6_0_, character0_.character_character_name as characte2_6_0_ from characters character0_ where character0_.character_id=?
Hibernate: select category0_.category_id as category1_5_, category0_.category_name as category2_5_ from category category0_
Hibernate: select boardlist0_.category_id as category7_4_0_, boardlist0_.board_id as board_id1_4_0_, boardlist0_.board_id as board_id1_4_1_, boardlist0_.category_id as category7_4_1_, boardlist0_.board_content as board_co2_4_1_, boardlist0_.board_created_at as board_cr3_4_1_, boardlist0_.board_last_modified_at as board_la4_4_1_, boardlist0_.board_title as board_ti5_4_1_, boardlist0_.user_id as user_id8_4_1_, boardlist0_.board_views as board_vi6_4_1_ from board boardlist0_ where boardlist0_.category_id=?
Hibernate: select boardlist0_.category_id as category7_4_0_, boardlist0_.board_id as board_id1_4_0_, boardlist0_.board_id as board_id1_4_1_, boardlist0_.category_id as category7_4_1_, boardlist0_.board_content as board_co2_4_1_, boardlist0_.board_created_at as board_cr3_4_1_, boardlist0_.board_last_modified_at as board_la4_4_1_, boardlist0_.board_title as board_ti5_4_1_, boardlist0_.user_id as user_id8_4_1_, boardlist0_.board_views as board_vi6_4_1_ from board boardlist0_ where boardlist0_.category_id=?
Hibernate: select boardlist0_.category_id as category7_4_0_, boardlist0_.board_id as board_id1_4_0_, boardlist0_.board_id as board_id1_4_1_, boardlist0_.category_id as category7_4_1_, boardlist0_.board_content as board_co2_4_1_, boardlist0_.board_created_at as board_cr3_4_1_, boardlist0_.board_last_modified_at as board_la4_4_1_, boardlist0_.board_title as board_ti5_4_1_, boardlist0_.user_id as user_id8_4_1_, boardlist0_.board_views as board_vi6_4_1_ from board boardlist0_ where boardlist0_.category_id=?
Hibernate: select user0_.user_id as user_id1_21_0_, user0_.character_id as characte7_21_0_, user0_.user_created_at as user_cre2_21_0_, user0_.user_name as user_nam3_21_0_, user0_.user_phone_number as user_pho4_21_0_, user0_.user_user_id as user_use5_21_0_, user0_.user_user_password as user_use6_21_0_ from user user0_ where user0_.user_id=?
Hibernate: select character0_.character_id as characte1_6_0_, character0_.character_character_name as characte2_6_0_ from characters character0_ where character0_.character_id=?
Hibernate: select count(*) as col_0_0_ from user user0_ where user0_.user_id=?
Hibernate: select character1_.character_id as characte1_6_, character1_.character_character_name as characte2_6_ from user user0_ inner join characters character1_ on user0_.character_id=character1_.character_id where user0_.user_id=?
Hibernate: select permission0_.character_id as characte6_12_0_, permission0_.permission_id as permissi1_12_0_, permission0_.permission_id as permissi1_12_1_, permission0_.character_id as characte6_12_1_, permission0_.permission_name as permissi2_12_1_, permission0_.permission_permission_unit_id as permissi3_12_1_, permission0_.permission_service as permissi4_12_1_, permission0_.permission_status as permissi5_12_1_ from permission permission0_ where permission0_.character_id=?
Hibernate: select count(*) as col_0_0_ from category category0_ where category0_.category_id=?
Hibernate: insert into filename (filename_id, filename_origin, filename_uuid) values (default, ?, ?)
Hibernate: insert into filename (filename_id, filename_origin, filename_uuid) values (default, ?, ?)
Hibernate: select category0_.category_id as category1_5_0_, category0_.category_name as category2_5_0_ from category category0_ where category0_.category_id=?
Hibernate: insert into board (board_id, category_id, board_content, board_created_at, board_last_modified_at, board_title, user_id, board_views) values (default, ?, ?, ?, ?, ?, ?, ?)
Hibernate: insert into reaction (reaction_id, board_id, reaction_type) values (default, ?, ?)
Hibernate: insert into reaction (reaction_id, board_id, reaction_type) values (default, ?, ?)
Hibernate: insert into reaction (reaction_id, board_id, reaction_type) values (default, ?, ?)
Hibernate: insert into reaction (reaction_id, board_id, reaction_type) values (default, ?, ?)
Hibernate: insert into reaction (reaction_id, board_id, reaction_type) values (default, ?, ?)
Hibernate: insert into reaction (reaction_id, board_id, reaction_type) values (default, ?, ?)
Hibernate: insert into file_path_list (board_board_id, board_file_path_list) values (?, ?)
Hibernate: insert into image_path_list (board_board_id, board_image_path_list) values (?, ?)
Hibernate: select user0_.user_id as user_id1_21_0_, user0_.character_id as characte7_21_0_, user0_.user_created_at as user_cre2_21_0_, user0_.user_name as user_nam3_21_0_, user0_.user_phone_number as user_pho4_21_0_, user0_.user_user_id as user_use5_21_0_, user0_.user_user_password as user_use6_21_0_ from user user0_ where user0_.user_id=?
Hibernate: select character0_.character_id as characte1_6_0_, character0_.character_character_name as characte2_6_0_ from characters character0_ where character0_.character_id=?
Hibernate: select count(*) as col_0_0_ from board board0_
Hibernate: select board0_.board_id as board_id1_4_, board0_.category_id as category7_4_, board0_.board_content as board_co2_4_, board0_.board_created_at as board_cr3_4_, board0_.board_last_modified_at as board_la4_4_, board0_.board_title as board_ti5_4_, board0_.user_id as user_id8_4_, board0_.board_views as board_vi6_4_ from board board0_ limit ?
Hibernate: select category0_.category_id as category1_5_0_, category0_.category_name as category2_5_0_ from category category0_ where category0_.category_id=?
Hibernate: select reactionli0_.board_id as board_id3_13_0_, reactionli0_.reaction_id as reaction1_13_0_, reactionli0_.reaction_id as reaction1_13_1_, reactionli0_.board_id as board_id3_13_1_, reactionli0_.reaction_type as reaction2_13_1_ from reaction reactionli0_ where reactionli0_.board_id=?
Hibernate: select reactionus0_.reaction_id as reaction2_14_0_, reactionus0_.reaction_user_id as reaction1_14_0_, reactionus0_.reaction_user_id as reaction1_14_1_, reactionus0_.reaction_id as reaction2_14_1_, reactionus0_.user_id as user_id3_14_1_ from reaction_user reactionus0_ where reactionus0_.reaction_id=?
Hibernate: select reactionus0_.reaction_id as reaction2_14_0_, reactionus0_.reaction_user_id as reaction1_14_0_, reactionus0_.reaction_user_id as reaction1_14_1_, reactionus0_.reaction_id as reaction2_14_1_, reactionus0_.user_id as user_id3_14_1_ from reaction_user reactionus0_ where reactionus0_.reaction_id=?
Hibernate: select reactionus0_.reaction_id as reaction2_14_0_, reactionus0_.reaction_user_id as reaction1_14_0_, reactionus0_.reaction_user_id as reaction1_14_1_, reactionus0_.reaction_id as reaction2_14_1_, reactionus0_.user_id as user_id3_14_1_ from reaction_user reactionus0_ where reactionus0_.reaction_id=?
Hibernate: select reactionus0_.reaction_id as reaction2_14_0_, reactionus0_.reaction_user_id as reaction1_14_0_, reactionus0_.reaction_user_id as reaction1_14_1_, reactionus0_.reaction_id as reaction2_14_1_, reactionus0_.user_id as user_id3_14_1_ from reaction_user reactionus0_ where reactionus0_.reaction_id=?
Hibernate: select reactionus0_.reaction_id as reaction2_14_0_, reactionus0_.reaction_user_id as reaction1_14_0_, reactionus0_.reaction_user_id as reaction1_14_1_, reactionus0_.reaction_id as reaction2_14_1_, reactionus0_.user_id as user_id3_14_1_ from reaction_user reactionus0_ where reactionus0_.reaction_id=?
Hibernate: select reactionus0_.reaction_id as reaction2_14_0_, reactionus0_.reaction_user_id as reaction1_14_0_, reactionus0_.reaction_user_id as reaction1_14_1_, reactionus0_.reaction_id as reaction2_14_1_, reactionus0_.user_id as user_id3_14_1_ from reaction_user reactionus0_ where reactionus0_.reaction_id=?
Hibernate: select commentlis0_.board_id as board_id5_7_0_, commentlis0_.comment_id as comment_1_7_0_, commentlis0_.comment_id as comment_1_7_1_, commentlis0_.board_id as board_id5_7_1_, commentlis0_.comment_content as comment_2_7_1_, commentlis0_.comment_created_at as comment_3_7_1_, commentlis0_.comment_last_modified_at as comment_4_7_1_, commentlis0_.user_id as user_id6_7_1_ from comment commentlis0_ where commentlis0_.board_id=?
Hibernate: select boardlist0_.category_id as category7_4_0_, boardlist0_.board_id as board_id1_4_0_, boardlist0_.board_id as board_id1_4_1_, boardlist0_.category_id as category7_4_1_, boardlist0_.board_content as board_co2_4_1_, boardlist0_.board_created_at as board_cr3_4_1_, boardlist0_.board_last_modified_at as board_la4_4_1_, boardlist0_.board_title as board_ti5_4_1_, boardlist0_.user_id as user_id8_4_1_, boardlist0_.board_views as board_vi6_4_1_ from board boardlist0_ where boardlist0_.category_id=?
Hibernate: select count(comment0_.comment_id) as col_0_0_ from comment comment0_ where comment0_.board_id=?
Hibernate: select count(*) as col_0_0_ from board board0_
Hibernate: select imagepathl0_.board_board_id as board_bo1_11_0_, imagepathl0_.board_image_path_list as board_im2_11_0_ from image_path_list imagepathl0_ where imagepathl0_.board_board_id=?
Hibernate: select filename0_.filename_id as filename1_9_, filename0_.filename_origin as filename2_9_, filename0_.filename_uuid as filename3_9_ from filename filename0_ where filename0_.filename_uuid=?
Hibernate: select filepathli0_.board_board_id as board_bo1_8_0_, filepathli0_.board_file_path_list as board_fi2_8_0_ from file_path_list filepathli0_ where filepathli0_.board_board_id=?
Hibernate: select filename0_.filename_id as filename1_9_, filename0_.filename_origin as filename2_9_, filename0_.filename_uuid as filename3_9_ from filename filename0_ where filename0_.filename_uuid=?
Hibernate: select user0_.user_id as user_id1_21_0_, user0_.character_id as characte7_21_0_, user0_.user_created_at as user_cre2_21_0_, user0_.user_name as user_nam3_21_0_, user0_.user_phone_number as user_pho4_21_0_, user0_.user_user_id as user_use5_21_0_, user0_.user_user_password as user_use6_21_0_ from user user0_ where user0_.user_id=?
Hibernate: select character0_.character_id as characte1_6_0_, character0_.character_character_name as characte2_6_0_ from characters character0_ where character0_.character_id=?
Hibernate: select count(*) as col_0_0_ from user user0_ where user0_.user_id=?
Hibernate: select character1_.character_id as characte1_6_, character1_.character_character_name as characte2_6_ from user user0_ inner join characters character1_ on user0_.character_id=character1_.character_id where user0_.user_id=?
Hibernate: select permission0_.character_id as characte6_12_0_, permission0_.permission_id as permissi1_12_0_, permission0_.permission_id as permissi1_12_1_, permission0_.character_id as characte6_12_1_, permission0_.permission_name as permissi2_12_1_, permission0_.permission_permission_unit_id as permissi3_12_1_, permission0_.permission_service as permissi4_12_1_, permission0_.permission_status as permissi5_12_1_ from permission permission0_ where permission0_.character_id=?
Hibernate: select count(*) as col_0_0_ from board board0_ where board0_.board_id=?
Hibernate: select board0_.board_id as board_id1_4_0_, board0_.category_id as category7_4_0_, board0_.board_content as board_co2_4_0_, board0_.board_created_at as board_cr3_4_0_, board0_.board_last_modified_at as board_la4_4_0_, board0_.board_title as board_ti5_4_0_, board0_.user_id as user_id8_4_0_, board0_.board_views as board_vi6_4_0_ from board board0_ where board0_.board_id=?
Hibernate: select category0_.category_id as category1_5_0_, category0_.category_name as category2_5_0_ from category category0_ where category0_.category_id=?
Hibernate: insert into comment (comment_id, board_id, comment_content, comment_created_at, comment_last_modified_at, user_id) values (default, ?, ?, ?, ?, ?)
Hibernate: select user0_.user_id as user_id1_21_0_, user0_.character_id as characte7_21_0_, user0_.user_created_at as user_cre2_21_0_, user0_.user_name as user_nam3_21_0_, user0_.user_phone_number as user_pho4_21_0_, user0_.user_user_id as user_use5_21_0_, user0_.user_user_password as user_use6_21_0_ from user user0_ where user0_.user_id=?
Hibernate: select character0_.character_id as characte1_6_0_, character0_.character_character_name as characte2_6_0_ from characters character0_ where character0_.character_id=?
Hibernate: select count(*) as col_0_0_ from user user0_ where user0_.user_id=?
Hibernate: select character1_.character_id as characte1_6_, character1_.character_character_name as characte2_6_ from user user0_ inner join characters character1_ on user0_.character_id=character1_.character_id where user0_.user_id=?
Hibernate: select permission0_.character_id as characte6_12_0_, permission0_.permission_id as permissi1_12_0_, permission0_.permission_id as permissi1_12_1_, permission0_.character_id as characte6_12_1_, permission0_.permission_name as permissi2_12_1_, permission0_.permission_permission_unit_id as permissi3_12_1_, permission0_.permission_service as permissi4_12_1_, permission0_.permission_status as permissi5_12_1_ from permission permission0_ where permission0_.character_id=?
Hibernate: select count(*) as col_0_0_ from board board0_ where board0_.board_id=?
Hibernate: select count(comment0_.comment_id) as col_0_0_ from comment comment0_ where comment0_.board_id=?
Hibernate: select comment0_.comment_id as comment_1_7_, comment0_.board_id as board_id5_7_, comment0_.comment_content as comment_2_7_, comment0_.comment_created_at as comment_3_7_, comment0_.comment_last_modified_at as comment_4_7_, comment0_.user_id as user_id6_7_ from comment comment0_ where comment0_.board_id=? limit ?
Hibernate: select board0_.board_id as board_id1_4_0_, board0_.category_id as category7_4_0_, board0_.board_content as board_co2_4_0_, board0_.board_created_at as board_cr3_4_0_, board0_.board_last_modified_at as board_la4_4_0_, board0_.board_title as board_ti5_4_0_, board0_.user_id as user_id8_4_0_, board0_.board_views as board_vi6_4_0_ from board board0_ where board0_.board_id=?
Hibernate: select category0_.category_id as category1_5_0_, category0_.category_name as category2_5_0_ from category category0_ where category0_.category_id=?
Hibernate: select U.* from USER U join COMMENT C where U.USER_ID = C.USER_ID and C.COMMENT_ID = ?
Hibernate: select character0_.character_id as characte1_6_0_, character0_.character_character_name as characte2_6_0_ from characters character0_ where character0_.character_id=?
Hibernate: select count(*) as col_0_0_ from user user0_ where user0_.user_id=?
Hibernate: select character1_.character_id as characte1_6_, character1_.character_character_name as characte2_6_ from user user0_ inner join characters character1_ on user0_.character_id=character1_.character_id where user0_.user_id=?
Hibernate: select permission0_.character_id as characte6_12_0_, permission0_.permission_id as permissi1_12_0_, permission0_.permission_id as permissi1_12_1_, permission0_.character_id as characte6_12_1_, permission0_.permission_name as permissi2_12_1_, permission0_.permission_permission_unit_id as permissi3_12_1_, permission0_.permission_service as permissi4_12_1_, permission0_.permission_status as permissi5_12_1_ from permission permission0_ where permission0_.character_id=?
Hibernate: select count(*) as col_0_0_ from comment comment0_ where comment0_.comment_id=?
Hibernate: select user0_.user_id as col_0_0_ from user user0_ where user0_.user_user_id=? limit ?
Hibernate: select user0_.user_id as col_0_0_ from user user0_ where user0_.user_user_id=? limit ?
Hibernate: select U.* from USER U where U.USER_USER_ID =?
Hibernate: select character0_.character_id as characte1_6_0_, character0_.character_character_name as characte2_6_0_ from characters character0_ where character0_.character_id=?
Hibernate: select user0_.user_id as user_id1_21_0_, user0_.character_id as characte7_21_0_, user0_.user_created_at as user_cre2_21_0_, user0_.user_name as user_nam3_21_0_, user0_.user_phone_number as user_pho4_21_0_, user0_.user_user_id as user_use5_21_0_, user0_.user_user_password as user_use6_21_0_ from user user0_ where user0_.user_id=?
Hibernate: select character0_.character_id as characte1_6_0_, character0_.character_character_name as characte2_6_0_ from characters character0_ where character0_.character_id=?
Hibernate: select count(*) as col_0_0_ from board board0_
Hibernate: select board0_.board_id as board_id1_4_, board0_.category_id as category7_4_, board0_.board_content as board_co2_4_, board0_.board_created_at as board_cr3_4_, board0_.board_last_modified_at as board_la4_4_, board0_.board_title as board_ti5_4_, board0_.user_id as user_id8_4_, board0_.board_views as board_vi6_4_ from board board0_ limit ?
Hibernate: select category0_.category_id as category1_5_0_, category0_.category_name as category2_5_0_ from category category0_ where category0_.category_id=?
Hibernate: select reactionli0_.board_id as board_id3_13_0_, reactionli0_.reaction_id as reaction1_13_0_, reactionli0_.reaction_id as reaction1_13_1_, reactionli0_.board_id as board_id3_13_1_, reactionli0_.reaction_type as reaction2_13_1_ from reaction reactionli0_ where reactionli0_.board_id=?
Hibernate: select reactionus0_.reaction_id as reaction2_14_0_, reactionus0_.reaction_user_id as reaction1_14_0_, reactionus0_.reaction_user_id as reaction1_14_1_, reactionus0_.reaction_id as reaction2_14_1_, reactionus0_.user_id as user_id3_14_1_ from reaction_user reactionus0_ where reactionus0_.reaction_id=?
Hibernate: select reactionus0_.reaction_id as reaction2_14_0_, reactionus0_.reaction_user_id as reaction1_14_0_, reactionus0_.reaction_user_id as reaction1_14_1_, reactionus0_.reaction_id as reaction2_14_1_, reactionus0_.user_id as user_id3_14_1_ from reaction_user reactionus0_ where reactionus0_.reaction_id=?
Hibernate: select reactionus0_.reaction_id as reaction2_14_0_, reactionus0_.reaction_user_id as reaction1_14_0_, reactionus0_.reaction_user_id as reaction1_14_1_, reactionus0_.reaction_id as reaction2_14_1_, reactionus0_.user_id as user_id3_14_1_ from reaction_user reactionus0_ where reactionus0_.reaction_id=?
Hibernate: select reactionus0_.reaction_id as reaction2_14_0_, reactionus0_.reaction_user_id as reaction1_14_0_, reactionus0_.reaction_user_id as reaction1_14_1_, reactionus0_.reaction_id as reaction2_14_1_, reactionus0_.user_id as user_id3_14_1_ from reaction_user reactionus0_ where reactionus0_.reaction_id=?
Hibernate: select reactionus0_.reaction_id as reaction2_14_0_, reactionus0_.reaction_user_id as reaction1_14_0_, reactionus0_.reaction_user_id as reaction1_14_1_, reactionus0_.reaction_id as reaction2_14_1_, reactionus0_.user_id as user_id3_14_1_ from reaction_user reactionus0_ where reactionus0_.reaction_id=?
Hibernate: select reactionus0_.reaction_id as reaction2_14_0_, reactionus0_.reaction_user_id as reaction1_14_0_, reactionus0_.reaction_user_id as reaction1_14_1_, reactionus0_.reaction_id as reaction2_14_1_, reactionus0_.user_id as user_id3_14_1_ from reaction_user reactionus0_ where reactionus0_.reaction_id=?
Hibernate: select commentlis0_.board_id as board_id5_7_0_, commentlis0_.comment_id as comment_1_7_0_, commentlis0_.comment_id as comment_1_7_1_, commentlis0_.board_id as board_id5_7_1_, commentlis0_.comment_content as comment_2_7_1_, commentlis0_.comment_created_at as comment_3_7_1_, commentlis0_.comment_last_modified_at as comment_4_7_1_, commentlis0_.user_id as user_id6_7_1_ from comment commentlis0_ where commentlis0_.board_id=?
Hibernate: select boardlist0_.category_id as category7_4_0_, boardlist0_.board_id as board_id1_4_0_, boardlist0_.board_id as board_id1_4_1_, boardlist0_.category_id as category7_4_1_, boardlist0_.board_content as board_co2_4_1_, boardlist0_.board_created_at as board_cr3_4_1_, boardlist0_.board_last_modified_at as board_la4_4_1_, boardlist0_.board_title as board_ti5_4_1_, boardlist0_.user_id as user_id8_4_1_, boardlist0_.board_views as board_vi6_4_1_ from board boardlist0_ where boardlist0_.category_id=?
Hibernate: select count(comment0_.comment_id) as col_0_0_ from comment comment0_ where comment0_.board_id=?
Hibernate: select count(*) as col_0_0_ from board board0_
Hibernate: select imagepathl0_.board_board_id as board_bo1_11_0_, imagepathl0_.board_image_path_list as board_im2_11_0_ from image_path_list imagepathl0_ where imagepathl0_.board_board_id=?
Hibernate: select filename0_.filename_id as filename1_9_, filename0_.filename_origin as filename2_9_, filename0_.filename_uuid as filename3_9_ from filename filename0_ where filename0_.filename_uuid=?
Hibernate: select filepathli0_.board_board_id as board_bo1_8_0_, filepathli0_.board_file_path_list as board_fi2_8_0_ from file_path_list filepathli0_ where filepathli0_.board_board_id=?
Hibernate: select filename0_.filename_id as filename1_9_, filename0_.filename_origin as filename2_9_, filename0_.filename_uuid as filename3_9_ from filename filename0_ where filename0_.filename_uuid=?
Hibernate: select U.* from USER U join BOARD B where U.USER_ID = B.USER_ID and B.BOARD_ID = ?
Hibernate: select character0_.character_id as characte1_6_0_, character0_.character_character_name as characte2_6_0_ from characters character0_ where character0_.character_id=?
Hibernate: select count(*) as col_0_0_ from user user0_ where user0_.user_id=?
Hibernate: select character1_.character_id as characte1_6_, character1_.character_character_name as characte2_6_ from user user0_ inner join characters character1_ on user0_.character_id=character1_.character_id where user0_.user_id=?
Hibernate: select permission0_.character_id as characte6_12_0_, permission0_.permission_id as permissi1_12_0_, permission0_.permission_id as permissi1_12_1_, permission0_.character_id as characte6_12_1_, permission0_.permission_name as permissi2_12_1_, permission0_.permission_permission_unit_id as permissi3_12_1_, permission0_.permission_service as permissi4_12_1_, permission0_.permission_status as permissi5_12_1_ from permission permission0_ where permission0_.character_id=?
Hibernate: select count(*) as col_0_0_ from board board0_ where board0_.board_id=?
Hibernate: select board0_.board_id as board_id1_4_0_, board0_.category_id as category7_4_0_, board0_.board_content as board_co2_4_0_, board0_.board_created_at as board_cr3_4_0_, board0_.board_last_modified_at as board_la4_4_0_, board0_.board_title as board_ti5_4_0_, board0_.user_id as user_id8_4_0_, board0_.board_views as board_vi6_4_0_ from board board0_ where board0_.board_id=?
Hibernate: select category0_.category_id as category1_5_0_, category0_.category_name as category2_5_0_ from category category0_ where category0_.category_id=?
Hibernate: select reactionli0_.board_id as board_id3_13_0_, reactionli0_.reaction_id as reaction1_13_0_, reactionli0_.reaction_id as reaction1_13_1_, reactionli0_.board_id as board_id3_13_1_, reactionli0_.reaction_type as reaction2_13_1_ from reaction reactionli0_ where reactionli0_.board_id=?
Hibernate: select reactionus0_.reaction_id as reaction2_14_0_, reactionus0_.reaction_user_id as reaction1_14_0_, reactionus0_.reaction_user_id as reaction1_14_1_, reactionus0_.reaction_id as reaction2_14_1_, reactionus0_.user_id as user_id3_14_1_ from reaction_user reactionus0_ where reactionus0_.reaction_id=?
Hibernate: select reactionus0_.reaction_id as reaction2_14_0_, reactionus0_.reaction_user_id as reaction1_14_0_, reactionus0_.reaction_user_id as reaction1_14_1_, reactionus0_.reaction_id as reaction2_14_1_, reactionus0_.user_id as user_id3_14_1_ from reaction_user reactionus0_ where reactionus0_.reaction_id=?
Hibernate: select reactionus0_.reaction_id as reaction2_14_0_, reactionus0_.reaction_user_id as reaction1_14_0_, reactionus0_.reaction_user_id as reaction1_14_1_, reactionus0_.reaction_id as reaction2_14_1_, reactionus0_.user_id as user_id3_14_1_ from reaction_user reactionus0_ where reactionus0_.reaction_id=?
Hibernate: select reactionus0_.reaction_id as reaction2_14_0_, reactionus0_.reaction_user_id as reaction1_14_0_, reactionus0_.reaction_user_id as reaction1_14_1_, reactionus0_.reaction_id as reaction2_14_1_, reactionus0_.user_id as user_id3_14_1_ from reaction_user reactionus0_ where reactionus0_.reaction_id=?
Hibernate: select reactionus0_.reaction_id as reaction2_14_0_, reactionus0_.reaction_user_id as reaction1_14_0_, reactionus0_.reaction_user_id as reaction1_14_1_, reactionus0_.reaction_id as reaction2_14_1_, reactionus0_.user_id as user_id3_14_1_ from reaction_user reactionus0_ where reactionus0_.reaction_id=?
Hibernate: select reactionus0_.reaction_id as reaction2_14_0_, reactionus0_.reaction_user_id as reaction1_14_0_, reactionus0_.reaction_user_id as reaction1_14_1_, reactionus0_.reaction_id as reaction2_14_1_, reactionus0_.user_id as user_id3_14_1_ from reaction_user reactionus0_ where reactionus0_.reaction_id=?
Hibernate: select commentlis0_.board_id as board_id5_7_0_, commentlis0_.comment_id as comment_1_7_0_, commentlis0_.comment_id as comment_1_7_1_, commentlis0_.board_id as board_id5_7_1_, commentlis0_.comment_content as comment_2_7_1_, commentlis0_.comment_created_at as comment_3_7_1_, commentlis0_.comment_last_modified_at as comment_4_7_1_, commentlis0_.user_id as user_id6_7_1_ from comment commentlis0_ where commentlis0_.board_id=?
Hibernate: select boardlist0_.category_id as category7_4_0_, boardlist0_.board_id as board_id1_4_0_, boardlist0_.board_id as board_id1_4_1_, boardlist0_.category_id as category7_4_1_, boardlist0_.board_content as board_co2_4_1_, boardlist0_.board_created_at as board_cr3_4_1_, boardlist0_.board_last_modified_at as board_la4_4_1_, boardlist0_.board_title as board_ti5_4_1_, boardlist0_.user_id as user_id8_4_1_, boardlist0_.board_views as board_vi6_4_1_ from board boardlist0_ where boardlist0_.category_id=?
Hibernate: select count(comment0_.comment_id) as col_0_0_ from comment comment0_ where comment0_.board_id=?
Hibernate: update board set category_id=?, board_content=?, board_created_at=?, board_last_modified_at=?, board_title=?, user_id=?, board_views=? where board_id=?
Hibernate: select filepathli0_.board_board_id as board_bo1_8_0_, filepathli0_.board_file_path_list as board_fi2_8_0_ from file_path_list filepathli0_ where filepathli0_.board_board_id=?
Hibernate: select filename0_.filename_id as filename1_9_, filename0_.filename_origin as filename2_9_, filename0_.filename_uuid as filename3_9_ from filename filename0_ where filename0_.filename_uuid=?
Hibernate: delete from filename where filename_id=?
Hibernate: select imagepathl0_.board_board_id as board_bo1_11_0_, imagepathl0_.board_image_path_list as board_im2_11_0_ from image_path_list imagepathl0_ where imagepathl0_.board_board_id=?
Hibernate: select filename0_.filename_id as filename1_9_, filename0_.filename_origin as filename2_9_, filename0_.filename_uuid as filename3_9_ from filename filename0_ where filename0_.filename_uuid=?
Hibernate: delete from filename where filename_id=?
Hibernate: select count(*) as col_0_0_ from board board0_ where board0_.board_id=?
Hibernate: delete from file_path_list where board_board_id=?
Hibernate: delete from image_path_list where board_board_id=?
Hibernate: delete from comment where comment_id=?
Hibernate: delete from reaction where reaction_id=?
Hibernate: delete from reaction where reaction_id=?
Hibernate: delete from reaction where reaction_id=?
Hibernate: delete from reaction where reaction_id=?
Hibernate: delete from reaction where reaction_id=?
Hibernate: delete from reaction where reaction_id=?
Hibernate: delete from board where board_id=?
Hibernate: select user0_.user_id as user_id1_21_0_, user0_.character_id as characte7_21_0_, user0_.user_created_at as user_cre2_21_0_, user0_.user_name as user_nam3_21_0_, user0_.user_phone_number as user_pho4_21_0_, user0_.user_user_id as user_use5_21_0_, user0_.user_user_password as user_use6_21_0_ from user user0_ where user0_.user_id=?
Hibernate: select character0_.character_id as characte1_6_0_, character0_.character_character_name as characte2_6_0_ from characters character0_ where character0_.character_id=?
Hibernate: select count(*) as col_0_0_ from user user0_ where user0_.user_id=?
Hibernate: select character1_.character_id as characte1_6_, character1_.character_character_name as characte2_6_ from user user0_ inner join characters character1_ on user0_.character_id=character1_.character_id where user0_.user_id=?
Hibernate: select permission0_.character_id as characte6_12_0_, permission0_.permission_id as permissi1_12_0_, permission0_.permission_id as permissi1_12_1_, permission0_.character_id as characte6_12_1_, permission0_.permission_name as permissi2_12_1_, permission0_.permission_permission_unit_id as permissi3_12_1_, permission0_.permission_service as permissi4_12_1_, permission0_.permission_status as permissi5_12_1_ from permission permission0_ where permission0_.character_id=?
Hibernate: select count(*) as col_0_0_ from board board0_ where board0_.board_id=?
Hibernate: select user0_.user_id as col_0_0_ from user user0_ where user0_.user_user_id=? limit ?
Hibernate: select user0_.user_id as col_0_0_ from user user0_ where user0_.user_user_id=? limit ?
Hibernate: select U.* from USER U where U.USER_USER_ID =?
Hibernate: select character0_.character_id as characte1_6_0_, character0_.character_character_name as characte2_6_0_ from characters character0_ where character0_.character_id=?
Hibernate: select user0_.user_id as user_id1_21_0_, user0_.character_id as characte7_21_0_, user0_.user_created_at as user_cre2_21_0_, user0_.user_name as user_nam3_21_0_, user0_.user_phone_number as user_pho4_21_0_, user0_.user_user_id as user_use5_21_0_, user0_.user_user_password as user_use6_21_0_ from user user0_ where user0_.user_id=?
Hibernate: select character0_.character_id as characte1_6_0_, character0_.character_character_name as characte2_6_0_ from characters character0_ where character0_.character_id=?
Hibernate: select category0_.category_id as category1_5_, category0_.category_name as category2_5_ from category category0_
Hibernate: select boardlist0_.category_id as category7_4_0_, boardlist0_.board_id as board_id1_4_0_, boardlist0_.board_id as board_id1_4_1_, boardlist0_.category_id as category7_4_1_, boardlist0_.board_content as board_co2_4_1_, boardlist0_.board_created_at as board_cr3_4_1_, boardlist0_.board_last_modified_at as board_la4_4_1_, boardlist0_.board_title as board_ti5_4_1_, boardlist0_.user_id as user_id8_4_1_, boardlist0_.board_views as board_vi6_4_1_ from board boardlist0_ where boardlist0_.category_id=?
Hibernate: select boardlist0_.category_id as category7_4_0_, boardlist0_.board_id as board_id1_4_0_, boardlist0_.board_id as board_id1_4_1_, boardlist0_.category_id as category7_4_1_, boardlist0_.board_content as board_co2_4_1_, boardlist0_.board_created_at as board_cr3_4_1_, boardlist0_.board_last_modified_at as board_la4_4_1_, boardlist0_.board_title as board_ti5_4_1_, boardlist0_.user_id as user_id8_4_1_, boardlist0_.board_views as board_vi6_4_1_ from board boardlist0_ where boardlist0_.category_id=?
Hibernate: select boardlist0_.category_id as category7_4_0_, boardlist0_.board_id as board_id1_4_0_, boardlist0_.board_id as board_id1_4_1_, boardlist0_.category_id as category7_4_1_, boardlist0_.board_content as board_co2_4_1_, boardlist0_.board_created_at as board_cr3_4_1_, boardlist0_.board_last_modified_at as board_la4_4_1_, boardlist0_.board_title as board_ti5_4_1_, boardlist0_.user_id as user_id8_4_1_, boardlist0_.board_views as board_vi6_4_1_ from board boardlist0_ where boardlist0_.category_id=?
Hibernate: select user0_.user_id as user_id1_21_0_, user0_.character_id as characte7_21_0_, user0_.user_created_at as user_cre2_21_0_, user0_.user_name as user_nam3_21_0_, user0_.user_phone_number as user_pho4_21_0_, user0_.user_user_id as user_use5_21_0_, user0_.user_user_password as user_use6_21_0_ from user user0_ where user0_.user_id=?
Hibernate: select character0_.character_id as characte1_6_0_, character0_.character_character_name as characte2_6_0_ from characters character0_ where character0_.character_id=?
Hibernate: select count(*) as col_0_0_ from user user0_ where user0_.user_id=?
Hibernate: select character1_.character_id as characte1_6_, character1_.character_character_name as characte2_6_ from user user0_ inner join characters character1_ on user0_.character_id=character1_.character_id where user0_.user_id=?
Hibernate: select permission0_.character_id as characte6_12_0_, permission0_.permission_id as permissi1_12_0_, permission0_.permission_id as permissi1_12_1_, permission0_.character_id as characte6_12_1_, permission0_.permission_name as permissi2_12_1_, permission0_.permission_permission_unit_id as permissi3_12_1_, permission0_.permission_service as permissi4_12_1_, permission0_.permission_status as permissi5_12_1_ from permission permission0_ where permission0_.character_id=?
Hibernate: select count(*) as col_0_0_ from category category0_ where category0_.category_id=?
Hibernate: select count(board0_.board_id) as col_0_0_ from board board0_ where board0_.category_id=?
Hibernate: select category0_.category_id as category1_5_0_, category0_.category_name as category2_5_0_ from category category0_ where category0_.category_id=?
Hibernate: select boardlist0_.category_id as category7_4_0_, boardlist0_.board_id as board_id1_4_0_, boardlist0_.board_id as board_id1_4_1_, boardlist0_.category_id as category7_4_1_, boardlist0_.board_content as board_co2_4_1_, boardlist0_.board_created_at as board_cr3_4_1_, boardlist0_.board_last_modified_at as board_la4_4_1_, boardlist0_.board_title as board_ti5_4_1_, boardlist0_.user_id as user_id8_4_1_, boardlist0_.board_views as board_vi6_4_1_ from board boardlist0_ where boardlist0_.category_id=?
Hibernate: delete from category where category_id=?
Hibernate: select user0_.user_id as user_id1_21_0_, user0_.character_id as characte7_21_0_, user0_.user_created_at as user_cre2_21_0_, user0_.user_name as user_nam3_21_0_, user0_.user_phone_number as user_pho4_21_0_, user0_.user_user_id as user_use5_21_0_, user0_.user_user_password as user_use6_21_0_ from user user0_ where user0_.user_id=?
Hibernate: select character0_.character_id as characte1_6_0_, character0_.character_character_name as characte2_6_0_ from characters character0_ where character0_.character_id=?
Hibernate: select count(*) as col_0_0_ from user user0_ where user0_.user_id=?
Hibernate: select character1_.character_id as characte1_6_, character1_.character_character_name as characte2_6_ from user user0_ inner join characters character1_ on user0_.character_id=character1_.character_id where user0_.user_id=?
Hibernate: select permission0_.character_id as characte6_12_0_, permission0_.permission_id as permissi1_12_0_, permission0_.permission_id as permissi1_12_1_, permission0_.character_id as characte6_12_1_, permission0_.permission_name as permissi2_12_1_, permission0_.permission_permission_unit_id as permissi3_12_1_, permission0_.permission_service as permissi4_12_1_, permission0_.permission_status as permissi5_12_1_ from permission permission0_ where permission0_.character_id=?
Hibernate: select count(*) as col_0_0_ from category category0_ where category0_.category_id=?
Hibernate: select count(board0_.board_id) as col_0_0_ from board board0_ where board0_.category_id=?
Hibernate: select category0_.category_id as category1_5_0_, category0_.category_name as category2_5_0_ from category category0_ where category0_.category_id=?
Hibernate: select boardlist0_.category_id as category7_4_0_, boardlist0_.board_id as board_id1_4_0_, boardlist0_.board_id as board_id1_4_1_, boardlist0_.category_id as category7_4_1_, boardlist0_.board_content as board_co2_4_1_, boardlist0_.board_created_at as board_cr3_4_1_, boardlist0_.board_last_modified_at as board_la4_4_1_, boardlist0_.board_title as board_ti5_4_1_, boardlist0_.user_id as user_id8_4_1_, boardlist0_.board_views as board_vi6_4_1_ from board boardlist0_ where boardlist0_.category_id=?
Hibernate: delete from category where category_id=?
Hibernate: select user0_.user_id as user_id1_21_0_, user0_.character_id as characte7_21_0_, user0_.user_created_at as user_cre2_21_0_, user0_.user_name as user_nam3_21_0_, user0_.user_phone_number as user_pho4_21_0_, user0_.user_user_id as user_use5_21_0_, user0_.user_user_password as user_use6_21_0_ from user user0_ where user0_.user_id=?
Hibernate: select character0_.character_id as characte1_6_0_, character0_.character_character_name as characte2_6_0_ from characters character0_ where character0_.character_id=?
Hibernate: select count(*) as col_0_0_ from user user0_ where user0_.user_id=?
Hibernate: select character1_.character_id as characte1_6_, character1_.character_character_name as characte2_6_ from user user0_ inner join characters character1_ on user0_.character_id=character1_.character_id where user0_.user_id=?
Hibernate: select permission0_.character_id as characte6_12_0_, permission0_.permission_id as permissi1_12_0_, permission0_.permission_id as permissi1_12_1_, permission0_.character_id as characte6_12_1_, permission0_.permission_name as permissi2_12_1_, permission0_.permission_permission_unit_id as permissi3_12_1_, permission0_.permission_service as permissi4_12_1_, permission0_.permission_status as permissi5_12_1_ from permission permission0_ where permission0_.character_id=?
Hibernate: select count(*) as col_0_0_ from category category0_ where category0_.category_id=?
Hibernate: select count(board0_.board_id) as col_0_0_ from board board0_ where board0_.category_id=?
Hibernate: select category0_.category_id as category1_5_0_, category0_.category_name as category2_5_0_ from category category0_ where category0_.category_id=?
Hibernate: select boardlist0_.category_id as category7_4_0_, boardlist0_.board_id as board_id1_4_0_, boardlist0_.board_id as board_id1_4_1_, boardlist0_.category_id as category7_4_1_, boardlist0_.board_content as board_co2_4_1_, boardlist0_.board_created_at as board_cr3_4_1_, boardlist0_.board_last_modified_at as board_la4_4_1_, boardlist0_.board_title as board_ti5_4_1_, boardlist0_.user_id as user_id8_4_1_, boardlist0_.board_views as board_vi6_4_1_ from board boardlist0_ where boardlist0_.category_id=?
Hibernate: delete from category where category_id=?
Hibernate: select user0_.user_id as user_id1_21_0_, user0_.character_id as characte7_21_0_, user0_.user_created_at as user_cre2_21_0_, user0_.user_name as user_nam3_21_0_, user0_.user_phone_number as user_pho4_21_0_, user0_.user_user_id as user_use5_21_0_, user0_.user_user_password as user_use6_21_0_ from user user0_ where user0_.user_id=?
Hibernate: select character0_.character_id as characte1_6_0_, character0_.character_character_name as characte2_6_0_ from characters character0_ where character0_.character_id=?
Hibernate: select count(*) as col_0_0_ from user user0_ where user0_.user_id=?
Hibernate: select character1_.character_id as characte1_6_, character1_.character_character_name as characte2_6_ from user user0_ inner join characters character1_ on user0_.character_id=character1_.character_id where user0_.user_id=?
Hibernate: select permission0_.character_id as characte6_12_0_, permission0_.permission_id as permissi1_12_0_, permission0_.permission_id as permissi1_12_1_, permission0_.character_id as characte6_12_1_, permission0_.permission_name as permissi2_12_1_, permission0_.permission_permission_unit_id as permissi3_12_1_, permission0_.permission_service as permissi4_12_1_, permission0_.permission_status as permissi5_12_1_ from permission permission0_ where permission0_.character_id=?
Hibernate: select category0_.category_id as col_0_0_ from category category0_ where category0_.category_name=? limit ?
Hibernate: select category0_.category_id as category1_5_1_, category0_.category_name as category2_5_1_, boardlist1_.category_id as category7_4_3_, boardlist1_.board_id as board_id1_4_3_, boardlist1_.board_id as board_id1_4_0_, boardlist1_.category_id as category7_4_0_, boardlist1_.board_content as board_co2_4_0_, boardlist1_.board_created_at as board_cr3_4_0_, boardlist1_.board_last_modified_at as board_la4_4_0_, boardlist1_.board_title as board_ti5_4_0_, boardlist1_.user_id as user_id8_4_0_, boardlist1_.board_views as board_vi6_4_0_ from category category0_ left outer join board boardlist1_ on category0_.category_id=boardlist1_.category_id where category0_.category_id=?
Hibernate: insert into category (category_id, category_name) values (default, ?)
Hibernate: select user0_.user_id as user_id1_21_0_, user0_.character_id as characte7_21_0_, user0_.user_created_at as user_cre2_21_0_, user0_.user_name as user_nam3_21_0_, user0_.user_phone_number as user_pho4_21_0_, user0_.user_user_id as user_use5_21_0_, user0_.user_user_password as user_use6_21_0_ from user user0_ where user0_.user_id=?
Hibernate: select character0_.character_id as characte1_6_0_, character0_.character_character_name as characte2_6_0_ from characters character0_ where character0_.character_id=?
Hibernate: select count(*) as col_0_0_ from user user0_ where user0_.user_id=?
Hibernate: select character1_.character_id as characte1_6_, character1_.character_character_name as characte2_6_ from user user0_ inner join characters character1_ on user0_.character_id=character1_.character_id where user0_.user_id=?
Hibernate: select permission0_.character_id as characte6_12_0_, permission0_.permission_id as permissi1_12_0_, permission0_.permission_id as permissi1_12_1_, permission0_.character_id as characte6_12_1_, permission0_.permission_name as permissi2_12_1_, permission0_.permission_permission_unit_id as permissi3_12_1_, permission0_.permission_service as permissi4_12_1_, permission0_.permission_status as permissi5_12_1_ from permission permission0_ where permission0_.character_id=?
Hibernate: select category0_.category_id as col_0_0_ from category category0_ where category0_.category_name=? limit ?
Hibernate: select category0_.category_id as category1_5_1_, category0_.category_name as category2_5_1_, boardlist1_.category_id as category7_4_3_, boardlist1_.board_id as board_id1_4_3_, boardlist1_.board_id as board_id1_4_0_, boardlist1_.category_id as category7_4_0_, boardlist1_.board_content as board_co2_4_0_, boardlist1_.board_created_at as board_cr3_4_0_, boardlist1_.board_last_modified_at as board_la4_4_0_, boardlist1_.board_title as board_ti5_4_0_, boardlist1_.user_id as user_id8_4_0_, boardlist1_.board_views as board_vi6_4_0_ from category category0_ left outer join board boardlist1_ on category0_.category_id=boardlist1_.category_id where category0_.category_id=?
Hibernate: insert into category (category_id, category_name) values (default, ?)
Hibernate: select user0_.user_id as col_0_0_ from user user0_ where user0_.user_user_id=? limit ?
Hibernate: select user0_.user_id as col_0_0_ from user user0_ where user0_.user_user_id=? limit ?
Hibernate: select U.* from USER U where U.USER_USER_ID =?
Hibernate: select character0_.character_id as characte1_6_0_, character0_.character_character_name as characte2_6_0_ from characters character0_ where character0_.character_id=?
Hibernate: select user0_.user_id as col_0_0_ from user user0_ where user0_.user_user_id=? limit ?
Hibernate: select user0_.user_id as col_0_0_ from user user0_ where user0_.user_user_id=? limit ?
Hibernate: select U.* from USER U where U.USER_USER_ID =?
Hibernate: select character0_.character_id as characte1_6_0_, character0_.character_character_name as characte2_6_0_ from characters character0_ where character0_.character_id=?
Hibernate: select user0_.user_id as user_id1_21_0_, user0_.character_id as characte7_21_0_, user0_.user_created_at as user_cre2_21_0_, user0_.user_name as user_nam3_21_0_, user0_.user_phone_number as user_pho4_21_0_, user0_.user_user_id as user_use5_21_0_, user0_.user_user_password as user_use6_21_0_ from user user0_ where user0_.user_id=?
Hibernate: select character0_.character_id as characte1_6_0_, character0_.character_character_name as characte2_6_0_ from characters character0_ where character0_.character_id=?
Hibernate: select count(*) as col_0_0_ from board board0_
Hibernate: select count(*) as col_0_0_ from board board0_
Hibernate: select user0_.user_id as col_0_0_ from user user0_ where user0_.user_user_id=? limit ?
Hibernate: select user0_.user_id as col_0_0_ from user user0_ where user0_.user_user_id=? limit ?
Hibernate: select U.* from USER U where U.USER_USER_ID =?
Hibernate: select character0_.character_id as characte1_6_0_, character0_.character_character_name as characte2_6_0_ from characters character0_ where character0_.character_id=?
Hibernate: select user0_.user_id as user_id1_21_0_, user0_.character_id as characte7_21_0_, user0_.user_created_at as user_cre2_21_0_, user0_.user_name as user_nam3_21_0_, user0_.user_phone_number as user_pho4_21_0_, user0_.user_user_id as user_use5_21_0_, user0_.user_user_password as user_use6_21_0_ from user user0_ where user0_.user_id=?
Hibernate: select character0_.character_id as characte1_6_0_, character0_.character_character_name as characte2_6_0_ from characters character0_ where character0_.character_id=?
Hibernate: select category0_.category_id as category1_5_, category0_.category_name as category2_5_ from category category0_
Hibernate: select boardlist0_.category_id as category7_4_0_, boardlist0_.board_id as board_id1_4_0_, boardlist0_.board_id as board_id1_4_1_, boardlist0_.category_id as category7_4_1_, boardlist0_.board_content as board_co2_4_1_, boardlist0_.board_created_at as board_cr3_4_1_, boardlist0_.board_last_modified_at as board_la4_4_1_, boardlist0_.board_title as board_ti5_4_1_, boardlist0_.user_id as user_id8_4_1_, boardlist0_.board_views as board_vi6_4_1_ from board boardlist0_ where boardlist0_.category_id=?
Hibernate: select boardlist0_.category_id as category7_4_0_, boardlist0_.board_id as board_id1_4_0_, boardlist0_.board_id as board_id1_4_1_, boardlist0_.category_id as category7_4_1_, boardlist0_.board_content as board_co2_4_1_, boardlist0_.board_created_at as board_cr3_4_1_, boardlist0_.board_last_modified_at as board_la4_4_1_, boardlist0_.board_title as board_ti5_4_1_, boardlist0_.user_id as user_id8_4_1_, boardlist0_.board_views as board_vi6_4_1_ from board boardlist0_ where boardlist0_.category_id=?
Hibernate: select user0_.user_id as user_id1_21_0_, user0_.character_id as characte7_21_0_, user0_.user_created_at as user_cre2_21_0_, user0_.user_name as user_nam3_21_0_, user0_.user_phone_number as user_pho4_21_0_, user0_.user_user_id as user_use5_21_0_, user0_.user_user_password as user_use6_21_0_ from user user0_ where user0_.user_id=?
Hibernate: select character0_.character_id as characte1_6_0_, character0_.character_character_name as characte2_6_0_ from characters character0_ where character0_.character_id=?
Hibernate: select count(*) as col_0_0_ from user user0_ where user0_.user_id=?
Hibernate: select character1_.character_id as characte1_6_, character1_.character_character_name as characte2_6_ from user user0_ inner join characters character1_ on user0_.character_id=character1_.character_id where user0_.user_id=?
Hibernate: select permission0_.character_id as characte6_12_0_, permission0_.permission_id as permissi1_12_0_, permission0_.permission_id as permissi1_12_1_, permission0_.character_id as characte6_12_1_, permission0_.permission_name as permissi2_12_1_, permission0_.permission_permission_unit_id as permissi3_12_1_, permission0_.permission_service as permissi4_12_1_, permission0_.permission_status as permissi5_12_1_ from permission permission0_ where permission0_.character_id=?
Hibernate: select count(*) as col_0_0_ from category category0_ where category0_.category_id=?
Hibernate: select count(board0_.board_id) as col_0_0_ from board board0_ where board0_.category_id=?
Hibernate: select category0_.category_id as category1_5_0_, category0_.category_name as category2_5_0_ from category category0_ where category0_.category_id=?
Hibernate: select boardlist0_.category_id as category7_4_0_, boardlist0_.board_id as board_id1_4_0_, boardlist0_.board_id as board_id1_4_1_, boardlist0_.category_id as category7_4_1_, boardlist0_.board_content as board_co2_4_1_, boardlist0_.board_created_at as board_cr3_4_1_, boardlist0_.board_last_modified_at as board_la4_4_1_, boardlist0_.board_title as board_ti5_4_1_, boardlist0_.user_id as user_id8_4_1_, boardlist0_.board_views as board_vi6_4_1_ from board boardlist0_ where boardlist0_.category_id=?
Hibernate: delete from category where category_id=?
Hibernate: select user0_.user_id as user_id1_21_0_, user0_.character_id as characte7_21_0_, user0_.user_created_at as user_cre2_21_0_, user0_.user_name as user_nam3_21_0_, user0_.user_phone_number as user_pho4_21_0_, user0_.user_user_id as user_use5_21_0_, user0_.user_user_password as user_use6_21_0_ from user user0_ where user0_.user_id=?
Hibernate: select character0_.character_id as characte1_6_0_, character0_.character_character_name as characte2_6_0_ from characters character0_ where character0_.character_id=?
Hibernate: select count(*) as col_0_0_ from user user0_ where user0_.user_id=?
Hibernate: select character1_.character_id as characte1_6_, character1_.character_character_name as characte2_6_ from user user0_ inner join characters character1_ on user0_.character_id=character1_.character_id where user0_.user_id=?
Hibernate: select permission0_.character_id as characte6_12_0_, permission0_.permission_id as permissi1_12_0_, permission0_.permission_id as permissi1_12_1_, permission0_.character_id as characte6_12_1_, permission0_.permission_name as permissi2_12_1_, permission0_.permission_permission_unit_id as permissi3_12_1_, permission0_.permission_service as permissi4_12_1_, permission0_.permission_status as permissi5_12_1_ from permission permission0_ where permission0_.character_id=?
Hibernate: select count(*) as col_0_0_ from category category0_ where category0_.category_id=?
Hibernate: select count(board0_.board_id) as col_0_0_ from board board0_ where board0_.category_id=?
Hibernate: select category0_.category_id as category1_5_0_, category0_.category_name as category2_5_0_ from category category0_ where category0_.category_id=?
Hibernate: select boardlist0_.category_id as category7_4_0_, boardlist0_.board_id as board_id1_4_0_, boardlist0_.board_id as board_id1_4_1_, boardlist0_.category_id as category7_4_1_, boardlist0_.board_content as board_co2_4_1_, boardlist0_.board_created_at as board_cr3_4_1_, boardlist0_.board_last_modified_at as board_la4_4_1_, boardlist0_.board_title as board_ti5_4_1_, boardlist0_.user_id as user_id8_4_1_, boardlist0_.board_views as board_vi6_4_1_ from board boardlist0_ where boardlist0_.category_id=?
Hibernate: delete from category where category_id=?
Hibernate: select user0_.user_id as user_id1_21_0_, user0_.character_id as characte7_21_0_, user0_.user_created_at as user_cre2_21_0_, user0_.user_name as user_nam3_21_0_, user0_.user_phone_number as user_pho4_21_0_, user0_.user_user_id as user_use5_21_0_, user0_.user_user_password as user_use6_21_0_ from user user0_ where user0_.user_id=?
Hibernate: select character0_.character_id as characte1_6_0_, character0_.character_character_name as characte2_6_0_ from characters character0_ where character0_.character_id=?
Hibernate: select count(*) as col_0_0_ from user user0_ where user0_.user_id=?
Hibernate: select character1_.character_id as characte1_6_, character1_.character_character_name as characte2_6_ from user user0_ inner join characters character1_ on user0_.character_id=character1_.character_id where user0_.user_id=?
Hibernate: select permission0_.character_id as characte6_12_0_, permission0_.permission_id as permissi1_12_0_, permission0_.permission_id as permissi1_12_1_, permission0_.character_id as characte6_12_1_, permission0_.permission_name as permissi2_12_1_, permission0_.permission_permission_unit_id as permissi3_12_1_, permission0_.permission_service as permissi4_12_1_, permission0_.permission_status as permissi5_12_1_ from permission permission0_ where permission0_.character_id=?
Hibernate: select category0_.category_id as col_0_0_ from category category0_ where category0_.category_name=? limit ?
Hibernate: select category0_.category_id as category1_5_1_, category0_.category_name as category2_5_1_, boardlist1_.category_id as category7_4_3_, boardlist1_.board_id as board_id1_4_3_, boardlist1_.board_id as board_id1_4_0_, boardlist1_.category_id as category7_4_0_, boardlist1_.board_content as board_co2_4_0_, boardlist1_.board_created_at as board_cr3_4_0_, boardlist1_.board_last_modified_at as board_la4_4_0_, boardlist1_.board_title as board_ti5_4_0_, boardlist1_.user_id as user_id8_4_0_, boardlist1_.board_views as board_vi6_4_0_ from category category0_ left outer join board boardlist1_ on category0_.category_id=boardlist1_.category_id where category0_.category_id=?
Hibernate: insert into category (category_id, category_name) values (default, ?)
Hibernate: select user0_.user_id as user_id1_21_0_, user0_.character_id as characte7_21_0_, user0_.user_created_at as user_cre2_21_0_, user0_.user_name as user_nam3_21_0_, user0_.user_phone_number as user_pho4_21_0_, user0_.user_user_id as user_use5_21_0_, user0_.user_user_password as user_use6_21_0_ from user user0_ where user0_.user_id=?
Hibernate: select character0_.character_id as characte1_6_0_, character0_.character_character_name as characte2_6_0_ from characters character0_ where character0_.character_id=?
Hibernate: select count(*) as col_0_0_ from user user0_ where user0_.user_id=?
Hibernate: select character1_.character_id as characte1_6_, character1_.character_character_name as characte2_6_ from user user0_ inner join characters character1_ on user0_.character_id=character1_.character_id where user0_.user_id=?
Hibernate: select permission0_.character_id as characte6_12_0_, permission0_.permission_id as permissi1_12_0_, permission0_.permission_id as permissi1_12_1_, permission0_.character_id as characte6_12_1_, permission0_.permission_name as permissi2_12_1_, permission0_.permission_permission_unit_id as permissi3_12_1_, permission0_.permission_service as permissi4_12_1_, permission0_.permission_status as permissi5_12_1_ from permission permission0_ where permission0_.character_id=?
Hibernate: select category0_.category_id as col_0_0_ from category category0_ where category0_.category_name=? limit ?
Hibernate: select category0_.category_id as category1_5_1_, category0_.category_name as category2_5_1_, boardlist1_.category_id as category7_4_3_, boardlist1_.board_id as board_id1_4_3_, boardlist1_.board_id as board_id1_4_0_, boardlist1_.category_id as category7_4_0_, boardlist1_.board_content as board_co2_4_0_, boardlist1_.board_created_at as board_cr3_4_0_, boardlist1_.board_last_modified_at as board_la4_4_0_, boardlist1_.board_title as board_ti5_4_0_, boardlist1_.user_id as user_id8_4_0_, boardlist1_.board_views as board_vi6_4_0_ from category category0_ left outer join board boardlist1_ on category0_.category_id=boardlist1_.category_id where category0_.category_id=?
Hibernate: insert into category (category_id, category_name) values (default, ?)
Hibernate: select user0_.user_id as col_0_0_ from user user0_ where user0_.user_user_id=? limit ?
Hibernate: select user0_.user_id as col_0_0_ from user user0_ where user0_.user_user_id=? limit ?
Hibernate: select U.* from USER U where U.USER_USER_ID =?
Hibernate: select character0_.character_id as characte1_6_0_, character0_.character_character_name as characte2_6_0_ from characters character0_ where character0_.character_id=?
Hibernate: select user0_.user_id as col_0_0_ from user user0_ where user0_.user_user_id=? limit ?
Hibernate: select user0_.user_id as col_0_0_ from user user0_ where user0_.user_user_id=? limit ?
Hibernate: select U.* from USER U where U.USER_USER_ID =?
Hibernate: select character0_.character_id as characte1_6_0_, character0_.character_character_name as characte2_6_0_ from characters character0_ where character0_.character_id=?
Hibernate: select user0_.user_id as col_0_0_ from user user0_ where user0_.user_user_id=? limit ?
Hibernate: select user0_.user_id as col_0_0_ from user user0_ where user0_.user_user_id=? limit ?
Hibernate: select U.* from USER U where U.USER_USER_ID =?
Hibernate: select character0_.character_id as characte1_6_0_, character0_.character_character_name as characte2_6_0_ from characters character0_ where character0_.character_id=?
Hibernate: select user0_.user_id as user_id1_21_0_, user0_.character_id as characte7_21_0_, user0_.user_created_at as user_cre2_21_0_, user0_.user_name as user_nam3_21_0_, user0_.user_phone_number as user_pho4_21_0_, user0_.user_user_id as user_use5_21_0_, user0_.user_user_password as user_use6_21_0_ from user user0_ where user0_.user_id=?
Hibernate: select character0_.character_id as characte1_6_0_, character0_.character_character_name as characte2_6_0_ from characters character0_ where character0_.character_id=?
Hibernate: select count(*) as col_0_0_ from user user0_ where user0_.user_id=?
Hibernate: select character1_.character_id as characte1_6_, character1_.character_character_name as characte2_6_ from user user0_ inner join characters character1_ on user0_.character_id=character1_.character_id where user0_.user_id=?
Hibernate: select permission0_.character_id as characte6_12_0_, permission0_.permission_id as permissi1_12_0_, permission0_.permission_id as permissi1_12_1_, permission0_.character_id as characte6_12_1_, permission0_.permission_name as permissi2_12_1_, permission0_.permission_permission_unit_id as permissi3_12_1_, permission0_.permission_service as permissi4_12_1_, permission0_.permission_status as permissi5_12_1_ from permission permission0_ where permission0_.character_id=?
Hibernate: select category0_.category_id as col_0_0_ from category category0_ where category0_.category_name=? limit ?
Hibernate: select category0_.category_id as category1_5_1_, category0_.category_name as category2_5_1_, boardlist1_.category_id as category7_4_3_, boardlist1_.board_id as board_id1_4_3_, boardlist1_.board_id as board_id1_4_0_, boardlist1_.category_id as category7_4_0_, boardlist1_.board_content as board_co2_4_0_, boardlist1_.board_created_at as board_cr3_4_0_, boardlist1_.board_last_modified_at as board_la4_4_0_, boardlist1_.board_title as board_ti5_4_0_, boardlist1_.user_id as user_id8_4_0_, boardlist1_.board_views as board_vi6_4_0_ from category category0_ left outer join board boardlist1_ on category0_.category_id=boardlist1_.category_id where category0_.category_id=?
Hibernate: insert into category (category_id, category_name) values (default, ?)
Hibernate: select user0_.user_id as user_id1_21_0_, user0_.character_id as characte7_21_0_, user0_.user_created_at as user_cre2_21_0_, user0_.user_name as user_nam3_21_0_, user0_.user_phone_number as user_pho4_21_0_, user0_.user_user_id as user_use5_21_0_, user0_.user_user_password as user_use6_21_0_ from user user0_ where user0_.user_id=?
Hibernate: select character0_.character_id as characte1_6_0_, character0_.character_character_name as characte2_6_0_ from characters character0_ where character0_.character_id=?
Hibernate: select category0_.category_id as category1_5_, category0_.category_name as category2_5_ from category category0_
Hibernate: select boardlist0_.category_id as category7_4_0_, boardlist0_.board_id as board_id1_4_0_, boardlist0_.board_id as board_id1_4_1_, boardlist0_.category_id as category7_4_1_, boardlist0_.board_content as board_co2_4_1_, boardlist0_.board_created_at as board_cr3_4_1_, boardlist0_.board_last_modified_at as board_la4_4_1_, boardlist0_.board_title as board_ti5_4_1_, boardlist0_.user_id as user_id8_4_1_, boardlist0_.board_views as board_vi6_4_1_ from board boardlist0_ where boardlist0_.category_id=?
Hibernate: select boardlist0_.category_id as category7_4_0_, boardlist0_.board_id as board_id1_4_0_, boardlist0_.board_id as board_id1_4_1_, boardlist0_.category_id as category7_4_1_, boardlist0_.board_content as board_co2_4_1_, boardlist0_.board_created_at as board_cr3_4_1_, boardlist0_.board_last_modified_at as board_la4_4_1_, boardlist0_.board_title as board_ti5_4_1_, boardlist0_.user_id as user_id8_4_1_, boardlist0_.board_views as board_vi6_4_1_ from board boardlist0_ where boardlist0_.category_id=?
Hibernate: select boardlist0_.category_id as category7_4_0_, boardlist0_.board_id as board_id1_4_0_, boardlist0_.board_id as board_id1_4_1_, boardlist0_.category_id as category7_4_1_, boardlist0_.board_content as board_co2_4_1_, boardlist0_.board_created_at as board_cr3_4_1_, boardlist0_.board_last_modified_at as board_la4_4_1_, boardlist0_.board_title as board_ti5_4_1_, boardlist0_.user_id as user_id8_4_1_, boardlist0_.board_views as board_vi6_4_1_ from board boardlist0_ where boardlist0_.category_id=?
Hibernate: select user0_.user_id as user_id1_21_0_, user0_.character_id as characte7_21_0_, user0_.user_created_at as user_cre2_21_0_, user0_.user_name as user_nam3_21_0_, user0_.user_phone_number as user_pho4_21_0_, user0_.user_user_id as user_use5_21_0_, user0_.user_user_password as user_use6_21_0_ from user user0_ where user0_.user_id=?
Hibernate: select character0_.character_id as characte1_6_0_, character0_.character_character_name as characte2_6_0_ from characters character0_ where character0_.character_id=?
Hibernate: select count(*) as col_0_0_ from user user0_ where user0_.user_id=?
Hibernate: select character1_.character_id as characte1_6_, character1_.character_character_name as characte2_6_ from user user0_ inner join characters character1_ on user0_.character_id=character1_.character_id where user0_.user_id=?
Hibernate: select permission0_.character_id as characte6_12_0_, permission0_.permission_id as permissi1_12_0_, permission0_.permission_id as permissi1_12_1_, permission0_.character_id as characte6_12_1_, permission0_.permission_name as permissi2_12_1_, permission0_.permission_permission_unit_id as permissi3_12_1_, permission0_.permission_service as permissi4_12_1_, permission0_.permission_status as permissi5_12_1_ from permission permission0_ where permission0_.character_id=?
Hibernate: select count(*) as col_0_0_ from category category0_ where category0_.category_id=?
Hibernate: insert into filename (filename_id, filename_origin, filename_uuid) values (default, ?, ?)
Hibernate: insert into filename (filename_id, filename_origin, filename_uuid) values (default, ?, ?)
Hibernate: select category0_.category_id as category1_5_0_, category0_.category_name as category2_5_0_ from category category0_ where category0_.category_id=?
Hibernate: insert into board (board_id, category_id, board_content, board_created_at, board_last_modified_at, board_title, user_id, board_views) values (default, ?, ?, ?, ?, ?, ?, ?)
Hibernate: insert into reaction (reaction_id, board_id, reaction_type) values (default, ?, ?)
Hibernate: insert into reaction (reaction_id, board_id, reaction_type) values (default, ?, ?)
Hibernate: insert into reaction (reaction_id, board_id, reaction_type) values (default, ?, ?)
Hibernate: insert into reaction (reaction_id, board_id, reaction_type) values (default, ?, ?)
Hibernate: insert into reaction (reaction_id, board_id, reaction_type) values (default, ?, ?)
Hibernate: insert into reaction (reaction_id, board_id, reaction_type) values (default, ?, ?)
Hibernate: insert into file_path_list (board_board_id, board_file_path_list) values (?, ?)
Hibernate: insert into image_path_list (board_board_id, board_image_path_list) values (?, ?)
Hibernate: select user0_.user_id as user_id1_21_0_, user0_.character_id as characte7_21_0_, user0_.user_created_at as user_cre2_21_0_, user0_.user_name as user_nam3_21_0_, user0_.user_phone_number as user_pho4_21_0_, user0_.user_user_id as user_use5_21_0_, user0_.user_user_password as user_use6_21_0_ from user user0_ where user0_.user_id=?
Hibernate: select character0_.character_id as characte1_6_0_, character0_.character_character_name as characte2_6_0_ from characters character0_ where character0_.character_id=?
Hibernate: select count(*) as col_0_0_ from board board0_
Hibernate: select board0_.board_id as board_id1_4_, board0_.category_id as category7_4_, board0_.board_content as board_co2_4_, board0_.board_created_at as board_cr3_4_, board0_.board_last_modified_at as board_la4_4_, board0_.board_title as board_ti5_4_, board0_.user_id as user_id8_4_, board0_.board_views as board_vi6_4_ from board board0_ limit ?
Hibernate: select category0_.category_id as category1_5_0_, category0_.category_name as category2_5_0_ from category category0_ where category0_.category_id=?
Hibernate: select reactionli0_.board_id as board_id3_13_0_, reactionli0_.reaction_id as reaction1_13_0_, reactionli0_.reaction_id as reaction1_13_1_, reactionli0_.board_id as board_id3_13_1_, reactionli0_.reaction_type as reaction2_13_1_ from reaction reactionli0_ where reactionli0_.board_id=?
Hibernate: select reactionus0_.reaction_id as reaction2_14_0_, reactionus0_.reaction_user_id as reaction1_14_0_, reactionus0_.reaction_user_id as reaction1_14_1_, reactionus0_.reaction_id as reaction2_14_1_, reactionus0_.user_id as user_id3_14_1_ from reaction_user reactionus0_ where reactionus0_.reaction_id=?
Hibernate: select reactionus0_.reaction_id as reaction2_14_0_, reactionus0_.reaction_user_id as reaction1_14_0_, reactionus0_.reaction_user_id as reaction1_14_1_, reactionus0_.reaction_id as reaction2_14_1_, reactionus0_.user_id as user_id3_14_1_ from reaction_user reactionus0_ where reactionus0_.reaction_id=?
Hibernate: select reactionus0_.reaction_id as reaction2_14_0_, reactionus0_.reaction_user_id as reaction1_14_0_, reactionus0_.reaction_user_id as reaction1_14_1_, reactionus0_.reaction_id as reaction2_14_1_, reactionus0_.user_id as user_id3_14_1_ from reaction_user reactionus0_ where reactionus0_.reaction_id=?
Hibernate: select reactionus0_.reaction_id as reaction2_14_0_, reactionus0_.reaction_user_id as reaction1_14_0_, reactionus0_.reaction_user_id as reaction1_14_1_, reactionus0_.reaction_id as reaction2_14_1_, reactionus0_.user_id as user_id3_14_1_ from reaction_user reactionus0_ where reactionus0_.reaction_id=?
Hibernate: select reactionus0_.reaction_id as reaction2_14_0_, reactionus0_.reaction_user_id as reaction1_14_0_, reactionus0_.reaction_user_id as reaction1_14_1_, reactionus0_.reaction_id as reaction2_14_1_, reactionus0_.user_id as user_id3_14_1_ from reaction_user reactionus0_ where reactionus0_.reaction_id=?
Hibernate: select reactionus0_.reaction_id as reaction2_14_0_, reactionus0_.reaction_user_id as reaction1_14_0_, reactionus0_.reaction_user_id as reaction1_14_1_, reactionus0_.reaction_id as reaction2_14_1_, reactionus0_.user_id as user_id3_14_1_ from reaction_user reactionus0_ where reactionus0_.reaction_id=?
Hibernate: select commentlis0_.board_id as board_id5_7_0_, commentlis0_.comment_id as comment_1_7_0_, commentlis0_.comment_id as comment_1_7_1_, commentlis0_.board_id as board_id5_7_1_, commentlis0_.comment_content as comment_2_7_1_, commentlis0_.comment_created_at as comment_3_7_1_, commentlis0_.comment_last_modified_at as comment_4_7_1_, commentlis0_.user_id as user_id6_7_1_ from comment commentlis0_ where commentlis0_.board_id=?
Hibernate: select boardlist0_.category_id as category7_4_0_, boardlist0_.board_id as board_id1_4_0_, boardlist0_.board_id as board_id1_4_1_, boardlist0_.category_id as category7_4_1_, boardlist0_.board_content as board_co2_4_1_, boardlist0_.board_created_at as board_cr3_4_1_, boardlist0_.board_last_modified_at as board_la4_4_1_, boardlist0_.board_title as board_ti5_4_1_, boardlist0_.user_id as user_id8_4_1_, boardlist0_.board_views as board_vi6_4_1_ from board boardlist0_ where boardlist0_.category_id=?
Hibernate: select count(comment0_.comment_id) as col_0_0_ from comment comment0_ where comment0_.board_id=?
Hibernate: select count(*) as col_0_0_ from board board0_
Hibernate: select imagepathl0_.board_board_id as board_bo1_11_0_, imagepathl0_.board_image_path_list as board_im2_11_0_ from image_path_list imagepathl0_ where imagepathl0_.board_board_id=?
Hibernate: select filename0_.filename_id as filename1_9_, filename0_.filename_origin as filename2_9_, filename0_.filename_uuid as filename3_9_ from filename filename0_ where filename0_.filename_uuid=?
Hibernate: select filepathli0_.board_board_id as board_bo1_8_0_, filepathli0_.board_file_path_list as board_fi2_8_0_ from file_path_list filepathli0_ where filepathli0_.board_board_id=?
Hibernate: select filename0_.filename_id as filename1_9_, filename0_.filename_origin as filename2_9_, filename0_.filename_uuid as filename3_9_ from filename filename0_ where filename0_.filename_uuid=?
Hibernate: select user0_.user_id as user_id1_21_0_, user0_.character_id as characte7_21_0_, user0_.user_created_at as user_cre2_21_0_, user0_.user_name as user_nam3_21_0_, user0_.user_phone_number as user_pho4_21_0_, user0_.user_user_id as user_use5_21_0_, user0_.user_user_password as user_use6_21_0_ from user user0_ where user0_.user_id=?
Hibernate: select character0_.character_id as characte1_6_0_, character0_.character_character_name as characte2_6_0_ from characters character0_ where character0_.character_id=?
Hibernate: select category0_.category_id as category1_5_, category0_.category_name as category2_5_ from category category0_
Hibernate: select boardlist0_.category_id as category7_4_0_, boardlist0_.board_id as board_id1_4_0_, boardlist0_.board_id as board_id1_4_1_, boardlist0_.category_id as category7_4_1_, boardlist0_.board_content as board_co2_4_1_, boardlist0_.board_created_at as board_cr3_4_1_, boardlist0_.board_last_modified_at as board_la4_4_1_, boardlist0_.board_title as board_ti5_4_1_, boardlist0_.user_id as user_id8_4_1_, boardlist0_.board_views as board_vi6_4_1_ from board boardlist0_ where boardlist0_.category_id=?
Hibernate: select boardlist0_.category_id as category7_4_0_, boardlist0_.board_id as board_id1_4_0_, boardlist0_.board_id as board_id1_4_1_, boardlist0_.category_id as category7_4_1_, boardlist0_.board_content as board_co2_4_1_, boardlist0_.board_created_at as board_cr3_4_1_, boardlist0_.board_last_modified_at as board_la4_4_1_, boardlist0_.board_title as board_ti5_4_1_, boardlist0_.user_id as user_id8_4_1_, boardlist0_.board_views as board_vi6_4_1_ from board boardlist0_ where boardlist0_.category_id=?
Hibernate: select boardlist0_.category_id as category7_4_0_, boardlist0_.board_id as board_id1_4_0_, boardlist0_.board_id as board_id1_4_1_, boardlist0_.category_id as category7_4_1_, boardlist0_.board_content as board_co2_4_1_, boardlist0_.board_created_at as board_cr3_4_1_, boardlist0_.board_last_modified_at as board_la4_4_1_, boardlist0_.board_title as board_ti5_4_1_, boardlist0_.user_id as user_id8_4_1_, boardlist0_.board_views as board_vi6_4_1_ from board boardlist0_ where boardlist0_.category_id=?
Hibernate: select U.* from USER U join BOARD B where U.USER_ID = B.USER_ID and B.BOARD_ID = ?
Hibernate: select character0_.character_id as characte1_6_0_, character0_.character_character_name as characte2_6_0_ from characters character0_ where character0_.character_id=?
Hibernate: select count(*) as col_0_0_ from user user0_ where user0_.user_id=?
Hibernate: select character1_.character_id as characte1_6_, character1_.character_character_name as characte2_6_ from user user0_ inner join characters character1_ on user0_.character_id=character1_.character_id where user0_.user_id=?
Hibernate: select permission0_.character_id as characte6_12_0_, permission0_.permission_id as permissi1_12_0_, permission0_.permission_id as permissi1_12_1_, permission0_.character_id as characte6_12_1_, permission0_.permission_name as permissi2_12_1_, permission0_.permission_permission_unit_id as permissi3_12_1_, permission0_.permission_service as permissi4_12_1_, permission0_.permission_status as permissi5_12_1_ from permission permission0_ where permission0_.character_id=?
Hibernate: select count(*) as col_0_0_ from board board0_ where board0_.board_id=?
Hibernate: select count(*) as col_0_0_ from category category0_ where category0_.category_id=?
Hibernate: select board0_.board_id as board_id1_4_0_, board0_.category_id as category7_4_0_, board0_.board_content as board_co2_4_0_, board0_.board_created_at as board_cr3_4_0_, board0_.board_last_modified_at as board_la4_4_0_, board0_.board_title as board_ti5_4_0_, board0_.user_id as user_id8_4_0_, board0_.board_views as board_vi6_4_0_ from board board0_ where board0_.board_id=?
Hibernate: select category0_.category_id as category1_5_0_, category0_.category_name as category2_5_0_ from category category0_ where category0_.category_id=?
Hibernate: select reactionli0_.board_id as board_id3_13_0_, reactionli0_.reaction_id as reaction1_13_0_, reactionli0_.reaction_id as reaction1_13_1_, reactionli0_.board_id as board_id3_13_1_, reactionli0_.reaction_type as reaction2_13_1_ from reaction reactionli0_ where reactionli0_.board_id=?
Hibernate: select reactionus0_.reaction_id as reaction2_14_0_, reactionus0_.reaction_user_id as reaction1_14_0_, reactionus0_.reaction_user_id as reaction1_14_1_, reactionus0_.reaction_id as reaction2_14_1_, reactionus0_.user_id as user_id3_14_1_ from reaction_user reactionus0_ where reactionus0_.reaction_id=?
Hibernate: select reactionus0_.reaction_id as reaction2_14_0_, reactionus0_.reaction_user_id as reaction1_14_0_, reactionus0_.reaction_user_id as reaction1_14_1_, reactionus0_.reaction_id as reaction2_14_1_, reactionus0_.user_id as user_id3_14_1_ from reaction_user reactionus0_ where reactionus0_.reaction_id=?
Hibernate: select reactionus0_.reaction_id as reaction2_14_0_, reactionus0_.reaction_user_id as reaction1_14_0_, reactionus0_.reaction_user_id as reaction1_14_1_, reactionus0_.reaction_id as reaction2_14_1_, reactionus0_.user_id as user_id3_14_1_ from reaction_user reactionus0_ where reactionus0_.reaction_id=?
Hibernate: select reactionus0_.reaction_id as reaction2_14_0_, reactionus0_.reaction_user_id as reaction1_14_0_, reactionus0_.reaction_user_id as reaction1_14_1_, reactionus0_.reaction_id as reaction2_14_1_, reactionus0_.user_id as user_id3_14_1_ from reaction_user reactionus0_ where reactionus0_.reaction_id=?
Hibernate: select reactionus0_.reaction_id as reaction2_14_0_, reactionus0_.reaction_user_id as reaction1_14_0_, reactionus0_.reaction_user_id as reaction1_14_1_, reactionus0_.reaction_id as reaction2_14_1_, reactionus0_.user_id as user_id3_14_1_ from reaction_user reactionus0_ where reactionus0_.reaction_id=?
Hibernate: select reactionus0_.reaction_id as reaction2_14_0_, reactionus0_.reaction_user_id as reaction1_14_0_, reactionus0_.reaction_user_id as reaction1_14_1_, reactionus0_.reaction_id as reaction2_14_1_, reactionus0_.user_id as user_id3_14_1_ from reaction_user reactionus0_ where reactionus0_.reaction_id=?
Hibernate: select commentlis0_.board_id as board_id5_7_0_, commentlis0_.comment_id as comment_1_7_0_, commentlis0_.comment_id as comment_1_7_1_, commentlis0_.board_id as board_id5_7_1_, commentlis0_.comment_content as comment_2_7_1_, commentlis0_.comment_created_at as comment_3_7_1_, commentlis0_.comment_last_modified_at as comment_4_7_1_, commentlis0_.user_id as user_id6_7_1_ from comment commentlis0_ where commentlis0_.board_id=?
Hibernate: update board set category_id=?, board_content=?, board_created_at=?, board_last_modified_at=?, board_title=?, user_id=?, board_views=? where board_id=?
Hibernate: select filename0_.filename_id as filename1_9_, filename0_.filename_origin as filename2_9_, filename0_.filename_uuid as filename3_9_ from filename filename0_ where filename0_.filename_uuid=?
Hibernate: delete from filename where filename_id=?
Hibernate: select filepathli0_.board_board_id as board_bo1_8_0_, filepathli0_.board_file_path_list as board_fi2_8_0_ from file_path_list filepathli0_ where filepathli0_.board_board_id=?
Hibernate: insert into filename (filename_id, filename_origin, filename_uuid) values (default, ?, ?)
Hibernate: insert into filename (filename_id, filename_origin, filename_uuid) values (default, ?, ?)
Hibernate: select imagepathl0_.board_board_id as board_bo1_11_0_, imagepathl0_.board_image_path_list as board_im2_11_0_ from image_path_list imagepathl0_ where imagepathl0_.board_board_id=?
Hibernate: delete from file_path_list where board_board_id=?
Hibernate: insert into file_path_list (board_board_id, board_file_path_list) values (?, ?)
Hibernate: delete from image_path_list where board_board_id=?
Hibernate: insert into image_path_list (board_board_id, board_image_path_list) values (?, ?)
Hibernate: insert into image_path_list (board_board_id, board_image_path_list) values (?, ?)
Hibernate: select user0_.user_id as col_0_0_ from user user0_ where user0_.user_user_id=? limit ?
Hibernate: select user0_.user_id as col_0_0_ from user user0_ where user0_.user_user_id=? limit ?
Hibernate: select U.* from USER U where U.USER_USER_ID =?
Hibernate: select character0_.character_id as characte1_6_0_, character0_.character_character_name as characte2_6_0_ from characters character0_ where character0_.character_id=?
Hibernate: select user0_.user_id as user_id1_21_0_, user0_.character_id as characte7_21_0_, user0_.user_created_at as user_cre2_21_0_, user0_.user_name as user_nam3_21_0_, user0_.user_phone_number as user_pho4_21_0_, user0_.user_user_id as user_use5_21_0_, user0_.user_user_password as user_use6_21_0_ from user user0_ where user0_.user_id=?
Hibernate: select character0_.character_id as characte1_6_0_, character0_.character_character_name as characte2_6_0_ from characters character0_ where character0_.character_id=?
Hibernate: select count(*) as col_0_0_ from board board0_
Hibernate: select board0_.board_id as board_id1_4_, board0_.category_id as category7_4_, board0_.board_content as board_co2_4_, board0_.board_created_at as board_cr3_4_, board0_.board_last_modified_at as board_la4_4_, board0_.board_title as board_ti5_4_, board0_.user_id as user_id8_4_, board0_.board_views as board_vi6_4_ from board board0_ limit ?
Hibernate: select category0_.category_id as category1_5_0_, category0_.category_name as category2_5_0_ from category category0_ where category0_.category_id=?
Hibernate: select reactionli0_.board_id as board_id3_13_0_, reactionli0_.reaction_id as reaction1_13_0_, reactionli0_.reaction_id as reaction1_13_1_, reactionli0_.board_id as board_id3_13_1_, reactionli0_.reaction_type as reaction2_13_1_ from reaction reactionli0_ where reactionli0_.board_id=?
Hibernate: select reactionus0_.reaction_id as reaction2_14_0_, reactionus0_.reaction_user_id as reaction1_14_0_, reactionus0_.reaction_user_id as reaction1_14_1_, reactionus0_.reaction_id as reaction2_14_1_, reactionus0_.user_id as user_id3_14_1_ from reaction_user reactionus0_ where reactionus0_.reaction_id=?
Hibernate: select reactionus0_.reaction_id as reaction2_14_0_, reactionus0_.reaction_user_id as reaction1_14_0_, reactionus0_.reaction_user_id as reaction1_14_1_, reactionus0_.reaction_id as reaction2_14_1_, reactionus0_.user_id as user_id3_14_1_ from reaction_user reactionus0_ where reactionus0_.reaction_id=?
Hibernate: select reactionus0_.reaction_id as reaction2_14_0_, reactionus0_.reaction_user_id as reaction1_14_0_, reactionus0_.reaction_user_id as reaction1_14_1_, reactionus0_.reaction_id as reaction2_14_1_, reactionus0_.user_id as user_id3_14_1_ from reaction_user reactionus0_ where reactionus0_.reaction_id=?
Hibernate: select reactionus0_.reaction_id as reaction2_14_0_, reactionus0_.reaction_user_id as reaction1_14_0_, reactionus0_.reaction_user_id as reaction1_14_1_, reactionus0_.reaction_id as reaction2_14_1_, reactionus0_.user_id as user_id3_14_1_ from reaction_user reactionus0_ where reactionus0_.reaction_id=?
Hibernate: select reactionus0_.reaction_id as reaction2_14_0_, reactionus0_.reaction_user_id as reaction1_14_0_, reactionus0_.reaction_user_id as reaction1_14_1_, reactionus0_.reaction_id as reaction2_14_1_, reactionus0_.user_id as user_id3_14_1_ from reaction_user reactionus0_ where reactionus0_.reaction_id=?
Hibernate: select reactionus0_.reaction_id as reaction2_14_0_, reactionus0_.reaction_user_id as reaction1_14_0_, reactionus0_.reaction_user_id as reaction1_14_1_, reactionus0_.reaction_id as reaction2_14_1_, reactionus0_.user_id as user_id3_14_1_ from reaction_user reactionus0_ where reactionus0_.reaction_id=?
Hibernate: select commentlis0_.board_id as board_id5_7_0_, commentlis0_.comment_id as comment_1_7_0_, commentlis0_.comment_id as comment_1_7_1_, commentlis0_.board_id as board_id5_7_1_, commentlis0_.comment_content as comment_2_7_1_, commentlis0_.comment_created_at as comment_3_7_1_, commentlis0_.comment_last_modified_at as comment_4_7_1_, commentlis0_.user_id as user_id6_7_1_ from comment commentlis0_ where commentlis0_.board_id=?
Hibernate: select boardlist0_.category_id as category7_4_0_, boardlist0_.board_id as board_id1_4_0_, boardlist0_.board_id as board_id1_4_1_, boardlist0_.category_id as category7_4_1_, boardlist0_.board_content as board_co2_4_1_, boardlist0_.board_created_at as board_cr3_4_1_, boardlist0_.board_last_modified_at as board_la4_4_1_, boardlist0_.board_title as board_ti5_4_1_, boardlist0_.user_id as user_id8_4_1_, boardlist0_.board_views as board_vi6_4_1_ from board boardlist0_ where boardlist0_.category_id=?
Hibernate: select count(comment0_.comment_id) as col_0_0_ from comment comment0_ where comment0_.board_id=?
Hibernate: select count(*) as col_0_0_ from board board0_
Hibernate: select imagepathl0_.board_board_id as board_bo1_11_0_, imagepathl0_.board_image_path_list as board_im2_11_0_ from image_path_list imagepathl0_ where imagepathl0_.board_board_id=?
Hibernate: select filename0_.filename_id as filename1_9_, filename0_.filename_origin as filename2_9_, filename0_.filename_uuid as filename3_9_ from filename filename0_ where filename0_.filename_uuid=?
Hibernate: select filename0_.filename_id as filename1_9_, filename0_.filename_origin as filename2_9_, filename0_.filename_uuid as filename3_9_ from filename filename0_ where filename0_.filename_uuid=?
Hibernate: select filepathli0_.board_board_id as board_bo1_8_0_, filepathli0_.board_file_path_list as board_fi2_8_0_ from file_path_list filepathli0_ where filepathli0_.board_board_id=?
Hibernate: select filename0_.filename_id as filename1_9_, filename0_.filename_origin as filename2_9_, filename0_.filename_uuid as filename3_9_ from filename filename0_ where filename0_.filename_uuid=?
Hibernate: select U.* from USER U join BOARD B where U.USER_ID = B.USER_ID and B.BOARD_ID = ?
Hibernate: select character0_.character_id as characte1_6_0_, character0_.character_character_name as characte2_6_0_ from characters character0_ where character0_.character_id=?
Hibernate: select count(*) as col_0_0_ from user user0_ where user0_.user_id=?
Hibernate: select character1_.character_id as characte1_6_, character1_.character_character_name as characte2_6_ from user user0_ inner join characters character1_ on user0_.character_id=character1_.character_id where user0_.user_id=?
Hibernate: select permission0_.character_id as characte6_12_0_, permission0_.permission_id as permissi1_12_0_, permission0_.permission_id as permissi1_12_1_, permission0_.character_id as characte6_12_1_, permission0_.permission_name as permissi2_12_1_, permission0_.permission_permission_unit_id as permissi3_12_1_, permission0_.permission_service as permissi4_12_1_, permission0_.permission_status as permissi5_12_1_ from permission permission0_ where permission0_.character_id=?
Hibernate: select count(*) as col_0_0_ from board board0_ where board0_.board_id=?
Hibernate: select board0_.board_id as board_id1_4_0_, board0_.category_id as category7_4_0_, board0_.board_content as board_co2_4_0_, board0_.board_created_at as board_cr3_4_0_, board0_.board_last_modified_at as board_la4_4_0_, board0_.board_title as board_ti5_4_0_, board0_.user_id as user_id8_4_0_, board0_.board_views as board_vi6_4_0_ from board board0_ where board0_.board_id=?
Hibernate: select category0_.category_id as category1_5_0_, category0_.category_name as category2_5_0_ from category category0_ where category0_.category_id=?
Hibernate: select reactionli0_.board_id as board_id3_13_0_, reactionli0_.reaction_id as reaction1_13_0_, reactionli0_.reaction_id as reaction1_13_1_, reactionli0_.board_id as board_id3_13_1_, reactionli0_.reaction_type as reaction2_13_1_ from reaction reactionli0_ where reactionli0_.board_id=?
Hibernate: select reactionus0_.reaction_id as reaction2_14_0_, reactionus0_.reaction_user_id as reaction1_14_0_, reactionus0_.reaction_user_id as reaction1_14_1_, reactionus0_.reaction_id as reaction2_14_1_, reactionus0_.user_id as user_id3_14_1_ from reaction_user reactionus0_ where reactionus0_.reaction_id=?
Hibernate: select reactionus0_.reaction_id as reaction2_14_0_, reactionus0_.reaction_user_id as reaction1_14_0_, reactionus0_.reaction_user_id as reaction1_14_1_, reactionus0_.reaction_id as reaction2_14_1_, reactionus0_.user_id as user_id3_14_1_ from reaction_user reactionus0_ where reactionus0_.reaction_id=?
Hibernate: select reactionus0_.reaction_id as reaction2_14_0_, reactionus0_.reaction_user_id as reaction1_14_0_, reactionus0_.reaction_user_id as reaction1_14_1_, reactionus0_.reaction_id as reaction2_14_1_, reactionus0_.user_id as user_id3_14_1_ from reaction_user reactionus0_ where reactionus0_.reaction_id=?
Hibernate: select reactionus0_.reaction_id as reaction2_14_0_, reactionus0_.reaction_user_id as reaction1_14_0_, reactionus0_.reaction_user_id as reaction1_14_1_, reactionus0_.reaction_id as reaction2_14_1_, reactionus0_.user_id as user_id3_14_1_ from reaction_user reactionus0_ where reactionus0_.reaction_id=?
Hibernate: select reactionus0_.reaction_id as reaction2_14_0_, reactionus0_.reaction_user_id as reaction1_14_0_, reactionus0_.reaction_user_id as reaction1_14_1_, reactionus0_.reaction_id as reaction2_14_1_, reactionus0_.user_id as user_id3_14_1_ from reaction_user reactionus0_ where reactionus0_.reaction_id=?
Hibernate: select reactionus0_.reaction_id as reaction2_14_0_, reactionus0_.reaction_user_id as reaction1_14_0_, reactionus0_.reaction_user_id as reaction1_14_1_, reactionus0_.reaction_id as reaction2_14_1_, reactionus0_.user_id as user_id3_14_1_ from reaction_user reactionus0_ where reactionus0_.reaction_id=?
Hibernate: select commentlis0_.board_id as board_id5_7_0_, commentlis0_.comment_id as comment_1_7_0_, commentlis0_.comment_id as comment_1_7_1_, commentlis0_.board_id as board_id5_7_1_, commentlis0_.comment_content as comment_2_7_1_, commentlis0_.comment_created_at as comment_3_7_1_, commentlis0_.comment_last_modified_at as comment_4_7_1_, commentlis0_.user_id as user_id6_7_1_ from comment commentlis0_ where commentlis0_.board_id=?
Hibernate: select boardlist0_.category_id as category7_4_0_, boardlist0_.board_id as board_id1_4_0_, boardlist0_.board_id as board_id1_4_1_, boardlist0_.category_id as category7_4_1_, boardlist0_.board_content as board_co2_4_1_, boardlist0_.board_created_at as board_cr3_4_1_, boardlist0_.board_last_modified_at as board_la4_4_1_, boardlist0_.board_title as board_ti5_4_1_, boardlist0_.user_id as user_id8_4_1_, boardlist0_.board_views as board_vi6_4_1_ from board boardlist0_ where boardlist0_.category_id=?
Hibernate: select count(comment0_.comment_id) as col_0_0_ from comment comment0_ where comment0_.board_id=?
Hibernate: update board set category_id=?, board_content=?, board_created_at=?, board_last_modified_at=?, board_title=?, user_id=?, board_views=? where board_id=?
Hibernate: select filepathli0_.board_board_id as board_bo1_8_0_, filepathli0_.board_file_path_list as board_fi2_8_0_ from file_path_list filepathli0_ where filepathli0_.board_board_id=?
Hibernate: select filename0_.filename_id as filename1_9_, filename0_.filename_origin as filename2_9_, filename0_.filename_uuid as filename3_9_ from filename filename0_ where filename0_.filename_uuid=?
Hibernate: delete from filename where filename_id=?
Hibernate: select imagepathl0_.board_board_id as board_bo1_11_0_, imagepathl0_.board_image_path_list as board_im2_11_0_ from image_path_list imagepathl0_ where imagepathl0_.board_board_id=?
Hibernate: select filename0_.filename_id as filename1_9_, filename0_.filename_origin as filename2_9_, filename0_.filename_uuid as filename3_9_ from filename filename0_ where filename0_.filename_uuid=?
Hibernate: delete from filename where filename_id=?
Hibernate: select filename0_.filename_id as filename1_9_, filename0_.filename_origin as filename2_9_, filename0_.filename_uuid as filename3_9_ from filename filename0_ where filename0_.filename_uuid=?
Hibernate: delete from filename where filename_id=?
Hibernate: select count(*) as col_0_0_ from board board0_ where board0_.board_id=?
Hibernate: delete from file_path_list where board_board_id=?
Hibernate: delete from image_path_list where board_board_id=?
Hibernate: delete from reaction where reaction_id=?
Hibernate: delete from reaction where reaction_id=?
Hibernate: delete from reaction where reaction_id=?
Hibernate: delete from reaction where reaction_id=?
Hibernate: delete from reaction where reaction_id=?
Hibernate: delete from reaction where reaction_id=?
Hibernate: delete from board where board_id=?
Hibernate: select user0_.user_id as user_id1_21_0_, user0_.character_id as characte7_21_0_, user0_.user_created_at as user_cre2_21_0_, user0_.user_name as user_nam3_21_0_, user0_.user_phone_number as user_pho4_21_0_, user0_.user_user_id as user_use5_21_0_, user0_.user_user_password as user_use6_21_0_ from user user0_ where user0_.user_id=?
Hibernate: select character0_.character_id as characte1_6_0_, character0_.character_character_name as characte2_6_0_ from characters character0_ where character0_.character_id=?
Hibernate: select count(*) as col_0_0_ from user user0_ where user0_.user_id=?
Hibernate: select character1_.character_id as characte1_6_, character1_.character_character_name as characte2_6_ from user user0_ inner join characters character1_ on user0_.character_id=character1_.character_id where user0_.user_id=?
Hibernate: select permission0_.character_id as characte6_12_0_, permission0_.permission_id as permissi1_12_0_, permission0_.permission_id as permissi1_12_1_, permission0_.character_id as characte6_12_1_, permission0_.permission_name as permissi2_12_1_, permission0_.permission_permission_unit_id as permissi3_12_1_, permission0_.permission_service as permissi4_12_1_, permission0_.permission_status as permissi5_12_1_ from permission permission0_ where permission0_.character_id=?
Hibernate: select count(*) as col_0_0_ from board board0_ where board0_.board_id=?
Hibernate: select user0_.user_id as col_0_0_ from user user0_ where user0_.user_user_id=? limit ?
Hibernate: select user0_.user_id as col_0_0_ from user user0_ where user0_.user_user_id=? limit ?
Hibernate: select U.* from USER U where U.USER_USER_ID =?
Hibernate: select character0_.character_id as characte1_6_0_, character0_.character_character_name as characte2_6_0_ from characters character0_ where character0_.character_id=?
Hibernate: select user0_.user_id as user_id1_21_0_, user0_.character_id as characte7_21_0_, user0_.user_created_at as user_cre2_21_0_, user0_.user_name as user_nam3_21_0_, user0_.user_phone_number as user_pho4_21_0_, user0_.user_user_id as user_use5_21_0_, user0_.user_user_password as user_use6_21_0_ from user user0_ where user0_.user_id=?
Hibernate: select character0_.character_id as characte1_6_0_, character0_.character_character_name as characte2_6_0_ from characters character0_ where character0_.character_id=?
Hibernate: select category0_.category_id as category1_5_, category0_.category_name as category2_5_ from category category0_
Hibernate: select boardlist0_.category_id as category7_4_0_, boardlist0_.board_id as board_id1_4_0_, boardlist0_.board_id as board_id1_4_1_, boardlist0_.category_id as category7_4_1_, boardlist0_.board_content as board_co2_4_1_, boardlist0_.board_created_at as board_cr3_4_1_, boardlist0_.board_last_modified_at as board_la4_4_1_, boardlist0_.board_title as board_ti5_4_1_, boardlist0_.user_id as user_id8_4_1_, boardlist0_.board_views as board_vi6_4_1_ from board boardlist0_ where boardlist0_.category_id=?
Hibernate: select boardlist0_.category_id as category7_4_0_, boardlist0_.board_id as board_id1_4_0_, boardlist0_.board_id as board_id1_4_1_, boardlist0_.category_id as category7_4_1_, boardlist0_.board_content as board_co2_4_1_, boardlist0_.board_created_at as board_cr3_4_1_, boardlist0_.board_last_modified_at as board_la4_4_1_, boardlist0_.board_title as board_ti5_4_1_, boardlist0_.user_id as user_id8_4_1_, boardlist0_.board_views as board_vi6_4_1_ from board boardlist0_ where boardlist0_.category_id=?
Hibernate: select boardlist0_.category_id as category7_4_0_, boardlist0_.board_id as board_id1_4_0_, boardlist0_.board_id as board_id1_4_1_, boardlist0_.category_id as category7_4_1_, boardlist0_.board_content as board_co2_4_1_, boardlist0_.board_created_at as board_cr3_4_1_, boardlist0_.board_last_modified_at as board_la4_4_1_, boardlist0_.board_title as board_ti5_4_1_, boardlist0_.user_id as user_id8_4_1_, boardlist0_.board_views as board_vi6_4_1_ from board boardlist0_ where boardlist0_.category_id=?
Hibernate: select user0_.user_id as user_id1_21_0_, user0_.character_id as characte7_21_0_, user0_.user_created_at as user_cre2_21_0_, user0_.user_name as user_nam3_21_0_, user0_.user_phone_number as user_pho4_21_0_, user0_.user_user_id as user_use5_21_0_, user0_.user_user_password as user_use6_21_0_ from user user0_ where user0_.user_id=?
Hibernate: select character0_.character_id as characte1_6_0_, character0_.character_character_name as characte2_6_0_ from characters character0_ where character0_.character_id=?
Hibernate: select count(*) as col_0_0_ from user user0_ where user0_.user_id=?
Hibernate: select character1_.character_id as characte1_6_, character1_.character_character_name as characte2_6_ from user user0_ inner join characters character1_ on user0_.character_id=character1_.character_id where user0_.user_id=?
Hibernate: select permission0_.character_id as characte6_12_0_, permission0_.permission_id as permissi1_12_0_, permission0_.permission_id as permissi1_12_1_, permission0_.character_id as characte6_12_1_, permission0_.permission_name as permissi2_12_1_, permission0_.permission_permission_unit_id as permissi3_12_1_, permission0_.permission_service as permissi4_12_1_, permission0_.permission_status as permissi5_12_1_ from permission permission0_ where permission0_.character_id=?
Hibernate: select count(*) as col_0_0_ from category category0_ where category0_.category_id=?
Hibernate: select count(board0_.board_id) as col_0_0_ from board board0_ where board0_.category_id=?
Hibernate: select category0_.category_id as category1_5_0_, category0_.category_name as category2_5_0_ from category category0_ where category0_.category_id=?
Hibernate: select boardlist0_.category_id as category7_4_0_, boardlist0_.board_id as board_id1_4_0_, boardlist0_.board_id as board_id1_4_1_, boardlist0_.category_id as category7_4_1_, boardlist0_.board_content as board_co2_4_1_, boardlist0_.board_created_at as board_cr3_4_1_, boardlist0_.board_last_modified_at as board_la4_4_1_, boardlist0_.board_title as board_ti5_4_1_, boardlist0_.user_id as user_id8_4_1_, boardlist0_.board_views as board_vi6_4_1_ from board boardlist0_ where boardlist0_.category_id=?
Hibernate: delete from category where category_id=?
Hibernate: select user0_.user_id as user_id1_21_0_, user0_.character_id as characte7_21_0_, user0_.user_created_at as user_cre2_21_0_, user0_.user_name as user_nam3_21_0_, user0_.user_phone_number as user_pho4_21_0_, user0_.user_user_id as user_use5_21_0_, user0_.user_user_password as user_use6_21_0_ from user user0_ where user0_.user_id=?
Hibernate: select character0_.character_id as characte1_6_0_, character0_.character_character_name as characte2_6_0_ from characters character0_ where character0_.character_id=?
Hibernate: select count(*) as col_0_0_ from user user0_ where user0_.user_id=?
Hibernate: select character1_.character_id as characte1_6_, character1_.character_character_name as characte2_6_ from user user0_ inner join characters character1_ on user0_.character_id=character1_.character_id where user0_.user_id=?
Hibernate: select permission0_.character_id as characte6_12_0_, permission0_.permission_id as permissi1_12_0_, permission0_.permission_id as permissi1_12_1_, permission0_.character_id as characte6_12_1_, permission0_.permission_name as permissi2_12_1_, permission0_.permission_permission_unit_id as permissi3_12_1_, permission0_.permission_service as permissi4_12_1_, permission0_.permission_status as permissi5_12_1_ from permission permission0_ where permission0_.character_id=?
Hibernate: select count(*) as col_0_0_ from category category0_ where category0_.category_id=?
Hibernate: select count(board0_.board_id) as col_0_0_ from board board0_ where board0_.category_id=?
Hibernate: select category0_.category_id as category1_5_0_, category0_.category_name as category2_5_0_ from category category0_ where category0_.category_id=?
Hibernate: select boardlist0_.category_id as category7_4_0_, boardlist0_.board_id as board_id1_4_0_, boardlist0_.board_id as board_id1_4_1_, boardlist0_.category_id as category7_4_1_, boardlist0_.board_content as board_co2_4_1_, boardlist0_.board_created_at as board_cr3_4_1_, boardlist0_.board_last_modified_at as board_la4_4_1_, boardlist0_.board_title as board_ti5_4_1_, boardlist0_.user_id as user_id8_4_1_, boardlist0_.board_views as board_vi6_4_1_ from board boardlist0_ where boardlist0_.category_id=?
Hibernate: delete from category where category_id=?
Hibernate: select user0_.user_id as user_id1_21_0_, user0_.character_id as characte7_21_0_, user0_.user_created_at as user_cre2_21_0_, user0_.user_name as user_nam3_21_0_, user0_.user_phone_number as user_pho4_21_0_, user0_.user_user_id as user_use5_21_0_, user0_.user_user_password as user_use6_21_0_ from user user0_ where user0_.user_id=?
Hibernate: select character0_.character_id as characte1_6_0_, character0_.character_character_name as characte2_6_0_ from characters character0_ where character0_.character_id=?
Hibernate: select count(*) as col_0_0_ from user user0_ where user0_.user_id=?
Hibernate: select character1_.character_id as characte1_6_, character1_.character_character_name as characte2_6_ from user user0_ inner join characters character1_ on user0_.character_id=character1_.character_id where user0_.user_id=?
Hibernate: select permission0_.character_id as characte6_12_0_, permission0_.permission_id as permissi1_12_0_, permission0_.permission_id as permissi1_12_1_, permission0_.character_id as characte6_12_1_, permission0_.permission_name as permissi2_12_1_, permission0_.permission_permission_unit_id as permissi3_12_1_, permission0_.permission_service as permissi4_12_1_, permission0_.permission_status as permissi5_12_1_ from permission permission0_ where permission0_.character_id=?
Hibernate: select count(*) as col_0_0_ from category category0_ where category0_.category_id=?
Hibernate: select count(board0_.board_id) as col_0_0_ from board board0_ where board0_.category_id=?
Hibernate: select category0_.category_id as category1_5_0_, category0_.category_name as category2_5_0_ from category category0_ where category0_.category_id=?
Hibernate: select boardlist0_.category_id as category7_4_0_, boardlist0_.board_id as board_id1_4_0_, boardlist0_.board_id as board_id1_4_1_, boardlist0_.category_id as category7_4_1_, boardlist0_.board_content as board_co2_4_1_, boardlist0_.board_created_at as board_cr3_4_1_, boardlist0_.board_last_modified_at as board_la4_4_1_, boardlist0_.board_title as board_ti5_4_1_, boardlist0_.user_id as user_id8_4_1_, boardlist0_.board_views as board_vi6_4_1_ from board boardlist0_ where boardlist0_.category_id=?
Hibernate: delete from category where category_id=?
Hibernate: select user0_.user_id as user_id1_21_0_, user0_.character_id as characte7_21_0_, user0_.user_created_at as user_cre2_21_0_, user0_.user_name as user_nam3_21_0_, user0_.user_phone_number as user_pho4_21_0_, user0_.user_user_id as user_use5_21_0_, user0_.user_user_password as user_use6_21_0_ from user user0_ where user0_.user_id=?
Hibernate: select character0_.character_id as characte1_6_0_, character0_.character_character_name as characte2_6_0_ from characters character0_ where character0_.character_id=?
Hibernate: select count(*) as col_0_0_ from user user0_ where user0_.user_id=?
Hibernate: select character1_.character_id as characte1_6_, character1_.character_character_name as characte2_6_ from user user0_ inner join characters character1_ on user0_.character_id=character1_.character_id where user0_.user_id=?
Hibernate: select permission0_.character_id as characte6_12_0_, permission0_.permission_id as permissi1_12_0_, permission0_.permission_id as permissi1_12_1_, permission0_.character_id as characte6_12_1_, permission0_.permission_name as permissi2_12_1_, permission0_.permission_permission_unit_id as permissi3_12_1_, permission0_.permission_service as permissi4_12_1_, permission0_.permission_status as permissi5_12_1_ from permission permission0_ where permission0_.character_id=?
Hibernate: select category0_.category_id as col_0_0_ from category category0_ where category0_.category_name=? limit ?
Hibernate: select category0_.category_id as category1_5_1_, category0_.category_name as category2_5_1_, boardlist1_.category_id as category7_4_3_, boardlist1_.board_id as board_id1_4_3_, boardlist1_.board_id as board_id1_4_0_, boardlist1_.category_id as category7_4_0_, boardlist1_.board_content as board_co2_4_0_, boardlist1_.board_created_at as board_cr3_4_0_, boardlist1_.board_last_modified_at as board_la4_4_0_, boardlist1_.board_title as board_ti5_4_0_, boardlist1_.user_id as user_id8_4_0_, boardlist1_.board_views as board_vi6_4_0_ from category category0_ left outer join board boardlist1_ on category0_.category_id=boardlist1_.category_id where category0_.category_id=?
Hibernate: insert into category (category_id, category_name) values (default, ?)
Hibernate: select user0_.user_id as user_id1_21_0_, user0_.character_id as characte7_21_0_, user0_.user_created_at as user_cre2_21_0_, user0_.user_name as user_nam3_21_0_, user0_.user_phone_number as user_pho4_21_0_, user0_.user_user_id as user_use5_21_0_, user0_.user_user_password as user_use6_21_0_ from user user0_ where user0_.user_id=?
Hibernate: select character0_.character_id as characte1_6_0_, character0_.character_character_name as characte2_6_0_ from characters character0_ where character0_.character_id=?
Hibernate: select count(*) as col_0_0_ from user user0_ where user0_.user_id=?
Hibernate: select character1_.character_id as characte1_6_, character1_.character_character_name as characte2_6_ from user user0_ inner join characters character1_ on user0_.character_id=character1_.character_id where user0_.user_id=?
Hibernate: select permission0_.character_id as characte6_12_0_, permission0_.permission_id as permissi1_12_0_, permission0_.permission_id as permissi1_12_1_, permission0_.character_id as characte6_12_1_, permission0_.permission_name as permissi2_12_1_, permission0_.permission_permission_unit_id as permissi3_12_1_, permission0_.permission_service as permissi4_12_1_, permission0_.permission_status as permissi5_12_1_ from permission permission0_ where permission0_.character_id=?
Hibernate: select category0_.category_id as col_0_0_ from category category0_ where category0_.category_name=? limit ?
Hibernate: select category0_.category_id as category1_5_1_, category0_.category_name as category2_5_1_, boardlist1_.category_id as category7_4_3_, boardlist1_.board_id as board_id1_4_3_, boardlist1_.board_id as board_id1_4_0_, boardlist1_.category_id as category7_4_0_, boardlist1_.board_content as board_co2_4_0_, boardlist1_.board_created_at as board_cr3_4_0_, boardlist1_.board_last_modified_at as board_la4_4_0_, boardlist1_.board_title as board_ti5_4_0_, boardlist1_.user_id as user_id8_4_0_, boardlist1_.board_views as board_vi6_4_0_ from category category0_ left outer join board boardlist1_ on category0_.category_id=boardlist1_.category_id where category0_.category_id=?
Hibernate: insert into category (category_id, category_name) values (default, ?)
Hibernate: select user0_.user_id as col_0_0_ from user user0_ where user0_.user_user_id=? limit ?
Hibernate: select user0_.user_id as col_0_0_ from user user0_ where user0_.user_user_id=? limit ?
Hibernate: select U.* from USER U where U.USER_USER_ID =?
Hibernate: select character0_.character_id as characte1_6_0_, character0_.character_character_name as characte2_6_0_ from characters character0_ where character0_.character_id=?
Hibernate: select user0_.user_id as col_0_0_ from user user0_ where user0_.user_user_id=? limit ?
Hibernate: select user0_.user_id as col_0_0_ from user user0_ where user0_.user_user_id=? limit ?
Hibernate: select U.* from USER U where U.USER_USER_ID =?
Hibernate: select character0_.character_id as characte1_6_0_, character0_.character_character_name as characte2_6_0_ from characters character0_ where character0_.character_id=?
Hibernate: select user0_.user_id as user_id1_21_0_, user0_.character_id as characte7_21_0_, user0_.user_created_at as user_cre2_21_0_, user0_.user_name as user_nam3_21_0_, user0_.user_phone_number as user_pho4_21_0_, user0_.user_user_id as user_use5_21_0_, user0_.user_user_password as user_use6_21_0_ from user user0_ where user0_.user_id=?
Hibernate: select character0_.character_id as characte1_6_0_, character0_.character_character_name as characte2_6_0_ from characters character0_ where character0_.character_id=?
Hibernate: select count(*) as col_0_0_ from board board0_
Hibernate: select count(*) as col_0_0_ from board board0_
Hibernate: select user0_.user_id as col_0_0_ from user user0_ where user0_.user_user_id=? limit ?
Hibernate: select user0_.user_id as col_0_0_ from user user0_ where user0_.user_user_id=? limit ?
Hibernate: select U.* from USER U where U.USER_USER_ID =?
Hibernate: select character0_.character_id as characte1_6_0_, character0_.character_character_name as characte2_6_0_ from characters character0_ where character0_.character_id=?
Hibernate: select user0_.user_id as user_id1_21_0_, user0_.character_id as characte7_21_0_, user0_.user_created_at as user_cre2_21_0_, user0_.user_name as user_nam3_21_0_, user0_.user_phone_number as user_pho4_21_0_, user0_.user_user_id as user_use5_21_0_, user0_.user_user_password as user_use6_21_0_ from user user0_ where user0_.user_id=?
Hibernate: select character0_.character_id as characte1_6_0_, character0_.character_character_name as characte2_6_0_ from characters character0_ where character0_.character_id=?
Hibernate: select category0_.category_id as category1_5_, category0_.category_name as category2_5_ from category category0_
Hibernate: select boardlist0_.category_id as category7_4_0_, boardlist0_.board_id as board_id1_4_0_, boardlist0_.board_id as board_id1_4_1_, boardlist0_.category_id as category7_4_1_, boardlist0_.board_content as board_co2_4_1_, boardlist0_.board_created_at as board_cr3_4_1_, boardlist0_.board_last_modified_at as board_la4_4_1_, boardlist0_.board_title as board_ti5_4_1_, boardlist0_.user_id as user_id8_4_1_, boardlist0_.board_views as board_vi6_4_1_ from board boardlist0_ where boardlist0_.category_id=?
Hibernate: select boardlist0_.category_id as category7_4_0_, boardlist0_.board_id as board_id1_4_0_, boardlist0_.board_id as board_id1_4_1_, boardlist0_.category_id as category7_4_1_, boardlist0_.board_content as board_co2_4_1_, boardlist0_.board_created_at as board_cr3_4_1_, boardlist0_.board_last_modified_at as board_la4_4_1_, boardlist0_.board_title as board_ti5_4_1_, boardlist0_.user_id as user_id8_4_1_, boardlist0_.board_views as board_vi6_4_1_ from board boardlist0_ where boardlist0_.category_id=?
Hibernate: select user0_.user_id as user_id1_21_0_, user0_.character_id as characte7_21_0_, user0_.user_created_at as user_cre2_21_0_, user0_.user_name as user_nam3_21_0_, user0_.user_phone_number as user_pho4_21_0_, user0_.user_user_id as user_use5_21_0_, user0_.user_user_password as user_use6_21_0_ from user user0_ where user0_.user_id=?
Hibernate: select character0_.character_id as characte1_6_0_, character0_.character_character_name as characte2_6_0_ from characters character0_ where character0_.character_id=?
Hibernate: select count(*) as col_0_0_ from user user0_ where user0_.user_id=?
Hibernate: select character1_.character_id as characte1_6_, character1_.character_character_name as characte2_6_ from user user0_ inner join characters character1_ on user0_.character_id=character1_.character_id where user0_.user_id=?
Hibernate: select permission0_.character_id as characte6_12_0_, permission0_.permission_id as permissi1_12_0_, permission0_.permission_id as permissi1_12_1_, permission0_.character_id as characte6_12_1_, permission0_.permission_name as permissi2_12_1_, permission0_.permission_permission_unit_id as permissi3_12_1_, permission0_.permission_service as permissi4_12_1_, permission0_.permission_status as permissi5_12_1_ from permission permission0_ where permission0_.character_id=?
Hibernate: select count(*) as col_0_0_ from category category0_ where category0_.category_id=?
Hibernate: select count(board0_.board_id) as col_0_0_ from board board0_ where board0_.category_id=?
Hibernate: select category0_.category_id as category1_5_0_, category0_.category_name as category2_5_0_ from category category0_ where category0_.category_id=?
Hibernate: select boardlist0_.category_id as category7_4_0_, boardlist0_.board_id as board_id1_4_0_, boardlist0_.board_id as board_id1_4_1_, boardlist0_.category_id as category7_4_1_, boardlist0_.board_content as board_co2_4_1_, boardlist0_.board_created_at as board_cr3_4_1_, boardlist0_.board_last_modified_at as board_la4_4_1_, boardlist0_.board_title as board_ti5_4_1_, boardlist0_.user_id as user_id8_4_1_, boardlist0_.board_views as board_vi6_4_1_ from board boardlist0_ where boardlist0_.category_id=?
Hibernate: delete from category where category_id=?
Hibernate: select user0_.user_id as user_id1_21_0_, user0_.character_id as characte7_21_0_, user0_.user_created_at as user_cre2_21_0_, user0_.user_name as user_nam3_21_0_, user0_.user_phone_number as user_pho4_21_0_, user0_.user_user_id as user_use5_21_0_, user0_.user_user_password as user_use6_21_0_ from user user0_ where user0_.user_id=?
Hibernate: select character0_.character_id as characte1_6_0_, character0_.character_character_name as characte2_6_0_ from characters character0_ where character0_.character_id=?
Hibernate: select count(*) as col_0_0_ from user user0_ where user0_.user_id=?
Hibernate: select character1_.character_id as characte1_6_, character1_.character_character_name as characte2_6_ from user user0_ inner join characters character1_ on user0_.character_id=character1_.character_id where user0_.user_id=?
Hibernate: select permission0_.character_id as characte6_12_0_, permission0_.permission_id as permissi1_12_0_, permission0_.permission_id as permissi1_12_1_, permission0_.character_id as characte6_12_1_, permission0_.permission_name as permissi2_12_1_, permission0_.permission_permission_unit_id as permissi3_12_1_, permission0_.permission_service as permissi4_12_1_, permission0_.permission_status as permissi5_12_1_ from permission permission0_ where permission0_.character_id=?
Hibernate: select count(*) as col_0_0_ from category category0_ where category0_.category_id=?
Hibernate: select count(board0_.board_id) as col_0_0_ from board board0_ where board0_.category_id=?
Hibernate: select category0_.category_id as category1_5_0_, category0_.category_name as category2_5_0_ from category category0_ where category0_.category_id=?
Hibernate: select boardlist0_.category_id as category7_4_0_, boardlist0_.board_id as board_id1_4_0_, boardlist0_.board_id as board_id1_4_1_, boardlist0_.category_id as category7_4_1_, boardlist0_.board_content as board_co2_4_1_, boardlist0_.board_created_at as board_cr3_4_1_, boardlist0_.board_last_modified_at as board_la4_4_1_, boardlist0_.board_title as board_ti5_4_1_, boardlist0_.user_id as user_id8_4_1_, boardlist0_.board_views as board_vi6_4_1_ from board boardlist0_ where boardlist0_.category_id=?
Hibernate: delete from category where category_id=?
Hibernate: select user0_.user_id as user_id1_21_0_, user0_.character_id as characte7_21_0_, user0_.user_created_at as user_cre2_21_0_, user0_.user_name as user_nam3_21_0_, user0_.user_phone_number as user_pho4_21_0_, user0_.user_user_id as user_use5_21_0_, user0_.user_user_password as user_use6_21_0_ from user user0_ where user0_.user_id=?
Hibernate: select character0_.character_id as characte1_6_0_, character0_.character_character_name as characte2_6_0_ from characters character0_ where character0_.character_id=?
Hibernate: select count(*) as col_0_0_ from user user0_ where user0_.user_id=?
Hibernate: select character1_.character_id as characte1_6_, character1_.character_character_name as characte2_6_ from user user0_ inner join characters character1_ on user0_.character_id=character1_.character_id where user0_.user_id=?
Hibernate: select permission0_.character_id as characte6_12_0_, permission0_.permission_id as permissi1_12_0_, permission0_.permission_id as permissi1_12_1_, permission0_.character_id as characte6_12_1_, permission0_.permission_name as permissi2_12_1_, permission0_.permission_permission_unit_id as permissi3_12_1_, permission0_.permission_service as permissi4_12_1_, permission0_.permission_status as permissi5_12_1_ from permission permission0_ where permission0_.character_id=?
Hibernate: select category0_.category_id as col_0_0_ from category category0_ where category0_.category_name=? limit ?
Hibernate: select category0_.category_id as category1_5_1_, category0_.category_name as category2_5_1_, boardlist1_.category_id as category7_4_3_, boardlist1_.board_id as board_id1_4_3_, boardlist1_.board_id as board_id1_4_0_, boardlist1_.category_id as category7_4_0_, boardlist1_.board_content as board_co2_4_0_, boardlist1_.board_created_at as board_cr3_4_0_, boardlist1_.board_last_modified_at as board_la4_4_0_, boardlist1_.board_title as board_ti5_4_0_, boardlist1_.user_id as user_id8_4_0_, boardlist1_.board_views as board_vi6_4_0_ from category category0_ left outer join board boardlist1_ on category0_.category_id=boardlist1_.category_id where category0_.category_id=?
Hibernate: insert into category (category_id, category_name) values (default, ?)
Hibernate: select user0_.user_id as user_id1_21_0_, user0_.character_id as characte7_21_0_, user0_.user_created_at as user_cre2_21_0_, user0_.user_name as user_nam3_21_0_, user0_.user_phone_number as user_pho4_21_0_, user0_.user_user_id as user_use5_21_0_, user0_.user_user_password as user_use6_21_0_ from user user0_ where user0_.user_id=?
Hibernate: select character0_.character_id as characte1_6_0_, character0_.character_character_name as characte2_6_0_ from characters character0_ where character0_.character_id=?
Hibernate: select count(*) as col_0_0_ from user user0_ where user0_.user_id=?
Hibernate: select character1_.character_id as characte1_6_, character1_.character_character_name as characte2_6_ from user user0_ inner join characters character1_ on user0_.character_id=character1_.character_id where user0_.user_id=?
Hibernate: select permission0_.character_id as characte6_12_0_, permission0_.permission_id as permissi1_12_0_, permission0_.permission_id as permissi1_12_1_, permission0_.character_id as characte6_12_1_, permission0_.permission_name as permissi2_12_1_, permission0_.permission_permission_unit_id as permissi3_12_1_, permission0_.permission_service as permissi4_12_1_, permission0_.permission_status as permissi5_12_1_ from permission permission0_ where permission0_.character_id=?
Hibernate: select category0_.category_id as col_0_0_ from category category0_ where category0_.category_name=? limit ?
Hibernate: select category0_.category_id as category1_5_1_, category0_.category_name as category2_5_1_, boardlist1_.category_id as category7_4_3_, boardlist1_.board_id as board_id1_4_3_, boardlist1_.board_id as board_id1_4_0_, boardlist1_.category_id as category7_4_0_, boardlist1_.board_content as board_co2_4_0_, boardlist1_.board_created_at as board_cr3_4_0_, boardlist1_.board_last_modified_at as board_la4_4_0_, boardlist1_.board_title as board_ti5_4_0_, boardlist1_.user_id as user_id8_4_0_, boardlist1_.board_views as board_vi6_4_0_ from category category0_ left outer join board boardlist1_ on category0_.category_id=boardlist1_.category_id where category0_.category_id=?
Hibernate: insert into category (category_id, category_name) values (default, ?)
Hibernate: select user0_.user_id as col_0_0_ from user user0_ where user0_.user_user_id=? limit ?
Hibernate: select user0_.user_id as col_0_0_ from user user0_ where user0_.user_user_id=? limit ?
Hibernate: select U.* from USER U where U.USER_USER_ID =?
Hibernate: select character0_.character_id as characte1_6_0_, character0_.character_character_name as characte2_6_0_ from characters character0_ where character0_.character_id=?
Hibernate: select user0_.user_id as col_0_0_ from user user0_ where user0_.user_user_id=? limit ?
Hibernate: select user0_.user_id as col_0_0_ from user user0_ where user0_.user_user_id=? limit ?
Hibernate: select U.* from USER U where U.USER_USER_ID =?
Hibernate: select character0_.character_id as characte1_6_0_, character0_.character_character_name as characte2_6_0_ from characters character0_ where character0_.character_id=?
Hibernate: select user0_.user_id as col_0_0_ from user user0_ where user0_.user_user_id=? limit ?
Hibernate: select user0_.user_id as col_0_0_ from user user0_ where user0_.user_user_id=? limit ?
Hibernate: select U.* from USER U where U.USER_USER_ID =?
Hibernate: select character0_.character_id as characte1_6_0_, character0_.character_character_name as characte2_6_0_ from characters character0_ where character0_.character_id=?
Hibernate: select user0_.user_id as user_id1_21_0_, user0_.character_id as characte7_21_0_, user0_.user_created_at as user_cre2_21_0_, user0_.user_name as user_nam3_21_0_, user0_.user_phone_number as user_pho4_21_0_, user0_.user_user_id as user_use5_21_0_, user0_.user_user_password as user_use6_21_0_ from user user0_ where user0_.user_id=?
Hibernate: select character0_.character_id as characte1_6_0_, character0_.character_character_name as characte2_6_0_ from characters character0_ where character0_.character_id=?
Hibernate: select count(*) as col_0_0_ from board board0_
Hibernate: select count(*) as col_0_0_ from board board0_
Hibernate: select user0_.user_id as col_0_0_ from user user0_ where user0_.user_user_id=? limit ?
Hibernate: select user0_.user_id as col_0_0_ from user user0_ where user0_.user_user_id=? limit ?
Hibernate: select U.* from USER U where U.USER_USER_ID =?
Hibernate: select character0_.character_id as characte1_6_0_, character0_.character_character_name as characte2_6_0_ from characters character0_ where character0_.character_id=?
Hibernate: select user0_.user_id as user_id1_21_0_, user0_.character_id as characte7_21_0_, user0_.user_created_at as user_cre2_21_0_, user0_.user_name as user_nam3_21_0_, user0_.user_phone_number as user_pho4_21_0_, user0_.user_user_id as user_use5_21_0_, user0_.user_user_password as user_use6_21_0_ from user user0_ where user0_.user_id=?
Hibernate: select character0_.character_id as characte1_6_0_, character0_.character_character_name as characte2_6_0_ from characters character0_ where character0_.character_id=?
Hibernate: select category0_.category_id as category1_5_, category0_.category_name as category2_5_ from category category0_
Hibernate: select boardlist0_.category_id as category7_4_0_, boardlist0_.board_id as board_id1_4_0_, boardlist0_.board_id as board_id1_4_1_, boardlist0_.category_id as category7_4_1_, boardlist0_.board_content as board_co2_4_1_, boardlist0_.board_created_at as board_cr3_4_1_, boardlist0_.board_last_modified_at as board_la4_4_1_, boardlist0_.board_title as board_ti5_4_1_, boardlist0_.user_id as user_id8_4_1_, boardlist0_.board_views as board_vi6_4_1_ from board boardlist0_ where boardlist0_.category_id=?
Hibernate: select boardlist0_.category_id as category7_4_0_, boardlist0_.board_id as board_id1_4_0_, boardlist0_.board_id as board_id1_4_1_, boardlist0_.category_id as category7_4_1_, boardlist0_.board_content as board_co2_4_1_, boardlist0_.board_created_at as board_cr3_4_1_, boardlist0_.board_last_modified_at as board_la4_4_1_, boardlist0_.board_title as board_ti5_4_1_, boardlist0_.user_id as user_id8_4_1_, boardlist0_.board_views as board_vi6_4_1_ from board boardlist0_ where boardlist0_.category_id=?
Hibernate: select user0_.user_id as user_id1_21_0_, user0_.character_id as characte7_21_0_, user0_.user_created_at as user_cre2_21_0_, user0_.user_name as user_nam3_21_0_, user0_.user_phone_number as user_pho4_21_0_, user0_.user_user_id as user_use5_21_0_, user0_.user_user_password as user_use6_21_0_ from user user0_ where user0_.user_id=?
Hibernate: select character0_.character_id as characte1_6_0_, character0_.character_character_name as characte2_6_0_ from characters character0_ where character0_.character_id=?
Hibernate: select count(*) as col_0_0_ from user user0_ where user0_.user_id=?
Hibernate: select character1_.character_id as characte1_6_, character1_.character_character_name as characte2_6_ from user user0_ inner join characters character1_ on user0_.character_id=character1_.character_id where user0_.user_id=?
Hibernate: select permission0_.character_id as characte6_12_0_, permission0_.permission_id as permissi1_12_0_, permission0_.permission_id as permissi1_12_1_, permission0_.character_id as characte6_12_1_, permission0_.permission_name as permissi2_12_1_, permission0_.permission_permission_unit_id as permissi3_12_1_, permission0_.permission_service as permissi4_12_1_, permission0_.permission_status as permissi5_12_1_ from permission permission0_ where permission0_.character_id=?
Hibernate: select count(*) as col_0_0_ from category category0_ where category0_.category_id=?
Hibernate: select count(board0_.board_id) as col_0_0_ from board board0_ where board0_.category_id=?
Hibernate: select category0_.category_id as category1_5_0_, category0_.category_name as category2_5_0_ from category category0_ where category0_.category_id=?
Hibernate: select boardlist0_.category_id as category7_4_0_, boardlist0_.board_id as board_id1_4_0_, boardlist0_.board_id as board_id1_4_1_, boardlist0_.category_id as category7_4_1_, boardlist0_.board_content as board_co2_4_1_, boardlist0_.board_created_at as board_cr3_4_1_, boardlist0_.board_last_modified_at as board_la4_4_1_, boardlist0_.board_title as board_ti5_4_1_, boardlist0_.user_id as user_id8_4_1_, boardlist0_.board_views as board_vi6_4_1_ from board boardlist0_ where boardlist0_.category_id=?
Hibernate: delete from category where category_id=?
Hibernate: select user0_.user_id as user_id1_21_0_, user0_.character_id as characte7_21_0_, user0_.user_created_at as user_cre2_21_0_, user0_.user_name as user_nam3_21_0_, user0_.user_phone_number as user_pho4_21_0_, user0_.user_user_id as user_use5_21_0_, user0_.user_user_password as user_use6_21_0_ from user user0_ where user0_.user_id=?
Hibernate: select character0_.character_id as characte1_6_0_, character0_.character_character_name as characte2_6_0_ from characters character0_ where character0_.character_id=?
Hibernate: select count(*) as col_0_0_ from user user0_ where user0_.user_id=?
Hibernate: select character1_.character_id as characte1_6_, character1_.character_character_name as characte2_6_ from user user0_ inner join characters character1_ on user0_.character_id=character1_.character_id where user0_.user_id=?
Hibernate: select permission0_.character_id as characte6_12_0_, permission0_.permission_id as permissi1_12_0_, permission0_.permission_id as permissi1_12_1_, permission0_.character_id as characte6_12_1_, permission0_.permission_name as permissi2_12_1_, permission0_.permission_permission_unit_id as permissi3_12_1_, permission0_.permission_service as permissi4_12_1_, permission0_.permission_status as permissi5_12_1_ from permission permission0_ where permission0_.character_id=?
Hibernate: select count(*) as col_0_0_ from category category0_ where category0_.category_id=?
Hibernate: select count(board0_.board_id) as col_0_0_ from board board0_ where board0_.category_id=?
Hibernate: select category0_.category_id as category1_5_0_, category0_.category_name as category2_5_0_ from category category0_ where category0_.category_id=?
Hibernate: select boardlist0_.category_id as category7_4_0_, boardlist0_.board_id as board_id1_4_0_, boardlist0_.board_id as board_id1_4_1_, boardlist0_.category_id as category7_4_1_, boardlist0_.board_content as board_co2_4_1_, boardlist0_.board_created_at as board_cr3_4_1_, boardlist0_.board_last_modified_at as board_la4_4_1_, boardlist0_.board_title as board_ti5_4_1_, boardlist0_.user_id as user_id8_4_1_, boardlist0_.board_views as board_vi6_4_1_ from board boardlist0_ where boardlist0_.category_id=?
Hibernate: delete from category where category_id=?
Hibernate: select user0_.user_id as user_id1_21_0_, user0_.character_id as characte7_21_0_, user0_.user_created_at as user_cre2_21_0_, user0_.user_name as user_nam3_21_0_, user0_.user_phone_number as user_pho4_21_0_, user0_.user_user_id as user_use5_21_0_, user0_.user_user_password as user_use6_21_0_ from user user0_ where user0_.user_id=?
Hibernate: select character0_.character_id as characte1_6_0_, character0_.character_character_name as characte2_6_0_ from characters character0_ where character0_.character_id=?
Hibernate: select count(*) as col_0_0_ from user user0_ where user0_.user_id=?
Hibernate: select character1_.character_id as characte1_6_, character1_.character_character_name as characte2_6_ from user user0_ inner join characters character1_ on user0_.character_id=character1_.character_id where user0_.user_id=?
Hibernate: select permission0_.character_id as characte6_12_0_, permission0_.permission_id as permissi1_12_0_, permission0_.permission_id as permissi1_12_1_, permission0_.character_id as characte6_12_1_, permission0_.permission_name as permissi2_12_1_, permission0_.permission_permission_unit_id as permissi3_12_1_, permission0_.permission_service as permissi4_12_1_, permission0_.permission_status as permissi5_12_1_ from permission permission0_ where permission0_.character_id=?
Hibernate: select category0_.category_id as col_0_0_ from category category0_ where category0_.category_name=? limit ?
Hibernate: select category0_.category_id as category1_5_1_, category0_.category_name as category2_5_1_, boardlist1_.category_id as category7_4_3_, boardlist1_.board_id as board_id1_4_3_, boardlist1_.board_id as board_id1_4_0_, boardlist1_.category_id as category7_4_0_, boardlist1_.board_content as board_co2_4_0_, boardlist1_.board_created_at as board_cr3_4_0_, boardlist1_.board_last_modified_at as board_la4_4_0_, boardlist1_.board_title as board_ti5_4_0_, boardlist1_.user_id as user_id8_4_0_, boardlist1_.board_views as board_vi6_4_0_ from category category0_ left outer join board boardlist1_ on category0_.category_id=boardlist1_.category_id where category0_.category_id=?
Hibernate: insert into category (category_id, category_name) values (default, ?)
Hibernate: select user0_.user_id as user_id1_21_0_, user0_.character_id as characte7_21_0_, user0_.user_created_at as user_cre2_21_0_, user0_.user_name as user_nam3_21_0_, user0_.user_phone_number as user_pho4_21_0_, user0_.user_user_id as user_use5_21_0_, user0_.user_user_password as user_use6_21_0_ from user user0_ where user0_.user_id=?
Hibernate: select character0_.character_id as characte1_6_0_, character0_.character_character_name as characte2_6_0_ from characters character0_ where character0_.character_id=?
Hibernate: select count(*) as col_0_0_ from user user0_ where user0_.user_id=?
Hibernate: select character1_.character_id as characte1_6_, character1_.character_character_name as characte2_6_ from user user0_ inner join characters character1_ on user0_.character_id=character1_.character_id where user0_.user_id=?
Hibernate: select permission0_.character_id as characte6_12_0_, permission0_.permission_id as permissi1_12_0_, permission0_.permission_id as permissi1_12_1_, permission0_.character_id as characte6_12_1_, permission0_.permission_name as permissi2_12_1_, permission0_.permission_permission_unit_id as permissi3_12_1_, permission0_.permission_service as permissi4_12_1_, permission0_.permission_status as permissi5_12_1_ from permission permission0_ where permission0_.character_id=?
Hibernate: select category0_.category_id as col_0_0_ from category category0_ where category0_.category_name=? limit ?
Hibernate: select category0_.category_id as category1_5_1_, category0_.category_name as category2_5_1_, boardlist1_.category_id as category7_4_3_, boardlist1_.board_id as board_id1_4_3_, boardlist1_.board_id as board_id1_4_0_, boardlist1_.category_id as category7_4_0_, boardlist1_.board_content as board_co2_4_0_, boardlist1_.board_created_at as board_cr3_4_0_, boardlist1_.board_last_modified_at as board_la4_4_0_, boardlist1_.board_title as board_ti5_4_0_, boardlist1_.user_id as user_id8_4_0_, boardlist1_.board_views as board_vi6_4_0_ from category category0_ left outer join board boardlist1_ on category0_.category_id=boardlist1_.category_id where category0_.category_id=?
Hibernate: insert into category (category_id, category_name) values (default, ?)
Hibernate: select user0_.user_id as col_0_0_ from user user0_ where user0_.user_user_id=? limit ?
Hibernate: select user0_.user_id as col_0_0_ from user user0_ where user0_.user_user_id=? limit ?
Hibernate: select U.* from USER U where U.USER_USER_ID =?
Hibernate: select character0_.character_id as characte1_6_0_, character0_.character_character_name as characte2_6_0_ from characters character0_ where character0_.character_id=?
Hibernate: select user0_.user_id as col_0_0_ from user user0_ where user0_.user_user_id=? limit ?
Hibernate: select user0_.user_id as col_0_0_ from user user0_ where user0_.user_user_id=? limit ?
Hibernate: select U.* from USER U where U.USER_USER_ID =?
Hibernate: select character0_.character_id as characte1_6_0_, character0_.character_character_name as characte2_6_0_ from characters character0_ where character0_.character_id=?
Hibernate: select user0_.user_id as user_id1_21_0_, user0_.character_id as characte7_21_0_, user0_.user_created_at as user_cre2_21_0_, user0_.user_name as user_nam3_21_0_, user0_.user_phone_number as user_pho4_21_0_, user0_.user_user_id as user_use5_21_0_, user0_.user_user_password as user_use6_21_0_ from user user0_ where user0_.user_id=?
Hibernate: select character0_.character_id as characte1_6_0_, character0_.character_character_name as characte2_6_0_ from characters character0_ where character0_.character_id=?
Hibernate: select count(*) as col_0_0_ from board board0_
Hibernate: select count(*) as col_0_0_ from board board0_
Hibernate: select user0_.user_id as col_0_0_ from user user0_ where user0_.user_user_id=? limit ?
Hibernate: select user0_.user_id as col_0_0_ from user user0_ where user0_.user_user_id=? limit ?
Hibernate: select U.* from USER U where U.USER_USER_ID =?
Hibernate: select character0_.character_id as characte1_6_0_, character0_.character_character_name as characte2_6_0_ from characters character0_ where character0_.character_id=?
Hibernate: select user0_.user_id as user_id1_21_0_, user0_.character_id as characte7_21_0_, user0_.user_created_at as user_cre2_21_0_, user0_.user_name as user_nam3_21_0_, user0_.user_phone_number as user_pho4_21_0_, user0_.user_user_id as user_use5_21_0_, user0_.user_user_password as user_use6_21_0_ from user user0_ where user0_.user_id=?
Hibernate: select character0_.character_id as characte1_6_0_, character0_.character_character_name as characte2_6_0_ from characters character0_ where character0_.character_id=?
Hibernate: select category0_.category_id as category1_5_, category0_.category_name as category2_5_ from category category0_
Hibernate: select boardlist0_.category_id as category7_4_0_, boardlist0_.board_id as board_id1_4_0_, boardlist0_.board_id as board_id1_4_1_, boardlist0_.category_id as category7_4_1_, boardlist0_.board_content as board_co2_4_1_, boardlist0_.board_created_at as board_cr3_4_1_, boardlist0_.board_last_modified_at as board_la4_4_1_, boardlist0_.board_title as board_ti5_4_1_, boardlist0_.user_id as user_id8_4_1_, boardlist0_.board_views as board_vi6_4_1_ from board boardlist0_ where boardlist0_.category_id=?
Hibernate: select boardlist0_.category_id as category7_4_0_, boardlist0_.board_id as board_id1_4_0_, boardlist0_.board_id as board_id1_4_1_, boardlist0_.category_id as category7_4_1_, boardlist0_.board_content as board_co2_4_1_, boardlist0_.board_created_at as board_cr3_4_1_, boardlist0_.board_last_modified_at as board_la4_4_1_, boardlist0_.board_title as board_ti5_4_1_, boardlist0_.user_id as user_id8_4_1_, boardlist0_.board_views as board_vi6_4_1_ from board boardlist0_ where boardlist0_.category_id=?
Hibernate: select user0_.user_id as user_id1_21_0_, user0_.character_id as characte7_21_0_, user0_.user_created_at as user_cre2_21_0_, user0_.user_name as user_nam3_21_0_, user0_.user_phone_number as user_pho4_21_0_, user0_.user_user_id as user_use5_21_0_, user0_.user_user_password as user_use6_21_0_ from user user0_ where user0_.user_id=?
Hibernate: select character0_.character_id as characte1_6_0_, character0_.character_character_name as characte2_6_0_ from characters character0_ where character0_.character_id=?
Hibernate: select count(*) as col_0_0_ from user user0_ where user0_.user_id=?
Hibernate: select character1_.character_id as characte1_6_, character1_.character_character_name as characte2_6_ from user user0_ inner join characters character1_ on user0_.character_id=character1_.character_id where user0_.user_id=?
Hibernate: select permission0_.character_id as characte6_12_0_, permission0_.permission_id as permissi1_12_0_, permission0_.permission_id as permissi1_12_1_, permission0_.character_id as characte6_12_1_, permission0_.permission_name as permissi2_12_1_, permission0_.permission_permission_unit_id as permissi3_12_1_, permission0_.permission_service as permissi4_12_1_, permission0_.permission_status as permissi5_12_1_ from permission permission0_ where permission0_.character_id=?
Hibernate: select count(*) as col_0_0_ from category category0_ where category0_.category_id=?
Hibernate: select count(board0_.board_id) as col_0_0_ from board board0_ where board0_.category_id=?
Hibernate: select category0_.category_id as category1_5_0_, category0_.category_name as category2_5_0_ from category category0_ where category0_.category_id=?
Hibernate: select boardlist0_.category_id as category7_4_0_, boardlist0_.board_id as board_id1_4_0_, boardlist0_.board_id as board_id1_4_1_, boardlist0_.category_id as category7_4_1_, boardlist0_.board_content as board_co2_4_1_, boardlist0_.board_created_at as board_cr3_4_1_, boardlist0_.board_last_modified_at as board_la4_4_1_, boardlist0_.board_title as board_ti5_4_1_, boardlist0_.user_id as user_id8_4_1_, boardlist0_.board_views as board_vi6_4_1_ from board boardlist0_ where boardlist0_.category_id=?
Hibernate: delete from category where category_id=?
Hibernate: select user0_.user_id as user_id1_21_0_, user0_.character_id as characte7_21_0_, user0_.user_created_at as user_cre2_21_0_, user0_.user_name as user_nam3_21_0_, user0_.user_phone_number as user_pho4_21_0_, user0_.user_user_id as user_use5_21_0_, user0_.user_user_password as user_use6_21_0_ from user user0_ where user0_.user_id=?
Hibernate: select character0_.character_id as characte1_6_0_, character0_.character_character_name as characte2_6_0_ from characters character0_ where character0_.character_id=?
Hibernate: select count(*) as col_0_0_ from user user0_ where user0_.user_id=?
Hibernate: select character1_.character_id as characte1_6_, character1_.character_character_name as characte2_6_ from user user0_ inner join characters character1_ on user0_.character_id=character1_.character_id where user0_.user_id=?
Hibernate: select permission0_.character_id as characte6_12_0_, permission0_.permission_id as permissi1_12_0_, permission0_.permission_id as permissi1_12_1_, permission0_.character_id as characte6_12_1_, permission0_.permission_name as permissi2_12_1_, permission0_.permission_permission_unit_id as permissi3_12_1_, permission0_.permission_service as permissi4_12_1_, permission0_.permission_status as permissi5_12_1_ from permission permission0_ where permission0_.character_id=?
Hibernate: select count(*) as col_0_0_ from category category0_ where category0_.category_id=?
Hibernate: select count(board0_.board_id) as col_0_0_ from board board0_ where board0_.category_id=?
Hibernate: select category0_.category_id as category1_5_0_, category0_.category_name as category2_5_0_ from category category0_ where category0_.category_id=?
Hibernate: select boardlist0_.category_id as category7_4_0_, boardlist0_.board_id as board_id1_4_0_, boardlist0_.board_id as board_id1_4_1_, boardlist0_.category_id as category7_4_1_, boardlist0_.board_content as board_co2_4_1_, boardlist0_.board_created_at as board_cr3_4_1_, boardlist0_.board_last_modified_at as board_la4_4_1_, boardlist0_.board_title as board_ti5_4_1_, boardlist0_.user_id as user_id8_4_1_, boardlist0_.board_views as board_vi6_4_1_ from board boardlist0_ where boardlist0_.category_id=?
Hibernate: delete from category where category_id=?
Hibernate: select user0_.user_id as user_id1_21_0_, user0_.character_id as characte7_21_0_, user0_.user_created_at as user_cre2_21_0_, user0_.user_name as user_nam3_21_0_, user0_.user_phone_number as user_pho4_21_0_, user0_.user_user_id as user_use5_21_0_, user0_.user_user_password as user_use6_21_0_ from user user0_ where user0_.user_id=?
Hibernate: select character0_.character_id as characte1_6_0_, character0_.character_character_name as characte2_6_0_ from characters character0_ where character0_.character_id=?
Hibernate: select count(*) as col_0_0_ from user user0_ where user0_.user_id=?
Hibernate: select character1_.character_id as characte1_6_, character1_.character_character_name as characte2_6_ from user user0_ inner join characters character1_ on user0_.character_id=character1_.character_id where user0_.user_id=?
Hibernate: select permission0_.character_id as characte6_12_0_, permission0_.permission_id as permissi1_12_0_, permission0_.permission_id as permissi1_12_1_, permission0_.character_id as characte6_12_1_, permission0_.permission_name as permissi2_12_1_, permission0_.permission_permission_unit_id as permissi3_12_1_, permission0_.permission_service as permissi4_12_1_, permission0_.permission_status as permissi5_12_1_ from permission permission0_ where permission0_.character_id=?
Hibernate: select category0_.category_id as col_0_0_ from category category0_ where category0_.category_name=? limit ?
Hibernate: select category0_.category_id as category1_5_1_, category0_.category_name as category2_5_1_, boardlist1_.category_id as category7_4_3_, boardlist1_.board_id as board_id1_4_3_, boardlist1_.board_id as board_id1_4_0_, boardlist1_.category_id as category7_4_0_, boardlist1_.board_content as board_co2_4_0_, boardlist1_.board_created_at as board_cr3_4_0_, boardlist1_.board_last_modified_at as board_la4_4_0_, boardlist1_.board_title as board_ti5_4_0_, boardlist1_.user_id as user_id8_4_0_, boardlist1_.board_views as board_vi6_4_0_ from category category0_ left outer join board boardlist1_ on category0_.category_id=boardlist1_.category_id where category0_.category_id=?
Hibernate: insert into category (category_id, category_name) values (default, ?)
Hibernate: select user0_.user_id as user_id1_21_0_, user0_.character_id as characte7_21_0_, user0_.user_created_at as user_cre2_21_0_, user0_.user_name as user_nam3_21_0_, user0_.user_phone_number as user_pho4_21_0_, user0_.user_user_id as user_use5_21_0_, user0_.user_user_password as user_use6_21_0_ from user user0_ where user0_.user_id=?
Hibernate: select character0_.character_id as characte1_6_0_, character0_.character_character_name as characte2_6_0_ from characters character0_ where character0_.character_id=?
Hibernate: select count(*) as col_0_0_ from user user0_ where user0_.user_id=?
Hibernate: select character1_.character_id as characte1_6_, character1_.character_character_name as characte2_6_ from user user0_ inner join characters character1_ on user0_.character_id=character1_.character_id where user0_.user_id=?
Hibernate: select permission0_.character_id as characte6_12_0_, permission0_.permission_id as permissi1_12_0_, permission0_.permission_id as permissi1_12_1_, permission0_.character_id as characte6_12_1_, permission0_.permission_name as permissi2_12_1_, permission0_.permission_permission_unit_id as permissi3_12_1_, permission0_.permission_service as permissi4_12_1_, permission0_.permission_status as permissi5_12_1_ from permission permission0_ where permission0_.character_id=?
Hibernate: select category0_.category_id as col_0_0_ from category category0_ where category0_.category_name=? limit ?
Hibernate: select category0_.category_id as category1_5_1_, category0_.category_name as category2_5_1_, boardlist1_.category_id as category7_4_3_, boardlist1_.board_id as board_id1_4_3_, boardlist1_.board_id as board_id1_4_0_, boardlist1_.category_id as category7_4_0_, boardlist1_.board_content as board_co2_4_0_, boardlist1_.board_created_at as board_cr3_4_0_, boardlist1_.board_last_modified_at as board_la4_4_0_, boardlist1_.board_title as board_ti5_4_0_, boardlist1_.user_id as user_id8_4_0_, boardlist1_.board_views as board_vi6_4_0_ from category category0_ left outer join board boardlist1_ on category0_.category_id=boardlist1_.category_id where category0_.category_id=?
Hibernate: insert into category (category_id, category_name) values (default, ?)
Hibernate: select user0_.user_id as col_0_0_ from user user0_ where user0_.user_user_id=? limit ?
Hibernate: select user0_.user_id as col_0_0_ from user user0_ where user0_.user_user_id=? limit ?
Hibernate: select U.* from USER U where U.USER_USER_ID =?
Hibernate: select character0_.character_id as characte1_6_0_, character0_.character_character_name as characte2_6_0_ from characters character0_ where character0_.character_id=?
Hibernate: select user0_.user_id as col_0_0_ from user user0_ where user0_.user_user_id=? limit ?
Hibernate: select user0_.user_id as col_0_0_ from user user0_ where user0_.user_user_id=? limit ?
Hibernate: select U.* from USER U where U.USER_USER_ID =?
Hibernate: select character0_.character_id as characte1_6_0_, character0_.character_character_name as characte2_6_0_ from characters character0_ where character0_.character_id=?
Hibernate: select user0_.user_id as col_0_0_ from user user0_ where user0_.user_user_id=? limit ?
Hibernate: select user0_.user_id as col_0_0_ from user user0_ where user0_.user_user_id=? limit ?
Hibernate: select U.* from USER U where U.USER_USER_ID =?
Hibernate: select character0_.character_id as characte1_6_0_, character0_.character_character_name as characte2_6_0_ from characters character0_ where character0_.character_id=?
Hibernate: select user0_.user_id as user_id1_21_0_, user0_.character_id as characte7_21_0_, user0_.user_created_at as user_cre2_21_0_, user0_.user_name as user_nam3_21_0_, user0_.user_phone_number as user_pho4_21_0_, user0_.user_user_id as user_use5_21_0_, user0_.user_user_password as user_use6_21_0_ from user user0_ where user0_.user_id=?
Hibernate: select character0_.character_id as characte1_6_0_, character0_.character_character_name as characte2_6_0_ from characters character0_ where character0_.character_id=?
Hibernate: select count(*) as col_0_0_ from user user0_ where user0_.user_id=?
Hibernate: select character1_.character_id as characte1_6_, character1_.character_character_name as characte2_6_ from user user0_ inner join characters character1_ on user0_.character_id=character1_.character_id where user0_.user_id=?
Hibernate: select permission0_.character_id as characte6_12_0_, permission0_.permission_id as permissi1_12_0_, permission0_.permission_id as permissi1_12_1_, permission0_.character_id as characte6_12_1_, permission0_.permission_name as permissi2_12_1_, permission0_.permission_permission_unit_id as permissi3_12_1_, permission0_.permission_service as permissi4_12_1_, permission0_.permission_status as permissi5_12_1_ from permission permission0_ where permission0_.character_id=?
Hibernate: select category0_.category_id as col_0_0_ from category category0_ where category0_.category_name=? limit ?
Hibernate: select category0_.category_id as category1_5_1_, category0_.category_name as category2_5_1_, boardlist1_.category_id as category7_4_3_, boardlist1_.board_id as board_id1_4_3_, boardlist1_.board_id as board_id1_4_0_, boardlist1_.category_id as category7_4_0_, boardlist1_.board_content as board_co2_4_0_, boardlist1_.board_created_at as board_cr3_4_0_, boardlist1_.board_last_modified_at as board_la4_4_0_, boardlist1_.board_title as board_ti5_4_0_, boardlist1_.user_id as user_id8_4_0_, boardlist1_.board_views as board_vi6_4_0_ from category category0_ left outer join board boardlist1_ on category0_.category_id=boardlist1_.category_id where category0_.category_id=?
Hibernate: insert into category (category_id, category_name) values (default, ?)
Hibernate: select user0_.user_id as user_id1_21_0_, user0_.character_id as characte7_21_0_, user0_.user_created_at as user_cre2_21_0_, user0_.user_name as user_nam3_21_0_, user0_.user_phone_number as user_pho4_21_0_, user0_.user_user_id as user_use5_21_0_, user0_.user_user_password as user_use6_21_0_ from user user0_ where user0_.user_id=?
Hibernate: select character0_.character_id as characte1_6_0_, character0_.character_character_name as characte2_6_0_ from characters character0_ where character0_.character_id=?
Hibernate: select category0_.category_id as category1_5_, category0_.category_name as category2_5_ from category category0_
Hibernate: select boardlist0_.category_id as category7_4_0_, boardlist0_.board_id as board_id1_4_0_, boardlist0_.board_id as board_id1_4_1_, boardlist0_.category_id as category7_4_1_, boardlist0_.board_content as board_co2_4_1_, boardlist0_.board_created_at as board_cr3_4_1_, boardlist0_.board_last_modified_at as board_la4_4_1_, boardlist0_.board_title as board_ti5_4_1_, boardlist0_.user_id as user_id8_4_1_, boardlist0_.board_views as board_vi6_4_1_ from board boardlist0_ where boardlist0_.category_id=?
Hibernate: select boardlist0_.category_id as category7_4_0_, boardlist0_.board_id as board_id1_4_0_, boardlist0_.board_id as board_id1_4_1_, boardlist0_.category_id as category7_4_1_, boardlist0_.board_content as board_co2_4_1_, boardlist0_.board_created_at as board_cr3_4_1_, boardlist0_.board_last_modified_at as board_la4_4_1_, boardlist0_.board_title as board_ti5_4_1_, boardlist0_.user_id as user_id8_4_1_, boardlist0_.board_views as board_vi6_4_1_ from board boardlist0_ where boardlist0_.category_id=?
Hibernate: select boardlist0_.category_id as category7_4_0_, boardlist0_.board_id as board_id1_4_0_, boardlist0_.board_id as board_id1_4_1_, boardlist0_.category_id as category7_4_1_, boardlist0_.board_content as board_co2_4_1_, boardlist0_.board_created_at as board_cr3_4_1_, boardlist0_.board_last_modified_at as board_la4_4_1_, boardlist0_.board_title as board_ti5_4_1_, boardlist0_.user_id as user_id8_4_1_, boardlist0_.board_views as board_vi6_4_1_ from board boardlist0_ where boardlist0_.category_id=?
Hibernate: select user0_.user_id as user_id1_21_0_, user0_.character_id as characte7_21_0_, user0_.user_created_at as user_cre2_21_0_, user0_.user_name as user_nam3_21_0_, user0_.user_phone_number as user_pho4_21_0_, user0_.user_user_id as user_use5_21_0_, user0_.user_user_password as user_use6_21_0_ from user user0_ where user0_.user_id=?
Hibernate: select character0_.character_id as characte1_6_0_, character0_.character_character_name as characte2_6_0_ from characters character0_ where character0_.character_id=?
Hibernate: select count(*) as col_0_0_ from user user0_ where user0_.user_id=?
Hibernate: select character1_.character_id as characte1_6_, character1_.character_character_name as characte2_6_ from user user0_ inner join characters character1_ on user0_.character_id=character1_.character_id where user0_.user_id=?
Hibernate: select permission0_.character_id as characte6_12_0_, permission0_.permission_id as permissi1_12_0_, permission0_.permission_id as permissi1_12_1_, permission0_.character_id as characte6_12_1_, permission0_.permission_name as permissi2_12_1_, permission0_.permission_permission_unit_id as permissi3_12_1_, permission0_.permission_service as permissi4_12_1_, permission0_.permission_status as permissi5_12_1_ from permission permission0_ where permission0_.character_id=?
Hibernate: select count(*) as col_0_0_ from category category0_ where category0_.category_id=?
Hibernate: insert into filename (filename_id, filename_origin, filename_uuid) values (default, ?, ?)
Hibernate: insert into filename (filename_id, filename_origin, filename_uuid) values (default, ?, ?)
Hibernate: select category0_.category_id as category1_5_0_, category0_.category_name as category2_5_0_ from category category0_ where category0_.category_id=?
Hibernate: insert into board (board_id, category_id, board_content, board_created_at, board_last_modified_at, board_title, user_id, board_views) values (default, ?, ?, ?, ?, ?, ?, ?)
Hibernate: insert into reaction (reaction_id, board_id, reaction_type) values (default, ?, ?)
Hibernate: insert into reaction (reaction_id, board_id, reaction_type) values (default, ?, ?)
Hibernate: insert into reaction (reaction_id, board_id, reaction_type) values (default, ?, ?)
Hibernate: insert into reaction (reaction_id, board_id, reaction_type) values (default, ?, ?)
Hibernate: insert into reaction (reaction_id, board_id, reaction_type) values (default, ?, ?)
Hibernate: insert into reaction (reaction_id, board_id, reaction_type) values (default, ?, ?)
Hibernate: insert into file_path_list (board_board_id, board_file_path_list) values (?, ?)
Hibernate: insert into image_path_list (board_board_id, board_image_path_list) values (?, ?)
Hibernate: select user0_.user_id as user_id1_21_0_, user0_.character_id as characte7_21_0_, user0_.user_created_at as user_cre2_21_0_, user0_.user_name as user_nam3_21_0_, user0_.user_phone_number as user_pho4_21_0_, user0_.user_user_id as user_use5_21_0_, user0_.user_user_password as user_use6_21_0_ from user user0_ where user0_.user_id=?
Hibernate: select character0_.character_id as characte1_6_0_, character0_.character_character_name as characte2_6_0_ from characters character0_ where character0_.character_id=?
Hibernate: select count(*) as col_0_0_ from board board0_
Hibernate: select board0_.board_id as board_id1_4_, board0_.category_id as category7_4_, board0_.board_content as board_co2_4_, board0_.board_created_at as board_cr3_4_, board0_.board_last_modified_at as board_la4_4_, board0_.board_title as board_ti5_4_, board0_.user_id as user_id8_4_, board0_.board_views as board_vi6_4_ from board board0_ limit ?
Hibernate: select category0_.category_id as category1_5_0_, category0_.category_name as category2_5_0_ from category category0_ where category0_.category_id=?
Hibernate: select reactionli0_.board_id as board_id3_13_0_, reactionli0_.reaction_id as reaction1_13_0_, reactionli0_.reaction_id as reaction1_13_1_, reactionli0_.board_id as board_id3_13_1_, reactionli0_.reaction_type as reaction2_13_1_ from reaction reactionli0_ where reactionli0_.board_id=?
Hibernate: select reactionus0_.reaction_id as reaction2_14_0_, reactionus0_.reaction_user_id as reaction1_14_0_, reactionus0_.reaction_user_id as reaction1_14_1_, reactionus0_.reaction_id as reaction2_14_1_, reactionus0_.user_id as user_id3_14_1_ from reaction_user reactionus0_ where reactionus0_.reaction_id=?
Hibernate: select reactionus0_.reaction_id as reaction2_14_0_, reactionus0_.reaction_user_id as reaction1_14_0_, reactionus0_.reaction_user_id as reaction1_14_1_, reactionus0_.reaction_id as reaction2_14_1_, reactionus0_.user_id as user_id3_14_1_ from reaction_user reactionus0_ where reactionus0_.reaction_id=?
Hibernate: select reactionus0_.reaction_id as reaction2_14_0_, reactionus0_.reaction_user_id as reaction1_14_0_, reactionus0_.reaction_user_id as reaction1_14_1_, reactionus0_.reaction_id as reaction2_14_1_, reactionus0_.user_id as user_id3_14_1_ from reaction_user reactionus0_ where reactionus0_.reaction_id=?
Hibernate: select reactionus0_.reaction_id as reaction2_14_0_, reactionus0_.reaction_user_id as reaction1_14_0_, reactionus0_.reaction_user_id as reaction1_14_1_, reactionus0_.reaction_id as reaction2_14_1_, reactionus0_.user_id as user_id3_14_1_ from reaction_user reactionus0_ where reactionus0_.reaction_id=?
Hibernate: select reactionus0_.reaction_id as reaction2_14_0_, reactionus0_.reaction_user_id as reaction1_14_0_, reactionus0_.reaction_user_id as reaction1_14_1_, reactionus0_.reaction_id as reaction2_14_1_, reactionus0_.user_id as user_id3_14_1_ from reaction_user reactionus0_ where reactionus0_.reaction_id=?
Hibernate: select reactionus0_.reaction_id as reaction2_14_0_, reactionus0_.reaction_user_id as reaction1_14_0_, reactionus0_.reaction_user_id as reaction1_14_1_, reactionus0_.reaction_id as reaction2_14_1_, reactionus0_.user_id as user_id3_14_1_ from reaction_user reactionus0_ where reactionus0_.reaction_id=?
Hibernate: select commentlis0_.board_id as board_id5_7_0_, commentlis0_.comment_id as comment_1_7_0_, commentlis0_.comment_id as comment_1_7_1_, commentlis0_.board_id as board_id5_7_1_, commentlis0_.comment_content as comment_2_7_1_, commentlis0_.comment_created_at as comment_3_7_1_, commentlis0_.comment_last_modified_at as comment_4_7_1_, commentlis0_.user_id as user_id6_7_1_ from comment commentlis0_ where commentlis0_.board_id=?
Hibernate: select boardlist0_.category_id as category7_4_0_, boardlist0_.board_id as board_id1_4_0_, boardlist0_.board_id as board_id1_4_1_, boardlist0_.category_id as category7_4_1_, boardlist0_.board_content as board_co2_4_1_, boardlist0_.board_created_at as board_cr3_4_1_, boardlist0_.board_last_modified_at as board_la4_4_1_, boardlist0_.board_title as board_ti5_4_1_, boardlist0_.user_id as user_id8_4_1_, boardlist0_.board_views as board_vi6_4_1_ from board boardlist0_ where boardlist0_.category_id=?
Hibernate: select count(comment0_.comment_id) as col_0_0_ from comment comment0_ where comment0_.board_id=?
Hibernate: select count(*) as col_0_0_ from board board0_
Hibernate: select imagepathl0_.board_board_id as board_bo1_11_0_, imagepathl0_.board_image_path_list as board_im2_11_0_ from image_path_list imagepathl0_ where imagepathl0_.board_board_id=?
Hibernate: select filename0_.filename_id as filename1_9_, filename0_.filename_origin as filename2_9_, filename0_.filename_uuid as filename3_9_ from filename filename0_ where filename0_.filename_uuid=?
Hibernate: select filepathli0_.board_board_id as board_bo1_8_0_, filepathli0_.board_file_path_list as board_fi2_8_0_ from file_path_list filepathli0_ where filepathli0_.board_board_id=?
Hibernate: select filename0_.filename_id as filename1_9_, filename0_.filename_origin as filename2_9_, filename0_.filename_uuid as filename3_9_ from filename filename0_ where filename0_.filename_uuid=?
Hibernate: select user0_.user_id as user_id1_21_0_, user0_.character_id as characte7_21_0_, user0_.user_created_at as user_cre2_21_0_, user0_.user_name as user_nam3_21_0_, user0_.user_phone_number as user_pho4_21_0_, user0_.user_user_id as user_use5_21_0_, user0_.user_user_password as user_use6_21_0_ from user user0_ where user0_.user_id=?
Hibernate: select character0_.character_id as characte1_6_0_, character0_.character_character_name as characte2_6_0_ from characters character0_ where character0_.character_id=?
Hibernate: select count(*) as col_0_0_ from user user0_ where user0_.user_id=?
Hibernate: select character1_.character_id as characte1_6_, character1_.character_character_name as characte2_6_ from user user0_ inner join characters character1_ on user0_.character_id=character1_.character_id where user0_.user_id=?
Hibernate: select permission0_.character_id as characte6_12_0_, permission0_.permission_id as permissi1_12_0_, permission0_.permission_id as permissi1_12_1_, permission0_.character_id as characte6_12_1_, permission0_.permission_name as permissi2_12_1_, permission0_.permission_permission_unit_id as permissi3_12_1_, permission0_.permission_service as permissi4_12_1_, permission0_.permission_status as permissi5_12_1_ from permission permission0_ where permission0_.character_id=?
Hibernate: select count(*) as col_0_0_ from board board0_ where board0_.board_id=?
Hibernate: select board0_.board_id as board_id1_4_0_, board0_.category_id as category7_4_0_, board0_.board_content as board_co2_4_0_, board0_.board_created_at as board_cr3_4_0_, board0_.board_last_modified_at as board_la4_4_0_, board0_.board_title as board_ti5_4_0_, board0_.user_id as user_id8_4_0_, board0_.board_views as board_vi6_4_0_ from board board0_ where board0_.board_id=?
Hibernate: select category0_.category_id as category1_5_0_, category0_.category_name as category2_5_0_ from category category0_ where category0_.category_id=?
Hibernate: insert into comment (comment_id, board_id, comment_content, comment_created_at, comment_last_modified_at, user_id) values (default, ?, ?, ?, ?, ?)
Hibernate: select user0_.user_id as user_id1_21_0_, user0_.character_id as characte7_21_0_, user0_.user_created_at as user_cre2_21_0_, user0_.user_name as user_nam3_21_0_, user0_.user_phone_number as user_pho4_21_0_, user0_.user_user_id as user_use5_21_0_, user0_.user_user_password as user_use6_21_0_ from user user0_ where user0_.user_id=?
Hibernate: select character0_.character_id as characte1_6_0_, character0_.character_character_name as characte2_6_0_ from characters character0_ where character0_.character_id=?
Hibernate: select count(*) as col_0_0_ from user user0_ where user0_.user_id=?
Hibernate: select character1_.character_id as characte1_6_, character1_.character_character_name as characte2_6_ from user user0_ inner join characters character1_ on user0_.character_id=character1_.character_id where user0_.user_id=?
Hibernate: select permission0_.character_id as characte6_12_0_, permission0_.permission_id as permissi1_12_0_, permission0_.permission_id as permissi1_12_1_, permission0_.character_id as characte6_12_1_, permission0_.permission_name as permissi2_12_1_, permission0_.permission_permission_unit_id as permissi3_12_1_, permission0_.permission_service as permissi4_12_1_, permission0_.permission_status as permissi5_12_1_ from permission permission0_ where permission0_.character_id=?
Hibernate: select count(*) as col_0_0_ from board board0_ where board0_.board_id=?
Hibernate: select board0_.board_id as board_id1_4_0_, board0_.category_id as category7_4_0_, board0_.board_content as board_co2_4_0_, board0_.board_created_at as board_cr3_4_0_, board0_.board_last_modified_at as board_la4_4_0_, board0_.board_title as board_ti5_4_0_, board0_.user_id as user_id8_4_0_, board0_.board_views as board_vi6_4_0_ from board board0_ where board0_.board_id=?
Hibernate: select category0_.category_id as category1_5_0_, category0_.category_name as category2_5_0_ from category category0_ where category0_.category_id=?
Hibernate: insert into comment (comment_id, board_id, comment_content, comment_created_at, comment_last_modified_at, user_id) values (default, ?, ?, ?, ?, ?)
Hibernate: select user0_.user_id as col_0_0_ from user user0_ where user0_.user_user_id=? limit ?
Hibernate: select user0_.user_id as col_0_0_ from user user0_ where user0_.user_user_id=? limit ?
Hibernate: select U.* from USER U where U.USER_USER_ID =?
Hibernate: select character0_.character_id as characte1_6_0_, character0_.character_character_name as characte2_6_0_ from characters character0_ where character0_.character_id=?
Hibernate: select user0_.user_id as user_id1_21_0_, user0_.character_id as characte7_21_0_, user0_.user_created_at as user_cre2_21_0_, user0_.user_name as user_nam3_21_0_, user0_.user_phone_number as user_pho4_21_0_, user0_.user_user_id as user_use5_21_0_, user0_.user_user_password as user_use6_21_0_ from user user0_ where user0_.user_id=?
Hibernate: select character0_.character_id as characte1_6_0_, character0_.character_character_name as characte2_6_0_ from characters character0_ where character0_.character_id=?
Hibernate: select count(*) as col_0_0_ from board board0_
Hibernate: select board0_.board_id as board_id1_4_, board0_.category_id as category7_4_, board0_.board_content as board_co2_4_, board0_.board_created_at as board_cr3_4_, board0_.board_last_modified_at as board_la4_4_, board0_.board_title as board_ti5_4_, board0_.user_id as user_id8_4_, board0_.board_views as board_vi6_4_ from board board0_ limit ?
Hibernate: select category0_.category_id as category1_5_0_, category0_.category_name as category2_5_0_ from category category0_ where category0_.category_id=?
Hibernate: select reactionli0_.board_id as board_id3_13_0_, reactionli0_.reaction_id as reaction1_13_0_, reactionli0_.reaction_id as reaction1_13_1_, reactionli0_.board_id as board_id3_13_1_, reactionli0_.reaction_type as reaction2_13_1_ from reaction reactionli0_ where reactionli0_.board_id=?
Hibernate: select reactionus0_.reaction_id as reaction2_14_0_, reactionus0_.reaction_user_id as reaction1_14_0_, reactionus0_.reaction_user_id as reaction1_14_1_, reactionus0_.reaction_id as reaction2_14_1_, reactionus0_.user_id as user_id3_14_1_ from reaction_user reactionus0_ where reactionus0_.reaction_id=?
Hibernate: select reactionus0_.reaction_id as reaction2_14_0_, reactionus0_.reaction_user_id as reaction1_14_0_, reactionus0_.reaction_user_id as reaction1_14_1_, reactionus0_.reaction_id as reaction2_14_1_, reactionus0_.user_id as user_id3_14_1_ from reaction_user reactionus0_ where reactionus0_.reaction_id=?
Hibernate: select reactionus0_.reaction_id as reaction2_14_0_, reactionus0_.reaction_user_id as reaction1_14_0_, reactionus0_.reaction_user_id as reaction1_14_1_, reactionus0_.reaction_id as reaction2_14_1_, reactionus0_.user_id as user_id3_14_1_ from reaction_user reactionus0_ where reactionus0_.reaction_id=?
Hibernate: select reactionus0_.reaction_id as reaction2_14_0_, reactionus0_.reaction_user_id as reaction1_14_0_, reactionus0_.reaction_user_id as reaction1_14_1_, reactionus0_.reaction_id as reaction2_14_1_, reactionus0_.user_id as user_id3_14_1_ from reaction_user reactionus0_ where reactionus0_.reaction_id=?
Hibernate: select reactionus0_.reaction_id as reaction2_14_0_, reactionus0_.reaction_user_id as reaction1_14_0_, reactionus0_.reaction_user_id as reaction1_14_1_, reactionus0_.reaction_id as reaction2_14_1_, reactionus0_.user_id as user_id3_14_1_ from reaction_user reactionus0_ where reactionus0_.reaction_id=?
Hibernate: select reactionus0_.reaction_id as reaction2_14_0_, reactionus0_.reaction_user_id as reaction1_14_0_, reactionus0_.reaction_user_id as reaction1_14_1_, reactionus0_.reaction_id as reaction2_14_1_, reactionus0_.user_id as user_id3_14_1_ from reaction_user reactionus0_ where reactionus0_.reaction_id=?
Hibernate: select commentlis0_.board_id as board_id5_7_0_, commentlis0_.comment_id as comment_1_7_0_, commentlis0_.comment_id as comment_1_7_1_, commentlis0_.board_id as board_id5_7_1_, commentlis0_.comment_content as comment_2_7_1_, commentlis0_.comment_created_at as comment_3_7_1_, commentlis0_.comment_last_modified_at as comment_4_7_1_, commentlis0_.user_id as user_id6_7_1_ from comment commentlis0_ where commentlis0_.board_id=?
Hibernate: select boardlist0_.category_id as category7_4_0_, boardlist0_.board_id as board_id1_4_0_, boardlist0_.board_id as board_id1_4_1_, boardlist0_.category_id as category7_4_1_, boardlist0_.board_content as board_co2_4_1_, boardlist0_.board_created_at as board_cr3_4_1_, boardlist0_.board_last_modified_at as board_la4_4_1_, boardlist0_.board_title as board_ti5_4_1_, boardlist0_.user_id as user_id8_4_1_, boardlist0_.board_views as board_vi6_4_1_ from board boardlist0_ where boardlist0_.category_id=?
Hibernate: select count(comment0_.comment_id) as col_0_0_ from comment comment0_ where comment0_.board_id=?
Hibernate: select count(*) as col_0_0_ from board board0_
Hibernate: select imagepathl0_.board_board_id as board_bo1_11_0_, imagepathl0_.board_image_path_list as board_im2_11_0_ from image_path_list imagepathl0_ where imagepathl0_.board_board_id=?
Hibernate: select filename0_.filename_id as filename1_9_, filename0_.filename_origin as filename2_9_, filename0_.filename_uuid as filename3_9_ from filename filename0_ where filename0_.filename_uuid=?
Hibernate: select filepathli0_.board_board_id as board_bo1_8_0_, filepathli0_.board_file_path_list as board_fi2_8_0_ from file_path_list filepathli0_ where filepathli0_.board_board_id=?
Hibernate: select filename0_.filename_id as filename1_9_, filename0_.filename_origin as filename2_9_, filename0_.filename_uuid as filename3_9_ from filename filename0_ where filename0_.filename_uuid=?
Hibernate: select U.* from USER U join BOARD B where U.USER_ID = B.USER_ID and B.BOARD_ID = ?
Hibernate: select character0_.character_id as characte1_6_0_, character0_.character_character_name as characte2_6_0_ from characters character0_ where character0_.character_id=?
Hibernate: select count(*) as col_0_0_ from user user0_ where user0_.user_id=?
Hibernate: select character1_.character_id as characte1_6_, character1_.character_character_name as characte2_6_ from user user0_ inner join characters character1_ on user0_.character_id=character1_.character_id where user0_.user_id=?
Hibernate: select permission0_.character_id as characte6_12_0_, permission0_.permission_id as permissi1_12_0_, permission0_.permission_id as permissi1_12_1_, permission0_.character_id as characte6_12_1_, permission0_.permission_name as permissi2_12_1_, permission0_.permission_permission_unit_id as permissi3_12_1_, permission0_.permission_service as permissi4_12_1_, permission0_.permission_status as permissi5_12_1_ from permission permission0_ where permission0_.character_id=?
Hibernate: select count(*) as col_0_0_ from board board0_ where board0_.board_id=?
Hibernate: select board0_.board_id as board_id1_4_0_, board0_.category_id as category7_4_0_, board0_.board_content as board_co2_4_0_, board0_.board_created_at as board_cr3_4_0_, board0_.board_last_modified_at as board_la4_4_0_, board0_.board_title as board_ti5_4_0_, board0_.user_id as user_id8_4_0_, board0_.board_views as board_vi6_4_0_ from board board0_ where board0_.board_id=?
Hibernate: select category0_.category_id as category1_5_0_, category0_.category_name as category2_5_0_ from category category0_ where category0_.category_id=?
Hibernate: select reactionli0_.board_id as board_id3_13_0_, reactionli0_.reaction_id as reaction1_13_0_, reactionli0_.reaction_id as reaction1_13_1_, reactionli0_.board_id as board_id3_13_1_, reactionli0_.reaction_type as reaction2_13_1_ from reaction reactionli0_ where reactionli0_.board_id=?
Hibernate: select reactionus0_.reaction_id as reaction2_14_0_, reactionus0_.reaction_user_id as reaction1_14_0_, reactionus0_.reaction_user_id as reaction1_14_1_, reactionus0_.reaction_id as reaction2_14_1_, reactionus0_.user_id as user_id3_14_1_ from reaction_user reactionus0_ where reactionus0_.reaction_id=?
Hibernate: select reactionus0_.reaction_id as reaction2_14_0_, reactionus0_.reaction_user_id as reaction1_14_0_, reactionus0_.reaction_user_id as reaction1_14_1_, reactionus0_.reaction_id as reaction2_14_1_, reactionus0_.user_id as user_id3_14_1_ from reaction_user reactionus0_ where reactionus0_.reaction_id=?
Hibernate: select reactionus0_.reaction_id as reaction2_14_0_, reactionus0_.reaction_user_id as reaction1_14_0_, reactionus0_.reaction_user_id as reaction1_14_1_, reactionus0_.reaction_id as reaction2_14_1_, reactionus0_.user_id as user_id3_14_1_ from reaction_user reactionus0_ where reactionus0_.reaction_id=?
Hibernate: select reactionus0_.reaction_id as reaction2_14_0_, reactionus0_.reaction_user_id as reaction1_14_0_, reactionus0_.reaction_user_id as reaction1_14_1_, reactionus0_.reaction_id as reaction2_14_1_, reactionus0_.user_id as user_id3_14_1_ from reaction_user reactionus0_ where reactionus0_.reaction_id=?
Hibernate: select reactionus0_.reaction_id as reaction2_14_0_, reactionus0_.reaction_user_id as reaction1_14_0_, reactionus0_.reaction_user_id as reaction1_14_1_, reactionus0_.reaction_id as reaction2_14_1_, reactionus0_.user_id as user_id3_14_1_ from reaction_user reactionus0_ where reactionus0_.reaction_id=?
Hibernate: select reactionus0_.reaction_id as reaction2_14_0_, reactionus0_.reaction_user_id as reaction1_14_0_, reactionus0_.reaction_user_id as reaction1_14_1_, reactionus0_.reaction_id as reaction2_14_1_, reactionus0_.user_id as user_id3_14_1_ from reaction_user reactionus0_ where reactionus0_.reaction_id=?
Hibernate: select commentlis0_.board_id as board_id5_7_0_, commentlis0_.comment_id as comment_1_7_0_, commentlis0_.comment_id as comment_1_7_1_, commentlis0_.board_id as board_id5_7_1_, commentlis0_.comment_content as comment_2_7_1_, commentlis0_.comment_created_at as comment_3_7_1_, commentlis0_.comment_last_modified_at as comment_4_7_1_, commentlis0_.user_id as user_id6_7_1_ from comment commentlis0_ where commentlis0_.board_id=?
Hibernate: select boardlist0_.category_id as category7_4_0_, boardlist0_.board_id as board_id1_4_0_, boardlist0_.board_id as board_id1_4_1_, boardlist0_.category_id as category7_4_1_, boardlist0_.board_content as board_co2_4_1_, boardlist0_.board_created_at as board_cr3_4_1_, boardlist0_.board_last_modified_at as board_la4_4_1_, boardlist0_.board_title as board_ti5_4_1_, boardlist0_.user_id as user_id8_4_1_, boardlist0_.board_views as board_vi6_4_1_ from board boardlist0_ where boardlist0_.category_id=?
Hibernate: select count(comment0_.comment_id) as col_0_0_ from comment comment0_ where comment0_.board_id=?
Hibernate: update board set category_id=?, board_content=?, board_created_at=?, board_last_modified_at=?, board_title=?, user_id=?, board_views=? where board_id=?
Hibernate: select filepathli0_.board_board_id as board_bo1_8_0_, filepathli0_.board_file_path_list as board_fi2_8_0_ from file_path_list filepathli0_ where filepathli0_.board_board_id=?
Hibernate: select filename0_.filename_id as filename1_9_, filename0_.filename_origin as filename2_9_, filename0_.filename_uuid as filename3_9_ from filename filename0_ where filename0_.filename_uuid=?
Hibernate: delete from filename where filename_id=?
Hibernate: select imagepathl0_.board_board_id as board_bo1_11_0_, imagepathl0_.board_image_path_list as board_im2_11_0_ from image_path_list imagepathl0_ where imagepathl0_.board_board_id=?
Hibernate: select filename0_.filename_id as filename1_9_, filename0_.filename_origin as filename2_9_, filename0_.filename_uuid as filename3_9_ from filename filename0_ where filename0_.filename_uuid=?
Hibernate: delete from filename where filename_id=?
Hibernate: select count(*) as col_0_0_ from board board0_ where board0_.board_id=?
Hibernate: delete from file_path_list where board_board_id=?
Hibernate: delete from image_path_list where board_board_id=?
Hibernate: delete from comment where comment_id=?
Hibernate: delete from comment where comment_id=?
Hibernate: delete from reaction where reaction_id=?
Hibernate: delete from reaction where reaction_id=?
Hibernate: delete from reaction where reaction_id=?
Hibernate: delete from reaction where reaction_id=?
Hibernate: delete from reaction where reaction_id=?
Hibernate: delete from reaction where reaction_id=?
Hibernate: delete from board where board_id=?
Hibernate: select user0_.user_id as user_id1_21_0_, user0_.character_id as characte7_21_0_, user0_.user_created_at as user_cre2_21_0_, user0_.user_name as user_nam3_21_0_, user0_.user_phone_number as user_pho4_21_0_, user0_.user_user_id as user_use5_21_0_, user0_.user_user_password as user_use6_21_0_ from user user0_ where user0_.user_id=?
Hibernate: select character0_.character_id as characte1_6_0_, character0_.character_character_name as characte2_6_0_ from characters character0_ where character0_.character_id=?
Hibernate: select count(*) as col_0_0_ from user user0_ where user0_.user_id=?
Hibernate: select character1_.character_id as characte1_6_, character1_.character_character_name as characte2_6_ from user user0_ inner join characters character1_ on user0_.character_id=character1_.character_id where user0_.user_id=?
Hibernate: select permission0_.character_id as characte6_12_0_, permission0_.permission_id as permissi1_12_0_, permission0_.permission_id as permissi1_12_1_, permission0_.character_id as characte6_12_1_, permission0_.permission_name as permissi2_12_1_, permission0_.permission_permission_unit_id as permissi3_12_1_, permission0_.permission_service as permissi4_12_1_, permission0_.permission_status as permissi5_12_1_ from permission permission0_ where permission0_.character_id=?
Hibernate: select count(*) as col_0_0_ from board board0_ where board0_.board_id=?
Hibernate: select user0_.user_id as col_0_0_ from user user0_ where user0_.user_user_id=? limit ?
Hibernate: select user0_.user_id as col_0_0_ from user user0_ where user0_.user_user_id=? limit ?
Hibernate: select U.* from USER U where U.USER_USER_ID =?
Hibernate: select character0_.character_id as characte1_6_0_, character0_.character_character_name as characte2_6_0_ from characters character0_ where character0_.character_id=?
Hibernate: select user0_.user_id as user_id1_21_0_, user0_.character_id as characte7_21_0_, user0_.user_created_at as user_cre2_21_0_, user0_.user_name as user_nam3_21_0_, user0_.user_phone_number as user_pho4_21_0_, user0_.user_user_id as user_use5_21_0_, user0_.user_user_password as user_use6_21_0_ from user user0_ where user0_.user_id=?
Hibernate: select character0_.character_id as characte1_6_0_, character0_.character_character_name as characte2_6_0_ from characters character0_ where character0_.character_id=?
Hibernate: select category0_.category_id as category1_5_, category0_.category_name as category2_5_ from category category0_
Hibernate: select boardlist0_.category_id as category7_4_0_, boardlist0_.board_id as board_id1_4_0_, boardlist0_.board_id as board_id1_4_1_, boardlist0_.category_id as category7_4_1_, boardlist0_.board_content as board_co2_4_1_, boardlist0_.board_created_at as board_cr3_4_1_, boardlist0_.board_last_modified_at as board_la4_4_1_, boardlist0_.board_title as board_ti5_4_1_, boardlist0_.user_id as user_id8_4_1_, boardlist0_.board_views as board_vi6_4_1_ from board boardlist0_ where boardlist0_.category_id=?
Hibernate: select boardlist0_.category_id as category7_4_0_, boardlist0_.board_id as board_id1_4_0_, boardlist0_.board_id as board_id1_4_1_, boardlist0_.category_id as category7_4_1_, boardlist0_.board_content as board_co2_4_1_, boardlist0_.board_created_at as board_cr3_4_1_, boardlist0_.board_last_modified_at as board_la4_4_1_, boardlist0_.board_title as board_ti5_4_1_, boardlist0_.user_id as user_id8_4_1_, boardlist0_.board_views as board_vi6_4_1_ from board boardlist0_ where boardlist0_.category_id=?
Hibernate: select boardlist0_.category_id as category7_4_0_, boardlist0_.board_id as board_id1_4_0_, boardlist0_.board_id as board_id1_4_1_, boardlist0_.category_id as category7_4_1_, boardlist0_.board_content as board_co2_4_1_, boardlist0_.board_created_at as board_cr3_4_1_, boardlist0_.board_last_modified_at as board_la4_4_1_, boardlist0_.board_title as board_ti5_4_1_, boardlist0_.user_id as user_id8_4_1_, boardlist0_.board_views as board_vi6_4_1_ from board boardlist0_ where boardlist0_.category_id=?
Hibernate: select user0_.user_id as user_id1_21_0_, user0_.character_id as characte7_21_0_, user0_.user_created_at as user_cre2_21_0_, user0_.user_name as user_nam3_21_0_, user0_.user_phone_number as user_pho4_21_0_, user0_.user_user_id as user_use5_21_0_, user0_.user_user_password as user_use6_21_0_ from user user0_ where user0_.user_id=?
Hibernate: select character0_.character_id as characte1_6_0_, character0_.character_character_name as characte2_6_0_ from characters character0_ where character0_.character_id=?
Hibernate: select count(*) as col_0_0_ from user user0_ where user0_.user_id=?
Hibernate: select character1_.character_id as characte1_6_, character1_.character_character_name as characte2_6_ from user user0_ inner join characters character1_ on user0_.character_id=character1_.character_id where user0_.user_id=?
Hibernate: select permission0_.character_id as characte6_12_0_, permission0_.permission_id as permissi1_12_0_, permission0_.permission_id as permissi1_12_1_, permission0_.character_id as characte6_12_1_, permission0_.permission_name as permissi2_12_1_, permission0_.permission_permission_unit_id as permissi3_12_1_, permission0_.permission_service as permissi4_12_1_, permission0_.permission_status as permissi5_12_1_ from permission permission0_ where permission0_.character_id=?
Hibernate: select count(*) as col_0_0_ from category category0_ where category0_.category_id=?
Hibernate: select count(board0_.board_id) as col_0_0_ from board board0_ where board0_.category_id=?
Hibernate: select category0_.category_id as category1_5_0_, category0_.category_name as category2_5_0_ from category category0_ where category0_.category_id=?
Hibernate: select boardlist0_.category_id as category7_4_0_, boardlist0_.board_id as board_id1_4_0_, boardlist0_.board_id as board_id1_4_1_, boardlist0_.category_id as category7_4_1_, boardlist0_.board_content as board_co2_4_1_, boardlist0_.board_created_at as board_cr3_4_1_, boardlist0_.board_last_modified_at as board_la4_4_1_, boardlist0_.board_title as board_ti5_4_1_, boardlist0_.user_id as user_id8_4_1_, boardlist0_.board_views as board_vi6_4_1_ from board boardlist0_ where boardlist0_.category_id=?
Hibernate: delete from category where category_id=?
Hibernate: select user0_.user_id as user_id1_21_0_, user0_.character_id as characte7_21_0_, user0_.user_created_at as user_cre2_21_0_, user0_.user_name as user_nam3_21_0_, user0_.user_phone_number as user_pho4_21_0_, user0_.user_user_id as user_use5_21_0_, user0_.user_user_password as user_use6_21_0_ from user user0_ where user0_.user_id=?
Hibernate: select character0_.character_id as characte1_6_0_, character0_.character_character_name as characte2_6_0_ from characters character0_ where character0_.character_id=?
Hibernate: select count(*) as col_0_0_ from user user0_ where user0_.user_id=?
Hibernate: select character1_.character_id as characte1_6_, character1_.character_character_name as characte2_6_ from user user0_ inner join characters character1_ on user0_.character_id=character1_.character_id where user0_.user_id=?
Hibernate: select permission0_.character_id as characte6_12_0_, permission0_.permission_id as permissi1_12_0_, permission0_.permission_id as permissi1_12_1_, permission0_.character_id as characte6_12_1_, permission0_.permission_name as permissi2_12_1_, permission0_.permission_permission_unit_id as permissi3_12_1_, permission0_.permission_service as permissi4_12_1_, permission0_.permission_status as permissi5_12_1_ from permission permission0_ where permission0_.character_id=?
Hibernate: select count(*) as col_0_0_ from category category0_ where category0_.category_id=?
Hibernate: select count(board0_.board_id) as col_0_0_ from board board0_ where board0_.category_id=?
Hibernate: select category0_.category_id as category1_5_0_, category0_.category_name as category2_5_0_ from category category0_ where category0_.category_id=?
Hibernate: select boardlist0_.category_id as category7_4_0_, boardlist0_.board_id as board_id1_4_0_, boardlist0_.board_id as board_id1_4_1_, boardlist0_.category_id as category7_4_1_, boardlist0_.board_content as board_co2_4_1_, boardlist0_.board_created_at as board_cr3_4_1_, boardlist0_.board_last_modified_at as board_la4_4_1_, boardlist0_.board_title as board_ti5_4_1_, boardlist0_.user_id as user_id8_4_1_, boardlist0_.board_views as board_vi6_4_1_ from board boardlist0_ where boardlist0_.category_id=?
Hibernate: delete from category where category_id=?
Hibernate: select user0_.user_id as user_id1_21_0_, user0_.character_id as characte7_21_0_, user0_.user_created_at as user_cre2_21_0_, user0_.user_name as user_nam3_21_0_, user0_.user_phone_number as user_pho4_21_0_, user0_.user_user_id as user_use5_21_0_, user0_.user_user_password as user_use6_21_0_ from user user0_ where user0_.user_id=?
Hibernate: select character0_.character_id as characte1_6_0_, character0_.character_character_name as characte2_6_0_ from characters character0_ where character0_.character_id=?
Hibernate: select count(*) as col_0_0_ from user user0_ where user0_.user_id=?
Hibernate: select character1_.character_id as characte1_6_, character1_.character_character_name as characte2_6_ from user user0_ inner join characters character1_ on user0_.character_id=character1_.character_id where user0_.user_id=?
Hibernate: select permission0_.character_id as characte6_12_0_, permission0_.permission_id as permissi1_12_0_, permission0_.permission_id as permissi1_12_1_, permission0_.character_id as characte6_12_1_, permission0_.permission_name as permissi2_12_1_, permission0_.permission_permission_unit_id as permissi3_12_1_, permission0_.permission_service as permissi4_12_1_, permission0_.permission_status as permissi5_12_1_ from permission permission0_ where permission0_.character_id=?
Hibernate: select count(*) as col_0_0_ from category category0_ where category0_.category_id=?
Hibernate: select count(board0_.board_id) as col_0_0_ from board board0_ where board0_.category_id=?
Hibernate: select category0_.category_id as category1_5_0_, category0_.category_name as category2_5_0_ from category category0_ where category0_.category_id=?
Hibernate: select boardlist0_.category_id as category7_4_0_, boardlist0_.board_id as board_id1_4_0_, boardlist0_.board_id as board_id1_4_1_, boardlist0_.category_id as category7_4_1_, boardlist0_.board_content as board_co2_4_1_, boardlist0_.board_created_at as board_cr3_4_1_, boardlist0_.board_last_modified_at as board_la4_4_1_, boardlist0_.board_title as board_ti5_4_1_, boardlist0_.user_id as user_id8_4_1_, boardlist0_.board_views as board_vi6_4_1_ from board boardlist0_ where boardlist0_.category_id=?
Hibernate: delete from category where category_id=?
Hibernate: select user0_.user_id as user_id1_21_0_, user0_.character_id as characte7_21_0_, user0_.user_created_at as user_cre2_21_0_, user0_.user_name as user_nam3_21_0_, user0_.user_phone_number as user_pho4_21_0_, user0_.user_user_id as user_use5_21_0_, user0_.user_user_password as user_use6_21_0_ from user user0_ where user0_.user_id=?
Hibernate: select character0_.character_id as characte1_6_0_, character0_.character_character_name as characte2_6_0_ from characters character0_ where character0_.character_id=?
Hibernate: select count(*) as col_0_0_ from user user0_ where user0_.user_id=?
Hibernate: select character1_.character_id as characte1_6_, character1_.character_character_name as characte2_6_ from user user0_ inner join characters character1_ on user0_.character_id=character1_.character_id where user0_.user_id=?
Hibernate: select permission0_.character_id as characte6_12_0_, permission0_.permission_id as permissi1_12_0_, permission0_.permission_id as permissi1_12_1_, permission0_.character_id as characte6_12_1_, permission0_.permission_name as permissi2_12_1_, permission0_.permission_permission_unit_id as permissi3_12_1_, permission0_.permission_service as permissi4_12_1_, permission0_.permission_status as permissi5_12_1_ from permission permission0_ where permission0_.character_id=?
Hibernate: select category0_.category_id as col_0_0_ from category category0_ where category0_.category_name=? limit ?
Hibernate: select category0_.category_id as category1_5_1_, category0_.category_name as category2_5_1_, boardlist1_.category_id as category7_4_3_, boardlist1_.board_id as board_id1_4_3_, boardlist1_.board_id as board_id1_4_0_, boardlist1_.category_id as category7_4_0_, boardlist1_.board_content as board_co2_4_0_, boardlist1_.board_created_at as board_cr3_4_0_, boardlist1_.board_last_modified_at as board_la4_4_0_, boardlist1_.board_title as board_ti5_4_0_, boardlist1_.user_id as user_id8_4_0_, boardlist1_.board_views as board_vi6_4_0_ from category category0_ left outer join board boardlist1_ on category0_.category_id=boardlist1_.category_id where category0_.category_id=?
Hibernate: insert into category (category_id, category_name) values (default, ?)
Hibernate: select user0_.user_id as user_id1_21_0_, user0_.character_id as characte7_21_0_, user0_.user_created_at as user_cre2_21_0_, user0_.user_name as user_nam3_21_0_, user0_.user_phone_number as user_pho4_21_0_, user0_.user_user_id as user_use5_21_0_, user0_.user_user_password as user_use6_21_0_ from user user0_ where user0_.user_id=?
Hibernate: select character0_.character_id as characte1_6_0_, character0_.character_character_name as characte2_6_0_ from characters character0_ where character0_.character_id=?
Hibernate: select count(*) as col_0_0_ from user user0_ where user0_.user_id=?
Hibernate: select character1_.character_id as characte1_6_, character1_.character_character_name as characte2_6_ from user user0_ inner join characters character1_ on user0_.character_id=character1_.character_id where user0_.user_id=?
Hibernate: select permission0_.character_id as characte6_12_0_, permission0_.permission_id as permissi1_12_0_, permission0_.permission_id as permissi1_12_1_, permission0_.character_id as characte6_12_1_, permission0_.permission_name as permissi2_12_1_, permission0_.permission_permission_unit_id as permissi3_12_1_, permission0_.permission_service as permissi4_12_1_, permission0_.permission_status as permissi5_12_1_ from permission permission0_ where permission0_.character_id=?
Hibernate: select category0_.category_id as col_0_0_ from category category0_ where category0_.category_name=? limit ?
Hibernate: select category0_.category_id as category1_5_1_, category0_.category_name as category2_5_1_, boardlist1_.category_id as category7_4_3_, boardlist1_.board_id as board_id1_4_3_, boardlist1_.board_id as board_id1_4_0_, boardlist1_.category_id as category7_4_0_, boardlist1_.board_content as board_co2_4_0_, boardlist1_.board_created_at as board_cr3_4_0_, boardlist1_.board_last_modified_at as board_la4_4_0_, boardlist1_.board_title as board_ti5_4_0_, boardlist1_.user_id as user_id8_4_0_, boardlist1_.board_views as board_vi6_4_0_ from category category0_ left outer join board boardlist1_ on category0_.category_id=boardlist1_.category_id where category0_.category_id=?
Hibernate: insert into category (category_id, category_name) values (default, ?)
Hibernate: select user0_.user_id as col_0_0_ from user user0_ where user0_.user_user_id=? limit ?
Hibernate: select user0_.user_id as col_0_0_ from user user0_ where user0_.user_user_id=? limit ?
Hibernate: select U.* from USER U where U.USER_USER_ID =?
Hibernate: select character0_.character_id as characte1_6_0_, character0_.character_character_name as characte2_6_0_ from characters character0_ where character0_.character_id=?
Hibernate: select user0_.user_id as col_0_0_ from user user0_ where user0_.user_user_id=? limit ?
Hibernate: select user0_.user_id as col_0_0_ from user user0_ where user0_.user_user_id=? limit ?
Hibernate: select U.* from USER U where U.USER_USER_ID =?
Hibernate: select character0_.character_id as characte1_6_0_, character0_.character_character_name as characte2_6_0_ from characters character0_ where character0_.character_id=?
Hibernate: select user0_.user_id as user_id1_21_0_, user0_.character_id as characte7_21_0_, user0_.user_created_at as user_cre2_21_0_, user0_.user_name as user_nam3_21_0_, user0_.user_phone_number as user_pho4_21_0_, user0_.user_user_id as user_use5_21_0_, user0_.user_user_password as user_use6_21_0_ from user user0_ where user0_.user_id=?
Hibernate: select character0_.character_id as characte1_6_0_, character0_.character_character_name as characte2_6_0_ from characters character0_ where character0_.character_id=?
Hibernate: select count(*) as col_0_0_ from board board0_
Hibernate: select count(*) as col_0_0_ from board board0_
Hibernate: select user0_.user_id as col_0_0_ from user user0_ where user0_.user_user_id=? limit ?
Hibernate: select user0_.user_id as col_0_0_ from user user0_ where user0_.user_user_id=? limit ?
Hibernate: select U.* from USER U where U.USER_USER_ID =?
Hibernate: select character0_.character_id as characte1_6_0_, character0_.character_character_name as characte2_6_0_ from characters character0_ where character0_.character_id=?
Hibernate: select user0_.user_id as user_id1_21_0_, user0_.character_id as characte7_21_0_, user0_.user_created_at as user_cre2_21_0_, user0_.user_name as user_nam3_21_0_, user0_.user_phone_number as user_pho4_21_0_, user0_.user_user_id as user_use5_21_0_, user0_.user_user_password as user_use6_21_0_ from user user0_ where user0_.user_id=?
Hibernate: select character0_.character_id as characte1_6_0_, character0_.character_character_name as characte2_6_0_ from characters character0_ where character0_.character_id=?
Hibernate: select category0_.category_id as category1_5_, category0_.category_name as category2_5_ from category category0_
Hibernate: select boardlist0_.category_id as category7_4_0_, boardlist0_.board_id as board_id1_4_0_, boardlist0_.board_id as board_id1_4_1_, boardlist0_.category_id as category7_4_1_, boardlist0_.board_content as board_co2_4_1_, boardlist0_.board_created_at as board_cr3_4_1_, boardlist0_.board_last_modified_at as board_la4_4_1_, boardlist0_.board_title as board_ti5_4_1_, boardlist0_.user_id as user_id8_4_1_, boardlist0_.board_views as board_vi6_4_1_ from board boardlist0_ where boardlist0_.category_id=?
Hibernate: select boardlist0_.category_id as category7_4_0_, boardlist0_.board_id as board_id1_4_0_, boardlist0_.board_id as board_id1_4_1_, boardlist0_.category_id as category7_4_1_, boardlist0_.board_content as board_co2_4_1_, boardlist0_.board_created_at as board_cr3_4_1_, boardlist0_.board_last_modified_at as board_la4_4_1_, boardlist0_.board_title as board_ti5_4_1_, boardlist0_.user_id as user_id8_4_1_, boardlist0_.board_views as board_vi6_4_1_ from board boardlist0_ where boardlist0_.category_id=?
Hibernate: select user0_.user_id as user_id1_21_0_, user0_.character_id as characte7_21_0_, user0_.user_created_at as user_cre2_21_0_, user0_.user_name as user_nam3_21_0_, user0_.user_phone_number as user_pho4_21_0_, user0_.user_user_id as user_use5_21_0_, user0_.user_user_password as user_use6_21_0_ from user user0_ where user0_.user_id=?
Hibernate: select character0_.character_id as characte1_6_0_, character0_.character_character_name as characte2_6_0_ from characters character0_ where character0_.character_id=?
Hibernate: select count(*) as col_0_0_ from user user0_ where user0_.user_id=?
Hibernate: select character1_.character_id as characte1_6_, character1_.character_character_name as characte2_6_ from user user0_ inner join characters character1_ on user0_.character_id=character1_.character_id where user0_.user_id=?
Hibernate: select permission0_.character_id as characte6_12_0_, permission0_.permission_id as permissi1_12_0_, permission0_.permission_id as permissi1_12_1_, permission0_.character_id as characte6_12_1_, permission0_.permission_name as permissi2_12_1_, permission0_.permission_permission_unit_id as permissi3_12_1_, permission0_.permission_service as permissi4_12_1_, permission0_.permission_status as permissi5_12_1_ from permission permission0_ where permission0_.character_id=?
Hibernate: select count(*) as col_0_0_ from category category0_ where category0_.category_id=?
Hibernate: select count(board0_.board_id) as col_0_0_ from board board0_ where board0_.category_id=?
Hibernate: select category0_.category_id as category1_5_0_, category0_.category_name as category2_5_0_ from category category0_ where category0_.category_id=?
Hibernate: select boardlist0_.category_id as category7_4_0_, boardlist0_.board_id as board_id1_4_0_, boardlist0_.board_id as board_id1_4_1_, boardlist0_.category_id as category7_4_1_, boardlist0_.board_content as board_co2_4_1_, boardlist0_.board_created_at as board_cr3_4_1_, boardlist0_.board_last_modified_at as board_la4_4_1_, boardlist0_.board_title as board_ti5_4_1_, boardlist0_.user_id as user_id8_4_1_, boardlist0_.board_views as board_vi6_4_1_ from board boardlist0_ where boardlist0_.category_id=?
Hibernate: delete from category where category_id=?
Hibernate: select user0_.user_id as user_id1_21_0_, user0_.character_id as characte7_21_0_, user0_.user_created_at as user_cre2_21_0_, user0_.user_name as user_nam3_21_0_, user0_.user_phone_number as user_pho4_21_0_, user0_.user_user_id as user_use5_21_0_, user0_.user_user_password as user_use6_21_0_ from user user0_ where user0_.user_id=?
Hibernate: select character0_.character_id as characte1_6_0_, character0_.character_character_name as characte2_6_0_ from characters character0_ where character0_.character_id=?
Hibernate: select count(*) as col_0_0_ from user user0_ where user0_.user_id=?
Hibernate: select character1_.character_id as characte1_6_, character1_.character_character_name as characte2_6_ from user user0_ inner join characters character1_ on user0_.character_id=character1_.character_id where user0_.user_id=?
Hibernate: select permission0_.character_id as characte6_12_0_, permission0_.permission_id as permissi1_12_0_, permission0_.permission_id as permissi1_12_1_, permission0_.character_id as characte6_12_1_, permission0_.permission_name as permissi2_12_1_, permission0_.permission_permission_unit_id as permissi3_12_1_, permission0_.permission_service as permissi4_12_1_, permission0_.permission_status as permissi5_12_1_ from permission permission0_ where permission0_.character_id=?
Hibernate: select count(*) as col_0_0_ from category category0_ where category0_.category_id=?
Hibernate: select count(board0_.board_id) as col_0_0_ from board board0_ where board0_.category_id=?
Hibernate: select category0_.category_id as category1_5_0_, category0_.category_name as category2_5_0_ from category category0_ where category0_.category_id=?
Hibernate: select boardlist0_.category_id as category7_4_0_, boardlist0_.board_id as board_id1_4_0_, boardlist0_.board_id as board_id1_4_1_, boardlist0_.category_id as category7_4_1_, boardlist0_.board_content as board_co2_4_1_, boardlist0_.board_created_at as board_cr3_4_1_, boardlist0_.board_last_modified_at as board_la4_4_1_, boardlist0_.board_title as board_ti5_4_1_, boardlist0_.user_id as user_id8_4_1_, boardlist0_.board_views as board_vi6_4_1_ from board boardlist0_ where boardlist0_.category_id=?
Hibernate: delete from category where category_id=?
Hibernate: select user0_.user_id as user_id1_21_0_, user0_.character_id as characte7_21_0_, user0_.user_created_at as user_cre2_21_0_, user0_.user_name as user_nam3_21_0_, user0_.user_phone_number as user_pho4_21_0_, user0_.user_user_id as user_use5_21_0_, user0_.user_user_password as user_use6_21_0_ from user user0_ where user0_.user_id=?
Hibernate: select character0_.character_id as characte1_6_0_, character0_.character_character_name as characte2_6_0_ from characters character0_ where character0_.character_id=?
Hibernate: select count(*) as col_0_0_ from user user0_ where user0_.user_id=?
Hibernate: select character1_.character_id as characte1_6_, character1_.character_character_name as characte2_6_ from user user0_ inner join characters character1_ on user0_.character_id=character1_.character_id where user0_.user_id=?
Hibernate: select permission0_.character_id as characte6_12_0_, permission0_.permission_id as permissi1_12_0_, permission0_.permission_id as permissi1_12_1_, permission0_.character_id as characte6_12_1_, permission0_.permission_name as permissi2_12_1_, permission0_.permission_permission_unit_id as permissi3_12_1_, permission0_.permission_service as permissi4_12_1_, permission0_.permission_status as permissi5_12_1_ from permission permission0_ where permission0_.character_id=?
Hibernate: select category0_.category_id as col_0_0_ from category category0_ where category0_.category_name=? limit ?
Hibernate: select category0_.category_id as category1_5_1_, category0_.category_name as category2_5_1_, boardlist1_.category_id as category7_4_3_, boardlist1_.board_id as board_id1_4_3_, boardlist1_.board_id as board_id1_4_0_, boardlist1_.category_id as category7_4_0_, boardlist1_.board_content as board_co2_4_0_, boardlist1_.board_created_at as board_cr3_4_0_, boardlist1_.board_last_modified_at as board_la4_4_0_, boardlist1_.board_title as board_ti5_4_0_, boardlist1_.user_id as user_id8_4_0_, boardlist1_.board_views as board_vi6_4_0_ from category category0_ left outer join board boardlist1_ on category0_.category_id=boardlist1_.category_id where category0_.category_id=?
Hibernate: insert into category (category_id, category_name) values (default, ?)
Hibernate: select user0_.user_id as user_id1_21_0_, user0_.character_id as characte7_21_0_, user0_.user_created_at as user_cre2_21_0_, user0_.user_name as user_nam3_21_0_, user0_.user_phone_number as user_pho4_21_0_, user0_.user_user_id as user_use5_21_0_, user0_.user_user_password as user_use6_21_0_ from user user0_ where user0_.user_id=?
Hibernate: select character0_.character_id as characte1_6_0_, character0_.character_character_name as characte2_6_0_ from characters character0_ where character0_.character_id=?
Hibernate: select count(*) as col_0_0_ from user user0_ where user0_.user_id=?
Hibernate: select character1_.character_id as characte1_6_, character1_.character_character_name as characte2_6_ from user user0_ inner join characters character1_ on user0_.character_id=character1_.character_id where user0_.user_id=?
Hibernate: select permission0_.character_id as characte6_12_0_, permission0_.permission_id as permissi1_12_0_, permission0_.permission_id as permissi1_12_1_, permission0_.character_id as characte6_12_1_, permission0_.permission_name as permissi2_12_1_, permission0_.permission_permission_unit_id as permissi3_12_1_, permission0_.permission_service as permissi4_12_1_, permission0_.permission_status as permissi5_12_1_ from permission permission0_ where permission0_.character_id=?
Hibernate: select category0_.category_id as col_0_0_ from category category0_ where category0_.category_name=? limit ?
Hibernate: select category0_.category_id as category1_5_1_, category0_.category_name as category2_5_1_, boardlist1_.category_id as category7_4_3_, boardlist1_.board_id as board_id1_4_3_, boardlist1_.board_id as board_id1_4_0_, boardlist1_.category_id as category7_4_0_, boardlist1_.board_content as board_co2_4_0_, boardlist1_.board_created_at as board_cr3_4_0_, boardlist1_.board_last_modified_at as board_la4_4_0_, boardlist1_.board_title as board_ti5_4_0_, boardlist1_.user_id as user_id8_4_0_, boardlist1_.board_views as board_vi6_4_0_ from category category0_ left outer join board boardlist1_ on category0_.category_id=boardlist1_.category_id where category0_.category_id=?
Hibernate: insert into category (category_id, category_name) values (default, ?)
Hibernate: select user0_.user_id as col_0_0_ from user user0_ where user0_.user_user_id=? limit ?
Hibernate: select user0_.user_id as col_0_0_ from user user0_ where user0_.user_user_id=? limit ?
Hibernate: select U.* from USER U where U.USER_USER_ID =?
Hibernate: select character0_.character_id as characte1_6_0_, character0_.character_character_name as characte2_6_0_ from characters character0_ where character0_.character_id=?
Hibernate: select user0_.user_id as col_0_0_ from user user0_ where user0_.user_user_id=? limit ?
Hibernate: select user0_.user_id as col_0_0_ from user user0_ where user0_.user_user_id=? limit ?
Hibernate: select U.* from USER U where U.USER_USER_ID =?
Hibernate: select character0_.character_id as characte1_6_0_, character0_.character_character_name as characte2_6_0_ from characters character0_ where character0_.character_id=?
Hibernate: select user0_.user_id as col_0_0_ from user user0_ where user0_.user_user_id=? limit ?
Hibernate: select user0_.user_id as col_0_0_ from user user0_ where user0_.user_user_id=? limit ?
Hibernate: select U.* from USER U where U.USER_USER_ID =?
Hibernate: select character0_.character_id as characte1_6_0_, character0_.character_character_name as characte2_6_0_ from characters character0_ where character0_.character_id=?
Hibernate: select user0_.user_id as user_id1_21_0_, user0_.character_id as characte7_21_0_, user0_.user_created_at as user_cre2_21_0_, user0_.user_name as user_nam3_21_0_, user0_.user_phone_number as user_pho4_21_0_, user0_.user_user_id as user_use5_21_0_, user0_.user_user_password as user_use6_21_0_ from user user0_ where user0_.user_id=?
Hibernate: select character0_.character_id as characte1_6_0_, character0_.character_character_name as characte2_6_0_ from characters character0_ where character0_.character_id=?
Hibernate: select count(*) as col_0_0_ from user user0_ where user0_.user_id=?
Hibernate: select character1_.character_id as characte1_6_, character1_.character_character_name as characte2_6_ from user user0_ inner join characters character1_ on user0_.character_id=character1_.character_id where user0_.user_id=?
Hibernate: select permission0_.character_id as characte6_12_0_, permission0_.permission_id as permissi1_12_0_, permission0_.permission_id as permissi1_12_1_, permission0_.character_id as characte6_12_1_, permission0_.permission_name as permissi2_12_1_, permission0_.permission_permission_unit_id as permissi3_12_1_, permission0_.permission_service as permissi4_12_1_, permission0_.permission_status as permissi5_12_1_ from permission permission0_ where permission0_.character_id=?
Hibernate: select category0_.category_id as col_0_0_ from category category0_ where category0_.category_name=? limit ?
Hibernate: select category0_.category_id as category1_5_1_, category0_.category_name as category2_5_1_, boardlist1_.category_id as category7_4_3_, boardlist1_.board_id as board_id1_4_3_, boardlist1_.board_id as board_id1_4_0_, boardlist1_.category_id as category7_4_0_, boardlist1_.board_content as board_co2_4_0_, boardlist1_.board_created_at as board_cr3_4_0_, boardlist1_.board_last_modified_at as board_la4_4_0_, boardlist1_.board_title as board_ti5_4_0_, boardlist1_.user_id as user_id8_4_0_, boardlist1_.board_views as board_vi6_4_0_ from category category0_ left outer join board boardlist1_ on category0_.category_id=boardlist1_.category_id where category0_.category_id=?
Hibernate: insert into category (category_id, category_name) values (default, ?)
Hibernate: select user0_.user_id as user_id1_21_0_, user0_.character_id as characte7_21_0_, user0_.user_created_at as user_cre2_21_0_, user0_.user_name as user_nam3_21_0_, user0_.user_phone_number as user_pho4_21_0_, user0_.user_user_id as user_use5_21_0_, user0_.user_user_password as user_use6_21_0_ from user user0_ where user0_.user_id=?
Hibernate: select character0_.character_id as characte1_6_0_, character0_.character_character_name as characte2_6_0_ from characters character0_ where character0_.character_id=?
Hibernate: select category0_.category_id as category1_5_, category0_.category_name as category2_5_ from category category0_
Hibernate: select boardlist0_.category_id as category7_4_0_, boardlist0_.board_id as board_id1_4_0_, boardlist0_.board_id as board_id1_4_1_, boardlist0_.category_id as category7_4_1_, boardlist0_.board_content as board_co2_4_1_, boardlist0_.board_created_at as board_cr3_4_1_, boardlist0_.board_last_modified_at as board_la4_4_1_, boardlist0_.board_title as board_ti5_4_1_, boardlist0_.user_id as user_id8_4_1_, boardlist0_.board_views as board_vi6_4_1_ from board boardlist0_ where boardlist0_.category_id=?
Hibernate: select boardlist0_.category_id as category7_4_0_, boardlist0_.board_id as board_id1_4_0_, boardlist0_.board_id as board_id1_4_1_, boardlist0_.category_id as category7_4_1_, boardlist0_.board_content as board_co2_4_1_, boardlist0_.board_created_at as board_cr3_4_1_, boardlist0_.board_last_modified_at as board_la4_4_1_, boardlist0_.board_title as board_ti5_4_1_, boardlist0_.user_id as user_id8_4_1_, boardlist0_.board_views as board_vi6_4_1_ from board boardlist0_ where boardlist0_.category_id=?
Hibernate: select boardlist0_.category_id as category7_4_0_, boardlist0_.board_id as board_id1_4_0_, boardlist0_.board_id as board_id1_4_1_, boardlist0_.category_id as category7_4_1_, boardlist0_.board_content as board_co2_4_1_, boardlist0_.board_created_at as board_cr3_4_1_, boardlist0_.board_last_modified_at as board_la4_4_1_, boardlist0_.board_title as board_ti5_4_1_, boardlist0_.user_id as user_id8_4_1_, boardlist0_.board_views as board_vi6_4_1_ from board boardlist0_ where boardlist0_.category_id=?
Hibernate: select user0_.user_id as user_id1_21_0_, user0_.character_id as characte7_21_0_, user0_.user_created_at as user_cre2_21_0_, user0_.user_name as user_nam3_21_0_, user0_.user_phone_number as user_pho4_21_0_, user0_.user_user_id as user_use5_21_0_, user0_.user_user_password as user_use6_21_0_ from user user0_ where user0_.user_id=?
Hibernate: select character0_.character_id as characte1_6_0_, character0_.character_character_name as characte2_6_0_ from characters character0_ where character0_.character_id=?
Hibernate: select count(*) as col_0_0_ from user user0_ where user0_.user_id=?
Hibernate: select character1_.character_id as characte1_6_, character1_.character_character_name as characte2_6_ from user user0_ inner join characters character1_ on user0_.character_id=character1_.character_id where user0_.user_id=?
Hibernate: select permission0_.character_id as characte6_12_0_, permission0_.permission_id as permissi1_12_0_, permission0_.permission_id as permissi1_12_1_, permission0_.character_id as characte6_12_1_, permission0_.permission_name as permissi2_12_1_, permission0_.permission_permission_unit_id as permissi3_12_1_, permission0_.permission_service as permissi4_12_1_, permission0_.permission_status as permissi5_12_1_ from permission permission0_ where permission0_.character_id=?
Hibernate: select count(*) as col_0_0_ from category category0_ where category0_.category_id=?
Hibernate: insert into filename (filename_id, filename_origin, filename_uuid) values (default, ?, ?)
Hibernate: insert into filename (filename_id, filename_origin, filename_uuid) values (default, ?, ?)
Hibernate: select category0_.category_id as category1_5_0_, category0_.category_name as category2_5_0_ from category category0_ where category0_.category_id=?
Hibernate: insert into board (board_id, category_id, board_content, board_created_at, board_last_modified_at, board_title, user_id, board_views) values (default, ?, ?, ?, ?, ?, ?, ?)
Hibernate: insert into reaction (reaction_id, board_id, reaction_type) values (default, ?, ?)
Hibernate: insert into reaction (reaction_id, board_id, reaction_type) values (default, ?, ?)
Hibernate: insert into reaction (reaction_id, board_id, reaction_type) values (default, ?, ?)
Hibernate: insert into reaction (reaction_id, board_id, reaction_type) values (default, ?, ?)
Hibernate: insert into reaction (reaction_id, board_id, reaction_type) values (default, ?, ?)
Hibernate: insert into reaction (reaction_id, board_id, reaction_type) values (default, ?, ?)
Hibernate: insert into file_path_list (board_board_id, board_file_path_list) values (?, ?)
Hibernate: insert into image_path_list (board_board_id, board_image_path_list) values (?, ?)
Hibernate: select user0_.user_id as user_id1_21_0_, user0_.character_id as characte7_21_0_, user0_.user_created_at as user_cre2_21_0_, user0_.user_name as user_nam3_21_0_, user0_.user_phone_number as user_pho4_21_0_, user0_.user_user_id as user_use5_21_0_, user0_.user_user_password as user_use6_21_0_ from user user0_ where user0_.user_id=?
Hibernate: select character0_.character_id as characte1_6_0_, character0_.character_character_name as characte2_6_0_ from characters character0_ where character0_.character_id=?
Hibernate: select count(*) as col_0_0_ from board board0_
Hibernate: select board0_.board_id as board_id1_4_, board0_.category_id as category7_4_, board0_.board_content as board_co2_4_, board0_.board_created_at as board_cr3_4_, board0_.board_last_modified_at as board_la4_4_, board0_.board_title as board_ti5_4_, board0_.user_id as user_id8_4_, board0_.board_views as board_vi6_4_ from board board0_ limit ?
Hibernate: select category0_.category_id as category1_5_0_, category0_.category_name as category2_5_0_ from category category0_ where category0_.category_id=?
Hibernate: select reactionli0_.board_id as board_id3_13_0_, reactionli0_.reaction_id as reaction1_13_0_, reactionli0_.reaction_id as reaction1_13_1_, reactionli0_.board_id as board_id3_13_1_, reactionli0_.reaction_type as reaction2_13_1_ from reaction reactionli0_ where reactionli0_.board_id=?
Hibernate: select reactionus0_.reaction_id as reaction2_14_0_, reactionus0_.reaction_user_id as reaction1_14_0_, reactionus0_.reaction_user_id as reaction1_14_1_, reactionus0_.reaction_id as reaction2_14_1_, reactionus0_.user_id as user_id3_14_1_ from reaction_user reactionus0_ where reactionus0_.reaction_id=?
Hibernate: select reactionus0_.reaction_id as reaction2_14_0_, reactionus0_.reaction_user_id as reaction1_14_0_, reactionus0_.reaction_user_id as reaction1_14_1_, reactionus0_.reaction_id as reaction2_14_1_, reactionus0_.user_id as user_id3_14_1_ from reaction_user reactionus0_ where reactionus0_.reaction_id=?
Hibernate: select reactionus0_.reaction_id as reaction2_14_0_, reactionus0_.reaction_user_id as reaction1_14_0_, reactionus0_.reaction_user_id as reaction1_14_1_, reactionus0_.reaction_id as reaction2_14_1_, reactionus0_.user_id as user_id3_14_1_ from reaction_user reactionus0_ where reactionus0_.reaction_id=?
Hibernate: select reactionus0_.reaction_id as reaction2_14_0_, reactionus0_.reaction_user_id as reaction1_14_0_, reactionus0_.reaction_user_id as reaction1_14_1_, reactionus0_.reaction_id as reaction2_14_1_, reactionus0_.user_id as user_id3_14_1_ from reaction_user reactionus0_ where reactionus0_.reaction_id=?
Hibernate: select reactionus0_.reaction_id as reaction2_14_0_, reactionus0_.reaction_user_id as reaction1_14_0_, reactionus0_.reaction_user_id as reaction1_14_1_, reactionus0_.reaction_id as reaction2_14_1_, reactionus0_.user_id as user_id3_14_1_ from reaction_user reactionus0_ where reactionus0_.reaction_id=?
Hibernate: select reactionus0_.reaction_id as reaction2_14_0_, reactionus0_.reaction_user_id as reaction1_14_0_, reactionus0_.reaction_user_id as reaction1_14_1_, reactionus0_.reaction_id as reaction2_14_1_, reactionus0_.user_id as user_id3_14_1_ from reaction_user reactionus0_ where reactionus0_.reaction_id=?
Hibernate: select commentlis0_.board_id as board_id5_7_0_, commentlis0_.comment_id as comment_1_7_0_, commentlis0_.comment_id as comment_1_7_1_, commentlis0_.board_id as board_id5_7_1_, commentlis0_.comment_content as comment_2_7_1_, commentlis0_.comment_created_at as comment_3_7_1_, commentlis0_.comment_last_modified_at as comment_4_7_1_, commentlis0_.user_id as user_id6_7_1_ from comment commentlis0_ where commentlis0_.board_id=?
Hibernate: select boardlist0_.category_id as category7_4_0_, boardlist0_.board_id as board_id1_4_0_, boardlist0_.board_id as board_id1_4_1_, boardlist0_.category_id as category7_4_1_, boardlist0_.board_content as board_co2_4_1_, boardlist0_.board_created_at as board_cr3_4_1_, boardlist0_.board_last_modified_at as board_la4_4_1_, boardlist0_.board_title as board_ti5_4_1_, boardlist0_.user_id as user_id8_4_1_, boardlist0_.board_views as board_vi6_4_1_ from board boardlist0_ where boardlist0_.category_id=?
Hibernate: select count(comment0_.comment_id) as col_0_0_ from comment comment0_ where comment0_.board_id=?
Hibernate: select count(*) as col_0_0_ from board board0_
Hibernate: select imagepathl0_.board_board_id as board_bo1_11_0_, imagepathl0_.board_image_path_list as board_im2_11_0_ from image_path_list imagepathl0_ where imagepathl0_.board_board_id=?
Hibernate: select filename0_.filename_id as filename1_9_, filename0_.filename_origin as filename2_9_, filename0_.filename_uuid as filename3_9_ from filename filename0_ where filename0_.filename_uuid=?
Hibernate: select filepathli0_.board_board_id as board_bo1_8_0_, filepathli0_.board_file_path_list as board_fi2_8_0_ from file_path_list filepathli0_ where filepathli0_.board_board_id=?
Hibernate: select filename0_.filename_id as filename1_9_, filename0_.filename_origin as filename2_9_, filename0_.filename_uuid as filename3_9_ from filename filename0_ where filename0_.filename_uuid=?
Hibernate: select user0_.user_id as user_id1_21_0_, user0_.character_id as characte7_21_0_, user0_.user_created_at as user_cre2_21_0_, user0_.user_name as user_nam3_21_0_, user0_.user_phone_number as user_pho4_21_0_, user0_.user_user_id as user_use5_21_0_, user0_.user_user_password as user_use6_21_0_ from user user0_ where user0_.user_id=?
Hibernate: select character0_.character_id as characte1_6_0_, character0_.character_character_name as characte2_6_0_ from characters character0_ where character0_.character_id=?
Hibernate: select count(*) as col_0_0_ from user user0_ where user0_.user_id=?
Hibernate: select character1_.character_id as characte1_6_, character1_.character_character_name as characte2_6_ from user user0_ inner join characters character1_ on user0_.character_id=character1_.character_id where user0_.user_id=?
Hibernate: select permission0_.character_id as characte6_12_0_, permission0_.permission_id as permissi1_12_0_, permission0_.permission_id as permissi1_12_1_, permission0_.character_id as characte6_12_1_, permission0_.permission_name as permissi2_12_1_, permission0_.permission_permission_unit_id as permissi3_12_1_, permission0_.permission_service as permissi4_12_1_, permission0_.permission_status as permissi5_12_1_ from permission permission0_ where permission0_.character_id=?
Hibernate: select count(*) as col_0_0_ from board board0_ where board0_.board_id=?
Hibernate: select board0_.board_id as board_id1_4_0_, board0_.category_id as category7_4_0_, board0_.board_content as board_co2_4_0_, board0_.board_created_at as board_cr3_4_0_, board0_.board_last_modified_at as board_la4_4_0_, board0_.board_title as board_ti5_4_0_, board0_.user_id as user_id8_4_0_, board0_.board_views as board_vi6_4_0_ from board board0_ where board0_.board_id=?
Hibernate: select category0_.category_id as category1_5_0_, category0_.category_name as category2_5_0_ from category category0_ where category0_.category_id=?
Hibernate: insert into comment (comment_id, board_id, comment_content, comment_created_at, comment_last_modified_at, user_id) values (default, ?, ?, ?, ?, ?)
Hibernate: select user0_.user_id as user_id1_21_0_, user0_.character_id as characte7_21_0_, user0_.user_created_at as user_cre2_21_0_, user0_.user_name as user_nam3_21_0_, user0_.user_phone_number as user_pho4_21_0_, user0_.user_user_id as user_use5_21_0_, user0_.user_user_password as user_use6_21_0_ from user user0_ where user0_.user_id=?
Hibernate: select character0_.character_id as characte1_6_0_, character0_.character_character_name as characte2_6_0_ from characters character0_ where character0_.character_id=?
Hibernate: select count(*) as col_0_0_ from user user0_ where user0_.user_id=?
Hibernate: select character1_.character_id as characte1_6_, character1_.character_character_name as characte2_6_ from user user0_ inner join characters character1_ on user0_.character_id=character1_.character_id where user0_.user_id=?
Hibernate: select permission0_.character_id as characte6_12_0_, permission0_.permission_id as permissi1_12_0_, permission0_.permission_id as permissi1_12_1_, permission0_.character_id as characte6_12_1_, permission0_.permission_name as permissi2_12_1_, permission0_.permission_permission_unit_id as permissi3_12_1_, permission0_.permission_service as permissi4_12_1_, permission0_.permission_status as permissi5_12_1_ from permission permission0_ where permission0_.character_id=?
Hibernate: select count(*) as col_0_0_ from board board0_ where board0_.board_id=?
Hibernate: select count(comment0_.comment_id) as col_0_0_ from comment comment0_ where comment0_.board_id=?
Hibernate: select comment0_.comment_id as comment_1_7_, comment0_.board_id as board_id5_7_, comment0_.comment_content as comment_2_7_, comment0_.comment_created_at as comment_3_7_, comment0_.comment_last_modified_at as comment_4_7_, comment0_.user_id as user_id6_7_ from comment comment0_ where comment0_.board_id=? limit ?
Hibernate: select board0_.board_id as board_id1_4_0_, board0_.category_id as category7_4_0_, board0_.board_content as board_co2_4_0_, board0_.board_created_at as board_cr3_4_0_, board0_.board_last_modified_at as board_la4_4_0_, board0_.board_title as board_ti5_4_0_, board0_.user_id as user_id8_4_0_, board0_.board_views as board_vi6_4_0_ from board board0_ where board0_.board_id=?
Hibernate: select category0_.category_id as category1_5_0_, category0_.category_name as category2_5_0_ from category category0_ where category0_.category_id=?
Hibernate: select U.* from USER U join COMMENT C where U.USER_ID = C.USER_ID and C.COMMENT_ID = ?
Hibernate: select character0_.character_id as characte1_6_0_, character0_.character_character_name as characte2_6_0_ from characters character0_ where character0_.character_id=?
Hibernate: select count(*) as col_0_0_ from user user0_ where user0_.user_id=?
Hibernate: select character1_.character_id as characte1_6_, character1_.character_character_name as characte2_6_ from user user0_ inner join characters character1_ on user0_.character_id=character1_.character_id where user0_.user_id=?
Hibernate: select permission0_.character_id as characte6_12_0_, permission0_.permission_id as permissi1_12_0_, permission0_.permission_id as permissi1_12_1_, permission0_.character_id as characte6_12_1_, permission0_.permission_name as permissi2_12_1_, permission0_.permission_permission_unit_id as permissi3_12_1_, permission0_.permission_service as permissi4_12_1_, permission0_.permission_status as permissi5_12_1_ from permission permission0_ where permission0_.character_id=?
Hibernate: select count(*) as col_0_0_ from comment comment0_ where comment0_.comment_id=?
Hibernate: select comment0_.comment_id as comment_1_7_0_, comment0_.board_id as board_id5_7_0_, comment0_.comment_content as comment_2_7_0_, comment0_.comment_created_at as comment_3_7_0_, comment0_.comment_last_modified_at as comment_4_7_0_, comment0_.user_id as user_id6_7_0_ from comment comment0_ where comment0_.comment_id=?
Hibernate: select board0_.board_id as board_id1_4_0_, board0_.category_id as category7_4_0_, board0_.board_content as board_co2_4_0_, board0_.board_created_at as board_cr3_4_0_, board0_.board_last_modified_at as board_la4_4_0_, board0_.board_title as board_ti5_4_0_, board0_.user_id as user_id8_4_0_, board0_.board_views as board_vi6_4_0_ from board board0_ where board0_.board_id=?
Hibernate: select category0_.category_id as category1_5_0_, category0_.category_name as category2_5_0_ from category category0_ where category0_.category_id=?
Hibernate: select count(*) as col_0_0_ from board board0_ where board0_.board_id=?
Hibernate: update comment set board_id=?, comment_content=?, comment_created_at=?, comment_last_modified_at=?, user_id=? where comment_id=?
Hibernate: select user0_.user_id as col_0_0_ from user user0_ where user0_.user_user_id=? limit ?
Hibernate: select user0_.user_id as col_0_0_ from user user0_ where user0_.user_user_id=? limit ?
Hibernate: select U.* from USER U where U.USER_USER_ID =?
Hibernate: select character0_.character_id as characte1_6_0_, character0_.character_character_name as characte2_6_0_ from characters character0_ where character0_.character_id=?
Hibernate: select user0_.user_id as user_id1_21_0_, user0_.character_id as characte7_21_0_, user0_.user_created_at as user_cre2_21_0_, user0_.user_name as user_nam3_21_0_, user0_.user_phone_number as user_pho4_21_0_, user0_.user_user_id as user_use5_21_0_, user0_.user_user_password as user_use6_21_0_ from user user0_ where user0_.user_id=?
Hibernate: select character0_.character_id as characte1_6_0_, character0_.character_character_name as characte2_6_0_ from characters character0_ where character0_.character_id=?
Hibernate: select count(*) as col_0_0_ from board board0_
Hibernate: select board0_.board_id as board_id1_4_, board0_.category_id as category7_4_, board0_.board_content as board_co2_4_, board0_.board_created_at as board_cr3_4_, board0_.board_last_modified_at as board_la4_4_, board0_.board_title as board_ti5_4_, board0_.user_id as user_id8_4_, board0_.board_views as board_vi6_4_ from board board0_ limit ?
Hibernate: select category0_.category_id as category1_5_0_, category0_.category_name as category2_5_0_ from category category0_ where category0_.category_id=?
Hibernate: select reactionli0_.board_id as board_id3_13_0_, reactionli0_.reaction_id as reaction1_13_0_, reactionli0_.reaction_id as reaction1_13_1_, reactionli0_.board_id as board_id3_13_1_, reactionli0_.reaction_type as reaction2_13_1_ from reaction reactionli0_ where reactionli0_.board_id=?
Hibernate: select reactionus0_.reaction_id as reaction2_14_0_, reactionus0_.reaction_user_id as reaction1_14_0_, reactionus0_.reaction_user_id as reaction1_14_1_, reactionus0_.reaction_id as reaction2_14_1_, reactionus0_.user_id as user_id3_14_1_ from reaction_user reactionus0_ where reactionus0_.reaction_id=?
Hibernate: select reactionus0_.reaction_id as reaction2_14_0_, reactionus0_.reaction_user_id as reaction1_14_0_, reactionus0_.reaction_user_id as reaction1_14_1_, reactionus0_.reaction_id as reaction2_14_1_, reactionus0_.user_id as user_id3_14_1_ from reaction_user reactionus0_ where reactionus0_.reaction_id=?
Hibernate: select reactionus0_.reaction_id as reaction2_14_0_, reactionus0_.reaction_user_id as reaction1_14_0_, reactionus0_.reaction_user_id as reaction1_14_1_, reactionus0_.reaction_id as reaction2_14_1_, reactionus0_.user_id as user_id3_14_1_ from reaction_user reactionus0_ where reactionus0_.reaction_id=?
Hibernate: select reactionus0_.reaction_id as reaction2_14_0_, reactionus0_.reaction_user_id as reaction1_14_0_, reactionus0_.reaction_user_id as reaction1_14_1_, reactionus0_.reaction_id as reaction2_14_1_, reactionus0_.user_id as user_id3_14_1_ from reaction_user reactionus0_ where reactionus0_.reaction_id=?
Hibernate: select reactionus0_.reaction_id as reaction2_14_0_, reactionus0_.reaction_user_id as reaction1_14_0_, reactionus0_.reaction_user_id as reaction1_14_1_, reactionus0_.reaction_id as reaction2_14_1_, reactionus0_.user_id as user_id3_14_1_ from reaction_user reactionus0_ where reactionus0_.reaction_id=?
Hibernate: select reactionus0_.reaction_id as reaction2_14_0_, reactionus0_.reaction_user_id as reaction1_14_0_, reactionus0_.reaction_user_id as reaction1_14_1_, reactionus0_.reaction_id as reaction2_14_1_, reactionus0_.user_id as user_id3_14_1_ from reaction_user reactionus0_ where reactionus0_.reaction_id=?
Hibernate: select commentlis0_.board_id as board_id5_7_0_, commentlis0_.comment_id as comment_1_7_0_, commentlis0_.comment_id as comment_1_7_1_, commentlis0_.board_id as board_id5_7_1_, commentlis0_.comment_content as comment_2_7_1_, commentlis0_.comment_created_at as comment_3_7_1_, commentlis0_.comment_last_modified_at as comment_4_7_1_, commentlis0_.user_id as user_id6_7_1_ from comment commentlis0_ where commentlis0_.board_id=?
Hibernate: select boardlist0_.category_id as category7_4_0_, boardlist0_.board_id as board_id1_4_0_, boardlist0_.board_id as board_id1_4_1_, boardlist0_.category_id as category7_4_1_, boardlist0_.board_content as board_co2_4_1_, boardlist0_.board_created_at as board_cr3_4_1_, boardlist0_.board_last_modified_at as board_la4_4_1_, boardlist0_.board_title as board_ti5_4_1_, boardlist0_.user_id as user_id8_4_1_, boardlist0_.board_views as board_vi6_4_1_ from board boardlist0_ where boardlist0_.category_id=?
Hibernate: select count(comment0_.comment_id) as col_0_0_ from comment comment0_ where comment0_.board_id=?
Hibernate: select count(*) as col_0_0_ from board board0_
Hibernate: select imagepathl0_.board_board_id as board_bo1_11_0_, imagepathl0_.board_image_path_list as board_im2_11_0_ from image_path_list imagepathl0_ where imagepathl0_.board_board_id=?
Hibernate: select filename0_.filename_id as filename1_9_, filename0_.filename_origin as filename2_9_, filename0_.filename_uuid as filename3_9_ from filename filename0_ where filename0_.filename_uuid=?
Hibernate: select filepathli0_.board_board_id as board_bo1_8_0_, filepathli0_.board_file_path_list as board_fi2_8_0_ from file_path_list filepathli0_ where filepathli0_.board_board_id=?
Hibernate: select filename0_.filename_id as filename1_9_, filename0_.filename_origin as filename2_9_, filename0_.filename_uuid as filename3_9_ from filename filename0_ where filename0_.filename_uuid=?
Hibernate: select U.* from USER U join BOARD B where U.USER_ID = B.USER_ID and B.BOARD_ID = ?
Hibernate: select character0_.character_id as characte1_6_0_, character0_.character_character_name as characte2_6_0_ from characters character0_ where character0_.character_id=?
Hibernate: select count(*) as col_0_0_ from user user0_ where user0_.user_id=?
Hibernate: select character1_.character_id as characte1_6_, character1_.character_character_name as characte2_6_ from user user0_ inner join characters character1_ on user0_.character_id=character1_.character_id where user0_.user_id=?
Hibernate: select permission0_.character_id as characte6_12_0_, permission0_.permission_id as permissi1_12_0_, permission0_.permission_id as permissi1_12_1_, permission0_.character_id as characte6_12_1_, permission0_.permission_name as permissi2_12_1_, permission0_.permission_permission_unit_id as permissi3_12_1_, permission0_.permission_service as permissi4_12_1_, permission0_.permission_status as permissi5_12_1_ from permission permission0_ where permission0_.character_id=?
Hibernate: select count(*) as col_0_0_ from board board0_ where board0_.board_id=?
Hibernate: select board0_.board_id as board_id1_4_0_, board0_.category_id as category7_4_0_, board0_.board_content as board_co2_4_0_, board0_.board_created_at as board_cr3_4_0_, board0_.board_last_modified_at as board_la4_4_0_, board0_.board_title as board_ti5_4_0_, board0_.user_id as user_id8_4_0_, board0_.board_views as board_vi6_4_0_ from board board0_ where board0_.board_id=?
Hibernate: select category0_.category_id as category1_5_0_, category0_.category_name as category2_5_0_ from category category0_ where category0_.category_id=?
Hibernate: select reactionli0_.board_id as board_id3_13_0_, reactionli0_.reaction_id as reaction1_13_0_, reactionli0_.reaction_id as reaction1_13_1_, reactionli0_.board_id as board_id3_13_1_, reactionli0_.reaction_type as reaction2_13_1_ from reaction reactionli0_ where reactionli0_.board_id=?
Hibernate: select reactionus0_.reaction_id as reaction2_14_0_, reactionus0_.reaction_user_id as reaction1_14_0_, reactionus0_.reaction_user_id as reaction1_14_1_, reactionus0_.reaction_id as reaction2_14_1_, reactionus0_.user_id as user_id3_14_1_ from reaction_user reactionus0_ where reactionus0_.reaction_id=?
Hibernate: select reactionus0_.reaction_id as reaction2_14_0_, reactionus0_.reaction_user_id as reaction1_14_0_, reactionus0_.reaction_user_id as reaction1_14_1_, reactionus0_.reaction_id as reaction2_14_1_, reactionus0_.user_id as user_id3_14_1_ from reaction_user reactionus0_ where reactionus0_.reaction_id=?
Hibernate: select reactionus0_.reaction_id as reaction2_14_0_, reactionus0_.reaction_user_id as reaction1_14_0_, reactionus0_.reaction_user_id as reaction1_14_1_, reactionus0_.reaction_id as reaction2_14_1_, reactionus0_.user_id as user_id3_14_1_ from reaction_user reactionus0_ where reactionus0_.reaction_id=?
Hibernate: select reactionus0_.reaction_id as reaction2_14_0_, reactionus0_.reaction_user_id as reaction1_14_0_, reactionus0_.reaction_user_id as reaction1_14_1_, reactionus0_.reaction_id as reaction2_14_1_, reactionus0_.user_id as user_id3_14_1_ from reaction_user reactionus0_ where reactionus0_.reaction_id=?
Hibernate: select reactionus0_.reaction_id as reaction2_14_0_, reactionus0_.reaction_user_id as reaction1_14_0_, reactionus0_.reaction_user_id as reaction1_14_1_, reactionus0_.reaction_id as reaction2_14_1_, reactionus0_.user_id as user_id3_14_1_ from reaction_user reactionus0_ where reactionus0_.reaction_id=?
Hibernate: select reactionus0_.reaction_id as reaction2_14_0_, reactionus0_.reaction_user_id as reaction1_14_0_, reactionus0_.reaction_user_id as reaction1_14_1_, reactionus0_.reaction_id as reaction2_14_1_, reactionus0_.user_id as user_id3_14_1_ from reaction_user reactionus0_ where reactionus0_.reaction_id=?
Hibernate: select commentlis0_.board_id as board_id5_7_0_, commentlis0_.comment_id as comment_1_7_0_, commentlis0_.comment_id as comment_1_7_1_, commentlis0_.board_id as board_id5_7_1_, commentlis0_.comment_content as comment_2_7_1_, commentlis0_.comment_created_at as comment_3_7_1_, commentlis0_.comment_last_modified_at as comment_4_7_1_, commentlis0_.user_id as user_id6_7_1_ from comment commentlis0_ where commentlis0_.board_id=?
Hibernate: select boardlist0_.category_id as category7_4_0_, boardlist0_.board_id as board_id1_4_0_, boardlist0_.board_id as board_id1_4_1_, boardlist0_.category_id as category7_4_1_, boardlist0_.board_content as board_co2_4_1_, boardlist0_.board_created_at as board_cr3_4_1_, boardlist0_.board_last_modified_at as board_la4_4_1_, boardlist0_.board_title as board_ti5_4_1_, boardlist0_.user_id as user_id8_4_1_, boardlist0_.board_views as board_vi6_4_1_ from board boardlist0_ where boardlist0_.category_id=?
Hibernate: select count(comment0_.comment_id) as col_0_0_ from comment comment0_ where comment0_.board_id=?
Hibernate: update board set category_id=?, board_content=?, board_created_at=?, board_last_modified_at=?, board_title=?, user_id=?, board_views=? where board_id=?
Hibernate: select filepathli0_.board_board_id as board_bo1_8_0_, filepathli0_.board_file_path_list as board_fi2_8_0_ from file_path_list filepathli0_ where filepathli0_.board_board_id=?
Hibernate: select filename0_.filename_id as filename1_9_, filename0_.filename_origin as filename2_9_, filename0_.filename_uuid as filename3_9_ from filename filename0_ where filename0_.filename_uuid=?
Hibernate: delete from filename where filename_id=?
Hibernate: select imagepathl0_.board_board_id as board_bo1_11_0_, imagepathl0_.board_image_path_list as board_im2_11_0_ from image_path_list imagepathl0_ where imagepathl0_.board_board_id=?
Hibernate: select filename0_.filename_id as filename1_9_, filename0_.filename_origin as filename2_9_, filename0_.filename_uuid as filename3_9_ from filename filename0_ where filename0_.filename_uuid=?
Hibernate: delete from filename where filename_id=?
Hibernate: select count(*) as col_0_0_ from board board0_ where board0_.board_id=?
Hibernate: delete from file_path_list where board_board_id=?
Hibernate: delete from image_path_list where board_board_id=?
Hibernate: delete from comment where comment_id=?
Hibernate: delete from reaction where reaction_id=?
Hibernate: delete from reaction where reaction_id=?
Hibernate: delete from reaction where reaction_id=?
Hibernate: delete from reaction where reaction_id=?
Hibernate: delete from reaction where reaction_id=?
Hibernate: delete from reaction where reaction_id=?
Hibernate: delete from board where board_id=?
Hibernate: select user0_.user_id as user_id1_21_0_, user0_.character_id as characte7_21_0_, user0_.user_created_at as user_cre2_21_0_, user0_.user_name as user_nam3_21_0_, user0_.user_phone_number as user_pho4_21_0_, user0_.user_user_id as user_use5_21_0_, user0_.user_user_password as user_use6_21_0_ from user user0_ where user0_.user_id=?
Hibernate: select character0_.character_id as characte1_6_0_, character0_.character_character_name as characte2_6_0_ from characters character0_ where character0_.character_id=?
Hibernate: select count(*) as col_0_0_ from user user0_ where user0_.user_id=?
Hibernate: select character1_.character_id as characte1_6_, character1_.character_character_name as characte2_6_ from user user0_ inner join characters character1_ on user0_.character_id=character1_.character_id where user0_.user_id=?
Hibernate: select permission0_.character_id as characte6_12_0_, permission0_.permission_id as permissi1_12_0_, permission0_.permission_id as permissi1_12_1_, permission0_.character_id as characte6_12_1_, permission0_.permission_name as permissi2_12_1_, permission0_.permission_permission_unit_id as permissi3_12_1_, permission0_.permission_service as permissi4_12_1_, permission0_.permission_status as permissi5_12_1_ from permission permission0_ where permission0_.character_id=?
Hibernate: select count(*) as col_0_0_ from board board0_ where board0_.board_id=?
Hibernate: select user0_.user_id as col_0_0_ from user user0_ where user0_.user_user_id=? limit ?
Hibernate: select user0_.user_id as col_0_0_ from user user0_ where user0_.user_user_id=? limit ?
Hibernate: select U.* from USER U where U.USER_USER_ID =?
Hibernate: select character0_.character_id as characte1_6_0_, character0_.character_character_name as characte2_6_0_ from characters character0_ where character0_.character_id=?
Hibernate: select user0_.user_id as user_id1_21_0_, user0_.character_id as characte7_21_0_, user0_.user_created_at as user_cre2_21_0_, user0_.user_name as user_nam3_21_0_, user0_.user_phone_number as user_pho4_21_0_, user0_.user_user_id as user_use5_21_0_, user0_.user_user_password as user_use6_21_0_ from user user0_ where user0_.user_id=?
Hibernate: select character0_.character_id as characte1_6_0_, character0_.character_character_name as characte2_6_0_ from characters character0_ where character0_.character_id=?
Hibernate: select category0_.category_id as category1_5_, category0_.category_name as category2_5_ from category category0_
Hibernate: select boardlist0_.category_id as category7_4_0_, boardlist0_.board_id as board_id1_4_0_, boardlist0_.board_id as board_id1_4_1_, boardlist0_.category_id as category7_4_1_, boardlist0_.board_content as board_co2_4_1_, boardlist0_.board_created_at as board_cr3_4_1_, boardlist0_.board_last_modified_at as board_la4_4_1_, boardlist0_.board_title as board_ti5_4_1_, boardlist0_.user_id as user_id8_4_1_, boardlist0_.board_views as board_vi6_4_1_ from board boardlist0_ where boardlist0_.category_id=?
Hibernate: select boardlist0_.category_id as category7_4_0_, boardlist0_.board_id as board_id1_4_0_, boardlist0_.board_id as board_id1_4_1_, boardlist0_.category_id as category7_4_1_, boardlist0_.board_content as board_co2_4_1_, boardlist0_.board_created_at as board_cr3_4_1_, boardlist0_.board_last_modified_at as board_la4_4_1_, boardlist0_.board_title as board_ti5_4_1_, boardlist0_.user_id as user_id8_4_1_, boardlist0_.board_views as board_vi6_4_1_ from board boardlist0_ where boardlist0_.category_id=?
Hibernate: select boardlist0_.category_id as category7_4_0_, boardlist0_.board_id as board_id1_4_0_, boardlist0_.board_id as board_id1_4_1_, boardlist0_.category_id as category7_4_1_, boardlist0_.board_content as board_co2_4_1_, boardlist0_.board_created_at as board_cr3_4_1_, boardlist0_.board_last_modified_at as board_la4_4_1_, boardlist0_.board_title as board_ti5_4_1_, boardlist0_.user_id as user_id8_4_1_, boardlist0_.board_views as board_vi6_4_1_ from board boardlist0_ where boardlist0_.category_id=?
Hibernate: select user0_.user_id as user_id1_21_0_, user0_.character_id as characte7_21_0_, user0_.user_created_at as user_cre2_21_0_, user0_.user_name as user_nam3_21_0_, user0_.user_phone_number as user_pho4_21_0_, user0_.user_user_id as user_use5_21_0_, user0_.user_user_password as user_use6_21_0_ from user user0_ where user0_.user_id=?
Hibernate: select character0_.character_id as characte1_6_0_, character0_.character_character_name as characte2_6_0_ from characters character0_ where character0_.character_id=?
Hibernate: select count(*) as col_0_0_ from user user0_ where user0_.user_id=?
Hibernate: select character1_.character_id as characte1_6_, character1_.character_character_name as characte2_6_ from user user0_ inner join characters character1_ on user0_.character_id=character1_.character_id where user0_.user_id=?
Hibernate: select permission0_.character_id as characte6_12_0_, permission0_.permission_id as permissi1_12_0_, permission0_.permission_id as permissi1_12_1_, permission0_.character_id as characte6_12_1_, permission0_.permission_name as permissi2_12_1_, permission0_.permission_permission_unit_id as permissi3_12_1_, permission0_.permission_service as permissi4_12_1_, permission0_.permission_status as permissi5_12_1_ from permission permission0_ where permission0_.character_id=?
Hibernate: select count(*) as col_0_0_ from category category0_ where category0_.category_id=?
Hibernate: select count(board0_.board_id) as col_0_0_ from board board0_ where board0_.category_id=?
Hibernate: select category0_.category_id as category1_5_0_, category0_.category_name as category2_5_0_ from category category0_ where category0_.category_id=?
Hibernate: select boardlist0_.category_id as category7_4_0_, boardlist0_.board_id as board_id1_4_0_, boardlist0_.board_id as board_id1_4_1_, boardlist0_.category_id as category7_4_1_, boardlist0_.board_content as board_co2_4_1_, boardlist0_.board_created_at as board_cr3_4_1_, boardlist0_.board_last_modified_at as board_la4_4_1_, boardlist0_.board_title as board_ti5_4_1_, boardlist0_.user_id as user_id8_4_1_, boardlist0_.board_views as board_vi6_4_1_ from board boardlist0_ where boardlist0_.category_id=?
Hibernate: delete from category where category_id=?
Hibernate: select user0_.user_id as user_id1_21_0_, user0_.character_id as characte7_21_0_, user0_.user_created_at as user_cre2_21_0_, user0_.user_name as user_nam3_21_0_, user0_.user_phone_number as user_pho4_21_0_, user0_.user_user_id as user_use5_21_0_, user0_.user_user_password as user_use6_21_0_ from user user0_ where user0_.user_id=?
Hibernate: select character0_.character_id as characte1_6_0_, character0_.character_character_name as characte2_6_0_ from characters character0_ where character0_.character_id=?
Hibernate: select count(*) as col_0_0_ from user user0_ where user0_.user_id=?
Hibernate: select character1_.character_id as characte1_6_, character1_.character_character_name as characte2_6_ from user user0_ inner join characters character1_ on user0_.character_id=character1_.character_id where user0_.user_id=?
Hibernate: select permission0_.character_id as characte6_12_0_, permission0_.permission_id as permissi1_12_0_, permission0_.permission_id as permissi1_12_1_, permission0_.character_id as characte6_12_1_, permission0_.permission_name as permissi2_12_1_, permission0_.permission_permission_unit_id as permissi3_12_1_, permission0_.permission_service as permissi4_12_1_, permission0_.permission_status as permissi5_12_1_ from permission permission0_ where permission0_.character_id=?
Hibernate: select count(*) as col_0_0_ from category category0_ where category0_.category_id=?
Hibernate: select count(board0_.board_id) as col_0_0_ from board board0_ where board0_.category_id=?
Hibernate: select category0_.category_id as category1_5_0_, category0_.category_name as category2_5_0_ from category category0_ where category0_.category_id=?
Hibernate: select boardlist0_.category_id as category7_4_0_, boardlist0_.board_id as board_id1_4_0_, boardlist0_.board_id as board_id1_4_1_, boardlist0_.category_id as category7_4_1_, boardlist0_.board_content as board_co2_4_1_, boardlist0_.board_created_at as board_cr3_4_1_, boardlist0_.board_last_modified_at as board_la4_4_1_, boardlist0_.board_title as board_ti5_4_1_, boardlist0_.user_id as user_id8_4_1_, boardlist0_.board_views as board_vi6_4_1_ from board boardlist0_ where boardlist0_.category_id=?
Hibernate: delete from category where category_id=?
Hibernate: select user0_.user_id as user_id1_21_0_, user0_.character_id as characte7_21_0_, user0_.user_created_at as user_cre2_21_0_, user0_.user_name as user_nam3_21_0_, user0_.user_phone_number as user_pho4_21_0_, user0_.user_user_id as user_use5_21_0_, user0_.user_user_password as user_use6_21_0_ from user user0_ where user0_.user_id=?
Hibernate: select character0_.character_id as characte1_6_0_, character0_.character_character_name as characte2_6_0_ from characters character0_ where character0_.character_id=?
Hibernate: select count(*) as col_0_0_ from user user0_ where user0_.user_id=?
Hibernate: select character1_.character_id as characte1_6_, character1_.character_character_name as characte2_6_ from user user0_ inner join characters character1_ on user0_.character_id=character1_.character_id where user0_.user_id=?
Hibernate: select permission0_.character_id as characte6_12_0_, permission0_.permission_id as permissi1_12_0_, permission0_.permission_id as permissi1_12_1_, permission0_.character_id as characte6_12_1_, permission0_.permission_name as permissi2_12_1_, permission0_.permission_permission_unit_id as permissi3_12_1_, permission0_.permission_service as permissi4_12_1_, permission0_.permission_status as permissi5_12_1_ from permission permission0_ where permission0_.character_id=?
Hibernate: select count(*) as col_0_0_ from category category0_ where category0_.category_id=?
Hibernate: select count(board0_.board_id) as col_0_0_ from board board0_ where board0_.category_id=?
Hibernate: select category0_.category_id as category1_5_0_, category0_.category_name as category2_5_0_ from category category0_ where category0_.category_id=?
Hibernate: select boardlist0_.category_id as category7_4_0_, boardlist0_.board_id as board_id1_4_0_, boardlist0_.board_id as board_id1_4_1_, boardlist0_.category_id as category7_4_1_, boardlist0_.board_content as board_co2_4_1_, boardlist0_.board_created_at as board_cr3_4_1_, boardlist0_.board_last_modified_at as board_la4_4_1_, boardlist0_.board_title as board_ti5_4_1_, boardlist0_.user_id as user_id8_4_1_, boardlist0_.board_views as board_vi6_4_1_ from board boardlist0_ where boardlist0_.category_id=?
Hibernate: delete from category where category_id=?
Hibernate: select user0_.user_id as user_id1_21_0_, user0_.character_id as characte7_21_0_, user0_.user_created_at as user_cre2_21_0_, user0_.user_name as user_nam3_21_0_, user0_.user_phone_number as user_pho4_21_0_, user0_.user_user_id as user_use5_21_0_, user0_.user_user_password as user_use6_21_0_ from user user0_ where user0_.user_id=?
Hibernate: select character0_.character_id as characte1_6_0_, character0_.character_character_name as characte2_6_0_ from characters character0_ where character0_.character_id=?
Hibernate: select count(*) as col_0_0_ from user user0_ where user0_.user_id=?
Hibernate: select character1_.character_id as characte1_6_, character1_.character_character_name as characte2_6_ from user user0_ inner join characters character1_ on user0_.character_id=character1_.character_id where user0_.user_id=?
Hibernate: select permission0_.character_id as characte6_12_0_, permission0_.permission_id as permissi1_12_0_, permission0_.permission_id as permissi1_12_1_, permission0_.character_id as characte6_12_1_, permission0_.permission_name as permissi2_12_1_, permission0_.permission_permission_unit_id as permissi3_12_1_, permission0_.permission_service as permissi4_12_1_, permission0_.permission_status as permissi5_12_1_ from permission permission0_ where permission0_.character_id=?
Hibernate: select category0_.category_id as col_0_0_ from category category0_ where category0_.category_name=? limit ?
Hibernate: select category0_.category_id as category1_5_1_, category0_.category_name as category2_5_1_, boardlist1_.category_id as category7_4_3_, boardlist1_.board_id as board_id1_4_3_, boardlist1_.board_id as board_id1_4_0_, boardlist1_.category_id as category7_4_0_, boardlist1_.board_content as board_co2_4_0_, boardlist1_.board_created_at as board_cr3_4_0_, boardlist1_.board_last_modified_at as board_la4_4_0_, boardlist1_.board_title as board_ti5_4_0_, boardlist1_.user_id as user_id8_4_0_, boardlist1_.board_views as board_vi6_4_0_ from category category0_ left outer join board boardlist1_ on category0_.category_id=boardlist1_.category_id where category0_.category_id=?
Hibernate: insert into category (category_id, category_name) values (default, ?)
Hibernate: select user0_.user_id as user_id1_21_0_, user0_.character_id as characte7_21_0_, user0_.user_created_at as user_cre2_21_0_, user0_.user_name as user_nam3_21_0_, user0_.user_phone_number as user_pho4_21_0_, user0_.user_user_id as user_use5_21_0_, user0_.user_user_password as user_use6_21_0_ from user user0_ where user0_.user_id=?
Hibernate: select character0_.character_id as characte1_6_0_, character0_.character_character_name as characte2_6_0_ from characters character0_ where character0_.character_id=?
Hibernate: select count(*) as col_0_0_ from user user0_ where user0_.user_id=?
Hibernate: select character1_.character_id as characte1_6_, character1_.character_character_name as characte2_6_ from user user0_ inner join characters character1_ on user0_.character_id=character1_.character_id where user0_.user_id=?
Hibernate: select permission0_.character_id as characte6_12_0_, permission0_.permission_id as permissi1_12_0_, permission0_.permission_id as permissi1_12_1_, permission0_.character_id as characte6_12_1_, permission0_.permission_name as permissi2_12_1_, permission0_.permission_permission_unit_id as permissi3_12_1_, permission0_.permission_service as permissi4_12_1_, permission0_.permission_status as permissi5_12_1_ from permission permission0_ where permission0_.character_id=?
Hibernate: select category0_.category_id as col_0_0_ from category category0_ where category0_.category_name=? limit ?
Hibernate: select category0_.category_id as category1_5_1_, category0_.category_name as category2_5_1_, boardlist1_.category_id as category7_4_3_, boardlist1_.board_id as board_id1_4_3_, boardlist1_.board_id as board_id1_4_0_, boardlist1_.category_id as category7_4_0_, boardlist1_.board_content as board_co2_4_0_, boardlist1_.board_created_at as board_cr3_4_0_, boardlist1_.board_last_modified_at as board_la4_4_0_, boardlist1_.board_title as board_ti5_4_0_, boardlist1_.user_id as user_id8_4_0_, boardlist1_.board_views as board_vi6_4_0_ from category category0_ left outer join board boardlist1_ on category0_.category_id=boardlist1_.category_id where category0_.category_id=?
Hibernate: insert into category (category_id, category_name) values (default, ?)
Hibernate: select user0_.user_id as col_0_0_ from user user0_ where user0_.user_user_id=? limit ?
Hibernate: select user0_.user_id as col_0_0_ from user user0_ where user0_.user_user_id=? limit ?
Hibernate: select U.* from USER U where U.USER_USER_ID =?
Hibernate: select character0_.character_id as characte1_6_0_, character0_.character_character_name as characte2_6_0_ from characters character0_ where character0_.character_id=?
Hibernate: select user0_.user_id as col_0_0_ from user user0_ where user0_.user_user_id=? limit ?
Hibernate: select user0_.user_id as col_0_0_ from user user0_ where user0_.user_user_id=? limit ?
Hibernate: select U.* from USER U where U.USER_USER_ID =?
Hibernate: select character0_.character_id as characte1_6_0_, character0_.character_character_name as characte2_6_0_ from characters character0_ where character0_.character_id=?
Hibernate: select user0_.user_id as user_id1_21_0_, user0_.character_id as characte7_21_0_, user0_.user_created_at as user_cre2_21_0_, user0_.user_name as user_nam3_21_0_, user0_.user_phone_number as user_pho4_21_0_, user0_.user_user_id as user_use5_21_0_, user0_.user_user_password as user_use6_21_0_ from user user0_ where user0_.user_id=?
Hibernate: select character0_.character_id as characte1_6_0_, character0_.character_character_name as characte2_6_0_ from characters character0_ where character0_.character_id=?
Hibernate: select count(*) as col_0_0_ from board board0_
Hibernate: select count(*) as col_0_0_ from board board0_
Hibernate: select user0_.user_id as col_0_0_ from user user0_ where user0_.user_user_id=? limit ?
Hibernate: select user0_.user_id as col_0_0_ from user user0_ where user0_.user_user_id=? limit ?
Hibernate: select U.* from USER U where U.USER_USER_ID =?
Hibernate: select character0_.character_id as characte1_6_0_, character0_.character_character_name as characte2_6_0_ from characters character0_ where character0_.character_id=?
Hibernate: select user0_.user_id as user_id1_21_0_, user0_.character_id as characte7_21_0_, user0_.user_created_at as user_cre2_21_0_, user0_.user_name as user_nam3_21_0_, user0_.user_phone_number as user_pho4_21_0_, user0_.user_user_id as user_use5_21_0_, user0_.user_user_password as user_use6_21_0_ from user user0_ where user0_.user_id=?
Hibernate: select character0_.character_id as characte1_6_0_, character0_.character_character_name as characte2_6_0_ from characters character0_ where character0_.character_id=?
Hibernate: select category0_.category_id as category1_5_, category0_.category_name as category2_5_ from category category0_
Hibernate: select boardlist0_.category_id as category7_4_0_, boardlist0_.board_id as board_id1_4_0_, boardlist0_.board_id as board_id1_4_1_, boardlist0_.category_id as category7_4_1_, boardlist0_.board_content as board_co2_4_1_, boardlist0_.board_created_at as board_cr3_4_1_, boardlist0_.board_last_modified_at as board_la4_4_1_, boardlist0_.board_title as board_ti5_4_1_, boardlist0_.user_id as user_id8_4_1_, boardlist0_.board_views as board_vi6_4_1_ from board boardlist0_ where boardlist0_.category_id=?
Hibernate: select boardlist0_.category_id as category7_4_0_, boardlist0_.board_id as board_id1_4_0_, boardlist0_.board_id as board_id1_4_1_, boardlist0_.category_id as category7_4_1_, boardlist0_.board_content as board_co2_4_1_, boardlist0_.board_created_at as board_cr3_4_1_, boardlist0_.board_last_modified_at as board_la4_4_1_, boardlist0_.board_title as board_ti5_4_1_, boardlist0_.user_id as user_id8_4_1_, boardlist0_.board_views as board_vi6_4_1_ from board boardlist0_ where boardlist0_.category_id=?
Hibernate: select user0_.user_id as user_id1_21_0_, user0_.character_id as characte7_21_0_, user0_.user_created_at as user_cre2_21_0_, user0_.user_name as user_nam3_21_0_, user0_.user_phone_number as user_pho4_21_0_, user0_.user_user_id as user_use5_21_0_, user0_.user_user_password as user_use6_21_0_ from user user0_ where user0_.user_id=?
Hibernate: select character0_.character_id as characte1_6_0_, character0_.character_character_name as characte2_6_0_ from characters character0_ where character0_.character_id=?
Hibernate: select count(*) as col_0_0_ from user user0_ where user0_.user_id=?
Hibernate: select character1_.character_id as characte1_6_, character1_.character_character_name as characte2_6_ from user user0_ inner join characters character1_ on user0_.character_id=character1_.character_id where user0_.user_id=?
Hibernate: select permission0_.character_id as characte6_12_0_, permission0_.permission_id as permissi1_12_0_, permission0_.permission_id as permissi1_12_1_, permission0_.character_id as characte6_12_1_, permission0_.permission_name as permissi2_12_1_, permission0_.permission_permission_unit_id as permissi3_12_1_, permission0_.permission_service as permissi4_12_1_, permission0_.permission_status as permissi5_12_1_ from permission permission0_ where permission0_.character_id=?
Hibernate: select count(*) as col_0_0_ from category category0_ where category0_.category_id=?
Hibernate: select count(board0_.board_id) as col_0_0_ from board board0_ where board0_.category_id=?
Hibernate: select category0_.category_id as category1_5_0_, category0_.category_name as category2_5_0_ from category category0_ where category0_.category_id=?
Hibernate: select boardlist0_.category_id as category7_4_0_, boardlist0_.board_id as board_id1_4_0_, boardlist0_.board_id as board_id1_4_1_, boardlist0_.category_id as category7_4_1_, boardlist0_.board_content as board_co2_4_1_, boardlist0_.board_created_at as board_cr3_4_1_, boardlist0_.board_last_modified_at as board_la4_4_1_, boardlist0_.board_title as board_ti5_4_1_, boardlist0_.user_id as user_id8_4_1_, boardlist0_.board_views as board_vi6_4_1_ from board boardlist0_ where boardlist0_.category_id=?
Hibernate: delete from category where category_id=?
Hibernate: select user0_.user_id as user_id1_21_0_, user0_.character_id as characte7_21_0_, user0_.user_created_at as user_cre2_21_0_, user0_.user_name as user_nam3_21_0_, user0_.user_phone_number as user_pho4_21_0_, user0_.user_user_id as user_use5_21_0_, user0_.user_user_password as user_use6_21_0_ from user user0_ where user0_.user_id=?
Hibernate: select character0_.character_id as characte1_6_0_, character0_.character_character_name as characte2_6_0_ from characters character0_ where character0_.character_id=?
Hibernate: select count(*) as col_0_0_ from user user0_ where user0_.user_id=?
Hibernate: select character1_.character_id as characte1_6_, character1_.character_character_name as characte2_6_ from user user0_ inner join characters character1_ on user0_.character_id=character1_.character_id where user0_.user_id=?
Hibernate: select permission0_.character_id as characte6_12_0_, permission0_.permission_id as permissi1_12_0_, permission0_.permission_id as permissi1_12_1_, permission0_.character_id as characte6_12_1_, permission0_.permission_name as permissi2_12_1_, permission0_.permission_permission_unit_id as permissi3_12_1_, permission0_.permission_service as permissi4_12_1_, permission0_.permission_status as permissi5_12_1_ from permission permission0_ where permission0_.character_id=?
Hibernate: select count(*) as col_0_0_ from category category0_ where category0_.category_id=?
Hibernate: select count(board0_.board_id) as col_0_0_ from board board0_ where board0_.category_id=?
Hibernate: select category0_.category_id as category1_5_0_, category0_.category_name as category2_5_0_ from category category0_ where category0_.category_id=?
Hibernate: select boardlist0_.category_id as category7_4_0_, boardlist0_.board_id as board_id1_4_0_, boardlist0_.board_id as board_id1_4_1_, boardlist0_.category_id as category7_4_1_, boardlist0_.board_content as board_co2_4_1_, boardlist0_.board_created_at as board_cr3_4_1_, boardlist0_.board_last_modified_at as board_la4_4_1_, boardlist0_.board_title as board_ti5_4_1_, boardlist0_.user_id as user_id8_4_1_, boardlist0_.board_views as board_vi6_4_1_ from board boardlist0_ where boardlist0_.category_id=?
Hibernate: delete from category where category_id=?
Hibernate: select user0_.user_id as user_id1_21_0_, user0_.character_id as characte7_21_0_, user0_.user_created_at as user_cre2_21_0_, user0_.user_name as user_nam3_21_0_, user0_.user_phone_number as user_pho4_21_0_, user0_.user_user_id as user_use5_21_0_, user0_.user_user_password as user_use6_21_0_ from user user0_ where user0_.user_id=?
Hibernate: select character0_.character_id as characte1_6_0_, character0_.character_character_name as characte2_6_0_ from characters character0_ where character0_.character_id=?
Hibernate: select count(*) as col_0_0_ from user user0_ where user0_.user_id=?
Hibernate: select character1_.character_id as characte1_6_, character1_.character_character_name as characte2_6_ from user user0_ inner join characters character1_ on user0_.character_id=character1_.character_id where user0_.user_id=?
Hibernate: select permission0_.character_id as characte6_12_0_, permission0_.permission_id as permissi1_12_0_, permission0_.permission_id as permissi1_12_1_, permission0_.character_id as characte6_12_1_, permission0_.permission_name as permissi2_12_1_, permission0_.permission_permission_unit_id as permissi3_12_1_, permission0_.permission_service as permissi4_12_1_, permission0_.permission_status as permissi5_12_1_ from permission permission0_ where permission0_.character_id=?
Hibernate: select category0_.category_id as col_0_0_ from category category0_ where category0_.category_name=? limit ?
Hibernate: select category0_.category_id as category1_5_1_, category0_.category_name as category2_5_1_, boardlist1_.category_id as category7_4_3_, boardlist1_.board_id as board_id1_4_3_, boardlist1_.board_id as board_id1_4_0_, boardlist1_.category_id as category7_4_0_, boardlist1_.board_content as board_co2_4_0_, boardlist1_.board_created_at as board_cr3_4_0_, boardlist1_.board_last_modified_at as board_la4_4_0_, boardlist1_.board_title as board_ti5_4_0_, boardlist1_.user_id as user_id8_4_0_, boardlist1_.board_views as board_vi6_4_0_ from category category0_ left outer join board boardlist1_ on category0_.category_id=boardlist1_.category_id where category0_.category_id=?
Hibernate: insert into category (category_id, category_name) values (default, ?)
Hibernate: select user0_.user_id as user_id1_21_0_, user0_.character_id as characte7_21_0_, user0_.user_created_at as user_cre2_21_0_, user0_.user_name as user_nam3_21_0_, user0_.user_phone_number as user_pho4_21_0_, user0_.user_user_id as user_use5_21_0_, user0_.user_user_password as user_use6_21_0_ from user user0_ where user0_.user_id=?
Hibernate: select character0_.character_id as characte1_6_0_, character0_.character_character_name as characte2_6_0_ from characters character0_ where character0_.character_id=?
Hibernate: select count(*) as col_0_0_ from user user0_ where user0_.user_id=?
Hibernate: select character1_.character_id as characte1_6_, character1_.character_character_name as characte2_6_ from user user0_ inner join characters character1_ on user0_.character_id=character1_.character_id where user0_.user_id=?
Hibernate: select permission0_.character_id as characte6_12_0_, permission0_.permission_id as permissi1_12_0_, permission0_.permission_id as permissi1_12_1_, permission0_.character_id as characte6_12_1_, permission0_.permission_name as permissi2_12_1_, permission0_.permission_permission_unit_id as permissi3_12_1_, permission0_.permission_service as permissi4_12_1_, permission0_.permission_status as permissi5_12_1_ from permission permission0_ where permission0_.character_id=?
Hibernate: select category0_.category_id as col_0_0_ from category category0_ where category0_.category_name=? limit ?
Hibernate: select category0_.category_id as category1_5_1_, category0_.category_name as category2_5_1_, boardlist1_.category_id as category7_4_3_, boardlist1_.board_id as board_id1_4_3_, boardlist1_.board_id as board_id1_4_0_, boardlist1_.category_id as category7_4_0_, boardlist1_.board_content as board_co2_4_0_, boardlist1_.board_created_at as board_cr3_4_0_, boardlist1_.board_last_modified_at as board_la4_4_0_, boardlist1_.board_title as board_ti5_4_0_, boardlist1_.user_id as user_id8_4_0_, boardlist1_.board_views as board_vi6_4_0_ from category category0_ left outer join board boardlist1_ on category0_.category_id=boardlist1_.category_id where category0_.category_id=?
Hibernate: insert into category (category_id, category_name) values (default, ?)
Hibernate: select user0_.user_id as col_0_0_ from user user0_ where user0_.user_user_id=? limit ?
Hibernate: select user0_.user_id as col_0_0_ from user user0_ where user0_.user_user_id=? limit ?
Hibernate: select U.* from USER U where U.USER_USER_ID =?
Hibernate: select character0_.character_id as characte1_6_0_, character0_.character_character_name as characte2_6_0_ from characters character0_ where character0_.character_id=?
Hibernate: select user0_.user_id as col_0_0_ from user user0_ where user0_.user_user_id=? limit ?
Hibernate: select user0_.user_id as col_0_0_ from user user0_ where user0_.user_user_id=? limit ?
Hibernate: select U.* from USER U where U.USER_USER_ID =?
Hibernate: select character0_.character_id as characte1_6_0_, character0_.character_character_name as characte2_6_0_ from characters character0_ where character0_.character_id=?
Hibernate: select user0_.user_id as col_0_0_ from user user0_ where user0_.user_user_id=? limit ?
Hibernate: select user0_.user_id as col_0_0_ from user user0_ where user0_.user_user_id=? limit ?
Hibernate: select U.* from USER U where U.USER_USER_ID =?
Hibernate: select character0_.character_id as characte1_6_0_, character0_.character_character_name as characte2_6_0_ from characters character0_ where character0_.character_id=?
Hibernate: select user0_.user_id as user_id1_21_0_, user0_.character_id as characte7_21_0_, user0_.user_created_at as user_cre2_21_0_, user0_.user_name as user_nam3_21_0_, user0_.user_phone_number as user_pho4_21_0_, user0_.user_user_id as user_use5_21_0_, user0_.user_user_password as user_use6_21_0_ from user user0_ where user0_.user_id=?
Hibernate: select character0_.character_id as characte1_6_0_, character0_.character_character_name as characte2_6_0_ from characters character0_ where character0_.character_id=?
Hibernate: select count(*) as col_0_0_ from user user0_ where user0_.user_id=?
Hibernate: select character1_.character_id as characte1_6_, character1_.character_character_name as characte2_6_ from user user0_ inner join characters character1_ on user0_.character_id=character1_.character_id where user0_.user_id=?
Hibernate: select permission0_.character_id as characte6_12_0_, permission0_.permission_id as permissi1_12_0_, permission0_.permission_id as permissi1_12_1_, permission0_.character_id as characte6_12_1_, permission0_.permission_name as permissi2_12_1_, permission0_.permission_permission_unit_id as permissi3_12_1_, permission0_.permission_service as permissi4_12_1_, permission0_.permission_status as permissi5_12_1_ from permission permission0_ where permission0_.character_id=?
Hibernate: select category0_.category_id as col_0_0_ from category category0_ where category0_.category_name=? limit ?
Hibernate: select category0_.category_id as category1_5_1_, category0_.category_name as category2_5_1_, boardlist1_.category_id as category7_4_3_, boardlist1_.board_id as board_id1_4_3_, boardlist1_.board_id as board_id1_4_0_, boardlist1_.category_id as category7_4_0_, boardlist1_.board_content as board_co2_4_0_, boardlist1_.board_created_at as board_cr3_4_0_, boardlist1_.board_last_modified_at as board_la4_4_0_, boardlist1_.board_title as board_ti5_4_0_, boardlist1_.user_id as user_id8_4_0_, boardlist1_.board_views as board_vi6_4_0_ from category category0_ left outer join board boardlist1_ on category0_.category_id=boardlist1_.category_id where category0_.category_id=?
Hibernate: insert into category (category_id, category_name) values (default, ?)
Hibernate: select user0_.user_id as user_id1_21_0_, user0_.character_id as characte7_21_0_, user0_.user_created_at as user_cre2_21_0_, user0_.user_name as user_nam3_21_0_, user0_.user_phone_number as user_pho4_21_0_, user0_.user_user_id as user_use5_21_0_, user0_.user_user_password as user_use6_21_0_ from user user0_ where user0_.user_id=?
Hibernate: select character0_.character_id as characte1_6_0_, character0_.character_character_name as characte2_6_0_ from characters character0_ where character0_.character_id=?
Hibernate: select category0_.category_id as category1_5_, category0_.category_name as category2_5_ from category category0_
Hibernate: select boardlist0_.category_id as category7_4_0_, boardlist0_.board_id as board_id1_4_0_, boardlist0_.board_id as board_id1_4_1_, boardlist0_.category_id as category7_4_1_, boardlist0_.board_content as board_co2_4_1_, boardlist0_.board_created_at as board_cr3_4_1_, boardlist0_.board_last_modified_at as board_la4_4_1_, boardlist0_.board_title as board_ti5_4_1_, boardlist0_.user_id as user_id8_4_1_, boardlist0_.board_views as board_vi6_4_1_ from board boardlist0_ where boardlist0_.category_id=?
Hibernate: select boardlist0_.category_id as category7_4_0_, boardlist0_.board_id as board_id1_4_0_, boardlist0_.board_id as board_id1_4_1_, boardlist0_.category_id as category7_4_1_, boardlist0_.board_content as board_co2_4_1_, boardlist0_.board_created_at as board_cr3_4_1_, boardlist0_.board_last_modified_at as board_la4_4_1_, boardlist0_.board_title as board_ti5_4_1_, boardlist0_.user_id as user_id8_4_1_, boardlist0_.board_views as board_vi6_4_1_ from board boardlist0_ where boardlist0_.category_id=?
Hibernate: select boardlist0_.category_id as category7_4_0_, boardlist0_.board_id as board_id1_4_0_, boardlist0_.board_id as board_id1_4_1_, boardlist0_.category_id as category7_4_1_, boardlist0_.board_content as board_co2_4_1_, boardlist0_.board_created_at as board_cr3_4_1_, boardlist0_.board_last_modified_at as board_la4_4_1_, boardlist0_.board_title as board_ti5_4_1_, boardlist0_.user_id as user_id8_4_1_, boardlist0_.board_views as board_vi6_4_1_ from board boardlist0_ where boardlist0_.category_id=?
Hibernate: select user0_.user_id as user_id1_21_0_, user0_.character_id as characte7_21_0_, user0_.user_created_at as user_cre2_21_0_, user0_.user_name as user_nam3_21_0_, user0_.user_phone_number as user_pho4_21_0_, user0_.user_user_id as user_use5_21_0_, user0_.user_user_password as user_use6_21_0_ from user user0_ where user0_.user_id=?
Hibernate: select character0_.character_id as characte1_6_0_, character0_.character_character_name as characte2_6_0_ from characters character0_ where character0_.character_id=?
Hibernate: select count(*) as col_0_0_ from user user0_ where user0_.user_id=?
Hibernate: select character1_.character_id as characte1_6_, character1_.character_character_name as characte2_6_ from user user0_ inner join characters character1_ on user0_.character_id=character1_.character_id where user0_.user_id=?
Hibernate: select permission0_.character_id as characte6_12_0_, permission0_.permission_id as permissi1_12_0_, permission0_.permission_id as permissi1_12_1_, permission0_.character_id as characte6_12_1_, permission0_.permission_name as permissi2_12_1_, permission0_.permission_permission_unit_id as permissi3_12_1_, permission0_.permission_service as permissi4_12_1_, permission0_.permission_status as permissi5_12_1_ from permission permission0_ where permission0_.character_id=?
Hibernate: select count(*) as col_0_0_ from category category0_ where category0_.category_id=?
Hibernate: insert into filename (filename_id, filename_origin, filename_uuid) values (default, ?, ?)
Hibernate: insert into filename (filename_id, filename_origin, filename_uuid) values (default, ?, ?)
Hibernate: select category0_.category_id as category1_5_0_, category0_.category_name as category2_5_0_ from category category0_ where category0_.category_id=?
Hibernate: insert into board (board_id, category_id, board_content, board_created_at, board_last_modified_at, board_title, user_id, board_views) values (default, ?, ?, ?, ?, ?, ?, ?)
Hibernate: insert into reaction (reaction_id, board_id, reaction_type) values (default, ?, ?)
Hibernate: insert into reaction (reaction_id, board_id, reaction_type) values (default, ?, ?)
Hibernate: insert into reaction (reaction_id, board_id, reaction_type) values (default, ?, ?)
Hibernate: insert into reaction (reaction_id, board_id, reaction_type) values (default, ?, ?)
Hibernate: insert into reaction (reaction_id, board_id, reaction_type) values (default, ?, ?)
Hibernate: insert into reaction (reaction_id, board_id, reaction_type) values (default, ?, ?)
Hibernate: insert into file_path_list (board_board_id, board_file_path_list) values (?, ?)
Hibernate: insert into image_path_list (board_board_id, board_image_path_list) values (?, ?)
Hibernate: select user0_.user_id as user_id1_21_0_, user0_.character_id as characte7_21_0_, user0_.user_created_at as user_cre2_21_0_, user0_.user_name as user_nam3_21_0_, user0_.user_phone_number as user_pho4_21_0_, user0_.user_user_id as user_use5_21_0_, user0_.user_user_password as user_use6_21_0_ from user user0_ where user0_.user_id=?
Hibernate: select character0_.character_id as characte1_6_0_, character0_.character_character_name as characte2_6_0_ from characters character0_ where character0_.character_id=?
Hibernate: select count(*) as col_0_0_ from user user0_ where user0_.user_id=?
Hibernate: select character1_.character_id as characte1_6_, character1_.character_character_name as characte2_6_ from user user0_ inner join characters character1_ on user0_.character_id=character1_.character_id where user0_.user_id=?
Hibernate: select permission0_.character_id as characte6_12_0_, permission0_.permission_id as permissi1_12_0_, permission0_.permission_id as permissi1_12_1_, permission0_.character_id as characte6_12_1_, permission0_.permission_name as permissi2_12_1_, permission0_.permission_permission_unit_id as permissi3_12_1_, permission0_.permission_service as permissi4_12_1_, permission0_.permission_status as permissi5_12_1_ from permission permission0_ where permission0_.character_id=?
Hibernate: select user0_.user_id as col_0_0_ from user user0_ where user0_.user_user_id=? limit ?
Hibernate: select user0_.user_id as col_0_0_ from user user0_ where user0_.user_user_id=? limit ?
Hibernate: select U.* from USER U where U.USER_USER_ID =?
Hibernate: select character0_.character_id as characte1_6_0_, character0_.character_character_name as characte2_6_0_ from characters character0_ where character0_.character_id=?
Hibernate: select user0_.user_id as user_id1_21_0_, user0_.character_id as characte7_21_0_, user0_.user_created_at as user_cre2_21_0_, user0_.user_name as user_nam3_21_0_, user0_.user_phone_number as user_pho4_21_0_, user0_.user_user_id as user_use5_21_0_, user0_.user_user_password as user_use6_21_0_ from user user0_ where user0_.user_id=?
Hibernate: select character0_.character_id as characte1_6_0_, character0_.character_character_name as characte2_6_0_ from characters character0_ where character0_.character_id=?
Hibernate: select count(*) as col_0_0_ from board board0_
Hibernate: select board0_.board_id as board_id1_4_, board0_.category_id as category7_4_, board0_.board_content as board_co2_4_, board0_.board_created_at as board_cr3_4_, board0_.board_last_modified_at as board_la4_4_, board0_.board_title as board_ti5_4_, board0_.user_id as user_id8_4_, board0_.board_views as board_vi6_4_ from board board0_ limit ?
Hibernate: select category0_.category_id as category1_5_0_, category0_.category_name as category2_5_0_ from category category0_ where category0_.category_id=?
Hibernate: select reactionli0_.board_id as board_id3_13_0_, reactionli0_.reaction_id as reaction1_13_0_, reactionli0_.reaction_id as reaction1_13_1_, reactionli0_.board_id as board_id3_13_1_, reactionli0_.reaction_type as reaction2_13_1_ from reaction reactionli0_ where reactionli0_.board_id=?
Hibernate: select reactionus0_.reaction_id as reaction2_14_0_, reactionus0_.reaction_user_id as reaction1_14_0_, reactionus0_.reaction_user_id as reaction1_14_1_, reactionus0_.reaction_id as reaction2_14_1_, reactionus0_.user_id as user_id3_14_1_ from reaction_user reactionus0_ where reactionus0_.reaction_id=?
Hibernate: select reactionus0_.reaction_id as reaction2_14_0_, reactionus0_.reaction_user_id as reaction1_14_0_, reactionus0_.reaction_user_id as reaction1_14_1_, reactionus0_.reaction_id as reaction2_14_1_, reactionus0_.user_id as user_id3_14_1_ from reaction_user reactionus0_ where reactionus0_.reaction_id=?
Hibernate: select reactionus0_.reaction_id as reaction2_14_0_, reactionus0_.reaction_user_id as reaction1_14_0_, reactionus0_.reaction_user_id as reaction1_14_1_, reactionus0_.reaction_id as reaction2_14_1_, reactionus0_.user_id as user_id3_14_1_ from reaction_user reactionus0_ where reactionus0_.reaction_id=?
Hibernate: select reactionus0_.reaction_id as reaction2_14_0_, reactionus0_.reaction_user_id as reaction1_14_0_, reactionus0_.reaction_user_id as reaction1_14_1_, reactionus0_.reaction_id as reaction2_14_1_, reactionus0_.user_id as user_id3_14_1_ from reaction_user reactionus0_ where reactionus0_.reaction_id=?
Hibernate: select reactionus0_.reaction_id as reaction2_14_0_, reactionus0_.reaction_user_id as reaction1_14_0_, reactionus0_.reaction_user_id as reaction1_14_1_, reactionus0_.reaction_id as reaction2_14_1_, reactionus0_.user_id as user_id3_14_1_ from reaction_user reactionus0_ where reactionus0_.reaction_id=?
Hibernate: select reactionus0_.reaction_id as reaction2_14_0_, reactionus0_.reaction_user_id as reaction1_14_0_, reactionus0_.reaction_user_id as reaction1_14_1_, reactionus0_.reaction_id as reaction2_14_1_, reactionus0_.user_id as user_id3_14_1_ from reaction_user reactionus0_ where reactionus0_.reaction_id=?
Hibernate: select commentlis0_.board_id as board_id5_7_0_, commentlis0_.comment_id as comment_1_7_0_, commentlis0_.comment_id as comment_1_7_1_, commentlis0_.board_id as board_id5_7_1_, commentlis0_.comment_content as comment_2_7_1_, commentlis0_.comment_created_at as comment_3_7_1_, commentlis0_.comment_last_modified_at as comment_4_7_1_, commentlis0_.user_id as user_id6_7_1_ from comment commentlis0_ where commentlis0_.board_id=?
Hibernate: select boardlist0_.category_id as category7_4_0_, boardlist0_.board_id as board_id1_4_0_, boardlist0_.board_id as board_id1_4_1_, boardlist0_.category_id as category7_4_1_, boardlist0_.board_content as board_co2_4_1_, boardlist0_.board_created_at as board_cr3_4_1_, boardlist0_.board_last_modified_at as board_la4_4_1_, boardlist0_.board_title as board_ti5_4_1_, boardlist0_.user_id as user_id8_4_1_, boardlist0_.board_views as board_vi6_4_1_ from board boardlist0_ where boardlist0_.category_id=?
Hibernate: select count(comment0_.comment_id) as col_0_0_ from comment comment0_ where comment0_.board_id=?
Hibernate: select count(*) as col_0_0_ from board board0_
Hibernate: select imagepathl0_.board_board_id as board_bo1_11_0_, imagepathl0_.board_image_path_list as board_im2_11_0_ from image_path_list imagepathl0_ where imagepathl0_.board_board_id=?
Hibernate: select filename0_.filename_id as filename1_9_, filename0_.filename_origin as filename2_9_, filename0_.filename_uuid as filename3_9_ from filename filename0_ where filename0_.filename_uuid=?
Hibernate: select filepathli0_.board_board_id as board_bo1_8_0_, filepathli0_.board_file_path_list as board_fi2_8_0_ from file_path_list filepathli0_ where filepathli0_.board_board_id=?
Hibernate: select filename0_.filename_id as filename1_9_, filename0_.filename_origin as filename2_9_, filename0_.filename_uuid as filename3_9_ from filename filename0_ where filename0_.filename_uuid=?
Hibernate: select U.* from USER U join BOARD B where U.USER_ID = B.USER_ID and B.BOARD_ID = ?
Hibernate: select character0_.character_id as characte1_6_0_, character0_.character_character_name as characte2_6_0_ from characters character0_ where character0_.character_id=?
Hibernate: select count(*) as col_0_0_ from user user0_ where user0_.user_id=?
Hibernate: select character1_.character_id as characte1_6_, character1_.character_character_name as characte2_6_ from user user0_ inner join characters character1_ on user0_.character_id=character1_.character_id where user0_.user_id=?
Hibernate: select permission0_.character_id as characte6_12_0_, permission0_.permission_id as permissi1_12_0_, permission0_.permission_id as permissi1_12_1_, permission0_.character_id as characte6_12_1_, permission0_.permission_name as permissi2_12_1_, permission0_.permission_permission_unit_id as permissi3_12_1_, permission0_.permission_service as permissi4_12_1_, permission0_.permission_status as permissi5_12_1_ from permission permission0_ where permission0_.character_id=?
Hibernate: select count(*) as col_0_0_ from board board0_ where board0_.board_id=?
Hibernate: select board0_.board_id as board_id1_4_0_, board0_.category_id as category7_4_0_, board0_.board_content as board_co2_4_0_, board0_.board_created_at as board_cr3_4_0_, board0_.board_last_modified_at as board_la4_4_0_, board0_.board_title as board_ti5_4_0_, board0_.user_id as user_id8_4_0_, board0_.board_views as board_vi6_4_0_ from board board0_ where board0_.board_id=?
Hibernate: select category0_.category_id as category1_5_0_, category0_.category_name as category2_5_0_ from category category0_ where category0_.category_id=?
Hibernate: select reactionli0_.board_id as board_id3_13_0_, reactionli0_.reaction_id as reaction1_13_0_, reactionli0_.reaction_id as reaction1_13_1_, reactionli0_.board_id as board_id3_13_1_, reactionli0_.reaction_type as reaction2_13_1_ from reaction reactionli0_ where reactionli0_.board_id=?
Hibernate: select reactionus0_.reaction_id as reaction2_14_0_, reactionus0_.reaction_user_id as reaction1_14_0_, reactionus0_.reaction_user_id as reaction1_14_1_, reactionus0_.reaction_id as reaction2_14_1_, reactionus0_.user_id as user_id3_14_1_ from reaction_user reactionus0_ where reactionus0_.reaction_id=?
Hibernate: select reactionus0_.reaction_id as reaction2_14_0_, reactionus0_.reaction_user_id as reaction1_14_0_, reactionus0_.reaction_user_id as reaction1_14_1_, reactionus0_.reaction_id as reaction2_14_1_, reactionus0_.user_id as user_id3_14_1_ from reaction_user reactionus0_ where reactionus0_.reaction_id=?
Hibernate: select reactionus0_.reaction_id as reaction2_14_0_, reactionus0_.reaction_user_id as reaction1_14_0_, reactionus0_.reaction_user_id as reaction1_14_1_, reactionus0_.reaction_id as reaction2_14_1_, reactionus0_.user_id as user_id3_14_1_ from reaction_user reactionus0_ where reactionus0_.reaction_id=?
Hibernate: select reactionus0_.reaction_id as reaction2_14_0_, reactionus0_.reaction_user_id as reaction1_14_0_, reactionus0_.reaction_user_id as reaction1_14_1_, reactionus0_.reaction_id as reaction2_14_1_, reactionus0_.user_id as user_id3_14_1_ from reaction_user reactionus0_ where reactionus0_.reaction_id=?
Hibernate: select reactionus0_.reaction_id as reaction2_14_0_, reactionus0_.reaction_user_id as reaction1_14_0_, reactionus0_.reaction_user_id as reaction1_14_1_, reactionus0_.reaction_id as reaction2_14_1_, reactionus0_.user_id as user_id3_14_1_ from reaction_user reactionus0_ where reactionus0_.reaction_id=?
Hibernate: select reactionus0_.reaction_id as reaction2_14_0_, reactionus0_.reaction_user_id as reaction1_14_0_, reactionus0_.reaction_user_id as reaction1_14_1_, reactionus0_.reaction_id as reaction2_14_1_, reactionus0_.user_id as user_id3_14_1_ from reaction_user reactionus0_ where reactionus0_.reaction_id=?
Hibernate: select commentlis0_.board_id as board_id5_7_0_, commentlis0_.comment_id as comment_1_7_0_, commentlis0_.comment_id as comment_1_7_1_, commentlis0_.board_id as board_id5_7_1_, commentlis0_.comment_content as comment_2_7_1_, commentlis0_.comment_created_at as comment_3_7_1_, commentlis0_.comment_last_modified_at as comment_4_7_1_, commentlis0_.user_id as user_id6_7_1_ from comment commentlis0_ where commentlis0_.board_id=?
Hibernate: select boardlist0_.category_id as category7_4_0_, boardlist0_.board_id as board_id1_4_0_, boardlist0_.board_id as board_id1_4_1_, boardlist0_.category_id as category7_4_1_, boardlist0_.board_content as board_co2_4_1_, boardlist0_.board_created_at as board_cr3_4_1_, boardlist0_.board_last_modified_at as board_la4_4_1_, boardlist0_.board_title as board_ti5_4_1_, boardlist0_.user_id as user_id8_4_1_, boardlist0_.board_views as board_vi6_4_1_ from board boardlist0_ where boardlist0_.category_id=?
Hibernate: select count(comment0_.comment_id) as col_0_0_ from comment comment0_ where comment0_.board_id=?
Hibernate: update board set category_id=?, board_content=?, board_created_at=?, board_last_modified_at=?, board_title=?, user_id=?, board_views=? where board_id=?
Hibernate: select filepathli0_.board_board_id as board_bo1_8_0_, filepathli0_.board_file_path_list as board_fi2_8_0_ from file_path_list filepathli0_ where filepathli0_.board_board_id=?
Hibernate: select filename0_.filename_id as filename1_9_, filename0_.filename_origin as filename2_9_, filename0_.filename_uuid as filename3_9_ from filename filename0_ where filename0_.filename_uuid=?
Hibernate: delete from filename where filename_id=?
Hibernate: select imagepathl0_.board_board_id as board_bo1_11_0_, imagepathl0_.board_image_path_list as board_im2_11_0_ from image_path_list imagepathl0_ where imagepathl0_.board_board_id=?
Hibernate: select filename0_.filename_id as filename1_9_, filename0_.filename_origin as filename2_9_, filename0_.filename_uuid as filename3_9_ from filename filename0_ where filename0_.filename_uuid=?
Hibernate: delete from filename where filename_id=?
Hibernate: select count(*) as col_0_0_ from board board0_ where board0_.board_id=?
Hibernate: delete from file_path_list where board_board_id=?
Hibernate: delete from image_path_list where board_board_id=?
Hibernate: delete from reaction where reaction_id=?
Hibernate: delete from reaction where reaction_id=?
Hibernate: delete from reaction where reaction_id=?
Hibernate: delete from reaction where reaction_id=?
Hibernate: delete from reaction where reaction_id=?
Hibernate: delete from reaction where reaction_id=?
Hibernate: delete from board where board_id=?
Hibernate: select user0_.user_id as user_id1_21_0_, user0_.character_id as characte7_21_0_, user0_.user_created_at as user_cre2_21_0_, user0_.user_name as user_nam3_21_0_, user0_.user_phone_number as user_pho4_21_0_, user0_.user_user_id as user_use5_21_0_, user0_.user_user_password as user_use6_21_0_ from user user0_ where user0_.user_id=?
Hibernate: select character0_.character_id as characte1_6_0_, character0_.character_character_name as characte2_6_0_ from characters character0_ where character0_.character_id=?
Hibernate: select count(*) as col_0_0_ from user user0_ where user0_.user_id=?
Hibernate: select character1_.character_id as characte1_6_, character1_.character_character_name as characte2_6_ from user user0_ inner join characters character1_ on user0_.character_id=character1_.character_id where user0_.user_id=?
Hibernate: select permission0_.character_id as characte6_12_0_, permission0_.permission_id as permissi1_12_0_, permission0_.permission_id as permissi1_12_1_, permission0_.character_id as characte6_12_1_, permission0_.permission_name as permissi2_12_1_, permission0_.permission_permission_unit_id as permissi3_12_1_, permission0_.permission_service as permissi4_12_1_, permission0_.permission_status as permissi5_12_1_ from permission permission0_ where permission0_.character_id=?
Hibernate: select count(*) as col_0_0_ from board board0_ where board0_.board_id=?
Hibernate: select user0_.user_id as col_0_0_ from user user0_ where user0_.user_user_id=? limit ?
Hibernate: select user0_.user_id as col_0_0_ from user user0_ where user0_.user_user_id=? limit ?
Hibernate: select U.* from USER U where U.USER_USER_ID =?
Hibernate: select character0_.character_id as characte1_6_0_, character0_.character_character_name as characte2_6_0_ from characters character0_ where character0_.character_id=?
Hibernate: select user0_.user_id as user_id1_21_0_, user0_.character_id as characte7_21_0_, user0_.user_created_at as user_cre2_21_0_, user0_.user_name as user_nam3_21_0_, user0_.user_phone_number as user_pho4_21_0_, user0_.user_user_id as user_use5_21_0_, user0_.user_user_password as user_use6_21_0_ from user user0_ where user0_.user_id=?
Hibernate: select character0_.character_id as characte1_6_0_, character0_.character_character_name as characte2_6_0_ from characters character0_ where character0_.character_id=?
Hibernate: select category0_.category_id as category1_5_, category0_.category_name as category2_5_ from category category0_
Hibernate: select boardlist0_.category_id as category7_4_0_, boardlist0_.board_id as board_id1_4_0_, boardlist0_.board_id as board_id1_4_1_, boardlist0_.category_id as category7_4_1_, boardlist0_.board_content as board_co2_4_1_, boardlist0_.board_created_at as board_cr3_4_1_, boardlist0_.board_last_modified_at as board_la4_4_1_, boardlist0_.board_title as board_ti5_4_1_, boardlist0_.user_id as user_id8_4_1_, boardlist0_.board_views as board_vi6_4_1_ from board boardlist0_ where boardlist0_.category_id=?
Hibernate: select boardlist0_.category_id as category7_4_0_, boardlist0_.board_id as board_id1_4_0_, boardlist0_.board_id as board_id1_4_1_, boardlist0_.category_id as category7_4_1_, boardlist0_.board_content as board_co2_4_1_, boardlist0_.board_created_at as board_cr3_4_1_, boardlist0_.board_last_modified_at as board_la4_4_1_, boardlist0_.board_title as board_ti5_4_1_, boardlist0_.user_id as user_id8_4_1_, boardlist0_.board_views as board_vi6_4_1_ from board boardlist0_ where boardlist0_.category_id=?
Hibernate: select boardlist0_.category_id as category7_4_0_, boardlist0_.board_id as board_id1_4_0_, boardlist0_.board_id as board_id1_4_1_, boardlist0_.category_id as category7_4_1_, boardlist0_.board_content as board_co2_4_1_, boardlist0_.board_created_at as board_cr3_4_1_, boardlist0_.board_last_modified_at as board_la4_4_1_, boardlist0_.board_title as board_ti5_4_1_, boardlist0_.user_id as user_id8_4_1_, boardlist0_.board_views as board_vi6_4_1_ from board boardlist0_ where boardlist0_.category_id=?
Hibernate: select user0_.user_id as user_id1_21_0_, user0_.character_id as characte7_21_0_, user0_.user_created_at as user_cre2_21_0_, user0_.user_name as user_nam3_21_0_, user0_.user_phone_number as user_pho4_21_0_, user0_.user_user_id as user_use5_21_0_, user0_.user_user_password as user_use6_21_0_ from user user0_ where user0_.user_id=?
Hibernate: select character0_.character_id as characte1_6_0_, character0_.character_character_name as characte2_6_0_ from characters character0_ where character0_.character_id=?
Hibernate: select count(*) as col_0_0_ from user user0_ where user0_.user_id=?
Hibernate: select character1_.character_id as characte1_6_, character1_.character_character_name as characte2_6_ from user user0_ inner join characters character1_ on user0_.character_id=character1_.character_id where user0_.user_id=?
Hibernate: select permission0_.character_id as characte6_12_0_, permission0_.permission_id as permissi1_12_0_, permission0_.permission_id as permissi1_12_1_, permission0_.character_id as characte6_12_1_, permission0_.permission_name as permissi2_12_1_, permission0_.permission_permission_unit_id as permissi3_12_1_, permission0_.permission_service as permissi4_12_1_, permission0_.permission_status as permissi5_12_1_ from permission permission0_ where permission0_.character_id=?
Hibernate: select count(*) as col_0_0_ from category category0_ where category0_.category_id=?
Hibernate: select count(board0_.board_id) as col_0_0_ from board board0_ where board0_.category_id=?
Hibernate: select category0_.category_id as category1_5_0_, category0_.category_name as category2_5_0_ from category category0_ where category0_.category_id=?
Hibernate: select boardlist0_.category_id as category7_4_0_, boardlist0_.board_id as board_id1_4_0_, boardlist0_.board_id as board_id1_4_1_, boardlist0_.category_id as category7_4_1_, boardlist0_.board_content as board_co2_4_1_, boardlist0_.board_created_at as board_cr3_4_1_, boardlist0_.board_last_modified_at as board_la4_4_1_, boardlist0_.board_title as board_ti5_4_1_, boardlist0_.user_id as user_id8_4_1_, boardlist0_.board_views as board_vi6_4_1_ from board boardlist0_ where boardlist0_.category_id=?
Hibernate: delete from category where category_id=?
Hibernate: select user0_.user_id as user_id1_21_0_, user0_.character_id as characte7_21_0_, user0_.user_created_at as user_cre2_21_0_, user0_.user_name as user_nam3_21_0_, user0_.user_phone_number as user_pho4_21_0_, user0_.user_user_id as user_use5_21_0_, user0_.user_user_password as user_use6_21_0_ from user user0_ where user0_.user_id=?
Hibernate: select character0_.character_id as characte1_6_0_, character0_.character_character_name as characte2_6_0_ from characters character0_ where character0_.character_id=?
Hibernate: select count(*) as col_0_0_ from user user0_ where user0_.user_id=?
Hibernate: select character1_.character_id as characte1_6_, character1_.character_character_name as characte2_6_ from user user0_ inner join characters character1_ on user0_.character_id=character1_.character_id where user0_.user_id=?
Hibernate: select permission0_.character_id as characte6_12_0_, permission0_.permission_id as permissi1_12_0_, permission0_.permission_id as permissi1_12_1_, permission0_.character_id as characte6_12_1_, permission0_.permission_name as permissi2_12_1_, permission0_.permission_permission_unit_id as permissi3_12_1_, permission0_.permission_service as permissi4_12_1_, permission0_.permission_status as permissi5_12_1_ from permission permission0_ where permission0_.character_id=?
Hibernate: select count(*) as col_0_0_ from category category0_ where category0_.category_id=?
Hibernate: select count(board0_.board_id) as col_0_0_ from board board0_ where board0_.category_id=?
Hibernate: select category0_.category_id as category1_5_0_, category0_.category_name as category2_5_0_ from category category0_ where category0_.category_id=?
Hibernate: select boardlist0_.category_id as category7_4_0_, boardlist0_.board_id as board_id1_4_0_, boardlist0_.board_id as board_id1_4_1_, boardlist0_.category_id as category7_4_1_, boardlist0_.board_content as board_co2_4_1_, boardlist0_.board_created_at as board_cr3_4_1_, boardlist0_.board_last_modified_at as board_la4_4_1_, boardlist0_.board_title as board_ti5_4_1_, boardlist0_.user_id as user_id8_4_1_, boardlist0_.board_views as board_vi6_4_1_ from board boardlist0_ where boardlist0_.category_id=?
Hibernate: delete from category where category_id=?
Hibernate: select user0_.user_id as user_id1_21_0_, user0_.character_id as characte7_21_0_, user0_.user_created_at as user_cre2_21_0_, user0_.user_name as user_nam3_21_0_, user0_.user_phone_number as user_pho4_21_0_, user0_.user_user_id as user_use5_21_0_, user0_.user_user_password as user_use6_21_0_ from user user0_ where user0_.user_id=?
Hibernate: select character0_.character_id as characte1_6_0_, character0_.character_character_name as characte2_6_0_ from characters character0_ where character0_.character_id=?
Hibernate: select count(*) as col_0_0_ from user user0_ where user0_.user_id=?
Hibernate: select character1_.character_id as characte1_6_, character1_.character_character_name as characte2_6_ from user user0_ inner join characters character1_ on user0_.character_id=character1_.character_id where user0_.user_id=?
Hibernate: select permission0_.character_id as characte6_12_0_, permission0_.permission_id as permissi1_12_0_, permission0_.permission_id as permissi1_12_1_, permission0_.character_id as characte6_12_1_, permission0_.permission_name as permissi2_12_1_, permission0_.permission_permission_unit_id as permissi3_12_1_, permission0_.permission_service as permissi4_12_1_, permission0_.permission_status as permissi5_12_1_ from permission permission0_ where permission0_.character_id=?
Hibernate: select count(*) as col_0_0_ from category category0_ where category0_.category_id=?
Hibernate: select count(board0_.board_id) as col_0_0_ from board board0_ where board0_.category_id=?
Hibernate: select category0_.category_id as category1_5_0_, category0_.category_name as category2_5_0_ from category category0_ where category0_.category_id=?
Hibernate: select boardlist0_.category_id as category7_4_0_, boardlist0_.board_id as board_id1_4_0_, boardlist0_.board_id as board_id1_4_1_, boardlist0_.category_id as category7_4_1_, boardlist0_.board_content as board_co2_4_1_, boardlist0_.board_created_at as board_cr3_4_1_, boardlist0_.board_last_modified_at as board_la4_4_1_, boardlist0_.board_title as board_ti5_4_1_, boardlist0_.user_id as user_id8_4_1_, boardlist0_.board_views as board_vi6_4_1_ from board boardlist0_ where boardlist0_.category_id=?
Hibernate: delete from category where category_id=?
Hibernate: select user0_.user_id as user_id1_21_0_, user0_.character_id as characte7_21_0_, user0_.user_created_at as user_cre2_21_0_, user0_.user_name as user_nam3_21_0_, user0_.user_phone_number as user_pho4_21_0_, user0_.user_user_id as user_use5_21_0_, user0_.user_user_password as user_use6_21_0_ from user user0_ where user0_.user_id=?
Hibernate: select character0_.character_id as characte1_6_0_, character0_.character_character_name as characte2_6_0_ from characters character0_ where character0_.character_id=?
Hibernate: select count(*) as col_0_0_ from user user0_ where user0_.user_id=?
Hibernate: select character1_.character_id as characte1_6_, character1_.character_character_name as characte2_6_ from user user0_ inner join characters character1_ on user0_.character_id=character1_.character_id where user0_.user_id=?
Hibernate: select permission0_.character_id as characte6_12_0_, permission0_.permission_id as permissi1_12_0_, permission0_.permission_id as permissi1_12_1_, permission0_.character_id as characte6_12_1_, permission0_.permission_name as permissi2_12_1_, permission0_.permission_permission_unit_id as permissi3_12_1_, permission0_.permission_service as permissi4_12_1_, permission0_.permission_status as permissi5_12_1_ from permission permission0_ where permission0_.character_id=?
Hibernate: select category0_.category_id as col_0_0_ from category category0_ where category0_.category_name=? limit ?
Hibernate: select category0_.category_id as category1_5_1_, category0_.category_name as category2_5_1_, boardlist1_.category_id as category7_4_3_, boardlist1_.board_id as board_id1_4_3_, boardlist1_.board_id as board_id1_4_0_, boardlist1_.category_id as category7_4_0_, boardlist1_.board_content as board_co2_4_0_, boardlist1_.board_created_at as board_cr3_4_0_, boardlist1_.board_last_modified_at as board_la4_4_0_, boardlist1_.board_title as board_ti5_4_0_, boardlist1_.user_id as user_id8_4_0_, boardlist1_.board_views as board_vi6_4_0_ from category category0_ left outer join board boardlist1_ on category0_.category_id=boardlist1_.category_id where category0_.category_id=?
Hibernate: insert into category (category_id, category_name) values (default, ?)
Hibernate: select user0_.user_id as user_id1_21_0_, user0_.character_id as characte7_21_0_, user0_.user_created_at as user_cre2_21_0_, user0_.user_name as user_nam3_21_0_, user0_.user_phone_number as user_pho4_21_0_, user0_.user_user_id as user_use5_21_0_, user0_.user_user_password as user_use6_21_0_ from user user0_ where user0_.user_id=?
Hibernate: select character0_.character_id as characte1_6_0_, character0_.character_character_name as characte2_6_0_ from characters character0_ where character0_.character_id=?
Hibernate: select count(*) as col_0_0_ from user user0_ where user0_.user_id=?
Hibernate: select character1_.character_id as characte1_6_, character1_.character_character_name as characte2_6_ from user user0_ inner join characters character1_ on user0_.character_id=character1_.character_id where user0_.user_id=?
Hibernate: select permission0_.character_id as characte6_12_0_, permission0_.permission_id as permissi1_12_0_, permission0_.permission_id as permissi1_12_1_, permission0_.character_id as characte6_12_1_, permission0_.permission_name as permissi2_12_1_, permission0_.permission_permission_unit_id as permissi3_12_1_, permission0_.permission_service as permissi4_12_1_, permission0_.permission_status as permissi5_12_1_ from permission permission0_ where permission0_.character_id=?
Hibernate: select category0_.category_id as col_0_0_ from category category0_ where category0_.category_name=? limit ?
Hibernate: select category0_.category_id as category1_5_1_, category0_.category_name as category2_5_1_, boardlist1_.category_id as category7_4_3_, boardlist1_.board_id as board_id1_4_3_, boardlist1_.board_id as board_id1_4_0_, boardlist1_.category_id as category7_4_0_, boardlist1_.board_content as board_co2_4_0_, boardlist1_.board_created_at as board_cr3_4_0_, boardlist1_.board_last_modified_at as board_la4_4_0_, boardlist1_.board_title as board_ti5_4_0_, boardlist1_.user_id as user_id8_4_0_, boardlist1_.board_views as board_vi6_4_0_ from category category0_ left outer join board boardlist1_ on category0_.category_id=boardlist1_.category_id where category0_.category_id=?
Hibernate: insert into category (category_id, category_name) values (default, ?)
Hibernate: select user0_.user_id as col_0_0_ from user user0_ where user0_.user_user_id=? limit ?
Hibernate: select user0_.user_id as col_0_0_ from user user0_ where user0_.user_user_id=? limit ?
Hibernate: select U.* from USER U where U.USER_USER_ID =?
Hibernate: select character0_.character_id as characte1_6_0_, character0_.character_character_name as characte2_6_0_ from characters character0_ where character0_.character_id=?
Hibernate: select user0_.user_id as col_0_0_ from user user0_ where user0_.user_user_id=? limit ?
Hibernate: select user0_.user_id as col_0_0_ from user user0_ where user0_.user_user_id=? limit ?
Hibernate: select U.* from USER U where U.USER_USER_ID =?
Hibernate: select character0_.character_id as characte1_6_0_, character0_.character_character_name as characte2_6_0_ from characters character0_ where character0_.character_id=?
Hibernate: select user0_.user_id as user_id1_21_0_, user0_.character_id as characte7_21_0_, user0_.user_created_at as user_cre2_21_0_, user0_.user_name as user_nam3_21_0_, user0_.user_phone_number as user_pho4_21_0_, user0_.user_user_id as user_use5_21_0_, user0_.user_user_password as user_use6_21_0_ from user user0_ where user0_.user_id=?
Hibernate: select character0_.character_id as characte1_6_0_, character0_.character_character_name as characte2_6_0_ from characters character0_ where character0_.character_id=?
Hibernate: select count(*) as col_0_0_ from board board0_
Hibernate: select count(*) as col_0_0_ from board board0_
Hibernate: select user0_.user_id as col_0_0_ from user user0_ where user0_.user_user_id=? limit ?
Hibernate: select user0_.user_id as col_0_0_ from user user0_ where user0_.user_user_id=? limit ?
Hibernate: select U.* from USER U where U.USER_USER_ID =?
Hibernate: select character0_.character_id as characte1_6_0_, character0_.character_character_name as characte2_6_0_ from characters character0_ where character0_.character_id=?
Hibernate: select user0_.user_id as user_id1_21_0_, user0_.character_id as characte7_21_0_, user0_.user_created_at as user_cre2_21_0_, user0_.user_name as user_nam3_21_0_, user0_.user_phone_number as user_pho4_21_0_, user0_.user_user_id as user_use5_21_0_, user0_.user_user_password as user_use6_21_0_ from user user0_ where user0_.user_id=?
Hibernate: select character0_.character_id as characte1_6_0_, character0_.character_character_name as characte2_6_0_ from characters character0_ where character0_.character_id=?
Hibernate: select category0_.category_id as category1_5_, category0_.category_name as category2_5_ from category category0_
Hibernate: select boardlist0_.category_id as category7_4_0_, boardlist0_.board_id as board_id1_4_0_, boardlist0_.board_id as board_id1_4_1_, boardlist0_.category_id as category7_4_1_, boardlist0_.board_content as board_co2_4_1_, boardlist0_.board_created_at as board_cr3_4_1_, boardlist0_.board_last_modified_at as board_la4_4_1_, boardlist0_.board_title as board_ti5_4_1_, boardlist0_.user_id as user_id8_4_1_, boardlist0_.board_views as board_vi6_4_1_ from board boardlist0_ where boardlist0_.category_id=?
Hibernate: select boardlist0_.category_id as category7_4_0_, boardlist0_.board_id as board_id1_4_0_, boardlist0_.board_id as board_id1_4_1_, boardlist0_.category_id as category7_4_1_, boardlist0_.board_content as board_co2_4_1_, boardlist0_.board_created_at as board_cr3_4_1_, boardlist0_.board_last_modified_at as board_la4_4_1_, boardlist0_.board_title as board_ti5_4_1_, boardlist0_.user_id as user_id8_4_1_, boardlist0_.board_views as board_vi6_4_1_ from board boardlist0_ where boardlist0_.category_id=?
Hibernate: select user0_.user_id as user_id1_21_0_, user0_.character_id as characte7_21_0_, user0_.user_created_at as user_cre2_21_0_, user0_.user_name as user_nam3_21_0_, user0_.user_phone_number as user_pho4_21_0_, user0_.user_user_id as user_use5_21_0_, user0_.user_user_password as user_use6_21_0_ from user user0_ where user0_.user_id=?
Hibernate: select character0_.character_id as characte1_6_0_, character0_.character_character_name as characte2_6_0_ from characters character0_ where character0_.character_id=?
Hibernate: select count(*) as col_0_0_ from user user0_ where user0_.user_id=?
Hibernate: select character1_.character_id as characte1_6_, character1_.character_character_name as characte2_6_ from user user0_ inner join characters character1_ on user0_.character_id=character1_.character_id where user0_.user_id=?
Hibernate: select permission0_.character_id as characte6_12_0_, permission0_.permission_id as permissi1_12_0_, permission0_.permission_id as permissi1_12_1_, permission0_.character_id as characte6_12_1_, permission0_.permission_name as permissi2_12_1_, permission0_.permission_permission_unit_id as permissi3_12_1_, permission0_.permission_service as permissi4_12_1_, permission0_.permission_status as permissi5_12_1_ from permission permission0_ where permission0_.character_id=?
Hibernate: select count(*) as col_0_0_ from category category0_ where category0_.category_id=?
Hibernate: select count(board0_.board_id) as col_0_0_ from board board0_ where board0_.category_id=?
Hibernate: select category0_.category_id as category1_5_0_, category0_.category_name as category2_5_0_ from category category0_ where category0_.category_id=?
Hibernate: select boardlist0_.category_id as category7_4_0_, boardlist0_.board_id as board_id1_4_0_, boardlist0_.board_id as board_id1_4_1_, boardlist0_.category_id as category7_4_1_, boardlist0_.board_content as board_co2_4_1_, boardlist0_.board_created_at as board_cr3_4_1_, boardlist0_.board_last_modified_at as board_la4_4_1_, boardlist0_.board_title as board_ti5_4_1_, boardlist0_.user_id as user_id8_4_1_, boardlist0_.board_views as board_vi6_4_1_ from board boardlist0_ where boardlist0_.category_id=?
Hibernate: delete from category where category_id=?
Hibernate: select user0_.user_id as user_id1_21_0_, user0_.character_id as characte7_21_0_, user0_.user_created_at as user_cre2_21_0_, user0_.user_name as user_nam3_21_0_, user0_.user_phone_number as user_pho4_21_0_, user0_.user_user_id as user_use5_21_0_, user0_.user_user_password as user_use6_21_0_ from user user0_ where user0_.user_id=?
Hibernate: select character0_.character_id as characte1_6_0_, character0_.character_character_name as characte2_6_0_ from characters character0_ where character0_.character_id=?
Hibernate: select count(*) as col_0_0_ from user user0_ where user0_.user_id=?
Hibernate: select character1_.character_id as characte1_6_, character1_.character_character_name as characte2_6_ from user user0_ inner join characters character1_ on user0_.character_id=character1_.character_id where user0_.user_id=?
Hibernate: select permission0_.character_id as characte6_12_0_, permission0_.permission_id as permissi1_12_0_, permission0_.permission_id as permissi1_12_1_, permission0_.character_id as characte6_12_1_, permission0_.permission_name as permissi2_12_1_, permission0_.permission_permission_unit_id as permissi3_12_1_, permission0_.permission_service as permissi4_12_1_, permission0_.permission_status as permissi5_12_1_ from permission permission0_ where permission0_.character_id=?
Hibernate: select count(*) as col_0_0_ from category category0_ where category0_.category_id=?
Hibernate: select count(board0_.board_id) as col_0_0_ from board board0_ where board0_.category_id=?
Hibernate: select category0_.category_id as category1_5_0_, category0_.category_name as category2_5_0_ from category category0_ where category0_.category_id=?
Hibernate: select boardlist0_.category_id as category7_4_0_, boardlist0_.board_id as board_id1_4_0_, boardlist0_.board_id as board_id1_4_1_, boardlist0_.category_id as category7_4_1_, boardlist0_.board_content as board_co2_4_1_, boardlist0_.board_created_at as board_cr3_4_1_, boardlist0_.board_last_modified_at as board_la4_4_1_, boardlist0_.board_title as board_ti5_4_1_, boardlist0_.user_id as user_id8_4_1_, boardlist0_.board_views as board_vi6_4_1_ from board boardlist0_ where boardlist0_.category_id=?
Hibernate: delete from category where category_id=?
Hibernate: select user0_.user_id as user_id1_21_0_, user0_.character_id as characte7_21_0_, user0_.user_created_at as user_cre2_21_0_, user0_.user_name as user_nam3_21_0_, user0_.user_phone_number as user_pho4_21_0_, user0_.user_user_id as user_use5_21_0_, user0_.user_user_password as user_use6_21_0_ from user user0_ where user0_.user_id=?
Hibernate: select character0_.character_id as characte1_6_0_, character0_.character_character_name as characte2_6_0_ from characters character0_ where character0_.character_id=?
Hibernate: select count(*) as col_0_0_ from user user0_ where user0_.user_id=?
Hibernate: select character1_.character_id as characte1_6_, character1_.character_character_name as characte2_6_ from user user0_ inner join characters character1_ on user0_.character_id=character1_.character_id where user0_.user_id=?
Hibernate: select permission0_.character_id as characte6_12_0_, permission0_.permission_id as permissi1_12_0_, permission0_.permission_id as permissi1_12_1_, permission0_.character_id as characte6_12_1_, permission0_.permission_name as permissi2_12_1_, permission0_.permission_permission_unit_id as permissi3_12_1_, permission0_.permission_service as permissi4_12_1_, permission0_.permission_status as permissi5_12_1_ from permission permission0_ where permission0_.character_id=?
Hibernate: select category0_.category_id as col_0_0_ from category category0_ where category0_.category_name=? limit ?
Hibernate: select category0_.category_id as category1_5_1_, category0_.category_name as category2_5_1_, boardlist1_.category_id as category7_4_3_, boardlist1_.board_id as board_id1_4_3_, boardlist1_.board_id as board_id1_4_0_, boardlist1_.category_id as category7_4_0_, boardlist1_.board_content as board_co2_4_0_, boardlist1_.board_created_at as board_cr3_4_0_, boardlist1_.board_last_modified_at as board_la4_4_0_, boardlist1_.board_title as board_ti5_4_0_, boardlist1_.user_id as user_id8_4_0_, boardlist1_.board_views as board_vi6_4_0_ from category category0_ left outer join board boardlist1_ on category0_.category_id=boardlist1_.category_id where category0_.category_id=?
Hibernate: insert into category (category_id, category_name) values (default, ?)
Hibernate: select user0_.user_id as user_id1_21_0_, user0_.character_id as characte7_21_0_, user0_.user_created_at as user_cre2_21_0_, user0_.user_name as user_nam3_21_0_, user0_.user_phone_number as user_pho4_21_0_, user0_.user_user_id as user_use5_21_0_, user0_.user_user_password as user_use6_21_0_ from user user0_ where user0_.user_id=?
Hibernate: select character0_.character_id as characte1_6_0_, character0_.character_character_name as characte2_6_0_ from characters character0_ where character0_.character_id=?
Hibernate: select count(*) as col_0_0_ from user user0_ where user0_.user_id=?
Hibernate: select character1_.character_id as characte1_6_, character1_.character_character_name as characte2_6_ from user user0_ inner join characters character1_ on user0_.character_id=character1_.character_id where user0_.user_id=?
Hibernate: select permission0_.character_id as characte6_12_0_, permission0_.permission_id as permissi1_12_0_, permission0_.permission_id as permissi1_12_1_, permission0_.character_id as characte6_12_1_, permission0_.permission_name as permissi2_12_1_, permission0_.permission_permission_unit_id as permissi3_12_1_, permission0_.permission_service as permissi4_12_1_, permission0_.permission_status as permissi5_12_1_ from permission permission0_ where permission0_.character_id=?
Hibernate: select category0_.category_id as col_0_0_ from category category0_ where category0_.category_name=? limit ?
Hibernate: select category0_.category_id as category1_5_1_, category0_.category_name as category2_5_1_, boardlist1_.category_id as category7_4_3_, boardlist1_.board_id as board_id1_4_3_, boardlist1_.board_id as board_id1_4_0_, boardlist1_.category_id as category7_4_0_, boardlist1_.board_content as board_co2_4_0_, boardlist1_.board_created_at as board_cr3_4_0_, boardlist1_.board_last_modified_at as board_la4_4_0_, boardlist1_.board_title as board_ti5_4_0_, boardlist1_.user_id as user_id8_4_0_, boardlist1_.board_views as board_vi6_4_0_ from category category0_ left outer join board boardlist1_ on category0_.category_id=boardlist1_.category_id where category0_.category_id=?
Hibernate: insert into category (category_id, category_name) values (default, ?)
Hibernate: select user0_.user_id as col_0_0_ from user user0_ where user0_.user_user_id=? limit ?
Hibernate: select user0_.user_id as col_0_0_ from user user0_ where user0_.user_user_id=? limit ?
Hibernate: select U.* from USER U where U.USER_USER_ID =?
Hibernate: select character0_.character_id as characte1_6_0_, character0_.character_character_name as characte2_6_0_ from characters character0_ where character0_.character_id=?
Hibernate: select user0_.user_id as col_0_0_ from user user0_ where user0_.user_user_id=? limit ?
Hibernate: select user0_.user_id as col_0_0_ from user user0_ where user0_.user_user_id=? limit ?
Hibernate: select U.* from USER U where U.USER_USER_ID =?
Hibernate: select character0_.character_id as characte1_6_0_, character0_.character_character_name as characte2_6_0_ from characters character0_ where character0_.character_id=?
Hibernate: select user0_.user_id as col_0_0_ from user user0_ where user0_.user_user_id=? limit ?
Hibernate: select user0_.user_id as col_0_0_ from user user0_ where user0_.user_user_id=? limit ?
Hibernate: select U.* from USER U where U.USER_USER_ID =?
Hibernate: select character0_.character_id as characte1_6_0_, character0_.character_character_name as characte2_6_0_ from characters character0_ where character0_.character_id=?
Hibernate: select user0_.user_id as user_id1_21_0_, user0_.character_id as characte7_21_0_, user0_.user_created_at as user_cre2_21_0_, user0_.user_name as user_nam3_21_0_, user0_.user_phone_number as user_pho4_21_0_, user0_.user_user_id as user_use5_21_0_, user0_.user_user_password as user_use6_21_0_ from user user0_ where user0_.user_id=?
Hibernate: select character0_.character_id as characte1_6_0_, character0_.character_character_name as characte2_6_0_ from characters character0_ where character0_.character_id=?
Hibernate: select count(*) as col_0_0_ from user user0_ where user0_.user_id=?
Hibernate: select character1_.character_id as characte1_6_, character1_.character_character_name as characte2_6_ from user user0_ inner join characters character1_ on user0_.character_id=character1_.character_id where user0_.user_id=?
Hibernate: select permission0_.character_id as characte6_12_0_, permission0_.permission_id as permissi1_12_0_, permission0_.permission_id as permissi1_12_1_, permission0_.character_id as characte6_12_1_, permission0_.permission_name as permissi2_12_1_, permission0_.permission_permission_unit_id as permissi3_12_1_, permission0_.permission_service as permissi4_12_1_, permission0_.permission_status as permissi5_12_1_ from permission permission0_ where permission0_.character_id=?
Hibernate: select category0_.category_id as col_0_0_ from category category0_ where category0_.category_name=? limit ?
Hibernate: select category0_.category_id as category1_5_1_, category0_.category_name as category2_5_1_, boardlist1_.category_id as category7_4_3_, boardlist1_.board_id as board_id1_4_3_, boardlist1_.board_id as board_id1_4_0_, boardlist1_.category_id as category7_4_0_, boardlist1_.board_content as board_co2_4_0_, boardlist1_.board_created_at as board_cr3_4_0_, boardlist1_.board_last_modified_at as board_la4_4_0_, boardlist1_.board_title as board_ti5_4_0_, boardlist1_.user_id as user_id8_4_0_, boardlist1_.board_views as board_vi6_4_0_ from category category0_ left outer join board boardlist1_ on category0_.category_id=boardlist1_.category_id where category0_.category_id=?
Hibernate: insert into category (category_id, category_name) values (default, ?)
Hibernate: select user0_.user_id as user_id1_21_0_, user0_.character_id as characte7_21_0_, user0_.user_created_at as user_cre2_21_0_, user0_.user_name as user_nam3_21_0_, user0_.user_phone_number as user_pho4_21_0_, user0_.user_user_id as user_use5_21_0_, user0_.user_user_password as user_use6_21_0_ from user user0_ where user0_.user_id=?
Hibernate: select character0_.character_id as characte1_6_0_, character0_.character_character_name as characte2_6_0_ from characters character0_ where character0_.character_id=?
Hibernate: select category0_.category_id as category1_5_, category0_.category_name as category2_5_ from category category0_
Hibernate: select boardlist0_.category_id as category7_4_0_, boardlist0_.board_id as board_id1_4_0_, boardlist0_.board_id as board_id1_4_1_, boardlist0_.category_id as category7_4_1_, boardlist0_.board_content as board_co2_4_1_, boardlist0_.board_created_at as board_cr3_4_1_, boardlist0_.board_last_modified_at as board_la4_4_1_, boardlist0_.board_title as board_ti5_4_1_, boardlist0_.user_id as user_id8_4_1_, boardlist0_.board_views as board_vi6_4_1_ from board boardlist0_ where boardlist0_.category_id=?
Hibernate: select boardlist0_.category_id as category7_4_0_, boardlist0_.board_id as board_id1_4_0_, boardlist0_.board_id as board_id1_4_1_, boardlist0_.category_id as category7_4_1_, boardlist0_.board_content as board_co2_4_1_, boardlist0_.board_created_at as board_cr3_4_1_, boardlist0_.board_last_modified_at as board_la4_4_1_, boardlist0_.board_title as board_ti5_4_1_, boardlist0_.user_id as user_id8_4_1_, boardlist0_.board_views as board_vi6_4_1_ from board boardlist0_ where boardlist0_.category_id=?
Hibernate: select boardlist0_.category_id as category7_4_0_, boardlist0_.board_id as board_id1_4_0_, boardlist0_.board_id as board_id1_4_1_, boardlist0_.category_id as category7_4_1_, boardlist0_.board_content as board_co2_4_1_, boardlist0_.board_created_at as board_cr3_4_1_, boardlist0_.board_last_modified_at as board_la4_4_1_, boardlist0_.board_title as board_ti5_4_1_, boardlist0_.user_id as user_id8_4_1_, boardlist0_.board_views as board_vi6_4_1_ from board boardlist0_ where boardlist0_.category_id=?
Hibernate: select user0_.user_id as user_id1_21_0_, user0_.character_id as characte7_21_0_, user0_.user_created_at as user_cre2_21_0_, user0_.user_name as user_nam3_21_0_, user0_.user_phone_number as user_pho4_21_0_, user0_.user_user_id as user_use5_21_0_, user0_.user_user_password as user_use6_21_0_ from user user0_ where user0_.user_id=?
Hibernate: select character0_.character_id as characte1_6_0_, character0_.character_character_name as characte2_6_0_ from characters character0_ where character0_.character_id=?
Hibernate: select count(*) as col_0_0_ from user user0_ where user0_.user_id=?
Hibernate: select character1_.character_id as characte1_6_, character1_.character_character_name as characte2_6_ from user user0_ inner join characters character1_ on user0_.character_id=character1_.character_id where user0_.user_id=?
Hibernate: select permission0_.character_id as characte6_12_0_, permission0_.permission_id as permissi1_12_0_, permission0_.permission_id as permissi1_12_1_, permission0_.character_id as characte6_12_1_, permission0_.permission_name as permissi2_12_1_, permission0_.permission_permission_unit_id as permissi3_12_1_, permission0_.permission_service as permissi4_12_1_, permission0_.permission_status as permissi5_12_1_ from permission permission0_ where permission0_.character_id=?
Hibernate: select count(*) as col_0_0_ from category category0_ where category0_.category_id=?
Hibernate: insert into filename (filename_id, filename_origin, filename_uuid) values (default, ?, ?)
Hibernate: insert into filename (filename_id, filename_origin, filename_uuid) values (default, ?, ?)
Hibernate: select category0_.category_id as category1_5_0_, category0_.category_name as category2_5_0_ from category category0_ where category0_.category_id=?
Hibernate: insert into board (board_id, category_id, board_content, board_created_at, board_last_modified_at, board_title, user_id, board_views) values (default, ?, ?, ?, ?, ?, ?, ?)
Hibernate: insert into reaction (reaction_id, board_id, reaction_type) values (default, ?, ?)
Hibernate: insert into reaction (reaction_id, board_id, reaction_type) values (default, ?, ?)
Hibernate: insert into reaction (reaction_id, board_id, reaction_type) values (default, ?, ?)
Hibernate: insert into reaction (reaction_id, board_id, reaction_type) values (default, ?, ?)
Hibernate: insert into reaction (reaction_id, board_id, reaction_type) values (default, ?, ?)
Hibernate: insert into reaction (reaction_id, board_id, reaction_type) values (default, ?, ?)
Hibernate: insert into file_path_list (board_board_id, board_file_path_list) values (?, ?)
Hibernate: insert into image_path_list (board_board_id, board_image_path_list) values (?, ?)
Hibernate: select user0_.user_id as user_id1_21_0_, user0_.character_id as characte7_21_0_, user0_.user_created_at as user_cre2_21_0_, user0_.user_name as user_nam3_21_0_, user0_.user_phone_number as user_pho4_21_0_, user0_.user_user_id as user_use5_21_0_, user0_.user_user_password as user_use6_21_0_ from user user0_ where user0_.user_id=?
Hibernate: select character0_.character_id as characte1_6_0_, character0_.character_character_name as characte2_6_0_ from characters character0_ where character0_.character_id=?
Hibernate: select count(*) as col_0_0_ from board board0_
Hibernate: select board0_.board_id as board_id1_4_, board0_.category_id as category7_4_, board0_.board_content as board_co2_4_, board0_.board_created_at as board_cr3_4_, board0_.board_last_modified_at as board_la4_4_, board0_.board_title as board_ti5_4_, board0_.user_id as user_id8_4_, board0_.board_views as board_vi6_4_ from board board0_ limit ?
Hibernate: select category0_.category_id as category1_5_0_, category0_.category_name as category2_5_0_ from category category0_ where category0_.category_id=?
Hibernate: select reactionli0_.board_id as board_id3_13_0_, reactionli0_.reaction_id as reaction1_13_0_, reactionli0_.reaction_id as reaction1_13_1_, reactionli0_.board_id as board_id3_13_1_, reactionli0_.reaction_type as reaction2_13_1_ from reaction reactionli0_ where reactionli0_.board_id=?
Hibernate: select reactionus0_.reaction_id as reaction2_14_0_, reactionus0_.reaction_user_id as reaction1_14_0_, reactionus0_.reaction_user_id as reaction1_14_1_, reactionus0_.reaction_id as reaction2_14_1_, reactionus0_.user_id as user_id3_14_1_ from reaction_user reactionus0_ where reactionus0_.reaction_id=?
Hibernate: select reactionus0_.reaction_id as reaction2_14_0_, reactionus0_.reaction_user_id as reaction1_14_0_, reactionus0_.reaction_user_id as reaction1_14_1_, reactionus0_.reaction_id as reaction2_14_1_, reactionus0_.user_id as user_id3_14_1_ from reaction_user reactionus0_ where reactionus0_.reaction_id=?
Hibernate: select reactionus0_.reaction_id as reaction2_14_0_, reactionus0_.reaction_user_id as reaction1_14_0_, reactionus0_.reaction_user_id as reaction1_14_1_, reactionus0_.reaction_id as reaction2_14_1_, reactionus0_.user_id as user_id3_14_1_ from reaction_user reactionus0_ where reactionus0_.reaction_id=?
Hibernate: select reactionus0_.reaction_id as reaction2_14_0_, reactionus0_.reaction_user_id as reaction1_14_0_, reactionus0_.reaction_user_id as reaction1_14_1_, reactionus0_.reaction_id as reaction2_14_1_, reactionus0_.user_id as user_id3_14_1_ from reaction_user reactionus0_ where reactionus0_.reaction_id=?
Hibernate: select reactionus0_.reaction_id as reaction2_14_0_, reactionus0_.reaction_user_id as reaction1_14_0_, reactionus0_.reaction_user_id as reaction1_14_1_, reactionus0_.reaction_id as reaction2_14_1_, reactionus0_.user_id as user_id3_14_1_ from reaction_user reactionus0_ where reactionus0_.reaction_id=?
Hibernate: select reactionus0_.reaction_id as reaction2_14_0_, reactionus0_.reaction_user_id as reaction1_14_0_, reactionus0_.reaction_user_id as reaction1_14_1_, reactionus0_.reaction_id as reaction2_14_1_, reactionus0_.user_id as user_id3_14_1_ from reaction_user reactionus0_ where reactionus0_.reaction_id=?
Hibernate: select commentlis0_.board_id as board_id5_7_0_, commentlis0_.comment_id as comment_1_7_0_, commentlis0_.comment_id as comment_1_7_1_, commentlis0_.board_id as board_id5_7_1_, commentlis0_.comment_content as comment_2_7_1_, commentlis0_.comment_created_at as comment_3_7_1_, commentlis0_.comment_last_modified_at as comment_4_7_1_, commentlis0_.user_id as user_id6_7_1_ from comment commentlis0_ where commentlis0_.board_id=?
Hibernate: select boardlist0_.category_id as category7_4_0_, boardlist0_.board_id as board_id1_4_0_, boardlist0_.board_id as board_id1_4_1_, boardlist0_.category_id as category7_4_1_, boardlist0_.board_content as board_co2_4_1_, boardlist0_.board_created_at as board_cr3_4_1_, boardlist0_.board_last_modified_at as board_la4_4_1_, boardlist0_.board_title as board_ti5_4_1_, boardlist0_.user_id as user_id8_4_1_, boardlist0_.board_views as board_vi6_4_1_ from board boardlist0_ where boardlist0_.category_id=?
Hibernate: select count(comment0_.comment_id) as col_0_0_ from comment comment0_ where comment0_.board_id=?
Hibernate: select count(*) as col_0_0_ from board board0_
Hibernate: select imagepathl0_.board_board_id as board_bo1_11_0_, imagepathl0_.board_image_path_list as board_im2_11_0_ from image_path_list imagepathl0_ where imagepathl0_.board_board_id=?
Hibernate: select filename0_.filename_id as filename1_9_, filename0_.filename_origin as filename2_9_, filename0_.filename_uuid as filename3_9_ from filename filename0_ where filename0_.filename_uuid=?
Hibernate: select filepathli0_.board_board_id as board_bo1_8_0_, filepathli0_.board_file_path_list as board_fi2_8_0_ from file_path_list filepathli0_ where filepathli0_.board_board_id=?
Hibernate: select filename0_.filename_id as filename1_9_, filename0_.filename_origin as filename2_9_, filename0_.filename_uuid as filename3_9_ from filename filename0_ where filename0_.filename_uuid=?
Hibernate: select user0_.user_id as user_id1_21_0_, user0_.character_id as characte7_21_0_, user0_.user_created_at as user_cre2_21_0_, user0_.user_name as user_nam3_21_0_, user0_.user_phone_number as user_pho4_21_0_, user0_.user_user_id as user_use5_21_0_, user0_.user_user_password as user_use6_21_0_ from user user0_ where user0_.user_id=?
Hibernate: select character0_.character_id as characte1_6_0_, character0_.character_character_name as characte2_6_0_ from characters character0_ where character0_.character_id=?
Hibernate: select count(*) as col_0_0_ from user user0_ where user0_.user_id=?
Hibernate: select character1_.character_id as characte1_6_, character1_.character_character_name as characte2_6_ from user user0_ inner join characters character1_ on user0_.character_id=character1_.character_id where user0_.user_id=?
Hibernate: select permission0_.character_id as characte6_12_0_, permission0_.permission_id as permissi1_12_0_, permission0_.permission_id as permissi1_12_1_, permission0_.character_id as characte6_12_1_, permission0_.permission_name as permissi2_12_1_, permission0_.permission_permission_unit_id as permissi3_12_1_, permission0_.permission_service as permissi4_12_1_, permission0_.permission_status as permissi5_12_1_ from permission permission0_ where permission0_.character_id=?
Hibernate: select count(*) as col_0_0_ from board board0_ where board0_.board_id=?
Hibernate: select board0_.board_id as board_id1_4_0_, board0_.category_id as category7_4_0_, board0_.board_content as board_co2_4_0_, board0_.board_created_at as board_cr3_4_0_, board0_.board_last_modified_at as board_la4_4_0_, board0_.board_title as board_ti5_4_0_, board0_.user_id as user_id8_4_0_, board0_.board_views as board_vi6_4_0_ from board board0_ where board0_.board_id=?
Hibernate: select category0_.category_id as category1_5_0_, category0_.category_name as category2_5_0_ from category category0_ where category0_.category_id=?
Hibernate: insert into comment (comment_id, board_id, comment_content, comment_created_at, comment_last_modified_at, user_id) values (default, ?, ?, ?, ?, ?)
Hibernate: select U.* from USER U join COMMENT C where U.USER_ID = C.USER_ID and C.COMMENT_ID = ?
Hibernate: select count(*) as col_0_0_ from user user0_ where user0_.user_id=?
Hibernate: select character1_.character_id as characte1_6_, character1_.character_character_name as characte2_6_ from user user0_ inner join characters character1_ on user0_.character_id=character1_.character_id where user0_.user_id=?
Hibernate: select permission0_.character_id as characte6_12_0_, permission0_.permission_id as permissi1_12_0_, permission0_.permission_id as permissi1_12_1_, permission0_.character_id as characte6_12_1_, permission0_.permission_name as permissi2_12_1_, permission0_.permission_permission_unit_id as permissi3_12_1_, permission0_.permission_service as permissi4_12_1_, permission0_.permission_status as permissi5_12_1_ from permission permission0_ where permission0_.character_id=?
Hibernate: select count(*) as col_0_0_ from comment comment0_ where comment0_.comment_id=?
Hibernate: select user0_.user_id as col_0_0_ from user user0_ where user0_.user_user_id=? limit ?
Hibernate: select user0_.user_id as col_0_0_ from user user0_ where user0_.user_user_id=? limit ?
Hibernate: select U.* from USER U where U.USER_USER_ID =?
Hibernate: select character0_.character_id as characte1_6_0_, character0_.character_character_name as characte2_6_0_ from characters character0_ where character0_.character_id=?
Hibernate: select user0_.user_id as user_id1_21_0_, user0_.character_id as characte7_21_0_, user0_.user_created_at as user_cre2_21_0_, user0_.user_name as user_nam3_21_0_, user0_.user_phone_number as user_pho4_21_0_, user0_.user_user_id as user_use5_21_0_, user0_.user_user_password as user_use6_21_0_ from user user0_ where user0_.user_id=?
Hibernate: select character0_.character_id as characte1_6_0_, character0_.character_character_name as characte2_6_0_ from characters character0_ where character0_.character_id=?
Hibernate: select count(*) as col_0_0_ from board board0_
Hibernate: select board0_.board_id as board_id1_4_, board0_.category_id as category7_4_, board0_.board_content as board_co2_4_, board0_.board_created_at as board_cr3_4_, board0_.board_last_modified_at as board_la4_4_, board0_.board_title as board_ti5_4_, board0_.user_id as user_id8_4_, board0_.board_views as board_vi6_4_ from board board0_ limit ?
Hibernate: select category0_.category_id as category1_5_0_, category0_.category_name as category2_5_0_ from category category0_ where category0_.category_id=?
Hibernate: select reactionli0_.board_id as board_id3_13_0_, reactionli0_.reaction_id as reaction1_13_0_, reactionli0_.reaction_id as reaction1_13_1_, reactionli0_.board_id as board_id3_13_1_, reactionli0_.reaction_type as reaction2_13_1_ from reaction reactionli0_ where reactionli0_.board_id=?
Hibernate: select reactionus0_.reaction_id as reaction2_14_0_, reactionus0_.reaction_user_id as reaction1_14_0_, reactionus0_.reaction_user_id as reaction1_14_1_, reactionus0_.reaction_id as reaction2_14_1_, reactionus0_.user_id as user_id3_14_1_ from reaction_user reactionus0_ where reactionus0_.reaction_id=?
Hibernate: select reactionus0_.reaction_id as reaction2_14_0_, reactionus0_.reaction_user_id as reaction1_14_0_, reactionus0_.reaction_user_id as reaction1_14_1_, reactionus0_.reaction_id as reaction2_14_1_, reactionus0_.user_id as user_id3_14_1_ from reaction_user reactionus0_ where reactionus0_.reaction_id=?
Hibernate: select reactionus0_.reaction_id as reaction2_14_0_, reactionus0_.reaction_user_id as reaction1_14_0_, reactionus0_.reaction_user_id as reaction1_14_1_, reactionus0_.reaction_id as reaction2_14_1_, reactionus0_.user_id as user_id3_14_1_ from reaction_user reactionus0_ where reactionus0_.reaction_id=?
Hibernate: select reactionus0_.reaction_id as reaction2_14_0_, reactionus0_.reaction_user_id as reaction1_14_0_, reactionus0_.reaction_user_id as reaction1_14_1_, reactionus0_.reaction_id as reaction2_14_1_, reactionus0_.user_id as user_id3_14_1_ from reaction_user reactionus0_ where reactionus0_.reaction_id=?
Hibernate: select reactionus0_.reaction_id as reaction2_14_0_, reactionus0_.reaction_user_id as reaction1_14_0_, reactionus0_.reaction_user_id as reaction1_14_1_, reactionus0_.reaction_id as reaction2_14_1_, reactionus0_.user_id as user_id3_14_1_ from reaction_user reactionus0_ where reactionus0_.reaction_id=?
Hibernate: select reactionus0_.reaction_id as reaction2_14_0_, reactionus0_.reaction_user_id as reaction1_14_0_, reactionus0_.reaction_user_id as reaction1_14_1_, reactionus0_.reaction_id as reaction2_14_1_, reactionus0_.user_id as user_id3_14_1_ from reaction_user reactionus0_ where reactionus0_.reaction_id=?
Hibernate: select commentlis0_.board_id as board_id5_7_0_, commentlis0_.comment_id as comment_1_7_0_, commentlis0_.comment_id as comment_1_7_1_, commentlis0_.board_id as board_id5_7_1_, commentlis0_.comment_content as comment_2_7_1_, commentlis0_.comment_created_at as comment_3_7_1_, commentlis0_.comment_last_modified_at as comment_4_7_1_, commentlis0_.user_id as user_id6_7_1_ from comment commentlis0_ where commentlis0_.board_id=?
Hibernate: select boardlist0_.category_id as category7_4_0_, boardlist0_.board_id as board_id1_4_0_, boardlist0_.board_id as board_id1_4_1_, boardlist0_.category_id as category7_4_1_, boardlist0_.board_content as board_co2_4_1_, boardlist0_.board_created_at as board_cr3_4_1_, boardlist0_.board_last_modified_at as board_la4_4_1_, boardlist0_.board_title as board_ti5_4_1_, boardlist0_.user_id as user_id8_4_1_, boardlist0_.board_views as board_vi6_4_1_ from board boardlist0_ where boardlist0_.category_id=?
Hibernate: select count(comment0_.comment_id) as col_0_0_ from comment comment0_ where comment0_.board_id=?
Hibernate: select count(*) as col_0_0_ from board board0_
Hibernate: select imagepathl0_.board_board_id as board_bo1_11_0_, imagepathl0_.board_image_path_list as board_im2_11_0_ from image_path_list imagepathl0_ where imagepathl0_.board_board_id=?
Hibernate: select filename0_.filename_id as filename1_9_, filename0_.filename_origin as filename2_9_, filename0_.filename_uuid as filename3_9_ from filename filename0_ where filename0_.filename_uuid=?
Hibernate: select filepathli0_.board_board_id as board_bo1_8_0_, filepathli0_.board_file_path_list as board_fi2_8_0_ from file_path_list filepathli0_ where filepathli0_.board_board_id=?
Hibernate: select filename0_.filename_id as filename1_9_, filename0_.filename_origin as filename2_9_, filename0_.filename_uuid as filename3_9_ from filename filename0_ where filename0_.filename_uuid=?
Hibernate: select U.* from USER U join BOARD B where U.USER_ID = B.USER_ID and B.BOARD_ID = ?
Hibernate: select character0_.character_id as characte1_6_0_, character0_.character_character_name as characte2_6_0_ from characters character0_ where character0_.character_id=?
Hibernate: select count(*) as col_0_0_ from user user0_ where user0_.user_id=?
Hibernate: select character1_.character_id as characte1_6_, character1_.character_character_name as characte2_6_ from user user0_ inner join characters character1_ on user0_.character_id=character1_.character_id where user0_.user_id=?
Hibernate: select permission0_.character_id as characte6_12_0_, permission0_.permission_id as permissi1_12_0_, permission0_.permission_id as permissi1_12_1_, permission0_.character_id as characte6_12_1_, permission0_.permission_name as permissi2_12_1_, permission0_.permission_permission_unit_id as permissi3_12_1_, permission0_.permission_service as permissi4_12_1_, permission0_.permission_status as permissi5_12_1_ from permission permission0_ where permission0_.character_id=?
Hibernate: select count(*) as col_0_0_ from board board0_ where board0_.board_id=?
Hibernate: select board0_.board_id as board_id1_4_0_, board0_.category_id as category7_4_0_, board0_.board_content as board_co2_4_0_, board0_.board_created_at as board_cr3_4_0_, board0_.board_last_modified_at as board_la4_4_0_, board0_.board_title as board_ti5_4_0_, board0_.user_id as user_id8_4_0_, board0_.board_views as board_vi6_4_0_ from board board0_ where board0_.board_id=?
Hibernate: select category0_.category_id as category1_5_0_, category0_.category_name as category2_5_0_ from category category0_ where category0_.category_id=?
Hibernate: select reactionli0_.board_id as board_id3_13_0_, reactionli0_.reaction_id as reaction1_13_0_, reactionli0_.reaction_id as reaction1_13_1_, reactionli0_.board_id as board_id3_13_1_, reactionli0_.reaction_type as reaction2_13_1_ from reaction reactionli0_ where reactionli0_.board_id=?
Hibernate: select reactionus0_.reaction_id as reaction2_14_0_, reactionus0_.reaction_user_id as reaction1_14_0_, reactionus0_.reaction_user_id as reaction1_14_1_, reactionus0_.reaction_id as reaction2_14_1_, reactionus0_.user_id as user_id3_14_1_ from reaction_user reactionus0_ where reactionus0_.reaction_id=?
Hibernate: select reactionus0_.reaction_id as reaction2_14_0_, reactionus0_.reaction_user_id as reaction1_14_0_, reactionus0_.reaction_user_id as reaction1_14_1_, reactionus0_.reaction_id as reaction2_14_1_, reactionus0_.user_id as user_id3_14_1_ from reaction_user reactionus0_ where reactionus0_.reaction_id=?
Hibernate: select reactionus0_.reaction_id as reaction2_14_0_, reactionus0_.reaction_user_id as reaction1_14_0_, reactionus0_.reaction_user_id as reaction1_14_1_, reactionus0_.reaction_id as reaction2_14_1_, reactionus0_.user_id as user_id3_14_1_ from reaction_user reactionus0_ where reactionus0_.reaction_id=?
Hibernate: select reactionus0_.reaction_id as reaction2_14_0_, reactionus0_.reaction_user_id as reaction1_14_0_, reactionus0_.reaction_user_id as reaction1_14_1_, reactionus0_.reaction_id as reaction2_14_1_, reactionus0_.user_id as user_id3_14_1_ from reaction_user reactionus0_ where reactionus0_.reaction_id=?
Hibernate: select reactionus0_.reaction_id as reaction2_14_0_, reactionus0_.reaction_user_id as reaction1_14_0_, reactionus0_.reaction_user_id as reaction1_14_1_, reactionus0_.reaction_id as reaction2_14_1_, reactionus0_.user_id as user_id3_14_1_ from reaction_user reactionus0_ where reactionus0_.reaction_id=?
Hibernate: select reactionus0_.reaction_id as reaction2_14_0_, reactionus0_.reaction_user_id as reaction1_14_0_, reactionus0_.reaction_user_id as reaction1_14_1_, reactionus0_.reaction_id as reaction2_14_1_, reactionus0_.user_id as user_id3_14_1_ from reaction_user reactionus0_ where reactionus0_.reaction_id=?
Hibernate: select commentlis0_.board_id as board_id5_7_0_, commentlis0_.comment_id as comment_1_7_0_, commentlis0_.comment_id as comment_1_7_1_, commentlis0_.board_id as board_id5_7_1_, commentlis0_.comment_content as comment_2_7_1_, commentlis0_.comment_created_at as comment_3_7_1_, commentlis0_.comment_last_modified_at as comment_4_7_1_, commentlis0_.user_id as user_id6_7_1_ from comment commentlis0_ where commentlis0_.board_id=?
Hibernate: select boardlist0_.category_id as category7_4_0_, boardlist0_.board_id as board_id1_4_0_, boardlist0_.board_id as board_id1_4_1_, boardlist0_.category_id as category7_4_1_, boardlist0_.board_content as board_co2_4_1_, boardlist0_.board_created_at as board_cr3_4_1_, boardlist0_.board_last_modified_at as board_la4_4_1_, boardlist0_.board_title as board_ti5_4_1_, boardlist0_.user_id as user_id8_4_1_, boardlist0_.board_views as board_vi6_4_1_ from board boardlist0_ where boardlist0_.category_id=?
Hibernate: select count(comment0_.comment_id) as col_0_0_ from comment comment0_ where comment0_.board_id=?
Hibernate: update board set category_id=?, board_content=?, board_created_at=?, board_last_modified_at=?, board_title=?, user_id=?, board_views=? where board_id=?
Hibernate: select filepathli0_.board_board_id as board_bo1_8_0_, filepathli0_.board_file_path_list as board_fi2_8_0_ from file_path_list filepathli0_ where filepathli0_.board_board_id=?
Hibernate: select filename0_.filename_id as filename1_9_, filename0_.filename_origin as filename2_9_, filename0_.filename_uuid as filename3_9_ from filename filename0_ where filename0_.filename_uuid=?
Hibernate: delete from filename where filename_id=?
Hibernate: select imagepathl0_.board_board_id as board_bo1_11_0_, imagepathl0_.board_image_path_list as board_im2_11_0_ from image_path_list imagepathl0_ where imagepathl0_.board_board_id=?
Hibernate: select filename0_.filename_id as filename1_9_, filename0_.filename_origin as filename2_9_, filename0_.filename_uuid as filename3_9_ from filename filename0_ where filename0_.filename_uuid=?
Hibernate: delete from filename where filename_id=?
Hibernate: select count(*) as col_0_0_ from board board0_ where board0_.board_id=?
Hibernate: delete from file_path_list where board_board_id=?
Hibernate: delete from image_path_list where board_board_id=?
Hibernate: delete from comment where comment_id=?
Hibernate: delete from reaction where reaction_id=?
Hibernate: delete from reaction where reaction_id=?
Hibernate: delete from reaction where reaction_id=?
Hibernate: delete from reaction where reaction_id=?
Hibernate: delete from reaction where reaction_id=?
Hibernate: delete from reaction where reaction_id=?
Hibernate: delete from board where board_id=?
Hibernate: select user0_.user_id as user_id1_21_0_, user0_.character_id as characte7_21_0_, user0_.user_created_at as user_cre2_21_0_, user0_.user_name as user_nam3_21_0_, user0_.user_phone_number as user_pho4_21_0_, user0_.user_user_id as user_use5_21_0_, user0_.user_user_password as user_use6_21_0_ from user user0_ where user0_.user_id=?
Hibernate: select character0_.character_id as characte1_6_0_, character0_.character_character_name as characte2_6_0_ from characters character0_ where character0_.character_id=?
Hibernate: select count(*) as col_0_0_ from user user0_ where user0_.user_id=?
Hibernate: select character1_.character_id as characte1_6_, character1_.character_character_name as characte2_6_ from user user0_ inner join characters character1_ on user0_.character_id=character1_.character_id where user0_.user_id=?
Hibernate: select permission0_.character_id as characte6_12_0_, permission0_.permission_id as permissi1_12_0_, permission0_.permission_id as permissi1_12_1_, permission0_.character_id as characte6_12_1_, permission0_.permission_name as permissi2_12_1_, permission0_.permission_permission_unit_id as permissi3_12_1_, permission0_.permission_service as permissi4_12_1_, permission0_.permission_status as permissi5_12_1_ from permission permission0_ where permission0_.character_id=?
Hibernate: select count(*) as col_0_0_ from board board0_ where board0_.board_id=?
Hibernate: select user0_.user_id as col_0_0_ from user user0_ where user0_.user_user_id=? limit ?
Hibernate: select user0_.user_id as col_0_0_ from user user0_ where user0_.user_user_id=? limit ?
Hibernate: select U.* from USER U where U.USER_USER_ID =?
Hibernate: select character0_.character_id as characte1_6_0_, character0_.character_character_name as characte2_6_0_ from characters character0_ where character0_.character_id=?
Hibernate: select user0_.user_id as user_id1_21_0_, user0_.character_id as characte7_21_0_, user0_.user_created_at as user_cre2_21_0_, user0_.user_name as user_nam3_21_0_, user0_.user_phone_number as user_pho4_21_0_, user0_.user_user_id as user_use5_21_0_, user0_.user_user_password as user_use6_21_0_ from user user0_ where user0_.user_id=?
Hibernate: select character0_.character_id as characte1_6_0_, character0_.character_character_name as characte2_6_0_ from characters character0_ where character0_.character_id=?
Hibernate: select category0_.category_id as category1_5_, category0_.category_name as category2_5_ from category category0_
Hibernate: select boardlist0_.category_id as category7_4_0_, boardlist0_.board_id as board_id1_4_0_, boardlist0_.board_id as board_id1_4_1_, boardlist0_.category_id as category7_4_1_, boardlist0_.board_content as board_co2_4_1_, boardlist0_.board_created_at as board_cr3_4_1_, boardlist0_.board_last_modified_at as board_la4_4_1_, boardlist0_.board_title as board_ti5_4_1_, boardlist0_.user_id as user_id8_4_1_, boardlist0_.board_views as board_vi6_4_1_ from board boardlist0_ where boardlist0_.category_id=?
Hibernate: select boardlist0_.category_id as category7_4_0_, boardlist0_.board_id as board_id1_4_0_, boardlist0_.board_id as board_id1_4_1_, boardlist0_.category_id as category7_4_1_, boardlist0_.board_content as board_co2_4_1_, boardlist0_.board_created_at as board_cr3_4_1_, boardlist0_.board_last_modified_at as board_la4_4_1_, boardlist0_.board_title as board_ti5_4_1_, boardlist0_.user_id as user_id8_4_1_, boardlist0_.board_views as board_vi6_4_1_ from board boardlist0_ where boardlist0_.category_id=?
Hibernate: select boardlist0_.category_id as category7_4_0_, boardlist0_.board_id as board_id1_4_0_, boardlist0_.board_id as board_id1_4_1_, boardlist0_.category_id as category7_4_1_, boardlist0_.board_content as board_co2_4_1_, boardlist0_.board_created_at as board_cr3_4_1_, boardlist0_.board_last_modified_at as board_la4_4_1_, boardlist0_.board_title as board_ti5_4_1_, boardlist0_.user_id as user_id8_4_1_, boardlist0_.board_views as board_vi6_4_1_ from board boardlist0_ where boardlist0_.category_id=?
Hibernate: select user0_.user_id as user_id1_21_0_, user0_.character_id as characte7_21_0_, user0_.user_created_at as user_cre2_21_0_, user0_.user_name as user_nam3_21_0_, user0_.user_phone_number as user_pho4_21_0_, user0_.user_user_id as user_use5_21_0_, user0_.user_user_password as user_use6_21_0_ from user user0_ where user0_.user_id=?
Hibernate: select character0_.character_id as characte1_6_0_, character0_.character_character_name as characte2_6_0_ from characters character0_ where character0_.character_id=?
Hibernate: select count(*) as col_0_0_ from user user0_ where user0_.user_id=?
Hibernate: select character1_.character_id as characte1_6_, character1_.character_character_name as characte2_6_ from user user0_ inner join characters character1_ on user0_.character_id=character1_.character_id where user0_.user_id=?
Hibernate: select permission0_.character_id as characte6_12_0_, permission0_.permission_id as permissi1_12_0_, permission0_.permission_id as permissi1_12_1_, permission0_.character_id as characte6_12_1_, permission0_.permission_name as permissi2_12_1_, permission0_.permission_permission_unit_id as permissi3_12_1_, permission0_.permission_service as permissi4_12_1_, permission0_.permission_status as permissi5_12_1_ from permission permission0_ where permission0_.character_id=?
Hibernate: select count(*) as col_0_0_ from category category0_ where category0_.category_id=?
Hibernate: select count(board0_.board_id) as col_0_0_ from board board0_ where board0_.category_id=?
Hibernate: select category0_.category_id as category1_5_0_, category0_.category_name as category2_5_0_ from category category0_ where category0_.category_id=?
Hibernate: select boardlist0_.category_id as category7_4_0_, boardlist0_.board_id as board_id1_4_0_, boardlist0_.board_id as board_id1_4_1_, boardlist0_.category_id as category7_4_1_, boardlist0_.board_content as board_co2_4_1_, boardlist0_.board_created_at as board_cr3_4_1_, boardlist0_.board_last_modified_at as board_la4_4_1_, boardlist0_.board_title as board_ti5_4_1_, boardlist0_.user_id as user_id8_4_1_, boardlist0_.board_views as board_vi6_4_1_ from board boardlist0_ where boardlist0_.category_id=?
Hibernate: delete from category where category_id=?
Hibernate: select user0_.user_id as user_id1_21_0_, user0_.character_id as characte7_21_0_, user0_.user_created_at as user_cre2_21_0_, user0_.user_name as user_nam3_21_0_, user0_.user_phone_number as user_pho4_21_0_, user0_.user_user_id as user_use5_21_0_, user0_.user_user_password as user_use6_21_0_ from user user0_ where user0_.user_id=?
Hibernate: select character0_.character_id as characte1_6_0_, character0_.character_character_name as characte2_6_0_ from characters character0_ where character0_.character_id=?
Hibernate: select count(*) as col_0_0_ from user user0_ where user0_.user_id=?
Hibernate: select character1_.character_id as characte1_6_, character1_.character_character_name as characte2_6_ from user user0_ inner join characters character1_ on user0_.character_id=character1_.character_id where user0_.user_id=?
Hibernate: select permission0_.character_id as characte6_12_0_, permission0_.permission_id as permissi1_12_0_, permission0_.permission_id as permissi1_12_1_, permission0_.character_id as characte6_12_1_, permission0_.permission_name as permissi2_12_1_, permission0_.permission_permission_unit_id as permissi3_12_1_, permission0_.permission_service as permissi4_12_1_, permission0_.permission_status as permissi5_12_1_ from permission permission0_ where permission0_.character_id=?
Hibernate: select count(*) as col_0_0_ from category category0_ where category0_.category_id=?
Hibernate: select count(board0_.board_id) as col_0_0_ from board board0_ where board0_.category_id=?
Hibernate: select category0_.category_id as category1_5_0_, category0_.category_name as category2_5_0_ from category category0_ where category0_.category_id=?
Hibernate: select boardlist0_.category_id as category7_4_0_, boardlist0_.board_id as board_id1_4_0_, boardlist0_.board_id as board_id1_4_1_, boardlist0_.category_id as category7_4_1_, boardlist0_.board_content as board_co2_4_1_, boardlist0_.board_created_at as board_cr3_4_1_, boardlist0_.board_last_modified_at as board_la4_4_1_, boardlist0_.board_title as board_ti5_4_1_, boardlist0_.user_id as user_id8_4_1_, boardlist0_.board_views as board_vi6_4_1_ from board boardlist0_ where boardlist0_.category_id=?
Hibernate: delete from category where category_id=?
Hibernate: select user0_.user_id as user_id1_21_0_, user0_.character_id as characte7_21_0_, user0_.user_created_at as user_cre2_21_0_, user0_.user_name as user_nam3_21_0_, user0_.user_phone_number as user_pho4_21_0_, user0_.user_user_id as user_use5_21_0_, user0_.user_user_password as user_use6_21_0_ from user user0_ where user0_.user_id=?
Hibernate: select character0_.character_id as characte1_6_0_, character0_.character_character_name as characte2_6_0_ from characters character0_ where character0_.character_id=?
Hibernate: select count(*) as col_0_0_ from user user0_ where user0_.user_id=?
Hibernate: select character1_.character_id as characte1_6_, character1_.character_character_name as characte2_6_ from user user0_ inner join characters character1_ on user0_.character_id=character1_.character_id where user0_.user_id=?
Hibernate: select permission0_.character_id as characte6_12_0_, permission0_.permission_id as permissi1_12_0_, permission0_.permission_id as permissi1_12_1_, permission0_.character_id as characte6_12_1_, permission0_.permission_name as permissi2_12_1_, permission0_.permission_permission_unit_id as permissi3_12_1_, permission0_.permission_service as permissi4_12_1_, permission0_.permission_status as permissi5_12_1_ from permission permission0_ where permission0_.character_id=?
Hibernate: select count(*) as col_0_0_ from category category0_ where category0_.category_id=?
Hibernate: select count(board0_.board_id) as col_0_0_ from board board0_ where board0_.category_id=?
Hibernate: select category0_.category_id as category1_5_0_, category0_.category_name as category2_5_0_ from category category0_ where category0_.category_id=?
Hibernate: select boardlist0_.category_id as category7_4_0_, boardlist0_.board_id as board_id1_4_0_, boardlist0_.board_id as board_id1_4_1_, boardlist0_.category_id as category7_4_1_, boardlist0_.board_content as board_co2_4_1_, boardlist0_.board_created_at as board_cr3_4_1_, boardlist0_.board_last_modified_at as board_la4_4_1_, boardlist0_.board_title as board_ti5_4_1_, boardlist0_.user_id as user_id8_4_1_, boardlist0_.board_views as board_vi6_4_1_ from board boardlist0_ where boardlist0_.category_id=?
Hibernate: delete from category where category_id=?
Hibernate: select user0_.user_id as user_id1_21_0_, user0_.character_id as characte7_21_0_, user0_.user_created_at as user_cre2_21_0_, user0_.user_name as user_nam3_21_0_, user0_.user_phone_number as user_pho4_21_0_, user0_.user_user_id as user_use5_21_0_, user0_.user_user_password as user_use6_21_0_ from user user0_ where user0_.user_id=?
Hibernate: select character0_.character_id as characte1_6_0_, character0_.character_character_name as characte2_6_0_ from characters character0_ where character0_.character_id=?
Hibernate: select count(*) as col_0_0_ from user user0_ where user0_.user_id=?
Hibernate: select character1_.character_id as characte1_6_, character1_.character_character_name as characte2_6_ from user user0_ inner join characters character1_ on user0_.character_id=character1_.character_id where user0_.user_id=?
Hibernate: select permission0_.character_id as characte6_12_0_, permission0_.permission_id as permissi1_12_0_, permission0_.permission_id as permissi1_12_1_, permission0_.character_id as characte6_12_1_, permission0_.permission_name as permissi2_12_1_, permission0_.permission_permission_unit_id as permissi3_12_1_, permission0_.permission_service as permissi4_12_1_, permission0_.permission_status as permissi5_12_1_ from permission permission0_ where permission0_.character_id=?
Hibernate: select category0_.category_id as col_0_0_ from category category0_ where category0_.category_name=? limit ?
Hibernate: select category0_.category_id as category1_5_1_, category0_.category_name as category2_5_1_, boardlist1_.category_id as category7_4_3_, boardlist1_.board_id as board_id1_4_3_, boardlist1_.board_id as board_id1_4_0_, boardlist1_.category_id as category7_4_0_, boardlist1_.board_content as board_co2_4_0_, boardlist1_.board_created_at as board_cr3_4_0_, boardlist1_.board_last_modified_at as board_la4_4_0_, boardlist1_.board_title as board_ti5_4_0_, boardlist1_.user_id as user_id8_4_0_, boardlist1_.board_views as board_vi6_4_0_ from category category0_ left outer join board boardlist1_ on category0_.category_id=boardlist1_.category_id where category0_.category_id=?
Hibernate: insert into category (category_id, category_name) values (default, ?)
Hibernate: select user0_.user_id as user_id1_21_0_, user0_.character_id as characte7_21_0_, user0_.user_created_at as user_cre2_21_0_, user0_.user_name as user_nam3_21_0_, user0_.user_phone_number as user_pho4_21_0_, user0_.user_user_id as user_use5_21_0_, user0_.user_user_password as user_use6_21_0_ from user user0_ where user0_.user_id=?
Hibernate: select character0_.character_id as characte1_6_0_, character0_.character_character_name as characte2_6_0_ from characters character0_ where character0_.character_id=?
Hibernate: select count(*) as col_0_0_ from user user0_ where user0_.user_id=?
Hibernate: select character1_.character_id as characte1_6_, character1_.character_character_name as characte2_6_ from user user0_ inner join characters character1_ on user0_.character_id=character1_.character_id where user0_.user_id=?
Hibernate: select permission0_.character_id as characte6_12_0_, permission0_.permission_id as permissi1_12_0_, permission0_.permission_id as permissi1_12_1_, permission0_.character_id as characte6_12_1_, permission0_.permission_name as permissi2_12_1_, permission0_.permission_permission_unit_id as permissi3_12_1_, permission0_.permission_service as permissi4_12_1_, permission0_.permission_status as permissi5_12_1_ from permission permission0_ where permission0_.character_id=?
Hibernate: select category0_.category_id as col_0_0_ from category category0_ where category0_.category_name=? limit ?
Hibernate: select category0_.category_id as category1_5_1_, category0_.category_name as category2_5_1_, boardlist1_.category_id as category7_4_3_, boardlist1_.board_id as board_id1_4_3_, boardlist1_.board_id as board_id1_4_0_, boardlist1_.category_id as category7_4_0_, boardlist1_.board_content as board_co2_4_0_, boardlist1_.board_created_at as board_cr3_4_0_, boardlist1_.board_last_modified_at as board_la4_4_0_, boardlist1_.board_title as board_ti5_4_0_, boardlist1_.user_id as user_id8_4_0_, boardlist1_.board_views as board_vi6_4_0_ from category category0_ left outer join board boardlist1_ on category0_.category_id=boardlist1_.category_id where category0_.category_id=?
Hibernate: insert into category (category_id, category_name) values (default, ?)
Hibernate: select user0_.user_id as col_0_0_ from user user0_ where user0_.user_user_id=? limit ?
Hibernate: select user0_.user_id as col_0_0_ from user user0_ where user0_.user_user_id=? limit ?
Hibernate: select U.* from USER U where U.USER_USER_ID =?
Hibernate: select character0_.character_id as characte1_6_0_, character0_.character_character_name as characte2_6_0_ from characters character0_ where character0_.character_id=?
Hibernate: select user0_.user_id as col_0_0_ from user user0_ where user0_.user_user_id=? limit ?
Hibernate: select user0_.user_id as col_0_0_ from user user0_ where user0_.user_user_id=? limit ?
Hibernate: select U.* from USER U where U.USER_USER_ID =?
Hibernate: select character0_.character_id as characte1_6_0_, character0_.character_character_name as characte2_6_0_ from characters character0_ where character0_.character_id=?
Hibernate: select user0_.user_id as user_id1_21_0_, user0_.character_id as characte7_21_0_, user0_.user_created_at as user_cre2_21_0_, user0_.user_name as user_nam3_21_0_, user0_.user_phone_number as user_pho4_21_0_, user0_.user_user_id as user_use5_21_0_, user0_.user_user_password as user_use6_21_0_ from user user0_ where user0_.user_id=?
Hibernate: select character0_.character_id as characte1_6_0_, character0_.character_character_name as characte2_6_0_ from characters character0_ where character0_.character_id=?
Hibernate: select count(*) as col_0_0_ from board board0_
Hibernate: select count(*) as col_0_0_ from board board0_
Hibernate: select user0_.user_id as col_0_0_ from user user0_ where user0_.user_user_id=? limit ?
Hibernate: select user0_.user_id as col_0_0_ from user user0_ where user0_.user_user_id=? limit ?
Hibernate: select U.* from USER U where U.USER_USER_ID =?
Hibernate: select character0_.character_id as characte1_6_0_, character0_.character_character_name as characte2_6_0_ from characters character0_ where character0_.character_id=?
Hibernate: select user0_.user_id as user_id1_21_0_, user0_.character_id as characte7_21_0_, user0_.user_created_at as user_cre2_21_0_, user0_.user_name as user_nam3_21_0_, user0_.user_phone_number as user_pho4_21_0_, user0_.user_user_id as user_use5_21_0_, user0_.user_user_password as user_use6_21_0_ from user user0_ where user0_.user_id=?
Hibernate: select character0_.character_id as characte1_6_0_, character0_.character_character_name as characte2_6_0_ from characters character0_ where character0_.character_id=?
Hibernate: select category0_.category_id as category1_5_, category0_.category_name as category2_5_ from category category0_
Hibernate: select boardlist0_.category_id as category7_4_0_, boardlist0_.board_id as board_id1_4_0_, boardlist0_.board_id as board_id1_4_1_, boardlist0_.category_id as category7_4_1_, boardlist0_.board_content as board_co2_4_1_, boardlist0_.board_created_at as board_cr3_4_1_, boardlist0_.board_last_modified_at as board_la4_4_1_, boardlist0_.board_title as board_ti5_4_1_, boardlist0_.user_id as user_id8_4_1_, boardlist0_.board_views as board_vi6_4_1_ from board boardlist0_ where boardlist0_.category_id=?
Hibernate: select boardlist0_.category_id as category7_4_0_, boardlist0_.board_id as board_id1_4_0_, boardlist0_.board_id as board_id1_4_1_, boardlist0_.category_id as category7_4_1_, boardlist0_.board_content as board_co2_4_1_, boardlist0_.board_created_at as board_cr3_4_1_, boardlist0_.board_last_modified_at as board_la4_4_1_, boardlist0_.board_title as board_ti5_4_1_, boardlist0_.user_id as user_id8_4_1_, boardlist0_.board_views as board_vi6_4_1_ from board boardlist0_ where boardlist0_.category_id=?
Hibernate: select user0_.user_id as user_id1_21_0_, user0_.character_id as characte7_21_0_, user0_.user_created_at as user_cre2_21_0_, user0_.user_name as user_nam3_21_0_, user0_.user_phone_number as user_pho4_21_0_, user0_.user_user_id as user_use5_21_0_, user0_.user_user_password as user_use6_21_0_ from user user0_ where user0_.user_id=?
Hibernate: select character0_.character_id as characte1_6_0_, character0_.character_character_name as characte2_6_0_ from characters character0_ where character0_.character_id=?
Hibernate: select count(*) as col_0_0_ from user user0_ where user0_.user_id=?
Hibernate: select character1_.character_id as characte1_6_, character1_.character_character_name as characte2_6_ from user user0_ inner join characters character1_ on user0_.character_id=character1_.character_id where user0_.user_id=?
Hibernate: select permission0_.character_id as characte6_12_0_, permission0_.permission_id as permissi1_12_0_, permission0_.permission_id as permissi1_12_1_, permission0_.character_id as characte6_12_1_, permission0_.permission_name as permissi2_12_1_, permission0_.permission_permission_unit_id as permissi3_12_1_, permission0_.permission_service as permissi4_12_1_, permission0_.permission_status as permissi5_12_1_ from permission permission0_ where permission0_.character_id=?
Hibernate: select count(*) as col_0_0_ from category category0_ where category0_.category_id=?
Hibernate: select count(board0_.board_id) as col_0_0_ from board board0_ where board0_.category_id=?
Hibernate: select category0_.category_id as category1_5_0_, category0_.category_name as category2_5_0_ from category category0_ where category0_.category_id=?
Hibernate: select boardlist0_.category_id as category7_4_0_, boardlist0_.board_id as board_id1_4_0_, boardlist0_.board_id as board_id1_4_1_, boardlist0_.category_id as category7_4_1_, boardlist0_.board_content as board_co2_4_1_, boardlist0_.board_created_at as board_cr3_4_1_, boardlist0_.board_last_modified_at as board_la4_4_1_, boardlist0_.board_title as board_ti5_4_1_, boardlist0_.user_id as user_id8_4_1_, boardlist0_.board_views as board_vi6_4_1_ from board boardlist0_ where boardlist0_.category_id=?
Hibernate: delete from category where category_id=?
Hibernate: select user0_.user_id as user_id1_21_0_, user0_.character_id as characte7_21_0_, user0_.user_created_at as user_cre2_21_0_, user0_.user_name as user_nam3_21_0_, user0_.user_phone_number as user_pho4_21_0_, user0_.user_user_id as user_use5_21_0_, user0_.user_user_password as user_use6_21_0_ from user user0_ where user0_.user_id=?
Hibernate: select character0_.character_id as characte1_6_0_, character0_.character_character_name as characte2_6_0_ from characters character0_ where character0_.character_id=?
Hibernate: select count(*) as col_0_0_ from user user0_ where user0_.user_id=?
Hibernate: select character1_.character_id as characte1_6_, character1_.character_character_name as characte2_6_ from user user0_ inner join characters character1_ on user0_.character_id=character1_.character_id where user0_.user_id=?
Hibernate: select permission0_.character_id as characte6_12_0_, permission0_.permission_id as permissi1_12_0_, permission0_.permission_id as permissi1_12_1_, permission0_.character_id as characte6_12_1_, permission0_.permission_name as permissi2_12_1_, permission0_.permission_permission_unit_id as permissi3_12_1_, permission0_.permission_service as permissi4_12_1_, permission0_.permission_status as permissi5_12_1_ from permission permission0_ where permission0_.character_id=?
Hibernate: select count(*) as col_0_0_ from category category0_ where category0_.category_id=?
Hibernate: select count(board0_.board_id) as col_0_0_ from board board0_ where board0_.category_id=?
Hibernate: select category0_.category_id as category1_5_0_, category0_.category_name as category2_5_0_ from category category0_ where category0_.category_id=?
Hibernate: select boardlist0_.category_id as category7_4_0_, boardlist0_.board_id as board_id1_4_0_, boardlist0_.board_id as board_id1_4_1_, boardlist0_.category_id as category7_4_1_, boardlist0_.board_content as board_co2_4_1_, boardlist0_.board_created_at as board_cr3_4_1_, boardlist0_.board_last_modified_at as board_la4_4_1_, boardlist0_.board_title as board_ti5_4_1_, boardlist0_.user_id as user_id8_4_1_, boardlist0_.board_views as board_vi6_4_1_ from board boardlist0_ where boardlist0_.category_id=?
Hibernate: delete from category where category_id=?
Hibernate: select user0_.user_id as user_id1_21_0_, user0_.character_id as characte7_21_0_, user0_.user_created_at as user_cre2_21_0_, user0_.user_name as user_nam3_21_0_, user0_.user_phone_number as user_pho4_21_0_, user0_.user_user_id as user_use5_21_0_, user0_.user_user_password as user_use6_21_0_ from user user0_ where user0_.user_id=?
Hibernate: select character0_.character_id as characte1_6_0_, character0_.character_character_name as characte2_6_0_ from characters character0_ where character0_.character_id=?
Hibernate: select count(*) as col_0_0_ from user user0_ where user0_.user_id=?
Hibernate: select character1_.character_id as characte1_6_, character1_.character_character_name as characte2_6_ from user user0_ inner join characters character1_ on user0_.character_id=character1_.character_id where user0_.user_id=?
Hibernate: select permission0_.character_id as characte6_12_0_, permission0_.permission_id as permissi1_12_0_, permission0_.permission_id as permissi1_12_1_, permission0_.character_id as characte6_12_1_, permission0_.permission_name as permissi2_12_1_, permission0_.permission_permission_unit_id as permissi3_12_1_, permission0_.permission_service as permissi4_12_1_, permission0_.permission_status as permissi5_12_1_ from permission permission0_ where permission0_.character_id=?
Hibernate: select category0_.category_id as col_0_0_ from category category0_ where category0_.category_name=? limit ?
Hibernate: select category0_.category_id as category1_5_1_, category0_.category_name as category2_5_1_, boardlist1_.category_id as category7_4_3_, boardlist1_.board_id as board_id1_4_3_, boardlist1_.board_id as board_id1_4_0_, boardlist1_.category_id as category7_4_0_, boardlist1_.board_content as board_co2_4_0_, boardlist1_.board_created_at as board_cr3_4_0_, boardlist1_.board_last_modified_at as board_la4_4_0_, boardlist1_.board_title as board_ti5_4_0_, boardlist1_.user_id as user_id8_4_0_, boardlist1_.board_views as board_vi6_4_0_ from category category0_ left outer join board boardlist1_ on category0_.category_id=boardlist1_.category_id where category0_.category_id=?
Hibernate: insert into category (category_id, category_name) values (default, ?)
Hibernate: select user0_.user_id as user_id1_21_0_, user0_.character_id as characte7_21_0_, user0_.user_created_at as user_cre2_21_0_, user0_.user_name as user_nam3_21_0_, user0_.user_phone_number as user_pho4_21_0_, user0_.user_user_id as user_use5_21_0_, user0_.user_user_password as user_use6_21_0_ from user user0_ where user0_.user_id=?
Hibernate: select character0_.character_id as characte1_6_0_, character0_.character_character_name as characte2_6_0_ from characters character0_ where character0_.character_id=?
Hibernate: select count(*) as col_0_0_ from user user0_ where user0_.user_id=?
Hibernate: select character1_.character_id as characte1_6_, character1_.character_character_name as characte2_6_ from user user0_ inner join characters character1_ on user0_.character_id=character1_.character_id where user0_.user_id=?
Hibernate: select permission0_.character_id as characte6_12_0_, permission0_.permission_id as permissi1_12_0_, permission0_.permission_id as permissi1_12_1_, permission0_.character_id as characte6_12_1_, permission0_.permission_name as permissi2_12_1_, permission0_.permission_permission_unit_id as permissi3_12_1_, permission0_.permission_service as permissi4_12_1_, permission0_.permission_status as permissi5_12_1_ from permission permission0_ where permission0_.character_id=?
Hibernate: select category0_.category_id as col_0_0_ from category category0_ where category0_.category_name=? limit ?
Hibernate: select category0_.category_id as category1_5_1_, category0_.category_name as category2_5_1_, boardlist1_.category_id as category7_4_3_, boardlist1_.board_id as board_id1_4_3_, boardlist1_.board_id as board_id1_4_0_, boardlist1_.category_id as category7_4_0_, boardlist1_.board_content as board_co2_4_0_, boardlist1_.board_created_at as board_cr3_4_0_, boardlist1_.board_last_modified_at as board_la4_4_0_, boardlist1_.board_title as board_ti5_4_0_, boardlist1_.user_id as user_id8_4_0_, boardlist1_.board_views as board_vi6_4_0_ from category category0_ left outer join board boardlist1_ on category0_.category_id=boardlist1_.category_id where category0_.category_id=?
Hibernate: insert into category (category_id, category_name) values (default, ?)
Hibernate: select user0_.user_id as col_0_0_ from user user0_ where user0_.user_user_id=? limit ?
Hibernate: select user0_.user_id as col_0_0_ from user user0_ where user0_.user_user_id=? limit ?
Hibernate: select U.* from USER U where U.USER_USER_ID =?
Hibernate: select character0_.character_id as characte1_6_0_, character0_.character_character_name as characte2_6_0_ from characters character0_ where character0_.character_id=?
Hibernate: select user0_.user_id as col_0_0_ from user user0_ where user0_.user_user_id=? limit ?
Hibernate: select user0_.user_id as col_0_0_ from user user0_ where user0_.user_user_id=? limit ?
Hibernate: select U.* from USER U where U.USER_USER_ID =?
Hibernate: select character0_.character_id as characte1_6_0_, character0_.character_character_name as characte2_6_0_ from characters character0_ where character0_.character_id=?
Hibernate: select user0_.user_id as user_id1_21_0_, user0_.character_id as characte7_21_0_, user0_.user_created_at as user_cre2_21_0_, user0_.user_name as user_nam3_21_0_, user0_.user_phone_number as user_pho4_21_0_, user0_.user_user_id as user_use5_21_0_, user0_.user_user_password as user_use6_21_0_ from user user0_ where user0_.user_id=?
Hibernate: select character0_.character_id as characte1_6_0_, character0_.character_character_name as characte2_6_0_ from characters character0_ where character0_.character_id=?
Hibernate: select count(*) as col_0_0_ from user user0_ where user0_.user_id=?
Hibernate: select character1_.character_id as characte1_6_, character1_.character_character_name as characte2_6_ from user user0_ inner join characters character1_ on user0_.character_id=character1_.character_id where user0_.user_id=?
Hibernate: select permission0_.character_id as characte6_12_0_, permission0_.permission_id as permissi1_12_0_, permission0_.permission_id as permissi1_12_1_, permission0_.character_id as characte6_12_1_, permission0_.permission_name as permissi2_12_1_, permission0_.permission_permission_unit_id as permissi3_12_1_, permission0_.permission_service as permissi4_12_1_, permission0_.permission_status as permissi5_12_1_ from permission permission0_ where permission0_.character_id=?
Hibernate: select category0_.category_id as col_0_0_ from category category0_ where category0_.category_name=? limit ?
Hibernate: select category0_.category_id as category1_5_1_, category0_.category_name as category2_5_1_, boardlist1_.category_id as category7_4_3_, boardlist1_.board_id as board_id1_4_3_, boardlist1_.board_id as board_id1_4_0_, boardlist1_.category_id as category7_4_0_, boardlist1_.board_content as board_co2_4_0_, boardlist1_.board_created_at as board_cr3_4_0_, boardlist1_.board_last_modified_at as board_la4_4_0_, boardlist1_.board_title as board_ti5_4_0_, boardlist1_.user_id as user_id8_4_0_, boardlist1_.board_views as board_vi6_4_0_ from category category0_ left outer join board boardlist1_ on category0_.category_id=boardlist1_.category_id where category0_.category_id=?
Hibernate: insert into category (category_id, category_name) values (default, ?)
Hibernate: select user0_.user_id as col_0_0_ from user user0_ where user0_.user_user_id=? limit ?
Hibernate: select user0_.user_id as col_0_0_ from user user0_ where user0_.user_user_id=? limit ?
Hibernate: select U.* from USER U where U.USER_USER_ID =?
Hibernate: select character0_.character_id as characte1_6_0_, character0_.character_character_name as characte2_6_0_ from characters character0_ where character0_.character_id=?
Hibernate: select user0_.user_id as user_id1_21_0_, user0_.character_id as characte7_21_0_, user0_.user_created_at as user_cre2_21_0_, user0_.user_name as user_nam3_21_0_, user0_.user_phone_number as user_pho4_21_0_, user0_.user_user_id as user_use5_21_0_, user0_.user_user_password as user_use6_21_0_ from user user0_ where user0_.user_id=?
Hibernate: select character0_.character_id as characte1_6_0_, character0_.character_character_name as characte2_6_0_ from characters character0_ where character0_.character_id=?
Hibernate: select count(*) as col_0_0_ from board board0_
Hibernate: select count(*) as col_0_0_ from board board0_
Hibernate: select user0_.user_id as col_0_0_ from user user0_ where user0_.user_user_id=? limit ?
Hibernate: select user0_.user_id as col_0_0_ from user user0_ where user0_.user_user_id=? limit ?
Hibernate: select U.* from USER U where U.USER_USER_ID =?
Hibernate: select character0_.character_id as characte1_6_0_, character0_.character_character_name as characte2_6_0_ from characters character0_ where character0_.character_id=?
Hibernate: select user0_.user_id as user_id1_21_0_, user0_.character_id as characte7_21_0_, user0_.user_created_at as user_cre2_21_0_, user0_.user_name as user_nam3_21_0_, user0_.user_phone_number as user_pho4_21_0_, user0_.user_user_id as user_use5_21_0_, user0_.user_user_password as user_use6_21_0_ from user user0_ where user0_.user_id=?
Hibernate: select character0_.character_id as characte1_6_0_, character0_.character_character_name as characte2_6_0_ from characters character0_ where character0_.character_id=?
Hibernate: select category0_.category_id as category1_5_, category0_.category_name as category2_5_ from category category0_
Hibernate: select boardlist0_.category_id as category7_4_0_, boardlist0_.board_id as board_id1_4_0_, boardlist0_.board_id as board_id1_4_1_, boardlist0_.category_id as category7_4_1_, boardlist0_.board_content as board_co2_4_1_, boardlist0_.board_created_at as board_cr3_4_1_, boardlist0_.board_last_modified_at as board_la4_4_1_, boardlist0_.board_title as board_ti5_4_1_, boardlist0_.user_id as user_id8_4_1_, boardlist0_.board_views as board_vi6_4_1_ from board boardlist0_ where boardlist0_.category_id=?
Hibernate: select boardlist0_.category_id as category7_4_0_, boardlist0_.board_id as board_id1_4_0_, boardlist0_.board_id as board_id1_4_1_, boardlist0_.category_id as category7_4_1_, boardlist0_.board_content as board_co2_4_1_, boardlist0_.board_created_at as board_cr3_4_1_, boardlist0_.board_last_modified_at as board_la4_4_1_, boardlist0_.board_title as board_ti5_4_1_, boardlist0_.user_id as user_id8_4_1_, boardlist0_.board_views as board_vi6_4_1_ from board boardlist0_ where boardlist0_.category_id=?
Hibernate: select boardlist0_.category_id as category7_4_0_, boardlist0_.board_id as board_id1_4_0_, boardlist0_.board_id as board_id1_4_1_, boardlist0_.category_id as category7_4_1_, boardlist0_.board_content as board_co2_4_1_, boardlist0_.board_created_at as board_cr3_4_1_, boardlist0_.board_last_modified_at as board_la4_4_1_, boardlist0_.board_title as board_ti5_4_1_, boardlist0_.user_id as user_id8_4_1_, boardlist0_.board_views as board_vi6_4_1_ from board boardlist0_ where boardlist0_.category_id=?
Hibernate: select user0_.user_id as user_id1_21_0_, user0_.character_id as characte7_21_0_, user0_.user_created_at as user_cre2_21_0_, user0_.user_name as user_nam3_21_0_, user0_.user_phone_number as user_pho4_21_0_, user0_.user_user_id as user_use5_21_0_, user0_.user_user_password as user_use6_21_0_ from user user0_ where user0_.user_id=?
Hibernate: select character0_.character_id as characte1_6_0_, character0_.character_character_name as characte2_6_0_ from characters character0_ where character0_.character_id=?
Hibernate: select count(*) as col_0_0_ from user user0_ where user0_.user_id=?
Hibernate: select character1_.character_id as characte1_6_, character1_.character_character_name as characte2_6_ from user user0_ inner join characters character1_ on user0_.character_id=character1_.character_id where user0_.user_id=?
Hibernate: select permission0_.character_id as characte6_12_0_, permission0_.permission_id as permissi1_12_0_, permission0_.permission_id as permissi1_12_1_, permission0_.character_id as characte6_12_1_, permission0_.permission_name as permissi2_12_1_, permission0_.permission_permission_unit_id as permissi3_12_1_, permission0_.permission_service as permissi4_12_1_, permission0_.permission_status as permissi5_12_1_ from permission permission0_ where permission0_.character_id=?
Hibernate: select count(*) as col_0_0_ from category category0_ where category0_.category_id=?
Hibernate: select count(board0_.board_id) as col_0_0_ from board board0_ where board0_.category_id=?
Hibernate: select category0_.category_id as category1_5_0_, category0_.category_name as category2_5_0_ from category category0_ where category0_.category_id=?
Hibernate: select boardlist0_.category_id as category7_4_0_, boardlist0_.board_id as board_id1_4_0_, boardlist0_.board_id as board_id1_4_1_, boardlist0_.category_id as category7_4_1_, boardlist0_.board_content as board_co2_4_1_, boardlist0_.board_created_at as board_cr3_4_1_, boardlist0_.board_last_modified_at as board_la4_4_1_, boardlist0_.board_title as board_ti5_4_1_, boardlist0_.user_id as user_id8_4_1_, boardlist0_.board_views as board_vi6_4_1_ from board boardlist0_ where boardlist0_.category_id=?
Hibernate: delete from category where category_id=?
Hibernate: select user0_.user_id as user_id1_21_0_, user0_.character_id as characte7_21_0_, user0_.user_created_at as user_cre2_21_0_, user0_.user_name as user_nam3_21_0_, user0_.user_phone_number as user_pho4_21_0_, user0_.user_user_id as user_use5_21_0_, user0_.user_user_password as user_use6_21_0_ from user user0_ where user0_.user_id=?
Hibernate: select character0_.character_id as characte1_6_0_, character0_.character_character_name as characte2_6_0_ from characters character0_ where character0_.character_id=?
Hibernate: select count(*) as col_0_0_ from user user0_ where user0_.user_id=?
Hibernate: select character1_.character_id as characte1_6_, character1_.character_character_name as characte2_6_ from user user0_ inner join characters character1_ on user0_.character_id=character1_.character_id where user0_.user_id=?
Hibernate: select permission0_.character_id as characte6_12_0_, permission0_.permission_id as permissi1_12_0_, permission0_.permission_id as permissi1_12_1_, permission0_.character_id as characte6_12_1_, permission0_.permission_name as permissi2_12_1_, permission0_.permission_permission_unit_id as permissi3_12_1_, permission0_.permission_service as permissi4_12_1_, permission0_.permission_status as permissi5_12_1_ from permission permission0_ where permission0_.character_id=?
Hibernate: select count(*) as col_0_0_ from category category0_ where category0_.category_id=?
Hibernate: select count(board0_.board_id) as col_0_0_ from board board0_ where board0_.category_id=?
Hibernate: select category0_.category_id as category1_5_0_, category0_.category_name as category2_5_0_ from category category0_ where category0_.category_id=?
Hibernate: select boardlist0_.category_id as category7_4_0_, boardlist0_.board_id as board_id1_4_0_, boardlist0_.board_id as board_id1_4_1_, boardlist0_.category_id as category7_4_1_, boardlist0_.board_content as board_co2_4_1_, boardlist0_.board_created_at as board_cr3_4_1_, boardlist0_.board_last_modified_at as board_la4_4_1_, boardlist0_.board_title as board_ti5_4_1_, boardlist0_.user_id as user_id8_4_1_, boardlist0_.board_views as board_vi6_4_1_ from board boardlist0_ where boardlist0_.category_id=?
Hibernate: delete from category where category_id=?
Hibernate: select user0_.user_id as user_id1_21_0_, user0_.character_id as characte7_21_0_, user0_.user_created_at as user_cre2_21_0_, user0_.user_name as user_nam3_21_0_, user0_.user_phone_number as user_pho4_21_0_, user0_.user_user_id as user_use5_21_0_, user0_.user_user_password as user_use6_21_0_ from user user0_ where user0_.user_id=?
Hibernate: select character0_.character_id as characte1_6_0_, character0_.character_character_name as characte2_6_0_ from characters character0_ where character0_.character_id=?
Hibernate: select count(*) as col_0_0_ from user user0_ where user0_.user_id=?
Hibernate: select character1_.character_id as characte1_6_, character1_.character_character_name as characte2_6_ from user user0_ inner join characters character1_ on user0_.character_id=character1_.character_id where user0_.user_id=?
Hibernate: select permission0_.character_id as characte6_12_0_, permission0_.permission_id as permissi1_12_0_, permission0_.permission_id as permissi1_12_1_, permission0_.character_id as characte6_12_1_, permission0_.permission_name as permissi2_12_1_, permission0_.permission_permission_unit_id as permissi3_12_1_, permission0_.permission_service as permissi4_12_1_, permission0_.permission_status as permissi5_12_1_ from permission permission0_ where permission0_.character_id=?
Hibernate: select count(*) as col_0_0_ from category category0_ where category0_.category_id=?
Hibernate: select count(board0_.board_id) as col_0_0_ from board board0_ where board0_.category_id=?
Hibernate: select category0_.category_id as category1_5_0_, category0_.category_name as category2_5_0_ from category category0_ where category0_.category_id=?
Hibernate: select boardlist0_.category_id as category7_4_0_, boardlist0_.board_id as board_id1_4_0_, boardlist0_.board_id as board_id1_4_1_, boardlist0_.category_id as category7_4_1_, boardlist0_.board_content as board_co2_4_1_, boardlist0_.board_created_at as board_cr3_4_1_, boardlist0_.board_last_modified_at as board_la4_4_1_, boardlist0_.board_title as board_ti5_4_1_, boardlist0_.user_id as user_id8_4_1_, boardlist0_.board_views as board_vi6_4_1_ from board boardlist0_ where boardlist0_.category_id=?
Hibernate: delete from category where category_id=?
Hibernate: select user0_.user_id as user_id1_21_0_, user0_.character_id as characte7_21_0_, user0_.user_created_at as user_cre2_21_0_, user0_.user_name as user_nam3_21_0_, user0_.user_phone_number as user_pho4_21_0_, user0_.user_user_id as user_use5_21_0_, user0_.user_user_password as user_use6_21_0_ from user user0_ where user0_.user_id=?
Hibernate: select character0_.character_id as characte1_6_0_, character0_.character_character_name as characte2_6_0_ from characters character0_ where character0_.character_id=?
Hibernate: select count(*) as col_0_0_ from user user0_ where user0_.user_id=?
Hibernate: select character1_.character_id as characte1_6_, character1_.character_character_name as characte2_6_ from user user0_ inner join characters character1_ on user0_.character_id=character1_.character_id where user0_.user_id=?
Hibernate: select permission0_.character_id as characte6_12_0_, permission0_.permission_id as permissi1_12_0_, permission0_.permission_id as permissi1_12_1_, permission0_.character_id as characte6_12_1_, permission0_.permission_name as permissi2_12_1_, permission0_.permission_permission_unit_id as permissi3_12_1_, permission0_.permission_service as permissi4_12_1_, permission0_.permission_status as permissi5_12_1_ from permission permission0_ where permission0_.character_id=?
Hibernate: select category0_.category_id as col_0_0_ from category category0_ where category0_.category_name=? limit ?
Hibernate: select category0_.category_id as category1_5_1_, category0_.category_name as category2_5_1_, boardlist1_.category_id as category7_4_3_, boardlist1_.board_id as board_id1_4_3_, boardlist1_.board_id as board_id1_4_0_, boardlist1_.category_id as category7_4_0_, boardlist1_.board_content as board_co2_4_0_, boardlist1_.board_created_at as board_cr3_4_0_, boardlist1_.board_last_modified_at as board_la4_4_0_, boardlist1_.board_title as board_ti5_4_0_, boardlist1_.user_id as user_id8_4_0_, boardlist1_.board_views as board_vi6_4_0_ from category category0_ left outer join board boardlist1_ on category0_.category_id=boardlist1_.category_id where category0_.category_id=?
Hibernate: insert into category (category_id, category_name) values (default, ?)
Hibernate: select user0_.user_id as user_id1_21_0_, user0_.character_id as characte7_21_0_, user0_.user_created_at as user_cre2_21_0_, user0_.user_name as user_nam3_21_0_, user0_.user_phone_number as user_pho4_21_0_, user0_.user_user_id as user_use5_21_0_, user0_.user_user_password as user_use6_21_0_ from user user0_ where user0_.user_id=?
Hibernate: select character0_.character_id as characte1_6_0_, character0_.character_character_name as characte2_6_0_ from characters character0_ where character0_.character_id=?
Hibernate: select count(*) as col_0_0_ from user user0_ where user0_.user_id=?
Hibernate: select character1_.character_id as characte1_6_, character1_.character_character_name as characte2_6_ from user user0_ inner join characters character1_ on user0_.character_id=character1_.character_id where user0_.user_id=?
Hibernate: select permission0_.character_id as characte6_12_0_, permission0_.permission_id as permissi1_12_0_, permission0_.permission_id as permissi1_12_1_, permission0_.character_id as characte6_12_1_, permission0_.permission_name as permissi2_12_1_, permission0_.permission_permission_unit_id as permissi3_12_1_, permission0_.permission_service as permissi4_12_1_, permission0_.permission_status as permissi5_12_1_ from permission permission0_ where permission0_.character_id=?
Hibernate: select category0_.category_id as col_0_0_ from category category0_ where category0_.category_name=? limit ?
Hibernate: select category0_.category_id as category1_5_1_, category0_.category_name as category2_5_1_, boardlist1_.category_id as category7_4_3_, boardlist1_.board_id as board_id1_4_3_, boardlist1_.board_id as board_id1_4_0_, boardlist1_.category_id as category7_4_0_, boardlist1_.board_content as board_co2_4_0_, boardlist1_.board_created_at as board_cr3_4_0_, boardlist1_.board_last_modified_at as board_la4_4_0_, boardlist1_.board_title as board_ti5_4_0_, boardlist1_.user_id as user_id8_4_0_, boardlist1_.board_views as board_vi6_4_0_ from category category0_ left outer join board boardlist1_ on category0_.category_id=boardlist1_.category_id where category0_.category_id=?
Hibernate: insert into category (category_id, category_name) values (default, ?)
Hibernate: select user0_.user_id as col_0_0_ from user user0_ where user0_.user_user_id=? limit ?
Hibernate: select user0_.user_id as col_0_0_ from user user0_ where user0_.user_user_id=? limit ?
Hibernate: select U.* from USER U where U.USER_USER_ID =?
Hibernate: select character0_.character_id as characte1_6_0_, character0_.character_character_name as characte2_6_0_ from characters character0_ where character0_.character_id=?
Hibernate: select user0_.user_id as col_0_0_ from user user0_ where user0_.user_user_id=? limit ?
Hibernate: select user0_.user_id as col_0_0_ from user user0_ where user0_.user_user_id=? limit ?
Hibernate: select U.* from USER U where U.USER_USER_ID =?
Hibernate: select character0_.character_id as characte1_6_0_, character0_.character_character_name as characte2_6_0_ from characters character0_ where character0_.character_id=?
Hibernate: select user0_.user_id as user_id1_21_0_, user0_.character_id as characte7_21_0_, user0_.user_created_at as user_cre2_21_0_, user0_.user_name as user_nam3_21_0_, user0_.user_phone_number as user_pho4_21_0_, user0_.user_user_id as user_use5_21_0_, user0_.user_user_password as user_use6_21_0_ from user user0_ where user0_.user_id=?
Hibernate: select character0_.character_id as characte1_6_0_, character0_.character_character_name as characte2_6_0_ from characters character0_ where character0_.character_id=?
Hibernate: select count(*) as col_0_0_ from board board0_
Hibernate: select count(*) as col_0_0_ from board board0_
Hibernate: select user0_.user_id as col_0_0_ from user user0_ where user0_.user_user_id=? limit ?
Hibernate: select user0_.user_id as col_0_0_ from user user0_ where user0_.user_user_id=? limit ?
Hibernate: select U.* from USER U where U.USER_USER_ID =?
Hibernate: select character0_.character_id as characte1_6_0_, character0_.character_character_name as characte2_6_0_ from characters character0_ where character0_.character_id=?
Hibernate: select user0_.user_id as user_id1_21_0_, user0_.character_id as characte7_21_0_, user0_.user_created_at as user_cre2_21_0_, user0_.user_name as user_nam3_21_0_, user0_.user_phone_number as user_pho4_21_0_, user0_.user_user_id as user_use5_21_0_, user0_.user_user_password as user_use6_21_0_ from user user0_ where user0_.user_id=?
Hibernate: select character0_.character_id as characte1_6_0_, character0_.character_character_name as characte2_6_0_ from characters character0_ where character0_.character_id=?
Hibernate: select category0_.category_id as category1_5_, category0_.category_name as category2_5_ from category category0_
Hibernate: select boardlist0_.category_id as category7_4_0_, boardlist0_.board_id as board_id1_4_0_, boardlist0_.board_id as board_id1_4_1_, boardlist0_.category_id as category7_4_1_, boardlist0_.board_content as board_co2_4_1_, boardlist0_.board_created_at as board_cr3_4_1_, boardlist0_.board_last_modified_at as board_la4_4_1_, boardlist0_.board_title as board_ti5_4_1_, boardlist0_.user_id as user_id8_4_1_, boardlist0_.board_views as board_vi6_4_1_ from board boardlist0_ where boardlist0_.category_id=?
Hibernate: select boardlist0_.category_id as category7_4_0_, boardlist0_.board_id as board_id1_4_0_, boardlist0_.board_id as board_id1_4_1_, boardlist0_.category_id as category7_4_1_, boardlist0_.board_content as board_co2_4_1_, boardlist0_.board_created_at as board_cr3_4_1_, boardlist0_.board_last_modified_at as board_la4_4_1_, boardlist0_.board_title as board_ti5_4_1_, boardlist0_.user_id as user_id8_4_1_, boardlist0_.board_views as board_vi6_4_1_ from board boardlist0_ where boardlist0_.category_id=?
Hibernate: select user0_.user_id as user_id1_21_0_, user0_.character_id as characte7_21_0_, user0_.user_created_at as user_cre2_21_0_, user0_.user_name as user_nam3_21_0_, user0_.user_phone_number as user_pho4_21_0_, user0_.user_user_id as user_use5_21_0_, user0_.user_user_password as user_use6_21_0_ from user user0_ where user0_.user_id=?
Hibernate: select character0_.character_id as characte1_6_0_, character0_.character_character_name as characte2_6_0_ from characters character0_ where character0_.character_id=?
Hibernate: select count(*) as col_0_0_ from user user0_ where user0_.user_id=?
Hibernate: select character1_.character_id as characte1_6_, character1_.character_character_name as characte2_6_ from user user0_ inner join characters character1_ on user0_.character_id=character1_.character_id where user0_.user_id=?
Hibernate: select permission0_.character_id as characte6_12_0_, permission0_.permission_id as permissi1_12_0_, permission0_.permission_id as permissi1_12_1_, permission0_.character_id as characte6_12_1_, permission0_.permission_name as permissi2_12_1_, permission0_.permission_permission_unit_id as permissi3_12_1_, permission0_.permission_service as permissi4_12_1_, permission0_.permission_status as permissi5_12_1_ from permission permission0_ where permission0_.character_id=?
Hibernate: select count(*) as col_0_0_ from category category0_ where category0_.category_id=?
Hibernate: select count(board0_.board_id) as col_0_0_ from board board0_ where board0_.category_id=?
Hibernate: select category0_.category_id as category1_5_0_, category0_.category_name as category2_5_0_ from category category0_ where category0_.category_id=?
Hibernate: select boardlist0_.category_id as category7_4_0_, boardlist0_.board_id as board_id1_4_0_, boardlist0_.board_id as board_id1_4_1_, boardlist0_.category_id as category7_4_1_, boardlist0_.board_content as board_co2_4_1_, boardlist0_.board_created_at as board_cr3_4_1_, boardlist0_.board_last_modified_at as board_la4_4_1_, boardlist0_.board_title as board_ti5_4_1_, boardlist0_.user_id as user_id8_4_1_, boardlist0_.board_views as board_vi6_4_1_ from board boardlist0_ where boardlist0_.category_id=?
Hibernate: delete from category where category_id=?
Hibernate: select user0_.user_id as user_id1_21_0_, user0_.character_id as characte7_21_0_, user0_.user_created_at as user_cre2_21_0_, user0_.user_name as user_nam3_21_0_, user0_.user_phone_number as user_pho4_21_0_, user0_.user_user_id as user_use5_21_0_, user0_.user_user_password as user_use6_21_0_ from user user0_ where user0_.user_id=?
Hibernate: select character0_.character_id as characte1_6_0_, character0_.character_character_name as characte2_6_0_ from characters character0_ where character0_.character_id=?
Hibernate: select count(*) as col_0_0_ from user user0_ where user0_.user_id=?
Hibernate: select character1_.character_id as characte1_6_, character1_.character_character_name as characte2_6_ from user user0_ inner join characters character1_ on user0_.character_id=character1_.character_id where user0_.user_id=?
Hibernate: select permission0_.character_id as characte6_12_0_, permission0_.permission_id as permissi1_12_0_, permission0_.permission_id as permissi1_12_1_, permission0_.character_id as characte6_12_1_, permission0_.permission_name as permissi2_12_1_, permission0_.permission_permission_unit_id as permissi3_12_1_, permission0_.permission_service as permissi4_12_1_, permission0_.permission_status as permissi5_12_1_ from permission permission0_ where permission0_.character_id=?
Hibernate: select count(*) as col_0_0_ from category category0_ where category0_.category_id=?
Hibernate: select count(board0_.board_id) as col_0_0_ from board board0_ where board0_.category_id=?
Hibernate: select category0_.category_id as category1_5_0_, category0_.category_name as category2_5_0_ from category category0_ where category0_.category_id=?
Hibernate: select boardlist0_.category_id as category7_4_0_, boardlist0_.board_id as board_id1_4_0_, boardlist0_.board_id as board_id1_4_1_, boardlist0_.category_id as category7_4_1_, boardlist0_.board_content as board_co2_4_1_, boardlist0_.board_created_at as board_cr3_4_1_, boardlist0_.board_last_modified_at as board_la4_4_1_, boardlist0_.board_title as board_ti5_4_1_, boardlist0_.user_id as user_id8_4_1_, boardlist0_.board_views as board_vi6_4_1_ from board boardlist0_ where boardlist0_.category_id=?
Hibernate: delete from category where category_id=?
Hibernate: select user0_.user_id as user_id1_21_0_, user0_.character_id as characte7_21_0_, user0_.user_created_at as user_cre2_21_0_, user0_.user_name as user_nam3_21_0_, user0_.user_phone_number as user_pho4_21_0_, user0_.user_user_id as user_use5_21_0_, user0_.user_user_password as user_use6_21_0_ from user user0_ where user0_.user_id=?
Hibernate: select character0_.character_id as characte1_6_0_, character0_.character_character_name as characte2_6_0_ from characters character0_ where character0_.character_id=?
Hibernate: select count(*) as col_0_0_ from user user0_ where user0_.user_id=?
Hibernate: select character1_.character_id as characte1_6_, character1_.character_character_name as characte2_6_ from user user0_ inner join characters character1_ on user0_.character_id=character1_.character_id where user0_.user_id=?
Hibernate: select permission0_.character_id as characte6_12_0_, permission0_.permission_id as permissi1_12_0_, permission0_.permission_id as permissi1_12_1_, permission0_.character_id as characte6_12_1_, permission0_.permission_name as permissi2_12_1_, permission0_.permission_permission_unit_id as permissi3_12_1_, permission0_.permission_service as permissi4_12_1_, permission0_.permission_status as permissi5_12_1_ from permission permission0_ where permission0_.character_id=?
Hibernate: select category0_.category_id as col_0_0_ from category category0_ where category0_.category_name=? limit ?
Hibernate: select category0_.category_id as category1_5_1_, category0_.category_name as category2_5_1_, boardlist1_.category_id as category7_4_3_, boardlist1_.board_id as board_id1_4_3_, boardlist1_.board_id as board_id1_4_0_, boardlist1_.category_id as category7_4_0_, boardlist1_.board_content as board_co2_4_0_, boardlist1_.board_created_at as board_cr3_4_0_, boardlist1_.board_last_modified_at as board_la4_4_0_, boardlist1_.board_title as board_ti5_4_0_, boardlist1_.user_id as user_id8_4_0_, boardlist1_.board_views as board_vi6_4_0_ from category category0_ left outer join board boardlist1_ on category0_.category_id=boardlist1_.category_id where category0_.category_id=?
Hibernate: insert into category (category_id, category_name) values (default, ?)
Hibernate: select user0_.user_id as user_id1_21_0_, user0_.character_id as characte7_21_0_, user0_.user_created_at as user_cre2_21_0_, user0_.user_name as user_nam3_21_0_, user0_.user_phone_number as user_pho4_21_0_, user0_.user_user_id as user_use5_21_0_, user0_.user_user_password as user_use6_21_0_ from user user0_ where user0_.user_id=?
Hibernate: select character0_.character_id as characte1_6_0_, character0_.character_character_name as characte2_6_0_ from characters character0_ where character0_.character_id=?
Hibernate: select count(*) as col_0_0_ from user user0_ where user0_.user_id=?
Hibernate: select character1_.character_id as characte1_6_, character1_.character_character_name as characte2_6_ from user user0_ inner join characters character1_ on user0_.character_id=character1_.character_id where user0_.user_id=?
Hibernate: select permission0_.character_id as characte6_12_0_, permission0_.permission_id as permissi1_12_0_, permission0_.permission_id as permissi1_12_1_, permission0_.character_id as characte6_12_1_, permission0_.permission_name as permissi2_12_1_, permission0_.permission_permission_unit_id as permissi3_12_1_, permission0_.permission_service as permissi4_12_1_, permission0_.permission_status as permissi5_12_1_ from permission permission0_ where permission0_.character_id=?
Hibernate: select category0_.category_id as col_0_0_ from category category0_ where category0_.category_name=? limit ?
Hibernate: select category0_.category_id as category1_5_1_, category0_.category_name as category2_5_1_, boardlist1_.category_id as category7_4_3_, boardlist1_.board_id as board_id1_4_3_, boardlist1_.board_id as board_id1_4_0_, boardlist1_.category_id as category7_4_0_, boardlist1_.board_content as board_co2_4_0_, boardlist1_.board_created_at as board_cr3_4_0_, boardlist1_.board_last_modified_at as board_la4_4_0_, boardlist1_.board_title as board_ti5_4_0_, boardlist1_.user_id as user_id8_4_0_, boardlist1_.board_views as board_vi6_4_0_ from category category0_ left outer join board boardlist1_ on category0_.category_id=boardlist1_.category_id where category0_.category_id=?
Hibernate: insert into category (category_id, category_name) values (default, ?)
Hibernate: select user0_.user_id as col_0_0_ from user user0_ where user0_.user_user_id=? limit ?
Hibernate: select user0_.user_id as col_0_0_ from user user0_ where user0_.user_user_id=? limit ?
Hibernate: select U.* from USER U where U.USER_USER_ID =?
Hibernate: select character0_.character_id as characte1_6_0_, character0_.character_character_name as characte2_6_0_ from characters character0_ where character0_.character_id=?
Hibernate: select user0_.user_id as col_0_0_ from user user0_ where user0_.user_user_id=? limit ?
Hibernate: select user0_.user_id as col_0_0_ from user user0_ where user0_.user_user_id=? limit ?
Hibernate: select U.* from USER U where U.USER_USER_ID =?
Hibernate: select character0_.character_id as characte1_6_0_, character0_.character_character_name as characte2_6_0_ from characters character0_ where character0_.character_id=?
Hibernate: select user0_.user_id as user_id1_21_0_, user0_.character_id as characte7_21_0_, user0_.user_created_at as user_cre2_21_0_, user0_.user_name as user_nam3_21_0_, user0_.user_phone_number as user_pho4_21_0_, user0_.user_user_id as user_use5_21_0_, user0_.user_user_password as user_use6_21_0_ from user user0_ where user0_.user_id=?
Hibernate: select character0_.character_id as characte1_6_0_, character0_.character_character_name as characte2_6_0_ from characters character0_ where character0_.character_id=?
Hibernate: select category0_.category_id as category1_5_, category0_.category_name as category2_5_ from category category0_
Hibernate: select boardlist0_.category_id as category7_4_0_, boardlist0_.board_id as board_id1_4_0_, boardlist0_.board_id as board_id1_4_1_, boardlist0_.category_id as category7_4_1_, boardlist0_.board_content as board_co2_4_1_, boardlist0_.board_created_at as board_cr3_4_1_, boardlist0_.board_last_modified_at as board_la4_4_1_, boardlist0_.board_title as board_ti5_4_1_, boardlist0_.user_id as user_id8_4_1_, boardlist0_.board_views as board_vi6_4_1_ from board boardlist0_ where boardlist0_.category_id=?
Hibernate: select boardlist0_.category_id as category7_4_0_, boardlist0_.board_id as board_id1_4_0_, boardlist0_.board_id as board_id1_4_1_, boardlist0_.category_id as category7_4_1_, boardlist0_.board_content as board_co2_4_1_, boardlist0_.board_created_at as board_cr3_4_1_, boardlist0_.board_last_modified_at as board_la4_4_1_, boardlist0_.board_title as board_ti5_4_1_, boardlist0_.user_id as user_id8_4_1_, boardlist0_.board_views as board_vi6_4_1_ from board boardlist0_ where boardlist0_.category_id=?
Hibernate: select user0_.user_id as col_0_0_ from user user0_ where user0_.user_user_id=? limit ?
Hibernate: select user0_.user_id as col_0_0_ from user user0_ where user0_.user_user_id=? limit ?
Hibernate: select U.* from USER U where U.USER_USER_ID =?
Hibernate: select character0_.character_id as characte1_6_0_, character0_.character_character_name as characte2_6_0_ from characters character0_ where character0_.character_id=?
Hibernate: select user0_.user_id as col_0_0_ from user user0_ where user0_.user_user_id=? limit ?
Hibernate: select userjoinin0_.user_joining_pool_id as col_0_0_ from user_joining_pool userjoinin0_ where userjoinin0_.user_user_id=? limit ?
Hibernate: select character0_.character_id as col_0_0_ from characters character0_ where character0_.character_character_name=? limit ?
Hibernate: insert into user_joining_pool (user_joining_pool_id, user_created_at, user_name, user_phone_number, user_user_id, user_user_password) values (default, ?, ?, ?, ?, ?)
Hibernate: select user0_.user_id as user_id1_21_0_, user0_.character_id as characte7_21_0_, user0_.user_created_at as user_cre2_21_0_, user0_.user_name as user_nam3_21_0_, user0_.user_phone_number as user_pho4_21_0_, user0_.user_user_id as user_use5_21_0_, user0_.user_user_password as user_use6_21_0_ from user user0_ where user0_.user_id=?
Hibernate: select character0_.character_id as characte1_6_0_, character0_.character_character_name as characte2_6_0_ from characters character0_ where character0_.character_id=?
Hibernate: select count(*) as col_0_0_ from user user0_ where user0_.user_id=?
Hibernate: select character1_.character_id as characte1_6_, character1_.character_character_name as characte2_6_ from user user0_ inner join characters character1_ on user0_.character_id=character1_.character_id where user0_.user_id=?
Hibernate: select permission0_.character_id as characte6_12_0_, permission0_.permission_id as permissi1_12_0_, permission0_.permission_id as permissi1_12_1_, permission0_.character_id as characte6_12_1_, permission0_.permission_name as permissi2_12_1_, permission0_.permission_permission_unit_id as permissi3_12_1_, permission0_.permission_service as permissi4_12_1_, permission0_.permission_status as permissi5_12_1_ from permission permission0_ where permission0_.character_id=?
Hibernate: select userjoinin0_.user_joining_pool_id as col_0_0_ from user_joining_pool userjoinin0_ where userjoinin0_.user_user_id=? limit ?
Hibernate: select userjoinin0_.user_joining_pool_id as user_joi1_22_, userjoinin0_.user_created_at as user_cre2_22_, userjoinin0_.user_name as user_nam3_22_, userjoinin0_.user_phone_number as user_pho4_22_, userjoinin0_.user_user_id as user_use5_22_, userjoinin0_.user_user_password as user_use6_22_ from user_joining_pool userjoinin0_ where userjoinin0_.user_user_id=?
Hibernate: select character0_.character_id as characte1_6_, character0_.character_character_name as characte2_6_ from characters character0_ where character0_.character_character_name=?
Hibernate: insert into user (user_id, character_id, user_created_at, user_name, user_phone_number, user_user_id, user_user_password) values (default, ?, ?, ?, ?, ?, ?)
Hibernate: DELETE FROM USER_JOINING_POOL as JU where JU.USER_USER_ID =?
Hibernate: select user0_.user_id as col_0_0_ from user user0_ where user0_.user_user_id=? limit ?
Hibernate: select user0_.user_id as col_0_0_ from user user0_ where user0_.user_user_id=? limit ?
Hibernate: select U.* from USER U where U.USER_USER_ID =?
Hibernate: select character0_.character_id as characte1_6_0_, character0_.character_character_name as characte2_6_0_ from characters character0_ where character0_.character_id=?
Hibernate: select user0_.user_id as user_id1_21_0_, user0_.character_id as characte7_21_0_, user0_.user_created_at as user_cre2_21_0_, user0_.user_name as user_nam3_21_0_, user0_.user_phone_number as user_pho4_21_0_, user0_.user_user_id as user_use5_21_0_, user0_.user_user_password as user_use6_21_0_ from user user0_ where user0_.user_id=?
Hibernate: select character0_.character_id as characte1_6_0_, character0_.character_character_name as characte2_6_0_ from characters character0_ where character0_.character_id=?
Hibernate: select count(*) as col_0_0_ from user user0_ where user0_.user_id=?
Hibernate: select character1_.character_id as characte1_6_, character1_.character_character_name as characte2_6_ from user user0_ inner join characters character1_ on user0_.character_id=character1_.character_id where user0_.user_id=?
Hibernate: select permission0_.character_id as characte6_12_0_, permission0_.permission_id as permissi1_12_0_, permission0_.permission_id as permissi1_12_1_, permission0_.character_id as characte6_12_1_, permission0_.permission_name as permissi2_12_1_, permission0_.permission_permission_unit_id as permissi3_12_1_, permission0_.permission_service as permissi4_12_1_, permission0_.permission_status as permissi5_12_1_ from permission permission0_ where permission0_.character_id=?
Hibernate: select count(*) as col_0_0_ from category category0_ where category0_.category_id=?
Hibernate: select category0_.category_id as category1_5_0_, category0_.category_name as category2_5_0_ from category category0_ where category0_.category_id=?
Hibernate: insert into board (board_id, category_id, board_content, board_created_at, board_last_modified_at, board_title, user_id, board_views) values (default, ?, ?, ?, ?, ?, ?, ?)
Hibernate: insert into reaction (reaction_id, board_id, reaction_type) values (default, ?, ?)
Hibernate: insert into reaction (reaction_id, board_id, reaction_type) values (default, ?, ?)
Hibernate: insert into reaction (reaction_id, board_id, reaction_type) values (default, ?, ?)
Hibernate: insert into reaction (reaction_id, board_id, reaction_type) values (default, ?, ?)
Hibernate: insert into reaction (reaction_id, board_id, reaction_type) values (default, ?, ?)
Hibernate: insert into reaction (reaction_id, board_id, reaction_type) values (default, ?, ?)
Hibernate: select user0_.user_id as user_id1_21_0_, user0_.character_id as characte7_21_0_, user0_.user_created_at as user_cre2_21_0_, user0_.user_name as user_nam3_21_0_, user0_.user_phone_number as user_pho4_21_0_, user0_.user_user_id as user_use5_21_0_, user0_.user_user_password as user_use6_21_0_ from user user0_ where user0_.user_id=?
Hibernate: select character0_.character_id as characte1_6_0_, character0_.character_character_name as characte2_6_0_ from characters character0_ where character0_.character_id=?
Hibernate: select count(*) as col_0_0_ from user user0_ where user0_.user_id=?
Hibernate: select character1_.character_id as characte1_6_, character1_.character_character_name as characte2_6_ from user user0_ inner join characters character1_ on user0_.character_id=character1_.character_id where user0_.user_id=?
Hibernate: select permission0_.character_id as characte6_12_0_, permission0_.permission_id as permissi1_12_0_, permission0_.permission_id as permissi1_12_1_, permission0_.character_id as characte6_12_1_, permission0_.permission_name as permissi2_12_1_, permission0_.permission_permission_unit_id as permissi3_12_1_, permission0_.permission_service as permissi4_12_1_, permission0_.permission_status as permissi5_12_1_ from permission permission0_ where permission0_.character_id=?
Hibernate: select count(*) as col_0_0_ from category category0_ where category0_.category_id=?
Hibernate: select category0_.category_id as category1_5_0_, category0_.category_name as category2_5_0_ from category category0_ where category0_.category_id=?
Hibernate: insert into board (board_id, category_id, board_content, board_created_at, board_last_modified_at, board_title, user_id, board_views) values (default, ?, ?, ?, ?, ?, ?, ?)
Hibernate: insert into reaction (reaction_id, board_id, reaction_type) values (default, ?, ?)
Hibernate: insert into reaction (reaction_id, board_id, reaction_type) values (default, ?, ?)
Hibernate: insert into reaction (reaction_id, board_id, reaction_type) values (default, ?, ?)
Hibernate: insert into reaction (reaction_id, board_id, reaction_type) values (default, ?, ?)
Hibernate: insert into reaction (reaction_id, board_id, reaction_type) values (default, ?, ?)
Hibernate: insert into reaction (reaction_id, board_id, reaction_type) values (default, ?, ?)
Hibernate: select user0_.user_id as user_id1_21_0_, user0_.character_id as characte7_21_0_, user0_.user_created_at as user_cre2_21_0_, user0_.user_name as user_nam3_21_0_, user0_.user_phone_number as user_pho4_21_0_, user0_.user_user_id as user_use5_21_0_, user0_.user_user_password as user_use6_21_0_ from user user0_ where user0_.user_id=?
Hibernate: select character0_.character_id as characte1_6_0_, character0_.character_character_name as characte2_6_0_ from characters character0_ where character0_.character_id=?
Hibernate: select count(*) as col_0_0_ from user user0_ where user0_.user_id=?
Hibernate: select character1_.character_id as characte1_6_, character1_.character_character_name as characte2_6_ from user user0_ inner join characters character1_ on user0_.character_id=character1_.character_id where user0_.user_id=?
Hibernate: select permission0_.character_id as characte6_12_0_, permission0_.permission_id as permissi1_12_0_, permission0_.permission_id as permissi1_12_1_, permission0_.character_id as characte6_12_1_, permission0_.permission_name as permissi2_12_1_, permission0_.permission_permission_unit_id as permissi3_12_1_, permission0_.permission_service as permissi4_12_1_, permission0_.permission_status as permissi5_12_1_ from permission permission0_ where permission0_.character_id=?
Hibernate: select count(*) as col_0_0_ from category category0_ where category0_.category_id=?
Hibernate: select category0_.category_id as category1_5_0_, category0_.category_name as category2_5_0_ from category category0_ where category0_.category_id=?
Hibernate: insert into board (board_id, category_id, board_content, board_created_at, board_last_modified_at, board_title, user_id, board_views) values (default, ?, ?, ?, ?, ?, ?, ?)
Hibernate: insert into reaction (reaction_id, board_id, reaction_type) values (default, ?, ?)
Hibernate: insert into reaction (reaction_id, board_id, reaction_type) values (default, ?, ?)
Hibernate: insert into reaction (reaction_id, board_id, reaction_type) values (default, ?, ?)
Hibernate: insert into reaction (reaction_id, board_id, reaction_type) values (default, ?, ?)
Hibernate: insert into reaction (reaction_id, board_id, reaction_type) values (default, ?, ?)
Hibernate: insert into reaction (reaction_id, board_id, reaction_type) values (default, ?, ?)
Hibernate: select user0_.user_id as user_id1_21_0_, user0_.character_id as characte7_21_0_, user0_.user_created_at as user_cre2_21_0_, user0_.user_name as user_nam3_21_0_, user0_.user_phone_number as user_pho4_21_0_, user0_.user_user_id as user_use5_21_0_, user0_.user_user_password as user_use6_21_0_ from user user0_ where user0_.user_id=?
Hibernate: select character0_.character_id as characte1_6_0_, character0_.character_character_name as characte2_6_0_ from characters character0_ where character0_.character_id=?
Hibernate: select count(*) as col_0_0_ from category category0_ where category0_.category_id=?
Hibernate: select count(board0_.board_id) as col_0_0_ from board board0_ where board0_.category_id=?
Hibernate: select board0_.board_id as board_id1_4_, board0_.category_id as category7_4_, board0_.board_content as board_co2_4_, board0_.board_created_at as board_cr3_4_, board0_.board_last_modified_at as board_la4_4_, board0_.board_title as board_ti5_4_, board0_.user_id as user_id8_4_, board0_.board_views as board_vi6_4_ from board board0_ where board0_.category_id=? limit ?
Hibernate: select category0_.category_id as category1_5_0_, category0_.category_name as category2_5_0_ from category category0_ where category0_.category_id=?
Hibernate: select user0_.user_id as user_id1_21_0_, user0_.character_id as characte7_21_0_, user0_.user_created_at as user_cre2_21_0_, user0_.user_name as user_nam3_21_0_, user0_.user_phone_number as user_pho4_21_0_, user0_.user_user_id as user_use5_21_0_, user0_.user_user_password as user_use6_21_0_ from user user0_ where user0_.user_id=?
Hibernate: select character0_.character_id as characte1_6_0_, character0_.character_character_name as characte2_6_0_ from characters character0_ where character0_.character_id=?
Hibernate: select reactionli0_.board_id as board_id3_13_0_, reactionli0_.reaction_id as reaction1_13_0_, reactionli0_.reaction_id as reaction1_13_1_, reactionli0_.board_id as board_id3_13_1_, reactionli0_.reaction_type as reaction2_13_1_ from reaction reactionli0_ where reactionli0_.board_id=?
Hibernate: select reactionus0_.reaction_id as reaction2_14_0_, reactionus0_.reaction_user_id as reaction1_14_0_, reactionus0_.reaction_user_id as reaction1_14_1_, reactionus0_.reaction_id as reaction2_14_1_, reactionus0_.user_id as user_id3_14_1_ from reaction_user reactionus0_ where reactionus0_.reaction_id=?
Hibernate: select reactionus0_.reaction_id as reaction2_14_0_, reactionus0_.reaction_user_id as reaction1_14_0_, reactionus0_.reaction_user_id as reaction1_14_1_, reactionus0_.reaction_id as reaction2_14_1_, reactionus0_.user_id as user_id3_14_1_ from reaction_user reactionus0_ where reactionus0_.reaction_id=?
Hibernate: select reactionus0_.reaction_id as reaction2_14_0_, reactionus0_.reaction_user_id as reaction1_14_0_, reactionus0_.reaction_user_id as reaction1_14_1_, reactionus0_.reaction_id as reaction2_14_1_, reactionus0_.user_id as user_id3_14_1_ from reaction_user reactionus0_ where reactionus0_.reaction_id=?
Hibernate: select reactionus0_.reaction_id as reaction2_14_0_, reactionus0_.reaction_user_id as reaction1_14_0_, reactionus0_.reaction_user_id as reaction1_14_1_, reactionus0_.reaction_id as reaction2_14_1_, reactionus0_.user_id as user_id3_14_1_ from reaction_user reactionus0_ where reactionus0_.reaction_id=?
Hibernate: select reactionus0_.reaction_id as reaction2_14_0_, reactionus0_.reaction_user_id as reaction1_14_0_, reactionus0_.reaction_user_id as reaction1_14_1_, reactionus0_.reaction_id as reaction2_14_1_, reactionus0_.user_id as user_id3_14_1_ from reaction_user reactionus0_ where reactionus0_.reaction_id=?
Hibernate: select reactionus0_.reaction_id as reaction2_14_0_, reactionus0_.reaction_user_id as reaction1_14_0_, reactionus0_.reaction_user_id as reaction1_14_1_, reactionus0_.reaction_id as reaction2_14_1_, reactionus0_.user_id as user_id3_14_1_ from reaction_user reactionus0_ where reactionus0_.reaction_id=?
Hibernate: select commentlis0_.board_id as board_id5_7_0_, commentlis0_.comment_id as comment_1_7_0_, commentlis0_.comment_id as comment_1_7_1_, commentlis0_.board_id as board_id5_7_1_, commentlis0_.comment_content as comment_2_7_1_, commentlis0_.comment_created_at as comment_3_7_1_, commentlis0_.comment_last_modified_at as comment_4_7_1_, commentlis0_.user_id as user_id6_7_1_ from comment commentlis0_ where commentlis0_.board_id=?
Hibernate: select reactionli0_.board_id as board_id3_13_0_, reactionli0_.reaction_id as reaction1_13_0_, reactionli0_.reaction_id as reaction1_13_1_, reactionli0_.board_id as board_id3_13_1_, reactionli0_.reaction_type as reaction2_13_1_ from reaction reactionli0_ where reactionli0_.board_id=?
Hibernate: select reactionus0_.reaction_id as reaction2_14_0_, reactionus0_.reaction_user_id as reaction1_14_0_, reactionus0_.reaction_user_id as reaction1_14_1_, reactionus0_.reaction_id as reaction2_14_1_, reactionus0_.user_id as user_id3_14_1_ from reaction_user reactionus0_ where reactionus0_.reaction_id=?
Hibernate: select reactionus0_.reaction_id as reaction2_14_0_, reactionus0_.reaction_user_id as reaction1_14_0_, reactionus0_.reaction_user_id as reaction1_14_1_, reactionus0_.reaction_id as reaction2_14_1_, reactionus0_.user_id as user_id3_14_1_ from reaction_user reactionus0_ where reactionus0_.reaction_id=?
Hibernate: select reactionus0_.reaction_id as reaction2_14_0_, reactionus0_.reaction_user_id as reaction1_14_0_, reactionus0_.reaction_user_id as reaction1_14_1_, reactionus0_.reaction_id as reaction2_14_1_, reactionus0_.user_id as user_id3_14_1_ from reaction_user reactionus0_ where reactionus0_.reaction_id=?
Hibernate: select reactionus0_.reaction_id as reaction2_14_0_, reactionus0_.reaction_user_id as reaction1_14_0_, reactionus0_.reaction_user_id as reaction1_14_1_, reactionus0_.reaction_id as reaction2_14_1_, reactionus0_.user_id as user_id3_14_1_ from reaction_user reactionus0_ where reactionus0_.reaction_id=?
Hibernate: select reactionus0_.reaction_id as reaction2_14_0_, reactionus0_.reaction_user_id as reaction1_14_0_, reactionus0_.reaction_user_id as reaction1_14_1_, reactionus0_.reaction_id as reaction2_14_1_, reactionus0_.user_id as user_id3_14_1_ from reaction_user reactionus0_ where reactionus0_.reaction_id=?
Hibernate: select reactionus0_.reaction_id as reaction2_14_0_, reactionus0_.reaction_user_id as reaction1_14_0_, reactionus0_.reaction_user_id as reaction1_14_1_, reactionus0_.reaction_id as reaction2_14_1_, reactionus0_.user_id as user_id3_14_1_ from reaction_user reactionus0_ where reactionus0_.reaction_id=?
Hibernate: select commentlis0_.board_id as board_id5_7_0_, commentlis0_.comment_id as comment_1_7_0_, commentlis0_.comment_id as comment_1_7_1_, commentlis0_.board_id as board_id5_7_1_, commentlis0_.comment_content as comment_2_7_1_, commentlis0_.comment_created_at as comment_3_7_1_, commentlis0_.comment_last_modified_at as comment_4_7_1_, commentlis0_.user_id as user_id6_7_1_ from comment commentlis0_ where commentlis0_.board_id=?
Hibernate: select boardlist0_.category_id as category7_4_0_, boardlist0_.board_id as board_id1_4_0_, boardlist0_.board_id as board_id1_4_1_, boardlist0_.category_id as category7_4_1_, boardlist0_.board_content as board_co2_4_1_, boardlist0_.board_created_at as board_cr3_4_1_, boardlist0_.board_last_modified_at as board_la4_4_1_, boardlist0_.board_title as board_ti5_4_1_, boardlist0_.user_id as user_id8_4_1_, boardlist0_.board_views as board_vi6_4_1_ from board boardlist0_ where boardlist0_.category_id=?
Hibernate: select count(comment0_.comment_id) as col_0_0_ from comment comment0_ where comment0_.board_id=?
Hibernate: select count(comment0_.comment_id) as col_0_0_ from comment comment0_ where comment0_.board_id=?
Hibernate: select count(board0_.board_id) as col_0_0_ from board board0_ where board0_.category_id=?
Hibernate: select imagepathl0_.board_board_id as board_bo1_11_0_, imagepathl0_.board_image_path_list as board_im2_11_0_ from image_path_list imagepathl0_ where imagepathl0_.board_board_id=?
Hibernate: select filepathli0_.board_board_id as board_bo1_8_0_, filepathli0_.board_file_path_list as board_fi2_8_0_ from file_path_list filepathli0_ where filepathli0_.board_board_id=?
Hibernate: select imagepathl0_.board_board_id as board_bo1_11_0_, imagepathl0_.board_image_path_list as board_im2_11_0_ from image_path_list imagepathl0_ where imagepathl0_.board_board_id=?
Hibernate: select filepathli0_.board_board_id as board_bo1_8_0_, filepathli0_.board_file_path_list as board_fi2_8_0_ from file_path_list filepathli0_ where filepathli0_.board_board_id=?
Hibernate: select user0_.user_id as col_0_0_ from user user0_ where user0_.user_user_id=? limit ?
Hibernate: select user0_.user_id as col_0_0_ from user user0_ where user0_.user_user_id=? limit ?
Hibernate: select U.* from USER U where U.USER_USER_ID =?
Hibernate: select character0_.character_id as characte1_6_0_, character0_.character_character_name as characte2_6_0_ from characters character0_ where character0_.character_id=?
Hibernate: select user0_.user_id as user_id1_21_0_, user0_.character_id as characte7_21_0_, user0_.user_created_at as user_cre2_21_0_, user0_.user_name as user_nam3_21_0_, user0_.user_phone_number as user_pho4_21_0_, user0_.user_user_id as user_use5_21_0_, user0_.user_user_password as user_use6_21_0_ from user user0_ where user0_.user_id=?
Hibernate: select character0_.character_id as characte1_6_0_, character0_.character_character_name as characte2_6_0_ from characters character0_ where character0_.character_id=?
Hibernate: select count(*) as col_0_0_ from board board0_
Hibernate: select board0_.board_id as board_id1_4_, board0_.category_id as category7_4_, board0_.board_content as board_co2_4_, board0_.board_created_at as board_cr3_4_, board0_.board_last_modified_at as board_la4_4_, board0_.board_title as board_ti5_4_, board0_.user_id as user_id8_4_, board0_.board_views as board_vi6_4_ from board board0_ limit ?
Hibernate: select category0_.category_id as category1_5_0_, category0_.category_name as category2_5_0_ from category category0_ where category0_.category_id=?
Hibernate: select category0_.category_id as category1_5_0_, category0_.category_name as category2_5_0_ from category category0_ where category0_.category_id=?
Hibernate: select reactionli0_.board_id as board_id3_13_0_, reactionli0_.reaction_id as reaction1_13_0_, reactionli0_.reaction_id as reaction1_13_1_, reactionli0_.board_id as board_id3_13_1_, reactionli0_.reaction_type as reaction2_13_1_ from reaction reactionli0_ where reactionli0_.board_id=?
Hibernate: select reactionus0_.reaction_id as reaction2_14_0_, reactionus0_.reaction_user_id as reaction1_14_0_, reactionus0_.reaction_user_id as reaction1_14_1_, reactionus0_.reaction_id as reaction2_14_1_, reactionus0_.user_id as user_id3_14_1_ from reaction_user reactionus0_ where reactionus0_.reaction_id=?
Hibernate: select reactionus0_.reaction_id as reaction2_14_0_, reactionus0_.reaction_user_id as reaction1_14_0_, reactionus0_.reaction_user_id as reaction1_14_1_, reactionus0_.reaction_id as reaction2_14_1_, reactionus0_.user_id as user_id3_14_1_ from reaction_user reactionus0_ where reactionus0_.reaction_id=?
Hibernate: select reactionus0_.reaction_id as reaction2_14_0_, reactionus0_.reaction_user_id as reaction1_14_0_, reactionus0_.reaction_user_id as reaction1_14_1_, reactionus0_.reaction_id as reaction2_14_1_, reactionus0_.user_id as user_id3_14_1_ from reaction_user reactionus0_ where reactionus0_.reaction_id=?
Hibernate: select reactionus0_.reaction_id as reaction2_14_0_, reactionus0_.reaction_user_id as reaction1_14_0_, reactionus0_.reaction_user_id as reaction1_14_1_, reactionus0_.reaction_id as reaction2_14_1_, reactionus0_.user_id as user_id3_14_1_ from reaction_user reactionus0_ where reactionus0_.reaction_id=?
Hibernate: select reactionus0_.reaction_id as reaction2_14_0_, reactionus0_.reaction_user_id as reaction1_14_0_, reactionus0_.reaction_user_id as reaction1_14_1_, reactionus0_.reaction_id as reaction2_14_1_, reactionus0_.user_id as user_id3_14_1_ from reaction_user reactionus0_ where reactionus0_.reaction_id=?
Hibernate: select reactionus0_.reaction_id as reaction2_14_0_, reactionus0_.reaction_user_id as reaction1_14_0_, reactionus0_.reaction_user_id as reaction1_14_1_, reactionus0_.reaction_id as reaction2_14_1_, reactionus0_.user_id as user_id3_14_1_ from reaction_user reactionus0_ where reactionus0_.reaction_id=?
Hibernate: select commentlis0_.board_id as board_id5_7_0_, commentlis0_.comment_id as comment_1_7_0_, commentlis0_.comment_id as comment_1_7_1_, commentlis0_.board_id as board_id5_7_1_, commentlis0_.comment_content as comment_2_7_1_, commentlis0_.comment_created_at as comment_3_7_1_, commentlis0_.comment_last_modified_at as comment_4_7_1_, commentlis0_.user_id as user_id6_7_1_ from comment commentlis0_ where commentlis0_.board_id=?
Hibernate: select reactionli0_.board_id as board_id3_13_0_, reactionli0_.reaction_id as reaction1_13_0_, reactionli0_.reaction_id as reaction1_13_1_, reactionli0_.board_id as board_id3_13_1_, reactionli0_.reaction_type as reaction2_13_1_ from reaction reactionli0_ where reactionli0_.board_id=?
Hibernate: select reactionus0_.reaction_id as reaction2_14_0_, reactionus0_.reaction_user_id as reaction1_14_0_, reactionus0_.reaction_user_id as reaction1_14_1_, reactionus0_.reaction_id as reaction2_14_1_, reactionus0_.user_id as user_id3_14_1_ from reaction_user reactionus0_ where reactionus0_.reaction_id=?
Hibernate: select reactionus0_.reaction_id as reaction2_14_0_, reactionus0_.reaction_user_id as reaction1_14_0_, reactionus0_.reaction_user_id as reaction1_14_1_, reactionus0_.reaction_id as reaction2_14_1_, reactionus0_.user_id as user_id3_14_1_ from reaction_user reactionus0_ where reactionus0_.reaction_id=?
Hibernate: select reactionus0_.reaction_id as reaction2_14_0_, reactionus0_.reaction_user_id as reaction1_14_0_, reactionus0_.reaction_user_id as reaction1_14_1_, reactionus0_.reaction_id as reaction2_14_1_, reactionus0_.user_id as user_id3_14_1_ from reaction_user reactionus0_ where reactionus0_.reaction_id=?
Hibernate: select reactionus0_.reaction_id as reaction2_14_0_, reactionus0_.reaction_user_id as reaction1_14_0_, reactionus0_.reaction_user_id as reaction1_14_1_, reactionus0_.reaction_id as reaction2_14_1_, reactionus0_.user_id as user_id3_14_1_ from reaction_user reactionus0_ where reactionus0_.reaction_id=?
Hibernate: select reactionus0_.reaction_id as reaction2_14_0_, reactionus0_.reaction_user_id as reaction1_14_0_, reactionus0_.reaction_user_id as reaction1_14_1_, reactionus0_.reaction_id as reaction2_14_1_, reactionus0_.user_id as user_id3_14_1_ from reaction_user reactionus0_ where reactionus0_.reaction_id=?
Hibernate: select reactionus0_.reaction_id as reaction2_14_0_, reactionus0_.reaction_user_id as reaction1_14_0_, reactionus0_.reaction_user_id as reaction1_14_1_, reactionus0_.reaction_id as reaction2_14_1_, reactionus0_.user_id as user_id3_14_1_ from reaction_user reactionus0_ where reactionus0_.reaction_id=?
Hibernate: select commentlis0_.board_id as board_id5_7_0_, commentlis0_.comment_id as comment_1_7_0_, commentlis0_.comment_id as comment_1_7_1_, commentlis0_.board_id as board_id5_7_1_, commentlis0_.comment_content as comment_2_7_1_, commentlis0_.comment_created_at as comment_3_7_1_, commentlis0_.comment_last_modified_at as comment_4_7_1_, commentlis0_.user_id as user_id6_7_1_ from comment commentlis0_ where commentlis0_.board_id=?
Hibernate: select reactionli0_.board_id as board_id3_13_0_, reactionli0_.reaction_id as reaction1_13_0_, reactionli0_.reaction_id as reaction1_13_1_, reactionli0_.board_id as board_id3_13_1_, reactionli0_.reaction_type as reaction2_13_1_ from reaction reactionli0_ where reactionli0_.board_id=?
Hibernate: select reactionus0_.reaction_id as reaction2_14_0_, reactionus0_.reaction_user_id as reaction1_14_0_, reactionus0_.reaction_user_id as reaction1_14_1_, reactionus0_.reaction_id as reaction2_14_1_, reactionus0_.user_id as user_id3_14_1_ from reaction_user reactionus0_ where reactionus0_.reaction_id=?
Hibernate: select reactionus0_.reaction_id as reaction2_14_0_, reactionus0_.reaction_user_id as reaction1_14_0_, reactionus0_.reaction_user_id as reaction1_14_1_, reactionus0_.reaction_id as reaction2_14_1_, reactionus0_.user_id as user_id3_14_1_ from reaction_user reactionus0_ where reactionus0_.reaction_id=?
Hibernate: select reactionus0_.reaction_id as reaction2_14_0_, reactionus0_.reaction_user_id as reaction1_14_0_, reactionus0_.reaction_user_id as reaction1_14_1_, reactionus0_.reaction_id as reaction2_14_1_, reactionus0_.user_id as user_id3_14_1_ from reaction_user reactionus0_ where reactionus0_.reaction_id=?
Hibernate: select reactionus0_.reaction_id as reaction2_14_0_, reactionus0_.reaction_user_id as reaction1_14_0_, reactionus0_.reaction_user_id as reaction1_14_1_, reactionus0_.reaction_id as reaction2_14_1_, reactionus0_.user_id as user_id3_14_1_ from reaction_user reactionus0_ where reactionus0_.reaction_id=?
Hibernate: select reactionus0_.reaction_id as reaction2_14_0_, reactionus0_.reaction_user_id as reaction1_14_0_, reactionus0_.reaction_user_id as reaction1_14_1_, reactionus0_.reaction_id as reaction2_14_1_, reactionus0_.user_id as user_id3_14_1_ from reaction_user reactionus0_ where reactionus0_.reaction_id=?
Hibernate: select reactionus0_.reaction_id as reaction2_14_0_, reactionus0_.reaction_user_id as reaction1_14_0_, reactionus0_.reaction_user_id as reaction1_14_1_, reactionus0_.reaction_id as reaction2_14_1_, reactionus0_.user_id as user_id3_14_1_ from reaction_user reactionus0_ where reactionus0_.reaction_id=?
Hibernate: select commentlis0_.board_id as board_id5_7_0_, commentlis0_.comment_id as comment_1_7_0_, commentlis0_.comment_id as comment_1_7_1_, commentlis0_.board_id as board_id5_7_1_, commentlis0_.comment_content as comment_2_7_1_, commentlis0_.comment_created_at as comment_3_7_1_, commentlis0_.comment_last_modified_at as comment_4_7_1_, commentlis0_.user_id as user_id6_7_1_ from comment commentlis0_ where commentlis0_.board_id=?
Hibernate: select boardlist0_.category_id as category7_4_0_, boardlist0_.board_id as board_id1_4_0_, boardlist0_.board_id as board_id1_4_1_, boardlist0_.category_id as category7_4_1_, boardlist0_.board_content as board_co2_4_1_, boardlist0_.board_created_at as board_cr3_4_1_, boardlist0_.board_last_modified_at as board_la4_4_1_, boardlist0_.board_title as board_ti5_4_1_, boardlist0_.user_id as user_id8_4_1_, boardlist0_.board_views as board_vi6_4_1_ from board boardlist0_ where boardlist0_.category_id=?
Hibernate: select count(comment0_.comment_id) as col_0_0_ from comment comment0_ where comment0_.board_id=?
Hibernate: select count(comment0_.comment_id) as col_0_0_ from comment comment0_ where comment0_.board_id=?
Hibernate: select boardlist0_.category_id as category7_4_0_, boardlist0_.board_id as board_id1_4_0_, boardlist0_.board_id as board_id1_4_1_, boardlist0_.category_id as category7_4_1_, boardlist0_.board_content as board_co2_4_1_, boardlist0_.board_created_at as board_cr3_4_1_, boardlist0_.board_last_modified_at as board_la4_4_1_, boardlist0_.board_title as board_ti5_4_1_, boardlist0_.user_id as user_id8_4_1_, boardlist0_.board_views as board_vi6_4_1_ from board boardlist0_ where boardlist0_.category_id=?
Hibernate: select count(comment0_.comment_id) as col_0_0_ from comment comment0_ where comment0_.board_id=?
Hibernate: select count(*) as col_0_0_ from board board0_
Hibernate: select imagepathl0_.board_board_id as board_bo1_11_0_, imagepathl0_.board_image_path_list as board_im2_11_0_ from image_path_list imagepathl0_ where imagepathl0_.board_board_id=?
Hibernate: select filepathli0_.board_board_id as board_bo1_8_0_, filepathli0_.board_file_path_list as board_fi2_8_0_ from file_path_list filepathli0_ where filepathli0_.board_board_id=?
Hibernate: select imagepathl0_.board_board_id as board_bo1_11_0_, imagepathl0_.board_image_path_list as board_im2_11_0_ from image_path_list imagepathl0_ where imagepathl0_.board_board_id=?
Hibernate: select filepathli0_.board_board_id as board_bo1_8_0_, filepathli0_.board_file_path_list as board_fi2_8_0_ from file_path_list filepathli0_ where filepathli0_.board_board_id=?
Hibernate: select imagepathl0_.board_board_id as board_bo1_11_0_, imagepathl0_.board_image_path_list as board_im2_11_0_ from image_path_list imagepathl0_ where imagepathl0_.board_board_id=?
Hibernate: select filepathli0_.board_board_id as board_bo1_8_0_, filepathli0_.board_file_path_list as board_fi2_8_0_ from file_path_list filepathli0_ where filepathli0_.board_board_id=?
Hibernate: select U.* from USER U join BOARD B where U.USER_ID = B.USER_ID and B.BOARD_ID = ?
Hibernate: select character0_.character_id as characte1_6_0_, character0_.character_character_name as characte2_6_0_ from characters character0_ where character0_.character_id=?
Hibernate: select count(*) as col_0_0_ from user user0_ where user0_.user_id=?
Hibernate: select character1_.character_id as characte1_6_, character1_.character_character_name as characte2_6_ from user user0_ inner join characters character1_ on user0_.character_id=character1_.character_id where user0_.user_id=?
Hibernate: select permission0_.character_id as characte6_12_0_, permission0_.permission_id as permissi1_12_0_, permission0_.permission_id as permissi1_12_1_, permission0_.character_id as characte6_12_1_, permission0_.permission_name as permissi2_12_1_, permission0_.permission_permission_unit_id as permissi3_12_1_, permission0_.permission_service as permissi4_12_1_, permission0_.permission_status as permissi5_12_1_ from permission permission0_ where permission0_.character_id=?
Hibernate: select count(*) as col_0_0_ from board board0_ where board0_.board_id=?
Hibernate: select board0_.board_id as board_id1_4_0_, board0_.category_id as category7_4_0_, board0_.board_content as board_co2_4_0_, board0_.board_created_at as board_cr3_4_0_, board0_.board_last_modified_at as board_la4_4_0_, board0_.board_title as board_ti5_4_0_, board0_.user_id as user_id8_4_0_, board0_.board_views as board_vi6_4_0_ from board board0_ where board0_.board_id=?
Hibernate: select category0_.category_id as category1_5_0_, category0_.category_name as category2_5_0_ from category category0_ where category0_.category_id=?
Hibernate: select reactionli0_.board_id as board_id3_13_0_, reactionli0_.reaction_id as reaction1_13_0_, reactionli0_.reaction_id as reaction1_13_1_, reactionli0_.board_id as board_id3_13_1_, reactionli0_.reaction_type as reaction2_13_1_ from reaction reactionli0_ where reactionli0_.board_id=?
Hibernate: select reactionus0_.reaction_id as reaction2_14_0_, reactionus0_.reaction_user_id as reaction1_14_0_, reactionus0_.reaction_user_id as reaction1_14_1_, reactionus0_.reaction_id as reaction2_14_1_, reactionus0_.user_id as user_id3_14_1_ from reaction_user reactionus0_ where reactionus0_.reaction_id=?
Hibernate: select reactionus0_.reaction_id as reaction2_14_0_, reactionus0_.reaction_user_id as reaction1_14_0_, reactionus0_.reaction_user_id as reaction1_14_1_, reactionus0_.reaction_id as reaction2_14_1_, reactionus0_.user_id as user_id3_14_1_ from reaction_user reactionus0_ where reactionus0_.reaction_id=?
Hibernate: select reactionus0_.reaction_id as reaction2_14_0_, reactionus0_.reaction_user_id as reaction1_14_0_, reactionus0_.reaction_user_id as reaction1_14_1_, reactionus0_.reaction_id as reaction2_14_1_, reactionus0_.user_id as user_id3_14_1_ from reaction_user reactionus0_ where reactionus0_.reaction_id=?
Hibernate: select reactionus0_.reaction_id as reaction2_14_0_, reactionus0_.reaction_user_id as reaction1_14_0_, reactionus0_.reaction_user_id as reaction1_14_1_, reactionus0_.reaction_id as reaction2_14_1_, reactionus0_.user_id as user_id3_14_1_ from reaction_user reactionus0_ where reactionus0_.reaction_id=?
Hibernate: select reactionus0_.reaction_id as reaction2_14_0_, reactionus0_.reaction_user_id as reaction1_14_0_, reactionus0_.reaction_user_id as reaction1_14_1_, reactionus0_.reaction_id as reaction2_14_1_, reactionus0_.user_id as user_id3_14_1_ from reaction_user reactionus0_ where reactionus0_.reaction_id=?
Hibernate: select reactionus0_.reaction_id as reaction2_14_0_, reactionus0_.reaction_user_id as reaction1_14_0_, reactionus0_.reaction_user_id as reaction1_14_1_, reactionus0_.reaction_id as reaction2_14_1_, reactionus0_.user_id as user_id3_14_1_ from reaction_user reactionus0_ where reactionus0_.reaction_id=?
Hibernate: select commentlis0_.board_id as board_id5_7_0_, commentlis0_.comment_id as comment_1_7_0_, commentlis0_.comment_id as comment_1_7_1_, commentlis0_.board_id as board_id5_7_1_, commentlis0_.comment_content as comment_2_7_1_, commentlis0_.comment_created_at as comment_3_7_1_, commentlis0_.comment_last_modified_at as comment_4_7_1_, commentlis0_.user_id as user_id6_7_1_ from comment commentlis0_ where commentlis0_.board_id=?
Hibernate: select boardlist0_.category_id as category7_4_0_, boardlist0_.board_id as board_id1_4_0_, boardlist0_.board_id as board_id1_4_1_, boardlist0_.category_id as category7_4_1_, boardlist0_.board_content as board_co2_4_1_, boardlist0_.board_created_at as board_cr3_4_1_, boardlist0_.board_last_modified_at as board_la4_4_1_, boardlist0_.board_title as board_ti5_4_1_, boardlist0_.user_id as user_id8_4_1_, boardlist0_.board_views as board_vi6_4_1_ from board boardlist0_ where boardlist0_.category_id=?
Hibernate: select count(comment0_.comment_id) as col_0_0_ from comment comment0_ where comment0_.board_id=?
Hibernate: update board set category_id=?, board_content=?, board_created_at=?, board_last_modified_at=?, board_title=?, user_id=?, board_views=? where board_id=?
Hibernate: select filepathli0_.board_board_id as board_bo1_8_0_, filepathli0_.board_file_path_list as board_fi2_8_0_ from file_path_list filepathli0_ where filepathli0_.board_board_id=?
Hibernate: select imagepathl0_.board_board_id as board_bo1_11_0_, imagepathl0_.board_image_path_list as board_im2_11_0_ from image_path_list imagepathl0_ where imagepathl0_.board_board_id=?
Hibernate: select count(*) as col_0_0_ from board board0_ where board0_.board_id=?
Hibernate: delete from reaction where reaction_id=?
Hibernate: delete from reaction where reaction_id=?
Hibernate: delete from reaction where reaction_id=?
Hibernate: delete from reaction where reaction_id=?
Hibernate: delete from reaction where reaction_id=?
Hibernate: delete from reaction where reaction_id=?
Hibernate: delete from board where board_id=?
Hibernate: select user0_.user_id as user_id1_21_0_, user0_.character_id as characte7_21_0_, user0_.user_created_at as user_cre2_21_0_, user0_.user_name as user_nam3_21_0_, user0_.user_phone_number as user_pho4_21_0_, user0_.user_user_id as user_use5_21_0_, user0_.user_user_password as user_use6_21_0_ from user user0_ where user0_.user_id=?
Hibernate: select character0_.character_id as characte1_6_0_, character0_.character_character_name as characte2_6_0_ from characters character0_ where character0_.character_id=?
Hibernate: select count(*) as col_0_0_ from user user0_ where user0_.user_id=?
Hibernate: select character1_.character_id as characte1_6_, character1_.character_character_name as characte2_6_ from user user0_ inner join characters character1_ on user0_.character_id=character1_.character_id where user0_.user_id=?
Hibernate: select permission0_.character_id as characte6_12_0_, permission0_.permission_id as permissi1_12_0_, permission0_.permission_id as permissi1_12_1_, permission0_.character_id as characte6_12_1_, permission0_.permission_name as permissi2_12_1_, permission0_.permission_permission_unit_id as permissi3_12_1_, permission0_.permission_service as permissi4_12_1_, permission0_.permission_status as permissi5_12_1_ from permission permission0_ where permission0_.character_id=?
Hibernate: select count(*) as col_0_0_ from board board0_ where board0_.board_id=?
Hibernate: select U.* from USER U join BOARD B where U.USER_ID = B.USER_ID and B.BOARD_ID = ?
Hibernate: select character0_.character_id as characte1_6_0_, character0_.character_character_name as characte2_6_0_ from characters character0_ where character0_.character_id=?
Hibernate: select count(*) as col_0_0_ from user user0_ where user0_.user_id=?
Hibernate: select character1_.character_id as characte1_6_, character1_.character_character_name as characte2_6_ from user user0_ inner join characters character1_ on user0_.character_id=character1_.character_id where user0_.user_id=?
Hibernate: select permission0_.character_id as characte6_12_0_, permission0_.permission_id as permissi1_12_0_, permission0_.permission_id as permissi1_12_1_, permission0_.character_id as characte6_12_1_, permission0_.permission_name as permissi2_12_1_, permission0_.permission_permission_unit_id as permissi3_12_1_, permission0_.permission_service as permissi4_12_1_, permission0_.permission_status as permissi5_12_1_ from permission permission0_ where permission0_.character_id=?
Hibernate: select count(*) as col_0_0_ from board board0_ where board0_.board_id=?
Hibernate: select board0_.board_id as board_id1_4_0_, board0_.category_id as category7_4_0_, board0_.board_content as board_co2_4_0_, board0_.board_created_at as board_cr3_4_0_, board0_.board_last_modified_at as board_la4_4_0_, board0_.board_title as board_ti5_4_0_, board0_.user_id as user_id8_4_0_, board0_.board_views as board_vi6_4_0_ from board board0_ where board0_.board_id=?
Hibernate: select category0_.category_id as category1_5_0_, category0_.category_name as category2_5_0_ from category category0_ where category0_.category_id=?
Hibernate: select reactionli0_.board_id as board_id3_13_0_, reactionli0_.reaction_id as reaction1_13_0_, reactionli0_.reaction_id as reaction1_13_1_, reactionli0_.board_id as board_id3_13_1_, reactionli0_.reaction_type as reaction2_13_1_ from reaction reactionli0_ where reactionli0_.board_id=?
Hibernate: select reactionus0_.reaction_id as reaction2_14_0_, reactionus0_.reaction_user_id as reaction1_14_0_, reactionus0_.reaction_user_id as reaction1_14_1_, reactionus0_.reaction_id as reaction2_14_1_, reactionus0_.user_id as user_id3_14_1_ from reaction_user reactionus0_ where reactionus0_.reaction_id=?
Hibernate: select reactionus0_.reaction_id as reaction2_14_0_, reactionus0_.reaction_user_id as reaction1_14_0_, reactionus0_.reaction_user_id as reaction1_14_1_, reactionus0_.reaction_id as reaction2_14_1_, reactionus0_.user_id as user_id3_14_1_ from reaction_user reactionus0_ where reactionus0_.reaction_id=?
Hibernate: select reactionus0_.reaction_id as reaction2_14_0_, reactionus0_.reaction_user_id as reaction1_14_0_, reactionus0_.reaction_user_id as reaction1_14_1_, reactionus0_.reaction_id as reaction2_14_1_, reactionus0_.user_id as user_id3_14_1_ from reaction_user reactionus0_ where reactionus0_.reaction_id=?
Hibernate: select reactionus0_.reaction_id as reaction2_14_0_, reactionus0_.reaction_user_id as reaction1_14_0_, reactionus0_.reaction_user_id as reaction1_14_1_, reactionus0_.reaction_id as reaction2_14_1_, reactionus0_.user_id as user_id3_14_1_ from reaction_user reactionus0_ where reactionus0_.reaction_id=?
Hibernate: select reactionus0_.reaction_id as reaction2_14_0_, reactionus0_.reaction_user_id as reaction1_14_0_, reactionus0_.reaction_user_id as reaction1_14_1_, reactionus0_.reaction_id as reaction2_14_1_, reactionus0_.user_id as user_id3_14_1_ from reaction_user reactionus0_ where reactionus0_.reaction_id=?
Hibernate: select reactionus0_.reaction_id as reaction2_14_0_, reactionus0_.reaction_user_id as reaction1_14_0_, reactionus0_.reaction_user_id as reaction1_14_1_, reactionus0_.reaction_id as reaction2_14_1_, reactionus0_.user_id as user_id3_14_1_ from reaction_user reactionus0_ where reactionus0_.reaction_id=?
Hibernate: select commentlis0_.board_id as board_id5_7_0_, commentlis0_.comment_id as comment_1_7_0_, commentlis0_.comment_id as comment_1_7_1_, commentlis0_.board_id as board_id5_7_1_, commentlis0_.comment_content as comment_2_7_1_, commentlis0_.comment_created_at as comment_3_7_1_, commentlis0_.comment_last_modified_at as comment_4_7_1_, commentlis0_.user_id as user_id6_7_1_ from comment commentlis0_ where commentlis0_.board_id=?
Hibernate: select boardlist0_.category_id as category7_4_0_, boardlist0_.board_id as board_id1_4_0_, boardlist0_.board_id as board_id1_4_1_, boardlist0_.category_id as category7_4_1_, boardlist0_.board_content as board_co2_4_1_, boardlist0_.board_created_at as board_cr3_4_1_, boardlist0_.board_last_modified_at as board_la4_4_1_, boardlist0_.board_title as board_ti5_4_1_, boardlist0_.user_id as user_id8_4_1_, boardlist0_.board_views as board_vi6_4_1_ from board boardlist0_ where boardlist0_.category_id=?
Hibernate: select count(comment0_.comment_id) as col_0_0_ from comment comment0_ where comment0_.board_id=?
Hibernate: update board set category_id=?, board_content=?, board_created_at=?, board_last_modified_at=?, board_title=?, user_id=?, board_views=? where board_id=?
Hibernate: select filepathli0_.board_board_id as board_bo1_8_0_, filepathli0_.board_file_path_list as board_fi2_8_0_ from file_path_list filepathli0_ where filepathli0_.board_board_id=?
Hibernate: select imagepathl0_.board_board_id as board_bo1_11_0_, imagepathl0_.board_image_path_list as board_im2_11_0_ from image_path_list imagepathl0_ where imagepathl0_.board_board_id=?
Hibernate: select count(*) as col_0_0_ from board board0_ where board0_.board_id=?
Hibernate: delete from reaction where reaction_id=?
Hibernate: delete from reaction where reaction_id=?
Hibernate: delete from reaction where reaction_id=?
Hibernate: delete from reaction where reaction_id=?
Hibernate: delete from reaction where reaction_id=?
Hibernate: delete from reaction where reaction_id=?
Hibernate: delete from board where board_id=?
Hibernate: select user0_.user_id as user_id1_21_0_, user0_.character_id as characte7_21_0_, user0_.user_created_at as user_cre2_21_0_, user0_.user_name as user_nam3_21_0_, user0_.user_phone_number as user_pho4_21_0_, user0_.user_user_id as user_use5_21_0_, user0_.user_user_password as user_use6_21_0_ from user user0_ where user0_.user_id=?
Hibernate: select character0_.character_id as characte1_6_0_, character0_.character_character_name as characte2_6_0_ from characters character0_ where character0_.character_id=?
Hibernate: select count(*) as col_0_0_ from user user0_ where user0_.user_id=?
Hibernate: select character1_.character_id as characte1_6_, character1_.character_character_name as characte2_6_ from user user0_ inner join characters character1_ on user0_.character_id=character1_.character_id where user0_.user_id=?
Hibernate: select permission0_.character_id as characte6_12_0_, permission0_.permission_id as permissi1_12_0_, permission0_.permission_id as permissi1_12_1_, permission0_.character_id as characte6_12_1_, permission0_.permission_name as permissi2_12_1_, permission0_.permission_permission_unit_id as permissi3_12_1_, permission0_.permission_service as permissi4_12_1_, permission0_.permission_status as permissi5_12_1_ from permission permission0_ where permission0_.character_id=?
Hibernate: select count(*) as col_0_0_ from board board0_ where board0_.board_id=?
Hibernate: select U.* from USER U join BOARD B where U.USER_ID = B.USER_ID and B.BOARD_ID = ?
Hibernate: select character0_.character_id as characte1_6_0_, character0_.character_character_name as characte2_6_0_ from characters character0_ where character0_.character_id=?
Hibernate: select count(*) as col_0_0_ from user user0_ where user0_.user_id=?
Hibernate: select character1_.character_id as characte1_6_, character1_.character_character_name as characte2_6_ from user user0_ inner join characters character1_ on user0_.character_id=character1_.character_id where user0_.user_id=?
Hibernate: select permission0_.character_id as characte6_12_0_, permission0_.permission_id as permissi1_12_0_, permission0_.permission_id as permissi1_12_1_, permission0_.character_id as characte6_12_1_, permission0_.permission_name as permissi2_12_1_, permission0_.permission_permission_unit_id as permissi3_12_1_, permission0_.permission_service as permissi4_12_1_, permission0_.permission_status as permissi5_12_1_ from permission permission0_ where permission0_.character_id=?
Hibernate: select count(*) as col_0_0_ from board board0_ where board0_.board_id=?
Hibernate: select board0_.board_id as board_id1_4_0_, board0_.category_id as category7_4_0_, board0_.board_content as board_co2_4_0_, board0_.board_created_at as board_cr3_4_0_, board0_.board_last_modified_at as board_la4_4_0_, board0_.board_title as board_ti5_4_0_, board0_.user_id as user_id8_4_0_, board0_.board_views as board_vi6_4_0_ from board board0_ where board0_.board_id=?
Hibernate: select category0_.category_id as category1_5_0_, category0_.category_name as category2_5_0_ from category category0_ where category0_.category_id=?
Hibernate: select reactionli0_.board_id as board_id3_13_0_, reactionli0_.reaction_id as reaction1_13_0_, reactionli0_.reaction_id as reaction1_13_1_, reactionli0_.board_id as board_id3_13_1_, reactionli0_.reaction_type as reaction2_13_1_ from reaction reactionli0_ where reactionli0_.board_id=?
Hibernate: select reactionus0_.reaction_id as reaction2_14_0_, reactionus0_.reaction_user_id as reaction1_14_0_, reactionus0_.reaction_user_id as reaction1_14_1_, reactionus0_.reaction_id as reaction2_14_1_, reactionus0_.user_id as user_id3_14_1_ from reaction_user reactionus0_ where reactionus0_.reaction_id=?
Hibernate: select reactionus0_.reaction_id as reaction2_14_0_, reactionus0_.reaction_user_id as reaction1_14_0_, reactionus0_.reaction_user_id as reaction1_14_1_, reactionus0_.reaction_id as reaction2_14_1_, reactionus0_.user_id as user_id3_14_1_ from reaction_user reactionus0_ where reactionus0_.reaction_id=?
Hibernate: select reactionus0_.reaction_id as reaction2_14_0_, reactionus0_.reaction_user_id as reaction1_14_0_, reactionus0_.reaction_user_id as reaction1_14_1_, reactionus0_.reaction_id as reaction2_14_1_, reactionus0_.user_id as user_id3_14_1_ from reaction_user reactionus0_ where reactionus0_.reaction_id=?
Hibernate: select reactionus0_.reaction_id as reaction2_14_0_, reactionus0_.reaction_user_id as reaction1_14_0_, reactionus0_.reaction_user_id as reaction1_14_1_, reactionus0_.reaction_id as reaction2_14_1_, reactionus0_.user_id as user_id3_14_1_ from reaction_user reactionus0_ where reactionus0_.reaction_id=?
Hibernate: select reactionus0_.reaction_id as reaction2_14_0_, reactionus0_.reaction_user_id as reaction1_14_0_, reactionus0_.reaction_user_id as reaction1_14_1_, reactionus0_.reaction_id as reaction2_14_1_, reactionus0_.user_id as user_id3_14_1_ from reaction_user reactionus0_ where reactionus0_.reaction_id=?
Hibernate: select reactionus0_.reaction_id as reaction2_14_0_, reactionus0_.reaction_user_id as reaction1_14_0_, reactionus0_.reaction_user_id as reaction1_14_1_, reactionus0_.reaction_id as reaction2_14_1_, reactionus0_.user_id as user_id3_14_1_ from reaction_user reactionus0_ where reactionus0_.reaction_id=?
Hibernate: select commentlis0_.board_id as board_id5_7_0_, commentlis0_.comment_id as comment_1_7_0_, commentlis0_.comment_id as comment_1_7_1_, commentlis0_.board_id as board_id5_7_1_, commentlis0_.comment_content as comment_2_7_1_, commentlis0_.comment_created_at as comment_3_7_1_, commentlis0_.comment_last_modified_at as comment_4_7_1_, commentlis0_.user_id as user_id6_7_1_ from comment commentlis0_ where commentlis0_.board_id=?
Hibernate: select boardlist0_.category_id as category7_4_0_, boardlist0_.board_id as board_id1_4_0_, boardlist0_.board_id as board_id1_4_1_, boardlist0_.category_id as category7_4_1_, boardlist0_.board_content as board_co2_4_1_, boardlist0_.board_created_at as board_cr3_4_1_, boardlist0_.board_last_modified_at as board_la4_4_1_, boardlist0_.board_title as board_ti5_4_1_, boardlist0_.user_id as user_id8_4_1_, boardlist0_.board_views as board_vi6_4_1_ from board boardlist0_ where boardlist0_.category_id=?
Hibernate: select count(comment0_.comment_id) as col_0_0_ from comment comment0_ where comment0_.board_id=?
Hibernate: update board set category_id=?, board_content=?, board_created_at=?, board_last_modified_at=?, board_title=?, user_id=?, board_views=? where board_id=?
Hibernate: select filepathli0_.board_board_id as board_bo1_8_0_, filepathli0_.board_file_path_list as board_fi2_8_0_ from file_path_list filepathli0_ where filepathli0_.board_board_id=?
Hibernate: select imagepathl0_.board_board_id as board_bo1_11_0_, imagepathl0_.board_image_path_list as board_im2_11_0_ from image_path_list imagepathl0_ where imagepathl0_.board_board_id=?
Hibernate: select count(*) as col_0_0_ from board board0_ where board0_.board_id=?
Hibernate: delete from reaction where reaction_id=?
Hibernate: delete from reaction where reaction_id=?
Hibernate: delete from reaction where reaction_id=?
Hibernate: delete from reaction where reaction_id=?
Hibernate: delete from reaction where reaction_id=?
Hibernate: delete from reaction where reaction_id=?
Hibernate: delete from board where board_id=?
Hibernate: select user0_.user_id as user_id1_21_0_, user0_.character_id as characte7_21_0_, user0_.user_created_at as user_cre2_21_0_, user0_.user_name as user_nam3_21_0_, user0_.user_phone_number as user_pho4_21_0_, user0_.user_user_id as user_use5_21_0_, user0_.user_user_password as user_use6_21_0_ from user user0_ where user0_.user_id=?
Hibernate: select character0_.character_id as characte1_6_0_, character0_.character_character_name as characte2_6_0_ from characters character0_ where character0_.character_id=?
Hibernate: select count(*) as col_0_0_ from user user0_ where user0_.user_id=?
Hibernate: select character1_.character_id as characte1_6_, character1_.character_character_name as characte2_6_ from user user0_ inner join characters character1_ on user0_.character_id=character1_.character_id where user0_.user_id=?
Hibernate: select permission0_.character_id as characte6_12_0_, permission0_.permission_id as permissi1_12_0_, permission0_.permission_id as permissi1_12_1_, permission0_.character_id as characte6_12_1_, permission0_.permission_name as permissi2_12_1_, permission0_.permission_permission_unit_id as permissi3_12_1_, permission0_.permission_service as permissi4_12_1_, permission0_.permission_status as permissi5_12_1_ from permission permission0_ where permission0_.character_id=?
Hibernate: select count(*) as col_0_0_ from board board0_ where board0_.board_id=?
Hibernate: select user0_.user_id as col_0_0_ from user user0_ where user0_.user_user_id=? limit ?
Hibernate: select user0_.user_id as col_0_0_ from user user0_ where user0_.user_user_id=? limit ?
Hibernate: select U.* from USER U where U.USER_USER_ID =?
Hibernate: select character0_.character_id as characte1_6_0_, character0_.character_character_name as characte2_6_0_ from characters character0_ where character0_.character_id=?
Hibernate: select user0_.user_id as user_id1_21_0_, user0_.character_id as characte7_21_0_, user0_.user_created_at as user_cre2_21_0_, user0_.user_name as user_nam3_21_0_, user0_.user_phone_number as user_pho4_21_0_, user0_.user_user_id as user_use5_21_0_, user0_.user_user_password as user_use6_21_0_ from user user0_ where user0_.user_id=?
Hibernate: select character0_.character_id as characte1_6_0_, character0_.character_character_name as characte2_6_0_ from characters character0_ where character0_.character_id=?
Hibernate: select category0_.category_id as category1_5_, category0_.category_name as category2_5_ from category category0_
Hibernate: select boardlist0_.category_id as category7_4_0_, boardlist0_.board_id as board_id1_4_0_, boardlist0_.board_id as board_id1_4_1_, boardlist0_.category_id as category7_4_1_, boardlist0_.board_content as board_co2_4_1_, boardlist0_.board_created_at as board_cr3_4_1_, boardlist0_.board_last_modified_at as board_la4_4_1_, boardlist0_.board_title as board_ti5_4_1_, boardlist0_.user_id as user_id8_4_1_, boardlist0_.board_views as board_vi6_4_1_ from board boardlist0_ where boardlist0_.category_id=?
Hibernate: select boardlist0_.category_id as category7_4_0_, boardlist0_.board_id as board_id1_4_0_, boardlist0_.board_id as board_id1_4_1_, boardlist0_.category_id as category7_4_1_, boardlist0_.board_content as board_co2_4_1_, boardlist0_.board_created_at as board_cr3_4_1_, boardlist0_.board_last_modified_at as board_la4_4_1_, boardlist0_.board_title as board_ti5_4_1_, boardlist0_.user_id as user_id8_4_1_, boardlist0_.board_views as board_vi6_4_1_ from board boardlist0_ where boardlist0_.category_id=?
Hibernate: select user0_.user_id as user_id1_21_0_, user0_.character_id as characte7_21_0_, user0_.user_created_at as user_cre2_21_0_, user0_.user_name as user_nam3_21_0_, user0_.user_phone_number as user_pho4_21_0_, user0_.user_user_id as user_use5_21_0_, user0_.user_user_password as user_use6_21_0_ from user user0_ where user0_.user_id=?
Hibernate: select character0_.character_id as characte1_6_0_, character0_.character_character_name as characte2_6_0_ from characters character0_ where character0_.character_id=?
Hibernate: select count(*) as col_0_0_ from user user0_ where user0_.user_id=?
Hibernate: select character1_.character_id as characte1_6_, character1_.character_character_name as characte2_6_ from user user0_ inner join characters character1_ on user0_.character_id=character1_.character_id where user0_.user_id=?
Hibernate: select permission0_.character_id as characte6_12_0_, permission0_.permission_id as permissi1_12_0_, permission0_.permission_id as permissi1_12_1_, permission0_.character_id as characte6_12_1_, permission0_.permission_name as permissi2_12_1_, permission0_.permission_permission_unit_id as permissi3_12_1_, permission0_.permission_service as permissi4_12_1_, permission0_.permission_status as permissi5_12_1_ from permission permission0_ where permission0_.character_id=?
Hibernate: select count(*) as col_0_0_ from category category0_ where category0_.category_id=?
Hibernate: select count(board0_.board_id) as col_0_0_ from board board0_ where board0_.category_id=?
Hibernate: select category0_.category_id as category1_5_0_, category0_.category_name as category2_5_0_ from category category0_ where category0_.category_id=?
Hibernate: select boardlist0_.category_id as category7_4_0_, boardlist0_.board_id as board_id1_4_0_, boardlist0_.board_id as board_id1_4_1_, boardlist0_.category_id as category7_4_1_, boardlist0_.board_content as board_co2_4_1_, boardlist0_.board_created_at as board_cr3_4_1_, boardlist0_.board_last_modified_at as board_la4_4_1_, boardlist0_.board_title as board_ti5_4_1_, boardlist0_.user_id as user_id8_4_1_, boardlist0_.board_views as board_vi6_4_1_ from board boardlist0_ where boardlist0_.category_id=?
Hibernate: delete from category where category_id=?
Hibernate: select user0_.user_id as user_id1_21_0_, user0_.character_id as characte7_21_0_, user0_.user_created_at as user_cre2_21_0_, user0_.user_name as user_nam3_21_0_, user0_.user_phone_number as user_pho4_21_0_, user0_.user_user_id as user_use5_21_0_, user0_.user_user_password as user_use6_21_0_ from user user0_ where user0_.user_id=?
Hibernate: select character0_.character_id as characte1_6_0_, character0_.character_character_name as characte2_6_0_ from characters character0_ where character0_.character_id=?
Hibernate: select count(*) as col_0_0_ from user user0_ where user0_.user_id=?
Hibernate: select character1_.character_id as characte1_6_, character1_.character_character_name as characte2_6_ from user user0_ inner join characters character1_ on user0_.character_id=character1_.character_id where user0_.user_id=?
Hibernate: select permission0_.character_id as characte6_12_0_, permission0_.permission_id as permissi1_12_0_, permission0_.permission_id as permissi1_12_1_, permission0_.character_id as characte6_12_1_, permission0_.permission_name as permissi2_12_1_, permission0_.permission_permission_unit_id as permissi3_12_1_, permission0_.permission_service as permissi4_12_1_, permission0_.permission_status as permissi5_12_1_ from permission permission0_ where permission0_.character_id=?
Hibernate: select count(*) as col_0_0_ from category category0_ where category0_.category_id=?
Hibernate: select count(board0_.board_id) as col_0_0_ from board board0_ where board0_.category_id=?
Hibernate: select category0_.category_id as category1_5_0_, category0_.category_name as category2_5_0_ from category category0_ where category0_.category_id=?
Hibernate: select boardlist0_.category_id as category7_4_0_, boardlist0_.board_id as board_id1_4_0_, boardlist0_.board_id as board_id1_4_1_, boardlist0_.category_id as category7_4_1_, boardlist0_.board_content as board_co2_4_1_, boardlist0_.board_created_at as board_cr3_4_1_, boardlist0_.board_last_modified_at as board_la4_4_1_, boardlist0_.board_title as board_ti5_4_1_, boardlist0_.user_id as user_id8_4_1_, boardlist0_.board_views as board_vi6_4_1_ from board boardlist0_ where boardlist0_.category_id=?
Hibernate: delete from category where category_id=?
Hibernate: select user0_.user_id as user_id1_21_0_, user0_.character_id as characte7_21_0_, user0_.user_created_at as user_cre2_21_0_, user0_.user_name as user_nam3_21_0_, user0_.user_phone_number as user_pho4_21_0_, user0_.user_user_id as user_use5_21_0_, user0_.user_user_password as user_use6_21_0_ from user user0_ where user0_.user_id=?
Hibernate: select character0_.character_id as characte1_6_0_, character0_.character_character_name as characte2_6_0_ from characters character0_ where character0_.character_id=?
Hibernate: select count(*) as col_0_0_ from user user0_ where user0_.user_id=?
Hibernate: select character1_.character_id as characte1_6_, character1_.character_character_name as characte2_6_ from user user0_ inner join characters character1_ on user0_.character_id=character1_.character_id where user0_.user_id=?
Hibernate: select permission0_.character_id as characte6_12_0_, permission0_.permission_id as permissi1_12_0_, permission0_.permission_id as permissi1_12_1_, permission0_.character_id as characte6_12_1_, permission0_.permission_name as permissi2_12_1_, permission0_.permission_permission_unit_id as permissi3_12_1_, permission0_.permission_service as permissi4_12_1_, permission0_.permission_status as permissi5_12_1_ from permission permission0_ where permission0_.character_id=?
Hibernate: select category0_.category_id as col_0_0_ from category category0_ where category0_.category_name=? limit ?
Hibernate: select category0_.category_id as category1_5_1_, category0_.category_name as category2_5_1_, boardlist1_.category_id as category7_4_3_, boardlist1_.board_id as board_id1_4_3_, boardlist1_.board_id as board_id1_4_0_, boardlist1_.category_id as category7_4_0_, boardlist1_.board_content as board_co2_4_0_, boardlist1_.board_created_at as board_cr3_4_0_, boardlist1_.board_last_modified_at as board_la4_4_0_, boardlist1_.board_title as board_ti5_4_0_, boardlist1_.user_id as user_id8_4_0_, boardlist1_.board_views as board_vi6_4_0_ from category category0_ left outer join board boardlist1_ on category0_.category_id=boardlist1_.category_id where category0_.category_id=?
Hibernate: insert into category (category_id, category_name) values (default, ?)
Hibernate: select user0_.user_id as user_id1_21_0_, user0_.character_id as characte7_21_0_, user0_.user_created_at as user_cre2_21_0_, user0_.user_name as user_nam3_21_0_, user0_.user_phone_number as user_pho4_21_0_, user0_.user_user_id as user_use5_21_0_, user0_.user_user_password as user_use6_21_0_ from user user0_ where user0_.user_id=?
Hibernate: select character0_.character_id as characte1_6_0_, character0_.character_character_name as characte2_6_0_ from characters character0_ where character0_.character_id=?
Hibernate: select count(*) as col_0_0_ from user user0_ where user0_.user_id=?
Hibernate: select character1_.character_id as characte1_6_, character1_.character_character_name as characte2_6_ from user user0_ inner join characters character1_ on user0_.character_id=character1_.character_id where user0_.user_id=?
Hibernate: select permission0_.character_id as characte6_12_0_, permission0_.permission_id as permissi1_12_0_, permission0_.permission_id as permissi1_12_1_, permission0_.character_id as characte6_12_1_, permission0_.permission_name as permissi2_12_1_, permission0_.permission_permission_unit_id as permissi3_12_1_, permission0_.permission_service as permissi4_12_1_, permission0_.permission_status as permissi5_12_1_ from permission permission0_ where permission0_.character_id=?
Hibernate: select category0_.category_id as col_0_0_ from category category0_ where category0_.category_name=? limit ?
Hibernate: select category0_.category_id as category1_5_1_, category0_.category_name as category2_5_1_, boardlist1_.category_id as category7_4_3_, boardlist1_.board_id as board_id1_4_3_, boardlist1_.board_id as board_id1_4_0_, boardlist1_.category_id as category7_4_0_, boardlist1_.board_content as board_co2_4_0_, boardlist1_.board_created_at as board_cr3_4_0_, boardlist1_.board_last_modified_at as board_la4_4_0_, boardlist1_.board_title as board_ti5_4_0_, boardlist1_.user_id as user_id8_4_0_, boardlist1_.board_views as board_vi6_4_0_ from category category0_ left outer join board boardlist1_ on category0_.category_id=boardlist1_.category_id where category0_.category_id=?
Hibernate: insert into category (category_id, category_name) values (default, ?)
Hibernate: select user0_.user_id as col_0_0_ from user user0_ where user0_.user_user_id=? limit ?
Hibernate: select user0_.user_id as col_0_0_ from user user0_ where user0_.user_user_id=? limit ?
Hibernate: select U.* from USER U where U.USER_USER_ID =?
Hibernate: select character0_.character_id as characte1_6_0_, character0_.character_character_name as characte2_6_0_ from characters character0_ where character0_.character_id=?
Hibernate: select user0_.user_id as col_0_0_ from user user0_ where user0_.user_user_id=? limit ?
Hibernate: select user0_.user_id as user_id1_21_, user0_.character_id as characte7_21_, user0_.user_created_at as user_cre2_21_, user0_.user_name as user_nam3_21_, user0_.user_phone_number as user_pho4_21_, user0_.user_user_id as user_use5_21_, user0_.user_user_password as user_use6_21_ from user user0_ inner join characters character1_ on user0_.character_id=character1_.character_id where user0_.user_user_id=?
Hibernate: select character0_.character_id as characte1_6_0_, character0_.character_character_name as characte2_6_0_ from characters character0_ where character0_.character_id=?
Hibernate: select rewardtagw0_.user_id as user_id4_16_0_, rewardtagw0_.reward_tag_wrapper_reward_id as reward_t1_16_0_, rewardtagw0_.reward_tag_wrapper_reward_id as reward_t1_16_1_, rewardtagw0_.reward_tag_wrapper_reward_presented_at as reward_t2_16_1_, rewardtagw0_.reward_tag_reward_tag_id as reward_t3_16_1_, rewardtagw0_.user_id as user_id4_16_1_ from reward_tag_wrapper rewardtagw0_ where rewardtagw0_.user_id=?
Hibernate: select user0_.user_id as user_id1_21_0_, user0_.character_id as characte7_21_0_, user0_.user_created_at as user_cre2_21_0_, user0_.user_name as user_nam3_21_0_, user0_.user_phone_number as user_pho4_21_0_, user0_.user_user_id as user_use5_21_0_, user0_.user_user_password as user_use6_21_0_ from user user0_ where user0_.user_id=?
Hibernate: select character0_.character_id as characte1_6_0_, character0_.character_character_name as characte2_6_0_ from characters character0_ where character0_.character_id=?
Hibernate: select count(*) as col_0_0_ from user user0_ where user0_.user_id=?
Hibernate: select character1_.character_id as characte1_6_, character1_.character_character_name as characte2_6_ from user user0_ inner join characters character1_ on user0_.character_id=character1_.character_id where user0_.user_id=?
Hibernate: select permission0_.character_id as characte6_12_0_, permission0_.permission_id as permissi1_12_0_, permission0_.permission_id as permissi1_12_1_, permission0_.character_id as characte6_12_1_, permission0_.permission_name as permissi2_12_1_, permission0_.permission_permission_unit_id as permissi3_12_1_, permission0_.permission_service as permissi4_12_1_, permission0_.permission_status as permissi5_12_1_ from permission permission0_ where permission0_.character_id=?
Hibernate: select count(*) as col_0_0_ from user user0_ where user0_.user_id=?
Hibernate: select user0_.user_id as user_id1_21_, user0_.character_id as characte7_21_, user0_.user_created_at as user_cre2_21_, user0_.user_name as user_nam3_21_, user0_.user_phone_number as user_pho4_21_, user0_.user_user_id as user_use5_21_, user0_.user_user_password as user_use6_21_ from user user0_ where user0_.user_id=?
Hibernate: select character0_.character_id as characte1_6_0_, character0_.character_character_name as characte2_6_0_ from characters character0_ where character0_.character_id=?
Hibernate: select rewardtagw0_.user_id as user_id4_16_0_, rewardtagw0_.reward_tag_wrapper_reward_id as reward_t1_16_0_, rewardtagw0_.reward_tag_wrapper_reward_id as reward_t1_16_1_, rewardtagw0_.reward_tag_wrapper_reward_presented_at as reward_t2_16_1_, rewardtagw0_.reward_tag_reward_tag_id as reward_t3_16_1_, rewardtagw0_.user_id as user_id4_16_1_ from reward_tag_wrapper rewardtagw0_ where rewardtagw0_.user_id=?
Hibernate: select attendance0_.attendance_user_attendance_user_id as col_0_0_ from attendance_user attendance0_ where attendance0_.user_id=? limit ?
Hibernate: DELETE FROM USER WHERE USER_ID = ?
Hibernate: select user0_.user_id as col_0_0_ from user user0_ where user0_.user_user_id=? limit ?
Hibernate: select user0_.user_id as col_0_0_ from user user0_ where user0_.user_user_id=? limit ?
Hibernate: select U.* from USER U where U.USER_USER_ID =?
Hibernate: select character0_.character_id as characte1_6_0_, character0_.character_character_name as characte2_6_0_ from characters character0_ where character0_.character_id=?
Hibernate: select user0_.user_id as user_id1_21_0_, user0_.character_id as characte7_21_0_, user0_.user_created_at as user_cre2_21_0_, user0_.user_name as user_nam3_21_0_, user0_.user_phone_number as user_pho4_21_0_, user0_.user_user_id as user_use5_21_0_, user0_.user_user_password as user_use6_21_0_ from user user0_ where user0_.user_id=?
Hibernate: select character0_.character_id as characte1_6_0_, character0_.character_character_name as characte2_6_0_ from characters character0_ where character0_.character_id=?
Hibernate: select count(*) as col_0_0_ from board board0_
Hibernate: select count(*) as col_0_0_ from board board0_
Hibernate: select user0_.user_id as col_0_0_ from user user0_ where user0_.user_user_id=? limit ?
Hibernate: select user0_.user_id as col_0_0_ from user user0_ where user0_.user_user_id=? limit ?
Hibernate: select U.* from USER U where U.USER_USER_ID =?
Hibernate: select character0_.character_id as characte1_6_0_, character0_.character_character_name as characte2_6_0_ from characters character0_ where character0_.character_id=?
Hibernate: select user0_.user_id as user_id1_21_0_, user0_.character_id as characte7_21_0_, user0_.user_created_at as user_cre2_21_0_, user0_.user_name as user_nam3_21_0_, user0_.user_phone_number as user_pho4_21_0_, user0_.user_user_id as user_use5_21_0_, user0_.user_user_password as user_use6_21_0_ from user user0_ where user0_.user_id=?
Hibernate: select character0_.character_id as characte1_6_0_, character0_.character_character_name as characte2_6_0_ from characters character0_ where character0_.character_id=?
Hibernate: select category0_.category_id as category1_5_, category0_.category_name as category2_5_ from category category0_
Hibernate: select boardlist0_.category_id as category7_4_0_, boardlist0_.board_id as board_id1_4_0_, boardlist0_.board_id as board_id1_4_1_, boardlist0_.category_id as category7_4_1_, boardlist0_.board_content as board_co2_4_1_, boardlist0_.board_created_at as board_cr3_4_1_, boardlist0_.board_last_modified_at as board_la4_4_1_, boardlist0_.board_title as board_ti5_4_1_, boardlist0_.user_id as user_id8_4_1_, boardlist0_.board_views as board_vi6_4_1_ from board boardlist0_ where boardlist0_.category_id=?
Hibernate: select boardlist0_.category_id as category7_4_0_, boardlist0_.board_id as board_id1_4_0_, boardlist0_.board_id as board_id1_4_1_, boardlist0_.category_id as category7_4_1_, boardlist0_.board_content as board_co2_4_1_, boardlist0_.board_created_at as board_cr3_4_1_, boardlist0_.board_last_modified_at as board_la4_4_1_, boardlist0_.board_title as board_ti5_4_1_, boardlist0_.user_id as user_id8_4_1_, boardlist0_.board_views as board_vi6_4_1_ from board boardlist0_ where boardlist0_.category_id=?
Hibernate: select user0_.user_id as user_id1_21_0_, user0_.character_id as characte7_21_0_, user0_.user_created_at as user_cre2_21_0_, user0_.user_name as user_nam3_21_0_, user0_.user_phone_number as user_pho4_21_0_, user0_.user_user_id as user_use5_21_0_, user0_.user_user_password as user_use6_21_0_ from user user0_ where user0_.user_id=?
Hibernate: select character0_.character_id as characte1_6_0_, character0_.character_character_name as characte2_6_0_ from characters character0_ where character0_.character_id=?
Hibernate: select count(*) as col_0_0_ from user user0_ where user0_.user_id=?
Hibernate: select character1_.character_id as characte1_6_, character1_.character_character_name as characte2_6_ from user user0_ inner join characters character1_ on user0_.character_id=character1_.character_id where user0_.user_id=?
Hibernate: select permission0_.character_id as characte6_12_0_, permission0_.permission_id as permissi1_12_0_, permission0_.permission_id as permissi1_12_1_, permission0_.character_id as characte6_12_1_, permission0_.permission_name as permissi2_12_1_, permission0_.permission_permission_unit_id as permissi3_12_1_, permission0_.permission_service as permissi4_12_1_, permission0_.permission_status as permissi5_12_1_ from permission permission0_ where permission0_.character_id=?
Hibernate: select count(*) as col_0_0_ from category category0_ where category0_.category_id=?
Hibernate: select count(board0_.board_id) as col_0_0_ from board board0_ where board0_.category_id=?
Hibernate: select category0_.category_id as category1_5_0_, category0_.category_name as category2_5_0_ from category category0_ where category0_.category_id=?
Hibernate: select boardlist0_.category_id as category7_4_0_, boardlist0_.board_id as board_id1_4_0_, boardlist0_.board_id as board_id1_4_1_, boardlist0_.category_id as category7_4_1_, boardlist0_.board_content as board_co2_4_1_, boardlist0_.board_created_at as board_cr3_4_1_, boardlist0_.board_last_modified_at as board_la4_4_1_, boardlist0_.board_title as board_ti5_4_1_, boardlist0_.user_id as user_id8_4_1_, boardlist0_.board_views as board_vi6_4_1_ from board boardlist0_ where boardlist0_.category_id=?
Hibernate: delete from category where category_id=?
Hibernate: select user0_.user_id as user_id1_21_0_, user0_.character_id as characte7_21_0_, user0_.user_created_at as user_cre2_21_0_, user0_.user_name as user_nam3_21_0_, user0_.user_phone_number as user_pho4_21_0_, user0_.user_user_id as user_use5_21_0_, user0_.user_user_password as user_use6_21_0_ from user user0_ where user0_.user_id=?
Hibernate: select character0_.character_id as characte1_6_0_, character0_.character_character_name as characte2_6_0_ from characters character0_ where character0_.character_id=?
Hibernate: select count(*) as col_0_0_ from user user0_ where user0_.user_id=?
Hibernate: select character1_.character_id as characte1_6_, character1_.character_character_name as characte2_6_ from user user0_ inner join characters character1_ on user0_.character_id=character1_.character_id where user0_.user_id=?
Hibernate: select permission0_.character_id as characte6_12_0_, permission0_.permission_id as permissi1_12_0_, permission0_.permission_id as permissi1_12_1_, permission0_.character_id as characte6_12_1_, permission0_.permission_name as permissi2_12_1_, permission0_.permission_permission_unit_id as permissi3_12_1_, permission0_.permission_service as permissi4_12_1_, permission0_.permission_status as permissi5_12_1_ from permission permission0_ where permission0_.character_id=?
Hibernate: select count(*) as col_0_0_ from category category0_ where category0_.category_id=?
Hibernate: select count(board0_.board_id) as col_0_0_ from board board0_ where board0_.category_id=?
Hibernate: select category0_.category_id as category1_5_0_, category0_.category_name as category2_5_0_ from category category0_ where category0_.category_id=?
Hibernate: select boardlist0_.category_id as category7_4_0_, boardlist0_.board_id as board_id1_4_0_, boardlist0_.board_id as board_id1_4_1_, boardlist0_.category_id as category7_4_1_, boardlist0_.board_content as board_co2_4_1_, boardlist0_.board_created_at as board_cr3_4_1_, boardlist0_.board_last_modified_at as board_la4_4_1_, boardlist0_.board_title as board_ti5_4_1_, boardlist0_.user_id as user_id8_4_1_, boardlist0_.board_views as board_vi6_4_1_ from board boardlist0_ where boardlist0_.category_id=?
Hibernate: delete from category where category_id=?
Hibernate: select user0_.user_id as user_id1_21_0_, user0_.character_id as characte7_21_0_, user0_.user_created_at as user_cre2_21_0_, user0_.user_name as user_nam3_21_0_, user0_.user_phone_number as user_pho4_21_0_, user0_.user_user_id as user_use5_21_0_, user0_.user_user_password as user_use6_21_0_ from user user0_ where user0_.user_id=?
Hibernate: select character0_.character_id as characte1_6_0_, character0_.character_character_name as characte2_6_0_ from characters character0_ where character0_.character_id=?
Hibernate: select count(*) as col_0_0_ from user user0_ where user0_.user_id=?
Hibernate: select character1_.character_id as characte1_6_, character1_.character_character_name as characte2_6_ from user user0_ inner join characters character1_ on user0_.character_id=character1_.character_id where user0_.user_id=?
Hibernate: select permission0_.character_id as characte6_12_0_, permission0_.permission_id as permissi1_12_0_, permission0_.permission_id as permissi1_12_1_, permission0_.character_id as characte6_12_1_, permission0_.permission_name as permissi2_12_1_, permission0_.permission_permission_unit_id as permissi3_12_1_, permission0_.permission_service as permissi4_12_1_, permission0_.permission_status as permissi5_12_1_ from permission permission0_ where permission0_.character_id=?
Hibernate: select category0_.category_id as col_0_0_ from category category0_ where category0_.category_name=? limit ?
Hibernate: select category0_.category_id as category1_5_1_, category0_.category_name as category2_5_1_, boardlist1_.category_id as category7_4_3_, boardlist1_.board_id as board_id1_4_3_, boardlist1_.board_id as board_id1_4_0_, boardlist1_.category_id as category7_4_0_, boardlist1_.board_content as board_co2_4_0_, boardlist1_.board_created_at as board_cr3_4_0_, boardlist1_.board_last_modified_at as board_la4_4_0_, boardlist1_.board_title as board_ti5_4_0_, boardlist1_.user_id as user_id8_4_0_, boardlist1_.board_views as board_vi6_4_0_ from category category0_ left outer join board boardlist1_ on category0_.category_id=boardlist1_.category_id where category0_.category_id=?
Hibernate: insert into category (category_id, category_name) values (default, ?)
Hibernate: select user0_.user_id as user_id1_21_0_, user0_.character_id as characte7_21_0_, user0_.user_created_at as user_cre2_21_0_, user0_.user_name as user_nam3_21_0_, user0_.user_phone_number as user_pho4_21_0_, user0_.user_user_id as user_use5_21_0_, user0_.user_user_password as user_use6_21_0_ from user user0_ where user0_.user_id=?
Hibernate: select character0_.character_id as characte1_6_0_, character0_.character_character_name as characte2_6_0_ from characters character0_ where character0_.character_id=?
Hibernate: select count(*) as col_0_0_ from user user0_ where user0_.user_id=?
Hibernate: select character1_.character_id as characte1_6_, character1_.character_character_name as characte2_6_ from user user0_ inner join characters character1_ on user0_.character_id=character1_.character_id where user0_.user_id=?
Hibernate: select permission0_.character_id as characte6_12_0_, permission0_.permission_id as permissi1_12_0_, permission0_.permission_id as permissi1_12_1_, permission0_.character_id as characte6_12_1_, permission0_.permission_name as permissi2_12_1_, permission0_.permission_permission_unit_id as permissi3_12_1_, permission0_.permission_service as permissi4_12_1_, permission0_.permission_status as permissi5_12_1_ from permission permission0_ where permission0_.character_id=?
Hibernate: select category0_.category_id as col_0_0_ from category category0_ where category0_.category_name=? limit ?
Hibernate: select category0_.category_id as category1_5_1_, category0_.category_name as category2_5_1_, boardlist1_.category_id as category7_4_3_, boardlist1_.board_id as board_id1_4_3_, boardlist1_.board_id as board_id1_4_0_, boardlist1_.category_id as category7_4_0_, boardlist1_.board_content as board_co2_4_0_, boardlist1_.board_created_at as board_cr3_4_0_, boardlist1_.board_last_modified_at as board_la4_4_0_, boardlist1_.board_title as board_ti5_4_0_, boardlist1_.user_id as user_id8_4_0_, boardlist1_.board_views as board_vi6_4_0_ from category category0_ left outer join board boardlist1_ on category0_.category_id=boardlist1_.category_id where category0_.category_id=?
Hibernate: insert into category (category_id, category_name) values (default, ?)
Hibernate: select user0_.user_id as col_0_0_ from user user0_ where user0_.user_user_id=? limit ?
Hibernate: select user0_.user_id as col_0_0_ from user user0_ where user0_.user_user_id=? limit ?
Hibernate: select U.* from USER U where U.USER_USER_ID =?
Hibernate: select character0_.character_id as characte1_6_0_, character0_.character_character_name as characte2_6_0_ from characters character0_ where character0_.character_id=?
Hibernate: select user0_.user_id as col_0_0_ from user user0_ where user0_.user_user_id=? limit ?
Hibernate: select user0_.user_id as col_0_0_ from user user0_ where user0_.user_user_id=? limit ?
Hibernate: select U.* from USER U where U.USER_USER_ID =?
Hibernate: select character0_.character_id as characte1_6_0_, character0_.character_character_name as characte2_6_0_ from characters character0_ where character0_.character_id=?
Hibernate: select user0_.user_id as user_id1_21_0_, user0_.character_id as characte7_21_0_, user0_.user_created_at as user_cre2_21_0_, user0_.user_name as user_nam3_21_0_, user0_.user_phone_number as user_pho4_21_0_, user0_.user_user_id as user_use5_21_0_, user0_.user_user_password as user_use6_21_0_ from user user0_ where user0_.user_id=?
Hibernate: select character0_.character_id as characte1_6_0_, character0_.character_character_name as characte2_6_0_ from characters character0_ where character0_.character_id=?
Hibernate: select count(*) as col_0_0_ from user user0_ where user0_.user_id=?
Hibernate: select character1_.character_id as characte1_6_, character1_.character_character_name as characte2_6_ from user user0_ inner join characters character1_ on user0_.character_id=character1_.character_id where user0_.user_id=?
Hibernate: select permission0_.character_id as characte6_12_0_, permission0_.permission_id as permissi1_12_0_, permission0_.permission_id as permissi1_12_1_, permission0_.character_id as characte6_12_1_, permission0_.permission_name as permissi2_12_1_, permission0_.permission_permission_unit_id as permissi3_12_1_, permission0_.permission_service as permissi4_12_1_, permission0_.permission_status as permissi5_12_1_ from permission permission0_ where permission0_.character_id=?
Hibernate: select category0_.category_id as col_0_0_ from category category0_ where category0_.category_name=? limit ?
Hibernate: select category0_.category_id as category1_5_1_, category0_.category_name as category2_5_1_, boardlist1_.category_id as category7_4_3_, boardlist1_.board_id as board_id1_4_3_, boardlist1_.board_id as board_id1_4_0_, boardlist1_.category_id as category7_4_0_, boardlist1_.board_content as board_co2_4_0_, boardlist1_.board_created_at as board_cr3_4_0_, boardlist1_.board_last_modified_at as board_la4_4_0_, boardlist1_.board_title as board_ti5_4_0_, boardlist1_.user_id as user_id8_4_0_, boardlist1_.board_views as board_vi6_4_0_ from category category0_ left outer join board boardlist1_ on category0_.category_id=boardlist1_.category_id where category0_.category_id=?
Hibernate: insert into category (category_id, category_name) values (default, ?)
Hibernate: select user0_.user_id as user_id1_21_0_, user0_.character_id as characte7_21_0_, user0_.user_created_at as user_cre2_21_0_, user0_.user_name as user_nam3_21_0_, user0_.user_phone_number as user_pho4_21_0_, user0_.user_user_id as user_use5_21_0_, user0_.user_user_password as user_use6_21_0_ from user user0_ where user0_.user_id=?
Hibernate: select character0_.character_id as characte1_6_0_, character0_.character_character_name as characte2_6_0_ from characters character0_ where character0_.character_id=?
Hibernate: select category0_.category_id as category1_5_, category0_.category_name as category2_5_ from category category0_
Hibernate: select boardlist0_.category_id as category7_4_0_, boardlist0_.board_id as board_id1_4_0_, boardlist0_.board_id as board_id1_4_1_, boardlist0_.category_id as category7_4_1_, boardlist0_.board_content as board_co2_4_1_, boardlist0_.board_created_at as board_cr3_4_1_, boardlist0_.board_last_modified_at as board_la4_4_1_, boardlist0_.board_title as board_ti5_4_1_, boardlist0_.user_id as user_id8_4_1_, boardlist0_.board_views as board_vi6_4_1_ from board boardlist0_ where boardlist0_.category_id=?
Hibernate: select boardlist0_.category_id as category7_4_0_, boardlist0_.board_id as board_id1_4_0_, boardlist0_.board_id as board_id1_4_1_, boardlist0_.category_id as category7_4_1_, boardlist0_.board_content as board_co2_4_1_, boardlist0_.board_created_at as board_cr3_4_1_, boardlist0_.board_last_modified_at as board_la4_4_1_, boardlist0_.board_title as board_ti5_4_1_, boardlist0_.user_id as user_id8_4_1_, boardlist0_.board_views as board_vi6_4_1_ from board boardlist0_ where boardlist0_.category_id=?
Hibernate: select boardlist0_.category_id as category7_4_0_, boardlist0_.board_id as board_id1_4_0_, boardlist0_.board_id as board_id1_4_1_, boardlist0_.category_id as category7_4_1_, boardlist0_.board_content as board_co2_4_1_, boardlist0_.board_created_at as board_cr3_4_1_, boardlist0_.board_last_modified_at as board_la4_4_1_, boardlist0_.board_title as board_ti5_4_1_, boardlist0_.user_id as user_id8_4_1_, boardlist0_.board_views as board_vi6_4_1_ from board boardlist0_ where boardlist0_.category_id=?
Hibernate: select user0_.user_id as col_0_0_ from user user0_ where user0_.user_user_id=? limit ?
Hibernate: select user0_.user_id as col_0_0_ from user user0_ where user0_.user_user_id=? limit ?
Hibernate: select U.* from USER U where U.USER_USER_ID =?
Hibernate: select character0_.character_id as characte1_6_0_, character0_.character_character_name as characte2_6_0_ from characters character0_ where character0_.character_id=?
Hibernate: select user0_.user_id as col_0_0_ from user user0_ where user0_.user_user_id=? limit ?
Hibernate: select userjoinin0_.user_joining_pool_id as col_0_0_ from user_joining_pool userjoinin0_ where userjoinin0_.user_user_id=? limit ?
Hibernate: select character0_.character_id as col_0_0_ from characters character0_ where character0_.character_character_name=? limit ?
Hibernate: insert into user_joining_pool (user_joining_pool_id, user_created_at, user_name, user_phone_number, user_user_id, user_user_password) values (default, ?, ?, ?, ?, ?)
Hibernate: select user0_.user_id as user_id1_21_0_, user0_.character_id as characte7_21_0_, user0_.user_created_at as user_cre2_21_0_, user0_.user_name as user_nam3_21_0_, user0_.user_phone_number as user_pho4_21_0_, user0_.user_user_id as user_use5_21_0_, user0_.user_user_password as user_use6_21_0_ from user user0_ where user0_.user_id=?
Hibernate: select character0_.character_id as characte1_6_0_, character0_.character_character_name as characte2_6_0_ from characters character0_ where character0_.character_id=?
Hibernate: select count(*) as col_0_0_ from user user0_ where user0_.user_id=?
Hibernate: select character1_.character_id as characte1_6_, character1_.character_character_name as characte2_6_ from user user0_ inner join characters character1_ on user0_.character_id=character1_.character_id where user0_.user_id=?
Hibernate: select permission0_.character_id as characte6_12_0_, permission0_.permission_id as permissi1_12_0_, permission0_.permission_id as permissi1_12_1_, permission0_.character_id as characte6_12_1_, permission0_.permission_name as permissi2_12_1_, permission0_.permission_permission_unit_id as permissi3_12_1_, permission0_.permission_service as permissi4_12_1_, permission0_.permission_status as permissi5_12_1_ from permission permission0_ where permission0_.character_id=?
Hibernate: select userjoinin0_.user_joining_pool_id as col_0_0_ from user_joining_pool userjoinin0_ where userjoinin0_.user_user_id=? limit ?
Hibernate: select userjoinin0_.user_joining_pool_id as user_joi1_22_, userjoinin0_.user_created_at as user_cre2_22_, userjoinin0_.user_name as user_nam3_22_, userjoinin0_.user_phone_number as user_pho4_22_, userjoinin0_.user_user_id as user_use5_22_, userjoinin0_.user_user_password as user_use6_22_ from user_joining_pool userjoinin0_ where userjoinin0_.user_user_id=?
Hibernate: select character0_.character_id as characte1_6_, character0_.character_character_name as characte2_6_ from characters character0_ where character0_.character_character_name=?
Hibernate: insert into user (user_id, character_id, user_created_at, user_name, user_phone_number, user_user_id, user_user_password) values (default, ?, ?, ?, ?, ?, ?)
Hibernate: DELETE FROM USER_JOINING_POOL as JU where JU.USER_USER_ID =?
Hibernate: select user0_.user_id as col_0_0_ from user user0_ where user0_.user_user_id=? limit ?
Hibernate: select user0_.user_id as col_0_0_ from user user0_ where user0_.user_user_id=? limit ?
Hibernate: select U.* from USER U where U.USER_USER_ID =?
Hibernate: select character0_.character_id as characte1_6_0_, character0_.character_character_name as characte2_6_0_ from characters character0_ where character0_.character_id=?
Hibernate: select user0_.user_id as user_id1_21_0_, user0_.character_id as characte7_21_0_, user0_.user_created_at as user_cre2_21_0_, user0_.user_name as user_nam3_21_0_, user0_.user_phone_number as user_pho4_21_0_, user0_.user_user_id as user_use5_21_0_, user0_.user_user_password as user_use6_21_0_ from user user0_ where user0_.user_id=?
Hibernate: select character0_.character_id as characte1_6_0_, character0_.character_character_name as characte2_6_0_ from characters character0_ where character0_.character_id=?
Hibernate: select count(*) as col_0_0_ from user user0_ where user0_.user_id=?
Hibernate: select character1_.character_id as characte1_6_, character1_.character_character_name as characte2_6_ from user user0_ inner join characters character1_ on user0_.character_id=character1_.character_id where user0_.user_id=?
Hibernate: select permission0_.character_id as characte6_12_0_, permission0_.permission_id as permissi1_12_0_, permission0_.permission_id as permissi1_12_1_, permission0_.character_id as characte6_12_1_, permission0_.permission_name as permissi2_12_1_, permission0_.permission_permission_unit_id as permissi3_12_1_, permission0_.permission_service as permissi4_12_1_, permission0_.permission_status as permissi5_12_1_ from permission permission0_ where permission0_.character_id=?
Hibernate: select user0_.user_id as col_0_0_ from user user0_ where user0_.user_user_id=? limit ?
Hibernate: select user0_.user_id as col_0_0_ from user user0_ where user0_.user_user_id=? limit ?
Hibernate: select U.* from USER U where U.USER_USER_ID =?
Hibernate: select character0_.character_id as characte1_6_0_, character0_.character_character_name as characte2_6_0_ from characters character0_ where character0_.character_id=?
Hibernate: select user0_.user_id as user_id1_21_0_, user0_.character_id as characte7_21_0_, user0_.user_created_at as user_cre2_21_0_, user0_.user_name as user_nam3_21_0_, user0_.user_phone_number as user_pho4_21_0_, user0_.user_user_id as user_use5_21_0_, user0_.user_user_password as user_use6_21_0_ from user user0_ where user0_.user_id=?
Hibernate: select character0_.character_id as characte1_6_0_, character0_.character_character_name as characte2_6_0_ from characters character0_ where character0_.character_id=?
Hibernate: select count(*) as col_0_0_ from board board0_
Hibernate: select count(*) as col_0_0_ from board board0_
Hibernate: select user0_.user_id as col_0_0_ from user user0_ where user0_.user_user_id=? limit ?
Hibernate: select user0_.user_id as col_0_0_ from user user0_ where user0_.user_user_id=? limit ?
Hibernate: select U.* from USER U where U.USER_USER_ID =?
Hibernate: select character0_.character_id as characte1_6_0_, character0_.character_character_name as characte2_6_0_ from characters character0_ where character0_.character_id=?
Hibernate: select user0_.user_id as user_id1_21_0_, user0_.character_id as characte7_21_0_, user0_.user_created_at as user_cre2_21_0_, user0_.user_name as user_nam3_21_0_, user0_.user_phone_number as user_pho4_21_0_, user0_.user_user_id as user_use5_21_0_, user0_.user_user_password as user_use6_21_0_ from user user0_ where user0_.user_id=?
Hibernate: select character0_.character_id as characte1_6_0_, character0_.character_character_name as characte2_6_0_ from characters character0_ where character0_.character_id=?
Hibernate: select category0_.category_id as category1_5_, category0_.category_name as category2_5_ from category category0_
Hibernate: select boardlist0_.category_id as category7_4_0_, boardlist0_.board_id as board_id1_4_0_, boardlist0_.board_id as board_id1_4_1_, boardlist0_.category_id as category7_4_1_, boardlist0_.board_content as board_co2_4_1_, boardlist0_.board_created_at as board_cr3_4_1_, boardlist0_.board_last_modified_at as board_la4_4_1_, boardlist0_.board_title as board_ti5_4_1_, boardlist0_.user_id as user_id8_4_1_, boardlist0_.board_views as board_vi6_4_1_ from board boardlist0_ where boardlist0_.category_id=?
Hibernate: select boardlist0_.category_id as category7_4_0_, boardlist0_.board_id as board_id1_4_0_, boardlist0_.board_id as board_id1_4_1_, boardlist0_.category_id as category7_4_1_, boardlist0_.board_content as board_co2_4_1_, boardlist0_.board_created_at as board_cr3_4_1_, boardlist0_.board_last_modified_at as board_la4_4_1_, boardlist0_.board_title as board_ti5_4_1_, boardlist0_.user_id as user_id8_4_1_, boardlist0_.board_views as board_vi6_4_1_ from board boardlist0_ where boardlist0_.category_id=?
Hibernate: select boardlist0_.category_id as category7_4_0_, boardlist0_.board_id as board_id1_4_0_, boardlist0_.board_id as board_id1_4_1_, boardlist0_.category_id as category7_4_1_, boardlist0_.board_content as board_co2_4_1_, boardlist0_.board_created_at as board_cr3_4_1_, boardlist0_.board_last_modified_at as board_la4_4_1_, boardlist0_.board_title as board_ti5_4_1_, boardlist0_.user_id as user_id8_4_1_, boardlist0_.board_views as board_vi6_4_1_ from board boardlist0_ where boardlist0_.category_id=?
Hibernate: select user0_.user_id as user_id1_21_0_, user0_.character_id as characte7_21_0_, user0_.user_created_at as user_cre2_21_0_, user0_.user_name as user_nam3_21_0_, user0_.user_phone_number as user_pho4_21_0_, user0_.user_user_id as user_use5_21_0_, user0_.user_user_password as user_use6_21_0_ from user user0_ where user0_.user_id=?
Hibernate: select character0_.character_id as characte1_6_0_, character0_.character_character_name as characte2_6_0_ from characters character0_ where character0_.character_id=?
Hibernate: select count(*) as col_0_0_ from user user0_ where user0_.user_id=?
Hibernate: select character1_.character_id as characte1_6_, character1_.character_character_name as characte2_6_ from user user0_ inner join characters character1_ on user0_.character_id=character1_.character_id where user0_.user_id=?
Hibernate: select permission0_.character_id as characte6_12_0_, permission0_.permission_id as permissi1_12_0_, permission0_.permission_id as permissi1_12_1_, permission0_.character_id as characte6_12_1_, permission0_.permission_name as permissi2_12_1_, permission0_.permission_permission_unit_id as permissi3_12_1_, permission0_.permission_service as permissi4_12_1_, permission0_.permission_status as permissi5_12_1_ from permission permission0_ where permission0_.character_id=?
Hibernate: select count(*) as col_0_0_ from category category0_ where category0_.category_id=?
Hibernate: select count(board0_.board_id) as col_0_0_ from board board0_ where board0_.category_id=?
Hibernate: select category0_.category_id as category1_5_0_, category0_.category_name as category2_5_0_ from category category0_ where category0_.category_id=?
Hibernate: select boardlist0_.category_id as category7_4_0_, boardlist0_.board_id as board_id1_4_0_, boardlist0_.board_id as board_id1_4_1_, boardlist0_.category_id as category7_4_1_, boardlist0_.board_content as board_co2_4_1_, boardlist0_.board_created_at as board_cr3_4_1_, boardlist0_.board_last_modified_at as board_la4_4_1_, boardlist0_.board_title as board_ti5_4_1_, boardlist0_.user_id as user_id8_4_1_, boardlist0_.board_views as board_vi6_4_1_ from board boardlist0_ where boardlist0_.category_id=?
Hibernate: delete from category where category_id=?
Hibernate: select user0_.user_id as user_id1_21_0_, user0_.character_id as characte7_21_0_, user0_.user_created_at as user_cre2_21_0_, user0_.user_name as user_nam3_21_0_, user0_.user_phone_number as user_pho4_21_0_, user0_.user_user_id as user_use5_21_0_, user0_.user_user_password as user_use6_21_0_ from user user0_ where user0_.user_id=?
Hibernate: select character0_.character_id as characte1_6_0_, character0_.character_character_name as characte2_6_0_ from characters character0_ where character0_.character_id=?
Hibernate: select count(*) as col_0_0_ from user user0_ where user0_.user_id=?
Hibernate: select character1_.character_id as characte1_6_, character1_.character_character_name as characte2_6_ from user user0_ inner join characters character1_ on user0_.character_id=character1_.character_id where user0_.user_id=?
Hibernate: select permission0_.character_id as characte6_12_0_, permission0_.permission_id as permissi1_12_0_, permission0_.permission_id as permissi1_12_1_, permission0_.character_id as characte6_12_1_, permission0_.permission_name as permissi2_12_1_, permission0_.permission_permission_unit_id as permissi3_12_1_, permission0_.permission_service as permissi4_12_1_, permission0_.permission_status as permissi5_12_1_ from permission permission0_ where permission0_.character_id=?
Hibernate: select count(*) as col_0_0_ from category category0_ where category0_.category_id=?
Hibernate: select count(board0_.board_id) as col_0_0_ from board board0_ where board0_.category_id=?
Hibernate: select category0_.category_id as category1_5_0_, category0_.category_name as category2_5_0_ from category category0_ where category0_.category_id=?
Hibernate: select boardlist0_.category_id as category7_4_0_, boardlist0_.board_id as board_id1_4_0_, boardlist0_.board_id as board_id1_4_1_, boardlist0_.category_id as category7_4_1_, boardlist0_.board_content as board_co2_4_1_, boardlist0_.board_created_at as board_cr3_4_1_, boardlist0_.board_last_modified_at as board_la4_4_1_, boardlist0_.board_title as board_ti5_4_1_, boardlist0_.user_id as user_id8_4_1_, boardlist0_.board_views as board_vi6_4_1_ from board boardlist0_ where boardlist0_.category_id=?
Hibernate: delete from category where category_id=?
Hibernate: select user0_.user_id as user_id1_21_0_, user0_.character_id as characte7_21_0_, user0_.user_created_at as user_cre2_21_0_, user0_.user_name as user_nam3_21_0_, user0_.user_phone_number as user_pho4_21_0_, user0_.user_user_id as user_use5_21_0_, user0_.user_user_password as user_use6_21_0_ from user user0_ where user0_.user_id=?
Hibernate: select character0_.character_id as characte1_6_0_, character0_.character_character_name as characte2_6_0_ from characters character0_ where character0_.character_id=?
Hibernate: select count(*) as col_0_0_ from user user0_ where user0_.user_id=?
Hibernate: select character1_.character_id as characte1_6_, character1_.character_character_name as characte2_6_ from user user0_ inner join characters character1_ on user0_.character_id=character1_.character_id where user0_.user_id=?
Hibernate: select permission0_.character_id as characte6_12_0_, permission0_.permission_id as permissi1_12_0_, permission0_.permission_id as permissi1_12_1_, permission0_.character_id as characte6_12_1_, permission0_.permission_name as permissi2_12_1_, permission0_.permission_permission_unit_id as permissi3_12_1_, permission0_.permission_service as permissi4_12_1_, permission0_.permission_status as permissi5_12_1_ from permission permission0_ where permission0_.character_id=?
Hibernate: select count(*) as col_0_0_ from category category0_ where category0_.category_id=?
Hibernate: select count(board0_.board_id) as col_0_0_ from board board0_ where board0_.category_id=?
Hibernate: select category0_.category_id as category1_5_0_, category0_.category_name as category2_5_0_ from category category0_ where category0_.category_id=?
Hibernate: select boardlist0_.category_id as category7_4_0_, boardlist0_.board_id as board_id1_4_0_, boardlist0_.board_id as board_id1_4_1_, boardlist0_.category_id as category7_4_1_, boardlist0_.board_content as board_co2_4_1_, boardlist0_.board_created_at as board_cr3_4_1_, boardlist0_.board_last_modified_at as board_la4_4_1_, boardlist0_.board_title as board_ti5_4_1_, boardlist0_.user_id as user_id8_4_1_, boardlist0_.board_views as board_vi6_4_1_ from board boardlist0_ where boardlist0_.category_id=?
Hibernate: delete from category where category_id=?
Hibernate: select user0_.user_id as user_id1_21_0_, user0_.character_id as characte7_21_0_, user0_.user_created_at as user_cre2_21_0_, user0_.user_name as user_nam3_21_0_, user0_.user_phone_number as user_pho4_21_0_, user0_.user_user_id as user_use5_21_0_, user0_.user_user_password as user_use6_21_0_ from user user0_ where user0_.user_id=?
Hibernate: select character0_.character_id as characte1_6_0_, character0_.character_character_name as characte2_6_0_ from characters character0_ where character0_.character_id=?
Hibernate: select count(*) as col_0_0_ from user user0_ where user0_.user_id=?
Hibernate: select character1_.character_id as characte1_6_, character1_.character_character_name as characte2_6_ from user user0_ inner join characters character1_ on user0_.character_id=character1_.character_id where user0_.user_id=?
Hibernate: select permission0_.character_id as characte6_12_0_, permission0_.permission_id as permissi1_12_0_, permission0_.permission_id as permissi1_12_1_, permission0_.character_id as characte6_12_1_, permission0_.permission_name as permissi2_12_1_, permission0_.permission_permission_unit_id as permissi3_12_1_, permission0_.permission_service as permissi4_12_1_, permission0_.permission_status as permissi5_12_1_ from permission permission0_ where permission0_.character_id=?
Hibernate: select category0_.category_id as col_0_0_ from category category0_ where category0_.category_name=? limit ?
Hibernate: select category0_.category_id as category1_5_1_, category0_.category_name as category2_5_1_, boardlist1_.category_id as category7_4_3_, boardlist1_.board_id as board_id1_4_3_, boardlist1_.board_id as board_id1_4_0_, boardlist1_.category_id as category7_4_0_, boardlist1_.board_content as board_co2_4_0_, boardlist1_.board_created_at as board_cr3_4_0_, boardlist1_.board_last_modified_at as board_la4_4_0_, boardlist1_.board_title as board_ti5_4_0_, boardlist1_.user_id as user_id8_4_0_, boardlist1_.board_views as board_vi6_4_0_ from category category0_ left outer join board boardlist1_ on category0_.category_id=boardlist1_.category_id where category0_.category_id=?
Hibernate: insert into category (category_id, category_name) values (default, ?)
Hibernate: select user0_.user_id as user_id1_21_0_, user0_.character_id as characte7_21_0_, user0_.user_created_at as user_cre2_21_0_, user0_.user_name as user_nam3_21_0_, user0_.user_phone_number as user_pho4_21_0_, user0_.user_user_id as user_use5_21_0_, user0_.user_user_password as user_use6_21_0_ from user user0_ where user0_.user_id=?
Hibernate: select character0_.character_id as characte1_6_0_, character0_.character_character_name as characte2_6_0_ from characters character0_ where character0_.character_id=?
Hibernate: select count(*) as col_0_0_ from user user0_ where user0_.user_id=?
Hibernate: select character1_.character_id as characte1_6_, character1_.character_character_name as characte2_6_ from user user0_ inner join characters character1_ on user0_.character_id=character1_.character_id where user0_.user_id=?
Hibernate: select permission0_.character_id as characte6_12_0_, permission0_.permission_id as permissi1_12_0_, permission0_.permission_id as permissi1_12_1_, permission0_.character_id as characte6_12_1_, permission0_.permission_name as permissi2_12_1_, permission0_.permission_permission_unit_id as permissi3_12_1_, permission0_.permission_service as permissi4_12_1_, permission0_.permission_status as permissi5_12_1_ from permission permission0_ where permission0_.character_id=?
Hibernate: select category0_.category_id as col_0_0_ from category category0_ where category0_.category_name=? limit ?
Hibernate: select category0_.category_id as category1_5_1_, category0_.category_name as category2_5_1_, boardlist1_.category_id as category7_4_3_, boardlist1_.board_id as board_id1_4_3_, boardlist1_.board_id as board_id1_4_0_, boardlist1_.category_id as category7_4_0_, boardlist1_.board_content as board_co2_4_0_, boardlist1_.board_created_at as board_cr3_4_0_, boardlist1_.board_last_modified_at as board_la4_4_0_, boardlist1_.board_title as board_ti5_4_0_, boardlist1_.user_id as user_id8_4_0_, boardlist1_.board_views as board_vi6_4_0_ from category category0_ left outer join board boardlist1_ on category0_.category_id=boardlist1_.category_id where category0_.category_id=?
Hibernate: insert into category (category_id, category_name) values (default, ?)
Hibernate: select user0_.user_id as col_0_0_ from user user0_ where user0_.user_user_id=? limit ?
Hibernate: select user0_.user_id as col_0_0_ from user user0_ where user0_.user_user_id=? limit ?
Hibernate: select U.* from USER U where U.USER_USER_ID =?
Hibernate: select character0_.character_id as characte1_6_0_, character0_.character_character_name as characte2_6_0_ from characters character0_ where character0_.character_id=?
Hibernate: select user0_.user_id as col_0_0_ from user user0_ where user0_.user_user_id=? limit ?
Hibernate: select user0_.user_id as user_id1_21_, user0_.character_id as characte7_21_, user0_.user_created_at as user_cre2_21_, user0_.user_name as user_nam3_21_, user0_.user_phone_number as user_pho4_21_, user0_.user_user_id as user_use5_21_, user0_.user_user_password as user_use6_21_ from user user0_ inner join characters character1_ on user0_.character_id=character1_.character_id where user0_.user_user_id=?
Hibernate: select character0_.character_id as characte1_6_0_, character0_.character_character_name as characte2_6_0_ from characters character0_ where character0_.character_id=?
Hibernate: select rewardtagw0_.user_id as user_id4_16_0_, rewardtagw0_.reward_tag_wrapper_reward_id as reward_t1_16_0_, rewardtagw0_.reward_tag_wrapper_reward_id as reward_t1_16_1_, rewardtagw0_.reward_tag_wrapper_reward_presented_at as reward_t2_16_1_, rewardtagw0_.reward_tag_reward_tag_id as reward_t3_16_1_, rewardtagw0_.user_id as user_id4_16_1_ from reward_tag_wrapper rewardtagw0_ where rewardtagw0_.user_id=?
Hibernate: select user0_.user_id as user_id1_21_0_, user0_.character_id as characte7_21_0_, user0_.user_created_at as user_cre2_21_0_, user0_.user_name as user_nam3_21_0_, user0_.user_phone_number as user_pho4_21_0_, user0_.user_user_id as user_use5_21_0_, user0_.user_user_password as user_use6_21_0_ from user user0_ where user0_.user_id=?
Hibernate: select character0_.character_id as characte1_6_0_, character0_.character_character_name as characte2_6_0_ from characters character0_ where character0_.character_id=?
Hibernate: select count(*) as col_0_0_ from user user0_ where user0_.user_id=?
Hibernate: select character1_.character_id as characte1_6_, character1_.character_character_name as characte2_6_ from user user0_ inner join characters character1_ on user0_.character_id=character1_.character_id where user0_.user_id=?
Hibernate: select permission0_.character_id as characte6_12_0_, permission0_.permission_id as permissi1_12_0_, permission0_.permission_id as permissi1_12_1_, permission0_.character_id as characte6_12_1_, permission0_.permission_name as permissi2_12_1_, permission0_.permission_permission_unit_id as permissi3_12_1_, permission0_.permission_service as permissi4_12_1_, permission0_.permission_status as permissi5_12_1_ from permission permission0_ where permission0_.character_id=?
Hibernate: select count(*) as col_0_0_ from user user0_ where user0_.user_id=?
Hibernate: select user0_.user_id as user_id1_21_, user0_.character_id as characte7_21_, user0_.user_created_at as user_cre2_21_, user0_.user_name as user_nam3_21_, user0_.user_phone_number as user_pho4_21_, user0_.user_user_id as user_use5_21_, user0_.user_user_password as user_use6_21_ from user user0_ where user0_.user_id=?
Hibernate: select character0_.character_id as characte1_6_0_, character0_.character_character_name as characte2_6_0_ from characters character0_ where character0_.character_id=?
Hibernate: select rewardtagw0_.user_id as user_id4_16_0_, rewardtagw0_.reward_tag_wrapper_reward_id as reward_t1_16_0_, rewardtagw0_.reward_tag_wrapper_reward_id as reward_t1_16_1_, rewardtagw0_.reward_tag_wrapper_reward_presented_at as reward_t2_16_1_, rewardtagw0_.reward_tag_reward_tag_id as reward_t3_16_1_, rewardtagw0_.user_id as user_id4_16_1_ from reward_tag_wrapper rewardtagw0_ where rewardtagw0_.user_id=?
Hibernate: select attendance0_.attendance_user_attendance_user_id as col_0_0_ from attendance_user attendance0_ where attendance0_.user_id=? limit ?
Hibernate: DELETE FROM USER WHERE USER_ID = ?
Hibernate: select user0_.user_id as col_0_0_ from user user0_ where user0_.user_user_id=? limit ?
Hibernate: select user0_.user_id as col_0_0_ from user user0_ where user0_.user_user_id=? limit ?
Hibernate: select U.* from USER U where U.USER_USER_ID =?
Hibernate: select character0_.character_id as characte1_6_0_, character0_.character_character_name as characte2_6_0_ from characters character0_ where character0_.character_id=?
Hibernate: select user0_.user_id as user_id1_21_0_, user0_.character_id as characte7_21_0_, user0_.user_created_at as user_cre2_21_0_, user0_.user_name as user_nam3_21_0_, user0_.user_phone_number as user_pho4_21_0_, user0_.user_user_id as user_use5_21_0_, user0_.user_user_password as user_use6_21_0_ from user user0_ where user0_.user_id=?
Hibernate: select character0_.character_id as characte1_6_0_, character0_.character_character_name as characte2_6_0_ from characters character0_ where character0_.character_id=?
Hibernate: select count(*) as col_0_0_ from board board0_
Hibernate: select count(*) as col_0_0_ from board board0_
Hibernate: select user0_.user_id as col_0_0_ from user user0_ where user0_.user_user_id=? limit ?
Hibernate: select user0_.user_id as col_0_0_ from user user0_ where user0_.user_user_id=? limit ?
Hibernate: select U.* from USER U where U.USER_USER_ID =?
Hibernate: select character0_.character_id as characte1_6_0_, character0_.character_character_name as characte2_6_0_ from characters character0_ where character0_.character_id=?
Hibernate: select user0_.user_id as user_id1_21_0_, user0_.character_id as characte7_21_0_, user0_.user_created_at as user_cre2_21_0_, user0_.user_name as user_nam3_21_0_, user0_.user_phone_number as user_pho4_21_0_, user0_.user_user_id as user_use5_21_0_, user0_.user_user_password as user_use6_21_0_ from user user0_ where user0_.user_id=?
Hibernate: select character0_.character_id as characte1_6_0_, character0_.character_character_name as characte2_6_0_ from characters character0_ where character0_.character_id=?
Hibernate: select category0_.category_id as category1_5_, category0_.category_name as category2_5_ from category category0_
Hibernate: select boardlist0_.category_id as category7_4_0_, boardlist0_.board_id as board_id1_4_0_, boardlist0_.board_id as board_id1_4_1_, boardlist0_.category_id as category7_4_1_, boardlist0_.board_content as board_co2_4_1_, boardlist0_.board_created_at as board_cr3_4_1_, boardlist0_.board_last_modified_at as board_la4_4_1_, boardlist0_.board_title as board_ti5_4_1_, boardlist0_.user_id as user_id8_4_1_, boardlist0_.board_views as board_vi6_4_1_ from board boardlist0_ where boardlist0_.category_id=?
Hibernate: select boardlist0_.category_id as category7_4_0_, boardlist0_.board_id as board_id1_4_0_, boardlist0_.board_id as board_id1_4_1_, boardlist0_.category_id as category7_4_1_, boardlist0_.board_content as board_co2_4_1_, boardlist0_.board_created_at as board_cr3_4_1_, boardlist0_.board_last_modified_at as board_la4_4_1_, boardlist0_.board_title as board_ti5_4_1_, boardlist0_.user_id as user_id8_4_1_, boardlist0_.board_views as board_vi6_4_1_ from board boardlist0_ where boardlist0_.category_id=?
Hibernate: select user0_.user_id as user_id1_21_0_, user0_.character_id as characte7_21_0_, user0_.user_created_at as user_cre2_21_0_, user0_.user_name as user_nam3_21_0_, user0_.user_phone_number as user_pho4_21_0_, user0_.user_user_id as user_use5_21_0_, user0_.user_user_password as user_use6_21_0_ from user user0_ where user0_.user_id=?
Hibernate: select character0_.character_id as characte1_6_0_, character0_.character_character_name as characte2_6_0_ from characters character0_ where character0_.character_id=?
Hibernate: select count(*) as col_0_0_ from user user0_ where user0_.user_id=?
Hibernate: select character1_.character_id as characte1_6_, character1_.character_character_name as characte2_6_ from user user0_ inner join characters character1_ on user0_.character_id=character1_.character_id where user0_.user_id=?
Hibernate: select permission0_.character_id as characte6_12_0_, permission0_.permission_id as permissi1_12_0_, permission0_.permission_id as permissi1_12_1_, permission0_.character_id as characte6_12_1_, permission0_.permission_name as permissi2_12_1_, permission0_.permission_permission_unit_id as permissi3_12_1_, permission0_.permission_service as permissi4_12_1_, permission0_.permission_status as permissi5_12_1_ from permission permission0_ where permission0_.character_id=?
Hibernate: select count(*) as col_0_0_ from category category0_ where category0_.category_id=?
Hibernate: select count(board0_.board_id) as col_0_0_ from board board0_ where board0_.category_id=?
Hibernate: select category0_.category_id as category1_5_0_, category0_.category_name as category2_5_0_ from category category0_ where category0_.category_id=?
Hibernate: select boardlist0_.category_id as category7_4_0_, boardlist0_.board_id as board_id1_4_0_, boardlist0_.board_id as board_id1_4_1_, boardlist0_.category_id as category7_4_1_, boardlist0_.board_content as board_co2_4_1_, boardlist0_.board_created_at as board_cr3_4_1_, boardlist0_.board_last_modified_at as board_la4_4_1_, boardlist0_.board_title as board_ti5_4_1_, boardlist0_.user_id as user_id8_4_1_, boardlist0_.board_views as board_vi6_4_1_ from board boardlist0_ where boardlist0_.category_id=?
Hibernate: delete from category where category_id=?
Hibernate: select user0_.user_id as user_id1_21_0_, user0_.character_id as characte7_21_0_, user0_.user_created_at as user_cre2_21_0_, user0_.user_name as user_nam3_21_0_, user0_.user_phone_number as user_pho4_21_0_, user0_.user_user_id as user_use5_21_0_, user0_.user_user_password as user_use6_21_0_ from user user0_ where user0_.user_id=?
Hibernate: select character0_.character_id as characte1_6_0_, character0_.character_character_name as characte2_6_0_ from characters character0_ where character0_.character_id=?
Hibernate: select count(*) as col_0_0_ from user user0_ where user0_.user_id=?
Hibernate: select character1_.character_id as characte1_6_, character1_.character_character_name as characte2_6_ from user user0_ inner join characters character1_ on user0_.character_id=character1_.character_id where user0_.user_id=?
Hibernate: select permission0_.character_id as characte6_12_0_, permission0_.permission_id as permissi1_12_0_, permission0_.permission_id as permissi1_12_1_, permission0_.character_id as characte6_12_1_, permission0_.permission_name as permissi2_12_1_, permission0_.permission_permission_unit_id as permissi3_12_1_, permission0_.permission_service as permissi4_12_1_, permission0_.permission_status as permissi5_12_1_ from permission permission0_ where permission0_.character_id=?
Hibernate: select count(*) as col_0_0_ from category category0_ where category0_.category_id=?
Hibernate: select count(board0_.board_id) as col_0_0_ from board board0_ where board0_.category_id=?
Hibernate: select category0_.category_id as category1_5_0_, category0_.category_name as category2_5_0_ from category category0_ where category0_.category_id=?
Hibernate: select boardlist0_.category_id as category7_4_0_, boardlist0_.board_id as board_id1_4_0_, boardlist0_.board_id as board_id1_4_1_, boardlist0_.category_id as category7_4_1_, boardlist0_.board_content as board_co2_4_1_, boardlist0_.board_created_at as board_cr3_4_1_, boardlist0_.board_last_modified_at as board_la4_4_1_, boardlist0_.board_title as board_ti5_4_1_, boardlist0_.user_id as user_id8_4_1_, boardlist0_.board_views as board_vi6_4_1_ from board boardlist0_ where boardlist0_.category_id=?
Hibernate: delete from category where category_id=?
Hibernate: select user0_.user_id as user_id1_21_0_, user0_.character_id as characte7_21_0_, user0_.user_created_at as user_cre2_21_0_, user0_.user_name as user_nam3_21_0_, user0_.user_phone_number as user_pho4_21_0_, user0_.user_user_id as user_use5_21_0_, user0_.user_user_password as user_use6_21_0_ from user user0_ where user0_.user_id=?
Hibernate: select character0_.character_id as characte1_6_0_, character0_.character_character_name as characte2_6_0_ from characters character0_ where character0_.character_id=?
Hibernate: select count(*) as col_0_0_ from user user0_ where user0_.user_id=?
Hibernate: select character1_.character_id as characte1_6_, character1_.character_character_name as characte2_6_ from user user0_ inner join characters character1_ on user0_.character_id=character1_.character_id where user0_.user_id=?
Hibernate: select permission0_.character_id as characte6_12_0_, permission0_.permission_id as permissi1_12_0_, permission0_.permission_id as permissi1_12_1_, permission0_.character_id as characte6_12_1_, permission0_.permission_name as permissi2_12_1_, permission0_.permission_permission_unit_id as permissi3_12_1_, permission0_.permission_service as permissi4_12_1_, permission0_.permission_status as permissi5_12_1_ from permission permission0_ where permission0_.character_id=?
Hibernate: select category0_.category_id as col_0_0_ from category category0_ where category0_.category_name=? limit ?
Hibernate: select category0_.category_id as category1_5_1_, category0_.category_name as category2_5_1_, boardlist1_.category_id as category7_4_3_, boardlist1_.board_id as board_id1_4_3_, boardlist1_.board_id as board_id1_4_0_, boardlist1_.category_id as category7_4_0_, boardlist1_.board_content as board_co2_4_0_, boardlist1_.board_created_at as board_cr3_4_0_, boardlist1_.board_last_modified_at as board_la4_4_0_, boardlist1_.board_title as board_ti5_4_0_, boardlist1_.user_id as user_id8_4_0_, boardlist1_.board_views as board_vi6_4_0_ from category category0_ left outer join board boardlist1_ on category0_.category_id=boardlist1_.category_id where category0_.category_id=?
Hibernate: insert into category (category_id, category_name) values (default, ?)
Hibernate: select user0_.user_id as user_id1_21_0_, user0_.character_id as characte7_21_0_, user0_.user_created_at as user_cre2_21_0_, user0_.user_name as user_nam3_21_0_, user0_.user_phone_number as user_pho4_21_0_, user0_.user_user_id as user_use5_21_0_, user0_.user_user_password as user_use6_21_0_ from user user0_ where user0_.user_id=?
Hibernate: select character0_.character_id as characte1_6_0_, character0_.character_character_name as characte2_6_0_ from characters character0_ where character0_.character_id=?
Hibernate: select count(*) as col_0_0_ from user user0_ where user0_.user_id=?
Hibernate: select character1_.character_id as characte1_6_, character1_.character_character_name as characte2_6_ from user user0_ inner join characters character1_ on user0_.character_id=character1_.character_id where user0_.user_id=?
Hibernate: select permission0_.character_id as characte6_12_0_, permission0_.permission_id as permissi1_12_0_, permission0_.permission_id as permissi1_12_1_, permission0_.character_id as characte6_12_1_, permission0_.permission_name as permissi2_12_1_, permission0_.permission_permission_unit_id as permissi3_12_1_, permission0_.permission_service as permissi4_12_1_, permission0_.permission_status as permissi5_12_1_ from permission permission0_ where permission0_.character_id=?
Hibernate: select category0_.category_id as col_0_0_ from category category0_ where category0_.category_name=? limit ?
Hibernate: select category0_.category_id as category1_5_1_, category0_.category_name as category2_5_1_, boardlist1_.category_id as category7_4_3_, boardlist1_.board_id as board_id1_4_3_, boardlist1_.board_id as board_id1_4_0_, boardlist1_.category_id as category7_4_0_, boardlist1_.board_content as board_co2_4_0_, boardlist1_.board_created_at as board_cr3_4_0_, boardlist1_.board_last_modified_at as board_la4_4_0_, boardlist1_.board_title as board_ti5_4_0_, boardlist1_.user_id as user_id8_4_0_, boardlist1_.board_views as board_vi6_4_0_ from category category0_ left outer join board boardlist1_ on category0_.category_id=boardlist1_.category_id where category0_.category_id=?
Hibernate: insert into category (category_id, category_name) values (default, ?)
Hibernate: select user0_.user_id as col_0_0_ from user user0_ where user0_.user_user_id=? limit ?
Hibernate: select user0_.user_id as col_0_0_ from user user0_ where user0_.user_user_id=? limit ?
Hibernate: select U.* from USER U where U.USER_USER_ID =?
Hibernate: select character0_.character_id as characte1_6_0_, character0_.character_character_name as characte2_6_0_ from characters character0_ where character0_.character_id=?
Hibernate: select user0_.user_id as col_0_0_ from user user0_ where user0_.user_user_id=? limit ?
Hibernate: select user0_.user_id as col_0_0_ from user user0_ where user0_.user_user_id=? limit ?
Hibernate: select U.* from USER U where U.USER_USER_ID =?
Hibernate: select character0_.character_id as characte1_6_0_, character0_.character_character_name as characte2_6_0_ from characters character0_ where character0_.character_id=?
Hibernate: select user0_.user_id as col_0_0_ from user user0_ where user0_.user_user_id=? limit ?
Hibernate: select user0_.user_id as col_0_0_ from user user0_ where user0_.user_user_id=? limit ?
Hibernate: select U.* from USER U where U.USER_USER_ID =?
Hibernate: select character0_.character_id as characte1_6_0_, character0_.character_character_name as characte2_6_0_ from characters character0_ where character0_.character_id=?
Hibernate: select user0_.user_id as col_0_0_ from user user0_ where user0_.user_user_id=? limit ?
Hibernate: select userjoinin0_.user_joining_pool_id as col_0_0_ from user_joining_pool userjoinin0_ where userjoinin0_.user_user_id=? limit ?
Hibernate: select character0_.character_id as col_0_0_ from characters character0_ where character0_.character_character_name=? limit ?
Hibernate: insert into user_joining_pool (user_joining_pool_id, user_created_at, user_name, user_phone_number, user_user_id, user_user_password) values (default, ?, ?, ?, ?, ?)
Hibernate: select user0_.user_id as user_id1_21_0_, user0_.character_id as characte7_21_0_, user0_.user_created_at as user_cre2_21_0_, user0_.user_name as user_nam3_21_0_, user0_.user_phone_number as user_pho4_21_0_, user0_.user_user_id as user_use5_21_0_, user0_.user_user_password as user_use6_21_0_ from user user0_ where user0_.user_id=?
Hibernate: select character0_.character_id as characte1_6_0_, character0_.character_character_name as characte2_6_0_ from characters character0_ where character0_.character_id=?
Hibernate: select count(*) as col_0_0_ from user user0_ where user0_.user_id=?
Hibernate: select character1_.character_id as characte1_6_, character1_.character_character_name as characte2_6_ from user user0_ inner join characters character1_ on user0_.character_id=character1_.character_id where user0_.user_id=?
Hibernate: select permission0_.character_id as characte6_12_0_, permission0_.permission_id as permissi1_12_0_, permission0_.permission_id as permissi1_12_1_, permission0_.character_id as characte6_12_1_, permission0_.permission_name as permissi2_12_1_, permission0_.permission_permission_unit_id as permissi3_12_1_, permission0_.permission_service as permissi4_12_1_, permission0_.permission_status as permissi5_12_1_ from permission permission0_ where permission0_.character_id=?
Hibernate: select userjoinin0_.user_joining_pool_id as col_0_0_ from user_joining_pool userjoinin0_ where userjoinin0_.user_user_id=? limit ?
Hibernate: select userjoinin0_.user_joining_pool_id as user_joi1_22_, userjoinin0_.user_created_at as user_cre2_22_, userjoinin0_.user_name as user_nam3_22_, userjoinin0_.user_phone_number as user_pho4_22_, userjoinin0_.user_user_id as user_use5_22_, userjoinin0_.user_user_password as user_use6_22_ from user_joining_pool userjoinin0_ where userjoinin0_.user_user_id=?
Hibernate: select character0_.character_id as characte1_6_, character0_.character_character_name as characte2_6_ from characters character0_ where character0_.character_character_name=?
Hibernate: insert into user (user_id, character_id, user_created_at, user_name, user_phone_number, user_user_id, user_user_password) values (default, ?, ?, ?, ?, ?, ?)
Hibernate: DELETE FROM USER_JOINING_POOL as JU where JU.USER_USER_ID =?
Hibernate: select user0_.user_id as col_0_0_ from user user0_ where user0_.user_user_id=? limit ?
Hibernate: select user0_.user_id as col_0_0_ from user user0_ where user0_.user_user_id=? limit ?
Hibernate: select U.* from USER U where U.USER_USER_ID =?
Hibernate: select character0_.character_id as characte1_6_0_, character0_.character_character_name as characte2_6_0_ from characters character0_ where character0_.character_id=?
Hibernate: select user0_.user_id as col_0_0_ from user user0_ where user0_.user_user_id=? limit ?
Hibernate: select user0_.user_id as col_0_0_ from user user0_ where user0_.user_user_id=? limit ?
Hibernate: select U.* from USER U where U.USER_USER_ID =?
Hibernate: select character0_.character_id as characte1_6_0_, character0_.character_character_name as characte2_6_0_ from characters character0_ where character0_.character_id=?
Hibernate: select user0_.user_id as user_id1_21_0_, user0_.character_id as characte7_21_0_, user0_.user_created_at as user_cre2_21_0_, user0_.user_name as user_nam3_21_0_, user0_.user_phone_number as user_pho4_21_0_, user0_.user_user_id as user_use5_21_0_, user0_.user_user_password as user_use6_21_0_ from user user0_ where user0_.user_id=?
Hibernate: select character0_.character_id as characte1_6_0_, character0_.character_character_name as characte2_6_0_ from characters character0_ where character0_.character_id=?
Hibernate: select count(*) as col_0_0_ from user user0_ where user0_.user_id=?
Hibernate: select character1_.character_id as characte1_6_, character1_.character_character_name as characte2_6_ from user user0_ inner join characters character1_ on user0_.character_id=character1_.character_id where user0_.user_id=?
Hibernate: select permission0_.character_id as characte6_12_0_, permission0_.permission_id as permissi1_12_0_, permission0_.permission_id as permissi1_12_1_, permission0_.character_id as characte6_12_1_, permission0_.permission_name as permissi2_12_1_, permission0_.permission_permission_unit_id as permissi3_12_1_, permission0_.permission_service as permissi4_12_1_, permission0_.permission_status as permissi5_12_1_ from permission permission0_ where permission0_.character_id=?
Hibernate: select category0_.category_id as col_0_0_ from category category0_ where category0_.category_name=? limit ?
Hibernate: select category0_.category_id as category1_5_1_, category0_.category_name as category2_5_1_, boardlist1_.category_id as category7_4_3_, boardlist1_.board_id as board_id1_4_3_, boardlist1_.board_id as board_id1_4_0_, boardlist1_.category_id as category7_4_0_, boardlist1_.board_content as board_co2_4_0_, boardlist1_.board_created_at as board_cr3_4_0_, boardlist1_.board_last_modified_at as board_la4_4_0_, boardlist1_.board_title as board_ti5_4_0_, boardlist1_.user_id as user_id8_4_0_, boardlist1_.board_views as board_vi6_4_0_ from category category0_ left outer join board boardlist1_ on category0_.category_id=boardlist1_.category_id where category0_.category_id=?
Hibernate: insert into category (category_id, category_name) values (default, ?)
Hibernate: select user0_.user_id as user_id1_21_0_, user0_.character_id as characte7_21_0_, user0_.user_created_at as user_cre2_21_0_, user0_.user_name as user_nam3_21_0_, user0_.user_phone_number as user_pho4_21_0_, user0_.user_user_id as user_use5_21_0_, user0_.user_user_password as user_use6_21_0_ from user user0_ where user0_.user_id=?
Hibernate: select character0_.character_id as characte1_6_0_, character0_.character_character_name as characte2_6_0_ from characters character0_ where character0_.character_id=?
Hibernate: select category0_.category_id as category1_5_, category0_.category_name as category2_5_ from category category0_
Hibernate: select boardlist0_.category_id as category7_4_0_, boardlist0_.board_id as board_id1_4_0_, boardlist0_.board_id as board_id1_4_1_, boardlist0_.category_id as category7_4_1_, boardlist0_.board_content as board_co2_4_1_, boardlist0_.board_created_at as board_cr3_4_1_, boardlist0_.board_last_modified_at as board_la4_4_1_, boardlist0_.board_title as board_ti5_4_1_, boardlist0_.user_id as user_id8_4_1_, boardlist0_.board_views as board_vi6_4_1_ from board boardlist0_ where boardlist0_.category_id=?
Hibernate: select boardlist0_.category_id as category7_4_0_, boardlist0_.board_id as board_id1_4_0_, boardlist0_.board_id as board_id1_4_1_, boardlist0_.category_id as category7_4_1_, boardlist0_.board_content as board_co2_4_1_, boardlist0_.board_created_at as board_cr3_4_1_, boardlist0_.board_last_modified_at as board_la4_4_1_, boardlist0_.board_title as board_ti5_4_1_, boardlist0_.user_id as user_id8_4_1_, boardlist0_.board_views as board_vi6_4_1_ from board boardlist0_ where boardlist0_.category_id=?
Hibernate: select boardlist0_.category_id as category7_4_0_, boardlist0_.board_id as board_id1_4_0_, boardlist0_.board_id as board_id1_4_1_, boardlist0_.category_id as category7_4_1_, boardlist0_.board_content as board_co2_4_1_, boardlist0_.board_created_at as board_cr3_4_1_, boardlist0_.board_last_modified_at as board_la4_4_1_, boardlist0_.board_title as board_ti5_4_1_, boardlist0_.user_id as user_id8_4_1_, boardlist0_.board_views as board_vi6_4_1_ from board boardlist0_ where boardlist0_.category_id=?
Hibernate: select user0_.user_id as user_id1_21_0_, user0_.character_id as characte7_21_0_, user0_.user_created_at as user_cre2_21_0_, user0_.user_name as user_nam3_21_0_, user0_.user_phone_number as user_pho4_21_0_, user0_.user_user_id as user_use5_21_0_, user0_.user_user_password as user_use6_21_0_ from user user0_ where user0_.user_id=?
Hibernate: select character0_.character_id as characte1_6_0_, character0_.character_character_name as characte2_6_0_ from characters character0_ where character0_.character_id=?
Hibernate: select count(*) as col_0_0_ from user user0_ where user0_.user_id=?
Hibernate: select character1_.character_id as characte1_6_, character1_.character_character_name as characte2_6_ from user user0_ inner join characters character1_ on user0_.character_id=character1_.character_id where user0_.user_id=?
Hibernate: select permission0_.character_id as characte6_12_0_, permission0_.permission_id as permissi1_12_0_, permission0_.permission_id as permissi1_12_1_, permission0_.character_id as characte6_12_1_, permission0_.permission_name as permissi2_12_1_, permission0_.permission_permission_unit_id as permissi3_12_1_, permission0_.permission_service as permissi4_12_1_, permission0_.permission_status as permissi5_12_1_ from permission permission0_ where permission0_.character_id=?
Hibernate: select count(*) as col_0_0_ from category category0_ where category0_.category_id=?
Hibernate: insert into filename (filename_id, filename_origin, filename_uuid) values (default, ?, ?)
Hibernate: insert into filename (filename_id, filename_origin, filename_uuid) values (default, ?, ?)
Hibernate: select category0_.category_id as category1_5_0_, category0_.category_name as category2_5_0_ from category category0_ where category0_.category_id=?
Hibernate: insert into board (board_id, category_id, board_content, board_created_at, board_last_modified_at, board_title, user_id, board_views) values (default, ?, ?, ?, ?, ?, ?, ?)
Hibernate: insert into reaction (reaction_id, board_id, reaction_type) values (default, ?, ?)
Hibernate: insert into reaction (reaction_id, board_id, reaction_type) values (default, ?, ?)
Hibernate: insert into reaction (reaction_id, board_id, reaction_type) values (default, ?, ?)
Hibernate: insert into reaction (reaction_id, board_id, reaction_type) values (default, ?, ?)
Hibernate: insert into reaction (reaction_id, board_id, reaction_type) values (default, ?, ?)
Hibernate: insert into reaction (reaction_id, board_id, reaction_type) values (default, ?, ?)
Hibernate: insert into file_path_list (board_board_id, board_file_path_list) values (?, ?)
Hibernate: insert into image_path_list (board_board_id, board_image_path_list) values (?, ?)
Hibernate: select user0_.user_id as user_id1_21_0_, user0_.character_id as characte7_21_0_, user0_.user_created_at as user_cre2_21_0_, user0_.user_name as user_nam3_21_0_, user0_.user_phone_number as user_pho4_21_0_, user0_.user_user_id as user_use5_21_0_, user0_.user_user_password as user_use6_21_0_ from user user0_ where user0_.user_id=?
Hibernate: select character0_.character_id as characte1_6_0_, character0_.character_character_name as characte2_6_0_ from characters character0_ where character0_.character_id=?
Hibernate: select count(*) as col_0_0_ from board board0_
Hibernate: select board0_.board_id as board_id1_4_, board0_.category_id as category7_4_, board0_.board_content as board_co2_4_, board0_.board_created_at as board_cr3_4_, board0_.board_last_modified_at as board_la4_4_, board0_.board_title as board_ti5_4_, board0_.user_id as user_id8_4_, board0_.board_views as board_vi6_4_ from board board0_ limit ?
Hibernate: select category0_.category_id as category1_5_0_, category0_.category_name as category2_5_0_ from category category0_ where category0_.category_id=?
Hibernate: select reactionli0_.board_id as board_id3_13_0_, reactionli0_.reaction_id as reaction1_13_0_, reactionli0_.reaction_id as reaction1_13_1_, reactionli0_.board_id as board_id3_13_1_, reactionli0_.reaction_type as reaction2_13_1_ from reaction reactionli0_ where reactionli0_.board_id=?
Hibernate: select reactionus0_.reaction_id as reaction2_14_0_, reactionus0_.reaction_user_id as reaction1_14_0_, reactionus0_.reaction_user_id as reaction1_14_1_, reactionus0_.reaction_id as reaction2_14_1_, reactionus0_.user_id as user_id3_14_1_ from reaction_user reactionus0_ where reactionus0_.reaction_id=?
Hibernate: select reactionus0_.reaction_id as reaction2_14_0_, reactionus0_.reaction_user_id as reaction1_14_0_, reactionus0_.reaction_user_id as reaction1_14_1_, reactionus0_.reaction_id as reaction2_14_1_, reactionus0_.user_id as user_id3_14_1_ from reaction_user reactionus0_ where reactionus0_.reaction_id=?
Hibernate: select reactionus0_.reaction_id as reaction2_14_0_, reactionus0_.reaction_user_id as reaction1_14_0_, reactionus0_.reaction_user_id as reaction1_14_1_, reactionus0_.reaction_id as reaction2_14_1_, reactionus0_.user_id as user_id3_14_1_ from reaction_user reactionus0_ where reactionus0_.reaction_id=?
Hibernate: select reactionus0_.reaction_id as reaction2_14_0_, reactionus0_.reaction_user_id as reaction1_14_0_, reactionus0_.reaction_user_id as reaction1_14_1_, reactionus0_.reaction_id as reaction2_14_1_, reactionus0_.user_id as user_id3_14_1_ from reaction_user reactionus0_ where reactionus0_.reaction_id=?
Hibernate: select reactionus0_.reaction_id as reaction2_14_0_, reactionus0_.reaction_user_id as reaction1_14_0_, reactionus0_.reaction_user_id as reaction1_14_1_, reactionus0_.reaction_id as reaction2_14_1_, reactionus0_.user_id as user_id3_14_1_ from reaction_user reactionus0_ where reactionus0_.reaction_id=?
Hibernate: select reactionus0_.reaction_id as reaction2_14_0_, reactionus0_.reaction_user_id as reaction1_14_0_, reactionus0_.reaction_user_id as reaction1_14_1_, reactionus0_.reaction_id as reaction2_14_1_, reactionus0_.user_id as user_id3_14_1_ from reaction_user reactionus0_ where reactionus0_.reaction_id=?
Hibernate: select commentlis0_.board_id as board_id5_7_0_, commentlis0_.comment_id as comment_1_7_0_, commentlis0_.comment_id as comment_1_7_1_, commentlis0_.board_id as board_id5_7_1_, commentlis0_.comment_content as comment_2_7_1_, commentlis0_.comment_created_at as comment_3_7_1_, commentlis0_.comment_last_modified_at as comment_4_7_1_, commentlis0_.user_id as user_id6_7_1_ from comment commentlis0_ where commentlis0_.board_id=?
Hibernate: select boardlist0_.category_id as category7_4_0_, boardlist0_.board_id as board_id1_4_0_, boardlist0_.board_id as board_id1_4_1_, boardlist0_.category_id as category7_4_1_, boardlist0_.board_content as board_co2_4_1_, boardlist0_.board_created_at as board_cr3_4_1_, boardlist0_.board_last_modified_at as board_la4_4_1_, boardlist0_.board_title as board_ti5_4_1_, boardlist0_.user_id as user_id8_4_1_, boardlist0_.board_views as board_vi6_4_1_ from board boardlist0_ where boardlist0_.category_id=?
Hibernate: select count(comment0_.comment_id) as col_0_0_ from comment comment0_ where comment0_.board_id=?
Hibernate: select count(*) as col_0_0_ from board board0_
Hibernate: select imagepathl0_.board_board_id as board_bo1_11_0_, imagepathl0_.board_image_path_list as board_im2_11_0_ from image_path_list imagepathl0_ where imagepathl0_.board_board_id=?
Hibernate: select filename0_.filename_id as filename1_9_, filename0_.filename_origin as filename2_9_, filename0_.filename_uuid as filename3_9_ from filename filename0_ where filename0_.filename_uuid=?
Hibernate: select filepathli0_.board_board_id as board_bo1_8_0_, filepathli0_.board_file_path_list as board_fi2_8_0_ from file_path_list filepathli0_ where filepathli0_.board_board_id=?
Hibernate: select filename0_.filename_id as filename1_9_, filename0_.filename_origin as filename2_9_, filename0_.filename_uuid as filename3_9_ from filename filename0_ where filename0_.filename_uuid=?
Hibernate: select user0_.user_id as user_id1_21_0_, user0_.character_id as characte7_21_0_, user0_.user_created_at as user_cre2_21_0_, user0_.user_name as user_nam3_21_0_, user0_.user_phone_number as user_pho4_21_0_, user0_.user_user_id as user_use5_21_0_, user0_.user_user_password as user_use6_21_0_ from user user0_ where user0_.user_id=?
Hibernate: select character0_.character_id as characte1_6_0_, character0_.character_character_name as characte2_6_0_ from characters character0_ where character0_.character_id=?
Hibernate: select count(*) as col_0_0_ from user user0_ where user0_.user_id=?
Hibernate: select character1_.character_id as characte1_6_, character1_.character_character_name as characte2_6_ from user user0_ inner join characters character1_ on user0_.character_id=character1_.character_id where user0_.user_id=?
Hibernate: select permission0_.character_id as characte6_12_0_, permission0_.permission_id as permissi1_12_0_, permission0_.permission_id as permissi1_12_1_, permission0_.character_id as characte6_12_1_, permission0_.permission_name as permissi2_12_1_, permission0_.permission_permission_unit_id as permissi3_12_1_, permission0_.permission_service as permissi4_12_1_, permission0_.permission_status as permissi5_12_1_ from permission permission0_ where permission0_.character_id=?
Hibernate: select user0_.user_id as col_0_0_ from user user0_ where user0_.user_user_id=? limit ?
Hibernate: select user0_.user_id as col_0_0_ from user user0_ where user0_.user_user_id=? limit ?
Hibernate: select U.* from USER U where U.USER_USER_ID =?
Hibernate: select character0_.character_id as characte1_6_0_, character0_.character_character_name as characte2_6_0_ from characters character0_ where character0_.character_id=?
Hibernate: select user0_.user_id as user_id1_21_0_, user0_.character_id as characte7_21_0_, user0_.user_created_at as user_cre2_21_0_, user0_.user_name as user_nam3_21_0_, user0_.user_phone_number as user_pho4_21_0_, user0_.user_user_id as user_use5_21_0_, user0_.user_user_password as user_use6_21_0_ from user user0_ where user0_.user_id=?
Hibernate: select character0_.character_id as characte1_6_0_, character0_.character_character_name as characte2_6_0_ from characters character0_ where character0_.character_id=?
Hibernate: select count(*) as col_0_0_ from board board0_
Hibernate: select board0_.board_id as board_id1_4_, board0_.category_id as category7_4_, board0_.board_content as board_co2_4_, board0_.board_created_at as board_cr3_4_, board0_.board_last_modified_at as board_la4_4_, board0_.board_title as board_ti5_4_, board0_.user_id as user_id8_4_, board0_.board_views as board_vi6_4_ from board board0_ limit ?
Hibernate: select category0_.category_id as category1_5_0_, category0_.category_name as category2_5_0_ from category category0_ where category0_.category_id=?
Hibernate: select reactionli0_.board_id as board_id3_13_0_, reactionli0_.reaction_id as reaction1_13_0_, reactionli0_.reaction_id as reaction1_13_1_, reactionli0_.board_id as board_id3_13_1_, reactionli0_.reaction_type as reaction2_13_1_ from reaction reactionli0_ where reactionli0_.board_id=?
Hibernate: select reactionus0_.reaction_id as reaction2_14_0_, reactionus0_.reaction_user_id as reaction1_14_0_, reactionus0_.reaction_user_id as reaction1_14_1_, reactionus0_.reaction_id as reaction2_14_1_, reactionus0_.user_id as user_id3_14_1_ from reaction_user reactionus0_ where reactionus0_.reaction_id=?
Hibernate: select reactionus0_.reaction_id as reaction2_14_0_, reactionus0_.reaction_user_id as reaction1_14_0_, reactionus0_.reaction_user_id as reaction1_14_1_, reactionus0_.reaction_id as reaction2_14_1_, reactionus0_.user_id as user_id3_14_1_ from reaction_user reactionus0_ where reactionus0_.reaction_id=?
Hibernate: select reactionus0_.reaction_id as reaction2_14_0_, reactionus0_.reaction_user_id as reaction1_14_0_, reactionus0_.reaction_user_id as reaction1_14_1_, reactionus0_.reaction_id as reaction2_14_1_, reactionus0_.user_id as user_id3_14_1_ from reaction_user reactionus0_ where reactionus0_.reaction_id=?
Hibernate: select reactionus0_.reaction_id as reaction2_14_0_, reactionus0_.reaction_user_id as reaction1_14_0_, reactionus0_.reaction_user_id as reaction1_14_1_, reactionus0_.reaction_id as reaction2_14_1_, reactionus0_.user_id as user_id3_14_1_ from reaction_user reactionus0_ where reactionus0_.reaction_id=?
Hibernate: select reactionus0_.reaction_id as reaction2_14_0_, reactionus0_.reaction_user_id as reaction1_14_0_, reactionus0_.reaction_user_id as reaction1_14_1_, reactionus0_.reaction_id as reaction2_14_1_, reactionus0_.user_id as user_id3_14_1_ from reaction_user reactionus0_ where reactionus0_.reaction_id=?
Hibernate: select reactionus0_.reaction_id as reaction2_14_0_, reactionus0_.reaction_user_id as reaction1_14_0_, reactionus0_.reaction_user_id as reaction1_14_1_, reactionus0_.reaction_id as reaction2_14_1_, reactionus0_.user_id as user_id3_14_1_ from reaction_user reactionus0_ where reactionus0_.reaction_id=?
Hibernate: select commentlis0_.board_id as board_id5_7_0_, commentlis0_.comment_id as comment_1_7_0_, commentlis0_.comment_id as comment_1_7_1_, commentlis0_.board_id as board_id5_7_1_, commentlis0_.comment_content as comment_2_7_1_, commentlis0_.comment_created_at as comment_3_7_1_, commentlis0_.comment_last_modified_at as comment_4_7_1_, commentlis0_.user_id as user_id6_7_1_ from comment commentlis0_ where commentlis0_.board_id=?
Hibernate: select boardlist0_.category_id as category7_4_0_, boardlist0_.board_id as board_id1_4_0_, boardlist0_.board_id as board_id1_4_1_, boardlist0_.category_id as category7_4_1_, boardlist0_.board_content as board_co2_4_1_, boardlist0_.board_created_at as board_cr3_4_1_, boardlist0_.board_last_modified_at as board_la4_4_1_, boardlist0_.board_title as board_ti5_4_1_, boardlist0_.user_id as user_id8_4_1_, boardlist0_.board_views as board_vi6_4_1_ from board boardlist0_ where boardlist0_.category_id=?
Hibernate: select count(comment0_.comment_id) as col_0_0_ from comment comment0_ where comment0_.board_id=?
Hibernate: select count(*) as col_0_0_ from board board0_
Hibernate: select imagepathl0_.board_board_id as board_bo1_11_0_, imagepathl0_.board_image_path_list as board_im2_11_0_ from image_path_list imagepathl0_ where imagepathl0_.board_board_id=?
Hibernate: select filename0_.filename_id as filename1_9_, filename0_.filename_origin as filename2_9_, filename0_.filename_uuid as filename3_9_ from filename filename0_ where filename0_.filename_uuid=?
Hibernate: select filepathli0_.board_board_id as board_bo1_8_0_, filepathli0_.board_file_path_list as board_fi2_8_0_ from file_path_list filepathli0_ where filepathli0_.board_board_id=?
Hibernate: select filename0_.filename_id as filename1_9_, filename0_.filename_origin as filename2_9_, filename0_.filename_uuid as filename3_9_ from filename filename0_ where filename0_.filename_uuid=?
Hibernate: select U.* from USER U join BOARD B where U.USER_ID = B.USER_ID and B.BOARD_ID = ?
Hibernate: select character0_.character_id as characte1_6_0_, character0_.character_character_name as characte2_6_0_ from characters character0_ where character0_.character_id=?
Hibernate: select count(*) as col_0_0_ from user user0_ where user0_.user_id=?
Hibernate: select character1_.character_id as characte1_6_, character1_.character_character_name as characte2_6_ from user user0_ inner join characters character1_ on user0_.character_id=character1_.character_id where user0_.user_id=?
Hibernate: select permission0_.character_id as characte6_12_0_, permission0_.permission_id as permissi1_12_0_, permission0_.permission_id as permissi1_12_1_, permission0_.character_id as characte6_12_1_, permission0_.permission_name as permissi2_12_1_, permission0_.permission_permission_unit_id as permissi3_12_1_, permission0_.permission_service as permissi4_12_1_, permission0_.permission_status as permissi5_12_1_ from permission permission0_ where permission0_.character_id=?
Hibernate: select count(*) as col_0_0_ from board board0_ where board0_.board_id=?
Hibernate: select board0_.board_id as board_id1_4_0_, board0_.category_id as category7_4_0_, board0_.board_content as board_co2_4_0_, board0_.board_created_at as board_cr3_4_0_, board0_.board_last_modified_at as board_la4_4_0_, board0_.board_title as board_ti5_4_0_, board0_.user_id as user_id8_4_0_, board0_.board_views as board_vi6_4_0_ from board board0_ where board0_.board_id=?
Hibernate: select category0_.category_id as category1_5_0_, category0_.category_name as category2_5_0_ from category category0_ where category0_.category_id=?
Hibernate: select reactionli0_.board_id as board_id3_13_0_, reactionli0_.reaction_id as reaction1_13_0_, reactionli0_.reaction_id as reaction1_13_1_, reactionli0_.board_id as board_id3_13_1_, reactionli0_.reaction_type as reaction2_13_1_ from reaction reactionli0_ where reactionli0_.board_id=?
Hibernate: select reactionus0_.reaction_id as reaction2_14_0_, reactionus0_.reaction_user_id as reaction1_14_0_, reactionus0_.reaction_user_id as reaction1_14_1_, reactionus0_.reaction_id as reaction2_14_1_, reactionus0_.user_id as user_id3_14_1_ from reaction_user reactionus0_ where reactionus0_.reaction_id=?
Hibernate: select reactionus0_.reaction_id as reaction2_14_0_, reactionus0_.reaction_user_id as reaction1_14_0_, reactionus0_.reaction_user_id as reaction1_14_1_, reactionus0_.reaction_id as reaction2_14_1_, reactionus0_.user_id as user_id3_14_1_ from reaction_user reactionus0_ where reactionus0_.reaction_id=?
Hibernate: select reactionus0_.reaction_id as reaction2_14_0_, reactionus0_.reaction_user_id as reaction1_14_0_, reactionus0_.reaction_user_id as reaction1_14_1_, reactionus0_.reaction_id as reaction2_14_1_, reactionus0_.user_id as user_id3_14_1_ from reaction_user reactionus0_ where reactionus0_.reaction_id=?
Hibernate: select reactionus0_.reaction_id as reaction2_14_0_, reactionus0_.reaction_user_id as reaction1_14_0_, reactionus0_.reaction_user_id as reaction1_14_1_, reactionus0_.reaction_id as reaction2_14_1_, reactionus0_.user_id as user_id3_14_1_ from reaction_user reactionus0_ where reactionus0_.reaction_id=?
Hibernate: select reactionus0_.reaction_id as reaction2_14_0_, reactionus0_.reaction_user_id as reaction1_14_0_, reactionus0_.reaction_user_id as reaction1_14_1_, reactionus0_.reaction_id as reaction2_14_1_, reactionus0_.user_id as user_id3_14_1_ from reaction_user reactionus0_ where reactionus0_.reaction_id=?
Hibernate: select reactionus0_.reaction_id as reaction2_14_0_, reactionus0_.reaction_user_id as reaction1_14_0_, reactionus0_.reaction_user_id as reaction1_14_1_, reactionus0_.reaction_id as reaction2_14_1_, reactionus0_.user_id as user_id3_14_1_ from reaction_user reactionus0_ where reactionus0_.reaction_id=?
Hibernate: select commentlis0_.board_id as board_id5_7_0_, commentlis0_.comment_id as comment_1_7_0_, commentlis0_.comment_id as comment_1_7_1_, commentlis0_.board_id as board_id5_7_1_, commentlis0_.comment_content as comment_2_7_1_, commentlis0_.comment_created_at as comment_3_7_1_, commentlis0_.comment_last_modified_at as comment_4_7_1_, commentlis0_.user_id as user_id6_7_1_ from comment commentlis0_ where commentlis0_.board_id=?
Hibernate: select boardlist0_.category_id as category7_4_0_, boardlist0_.board_id as board_id1_4_0_, boardlist0_.board_id as board_id1_4_1_, boardlist0_.category_id as category7_4_1_, boardlist0_.board_content as board_co2_4_1_, boardlist0_.board_created_at as board_cr3_4_1_, boardlist0_.board_last_modified_at as board_la4_4_1_, boardlist0_.board_title as board_ti5_4_1_, boardlist0_.user_id as user_id8_4_1_, boardlist0_.board_views as board_vi6_4_1_ from board boardlist0_ where boardlist0_.category_id=?
Hibernate: select count(comment0_.comment_id) as col_0_0_ from comment comment0_ where comment0_.board_id=?
Hibernate: update board set category_id=?, board_content=?, board_created_at=?, board_last_modified_at=?, board_title=?, user_id=?, board_views=? where board_id=?
Hibernate: select filepathli0_.board_board_id as board_bo1_8_0_, filepathli0_.board_file_path_list as board_fi2_8_0_ from file_path_list filepathli0_ where filepathli0_.board_board_id=?
Hibernate: select filename0_.filename_id as filename1_9_, filename0_.filename_origin as filename2_9_, filename0_.filename_uuid as filename3_9_ from filename filename0_ where filename0_.filename_uuid=?
Hibernate: delete from filename where filename_id=?
Hibernate: select imagepathl0_.board_board_id as board_bo1_11_0_, imagepathl0_.board_image_path_list as board_im2_11_0_ from image_path_list imagepathl0_ where imagepathl0_.board_board_id=?
Hibernate: select filename0_.filename_id as filename1_9_, filename0_.filename_origin as filename2_9_, filename0_.filename_uuid as filename3_9_ from filename filename0_ where filename0_.filename_uuid=?
Hibernate: delete from filename where filename_id=?
Hibernate: select count(*) as col_0_0_ from board board0_ where board0_.board_id=?
Hibernate: delete from file_path_list where board_board_id=?
Hibernate: delete from image_path_list where board_board_id=?
Hibernate: delete from reaction where reaction_id=?
Hibernate: delete from reaction where reaction_id=?
Hibernate: delete from reaction where reaction_id=?
Hibernate: delete from reaction where reaction_id=?
Hibernate: delete from reaction where reaction_id=?
Hibernate: delete from reaction where reaction_id=?
Hibernate: delete from board where board_id=?
Hibernate: select user0_.user_id as user_id1_21_0_, user0_.character_id as characte7_21_0_, user0_.user_created_at as user_cre2_21_0_, user0_.user_name as user_nam3_21_0_, user0_.user_phone_number as user_pho4_21_0_, user0_.user_user_id as user_use5_21_0_, user0_.user_user_password as user_use6_21_0_ from user user0_ where user0_.user_id=?
Hibernate: select character0_.character_id as characte1_6_0_, character0_.character_character_name as characte2_6_0_ from characters character0_ where character0_.character_id=?
Hibernate: select count(*) as col_0_0_ from user user0_ where user0_.user_id=?
Hibernate: select character1_.character_id as characte1_6_, character1_.character_character_name as characte2_6_ from user user0_ inner join characters character1_ on user0_.character_id=character1_.character_id where user0_.user_id=?
Hibernate: select permission0_.character_id as characte6_12_0_, permission0_.permission_id as permissi1_12_0_, permission0_.permission_id as permissi1_12_1_, permission0_.character_id as characte6_12_1_, permission0_.permission_name as permissi2_12_1_, permission0_.permission_permission_unit_id as permissi3_12_1_, permission0_.permission_service as permissi4_12_1_, permission0_.permission_status as permissi5_12_1_ from permission permission0_ where permission0_.character_id=?
Hibernate: select count(*) as col_0_0_ from board board0_ where board0_.board_id=?
Hibernate: select user0_.user_id as col_0_0_ from user user0_ where user0_.user_user_id=? limit ?
Hibernate: select user0_.user_id as col_0_0_ from user user0_ where user0_.user_user_id=? limit ?
Hibernate: select U.* from USER U where U.USER_USER_ID =?
Hibernate: select character0_.character_id as characte1_6_0_, character0_.character_character_name as characte2_6_0_ from characters character0_ where character0_.character_id=?
Hibernate: select user0_.user_id as user_id1_21_0_, user0_.character_id as characte7_21_0_, user0_.user_created_at as user_cre2_21_0_, user0_.user_name as user_nam3_21_0_, user0_.user_phone_number as user_pho4_21_0_, user0_.user_user_id as user_use5_21_0_, user0_.user_user_password as user_use6_21_0_ from user user0_ where user0_.user_id=?
Hibernate: select character0_.character_id as characte1_6_0_, character0_.character_character_name as characte2_6_0_ from characters character0_ where character0_.character_id=?
Hibernate: select category0_.category_id as category1_5_, category0_.category_name as category2_5_ from category category0_
Hibernate: select boardlist0_.category_id as category7_4_0_, boardlist0_.board_id as board_id1_4_0_, boardlist0_.board_id as board_id1_4_1_, boardlist0_.category_id as category7_4_1_, boardlist0_.board_content as board_co2_4_1_, boardlist0_.board_created_at as board_cr3_4_1_, boardlist0_.board_last_modified_at as board_la4_4_1_, boardlist0_.board_title as board_ti5_4_1_, boardlist0_.user_id as user_id8_4_1_, boardlist0_.board_views as board_vi6_4_1_ from board boardlist0_ where boardlist0_.category_id=?
Hibernate: select boardlist0_.category_id as category7_4_0_, boardlist0_.board_id as board_id1_4_0_, boardlist0_.board_id as board_id1_4_1_, boardlist0_.category_id as category7_4_1_, boardlist0_.board_content as board_co2_4_1_, boardlist0_.board_created_at as board_cr3_4_1_, boardlist0_.board_last_modified_at as board_la4_4_1_, boardlist0_.board_title as board_ti5_4_1_, boardlist0_.user_id as user_id8_4_1_, boardlist0_.board_views as board_vi6_4_1_ from board boardlist0_ where boardlist0_.category_id=?
Hibernate: select boardlist0_.category_id as category7_4_0_, boardlist0_.board_id as board_id1_4_0_, boardlist0_.board_id as board_id1_4_1_, boardlist0_.category_id as category7_4_1_, boardlist0_.board_content as board_co2_4_1_, boardlist0_.board_created_at as board_cr3_4_1_, boardlist0_.board_last_modified_at as board_la4_4_1_, boardlist0_.board_title as board_ti5_4_1_, boardlist0_.user_id as user_id8_4_1_, boardlist0_.board_views as board_vi6_4_1_ from board boardlist0_ where boardlist0_.category_id=?
Hibernate: select user0_.user_id as user_id1_21_0_, user0_.character_id as characte7_21_0_, user0_.user_created_at as user_cre2_21_0_, user0_.user_name as user_nam3_21_0_, user0_.user_phone_number as user_pho4_21_0_, user0_.user_user_id as user_use5_21_0_, user0_.user_user_password as user_use6_21_0_ from user user0_ where user0_.user_id=?
Hibernate: select character0_.character_id as characte1_6_0_, character0_.character_character_name as characte2_6_0_ from characters character0_ where character0_.character_id=?
Hibernate: select count(*) as col_0_0_ from user user0_ where user0_.user_id=?
Hibernate: select character1_.character_id as characte1_6_, character1_.character_character_name as characte2_6_ from user user0_ inner join characters character1_ on user0_.character_id=character1_.character_id where user0_.user_id=?
Hibernate: select permission0_.character_id as characte6_12_0_, permission0_.permission_id as permissi1_12_0_, permission0_.permission_id as permissi1_12_1_, permission0_.character_id as characte6_12_1_, permission0_.permission_name as permissi2_12_1_, permission0_.permission_permission_unit_id as permissi3_12_1_, permission0_.permission_service as permissi4_12_1_, permission0_.permission_status as permissi5_12_1_ from permission permission0_ where permission0_.character_id=?
Hibernate: select count(*) as col_0_0_ from category category0_ where category0_.category_id=?
Hibernate: select count(board0_.board_id) as col_0_0_ from board board0_ where board0_.category_id=?
Hibernate: select category0_.category_id as category1_5_0_, category0_.category_name as category2_5_0_ from category category0_ where category0_.category_id=?
Hibernate: select boardlist0_.category_id as category7_4_0_, boardlist0_.board_id as board_id1_4_0_, boardlist0_.board_id as board_id1_4_1_, boardlist0_.category_id as category7_4_1_, boardlist0_.board_content as board_co2_4_1_, boardlist0_.board_created_at as board_cr3_4_1_, boardlist0_.board_last_modified_at as board_la4_4_1_, boardlist0_.board_title as board_ti5_4_1_, boardlist0_.user_id as user_id8_4_1_, boardlist0_.board_views as board_vi6_4_1_ from board boardlist0_ where boardlist0_.category_id=?
Hibernate: delete from category where category_id=?
Hibernate: select user0_.user_id as user_id1_21_0_, user0_.character_id as characte7_21_0_, user0_.user_created_at as user_cre2_21_0_, user0_.user_name as user_nam3_21_0_, user0_.user_phone_number as user_pho4_21_0_, user0_.user_user_id as user_use5_21_0_, user0_.user_user_password as user_use6_21_0_ from user user0_ where user0_.user_id=?
Hibernate: select character0_.character_id as characte1_6_0_, character0_.character_character_name as characte2_6_0_ from characters character0_ where character0_.character_id=?
Hibernate: select count(*) as col_0_0_ from user user0_ where user0_.user_id=?
Hibernate: select character1_.character_id as characte1_6_, character1_.character_character_name as characte2_6_ from user user0_ inner join characters character1_ on user0_.character_id=character1_.character_id where user0_.user_id=?
Hibernate: select permission0_.character_id as characte6_12_0_, permission0_.permission_id as permissi1_12_0_, permission0_.permission_id as permissi1_12_1_, permission0_.character_id as characte6_12_1_, permission0_.permission_name as permissi2_12_1_, permission0_.permission_permission_unit_id as permissi3_12_1_, permission0_.permission_service as permissi4_12_1_, permission0_.permission_status as permissi5_12_1_ from permission permission0_ where permission0_.character_id=?
Hibernate: select count(*) as col_0_0_ from category category0_ where category0_.category_id=?
Hibernate: select count(board0_.board_id) as col_0_0_ from board board0_ where board0_.category_id=?
Hibernate: select category0_.category_id as category1_5_0_, category0_.category_name as category2_5_0_ from category category0_ where category0_.category_id=?
Hibernate: select boardlist0_.category_id as category7_4_0_, boardlist0_.board_id as board_id1_4_0_, boardlist0_.board_id as board_id1_4_1_, boardlist0_.category_id as category7_4_1_, boardlist0_.board_content as board_co2_4_1_, boardlist0_.board_created_at as board_cr3_4_1_, boardlist0_.board_last_modified_at as board_la4_4_1_, boardlist0_.board_title as board_ti5_4_1_, boardlist0_.user_id as user_id8_4_1_, boardlist0_.board_views as board_vi6_4_1_ from board boardlist0_ where boardlist0_.category_id=?
Hibernate: delete from category where category_id=?
Hibernate: select user0_.user_id as user_id1_21_0_, user0_.character_id as characte7_21_0_, user0_.user_created_at as user_cre2_21_0_, user0_.user_name as user_nam3_21_0_, user0_.user_phone_number as user_pho4_21_0_, user0_.user_user_id as user_use5_21_0_, user0_.user_user_password as user_use6_21_0_ from user user0_ where user0_.user_id=?
Hibernate: select character0_.character_id as characte1_6_0_, character0_.character_character_name as characte2_6_0_ from characters character0_ where character0_.character_id=?
Hibernate: select count(*) as col_0_0_ from user user0_ where user0_.user_id=?
Hibernate: select character1_.character_id as characte1_6_, character1_.character_character_name as characte2_6_ from user user0_ inner join characters character1_ on user0_.character_id=character1_.character_id where user0_.user_id=?
Hibernate: select permission0_.character_id as characte6_12_0_, permission0_.permission_id as permissi1_12_0_, permission0_.permission_id as permissi1_12_1_, permission0_.character_id as characte6_12_1_, permission0_.permission_name as permissi2_12_1_, permission0_.permission_permission_unit_id as permissi3_12_1_, permission0_.permission_service as permissi4_12_1_, permission0_.permission_status as permissi5_12_1_ from permission permission0_ where permission0_.character_id=?
Hibernate: select count(*) as col_0_0_ from category category0_ where category0_.category_id=?
Hibernate: select count(board0_.board_id) as col_0_0_ from board board0_ where board0_.category_id=?
Hibernate: select category0_.category_id as category1_5_0_, category0_.category_name as category2_5_0_ from category category0_ where category0_.category_id=?
Hibernate: select boardlist0_.category_id as category7_4_0_, boardlist0_.board_id as board_id1_4_0_, boardlist0_.board_id as board_id1_4_1_, boardlist0_.category_id as category7_4_1_, boardlist0_.board_content as board_co2_4_1_, boardlist0_.board_created_at as board_cr3_4_1_, boardlist0_.board_last_modified_at as board_la4_4_1_, boardlist0_.board_title as board_ti5_4_1_, boardlist0_.user_id as user_id8_4_1_, boardlist0_.board_views as board_vi6_4_1_ from board boardlist0_ where boardlist0_.category_id=?
Hibernate: delete from category where category_id=?
Hibernate: select user0_.user_id as user_id1_21_0_, user0_.character_id as characte7_21_0_, user0_.user_created_at as user_cre2_21_0_, user0_.user_name as user_nam3_21_0_, user0_.user_phone_number as user_pho4_21_0_, user0_.user_user_id as user_use5_21_0_, user0_.user_user_password as user_use6_21_0_ from user user0_ where user0_.user_id=?
Hibernate: select character0_.character_id as characte1_6_0_, character0_.character_character_name as characte2_6_0_ from characters character0_ where character0_.character_id=?
Hibernate: select count(*) as col_0_0_ from user user0_ where user0_.user_id=?
Hibernate: select character1_.character_id as characte1_6_, character1_.character_character_name as characte2_6_ from user user0_ inner join characters character1_ on user0_.character_id=character1_.character_id where user0_.user_id=?
Hibernate: select permission0_.character_id as characte6_12_0_, permission0_.permission_id as permissi1_12_0_, permission0_.permission_id as permissi1_12_1_, permission0_.character_id as characte6_12_1_, permission0_.permission_name as permissi2_12_1_, permission0_.permission_permission_unit_id as permissi3_12_1_, permission0_.permission_service as permissi4_12_1_, permission0_.permission_status as permissi5_12_1_ from permission permission0_ where permission0_.character_id=?
Hibernate: select category0_.category_id as col_0_0_ from category category0_ where category0_.category_name=? limit ?
Hibernate: select category0_.category_id as category1_5_1_, category0_.category_name as category2_5_1_, boardlist1_.category_id as category7_4_3_, boardlist1_.board_id as board_id1_4_3_, boardlist1_.board_id as board_id1_4_0_, boardlist1_.category_id as category7_4_0_, boardlist1_.board_content as board_co2_4_0_, boardlist1_.board_created_at as board_cr3_4_0_, boardlist1_.board_last_modified_at as board_la4_4_0_, boardlist1_.board_title as board_ti5_4_0_, boardlist1_.user_id as user_id8_4_0_, boardlist1_.board_views as board_vi6_4_0_ from category category0_ left outer join board boardlist1_ on category0_.category_id=boardlist1_.category_id where category0_.category_id=?
Hibernate: insert into category (category_id, category_name) values (default, ?)
Hibernate: select user0_.user_id as user_id1_21_0_, user0_.character_id as characte7_21_0_, user0_.user_created_at as user_cre2_21_0_, user0_.user_name as user_nam3_21_0_, user0_.user_phone_number as user_pho4_21_0_, user0_.user_user_id as user_use5_21_0_, user0_.user_user_password as user_use6_21_0_ from user user0_ where user0_.user_id=?
Hibernate: select character0_.character_id as characte1_6_0_, character0_.character_character_name as characte2_6_0_ from characters character0_ where character0_.character_id=?
Hibernate: select count(*) as col_0_0_ from user user0_ where user0_.user_id=?
Hibernate: select character1_.character_id as characte1_6_, character1_.character_character_name as characte2_6_ from user user0_ inner join characters character1_ on user0_.character_id=character1_.character_id where user0_.user_id=?
Hibernate: select permission0_.character_id as characte6_12_0_, permission0_.permission_id as permissi1_12_0_, permission0_.permission_id as permissi1_12_1_, permission0_.character_id as characte6_12_1_, permission0_.permission_name as permissi2_12_1_, permission0_.permission_permission_unit_id as permissi3_12_1_, permission0_.permission_service as permissi4_12_1_, permission0_.permission_status as permissi5_12_1_ from permission permission0_ where permission0_.character_id=?
Hibernate: select category0_.category_id as col_0_0_ from category category0_ where category0_.category_name=? limit ?
Hibernate: select category0_.category_id as category1_5_1_, category0_.category_name as category2_5_1_, boardlist1_.category_id as category7_4_3_, boardlist1_.board_id as board_id1_4_3_, boardlist1_.board_id as board_id1_4_0_, boardlist1_.category_id as category7_4_0_, boardlist1_.board_content as board_co2_4_0_, boardlist1_.board_created_at as board_cr3_4_0_, boardlist1_.board_last_modified_at as board_la4_4_0_, boardlist1_.board_title as board_ti5_4_0_, boardlist1_.user_id as user_id8_4_0_, boardlist1_.board_views as board_vi6_4_0_ from category category0_ left outer join board boardlist1_ on category0_.category_id=boardlist1_.category_id where category0_.category_id=?
Hibernate: insert into category (category_id, category_name) values (default, ?)
Hibernate: select user0_.user_id as col_0_0_ from user user0_ where user0_.user_user_id=? limit ?
Hibernate: select user0_.user_id as col_0_0_ from user user0_ where user0_.user_user_id=? limit ?
Hibernate: select U.* from USER U where U.USER_USER_ID =?
Hibernate: select character0_.character_id as characte1_6_0_, character0_.character_character_name as characte2_6_0_ from characters character0_ where character0_.character_id=?
Hibernate: select user0_.user_id as col_0_0_ from user user0_ where user0_.user_user_id=? limit ?
Hibernate: select user0_.user_id as user_id1_21_, user0_.character_id as characte7_21_, user0_.user_created_at as user_cre2_21_, user0_.user_name as user_nam3_21_, user0_.user_phone_number as user_pho4_21_, user0_.user_user_id as user_use5_21_, user0_.user_user_password as user_use6_21_ from user user0_ inner join characters character1_ on user0_.character_id=character1_.character_id where user0_.user_user_id=?
Hibernate: select character0_.character_id as characte1_6_0_, character0_.character_character_name as characte2_6_0_ from characters character0_ where character0_.character_id=?
Hibernate: select rewardtagw0_.user_id as user_id4_16_0_, rewardtagw0_.reward_tag_wrapper_reward_id as reward_t1_16_0_, rewardtagw0_.reward_tag_wrapper_reward_id as reward_t1_16_1_, rewardtagw0_.reward_tag_wrapper_reward_presented_at as reward_t2_16_1_, rewardtagw0_.reward_tag_reward_tag_id as reward_t3_16_1_, rewardtagw0_.user_id as user_id4_16_1_ from reward_tag_wrapper rewardtagw0_ where rewardtagw0_.user_id=?
Hibernate: select user0_.user_id as user_id1_21_0_, user0_.character_id as characte7_21_0_, user0_.user_created_at as user_cre2_21_0_, user0_.user_name as user_nam3_21_0_, user0_.user_phone_number as user_pho4_21_0_, user0_.user_user_id as user_use5_21_0_, user0_.user_user_password as user_use6_21_0_ from user user0_ where user0_.user_id=?
Hibernate: select character0_.character_id as characte1_6_0_, character0_.character_character_name as characte2_6_0_ from characters character0_ where character0_.character_id=?
Hibernate: select count(*) as col_0_0_ from user user0_ where user0_.user_id=?
Hibernate: select character1_.character_id as characte1_6_, character1_.character_character_name as characte2_6_ from user user0_ inner join characters character1_ on user0_.character_id=character1_.character_id where user0_.user_id=?
Hibernate: select permission0_.character_id as characte6_12_0_, permission0_.permission_id as permissi1_12_0_, permission0_.permission_id as permissi1_12_1_, permission0_.character_id as characte6_12_1_, permission0_.permission_name as permissi2_12_1_, permission0_.permission_permission_unit_id as permissi3_12_1_, permission0_.permission_service as permissi4_12_1_, permission0_.permission_status as permissi5_12_1_ from permission permission0_ where permission0_.character_id=?
Hibernate: select count(*) as col_0_0_ from user user0_ where user0_.user_id=?
Hibernate: select user0_.user_id as user_id1_21_, user0_.character_id as characte7_21_, user0_.user_created_at as user_cre2_21_, user0_.user_name as user_nam3_21_, user0_.user_phone_number as user_pho4_21_, user0_.user_user_id as user_use5_21_, user0_.user_user_password as user_use6_21_ from user user0_ where user0_.user_id=?
Hibernate: select character0_.character_id as characte1_6_0_, character0_.character_character_name as characte2_6_0_ from characters character0_ where character0_.character_id=?
Hibernate: select rewardtagw0_.user_id as user_id4_16_0_, rewardtagw0_.reward_tag_wrapper_reward_id as reward_t1_16_0_, rewardtagw0_.reward_tag_wrapper_reward_id as reward_t1_16_1_, rewardtagw0_.reward_tag_wrapper_reward_presented_at as reward_t2_16_1_, rewardtagw0_.reward_tag_reward_tag_id as reward_t3_16_1_, rewardtagw0_.user_id as user_id4_16_1_ from reward_tag_wrapper rewardtagw0_ where rewardtagw0_.user_id=?
Hibernate: select attendance0_.attendance_user_attendance_user_id as col_0_0_ from attendance_user attendance0_ where attendance0_.user_id=? limit ?
Hibernate: DELETE FROM USER WHERE USER_ID = ?
Hibernate: select user0_.user_id as col_0_0_ from user user0_ where user0_.user_user_id=? limit ?
Hibernate: select user0_.user_id as col_0_0_ from user user0_ where user0_.user_user_id=? limit ?
Hibernate: select U.* from USER U where U.USER_USER_ID =?
Hibernate: select character0_.character_id as characte1_6_0_, character0_.character_character_name as characte2_6_0_ from characters character0_ where character0_.character_id=?
Hibernate: select user0_.user_id as user_id1_21_0_, user0_.character_id as characte7_21_0_, user0_.user_created_at as user_cre2_21_0_, user0_.user_name as user_nam3_21_0_, user0_.user_phone_number as user_pho4_21_0_, user0_.user_user_id as user_use5_21_0_, user0_.user_user_password as user_use6_21_0_ from user user0_ where user0_.user_id=?
Hibernate: select character0_.character_id as characte1_6_0_, character0_.character_character_name as characte2_6_0_ from characters character0_ where character0_.character_id=?
Hibernate: select count(*) as col_0_0_ from board board0_
Hibernate: select count(*) as col_0_0_ from board board0_
Hibernate: select user0_.user_id as col_0_0_ from user user0_ where user0_.user_user_id=? limit ?
Hibernate: select user0_.user_id as col_0_0_ from user user0_ where user0_.user_user_id=? limit ?
Hibernate: select U.* from USER U where U.USER_USER_ID =?
Hibernate: select character0_.character_id as characte1_6_0_, character0_.character_character_name as characte2_6_0_ from characters character0_ where character0_.character_id=?
Hibernate: select user0_.user_id as user_id1_21_0_, user0_.character_id as characte7_21_0_, user0_.user_created_at as user_cre2_21_0_, user0_.user_name as user_nam3_21_0_, user0_.user_phone_number as user_pho4_21_0_, user0_.user_user_id as user_use5_21_0_, user0_.user_user_password as user_use6_21_0_ from user user0_ where user0_.user_id=?
Hibernate: select character0_.character_id as characte1_6_0_, character0_.character_character_name as characte2_6_0_ from characters character0_ where character0_.character_id=?
Hibernate: select category0_.category_id as category1_5_, category0_.category_name as category2_5_ from category category0_
Hibernate: select boardlist0_.category_id as category7_4_0_, boardlist0_.board_id as board_id1_4_0_, boardlist0_.board_id as board_id1_4_1_, boardlist0_.category_id as category7_4_1_, boardlist0_.board_content as board_co2_4_1_, boardlist0_.board_created_at as board_cr3_4_1_, boardlist0_.board_last_modified_at as board_la4_4_1_, boardlist0_.board_title as board_ti5_4_1_, boardlist0_.user_id as user_id8_4_1_, boardlist0_.board_views as board_vi6_4_1_ from board boardlist0_ where boardlist0_.category_id=?
Hibernate: select boardlist0_.category_id as category7_4_0_, boardlist0_.board_id as board_id1_4_0_, boardlist0_.board_id as board_id1_4_1_, boardlist0_.category_id as category7_4_1_, boardlist0_.board_content as board_co2_4_1_, boardlist0_.board_created_at as board_cr3_4_1_, boardlist0_.board_last_modified_at as board_la4_4_1_, boardlist0_.board_title as board_ti5_4_1_, boardlist0_.user_id as user_id8_4_1_, boardlist0_.board_views as board_vi6_4_1_ from board boardlist0_ where boardlist0_.category_id=?
Hibernate: select user0_.user_id as user_id1_21_0_, user0_.character_id as characte7_21_0_, user0_.user_created_at as user_cre2_21_0_, user0_.user_name as user_nam3_21_0_, user0_.user_phone_number as user_pho4_21_0_, user0_.user_user_id as user_use5_21_0_, user0_.user_user_password as user_use6_21_0_ from user user0_ where user0_.user_id=?
Hibernate: select character0_.character_id as characte1_6_0_, character0_.character_character_name as characte2_6_0_ from characters character0_ where character0_.character_id=?
Hibernate: select count(*) as col_0_0_ from user user0_ where user0_.user_id=?
Hibernate: select character1_.character_id as characte1_6_, character1_.character_character_name as characte2_6_ from user user0_ inner join characters character1_ on user0_.character_id=character1_.character_id where user0_.user_id=?
Hibernate: select permission0_.character_id as characte6_12_0_, permission0_.permission_id as permissi1_12_0_, permission0_.permission_id as permissi1_12_1_, permission0_.character_id as characte6_12_1_, permission0_.permission_name as permissi2_12_1_, permission0_.permission_permission_unit_id as permissi3_12_1_, permission0_.permission_service as permissi4_12_1_, permission0_.permission_status as permissi5_12_1_ from permission permission0_ where permission0_.character_id=?
Hibernate: select count(*) as col_0_0_ from category category0_ where category0_.category_id=?
Hibernate: select count(board0_.board_id) as col_0_0_ from board board0_ where board0_.category_id=?
Hibernate: select category0_.category_id as category1_5_0_, category0_.category_name as category2_5_0_ from category category0_ where category0_.category_id=?
Hibernate: select boardlist0_.category_id as category7_4_0_, boardlist0_.board_id as board_id1_4_0_, boardlist0_.board_id as board_id1_4_1_, boardlist0_.category_id as category7_4_1_, boardlist0_.board_content as board_co2_4_1_, boardlist0_.board_created_at as board_cr3_4_1_, boardlist0_.board_last_modified_at as board_la4_4_1_, boardlist0_.board_title as board_ti5_4_1_, boardlist0_.user_id as user_id8_4_1_, boardlist0_.board_views as board_vi6_4_1_ from board boardlist0_ where boardlist0_.category_id=?
Hibernate: delete from category where category_id=?
Hibernate: select user0_.user_id as user_id1_21_0_, user0_.character_id as characte7_21_0_, user0_.user_created_at as user_cre2_21_0_, user0_.user_name as user_nam3_21_0_, user0_.user_phone_number as user_pho4_21_0_, user0_.user_user_id as user_use5_21_0_, user0_.user_user_password as user_use6_21_0_ from user user0_ where user0_.user_id=?
Hibernate: select character0_.character_id as characte1_6_0_, character0_.character_character_name as characte2_6_0_ from characters character0_ where character0_.character_id=?
Hibernate: select count(*) as col_0_0_ from user user0_ where user0_.user_id=?
Hibernate: select character1_.character_id as characte1_6_, character1_.character_character_name as characte2_6_ from user user0_ inner join characters character1_ on user0_.character_id=character1_.character_id where user0_.user_id=?
Hibernate: select permission0_.character_id as characte6_12_0_, permission0_.permission_id as permissi1_12_0_, permission0_.permission_id as permissi1_12_1_, permission0_.character_id as characte6_12_1_, permission0_.permission_name as permissi2_12_1_, permission0_.permission_permission_unit_id as permissi3_12_1_, permission0_.permission_service as permissi4_12_1_, permission0_.permission_status as permissi5_12_1_ from permission permission0_ where permission0_.character_id=?
Hibernate: select count(*) as col_0_0_ from category category0_ where category0_.category_id=?
Hibernate: select count(board0_.board_id) as col_0_0_ from board board0_ where board0_.category_id=?
Hibernate: select category0_.category_id as category1_5_0_, category0_.category_name as category2_5_0_ from category category0_ where category0_.category_id=?
Hibernate: select boardlist0_.category_id as category7_4_0_, boardlist0_.board_id as board_id1_4_0_, boardlist0_.board_id as board_id1_4_1_, boardlist0_.category_id as category7_4_1_, boardlist0_.board_content as board_co2_4_1_, boardlist0_.board_created_at as board_cr3_4_1_, boardlist0_.board_last_modified_at as board_la4_4_1_, boardlist0_.board_title as board_ti5_4_1_, boardlist0_.user_id as user_id8_4_1_, boardlist0_.board_views as board_vi6_4_1_ from board boardlist0_ where boardlist0_.category_id=?
Hibernate: delete from category where category_id=?
Hibernate: select user0_.user_id as user_id1_21_0_, user0_.character_id as characte7_21_0_, user0_.user_created_at as user_cre2_21_0_, user0_.user_name as user_nam3_21_0_, user0_.user_phone_number as user_pho4_21_0_, user0_.user_user_id as user_use5_21_0_, user0_.user_user_password as user_use6_21_0_ from user user0_ where user0_.user_id=?
Hibernate: select character0_.character_id as characte1_6_0_, character0_.character_character_name as characte2_6_0_ from characters character0_ where character0_.character_id=?
Hibernate: select count(*) as col_0_0_ from user user0_ where user0_.user_id=?
Hibernate: select character1_.character_id as characte1_6_, character1_.character_character_name as characte2_6_ from user user0_ inner join characters character1_ on user0_.character_id=character1_.character_id where user0_.user_id=?
Hibernate: select permission0_.character_id as characte6_12_0_, permission0_.permission_id as permissi1_12_0_, permission0_.permission_id as permissi1_12_1_, permission0_.character_id as characte6_12_1_, permission0_.permission_name as permissi2_12_1_, permission0_.permission_permission_unit_id as permissi3_12_1_, permission0_.permission_service as permissi4_12_1_, permission0_.permission_status as permissi5_12_1_ from permission permission0_ where permission0_.character_id=?
Hibernate: select category0_.category_id as col_0_0_ from category category0_ where category0_.category_name=? limit ?
Hibernate: select category0_.category_id as category1_5_1_, category0_.category_name as category2_5_1_, boardlist1_.category_id as category7_4_3_, boardlist1_.board_id as board_id1_4_3_, boardlist1_.board_id as board_id1_4_0_, boardlist1_.category_id as category7_4_0_, boardlist1_.board_content as board_co2_4_0_, boardlist1_.board_created_at as board_cr3_4_0_, boardlist1_.board_last_modified_at as board_la4_4_0_, boardlist1_.board_title as board_ti5_4_0_, boardlist1_.user_id as user_id8_4_0_, boardlist1_.board_views as board_vi6_4_0_ from category category0_ left outer join board boardlist1_ on category0_.category_id=boardlist1_.category_id where category0_.category_id=?
Hibernate: insert into category (category_id, category_name) values (default, ?)
Hibernate: select user0_.user_id as user_id1_21_0_, user0_.character_id as characte7_21_0_, user0_.user_created_at as user_cre2_21_0_, user0_.user_name as user_nam3_21_0_, user0_.user_phone_number as user_pho4_21_0_, user0_.user_user_id as user_use5_21_0_, user0_.user_user_password as user_use6_21_0_ from user user0_ where user0_.user_id=?
Hibernate: select character0_.character_id as characte1_6_0_, character0_.character_character_name as characte2_6_0_ from characters character0_ where character0_.character_id=?
Hibernate: select count(*) as col_0_0_ from user user0_ where user0_.user_id=?
Hibernate: select character1_.character_id as characte1_6_, character1_.character_character_name as characte2_6_ from user user0_ inner join characters character1_ on user0_.character_id=character1_.character_id where user0_.user_id=?
Hibernate: select permission0_.character_id as characte6_12_0_, permission0_.permission_id as permissi1_12_0_, permission0_.permission_id as permissi1_12_1_, permission0_.character_id as characte6_12_1_, permission0_.permission_name as permissi2_12_1_, permission0_.permission_permission_unit_id as permissi3_12_1_, permission0_.permission_service as permissi4_12_1_, permission0_.permission_status as permissi5_12_1_ from permission permission0_ where permission0_.character_id=?
Hibernate: select category0_.category_id as col_0_0_ from category category0_ where category0_.category_name=? limit ?
Hibernate: select category0_.category_id as category1_5_1_, category0_.category_name as category2_5_1_, boardlist1_.category_id as category7_4_3_, boardlist1_.board_id as board_id1_4_3_, boardlist1_.board_id as board_id1_4_0_, boardlist1_.category_id as category7_4_0_, boardlist1_.board_content as board_co2_4_0_, boardlist1_.board_created_at as board_cr3_4_0_, boardlist1_.board_last_modified_at as board_la4_4_0_, boardlist1_.board_title as board_ti5_4_0_, boardlist1_.user_id as user_id8_4_0_, boardlist1_.board_views as board_vi6_4_0_ from category category0_ left outer join board boardlist1_ on category0_.category_id=boardlist1_.category_id where category0_.category_id=?
Hibernate: insert into category (category_id, category_name) values (default, ?)
Hibernate: select user0_.user_id as col_0_0_ from user user0_ where user0_.user_user_id=? limit ?
Hibernate: select user0_.user_id as col_0_0_ from user user0_ where user0_.user_user_id=? limit ?
Hibernate: select U.* from USER U where U.USER_USER_ID =?
Hibernate: select character0_.character_id as characte1_6_0_, character0_.character_character_name as characte2_6_0_ from characters character0_ where character0_.character_id=?
Hibernate: select user0_.user_id as col_0_0_ from user user0_ where user0_.user_user_id=? limit ?
Hibernate: select user0_.user_id as col_0_0_ from user user0_ where user0_.user_user_id=? limit ?
Hibernate: select U.* from USER U where U.USER_USER_ID =?
Hibernate: select character0_.character_id as characte1_6_0_, character0_.character_character_name as characte2_6_0_ from characters character0_ where character0_.character_id=?
Hibernate: select user0_.user_id as user_id1_21_0_, user0_.character_id as characte7_21_0_, user0_.user_created_at as user_cre2_21_0_, user0_.user_name as user_nam3_21_0_, user0_.user_phone_number as user_pho4_21_0_, user0_.user_user_id as user_use5_21_0_, user0_.user_user_password as user_use6_21_0_ from user user0_ where user0_.user_id=?
Hibernate: select character0_.character_id as characte1_6_0_, character0_.character_character_name as characte2_6_0_ from characters character0_ where character0_.character_id=?
Hibernate: select count(*) as col_0_0_ from user user0_ where user0_.user_id=?
Hibernate: select character1_.character_id as characte1_6_, character1_.character_character_name as characte2_6_ from user user0_ inner join characters character1_ on user0_.character_id=character1_.character_id where user0_.user_id=?
Hibernate: select permission0_.character_id as characte6_12_0_, permission0_.permission_id as permissi1_12_0_, permission0_.permission_id as permissi1_12_1_, permission0_.character_id as characte6_12_1_, permission0_.permission_name as permissi2_12_1_, permission0_.permission_permission_unit_id as permissi3_12_1_, permission0_.permission_service as permissi4_12_1_, permission0_.permission_status as permissi5_12_1_ from permission permission0_ where permission0_.character_id=?
Hibernate: select category0_.category_id as col_0_0_ from category category0_ where category0_.category_name=? limit ?
Hibernate: select category0_.category_id as category1_5_1_, category0_.category_name as category2_5_1_, boardlist1_.category_id as category7_4_3_, boardlist1_.board_id as board_id1_4_3_, boardlist1_.board_id as board_id1_4_0_, boardlist1_.category_id as category7_4_0_, boardlist1_.board_content as board_co2_4_0_, boardlist1_.board_created_at as board_cr3_4_0_, boardlist1_.board_last_modified_at as board_la4_4_0_, boardlist1_.board_title as board_ti5_4_0_, boardlist1_.user_id as user_id8_4_0_, boardlist1_.board_views as board_vi6_4_0_ from category category0_ left outer join board boardlist1_ on category0_.category_id=boardlist1_.category_id where category0_.category_id=?
Hibernate: insert into category (category_id, category_name) values (default, ?)
Hibernate: select user0_.user_id as user_id1_21_0_, user0_.character_id as characte7_21_0_, user0_.user_created_at as user_cre2_21_0_, user0_.user_name as user_nam3_21_0_, user0_.user_phone_number as user_pho4_21_0_, user0_.user_user_id as user_use5_21_0_, user0_.user_user_password as user_use6_21_0_ from user user0_ where user0_.user_id=?
Hibernate: select character0_.character_id as characte1_6_0_, character0_.character_character_name as characte2_6_0_ from characters character0_ where character0_.character_id=?
Hibernate: select category0_.category_id as category1_5_, category0_.category_name as category2_5_ from category category0_
Hibernate: select boardlist0_.category_id as category7_4_0_, boardlist0_.board_id as board_id1_4_0_, boardlist0_.board_id as board_id1_4_1_, boardlist0_.category_id as category7_4_1_, boardlist0_.board_content as board_co2_4_1_, boardlist0_.board_created_at as board_cr3_4_1_, boardlist0_.board_last_modified_at as board_la4_4_1_, boardlist0_.board_title as board_ti5_4_1_, boardlist0_.user_id as user_id8_4_1_, boardlist0_.board_views as board_vi6_4_1_ from board boardlist0_ where boardlist0_.category_id=?
Hibernate: select boardlist0_.category_id as category7_4_0_, boardlist0_.board_id as board_id1_4_0_, boardlist0_.board_id as board_id1_4_1_, boardlist0_.category_id as category7_4_1_, boardlist0_.board_content as board_co2_4_1_, boardlist0_.board_created_at as board_cr3_4_1_, boardlist0_.board_last_modified_at as board_la4_4_1_, boardlist0_.board_title as board_ti5_4_1_, boardlist0_.user_id as user_id8_4_1_, boardlist0_.board_views as board_vi6_4_1_ from board boardlist0_ where boardlist0_.category_id=?
Hibernate: select boardlist0_.category_id as category7_4_0_, boardlist0_.board_id as board_id1_4_0_, boardlist0_.board_id as board_id1_4_1_, boardlist0_.category_id as category7_4_1_, boardlist0_.board_content as board_co2_4_1_, boardlist0_.board_created_at as board_cr3_4_1_, boardlist0_.board_last_modified_at as board_la4_4_1_, boardlist0_.board_title as board_ti5_4_1_, boardlist0_.user_id as user_id8_4_1_, boardlist0_.board_views as board_vi6_4_1_ from board boardlist0_ where boardlist0_.category_id=?
Hibernate: select user0_.user_id as col_0_0_ from user user0_ where user0_.user_user_id=? limit ?
Hibernate: select user0_.user_id as col_0_0_ from user user0_ where user0_.user_user_id=? limit ?
Hibernate: select U.* from USER U where U.USER_USER_ID =?
Hibernate: select character0_.character_id as characte1_6_0_, character0_.character_character_name as characte2_6_0_ from characters character0_ where character0_.character_id=?
Hibernate: select user0_.user_id as user_id1_21_0_, user0_.character_id as characte7_21_0_, user0_.user_created_at as user_cre2_21_0_, user0_.user_name as user_nam3_21_0_, user0_.user_phone_number as user_pho4_21_0_, user0_.user_user_id as user_use5_21_0_, user0_.user_user_password as user_use6_21_0_ from user user0_ where user0_.user_id=?
Hibernate: select character0_.character_id as characte1_6_0_, character0_.character_character_name as characte2_6_0_ from characters character0_ where character0_.character_id=?
Hibernate: select count(*) as col_0_0_ from board board0_
Hibernate: select count(*) as col_0_0_ from board board0_
Hibernate: select user0_.user_id as col_0_0_ from user user0_ where user0_.user_user_id=? limit ?
Hibernate: select user0_.user_id as col_0_0_ from user user0_ where user0_.user_user_id=? limit ?
Hibernate: select U.* from USER U where U.USER_USER_ID =?
Hibernate: select character0_.character_id as characte1_6_0_, character0_.character_character_name as characte2_6_0_ from characters character0_ where character0_.character_id=?
Hibernate: select user0_.user_id as user_id1_21_0_, user0_.character_id as characte7_21_0_, user0_.user_created_at as user_cre2_21_0_, user0_.user_name as user_nam3_21_0_, user0_.user_phone_number as user_pho4_21_0_, user0_.user_user_id as user_use5_21_0_, user0_.user_user_password as user_use6_21_0_ from user user0_ where user0_.user_id=?
Hibernate: select character0_.character_id as characte1_6_0_, character0_.character_character_name as characte2_6_0_ from characters character0_ where character0_.character_id=?
Hibernate: select category0_.category_id as category1_5_, category0_.category_name as category2_5_ from category category0_
Hibernate: select boardlist0_.category_id as category7_4_0_, boardlist0_.board_id as board_id1_4_0_, boardlist0_.board_id as board_id1_4_1_, boardlist0_.category_id as category7_4_1_, boardlist0_.board_content as board_co2_4_1_, boardlist0_.board_created_at as board_cr3_4_1_, boardlist0_.board_last_modified_at as board_la4_4_1_, boardlist0_.board_title as board_ti5_4_1_, boardlist0_.user_id as user_id8_4_1_, boardlist0_.board_views as board_vi6_4_1_ from board boardlist0_ where boardlist0_.category_id=?
Hibernate: select boardlist0_.category_id as category7_4_0_, boardlist0_.board_id as board_id1_4_0_, boardlist0_.board_id as board_id1_4_1_, boardlist0_.category_id as category7_4_1_, boardlist0_.board_content as board_co2_4_1_, boardlist0_.board_created_at as board_cr3_4_1_, boardlist0_.board_last_modified_at as board_la4_4_1_, boardlist0_.board_title as board_ti5_4_1_, boardlist0_.user_id as user_id8_4_1_, boardlist0_.board_views as board_vi6_4_1_ from board boardlist0_ where boardlist0_.category_id=?
Hibernate: select boardlist0_.category_id as category7_4_0_, boardlist0_.board_id as board_id1_4_0_, boardlist0_.board_id as board_id1_4_1_, boardlist0_.category_id as category7_4_1_, boardlist0_.board_content as board_co2_4_1_, boardlist0_.board_created_at as board_cr3_4_1_, boardlist0_.board_last_modified_at as board_la4_4_1_, boardlist0_.board_title as board_ti5_4_1_, boardlist0_.user_id as user_id8_4_1_, boardlist0_.board_views as board_vi6_4_1_ from board boardlist0_ where boardlist0_.category_id=?
Hibernate: select user0_.user_id as user_id1_21_0_, user0_.character_id as characte7_21_0_, user0_.user_created_at as user_cre2_21_0_, user0_.user_name as user_nam3_21_0_, user0_.user_phone_number as user_pho4_21_0_, user0_.user_user_id as user_use5_21_0_, user0_.user_user_password as user_use6_21_0_ from user user0_ where user0_.user_id=?
Hibernate: select character0_.character_id as characte1_6_0_, character0_.character_character_name as characte2_6_0_ from characters character0_ where character0_.character_id=?
Hibernate: select count(*) as col_0_0_ from user user0_ where user0_.user_id=?
Hibernate: select character1_.character_id as characte1_6_, character1_.character_character_name as characte2_6_ from user user0_ inner join characters character1_ on user0_.character_id=character1_.character_id where user0_.user_id=?
Hibernate: select permission0_.character_id as characte6_12_0_, permission0_.permission_id as permissi1_12_0_, permission0_.permission_id as permissi1_12_1_, permission0_.character_id as characte6_12_1_, permission0_.permission_name as permissi2_12_1_, permission0_.permission_permission_unit_id as permissi3_12_1_, permission0_.permission_service as permissi4_12_1_, permission0_.permission_status as permissi5_12_1_ from permission permission0_ where permission0_.character_id=?
Hibernate: select count(*) as col_0_0_ from category category0_ where category0_.category_id=?
Hibernate: select count(board0_.board_id) as col_0_0_ from board board0_ where board0_.category_id=?
Hibernate: select category0_.category_id as category1_5_0_, category0_.category_name as category2_5_0_ from category category0_ where category0_.category_id=?
Hibernate: select boardlist0_.category_id as category7_4_0_, boardlist0_.board_id as board_id1_4_0_, boardlist0_.board_id as board_id1_4_1_, boardlist0_.category_id as category7_4_1_, boardlist0_.board_content as board_co2_4_1_, boardlist0_.board_created_at as board_cr3_4_1_, boardlist0_.board_last_modified_at as board_la4_4_1_, boardlist0_.board_title as board_ti5_4_1_, boardlist0_.user_id as user_id8_4_1_, boardlist0_.board_views as board_vi6_4_1_ from board boardlist0_ where boardlist0_.category_id=?
Hibernate: delete from category where category_id=?
Hibernate: select user0_.user_id as user_id1_21_0_, user0_.character_id as characte7_21_0_, user0_.user_created_at as user_cre2_21_0_, user0_.user_name as user_nam3_21_0_, user0_.user_phone_number as user_pho4_21_0_, user0_.user_user_id as user_use5_21_0_, user0_.user_user_password as user_use6_21_0_ from user user0_ where user0_.user_id=?
Hibernate: select character0_.character_id as characte1_6_0_, character0_.character_character_name as characte2_6_0_ from characters character0_ where character0_.character_id=?
Hibernate: select count(*) as col_0_0_ from user user0_ where user0_.user_id=?
Hibernate: select character1_.character_id as characte1_6_, character1_.character_character_name as characte2_6_ from user user0_ inner join characters character1_ on user0_.character_id=character1_.character_id where user0_.user_id=?
Hibernate: select permission0_.character_id as characte6_12_0_, permission0_.permission_id as permissi1_12_0_, permission0_.permission_id as permissi1_12_1_, permission0_.character_id as characte6_12_1_, permission0_.permission_name as permissi2_12_1_, permission0_.permission_permission_unit_id as permissi3_12_1_, permission0_.permission_service as permissi4_12_1_, permission0_.permission_status as permissi5_12_1_ from permission permission0_ where permission0_.character_id=?
Hibernate: select count(*) as col_0_0_ from category category0_ where category0_.category_id=?
Hibernate: select count(board0_.board_id) as col_0_0_ from board board0_ where board0_.category_id=?
Hibernate: select category0_.category_id as category1_5_0_, category0_.category_name as category2_5_0_ from category category0_ where category0_.category_id=?
Hibernate: select boardlist0_.category_id as category7_4_0_, boardlist0_.board_id as board_id1_4_0_, boardlist0_.board_id as board_id1_4_1_, boardlist0_.category_id as category7_4_1_, boardlist0_.board_content as board_co2_4_1_, boardlist0_.board_created_at as board_cr3_4_1_, boardlist0_.board_last_modified_at as board_la4_4_1_, boardlist0_.board_title as board_ti5_4_1_, boardlist0_.user_id as user_id8_4_1_, boardlist0_.board_views as board_vi6_4_1_ from board boardlist0_ where boardlist0_.category_id=?
Hibernate: delete from category where category_id=?
Hibernate: select user0_.user_id as user_id1_21_0_, user0_.character_id as characte7_21_0_, user0_.user_created_at as user_cre2_21_0_, user0_.user_name as user_nam3_21_0_, user0_.user_phone_number as user_pho4_21_0_, user0_.user_user_id as user_use5_21_0_, user0_.user_user_password as user_use6_21_0_ from user user0_ where user0_.user_id=?
Hibernate: select character0_.character_id as characte1_6_0_, character0_.character_character_name as characte2_6_0_ from characters character0_ where character0_.character_id=?
Hibernate: select count(*) as col_0_0_ from user user0_ where user0_.user_id=?
Hibernate: select character1_.character_id as characte1_6_, character1_.character_character_name as characte2_6_ from user user0_ inner join characters character1_ on user0_.character_id=character1_.character_id where user0_.user_id=?
Hibernate: select permission0_.character_id as characte6_12_0_, permission0_.permission_id as permissi1_12_0_, permission0_.permission_id as permissi1_12_1_, permission0_.character_id as characte6_12_1_, permission0_.permission_name as permissi2_12_1_, permission0_.permission_permission_unit_id as permissi3_12_1_, permission0_.permission_service as permissi4_12_1_, permission0_.permission_status as permissi5_12_1_ from permission permission0_ where permission0_.character_id=?
Hibernate: select count(*) as col_0_0_ from category category0_ where category0_.category_id=?
Hibernate: select count(board0_.board_id) as col_0_0_ from board board0_ where board0_.category_id=?
Hibernate: select category0_.category_id as category1_5_0_, category0_.category_name as category2_5_0_ from category category0_ where category0_.category_id=?
Hibernate: select boardlist0_.category_id as category7_4_0_, boardlist0_.board_id as board_id1_4_0_, boardlist0_.board_id as board_id1_4_1_, boardlist0_.category_id as category7_4_1_, boardlist0_.board_content as board_co2_4_1_, boardlist0_.board_created_at as board_cr3_4_1_, boardlist0_.board_last_modified_at as board_la4_4_1_, boardlist0_.board_title as board_ti5_4_1_, boardlist0_.user_id as user_id8_4_1_, boardlist0_.board_views as board_vi6_4_1_ from board boardlist0_ where boardlist0_.category_id=?
Hibernate: delete from category where category_id=?
Hibernate: select user0_.user_id as user_id1_21_0_, user0_.character_id as characte7_21_0_, user0_.user_created_at as user_cre2_21_0_, user0_.user_name as user_nam3_21_0_, user0_.user_phone_number as user_pho4_21_0_, user0_.user_user_id as user_use5_21_0_, user0_.user_user_password as user_use6_21_0_ from user user0_ where user0_.user_id=?
Hibernate: select character0_.character_id as characte1_6_0_, character0_.character_character_name as characte2_6_0_ from characters character0_ where character0_.character_id=?
Hibernate: select count(*) as col_0_0_ from user user0_ where user0_.user_id=?
Hibernate: select character1_.character_id as characte1_6_, character1_.character_character_name as characte2_6_ from user user0_ inner join characters character1_ on user0_.character_id=character1_.character_id where user0_.user_id=?
Hibernate: select permission0_.character_id as characte6_12_0_, permission0_.permission_id as permissi1_12_0_, permission0_.permission_id as permissi1_12_1_, permission0_.character_id as characte6_12_1_, permission0_.permission_name as permissi2_12_1_, permission0_.permission_permission_unit_id as permissi3_12_1_, permission0_.permission_service as permissi4_12_1_, permission0_.permission_status as permissi5_12_1_ from permission permission0_ where permission0_.character_id=?
Hibernate: select category0_.category_id as col_0_0_ from category category0_ where category0_.category_name=? limit ?
Hibernate: select category0_.category_id as category1_5_1_, category0_.category_name as category2_5_1_, boardlist1_.category_id as category7_4_3_, boardlist1_.board_id as board_id1_4_3_, boardlist1_.board_id as board_id1_4_0_, boardlist1_.category_id as category7_4_0_, boardlist1_.board_content as board_co2_4_0_, boardlist1_.board_created_at as board_cr3_4_0_, boardlist1_.board_last_modified_at as board_la4_4_0_, boardlist1_.board_title as board_ti5_4_0_, boardlist1_.user_id as user_id8_4_0_, boardlist1_.board_views as board_vi6_4_0_ from category category0_ left outer join board boardlist1_ on category0_.category_id=boardlist1_.category_id where category0_.category_id=?
Hibernate: insert into category (category_id, category_name) values (default, ?)
Hibernate: select user0_.user_id as user_id1_21_0_, user0_.character_id as characte7_21_0_, user0_.user_created_at as user_cre2_21_0_, user0_.user_name as user_nam3_21_0_, user0_.user_phone_number as user_pho4_21_0_, user0_.user_user_id as user_use5_21_0_, user0_.user_user_password as user_use6_21_0_ from user user0_ where user0_.user_id=?
Hibernate: select character0_.character_id as characte1_6_0_, character0_.character_character_name as characte2_6_0_ from characters character0_ where character0_.character_id=?
Hibernate: select count(*) as col_0_0_ from user user0_ where user0_.user_id=?
Hibernate: select character1_.character_id as characte1_6_, character1_.character_character_name as characte2_6_ from user user0_ inner join characters character1_ on user0_.character_id=character1_.character_id where user0_.user_id=?
Hibernate: select permission0_.character_id as characte6_12_0_, permission0_.permission_id as permissi1_12_0_, permission0_.permission_id as permissi1_12_1_, permission0_.character_id as characte6_12_1_, permission0_.permission_name as permissi2_12_1_, permission0_.permission_permission_unit_id as permissi3_12_1_, permission0_.permission_service as permissi4_12_1_, permission0_.permission_status as permissi5_12_1_ from permission permission0_ where permission0_.character_id=?
Hibernate: select category0_.category_id as col_0_0_ from category category0_ where category0_.category_name=? limit ?
Hibernate: select category0_.category_id as category1_5_1_, category0_.category_name as category2_5_1_, boardlist1_.category_id as category7_4_3_, boardlist1_.board_id as board_id1_4_3_, boardlist1_.board_id as board_id1_4_0_, boardlist1_.category_id as category7_4_0_, boardlist1_.board_content as board_co2_4_0_, boardlist1_.board_created_at as board_cr3_4_0_, boardlist1_.board_last_modified_at as board_la4_4_0_, boardlist1_.board_title as board_ti5_4_0_, boardlist1_.user_id as user_id8_4_0_, boardlist1_.board_views as board_vi6_4_0_ from category category0_ left outer join board boardlist1_ on category0_.category_id=boardlist1_.category_id where category0_.category_id=?
Hibernate: insert into category (category_id, category_name) values (default, ?)
Hibernate: select user0_.user_id as col_0_0_ from user user0_ where user0_.user_user_id=? limit ?
Hibernate: select user0_.user_id as col_0_0_ from user user0_ where user0_.user_user_id=? limit ?
Hibernate: select U.* from USER U where U.USER_USER_ID =?
Hibernate: select character0_.character_id as characte1_6_0_, character0_.character_character_name as characte2_6_0_ from characters character0_ where character0_.character_id=?
Hibernate: select user0_.user_id as col_0_0_ from user user0_ where user0_.user_user_id=? limit ?
Hibernate: select user0_.user_id as col_0_0_ from user user0_ where user0_.user_user_id=? limit ?
Hibernate: select U.* from USER U where U.USER_USER_ID =?
Hibernate: select character0_.character_id as characte1_6_0_, character0_.character_character_name as characte2_6_0_ from characters character0_ where character0_.character_id=?
Hibernate: select user0_.user_id as user_id1_21_0_, user0_.character_id as characte7_21_0_, user0_.user_created_at as user_cre2_21_0_, user0_.user_name as user_nam3_21_0_, user0_.user_phone_number as user_pho4_21_0_, user0_.user_user_id as user_use5_21_0_, user0_.user_user_password as user_use6_21_0_ from user user0_ where user0_.user_id=?
Hibernate: select character0_.character_id as characte1_6_0_, character0_.character_character_name as characte2_6_0_ from characters character0_ where character0_.character_id=?
Hibernate: select count(*) as col_0_0_ from board board0_
Hibernate: select count(*) as col_0_0_ from board board0_
Hibernate: select user0_.user_id as col_0_0_ from user user0_ where user0_.user_user_id=? limit ?
Hibernate: select user0_.user_id as col_0_0_ from user user0_ where user0_.user_user_id=? limit ?
Hibernate: select U.* from USER U where U.USER_USER_ID =?
Hibernate: select character0_.character_id as characte1_6_0_, character0_.character_character_name as characte2_6_0_ from characters character0_ where character0_.character_id=?
Hibernate: select user0_.user_id as user_id1_21_0_, user0_.character_id as characte7_21_0_, user0_.user_created_at as user_cre2_21_0_, user0_.user_name as user_nam3_21_0_, user0_.user_phone_number as user_pho4_21_0_, user0_.user_user_id as user_use5_21_0_, user0_.user_user_password as user_use6_21_0_ from user user0_ where user0_.user_id=?
Hibernate: select character0_.character_id as characte1_6_0_, character0_.character_character_name as characte2_6_0_ from characters character0_ where character0_.character_id=?
Hibernate: select category0_.category_id as category1_5_, category0_.category_name as category2_5_ from category category0_
Hibernate: select boardlist0_.category_id as category7_4_0_, boardlist0_.board_id as board_id1_4_0_, boardlist0_.board_id as board_id1_4_1_, boardlist0_.category_id as category7_4_1_, boardlist0_.board_content as board_co2_4_1_, boardlist0_.board_created_at as board_cr3_4_1_, boardlist0_.board_last_modified_at as board_la4_4_1_, boardlist0_.board_title as board_ti5_4_1_, boardlist0_.user_id as user_id8_4_1_, boardlist0_.board_views as board_vi6_4_1_ from board boardlist0_ where boardlist0_.category_id=?
Hibernate: select boardlist0_.category_id as category7_4_0_, boardlist0_.board_id as board_id1_4_0_, boardlist0_.board_id as board_id1_4_1_, boardlist0_.category_id as category7_4_1_, boardlist0_.board_content as board_co2_4_1_, boardlist0_.board_created_at as board_cr3_4_1_, boardlist0_.board_last_modified_at as board_la4_4_1_, boardlist0_.board_title as board_ti5_4_1_, boardlist0_.user_id as user_id8_4_1_, boardlist0_.board_views as board_vi6_4_1_ from board boardlist0_ where boardlist0_.category_id=?
Hibernate: select user0_.user_id as user_id1_21_0_, user0_.character_id as characte7_21_0_, user0_.user_created_at as user_cre2_21_0_, user0_.user_name as user_nam3_21_0_, user0_.user_phone_number as user_pho4_21_0_, user0_.user_user_id as user_use5_21_0_, user0_.user_user_password as user_use6_21_0_ from user user0_ where user0_.user_id=?
Hibernate: select character0_.character_id as characte1_6_0_, character0_.character_character_name as characte2_6_0_ from characters character0_ where character0_.character_id=?
Hibernate: select count(*) as col_0_0_ from user user0_ where user0_.user_id=?
Hibernate: select character1_.character_id as characte1_6_, character1_.character_character_name as characte2_6_ from user user0_ inner join characters character1_ on user0_.character_id=character1_.character_id where user0_.user_id=?
Hibernate: select permission0_.character_id as characte6_12_0_, permission0_.permission_id as permissi1_12_0_, permission0_.permission_id as permissi1_12_1_, permission0_.character_id as characte6_12_1_, permission0_.permission_name as permissi2_12_1_, permission0_.permission_permission_unit_id as permissi3_12_1_, permission0_.permission_service as permissi4_12_1_, permission0_.permission_status as permissi5_12_1_ from permission permission0_ where permission0_.character_id=?
Hibernate: select count(*) as col_0_0_ from category category0_ where category0_.category_id=?
Hibernate: select count(board0_.board_id) as col_0_0_ from board board0_ where board0_.category_id=?
Hibernate: select category0_.category_id as category1_5_0_, category0_.category_name as category2_5_0_ from category category0_ where category0_.category_id=?
Hibernate: select boardlist0_.category_id as category7_4_0_, boardlist0_.board_id as board_id1_4_0_, boardlist0_.board_id as board_id1_4_1_, boardlist0_.category_id as category7_4_1_, boardlist0_.board_content as board_co2_4_1_, boardlist0_.board_created_at as board_cr3_4_1_, boardlist0_.board_last_modified_at as board_la4_4_1_, boardlist0_.board_title as board_ti5_4_1_, boardlist0_.user_id as user_id8_4_1_, boardlist0_.board_views as board_vi6_4_1_ from board boardlist0_ where boardlist0_.category_id=?
Hibernate: delete from category where category_id=?
Hibernate: select user0_.user_id as user_id1_21_0_, user0_.character_id as characte7_21_0_, user0_.user_created_at as user_cre2_21_0_, user0_.user_name as user_nam3_21_0_, user0_.user_phone_number as user_pho4_21_0_, user0_.user_user_id as user_use5_21_0_, user0_.user_user_password as user_use6_21_0_ from user user0_ where user0_.user_id=?
Hibernate: select character0_.character_id as characte1_6_0_, character0_.character_character_name as characte2_6_0_ from characters character0_ where character0_.character_id=?
Hibernate: select count(*) as col_0_0_ from user user0_ where user0_.user_id=?
Hibernate: select character1_.character_id as characte1_6_, character1_.character_character_name as characte2_6_ from user user0_ inner join characters character1_ on user0_.character_id=character1_.character_id where user0_.user_id=?
Hibernate: select permission0_.character_id as characte6_12_0_, permission0_.permission_id as permissi1_12_0_, permission0_.permission_id as permissi1_12_1_, permission0_.character_id as characte6_12_1_, permission0_.permission_name as permissi2_12_1_, permission0_.permission_permission_unit_id as permissi3_12_1_, permission0_.permission_service as permissi4_12_1_, permission0_.permission_status as permissi5_12_1_ from permission permission0_ where permission0_.character_id=?
Hibernate: select count(*) as col_0_0_ from category category0_ where category0_.category_id=?
Hibernate: select count(board0_.board_id) as col_0_0_ from board board0_ where board0_.category_id=?
Hibernate: select category0_.category_id as category1_5_0_, category0_.category_name as category2_5_0_ from category category0_ where category0_.category_id=?
Hibernate: select boardlist0_.category_id as category7_4_0_, boardlist0_.board_id as board_id1_4_0_, boardlist0_.board_id as board_id1_4_1_, boardlist0_.category_id as category7_4_1_, boardlist0_.board_content as board_co2_4_1_, boardlist0_.board_created_at as board_cr3_4_1_, boardlist0_.board_last_modified_at as board_la4_4_1_, boardlist0_.board_title as board_ti5_4_1_, boardlist0_.user_id as user_id8_4_1_, boardlist0_.board_views as board_vi6_4_1_ from board boardlist0_ where boardlist0_.category_id=?
Hibernate: delete from category where category_id=?
Hibernate: select user0_.user_id as user_id1_21_0_, user0_.character_id as characte7_21_0_, user0_.user_created_at as user_cre2_21_0_, user0_.user_name as user_nam3_21_0_, user0_.user_phone_number as user_pho4_21_0_, user0_.user_user_id as user_use5_21_0_, user0_.user_user_password as user_use6_21_0_ from user user0_ where user0_.user_id=?
Hibernate: select character0_.character_id as characte1_6_0_, character0_.character_character_name as characte2_6_0_ from characters character0_ where character0_.character_id=?
Hibernate: select count(*) as col_0_0_ from user user0_ where user0_.user_id=?
Hibernate: select character1_.character_id as characte1_6_, character1_.character_character_name as characte2_6_ from user user0_ inner join characters character1_ on user0_.character_id=character1_.character_id where user0_.user_id=?
Hibernate: select permission0_.character_id as characte6_12_0_, permission0_.permission_id as permissi1_12_0_, permission0_.permission_id as permissi1_12_1_, permission0_.character_id as characte6_12_1_, permission0_.permission_name as permissi2_12_1_, permission0_.permission_permission_unit_id as permissi3_12_1_, permission0_.permission_service as permissi4_12_1_, permission0_.permission_status as permissi5_12_1_ from permission permission0_ where permission0_.character_id=?
Hibernate: select category0_.category_id as col_0_0_ from category category0_ where category0_.category_name=? limit ?
Hibernate: select category0_.category_id as category1_5_1_, category0_.category_name as category2_5_1_, boardlist1_.category_id as category7_4_3_, boardlist1_.board_id as board_id1_4_3_, boardlist1_.board_id as board_id1_4_0_, boardlist1_.category_id as category7_4_0_, boardlist1_.board_content as board_co2_4_0_, boardlist1_.board_created_at as board_cr3_4_0_, boardlist1_.board_last_modified_at as board_la4_4_0_, boardlist1_.board_title as board_ti5_4_0_, boardlist1_.user_id as user_id8_4_0_, boardlist1_.board_views as board_vi6_4_0_ from category category0_ left outer join board boardlist1_ on category0_.category_id=boardlist1_.category_id where category0_.category_id=?
Hibernate: insert into category (category_id, category_name) values (default, ?)
Hibernate: select user0_.user_id as user_id1_21_0_, user0_.character_id as characte7_21_0_, user0_.user_created_at as user_cre2_21_0_, user0_.user_name as user_nam3_21_0_, user0_.user_phone_number as user_pho4_21_0_, user0_.user_user_id as user_use5_21_0_, user0_.user_user_password as user_use6_21_0_ from user user0_ where user0_.user_id=?
Hibernate: select character0_.character_id as characte1_6_0_, character0_.character_character_name as characte2_6_0_ from characters character0_ where character0_.character_id=?
Hibernate: select count(*) as col_0_0_ from user user0_ where user0_.user_id=?
Hibernate: select character1_.character_id as characte1_6_, character1_.character_character_name as characte2_6_ from user user0_ inner join characters character1_ on user0_.character_id=character1_.character_id where user0_.user_id=?
Hibernate: select permission0_.character_id as characte6_12_0_, permission0_.permission_id as permissi1_12_0_, permission0_.permission_id as permissi1_12_1_, permission0_.character_id as characte6_12_1_, permission0_.permission_name as permissi2_12_1_, permission0_.permission_permission_unit_id as permissi3_12_1_, permission0_.permission_service as permissi4_12_1_, permission0_.permission_status as permissi5_12_1_ from permission permission0_ where permission0_.character_id=?
Hibernate: select category0_.category_id as col_0_0_ from category category0_ where category0_.category_name=? limit ?
Hibernate: select category0_.category_id as category1_5_1_, category0_.category_name as category2_5_1_, boardlist1_.category_id as category7_4_3_, boardlist1_.board_id as board_id1_4_3_, boardlist1_.board_id as board_id1_4_0_, boardlist1_.category_id as category7_4_0_, boardlist1_.board_content as board_co2_4_0_, boardlist1_.board_created_at as board_cr3_4_0_, boardlist1_.board_last_modified_at as board_la4_4_0_, boardlist1_.board_title as board_ti5_4_0_, boardlist1_.user_id as user_id8_4_0_, boardlist1_.board_views as board_vi6_4_0_ from category category0_ left outer join board boardlist1_ on category0_.category_id=boardlist1_.category_id where category0_.category_id=?
Hibernate: insert into category (category_id, category_name) values (default, ?)
Hibernate: select user0_.user_id as col_0_0_ from user user0_ where user0_.user_user_id=? limit ?
Hibernate: select user0_.user_id as col_0_0_ from user user0_ where user0_.user_user_id=? limit ?
Hibernate: select U.* from USER U where U.USER_USER_ID =?
Hibernate: select character0_.character_id as characte1_6_0_, character0_.character_character_name as characte2_6_0_ from characters character0_ where character0_.character_id=?
Hibernate: select user0_.user_id as col_0_0_ from user user0_ where user0_.user_user_id=? limit ?
Hibernate: select user0_.user_id as col_0_0_ from user user0_ where user0_.user_user_id=? limit ?
Hibernate: select U.* from USER U where U.USER_USER_ID =?
Hibernate: select character0_.character_id as characte1_6_0_, character0_.character_character_name as characte2_6_0_ from characters character0_ where character0_.character_id=?
Hibernate: select user0_.user_id as col_0_0_ from user user0_ where user0_.user_user_id=? limit ?
Hibernate: select user0_.user_id as col_0_0_ from user user0_ where user0_.user_user_id=? limit ?
Hibernate: select U.* from USER U where U.USER_USER_ID =?
Hibernate: select character0_.character_id as characte1_6_0_, character0_.character_character_name as characte2_6_0_ from characters character0_ where character0_.character_id=?
Hibernate: select user0_.user_id as user_id1_21_0_, user0_.character_id as characte7_21_0_, user0_.user_created_at as user_cre2_21_0_, user0_.user_name as user_nam3_21_0_, user0_.user_phone_number as user_pho4_21_0_, user0_.user_user_id as user_use5_21_0_, user0_.user_user_password as user_use6_21_0_ from user user0_ where user0_.user_id=?
Hibernate: select character0_.character_id as characte1_6_0_, character0_.character_character_name as characte2_6_0_ from characters character0_ where character0_.character_id=?
Hibernate: select count(*) as col_0_0_ from user user0_ where user0_.user_id=?
Hibernate: select character1_.character_id as characte1_6_, character1_.character_character_name as characte2_6_ from user user0_ inner join characters character1_ on user0_.character_id=character1_.character_id where user0_.user_id=?
Hibernate: select permission0_.character_id as characte6_12_0_, permission0_.permission_id as permissi1_12_0_, permission0_.permission_id as permissi1_12_1_, permission0_.character_id as characte6_12_1_, permission0_.permission_name as permissi2_12_1_, permission0_.permission_permission_unit_id as permissi3_12_1_, permission0_.permission_service as permissi4_12_1_, permission0_.permission_status as permissi5_12_1_ from permission permission0_ where permission0_.character_id=?
Hibernate: select category0_.category_id as col_0_0_ from category category0_ where category0_.category_name=? limit ?
Hibernate: select category0_.category_id as category1_5_1_, category0_.category_name as category2_5_1_, boardlist1_.category_id as category7_4_3_, boardlist1_.board_id as board_id1_4_3_, boardlist1_.board_id as board_id1_4_0_, boardlist1_.category_id as category7_4_0_, boardlist1_.board_content as board_co2_4_0_, boardlist1_.board_created_at as board_cr3_4_0_, boardlist1_.board_last_modified_at as board_la4_4_0_, boardlist1_.board_title as board_ti5_4_0_, boardlist1_.user_id as user_id8_4_0_, boardlist1_.board_views as board_vi6_4_0_ from category category0_ left outer join board boardlist1_ on category0_.category_id=boardlist1_.category_id where category0_.category_id=?
Hibernate: insert into category (category_id, category_name) values (default, ?)
Hibernate: select user0_.user_id as user_id1_21_0_, user0_.character_id as characte7_21_0_, user0_.user_created_at as user_cre2_21_0_, user0_.user_name as user_nam3_21_0_, user0_.user_phone_number as user_pho4_21_0_, user0_.user_user_id as user_use5_21_0_, user0_.user_user_password as user_use6_21_0_ from user user0_ where user0_.user_id=?
Hibernate: select character0_.character_id as characte1_6_0_, character0_.character_character_name as characte2_6_0_ from characters character0_ where character0_.character_id=?
Hibernate: select category0_.category_id as category1_5_, category0_.category_name as category2_5_ from category category0_
Hibernate: select boardlist0_.category_id as category7_4_0_, boardlist0_.board_id as board_id1_4_0_, boardlist0_.board_id as board_id1_4_1_, boardlist0_.category_id as category7_4_1_, boardlist0_.board_content as board_co2_4_1_, boardlist0_.board_created_at as board_cr3_4_1_, boardlist0_.board_last_modified_at as board_la4_4_1_, boardlist0_.board_title as board_ti5_4_1_, boardlist0_.user_id as user_id8_4_1_, boardlist0_.board_views as board_vi6_4_1_ from board boardlist0_ where boardlist0_.category_id=?
Hibernate: select boardlist0_.category_id as category7_4_0_, boardlist0_.board_id as board_id1_4_0_, boardlist0_.board_id as board_id1_4_1_, boardlist0_.category_id as category7_4_1_, boardlist0_.board_content as board_co2_4_1_, boardlist0_.board_created_at as board_cr3_4_1_, boardlist0_.board_last_modified_at as board_la4_4_1_, boardlist0_.board_title as board_ti5_4_1_, boardlist0_.user_id as user_id8_4_1_, boardlist0_.board_views as board_vi6_4_1_ from board boardlist0_ where boardlist0_.category_id=?
Hibernate: select boardlist0_.category_id as category7_4_0_, boardlist0_.board_id as board_id1_4_0_, boardlist0_.board_id as board_id1_4_1_, boardlist0_.category_id as category7_4_1_, boardlist0_.board_content as board_co2_4_1_, boardlist0_.board_created_at as board_cr3_4_1_, boardlist0_.board_last_modified_at as board_la4_4_1_, boardlist0_.board_title as board_ti5_4_1_, boardlist0_.user_id as user_id8_4_1_, boardlist0_.board_views as board_vi6_4_1_ from board boardlist0_ where boardlist0_.category_id=?
2023-06-27 23:51:07.269  INFO 92687 --- [lient-AsyncIO-8] AttendanceStompClient                    : /topic/attendance-time reply "175"
2023-06-27 23:51:07.269  INFO 92687 --- [lient-AsyncIO-7] AttendanceStompClient                    : /topic/attendance-time reply "175"
2023-06-27 23:51:07.269  INFO 92687 --- [lient-AsyncIO-6] AttendanceStompClient                    : /topic/attendance-time reply "175"
2023-06-27 23:51:07.269  INFO 92687 --- [lient-AsyncIO-4] AttendanceStompClient                    : /topic/attendance-time reply "175"
2023-06-27 23:51:07.269  INFO 92687 --- [lient-AsyncIO-3] AttendanceStompClient                    : /topic/attendance-time reply "175"
Hibernate: select user0_.user_id as user_id1_21_0_, user0_.character_id as characte7_21_0_, user0_.user_created_at as user_cre2_21_0_, user0_.user_name as user_nam3_21_0_, user0_.user_phone_number as user_pho4_21_0_, user0_.user_user_id as user_use5_21_0_, user0_.user_user_password as user_use6_21_0_ from user user0_ where user0_.user_id=?
Hibernate: select character0_.character_id as characte1_6_0_, character0_.character_character_name as characte2_6_0_ from characters character0_ where character0_.character_id=?
Hibernate: select count(*) as col_0_0_ from user user0_ where user0_.user_id=?
Hibernate: select character1_.character_id as characte1_6_, character1_.character_character_name as characte2_6_ from user user0_ inner join characters character1_ on user0_.character_id=character1_.character_id where user0_.user_id=?
Hibernate: select permission0_.character_id as characte6_12_0_, permission0_.permission_id as permissi1_12_0_, permission0_.permission_id as permissi1_12_1_, permission0_.character_id as characte6_12_1_, permission0_.permission_name as permissi2_12_1_, permission0_.permission_permission_unit_id as permissi3_12_1_, permission0_.permission_service as permissi4_12_1_, permission0_.permission_status as permissi5_12_1_ from permission permission0_ where permission0_.character_id=?
Hibernate: select count(*) as col_0_0_ from category category0_ where category0_.category_id=?
Hibernate: insert into filename (filename_id, filename_origin, filename_uuid) values (default, ?, ?)
Hibernate: insert into filename (filename_id, filename_origin, filename_uuid) values (default, ?, ?)
Hibernate: select category0_.category_id as category1_5_0_, category0_.category_name as category2_5_0_ from category category0_ where category0_.category_id=?
Hibernate: insert into board (board_id, category_id, board_content, board_created_at, board_last_modified_at, board_title, user_id, board_views) values (default, ?, ?, ?, ?, ?, ?, ?)
Hibernate: insert into reaction (reaction_id, board_id, reaction_type) values (default, ?, ?)
Hibernate: insert into reaction (reaction_id, board_id, reaction_type) values (default, ?, ?)
Hibernate: insert into reaction (reaction_id, board_id, reaction_type) values (default, ?, ?)
Hibernate: insert into reaction (reaction_id, board_id, reaction_type) values (default, ?, ?)
Hibernate: insert into reaction (reaction_id, board_id, reaction_type) values (default, ?, ?)
Hibernate: insert into reaction (reaction_id, board_id, reaction_type) values (default, ?, ?)
Hibernate: insert into file_path_list (board_board_id, board_file_path_list) values (?, ?)
Hibernate: insert into image_path_list (board_board_id, board_image_path_list) values (?, ?)
Hibernate: select user0_.user_id as user_id1_21_0_, user0_.character_id as characte7_21_0_, user0_.user_created_at as user_cre2_21_0_, user0_.user_name as user_nam3_21_0_, user0_.user_phone_number as user_pho4_21_0_, user0_.user_user_id as user_use5_21_0_, user0_.user_user_password as user_use6_21_0_ from user user0_ where user0_.user_id=?
Hibernate: select character0_.character_id as characte1_6_0_, character0_.character_character_name as characte2_6_0_ from characters character0_ where character0_.character_id=?
Hibernate: select count(*) as col_0_0_ from board board0_
Hibernate: select board0_.board_id as board_id1_4_, board0_.category_id as category7_4_, board0_.board_content as board_co2_4_, board0_.board_created_at as board_cr3_4_, board0_.board_last_modified_at as board_la4_4_, board0_.board_title as board_ti5_4_, board0_.user_id as user_id8_4_, board0_.board_views as board_vi6_4_ from board board0_ limit ?
Hibernate: select category0_.category_id as category1_5_0_, category0_.category_name as category2_5_0_ from category category0_ where category0_.category_id=?
Hibernate: select reactionli0_.board_id as board_id3_13_0_, reactionli0_.reaction_id as reaction1_13_0_, reactionli0_.reaction_id as reaction1_13_1_, reactionli0_.board_id as board_id3_13_1_, reactionli0_.reaction_type as reaction2_13_1_ from reaction reactionli0_ where reactionli0_.board_id=?
Hibernate: select reactionus0_.reaction_id as reaction2_14_0_, reactionus0_.reaction_user_id as reaction1_14_0_, reactionus0_.reaction_user_id as reaction1_14_1_, reactionus0_.reaction_id as reaction2_14_1_, reactionus0_.user_id as user_id3_14_1_ from reaction_user reactionus0_ where reactionus0_.reaction_id=?
Hibernate: select reactionus0_.reaction_id as reaction2_14_0_, reactionus0_.reaction_user_id as reaction1_14_0_, reactionus0_.reaction_user_id as reaction1_14_1_, reactionus0_.reaction_id as reaction2_14_1_, reactionus0_.user_id as user_id3_14_1_ from reaction_user reactionus0_ where reactionus0_.reaction_id=?
Hibernate: select reactionus0_.reaction_id as reaction2_14_0_, reactionus0_.reaction_user_id as reaction1_14_0_, reactionus0_.reaction_user_id as reaction1_14_1_, reactionus0_.reaction_id as reaction2_14_1_, reactionus0_.user_id as user_id3_14_1_ from reaction_user reactionus0_ where reactionus0_.reaction_id=?
Hibernate: select reactionus0_.reaction_id as reaction2_14_0_, reactionus0_.reaction_user_id as reaction1_14_0_, reactionus0_.reaction_user_id as reaction1_14_1_, reactionus0_.reaction_id as reaction2_14_1_, reactionus0_.user_id as user_id3_14_1_ from reaction_user reactionus0_ where reactionus0_.reaction_id=?
Hibernate: select reactionus0_.reaction_id as reaction2_14_0_, reactionus0_.reaction_user_id as reaction1_14_0_, reactionus0_.reaction_user_id as reaction1_14_1_, reactionus0_.reaction_id as reaction2_14_1_, reactionus0_.user_id as user_id3_14_1_ from reaction_user reactionus0_ where reactionus0_.reaction_id=?
Hibernate: select reactionus0_.reaction_id as reaction2_14_0_, reactionus0_.reaction_user_id as reaction1_14_0_, reactionus0_.reaction_user_id as reaction1_14_1_, reactionus0_.reaction_id as reaction2_14_1_, reactionus0_.user_id as user_id3_14_1_ from reaction_user reactionus0_ where reactionus0_.reaction_id=?
Hibernate: select commentlis0_.board_id as board_id5_7_0_, commentlis0_.comment_id as comment_1_7_0_, commentlis0_.comment_id as comment_1_7_1_, commentlis0_.board_id as board_id5_7_1_, commentlis0_.comment_content as comment_2_7_1_, commentlis0_.comment_created_at as comment_3_7_1_, commentlis0_.comment_last_modified_at as comment_4_7_1_, commentlis0_.user_id as user_id6_7_1_ from comment commentlis0_ where commentlis0_.board_id=?
Hibernate: select boardlist0_.category_id as category7_4_0_, boardlist0_.board_id as board_id1_4_0_, boardlist0_.board_id as board_id1_4_1_, boardlist0_.category_id as category7_4_1_, boardlist0_.board_content as board_co2_4_1_, boardlist0_.board_created_at as board_cr3_4_1_, boardlist0_.board_last_modified_at as board_la4_4_1_, boardlist0_.board_title as board_ti5_4_1_, boardlist0_.user_id as user_id8_4_1_, boardlist0_.board_views as board_vi6_4_1_ from board boardlist0_ where boardlist0_.category_id=?
Hibernate: select count(comment0_.comment_id) as col_0_0_ from comment comment0_ where comment0_.board_id=?
Hibernate: select count(*) as col_0_0_ from board board0_
Hibernate: select imagepathl0_.board_board_id as board_bo1_11_0_, imagepathl0_.board_image_path_list as board_im2_11_0_ from image_path_list imagepathl0_ where imagepathl0_.board_board_id=?
Hibernate: select filename0_.filename_id as filename1_9_, filename0_.filename_origin as filename2_9_, filename0_.filename_uuid as filename3_9_ from filename filename0_ where filename0_.filename_uuid=?
Hibernate: select filepathli0_.board_board_id as board_bo1_8_0_, filepathli0_.board_file_path_list as board_fi2_8_0_ from file_path_list filepathli0_ where filepathli0_.board_board_id=?
Hibernate: select filename0_.filename_id as filename1_9_, filename0_.filename_origin as filename2_9_, filename0_.filename_uuid as filename3_9_ from filename filename0_ where filename0_.filename_uuid=?
Hibernate: select user0_.user_id as user_id1_21_0_, user0_.character_id as characte7_21_0_, user0_.user_created_at as user_cre2_21_0_, user0_.user_name as user_nam3_21_0_, user0_.user_phone_number as user_pho4_21_0_, user0_.user_user_id as user_use5_21_0_, user0_.user_user_password as user_use6_21_0_ from user user0_ where user0_.user_id=?
Hibernate: select character0_.character_id as characte1_6_0_, character0_.character_character_name as characte2_6_0_ from characters character0_ where character0_.character_id=?
Hibernate: select count(*) as col_0_0_ from user user0_ where user0_.user_id=?
Hibernate: select character1_.character_id as characte1_6_, character1_.character_character_name as characte2_6_ from user user0_ inner join characters character1_ on user0_.character_id=character1_.character_id where user0_.user_id=?
Hibernate: select permission0_.character_id as characte6_12_0_, permission0_.permission_id as permissi1_12_0_, permission0_.permission_id as permissi1_12_1_, permission0_.character_id as characte6_12_1_, permission0_.permission_name as permissi2_12_1_, permission0_.permission_permission_unit_id as permissi3_12_1_, permission0_.permission_service as permissi4_12_1_, permission0_.permission_status as permissi5_12_1_ from permission permission0_ where permission0_.character_id=?
Hibernate: select count(*) as col_0_0_ from user user0_ where user0_.user_id=?
Hibernate: select user0_.user_id as user_id1_21_, user0_.character_id as characte7_21_, user0_.user_created_at as user_cre2_21_, user0_.user_name as user_nam3_21_, user0_.user_phone_number as user_pho4_21_, user0_.user_user_id as user_use5_21_, user0_.user_user_password as user_use6_21_ from user user0_ where user0_.user_id=?
Hibernate: select rewardtagw0_.user_id as user_id4_16_0_, rewardtagw0_.reward_tag_wrapper_reward_id as reward_t1_16_0_, rewardtagw0_.reward_tag_wrapper_reward_id as reward_t1_16_1_, rewardtagw0_.reward_tag_wrapper_reward_presented_at as reward_t2_16_1_, rewardtagw0_.reward_tag_reward_tag_id as reward_t3_16_1_, rewardtagw0_.user_id as user_id4_16_1_ from reward_tag_wrapper rewardtagw0_ where rewardtagw0_.user_id=?
Hibernate: select count(*) as col_0_0_ from board board0_ where board0_.board_id=?
Hibernate: select R.* from REACTION R where R.BOARD_ID = ?
Hibernate: select board0_.board_id as board_id1_4_0_, board0_.category_id as category7_4_0_, board0_.board_content as board_co2_4_0_, board0_.board_created_at as board_cr3_4_0_, board0_.board_last_modified_at as board_la4_4_0_, board0_.board_title as board_ti5_4_0_, board0_.user_id as user_id8_4_0_, board0_.board_views as board_vi6_4_0_ from board board0_ where board0_.board_id=?
Hibernate: select category0_.category_id as category1_5_0_, category0_.category_name as category2_5_0_ from category category0_ where category0_.category_id=?
Hibernate: select reactionus0_.reaction_id as reaction2_14_0_, reactionus0_.reaction_user_id as reaction1_14_0_, reactionus0_.reaction_user_id as reaction1_14_1_, reactionus0_.reaction_id as reaction2_14_1_, reactionus0_.user_id as user_id3_14_1_ from reaction_user reactionus0_ where reactionus0_.reaction_id=?
Hibernate: select reactionus0_.reaction_id as reaction2_14_0_, reactionus0_.reaction_user_id as reaction1_14_0_, reactionus0_.reaction_user_id as reaction1_14_1_, reactionus0_.reaction_id as reaction2_14_1_, reactionus0_.user_id as user_id3_14_1_ from reaction_user reactionus0_ where reactionus0_.reaction_id=?
Hibernate: select reactionus0_.reaction_id as reaction2_14_0_, reactionus0_.reaction_user_id as reaction1_14_0_, reactionus0_.reaction_user_id as reaction1_14_1_, reactionus0_.reaction_id as reaction2_14_1_, reactionus0_.user_id as user_id3_14_1_ from reaction_user reactionus0_ where reactionus0_.reaction_id=?
Hibernate: select reactionus0_.reaction_id as reaction2_14_0_, reactionus0_.reaction_user_id as reaction1_14_0_, reactionus0_.reaction_user_id as reaction1_14_1_, reactionus0_.reaction_id as reaction2_14_1_, reactionus0_.user_id as user_id3_14_1_ from reaction_user reactionus0_ where reactionus0_.reaction_id=?
Hibernate: select reactionus0_.reaction_id as reaction2_14_0_, reactionus0_.reaction_user_id as reaction1_14_0_, reactionus0_.reaction_user_id as reaction1_14_1_, reactionus0_.reaction_id as reaction2_14_1_, reactionus0_.user_id as user_id3_14_1_ from reaction_user reactionus0_ where reactionus0_.reaction_id=?
Hibernate: select reactionus0_.reaction_id as reaction2_14_0_, reactionus0_.reaction_user_id as reaction1_14_0_, reactionus0_.reaction_user_id as reaction1_14_1_, reactionus0_.reaction_id as reaction2_14_1_, reactionus0_.user_id as user_id3_14_1_ from reaction_user reactionus0_ where reactionus0_.reaction_id=?
Hibernate: select U.* from USER U where U.USER_USER_ID = ?
Hibernate: select R.* from REACTION R where R.BOARD_ID = ?
Hibernate: insert into reaction_user (reaction_user_id, reaction_id, user_id) values (default, ?, ?)
Hibernate: select user0_.user_id as user_id1_21_0_, user0_.character_id as characte7_21_0_, user0_.user_created_at as user_cre2_21_0_, user0_.user_name as user_nam3_21_0_, user0_.user_phone_number as user_pho4_21_0_, user0_.user_user_id as user_use5_21_0_, user0_.user_user_password as user_use6_21_0_ from user user0_ where user0_.user_id=?
Hibernate: select character0_.character_id as characte1_6_0_, character0_.character_character_name as characte2_6_0_ from characters character0_ where character0_.character_id=?
Hibernate: select count(*) as col_0_0_ from user user0_ where user0_.user_id=?
Hibernate: select character1_.character_id as characte1_6_, character1_.character_character_name as characte2_6_ from user user0_ inner join characters character1_ on user0_.character_id=character1_.character_id where user0_.user_id=?
Hibernate: select permission0_.character_id as characte6_12_0_, permission0_.permission_id as permissi1_12_0_, permission0_.permission_id as permissi1_12_1_, permission0_.character_id as characte6_12_1_, permission0_.permission_name as permissi2_12_1_, permission0_.permission_permission_unit_id as permissi3_12_1_, permission0_.permission_service as permissi4_12_1_, permission0_.permission_status as permissi5_12_1_ from permission permission0_ where permission0_.character_id=?
Hibernate: select count(*) as col_0_0_ from user user0_ where user0_.user_id=?
Hibernate: select user0_.user_id as user_id1_21_, user0_.character_id as characte7_21_, user0_.user_created_at as user_cre2_21_, user0_.user_name as user_nam3_21_, user0_.user_phone_number as user_pho4_21_, user0_.user_user_id as user_use5_21_, user0_.user_user_password as user_use6_21_ from user user0_ where user0_.user_id=?
Hibernate: select rewardtagw0_.user_id as user_id4_16_0_, rewardtagw0_.reward_tag_wrapper_reward_id as reward_t1_16_0_, rewardtagw0_.reward_tag_wrapper_reward_id as reward_t1_16_1_, rewardtagw0_.reward_tag_wrapper_reward_presented_at as reward_t2_16_1_, rewardtagw0_.reward_tag_reward_tag_id as reward_t3_16_1_, rewardtagw0_.user_id as user_id4_16_1_ from reward_tag_wrapper rewardtagw0_ where rewardtagw0_.user_id=?
Hibernate: select count(*) as col_0_0_ from board board0_ where board0_.board_id=?
Hibernate: select R.* from REACTION R where R.BOARD_ID = ?
Hibernate: select board0_.board_id as board_id1_4_0_, board0_.category_id as category7_4_0_, board0_.board_content as board_co2_4_0_, board0_.board_created_at as board_cr3_4_0_, board0_.board_last_modified_at as board_la4_4_0_, board0_.board_title as board_ti5_4_0_, board0_.user_id as user_id8_4_0_, board0_.board_views as board_vi6_4_0_ from board board0_ where board0_.board_id=?
Hibernate: select category0_.category_id as category1_5_0_, category0_.category_name as category2_5_0_ from category category0_ where category0_.category_id=?
Hibernate: select reactionus0_.reaction_id as reaction2_14_0_, reactionus0_.reaction_user_id as reaction1_14_0_, reactionus0_.reaction_user_id as reaction1_14_1_, reactionus0_.reaction_id as reaction2_14_1_, reactionus0_.user_id as user_id3_14_1_ from reaction_user reactionus0_ where reactionus0_.reaction_id=?
Hibernate: select reactionus0_.reaction_id as reaction2_14_0_, reactionus0_.reaction_user_id as reaction1_14_0_, reactionus0_.reaction_user_id as reaction1_14_1_, reactionus0_.reaction_id as reaction2_14_1_, reactionus0_.user_id as user_id3_14_1_ from reaction_user reactionus0_ where reactionus0_.reaction_id=?
Hibernate: select reactionus0_.reaction_id as reaction2_14_0_, reactionus0_.reaction_user_id as reaction1_14_0_, reactionus0_.reaction_user_id as reaction1_14_1_, reactionus0_.reaction_id as reaction2_14_1_, reactionus0_.user_id as user_id3_14_1_ from reaction_user reactionus0_ where reactionus0_.reaction_id=?
Hibernate: select reactionus0_.reaction_id as reaction2_14_0_, reactionus0_.reaction_user_id as reaction1_14_0_, reactionus0_.reaction_user_id as reaction1_14_1_, reactionus0_.reaction_id as reaction2_14_1_, reactionus0_.user_id as user_id3_14_1_ from reaction_user reactionus0_ where reactionus0_.reaction_id=?
Hibernate: select reactionus0_.reaction_id as reaction2_14_0_, reactionus0_.reaction_user_id as reaction1_14_0_, reactionus0_.reaction_user_id as reaction1_14_1_, reactionus0_.reaction_id as reaction2_14_1_, reactionus0_.user_id as user_id3_14_1_ from reaction_user reactionus0_ where reactionus0_.reaction_id=?
Hibernate: select reactionus0_.reaction_id as reaction2_14_0_, reactionus0_.reaction_user_id as reaction1_14_0_, reactionus0_.reaction_user_id as reaction1_14_1_, reactionus0_.reaction_id as reaction2_14_1_, reactionus0_.user_id as user_id3_14_1_ from reaction_user reactionus0_ where reactionus0_.reaction_id=?
Hibernate: select R.* from REACTION R where R.BOARD_ID = ?
Hibernate: delete from reaction_user where reaction_user_id=?
Hibernate: select user0_.user_id as user_id1_21_0_, user0_.character_id as characte7_21_0_, user0_.user_created_at as user_cre2_21_0_, user0_.user_name as user_nam3_21_0_, user0_.user_phone_number as user_pho4_21_0_, user0_.user_user_id as user_use5_21_0_, user0_.user_user_password as user_use6_21_0_ from user user0_ where user0_.user_id=?
Hibernate: select character0_.character_id as characte1_6_0_, character0_.character_character_name as characte2_6_0_ from characters character0_ where character0_.character_id=?
Hibernate: select count(*) as col_0_0_ from user user0_ where user0_.user_id=?
Hibernate: select character1_.character_id as characte1_6_, character1_.character_character_name as characte2_6_ from user user0_ inner join characters character1_ on user0_.character_id=character1_.character_id where user0_.user_id=?
Hibernate: select permission0_.character_id as characte6_12_0_, permission0_.permission_id as permissi1_12_0_, permission0_.permission_id as permissi1_12_1_, permission0_.character_id as characte6_12_1_, permission0_.permission_name as permissi2_12_1_, permission0_.permission_permission_unit_id as permissi3_12_1_, permission0_.permission_service as permissi4_12_1_, permission0_.permission_status as permissi5_12_1_ from permission permission0_ where permission0_.character_id=?
Hibernate: select count(*) as col_0_0_ from board board0_ where board0_.board_id=?
Hibernate: select board0_.board_id as board_id1_4_0_, board0_.category_id as category7_4_0_, board0_.board_content as board_co2_4_0_, board0_.board_created_at as board_cr3_4_0_, board0_.board_last_modified_at as board_la4_4_0_, board0_.board_title as board_ti5_4_0_, board0_.user_id as user_id8_4_0_, board0_.board_views as board_vi6_4_0_ from board board0_ where board0_.board_id=?
Hibernate: select category0_.category_id as category1_5_0_, category0_.category_name as category2_5_0_ from category category0_ where category0_.category_id=?
Hibernate: select reactionli0_.board_id as board_id3_13_0_, reactionli0_.reaction_id as reaction1_13_0_, reactionli0_.reaction_id as reaction1_13_1_, reactionli0_.board_id as board_id3_13_1_, reactionli0_.reaction_type as reaction2_13_1_ from reaction reactionli0_ where reactionli0_.board_id=?
Hibernate: select reactionus0_.reaction_id as reaction2_14_0_, reactionus0_.reaction_user_id as reaction1_14_0_, reactionus0_.reaction_user_id as reaction1_14_1_, reactionus0_.reaction_id as reaction2_14_1_, reactionus0_.user_id as user_id3_14_1_ from reaction_user reactionus0_ where reactionus0_.reaction_id=?
Hibernate: select reactionus0_.reaction_id as reaction2_14_0_, reactionus0_.reaction_user_id as reaction1_14_0_, reactionus0_.reaction_user_id as reaction1_14_1_, reactionus0_.reaction_id as reaction2_14_1_, reactionus0_.user_id as user_id3_14_1_ from reaction_user reactionus0_ where reactionus0_.reaction_id=?
Hibernate: select reactionus0_.reaction_id as reaction2_14_0_, reactionus0_.reaction_user_id as reaction1_14_0_, reactionus0_.reaction_user_id as reaction1_14_1_, reactionus0_.reaction_id as reaction2_14_1_, reactionus0_.user_id as user_id3_14_1_ from reaction_user reactionus0_ where reactionus0_.reaction_id=?
Hibernate: select reactionus0_.reaction_id as reaction2_14_0_, reactionus0_.reaction_user_id as reaction1_14_0_, reactionus0_.reaction_user_id as reaction1_14_1_, reactionus0_.reaction_id as reaction2_14_1_, reactionus0_.user_id as user_id3_14_1_ from reaction_user reactionus0_ where reactionus0_.reaction_id=?
Hibernate: select reactionus0_.reaction_id as reaction2_14_0_, reactionus0_.reaction_user_id as reaction1_14_0_, reactionus0_.reaction_user_id as reaction1_14_1_, reactionus0_.reaction_id as reaction2_14_1_, reactionus0_.user_id as user_id3_14_1_ from reaction_user reactionus0_ where reactionus0_.reaction_id=?
Hibernate: select reactionus0_.reaction_id as reaction2_14_0_, reactionus0_.reaction_user_id as reaction1_14_0_, reactionus0_.reaction_user_id as reaction1_14_1_, reactionus0_.reaction_id as reaction2_14_1_, reactionus0_.user_id as user_id3_14_1_ from reaction_user reactionus0_ where reactionus0_.reaction_id=?
Hibernate: select commentlis0_.board_id as board_id5_7_0_, commentlis0_.comment_id as comment_1_7_0_, commentlis0_.comment_id as comment_1_7_1_, commentlis0_.board_id as board_id5_7_1_, commentlis0_.comment_content as comment_2_7_1_, commentlis0_.comment_created_at as comment_3_7_1_, commentlis0_.comment_last_modified_at as comment_4_7_1_, commentlis0_.user_id as user_id6_7_1_ from comment commentlis0_ where commentlis0_.board_id=?
Hibernate: select boardlist0_.category_id as category7_4_0_, boardlist0_.board_id as board_id1_4_0_, boardlist0_.board_id as board_id1_4_1_, boardlist0_.category_id as category7_4_1_, boardlist0_.board_content as board_co2_4_1_, boardlist0_.board_created_at as board_cr3_4_1_, boardlist0_.board_last_modified_at as board_la4_4_1_, boardlist0_.board_title as board_ti5_4_1_, boardlist0_.user_id as user_id8_4_1_, boardlist0_.board_views as board_vi6_4_1_ from board boardlist0_ where boardlist0_.category_id=?
Hibernate: select count(comment0_.comment_id) as col_0_0_ from comment comment0_ where comment0_.board_id=?
Hibernate: update board set category_id=?, board_content=?, board_created_at=?, board_last_modified_at=?, board_title=?, user_id=?, board_views=? where board_id=?
Hibernate: select imagepathl0_.board_board_id as board_bo1_11_0_, imagepathl0_.board_image_path_list as board_im2_11_0_ from image_path_list imagepathl0_ where imagepathl0_.board_board_id=?
Hibernate: select filename0_.filename_id as filename1_9_, filename0_.filename_origin as filename2_9_, filename0_.filename_uuid as filename3_9_ from filename filename0_ where filename0_.filename_uuid=?
Hibernate: select filepathli0_.board_board_id as board_bo1_8_0_, filepathli0_.board_file_path_list as board_fi2_8_0_ from file_path_list filepathli0_ where filepathli0_.board_board_id=?
Hibernate: select filename0_.filename_id as filename1_9_, filename0_.filename_origin as filename2_9_, filename0_.filename_uuid as filename3_9_ from filename filename0_ where filename0_.filename_uuid=?
Hibernate: select user0_.user_id as col_0_0_ from user user0_ where user0_.user_user_id=? limit ?
Hibernate: select user0_.user_id as col_0_0_ from user user0_ where user0_.user_user_id=? limit ?
Hibernate: select U.* from USER U where U.USER_USER_ID =?
Hibernate: select character0_.character_id as characte1_6_0_, character0_.character_character_name as characte2_6_0_ from characters character0_ where character0_.character_id=?
Hibernate: select user0_.user_id as user_id1_21_0_, user0_.character_id as characte7_21_0_, user0_.user_created_at as user_cre2_21_0_, user0_.user_name as user_nam3_21_0_, user0_.user_phone_number as user_pho4_21_0_, user0_.user_user_id as user_use5_21_0_, user0_.user_user_password as user_use6_21_0_ from user user0_ where user0_.user_id=?
Hibernate: select character0_.character_id as characte1_6_0_, character0_.character_character_name as characte2_6_0_ from characters character0_ where character0_.character_id=?
Hibernate: select count(*) as col_0_0_ from board board0_
Hibernate: select board0_.board_id as board_id1_4_, board0_.category_id as category7_4_, board0_.board_content as board_co2_4_, board0_.board_created_at as board_cr3_4_, board0_.board_last_modified_at as board_la4_4_, board0_.board_title as board_ti5_4_, board0_.user_id as user_id8_4_, board0_.board_views as board_vi6_4_ from board board0_ limit ?
Hibernate: select category0_.category_id as category1_5_0_, category0_.category_name as category2_5_0_ from category category0_ where category0_.category_id=?
Hibernate: select reactionli0_.board_id as board_id3_13_0_, reactionli0_.reaction_id as reaction1_13_0_, reactionli0_.reaction_id as reaction1_13_1_, reactionli0_.board_id as board_id3_13_1_, reactionli0_.reaction_type as reaction2_13_1_ from reaction reactionli0_ where reactionli0_.board_id=?
Hibernate: select reactionus0_.reaction_id as reaction2_14_0_, reactionus0_.reaction_user_id as reaction1_14_0_, reactionus0_.reaction_user_id as reaction1_14_1_, reactionus0_.reaction_id as reaction2_14_1_, reactionus0_.user_id as user_id3_14_1_ from reaction_user reactionus0_ where reactionus0_.reaction_id=?
Hibernate: select reactionus0_.reaction_id as reaction2_14_0_, reactionus0_.reaction_user_id as reaction1_14_0_, reactionus0_.reaction_user_id as reaction1_14_1_, reactionus0_.reaction_id as reaction2_14_1_, reactionus0_.user_id as user_id3_14_1_ from reaction_user reactionus0_ where reactionus0_.reaction_id=?
Hibernate: select reactionus0_.reaction_id as reaction2_14_0_, reactionus0_.reaction_user_id as reaction1_14_0_, reactionus0_.reaction_user_id as reaction1_14_1_, reactionus0_.reaction_id as reaction2_14_1_, reactionus0_.user_id as user_id3_14_1_ from reaction_user reactionus0_ where reactionus0_.reaction_id=?
Hibernate: select reactionus0_.reaction_id as reaction2_14_0_, reactionus0_.reaction_user_id as reaction1_14_0_, reactionus0_.reaction_user_id as reaction1_14_1_, reactionus0_.reaction_id as reaction2_14_1_, reactionus0_.user_id as user_id3_14_1_ from reaction_user reactionus0_ where reactionus0_.reaction_id=?
Hibernate: select reactionus0_.reaction_id as reaction2_14_0_, reactionus0_.reaction_user_id as reaction1_14_0_, reactionus0_.reaction_user_id as reaction1_14_1_, reactionus0_.reaction_id as reaction2_14_1_, reactionus0_.user_id as user_id3_14_1_ from reaction_user reactionus0_ where reactionus0_.reaction_id=?
Hibernate: select reactionus0_.reaction_id as reaction2_14_0_, reactionus0_.reaction_user_id as reaction1_14_0_, reactionus0_.reaction_user_id as reaction1_14_1_, reactionus0_.reaction_id as reaction2_14_1_, reactionus0_.user_id as user_id3_14_1_ from reaction_user reactionus0_ where reactionus0_.reaction_id=?
Hibernate: select commentlis0_.board_id as board_id5_7_0_, commentlis0_.comment_id as comment_1_7_0_, commentlis0_.comment_id as comment_1_7_1_, commentlis0_.board_id as board_id5_7_1_, commentlis0_.comment_content as comment_2_7_1_, commentlis0_.comment_created_at as comment_3_7_1_, commentlis0_.comment_last_modified_at as comment_4_7_1_, commentlis0_.user_id as user_id6_7_1_ from comment commentlis0_ where commentlis0_.board_id=?
Hibernate: select boardlist0_.category_id as category7_4_0_, boardlist0_.board_id as board_id1_4_0_, boardlist0_.board_id as board_id1_4_1_, boardlist0_.category_id as category7_4_1_, boardlist0_.board_content as board_co2_4_1_, boardlist0_.board_created_at as board_cr3_4_1_, boardlist0_.board_last_modified_at as board_la4_4_1_, boardlist0_.board_title as board_ti5_4_1_, boardlist0_.user_id as user_id8_4_1_, boardlist0_.board_views as board_vi6_4_1_ from board boardlist0_ where boardlist0_.category_id=?
Hibernate: select count(comment0_.comment_id) as col_0_0_ from comment comment0_ where comment0_.board_id=?
Hibernate: select count(*) as col_0_0_ from board board0_
Hibernate: select imagepathl0_.board_board_id as board_bo1_11_0_, imagepathl0_.board_image_path_list as board_im2_11_0_ from image_path_list imagepathl0_ where imagepathl0_.board_board_id=?
Hibernate: select filename0_.filename_id as filename1_9_, filename0_.filename_origin as filename2_9_, filename0_.filename_uuid as filename3_9_ from filename filename0_ where filename0_.filename_uuid=?
Hibernate: select filepathli0_.board_board_id as board_bo1_8_0_, filepathli0_.board_file_path_list as board_fi2_8_0_ from file_path_list filepathli0_ where filepathli0_.board_board_id=?
Hibernate: select filename0_.filename_id as filename1_9_, filename0_.filename_origin as filename2_9_, filename0_.filename_uuid as filename3_9_ from filename filename0_ where filename0_.filename_uuid=?
Hibernate: select U.* from USER U join BOARD B where U.USER_ID = B.USER_ID and B.BOARD_ID = ?
Hibernate: select character0_.character_id as characte1_6_0_, character0_.character_character_name as characte2_6_0_ from characters character0_ where character0_.character_id=?
Hibernate: select count(*) as col_0_0_ from user user0_ where user0_.user_id=?
Hibernate: select character1_.character_id as characte1_6_, character1_.character_character_name as characte2_6_ from user user0_ inner join characters character1_ on user0_.character_id=character1_.character_id where user0_.user_id=?
Hibernate: select permission0_.character_id as characte6_12_0_, permission0_.permission_id as permissi1_12_0_, permission0_.permission_id as permissi1_12_1_, permission0_.character_id as characte6_12_1_, permission0_.permission_name as permissi2_12_1_, permission0_.permission_permission_unit_id as permissi3_12_1_, permission0_.permission_service as permissi4_12_1_, permission0_.permission_status as permissi5_12_1_ from permission permission0_ where permission0_.character_id=?
Hibernate: select count(*) as col_0_0_ from board board0_ where board0_.board_id=?
Hibernate: select board0_.board_id as board_id1_4_0_, board0_.category_id as category7_4_0_, board0_.board_content as board_co2_4_0_, board0_.board_created_at as board_cr3_4_0_, board0_.board_last_modified_at as board_la4_4_0_, board0_.board_title as board_ti5_4_0_, board0_.user_id as user_id8_4_0_, board0_.board_views as board_vi6_4_0_ from board board0_ where board0_.board_id=?
Hibernate: select category0_.category_id as category1_5_0_, category0_.category_name as category2_5_0_ from category category0_ where category0_.category_id=?
Hibernate: select reactionli0_.board_id as board_id3_13_0_, reactionli0_.reaction_id as reaction1_13_0_, reactionli0_.reaction_id as reaction1_13_1_, reactionli0_.board_id as board_id3_13_1_, reactionli0_.reaction_type as reaction2_13_1_ from reaction reactionli0_ where reactionli0_.board_id=?
Hibernate: select reactionus0_.reaction_id as reaction2_14_0_, reactionus0_.reaction_user_id as reaction1_14_0_, reactionus0_.reaction_user_id as reaction1_14_1_, reactionus0_.reaction_id as reaction2_14_1_, reactionus0_.user_id as user_id3_14_1_ from reaction_user reactionus0_ where reactionus0_.reaction_id=?
Hibernate: select reactionus0_.reaction_id as reaction2_14_0_, reactionus0_.reaction_user_id as reaction1_14_0_, reactionus0_.reaction_user_id as reaction1_14_1_, reactionus0_.reaction_id as reaction2_14_1_, reactionus0_.user_id as user_id3_14_1_ from reaction_user reactionus0_ where reactionus0_.reaction_id=?
Hibernate: select reactionus0_.reaction_id as reaction2_14_0_, reactionus0_.reaction_user_id as reaction1_14_0_, reactionus0_.reaction_user_id as reaction1_14_1_, reactionus0_.reaction_id as reaction2_14_1_, reactionus0_.user_id as user_id3_14_1_ from reaction_user reactionus0_ where reactionus0_.reaction_id=?
Hibernate: select reactionus0_.reaction_id as reaction2_14_0_, reactionus0_.reaction_user_id as reaction1_14_0_, reactionus0_.reaction_user_id as reaction1_14_1_, reactionus0_.reaction_id as reaction2_14_1_, reactionus0_.user_id as user_id3_14_1_ from reaction_user reactionus0_ where reactionus0_.reaction_id=?
Hibernate: select reactionus0_.reaction_id as reaction2_14_0_, reactionus0_.reaction_user_id as reaction1_14_0_, reactionus0_.reaction_user_id as reaction1_14_1_, reactionus0_.reaction_id as reaction2_14_1_, reactionus0_.user_id as user_id3_14_1_ from reaction_user reactionus0_ where reactionus0_.reaction_id=?
Hibernate: select reactionus0_.reaction_id as reaction2_14_0_, reactionus0_.reaction_user_id as reaction1_14_0_, reactionus0_.reaction_user_id as reaction1_14_1_, reactionus0_.reaction_id as reaction2_14_1_, reactionus0_.user_id as user_id3_14_1_ from reaction_user reactionus0_ where reactionus0_.reaction_id=?
Hibernate: select commentlis0_.board_id as board_id5_7_0_, commentlis0_.comment_id as comment_1_7_0_, commentlis0_.comment_id as comment_1_7_1_, commentlis0_.board_id as board_id5_7_1_, commentlis0_.comment_content as comment_2_7_1_, commentlis0_.comment_created_at as comment_3_7_1_, commentlis0_.comment_last_modified_at as comment_4_7_1_, commentlis0_.user_id as user_id6_7_1_ from comment commentlis0_ where commentlis0_.board_id=?
Hibernate: select boardlist0_.category_id as category7_4_0_, boardlist0_.board_id as board_id1_4_0_, boardlist0_.board_id as board_id1_4_1_, boardlist0_.category_id as category7_4_1_, boardlist0_.board_content as board_co2_4_1_, boardlist0_.board_created_at as board_cr3_4_1_, boardlist0_.board_last_modified_at as board_la4_4_1_, boardlist0_.board_title as board_ti5_4_1_, boardlist0_.user_id as user_id8_4_1_, boardlist0_.board_views as board_vi6_4_1_ from board boardlist0_ where boardlist0_.category_id=?
Hibernate: select count(comment0_.comment_id) as col_0_0_ from comment comment0_ where comment0_.board_id=?
Hibernate: update board set category_id=?, board_content=?, board_created_at=?, board_last_modified_at=?, board_title=?, user_id=?, board_views=? where board_id=?
Hibernate: select filepathli0_.board_board_id as board_bo1_8_0_, filepathli0_.board_file_path_list as board_fi2_8_0_ from file_path_list filepathli0_ where filepathli0_.board_board_id=?
Hibernate: select filename0_.filename_id as filename1_9_, filename0_.filename_origin as filename2_9_, filename0_.filename_uuid as filename3_9_ from filename filename0_ where filename0_.filename_uuid=?
Hibernate: delete from filename where filename_id=?
Hibernate: select imagepathl0_.board_board_id as board_bo1_11_0_, imagepathl0_.board_image_path_list as board_im2_11_0_ from image_path_list imagepathl0_ where imagepathl0_.board_board_id=?
Hibernate: select filename0_.filename_id as filename1_9_, filename0_.filename_origin as filename2_9_, filename0_.filename_uuid as filename3_9_ from filename filename0_ where filename0_.filename_uuid=?
Hibernate: delete from filename where filename_id=?
Hibernate: select count(*) as col_0_0_ from board board0_ where board0_.board_id=?
Hibernate: delete from file_path_list where board_board_id=?
Hibernate: delete from image_path_list where board_board_id=?
Hibernate: delete from reaction where reaction_id=?
Hibernate: delete from reaction where reaction_id=?
Hibernate: delete from reaction where reaction_id=?
Hibernate: delete from reaction where reaction_id=?
Hibernate: delete from reaction where reaction_id=?
Hibernate: delete from reaction where reaction_id=?
Hibernate: delete from board where board_id=?
Hibernate: select user0_.user_id as user_id1_21_0_, user0_.character_id as characte7_21_0_, user0_.user_created_at as user_cre2_21_0_, user0_.user_name as user_nam3_21_0_, user0_.user_phone_number as user_pho4_21_0_, user0_.user_user_id as user_use5_21_0_, user0_.user_user_password as user_use6_21_0_ from user user0_ where user0_.user_id=?
Hibernate: select character0_.character_id as characte1_6_0_, character0_.character_character_name as characte2_6_0_ from characters character0_ where character0_.character_id=?
Hibernate: select count(*) as col_0_0_ from user user0_ where user0_.user_id=?
Hibernate: select character1_.character_id as characte1_6_, character1_.character_character_name as characte2_6_ from user user0_ inner join characters character1_ on user0_.character_id=character1_.character_id where user0_.user_id=?
Hibernate: select permission0_.character_id as characte6_12_0_, permission0_.permission_id as permissi1_12_0_, permission0_.permission_id as permissi1_12_1_, permission0_.character_id as characte6_12_1_, permission0_.permission_name as permissi2_12_1_, permission0_.permission_permission_unit_id as permissi3_12_1_, permission0_.permission_service as permissi4_12_1_, permission0_.permission_status as permissi5_12_1_ from permission permission0_ where permission0_.character_id=?
Hibernate: select count(*) as col_0_0_ from board board0_ where board0_.board_id=?
Hibernate: select user0_.user_id as col_0_0_ from user user0_ where user0_.user_user_id=? limit ?
Hibernate: select user0_.user_id as col_0_0_ from user user0_ where user0_.user_user_id=? limit ?
Hibernate: select U.* from USER U where U.USER_USER_ID =?
Hibernate: select character0_.character_id as characte1_6_0_, character0_.character_character_name as characte2_6_0_ from characters character0_ where character0_.character_id=?
Hibernate: select user0_.user_id as user_id1_21_0_, user0_.character_id as characte7_21_0_, user0_.user_created_at as user_cre2_21_0_, user0_.user_name as user_nam3_21_0_, user0_.user_phone_number as user_pho4_21_0_, user0_.user_user_id as user_use5_21_0_, user0_.user_user_password as user_use6_21_0_ from user user0_ where user0_.user_id=?
Hibernate: select character0_.character_id as characte1_6_0_, character0_.character_character_name as characte2_6_0_ from characters character0_ where character0_.character_id=?
Hibernate: select category0_.category_id as category1_5_, category0_.category_name as category2_5_ from category category0_
Hibernate: select boardlist0_.category_id as category7_4_0_, boardlist0_.board_id as board_id1_4_0_, boardlist0_.board_id as board_id1_4_1_, boardlist0_.category_id as category7_4_1_, boardlist0_.board_content as board_co2_4_1_, boardlist0_.board_created_at as board_cr3_4_1_, boardlist0_.board_last_modified_at as board_la4_4_1_, boardlist0_.board_title as board_ti5_4_1_, boardlist0_.user_id as user_id8_4_1_, boardlist0_.board_views as board_vi6_4_1_ from board boardlist0_ where boardlist0_.category_id=?
Hibernate: select boardlist0_.category_id as category7_4_0_, boardlist0_.board_id as board_id1_4_0_, boardlist0_.board_id as board_id1_4_1_, boardlist0_.category_id as category7_4_1_, boardlist0_.board_content as board_co2_4_1_, boardlist0_.board_created_at as board_cr3_4_1_, boardlist0_.board_last_modified_at as board_la4_4_1_, boardlist0_.board_title as board_ti5_4_1_, boardlist0_.user_id as user_id8_4_1_, boardlist0_.board_views as board_vi6_4_1_ from board boardlist0_ where boardlist0_.category_id=?
Hibernate: select boardlist0_.category_id as category7_4_0_, boardlist0_.board_id as board_id1_4_0_, boardlist0_.board_id as board_id1_4_1_, boardlist0_.category_id as category7_4_1_, boardlist0_.board_content as board_co2_4_1_, boardlist0_.board_created_at as board_cr3_4_1_, boardlist0_.board_last_modified_at as board_la4_4_1_, boardlist0_.board_title as board_ti5_4_1_, boardlist0_.user_id as user_id8_4_1_, boardlist0_.board_views as board_vi6_4_1_ from board boardlist0_ where boardlist0_.category_id=?
Hibernate: select user0_.user_id as user_id1_21_0_, user0_.character_id as characte7_21_0_, user0_.user_created_at as user_cre2_21_0_, user0_.user_name as user_nam3_21_0_, user0_.user_phone_number as user_pho4_21_0_, user0_.user_user_id as user_use5_21_0_, user0_.user_user_password as user_use6_21_0_ from user user0_ where user0_.user_id=?
Hibernate: select character0_.character_id as characte1_6_0_, character0_.character_character_name as characte2_6_0_ from characters character0_ where character0_.character_id=?
Hibernate: select count(*) as col_0_0_ from user user0_ where user0_.user_id=?
Hibernate: select character1_.character_id as characte1_6_, character1_.character_character_name as characte2_6_ from user user0_ inner join characters character1_ on user0_.character_id=character1_.character_id where user0_.user_id=?
Hibernate: select permission0_.character_id as characte6_12_0_, permission0_.permission_id as permissi1_12_0_, permission0_.permission_id as permissi1_12_1_, permission0_.character_id as characte6_12_1_, permission0_.permission_name as permissi2_12_1_, permission0_.permission_permission_unit_id as permissi3_12_1_, permission0_.permission_service as permissi4_12_1_, permission0_.permission_status as permissi5_12_1_ from permission permission0_ where permission0_.character_id=?
Hibernate: select count(*) as col_0_0_ from category category0_ where category0_.category_id=?
Hibernate: select count(board0_.board_id) as col_0_0_ from board board0_ where board0_.category_id=?
Hibernate: select category0_.category_id as category1_5_0_, category0_.category_name as category2_5_0_ from category category0_ where category0_.category_id=?
Hibernate: select boardlist0_.category_id as category7_4_0_, boardlist0_.board_id as board_id1_4_0_, boardlist0_.board_id as board_id1_4_1_, boardlist0_.category_id as category7_4_1_, boardlist0_.board_content as board_co2_4_1_, boardlist0_.board_created_at as board_cr3_4_1_, boardlist0_.board_last_modified_at as board_la4_4_1_, boardlist0_.board_title as board_ti5_4_1_, boardlist0_.user_id as user_id8_4_1_, boardlist0_.board_views as board_vi6_4_1_ from board boardlist0_ where boardlist0_.category_id=?
Hibernate: delete from category where category_id=?
Hibernate: select user0_.user_id as user_id1_21_0_, user0_.character_id as characte7_21_0_, user0_.user_created_at as user_cre2_21_0_, user0_.user_name as user_nam3_21_0_, user0_.user_phone_number as user_pho4_21_0_, user0_.user_user_id as user_use5_21_0_, user0_.user_user_password as user_use6_21_0_ from user user0_ where user0_.user_id=?
Hibernate: select character0_.character_id as characte1_6_0_, character0_.character_character_name as characte2_6_0_ from characters character0_ where character0_.character_id=?
Hibernate: select count(*) as col_0_0_ from user user0_ where user0_.user_id=?
Hibernate: select character1_.character_id as characte1_6_, character1_.character_character_name as characte2_6_ from user user0_ inner join characters character1_ on user0_.character_id=character1_.character_id where user0_.user_id=?
Hibernate: select permission0_.character_id as characte6_12_0_, permission0_.permission_id as permissi1_12_0_, permission0_.permission_id as permissi1_12_1_, permission0_.character_id as characte6_12_1_, permission0_.permission_name as permissi2_12_1_, permission0_.permission_permission_unit_id as permissi3_12_1_, permission0_.permission_service as permissi4_12_1_, permission0_.permission_status as permissi5_12_1_ from permission permission0_ where permission0_.character_id=?
Hibernate: select count(*) as col_0_0_ from category category0_ where category0_.category_id=?
Hibernate: select count(board0_.board_id) as col_0_0_ from board board0_ where board0_.category_id=?
Hibernate: select category0_.category_id as category1_5_0_, category0_.category_name as category2_5_0_ from category category0_ where category0_.category_id=?
Hibernate: select boardlist0_.category_id as category7_4_0_, boardlist0_.board_id as board_id1_4_0_, boardlist0_.board_id as board_id1_4_1_, boardlist0_.category_id as category7_4_1_, boardlist0_.board_content as board_co2_4_1_, boardlist0_.board_created_at as board_cr3_4_1_, boardlist0_.board_last_modified_at as board_la4_4_1_, boardlist0_.board_title as board_ti5_4_1_, boardlist0_.user_id as user_id8_4_1_, boardlist0_.board_views as board_vi6_4_1_ from board boardlist0_ where boardlist0_.category_id=?
Hibernate: delete from category where category_id=?
Hibernate: select user0_.user_id as user_id1_21_0_, user0_.character_id as characte7_21_0_, user0_.user_created_at as user_cre2_21_0_, user0_.user_name as user_nam3_21_0_, user0_.user_phone_number as user_pho4_21_0_, user0_.user_user_id as user_use5_21_0_, user0_.user_user_password as user_use6_21_0_ from user user0_ where user0_.user_id=?
Hibernate: select character0_.character_id as characte1_6_0_, character0_.character_character_name as characte2_6_0_ from characters character0_ where character0_.character_id=?
Hibernate: select count(*) as col_0_0_ from user user0_ where user0_.user_id=?
Hibernate: select character1_.character_id as characte1_6_, character1_.character_character_name as characte2_6_ from user user0_ inner join characters character1_ on user0_.character_id=character1_.character_id where user0_.user_id=?
Hibernate: select permission0_.character_id as characte6_12_0_, permission0_.permission_id as permissi1_12_0_, permission0_.permission_id as permissi1_12_1_, permission0_.character_id as characte6_12_1_, permission0_.permission_name as permissi2_12_1_, permission0_.permission_permission_unit_id as permissi3_12_1_, permission0_.permission_service as permissi4_12_1_, permission0_.permission_status as permissi5_12_1_ from permission permission0_ where permission0_.character_id=?
Hibernate: select count(*) as col_0_0_ from category category0_ where category0_.category_id=?
Hibernate: select count(board0_.board_id) as col_0_0_ from board board0_ where board0_.category_id=?
Hibernate: select category0_.category_id as category1_5_0_, category0_.category_name as category2_5_0_ from category category0_ where category0_.category_id=?
Hibernate: select boardlist0_.category_id as category7_4_0_, boardlist0_.board_id as board_id1_4_0_, boardlist0_.board_id as board_id1_4_1_, boardlist0_.category_id as category7_4_1_, boardlist0_.board_content as board_co2_4_1_, boardlist0_.board_created_at as board_cr3_4_1_, boardlist0_.board_last_modified_at as board_la4_4_1_, boardlist0_.board_title as board_ti5_4_1_, boardlist0_.user_id as user_id8_4_1_, boardlist0_.board_views as board_vi6_4_1_ from board boardlist0_ where boardlist0_.category_id=?
Hibernate: delete from category where category_id=?
Hibernate: select user0_.user_id as user_id1_21_0_, user0_.character_id as characte7_21_0_, user0_.user_created_at as user_cre2_21_0_, user0_.user_name as user_nam3_21_0_, user0_.user_phone_number as user_pho4_21_0_, user0_.user_user_id as user_use5_21_0_, user0_.user_user_password as user_use6_21_0_ from user user0_ where user0_.user_id=?
Hibernate: select character0_.character_id as characte1_6_0_, character0_.character_character_name as characte2_6_0_ from characters character0_ where character0_.character_id=?
Hibernate: select count(*) as col_0_0_ from user user0_ where user0_.user_id=?
Hibernate: select character1_.character_id as characte1_6_, character1_.character_character_name as characte2_6_ from user user0_ inner join characters character1_ on user0_.character_id=character1_.character_id where user0_.user_id=?
Hibernate: select permission0_.character_id as characte6_12_0_, permission0_.permission_id as permissi1_12_0_, permission0_.permission_id as permissi1_12_1_, permission0_.character_id as characte6_12_1_, permission0_.permission_name as permissi2_12_1_, permission0_.permission_permission_unit_id as permissi3_12_1_, permission0_.permission_service as permissi4_12_1_, permission0_.permission_status as permissi5_12_1_ from permission permission0_ where permission0_.character_id=?
Hibernate: select category0_.category_id as col_0_0_ from category category0_ where category0_.category_name=? limit ?
Hibernate: select category0_.category_id as category1_5_1_, category0_.category_name as category2_5_1_, boardlist1_.category_id as category7_4_3_, boardlist1_.board_id as board_id1_4_3_, boardlist1_.board_id as board_id1_4_0_, boardlist1_.category_id as category7_4_0_, boardlist1_.board_content as board_co2_4_0_, boardlist1_.board_created_at as board_cr3_4_0_, boardlist1_.board_last_modified_at as board_la4_4_0_, boardlist1_.board_title as board_ti5_4_0_, boardlist1_.user_id as user_id8_4_0_, boardlist1_.board_views as board_vi6_4_0_ from category category0_ left outer join board boardlist1_ on category0_.category_id=boardlist1_.category_id where category0_.category_id=?
Hibernate: insert into category (category_id, category_name) values (default, ?)
Hibernate: select user0_.user_id as user_id1_21_0_, user0_.character_id as characte7_21_0_, user0_.user_created_at as user_cre2_21_0_, user0_.user_name as user_nam3_21_0_, user0_.user_phone_number as user_pho4_21_0_, user0_.user_user_id as user_use5_21_0_, user0_.user_user_password as user_use6_21_0_ from user user0_ where user0_.user_id=?
Hibernate: select character0_.character_id as characte1_6_0_, character0_.character_character_name as characte2_6_0_ from characters character0_ where character0_.character_id=?
Hibernate: select count(*) as col_0_0_ from user user0_ where user0_.user_id=?
Hibernate: select character1_.character_id as characte1_6_, character1_.character_character_name as characte2_6_ from user user0_ inner join characters character1_ on user0_.character_id=character1_.character_id where user0_.user_id=?
Hibernate: select permission0_.character_id as characte6_12_0_, permission0_.permission_id as permissi1_12_0_, permission0_.permission_id as permissi1_12_1_, permission0_.character_id as characte6_12_1_, permission0_.permission_name as permissi2_12_1_, permission0_.permission_permission_unit_id as permissi3_12_1_, permission0_.permission_service as permissi4_12_1_, permission0_.permission_status as permissi5_12_1_ from permission permission0_ where permission0_.character_id=?
Hibernate: select category0_.category_id as col_0_0_ from category category0_ where category0_.category_name=? limit ?
Hibernate: select category0_.category_id as category1_5_1_, category0_.category_name as category2_5_1_, boardlist1_.category_id as category7_4_3_, boardlist1_.board_id as board_id1_4_3_, boardlist1_.board_id as board_id1_4_0_, boardlist1_.category_id as category7_4_0_, boardlist1_.board_content as board_co2_4_0_, boardlist1_.board_created_at as board_cr3_4_0_, boardlist1_.board_last_modified_at as board_la4_4_0_, boardlist1_.board_title as board_ti5_4_0_, boardlist1_.user_id as user_id8_4_0_, boardlist1_.board_views as board_vi6_4_0_ from category category0_ left outer join board boardlist1_ on category0_.category_id=boardlist1_.category_id where category0_.category_id=?
Hibernate: insert into category (category_id, category_name) values (default, ?)
Hibernate: select user0_.user_id as col_0_0_ from user user0_ where user0_.user_user_id=? limit ?
Hibernate: select user0_.user_id as col_0_0_ from user user0_ where user0_.user_user_id=? limit ?
Hibernate: select U.* from USER U where U.USER_USER_ID =?
Hibernate: select character0_.character_id as characte1_6_0_, character0_.character_character_name as characte2_6_0_ from characters character0_ where character0_.character_id=?
Hibernate: select user0_.user_id as col_0_0_ from user user0_ where user0_.user_user_id=? limit ?
Hibernate: select user0_.user_id as col_0_0_ from user user0_ where user0_.user_user_id=? limit ?
Hibernate: select U.* from USER U where U.USER_USER_ID =?
Hibernate: select character0_.character_id as characte1_6_0_, character0_.character_character_name as characte2_6_0_ from characters character0_ where character0_.character_id=?
Hibernate: select user0_.user_id as user_id1_21_0_, user0_.character_id as characte7_21_0_, user0_.user_created_at as user_cre2_21_0_, user0_.user_name as user_nam3_21_0_, user0_.user_phone_number as user_pho4_21_0_, user0_.user_user_id as user_use5_21_0_, user0_.user_user_password as user_use6_21_0_ from user user0_ where user0_.user_id=?
Hibernate: select character0_.character_id as characte1_6_0_, character0_.character_character_name as characte2_6_0_ from characters character0_ where character0_.character_id=?
Hibernate: select count(*) as col_0_0_ from board board0_
Hibernate: select count(*) as col_0_0_ from board board0_
Hibernate: select user0_.user_id as col_0_0_ from user user0_ where user0_.user_user_id=? limit ?
Hibernate: select user0_.user_id as col_0_0_ from user user0_ where user0_.user_user_id=? limit ?
Hibernate: select U.* from USER U where U.USER_USER_ID =?
Hibernate: select character0_.character_id as characte1_6_0_, character0_.character_character_name as characte2_6_0_ from characters character0_ where character0_.character_id=?
Hibernate: select user0_.user_id as user_id1_21_0_, user0_.character_id as characte7_21_0_, user0_.user_created_at as user_cre2_21_0_, user0_.user_name as user_nam3_21_0_, user0_.user_phone_number as user_pho4_21_0_, user0_.user_user_id as user_use5_21_0_, user0_.user_user_password as user_use6_21_0_ from user user0_ where user0_.user_id=?
Hibernate: select character0_.character_id as characte1_6_0_, character0_.character_character_name as characte2_6_0_ from characters character0_ where character0_.character_id=?
Hibernate: select category0_.category_id as category1_5_, category0_.category_name as category2_5_ from category category0_
Hibernate: select boardlist0_.category_id as category7_4_0_, boardlist0_.board_id as board_id1_4_0_, boardlist0_.board_id as board_id1_4_1_, boardlist0_.category_id as category7_4_1_, boardlist0_.board_content as board_co2_4_1_, boardlist0_.board_created_at as board_cr3_4_1_, boardlist0_.board_last_modified_at as board_la4_4_1_, boardlist0_.board_title as board_ti5_4_1_, boardlist0_.user_id as user_id8_4_1_, boardlist0_.board_views as board_vi6_4_1_ from board boardlist0_ where boardlist0_.category_id=?
Hibernate: select boardlist0_.category_id as category7_4_0_, boardlist0_.board_id as board_id1_4_0_, boardlist0_.board_id as board_id1_4_1_, boardlist0_.category_id as category7_4_1_, boardlist0_.board_content as board_co2_4_1_, boardlist0_.board_created_at as board_cr3_4_1_, boardlist0_.board_last_modified_at as board_la4_4_1_, boardlist0_.board_title as board_ti5_4_1_, boardlist0_.user_id as user_id8_4_1_, boardlist0_.board_views as board_vi6_4_1_ from board boardlist0_ where boardlist0_.category_id=?
Hibernate: select user0_.user_id as user_id1_21_0_, user0_.character_id as characte7_21_0_, user0_.user_created_at as user_cre2_21_0_, user0_.user_name as user_nam3_21_0_, user0_.user_phone_number as user_pho4_21_0_, user0_.user_user_id as user_use5_21_0_, user0_.user_user_password as user_use6_21_0_ from user user0_ where user0_.user_id=?
Hibernate: select character0_.character_id as characte1_6_0_, character0_.character_character_name as characte2_6_0_ from characters character0_ where character0_.character_id=?
Hibernate: select count(*) as col_0_0_ from user user0_ where user0_.user_id=?
Hibernate: select character1_.character_id as characte1_6_, character1_.character_character_name as characte2_6_ from user user0_ inner join characters character1_ on user0_.character_id=character1_.character_id where user0_.user_id=?
Hibernate: select permission0_.character_id as characte6_12_0_, permission0_.permission_id as permissi1_12_0_, permission0_.permission_id as permissi1_12_1_, permission0_.character_id as characte6_12_1_, permission0_.permission_name as permissi2_12_1_, permission0_.permission_permission_unit_id as permissi3_12_1_, permission0_.permission_service as permissi4_12_1_, permission0_.permission_status as permissi5_12_1_ from permission permission0_ where permission0_.character_id=?
Hibernate: select count(*) as col_0_0_ from category category0_ where category0_.category_id=?
Hibernate: select count(board0_.board_id) as col_0_0_ from board board0_ where board0_.category_id=?
Hibernate: select category0_.category_id as category1_5_0_, category0_.category_name as category2_5_0_ from category category0_ where category0_.category_id=?
Hibernate: select boardlist0_.category_id as category7_4_0_, boardlist0_.board_id as board_id1_4_0_, boardlist0_.board_id as board_id1_4_1_, boardlist0_.category_id as category7_4_1_, boardlist0_.board_content as board_co2_4_1_, boardlist0_.board_created_at as board_cr3_4_1_, boardlist0_.board_last_modified_at as board_la4_4_1_, boardlist0_.board_title as board_ti5_4_1_, boardlist0_.user_id as user_id8_4_1_, boardlist0_.board_views as board_vi6_4_1_ from board boardlist0_ where boardlist0_.category_id=?
Hibernate: delete from category where category_id=?
Hibernate: select user0_.user_id as user_id1_21_0_, user0_.character_id as characte7_21_0_, user0_.user_created_at as user_cre2_21_0_, user0_.user_name as user_nam3_21_0_, user0_.user_phone_number as user_pho4_21_0_, user0_.user_user_id as user_use5_21_0_, user0_.user_user_password as user_use6_21_0_ from user user0_ where user0_.user_id=?
Hibernate: select character0_.character_id as characte1_6_0_, character0_.character_character_name as characte2_6_0_ from characters character0_ where character0_.character_id=?
Hibernate: select count(*) as col_0_0_ from user user0_ where user0_.user_id=?
Hibernate: select character1_.character_id as characte1_6_, character1_.character_character_name as characte2_6_ from user user0_ inner join characters character1_ on user0_.character_id=character1_.character_id where user0_.user_id=?
Hibernate: select permission0_.character_id as characte6_12_0_, permission0_.permission_id as permissi1_12_0_, permission0_.permission_id as permissi1_12_1_, permission0_.character_id as characte6_12_1_, permission0_.permission_name as permissi2_12_1_, permission0_.permission_permission_unit_id as permissi3_12_1_, permission0_.permission_service as permissi4_12_1_, permission0_.permission_status as permissi5_12_1_ from permission permission0_ where permission0_.character_id=?
Hibernate: select count(*) as col_0_0_ from category category0_ where category0_.category_id=?
Hibernate: select count(board0_.board_id) as col_0_0_ from board board0_ where board0_.category_id=?
Hibernate: select category0_.category_id as category1_5_0_, category0_.category_name as category2_5_0_ from category category0_ where category0_.category_id=?
Hibernate: select boardlist0_.category_id as category7_4_0_, boardlist0_.board_id as board_id1_4_0_, boardlist0_.board_id as board_id1_4_1_, boardlist0_.category_id as category7_4_1_, boardlist0_.board_content as board_co2_4_1_, boardlist0_.board_created_at as board_cr3_4_1_, boardlist0_.board_last_modified_at as board_la4_4_1_, boardlist0_.board_title as board_ti5_4_1_, boardlist0_.user_id as user_id8_4_1_, boardlist0_.board_views as board_vi6_4_1_ from board boardlist0_ where boardlist0_.category_id=?
Hibernate: delete from category where category_id=?
Hibernate: select user0_.user_id as user_id1_21_0_, user0_.character_id as characte7_21_0_, user0_.user_created_at as user_cre2_21_0_, user0_.user_name as user_nam3_21_0_, user0_.user_phone_number as user_pho4_21_0_, user0_.user_user_id as user_use5_21_0_, user0_.user_user_password as user_use6_21_0_ from user user0_ where user0_.user_id=?
Hibernate: select character0_.character_id as characte1_6_0_, character0_.character_character_name as characte2_6_0_ from characters character0_ where character0_.character_id=?
Hibernate: select count(*) as col_0_0_ from user user0_ where user0_.user_id=?
Hibernate: select character1_.character_id as characte1_6_, character1_.character_character_name as characte2_6_ from user user0_ inner join characters character1_ on user0_.character_id=character1_.character_id where user0_.user_id=?
Hibernate: select permission0_.character_id as characte6_12_0_, permission0_.permission_id as permissi1_12_0_, permission0_.permission_id as permissi1_12_1_, permission0_.character_id as characte6_12_1_, permission0_.permission_name as permissi2_12_1_, permission0_.permission_permission_unit_id as permissi3_12_1_, permission0_.permission_service as permissi4_12_1_, permission0_.permission_status as permissi5_12_1_ from permission permission0_ where permission0_.character_id=?
Hibernate: select category0_.category_id as col_0_0_ from category category0_ where category0_.category_name=? limit ?
Hibernate: select category0_.category_id as category1_5_1_, category0_.category_name as category2_5_1_, boardlist1_.category_id as category7_4_3_, boardlist1_.board_id as board_id1_4_3_, boardlist1_.board_id as board_id1_4_0_, boardlist1_.category_id as category7_4_0_, boardlist1_.board_content as board_co2_4_0_, boardlist1_.board_created_at as board_cr3_4_0_, boardlist1_.board_last_modified_at as board_la4_4_0_, boardlist1_.board_title as board_ti5_4_0_, boardlist1_.user_id as user_id8_4_0_, boardlist1_.board_views as board_vi6_4_0_ from category category0_ left outer join board boardlist1_ on category0_.category_id=boardlist1_.category_id where category0_.category_id=?
Hibernate: insert into category (category_id, category_name) values (default, ?)
Hibernate: select user0_.user_id as user_id1_21_0_, user0_.character_id as characte7_21_0_, user0_.user_created_at as user_cre2_21_0_, user0_.user_name as user_nam3_21_0_, user0_.user_phone_number as user_pho4_21_0_, user0_.user_user_id as user_use5_21_0_, user0_.user_user_password as user_use6_21_0_ from user user0_ where user0_.user_id=?
Hibernate: select character0_.character_id as characte1_6_0_, character0_.character_character_name as characte2_6_0_ from characters character0_ where character0_.character_id=?
Hibernate: select count(*) as col_0_0_ from user user0_ where user0_.user_id=?
Hibernate: select character1_.character_id as characte1_6_, character1_.character_character_name as characte2_6_ from user user0_ inner join characters character1_ on user0_.character_id=character1_.character_id where user0_.user_id=?
Hibernate: select permission0_.character_id as characte6_12_0_, permission0_.permission_id as permissi1_12_0_, permission0_.permission_id as permissi1_12_1_, permission0_.character_id as characte6_12_1_, permission0_.permission_name as permissi2_12_1_, permission0_.permission_permission_unit_id as permissi3_12_1_, permission0_.permission_service as permissi4_12_1_, permission0_.permission_status as permissi5_12_1_ from permission permission0_ where permission0_.character_id=?
Hibernate: select category0_.category_id as col_0_0_ from category category0_ where category0_.category_name=? limit ?
Hibernate: select category0_.category_id as category1_5_1_, category0_.category_name as category2_5_1_, boardlist1_.category_id as category7_4_3_, boardlist1_.board_id as board_id1_4_3_, boardlist1_.board_id as board_id1_4_0_, boardlist1_.category_id as category7_4_0_, boardlist1_.board_content as board_co2_4_0_, boardlist1_.board_created_at as board_cr3_4_0_, boardlist1_.board_last_modified_at as board_la4_4_0_, boardlist1_.board_title as board_ti5_4_0_, boardlist1_.user_id as user_id8_4_0_, boardlist1_.board_views as board_vi6_4_0_ from category category0_ left outer join board boardlist1_ on category0_.category_id=boardlist1_.category_id where category0_.category_id=?
Hibernate: insert into category (category_id, category_name) values (default, ?)
Hibernate: select user0_.user_id as col_0_0_ from user user0_ where user0_.user_user_id=? limit ?
Hibernate: select user0_.user_id as col_0_0_ from user user0_ where user0_.user_user_id=? limit ?
Hibernate: select U.* from USER U where U.USER_USER_ID =?
Hibernate: select character0_.character_id as characte1_6_0_, character0_.character_character_name as characte2_6_0_ from characters character0_ where character0_.character_id=?
Hibernate: select user0_.user_id as col_0_0_ from user user0_ where user0_.user_user_id=? limit ?
Hibernate: select user0_.user_id as col_0_0_ from user user0_ where user0_.user_user_id=? limit ?
Hibernate: select U.* from USER U where U.USER_USER_ID =?
Hibernate: select character0_.character_id as characte1_6_0_, character0_.character_character_name as characte2_6_0_ from characters character0_ where character0_.character_id=?
Hibernate: select user0_.user_id as user_id1_21_0_, user0_.character_id as characte7_21_0_, user0_.user_created_at as user_cre2_21_0_, user0_.user_name as user_nam3_21_0_, user0_.user_phone_number as user_pho4_21_0_, user0_.user_user_id as user_use5_21_0_, user0_.user_user_password as user_use6_21_0_ from user user0_ where user0_.user_id=?
Hibernate: select character0_.character_id as characte1_6_0_, character0_.character_character_name as characte2_6_0_ from characters character0_ where character0_.character_id=?
Hibernate: select count(*) as col_0_0_ from user user0_ where user0_.user_id=?
Hibernate: select character1_.character_id as characte1_6_, character1_.character_character_name as characte2_6_ from user user0_ inner join characters character1_ on user0_.character_id=character1_.character_id where user0_.user_id=?
Hibernate: select permission0_.character_id as characte6_12_0_, permission0_.permission_id as permissi1_12_0_, permission0_.permission_id as permissi1_12_1_, permission0_.character_id as characte6_12_1_, permission0_.permission_name as permissi2_12_1_, permission0_.permission_permission_unit_id as permissi3_12_1_, permission0_.permission_service as permissi4_12_1_, permission0_.permission_status as permissi5_12_1_ from permission permission0_ where permission0_.character_id=?
Hibernate: select category0_.category_id as col_0_0_ from category category0_ where category0_.category_name=? limit ?
Hibernate: select category0_.category_id as category1_5_1_, category0_.category_name as category2_5_1_, boardlist1_.category_id as category7_4_3_, boardlist1_.board_id as board_id1_4_3_, boardlist1_.board_id as board_id1_4_0_, boardlist1_.category_id as category7_4_0_, boardlist1_.board_content as board_co2_4_0_, boardlist1_.board_created_at as board_cr3_4_0_, boardlist1_.board_last_modified_at as board_la4_4_0_, boardlist1_.board_title as board_ti5_4_0_, boardlist1_.user_id as user_id8_4_0_, boardlist1_.board_views as board_vi6_4_0_ from category category0_ left outer join board boardlist1_ on category0_.category_id=boardlist1_.category_id where category0_.category_id=?
Hibernate: insert into category (category_id, category_name) values (default, ?)
Hibernate: select user0_.user_id as user_id1_21_0_, user0_.character_id as characte7_21_0_, user0_.user_created_at as user_cre2_21_0_, user0_.user_name as user_nam3_21_0_, user0_.user_phone_number as user_pho4_21_0_, user0_.user_user_id as user_use5_21_0_, user0_.user_user_password as user_use6_21_0_ from user user0_ where user0_.user_id=?
Hibernate: select character0_.character_id as characte1_6_0_, character0_.character_character_name as characte2_6_0_ from characters character0_ where character0_.character_id=?
Hibernate: select category0_.category_id as category1_5_, category0_.category_name as category2_5_ from category category0_
Hibernate: select boardlist0_.category_id as category7_4_0_, boardlist0_.board_id as board_id1_4_0_, boardlist0_.board_id as board_id1_4_1_, boardlist0_.category_id as category7_4_1_, boardlist0_.board_content as board_co2_4_1_, boardlist0_.board_created_at as board_cr3_4_1_, boardlist0_.board_last_modified_at as board_la4_4_1_, boardlist0_.board_title as board_ti5_4_1_, boardlist0_.user_id as user_id8_4_1_, boardlist0_.board_views as board_vi6_4_1_ from board boardlist0_ where boardlist0_.category_id=?
Hibernate: select boardlist0_.category_id as category7_4_0_, boardlist0_.board_id as board_id1_4_0_, boardlist0_.board_id as board_id1_4_1_, boardlist0_.category_id as category7_4_1_, boardlist0_.board_content as board_co2_4_1_, boardlist0_.board_created_at as board_cr3_4_1_, boardlist0_.board_last_modified_at as board_la4_4_1_, boardlist0_.board_title as board_ti5_4_1_, boardlist0_.user_id as user_id8_4_1_, boardlist0_.board_views as board_vi6_4_1_ from board boardlist0_ where boardlist0_.category_id=?
Hibernate: select boardlist0_.category_id as category7_4_0_, boardlist0_.board_id as board_id1_4_0_, boardlist0_.board_id as board_id1_4_1_, boardlist0_.category_id as category7_4_1_, boardlist0_.board_content as board_co2_4_1_, boardlist0_.board_created_at as board_cr3_4_1_, boardlist0_.board_last_modified_at as board_la4_4_1_, boardlist0_.board_title as board_ti5_4_1_, boardlist0_.user_id as user_id8_4_1_, boardlist0_.board_views as board_vi6_4_1_ from board boardlist0_ where boardlist0_.category_id=?
Hibernate: select user0_.user_id as user_id1_21_0_, user0_.character_id as characte7_21_0_, user0_.user_created_at as user_cre2_21_0_, user0_.user_name as user_nam3_21_0_, user0_.user_phone_number as user_pho4_21_0_, user0_.user_user_id as user_use5_21_0_, user0_.user_user_password as user_use6_21_0_ from user user0_ where user0_.user_id=?
Hibernate: select character0_.character_id as characte1_6_0_, character0_.character_character_name as characte2_6_0_ from characters character0_ where character0_.character_id=?
Hibernate: select count(*) as col_0_0_ from category category0_ where category0_.category_id=?
Hibernate: select category0_.category_id as category1_5_0_, category0_.category_name as category2_5_0_ from category category0_ where category0_.category_id=?
Hibernate: select boardlist0_.category_id as category7_4_0_, boardlist0_.board_id as board_id1_4_0_, boardlist0_.board_id as board_id1_4_1_, boardlist0_.category_id as category7_4_1_, boardlist0_.board_content as board_co2_4_1_, boardlist0_.board_created_at as board_cr3_4_1_, boardlist0_.board_last_modified_at as board_la4_4_1_, boardlist0_.board_title as board_ti5_4_1_, boardlist0_.user_id as user_id8_4_1_, boardlist0_.board_views as board_vi6_4_1_ from board boardlist0_ where boardlist0_.category_id=?
Hibernate: select user0_.user_id as col_0_0_ from user user0_ where user0_.user_user_id=? limit ?
Hibernate: select user0_.user_id as col_0_0_ from user user0_ where user0_.user_user_id=? limit ?
Hibernate: select U.* from USER U where U.USER_USER_ID =?
Hibernate: select character0_.character_id as characte1_6_0_, character0_.character_character_name as characte2_6_0_ from characters character0_ where character0_.character_id=?
Hibernate: select user0_.user_id as user_id1_21_0_, user0_.character_id as characte7_21_0_, user0_.user_created_at as user_cre2_21_0_, user0_.user_name as user_nam3_21_0_, user0_.user_phone_number as user_pho4_21_0_, user0_.user_user_id as user_use5_21_0_, user0_.user_user_password as user_use6_21_0_ from user user0_ where user0_.user_id=?
Hibernate: select character0_.character_id as characte1_6_0_, character0_.character_character_name as characte2_6_0_ from characters character0_ where character0_.character_id=?
Hibernate: select count(*) as col_0_0_ from board board0_
Hibernate: select count(*) as col_0_0_ from board board0_
Hibernate: select user0_.user_id as col_0_0_ from user user0_ where user0_.user_user_id=? limit ?
Hibernate: select user0_.user_id as col_0_0_ from user user0_ where user0_.user_user_id=? limit ?
Hibernate: select U.* from USER U where U.USER_USER_ID =?
Hibernate: select character0_.character_id as characte1_6_0_, character0_.character_character_name as characte2_6_0_ from characters character0_ where character0_.character_id=?
Hibernate: select user0_.user_id as user_id1_21_0_, user0_.character_id as characte7_21_0_, user0_.user_created_at as user_cre2_21_0_, user0_.user_name as user_nam3_21_0_, user0_.user_phone_number as user_pho4_21_0_, user0_.user_user_id as user_use5_21_0_, user0_.user_user_password as user_use6_21_0_ from user user0_ where user0_.user_id=?
Hibernate: select character0_.character_id as characte1_6_0_, character0_.character_character_name as characte2_6_0_ from characters character0_ where character0_.character_id=?
Hibernate: select category0_.category_id as category1_5_, category0_.category_name as category2_5_ from category category0_
Hibernate: select boardlist0_.category_id as category7_4_0_, boardlist0_.board_id as board_id1_4_0_, boardlist0_.board_id as board_id1_4_1_, boardlist0_.category_id as category7_4_1_, boardlist0_.board_content as board_co2_4_1_, boardlist0_.board_created_at as board_cr3_4_1_, boardlist0_.board_last_modified_at as board_la4_4_1_, boardlist0_.board_title as board_ti5_4_1_, boardlist0_.user_id as user_id8_4_1_, boardlist0_.board_views as board_vi6_4_1_ from board boardlist0_ where boardlist0_.category_id=?
Hibernate: select boardlist0_.category_id as category7_4_0_, boardlist0_.board_id as board_id1_4_0_, boardlist0_.board_id as board_id1_4_1_, boardlist0_.category_id as category7_4_1_, boardlist0_.board_content as board_co2_4_1_, boardlist0_.board_created_at as board_cr3_4_1_, boardlist0_.board_last_modified_at as board_la4_4_1_, boardlist0_.board_title as board_ti5_4_1_, boardlist0_.user_id as user_id8_4_1_, boardlist0_.board_views as board_vi6_4_1_ from board boardlist0_ where boardlist0_.category_id=?
Hibernate: select boardlist0_.category_id as category7_4_0_, boardlist0_.board_id as board_id1_4_0_, boardlist0_.board_id as board_id1_4_1_, boardlist0_.category_id as category7_4_1_, boardlist0_.board_content as board_co2_4_1_, boardlist0_.board_created_at as board_cr3_4_1_, boardlist0_.board_last_modified_at as board_la4_4_1_, boardlist0_.board_title as board_ti5_4_1_, boardlist0_.user_id as user_id8_4_1_, boardlist0_.board_views as board_vi6_4_1_ from board boardlist0_ where boardlist0_.category_id=?
Hibernate: select user0_.user_id as user_id1_21_0_, user0_.character_id as characte7_21_0_, user0_.user_created_at as user_cre2_21_0_, user0_.user_name as user_nam3_21_0_, user0_.user_phone_number as user_pho4_21_0_, user0_.user_user_id as user_use5_21_0_, user0_.user_user_password as user_use6_21_0_ from user user0_ where user0_.user_id=?
Hibernate: select character0_.character_id as characte1_6_0_, character0_.character_character_name as characte2_6_0_ from characters character0_ where character0_.character_id=?
Hibernate: select count(*) as col_0_0_ from user user0_ where user0_.user_id=?
Hibernate: select character1_.character_id as characte1_6_, character1_.character_character_name as characte2_6_ from user user0_ inner join characters character1_ on user0_.character_id=character1_.character_id where user0_.user_id=?
Hibernate: select permission0_.character_id as characte6_12_0_, permission0_.permission_id as permissi1_12_0_, permission0_.permission_id as permissi1_12_1_, permission0_.character_id as characte6_12_1_, permission0_.permission_name as permissi2_12_1_, permission0_.permission_permission_unit_id as permissi3_12_1_, permission0_.permission_service as permissi4_12_1_, permission0_.permission_status as permissi5_12_1_ from permission permission0_ where permission0_.character_id=?
Hibernate: select count(*) as col_0_0_ from category category0_ where category0_.category_id=?
Hibernate: select count(board0_.board_id) as col_0_0_ from board board0_ where board0_.category_id=?
Hibernate: select category0_.category_id as category1_5_0_, category0_.category_name as category2_5_0_ from category category0_ where category0_.category_id=?
Hibernate: select boardlist0_.category_id as category7_4_0_, boardlist0_.board_id as board_id1_4_0_, boardlist0_.board_id as board_id1_4_1_, boardlist0_.category_id as category7_4_1_, boardlist0_.board_content as board_co2_4_1_, boardlist0_.board_created_at as board_cr3_4_1_, boardlist0_.board_last_modified_at as board_la4_4_1_, boardlist0_.board_title as board_ti5_4_1_, boardlist0_.user_id as user_id8_4_1_, boardlist0_.board_views as board_vi6_4_1_ from board boardlist0_ where boardlist0_.category_id=?
Hibernate: delete from category where category_id=?
Hibernate: select user0_.user_id as user_id1_21_0_, user0_.character_id as characte7_21_0_, user0_.user_created_at as user_cre2_21_0_, user0_.user_name as user_nam3_21_0_, user0_.user_phone_number as user_pho4_21_0_, user0_.user_user_id as user_use5_21_0_, user0_.user_user_password as user_use6_21_0_ from user user0_ where user0_.user_id=?
Hibernate: select character0_.character_id as characte1_6_0_, character0_.character_character_name as characte2_6_0_ from characters character0_ where character0_.character_id=?
Hibernate: select count(*) as col_0_0_ from user user0_ where user0_.user_id=?
Hibernate: select character1_.character_id as characte1_6_, character1_.character_character_name as characte2_6_ from user user0_ inner join characters character1_ on user0_.character_id=character1_.character_id where user0_.user_id=?
Hibernate: select permission0_.character_id as characte6_12_0_, permission0_.permission_id as permissi1_12_0_, permission0_.permission_id as permissi1_12_1_, permission0_.character_id as characte6_12_1_, permission0_.permission_name as permissi2_12_1_, permission0_.permission_permission_unit_id as permissi3_12_1_, permission0_.permission_service as permissi4_12_1_, permission0_.permission_status as permissi5_12_1_ from permission permission0_ where permission0_.character_id=?
Hibernate: select count(*) as col_0_0_ from category category0_ where category0_.category_id=?
Hibernate: select count(board0_.board_id) as col_0_0_ from board board0_ where board0_.category_id=?
Hibernate: select category0_.category_id as category1_5_0_, category0_.category_name as category2_5_0_ from category category0_ where category0_.category_id=?
Hibernate: select boardlist0_.category_id as category7_4_0_, boardlist0_.board_id as board_id1_4_0_, boardlist0_.board_id as board_id1_4_1_, boardlist0_.category_id as category7_4_1_, boardlist0_.board_content as board_co2_4_1_, boardlist0_.board_created_at as board_cr3_4_1_, boardlist0_.board_last_modified_at as board_la4_4_1_, boardlist0_.board_title as board_ti5_4_1_, boardlist0_.user_id as user_id8_4_1_, boardlist0_.board_views as board_vi6_4_1_ from board boardlist0_ where boardlist0_.category_id=?
Hibernate: delete from category where category_id=?
Hibernate: select user0_.user_id as user_id1_21_0_, user0_.character_id as characte7_21_0_, user0_.user_created_at as user_cre2_21_0_, user0_.user_name as user_nam3_21_0_, user0_.user_phone_number as user_pho4_21_0_, user0_.user_user_id as user_use5_21_0_, user0_.user_user_password as user_use6_21_0_ from user user0_ where user0_.user_id=?
Hibernate: select character0_.character_id as characte1_6_0_, character0_.character_character_name as characte2_6_0_ from characters character0_ where character0_.character_id=?
Hibernate: select count(*) as col_0_0_ from user user0_ where user0_.user_id=?
Hibernate: select character1_.character_id as characte1_6_, character1_.character_character_name as characte2_6_ from user user0_ inner join characters character1_ on user0_.character_id=character1_.character_id where user0_.user_id=?
Hibernate: select permission0_.character_id as characte6_12_0_, permission0_.permission_id as permissi1_12_0_, permission0_.permission_id as permissi1_12_1_, permission0_.character_id as characte6_12_1_, permission0_.permission_name as permissi2_12_1_, permission0_.permission_permission_unit_id as permissi3_12_1_, permission0_.permission_service as permissi4_12_1_, permission0_.permission_status as permissi5_12_1_ from permission permission0_ where permission0_.character_id=?
Hibernate: select count(*) as col_0_0_ from category category0_ where category0_.category_id=?
Hibernate: select count(board0_.board_id) as col_0_0_ from board board0_ where board0_.category_id=?
Hibernate: select category0_.category_id as category1_5_0_, category0_.category_name as category2_5_0_ from category category0_ where category0_.category_id=?
Hibernate: select boardlist0_.category_id as category7_4_0_, boardlist0_.board_id as board_id1_4_0_, boardlist0_.board_id as board_id1_4_1_, boardlist0_.category_id as category7_4_1_, boardlist0_.board_content as board_co2_4_1_, boardlist0_.board_created_at as board_cr3_4_1_, boardlist0_.board_last_modified_at as board_la4_4_1_, boardlist0_.board_title as board_ti5_4_1_, boardlist0_.user_id as user_id8_4_1_, boardlist0_.board_views as board_vi6_4_1_ from board boardlist0_ where boardlist0_.category_id=?
Hibernate: delete from category where category_id=?
Hibernate: select user0_.user_id as user_id1_21_0_, user0_.character_id as characte7_21_0_, user0_.user_created_at as user_cre2_21_0_, user0_.user_name as user_nam3_21_0_, user0_.user_phone_number as user_pho4_21_0_, user0_.user_user_id as user_use5_21_0_, user0_.user_user_password as user_use6_21_0_ from user user0_ where user0_.user_id=?
Hibernate: select character0_.character_id as characte1_6_0_, character0_.character_character_name as characte2_6_0_ from characters character0_ where character0_.character_id=?
Hibernate: select count(*) as col_0_0_ from user user0_ where user0_.user_id=?
Hibernate: select character1_.character_id as characte1_6_, character1_.character_character_name as characte2_6_ from user user0_ inner join characters character1_ on user0_.character_id=character1_.character_id where user0_.user_id=?
Hibernate: select permission0_.character_id as characte6_12_0_, permission0_.permission_id as permissi1_12_0_, permission0_.permission_id as permissi1_12_1_, permission0_.character_id as characte6_12_1_, permission0_.permission_name as permissi2_12_1_, permission0_.permission_permission_unit_id as permissi3_12_1_, permission0_.permission_service as permissi4_12_1_, permission0_.permission_status as permissi5_12_1_ from permission permission0_ where permission0_.character_id=?
Hibernate: select category0_.category_id as col_0_0_ from category category0_ where category0_.category_name=? limit ?
Hibernate: select category0_.category_id as category1_5_1_, category0_.category_name as category2_5_1_, boardlist1_.category_id as category7_4_3_, boardlist1_.board_id as board_id1_4_3_, boardlist1_.board_id as board_id1_4_0_, boardlist1_.category_id as category7_4_0_, boardlist1_.board_content as board_co2_4_0_, boardlist1_.board_created_at as board_cr3_4_0_, boardlist1_.board_last_modified_at as board_la4_4_0_, boardlist1_.board_title as board_ti5_4_0_, boardlist1_.user_id as user_id8_4_0_, boardlist1_.board_views as board_vi6_4_0_ from category category0_ left outer join board boardlist1_ on category0_.category_id=boardlist1_.category_id where category0_.category_id=?
Hibernate: insert into category (category_id, category_name) values (default, ?)
Hibernate: select user0_.user_id as user_id1_21_0_, user0_.character_id as characte7_21_0_, user0_.user_created_at as user_cre2_21_0_, user0_.user_name as user_nam3_21_0_, user0_.user_phone_number as user_pho4_21_0_, user0_.user_user_id as user_use5_21_0_, user0_.user_user_password as user_use6_21_0_ from user user0_ where user0_.user_id=?
Hibernate: select character0_.character_id as characte1_6_0_, character0_.character_character_name as characte2_6_0_ from characters character0_ where character0_.character_id=?
Hibernate: select count(*) as col_0_0_ from user user0_ where user0_.user_id=?
Hibernate: select character1_.character_id as characte1_6_, character1_.character_character_name as characte2_6_ from user user0_ inner join characters character1_ on user0_.character_id=character1_.character_id where user0_.user_id=?
Hibernate: select permission0_.character_id as characte6_12_0_, permission0_.permission_id as permissi1_12_0_, permission0_.permission_id as permissi1_12_1_, permission0_.character_id as characte6_12_1_, permission0_.permission_name as permissi2_12_1_, permission0_.permission_permission_unit_id as permissi3_12_1_, permission0_.permission_service as permissi4_12_1_, permission0_.permission_status as permissi5_12_1_ from permission permission0_ where permission0_.character_id=?
Hibernate: select category0_.category_id as col_0_0_ from category category0_ where category0_.category_name=? limit ?
Hibernate: select category0_.category_id as category1_5_1_, category0_.category_name as category2_5_1_, boardlist1_.category_id as category7_4_3_, boardlist1_.board_id as board_id1_4_3_, boardlist1_.board_id as board_id1_4_0_, boardlist1_.category_id as category7_4_0_, boardlist1_.board_content as board_co2_4_0_, boardlist1_.board_created_at as board_cr3_4_0_, boardlist1_.board_last_modified_at as board_la4_4_0_, boardlist1_.board_title as board_ti5_4_0_, boardlist1_.user_id as user_id8_4_0_, boardlist1_.board_views as board_vi6_4_0_ from category category0_ left outer join board boardlist1_ on category0_.category_id=boardlist1_.category_id where category0_.category_id=?
Hibernate: insert into category (category_id, category_name) values (default, ?)
Hibernate: select user0_.user_id as col_0_0_ from user user0_ where user0_.user_user_id=? limit ?
Hibernate: select user0_.user_id as col_0_0_ from user user0_ where user0_.user_user_id=? limit ?
Hibernate: select U.* from USER U where U.USER_USER_ID =?
Hibernate: select character0_.character_id as characte1_6_0_, character0_.character_character_name as characte2_6_0_ from characters character0_ where character0_.character_id=?
Hibernate: select user0_.user_id as col_0_0_ from user user0_ where user0_.user_user_id=? limit ?
Hibernate: select user0_.user_id as col_0_0_ from user user0_ where user0_.user_user_id=? limit ?
Hibernate: select U.* from USER U where U.USER_USER_ID =?
Hibernate: select character0_.character_id as characte1_6_0_, character0_.character_character_name as characte2_6_0_ from characters character0_ where character0_.character_id=?
Hibernate: select user0_.user_id as user_id1_21_0_, user0_.character_id as characte7_21_0_, user0_.user_created_at as user_cre2_21_0_, user0_.user_name as user_nam3_21_0_, user0_.user_phone_number as user_pho4_21_0_, user0_.user_user_id as user_use5_21_0_, user0_.user_user_password as user_use6_21_0_ from user user0_ where user0_.user_id=?
Hibernate: select character0_.character_id as characte1_6_0_, character0_.character_character_name as characte2_6_0_ from characters character0_ where character0_.character_id=?
Hibernate: select count(*) as col_0_0_ from board board0_
Hibernate: select count(*) as col_0_0_ from board board0_
Hibernate: select user0_.user_id as col_0_0_ from user user0_ where user0_.user_user_id=? limit ?
Hibernate: select user0_.user_id as col_0_0_ from user user0_ where user0_.user_user_id=? limit ?
Hibernate: select U.* from USER U where U.USER_USER_ID =?
Hibernate: select character0_.character_id as characte1_6_0_, character0_.character_character_name as characte2_6_0_ from characters character0_ where character0_.character_id=?
Hibernate: select user0_.user_id as user_id1_21_0_, user0_.character_id as characte7_21_0_, user0_.user_created_at as user_cre2_21_0_, user0_.user_name as user_nam3_21_0_, user0_.user_phone_number as user_pho4_21_0_, user0_.user_user_id as user_use5_21_0_, user0_.user_user_password as user_use6_21_0_ from user user0_ where user0_.user_id=?
Hibernate: select character0_.character_id as characte1_6_0_, character0_.character_character_name as characte2_6_0_ from characters character0_ where character0_.character_id=?
Hibernate: select category0_.category_id as category1_5_, category0_.category_name as category2_5_ from category category0_
Hibernate: select boardlist0_.category_id as category7_4_0_, boardlist0_.board_id as board_id1_4_0_, boardlist0_.board_id as board_id1_4_1_, boardlist0_.category_id as category7_4_1_, boardlist0_.board_content as board_co2_4_1_, boardlist0_.board_created_at as board_cr3_4_1_, boardlist0_.board_last_modified_at as board_la4_4_1_, boardlist0_.board_title as board_ti5_4_1_, boardlist0_.user_id as user_id8_4_1_, boardlist0_.board_views as board_vi6_4_1_ from board boardlist0_ where boardlist0_.category_id=?
Hibernate: select boardlist0_.category_id as category7_4_0_, boardlist0_.board_id as board_id1_4_0_, boardlist0_.board_id as board_id1_4_1_, boardlist0_.category_id as category7_4_1_, boardlist0_.board_content as board_co2_4_1_, boardlist0_.board_created_at as board_cr3_4_1_, boardlist0_.board_last_modified_at as board_la4_4_1_, boardlist0_.board_title as board_ti5_4_1_, boardlist0_.user_id as user_id8_4_1_, boardlist0_.board_views as board_vi6_4_1_ from board boardlist0_ where boardlist0_.category_id=?
Hibernate: select user0_.user_id as user_id1_21_0_, user0_.character_id as characte7_21_0_, user0_.user_created_at as user_cre2_21_0_, user0_.user_name as user_nam3_21_0_, user0_.user_phone_number as user_pho4_21_0_, user0_.user_user_id as user_use5_21_0_, user0_.user_user_password as user_use6_21_0_ from user user0_ where user0_.user_id=?
Hibernate: select character0_.character_id as characte1_6_0_, character0_.character_character_name as characte2_6_0_ from characters character0_ where character0_.character_id=?
Hibernate: select count(*) as col_0_0_ from user user0_ where user0_.user_id=?
Hibernate: select character1_.character_id as characte1_6_, character1_.character_character_name as characte2_6_ from user user0_ inner join characters character1_ on user0_.character_id=character1_.character_id where user0_.user_id=?
Hibernate: select permission0_.character_id as characte6_12_0_, permission0_.permission_id as permissi1_12_0_, permission0_.permission_id as permissi1_12_1_, permission0_.character_id as characte6_12_1_, permission0_.permission_name as permissi2_12_1_, permission0_.permission_permission_unit_id as permissi3_12_1_, permission0_.permission_service as permissi4_12_1_, permission0_.permission_status as permissi5_12_1_ from permission permission0_ where permission0_.character_id=?
Hibernate: select count(*) as col_0_0_ from category category0_ where category0_.category_id=?
Hibernate: select count(board0_.board_id) as col_0_0_ from board board0_ where board0_.category_id=?
Hibernate: select category0_.category_id as category1_5_0_, category0_.category_name as category2_5_0_ from category category0_ where category0_.category_id=?
Hibernate: select boardlist0_.category_id as category7_4_0_, boardlist0_.board_id as board_id1_4_0_, boardlist0_.board_id as board_id1_4_1_, boardlist0_.category_id as category7_4_1_, boardlist0_.board_content as board_co2_4_1_, boardlist0_.board_created_at as board_cr3_4_1_, boardlist0_.board_last_modified_at as board_la4_4_1_, boardlist0_.board_title as board_ti5_4_1_, boardlist0_.user_id as user_id8_4_1_, boardlist0_.board_views as board_vi6_4_1_ from board boardlist0_ where boardlist0_.category_id=?
Hibernate: delete from category where category_id=?
Hibernate: select user0_.user_id as user_id1_21_0_, user0_.character_id as characte7_21_0_, user0_.user_created_at as user_cre2_21_0_, user0_.user_name as user_nam3_21_0_, user0_.user_phone_number as user_pho4_21_0_, user0_.user_user_id as user_use5_21_0_, user0_.user_user_password as user_use6_21_0_ from user user0_ where user0_.user_id=?
Hibernate: select character0_.character_id as characte1_6_0_, character0_.character_character_name as characte2_6_0_ from characters character0_ where character0_.character_id=?
Hibernate: select count(*) as col_0_0_ from user user0_ where user0_.user_id=?
Hibernate: select character1_.character_id as characte1_6_, character1_.character_character_name as characte2_6_ from user user0_ inner join characters character1_ on user0_.character_id=character1_.character_id where user0_.user_id=?
Hibernate: select permission0_.character_id as characte6_12_0_, permission0_.permission_id as permissi1_12_0_, permission0_.permission_id as permissi1_12_1_, permission0_.character_id as characte6_12_1_, permission0_.permission_name as permissi2_12_1_, permission0_.permission_permission_unit_id as permissi3_12_1_, permission0_.permission_service as permissi4_12_1_, permission0_.permission_status as permissi5_12_1_ from permission permission0_ where permission0_.character_id=?
Hibernate: select count(*) as col_0_0_ from category category0_ where category0_.category_id=?
Hibernate: select count(board0_.board_id) as col_0_0_ from board board0_ where board0_.category_id=?
Hibernate: select category0_.category_id as category1_5_0_, category0_.category_name as category2_5_0_ from category category0_ where category0_.category_id=?
Hibernate: select boardlist0_.category_id as category7_4_0_, boardlist0_.board_id as board_id1_4_0_, boardlist0_.board_id as board_id1_4_1_, boardlist0_.category_id as category7_4_1_, boardlist0_.board_content as board_co2_4_1_, boardlist0_.board_created_at as board_cr3_4_1_, boardlist0_.board_last_modified_at as board_la4_4_1_, boardlist0_.board_title as board_ti5_4_1_, boardlist0_.user_id as user_id8_4_1_, boardlist0_.board_views as board_vi6_4_1_ from board boardlist0_ where boardlist0_.category_id=?
Hibernate: delete from category where category_id=?
Hibernate: select user0_.user_id as user_id1_21_0_, user0_.character_id as characte7_21_0_, user0_.user_created_at as user_cre2_21_0_, user0_.user_name as user_nam3_21_0_, user0_.user_phone_number as user_pho4_21_0_, user0_.user_user_id as user_use5_21_0_, user0_.user_user_password as user_use6_21_0_ from user user0_ where user0_.user_id=?
Hibernate: select character0_.character_id as characte1_6_0_, character0_.character_character_name as characte2_6_0_ from characters character0_ where character0_.character_id=?
Hibernate: select count(*) as col_0_0_ from user user0_ where user0_.user_id=?
Hibernate: select character1_.character_id as characte1_6_, character1_.character_character_name as characte2_6_ from user user0_ inner join characters character1_ on user0_.character_id=character1_.character_id where user0_.user_id=?
Hibernate: select permission0_.character_id as characte6_12_0_, permission0_.permission_id as permissi1_12_0_, permission0_.permission_id as permissi1_12_1_, permission0_.character_id as characte6_12_1_, permission0_.permission_name as permissi2_12_1_, permission0_.permission_permission_unit_id as permissi3_12_1_, permission0_.permission_service as permissi4_12_1_, permission0_.permission_status as permissi5_12_1_ from permission permission0_ where permission0_.character_id=?
Hibernate: select category0_.category_id as col_0_0_ from category category0_ where category0_.category_name=? limit ?
Hibernate: select category0_.category_id as category1_5_1_, category0_.category_name as category2_5_1_, boardlist1_.category_id as category7_4_3_, boardlist1_.board_id as board_id1_4_3_, boardlist1_.board_id as board_id1_4_0_, boardlist1_.category_id as category7_4_0_, boardlist1_.board_content as board_co2_4_0_, boardlist1_.board_created_at as board_cr3_4_0_, boardlist1_.board_last_modified_at as board_la4_4_0_, boardlist1_.board_title as board_ti5_4_0_, boardlist1_.user_id as user_id8_4_0_, boardlist1_.board_views as board_vi6_4_0_ from category category0_ left outer join board boardlist1_ on category0_.category_id=boardlist1_.category_id where category0_.category_id=?
Hibernate: insert into category (category_id, category_name) values (default, ?)
Hibernate: select user0_.user_id as user_id1_21_0_, user0_.character_id as characte7_21_0_, user0_.user_created_at as user_cre2_21_0_, user0_.user_name as user_nam3_21_0_, user0_.user_phone_number as user_pho4_21_0_, user0_.user_user_id as user_use5_21_0_, user0_.user_user_password as user_use6_21_0_ from user user0_ where user0_.user_id=?
Hibernate: select character0_.character_id as characte1_6_0_, character0_.character_character_name as characte2_6_0_ from characters character0_ where character0_.character_id=?
Hibernate: select count(*) as col_0_0_ from user user0_ where user0_.user_id=?
Hibernate: select character1_.character_id as characte1_6_, character1_.character_character_name as characte2_6_ from user user0_ inner join characters character1_ on user0_.character_id=character1_.character_id where user0_.user_id=?
Hibernate: select permission0_.character_id as characte6_12_0_, permission0_.permission_id as permissi1_12_0_, permission0_.permission_id as permissi1_12_1_, permission0_.character_id as characte6_12_1_, permission0_.permission_name as permissi2_12_1_, permission0_.permission_permission_unit_id as permissi3_12_1_, permission0_.permission_service as permissi4_12_1_, permission0_.permission_status as permissi5_12_1_ from permission permission0_ where permission0_.character_id=?
Hibernate: select category0_.category_id as col_0_0_ from category category0_ where category0_.category_name=? limit ?
Hibernate: select category0_.category_id as category1_5_1_, category0_.category_name as category2_5_1_, boardlist1_.category_id as category7_4_3_, boardlist1_.board_id as board_id1_4_3_, boardlist1_.board_id as board_id1_4_0_, boardlist1_.category_id as category7_4_0_, boardlist1_.board_content as board_co2_4_0_, boardlist1_.board_created_at as board_cr3_4_0_, boardlist1_.board_last_modified_at as board_la4_4_0_, boardlist1_.board_title as board_ti5_4_0_, boardlist1_.user_id as user_id8_4_0_, boardlist1_.board_views as board_vi6_4_0_ from category category0_ left outer join board boardlist1_ on category0_.category_id=boardlist1_.category_id where category0_.category_id=?
Hibernate: insert into category (category_id, category_name) values (default, ?)
Hibernate: select user0_.user_id as col_0_0_ from user user0_ where user0_.user_user_id=? limit ?
Hibernate: select user0_.user_id as col_0_0_ from user user0_ where user0_.user_user_id=? limit ?
Hibernate: select U.* from USER U where U.USER_USER_ID =?
Hibernate: select character0_.character_id as characte1_6_0_, character0_.character_character_name as characte2_6_0_ from characters character0_ where character0_.character_id=?
Hibernate: select user0_.user_id as col_0_0_ from user user0_ where user0_.user_user_id=? limit ?
Hibernate: select user0_.user_id as col_0_0_ from user user0_ where user0_.user_user_id=? limit ?
Hibernate: select U.* from USER U where U.USER_USER_ID =?
Hibernate: select character0_.character_id as characte1_6_0_, character0_.character_character_name as characte2_6_0_ from characters character0_ where character0_.character_id=?
Hibernate: select user0_.user_id as col_0_0_ from user user0_ where user0_.user_user_id=? limit ?
Hibernate: select user0_.user_id as col_0_0_ from user user0_ where user0_.user_user_id=? limit ?
Hibernate: select U.* from USER U where U.USER_USER_ID =?
Hibernate: select character0_.character_id as characte1_6_0_, character0_.character_character_name as characte2_6_0_ from characters character0_ where character0_.character_id=?
Hibernate: select user0_.user_id as user_id1_21_0_, user0_.character_id as characte7_21_0_, user0_.user_created_at as user_cre2_21_0_, user0_.user_name as user_nam3_21_0_, user0_.user_phone_number as user_pho4_21_0_, user0_.user_user_id as user_use5_21_0_, user0_.user_user_password as user_use6_21_0_ from user user0_ where user0_.user_id=?
Hibernate: select character0_.character_id as characte1_6_0_, character0_.character_character_name as characte2_6_0_ from characters character0_ where character0_.character_id=?
Hibernate: select count(*) as col_0_0_ from user user0_ where user0_.user_id=?
Hibernate: select character1_.character_id as characte1_6_, character1_.character_character_name as characte2_6_ from user user0_ inner join characters character1_ on user0_.character_id=character1_.character_id where user0_.user_id=?
Hibernate: select permission0_.character_id as characte6_12_0_, permission0_.permission_id as permissi1_12_0_, permission0_.permission_id as permissi1_12_1_, permission0_.character_id as characte6_12_1_, permission0_.permission_name as permissi2_12_1_, permission0_.permission_permission_unit_id as permissi3_12_1_, permission0_.permission_service as permissi4_12_1_, permission0_.permission_status as permissi5_12_1_ from permission permission0_ where permission0_.character_id=?
Hibernate: select category0_.category_id as col_0_0_ from category category0_ where category0_.category_name=? limit ?
Hibernate: select category0_.category_id as category1_5_1_, category0_.category_name as category2_5_1_, boardlist1_.category_id as category7_4_3_, boardlist1_.board_id as board_id1_4_3_, boardlist1_.board_id as board_id1_4_0_, boardlist1_.category_id as category7_4_0_, boardlist1_.board_content as board_co2_4_0_, boardlist1_.board_created_at as board_cr3_4_0_, boardlist1_.board_last_modified_at as board_la4_4_0_, boardlist1_.board_title as board_ti5_4_0_, boardlist1_.user_id as user_id8_4_0_, boardlist1_.board_views as board_vi6_4_0_ from category category0_ left outer join board boardlist1_ on category0_.category_id=boardlist1_.category_id where category0_.category_id=?
Hibernate: insert into category (category_id, category_name) values (default, ?)
Hibernate: select user0_.user_id as user_id1_21_0_, user0_.character_id as characte7_21_0_, user0_.user_created_at as user_cre2_21_0_, user0_.user_name as user_nam3_21_0_, user0_.user_phone_number as user_pho4_21_0_, user0_.user_user_id as user_use5_21_0_, user0_.user_user_password as user_use6_21_0_ from user user0_ where user0_.user_id=?
Hibernate: select character0_.character_id as characte1_6_0_, character0_.character_character_name as characte2_6_0_ from characters character0_ where character0_.character_id=?
Hibernate: select category0_.category_id as category1_5_, category0_.category_name as category2_5_ from category category0_
Hibernate: select boardlist0_.category_id as category7_4_0_, boardlist0_.board_id as board_id1_4_0_, boardlist0_.board_id as board_id1_4_1_, boardlist0_.category_id as category7_4_1_, boardlist0_.board_content as board_co2_4_1_, boardlist0_.board_created_at as board_cr3_4_1_, boardlist0_.board_last_modified_at as board_la4_4_1_, boardlist0_.board_title as board_ti5_4_1_, boardlist0_.user_id as user_id8_4_1_, boardlist0_.board_views as board_vi6_4_1_ from board boardlist0_ where boardlist0_.category_id=?
Hibernate: select boardlist0_.category_id as category7_4_0_, boardlist0_.board_id as board_id1_4_0_, boardlist0_.board_id as board_id1_4_1_, boardlist0_.category_id as category7_4_1_, boardlist0_.board_content as board_co2_4_1_, boardlist0_.board_created_at as board_cr3_4_1_, boardlist0_.board_last_modified_at as board_la4_4_1_, boardlist0_.board_title as board_ti5_4_1_, boardlist0_.user_id as user_id8_4_1_, boardlist0_.board_views as board_vi6_4_1_ from board boardlist0_ where boardlist0_.category_id=?
Hibernate: select boardlist0_.category_id as category7_4_0_, boardlist0_.board_id as board_id1_4_0_, boardlist0_.board_id as board_id1_4_1_, boardlist0_.category_id as category7_4_1_, boardlist0_.board_content as board_co2_4_1_, boardlist0_.board_created_at as board_cr3_4_1_, boardlist0_.board_last_modified_at as board_la4_4_1_, boardlist0_.board_title as board_ti5_4_1_, boardlist0_.user_id as user_id8_4_1_, boardlist0_.board_views as board_vi6_4_1_ from board boardlist0_ where boardlist0_.category_id=?
Hibernate: select user0_.user_id as user_id1_21_0_, user0_.character_id as characte7_21_0_, user0_.user_created_at as user_cre2_21_0_, user0_.user_name as user_nam3_21_0_, user0_.user_phone_number as user_pho4_21_0_, user0_.user_user_id as user_use5_21_0_, user0_.user_user_password as user_use6_21_0_ from user user0_ where user0_.user_id=?
Hibernate: select character0_.character_id as characte1_6_0_, character0_.character_character_name as characte2_6_0_ from characters character0_ where character0_.character_id=?
Hibernate: select count(*) as col_0_0_ from user user0_ where user0_.user_id=?
Hibernate: select character1_.character_id as characte1_6_, character1_.character_character_name as characte2_6_ from user user0_ inner join characters character1_ on user0_.character_id=character1_.character_id where user0_.user_id=?
Hibernate: select permission0_.character_id as characte6_12_0_, permission0_.permission_id as permissi1_12_0_, permission0_.permission_id as permissi1_12_1_, permission0_.character_id as characte6_12_1_, permission0_.permission_name as permissi2_12_1_, permission0_.permission_permission_unit_id as permissi3_12_1_, permission0_.permission_service as permissi4_12_1_, permission0_.permission_status as permissi5_12_1_ from permission permission0_ where permission0_.character_id=?
Hibernate: select count(*) as col_0_0_ from category category0_ where category0_.category_id=?
Hibernate: insert into filename (filename_id, filename_origin, filename_uuid) values (default, ?, ?)
Hibernate: insert into filename (filename_id, filename_origin, filename_uuid) values (default, ?, ?)
Hibernate: select category0_.category_id as category1_5_0_, category0_.category_name as category2_5_0_ from category category0_ where category0_.category_id=?
Hibernate: insert into board (board_id, category_id, board_content, board_created_at, board_last_modified_at, board_title, user_id, board_views) values (default, ?, ?, ?, ?, ?, ?, ?)
Hibernate: insert into reaction (reaction_id, board_id, reaction_type) values (default, ?, ?)
Hibernate: insert into reaction (reaction_id, board_id, reaction_type) values (default, ?, ?)
Hibernate: insert into reaction (reaction_id, board_id, reaction_type) values (default, ?, ?)
Hibernate: insert into reaction (reaction_id, board_id, reaction_type) values (default, ?, ?)
Hibernate: insert into reaction (reaction_id, board_id, reaction_type) values (default, ?, ?)
Hibernate: insert into reaction (reaction_id, board_id, reaction_type) values (default, ?, ?)
Hibernate: insert into file_path_list (board_board_id, board_file_path_list) values (?, ?)
Hibernate: insert into image_path_list (board_board_id, board_image_path_list) values (?, ?)
Hibernate: select user0_.user_id as user_id1_21_0_, user0_.character_id as characte7_21_0_, user0_.user_created_at as user_cre2_21_0_, user0_.user_name as user_nam3_21_0_, user0_.user_phone_number as user_pho4_21_0_, user0_.user_user_id as user_use5_21_0_, user0_.user_user_password as user_use6_21_0_ from user user0_ where user0_.user_id=?
Hibernate: select character0_.character_id as characte1_6_0_, character0_.character_character_name as characte2_6_0_ from characters character0_ where character0_.character_id=?
Hibernate: select count(*) as col_0_0_ from board board0_
Hibernate: select board0_.board_id as board_id1_4_, board0_.category_id as category7_4_, board0_.board_content as board_co2_4_, board0_.board_created_at as board_cr3_4_, board0_.board_last_modified_at as board_la4_4_, board0_.board_title as board_ti5_4_, board0_.user_id as user_id8_4_, board0_.board_views as board_vi6_4_ from board board0_ limit ?
Hibernate: select category0_.category_id as category1_5_0_, category0_.category_name as category2_5_0_ from category category0_ where category0_.category_id=?
Hibernate: select reactionli0_.board_id as board_id3_13_0_, reactionli0_.reaction_id as reaction1_13_0_, reactionli0_.reaction_id as reaction1_13_1_, reactionli0_.board_id as board_id3_13_1_, reactionli0_.reaction_type as reaction2_13_1_ from reaction reactionli0_ where reactionli0_.board_id=?
Hibernate: select reactionus0_.reaction_id as reaction2_14_0_, reactionus0_.reaction_user_id as reaction1_14_0_, reactionus0_.reaction_user_id as reaction1_14_1_, reactionus0_.reaction_id as reaction2_14_1_, reactionus0_.user_id as user_id3_14_1_ from reaction_user reactionus0_ where reactionus0_.reaction_id=?
Hibernate: select reactionus0_.reaction_id as reaction2_14_0_, reactionus0_.reaction_user_id as reaction1_14_0_, reactionus0_.reaction_user_id as reaction1_14_1_, reactionus0_.reaction_id as reaction2_14_1_, reactionus0_.user_id as user_id3_14_1_ from reaction_user reactionus0_ where reactionus0_.reaction_id=?
Hibernate: select reactionus0_.reaction_id as reaction2_14_0_, reactionus0_.reaction_user_id as reaction1_14_0_, reactionus0_.reaction_user_id as reaction1_14_1_, reactionus0_.reaction_id as reaction2_14_1_, reactionus0_.user_id as user_id3_14_1_ from reaction_user reactionus0_ where reactionus0_.reaction_id=?
Hibernate: select reactionus0_.reaction_id as reaction2_14_0_, reactionus0_.reaction_user_id as reaction1_14_0_, reactionus0_.reaction_user_id as reaction1_14_1_, reactionus0_.reaction_id as reaction2_14_1_, reactionus0_.user_id as user_id3_14_1_ from reaction_user reactionus0_ where reactionus0_.reaction_id=?
Hibernate: select reactionus0_.reaction_id as reaction2_14_0_, reactionus0_.reaction_user_id as reaction1_14_0_, reactionus0_.reaction_user_id as reaction1_14_1_, reactionus0_.reaction_id as reaction2_14_1_, reactionus0_.user_id as user_id3_14_1_ from reaction_user reactionus0_ where reactionus0_.reaction_id=?
Hibernate: select reactionus0_.reaction_id as reaction2_14_0_, reactionus0_.reaction_user_id as reaction1_14_0_, reactionus0_.reaction_user_id as reaction1_14_1_, reactionus0_.reaction_id as reaction2_14_1_, reactionus0_.user_id as user_id3_14_1_ from reaction_user reactionus0_ where reactionus0_.reaction_id=?
Hibernate: select commentlis0_.board_id as board_id5_7_0_, commentlis0_.comment_id as comment_1_7_0_, commentlis0_.comment_id as comment_1_7_1_, commentlis0_.board_id as board_id5_7_1_, commentlis0_.comment_content as comment_2_7_1_, commentlis0_.comment_created_at as comment_3_7_1_, commentlis0_.comment_last_modified_at as comment_4_7_1_, commentlis0_.user_id as user_id6_7_1_ from comment commentlis0_ where commentlis0_.board_id=?
Hibernate: select boardlist0_.category_id as category7_4_0_, boardlist0_.board_id as board_id1_4_0_, boardlist0_.board_id as board_id1_4_1_, boardlist0_.category_id as category7_4_1_, boardlist0_.board_content as board_co2_4_1_, boardlist0_.board_created_at as board_cr3_4_1_, boardlist0_.board_last_modified_at as board_la4_4_1_, boardlist0_.board_title as board_ti5_4_1_, boardlist0_.user_id as user_id8_4_1_, boardlist0_.board_views as board_vi6_4_1_ from board boardlist0_ where boardlist0_.category_id=?
Hibernate: select count(comment0_.comment_id) as col_0_0_ from comment comment0_ where comment0_.board_id=?
Hibernate: select count(*) as col_0_0_ from board board0_
Hibernate: select imagepathl0_.board_board_id as board_bo1_11_0_, imagepathl0_.board_image_path_list as board_im2_11_0_ from image_path_list imagepathl0_ where imagepathl0_.board_board_id=?
Hibernate: select filename0_.filename_id as filename1_9_, filename0_.filename_origin as filename2_9_, filename0_.filename_uuid as filename3_9_ from filename filename0_ where filename0_.filename_uuid=?
Hibernate: select filepathli0_.board_board_id as board_bo1_8_0_, filepathli0_.board_file_path_list as board_fi2_8_0_ from file_path_list filepathli0_ where filepathli0_.board_board_id=?
Hibernate: select filename0_.filename_id as filename1_9_, filename0_.filename_origin as filename2_9_, filename0_.filename_uuid as filename3_9_ from filename filename0_ where filename0_.filename_uuid=?
Hibernate: select user0_.user_id as user_id1_21_0_, user0_.character_id as characte7_21_0_, user0_.user_created_at as user_cre2_21_0_, user0_.user_name as user_nam3_21_0_, user0_.user_phone_number as user_pho4_21_0_, user0_.user_user_id as user_use5_21_0_, user0_.user_user_password as user_use6_21_0_ from user user0_ where user0_.user_id=?
Hibernate: select character0_.character_id as characte1_6_0_, character0_.character_character_name as characte2_6_0_ from characters character0_ where character0_.character_id=?
Hibernate: select count(*) as col_0_0_ from user user0_ where user0_.user_id=?
Hibernate: select character1_.character_id as characte1_6_, character1_.character_character_name as characte2_6_ from user user0_ inner join characters character1_ on user0_.character_id=character1_.character_id where user0_.user_id=?
Hibernate: select permission0_.character_id as characte6_12_0_, permission0_.permission_id as permissi1_12_0_, permission0_.permission_id as permissi1_12_1_, permission0_.character_id as characte6_12_1_, permission0_.permission_name as permissi2_12_1_, permission0_.permission_permission_unit_id as permissi3_12_1_, permission0_.permission_service as permissi4_12_1_, permission0_.permission_status as permissi5_12_1_ from permission permission0_ where permission0_.character_id=?
Hibernate: select count(*) as col_0_0_ from board board0_ where board0_.board_id=?
Hibernate: select board0_.board_id as board_id1_4_0_, board0_.category_id as category7_4_0_, board0_.board_content as board_co2_4_0_, board0_.board_created_at as board_cr3_4_0_, board0_.board_last_modified_at as board_la4_4_0_, board0_.board_title as board_ti5_4_0_, board0_.user_id as user_id8_4_0_, board0_.board_views as board_vi6_4_0_ from board board0_ where board0_.board_id=?
Hibernate: select category0_.category_id as category1_5_0_, category0_.category_name as category2_5_0_ from category category0_ where category0_.category_id=?
Hibernate: insert into comment (comment_id, board_id, comment_content, comment_created_at, comment_last_modified_at, user_id) values (default, ?, ?, ?, ?, ?)
Hibernate: select user0_.user_id as user_id1_21_0_, user0_.character_id as characte7_21_0_, user0_.user_created_at as user_cre2_21_0_, user0_.user_name as user_nam3_21_0_, user0_.user_phone_number as user_pho4_21_0_, user0_.user_user_id as user_use5_21_0_, user0_.user_user_password as user_use6_21_0_ from user user0_ where user0_.user_id=?
Hibernate: select character0_.character_id as characte1_6_0_, character0_.character_character_name as characte2_6_0_ from characters character0_ where character0_.character_id=?
Hibernate: select count(*) as col_0_0_ from user user0_ where user0_.user_id=?
Hibernate: select character1_.character_id as characte1_6_, character1_.character_character_name as characte2_6_ from user user0_ inner join characters character1_ on user0_.character_id=character1_.character_id where user0_.user_id=?
Hibernate: select permission0_.character_id as characte6_12_0_, permission0_.permission_id as permissi1_12_0_, permission0_.permission_id as permissi1_12_1_, permission0_.character_id as characte6_12_1_, permission0_.permission_name as permissi2_12_1_, permission0_.permission_permission_unit_id as permissi3_12_1_, permission0_.permission_service as permissi4_12_1_, permission0_.permission_status as permissi5_12_1_ from permission permission0_ where permission0_.character_id=?
Hibernate: select count(*) as col_0_0_ from board board0_ where board0_.board_id=?
Hibernate: select board0_.board_id as board_id1_4_0_, board0_.category_id as category7_4_0_, board0_.board_content as board_co2_4_0_, board0_.board_created_at as board_cr3_4_0_, board0_.board_last_modified_at as board_la4_4_0_, board0_.board_title as board_ti5_4_0_, board0_.user_id as user_id8_4_0_, board0_.board_views as board_vi6_4_0_ from board board0_ where board0_.board_id=?
Hibernate: select category0_.category_id as category1_5_0_, category0_.category_name as category2_5_0_ from category category0_ where category0_.category_id=?
Hibernate: insert into comment (comment_id, board_id, comment_content, comment_created_at, comment_last_modified_at, user_id) values (default, ?, ?, ?, ?, ?)
Hibernate: select user0_.user_id as user_id1_21_0_, user0_.character_id as characte7_21_0_, user0_.user_created_at as user_cre2_21_0_, user0_.user_name as user_nam3_21_0_, user0_.user_phone_number as user_pho4_21_0_, user0_.user_user_id as user_use5_21_0_, user0_.user_user_password as user_use6_21_0_ from user user0_ where user0_.user_id=?
Hibernate: select character0_.character_id as characte1_6_0_, character0_.character_character_name as characte2_6_0_ from characters character0_ where character0_.character_id=?
Hibernate: select count(*) as col_0_0_ from user user0_ where user0_.user_id=?
Hibernate: select character1_.character_id as characte1_6_, character1_.character_character_name as characte2_6_ from user user0_ inner join characters character1_ on user0_.character_id=character1_.character_id where user0_.user_id=?
Hibernate: select permission0_.character_id as characte6_12_0_, permission0_.permission_id as permissi1_12_0_, permission0_.permission_id as permissi1_12_1_, permission0_.character_id as characte6_12_1_, permission0_.permission_name as permissi2_12_1_, permission0_.permission_permission_unit_id as permissi3_12_1_, permission0_.permission_service as permissi4_12_1_, permission0_.permission_status as permissi5_12_1_ from permission permission0_ where permission0_.character_id=?
Hibernate: select count(*) as col_0_0_ from board board0_ where board0_.board_id=?
Hibernate: select count(comment0_.comment_id) as col_0_0_ from comment comment0_ where comment0_.board_id=?
Hibernate: select comment0_.comment_id as comment_1_7_, comment0_.board_id as board_id5_7_, comment0_.comment_content as comment_2_7_, comment0_.comment_created_at as comment_3_7_, comment0_.comment_last_modified_at as comment_4_7_, comment0_.user_id as user_id6_7_ from comment comment0_ where comment0_.board_id=? limit ?
Hibernate: select board0_.board_id as board_id1_4_0_, board0_.category_id as category7_4_0_, board0_.board_content as board_co2_4_0_, board0_.board_created_at as board_cr3_4_0_, board0_.board_last_modified_at as board_la4_4_0_, board0_.board_title as board_ti5_4_0_, board0_.user_id as user_id8_4_0_, board0_.board_views as board_vi6_4_0_ from board board0_ where board0_.board_id=?
Hibernate: select category0_.category_id as category1_5_0_, category0_.category_name as category2_5_0_ from category category0_ where category0_.category_id=?
Hibernate: select user0_.user_id as col_0_0_ from user user0_ where user0_.user_user_id=? limit ?
Hibernate: select user0_.user_id as col_0_0_ from user user0_ where user0_.user_user_id=? limit ?
Hibernate: select U.* from USER U where U.USER_USER_ID =?
Hibernate: select character0_.character_id as characte1_6_0_, character0_.character_character_name as characte2_6_0_ from characters character0_ where character0_.character_id=?
Hibernate: select user0_.user_id as user_id1_21_0_, user0_.character_id as characte7_21_0_, user0_.user_created_at as user_cre2_21_0_, user0_.user_name as user_nam3_21_0_, user0_.user_phone_number as user_pho4_21_0_, user0_.user_user_id as user_use5_21_0_, user0_.user_user_password as user_use6_21_0_ from user user0_ where user0_.user_id=?
Hibernate: select character0_.character_id as characte1_6_0_, character0_.character_character_name as characte2_6_0_ from characters character0_ where character0_.character_id=?
Hibernate: select count(*) as col_0_0_ from board board0_
Hibernate: select board0_.board_id as board_id1_4_, board0_.category_id as category7_4_, board0_.board_content as board_co2_4_, board0_.board_created_at as board_cr3_4_, board0_.board_last_modified_at as board_la4_4_, board0_.board_title as board_ti5_4_, board0_.user_id as user_id8_4_, board0_.board_views as board_vi6_4_ from board board0_ limit ?
Hibernate: select category0_.category_id as category1_5_0_, category0_.category_name as category2_5_0_ from category category0_ where category0_.category_id=?
Hibernate: select reactionli0_.board_id as board_id3_13_0_, reactionli0_.reaction_id as reaction1_13_0_, reactionli0_.reaction_id as reaction1_13_1_, reactionli0_.board_id as board_id3_13_1_, reactionli0_.reaction_type as reaction2_13_1_ from reaction reactionli0_ where reactionli0_.board_id=?
Hibernate: select reactionus0_.reaction_id as reaction2_14_0_, reactionus0_.reaction_user_id as reaction1_14_0_, reactionus0_.reaction_user_id as reaction1_14_1_, reactionus0_.reaction_id as reaction2_14_1_, reactionus0_.user_id as user_id3_14_1_ from reaction_user reactionus0_ where reactionus0_.reaction_id=?
Hibernate: select reactionus0_.reaction_id as reaction2_14_0_, reactionus0_.reaction_user_id as reaction1_14_0_, reactionus0_.reaction_user_id as reaction1_14_1_, reactionus0_.reaction_id as reaction2_14_1_, reactionus0_.user_id as user_id3_14_1_ from reaction_user reactionus0_ where reactionus0_.reaction_id=?
Hibernate: select reactionus0_.reaction_id as reaction2_14_0_, reactionus0_.reaction_user_id as reaction1_14_0_, reactionus0_.reaction_user_id as reaction1_14_1_, reactionus0_.reaction_id as reaction2_14_1_, reactionus0_.user_id as user_id3_14_1_ from reaction_user reactionus0_ where reactionus0_.reaction_id=?
Hibernate: select reactionus0_.reaction_id as reaction2_14_0_, reactionus0_.reaction_user_id as reaction1_14_0_, reactionus0_.reaction_user_id as reaction1_14_1_, reactionus0_.reaction_id as reaction2_14_1_, reactionus0_.user_id as user_id3_14_1_ from reaction_user reactionus0_ where reactionus0_.reaction_id=?
Hibernate: select reactionus0_.reaction_id as reaction2_14_0_, reactionus0_.reaction_user_id as reaction1_14_0_, reactionus0_.reaction_user_id as reaction1_14_1_, reactionus0_.reaction_id as reaction2_14_1_, reactionus0_.user_id as user_id3_14_1_ from reaction_user reactionus0_ where reactionus0_.reaction_id=?
Hibernate: select reactionus0_.reaction_id as reaction2_14_0_, reactionus0_.reaction_user_id as reaction1_14_0_, reactionus0_.reaction_user_id as reaction1_14_1_, reactionus0_.reaction_id as reaction2_14_1_, reactionus0_.user_id as user_id3_14_1_ from reaction_user reactionus0_ where reactionus0_.reaction_id=?
Hibernate: select commentlis0_.board_id as board_id5_7_0_, commentlis0_.comment_id as comment_1_7_0_, commentlis0_.comment_id as comment_1_7_1_, commentlis0_.board_id as board_id5_7_1_, commentlis0_.comment_content as comment_2_7_1_, commentlis0_.comment_created_at as comment_3_7_1_, commentlis0_.comment_last_modified_at as comment_4_7_1_, commentlis0_.user_id as user_id6_7_1_ from comment commentlis0_ where commentlis0_.board_id=?
Hibernate: select boardlist0_.category_id as category7_4_0_, boardlist0_.board_id as board_id1_4_0_, boardlist0_.board_id as board_id1_4_1_, boardlist0_.category_id as category7_4_1_, boardlist0_.board_content as board_co2_4_1_, boardlist0_.board_created_at as board_cr3_4_1_, boardlist0_.board_last_modified_at as board_la4_4_1_, boardlist0_.board_title as board_ti5_4_1_, boardlist0_.user_id as user_id8_4_1_, boardlist0_.board_views as board_vi6_4_1_ from board boardlist0_ where boardlist0_.category_id=?
Hibernate: select count(comment0_.comment_id) as col_0_0_ from comment comment0_ where comment0_.board_id=?
Hibernate: select count(*) as col_0_0_ from board board0_
Hibernate: select imagepathl0_.board_board_id as board_bo1_11_0_, imagepathl0_.board_image_path_list as board_im2_11_0_ from image_path_list imagepathl0_ where imagepathl0_.board_board_id=?
Hibernate: select filename0_.filename_id as filename1_9_, filename0_.filename_origin as filename2_9_, filename0_.filename_uuid as filename3_9_ from filename filename0_ where filename0_.filename_uuid=?
Hibernate: select filepathli0_.board_board_id as board_bo1_8_0_, filepathli0_.board_file_path_list as board_fi2_8_0_ from file_path_list filepathli0_ where filepathli0_.board_board_id=?
Hibernate: select filename0_.filename_id as filename1_9_, filename0_.filename_origin as filename2_9_, filename0_.filename_uuid as filename3_9_ from filename filename0_ where filename0_.filename_uuid=?
Hibernate: select U.* from USER U join BOARD B where U.USER_ID = B.USER_ID and B.BOARD_ID = ?
Hibernate: select character0_.character_id as characte1_6_0_, character0_.character_character_name as characte2_6_0_ from characters character0_ where character0_.character_id=?
Hibernate: select count(*) as col_0_0_ from user user0_ where user0_.user_id=?
Hibernate: select character1_.character_id as characte1_6_, character1_.character_character_name as characte2_6_ from user user0_ inner join characters character1_ on user0_.character_id=character1_.character_id where user0_.user_id=?
Hibernate: select permission0_.character_id as characte6_12_0_, permission0_.permission_id as permissi1_12_0_, permission0_.permission_id as permissi1_12_1_, permission0_.character_id as characte6_12_1_, permission0_.permission_name as permissi2_12_1_, permission0_.permission_permission_unit_id as permissi3_12_1_, permission0_.permission_service as permissi4_12_1_, permission0_.permission_status as permissi5_12_1_ from permission permission0_ where permission0_.character_id=?
Hibernate: select count(*) as col_0_0_ from board board0_ where board0_.board_id=?
Hibernate: select board0_.board_id as board_id1_4_0_, board0_.category_id as category7_4_0_, board0_.board_content as board_co2_4_0_, board0_.board_created_at as board_cr3_4_0_, board0_.board_last_modified_at as board_la4_4_0_, board0_.board_title as board_ti5_4_0_, board0_.user_id as user_id8_4_0_, board0_.board_views as board_vi6_4_0_ from board board0_ where board0_.board_id=?
Hibernate: select category0_.category_id as category1_5_0_, category0_.category_name as category2_5_0_ from category category0_ where category0_.category_id=?
Hibernate: select reactionli0_.board_id as board_id3_13_0_, reactionli0_.reaction_id as reaction1_13_0_, reactionli0_.reaction_id as reaction1_13_1_, reactionli0_.board_id as board_id3_13_1_, reactionli0_.reaction_type as reaction2_13_1_ from reaction reactionli0_ where reactionli0_.board_id=?
Hibernate: select reactionus0_.reaction_id as reaction2_14_0_, reactionus0_.reaction_user_id as reaction1_14_0_, reactionus0_.reaction_user_id as reaction1_14_1_, reactionus0_.reaction_id as reaction2_14_1_, reactionus0_.user_id as user_id3_14_1_ from reaction_user reactionus0_ where reactionus0_.reaction_id=?
Hibernate: select reactionus0_.reaction_id as reaction2_14_0_, reactionus0_.reaction_user_id as reaction1_14_0_, reactionus0_.reaction_user_id as reaction1_14_1_, reactionus0_.reaction_id as reaction2_14_1_, reactionus0_.user_id as user_id3_14_1_ from reaction_user reactionus0_ where reactionus0_.reaction_id=?
Hibernate: select reactionus0_.reaction_id as reaction2_14_0_, reactionus0_.reaction_user_id as reaction1_14_0_, reactionus0_.reaction_user_id as reaction1_14_1_, reactionus0_.reaction_id as reaction2_14_1_, reactionus0_.user_id as user_id3_14_1_ from reaction_user reactionus0_ where reactionus0_.reaction_id=?
Hibernate: select reactionus0_.reaction_id as reaction2_14_0_, reactionus0_.reaction_user_id as reaction1_14_0_, reactionus0_.reaction_user_id as reaction1_14_1_, reactionus0_.reaction_id as reaction2_14_1_, reactionus0_.user_id as user_id3_14_1_ from reaction_user reactionus0_ where reactionus0_.reaction_id=?
Hibernate: select reactionus0_.reaction_id as reaction2_14_0_, reactionus0_.reaction_user_id as reaction1_14_0_, reactionus0_.reaction_user_id as reaction1_14_1_, reactionus0_.reaction_id as reaction2_14_1_, reactionus0_.user_id as user_id3_14_1_ from reaction_user reactionus0_ where reactionus0_.reaction_id=?
Hibernate: select reactionus0_.reaction_id as reaction2_14_0_, reactionus0_.reaction_user_id as reaction1_14_0_, reactionus0_.reaction_user_id as reaction1_14_1_, reactionus0_.reaction_id as reaction2_14_1_, reactionus0_.user_id as user_id3_14_1_ from reaction_user reactionus0_ where reactionus0_.reaction_id=?
Hibernate: select commentlis0_.board_id as board_id5_7_0_, commentlis0_.comment_id as comment_1_7_0_, commentlis0_.comment_id as comment_1_7_1_, commentlis0_.board_id as board_id5_7_1_, commentlis0_.comment_content as comment_2_7_1_, commentlis0_.comment_created_at as comment_3_7_1_, commentlis0_.comment_last_modified_at as comment_4_7_1_, commentlis0_.user_id as user_id6_7_1_ from comment commentlis0_ where commentlis0_.board_id=?
Hibernate: select boardlist0_.category_id as category7_4_0_, boardlist0_.board_id as board_id1_4_0_, boardlist0_.board_id as board_id1_4_1_, boardlist0_.category_id as category7_4_1_, boardlist0_.board_content as board_co2_4_1_, boardlist0_.board_created_at as board_cr3_4_1_, boardlist0_.board_last_modified_at as board_la4_4_1_, boardlist0_.board_title as board_ti5_4_1_, boardlist0_.user_id as user_id8_4_1_, boardlist0_.board_views as board_vi6_4_1_ from board boardlist0_ where boardlist0_.category_id=?
Hibernate: select count(comment0_.comment_id) as col_0_0_ from comment comment0_ where comment0_.board_id=?
Hibernate: update board set category_id=?, board_content=?, board_created_at=?, board_last_modified_at=?, board_title=?, user_id=?, board_views=? where board_id=?
Hibernate: select filepathli0_.board_board_id as board_bo1_8_0_, filepathli0_.board_file_path_list as board_fi2_8_0_ from file_path_list filepathli0_ where filepathli0_.board_board_id=?
Hibernate: select filename0_.filename_id as filename1_9_, filename0_.filename_origin as filename2_9_, filename0_.filename_uuid as filename3_9_ from filename filename0_ where filename0_.filename_uuid=?
Hibernate: delete from filename where filename_id=?
Hibernate: select imagepathl0_.board_board_id as board_bo1_11_0_, imagepathl0_.board_image_path_list as board_im2_11_0_ from image_path_list imagepathl0_ where imagepathl0_.board_board_id=?
Hibernate: select filename0_.filename_id as filename1_9_, filename0_.filename_origin as filename2_9_, filename0_.filename_uuid as filename3_9_ from filename filename0_ where filename0_.filename_uuid=?
Hibernate: delete from filename where filename_id=?
Hibernate: select count(*) as col_0_0_ from board board0_ where board0_.board_id=?
Hibernate: delete from file_path_list where board_board_id=?
Hibernate: delete from image_path_list where board_board_id=?
Hibernate: delete from comment where comment_id=?
Hibernate: delete from comment where comment_id=?
Hibernate: delete from reaction where reaction_id=?
Hibernate: delete from reaction where reaction_id=?
Hibernate: delete from reaction where reaction_id=?
Hibernate: delete from reaction where reaction_id=?
Hibernate: delete from reaction where reaction_id=?
Hibernate: delete from reaction where reaction_id=?
Hibernate: delete from board where board_id=?
Hibernate: select user0_.user_id as user_id1_21_0_, user0_.character_id as characte7_21_0_, user0_.user_created_at as user_cre2_21_0_, user0_.user_name as user_nam3_21_0_, user0_.user_phone_number as user_pho4_21_0_, user0_.user_user_id as user_use5_21_0_, user0_.user_user_password as user_use6_21_0_ from user user0_ where user0_.user_id=?
Hibernate: select character0_.character_id as characte1_6_0_, character0_.character_character_name as characte2_6_0_ from characters character0_ where character0_.character_id=?
Hibernate: select count(*) as col_0_0_ from user user0_ where user0_.user_id=?
Hibernate: select character1_.character_id as characte1_6_, character1_.character_character_name as characte2_6_ from user user0_ inner join characters character1_ on user0_.character_id=character1_.character_id where user0_.user_id=?
Hibernate: select permission0_.character_id as characte6_12_0_, permission0_.permission_id as permissi1_12_0_, permission0_.permission_id as permissi1_12_1_, permission0_.character_id as characte6_12_1_, permission0_.permission_name as permissi2_12_1_, permission0_.permission_permission_unit_id as permissi3_12_1_, permission0_.permission_service as permissi4_12_1_, permission0_.permission_status as permissi5_12_1_ from permission permission0_ where permission0_.character_id=?
Hibernate: select count(*) as col_0_0_ from board board0_ where board0_.board_id=?
Hibernate: select user0_.user_id as col_0_0_ from user user0_ where user0_.user_user_id=? limit ?
Hibernate: select user0_.user_id as col_0_0_ from user user0_ where user0_.user_user_id=? limit ?
Hibernate: select U.* from USER U where U.USER_USER_ID =?
Hibernate: select character0_.character_id as characte1_6_0_, character0_.character_character_name as characte2_6_0_ from characters character0_ where character0_.character_id=?
Hibernate: select user0_.user_id as user_id1_21_0_, user0_.character_id as characte7_21_0_, user0_.user_created_at as user_cre2_21_0_, user0_.user_name as user_nam3_21_0_, user0_.user_phone_number as user_pho4_21_0_, user0_.user_user_id as user_use5_21_0_, user0_.user_user_password as user_use6_21_0_ from user user0_ where user0_.user_id=?
Hibernate: select character0_.character_id as characte1_6_0_, character0_.character_character_name as characte2_6_0_ from characters character0_ where character0_.character_id=?
Hibernate: select category0_.category_id as category1_5_, category0_.category_name as category2_5_ from category category0_
Hibernate: select boardlist0_.category_id as category7_4_0_, boardlist0_.board_id as board_id1_4_0_, boardlist0_.board_id as board_id1_4_1_, boardlist0_.category_id as category7_4_1_, boardlist0_.board_content as board_co2_4_1_, boardlist0_.board_created_at as board_cr3_4_1_, boardlist0_.board_last_modified_at as board_la4_4_1_, boardlist0_.board_title as board_ti5_4_1_, boardlist0_.user_id as user_id8_4_1_, boardlist0_.board_views as board_vi6_4_1_ from board boardlist0_ where boardlist0_.category_id=?
Hibernate: select boardlist0_.category_id as category7_4_0_, boardlist0_.board_id as board_id1_4_0_, boardlist0_.board_id as board_id1_4_1_, boardlist0_.category_id as category7_4_1_, boardlist0_.board_content as board_co2_4_1_, boardlist0_.board_created_at as board_cr3_4_1_, boardlist0_.board_last_modified_at as board_la4_4_1_, boardlist0_.board_title as board_ti5_4_1_, boardlist0_.user_id as user_id8_4_1_, boardlist0_.board_views as board_vi6_4_1_ from board boardlist0_ where boardlist0_.category_id=?
Hibernate: select boardlist0_.category_id as category7_4_0_, boardlist0_.board_id as board_id1_4_0_, boardlist0_.board_id as board_id1_4_1_, boardlist0_.category_id as category7_4_1_, boardlist0_.board_content as board_co2_4_1_, boardlist0_.board_created_at as board_cr3_4_1_, boardlist0_.board_last_modified_at as board_la4_4_1_, boardlist0_.board_title as board_ti5_4_1_, boardlist0_.user_id as user_id8_4_1_, boardlist0_.board_views as board_vi6_4_1_ from board boardlist0_ where boardlist0_.category_id=?
Hibernate: select user0_.user_id as user_id1_21_0_, user0_.character_id as characte7_21_0_, user0_.user_created_at as user_cre2_21_0_, user0_.user_name as user_nam3_21_0_, user0_.user_phone_number as user_pho4_21_0_, user0_.user_user_id as user_use5_21_0_, user0_.user_user_password as user_use6_21_0_ from user user0_ where user0_.user_id=?
Hibernate: select character0_.character_id as characte1_6_0_, character0_.character_character_name as characte2_6_0_ from characters character0_ where character0_.character_id=?
Hibernate: select count(*) as col_0_0_ from user user0_ where user0_.user_id=?
Hibernate: select character1_.character_id as characte1_6_, character1_.character_character_name as characte2_6_ from user user0_ inner join characters character1_ on user0_.character_id=character1_.character_id where user0_.user_id=?
Hibernate: select permission0_.character_id as characte6_12_0_, permission0_.permission_id as permissi1_12_0_, permission0_.permission_id as permissi1_12_1_, permission0_.character_id as characte6_12_1_, permission0_.permission_name as permissi2_12_1_, permission0_.permission_permission_unit_id as permissi3_12_1_, permission0_.permission_service as permissi4_12_1_, permission0_.permission_status as permissi5_12_1_ from permission permission0_ where permission0_.character_id=?
Hibernate: select count(*) as col_0_0_ from category category0_ where category0_.category_id=?
Hibernate: select count(board0_.board_id) as col_0_0_ from board board0_ where board0_.category_id=?
Hibernate: select category0_.category_id as category1_5_0_, category0_.category_name as category2_5_0_ from category category0_ where category0_.category_id=?
Hibernate: select boardlist0_.category_id as category7_4_0_, boardlist0_.board_id as board_id1_4_0_, boardlist0_.board_id as board_id1_4_1_, boardlist0_.category_id as category7_4_1_, boardlist0_.board_content as board_co2_4_1_, boardlist0_.board_created_at as board_cr3_4_1_, boardlist0_.board_last_modified_at as board_la4_4_1_, boardlist0_.board_title as board_ti5_4_1_, boardlist0_.user_id as user_id8_4_1_, boardlist0_.board_views as board_vi6_4_1_ from board boardlist0_ where boardlist0_.category_id=?
Hibernate: delete from category where category_id=?
Hibernate: select user0_.user_id as user_id1_21_0_, user0_.character_id as characte7_21_0_, user0_.user_created_at as user_cre2_21_0_, user0_.user_name as user_nam3_21_0_, user0_.user_phone_number as user_pho4_21_0_, user0_.user_user_id as user_use5_21_0_, user0_.user_user_password as user_use6_21_0_ from user user0_ where user0_.user_id=?
Hibernate: select character0_.character_id as characte1_6_0_, character0_.character_character_name as characte2_6_0_ from characters character0_ where character0_.character_id=?
Hibernate: select count(*) as col_0_0_ from user user0_ where user0_.user_id=?
Hibernate: select character1_.character_id as characte1_6_, character1_.character_character_name as characte2_6_ from user user0_ inner join characters character1_ on user0_.character_id=character1_.character_id where user0_.user_id=?
Hibernate: select permission0_.character_id as characte6_12_0_, permission0_.permission_id as permissi1_12_0_, permission0_.permission_id as permissi1_12_1_, permission0_.character_id as characte6_12_1_, permission0_.permission_name as permissi2_12_1_, permission0_.permission_permission_unit_id as permissi3_12_1_, permission0_.permission_service as permissi4_12_1_, permission0_.permission_status as permissi5_12_1_ from permission permission0_ where permission0_.character_id=?
Hibernate: select count(*) as col_0_0_ from category category0_ where category0_.category_id=?
Hibernate: select count(board0_.board_id) as col_0_0_ from board board0_ where board0_.category_id=?
Hibernate: select category0_.category_id as category1_5_0_, category0_.category_name as category2_5_0_ from category category0_ where category0_.category_id=?
Hibernate: select boardlist0_.category_id as category7_4_0_, boardlist0_.board_id as board_id1_4_0_, boardlist0_.board_id as board_id1_4_1_, boardlist0_.category_id as category7_4_1_, boardlist0_.board_content as board_co2_4_1_, boardlist0_.board_created_at as board_cr3_4_1_, boardlist0_.board_last_modified_at as board_la4_4_1_, boardlist0_.board_title as board_ti5_4_1_, boardlist0_.user_id as user_id8_4_1_, boardlist0_.board_views as board_vi6_4_1_ from board boardlist0_ where boardlist0_.category_id=?
Hibernate: delete from category where category_id=?
Hibernate: select user0_.user_id as user_id1_21_0_, user0_.character_id as characte7_21_0_, user0_.user_created_at as user_cre2_21_0_, user0_.user_name as user_nam3_21_0_, user0_.user_phone_number as user_pho4_21_0_, user0_.user_user_id as user_use5_21_0_, user0_.user_user_password as user_use6_21_0_ from user user0_ where user0_.user_id=?
Hibernate: select character0_.character_id as characte1_6_0_, character0_.character_character_name as characte2_6_0_ from characters character0_ where character0_.character_id=?
Hibernate: select count(*) as col_0_0_ from user user0_ where user0_.user_id=?
Hibernate: select character1_.character_id as characte1_6_, character1_.character_character_name as characte2_6_ from user user0_ inner join characters character1_ on user0_.character_id=character1_.character_id where user0_.user_id=?
Hibernate: select permission0_.character_id as characte6_12_0_, permission0_.permission_id as permissi1_12_0_, permission0_.permission_id as permissi1_12_1_, permission0_.character_id as characte6_12_1_, permission0_.permission_name as permissi2_12_1_, permission0_.permission_permission_unit_id as permissi3_12_1_, permission0_.permission_service as permissi4_12_1_, permission0_.permission_status as permissi5_12_1_ from permission permission0_ where permission0_.character_id=?
Hibernate: select count(*) as col_0_0_ from category category0_ where category0_.category_id=?
Hibernate: select count(board0_.board_id) as col_0_0_ from board board0_ where board0_.category_id=?
Hibernate: select category0_.category_id as category1_5_0_, category0_.category_name as category2_5_0_ from category category0_ where category0_.category_id=?
Hibernate: select boardlist0_.category_id as category7_4_0_, boardlist0_.board_id as board_id1_4_0_, boardlist0_.board_id as board_id1_4_1_, boardlist0_.category_id as category7_4_1_, boardlist0_.board_content as board_co2_4_1_, boardlist0_.board_created_at as board_cr3_4_1_, boardlist0_.board_last_modified_at as board_la4_4_1_, boardlist0_.board_title as board_ti5_4_1_, boardlist0_.user_id as user_id8_4_1_, boardlist0_.board_views as board_vi6_4_1_ from board boardlist0_ where boardlist0_.category_id=?
Hibernate: delete from category where category_id=?
Hibernate: select user0_.user_id as user_id1_21_0_, user0_.character_id as characte7_21_0_, user0_.user_created_at as user_cre2_21_0_, user0_.user_name as user_nam3_21_0_, user0_.user_phone_number as user_pho4_21_0_, user0_.user_user_id as user_use5_21_0_, user0_.user_user_password as user_use6_21_0_ from user user0_ where user0_.user_id=?
Hibernate: select character0_.character_id as characte1_6_0_, character0_.character_character_name as characte2_6_0_ from characters character0_ where character0_.character_id=?
Hibernate: select count(*) as col_0_0_ from user user0_ where user0_.user_id=?
Hibernate: select character1_.character_id as characte1_6_, character1_.character_character_name as characte2_6_ from user user0_ inner join characters character1_ on user0_.character_id=character1_.character_id where user0_.user_id=?
Hibernate: select permission0_.character_id as characte6_12_0_, permission0_.permission_id as permissi1_12_0_, permission0_.permission_id as permissi1_12_1_, permission0_.character_id as characte6_12_1_, permission0_.permission_name as permissi2_12_1_, permission0_.permission_permission_unit_id as permissi3_12_1_, permission0_.permission_service as permissi4_12_1_, permission0_.permission_status as permissi5_12_1_ from permission permission0_ where permission0_.character_id=?
Hibernate: select category0_.category_id as col_0_0_ from category category0_ where category0_.category_name=? limit ?
Hibernate: select category0_.category_id as category1_5_1_, category0_.category_name as category2_5_1_, boardlist1_.category_id as category7_4_3_, boardlist1_.board_id as board_id1_4_3_, boardlist1_.board_id as board_id1_4_0_, boardlist1_.category_id as category7_4_0_, boardlist1_.board_content as board_co2_4_0_, boardlist1_.board_created_at as board_cr3_4_0_, boardlist1_.board_last_modified_at as board_la4_4_0_, boardlist1_.board_title as board_ti5_4_0_, boardlist1_.user_id as user_id8_4_0_, boardlist1_.board_views as board_vi6_4_0_ from category category0_ left outer join board boardlist1_ on category0_.category_id=boardlist1_.category_id where category0_.category_id=?
Hibernate: insert into category (category_id, category_name) values (default, ?)
Hibernate: select user0_.user_id as user_id1_21_0_, user0_.character_id as characte7_21_0_, user0_.user_created_at as user_cre2_21_0_, user0_.user_name as user_nam3_21_0_, user0_.user_phone_number as user_pho4_21_0_, user0_.user_user_id as user_use5_21_0_, user0_.user_user_password as user_use6_21_0_ from user user0_ where user0_.user_id=?
Hibernate: select character0_.character_id as characte1_6_0_, character0_.character_character_name as characte2_6_0_ from characters character0_ where character0_.character_id=?
Hibernate: select count(*) as col_0_0_ from user user0_ where user0_.user_id=?
Hibernate: select character1_.character_id as characte1_6_, character1_.character_character_name as characte2_6_ from user user0_ inner join characters character1_ on user0_.character_id=character1_.character_id where user0_.user_id=?
Hibernate: select permission0_.character_id as characte6_12_0_, permission0_.permission_id as permissi1_12_0_, permission0_.permission_id as permissi1_12_1_, permission0_.character_id as characte6_12_1_, permission0_.permission_name as permissi2_12_1_, permission0_.permission_permission_unit_id as permissi3_12_1_, permission0_.permission_service as permissi4_12_1_, permission0_.permission_status as permissi5_12_1_ from permission permission0_ where permission0_.character_id=?
Hibernate: select category0_.category_id as col_0_0_ from category category0_ where category0_.category_name=? limit ?
Hibernate: select category0_.category_id as category1_5_1_, category0_.category_name as category2_5_1_, boardlist1_.category_id as category7_4_3_, boardlist1_.board_id as board_id1_4_3_, boardlist1_.board_id as board_id1_4_0_, boardlist1_.category_id as category7_4_0_, boardlist1_.board_content as board_co2_4_0_, boardlist1_.board_created_at as board_cr3_4_0_, boardlist1_.board_last_modified_at as board_la4_4_0_, boardlist1_.board_title as board_ti5_4_0_, boardlist1_.user_id as user_id8_4_0_, boardlist1_.board_views as board_vi6_4_0_ from category category0_ left outer join board boardlist1_ on category0_.category_id=boardlist1_.category_id where category0_.category_id=?
Hibernate: insert into category (category_id, category_name) values (default, ?)
Hibernate: select user0_.user_id as col_0_0_ from user user0_ where user0_.user_user_id=? limit ?
Hibernate: select user0_.user_id as col_0_0_ from user user0_ where user0_.user_user_id=? limit ?
Hibernate: select U.* from USER U where U.USER_USER_ID =?
Hibernate: select character0_.character_id as characte1_6_0_, character0_.character_character_name as characte2_6_0_ from characters character0_ where character0_.character_id=?
Hibernate: select user0_.user_id as col_0_0_ from user user0_ where user0_.user_user_id=? limit ?
Hibernate: select user0_.user_id as col_0_0_ from user user0_ where user0_.user_user_id=? limit ?
Hibernate: select U.* from USER U where U.USER_USER_ID =?
Hibernate: select character0_.character_id as characte1_6_0_, character0_.character_character_name as characte2_6_0_ from characters character0_ where character0_.character_id=?
Hibernate: select user0_.user_id as user_id1_21_0_, user0_.character_id as characte7_21_0_, user0_.user_created_at as user_cre2_21_0_, user0_.user_name as user_nam3_21_0_, user0_.user_phone_number as user_pho4_21_0_, user0_.user_user_id as user_use5_21_0_, user0_.user_user_password as user_use6_21_0_ from user user0_ where user0_.user_id=?
Hibernate: select character0_.character_id as characte1_6_0_, character0_.character_character_name as characte2_6_0_ from characters character0_ where character0_.character_id=?
Hibernate: select count(*) as col_0_0_ from board board0_
Hibernate: select count(*) as col_0_0_ from board board0_
Hibernate: select user0_.user_id as col_0_0_ from user user0_ where user0_.user_user_id=? limit ?
Hibernate: select user0_.user_id as col_0_0_ from user user0_ where user0_.user_user_id=? limit ?
Hibernate: select U.* from USER U where U.USER_USER_ID =?
Hibernate: select character0_.character_id as characte1_6_0_, character0_.character_character_name as characte2_6_0_ from characters character0_ where character0_.character_id=?
Hibernate: select user0_.user_id as user_id1_21_0_, user0_.character_id as characte7_21_0_, user0_.user_created_at as user_cre2_21_0_, user0_.user_name as user_nam3_21_0_, user0_.user_phone_number as user_pho4_21_0_, user0_.user_user_id as user_use5_21_0_, user0_.user_user_password as user_use6_21_0_ from user user0_ where user0_.user_id=?
Hibernate: select character0_.character_id as characte1_6_0_, character0_.character_character_name as characte2_6_0_ from characters character0_ where character0_.character_id=?
Hibernate: select category0_.category_id as category1_5_, category0_.category_name as category2_5_ from category category0_
Hibernate: select boardlist0_.category_id as category7_4_0_, boardlist0_.board_id as board_id1_4_0_, boardlist0_.board_id as board_id1_4_1_, boardlist0_.category_id as category7_4_1_, boardlist0_.board_content as board_co2_4_1_, boardlist0_.board_created_at as board_cr3_4_1_, boardlist0_.board_last_modified_at as board_la4_4_1_, boardlist0_.board_title as board_ti5_4_1_, boardlist0_.user_id as user_id8_4_1_, boardlist0_.board_views as board_vi6_4_1_ from board boardlist0_ where boardlist0_.category_id=?
Hibernate: select boardlist0_.category_id as category7_4_0_, boardlist0_.board_id as board_id1_4_0_, boardlist0_.board_id as board_id1_4_1_, boardlist0_.category_id as category7_4_1_, boardlist0_.board_content as board_co2_4_1_, boardlist0_.board_created_at as board_cr3_4_1_, boardlist0_.board_last_modified_at as board_la4_4_1_, boardlist0_.board_title as board_ti5_4_1_, boardlist0_.user_id as user_id8_4_1_, boardlist0_.board_views as board_vi6_4_1_ from board boardlist0_ where boardlist0_.category_id=?
Hibernate: select user0_.user_id as user_id1_21_0_, user0_.character_id as characte7_21_0_, user0_.user_created_at as user_cre2_21_0_, user0_.user_name as user_nam3_21_0_, user0_.user_phone_number as user_pho4_21_0_, user0_.user_user_id as user_use5_21_0_, user0_.user_user_password as user_use6_21_0_ from user user0_ where user0_.user_id=?
Hibernate: select character0_.character_id as characte1_6_0_, character0_.character_character_name as characte2_6_0_ from characters character0_ where character0_.character_id=?
Hibernate: select count(*) as col_0_0_ from user user0_ where user0_.user_id=?
Hibernate: select character1_.character_id as characte1_6_, character1_.character_character_name as characte2_6_ from user user0_ inner join characters character1_ on user0_.character_id=character1_.character_id where user0_.user_id=?
Hibernate: select permission0_.character_id as characte6_12_0_, permission0_.permission_id as permissi1_12_0_, permission0_.permission_id as permissi1_12_1_, permission0_.character_id as characte6_12_1_, permission0_.permission_name as permissi2_12_1_, permission0_.permission_permission_unit_id as permissi3_12_1_, permission0_.permission_service as permissi4_12_1_, permission0_.permission_status as permissi5_12_1_ from permission permission0_ where permission0_.character_id=?
Hibernate: select count(*) as col_0_0_ from category category0_ where category0_.category_id=?
Hibernate: select count(board0_.board_id) as col_0_0_ from board board0_ where board0_.category_id=?
Hibernate: select category0_.category_id as category1_5_0_, category0_.category_name as category2_5_0_ from category category0_ where category0_.category_id=?
Hibernate: select boardlist0_.category_id as category7_4_0_, boardlist0_.board_id as board_id1_4_0_, boardlist0_.board_id as board_id1_4_1_, boardlist0_.category_id as category7_4_1_, boardlist0_.board_content as board_co2_4_1_, boardlist0_.board_created_at as board_cr3_4_1_, boardlist0_.board_last_modified_at as board_la4_4_1_, boardlist0_.board_title as board_ti5_4_1_, boardlist0_.user_id as user_id8_4_1_, boardlist0_.board_views as board_vi6_4_1_ from board boardlist0_ where boardlist0_.category_id=?
Hibernate: delete from category where category_id=?
Hibernate: select user0_.user_id as user_id1_21_0_, user0_.character_id as characte7_21_0_, user0_.user_created_at as user_cre2_21_0_, user0_.user_name as user_nam3_21_0_, user0_.user_phone_number as user_pho4_21_0_, user0_.user_user_id as user_use5_21_0_, user0_.user_user_password as user_use6_21_0_ from user user0_ where user0_.user_id=?
Hibernate: select character0_.character_id as characte1_6_0_, character0_.character_character_name as characte2_6_0_ from characters character0_ where character0_.character_id=?
Hibernate: select count(*) as col_0_0_ from user user0_ where user0_.user_id=?
Hibernate: select character1_.character_id as characte1_6_, character1_.character_character_name as characte2_6_ from user user0_ inner join characters character1_ on user0_.character_id=character1_.character_id where user0_.user_id=?
Hibernate: select permission0_.character_id as characte6_12_0_, permission0_.permission_id as permissi1_12_0_, permission0_.permission_id as permissi1_12_1_, permission0_.character_id as characte6_12_1_, permission0_.permission_name as permissi2_12_1_, permission0_.permission_permission_unit_id as permissi3_12_1_, permission0_.permission_service as permissi4_12_1_, permission0_.permission_status as permissi5_12_1_ from permission permission0_ where permission0_.character_id=?
Hibernate: select count(*) as col_0_0_ from category category0_ where category0_.category_id=?
Hibernate: select count(board0_.board_id) as col_0_0_ from board board0_ where board0_.category_id=?
Hibernate: select category0_.category_id as category1_5_0_, category0_.category_name as category2_5_0_ from category category0_ where category0_.category_id=?
Hibernate: select boardlist0_.category_id as category7_4_0_, boardlist0_.board_id as board_id1_4_0_, boardlist0_.board_id as board_id1_4_1_, boardlist0_.category_id as category7_4_1_, boardlist0_.board_content as board_co2_4_1_, boardlist0_.board_created_at as board_cr3_4_1_, boardlist0_.board_last_modified_at as board_la4_4_1_, boardlist0_.board_title as board_ti5_4_1_, boardlist0_.user_id as user_id8_4_1_, boardlist0_.board_views as board_vi6_4_1_ from board boardlist0_ where boardlist0_.category_id=?
Hibernate: delete from category where category_id=?
Hibernate: select user0_.user_id as user_id1_21_0_, user0_.character_id as characte7_21_0_, user0_.user_created_at as user_cre2_21_0_, user0_.user_name as user_nam3_21_0_, user0_.user_phone_number as user_pho4_21_0_, user0_.user_user_id as user_use5_21_0_, user0_.user_user_password as user_use6_21_0_ from user user0_ where user0_.user_id=?
Hibernate: select character0_.character_id as characte1_6_0_, character0_.character_character_name as characte2_6_0_ from characters character0_ where character0_.character_id=?
Hibernate: select count(*) as col_0_0_ from user user0_ where user0_.user_id=?
Hibernate: select character1_.character_id as characte1_6_, character1_.character_character_name as characte2_6_ from user user0_ inner join characters character1_ on user0_.character_id=character1_.character_id where user0_.user_id=?
Hibernate: select permission0_.character_id as characte6_12_0_, permission0_.permission_id as permissi1_12_0_, permission0_.permission_id as permissi1_12_1_, permission0_.character_id as characte6_12_1_, permission0_.permission_name as permissi2_12_1_, permission0_.permission_permission_unit_id as permissi3_12_1_, permission0_.permission_service as permissi4_12_1_, permission0_.permission_status as permissi5_12_1_ from permission permission0_ where permission0_.character_id=?
Hibernate: select category0_.category_id as col_0_0_ from category category0_ where category0_.category_name=? limit ?
Hibernate: select category0_.category_id as category1_5_1_, category0_.category_name as category2_5_1_, boardlist1_.category_id as category7_4_3_, boardlist1_.board_id as board_id1_4_3_, boardlist1_.board_id as board_id1_4_0_, boardlist1_.category_id as category7_4_0_, boardlist1_.board_content as board_co2_4_0_, boardlist1_.board_created_at as board_cr3_4_0_, boardlist1_.board_last_modified_at as board_la4_4_0_, boardlist1_.board_title as board_ti5_4_0_, boardlist1_.user_id as user_id8_4_0_, boardlist1_.board_views as board_vi6_4_0_ from category category0_ left outer join board boardlist1_ on category0_.category_id=boardlist1_.category_id where category0_.category_id=?
Hibernate: insert into category (category_id, category_name) values (default, ?)
Hibernate: select user0_.user_id as user_id1_21_0_, user0_.character_id as characte7_21_0_, user0_.user_created_at as user_cre2_21_0_, user0_.user_name as user_nam3_21_0_, user0_.user_phone_number as user_pho4_21_0_, user0_.user_user_id as user_use5_21_0_, user0_.user_user_password as user_use6_21_0_ from user user0_ where user0_.user_id=?
Hibernate: select character0_.character_id as characte1_6_0_, character0_.character_character_name as characte2_6_0_ from characters character0_ where character0_.character_id=?
Hibernate: select count(*) as col_0_0_ from user user0_ where user0_.user_id=?
Hibernate: select character1_.character_id as characte1_6_, character1_.character_character_name as characte2_6_ from user user0_ inner join characters character1_ on user0_.character_id=character1_.character_id where user0_.user_id=?
Hibernate: select permission0_.character_id as characte6_12_0_, permission0_.permission_id as permissi1_12_0_, permission0_.permission_id as permissi1_12_1_, permission0_.character_id as characte6_12_1_, permission0_.permission_name as permissi2_12_1_, permission0_.permission_permission_unit_id as permissi3_12_1_, permission0_.permission_service as permissi4_12_1_, permission0_.permission_status as permissi5_12_1_ from permission permission0_ where permission0_.character_id=?
Hibernate: select category0_.category_id as col_0_0_ from category category0_ where category0_.category_name=? limit ?
Hibernate: select category0_.category_id as category1_5_1_, category0_.category_name as category2_5_1_, boardlist1_.category_id as category7_4_3_, boardlist1_.board_id as board_id1_4_3_, boardlist1_.board_id as board_id1_4_0_, boardlist1_.category_id as category7_4_0_, boardlist1_.board_content as board_co2_4_0_, boardlist1_.board_created_at as board_cr3_4_0_, boardlist1_.board_last_modified_at as board_la4_4_0_, boardlist1_.board_title as board_ti5_4_0_, boardlist1_.user_id as user_id8_4_0_, boardlist1_.board_views as board_vi6_4_0_ from category category0_ left outer join board boardlist1_ on category0_.category_id=boardlist1_.category_id where category0_.category_id=?
Hibernate: insert into category (category_id, category_name) values (default, ?)
Hibernate: select user0_.user_id as col_0_0_ from user user0_ where user0_.user_user_id=? limit ?
Hibernate: select user0_.user_id as col_0_0_ from user user0_ where user0_.user_user_id=? limit ?
Hibernate: select U.* from USER U where U.USER_USER_ID =?
Hibernate: select character0_.character_id as characte1_6_0_, character0_.character_character_name as characte2_6_0_ from characters character0_ where character0_.character_id=?
Hibernate: select user0_.user_id as col_0_0_ from user user0_ where user0_.user_user_id=? limit ?
Hibernate: select user0_.user_id as col_0_0_ from user user0_ where user0_.user_user_id=? limit ?
Hibernate: select U.* from USER U where U.USER_USER_ID =?
Hibernate: select character0_.character_id as characte1_6_0_, character0_.character_character_name as characte2_6_0_ from characters character0_ where character0_.character_id=?
Hibernate: select user0_.user_id as user_id1_21_0_, user0_.character_id as characte7_21_0_, user0_.user_created_at as user_cre2_21_0_, user0_.user_name as user_nam3_21_0_, user0_.user_phone_number as user_pho4_21_0_, user0_.user_user_id as user_use5_21_0_, user0_.user_user_password as user_use6_21_0_ from user user0_ where user0_.user_id=?
Hibernate: select character0_.character_id as characte1_6_0_, character0_.character_character_name as characte2_6_0_ from characters character0_ where character0_.character_id=?
Hibernate: select count(*) as col_0_0_ from user user0_ where user0_.user_id=?
Hibernate: select character1_.character_id as characte1_6_, character1_.character_character_name as characte2_6_ from user user0_ inner join characters character1_ on user0_.character_id=character1_.character_id where user0_.user_id=?
Hibernate: select permission0_.character_id as characte6_12_0_, permission0_.permission_id as permissi1_12_0_, permission0_.permission_id as permissi1_12_1_, permission0_.character_id as characte6_12_1_, permission0_.permission_name as permissi2_12_1_, permission0_.permission_permission_unit_id as permissi3_12_1_, permission0_.permission_service as permissi4_12_1_, permission0_.permission_status as permissi5_12_1_ from permission permission0_ where permission0_.character_id=?
Hibernate: select category0_.category_id as col_0_0_ from category category0_ where category0_.category_name=? limit ?
Hibernate: select category0_.category_id as category1_5_1_, category0_.category_name as category2_5_1_, boardlist1_.category_id as category7_4_3_, boardlist1_.board_id as board_id1_4_3_, boardlist1_.board_id as board_id1_4_0_, boardlist1_.category_id as category7_4_0_, boardlist1_.board_content as board_co2_4_0_, boardlist1_.board_created_at as board_cr3_4_0_, boardlist1_.board_last_modified_at as board_la4_4_0_, boardlist1_.board_title as board_ti5_4_0_, boardlist1_.user_id as user_id8_4_0_, boardlist1_.board_views as board_vi6_4_0_ from category category0_ left outer join board boardlist1_ on category0_.category_id=boardlist1_.category_id where category0_.category_id=?
Hibernate: insert into category (category_id, category_name) values (default, ?)
Hibernate: select user0_.user_id as user_id1_21_0_, user0_.character_id as characte7_21_0_, user0_.user_created_at as user_cre2_21_0_, user0_.user_name as user_nam3_21_0_, user0_.user_phone_number as user_pho4_21_0_, user0_.user_user_id as user_use5_21_0_, user0_.user_user_password as user_use6_21_0_ from user user0_ where user0_.user_id=?
Hibernate: select character0_.character_id as characte1_6_0_, character0_.character_character_name as characte2_6_0_ from characters character0_ where character0_.character_id=?
Hibernate: select category0_.category_id as category1_5_, category0_.category_name as category2_5_ from category category0_
Hibernate: select boardlist0_.category_id as category7_4_0_, boardlist0_.board_id as board_id1_4_0_, boardlist0_.board_id as board_id1_4_1_, boardlist0_.category_id as category7_4_1_, boardlist0_.board_content as board_co2_4_1_, boardlist0_.board_created_at as board_cr3_4_1_, boardlist0_.board_last_modified_at as board_la4_4_1_, boardlist0_.board_title as board_ti5_4_1_, boardlist0_.user_id as user_id8_4_1_, boardlist0_.board_views as board_vi6_4_1_ from board boardlist0_ where boardlist0_.category_id=?
Hibernate: select boardlist0_.category_id as category7_4_0_, boardlist0_.board_id as board_id1_4_0_, boardlist0_.board_id as board_id1_4_1_, boardlist0_.category_id as category7_4_1_, boardlist0_.board_content as board_co2_4_1_, boardlist0_.board_created_at as board_cr3_4_1_, boardlist0_.board_last_modified_at as board_la4_4_1_, boardlist0_.board_title as board_ti5_4_1_, boardlist0_.user_id as user_id8_4_1_, boardlist0_.board_views as board_vi6_4_1_ from board boardlist0_ where boardlist0_.category_id=?
Hibernate: select boardlist0_.category_id as category7_4_0_, boardlist0_.board_id as board_id1_4_0_, boardlist0_.board_id as board_id1_4_1_, boardlist0_.category_id as category7_4_1_, boardlist0_.board_content as board_co2_4_1_, boardlist0_.board_created_at as board_cr3_4_1_, boardlist0_.board_last_modified_at as board_la4_4_1_, boardlist0_.board_title as board_ti5_4_1_, boardlist0_.user_id as user_id8_4_1_, boardlist0_.board_views as board_vi6_4_1_ from board boardlist0_ where boardlist0_.category_id=?
Hibernate: select user0_.user_id as user_id1_21_0_, user0_.character_id as characte7_21_0_, user0_.user_created_at as user_cre2_21_0_, user0_.user_name as user_nam3_21_0_, user0_.user_phone_number as user_pho4_21_0_, user0_.user_user_id as user_use5_21_0_, user0_.user_user_password as user_use6_21_0_ from user user0_ where user0_.user_id=?
Hibernate: select character0_.character_id as characte1_6_0_, character0_.character_character_name as characte2_6_0_ from characters character0_ where character0_.character_id=?
Hibernate: select count(*) as col_0_0_ from user user0_ where user0_.user_id=?
Hibernate: select character1_.character_id as characte1_6_, character1_.character_character_name as characte2_6_ from user user0_ inner join characters character1_ on user0_.character_id=character1_.character_id where user0_.user_id=?
Hibernate: select permission0_.character_id as characte6_12_0_, permission0_.permission_id as permissi1_12_0_, permission0_.permission_id as permissi1_12_1_, permission0_.character_id as characte6_12_1_, permission0_.permission_name as permissi2_12_1_, permission0_.permission_permission_unit_id as permissi3_12_1_, permission0_.permission_service as permissi4_12_1_, permission0_.permission_status as permissi5_12_1_ from permission permission0_ where permission0_.character_id=?
Hibernate: select count(*) as col_0_0_ from category category0_ where category0_.category_id=?
Hibernate: insert into filename (filename_id, filename_origin, filename_uuid) values (default, ?, ?)
Hibernate: insert into filename (filename_id, filename_origin, filename_uuid) values (default, ?, ?)
Hibernate: select category0_.category_id as category1_5_0_, category0_.category_name as category2_5_0_ from category category0_ where category0_.category_id=?
Hibernate: insert into board (board_id, category_id, board_content, board_created_at, board_last_modified_at, board_title, user_id, board_views) values (default, ?, ?, ?, ?, ?, ?, ?)
Hibernate: insert into reaction (reaction_id, board_id, reaction_type) values (default, ?, ?)
Hibernate: insert into reaction (reaction_id, board_id, reaction_type) values (default, ?, ?)
Hibernate: insert into reaction (reaction_id, board_id, reaction_type) values (default, ?, ?)
Hibernate: insert into reaction (reaction_id, board_id, reaction_type) values (default, ?, ?)
Hibernate: insert into reaction (reaction_id, board_id, reaction_type) values (default, ?, ?)
Hibernate: insert into reaction (reaction_id, board_id, reaction_type) values (default, ?, ?)
Hibernate: insert into file_path_list (board_board_id, board_file_path_list) values (?, ?)
Hibernate: insert into image_path_list (board_board_id, board_image_path_list) values (?, ?)
Hibernate: select user0_.user_id as col_0_0_ from user user0_ where user0_.user_user_id=? limit ?
Hibernate: select user0_.user_id as col_0_0_ from user user0_ where user0_.user_user_id=? limit ?
Hibernate: select U.* from USER U where U.USER_USER_ID =?
Hibernate: select character0_.character_id as characte1_6_0_, character0_.character_character_name as characte2_6_0_ from characters character0_ where character0_.character_id=?
Hibernate: select user0_.user_id as user_id1_21_0_, user0_.character_id as characte7_21_0_, user0_.user_created_at as user_cre2_21_0_, user0_.user_name as user_nam3_21_0_, user0_.user_phone_number as user_pho4_21_0_, user0_.user_user_id as user_use5_21_0_, user0_.user_user_password as user_use6_21_0_ from user user0_ where user0_.user_id=?
Hibernate: select character0_.character_id as characte1_6_0_, character0_.character_character_name as characte2_6_0_ from characters character0_ where character0_.character_id=?
Hibernate: select count(*) as col_0_0_ from board board0_
Hibernate: select board0_.board_id as board_id1_4_, board0_.category_id as category7_4_, board0_.board_content as board_co2_4_, board0_.board_created_at as board_cr3_4_, board0_.board_last_modified_at as board_la4_4_, board0_.board_title as board_ti5_4_, board0_.user_id as user_id8_4_, board0_.board_views as board_vi6_4_ from board board0_ limit ?
Hibernate: select category0_.category_id as category1_5_0_, category0_.category_name as category2_5_0_ from category category0_ where category0_.category_id=?
Hibernate: select reactionli0_.board_id as board_id3_13_0_, reactionli0_.reaction_id as reaction1_13_0_, reactionli0_.reaction_id as reaction1_13_1_, reactionli0_.board_id as board_id3_13_1_, reactionli0_.reaction_type as reaction2_13_1_ from reaction reactionli0_ where reactionli0_.board_id=?
Hibernate: select reactionus0_.reaction_id as reaction2_14_0_, reactionus0_.reaction_user_id as reaction1_14_0_, reactionus0_.reaction_user_id as reaction1_14_1_, reactionus0_.reaction_id as reaction2_14_1_, reactionus0_.user_id as user_id3_14_1_ from reaction_user reactionus0_ where reactionus0_.reaction_id=?
Hibernate: select reactionus0_.reaction_id as reaction2_14_0_, reactionus0_.reaction_user_id as reaction1_14_0_, reactionus0_.reaction_user_id as reaction1_14_1_, reactionus0_.reaction_id as reaction2_14_1_, reactionus0_.user_id as user_id3_14_1_ from reaction_user reactionus0_ where reactionus0_.reaction_id=?
Hibernate: select reactionus0_.reaction_id as reaction2_14_0_, reactionus0_.reaction_user_id as reaction1_14_0_, reactionus0_.reaction_user_id as reaction1_14_1_, reactionus0_.reaction_id as reaction2_14_1_, reactionus0_.user_id as user_id3_14_1_ from reaction_user reactionus0_ where reactionus0_.reaction_id=?
Hibernate: select reactionus0_.reaction_id as reaction2_14_0_, reactionus0_.reaction_user_id as reaction1_14_0_, reactionus0_.reaction_user_id as reaction1_14_1_, reactionus0_.reaction_id as reaction2_14_1_, reactionus0_.user_id as user_id3_14_1_ from reaction_user reactionus0_ where reactionus0_.reaction_id=?
Hibernate: select reactionus0_.reaction_id as reaction2_14_0_, reactionus0_.reaction_user_id as reaction1_14_0_, reactionus0_.reaction_user_id as reaction1_14_1_, reactionus0_.reaction_id as reaction2_14_1_, reactionus0_.user_id as user_id3_14_1_ from reaction_user reactionus0_ where reactionus0_.reaction_id=?
Hibernate: select reactionus0_.reaction_id as reaction2_14_0_, reactionus0_.reaction_user_id as reaction1_14_0_, reactionus0_.reaction_user_id as reaction1_14_1_, reactionus0_.reaction_id as reaction2_14_1_, reactionus0_.user_id as user_id3_14_1_ from reaction_user reactionus0_ where reactionus0_.reaction_id=?
Hibernate: select commentlis0_.board_id as board_id5_7_0_, commentlis0_.comment_id as comment_1_7_0_, commentlis0_.comment_id as comment_1_7_1_, commentlis0_.board_id as board_id5_7_1_, commentlis0_.comment_content as comment_2_7_1_, commentlis0_.comment_created_at as comment_3_7_1_, commentlis0_.comment_last_modified_at as comment_4_7_1_, commentlis0_.user_id as user_id6_7_1_ from comment commentlis0_ where commentlis0_.board_id=?
Hibernate: select boardlist0_.category_id as category7_4_0_, boardlist0_.board_id as board_id1_4_0_, boardlist0_.board_id as board_id1_4_1_, boardlist0_.category_id as category7_4_1_, boardlist0_.board_content as board_co2_4_1_, boardlist0_.board_created_at as board_cr3_4_1_, boardlist0_.board_last_modified_at as board_la4_4_1_, boardlist0_.board_title as board_ti5_4_1_, boardlist0_.user_id as user_id8_4_1_, boardlist0_.board_views as board_vi6_4_1_ from board boardlist0_ where boardlist0_.category_id=?
Hibernate: select count(comment0_.comment_id) as col_0_0_ from comment comment0_ where comment0_.board_id=?
Hibernate: select count(*) as col_0_0_ from board board0_
Hibernate: select imagepathl0_.board_board_id as board_bo1_11_0_, imagepathl0_.board_image_path_list as board_im2_11_0_ from image_path_list imagepathl0_ where imagepathl0_.board_board_id=?
Hibernate: select filename0_.filename_id as filename1_9_, filename0_.filename_origin as filename2_9_, filename0_.filename_uuid as filename3_9_ from filename filename0_ where filename0_.filename_uuid=?
Hibernate: select filepathli0_.board_board_id as board_bo1_8_0_, filepathli0_.board_file_path_list as board_fi2_8_0_ from file_path_list filepathli0_ where filepathli0_.board_board_id=?
Hibernate: select filename0_.filename_id as filename1_9_, filename0_.filename_origin as filename2_9_, filename0_.filename_uuid as filename3_9_ from filename filename0_ where filename0_.filename_uuid=?
Hibernate: select U.* from USER U join BOARD B where U.USER_ID = B.USER_ID and B.BOARD_ID = ?
Hibernate: select character0_.character_id as characte1_6_0_, character0_.character_character_name as characte2_6_0_ from characters character0_ where character0_.character_id=?
Hibernate: select count(*) as col_0_0_ from user user0_ where user0_.user_id=?
Hibernate: select character1_.character_id as characte1_6_, character1_.character_character_name as characte2_6_ from user user0_ inner join characters character1_ on user0_.character_id=character1_.character_id where user0_.user_id=?
Hibernate: select permission0_.character_id as characte6_12_0_, permission0_.permission_id as permissi1_12_0_, permission0_.permission_id as permissi1_12_1_, permission0_.character_id as characte6_12_1_, permission0_.permission_name as permissi2_12_1_, permission0_.permission_permission_unit_id as permissi3_12_1_, permission0_.permission_service as permissi4_12_1_, permission0_.permission_status as permissi5_12_1_ from permission permission0_ where permission0_.character_id=?
Hibernate: select count(*) as col_0_0_ from board board0_ where board0_.board_id=?
Hibernate: select board0_.board_id as board_id1_4_0_, board0_.category_id as category7_4_0_, board0_.board_content as board_co2_4_0_, board0_.board_created_at as board_cr3_4_0_, board0_.board_last_modified_at as board_la4_4_0_, board0_.board_title as board_ti5_4_0_, board0_.user_id as user_id8_4_0_, board0_.board_views as board_vi6_4_0_ from board board0_ where board0_.board_id=?
Hibernate: select category0_.category_id as category1_5_0_, category0_.category_name as category2_5_0_ from category category0_ where category0_.category_id=?
Hibernate: select reactionli0_.board_id as board_id3_13_0_, reactionli0_.reaction_id as reaction1_13_0_, reactionli0_.reaction_id as reaction1_13_1_, reactionli0_.board_id as board_id3_13_1_, reactionli0_.reaction_type as reaction2_13_1_ from reaction reactionli0_ where reactionli0_.board_id=?
Hibernate: select reactionus0_.reaction_id as reaction2_14_0_, reactionus0_.reaction_user_id as reaction1_14_0_, reactionus0_.reaction_user_id as reaction1_14_1_, reactionus0_.reaction_id as reaction2_14_1_, reactionus0_.user_id as user_id3_14_1_ from reaction_user reactionus0_ where reactionus0_.reaction_id=?
Hibernate: select reactionus0_.reaction_id as reaction2_14_0_, reactionus0_.reaction_user_id as reaction1_14_0_, reactionus0_.reaction_user_id as reaction1_14_1_, reactionus0_.reaction_id as reaction2_14_1_, reactionus0_.user_id as user_id3_14_1_ from reaction_user reactionus0_ where reactionus0_.reaction_id=?
Hibernate: select reactionus0_.reaction_id as reaction2_14_0_, reactionus0_.reaction_user_id as reaction1_14_0_, reactionus0_.reaction_user_id as reaction1_14_1_, reactionus0_.reaction_id as reaction2_14_1_, reactionus0_.user_id as user_id3_14_1_ from reaction_user reactionus0_ where reactionus0_.reaction_id=?
Hibernate: select reactionus0_.reaction_id as reaction2_14_0_, reactionus0_.reaction_user_id as reaction1_14_0_, reactionus0_.reaction_user_id as reaction1_14_1_, reactionus0_.reaction_id as reaction2_14_1_, reactionus0_.user_id as user_id3_14_1_ from reaction_user reactionus0_ where reactionus0_.reaction_id=?
Hibernate: select reactionus0_.reaction_id as reaction2_14_0_, reactionus0_.reaction_user_id as reaction1_14_0_, reactionus0_.reaction_user_id as reaction1_14_1_, reactionus0_.reaction_id as reaction2_14_1_, reactionus0_.user_id as user_id3_14_1_ from reaction_user reactionus0_ where reactionus0_.reaction_id=?
Hibernate: select reactionus0_.reaction_id as reaction2_14_0_, reactionus0_.reaction_user_id as reaction1_14_0_, reactionus0_.reaction_user_id as reaction1_14_1_, reactionus0_.reaction_id as reaction2_14_1_, reactionus0_.user_id as user_id3_14_1_ from reaction_user reactionus0_ where reactionus0_.reaction_id=?
Hibernate: select commentlis0_.board_id as board_id5_7_0_, commentlis0_.comment_id as comment_1_7_0_, commentlis0_.comment_id as comment_1_7_1_, commentlis0_.board_id as board_id5_7_1_, commentlis0_.comment_content as comment_2_7_1_, commentlis0_.comment_created_at as comment_3_7_1_, commentlis0_.comment_last_modified_at as comment_4_7_1_, commentlis0_.user_id as user_id6_7_1_ from comment commentlis0_ where commentlis0_.board_id=?
Hibernate: select boardlist0_.category_id as category7_4_0_, boardlist0_.board_id as board_id1_4_0_, boardlist0_.board_id as board_id1_4_1_, boardlist0_.category_id as category7_4_1_, boardlist0_.board_content as board_co2_4_1_, boardlist0_.board_created_at as board_cr3_4_1_, boardlist0_.board_last_modified_at as board_la4_4_1_, boardlist0_.board_title as board_ti5_4_1_, boardlist0_.user_id as user_id8_4_1_, boardlist0_.board_views as board_vi6_4_1_ from board boardlist0_ where boardlist0_.category_id=?
Hibernate: select count(comment0_.comment_id) as col_0_0_ from comment comment0_ where comment0_.board_id=?
Hibernate: update board set category_id=?, board_content=?, board_created_at=?, board_last_modified_at=?, board_title=?, user_id=?, board_views=? where board_id=?
Hibernate: select filepathli0_.board_board_id as board_bo1_8_0_, filepathli0_.board_file_path_list as board_fi2_8_0_ from file_path_list filepathli0_ where filepathli0_.board_board_id=?
Hibernate: select filename0_.filename_id as filename1_9_, filename0_.filename_origin as filename2_9_, filename0_.filename_uuid as filename3_9_ from filename filename0_ where filename0_.filename_uuid=?
Hibernate: delete from filename where filename_id=?
Hibernate: select imagepathl0_.board_board_id as board_bo1_11_0_, imagepathl0_.board_image_path_list as board_im2_11_0_ from image_path_list imagepathl0_ where imagepathl0_.board_board_id=?
Hibernate: select filename0_.filename_id as filename1_9_, filename0_.filename_origin as filename2_9_, filename0_.filename_uuid as filename3_9_ from filename filename0_ where filename0_.filename_uuid=?
Hibernate: delete from filename where filename_id=?
Hibernate: select count(*) as col_0_0_ from board board0_ where board0_.board_id=?
Hibernate: delete from file_path_list where board_board_id=?
Hibernate: delete from image_path_list where board_board_id=?
Hibernate: delete from reaction where reaction_id=?
Hibernate: delete from reaction where reaction_id=?
Hibernate: delete from reaction where reaction_id=?
Hibernate: delete from reaction where reaction_id=?
Hibernate: delete from reaction where reaction_id=?
Hibernate: delete from reaction where reaction_id=?
Hibernate: delete from board where board_id=?
Hibernate: select user0_.user_id as user_id1_21_0_, user0_.character_id as characte7_21_0_, user0_.user_created_at as user_cre2_21_0_, user0_.user_name as user_nam3_21_0_, user0_.user_phone_number as user_pho4_21_0_, user0_.user_user_id as user_use5_21_0_, user0_.user_user_password as user_use6_21_0_ from user user0_ where user0_.user_id=?
Hibernate: select character0_.character_id as characte1_6_0_, character0_.character_character_name as characte2_6_0_ from characters character0_ where character0_.character_id=?
Hibernate: select count(*) as col_0_0_ from user user0_ where user0_.user_id=?
Hibernate: select character1_.character_id as characte1_6_, character1_.character_character_name as characte2_6_ from user user0_ inner join characters character1_ on user0_.character_id=character1_.character_id where user0_.user_id=?
Hibernate: select permission0_.character_id as characte6_12_0_, permission0_.permission_id as permissi1_12_0_, permission0_.permission_id as permissi1_12_1_, permission0_.character_id as characte6_12_1_, permission0_.permission_name as permissi2_12_1_, permission0_.permission_permission_unit_id as permissi3_12_1_, permission0_.permission_service as permissi4_12_1_, permission0_.permission_status as permissi5_12_1_ from permission permission0_ where permission0_.character_id=?
Hibernate: select count(*) as col_0_0_ from board board0_ where board0_.board_id=?
Hibernate: select user0_.user_id as col_0_0_ from user user0_ where user0_.user_user_id=? limit ?
Hibernate: select user0_.user_id as col_0_0_ from user user0_ where user0_.user_user_id=? limit ?
Hibernate: select U.* from USER U where U.USER_USER_ID =?
Hibernate: select character0_.character_id as characte1_6_0_, character0_.character_character_name as characte2_6_0_ from characters character0_ where character0_.character_id=?
Hibernate: select user0_.user_id as user_id1_21_0_, user0_.character_id as characte7_21_0_, user0_.user_created_at as user_cre2_21_0_, user0_.user_name as user_nam3_21_0_, user0_.user_phone_number as user_pho4_21_0_, user0_.user_user_id as user_use5_21_0_, user0_.user_user_password as user_use6_21_0_ from user user0_ where user0_.user_id=?
Hibernate: select character0_.character_id as characte1_6_0_, character0_.character_character_name as characte2_6_0_ from characters character0_ where character0_.character_id=?
Hibernate: select category0_.category_id as category1_5_, category0_.category_name as category2_5_ from category category0_
Hibernate: select boardlist0_.category_id as category7_4_0_, boardlist0_.board_id as board_id1_4_0_, boardlist0_.board_id as board_id1_4_1_, boardlist0_.category_id as category7_4_1_, boardlist0_.board_content as board_co2_4_1_, boardlist0_.board_created_at as board_cr3_4_1_, boardlist0_.board_last_modified_at as board_la4_4_1_, boardlist0_.board_title as board_ti5_4_1_, boardlist0_.user_id as user_id8_4_1_, boardlist0_.board_views as board_vi6_4_1_ from board boardlist0_ where boardlist0_.category_id=?
Hibernate: select boardlist0_.category_id as category7_4_0_, boardlist0_.board_id as board_id1_4_0_, boardlist0_.board_id as board_id1_4_1_, boardlist0_.category_id as category7_4_1_, boardlist0_.board_content as board_co2_4_1_, boardlist0_.board_created_at as board_cr3_4_1_, boardlist0_.board_last_modified_at as board_la4_4_1_, boardlist0_.board_title as board_ti5_4_1_, boardlist0_.user_id as user_id8_4_1_, boardlist0_.board_views as board_vi6_4_1_ from board boardlist0_ where boardlist0_.category_id=?
Hibernate: select boardlist0_.category_id as category7_4_0_, boardlist0_.board_id as board_id1_4_0_, boardlist0_.board_id as board_id1_4_1_, boardlist0_.category_id as category7_4_1_, boardlist0_.board_content as board_co2_4_1_, boardlist0_.board_created_at as board_cr3_4_1_, boardlist0_.board_last_modified_at as board_la4_4_1_, boardlist0_.board_title as board_ti5_4_1_, boardlist0_.user_id as user_id8_4_1_, boardlist0_.board_views as board_vi6_4_1_ from board boardlist0_ where boardlist0_.category_id=?
Hibernate: select user0_.user_id as user_id1_21_0_, user0_.character_id as characte7_21_0_, user0_.user_created_at as user_cre2_21_0_, user0_.user_name as user_nam3_21_0_, user0_.user_phone_number as user_pho4_21_0_, user0_.user_user_id as user_use5_21_0_, user0_.user_user_password as user_use6_21_0_ from user user0_ where user0_.user_id=?
Hibernate: select character0_.character_id as characte1_6_0_, character0_.character_character_name as characte2_6_0_ from characters character0_ where character0_.character_id=?
Hibernate: select count(*) as col_0_0_ from user user0_ where user0_.user_id=?
Hibernate: select character1_.character_id as characte1_6_, character1_.character_character_name as characte2_6_ from user user0_ inner join characters character1_ on user0_.character_id=character1_.character_id where user0_.user_id=?
Hibernate: select permission0_.character_id as characte6_12_0_, permission0_.permission_id as permissi1_12_0_, permission0_.permission_id as permissi1_12_1_, permission0_.character_id as characte6_12_1_, permission0_.permission_name as permissi2_12_1_, permission0_.permission_permission_unit_id as permissi3_12_1_, permission0_.permission_service as permissi4_12_1_, permission0_.permission_status as permissi5_12_1_ from permission permission0_ where permission0_.character_id=?
Hibernate: select count(*) as col_0_0_ from category category0_ where category0_.category_id=?
Hibernate: select count(board0_.board_id) as col_0_0_ from board board0_ where board0_.category_id=?
Hibernate: select category0_.category_id as category1_5_0_, category0_.category_name as category2_5_0_ from category category0_ where category0_.category_id=?
Hibernate: select boardlist0_.category_id as category7_4_0_, boardlist0_.board_id as board_id1_4_0_, boardlist0_.board_id as board_id1_4_1_, boardlist0_.category_id as category7_4_1_, boardlist0_.board_content as board_co2_4_1_, boardlist0_.board_created_at as board_cr3_4_1_, boardlist0_.board_last_modified_at as board_la4_4_1_, boardlist0_.board_title as board_ti5_4_1_, boardlist0_.user_id as user_id8_4_1_, boardlist0_.board_views as board_vi6_4_1_ from board boardlist0_ where boardlist0_.category_id=?
Hibernate: delete from category where category_id=?
Hibernate: select user0_.user_id as user_id1_21_0_, user0_.character_id as characte7_21_0_, user0_.user_created_at as user_cre2_21_0_, user0_.user_name as user_nam3_21_0_, user0_.user_phone_number as user_pho4_21_0_, user0_.user_user_id as user_use5_21_0_, user0_.user_user_password as user_use6_21_0_ from user user0_ where user0_.user_id=?
Hibernate: select character0_.character_id as characte1_6_0_, character0_.character_character_name as characte2_6_0_ from characters character0_ where character0_.character_id=?
Hibernate: select count(*) as col_0_0_ from user user0_ where user0_.user_id=?
Hibernate: select character1_.character_id as characte1_6_, character1_.character_character_name as characte2_6_ from user user0_ inner join characters character1_ on user0_.character_id=character1_.character_id where user0_.user_id=?
Hibernate: select permission0_.character_id as characte6_12_0_, permission0_.permission_id as permissi1_12_0_, permission0_.permission_id as permissi1_12_1_, permission0_.character_id as characte6_12_1_, permission0_.permission_name as permissi2_12_1_, permission0_.permission_permission_unit_id as permissi3_12_1_, permission0_.permission_service as permissi4_12_1_, permission0_.permission_status as permissi5_12_1_ from permission permission0_ where permission0_.character_id=?
Hibernate: select count(*) as col_0_0_ from category category0_ where category0_.category_id=?
Hibernate: select count(board0_.board_id) as col_0_0_ from board board0_ where board0_.category_id=?
Hibernate: select category0_.category_id as category1_5_0_, category0_.category_name as category2_5_0_ from category category0_ where category0_.category_id=?
Hibernate: select boardlist0_.category_id as category7_4_0_, boardlist0_.board_id as board_id1_4_0_, boardlist0_.board_id as board_id1_4_1_, boardlist0_.category_id as category7_4_1_, boardlist0_.board_content as board_co2_4_1_, boardlist0_.board_created_at as board_cr3_4_1_, boardlist0_.board_last_modified_at as board_la4_4_1_, boardlist0_.board_title as board_ti5_4_1_, boardlist0_.user_id as user_id8_4_1_, boardlist0_.board_views as board_vi6_4_1_ from board boardlist0_ where boardlist0_.category_id=?
Hibernate: delete from category where category_id=?
Hibernate: select user0_.user_id as user_id1_21_0_, user0_.character_id as characte7_21_0_, user0_.user_created_at as user_cre2_21_0_, user0_.user_name as user_nam3_21_0_, user0_.user_phone_number as user_pho4_21_0_, user0_.user_user_id as user_use5_21_0_, user0_.user_user_password as user_use6_21_0_ from user user0_ where user0_.user_id=?
Hibernate: select character0_.character_id as characte1_6_0_, character0_.character_character_name as characte2_6_0_ from characters character0_ where character0_.character_id=?
Hibernate: select count(*) as col_0_0_ from user user0_ where user0_.user_id=?
Hibernate: select character1_.character_id as characte1_6_, character1_.character_character_name as characte2_6_ from user user0_ inner join characters character1_ on user0_.character_id=character1_.character_id where user0_.user_id=?
Hibernate: select permission0_.character_id as characte6_12_0_, permission0_.permission_id as permissi1_12_0_, permission0_.permission_id as permissi1_12_1_, permission0_.character_id as characte6_12_1_, permission0_.permission_name as permissi2_12_1_, permission0_.permission_permission_unit_id as permissi3_12_1_, permission0_.permission_service as permissi4_12_1_, permission0_.permission_status as permissi5_12_1_ from permission permission0_ where permission0_.character_id=?
Hibernate: select count(*) as col_0_0_ from category category0_ where category0_.category_id=?
Hibernate: select count(board0_.board_id) as col_0_0_ from board board0_ where board0_.category_id=?
Hibernate: select category0_.category_id as category1_5_0_, category0_.category_name as category2_5_0_ from category category0_ where category0_.category_id=?
Hibernate: select boardlist0_.category_id as category7_4_0_, boardlist0_.board_id as board_id1_4_0_, boardlist0_.board_id as board_id1_4_1_, boardlist0_.category_id as category7_4_1_, boardlist0_.board_content as board_co2_4_1_, boardlist0_.board_created_at as board_cr3_4_1_, boardlist0_.board_last_modified_at as board_la4_4_1_, boardlist0_.board_title as board_ti5_4_1_, boardlist0_.user_id as user_id8_4_1_, boardlist0_.board_views as board_vi6_4_1_ from board boardlist0_ where boardlist0_.category_id=?
Hibernate: delete from category where category_id=?
Hibernate: select user0_.user_id as user_id1_21_0_, user0_.character_id as characte7_21_0_, user0_.user_created_at as user_cre2_21_0_, user0_.user_name as user_nam3_21_0_, user0_.user_phone_number as user_pho4_21_0_, user0_.user_user_id as user_use5_21_0_, user0_.user_user_password as user_use6_21_0_ from user user0_ where user0_.user_id=?
Hibernate: select character0_.character_id as characte1_6_0_, character0_.character_character_name as characte2_6_0_ from characters character0_ where character0_.character_id=?
Hibernate: select count(*) as col_0_0_ from user user0_ where user0_.user_id=?
Hibernate: select character1_.character_id as characte1_6_, character1_.character_character_name as characte2_6_ from user user0_ inner join characters character1_ on user0_.character_id=character1_.character_id where user0_.user_id=?
Hibernate: select permission0_.character_id as characte6_12_0_, permission0_.permission_id as permissi1_12_0_, permission0_.permission_id as permissi1_12_1_, permission0_.character_id as characte6_12_1_, permission0_.permission_name as permissi2_12_1_, permission0_.permission_permission_unit_id as permissi3_12_1_, permission0_.permission_service as permissi4_12_1_, permission0_.permission_status as permissi5_12_1_ from permission permission0_ where permission0_.character_id=?
Hibernate: select category0_.category_id as col_0_0_ from category category0_ where category0_.category_name=? limit ?
Hibernate: select category0_.category_id as category1_5_1_, category0_.category_name as category2_5_1_, boardlist1_.category_id as category7_4_3_, boardlist1_.board_id as board_id1_4_3_, boardlist1_.board_id as board_id1_4_0_, boardlist1_.category_id as category7_4_0_, boardlist1_.board_content as board_co2_4_0_, boardlist1_.board_created_at as board_cr3_4_0_, boardlist1_.board_last_modified_at as board_la4_4_0_, boardlist1_.board_title as board_ti5_4_0_, boardlist1_.user_id as user_id8_4_0_, boardlist1_.board_views as board_vi6_4_0_ from category category0_ left outer join board boardlist1_ on category0_.category_id=boardlist1_.category_id where category0_.category_id=?
Hibernate: insert into category (category_id, category_name) values (default, ?)
Hibernate: select user0_.user_id as user_id1_21_0_, user0_.character_id as characte7_21_0_, user0_.user_created_at as user_cre2_21_0_, user0_.user_name as user_nam3_21_0_, user0_.user_phone_number as user_pho4_21_0_, user0_.user_user_id as user_use5_21_0_, user0_.user_user_password as user_use6_21_0_ from user user0_ where user0_.user_id=?
Hibernate: select character0_.character_id as characte1_6_0_, character0_.character_character_name as characte2_6_0_ from characters character0_ where character0_.character_id=?
Hibernate: select count(*) as col_0_0_ from user user0_ where user0_.user_id=?
Hibernate: select character1_.character_id as characte1_6_, character1_.character_character_name as characte2_6_ from user user0_ inner join characters character1_ on user0_.character_id=character1_.character_id where user0_.user_id=?
Hibernate: select permission0_.character_id as characte6_12_0_, permission0_.permission_id as permissi1_12_0_, permission0_.permission_id as permissi1_12_1_, permission0_.character_id as characte6_12_1_, permission0_.permission_name as permissi2_12_1_, permission0_.permission_permission_unit_id as permissi3_12_1_, permission0_.permission_service as permissi4_12_1_, permission0_.permission_status as permissi5_12_1_ from permission permission0_ where permission0_.character_id=?
Hibernate: select category0_.category_id as col_0_0_ from category category0_ where category0_.category_name=? limit ?
Hibernate: select category0_.category_id as category1_5_1_, category0_.category_name as category2_5_1_, boardlist1_.category_id as category7_4_3_, boardlist1_.board_id as board_id1_4_3_, boardlist1_.board_id as board_id1_4_0_, boardlist1_.category_id as category7_4_0_, boardlist1_.board_content as board_co2_4_0_, boardlist1_.board_created_at as board_cr3_4_0_, boardlist1_.board_last_modified_at as board_la4_4_0_, boardlist1_.board_title as board_ti5_4_0_, boardlist1_.user_id as user_id8_4_0_, boardlist1_.board_views as board_vi6_4_0_ from category category0_ left outer join board boardlist1_ on category0_.category_id=boardlist1_.category_id where category0_.category_id=?
Hibernate: insert into category (category_id, category_name) values (default, ?)
Hibernate: select user0_.user_id as col_0_0_ from user user0_ where user0_.user_user_id=? limit ?
Hibernate: select user0_.user_id as col_0_0_ from user user0_ where user0_.user_user_id=? limit ?
Hibernate: select U.* from USER U where U.USER_USER_ID =?
Hibernate: select character0_.character_id as characte1_6_0_, character0_.character_character_name as characte2_6_0_ from characters character0_ where character0_.character_id=?
Hibernate: select user0_.user_id as col_0_0_ from user user0_ where user0_.user_user_id=? limit ?
Hibernate: select user0_.user_id as col_0_0_ from user user0_ where user0_.user_user_id=? limit ?
Hibernate: select U.* from USER U where U.USER_USER_ID =?
Hibernate: select character0_.character_id as characte1_6_0_, character0_.character_character_name as characte2_6_0_ from characters character0_ where character0_.character_id=?
Hibernate: select user0_.user_id as user_id1_21_0_, user0_.character_id as characte7_21_0_, user0_.user_created_at as user_cre2_21_0_, user0_.user_name as user_nam3_21_0_, user0_.user_phone_number as user_pho4_21_0_, user0_.user_user_id as user_use5_21_0_, user0_.user_user_password as user_use6_21_0_ from user user0_ where user0_.user_id=?
Hibernate: select character0_.character_id as characte1_6_0_, character0_.character_character_name as characte2_6_0_ from characters character0_ where character0_.character_id=?
Hibernate: select count(*) as col_0_0_ from board board0_
Hibernate: select count(*) as col_0_0_ from board board0_
Hibernate: select user0_.user_id as col_0_0_ from user user0_ where user0_.user_user_id=? limit ?
Hibernate: select user0_.user_id as col_0_0_ from user user0_ where user0_.user_user_id=? limit ?
Hibernate: select U.* from USER U where U.USER_USER_ID =?
Hibernate: select character0_.character_id as characte1_6_0_, character0_.character_character_name as characte2_6_0_ from characters character0_ where character0_.character_id=?
Hibernate: select user0_.user_id as user_id1_21_0_, user0_.character_id as characte7_21_0_, user0_.user_created_at as user_cre2_21_0_, user0_.user_name as user_nam3_21_0_, user0_.user_phone_number as user_pho4_21_0_, user0_.user_user_id as user_use5_21_0_, user0_.user_user_password as user_use6_21_0_ from user user0_ where user0_.user_id=?
Hibernate: select character0_.character_id as characte1_6_0_, character0_.character_character_name as characte2_6_0_ from characters character0_ where character0_.character_id=?
Hibernate: select category0_.category_id as category1_5_, category0_.category_name as category2_5_ from category category0_
Hibernate: select boardlist0_.category_id as category7_4_0_, boardlist0_.board_id as board_id1_4_0_, boardlist0_.board_id as board_id1_4_1_, boardlist0_.category_id as category7_4_1_, boardlist0_.board_content as board_co2_4_1_, boardlist0_.board_created_at as board_cr3_4_1_, boardlist0_.board_last_modified_at as board_la4_4_1_, boardlist0_.board_title as board_ti5_4_1_, boardlist0_.user_id as user_id8_4_1_, boardlist0_.board_views as board_vi6_4_1_ from board boardlist0_ where boardlist0_.category_id=?
Hibernate: select boardlist0_.category_id as category7_4_0_, boardlist0_.board_id as board_id1_4_0_, boardlist0_.board_id as board_id1_4_1_, boardlist0_.category_id as category7_4_1_, boardlist0_.board_content as board_co2_4_1_, boardlist0_.board_created_at as board_cr3_4_1_, boardlist0_.board_last_modified_at as board_la4_4_1_, boardlist0_.board_title as board_ti5_4_1_, boardlist0_.user_id as user_id8_4_1_, boardlist0_.board_views as board_vi6_4_1_ from board boardlist0_ where boardlist0_.category_id=?
Hibernate: select user0_.user_id as user_id1_21_0_, user0_.character_id as characte7_21_0_, user0_.user_created_at as user_cre2_21_0_, user0_.user_name as user_nam3_21_0_, user0_.user_phone_number as user_pho4_21_0_, user0_.user_user_id as user_use5_21_0_, user0_.user_user_password as user_use6_21_0_ from user user0_ where user0_.user_id=?
Hibernate: select character0_.character_id as characte1_6_0_, character0_.character_character_name as characte2_6_0_ from characters character0_ where character0_.character_id=?
Hibernate: select count(*) as col_0_0_ from user user0_ where user0_.user_id=?
Hibernate: select character1_.character_id as characte1_6_, character1_.character_character_name as characte2_6_ from user user0_ inner join characters character1_ on user0_.character_id=character1_.character_id where user0_.user_id=?
Hibernate: select permission0_.character_id as characte6_12_0_, permission0_.permission_id as permissi1_12_0_, permission0_.permission_id as permissi1_12_1_, permission0_.character_id as characte6_12_1_, permission0_.permission_name as permissi2_12_1_, permission0_.permission_permission_unit_id as permissi3_12_1_, permission0_.permission_service as permissi4_12_1_, permission0_.permission_status as permissi5_12_1_ from permission permission0_ where permission0_.character_id=?
Hibernate: select count(*) as col_0_0_ from category category0_ where category0_.category_id=?
Hibernate: select count(board0_.board_id) as col_0_0_ from board board0_ where board0_.category_id=?
Hibernate: select category0_.category_id as category1_5_0_, category0_.category_name as category2_5_0_ from category category0_ where category0_.category_id=?
Hibernate: select boardlist0_.category_id as category7_4_0_, boardlist0_.board_id as board_id1_4_0_, boardlist0_.board_id as board_id1_4_1_, boardlist0_.category_id as category7_4_1_, boardlist0_.board_content as board_co2_4_1_, boardlist0_.board_created_at as board_cr3_4_1_, boardlist0_.board_last_modified_at as board_la4_4_1_, boardlist0_.board_title as board_ti5_4_1_, boardlist0_.user_id as user_id8_4_1_, boardlist0_.board_views as board_vi6_4_1_ from board boardlist0_ where boardlist0_.category_id=?
Hibernate: delete from category where category_id=?
Hibernate: select user0_.user_id as user_id1_21_0_, user0_.character_id as characte7_21_0_, user0_.user_created_at as user_cre2_21_0_, user0_.user_name as user_nam3_21_0_, user0_.user_phone_number as user_pho4_21_0_, user0_.user_user_id as user_use5_21_0_, user0_.user_user_password as user_use6_21_0_ from user user0_ where user0_.user_id=?
Hibernate: select character0_.character_id as characte1_6_0_, character0_.character_character_name as characte2_6_0_ from characters character0_ where character0_.character_id=?
Hibernate: select count(*) as col_0_0_ from user user0_ where user0_.user_id=?
Hibernate: select character1_.character_id as characte1_6_, character1_.character_character_name as characte2_6_ from user user0_ inner join characters character1_ on user0_.character_id=character1_.character_id where user0_.user_id=?
Hibernate: select permission0_.character_id as characte6_12_0_, permission0_.permission_id as permissi1_12_0_, permission0_.permission_id as permissi1_12_1_, permission0_.character_id as characte6_12_1_, permission0_.permission_name as permissi2_12_1_, permission0_.permission_permission_unit_id as permissi3_12_1_, permission0_.permission_service as permissi4_12_1_, permission0_.permission_status as permissi5_12_1_ from permission permission0_ where permission0_.character_id=?
Hibernate: select count(*) as col_0_0_ from category category0_ where category0_.category_id=?
Hibernate: select count(board0_.board_id) as col_0_0_ from board board0_ where board0_.category_id=?
Hibernate: select category0_.category_id as category1_5_0_, category0_.category_name as category2_5_0_ from category category0_ where category0_.category_id=?
Hibernate: select boardlist0_.category_id as category7_4_0_, boardlist0_.board_id as board_id1_4_0_, boardlist0_.board_id as board_id1_4_1_, boardlist0_.category_id as category7_4_1_, boardlist0_.board_content as board_co2_4_1_, boardlist0_.board_created_at as board_cr3_4_1_, boardlist0_.board_last_modified_at as board_la4_4_1_, boardlist0_.board_title as board_ti5_4_1_, boardlist0_.user_id as user_id8_4_1_, boardlist0_.board_views as board_vi6_4_1_ from board boardlist0_ where boardlist0_.category_id=?
Hibernate: delete from category where category_id=?
Hibernate: select user0_.user_id as user_id1_21_0_, user0_.character_id as characte7_21_0_, user0_.user_created_at as user_cre2_21_0_, user0_.user_name as user_nam3_21_0_, user0_.user_phone_number as user_pho4_21_0_, user0_.user_user_id as user_use5_21_0_, user0_.user_user_password as user_use6_21_0_ from user user0_ where user0_.user_id=?
Hibernate: select character0_.character_id as characte1_6_0_, character0_.character_character_name as characte2_6_0_ from characters character0_ where character0_.character_id=?
Hibernate: select count(*) as col_0_0_ from user user0_ where user0_.user_id=?
Hibernate: select character1_.character_id as characte1_6_, character1_.character_character_name as characte2_6_ from user user0_ inner join characters character1_ on user0_.character_id=character1_.character_id where user0_.user_id=?
Hibernate: select permission0_.character_id as characte6_12_0_, permission0_.permission_id as permissi1_12_0_, permission0_.permission_id as permissi1_12_1_, permission0_.character_id as characte6_12_1_, permission0_.permission_name as permissi2_12_1_, permission0_.permission_permission_unit_id as permissi3_12_1_, permission0_.permission_service as permissi4_12_1_, permission0_.permission_status as permissi5_12_1_ from permission permission0_ where permission0_.character_id=?
Hibernate: select category0_.category_id as col_0_0_ from category category0_ where category0_.category_name=? limit ?
Hibernate: select category0_.category_id as category1_5_1_, category0_.category_name as category2_5_1_, boardlist1_.category_id as category7_4_3_, boardlist1_.board_id as board_id1_4_3_, boardlist1_.board_id as board_id1_4_0_, boardlist1_.category_id as category7_4_0_, boardlist1_.board_content as board_co2_4_0_, boardlist1_.board_created_at as board_cr3_4_0_, boardlist1_.board_last_modified_at as board_la4_4_0_, boardlist1_.board_title as board_ti5_4_0_, boardlist1_.user_id as user_id8_4_0_, boardlist1_.board_views as board_vi6_4_0_ from category category0_ left outer join board boardlist1_ on category0_.category_id=boardlist1_.category_id where category0_.category_id=?
Hibernate: insert into category (category_id, category_name) values (default, ?)
Hibernate: select user0_.user_id as user_id1_21_0_, user0_.character_id as characte7_21_0_, user0_.user_created_at as user_cre2_21_0_, user0_.user_name as user_nam3_21_0_, user0_.user_phone_number as user_pho4_21_0_, user0_.user_user_id as user_use5_21_0_, user0_.user_user_password as user_use6_21_0_ from user user0_ where user0_.user_id=?
Hibernate: select character0_.character_id as characte1_6_0_, character0_.character_character_name as characte2_6_0_ from characters character0_ where character0_.character_id=?
Hibernate: select count(*) as col_0_0_ from user user0_ where user0_.user_id=?
Hibernate: select character1_.character_id as characte1_6_, character1_.character_character_name as characte2_6_ from user user0_ inner join characters character1_ on user0_.character_id=character1_.character_id where user0_.user_id=?
Hibernate: select permission0_.character_id as characte6_12_0_, permission0_.permission_id as permissi1_12_0_, permission0_.permission_id as permissi1_12_1_, permission0_.character_id as characte6_12_1_, permission0_.permission_name as permissi2_12_1_, permission0_.permission_permission_unit_id as permissi3_12_1_, permission0_.permission_service as permissi4_12_1_, permission0_.permission_status as permissi5_12_1_ from permission permission0_ where permission0_.character_id=?
Hibernate: select category0_.category_id as col_0_0_ from category category0_ where category0_.category_name=? limit ?
Hibernate: select category0_.category_id as category1_5_1_, category0_.category_name as category2_5_1_, boardlist1_.category_id as category7_4_3_, boardlist1_.board_id as board_id1_4_3_, boardlist1_.board_id as board_id1_4_0_, boardlist1_.category_id as category7_4_0_, boardlist1_.board_content as board_co2_4_0_, boardlist1_.board_created_at as board_cr3_4_0_, boardlist1_.board_last_modified_at as board_la4_4_0_, boardlist1_.board_title as board_ti5_4_0_, boardlist1_.user_id as user_id8_4_0_, boardlist1_.board_views as board_vi6_4_0_ from category category0_ left outer join board boardlist1_ on category0_.category_id=boardlist1_.category_id where category0_.category_id=?
Hibernate: insert into category (category_id, category_name) values (default, ?)
Hibernate: select user0_.user_id as col_0_0_ from user user0_ where user0_.user_user_id=? limit ?
Hibernate: select user0_.user_id as col_0_0_ from user user0_ where user0_.user_user_id=? limit ?
Hibernate: select U.* from USER U where U.USER_USER_ID =?
Hibernate: select character0_.character_id as characte1_6_0_, character0_.character_character_name as characte2_6_0_ from characters character0_ where character0_.character_id=?
Hibernate: select user0_.user_id as col_0_0_ from user user0_ where user0_.user_user_id=? limit ?
Hibernate: select user0_.user_id as col_0_0_ from user user0_ where user0_.user_user_id=? limit ?
Hibernate: select U.* from USER U where U.USER_USER_ID =?
Hibernate: select character0_.character_id as characte1_6_0_, character0_.character_character_name as characte2_6_0_ from characters character0_ where character0_.character_id=?
Hibernate: select user0_.user_id as col_0_0_ from user user0_ where user0_.user_user_id=? limit ?
Hibernate: select userjoinin0_.user_joining_pool_id as col_0_0_ from user_joining_pool userjoinin0_ where userjoinin0_.user_user_id=? limit ?
Hibernate: select character0_.character_id as col_0_0_ from characters character0_ where character0_.character_character_name=? limit ?
Hibernate: insert into user_joining_pool (user_joining_pool_id, user_created_at, user_name, user_phone_number, user_user_id, user_user_password) values (default, ?, ?, ?, ?, ?)
Hibernate: select user0_.user_id as user_id1_21_0_, user0_.character_id as characte7_21_0_, user0_.user_created_at as user_cre2_21_0_, user0_.user_name as user_nam3_21_0_, user0_.user_phone_number as user_pho4_21_0_, user0_.user_user_id as user_use5_21_0_, user0_.user_user_password as user_use6_21_0_ from user user0_ where user0_.user_id=?
Hibernate: select character0_.character_id as characte1_6_0_, character0_.character_character_name as characte2_6_0_ from characters character0_ where character0_.character_id=?
Hibernate: select count(*) as col_0_0_ from user user0_ where user0_.user_id=?
Hibernate: select character1_.character_id as characte1_6_, character1_.character_character_name as characte2_6_ from user user0_ inner join characters character1_ on user0_.character_id=character1_.character_id where user0_.user_id=?
Hibernate: select permission0_.character_id as characte6_12_0_, permission0_.permission_id as permissi1_12_0_, permission0_.permission_id as permissi1_12_1_, permission0_.character_id as characte6_12_1_, permission0_.permission_name as permissi2_12_1_, permission0_.permission_permission_unit_id as permissi3_12_1_, permission0_.permission_service as permissi4_12_1_, permission0_.permission_status as permissi5_12_1_ from permission permission0_ where permission0_.character_id=?
Hibernate: select userjoinin0_.user_joining_pool_id as col_0_0_ from user_joining_pool userjoinin0_ where userjoinin0_.user_user_id=? limit ?
Hibernate: select userjoinin0_.user_joining_pool_id as user_joi1_22_, userjoinin0_.user_created_at as user_cre2_22_, userjoinin0_.user_name as user_nam3_22_, userjoinin0_.user_phone_number as user_pho4_22_, userjoinin0_.user_user_id as user_use5_22_, userjoinin0_.user_user_password as user_use6_22_ from user_joining_pool userjoinin0_ where userjoinin0_.user_user_id=?
Hibernate: select character0_.character_id as characte1_6_, character0_.character_character_name as characte2_6_ from characters character0_ where character0_.character_character_name=?
Hibernate: insert into user (user_id, character_id, user_created_at, user_name, user_phone_number, user_user_id, user_user_password) values (default, ?, ?, ?, ?, ?, ?)
Hibernate: DELETE FROM USER_JOINING_POOL as JU where JU.USER_USER_ID =?
Hibernate: select user0_.user_id as col_0_0_ from user user0_ where user0_.user_user_id=? limit ?
Hibernate: select user0_.user_id as col_0_0_ from user user0_ where user0_.user_user_id=? limit ?
Hibernate: select U.* from USER U where U.USER_USER_ID =?
Hibernate: select character0_.character_id as characte1_6_0_, character0_.character_character_name as characte2_6_0_ from characters character0_ where character0_.character_id=?
Hibernate: select user0_.user_id as col_0_0_ from user user0_ where user0_.user_user_id=? limit ?
Hibernate: select user0_.user_id as col_0_0_ from user user0_ where user0_.user_user_id=? limit ?
Hibernate: select U.* from USER U where U.USER_USER_ID =?
Hibernate: select character0_.character_id as characte1_6_0_, character0_.character_character_name as characte2_6_0_ from characters character0_ where character0_.character_id=?
Hibernate: select user0_.user_id as user_id1_21_0_, user0_.character_id as characte7_21_0_, user0_.user_created_at as user_cre2_21_0_, user0_.user_name as user_nam3_21_0_, user0_.user_phone_number as user_pho4_21_0_, user0_.user_user_id as user_use5_21_0_, user0_.user_user_password as user_use6_21_0_ from user user0_ where user0_.user_id=?
Hibernate: select character0_.character_id as characte1_6_0_, character0_.character_character_name as characte2_6_0_ from characters character0_ where character0_.character_id=?
Hibernate: select count(*) as col_0_0_ from user user0_ where user0_.user_id=?
Hibernate: select character1_.character_id as characte1_6_, character1_.character_character_name as characte2_6_ from user user0_ inner join characters character1_ on user0_.character_id=character1_.character_id where user0_.user_id=?
Hibernate: select permission0_.character_id as characte6_12_0_, permission0_.permission_id as permissi1_12_0_, permission0_.permission_id as permissi1_12_1_, permission0_.character_id as characte6_12_1_, permission0_.permission_name as permissi2_12_1_, permission0_.permission_permission_unit_id as permissi3_12_1_, permission0_.permission_service as permissi4_12_1_, permission0_.permission_status as permissi5_12_1_ from permission permission0_ where permission0_.character_id=?
Hibernate: select category0_.category_id as col_0_0_ from category category0_ where category0_.category_name=? limit ?
Hibernate: select category0_.category_id as category1_5_1_, category0_.category_name as category2_5_1_, boardlist1_.category_id as category7_4_3_, boardlist1_.board_id as board_id1_4_3_, boardlist1_.board_id as board_id1_4_0_, boardlist1_.category_id as category7_4_0_, boardlist1_.board_content as board_co2_4_0_, boardlist1_.board_created_at as board_cr3_4_0_, boardlist1_.board_last_modified_at as board_la4_4_0_, boardlist1_.board_title as board_ti5_4_0_, boardlist1_.user_id as user_id8_4_0_, boardlist1_.board_views as board_vi6_4_0_ from category category0_ left outer join board boardlist1_ on category0_.category_id=boardlist1_.category_id where category0_.category_id=?
Hibernate: insert into category (category_id, category_name) values (default, ?)
Hibernate: select user0_.user_id as user_id1_21_0_, user0_.character_id as characte7_21_0_, user0_.user_created_at as user_cre2_21_0_, user0_.user_name as user_nam3_21_0_, user0_.user_phone_number as user_pho4_21_0_, user0_.user_user_id as user_use5_21_0_, user0_.user_user_password as user_use6_21_0_ from user user0_ where user0_.user_id=?
Hibernate: select character0_.character_id as characte1_6_0_, character0_.character_character_name as characte2_6_0_ from characters character0_ where character0_.character_id=?
Hibernate: select category0_.category_id as category1_5_, category0_.category_name as category2_5_ from category category0_
Hibernate: select boardlist0_.category_id as category7_4_0_, boardlist0_.board_id as board_id1_4_0_, boardlist0_.board_id as board_id1_4_1_, boardlist0_.category_id as category7_4_1_, boardlist0_.board_content as board_co2_4_1_, boardlist0_.board_created_at as board_cr3_4_1_, boardlist0_.board_last_modified_at as board_la4_4_1_, boardlist0_.board_title as board_ti5_4_1_, boardlist0_.user_id as user_id8_4_1_, boardlist0_.board_views as board_vi6_4_1_ from board boardlist0_ where boardlist0_.category_id=?
Hibernate: select boardlist0_.category_id as category7_4_0_, boardlist0_.board_id as board_id1_4_0_, boardlist0_.board_id as board_id1_4_1_, boardlist0_.category_id as category7_4_1_, boardlist0_.board_content as board_co2_4_1_, boardlist0_.board_created_at as board_cr3_4_1_, boardlist0_.board_last_modified_at as board_la4_4_1_, boardlist0_.board_title as board_ti5_4_1_, boardlist0_.user_id as user_id8_4_1_, boardlist0_.board_views as board_vi6_4_1_ from board boardlist0_ where boardlist0_.category_id=?
Hibernate: select boardlist0_.category_id as category7_4_0_, boardlist0_.board_id as board_id1_4_0_, boardlist0_.board_id as board_id1_4_1_, boardlist0_.category_id as category7_4_1_, boardlist0_.board_content as board_co2_4_1_, boardlist0_.board_created_at as board_cr3_4_1_, boardlist0_.board_last_modified_at as board_la4_4_1_, boardlist0_.board_title as board_ti5_4_1_, boardlist0_.user_id as user_id8_4_1_, boardlist0_.board_views as board_vi6_4_1_ from board boardlist0_ where boardlist0_.category_id=?
Hibernate: select user0_.user_id as user_id1_21_0_, user0_.character_id as characte7_21_0_, user0_.user_created_at as user_cre2_21_0_, user0_.user_name as user_nam3_21_0_, user0_.user_phone_number as user_pho4_21_0_, user0_.user_user_id as user_use5_21_0_, user0_.user_user_password as user_use6_21_0_ from user user0_ where user0_.user_id=?
Hibernate: select character0_.character_id as characte1_6_0_, character0_.character_character_name as characte2_6_0_ from characters character0_ where character0_.character_id=?
Hibernate: select count(*) as col_0_0_ from user user0_ where user0_.user_id=?
Hibernate: select character1_.character_id as characte1_6_, character1_.character_character_name as characte2_6_ from user user0_ inner join characters character1_ on user0_.character_id=character1_.character_id where user0_.user_id=?
Hibernate: select permission0_.character_id as characte6_12_0_, permission0_.permission_id as permissi1_12_0_, permission0_.permission_id as permissi1_12_1_, permission0_.character_id as characte6_12_1_, permission0_.permission_name as permissi2_12_1_, permission0_.permission_permission_unit_id as permissi3_12_1_, permission0_.permission_service as permissi4_12_1_, permission0_.permission_status as permissi5_12_1_ from permission permission0_ where permission0_.character_id=?
Hibernate: select count(*) as col_0_0_ from category category0_ where category0_.category_id=?
Hibernate: insert into filename (filename_id, filename_origin, filename_uuid) values (default, ?, ?)
Hibernate: insert into filename (filename_id, filename_origin, filename_uuid) values (default, ?, ?)
Hibernate: select category0_.category_id as category1_5_0_, category0_.category_name as category2_5_0_ from category category0_ where category0_.category_id=?
Hibernate: insert into board (board_id, category_id, board_content, board_created_at, board_last_modified_at, board_title, user_id, board_views) values (default, ?, ?, ?, ?, ?, ?, ?)
Hibernate: insert into reaction (reaction_id, board_id, reaction_type) values (default, ?, ?)
Hibernate: insert into reaction (reaction_id, board_id, reaction_type) values (default, ?, ?)
Hibernate: insert into reaction (reaction_id, board_id, reaction_type) values (default, ?, ?)
Hibernate: insert into reaction (reaction_id, board_id, reaction_type) values (default, ?, ?)
Hibernate: insert into reaction (reaction_id, board_id, reaction_type) values (default, ?, ?)
Hibernate: insert into reaction (reaction_id, board_id, reaction_type) values (default, ?, ?)
Hibernate: insert into file_path_list (board_board_id, board_file_path_list) values (?, ?)
Hibernate: insert into image_path_list (board_board_id, board_image_path_list) values (?, ?)
Hibernate: select user0_.user_id as col_0_0_ from user user0_ where user0_.user_user_id=? limit ?
Hibernate: select user0_.user_id as col_0_0_ from user user0_ where user0_.user_user_id=? limit ?
Hibernate: select U.* from USER U where U.USER_USER_ID =?
Hibernate: select character0_.character_id as characte1_6_0_, character0_.character_character_name as characte2_6_0_ from characters character0_ where character0_.character_id=?
Hibernate: select user0_.user_id as user_id1_21_0_, user0_.character_id as characte7_21_0_, user0_.user_created_at as user_cre2_21_0_, user0_.user_name as user_nam3_21_0_, user0_.user_phone_number as user_pho4_21_0_, user0_.user_user_id as user_use5_21_0_, user0_.user_user_password as user_use6_21_0_ from user user0_ where user0_.user_id=?
Hibernate: select character0_.character_id as characte1_6_0_, character0_.character_character_name as characte2_6_0_ from characters character0_ where character0_.character_id=?
Hibernate: select count(*) as col_0_0_ from board board0_
Hibernate: select board0_.board_id as board_id1_4_, board0_.category_id as category7_4_, board0_.board_content as board_co2_4_, board0_.board_created_at as board_cr3_4_, board0_.board_last_modified_at as board_la4_4_, board0_.board_title as board_ti5_4_, board0_.user_id as user_id8_4_, board0_.board_views as board_vi6_4_ from board board0_ limit ?
Hibernate: select category0_.category_id as category1_5_0_, category0_.category_name as category2_5_0_ from category category0_ where category0_.category_id=?
Hibernate: select reactionli0_.board_id as board_id3_13_0_, reactionli0_.reaction_id as reaction1_13_0_, reactionli0_.reaction_id as reaction1_13_1_, reactionli0_.board_id as board_id3_13_1_, reactionli0_.reaction_type as reaction2_13_1_ from reaction reactionli0_ where reactionli0_.board_id=?
Hibernate: select reactionus0_.reaction_id as reaction2_14_0_, reactionus0_.reaction_user_id as reaction1_14_0_, reactionus0_.reaction_user_id as reaction1_14_1_, reactionus0_.reaction_id as reaction2_14_1_, reactionus0_.user_id as user_id3_14_1_ from reaction_user reactionus0_ where reactionus0_.reaction_id=?
Hibernate: select reactionus0_.reaction_id as reaction2_14_0_, reactionus0_.reaction_user_id as reaction1_14_0_, reactionus0_.reaction_user_id as reaction1_14_1_, reactionus0_.reaction_id as reaction2_14_1_, reactionus0_.user_id as user_id3_14_1_ from reaction_user reactionus0_ where reactionus0_.reaction_id=?
Hibernate: select reactionus0_.reaction_id as reaction2_14_0_, reactionus0_.reaction_user_id as reaction1_14_0_, reactionus0_.reaction_user_id as reaction1_14_1_, reactionus0_.reaction_id as reaction2_14_1_, reactionus0_.user_id as user_id3_14_1_ from reaction_user reactionus0_ where reactionus0_.reaction_id=?
Hibernate: select reactionus0_.reaction_id as reaction2_14_0_, reactionus0_.reaction_user_id as reaction1_14_0_, reactionus0_.reaction_user_id as reaction1_14_1_, reactionus0_.reaction_id as reaction2_14_1_, reactionus0_.user_id as user_id3_14_1_ from reaction_user reactionus0_ where reactionus0_.reaction_id=?
Hibernate: select reactionus0_.reaction_id as reaction2_14_0_, reactionus0_.reaction_user_id as reaction1_14_0_, reactionus0_.reaction_user_id as reaction1_14_1_, reactionus0_.reaction_id as reaction2_14_1_, reactionus0_.user_id as user_id3_14_1_ from reaction_user reactionus0_ where reactionus0_.reaction_id=?
Hibernate: select reactionus0_.reaction_id as reaction2_14_0_, reactionus0_.reaction_user_id as reaction1_14_0_, reactionus0_.reaction_user_id as reaction1_14_1_, reactionus0_.reaction_id as reaction2_14_1_, reactionus0_.user_id as user_id3_14_1_ from reaction_user reactionus0_ where reactionus0_.reaction_id=?
Hibernate: select commentlis0_.board_id as board_id5_7_0_, commentlis0_.comment_id as comment_1_7_0_, commentlis0_.comment_id as comment_1_7_1_, commentlis0_.board_id as board_id5_7_1_, commentlis0_.comment_content as comment_2_7_1_, commentlis0_.comment_created_at as comment_3_7_1_, commentlis0_.comment_last_modified_at as comment_4_7_1_, commentlis0_.user_id as user_id6_7_1_ from comment commentlis0_ where commentlis0_.board_id=?
Hibernate: select boardlist0_.category_id as category7_4_0_, boardlist0_.board_id as board_id1_4_0_, boardlist0_.board_id as board_id1_4_1_, boardlist0_.category_id as category7_4_1_, boardlist0_.board_content as board_co2_4_1_, boardlist0_.board_created_at as board_cr3_4_1_, boardlist0_.board_last_modified_at as board_la4_4_1_, boardlist0_.board_title as board_ti5_4_1_, boardlist0_.user_id as user_id8_4_1_, boardlist0_.board_views as board_vi6_4_1_ from board boardlist0_ where boardlist0_.category_id=?
Hibernate: select count(comment0_.comment_id) as col_0_0_ from comment comment0_ where comment0_.board_id=?
Hibernate: select count(*) as col_0_0_ from board board0_
Hibernate: select imagepathl0_.board_board_id as board_bo1_11_0_, imagepathl0_.board_image_path_list as board_im2_11_0_ from image_path_list imagepathl0_ where imagepathl0_.board_board_id=?
Hibernate: select filename0_.filename_id as filename1_9_, filename0_.filename_origin as filename2_9_, filename0_.filename_uuid as filename3_9_ from filename filename0_ where filename0_.filename_uuid=?
Hibernate: select filepathli0_.board_board_id as board_bo1_8_0_, filepathli0_.board_file_path_list as board_fi2_8_0_ from file_path_list filepathli0_ where filepathli0_.board_board_id=?
Hibernate: select filename0_.filename_id as filename1_9_, filename0_.filename_origin as filename2_9_, filename0_.filename_uuid as filename3_9_ from filename filename0_ where filename0_.filename_uuid=?
Hibernate: select user0_.user_id as user_id1_21_0_, user0_.character_id as characte7_21_0_, user0_.user_created_at as user_cre2_21_0_, user0_.user_name as user_nam3_21_0_, user0_.user_phone_number as user_pho4_21_0_, user0_.user_user_id as user_use5_21_0_, user0_.user_user_password as user_use6_21_0_ from user user0_ where user0_.user_id=?
Hibernate: select character0_.character_id as characte1_6_0_, character0_.character_character_name as characte2_6_0_ from characters character0_ where character0_.character_id=?
Hibernate: select count(*) as col_0_0_ from user user0_ where user0_.user_id=?
Hibernate: select character1_.character_id as characte1_6_, character1_.character_character_name as characte2_6_ from user user0_ inner join characters character1_ on user0_.character_id=character1_.character_id where user0_.user_id=?
Hibernate: select permission0_.character_id as characte6_12_0_, permission0_.permission_id as permissi1_12_0_, permission0_.permission_id as permissi1_12_1_, permission0_.character_id as characte6_12_1_, permission0_.permission_name as permissi2_12_1_, permission0_.permission_permission_unit_id as permissi3_12_1_, permission0_.permission_service as permissi4_12_1_, permission0_.permission_status as permissi5_12_1_ from permission permission0_ where permission0_.character_id=?
Hibernate: select user0_.user_id as col_0_0_ from user user0_ where user0_.user_user_id=? limit ?
Hibernate: select user0_.user_id as col_0_0_ from user user0_ where user0_.user_user_id=? limit ?
Hibernate: select U.* from USER U where U.USER_USER_ID =?
Hibernate: select character0_.character_id as characte1_6_0_, character0_.character_character_name as characte2_6_0_ from characters character0_ where character0_.character_id=?
Hibernate: select user0_.user_id as user_id1_21_0_, user0_.character_id as characte7_21_0_, user0_.user_created_at as user_cre2_21_0_, user0_.user_name as user_nam3_21_0_, user0_.user_phone_number as user_pho4_21_0_, user0_.user_user_id as user_use5_21_0_, user0_.user_user_password as user_use6_21_0_ from user user0_ where user0_.user_id=?
Hibernate: select character0_.character_id as characte1_6_0_, character0_.character_character_name as characte2_6_0_ from characters character0_ where character0_.character_id=?
Hibernate: select count(*) as col_0_0_ from board board0_
Hibernate: select board0_.board_id as board_id1_4_, board0_.category_id as category7_4_, board0_.board_content as board_co2_4_, board0_.board_created_at as board_cr3_4_, board0_.board_last_modified_at as board_la4_4_, board0_.board_title as board_ti5_4_, board0_.user_id as user_id8_4_, board0_.board_views as board_vi6_4_ from board board0_ limit ?
Hibernate: select category0_.category_id as category1_5_0_, category0_.category_name as category2_5_0_ from category category0_ where category0_.category_id=?
Hibernate: select reactionli0_.board_id as board_id3_13_0_, reactionli0_.reaction_id as reaction1_13_0_, reactionli0_.reaction_id as reaction1_13_1_, reactionli0_.board_id as board_id3_13_1_, reactionli0_.reaction_type as reaction2_13_1_ from reaction reactionli0_ where reactionli0_.board_id=?
Hibernate: select reactionus0_.reaction_id as reaction2_14_0_, reactionus0_.reaction_user_id as reaction1_14_0_, reactionus0_.reaction_user_id as reaction1_14_1_, reactionus0_.reaction_id as reaction2_14_1_, reactionus0_.user_id as user_id3_14_1_ from reaction_user reactionus0_ where reactionus0_.reaction_id=?
Hibernate: select reactionus0_.reaction_id as reaction2_14_0_, reactionus0_.reaction_user_id as reaction1_14_0_, reactionus0_.reaction_user_id as reaction1_14_1_, reactionus0_.reaction_id as reaction2_14_1_, reactionus0_.user_id as user_id3_14_1_ from reaction_user reactionus0_ where reactionus0_.reaction_id=?
Hibernate: select reactionus0_.reaction_id as reaction2_14_0_, reactionus0_.reaction_user_id as reaction1_14_0_, reactionus0_.reaction_user_id as reaction1_14_1_, reactionus0_.reaction_id as reaction2_14_1_, reactionus0_.user_id as user_id3_14_1_ from reaction_user reactionus0_ where reactionus0_.reaction_id=?
Hibernate: select reactionus0_.reaction_id as reaction2_14_0_, reactionus0_.reaction_user_id as reaction1_14_0_, reactionus0_.reaction_user_id as reaction1_14_1_, reactionus0_.reaction_id as reaction2_14_1_, reactionus0_.user_id as user_id3_14_1_ from reaction_user reactionus0_ where reactionus0_.reaction_id=?
Hibernate: select reactionus0_.reaction_id as reaction2_14_0_, reactionus0_.reaction_user_id as reaction1_14_0_, reactionus0_.reaction_user_id as reaction1_14_1_, reactionus0_.reaction_id as reaction2_14_1_, reactionus0_.user_id as user_id3_14_1_ from reaction_user reactionus0_ where reactionus0_.reaction_id=?
Hibernate: select reactionus0_.reaction_id as reaction2_14_0_, reactionus0_.reaction_user_id as reaction1_14_0_, reactionus0_.reaction_user_id as reaction1_14_1_, reactionus0_.reaction_id as reaction2_14_1_, reactionus0_.user_id as user_id3_14_1_ from reaction_user reactionus0_ where reactionus0_.reaction_id=?
Hibernate: select commentlis0_.board_id as board_id5_7_0_, commentlis0_.comment_id as comment_1_7_0_, commentlis0_.comment_id as comment_1_7_1_, commentlis0_.board_id as board_id5_7_1_, commentlis0_.comment_content as comment_2_7_1_, commentlis0_.comment_created_at as comment_3_7_1_, commentlis0_.comment_last_modified_at as comment_4_7_1_, commentlis0_.user_id as user_id6_7_1_ from comment commentlis0_ where commentlis0_.board_id=?
Hibernate: select boardlist0_.category_id as category7_4_0_, boardlist0_.board_id as board_id1_4_0_, boardlist0_.board_id as board_id1_4_1_, boardlist0_.category_id as category7_4_1_, boardlist0_.board_content as board_co2_4_1_, boardlist0_.board_created_at as board_cr3_4_1_, boardlist0_.board_last_modified_at as board_la4_4_1_, boardlist0_.board_title as board_ti5_4_1_, boardlist0_.user_id as user_id8_4_1_, boardlist0_.board_views as board_vi6_4_1_ from board boardlist0_ where boardlist0_.category_id=?
Hibernate: select count(comment0_.comment_id) as col_0_0_ from comment comment0_ where comment0_.board_id=?
Hibernate: select count(*) as col_0_0_ from board board0_
Hibernate: select imagepathl0_.board_board_id as board_bo1_11_0_, imagepathl0_.board_image_path_list as board_im2_11_0_ from image_path_list imagepathl0_ where imagepathl0_.board_board_id=?
Hibernate: select filename0_.filename_id as filename1_9_, filename0_.filename_origin as filename2_9_, filename0_.filename_uuid as filename3_9_ from filename filename0_ where filename0_.filename_uuid=?
Hibernate: select filepathli0_.board_board_id as board_bo1_8_0_, filepathli0_.board_file_path_list as board_fi2_8_0_ from file_path_list filepathli0_ where filepathli0_.board_board_id=?
Hibernate: select filename0_.filename_id as filename1_9_, filename0_.filename_origin as filename2_9_, filename0_.filename_uuid as filename3_9_ from filename filename0_ where filename0_.filename_uuid=?
Hibernate: select U.* from USER U join BOARD B where U.USER_ID = B.USER_ID and B.BOARD_ID = ?
Hibernate: select character0_.character_id as characte1_6_0_, character0_.character_character_name as characte2_6_0_ from characters character0_ where character0_.character_id=?
Hibernate: select count(*) as col_0_0_ from user user0_ where user0_.user_id=?
Hibernate: select character1_.character_id as characte1_6_, character1_.character_character_name as characte2_6_ from user user0_ inner join characters character1_ on user0_.character_id=character1_.character_id where user0_.user_id=?
Hibernate: select permission0_.character_id as characte6_12_0_, permission0_.permission_id as permissi1_12_0_, permission0_.permission_id as permissi1_12_1_, permission0_.character_id as characte6_12_1_, permission0_.permission_name as permissi2_12_1_, permission0_.permission_permission_unit_id as permissi3_12_1_, permission0_.permission_service as permissi4_12_1_, permission0_.permission_status as permissi5_12_1_ from permission permission0_ where permission0_.character_id=?
Hibernate: select count(*) as col_0_0_ from board board0_ where board0_.board_id=?
Hibernate: select board0_.board_id as board_id1_4_0_, board0_.category_id as category7_4_0_, board0_.board_content as board_co2_4_0_, board0_.board_created_at as board_cr3_4_0_, board0_.board_last_modified_at as board_la4_4_0_, board0_.board_title as board_ti5_4_0_, board0_.user_id as user_id8_4_0_, board0_.board_views as board_vi6_4_0_ from board board0_ where board0_.board_id=?
Hibernate: select category0_.category_id as category1_5_0_, category0_.category_name as category2_5_0_ from category category0_ where category0_.category_id=?
Hibernate: select reactionli0_.board_id as board_id3_13_0_, reactionli0_.reaction_id as reaction1_13_0_, reactionli0_.reaction_id as reaction1_13_1_, reactionli0_.board_id as board_id3_13_1_, reactionli0_.reaction_type as reaction2_13_1_ from reaction reactionli0_ where reactionli0_.board_id=?
Hibernate: select reactionus0_.reaction_id as reaction2_14_0_, reactionus0_.reaction_user_id as reaction1_14_0_, reactionus0_.reaction_user_id as reaction1_14_1_, reactionus0_.reaction_id as reaction2_14_1_, reactionus0_.user_id as user_id3_14_1_ from reaction_user reactionus0_ where reactionus0_.reaction_id=?
Hibernate: select reactionus0_.reaction_id as reaction2_14_0_, reactionus0_.reaction_user_id as reaction1_14_0_, reactionus0_.reaction_user_id as reaction1_14_1_, reactionus0_.reaction_id as reaction2_14_1_, reactionus0_.user_id as user_id3_14_1_ from reaction_user reactionus0_ where reactionus0_.reaction_id=?
Hibernate: select reactionus0_.reaction_id as reaction2_14_0_, reactionus0_.reaction_user_id as reaction1_14_0_, reactionus0_.reaction_user_id as reaction1_14_1_, reactionus0_.reaction_id as reaction2_14_1_, reactionus0_.user_id as user_id3_14_1_ from reaction_user reactionus0_ where reactionus0_.reaction_id=?
Hibernate: select reactionus0_.reaction_id as reaction2_14_0_, reactionus0_.reaction_user_id as reaction1_14_0_, reactionus0_.reaction_user_id as reaction1_14_1_, reactionus0_.reaction_id as reaction2_14_1_, reactionus0_.user_id as user_id3_14_1_ from reaction_user reactionus0_ where reactionus0_.reaction_id=?
Hibernate: select reactionus0_.reaction_id as reaction2_14_0_, reactionus0_.reaction_user_id as reaction1_14_0_, reactionus0_.reaction_user_id as reaction1_14_1_, reactionus0_.reaction_id as reaction2_14_1_, reactionus0_.user_id as user_id3_14_1_ from reaction_user reactionus0_ where reactionus0_.reaction_id=?
Hibernate: select reactionus0_.reaction_id as reaction2_14_0_, reactionus0_.reaction_user_id as reaction1_14_0_, reactionus0_.reaction_user_id as reaction1_14_1_, reactionus0_.reaction_id as reaction2_14_1_, reactionus0_.user_id as user_id3_14_1_ from reaction_user reactionus0_ where reactionus0_.reaction_id=?
Hibernate: select commentlis0_.board_id as board_id5_7_0_, commentlis0_.comment_id as comment_1_7_0_, commentlis0_.comment_id as comment_1_7_1_, commentlis0_.board_id as board_id5_7_1_, commentlis0_.comment_content as comment_2_7_1_, commentlis0_.comment_created_at as comment_3_7_1_, commentlis0_.comment_last_modified_at as comment_4_7_1_, commentlis0_.user_id as user_id6_7_1_ from comment commentlis0_ where commentlis0_.board_id=?
Hibernate: select boardlist0_.category_id as category7_4_0_, boardlist0_.board_id as board_id1_4_0_, boardlist0_.board_id as board_id1_4_1_, boardlist0_.category_id as category7_4_1_, boardlist0_.board_content as board_co2_4_1_, boardlist0_.board_created_at as board_cr3_4_1_, boardlist0_.board_last_modified_at as board_la4_4_1_, boardlist0_.board_title as board_ti5_4_1_, boardlist0_.user_id as user_id8_4_1_, boardlist0_.board_views as board_vi6_4_1_ from board boardlist0_ where boardlist0_.category_id=?
Hibernate: select count(comment0_.comment_id) as col_0_0_ from comment comment0_ where comment0_.board_id=?
Hibernate: update board set category_id=?, board_content=?, board_created_at=?, board_last_modified_at=?, board_title=?, user_id=?, board_views=? where board_id=?
Hibernate: select filepathli0_.board_board_id as board_bo1_8_0_, filepathli0_.board_file_path_list as board_fi2_8_0_ from file_path_list filepathli0_ where filepathli0_.board_board_id=?
Hibernate: select filename0_.filename_id as filename1_9_, filename0_.filename_origin as filename2_9_, filename0_.filename_uuid as filename3_9_ from filename filename0_ where filename0_.filename_uuid=?
Hibernate: delete from filename where filename_id=?
Hibernate: select imagepathl0_.board_board_id as board_bo1_11_0_, imagepathl0_.board_image_path_list as board_im2_11_0_ from image_path_list imagepathl0_ where imagepathl0_.board_board_id=?
Hibernate: select filename0_.filename_id as filename1_9_, filename0_.filename_origin as filename2_9_, filename0_.filename_uuid as filename3_9_ from filename filename0_ where filename0_.filename_uuid=?
Hibernate: delete from filename where filename_id=?
Hibernate: select count(*) as col_0_0_ from board board0_ where board0_.board_id=?
Hibernate: delete from file_path_list where board_board_id=?
Hibernate: delete from image_path_list where board_board_id=?
Hibernate: delete from reaction where reaction_id=?
Hibernate: delete from reaction where reaction_id=?
Hibernate: delete from reaction where reaction_id=?
Hibernate: delete from reaction where reaction_id=?
Hibernate: delete from reaction where reaction_id=?
Hibernate: delete from reaction where reaction_id=?
Hibernate: delete from board where board_id=?
Hibernate: select user0_.user_id as user_id1_21_0_, user0_.character_id as characte7_21_0_, user0_.user_created_at as user_cre2_21_0_, user0_.user_name as user_nam3_21_0_, user0_.user_phone_number as user_pho4_21_0_, user0_.user_user_id as user_use5_21_0_, user0_.user_user_password as user_use6_21_0_ from user user0_ where user0_.user_id=?
Hibernate: select character0_.character_id as characte1_6_0_, character0_.character_character_name as characte2_6_0_ from characters character0_ where character0_.character_id=?
Hibernate: select count(*) as col_0_0_ from user user0_ where user0_.user_id=?
Hibernate: select character1_.character_id as characte1_6_, character1_.character_character_name as characte2_6_ from user user0_ inner join characters character1_ on user0_.character_id=character1_.character_id where user0_.user_id=?
Hibernate: select permission0_.character_id as characte6_12_0_, permission0_.permission_id as permissi1_12_0_, permission0_.permission_id as permissi1_12_1_, permission0_.character_id as characte6_12_1_, permission0_.permission_name as permissi2_12_1_, permission0_.permission_permission_unit_id as permissi3_12_1_, permission0_.permission_service as permissi4_12_1_, permission0_.permission_status as permissi5_12_1_ from permission permission0_ where permission0_.character_id=?
Hibernate: select count(*) as col_0_0_ from board board0_ where board0_.board_id=?
Hibernate: select user0_.user_id as col_0_0_ from user user0_ where user0_.user_user_id=? limit ?
Hibernate: select user0_.user_id as col_0_0_ from user user0_ where user0_.user_user_id=? limit ?
Hibernate: select U.* from USER U where U.USER_USER_ID =?
Hibernate: select character0_.character_id as characte1_6_0_, character0_.character_character_name as characte2_6_0_ from characters character0_ where character0_.character_id=?
Hibernate: select user0_.user_id as user_id1_21_0_, user0_.character_id as characte7_21_0_, user0_.user_created_at as user_cre2_21_0_, user0_.user_name as user_nam3_21_0_, user0_.user_phone_number as user_pho4_21_0_, user0_.user_user_id as user_use5_21_0_, user0_.user_user_password as user_use6_21_0_ from user user0_ where user0_.user_id=?
Hibernate: select character0_.character_id as characte1_6_0_, character0_.character_character_name as characte2_6_0_ from characters character0_ where character0_.character_id=?
Hibernate: select category0_.category_id as category1_5_, category0_.category_name as category2_5_ from category category0_
Hibernate: select boardlist0_.category_id as category7_4_0_, boardlist0_.board_id as board_id1_4_0_, boardlist0_.board_id as board_id1_4_1_, boardlist0_.category_id as category7_4_1_, boardlist0_.board_content as board_co2_4_1_, boardlist0_.board_created_at as board_cr3_4_1_, boardlist0_.board_last_modified_at as board_la4_4_1_, boardlist0_.board_title as board_ti5_4_1_, boardlist0_.user_id as user_id8_4_1_, boardlist0_.board_views as board_vi6_4_1_ from board boardlist0_ where boardlist0_.category_id=?
Hibernate: select boardlist0_.category_id as category7_4_0_, boardlist0_.board_id as board_id1_4_0_, boardlist0_.board_id as board_id1_4_1_, boardlist0_.category_id as category7_4_1_, boardlist0_.board_content as board_co2_4_1_, boardlist0_.board_created_at as board_cr3_4_1_, boardlist0_.board_last_modified_at as board_la4_4_1_, boardlist0_.board_title as board_ti5_4_1_, boardlist0_.user_id as user_id8_4_1_, boardlist0_.board_views as board_vi6_4_1_ from board boardlist0_ where boardlist0_.category_id=?
Hibernate: select boardlist0_.category_id as category7_4_0_, boardlist0_.board_id as board_id1_4_0_, boardlist0_.board_id as board_id1_4_1_, boardlist0_.category_id as category7_4_1_, boardlist0_.board_content as board_co2_4_1_, boardlist0_.board_created_at as board_cr3_4_1_, boardlist0_.board_last_modified_at as board_la4_4_1_, boardlist0_.board_title as board_ti5_4_1_, boardlist0_.user_id as user_id8_4_1_, boardlist0_.board_views as board_vi6_4_1_ from board boardlist0_ where boardlist0_.category_id=?
Hibernate: select user0_.user_id as user_id1_21_0_, user0_.character_id as characte7_21_0_, user0_.user_created_at as user_cre2_21_0_, user0_.user_name as user_nam3_21_0_, user0_.user_phone_number as user_pho4_21_0_, user0_.user_user_id as user_use5_21_0_, user0_.user_user_password as user_use6_21_0_ from user user0_ where user0_.user_id=?
Hibernate: select character0_.character_id as characte1_6_0_, character0_.character_character_name as characte2_6_0_ from characters character0_ where character0_.character_id=?
Hibernate: select count(*) as col_0_0_ from user user0_ where user0_.user_id=?
Hibernate: select character1_.character_id as characte1_6_, character1_.character_character_name as characte2_6_ from user user0_ inner join characters character1_ on user0_.character_id=character1_.character_id where user0_.user_id=?
Hibernate: select permission0_.character_id as characte6_12_0_, permission0_.permission_id as permissi1_12_0_, permission0_.permission_id as permissi1_12_1_, permission0_.character_id as characte6_12_1_, permission0_.permission_name as permissi2_12_1_, permission0_.permission_permission_unit_id as permissi3_12_1_, permission0_.permission_service as permissi4_12_1_, permission0_.permission_status as permissi5_12_1_ from permission permission0_ where permission0_.character_id=?
Hibernate: select count(*) as col_0_0_ from category category0_ where category0_.category_id=?
Hibernate: select count(board0_.board_id) as col_0_0_ from board board0_ where board0_.category_id=?
Hibernate: select category0_.category_id as category1_5_0_, category0_.category_name as category2_5_0_ from category category0_ where category0_.category_id=?
Hibernate: select boardlist0_.category_id as category7_4_0_, boardlist0_.board_id as board_id1_4_0_, boardlist0_.board_id as board_id1_4_1_, boardlist0_.category_id as category7_4_1_, boardlist0_.board_content as board_co2_4_1_, boardlist0_.board_created_at as board_cr3_4_1_, boardlist0_.board_last_modified_at as board_la4_4_1_, boardlist0_.board_title as board_ti5_4_1_, boardlist0_.user_id as user_id8_4_1_, boardlist0_.board_views as board_vi6_4_1_ from board boardlist0_ where boardlist0_.category_id=?
Hibernate: delete from category where category_id=?
Hibernate: select user0_.user_id as user_id1_21_0_, user0_.character_id as characte7_21_0_, user0_.user_created_at as user_cre2_21_0_, user0_.user_name as user_nam3_21_0_, user0_.user_phone_number as user_pho4_21_0_, user0_.user_user_id as user_use5_21_0_, user0_.user_user_password as user_use6_21_0_ from user user0_ where user0_.user_id=?
Hibernate: select character0_.character_id as characte1_6_0_, character0_.character_character_name as characte2_6_0_ from characters character0_ where character0_.character_id=?
Hibernate: select count(*) as col_0_0_ from user user0_ where user0_.user_id=?
Hibernate: select character1_.character_id as characte1_6_, character1_.character_character_name as characte2_6_ from user user0_ inner join characters character1_ on user0_.character_id=character1_.character_id where user0_.user_id=?
Hibernate: select permission0_.character_id as characte6_12_0_, permission0_.permission_id as permissi1_12_0_, permission0_.permission_id as permissi1_12_1_, permission0_.character_id as characte6_12_1_, permission0_.permission_name as permissi2_12_1_, permission0_.permission_permission_unit_id as permissi3_12_1_, permission0_.permission_service as permissi4_12_1_, permission0_.permission_status as permissi5_12_1_ from permission permission0_ where permission0_.character_id=?
Hibernate: select count(*) as col_0_0_ from category category0_ where category0_.category_id=?
Hibernate: select count(board0_.board_id) as col_0_0_ from board board0_ where board0_.category_id=?
Hibernate: select category0_.category_id as category1_5_0_, category0_.category_name as category2_5_0_ from category category0_ where category0_.category_id=?
Hibernate: select boardlist0_.category_id as category7_4_0_, boardlist0_.board_id as board_id1_4_0_, boardlist0_.board_id as board_id1_4_1_, boardlist0_.category_id as category7_4_1_, boardlist0_.board_content as board_co2_4_1_, boardlist0_.board_created_at as board_cr3_4_1_, boardlist0_.board_last_modified_at as board_la4_4_1_, boardlist0_.board_title as board_ti5_4_1_, boardlist0_.user_id as user_id8_4_1_, boardlist0_.board_views as board_vi6_4_1_ from board boardlist0_ where boardlist0_.category_id=?
Hibernate: delete from category where category_id=?
Hibernate: select user0_.user_id as user_id1_21_0_, user0_.character_id as characte7_21_0_, user0_.user_created_at as user_cre2_21_0_, user0_.user_name as user_nam3_21_0_, user0_.user_phone_number as user_pho4_21_0_, user0_.user_user_id as user_use5_21_0_, user0_.user_user_password as user_use6_21_0_ from user user0_ where user0_.user_id=?
Hibernate: select character0_.character_id as characte1_6_0_, character0_.character_character_name as characte2_6_0_ from characters character0_ where character0_.character_id=?
Hibernate: select count(*) as col_0_0_ from user user0_ where user0_.user_id=?
Hibernate: select character1_.character_id as characte1_6_, character1_.character_character_name as characte2_6_ from user user0_ inner join characters character1_ on user0_.character_id=character1_.character_id where user0_.user_id=?
Hibernate: select permission0_.character_id as characte6_12_0_, permission0_.permission_id as permissi1_12_0_, permission0_.permission_id as permissi1_12_1_, permission0_.character_id as characte6_12_1_, permission0_.permission_name as permissi2_12_1_, permission0_.permission_permission_unit_id as permissi3_12_1_, permission0_.permission_service as permissi4_12_1_, permission0_.permission_status as permissi5_12_1_ from permission permission0_ where permission0_.character_id=?
Hibernate: select count(*) as col_0_0_ from category category0_ where category0_.category_id=?
Hibernate: select count(board0_.board_id) as col_0_0_ from board board0_ where board0_.category_id=?
Hibernate: select category0_.category_id as category1_5_0_, category0_.category_name as category2_5_0_ from category category0_ where category0_.category_id=?
Hibernate: select boardlist0_.category_id as category7_4_0_, boardlist0_.board_id as board_id1_4_0_, boardlist0_.board_id as board_id1_4_1_, boardlist0_.category_id as category7_4_1_, boardlist0_.board_content as board_co2_4_1_, boardlist0_.board_created_at as board_cr3_4_1_, boardlist0_.board_last_modified_at as board_la4_4_1_, boardlist0_.board_title as board_ti5_4_1_, boardlist0_.user_id as user_id8_4_1_, boardlist0_.board_views as board_vi6_4_1_ from board boardlist0_ where boardlist0_.category_id=?
Hibernate: delete from category where category_id=?
Hibernate: select user0_.user_id as user_id1_21_0_, user0_.character_id as characte7_21_0_, user0_.user_created_at as user_cre2_21_0_, user0_.user_name as user_nam3_21_0_, user0_.user_phone_number as user_pho4_21_0_, user0_.user_user_id as user_use5_21_0_, user0_.user_user_password as user_use6_21_0_ from user user0_ where user0_.user_id=?
Hibernate: select character0_.character_id as characte1_6_0_, character0_.character_character_name as characte2_6_0_ from characters character0_ where character0_.character_id=?
Hibernate: select count(*) as col_0_0_ from user user0_ where user0_.user_id=?
Hibernate: select character1_.character_id as characte1_6_, character1_.character_character_name as characte2_6_ from user user0_ inner join characters character1_ on user0_.character_id=character1_.character_id where user0_.user_id=?
Hibernate: select permission0_.character_id as characte6_12_0_, permission0_.permission_id as permissi1_12_0_, permission0_.permission_id as permissi1_12_1_, permission0_.character_id as characte6_12_1_, permission0_.permission_name as permissi2_12_1_, permission0_.permission_permission_unit_id as permissi3_12_1_, permission0_.permission_service as permissi4_12_1_, permission0_.permission_status as permissi5_12_1_ from permission permission0_ where permission0_.character_id=?
Hibernate: select category0_.category_id as col_0_0_ from category category0_ where category0_.category_name=? limit ?
Hibernate: select category0_.category_id as category1_5_1_, category0_.category_name as category2_5_1_, boardlist1_.category_id as category7_4_3_, boardlist1_.board_id as board_id1_4_3_, boardlist1_.board_id as board_id1_4_0_, boardlist1_.category_id as category7_4_0_, boardlist1_.board_content as board_co2_4_0_, boardlist1_.board_created_at as board_cr3_4_0_, boardlist1_.board_last_modified_at as board_la4_4_0_, boardlist1_.board_title as board_ti5_4_0_, boardlist1_.user_id as user_id8_4_0_, boardlist1_.board_views as board_vi6_4_0_ from category category0_ left outer join board boardlist1_ on category0_.category_id=boardlist1_.category_id where category0_.category_id=?
Hibernate: insert into category (category_id, category_name) values (default, ?)
Hibernate: select user0_.user_id as user_id1_21_0_, user0_.character_id as characte7_21_0_, user0_.user_created_at as user_cre2_21_0_, user0_.user_name as user_nam3_21_0_, user0_.user_phone_number as user_pho4_21_0_, user0_.user_user_id as user_use5_21_0_, user0_.user_user_password as user_use6_21_0_ from user user0_ where user0_.user_id=?
Hibernate: select character0_.character_id as characte1_6_0_, character0_.character_character_name as characte2_6_0_ from characters character0_ where character0_.character_id=?
Hibernate: select count(*) as col_0_0_ from user user0_ where user0_.user_id=?
Hibernate: select character1_.character_id as characte1_6_, character1_.character_character_name as characte2_6_ from user user0_ inner join characters character1_ on user0_.character_id=character1_.character_id where user0_.user_id=?
Hibernate: select permission0_.character_id as characte6_12_0_, permission0_.permission_id as permissi1_12_0_, permission0_.permission_id as permissi1_12_1_, permission0_.character_id as characte6_12_1_, permission0_.permission_name as permissi2_12_1_, permission0_.permission_permission_unit_id as permissi3_12_1_, permission0_.permission_service as permissi4_12_1_, permission0_.permission_status as permissi5_12_1_ from permission permission0_ where permission0_.character_id=?
Hibernate: select category0_.category_id as col_0_0_ from category category0_ where category0_.category_name=? limit ?
Hibernate: select category0_.category_id as category1_5_1_, category0_.category_name as category2_5_1_, boardlist1_.category_id as category7_4_3_, boardlist1_.board_id as board_id1_4_3_, boardlist1_.board_id as board_id1_4_0_, boardlist1_.category_id as category7_4_0_, boardlist1_.board_content as board_co2_4_0_, boardlist1_.board_created_at as board_cr3_4_0_, boardlist1_.board_last_modified_at as board_la4_4_0_, boardlist1_.board_title as board_ti5_4_0_, boardlist1_.user_id as user_id8_4_0_, boardlist1_.board_views as board_vi6_4_0_ from category category0_ left outer join board boardlist1_ on category0_.category_id=boardlist1_.category_id where category0_.category_id=?
Hibernate: insert into category (category_id, category_name) values (default, ?)
Hibernate: select user0_.user_id as col_0_0_ from user user0_ where user0_.user_user_id=? limit ?
Hibernate: select user0_.user_id as col_0_0_ from user user0_ where user0_.user_user_id=? limit ?
Hibernate: select U.* from USER U where U.USER_USER_ID =?
Hibernate: select character0_.character_id as characte1_6_0_, character0_.character_character_name as characte2_6_0_ from characters character0_ where character0_.character_id=?
Hibernate: select user0_.user_id as col_0_0_ from user user0_ where user0_.user_user_id=? limit ?
Hibernate: select user0_.user_id as user_id1_21_, user0_.character_id as characte7_21_, user0_.user_created_at as user_cre2_21_, user0_.user_name as user_nam3_21_, user0_.user_phone_number as user_pho4_21_, user0_.user_user_id as user_use5_21_, user0_.user_user_password as user_use6_21_ from user user0_ inner join characters character1_ on user0_.character_id=character1_.character_id where user0_.user_user_id=?
Hibernate: select character0_.character_id as characte1_6_0_, character0_.character_character_name as characte2_6_0_ from characters character0_ where character0_.character_id=?
Hibernate: select rewardtagw0_.user_id as user_id4_16_0_, rewardtagw0_.reward_tag_wrapper_reward_id as reward_t1_16_0_, rewardtagw0_.reward_tag_wrapper_reward_id as reward_t1_16_1_, rewardtagw0_.reward_tag_wrapper_reward_presented_at as reward_t2_16_1_, rewardtagw0_.reward_tag_reward_tag_id as reward_t3_16_1_, rewardtagw0_.user_id as user_id4_16_1_ from reward_tag_wrapper rewardtagw0_ where rewardtagw0_.user_id=?
Hibernate: select user0_.user_id as user_id1_21_0_, user0_.character_id as characte7_21_0_, user0_.user_created_at as user_cre2_21_0_, user0_.user_name as user_nam3_21_0_, user0_.user_phone_number as user_pho4_21_0_, user0_.user_user_id as user_use5_21_0_, user0_.user_user_password as user_use6_21_0_ from user user0_ where user0_.user_id=?
Hibernate: select character0_.character_id as characte1_6_0_, character0_.character_character_name as characte2_6_0_ from characters character0_ where character0_.character_id=?
Hibernate: select count(*) as col_0_0_ from user user0_ where user0_.user_id=?
Hibernate: select character1_.character_id as characte1_6_, character1_.character_character_name as characte2_6_ from user user0_ inner join characters character1_ on user0_.character_id=character1_.character_id where user0_.user_id=?
Hibernate: select permission0_.character_id as characte6_12_0_, permission0_.permission_id as permissi1_12_0_, permission0_.permission_id as permissi1_12_1_, permission0_.character_id as characte6_12_1_, permission0_.permission_name as permissi2_12_1_, permission0_.permission_permission_unit_id as permissi3_12_1_, permission0_.permission_service as permissi4_12_1_, permission0_.permission_status as permissi5_12_1_ from permission permission0_ where permission0_.character_id=?
Hibernate: select count(*) as col_0_0_ from user user0_ where user0_.user_id=?
Hibernate: select user0_.user_id as user_id1_21_, user0_.character_id as characte7_21_, user0_.user_created_at as user_cre2_21_, user0_.user_name as user_nam3_21_, user0_.user_phone_number as user_pho4_21_, user0_.user_user_id as user_use5_21_, user0_.user_user_password as user_use6_21_ from user user0_ where user0_.user_id=?
Hibernate: select character0_.character_id as characte1_6_0_, character0_.character_character_name as characte2_6_0_ from characters character0_ where character0_.character_id=?
Hibernate: select rewardtagw0_.user_id as user_id4_16_0_, rewardtagw0_.reward_tag_wrapper_reward_id as reward_t1_16_0_, rewardtagw0_.reward_tag_wrapper_reward_id as reward_t1_16_1_, rewardtagw0_.reward_tag_wrapper_reward_presented_at as reward_t2_16_1_, rewardtagw0_.reward_tag_reward_tag_id as reward_t3_16_1_, rewardtagw0_.user_id as user_id4_16_1_ from reward_tag_wrapper rewardtagw0_ where rewardtagw0_.user_id=?
Hibernate: select attendance0_.attendance_user_attendance_user_id as col_0_0_ from attendance_user attendance0_ where attendance0_.user_id=? limit ?
Hibernate: DELETE FROM USER WHERE USER_ID = ?
Hibernate: select user0_.user_id as col_0_0_ from user user0_ where user0_.user_user_id=? limit ?
Hibernate: select user0_.user_id as col_0_0_ from user user0_ where user0_.user_user_id=? limit ?
Hibernate: select U.* from USER U where U.USER_USER_ID =?
Hibernate: select character0_.character_id as characte1_6_0_, character0_.character_character_name as characte2_6_0_ from characters character0_ where character0_.character_id=?
Hibernate: select user0_.user_id as user_id1_21_0_, user0_.character_id as characte7_21_0_, user0_.user_created_at as user_cre2_21_0_, user0_.user_name as user_nam3_21_0_, user0_.user_phone_number as user_pho4_21_0_, user0_.user_user_id as user_use5_21_0_, user0_.user_user_password as user_use6_21_0_ from user user0_ where user0_.user_id=?
Hibernate: select character0_.character_id as characte1_6_0_, character0_.character_character_name as characte2_6_0_ from characters character0_ where character0_.character_id=?
Hibernate: select count(*) as col_0_0_ from board board0_
Hibernate: select count(*) as col_0_0_ from board board0_
Hibernate: select user0_.user_id as col_0_0_ from user user0_ where user0_.user_user_id=? limit ?
Hibernate: select user0_.user_id as col_0_0_ from user user0_ where user0_.user_user_id=? limit ?
Hibernate: select U.* from USER U where U.USER_USER_ID =?
Hibernate: select character0_.character_id as characte1_6_0_, character0_.character_character_name as characte2_6_0_ from characters character0_ where character0_.character_id=?
Hibernate: select user0_.user_id as user_id1_21_0_, user0_.character_id as characte7_21_0_, user0_.user_created_at as user_cre2_21_0_, user0_.user_name as user_nam3_21_0_, user0_.user_phone_number as user_pho4_21_0_, user0_.user_user_id as user_use5_21_0_, user0_.user_user_password as user_use6_21_0_ from user user0_ where user0_.user_id=?
Hibernate: select character0_.character_id as characte1_6_0_, character0_.character_character_name as characte2_6_0_ from characters character0_ where character0_.character_id=?
Hibernate: select category0_.category_id as category1_5_, category0_.category_name as category2_5_ from category category0_
Hibernate: select boardlist0_.category_id as category7_4_0_, boardlist0_.board_id as board_id1_4_0_, boardlist0_.board_id as board_id1_4_1_, boardlist0_.category_id as category7_4_1_, boardlist0_.board_content as board_co2_4_1_, boardlist0_.board_created_at as board_cr3_4_1_, boardlist0_.board_last_modified_at as board_la4_4_1_, boardlist0_.board_title as board_ti5_4_1_, boardlist0_.user_id as user_id8_4_1_, boardlist0_.board_views as board_vi6_4_1_ from board boardlist0_ where boardlist0_.category_id=?
Hibernate: select boardlist0_.category_id as category7_4_0_, boardlist0_.board_id as board_id1_4_0_, boardlist0_.board_id as board_id1_4_1_, boardlist0_.category_id as category7_4_1_, boardlist0_.board_content as board_co2_4_1_, boardlist0_.board_created_at as board_cr3_4_1_, boardlist0_.board_last_modified_at as board_la4_4_1_, boardlist0_.board_title as board_ti5_4_1_, boardlist0_.user_id as user_id8_4_1_, boardlist0_.board_views as board_vi6_4_1_ from board boardlist0_ where boardlist0_.category_id=?
Hibernate: select user0_.user_id as user_id1_21_0_, user0_.character_id as characte7_21_0_, user0_.user_created_at as user_cre2_21_0_, user0_.user_name as user_nam3_21_0_, user0_.user_phone_number as user_pho4_21_0_, user0_.user_user_id as user_use5_21_0_, user0_.user_user_password as user_use6_21_0_ from user user0_ where user0_.user_id=?
Hibernate: select character0_.character_id as characte1_6_0_, character0_.character_character_name as characte2_6_0_ from characters character0_ where character0_.character_id=?
Hibernate: select count(*) as col_0_0_ from user user0_ where user0_.user_id=?
Hibernate: select character1_.character_id as characte1_6_, character1_.character_character_name as characte2_6_ from user user0_ inner join characters character1_ on user0_.character_id=character1_.character_id where user0_.user_id=?
Hibernate: select permission0_.character_id as characte6_12_0_, permission0_.permission_id as permissi1_12_0_, permission0_.permission_id as permissi1_12_1_, permission0_.character_id as characte6_12_1_, permission0_.permission_name as permissi2_12_1_, permission0_.permission_permission_unit_id as permissi3_12_1_, permission0_.permission_service as permissi4_12_1_, permission0_.permission_status as permissi5_12_1_ from permission permission0_ where permission0_.character_id=?
Hibernate: select count(*) as col_0_0_ from category category0_ where category0_.category_id=?
Hibernate: select count(board0_.board_id) as col_0_0_ from board board0_ where board0_.category_id=?
Hibernate: select category0_.category_id as category1_5_0_, category0_.category_name as category2_5_0_ from category category0_ where category0_.category_id=?
Hibernate: select boardlist0_.category_id as category7_4_0_, boardlist0_.board_id as board_id1_4_0_, boardlist0_.board_id as board_id1_4_1_, boardlist0_.category_id as category7_4_1_, boardlist0_.board_content as board_co2_4_1_, boardlist0_.board_created_at as board_cr3_4_1_, boardlist0_.board_last_modified_at as board_la4_4_1_, boardlist0_.board_title as board_ti5_4_1_, boardlist0_.user_id as user_id8_4_1_, boardlist0_.board_views as board_vi6_4_1_ from board boardlist0_ where boardlist0_.category_id=?
Hibernate: delete from category where category_id=?
Hibernate: select user0_.user_id as user_id1_21_0_, user0_.character_id as characte7_21_0_, user0_.user_created_at as user_cre2_21_0_, user0_.user_name as user_nam3_21_0_, user0_.user_phone_number as user_pho4_21_0_, user0_.user_user_id as user_use5_21_0_, user0_.user_user_password as user_use6_21_0_ from user user0_ where user0_.user_id=?
Hibernate: select character0_.character_id as characte1_6_0_, character0_.character_character_name as characte2_6_0_ from characters character0_ where character0_.character_id=?
Hibernate: select count(*) as col_0_0_ from user user0_ where user0_.user_id=?
Hibernate: select character1_.character_id as characte1_6_, character1_.character_character_name as characte2_6_ from user user0_ inner join characters character1_ on user0_.character_id=character1_.character_id where user0_.user_id=?
Hibernate: select permission0_.character_id as characte6_12_0_, permission0_.permission_id as permissi1_12_0_, permission0_.permission_id as permissi1_12_1_, permission0_.character_id as characte6_12_1_, permission0_.permission_name as permissi2_12_1_, permission0_.permission_permission_unit_id as permissi3_12_1_, permission0_.permission_service as permissi4_12_1_, permission0_.permission_status as permissi5_12_1_ from permission permission0_ where permission0_.character_id=?
Hibernate: select count(*) as col_0_0_ from category category0_ where category0_.category_id=?
Hibernate: select count(board0_.board_id) as col_0_0_ from board board0_ where board0_.category_id=?
Hibernate: select category0_.category_id as category1_5_0_, category0_.category_name as category2_5_0_ from category category0_ where category0_.category_id=?
Hibernate: select boardlist0_.category_id as category7_4_0_, boardlist0_.board_id as board_id1_4_0_, boardlist0_.board_id as board_id1_4_1_, boardlist0_.category_id as category7_4_1_, boardlist0_.board_content as board_co2_4_1_, boardlist0_.board_created_at as board_cr3_4_1_, boardlist0_.board_last_modified_at as board_la4_4_1_, boardlist0_.board_title as board_ti5_4_1_, boardlist0_.user_id as user_id8_4_1_, boardlist0_.board_views as board_vi6_4_1_ from board boardlist0_ where boardlist0_.category_id=?
Hibernate: delete from category where category_id=?
Hibernate: select user0_.user_id as user_id1_21_0_, user0_.character_id as characte7_21_0_, user0_.user_created_at as user_cre2_21_0_, user0_.user_name as user_nam3_21_0_, user0_.user_phone_number as user_pho4_21_0_, user0_.user_user_id as user_use5_21_0_, user0_.user_user_password as user_use6_21_0_ from user user0_ where user0_.user_id=?
Hibernate: select character0_.character_id as characte1_6_0_, character0_.character_character_name as characte2_6_0_ from characters character0_ where character0_.character_id=?
Hibernate: select count(*) as col_0_0_ from user user0_ where user0_.user_id=?
Hibernate: select character1_.character_id as characte1_6_, character1_.character_character_name as characte2_6_ from user user0_ inner join characters character1_ on user0_.character_id=character1_.character_id where user0_.user_id=?
Hibernate: select permission0_.character_id as characte6_12_0_, permission0_.permission_id as permissi1_12_0_, permission0_.permission_id as permissi1_12_1_, permission0_.character_id as characte6_12_1_, permission0_.permission_name as permissi2_12_1_, permission0_.permission_permission_unit_id as permissi3_12_1_, permission0_.permission_service as permissi4_12_1_, permission0_.permission_status as permissi5_12_1_ from permission permission0_ where permission0_.character_id=?
Hibernate: select category0_.category_id as col_0_0_ from category category0_ where category0_.category_name=? limit ?
Hibernate: select category0_.category_id as category1_5_1_, category0_.category_name as category2_5_1_, boardlist1_.category_id as category7_4_3_, boardlist1_.board_id as board_id1_4_3_, boardlist1_.board_id as board_id1_4_0_, boardlist1_.category_id as category7_4_0_, boardlist1_.board_content as board_co2_4_0_, boardlist1_.board_created_at as board_cr3_4_0_, boardlist1_.board_last_modified_at as board_la4_4_0_, boardlist1_.board_title as board_ti5_4_0_, boardlist1_.user_id as user_id8_4_0_, boardlist1_.board_views as board_vi6_4_0_ from category category0_ left outer join board boardlist1_ on category0_.category_id=boardlist1_.category_id where category0_.category_id=?
Hibernate: insert into category (category_id, category_name) values (default, ?)
Hibernate: select user0_.user_id as user_id1_21_0_, user0_.character_id as characte7_21_0_, user0_.user_created_at as user_cre2_21_0_, user0_.user_name as user_nam3_21_0_, user0_.user_phone_number as user_pho4_21_0_, user0_.user_user_id as user_use5_21_0_, user0_.user_user_password as user_use6_21_0_ from user user0_ where user0_.user_id=?
Hibernate: select character0_.character_id as characte1_6_0_, character0_.character_character_name as characte2_6_0_ from characters character0_ where character0_.character_id=?
Hibernate: select count(*) as col_0_0_ from user user0_ where user0_.user_id=?
Hibernate: select character1_.character_id as characte1_6_, character1_.character_character_name as characte2_6_ from user user0_ inner join characters character1_ on user0_.character_id=character1_.character_id where user0_.user_id=?
Hibernate: select permission0_.character_id as characte6_12_0_, permission0_.permission_id as permissi1_12_0_, permission0_.permission_id as permissi1_12_1_, permission0_.character_id as characte6_12_1_, permission0_.permission_name as permissi2_12_1_, permission0_.permission_permission_unit_id as permissi3_12_1_, permission0_.permission_service as permissi4_12_1_, permission0_.permission_status as permissi5_12_1_ from permission permission0_ where permission0_.character_id=?
Hibernate: select category0_.category_id as col_0_0_ from category category0_ where category0_.category_name=? limit ?
Hibernate: select category0_.category_id as category1_5_1_, category0_.category_name as category2_5_1_, boardlist1_.category_id as category7_4_3_, boardlist1_.board_id as board_id1_4_3_, boardlist1_.board_id as board_id1_4_0_, boardlist1_.category_id as category7_4_0_, boardlist1_.board_content as board_co2_4_0_, boardlist1_.board_created_at as board_cr3_4_0_, boardlist1_.board_last_modified_at as board_la4_4_0_, boardlist1_.board_title as board_ti5_4_0_, boardlist1_.user_id as user_id8_4_0_, boardlist1_.board_views as board_vi6_4_0_ from category category0_ left outer join board boardlist1_ on category0_.category_id=boardlist1_.category_id where category0_.category_id=?
Hibernate: insert into category (category_id, category_name) values (default, ?)
Hibernate: select user0_.user_id as col_0_0_ from user user0_ where user0_.user_user_id=? limit ?
Hibernate: select user0_.user_id as col_0_0_ from user user0_ where user0_.user_user_id=? limit ?
Hibernate: select U.* from USER U where U.USER_USER_ID =?
Hibernate: select character0_.character_id as characte1_6_0_, character0_.character_character_name as characte2_6_0_ from characters character0_ where character0_.character_id=?
Hibernate: select user0_.user_id as col_0_0_ from user user0_ where user0_.user_user_id=? limit ?
Hibernate: select user0_.user_id as col_0_0_ from user user0_ where user0_.user_user_id=? limit ?
Hibernate: select U.* from USER U where U.USER_USER_ID =?
Hibernate: select character0_.character_id as characte1_6_0_, character0_.character_character_name as characte2_6_0_ from characters character0_ where character0_.character_id=?
Hibernate: select user0_.user_id as user_id1_21_0_, user0_.character_id as characte7_21_0_, user0_.user_created_at as user_cre2_21_0_, user0_.user_name as user_nam3_21_0_, user0_.user_phone_number as user_pho4_21_0_, user0_.user_user_id as user_use5_21_0_, user0_.user_user_password as user_use6_21_0_ from user user0_ where user0_.user_id=?
Hibernate: select character0_.character_id as characte1_6_0_, character0_.character_character_name as characte2_6_0_ from characters character0_ where character0_.character_id=?
Hibernate: select category0_.category_id as category1_5_, category0_.category_name as category2_5_ from category category0_
Hibernate: select boardlist0_.category_id as category7_4_0_, boardlist0_.board_id as board_id1_4_0_, boardlist0_.board_id as board_id1_4_1_, boardlist0_.category_id as category7_4_1_, boardlist0_.board_content as board_co2_4_1_, boardlist0_.board_created_at as board_cr3_4_1_, boardlist0_.board_last_modified_at as board_la4_4_1_, boardlist0_.board_title as board_ti5_4_1_, boardlist0_.user_id as user_id8_4_1_, boardlist0_.board_views as board_vi6_4_1_ from board boardlist0_ where boardlist0_.category_id=?
Hibernate: select boardlist0_.category_id as category7_4_0_, boardlist0_.board_id as board_id1_4_0_, boardlist0_.board_id as board_id1_4_1_, boardlist0_.category_id as category7_4_1_, boardlist0_.board_content as board_co2_4_1_, boardlist0_.board_created_at as board_cr3_4_1_, boardlist0_.board_last_modified_at as board_la4_4_1_, boardlist0_.board_title as board_ti5_4_1_, boardlist0_.user_id as user_id8_4_1_, boardlist0_.board_views as board_vi6_4_1_ from board boardlist0_ where boardlist0_.category_id=?
Hibernate: select user0_.user_id as col_0_0_ from user user0_ where user0_.user_user_id=? limit ?
Hibernate: select user0_.user_id as col_0_0_ from user user0_ where user0_.user_user_id=? limit ?
Hibernate: select U.* from USER U where U.USER_USER_ID =?
Hibernate: select character0_.character_id as characte1_6_0_, character0_.character_character_name as characte2_6_0_ from characters character0_ where character0_.character_id=?
Hibernate: select user0_.user_id as col_0_0_ from user user0_ where user0_.user_user_id=? limit ?
Hibernate: select userjoinin0_.user_joining_pool_id as col_0_0_ from user_joining_pool userjoinin0_ where userjoinin0_.user_user_id=? limit ?
Hibernate: select character0_.character_id as col_0_0_ from characters character0_ where character0_.character_character_name=? limit ?
Hibernate: insert into user_joining_pool (user_joining_pool_id, user_created_at, user_name, user_phone_number, user_user_id, user_user_password) values (default, ?, ?, ?, ?, ?)
Hibernate: select user0_.user_id as user_id1_21_0_, user0_.character_id as characte7_21_0_, user0_.user_created_at as user_cre2_21_0_, user0_.user_name as user_nam3_21_0_, user0_.user_phone_number as user_pho4_21_0_, user0_.user_user_id as user_use5_21_0_, user0_.user_user_password as user_use6_21_0_ from user user0_ where user0_.user_id=?
Hibernate: select character0_.character_id as characte1_6_0_, character0_.character_character_name as characte2_6_0_ from characters character0_ where character0_.character_id=?
Hibernate: select count(*) as col_0_0_ from user user0_ where user0_.user_id=?
Hibernate: select character1_.character_id as characte1_6_, character1_.character_character_name as characte2_6_ from user user0_ inner join characters character1_ on user0_.character_id=character1_.character_id where user0_.user_id=?
Hibernate: select permission0_.character_id as characte6_12_0_, permission0_.permission_id as permissi1_12_0_, permission0_.permission_id as permissi1_12_1_, permission0_.character_id as characte6_12_1_, permission0_.permission_name as permissi2_12_1_, permission0_.permission_permission_unit_id as permissi3_12_1_, permission0_.permission_service as permissi4_12_1_, permission0_.permission_status as permissi5_12_1_ from permission permission0_ where permission0_.character_id=?
Hibernate: select userjoinin0_.user_joining_pool_id as col_0_0_ from user_joining_pool userjoinin0_ where userjoinin0_.user_user_id=? limit ?
Hibernate: select userjoinin0_.user_joining_pool_id as user_joi1_22_, userjoinin0_.user_created_at as user_cre2_22_, userjoinin0_.user_name as user_nam3_22_, userjoinin0_.user_phone_number as user_pho4_22_, userjoinin0_.user_user_id as user_use5_22_, userjoinin0_.user_user_password as user_use6_22_ from user_joining_pool userjoinin0_ where userjoinin0_.user_user_id=?
Hibernate: select character0_.character_id as characte1_6_, character0_.character_character_name as characte2_6_ from characters character0_ where character0_.character_character_name=?
Hibernate: insert into user (user_id, character_id, user_created_at, user_name, user_phone_number, user_user_id, user_user_password) values (default, ?, ?, ?, ?, ?, ?)
Hibernate: DELETE FROM USER_JOINING_POOL as JU where JU.USER_USER_ID =?
Hibernate: select user0_.user_id as col_0_0_ from user user0_ where user0_.user_user_id=? limit ?
Hibernate: select user0_.user_id as col_0_0_ from user user0_ where user0_.user_user_id=? limit ?
Hibernate: select U.* from USER U where U.USER_USER_ID =?
Hibernate: select character0_.character_id as characte1_6_0_, character0_.character_character_name as characte2_6_0_ from characters character0_ where character0_.character_id=?
Hibernate: select user0_.user_id as user_id1_21_0_, user0_.character_id as characte7_21_0_, user0_.user_created_at as user_cre2_21_0_, user0_.user_name as user_nam3_21_0_, user0_.user_phone_number as user_pho4_21_0_, user0_.user_user_id as user_use5_21_0_, user0_.user_user_password as user_use6_21_0_ from user user0_ where user0_.user_id=?
Hibernate: select character0_.character_id as characte1_6_0_, character0_.character_character_name as characte2_6_0_ from characters character0_ where character0_.character_id=?
Hibernate: select count(*) as col_0_0_ from user user0_ where user0_.user_id=?
Hibernate: select character1_.character_id as characte1_6_, character1_.character_character_name as characte2_6_ from user user0_ inner join characters character1_ on user0_.character_id=character1_.character_id where user0_.user_id=?
Hibernate: select permission0_.character_id as characte6_12_0_, permission0_.permission_id as permissi1_12_0_, permission0_.permission_id as permissi1_12_1_, permission0_.character_id as characte6_12_1_, permission0_.permission_name as permissi2_12_1_, permission0_.permission_permission_unit_id as permissi3_12_1_, permission0_.permission_service as permissi4_12_1_, permission0_.permission_status as permissi5_12_1_ from permission permission0_ where permission0_.character_id=?
Hibernate: select count(*) as col_0_0_ from category category0_ where category0_.category_id=?
Hibernate: select category0_.category_id as category1_5_0_, category0_.category_name as category2_5_0_ from category category0_ where category0_.category_id=?
Hibernate: insert into board (board_id, category_id, board_content, board_created_at, board_last_modified_at, board_title, user_id, board_views) values (default, ?, ?, ?, ?, ?, ?, ?)
Hibernate: insert into reaction (reaction_id, board_id, reaction_type) values (default, ?, ?)
Hibernate: insert into reaction (reaction_id, board_id, reaction_type) values (default, ?, ?)
Hibernate: insert into reaction (reaction_id, board_id, reaction_type) values (default, ?, ?)
Hibernate: insert into reaction (reaction_id, board_id, reaction_type) values (default, ?, ?)
Hibernate: insert into reaction (reaction_id, board_id, reaction_type) values (default, ?, ?)
Hibernate: insert into reaction (reaction_id, board_id, reaction_type) values (default, ?, ?)
Hibernate: select user0_.user_id as user_id1_21_0_, user0_.character_id as characte7_21_0_, user0_.user_created_at as user_cre2_21_0_, user0_.user_name as user_nam3_21_0_, user0_.user_phone_number as user_pho4_21_0_, user0_.user_user_id as user_use5_21_0_, user0_.user_user_password as user_use6_21_0_ from user user0_ where user0_.user_id=?
Hibernate: select character0_.character_id as characte1_6_0_, character0_.character_character_name as characte2_6_0_ from characters character0_ where character0_.character_id=?
Hibernate: select count(*) as col_0_0_ from user user0_ where user0_.user_id=?
Hibernate: select character1_.character_id as characte1_6_, character1_.character_character_name as characte2_6_ from user user0_ inner join characters character1_ on user0_.character_id=character1_.character_id where user0_.user_id=?
Hibernate: select permission0_.character_id as characte6_12_0_, permission0_.permission_id as permissi1_12_0_, permission0_.permission_id as permissi1_12_1_, permission0_.character_id as characte6_12_1_, permission0_.permission_name as permissi2_12_1_, permission0_.permission_permission_unit_id as permissi3_12_1_, permission0_.permission_service as permissi4_12_1_, permission0_.permission_status as permissi5_12_1_ from permission permission0_ where permission0_.character_id=?
Hibernate: select count(*) as col_0_0_ from category category0_ where category0_.category_id=?
Hibernate: select category0_.category_id as category1_5_0_, category0_.category_name as category2_5_0_ from category category0_ where category0_.category_id=?
Hibernate: insert into board (board_id, category_id, board_content, board_created_at, board_last_modified_at, board_title, user_id, board_views) values (default, ?, ?, ?, ?, ?, ?, ?)
Hibernate: insert into reaction (reaction_id, board_id, reaction_type) values (default, ?, ?)
Hibernate: insert into reaction (reaction_id, board_id, reaction_type) values (default, ?, ?)
Hibernate: insert into reaction (reaction_id, board_id, reaction_type) values (default, ?, ?)
Hibernate: insert into reaction (reaction_id, board_id, reaction_type) values (default, ?, ?)
Hibernate: insert into reaction (reaction_id, board_id, reaction_type) values (default, ?, ?)
Hibernate: insert into reaction (reaction_id, board_id, reaction_type) values (default, ?, ?)
Hibernate: select user0_.user_id as user_id1_21_0_, user0_.character_id as characte7_21_0_, user0_.user_created_at as user_cre2_21_0_, user0_.user_name as user_nam3_21_0_, user0_.user_phone_number as user_pho4_21_0_, user0_.user_user_id as user_use5_21_0_, user0_.user_user_password as user_use6_21_0_ from user user0_ where user0_.user_id=?
Hibernate: select character0_.character_id as characte1_6_0_, character0_.character_character_name as characte2_6_0_ from characters character0_ where character0_.character_id=?
Hibernate: select count(*) as col_0_0_ from user user0_ where user0_.user_id=?
Hibernate: select character1_.character_id as characte1_6_, character1_.character_character_name as characte2_6_ from user user0_ inner join characters character1_ on user0_.character_id=character1_.character_id where user0_.user_id=?
Hibernate: select permission0_.character_id as characte6_12_0_, permission0_.permission_id as permissi1_12_0_, permission0_.permission_id as permissi1_12_1_, permission0_.character_id as characte6_12_1_, permission0_.permission_name as permissi2_12_1_, permission0_.permission_permission_unit_id as permissi3_12_1_, permission0_.permission_service as permissi4_12_1_, permission0_.permission_status as permissi5_12_1_ from permission permission0_ where permission0_.character_id=?
Hibernate: select count(*) as col_0_0_ from category category0_ where category0_.category_id=?
Hibernate: select category0_.category_id as category1_5_0_, category0_.category_name as category2_5_0_ from category category0_ where category0_.category_id=?
Hibernate: insert into board (board_id, category_id, board_content, board_created_at, board_last_modified_at, board_title, user_id, board_views) values (default, ?, ?, ?, ?, ?, ?, ?)
Hibernate: insert into reaction (reaction_id, board_id, reaction_type) values (default, ?, ?)
Hibernate: insert into reaction (reaction_id, board_id, reaction_type) values (default, ?, ?)
Hibernate: insert into reaction (reaction_id, board_id, reaction_type) values (default, ?, ?)
Hibernate: insert into reaction (reaction_id, board_id, reaction_type) values (default, ?, ?)
Hibernate: insert into reaction (reaction_id, board_id, reaction_type) values (default, ?, ?)
Hibernate: insert into reaction (reaction_id, board_id, reaction_type) values (default, ?, ?)
Hibernate: select user0_.user_id as user_id1_21_0_, user0_.character_id as characte7_21_0_, user0_.user_created_at as user_cre2_21_0_, user0_.user_name as user_nam3_21_0_, user0_.user_phone_number as user_pho4_21_0_, user0_.user_user_id as user_use5_21_0_, user0_.user_user_password as user_use6_21_0_ from user user0_ where user0_.user_id=?
Hibernate: select character0_.character_id as characte1_6_0_, character0_.character_character_name as characte2_6_0_ from characters character0_ where character0_.character_id=?
Hibernate: select count(*) as col_0_0_ from user user0_ where user0_.user_id=?
Hibernate: select character1_.character_id as characte1_6_, character1_.character_character_name as characte2_6_ from user user0_ inner join characters character1_ on user0_.character_id=character1_.character_id where user0_.user_id=?
Hibernate: select permission0_.character_id as characte6_12_0_, permission0_.permission_id as permissi1_12_0_, permission0_.permission_id as permissi1_12_1_, permission0_.character_id as characte6_12_1_, permission0_.permission_name as permissi2_12_1_, permission0_.permission_permission_unit_id as permissi3_12_1_, permission0_.permission_service as permissi4_12_1_, permission0_.permission_status as permissi5_12_1_ from permission permission0_ where permission0_.character_id=?
Hibernate: select count(*) as col_0_0_ from category category0_ where category0_.category_id=?
Hibernate: select category0_.category_id as category1_5_0_, category0_.category_name as category2_5_0_ from category category0_ where category0_.category_id=?
Hibernate: insert into board (board_id, category_id, board_content, board_created_at, board_last_modified_at, board_title, user_id, board_views) values (default, ?, ?, ?, ?, ?, ?, ?)
Hibernate: insert into reaction (reaction_id, board_id, reaction_type) values (default, ?, ?)
Hibernate: insert into reaction (reaction_id, board_id, reaction_type) values (default, ?, ?)
Hibernate: insert into reaction (reaction_id, board_id, reaction_type) values (default, ?, ?)
Hibernate: insert into reaction (reaction_id, board_id, reaction_type) values (default, ?, ?)
Hibernate: insert into reaction (reaction_id, board_id, reaction_type) values (default, ?, ?)
Hibernate: insert into reaction (reaction_id, board_id, reaction_type) values (default, ?, ?)
Hibernate: select user0_.user_id as user_id1_21_0_, user0_.character_id as characte7_21_0_, user0_.user_created_at as user_cre2_21_0_, user0_.user_name as user_nam3_21_0_, user0_.user_phone_number as user_pho4_21_0_, user0_.user_user_id as user_use5_21_0_, user0_.user_user_password as user_use6_21_0_ from user user0_ where user0_.user_id=?
Hibernate: select character0_.character_id as characte1_6_0_, character0_.character_character_name as characte2_6_0_ from characters character0_ where character0_.character_id=?
Hibernate: select count(*) as col_0_0_ from category category0_ where category0_.category_id=?
Hibernate: select count(board0_.board_id) as col_0_0_ from board board0_ where board0_.category_id=?
Hibernate: select board0_.board_id as board_id1_4_, board0_.category_id as category7_4_, board0_.board_content as board_co2_4_, board0_.board_created_at as board_cr3_4_, board0_.board_last_modified_at as board_la4_4_, board0_.board_title as board_ti5_4_, board0_.user_id as user_id8_4_, board0_.board_views as board_vi6_4_ from board board0_ where board0_.category_id=? limit ?
Hibernate: select category0_.category_id as category1_5_0_, category0_.category_name as category2_5_0_ from category category0_ where category0_.category_id=?
Hibernate: select user0_.user_id as user_id1_21_0_, user0_.character_id as characte7_21_0_, user0_.user_created_at as user_cre2_21_0_, user0_.user_name as user_nam3_21_0_, user0_.user_phone_number as user_pho4_21_0_, user0_.user_user_id as user_use5_21_0_, user0_.user_user_password as user_use6_21_0_ from user user0_ where user0_.user_id=?
Hibernate: select character0_.character_id as characte1_6_0_, character0_.character_character_name as characte2_6_0_ from characters character0_ where character0_.character_id=?
Hibernate: select reactionli0_.board_id as board_id3_13_0_, reactionli0_.reaction_id as reaction1_13_0_, reactionli0_.reaction_id as reaction1_13_1_, reactionli0_.board_id as board_id3_13_1_, reactionli0_.reaction_type as reaction2_13_1_ from reaction reactionli0_ where reactionli0_.board_id=?
Hibernate: select reactionus0_.reaction_id as reaction2_14_0_, reactionus0_.reaction_user_id as reaction1_14_0_, reactionus0_.reaction_user_id as reaction1_14_1_, reactionus0_.reaction_id as reaction2_14_1_, reactionus0_.user_id as user_id3_14_1_ from reaction_user reactionus0_ where reactionus0_.reaction_id=?
Hibernate: select reactionus0_.reaction_id as reaction2_14_0_, reactionus0_.reaction_user_id as reaction1_14_0_, reactionus0_.reaction_user_id as reaction1_14_1_, reactionus0_.reaction_id as reaction2_14_1_, reactionus0_.user_id as user_id3_14_1_ from reaction_user reactionus0_ where reactionus0_.reaction_id=?
Hibernate: select reactionus0_.reaction_id as reaction2_14_0_, reactionus0_.reaction_user_id as reaction1_14_0_, reactionus0_.reaction_user_id as reaction1_14_1_, reactionus0_.reaction_id as reaction2_14_1_, reactionus0_.user_id as user_id3_14_1_ from reaction_user reactionus0_ where reactionus0_.reaction_id=?
Hibernate: select reactionus0_.reaction_id as reaction2_14_0_, reactionus0_.reaction_user_id as reaction1_14_0_, reactionus0_.reaction_user_id as reaction1_14_1_, reactionus0_.reaction_id as reaction2_14_1_, reactionus0_.user_id as user_id3_14_1_ from reaction_user reactionus0_ where reactionus0_.reaction_id=?
Hibernate: select reactionus0_.reaction_id as reaction2_14_0_, reactionus0_.reaction_user_id as reaction1_14_0_, reactionus0_.reaction_user_id as reaction1_14_1_, reactionus0_.reaction_id as reaction2_14_1_, reactionus0_.user_id as user_id3_14_1_ from reaction_user reactionus0_ where reactionus0_.reaction_id=?
Hibernate: select reactionus0_.reaction_id as reaction2_14_0_, reactionus0_.reaction_user_id as reaction1_14_0_, reactionus0_.reaction_user_id as reaction1_14_1_, reactionus0_.reaction_id as reaction2_14_1_, reactionus0_.user_id as user_id3_14_1_ from reaction_user reactionus0_ where reactionus0_.reaction_id=?
Hibernate: select commentlis0_.board_id as board_id5_7_0_, commentlis0_.comment_id as comment_1_7_0_, commentlis0_.comment_id as comment_1_7_1_, commentlis0_.board_id as board_id5_7_1_, commentlis0_.comment_content as comment_2_7_1_, commentlis0_.comment_created_at as comment_3_7_1_, commentlis0_.comment_last_modified_at as comment_4_7_1_, commentlis0_.user_id as user_id6_7_1_ from comment commentlis0_ where commentlis0_.board_id=?
Hibernate: select reactionli0_.board_id as board_id3_13_0_, reactionli0_.reaction_id as reaction1_13_0_, reactionli0_.reaction_id as reaction1_13_1_, reactionli0_.board_id as board_id3_13_1_, reactionli0_.reaction_type as reaction2_13_1_ from reaction reactionli0_ where reactionli0_.board_id=?
Hibernate: select reactionus0_.reaction_id as reaction2_14_0_, reactionus0_.reaction_user_id as reaction1_14_0_, reactionus0_.reaction_user_id as reaction1_14_1_, reactionus0_.reaction_id as reaction2_14_1_, reactionus0_.user_id as user_id3_14_1_ from reaction_user reactionus0_ where reactionus0_.reaction_id=?
Hibernate: select reactionus0_.reaction_id as reaction2_14_0_, reactionus0_.reaction_user_id as reaction1_14_0_, reactionus0_.reaction_user_id as reaction1_14_1_, reactionus0_.reaction_id as reaction2_14_1_, reactionus0_.user_id as user_id3_14_1_ from reaction_user reactionus0_ where reactionus0_.reaction_id=?
Hibernate: select reactionus0_.reaction_id as reaction2_14_0_, reactionus0_.reaction_user_id as reaction1_14_0_, reactionus0_.reaction_user_id as reaction1_14_1_, reactionus0_.reaction_id as reaction2_14_1_, reactionus0_.user_id as user_id3_14_1_ from reaction_user reactionus0_ where reactionus0_.reaction_id=?
Hibernate: select reactionus0_.reaction_id as reaction2_14_0_, reactionus0_.reaction_user_id as reaction1_14_0_, reactionus0_.reaction_user_id as reaction1_14_1_, reactionus0_.reaction_id as reaction2_14_1_, reactionus0_.user_id as user_id3_14_1_ from reaction_user reactionus0_ where reactionus0_.reaction_id=?
Hibernate: select reactionus0_.reaction_id as reaction2_14_0_, reactionus0_.reaction_user_id as reaction1_14_0_, reactionus0_.reaction_user_id as reaction1_14_1_, reactionus0_.reaction_id as reaction2_14_1_, reactionus0_.user_id as user_id3_14_1_ from reaction_user reactionus0_ where reactionus0_.reaction_id=?
Hibernate: select reactionus0_.reaction_id as reaction2_14_0_, reactionus0_.reaction_user_id as reaction1_14_0_, reactionus0_.reaction_user_id as reaction1_14_1_, reactionus0_.reaction_id as reaction2_14_1_, reactionus0_.user_id as user_id3_14_1_ from reaction_user reactionus0_ where reactionus0_.reaction_id=?
Hibernate: select commentlis0_.board_id as board_id5_7_0_, commentlis0_.comment_id as comment_1_7_0_, commentlis0_.comment_id as comment_1_7_1_, commentlis0_.board_id as board_id5_7_1_, commentlis0_.comment_content as comment_2_7_1_, commentlis0_.comment_created_at as comment_3_7_1_, commentlis0_.comment_last_modified_at as comment_4_7_1_, commentlis0_.user_id as user_id6_7_1_ from comment commentlis0_ where commentlis0_.board_id=?
Hibernate: select boardlist0_.category_id as category7_4_0_, boardlist0_.board_id as board_id1_4_0_, boardlist0_.board_id as board_id1_4_1_, boardlist0_.category_id as category7_4_1_, boardlist0_.board_content as board_co2_4_1_, boardlist0_.board_created_at as board_cr3_4_1_, boardlist0_.board_last_modified_at as board_la4_4_1_, boardlist0_.board_title as board_ti5_4_1_, boardlist0_.user_id as user_id8_4_1_, boardlist0_.board_views as board_vi6_4_1_ from board boardlist0_ where boardlist0_.category_id=?
Hibernate: select count(comment0_.comment_id) as col_0_0_ from comment comment0_ where comment0_.board_id=?
Hibernate: select count(comment0_.comment_id) as col_0_0_ from comment comment0_ where comment0_.board_id=?
Hibernate: select count(board0_.board_id) as col_0_0_ from board board0_ where board0_.category_id=?
Hibernate: select imagepathl0_.board_board_id as board_bo1_11_0_, imagepathl0_.board_image_path_list as board_im2_11_0_ from image_path_list imagepathl0_ where imagepathl0_.board_board_id=?
Hibernate: select filepathli0_.board_board_id as board_bo1_8_0_, filepathli0_.board_file_path_list as board_fi2_8_0_ from file_path_list filepathli0_ where filepathli0_.board_board_id=?
Hibernate: select imagepathl0_.board_board_id as board_bo1_11_0_, imagepathl0_.board_image_path_list as board_im2_11_0_ from image_path_list imagepathl0_ where imagepathl0_.board_board_id=?
Hibernate: select filepathli0_.board_board_id as board_bo1_8_0_, filepathli0_.board_file_path_list as board_fi2_8_0_ from file_path_list filepathli0_ where filepathli0_.board_board_id=?
Hibernate: select user0_.user_id as col_0_0_ from user user0_ where user0_.user_user_id=? limit ?
Hibernate: select user0_.user_id as col_0_0_ from user user0_ where user0_.user_user_id=? limit ?
Hibernate: select U.* from USER U where U.USER_USER_ID =?
Hibernate: select character0_.character_id as characte1_6_0_, character0_.character_character_name as characte2_6_0_ from characters character0_ where character0_.character_id=?
Hibernate: select user0_.user_id as user_id1_21_0_, user0_.character_id as characte7_21_0_, user0_.user_created_at as user_cre2_21_0_, user0_.user_name as user_nam3_21_0_, user0_.user_phone_number as user_pho4_21_0_, user0_.user_user_id as user_use5_21_0_, user0_.user_user_password as user_use6_21_0_ from user user0_ where user0_.user_id=?
Hibernate: select character0_.character_id as characte1_6_0_, character0_.character_character_name as characte2_6_0_ from characters character0_ where character0_.character_id=?
Hibernate: select count(*) as col_0_0_ from board board0_
Hibernate: select board0_.board_id as board_id1_4_, board0_.category_id as category7_4_, board0_.board_content as board_co2_4_, board0_.board_created_at as board_cr3_4_, board0_.board_last_modified_at as board_la4_4_, board0_.board_title as board_ti5_4_, board0_.user_id as user_id8_4_, board0_.board_views as board_vi6_4_ from board board0_ limit ?
Hibernate: select category0_.category_id as category1_5_0_, category0_.category_name as category2_5_0_ from category category0_ where category0_.category_id=?
Hibernate: select category0_.category_id as category1_5_0_, category0_.category_name as category2_5_0_ from category category0_ where category0_.category_id=?
Hibernate: select reactionli0_.board_id as board_id3_13_0_, reactionli0_.reaction_id as reaction1_13_0_, reactionli0_.reaction_id as reaction1_13_1_, reactionli0_.board_id as board_id3_13_1_, reactionli0_.reaction_type as reaction2_13_1_ from reaction reactionli0_ where reactionli0_.board_id=?
Hibernate: select reactionus0_.reaction_id as reaction2_14_0_, reactionus0_.reaction_user_id as reaction1_14_0_, reactionus0_.reaction_user_id as reaction1_14_1_, reactionus0_.reaction_id as reaction2_14_1_, reactionus0_.user_id as user_id3_14_1_ from reaction_user reactionus0_ where reactionus0_.reaction_id=?
Hibernate: select reactionus0_.reaction_id as reaction2_14_0_, reactionus0_.reaction_user_id as reaction1_14_0_, reactionus0_.reaction_user_id as reaction1_14_1_, reactionus0_.reaction_id as reaction2_14_1_, reactionus0_.user_id as user_id3_14_1_ from reaction_user reactionus0_ where reactionus0_.reaction_id=?
Hibernate: select reactionus0_.reaction_id as reaction2_14_0_, reactionus0_.reaction_user_id as reaction1_14_0_, reactionus0_.reaction_user_id as reaction1_14_1_, reactionus0_.reaction_id as reaction2_14_1_, reactionus0_.user_id as user_id3_14_1_ from reaction_user reactionus0_ where reactionus0_.reaction_id=?
Hibernate: select reactionus0_.reaction_id as reaction2_14_0_, reactionus0_.reaction_user_id as reaction1_14_0_, reactionus0_.reaction_user_id as reaction1_14_1_, reactionus0_.reaction_id as reaction2_14_1_, reactionus0_.user_id as user_id3_14_1_ from reaction_user reactionus0_ where reactionus0_.reaction_id=?
Hibernate: select reactionus0_.reaction_id as reaction2_14_0_, reactionus0_.reaction_user_id as reaction1_14_0_, reactionus0_.reaction_user_id as reaction1_14_1_, reactionus0_.reaction_id as reaction2_14_1_, reactionus0_.user_id as user_id3_14_1_ from reaction_user reactionus0_ where reactionus0_.reaction_id=?
Hibernate: select reactionus0_.reaction_id as reaction2_14_0_, reactionus0_.reaction_user_id as reaction1_14_0_, reactionus0_.reaction_user_id as reaction1_14_1_, reactionus0_.reaction_id as reaction2_14_1_, reactionus0_.user_id as user_id3_14_1_ from reaction_user reactionus0_ where reactionus0_.reaction_id=?
Hibernate: select commentlis0_.board_id as board_id5_7_0_, commentlis0_.comment_id as comment_1_7_0_, commentlis0_.comment_id as comment_1_7_1_, commentlis0_.board_id as board_id5_7_1_, commentlis0_.comment_content as comment_2_7_1_, commentlis0_.comment_created_at as comment_3_7_1_, commentlis0_.comment_last_modified_at as comment_4_7_1_, commentlis0_.user_id as user_id6_7_1_ from comment commentlis0_ where commentlis0_.board_id=?
Hibernate: select reactionli0_.board_id as board_id3_13_0_, reactionli0_.reaction_id as reaction1_13_0_, reactionli0_.reaction_id as reaction1_13_1_, reactionli0_.board_id as board_id3_13_1_, reactionli0_.reaction_type as reaction2_13_1_ from reaction reactionli0_ where reactionli0_.board_id=?
Hibernate: select reactionus0_.reaction_id as reaction2_14_0_, reactionus0_.reaction_user_id as reaction1_14_0_, reactionus0_.reaction_user_id as reaction1_14_1_, reactionus0_.reaction_id as reaction2_14_1_, reactionus0_.user_id as user_id3_14_1_ from reaction_user reactionus0_ where reactionus0_.reaction_id=?
Hibernate: select reactionus0_.reaction_id as reaction2_14_0_, reactionus0_.reaction_user_id as reaction1_14_0_, reactionus0_.reaction_user_id as reaction1_14_1_, reactionus0_.reaction_id as reaction2_14_1_, reactionus0_.user_id as user_id3_14_1_ from reaction_user reactionus0_ where reactionus0_.reaction_id=?
Hibernate: select reactionus0_.reaction_id as reaction2_14_0_, reactionus0_.reaction_user_id as reaction1_14_0_, reactionus0_.reaction_user_id as reaction1_14_1_, reactionus0_.reaction_id as reaction2_14_1_, reactionus0_.user_id as user_id3_14_1_ from reaction_user reactionus0_ where reactionus0_.reaction_id=?
Hibernate: select reactionus0_.reaction_id as reaction2_14_0_, reactionus0_.reaction_user_id as reaction1_14_0_, reactionus0_.reaction_user_id as reaction1_14_1_, reactionus0_.reaction_id as reaction2_14_1_, reactionus0_.user_id as user_id3_14_1_ from reaction_user reactionus0_ where reactionus0_.reaction_id=?
Hibernate: select reactionus0_.reaction_id as reaction2_14_0_, reactionus0_.reaction_user_id as reaction1_14_0_, reactionus0_.reaction_user_id as reaction1_14_1_, reactionus0_.reaction_id as reaction2_14_1_, reactionus0_.user_id as user_id3_14_1_ from reaction_user reactionus0_ where reactionus0_.reaction_id=?
Hibernate: select reactionus0_.reaction_id as reaction2_14_0_, reactionus0_.reaction_user_id as reaction1_14_0_, reactionus0_.reaction_user_id as reaction1_14_1_, reactionus0_.reaction_id as reaction2_14_1_, reactionus0_.user_id as user_id3_14_1_ from reaction_user reactionus0_ where reactionus0_.reaction_id=?
Hibernate: select commentlis0_.board_id as board_id5_7_0_, commentlis0_.comment_id as comment_1_7_0_, commentlis0_.comment_id as comment_1_7_1_, commentlis0_.board_id as board_id5_7_1_, commentlis0_.comment_content as comment_2_7_1_, commentlis0_.comment_created_at as comment_3_7_1_, commentlis0_.comment_last_modified_at as comment_4_7_1_, commentlis0_.user_id as user_id6_7_1_ from comment commentlis0_ where commentlis0_.board_id=?
Hibernate: select reactionli0_.board_id as board_id3_13_0_, reactionli0_.reaction_id as reaction1_13_0_, reactionli0_.reaction_id as reaction1_13_1_, reactionli0_.board_id as board_id3_13_1_, reactionli0_.reaction_type as reaction2_13_1_ from reaction reactionli0_ where reactionli0_.board_id=?
Hibernate: select reactionus0_.reaction_id as reaction2_14_0_, reactionus0_.reaction_user_id as reaction1_14_0_, reactionus0_.reaction_user_id as reaction1_14_1_, reactionus0_.reaction_id as reaction2_14_1_, reactionus0_.user_id as user_id3_14_1_ from reaction_user reactionus0_ where reactionus0_.reaction_id=?
Hibernate: select reactionus0_.reaction_id as reaction2_14_0_, reactionus0_.reaction_user_id as reaction1_14_0_, reactionus0_.reaction_user_id as reaction1_14_1_, reactionus0_.reaction_id as reaction2_14_1_, reactionus0_.user_id as user_id3_14_1_ from reaction_user reactionus0_ where reactionus0_.reaction_id=?
Hibernate: select reactionus0_.reaction_id as reaction2_14_0_, reactionus0_.reaction_user_id as reaction1_14_0_, reactionus0_.reaction_user_id as reaction1_14_1_, reactionus0_.reaction_id as reaction2_14_1_, reactionus0_.user_id as user_id3_14_1_ from reaction_user reactionus0_ where reactionus0_.reaction_id=?
Hibernate: select reactionus0_.reaction_id as reaction2_14_0_, reactionus0_.reaction_user_id as reaction1_14_0_, reactionus0_.reaction_user_id as reaction1_14_1_, reactionus0_.reaction_id as reaction2_14_1_, reactionus0_.user_id as user_id3_14_1_ from reaction_user reactionus0_ where reactionus0_.reaction_id=?
Hibernate: select reactionus0_.reaction_id as reaction2_14_0_, reactionus0_.reaction_user_id as reaction1_14_0_, reactionus0_.reaction_user_id as reaction1_14_1_, reactionus0_.reaction_id as reaction2_14_1_, reactionus0_.user_id as user_id3_14_1_ from reaction_user reactionus0_ where reactionus0_.reaction_id=?
Hibernate: select reactionus0_.reaction_id as reaction2_14_0_, reactionus0_.reaction_user_id as reaction1_14_0_, reactionus0_.reaction_user_id as reaction1_14_1_, reactionus0_.reaction_id as reaction2_14_1_, reactionus0_.user_id as user_id3_14_1_ from reaction_user reactionus0_ where reactionus0_.reaction_id=?
Hibernate: select commentlis0_.board_id as board_id5_7_0_, commentlis0_.comment_id as comment_1_7_0_, commentlis0_.comment_id as comment_1_7_1_, commentlis0_.board_id as board_id5_7_1_, commentlis0_.comment_content as comment_2_7_1_, commentlis0_.comment_created_at as comment_3_7_1_, commentlis0_.comment_last_modified_at as comment_4_7_1_, commentlis0_.user_id as user_id6_7_1_ from comment commentlis0_ where commentlis0_.board_id=?
Hibernate: select reactionli0_.board_id as board_id3_13_0_, reactionli0_.reaction_id as reaction1_13_0_, reactionli0_.reaction_id as reaction1_13_1_, reactionli0_.board_id as board_id3_13_1_, reactionli0_.reaction_type as reaction2_13_1_ from reaction reactionli0_ where reactionli0_.board_id=?
Hibernate: select reactionus0_.reaction_id as reaction2_14_0_, reactionus0_.reaction_user_id as reaction1_14_0_, reactionus0_.reaction_user_id as reaction1_14_1_, reactionus0_.reaction_id as reaction2_14_1_, reactionus0_.user_id as user_id3_14_1_ from reaction_user reactionus0_ where reactionus0_.reaction_id=?
Hibernate: select reactionus0_.reaction_id as reaction2_14_0_, reactionus0_.reaction_user_id as reaction1_14_0_, reactionus0_.reaction_user_id as reaction1_14_1_, reactionus0_.reaction_id as reaction2_14_1_, reactionus0_.user_id as user_id3_14_1_ from reaction_user reactionus0_ where reactionus0_.reaction_id=?
Hibernate: select reactionus0_.reaction_id as reaction2_14_0_, reactionus0_.reaction_user_id as reaction1_14_0_, reactionus0_.reaction_user_id as reaction1_14_1_, reactionus0_.reaction_id as reaction2_14_1_, reactionus0_.user_id as user_id3_14_1_ from reaction_user reactionus0_ where reactionus0_.reaction_id=?
Hibernate: select reactionus0_.reaction_id as reaction2_14_0_, reactionus0_.reaction_user_id as reaction1_14_0_, reactionus0_.reaction_user_id as reaction1_14_1_, reactionus0_.reaction_id as reaction2_14_1_, reactionus0_.user_id as user_id3_14_1_ from reaction_user reactionus0_ where reactionus0_.reaction_id=?
Hibernate: select reactionus0_.reaction_id as reaction2_14_0_, reactionus0_.reaction_user_id as reaction1_14_0_, reactionus0_.reaction_user_id as reaction1_14_1_, reactionus0_.reaction_id as reaction2_14_1_, reactionus0_.user_id as user_id3_14_1_ from reaction_user reactionus0_ where reactionus0_.reaction_id=?
Hibernate: select reactionus0_.reaction_id as reaction2_14_0_, reactionus0_.reaction_user_id as reaction1_14_0_, reactionus0_.reaction_user_id as reaction1_14_1_, reactionus0_.reaction_id as reaction2_14_1_, reactionus0_.user_id as user_id3_14_1_ from reaction_user reactionus0_ where reactionus0_.reaction_id=?
Hibernate: select commentlis0_.board_id as board_id5_7_0_, commentlis0_.comment_id as comment_1_7_0_, commentlis0_.comment_id as comment_1_7_1_, commentlis0_.board_id as board_id5_7_1_, commentlis0_.comment_content as comment_2_7_1_, commentlis0_.comment_created_at as comment_3_7_1_, commentlis0_.comment_last_modified_at as comment_4_7_1_, commentlis0_.user_id as user_id6_7_1_ from comment commentlis0_ where commentlis0_.board_id=?
Hibernate: select boardlist0_.category_id as category7_4_0_, boardlist0_.board_id as board_id1_4_0_, boardlist0_.board_id as board_id1_4_1_, boardlist0_.category_id as category7_4_1_, boardlist0_.board_content as board_co2_4_1_, boardlist0_.board_created_at as board_cr3_4_1_, boardlist0_.board_last_modified_at as board_la4_4_1_, boardlist0_.board_title as board_ti5_4_1_, boardlist0_.user_id as user_id8_4_1_, boardlist0_.board_views as board_vi6_4_1_ from board boardlist0_ where boardlist0_.category_id=?
Hibernate: select count(comment0_.comment_id) as col_0_0_ from comment comment0_ where comment0_.board_id=?
Hibernate: select count(comment0_.comment_id) as col_0_0_ from comment comment0_ where comment0_.board_id=?
Hibernate: select boardlist0_.category_id as category7_4_0_, boardlist0_.board_id as board_id1_4_0_, boardlist0_.board_id as board_id1_4_1_, boardlist0_.category_id as category7_4_1_, boardlist0_.board_content as board_co2_4_1_, boardlist0_.board_created_at as board_cr3_4_1_, boardlist0_.board_last_modified_at as board_la4_4_1_, boardlist0_.board_title as board_ti5_4_1_, boardlist0_.user_id as user_id8_4_1_, boardlist0_.board_views as board_vi6_4_1_ from board boardlist0_ where boardlist0_.category_id=?
Hibernate: select count(comment0_.comment_id) as col_0_0_ from comment comment0_ where comment0_.board_id=?
Hibernate: select count(comment0_.comment_id) as col_0_0_ from comment comment0_ where comment0_.board_id=?
Hibernate: select count(*) as col_0_0_ from board board0_
Hibernate: select imagepathl0_.board_board_id as board_bo1_11_0_, imagepathl0_.board_image_path_list as board_im2_11_0_ from image_path_list imagepathl0_ where imagepathl0_.board_board_id=?
Hibernate: select filepathli0_.board_board_id as board_bo1_8_0_, filepathli0_.board_file_path_list as board_fi2_8_0_ from file_path_list filepathli0_ where filepathli0_.board_board_id=?
Hibernate: select imagepathl0_.board_board_id as board_bo1_11_0_, imagepathl0_.board_image_path_list as board_im2_11_0_ from image_path_list imagepathl0_ where imagepathl0_.board_board_id=?
Hibernate: select filepathli0_.board_board_id as board_bo1_8_0_, filepathli0_.board_file_path_list as board_fi2_8_0_ from file_path_list filepathli0_ where filepathli0_.board_board_id=?
Hibernate: select imagepathl0_.board_board_id as board_bo1_11_0_, imagepathl0_.board_image_path_list as board_im2_11_0_ from image_path_list imagepathl0_ where imagepathl0_.board_board_id=?
Hibernate: select filepathli0_.board_board_id as board_bo1_8_0_, filepathli0_.board_file_path_list as board_fi2_8_0_ from file_path_list filepathli0_ where filepathli0_.board_board_id=?
Hibernate: select imagepathl0_.board_board_id as board_bo1_11_0_, imagepathl0_.board_image_path_list as board_im2_11_0_ from image_path_list imagepathl0_ where imagepathl0_.board_board_id=?
Hibernate: select filepathli0_.board_board_id as board_bo1_8_0_, filepathli0_.board_file_path_list as board_fi2_8_0_ from file_path_list filepathli0_ where filepathli0_.board_board_id=?
Hibernate: select U.* from USER U join BOARD B where U.USER_ID = B.USER_ID and B.BOARD_ID = ?
Hibernate: select character0_.character_id as characte1_6_0_, character0_.character_character_name as characte2_6_0_ from characters character0_ where character0_.character_id=?
Hibernate: select count(*) as col_0_0_ from user user0_ where user0_.user_id=?
Hibernate: select character1_.character_id as characte1_6_, character1_.character_character_name as characte2_6_ from user user0_ inner join characters character1_ on user0_.character_id=character1_.character_id where user0_.user_id=?
Hibernate: select permission0_.character_id as characte6_12_0_, permission0_.permission_id as permissi1_12_0_, permission0_.permission_id as permissi1_12_1_, permission0_.character_id as characte6_12_1_, permission0_.permission_name as permissi2_12_1_, permission0_.permission_permission_unit_id as permissi3_12_1_, permission0_.permission_service as permissi4_12_1_, permission0_.permission_status as permissi5_12_1_ from permission permission0_ where permission0_.character_id=?
Hibernate: select count(*) as col_0_0_ from board board0_ where board0_.board_id=?
Hibernate: select board0_.board_id as board_id1_4_0_, board0_.category_id as category7_4_0_, board0_.board_content as board_co2_4_0_, board0_.board_created_at as board_cr3_4_0_, board0_.board_last_modified_at as board_la4_4_0_, board0_.board_title as board_ti5_4_0_, board0_.user_id as user_id8_4_0_, board0_.board_views as board_vi6_4_0_ from board board0_ where board0_.board_id=?
Hibernate: select category0_.category_id as category1_5_0_, category0_.category_name as category2_5_0_ from category category0_ where category0_.category_id=?
Hibernate: select reactionli0_.board_id as board_id3_13_0_, reactionli0_.reaction_id as reaction1_13_0_, reactionli0_.reaction_id as reaction1_13_1_, reactionli0_.board_id as board_id3_13_1_, reactionli0_.reaction_type as reaction2_13_1_ from reaction reactionli0_ where reactionli0_.board_id=?
Hibernate: select reactionus0_.reaction_id as reaction2_14_0_, reactionus0_.reaction_user_id as reaction1_14_0_, reactionus0_.reaction_user_id as reaction1_14_1_, reactionus0_.reaction_id as reaction2_14_1_, reactionus0_.user_id as user_id3_14_1_ from reaction_user reactionus0_ where reactionus0_.reaction_id=?
Hibernate: select reactionus0_.reaction_id as reaction2_14_0_, reactionus0_.reaction_user_id as reaction1_14_0_, reactionus0_.reaction_user_id as reaction1_14_1_, reactionus0_.reaction_id as reaction2_14_1_, reactionus0_.user_id as user_id3_14_1_ from reaction_user reactionus0_ where reactionus0_.reaction_id=?
Hibernate: select reactionus0_.reaction_id as reaction2_14_0_, reactionus0_.reaction_user_id as reaction1_14_0_, reactionus0_.reaction_user_id as reaction1_14_1_, reactionus0_.reaction_id as reaction2_14_1_, reactionus0_.user_id as user_id3_14_1_ from reaction_user reactionus0_ where reactionus0_.reaction_id=?
Hibernate: select reactionus0_.reaction_id as reaction2_14_0_, reactionus0_.reaction_user_id as reaction1_14_0_, reactionus0_.reaction_user_id as reaction1_14_1_, reactionus0_.reaction_id as reaction2_14_1_, reactionus0_.user_id as user_id3_14_1_ from reaction_user reactionus0_ where reactionus0_.reaction_id=?
Hibernate: select reactionus0_.reaction_id as reaction2_14_0_, reactionus0_.reaction_user_id as reaction1_14_0_, reactionus0_.reaction_user_id as reaction1_14_1_, reactionus0_.reaction_id as reaction2_14_1_, reactionus0_.user_id as user_id3_14_1_ from reaction_user reactionus0_ where reactionus0_.reaction_id=?
Hibernate: select reactionus0_.reaction_id as reaction2_14_0_, reactionus0_.reaction_user_id as reaction1_14_0_, reactionus0_.reaction_user_id as reaction1_14_1_, reactionus0_.reaction_id as reaction2_14_1_, reactionus0_.user_id as user_id3_14_1_ from reaction_user reactionus0_ where reactionus0_.reaction_id=?
Hibernate: select commentlis0_.board_id as board_id5_7_0_, commentlis0_.comment_id as comment_1_7_0_, commentlis0_.comment_id as comment_1_7_1_, commentlis0_.board_id as board_id5_7_1_, commentlis0_.comment_content as comment_2_7_1_, commentlis0_.comment_created_at as comment_3_7_1_, commentlis0_.comment_last_modified_at as comment_4_7_1_, commentlis0_.user_id as user_id6_7_1_ from comment commentlis0_ where commentlis0_.board_id=?
Hibernate: select boardlist0_.category_id as category7_4_0_, boardlist0_.board_id as board_id1_4_0_, boardlist0_.board_id as board_id1_4_1_, boardlist0_.category_id as category7_4_1_, boardlist0_.board_content as board_co2_4_1_, boardlist0_.board_created_at as board_cr3_4_1_, boardlist0_.board_last_modified_at as board_la4_4_1_, boardlist0_.board_title as board_ti5_4_1_, boardlist0_.user_id as user_id8_4_1_, boardlist0_.board_views as board_vi6_4_1_ from board boardlist0_ where boardlist0_.category_id=?
Hibernate: select count(comment0_.comment_id) as col_0_0_ from comment comment0_ where comment0_.board_id=?
Hibernate: update board set category_id=?, board_content=?, board_created_at=?, board_last_modified_at=?, board_title=?, user_id=?, board_views=? where board_id=?
Hibernate: select filepathli0_.board_board_id as board_bo1_8_0_, filepathli0_.board_file_path_list as board_fi2_8_0_ from file_path_list filepathli0_ where filepathli0_.board_board_id=?
Hibernate: select imagepathl0_.board_board_id as board_bo1_11_0_, imagepathl0_.board_image_path_list as board_im2_11_0_ from image_path_list imagepathl0_ where imagepathl0_.board_board_id=?
Hibernate: select count(*) as col_0_0_ from board board0_ where board0_.board_id=?
Hibernate: delete from reaction where reaction_id=?
Hibernate: delete from reaction where reaction_id=?
Hibernate: delete from reaction where reaction_id=?
Hibernate: delete from reaction where reaction_id=?
Hibernate: delete from reaction where reaction_id=?
Hibernate: delete from reaction where reaction_id=?
Hibernate: delete from board where board_id=?
Hibernate: select user0_.user_id as user_id1_21_0_, user0_.character_id as characte7_21_0_, user0_.user_created_at as user_cre2_21_0_, user0_.user_name as user_nam3_21_0_, user0_.user_phone_number as user_pho4_21_0_, user0_.user_user_id as user_use5_21_0_, user0_.user_user_password as user_use6_21_0_ from user user0_ where user0_.user_id=?
Hibernate: select character0_.character_id as characte1_6_0_, character0_.character_character_name as characte2_6_0_ from characters character0_ where character0_.character_id=?
Hibernate: select count(*) as col_0_0_ from user user0_ where user0_.user_id=?
Hibernate: select character1_.character_id as characte1_6_, character1_.character_character_name as characte2_6_ from user user0_ inner join characters character1_ on user0_.character_id=character1_.character_id where user0_.user_id=?
Hibernate: select permission0_.character_id as characte6_12_0_, permission0_.permission_id as permissi1_12_0_, permission0_.permission_id as permissi1_12_1_, permission0_.character_id as characte6_12_1_, permission0_.permission_name as permissi2_12_1_, permission0_.permission_permission_unit_id as permissi3_12_1_, permission0_.permission_service as permissi4_12_1_, permission0_.permission_status as permissi5_12_1_ from permission permission0_ where permission0_.character_id=?
Hibernate: select count(*) as col_0_0_ from board board0_ where board0_.board_id=?
Hibernate: select U.* from USER U join BOARD B where U.USER_ID = B.USER_ID and B.BOARD_ID = ?
Hibernate: select character0_.character_id as characte1_6_0_, character0_.character_character_name as characte2_6_0_ from characters character0_ where character0_.character_id=?
Hibernate: select count(*) as col_0_0_ from user user0_ where user0_.user_id=?
Hibernate: select character1_.character_id as characte1_6_, character1_.character_character_name as characte2_6_ from user user0_ inner join characters character1_ on user0_.character_id=character1_.character_id where user0_.user_id=?
Hibernate: select permission0_.character_id as characte6_12_0_, permission0_.permission_id as permissi1_12_0_, permission0_.permission_id as permissi1_12_1_, permission0_.character_id as characte6_12_1_, permission0_.permission_name as permissi2_12_1_, permission0_.permission_permission_unit_id as permissi3_12_1_, permission0_.permission_service as permissi4_12_1_, permission0_.permission_status as permissi5_12_1_ from permission permission0_ where permission0_.character_id=?
Hibernate: select count(*) as col_0_0_ from board board0_ where board0_.board_id=?
Hibernate: select board0_.board_id as board_id1_4_0_, board0_.category_id as category7_4_0_, board0_.board_content as board_co2_4_0_, board0_.board_created_at as board_cr3_4_0_, board0_.board_last_modified_at as board_la4_4_0_, board0_.board_title as board_ti5_4_0_, board0_.user_id as user_id8_4_0_, board0_.board_views as board_vi6_4_0_ from board board0_ where board0_.board_id=?
Hibernate: select category0_.category_id as category1_5_0_, category0_.category_name as category2_5_0_ from category category0_ where category0_.category_id=?
Hibernate: select reactionli0_.board_id as board_id3_13_0_, reactionli0_.reaction_id as reaction1_13_0_, reactionli0_.reaction_id as reaction1_13_1_, reactionli0_.board_id as board_id3_13_1_, reactionli0_.reaction_type as reaction2_13_1_ from reaction reactionli0_ where reactionli0_.board_id=?
Hibernate: select reactionus0_.reaction_id as reaction2_14_0_, reactionus0_.reaction_user_id as reaction1_14_0_, reactionus0_.reaction_user_id as reaction1_14_1_, reactionus0_.reaction_id as reaction2_14_1_, reactionus0_.user_id as user_id3_14_1_ from reaction_user reactionus0_ where reactionus0_.reaction_id=?
Hibernate: select reactionus0_.reaction_id as reaction2_14_0_, reactionus0_.reaction_user_id as reaction1_14_0_, reactionus0_.reaction_user_id as reaction1_14_1_, reactionus0_.reaction_id as reaction2_14_1_, reactionus0_.user_id as user_id3_14_1_ from reaction_user reactionus0_ where reactionus0_.reaction_id=?
Hibernate: select reactionus0_.reaction_id as reaction2_14_0_, reactionus0_.reaction_user_id as reaction1_14_0_, reactionus0_.reaction_user_id as reaction1_14_1_, reactionus0_.reaction_id as reaction2_14_1_, reactionus0_.user_id as user_id3_14_1_ from reaction_user reactionus0_ where reactionus0_.reaction_id=?
Hibernate: select reactionus0_.reaction_id as reaction2_14_0_, reactionus0_.reaction_user_id as reaction1_14_0_, reactionus0_.reaction_user_id as reaction1_14_1_, reactionus0_.reaction_id as reaction2_14_1_, reactionus0_.user_id as user_id3_14_1_ from reaction_user reactionus0_ where reactionus0_.reaction_id=?
Hibernate: select reactionus0_.reaction_id as reaction2_14_0_, reactionus0_.reaction_user_id as reaction1_14_0_, reactionus0_.reaction_user_id as reaction1_14_1_, reactionus0_.reaction_id as reaction2_14_1_, reactionus0_.user_id as user_id3_14_1_ from reaction_user reactionus0_ where reactionus0_.reaction_id=?
Hibernate: select reactionus0_.reaction_id as reaction2_14_0_, reactionus0_.reaction_user_id as reaction1_14_0_, reactionus0_.reaction_user_id as reaction1_14_1_, reactionus0_.reaction_id as reaction2_14_1_, reactionus0_.user_id as user_id3_14_1_ from reaction_user reactionus0_ where reactionus0_.reaction_id=?
Hibernate: select commentlis0_.board_id as board_id5_7_0_, commentlis0_.comment_id as comment_1_7_0_, commentlis0_.comment_id as comment_1_7_1_, commentlis0_.board_id as board_id5_7_1_, commentlis0_.comment_content as comment_2_7_1_, commentlis0_.comment_created_at as comment_3_7_1_, commentlis0_.comment_last_modified_at as comment_4_7_1_, commentlis0_.user_id as user_id6_7_1_ from comment commentlis0_ where commentlis0_.board_id=?
Hibernate: select boardlist0_.category_id as category7_4_0_, boardlist0_.board_id as board_id1_4_0_, boardlist0_.board_id as board_id1_4_1_, boardlist0_.category_id as category7_4_1_, boardlist0_.board_content as board_co2_4_1_, boardlist0_.board_created_at as board_cr3_4_1_, boardlist0_.board_last_modified_at as board_la4_4_1_, boardlist0_.board_title as board_ti5_4_1_, boardlist0_.user_id as user_id8_4_1_, boardlist0_.board_views as board_vi6_4_1_ from board boardlist0_ where boardlist0_.category_id=?
Hibernate: select count(comment0_.comment_id) as col_0_0_ from comment comment0_ where comment0_.board_id=?
Hibernate: update board set category_id=?, board_content=?, board_created_at=?, board_last_modified_at=?, board_title=?, user_id=?, board_views=? where board_id=?
Hibernate: select filepathli0_.board_board_id as board_bo1_8_0_, filepathli0_.board_file_path_list as board_fi2_8_0_ from file_path_list filepathli0_ where filepathli0_.board_board_id=?
Hibernate: select imagepathl0_.board_board_id as board_bo1_11_0_, imagepathl0_.board_image_path_list as board_im2_11_0_ from image_path_list imagepathl0_ where imagepathl0_.board_board_id=?
Hibernate: select count(*) as col_0_0_ from board board0_ where board0_.board_id=?
Hibernate: delete from reaction where reaction_id=?
Hibernate: delete from reaction where reaction_id=?
Hibernate: delete from reaction where reaction_id=?
Hibernate: delete from reaction where reaction_id=?
Hibernate: delete from reaction where reaction_id=?
Hibernate: delete from reaction where reaction_id=?
Hibernate: delete from board where board_id=?
Hibernate: select user0_.user_id as user_id1_21_0_, user0_.character_id as characte7_21_0_, user0_.user_created_at as user_cre2_21_0_, user0_.user_name as user_nam3_21_0_, user0_.user_phone_number as user_pho4_21_0_, user0_.user_user_id as user_use5_21_0_, user0_.user_user_password as user_use6_21_0_ from user user0_ where user0_.user_id=?
Hibernate: select character0_.character_id as characte1_6_0_, character0_.character_character_name as characte2_6_0_ from characters character0_ where character0_.character_id=?
Hibernate: select count(*) as col_0_0_ from user user0_ where user0_.user_id=?
Hibernate: select character1_.character_id as characte1_6_, character1_.character_character_name as characte2_6_ from user user0_ inner join characters character1_ on user0_.character_id=character1_.character_id where user0_.user_id=?
Hibernate: select permission0_.character_id as characte6_12_0_, permission0_.permission_id as permissi1_12_0_, permission0_.permission_id as permissi1_12_1_, permission0_.character_id as characte6_12_1_, permission0_.permission_name as permissi2_12_1_, permission0_.permission_permission_unit_id as permissi3_12_1_, permission0_.permission_service as permissi4_12_1_, permission0_.permission_status as permissi5_12_1_ from permission permission0_ where permission0_.character_id=?
Hibernate: select count(*) as col_0_0_ from board board0_ where board0_.board_id=?
Hibernate: select U.* from USER U join BOARD B where U.USER_ID = B.USER_ID and B.BOARD_ID = ?
Hibernate: select character0_.character_id as characte1_6_0_, character0_.character_character_name as characte2_6_0_ from characters character0_ where character0_.character_id=?
Hibernate: select count(*) as col_0_0_ from user user0_ where user0_.user_id=?
Hibernate: select character1_.character_id as characte1_6_, character1_.character_character_name as characte2_6_ from user user0_ inner join characters character1_ on user0_.character_id=character1_.character_id where user0_.user_id=?
Hibernate: select permission0_.character_id as characte6_12_0_, permission0_.permission_id as permissi1_12_0_, permission0_.permission_id as permissi1_12_1_, permission0_.character_id as characte6_12_1_, permission0_.permission_name as permissi2_12_1_, permission0_.permission_permission_unit_id as permissi3_12_1_, permission0_.permission_service as permissi4_12_1_, permission0_.permission_status as permissi5_12_1_ from permission permission0_ where permission0_.character_id=?
Hibernate: select count(*) as col_0_0_ from board board0_ where board0_.board_id=?
Hibernate: select board0_.board_id as board_id1_4_0_, board0_.category_id as category7_4_0_, board0_.board_content as board_co2_4_0_, board0_.board_created_at as board_cr3_4_0_, board0_.board_last_modified_at as board_la4_4_0_, board0_.board_title as board_ti5_4_0_, board0_.user_id as user_id8_4_0_, board0_.board_views as board_vi6_4_0_ from board board0_ where board0_.board_id=?
Hibernate: select category0_.category_id as category1_5_0_, category0_.category_name as category2_5_0_ from category category0_ where category0_.category_id=?
Hibernate: select reactionli0_.board_id as board_id3_13_0_, reactionli0_.reaction_id as reaction1_13_0_, reactionli0_.reaction_id as reaction1_13_1_, reactionli0_.board_id as board_id3_13_1_, reactionli0_.reaction_type as reaction2_13_1_ from reaction reactionli0_ where reactionli0_.board_id=?
Hibernate: select reactionus0_.reaction_id as reaction2_14_0_, reactionus0_.reaction_user_id as reaction1_14_0_, reactionus0_.reaction_user_id as reaction1_14_1_, reactionus0_.reaction_id as reaction2_14_1_, reactionus0_.user_id as user_id3_14_1_ from reaction_user reactionus0_ where reactionus0_.reaction_id=?
Hibernate: select reactionus0_.reaction_id as reaction2_14_0_, reactionus0_.reaction_user_id as reaction1_14_0_, reactionus0_.reaction_user_id as reaction1_14_1_, reactionus0_.reaction_id as reaction2_14_1_, reactionus0_.user_id as user_id3_14_1_ from reaction_user reactionus0_ where reactionus0_.reaction_id=?
Hibernate: select reactionus0_.reaction_id as reaction2_14_0_, reactionus0_.reaction_user_id as reaction1_14_0_, reactionus0_.reaction_user_id as reaction1_14_1_, reactionus0_.reaction_id as reaction2_14_1_, reactionus0_.user_id as user_id3_14_1_ from reaction_user reactionus0_ where reactionus0_.reaction_id=?
Hibernate: select reactionus0_.reaction_id as reaction2_14_0_, reactionus0_.reaction_user_id as reaction1_14_0_, reactionus0_.reaction_user_id as reaction1_14_1_, reactionus0_.reaction_id as reaction2_14_1_, reactionus0_.user_id as user_id3_14_1_ from reaction_user reactionus0_ where reactionus0_.reaction_id=?
Hibernate: select reactionus0_.reaction_id as reaction2_14_0_, reactionus0_.reaction_user_id as reaction1_14_0_, reactionus0_.reaction_user_id as reaction1_14_1_, reactionus0_.reaction_id as reaction2_14_1_, reactionus0_.user_id as user_id3_14_1_ from reaction_user reactionus0_ where reactionus0_.reaction_id=?
Hibernate: select reactionus0_.reaction_id as reaction2_14_0_, reactionus0_.reaction_user_id as reaction1_14_0_, reactionus0_.reaction_user_id as reaction1_14_1_, reactionus0_.reaction_id as reaction2_14_1_, reactionus0_.user_id as user_id3_14_1_ from reaction_user reactionus0_ where reactionus0_.reaction_id=?
Hibernate: select commentlis0_.board_id as board_id5_7_0_, commentlis0_.comment_id as comment_1_7_0_, commentlis0_.comment_id as comment_1_7_1_, commentlis0_.board_id as board_id5_7_1_, commentlis0_.comment_content as comment_2_7_1_, commentlis0_.comment_created_at as comment_3_7_1_, commentlis0_.comment_last_modified_at as comment_4_7_1_, commentlis0_.user_id as user_id6_7_1_ from comment commentlis0_ where commentlis0_.board_id=?
Hibernate: select boardlist0_.category_id as category7_4_0_, boardlist0_.board_id as board_id1_4_0_, boardlist0_.board_id as board_id1_4_1_, boardlist0_.category_id as category7_4_1_, boardlist0_.board_content as board_co2_4_1_, boardlist0_.board_created_at as board_cr3_4_1_, boardlist0_.board_last_modified_at as board_la4_4_1_, boardlist0_.board_title as board_ti5_4_1_, boardlist0_.user_id as user_id8_4_1_, boardlist0_.board_views as board_vi6_4_1_ from board boardlist0_ where boardlist0_.category_id=?
Hibernate: select count(comment0_.comment_id) as col_0_0_ from comment comment0_ where comment0_.board_id=?
Hibernate: update board set category_id=?, board_content=?, board_created_at=?, board_last_modified_at=?, board_title=?, user_id=?, board_views=? where board_id=?
Hibernate: select filepathli0_.board_board_id as board_bo1_8_0_, filepathli0_.board_file_path_list as board_fi2_8_0_ from file_path_list filepathli0_ where filepathli0_.board_board_id=?
Hibernate: select imagepathl0_.board_board_id as board_bo1_11_0_, imagepathl0_.board_image_path_list as board_im2_11_0_ from image_path_list imagepathl0_ where imagepathl0_.board_board_id=?
Hibernate: select count(*) as col_0_0_ from board board0_ where board0_.board_id=?
Hibernate: delete from reaction where reaction_id=?
Hibernate: delete from reaction where reaction_id=?
Hibernate: delete from reaction where reaction_id=?
Hibernate: delete from reaction where reaction_id=?
Hibernate: delete from reaction where reaction_id=?
Hibernate: delete from reaction where reaction_id=?
Hibernate: delete from board where board_id=?
Hibernate: select user0_.user_id as user_id1_21_0_, user0_.character_id as characte7_21_0_, user0_.user_created_at as user_cre2_21_0_, user0_.user_name as user_nam3_21_0_, user0_.user_phone_number as user_pho4_21_0_, user0_.user_user_id as user_use5_21_0_, user0_.user_user_password as user_use6_21_0_ from user user0_ where user0_.user_id=?
Hibernate: select character0_.character_id as characte1_6_0_, character0_.character_character_name as characte2_6_0_ from characters character0_ where character0_.character_id=?
Hibernate: select count(*) as col_0_0_ from user user0_ where user0_.user_id=?
Hibernate: select character1_.character_id as characte1_6_, character1_.character_character_name as characte2_6_ from user user0_ inner join characters character1_ on user0_.character_id=character1_.character_id where user0_.user_id=?
Hibernate: select permission0_.character_id as characte6_12_0_, permission0_.permission_id as permissi1_12_0_, permission0_.permission_id as permissi1_12_1_, permission0_.character_id as characte6_12_1_, permission0_.permission_name as permissi2_12_1_, permission0_.permission_permission_unit_id as permissi3_12_1_, permission0_.permission_service as permissi4_12_1_, permission0_.permission_status as permissi5_12_1_ from permission permission0_ where permission0_.character_id=?
Hibernate: select count(*) as col_0_0_ from board board0_ where board0_.board_id=?
Hibernate: select U.* from USER U join BOARD B where U.USER_ID = B.USER_ID and B.BOARD_ID = ?
Hibernate: select character0_.character_id as characte1_6_0_, character0_.character_character_name as characte2_6_0_ from characters character0_ where character0_.character_id=?
Hibernate: select count(*) as col_0_0_ from user user0_ where user0_.user_id=?
Hibernate: select character1_.character_id as characte1_6_, character1_.character_character_name as characte2_6_ from user user0_ inner join characters character1_ on user0_.character_id=character1_.character_id where user0_.user_id=?
Hibernate: select permission0_.character_id as characte6_12_0_, permission0_.permission_id as permissi1_12_0_, permission0_.permission_id as permissi1_12_1_, permission0_.character_id as characte6_12_1_, permission0_.permission_name as permissi2_12_1_, permission0_.permission_permission_unit_id as permissi3_12_1_, permission0_.permission_service as permissi4_12_1_, permission0_.permission_status as permissi5_12_1_ from permission permission0_ where permission0_.character_id=?
Hibernate: select count(*) as col_0_0_ from board board0_ where board0_.board_id=?
Hibernate: select board0_.board_id as board_id1_4_0_, board0_.category_id as category7_4_0_, board0_.board_content as board_co2_4_0_, board0_.board_created_at as board_cr3_4_0_, board0_.board_last_modified_at as board_la4_4_0_, board0_.board_title as board_ti5_4_0_, board0_.user_id as user_id8_4_0_, board0_.board_views as board_vi6_4_0_ from board board0_ where board0_.board_id=?
Hibernate: select category0_.category_id as category1_5_0_, category0_.category_name as category2_5_0_ from category category0_ where category0_.category_id=?
Hibernate: select reactionli0_.board_id as board_id3_13_0_, reactionli0_.reaction_id as reaction1_13_0_, reactionli0_.reaction_id as reaction1_13_1_, reactionli0_.board_id as board_id3_13_1_, reactionli0_.reaction_type as reaction2_13_1_ from reaction reactionli0_ where reactionli0_.board_id=?
Hibernate: select reactionus0_.reaction_id as reaction2_14_0_, reactionus0_.reaction_user_id as reaction1_14_0_, reactionus0_.reaction_user_id as reaction1_14_1_, reactionus0_.reaction_id as reaction2_14_1_, reactionus0_.user_id as user_id3_14_1_ from reaction_user reactionus0_ where reactionus0_.reaction_id=?
Hibernate: select reactionus0_.reaction_id as reaction2_14_0_, reactionus0_.reaction_user_id as reaction1_14_0_, reactionus0_.reaction_user_id as reaction1_14_1_, reactionus0_.reaction_id as reaction2_14_1_, reactionus0_.user_id as user_id3_14_1_ from reaction_user reactionus0_ where reactionus0_.reaction_id=?
Hibernate: select reactionus0_.reaction_id as reaction2_14_0_, reactionus0_.reaction_user_id as reaction1_14_0_, reactionus0_.reaction_user_id as reaction1_14_1_, reactionus0_.reaction_id as reaction2_14_1_, reactionus0_.user_id as user_id3_14_1_ from reaction_user reactionus0_ where reactionus0_.reaction_id=?
Hibernate: select reactionus0_.reaction_id as reaction2_14_0_, reactionus0_.reaction_user_id as reaction1_14_0_, reactionus0_.reaction_user_id as reaction1_14_1_, reactionus0_.reaction_id as reaction2_14_1_, reactionus0_.user_id as user_id3_14_1_ from reaction_user reactionus0_ where reactionus0_.reaction_id=?
Hibernate: select reactionus0_.reaction_id as reaction2_14_0_, reactionus0_.reaction_user_id as reaction1_14_0_, reactionus0_.reaction_user_id as reaction1_14_1_, reactionus0_.reaction_id as reaction2_14_1_, reactionus0_.user_id as user_id3_14_1_ from reaction_user reactionus0_ where reactionus0_.reaction_id=?
Hibernate: select reactionus0_.reaction_id as reaction2_14_0_, reactionus0_.reaction_user_id as reaction1_14_0_, reactionus0_.reaction_user_id as reaction1_14_1_, reactionus0_.reaction_id as reaction2_14_1_, reactionus0_.user_id as user_id3_14_1_ from reaction_user reactionus0_ where reactionus0_.reaction_id=?
Hibernate: select commentlis0_.board_id as board_id5_7_0_, commentlis0_.comment_id as comment_1_7_0_, commentlis0_.comment_id as comment_1_7_1_, commentlis0_.board_id as board_id5_7_1_, commentlis0_.comment_content as comment_2_7_1_, commentlis0_.comment_created_at as comment_3_7_1_, commentlis0_.comment_last_modified_at as comment_4_7_1_, commentlis0_.user_id as user_id6_7_1_ from comment commentlis0_ where commentlis0_.board_id=?
Hibernate: select boardlist0_.category_id as category7_4_0_, boardlist0_.board_id as board_id1_4_0_, boardlist0_.board_id as board_id1_4_1_, boardlist0_.category_id as category7_4_1_, boardlist0_.board_content as board_co2_4_1_, boardlist0_.board_created_at as board_cr3_4_1_, boardlist0_.board_last_modified_at as board_la4_4_1_, boardlist0_.board_title as board_ti5_4_1_, boardlist0_.user_id as user_id8_4_1_, boardlist0_.board_views as board_vi6_4_1_ from board boardlist0_ where boardlist0_.category_id=?
Hibernate: select count(comment0_.comment_id) as col_0_0_ from comment comment0_ where comment0_.board_id=?
Hibernate: update board set category_id=?, board_content=?, board_created_at=?, board_last_modified_at=?, board_title=?, user_id=?, board_views=? where board_id=?
Hibernate: select filepathli0_.board_board_id as board_bo1_8_0_, filepathli0_.board_file_path_list as board_fi2_8_0_ from file_path_list filepathli0_ where filepathli0_.board_board_id=?
Hibernate: select imagepathl0_.board_board_id as board_bo1_11_0_, imagepathl0_.board_image_path_list as board_im2_11_0_ from image_path_list imagepathl0_ where imagepathl0_.board_board_id=?
Hibernate: select count(*) as col_0_0_ from board board0_ where board0_.board_id=?
Hibernate: delete from reaction where reaction_id=?
Hibernate: delete from reaction where reaction_id=?
Hibernate: delete from reaction where reaction_id=?
Hibernate: delete from reaction where reaction_id=?
Hibernate: delete from reaction where reaction_id=?
Hibernate: delete from reaction where reaction_id=?
Hibernate: delete from board where board_id=?
Hibernate: select user0_.user_id as user_id1_21_0_, user0_.character_id as characte7_21_0_, user0_.user_created_at as user_cre2_21_0_, user0_.user_name as user_nam3_21_0_, user0_.user_phone_number as user_pho4_21_0_, user0_.user_user_id as user_use5_21_0_, user0_.user_user_password as user_use6_21_0_ from user user0_ where user0_.user_id=?
Hibernate: select character0_.character_id as characte1_6_0_, character0_.character_character_name as characte2_6_0_ from characters character0_ where character0_.character_id=?
Hibernate: select count(*) as col_0_0_ from user user0_ where user0_.user_id=?
Hibernate: select character1_.character_id as characte1_6_, character1_.character_character_name as characte2_6_ from user user0_ inner join characters character1_ on user0_.character_id=character1_.character_id where user0_.user_id=?
Hibernate: select permission0_.character_id as characte6_12_0_, permission0_.permission_id as permissi1_12_0_, permission0_.permission_id as permissi1_12_1_, permission0_.character_id as characte6_12_1_, permission0_.permission_name as permissi2_12_1_, permission0_.permission_permission_unit_id as permissi3_12_1_, permission0_.permission_service as permissi4_12_1_, permission0_.permission_status as permissi5_12_1_ from permission permission0_ where permission0_.character_id=?
Hibernate: select count(*) as col_0_0_ from board board0_ where board0_.board_id=?
Hibernate: select user0_.user_id as col_0_0_ from user user0_ where user0_.user_user_id=? limit ?
Hibernate: select user0_.user_id as col_0_0_ from user user0_ where user0_.user_user_id=? limit ?
Hibernate: select U.* from USER U where U.USER_USER_ID =?
Hibernate: select character0_.character_id as characte1_6_0_, character0_.character_character_name as characte2_6_0_ from characters character0_ where character0_.character_id=?
Hibernate: select user0_.user_id as user_id1_21_0_, user0_.character_id as characte7_21_0_, user0_.user_created_at as user_cre2_21_0_, user0_.user_name as user_nam3_21_0_, user0_.user_phone_number as user_pho4_21_0_, user0_.user_user_id as user_use5_21_0_, user0_.user_user_password as user_use6_21_0_ from user user0_ where user0_.user_id=?
Hibernate: select character0_.character_id as characte1_6_0_, character0_.character_character_name as characte2_6_0_ from characters character0_ where character0_.character_id=?
Hibernate: select category0_.category_id as category1_5_, category0_.category_name as category2_5_ from category category0_
Hibernate: select boardlist0_.category_id as category7_4_0_, boardlist0_.board_id as board_id1_4_0_, boardlist0_.board_id as board_id1_4_1_, boardlist0_.category_id as category7_4_1_, boardlist0_.board_content as board_co2_4_1_, boardlist0_.board_created_at as board_cr3_4_1_, boardlist0_.board_last_modified_at as board_la4_4_1_, boardlist0_.board_title as board_ti5_4_1_, boardlist0_.user_id as user_id8_4_1_, boardlist0_.board_views as board_vi6_4_1_ from board boardlist0_ where boardlist0_.category_id=?
Hibernate: select boardlist0_.category_id as category7_4_0_, boardlist0_.board_id as board_id1_4_0_, boardlist0_.board_id as board_id1_4_1_, boardlist0_.category_id as category7_4_1_, boardlist0_.board_content as board_co2_4_1_, boardlist0_.board_created_at as board_cr3_4_1_, boardlist0_.board_last_modified_at as board_la4_4_1_, boardlist0_.board_title as board_ti5_4_1_, boardlist0_.user_id as user_id8_4_1_, boardlist0_.board_views as board_vi6_4_1_ from board boardlist0_ where boardlist0_.category_id=?
Hibernate: select user0_.user_id as user_id1_21_0_, user0_.character_id as characte7_21_0_, user0_.user_created_at as user_cre2_21_0_, user0_.user_name as user_nam3_21_0_, user0_.user_phone_number as user_pho4_21_0_, user0_.user_user_id as user_use5_21_0_, user0_.user_user_password as user_use6_21_0_ from user user0_ where user0_.user_id=?
Hibernate: select character0_.character_id as characte1_6_0_, character0_.character_character_name as characte2_6_0_ from characters character0_ where character0_.character_id=?
Hibernate: select count(*) as col_0_0_ from user user0_ where user0_.user_id=?
Hibernate: select character1_.character_id as characte1_6_, character1_.character_character_name as characte2_6_ from user user0_ inner join characters character1_ on user0_.character_id=character1_.character_id where user0_.user_id=?
Hibernate: select permission0_.character_id as characte6_12_0_, permission0_.permission_id as permissi1_12_0_, permission0_.permission_id as permissi1_12_1_, permission0_.character_id as characte6_12_1_, permission0_.permission_name as permissi2_12_1_, permission0_.permission_permission_unit_id as permissi3_12_1_, permission0_.permission_service as permissi4_12_1_, permission0_.permission_status as permissi5_12_1_ from permission permission0_ where permission0_.character_id=?
Hibernate: select count(*) as col_0_0_ from category category0_ where category0_.category_id=?
Hibernate: select count(board0_.board_id) as col_0_0_ from board board0_ where board0_.category_id=?
Hibernate: select category0_.category_id as category1_5_0_, category0_.category_name as category2_5_0_ from category category0_ where category0_.category_id=?
Hibernate: select boardlist0_.category_id as category7_4_0_, boardlist0_.board_id as board_id1_4_0_, boardlist0_.board_id as board_id1_4_1_, boardlist0_.category_id as category7_4_1_, boardlist0_.board_content as board_co2_4_1_, boardlist0_.board_created_at as board_cr3_4_1_, boardlist0_.board_last_modified_at as board_la4_4_1_, boardlist0_.board_title as board_ti5_4_1_, boardlist0_.user_id as user_id8_4_1_, boardlist0_.board_views as board_vi6_4_1_ from board boardlist0_ where boardlist0_.category_id=?
Hibernate: delete from category where category_id=?
Hibernate: select user0_.user_id as user_id1_21_0_, user0_.character_id as characte7_21_0_, user0_.user_created_at as user_cre2_21_0_, user0_.user_name as user_nam3_21_0_, user0_.user_phone_number as user_pho4_21_0_, user0_.user_user_id as user_use5_21_0_, user0_.user_user_password as user_use6_21_0_ from user user0_ where user0_.user_id=?
Hibernate: select character0_.character_id as characte1_6_0_, character0_.character_character_name as characte2_6_0_ from characters character0_ where character0_.character_id=?
Hibernate: select count(*) as col_0_0_ from user user0_ where user0_.user_id=?
Hibernate: select character1_.character_id as characte1_6_, character1_.character_character_name as characte2_6_ from user user0_ inner join characters character1_ on user0_.character_id=character1_.character_id where user0_.user_id=?
Hibernate: select permission0_.character_id as characte6_12_0_, permission0_.permission_id as permissi1_12_0_, permission0_.permission_id as permissi1_12_1_, permission0_.character_id as characte6_12_1_, permission0_.permission_name as permissi2_12_1_, permission0_.permission_permission_unit_id as permissi3_12_1_, permission0_.permission_service as permissi4_12_1_, permission0_.permission_status as permissi5_12_1_ from permission permission0_ where permission0_.character_id=?
Hibernate: select count(*) as col_0_0_ from category category0_ where category0_.category_id=?
Hibernate: select count(board0_.board_id) as col_0_0_ from board board0_ where board0_.category_id=?
Hibernate: select category0_.category_id as category1_5_0_, category0_.category_name as category2_5_0_ from category category0_ where category0_.category_id=?
Hibernate: select boardlist0_.category_id as category7_4_0_, boardlist0_.board_id as board_id1_4_0_, boardlist0_.board_id as board_id1_4_1_, boardlist0_.category_id as category7_4_1_, boardlist0_.board_content as board_co2_4_1_, boardlist0_.board_created_at as board_cr3_4_1_, boardlist0_.board_last_modified_at as board_la4_4_1_, boardlist0_.board_title as board_ti5_4_1_, boardlist0_.user_id as user_id8_4_1_, boardlist0_.board_views as board_vi6_4_1_ from board boardlist0_ where boardlist0_.category_id=?
Hibernate: delete from category where category_id=?
Hibernate: select user0_.user_id as user_id1_21_0_, user0_.character_id as characte7_21_0_, user0_.user_created_at as user_cre2_21_0_, user0_.user_name as user_nam3_21_0_, user0_.user_phone_number as user_pho4_21_0_, user0_.user_user_id as user_use5_21_0_, user0_.user_user_password as user_use6_21_0_ from user user0_ where user0_.user_id=?
Hibernate: select character0_.character_id as characte1_6_0_, character0_.character_character_name as characte2_6_0_ from characters character0_ where character0_.character_id=?
Hibernate: select count(*) as col_0_0_ from user user0_ where user0_.user_id=?
Hibernate: select character1_.character_id as characte1_6_, character1_.character_character_name as characte2_6_ from user user0_ inner join characters character1_ on user0_.character_id=character1_.character_id where user0_.user_id=?
Hibernate: select permission0_.character_id as characte6_12_0_, permission0_.permission_id as permissi1_12_0_, permission0_.permission_id as permissi1_12_1_, permission0_.character_id as characte6_12_1_, permission0_.permission_name as permissi2_12_1_, permission0_.permission_permission_unit_id as permissi3_12_1_, permission0_.permission_service as permissi4_12_1_, permission0_.permission_status as permissi5_12_1_ from permission permission0_ where permission0_.character_id=?
Hibernate: select category0_.category_id as col_0_0_ from category category0_ where category0_.category_name=? limit ?
Hibernate: select category0_.category_id as category1_5_1_, category0_.category_name as category2_5_1_, boardlist1_.category_id as category7_4_3_, boardlist1_.board_id as board_id1_4_3_, boardlist1_.board_id as board_id1_4_0_, boardlist1_.category_id as category7_4_0_, boardlist1_.board_content as board_co2_4_0_, boardlist1_.board_created_at as board_cr3_4_0_, boardlist1_.board_last_modified_at as board_la4_4_0_, boardlist1_.board_title as board_ti5_4_0_, boardlist1_.user_id as user_id8_4_0_, boardlist1_.board_views as board_vi6_4_0_ from category category0_ left outer join board boardlist1_ on category0_.category_id=boardlist1_.category_id where category0_.category_id=?
Hibernate: insert into category (category_id, category_name) values (default, ?)
Hibernate: select user0_.user_id as user_id1_21_0_, user0_.character_id as characte7_21_0_, user0_.user_created_at as user_cre2_21_0_, user0_.user_name as user_nam3_21_0_, user0_.user_phone_number as user_pho4_21_0_, user0_.user_user_id as user_use5_21_0_, user0_.user_user_password as user_use6_21_0_ from user user0_ where user0_.user_id=?
Hibernate: select character0_.character_id as characte1_6_0_, character0_.character_character_name as characte2_6_0_ from characters character0_ where character0_.character_id=?
Hibernate: select count(*) as col_0_0_ from user user0_ where user0_.user_id=?
Hibernate: select character1_.character_id as characte1_6_, character1_.character_character_name as characte2_6_ from user user0_ inner join characters character1_ on user0_.character_id=character1_.character_id where user0_.user_id=?
Hibernate: select permission0_.character_id as characte6_12_0_, permission0_.permission_id as permissi1_12_0_, permission0_.permission_id as permissi1_12_1_, permission0_.character_id as characte6_12_1_, permission0_.permission_name as permissi2_12_1_, permission0_.permission_permission_unit_id as permissi3_12_1_, permission0_.permission_service as permissi4_12_1_, permission0_.permission_status as permissi5_12_1_ from permission permission0_ where permission0_.character_id=?
Hibernate: select category0_.category_id as col_0_0_ from category category0_ where category0_.category_name=? limit ?
Hibernate: select category0_.category_id as category1_5_1_, category0_.category_name as category2_5_1_, boardlist1_.category_id as category7_4_3_, boardlist1_.board_id as board_id1_4_3_, boardlist1_.board_id as board_id1_4_0_, boardlist1_.category_id as category7_4_0_, boardlist1_.board_content as board_co2_4_0_, boardlist1_.board_created_at as board_cr3_4_0_, boardlist1_.board_last_modified_at as board_la4_4_0_, boardlist1_.board_title as board_ti5_4_0_, boardlist1_.user_id as user_id8_4_0_, boardlist1_.board_views as board_vi6_4_0_ from category category0_ left outer join board boardlist1_ on category0_.category_id=boardlist1_.category_id where category0_.category_id=?
Hibernate: insert into category (category_id, category_name) values (default, ?)
Hibernate: select user0_.user_id as col_0_0_ from user user0_ where user0_.user_user_id=? limit ?
Hibernate: select user0_.user_id as col_0_0_ from user user0_ where user0_.user_user_id=? limit ?
Hibernate: select U.* from USER U where U.USER_USER_ID =?
Hibernate: select character0_.character_id as characte1_6_0_, character0_.character_character_name as characte2_6_0_ from characters character0_ where character0_.character_id=?
Hibernate: select user0_.user_id as col_0_0_ from user user0_ where user0_.user_user_id=? limit ?
Hibernate: select user0_.user_id as user_id1_21_, user0_.character_id as characte7_21_, user0_.user_created_at as user_cre2_21_, user0_.user_name as user_nam3_21_, user0_.user_phone_number as user_pho4_21_, user0_.user_user_id as user_use5_21_, user0_.user_user_password as user_use6_21_ from user user0_ inner join characters character1_ on user0_.character_id=character1_.character_id where user0_.user_user_id=?
Hibernate: select character0_.character_id as characte1_6_0_, character0_.character_character_name as characte2_6_0_ from characters character0_ where character0_.character_id=?
Hibernate: select rewardtagw0_.user_id as user_id4_16_0_, rewardtagw0_.reward_tag_wrapper_reward_id as reward_t1_16_0_, rewardtagw0_.reward_tag_wrapper_reward_id as reward_t1_16_1_, rewardtagw0_.reward_tag_wrapper_reward_presented_at as reward_t2_16_1_, rewardtagw0_.reward_tag_reward_tag_id as reward_t3_16_1_, rewardtagw0_.user_id as user_id4_16_1_ from reward_tag_wrapper rewardtagw0_ where rewardtagw0_.user_id=?
Hibernate: select user0_.user_id as user_id1_21_0_, user0_.character_id as characte7_21_0_, user0_.user_created_at as user_cre2_21_0_, user0_.user_name as user_nam3_21_0_, user0_.user_phone_number as user_pho4_21_0_, user0_.user_user_id as user_use5_21_0_, user0_.user_user_password as user_use6_21_0_ from user user0_ where user0_.user_id=?
Hibernate: select character0_.character_id as characte1_6_0_, character0_.character_character_name as characte2_6_0_ from characters character0_ where character0_.character_id=?
Hibernate: select count(*) as col_0_0_ from user user0_ where user0_.user_id=?
Hibernate: select character1_.character_id as characte1_6_, character1_.character_character_name as characte2_6_ from user user0_ inner join characters character1_ on user0_.character_id=character1_.character_id where user0_.user_id=?
Hibernate: select permission0_.character_id as characte6_12_0_, permission0_.permission_id as permissi1_12_0_, permission0_.permission_id as permissi1_12_1_, permission0_.character_id as characte6_12_1_, permission0_.permission_name as permissi2_12_1_, permission0_.permission_permission_unit_id as permissi3_12_1_, permission0_.permission_service as permissi4_12_1_, permission0_.permission_status as permissi5_12_1_ from permission permission0_ where permission0_.character_id=?
Hibernate: select count(*) as col_0_0_ from user user0_ where user0_.user_id=?
Hibernate: select user0_.user_id as user_id1_21_, user0_.character_id as characte7_21_, user0_.user_created_at as user_cre2_21_, user0_.user_name as user_nam3_21_, user0_.user_phone_number as user_pho4_21_, user0_.user_user_id as user_use5_21_, user0_.user_user_password as user_use6_21_ from user user0_ where user0_.user_id=?
Hibernate: select character0_.character_id as characte1_6_0_, character0_.character_character_name as characte2_6_0_ from characters character0_ where character0_.character_id=?
Hibernate: select rewardtagw0_.user_id as user_id4_16_0_, rewardtagw0_.reward_tag_wrapper_reward_id as reward_t1_16_0_, rewardtagw0_.reward_tag_wrapper_reward_id as reward_t1_16_1_, rewardtagw0_.reward_tag_wrapper_reward_presented_at as reward_t2_16_1_, rewardtagw0_.reward_tag_reward_tag_id as reward_t3_16_1_, rewardtagw0_.user_id as user_id4_16_1_ from reward_tag_wrapper rewardtagw0_ where rewardtagw0_.user_id=?
Hibernate: select attendance0_.attendance_user_attendance_user_id as col_0_0_ from attendance_user attendance0_ where attendance0_.user_id=? limit ?
Hibernate: DELETE FROM USER WHERE USER_ID = ?
Hibernate: select user0_.user_id as col_0_0_ from user user0_ where user0_.user_user_id=? limit ?
Hibernate: select user0_.user_id as col_0_0_ from user user0_ where user0_.user_user_id=? limit ?
Hibernate: select U.* from USER U where U.USER_USER_ID =?
Hibernate: select character0_.character_id as characte1_6_0_, character0_.character_character_name as characte2_6_0_ from characters character0_ where character0_.character_id=?
Hibernate: select user0_.user_id as user_id1_21_0_, user0_.character_id as characte7_21_0_, user0_.user_created_at as user_cre2_21_0_, user0_.user_name as user_nam3_21_0_, user0_.user_phone_number as user_pho4_21_0_, user0_.user_user_id as user_use5_21_0_, user0_.user_user_password as user_use6_21_0_ from user user0_ where user0_.user_id=?
Hibernate: select character0_.character_id as characte1_6_0_, character0_.character_character_name as characte2_6_0_ from characters character0_ where character0_.character_id=?
Hibernate: select count(*) as col_0_0_ from board board0_
Hibernate: select count(*) as col_0_0_ from board board0_
Hibernate: select user0_.user_id as col_0_0_ from user user0_ where user0_.user_user_id=? limit ?
Hibernate: select user0_.user_id as col_0_0_ from user user0_ where user0_.user_user_id=? limit ?
Hibernate: select U.* from USER U where U.USER_USER_ID =?
Hibernate: select character0_.character_id as characte1_6_0_, character0_.character_character_name as characte2_6_0_ from characters character0_ where character0_.character_id=?
Hibernate: select user0_.user_id as user_id1_21_0_, user0_.character_id as characte7_21_0_, user0_.user_created_at as user_cre2_21_0_, user0_.user_name as user_nam3_21_0_, user0_.user_phone_number as user_pho4_21_0_, user0_.user_user_id as user_use5_21_0_, user0_.user_user_password as user_use6_21_0_ from user user0_ where user0_.user_id=?
Hibernate: select character0_.character_id as characte1_6_0_, character0_.character_character_name as characte2_6_0_ from characters character0_ where character0_.character_id=?
Hibernate: select category0_.category_id as category1_5_, category0_.category_name as category2_5_ from category category0_
Hibernate: select boardlist0_.category_id as category7_4_0_, boardlist0_.board_id as board_id1_4_0_, boardlist0_.board_id as board_id1_4_1_, boardlist0_.category_id as category7_4_1_, boardlist0_.board_content as board_co2_4_1_, boardlist0_.board_created_at as board_cr3_4_1_, boardlist0_.board_last_modified_at as board_la4_4_1_, boardlist0_.board_title as board_ti5_4_1_, boardlist0_.user_id as user_id8_4_1_, boardlist0_.board_views as board_vi6_4_1_ from board boardlist0_ where boardlist0_.category_id=?
Hibernate: select boardlist0_.category_id as category7_4_0_, boardlist0_.board_id as board_id1_4_0_, boardlist0_.board_id as board_id1_4_1_, boardlist0_.category_id as category7_4_1_, boardlist0_.board_content as board_co2_4_1_, boardlist0_.board_created_at as board_cr3_4_1_, boardlist0_.board_last_modified_at as board_la4_4_1_, boardlist0_.board_title as board_ti5_4_1_, boardlist0_.user_id as user_id8_4_1_, boardlist0_.board_views as board_vi6_4_1_ from board boardlist0_ where boardlist0_.category_id=?
Hibernate: select user0_.user_id as user_id1_21_0_, user0_.character_id as characte7_21_0_, user0_.user_created_at as user_cre2_21_0_, user0_.user_name as user_nam3_21_0_, user0_.user_phone_number as user_pho4_21_0_, user0_.user_user_id as user_use5_21_0_, user0_.user_user_password as user_use6_21_0_ from user user0_ where user0_.user_id=?
Hibernate: select character0_.character_id as characte1_6_0_, character0_.character_character_name as characte2_6_0_ from characters character0_ where character0_.character_id=?
Hibernate: select count(*) as col_0_0_ from user user0_ where user0_.user_id=?
Hibernate: select character1_.character_id as characte1_6_, character1_.character_character_name as characte2_6_ from user user0_ inner join characters character1_ on user0_.character_id=character1_.character_id where user0_.user_id=?
Hibernate: select permission0_.character_id as characte6_12_0_, permission0_.permission_id as permissi1_12_0_, permission0_.permission_id as permissi1_12_1_, permission0_.character_id as characte6_12_1_, permission0_.permission_name as permissi2_12_1_, permission0_.permission_permission_unit_id as permissi3_12_1_, permission0_.permission_service as permissi4_12_1_, permission0_.permission_status as permissi5_12_1_ from permission permission0_ where permission0_.character_id=?
Hibernate: select count(*) as col_0_0_ from category category0_ where category0_.category_id=?
Hibernate: select count(board0_.board_id) as col_0_0_ from board board0_ where board0_.category_id=?
Hibernate: select category0_.category_id as category1_5_0_, category0_.category_name as category2_5_0_ from category category0_ where category0_.category_id=?
Hibernate: select boardlist0_.category_id as category7_4_0_, boardlist0_.board_id as board_id1_4_0_, boardlist0_.board_id as board_id1_4_1_, boardlist0_.category_id as category7_4_1_, boardlist0_.board_content as board_co2_4_1_, boardlist0_.board_created_at as board_cr3_4_1_, boardlist0_.board_last_modified_at as board_la4_4_1_, boardlist0_.board_title as board_ti5_4_1_, boardlist0_.user_id as user_id8_4_1_, boardlist0_.board_views as board_vi6_4_1_ from board boardlist0_ where boardlist0_.category_id=?
Hibernate: delete from category where category_id=?
Hibernate: select user0_.user_id as user_id1_21_0_, user0_.character_id as characte7_21_0_, user0_.user_created_at as user_cre2_21_0_, user0_.user_name as user_nam3_21_0_, user0_.user_phone_number as user_pho4_21_0_, user0_.user_user_id as user_use5_21_0_, user0_.user_user_password as user_use6_21_0_ from user user0_ where user0_.user_id=?
Hibernate: select character0_.character_id as characte1_6_0_, character0_.character_character_name as characte2_6_0_ from characters character0_ where character0_.character_id=?
Hibernate: select count(*) as col_0_0_ from user user0_ where user0_.user_id=?
Hibernate: select character1_.character_id as characte1_6_, character1_.character_character_name as characte2_6_ from user user0_ inner join characters character1_ on user0_.character_id=character1_.character_id where user0_.user_id=?
Hibernate: select permission0_.character_id as characte6_12_0_, permission0_.permission_id as permissi1_12_0_, permission0_.permission_id as permissi1_12_1_, permission0_.character_id as characte6_12_1_, permission0_.permission_name as permissi2_12_1_, permission0_.permission_permission_unit_id as permissi3_12_1_, permission0_.permission_service as permissi4_12_1_, permission0_.permission_status as permissi5_12_1_ from permission permission0_ where permission0_.character_id=?
Hibernate: select count(*) as col_0_0_ from category category0_ where category0_.category_id=?
Hibernate: select count(board0_.board_id) as col_0_0_ from board board0_ where board0_.category_id=?
Hibernate: select category0_.category_id as category1_5_0_, category0_.category_name as category2_5_0_ from category category0_ where category0_.category_id=?
Hibernate: select boardlist0_.category_id as category7_4_0_, boardlist0_.board_id as board_id1_4_0_, boardlist0_.board_id as board_id1_4_1_, boardlist0_.category_id as category7_4_1_, boardlist0_.board_content as board_co2_4_1_, boardlist0_.board_created_at as board_cr3_4_1_, boardlist0_.board_last_modified_at as board_la4_4_1_, boardlist0_.board_title as board_ti5_4_1_, boardlist0_.user_id as user_id8_4_1_, boardlist0_.board_views as board_vi6_4_1_ from board boardlist0_ where boardlist0_.category_id=?
Hibernate: delete from category where category_id=?
Hibernate: select user0_.user_id as user_id1_21_0_, user0_.character_id as characte7_21_0_, user0_.user_created_at as user_cre2_21_0_, user0_.user_name as user_nam3_21_0_, user0_.user_phone_number as user_pho4_21_0_, user0_.user_user_id as user_use5_21_0_, user0_.user_user_password as user_use6_21_0_ from user user0_ where user0_.user_id=?
Hibernate: select character0_.character_id as characte1_6_0_, character0_.character_character_name as characte2_6_0_ from characters character0_ where character0_.character_id=?
Hibernate: select count(*) as col_0_0_ from user user0_ where user0_.user_id=?
Hibernate: select character1_.character_id as characte1_6_, character1_.character_character_name as characte2_6_ from user user0_ inner join characters character1_ on user0_.character_id=character1_.character_id where user0_.user_id=?
Hibernate: select permission0_.character_id as characte6_12_0_, permission0_.permission_id as permissi1_12_0_, permission0_.permission_id as permissi1_12_1_, permission0_.character_id as characte6_12_1_, permission0_.permission_name as permissi2_12_1_, permission0_.permission_permission_unit_id as permissi3_12_1_, permission0_.permission_service as permissi4_12_1_, permission0_.permission_status as permissi5_12_1_ from permission permission0_ where permission0_.character_id=?
Hibernate: select category0_.category_id as col_0_0_ from category category0_ where category0_.category_name=? limit ?
Hibernate: select category0_.category_id as category1_5_1_, category0_.category_name as category2_5_1_, boardlist1_.category_id as category7_4_3_, boardlist1_.board_id as board_id1_4_3_, boardlist1_.board_id as board_id1_4_0_, boardlist1_.category_id as category7_4_0_, boardlist1_.board_content as board_co2_4_0_, boardlist1_.board_created_at as board_cr3_4_0_, boardlist1_.board_last_modified_at as board_la4_4_0_, boardlist1_.board_title as board_ti5_4_0_, boardlist1_.user_id as user_id8_4_0_, boardlist1_.board_views as board_vi6_4_0_ from category category0_ left outer join board boardlist1_ on category0_.category_id=boardlist1_.category_id where category0_.category_id=?
Hibernate: insert into category (category_id, category_name) values (default, ?)
Hibernate: select user0_.user_id as user_id1_21_0_, user0_.character_id as characte7_21_0_, user0_.user_created_at as user_cre2_21_0_, user0_.user_name as user_nam3_21_0_, user0_.user_phone_number as user_pho4_21_0_, user0_.user_user_id as user_use5_21_0_, user0_.user_user_password as user_use6_21_0_ from user user0_ where user0_.user_id=?
Hibernate: select character0_.character_id as characte1_6_0_, character0_.character_character_name as characte2_6_0_ from characters character0_ where character0_.character_id=?
Hibernate: select count(*) as col_0_0_ from user user0_ where user0_.user_id=?
Hibernate: select character1_.character_id as characte1_6_, character1_.character_character_name as characte2_6_ from user user0_ inner join characters character1_ on user0_.character_id=character1_.character_id where user0_.user_id=?
Hibernate: select permission0_.character_id as characte6_12_0_, permission0_.permission_id as permissi1_12_0_, permission0_.permission_id as permissi1_12_1_, permission0_.character_id as characte6_12_1_, permission0_.permission_name as permissi2_12_1_, permission0_.permission_permission_unit_id as permissi3_12_1_, permission0_.permission_service as permissi4_12_1_, permission0_.permission_status as permissi5_12_1_ from permission permission0_ where permission0_.character_id=?
Hibernate: select category0_.category_id as col_0_0_ from category category0_ where category0_.category_name=? limit ?
Hibernate: select category0_.category_id as category1_5_1_, category0_.category_name as category2_5_1_, boardlist1_.category_id as category7_4_3_, boardlist1_.board_id as board_id1_4_3_, boardlist1_.board_id as board_id1_4_0_, boardlist1_.category_id as category7_4_0_, boardlist1_.board_content as board_co2_4_0_, boardlist1_.board_created_at as board_cr3_4_0_, boardlist1_.board_last_modified_at as board_la4_4_0_, boardlist1_.board_title as board_ti5_4_0_, boardlist1_.user_id as user_id8_4_0_, boardlist1_.board_views as board_vi6_4_0_ from category category0_ left outer join board boardlist1_ on category0_.category_id=boardlist1_.category_id where category0_.category_id=?
Hibernate: insert into category (category_id, category_name) values (default, ?)
Hibernate: select user0_.user_id as col_0_0_ from user user0_ where user0_.user_user_id=? limit ?
Hibernate: select user0_.user_id as col_0_0_ from user user0_ where user0_.user_user_id=? limit ?
Hibernate: select U.* from USER U where U.USER_USER_ID =?
Hibernate: select character0_.character_id as characte1_6_0_, character0_.character_character_name as characte2_6_0_ from characters character0_ where character0_.character_id=?
Hibernate: select user0_.user_id as col_0_0_ from user user0_ where user0_.user_user_id=? limit ?
Hibernate: select user0_.user_id as col_0_0_ from user user0_ where user0_.user_user_id=? limit ?
Hibernate: select U.* from USER U where U.USER_USER_ID =?
Hibernate: select character0_.character_id as characte1_6_0_, character0_.character_character_name as characte2_6_0_ from characters character0_ where character0_.character_id=?
Hibernate: select user0_.user_id as col_0_0_ from user user0_ where user0_.user_user_id=? limit ?
Hibernate: select user0_.user_id as col_0_0_ from user user0_ where user0_.user_user_id=? limit ?
Hibernate: select U.* from USER U where U.USER_USER_ID =?
Hibernate: select character0_.character_id as characte1_6_0_, character0_.character_character_name as characte2_6_0_ from characters character0_ where character0_.character_id=?
Hibernate: select user0_.user_id as user_id1_21_0_, user0_.character_id as characte7_21_0_, user0_.user_created_at as user_cre2_21_0_, user0_.user_name as user_nam3_21_0_, user0_.user_phone_number as user_pho4_21_0_, user0_.user_user_id as user_use5_21_0_, user0_.user_user_password as user_use6_21_0_ from user user0_ where user0_.user_id=?
Hibernate: select character0_.character_id as characte1_6_0_, character0_.character_character_name as characte2_6_0_ from characters character0_ where character0_.character_id=?
Hibernate: select count(*) as col_0_0_ from user user0_ where user0_.user_id=?
Hibernate: select character1_.character_id as characte1_6_, character1_.character_character_name as characte2_6_ from user user0_ inner join characters character1_ on user0_.character_id=character1_.character_id where user0_.user_id=?
Hibernate: select permission0_.character_id as characte6_12_0_, permission0_.permission_id as permissi1_12_0_, permission0_.permission_id as permissi1_12_1_, permission0_.character_id as characte6_12_1_, permission0_.permission_name as permissi2_12_1_, permission0_.permission_permission_unit_id as permissi3_12_1_, permission0_.permission_service as permissi4_12_1_, permission0_.permission_status as permissi5_12_1_ from permission permission0_ where permission0_.character_id=?
Hibernate: select category0_.category_id as col_0_0_ from category category0_ where category0_.category_name=? limit ?
Hibernate: select category0_.category_id as category1_5_1_, category0_.category_name as category2_5_1_, boardlist1_.category_id as category7_4_3_, boardlist1_.board_id as board_id1_4_3_, boardlist1_.board_id as board_id1_4_0_, boardlist1_.category_id as category7_4_0_, boardlist1_.board_content as board_co2_4_0_, boardlist1_.board_created_at as board_cr3_4_0_, boardlist1_.board_last_modified_at as board_la4_4_0_, boardlist1_.board_title as board_ti5_4_0_, boardlist1_.user_id as user_id8_4_0_, boardlist1_.board_views as board_vi6_4_0_ from category category0_ left outer join board boardlist1_ on category0_.category_id=boardlist1_.category_id where category0_.category_id=?
Hibernate: insert into category (category_id, category_name) values (default, ?)
Hibernate: select user0_.user_id as user_id1_21_0_, user0_.character_id as characte7_21_0_, user0_.user_created_at as user_cre2_21_0_, user0_.user_name as user_nam3_21_0_, user0_.user_phone_number as user_pho4_21_0_, user0_.user_user_id as user_use5_21_0_, user0_.user_user_password as user_use6_21_0_ from user user0_ where user0_.user_id=?
Hibernate: select character0_.character_id as characte1_6_0_, character0_.character_character_name as characte2_6_0_ from characters character0_ where character0_.character_id=?
Hibernate: select category0_.category_id as category1_5_, category0_.category_name as category2_5_ from category category0_
Hibernate: select boardlist0_.category_id as category7_4_0_, boardlist0_.board_id as board_id1_4_0_, boardlist0_.board_id as board_id1_4_1_, boardlist0_.category_id as category7_4_1_, boardlist0_.board_content as board_co2_4_1_, boardlist0_.board_created_at as board_cr3_4_1_, boardlist0_.board_last_modified_at as board_la4_4_1_, boardlist0_.board_title as board_ti5_4_1_, boardlist0_.user_id as user_id8_4_1_, boardlist0_.board_views as board_vi6_4_1_ from board boardlist0_ where boardlist0_.category_id=?
Hibernate: select boardlist0_.category_id as category7_4_0_, boardlist0_.board_id as board_id1_4_0_, boardlist0_.board_id as board_id1_4_1_, boardlist0_.category_id as category7_4_1_, boardlist0_.board_content as board_co2_4_1_, boardlist0_.board_created_at as board_cr3_4_1_, boardlist0_.board_last_modified_at as board_la4_4_1_, boardlist0_.board_title as board_ti5_4_1_, boardlist0_.user_id as user_id8_4_1_, boardlist0_.board_views as board_vi6_4_1_ from board boardlist0_ where boardlist0_.category_id=?
Hibernate: select boardlist0_.category_id as category7_4_0_, boardlist0_.board_id as board_id1_4_0_, boardlist0_.board_id as board_id1_4_1_, boardlist0_.category_id as category7_4_1_, boardlist0_.board_content as board_co2_4_1_, boardlist0_.board_created_at as board_cr3_4_1_, boardlist0_.board_last_modified_at as board_la4_4_1_, boardlist0_.board_title as board_ti5_4_1_, boardlist0_.user_id as user_id8_4_1_, boardlist0_.board_views as board_vi6_4_1_ from board boardlist0_ where boardlist0_.category_id=?
Hibernate: select user0_.user_id as user_id1_21_0_, user0_.character_id as characte7_21_0_, user0_.user_created_at as user_cre2_21_0_, user0_.user_name as user_nam3_21_0_, user0_.user_phone_number as user_pho4_21_0_, user0_.user_user_id as user_use5_21_0_, user0_.user_user_password as user_use6_21_0_ from user user0_ where user0_.user_id=?
Hibernate: select character0_.character_id as characte1_6_0_, character0_.character_character_name as characte2_6_0_ from characters character0_ where character0_.character_id=?
Hibernate: select count(*) as col_0_0_ from user user0_ where user0_.user_id=?
Hibernate: select character1_.character_id as characte1_6_, character1_.character_character_name as characte2_6_ from user user0_ inner join characters character1_ on user0_.character_id=character1_.character_id where user0_.user_id=?
Hibernate: select permission0_.character_id as characte6_12_0_, permission0_.permission_id as permissi1_12_0_, permission0_.permission_id as permissi1_12_1_, permission0_.character_id as characte6_12_1_, permission0_.permission_name as permissi2_12_1_, permission0_.permission_permission_unit_id as permissi3_12_1_, permission0_.permission_service as permissi4_12_1_, permission0_.permission_status as permissi5_12_1_ from permission permission0_ where permission0_.character_id=?
Hibernate: select count(*) as col_0_0_ from category category0_ where category0_.category_id=?
Hibernate: insert into filename (filename_id, filename_origin, filename_uuid) values (default, ?, ?)
Hibernate: insert into filename (filename_id, filename_origin, filename_uuid) values (default, ?, ?)
Hibernate: select category0_.category_id as category1_5_0_, category0_.category_name as category2_5_0_ from category category0_ where category0_.category_id=?
Hibernate: insert into board (board_id, category_id, board_content, board_created_at, board_last_modified_at, board_title, user_id, board_views) values (default, ?, ?, ?, ?, ?, ?, ?)
Hibernate: insert into reaction (reaction_id, board_id, reaction_type) values (default, ?, ?)
Hibernate: insert into reaction (reaction_id, board_id, reaction_type) values (default, ?, ?)
Hibernate: insert into reaction (reaction_id, board_id, reaction_type) values (default, ?, ?)
Hibernate: insert into reaction (reaction_id, board_id, reaction_type) values (default, ?, ?)
Hibernate: insert into reaction (reaction_id, board_id, reaction_type) values (default, ?, ?)
Hibernate: insert into reaction (reaction_id, board_id, reaction_type) values (default, ?, ?)
Hibernate: insert into file_path_list (board_board_id, board_file_path_list) values (?, ?)
Hibernate: insert into image_path_list (board_board_id, board_image_path_list) values (?, ?)
Hibernate: select user0_.user_id as user_id1_21_0_, user0_.character_id as characte7_21_0_, user0_.user_created_at as user_cre2_21_0_, user0_.user_name as user_nam3_21_0_, user0_.user_phone_number as user_pho4_21_0_, user0_.user_user_id as user_use5_21_0_, user0_.user_user_password as user_use6_21_0_ from user user0_ where user0_.user_id=?
Hibernate: select character0_.character_id as characte1_6_0_, character0_.character_character_name as characte2_6_0_ from characters character0_ where character0_.character_id=?
Hibernate: select count(*) as col_0_0_ from board board0_
Hibernate: select board0_.board_id as board_id1_4_, board0_.category_id as category7_4_, board0_.board_content as board_co2_4_, board0_.board_created_at as board_cr3_4_, board0_.board_last_modified_at as board_la4_4_, board0_.board_title as board_ti5_4_, board0_.user_id as user_id8_4_, board0_.board_views as board_vi6_4_ from board board0_ limit ?
Hibernate: select category0_.category_id as category1_5_0_, category0_.category_name as category2_5_0_ from category category0_ where category0_.category_id=?
Hibernate: select reactionli0_.board_id as board_id3_13_0_, reactionli0_.reaction_id as reaction1_13_0_, reactionli0_.reaction_id as reaction1_13_1_, reactionli0_.board_id as board_id3_13_1_, reactionli0_.reaction_type as reaction2_13_1_ from reaction reactionli0_ where reactionli0_.board_id=?
Hibernate: select reactionus0_.reaction_id as reaction2_14_0_, reactionus0_.reaction_user_id as reaction1_14_0_, reactionus0_.reaction_user_id as reaction1_14_1_, reactionus0_.reaction_id as reaction2_14_1_, reactionus0_.user_id as user_id3_14_1_ from reaction_user reactionus0_ where reactionus0_.reaction_id=?
Hibernate: select reactionus0_.reaction_id as reaction2_14_0_, reactionus0_.reaction_user_id as reaction1_14_0_, reactionus0_.reaction_user_id as reaction1_14_1_, reactionus0_.reaction_id as reaction2_14_1_, reactionus0_.user_id as user_id3_14_1_ from reaction_user reactionus0_ where reactionus0_.reaction_id=?
Hibernate: select reactionus0_.reaction_id as reaction2_14_0_, reactionus0_.reaction_user_id as reaction1_14_0_, reactionus0_.reaction_user_id as reaction1_14_1_, reactionus0_.reaction_id as reaction2_14_1_, reactionus0_.user_id as user_id3_14_1_ from reaction_user reactionus0_ where reactionus0_.reaction_id=?
Hibernate: select reactionus0_.reaction_id as reaction2_14_0_, reactionus0_.reaction_user_id as reaction1_14_0_, reactionus0_.reaction_user_id as reaction1_14_1_, reactionus0_.reaction_id as reaction2_14_1_, reactionus0_.user_id as user_id3_14_1_ from reaction_user reactionus0_ where reactionus0_.reaction_id=?
Hibernate: select reactionus0_.reaction_id as reaction2_14_0_, reactionus0_.reaction_user_id as reaction1_14_0_, reactionus0_.reaction_user_id as reaction1_14_1_, reactionus0_.reaction_id as reaction2_14_1_, reactionus0_.user_id as user_id3_14_1_ from reaction_user reactionus0_ where reactionus0_.reaction_id=?
Hibernate: select reactionus0_.reaction_id as reaction2_14_0_, reactionus0_.reaction_user_id as reaction1_14_0_, reactionus0_.reaction_user_id as reaction1_14_1_, reactionus0_.reaction_id as reaction2_14_1_, reactionus0_.user_id as user_id3_14_1_ from reaction_user reactionus0_ where reactionus0_.reaction_id=?
Hibernate: select commentlis0_.board_id as board_id5_7_0_, commentlis0_.comment_id as comment_1_7_0_, commentlis0_.comment_id as comment_1_7_1_, commentlis0_.board_id as board_id5_7_1_, commentlis0_.comment_content as comment_2_7_1_, commentlis0_.comment_created_at as comment_3_7_1_, commentlis0_.comment_last_modified_at as comment_4_7_1_, commentlis0_.user_id as user_id6_7_1_ from comment commentlis0_ where commentlis0_.board_id=?
Hibernate: select boardlist0_.category_id as category7_4_0_, boardlist0_.board_id as board_id1_4_0_, boardlist0_.board_id as board_id1_4_1_, boardlist0_.category_id as category7_4_1_, boardlist0_.board_content as board_co2_4_1_, boardlist0_.board_created_at as board_cr3_4_1_, boardlist0_.board_last_modified_at as board_la4_4_1_, boardlist0_.board_title as board_ti5_4_1_, boardlist0_.user_id as user_id8_4_1_, boardlist0_.board_views as board_vi6_4_1_ from board boardlist0_ where boardlist0_.category_id=?
Hibernate: select count(comment0_.comment_id) as col_0_0_ from comment comment0_ where comment0_.board_id=?
Hibernate: select count(*) as col_0_0_ from board board0_
Hibernate: select imagepathl0_.board_board_id as board_bo1_11_0_, imagepathl0_.board_image_path_list as board_im2_11_0_ from image_path_list imagepathl0_ where imagepathl0_.board_board_id=?
Hibernate: select filename0_.filename_id as filename1_9_, filename0_.filename_origin as filename2_9_, filename0_.filename_uuid as filename3_9_ from filename filename0_ where filename0_.filename_uuid=?
Hibernate: select filepathli0_.board_board_id as board_bo1_8_0_, filepathli0_.board_file_path_list as board_fi2_8_0_ from file_path_list filepathli0_ where filepathli0_.board_board_id=?
Hibernate: select filename0_.filename_id as filename1_9_, filename0_.filename_origin as filename2_9_, filename0_.filename_uuid as filename3_9_ from filename filename0_ where filename0_.filename_uuid=?
Hibernate: select user0_.user_id as user_id1_21_0_, user0_.character_id as characte7_21_0_, user0_.user_created_at as user_cre2_21_0_, user0_.user_name as user_nam3_21_0_, user0_.user_phone_number as user_pho4_21_0_, user0_.user_user_id as user_use5_21_0_, user0_.user_user_password as user_use6_21_0_ from user user0_ where user0_.user_id=?
Hibernate: select character0_.character_id as characte1_6_0_, character0_.character_character_name as characte2_6_0_ from characters character0_ where character0_.character_id=?
Hibernate: select count(*) as col_0_0_ from user user0_ where user0_.user_id=?
Hibernate: select character1_.character_id as characte1_6_, character1_.character_character_name as characte2_6_ from user user0_ inner join characters character1_ on user0_.character_id=character1_.character_id where user0_.user_id=?
Hibernate: select permission0_.character_id as characte6_12_0_, permission0_.permission_id as permissi1_12_0_, permission0_.permission_id as permissi1_12_1_, permission0_.character_id as characte6_12_1_, permission0_.permission_name as permissi2_12_1_, permission0_.permission_permission_unit_id as permissi3_12_1_, permission0_.permission_service as permissi4_12_1_, permission0_.permission_status as permissi5_12_1_ from permission permission0_ where permission0_.character_id=?
Hibernate: select count(*) as col_0_0_ from board board0_ where board0_.board_id=?
Hibernate: select board0_.board_id as board_id1_4_0_, board0_.category_id as category7_4_0_, board0_.board_content as board_co2_4_0_, board0_.board_created_at as board_cr3_4_0_, board0_.board_last_modified_at as board_la4_4_0_, board0_.board_title as board_ti5_4_0_, board0_.user_id as user_id8_4_0_, board0_.board_views as board_vi6_4_0_ from board board0_ where board0_.board_id=?
Hibernate: select category0_.category_id as category1_5_0_, category0_.category_name as category2_5_0_ from category category0_ where category0_.category_id=?
Hibernate: insert into comment (comment_id, board_id, comment_content, comment_created_at, comment_last_modified_at, user_id) values (default, ?, ?, ?, ?, ?)
Hibernate: select user0_.user_id as user_id1_21_0_, user0_.character_id as characte7_21_0_, user0_.user_created_at as user_cre2_21_0_, user0_.user_name as user_nam3_21_0_, user0_.user_phone_number as user_pho4_21_0_, user0_.user_user_id as user_use5_21_0_, user0_.user_user_password as user_use6_21_0_ from user user0_ where user0_.user_id=?
Hibernate: select character0_.character_id as characte1_6_0_, character0_.character_character_name as characte2_6_0_ from characters character0_ where character0_.character_id=?
Hibernate: select count(*) as col_0_0_ from user user0_ where user0_.user_id=?
Hibernate: select character1_.character_id as characte1_6_, character1_.character_character_name as characte2_6_ from user user0_ inner join characters character1_ on user0_.character_id=character1_.character_id where user0_.user_id=?
Hibernate: select permission0_.character_id as characte6_12_0_, permission0_.permission_id as permissi1_12_0_, permission0_.permission_id as permissi1_12_1_, permission0_.character_id as characte6_12_1_, permission0_.permission_name as permissi2_12_1_, permission0_.permission_permission_unit_id as permissi3_12_1_, permission0_.permission_service as permissi4_12_1_, permission0_.permission_status as permissi5_12_1_ from permission permission0_ where permission0_.character_id=?
Hibernate: select count(*) as col_0_0_ from board board0_ where board0_.board_id=?
Hibernate: select count(comment0_.comment_id) as col_0_0_ from comment comment0_ where comment0_.board_id=?
Hibernate: select comment0_.comment_id as comment_1_7_, comment0_.board_id as board_id5_7_, comment0_.comment_content as comment_2_7_, comment0_.comment_created_at as comment_3_7_, comment0_.comment_last_modified_at as comment_4_7_, comment0_.user_id as user_id6_7_ from comment comment0_ where comment0_.board_id=? limit ?
Hibernate: select board0_.board_id as board_id1_4_0_, board0_.category_id as category7_4_0_, board0_.board_content as board_co2_4_0_, board0_.board_created_at as board_cr3_4_0_, board0_.board_last_modified_at as board_la4_4_0_, board0_.board_title as board_ti5_4_0_, board0_.user_id as user_id8_4_0_, board0_.board_views as board_vi6_4_0_ from board board0_ where board0_.board_id=?
Hibernate: select category0_.category_id as category1_5_0_, category0_.category_name as category2_5_0_ from category category0_ where category0_.category_id=?
Hibernate: select user0_.user_id as col_0_0_ from user user0_ where user0_.user_user_id=? limit ?
Hibernate: select user0_.user_id as col_0_0_ from user user0_ where user0_.user_user_id=? limit ?
Hibernate: select U.* from USER U where U.USER_USER_ID =?
Hibernate: select character0_.character_id as characte1_6_0_, character0_.character_character_name as characte2_6_0_ from characters character0_ where character0_.character_id=?
Hibernate: select user0_.user_id as col_0_0_ from user user0_ where user0_.user_user_id=? limit ?
Hibernate: select userjoinin0_.user_joining_pool_id as col_0_0_ from user_joining_pool userjoinin0_ where userjoinin0_.user_user_id=? limit ?
Hibernate: select character0_.character_id as col_0_0_ from characters character0_ where character0_.character_character_name=? limit ?
Hibernate: insert into user_joining_pool (user_joining_pool_id, user_created_at, user_name, user_phone_number, user_user_id, user_user_password) values (default, ?, ?, ?, ?, ?)
Hibernate: select user0_.user_id as user_id1_21_0_, user0_.character_id as characte7_21_0_, user0_.user_created_at as user_cre2_21_0_, user0_.user_name as user_nam3_21_0_, user0_.user_phone_number as user_pho4_21_0_, user0_.user_user_id as user_use5_21_0_, user0_.user_user_password as user_use6_21_0_ from user user0_ where user0_.user_id=?
Hibernate: select character0_.character_id as characte1_6_0_, character0_.character_character_name as characte2_6_0_ from characters character0_ where character0_.character_id=?
Hibernate: select count(*) as col_0_0_ from user user0_ where user0_.user_id=?
Hibernate: select character1_.character_id as characte1_6_, character1_.character_character_name as characte2_6_ from user user0_ inner join characters character1_ on user0_.character_id=character1_.character_id where user0_.user_id=?
Hibernate: select permission0_.character_id as characte6_12_0_, permission0_.permission_id as permissi1_12_0_, permission0_.permission_id as permissi1_12_1_, permission0_.character_id as characte6_12_1_, permission0_.permission_name as permissi2_12_1_, permission0_.permission_permission_unit_id as permissi3_12_1_, permission0_.permission_service as permissi4_12_1_, permission0_.permission_status as permissi5_12_1_ from permission permission0_ where permission0_.character_id=?
Hibernate: select userjoinin0_.user_joining_pool_id as col_0_0_ from user_joining_pool userjoinin0_ where userjoinin0_.user_user_id=? limit ?
Hibernate: select userjoinin0_.user_joining_pool_id as user_joi1_22_, userjoinin0_.user_created_at as user_cre2_22_, userjoinin0_.user_name as user_nam3_22_, userjoinin0_.user_phone_number as user_pho4_22_, userjoinin0_.user_user_id as user_use5_22_, userjoinin0_.user_user_password as user_use6_22_ from user_joining_pool userjoinin0_ where userjoinin0_.user_user_id=?
Hibernate: select character0_.character_id as characte1_6_, character0_.character_character_name as characte2_6_ from characters character0_ where character0_.character_character_name=?
Hibernate: insert into user (user_id, character_id, user_created_at, user_name, user_phone_number, user_user_id, user_user_password) values (default, ?, ?, ?, ?, ?, ?)
Hibernate: DELETE FROM USER_JOINING_POOL as JU where JU.USER_USER_ID =?
Hibernate: select user0_.user_id as col_0_0_ from user user0_ where user0_.user_user_id=? limit ?
Hibernate: select user0_.user_id as col_0_0_ from user user0_ where user0_.user_user_id=? limit ?
Hibernate: select U.* from USER U where U.USER_USER_ID =?
Hibernate: select character0_.character_id as characte1_6_0_, character0_.character_character_name as characte2_6_0_ from characters character0_ where character0_.character_id=?
Hibernate: select U.* from USER U join COMMENT C where U.USER_ID = C.USER_ID and C.COMMENT_ID = ?
Hibernate: select character0_.character_id as characte1_6_0_, character0_.character_character_name as characte2_6_0_ from characters character0_ where character0_.character_id=?
Hibernate: select count(*) as col_0_0_ from user user0_ where user0_.user_id=?
Hibernate: select character1_.character_id as characte1_6_, character1_.character_character_name as characte2_6_ from user user0_ inner join characters character1_ on user0_.character_id=character1_.character_id where user0_.user_id=?
Hibernate: select permission0_.character_id as characte6_12_0_, permission0_.permission_id as permissi1_12_0_, permission0_.permission_id as permissi1_12_1_, permission0_.character_id as characte6_12_1_, permission0_.permission_name as permissi2_12_1_, permission0_.permission_permission_unit_id as permissi3_12_1_, permission0_.permission_service as permissi4_12_1_, permission0_.permission_status as permissi5_12_1_ from permission permission0_ where permission0_.character_id=?
Hibernate: select user0_.user_id as col_0_0_ from user user0_ where user0_.user_user_id=? limit ?
Hibernate: select user0_.user_id as col_0_0_ from user user0_ where user0_.user_user_id=? limit ?
Hibernate: select U.* from USER U where U.USER_USER_ID =?
Hibernate: select character0_.character_id as characte1_6_0_, character0_.character_character_name as characte2_6_0_ from characters character0_ where character0_.character_id=?
Hibernate: select user0_.user_id as user_id1_21_0_, user0_.character_id as characte7_21_0_, user0_.user_created_at as user_cre2_21_0_, user0_.user_name as user_nam3_21_0_, user0_.user_phone_number as user_pho4_21_0_, user0_.user_user_id as user_use5_21_0_, user0_.user_user_password as user_use6_21_0_ from user user0_ where user0_.user_id=?
Hibernate: select character0_.character_id as characte1_6_0_, character0_.character_character_name as characte2_6_0_ from characters character0_ where character0_.character_id=?
Hibernate: select count(*) as col_0_0_ from board board0_
Hibernate: select board0_.board_id as board_id1_4_, board0_.category_id as category7_4_, board0_.board_content as board_co2_4_, board0_.board_created_at as board_cr3_4_, board0_.board_last_modified_at as board_la4_4_, board0_.board_title as board_ti5_4_, board0_.user_id as user_id8_4_, board0_.board_views as board_vi6_4_ from board board0_ limit ?
Hibernate: select category0_.category_id as category1_5_0_, category0_.category_name as category2_5_0_ from category category0_ where category0_.category_id=?
Hibernate: select reactionli0_.board_id as board_id3_13_0_, reactionli0_.reaction_id as reaction1_13_0_, reactionli0_.reaction_id as reaction1_13_1_, reactionli0_.board_id as board_id3_13_1_, reactionli0_.reaction_type as reaction2_13_1_ from reaction reactionli0_ where reactionli0_.board_id=?
Hibernate: select reactionus0_.reaction_id as reaction2_14_0_, reactionus0_.reaction_user_id as reaction1_14_0_, reactionus0_.reaction_user_id as reaction1_14_1_, reactionus0_.reaction_id as reaction2_14_1_, reactionus0_.user_id as user_id3_14_1_ from reaction_user reactionus0_ where reactionus0_.reaction_id=?
Hibernate: select reactionus0_.reaction_id as reaction2_14_0_, reactionus0_.reaction_user_id as reaction1_14_0_, reactionus0_.reaction_user_id as reaction1_14_1_, reactionus0_.reaction_id as reaction2_14_1_, reactionus0_.user_id as user_id3_14_1_ from reaction_user reactionus0_ where reactionus0_.reaction_id=?
Hibernate: select reactionus0_.reaction_id as reaction2_14_0_, reactionus0_.reaction_user_id as reaction1_14_0_, reactionus0_.reaction_user_id as reaction1_14_1_, reactionus0_.reaction_id as reaction2_14_1_, reactionus0_.user_id as user_id3_14_1_ from reaction_user reactionus0_ where reactionus0_.reaction_id=?
Hibernate: select reactionus0_.reaction_id as reaction2_14_0_, reactionus0_.reaction_user_id as reaction1_14_0_, reactionus0_.reaction_user_id as reaction1_14_1_, reactionus0_.reaction_id as reaction2_14_1_, reactionus0_.user_id as user_id3_14_1_ from reaction_user reactionus0_ where reactionus0_.reaction_id=?
Hibernate: select reactionus0_.reaction_id as reaction2_14_0_, reactionus0_.reaction_user_id as reaction1_14_0_, reactionus0_.reaction_user_id as reaction1_14_1_, reactionus0_.reaction_id as reaction2_14_1_, reactionus0_.user_id as user_id3_14_1_ from reaction_user reactionus0_ where reactionus0_.reaction_id=?
Hibernate: select reactionus0_.reaction_id as reaction2_14_0_, reactionus0_.reaction_user_id as reaction1_14_0_, reactionus0_.reaction_user_id as reaction1_14_1_, reactionus0_.reaction_id as reaction2_14_1_, reactionus0_.user_id as user_id3_14_1_ from reaction_user reactionus0_ where reactionus0_.reaction_id=?
Hibernate: select commentlis0_.board_id as board_id5_7_0_, commentlis0_.comment_id as comment_1_7_0_, commentlis0_.comment_id as comment_1_7_1_, commentlis0_.board_id as board_id5_7_1_, commentlis0_.comment_content as comment_2_7_1_, commentlis0_.comment_created_at as comment_3_7_1_, commentlis0_.comment_last_modified_at as comment_4_7_1_, commentlis0_.user_id as user_id6_7_1_ from comment commentlis0_ where commentlis0_.board_id=?
Hibernate: select boardlist0_.category_id as category7_4_0_, boardlist0_.board_id as board_id1_4_0_, boardlist0_.board_id as board_id1_4_1_, boardlist0_.category_id as category7_4_1_, boardlist0_.board_content as board_co2_4_1_, boardlist0_.board_created_at as board_cr3_4_1_, boardlist0_.board_last_modified_at as board_la4_4_1_, boardlist0_.board_title as board_ti5_4_1_, boardlist0_.user_id as user_id8_4_1_, boardlist0_.board_views as board_vi6_4_1_ from board boardlist0_ where boardlist0_.category_id=?
Hibernate: select count(comment0_.comment_id) as col_0_0_ from comment comment0_ where comment0_.board_id=?
Hibernate: select count(*) as col_0_0_ from board board0_
Hibernate: select imagepathl0_.board_board_id as board_bo1_11_0_, imagepathl0_.board_image_path_list as board_im2_11_0_ from image_path_list imagepathl0_ where imagepathl0_.board_board_id=?
Hibernate: select filename0_.filename_id as filename1_9_, filename0_.filename_origin as filename2_9_, filename0_.filename_uuid as filename3_9_ from filename filename0_ where filename0_.filename_uuid=?
Hibernate: select filepathli0_.board_board_id as board_bo1_8_0_, filepathli0_.board_file_path_list as board_fi2_8_0_ from file_path_list filepathli0_ where filepathli0_.board_board_id=?
Hibernate: select filename0_.filename_id as filename1_9_, filename0_.filename_origin as filename2_9_, filename0_.filename_uuid as filename3_9_ from filename filename0_ where filename0_.filename_uuid=?
Hibernate: select U.* from USER U join BOARD B where U.USER_ID = B.USER_ID and B.BOARD_ID = ?
Hibernate: select character0_.character_id as characte1_6_0_, character0_.character_character_name as characte2_6_0_ from characters character0_ where character0_.character_id=?
Hibernate: select count(*) as col_0_0_ from user user0_ where user0_.user_id=?
Hibernate: select character1_.character_id as characte1_6_, character1_.character_character_name as characte2_6_ from user user0_ inner join characters character1_ on user0_.character_id=character1_.character_id where user0_.user_id=?
Hibernate: select permission0_.character_id as characte6_12_0_, permission0_.permission_id as permissi1_12_0_, permission0_.permission_id as permissi1_12_1_, permission0_.character_id as characte6_12_1_, permission0_.permission_name as permissi2_12_1_, permission0_.permission_permission_unit_id as permissi3_12_1_, permission0_.permission_service as permissi4_12_1_, permission0_.permission_status as permissi5_12_1_ from permission permission0_ where permission0_.character_id=?
Hibernate: select count(*) as col_0_0_ from board board0_ where board0_.board_id=?
Hibernate: select board0_.board_id as board_id1_4_0_, board0_.category_id as category7_4_0_, board0_.board_content as board_co2_4_0_, board0_.board_created_at as board_cr3_4_0_, board0_.board_last_modified_at as board_la4_4_0_, board0_.board_title as board_ti5_4_0_, board0_.user_id as user_id8_4_0_, board0_.board_views as board_vi6_4_0_ from board board0_ where board0_.board_id=?
Hibernate: select category0_.category_id as category1_5_0_, category0_.category_name as category2_5_0_ from category category0_ where category0_.category_id=?
Hibernate: select reactionli0_.board_id as board_id3_13_0_, reactionli0_.reaction_id as reaction1_13_0_, reactionli0_.reaction_id as reaction1_13_1_, reactionli0_.board_id as board_id3_13_1_, reactionli0_.reaction_type as reaction2_13_1_ from reaction reactionli0_ where reactionli0_.board_id=?
Hibernate: select reactionus0_.reaction_id as reaction2_14_0_, reactionus0_.reaction_user_id as reaction1_14_0_, reactionus0_.reaction_user_id as reaction1_14_1_, reactionus0_.reaction_id as reaction2_14_1_, reactionus0_.user_id as user_id3_14_1_ from reaction_user reactionus0_ where reactionus0_.reaction_id=?
Hibernate: select reactionus0_.reaction_id as reaction2_14_0_, reactionus0_.reaction_user_id as reaction1_14_0_, reactionus0_.reaction_user_id as reaction1_14_1_, reactionus0_.reaction_id as reaction2_14_1_, reactionus0_.user_id as user_id3_14_1_ from reaction_user reactionus0_ where reactionus0_.reaction_id=?
Hibernate: select reactionus0_.reaction_id as reaction2_14_0_, reactionus0_.reaction_user_id as reaction1_14_0_, reactionus0_.reaction_user_id as reaction1_14_1_, reactionus0_.reaction_id as reaction2_14_1_, reactionus0_.user_id as user_id3_14_1_ from reaction_user reactionus0_ where reactionus0_.reaction_id=?
Hibernate: select reactionus0_.reaction_id as reaction2_14_0_, reactionus0_.reaction_user_id as reaction1_14_0_, reactionus0_.reaction_user_id as reaction1_14_1_, reactionus0_.reaction_id as reaction2_14_1_, reactionus0_.user_id as user_id3_14_1_ from reaction_user reactionus0_ where reactionus0_.reaction_id=?
Hibernate: select reactionus0_.reaction_id as reaction2_14_0_, reactionus0_.reaction_user_id as reaction1_14_0_, reactionus0_.reaction_user_id as reaction1_14_1_, reactionus0_.reaction_id as reaction2_14_1_, reactionus0_.user_id as user_id3_14_1_ from reaction_user reactionus0_ where reactionus0_.reaction_id=?
Hibernate: select reactionus0_.reaction_id as reaction2_14_0_, reactionus0_.reaction_user_id as reaction1_14_0_, reactionus0_.reaction_user_id as reaction1_14_1_, reactionus0_.reaction_id as reaction2_14_1_, reactionus0_.user_id as user_id3_14_1_ from reaction_user reactionus0_ where reactionus0_.reaction_id=?
Hibernate: select commentlis0_.board_id as board_id5_7_0_, commentlis0_.comment_id as comment_1_7_0_, commentlis0_.comment_id as comment_1_7_1_, commentlis0_.board_id as board_id5_7_1_, commentlis0_.comment_content as comment_2_7_1_, commentlis0_.comment_created_at as comment_3_7_1_, commentlis0_.comment_last_modified_at as comment_4_7_1_, commentlis0_.user_id as user_id6_7_1_ from comment commentlis0_ where commentlis0_.board_id=?
Hibernate: select boardlist0_.category_id as category7_4_0_, boardlist0_.board_id as board_id1_4_0_, boardlist0_.board_id as board_id1_4_1_, boardlist0_.category_id as category7_4_1_, boardlist0_.board_content as board_co2_4_1_, boardlist0_.board_created_at as board_cr3_4_1_, boardlist0_.board_last_modified_at as board_la4_4_1_, boardlist0_.board_title as board_ti5_4_1_, boardlist0_.user_id as user_id8_4_1_, boardlist0_.board_views as board_vi6_4_1_ from board boardlist0_ where boardlist0_.category_id=?
Hibernate: select count(comment0_.comment_id) as col_0_0_ from comment comment0_ where comment0_.board_id=?
Hibernate: update board set category_id=?, board_content=?, board_created_at=?, board_last_modified_at=?, board_title=?, user_id=?, board_views=? where board_id=?
Hibernate: select filepathli0_.board_board_id as board_bo1_8_0_, filepathli0_.board_file_path_list as board_fi2_8_0_ from file_path_list filepathli0_ where filepathli0_.board_board_id=?
Hibernate: select filename0_.filename_id as filename1_9_, filename0_.filename_origin as filename2_9_, filename0_.filename_uuid as filename3_9_ from filename filename0_ where filename0_.filename_uuid=?
Hibernate: delete from filename where filename_id=?
Hibernate: select imagepathl0_.board_board_id as board_bo1_11_0_, imagepathl0_.board_image_path_list as board_im2_11_0_ from image_path_list imagepathl0_ where imagepathl0_.board_board_id=?
Hibernate: select filename0_.filename_id as filename1_9_, filename0_.filename_origin as filename2_9_, filename0_.filename_uuid as filename3_9_ from filename filename0_ where filename0_.filename_uuid=?
Hibernate: delete from filename where filename_id=?
Hibernate: select count(*) as col_0_0_ from board board0_ where board0_.board_id=?
Hibernate: delete from file_path_list where board_board_id=?
Hibernate: delete from image_path_list where board_board_id=?
Hibernate: delete from comment where comment_id=?
Hibernate: delete from reaction where reaction_id=?
Hibernate: delete from reaction where reaction_id=?
Hibernate: delete from reaction where reaction_id=?
Hibernate: delete from reaction where reaction_id=?
Hibernate: delete from reaction where reaction_id=?
Hibernate: delete from reaction where reaction_id=?
Hibernate: delete from board where board_id=?
Hibernate: select user0_.user_id as user_id1_21_0_, user0_.character_id as characte7_21_0_, user0_.user_created_at as user_cre2_21_0_, user0_.user_name as user_nam3_21_0_, user0_.user_phone_number as user_pho4_21_0_, user0_.user_user_id as user_use5_21_0_, user0_.user_user_password as user_use6_21_0_ from user user0_ where user0_.user_id=?
Hibernate: select character0_.character_id as characte1_6_0_, character0_.character_character_name as characte2_6_0_ from characters character0_ where character0_.character_id=?
Hibernate: select count(*) as col_0_0_ from user user0_ where user0_.user_id=?
Hibernate: select character1_.character_id as characte1_6_, character1_.character_character_name as characte2_6_ from user user0_ inner join characters character1_ on user0_.character_id=character1_.character_id where user0_.user_id=?
Hibernate: select permission0_.character_id as characte6_12_0_, permission0_.permission_id as permissi1_12_0_, permission0_.permission_id as permissi1_12_1_, permission0_.character_id as characte6_12_1_, permission0_.permission_name as permissi2_12_1_, permission0_.permission_permission_unit_id as permissi3_12_1_, permission0_.permission_service as permissi4_12_1_, permission0_.permission_status as permissi5_12_1_ from permission permission0_ where permission0_.character_id=?
Hibernate: select count(*) as col_0_0_ from board board0_ where board0_.board_id=?
Hibernate: select user0_.user_id as col_0_0_ from user user0_ where user0_.user_user_id=? limit ?
Hibernate: select user0_.user_id as col_0_0_ from user user0_ where user0_.user_user_id=? limit ?
Hibernate: select U.* from USER U where U.USER_USER_ID =?
Hibernate: select character0_.character_id as characte1_6_0_, character0_.character_character_name as characte2_6_0_ from characters character0_ where character0_.character_id=?
Hibernate: select user0_.user_id as user_id1_21_0_, user0_.character_id as characte7_21_0_, user0_.user_created_at as user_cre2_21_0_, user0_.user_name as user_nam3_21_0_, user0_.user_phone_number as user_pho4_21_0_, user0_.user_user_id as user_use5_21_0_, user0_.user_user_password as user_use6_21_0_ from user user0_ where user0_.user_id=?
Hibernate: select character0_.character_id as characte1_6_0_, character0_.character_character_name as characte2_6_0_ from characters character0_ where character0_.character_id=?
Hibernate: select category0_.category_id as category1_5_, category0_.category_name as category2_5_ from category category0_
Hibernate: select boardlist0_.category_id as category7_4_0_, boardlist0_.board_id as board_id1_4_0_, boardlist0_.board_id as board_id1_4_1_, boardlist0_.category_id as category7_4_1_, boardlist0_.board_content as board_co2_4_1_, boardlist0_.board_created_at as board_cr3_4_1_, boardlist0_.board_last_modified_at as board_la4_4_1_, boardlist0_.board_title as board_ti5_4_1_, boardlist0_.user_id as user_id8_4_1_, boardlist0_.board_views as board_vi6_4_1_ from board boardlist0_ where boardlist0_.category_id=?
Hibernate: select boardlist0_.category_id as category7_4_0_, boardlist0_.board_id as board_id1_4_0_, boardlist0_.board_id as board_id1_4_1_, boardlist0_.category_id as category7_4_1_, boardlist0_.board_content as board_co2_4_1_, boardlist0_.board_created_at as board_cr3_4_1_, boardlist0_.board_last_modified_at as board_la4_4_1_, boardlist0_.board_title as board_ti5_4_1_, boardlist0_.user_id as user_id8_4_1_, boardlist0_.board_views as board_vi6_4_1_ from board boardlist0_ where boardlist0_.category_id=?
Hibernate: select boardlist0_.category_id as category7_4_0_, boardlist0_.board_id as board_id1_4_0_, boardlist0_.board_id as board_id1_4_1_, boardlist0_.category_id as category7_4_1_, boardlist0_.board_content as board_co2_4_1_, boardlist0_.board_created_at as board_cr3_4_1_, boardlist0_.board_last_modified_at as board_la4_4_1_, boardlist0_.board_title as board_ti5_4_1_, boardlist0_.user_id as user_id8_4_1_, boardlist0_.board_views as board_vi6_4_1_ from board boardlist0_ where boardlist0_.category_id=?
Hibernate: select user0_.user_id as user_id1_21_0_, user0_.character_id as characte7_21_0_, user0_.user_created_at as user_cre2_21_0_, user0_.user_name as user_nam3_21_0_, user0_.user_phone_number as user_pho4_21_0_, user0_.user_user_id as user_use5_21_0_, user0_.user_user_password as user_use6_21_0_ from user user0_ where user0_.user_id=?
Hibernate: select character0_.character_id as characte1_6_0_, character0_.character_character_name as characte2_6_0_ from characters character0_ where character0_.character_id=?
Hibernate: select count(*) as col_0_0_ from user user0_ where user0_.user_id=?
Hibernate: select character1_.character_id as characte1_6_, character1_.character_character_name as characte2_6_ from user user0_ inner join characters character1_ on user0_.character_id=character1_.character_id where user0_.user_id=?
Hibernate: select permission0_.character_id as characte6_12_0_, permission0_.permission_id as permissi1_12_0_, permission0_.permission_id as permissi1_12_1_, permission0_.character_id as characte6_12_1_, permission0_.permission_name as permissi2_12_1_, permission0_.permission_permission_unit_id as permissi3_12_1_, permission0_.permission_service as permissi4_12_1_, permission0_.permission_status as permissi5_12_1_ from permission permission0_ where permission0_.character_id=?
Hibernate: select count(*) as col_0_0_ from category category0_ where category0_.category_id=?
Hibernate: select count(board0_.board_id) as col_0_0_ from board board0_ where board0_.category_id=?
Hibernate: select category0_.category_id as category1_5_0_, category0_.category_name as category2_5_0_ from category category0_ where category0_.category_id=?
Hibernate: select boardlist0_.category_id as category7_4_0_, boardlist0_.board_id as board_id1_4_0_, boardlist0_.board_id as board_id1_4_1_, boardlist0_.category_id as category7_4_1_, boardlist0_.board_content as board_co2_4_1_, boardlist0_.board_created_at as board_cr3_4_1_, boardlist0_.board_last_modified_at as board_la4_4_1_, boardlist0_.board_title as board_ti5_4_1_, boardlist0_.user_id as user_id8_4_1_, boardlist0_.board_views as board_vi6_4_1_ from board boardlist0_ where boardlist0_.category_id=?
Hibernate: delete from category where category_id=?
Hibernate: select user0_.user_id as user_id1_21_0_, user0_.character_id as characte7_21_0_, user0_.user_created_at as user_cre2_21_0_, user0_.user_name as user_nam3_21_0_, user0_.user_phone_number as user_pho4_21_0_, user0_.user_user_id as user_use5_21_0_, user0_.user_user_password as user_use6_21_0_ from user user0_ where user0_.user_id=?
Hibernate: select character0_.character_id as characte1_6_0_, character0_.character_character_name as characte2_6_0_ from characters character0_ where character0_.character_id=?
Hibernate: select count(*) as col_0_0_ from user user0_ where user0_.user_id=?
Hibernate: select character1_.character_id as characte1_6_, character1_.character_character_name as characte2_6_ from user user0_ inner join characters character1_ on user0_.character_id=character1_.character_id where user0_.user_id=?
Hibernate: select permission0_.character_id as characte6_12_0_, permission0_.permission_id as permissi1_12_0_, permission0_.permission_id as permissi1_12_1_, permission0_.character_id as characte6_12_1_, permission0_.permission_name as permissi2_12_1_, permission0_.permission_permission_unit_id as permissi3_12_1_, permission0_.permission_service as permissi4_12_1_, permission0_.permission_status as permissi5_12_1_ from permission permission0_ where permission0_.character_id=?
Hibernate: select count(*) as col_0_0_ from category category0_ where category0_.category_id=?
Hibernate: select count(board0_.board_id) as col_0_0_ from board board0_ where board0_.category_id=?
Hibernate: select category0_.category_id as category1_5_0_, category0_.category_name as category2_5_0_ from category category0_ where category0_.category_id=?
Hibernate: select boardlist0_.category_id as category7_4_0_, boardlist0_.board_id as board_id1_4_0_, boardlist0_.board_id as board_id1_4_1_, boardlist0_.category_id as category7_4_1_, boardlist0_.board_content as board_co2_4_1_, boardlist0_.board_created_at as board_cr3_4_1_, boardlist0_.board_last_modified_at as board_la4_4_1_, boardlist0_.board_title as board_ti5_4_1_, boardlist0_.user_id as user_id8_4_1_, boardlist0_.board_views as board_vi6_4_1_ from board boardlist0_ where boardlist0_.category_id=?
Hibernate: delete from category where category_id=?
Hibernate: select user0_.user_id as user_id1_21_0_, user0_.character_id as characte7_21_0_, user0_.user_created_at as user_cre2_21_0_, user0_.user_name as user_nam3_21_0_, user0_.user_phone_number as user_pho4_21_0_, user0_.user_user_id as user_use5_21_0_, user0_.user_user_password as user_use6_21_0_ from user user0_ where user0_.user_id=?
Hibernate: select character0_.character_id as characte1_6_0_, character0_.character_character_name as characte2_6_0_ from characters character0_ where character0_.character_id=?
Hibernate: select count(*) as col_0_0_ from user user0_ where user0_.user_id=?
Hibernate: select character1_.character_id as characte1_6_, character1_.character_character_name as characte2_6_ from user user0_ inner join characters character1_ on user0_.character_id=character1_.character_id where user0_.user_id=?
Hibernate: select permission0_.character_id as characte6_12_0_, permission0_.permission_id as permissi1_12_0_, permission0_.permission_id as permissi1_12_1_, permission0_.character_id as characte6_12_1_, permission0_.permission_name as permissi2_12_1_, permission0_.permission_permission_unit_id as permissi3_12_1_, permission0_.permission_service as permissi4_12_1_, permission0_.permission_status as permissi5_12_1_ from permission permission0_ where permission0_.character_id=?
Hibernate: select count(*) as col_0_0_ from category category0_ where category0_.category_id=?
Hibernate: select count(board0_.board_id) as col_0_0_ from board board0_ where board0_.category_id=?
Hibernate: select category0_.category_id as category1_5_0_, category0_.category_name as category2_5_0_ from category category0_ where category0_.category_id=?
Hibernate: select boardlist0_.category_id as category7_4_0_, boardlist0_.board_id as board_id1_4_0_, boardlist0_.board_id as board_id1_4_1_, boardlist0_.category_id as category7_4_1_, boardlist0_.board_content as board_co2_4_1_, boardlist0_.board_created_at as board_cr3_4_1_, boardlist0_.board_last_modified_at as board_la4_4_1_, boardlist0_.board_title as board_ti5_4_1_, boardlist0_.user_id as user_id8_4_1_, boardlist0_.board_views as board_vi6_4_1_ from board boardlist0_ where boardlist0_.category_id=?
Hibernate: delete from category where category_id=?
Hibernate: select user0_.user_id as user_id1_21_0_, user0_.character_id as characte7_21_0_, user0_.user_created_at as user_cre2_21_0_, user0_.user_name as user_nam3_21_0_, user0_.user_phone_number as user_pho4_21_0_, user0_.user_user_id as user_use5_21_0_, user0_.user_user_password as user_use6_21_0_ from user user0_ where user0_.user_id=?
Hibernate: select character0_.character_id as characte1_6_0_, character0_.character_character_name as characte2_6_0_ from characters character0_ where character0_.character_id=?
Hibernate: select count(*) as col_0_0_ from user user0_ where user0_.user_id=?
Hibernate: select character1_.character_id as characte1_6_, character1_.character_character_name as characte2_6_ from user user0_ inner join characters character1_ on user0_.character_id=character1_.character_id where user0_.user_id=?
Hibernate: select permission0_.character_id as characte6_12_0_, permission0_.permission_id as permissi1_12_0_, permission0_.permission_id as permissi1_12_1_, permission0_.character_id as characte6_12_1_, permission0_.permission_name as permissi2_12_1_, permission0_.permission_permission_unit_id as permissi3_12_1_, permission0_.permission_service as permissi4_12_1_, permission0_.permission_status as permissi5_12_1_ from permission permission0_ where permission0_.character_id=?
Hibernate: select category0_.category_id as col_0_0_ from category category0_ where category0_.category_name=? limit ?
Hibernate: select category0_.category_id as category1_5_1_, category0_.category_name as category2_5_1_, boardlist1_.category_id as category7_4_3_, boardlist1_.board_id as board_id1_4_3_, boardlist1_.board_id as board_id1_4_0_, boardlist1_.category_id as category7_4_0_, boardlist1_.board_content as board_co2_4_0_, boardlist1_.board_created_at as board_cr3_4_0_, boardlist1_.board_last_modified_at as board_la4_4_0_, boardlist1_.board_title as board_ti5_4_0_, boardlist1_.user_id as user_id8_4_0_, boardlist1_.board_views as board_vi6_4_0_ from category category0_ left outer join board boardlist1_ on category0_.category_id=boardlist1_.category_id where category0_.category_id=?
Hibernate: insert into category (category_id, category_name) values (default, ?)
Hibernate: select user0_.user_id as user_id1_21_0_, user0_.character_id as characte7_21_0_, user0_.user_created_at as user_cre2_21_0_, user0_.user_name as user_nam3_21_0_, user0_.user_phone_number as user_pho4_21_0_, user0_.user_user_id as user_use5_21_0_, user0_.user_user_password as user_use6_21_0_ from user user0_ where user0_.user_id=?
Hibernate: select character0_.character_id as characte1_6_0_, character0_.character_character_name as characte2_6_0_ from characters character0_ where character0_.character_id=?
Hibernate: select count(*) as col_0_0_ from user user0_ where user0_.user_id=?
Hibernate: select character1_.character_id as characte1_6_, character1_.character_character_name as characte2_6_ from user user0_ inner join characters character1_ on user0_.character_id=character1_.character_id where user0_.user_id=?
Hibernate: select permission0_.character_id as characte6_12_0_, permission0_.permission_id as permissi1_12_0_, permission0_.permission_id as permissi1_12_1_, permission0_.character_id as characte6_12_1_, permission0_.permission_name as permissi2_12_1_, permission0_.permission_permission_unit_id as permissi3_12_1_, permission0_.permission_service as permissi4_12_1_, permission0_.permission_status as permissi5_12_1_ from permission permission0_ where permission0_.character_id=?
Hibernate: select category0_.category_id as col_0_0_ from category category0_ where category0_.category_name=? limit ?
Hibernate: select category0_.category_id as category1_5_1_, category0_.category_name as category2_5_1_, boardlist1_.category_id as category7_4_3_, boardlist1_.board_id as board_id1_4_3_, boardlist1_.board_id as board_id1_4_0_, boardlist1_.category_id as category7_4_0_, boardlist1_.board_content as board_co2_4_0_, boardlist1_.board_created_at as board_cr3_4_0_, boardlist1_.board_last_modified_at as board_la4_4_0_, boardlist1_.board_title as board_ti5_4_0_, boardlist1_.user_id as user_id8_4_0_, boardlist1_.board_views as board_vi6_4_0_ from category category0_ left outer join board boardlist1_ on category0_.category_id=boardlist1_.category_id where category0_.category_id=?
Hibernate: insert into category (category_id, category_name) values (default, ?)
Hibernate: select user0_.user_id as col_0_0_ from user user0_ where user0_.user_user_id=? limit ?
Hibernate: select user0_.user_id as col_0_0_ from user user0_ where user0_.user_user_id=? limit ?
Hibernate: select U.* from USER U where U.USER_USER_ID =?
Hibernate: select character0_.character_id as characte1_6_0_, character0_.character_character_name as characte2_6_0_ from characters character0_ where character0_.character_id=?
Hibernate: select user0_.user_id as col_0_0_ from user user0_ where user0_.user_user_id=? limit ?
Hibernate: select user0_.user_id as user_id1_21_, user0_.character_id as characte7_21_, user0_.user_created_at as user_cre2_21_, user0_.user_name as user_nam3_21_, user0_.user_phone_number as user_pho4_21_, user0_.user_user_id as user_use5_21_, user0_.user_user_password as user_use6_21_ from user user0_ inner join characters character1_ on user0_.character_id=character1_.character_id where user0_.user_user_id=?
Hibernate: select character0_.character_id as characte1_6_0_, character0_.character_character_name as characte2_6_0_ from characters character0_ where character0_.character_id=?
Hibernate: select rewardtagw0_.user_id as user_id4_16_0_, rewardtagw0_.reward_tag_wrapper_reward_id as reward_t1_16_0_, rewardtagw0_.reward_tag_wrapper_reward_id as reward_t1_16_1_, rewardtagw0_.reward_tag_wrapper_reward_presented_at as reward_t2_16_1_, rewardtagw0_.reward_tag_reward_tag_id as reward_t3_16_1_, rewardtagw0_.user_id as user_id4_16_1_ from reward_tag_wrapper rewardtagw0_ where rewardtagw0_.user_id=?
Hibernate: select user0_.user_id as user_id1_21_0_, user0_.character_id as characte7_21_0_, user0_.user_created_at as user_cre2_21_0_, user0_.user_name as user_nam3_21_0_, user0_.user_phone_number as user_pho4_21_0_, user0_.user_user_id as user_use5_21_0_, user0_.user_user_password as user_use6_21_0_ from user user0_ where user0_.user_id=?
Hibernate: select character0_.character_id as characte1_6_0_, character0_.character_character_name as characte2_6_0_ from characters character0_ where character0_.character_id=?
Hibernate: select count(*) as col_0_0_ from user user0_ where user0_.user_id=?
Hibernate: select character1_.character_id as characte1_6_, character1_.character_character_name as characte2_6_ from user user0_ inner join characters character1_ on user0_.character_id=character1_.character_id where user0_.user_id=?
Hibernate: select permission0_.character_id as characte6_12_0_, permission0_.permission_id as permissi1_12_0_, permission0_.permission_id as permissi1_12_1_, permission0_.character_id as characte6_12_1_, permission0_.permission_name as permissi2_12_1_, permission0_.permission_permission_unit_id as permissi3_12_1_, permission0_.permission_service as permissi4_12_1_, permission0_.permission_status as permissi5_12_1_ from permission permission0_ where permission0_.character_id=?
Hibernate: select count(*) as col_0_0_ from user user0_ where user0_.user_id=?
Hibernate: select user0_.user_id as user_id1_21_, user0_.character_id as characte7_21_, user0_.user_created_at as user_cre2_21_, user0_.user_name as user_nam3_21_, user0_.user_phone_number as user_pho4_21_, user0_.user_user_id as user_use5_21_, user0_.user_user_password as user_use6_21_ from user user0_ where user0_.user_id=?
Hibernate: select character0_.character_id as characte1_6_0_, character0_.character_character_name as characte2_6_0_ from characters character0_ where character0_.character_id=?
Hibernate: select rewardtagw0_.user_id as user_id4_16_0_, rewardtagw0_.reward_tag_wrapper_reward_id as reward_t1_16_0_, rewardtagw0_.reward_tag_wrapper_reward_id as reward_t1_16_1_, rewardtagw0_.reward_tag_wrapper_reward_presented_at as reward_t2_16_1_, rewardtagw0_.reward_tag_reward_tag_id as reward_t3_16_1_, rewardtagw0_.user_id as user_id4_16_1_ from reward_tag_wrapper rewardtagw0_ where rewardtagw0_.user_id=?
Hibernate: select attendance0_.attendance_user_attendance_user_id as col_0_0_ from attendance_user attendance0_ where attendance0_.user_id=? limit ?
Hibernate: DELETE FROM USER WHERE USER_ID = ?
Hibernate: select user0_.user_id as col_0_0_ from user user0_ where user0_.user_user_id=? limit ?
Hibernate: select user0_.user_id as col_0_0_ from user user0_ where user0_.user_user_id=? limit ?
Hibernate: select U.* from USER U where U.USER_USER_ID =?
Hibernate: select character0_.character_id as characte1_6_0_, character0_.character_character_name as characte2_6_0_ from characters character0_ where character0_.character_id=?
Hibernate: select user0_.user_id as user_id1_21_0_, user0_.character_id as characte7_21_0_, user0_.user_created_at as user_cre2_21_0_, user0_.user_name as user_nam3_21_0_, user0_.user_phone_number as user_pho4_21_0_, user0_.user_user_id as user_use5_21_0_, user0_.user_user_password as user_use6_21_0_ from user user0_ where user0_.user_id=?
Hibernate: select character0_.character_id as characte1_6_0_, character0_.character_character_name as characte2_6_0_ from characters character0_ where character0_.character_id=?
Hibernate: select count(*) as col_0_0_ from board board0_
Hibernate: select count(*) as col_0_0_ from board board0_
Hibernate: select user0_.user_id as col_0_0_ from user user0_ where user0_.user_user_id=? limit ?
Hibernate: select user0_.user_id as col_0_0_ from user user0_ where user0_.user_user_id=? limit ?
Hibernate: select U.* from USER U where U.USER_USER_ID =?
Hibernate: select character0_.character_id as characte1_6_0_, character0_.character_character_name as characte2_6_0_ from characters character0_ where character0_.character_id=?
Hibernate: select user0_.user_id as user_id1_21_0_, user0_.character_id as characte7_21_0_, user0_.user_created_at as user_cre2_21_0_, user0_.user_name as user_nam3_21_0_, user0_.user_phone_number as user_pho4_21_0_, user0_.user_user_id as user_use5_21_0_, user0_.user_user_password as user_use6_21_0_ from user user0_ where user0_.user_id=?
Hibernate: select character0_.character_id as characte1_6_0_, character0_.character_character_name as characte2_6_0_ from characters character0_ where character0_.character_id=?
Hibernate: select category0_.category_id as category1_5_, category0_.category_name as category2_5_ from category category0_
Hibernate: select boardlist0_.category_id as category7_4_0_, boardlist0_.board_id as board_id1_4_0_, boardlist0_.board_id as board_id1_4_1_, boardlist0_.category_id as category7_4_1_, boardlist0_.board_content as board_co2_4_1_, boardlist0_.board_created_at as board_cr3_4_1_, boardlist0_.board_last_modified_at as board_la4_4_1_, boardlist0_.board_title as board_ti5_4_1_, boardlist0_.user_id as user_id8_4_1_, boardlist0_.board_views as board_vi6_4_1_ from board boardlist0_ where boardlist0_.category_id=?
Hibernate: select boardlist0_.category_id as category7_4_0_, boardlist0_.board_id as board_id1_4_0_, boardlist0_.board_id as board_id1_4_1_, boardlist0_.category_id as category7_4_1_, boardlist0_.board_content as board_co2_4_1_, boardlist0_.board_created_at as board_cr3_4_1_, boardlist0_.board_last_modified_at as board_la4_4_1_, boardlist0_.board_title as board_ti5_4_1_, boardlist0_.user_id as user_id8_4_1_, boardlist0_.board_views as board_vi6_4_1_ from board boardlist0_ where boardlist0_.category_id=?
Hibernate: select user0_.user_id as user_id1_21_0_, user0_.character_id as characte7_21_0_, user0_.user_created_at as user_cre2_21_0_, user0_.user_name as user_nam3_21_0_, user0_.user_phone_number as user_pho4_21_0_, user0_.user_user_id as user_use5_21_0_, user0_.user_user_password as user_use6_21_0_ from user user0_ where user0_.user_id=?
Hibernate: select character0_.character_id as characte1_6_0_, character0_.character_character_name as characte2_6_0_ from characters character0_ where character0_.character_id=?
Hibernate: select count(*) as col_0_0_ from user user0_ where user0_.user_id=?
Hibernate: select character1_.character_id as characte1_6_, character1_.character_character_name as characte2_6_ from user user0_ inner join characters character1_ on user0_.character_id=character1_.character_id where user0_.user_id=?
Hibernate: select permission0_.character_id as characte6_12_0_, permission0_.permission_id as permissi1_12_0_, permission0_.permission_id as permissi1_12_1_, permission0_.character_id as characte6_12_1_, permission0_.permission_name as permissi2_12_1_, permission0_.permission_permission_unit_id as permissi3_12_1_, permission0_.permission_service as permissi4_12_1_, permission0_.permission_status as permissi5_12_1_ from permission permission0_ where permission0_.character_id=?
Hibernate: select count(*) as col_0_0_ from category category0_ where category0_.category_id=?
Hibernate: select count(board0_.board_id) as col_0_0_ from board board0_ where board0_.category_id=?
Hibernate: select category0_.category_id as category1_5_0_, category0_.category_name as category2_5_0_ from category category0_ where category0_.category_id=?
Hibernate: select boardlist0_.category_id as category7_4_0_, boardlist0_.board_id as board_id1_4_0_, boardlist0_.board_id as board_id1_4_1_, boardlist0_.category_id as category7_4_1_, boardlist0_.board_content as board_co2_4_1_, boardlist0_.board_created_at as board_cr3_4_1_, boardlist0_.board_last_modified_at as board_la4_4_1_, boardlist0_.board_title as board_ti5_4_1_, boardlist0_.user_id as user_id8_4_1_, boardlist0_.board_views as board_vi6_4_1_ from board boardlist0_ where boardlist0_.category_id=?
Hibernate: delete from category where category_id=?
Hibernate: select user0_.user_id as user_id1_21_0_, user0_.character_id as characte7_21_0_, user0_.user_created_at as user_cre2_21_0_, user0_.user_name as user_nam3_21_0_, user0_.user_phone_number as user_pho4_21_0_, user0_.user_user_id as user_use5_21_0_, user0_.user_user_password as user_use6_21_0_ from user user0_ where user0_.user_id=?
Hibernate: select character0_.character_id as characte1_6_0_, character0_.character_character_name as characte2_6_0_ from characters character0_ where character0_.character_id=?
Hibernate: select count(*) as col_0_0_ from user user0_ where user0_.user_id=?
Hibernate: select character1_.character_id as characte1_6_, character1_.character_character_name as characte2_6_ from user user0_ inner join characters character1_ on user0_.character_id=character1_.character_id where user0_.user_id=?
Hibernate: select permission0_.character_id as characte6_12_0_, permission0_.permission_id as permissi1_12_0_, permission0_.permission_id as permissi1_12_1_, permission0_.character_id as characte6_12_1_, permission0_.permission_name as permissi2_12_1_, permission0_.permission_permission_unit_id as permissi3_12_1_, permission0_.permission_service as permissi4_12_1_, permission0_.permission_status as permissi5_12_1_ from permission permission0_ where permission0_.character_id=?
Hibernate: select count(*) as col_0_0_ from category category0_ where category0_.category_id=?
Hibernate: select count(board0_.board_id) as col_0_0_ from board board0_ where board0_.category_id=?
Hibernate: select category0_.category_id as category1_5_0_, category0_.category_name as category2_5_0_ from category category0_ where category0_.category_id=?
Hibernate: select boardlist0_.category_id as category7_4_0_, boardlist0_.board_id as board_id1_4_0_, boardlist0_.board_id as board_id1_4_1_, boardlist0_.category_id as category7_4_1_, boardlist0_.board_content as board_co2_4_1_, boardlist0_.board_created_at as board_cr3_4_1_, boardlist0_.board_last_modified_at as board_la4_4_1_, boardlist0_.board_title as board_ti5_4_1_, boardlist0_.user_id as user_id8_4_1_, boardlist0_.board_views as board_vi6_4_1_ from board boardlist0_ where boardlist0_.category_id=?
Hibernate: delete from category where category_id=?
Hibernate: select user0_.user_id as user_id1_21_0_, user0_.character_id as characte7_21_0_, user0_.user_created_at as user_cre2_21_0_, user0_.user_name as user_nam3_21_0_, user0_.user_phone_number as user_pho4_21_0_, user0_.user_user_id as user_use5_21_0_, user0_.user_user_password as user_use6_21_0_ from user user0_ where user0_.user_id=?
Hibernate: select character0_.character_id as characte1_6_0_, character0_.character_character_name as characte2_6_0_ from characters character0_ where character0_.character_id=?
Hibernate: select count(*) as col_0_0_ from user user0_ where user0_.user_id=?
Hibernate: select character1_.character_id as characte1_6_, character1_.character_character_name as characte2_6_ from user user0_ inner join characters character1_ on user0_.character_id=character1_.character_id where user0_.user_id=?
Hibernate: select permission0_.character_id as characte6_12_0_, permission0_.permission_id as permissi1_12_0_, permission0_.permission_id as permissi1_12_1_, permission0_.character_id as characte6_12_1_, permission0_.permission_name as permissi2_12_1_, permission0_.permission_permission_unit_id as permissi3_12_1_, permission0_.permission_service as permissi4_12_1_, permission0_.permission_status as permissi5_12_1_ from permission permission0_ where permission0_.character_id=?
Hibernate: select category0_.category_id as col_0_0_ from category category0_ where category0_.category_name=? limit ?
Hibernate: select category0_.category_id as category1_5_1_, category0_.category_name as category2_5_1_, boardlist1_.category_id as category7_4_3_, boardlist1_.board_id as board_id1_4_3_, boardlist1_.board_id as board_id1_4_0_, boardlist1_.category_id as category7_4_0_, boardlist1_.board_content as board_co2_4_0_, boardlist1_.board_created_at as board_cr3_4_0_, boardlist1_.board_last_modified_at as board_la4_4_0_, boardlist1_.board_title as board_ti5_4_0_, boardlist1_.user_id as user_id8_4_0_, boardlist1_.board_views as board_vi6_4_0_ from category category0_ left outer join board boardlist1_ on category0_.category_id=boardlist1_.category_id where category0_.category_id=?
Hibernate: insert into category (category_id, category_name) values (default, ?)
Hibernate: select user0_.user_id as user_id1_21_0_, user0_.character_id as characte7_21_0_, user0_.user_created_at as user_cre2_21_0_, user0_.user_name as user_nam3_21_0_, user0_.user_phone_number as user_pho4_21_0_, user0_.user_user_id as user_use5_21_0_, user0_.user_user_password as user_use6_21_0_ from user user0_ where user0_.user_id=?
Hibernate: select character0_.character_id as characte1_6_0_, character0_.character_character_name as characte2_6_0_ from characters character0_ where character0_.character_id=?
Hibernate: select count(*) as col_0_0_ from user user0_ where user0_.user_id=?
Hibernate: select character1_.character_id as characte1_6_, character1_.character_character_name as characte2_6_ from user user0_ inner join characters character1_ on user0_.character_id=character1_.character_id where user0_.user_id=?
Hibernate: select permission0_.character_id as characte6_12_0_, permission0_.permission_id as permissi1_12_0_, permission0_.permission_id as permissi1_12_1_, permission0_.character_id as characte6_12_1_, permission0_.permission_name as permissi2_12_1_, permission0_.permission_permission_unit_id as permissi3_12_1_, permission0_.permission_service as permissi4_12_1_, permission0_.permission_status as permissi5_12_1_ from permission permission0_ where permission0_.character_id=?
Hibernate: select category0_.category_id as col_0_0_ from category category0_ where category0_.category_name=? limit ?
Hibernate: select category0_.category_id as category1_5_1_, category0_.category_name as category2_5_1_, boardlist1_.category_id as category7_4_3_, boardlist1_.board_id as board_id1_4_3_, boardlist1_.board_id as board_id1_4_0_, boardlist1_.category_id as category7_4_0_, boardlist1_.board_content as board_co2_4_0_, boardlist1_.board_created_at as board_cr3_4_0_, boardlist1_.board_last_modified_at as board_la4_4_0_, boardlist1_.board_title as board_ti5_4_0_, boardlist1_.user_id as user_id8_4_0_, boardlist1_.board_views as board_vi6_4_0_ from category category0_ left outer join board boardlist1_ on category0_.category_id=boardlist1_.category_id where category0_.category_id=?
Hibernate: insert into category (category_id, category_name) values (default, ?)
Hibernate: select user0_.user_id as col_0_0_ from user user0_ where user0_.user_user_id=? limit ?
Hibernate: select user0_.user_id as col_0_0_ from user user0_ where user0_.user_user_id=? limit ?
Hibernate: select U.* from USER U where U.USER_USER_ID =?
Hibernate: select character0_.character_id as characte1_6_0_, character0_.character_character_name as characte2_6_0_ from characters character0_ where character0_.character_id=?
Hibernate: select user0_.user_id as col_0_0_ from user user0_ where user0_.user_user_id=? limit ?
Hibernate: select user0_.user_id as col_0_0_ from user user0_ where user0_.user_user_id=? limit ?
Hibernate: select U.* from USER U where U.USER_USER_ID =?
Hibernate: select character0_.character_id as characte1_6_0_, character0_.character_character_name as characte2_6_0_ from characters character0_ where character0_.character_id=?
Hibernate: select user0_.user_id as col_0_0_ from user user0_ where user0_.user_user_id=? limit ?
Hibernate: select user0_.user_id as col_0_0_ from user user0_ where user0_.user_user_id=? limit ?
Hibernate: select U.* from USER U where U.USER_USER_ID =?
Hibernate: select character0_.character_id as characte1_6_0_, character0_.character_character_name as characte2_6_0_ from characters character0_ where character0_.character_id=?
Hibernate: select user0_.user_id as col_0_0_ from user user0_ where user0_.user_user_id=? limit ?
Hibernate: select userjoinin0_.user_joining_pool_id as col_0_0_ from user_joining_pool userjoinin0_ where userjoinin0_.user_user_id=? limit ?
Hibernate: select character0_.character_id as col_0_0_ from characters character0_ where character0_.character_character_name=? limit ?
Hibernate: insert into user_joining_pool (user_joining_pool_id, user_created_at, user_name, user_phone_number, user_user_id, user_user_password) values (default, ?, ?, ?, ?, ?)
Hibernate: select user0_.user_id as user_id1_21_0_, user0_.character_id as characte7_21_0_, user0_.user_created_at as user_cre2_21_0_, user0_.user_name as user_nam3_21_0_, user0_.user_phone_number as user_pho4_21_0_, user0_.user_user_id as user_use5_21_0_, user0_.user_user_password as user_use6_21_0_ from user user0_ where user0_.user_id=?
Hibernate: select character0_.character_id as characte1_6_0_, character0_.character_character_name as characte2_6_0_ from characters character0_ where character0_.character_id=?
Hibernate: select count(*) as col_0_0_ from user user0_ where user0_.user_id=?
Hibernate: select character1_.character_id as characte1_6_, character1_.character_character_name as characte2_6_ from user user0_ inner join characters character1_ on user0_.character_id=character1_.character_id where user0_.user_id=?
Hibernate: select permission0_.character_id as characte6_12_0_, permission0_.permission_id as permissi1_12_0_, permission0_.permission_id as permissi1_12_1_, permission0_.character_id as characte6_12_1_, permission0_.permission_name as permissi2_12_1_, permission0_.permission_permission_unit_id as permissi3_12_1_, permission0_.permission_service as permissi4_12_1_, permission0_.permission_status as permissi5_12_1_ from permission permission0_ where permission0_.character_id=?
Hibernate: select userjoinin0_.user_joining_pool_id as col_0_0_ from user_joining_pool userjoinin0_ where userjoinin0_.user_user_id=? limit ?
Hibernate: select userjoinin0_.user_joining_pool_id as user_joi1_22_, userjoinin0_.user_created_at as user_cre2_22_, userjoinin0_.user_name as user_nam3_22_, userjoinin0_.user_phone_number as user_pho4_22_, userjoinin0_.user_user_id as user_use5_22_, userjoinin0_.user_user_password as user_use6_22_ from user_joining_pool userjoinin0_ where userjoinin0_.user_user_id=?
Hibernate: select character0_.character_id as characte1_6_, character0_.character_character_name as characte2_6_ from characters character0_ where character0_.character_character_name=?
Hibernate: insert into user (user_id, character_id, user_created_at, user_name, user_phone_number, user_user_id, user_user_password) values (default, ?, ?, ?, ?, ?, ?)
Hibernate: DELETE FROM USER_JOINING_POOL as JU where JU.USER_USER_ID =?
Hibernate: select user0_.user_id as col_0_0_ from user user0_ where user0_.user_user_id=? limit ?
Hibernate: select user0_.user_id as col_0_0_ from user user0_ where user0_.user_user_id=? limit ?
Hibernate: select U.* from USER U where U.USER_USER_ID =?
Hibernate: select character0_.character_id as characte1_6_0_, character0_.character_character_name as characte2_6_0_ from characters character0_ where character0_.character_id=?
Hibernate: select user0_.user_id as col_0_0_ from user user0_ where user0_.user_user_id=? limit ?
Hibernate: select user0_.user_id as col_0_0_ from user user0_ where user0_.user_user_id=? limit ?
Hibernate: select U.* from USER U where U.USER_USER_ID =?
Hibernate: select character0_.character_id as characte1_6_0_, character0_.character_character_name as characte2_6_0_ from characters character0_ where character0_.character_id=?
Hibernate: select user0_.user_id as user_id1_21_0_, user0_.character_id as characte7_21_0_, user0_.user_created_at as user_cre2_21_0_, user0_.user_name as user_nam3_21_0_, user0_.user_phone_number as user_pho4_21_0_, user0_.user_user_id as user_use5_21_0_, user0_.user_user_password as user_use6_21_0_ from user user0_ where user0_.user_id=?
Hibernate: select character0_.character_id as characte1_6_0_, character0_.character_character_name as characte2_6_0_ from characters character0_ where character0_.character_id=?
Hibernate: select count(*) as col_0_0_ from user user0_ where user0_.user_id=?
Hibernate: select character1_.character_id as characte1_6_, character1_.character_character_name as characte2_6_ from user user0_ inner join characters character1_ on user0_.character_id=character1_.character_id where user0_.user_id=?
Hibernate: select permission0_.character_id as characte6_12_0_, permission0_.permission_id as permissi1_12_0_, permission0_.permission_id as permissi1_12_1_, permission0_.character_id as characte6_12_1_, permission0_.permission_name as permissi2_12_1_, permission0_.permission_permission_unit_id as permissi3_12_1_, permission0_.permission_service as permissi4_12_1_, permission0_.permission_status as permissi5_12_1_ from permission permission0_ where permission0_.character_id=?
Hibernate: select category0_.category_id as col_0_0_ from category category0_ where category0_.category_name=? limit ?
Hibernate: select category0_.category_id as category1_5_1_, category0_.category_name as category2_5_1_, boardlist1_.category_id as category7_4_3_, boardlist1_.board_id as board_id1_4_3_, boardlist1_.board_id as board_id1_4_0_, boardlist1_.category_id as category7_4_0_, boardlist1_.board_content as board_co2_4_0_, boardlist1_.board_created_at as board_cr3_4_0_, boardlist1_.board_last_modified_at as board_la4_4_0_, boardlist1_.board_title as board_ti5_4_0_, boardlist1_.user_id as user_id8_4_0_, boardlist1_.board_views as board_vi6_4_0_ from category category0_ left outer join board boardlist1_ on category0_.category_id=boardlist1_.category_id where category0_.category_id=?
Hibernate: insert into category (category_id, category_name) values (default, ?)
Hibernate: select user0_.user_id as user_id1_21_0_, user0_.character_id as characte7_21_0_, user0_.user_created_at as user_cre2_21_0_, user0_.user_name as user_nam3_21_0_, user0_.user_phone_number as user_pho4_21_0_, user0_.user_user_id as user_use5_21_0_, user0_.user_user_password as user_use6_21_0_ from user user0_ where user0_.user_id=?
Hibernate: select character0_.character_id as characte1_6_0_, character0_.character_character_name as characte2_6_0_ from characters character0_ where character0_.character_id=?
Hibernate: select category0_.category_id as category1_5_, category0_.category_name as category2_5_ from category category0_
Hibernate: select boardlist0_.category_id as category7_4_0_, boardlist0_.board_id as board_id1_4_0_, boardlist0_.board_id as board_id1_4_1_, boardlist0_.category_id as category7_4_1_, boardlist0_.board_content as board_co2_4_1_, boardlist0_.board_created_at as board_cr3_4_1_, boardlist0_.board_last_modified_at as board_la4_4_1_, boardlist0_.board_title as board_ti5_4_1_, boardlist0_.user_id as user_id8_4_1_, boardlist0_.board_views as board_vi6_4_1_ from board boardlist0_ where boardlist0_.category_id=?
Hibernate: select boardlist0_.category_id as category7_4_0_, boardlist0_.board_id as board_id1_4_0_, boardlist0_.board_id as board_id1_4_1_, boardlist0_.category_id as category7_4_1_, boardlist0_.board_content as board_co2_4_1_, boardlist0_.board_created_at as board_cr3_4_1_, boardlist0_.board_last_modified_at as board_la4_4_1_, boardlist0_.board_title as board_ti5_4_1_, boardlist0_.user_id as user_id8_4_1_, boardlist0_.board_views as board_vi6_4_1_ from board boardlist0_ where boardlist0_.category_id=?
Hibernate: select boardlist0_.category_id as category7_4_0_, boardlist0_.board_id as board_id1_4_0_, boardlist0_.board_id as board_id1_4_1_, boardlist0_.category_id as category7_4_1_, boardlist0_.board_content as board_co2_4_1_, boardlist0_.board_created_at as board_cr3_4_1_, boardlist0_.board_last_modified_at as board_la4_4_1_, boardlist0_.board_title as board_ti5_4_1_, boardlist0_.user_id as user_id8_4_1_, boardlist0_.board_views as board_vi6_4_1_ from board boardlist0_ where boardlist0_.category_id=?
Hibernate: select user0_.user_id as user_id1_21_0_, user0_.character_id as characte7_21_0_, user0_.user_created_at as user_cre2_21_0_, user0_.user_name as user_nam3_21_0_, user0_.user_phone_number as user_pho4_21_0_, user0_.user_user_id as user_use5_21_0_, user0_.user_user_password as user_use6_21_0_ from user user0_ where user0_.user_id=?
Hibernate: select character0_.character_id as characte1_6_0_, character0_.character_character_name as characte2_6_0_ from characters character0_ where character0_.character_id=?
Hibernate: select count(*) as col_0_0_ from user user0_ where user0_.user_id=?
Hibernate: select character1_.character_id as characte1_6_, character1_.character_character_name as characte2_6_ from user user0_ inner join characters character1_ on user0_.character_id=character1_.character_id where user0_.user_id=?
Hibernate: select permission0_.character_id as characte6_12_0_, permission0_.permission_id as permissi1_12_0_, permission0_.permission_id as permissi1_12_1_, permission0_.character_id as characte6_12_1_, permission0_.permission_name as permissi2_12_1_, permission0_.permission_permission_unit_id as permissi3_12_1_, permission0_.permission_service as permissi4_12_1_, permission0_.permission_status as permissi5_12_1_ from permission permission0_ where permission0_.character_id=?
Hibernate: select count(*) as col_0_0_ from category category0_ where category0_.category_id=?
Hibernate: insert into filename (filename_id, filename_origin, filename_uuid) values (default, ?, ?)
Hibernate: insert into filename (filename_id, filename_origin, filename_uuid) values (default, ?, ?)
Hibernate: select category0_.category_id as category1_5_0_, category0_.category_name as category2_5_0_ from category category0_ where category0_.category_id=?
Hibernate: insert into board (board_id, category_id, board_content, board_created_at, board_last_modified_at, board_title, user_id, board_views) values (default, ?, ?, ?, ?, ?, ?, ?)
Hibernate: insert into reaction (reaction_id, board_id, reaction_type) values (default, ?, ?)
Hibernate: insert into reaction (reaction_id, board_id, reaction_type) values (default, ?, ?)
Hibernate: insert into reaction (reaction_id, board_id, reaction_type) values (default, ?, ?)
Hibernate: insert into reaction (reaction_id, board_id, reaction_type) values (default, ?, ?)
Hibernate: insert into reaction (reaction_id, board_id, reaction_type) values (default, ?, ?)
Hibernate: insert into reaction (reaction_id, board_id, reaction_type) values (default, ?, ?)
Hibernate: insert into file_path_list (board_board_id, board_file_path_list) values (?, ?)
Hibernate: insert into image_path_list (board_board_id, board_image_path_list) values (?, ?)
Hibernate: select user0_.user_id as user_id1_21_0_, user0_.character_id as characte7_21_0_, user0_.user_created_at as user_cre2_21_0_, user0_.user_name as user_nam3_21_0_, user0_.user_phone_number as user_pho4_21_0_, user0_.user_user_id as user_use5_21_0_, user0_.user_user_password as user_use6_21_0_ from user user0_ where user0_.user_id=?
Hibernate: select character0_.character_id as characte1_6_0_, character0_.character_character_name as characte2_6_0_ from characters character0_ where character0_.character_id=?
Hibernate: select count(*) as col_0_0_ from board board0_
Hibernate: select board0_.board_id as board_id1_4_, board0_.category_id as category7_4_, board0_.board_content as board_co2_4_, board0_.board_created_at as board_cr3_4_, board0_.board_last_modified_at as board_la4_4_, board0_.board_title as board_ti5_4_, board0_.user_id as user_id8_4_, board0_.board_views as board_vi6_4_ from board board0_ limit ?
Hibernate: select category0_.category_id as category1_5_0_, category0_.category_name as category2_5_0_ from category category0_ where category0_.category_id=?
Hibernate: select reactionli0_.board_id as board_id3_13_0_, reactionli0_.reaction_id as reaction1_13_0_, reactionli0_.reaction_id as reaction1_13_1_, reactionli0_.board_id as board_id3_13_1_, reactionli0_.reaction_type as reaction2_13_1_ from reaction reactionli0_ where reactionli0_.board_id=?
Hibernate: select reactionus0_.reaction_id as reaction2_14_0_, reactionus0_.reaction_user_id as reaction1_14_0_, reactionus0_.reaction_user_id as reaction1_14_1_, reactionus0_.reaction_id as reaction2_14_1_, reactionus0_.user_id as user_id3_14_1_ from reaction_user reactionus0_ where reactionus0_.reaction_id=?
Hibernate: select reactionus0_.reaction_id as reaction2_14_0_, reactionus0_.reaction_user_id as reaction1_14_0_, reactionus0_.reaction_user_id as reaction1_14_1_, reactionus0_.reaction_id as reaction2_14_1_, reactionus0_.user_id as user_id3_14_1_ from reaction_user reactionus0_ where reactionus0_.reaction_id=?
Hibernate: select reactionus0_.reaction_id as reaction2_14_0_, reactionus0_.reaction_user_id as reaction1_14_0_, reactionus0_.reaction_user_id as reaction1_14_1_, reactionus0_.reaction_id as reaction2_14_1_, reactionus0_.user_id as user_id3_14_1_ from reaction_user reactionus0_ where reactionus0_.reaction_id=?
Hibernate: select reactionus0_.reaction_id as reaction2_14_0_, reactionus0_.reaction_user_id as reaction1_14_0_, reactionus0_.reaction_user_id as reaction1_14_1_, reactionus0_.reaction_id as reaction2_14_1_, reactionus0_.user_id as user_id3_14_1_ from reaction_user reactionus0_ where reactionus0_.reaction_id=?
Hibernate: select reactionus0_.reaction_id as reaction2_14_0_, reactionus0_.reaction_user_id as reaction1_14_0_, reactionus0_.reaction_user_id as reaction1_14_1_, reactionus0_.reaction_id as reaction2_14_1_, reactionus0_.user_id as user_id3_14_1_ from reaction_user reactionus0_ where reactionus0_.reaction_id=?
Hibernate: select reactionus0_.reaction_id as reaction2_14_0_, reactionus0_.reaction_user_id as reaction1_14_0_, reactionus0_.reaction_user_id as reaction1_14_1_, reactionus0_.reaction_id as reaction2_14_1_, reactionus0_.user_id as user_id3_14_1_ from reaction_user reactionus0_ where reactionus0_.reaction_id=?
Hibernate: select commentlis0_.board_id as board_id5_7_0_, commentlis0_.comment_id as comment_1_7_0_, commentlis0_.comment_id as comment_1_7_1_, commentlis0_.board_id as board_id5_7_1_, commentlis0_.comment_content as comment_2_7_1_, commentlis0_.comment_created_at as comment_3_7_1_, commentlis0_.comment_last_modified_at as comment_4_7_1_, commentlis0_.user_id as user_id6_7_1_ from comment commentlis0_ where commentlis0_.board_id=?
Hibernate: select boardlist0_.category_id as category7_4_0_, boardlist0_.board_id as board_id1_4_0_, boardlist0_.board_id as board_id1_4_1_, boardlist0_.category_id as category7_4_1_, boardlist0_.board_content as board_co2_4_1_, boardlist0_.board_created_at as board_cr3_4_1_, boardlist0_.board_last_modified_at as board_la4_4_1_, boardlist0_.board_title as board_ti5_4_1_, boardlist0_.user_id as user_id8_4_1_, boardlist0_.board_views as board_vi6_4_1_ from board boardlist0_ where boardlist0_.category_id=?
Hibernate: select count(comment0_.comment_id) as col_0_0_ from comment comment0_ where comment0_.board_id=?
Hibernate: select count(*) as col_0_0_ from board board0_
Hibernate: select imagepathl0_.board_board_id as board_bo1_11_0_, imagepathl0_.board_image_path_list as board_im2_11_0_ from image_path_list imagepathl0_ where imagepathl0_.board_board_id=?
Hibernate: select filename0_.filename_id as filename1_9_, filename0_.filename_origin as filename2_9_, filename0_.filename_uuid as filename3_9_ from filename filename0_ where filename0_.filename_uuid=?
Hibernate: select filepathli0_.board_board_id as board_bo1_8_0_, filepathli0_.board_file_path_list as board_fi2_8_0_ from file_path_list filepathli0_ where filepathli0_.board_board_id=?
Hibernate: select filename0_.filename_id as filename1_9_, filename0_.filename_origin as filename2_9_, filename0_.filename_uuid as filename3_9_ from filename filename0_ where filename0_.filename_uuid=?
Hibernate: select user0_.user_id as user_id1_21_0_, user0_.character_id as characte7_21_0_, user0_.user_created_at as user_cre2_21_0_, user0_.user_name as user_nam3_21_0_, user0_.user_phone_number as user_pho4_21_0_, user0_.user_user_id as user_use5_21_0_, user0_.user_user_password as user_use6_21_0_ from user user0_ where user0_.user_id=?
Hibernate: select character0_.character_id as characte1_6_0_, character0_.character_character_name as characte2_6_0_ from characters character0_ where character0_.character_id=?
Hibernate: select count(*) as col_0_0_ from user user0_ where user0_.user_id=?
Hibernate: select character1_.character_id as characte1_6_, character1_.character_character_name as characte2_6_ from user user0_ inner join characters character1_ on user0_.character_id=character1_.character_id where user0_.user_id=?
Hibernate: select permission0_.character_id as characte6_12_0_, permission0_.permission_id as permissi1_12_0_, permission0_.permission_id as permissi1_12_1_, permission0_.character_id as characte6_12_1_, permission0_.permission_name as permissi2_12_1_, permission0_.permission_permission_unit_id as permissi3_12_1_, permission0_.permission_service as permissi4_12_1_, permission0_.permission_status as permissi5_12_1_ from permission permission0_ where permission0_.character_id=?
Hibernate: select user0_.user_id as col_0_0_ from user user0_ where user0_.user_user_id=? limit ?
Hibernate: select user0_.user_id as col_0_0_ from user user0_ where user0_.user_user_id=? limit ?
Hibernate: select U.* from USER U where U.USER_USER_ID =?
Hibernate: select character0_.character_id as characte1_6_0_, character0_.character_character_name as characte2_6_0_ from characters character0_ where character0_.character_id=?
Hibernate: select user0_.user_id as user_id1_21_0_, user0_.character_id as characte7_21_0_, user0_.user_created_at as user_cre2_21_0_, user0_.user_name as user_nam3_21_0_, user0_.user_phone_number as user_pho4_21_0_, user0_.user_user_id as user_use5_21_0_, user0_.user_user_password as user_use6_21_0_ from user user0_ where user0_.user_id=?
Hibernate: select character0_.character_id as characte1_6_0_, character0_.character_character_name as characte2_6_0_ from characters character0_ where character0_.character_id=?
Hibernate: select count(*) as col_0_0_ from board board0_
Hibernate: select board0_.board_id as board_id1_4_, board0_.category_id as category7_4_, board0_.board_content as board_co2_4_, board0_.board_created_at as board_cr3_4_, board0_.board_last_modified_at as board_la4_4_, board0_.board_title as board_ti5_4_, board0_.user_id as user_id8_4_, board0_.board_views as board_vi6_4_ from board board0_ limit ?
Hibernate: select category0_.category_id as category1_5_0_, category0_.category_name as category2_5_0_ from category category0_ where category0_.category_id=?
Hibernate: select reactionli0_.board_id as board_id3_13_0_, reactionli0_.reaction_id as reaction1_13_0_, reactionli0_.reaction_id as reaction1_13_1_, reactionli0_.board_id as board_id3_13_1_, reactionli0_.reaction_type as reaction2_13_1_ from reaction reactionli0_ where reactionli0_.board_id=?
Hibernate: select reactionus0_.reaction_id as reaction2_14_0_, reactionus0_.reaction_user_id as reaction1_14_0_, reactionus0_.reaction_user_id as reaction1_14_1_, reactionus0_.reaction_id as reaction2_14_1_, reactionus0_.user_id as user_id3_14_1_ from reaction_user reactionus0_ where reactionus0_.reaction_id=?
Hibernate: select reactionus0_.reaction_id as reaction2_14_0_, reactionus0_.reaction_user_id as reaction1_14_0_, reactionus0_.reaction_user_id as reaction1_14_1_, reactionus0_.reaction_id as reaction2_14_1_, reactionus0_.user_id as user_id3_14_1_ from reaction_user reactionus0_ where reactionus0_.reaction_id=?
Hibernate: select reactionus0_.reaction_id as reaction2_14_0_, reactionus0_.reaction_user_id as reaction1_14_0_, reactionus0_.reaction_user_id as reaction1_14_1_, reactionus0_.reaction_id as reaction2_14_1_, reactionus0_.user_id as user_id3_14_1_ from reaction_user reactionus0_ where reactionus0_.reaction_id=?
Hibernate: select reactionus0_.reaction_id as reaction2_14_0_, reactionus0_.reaction_user_id as reaction1_14_0_, reactionus0_.reaction_user_id as reaction1_14_1_, reactionus0_.reaction_id as reaction2_14_1_, reactionus0_.user_id as user_id3_14_1_ from reaction_user reactionus0_ where reactionus0_.reaction_id=?
Hibernate: select reactionus0_.reaction_id as reaction2_14_0_, reactionus0_.reaction_user_id as reaction1_14_0_, reactionus0_.reaction_user_id as reaction1_14_1_, reactionus0_.reaction_id as reaction2_14_1_, reactionus0_.user_id as user_id3_14_1_ from reaction_user reactionus0_ where reactionus0_.reaction_id=?
Hibernate: select reactionus0_.reaction_id as reaction2_14_0_, reactionus0_.reaction_user_id as reaction1_14_0_, reactionus0_.reaction_user_id as reaction1_14_1_, reactionus0_.reaction_id as reaction2_14_1_, reactionus0_.user_id as user_id3_14_1_ from reaction_user reactionus0_ where reactionus0_.reaction_id=?
Hibernate: select commentlis0_.board_id as board_id5_7_0_, commentlis0_.comment_id as comment_1_7_0_, commentlis0_.comment_id as comment_1_7_1_, commentlis0_.board_id as board_id5_7_1_, commentlis0_.comment_content as comment_2_7_1_, commentlis0_.comment_created_at as comment_3_7_1_, commentlis0_.comment_last_modified_at as comment_4_7_1_, commentlis0_.user_id as user_id6_7_1_ from comment commentlis0_ where commentlis0_.board_id=?
Hibernate: select boardlist0_.category_id as category7_4_0_, boardlist0_.board_id as board_id1_4_0_, boardlist0_.board_id as board_id1_4_1_, boardlist0_.category_id as category7_4_1_, boardlist0_.board_content as board_co2_4_1_, boardlist0_.board_created_at as board_cr3_4_1_, boardlist0_.board_last_modified_at as board_la4_4_1_, boardlist0_.board_title as board_ti5_4_1_, boardlist0_.user_id as user_id8_4_1_, boardlist0_.board_views as board_vi6_4_1_ from board boardlist0_ where boardlist0_.category_id=?
Hibernate: select count(comment0_.comment_id) as col_0_0_ from comment comment0_ where comment0_.board_id=?
Hibernate: select count(*) as col_0_0_ from board board0_
Hibernate: select imagepathl0_.board_board_id as board_bo1_11_0_, imagepathl0_.board_image_path_list as board_im2_11_0_ from image_path_list imagepathl0_ where imagepathl0_.board_board_id=?
Hibernate: select filename0_.filename_id as filename1_9_, filename0_.filename_origin as filename2_9_, filename0_.filename_uuid as filename3_9_ from filename filename0_ where filename0_.filename_uuid=?
Hibernate: select filepathli0_.board_board_id as board_bo1_8_0_, filepathli0_.board_file_path_list as board_fi2_8_0_ from file_path_list filepathli0_ where filepathli0_.board_board_id=?
Hibernate: select filename0_.filename_id as filename1_9_, filename0_.filename_origin as filename2_9_, filename0_.filename_uuid as filename3_9_ from filename filename0_ where filename0_.filename_uuid=?
Hibernate: select U.* from USER U join BOARD B where U.USER_ID = B.USER_ID and B.BOARD_ID = ?
Hibernate: select character0_.character_id as characte1_6_0_, character0_.character_character_name as characte2_6_0_ from characters character0_ where character0_.character_id=?
Hibernate: select count(*) as col_0_0_ from user user0_ where user0_.user_id=?
Hibernate: select character1_.character_id as characte1_6_, character1_.character_character_name as characte2_6_ from user user0_ inner join characters character1_ on user0_.character_id=character1_.character_id where user0_.user_id=?
Hibernate: select permission0_.character_id as characte6_12_0_, permission0_.permission_id as permissi1_12_0_, permission0_.permission_id as permissi1_12_1_, permission0_.character_id as characte6_12_1_, permission0_.permission_name as permissi2_12_1_, permission0_.permission_permission_unit_id as permissi3_12_1_, permission0_.permission_service as permissi4_12_1_, permission0_.permission_status as permissi5_12_1_ from permission permission0_ where permission0_.character_id=?
Hibernate: select count(*) as col_0_0_ from board board0_ where board0_.board_id=?
Hibernate: select board0_.board_id as board_id1_4_0_, board0_.category_id as category7_4_0_, board0_.board_content as board_co2_4_0_, board0_.board_created_at as board_cr3_4_0_, board0_.board_last_modified_at as board_la4_4_0_, board0_.board_title as board_ti5_4_0_, board0_.user_id as user_id8_4_0_, board0_.board_views as board_vi6_4_0_ from board board0_ where board0_.board_id=?
Hibernate: select category0_.category_id as category1_5_0_, category0_.category_name as category2_5_0_ from category category0_ where category0_.category_id=?
Hibernate: select reactionli0_.board_id as board_id3_13_0_, reactionli0_.reaction_id as reaction1_13_0_, reactionli0_.reaction_id as reaction1_13_1_, reactionli0_.board_id as board_id3_13_1_, reactionli0_.reaction_type as reaction2_13_1_ from reaction reactionli0_ where reactionli0_.board_id=?
Hibernate: select reactionus0_.reaction_id as reaction2_14_0_, reactionus0_.reaction_user_id as reaction1_14_0_, reactionus0_.reaction_user_id as reaction1_14_1_, reactionus0_.reaction_id as reaction2_14_1_, reactionus0_.user_id as user_id3_14_1_ from reaction_user reactionus0_ where reactionus0_.reaction_id=?
Hibernate: select reactionus0_.reaction_id as reaction2_14_0_, reactionus0_.reaction_user_id as reaction1_14_0_, reactionus0_.reaction_user_id as reaction1_14_1_, reactionus0_.reaction_id as reaction2_14_1_, reactionus0_.user_id as user_id3_14_1_ from reaction_user reactionus0_ where reactionus0_.reaction_id=?
Hibernate: select reactionus0_.reaction_id as reaction2_14_0_, reactionus0_.reaction_user_id as reaction1_14_0_, reactionus0_.reaction_user_id as reaction1_14_1_, reactionus0_.reaction_id as reaction2_14_1_, reactionus0_.user_id as user_id3_14_1_ from reaction_user reactionus0_ where reactionus0_.reaction_id=?
Hibernate: select reactionus0_.reaction_id as reaction2_14_0_, reactionus0_.reaction_user_id as reaction1_14_0_, reactionus0_.reaction_user_id as reaction1_14_1_, reactionus0_.reaction_id as reaction2_14_1_, reactionus0_.user_id as user_id3_14_1_ from reaction_user reactionus0_ where reactionus0_.reaction_id=?
Hibernate: select reactionus0_.reaction_id as reaction2_14_0_, reactionus0_.reaction_user_id as reaction1_14_0_, reactionus0_.reaction_user_id as reaction1_14_1_, reactionus0_.reaction_id as reaction2_14_1_, reactionus0_.user_id as user_id3_14_1_ from reaction_user reactionus0_ where reactionus0_.reaction_id=?
Hibernate: select reactionus0_.reaction_id as reaction2_14_0_, reactionus0_.reaction_user_id as reaction1_14_0_, reactionus0_.reaction_user_id as reaction1_14_1_, reactionus0_.reaction_id as reaction2_14_1_, reactionus0_.user_id as user_id3_14_1_ from reaction_user reactionus0_ where reactionus0_.reaction_id=?
Hibernate: select commentlis0_.board_id as board_id5_7_0_, commentlis0_.comment_id as comment_1_7_0_, commentlis0_.comment_id as comment_1_7_1_, commentlis0_.board_id as board_id5_7_1_, commentlis0_.comment_content as comment_2_7_1_, commentlis0_.comment_created_at as comment_3_7_1_, commentlis0_.comment_last_modified_at as comment_4_7_1_, commentlis0_.user_id as user_id6_7_1_ from comment commentlis0_ where commentlis0_.board_id=?
Hibernate: select boardlist0_.category_id as category7_4_0_, boardlist0_.board_id as board_id1_4_0_, boardlist0_.board_id as board_id1_4_1_, boardlist0_.category_id as category7_4_1_, boardlist0_.board_content as board_co2_4_1_, boardlist0_.board_created_at as board_cr3_4_1_, boardlist0_.board_last_modified_at as board_la4_4_1_, boardlist0_.board_title as board_ti5_4_1_, boardlist0_.user_id as user_id8_4_1_, boardlist0_.board_views as board_vi6_4_1_ from board boardlist0_ where boardlist0_.category_id=?
Hibernate: select count(comment0_.comment_id) as col_0_0_ from comment comment0_ where comment0_.board_id=?
Hibernate: update board set category_id=?, board_content=?, board_created_at=?, board_last_modified_at=?, board_title=?, user_id=?, board_views=? where board_id=?
Hibernate: select filepathli0_.board_board_id as board_bo1_8_0_, filepathli0_.board_file_path_list as board_fi2_8_0_ from file_path_list filepathli0_ where filepathli0_.board_board_id=?
Hibernate: select filename0_.filename_id as filename1_9_, filename0_.filename_origin as filename2_9_, filename0_.filename_uuid as filename3_9_ from filename filename0_ where filename0_.filename_uuid=?
Hibernate: delete from filename where filename_id=?
Hibernate: select imagepathl0_.board_board_id as board_bo1_11_0_, imagepathl0_.board_image_path_list as board_im2_11_0_ from image_path_list imagepathl0_ where imagepathl0_.board_board_id=?
Hibernate: select filename0_.filename_id as filename1_9_, filename0_.filename_origin as filename2_9_, filename0_.filename_uuid as filename3_9_ from filename filename0_ where filename0_.filename_uuid=?
Hibernate: delete from filename where filename_id=?
Hibernate: select count(*) as col_0_0_ from board board0_ where board0_.board_id=?
Hibernate: delete from file_path_list where board_board_id=?
Hibernate: delete from image_path_list where board_board_id=?
Hibernate: delete from reaction where reaction_id=?
Hibernate: delete from reaction where reaction_id=?
Hibernate: delete from reaction where reaction_id=?
Hibernate: delete from reaction where reaction_id=?
Hibernate: delete from reaction where reaction_id=?
Hibernate: delete from reaction where reaction_id=?
Hibernate: delete from board where board_id=?
Hibernate: select user0_.user_id as user_id1_21_0_, user0_.character_id as characte7_21_0_, user0_.user_created_at as user_cre2_21_0_, user0_.user_name as user_nam3_21_0_, user0_.user_phone_number as user_pho4_21_0_, user0_.user_user_id as user_use5_21_0_, user0_.user_user_password as user_use6_21_0_ from user user0_ where user0_.user_id=?
Hibernate: select character0_.character_id as characte1_6_0_, character0_.character_character_name as characte2_6_0_ from characters character0_ where character0_.character_id=?
Hibernate: select count(*) as col_0_0_ from user user0_ where user0_.user_id=?
Hibernate: select character1_.character_id as characte1_6_, character1_.character_character_name as characte2_6_ from user user0_ inner join characters character1_ on user0_.character_id=character1_.character_id where user0_.user_id=?
Hibernate: select permission0_.character_id as characte6_12_0_, permission0_.permission_id as permissi1_12_0_, permission0_.permission_id as permissi1_12_1_, permission0_.character_id as characte6_12_1_, permission0_.permission_name as permissi2_12_1_, permission0_.permission_permission_unit_id as permissi3_12_1_, permission0_.permission_service as permissi4_12_1_, permission0_.permission_status as permissi5_12_1_ from permission permission0_ where permission0_.character_id=?
Hibernate: select count(*) as col_0_0_ from board board0_ where board0_.board_id=?
Hibernate: select user0_.user_id as col_0_0_ from user user0_ where user0_.user_user_id=? limit ?
Hibernate: select user0_.user_id as col_0_0_ from user user0_ where user0_.user_user_id=? limit ?
Hibernate: select U.* from USER U where U.USER_USER_ID =?
Hibernate: select character0_.character_id as characte1_6_0_, character0_.character_character_name as characte2_6_0_ from characters character0_ where character0_.character_id=?
Hibernate: select user0_.user_id as user_id1_21_0_, user0_.character_id as characte7_21_0_, user0_.user_created_at as user_cre2_21_0_, user0_.user_name as user_nam3_21_0_, user0_.user_phone_number as user_pho4_21_0_, user0_.user_user_id as user_use5_21_0_, user0_.user_user_password as user_use6_21_0_ from user user0_ where user0_.user_id=?
Hibernate: select character0_.character_id as characte1_6_0_, character0_.character_character_name as characte2_6_0_ from characters character0_ where character0_.character_id=?
Hibernate: select category0_.category_id as category1_5_, category0_.category_name as category2_5_ from category category0_
Hibernate: select boardlist0_.category_id as category7_4_0_, boardlist0_.board_id as board_id1_4_0_, boardlist0_.board_id as board_id1_4_1_, boardlist0_.category_id as category7_4_1_, boardlist0_.board_content as board_co2_4_1_, boardlist0_.board_created_at as board_cr3_4_1_, boardlist0_.board_last_modified_at as board_la4_4_1_, boardlist0_.board_title as board_ti5_4_1_, boardlist0_.user_id as user_id8_4_1_, boardlist0_.board_views as board_vi6_4_1_ from board boardlist0_ where boardlist0_.category_id=?
Hibernate: select boardlist0_.category_id as category7_4_0_, boardlist0_.board_id as board_id1_4_0_, boardlist0_.board_id as board_id1_4_1_, boardlist0_.category_id as category7_4_1_, boardlist0_.board_content as board_co2_4_1_, boardlist0_.board_created_at as board_cr3_4_1_, boardlist0_.board_last_modified_at as board_la4_4_1_, boardlist0_.board_title as board_ti5_4_1_, boardlist0_.user_id as user_id8_4_1_, boardlist0_.board_views as board_vi6_4_1_ from board boardlist0_ where boardlist0_.category_id=?
Hibernate: select boardlist0_.category_id as category7_4_0_, boardlist0_.board_id as board_id1_4_0_, boardlist0_.board_id as board_id1_4_1_, boardlist0_.category_id as category7_4_1_, boardlist0_.board_content as board_co2_4_1_, boardlist0_.board_created_at as board_cr3_4_1_, boardlist0_.board_last_modified_at as board_la4_4_1_, boardlist0_.board_title as board_ti5_4_1_, boardlist0_.user_id as user_id8_4_1_, boardlist0_.board_views as board_vi6_4_1_ from board boardlist0_ where boardlist0_.category_id=?
Hibernate: select user0_.user_id as user_id1_21_0_, user0_.character_id as characte7_21_0_, user0_.user_created_at as user_cre2_21_0_, user0_.user_name as user_nam3_21_0_, user0_.user_phone_number as user_pho4_21_0_, user0_.user_user_id as user_use5_21_0_, user0_.user_user_password as user_use6_21_0_ from user user0_ where user0_.user_id=?
Hibernate: select character0_.character_id as characte1_6_0_, character0_.character_character_name as characte2_6_0_ from characters character0_ where character0_.character_id=?
Hibernate: select count(*) as col_0_0_ from user user0_ where user0_.user_id=?
Hibernate: select character1_.character_id as characte1_6_, character1_.character_character_name as characte2_6_ from user user0_ inner join characters character1_ on user0_.character_id=character1_.character_id where user0_.user_id=?
Hibernate: select permission0_.character_id as characte6_12_0_, permission0_.permission_id as permissi1_12_0_, permission0_.permission_id as permissi1_12_1_, permission0_.character_id as characte6_12_1_, permission0_.permission_name as permissi2_12_1_, permission0_.permission_permission_unit_id as permissi3_12_1_, permission0_.permission_service as permissi4_12_1_, permission0_.permission_status as permissi5_12_1_ from permission permission0_ where permission0_.character_id=?
Hibernate: select count(*) as col_0_0_ from category category0_ where category0_.category_id=?
Hibernate: select count(board0_.board_id) as col_0_0_ from board board0_ where board0_.category_id=?
Hibernate: select category0_.category_id as category1_5_0_, category0_.category_name as category2_5_0_ from category category0_ where category0_.category_id=?
Hibernate: select boardlist0_.category_id as category7_4_0_, boardlist0_.board_id as board_id1_4_0_, boardlist0_.board_id as board_id1_4_1_, boardlist0_.category_id as category7_4_1_, boardlist0_.board_content as board_co2_4_1_, boardlist0_.board_created_at as board_cr3_4_1_, boardlist0_.board_last_modified_at as board_la4_4_1_, boardlist0_.board_title as board_ti5_4_1_, boardlist0_.user_id as user_id8_4_1_, boardlist0_.board_views as board_vi6_4_1_ from board boardlist0_ where boardlist0_.category_id=?
Hibernate: delete from category where category_id=?
Hibernate: select user0_.user_id as user_id1_21_0_, user0_.character_id as characte7_21_0_, user0_.user_created_at as user_cre2_21_0_, user0_.user_name as user_nam3_21_0_, user0_.user_phone_number as user_pho4_21_0_, user0_.user_user_id as user_use5_21_0_, user0_.user_user_password as user_use6_21_0_ from user user0_ where user0_.user_id=?
Hibernate: select character0_.character_id as characte1_6_0_, character0_.character_character_name as characte2_6_0_ from characters character0_ where character0_.character_id=?
Hibernate: select count(*) as col_0_0_ from user user0_ where user0_.user_id=?
Hibernate: select character1_.character_id as characte1_6_, character1_.character_character_name as characte2_6_ from user user0_ inner join characters character1_ on user0_.character_id=character1_.character_id where user0_.user_id=?
Hibernate: select permission0_.character_id as characte6_12_0_, permission0_.permission_id as permissi1_12_0_, permission0_.permission_id as permissi1_12_1_, permission0_.character_id as characte6_12_1_, permission0_.permission_name as permissi2_12_1_, permission0_.permission_permission_unit_id as permissi3_12_1_, permission0_.permission_service as permissi4_12_1_, permission0_.permission_status as permissi5_12_1_ from permission permission0_ where permission0_.character_id=?
Hibernate: select count(*) as col_0_0_ from category category0_ where category0_.category_id=?
Hibernate: select count(board0_.board_id) as col_0_0_ from board board0_ where board0_.category_id=?
Hibernate: select category0_.category_id as category1_5_0_, category0_.category_name as category2_5_0_ from category category0_ where category0_.category_id=?
Hibernate: select boardlist0_.category_id as category7_4_0_, boardlist0_.board_id as board_id1_4_0_, boardlist0_.board_id as board_id1_4_1_, boardlist0_.category_id as category7_4_1_, boardlist0_.board_content as board_co2_4_1_, boardlist0_.board_created_at as board_cr3_4_1_, boardlist0_.board_last_modified_at as board_la4_4_1_, boardlist0_.board_title as board_ti5_4_1_, boardlist0_.user_id as user_id8_4_1_, boardlist0_.board_views as board_vi6_4_1_ from board boardlist0_ where boardlist0_.category_id=?
Hibernate: delete from category where category_id=?
Hibernate: select user0_.user_id as user_id1_21_0_, user0_.character_id as characte7_21_0_, user0_.user_created_at as user_cre2_21_0_, user0_.user_name as user_nam3_21_0_, user0_.user_phone_number as user_pho4_21_0_, user0_.user_user_id as user_use5_21_0_, user0_.user_user_password as user_use6_21_0_ from user user0_ where user0_.user_id=?
Hibernate: select character0_.character_id as characte1_6_0_, character0_.character_character_name as characte2_6_0_ from characters character0_ where character0_.character_id=?
Hibernate: select count(*) as col_0_0_ from user user0_ where user0_.user_id=?
Hibernate: select character1_.character_id as characte1_6_, character1_.character_character_name as characte2_6_ from user user0_ inner join characters character1_ on user0_.character_id=character1_.character_id where user0_.user_id=?
Hibernate: select permission0_.character_id as characte6_12_0_, permission0_.permission_id as permissi1_12_0_, permission0_.permission_id as permissi1_12_1_, permission0_.character_id as characte6_12_1_, permission0_.permission_name as permissi2_12_1_, permission0_.permission_permission_unit_id as permissi3_12_1_, permission0_.permission_service as permissi4_12_1_, permission0_.permission_status as permissi5_12_1_ from permission permission0_ where permission0_.character_id=?
Hibernate: select count(*) as col_0_0_ from category category0_ where category0_.category_id=?
Hibernate: select count(board0_.board_id) as col_0_0_ from board board0_ where board0_.category_id=?
Hibernate: select category0_.category_id as category1_5_0_, category0_.category_name as category2_5_0_ from category category0_ where category0_.category_id=?
Hibernate: select boardlist0_.category_id as category7_4_0_, boardlist0_.board_id as board_id1_4_0_, boardlist0_.board_id as board_id1_4_1_, boardlist0_.category_id as category7_4_1_, boardlist0_.board_content as board_co2_4_1_, boardlist0_.board_created_at as board_cr3_4_1_, boardlist0_.board_last_modified_at as board_la4_4_1_, boardlist0_.board_title as board_ti5_4_1_, boardlist0_.user_id as user_id8_4_1_, boardlist0_.board_views as board_vi6_4_1_ from board boardlist0_ where boardlist0_.category_id=?
Hibernate: delete from category where category_id=?
Hibernate: select user0_.user_id as user_id1_21_0_, user0_.character_id as characte7_21_0_, user0_.user_created_at as user_cre2_21_0_, user0_.user_name as user_nam3_21_0_, user0_.user_phone_number as user_pho4_21_0_, user0_.user_user_id as user_use5_21_0_, user0_.user_user_password as user_use6_21_0_ from user user0_ where user0_.user_id=?
Hibernate: select character0_.character_id as characte1_6_0_, character0_.character_character_name as characte2_6_0_ from characters character0_ where character0_.character_id=?
Hibernate: select count(*) as col_0_0_ from user user0_ where user0_.user_id=?
Hibernate: select character1_.character_id as characte1_6_, character1_.character_character_name as characte2_6_ from user user0_ inner join characters character1_ on user0_.character_id=character1_.character_id where user0_.user_id=?
Hibernate: select permission0_.character_id as characte6_12_0_, permission0_.permission_id as permissi1_12_0_, permission0_.permission_id as permissi1_12_1_, permission0_.character_id as characte6_12_1_, permission0_.permission_name as permissi2_12_1_, permission0_.permission_permission_unit_id as permissi3_12_1_, permission0_.permission_service as permissi4_12_1_, permission0_.permission_status as permissi5_12_1_ from permission permission0_ where permission0_.character_id=?
Hibernate: select category0_.category_id as col_0_0_ from category category0_ where category0_.category_name=? limit ?
Hibernate: select category0_.category_id as category1_5_1_, category0_.category_name as category2_5_1_, boardlist1_.category_id as category7_4_3_, boardlist1_.board_id as board_id1_4_3_, boardlist1_.board_id as board_id1_4_0_, boardlist1_.category_id as category7_4_0_, boardlist1_.board_content as board_co2_4_0_, boardlist1_.board_created_at as board_cr3_4_0_, boardlist1_.board_last_modified_at as board_la4_4_0_, boardlist1_.board_title as board_ti5_4_0_, boardlist1_.user_id as user_id8_4_0_, boardlist1_.board_views as board_vi6_4_0_ from category category0_ left outer join board boardlist1_ on category0_.category_id=boardlist1_.category_id where category0_.category_id=?
Hibernate: insert into category (category_id, category_name) values (default, ?)
Hibernate: select user0_.user_id as user_id1_21_0_, user0_.character_id as characte7_21_0_, user0_.user_created_at as user_cre2_21_0_, user0_.user_name as user_nam3_21_0_, user0_.user_phone_number as user_pho4_21_0_, user0_.user_user_id as user_use5_21_0_, user0_.user_user_password as user_use6_21_0_ from user user0_ where user0_.user_id=?
Hibernate: select character0_.character_id as characte1_6_0_, character0_.character_character_name as characte2_6_0_ from characters character0_ where character0_.character_id=?
Hibernate: select count(*) as col_0_0_ from user user0_ where user0_.user_id=?
Hibernate: select character1_.character_id as characte1_6_, character1_.character_character_name as characte2_6_ from user user0_ inner join characters character1_ on user0_.character_id=character1_.character_id where user0_.user_id=?
Hibernate: select permission0_.character_id as characte6_12_0_, permission0_.permission_id as permissi1_12_0_, permission0_.permission_id as permissi1_12_1_, permission0_.character_id as characte6_12_1_, permission0_.permission_name as permissi2_12_1_, permission0_.permission_permission_unit_id as permissi3_12_1_, permission0_.permission_service as permissi4_12_1_, permission0_.permission_status as permissi5_12_1_ from permission permission0_ where permission0_.character_id=?
Hibernate: select category0_.category_id as col_0_0_ from category category0_ where category0_.category_name=? limit ?
Hibernate: select category0_.category_id as category1_5_1_, category0_.category_name as category2_5_1_, boardlist1_.category_id as category7_4_3_, boardlist1_.board_id as board_id1_4_3_, boardlist1_.board_id as board_id1_4_0_, boardlist1_.category_id as category7_4_0_, boardlist1_.board_content as board_co2_4_0_, boardlist1_.board_created_at as board_cr3_4_0_, boardlist1_.board_last_modified_at as board_la4_4_0_, boardlist1_.board_title as board_ti5_4_0_, boardlist1_.user_id as user_id8_4_0_, boardlist1_.board_views as board_vi6_4_0_ from category category0_ left outer join board boardlist1_ on category0_.category_id=boardlist1_.category_id where category0_.category_id=?
Hibernate: insert into category (category_id, category_name) values (default, ?)
Hibernate: select user0_.user_id as col_0_0_ from user user0_ where user0_.user_user_id=? limit ?
Hibernate: select user0_.user_id as col_0_0_ from user user0_ where user0_.user_user_id=? limit ?
Hibernate: select U.* from USER U where U.USER_USER_ID =?
Hibernate: select character0_.character_id as characte1_6_0_, character0_.character_character_name as characte2_6_0_ from characters character0_ where character0_.character_id=?
Hibernate: select user0_.user_id as col_0_0_ from user user0_ where user0_.user_user_id=? limit ?
Hibernate: select user0_.user_id as user_id1_21_, user0_.character_id as characte7_21_, user0_.user_created_at as user_cre2_21_, user0_.user_name as user_nam3_21_, user0_.user_phone_number as user_pho4_21_, user0_.user_user_id as user_use5_21_, user0_.user_user_password as user_use6_21_ from user user0_ inner join characters character1_ on user0_.character_id=character1_.character_id where user0_.user_user_id=?
Hibernate: select character0_.character_id as characte1_6_0_, character0_.character_character_name as characte2_6_0_ from characters character0_ where character0_.character_id=?
Hibernate: select rewardtagw0_.user_id as user_id4_16_0_, rewardtagw0_.reward_tag_wrapper_reward_id as reward_t1_16_0_, rewardtagw0_.reward_tag_wrapper_reward_id as reward_t1_16_1_, rewardtagw0_.reward_tag_wrapper_reward_presented_at as reward_t2_16_1_, rewardtagw0_.reward_tag_reward_tag_id as reward_t3_16_1_, rewardtagw0_.user_id as user_id4_16_1_ from reward_tag_wrapper rewardtagw0_ where rewardtagw0_.user_id=?
Hibernate: select user0_.user_id as user_id1_21_0_, user0_.character_id as characte7_21_0_, user0_.user_created_at as user_cre2_21_0_, user0_.user_name as user_nam3_21_0_, user0_.user_phone_number as user_pho4_21_0_, user0_.user_user_id as user_use5_21_0_, user0_.user_user_password as user_use6_21_0_ from user user0_ where user0_.user_id=?
Hibernate: select character0_.character_id as characte1_6_0_, character0_.character_character_name as characte2_6_0_ from characters character0_ where character0_.character_id=?
Hibernate: select count(*) as col_0_0_ from user user0_ where user0_.user_id=?
Hibernate: select character1_.character_id as characte1_6_, character1_.character_character_name as characte2_6_ from user user0_ inner join characters character1_ on user0_.character_id=character1_.character_id where user0_.user_id=?
Hibernate: select permission0_.character_id as characte6_12_0_, permission0_.permission_id as permissi1_12_0_, permission0_.permission_id as permissi1_12_1_, permission0_.character_id as characte6_12_1_, permission0_.permission_name as permissi2_12_1_, permission0_.permission_permission_unit_id as permissi3_12_1_, permission0_.permission_service as permissi4_12_1_, permission0_.permission_status as permissi5_12_1_ from permission permission0_ where permission0_.character_id=?
Hibernate: select count(*) as col_0_0_ from user user0_ where user0_.user_id=?
Hibernate: select user0_.user_id as user_id1_21_, user0_.character_id as characte7_21_, user0_.user_created_at as user_cre2_21_, user0_.user_name as user_nam3_21_, user0_.user_phone_number as user_pho4_21_, user0_.user_user_id as user_use5_21_, user0_.user_user_password as user_use6_21_ from user user0_ where user0_.user_id=?
Hibernate: select character0_.character_id as characte1_6_0_, character0_.character_character_name as characte2_6_0_ from characters character0_ where character0_.character_id=?
Hibernate: select rewardtagw0_.user_id as user_id4_16_0_, rewardtagw0_.reward_tag_wrapper_reward_id as reward_t1_16_0_, rewardtagw0_.reward_tag_wrapper_reward_id as reward_t1_16_1_, rewardtagw0_.reward_tag_wrapper_reward_presented_at as reward_t2_16_1_, rewardtagw0_.reward_tag_reward_tag_id as reward_t3_16_1_, rewardtagw0_.user_id as user_id4_16_1_ from reward_tag_wrapper rewardtagw0_ where rewardtagw0_.user_id=?
Hibernate: select attendance0_.attendance_user_attendance_user_id as col_0_0_ from attendance_user attendance0_ where attendance0_.user_id=? limit ?
Hibernate: DELETE FROM USER WHERE USER_ID = ?
]]></system-out>
  <system-err><![CDATA[]]></system-err>
</testsuite>
