<?xml version="1.0" encoding="UTF-8"?>
<testsuite name="org.waldreg.acceptance.reward.RewardAcceptanceTest" tests="31" skipped="0" failures="0" errors="0" timestamp="2023-06-27T14:36:17" hostname="xb-apple.local" time="0.29">
  <properties/>
  <testcase name="상 벌점 태그를 한번이라도 받은 유저 목록 조회 성공 인수테스트 - 0명" classname="org.waldreg.acceptance.reward.RewardAcceptanceTest" time="0.009"/>
  <testcase name="유저에게 상, 벌점 부여 실패 인수테스트 - 인증 실패" classname="org.waldreg.acceptance.reward.RewardAcceptanceTest" time="0.005"/>
  <testcase name="상, 벌점 사유 태그 생성 실패 인수 테스트 - 인증 실패" classname="org.waldreg.acceptance.reward.RewardAcceptanceTest" time="0.005"/>
  <testcase name="특정 유저의 상, 벌점 조회 성공 인수테스트" classname="org.waldreg.acceptance.reward.RewardAcceptanceTest" time="0.023"/>
  <testcase name="모든 유저 상, 벌점 초기화 실패 인수테스트 - 권한 없음" classname="org.waldreg.acceptance.reward.RewardAcceptanceTest" time="0.01"/>
  <testcase name="상 벌점 태그를 한번이라도 받은 유저 목록 조회 성공 인수테스트 - 2명" classname="org.waldreg.acceptance.reward.RewardAcceptanceTest" time="0.019"/>
  <testcase name="상, 벌점 사유 태그 수정 실패 테스트 - 인증 실패" classname="org.waldreg.acceptance.reward.RewardAcceptanceTest" time="0.004"/>
  <testcase name="상, 벌점 태그 삭제 실패 인수 테스트 - 권한 없음" classname="org.waldreg.acceptance.reward.RewardAcceptanceTest" time="0.008"/>
  <testcase name="유저에게 상, 벌점 부여 실패 인수테스트 - 유저를 찾을 수 없음" classname="org.waldreg.acceptance.reward.RewardAcceptanceTest" time="0.008"/>
  <testcase name="특정 유저에게 상, 벌점 삭제 실패 인수 테스트 - 권한 없음" classname="org.waldreg.acceptance.reward.RewardAcceptanceTest" time="0.009"/>
  <testcase name="상, 벌점 사유 태그 조회 실패 인수 테스트 - 인증 실패" classname="org.waldreg.acceptance.reward.RewardAcceptanceTest" time="0.003"/>
  <testcase name="특정 유저의 상 벌점 조회 실패 테스트 - 권한 없음" classname="org.waldreg.acceptance.reward.RewardAcceptanceTest" time="0.008"/>
  <testcase name="상 벌점 태그를 한번이라도 받은 유저 목록 조회 실패 테스트 - 권한 없음" classname="org.waldreg.acceptance.reward.RewardAcceptanceTest" time="0.009"/>
  <testcase name="유저에게 상, 벌점 부여 성공 인수테스트" classname="org.waldreg.acceptance.reward.RewardAcceptanceTest" time="0.014"/>
  <testcase name="특정 유저의 상 벌점 조회 실패 테스트 - 유저를 찾을 수 없음" classname="org.waldreg.acceptance.reward.RewardAcceptanceTest" time="0.004"/>
  <testcase name="상, 벌점 사유 태그 생성 성공 인수 테스트" classname="org.waldreg.acceptance.reward.RewardAcceptanceTest" time="0.006"/>
  <testcase name="상, 벌점 사유 태그 수정 실패 테스트 - 권한 없음" classname="org.waldreg.acceptance.reward.RewardAcceptanceTest" time="0.009"/>
  <testcase name="상, 벌점 사유 태그 수정 실패 테스트 - reward-tag-id에 해당하는 상, 벌점 태그를 찾을 수 없음" classname="org.waldreg.acceptance.reward.RewardAcceptanceTest" time="0.005"/>
  <testcase name="특정 유저에게 상, 벌점 삭제 실패 인수 테스트 - id에 해당하는 유저를 찾을 수 없음" classname="org.waldreg.acceptance.reward.RewardAcceptanceTest" time="0.003"/>
  <testcase name="상, 벌점 사유 태그 조회 실패 인수 테스트 - 조회 권한이 없는 유저가 조회를 시도한 경우" classname="org.waldreg.acceptance.reward.RewardAcceptanceTest" time="0.009"/>
  <testcase name="상, 벌점 태그 삭제 성공 테스트" classname="org.waldreg.acceptance.reward.RewardAcceptanceTest" time="0.006"/>
  <testcase name="유저에게 상, 벌점 부여 실패 인수테스트 - 태그의 id를 찾을 수 없음" classname="org.waldreg.acceptance.reward.RewardAcceptanceTest" time="0.009"/>
  <testcase name="상 벌점 태그를 한번이라도 받은 유저 목록 조회 성공 인수테스트 - 1명" classname="org.waldreg.acceptance.reward.RewardAcceptanceTest" time="0.012"/>
  <testcase name="상, 벌점 사유 태그 생성 실패 인수 테스트 - 상점을 생성할 권한이 없는 유저가 상점을 생성하려고 시도 한 경우" classname="org.waldreg.acceptance.reward.RewardAcceptanceTest" time="0.008"/>
  <testcase name="특정 유저에게 상, 벌점 태그 삭제 성공 인수 테스트" classname="org.waldreg.acceptance.reward.RewardAcceptanceTest" time="0.016"/>
  <testcase name="모든 유저의 상, 벌점 초기화 성공 인수테스트" classname="org.waldreg.acceptance.reward.RewardAcceptanceTest" time="0.006"/>
  <testcase name="특정 유저의 상 벌점 조회 성공 테스트 - 권한은 없지만 자기자신의 상 벌점을 조회하려고 함" classname="org.waldreg.acceptance.reward.RewardAcceptanceTest" time="0.017"/>
  <testcase name="상, 벌점 사유 태그 조회 성공 인수 테스트" classname="org.waldreg.acceptance.reward.RewardAcceptanceTest" time="0.009"/>
  <testcase name="유저에게 상, 벌점 부여 실패 인수테스트 - 권한 없음" classname="org.waldreg.acceptance.reward.RewardAcceptanceTest" time="0.008"/>
  <testcase name="특정 유저에게 상, 벌점 삭제 실패 인수 테스트 - 유저에 속한 reward id를 찾을 수 없음" classname="org.waldreg.acceptance.reward.RewardAcceptanceTest" time="0.013"/>
  <testcase name="상, 벌점 사유 태그 수정 성공 인수테스트" classname="org.waldreg.acceptance.reward.RewardAcceptanceTest" time="0.012"/>
  <system-out><![CDATA[2023-06-27 23:36:17.364  INFO 90271 --- [    Test worker] .b.t.c.SpringBootTestContextBootstrapper : Neither @ContextConfiguration nor @ContextHierarchy found for test class [org.waldreg.acceptance.reward.RewardAcceptanceTest], using SpringBootContextLoader
2023-06-27 23:36:17.364  INFO 90271 --- [    Test worker] o.s.t.c.support.AbstractContextLoader    : Could not detect default resource locations for test class [org.waldreg.acceptance.reward.RewardAcceptanceTest]: no resource found for suffixes {-context.xml, Context.groovy}.
2023-06-27 23:36:17.364  INFO 90271 --- [    Test worker] t.c.s.AnnotationConfigContextLoaderUtils : Could not detect default configuration classes for test class [org.waldreg.acceptance.reward.RewardAcceptanceTest]: RewardAcceptanceTest does not declare any static, non-private, non-final, nested classes annotated with @Configuration.
2023-06-27 23:36:17.366  INFO 90271 --- [    Test worker] .b.t.c.SpringBootTestContextBootstrapper : Found @SpringBootConfiguration org.waldreg.Application for test class org.waldreg.acceptance.reward.RewardAcceptanceTest
2023-06-27 23:36:17.367  INFO 90271 --- [    Test worker] .b.t.c.SpringBootTestContextBootstrapper : Loaded default TestExecutionListener class names from location [META-INF/spring.factories]: [org.springframework.boot.test.autoconfigure.restdocs.RestDocsTestExecutionListener, org.springframework.boot.test.autoconfigure.web.client.MockRestServiceServerResetTestExecutionListener, org.springframework.boot.test.autoconfigure.web.servlet.MockMvcPrintOnlyOnFailureTestExecutionListener, org.springframework.boot.test.autoconfigure.web.servlet.WebDriverTestExecutionListener, org.springframework.boot.test.autoconfigure.webservices.client.MockWebServiceServerTestExecutionListener, org.springframework.boot.test.mock.mockito.MockitoTestExecutionListener, org.springframework.boot.test.mock.mockito.ResetMocksTestExecutionListener, org.springframework.test.context.web.ServletTestExecutionListener, org.springframework.test.context.support.DirtiesContextBeforeModesTestExecutionListener, org.springframework.test.context.event.ApplicationEventsTestExecutionListener, org.springframework.test.context.support.DependencyInjectionTestExecutionListener, org.springframework.test.context.support.DirtiesContextTestExecutionListener, org.springframework.test.context.transaction.TransactionalTestExecutionListener, org.springframework.test.context.jdbc.SqlScriptsTestExecutionListener, org.springframework.test.context.event.EventPublishingTestExecutionListener]
2023-06-27 23:36:17.367  INFO 90271 --- [    Test worker] .b.t.c.SpringBootTestContextBootstrapper : Using TestExecutionListeners: [org.springframework.test.context.web.ServletTestExecutionListener@7400397b, org.springframework.test.context.support.DirtiesContextBeforeModesTestExecutionListener@40300c67, org.springframework.test.context.event.ApplicationEventsTestExecutionListener@40f1cac0, org.springframework.boot.test.mock.mockito.MockitoTestExecutionListener@68496588, org.springframework.boot.test.autoconfigure.SpringBootDependencyInjectionTestExecutionListener@1d77521b, org.springframework.test.context.support.DirtiesContextTestExecutionListener@5d6436e6, org.springframework.test.context.transaction.TransactionalTestExecutionListener@138d5040, org.springframework.test.context.jdbc.SqlScriptsTestExecutionListener@304b129c, org.springframework.test.context.event.EventPublishingTestExecutionListener@170b6904, org.springframework.boot.test.autoconfigure.restdocs.RestDocsTestExecutionListener@6ba4be05, org.springframework.boot.test.autoconfigure.web.client.MockRestServiceServerResetTestExecutionListener@12d2ec61, org.springframework.boot.test.autoconfigure.web.servlet.MockMvcPrintOnlyOnFailureTestExecutionListener@7ae5c355, org.springframework.boot.test.autoconfigure.web.servlet.WebDriverTestExecutionListener@36ead644, org.springframework.boot.test.autoconfigure.webservices.client.MockWebServiceServerTestExecutionListener@78f0020a, org.springframework.boot.test.mock.mockito.ResetMocksTestExecutionListener@7dc44891]
Hibernate: select user0_.user_id as col_0_0_ from user user0_ where user0_.user_user_id=? limit ?
Hibernate: select user0_.user_id as col_0_0_ from user user0_ where user0_.user_user_id=? limit ?
Hibernate: select U.* from USER U where U.USER_USER_ID =?
Hibernate: select character0_.character_id as characte1_6_0_, character0_.character_character_name as characte2_6_0_ from characters character0_ where character0_.character_id=?
Hibernate: select user0_.user_id as user_id1_20_0_, user0_.character_id as characte7_20_0_, user0_.user_created_at as user_cre2_20_0_, user0_.user_name as user_nam3_20_0_, user0_.user_phone_number as user_pho4_20_0_, user0_.user_user_id as user_use5_20_0_, user0_.user_user_password as user_use6_20_0_ from user user0_ where user0_.user_id=?
Hibernate: select character0_.character_id as characte1_6_0_, character0_.character_character_name as characte2_6_0_ from characters character0_ where character0_.character_id=?
Hibernate: select count(*) as col_0_0_ from user user0_ where user0_.user_id=?
Hibernate: select character1_.character_id as characte1_6_, character1_.character_character_name as characte2_6_ from user user0_ inner join characters character1_ on user0_.character_id=character1_.character_id where user0_.user_id=?
Hibernate: select permission0_.character_id as characte6_11_0_, permission0_.permission_id as permissi1_11_0_, permission0_.permission_id as permissi1_11_1_, permission0_.character_id as characte6_11_1_, permission0_.permission_name as permissi2_11_1_, permission0_.permission_permission_unit_id as permissi3_11_1_, permission0_.permission_service as permissi4_11_1_, permission0_.permission_status as permissi5_11_1_ from permission permission0_ where permission0_.character_id=?
Hibernate: select rewardtag0_.reward_tag_reward_tag_id as reward_t1_14_, rewardtag0_.reward_tag_reward_point as reward_t2_14_, rewardtag0_.reward_tag_reward_tag_title as reward_t3_14_ from reward_tag rewardtag0_
Hibernate: select user0_.user_id as col_0_0_ from user user0_ where user0_.user_user_id=? limit ?
Hibernate: select user0_.user_id as col_0_0_ from user user0_ where user0_.user_user_id=? limit ?
Hibernate: select U.* from USER U where U.USER_USER_ID =?
Hibernate: select character0_.character_id as characte1_6_0_, character0_.character_character_name as characte2_6_0_ from characters character0_ where character0_.character_id=?
Hibernate: select user0_.user_id as col_0_0_ from user user0_ where user0_.user_user_id=? limit ?
Hibernate: select user0_.user_id as col_0_0_ from user user0_ where user0_.user_user_id=? limit ?
Hibernate: select U.* from USER U where U.USER_USER_ID =?
Hibernate: select character0_.character_id as characte1_6_0_, character0_.character_character_name as characte2_6_0_ from characters character0_ where character0_.character_id=?
Hibernate: select user0_.user_id as user_id1_20_0_, user0_.character_id as characte7_20_0_, user0_.user_created_at as user_cre2_20_0_, user0_.user_name as user_nam3_20_0_, user0_.user_phone_number as user_pho4_20_0_, user0_.user_user_id as user_use5_20_0_, user0_.user_user_password as user_use6_20_0_ from user user0_ where user0_.user_id=?
Hibernate: select character0_.character_id as characte1_6_0_, character0_.character_character_name as characte2_6_0_ from characters character0_ where character0_.character_id=?
Hibernate: select count(*) as col_0_0_ from user user0_ where user0_.user_id=?
Hibernate: select character1_.character_id as characte1_6_, character1_.character_character_name as characte2_6_ from user user0_ inner join characters character1_ on user0_.character_id=character1_.character_id where user0_.user_id=?
Hibernate: select permission0_.character_id as characte6_11_0_, permission0_.permission_id as permissi1_11_0_, permission0_.permission_id as permissi1_11_1_, permission0_.character_id as characte6_11_1_, permission0_.permission_name as permissi2_11_1_, permission0_.permission_permission_unit_id as permissi3_11_1_, permission0_.permission_service as permissi4_11_1_, permission0_.permission_status as permissi5_11_1_ from permission permission0_ where permission0_.character_id=?
Hibernate: select distinct user1_.user_id as user_id1_20_, user1_.character_id as characte7_20_, user1_.user_created_at as user_cre2_20_, user1_.user_name as user_nam3_20_, user1_.user_phone_number as user_pho4_20_, user1_.user_user_id as user_use5_20_, user1_.user_user_password as user_use6_20_ from reward_tag_wrapper rewardtagw0_ inner join user user1_ on rewardtagw0_.user_id=user1_.user_id
Hibernate: select user0_.user_id as col_0_0_ from user user0_ where user0_.user_user_id=? limit ?
Hibernate: select user0_.user_id as col_0_0_ from user user0_ where user0_.user_user_id=? limit ?
Hibernate: select U.* from USER U where U.USER_USER_ID =?
Hibernate: select character0_.character_id as characte1_6_0_, character0_.character_character_name as characte2_6_0_ from characters character0_ where character0_.character_id=?
Hibernate: select user0_.user_id as user_id1_20_0_, user0_.character_id as characte7_20_0_, user0_.user_created_at as user_cre2_20_0_, user0_.user_name as user_nam3_20_0_, user0_.user_phone_number as user_pho4_20_0_, user0_.user_user_id as user_use5_20_0_, user0_.user_user_password as user_use6_20_0_ from user user0_ where user0_.user_id=?
Hibernate: select character0_.character_id as characte1_6_0_, character0_.character_character_name as characte2_6_0_ from characters character0_ where character0_.character_id=?
Hibernate: select count(*) as col_0_0_ from user user0_ where user0_.user_id=?
Hibernate: select character1_.character_id as characte1_6_, character1_.character_character_name as characte2_6_ from user user0_ inner join characters character1_ on user0_.character_id=character1_.character_id where user0_.user_id=?
Hibernate: select permission0_.character_id as characte6_11_0_, permission0_.permission_id as permissi1_11_0_, permission0_.permission_id as permissi1_11_1_, permission0_.character_id as characte6_11_1_, permission0_.permission_name as permissi2_11_1_, permission0_.permission_permission_unit_id as permissi3_11_1_, permission0_.permission_service as permissi4_11_1_, permission0_.permission_status as permissi5_11_1_ from permission permission0_ where permission0_.character_id=?
Hibernate: select rewardtag0_.reward_tag_reward_tag_id as reward_t1_14_, rewardtag0_.reward_tag_reward_point as reward_t2_14_, rewardtag0_.reward_tag_reward_tag_title as reward_t3_14_ from reward_tag rewardtag0_
Hibernate: select user0_.user_id as col_0_0_ from user user0_ where user0_.user_user_id=? limit ?
Hibernate: select user0_.user_id as col_0_0_ from user user0_ where user0_.user_user_id=? limit ?
Hibernate: select U.* from USER U where U.USER_USER_ID =?
Hibernate: select character0_.character_id as characte1_6_0_, character0_.character_character_name as characte2_6_0_ from characters character0_ where character0_.character_id=?
Hibernate: select user0_.user_id as col_0_0_ from user user0_ where user0_.user_user_id=? limit ?
Hibernate: select user0_.user_id as col_0_0_ from user user0_ where user0_.user_user_id=? limit ?
Hibernate: select U.* from USER U where U.USER_USER_ID =?
Hibernate: select character0_.character_id as characte1_6_0_, character0_.character_character_name as characte2_6_0_ from characters character0_ where character0_.character_id=?
Hibernate: select user0_.user_id as user_id1_20_0_, user0_.character_id as characte7_20_0_, user0_.user_created_at as user_cre2_20_0_, user0_.user_name as user_nam3_20_0_, user0_.user_phone_number as user_pho4_20_0_, user0_.user_user_id as user_use5_20_0_, user0_.user_user_password as user_use6_20_0_ from user user0_ where user0_.user_id=?
Hibernate: select character0_.character_id as characte1_6_0_, character0_.character_character_name as characte2_6_0_ from characters character0_ where character0_.character_id=?
Hibernate: select count(*) as col_0_0_ from user user0_ where user0_.user_id=?
Hibernate: select character1_.character_id as characte1_6_, character1_.character_character_name as characte2_6_ from user user0_ inner join characters character1_ on user0_.character_id=character1_.character_id where user0_.user_id=?
Hibernate: select permission0_.character_id as characte6_11_0_, permission0_.permission_id as permissi1_11_0_, permission0_.permission_id as permissi1_11_1_, permission0_.character_id as characte6_11_1_, permission0_.permission_name as permissi2_11_1_, permission0_.permission_permission_unit_id as permissi3_11_1_, permission0_.permission_service as permissi4_11_1_, permission0_.permission_status as permissi5_11_1_ from permission permission0_ where permission0_.character_id=?
Hibernate: select rewardtag0_.reward_tag_reward_tag_id as reward_t1_14_, rewardtag0_.reward_tag_reward_point as reward_t2_14_, rewardtag0_.reward_tag_reward_tag_title as reward_t3_14_ from reward_tag rewardtag0_
Hibernate: select user0_.user_id as col_0_0_ from user user0_ where user0_.user_user_id=? limit ?
Hibernate: select user0_.user_id as col_0_0_ from user user0_ where user0_.user_user_id=? limit ?
Hibernate: select U.* from USER U where U.USER_USER_ID =?
Hibernate: select character0_.character_id as characte1_6_0_, character0_.character_character_name as characte2_6_0_ from characters character0_ where character0_.character_id=?
Hibernate: select user0_.user_id as col_0_0_ from user user0_ where user0_.user_user_id=? limit ?
Hibernate: select user0_.user_id as col_0_0_ from user user0_ where user0_.user_user_id=? limit ?
Hibernate: select U.* from USER U where U.USER_USER_ID =?
Hibernate: select character0_.character_id as characte1_6_0_, character0_.character_character_name as characte2_6_0_ from characters character0_ where character0_.character_id=?
Hibernate: select user0_.user_id as user_id1_20_0_, user0_.character_id as characte7_20_0_, user0_.user_created_at as user_cre2_20_0_, user0_.user_name as user_nam3_20_0_, user0_.user_phone_number as user_pho4_20_0_, user0_.user_user_id as user_use5_20_0_, user0_.user_user_password as user_use6_20_0_ from user user0_ where user0_.user_id=?
Hibernate: select character0_.character_id as characte1_6_0_, character0_.character_character_name as characte2_6_0_ from characters character0_ where character0_.character_id=?
Hibernate: select count(*) as col_0_0_ from user user0_ where user0_.user_id=?
Hibernate: select character1_.character_id as characte1_6_, character1_.character_character_name as characte2_6_ from user user0_ inner join characters character1_ on user0_.character_id=character1_.character_id where user0_.user_id=?
Hibernate: select permission0_.character_id as characte6_11_0_, permission0_.permission_id as permissi1_11_0_, permission0_.permission_id as permissi1_11_1_, permission0_.character_id as characte6_11_1_, permission0_.permission_name as permissi2_11_1_, permission0_.permission_permission_unit_id as permissi3_11_1_, permission0_.permission_service as permissi4_11_1_, permission0_.permission_status as permissi5_11_1_ from permission permission0_ where permission0_.character_id=?
Hibernate: select rewardtag0_.reward_tag_reward_tag_id as reward_t1_14_, rewardtag0_.reward_tag_reward_point as reward_t2_14_, rewardtag0_.reward_tag_reward_tag_title as reward_t3_14_ from reward_tag rewardtag0_
Hibernate: select user0_.user_id as col_0_0_ from user user0_ where user0_.user_user_id=? limit ?
Hibernate: select user0_.user_id as col_0_0_ from user user0_ where user0_.user_user_id=? limit ?
Hibernate: select U.* from USER U where U.USER_USER_ID =?
Hibernate: select character0_.character_id as characte1_6_0_, character0_.character_character_name as characte2_6_0_ from characters character0_ where character0_.character_id=?
Hibernate: select user0_.user_id as col_0_0_ from user user0_ where user0_.user_user_id=? limit ?
Hibernate: select user0_.user_id as col_0_0_ from user user0_ where user0_.user_user_id=? limit ?
Hibernate: select U.* from USER U where U.USER_USER_ID =?
Hibernate: select character0_.character_id as characte1_6_0_, character0_.character_character_name as characte2_6_0_ from characters character0_ where character0_.character_id=?
Hibernate: select user0_.user_id as user_id1_20_0_, user0_.character_id as characte7_20_0_, user0_.user_created_at as user_cre2_20_0_, user0_.user_name as user_nam3_20_0_, user0_.user_phone_number as user_pho4_20_0_, user0_.user_user_id as user_use5_20_0_, user0_.user_user_password as user_use6_20_0_ from user user0_ where user0_.user_id=?
Hibernate: select character0_.character_id as characte1_6_0_, character0_.character_character_name as characte2_6_0_ from characters character0_ where character0_.character_id=?
Hibernate: select count(*) as col_0_0_ from user user0_ where user0_.user_id=?
Hibernate: select character1_.character_id as characte1_6_, character1_.character_character_name as characte2_6_ from user user0_ inner join characters character1_ on user0_.character_id=character1_.character_id where user0_.user_id=?
Hibernate: select permission0_.character_id as characte6_11_0_, permission0_.permission_id as permissi1_11_0_, permission0_.permission_id as permissi1_11_1_, permission0_.character_id as characte6_11_1_, permission0_.permission_name as permissi2_11_1_, permission0_.permission_permission_unit_id as permissi3_11_1_, permission0_.permission_service as permissi4_11_1_, permission0_.permission_status as permissi5_11_1_ from permission permission0_ where permission0_.character_id=?
Hibernate: select rewardtag0_.reward_tag_reward_tag_id as reward_t1_14_, rewardtag0_.reward_tag_reward_point as reward_t2_14_, rewardtag0_.reward_tag_reward_tag_title as reward_t3_14_ from reward_tag rewardtag0_
Hibernate: select user0_.user_id as col_0_0_ from user user0_ where user0_.user_user_id=? limit ?
Hibernate: select user0_.user_id as col_0_0_ from user user0_ where user0_.user_user_id=? limit ?
Hibernate: select U.* from USER U where U.USER_USER_ID =?
Hibernate: select character0_.character_id as characte1_6_0_, character0_.character_character_name as characte2_6_0_ from characters character0_ where character0_.character_id=?
Hibernate: select user0_.user_id as col_0_0_ from user user0_ where user0_.user_user_id=? limit ?
Hibernate: select user0_.user_id as col_0_0_ from user user0_ where user0_.user_user_id=? limit ?
Hibernate: select U.* from USER U where U.USER_USER_ID =?
Hibernate: select character0_.character_id as characte1_6_0_, character0_.character_character_name as characte2_6_0_ from characters character0_ where character0_.character_id=?
Hibernate: select user0_.user_id as user_id1_20_0_, user0_.character_id as characte7_20_0_, user0_.user_created_at as user_cre2_20_0_, user0_.user_name as user_nam3_20_0_, user0_.user_phone_number as user_pho4_20_0_, user0_.user_user_id as user_use5_20_0_, user0_.user_user_password as user_use6_20_0_ from user user0_ where user0_.user_id=?
Hibernate: select character0_.character_id as characte1_6_0_, character0_.character_character_name as characte2_6_0_ from characters character0_ where character0_.character_id=?
Hibernate: select count(*) as col_0_0_ from user user0_ where user0_.user_id=?
Hibernate: select character1_.character_id as characte1_6_, character1_.character_character_name as characte2_6_ from user user0_ inner join characters character1_ on user0_.character_id=character1_.character_id where user0_.user_id=?
Hibernate: select permission0_.character_id as characte6_11_0_, permission0_.permission_id as permissi1_11_0_, permission0_.permission_id as permissi1_11_1_, permission0_.character_id as characte6_11_1_, permission0_.permission_name as permissi2_11_1_, permission0_.permission_permission_unit_id as permissi3_11_1_, permission0_.permission_service as permissi4_11_1_, permission0_.permission_status as permissi5_11_1_ from permission permission0_ where permission0_.character_id=?
Hibernate: select rewardtag0_.reward_tag_reward_tag_id as reward_t1_14_, rewardtag0_.reward_tag_reward_point as reward_t2_14_, rewardtag0_.reward_tag_reward_tag_title as reward_t3_14_ from reward_tag rewardtag0_
Hibernate: select user0_.user_id as col_0_0_ from user user0_ where user0_.user_user_id=? limit ?
Hibernate: select user0_.user_id as col_0_0_ from user user0_ where user0_.user_user_id=? limit ?
Hibernate: select U.* from USER U where U.USER_USER_ID =?
Hibernate: select character0_.character_id as characte1_6_0_, character0_.character_character_name as characte2_6_0_ from characters character0_ where character0_.character_id=?
Hibernate: select user0_.user_id as col_0_0_ from user user0_ where user0_.user_user_id=? limit ?
Hibernate: select user0_.user_id as col_0_0_ from user user0_ where user0_.user_user_id=? limit ?
Hibernate: select U.* from USER U where U.USER_USER_ID =?
Hibernate: select character0_.character_id as characte1_6_0_, character0_.character_character_name as characte2_6_0_ from characters character0_ where character0_.character_id=?
Hibernate: select user0_.user_id as user_id1_20_0_, user0_.character_id as characte7_20_0_, user0_.user_created_at as user_cre2_20_0_, user0_.user_name as user_nam3_20_0_, user0_.user_phone_number as user_pho4_20_0_, user0_.user_user_id as user_use5_20_0_, user0_.user_user_password as user_use6_20_0_ from user user0_ where user0_.user_id=?
Hibernate: select character0_.character_id as characte1_6_0_, character0_.character_character_name as characte2_6_0_ from characters character0_ where character0_.character_id=?
Hibernate: select count(*) as col_0_0_ from user user0_ where user0_.user_id=?
Hibernate: select character1_.character_id as characte1_6_, character1_.character_character_name as characte2_6_ from user user0_ inner join characters character1_ on user0_.character_id=character1_.character_id where user0_.user_id=?
Hibernate: select permission0_.character_id as characte6_11_0_, permission0_.permission_id as permissi1_11_0_, permission0_.permission_id as permissi1_11_1_, permission0_.character_id as characte6_11_1_, permission0_.permission_name as permissi2_11_1_, permission0_.permission_permission_unit_id as permissi3_11_1_, permission0_.permission_service as permissi4_11_1_, permission0_.permission_status as permissi5_11_1_ from permission permission0_ where permission0_.character_id=?
Hibernate: select rewardtag0_.reward_tag_reward_tag_id as reward_t1_14_, rewardtag0_.reward_tag_reward_point as reward_t2_14_, rewardtag0_.reward_tag_reward_tag_title as reward_t3_14_ from reward_tag rewardtag0_
Hibernate: select user0_.user_id as col_0_0_ from user user0_ where user0_.user_user_id=? limit ?
Hibernate: select user0_.user_id as col_0_0_ from user user0_ where user0_.user_user_id=? limit ?
Hibernate: select U.* from USER U where U.USER_USER_ID =?
Hibernate: select character0_.character_id as characte1_6_0_, character0_.character_character_name as characte2_6_0_ from characters character0_ where character0_.character_id=?
Hibernate: select user0_.user_id as col_0_0_ from user user0_ where user0_.user_user_id=? limit ?
Hibernate: select user0_.user_id as col_0_0_ from user user0_ where user0_.user_user_id=? limit ?
Hibernate: select U.* from USER U where U.USER_USER_ID =?
Hibernate: select character0_.character_id as characte1_6_0_, character0_.character_character_name as characte2_6_0_ from characters character0_ where character0_.character_id=?
Hibernate: select user0_.user_id as user_id1_20_0_, user0_.character_id as characte7_20_0_, user0_.user_created_at as user_cre2_20_0_, user0_.user_name as user_nam3_20_0_, user0_.user_phone_number as user_pho4_20_0_, user0_.user_user_id as user_use5_20_0_, user0_.user_user_password as user_use6_20_0_ from user user0_ where user0_.user_id=?
Hibernate: select character0_.character_id as characte1_6_0_, character0_.character_character_name as characte2_6_0_ from characters character0_ where character0_.character_id=?
Hibernate: select count(*) as col_0_0_ from user user0_ where user0_.user_id=?
Hibernate: select character1_.character_id as characte1_6_, character1_.character_character_name as characte2_6_ from user user0_ inner join characters character1_ on user0_.character_id=character1_.character_id where user0_.user_id=?
Hibernate: select permission0_.character_id as characte6_11_0_, permission0_.permission_id as permissi1_11_0_, permission0_.permission_id as permissi1_11_1_, permission0_.character_id as characte6_11_1_, permission0_.permission_name as permissi2_11_1_, permission0_.permission_permission_unit_id as permissi3_11_1_, permission0_.permission_service as permissi4_11_1_, permission0_.permission_status as permissi5_11_1_ from permission permission0_ where permission0_.character_id=?
Hibernate: insert into reward_tag (reward_tag_reward_tag_id, reward_tag_reward_point, reward_tag_reward_tag_title) values (default, ?, ?)
Hibernate: select user0_.user_id as user_id1_20_0_, user0_.character_id as characte7_20_0_, user0_.user_created_at as user_cre2_20_0_, user0_.user_name as user_nam3_20_0_, user0_.user_phone_number as user_pho4_20_0_, user0_.user_user_id as user_use5_20_0_, user0_.user_user_password as user_use6_20_0_ from user user0_ where user0_.user_id=?
Hibernate: select character0_.character_id as characte1_6_0_, character0_.character_character_name as characte2_6_0_ from characters character0_ where character0_.character_id=?
Hibernate: select count(*) as col_0_0_ from user user0_ where user0_.user_id=?
Hibernate: select character1_.character_id as characte1_6_, character1_.character_character_name as characte2_6_ from user user0_ inner join characters character1_ on user0_.character_id=character1_.character_id where user0_.user_id=?
Hibernate: select permission0_.character_id as characte6_11_0_, permission0_.permission_id as permissi1_11_0_, permission0_.permission_id as permissi1_11_1_, permission0_.character_id as characte6_11_1_, permission0_.permission_name as permissi2_11_1_, permission0_.permission_permission_unit_id as permissi3_11_1_, permission0_.permission_service as permissi4_11_1_, permission0_.permission_status as permissi5_11_1_ from permission permission0_ where permission0_.character_id=?
Hibernate: select rewardtag0_.reward_tag_reward_tag_id as reward_t1_14_, rewardtag0_.reward_tag_reward_point as reward_t2_14_, rewardtag0_.reward_tag_reward_tag_title as reward_t3_14_ from reward_tag rewardtag0_
Hibernate: select user0_.user_id as col_0_0_ from user user0_ where user0_.user_user_id=? limit ?
Hibernate: select userjoinin0_.user_joining_pool_id as col_0_0_ from user_joining_pool userjoinin0_ where userjoinin0_.user_user_id=? limit ?
Hibernate: select character0_.character_id as col_0_0_ from characters character0_ where character0_.character_character_name=? limit ?
Hibernate: insert into user_joining_pool (user_joining_pool_id, user_created_at, user_name, user_phone_number, user_user_id, user_user_password) values (default, ?, ?, ?, ?, ?)

MockHttpServletRequest:
      HTTP Method = POST
      Request URI = /user
       Parameters = {}
          Headers = [Content-Type:"application/json;charset=UTF-8", Accept:"application/json", api-version:"1.0", Content-Length:"106"]
             Body = {"name":"hello world","user_id":"hello-world","user_password":"adcgd123!!@@","phone_number":"01012341234"}
    Session Attrs = {}

Handler:
             Type = org.waldreg.controller.joiningpool.JoiningPoolController
           Method = org.waldreg.controller.joiningpool.JoiningPoolController#createUser(UserRequest)

Async:
    Async started = false
     Async result = null

Resolved Exception:
             Type = null

ModelAndView:
        View name = null
             View = null
            Model = null

FlashMap:
       Attributes = null

MockHttpServletResponse:
           Status = 200
    Error message = null
          Headers = [Vary:"Origin", "Access-Control-Request-Method", "Access-Control-Request-Headers", Api-version:"1.0"]
     Content type = null
             Body = 
    Forwarded URL = null
   Redirected URL = null
          Cookies = []
Hibernate: select user0_.user_id as user_id1_20_0_, user0_.character_id as characte7_20_0_, user0_.user_created_at as user_cre2_20_0_, user0_.user_name as user_nam3_20_0_, user0_.user_phone_number as user_pho4_20_0_, user0_.user_user_id as user_use5_20_0_, user0_.user_user_password as user_use6_20_0_ from user user0_ where user0_.user_id=?
Hibernate: select character0_.character_id as characte1_6_0_, character0_.character_character_name as characte2_6_0_ from characters character0_ where character0_.character_id=?
Hibernate: select count(*) as col_0_0_ from user user0_ where user0_.user_id=?
Hibernate: select character1_.character_id as characte1_6_, character1_.character_character_name as characte2_6_ from user user0_ inner join characters character1_ on user0_.character_id=character1_.character_id where user0_.user_id=?
Hibernate: select permission0_.character_id as characte6_11_0_, permission0_.permission_id as permissi1_11_0_, permission0_.permission_id as permissi1_11_1_, permission0_.character_id as characte6_11_1_, permission0_.permission_name as permissi2_11_1_, permission0_.permission_permission_unit_id as permissi3_11_1_, permission0_.permission_service as permissi4_11_1_, permission0_.permission_status as permissi5_11_1_ from permission permission0_ where permission0_.character_id=?
Hibernate: select userjoinin0_.user_joining_pool_id as col_0_0_ from user_joining_pool userjoinin0_ where userjoinin0_.user_user_id=? limit ?
Hibernate: select userjoinin0_.user_joining_pool_id as user_joi1_21_, userjoinin0_.user_created_at as user_cre2_21_, userjoinin0_.user_name as user_nam3_21_, userjoinin0_.user_phone_number as user_pho4_21_, userjoinin0_.user_user_id as user_use5_21_, userjoinin0_.user_user_password as user_use6_21_ from user_joining_pool userjoinin0_ where userjoinin0_.user_user_id=?
Hibernate: select character0_.character_id as characte1_6_, character0_.character_character_name as characte2_6_ from characters character0_ where character0_.character_character_name=?
Hibernate: insert into user (user_id, character_id, user_created_at, user_name, user_phone_number, user_user_id, user_user_password) values (default, ?, ?, ?, ?, ?, ?)
Hibernate: DELETE FROM USER_JOINING_POOL as JU where JU.USER_USER_ID =?
Hibernate: select user0_.user_id as user_id1_20_0_, user0_.character_id as characte7_20_0_, user0_.user_created_at as user_cre2_20_0_, user0_.user_name as user_nam3_20_0_, user0_.user_phone_number as user_pho4_20_0_, user0_.user_user_id as user_use5_20_0_, user0_.user_user_password as user_use6_20_0_ from user user0_ where user0_.user_id=?
Hibernate: select character0_.character_id as characte1_6_0_, character0_.character_character_name as characte2_6_0_ from characters character0_ where character0_.character_id=?
Hibernate: select count(*) as col_0_0_ from user user0_ where user0_.user_id=?
Hibernate: select character1_.character_id as characte1_6_, character1_.character_character_name as characte2_6_ from user user0_ inner join characters character1_ on user0_.character_id=character1_.character_id where user0_.user_id=?
Hibernate: select permission0_.character_id as characte6_11_0_, permission0_.permission_id as permissi1_11_0_, permission0_.permission_id as permissi1_11_1_, permission0_.character_id as characte6_11_1_, permission0_.permission_name as permissi2_11_1_, permission0_.permission_permission_unit_id as permissi3_11_1_, permission0_.permission_service as permissi4_11_1_, permission0_.permission_status as permissi5_11_1_ from permission permission0_ where permission0_.character_id=?
Hibernate: select user0_.user_id as col_0_0_ from user user0_ where user0_.user_user_id=? limit ?
Hibernate: select user0_.user_id as user_id1_20_, user0_.character_id as characte7_20_, user0_.user_created_at as user_cre2_20_, user0_.user_name as user_nam3_20_, user0_.user_phone_number as user_pho4_20_, user0_.user_user_id as user_use5_20_, user0_.user_user_password as user_use6_20_ from user user0_ inner join characters character1_ on user0_.character_id=character1_.character_id where user0_.user_user_id=?
Hibernate: select character0_.character_id as characte1_6_0_, character0_.character_character_name as characte2_6_0_ from characters character0_ where character0_.character_id=?
Hibernate: select rewardtagw0_.user_id as user_id4_15_0_, rewardtagw0_.reward_tag_wrapper_reward_id as reward_t1_15_0_, rewardtagw0_.reward_tag_wrapper_reward_id as reward_t1_15_1_, rewardtagw0_.reward_tag_wrapper_reward_presented_at as reward_t2_15_1_, rewardtagw0_.reward_tag_reward_tag_id as reward_t3_15_1_, rewardtagw0_.user_id as user_id4_15_1_ from reward_tag_wrapper rewardtagw0_ where rewardtagw0_.user_id=?
Hibernate: select user0_.user_id as user_id1_20_0_, user0_.character_id as characte7_20_0_, user0_.user_created_at as user_cre2_20_0_, user0_.user_name as user_nam3_20_0_, user0_.user_phone_number as user_pho4_20_0_, user0_.user_user_id as user_use5_20_0_, user0_.user_user_password as user_use6_20_0_ from user user0_ where user0_.user_id=?
Hibernate: select character0_.character_id as characte1_6_0_, character0_.character_character_name as characte2_6_0_ from characters character0_ where character0_.character_id=?
Hibernate: select count(*) as col_0_0_ from user user0_ where user0_.user_id=?
Hibernate: select character1_.character_id as characte1_6_, character1_.character_character_name as characte2_6_ from user user0_ inner join characters character1_ on user0_.character_id=character1_.character_id where user0_.user_id=?
Hibernate: select permission0_.character_id as characte6_11_0_, permission0_.permission_id as permissi1_11_0_, permission0_.permission_id as permissi1_11_1_, permission0_.character_id as characte6_11_1_, permission0_.permission_name as permissi2_11_1_, permission0_.permission_permission_unit_id as permissi3_11_1_, permission0_.permission_service as permissi4_11_1_, permission0_.permission_status as permissi5_11_1_ from permission permission0_ where permission0_.character_id=?
Hibernate: select count(*) as col_0_0_ from user user0_ where user0_.user_id=?
Hibernate: select count(*) as col_0_0_ from reward_tag rewardtag0_ where rewardtag0_.reward_tag_reward_tag_id=?
Hibernate: select user0_.user_id as user_id1_20_0_, user0_.character_id as characte7_20_0_, user0_.user_created_at as user_cre2_20_0_, user0_.user_name as user_nam3_20_0_, user0_.user_phone_number as user_pho4_20_0_, user0_.user_user_id as user_use5_20_0_, user0_.user_user_password as user_use6_20_0_ from user user0_ where user0_.user_id=?
Hibernate: select character0_.character_id as characte1_6_0_, character0_.character_character_name as characte2_6_0_ from characters character0_ where character0_.character_id=?
Hibernate: select rewardtag0_.reward_tag_reward_tag_id as reward_t1_14_0_, rewardtag0_.reward_tag_reward_point as reward_t2_14_0_, rewardtag0_.reward_tag_reward_tag_title as reward_t3_14_0_ from reward_tag rewardtag0_ where rewardtag0_.reward_tag_reward_tag_id=?
Hibernate: call next value for hibernate_sequence
Hibernate: insert into reward_tag_wrapper (reward_tag_wrapper_reward_presented_at, reward_tag_reward_tag_id, user_id, reward_tag_wrapper_reward_id) values (?, ?, ?, ?)
Hibernate: select user0_.user_id as user_id1_20_0_, user0_.character_id as characte7_20_0_, user0_.user_created_at as user_cre2_20_0_, user0_.user_name as user_nam3_20_0_, user0_.user_phone_number as user_pho4_20_0_, user0_.user_user_id as user_use5_20_0_, user0_.user_user_password as user_use6_20_0_ from user user0_ where user0_.user_id=?
Hibernate: select character0_.character_id as characte1_6_0_, character0_.character_character_name as characte2_6_0_ from characters character0_ where character0_.character_id=?
Hibernate: select count(*) as col_0_0_ from user user0_ where user0_.user_id=?
Hibernate: select character1_.character_id as characte1_6_, character1_.character_character_name as characte2_6_ from user user0_ inner join characters character1_ on user0_.character_id=character1_.character_id where user0_.user_id=?
Hibernate: select permission0_.character_id as characte6_11_0_, permission0_.permission_id as permissi1_11_0_, permission0_.permission_id as permissi1_11_1_, permission0_.character_id as characte6_11_1_, permission0_.permission_name as permissi2_11_1_, permission0_.permission_permission_unit_id as permissi3_11_1_, permission0_.permission_service as permissi4_11_1_, permission0_.permission_status as permissi5_11_1_ from permission permission0_ where permission0_.character_id=?
Hibernate: select count(*) as col_0_0_ from user user0_ where user0_.user_id=?
Hibernate: select count(*) as col_0_0_ from reward_tag rewardtag0_ where rewardtag0_.reward_tag_reward_tag_id=?
Hibernate: select user0_.user_id as user_id1_20_0_, user0_.character_id as characte7_20_0_, user0_.user_created_at as user_cre2_20_0_, user0_.user_name as user_nam3_20_0_, user0_.user_phone_number as user_pho4_20_0_, user0_.user_user_id as user_use5_20_0_, user0_.user_user_password as user_use6_20_0_ from user user0_ where user0_.user_id=?
Hibernate: select character0_.character_id as characte1_6_0_, character0_.character_character_name as characte2_6_0_ from characters character0_ where character0_.character_id=?
Hibernate: select rewardtag0_.reward_tag_reward_tag_id as reward_t1_14_0_, rewardtag0_.reward_tag_reward_point as reward_t2_14_0_, rewardtag0_.reward_tag_reward_tag_title as reward_t3_14_0_ from reward_tag rewardtag0_ where rewardtag0_.reward_tag_reward_tag_id=?
Hibernate: call next value for hibernate_sequence
Hibernate: insert into reward_tag_wrapper (reward_tag_wrapper_reward_presented_at, reward_tag_reward_tag_id, user_id, reward_tag_wrapper_reward_id) values (?, ?, ?, ?)
Hibernate: select user0_.user_id as user_id1_20_0_, user0_.character_id as characte7_20_0_, user0_.user_created_at as user_cre2_20_0_, user0_.user_name as user_nam3_20_0_, user0_.user_phone_number as user_pho4_20_0_, user0_.user_user_id as user_use5_20_0_, user0_.user_user_password as user_use6_20_0_ from user user0_ where user0_.user_id=?
Hibernate: select character0_.character_id as characte1_6_0_, character0_.character_character_name as characte2_6_0_ from characters character0_ where character0_.character_id=?
Hibernate: select count(*) as col_0_0_ from user user0_ where user0_.user_id=?
Hibernate: select character1_.character_id as characte1_6_, character1_.character_character_name as characte2_6_ from user user0_ inner join characters character1_ on user0_.character_id=character1_.character_id where user0_.user_id=?
Hibernate: select permission0_.character_id as characte6_11_0_, permission0_.permission_id as permissi1_11_0_, permission0_.permission_id as permissi1_11_1_, permission0_.character_id as characte6_11_1_, permission0_.permission_name as permissi2_11_1_, permission0_.permission_permission_unit_id as permissi3_11_1_, permission0_.permission_service as permissi4_11_1_, permission0_.permission_status as permissi5_11_1_ from permission permission0_ where permission0_.character_id=?
Hibernate: select count(*) as col_0_0_ from user user0_ where user0_.user_id=?
Hibernate: select user0_.user_id as user_id1_20_0_, user0_.character_id as characte7_20_0_, user0_.user_created_at as user_cre2_20_0_, user0_.user_name as user_nam3_20_0_, user0_.user_phone_number as user_pho4_20_0_, user0_.user_user_id as user_use5_20_0_, user0_.user_user_password as user_use6_20_0_ from user user0_ where user0_.user_id=?
Hibernate: select character0_.character_id as characte1_6_0_, character0_.character_character_name as characte2_6_0_ from characters character0_ where character0_.character_id=?
Hibernate: select rewardtagw0_.user_id as user_id4_15_0_, rewardtagw0_.reward_tag_wrapper_reward_id as reward_t1_15_0_, rewardtagw0_.reward_tag_wrapper_reward_id as reward_t1_15_1_, rewardtagw0_.reward_tag_wrapper_reward_presented_at as reward_t2_15_1_, rewardtagw0_.reward_tag_reward_tag_id as reward_t3_15_1_, rewardtagw0_.user_id as user_id4_15_1_ from reward_tag_wrapper rewardtagw0_ where rewardtagw0_.user_id=?
Hibernate: select rewardtag0_.reward_tag_reward_tag_id as reward_t1_14_0_, rewardtag0_.reward_tag_reward_point as reward_t2_14_0_, rewardtag0_.reward_tag_reward_tag_title as reward_t3_14_0_ from reward_tag rewardtag0_ where rewardtag0_.reward_tag_reward_tag_id=?
Hibernate: select user0_.user_id as col_0_0_ from user user0_ where user0_.user_user_id=? limit ?
Hibernate: select user0_.user_id as col_0_0_ from user user0_ where user0_.user_user_id=? limit ?
Hibernate: select U.* from USER U where U.USER_USER_ID =?
Hibernate: select character0_.character_id as characte1_6_0_, character0_.character_character_name as characte2_6_0_ from characters character0_ where character0_.character_id=?
Hibernate: select user0_.user_id as user_id1_20_0_, user0_.character_id as characte7_20_0_, user0_.user_created_at as user_cre2_20_0_, user0_.user_name as user_nam3_20_0_, user0_.user_phone_number as user_pho4_20_0_, user0_.user_user_id as user_use5_20_0_, user0_.user_user_password as user_use6_20_0_ from user user0_ where user0_.user_id=?
Hibernate: select character0_.character_id as characte1_6_0_, character0_.character_character_name as characte2_6_0_ from characters character0_ where character0_.character_id=?
Hibernate: select count(*) as col_0_0_ from user user0_ where user0_.user_id=?
Hibernate: select character1_.character_id as characte1_6_, character1_.character_character_name as characte2_6_ from user user0_ inner join characters character1_ on user0_.character_id=character1_.character_id where user0_.user_id=?
Hibernate: select permission0_.character_id as characte6_11_0_, permission0_.permission_id as permissi1_11_0_, permission0_.permission_id as permissi1_11_1_, permission0_.character_id as characte6_11_1_, permission0_.permission_name as permissi2_11_1_, permission0_.permission_permission_unit_id as permissi3_11_1_, permission0_.permission_service as permissi4_11_1_, permission0_.permission_status as permissi5_11_1_ from permission permission0_ where permission0_.character_id=?
Hibernate: select rewardtag0_.reward_tag_reward_tag_id as reward_t1_14_, rewardtag0_.reward_tag_reward_point as reward_t2_14_, rewardtag0_.reward_tag_reward_tag_title as reward_t3_14_ from reward_tag rewardtag0_
Hibernate: select user0_.user_id as user_id1_20_0_, user0_.character_id as characte7_20_0_, user0_.user_created_at as user_cre2_20_0_, user0_.user_name as user_nam3_20_0_, user0_.user_phone_number as user_pho4_20_0_, user0_.user_user_id as user_use5_20_0_, user0_.user_user_password as user_use6_20_0_ from user user0_ where user0_.user_id=?
Hibernate: select character0_.character_id as characte1_6_0_, character0_.character_character_name as characte2_6_0_ from characters character0_ where character0_.character_id=?
Hibernate: select count(*) as col_0_0_ from user user0_ where user0_.user_id=?
Hibernate: select character1_.character_id as characte1_6_, character1_.character_character_name as characte2_6_ from user user0_ inner join characters character1_ on user0_.character_id=character1_.character_id where user0_.user_id=?
Hibernate: select permission0_.character_id as characte6_11_0_, permission0_.permission_id as permissi1_11_0_, permission0_.permission_id as permissi1_11_1_, permission0_.character_id as characte6_11_1_, permission0_.permission_name as permissi2_11_1_, permission0_.permission_permission_unit_id as permissi3_11_1_, permission0_.permission_service as permissi4_11_1_, permission0_.permission_status as permissi5_11_1_ from permission permission0_ where permission0_.character_id=?
Hibernate: select count(*) as col_0_0_ from reward_tag rewardtag0_ where rewardtag0_.reward_tag_reward_tag_id=?
Hibernate: DELETE FROM REWARD_TAG_WRAPPER AS RTW WHERE RTW.REWARD_TAG_REWARD_TAG_ID = ?
Hibernate: select rewardtag0_.reward_tag_reward_tag_id as reward_t1_14_0_, rewardtag0_.reward_tag_reward_point as reward_t2_14_0_, rewardtag0_.reward_tag_reward_tag_title as reward_t3_14_0_ from reward_tag rewardtag0_ where rewardtag0_.reward_tag_reward_tag_id=?
Hibernate: select attendance0_.attendance_type_reward_id as attendan1_2_, attendance0_.attendance_type_name as attendan2_2_, attendance0_.reward_tag_reward_tag_id as reward_t3_2_ from attendance_type_reward attendance0_ where attendance0_.reward_tag_reward_tag_id=?
Hibernate: delete from reward_tag where reward_tag_reward_tag_id=?
Hibernate: select user0_.user_id as user_id1_20_0_, user0_.character_id as characte7_20_0_, user0_.user_created_at as user_cre2_20_0_, user0_.user_name as user_nam3_20_0_, user0_.user_phone_number as user_pho4_20_0_, user0_.user_user_id as user_use5_20_0_, user0_.user_user_password as user_use6_20_0_ from user user0_ where user0_.user_id=?
Hibernate: select character0_.character_id as characte1_6_0_, character0_.character_character_name as characte2_6_0_ from characters character0_ where character0_.character_id=?
Hibernate: select count(*) as col_0_0_ from user user0_ where user0_.user_id=?
Hibernate: select character1_.character_id as characte1_6_, character1_.character_character_name as characte2_6_ from user user0_ inner join characters character1_ on user0_.character_id=character1_.character_id where user0_.user_id=?
Hibernate: select permission0_.character_id as characte6_11_0_, permission0_.permission_id as permissi1_11_0_, permission0_.permission_id as permissi1_11_1_, permission0_.character_id as characte6_11_1_, permission0_.permission_name as permissi2_11_1_, permission0_.permission_permission_unit_id as permissi3_11_1_, permission0_.permission_service as permissi4_11_1_, permission0_.permission_status as permissi5_11_1_ from permission permission0_ where permission0_.character_id=?
Hibernate: select count(*) as col_0_0_ from reward_tag rewardtag0_ where rewardtag0_.reward_tag_reward_tag_id=?
Hibernate: select user0_.user_id as col_0_0_ from user user0_ where user0_.user_user_id=? limit ?
Hibernate: select user0_.user_id as col_0_0_ from user user0_ where user0_.user_user_id=? limit ?
Hibernate: select U.* from USER U where U.USER_USER_ID =?
Hibernate: select character0_.character_id as characte1_6_0_, character0_.character_character_name as characte2_6_0_ from characters character0_ where character0_.character_id=?
Hibernate: select user0_.user_id as col_0_0_ from user user0_ where user0_.user_user_id=? limit ?
Hibernate: select user0_.user_id as user_id1_20_, user0_.character_id as characte7_20_, user0_.user_created_at as user_cre2_20_, user0_.user_name as user_nam3_20_, user0_.user_phone_number as user_pho4_20_, user0_.user_user_id as user_use5_20_, user0_.user_user_password as user_use6_20_ from user user0_ inner join characters character1_ on user0_.character_id=character1_.character_id where user0_.user_user_id=?
Hibernate: select character0_.character_id as characte1_6_0_, character0_.character_character_name as characte2_6_0_ from characters character0_ where character0_.character_id=?
Hibernate: select rewardtagw0_.user_id as user_id4_15_0_, rewardtagw0_.reward_tag_wrapper_reward_id as reward_t1_15_0_, rewardtagw0_.reward_tag_wrapper_reward_id as reward_t1_15_1_, rewardtagw0_.reward_tag_wrapper_reward_presented_at as reward_t2_15_1_, rewardtagw0_.reward_tag_reward_tag_id as reward_t3_15_1_, rewardtagw0_.user_id as user_id4_15_1_ from reward_tag_wrapper rewardtagw0_ where rewardtagw0_.user_id=?
Hibernate: select user0_.user_id as user_id1_20_0_, user0_.character_id as characte7_20_0_, user0_.user_created_at as user_cre2_20_0_, user0_.user_name as user_nam3_20_0_, user0_.user_phone_number as user_pho4_20_0_, user0_.user_user_id as user_use5_20_0_, user0_.user_user_password as user_use6_20_0_ from user user0_ where user0_.user_id=?
Hibernate: select character0_.character_id as characte1_6_0_, character0_.character_character_name as characte2_6_0_ from characters character0_ where character0_.character_id=?
Hibernate: select count(*) as col_0_0_ from user user0_ where user0_.user_id=?
Hibernate: select character1_.character_id as characte1_6_, character1_.character_character_name as characte2_6_ from user user0_ inner join characters character1_ on user0_.character_id=character1_.character_id where user0_.user_id=?
Hibernate: select permission0_.character_id as characte6_11_0_, permission0_.permission_id as permissi1_11_0_, permission0_.permission_id as permissi1_11_1_, permission0_.character_id as characte6_11_1_, permission0_.permission_name as permissi2_11_1_, permission0_.permission_permission_unit_id as permissi3_11_1_, permission0_.permission_service as permissi4_11_1_, permission0_.permission_status as permissi5_11_1_ from permission permission0_ where permission0_.character_id=?
Hibernate: select count(*) as col_0_0_ from user user0_ where user0_.user_id=?
Hibernate: select user0_.user_id as user_id1_20_, user0_.character_id as characte7_20_, user0_.user_created_at as user_cre2_20_, user0_.user_name as user_nam3_20_, user0_.user_phone_number as user_pho4_20_, user0_.user_user_id as user_use5_20_, user0_.user_user_password as user_use6_20_ from user user0_ where user0_.user_id=?
Hibernate: select character0_.character_id as characte1_6_0_, character0_.character_character_name as characte2_6_0_ from characters character0_ where character0_.character_id=?
Hibernate: select rewardtagw0_.user_id as user_id4_15_0_, rewardtagw0_.reward_tag_wrapper_reward_id as reward_t1_15_0_, rewardtagw0_.reward_tag_wrapper_reward_id as reward_t1_15_1_, rewardtagw0_.reward_tag_wrapper_reward_presented_at as reward_t2_15_1_, rewardtagw0_.reward_tag_reward_tag_id as reward_t3_15_1_, rewardtagw0_.user_id as user_id4_15_1_ from reward_tag_wrapper rewardtagw0_ where rewardtagw0_.user_id=?
Hibernate: select attendance0_.attendance_user_attendance_user_id as col_0_0_ from attendance_user attendance0_ where attendance0_.user_id=? limit ?
Hibernate: DELETE FROM USER WHERE USER_ID = ?
Hibernate: select user0_.user_id as col_0_0_ from user user0_ where user0_.user_user_id=? limit ?
Hibernate: select user0_.user_id as col_0_0_ from user user0_ where user0_.user_user_id=? limit ?
Hibernate: select user0_.user_id as col_0_0_ from user user0_ where user0_.user_user_id=? limit ?
Hibernate: select U.* from USER U where U.USER_USER_ID =?
Hibernate: select character0_.character_id as characte1_6_0_, character0_.character_character_name as characte2_6_0_ from characters character0_ where character0_.character_id=?
Hibernate: select user0_.user_id as user_id1_20_0_, user0_.character_id as characte7_20_0_, user0_.user_created_at as user_cre2_20_0_, user0_.user_name as user_nam3_20_0_, user0_.user_phone_number as user_pho4_20_0_, user0_.user_user_id as user_use5_20_0_, user0_.user_user_password as user_use6_20_0_ from user user0_ where user0_.user_id=?
Hibernate: select character0_.character_id as characte1_6_0_, character0_.character_character_name as characte2_6_0_ from characters character0_ where character0_.character_id=?
Hibernate: select count(*) as col_0_0_ from user user0_ where user0_.user_id=?
Hibernate: select character1_.character_id as characte1_6_, character1_.character_character_name as characte2_6_ from user user0_ inner join characters character1_ on user0_.character_id=character1_.character_id where user0_.user_id=?
Hibernate: select permission0_.character_id as characte6_11_0_, permission0_.permission_id as permissi1_11_0_, permission0_.permission_id as permissi1_11_1_, permission0_.character_id as characte6_11_1_, permission0_.permission_name as permissi2_11_1_, permission0_.permission_permission_unit_id as permissi3_11_1_, permission0_.permission_service as permissi4_11_1_, permission0_.permission_status as permissi5_11_1_ from permission permission0_ where permission0_.character_id=?
Hibernate: select rewardtag0_.reward_tag_reward_tag_id as reward_t1_14_, rewardtag0_.reward_tag_reward_point as reward_t2_14_, rewardtag0_.reward_tag_reward_tag_title as reward_t3_14_ from reward_tag rewardtag0_
Hibernate: select user0_.user_id as col_0_0_ from user user0_ where user0_.user_user_id=? limit ?
Hibernate: select user0_.user_id as col_0_0_ from user user0_ where user0_.user_user_id=? limit ?
Hibernate: select U.* from USER U where U.USER_USER_ID =?
Hibernate: select character0_.character_id as characte1_6_0_, character0_.character_character_name as characte2_6_0_ from characters character0_ where character0_.character_id=?
Hibernate: select user0_.user_id as col_0_0_ from user user0_ where user0_.user_user_id=? limit ?
Hibernate: select user0_.user_id as col_0_0_ from user user0_ where user0_.user_user_id=? limit ?
Hibernate: select U.* from USER U where U.USER_USER_ID =?
Hibernate: select character0_.character_id as characte1_6_0_, character0_.character_character_name as characte2_6_0_ from characters character0_ where character0_.character_id=?
Hibernate: select user0_.user_id as col_0_0_ from user user0_ where user0_.user_user_id=? limit ?
Hibernate: select userjoinin0_.user_joining_pool_id as col_0_0_ from user_joining_pool userjoinin0_ where userjoinin0_.user_user_id=? limit ?
Hibernate: select character0_.character_id as col_0_0_ from characters character0_ where character0_.character_character_name=? limit ?
Hibernate: insert into user_joining_pool (user_joining_pool_id, user_created_at, user_name, user_phone_number, user_user_id, user_user_password) values (default, ?, ?, ?, ?, ?)

MockHttpServletRequest:
      HTTP Method = POST
      Request URI = /user
       Parameters = {}
          Headers = [Content-Type:"application/json;charset=UTF-8", Accept:"application/json", api-version:"1.0", Content-Length:"96"]
             Body = {"name":"some","user_id":"abc1234","user_password":"aafadsfc123!!","phone_number":"01012341234"}
    Session Attrs = {}

Handler:
             Type = org.waldreg.controller.joiningpool.JoiningPoolController
           Method = org.waldreg.controller.joiningpool.JoiningPoolController#createUser(UserRequest)

Async:
    Async started = false
     Async result = null

Resolved Exception:
             Type = null

ModelAndView:
        View name = null
             View = null
            Model = null

FlashMap:
       Attributes = null

MockHttpServletResponse:
           Status = 200
    Error message = null
          Headers = [Vary:"Origin", "Access-Control-Request-Method", "Access-Control-Request-Headers", Api-version:"1.0"]
     Content type = null
             Body = 
    Forwarded URL = null
   Redirected URL = null
          Cookies = []
Hibernate: select user0_.user_id as user_id1_20_0_, user0_.character_id as characte7_20_0_, user0_.user_created_at as user_cre2_20_0_, user0_.user_name as user_nam3_20_0_, user0_.user_phone_number as user_pho4_20_0_, user0_.user_user_id as user_use5_20_0_, user0_.user_user_password as user_use6_20_0_ from user user0_ where user0_.user_id=?
Hibernate: select character0_.character_id as characte1_6_0_, character0_.character_character_name as characte2_6_0_ from characters character0_ where character0_.character_id=?
Hibernate: select count(*) as col_0_0_ from user user0_ where user0_.user_id=?
Hibernate: select character1_.character_id as characte1_6_, character1_.character_character_name as characte2_6_ from user user0_ inner join characters character1_ on user0_.character_id=character1_.character_id where user0_.user_id=?
Hibernate: select permission0_.character_id as characte6_11_0_, permission0_.permission_id as permissi1_11_0_, permission0_.permission_id as permissi1_11_1_, permission0_.character_id as characte6_11_1_, permission0_.permission_name as permissi2_11_1_, permission0_.permission_permission_unit_id as permissi3_11_1_, permission0_.permission_service as permissi4_11_1_, permission0_.permission_status as permissi5_11_1_ from permission permission0_ where permission0_.character_id=?
Hibernate: select userjoinin0_.user_joining_pool_id as col_0_0_ from user_joining_pool userjoinin0_ where userjoinin0_.user_user_id=? limit ?
Hibernate: select userjoinin0_.user_joining_pool_id as user_joi1_21_, userjoinin0_.user_created_at as user_cre2_21_, userjoinin0_.user_name as user_nam3_21_, userjoinin0_.user_phone_number as user_pho4_21_, userjoinin0_.user_user_id as user_use5_21_, userjoinin0_.user_user_password as user_use6_21_ from user_joining_pool userjoinin0_ where userjoinin0_.user_user_id=?
Hibernate: select character0_.character_id as characte1_6_, character0_.character_character_name as characte2_6_ from characters character0_ where character0_.character_character_name=?
Hibernate: insert into user (user_id, character_id, user_created_at, user_name, user_phone_number, user_user_id, user_user_password) values (default, ?, ?, ?, ?, ?, ?)
Hibernate: DELETE FROM USER_JOINING_POOL as JU where JU.USER_USER_ID =?
Hibernate: select user0_.user_id as col_0_0_ from user user0_ where user0_.user_user_id=? limit ?
Hibernate: select user0_.user_id as col_0_0_ from user user0_ where user0_.user_user_id=? limit ?
Hibernate: select U.* from USER U where U.USER_USER_ID =?
Hibernate: select character0_.character_id as characte1_6_0_, character0_.character_character_name as characte2_6_0_ from characters character0_ where character0_.character_id=?
Hibernate: select user0_.user_id as user_id1_20_0_, user0_.character_id as characte7_20_0_, user0_.user_created_at as user_cre2_20_0_, user0_.user_name as user_nam3_20_0_, user0_.user_phone_number as user_pho4_20_0_, user0_.user_user_id as user_use5_20_0_, user0_.user_user_password as user_use6_20_0_ from user user0_ where user0_.user_id=?
Hibernate: select character0_.character_id as characte1_6_0_, character0_.character_character_name as characte2_6_0_ from characters character0_ where character0_.character_id=?
Hibernate: select count(*) as col_0_0_ from user user0_ where user0_.user_id=?
Hibernate: select character1_.character_id as characte1_6_, character1_.character_character_name as characte2_6_ from user user0_ inner join characters character1_ on user0_.character_id=character1_.character_id where user0_.user_id=?
Hibernate: select permission0_.character_id as characte6_11_0_, permission0_.permission_id as permissi1_11_0_, permission0_.permission_id as permissi1_11_1_, permission0_.character_id as characte6_11_1_, permission0_.permission_name as permissi2_11_1_, permission0_.permission_permission_unit_id as permissi3_11_1_, permission0_.permission_service as permissi4_11_1_, permission0_.permission_status as permissi5_11_1_ from permission permission0_ where permission0_.character_id=?
Hibernate: select user0_.user_id as col_0_0_ from user user0_ where user0_.user_user_id=? limit ?
Hibernate: select user0_.user_id as col_0_0_ from user user0_ where user0_.user_user_id=? limit ?
Hibernate: select U.* from USER U where U.USER_USER_ID =?
Hibernate: select character0_.character_id as characte1_6_0_, character0_.character_character_name as characte2_6_0_ from characters character0_ where character0_.character_id=?
Hibernate: select user0_.user_id as user_id1_20_0_, user0_.character_id as characte7_20_0_, user0_.user_created_at as user_cre2_20_0_, user0_.user_name as user_nam3_20_0_, user0_.user_phone_number as user_pho4_20_0_, user0_.user_user_id as user_use5_20_0_, user0_.user_user_password as user_use6_20_0_ from user user0_ where user0_.user_id=?
Hibernate: select character0_.character_id as characte1_6_0_, character0_.character_character_name as characte2_6_0_ from characters character0_ where character0_.character_id=?
Hibernate: select count(*) as col_0_0_ from user user0_ where user0_.user_id=?
Hibernate: select character1_.character_id as characte1_6_, character1_.character_character_name as characte2_6_ from user user0_ inner join characters character1_ on user0_.character_id=character1_.character_id where user0_.user_id=?
Hibernate: select permission0_.character_id as characte6_11_0_, permission0_.permission_id as permissi1_11_0_, permission0_.permission_id as permissi1_11_1_, permission0_.character_id as characte6_11_1_, permission0_.permission_name as permissi2_11_1_, permission0_.permission_permission_unit_id as permissi3_11_1_, permission0_.permission_service as permissi4_11_1_, permission0_.permission_status as permissi5_11_1_ from permission permission0_ where permission0_.character_id=?
Hibernate: select rewardtag0_.reward_tag_reward_tag_id as reward_t1_14_, rewardtag0_.reward_tag_reward_point as reward_t2_14_, rewardtag0_.reward_tag_reward_tag_title as reward_t3_14_ from reward_tag rewardtag0_
Hibernate: select user0_.user_id as col_0_0_ from user user0_ where user0_.user_user_id=? limit ?
Hibernate: select user0_.user_id as col_0_0_ from user user0_ where user0_.user_user_id=? limit ?
Hibernate: select U.* from USER U where U.USER_USER_ID =?
Hibernate: select character0_.character_id as characte1_6_0_, character0_.character_character_name as characte2_6_0_ from characters character0_ where character0_.character_id=?
Hibernate: select user0_.user_id as col_0_0_ from user user0_ where user0_.user_user_id=? limit ?
Hibernate: select user0_.user_id as user_id1_20_, user0_.character_id as characte7_20_, user0_.user_created_at as user_cre2_20_, user0_.user_name as user_nam3_20_, user0_.user_phone_number as user_pho4_20_, user0_.user_user_id as user_use5_20_, user0_.user_user_password as user_use6_20_ from user user0_ inner join characters character1_ on user0_.character_id=character1_.character_id where user0_.user_user_id=?
Hibernate: select character0_.character_id as characte1_6_0_, character0_.character_character_name as characte2_6_0_ from characters character0_ where character0_.character_id=?
Hibernate: select rewardtagw0_.user_id as user_id4_15_0_, rewardtagw0_.reward_tag_wrapper_reward_id as reward_t1_15_0_, rewardtagw0_.reward_tag_wrapper_reward_id as reward_t1_15_1_, rewardtagw0_.reward_tag_wrapper_reward_presented_at as reward_t2_15_1_, rewardtagw0_.reward_tag_reward_tag_id as reward_t3_15_1_, rewardtagw0_.user_id as user_id4_15_1_ from reward_tag_wrapper rewardtagw0_ where rewardtagw0_.user_id=?
Hibernate: select user0_.user_id as user_id1_20_0_, user0_.character_id as characte7_20_0_, user0_.user_created_at as user_cre2_20_0_, user0_.user_name as user_nam3_20_0_, user0_.user_phone_number as user_pho4_20_0_, user0_.user_user_id as user_use5_20_0_, user0_.user_user_password as user_use6_20_0_ from user user0_ where user0_.user_id=?
Hibernate: select character0_.character_id as characte1_6_0_, character0_.character_character_name as characte2_6_0_ from characters character0_ where character0_.character_id=?
Hibernate: select count(*) as col_0_0_ from user user0_ where user0_.user_id=?
Hibernate: select character1_.character_id as characte1_6_, character1_.character_character_name as characte2_6_ from user user0_ inner join characters character1_ on user0_.character_id=character1_.character_id where user0_.user_id=?
Hibernate: select permission0_.character_id as characte6_11_0_, permission0_.permission_id as permissi1_11_0_, permission0_.permission_id as permissi1_11_1_, permission0_.character_id as characte6_11_1_, permission0_.permission_name as permissi2_11_1_, permission0_.permission_permission_unit_id as permissi3_11_1_, permission0_.permission_service as permissi4_11_1_, permission0_.permission_status as permissi5_11_1_ from permission permission0_ where permission0_.character_id=?
Hibernate: select count(*) as col_0_0_ from user user0_ where user0_.user_id=?
Hibernate: select user0_.user_id as user_id1_20_, user0_.character_id as characte7_20_, user0_.user_created_at as user_cre2_20_, user0_.user_name as user_nam3_20_, user0_.user_phone_number as user_pho4_20_, user0_.user_user_id as user_use5_20_, user0_.user_user_password as user_use6_20_ from user user0_ where user0_.user_id=?
Hibernate: select character0_.character_id as characte1_6_0_, character0_.character_character_name as characte2_6_0_ from characters character0_ where character0_.character_id=?
Hibernate: select rewardtagw0_.user_id as user_id4_15_0_, rewardtagw0_.reward_tag_wrapper_reward_id as reward_t1_15_0_, rewardtagw0_.reward_tag_wrapper_reward_id as reward_t1_15_1_, rewardtagw0_.reward_tag_wrapper_reward_presented_at as reward_t2_15_1_, rewardtagw0_.reward_tag_reward_tag_id as reward_t3_15_1_, rewardtagw0_.user_id as user_id4_15_1_ from reward_tag_wrapper rewardtagw0_ where rewardtagw0_.user_id=?
Hibernate: select attendance0_.attendance_user_attendance_user_id as col_0_0_ from attendance_user attendance0_ where attendance0_.user_id=? limit ?
Hibernate: DELETE FROM USER WHERE USER_ID = ?
Hibernate: select user0_.user_id as col_0_0_ from user user0_ where user0_.user_user_id=? limit ?
Hibernate: select user0_.user_id as col_0_0_ from user user0_ where user0_.user_user_id=? limit ?
Hibernate: select user0_.user_id as col_0_0_ from user user0_ where user0_.user_user_id=? limit ?
Hibernate: select U.* from USER U where U.USER_USER_ID =?
Hibernate: select character0_.character_id as characte1_6_0_, character0_.character_character_name as characte2_6_0_ from characters character0_ where character0_.character_id=?
Hibernate: select user0_.user_id as user_id1_20_0_, user0_.character_id as characte7_20_0_, user0_.user_created_at as user_cre2_20_0_, user0_.user_name as user_nam3_20_0_, user0_.user_phone_number as user_pho4_20_0_, user0_.user_user_id as user_use5_20_0_, user0_.user_user_password as user_use6_20_0_ from user user0_ where user0_.user_id=?
Hibernate: select character0_.character_id as characte1_6_0_, character0_.character_character_name as characte2_6_0_ from characters character0_ where character0_.character_id=?
Hibernate: select count(*) as col_0_0_ from user user0_ where user0_.user_id=?
Hibernate: select character1_.character_id as characte1_6_, character1_.character_character_name as characte2_6_ from user user0_ inner join characters character1_ on user0_.character_id=character1_.character_id where user0_.user_id=?
Hibernate: select permission0_.character_id as characte6_11_0_, permission0_.permission_id as permissi1_11_0_, permission0_.permission_id as permissi1_11_1_, permission0_.character_id as characte6_11_1_, permission0_.permission_name as permissi2_11_1_, permission0_.permission_permission_unit_id as permissi3_11_1_, permission0_.permission_service as permissi4_11_1_, permission0_.permission_status as permissi5_11_1_ from permission permission0_ where permission0_.character_id=?
Hibernate: select rewardtag0_.reward_tag_reward_tag_id as reward_t1_14_, rewardtag0_.reward_tag_reward_point as reward_t2_14_, rewardtag0_.reward_tag_reward_tag_title as reward_t3_14_ from reward_tag rewardtag0_
Hibernate: select user0_.user_id as col_0_0_ from user user0_ where user0_.user_user_id=? limit ?
Hibernate: select user0_.user_id as col_0_0_ from user user0_ where user0_.user_user_id=? limit ?
Hibernate: select U.* from USER U where U.USER_USER_ID =?
Hibernate: select character0_.character_id as characte1_6_0_, character0_.character_character_name as characte2_6_0_ from characters character0_ where character0_.character_id=?
Hibernate: select user0_.user_id as col_0_0_ from user user0_ where user0_.user_user_id=? limit ?
Hibernate: select user0_.user_id as col_0_0_ from user user0_ where user0_.user_user_id=? limit ?
Hibernate: select U.* from USER U where U.USER_USER_ID =?
Hibernate: select character0_.character_id as characte1_6_0_, character0_.character_character_name as characte2_6_0_ from characters character0_ where character0_.character_id=?
Hibernate: select user0_.user_id as col_0_0_ from user user0_ where user0_.user_user_id=? limit ?
Hibernate: select user0_.user_id as col_0_0_ from user user0_ where user0_.user_user_id=? limit ?
Hibernate: select U.* from USER U where U.USER_USER_ID =?
Hibernate: select character0_.character_id as characte1_6_0_, character0_.character_character_name as characte2_6_0_ from characters character0_ where character0_.character_id=?
Hibernate: select user0_.user_id as col_0_0_ from user user0_ where user0_.user_user_id=? limit ?
Hibernate: select userjoinin0_.user_joining_pool_id as col_0_0_ from user_joining_pool userjoinin0_ where userjoinin0_.user_user_id=? limit ?
Hibernate: select character0_.character_id as col_0_0_ from characters character0_ where character0_.character_character_name=? limit ?
Hibernate: insert into user_joining_pool (user_joining_pool_id, user_created_at, user_name, user_phone_number, user_user_id, user_user_password) values (default, ?, ?, ?, ?, ?)

MockHttpServletRequest:
      HTTP Method = POST
      Request URI = /user
       Parameters = {}
          Headers = [Content-Type:"application/json;charset=UTF-8", Accept:"application/json", api-version:"1.0", Content-Length:"93"]
             Body = {"name":"Hello","user_id":"Hello","user_password":"aadsfc123!!","phone_number":"01012341234"}
    Session Attrs = {}

Handler:
             Type = org.waldreg.controller.joiningpool.JoiningPoolController
           Method = org.waldreg.controller.joiningpool.JoiningPoolController#createUser(UserRequest)

Async:
    Async started = false
     Async result = null

Resolved Exception:
             Type = null

ModelAndView:
        View name = null
             View = null
            Model = null

FlashMap:
       Attributes = null

MockHttpServletResponse:
           Status = 200
    Error message = null
          Headers = [Vary:"Origin", "Access-Control-Request-Method", "Access-Control-Request-Headers", Api-version:"1.0"]
     Content type = null
             Body = 
    Forwarded URL = null
   Redirected URL = null
          Cookies = []
Hibernate: select user0_.user_id as user_id1_20_0_, user0_.character_id as characte7_20_0_, user0_.user_created_at as user_cre2_20_0_, user0_.user_name as user_nam3_20_0_, user0_.user_phone_number as user_pho4_20_0_, user0_.user_user_id as user_use5_20_0_, user0_.user_user_password as user_use6_20_0_ from user user0_ where user0_.user_id=?
Hibernate: select character0_.character_id as characte1_6_0_, character0_.character_character_name as characte2_6_0_ from characters character0_ where character0_.character_id=?
Hibernate: select count(*) as col_0_0_ from user user0_ where user0_.user_id=?
Hibernate: select character1_.character_id as characte1_6_, character1_.character_character_name as characte2_6_ from user user0_ inner join characters character1_ on user0_.character_id=character1_.character_id where user0_.user_id=?
Hibernate: select permission0_.character_id as characte6_11_0_, permission0_.permission_id as permissi1_11_0_, permission0_.permission_id as permissi1_11_1_, permission0_.character_id as characte6_11_1_, permission0_.permission_name as permissi2_11_1_, permission0_.permission_permission_unit_id as permissi3_11_1_, permission0_.permission_service as permissi4_11_1_, permission0_.permission_status as permissi5_11_1_ from permission permission0_ where permission0_.character_id=?
Hibernate: select userjoinin0_.user_joining_pool_id as col_0_0_ from user_joining_pool userjoinin0_ where userjoinin0_.user_user_id=? limit ?
Hibernate: select userjoinin0_.user_joining_pool_id as user_joi1_21_, userjoinin0_.user_created_at as user_cre2_21_, userjoinin0_.user_name as user_nam3_21_, userjoinin0_.user_phone_number as user_pho4_21_, userjoinin0_.user_user_id as user_use5_21_, userjoinin0_.user_user_password as user_use6_21_ from user_joining_pool userjoinin0_ where userjoinin0_.user_user_id=?
Hibernate: select character0_.character_id as characte1_6_, character0_.character_character_name as characte2_6_ from characters character0_ where character0_.character_character_name=?
Hibernate: insert into user (user_id, character_id, user_created_at, user_name, user_phone_number, user_user_id, user_user_password) values (default, ?, ?, ?, ?, ?, ?)
Hibernate: DELETE FROM USER_JOINING_POOL as JU where JU.USER_USER_ID =?
Hibernate: select user0_.user_id as col_0_0_ from user user0_ where user0_.user_user_id=? limit ?
Hibernate: select user0_.user_id as col_0_0_ from user user0_ where user0_.user_user_id=? limit ?
Hibernate: select U.* from USER U where U.USER_USER_ID =?
Hibernate: select character0_.character_id as characte1_6_0_, character0_.character_character_name as characte2_6_0_ from characters character0_ where character0_.character_id=?
Hibernate: select user0_.user_id as user_id1_20_0_, user0_.character_id as characte7_20_0_, user0_.user_created_at as user_cre2_20_0_, user0_.user_name as user_nam3_20_0_, user0_.user_phone_number as user_pho4_20_0_, user0_.user_user_id as user_use5_20_0_, user0_.user_user_password as user_use6_20_0_ from user user0_ where user0_.user_id=?
Hibernate: select character0_.character_id as characte1_6_0_, character0_.character_character_name as characte2_6_0_ from characters character0_ where character0_.character_id=?
Hibernate: select count(*) as col_0_0_ from user user0_ where user0_.user_id=?
Hibernate: select character1_.character_id as characte1_6_, character1_.character_character_name as characte2_6_ from user user0_ inner join characters character1_ on user0_.character_id=character1_.character_id where user0_.user_id=?
Hibernate: select permission0_.character_id as characte6_11_0_, permission0_.permission_id as permissi1_11_0_, permission0_.permission_id as permissi1_11_1_, permission0_.character_id as characte6_11_1_, permission0_.permission_name as permissi2_11_1_, permission0_.permission_permission_unit_id as permissi3_11_1_, permission0_.permission_service as permissi4_11_1_, permission0_.permission_status as permissi5_11_1_ from permission permission0_ where permission0_.character_id=?
Hibernate: select user0_.user_id as col_0_0_ from user user0_ where user0_.user_user_id=? limit ?
Hibernate: select user0_.user_id as user_id1_20_, user0_.character_id as characte7_20_, user0_.user_created_at as user_cre2_20_, user0_.user_name as user_nam3_20_, user0_.user_phone_number as user_pho4_20_, user0_.user_user_id as user_use5_20_, user0_.user_user_password as user_use6_20_ from user user0_ inner join characters character1_ on user0_.character_id=character1_.character_id where user0_.user_user_id=?
Hibernate: select character0_.character_id as characte1_6_0_, character0_.character_character_name as characte2_6_0_ from characters character0_ where character0_.character_id=?
Hibernate: select rewardtagw0_.user_id as user_id4_15_0_, rewardtagw0_.reward_tag_wrapper_reward_id as reward_t1_15_0_, rewardtagw0_.reward_tag_wrapper_reward_id as reward_t1_15_1_, rewardtagw0_.reward_tag_wrapper_reward_presented_at as reward_t2_15_1_, rewardtagw0_.reward_tag_reward_tag_id as reward_t3_15_1_, rewardtagw0_.user_id as user_id4_15_1_ from reward_tag_wrapper rewardtagw0_ where rewardtagw0_.user_id=?
Hibernate: select user0_.user_id as col_0_0_ from user user0_ where user0_.user_user_id=? limit ?
Hibernate: select user0_.user_id as col_0_0_ from user user0_ where user0_.user_user_id=? limit ?
Hibernate: select U.* from USER U where U.USER_USER_ID =?
Hibernate: select character0_.character_id as characte1_6_0_, character0_.character_character_name as characte2_6_0_ from characters character0_ where character0_.character_id=?
Hibernate: select user0_.user_id as col_0_0_ from user user0_ where user0_.user_user_id=? limit ?
Hibernate: select userjoinin0_.user_joining_pool_id as col_0_0_ from user_joining_pool userjoinin0_ where userjoinin0_.user_user_id=? limit ?
Hibernate: select character0_.character_id as col_0_0_ from characters character0_ where character0_.character_character_name=? limit ?
Hibernate: insert into user_joining_pool (user_joining_pool_id, user_created_at, user_name, user_phone_number, user_user_id, user_user_password) values (default, ?, ?, ?, ?, ?)

MockHttpServletRequest:
      HTTP Method = POST
      Request URI = /user
       Parameters = {}
          Headers = [Content-Type:"application/json;charset=UTF-8", Accept:"application/json", api-version:"1.0", Content-Length:"93"]
             Body = {"name":"Hello","user_id":"World","user_password":"aadsfc123!!","phone_number":"01012341234"}
    Session Attrs = {}

Handler:
             Type = org.waldreg.controller.joiningpool.JoiningPoolController
           Method = org.waldreg.controller.joiningpool.JoiningPoolController#createUser(UserRequest)

Async:
    Async started = false
     Async result = null

Resolved Exception:
             Type = null

ModelAndView:
        View name = null
             View = null
            Model = null

FlashMap:
       Attributes = null

MockHttpServletResponse:
           Status = 200
    Error message = null
          Headers = [Vary:"Origin", "Access-Control-Request-Method", "Access-Control-Request-Headers", Api-version:"1.0"]
     Content type = null
             Body = 
    Forwarded URL = null
   Redirected URL = null
          Cookies = []
Hibernate: select user0_.user_id as user_id1_20_0_, user0_.character_id as characte7_20_0_, user0_.user_created_at as user_cre2_20_0_, user0_.user_name as user_nam3_20_0_, user0_.user_phone_number as user_pho4_20_0_, user0_.user_user_id as user_use5_20_0_, user0_.user_user_password as user_use6_20_0_ from user user0_ where user0_.user_id=?
Hibernate: select character0_.character_id as characte1_6_0_, character0_.character_character_name as characte2_6_0_ from characters character0_ where character0_.character_id=?
Hibernate: select count(*) as col_0_0_ from user user0_ where user0_.user_id=?
Hibernate: select character1_.character_id as characte1_6_, character1_.character_character_name as characte2_6_ from user user0_ inner join characters character1_ on user0_.character_id=character1_.character_id where user0_.user_id=?
Hibernate: select permission0_.character_id as characte6_11_0_, permission0_.permission_id as permissi1_11_0_, permission0_.permission_id as permissi1_11_1_, permission0_.character_id as characte6_11_1_, permission0_.permission_name as permissi2_11_1_, permission0_.permission_permission_unit_id as permissi3_11_1_, permission0_.permission_service as permissi4_11_1_, permission0_.permission_status as permissi5_11_1_ from permission permission0_ where permission0_.character_id=?
Hibernate: select userjoinin0_.user_joining_pool_id as col_0_0_ from user_joining_pool userjoinin0_ where userjoinin0_.user_user_id=? limit ?
Hibernate: select userjoinin0_.user_joining_pool_id as user_joi1_21_, userjoinin0_.user_created_at as user_cre2_21_, userjoinin0_.user_name as user_nam3_21_, userjoinin0_.user_phone_number as user_pho4_21_, userjoinin0_.user_user_id as user_use5_21_, userjoinin0_.user_user_password as user_use6_21_ from user_joining_pool userjoinin0_ where userjoinin0_.user_user_id=?
Hibernate: select character0_.character_id as characte1_6_, character0_.character_character_name as characte2_6_ from characters character0_ where character0_.character_character_name=?
Hibernate: insert into user (user_id, character_id, user_created_at, user_name, user_phone_number, user_user_id, user_user_password) values (default, ?, ?, ?, ?, ?, ?)
Hibernate: DELETE FROM USER_JOINING_POOL as JU where JU.USER_USER_ID =?
Hibernate: select user0_.user_id as col_0_0_ from user user0_ where user0_.user_user_id=? limit ?
Hibernate: select user0_.user_id as col_0_0_ from user user0_ where user0_.user_user_id=? limit ?
Hibernate: select U.* from USER U where U.USER_USER_ID =?
Hibernate: select character0_.character_id as characte1_6_0_, character0_.character_character_name as characte2_6_0_ from characters character0_ where character0_.character_id=?
Hibernate: select user0_.user_id as user_id1_20_0_, user0_.character_id as characte7_20_0_, user0_.user_created_at as user_cre2_20_0_, user0_.user_name as user_nam3_20_0_, user0_.user_phone_number as user_pho4_20_0_, user0_.user_user_id as user_use5_20_0_, user0_.user_user_password as user_use6_20_0_ from user user0_ where user0_.user_id=?
Hibernate: select character0_.character_id as characte1_6_0_, character0_.character_character_name as characte2_6_0_ from characters character0_ where character0_.character_id=?
Hibernate: select count(*) as col_0_0_ from user user0_ where user0_.user_id=?
Hibernate: select character1_.character_id as characte1_6_, character1_.character_character_name as characte2_6_ from user user0_ inner join characters character1_ on user0_.character_id=character1_.character_id where user0_.user_id=?
Hibernate: select permission0_.character_id as characte6_11_0_, permission0_.permission_id as permissi1_11_0_, permission0_.permission_id as permissi1_11_1_, permission0_.character_id as characte6_11_1_, permission0_.permission_name as permissi2_11_1_, permission0_.permission_permission_unit_id as permissi3_11_1_, permission0_.permission_service as permissi4_11_1_, permission0_.permission_status as permissi5_11_1_ from permission permission0_ where permission0_.character_id=?
Hibernate: select user0_.user_id as col_0_0_ from user user0_ where user0_.user_user_id=? limit ?
Hibernate: select user0_.user_id as user_id1_20_, user0_.character_id as characte7_20_, user0_.user_created_at as user_cre2_20_, user0_.user_name as user_nam3_20_, user0_.user_phone_number as user_pho4_20_, user0_.user_user_id as user_use5_20_, user0_.user_user_password as user_use6_20_ from user user0_ inner join characters character1_ on user0_.character_id=character1_.character_id where user0_.user_user_id=?
Hibernate: select character0_.character_id as characte1_6_0_, character0_.character_character_name as characte2_6_0_ from characters character0_ where character0_.character_id=?
Hibernate: select rewardtagw0_.user_id as user_id4_15_0_, rewardtagw0_.reward_tag_wrapper_reward_id as reward_t1_15_0_, rewardtagw0_.reward_tag_wrapper_reward_id as reward_t1_15_1_, rewardtagw0_.reward_tag_wrapper_reward_presented_at as reward_t2_15_1_, rewardtagw0_.reward_tag_reward_tag_id as reward_t3_15_1_, rewardtagw0_.user_id as user_id4_15_1_ from reward_tag_wrapper rewardtagw0_ where rewardtagw0_.user_id=?
Hibernate: select user0_.user_id as user_id1_20_0_, user0_.character_id as characte7_20_0_, user0_.user_created_at as user_cre2_20_0_, user0_.user_name as user_nam3_20_0_, user0_.user_phone_number as user_pho4_20_0_, user0_.user_user_id as user_use5_20_0_, user0_.user_user_password as user_use6_20_0_ from user user0_ where user0_.user_id=?
Hibernate: select character0_.character_id as characte1_6_0_, character0_.character_character_name as characte2_6_0_ from characters character0_ where character0_.character_id=?
Hibernate: select count(*) as col_0_0_ from user user0_ where user0_.user_id=?
Hibernate: select character1_.character_id as characte1_6_, character1_.character_character_name as characte2_6_ from user user0_ inner join characters character1_ on user0_.character_id=character1_.character_id where user0_.user_id=?
Hibernate: select permission0_.character_id as characte6_11_0_, permission0_.permission_id as permissi1_11_0_, permission0_.permission_id as permissi1_11_1_, permission0_.character_id as characte6_11_1_, permission0_.permission_name as permissi2_11_1_, permission0_.permission_permission_unit_id as permissi3_11_1_, permission0_.permission_service as permissi4_11_1_, permission0_.permission_status as permissi5_11_1_ from permission permission0_ where permission0_.character_id=?
Hibernate: insert into reward_tag (reward_tag_reward_tag_id, reward_tag_reward_point, reward_tag_reward_tag_title) values (default, ?, ?)
Hibernate: select user0_.user_id as user_id1_20_0_, user0_.character_id as characte7_20_0_, user0_.user_created_at as user_cre2_20_0_, user0_.user_name as user_nam3_20_0_, user0_.user_phone_number as user_pho4_20_0_, user0_.user_user_id as user_use5_20_0_, user0_.user_user_password as user_use6_20_0_ from user user0_ where user0_.user_id=?
Hibernate: select character0_.character_id as characte1_6_0_, character0_.character_character_name as characte2_6_0_ from characters character0_ where character0_.character_id=?
Hibernate: select count(*) as col_0_0_ from user user0_ where user0_.user_id=?
Hibernate: select character1_.character_id as characte1_6_, character1_.character_character_name as characte2_6_ from user user0_ inner join characters character1_ on user0_.character_id=character1_.character_id where user0_.user_id=?
Hibernate: select permission0_.character_id as characte6_11_0_, permission0_.permission_id as permissi1_11_0_, permission0_.permission_id as permissi1_11_1_, permission0_.character_id as characte6_11_1_, permission0_.permission_name as permissi2_11_1_, permission0_.permission_permission_unit_id as permissi3_11_1_, permission0_.permission_service as permissi4_11_1_, permission0_.permission_status as permissi5_11_1_ from permission permission0_ where permission0_.character_id=?
Hibernate: select rewardtag0_.reward_tag_reward_tag_id as reward_t1_14_, rewardtag0_.reward_tag_reward_point as reward_t2_14_, rewardtag0_.reward_tag_reward_tag_title as reward_t3_14_ from reward_tag rewardtag0_
Hibernate: select user0_.user_id as user_id1_20_0_, user0_.character_id as characte7_20_0_, user0_.user_created_at as user_cre2_20_0_, user0_.user_name as user_nam3_20_0_, user0_.user_phone_number as user_pho4_20_0_, user0_.user_user_id as user_use5_20_0_, user0_.user_user_password as user_use6_20_0_ from user user0_ where user0_.user_id=?
Hibernate: select character0_.character_id as characte1_6_0_, character0_.character_character_name as characte2_6_0_ from characters character0_ where character0_.character_id=?
Hibernate: select count(*) as col_0_0_ from user user0_ where user0_.user_id=?
Hibernate: select character1_.character_id as characte1_6_, character1_.character_character_name as characte2_6_ from user user0_ inner join characters character1_ on user0_.character_id=character1_.character_id where user0_.user_id=?
Hibernate: select permission0_.character_id as characte6_11_0_, permission0_.permission_id as permissi1_11_0_, permission0_.permission_id as permissi1_11_1_, permission0_.character_id as characte6_11_1_, permission0_.permission_name as permissi2_11_1_, permission0_.permission_permission_unit_id as permissi3_11_1_, permission0_.permission_service as permissi4_11_1_, permission0_.permission_status as permissi5_11_1_ from permission permission0_ where permission0_.character_id=?
Hibernate: select count(*) as col_0_0_ from user user0_ where user0_.user_id=?
Hibernate: select count(*) as col_0_0_ from reward_tag rewardtag0_ where rewardtag0_.reward_tag_reward_tag_id=?
Hibernate: select user0_.user_id as user_id1_20_0_, user0_.character_id as characte7_20_0_, user0_.user_created_at as user_cre2_20_0_, user0_.user_name as user_nam3_20_0_, user0_.user_phone_number as user_pho4_20_0_, user0_.user_user_id as user_use5_20_0_, user0_.user_user_password as user_use6_20_0_ from user user0_ where user0_.user_id=?
Hibernate: select character0_.character_id as characte1_6_0_, character0_.character_character_name as characte2_6_0_ from characters character0_ where character0_.character_id=?
Hibernate: select rewardtag0_.reward_tag_reward_tag_id as reward_t1_14_0_, rewardtag0_.reward_tag_reward_point as reward_t2_14_0_, rewardtag0_.reward_tag_reward_tag_title as reward_t3_14_0_ from reward_tag rewardtag0_ where rewardtag0_.reward_tag_reward_tag_id=?
Hibernate: call next value for hibernate_sequence
Hibernate: insert into reward_tag_wrapper (reward_tag_wrapper_reward_presented_at, reward_tag_reward_tag_id, user_id, reward_tag_wrapper_reward_id) values (?, ?, ?, ?)
Hibernate: select count(*) as col_0_0_ from user user0_ where user0_.user_id=?
Hibernate: select count(*) as col_0_0_ from reward_tag rewardtag0_ where rewardtag0_.reward_tag_reward_tag_id=?
Hibernate: select user0_.user_id as user_id1_20_0_, user0_.character_id as characte7_20_0_, user0_.user_created_at as user_cre2_20_0_, user0_.user_name as user_nam3_20_0_, user0_.user_phone_number as user_pho4_20_0_, user0_.user_user_id as user_use5_20_0_, user0_.user_user_password as user_use6_20_0_ from user user0_ where user0_.user_id=?
Hibernate: call next value for hibernate_sequence
Hibernate: insert into reward_tag_wrapper (reward_tag_wrapper_reward_presented_at, reward_tag_reward_tag_id, user_id, reward_tag_wrapper_reward_id) values (?, ?, ?, ?)
Hibernate: select user0_.user_id as user_id1_20_0_, user0_.character_id as characte7_20_0_, user0_.user_created_at as user_cre2_20_0_, user0_.user_name as user_nam3_20_0_, user0_.user_phone_number as user_pho4_20_0_, user0_.user_user_id as user_use5_20_0_, user0_.user_user_password as user_use6_20_0_ from user user0_ where user0_.user_id=?
Hibernate: select character0_.character_id as characte1_6_0_, character0_.character_character_name as characte2_6_0_ from characters character0_ where character0_.character_id=?
Hibernate: select count(*) as col_0_0_ from user user0_ where user0_.user_id=?
Hibernate: select character1_.character_id as characte1_6_, character1_.character_character_name as characte2_6_ from user user0_ inner join characters character1_ on user0_.character_id=character1_.character_id where user0_.user_id=?
Hibernate: select permission0_.character_id as characte6_11_0_, permission0_.permission_id as permissi1_11_0_, permission0_.permission_id as permissi1_11_1_, permission0_.character_id as characte6_11_1_, permission0_.permission_name as permissi2_11_1_, permission0_.permission_permission_unit_id as permissi3_11_1_, permission0_.permission_service as permissi4_11_1_, permission0_.permission_status as permissi5_11_1_ from permission permission0_ where permission0_.character_id=?
Hibernate: select distinct user1_.user_id as user_id1_20_, user1_.character_id as characte7_20_, user1_.user_created_at as user_cre2_20_, user1_.user_name as user_nam3_20_, user1_.user_phone_number as user_pho4_20_, user1_.user_user_id as user_use5_20_, user1_.user_user_password as user_use6_20_ from reward_tag_wrapper rewardtagw0_ inner join user user1_ on rewardtagw0_.user_id=user1_.user_id
Hibernate: select character0_.character_id as characte1_6_0_, character0_.character_character_name as characte2_6_0_ from characters character0_ where character0_.character_id=?
Hibernate: select user0_.user_id as col_0_0_ from user user0_ where user0_.user_user_id=? limit ?
Hibernate: select user0_.user_id as col_0_0_ from user user0_ where user0_.user_user_id=? limit ?
Hibernate: select U.* from USER U where U.USER_USER_ID =?
Hibernate: select character0_.character_id as characte1_6_0_, character0_.character_character_name as characte2_6_0_ from characters character0_ where character0_.character_id=?
Hibernate: select user0_.user_id as user_id1_20_0_, user0_.character_id as characte7_20_0_, user0_.user_created_at as user_cre2_20_0_, user0_.user_name as user_nam3_20_0_, user0_.user_phone_number as user_pho4_20_0_, user0_.user_user_id as user_use5_20_0_, user0_.user_user_password as user_use6_20_0_ from user user0_ where user0_.user_id=?
Hibernate: select character0_.character_id as characte1_6_0_, character0_.character_character_name as characte2_6_0_ from characters character0_ where character0_.character_id=?
Hibernate: select count(*) as col_0_0_ from user user0_ where user0_.user_id=?
Hibernate: select character1_.character_id as characte1_6_, character1_.character_character_name as characte2_6_ from user user0_ inner join characters character1_ on user0_.character_id=character1_.character_id where user0_.user_id=?
Hibernate: select permission0_.character_id as characte6_11_0_, permission0_.permission_id as permissi1_11_0_, permission0_.permission_id as permissi1_11_1_, permission0_.character_id as characte6_11_1_, permission0_.permission_name as permissi2_11_1_, permission0_.permission_permission_unit_id as permissi3_11_1_, permission0_.permission_service as permissi4_11_1_, permission0_.permission_status as permissi5_11_1_ from permission permission0_ where permission0_.character_id=?
Hibernate: select rewardtag0_.reward_tag_reward_tag_id as reward_t1_14_, rewardtag0_.reward_tag_reward_point as reward_t2_14_, rewardtag0_.reward_tag_reward_tag_title as reward_t3_14_ from reward_tag rewardtag0_
Hibernate: select user0_.user_id as user_id1_20_0_, user0_.character_id as characte7_20_0_, user0_.user_created_at as user_cre2_20_0_, user0_.user_name as user_nam3_20_0_, user0_.user_phone_number as user_pho4_20_0_, user0_.user_user_id as user_use5_20_0_, user0_.user_user_password as user_use6_20_0_ from user user0_ where user0_.user_id=?
Hibernate: select character0_.character_id as characte1_6_0_, character0_.character_character_name as characte2_6_0_ from characters character0_ where character0_.character_id=?
Hibernate: select count(*) as col_0_0_ from user user0_ where user0_.user_id=?
Hibernate: select character1_.character_id as characte1_6_, character1_.character_character_name as characte2_6_ from user user0_ inner join characters character1_ on user0_.character_id=character1_.character_id where user0_.user_id=?
Hibernate: select permission0_.character_id as characte6_11_0_, permission0_.permission_id as permissi1_11_0_, permission0_.permission_id as permissi1_11_1_, permission0_.character_id as characte6_11_1_, permission0_.permission_name as permissi2_11_1_, permission0_.permission_permission_unit_id as permissi3_11_1_, permission0_.permission_service as permissi4_11_1_, permission0_.permission_status as permissi5_11_1_ from permission permission0_ where permission0_.character_id=?
Hibernate: select count(*) as col_0_0_ from reward_tag rewardtag0_ where rewardtag0_.reward_tag_reward_tag_id=?
Hibernate: DELETE FROM REWARD_TAG_WRAPPER AS RTW WHERE RTW.REWARD_TAG_REWARD_TAG_ID = ?
Hibernate: select rewardtag0_.reward_tag_reward_tag_id as reward_t1_14_0_, rewardtag0_.reward_tag_reward_point as reward_t2_14_0_, rewardtag0_.reward_tag_reward_tag_title as reward_t3_14_0_ from reward_tag rewardtag0_ where rewardtag0_.reward_tag_reward_tag_id=?
Hibernate: select attendance0_.attendance_type_reward_id as attendan1_2_, attendance0_.attendance_type_name as attendan2_2_, attendance0_.reward_tag_reward_tag_id as reward_t3_2_ from attendance_type_reward attendance0_ where attendance0_.reward_tag_reward_tag_id=?
Hibernate: delete from reward_tag where reward_tag_reward_tag_id=?
Hibernate: select user0_.user_id as user_id1_20_0_, user0_.character_id as characte7_20_0_, user0_.user_created_at as user_cre2_20_0_, user0_.user_name as user_nam3_20_0_, user0_.user_phone_number as user_pho4_20_0_, user0_.user_user_id as user_use5_20_0_, user0_.user_user_password as user_use6_20_0_ from user user0_ where user0_.user_id=?
Hibernate: select character0_.character_id as characte1_6_0_, character0_.character_character_name as characte2_6_0_ from characters character0_ where character0_.character_id=?
Hibernate: select count(*) as col_0_0_ from user user0_ where user0_.user_id=?
Hibernate: select character1_.character_id as characte1_6_, character1_.character_character_name as characte2_6_ from user user0_ inner join characters character1_ on user0_.character_id=character1_.character_id where user0_.user_id=?
Hibernate: select permission0_.character_id as characte6_11_0_, permission0_.permission_id as permissi1_11_0_, permission0_.permission_id as permissi1_11_1_, permission0_.character_id as characte6_11_1_, permission0_.permission_name as permissi2_11_1_, permission0_.permission_permission_unit_id as permissi3_11_1_, permission0_.permission_service as permissi4_11_1_, permission0_.permission_status as permissi5_11_1_ from permission permission0_ where permission0_.character_id=?
Hibernate: select count(*) as col_0_0_ from reward_tag rewardtag0_ where rewardtag0_.reward_tag_reward_tag_id=?
Hibernate: select user0_.user_id as col_0_0_ from user user0_ where user0_.user_user_id=? limit ?
Hibernate: select user0_.user_id as col_0_0_ from user user0_ where user0_.user_user_id=? limit ?
Hibernate: select U.* from USER U where U.USER_USER_ID =?
Hibernate: select character0_.character_id as characte1_6_0_, character0_.character_character_name as characte2_6_0_ from characters character0_ where character0_.character_id=?
Hibernate: select user0_.user_id as col_0_0_ from user user0_ where user0_.user_user_id=? limit ?
Hibernate: select user0_.user_id as user_id1_20_, user0_.character_id as characte7_20_, user0_.user_created_at as user_cre2_20_, user0_.user_name as user_nam3_20_, user0_.user_phone_number as user_pho4_20_, user0_.user_user_id as user_use5_20_, user0_.user_user_password as user_use6_20_ from user user0_ inner join characters character1_ on user0_.character_id=character1_.character_id where user0_.user_user_id=?
Hibernate: select character0_.character_id as characte1_6_0_, character0_.character_character_name as characte2_6_0_ from characters character0_ where character0_.character_id=?
Hibernate: select rewardtagw0_.user_id as user_id4_15_0_, rewardtagw0_.reward_tag_wrapper_reward_id as reward_t1_15_0_, rewardtagw0_.reward_tag_wrapper_reward_id as reward_t1_15_1_, rewardtagw0_.reward_tag_wrapper_reward_presented_at as reward_t2_15_1_, rewardtagw0_.reward_tag_reward_tag_id as reward_t3_15_1_, rewardtagw0_.user_id as user_id4_15_1_ from reward_tag_wrapper rewardtagw0_ where rewardtagw0_.user_id=?
Hibernate: select user0_.user_id as user_id1_20_0_, user0_.character_id as characte7_20_0_, user0_.user_created_at as user_cre2_20_0_, user0_.user_name as user_nam3_20_0_, user0_.user_phone_number as user_pho4_20_0_, user0_.user_user_id as user_use5_20_0_, user0_.user_user_password as user_use6_20_0_ from user user0_ where user0_.user_id=?
Hibernate: select character0_.character_id as characte1_6_0_, character0_.character_character_name as characte2_6_0_ from characters character0_ where character0_.character_id=?
Hibernate: select count(*) as col_0_0_ from user user0_ where user0_.user_id=?
Hibernate: select character1_.character_id as characte1_6_, character1_.character_character_name as characte2_6_ from user user0_ inner join characters character1_ on user0_.character_id=character1_.character_id where user0_.user_id=?
Hibernate: select permission0_.character_id as characte6_11_0_, permission0_.permission_id as permissi1_11_0_, permission0_.permission_id as permissi1_11_1_, permission0_.character_id as characte6_11_1_, permission0_.permission_name as permissi2_11_1_, permission0_.permission_permission_unit_id as permissi3_11_1_, permission0_.permission_service as permissi4_11_1_, permission0_.permission_status as permissi5_11_1_ from permission permission0_ where permission0_.character_id=?
Hibernate: select count(*) as col_0_0_ from user user0_ where user0_.user_id=?
Hibernate: select user0_.user_id as user_id1_20_, user0_.character_id as characte7_20_, user0_.user_created_at as user_cre2_20_, user0_.user_name as user_nam3_20_, user0_.user_phone_number as user_pho4_20_, user0_.user_user_id as user_use5_20_, user0_.user_user_password as user_use6_20_ from user user0_ where user0_.user_id=?
Hibernate: select character0_.character_id as characte1_6_0_, character0_.character_character_name as characte2_6_0_ from characters character0_ where character0_.character_id=?
Hibernate: select rewardtagw0_.user_id as user_id4_15_0_, rewardtagw0_.reward_tag_wrapper_reward_id as reward_t1_15_0_, rewardtagw0_.reward_tag_wrapper_reward_id as reward_t1_15_1_, rewardtagw0_.reward_tag_wrapper_reward_presented_at as reward_t2_15_1_, rewardtagw0_.reward_tag_reward_tag_id as reward_t3_15_1_, rewardtagw0_.user_id as user_id4_15_1_ from reward_tag_wrapper rewardtagw0_ where rewardtagw0_.user_id=?
Hibernate: select attendance0_.attendance_user_attendance_user_id as col_0_0_ from attendance_user attendance0_ where attendance0_.user_id=? limit ?
Hibernate: DELETE FROM USER WHERE USER_ID = ?
Hibernate: select user0_.user_id as col_0_0_ from user user0_ where user0_.user_user_id=? limit ?
Hibernate: select user0_.user_id as col_0_0_ from user user0_ where user0_.user_user_id=? limit ?
Hibernate: select user0_.user_id as user_id1_20_, user0_.character_id as characte7_20_, user0_.user_created_at as user_cre2_20_, user0_.user_name as user_nam3_20_, user0_.user_phone_number as user_pho4_20_, user0_.user_user_id as user_use5_20_, user0_.user_user_password as user_use6_20_ from user user0_ inner join characters character1_ on user0_.character_id=character1_.character_id where user0_.user_user_id=?
Hibernate: select character0_.character_id as characte1_6_0_, character0_.character_character_name as characte2_6_0_ from characters character0_ where character0_.character_id=?
Hibernate: select rewardtagw0_.user_id as user_id4_15_0_, rewardtagw0_.reward_tag_wrapper_reward_id as reward_t1_15_0_, rewardtagw0_.reward_tag_wrapper_reward_id as reward_t1_15_1_, rewardtagw0_.reward_tag_wrapper_reward_presented_at as reward_t2_15_1_, rewardtagw0_.reward_tag_reward_tag_id as reward_t3_15_1_, rewardtagw0_.user_id as user_id4_15_1_ from reward_tag_wrapper rewardtagw0_ where rewardtagw0_.user_id=?
Hibernate: select user0_.user_id as user_id1_20_0_, user0_.character_id as characte7_20_0_, user0_.user_created_at as user_cre2_20_0_, user0_.user_name as user_nam3_20_0_, user0_.user_phone_number as user_pho4_20_0_, user0_.user_user_id as user_use5_20_0_, user0_.user_user_password as user_use6_20_0_ from user user0_ where user0_.user_id=?
Hibernate: select character0_.character_id as characte1_6_0_, character0_.character_character_name as characte2_6_0_ from characters character0_ where character0_.character_id=?
Hibernate: select count(*) as col_0_0_ from user user0_ where user0_.user_id=?
Hibernate: select character1_.character_id as characte1_6_, character1_.character_character_name as characte2_6_ from user user0_ inner join characters character1_ on user0_.character_id=character1_.character_id where user0_.user_id=?
Hibernate: select permission0_.character_id as characte6_11_0_, permission0_.permission_id as permissi1_11_0_, permission0_.permission_id as permissi1_11_1_, permission0_.character_id as characte6_11_1_, permission0_.permission_name as permissi2_11_1_, permission0_.permission_permission_unit_id as permissi3_11_1_, permission0_.permission_service as permissi4_11_1_, permission0_.permission_status as permissi5_11_1_ from permission permission0_ where permission0_.character_id=?
Hibernate: select count(*) as col_0_0_ from user user0_ where user0_.user_id=?
Hibernate: select user0_.user_id as user_id1_20_, user0_.character_id as characte7_20_, user0_.user_created_at as user_cre2_20_, user0_.user_name as user_nam3_20_, user0_.user_phone_number as user_pho4_20_, user0_.user_user_id as user_use5_20_, user0_.user_user_password as user_use6_20_ from user user0_ where user0_.user_id=?
Hibernate: select character0_.character_id as characte1_6_0_, character0_.character_character_name as characte2_6_0_ from characters character0_ where character0_.character_id=?
Hibernate: select rewardtagw0_.user_id as user_id4_15_0_, rewardtagw0_.reward_tag_wrapper_reward_id as reward_t1_15_0_, rewardtagw0_.reward_tag_wrapper_reward_id as reward_t1_15_1_, rewardtagw0_.reward_tag_wrapper_reward_presented_at as reward_t2_15_1_, rewardtagw0_.reward_tag_reward_tag_id as reward_t3_15_1_, rewardtagw0_.user_id as user_id4_15_1_ from reward_tag_wrapper rewardtagw0_ where rewardtagw0_.user_id=?
Hibernate: select attendance0_.attendance_user_attendance_user_id as col_0_0_ from attendance_user attendance0_ where attendance0_.user_id=? limit ?
Hibernate: DELETE FROM USER WHERE USER_ID = ?
Hibernate: select user0_.user_id as col_0_0_ from user user0_ where user0_.user_user_id=? limit ?
Hibernate: select user0_.user_id as col_0_0_ from user user0_ where user0_.user_user_id=? limit ?
Hibernate: select user0_.user_id as col_0_0_ from user user0_ where user0_.user_user_id=? limit ?
Hibernate: select U.* from USER U where U.USER_USER_ID =?
Hibernate: select character0_.character_id as characte1_6_0_, character0_.character_character_name as characte2_6_0_ from characters character0_ where character0_.character_id=?
Hibernate: select user0_.user_id as user_id1_20_0_, user0_.character_id as characte7_20_0_, user0_.user_created_at as user_cre2_20_0_, user0_.user_name as user_nam3_20_0_, user0_.user_phone_number as user_pho4_20_0_, user0_.user_user_id as user_use5_20_0_, user0_.user_user_password as user_use6_20_0_ from user user0_ where user0_.user_id=?
Hibernate: select character0_.character_id as characte1_6_0_, character0_.character_character_name as characte2_6_0_ from characters character0_ where character0_.character_id=?
Hibernate: select count(*) as col_0_0_ from user user0_ where user0_.user_id=?
Hibernate: select character1_.character_id as characte1_6_, character1_.character_character_name as characte2_6_ from user user0_ inner join characters character1_ on user0_.character_id=character1_.character_id where user0_.user_id=?
Hibernate: select permission0_.character_id as characte6_11_0_, permission0_.permission_id as permissi1_11_0_, permission0_.permission_id as permissi1_11_1_, permission0_.character_id as characte6_11_1_, permission0_.permission_name as permissi2_11_1_, permission0_.permission_permission_unit_id as permissi3_11_1_, permission0_.permission_service as permissi4_11_1_, permission0_.permission_status as permissi5_11_1_ from permission permission0_ where permission0_.character_id=?
Hibernate: select rewardtag0_.reward_tag_reward_tag_id as reward_t1_14_, rewardtag0_.reward_tag_reward_point as reward_t2_14_, rewardtag0_.reward_tag_reward_tag_title as reward_t3_14_ from reward_tag rewardtag0_
Hibernate: select user0_.user_id as col_0_0_ from user user0_ where user0_.user_user_id=? limit ?
Hibernate: select user0_.user_id as col_0_0_ from user user0_ where user0_.user_user_id=? limit ?
Hibernate: select U.* from USER U where U.USER_USER_ID =?
Hibernate: select character0_.character_id as characte1_6_0_, character0_.character_character_name as characte2_6_0_ from characters character0_ where character0_.character_id=?
Hibernate: select user0_.user_id as col_0_0_ from user user0_ where user0_.user_user_id=? limit ?
Hibernate: select user0_.user_id as col_0_0_ from user user0_ where user0_.user_user_id=? limit ?
Hibernate: select U.* from USER U where U.USER_USER_ID =?
Hibernate: select character0_.character_id as characte1_6_0_, character0_.character_character_name as characte2_6_0_ from characters character0_ where character0_.character_id=?
Hibernate: select user0_.user_id as user_id1_20_0_, user0_.character_id as characte7_20_0_, user0_.user_created_at as user_cre2_20_0_, user0_.user_name as user_nam3_20_0_, user0_.user_phone_number as user_pho4_20_0_, user0_.user_user_id as user_use5_20_0_, user0_.user_user_password as user_use6_20_0_ from user user0_ where user0_.user_id=?
Hibernate: select character0_.character_id as characte1_6_0_, character0_.character_character_name as characte2_6_0_ from characters character0_ where character0_.character_id=?
Hibernate: select count(*) as col_0_0_ from user user0_ where user0_.user_id=?
Hibernate: select character1_.character_id as characte1_6_, character1_.character_character_name as characte2_6_ from user user0_ inner join characters character1_ on user0_.character_id=character1_.character_id where user0_.user_id=?
Hibernate: select permission0_.character_id as characte6_11_0_, permission0_.permission_id as permissi1_11_0_, permission0_.permission_id as permissi1_11_1_, permission0_.character_id as characte6_11_1_, permission0_.permission_name as permissi2_11_1_, permission0_.permission_permission_unit_id as permissi3_11_1_, permission0_.permission_service as permissi4_11_1_, permission0_.permission_status as permissi5_11_1_ from permission permission0_ where permission0_.character_id=?
Hibernate: select rewardtag0_.reward_tag_reward_tag_id as reward_t1_14_, rewardtag0_.reward_tag_reward_point as reward_t2_14_, rewardtag0_.reward_tag_reward_tag_title as reward_t3_14_ from reward_tag rewardtag0_
Hibernate: select user0_.user_id as col_0_0_ from user user0_ where user0_.user_user_id=? limit ?
Hibernate: select user0_.user_id as col_0_0_ from user user0_ where user0_.user_user_id=? limit ?
Hibernate: select U.* from USER U where U.USER_USER_ID =?
Hibernate: select character0_.character_id as characte1_6_0_, character0_.character_character_name as characte2_6_0_ from characters character0_ where character0_.character_id=?
Hibernate: select user0_.user_id as col_0_0_ from user user0_ where user0_.user_user_id=? limit ?
Hibernate: select user0_.user_id as col_0_0_ from user user0_ where user0_.user_user_id=? limit ?
Hibernate: select U.* from USER U where U.USER_USER_ID =?
Hibernate: select character0_.character_id as characte1_6_0_, character0_.character_character_name as characte2_6_0_ from characters character0_ where character0_.character_id=?
Hibernate: select user0_.user_id as user_id1_20_0_, user0_.character_id as characte7_20_0_, user0_.user_created_at as user_cre2_20_0_, user0_.user_name as user_nam3_20_0_, user0_.user_phone_number as user_pho4_20_0_, user0_.user_user_id as user_use5_20_0_, user0_.user_user_password as user_use6_20_0_ from user user0_ where user0_.user_id=?
Hibernate: select character0_.character_id as characte1_6_0_, character0_.character_character_name as characte2_6_0_ from characters character0_ where character0_.character_id=?
Hibernate: select count(*) as col_0_0_ from user user0_ where user0_.user_id=?
Hibernate: select character1_.character_id as characte1_6_, character1_.character_character_name as characte2_6_ from user user0_ inner join characters character1_ on user0_.character_id=character1_.character_id where user0_.user_id=?
Hibernate: select permission0_.character_id as characte6_11_0_, permission0_.permission_id as permissi1_11_0_, permission0_.permission_id as permissi1_11_1_, permission0_.character_id as characte6_11_1_, permission0_.permission_name as permissi2_11_1_, permission0_.permission_permission_unit_id as permissi3_11_1_, permission0_.permission_service as permissi4_11_1_, permission0_.permission_status as permissi5_11_1_ from permission permission0_ where permission0_.character_id=?
Hibernate: select rewardtag0_.reward_tag_reward_tag_id as reward_t1_14_, rewardtag0_.reward_tag_reward_point as reward_t2_14_, rewardtag0_.reward_tag_reward_tag_title as reward_t3_14_ from reward_tag rewardtag0_
Hibernate: select user0_.user_id as col_0_0_ from user user0_ where user0_.user_user_id=? limit ?
Hibernate: select user0_.user_id as col_0_0_ from user user0_ where user0_.user_user_id=? limit ?
Hibernate: select U.* from USER U where U.USER_USER_ID =?
Hibernate: select character0_.character_id as characte1_6_0_, character0_.character_character_name as characte2_6_0_ from characters character0_ where character0_.character_id=?
Hibernate: select user0_.user_id as col_0_0_ from user user0_ where user0_.user_user_id=? limit ?
Hibernate: select user0_.user_id as col_0_0_ from user user0_ where user0_.user_user_id=? limit ?
Hibernate: select U.* from USER U where U.USER_USER_ID =?
Hibernate: select character0_.character_id as characte1_6_0_, character0_.character_character_name as characte2_6_0_ from characters character0_ where character0_.character_id=?
Hibernate: select user0_.user_id as col_0_0_ from user user0_ where user0_.user_user_id=? limit ?
Hibernate: select userjoinin0_.user_joining_pool_id as col_0_0_ from user_joining_pool userjoinin0_ where userjoinin0_.user_user_id=? limit ?
Hibernate: select character0_.character_id as col_0_0_ from characters character0_ where character0_.character_character_name=? limit ?
Hibernate: insert into user_joining_pool (user_joining_pool_id, user_created_at, user_name, user_phone_number, user_user_id, user_user_password) values (default, ?, ?, ?, ?, ?)

MockHttpServletRequest:
      HTTP Method = POST
      Request URI = /user
       Parameters = {}
          Headers = [Content-Type:"application/json;charset=UTF-8", Accept:"application/json", api-version:"1.0", Content-Length:"102"]
             Body = {"name":"some-one-else","user_id":"abc123","user_password":"aadsfc123!!","phone_number":"01012341234"}
    Session Attrs = {}

Handler:
             Type = org.waldreg.controller.joiningpool.JoiningPoolController
           Method = org.waldreg.controller.joiningpool.JoiningPoolController#createUser(UserRequest)

Async:
    Async started = false
     Async result = null

Resolved Exception:
             Type = null

ModelAndView:
        View name = null
             View = null
            Model = null

FlashMap:
       Attributes = null

MockHttpServletResponse:
           Status = 200
    Error message = null
          Headers = [Vary:"Origin", "Access-Control-Request-Method", "Access-Control-Request-Headers", Api-version:"1.0"]
     Content type = null
             Body = 
    Forwarded URL = null
   Redirected URL = null
          Cookies = []
Hibernate: select user0_.user_id as user_id1_20_0_, user0_.character_id as characte7_20_0_, user0_.user_created_at as user_cre2_20_0_, user0_.user_name as user_nam3_20_0_, user0_.user_phone_number as user_pho4_20_0_, user0_.user_user_id as user_use5_20_0_, user0_.user_user_password as user_use6_20_0_ from user user0_ where user0_.user_id=?
Hibernate: select character0_.character_id as characte1_6_0_, character0_.character_character_name as characte2_6_0_ from characters character0_ where character0_.character_id=?
Hibernate: select count(*) as col_0_0_ from user user0_ where user0_.user_id=?
Hibernate: select character1_.character_id as characte1_6_, character1_.character_character_name as characte2_6_ from user user0_ inner join characters character1_ on user0_.character_id=character1_.character_id where user0_.user_id=?
Hibernate: select permission0_.character_id as characte6_11_0_, permission0_.permission_id as permissi1_11_0_, permission0_.permission_id as permissi1_11_1_, permission0_.character_id as characte6_11_1_, permission0_.permission_name as permissi2_11_1_, permission0_.permission_permission_unit_id as permissi3_11_1_, permission0_.permission_service as permissi4_11_1_, permission0_.permission_status as permissi5_11_1_ from permission permission0_ where permission0_.character_id=?
Hibernate: select userjoinin0_.user_joining_pool_id as col_0_0_ from user_joining_pool userjoinin0_ where userjoinin0_.user_user_id=? limit ?
Hibernate: select userjoinin0_.user_joining_pool_id as user_joi1_21_, userjoinin0_.user_created_at as user_cre2_21_, userjoinin0_.user_name as user_nam3_21_, userjoinin0_.user_phone_number as user_pho4_21_, userjoinin0_.user_user_id as user_use5_21_, userjoinin0_.user_user_password as user_use6_21_ from user_joining_pool userjoinin0_ where userjoinin0_.user_user_id=?
Hibernate: select character0_.character_id as characte1_6_, character0_.character_character_name as characte2_6_ from characters character0_ where character0_.character_character_name=?
Hibernate: insert into user (user_id, character_id, user_created_at, user_name, user_phone_number, user_user_id, user_user_password) values (default, ?, ?, ?, ?, ?, ?)
Hibernate: DELETE FROM USER_JOINING_POOL as JU where JU.USER_USER_ID =?
Hibernate: select user0_.user_id as col_0_0_ from user user0_ where user0_.user_user_id=? limit ?
Hibernate: select user0_.user_id as col_0_0_ from user user0_ where user0_.user_user_id=? limit ?
Hibernate: select U.* from USER U where U.USER_USER_ID =?
Hibernate: select character0_.character_id as characte1_6_0_, character0_.character_character_name as characte2_6_0_ from characters character0_ where character0_.character_id=?
Hibernate: select user0_.user_id as user_id1_20_0_, user0_.character_id as characte7_20_0_, user0_.user_created_at as user_cre2_20_0_, user0_.user_name as user_nam3_20_0_, user0_.user_phone_number as user_pho4_20_0_, user0_.user_user_id as user_use5_20_0_, user0_.user_user_password as user_use6_20_0_ from user user0_ where user0_.user_id=?
Hibernate: select character0_.character_id as characte1_6_0_, character0_.character_character_name as characte2_6_0_ from characters character0_ where character0_.character_id=?
Hibernate: select count(*) as col_0_0_ from user user0_ where user0_.user_id=?
Hibernate: select character1_.character_id as characte1_6_, character1_.character_character_name as characte2_6_ from user user0_ inner join characters character1_ on user0_.character_id=character1_.character_id where user0_.user_id=?
Hibernate: select permission0_.character_id as characte6_11_0_, permission0_.permission_id as permissi1_11_0_, permission0_.permission_id as permissi1_11_1_, permission0_.character_id as characte6_11_1_, permission0_.permission_name as permissi2_11_1_, permission0_.permission_permission_unit_id as permissi3_11_1_, permission0_.permission_service as permissi4_11_1_, permission0_.permission_status as permissi5_11_1_ from permission permission0_ where permission0_.character_id=?
Hibernate: select user0_.user_id as col_0_0_ from user user0_ where user0_.user_user_id=? limit ?
Hibernate: select user0_.user_id as col_0_0_ from user user0_ where user0_.user_user_id=? limit ?
Hibernate: select U.* from USER U where U.USER_USER_ID =?
Hibernate: select character0_.character_id as characte1_6_0_, character0_.character_character_name as characte2_6_0_ from characters character0_ where character0_.character_id=?
Hibernate: select user0_.user_id as user_id1_20_0_, user0_.character_id as characte7_20_0_, user0_.user_created_at as user_cre2_20_0_, user0_.user_name as user_nam3_20_0_, user0_.user_phone_number as user_pho4_20_0_, user0_.user_user_id as user_use5_20_0_, user0_.user_user_password as user_use6_20_0_ from user user0_ where user0_.user_id=?
Hibernate: select character0_.character_id as characte1_6_0_, character0_.character_character_name as characte2_6_0_ from characters character0_ where character0_.character_id=?
Hibernate: select count(*) as col_0_0_ from user user0_ where user0_.user_id=?
Hibernate: select character1_.character_id as characte1_6_, character1_.character_character_name as characte2_6_ from user user0_ inner join characters character1_ on user0_.character_id=character1_.character_id where user0_.user_id=?
Hibernate: select permission0_.character_id as characte6_11_0_, permission0_.permission_id as permissi1_11_0_, permission0_.permission_id as permissi1_11_1_, permission0_.character_id as characte6_11_1_, permission0_.permission_name as permissi2_11_1_, permission0_.permission_permission_unit_id as permissi3_11_1_, permission0_.permission_service as permissi4_11_1_, permission0_.permission_status as permissi5_11_1_ from permission permission0_ where permission0_.character_id=?
Hibernate: select rewardtag0_.reward_tag_reward_tag_id as reward_t1_14_, rewardtag0_.reward_tag_reward_point as reward_t2_14_, rewardtag0_.reward_tag_reward_tag_title as reward_t3_14_ from reward_tag rewardtag0_
Hibernate: select user0_.user_id as col_0_0_ from user user0_ where user0_.user_user_id=? limit ?
Hibernate: select user0_.user_id as col_0_0_ from user user0_ where user0_.user_user_id=? limit ?
Hibernate: select U.* from USER U where U.USER_USER_ID =?
Hibernate: select character0_.character_id as characte1_6_0_, character0_.character_character_name as characte2_6_0_ from characters character0_ where character0_.character_id=?
Hibernate: select user0_.user_id as col_0_0_ from user user0_ where user0_.user_user_id=? limit ?
Hibernate: select user0_.user_id as user_id1_20_, user0_.character_id as characte7_20_, user0_.user_created_at as user_cre2_20_, user0_.user_name as user_nam3_20_, user0_.user_phone_number as user_pho4_20_, user0_.user_user_id as user_use5_20_, user0_.user_user_password as user_use6_20_ from user user0_ inner join characters character1_ on user0_.character_id=character1_.character_id where user0_.user_user_id=?
Hibernate: select character0_.character_id as characte1_6_0_, character0_.character_character_name as characte2_6_0_ from characters character0_ where character0_.character_id=?
Hibernate: select rewardtagw0_.user_id as user_id4_15_0_, rewardtagw0_.reward_tag_wrapper_reward_id as reward_t1_15_0_, rewardtagw0_.reward_tag_wrapper_reward_id as reward_t1_15_1_, rewardtagw0_.reward_tag_wrapper_reward_presented_at as reward_t2_15_1_, rewardtagw0_.reward_tag_reward_tag_id as reward_t3_15_1_, rewardtagw0_.user_id as user_id4_15_1_ from reward_tag_wrapper rewardtagw0_ where rewardtagw0_.user_id=?
Hibernate: select user0_.user_id as user_id1_20_0_, user0_.character_id as characte7_20_0_, user0_.user_created_at as user_cre2_20_0_, user0_.user_name as user_nam3_20_0_, user0_.user_phone_number as user_pho4_20_0_, user0_.user_user_id as user_use5_20_0_, user0_.user_user_password as user_use6_20_0_ from user user0_ where user0_.user_id=?
Hibernate: select character0_.character_id as characte1_6_0_, character0_.character_character_name as characte2_6_0_ from characters character0_ where character0_.character_id=?
Hibernate: select count(*) as col_0_0_ from user user0_ where user0_.user_id=?
Hibernate: select character1_.character_id as characte1_6_, character1_.character_character_name as characte2_6_ from user user0_ inner join characters character1_ on user0_.character_id=character1_.character_id where user0_.user_id=?
Hibernate: select permission0_.character_id as characte6_11_0_, permission0_.permission_id as permissi1_11_0_, permission0_.permission_id as permissi1_11_1_, permission0_.character_id as characte6_11_1_, permission0_.permission_name as permissi2_11_1_, permission0_.permission_permission_unit_id as permissi3_11_1_, permission0_.permission_service as permissi4_11_1_, permission0_.permission_status as permissi5_11_1_ from permission permission0_ where permission0_.character_id=?
Hibernate: select count(*) as col_0_0_ from user user0_ where user0_.user_id=?
Hibernate: select user0_.user_id as user_id1_20_, user0_.character_id as characte7_20_, user0_.user_created_at as user_cre2_20_, user0_.user_name as user_nam3_20_, user0_.user_phone_number as user_pho4_20_, user0_.user_user_id as user_use5_20_, user0_.user_user_password as user_use6_20_ from user user0_ where user0_.user_id=?
Hibernate: select character0_.character_id as characte1_6_0_, character0_.character_character_name as characte2_6_0_ from characters character0_ where character0_.character_id=?
Hibernate: select rewardtagw0_.user_id as user_id4_15_0_, rewardtagw0_.reward_tag_wrapper_reward_id as reward_t1_15_0_, rewardtagw0_.reward_tag_wrapper_reward_id as reward_t1_15_1_, rewardtagw0_.reward_tag_wrapper_reward_presented_at as reward_t2_15_1_, rewardtagw0_.reward_tag_reward_tag_id as reward_t3_15_1_, rewardtagw0_.user_id as user_id4_15_1_ from reward_tag_wrapper rewardtagw0_ where rewardtagw0_.user_id=?
Hibernate: select attendance0_.attendance_user_attendance_user_id as col_0_0_ from attendance_user attendance0_ where attendance0_.user_id=? limit ?
Hibernate: DELETE FROM USER WHERE USER_ID = ?
Hibernate: select user0_.user_id as col_0_0_ from user user0_ where user0_.user_user_id=? limit ?
Hibernate: select user0_.user_id as col_0_0_ from user user0_ where user0_.user_user_id=? limit ?
Hibernate: select user0_.user_id as col_0_0_ from user user0_ where user0_.user_user_id=? limit ?
Hibernate: select U.* from USER U where U.USER_USER_ID =?
Hibernate: select character0_.character_id as characte1_6_0_, character0_.character_character_name as characte2_6_0_ from characters character0_ where character0_.character_id=?
Hibernate: select user0_.user_id as user_id1_20_0_, user0_.character_id as characte7_20_0_, user0_.user_created_at as user_cre2_20_0_, user0_.user_name as user_nam3_20_0_, user0_.user_phone_number as user_pho4_20_0_, user0_.user_user_id as user_use5_20_0_, user0_.user_user_password as user_use6_20_0_ from user user0_ where user0_.user_id=?
Hibernate: select character0_.character_id as characte1_6_0_, character0_.character_character_name as characte2_6_0_ from characters character0_ where character0_.character_id=?
Hibernate: select count(*) as col_0_0_ from user user0_ where user0_.user_id=?
Hibernate: select character1_.character_id as characte1_6_, character1_.character_character_name as characte2_6_ from user user0_ inner join characters character1_ on user0_.character_id=character1_.character_id where user0_.user_id=?
Hibernate: select permission0_.character_id as characte6_11_0_, permission0_.permission_id as permissi1_11_0_, permission0_.permission_id as permissi1_11_1_, permission0_.character_id as characte6_11_1_, permission0_.permission_name as permissi2_11_1_, permission0_.permission_permission_unit_id as permissi3_11_1_, permission0_.permission_service as permissi4_11_1_, permission0_.permission_status as permissi5_11_1_ from permission permission0_ where permission0_.character_id=?
Hibernate: select rewardtag0_.reward_tag_reward_tag_id as reward_t1_14_, rewardtag0_.reward_tag_reward_point as reward_t2_14_, rewardtag0_.reward_tag_reward_tag_title as reward_t3_14_ from reward_tag rewardtag0_
Hibernate: select user0_.user_id as col_0_0_ from user user0_ where user0_.user_user_id=? limit ?
Hibernate: select user0_.user_id as col_0_0_ from user user0_ where user0_.user_user_id=? limit ?
Hibernate: select U.* from USER U where U.USER_USER_ID =?
Hibernate: select character0_.character_id as characte1_6_0_, character0_.character_character_name as characte2_6_0_ from characters character0_ where character0_.character_id=?
Hibernate: select user0_.user_id as col_0_0_ from user user0_ where user0_.user_user_id=? limit ?
Hibernate: select user0_.user_id as col_0_0_ from user user0_ where user0_.user_user_id=? limit ?
Hibernate: select U.* from USER U where U.USER_USER_ID =?
Hibernate: select character0_.character_id as characte1_6_0_, character0_.character_character_name as characte2_6_0_ from characters character0_ where character0_.character_id=?
Hibernate: select user0_.user_id as user_id1_20_0_, user0_.character_id as characte7_20_0_, user0_.user_created_at as user_cre2_20_0_, user0_.user_name as user_nam3_20_0_, user0_.user_phone_number as user_pho4_20_0_, user0_.user_user_id as user_use5_20_0_, user0_.user_user_password as user_use6_20_0_ from user user0_ where user0_.user_id=?
Hibernate: select character0_.character_id as characte1_6_0_, character0_.character_character_name as characte2_6_0_ from characters character0_ where character0_.character_id=?
Hibernate: select count(*) as col_0_0_ from user user0_ where user0_.user_id=?
Hibernate: select character1_.character_id as characte1_6_, character1_.character_character_name as characte2_6_ from user user0_ inner join characters character1_ on user0_.character_id=character1_.character_id where user0_.user_id=?
Hibernate: select permission0_.character_id as characte6_11_0_, permission0_.permission_id as permissi1_11_0_, permission0_.permission_id as permissi1_11_1_, permission0_.character_id as characte6_11_1_, permission0_.permission_name as permissi2_11_1_, permission0_.permission_permission_unit_id as permissi3_11_1_, permission0_.permission_service as permissi4_11_1_, permission0_.permission_status as permissi5_11_1_ from permission permission0_ where permission0_.character_id=?
Hibernate: insert into reward_tag (reward_tag_reward_tag_id, reward_tag_reward_point, reward_tag_reward_tag_title) values (default, ?, ?)
Hibernate: select user0_.user_id as user_id1_20_0_, user0_.character_id as characte7_20_0_, user0_.user_created_at as user_cre2_20_0_, user0_.user_name as user_nam3_20_0_, user0_.user_phone_number as user_pho4_20_0_, user0_.user_user_id as user_use5_20_0_, user0_.user_user_password as user_use6_20_0_ from user user0_ where user0_.user_id=?
Hibernate: select character0_.character_id as characte1_6_0_, character0_.character_character_name as characte2_6_0_ from characters character0_ where character0_.character_id=?
Hibernate: select count(*) as col_0_0_ from user user0_ where user0_.user_id=?
Hibernate: select character1_.character_id as characte1_6_, character1_.character_character_name as characte2_6_ from user user0_ inner join characters character1_ on user0_.character_id=character1_.character_id where user0_.user_id=?
Hibernate: select permission0_.character_id as characte6_11_0_, permission0_.permission_id as permissi1_11_0_, permission0_.permission_id as permissi1_11_1_, permission0_.character_id as characte6_11_1_, permission0_.permission_name as permissi2_11_1_, permission0_.permission_permission_unit_id as permissi3_11_1_, permission0_.permission_service as permissi4_11_1_, permission0_.permission_status as permissi5_11_1_ from permission permission0_ where permission0_.character_id=?
Hibernate: select rewardtag0_.reward_tag_reward_tag_id as reward_t1_14_, rewardtag0_.reward_tag_reward_point as reward_t2_14_, rewardtag0_.reward_tag_reward_tag_title as reward_t3_14_ from reward_tag rewardtag0_
Hibernate: select user0_.user_id as user_id1_20_0_, user0_.character_id as characte7_20_0_, user0_.user_created_at as user_cre2_20_0_, user0_.user_name as user_nam3_20_0_, user0_.user_phone_number as user_pho4_20_0_, user0_.user_user_id as user_use5_20_0_, user0_.user_user_password as user_use6_20_0_ from user user0_ where user0_.user_id=?
Hibernate: select character0_.character_id as characte1_6_0_, character0_.character_character_name as characte2_6_0_ from characters character0_ where character0_.character_id=?
Hibernate: select count(*) as col_0_0_ from user user0_ where user0_.user_id=?
Hibernate: select character1_.character_id as characte1_6_, character1_.character_character_name as characte2_6_ from user user0_ inner join characters character1_ on user0_.character_id=character1_.character_id where user0_.user_id=?
Hibernate: select permission0_.character_id as characte6_11_0_, permission0_.permission_id as permissi1_11_0_, permission0_.permission_id as permissi1_11_1_, permission0_.character_id as characte6_11_1_, permission0_.permission_name as permissi2_11_1_, permission0_.permission_permission_unit_id as permissi3_11_1_, permission0_.permission_service as permissi4_11_1_, permission0_.permission_status as permissi5_11_1_ from permission permission0_ where permission0_.character_id=?
Hibernate: select count(*) as col_0_0_ from user user0_ where user0_.user_id=?
Hibernate: select user0_.user_id as col_0_0_ from user user0_ where user0_.user_user_id=? limit ?
Hibernate: select user0_.user_id as col_0_0_ from user user0_ where user0_.user_user_id=? limit ?
Hibernate: select U.* from USER U where U.USER_USER_ID =?
Hibernate: select character0_.character_id as characte1_6_0_, character0_.character_character_name as characte2_6_0_ from characters character0_ where character0_.character_id=?
Hibernate: select user0_.user_id as user_id1_20_0_, user0_.character_id as characte7_20_0_, user0_.user_created_at as user_cre2_20_0_, user0_.user_name as user_nam3_20_0_, user0_.user_phone_number as user_pho4_20_0_, user0_.user_user_id as user_use5_20_0_, user0_.user_user_password as user_use6_20_0_ from user user0_ where user0_.user_id=?
Hibernate: select character0_.character_id as characte1_6_0_, character0_.character_character_name as characte2_6_0_ from characters character0_ where character0_.character_id=?
Hibernate: select count(*) as col_0_0_ from user user0_ where user0_.user_id=?
Hibernate: select character1_.character_id as characte1_6_, character1_.character_character_name as characte2_6_ from user user0_ inner join characters character1_ on user0_.character_id=character1_.character_id where user0_.user_id=?
Hibernate: select permission0_.character_id as characte6_11_0_, permission0_.permission_id as permissi1_11_0_, permission0_.permission_id as permissi1_11_1_, permission0_.character_id as characte6_11_1_, permission0_.permission_name as permissi2_11_1_, permission0_.permission_permission_unit_id as permissi3_11_1_, permission0_.permission_service as permissi4_11_1_, permission0_.permission_status as permissi5_11_1_ from permission permission0_ where permission0_.character_id=?
Hibernate: select rewardtag0_.reward_tag_reward_tag_id as reward_t1_14_, rewardtag0_.reward_tag_reward_point as reward_t2_14_, rewardtag0_.reward_tag_reward_tag_title as reward_t3_14_ from reward_tag rewardtag0_
Hibernate: select user0_.user_id as user_id1_20_0_, user0_.character_id as characte7_20_0_, user0_.user_created_at as user_cre2_20_0_, user0_.user_name as user_nam3_20_0_, user0_.user_phone_number as user_pho4_20_0_, user0_.user_user_id as user_use5_20_0_, user0_.user_user_password as user_use6_20_0_ from user user0_ where user0_.user_id=?
Hibernate: select character0_.character_id as characte1_6_0_, character0_.character_character_name as characte2_6_0_ from characters character0_ where character0_.character_id=?
Hibernate: select count(*) as col_0_0_ from user user0_ where user0_.user_id=?
Hibernate: select character1_.character_id as characte1_6_, character1_.character_character_name as characte2_6_ from user user0_ inner join characters character1_ on user0_.character_id=character1_.character_id where user0_.user_id=?
Hibernate: select permission0_.character_id as characte6_11_0_, permission0_.permission_id as permissi1_11_0_, permission0_.permission_id as permissi1_11_1_, permission0_.character_id as characte6_11_1_, permission0_.permission_name as permissi2_11_1_, permission0_.permission_permission_unit_id as permissi3_11_1_, permission0_.permission_service as permissi4_11_1_, permission0_.permission_status as permissi5_11_1_ from permission permission0_ where permission0_.character_id=?
Hibernate: select count(*) as col_0_0_ from reward_tag rewardtag0_ where rewardtag0_.reward_tag_reward_tag_id=?
Hibernate: DELETE FROM REWARD_TAG_WRAPPER AS RTW WHERE RTW.REWARD_TAG_REWARD_TAG_ID = ?
Hibernate: select rewardtag0_.reward_tag_reward_tag_id as reward_t1_14_0_, rewardtag0_.reward_tag_reward_point as reward_t2_14_0_, rewardtag0_.reward_tag_reward_tag_title as reward_t3_14_0_ from reward_tag rewardtag0_ where rewardtag0_.reward_tag_reward_tag_id=?
Hibernate: select attendance0_.attendance_type_reward_id as attendan1_2_, attendance0_.attendance_type_name as attendan2_2_, attendance0_.reward_tag_reward_tag_id as reward_t3_2_ from attendance_type_reward attendance0_ where attendance0_.reward_tag_reward_tag_id=?
Hibernate: delete from reward_tag where reward_tag_reward_tag_id=?
Hibernate: select user0_.user_id as user_id1_20_0_, user0_.character_id as characte7_20_0_, user0_.user_created_at as user_cre2_20_0_, user0_.user_name as user_nam3_20_0_, user0_.user_phone_number as user_pho4_20_0_, user0_.user_user_id as user_use5_20_0_, user0_.user_user_password as user_use6_20_0_ from user user0_ where user0_.user_id=?
Hibernate: select character0_.character_id as characte1_6_0_, character0_.character_character_name as characte2_6_0_ from characters character0_ where character0_.character_id=?
Hibernate: select count(*) as col_0_0_ from user user0_ where user0_.user_id=?
Hibernate: select character1_.character_id as characte1_6_, character1_.character_character_name as characte2_6_ from user user0_ inner join characters character1_ on user0_.character_id=character1_.character_id where user0_.user_id=?
Hibernate: select permission0_.character_id as characte6_11_0_, permission0_.permission_id as permissi1_11_0_, permission0_.permission_id as permissi1_11_1_, permission0_.character_id as characte6_11_1_, permission0_.permission_name as permissi2_11_1_, permission0_.permission_permission_unit_id as permissi3_11_1_, permission0_.permission_service as permissi4_11_1_, permission0_.permission_status as permissi5_11_1_ from permission permission0_ where permission0_.character_id=?
Hibernate: select count(*) as col_0_0_ from reward_tag rewardtag0_ where rewardtag0_.reward_tag_reward_tag_id=?
Hibernate: select user0_.user_id as col_0_0_ from user user0_ where user0_.user_user_id=? limit ?
Hibernate: select user0_.user_id as col_0_0_ from user user0_ where user0_.user_user_id=? limit ?
Hibernate: select U.* from USER U where U.USER_USER_ID =?
Hibernate: select character0_.character_id as characte1_6_0_, character0_.character_character_name as characte2_6_0_ from characters character0_ where character0_.character_id=?
Hibernate: select user0_.user_id as col_0_0_ from user user0_ where user0_.user_user_id=? limit ?
Hibernate: select user0_.user_id as col_0_0_ from user user0_ where user0_.user_user_id=? limit ?
Hibernate: select U.* from USER U where U.USER_USER_ID =?
Hibernate: select character0_.character_id as characte1_6_0_, character0_.character_character_name as characte2_6_0_ from characters character0_ where character0_.character_id=?
Hibernate: select user0_.user_id as user_id1_20_0_, user0_.character_id as characte7_20_0_, user0_.user_created_at as user_cre2_20_0_, user0_.user_name as user_nam3_20_0_, user0_.user_phone_number as user_pho4_20_0_, user0_.user_user_id as user_use5_20_0_, user0_.user_user_password as user_use6_20_0_ from user user0_ where user0_.user_id=?
Hibernate: select character0_.character_id as characte1_6_0_, character0_.character_character_name as characte2_6_0_ from characters character0_ where character0_.character_id=?
Hibernate: select count(*) as col_0_0_ from user user0_ where user0_.user_id=?
Hibernate: select character1_.character_id as characte1_6_, character1_.character_character_name as characte2_6_ from user user0_ inner join characters character1_ on user0_.character_id=character1_.character_id where user0_.user_id=?
Hibernate: select permission0_.character_id as characte6_11_0_, permission0_.permission_id as permissi1_11_0_, permission0_.permission_id as permissi1_11_1_, permission0_.character_id as characte6_11_1_, permission0_.permission_name as permissi2_11_1_, permission0_.permission_permission_unit_id as permissi3_11_1_, permission0_.permission_service as permissi4_11_1_, permission0_.permission_status as permissi5_11_1_ from permission permission0_ where permission0_.character_id=?
Hibernate: select rewardtag0_.reward_tag_reward_tag_id as reward_t1_14_, rewardtag0_.reward_tag_reward_point as reward_t2_14_, rewardtag0_.reward_tag_reward_tag_title as reward_t3_14_ from reward_tag rewardtag0_
Hibernate: select user0_.user_id as col_0_0_ from user user0_ where user0_.user_user_id=? limit ?
Hibernate: select user0_.user_id as col_0_0_ from user user0_ where user0_.user_user_id=? limit ?
Hibernate: select U.* from USER U where U.USER_USER_ID =?
Hibernate: select character0_.character_id as characte1_6_0_, character0_.character_character_name as characte2_6_0_ from characters character0_ where character0_.character_id=?
Hibernate: select user0_.user_id as col_0_0_ from user user0_ where user0_.user_user_id=? limit ?
Hibernate: select user0_.user_id as col_0_0_ from user user0_ where user0_.user_user_id=? limit ?
Hibernate: select U.* from USER U where U.USER_USER_ID =?
Hibernate: select character0_.character_id as characte1_6_0_, character0_.character_character_name as characte2_6_0_ from characters character0_ where character0_.character_id=?
Hibernate: select user0_.user_id as col_0_0_ from user user0_ where user0_.user_user_id=? limit ?
Hibernate: select userjoinin0_.user_joining_pool_id as col_0_0_ from user_joining_pool userjoinin0_ where userjoinin0_.user_user_id=? limit ?
Hibernate: select character0_.character_id as col_0_0_ from characters character0_ where character0_.character_character_name=? limit ?
Hibernate: insert into user_joining_pool (user_joining_pool_id, user_created_at, user_name, user_phone_number, user_user_id, user_user_password) values (default, ?, ?, ?, ?, ?)

MockHttpServletRequest:
      HTTP Method = POST
      Request URI = /user
       Parameters = {}
          Headers = [Content-Type:"application/json;charset=UTF-8", Accept:"application/json", api-version:"1.0", Content-Length:"97"]
             Body = {"name":"heeeeee","user_id":"hee123","user_password":"heee7788!!@@","phone_number":"01012341234"}
    Session Attrs = {}

Handler:
             Type = org.waldreg.controller.joiningpool.JoiningPoolController
           Method = org.waldreg.controller.joiningpool.JoiningPoolController#createUser(UserRequest)

Async:
    Async started = false
     Async result = null

Resolved Exception:
             Type = null

ModelAndView:
        View name = null
             View = null
            Model = null

FlashMap:
       Attributes = null

MockHttpServletResponse:
           Status = 200
    Error message = null
          Headers = [Vary:"Origin", "Access-Control-Request-Method", "Access-Control-Request-Headers", Api-version:"1.0"]
     Content type = null
             Body = 
    Forwarded URL = null
   Redirected URL = null
          Cookies = []
Hibernate: select user0_.user_id as user_id1_20_0_, user0_.character_id as characte7_20_0_, user0_.user_created_at as user_cre2_20_0_, user0_.user_name as user_nam3_20_0_, user0_.user_phone_number as user_pho4_20_0_, user0_.user_user_id as user_use5_20_0_, user0_.user_user_password as user_use6_20_0_ from user user0_ where user0_.user_id=?
Hibernate: select character0_.character_id as characte1_6_0_, character0_.character_character_name as characte2_6_0_ from characters character0_ where character0_.character_id=?
Hibernate: select count(*) as col_0_0_ from user user0_ where user0_.user_id=?
Hibernate: select character1_.character_id as characte1_6_, character1_.character_character_name as characte2_6_ from user user0_ inner join characters character1_ on user0_.character_id=character1_.character_id where user0_.user_id=?
Hibernate: select permission0_.character_id as characte6_11_0_, permission0_.permission_id as permissi1_11_0_, permission0_.permission_id as permissi1_11_1_, permission0_.character_id as characte6_11_1_, permission0_.permission_name as permissi2_11_1_, permission0_.permission_permission_unit_id as permissi3_11_1_, permission0_.permission_service as permissi4_11_1_, permission0_.permission_status as permissi5_11_1_ from permission permission0_ where permission0_.character_id=?
Hibernate: select userjoinin0_.user_joining_pool_id as col_0_0_ from user_joining_pool userjoinin0_ where userjoinin0_.user_user_id=? limit ?
Hibernate: select userjoinin0_.user_joining_pool_id as user_joi1_21_, userjoinin0_.user_created_at as user_cre2_21_, userjoinin0_.user_name as user_nam3_21_, userjoinin0_.user_phone_number as user_pho4_21_, userjoinin0_.user_user_id as user_use5_21_, userjoinin0_.user_user_password as user_use6_21_ from user_joining_pool userjoinin0_ where userjoinin0_.user_user_id=?
Hibernate: select character0_.character_id as characte1_6_, character0_.character_character_name as characte2_6_ from characters character0_ where character0_.character_character_name=?
Hibernate: insert into user (user_id, character_id, user_created_at, user_name, user_phone_number, user_user_id, user_user_password) values (default, ?, ?, ?, ?, ?, ?)
Hibernate: DELETE FROM USER_JOINING_POOL as JU where JU.USER_USER_ID =?
Hibernate: select user0_.user_id as col_0_0_ from user user0_ where user0_.user_user_id=? limit ?
Hibernate: select user0_.user_id as col_0_0_ from user user0_ where user0_.user_user_id=? limit ?
Hibernate: select U.* from USER U where U.USER_USER_ID =?
Hibernate: select character0_.character_id as characte1_6_0_, character0_.character_character_name as characte2_6_0_ from characters character0_ where character0_.character_id=?
Hibernate: select user0_.user_id as user_id1_20_0_, user0_.character_id as characte7_20_0_, user0_.user_created_at as user_cre2_20_0_, user0_.user_name as user_nam3_20_0_, user0_.user_phone_number as user_pho4_20_0_, user0_.user_user_id as user_use5_20_0_, user0_.user_user_password as user_use6_20_0_ from user user0_ where user0_.user_id=?
Hibernate: select character0_.character_id as characte1_6_0_, character0_.character_character_name as characte2_6_0_ from characters character0_ where character0_.character_id=?
Hibernate: select count(*) as col_0_0_ from user user0_ where user0_.user_id=?
Hibernate: select character1_.character_id as characte1_6_, character1_.character_character_name as characte2_6_ from user user0_ inner join characters character1_ on user0_.character_id=character1_.character_id where user0_.user_id=?
Hibernate: select permission0_.character_id as characte6_11_0_, permission0_.permission_id as permissi1_11_0_, permission0_.permission_id as permissi1_11_1_, permission0_.character_id as characte6_11_1_, permission0_.permission_name as permissi2_11_1_, permission0_.permission_permission_unit_id as permissi3_11_1_, permission0_.permission_service as permissi4_11_1_, permission0_.permission_status as permissi5_11_1_ from permission permission0_ where permission0_.character_id=?
Hibernate: select user0_.user_id as col_0_0_ from user user0_ where user0_.user_user_id=? limit ?
Hibernate: select user0_.user_id as col_0_0_ from user user0_ where user0_.user_user_id=? limit ?
Hibernate: select U.* from USER U where U.USER_USER_ID =?
Hibernate: select character0_.character_id as characte1_6_0_, character0_.character_character_name as characte2_6_0_ from characters character0_ where character0_.character_id=?
Hibernate: select user0_.user_id as user_id1_20_0_, user0_.character_id as characte7_20_0_, user0_.user_created_at as user_cre2_20_0_, user0_.user_name as user_nam3_20_0_, user0_.user_phone_number as user_pho4_20_0_, user0_.user_user_id as user_use5_20_0_, user0_.user_user_password as user_use6_20_0_ from user user0_ where user0_.user_id=?
Hibernate: select character0_.character_id as characte1_6_0_, character0_.character_character_name as characte2_6_0_ from characters character0_ where character0_.character_id=?
Hibernate: select count(*) as col_0_0_ from user user0_ where user0_.user_id=?
Hibernate: select character1_.character_id as characte1_6_, character1_.character_character_name as characte2_6_ from user user0_ inner join characters character1_ on user0_.character_id=character1_.character_id where user0_.user_id=?
Hibernate: select permission0_.character_id as characte6_11_0_, permission0_.permission_id as permissi1_11_0_, permission0_.permission_id as permissi1_11_1_, permission0_.character_id as characte6_11_1_, permission0_.permission_name as permissi2_11_1_, permission0_.permission_permission_unit_id as permissi3_11_1_, permission0_.permission_service as permissi4_11_1_, permission0_.permission_status as permissi5_11_1_ from permission permission0_ where permission0_.character_id=?
Hibernate: select rewardtag0_.reward_tag_reward_tag_id as reward_t1_14_, rewardtag0_.reward_tag_reward_point as reward_t2_14_, rewardtag0_.reward_tag_reward_tag_title as reward_t3_14_ from reward_tag rewardtag0_
Hibernate: select user0_.user_id as col_0_0_ from user user0_ where user0_.user_user_id=? limit ?
Hibernate: select user0_.user_id as col_0_0_ from user user0_ where user0_.user_user_id=? limit ?
Hibernate: select U.* from USER U where U.USER_USER_ID =?
Hibernate: select character0_.character_id as characte1_6_0_, character0_.character_character_name as characte2_6_0_ from characters character0_ where character0_.character_id=?
Hibernate: select user0_.user_id as col_0_0_ from user user0_ where user0_.user_user_id=? limit ?
Hibernate: select user0_.user_id as user_id1_20_, user0_.character_id as characte7_20_, user0_.user_created_at as user_cre2_20_, user0_.user_name as user_nam3_20_, user0_.user_phone_number as user_pho4_20_, user0_.user_user_id as user_use5_20_, user0_.user_user_password as user_use6_20_ from user user0_ inner join characters character1_ on user0_.character_id=character1_.character_id where user0_.user_user_id=?
Hibernate: select character0_.character_id as characte1_6_0_, character0_.character_character_name as characte2_6_0_ from characters character0_ where character0_.character_id=?
Hibernate: select rewardtagw0_.user_id as user_id4_15_0_, rewardtagw0_.reward_tag_wrapper_reward_id as reward_t1_15_0_, rewardtagw0_.reward_tag_wrapper_reward_id as reward_t1_15_1_, rewardtagw0_.reward_tag_wrapper_reward_presented_at as reward_t2_15_1_, rewardtagw0_.reward_tag_reward_tag_id as reward_t3_15_1_, rewardtagw0_.user_id as user_id4_15_1_ from reward_tag_wrapper rewardtagw0_ where rewardtagw0_.user_id=?
Hibernate: select user0_.user_id as user_id1_20_0_, user0_.character_id as characte7_20_0_, user0_.user_created_at as user_cre2_20_0_, user0_.user_name as user_nam3_20_0_, user0_.user_phone_number as user_pho4_20_0_, user0_.user_user_id as user_use5_20_0_, user0_.user_user_password as user_use6_20_0_ from user user0_ where user0_.user_id=?
Hibernate: select character0_.character_id as characte1_6_0_, character0_.character_character_name as characte2_6_0_ from characters character0_ where character0_.character_id=?
Hibernate: select count(*) as col_0_0_ from user user0_ where user0_.user_id=?
Hibernate: select character1_.character_id as characte1_6_, character1_.character_character_name as characte2_6_ from user user0_ inner join characters character1_ on user0_.character_id=character1_.character_id where user0_.user_id=?
Hibernate: select permission0_.character_id as characte6_11_0_, permission0_.permission_id as permissi1_11_0_, permission0_.permission_id as permissi1_11_1_, permission0_.character_id as characte6_11_1_, permission0_.permission_name as permissi2_11_1_, permission0_.permission_permission_unit_id as permissi3_11_1_, permission0_.permission_service as permissi4_11_1_, permission0_.permission_status as permissi5_11_1_ from permission permission0_ where permission0_.character_id=?
Hibernate: select count(*) as col_0_0_ from user user0_ where user0_.user_id=?
Hibernate: select user0_.user_id as user_id1_20_, user0_.character_id as characte7_20_, user0_.user_created_at as user_cre2_20_, user0_.user_name as user_nam3_20_, user0_.user_phone_number as user_pho4_20_, user0_.user_user_id as user_use5_20_, user0_.user_user_password as user_use6_20_ from user user0_ where user0_.user_id=?
Hibernate: select character0_.character_id as characte1_6_0_, character0_.character_character_name as characte2_6_0_ from characters character0_ where character0_.character_id=?
Hibernate: select rewardtagw0_.user_id as user_id4_15_0_, rewardtagw0_.reward_tag_wrapper_reward_id as reward_t1_15_0_, rewardtagw0_.reward_tag_wrapper_reward_id as reward_t1_15_1_, rewardtagw0_.reward_tag_wrapper_reward_presented_at as reward_t2_15_1_, rewardtagw0_.reward_tag_reward_tag_id as reward_t3_15_1_, rewardtagw0_.user_id as user_id4_15_1_ from reward_tag_wrapper rewardtagw0_ where rewardtagw0_.user_id=?
Hibernate: select attendance0_.attendance_user_attendance_user_id as col_0_0_ from attendance_user attendance0_ where attendance0_.user_id=? limit ?
Hibernate: DELETE FROM USER WHERE USER_ID = ?
Hibernate: select user0_.user_id as col_0_0_ from user user0_ where user0_.user_user_id=? limit ?
Hibernate: select user0_.user_id as col_0_0_ from user user0_ where user0_.user_user_id=? limit ?
Hibernate: select user0_.user_id as col_0_0_ from user user0_ where user0_.user_user_id=? limit ?
Hibernate: select U.* from USER U where U.USER_USER_ID =?
Hibernate: select character0_.character_id as characte1_6_0_, character0_.character_character_name as characte2_6_0_ from characters character0_ where character0_.character_id=?
Hibernate: select user0_.user_id as user_id1_20_0_, user0_.character_id as characte7_20_0_, user0_.user_created_at as user_cre2_20_0_, user0_.user_name as user_nam3_20_0_, user0_.user_phone_number as user_pho4_20_0_, user0_.user_user_id as user_use5_20_0_, user0_.user_user_password as user_use6_20_0_ from user user0_ where user0_.user_id=?
Hibernate: select character0_.character_id as characte1_6_0_, character0_.character_character_name as characte2_6_0_ from characters character0_ where character0_.character_id=?
Hibernate: select count(*) as col_0_0_ from user user0_ where user0_.user_id=?
Hibernate: select character1_.character_id as characte1_6_, character1_.character_character_name as characte2_6_ from user user0_ inner join characters character1_ on user0_.character_id=character1_.character_id where user0_.user_id=?
Hibernate: select permission0_.character_id as characte6_11_0_, permission0_.permission_id as permissi1_11_0_, permission0_.permission_id as permissi1_11_1_, permission0_.character_id as characte6_11_1_, permission0_.permission_name as permissi2_11_1_, permission0_.permission_permission_unit_id as permissi3_11_1_, permission0_.permission_service as permissi4_11_1_, permission0_.permission_status as permissi5_11_1_ from permission permission0_ where permission0_.character_id=?
Hibernate: select rewardtag0_.reward_tag_reward_tag_id as reward_t1_14_, rewardtag0_.reward_tag_reward_point as reward_t2_14_, rewardtag0_.reward_tag_reward_tag_title as reward_t3_14_ from reward_tag rewardtag0_
Hibernate: select user0_.user_id as col_0_0_ from user user0_ where user0_.user_user_id=? limit ?
Hibernate: select user0_.user_id as col_0_0_ from user user0_ where user0_.user_user_id=? limit ?
Hibernate: select U.* from USER U where U.USER_USER_ID =?
Hibernate: select character0_.character_id as characte1_6_0_, character0_.character_character_name as characte2_6_0_ from characters character0_ where character0_.character_id=?
Hibernate: select user0_.user_id as col_0_0_ from user user0_ where user0_.user_user_id=? limit ?
Hibernate: select user0_.user_id as col_0_0_ from user user0_ where user0_.user_user_id=? limit ?
Hibernate: select U.* from USER U where U.USER_USER_ID =?
Hibernate: select character0_.character_id as characte1_6_0_, character0_.character_character_name as characte2_6_0_ from characters character0_ where character0_.character_id=?
Hibernate: select user0_.user_id as user_id1_20_0_, user0_.character_id as characte7_20_0_, user0_.user_created_at as user_cre2_20_0_, user0_.user_name as user_nam3_20_0_, user0_.user_phone_number as user_pho4_20_0_, user0_.user_user_id as user_use5_20_0_, user0_.user_user_password as user_use6_20_0_ from user user0_ where user0_.user_id=?
Hibernate: select character0_.character_id as characte1_6_0_, character0_.character_character_name as characte2_6_0_ from characters character0_ where character0_.character_id=?
Hibernate: select count(*) as col_0_0_ from user user0_ where user0_.user_id=?
Hibernate: select character1_.character_id as characte1_6_, character1_.character_character_name as characte2_6_ from user user0_ inner join characters character1_ on user0_.character_id=character1_.character_id where user0_.user_id=?
Hibernate: select permission0_.character_id as characte6_11_0_, permission0_.permission_id as permissi1_11_0_, permission0_.permission_id as permissi1_11_1_, permission0_.character_id as characte6_11_1_, permission0_.permission_name as permissi2_11_1_, permission0_.permission_permission_unit_id as permissi3_11_1_, permission0_.permission_service as permissi4_11_1_, permission0_.permission_status as permissi5_11_1_ from permission permission0_ where permission0_.character_id=?
Hibernate: select rewardtag0_.reward_tag_reward_tag_id as reward_t1_14_, rewardtag0_.reward_tag_reward_point as reward_t2_14_, rewardtag0_.reward_tag_reward_tag_title as reward_t3_14_ from reward_tag rewardtag0_
Hibernate: select user0_.user_id as col_0_0_ from user user0_ where user0_.user_user_id=? limit ?
Hibernate: select user0_.user_id as col_0_0_ from user user0_ where user0_.user_user_id=? limit ?
Hibernate: select U.* from USER U where U.USER_USER_ID =?
Hibernate: select character0_.character_id as characte1_6_0_, character0_.character_character_name as characte2_6_0_ from characters character0_ where character0_.character_id=?
Hibernate: select user0_.user_id as col_0_0_ from user user0_ where user0_.user_user_id=? limit ?
Hibernate: select user0_.user_id as col_0_0_ from user user0_ where user0_.user_user_id=? limit ?
Hibernate: select U.* from USER U where U.USER_USER_ID =?
Hibernate: select character0_.character_id as characte1_6_0_, character0_.character_character_name as characte2_6_0_ from characters character0_ where character0_.character_id=?
Hibernate: select user0_.user_id as user_id1_20_0_, user0_.character_id as characte7_20_0_, user0_.user_created_at as user_cre2_20_0_, user0_.user_name as user_nam3_20_0_, user0_.user_phone_number as user_pho4_20_0_, user0_.user_user_id as user_use5_20_0_, user0_.user_user_password as user_use6_20_0_ from user user0_ where user0_.user_id=?
Hibernate: select character0_.character_id as characte1_6_0_, character0_.character_character_name as characte2_6_0_ from characters character0_ where character0_.character_id=?
Hibernate: select count(*) as col_0_0_ from user user0_ where user0_.user_id=?
Hibernate: select character1_.character_id as characte1_6_, character1_.character_character_name as characte2_6_ from user user0_ inner join characters character1_ on user0_.character_id=character1_.character_id where user0_.user_id=?
Hibernate: select permission0_.character_id as characte6_11_0_, permission0_.permission_id as permissi1_11_0_, permission0_.permission_id as permissi1_11_1_, permission0_.character_id as characte6_11_1_, permission0_.permission_name as permissi2_11_1_, permission0_.permission_permission_unit_id as permissi3_11_1_, permission0_.permission_service as permissi4_11_1_, permission0_.permission_status as permissi5_11_1_ from permission permission0_ where permission0_.character_id=?
Hibernate: select rewardtag0_.reward_tag_reward_tag_id as reward_t1_14_, rewardtag0_.reward_tag_reward_point as reward_t2_14_, rewardtag0_.reward_tag_reward_tag_title as reward_t3_14_ from reward_tag rewardtag0_
Hibernate: select user0_.user_id as col_0_0_ from user user0_ where user0_.user_user_id=? limit ?
Hibernate: select user0_.user_id as col_0_0_ from user user0_ where user0_.user_user_id=? limit ?
Hibernate: select U.* from USER U where U.USER_USER_ID =?
Hibernate: select character0_.character_id as characte1_6_0_, character0_.character_character_name as characte2_6_0_ from characters character0_ where character0_.character_id=?
Hibernate: select user0_.user_id as col_0_0_ from user user0_ where user0_.user_user_id=? limit ?
Hibernate: select user0_.user_id as col_0_0_ from user user0_ where user0_.user_user_id=? limit ?
Hibernate: select U.* from USER U where U.USER_USER_ID =?
Hibernate: select character0_.character_id as characte1_6_0_, character0_.character_character_name as characte2_6_0_ from characters character0_ where character0_.character_id=?
Hibernate: select user0_.user_id as col_0_0_ from user user0_ where user0_.user_user_id=? limit ?
Hibernate: select userjoinin0_.user_joining_pool_id as col_0_0_ from user_joining_pool userjoinin0_ where userjoinin0_.user_user_id=? limit ?
Hibernate: select character0_.character_id as col_0_0_ from characters character0_ where character0_.character_character_name=? limit ?
Hibernate: insert into user_joining_pool (user_joining_pool_id, user_created_at, user_name, user_phone_number, user_user_id, user_user_password) values (default, ?, ?, ?, ?, ?)

MockHttpServletRequest:
      HTTP Method = POST
      Request URI = /user
       Parameters = {}
          Headers = [Content-Type:"application/json;charset=UTF-8", Accept:"application/json", api-version:"1.0", Content-Length:"96"]
             Body = {"name":"some","user_id":"abc1234","user_password":"aafadsfc123!!","phone_number":"01012341234"}
    Session Attrs = {}

Handler:
             Type = org.waldreg.controller.joiningpool.JoiningPoolController
           Method = org.waldreg.controller.joiningpool.JoiningPoolController#createUser(UserRequest)

Async:
    Async started = false
     Async result = null

Resolved Exception:
             Type = null

ModelAndView:
        View name = null
             View = null
            Model = null

FlashMap:
       Attributes = null

MockHttpServletResponse:
           Status = 200
    Error message = null
          Headers = [Vary:"Origin", "Access-Control-Request-Method", "Access-Control-Request-Headers", Api-version:"1.0"]
     Content type = null
             Body = 
    Forwarded URL = null
   Redirected URL = null
          Cookies = []
Hibernate: select user0_.user_id as user_id1_20_0_, user0_.character_id as characte7_20_0_, user0_.user_created_at as user_cre2_20_0_, user0_.user_name as user_nam3_20_0_, user0_.user_phone_number as user_pho4_20_0_, user0_.user_user_id as user_use5_20_0_, user0_.user_user_password as user_use6_20_0_ from user user0_ where user0_.user_id=?
Hibernate: select character0_.character_id as characte1_6_0_, character0_.character_character_name as characte2_6_0_ from characters character0_ where character0_.character_id=?
Hibernate: select count(*) as col_0_0_ from user user0_ where user0_.user_id=?
Hibernate: select character1_.character_id as characte1_6_, character1_.character_character_name as characte2_6_ from user user0_ inner join characters character1_ on user0_.character_id=character1_.character_id where user0_.user_id=?
Hibernate: select permission0_.character_id as characte6_11_0_, permission0_.permission_id as permissi1_11_0_, permission0_.permission_id as permissi1_11_1_, permission0_.character_id as characte6_11_1_, permission0_.permission_name as permissi2_11_1_, permission0_.permission_permission_unit_id as permissi3_11_1_, permission0_.permission_service as permissi4_11_1_, permission0_.permission_status as permissi5_11_1_ from permission permission0_ where permission0_.character_id=?
Hibernate: select userjoinin0_.user_joining_pool_id as col_0_0_ from user_joining_pool userjoinin0_ where userjoinin0_.user_user_id=? limit ?
Hibernate: select userjoinin0_.user_joining_pool_id as user_joi1_21_, userjoinin0_.user_created_at as user_cre2_21_, userjoinin0_.user_name as user_nam3_21_, userjoinin0_.user_phone_number as user_pho4_21_, userjoinin0_.user_user_id as user_use5_21_, userjoinin0_.user_user_password as user_use6_21_ from user_joining_pool userjoinin0_ where userjoinin0_.user_user_id=?
Hibernate: select character0_.character_id as characte1_6_, character0_.character_character_name as characte2_6_ from characters character0_ where character0_.character_character_name=?
Hibernate: insert into user (user_id, character_id, user_created_at, user_name, user_phone_number, user_user_id, user_user_password) values (default, ?, ?, ?, ?, ?, ?)
Hibernate: DELETE FROM USER_JOINING_POOL as JU where JU.USER_USER_ID =?
Hibernate: select user0_.user_id as col_0_0_ from user user0_ where user0_.user_user_id=? limit ?
Hibernate: select user0_.user_id as col_0_0_ from user user0_ where user0_.user_user_id=? limit ?
Hibernate: select U.* from USER U where U.USER_USER_ID =?
Hibernate: select character0_.character_id as characte1_6_0_, character0_.character_character_name as characte2_6_0_ from characters character0_ where character0_.character_id=?
Hibernate: select user0_.user_id as user_id1_20_0_, user0_.character_id as characte7_20_0_, user0_.user_created_at as user_cre2_20_0_, user0_.user_name as user_nam3_20_0_, user0_.user_phone_number as user_pho4_20_0_, user0_.user_user_id as user_use5_20_0_, user0_.user_user_password as user_use6_20_0_ from user user0_ where user0_.user_id=?
Hibernate: select character0_.character_id as characte1_6_0_, character0_.character_character_name as characte2_6_0_ from characters character0_ where character0_.character_id=?
Hibernate: select count(*) as col_0_0_ from user user0_ where user0_.user_id=?
Hibernate: select character1_.character_id as characte1_6_, character1_.character_character_name as characte2_6_ from user user0_ inner join characters character1_ on user0_.character_id=character1_.character_id where user0_.user_id=?
Hibernate: select permission0_.character_id as characte6_11_0_, permission0_.permission_id as permissi1_11_0_, permission0_.permission_id as permissi1_11_1_, permission0_.character_id as characte6_11_1_, permission0_.permission_name as permissi2_11_1_, permission0_.permission_permission_unit_id as permissi3_11_1_, permission0_.permission_service as permissi4_11_1_, permission0_.permission_status as permissi5_11_1_ from permission permission0_ where permission0_.character_id=?
Hibernate: select user0_.user_id as col_0_0_ from user user0_ where user0_.user_user_id=? limit ?
Hibernate: select user0_.user_id as col_0_0_ from user user0_ where user0_.user_user_id=? limit ?
Hibernate: select U.* from USER U where U.USER_USER_ID =?
Hibernate: select character0_.character_id as characte1_6_0_, character0_.character_character_name as characte2_6_0_ from characters character0_ where character0_.character_id=?
Hibernate: select user0_.user_id as user_id1_20_0_, user0_.character_id as characte7_20_0_, user0_.user_created_at as user_cre2_20_0_, user0_.user_name as user_nam3_20_0_, user0_.user_phone_number as user_pho4_20_0_, user0_.user_user_id as user_use5_20_0_, user0_.user_user_password as user_use6_20_0_ from user user0_ where user0_.user_id=?
Hibernate: select character0_.character_id as characte1_6_0_, character0_.character_character_name as characte2_6_0_ from characters character0_ where character0_.character_id=?
Hibernate: select count(*) as col_0_0_ from user user0_ where user0_.user_id=?
Hibernate: select character1_.character_id as characte1_6_, character1_.character_character_name as characte2_6_ from user user0_ inner join characters character1_ on user0_.character_id=character1_.character_id where user0_.user_id=?
Hibernate: select permission0_.character_id as characte6_11_0_, permission0_.permission_id as permissi1_11_0_, permission0_.permission_id as permissi1_11_1_, permission0_.character_id as characte6_11_1_, permission0_.permission_name as permissi2_11_1_, permission0_.permission_permission_unit_id as permissi3_11_1_, permission0_.permission_service as permissi4_11_1_, permission0_.permission_status as permissi5_11_1_ from permission permission0_ where permission0_.character_id=?
Hibernate: select rewardtag0_.reward_tag_reward_tag_id as reward_t1_14_, rewardtag0_.reward_tag_reward_point as reward_t2_14_, rewardtag0_.reward_tag_reward_tag_title as reward_t3_14_ from reward_tag rewardtag0_
Hibernate: select user0_.user_id as col_0_0_ from user user0_ where user0_.user_user_id=? limit ?
Hibernate: select user0_.user_id as col_0_0_ from user user0_ where user0_.user_user_id=? limit ?
Hibernate: select U.* from USER U where U.USER_USER_ID =?
Hibernate: select character0_.character_id as characte1_6_0_, character0_.character_character_name as characte2_6_0_ from characters character0_ where character0_.character_id=?
Hibernate: select user0_.user_id as col_0_0_ from user user0_ where user0_.user_user_id=? limit ?
Hibernate: select user0_.user_id as user_id1_20_, user0_.character_id as characte7_20_, user0_.user_created_at as user_cre2_20_, user0_.user_name as user_nam3_20_, user0_.user_phone_number as user_pho4_20_, user0_.user_user_id as user_use5_20_, user0_.user_user_password as user_use6_20_ from user user0_ inner join characters character1_ on user0_.character_id=character1_.character_id where user0_.user_user_id=?
Hibernate: select character0_.character_id as characte1_6_0_, character0_.character_character_name as characte2_6_0_ from characters character0_ where character0_.character_id=?
Hibernate: select rewardtagw0_.user_id as user_id4_15_0_, rewardtagw0_.reward_tag_wrapper_reward_id as reward_t1_15_0_, rewardtagw0_.reward_tag_wrapper_reward_id as reward_t1_15_1_, rewardtagw0_.reward_tag_wrapper_reward_presented_at as reward_t2_15_1_, rewardtagw0_.reward_tag_reward_tag_id as reward_t3_15_1_, rewardtagw0_.user_id as user_id4_15_1_ from reward_tag_wrapper rewardtagw0_ where rewardtagw0_.user_id=?
Hibernate: select user0_.user_id as user_id1_20_0_, user0_.character_id as characte7_20_0_, user0_.user_created_at as user_cre2_20_0_, user0_.user_name as user_nam3_20_0_, user0_.user_phone_number as user_pho4_20_0_, user0_.user_user_id as user_use5_20_0_, user0_.user_user_password as user_use6_20_0_ from user user0_ where user0_.user_id=?
Hibernate: select character0_.character_id as characte1_6_0_, character0_.character_character_name as characte2_6_0_ from characters character0_ where character0_.character_id=?
Hibernate: select count(*) as col_0_0_ from user user0_ where user0_.user_id=?
Hibernate: select character1_.character_id as characte1_6_, character1_.character_character_name as characte2_6_ from user user0_ inner join characters character1_ on user0_.character_id=character1_.character_id where user0_.user_id=?
Hibernate: select permission0_.character_id as characte6_11_0_, permission0_.permission_id as permissi1_11_0_, permission0_.permission_id as permissi1_11_1_, permission0_.character_id as characte6_11_1_, permission0_.permission_name as permissi2_11_1_, permission0_.permission_permission_unit_id as permissi3_11_1_, permission0_.permission_service as permissi4_11_1_, permission0_.permission_status as permissi5_11_1_ from permission permission0_ where permission0_.character_id=?
Hibernate: select count(*) as col_0_0_ from user user0_ where user0_.user_id=?
Hibernate: select user0_.user_id as user_id1_20_, user0_.character_id as characte7_20_, user0_.user_created_at as user_cre2_20_, user0_.user_name as user_nam3_20_, user0_.user_phone_number as user_pho4_20_, user0_.user_user_id as user_use5_20_, user0_.user_user_password as user_use6_20_ from user user0_ where user0_.user_id=?
Hibernate: select character0_.character_id as characte1_6_0_, character0_.character_character_name as characte2_6_0_ from characters character0_ where character0_.character_id=?
Hibernate: select rewardtagw0_.user_id as user_id4_15_0_, rewardtagw0_.reward_tag_wrapper_reward_id as reward_t1_15_0_, rewardtagw0_.reward_tag_wrapper_reward_id as reward_t1_15_1_, rewardtagw0_.reward_tag_wrapper_reward_presented_at as reward_t2_15_1_, rewardtagw0_.reward_tag_reward_tag_id as reward_t3_15_1_, rewardtagw0_.user_id as user_id4_15_1_ from reward_tag_wrapper rewardtagw0_ where rewardtagw0_.user_id=?
Hibernate: select attendance0_.attendance_user_attendance_user_id as col_0_0_ from attendance_user attendance0_ where attendance0_.user_id=? limit ?
Hibernate: DELETE FROM USER WHERE USER_ID = ?
Hibernate: select user0_.user_id as col_0_0_ from user user0_ where user0_.user_user_id=? limit ?
Hibernate: select user0_.user_id as col_0_0_ from user user0_ where user0_.user_user_id=? limit ?
Hibernate: select user0_.user_id as col_0_0_ from user user0_ where user0_.user_user_id=? limit ?
Hibernate: select U.* from USER U where U.USER_USER_ID =?
Hibernate: select character0_.character_id as characte1_6_0_, character0_.character_character_name as characte2_6_0_ from characters character0_ where character0_.character_id=?
Hibernate: select user0_.user_id as user_id1_20_0_, user0_.character_id as characte7_20_0_, user0_.user_created_at as user_cre2_20_0_, user0_.user_name as user_nam3_20_0_, user0_.user_phone_number as user_pho4_20_0_, user0_.user_user_id as user_use5_20_0_, user0_.user_user_password as user_use6_20_0_ from user user0_ where user0_.user_id=?
Hibernate: select character0_.character_id as characte1_6_0_, character0_.character_character_name as characte2_6_0_ from characters character0_ where character0_.character_id=?
Hibernate: select count(*) as col_0_0_ from user user0_ where user0_.user_id=?
Hibernate: select character1_.character_id as characte1_6_, character1_.character_character_name as characte2_6_ from user user0_ inner join characters character1_ on user0_.character_id=character1_.character_id where user0_.user_id=?
Hibernate: select permission0_.character_id as characte6_11_0_, permission0_.permission_id as permissi1_11_0_, permission0_.permission_id as permissi1_11_1_, permission0_.character_id as characte6_11_1_, permission0_.permission_name as permissi2_11_1_, permission0_.permission_permission_unit_id as permissi3_11_1_, permission0_.permission_service as permissi4_11_1_, permission0_.permission_status as permissi5_11_1_ from permission permission0_ where permission0_.character_id=?
Hibernate: select rewardtag0_.reward_tag_reward_tag_id as reward_t1_14_, rewardtag0_.reward_tag_reward_point as reward_t2_14_, rewardtag0_.reward_tag_reward_tag_title as reward_t3_14_ from reward_tag rewardtag0_
Hibernate: select user0_.user_id as col_0_0_ from user user0_ where user0_.user_user_id=? limit ?
Hibernate: select user0_.user_id as col_0_0_ from user user0_ where user0_.user_user_id=? limit ?
Hibernate: select U.* from USER U where U.USER_USER_ID =?
Hibernate: select character0_.character_id as characte1_6_0_, character0_.character_character_name as characte2_6_0_ from characters character0_ where character0_.character_id=?
Hibernate: select user0_.user_id as col_0_0_ from user user0_ where user0_.user_user_id=? limit ?
Hibernate: select user0_.user_id as col_0_0_ from user user0_ where user0_.user_user_id=? limit ?
Hibernate: select U.* from USER U where U.USER_USER_ID =?
Hibernate: select character0_.character_id as characte1_6_0_, character0_.character_character_name as characte2_6_0_ from characters character0_ where character0_.character_id=?
Hibernate: select user0_.user_id as col_0_0_ from user user0_ where user0_.user_user_id=? limit ?
Hibernate: select userjoinin0_.user_joining_pool_id as col_0_0_ from user_joining_pool userjoinin0_ where userjoinin0_.user_user_id=? limit ?
Hibernate: select character0_.character_id as col_0_0_ from characters character0_ where character0_.character_character_name=? limit ?
Hibernate: insert into user_joining_pool (user_joining_pool_id, user_created_at, user_name, user_phone_number, user_user_id, user_user_password) values (default, ?, ?, ?, ?, ?)

MockHttpServletRequest:
      HTTP Method = POST
      Request URI = /user
       Parameters = {}
          Headers = [Content-Type:"application/json;charset=UTF-8", Accept:"application/json", api-version:"1.0", Content-Length:"95"]
             Body = {"name":"Hello","user_id":"Hello","user_password":"an!@#asdjfn12","phone_number":"01012341234"}
    Session Attrs = {}

Handler:
             Type = org.waldreg.controller.joiningpool.JoiningPoolController
           Method = org.waldreg.controller.joiningpool.JoiningPoolController#createUser(UserRequest)

Async:
    Async started = false
     Async result = null

Resolved Exception:
             Type = null

ModelAndView:
        View name = null
             View = null
            Model = null

FlashMap:
       Attributes = null

MockHttpServletResponse:
           Status = 200
    Error message = null
          Headers = [Vary:"Origin", "Access-Control-Request-Method", "Access-Control-Request-Headers", Api-version:"1.0"]
     Content type = null
             Body = 
    Forwarded URL = null
   Redirected URL = null
          Cookies = []
Hibernate: select user0_.user_id as user_id1_20_0_, user0_.character_id as characte7_20_0_, user0_.user_created_at as user_cre2_20_0_, user0_.user_name as user_nam3_20_0_, user0_.user_phone_number as user_pho4_20_0_, user0_.user_user_id as user_use5_20_0_, user0_.user_user_password as user_use6_20_0_ from user user0_ where user0_.user_id=?
Hibernate: select character0_.character_id as characte1_6_0_, character0_.character_character_name as characte2_6_0_ from characters character0_ where character0_.character_id=?
Hibernate: select count(*) as col_0_0_ from user user0_ where user0_.user_id=?
Hibernate: select character1_.character_id as characte1_6_, character1_.character_character_name as characte2_6_ from user user0_ inner join characters character1_ on user0_.character_id=character1_.character_id where user0_.user_id=?
Hibernate: select permission0_.character_id as characte6_11_0_, permission0_.permission_id as permissi1_11_0_, permission0_.permission_id as permissi1_11_1_, permission0_.character_id as characte6_11_1_, permission0_.permission_name as permissi2_11_1_, permission0_.permission_permission_unit_id as permissi3_11_1_, permission0_.permission_service as permissi4_11_1_, permission0_.permission_status as permissi5_11_1_ from permission permission0_ where permission0_.character_id=?
Hibernate: select userjoinin0_.user_joining_pool_id as col_0_0_ from user_joining_pool userjoinin0_ where userjoinin0_.user_user_id=? limit ?
Hibernate: select userjoinin0_.user_joining_pool_id as user_joi1_21_, userjoinin0_.user_created_at as user_cre2_21_, userjoinin0_.user_name as user_nam3_21_, userjoinin0_.user_phone_number as user_pho4_21_, userjoinin0_.user_user_id as user_use5_21_, userjoinin0_.user_user_password as user_use6_21_ from user_joining_pool userjoinin0_ where userjoinin0_.user_user_id=?
Hibernate: select character0_.character_id as characte1_6_, character0_.character_character_name as characte2_6_ from characters character0_ where character0_.character_character_name=?
Hibernate: insert into user (user_id, character_id, user_created_at, user_name, user_phone_number, user_user_id, user_user_password) values (default, ?, ?, ?, ?, ?, ?)
Hibernate: DELETE FROM USER_JOINING_POOL as JU where JU.USER_USER_ID =?
Hibernate: select user0_.user_id as col_0_0_ from user user0_ where user0_.user_user_id=? limit ?
Hibernate: select user0_.user_id as col_0_0_ from user user0_ where user0_.user_user_id=? limit ?
Hibernate: select U.* from USER U where U.USER_USER_ID =?
Hibernate: select character0_.character_id as characte1_6_0_, character0_.character_character_name as characte2_6_0_ from characters character0_ where character0_.character_id=?
Hibernate: select user0_.user_id as user_id1_20_0_, user0_.character_id as characte7_20_0_, user0_.user_created_at as user_cre2_20_0_, user0_.user_name as user_nam3_20_0_, user0_.user_phone_number as user_pho4_20_0_, user0_.user_user_id as user_use5_20_0_, user0_.user_user_password as user_use6_20_0_ from user user0_ where user0_.user_id=?
Hibernate: select character0_.character_id as characte1_6_0_, character0_.character_character_name as characte2_6_0_ from characters character0_ where character0_.character_id=?
Hibernate: select count(*) as col_0_0_ from user user0_ where user0_.user_id=?
Hibernate: select character1_.character_id as characte1_6_, character1_.character_character_name as characte2_6_ from user user0_ inner join characters character1_ on user0_.character_id=character1_.character_id where user0_.user_id=?
Hibernate: select permission0_.character_id as characte6_11_0_, permission0_.permission_id as permissi1_11_0_, permission0_.permission_id as permissi1_11_1_, permission0_.character_id as characte6_11_1_, permission0_.permission_name as permissi2_11_1_, permission0_.permission_permission_unit_id as permissi3_11_1_, permission0_.permission_service as permissi4_11_1_, permission0_.permission_status as permissi5_11_1_ from permission permission0_ where permission0_.character_id=?
Hibernate: select user0_.user_id as col_0_0_ from user user0_ where user0_.user_user_id=? limit ?
Hibernate: select user0_.user_id as col_0_0_ from user user0_ where user0_.user_user_id=? limit ?
Hibernate: select U.* from USER U where U.USER_USER_ID =?
Hibernate: select character0_.character_id as characte1_6_0_, character0_.character_character_name as characte2_6_0_ from characters character0_ where character0_.character_id=?
Hibernate: select user0_.user_id as user_id1_20_0_, user0_.character_id as characte7_20_0_, user0_.user_created_at as user_cre2_20_0_, user0_.user_name as user_nam3_20_0_, user0_.user_phone_number as user_pho4_20_0_, user0_.user_user_id as user_use5_20_0_, user0_.user_user_password as user_use6_20_0_ from user user0_ where user0_.user_id=?
Hibernate: select character0_.character_id as characte1_6_0_, character0_.character_character_name as characte2_6_0_ from characters character0_ where character0_.character_id=?
Hibernate: select count(*) as col_0_0_ from user user0_ where user0_.user_id=?
Hibernate: select character1_.character_id as characte1_6_, character1_.character_character_name as characte2_6_ from user user0_ inner join characters character1_ on user0_.character_id=character1_.character_id where user0_.user_id=?
Hibernate: select permission0_.character_id as characte6_11_0_, permission0_.permission_id as permissi1_11_0_, permission0_.permission_id as permissi1_11_1_, permission0_.character_id as characte6_11_1_, permission0_.permission_name as permissi2_11_1_, permission0_.permission_permission_unit_id as permissi3_11_1_, permission0_.permission_service as permissi4_11_1_, permission0_.permission_status as permissi5_11_1_ from permission permission0_ where permission0_.character_id=?
Hibernate: select rewardtag0_.reward_tag_reward_tag_id as reward_t1_14_, rewardtag0_.reward_tag_reward_point as reward_t2_14_, rewardtag0_.reward_tag_reward_tag_title as reward_t3_14_ from reward_tag rewardtag0_
Hibernate: select user0_.user_id as col_0_0_ from user user0_ where user0_.user_user_id=? limit ?
Hibernate: select user0_.user_id as col_0_0_ from user user0_ where user0_.user_user_id=? limit ?
Hibernate: select U.* from USER U where U.USER_USER_ID =?
Hibernate: select character0_.character_id as characte1_6_0_, character0_.character_character_name as characte2_6_0_ from characters character0_ where character0_.character_id=?
Hibernate: select user0_.user_id as col_0_0_ from user user0_ where user0_.user_user_id=? limit ?
Hibernate: select user0_.user_id as user_id1_20_, user0_.character_id as characte7_20_, user0_.user_created_at as user_cre2_20_, user0_.user_name as user_nam3_20_, user0_.user_phone_number as user_pho4_20_, user0_.user_user_id as user_use5_20_, user0_.user_user_password as user_use6_20_ from user user0_ inner join characters character1_ on user0_.character_id=character1_.character_id where user0_.user_user_id=?
Hibernate: select character0_.character_id as characte1_6_0_, character0_.character_character_name as characte2_6_0_ from characters character0_ where character0_.character_id=?
Hibernate: select rewardtagw0_.user_id as user_id4_15_0_, rewardtagw0_.reward_tag_wrapper_reward_id as reward_t1_15_0_, rewardtagw0_.reward_tag_wrapper_reward_id as reward_t1_15_1_, rewardtagw0_.reward_tag_wrapper_reward_presented_at as reward_t2_15_1_, rewardtagw0_.reward_tag_reward_tag_id as reward_t3_15_1_, rewardtagw0_.user_id as user_id4_15_1_ from reward_tag_wrapper rewardtagw0_ where rewardtagw0_.user_id=?
Hibernate: select user0_.user_id as user_id1_20_0_, user0_.character_id as characte7_20_0_, user0_.user_created_at as user_cre2_20_0_, user0_.user_name as user_nam3_20_0_, user0_.user_phone_number as user_pho4_20_0_, user0_.user_user_id as user_use5_20_0_, user0_.user_user_password as user_use6_20_0_ from user user0_ where user0_.user_id=?
Hibernate: select character0_.character_id as characte1_6_0_, character0_.character_character_name as characte2_6_0_ from characters character0_ where character0_.character_id=?
Hibernate: select count(*) as col_0_0_ from user user0_ where user0_.user_id=?
Hibernate: select character1_.character_id as characte1_6_, character1_.character_character_name as characte2_6_ from user user0_ inner join characters character1_ on user0_.character_id=character1_.character_id where user0_.user_id=?
Hibernate: select permission0_.character_id as characte6_11_0_, permission0_.permission_id as permissi1_11_0_, permission0_.permission_id as permissi1_11_1_, permission0_.character_id as characte6_11_1_, permission0_.permission_name as permissi2_11_1_, permission0_.permission_permission_unit_id as permissi3_11_1_, permission0_.permission_service as permissi4_11_1_, permission0_.permission_status as permissi5_11_1_ from permission permission0_ where permission0_.character_id=?
Hibernate: select count(*) as col_0_0_ from user user0_ where user0_.user_id=?
Hibernate: select user0_.user_id as user_id1_20_, user0_.character_id as characte7_20_, user0_.user_created_at as user_cre2_20_, user0_.user_name as user_nam3_20_, user0_.user_phone_number as user_pho4_20_, user0_.user_user_id as user_use5_20_, user0_.user_user_password as user_use6_20_ from user user0_ where user0_.user_id=?
Hibernate: select character0_.character_id as characte1_6_0_, character0_.character_character_name as characte2_6_0_ from characters character0_ where character0_.character_id=?
Hibernate: select rewardtagw0_.user_id as user_id4_15_0_, rewardtagw0_.reward_tag_wrapper_reward_id as reward_t1_15_0_, rewardtagw0_.reward_tag_wrapper_reward_id as reward_t1_15_1_, rewardtagw0_.reward_tag_wrapper_reward_presented_at as reward_t2_15_1_, rewardtagw0_.reward_tag_reward_tag_id as reward_t3_15_1_, rewardtagw0_.user_id as user_id4_15_1_ from reward_tag_wrapper rewardtagw0_ where rewardtagw0_.user_id=?
Hibernate: select attendance0_.attendance_user_attendance_user_id as col_0_0_ from attendance_user attendance0_ where attendance0_.user_id=? limit ?
Hibernate: DELETE FROM USER WHERE USER_ID = ?
Hibernate: select user0_.user_id as col_0_0_ from user user0_ where user0_.user_user_id=? limit ?
Hibernate: select user0_.user_id as col_0_0_ from user user0_ where user0_.user_user_id=? limit ?
Hibernate: select user0_.user_id as col_0_0_ from user user0_ where user0_.user_user_id=? limit ?
Hibernate: select U.* from USER U where U.USER_USER_ID =?
Hibernate: select character0_.character_id as characte1_6_0_, character0_.character_character_name as characte2_6_0_ from characters character0_ where character0_.character_id=?
Hibernate: select user0_.user_id as user_id1_20_0_, user0_.character_id as characte7_20_0_, user0_.user_created_at as user_cre2_20_0_, user0_.user_name as user_nam3_20_0_, user0_.user_phone_number as user_pho4_20_0_, user0_.user_user_id as user_use5_20_0_, user0_.user_user_password as user_use6_20_0_ from user user0_ where user0_.user_id=?
Hibernate: select character0_.character_id as characte1_6_0_, character0_.character_character_name as characte2_6_0_ from characters character0_ where character0_.character_id=?
Hibernate: select count(*) as col_0_0_ from user user0_ where user0_.user_id=?
Hibernate: select character1_.character_id as characte1_6_, character1_.character_character_name as characte2_6_ from user user0_ inner join characters character1_ on user0_.character_id=character1_.character_id where user0_.user_id=?
Hibernate: select permission0_.character_id as characte6_11_0_, permission0_.permission_id as permissi1_11_0_, permission0_.permission_id as permissi1_11_1_, permission0_.character_id as characte6_11_1_, permission0_.permission_name as permissi2_11_1_, permission0_.permission_permission_unit_id as permissi3_11_1_, permission0_.permission_service as permissi4_11_1_, permission0_.permission_status as permissi5_11_1_ from permission permission0_ where permission0_.character_id=?
Hibernate: select rewardtag0_.reward_tag_reward_tag_id as reward_t1_14_, rewardtag0_.reward_tag_reward_point as reward_t2_14_, rewardtag0_.reward_tag_reward_tag_title as reward_t3_14_ from reward_tag rewardtag0_
Hibernate: select user0_.user_id as col_0_0_ from user user0_ where user0_.user_user_id=? limit ?
Hibernate: select user0_.user_id as col_0_0_ from user user0_ where user0_.user_user_id=? limit ?
Hibernate: select U.* from USER U where U.USER_USER_ID =?
Hibernate: select character0_.character_id as characte1_6_0_, character0_.character_character_name as characte2_6_0_ from characters character0_ where character0_.character_id=?
Hibernate: select user0_.user_id as col_0_0_ from user user0_ where user0_.user_user_id=? limit ?
Hibernate: select user0_.user_id as col_0_0_ from user user0_ where user0_.user_user_id=? limit ?
Hibernate: select U.* from USER U where U.USER_USER_ID =?
Hibernate: select character0_.character_id as characte1_6_0_, character0_.character_character_name as characte2_6_0_ from characters character0_ where character0_.character_id=?
Hibernate: select user0_.user_id as user_id1_20_0_, user0_.character_id as characte7_20_0_, user0_.user_created_at as user_cre2_20_0_, user0_.user_name as user_nam3_20_0_, user0_.user_phone_number as user_pho4_20_0_, user0_.user_user_id as user_use5_20_0_, user0_.user_user_password as user_use6_20_0_ from user user0_ where user0_.user_id=?
Hibernate: select character0_.character_id as characte1_6_0_, character0_.character_character_name as characte2_6_0_ from characters character0_ where character0_.character_id=?
Hibernate: select count(*) as col_0_0_ from user user0_ where user0_.user_id=?
Hibernate: select character1_.character_id as characte1_6_, character1_.character_character_name as characte2_6_ from user user0_ inner join characters character1_ on user0_.character_id=character1_.character_id where user0_.user_id=?
Hibernate: select permission0_.character_id as characte6_11_0_, permission0_.permission_id as permissi1_11_0_, permission0_.permission_id as permissi1_11_1_, permission0_.character_id as characte6_11_1_, permission0_.permission_name as permissi2_11_1_, permission0_.permission_permission_unit_id as permissi3_11_1_, permission0_.permission_service as permissi4_11_1_, permission0_.permission_status as permissi5_11_1_ from permission permission0_ where permission0_.character_id=?
Hibernate: insert into reward_tag (reward_tag_reward_tag_id, reward_tag_reward_point, reward_tag_reward_tag_title) values (default, ?, ?)
Hibernate: select user0_.user_id as user_id1_20_0_, user0_.character_id as characte7_20_0_, user0_.user_created_at as user_cre2_20_0_, user0_.user_name as user_nam3_20_0_, user0_.user_phone_number as user_pho4_20_0_, user0_.user_user_id as user_use5_20_0_, user0_.user_user_password as user_use6_20_0_ from user user0_ where user0_.user_id=?
Hibernate: select character0_.character_id as characte1_6_0_, character0_.character_character_name as characte2_6_0_ from characters character0_ where character0_.character_id=?
Hibernate: select count(*) as col_0_0_ from user user0_ where user0_.user_id=?
Hibernate: select character1_.character_id as characte1_6_, character1_.character_character_name as characte2_6_ from user user0_ inner join characters character1_ on user0_.character_id=character1_.character_id where user0_.user_id=?
Hibernate: select permission0_.character_id as characte6_11_0_, permission0_.permission_id as permissi1_11_0_, permission0_.permission_id as permissi1_11_1_, permission0_.character_id as characte6_11_1_, permission0_.permission_name as permissi2_11_1_, permission0_.permission_permission_unit_id as permissi3_11_1_, permission0_.permission_service as permissi4_11_1_, permission0_.permission_status as permissi5_11_1_ from permission permission0_ where permission0_.character_id=?
Hibernate: select rewardtag0_.reward_tag_reward_tag_id as reward_t1_14_, rewardtag0_.reward_tag_reward_point as reward_t2_14_, rewardtag0_.reward_tag_reward_tag_title as reward_t3_14_ from reward_tag rewardtag0_
Hibernate: select user0_.user_id as col_0_0_ from user user0_ where user0_.user_user_id=? limit ?
Hibernate: select userjoinin0_.user_joining_pool_id as col_0_0_ from user_joining_pool userjoinin0_ where userjoinin0_.user_user_id=? limit ?
Hibernate: select character0_.character_id as col_0_0_ from characters character0_ where character0_.character_character_name=? limit ?
Hibernate: insert into user_joining_pool (user_joining_pool_id, user_created_at, user_name, user_phone_number, user_user_id, user_user_password) values (default, ?, ?, ?, ?, ?)

MockHttpServletRequest:
      HTTP Method = POST
      Request URI = /user
       Parameters = {}
          Headers = [Content-Type:"application/json;charset=UTF-8", Accept:"application/json", api-version:"1.0", Content-Length:"99"]
             Body = {"name":"someone","user_id":"some-one","user_password":"adcgd123!!@@","phone_number":"01012341234"}
    Session Attrs = {}

Handler:
             Type = org.waldreg.controller.joiningpool.JoiningPoolController
           Method = org.waldreg.controller.joiningpool.JoiningPoolController#createUser(UserRequest)

Async:
    Async started = false
     Async result = null

Resolved Exception:
             Type = null

ModelAndView:
        View name = null
             View = null
            Model = null

FlashMap:
       Attributes = null

MockHttpServletResponse:
           Status = 200
    Error message = null
          Headers = [Vary:"Origin", "Access-Control-Request-Method", "Access-Control-Request-Headers", Api-version:"1.0"]
     Content type = null
             Body = 
    Forwarded URL = null
   Redirected URL = null
          Cookies = []
Hibernate: select user0_.user_id as user_id1_20_0_, user0_.character_id as characte7_20_0_, user0_.user_created_at as user_cre2_20_0_, user0_.user_name as user_nam3_20_0_, user0_.user_phone_number as user_pho4_20_0_, user0_.user_user_id as user_use5_20_0_, user0_.user_user_password as user_use6_20_0_ from user user0_ where user0_.user_id=?
Hibernate: select character0_.character_id as characte1_6_0_, character0_.character_character_name as characte2_6_0_ from characters character0_ where character0_.character_id=?
Hibernate: select count(*) as col_0_0_ from user user0_ where user0_.user_id=?
Hibernate: select character1_.character_id as characte1_6_, character1_.character_character_name as characte2_6_ from user user0_ inner join characters character1_ on user0_.character_id=character1_.character_id where user0_.user_id=?
Hibernate: select permission0_.character_id as characte6_11_0_, permission0_.permission_id as permissi1_11_0_, permission0_.permission_id as permissi1_11_1_, permission0_.character_id as characte6_11_1_, permission0_.permission_name as permissi2_11_1_, permission0_.permission_permission_unit_id as permissi3_11_1_, permission0_.permission_service as permissi4_11_1_, permission0_.permission_status as permissi5_11_1_ from permission permission0_ where permission0_.character_id=?
Hibernate: select userjoinin0_.user_joining_pool_id as col_0_0_ from user_joining_pool userjoinin0_ where userjoinin0_.user_user_id=? limit ?
Hibernate: select userjoinin0_.user_joining_pool_id as user_joi1_21_, userjoinin0_.user_created_at as user_cre2_21_, userjoinin0_.user_name as user_nam3_21_, userjoinin0_.user_phone_number as user_pho4_21_, userjoinin0_.user_user_id as user_use5_21_, userjoinin0_.user_user_password as user_use6_21_ from user_joining_pool userjoinin0_ where userjoinin0_.user_user_id=?
Hibernate: select character0_.character_id as characte1_6_, character0_.character_character_name as characte2_6_ from characters character0_ where character0_.character_character_name=?
Hibernate: insert into user (user_id, character_id, user_created_at, user_name, user_phone_number, user_user_id, user_user_password) values (default, ?, ?, ?, ?, ?, ?)
Hibernate: DELETE FROM USER_JOINING_POOL as JU where JU.USER_USER_ID =?
Hibernate: select user0_.user_id as user_id1_20_0_, user0_.character_id as characte7_20_0_, user0_.user_created_at as user_cre2_20_0_, user0_.user_name as user_nam3_20_0_, user0_.user_phone_number as user_pho4_20_0_, user0_.user_user_id as user_use5_20_0_, user0_.user_user_password as user_use6_20_0_ from user user0_ where user0_.user_id=?
Hibernate: select character0_.character_id as characte1_6_0_, character0_.character_character_name as characte2_6_0_ from characters character0_ where character0_.character_id=?
Hibernate: select count(*) as col_0_0_ from user user0_ where user0_.user_id=?
Hibernate: select character1_.character_id as characte1_6_, character1_.character_character_name as characte2_6_ from user user0_ inner join characters character1_ on user0_.character_id=character1_.character_id where user0_.user_id=?
Hibernate: select permission0_.character_id as characte6_11_0_, permission0_.permission_id as permissi1_11_0_, permission0_.permission_id as permissi1_11_1_, permission0_.character_id as characte6_11_1_, permission0_.permission_name as permissi2_11_1_, permission0_.permission_permission_unit_id as permissi3_11_1_, permission0_.permission_service as permissi4_11_1_, permission0_.permission_status as permissi5_11_1_ from permission permission0_ where permission0_.character_id=?
Hibernate: select user0_.user_id as col_0_0_ from user user0_ where user0_.user_user_id=? limit ?
Hibernate: select user0_.user_id as user_id1_20_, user0_.character_id as characte7_20_, user0_.user_created_at as user_cre2_20_, user0_.user_name as user_nam3_20_, user0_.user_phone_number as user_pho4_20_, user0_.user_user_id as user_use5_20_, user0_.user_user_password as user_use6_20_ from user user0_ inner join characters character1_ on user0_.character_id=character1_.character_id where user0_.user_user_id=?
Hibernate: select character0_.character_id as characte1_6_0_, character0_.character_character_name as characte2_6_0_ from characters character0_ where character0_.character_id=?
Hibernate: select rewardtagw0_.user_id as user_id4_15_0_, rewardtagw0_.reward_tag_wrapper_reward_id as reward_t1_15_0_, rewardtagw0_.reward_tag_wrapper_reward_id as reward_t1_15_1_, rewardtagw0_.reward_tag_wrapper_reward_presented_at as reward_t2_15_1_, rewardtagw0_.reward_tag_reward_tag_id as reward_t3_15_1_, rewardtagw0_.user_id as user_id4_15_1_ from reward_tag_wrapper rewardtagw0_ where rewardtagw0_.user_id=?
Hibernate: select user0_.user_id as user_id1_20_0_, user0_.character_id as characte7_20_0_, user0_.user_created_at as user_cre2_20_0_, user0_.user_name as user_nam3_20_0_, user0_.user_phone_number as user_pho4_20_0_, user0_.user_user_id as user_use5_20_0_, user0_.user_user_password as user_use6_20_0_ from user user0_ where user0_.user_id=?
Hibernate: select character0_.character_id as characte1_6_0_, character0_.character_character_name as characte2_6_0_ from characters character0_ where character0_.character_id=?
Hibernate: select count(*) as col_0_0_ from user user0_ where user0_.user_id=?
Hibernate: select character1_.character_id as characte1_6_, character1_.character_character_name as characte2_6_ from user user0_ inner join characters character1_ on user0_.character_id=character1_.character_id where user0_.user_id=?
Hibernate: select permission0_.character_id as characte6_11_0_, permission0_.permission_id as permissi1_11_0_, permission0_.permission_id as permissi1_11_1_, permission0_.character_id as characte6_11_1_, permission0_.permission_name as permissi2_11_1_, permission0_.permission_permission_unit_id as permissi3_11_1_, permission0_.permission_service as permissi4_11_1_, permission0_.permission_status as permissi5_11_1_ from permission permission0_ where permission0_.character_id=?
Hibernate: select count(*) as col_0_0_ from user user0_ where user0_.user_id=?
Hibernate: select count(*) as col_0_0_ from reward_tag rewardtag0_ where rewardtag0_.reward_tag_reward_tag_id=?
Hibernate: select user0_.user_id as user_id1_20_0_, user0_.character_id as characte7_20_0_, user0_.user_created_at as user_cre2_20_0_, user0_.user_name as user_nam3_20_0_, user0_.user_phone_number as user_pho4_20_0_, user0_.user_user_id as user_use5_20_0_, user0_.user_user_password as user_use6_20_0_ from user user0_ where user0_.user_id=?
Hibernate: select character0_.character_id as characte1_6_0_, character0_.character_character_name as characte2_6_0_ from characters character0_ where character0_.character_id=?
Hibernate: select rewardtag0_.reward_tag_reward_tag_id as reward_t1_14_0_, rewardtag0_.reward_tag_reward_point as reward_t2_14_0_, rewardtag0_.reward_tag_reward_tag_title as reward_t3_14_0_ from reward_tag rewardtag0_ where rewardtag0_.reward_tag_reward_tag_id=?
Hibernate: call next value for hibernate_sequence
Hibernate: insert into reward_tag_wrapper (reward_tag_wrapper_reward_presented_at, reward_tag_reward_tag_id, user_id, reward_tag_wrapper_reward_id) values (?, ?, ?, ?)
Hibernate: select user0_.user_id as col_0_0_ from user user0_ where user0_.user_user_id=? limit ?
Hibernate: select user0_.user_id as col_0_0_ from user user0_ where user0_.user_user_id=? limit ?
Hibernate: select U.* from USER U where U.USER_USER_ID =?
Hibernate: select character0_.character_id as characte1_6_0_, character0_.character_character_name as characte2_6_0_ from characters character0_ where character0_.character_id=?
Hibernate: select user0_.user_id as user_id1_20_0_, user0_.character_id as characte7_20_0_, user0_.user_created_at as user_cre2_20_0_, user0_.user_name as user_nam3_20_0_, user0_.user_phone_number as user_pho4_20_0_, user0_.user_user_id as user_use5_20_0_, user0_.user_user_password as user_use6_20_0_ from user user0_ where user0_.user_id=?
Hibernate: select character0_.character_id as characte1_6_0_, character0_.character_character_name as characte2_6_0_ from characters character0_ where character0_.character_id=?
Hibernate: select count(*) as col_0_0_ from user user0_ where user0_.user_id=?
Hibernate: select character1_.character_id as characte1_6_, character1_.character_character_name as characte2_6_ from user user0_ inner join characters character1_ on user0_.character_id=character1_.character_id where user0_.user_id=?
Hibernate: select permission0_.character_id as characte6_11_0_, permission0_.permission_id as permissi1_11_0_, permission0_.permission_id as permissi1_11_1_, permission0_.character_id as characte6_11_1_, permission0_.permission_name as permissi2_11_1_, permission0_.permission_permission_unit_id as permissi3_11_1_, permission0_.permission_service as permissi4_11_1_, permission0_.permission_status as permissi5_11_1_ from permission permission0_ where permission0_.character_id=?
Hibernate: select rewardtag0_.reward_tag_reward_tag_id as reward_t1_14_, rewardtag0_.reward_tag_reward_point as reward_t2_14_, rewardtag0_.reward_tag_reward_tag_title as reward_t3_14_ from reward_tag rewardtag0_
Hibernate: select user0_.user_id as user_id1_20_0_, user0_.character_id as characte7_20_0_, user0_.user_created_at as user_cre2_20_0_, user0_.user_name as user_nam3_20_0_, user0_.user_phone_number as user_pho4_20_0_, user0_.user_user_id as user_use5_20_0_, user0_.user_user_password as user_use6_20_0_ from user user0_ where user0_.user_id=?
Hibernate: select character0_.character_id as characte1_6_0_, character0_.character_character_name as characte2_6_0_ from characters character0_ where character0_.character_id=?
Hibernate: select count(*) as col_0_0_ from user user0_ where user0_.user_id=?
Hibernate: select character1_.character_id as characte1_6_, character1_.character_character_name as characte2_6_ from user user0_ inner join characters character1_ on user0_.character_id=character1_.character_id where user0_.user_id=?
Hibernate: select permission0_.character_id as characte6_11_0_, permission0_.permission_id as permissi1_11_0_, permission0_.permission_id as permissi1_11_1_, permission0_.character_id as characte6_11_1_, permission0_.permission_name as permissi2_11_1_, permission0_.permission_permission_unit_id as permissi3_11_1_, permission0_.permission_service as permissi4_11_1_, permission0_.permission_status as permissi5_11_1_ from permission permission0_ where permission0_.character_id=?
Hibernate: select count(*) as col_0_0_ from reward_tag rewardtag0_ where rewardtag0_.reward_tag_reward_tag_id=?
Hibernate: DELETE FROM REWARD_TAG_WRAPPER AS RTW WHERE RTW.REWARD_TAG_REWARD_TAG_ID = ?
Hibernate: select rewardtag0_.reward_tag_reward_tag_id as reward_t1_14_0_, rewardtag0_.reward_tag_reward_point as reward_t2_14_0_, rewardtag0_.reward_tag_reward_tag_title as reward_t3_14_0_ from reward_tag rewardtag0_ where rewardtag0_.reward_tag_reward_tag_id=?
Hibernate: select attendance0_.attendance_type_reward_id as attendan1_2_, attendance0_.attendance_type_name as attendan2_2_, attendance0_.reward_tag_reward_tag_id as reward_t3_2_ from attendance_type_reward attendance0_ where attendance0_.reward_tag_reward_tag_id=?
Hibernate: delete from reward_tag where reward_tag_reward_tag_id=?
Hibernate: select user0_.user_id as user_id1_20_0_, user0_.character_id as characte7_20_0_, user0_.user_created_at as user_cre2_20_0_, user0_.user_name as user_nam3_20_0_, user0_.user_phone_number as user_pho4_20_0_, user0_.user_user_id as user_use5_20_0_, user0_.user_user_password as user_use6_20_0_ from user user0_ where user0_.user_id=?
Hibernate: select character0_.character_id as characte1_6_0_, character0_.character_character_name as characte2_6_0_ from characters character0_ where character0_.character_id=?
Hibernate: select count(*) as col_0_0_ from user user0_ where user0_.user_id=?
Hibernate: select character1_.character_id as characte1_6_, character1_.character_character_name as characte2_6_ from user user0_ inner join characters character1_ on user0_.character_id=character1_.character_id where user0_.user_id=?
Hibernate: select permission0_.character_id as characte6_11_0_, permission0_.permission_id as permissi1_11_0_, permission0_.permission_id as permissi1_11_1_, permission0_.character_id as characte6_11_1_, permission0_.permission_name as permissi2_11_1_, permission0_.permission_permission_unit_id as permissi3_11_1_, permission0_.permission_service as permissi4_11_1_, permission0_.permission_status as permissi5_11_1_ from permission permission0_ where permission0_.character_id=?
Hibernate: select count(*) as col_0_0_ from reward_tag rewardtag0_ where rewardtag0_.reward_tag_reward_tag_id=?
Hibernate: select user0_.user_id as col_0_0_ from user user0_ where user0_.user_user_id=? limit ?
Hibernate: select user0_.user_id as col_0_0_ from user user0_ where user0_.user_user_id=? limit ?
Hibernate: select U.* from USER U where U.USER_USER_ID =?
Hibernate: select character0_.character_id as characte1_6_0_, character0_.character_character_name as characte2_6_0_ from characters character0_ where character0_.character_id=?
Hibernate: select user0_.user_id as col_0_0_ from user user0_ where user0_.user_user_id=? limit ?
Hibernate: select user0_.user_id as user_id1_20_, user0_.character_id as characte7_20_, user0_.user_created_at as user_cre2_20_, user0_.user_name as user_nam3_20_, user0_.user_phone_number as user_pho4_20_, user0_.user_user_id as user_use5_20_, user0_.user_user_password as user_use6_20_ from user user0_ inner join characters character1_ on user0_.character_id=character1_.character_id where user0_.user_user_id=?
Hibernate: select character0_.character_id as characte1_6_0_, character0_.character_character_name as characte2_6_0_ from characters character0_ where character0_.character_id=?
Hibernate: select rewardtagw0_.user_id as user_id4_15_0_, rewardtagw0_.reward_tag_wrapper_reward_id as reward_t1_15_0_, rewardtagw0_.reward_tag_wrapper_reward_id as reward_t1_15_1_, rewardtagw0_.reward_tag_wrapper_reward_presented_at as reward_t2_15_1_, rewardtagw0_.reward_tag_reward_tag_id as reward_t3_15_1_, rewardtagw0_.user_id as user_id4_15_1_ from reward_tag_wrapper rewardtagw0_ where rewardtagw0_.user_id=?
Hibernate: select user0_.user_id as user_id1_20_0_, user0_.character_id as characte7_20_0_, user0_.user_created_at as user_cre2_20_0_, user0_.user_name as user_nam3_20_0_, user0_.user_phone_number as user_pho4_20_0_, user0_.user_user_id as user_use5_20_0_, user0_.user_user_password as user_use6_20_0_ from user user0_ where user0_.user_id=?
Hibernate: select character0_.character_id as characte1_6_0_, character0_.character_character_name as characte2_6_0_ from characters character0_ where character0_.character_id=?
Hibernate: select count(*) as col_0_0_ from user user0_ where user0_.user_id=?
Hibernate: select character1_.character_id as characte1_6_, character1_.character_character_name as characte2_6_ from user user0_ inner join characters character1_ on user0_.character_id=character1_.character_id where user0_.user_id=?
Hibernate: select permission0_.character_id as characte6_11_0_, permission0_.permission_id as permissi1_11_0_, permission0_.permission_id as permissi1_11_1_, permission0_.character_id as characte6_11_1_, permission0_.permission_name as permissi2_11_1_, permission0_.permission_permission_unit_id as permissi3_11_1_, permission0_.permission_service as permissi4_11_1_, permission0_.permission_status as permissi5_11_1_ from permission permission0_ where permission0_.character_id=?
Hibernate: select count(*) as col_0_0_ from user user0_ where user0_.user_id=?
Hibernate: select user0_.user_id as user_id1_20_, user0_.character_id as characte7_20_, user0_.user_created_at as user_cre2_20_, user0_.user_name as user_nam3_20_, user0_.user_phone_number as user_pho4_20_, user0_.user_user_id as user_use5_20_, user0_.user_user_password as user_use6_20_ from user user0_ where user0_.user_id=?
Hibernate: select character0_.character_id as characte1_6_0_, character0_.character_character_name as characte2_6_0_ from characters character0_ where character0_.character_id=?
Hibernate: select rewardtagw0_.user_id as user_id4_15_0_, rewardtagw0_.reward_tag_wrapper_reward_id as reward_t1_15_0_, rewardtagw0_.reward_tag_wrapper_reward_id as reward_t1_15_1_, rewardtagw0_.reward_tag_wrapper_reward_presented_at as reward_t2_15_1_, rewardtagw0_.reward_tag_reward_tag_id as reward_t3_15_1_, rewardtagw0_.user_id as user_id4_15_1_ from reward_tag_wrapper rewardtagw0_ where rewardtagw0_.user_id=?
Hibernate: select attendance0_.attendance_user_attendance_user_id as col_0_0_ from attendance_user attendance0_ where attendance0_.user_id=? limit ?
Hibernate: DELETE FROM USER WHERE USER_ID = ?
Hibernate: select user0_.user_id as col_0_0_ from user user0_ where user0_.user_user_id=? limit ?
Hibernate: select user0_.user_id as col_0_0_ from user user0_ where user0_.user_user_id=? limit ?
Hibernate: select user0_.user_id as col_0_0_ from user user0_ where user0_.user_user_id=? limit ?
Hibernate: select U.* from USER U where U.USER_USER_ID =?
Hibernate: select character0_.character_id as characte1_6_0_, character0_.character_character_name as characte2_6_0_ from characters character0_ where character0_.character_id=?
Hibernate: select user0_.user_id as user_id1_20_0_, user0_.character_id as characte7_20_0_, user0_.user_created_at as user_cre2_20_0_, user0_.user_name as user_nam3_20_0_, user0_.user_phone_number as user_pho4_20_0_, user0_.user_user_id as user_use5_20_0_, user0_.user_user_password as user_use6_20_0_ from user user0_ where user0_.user_id=?
Hibernate: select character0_.character_id as characte1_6_0_, character0_.character_character_name as characte2_6_0_ from characters character0_ where character0_.character_id=?
Hibernate: select count(*) as col_0_0_ from user user0_ where user0_.user_id=?
Hibernate: select character1_.character_id as characte1_6_, character1_.character_character_name as characte2_6_ from user user0_ inner join characters character1_ on user0_.character_id=character1_.character_id where user0_.user_id=?
Hibernate: select permission0_.character_id as characte6_11_0_, permission0_.permission_id as permissi1_11_0_, permission0_.permission_id as permissi1_11_1_, permission0_.character_id as characte6_11_1_, permission0_.permission_name as permissi2_11_1_, permission0_.permission_permission_unit_id as permissi3_11_1_, permission0_.permission_service as permissi4_11_1_, permission0_.permission_status as permissi5_11_1_ from permission permission0_ where permission0_.character_id=?
Hibernate: select rewardtag0_.reward_tag_reward_tag_id as reward_t1_14_, rewardtag0_.reward_tag_reward_point as reward_t2_14_, rewardtag0_.reward_tag_reward_tag_title as reward_t3_14_ from reward_tag rewardtag0_
Hibernate: select user0_.user_id as col_0_0_ from user user0_ where user0_.user_user_id=? limit ?
Hibernate: select user0_.user_id as col_0_0_ from user user0_ where user0_.user_user_id=? limit ?
Hibernate: select U.* from USER U where U.USER_USER_ID =?
Hibernate: select character0_.character_id as characte1_6_0_, character0_.character_character_name as characte2_6_0_ from characters character0_ where character0_.character_id=?
Hibernate: select user0_.user_id as col_0_0_ from user user0_ where user0_.user_user_id=? limit ?
Hibernate: select user0_.user_id as col_0_0_ from user user0_ where user0_.user_user_id=? limit ?
Hibernate: select U.* from USER U where U.USER_USER_ID =?
Hibernate: select character0_.character_id as characte1_6_0_, character0_.character_character_name as characte2_6_0_ from characters character0_ where character0_.character_id=?
Hibernate: select user0_.user_id as user_id1_20_0_, user0_.character_id as characte7_20_0_, user0_.user_created_at as user_cre2_20_0_, user0_.user_name as user_nam3_20_0_, user0_.user_phone_number as user_pho4_20_0_, user0_.user_user_id as user_use5_20_0_, user0_.user_user_password as user_use6_20_0_ from user user0_ where user0_.user_id=?
Hibernate: select character0_.character_id as characte1_6_0_, character0_.character_character_name as characte2_6_0_ from characters character0_ where character0_.character_id=?
Hibernate: select count(*) as col_0_0_ from user user0_ where user0_.user_id=?
Hibernate: select character1_.character_id as characte1_6_, character1_.character_character_name as characte2_6_ from user user0_ inner join characters character1_ on user0_.character_id=character1_.character_id where user0_.user_id=?
Hibernate: select permission0_.character_id as characte6_11_0_, permission0_.permission_id as permissi1_11_0_, permission0_.permission_id as permissi1_11_1_, permission0_.character_id as characte6_11_1_, permission0_.permission_name as permissi2_11_1_, permission0_.permission_permission_unit_id as permissi3_11_1_, permission0_.permission_service as permissi4_11_1_, permission0_.permission_status as permissi5_11_1_ from permission permission0_ where permission0_.character_id=?
Hibernate: select count(*) as col_0_0_ from user user0_ where user0_.user_id=?
Hibernate: select user0_.user_id as col_0_0_ from user user0_ where user0_.user_user_id=? limit ?
Hibernate: select user0_.user_id as col_0_0_ from user user0_ where user0_.user_user_id=? limit ?
Hibernate: select U.* from USER U where U.USER_USER_ID =?
Hibernate: select character0_.character_id as characte1_6_0_, character0_.character_character_name as characte2_6_0_ from characters character0_ where character0_.character_id=?
Hibernate: select user0_.user_id as user_id1_20_0_, user0_.character_id as characte7_20_0_, user0_.user_created_at as user_cre2_20_0_, user0_.user_name as user_nam3_20_0_, user0_.user_phone_number as user_pho4_20_0_, user0_.user_user_id as user_use5_20_0_, user0_.user_user_password as user_use6_20_0_ from user user0_ where user0_.user_id=?
Hibernate: select character0_.character_id as characte1_6_0_, character0_.character_character_name as characte2_6_0_ from characters character0_ where character0_.character_id=?
Hibernate: select count(*) as col_0_0_ from user user0_ where user0_.user_id=?
Hibernate: select character1_.character_id as characte1_6_, character1_.character_character_name as characte2_6_ from user user0_ inner join characters character1_ on user0_.character_id=character1_.character_id where user0_.user_id=?
Hibernate: select permission0_.character_id as characte6_11_0_, permission0_.permission_id as permissi1_11_0_, permission0_.permission_id as permissi1_11_1_, permission0_.character_id as characte6_11_1_, permission0_.permission_name as permissi2_11_1_, permission0_.permission_permission_unit_id as permissi3_11_1_, permission0_.permission_service as permissi4_11_1_, permission0_.permission_status as permissi5_11_1_ from permission permission0_ where permission0_.character_id=?
Hibernate: select rewardtag0_.reward_tag_reward_tag_id as reward_t1_14_, rewardtag0_.reward_tag_reward_point as reward_t2_14_, rewardtag0_.reward_tag_reward_tag_title as reward_t3_14_ from reward_tag rewardtag0_
Hibernate: select user0_.user_id as col_0_0_ from user user0_ where user0_.user_user_id=? limit ?
Hibernate: select user0_.user_id as col_0_0_ from user user0_ where user0_.user_user_id=? limit ?
Hibernate: select U.* from USER U where U.USER_USER_ID =?
Hibernate: select character0_.character_id as characte1_6_0_, character0_.character_character_name as characte2_6_0_ from characters character0_ where character0_.character_id=?
Hibernate: select user0_.user_id as col_0_0_ from user user0_ where user0_.user_user_id=? limit ?
Hibernate: select user0_.user_id as col_0_0_ from user user0_ where user0_.user_user_id=? limit ?
Hibernate: select U.* from USER U where U.USER_USER_ID =?
Hibernate: select character0_.character_id as characte1_6_0_, character0_.character_character_name as characte2_6_0_ from characters character0_ where character0_.character_id=?
Hibernate: select user0_.user_id as user_id1_20_0_, user0_.character_id as characte7_20_0_, user0_.user_created_at as user_cre2_20_0_, user0_.user_name as user_nam3_20_0_, user0_.user_phone_number as user_pho4_20_0_, user0_.user_user_id as user_use5_20_0_, user0_.user_user_password as user_use6_20_0_ from user user0_ where user0_.user_id=?
Hibernate: select character0_.character_id as characte1_6_0_, character0_.character_character_name as characte2_6_0_ from characters character0_ where character0_.character_id=?
Hibernate: select count(*) as col_0_0_ from user user0_ where user0_.user_id=?
Hibernate: select character1_.character_id as characte1_6_, character1_.character_character_name as characte2_6_ from user user0_ inner join characters character1_ on user0_.character_id=character1_.character_id where user0_.user_id=?
Hibernate: select permission0_.character_id as characte6_11_0_, permission0_.permission_id as permissi1_11_0_, permission0_.permission_id as permissi1_11_1_, permission0_.character_id as characte6_11_1_, permission0_.permission_name as permissi2_11_1_, permission0_.permission_permission_unit_id as permissi3_11_1_, permission0_.permission_service as permissi4_11_1_, permission0_.permission_status as permissi5_11_1_ from permission permission0_ where permission0_.character_id=?
Hibernate: select rewardtag0_.reward_tag_reward_tag_id as reward_t1_14_, rewardtag0_.reward_tag_reward_point as reward_t2_14_, rewardtag0_.reward_tag_reward_tag_title as reward_t3_14_ from reward_tag rewardtag0_
Hibernate: select user0_.user_id as col_0_0_ from user user0_ where user0_.user_user_id=? limit ?
Hibernate: select user0_.user_id as col_0_0_ from user user0_ where user0_.user_user_id=? limit ?
Hibernate: select U.* from USER U where U.USER_USER_ID =?
Hibernate: select character0_.character_id as characte1_6_0_, character0_.character_character_name as characte2_6_0_ from characters character0_ where character0_.character_id=?
Hibernate: select user0_.user_id as col_0_0_ from user user0_ where user0_.user_user_id=? limit ?
Hibernate: select user0_.user_id as col_0_0_ from user user0_ where user0_.user_user_id=? limit ?
Hibernate: select U.* from USER U where U.USER_USER_ID =?
Hibernate: select character0_.character_id as characte1_6_0_, character0_.character_character_name as characte2_6_0_ from characters character0_ where character0_.character_id=?
Hibernate: select user0_.user_id as user_id1_20_0_, user0_.character_id as characte7_20_0_, user0_.user_created_at as user_cre2_20_0_, user0_.user_name as user_nam3_20_0_, user0_.user_phone_number as user_pho4_20_0_, user0_.user_user_id as user_use5_20_0_, user0_.user_user_password as user_use6_20_0_ from user user0_ where user0_.user_id=?
Hibernate: select character0_.character_id as characte1_6_0_, character0_.character_character_name as characte2_6_0_ from characters character0_ where character0_.character_id=?
Hibernate: select count(*) as col_0_0_ from user user0_ where user0_.user_id=?
Hibernate: select character1_.character_id as characte1_6_, character1_.character_character_name as characte2_6_ from user user0_ inner join characters character1_ on user0_.character_id=character1_.character_id where user0_.user_id=?
Hibernate: select permission0_.character_id as characte6_11_0_, permission0_.permission_id as permissi1_11_0_, permission0_.permission_id as permissi1_11_1_, permission0_.character_id as characte6_11_1_, permission0_.permission_name as permissi2_11_1_, permission0_.permission_permission_unit_id as permissi3_11_1_, permission0_.permission_service as permissi4_11_1_, permission0_.permission_status as permissi5_11_1_ from permission permission0_ where permission0_.character_id=?
Hibernate: insert into reward_tag (reward_tag_reward_tag_id, reward_tag_reward_point, reward_tag_reward_tag_title) values (default, ?, ?)
Hibernate: select user0_.user_id as col_0_0_ from user user0_ where user0_.user_user_id=? limit ?
Hibernate: select user0_.user_id as col_0_0_ from user user0_ where user0_.user_user_id=? limit ?
Hibernate: select U.* from USER U where U.USER_USER_ID =?
Hibernate: select character0_.character_id as characte1_6_0_, character0_.character_character_name as characte2_6_0_ from characters character0_ where character0_.character_id=?
Hibernate: select user0_.user_id as user_id1_20_0_, user0_.character_id as characte7_20_0_, user0_.user_created_at as user_cre2_20_0_, user0_.user_name as user_nam3_20_0_, user0_.user_phone_number as user_pho4_20_0_, user0_.user_user_id as user_use5_20_0_, user0_.user_user_password as user_use6_20_0_ from user user0_ where user0_.user_id=?
Hibernate: select character0_.character_id as characte1_6_0_, character0_.character_character_name as characte2_6_0_ from characters character0_ where character0_.character_id=?
Hibernate: select count(*) as col_0_0_ from user user0_ where user0_.user_id=?
Hibernate: select character1_.character_id as characte1_6_, character1_.character_character_name as characte2_6_ from user user0_ inner join characters character1_ on user0_.character_id=character1_.character_id where user0_.user_id=?
Hibernate: select permission0_.character_id as characte6_11_0_, permission0_.permission_id as permissi1_11_0_, permission0_.permission_id as permissi1_11_1_, permission0_.character_id as characte6_11_1_, permission0_.permission_name as permissi2_11_1_, permission0_.permission_permission_unit_id as permissi3_11_1_, permission0_.permission_service as permissi4_11_1_, permission0_.permission_status as permissi5_11_1_ from permission permission0_ where permission0_.character_id=?
Hibernate: select rewardtag0_.reward_tag_reward_tag_id as reward_t1_14_, rewardtag0_.reward_tag_reward_point as reward_t2_14_, rewardtag0_.reward_tag_reward_tag_title as reward_t3_14_ from reward_tag rewardtag0_
Hibernate: select user0_.user_id as user_id1_20_0_, user0_.character_id as characte7_20_0_, user0_.user_created_at as user_cre2_20_0_, user0_.user_name as user_nam3_20_0_, user0_.user_phone_number as user_pho4_20_0_, user0_.user_user_id as user_use5_20_0_, user0_.user_user_password as user_use6_20_0_ from user user0_ where user0_.user_id=?
Hibernate: select character0_.character_id as characte1_6_0_, character0_.character_character_name as characte2_6_0_ from characters character0_ where character0_.character_id=?
Hibernate: select count(*) as col_0_0_ from user user0_ where user0_.user_id=?
Hibernate: select character1_.character_id as characte1_6_, character1_.character_character_name as characte2_6_ from user user0_ inner join characters character1_ on user0_.character_id=character1_.character_id where user0_.user_id=?
Hibernate: select permission0_.character_id as characte6_11_0_, permission0_.permission_id as permissi1_11_0_, permission0_.permission_id as permissi1_11_1_, permission0_.character_id as characte6_11_1_, permission0_.permission_name as permissi2_11_1_, permission0_.permission_permission_unit_id as permissi3_11_1_, permission0_.permission_service as permissi4_11_1_, permission0_.permission_status as permissi5_11_1_ from permission permission0_ where permission0_.character_id=?
Hibernate: select count(*) as col_0_0_ from reward_tag rewardtag0_ where rewardtag0_.reward_tag_reward_tag_id=?
Hibernate: DELETE FROM REWARD_TAG_WRAPPER AS RTW WHERE RTW.REWARD_TAG_REWARD_TAG_ID = ?
Hibernate: select rewardtag0_.reward_tag_reward_tag_id as reward_t1_14_0_, rewardtag0_.reward_tag_reward_point as reward_t2_14_0_, rewardtag0_.reward_tag_reward_tag_title as reward_t3_14_0_ from reward_tag rewardtag0_ where rewardtag0_.reward_tag_reward_tag_id=?
Hibernate: select attendance0_.attendance_type_reward_id as attendan1_2_, attendance0_.attendance_type_name as attendan2_2_, attendance0_.reward_tag_reward_tag_id as reward_t3_2_ from attendance_type_reward attendance0_ where attendance0_.reward_tag_reward_tag_id=?
Hibernate: delete from reward_tag where reward_tag_reward_tag_id=?
Hibernate: select user0_.user_id as user_id1_20_0_, user0_.character_id as characte7_20_0_, user0_.user_created_at as user_cre2_20_0_, user0_.user_name as user_nam3_20_0_, user0_.user_phone_number as user_pho4_20_0_, user0_.user_user_id as user_use5_20_0_, user0_.user_user_password as user_use6_20_0_ from user user0_ where user0_.user_id=?
Hibernate: select character0_.character_id as characte1_6_0_, character0_.character_character_name as characte2_6_0_ from characters character0_ where character0_.character_id=?
Hibernate: select count(*) as col_0_0_ from user user0_ where user0_.user_id=?
Hibernate: select character1_.character_id as characte1_6_, character1_.character_character_name as characte2_6_ from user user0_ inner join characters character1_ on user0_.character_id=character1_.character_id where user0_.user_id=?
Hibernate: select permission0_.character_id as characte6_11_0_, permission0_.permission_id as permissi1_11_0_, permission0_.permission_id as permissi1_11_1_, permission0_.character_id as characte6_11_1_, permission0_.permission_name as permissi2_11_1_, permission0_.permission_permission_unit_id as permissi3_11_1_, permission0_.permission_service as permissi4_11_1_, permission0_.permission_status as permissi5_11_1_ from permission permission0_ where permission0_.character_id=?
Hibernate: select count(*) as col_0_0_ from reward_tag rewardtag0_ where rewardtag0_.reward_tag_reward_tag_id=?
Hibernate: select user0_.user_id as col_0_0_ from user user0_ where user0_.user_user_id=? limit ?
Hibernate: select user0_.user_id as col_0_0_ from user user0_ where user0_.user_user_id=? limit ?
Hibernate: select U.* from USER U where U.USER_USER_ID =?
Hibernate: select character0_.character_id as characte1_6_0_, character0_.character_character_name as characte2_6_0_ from characters character0_ where character0_.character_id=?
Hibernate: select user0_.user_id as col_0_0_ from user user0_ where user0_.user_user_id=? limit ?
Hibernate: select user0_.user_id as col_0_0_ from user user0_ where user0_.user_user_id=? limit ?
Hibernate: select U.* from USER U where U.USER_USER_ID =?
Hibernate: select character0_.character_id as characte1_6_0_, character0_.character_character_name as characte2_6_0_ from characters character0_ where character0_.character_id=?
Hibernate: select user0_.user_id as user_id1_20_0_, user0_.character_id as characte7_20_0_, user0_.user_created_at as user_cre2_20_0_, user0_.user_name as user_nam3_20_0_, user0_.user_phone_number as user_pho4_20_0_, user0_.user_user_id as user_use5_20_0_, user0_.user_user_password as user_use6_20_0_ from user user0_ where user0_.user_id=?
Hibernate: select character0_.character_id as characte1_6_0_, character0_.character_character_name as characte2_6_0_ from characters character0_ where character0_.character_id=?
Hibernate: select count(*) as col_0_0_ from user user0_ where user0_.user_id=?
Hibernate: select character1_.character_id as characte1_6_, character1_.character_character_name as characte2_6_ from user user0_ inner join characters character1_ on user0_.character_id=character1_.character_id where user0_.user_id=?
Hibernate: select permission0_.character_id as characte6_11_0_, permission0_.permission_id as permissi1_11_0_, permission0_.permission_id as permissi1_11_1_, permission0_.character_id as characte6_11_1_, permission0_.permission_name as permissi2_11_1_, permission0_.permission_permission_unit_id as permissi3_11_1_, permission0_.permission_service as permissi4_11_1_, permission0_.permission_status as permissi5_11_1_ from permission permission0_ where permission0_.character_id=?
Hibernate: select rewardtag0_.reward_tag_reward_tag_id as reward_t1_14_, rewardtag0_.reward_tag_reward_point as reward_t2_14_, rewardtag0_.reward_tag_reward_tag_title as reward_t3_14_ from reward_tag rewardtag0_
Hibernate: select user0_.user_id as col_0_0_ from user user0_ where user0_.user_user_id=? limit ?
Hibernate: select user0_.user_id as col_0_0_ from user user0_ where user0_.user_user_id=? limit ?
Hibernate: select U.* from USER U where U.USER_USER_ID =?
Hibernate: select character0_.character_id as characte1_6_0_, character0_.character_character_name as characte2_6_0_ from characters character0_ where character0_.character_id=?
Hibernate: select user0_.user_id as col_0_0_ from user user0_ where user0_.user_user_id=? limit ?
Hibernate: select user0_.user_id as col_0_0_ from user user0_ where user0_.user_user_id=? limit ?
Hibernate: select U.* from USER U where U.USER_USER_ID =?
Hibernate: select character0_.character_id as characte1_6_0_, character0_.character_character_name as characte2_6_0_ from characters character0_ where character0_.character_id=?
Hibernate: select user0_.user_id as col_0_0_ from user user0_ where user0_.user_user_id=? limit ?
Hibernate: select userjoinin0_.user_joining_pool_id as col_0_0_ from user_joining_pool userjoinin0_ where userjoinin0_.user_user_id=? limit ?
Hibernate: select character0_.character_id as col_0_0_ from characters character0_ where character0_.character_character_name=? limit ?
Hibernate: insert into user_joining_pool (user_joining_pool_id, user_created_at, user_name, user_phone_number, user_user_id, user_user_password) values (default, ?, ?, ?, ?, ?)

MockHttpServletRequest:
      HTTP Method = POST
      Request URI = /user
       Parameters = {}
          Headers = [Content-Type:"application/json;charset=UTF-8", Accept:"application/json", api-version:"1.0", Content-Length:"102"]
             Body = {"name":"some-one-else","user_id":"abc123","user_password":"aadsfc123!!","phone_number":"01012341234"}
    Session Attrs = {}

Handler:
             Type = org.waldreg.controller.joiningpool.JoiningPoolController
           Method = org.waldreg.controller.joiningpool.JoiningPoolController#createUser(UserRequest)

Async:
    Async started = false
     Async result = null

Resolved Exception:
             Type = null

ModelAndView:
        View name = null
             View = null
            Model = null

FlashMap:
       Attributes = null

MockHttpServletResponse:
           Status = 200
    Error message = null
          Headers = [Vary:"Origin", "Access-Control-Request-Method", "Access-Control-Request-Headers", Api-version:"1.0"]
     Content type = null
             Body = 
    Forwarded URL = null
   Redirected URL = null
          Cookies = []
Hibernate: select user0_.user_id as user_id1_20_0_, user0_.character_id as characte7_20_0_, user0_.user_created_at as user_cre2_20_0_, user0_.user_name as user_nam3_20_0_, user0_.user_phone_number as user_pho4_20_0_, user0_.user_user_id as user_use5_20_0_, user0_.user_user_password as user_use6_20_0_ from user user0_ where user0_.user_id=?
Hibernate: select character0_.character_id as characte1_6_0_, character0_.character_character_name as characte2_6_0_ from characters character0_ where character0_.character_id=?
Hibernate: select count(*) as col_0_0_ from user user0_ where user0_.user_id=?
Hibernate: select character1_.character_id as characte1_6_, character1_.character_character_name as characte2_6_ from user user0_ inner join characters character1_ on user0_.character_id=character1_.character_id where user0_.user_id=?
Hibernate: select permission0_.character_id as characte6_11_0_, permission0_.permission_id as permissi1_11_0_, permission0_.permission_id as permissi1_11_1_, permission0_.character_id as characte6_11_1_, permission0_.permission_name as permissi2_11_1_, permission0_.permission_permission_unit_id as permissi3_11_1_, permission0_.permission_service as permissi4_11_1_, permission0_.permission_status as permissi5_11_1_ from permission permission0_ where permission0_.character_id=?
Hibernate: select userjoinin0_.user_joining_pool_id as col_0_0_ from user_joining_pool userjoinin0_ where userjoinin0_.user_user_id=? limit ?
Hibernate: select userjoinin0_.user_joining_pool_id as user_joi1_21_, userjoinin0_.user_created_at as user_cre2_21_, userjoinin0_.user_name as user_nam3_21_, userjoinin0_.user_phone_number as user_pho4_21_, userjoinin0_.user_user_id as user_use5_21_, userjoinin0_.user_user_password as user_use6_21_ from user_joining_pool userjoinin0_ where userjoinin0_.user_user_id=?
Hibernate: select character0_.character_id as characte1_6_, character0_.character_character_name as characte2_6_ from characters character0_ where character0_.character_character_name=?
Hibernate: insert into user (user_id, character_id, user_created_at, user_name, user_phone_number, user_user_id, user_user_password) values (default, ?, ?, ?, ?, ?, ?)
Hibernate: DELETE FROM USER_JOINING_POOL as JU where JU.USER_USER_ID =?
Hibernate: select user0_.user_id as col_0_0_ from user user0_ where user0_.user_user_id=? limit ?
Hibernate: select user0_.user_id as col_0_0_ from user user0_ where user0_.user_user_id=? limit ?
Hibernate: select U.* from USER U where U.USER_USER_ID =?
Hibernate: select character0_.character_id as characte1_6_0_, character0_.character_character_name as characte2_6_0_ from characters character0_ where character0_.character_id=?
Hibernate: select user0_.user_id as user_id1_20_0_, user0_.character_id as characte7_20_0_, user0_.user_created_at as user_cre2_20_0_, user0_.user_name as user_nam3_20_0_, user0_.user_phone_number as user_pho4_20_0_, user0_.user_user_id as user_use5_20_0_, user0_.user_user_password as user_use6_20_0_ from user user0_ where user0_.user_id=?
Hibernate: select character0_.character_id as characte1_6_0_, character0_.character_character_name as characte2_6_0_ from characters character0_ where character0_.character_id=?
Hibernate: select count(*) as col_0_0_ from user user0_ where user0_.user_id=?
Hibernate: select character1_.character_id as characte1_6_, character1_.character_character_name as characte2_6_ from user user0_ inner join characters character1_ on user0_.character_id=character1_.character_id where user0_.user_id=?
Hibernate: select permission0_.character_id as characte6_11_0_, permission0_.permission_id as permissi1_11_0_, permission0_.permission_id as permissi1_11_1_, permission0_.character_id as characte6_11_1_, permission0_.permission_name as permissi2_11_1_, permission0_.permission_permission_unit_id as permissi3_11_1_, permission0_.permission_service as permissi4_11_1_, permission0_.permission_status as permissi5_11_1_ from permission permission0_ where permission0_.character_id=?
Hibernate: select user0_.user_id as col_0_0_ from user user0_ where user0_.user_user_id=? limit ?
Hibernate: select user0_.user_id as col_0_0_ from user user0_ where user0_.user_user_id=? limit ?
Hibernate: select U.* from USER U where U.USER_USER_ID =?
Hibernate: select character0_.character_id as characte1_6_0_, character0_.character_character_name as characte2_6_0_ from characters character0_ where character0_.character_id=?
Hibernate: select user0_.user_id as user_id1_20_0_, user0_.character_id as characte7_20_0_, user0_.user_created_at as user_cre2_20_0_, user0_.user_name as user_nam3_20_0_, user0_.user_phone_number as user_pho4_20_0_, user0_.user_user_id as user_use5_20_0_, user0_.user_user_password as user_use6_20_0_ from user user0_ where user0_.user_id=?
Hibernate: select character0_.character_id as characte1_6_0_, character0_.character_character_name as characte2_6_0_ from characters character0_ where character0_.character_id=?
Hibernate: select count(*) as col_0_0_ from user user0_ where user0_.user_id=?
Hibernate: select character1_.character_id as characte1_6_, character1_.character_character_name as characte2_6_ from user user0_ inner join characters character1_ on user0_.character_id=character1_.character_id where user0_.user_id=?
Hibernate: select permission0_.character_id as characte6_11_0_, permission0_.permission_id as permissi1_11_0_, permission0_.permission_id as permissi1_11_1_, permission0_.character_id as characte6_11_1_, permission0_.permission_name as permissi2_11_1_, permission0_.permission_permission_unit_id as permissi3_11_1_, permission0_.permission_service as permissi4_11_1_, permission0_.permission_status as permissi5_11_1_ from permission permission0_ where permission0_.character_id=?
Hibernate: select rewardtag0_.reward_tag_reward_tag_id as reward_t1_14_, rewardtag0_.reward_tag_reward_point as reward_t2_14_, rewardtag0_.reward_tag_reward_tag_title as reward_t3_14_ from reward_tag rewardtag0_
Hibernate: select user0_.user_id as col_0_0_ from user user0_ where user0_.user_user_id=? limit ?
Hibernate: select user0_.user_id as col_0_0_ from user user0_ where user0_.user_user_id=? limit ?
Hibernate: select U.* from USER U where U.USER_USER_ID =?
Hibernate: select character0_.character_id as characte1_6_0_, character0_.character_character_name as characte2_6_0_ from characters character0_ where character0_.character_id=?
Hibernate: select user0_.user_id as col_0_0_ from user user0_ where user0_.user_user_id=? limit ?
Hibernate: select user0_.user_id as user_id1_20_, user0_.character_id as characte7_20_, user0_.user_created_at as user_cre2_20_, user0_.user_name as user_nam3_20_, user0_.user_phone_number as user_pho4_20_, user0_.user_user_id as user_use5_20_, user0_.user_user_password as user_use6_20_ from user user0_ inner join characters character1_ on user0_.character_id=character1_.character_id where user0_.user_user_id=?
Hibernate: select character0_.character_id as characte1_6_0_, character0_.character_character_name as characte2_6_0_ from characters character0_ where character0_.character_id=?
Hibernate: select rewardtagw0_.user_id as user_id4_15_0_, rewardtagw0_.reward_tag_wrapper_reward_id as reward_t1_15_0_, rewardtagw0_.reward_tag_wrapper_reward_id as reward_t1_15_1_, rewardtagw0_.reward_tag_wrapper_reward_presented_at as reward_t2_15_1_, rewardtagw0_.reward_tag_reward_tag_id as reward_t3_15_1_, rewardtagw0_.user_id as user_id4_15_1_ from reward_tag_wrapper rewardtagw0_ where rewardtagw0_.user_id=?
Hibernate: select user0_.user_id as user_id1_20_0_, user0_.character_id as characte7_20_0_, user0_.user_created_at as user_cre2_20_0_, user0_.user_name as user_nam3_20_0_, user0_.user_phone_number as user_pho4_20_0_, user0_.user_user_id as user_use5_20_0_, user0_.user_user_password as user_use6_20_0_ from user user0_ where user0_.user_id=?
Hibernate: select character0_.character_id as characte1_6_0_, character0_.character_character_name as characte2_6_0_ from characters character0_ where character0_.character_id=?
Hibernate: select count(*) as col_0_0_ from user user0_ where user0_.user_id=?
Hibernate: select character1_.character_id as characte1_6_, character1_.character_character_name as characte2_6_ from user user0_ inner join characters character1_ on user0_.character_id=character1_.character_id where user0_.user_id=?
Hibernate: select permission0_.character_id as characte6_11_0_, permission0_.permission_id as permissi1_11_0_, permission0_.permission_id as permissi1_11_1_, permission0_.character_id as characte6_11_1_, permission0_.permission_name as permissi2_11_1_, permission0_.permission_permission_unit_id as permissi3_11_1_, permission0_.permission_service as permissi4_11_1_, permission0_.permission_status as permissi5_11_1_ from permission permission0_ where permission0_.character_id=?
Hibernate: select count(*) as col_0_0_ from user user0_ where user0_.user_id=?
Hibernate: select user0_.user_id as user_id1_20_, user0_.character_id as characte7_20_, user0_.user_created_at as user_cre2_20_, user0_.user_name as user_nam3_20_, user0_.user_phone_number as user_pho4_20_, user0_.user_user_id as user_use5_20_, user0_.user_user_password as user_use6_20_ from user user0_ where user0_.user_id=?
Hibernate: select character0_.character_id as characte1_6_0_, character0_.character_character_name as characte2_6_0_ from characters character0_ where character0_.character_id=?
Hibernate: select rewardtagw0_.user_id as user_id4_15_0_, rewardtagw0_.reward_tag_wrapper_reward_id as reward_t1_15_0_, rewardtagw0_.reward_tag_wrapper_reward_id as reward_t1_15_1_, rewardtagw0_.reward_tag_wrapper_reward_presented_at as reward_t2_15_1_, rewardtagw0_.reward_tag_reward_tag_id as reward_t3_15_1_, rewardtagw0_.user_id as user_id4_15_1_ from reward_tag_wrapper rewardtagw0_ where rewardtagw0_.user_id=?
Hibernate: select attendance0_.attendance_user_attendance_user_id as col_0_0_ from attendance_user attendance0_ where attendance0_.user_id=? limit ?
Hibernate: DELETE FROM USER WHERE USER_ID = ?
Hibernate: select user0_.user_id as col_0_0_ from user user0_ where user0_.user_user_id=? limit ?
Hibernate: select user0_.user_id as col_0_0_ from user user0_ where user0_.user_user_id=? limit ?
Hibernate: select user0_.user_id as col_0_0_ from user user0_ where user0_.user_user_id=? limit ?
Hibernate: select U.* from USER U where U.USER_USER_ID =?
Hibernate: select character0_.character_id as characte1_6_0_, character0_.character_character_name as characte2_6_0_ from characters character0_ where character0_.character_id=?
Hibernate: select user0_.user_id as user_id1_20_0_, user0_.character_id as characte7_20_0_, user0_.user_created_at as user_cre2_20_0_, user0_.user_name as user_nam3_20_0_, user0_.user_phone_number as user_pho4_20_0_, user0_.user_user_id as user_use5_20_0_, user0_.user_user_password as user_use6_20_0_ from user user0_ where user0_.user_id=?
Hibernate: select character0_.character_id as characte1_6_0_, character0_.character_character_name as characte2_6_0_ from characters character0_ where character0_.character_id=?
Hibernate: select count(*) as col_0_0_ from user user0_ where user0_.user_id=?
Hibernate: select character1_.character_id as characte1_6_, character1_.character_character_name as characte2_6_ from user user0_ inner join characters character1_ on user0_.character_id=character1_.character_id where user0_.user_id=?
Hibernate: select permission0_.character_id as characte6_11_0_, permission0_.permission_id as permissi1_11_0_, permission0_.permission_id as permissi1_11_1_, permission0_.character_id as characte6_11_1_, permission0_.permission_name as permissi2_11_1_, permission0_.permission_permission_unit_id as permissi3_11_1_, permission0_.permission_service as permissi4_11_1_, permission0_.permission_status as permissi5_11_1_ from permission permission0_ where permission0_.character_id=?
Hibernate: select rewardtag0_.reward_tag_reward_tag_id as reward_t1_14_, rewardtag0_.reward_tag_reward_point as reward_t2_14_, rewardtag0_.reward_tag_reward_tag_title as reward_t3_14_ from reward_tag rewardtag0_
Hibernate: select user0_.user_id as col_0_0_ from user user0_ where user0_.user_user_id=? limit ?
Hibernate: select user0_.user_id as col_0_0_ from user user0_ where user0_.user_user_id=? limit ?
Hibernate: select U.* from USER U where U.USER_USER_ID =?
Hibernate: select character0_.character_id as characte1_6_0_, character0_.character_character_name as characte2_6_0_ from characters character0_ where character0_.character_id=?
Hibernate: select user0_.user_id as col_0_0_ from user user0_ where user0_.user_user_id=? limit ?
Hibernate: select user0_.user_id as col_0_0_ from user user0_ where user0_.user_user_id=? limit ?
Hibernate: select U.* from USER U where U.USER_USER_ID =?
Hibernate: select character0_.character_id as characte1_6_0_, character0_.character_character_name as characte2_6_0_ from characters character0_ where character0_.character_id=?
Hibernate: select user0_.user_id as user_id1_20_0_, user0_.character_id as characte7_20_0_, user0_.user_created_at as user_cre2_20_0_, user0_.user_name as user_nam3_20_0_, user0_.user_phone_number as user_pho4_20_0_, user0_.user_user_id as user_use5_20_0_, user0_.user_user_password as user_use6_20_0_ from user user0_ where user0_.user_id=?
Hibernate: select character0_.character_id as characte1_6_0_, character0_.character_character_name as characte2_6_0_ from characters character0_ where character0_.character_id=?
Hibernate: select count(*) as col_0_0_ from user user0_ where user0_.user_id=?
Hibernate: select character1_.character_id as characte1_6_, character1_.character_character_name as characte2_6_ from user user0_ inner join characters character1_ on user0_.character_id=character1_.character_id where user0_.user_id=?
Hibernate: select permission0_.character_id as characte6_11_0_, permission0_.permission_id as permissi1_11_0_, permission0_.permission_id as permissi1_11_1_, permission0_.character_id as characte6_11_1_, permission0_.permission_name as permissi2_11_1_, permission0_.permission_permission_unit_id as permissi3_11_1_, permission0_.permission_service as permissi4_11_1_, permission0_.permission_status as permissi5_11_1_ from permission permission0_ where permission0_.character_id=?
Hibernate: select count(*) as col_0_0_ from reward_tag rewardtag0_ where rewardtag0_.reward_tag_reward_tag_id=?
Hibernate: select user0_.user_id as col_0_0_ from user user0_ where user0_.user_user_id=? limit ?
Hibernate: select user0_.user_id as col_0_0_ from user user0_ where user0_.user_user_id=? limit ?
Hibernate: select U.* from USER U where U.USER_USER_ID =?
Hibernate: select character0_.character_id as characte1_6_0_, character0_.character_character_name as characte2_6_0_ from characters character0_ where character0_.character_id=?
Hibernate: select user0_.user_id as user_id1_20_0_, user0_.character_id as characte7_20_0_, user0_.user_created_at as user_cre2_20_0_, user0_.user_name as user_nam3_20_0_, user0_.user_phone_number as user_pho4_20_0_, user0_.user_user_id as user_use5_20_0_, user0_.user_user_password as user_use6_20_0_ from user user0_ where user0_.user_id=?
Hibernate: select character0_.character_id as characte1_6_0_, character0_.character_character_name as characte2_6_0_ from characters character0_ where character0_.character_id=?
Hibernate: select count(*) as col_0_0_ from user user0_ where user0_.user_id=?
Hibernate: select character1_.character_id as characte1_6_, character1_.character_character_name as characte2_6_ from user user0_ inner join characters character1_ on user0_.character_id=character1_.character_id where user0_.user_id=?
Hibernate: select permission0_.character_id as characte6_11_0_, permission0_.permission_id as permissi1_11_0_, permission0_.permission_id as permissi1_11_1_, permission0_.character_id as characte6_11_1_, permission0_.permission_name as permissi2_11_1_, permission0_.permission_permission_unit_id as permissi3_11_1_, permission0_.permission_service as permissi4_11_1_, permission0_.permission_status as permissi5_11_1_ from permission permission0_ where permission0_.character_id=?
Hibernate: select rewardtag0_.reward_tag_reward_tag_id as reward_t1_14_, rewardtag0_.reward_tag_reward_point as reward_t2_14_, rewardtag0_.reward_tag_reward_tag_title as reward_t3_14_ from reward_tag rewardtag0_
Hibernate: select user0_.user_id as col_0_0_ from user user0_ where user0_.user_user_id=? limit ?
Hibernate: select user0_.user_id as col_0_0_ from user user0_ where user0_.user_user_id=? limit ?
Hibernate: select U.* from USER U where U.USER_USER_ID =?
Hibernate: select character0_.character_id as characte1_6_0_, character0_.character_character_name as characte2_6_0_ from characters character0_ where character0_.character_id=?
Hibernate: select user0_.user_id as col_0_0_ from user user0_ where user0_.user_user_id=? limit ?
Hibernate: select user0_.user_id as col_0_0_ from user user0_ where user0_.user_user_id=? limit ?
Hibernate: select U.* from USER U where U.USER_USER_ID =?
Hibernate: select character0_.character_id as characte1_6_0_, character0_.character_character_name as characte2_6_0_ from characters character0_ where character0_.character_id=?
Hibernate: select user0_.user_id as user_id1_20_0_, user0_.character_id as characte7_20_0_, user0_.user_created_at as user_cre2_20_0_, user0_.user_name as user_nam3_20_0_, user0_.user_phone_number as user_pho4_20_0_, user0_.user_user_id as user_use5_20_0_, user0_.user_user_password as user_use6_20_0_ from user user0_ where user0_.user_id=?
Hibernate: select character0_.character_id as characte1_6_0_, character0_.character_character_name as characte2_6_0_ from characters character0_ where character0_.character_id=?
Hibernate: select count(*) as col_0_0_ from user user0_ where user0_.user_id=?
Hibernate: select character1_.character_id as characte1_6_, character1_.character_character_name as characte2_6_ from user user0_ inner join characters character1_ on user0_.character_id=character1_.character_id where user0_.user_id=?
Hibernate: select permission0_.character_id as characte6_11_0_, permission0_.permission_id as permissi1_11_0_, permission0_.permission_id as permissi1_11_1_, permission0_.character_id as characte6_11_1_, permission0_.permission_name as permissi2_11_1_, permission0_.permission_permission_unit_id as permissi3_11_1_, permission0_.permission_service as permissi4_11_1_, permission0_.permission_status as permissi5_11_1_ from permission permission0_ where permission0_.character_id=?
Hibernate: select rewardtag0_.reward_tag_reward_tag_id as reward_t1_14_, rewardtag0_.reward_tag_reward_point as reward_t2_14_, rewardtag0_.reward_tag_reward_tag_title as reward_t3_14_ from reward_tag rewardtag0_
Hibernate: select user0_.user_id as col_0_0_ from user user0_ where user0_.user_user_id=? limit ?
Hibernate: select user0_.user_id as col_0_0_ from user user0_ where user0_.user_user_id=? limit ?
Hibernate: select U.* from USER U where U.USER_USER_ID =?
Hibernate: select character0_.character_id as characte1_6_0_, character0_.character_character_name as characte2_6_0_ from characters character0_ where character0_.character_id=?
Hibernate: select user0_.user_id as col_0_0_ from user user0_ where user0_.user_user_id=? limit ?
Hibernate: select user0_.user_id as col_0_0_ from user user0_ where user0_.user_user_id=? limit ?
Hibernate: select U.* from USER U where U.USER_USER_ID =?
Hibernate: select character0_.character_id as characte1_6_0_, character0_.character_character_name as characte2_6_0_ from characters character0_ where character0_.character_id=?
Hibernate: select user0_.user_id as user_id1_20_0_, user0_.character_id as characte7_20_0_, user0_.user_created_at as user_cre2_20_0_, user0_.user_name as user_nam3_20_0_, user0_.user_phone_number as user_pho4_20_0_, user0_.user_user_id as user_use5_20_0_, user0_.user_user_password as user_use6_20_0_ from user user0_ where user0_.user_id=?
Hibernate: select character0_.character_id as characte1_6_0_, character0_.character_character_name as characte2_6_0_ from characters character0_ where character0_.character_id=?
Hibernate: select count(*) as col_0_0_ from user user0_ where user0_.user_id=?
Hibernate: select character1_.character_id as characte1_6_, character1_.character_character_name as characte2_6_ from user user0_ inner join characters character1_ on user0_.character_id=character1_.character_id where user0_.user_id=?
Hibernate: select permission0_.character_id as characte6_11_0_, permission0_.permission_id as permissi1_11_0_, permission0_.permission_id as permissi1_11_1_, permission0_.character_id as characte6_11_1_, permission0_.permission_name as permissi2_11_1_, permission0_.permission_permission_unit_id as permissi3_11_1_, permission0_.permission_service as permissi4_11_1_, permission0_.permission_status as permissi5_11_1_ from permission permission0_ where permission0_.character_id=?
Hibernate: select count(*) as col_0_0_ from user user0_ where user0_.user_id=?
Hibernate: select user0_.user_id as col_0_0_ from user user0_ where user0_.user_user_id=? limit ?
Hibernate: select user0_.user_id as col_0_0_ from user user0_ where user0_.user_user_id=? limit ?
Hibernate: select U.* from USER U where U.USER_USER_ID =?
Hibernate: select character0_.character_id as characte1_6_0_, character0_.character_character_name as characte2_6_0_ from characters character0_ where character0_.character_id=?
Hibernate: select user0_.user_id as user_id1_20_0_, user0_.character_id as characte7_20_0_, user0_.user_created_at as user_cre2_20_0_, user0_.user_name as user_nam3_20_0_, user0_.user_phone_number as user_pho4_20_0_, user0_.user_user_id as user_use5_20_0_, user0_.user_user_password as user_use6_20_0_ from user user0_ where user0_.user_id=?
Hibernate: select character0_.character_id as characte1_6_0_, character0_.character_character_name as characte2_6_0_ from characters character0_ where character0_.character_id=?
Hibernate: select count(*) as col_0_0_ from user user0_ where user0_.user_id=?
Hibernate: select character1_.character_id as characte1_6_, character1_.character_character_name as characte2_6_ from user user0_ inner join characters character1_ on user0_.character_id=character1_.character_id where user0_.user_id=?
Hibernate: select permission0_.character_id as characte6_11_0_, permission0_.permission_id as permissi1_11_0_, permission0_.permission_id as permissi1_11_1_, permission0_.character_id as characte6_11_1_, permission0_.permission_name as permissi2_11_1_, permission0_.permission_permission_unit_id as permissi3_11_1_, permission0_.permission_service as permissi4_11_1_, permission0_.permission_status as permissi5_11_1_ from permission permission0_ where permission0_.character_id=?
Hibernate: select rewardtag0_.reward_tag_reward_tag_id as reward_t1_14_, rewardtag0_.reward_tag_reward_point as reward_t2_14_, rewardtag0_.reward_tag_reward_tag_title as reward_t3_14_ from reward_tag rewardtag0_
Hibernate: select user0_.user_id as col_0_0_ from user user0_ where user0_.user_user_id=? limit ?
Hibernate: select user0_.user_id as col_0_0_ from user user0_ where user0_.user_user_id=? limit ?
Hibernate: select U.* from USER U where U.USER_USER_ID =?
Hibernate: select character0_.character_id as characte1_6_0_, character0_.character_character_name as characte2_6_0_ from characters character0_ where character0_.character_id=?
Hibernate: select user0_.user_id as col_0_0_ from user user0_ where user0_.user_user_id=? limit ?
Hibernate: select user0_.user_id as col_0_0_ from user user0_ where user0_.user_user_id=? limit ?
Hibernate: select U.* from USER U where U.USER_USER_ID =?
Hibernate: select character0_.character_id as characte1_6_0_, character0_.character_character_name as characte2_6_0_ from characters character0_ where character0_.character_id=?
Hibernate: select user0_.user_id as user_id1_20_0_, user0_.character_id as characte7_20_0_, user0_.user_created_at as user_cre2_20_0_, user0_.user_name as user_nam3_20_0_, user0_.user_phone_number as user_pho4_20_0_, user0_.user_user_id as user_use5_20_0_, user0_.user_user_password as user_use6_20_0_ from user user0_ where user0_.user_id=?
Hibernate: select character0_.character_id as characte1_6_0_, character0_.character_character_name as characte2_6_0_ from characters character0_ where character0_.character_id=?
Hibernate: select count(*) as col_0_0_ from user user0_ where user0_.user_id=?
Hibernate: select character1_.character_id as characte1_6_, character1_.character_character_name as characte2_6_ from user user0_ inner join characters character1_ on user0_.character_id=character1_.character_id where user0_.user_id=?
Hibernate: select permission0_.character_id as characte6_11_0_, permission0_.permission_id as permissi1_11_0_, permission0_.permission_id as permissi1_11_1_, permission0_.character_id as characte6_11_1_, permission0_.permission_name as permissi2_11_1_, permission0_.permission_permission_unit_id as permissi3_11_1_, permission0_.permission_service as permissi4_11_1_, permission0_.permission_status as permissi5_11_1_ from permission permission0_ where permission0_.character_id=?
Hibernate: select rewardtag0_.reward_tag_reward_tag_id as reward_t1_14_, rewardtag0_.reward_tag_reward_point as reward_t2_14_, rewardtag0_.reward_tag_reward_tag_title as reward_t3_14_ from reward_tag rewardtag0_
Hibernate: select user0_.user_id as col_0_0_ from user user0_ where user0_.user_user_id=? limit ?
Hibernate: select user0_.user_id as col_0_0_ from user user0_ where user0_.user_user_id=? limit ?
Hibernate: select U.* from USER U where U.USER_USER_ID =?
Hibernate: select character0_.character_id as characte1_6_0_, character0_.character_character_name as characte2_6_0_ from characters character0_ where character0_.character_id=?
Hibernate: select user0_.user_id as col_0_0_ from user user0_ where user0_.user_user_id=? limit ?
Hibernate: select user0_.user_id as col_0_0_ from user user0_ where user0_.user_user_id=? limit ?
Hibernate: select U.* from USER U where U.USER_USER_ID =?
Hibernate: select character0_.character_id as characte1_6_0_, character0_.character_character_name as characte2_6_0_ from characters character0_ where character0_.character_id=?
Hibernate: select user0_.user_id as col_0_0_ from user user0_ where user0_.user_user_id=? limit ?
Hibernate: select userjoinin0_.user_joining_pool_id as col_0_0_ from user_joining_pool userjoinin0_ where userjoinin0_.user_user_id=? limit ?
Hibernate: select character0_.character_id as col_0_0_ from characters character0_ where character0_.character_character_name=? limit ?
Hibernate: insert into user_joining_pool (user_joining_pool_id, user_created_at, user_name, user_phone_number, user_user_id, user_user_password) values (default, ?, ?, ?, ?, ?)

MockHttpServletRequest:
      HTTP Method = POST
      Request URI = /user
       Parameters = {}
          Headers = [Content-Type:"application/json;charset=UTF-8", Accept:"application/json", api-version:"1.0", Content-Length:"102"]
             Body = {"name":"some-one-else","user_id":"abc123","user_password":"aadsfc123!!","phone_number":"01012341234"}
    Session Attrs = {}

Handler:
             Type = org.waldreg.controller.joiningpool.JoiningPoolController
           Method = org.waldreg.controller.joiningpool.JoiningPoolController#createUser(UserRequest)

Async:
    Async started = false
     Async result = null

Resolved Exception:
             Type = null

ModelAndView:
        View name = null
             View = null
            Model = null

FlashMap:
       Attributes = null

MockHttpServletResponse:
           Status = 200
    Error message = null
          Headers = [Vary:"Origin", "Access-Control-Request-Method", "Access-Control-Request-Headers", Api-version:"1.0"]
     Content type = null
             Body = 
    Forwarded URL = null
   Redirected URL = null
          Cookies = []
Hibernate: select user0_.user_id as user_id1_20_0_, user0_.character_id as characte7_20_0_, user0_.user_created_at as user_cre2_20_0_, user0_.user_name as user_nam3_20_0_, user0_.user_phone_number as user_pho4_20_0_, user0_.user_user_id as user_use5_20_0_, user0_.user_user_password as user_use6_20_0_ from user user0_ where user0_.user_id=?
Hibernate: select character0_.character_id as characte1_6_0_, character0_.character_character_name as characte2_6_0_ from characters character0_ where character0_.character_id=?
Hibernate: select count(*) as col_0_0_ from user user0_ where user0_.user_id=?
Hibernate: select character1_.character_id as characte1_6_, character1_.character_character_name as characte2_6_ from user user0_ inner join characters character1_ on user0_.character_id=character1_.character_id where user0_.user_id=?
Hibernate: select permission0_.character_id as characte6_11_0_, permission0_.permission_id as permissi1_11_0_, permission0_.permission_id as permissi1_11_1_, permission0_.character_id as characte6_11_1_, permission0_.permission_name as permissi2_11_1_, permission0_.permission_permission_unit_id as permissi3_11_1_, permission0_.permission_service as permissi4_11_1_, permission0_.permission_status as permissi5_11_1_ from permission permission0_ where permission0_.character_id=?
Hibernate: select userjoinin0_.user_joining_pool_id as col_0_0_ from user_joining_pool userjoinin0_ where userjoinin0_.user_user_id=? limit ?
Hibernate: select userjoinin0_.user_joining_pool_id as user_joi1_21_, userjoinin0_.user_created_at as user_cre2_21_, userjoinin0_.user_name as user_nam3_21_, userjoinin0_.user_phone_number as user_pho4_21_, userjoinin0_.user_user_id as user_use5_21_, userjoinin0_.user_user_password as user_use6_21_ from user_joining_pool userjoinin0_ where userjoinin0_.user_user_id=?
Hibernate: select character0_.character_id as characte1_6_, character0_.character_character_name as characte2_6_ from characters character0_ where character0_.character_character_name=?
Hibernate: insert into user (user_id, character_id, user_created_at, user_name, user_phone_number, user_user_id, user_user_password) values (default, ?, ?, ?, ?, ?, ?)
Hibernate: DELETE FROM USER_JOINING_POOL as JU where JU.USER_USER_ID =?
Hibernate: select user0_.user_id as col_0_0_ from user user0_ where user0_.user_user_id=? limit ?
Hibernate: select user0_.user_id as col_0_0_ from user user0_ where user0_.user_user_id=? limit ?
Hibernate: select U.* from USER U where U.USER_USER_ID =?
Hibernate: select character0_.character_id as characte1_6_0_, character0_.character_character_name as characte2_6_0_ from characters character0_ where character0_.character_id=?
Hibernate: select user0_.user_id as user_id1_20_0_, user0_.character_id as characte7_20_0_, user0_.user_created_at as user_cre2_20_0_, user0_.user_name as user_nam3_20_0_, user0_.user_phone_number as user_pho4_20_0_, user0_.user_user_id as user_use5_20_0_, user0_.user_user_password as user_use6_20_0_ from user user0_ where user0_.user_id=?
Hibernate: select character0_.character_id as characte1_6_0_, character0_.character_character_name as characte2_6_0_ from characters character0_ where character0_.character_id=?
Hibernate: select count(*) as col_0_0_ from user user0_ where user0_.user_id=?
Hibernate: select character1_.character_id as characte1_6_, character1_.character_character_name as characte2_6_ from user user0_ inner join characters character1_ on user0_.character_id=character1_.character_id where user0_.user_id=?
Hibernate: select permission0_.character_id as characte6_11_0_, permission0_.permission_id as permissi1_11_0_, permission0_.permission_id as permissi1_11_1_, permission0_.character_id as characte6_11_1_, permission0_.permission_name as permissi2_11_1_, permission0_.permission_permission_unit_id as permissi3_11_1_, permission0_.permission_service as permissi4_11_1_, permission0_.permission_status as permissi5_11_1_ from permission permission0_ where permission0_.character_id=?
Hibernate: select user0_.user_id as col_0_0_ from user user0_ where user0_.user_user_id=? limit ?
Hibernate: select user0_.user_id as col_0_0_ from user user0_ where user0_.user_user_id=? limit ?
Hibernate: select U.* from USER U where U.USER_USER_ID =?
Hibernate: select character0_.character_id as characte1_6_0_, character0_.character_character_name as characte2_6_0_ from characters character0_ where character0_.character_id=?
Hibernate: select user0_.user_id as user_id1_20_0_, user0_.character_id as characte7_20_0_, user0_.user_created_at as user_cre2_20_0_, user0_.user_name as user_nam3_20_0_, user0_.user_phone_number as user_pho4_20_0_, user0_.user_user_id as user_use5_20_0_, user0_.user_user_password as user_use6_20_0_ from user user0_ where user0_.user_id=?
Hibernate: select character0_.character_id as characte1_6_0_, character0_.character_character_name as characte2_6_0_ from characters character0_ where character0_.character_id=?
Hibernate: select count(*) as col_0_0_ from user user0_ where user0_.user_id=?
Hibernate: select character1_.character_id as characte1_6_, character1_.character_character_name as characte2_6_ from user user0_ inner join characters character1_ on user0_.character_id=character1_.character_id where user0_.user_id=?
Hibernate: select permission0_.character_id as characte6_11_0_, permission0_.permission_id as permissi1_11_0_, permission0_.permission_id as permissi1_11_1_, permission0_.character_id as characte6_11_1_, permission0_.permission_name as permissi2_11_1_, permission0_.permission_permission_unit_id as permissi3_11_1_, permission0_.permission_service as permissi4_11_1_, permission0_.permission_status as permissi5_11_1_ from permission permission0_ where permission0_.character_id=?
Hibernate: select rewardtag0_.reward_tag_reward_tag_id as reward_t1_14_, rewardtag0_.reward_tag_reward_point as reward_t2_14_, rewardtag0_.reward_tag_reward_tag_title as reward_t3_14_ from reward_tag rewardtag0_
Hibernate: select user0_.user_id as col_0_0_ from user user0_ where user0_.user_user_id=? limit ?
Hibernate: select user0_.user_id as col_0_0_ from user user0_ where user0_.user_user_id=? limit ?
Hibernate: select U.* from USER U where U.USER_USER_ID =?
Hibernate: select character0_.character_id as characte1_6_0_, character0_.character_character_name as characte2_6_0_ from characters character0_ where character0_.character_id=?
Hibernate: select user0_.user_id as col_0_0_ from user user0_ where user0_.user_user_id=? limit ?
Hibernate: select user0_.user_id as user_id1_20_, user0_.character_id as characte7_20_, user0_.user_created_at as user_cre2_20_, user0_.user_name as user_nam3_20_, user0_.user_phone_number as user_pho4_20_, user0_.user_user_id as user_use5_20_, user0_.user_user_password as user_use6_20_ from user user0_ inner join characters character1_ on user0_.character_id=character1_.character_id where user0_.user_user_id=?
Hibernate: select character0_.character_id as characte1_6_0_, character0_.character_character_name as characte2_6_0_ from characters character0_ where character0_.character_id=?
Hibernate: select rewardtagw0_.user_id as user_id4_15_0_, rewardtagw0_.reward_tag_wrapper_reward_id as reward_t1_15_0_, rewardtagw0_.reward_tag_wrapper_reward_id as reward_t1_15_1_, rewardtagw0_.reward_tag_wrapper_reward_presented_at as reward_t2_15_1_, rewardtagw0_.reward_tag_reward_tag_id as reward_t3_15_1_, rewardtagw0_.user_id as user_id4_15_1_ from reward_tag_wrapper rewardtagw0_ where rewardtagw0_.user_id=?
Hibernate: select user0_.user_id as user_id1_20_0_, user0_.character_id as characte7_20_0_, user0_.user_created_at as user_cre2_20_0_, user0_.user_name as user_nam3_20_0_, user0_.user_phone_number as user_pho4_20_0_, user0_.user_user_id as user_use5_20_0_, user0_.user_user_password as user_use6_20_0_ from user user0_ where user0_.user_id=?
Hibernate: select character0_.character_id as characte1_6_0_, character0_.character_character_name as characte2_6_0_ from characters character0_ where character0_.character_id=?
Hibernate: select count(*) as col_0_0_ from user user0_ where user0_.user_id=?
Hibernate: select character1_.character_id as characte1_6_, character1_.character_character_name as characte2_6_ from user user0_ inner join characters character1_ on user0_.character_id=character1_.character_id where user0_.user_id=?
Hibernate: select permission0_.character_id as characte6_11_0_, permission0_.permission_id as permissi1_11_0_, permission0_.permission_id as permissi1_11_1_, permission0_.character_id as characte6_11_1_, permission0_.permission_name as permissi2_11_1_, permission0_.permission_permission_unit_id as permissi3_11_1_, permission0_.permission_service as permissi4_11_1_, permission0_.permission_status as permissi5_11_1_ from permission permission0_ where permission0_.character_id=?
Hibernate: select count(*) as col_0_0_ from user user0_ where user0_.user_id=?
Hibernate: select user0_.user_id as user_id1_20_, user0_.character_id as characte7_20_, user0_.user_created_at as user_cre2_20_, user0_.user_name as user_nam3_20_, user0_.user_phone_number as user_pho4_20_, user0_.user_user_id as user_use5_20_, user0_.user_user_password as user_use6_20_ from user user0_ where user0_.user_id=?
Hibernate: select character0_.character_id as characte1_6_0_, character0_.character_character_name as characte2_6_0_ from characters character0_ where character0_.character_id=?
Hibernate: select rewardtagw0_.user_id as user_id4_15_0_, rewardtagw0_.reward_tag_wrapper_reward_id as reward_t1_15_0_, rewardtagw0_.reward_tag_wrapper_reward_id as reward_t1_15_1_, rewardtagw0_.reward_tag_wrapper_reward_presented_at as reward_t2_15_1_, rewardtagw0_.reward_tag_reward_tag_id as reward_t3_15_1_, rewardtagw0_.user_id as user_id4_15_1_ from reward_tag_wrapper rewardtagw0_ where rewardtagw0_.user_id=?
Hibernate: select attendance0_.attendance_user_attendance_user_id as col_0_0_ from attendance_user attendance0_ where attendance0_.user_id=? limit ?
Hibernate: DELETE FROM USER WHERE USER_ID = ?
Hibernate: select user0_.user_id as col_0_0_ from user user0_ where user0_.user_user_id=? limit ?
Hibernate: select user0_.user_id as col_0_0_ from user user0_ where user0_.user_user_id=? limit ?
Hibernate: select user0_.user_id as col_0_0_ from user user0_ where user0_.user_user_id=? limit ?
Hibernate: select U.* from USER U where U.USER_USER_ID =?
Hibernate: select character0_.character_id as characte1_6_0_, character0_.character_character_name as characte2_6_0_ from characters character0_ where character0_.character_id=?
Hibernate: select user0_.user_id as user_id1_20_0_, user0_.character_id as characte7_20_0_, user0_.user_created_at as user_cre2_20_0_, user0_.user_name as user_nam3_20_0_, user0_.user_phone_number as user_pho4_20_0_, user0_.user_user_id as user_use5_20_0_, user0_.user_user_password as user_use6_20_0_ from user user0_ where user0_.user_id=?
Hibernate: select character0_.character_id as characte1_6_0_, character0_.character_character_name as characte2_6_0_ from characters character0_ where character0_.character_id=?
Hibernate: select count(*) as col_0_0_ from user user0_ where user0_.user_id=?
Hibernate: select character1_.character_id as characte1_6_, character1_.character_character_name as characte2_6_ from user user0_ inner join characters character1_ on user0_.character_id=character1_.character_id where user0_.user_id=?
Hibernate: select permission0_.character_id as characte6_11_0_, permission0_.permission_id as permissi1_11_0_, permission0_.permission_id as permissi1_11_1_, permission0_.character_id as characte6_11_1_, permission0_.permission_name as permissi2_11_1_, permission0_.permission_permission_unit_id as permissi3_11_1_, permission0_.permission_service as permissi4_11_1_, permission0_.permission_status as permissi5_11_1_ from permission permission0_ where permission0_.character_id=?
Hibernate: select rewardtag0_.reward_tag_reward_tag_id as reward_t1_14_, rewardtag0_.reward_tag_reward_point as reward_t2_14_, rewardtag0_.reward_tag_reward_tag_title as reward_t3_14_ from reward_tag rewardtag0_
Hibernate: select user0_.user_id as col_0_0_ from user user0_ where user0_.user_user_id=? limit ?
Hibernate: select user0_.user_id as col_0_0_ from user user0_ where user0_.user_user_id=? limit ?
Hibernate: select U.* from USER U where U.USER_USER_ID =?
Hibernate: select character0_.character_id as characte1_6_0_, character0_.character_character_name as characte2_6_0_ from characters character0_ where character0_.character_id=?
Hibernate: select user0_.user_id as col_0_0_ from user user0_ where user0_.user_user_id=? limit ?
Hibernate: select user0_.user_id as col_0_0_ from user user0_ where user0_.user_user_id=? limit ?
Hibernate: select U.* from USER U where U.USER_USER_ID =?
Hibernate: select character0_.character_id as characte1_6_0_, character0_.character_character_name as characte2_6_0_ from characters character0_ where character0_.character_id=?
Hibernate: select user0_.user_id as user_id1_20_0_, user0_.character_id as characte7_20_0_, user0_.user_created_at as user_cre2_20_0_, user0_.user_name as user_nam3_20_0_, user0_.user_phone_number as user_pho4_20_0_, user0_.user_user_id as user_use5_20_0_, user0_.user_user_password as user_use6_20_0_ from user user0_ where user0_.user_id=?
Hibernate: select character0_.character_id as characte1_6_0_, character0_.character_character_name as characte2_6_0_ from characters character0_ where character0_.character_id=?
Hibernate: select count(*) as col_0_0_ from user user0_ where user0_.user_id=?
Hibernate: select character1_.character_id as characte1_6_, character1_.character_character_name as characte2_6_ from user user0_ inner join characters character1_ on user0_.character_id=character1_.character_id where user0_.user_id=?
Hibernate: select permission0_.character_id as characte6_11_0_, permission0_.permission_id as permissi1_11_0_, permission0_.permission_id as permissi1_11_1_, permission0_.character_id as characte6_11_1_, permission0_.permission_name as permissi2_11_1_, permission0_.permission_permission_unit_id as permissi3_11_1_, permission0_.permission_service as permissi4_11_1_, permission0_.permission_status as permissi5_11_1_ from permission permission0_ where permission0_.character_id=?
Hibernate: insert into reward_tag (reward_tag_reward_tag_id, reward_tag_reward_point, reward_tag_reward_tag_title) values (default, ?, ?)
Hibernate: select user0_.user_id as user_id1_20_0_, user0_.character_id as characte7_20_0_, user0_.user_created_at as user_cre2_20_0_, user0_.user_name as user_nam3_20_0_, user0_.user_phone_number as user_pho4_20_0_, user0_.user_user_id as user_use5_20_0_, user0_.user_user_password as user_use6_20_0_ from user user0_ where user0_.user_id=?
Hibernate: select character0_.character_id as characte1_6_0_, character0_.character_character_name as characte2_6_0_ from characters character0_ where character0_.character_id=?
Hibernate: select count(*) as col_0_0_ from user user0_ where user0_.user_id=?
Hibernate: select character1_.character_id as characte1_6_, character1_.character_character_name as characte2_6_ from user user0_ inner join characters character1_ on user0_.character_id=character1_.character_id where user0_.user_id=?
Hibernate: select permission0_.character_id as characte6_11_0_, permission0_.permission_id as permissi1_11_0_, permission0_.permission_id as permissi1_11_1_, permission0_.character_id as characte6_11_1_, permission0_.permission_name as permissi2_11_1_, permission0_.permission_permission_unit_id as permissi3_11_1_, permission0_.permission_service as permissi4_11_1_, permission0_.permission_status as permissi5_11_1_ from permission permission0_ where permission0_.character_id=?
Hibernate: select rewardtag0_.reward_tag_reward_tag_id as reward_t1_14_, rewardtag0_.reward_tag_reward_point as reward_t2_14_, rewardtag0_.reward_tag_reward_tag_title as reward_t3_14_ from reward_tag rewardtag0_
Hibernate: select user0_.user_id as user_id1_20_0_, user0_.character_id as characte7_20_0_, user0_.user_created_at as user_cre2_20_0_, user0_.user_name as user_nam3_20_0_, user0_.user_phone_number as user_pho4_20_0_, user0_.user_user_id as user_use5_20_0_, user0_.user_user_password as user_use6_20_0_ from user user0_ where user0_.user_id=?
Hibernate: select character0_.character_id as characte1_6_0_, character0_.character_character_name as characte2_6_0_ from characters character0_ where character0_.character_id=?
Hibernate: select count(*) as col_0_0_ from user user0_ where user0_.user_id=?
Hibernate: select character1_.character_id as characte1_6_, character1_.character_character_name as characte2_6_ from user user0_ inner join characters character1_ on user0_.character_id=character1_.character_id where user0_.user_id=?
Hibernate: select permission0_.character_id as characte6_11_0_, permission0_.permission_id as permissi1_11_0_, permission0_.permission_id as permissi1_11_1_, permission0_.character_id as characte6_11_1_, permission0_.permission_name as permissi2_11_1_, permission0_.permission_permission_unit_id as permissi3_11_1_, permission0_.permission_service as permissi4_11_1_, permission0_.permission_status as permissi5_11_1_ from permission permission0_ where permission0_.character_id=?
Hibernate: select count(*) as col_0_0_ from reward_tag rewardtag0_ where rewardtag0_.reward_tag_reward_tag_id=?
Hibernate: DELETE FROM REWARD_TAG_WRAPPER AS RTW WHERE RTW.REWARD_TAG_REWARD_TAG_ID = ?
Hibernate: select rewardtag0_.reward_tag_reward_tag_id as reward_t1_14_0_, rewardtag0_.reward_tag_reward_point as reward_t2_14_0_, rewardtag0_.reward_tag_reward_tag_title as reward_t3_14_0_ from reward_tag rewardtag0_ where rewardtag0_.reward_tag_reward_tag_id=?
Hibernate: select attendance0_.attendance_type_reward_id as attendan1_2_, attendance0_.attendance_type_name as attendan2_2_, attendance0_.reward_tag_reward_tag_id as reward_t3_2_ from attendance_type_reward attendance0_ where attendance0_.reward_tag_reward_tag_id=?
Hibernate: delete from reward_tag where reward_tag_reward_tag_id=?
Hibernate: select user0_.user_id as user_id1_20_0_, user0_.character_id as characte7_20_0_, user0_.user_created_at as user_cre2_20_0_, user0_.user_name as user_nam3_20_0_, user0_.user_phone_number as user_pho4_20_0_, user0_.user_user_id as user_use5_20_0_, user0_.user_user_password as user_use6_20_0_ from user user0_ where user0_.user_id=?
Hibernate: select character0_.character_id as characte1_6_0_, character0_.character_character_name as characte2_6_0_ from characters character0_ where character0_.character_id=?
Hibernate: select count(*) as col_0_0_ from user user0_ where user0_.user_id=?
Hibernate: select character1_.character_id as characte1_6_, character1_.character_character_name as characte2_6_ from user user0_ inner join characters character1_ on user0_.character_id=character1_.character_id where user0_.user_id=?
Hibernate: select permission0_.character_id as characte6_11_0_, permission0_.permission_id as permissi1_11_0_, permission0_.permission_id as permissi1_11_1_, permission0_.character_id as characte6_11_1_, permission0_.permission_name as permissi2_11_1_, permission0_.permission_permission_unit_id as permissi3_11_1_, permission0_.permission_service as permissi4_11_1_, permission0_.permission_status as permissi5_11_1_ from permission permission0_ where permission0_.character_id=?
Hibernate: select count(*) as col_0_0_ from reward_tag rewardtag0_ where rewardtag0_.reward_tag_reward_tag_id=?
Hibernate: select user0_.user_id as col_0_0_ from user user0_ where user0_.user_user_id=? limit ?
Hibernate: select user0_.user_id as col_0_0_ from user user0_ where user0_.user_user_id=? limit ?
Hibernate: select U.* from USER U where U.USER_USER_ID =?
Hibernate: select character0_.character_id as characte1_6_0_, character0_.character_character_name as characte2_6_0_ from characters character0_ where character0_.character_id=?
Hibernate: select user0_.user_id as user_id1_20_0_, user0_.character_id as characte7_20_0_, user0_.user_created_at as user_cre2_20_0_, user0_.user_name as user_nam3_20_0_, user0_.user_phone_number as user_pho4_20_0_, user0_.user_user_id as user_use5_20_0_, user0_.user_user_password as user_use6_20_0_ from user user0_ where user0_.user_id=?
Hibernate: select character0_.character_id as characte1_6_0_, character0_.character_character_name as characte2_6_0_ from characters character0_ where character0_.character_id=?
Hibernate: select count(*) as col_0_0_ from user user0_ where user0_.user_id=?
Hibernate: select character1_.character_id as characte1_6_, character1_.character_character_name as characte2_6_ from user user0_ inner join characters character1_ on user0_.character_id=character1_.character_id where user0_.user_id=?
Hibernate: select permission0_.character_id as characte6_11_0_, permission0_.permission_id as permissi1_11_0_, permission0_.permission_id as permissi1_11_1_, permission0_.character_id as characte6_11_1_, permission0_.permission_name as permissi2_11_1_, permission0_.permission_permission_unit_id as permissi3_11_1_, permission0_.permission_service as permissi4_11_1_, permission0_.permission_status as permissi5_11_1_ from permission permission0_ where permission0_.character_id=?
Hibernate: select rewardtag0_.reward_tag_reward_tag_id as reward_t1_14_, rewardtag0_.reward_tag_reward_point as reward_t2_14_, rewardtag0_.reward_tag_reward_tag_title as reward_t3_14_ from reward_tag rewardtag0_
Hibernate: select user0_.user_id as col_0_0_ from user user0_ where user0_.user_user_id=? limit ?
Hibernate: select user0_.user_id as col_0_0_ from user user0_ where user0_.user_user_id=? limit ?
Hibernate: select U.* from USER U where U.USER_USER_ID =?
Hibernate: select character0_.character_id as characte1_6_0_, character0_.character_character_name as characte2_6_0_ from characters character0_ where character0_.character_id=?
Hibernate: select user0_.user_id as col_0_0_ from user user0_ where user0_.user_user_id=? limit ?
Hibernate: select user0_.user_id as col_0_0_ from user user0_ where user0_.user_user_id=? limit ?
Hibernate: select U.* from USER U where U.USER_USER_ID =?
Hibernate: select character0_.character_id as characte1_6_0_, character0_.character_character_name as characte2_6_0_ from characters character0_ where character0_.character_id=?
Hibernate: select user0_.user_id as user_id1_20_0_, user0_.character_id as characte7_20_0_, user0_.user_created_at as user_cre2_20_0_, user0_.user_name as user_nam3_20_0_, user0_.user_phone_number as user_pho4_20_0_, user0_.user_user_id as user_use5_20_0_, user0_.user_user_password as user_use6_20_0_ from user user0_ where user0_.user_id=?
Hibernate: select character0_.character_id as characte1_6_0_, character0_.character_character_name as characte2_6_0_ from characters character0_ where character0_.character_id=?
Hibernate: select count(*) as col_0_0_ from user user0_ where user0_.user_id=?
Hibernate: select character1_.character_id as characte1_6_, character1_.character_character_name as characte2_6_ from user user0_ inner join characters character1_ on user0_.character_id=character1_.character_id where user0_.user_id=?
Hibernate: select permission0_.character_id as characte6_11_0_, permission0_.permission_id as permissi1_11_0_, permission0_.permission_id as permissi1_11_1_, permission0_.character_id as characte6_11_1_, permission0_.permission_name as permissi2_11_1_, permission0_.permission_permission_unit_id as permissi3_11_1_, permission0_.permission_service as permissi4_11_1_, permission0_.permission_status as permissi5_11_1_ from permission permission0_ where permission0_.character_id=?
Hibernate: select rewardtag0_.reward_tag_reward_tag_id as reward_t1_14_, rewardtag0_.reward_tag_reward_point as reward_t2_14_, rewardtag0_.reward_tag_reward_tag_title as reward_t3_14_ from reward_tag rewardtag0_
Hibernate: select user0_.user_id as col_0_0_ from user user0_ where user0_.user_user_id=? limit ?
Hibernate: select user0_.user_id as col_0_0_ from user user0_ where user0_.user_user_id=? limit ?
Hibernate: select U.* from USER U where U.USER_USER_ID =?
Hibernate: select character0_.character_id as characte1_6_0_, character0_.character_character_name as characte2_6_0_ from characters character0_ where character0_.character_id=?
Hibernate: select user0_.user_id as col_0_0_ from user user0_ where user0_.user_user_id=? limit ?
Hibernate: select user0_.user_id as col_0_0_ from user user0_ where user0_.user_user_id=? limit ?
Hibernate: select U.* from USER U where U.USER_USER_ID =?
Hibernate: select character0_.character_id as characte1_6_0_, character0_.character_character_name as characte2_6_0_ from characters character0_ where character0_.character_id=?
Hibernate: select user0_.user_id as col_0_0_ from user user0_ where user0_.user_user_id=? limit ?
Hibernate: select userjoinin0_.user_joining_pool_id as col_0_0_ from user_joining_pool userjoinin0_ where userjoinin0_.user_user_id=? limit ?
Hibernate: select character0_.character_id as col_0_0_ from characters character0_ where character0_.character_character_name=? limit ?
Hibernate: insert into user_joining_pool (user_joining_pool_id, user_created_at, user_name, user_phone_number, user_user_id, user_user_password) values (default, ?, ?, ?, ?, ?)

MockHttpServletRequest:
      HTTP Method = POST
      Request URI = /user
       Parameters = {}
          Headers = [Content-Type:"application/json;charset=UTF-8", Accept:"application/json", api-version:"1.0", Content-Length:"99"]
             Body = {"name":"someone","user_id":"some-one","user_password":"adcgd123!!@@","phone_number":"01012341234"}
    Session Attrs = {}

Handler:
             Type = org.waldreg.controller.joiningpool.JoiningPoolController
           Method = org.waldreg.controller.joiningpool.JoiningPoolController#createUser(UserRequest)

Async:
    Async started = false
     Async result = null

Resolved Exception:
             Type = null

ModelAndView:
        View name = null
             View = null
            Model = null

FlashMap:
       Attributes = null

MockHttpServletResponse:
           Status = 200
    Error message = null
          Headers = [Vary:"Origin", "Access-Control-Request-Method", "Access-Control-Request-Headers", Api-version:"1.0"]
     Content type = null
             Body = 
    Forwarded URL = null
   Redirected URL = null
          Cookies = []
Hibernate: select user0_.user_id as user_id1_20_0_, user0_.character_id as characte7_20_0_, user0_.user_created_at as user_cre2_20_0_, user0_.user_name as user_nam3_20_0_, user0_.user_phone_number as user_pho4_20_0_, user0_.user_user_id as user_use5_20_0_, user0_.user_user_password as user_use6_20_0_ from user user0_ where user0_.user_id=?
Hibernate: select character0_.character_id as characte1_6_0_, character0_.character_character_name as characte2_6_0_ from characters character0_ where character0_.character_id=?
Hibernate: select count(*) as col_0_0_ from user user0_ where user0_.user_id=?
Hibernate: select character1_.character_id as characte1_6_, character1_.character_character_name as characte2_6_ from user user0_ inner join characters character1_ on user0_.character_id=character1_.character_id where user0_.user_id=?
Hibernate: select permission0_.character_id as characte6_11_0_, permission0_.permission_id as permissi1_11_0_, permission0_.permission_id as permissi1_11_1_, permission0_.character_id as characte6_11_1_, permission0_.permission_name as permissi2_11_1_, permission0_.permission_permission_unit_id as permissi3_11_1_, permission0_.permission_service as permissi4_11_1_, permission0_.permission_status as permissi5_11_1_ from permission permission0_ where permission0_.character_id=?
Hibernate: select userjoinin0_.user_joining_pool_id as col_0_0_ from user_joining_pool userjoinin0_ where userjoinin0_.user_user_id=? limit ?
Hibernate: select userjoinin0_.user_joining_pool_id as user_joi1_21_, userjoinin0_.user_created_at as user_cre2_21_, userjoinin0_.user_name as user_nam3_21_, userjoinin0_.user_phone_number as user_pho4_21_, userjoinin0_.user_user_id as user_use5_21_, userjoinin0_.user_user_password as user_use6_21_ from user_joining_pool userjoinin0_ where userjoinin0_.user_user_id=?
Hibernate: select character0_.character_id as characte1_6_, character0_.character_character_name as characte2_6_ from characters character0_ where character0_.character_character_name=?
Hibernate: insert into user (user_id, character_id, user_created_at, user_name, user_phone_number, user_user_id, user_user_password) values (default, ?, ?, ?, ?, ?, ?)
Hibernate: DELETE FROM USER_JOINING_POOL as JU where JU.USER_USER_ID =?
Hibernate: select user0_.user_id as user_id1_20_0_, user0_.character_id as characte7_20_0_, user0_.user_created_at as user_cre2_20_0_, user0_.user_name as user_nam3_20_0_, user0_.user_phone_number as user_pho4_20_0_, user0_.user_user_id as user_use5_20_0_, user0_.user_user_password as user_use6_20_0_ from user user0_ where user0_.user_id=?
Hibernate: select character0_.character_id as characte1_6_0_, character0_.character_character_name as characte2_6_0_ from characters character0_ where character0_.character_id=?
Hibernate: select count(*) as col_0_0_ from user user0_ where user0_.user_id=?
Hibernate: select character1_.character_id as characte1_6_, character1_.character_character_name as characte2_6_ from user user0_ inner join characters character1_ on user0_.character_id=character1_.character_id where user0_.user_id=?
Hibernate: select permission0_.character_id as characte6_11_0_, permission0_.permission_id as permissi1_11_0_, permission0_.permission_id as permissi1_11_1_, permission0_.character_id as characte6_11_1_, permission0_.permission_name as permissi2_11_1_, permission0_.permission_permission_unit_id as permissi3_11_1_, permission0_.permission_service as permissi4_11_1_, permission0_.permission_status as permissi5_11_1_ from permission permission0_ where permission0_.character_id=?
Hibernate: select user0_.user_id as col_0_0_ from user user0_ where user0_.user_user_id=? limit ?
Hibernate: select user0_.user_id as user_id1_20_, user0_.character_id as characte7_20_, user0_.user_created_at as user_cre2_20_, user0_.user_name as user_nam3_20_, user0_.user_phone_number as user_pho4_20_, user0_.user_user_id as user_use5_20_, user0_.user_user_password as user_use6_20_ from user user0_ inner join characters character1_ on user0_.character_id=character1_.character_id where user0_.user_user_id=?
Hibernate: select character0_.character_id as characte1_6_0_, character0_.character_character_name as characte2_6_0_ from characters character0_ where character0_.character_id=?
Hibernate: select rewardtagw0_.user_id as user_id4_15_0_, rewardtagw0_.reward_tag_wrapper_reward_id as reward_t1_15_0_, rewardtagw0_.reward_tag_wrapper_reward_id as reward_t1_15_1_, rewardtagw0_.reward_tag_wrapper_reward_presented_at as reward_t2_15_1_, rewardtagw0_.reward_tag_reward_tag_id as reward_t3_15_1_, rewardtagw0_.user_id as user_id4_15_1_ from reward_tag_wrapper rewardtagw0_ where rewardtagw0_.user_id=?
Hibernate: select user0_.user_id as user_id1_20_0_, user0_.character_id as characte7_20_0_, user0_.user_created_at as user_cre2_20_0_, user0_.user_name as user_nam3_20_0_, user0_.user_phone_number as user_pho4_20_0_, user0_.user_user_id as user_use5_20_0_, user0_.user_user_password as user_use6_20_0_ from user user0_ where user0_.user_id=?
Hibernate: select character0_.character_id as characte1_6_0_, character0_.character_character_name as characte2_6_0_ from characters character0_ where character0_.character_id=?
Hibernate: select count(*) as col_0_0_ from user user0_ where user0_.user_id=?
Hibernate: select character1_.character_id as characte1_6_, character1_.character_character_name as characte2_6_ from user user0_ inner join characters character1_ on user0_.character_id=character1_.character_id where user0_.user_id=?
Hibernate: select permission0_.character_id as characte6_11_0_, permission0_.permission_id as permissi1_11_0_, permission0_.permission_id as permissi1_11_1_, permission0_.character_id as characte6_11_1_, permission0_.permission_name as permissi2_11_1_, permission0_.permission_permission_unit_id as permissi3_11_1_, permission0_.permission_service as permissi4_11_1_, permission0_.permission_status as permissi5_11_1_ from permission permission0_ where permission0_.character_id=?
Hibernate: select count(*) as col_0_0_ from user user0_ where user0_.user_id=?
Hibernate: select count(*) as col_0_0_ from reward_tag rewardtag0_ where rewardtag0_.reward_tag_reward_tag_id=?
Hibernate: select user0_.user_id as col_0_0_ from user user0_ where user0_.user_user_id=? limit ?
Hibernate: select user0_.user_id as col_0_0_ from user user0_ where user0_.user_user_id=? limit ?
Hibernate: select U.* from USER U where U.USER_USER_ID =?
Hibernate: select character0_.character_id as characte1_6_0_, character0_.character_character_name as characte2_6_0_ from characters character0_ where character0_.character_id=?
Hibernate: select user0_.user_id as user_id1_20_0_, user0_.character_id as characte7_20_0_, user0_.user_created_at as user_cre2_20_0_, user0_.user_name as user_nam3_20_0_, user0_.user_phone_number as user_pho4_20_0_, user0_.user_user_id as user_use5_20_0_, user0_.user_user_password as user_use6_20_0_ from user user0_ where user0_.user_id=?
Hibernate: select character0_.character_id as characte1_6_0_, character0_.character_character_name as characte2_6_0_ from characters character0_ where character0_.character_id=?
Hibernate: select count(*) as col_0_0_ from user user0_ where user0_.user_id=?
Hibernate: select character1_.character_id as characte1_6_, character1_.character_character_name as characte2_6_ from user user0_ inner join characters character1_ on user0_.character_id=character1_.character_id where user0_.user_id=?
Hibernate: select permission0_.character_id as characte6_11_0_, permission0_.permission_id as permissi1_11_0_, permission0_.permission_id as permissi1_11_1_, permission0_.character_id as characte6_11_1_, permission0_.permission_name as permissi2_11_1_, permission0_.permission_permission_unit_id as permissi3_11_1_, permission0_.permission_service as permissi4_11_1_, permission0_.permission_status as permissi5_11_1_ from permission permission0_ where permission0_.character_id=?
Hibernate: select rewardtag0_.reward_tag_reward_tag_id as reward_t1_14_, rewardtag0_.reward_tag_reward_point as reward_t2_14_, rewardtag0_.reward_tag_reward_tag_title as reward_t3_14_ from reward_tag rewardtag0_
Hibernate: select user0_.user_id as col_0_0_ from user user0_ where user0_.user_user_id=? limit ?
Hibernate: select user0_.user_id as col_0_0_ from user user0_ where user0_.user_user_id=? limit ?
Hibernate: select U.* from USER U where U.USER_USER_ID =?
Hibernate: select character0_.character_id as characte1_6_0_, character0_.character_character_name as characte2_6_0_ from characters character0_ where character0_.character_id=?
Hibernate: select user0_.user_id as col_0_0_ from user user0_ where user0_.user_user_id=? limit ?
Hibernate: select user0_.user_id as user_id1_20_, user0_.character_id as characte7_20_, user0_.user_created_at as user_cre2_20_, user0_.user_name as user_nam3_20_, user0_.user_phone_number as user_pho4_20_, user0_.user_user_id as user_use5_20_, user0_.user_user_password as user_use6_20_ from user user0_ inner join characters character1_ on user0_.character_id=character1_.character_id where user0_.user_user_id=?
Hibernate: select character0_.character_id as characte1_6_0_, character0_.character_character_name as characte2_6_0_ from characters character0_ where character0_.character_id=?
Hibernate: select rewardtagw0_.user_id as user_id4_15_0_, rewardtagw0_.reward_tag_wrapper_reward_id as reward_t1_15_0_, rewardtagw0_.reward_tag_wrapper_reward_id as reward_t1_15_1_, rewardtagw0_.reward_tag_wrapper_reward_presented_at as reward_t2_15_1_, rewardtagw0_.reward_tag_reward_tag_id as reward_t3_15_1_, rewardtagw0_.user_id as user_id4_15_1_ from reward_tag_wrapper rewardtagw0_ where rewardtagw0_.user_id=?
Hibernate: select user0_.user_id as user_id1_20_0_, user0_.character_id as characte7_20_0_, user0_.user_created_at as user_cre2_20_0_, user0_.user_name as user_nam3_20_0_, user0_.user_phone_number as user_pho4_20_0_, user0_.user_user_id as user_use5_20_0_, user0_.user_user_password as user_use6_20_0_ from user user0_ where user0_.user_id=?
Hibernate: select character0_.character_id as characte1_6_0_, character0_.character_character_name as characte2_6_0_ from characters character0_ where character0_.character_id=?
Hibernate: select count(*) as col_0_0_ from user user0_ where user0_.user_id=?
Hibernate: select character1_.character_id as characte1_6_, character1_.character_character_name as characte2_6_ from user user0_ inner join characters character1_ on user0_.character_id=character1_.character_id where user0_.user_id=?
Hibernate: select permission0_.character_id as characte6_11_0_, permission0_.permission_id as permissi1_11_0_, permission0_.permission_id as permissi1_11_1_, permission0_.character_id as characte6_11_1_, permission0_.permission_name as permissi2_11_1_, permission0_.permission_permission_unit_id as permissi3_11_1_, permission0_.permission_service as permissi4_11_1_, permission0_.permission_status as permissi5_11_1_ from permission permission0_ where permission0_.character_id=?
Hibernate: select count(*) as col_0_0_ from user user0_ where user0_.user_id=?
Hibernate: select user0_.user_id as user_id1_20_, user0_.character_id as characte7_20_, user0_.user_created_at as user_cre2_20_, user0_.user_name as user_nam3_20_, user0_.user_phone_number as user_pho4_20_, user0_.user_user_id as user_use5_20_, user0_.user_user_password as user_use6_20_ from user user0_ where user0_.user_id=?
Hibernate: select character0_.character_id as characte1_6_0_, character0_.character_character_name as characte2_6_0_ from characters character0_ where character0_.character_id=?
Hibernate: select rewardtagw0_.user_id as user_id4_15_0_, rewardtagw0_.reward_tag_wrapper_reward_id as reward_t1_15_0_, rewardtagw0_.reward_tag_wrapper_reward_id as reward_t1_15_1_, rewardtagw0_.reward_tag_wrapper_reward_presented_at as reward_t2_15_1_, rewardtagw0_.reward_tag_reward_tag_id as reward_t3_15_1_, rewardtagw0_.user_id as user_id4_15_1_ from reward_tag_wrapper rewardtagw0_ where rewardtagw0_.user_id=?
Hibernate: select attendance0_.attendance_user_attendance_user_id as col_0_0_ from attendance_user attendance0_ where attendance0_.user_id=? limit ?
Hibernate: DELETE FROM USER WHERE USER_ID = ?
Hibernate: select user0_.user_id as col_0_0_ from user user0_ where user0_.user_user_id=? limit ?
Hibernate: select user0_.user_id as col_0_0_ from user user0_ where user0_.user_user_id=? limit ?
Hibernate: select user0_.user_id as col_0_0_ from user user0_ where user0_.user_user_id=? limit ?
Hibernate: select U.* from USER U where U.USER_USER_ID =?
Hibernate: select character0_.character_id as characte1_6_0_, character0_.character_character_name as characte2_6_0_ from characters character0_ where character0_.character_id=?
Hibernate: select user0_.user_id as user_id1_20_0_, user0_.character_id as characte7_20_0_, user0_.user_created_at as user_cre2_20_0_, user0_.user_name as user_nam3_20_0_, user0_.user_phone_number as user_pho4_20_0_, user0_.user_user_id as user_use5_20_0_, user0_.user_user_password as user_use6_20_0_ from user user0_ where user0_.user_id=?
Hibernate: select character0_.character_id as characte1_6_0_, character0_.character_character_name as characte2_6_0_ from characters character0_ where character0_.character_id=?
Hibernate: select count(*) as col_0_0_ from user user0_ where user0_.user_id=?
Hibernate: select character1_.character_id as characte1_6_, character1_.character_character_name as characte2_6_ from user user0_ inner join characters character1_ on user0_.character_id=character1_.character_id where user0_.user_id=?
Hibernate: select permission0_.character_id as characte6_11_0_, permission0_.permission_id as permissi1_11_0_, permission0_.permission_id as permissi1_11_1_, permission0_.character_id as characte6_11_1_, permission0_.permission_name as permissi2_11_1_, permission0_.permission_permission_unit_id as permissi3_11_1_, permission0_.permission_service as permissi4_11_1_, permission0_.permission_status as permissi5_11_1_ from permission permission0_ where permission0_.character_id=?
Hibernate: select rewardtag0_.reward_tag_reward_tag_id as reward_t1_14_, rewardtag0_.reward_tag_reward_point as reward_t2_14_, rewardtag0_.reward_tag_reward_tag_title as reward_t3_14_ from reward_tag rewardtag0_
Hibernate: select user0_.user_id as col_0_0_ from user user0_ where user0_.user_user_id=? limit ?
Hibernate: select user0_.user_id as col_0_0_ from user user0_ where user0_.user_user_id=? limit ?
Hibernate: select U.* from USER U where U.USER_USER_ID =?
Hibernate: select character0_.character_id as characte1_6_0_, character0_.character_character_name as characte2_6_0_ from characters character0_ where character0_.character_id=?
Hibernate: select user0_.user_id as col_0_0_ from user user0_ where user0_.user_user_id=? limit ?
Hibernate: select user0_.user_id as col_0_0_ from user user0_ where user0_.user_user_id=? limit ?
Hibernate: select U.* from USER U where U.USER_USER_ID =?
Hibernate: select character0_.character_id as characte1_6_0_, character0_.character_character_name as characte2_6_0_ from characters character0_ where character0_.character_id=?
Hibernate: select user0_.user_id as col_0_0_ from user user0_ where user0_.user_user_id=? limit ?
Hibernate: select user0_.user_id as col_0_0_ from user user0_ where user0_.user_user_id=? limit ?
Hibernate: select U.* from USER U where U.USER_USER_ID =?
Hibernate: select character0_.character_id as characte1_6_0_, character0_.character_character_name as characte2_6_0_ from characters character0_ where character0_.character_id=?
Hibernate: select user0_.user_id as col_0_0_ from user user0_ where user0_.user_user_id=? limit ?
Hibernate: select userjoinin0_.user_joining_pool_id as col_0_0_ from user_joining_pool userjoinin0_ where userjoinin0_.user_user_id=? limit ?
Hibernate: select character0_.character_id as col_0_0_ from characters character0_ where character0_.character_character_name=? limit ?
Hibernate: insert into user_joining_pool (user_joining_pool_id, user_created_at, user_name, user_phone_number, user_user_id, user_user_password) values (default, ?, ?, ?, ?, ?)

MockHttpServletRequest:
      HTTP Method = POST
      Request URI = /user
       Parameters = {}
          Headers = [Content-Type:"application/json;charset=UTF-8", Accept:"application/json", api-version:"1.0", Content-Length:"93"]
             Body = {"name":"Hello","user_id":"Hello","user_password":"aadsfc123!!","phone_number":"01012341234"}
    Session Attrs = {}

Handler:
             Type = org.waldreg.controller.joiningpool.JoiningPoolController
           Method = org.waldreg.controller.joiningpool.JoiningPoolController#createUser(UserRequest)

Async:
    Async started = false
     Async result = null

Resolved Exception:
             Type = null

ModelAndView:
        View name = null
             View = null
            Model = null

FlashMap:
       Attributes = null

MockHttpServletResponse:
           Status = 200
    Error message = null
          Headers = [Vary:"Origin", "Access-Control-Request-Method", "Access-Control-Request-Headers", Api-version:"1.0"]
     Content type = null
             Body = 
    Forwarded URL = null
   Redirected URL = null
          Cookies = []
Hibernate: select user0_.user_id as user_id1_20_0_, user0_.character_id as characte7_20_0_, user0_.user_created_at as user_cre2_20_0_, user0_.user_name as user_nam3_20_0_, user0_.user_phone_number as user_pho4_20_0_, user0_.user_user_id as user_use5_20_0_, user0_.user_user_password as user_use6_20_0_ from user user0_ where user0_.user_id=?
Hibernate: select character0_.character_id as characte1_6_0_, character0_.character_character_name as characte2_6_0_ from characters character0_ where character0_.character_id=?
Hibernate: select count(*) as col_0_0_ from user user0_ where user0_.user_id=?
Hibernate: select character1_.character_id as characte1_6_, character1_.character_character_name as characte2_6_ from user user0_ inner join characters character1_ on user0_.character_id=character1_.character_id where user0_.user_id=?
Hibernate: select permission0_.character_id as characte6_11_0_, permission0_.permission_id as permissi1_11_0_, permission0_.permission_id as permissi1_11_1_, permission0_.character_id as characte6_11_1_, permission0_.permission_name as permissi2_11_1_, permission0_.permission_permission_unit_id as permissi3_11_1_, permission0_.permission_service as permissi4_11_1_, permission0_.permission_status as permissi5_11_1_ from permission permission0_ where permission0_.character_id=?
Hibernate: select userjoinin0_.user_joining_pool_id as col_0_0_ from user_joining_pool userjoinin0_ where userjoinin0_.user_user_id=? limit ?
Hibernate: select userjoinin0_.user_joining_pool_id as user_joi1_21_, userjoinin0_.user_created_at as user_cre2_21_, userjoinin0_.user_name as user_nam3_21_, userjoinin0_.user_phone_number as user_pho4_21_, userjoinin0_.user_user_id as user_use5_21_, userjoinin0_.user_user_password as user_use6_21_ from user_joining_pool userjoinin0_ where userjoinin0_.user_user_id=?
Hibernate: select character0_.character_id as characte1_6_, character0_.character_character_name as characte2_6_ from characters character0_ where character0_.character_character_name=?
Hibernate: insert into user (user_id, character_id, user_created_at, user_name, user_phone_number, user_user_id, user_user_password) values (default, ?, ?, ?, ?, ?, ?)
Hibernate: DELETE FROM USER_JOINING_POOL as JU where JU.USER_USER_ID =?
Hibernate: select user0_.user_id as col_0_0_ from user user0_ where user0_.user_user_id=? limit ?
Hibernate: select user0_.user_id as col_0_0_ from user user0_ where user0_.user_user_id=? limit ?
Hibernate: select U.* from USER U where U.USER_USER_ID =?
Hibernate: select character0_.character_id as characte1_6_0_, character0_.character_character_name as characte2_6_0_ from characters character0_ where character0_.character_id=?
Hibernate: select user0_.user_id as user_id1_20_0_, user0_.character_id as characte7_20_0_, user0_.user_created_at as user_cre2_20_0_, user0_.user_name as user_nam3_20_0_, user0_.user_phone_number as user_pho4_20_0_, user0_.user_user_id as user_use5_20_0_, user0_.user_user_password as user_use6_20_0_ from user user0_ where user0_.user_id=?
Hibernate: select character0_.character_id as characte1_6_0_, character0_.character_character_name as characte2_6_0_ from characters character0_ where character0_.character_id=?
Hibernate: select count(*) as col_0_0_ from user user0_ where user0_.user_id=?
Hibernate: select character1_.character_id as characte1_6_, character1_.character_character_name as characte2_6_ from user user0_ inner join characters character1_ on user0_.character_id=character1_.character_id where user0_.user_id=?
Hibernate: select permission0_.character_id as characte6_11_0_, permission0_.permission_id as permissi1_11_0_, permission0_.permission_id as permissi1_11_1_, permission0_.character_id as characte6_11_1_, permission0_.permission_name as permissi2_11_1_, permission0_.permission_permission_unit_id as permissi3_11_1_, permission0_.permission_service as permissi4_11_1_, permission0_.permission_status as permissi5_11_1_ from permission permission0_ where permission0_.character_id=?
Hibernate: select user0_.user_id as col_0_0_ from user user0_ where user0_.user_user_id=? limit ?
Hibernate: select user0_.user_id as user_id1_20_, user0_.character_id as characte7_20_, user0_.user_created_at as user_cre2_20_, user0_.user_name as user_nam3_20_, user0_.user_phone_number as user_pho4_20_, user0_.user_user_id as user_use5_20_, user0_.user_user_password as user_use6_20_ from user user0_ inner join characters character1_ on user0_.character_id=character1_.character_id where user0_.user_user_id=?
Hibernate: select character0_.character_id as characte1_6_0_, character0_.character_character_name as characte2_6_0_ from characters character0_ where character0_.character_id=?
Hibernate: select rewardtagw0_.user_id as user_id4_15_0_, rewardtagw0_.reward_tag_wrapper_reward_id as reward_t1_15_0_, rewardtagw0_.reward_tag_wrapper_reward_id as reward_t1_15_1_, rewardtagw0_.reward_tag_wrapper_reward_presented_at as reward_t2_15_1_, rewardtagw0_.reward_tag_reward_tag_id as reward_t3_15_1_, rewardtagw0_.user_id as user_id4_15_1_ from reward_tag_wrapper rewardtagw0_ where rewardtagw0_.user_id=?
Hibernate: select user0_.user_id as user_id1_20_0_, user0_.character_id as characte7_20_0_, user0_.user_created_at as user_cre2_20_0_, user0_.user_name as user_nam3_20_0_, user0_.user_phone_number as user_pho4_20_0_, user0_.user_user_id as user_use5_20_0_, user0_.user_user_password as user_use6_20_0_ from user user0_ where user0_.user_id=?
Hibernate: select character0_.character_id as characte1_6_0_, character0_.character_character_name as characte2_6_0_ from characters character0_ where character0_.character_id=?
Hibernate: select count(*) as col_0_0_ from user user0_ where user0_.user_id=?
Hibernate: select character1_.character_id as characte1_6_, character1_.character_character_name as characte2_6_ from user user0_ inner join characters character1_ on user0_.character_id=character1_.character_id where user0_.user_id=?
Hibernate: select permission0_.character_id as characte6_11_0_, permission0_.permission_id as permissi1_11_0_, permission0_.permission_id as permissi1_11_1_, permission0_.character_id as characte6_11_1_, permission0_.permission_name as permissi2_11_1_, permission0_.permission_permission_unit_id as permissi3_11_1_, permission0_.permission_service as permissi4_11_1_, permission0_.permission_status as permissi5_11_1_ from permission permission0_ where permission0_.character_id=?
Hibernate: insert into reward_tag (reward_tag_reward_tag_id, reward_tag_reward_point, reward_tag_reward_tag_title) values (default, ?, ?)
Hibernate: select user0_.user_id as user_id1_20_0_, user0_.character_id as characte7_20_0_, user0_.user_created_at as user_cre2_20_0_, user0_.user_name as user_nam3_20_0_, user0_.user_phone_number as user_pho4_20_0_, user0_.user_user_id as user_use5_20_0_, user0_.user_user_password as user_use6_20_0_ from user user0_ where user0_.user_id=?
Hibernate: select character0_.character_id as characte1_6_0_, character0_.character_character_name as characte2_6_0_ from characters character0_ where character0_.character_id=?
Hibernate: select count(*) as col_0_0_ from user user0_ where user0_.user_id=?
Hibernate: select character1_.character_id as characte1_6_, character1_.character_character_name as characte2_6_ from user user0_ inner join characters character1_ on user0_.character_id=character1_.character_id where user0_.user_id=?
Hibernate: select permission0_.character_id as characte6_11_0_, permission0_.permission_id as permissi1_11_0_, permission0_.permission_id as permissi1_11_1_, permission0_.character_id as characte6_11_1_, permission0_.permission_name as permissi2_11_1_, permission0_.permission_permission_unit_id as permissi3_11_1_, permission0_.permission_service as permissi4_11_1_, permission0_.permission_status as permissi5_11_1_ from permission permission0_ where permission0_.character_id=?
Hibernate: select rewardtag0_.reward_tag_reward_tag_id as reward_t1_14_, rewardtag0_.reward_tag_reward_point as reward_t2_14_, rewardtag0_.reward_tag_reward_tag_title as reward_t3_14_ from reward_tag rewardtag0_
Hibernate: select user0_.user_id as user_id1_20_0_, user0_.character_id as characte7_20_0_, user0_.user_created_at as user_cre2_20_0_, user0_.user_name as user_nam3_20_0_, user0_.user_phone_number as user_pho4_20_0_, user0_.user_user_id as user_use5_20_0_, user0_.user_user_password as user_use6_20_0_ from user user0_ where user0_.user_id=?
Hibernate: select character0_.character_id as characte1_6_0_, character0_.character_character_name as characte2_6_0_ from characters character0_ where character0_.character_id=?
Hibernate: select count(*) as col_0_0_ from user user0_ where user0_.user_id=?
Hibernate: select character1_.character_id as characte1_6_, character1_.character_character_name as characte2_6_ from user user0_ inner join characters character1_ on user0_.character_id=character1_.character_id where user0_.user_id=?
Hibernate: select permission0_.character_id as characte6_11_0_, permission0_.permission_id as permissi1_11_0_, permission0_.permission_id as permissi1_11_1_, permission0_.character_id as characte6_11_1_, permission0_.permission_name as permissi2_11_1_, permission0_.permission_permission_unit_id as permissi3_11_1_, permission0_.permission_service as permissi4_11_1_, permission0_.permission_status as permissi5_11_1_ from permission permission0_ where permission0_.character_id=?
Hibernate: select count(*) as col_0_0_ from user user0_ where user0_.user_id=?
Hibernate: select count(*) as col_0_0_ from reward_tag rewardtag0_ where rewardtag0_.reward_tag_reward_tag_id=?
Hibernate: select user0_.user_id as user_id1_20_0_, user0_.character_id as characte7_20_0_, user0_.user_created_at as user_cre2_20_0_, user0_.user_name as user_nam3_20_0_, user0_.user_phone_number as user_pho4_20_0_, user0_.user_user_id as user_use5_20_0_, user0_.user_user_password as user_use6_20_0_ from user user0_ where user0_.user_id=?
Hibernate: select character0_.character_id as characte1_6_0_, character0_.character_character_name as characte2_6_0_ from characters character0_ where character0_.character_id=?
Hibernate: select rewardtag0_.reward_tag_reward_tag_id as reward_t1_14_0_, rewardtag0_.reward_tag_reward_point as reward_t2_14_0_, rewardtag0_.reward_tag_reward_tag_title as reward_t3_14_0_ from reward_tag rewardtag0_ where rewardtag0_.reward_tag_reward_tag_id=?
Hibernate: call next value for hibernate_sequence
Hibernate: insert into reward_tag_wrapper (reward_tag_wrapper_reward_presented_at, reward_tag_reward_tag_id, user_id, reward_tag_wrapper_reward_id) values (?, ?, ?, ?)
Hibernate: select user0_.user_id as user_id1_20_0_, user0_.character_id as characte7_20_0_, user0_.user_created_at as user_cre2_20_0_, user0_.user_name as user_nam3_20_0_, user0_.user_phone_number as user_pho4_20_0_, user0_.user_user_id as user_use5_20_0_, user0_.user_user_password as user_use6_20_0_ from user user0_ where user0_.user_id=?
Hibernate: select character0_.character_id as characte1_6_0_, character0_.character_character_name as characte2_6_0_ from characters character0_ where character0_.character_id=?
Hibernate: select count(*) as col_0_0_ from user user0_ where user0_.user_id=?
Hibernate: select character1_.character_id as characte1_6_, character1_.character_character_name as characte2_6_ from user user0_ inner join characters character1_ on user0_.character_id=character1_.character_id where user0_.user_id=?
Hibernate: select permission0_.character_id as characte6_11_0_, permission0_.permission_id as permissi1_11_0_, permission0_.permission_id as permissi1_11_1_, permission0_.character_id as characte6_11_1_, permission0_.permission_name as permissi2_11_1_, permission0_.permission_permission_unit_id as permissi3_11_1_, permission0_.permission_service as permissi4_11_1_, permission0_.permission_status as permissi5_11_1_ from permission permission0_ where permission0_.character_id=?
Hibernate: select distinct user1_.user_id as user_id1_20_, user1_.character_id as characte7_20_, user1_.user_created_at as user_cre2_20_, user1_.user_name as user_nam3_20_, user1_.user_phone_number as user_pho4_20_, user1_.user_user_id as user_use5_20_, user1_.user_user_password as user_use6_20_ from reward_tag_wrapper rewardtagw0_ inner join user user1_ on rewardtagw0_.user_id=user1_.user_id
Hibernate: select character0_.character_id as characte1_6_0_, character0_.character_character_name as characte2_6_0_ from characters character0_ where character0_.character_id=?
Hibernate: select user0_.user_id as col_0_0_ from user user0_ where user0_.user_user_id=? limit ?
Hibernate: select user0_.user_id as col_0_0_ from user user0_ where user0_.user_user_id=? limit ?
Hibernate: select U.* from USER U where U.USER_USER_ID =?
Hibernate: select character0_.character_id as characte1_6_0_, character0_.character_character_name as characte2_6_0_ from characters character0_ where character0_.character_id=?
Hibernate: select user0_.user_id as user_id1_20_0_, user0_.character_id as characte7_20_0_, user0_.user_created_at as user_cre2_20_0_, user0_.user_name as user_nam3_20_0_, user0_.user_phone_number as user_pho4_20_0_, user0_.user_user_id as user_use5_20_0_, user0_.user_user_password as user_use6_20_0_ from user user0_ where user0_.user_id=?
Hibernate: select character0_.character_id as characte1_6_0_, character0_.character_character_name as characte2_6_0_ from characters character0_ where character0_.character_id=?
Hibernate: select count(*) as col_0_0_ from user user0_ where user0_.user_id=?
Hibernate: select character1_.character_id as characte1_6_, character1_.character_character_name as characte2_6_ from user user0_ inner join characters character1_ on user0_.character_id=character1_.character_id where user0_.user_id=?
Hibernate: select permission0_.character_id as characte6_11_0_, permission0_.permission_id as permissi1_11_0_, permission0_.permission_id as permissi1_11_1_, permission0_.character_id as characte6_11_1_, permission0_.permission_name as permissi2_11_1_, permission0_.permission_permission_unit_id as permissi3_11_1_, permission0_.permission_service as permissi4_11_1_, permission0_.permission_status as permissi5_11_1_ from permission permission0_ where permission0_.character_id=?
Hibernate: select rewardtag0_.reward_tag_reward_tag_id as reward_t1_14_, rewardtag0_.reward_tag_reward_point as reward_t2_14_, rewardtag0_.reward_tag_reward_tag_title as reward_t3_14_ from reward_tag rewardtag0_
Hibernate: select user0_.user_id as user_id1_20_0_, user0_.character_id as characte7_20_0_, user0_.user_created_at as user_cre2_20_0_, user0_.user_name as user_nam3_20_0_, user0_.user_phone_number as user_pho4_20_0_, user0_.user_user_id as user_use5_20_0_, user0_.user_user_password as user_use6_20_0_ from user user0_ where user0_.user_id=?
Hibernate: select character0_.character_id as characte1_6_0_, character0_.character_character_name as characte2_6_0_ from characters character0_ where character0_.character_id=?
Hibernate: select count(*) as col_0_0_ from user user0_ where user0_.user_id=?
Hibernate: select character1_.character_id as characte1_6_, character1_.character_character_name as characte2_6_ from user user0_ inner join characters character1_ on user0_.character_id=character1_.character_id where user0_.user_id=?
Hibernate: select permission0_.character_id as characte6_11_0_, permission0_.permission_id as permissi1_11_0_, permission0_.permission_id as permissi1_11_1_, permission0_.character_id as characte6_11_1_, permission0_.permission_name as permissi2_11_1_, permission0_.permission_permission_unit_id as permissi3_11_1_, permission0_.permission_service as permissi4_11_1_, permission0_.permission_status as permissi5_11_1_ from permission permission0_ where permission0_.character_id=?
Hibernate: select count(*) as col_0_0_ from reward_tag rewardtag0_ where rewardtag0_.reward_tag_reward_tag_id=?
Hibernate: DELETE FROM REWARD_TAG_WRAPPER AS RTW WHERE RTW.REWARD_TAG_REWARD_TAG_ID = ?
Hibernate: select rewardtag0_.reward_tag_reward_tag_id as reward_t1_14_0_, rewardtag0_.reward_tag_reward_point as reward_t2_14_0_, rewardtag0_.reward_tag_reward_tag_title as reward_t3_14_0_ from reward_tag rewardtag0_ where rewardtag0_.reward_tag_reward_tag_id=?
Hibernate: select attendance0_.attendance_type_reward_id as attendan1_2_, attendance0_.attendance_type_name as attendan2_2_, attendance0_.reward_tag_reward_tag_id as reward_t3_2_ from attendance_type_reward attendance0_ where attendance0_.reward_tag_reward_tag_id=?
Hibernate: delete from reward_tag where reward_tag_reward_tag_id=?
Hibernate: select user0_.user_id as user_id1_20_0_, user0_.character_id as characte7_20_0_, user0_.user_created_at as user_cre2_20_0_, user0_.user_name as user_nam3_20_0_, user0_.user_phone_number as user_pho4_20_0_, user0_.user_user_id as user_use5_20_0_, user0_.user_user_password as user_use6_20_0_ from user user0_ where user0_.user_id=?
Hibernate: select character0_.character_id as characte1_6_0_, character0_.character_character_name as characte2_6_0_ from characters character0_ where character0_.character_id=?
Hibernate: select count(*) as col_0_0_ from user user0_ where user0_.user_id=?
Hibernate: select character1_.character_id as characte1_6_, character1_.character_character_name as characte2_6_ from user user0_ inner join characters character1_ on user0_.character_id=character1_.character_id where user0_.user_id=?
Hibernate: select permission0_.character_id as characte6_11_0_, permission0_.permission_id as permissi1_11_0_, permission0_.permission_id as permissi1_11_1_, permission0_.character_id as characte6_11_1_, permission0_.permission_name as permissi2_11_1_, permission0_.permission_permission_unit_id as permissi3_11_1_, permission0_.permission_service as permissi4_11_1_, permission0_.permission_status as permissi5_11_1_ from permission permission0_ where permission0_.character_id=?
Hibernate: select count(*) as col_0_0_ from reward_tag rewardtag0_ where rewardtag0_.reward_tag_reward_tag_id=?
Hibernate: select user0_.user_id as col_0_0_ from user user0_ where user0_.user_user_id=? limit ?
Hibernate: select user0_.user_id as col_0_0_ from user user0_ where user0_.user_user_id=? limit ?
Hibernate: select U.* from USER U where U.USER_USER_ID =?
Hibernate: select character0_.character_id as characte1_6_0_, character0_.character_character_name as characte2_6_0_ from characters character0_ where character0_.character_id=?
Hibernate: select user0_.user_id as col_0_0_ from user user0_ where user0_.user_user_id=? limit ?
Hibernate: select user0_.user_id as user_id1_20_, user0_.character_id as characte7_20_, user0_.user_created_at as user_cre2_20_, user0_.user_name as user_nam3_20_, user0_.user_phone_number as user_pho4_20_, user0_.user_user_id as user_use5_20_, user0_.user_user_password as user_use6_20_ from user user0_ inner join characters character1_ on user0_.character_id=character1_.character_id where user0_.user_user_id=?
Hibernate: select character0_.character_id as characte1_6_0_, character0_.character_character_name as characte2_6_0_ from characters character0_ where character0_.character_id=?
Hibernate: select rewardtagw0_.user_id as user_id4_15_0_, rewardtagw0_.reward_tag_wrapper_reward_id as reward_t1_15_0_, rewardtagw0_.reward_tag_wrapper_reward_id as reward_t1_15_1_, rewardtagw0_.reward_tag_wrapper_reward_presented_at as reward_t2_15_1_, rewardtagw0_.reward_tag_reward_tag_id as reward_t3_15_1_, rewardtagw0_.user_id as user_id4_15_1_ from reward_tag_wrapper rewardtagw0_ where rewardtagw0_.user_id=?
Hibernate: select user0_.user_id as user_id1_20_0_, user0_.character_id as characte7_20_0_, user0_.user_created_at as user_cre2_20_0_, user0_.user_name as user_nam3_20_0_, user0_.user_phone_number as user_pho4_20_0_, user0_.user_user_id as user_use5_20_0_, user0_.user_user_password as user_use6_20_0_ from user user0_ where user0_.user_id=?
Hibernate: select character0_.character_id as characte1_6_0_, character0_.character_character_name as characte2_6_0_ from characters character0_ where character0_.character_id=?
Hibernate: select count(*) as col_0_0_ from user user0_ where user0_.user_id=?
Hibernate: select character1_.character_id as characte1_6_, character1_.character_character_name as characte2_6_ from user user0_ inner join characters character1_ on user0_.character_id=character1_.character_id where user0_.user_id=?
Hibernate: select permission0_.character_id as characte6_11_0_, permission0_.permission_id as permissi1_11_0_, permission0_.permission_id as permissi1_11_1_, permission0_.character_id as characte6_11_1_, permission0_.permission_name as permissi2_11_1_, permission0_.permission_permission_unit_id as permissi3_11_1_, permission0_.permission_service as permissi4_11_1_, permission0_.permission_status as permissi5_11_1_ from permission permission0_ where permission0_.character_id=?
Hibernate: select count(*) as col_0_0_ from user user0_ where user0_.user_id=?
Hibernate: select user0_.user_id as user_id1_20_, user0_.character_id as characte7_20_, user0_.user_created_at as user_cre2_20_, user0_.user_name as user_nam3_20_, user0_.user_phone_number as user_pho4_20_, user0_.user_user_id as user_use5_20_, user0_.user_user_password as user_use6_20_ from user user0_ where user0_.user_id=?
Hibernate: select character0_.character_id as characte1_6_0_, character0_.character_character_name as characte2_6_0_ from characters character0_ where character0_.character_id=?
Hibernate: select rewardtagw0_.user_id as user_id4_15_0_, rewardtagw0_.reward_tag_wrapper_reward_id as reward_t1_15_0_, rewardtagw0_.reward_tag_wrapper_reward_id as reward_t1_15_1_, rewardtagw0_.reward_tag_wrapper_reward_presented_at as reward_t2_15_1_, rewardtagw0_.reward_tag_reward_tag_id as reward_t3_15_1_, rewardtagw0_.user_id as user_id4_15_1_ from reward_tag_wrapper rewardtagw0_ where rewardtagw0_.user_id=?
Hibernate: select attendance0_.attendance_user_attendance_user_id as col_0_0_ from attendance_user attendance0_ where attendance0_.user_id=? limit ?
Hibernate: DELETE FROM USER WHERE USER_ID = ?
Hibernate: select user0_.user_id as col_0_0_ from user user0_ where user0_.user_user_id=? limit ?
Hibernate: select user0_.user_id as col_0_0_ from user user0_ where user0_.user_user_id=? limit ?
Hibernate: select user0_.user_id as col_0_0_ from user user0_ where user0_.user_user_id=? limit ?
Hibernate: select U.* from USER U where U.USER_USER_ID =?
Hibernate: select character0_.character_id as characte1_6_0_, character0_.character_character_name as characte2_6_0_ from characters character0_ where character0_.character_id=?
Hibernate: select user0_.user_id as user_id1_20_0_, user0_.character_id as characte7_20_0_, user0_.user_created_at as user_cre2_20_0_, user0_.user_name as user_nam3_20_0_, user0_.user_phone_number as user_pho4_20_0_, user0_.user_user_id as user_use5_20_0_, user0_.user_user_password as user_use6_20_0_ from user user0_ where user0_.user_id=?
Hibernate: select character0_.character_id as characte1_6_0_, character0_.character_character_name as characte2_6_0_ from characters character0_ where character0_.character_id=?
Hibernate: select count(*) as col_0_0_ from user user0_ where user0_.user_id=?
Hibernate: select character1_.character_id as characte1_6_, character1_.character_character_name as characte2_6_ from user user0_ inner join characters character1_ on user0_.character_id=character1_.character_id where user0_.user_id=?
Hibernate: select permission0_.character_id as characte6_11_0_, permission0_.permission_id as permissi1_11_0_, permission0_.permission_id as permissi1_11_1_, permission0_.character_id as characte6_11_1_, permission0_.permission_name as permissi2_11_1_, permission0_.permission_permission_unit_id as permissi3_11_1_, permission0_.permission_service as permissi4_11_1_, permission0_.permission_status as permissi5_11_1_ from permission permission0_ where permission0_.character_id=?
Hibernate: select rewardtag0_.reward_tag_reward_tag_id as reward_t1_14_, rewardtag0_.reward_tag_reward_point as reward_t2_14_, rewardtag0_.reward_tag_reward_tag_title as reward_t3_14_ from reward_tag rewardtag0_
Hibernate: select user0_.user_id as col_0_0_ from user user0_ where user0_.user_user_id=? limit ?
Hibernate: select user0_.user_id as col_0_0_ from user user0_ where user0_.user_user_id=? limit ?
Hibernate: select U.* from USER U where U.USER_USER_ID =?
Hibernate: select character0_.character_id as characte1_6_0_, character0_.character_character_name as characte2_6_0_ from characters character0_ where character0_.character_id=?
Hibernate: select user0_.user_id as col_0_0_ from user user0_ where user0_.user_user_id=? limit ?
Hibernate: select user0_.user_id as col_0_0_ from user user0_ where user0_.user_user_id=? limit ?
Hibernate: select U.* from USER U where U.USER_USER_ID =?
Hibernate: select character0_.character_id as characte1_6_0_, character0_.character_character_name as characte2_6_0_ from characters character0_ where character0_.character_id=?
Hibernate: select user0_.user_id as col_0_0_ from user user0_ where user0_.user_user_id=? limit ?
Hibernate: select userjoinin0_.user_joining_pool_id as col_0_0_ from user_joining_pool userjoinin0_ where userjoinin0_.user_user_id=? limit ?
Hibernate: select character0_.character_id as col_0_0_ from characters character0_ where character0_.character_character_name=? limit ?
Hibernate: insert into user_joining_pool (user_joining_pool_id, user_created_at, user_name, user_phone_number, user_user_id, user_user_password) values (default, ?, ?, ?, ?, ?)

MockHttpServletRequest:
      HTTP Method = POST
      Request URI = /user
       Parameters = {}
          Headers = [Content-Type:"application/json;charset=UTF-8", Accept:"application/json", api-version:"1.0", Content-Length:"102"]
             Body = {"name":"some-one-else","user_id":"abc123","user_password":"aadsfc123!!","phone_number":"01012341234"}
    Session Attrs = {}

Handler:
             Type = org.waldreg.controller.joiningpool.JoiningPoolController
           Method = org.waldreg.controller.joiningpool.JoiningPoolController#createUser(UserRequest)

Async:
    Async started = false
     Async result = null

Resolved Exception:
             Type = null

ModelAndView:
        View name = null
             View = null
            Model = null

FlashMap:
       Attributes = null

MockHttpServletResponse:
           Status = 200
    Error message = null
          Headers = [Vary:"Origin", "Access-Control-Request-Method", "Access-Control-Request-Headers", Api-version:"1.0"]
     Content type = null
             Body = 
    Forwarded URL = null
   Redirected URL = null
          Cookies = []
Hibernate: select user0_.user_id as user_id1_20_0_, user0_.character_id as characte7_20_0_, user0_.user_created_at as user_cre2_20_0_, user0_.user_name as user_nam3_20_0_, user0_.user_phone_number as user_pho4_20_0_, user0_.user_user_id as user_use5_20_0_, user0_.user_user_password as user_use6_20_0_ from user user0_ where user0_.user_id=?
Hibernate: select character0_.character_id as characte1_6_0_, character0_.character_character_name as characte2_6_0_ from characters character0_ where character0_.character_id=?
Hibernate: select count(*) as col_0_0_ from user user0_ where user0_.user_id=?
Hibernate: select character1_.character_id as characte1_6_, character1_.character_character_name as characte2_6_ from user user0_ inner join characters character1_ on user0_.character_id=character1_.character_id where user0_.user_id=?
Hibernate: select permission0_.character_id as characte6_11_0_, permission0_.permission_id as permissi1_11_0_, permission0_.permission_id as permissi1_11_1_, permission0_.character_id as characte6_11_1_, permission0_.permission_name as permissi2_11_1_, permission0_.permission_permission_unit_id as permissi3_11_1_, permission0_.permission_service as permissi4_11_1_, permission0_.permission_status as permissi5_11_1_ from permission permission0_ where permission0_.character_id=?
Hibernate: select userjoinin0_.user_joining_pool_id as col_0_0_ from user_joining_pool userjoinin0_ where userjoinin0_.user_user_id=? limit ?
Hibernate: select userjoinin0_.user_joining_pool_id as user_joi1_21_, userjoinin0_.user_created_at as user_cre2_21_, userjoinin0_.user_name as user_nam3_21_, userjoinin0_.user_phone_number as user_pho4_21_, userjoinin0_.user_user_id as user_use5_21_, userjoinin0_.user_user_password as user_use6_21_ from user_joining_pool userjoinin0_ where userjoinin0_.user_user_id=?
Hibernate: select character0_.character_id as characte1_6_, character0_.character_character_name as characte2_6_ from characters character0_ where character0_.character_character_name=?
Hibernate: insert into user (user_id, character_id, user_created_at, user_name, user_phone_number, user_user_id, user_user_password) values (default, ?, ?, ?, ?, ?, ?)
Hibernate: DELETE FROM USER_JOINING_POOL as JU where JU.USER_USER_ID =?
Hibernate: select user0_.user_id as col_0_0_ from user user0_ where user0_.user_user_id=? limit ?
Hibernate: select user0_.user_id as col_0_0_ from user user0_ where user0_.user_user_id=? limit ?
Hibernate: select U.* from USER U where U.USER_USER_ID =?
Hibernate: select character0_.character_id as characte1_6_0_, character0_.character_character_name as characte2_6_0_ from characters character0_ where character0_.character_id=?
Hibernate: select user0_.user_id as user_id1_20_0_, user0_.character_id as characte7_20_0_, user0_.user_created_at as user_cre2_20_0_, user0_.user_name as user_nam3_20_0_, user0_.user_phone_number as user_pho4_20_0_, user0_.user_user_id as user_use5_20_0_, user0_.user_user_password as user_use6_20_0_ from user user0_ where user0_.user_id=?
Hibernate: select character0_.character_id as characte1_6_0_, character0_.character_character_name as characte2_6_0_ from characters character0_ where character0_.character_id=?
Hibernate: select count(*) as col_0_0_ from user user0_ where user0_.user_id=?
Hibernate: select character1_.character_id as characte1_6_, character1_.character_character_name as characte2_6_ from user user0_ inner join characters character1_ on user0_.character_id=character1_.character_id where user0_.user_id=?
Hibernate: select permission0_.character_id as characte6_11_0_, permission0_.permission_id as permissi1_11_0_, permission0_.permission_id as permissi1_11_1_, permission0_.character_id as characte6_11_1_, permission0_.permission_name as permissi2_11_1_, permission0_.permission_permission_unit_id as permissi3_11_1_, permission0_.permission_service as permissi4_11_1_, permission0_.permission_status as permissi5_11_1_ from permission permission0_ where permission0_.character_id=?
Hibernate: select user0_.user_id as col_0_0_ from user user0_ where user0_.user_user_id=? limit ?
Hibernate: select user0_.user_id as col_0_0_ from user user0_ where user0_.user_user_id=? limit ?
Hibernate: select U.* from USER U where U.USER_USER_ID =?
Hibernate: select character0_.character_id as characte1_6_0_, character0_.character_character_name as characte2_6_0_ from characters character0_ where character0_.character_id=?
Hibernate: select user0_.user_id as user_id1_20_0_, user0_.character_id as characte7_20_0_, user0_.user_created_at as user_cre2_20_0_, user0_.user_name as user_nam3_20_0_, user0_.user_phone_number as user_pho4_20_0_, user0_.user_user_id as user_use5_20_0_, user0_.user_user_password as user_use6_20_0_ from user user0_ where user0_.user_id=?
Hibernate: select character0_.character_id as characte1_6_0_, character0_.character_character_name as characte2_6_0_ from characters character0_ where character0_.character_id=?
Hibernate: select count(*) as col_0_0_ from user user0_ where user0_.user_id=?
Hibernate: select character1_.character_id as characte1_6_, character1_.character_character_name as characte2_6_ from user user0_ inner join characters character1_ on user0_.character_id=character1_.character_id where user0_.user_id=?
Hibernate: select permission0_.character_id as characte6_11_0_, permission0_.permission_id as permissi1_11_0_, permission0_.permission_id as permissi1_11_1_, permission0_.character_id as characte6_11_1_, permission0_.permission_name as permissi2_11_1_, permission0_.permission_permission_unit_id as permissi3_11_1_, permission0_.permission_service as permissi4_11_1_, permission0_.permission_status as permissi5_11_1_ from permission permission0_ where permission0_.character_id=?
Hibernate: select rewardtag0_.reward_tag_reward_tag_id as reward_t1_14_, rewardtag0_.reward_tag_reward_point as reward_t2_14_, rewardtag0_.reward_tag_reward_tag_title as reward_t3_14_ from reward_tag rewardtag0_
Hibernate: select user0_.user_id as col_0_0_ from user user0_ where user0_.user_user_id=? limit ?
Hibernate: select user0_.user_id as col_0_0_ from user user0_ where user0_.user_user_id=? limit ?
Hibernate: select U.* from USER U where U.USER_USER_ID =?
Hibernate: select character0_.character_id as characte1_6_0_, character0_.character_character_name as characte2_6_0_ from characters character0_ where character0_.character_id=?
Hibernate: select user0_.user_id as col_0_0_ from user user0_ where user0_.user_user_id=? limit ?
Hibernate: select user0_.user_id as user_id1_20_, user0_.character_id as characte7_20_, user0_.user_created_at as user_cre2_20_, user0_.user_name as user_nam3_20_, user0_.user_phone_number as user_pho4_20_, user0_.user_user_id as user_use5_20_, user0_.user_user_password as user_use6_20_ from user user0_ inner join characters character1_ on user0_.character_id=character1_.character_id where user0_.user_user_id=?
Hibernate: select character0_.character_id as characte1_6_0_, character0_.character_character_name as characte2_6_0_ from characters character0_ where character0_.character_id=?
Hibernate: select rewardtagw0_.user_id as user_id4_15_0_, rewardtagw0_.reward_tag_wrapper_reward_id as reward_t1_15_0_, rewardtagw0_.reward_tag_wrapper_reward_id as reward_t1_15_1_, rewardtagw0_.reward_tag_wrapper_reward_presented_at as reward_t2_15_1_, rewardtagw0_.reward_tag_reward_tag_id as reward_t3_15_1_, rewardtagw0_.user_id as user_id4_15_1_ from reward_tag_wrapper rewardtagw0_ where rewardtagw0_.user_id=?
Hibernate: select user0_.user_id as user_id1_20_0_, user0_.character_id as characte7_20_0_, user0_.user_created_at as user_cre2_20_0_, user0_.user_name as user_nam3_20_0_, user0_.user_phone_number as user_pho4_20_0_, user0_.user_user_id as user_use5_20_0_, user0_.user_user_password as user_use6_20_0_ from user user0_ where user0_.user_id=?
Hibernate: select character0_.character_id as characte1_6_0_, character0_.character_character_name as characte2_6_0_ from characters character0_ where character0_.character_id=?
Hibernate: select count(*) as col_0_0_ from user user0_ where user0_.user_id=?
Hibernate: select character1_.character_id as characte1_6_, character1_.character_character_name as characte2_6_ from user user0_ inner join characters character1_ on user0_.character_id=character1_.character_id where user0_.user_id=?
Hibernate: select permission0_.character_id as characte6_11_0_, permission0_.permission_id as permissi1_11_0_, permission0_.permission_id as permissi1_11_1_, permission0_.character_id as characte6_11_1_, permission0_.permission_name as permissi2_11_1_, permission0_.permission_permission_unit_id as permissi3_11_1_, permission0_.permission_service as permissi4_11_1_, permission0_.permission_status as permissi5_11_1_ from permission permission0_ where permission0_.character_id=?
Hibernate: select count(*) as col_0_0_ from user user0_ where user0_.user_id=?
Hibernate: select user0_.user_id as user_id1_20_, user0_.character_id as characte7_20_, user0_.user_created_at as user_cre2_20_, user0_.user_name as user_nam3_20_, user0_.user_phone_number as user_pho4_20_, user0_.user_user_id as user_use5_20_, user0_.user_user_password as user_use6_20_ from user user0_ where user0_.user_id=?
Hibernate: select character0_.character_id as characte1_6_0_, character0_.character_character_name as characte2_6_0_ from characters character0_ where character0_.character_id=?
Hibernate: select rewardtagw0_.user_id as user_id4_15_0_, rewardtagw0_.reward_tag_wrapper_reward_id as reward_t1_15_0_, rewardtagw0_.reward_tag_wrapper_reward_id as reward_t1_15_1_, rewardtagw0_.reward_tag_wrapper_reward_presented_at as reward_t2_15_1_, rewardtagw0_.reward_tag_reward_tag_id as reward_t3_15_1_, rewardtagw0_.user_id as user_id4_15_1_ from reward_tag_wrapper rewardtagw0_ where rewardtagw0_.user_id=?
Hibernate: select attendance0_.attendance_user_attendance_user_id as col_0_0_ from attendance_user attendance0_ where attendance0_.user_id=? limit ?
Hibernate: DELETE FROM USER WHERE USER_ID = ?
Hibernate: select user0_.user_id as col_0_0_ from user user0_ where user0_.user_user_id=? limit ?
Hibernate: select user0_.user_id as col_0_0_ from user user0_ where user0_.user_user_id=? limit ?
Hibernate: select user0_.user_id as col_0_0_ from user user0_ where user0_.user_user_id=? limit ?
Hibernate: select U.* from USER U where U.USER_USER_ID =?
Hibernate: select character0_.character_id as characte1_6_0_, character0_.character_character_name as characte2_6_0_ from characters character0_ where character0_.character_id=?
Hibernate: select user0_.user_id as user_id1_20_0_, user0_.character_id as characte7_20_0_, user0_.user_created_at as user_cre2_20_0_, user0_.user_name as user_nam3_20_0_, user0_.user_phone_number as user_pho4_20_0_, user0_.user_user_id as user_use5_20_0_, user0_.user_user_password as user_use6_20_0_ from user user0_ where user0_.user_id=?
Hibernate: select character0_.character_id as characte1_6_0_, character0_.character_character_name as characte2_6_0_ from characters character0_ where character0_.character_id=?
Hibernate: select count(*) as col_0_0_ from user user0_ where user0_.user_id=?
Hibernate: select character1_.character_id as characte1_6_, character1_.character_character_name as characte2_6_ from user user0_ inner join characters character1_ on user0_.character_id=character1_.character_id where user0_.user_id=?
Hibernate: select permission0_.character_id as characte6_11_0_, permission0_.permission_id as permissi1_11_0_, permission0_.permission_id as permissi1_11_1_, permission0_.character_id as characte6_11_1_, permission0_.permission_name as permissi2_11_1_, permission0_.permission_permission_unit_id as permissi3_11_1_, permission0_.permission_service as permissi4_11_1_, permission0_.permission_status as permissi5_11_1_ from permission permission0_ where permission0_.character_id=?
Hibernate: select rewardtag0_.reward_tag_reward_tag_id as reward_t1_14_, rewardtag0_.reward_tag_reward_point as reward_t2_14_, rewardtag0_.reward_tag_reward_tag_title as reward_t3_14_ from reward_tag rewardtag0_
Hibernate: select user0_.user_id as col_0_0_ from user user0_ where user0_.user_user_id=? limit ?
Hibernate: select user0_.user_id as col_0_0_ from user user0_ where user0_.user_user_id=? limit ?
Hibernate: select U.* from USER U where U.USER_USER_ID =?
Hibernate: select character0_.character_id as characte1_6_0_, character0_.character_character_name as characte2_6_0_ from characters character0_ where character0_.character_id=?
Hibernate: select user0_.user_id as col_0_0_ from user user0_ where user0_.user_user_id=? limit ?
Hibernate: select user0_.user_id as col_0_0_ from user user0_ where user0_.user_user_id=? limit ?
Hibernate: select U.* from USER U where U.USER_USER_ID =?
Hibernate: select character0_.character_id as characte1_6_0_, character0_.character_character_name as characte2_6_0_ from characters character0_ where character0_.character_id=?
Hibernate: select user0_.user_id as user_id1_20_0_, user0_.character_id as characte7_20_0_, user0_.user_created_at as user_cre2_20_0_, user0_.user_name as user_nam3_20_0_, user0_.user_phone_number as user_pho4_20_0_, user0_.user_user_id as user_use5_20_0_, user0_.user_user_password as user_use6_20_0_ from user user0_ where user0_.user_id=?
Hibernate: select character0_.character_id as characte1_6_0_, character0_.character_character_name as characte2_6_0_ from characters character0_ where character0_.character_id=?
Hibernate: select count(*) as col_0_0_ from user user0_ where user0_.user_id=?
Hibernate: select character1_.character_id as characte1_6_, character1_.character_character_name as characte2_6_ from user user0_ inner join characters character1_ on user0_.character_id=character1_.character_id where user0_.user_id=?
Hibernate: select permission0_.character_id as characte6_11_0_, permission0_.permission_id as permissi1_11_0_, permission0_.permission_id as permissi1_11_1_, permission0_.character_id as characte6_11_1_, permission0_.permission_name as permissi2_11_1_, permission0_.permission_permission_unit_id as permissi3_11_1_, permission0_.permission_service as permissi4_11_1_, permission0_.permission_status as permissi5_11_1_ from permission permission0_ where permission0_.character_id=?
Hibernate: insert into reward_tag (reward_tag_reward_tag_id, reward_tag_reward_point, reward_tag_reward_tag_title) values (default, ?, ?)
Hibernate: select user0_.user_id as user_id1_20_0_, user0_.character_id as characte7_20_0_, user0_.user_created_at as user_cre2_20_0_, user0_.user_name as user_nam3_20_0_, user0_.user_phone_number as user_pho4_20_0_, user0_.user_user_id as user_use5_20_0_, user0_.user_user_password as user_use6_20_0_ from user user0_ where user0_.user_id=?
Hibernate: select character0_.character_id as characte1_6_0_, character0_.character_character_name as characte2_6_0_ from characters character0_ where character0_.character_id=?
Hibernate: select count(*) as col_0_0_ from user user0_ where user0_.user_id=?
Hibernate: select character1_.character_id as characte1_6_, character1_.character_character_name as characte2_6_ from user user0_ inner join characters character1_ on user0_.character_id=character1_.character_id where user0_.user_id=?
Hibernate: select permission0_.character_id as characte6_11_0_, permission0_.permission_id as permissi1_11_0_, permission0_.permission_id as permissi1_11_1_, permission0_.character_id as characte6_11_1_, permission0_.permission_name as permissi2_11_1_, permission0_.permission_permission_unit_id as permissi3_11_1_, permission0_.permission_service as permissi4_11_1_, permission0_.permission_status as permissi5_11_1_ from permission permission0_ where permission0_.character_id=?
Hibernate: select rewardtag0_.reward_tag_reward_tag_id as reward_t1_14_, rewardtag0_.reward_tag_reward_point as reward_t2_14_, rewardtag0_.reward_tag_reward_tag_title as reward_t3_14_ from reward_tag rewardtag0_
Hibernate: select user0_.user_id as col_0_0_ from user user0_ where user0_.user_user_id=? limit ?
Hibernate: select userjoinin0_.user_joining_pool_id as col_0_0_ from user_joining_pool userjoinin0_ where userjoinin0_.user_user_id=? limit ?
Hibernate: select character0_.character_id as col_0_0_ from characters character0_ where character0_.character_character_name=? limit ?
Hibernate: insert into user_joining_pool (user_joining_pool_id, user_created_at, user_name, user_phone_number, user_user_id, user_user_password) values (default, ?, ?, ?, ?, ?)

MockHttpServletRequest:
      HTTP Method = POST
      Request URI = /user
       Parameters = {}
          Headers = [Content-Type:"application/json;charset=UTF-8", Accept:"application/json", api-version:"1.0", Content-Length:"106"]
             Body = {"name":"hello world","user_id":"hello-world","user_password":"adcgd123!!@@","phone_number":"01012341234"}
    Session Attrs = {}

Handler:
             Type = org.waldreg.controller.joiningpool.JoiningPoolController
           Method = org.waldreg.controller.joiningpool.JoiningPoolController#createUser(UserRequest)

Async:
    Async started = false
     Async result = null

Resolved Exception:
             Type = null

ModelAndView:
        View name = null
             View = null
            Model = null

FlashMap:
       Attributes = null

MockHttpServletResponse:
           Status = 200
    Error message = null
          Headers = [Vary:"Origin", "Access-Control-Request-Method", "Access-Control-Request-Headers", Api-version:"1.0"]
     Content type = null
             Body = 
    Forwarded URL = null
   Redirected URL = null
          Cookies = []
Hibernate: select user0_.user_id as user_id1_20_0_, user0_.character_id as characte7_20_0_, user0_.user_created_at as user_cre2_20_0_, user0_.user_name as user_nam3_20_0_, user0_.user_phone_number as user_pho4_20_0_, user0_.user_user_id as user_use5_20_0_, user0_.user_user_password as user_use6_20_0_ from user user0_ where user0_.user_id=?
Hibernate: select character0_.character_id as characte1_6_0_, character0_.character_character_name as characte2_6_0_ from characters character0_ where character0_.character_id=?
Hibernate: select count(*) as col_0_0_ from user user0_ where user0_.user_id=?
Hibernate: select character1_.character_id as characte1_6_, character1_.character_character_name as characte2_6_ from user user0_ inner join characters character1_ on user0_.character_id=character1_.character_id where user0_.user_id=?
Hibernate: select permission0_.character_id as characte6_11_0_, permission0_.permission_id as permissi1_11_0_, permission0_.permission_id as permissi1_11_1_, permission0_.character_id as characte6_11_1_, permission0_.permission_name as permissi2_11_1_, permission0_.permission_permission_unit_id as permissi3_11_1_, permission0_.permission_service as permissi4_11_1_, permission0_.permission_status as permissi5_11_1_ from permission permission0_ where permission0_.character_id=?
Hibernate: select userjoinin0_.user_joining_pool_id as col_0_0_ from user_joining_pool userjoinin0_ where userjoinin0_.user_user_id=? limit ?
Hibernate: select userjoinin0_.user_joining_pool_id as user_joi1_21_, userjoinin0_.user_created_at as user_cre2_21_, userjoinin0_.user_name as user_nam3_21_, userjoinin0_.user_phone_number as user_pho4_21_, userjoinin0_.user_user_id as user_use5_21_, userjoinin0_.user_user_password as user_use6_21_ from user_joining_pool userjoinin0_ where userjoinin0_.user_user_id=?
Hibernate: select character0_.character_id as characte1_6_, character0_.character_character_name as characte2_6_ from characters character0_ where character0_.character_character_name=?
Hibernate: insert into user (user_id, character_id, user_created_at, user_name, user_phone_number, user_user_id, user_user_password) values (default, ?, ?, ?, ?, ?, ?)
Hibernate: DELETE FROM USER_JOINING_POOL as JU where JU.USER_USER_ID =?
Hibernate: select user0_.user_id as user_id1_20_0_, user0_.character_id as characte7_20_0_, user0_.user_created_at as user_cre2_20_0_, user0_.user_name as user_nam3_20_0_, user0_.user_phone_number as user_pho4_20_0_, user0_.user_user_id as user_use5_20_0_, user0_.user_user_password as user_use6_20_0_ from user user0_ where user0_.user_id=?
Hibernate: select character0_.character_id as characte1_6_0_, character0_.character_character_name as characte2_6_0_ from characters character0_ where character0_.character_id=?
Hibernate: select count(*) as col_0_0_ from user user0_ where user0_.user_id=?
Hibernate: select character1_.character_id as characte1_6_, character1_.character_character_name as characte2_6_ from user user0_ inner join characters character1_ on user0_.character_id=character1_.character_id where user0_.user_id=?
Hibernate: select permission0_.character_id as characte6_11_0_, permission0_.permission_id as permissi1_11_0_, permission0_.permission_id as permissi1_11_1_, permission0_.character_id as characte6_11_1_, permission0_.permission_name as permissi2_11_1_, permission0_.permission_permission_unit_id as permissi3_11_1_, permission0_.permission_service as permissi4_11_1_, permission0_.permission_status as permissi5_11_1_ from permission permission0_ where permission0_.character_id=?
Hibernate: select user0_.user_id as col_0_0_ from user user0_ where user0_.user_user_id=? limit ?
Hibernate: select user0_.user_id as user_id1_20_, user0_.character_id as characte7_20_, user0_.user_created_at as user_cre2_20_, user0_.user_name as user_nam3_20_, user0_.user_phone_number as user_pho4_20_, user0_.user_user_id as user_use5_20_, user0_.user_user_password as user_use6_20_ from user user0_ inner join characters character1_ on user0_.character_id=character1_.character_id where user0_.user_user_id=?
Hibernate: select character0_.character_id as characte1_6_0_, character0_.character_character_name as characte2_6_0_ from characters character0_ where character0_.character_id=?
Hibernate: select rewardtagw0_.user_id as user_id4_15_0_, rewardtagw0_.reward_tag_wrapper_reward_id as reward_t1_15_0_, rewardtagw0_.reward_tag_wrapper_reward_id as reward_t1_15_1_, rewardtagw0_.reward_tag_wrapper_reward_presented_at as reward_t2_15_1_, rewardtagw0_.reward_tag_reward_tag_id as reward_t3_15_1_, rewardtagw0_.user_id as user_id4_15_1_ from reward_tag_wrapper rewardtagw0_ where rewardtagw0_.user_id=?
Hibernate: select user0_.user_id as user_id1_20_0_, user0_.character_id as characte7_20_0_, user0_.user_created_at as user_cre2_20_0_, user0_.user_name as user_nam3_20_0_, user0_.user_phone_number as user_pho4_20_0_, user0_.user_user_id as user_use5_20_0_, user0_.user_user_password as user_use6_20_0_ from user user0_ where user0_.user_id=?
Hibernate: select character0_.character_id as characte1_6_0_, character0_.character_character_name as characte2_6_0_ from characters character0_ where character0_.character_id=?
Hibernate: select count(*) as col_0_0_ from user user0_ where user0_.user_id=?
Hibernate: select character1_.character_id as characte1_6_, character1_.character_character_name as characte2_6_ from user user0_ inner join characters character1_ on user0_.character_id=character1_.character_id where user0_.user_id=?
Hibernate: select permission0_.character_id as characte6_11_0_, permission0_.permission_id as permissi1_11_0_, permission0_.permission_id as permissi1_11_1_, permission0_.character_id as characte6_11_1_, permission0_.permission_name as permissi2_11_1_, permission0_.permission_permission_unit_id as permissi3_11_1_, permission0_.permission_service as permissi4_11_1_, permission0_.permission_status as permissi5_11_1_ from permission permission0_ where permission0_.character_id=?
Hibernate: select count(*) as col_0_0_ from user user0_ where user0_.user_id=?
Hibernate: select count(*) as col_0_0_ from reward_tag rewardtag0_ where rewardtag0_.reward_tag_reward_tag_id=?
Hibernate: select user0_.user_id as user_id1_20_0_, user0_.character_id as characte7_20_0_, user0_.user_created_at as user_cre2_20_0_, user0_.user_name as user_nam3_20_0_, user0_.user_phone_number as user_pho4_20_0_, user0_.user_user_id as user_use5_20_0_, user0_.user_user_password as user_use6_20_0_ from user user0_ where user0_.user_id=?
Hibernate: select character0_.character_id as characte1_6_0_, character0_.character_character_name as characte2_6_0_ from characters character0_ where character0_.character_id=?
Hibernate: select rewardtag0_.reward_tag_reward_tag_id as reward_t1_14_0_, rewardtag0_.reward_tag_reward_point as reward_t2_14_0_, rewardtag0_.reward_tag_reward_tag_title as reward_t3_14_0_ from reward_tag rewardtag0_ where rewardtag0_.reward_tag_reward_tag_id=?
Hibernate: call next value for hibernate_sequence
Hibernate: insert into reward_tag_wrapper (reward_tag_wrapper_reward_presented_at, reward_tag_reward_tag_id, user_id, reward_tag_wrapper_reward_id) values (?, ?, ?, ?)
Hibernate: select user0_.user_id as user_id1_20_0_, user0_.character_id as characte7_20_0_, user0_.user_created_at as user_cre2_20_0_, user0_.user_name as user_nam3_20_0_, user0_.user_phone_number as user_pho4_20_0_, user0_.user_user_id as user_use5_20_0_, user0_.user_user_password as user_use6_20_0_ from user user0_ where user0_.user_id=?
Hibernate: select character0_.character_id as characte1_6_0_, character0_.character_character_name as characte2_6_0_ from characters character0_ where character0_.character_id=?
Hibernate: select count(*) as col_0_0_ from user user0_ where user0_.user_id=?
Hibernate: select character1_.character_id as characte1_6_, character1_.character_character_name as characte2_6_ from user user0_ inner join characters character1_ on user0_.character_id=character1_.character_id where user0_.user_id=?
Hibernate: select permission0_.character_id as characte6_11_0_, permission0_.permission_id as permissi1_11_0_, permission0_.permission_id as permissi1_11_1_, permission0_.character_id as characte6_11_1_, permission0_.permission_name as permissi2_11_1_, permission0_.permission_permission_unit_id as permissi3_11_1_, permission0_.permission_service as permissi4_11_1_, permission0_.permission_status as permissi5_11_1_ from permission permission0_ where permission0_.character_id=?
Hibernate: select count(*) as col_0_0_ from user user0_ where user0_.user_id=?
Hibernate: select user0_.user_id as user_id1_20_0_, user0_.character_id as characte7_20_0_, user0_.user_created_at as user_cre2_20_0_, user0_.user_name as user_nam3_20_0_, user0_.user_phone_number as user_pho4_20_0_, user0_.user_user_id as user_use5_20_0_, user0_.user_user_password as user_use6_20_0_ from user user0_ where user0_.user_id=?
Hibernate: select character0_.character_id as characte1_6_0_, character0_.character_character_name as characte2_6_0_ from characters character0_ where character0_.character_id=?
Hibernate: select rewardtagw0_.user_id as user_id4_15_0_, rewardtagw0_.reward_tag_wrapper_reward_id as reward_t1_15_0_, rewardtagw0_.reward_tag_wrapper_reward_id as reward_t1_15_1_, rewardtagw0_.reward_tag_wrapper_reward_presented_at as reward_t2_15_1_, rewardtagw0_.reward_tag_reward_tag_id as reward_t3_15_1_, rewardtagw0_.user_id as user_id4_15_1_ from reward_tag_wrapper rewardtagw0_ where rewardtagw0_.user_id=?
Hibernate: select rewardtag0_.reward_tag_reward_tag_id as reward_t1_14_0_, rewardtag0_.reward_tag_reward_point as reward_t2_14_0_, rewardtag0_.reward_tag_reward_tag_title as reward_t3_14_0_ from reward_tag rewardtag0_ where rewardtag0_.reward_tag_reward_tag_id=?
Hibernate: select user0_.user_id as user_id1_20_0_, user0_.character_id as characte7_20_0_, user0_.user_created_at as user_cre2_20_0_, user0_.user_name as user_nam3_20_0_, user0_.user_phone_number as user_pho4_20_0_, user0_.user_user_id as user_use5_20_0_, user0_.user_user_password as user_use6_20_0_ from user user0_ where user0_.user_id=?
Hibernate: select character0_.character_id as characte1_6_0_, character0_.character_character_name as characte2_6_0_ from characters character0_ where character0_.character_id=?
Hibernate: select count(*) as col_0_0_ from user user0_ where user0_.user_id=?
Hibernate: select character1_.character_id as characte1_6_, character1_.character_character_name as characte2_6_ from user user0_ inner join characters character1_ on user0_.character_id=character1_.character_id where user0_.user_id=?
Hibernate: select permission0_.character_id as characte6_11_0_, permission0_.permission_id as permissi1_11_0_, permission0_.permission_id as permissi1_11_1_, permission0_.character_id as characte6_11_1_, permission0_.permission_name as permissi2_11_1_, permission0_.permission_permission_unit_id as permissi3_11_1_, permission0_.permission_service as permissi4_11_1_, permission0_.permission_status as permissi5_11_1_ from permission permission0_ where permission0_.character_id=?
Hibernate: select count(*) as col_0_0_ from user user0_ where user0_.user_id=?
Hibernate: select user0_.user_id as user_id1_20_0_, user0_.character_id as characte7_20_0_, user0_.user_created_at as user_cre2_20_0_, user0_.user_name as user_nam3_20_0_, user0_.user_phone_number as user_pho4_20_0_, user0_.user_user_id as user_use5_20_0_, user0_.user_user_password as user_use6_20_0_ from user user0_ where user0_.user_id=?
Hibernate: select character0_.character_id as characte1_6_0_, character0_.character_character_name as characte2_6_0_ from characters character0_ where character0_.character_id=?
Hibernate: select rewardtagw0_.user_id as user_id4_15_0_, rewardtagw0_.reward_tag_wrapper_reward_id as reward_t1_15_0_, rewardtagw0_.reward_tag_wrapper_reward_id as reward_t1_15_1_, rewardtagw0_.reward_tag_wrapper_reward_presented_at as reward_t2_15_1_, rewardtagw0_.reward_tag_reward_tag_id as reward_t3_15_1_, rewardtagw0_.user_id as user_id4_15_1_ from reward_tag_wrapper rewardtagw0_ where rewardtagw0_.user_id=?
Hibernate: select rewardtag0_.reward_tag_reward_tag_id as reward_t1_14_0_, rewardtag0_.reward_tag_reward_point as reward_t2_14_0_, rewardtag0_.reward_tag_reward_tag_title as reward_t3_14_0_ from reward_tag rewardtag0_ where rewardtag0_.reward_tag_reward_tag_id=?
Hibernate: delete from reward_tag_wrapper where reward_tag_wrapper_reward_id=?
Hibernate: select user0_.user_id as col_0_0_ from user user0_ where user0_.user_user_id=? limit ?
Hibernate: select user0_.user_id as col_0_0_ from user user0_ where user0_.user_user_id=? limit ?
Hibernate: select U.* from USER U where U.USER_USER_ID =?
Hibernate: select character0_.character_id as characte1_6_0_, character0_.character_character_name as characte2_6_0_ from characters character0_ where character0_.character_id=?
Hibernate: select user0_.user_id as user_id1_20_0_, user0_.character_id as characte7_20_0_, user0_.user_created_at as user_cre2_20_0_, user0_.user_name as user_nam3_20_0_, user0_.user_phone_number as user_pho4_20_0_, user0_.user_user_id as user_use5_20_0_, user0_.user_user_password as user_use6_20_0_ from user user0_ where user0_.user_id=?
Hibernate: select character0_.character_id as characte1_6_0_, character0_.character_character_name as characte2_6_0_ from characters character0_ where character0_.character_id=?
Hibernate: select count(*) as col_0_0_ from user user0_ where user0_.user_id=?
Hibernate: select character1_.character_id as characte1_6_, character1_.character_character_name as characte2_6_ from user user0_ inner join characters character1_ on user0_.character_id=character1_.character_id where user0_.user_id=?
Hibernate: select permission0_.character_id as characte6_11_0_, permission0_.permission_id as permissi1_11_0_, permission0_.permission_id as permissi1_11_1_, permission0_.character_id as characte6_11_1_, permission0_.permission_name as permissi2_11_1_, permission0_.permission_permission_unit_id as permissi3_11_1_, permission0_.permission_service as permissi4_11_1_, permission0_.permission_status as permissi5_11_1_ from permission permission0_ where permission0_.character_id=?
Hibernate: select rewardtag0_.reward_tag_reward_tag_id as reward_t1_14_, rewardtag0_.reward_tag_reward_point as reward_t2_14_, rewardtag0_.reward_tag_reward_tag_title as reward_t3_14_ from reward_tag rewardtag0_
Hibernate: select user0_.user_id as user_id1_20_0_, user0_.character_id as characte7_20_0_, user0_.user_created_at as user_cre2_20_0_, user0_.user_name as user_nam3_20_0_, user0_.user_phone_number as user_pho4_20_0_, user0_.user_user_id as user_use5_20_0_, user0_.user_user_password as user_use6_20_0_ from user user0_ where user0_.user_id=?
Hibernate: select character0_.character_id as characte1_6_0_, character0_.character_character_name as characte2_6_0_ from characters character0_ where character0_.character_id=?
Hibernate: select count(*) as col_0_0_ from user user0_ where user0_.user_id=?
Hibernate: select character1_.character_id as characte1_6_, character1_.character_character_name as characte2_6_ from user user0_ inner join characters character1_ on user0_.character_id=character1_.character_id where user0_.user_id=?
Hibernate: select permission0_.character_id as characte6_11_0_, permission0_.permission_id as permissi1_11_0_, permission0_.permission_id as permissi1_11_1_, permission0_.character_id as characte6_11_1_, permission0_.permission_name as permissi2_11_1_, permission0_.permission_permission_unit_id as permissi3_11_1_, permission0_.permission_service as permissi4_11_1_, permission0_.permission_status as permissi5_11_1_ from permission permission0_ where permission0_.character_id=?
Hibernate: select count(*) as col_0_0_ from reward_tag rewardtag0_ where rewardtag0_.reward_tag_reward_tag_id=?
Hibernate: DELETE FROM REWARD_TAG_WRAPPER AS RTW WHERE RTW.REWARD_TAG_REWARD_TAG_ID = ?
Hibernate: select rewardtag0_.reward_tag_reward_tag_id as reward_t1_14_0_, rewardtag0_.reward_tag_reward_point as reward_t2_14_0_, rewardtag0_.reward_tag_reward_tag_title as reward_t3_14_0_ from reward_tag rewardtag0_ where rewardtag0_.reward_tag_reward_tag_id=?
Hibernate: select attendance0_.attendance_type_reward_id as attendan1_2_, attendance0_.attendance_type_name as attendan2_2_, attendance0_.reward_tag_reward_tag_id as reward_t3_2_ from attendance_type_reward attendance0_ where attendance0_.reward_tag_reward_tag_id=?
Hibernate: delete from reward_tag where reward_tag_reward_tag_id=?
Hibernate: select user0_.user_id as user_id1_20_0_, user0_.character_id as characte7_20_0_, user0_.user_created_at as user_cre2_20_0_, user0_.user_name as user_nam3_20_0_, user0_.user_phone_number as user_pho4_20_0_, user0_.user_user_id as user_use5_20_0_, user0_.user_user_password as user_use6_20_0_ from user user0_ where user0_.user_id=?
Hibernate: select character0_.character_id as characte1_6_0_, character0_.character_character_name as characte2_6_0_ from characters character0_ where character0_.character_id=?
Hibernate: select count(*) as col_0_0_ from user user0_ where user0_.user_id=?
Hibernate: select character1_.character_id as characte1_6_, character1_.character_character_name as characte2_6_ from user user0_ inner join characters character1_ on user0_.character_id=character1_.character_id where user0_.user_id=?
Hibernate: select permission0_.character_id as characte6_11_0_, permission0_.permission_id as permissi1_11_0_, permission0_.permission_id as permissi1_11_1_, permission0_.character_id as characte6_11_1_, permission0_.permission_name as permissi2_11_1_, permission0_.permission_permission_unit_id as permissi3_11_1_, permission0_.permission_service as permissi4_11_1_, permission0_.permission_status as permissi5_11_1_ from permission permission0_ where permission0_.character_id=?
Hibernate: select count(*) as col_0_0_ from reward_tag rewardtag0_ where rewardtag0_.reward_tag_reward_tag_id=?
Hibernate: select user0_.user_id as col_0_0_ from user user0_ where user0_.user_user_id=? limit ?
Hibernate: select user0_.user_id as col_0_0_ from user user0_ where user0_.user_user_id=? limit ?
Hibernate: select U.* from USER U where U.USER_USER_ID =?
Hibernate: select character0_.character_id as characte1_6_0_, character0_.character_character_name as characte2_6_0_ from characters character0_ where character0_.character_id=?
Hibernate: select user0_.user_id as col_0_0_ from user user0_ where user0_.user_user_id=? limit ?
Hibernate: select user0_.user_id as user_id1_20_, user0_.character_id as characte7_20_, user0_.user_created_at as user_cre2_20_, user0_.user_name as user_nam3_20_, user0_.user_phone_number as user_pho4_20_, user0_.user_user_id as user_use5_20_, user0_.user_user_password as user_use6_20_ from user user0_ inner join characters character1_ on user0_.character_id=character1_.character_id where user0_.user_user_id=?
Hibernate: select character0_.character_id as characte1_6_0_, character0_.character_character_name as characte2_6_0_ from characters character0_ where character0_.character_id=?
Hibernate: select rewardtagw0_.user_id as user_id4_15_0_, rewardtagw0_.reward_tag_wrapper_reward_id as reward_t1_15_0_, rewardtagw0_.reward_tag_wrapper_reward_id as reward_t1_15_1_, rewardtagw0_.reward_tag_wrapper_reward_presented_at as reward_t2_15_1_, rewardtagw0_.reward_tag_reward_tag_id as reward_t3_15_1_, rewardtagw0_.user_id as user_id4_15_1_ from reward_tag_wrapper rewardtagw0_ where rewardtagw0_.user_id=?
Hibernate: select user0_.user_id as user_id1_20_0_, user0_.character_id as characte7_20_0_, user0_.user_created_at as user_cre2_20_0_, user0_.user_name as user_nam3_20_0_, user0_.user_phone_number as user_pho4_20_0_, user0_.user_user_id as user_use5_20_0_, user0_.user_user_password as user_use6_20_0_ from user user0_ where user0_.user_id=?
Hibernate: select character0_.character_id as characte1_6_0_, character0_.character_character_name as characte2_6_0_ from characters character0_ where character0_.character_id=?
Hibernate: select count(*) as col_0_0_ from user user0_ where user0_.user_id=?
Hibernate: select character1_.character_id as characte1_6_, character1_.character_character_name as characte2_6_ from user user0_ inner join characters character1_ on user0_.character_id=character1_.character_id where user0_.user_id=?
Hibernate: select permission0_.character_id as characte6_11_0_, permission0_.permission_id as permissi1_11_0_, permission0_.permission_id as permissi1_11_1_, permission0_.character_id as characte6_11_1_, permission0_.permission_name as permissi2_11_1_, permission0_.permission_permission_unit_id as permissi3_11_1_, permission0_.permission_service as permissi4_11_1_, permission0_.permission_status as permissi5_11_1_ from permission permission0_ where permission0_.character_id=?
Hibernate: select count(*) as col_0_0_ from user user0_ where user0_.user_id=?
Hibernate: select user0_.user_id as user_id1_20_, user0_.character_id as characte7_20_, user0_.user_created_at as user_cre2_20_, user0_.user_name as user_nam3_20_, user0_.user_phone_number as user_pho4_20_, user0_.user_user_id as user_use5_20_, user0_.user_user_password as user_use6_20_ from user user0_ where user0_.user_id=?
Hibernate: select character0_.character_id as characte1_6_0_, character0_.character_character_name as characte2_6_0_ from characters character0_ where character0_.character_id=?
Hibernate: select rewardtagw0_.user_id as user_id4_15_0_, rewardtagw0_.reward_tag_wrapper_reward_id as reward_t1_15_0_, rewardtagw0_.reward_tag_wrapper_reward_id as reward_t1_15_1_, rewardtagw0_.reward_tag_wrapper_reward_presented_at as reward_t2_15_1_, rewardtagw0_.reward_tag_reward_tag_id as reward_t3_15_1_, rewardtagw0_.user_id as user_id4_15_1_ from reward_tag_wrapper rewardtagw0_ where rewardtagw0_.user_id=?
Hibernate: select attendance0_.attendance_user_attendance_user_id as col_0_0_ from attendance_user attendance0_ where attendance0_.user_id=? limit ?
Hibernate: DELETE FROM USER WHERE USER_ID = ?
Hibernate: select user0_.user_id as col_0_0_ from user user0_ where user0_.user_user_id=? limit ?
Hibernate: select user0_.user_id as col_0_0_ from user user0_ where user0_.user_user_id=? limit ?
Hibernate: select user0_.user_id as col_0_0_ from user user0_ where user0_.user_user_id=? limit ?
Hibernate: select U.* from USER U where U.USER_USER_ID =?
Hibernate: select character0_.character_id as characte1_6_0_, character0_.character_character_name as characte2_6_0_ from characters character0_ where character0_.character_id=?
Hibernate: select user0_.user_id as user_id1_20_0_, user0_.character_id as characte7_20_0_, user0_.user_created_at as user_cre2_20_0_, user0_.user_name as user_nam3_20_0_, user0_.user_phone_number as user_pho4_20_0_, user0_.user_user_id as user_use5_20_0_, user0_.user_user_password as user_use6_20_0_ from user user0_ where user0_.user_id=?
Hibernate: select character0_.character_id as characte1_6_0_, character0_.character_character_name as characte2_6_0_ from characters character0_ where character0_.character_id=?
Hibernate: select count(*) as col_0_0_ from user user0_ where user0_.user_id=?
Hibernate: select character1_.character_id as characte1_6_, character1_.character_character_name as characte2_6_ from user user0_ inner join characters character1_ on user0_.character_id=character1_.character_id where user0_.user_id=?
Hibernate: select permission0_.character_id as characte6_11_0_, permission0_.permission_id as permissi1_11_0_, permission0_.permission_id as permissi1_11_1_, permission0_.character_id as characte6_11_1_, permission0_.permission_name as permissi2_11_1_, permission0_.permission_permission_unit_id as permissi3_11_1_, permission0_.permission_service as permissi4_11_1_, permission0_.permission_status as permissi5_11_1_ from permission permission0_ where permission0_.character_id=?
Hibernate: select rewardtag0_.reward_tag_reward_tag_id as reward_t1_14_, rewardtag0_.reward_tag_reward_point as reward_t2_14_, rewardtag0_.reward_tag_reward_tag_title as reward_t3_14_ from reward_tag rewardtag0_
Hibernate: select user0_.user_id as col_0_0_ from user user0_ where user0_.user_user_id=? limit ?
Hibernate: select user0_.user_id as col_0_0_ from user user0_ where user0_.user_user_id=? limit ?
Hibernate: select U.* from USER U where U.USER_USER_ID =?
Hibernate: select character0_.character_id as characte1_6_0_, character0_.character_character_name as characte2_6_0_ from characters character0_ where character0_.character_id=?
Hibernate: select user0_.user_id as col_0_0_ from user user0_ where user0_.user_user_id=? limit ?
Hibernate: select user0_.user_id as col_0_0_ from user user0_ where user0_.user_user_id=? limit ?
Hibernate: select U.* from USER U where U.USER_USER_ID =?
Hibernate: select character0_.character_id as characte1_6_0_, character0_.character_character_name as characte2_6_0_ from characters character0_ where character0_.character_id=?
Hibernate: select user0_.user_id as user_id1_20_0_, user0_.character_id as characte7_20_0_, user0_.user_created_at as user_cre2_20_0_, user0_.user_name as user_nam3_20_0_, user0_.user_phone_number as user_pho4_20_0_, user0_.user_user_id as user_use5_20_0_, user0_.user_user_password as user_use6_20_0_ from user user0_ where user0_.user_id=?
Hibernate: select character0_.character_id as characte1_6_0_, character0_.character_character_name as characte2_6_0_ from characters character0_ where character0_.character_id=?
Hibernate: select count(*) as col_0_0_ from user user0_ where user0_.user_id=?
Hibernate: select character1_.character_id as characte1_6_, character1_.character_character_name as characte2_6_ from user user0_ inner join characters character1_ on user0_.character_id=character1_.character_id where user0_.user_id=?
Hibernate: select permission0_.character_id as characte6_11_0_, permission0_.permission_id as permissi1_11_0_, permission0_.permission_id as permissi1_11_1_, permission0_.character_id as characte6_11_1_, permission0_.permission_name as permissi2_11_1_, permission0_.permission_permission_unit_id as permissi3_11_1_, permission0_.permission_service as permissi4_11_1_, permission0_.permission_status as permissi5_11_1_ from permission permission0_ where permission0_.character_id=?
Hibernate: DELETE FROM REWARD_TAG_WRAPPER
Hibernate: select user0_.user_id as col_0_0_ from user user0_ where user0_.user_user_id=? limit ?
Hibernate: select user0_.user_id as col_0_0_ from user user0_ where user0_.user_user_id=? limit ?
Hibernate: select U.* from USER U where U.USER_USER_ID =?
Hibernate: select character0_.character_id as characte1_6_0_, character0_.character_character_name as characte2_6_0_ from characters character0_ where character0_.character_id=?
Hibernate: select user0_.user_id as user_id1_20_0_, user0_.character_id as characte7_20_0_, user0_.user_created_at as user_cre2_20_0_, user0_.user_name as user_nam3_20_0_, user0_.user_phone_number as user_pho4_20_0_, user0_.user_user_id as user_use5_20_0_, user0_.user_user_password as user_use6_20_0_ from user user0_ where user0_.user_id=?
Hibernate: select character0_.character_id as characte1_6_0_, character0_.character_character_name as characte2_6_0_ from characters character0_ where character0_.character_id=?
Hibernate: select count(*) as col_0_0_ from user user0_ where user0_.user_id=?
Hibernate: select character1_.character_id as characte1_6_, character1_.character_character_name as characte2_6_ from user user0_ inner join characters character1_ on user0_.character_id=character1_.character_id where user0_.user_id=?
Hibernate: select permission0_.character_id as characte6_11_0_, permission0_.permission_id as permissi1_11_0_, permission0_.permission_id as permissi1_11_1_, permission0_.character_id as characte6_11_1_, permission0_.permission_name as permissi2_11_1_, permission0_.permission_permission_unit_id as permissi3_11_1_, permission0_.permission_service as permissi4_11_1_, permission0_.permission_status as permissi5_11_1_ from permission permission0_ where permission0_.character_id=?
Hibernate: select rewardtag0_.reward_tag_reward_tag_id as reward_t1_14_, rewardtag0_.reward_tag_reward_point as reward_t2_14_, rewardtag0_.reward_tag_reward_tag_title as reward_t3_14_ from reward_tag rewardtag0_
Hibernate: select user0_.user_id as col_0_0_ from user user0_ where user0_.user_user_id=? limit ?
Hibernate: select user0_.user_id as col_0_0_ from user user0_ where user0_.user_user_id=? limit ?
Hibernate: select U.* from USER U where U.USER_USER_ID =?
Hibernate: select character0_.character_id as characte1_6_0_, character0_.character_character_name as characte2_6_0_ from characters character0_ where character0_.character_id=?
Hibernate: select user0_.user_id as col_0_0_ from user user0_ where user0_.user_user_id=? limit ?
Hibernate: select user0_.user_id as col_0_0_ from user user0_ where user0_.user_user_id=? limit ?
Hibernate: select U.* from USER U where U.USER_USER_ID =?
Hibernate: select character0_.character_id as characte1_6_0_, character0_.character_character_name as characte2_6_0_ from characters character0_ where character0_.character_id=?
Hibernate: select user0_.user_id as user_id1_20_0_, user0_.character_id as characte7_20_0_, user0_.user_created_at as user_cre2_20_0_, user0_.user_name as user_nam3_20_0_, user0_.user_phone_number as user_pho4_20_0_, user0_.user_user_id as user_use5_20_0_, user0_.user_user_password as user_use6_20_0_ from user user0_ where user0_.user_id=?
Hibernate: select character0_.character_id as characte1_6_0_, character0_.character_character_name as characte2_6_0_ from characters character0_ where character0_.character_id=?
Hibernate: select count(*) as col_0_0_ from user user0_ where user0_.user_id=?
Hibernate: select character1_.character_id as characte1_6_, character1_.character_character_name as characte2_6_ from user user0_ inner join characters character1_ on user0_.character_id=character1_.character_id where user0_.user_id=?
Hibernate: select permission0_.character_id as characte6_11_0_, permission0_.permission_id as permissi1_11_0_, permission0_.permission_id as permissi1_11_1_, permission0_.character_id as characte6_11_1_, permission0_.permission_name as permissi2_11_1_, permission0_.permission_permission_unit_id as permissi3_11_1_, permission0_.permission_service as permissi4_11_1_, permission0_.permission_status as permissi5_11_1_ from permission permission0_ where permission0_.character_id=?
Hibernate: select rewardtag0_.reward_tag_reward_tag_id as reward_t1_14_, rewardtag0_.reward_tag_reward_point as reward_t2_14_, rewardtag0_.reward_tag_reward_tag_title as reward_t3_14_ from reward_tag rewardtag0_
Hibernate: select user0_.user_id as col_0_0_ from user user0_ where user0_.user_user_id=? limit ?
Hibernate: select user0_.user_id as col_0_0_ from user user0_ where user0_.user_user_id=? limit ?
Hibernate: select U.* from USER U where U.USER_USER_ID =?
Hibernate: select character0_.character_id as characte1_6_0_, character0_.character_character_name as characte2_6_0_ from characters character0_ where character0_.character_id=?
Hibernate: select user0_.user_id as col_0_0_ from user user0_ where user0_.user_user_id=? limit ?
Hibernate: select user0_.user_id as col_0_0_ from user user0_ where user0_.user_user_id=? limit ?
Hibernate: select U.* from USER U where U.USER_USER_ID =?
Hibernate: select character0_.character_id as characte1_6_0_, character0_.character_character_name as characte2_6_0_ from characters character0_ where character0_.character_id=?
Hibernate: select user0_.user_id as col_0_0_ from user user0_ where user0_.user_user_id=? limit ?
Hibernate: select user0_.user_id as col_0_0_ from user user0_ where user0_.user_user_id=? limit ?
Hibernate: select U.* from USER U where U.USER_USER_ID =?
Hibernate: select character0_.character_id as characte1_6_0_, character0_.character_character_name as characte2_6_0_ from characters character0_ where character0_.character_id=?
Hibernate: select user0_.user_id as col_0_0_ from user user0_ where user0_.user_user_id=? limit ?
Hibernate: select userjoinin0_.user_joining_pool_id as col_0_0_ from user_joining_pool userjoinin0_ where userjoinin0_.user_user_id=? limit ?
Hibernate: select character0_.character_id as col_0_0_ from characters character0_ where character0_.character_character_name=? limit ?
Hibernate: insert into user_joining_pool (user_joining_pool_id, user_created_at, user_name, user_phone_number, user_user_id, user_user_password) values (default, ?, ?, ?, ?, ?)

MockHttpServletRequest:
      HTTP Method = POST
      Request URI = /user
       Parameters = {}
          Headers = [Content-Type:"application/json;charset=UTF-8", Accept:"application/json", api-version:"1.0", Content-Length:"106"]
             Body = {"name":"hello world","user_id":"hello-world","user_password":"adcgd123!!@@","phone_number":"01012341234"}
    Session Attrs = {}

Handler:
             Type = org.waldreg.controller.joiningpool.JoiningPoolController
           Method = org.waldreg.controller.joiningpool.JoiningPoolController#createUser(UserRequest)

Async:
    Async started = false
     Async result = null

Resolved Exception:
             Type = null

ModelAndView:
        View name = null
             View = null
            Model = null

FlashMap:
       Attributes = null

MockHttpServletResponse:
           Status = 200
    Error message = null
          Headers = [Vary:"Origin", "Access-Control-Request-Method", "Access-Control-Request-Headers", Api-version:"1.0"]
     Content type = null
             Body = 
    Forwarded URL = null
   Redirected URL = null
          Cookies = []
Hibernate: select user0_.user_id as user_id1_20_0_, user0_.character_id as characte7_20_0_, user0_.user_created_at as user_cre2_20_0_, user0_.user_name as user_nam3_20_0_, user0_.user_phone_number as user_pho4_20_0_, user0_.user_user_id as user_use5_20_0_, user0_.user_user_password as user_use6_20_0_ from user user0_ where user0_.user_id=?
Hibernate: select character0_.character_id as characte1_6_0_, character0_.character_character_name as characte2_6_0_ from characters character0_ where character0_.character_id=?
Hibernate: select count(*) as col_0_0_ from user user0_ where user0_.user_id=?
Hibernate: select character1_.character_id as characte1_6_, character1_.character_character_name as characte2_6_ from user user0_ inner join characters character1_ on user0_.character_id=character1_.character_id where user0_.user_id=?
Hibernate: select permission0_.character_id as characte6_11_0_, permission0_.permission_id as permissi1_11_0_, permission0_.permission_id as permissi1_11_1_, permission0_.character_id as characte6_11_1_, permission0_.permission_name as permissi2_11_1_, permission0_.permission_permission_unit_id as permissi3_11_1_, permission0_.permission_service as permissi4_11_1_, permission0_.permission_status as permissi5_11_1_ from permission permission0_ where permission0_.character_id=?
Hibernate: select userjoinin0_.user_joining_pool_id as col_0_0_ from user_joining_pool userjoinin0_ where userjoinin0_.user_user_id=? limit ?
Hibernate: select userjoinin0_.user_joining_pool_id as user_joi1_21_, userjoinin0_.user_created_at as user_cre2_21_, userjoinin0_.user_name as user_nam3_21_, userjoinin0_.user_phone_number as user_pho4_21_, userjoinin0_.user_user_id as user_use5_21_, userjoinin0_.user_user_password as user_use6_21_ from user_joining_pool userjoinin0_ where userjoinin0_.user_user_id=?
Hibernate: select character0_.character_id as characte1_6_, character0_.character_character_name as characte2_6_ from characters character0_ where character0_.character_character_name=?
Hibernate: insert into user (user_id, character_id, user_created_at, user_name, user_phone_number, user_user_id, user_user_password) values (default, ?, ?, ?, ?, ?, ?)
Hibernate: DELETE FROM USER_JOINING_POOL as JU where JU.USER_USER_ID =?
Hibernate: select user0_.user_id as col_0_0_ from user user0_ where user0_.user_user_id=? limit ?
Hibernate: select user0_.user_id as col_0_0_ from user user0_ where user0_.user_user_id=? limit ?
Hibernate: select U.* from USER U where U.USER_USER_ID =?
Hibernate: select character0_.character_id as characte1_6_0_, character0_.character_character_name as characte2_6_0_ from characters character0_ where character0_.character_id=?
Hibernate: select user0_.user_id as user_id1_20_0_, user0_.character_id as characte7_20_0_, user0_.user_created_at as user_cre2_20_0_, user0_.user_name as user_nam3_20_0_, user0_.user_phone_number as user_pho4_20_0_, user0_.user_user_id as user_use5_20_0_, user0_.user_user_password as user_use6_20_0_ from user user0_ where user0_.user_id=?
Hibernate: select character0_.character_id as characte1_6_0_, character0_.character_character_name as characte2_6_0_ from characters character0_ where character0_.character_id=?
Hibernate: select count(*) as col_0_0_ from user user0_ where user0_.user_id=?
Hibernate: select character1_.character_id as characte1_6_, character1_.character_character_name as characte2_6_ from user user0_ inner join characters character1_ on user0_.character_id=character1_.character_id where user0_.user_id=?
Hibernate: select permission0_.character_id as characte6_11_0_, permission0_.permission_id as permissi1_11_0_, permission0_.permission_id as permissi1_11_1_, permission0_.character_id as characte6_11_1_, permission0_.permission_name as permissi2_11_1_, permission0_.permission_permission_unit_id as permissi3_11_1_, permission0_.permission_service as permissi4_11_1_, permission0_.permission_status as permissi5_11_1_ from permission permission0_ where permission0_.character_id=?
Hibernate: insert into reward_tag (reward_tag_reward_tag_id, reward_tag_reward_point, reward_tag_reward_tag_title) values (default, ?, ?)
Hibernate: select user0_.user_id as user_id1_20_0_, user0_.character_id as characte7_20_0_, user0_.user_created_at as user_cre2_20_0_, user0_.user_name as user_nam3_20_0_, user0_.user_phone_number as user_pho4_20_0_, user0_.user_user_id as user_use5_20_0_, user0_.user_user_password as user_use6_20_0_ from user user0_ where user0_.user_id=?
Hibernate: select character0_.character_id as characte1_6_0_, character0_.character_character_name as characte2_6_0_ from characters character0_ where character0_.character_id=?
Hibernate: select count(*) as col_0_0_ from user user0_ where user0_.user_id=?
Hibernate: select character1_.character_id as characte1_6_, character1_.character_character_name as characte2_6_ from user user0_ inner join characters character1_ on user0_.character_id=character1_.character_id where user0_.user_id=?
Hibernate: select permission0_.character_id as characte6_11_0_, permission0_.permission_id as permissi1_11_0_, permission0_.permission_id as permissi1_11_1_, permission0_.character_id as characte6_11_1_, permission0_.permission_name as permissi2_11_1_, permission0_.permission_permission_unit_id as permissi3_11_1_, permission0_.permission_service as permissi4_11_1_, permission0_.permission_status as permissi5_11_1_ from permission permission0_ where permission0_.character_id=?
Hibernate: select rewardtag0_.reward_tag_reward_tag_id as reward_t1_14_, rewardtag0_.reward_tag_reward_point as reward_t2_14_, rewardtag0_.reward_tag_reward_tag_title as reward_t3_14_ from reward_tag rewardtag0_
Hibernate: select user0_.user_id as user_id1_20_0_, user0_.character_id as characte7_20_0_, user0_.user_created_at as user_cre2_20_0_, user0_.user_name as user_nam3_20_0_, user0_.user_phone_number as user_pho4_20_0_, user0_.user_user_id as user_use5_20_0_, user0_.user_user_password as user_use6_20_0_ from user user0_ where user0_.user_id=?
Hibernate: select character0_.character_id as characte1_6_0_, character0_.character_character_name as characte2_6_0_ from characters character0_ where character0_.character_id=?
Hibernate: select count(*) as col_0_0_ from user user0_ where user0_.user_id=?
Hibernate: select character1_.character_id as characte1_6_, character1_.character_character_name as characte2_6_ from user user0_ inner join characters character1_ on user0_.character_id=character1_.character_id where user0_.user_id=?
Hibernate: select permission0_.character_id as characte6_11_0_, permission0_.permission_id as permissi1_11_0_, permission0_.permission_id as permissi1_11_1_, permission0_.character_id as characte6_11_1_, permission0_.permission_name as permissi2_11_1_, permission0_.permission_permission_unit_id as permissi3_11_1_, permission0_.permission_service as permissi4_11_1_, permission0_.permission_status as permissi5_11_1_ from permission permission0_ where permission0_.character_id=?
Hibernate: select user0_.user_id as col_0_0_ from user user0_ where user0_.user_user_id=? limit ?
Hibernate: select user0_.user_id as user_id1_20_, user0_.character_id as characte7_20_, user0_.user_created_at as user_cre2_20_, user0_.user_name as user_nam3_20_, user0_.user_phone_number as user_pho4_20_, user0_.user_user_id as user_use5_20_, user0_.user_user_password as user_use6_20_ from user user0_ inner join characters character1_ on user0_.character_id=character1_.character_id where user0_.user_user_id=?
Hibernate: select character0_.character_id as characte1_6_0_, character0_.character_character_name as characte2_6_0_ from characters character0_ where character0_.character_id=?
Hibernate: select rewardtagw0_.user_id as user_id4_15_0_, rewardtagw0_.reward_tag_wrapper_reward_id as reward_t1_15_0_, rewardtagw0_.reward_tag_wrapper_reward_id as reward_t1_15_1_, rewardtagw0_.reward_tag_wrapper_reward_presented_at as reward_t2_15_1_, rewardtagw0_.reward_tag_reward_tag_id as reward_t3_15_1_, rewardtagw0_.user_id as user_id4_15_1_ from reward_tag_wrapper rewardtagw0_ where rewardtagw0_.user_id=?
Hibernate: select user0_.user_id as user_id1_20_0_, user0_.character_id as characte7_20_0_, user0_.user_created_at as user_cre2_20_0_, user0_.user_name as user_nam3_20_0_, user0_.user_phone_number as user_pho4_20_0_, user0_.user_user_id as user_use5_20_0_, user0_.user_user_password as user_use6_20_0_ from user user0_ where user0_.user_id=?
Hibernate: select character0_.character_id as characte1_6_0_, character0_.character_character_name as characte2_6_0_ from characters character0_ where character0_.character_id=?
Hibernate: select count(*) as col_0_0_ from user user0_ where user0_.user_id=?
Hibernate: select character1_.character_id as characte1_6_, character1_.character_character_name as characte2_6_ from user user0_ inner join characters character1_ on user0_.character_id=character1_.character_id where user0_.user_id=?
Hibernate: select permission0_.character_id as characte6_11_0_, permission0_.permission_id as permissi1_11_0_, permission0_.permission_id as permissi1_11_1_, permission0_.character_id as characte6_11_1_, permission0_.permission_name as permissi2_11_1_, permission0_.permission_permission_unit_id as permissi3_11_1_, permission0_.permission_service as permissi4_11_1_, permission0_.permission_status as permissi5_11_1_ from permission permission0_ where permission0_.character_id=?
Hibernate: select count(*) as col_0_0_ from user user0_ where user0_.user_id=?
Hibernate: select count(*) as col_0_0_ from reward_tag rewardtag0_ where rewardtag0_.reward_tag_reward_tag_id=?
Hibernate: select user0_.user_id as user_id1_20_0_, user0_.character_id as characte7_20_0_, user0_.user_created_at as user_cre2_20_0_, user0_.user_name as user_nam3_20_0_, user0_.user_phone_number as user_pho4_20_0_, user0_.user_user_id as user_use5_20_0_, user0_.user_user_password as user_use6_20_0_ from user user0_ where user0_.user_id=?
Hibernate: select character0_.character_id as characte1_6_0_, character0_.character_character_name as characte2_6_0_ from characters character0_ where character0_.character_id=?
Hibernate: select rewardtag0_.reward_tag_reward_tag_id as reward_t1_14_0_, rewardtag0_.reward_tag_reward_point as reward_t2_14_0_, rewardtag0_.reward_tag_reward_tag_title as reward_t3_14_0_ from reward_tag rewardtag0_ where rewardtag0_.reward_tag_reward_tag_id=?
Hibernate: call next value for hibernate_sequence
Hibernate: insert into reward_tag_wrapper (reward_tag_wrapper_reward_presented_at, reward_tag_reward_tag_id, user_id, reward_tag_wrapper_reward_id) values (?, ?, ?, ?)
Hibernate: select user0_.user_id as user_id1_20_0_, user0_.character_id as characte7_20_0_, user0_.user_created_at as user_cre2_20_0_, user0_.user_name as user_nam3_20_0_, user0_.user_phone_number as user_pho4_20_0_, user0_.user_user_id as user_use5_20_0_, user0_.user_user_password as user_use6_20_0_ from user user0_ where user0_.user_id=?
Hibernate: select character0_.character_id as characte1_6_0_, character0_.character_character_name as characte2_6_0_ from characters character0_ where character0_.character_id=?
Hibernate: select count(*) as col_0_0_ from user user0_ where user0_.user_id=?
Hibernate: select character1_.character_id as characte1_6_, character1_.character_character_name as characte2_6_ from user user0_ inner join characters character1_ on user0_.character_id=character1_.character_id where user0_.user_id=?
Hibernate: select permission0_.character_id as characte6_11_0_, permission0_.permission_id as permissi1_11_0_, permission0_.permission_id as permissi1_11_1_, permission0_.character_id as characte6_11_1_, permission0_.permission_name as permissi2_11_1_, permission0_.permission_permission_unit_id as permissi3_11_1_, permission0_.permission_service as permissi4_11_1_, permission0_.permission_status as permissi5_11_1_ from permission permission0_ where permission0_.character_id=?
Hibernate: select count(*) as col_0_0_ from user user0_ where user0_.user_id=?
Hibernate: select count(*) as col_0_0_ from reward_tag rewardtag0_ where rewardtag0_.reward_tag_reward_tag_id=?
Hibernate: select user0_.user_id as user_id1_20_0_, user0_.character_id as characte7_20_0_, user0_.user_created_at as user_cre2_20_0_, user0_.user_name as user_nam3_20_0_, user0_.user_phone_number as user_pho4_20_0_, user0_.user_user_id as user_use5_20_0_, user0_.user_user_password as user_use6_20_0_ from user user0_ where user0_.user_id=?
Hibernate: select character0_.character_id as characte1_6_0_, character0_.character_character_name as characte2_6_0_ from characters character0_ where character0_.character_id=?
Hibernate: select rewardtag0_.reward_tag_reward_tag_id as reward_t1_14_0_, rewardtag0_.reward_tag_reward_point as reward_t2_14_0_, rewardtag0_.reward_tag_reward_tag_title as reward_t3_14_0_ from reward_tag rewardtag0_ where rewardtag0_.reward_tag_reward_tag_id=?
Hibernate: call next value for hibernate_sequence
Hibernate: insert into reward_tag_wrapper (reward_tag_wrapper_reward_presented_at, reward_tag_reward_tag_id, user_id, reward_tag_wrapper_reward_id) values (?, ?, ?, ?)
Hibernate: select user0_.user_id as user_id1_20_0_, user0_.character_id as characte7_20_0_, user0_.user_created_at as user_cre2_20_0_, user0_.user_name as user_nam3_20_0_, user0_.user_phone_number as user_pho4_20_0_, user0_.user_user_id as user_use5_20_0_, user0_.user_user_password as user_use6_20_0_ from user user0_ where user0_.user_id=?
Hibernate: select character0_.character_id as characte1_6_0_, character0_.character_character_name as characte2_6_0_ from characters character0_ where character0_.character_id=?
Hibernate: select count(*) as col_0_0_ from user user0_ where user0_.user_id=?
Hibernate: select character1_.character_id as characte1_6_, character1_.character_character_name as characte2_6_ from user user0_ inner join characters character1_ on user0_.character_id=character1_.character_id where user0_.user_id=?
Hibernate: select permission0_.character_id as characte6_11_0_, permission0_.permission_id as permissi1_11_0_, permission0_.permission_id as permissi1_11_1_, permission0_.character_id as characte6_11_1_, permission0_.permission_name as permissi2_11_1_, permission0_.permission_permission_unit_id as permissi3_11_1_, permission0_.permission_service as permissi4_11_1_, permission0_.permission_status as permissi5_11_1_ from permission permission0_ where permission0_.character_id=?
Hibernate: select count(*) as col_0_0_ from user user0_ where user0_.user_id=?
Hibernate: select rewardtagw0_.user_id as user_id4_15_0_, rewardtagw0_.reward_tag_wrapper_reward_id as reward_t1_15_0_, rewardtagw0_.reward_tag_wrapper_reward_id as reward_t1_15_1_, rewardtagw0_.reward_tag_wrapper_reward_presented_at as reward_t2_15_1_, rewardtagw0_.reward_tag_reward_tag_id as reward_t3_15_1_, rewardtagw0_.user_id as user_id4_15_1_ from reward_tag_wrapper rewardtagw0_ where rewardtagw0_.user_id=?
Hibernate: select rewardtag0_.reward_tag_reward_tag_id as reward_t1_14_0_, rewardtag0_.reward_tag_reward_point as reward_t2_14_0_, rewardtag0_.reward_tag_reward_tag_title as reward_t3_14_0_ from reward_tag rewardtag0_ where rewardtag0_.reward_tag_reward_tag_id=?
Hibernate: select user0_.user_id as col_0_0_ from user user0_ where user0_.user_user_id=? limit ?
Hibernate: select user0_.user_id as col_0_0_ from user user0_ where user0_.user_user_id=? limit ?
Hibernate: select U.* from USER U where U.USER_USER_ID =?
Hibernate: select character0_.character_id as characte1_6_0_, character0_.character_character_name as characte2_6_0_ from characters character0_ where character0_.character_id=?
Hibernate: select user0_.user_id as user_id1_20_0_, user0_.character_id as characte7_20_0_, user0_.user_created_at as user_cre2_20_0_, user0_.user_name as user_nam3_20_0_, user0_.user_phone_number as user_pho4_20_0_, user0_.user_user_id as user_use5_20_0_, user0_.user_user_password as user_use6_20_0_ from user user0_ where user0_.user_id=?
Hibernate: select character0_.character_id as characte1_6_0_, character0_.character_character_name as characte2_6_0_ from characters character0_ where character0_.character_id=?
Hibernate: select count(*) as col_0_0_ from user user0_ where user0_.user_id=?
Hibernate: select character1_.character_id as characte1_6_, character1_.character_character_name as characte2_6_ from user user0_ inner join characters character1_ on user0_.character_id=character1_.character_id where user0_.user_id=?
Hibernate: select permission0_.character_id as characte6_11_0_, permission0_.permission_id as permissi1_11_0_, permission0_.permission_id as permissi1_11_1_, permission0_.character_id as characte6_11_1_, permission0_.permission_name as permissi2_11_1_, permission0_.permission_permission_unit_id as permissi3_11_1_, permission0_.permission_service as permissi4_11_1_, permission0_.permission_status as permissi5_11_1_ from permission permission0_ where permission0_.character_id=?
Hibernate: select rewardtag0_.reward_tag_reward_tag_id as reward_t1_14_, rewardtag0_.reward_tag_reward_point as reward_t2_14_, rewardtag0_.reward_tag_reward_tag_title as reward_t3_14_ from reward_tag rewardtag0_
Hibernate: select user0_.user_id as user_id1_20_0_, user0_.character_id as characte7_20_0_, user0_.user_created_at as user_cre2_20_0_, user0_.user_name as user_nam3_20_0_, user0_.user_phone_number as user_pho4_20_0_, user0_.user_user_id as user_use5_20_0_, user0_.user_user_password as user_use6_20_0_ from user user0_ where user0_.user_id=?
Hibernate: select character0_.character_id as characte1_6_0_, character0_.character_character_name as characte2_6_0_ from characters character0_ where character0_.character_id=?
Hibernate: select count(*) as col_0_0_ from user user0_ where user0_.user_id=?
Hibernate: select character1_.character_id as characte1_6_, character1_.character_character_name as characte2_6_ from user user0_ inner join characters character1_ on user0_.character_id=character1_.character_id where user0_.user_id=?
Hibernate: select permission0_.character_id as characte6_11_0_, permission0_.permission_id as permissi1_11_0_, permission0_.permission_id as permissi1_11_1_, permission0_.character_id as characte6_11_1_, permission0_.permission_name as permissi2_11_1_, permission0_.permission_permission_unit_id as permissi3_11_1_, permission0_.permission_service as permissi4_11_1_, permission0_.permission_status as permissi5_11_1_ from permission permission0_ where permission0_.character_id=?
Hibernate: select count(*) as col_0_0_ from reward_tag rewardtag0_ where rewardtag0_.reward_tag_reward_tag_id=?
Hibernate: DELETE FROM REWARD_TAG_WRAPPER AS RTW WHERE RTW.REWARD_TAG_REWARD_TAG_ID = ?
Hibernate: select rewardtag0_.reward_tag_reward_tag_id as reward_t1_14_0_, rewardtag0_.reward_tag_reward_point as reward_t2_14_0_, rewardtag0_.reward_tag_reward_tag_title as reward_t3_14_0_ from reward_tag rewardtag0_ where rewardtag0_.reward_tag_reward_tag_id=?
Hibernate: select attendance0_.attendance_type_reward_id as attendan1_2_, attendance0_.attendance_type_name as attendan2_2_, attendance0_.reward_tag_reward_tag_id as reward_t3_2_ from attendance_type_reward attendance0_ where attendance0_.reward_tag_reward_tag_id=?
Hibernate: delete from reward_tag where reward_tag_reward_tag_id=?
Hibernate: select user0_.user_id as user_id1_20_0_, user0_.character_id as characte7_20_0_, user0_.user_created_at as user_cre2_20_0_, user0_.user_name as user_nam3_20_0_, user0_.user_phone_number as user_pho4_20_0_, user0_.user_user_id as user_use5_20_0_, user0_.user_user_password as user_use6_20_0_ from user user0_ where user0_.user_id=?
Hibernate: select character0_.character_id as characte1_6_0_, character0_.character_character_name as characte2_6_0_ from characters character0_ where character0_.character_id=?
Hibernate: select count(*) as col_0_0_ from user user0_ where user0_.user_id=?
Hibernate: select character1_.character_id as characte1_6_, character1_.character_character_name as characte2_6_ from user user0_ inner join characters character1_ on user0_.character_id=character1_.character_id where user0_.user_id=?
Hibernate: select permission0_.character_id as characte6_11_0_, permission0_.permission_id as permissi1_11_0_, permission0_.permission_id as permissi1_11_1_, permission0_.character_id as characte6_11_1_, permission0_.permission_name as permissi2_11_1_, permission0_.permission_permission_unit_id as permissi3_11_1_, permission0_.permission_service as permissi4_11_1_, permission0_.permission_status as permissi5_11_1_ from permission permission0_ where permission0_.character_id=?
Hibernate: select count(*) as col_0_0_ from reward_tag rewardtag0_ where rewardtag0_.reward_tag_reward_tag_id=?
Hibernate: select user0_.user_id as col_0_0_ from user user0_ where user0_.user_user_id=? limit ?
Hibernate: select user0_.user_id as col_0_0_ from user user0_ where user0_.user_user_id=? limit ?
Hibernate: select U.* from USER U where U.USER_USER_ID =?
Hibernate: select character0_.character_id as characte1_6_0_, character0_.character_character_name as characte2_6_0_ from characters character0_ where character0_.character_id=?
Hibernate: select user0_.user_id as col_0_0_ from user user0_ where user0_.user_user_id=? limit ?
Hibernate: select user0_.user_id as user_id1_20_, user0_.character_id as characte7_20_, user0_.user_created_at as user_cre2_20_, user0_.user_name as user_nam3_20_, user0_.user_phone_number as user_pho4_20_, user0_.user_user_id as user_use5_20_, user0_.user_user_password as user_use6_20_ from user user0_ inner join characters character1_ on user0_.character_id=character1_.character_id where user0_.user_user_id=?
Hibernate: select character0_.character_id as characte1_6_0_, character0_.character_character_name as characte2_6_0_ from characters character0_ where character0_.character_id=?
Hibernate: select rewardtagw0_.user_id as user_id4_15_0_, rewardtagw0_.reward_tag_wrapper_reward_id as reward_t1_15_0_, rewardtagw0_.reward_tag_wrapper_reward_id as reward_t1_15_1_, rewardtagw0_.reward_tag_wrapper_reward_presented_at as reward_t2_15_1_, rewardtagw0_.reward_tag_reward_tag_id as reward_t3_15_1_, rewardtagw0_.user_id as user_id4_15_1_ from reward_tag_wrapper rewardtagw0_ where rewardtagw0_.user_id=?
Hibernate: select user0_.user_id as user_id1_20_0_, user0_.character_id as characte7_20_0_, user0_.user_created_at as user_cre2_20_0_, user0_.user_name as user_nam3_20_0_, user0_.user_phone_number as user_pho4_20_0_, user0_.user_user_id as user_use5_20_0_, user0_.user_user_password as user_use6_20_0_ from user user0_ where user0_.user_id=?
Hibernate: select character0_.character_id as characte1_6_0_, character0_.character_character_name as characte2_6_0_ from characters character0_ where character0_.character_id=?
Hibernate: select count(*) as col_0_0_ from user user0_ where user0_.user_id=?
Hibernate: select character1_.character_id as characte1_6_, character1_.character_character_name as characte2_6_ from user user0_ inner join characters character1_ on user0_.character_id=character1_.character_id where user0_.user_id=?
Hibernate: select permission0_.character_id as characte6_11_0_, permission0_.permission_id as permissi1_11_0_, permission0_.permission_id as permissi1_11_1_, permission0_.character_id as characte6_11_1_, permission0_.permission_name as permissi2_11_1_, permission0_.permission_permission_unit_id as permissi3_11_1_, permission0_.permission_service as permissi4_11_1_, permission0_.permission_status as permissi5_11_1_ from permission permission0_ where permission0_.character_id=?
Hibernate: select count(*) as col_0_0_ from user user0_ where user0_.user_id=?
Hibernate: select user0_.user_id as user_id1_20_, user0_.character_id as characte7_20_, user0_.user_created_at as user_cre2_20_, user0_.user_name as user_nam3_20_, user0_.user_phone_number as user_pho4_20_, user0_.user_user_id as user_use5_20_, user0_.user_user_password as user_use6_20_ from user user0_ where user0_.user_id=?
Hibernate: select character0_.character_id as characte1_6_0_, character0_.character_character_name as characte2_6_0_ from characters character0_ where character0_.character_id=?
Hibernate: select rewardtagw0_.user_id as user_id4_15_0_, rewardtagw0_.reward_tag_wrapper_reward_id as reward_t1_15_0_, rewardtagw0_.reward_tag_wrapper_reward_id as reward_t1_15_1_, rewardtagw0_.reward_tag_wrapper_reward_presented_at as reward_t2_15_1_, rewardtagw0_.reward_tag_reward_tag_id as reward_t3_15_1_, rewardtagw0_.user_id as user_id4_15_1_ from reward_tag_wrapper rewardtagw0_ where rewardtagw0_.user_id=?
Hibernate: select attendance0_.attendance_user_attendance_user_id as col_0_0_ from attendance_user attendance0_ where attendance0_.user_id=? limit ?
Hibernate: DELETE FROM USER WHERE USER_ID = ?
Hibernate: select user0_.user_id as col_0_0_ from user user0_ where user0_.user_user_id=? limit ?
Hibernate: select user0_.user_id as col_0_0_ from user user0_ where user0_.user_user_id=? limit ?
Hibernate: select user0_.user_id as col_0_0_ from user user0_ where user0_.user_user_id=? limit ?
Hibernate: select U.* from USER U where U.USER_USER_ID =?
Hibernate: select character0_.character_id as characte1_6_0_, character0_.character_character_name as characte2_6_0_ from characters character0_ where character0_.character_id=?
Hibernate: select user0_.user_id as user_id1_20_0_, user0_.character_id as characte7_20_0_, user0_.user_created_at as user_cre2_20_0_, user0_.user_name as user_nam3_20_0_, user0_.user_phone_number as user_pho4_20_0_, user0_.user_user_id as user_use5_20_0_, user0_.user_user_password as user_use6_20_0_ from user user0_ where user0_.user_id=?
Hibernate: select character0_.character_id as characte1_6_0_, character0_.character_character_name as characte2_6_0_ from characters character0_ where character0_.character_id=?
Hibernate: select count(*) as col_0_0_ from user user0_ where user0_.user_id=?
Hibernate: select character1_.character_id as characte1_6_, character1_.character_character_name as characte2_6_ from user user0_ inner join characters character1_ on user0_.character_id=character1_.character_id where user0_.user_id=?
Hibernate: select permission0_.character_id as characte6_11_0_, permission0_.permission_id as permissi1_11_0_, permission0_.permission_id as permissi1_11_1_, permission0_.character_id as characte6_11_1_, permission0_.permission_name as permissi2_11_1_, permission0_.permission_permission_unit_id as permissi3_11_1_, permission0_.permission_service as permissi4_11_1_, permission0_.permission_status as permissi5_11_1_ from permission permission0_ where permission0_.character_id=?
Hibernate: select rewardtag0_.reward_tag_reward_tag_id as reward_t1_14_, rewardtag0_.reward_tag_reward_point as reward_t2_14_, rewardtag0_.reward_tag_reward_tag_title as reward_t3_14_ from reward_tag rewardtag0_
Hibernate: select user0_.user_id as col_0_0_ from user user0_ where user0_.user_user_id=? limit ?
Hibernate: select user0_.user_id as col_0_0_ from user user0_ where user0_.user_user_id=? limit ?
Hibernate: select U.* from USER U where U.USER_USER_ID =?
Hibernate: select character0_.character_id as characte1_6_0_, character0_.character_character_name as characte2_6_0_ from characters character0_ where character0_.character_id=?
Hibernate: select user0_.user_id as col_0_0_ from user user0_ where user0_.user_user_id=? limit ?
Hibernate: select user0_.user_id as col_0_0_ from user user0_ where user0_.user_user_id=? limit ?
Hibernate: select U.* from USER U where U.USER_USER_ID =?
Hibernate: select character0_.character_id as characte1_6_0_, character0_.character_character_name as characte2_6_0_ from characters character0_ where character0_.character_id=?
Hibernate: select user0_.user_id as user_id1_20_0_, user0_.character_id as characte7_20_0_, user0_.user_created_at as user_cre2_20_0_, user0_.user_name as user_nam3_20_0_, user0_.user_phone_number as user_pho4_20_0_, user0_.user_user_id as user_use5_20_0_, user0_.user_user_password as user_use6_20_0_ from user user0_ where user0_.user_id=?
Hibernate: select character0_.character_id as characte1_6_0_, character0_.character_character_name as characte2_6_0_ from characters character0_ where character0_.character_id=?
Hibernate: select count(*) as col_0_0_ from user user0_ where user0_.user_id=?
Hibernate: select character1_.character_id as characte1_6_, character1_.character_character_name as characte2_6_ from user user0_ inner join characters character1_ on user0_.character_id=character1_.character_id where user0_.user_id=?
Hibernate: select permission0_.character_id as characte6_11_0_, permission0_.permission_id as permissi1_11_0_, permission0_.permission_id as permissi1_11_1_, permission0_.character_id as characte6_11_1_, permission0_.permission_name as permissi2_11_1_, permission0_.permission_permission_unit_id as permissi3_11_1_, permission0_.permission_service as permissi4_11_1_, permission0_.permission_status as permissi5_11_1_ from permission permission0_ where permission0_.character_id=?
Hibernate: insert into reward_tag (reward_tag_reward_tag_id, reward_tag_reward_point, reward_tag_reward_tag_title) values (default, ?, ?)
Hibernate: select user0_.user_id as user_id1_20_0_, user0_.character_id as characte7_20_0_, user0_.user_created_at as user_cre2_20_0_, user0_.user_name as user_nam3_20_0_, user0_.user_phone_number as user_pho4_20_0_, user0_.user_user_id as user_use5_20_0_, user0_.user_user_password as user_use6_20_0_ from user user0_ where user0_.user_id=?
Hibernate: select character0_.character_id as characte1_6_0_, character0_.character_character_name as characte2_6_0_ from characters character0_ where character0_.character_id=?
Hibernate: select count(*) as col_0_0_ from user user0_ where user0_.user_id=?
Hibernate: select character1_.character_id as characte1_6_, character1_.character_character_name as characte2_6_ from user user0_ inner join characters character1_ on user0_.character_id=character1_.character_id where user0_.user_id=?
Hibernate: select permission0_.character_id as characte6_11_0_, permission0_.permission_id as permissi1_11_0_, permission0_.permission_id as permissi1_11_1_, permission0_.character_id as characte6_11_1_, permission0_.permission_name as permissi2_11_1_, permission0_.permission_permission_unit_id as permissi3_11_1_, permission0_.permission_service as permissi4_11_1_, permission0_.permission_status as permissi5_11_1_ from permission permission0_ where permission0_.character_id=?
Hibernate: insert into reward_tag (reward_tag_reward_tag_id, reward_tag_reward_point, reward_tag_reward_tag_title) values (default, ?, ?)
Hibernate: select user0_.user_id as user_id1_20_0_, user0_.character_id as characte7_20_0_, user0_.user_created_at as user_cre2_20_0_, user0_.user_name as user_nam3_20_0_, user0_.user_phone_number as user_pho4_20_0_, user0_.user_user_id as user_use5_20_0_, user0_.user_user_password as user_use6_20_0_ from user user0_ where user0_.user_id=?
Hibernate: select character0_.character_id as characte1_6_0_, character0_.character_character_name as characte2_6_0_ from characters character0_ where character0_.character_id=?
Hibernate: select count(*) as col_0_0_ from user user0_ where user0_.user_id=?
Hibernate: select character1_.character_id as characte1_6_, character1_.character_character_name as characte2_6_ from user user0_ inner join characters character1_ on user0_.character_id=character1_.character_id where user0_.user_id=?
Hibernate: select permission0_.character_id as characte6_11_0_, permission0_.permission_id as permissi1_11_0_, permission0_.permission_id as permissi1_11_1_, permission0_.character_id as characte6_11_1_, permission0_.permission_name as permissi2_11_1_, permission0_.permission_permission_unit_id as permissi3_11_1_, permission0_.permission_service as permissi4_11_1_, permission0_.permission_status as permissi5_11_1_ from permission permission0_ where permission0_.character_id=?
Hibernate: select rewardtag0_.reward_tag_reward_tag_id as reward_t1_14_, rewardtag0_.reward_tag_reward_point as reward_t2_14_, rewardtag0_.reward_tag_reward_tag_title as reward_t3_14_ from reward_tag rewardtag0_
Hibernate: select user0_.user_id as col_0_0_ from user user0_ where user0_.user_user_id=? limit ?
Hibernate: select user0_.user_id as col_0_0_ from user user0_ where user0_.user_user_id=? limit ?
Hibernate: select U.* from USER U where U.USER_USER_ID =?
Hibernate: select character0_.character_id as characte1_6_0_, character0_.character_character_name as characte2_6_0_ from characters character0_ where character0_.character_id=?
Hibernate: select user0_.user_id as user_id1_20_0_, user0_.character_id as characte7_20_0_, user0_.user_created_at as user_cre2_20_0_, user0_.user_name as user_nam3_20_0_, user0_.user_phone_number as user_pho4_20_0_, user0_.user_user_id as user_use5_20_0_, user0_.user_user_password as user_use6_20_0_ from user user0_ where user0_.user_id=?
Hibernate: select character0_.character_id as characte1_6_0_, character0_.character_character_name as characte2_6_0_ from characters character0_ where character0_.character_id=?
Hibernate: select count(*) as col_0_0_ from user user0_ where user0_.user_id=?
Hibernate: select character1_.character_id as characte1_6_, character1_.character_character_name as characte2_6_ from user user0_ inner join characters character1_ on user0_.character_id=character1_.character_id where user0_.user_id=?
Hibernate: select permission0_.character_id as characte6_11_0_, permission0_.permission_id as permissi1_11_0_, permission0_.permission_id as permissi1_11_1_, permission0_.character_id as characte6_11_1_, permission0_.permission_name as permissi2_11_1_, permission0_.permission_permission_unit_id as permissi3_11_1_, permission0_.permission_service as permissi4_11_1_, permission0_.permission_status as permissi5_11_1_ from permission permission0_ where permission0_.character_id=?
Hibernate: select rewardtag0_.reward_tag_reward_tag_id as reward_t1_14_, rewardtag0_.reward_tag_reward_point as reward_t2_14_, rewardtag0_.reward_tag_reward_tag_title as reward_t3_14_ from reward_tag rewardtag0_
Hibernate: select user0_.user_id as user_id1_20_0_, user0_.character_id as characte7_20_0_, user0_.user_created_at as user_cre2_20_0_, user0_.user_name as user_nam3_20_0_, user0_.user_phone_number as user_pho4_20_0_, user0_.user_user_id as user_use5_20_0_, user0_.user_user_password as user_use6_20_0_ from user user0_ where user0_.user_id=?
Hibernate: select character0_.character_id as characte1_6_0_, character0_.character_character_name as characte2_6_0_ from characters character0_ where character0_.character_id=?
Hibernate: select count(*) as col_0_0_ from user user0_ where user0_.user_id=?
Hibernate: select character1_.character_id as characte1_6_, character1_.character_character_name as characte2_6_ from user user0_ inner join characters character1_ on user0_.character_id=character1_.character_id where user0_.user_id=?
Hibernate: select permission0_.character_id as characte6_11_0_, permission0_.permission_id as permissi1_11_0_, permission0_.permission_id as permissi1_11_1_, permission0_.character_id as characte6_11_1_, permission0_.permission_name as permissi2_11_1_, permission0_.permission_permission_unit_id as permissi3_11_1_, permission0_.permission_service as permissi4_11_1_, permission0_.permission_status as permissi5_11_1_ from permission permission0_ where permission0_.character_id=?
Hibernate: select count(*) as col_0_0_ from reward_tag rewardtag0_ where rewardtag0_.reward_tag_reward_tag_id=?
Hibernate: DELETE FROM REWARD_TAG_WRAPPER AS RTW WHERE RTW.REWARD_TAG_REWARD_TAG_ID = ?
Hibernate: select rewardtag0_.reward_tag_reward_tag_id as reward_t1_14_0_, rewardtag0_.reward_tag_reward_point as reward_t2_14_0_, rewardtag0_.reward_tag_reward_tag_title as reward_t3_14_0_ from reward_tag rewardtag0_ where rewardtag0_.reward_tag_reward_tag_id=?
Hibernate: select attendance0_.attendance_type_reward_id as attendan1_2_, attendance0_.attendance_type_name as attendan2_2_, attendance0_.reward_tag_reward_tag_id as reward_t3_2_ from attendance_type_reward attendance0_ where attendance0_.reward_tag_reward_tag_id=?
Hibernate: delete from reward_tag where reward_tag_reward_tag_id=?
Hibernate: select user0_.user_id as user_id1_20_0_, user0_.character_id as characte7_20_0_, user0_.user_created_at as user_cre2_20_0_, user0_.user_name as user_nam3_20_0_, user0_.user_phone_number as user_pho4_20_0_, user0_.user_user_id as user_use5_20_0_, user0_.user_user_password as user_use6_20_0_ from user user0_ where user0_.user_id=?
Hibernate: select character0_.character_id as characte1_6_0_, character0_.character_character_name as characte2_6_0_ from characters character0_ where character0_.character_id=?
Hibernate: select count(*) as col_0_0_ from user user0_ where user0_.user_id=?
Hibernate: select character1_.character_id as characte1_6_, character1_.character_character_name as characte2_6_ from user user0_ inner join characters character1_ on user0_.character_id=character1_.character_id where user0_.user_id=?
Hibernate: select permission0_.character_id as characte6_11_0_, permission0_.permission_id as permissi1_11_0_, permission0_.permission_id as permissi1_11_1_, permission0_.character_id as characte6_11_1_, permission0_.permission_name as permissi2_11_1_, permission0_.permission_permission_unit_id as permissi3_11_1_, permission0_.permission_service as permissi4_11_1_, permission0_.permission_status as permissi5_11_1_ from permission permission0_ where permission0_.character_id=?
Hibernate: select count(*) as col_0_0_ from reward_tag rewardtag0_ where rewardtag0_.reward_tag_reward_tag_id=?
Hibernate: select user0_.user_id as user_id1_20_0_, user0_.character_id as characte7_20_0_, user0_.user_created_at as user_cre2_20_0_, user0_.user_name as user_nam3_20_0_, user0_.user_phone_number as user_pho4_20_0_, user0_.user_user_id as user_use5_20_0_, user0_.user_user_password as user_use6_20_0_ from user user0_ where user0_.user_id=?
Hibernate: select character0_.character_id as characte1_6_0_, character0_.character_character_name as characte2_6_0_ from characters character0_ where character0_.character_id=?
Hibernate: select count(*) as col_0_0_ from user user0_ where user0_.user_id=?
Hibernate: select character1_.character_id as characte1_6_, character1_.character_character_name as characte2_6_ from user user0_ inner join characters character1_ on user0_.character_id=character1_.character_id where user0_.user_id=?
Hibernate: select permission0_.character_id as characte6_11_0_, permission0_.permission_id as permissi1_11_0_, permission0_.permission_id as permissi1_11_1_, permission0_.character_id as characte6_11_1_, permission0_.permission_name as permissi2_11_1_, permission0_.permission_permission_unit_id as permissi3_11_1_, permission0_.permission_service as permissi4_11_1_, permission0_.permission_status as permissi5_11_1_ from permission permission0_ where permission0_.character_id=?
Hibernate: select count(*) as col_0_0_ from reward_tag rewardtag0_ where rewardtag0_.reward_tag_reward_tag_id=?
Hibernate: DELETE FROM REWARD_TAG_WRAPPER AS RTW WHERE RTW.REWARD_TAG_REWARD_TAG_ID = ?
Hibernate: select rewardtag0_.reward_tag_reward_tag_id as reward_t1_14_0_, rewardtag0_.reward_tag_reward_point as reward_t2_14_0_, rewardtag0_.reward_tag_reward_tag_title as reward_t3_14_0_ from reward_tag rewardtag0_ where rewardtag0_.reward_tag_reward_tag_id=?
Hibernate: select attendance0_.attendance_type_reward_id as attendan1_2_, attendance0_.attendance_type_name as attendan2_2_, attendance0_.reward_tag_reward_tag_id as reward_t3_2_ from attendance_type_reward attendance0_ where attendance0_.reward_tag_reward_tag_id=?
Hibernate: delete from reward_tag where reward_tag_reward_tag_id=?
Hibernate: select user0_.user_id as user_id1_20_0_, user0_.character_id as characte7_20_0_, user0_.user_created_at as user_cre2_20_0_, user0_.user_name as user_nam3_20_0_, user0_.user_phone_number as user_pho4_20_0_, user0_.user_user_id as user_use5_20_0_, user0_.user_user_password as user_use6_20_0_ from user user0_ where user0_.user_id=?
Hibernate: select character0_.character_id as characte1_6_0_, character0_.character_character_name as characte2_6_0_ from characters character0_ where character0_.character_id=?
Hibernate: select count(*) as col_0_0_ from user user0_ where user0_.user_id=?
Hibernate: select character1_.character_id as characte1_6_, character1_.character_character_name as characte2_6_ from user user0_ inner join characters character1_ on user0_.character_id=character1_.character_id where user0_.user_id=?
Hibernate: select permission0_.character_id as characte6_11_0_, permission0_.permission_id as permissi1_11_0_, permission0_.permission_id as permissi1_11_1_, permission0_.character_id as characte6_11_1_, permission0_.permission_name as permissi2_11_1_, permission0_.permission_permission_unit_id as permissi3_11_1_, permission0_.permission_service as permissi4_11_1_, permission0_.permission_status as permissi5_11_1_ from permission permission0_ where permission0_.character_id=?
Hibernate: select count(*) as col_0_0_ from reward_tag rewardtag0_ where rewardtag0_.reward_tag_reward_tag_id=?
Hibernate: select user0_.user_id as col_0_0_ from user user0_ where user0_.user_user_id=? limit ?
Hibernate: select user0_.user_id as col_0_0_ from user user0_ where user0_.user_user_id=? limit ?
Hibernate: select U.* from USER U where U.USER_USER_ID =?
Hibernate: select character0_.character_id as characte1_6_0_, character0_.character_character_name as characte2_6_0_ from characters character0_ where character0_.character_id=?
Hibernate: select user0_.user_id as col_0_0_ from user user0_ where user0_.user_user_id=? limit ?
Hibernate: select user0_.user_id as col_0_0_ from user user0_ where user0_.user_user_id=? limit ?
Hibernate: select U.* from USER U where U.USER_USER_ID =?
Hibernate: select character0_.character_id as characte1_6_0_, character0_.character_character_name as characte2_6_0_ from characters character0_ where character0_.character_id=?
Hibernate: select user0_.user_id as user_id1_20_0_, user0_.character_id as characte7_20_0_, user0_.user_created_at as user_cre2_20_0_, user0_.user_name as user_nam3_20_0_, user0_.user_phone_number as user_pho4_20_0_, user0_.user_user_id as user_use5_20_0_, user0_.user_user_password as user_use6_20_0_ from user user0_ where user0_.user_id=?
Hibernate: select character0_.character_id as characte1_6_0_, character0_.character_character_name as characte2_6_0_ from characters character0_ where character0_.character_id=?
Hibernate: select count(*) as col_0_0_ from user user0_ where user0_.user_id=?
Hibernate: select character1_.character_id as characte1_6_, character1_.character_character_name as characte2_6_ from user user0_ inner join characters character1_ on user0_.character_id=character1_.character_id where user0_.user_id=?
Hibernate: select permission0_.character_id as characte6_11_0_, permission0_.permission_id as permissi1_11_0_, permission0_.permission_id as permissi1_11_1_, permission0_.character_id as characte6_11_1_, permission0_.permission_name as permissi2_11_1_, permission0_.permission_permission_unit_id as permissi3_11_1_, permission0_.permission_service as permissi4_11_1_, permission0_.permission_status as permissi5_11_1_ from permission permission0_ where permission0_.character_id=?
Hibernate: select rewardtag0_.reward_tag_reward_tag_id as reward_t1_14_, rewardtag0_.reward_tag_reward_point as reward_t2_14_, rewardtag0_.reward_tag_reward_tag_title as reward_t3_14_ from reward_tag rewardtag0_
Hibernate: select user0_.user_id as col_0_0_ from user user0_ where user0_.user_user_id=? limit ?
Hibernate: select user0_.user_id as col_0_0_ from user user0_ where user0_.user_user_id=? limit ?
Hibernate: select U.* from USER U where U.USER_USER_ID =?
Hibernate: select character0_.character_id as characte1_6_0_, character0_.character_character_name as characte2_6_0_ from characters character0_ where character0_.character_id=?
Hibernate: select user0_.user_id as col_0_0_ from user user0_ where user0_.user_user_id=? limit ?
Hibernate: select user0_.user_id as col_0_0_ from user user0_ where user0_.user_user_id=? limit ?
Hibernate: select U.* from USER U where U.USER_USER_ID =?
Hibernate: select character0_.character_id as characte1_6_0_, character0_.character_character_name as characte2_6_0_ from characters character0_ where character0_.character_id=?
Hibernate: select user0_.user_id as col_0_0_ from user user0_ where user0_.user_user_id=? limit ?
Hibernate: select userjoinin0_.user_joining_pool_id as col_0_0_ from user_joining_pool userjoinin0_ where userjoinin0_.user_user_id=? limit ?
Hibernate: select character0_.character_id as col_0_0_ from characters character0_ where character0_.character_character_name=? limit ?
Hibernate: insert into user_joining_pool (user_joining_pool_id, user_created_at, user_name, user_phone_number, user_user_id, user_user_password) values (default, ?, ?, ?, ?, ?)

MockHttpServletRequest:
      HTTP Method = POST
      Request URI = /user
       Parameters = {}
          Headers = [Content-Type:"application/json;charset=UTF-8", Accept:"application/json", api-version:"1.0", Content-Length:"96"]
             Body = {"name":"some","user_id":"abc1234","user_password":"aafadsfc123!!","phone_number":"01012341234"}
    Session Attrs = {}

Handler:
             Type = org.waldreg.controller.joiningpool.JoiningPoolController
           Method = org.waldreg.controller.joiningpool.JoiningPoolController#createUser(UserRequest)

Async:
    Async started = false
     Async result = null

Resolved Exception:
             Type = null

ModelAndView:
        View name = null
             View = null
            Model = null

FlashMap:
       Attributes = null

MockHttpServletResponse:
           Status = 200
    Error message = null
          Headers = [Vary:"Origin", "Access-Control-Request-Method", "Access-Control-Request-Headers", Api-version:"1.0"]
     Content type = null
             Body = 
    Forwarded URL = null
   Redirected URL = null
          Cookies = []
Hibernate: select user0_.user_id as user_id1_20_0_, user0_.character_id as characte7_20_0_, user0_.user_created_at as user_cre2_20_0_, user0_.user_name as user_nam3_20_0_, user0_.user_phone_number as user_pho4_20_0_, user0_.user_user_id as user_use5_20_0_, user0_.user_user_password as user_use6_20_0_ from user user0_ where user0_.user_id=?
Hibernate: select character0_.character_id as characte1_6_0_, character0_.character_character_name as characte2_6_0_ from characters character0_ where character0_.character_id=?
Hibernate: select count(*) as col_0_0_ from user user0_ where user0_.user_id=?
Hibernate: select character1_.character_id as characte1_6_, character1_.character_character_name as characte2_6_ from user user0_ inner join characters character1_ on user0_.character_id=character1_.character_id where user0_.user_id=?
Hibernate: select permission0_.character_id as characte6_11_0_, permission0_.permission_id as permissi1_11_0_, permission0_.permission_id as permissi1_11_1_, permission0_.character_id as characte6_11_1_, permission0_.permission_name as permissi2_11_1_, permission0_.permission_permission_unit_id as permissi3_11_1_, permission0_.permission_service as permissi4_11_1_, permission0_.permission_status as permissi5_11_1_ from permission permission0_ where permission0_.character_id=?
Hibernate: select userjoinin0_.user_joining_pool_id as col_0_0_ from user_joining_pool userjoinin0_ where userjoinin0_.user_user_id=? limit ?
Hibernate: select userjoinin0_.user_joining_pool_id as user_joi1_21_, userjoinin0_.user_created_at as user_cre2_21_, userjoinin0_.user_name as user_nam3_21_, userjoinin0_.user_phone_number as user_pho4_21_, userjoinin0_.user_user_id as user_use5_21_, userjoinin0_.user_user_password as user_use6_21_ from user_joining_pool userjoinin0_ where userjoinin0_.user_user_id=?
Hibernate: select character0_.character_id as characte1_6_, character0_.character_character_name as characte2_6_ from characters character0_ where character0_.character_character_name=?
Hibernate: insert into user (user_id, character_id, user_created_at, user_name, user_phone_number, user_user_id, user_user_password) values (default, ?, ?, ?, ?, ?, ?)
Hibernate: DELETE FROM USER_JOINING_POOL as JU where JU.USER_USER_ID =?
Hibernate: select user0_.user_id as col_0_0_ from user user0_ where user0_.user_user_id=? limit ?
Hibernate: select user0_.user_id as col_0_0_ from user user0_ where user0_.user_user_id=? limit ?
Hibernate: select U.* from USER U where U.USER_USER_ID =?
Hibernate: select character0_.character_id as characte1_6_0_, character0_.character_character_name as characte2_6_0_ from characters character0_ where character0_.character_id=?
Hibernate: select user0_.user_id as user_id1_20_0_, user0_.character_id as characte7_20_0_, user0_.user_created_at as user_cre2_20_0_, user0_.user_name as user_nam3_20_0_, user0_.user_phone_number as user_pho4_20_0_, user0_.user_user_id as user_use5_20_0_, user0_.user_user_password as user_use6_20_0_ from user user0_ where user0_.user_id=?
Hibernate: select character0_.character_id as characte1_6_0_, character0_.character_character_name as characte2_6_0_ from characters character0_ where character0_.character_id=?
Hibernate: select count(*) as col_0_0_ from user user0_ where user0_.user_id=?
Hibernate: select character1_.character_id as characte1_6_, character1_.character_character_name as characte2_6_ from user user0_ inner join characters character1_ on user0_.character_id=character1_.character_id where user0_.user_id=?
Hibernate: select permission0_.character_id as characte6_11_0_, permission0_.permission_id as permissi1_11_0_, permission0_.permission_id as permissi1_11_1_, permission0_.character_id as characte6_11_1_, permission0_.permission_name as permissi2_11_1_, permission0_.permission_permission_unit_id as permissi3_11_1_, permission0_.permission_service as permissi4_11_1_, permission0_.permission_status as permissi5_11_1_ from permission permission0_ where permission0_.character_id=?
Hibernate: select user0_.user_id as col_0_0_ from user user0_ where user0_.user_user_id=? limit ?
Hibernate: select user0_.user_id as col_0_0_ from user user0_ where user0_.user_user_id=? limit ?
Hibernate: select U.* from USER U where U.USER_USER_ID =?
Hibernate: select character0_.character_id as characte1_6_0_, character0_.character_character_name as characte2_6_0_ from characters character0_ where character0_.character_id=?
Hibernate: select user0_.user_id as user_id1_20_0_, user0_.character_id as characte7_20_0_, user0_.user_created_at as user_cre2_20_0_, user0_.user_name as user_nam3_20_0_, user0_.user_phone_number as user_pho4_20_0_, user0_.user_user_id as user_use5_20_0_, user0_.user_user_password as user_use6_20_0_ from user user0_ where user0_.user_id=?
Hibernate: select character0_.character_id as characte1_6_0_, character0_.character_character_name as characte2_6_0_ from characters character0_ where character0_.character_id=?
Hibernate: select count(*) as col_0_0_ from user user0_ where user0_.user_id=?
Hibernate: select character1_.character_id as characte1_6_, character1_.character_character_name as characte2_6_ from user user0_ inner join characters character1_ on user0_.character_id=character1_.character_id where user0_.user_id=?
Hibernate: select permission0_.character_id as characte6_11_0_, permission0_.permission_id as permissi1_11_0_, permission0_.permission_id as permissi1_11_1_, permission0_.character_id as characte6_11_1_, permission0_.permission_name as permissi2_11_1_, permission0_.permission_permission_unit_id as permissi3_11_1_, permission0_.permission_service as permissi4_11_1_, permission0_.permission_status as permissi5_11_1_ from permission permission0_ where permission0_.character_id=?
Hibernate: select rewardtag0_.reward_tag_reward_tag_id as reward_t1_14_, rewardtag0_.reward_tag_reward_point as reward_t2_14_, rewardtag0_.reward_tag_reward_tag_title as reward_t3_14_ from reward_tag rewardtag0_
Hibernate: select user0_.user_id as col_0_0_ from user user0_ where user0_.user_user_id=? limit ?
Hibernate: select user0_.user_id as col_0_0_ from user user0_ where user0_.user_user_id=? limit ?
Hibernate: select U.* from USER U where U.USER_USER_ID =?
Hibernate: select character0_.character_id as characte1_6_0_, character0_.character_character_name as characte2_6_0_ from characters character0_ where character0_.character_id=?
Hibernate: select user0_.user_id as col_0_0_ from user user0_ where user0_.user_user_id=? limit ?
Hibernate: select user0_.user_id as user_id1_20_, user0_.character_id as characte7_20_, user0_.user_created_at as user_cre2_20_, user0_.user_name as user_nam3_20_, user0_.user_phone_number as user_pho4_20_, user0_.user_user_id as user_use5_20_, user0_.user_user_password as user_use6_20_ from user user0_ inner join characters character1_ on user0_.character_id=character1_.character_id where user0_.user_user_id=?
Hibernate: select character0_.character_id as characte1_6_0_, character0_.character_character_name as characte2_6_0_ from characters character0_ where character0_.character_id=?
Hibernate: select rewardtagw0_.user_id as user_id4_15_0_, rewardtagw0_.reward_tag_wrapper_reward_id as reward_t1_15_0_, rewardtagw0_.reward_tag_wrapper_reward_id as reward_t1_15_1_, rewardtagw0_.reward_tag_wrapper_reward_presented_at as reward_t2_15_1_, rewardtagw0_.reward_tag_reward_tag_id as reward_t3_15_1_, rewardtagw0_.user_id as user_id4_15_1_ from reward_tag_wrapper rewardtagw0_ where rewardtagw0_.user_id=?
Hibernate: select user0_.user_id as user_id1_20_0_, user0_.character_id as characte7_20_0_, user0_.user_created_at as user_cre2_20_0_, user0_.user_name as user_nam3_20_0_, user0_.user_phone_number as user_pho4_20_0_, user0_.user_user_id as user_use5_20_0_, user0_.user_user_password as user_use6_20_0_ from user user0_ where user0_.user_id=?
Hibernate: select character0_.character_id as characte1_6_0_, character0_.character_character_name as characte2_6_0_ from characters character0_ where character0_.character_id=?
Hibernate: select count(*) as col_0_0_ from user user0_ where user0_.user_id=?
Hibernate: select character1_.character_id as characte1_6_, character1_.character_character_name as characte2_6_ from user user0_ inner join characters character1_ on user0_.character_id=character1_.character_id where user0_.user_id=?
Hibernate: select permission0_.character_id as characte6_11_0_, permission0_.permission_id as permissi1_11_0_, permission0_.permission_id as permissi1_11_1_, permission0_.character_id as characte6_11_1_, permission0_.permission_name as permissi2_11_1_, permission0_.permission_permission_unit_id as permissi3_11_1_, permission0_.permission_service as permissi4_11_1_, permission0_.permission_status as permissi5_11_1_ from permission permission0_ where permission0_.character_id=?
Hibernate: select count(*) as col_0_0_ from user user0_ where user0_.user_id=?
Hibernate: select user0_.user_id as user_id1_20_, user0_.character_id as characte7_20_, user0_.user_created_at as user_cre2_20_, user0_.user_name as user_nam3_20_, user0_.user_phone_number as user_pho4_20_, user0_.user_user_id as user_use5_20_, user0_.user_user_password as user_use6_20_ from user user0_ where user0_.user_id=?
Hibernate: select character0_.character_id as characte1_6_0_, character0_.character_character_name as characte2_6_0_ from characters character0_ where character0_.character_id=?
Hibernate: select rewardtagw0_.user_id as user_id4_15_0_, rewardtagw0_.reward_tag_wrapper_reward_id as reward_t1_15_0_, rewardtagw0_.reward_tag_wrapper_reward_id as reward_t1_15_1_, rewardtagw0_.reward_tag_wrapper_reward_presented_at as reward_t2_15_1_, rewardtagw0_.reward_tag_reward_tag_id as reward_t3_15_1_, rewardtagw0_.user_id as user_id4_15_1_ from reward_tag_wrapper rewardtagw0_ where rewardtagw0_.user_id=?
Hibernate: select attendance0_.attendance_user_attendance_user_id as col_0_0_ from attendance_user attendance0_ where attendance0_.user_id=? limit ?
Hibernate: DELETE FROM USER WHERE USER_ID = ?
Hibernate: select user0_.user_id as col_0_0_ from user user0_ where user0_.user_user_id=? limit ?
Hibernate: select user0_.user_id as col_0_0_ from user user0_ where user0_.user_user_id=? limit ?
Hibernate: select user0_.user_id as col_0_0_ from user user0_ where user0_.user_user_id=? limit ?
Hibernate: select U.* from USER U where U.USER_USER_ID =?
Hibernate: select character0_.character_id as characte1_6_0_, character0_.character_character_name as characte2_6_0_ from characters character0_ where character0_.character_id=?
Hibernate: select user0_.user_id as user_id1_20_0_, user0_.character_id as characte7_20_0_, user0_.user_created_at as user_cre2_20_0_, user0_.user_name as user_nam3_20_0_, user0_.user_phone_number as user_pho4_20_0_, user0_.user_user_id as user_use5_20_0_, user0_.user_user_password as user_use6_20_0_ from user user0_ where user0_.user_id=?
Hibernate: select character0_.character_id as characte1_6_0_, character0_.character_character_name as characte2_6_0_ from characters character0_ where character0_.character_id=?
Hibernate: select count(*) as col_0_0_ from user user0_ where user0_.user_id=?
Hibernate: select character1_.character_id as characte1_6_, character1_.character_character_name as characte2_6_ from user user0_ inner join characters character1_ on user0_.character_id=character1_.character_id where user0_.user_id=?
Hibernate: select permission0_.character_id as characte6_11_0_, permission0_.permission_id as permissi1_11_0_, permission0_.permission_id as permissi1_11_1_, permission0_.character_id as characte6_11_1_, permission0_.permission_name as permissi2_11_1_, permission0_.permission_permission_unit_id as permissi3_11_1_, permission0_.permission_service as permissi4_11_1_, permission0_.permission_status as permissi5_11_1_ from permission permission0_ where permission0_.character_id=?
Hibernate: select rewardtag0_.reward_tag_reward_tag_id as reward_t1_14_, rewardtag0_.reward_tag_reward_point as reward_t2_14_, rewardtag0_.reward_tag_reward_tag_title as reward_t3_14_ from reward_tag rewardtag0_
Hibernate: select user0_.user_id as col_0_0_ from user user0_ where user0_.user_user_id=? limit ?
Hibernate: select user0_.user_id as col_0_0_ from user user0_ where user0_.user_user_id=? limit ?
Hibernate: select U.* from USER U where U.USER_USER_ID =?
Hibernate: select character0_.character_id as characte1_6_0_, character0_.character_character_name as characte2_6_0_ from characters character0_ where character0_.character_id=?
Hibernate: select user0_.user_id as col_0_0_ from user user0_ where user0_.user_user_id=? limit ?
Hibernate: select user0_.user_id as col_0_0_ from user user0_ where user0_.user_user_id=? limit ?
Hibernate: select U.* from USER U where U.USER_USER_ID =?
Hibernate: select character0_.character_id as characte1_6_0_, character0_.character_character_name as characte2_6_0_ from characters character0_ where character0_.character_id=?
Hibernate: select user0_.user_id as user_id1_20_0_, user0_.character_id as characte7_20_0_, user0_.user_created_at as user_cre2_20_0_, user0_.user_name as user_nam3_20_0_, user0_.user_phone_number as user_pho4_20_0_, user0_.user_user_id as user_use5_20_0_, user0_.user_user_password as user_use6_20_0_ from user user0_ where user0_.user_id=?
Hibernate: select character0_.character_id as characte1_6_0_, character0_.character_character_name as characte2_6_0_ from characters character0_ where character0_.character_id=?
Hibernate: select count(*) as col_0_0_ from user user0_ where user0_.user_id=?
Hibernate: select character1_.character_id as characte1_6_, character1_.character_character_name as characte2_6_ from user user0_ inner join characters character1_ on user0_.character_id=character1_.character_id where user0_.user_id=?
Hibernate: select permission0_.character_id as characte6_11_0_, permission0_.permission_id as permissi1_11_0_, permission0_.permission_id as permissi1_11_1_, permission0_.character_id as characte6_11_1_, permission0_.permission_name as permissi2_11_1_, permission0_.permission_permission_unit_id as permissi3_11_1_, permission0_.permission_service as permissi4_11_1_, permission0_.permission_status as permissi5_11_1_ from permission permission0_ where permission0_.character_id=?
Hibernate: insert into reward_tag (reward_tag_reward_tag_id, reward_tag_reward_point, reward_tag_reward_tag_title) values (default, ?, ?)
Hibernate: select user0_.user_id as user_id1_20_0_, user0_.character_id as characte7_20_0_, user0_.user_created_at as user_cre2_20_0_, user0_.user_name as user_nam3_20_0_, user0_.user_phone_number as user_pho4_20_0_, user0_.user_user_id as user_use5_20_0_, user0_.user_user_password as user_use6_20_0_ from user user0_ where user0_.user_id=?
Hibernate: select character0_.character_id as characte1_6_0_, character0_.character_character_name as characte2_6_0_ from characters character0_ where character0_.character_id=?
Hibernate: select count(*) as col_0_0_ from user user0_ where user0_.user_id=?
Hibernate: select character1_.character_id as characte1_6_, character1_.character_character_name as characte2_6_ from user user0_ inner join characters character1_ on user0_.character_id=character1_.character_id where user0_.user_id=?
Hibernate: select permission0_.character_id as characte6_11_0_, permission0_.permission_id as permissi1_11_0_, permission0_.permission_id as permissi1_11_1_, permission0_.character_id as characte6_11_1_, permission0_.permission_name as permissi2_11_1_, permission0_.permission_permission_unit_id as permissi3_11_1_, permission0_.permission_service as permissi4_11_1_, permission0_.permission_status as permissi5_11_1_ from permission permission0_ where permission0_.character_id=?
Hibernate: select rewardtag0_.reward_tag_reward_tag_id as reward_t1_14_, rewardtag0_.reward_tag_reward_point as reward_t2_14_, rewardtag0_.reward_tag_reward_tag_title as reward_t3_14_ from reward_tag rewardtag0_
Hibernate: select user0_.user_id as col_0_0_ from user user0_ where user0_.user_user_id=? limit ?
Hibernate: select userjoinin0_.user_joining_pool_id as col_0_0_ from user_joining_pool userjoinin0_ where userjoinin0_.user_user_id=? limit ?
Hibernate: select character0_.character_id as col_0_0_ from characters character0_ where character0_.character_character_name=? limit ?
Hibernate: insert into user_joining_pool (user_joining_pool_id, user_created_at, user_name, user_phone_number, user_user_id, user_user_password) values (default, ?, ?, ?, ?, ?)

MockHttpServletRequest:
      HTTP Method = POST
      Request URI = /user
       Parameters = {}
          Headers = [Content-Type:"application/json;charset=UTF-8", Accept:"application/json", api-version:"1.0", Content-Length:"106"]
             Body = {"name":"hello world","user_id":"hello-world","user_password":"adcgd123!!@@","phone_number":"01012341234"}
    Session Attrs = {}

Handler:
             Type = org.waldreg.controller.joiningpool.JoiningPoolController
           Method = org.waldreg.controller.joiningpool.JoiningPoolController#createUser(UserRequest)

Async:
    Async started = false
     Async result = null

Resolved Exception:
             Type = null

ModelAndView:
        View name = null
             View = null
            Model = null

FlashMap:
       Attributes = null

MockHttpServletResponse:
           Status = 200
    Error message = null
          Headers = [Vary:"Origin", "Access-Control-Request-Method", "Access-Control-Request-Headers", Api-version:"1.0"]
     Content type = null
             Body = 
    Forwarded URL = null
   Redirected URL = null
          Cookies = []
Hibernate: select user0_.user_id as user_id1_20_0_, user0_.character_id as characte7_20_0_, user0_.user_created_at as user_cre2_20_0_, user0_.user_name as user_nam3_20_0_, user0_.user_phone_number as user_pho4_20_0_, user0_.user_user_id as user_use5_20_0_, user0_.user_user_password as user_use6_20_0_ from user user0_ where user0_.user_id=?
Hibernate: select character0_.character_id as characte1_6_0_, character0_.character_character_name as characte2_6_0_ from characters character0_ where character0_.character_id=?
Hibernate: select count(*) as col_0_0_ from user user0_ where user0_.user_id=?
Hibernate: select character1_.character_id as characte1_6_, character1_.character_character_name as characte2_6_ from user user0_ inner join characters character1_ on user0_.character_id=character1_.character_id where user0_.user_id=?
Hibernate: select permission0_.character_id as characte6_11_0_, permission0_.permission_id as permissi1_11_0_, permission0_.permission_id as permissi1_11_1_, permission0_.character_id as characte6_11_1_, permission0_.permission_name as permissi2_11_1_, permission0_.permission_permission_unit_id as permissi3_11_1_, permission0_.permission_service as permissi4_11_1_, permission0_.permission_status as permissi5_11_1_ from permission permission0_ where permission0_.character_id=?
Hibernate: select userjoinin0_.user_joining_pool_id as col_0_0_ from user_joining_pool userjoinin0_ where userjoinin0_.user_user_id=? limit ?
Hibernate: select userjoinin0_.user_joining_pool_id as user_joi1_21_, userjoinin0_.user_created_at as user_cre2_21_, userjoinin0_.user_name as user_nam3_21_, userjoinin0_.user_phone_number as user_pho4_21_, userjoinin0_.user_user_id as user_use5_21_, userjoinin0_.user_user_password as user_use6_21_ from user_joining_pool userjoinin0_ where userjoinin0_.user_user_id=?
Hibernate: select character0_.character_id as characte1_6_, character0_.character_character_name as characte2_6_ from characters character0_ where character0_.character_character_name=?
Hibernate: insert into user (user_id, character_id, user_created_at, user_name, user_phone_number, user_user_id, user_user_password) values (default, ?, ?, ?, ?, ?, ?)
Hibernate: DELETE FROM USER_JOINING_POOL as JU where JU.USER_USER_ID =?
Hibernate: select user0_.user_id as user_id1_20_0_, user0_.character_id as characte7_20_0_, user0_.user_created_at as user_cre2_20_0_, user0_.user_name as user_nam3_20_0_, user0_.user_phone_number as user_pho4_20_0_, user0_.user_user_id as user_use5_20_0_, user0_.user_user_password as user_use6_20_0_ from user user0_ where user0_.user_id=?
Hibernate: select character0_.character_id as characte1_6_0_, character0_.character_character_name as characte2_6_0_ from characters character0_ where character0_.character_id=?
Hibernate: select count(*) as col_0_0_ from user user0_ where user0_.user_id=?
Hibernate: select character1_.character_id as characte1_6_, character1_.character_character_name as characte2_6_ from user user0_ inner join characters character1_ on user0_.character_id=character1_.character_id where user0_.user_id=?
Hibernate: select permission0_.character_id as characte6_11_0_, permission0_.permission_id as permissi1_11_0_, permission0_.permission_id as permissi1_11_1_, permission0_.character_id as characte6_11_1_, permission0_.permission_name as permissi2_11_1_, permission0_.permission_permission_unit_id as permissi3_11_1_, permission0_.permission_service as permissi4_11_1_, permission0_.permission_status as permissi5_11_1_ from permission permission0_ where permission0_.character_id=?
Hibernate: select user0_.user_id as col_0_0_ from user user0_ where user0_.user_user_id=? limit ?
Hibernate: select user0_.user_id as user_id1_20_, user0_.character_id as characte7_20_, user0_.user_created_at as user_cre2_20_, user0_.user_name as user_nam3_20_, user0_.user_phone_number as user_pho4_20_, user0_.user_user_id as user_use5_20_, user0_.user_user_password as user_use6_20_ from user user0_ inner join characters character1_ on user0_.character_id=character1_.character_id where user0_.user_user_id=?
Hibernate: select character0_.character_id as characte1_6_0_, character0_.character_character_name as characte2_6_0_ from characters character0_ where character0_.character_id=?
Hibernate: select rewardtagw0_.user_id as user_id4_15_0_, rewardtagw0_.reward_tag_wrapper_reward_id as reward_t1_15_0_, rewardtagw0_.reward_tag_wrapper_reward_id as reward_t1_15_1_, rewardtagw0_.reward_tag_wrapper_reward_presented_at as reward_t2_15_1_, rewardtagw0_.reward_tag_reward_tag_id as reward_t3_15_1_, rewardtagw0_.user_id as user_id4_15_1_ from reward_tag_wrapper rewardtagw0_ where rewardtagw0_.user_id=?
Hibernate: select user0_.user_id as user_id1_20_0_, user0_.character_id as characte7_20_0_, user0_.user_created_at as user_cre2_20_0_, user0_.user_name as user_nam3_20_0_, user0_.user_phone_number as user_pho4_20_0_, user0_.user_user_id as user_use5_20_0_, user0_.user_user_password as user_use6_20_0_ from user user0_ where user0_.user_id=?
Hibernate: select character0_.character_id as characte1_6_0_, character0_.character_character_name as characte2_6_0_ from characters character0_ where character0_.character_id=?
Hibernate: select count(*) as col_0_0_ from user user0_ where user0_.user_id=?
Hibernate: select character1_.character_id as characte1_6_, character1_.character_character_name as characte2_6_ from user user0_ inner join characters character1_ on user0_.character_id=character1_.character_id where user0_.user_id=?
Hibernate: select permission0_.character_id as characte6_11_0_, permission0_.permission_id as permissi1_11_0_, permission0_.permission_id as permissi1_11_1_, permission0_.character_id as characte6_11_1_, permission0_.permission_name as permissi2_11_1_, permission0_.permission_permission_unit_id as permissi3_11_1_, permission0_.permission_service as permissi4_11_1_, permission0_.permission_status as permissi5_11_1_ from permission permission0_ where permission0_.character_id=?
Hibernate: select count(*) as col_0_0_ from user user0_ where user0_.user_id=?
Hibernate: select count(*) as col_0_0_ from reward_tag rewardtag0_ where rewardtag0_.reward_tag_reward_tag_id=?
Hibernate: select user0_.user_id as user_id1_20_0_, user0_.character_id as characte7_20_0_, user0_.user_created_at as user_cre2_20_0_, user0_.user_name as user_nam3_20_0_, user0_.user_phone_number as user_pho4_20_0_, user0_.user_user_id as user_use5_20_0_, user0_.user_user_password as user_use6_20_0_ from user user0_ where user0_.user_id=?
Hibernate: select character0_.character_id as characte1_6_0_, character0_.character_character_name as characte2_6_0_ from characters character0_ where character0_.character_id=?
Hibernate: select rewardtag0_.reward_tag_reward_tag_id as reward_t1_14_0_, rewardtag0_.reward_tag_reward_point as reward_t2_14_0_, rewardtag0_.reward_tag_reward_tag_title as reward_t3_14_0_ from reward_tag rewardtag0_ where rewardtag0_.reward_tag_reward_tag_id=?
Hibernate: call next value for hibernate_sequence
Hibernate: insert into reward_tag_wrapper (reward_tag_wrapper_reward_presented_at, reward_tag_reward_tag_id, user_id, reward_tag_wrapper_reward_id) values (?, ?, ?, ?)
Hibernate: select user0_.user_id as user_id1_20_0_, user0_.character_id as characte7_20_0_, user0_.user_created_at as user_cre2_20_0_, user0_.user_name as user_nam3_20_0_, user0_.user_phone_number as user_pho4_20_0_, user0_.user_user_id as user_use5_20_0_, user0_.user_user_password as user_use6_20_0_ from user user0_ where user0_.user_id=?
Hibernate: select character0_.character_id as characte1_6_0_, character0_.character_character_name as characte2_6_0_ from characters character0_ where character0_.character_id=?
Hibernate: select count(*) as col_0_0_ from user user0_ where user0_.user_id=?
Hibernate: select character1_.character_id as characte1_6_, character1_.character_character_name as characte2_6_ from user user0_ inner join characters character1_ on user0_.character_id=character1_.character_id where user0_.user_id=?
Hibernate: select permission0_.character_id as characte6_11_0_, permission0_.permission_id as permissi1_11_0_, permission0_.permission_id as permissi1_11_1_, permission0_.character_id as characte6_11_1_, permission0_.permission_name as permissi2_11_1_, permission0_.permission_permission_unit_id as permissi3_11_1_, permission0_.permission_service as permissi4_11_1_, permission0_.permission_status as permissi5_11_1_ from permission permission0_ where permission0_.character_id=?
Hibernate: select count(*) as col_0_0_ from user user0_ where user0_.user_id=?
Hibernate: select user0_.user_id as user_id1_20_0_, user0_.character_id as characte7_20_0_, user0_.user_created_at as user_cre2_20_0_, user0_.user_name as user_nam3_20_0_, user0_.user_phone_number as user_pho4_20_0_, user0_.user_user_id as user_use5_20_0_, user0_.user_user_password as user_use6_20_0_ from user user0_ where user0_.user_id=?
Hibernate: select character0_.character_id as characte1_6_0_, character0_.character_character_name as characte2_6_0_ from characters character0_ where character0_.character_id=?
Hibernate: select rewardtagw0_.user_id as user_id4_15_0_, rewardtagw0_.reward_tag_wrapper_reward_id as reward_t1_15_0_, rewardtagw0_.reward_tag_wrapper_reward_id as reward_t1_15_1_, rewardtagw0_.reward_tag_wrapper_reward_presented_at as reward_t2_15_1_, rewardtagw0_.reward_tag_reward_tag_id as reward_t3_15_1_, rewardtagw0_.user_id as user_id4_15_1_ from reward_tag_wrapper rewardtagw0_ where rewardtagw0_.user_id=?
Hibernate: select rewardtag0_.reward_tag_reward_tag_id as reward_t1_14_0_, rewardtag0_.reward_tag_reward_point as reward_t2_14_0_, rewardtag0_.reward_tag_reward_tag_title as reward_t3_14_0_ from reward_tag rewardtag0_ where rewardtag0_.reward_tag_reward_tag_id=?
Hibernate: select user0_.user_id as user_id1_20_0_, user0_.character_id as characte7_20_0_, user0_.user_created_at as user_cre2_20_0_, user0_.user_name as user_nam3_20_0_, user0_.user_phone_number as user_pho4_20_0_, user0_.user_user_id as user_use5_20_0_, user0_.user_user_password as user_use6_20_0_ from user user0_ where user0_.user_id=?
Hibernate: select character0_.character_id as characte1_6_0_, character0_.character_character_name as characte2_6_0_ from characters character0_ where character0_.character_id=?
Hibernate: select count(*) as col_0_0_ from user user0_ where user0_.user_id=?
Hibernate: select character1_.character_id as characte1_6_, character1_.character_character_name as characte2_6_ from user user0_ inner join characters character1_ on user0_.character_id=character1_.character_id where user0_.user_id=?
Hibernate: select permission0_.character_id as characte6_11_0_, permission0_.permission_id as permissi1_11_0_, permission0_.permission_id as permissi1_11_1_, permission0_.character_id as characte6_11_1_, permission0_.permission_name as permissi2_11_1_, permission0_.permission_permission_unit_id as permissi3_11_1_, permission0_.permission_service as permissi4_11_1_, permission0_.permission_status as permissi5_11_1_ from permission permission0_ where permission0_.character_id=?
Hibernate: select count(*) as col_0_0_ from user user0_ where user0_.user_id=?
Hibernate: select user0_.user_id as user_id1_20_0_, user0_.character_id as characte7_20_0_, user0_.user_created_at as user_cre2_20_0_, user0_.user_name as user_nam3_20_0_, user0_.user_phone_number as user_pho4_20_0_, user0_.user_user_id as user_use5_20_0_, user0_.user_user_password as user_use6_20_0_ from user user0_ where user0_.user_id=?
Hibernate: select character0_.character_id as characte1_6_0_, character0_.character_character_name as characte2_6_0_ from characters character0_ where character0_.character_id=?
Hibernate: select rewardtagw0_.user_id as user_id4_15_0_, rewardtagw0_.reward_tag_wrapper_reward_id as reward_t1_15_0_, rewardtagw0_.reward_tag_wrapper_reward_id as reward_t1_15_1_, rewardtagw0_.reward_tag_wrapper_reward_presented_at as reward_t2_15_1_, rewardtagw0_.reward_tag_reward_tag_id as reward_t3_15_1_, rewardtagw0_.user_id as user_id4_15_1_ from reward_tag_wrapper rewardtagw0_ where rewardtagw0_.user_id=?
Hibernate: select rewardtag0_.reward_tag_reward_tag_id as reward_t1_14_0_, rewardtag0_.reward_tag_reward_point as reward_t2_14_0_, rewardtag0_.reward_tag_reward_tag_title as reward_t3_14_0_ from reward_tag rewardtag0_ where rewardtag0_.reward_tag_reward_tag_id=?
Hibernate: select user0_.user_id as col_0_0_ from user user0_ where user0_.user_user_id=? limit ?
Hibernate: select user0_.user_id as col_0_0_ from user user0_ where user0_.user_user_id=? limit ?
Hibernate: select U.* from USER U where U.USER_USER_ID =?
Hibernate: select character0_.character_id as characte1_6_0_, character0_.character_character_name as characte2_6_0_ from characters character0_ where character0_.character_id=?
Hibernate: select user0_.user_id as user_id1_20_0_, user0_.character_id as characte7_20_0_, user0_.user_created_at as user_cre2_20_0_, user0_.user_name as user_nam3_20_0_, user0_.user_phone_number as user_pho4_20_0_, user0_.user_user_id as user_use5_20_0_, user0_.user_user_password as user_use6_20_0_ from user user0_ where user0_.user_id=?
Hibernate: select character0_.character_id as characte1_6_0_, character0_.character_character_name as characte2_6_0_ from characters character0_ where character0_.character_id=?
Hibernate: select count(*) as col_0_0_ from user user0_ where user0_.user_id=?
Hibernate: select character1_.character_id as characte1_6_, character1_.character_character_name as characte2_6_ from user user0_ inner join characters character1_ on user0_.character_id=character1_.character_id where user0_.user_id=?
Hibernate: select permission0_.character_id as characte6_11_0_, permission0_.permission_id as permissi1_11_0_, permission0_.permission_id as permissi1_11_1_, permission0_.character_id as characte6_11_1_, permission0_.permission_name as permissi2_11_1_, permission0_.permission_permission_unit_id as permissi3_11_1_, permission0_.permission_service as permissi4_11_1_, permission0_.permission_status as permissi5_11_1_ from permission permission0_ where permission0_.character_id=?
Hibernate: select rewardtag0_.reward_tag_reward_tag_id as reward_t1_14_, rewardtag0_.reward_tag_reward_point as reward_t2_14_, rewardtag0_.reward_tag_reward_tag_title as reward_t3_14_ from reward_tag rewardtag0_
Hibernate: select user0_.user_id as user_id1_20_0_, user0_.character_id as characte7_20_0_, user0_.user_created_at as user_cre2_20_0_, user0_.user_name as user_nam3_20_0_, user0_.user_phone_number as user_pho4_20_0_, user0_.user_user_id as user_use5_20_0_, user0_.user_user_password as user_use6_20_0_ from user user0_ where user0_.user_id=?
Hibernate: select character0_.character_id as characte1_6_0_, character0_.character_character_name as characte2_6_0_ from characters character0_ where character0_.character_id=?
Hibernate: select count(*) as col_0_0_ from user user0_ where user0_.user_id=?
Hibernate: select character1_.character_id as characte1_6_, character1_.character_character_name as characte2_6_ from user user0_ inner join characters character1_ on user0_.character_id=character1_.character_id where user0_.user_id=?
Hibernate: select permission0_.character_id as characte6_11_0_, permission0_.permission_id as permissi1_11_0_, permission0_.permission_id as permissi1_11_1_, permission0_.character_id as characte6_11_1_, permission0_.permission_name as permissi2_11_1_, permission0_.permission_permission_unit_id as permissi3_11_1_, permission0_.permission_service as permissi4_11_1_, permission0_.permission_status as permissi5_11_1_ from permission permission0_ where permission0_.character_id=?
Hibernate: select count(*) as col_0_0_ from reward_tag rewardtag0_ where rewardtag0_.reward_tag_reward_tag_id=?
Hibernate: DELETE FROM REWARD_TAG_WRAPPER AS RTW WHERE RTW.REWARD_TAG_REWARD_TAG_ID = ?
Hibernate: select rewardtag0_.reward_tag_reward_tag_id as reward_t1_14_0_, rewardtag0_.reward_tag_reward_point as reward_t2_14_0_, rewardtag0_.reward_tag_reward_tag_title as reward_t3_14_0_ from reward_tag rewardtag0_ where rewardtag0_.reward_tag_reward_tag_id=?
Hibernate: select attendance0_.attendance_type_reward_id as attendan1_2_, attendance0_.attendance_type_name as attendan2_2_, attendance0_.reward_tag_reward_tag_id as reward_t3_2_ from attendance_type_reward attendance0_ where attendance0_.reward_tag_reward_tag_id=?
Hibernate: delete from reward_tag where reward_tag_reward_tag_id=?
Hibernate: select user0_.user_id as user_id1_20_0_, user0_.character_id as characte7_20_0_, user0_.user_created_at as user_cre2_20_0_, user0_.user_name as user_nam3_20_0_, user0_.user_phone_number as user_pho4_20_0_, user0_.user_user_id as user_use5_20_0_, user0_.user_user_password as user_use6_20_0_ from user user0_ where user0_.user_id=?
Hibernate: select character0_.character_id as characte1_6_0_, character0_.character_character_name as characte2_6_0_ from characters character0_ where character0_.character_id=?
Hibernate: select count(*) as col_0_0_ from user user0_ where user0_.user_id=?
Hibernate: select character1_.character_id as characte1_6_, character1_.character_character_name as characte2_6_ from user user0_ inner join characters character1_ on user0_.character_id=character1_.character_id where user0_.user_id=?
Hibernate: select permission0_.character_id as characte6_11_0_, permission0_.permission_id as permissi1_11_0_, permission0_.permission_id as permissi1_11_1_, permission0_.character_id as characte6_11_1_, permission0_.permission_name as permissi2_11_1_, permission0_.permission_permission_unit_id as permissi3_11_1_, permission0_.permission_service as permissi4_11_1_, permission0_.permission_status as permissi5_11_1_ from permission permission0_ where permission0_.character_id=?
Hibernate: select count(*) as col_0_0_ from reward_tag rewardtag0_ where rewardtag0_.reward_tag_reward_tag_id=?
Hibernate: select user0_.user_id as col_0_0_ from user user0_ where user0_.user_user_id=? limit ?
Hibernate: select user0_.user_id as col_0_0_ from user user0_ where user0_.user_user_id=? limit ?
Hibernate: select U.* from USER U where U.USER_USER_ID =?
Hibernate: select character0_.character_id as characte1_6_0_, character0_.character_character_name as characte2_6_0_ from characters character0_ where character0_.character_id=?
Hibernate: select user0_.user_id as col_0_0_ from user user0_ where user0_.user_user_id=? limit ?
Hibernate: select user0_.user_id as user_id1_20_, user0_.character_id as characte7_20_, user0_.user_created_at as user_cre2_20_, user0_.user_name as user_nam3_20_, user0_.user_phone_number as user_pho4_20_, user0_.user_user_id as user_use5_20_, user0_.user_user_password as user_use6_20_ from user user0_ inner join characters character1_ on user0_.character_id=character1_.character_id where user0_.user_user_id=?
Hibernate: select character0_.character_id as characte1_6_0_, character0_.character_character_name as characte2_6_0_ from characters character0_ where character0_.character_id=?
Hibernate: select rewardtagw0_.user_id as user_id4_15_0_, rewardtagw0_.reward_tag_wrapper_reward_id as reward_t1_15_0_, rewardtagw0_.reward_tag_wrapper_reward_id as reward_t1_15_1_, rewardtagw0_.reward_tag_wrapper_reward_presented_at as reward_t2_15_1_, rewardtagw0_.reward_tag_reward_tag_id as reward_t3_15_1_, rewardtagw0_.user_id as user_id4_15_1_ from reward_tag_wrapper rewardtagw0_ where rewardtagw0_.user_id=?
Hibernate: select user0_.user_id as user_id1_20_0_, user0_.character_id as characte7_20_0_, user0_.user_created_at as user_cre2_20_0_, user0_.user_name as user_nam3_20_0_, user0_.user_phone_number as user_pho4_20_0_, user0_.user_user_id as user_use5_20_0_, user0_.user_user_password as user_use6_20_0_ from user user0_ where user0_.user_id=?
Hibernate: select character0_.character_id as characte1_6_0_, character0_.character_character_name as characte2_6_0_ from characters character0_ where character0_.character_id=?
Hibernate: select count(*) as col_0_0_ from user user0_ where user0_.user_id=?
Hibernate: select character1_.character_id as characte1_6_, character1_.character_character_name as characte2_6_ from user user0_ inner join characters character1_ on user0_.character_id=character1_.character_id where user0_.user_id=?
Hibernate: select permission0_.character_id as characte6_11_0_, permission0_.permission_id as permissi1_11_0_, permission0_.permission_id as permissi1_11_1_, permission0_.character_id as characte6_11_1_, permission0_.permission_name as permissi2_11_1_, permission0_.permission_permission_unit_id as permissi3_11_1_, permission0_.permission_service as permissi4_11_1_, permission0_.permission_status as permissi5_11_1_ from permission permission0_ where permission0_.character_id=?
Hibernate: select count(*) as col_0_0_ from user user0_ where user0_.user_id=?
Hibernate: select user0_.user_id as user_id1_20_, user0_.character_id as characte7_20_, user0_.user_created_at as user_cre2_20_, user0_.user_name as user_nam3_20_, user0_.user_phone_number as user_pho4_20_, user0_.user_user_id as user_use5_20_, user0_.user_user_password as user_use6_20_ from user user0_ where user0_.user_id=?
Hibernate: select character0_.character_id as characte1_6_0_, character0_.character_character_name as characte2_6_0_ from characters character0_ where character0_.character_id=?
Hibernate: select rewardtagw0_.user_id as user_id4_15_0_, rewardtagw0_.reward_tag_wrapper_reward_id as reward_t1_15_0_, rewardtagw0_.reward_tag_wrapper_reward_id as reward_t1_15_1_, rewardtagw0_.reward_tag_wrapper_reward_presented_at as reward_t2_15_1_, rewardtagw0_.reward_tag_reward_tag_id as reward_t3_15_1_, rewardtagw0_.user_id as user_id4_15_1_ from reward_tag_wrapper rewardtagw0_ where rewardtagw0_.user_id=?
Hibernate: select attendance0_.attendance_user_attendance_user_id as col_0_0_ from attendance_user attendance0_ where attendance0_.user_id=? limit ?
Hibernate: DELETE FROM USER WHERE USER_ID = ?
Hibernate: select user0_.user_id as col_0_0_ from user user0_ where user0_.user_user_id=? limit ?
Hibernate: select user0_.user_id as col_0_0_ from user user0_ where user0_.user_user_id=? limit ?
Hibernate: select user0_.user_id as col_0_0_ from user user0_ where user0_.user_user_id=? limit ?
Hibernate: select U.* from USER U where U.USER_USER_ID =?
Hibernate: select character0_.character_id as characte1_6_0_, character0_.character_character_name as characte2_6_0_ from characters character0_ where character0_.character_id=?
Hibernate: select user0_.user_id as user_id1_20_0_, user0_.character_id as characte7_20_0_, user0_.user_created_at as user_cre2_20_0_, user0_.user_name as user_nam3_20_0_, user0_.user_phone_number as user_pho4_20_0_, user0_.user_user_id as user_use5_20_0_, user0_.user_user_password as user_use6_20_0_ from user user0_ where user0_.user_id=?
Hibernate: select character0_.character_id as characte1_6_0_, character0_.character_character_name as characte2_6_0_ from characters character0_ where character0_.character_id=?
Hibernate: select count(*) as col_0_0_ from user user0_ where user0_.user_id=?
Hibernate: select character1_.character_id as characte1_6_, character1_.character_character_name as characte2_6_ from user user0_ inner join characters character1_ on user0_.character_id=character1_.character_id where user0_.user_id=?
Hibernate: select permission0_.character_id as characte6_11_0_, permission0_.permission_id as permissi1_11_0_, permission0_.permission_id as permissi1_11_1_, permission0_.character_id as characte6_11_1_, permission0_.permission_name as permissi2_11_1_, permission0_.permission_permission_unit_id as permissi3_11_1_, permission0_.permission_service as permissi4_11_1_, permission0_.permission_status as permissi5_11_1_ from permission permission0_ where permission0_.character_id=?
Hibernate: select rewardtag0_.reward_tag_reward_tag_id as reward_t1_14_, rewardtag0_.reward_tag_reward_point as reward_t2_14_, rewardtag0_.reward_tag_reward_tag_title as reward_t3_14_ from reward_tag rewardtag0_
Hibernate: select user0_.user_id as col_0_0_ from user user0_ where user0_.user_user_id=? limit ?
Hibernate: select user0_.user_id as col_0_0_ from user user0_ where user0_.user_user_id=? limit ?
Hibernate: select U.* from USER U where U.USER_USER_ID =?
Hibernate: select character0_.character_id as characte1_6_0_, character0_.character_character_name as characte2_6_0_ from characters character0_ where character0_.character_id=?
Hibernate: select user0_.user_id as col_0_0_ from user user0_ where user0_.user_user_id=? limit ?
Hibernate: select user0_.user_id as col_0_0_ from user user0_ where user0_.user_user_id=? limit ?
Hibernate: select U.* from USER U where U.USER_USER_ID =?
Hibernate: select character0_.character_id as characte1_6_0_, character0_.character_character_name as characte2_6_0_ from characters character0_ where character0_.character_id=?
Hibernate: select user0_.user_id as user_id1_20_0_, user0_.character_id as characte7_20_0_, user0_.user_created_at as user_cre2_20_0_, user0_.user_name as user_nam3_20_0_, user0_.user_phone_number as user_pho4_20_0_, user0_.user_user_id as user_use5_20_0_, user0_.user_user_password as user_use6_20_0_ from user user0_ where user0_.user_id=?
Hibernate: select character0_.character_id as characte1_6_0_, character0_.character_character_name as characte2_6_0_ from characters character0_ where character0_.character_id=?
Hibernate: select count(*) as col_0_0_ from user user0_ where user0_.user_id=?
Hibernate: select character1_.character_id as characte1_6_, character1_.character_character_name as characte2_6_ from user user0_ inner join characters character1_ on user0_.character_id=character1_.character_id where user0_.user_id=?
Hibernate: select permission0_.character_id as characte6_11_0_, permission0_.permission_id as permissi1_11_0_, permission0_.permission_id as permissi1_11_1_, permission0_.character_id as characte6_11_1_, permission0_.permission_name as permissi2_11_1_, permission0_.permission_permission_unit_id as permissi3_11_1_, permission0_.permission_service as permissi4_11_1_, permission0_.permission_status as permissi5_11_1_ from permission permission0_ where permission0_.character_id=?
Hibernate: insert into reward_tag (reward_tag_reward_tag_id, reward_tag_reward_point, reward_tag_reward_tag_title) values (default, ?, ?)
Hibernate: select user0_.user_id as user_id1_20_0_, user0_.character_id as characte7_20_0_, user0_.user_created_at as user_cre2_20_0_, user0_.user_name as user_nam3_20_0_, user0_.user_phone_number as user_pho4_20_0_, user0_.user_user_id as user_use5_20_0_, user0_.user_user_password as user_use6_20_0_ from user user0_ where user0_.user_id=?
Hibernate: select character0_.character_id as characte1_6_0_, character0_.character_character_name as characte2_6_0_ from characters character0_ where character0_.character_id=?
Hibernate: select count(*) as col_0_0_ from user user0_ where user0_.user_id=?
Hibernate: select character1_.character_id as characte1_6_, character1_.character_character_name as characte2_6_ from user user0_ inner join characters character1_ on user0_.character_id=character1_.character_id where user0_.user_id=?
Hibernate: select permission0_.character_id as characte6_11_0_, permission0_.permission_id as permissi1_11_0_, permission0_.permission_id as permissi1_11_1_, permission0_.character_id as characte6_11_1_, permission0_.permission_name as permissi2_11_1_, permission0_.permission_permission_unit_id as permissi3_11_1_, permission0_.permission_service as permissi4_11_1_, permission0_.permission_status as permissi5_11_1_ from permission permission0_ where permission0_.character_id=?
Hibernate: select rewardtag0_.reward_tag_reward_tag_id as reward_t1_14_, rewardtag0_.reward_tag_reward_point as reward_t2_14_, rewardtag0_.reward_tag_reward_tag_title as reward_t3_14_ from reward_tag rewardtag0_
Hibernate: select user0_.user_id as user_id1_20_0_, user0_.character_id as characte7_20_0_, user0_.user_created_at as user_cre2_20_0_, user0_.user_name as user_nam3_20_0_, user0_.user_phone_number as user_pho4_20_0_, user0_.user_user_id as user_use5_20_0_, user0_.user_user_password as user_use6_20_0_ from user user0_ where user0_.user_id=?
Hibernate: select character0_.character_id as characte1_6_0_, character0_.character_character_name as characte2_6_0_ from characters character0_ where character0_.character_id=?
Hibernate: select count(*) as col_0_0_ from user user0_ where user0_.user_id=?
Hibernate: select character1_.character_id as characte1_6_, character1_.character_character_name as characte2_6_ from user user0_ inner join characters character1_ on user0_.character_id=character1_.character_id where user0_.user_id=?
Hibernate: select permission0_.character_id as characte6_11_0_, permission0_.permission_id as permissi1_11_0_, permission0_.permission_id as permissi1_11_1_, permission0_.character_id as characte6_11_1_, permission0_.permission_name as permissi2_11_1_, permission0_.permission_permission_unit_id as permissi3_11_1_, permission0_.permission_service as permissi4_11_1_, permission0_.permission_status as permissi5_11_1_ from permission permission0_ where permission0_.character_id=?
Hibernate: select count(*) as col_0_0_ from reward_tag rewardtag0_ where rewardtag0_.reward_tag_reward_tag_id=?
Hibernate: select rewardtag0_.reward_tag_reward_tag_id as reward_t1_14_0_, rewardtag0_.reward_tag_reward_point as reward_t2_14_0_, rewardtag0_.reward_tag_reward_tag_title as reward_t3_14_0_ from reward_tag rewardtag0_ where rewardtag0_.reward_tag_reward_tag_id=?
Hibernate: update reward_tag set reward_tag_reward_point=?, reward_tag_reward_tag_title=? where reward_tag_reward_tag_id=?
Hibernate: select user0_.user_id as user_id1_20_0_, user0_.character_id as characte7_20_0_, user0_.user_created_at as user_cre2_20_0_, user0_.user_name as user_nam3_20_0_, user0_.user_phone_number as user_pho4_20_0_, user0_.user_user_id as user_use5_20_0_, user0_.user_user_password as user_use6_20_0_ from user user0_ where user0_.user_id=?
Hibernate: select character0_.character_id as characte1_6_0_, character0_.character_character_name as characte2_6_0_ from characters character0_ where character0_.character_id=?
Hibernate: select count(*) as col_0_0_ from user user0_ where user0_.user_id=?
Hibernate: select character1_.character_id as characte1_6_, character1_.character_character_name as characte2_6_ from user user0_ inner join characters character1_ on user0_.character_id=character1_.character_id where user0_.user_id=?
Hibernate: select permission0_.character_id as characte6_11_0_, permission0_.permission_id as permissi1_11_0_, permission0_.permission_id as permissi1_11_1_, permission0_.character_id as characte6_11_1_, permission0_.permission_name as permissi2_11_1_, permission0_.permission_permission_unit_id as permissi3_11_1_, permission0_.permission_service as permissi4_11_1_, permission0_.permission_status as permissi5_11_1_ from permission permission0_ where permission0_.character_id=?
Hibernate: select rewardtag0_.reward_tag_reward_tag_id as reward_t1_14_, rewardtag0_.reward_tag_reward_point as reward_t2_14_, rewardtag0_.reward_tag_reward_tag_title as reward_t3_14_ from reward_tag rewardtag0_
Hibernate: select user0_.user_id as col_0_0_ from user user0_ where user0_.user_user_id=? limit ?
Hibernate: select user0_.user_id as col_0_0_ from user user0_ where user0_.user_user_id=? limit ?
Hibernate: select U.* from USER U where U.USER_USER_ID =?
Hibernate: select character0_.character_id as characte1_6_0_, character0_.character_character_name as characte2_6_0_ from characters character0_ where character0_.character_id=?
Hibernate: select user0_.user_id as user_id1_20_0_, user0_.character_id as characte7_20_0_, user0_.user_created_at as user_cre2_20_0_, user0_.user_name as user_nam3_20_0_, user0_.user_phone_number as user_pho4_20_0_, user0_.user_user_id as user_use5_20_0_, user0_.user_user_password as user_use6_20_0_ from user user0_ where user0_.user_id=?
Hibernate: select character0_.character_id as characte1_6_0_, character0_.character_character_name as characte2_6_0_ from characters character0_ where character0_.character_id=?
Hibernate: select count(*) as col_0_0_ from user user0_ where user0_.user_id=?
Hibernate: select character1_.character_id as characte1_6_, character1_.character_character_name as characte2_6_ from user user0_ inner join characters character1_ on user0_.character_id=character1_.character_id where user0_.user_id=?
Hibernate: select permission0_.character_id as characte6_11_0_, permission0_.permission_id as permissi1_11_0_, permission0_.permission_id as permissi1_11_1_, permission0_.character_id as characte6_11_1_, permission0_.permission_name as permissi2_11_1_, permission0_.permission_permission_unit_id as permissi3_11_1_, permission0_.permission_service as permissi4_11_1_, permission0_.permission_status as permissi5_11_1_ from permission permission0_ where permission0_.character_id=?
Hibernate: select rewardtag0_.reward_tag_reward_tag_id as reward_t1_14_, rewardtag0_.reward_tag_reward_point as reward_t2_14_, rewardtag0_.reward_tag_reward_tag_title as reward_t3_14_ from reward_tag rewardtag0_
Hibernate: select user0_.user_id as user_id1_20_0_, user0_.character_id as characte7_20_0_, user0_.user_created_at as user_cre2_20_0_, user0_.user_name as user_nam3_20_0_, user0_.user_phone_number as user_pho4_20_0_, user0_.user_user_id as user_use5_20_0_, user0_.user_user_password as user_use6_20_0_ from user user0_ where user0_.user_id=?
Hibernate: select character0_.character_id as characte1_6_0_, character0_.character_character_name as characte2_6_0_ from characters character0_ where character0_.character_id=?
Hibernate: select count(*) as col_0_0_ from user user0_ where user0_.user_id=?
Hibernate: select character1_.character_id as characte1_6_, character1_.character_character_name as characte2_6_ from user user0_ inner join characters character1_ on user0_.character_id=character1_.character_id where user0_.user_id=?
Hibernate: select permission0_.character_id as characte6_11_0_, permission0_.permission_id as permissi1_11_0_, permission0_.permission_id as permissi1_11_1_, permission0_.character_id as characte6_11_1_, permission0_.permission_name as permissi2_11_1_, permission0_.permission_permission_unit_id as permissi3_11_1_, permission0_.permission_service as permissi4_11_1_, permission0_.permission_status as permissi5_11_1_ from permission permission0_ where permission0_.character_id=?
Hibernate: select count(*) as col_0_0_ from reward_tag rewardtag0_ where rewardtag0_.reward_tag_reward_tag_id=?
Hibernate: DELETE FROM REWARD_TAG_WRAPPER AS RTW WHERE RTW.REWARD_TAG_REWARD_TAG_ID = ?
Hibernate: select rewardtag0_.reward_tag_reward_tag_id as reward_t1_14_0_, rewardtag0_.reward_tag_reward_point as reward_t2_14_0_, rewardtag0_.reward_tag_reward_tag_title as reward_t3_14_0_ from reward_tag rewardtag0_ where rewardtag0_.reward_tag_reward_tag_id=?
Hibernate: select attendance0_.attendance_type_reward_id as attendan1_2_, attendance0_.attendance_type_name as attendan2_2_, attendance0_.reward_tag_reward_tag_id as reward_t3_2_ from attendance_type_reward attendance0_ where attendance0_.reward_tag_reward_tag_id=?
Hibernate: delete from reward_tag where reward_tag_reward_tag_id=?
Hibernate: select user0_.user_id as user_id1_20_0_, user0_.character_id as characte7_20_0_, user0_.user_created_at as user_cre2_20_0_, user0_.user_name as user_nam3_20_0_, user0_.user_phone_number as user_pho4_20_0_, user0_.user_user_id as user_use5_20_0_, user0_.user_user_password as user_use6_20_0_ from user user0_ where user0_.user_id=?
Hibernate: select character0_.character_id as characte1_6_0_, character0_.character_character_name as characte2_6_0_ from characters character0_ where character0_.character_id=?
Hibernate: select count(*) as col_0_0_ from user user0_ where user0_.user_id=?
Hibernate: select character1_.character_id as characte1_6_, character1_.character_character_name as characte2_6_ from user user0_ inner join characters character1_ on user0_.character_id=character1_.character_id where user0_.user_id=?
Hibernate: select permission0_.character_id as characte6_11_0_, permission0_.permission_id as permissi1_11_0_, permission0_.permission_id as permissi1_11_1_, permission0_.character_id as characte6_11_1_, permission0_.permission_name as permissi2_11_1_, permission0_.permission_permission_unit_id as permissi3_11_1_, permission0_.permission_service as permissi4_11_1_, permission0_.permission_status as permissi5_11_1_ from permission permission0_ where permission0_.character_id=?
Hibernate: select count(*) as col_0_0_ from reward_tag rewardtag0_ where rewardtag0_.reward_tag_reward_tag_id=?
Hibernate: select user0_.user_id as col_0_0_ from user user0_ where user0_.user_user_id=? limit ?
Hibernate: select user0_.user_id as col_0_0_ from user user0_ where user0_.user_user_id=? limit ?
Hibernate: select U.* from USER U where U.USER_USER_ID =?
Hibernate: select character0_.character_id as characte1_6_0_, character0_.character_character_name as characte2_6_0_ from characters character0_ where character0_.character_id=?
]]></system-out>
  <system-err><![CDATA[]]></system-err>
</testsuite>
